<?xml version="1.0" encoding="UTF-8"?>
<testsuite name="de.uka.ilkd.key.proof.runallproofs.RunAllProofsFunctional" tests="34" skipped="0" failures="0" errors="0" timestamp="2023-06-15T13:19:32" hostname="fv-az444-562" time="5101.425">
  <properties/>
  <testcase name="newBook" classname="de.uka.ilkd.key.proof.runallproofs.RunAllProofsFunctional" time="57.406"/>
  <testcase name="oldBook" classname="de.uka.ilkd.key.proof.runallproofs.RunAllProofsFunctional" time="16.463"/>
  <testcase name="comprehensions" classname="de.uka.ilkd.key.proof.runallproofs.RunAllProofsFunctional" time="65.483"/>
  <testcase name="performance" classname="de.uka.ilkd.key.proof.runallproofs.RunAllProofsFunctional" time="214.677"/>
  <testcase name="performancePOConstruction" classname="de.uka.ilkd.key.proof.runallproofs.RunAllProofsFunctional" time="69.049"/>
  <testcase name="applicationRestrictions" classname="de.uka.ilkd.key.proof.runallproofs.RunAllProofsFunctional" time="47.561"/>
  <testcase name="blockContracts" classname="de.uka.ilkd.key.proof.runallproofs.RunAllProofsFunctional" time="131.406"/>
  <testcase name="jmlAsserts" classname="de.uka.ilkd.key.proof.runallproofs.RunAllProofsFunctional" time="90.171"/>
  <testcase name="javaCard" classname="de.uka.ilkd.key.proof.runallproofs.RunAllProofsFunctional" time="124.37"/>
  <testcase name="list" classname="de.uka.ilkd.key.proof.runallproofs.RunAllProofsFunctional" time="254.595"/>
  <testcase name="list_ghost" classname="de.uka.ilkd.key.proof.runallproofs.RunAllProofsFunctional" time="64.627"/>
  <testcase name="list_recursive" classname="de.uka.ilkd.key.proof.runallproofs.RunAllProofsFunctional" time="22.158"/>
  <testcase name="list_seq" classname="de.uka.ilkd.key.proof.runallproofs.RunAllProofsFunctional" time="154.848"/>
  <testcase name="observer" classname="de.uka.ilkd.key.proof.runallproofs.RunAllProofsFunctional" time="95.036"/>
  <testcase name="removeDups" classname="de.uka.ilkd.key.proof.runallproofs.RunAllProofsFunctional" time="132.675"/>
  <testcase name="quicksort" classname="de.uka.ilkd.key.proof.runallproofs.RunAllProofsFunctional" time="106.633"/>
  <testcase name="simpleTests" classname="de.uka.ilkd.key.proof.runallproofs.RunAllProofsFunctional" time="156.819"/>
  <testcase name="SmansEtAl" classname="de.uka.ilkd.key.proof.runallproofs.RunAllProofsFunctional" time="186.497"/>
  <testcase name="VACID0" classname="de.uka.ilkd.key.proof.runallproofs.RunAllProofsFunctional" time="75.073"/>
  <testcase name="VSTTE10" classname="de.uka.ilkd.key.proof.runallproofs.RunAllProofsFunctional" time="176.293"/>
  <testcase name="WeideEtAl" classname="de.uka.ilkd.key.proof.runallproofs.RunAllProofsFunctional" time="27.566"/>
  <testcase name="arithmetic" classname="de.uka.ilkd.key.proof.runallproofs.RunAllProofsFunctional" time="481.147"/>
  <testcase name="arrays" classname="de.uka.ilkd.key.proof.runallproofs.RunAllProofsFunctional" time="56.165"/>
  <testcase name="javadl" classname="de.uka.ilkd.key.proof.runallproofs.RunAllProofsFunctional" time="601.75"/>
  <testcase name="FOL" classname="de.uka.ilkd.key.proof.runallproofs.RunAllProofsFunctional" time="264.918"/>
  <testcase name="strings" classname="de.uka.ilkd.key.proof.runallproofs.RunAllProofsFunctional" time="140.065"/>
  <testcase name="simple_info_flow" classname="de.uka.ilkd.key.proof.runallproofs.RunAllProofsFunctional" time="12.852"/>
  <testcase name="modelMethods" classname="de.uka.ilkd.key.proof.runallproofs.RunAllProofsFunctional" time="174.843"/>
  <testcase name="permissionHeap" classname="de.uka.ilkd.key.proof.runallproofs.RunAllProofsFunctional" time="813.24"/>
  <testcase name="completionScopes" classname="de.uka.ilkd.key.proof.runallproofs.RunAllProofsFunctional" time="49.366"/>
  <testcase name="reload_examples" classname="de.uka.ilkd.key.proof.runallproofs.RunAllProofsFunctional" time="39.704"/>
  <testcase name="proofLoadRepair" classname="de.uka.ilkd.key.proof.runallproofs.RunAllProofsFunctional" time="18.229"/>
  <testcase name="switch" classname="de.uka.ilkd.key.proof.runallproofs.RunAllProofsFunctional" time="59.369"/>
  <testcase name="redux" classname="de.uka.ilkd.key.proof.runallproofs.RunAllProofsFunctional" time="120.363"/>
  <system-out><![CDATA[531        INFO  Test worker     d.u.i.k.p.r.p.StatisticsFile Running test newBook 
355        INFO  Timeout watchdog d.u.i.k.p.r.p.ForkedTestFileRunner Timeout watcher launched (2000 secs.) 
367        WARN  main            d.u.i.k.s.ProofSettings   No proof-settings could be loaded, using defaults java.io.FileNotFoundException: /home/runner/.key/proof-settings.props (No such file or directory)
	at java.base/java.io.FileInputStream.open0(Native Method)

399        INFO  main            d.u.i.k.p.r.p.TestFile    Now processing file /home/runner/work/key/key/key.core/../key.ui/examples/newBook/09.list_modelfield/ArrayList.add.key 
544        INFO  main            d.u.i.k.p.i.AbstractProblemLoader Loading environment from /home/runner/work/key/key/key.core/../key.ui/examples/newBook/09.list_modelfield/ArrayList.add.key 
562        DEBUG main            d.u.i.k.p.i.AbstractProblemLoader Environment load took 2.62ms 
789        INFO  main            d.u.i.k.p.i.AbstractProblemLoader Creating init config 
1796       DEBUG main            d.u.i.k.j.TypeConverter   No LDT found for Meta 
1798       DEBUG main            d.u.i.k.j.TypeConverter   No LDT found for Meta 
1801       DEBUG main            d.u.i.k.j.TypeConverter   No LDT found for Meta 
1802       DEBUG main            d.u.i.k.j.TypeConverter   No LDT found for Meta 
3069       DEBUG main            d.u.i.k.j.TypeConverter   No LDT found for JavaBigintExpression 
7949       DEBUG main            d.u.i.k.p.i.AbstractProblemLoader Init config took 7.16s 
8089       INFO  main            d.u.i.k.p.i.AbstractProblemLoader Replaying proof ArrayList[List::add(int)].JML normal_behavior operation contract.0 
8119       DEBUG main            d.u.i.k.p.i.IntermediateProofReplayer Proof replay took 34ns 
25590      INFO  main            d.u.i.k.p.r.p.TestFile    ... finished proof: closed. 
25852      INFO  main            d.u.i.k.p.i.AbstractProblemLoader Loading environment from /home/runner/work/key/key/key.core/../key.ui/examples/newBook/09.list_modelfield/ArrayList.add.key.proof 
25852      DEBUG main            d.u.i.k.p.i.AbstractProblemLoader Environment load took 199.7ns 
25857      INFO  main            d.u.i.k.p.i.AbstractProblemLoader Creating init config 
28539      DEBUG main            d.u.i.k.p.i.AbstractProblemLoader Init config took 2.68s 
28618      INFO  main            d.u.i.k.p.i.AbstractProblemLoader Replaying proof ArrayList[List::add(int)].JML normal_behavior operation contract.0 
29453      DEBUG main            d.u.i.k.p.i.IntermediateProofReplayer Proof replay took 756.98ms 
29464      DEBUG main            d.u.i.k.p.r.p.TestFile    ... success: reloaded. 
29467      INFO  main            d.u.i.k.p.r.p.TestFile    Now processing file /home/runner/work/key/key/key.core/../key.ui/examples/newBook/09.list_modelfield/ArrayList.remFirst.key 
29468      INFO  main            d.u.i.k.p.i.AbstractProblemLoader Loading environment from /home/runner/work/key/key/key.core/../key.ui/examples/newBook/09.list_modelfield/ArrayList.remFirst.key 
29468      DEBUG main            d.u.i.k.p.i.AbstractProblemLoader Environment load took 631.8ns 
29472      INFO  main            d.u.i.k.p.i.AbstractProblemLoader Creating init config 
32088      DEBUG main            d.u.i.k.p.i.AbstractProblemLoader Init config took 2.62s 
32152      INFO  main            d.u.i.k.p.i.AbstractProblemLoader Replaying proof ArrayList[List::remFirst()].JML normal_behavior operation contract.0 
32157      DEBUG main            d.u.i.k.p.i.IntermediateProofReplayer Proof replay took 14.6ns 
36072      INFO  main            d.u.i.k.p.r.p.TestFile    ... finished proof: closed. 
36256      INFO  main            d.u.i.k.p.i.AbstractProblemLoader Loading environment from /home/runner/work/key/key/key.core/../key.ui/examples/newBook/09.list_modelfield/ArrayList.remFirst.key.proof 
36256      DEBUG main            d.u.i.k.p.i.AbstractProblemLoader Environment load took 143.6ns 
36258      INFO  main            d.u.i.k.p.i.AbstractProblemLoader Creating init config 
38736      DEBUG main            d.u.i.k.p.i.AbstractProblemLoader Init config took 2.48s 
38790      INFO  main            d.u.i.k.p.i.AbstractProblemLoader Replaying proof ArrayList[List::remFirst()].JML normal_behavior operation contract.0 
39141      DEBUG main            d.u.i.k.p.i.IntermediateProofReplayer Proof replay took 332.52ms 
39147      DEBUG main            d.u.i.k.p.r.p.TestFile    ... success: reloaded. 
39148      INFO  main            d.u.i.k.p.r.p.TestFile    Now processing file /home/runner/work/key/key/key.core/../key.ui/examples/newBook/09.list_modelfield/ArrayList.empty.key 
39148      INFO  main            d.u.i.k.p.i.AbstractProblemLoader Loading environment from /home/runner/work/key/key/key.core/../key.ui/examples/newBook/09.list_modelfield/ArrayList.empty.key 
39148      DEBUG main            d.u.i.k.p.i.AbstractProblemLoader Environment load took 70.5ns 
39150      INFO  main            d.u.i.k.p.i.AbstractProblemLoader Creating init config 
41610      DEBUG main            d.u.i.k.p.i.AbstractProblemLoader Init config took 2.46s 
41659      INFO  main            d.u.i.k.p.i.AbstractProblemLoader Replaying proof ArrayList[List::empty()].JML normal_behavior operation contract.0 
41661      DEBUG main            d.u.i.k.p.i.IntermediateProofReplayer Proof replay took 4.8ns 
42669      INFO  main            d.u.i.k.p.r.p.TestFile    ... finished proof: closed. 
42825      INFO  main            d.u.i.k.p.i.AbstractProblemLoader Loading environment from /home/runner/work/key/key/key.core/../key.ui/examples/newBook/09.list_modelfield/ArrayList.empty.key.proof 
42825      DEBUG main            d.u.i.k.p.i.AbstractProblemLoader Environment load took 124.3ns 
42827      INFO  main            d.u.i.k.p.i.AbstractProblemLoader Creating init config 
45269      DEBUG main            d.u.i.k.p.i.AbstractProblemLoader Init config took 2.44s 
45316      INFO  main            d.u.i.k.p.i.AbstractProblemLoader Replaying proof ArrayList[List::empty()].JML normal_behavior operation contract.0 
45395      DEBUG main            d.u.i.k.p.i.IntermediateProofReplayer Proof replay took 72.38ms 
45396      DEBUG main            d.u.i.k.p.r.p.TestFile    ... success: reloaded. 
45397      INFO  main            d.u.i.k.p.r.p.TestFile    Now processing file /home/runner/work/key/key/key.core/../key.ui/examples/newBook/09.list_modelfield/ArrayList.size.key 
45397      INFO  main            d.u.i.k.p.i.AbstractProblemLoader Loading environment from /home/runner/work/key/key/key.core/../key.ui/examples/newBook/09.list_modelfield/ArrayList.size.key 
45397      DEBUG main            d.u.i.k.p.i.AbstractProblemLoader Environment load took 59.8ns 
45398      INFO  main            d.u.i.k.p.i.AbstractProblemLoader Creating init config 
47848      DEBUG main            d.u.i.k.p.i.AbstractProblemLoader Init config took 2.45s 
47895      INFO  main            d.u.i.k.p.i.AbstractProblemLoader Replaying proof ArrayList[List::size()].JML normal_behavior operation contract.0 
47896      DEBUG main            d.u.i.k.p.i.IntermediateProofReplayer Proof replay took 5.6ns 
48321      INFO  main            d.u.i.k.p.r.p.TestFile    ... finished proof: closed. 
48485      INFO  main            d.u.i.k.p.i.AbstractProblemLoader Loading environment from /home/runner/work/key/key/key.core/../key.ui/examples/newBook/09.list_modelfield/ArrayList.size.key.proof 
48485      DEBUG main            d.u.i.k.p.i.AbstractProblemLoader Environment load took 122.9ns 
48488      INFO  main            d.u.i.k.p.i.AbstractProblemLoader Creating init config 
50930      DEBUG main            d.u.i.k.p.i.AbstractProblemLoader Init config took 2.44s 
50975      INFO  main            d.u.i.k.p.i.AbstractProblemLoader Replaying proof ArrayList[List::size()].JML normal_behavior operation contract.0 
51008      DEBUG main            d.u.i.k.p.i.IntermediateProofReplayer Proof replay took 28.78ms 
51009      DEBUG main            d.u.i.k.p.r.p.TestFile    ... success: reloaded. 
51010      INFO  main            d.u.i.k.p.r.p.TestFile    Now processing file /home/runner/work/key/key/key.core/../key.ui/examples/newBook/09.list_modelfield/ArrayList.get.key 
51010      INFO  main            d.u.i.k.p.i.AbstractProblemLoader Loading environment from /home/runner/work/key/key/key.core/../key.ui/examples/newBook/09.list_modelfield/ArrayList.get.key 
51010      DEBUG main            d.u.i.k.p.i.AbstractProblemLoader Environment load took 67.2ns 
51011      INFO  main            d.u.i.k.p.i.AbstractProblemLoader Creating init config 
53454      DEBUG main            d.u.i.k.p.i.AbstractProblemLoader Init config took 2.44s 
53499      INFO  main            d.u.i.k.p.i.AbstractProblemLoader Replaying proof ArrayList[List::get(int)].JML normal_behavior operation contract.0 
53501      DEBUG main            d.u.i.k.p.i.IntermediateProofReplayer Proof replay took 5.7ns 
54513      INFO  main            d.u.i.k.p.r.p.TestFile    ... finished proof: closed. 
54666      INFO  main            d.u.i.k.p.i.AbstractProblemLoader Loading environment from /home/runner/work/key/key/key.core/../key.ui/examples/newBook/09.list_modelfield/ArrayList.get.key.proof 
54668      DEBUG main            d.u.i.k.p.i.AbstractProblemLoader Environment load took 2.43ms 
54670      INFO  main            d.u.i.k.p.i.AbstractProblemLoader Creating init config 
57059      DEBUG main            d.u.i.k.p.i.AbstractProblemLoader Init config took 2.39s 
57103      INFO  main            d.u.i.k.p.i.AbstractProblemLoader Replaying proof ArrayList[List::get(int)].JML normal_behavior operation contract.0 
57165      DEBUG main            d.u.i.k.p.i.IntermediateProofReplayer Proof replay took 55.59ms 
57166      DEBUG main            d.u.i.k.p.r.p.TestFile    ... success: reloaded. 
57895      INFO  Test worker     d.u.i.k.p.r.p.StatisticsFile Returning from test newBook 
57933      INFO  Test worker     d.u.i.k.p.r.p.StatisticsFile Running test oldBook 
356        INFO  Timeout watchdog d.u.i.k.p.r.p.ForkedTestFileRunner Timeout watcher launched (2000 secs.) 
356        WARN  main            d.u.i.k.s.ProofSettings   The settings in /home/runner/.key/proof-settings.props are *not* read. 
403        INFO  main            d.u.i.k.p.r.p.TestFile    Now processing file /home/runner/work/key/key/key.core/../key.ui/examples/standard_key/BookExamples/02FirstOrderLogic/Ex2.58.key 
554        INFO  main            d.u.i.k.p.i.AbstractProblemLoader Loading environment from /home/runner/work/key/key/key.core/../key.ui/examples/standard_key/BookExamples/02FirstOrderLogic/Ex2.58.key 
585        DEBUG main            d.u.i.k.p.i.AbstractProblemLoader Environment load took 3.12ms 
851        INFO  main            d.u.i.k.p.i.AbstractProblemLoader Creating init config 
1691       DEBUG main            d.u.i.k.j.TypeConverter   No LDT found for Meta 
1692       DEBUG main            d.u.i.k.j.TypeConverter   No LDT found for Meta 
1693       DEBUG main            d.u.i.k.j.TypeConverter   No LDT found for Meta 
1693       DEBUG main            d.u.i.k.j.TypeConverter   No LDT found for Meta 
2983       DEBUG main            d.u.i.k.j.TypeConverter   No LDT found for JavaBigintExpression 
7625       DEBUG main            d.u.i.k.p.i.AbstractProblemLoader Init config took 6.77s 
7685       INFO  main            d.u.i.k.p.i.AbstractProblemLoader Replaying proof Ex2.58.key 
7717       DEBUG main            d.u.i.k.p.i.IntermediateProofReplayer Proof replay took 35ns 
7871       INFO  main            d.u.i.k.p.r.p.TestFile    ... finished proof: closed. 
7962       INFO  main            d.u.i.k.p.i.AbstractProblemLoader Loading environment from /home/runner/work/key/key/key.core/../key.ui/examples/standard_key/BookExamples/02FirstOrderLogic/Ex2.58.key.proof 
7963       DEBUG main            d.u.i.k.p.i.AbstractProblemLoader Environment load took 143.9ns 
7975       INFO  main            d.u.i.k.p.i.AbstractProblemLoader Creating init config 
10588      DEBUG main            d.u.i.k.p.i.AbstractProblemLoader Init config took 2.61s 
10619      INFO  main            d.u.i.k.p.i.AbstractProblemLoader Replaying proof Ex2.58.key.proof 
10626      DEBUG main            d.u.i.k.p.i.IntermediateProofReplayer Proof replay took 2.74ms 
10636      DEBUG main            d.u.i.k.p.r.p.TestFile    ... success: reloaded. 
10637      INFO  main            d.u.i.k.p.r.p.TestFile    Now processing file /home/runner/work/key/key/key.core/../key.ui/examples/standard_key/BookExamples/03DynamicLogic/Sect3.3.1.key 
10638      INFO  main            d.u.i.k.p.i.AbstractProblemLoader Loading environment from /home/runner/work/key/key/key.core/../key.ui/examples/standard_key/BookExamples/03DynamicLogic/Sect3.3.1.key 
10639      DEBUG main            d.u.i.k.p.i.AbstractProblemLoader Environment load took 1.01ms 
10641      INFO  main            d.u.i.k.p.i.AbstractProblemLoader Creating init config 
13088      DEBUG main            d.u.i.k.p.i.AbstractProblemLoader Init config took 2.45s 
13122      INFO  main            d.u.i.k.p.i.AbstractProblemLoader Replaying proof Sect3.3.1.key 
13131      DEBUG main            d.u.i.k.p.i.IntermediateProofReplayer Proof replay took 5.8ns 
13637      INFO  main            d.u.i.k.p.r.p.TestFile    ... finished proof: closed. 
13759      INFO  main            d.u.i.k.p.i.AbstractProblemLoader Loading environment from /home/runner/work/key/key/key.core/../key.ui/examples/standard_key/BookExamples/03DynamicLogic/Sect3.3.1.key.proof 
13762      DEBUG main            d.u.i.k.p.i.AbstractProblemLoader Environment load took 2.35ms 
13765      INFO  main            d.u.i.k.p.i.AbstractProblemLoader Creating init config 
16161      DEBUG main            d.u.i.k.p.i.AbstractProblemLoader Init config took 2.4s 
16187      INFO  main            d.u.i.k.p.i.AbstractProblemLoader Replaying proof Sect3.3.1.key.proof 
16268      DEBUG main            d.u.i.k.p.i.IntermediateProofReplayer Proof replay took 76.7ms 
16269      DEBUG main            d.u.i.k.p.r.p.TestFile    ... success: reloaded. 
74394      INFO  Test worker     d.u.i.k.p.r.p.StatisticsFile Returning from test oldBook 
74397      INFO  Test worker     d.u.i.k.p.r.p.StatisticsFile Running test comprehensions 
353        INFO  Timeout watchdog d.u.i.k.p.r.p.ForkedTestFileRunner Timeout watcher launched (2000 secs.) 
363        WARN  main            d.u.i.k.s.ProofSettings   The settings in /home/runner/.key/proof-settings.props are *not* read. 
396        INFO  main            d.u.i.k.p.r.p.TestFile    Now processing file /home/runner/work/key/key/key.core/../key.ui/examples/heap/comprehensions/general_sum.key 
513        INFO  main            d.u.i.k.p.i.AbstractProblemLoader Loading environment from /home/runner/work/key/key/key.core/../key.ui/examples/heap/comprehensions/general_sum.key 
532        DEBUG main            d.u.i.k.p.i.AbstractProblemLoader Environment load took 2.22ms 
773        INFO  main            d.u.i.k.p.i.AbstractProblemLoader Creating init config 
1839       DEBUG main            d.u.i.k.j.TypeConverter   No LDT found for Meta 
1839       DEBUG main            d.u.i.k.j.TypeConverter   No LDT found for Meta 
1842       DEBUG main            d.u.i.k.j.TypeConverter   No LDT found for Meta 
1842       DEBUG main            d.u.i.k.j.TypeConverter   No LDT found for Meta 
3196       DEBUG main            d.u.i.k.j.TypeConverter   No LDT found for JavaBigintExpression 
8193       DEBUG main            d.u.i.k.p.i.AbstractProblemLoader Init config took 7.42s 
8315       INFO  main            d.u.i.k.p.i.AbstractProblemLoader Replaying proof GSum[GSum::doNothing()].JML operation contract.0 
8345       DEBUG main            d.u.i.k.p.i.IntermediateProofReplayer Proof replay took 31.2ns 
8679       INFO  main            d.u.i.k.p.r.p.TestFile    ... finished proof: closed. 
8782       INFO  main            d.u.i.k.p.i.AbstractProblemLoader Loading environment from /home/runner/work/key/key/key.core/../key.ui/examples/heap/comprehensions/general_sum.key.proof 
8782       DEBUG main            d.u.i.k.p.i.AbstractProblemLoader Environment load took 133.2ns 
8784       INFO  main            d.u.i.k.p.i.AbstractProblemLoader Creating init config 
11683      DEBUG main            d.u.i.k.p.i.AbstractProblemLoader Init config took 2.9s 
11756      INFO  main            d.u.i.k.p.i.AbstractProblemLoader Replaying proof GSum[GSum::doNothing()].JML operation contract.0 
11771      DEBUG main            d.u.i.k.p.i.IntermediateProofReplayer Proof replay took 10.97ms 
11778      DEBUG main            d.u.i.k.p.r.p.TestFile    ... success: reloaded. 
11779      INFO  main            d.u.i.k.p.r.p.TestFile    Now processing file /home/runner/work/key/key/key.core/../key.ui/examples/heap/comprehensions/sum0.key 
11779      INFO  main            d.u.i.k.p.i.AbstractProblemLoader Loading environment from /home/runner/work/key/key/key.core/../key.ui/examples/heap/comprehensions/sum0.key 
11780      DEBUG main            d.u.i.k.p.i.AbstractProblemLoader Environment load took 76.8ns 
11782      INFO  main            d.u.i.k.p.i.AbstractProblemLoader Creating init config 
14566      DEBUG main            d.u.i.k.p.i.AbstractProblemLoader Init config took 2.78s 
14644      INFO  main            d.u.i.k.p.i.AbstractProblemLoader Replaying proof Sum[Sum::sum0([I)].JML normal_behavior operation contract.0 
14647      DEBUG main            d.u.i.k.p.i.IntermediateProofReplayer Proof replay took 6.9ns 
14747      DEBUG Thread-4        d.u.i.k.l.l.OriginTermLabel commonFileName is null! 
14748      DEBUG Thread-4        d.u.i.k.l.l.OriginTermLabel commonFileName is null! 
15006      DEBUG Thread-4        d.u.i.k.l.l.OriginTermLabel commonFileName is null! 
15008      DEBUG Thread-4        d.u.i.k.l.l.OriginTermLabel commonFileName is null! 
15248      DEBUG Thread-4        d.u.i.k.l.l.OriginTermLabel commonFileName is null! 
15454      INFO  main            d.u.i.k.p.r.p.TestFile    ... finished proof: closed. 
15595      INFO  main            d.u.i.k.p.i.AbstractProblemLoader Loading environment from /home/runner/work/key/key/key.core/../key.ui/examples/heap/comprehensions/sum0.key.proof 
15595      DEBUG main            d.u.i.k.p.i.AbstractProblemLoader Environment load took 126.7ns 
15596      INFO  main            d.u.i.k.p.i.AbstractProblemLoader Creating init config 
18311      DEBUG main            d.u.i.k.p.i.AbstractProblemLoader Init config took 2.71s 
18361      INFO  main            d.u.i.k.p.i.AbstractProblemLoader Replaying proof Sum[Sum::sum0([I)].JML normal_behavior operation contract.0 
18392      DEBUG main            d.u.i.k.l.l.OriginTermLabel commonFileName is null! 
18392      DEBUG main            d.u.i.k.l.l.OriginTermLabel commonFileName is null! 
18437      DEBUG main            d.u.i.k.l.l.OriginTermLabel commonFileName is null! 
18466      DEBUG main            d.u.i.k.l.l.OriginTermLabel commonFileName is null! 
18468      DEBUG main            d.u.i.k.l.l.OriginTermLabel commonFileName is null! 
18472      DEBUG main            d.u.i.k.p.i.IntermediateProofReplayer Proof replay took 104.93ms 
18473      DEBUG main            d.u.i.k.p.r.p.TestFile    ... success: reloaded. 
18475      INFO  main            d.u.i.k.p.r.p.TestFile    Now processing file /home/runner/work/key/key/key.core/../key.ui/examples/heap/comprehensions/sum1.key 
18475      INFO  main            d.u.i.k.p.i.AbstractProblemLoader Loading environment from /home/runner/work/key/key/key.core/../key.ui/examples/heap/comprehensions/sum1.key 
18476      DEBUG main            d.u.i.k.p.i.AbstractProblemLoader Environment load took 359.8ns 
18478      INFO  main            d.u.i.k.p.i.AbstractProblemLoader Creating init config 
21098      DEBUG main            d.u.i.k.p.i.AbstractProblemLoader Init config took 2.62s 
21143      INFO  main            d.u.i.k.p.i.AbstractProblemLoader Replaying proof Sum[Sum::sum1([I)].JML normal_behavior operation contract.0 
21145      DEBUG main            d.u.i.k.p.i.IntermediateProofReplayer Proof replay took 6.7ns 
21203      DEBUG Thread-7        d.u.i.k.l.l.OriginTermLabel commonFileName is null! 
21204      DEBUG Thread-7        d.u.i.k.l.l.OriginTermLabel commonFileName is null! 
21341      DEBUG Thread-7        d.u.i.k.l.l.OriginTermLabel commonFileName is null! 
21342      DEBUG Thread-7        d.u.i.k.l.l.OriginTermLabel commonFileName is null! 
21482      DEBUG Thread-7        d.u.i.k.l.l.OriginTermLabel commonFileName is null! 
21652      INFO  main            d.u.i.k.p.r.p.TestFile    ... finished proof: closed. 
21813      INFO  main            d.u.i.k.p.i.AbstractProblemLoader Loading environment from /home/runner/work/key/key/key.core/../key.ui/examples/heap/comprehensions/sum1.key.proof 
21814      DEBUG main            d.u.i.k.p.i.AbstractProblemLoader Environment load took 661.3ns 
21816      INFO  main            d.u.i.k.p.i.AbstractProblemLoader Creating init config 
24409      DEBUG main            d.u.i.k.p.i.AbstractProblemLoader Init config took 2.59s 
24457      INFO  main            d.u.i.k.p.i.AbstractProblemLoader Replaying proof Sum[Sum::sum1([I)].JML normal_behavior operation contract.0 
24499      DEBUG main            d.u.i.k.l.l.OriginTermLabel commonFileName is null! 
24499      DEBUG main            d.u.i.k.l.l.OriginTermLabel commonFileName is null! 
24545      DEBUG main            d.u.i.k.l.l.OriginTermLabel commonFileName is null! 
24571      DEBUG main            d.u.i.k.l.l.OriginTermLabel commonFileName is null! 
24572      DEBUG main            d.u.i.k.l.l.OriginTermLabel commonFileName is null! 
24574      DEBUG main            d.u.i.k.p.i.IntermediateProofReplayer Proof replay took 106.6ms 
24575      DEBUG main            d.u.i.k.p.r.p.TestFile    ... success: reloaded. 
24576      INFO  main            d.u.i.k.p.r.p.TestFile    Now processing file /home/runner/work/key/key/key.core/../key.ui/examples/heap/comprehensions/sum2.key 
24576      INFO  main            d.u.i.k.p.i.AbstractProblemLoader Loading environment from /home/runner/work/key/key/key.core/../key.ui/examples/heap/comprehensions/sum2.key 
24577      DEBUG main            d.u.i.k.p.i.AbstractProblemLoader Environment load took 220ns 
24578      INFO  main            d.u.i.k.p.i.AbstractProblemLoader Creating init config 
27175      DEBUG main            d.u.i.k.p.i.AbstractProblemLoader Init config took 2.6s 
27217      INFO  main            d.u.i.k.p.i.AbstractProblemLoader Replaying proof Sum[Sum::sum2([I)].JML normal_behavior operation contract.0 
27218      DEBUG main            d.u.i.k.p.i.IntermediateProofReplayer Proof replay took 6.4ns 
27280      DEBUG Thread-10       d.u.i.k.l.l.OriginTermLabel commonFileName is null! 
27280      DEBUG Thread-10       d.u.i.k.l.l.OriginTermLabel commonFileName is null! 
27384      DEBUG Thread-10       d.u.i.k.l.l.OriginTermLabel commonFileName is null! 
27386      DEBUG Thread-10       d.u.i.k.l.l.OriginTermLabel commonFileName is null! 
27464      DEBUG Thread-10       d.u.i.k.l.l.OriginTermLabel commonFileName is null! 
27621      INFO  main            d.u.i.k.p.r.p.TestFile    ... finished proof: closed. 
27757      INFO  main            d.u.i.k.p.i.AbstractProblemLoader Loading environment from /home/runner/work/key/key/key.core/../key.ui/examples/heap/comprehensions/sum2.key.proof 
27757      DEBUG main            d.u.i.k.p.i.AbstractProblemLoader Environment load took 125.7ns 
27758      INFO  main            d.u.i.k.p.i.AbstractProblemLoader Creating init config 
30301      DEBUG main            d.u.i.k.p.i.AbstractProblemLoader Init config took 2.54s 
30342      INFO  main            d.u.i.k.p.i.AbstractProblemLoader Replaying proof Sum[Sum::sum2([I)].JML normal_behavior operation contract.0 
30363      DEBUG main            d.u.i.k.l.l.OriginTermLabel commonFileName is null! 
30363      DEBUG main            d.u.i.k.l.l.OriginTermLabel commonFileName is null! 
30387      DEBUG main            d.u.i.k.l.l.OriginTermLabel commonFileName is null! 
30404      DEBUG main            d.u.i.k.l.l.OriginTermLabel commonFileName is null! 
30404      DEBUG main            d.u.i.k.l.l.OriginTermLabel commonFileName is null! 
30406      DEBUG main            d.u.i.k.p.i.IntermediateProofReplayer Proof replay took 61.04ms 
30407      DEBUG main            d.u.i.k.p.r.p.TestFile    ... success: reloaded. 
30408      INFO  main            d.u.i.k.p.r.p.TestFile    Now processing file /home/runner/work/key/key/key.core/../key.ui/examples/heap/comprehensions/sum3.key 
30408      INFO  main            d.u.i.k.p.i.AbstractProblemLoader Loading environment from /home/runner/work/key/key/key.core/../key.ui/examples/heap/comprehensions/sum3.key 
30408      DEBUG main            d.u.i.k.p.i.AbstractProblemLoader Environment load took 61.2ns 
30409      INFO  main            d.u.i.k.p.i.AbstractProblemLoader Creating init config 
33123      DEBUG main            d.u.i.k.p.i.AbstractProblemLoader Init config took 2.71s 
33168      INFO  main            d.u.i.k.p.i.AbstractProblemLoader Replaying proof Sum[Sum::sum3([I)].JML normal_behavior operation contract.0 
33171      DEBUG main            d.u.i.k.p.i.IntermediateProofReplayer Proof replay took 633.3ns 
33218      DEBUG Thread-13       d.u.i.k.l.l.OriginTermLabel commonFileName is null! 
33220      DEBUG Thread-13       d.u.i.k.l.l.OriginTermLabel commonFileName is null! 
33355      DEBUG Thread-13       d.u.i.k.l.l.OriginTermLabel commonFileName is null! 
33357      DEBUG Thread-13       d.u.i.k.l.l.OriginTermLabel commonFileName is null! 
33433      DEBUG Thread-13       d.u.i.k.l.l.OriginTermLabel commonFileName is null! 
33592      INFO  main            d.u.i.k.p.r.p.TestFile    ... finished proof: closed. 
33735      INFO  main            d.u.i.k.p.i.AbstractProblemLoader Loading environment from /home/runner/work/key/key/key.core/../key.ui/examples/heap/comprehensions/sum3.key.proof 
33735      DEBUG main            d.u.i.k.p.i.AbstractProblemLoader Environment load took 128.4ns 
33738      INFO  main            d.u.i.k.p.i.AbstractProblemLoader Creating init config 
36301      DEBUG main            d.u.i.k.p.i.AbstractProblemLoader Init config took 2.56s 
36343      INFO  main            d.u.i.k.p.i.AbstractProblemLoader Replaying proof Sum[Sum::sum3([I)].JML normal_behavior operation contract.0 
36367      DEBUG main            d.u.i.k.l.l.OriginTermLabel commonFileName is null! 
36368      DEBUG main            d.u.i.k.l.l.OriginTermLabel commonFileName is null! 
36408      DEBUG main            d.u.i.k.l.l.OriginTermLabel commonFileName is null! 
36426      DEBUG main            d.u.i.k.l.l.OriginTermLabel commonFileName is null! 
36427      DEBUG main            d.u.i.k.l.l.OriginTermLabel commonFileName is null! 
36429      DEBUG main            d.u.i.k.p.i.IntermediateProofReplayer Proof replay took 82.16ms 
36430      DEBUG main            d.u.i.k.p.r.p.TestFile    ... success: reloaded. 
36433      INFO  main            d.u.i.k.p.r.p.TestFile    Now processing file /home/runner/work/key/key/key.core/../key.ui/examples/heap/comprehensions/segsum.key 
36434      INFO  main            d.u.i.k.p.i.AbstractProblemLoader Loading environment from /home/runner/work/key/key/key.core/../key.ui/examples/heap/comprehensions/segsum.key 
36434      DEBUG main            d.u.i.k.p.i.AbstractProblemLoader Environment load took 85ns 
36435      INFO  main            d.u.i.k.p.i.AbstractProblemLoader Creating init config 
39035      DEBUG main            d.u.i.k.p.i.AbstractProblemLoader Init config took 2.6s 
39077      INFO  main            d.u.i.k.p.i.AbstractProblemLoader Replaying proof SegSum[SegSum::segSum([I,int,int)].JML normal_behavior operation contract.0 
39079      DEBUG main            d.u.i.k.p.i.IntermediateProofReplayer Proof replay took 6.5ns 
39482      INFO  main            d.u.i.k.p.r.p.TestFile    ... finished proof: closed. 
39643      INFO  main            d.u.i.k.p.i.AbstractProblemLoader Loading environment from /home/runner/work/key/key/key.core/../key.ui/examples/heap/comprehensions/segsum.key.proof 
39644      DEBUG main            d.u.i.k.p.i.AbstractProblemLoader Environment load took 1.01ms 
39645      INFO  main            d.u.i.k.p.i.AbstractProblemLoader Creating init config 
42153      DEBUG main            d.u.i.k.p.i.AbstractProblemLoader Init config took 2.51s 
42197      INFO  main            d.u.i.k.p.i.AbstractProblemLoader Replaying proof SegSum[SegSum::segSum([I,int,int)].JML normal_behavior operation contract.0 
42279      DEBUG main            d.u.i.k.p.i.IntermediateProofReplayer Proof replay took 72.94ms 
42280      DEBUG main            d.u.i.k.p.r.p.TestFile    ... success: reloaded. 
42282      INFO  main            d.u.i.k.p.r.p.TestFile    Now processing file /home/runner/work/key/key/key.core/../key.ui/examples/heap/comprehensions/bsum_negative.key 
42282      INFO  main            d.u.i.k.p.i.AbstractProblemLoader Loading environment from /home/runner/work/key/key/key.core/../key.ui/examples/heap/comprehensions/bsum_negative.key 
42283      DEBUG main            d.u.i.k.p.i.AbstractProblemLoader Environment load took 331ns 
42285      INFO  main            d.u.i.k.p.i.AbstractProblemLoader Creating init config 
44685      DEBUG main            d.u.i.k.p.i.AbstractProblemLoader Init config took 2.4s 
44705      INFO  main            d.u.i.k.p.i.AbstractProblemLoader Replaying proof bsum_negative.key 
44706      DEBUG main            d.u.i.k.p.i.IntermediateProofReplayer Proof replay took 6.6ns 
44810      INFO  main            d.u.i.k.p.r.p.TestFile    ... finished proof: closed. 
44958      INFO  main            d.u.i.k.p.i.AbstractProblemLoader Loading environment from /home/runner/work/key/key/key.core/../key.ui/examples/heap/comprehensions/bsum_negative.key.proof 
44958      DEBUG main            d.u.i.k.p.i.AbstractProblemLoader Environment load took 119.5ns 
44959      INFO  main            d.u.i.k.p.i.AbstractProblemLoader Creating init config 
47307      DEBUG main            d.u.i.k.p.i.AbstractProblemLoader Init config took 2.35s 
47327      INFO  main            d.u.i.k.p.i.AbstractProblemLoader Replaying proof bsum_negative.key.proof 
47329      DEBUG main            d.u.i.k.p.i.IntermediateProofReplayer Proof replay took 1.06ms 
47330      DEBUG main            d.u.i.k.p.r.p.TestFile    ... success: reloaded. 
47331      INFO  main            d.u.i.k.p.r.p.TestFile    Now processing file /home/runner/work/key/key/key.core/../key.ui/examples/heap/comprehensions/bsum_neg2.key 
47331      INFO  main            d.u.i.k.p.i.AbstractProblemLoader Loading environment from /home/runner/work/key/key/key.core/../key.ui/examples/heap/comprehensions/bsum_neg2.key 
47331      DEBUG main            d.u.i.k.p.i.AbstractProblemLoader Environment load took 86.7ns 
47332      INFO  main            d.u.i.k.p.i.AbstractProblemLoader Creating init config 
49763      DEBUG main            d.u.i.k.p.i.AbstractProblemLoader Init config took 2.43s 
49782      INFO  main            d.u.i.k.p.i.AbstractProblemLoader Replaying proof bsum_neg2.key 
49784      DEBUG main            d.u.i.k.p.i.IntermediateProofReplayer Proof replay took 6.1ns 
49886      INFO  main            d.u.i.k.p.r.p.TestFile    ... finished proof: closed. 
50042      INFO  main            d.u.i.k.p.i.AbstractProblemLoader Loading environment from /home/runner/work/key/key/key.core/../key.ui/examples/heap/comprehensions/bsum_neg2.key.proof 
50042      DEBUG main            d.u.i.k.p.i.AbstractProblemLoader Environment load took 118.4ns 
50043      INFO  main            d.u.i.k.p.i.AbstractProblemLoader Creating init config 
52401      DEBUG main            d.u.i.k.p.i.AbstractProblemLoader Init config took 2.36s 
52418      INFO  main            d.u.i.k.p.i.AbstractProblemLoader Replaying proof bsum_neg2.key.proof 
52420      DEBUG main            d.u.i.k.p.i.IntermediateProofReplayer Proof replay took 649.6ns 
52421      DEBUG main            d.u.i.k.p.r.p.TestFile    ... success: reloaded. 
52421      INFO  main            d.u.i.k.p.r.p.TestFile    Now processing file /home/runner/work/key/key/key.core/../key.ui/examples/heap/comprehensions/bsumSplit.key 
52422      INFO  main            d.u.i.k.p.i.AbstractProblemLoader Loading environment from /home/runner/work/key/key/key.core/../key.ui/examples/heap/comprehensions/bsumSplit.key 
52422      DEBUG main            d.u.i.k.p.i.AbstractProblemLoader Environment load took 60.7ns 
52423      INFO  main            d.u.i.k.p.i.AbstractProblemLoader Creating init config 
54825      DEBUG main            d.u.i.k.p.i.AbstractProblemLoader Init config took 2.4s 
54843      INFO  main            d.u.i.k.p.i.AbstractProblemLoader Replaying proof bsumSplit.key 
54845      DEBUG main            d.u.i.k.p.i.IntermediateProofReplayer Proof replay took 6.3ns 
54947      INFO  main            d.u.i.k.p.r.p.TestFile    ... finished proof: closed. 
55124      INFO  main            d.u.i.k.p.i.AbstractProblemLoader Loading environment from /home/runner/work/key/key/key.core/../key.ui/examples/heap/comprehensions/bsumSplit.key.proof 
55124      DEBUG main            d.u.i.k.p.i.AbstractProblemLoader Environment load took 110.8ns 
55127      INFO  main            d.u.i.k.p.i.AbstractProblemLoader Creating init config 
57489      DEBUG main            d.u.i.k.p.i.AbstractProblemLoader Init config took 2.36s 
57505      INFO  main            d.u.i.k.p.i.AbstractProblemLoader Replaying proof bsumSplit.key.proof 
57509      DEBUG main            d.u.i.k.p.i.IntermediateProofReplayer Proof replay took 2.78ms 
57510      DEBUG main            d.u.i.k.p.r.p.TestFile    ... success: reloaded. 
57511      INFO  main            d.u.i.k.p.r.p.TestFile    Now processing file /home/runner/work/key/key/key.core/../key.ui/examples/heap/comprehensions/bprodSplit.key 
57511      INFO  main            d.u.i.k.p.i.AbstractProblemLoader Loading environment from /home/runner/work/key/key/key.core/../key.ui/examples/heap/comprehensions/bprodSplit.key 
57511      DEBUG main            d.u.i.k.p.i.AbstractProblemLoader Environment load took 96.8ns 
57512      INFO  main            d.u.i.k.p.i.AbstractProblemLoader Creating init config 
59940      DEBUG main            d.u.i.k.p.i.AbstractProblemLoader Init config took 2.43s 
59955      INFO  main            d.u.i.k.p.i.AbstractProblemLoader Replaying proof bprodSplit.key 
59957      DEBUG main            d.u.i.k.p.i.IntermediateProofReplayer Proof replay took 6.9ns 
60059      INFO  main            d.u.i.k.p.r.p.TestFile    ... finished proof: closed. 
60247      INFO  main            d.u.i.k.p.i.AbstractProblemLoader Loading environment from /home/runner/work/key/key/key.core/../key.ui/examples/heap/comprehensions/bprodSplit.key.proof 
60247      DEBUG main            d.u.i.k.p.i.AbstractProblemLoader Environment load took 119.8ns 
60248      INFO  main            d.u.i.k.p.i.AbstractProblemLoader Creating init config 
62602      DEBUG main            d.u.i.k.p.i.AbstractProblemLoader Init config took 2.35s 
62617      INFO  main            d.u.i.k.p.i.AbstractProblemLoader Replaying proof bprodSplit.key.proof 
62621      DEBUG main            d.u.i.k.p.i.IntermediateProofReplayer Proof replay took 1.74ms 
62623      DEBUG main            d.u.i.k.p.r.p.TestFile    ... success: reloaded. 
62623      INFO  main            d.u.i.k.p.r.p.TestFile    Now processing file /home/runner/work/key/key/key.core/../key.ui/examples/heap/comprehensions/bsumSplitInvalid.key 
62624      INFO  main            d.u.i.k.p.i.AbstractProblemLoader Loading environment from /home/runner/work/key/key/key.core/../key.ui/examples/heap/comprehensions/bsumSplitInvalid.key 
62624      DEBUG main            d.u.i.k.p.i.AbstractProblemLoader Environment load took 286ns 
62625      INFO  main            d.u.i.k.p.i.AbstractProblemLoader Creating init config 
65011      DEBUG main            d.u.i.k.p.i.AbstractProblemLoader Init config took 2.39s 
65027      INFO  main            d.u.i.k.p.i.AbstractProblemLoader Replaying proof bsumSplitInvalid.key 
65028      DEBUG main            d.u.i.k.p.i.IntermediateProofReplayer Proof replay took 6.6ns 
65134      INFO  main            d.u.i.k.p.r.p.TestFile    ... finished proof: open goal(s) 
139876     INFO  Test worker     d.u.i.k.p.r.p.StatisticsFile Returning from test comprehensions 
139881     INFO  Test worker     d.u.i.k.p.r.p.StatisticsFile Running test performance 
428        INFO  Timeout watchdog d.u.i.k.p.r.p.ForkedTestFileRunner Timeout watcher launched (2000 secs.) 
442        WARN  main            d.u.i.k.s.ProofSettings   The settings in /home/runner/.key/proof-settings.props are *not* read. 
489        INFO  main            d.u.i.k.p.r.p.TestFile    Now processing file /home/runner/work/key/key/key.core/../key.ui/examples/performance-test/Disjoint(Disjoint__disjoint_08()).JML_operation_contract.0.key 
622        INFO  main            d.u.i.k.p.i.AbstractProblemLoader Loading environment from /home/runner/work/key/key/key.core/../key.ui/examples/performance-test/Disjoint(Disjoint__disjoint_08()).JML_operation_contract.0.key 
639        DEBUG main            d.u.i.k.p.i.AbstractProblemLoader Environment load took 2.32ms 
848        INFO  main            d.u.i.k.p.i.AbstractProblemLoader Creating init config 
1707       DEBUG main            d.u.i.k.j.TypeConverter   No LDT found for Meta 
1712       DEBUG main            d.u.i.k.j.TypeConverter   No LDT found for Meta 
1714       DEBUG main            d.u.i.k.j.TypeConverter   No LDT found for Meta 
1716       DEBUG main            d.u.i.k.j.TypeConverter   No LDT found for Meta 
3055       DEBUG main            d.u.i.k.j.TypeConverter   No LDT found for JavaBigintExpression 
8581       DEBUG main            d.u.i.k.j.r.ClassPreparationMethodBuilder clPrepBuilder: Inner Class detected. Reject building class initialisation methods. 
16588      DEBUG main            d.u.i.k.p.i.AbstractProblemLoader Init config took 15.74s 
16775      INFO  main            d.u.i.k.p.i.AbstractProblemLoader Replaying proof Disjoint[Disjoint::disjoint_8()].JML operation contract.0 
16828      DEBUG main            d.u.i.k.p.i.IntermediateProofReplayer Proof replay took 329.1ns 
19467      INFO  main            d.u.i.k.p.r.p.TestFile    ... finished proof: closed. 
19650      INFO  main            d.u.i.k.p.i.AbstractProblemLoader Loading environment from /home/runner/work/key/key/key.core/../key.ui/examples/performance-test/Disjoint(Disjoint__disjoint_08()).JML_operation_contract.0.key.proof 
19651      DEBUG main            d.u.i.k.p.i.AbstractProblemLoader Environment load took 626.7ns 
19653      INFO  main            d.u.i.k.p.i.AbstractProblemLoader Creating init config 
22771      DEBUG main            d.u.i.k.j.r.ClassPreparationMethodBuilder clPrepBuilder: Inner Class detected. Reject building class initialisation methods. 
29870      DEBUG main            d.u.i.k.p.i.AbstractProblemLoader Init config took 10.22s 
29989      INFO  main            d.u.i.k.p.i.AbstractProblemLoader Replaying proof Disjoint[Disjoint::disjoint_8()].JML operation contract.0 
30324      DEBUG main            d.u.i.k.p.i.IntermediateProofReplayer Proof replay took 323.38ms 
30334      DEBUG main            d.u.i.k.p.r.p.TestFile    ... success: reloaded. 
30339      INFO  main            d.u.i.k.p.r.p.TestFile    Now processing file /home/runner/work/key/key/key.core/../key.ui/examples/performance-test/Disjoint(Disjoint__disjoint2_08()).JML_operation_contract.0.key 
30339      INFO  main            d.u.i.k.p.i.AbstractProblemLoader Loading environment from /home/runner/work/key/key/key.core/../key.ui/examples/performance-test/Disjoint(Disjoint__disjoint2_08()).JML_operation_contract.0.key 
30340      DEBUG main            d.u.i.k.p.i.AbstractProblemLoader Environment load took 525.3ns 
30342      INFO  main            d.u.i.k.p.i.AbstractProblemLoader Creating init config 
33366      DEBUG main            d.u.i.k.j.r.ClassPreparationMethodBuilder clPrepBuilder: Inner Class detected. Reject building class initialisation methods. 
40155      DEBUG main            d.u.i.k.p.i.AbstractProblemLoader Init config took 9.81s 
40272      INFO  main            d.u.i.k.p.i.AbstractProblemLoader Replaying proof Disjoint[Disjoint::disjoint2_8()].JML operation contract.0 
40275      DEBUG main            d.u.i.k.p.i.IntermediateProofReplayer Proof replay took 20.4ns 
41179      INFO  main            d.u.i.k.p.r.p.TestFile    ... finished proof: closed. 
41461      INFO  main            d.u.i.k.p.i.AbstractProblemLoader Loading environment from /home/runner/work/key/key/key.core/../key.ui/examples/performance-test/Disjoint(Disjoint__disjoint2_08()).JML_operation_contract.0.key.proof 
41464      DEBUG main            d.u.i.k.p.i.AbstractProblemLoader Environment load took 2.86ms 
41468      INFO  main            d.u.i.k.p.i.AbstractProblemLoader Creating init config 
44433      DEBUG main            d.u.i.k.j.r.ClassPreparationMethodBuilder clPrepBuilder: Inner Class detected. Reject building class initialisation methods. 
51188      DEBUG main            d.u.i.k.p.i.AbstractProblemLoader Init config took 9.72s 
51293      INFO  main            d.u.i.k.p.i.AbstractProblemLoader Replaying proof Disjoint[Disjoint::disjoint2_8()].JML operation contract.0 
51365      DEBUG main            d.u.i.k.p.i.IntermediateProofReplayer Proof replay took 67.71ms 
51366      DEBUG main            d.u.i.k.p.r.p.TestFile    ... success: reloaded. 
51368      INFO  main            d.u.i.k.p.r.p.TestFile    Now processing file /home/runner/work/key/key/key.core/../key.ui/examples/performance-test/AccessChain1(AccessChain1__foo_08()).JML_operation_contract.0.key 
51368      INFO  main            d.u.i.k.p.i.AbstractProblemLoader Loading environment from /home/runner/work/key/key/key.core/../key.ui/examples/performance-test/AccessChain1(AccessChain1__foo_08()).JML_operation_contract.0.key 
51368      DEBUG main            d.u.i.k.p.i.AbstractProblemLoader Environment load took 68.8ns 
51371      INFO  main            d.u.i.k.p.i.AbstractProblemLoader Creating init config 
54318      DEBUG main            d.u.i.k.j.r.ClassPreparationMethodBuilder clPrepBuilder: Inner Class detected. Reject building class initialisation methods. 
61022      DEBUG main            d.u.i.k.p.i.AbstractProblemLoader Init config took 9.65s 
61129      INFO  main            d.u.i.k.p.i.AbstractProblemLoader Replaying proof AccessChain1[AccessChain1::foo_8()].JML operation contract.0 
61131      DEBUG main            d.u.i.k.p.i.IntermediateProofReplayer Proof replay took 10.5ns 
63345      INFO  main            d.u.i.k.p.r.p.TestFile    ... finished proof: closed. 
63667      INFO  main            d.u.i.k.p.i.AbstractProblemLoader Loading environment from /home/runner/work/key/key/key.core/../key.ui/examples/performance-test/AccessChain1(AccessChain1__foo_08()).JML_operation_contract.0.key.proof 
63669      DEBUG main            d.u.i.k.p.i.AbstractProblemLoader Environment load took 2.34ms 
63674      INFO  main            d.u.i.k.p.i.AbstractProblemLoader Creating init config 
66558      DEBUG main            d.u.i.k.j.r.ClassPreparationMethodBuilder clPrepBuilder: Inner Class detected. Reject building class initialisation methods. 
73206      DEBUG main            d.u.i.k.p.i.AbstractProblemLoader Init config took 9.53s 
73294      INFO  main            d.u.i.k.p.i.AbstractProblemLoader Replaying proof AccessChain1[AccessChain1::foo_8()].JML operation contract.0 
73671      DEBUG main            d.u.i.k.p.i.IntermediateProofReplayer Proof replay took 363.17ms 
73673      DEBUG main            d.u.i.k.p.r.p.TestFile    ... success: reloaded. 
73675      INFO  main            d.u.i.k.p.r.p.TestFile    Now processing file /home/runner/work/key/key/key.core/../key.ui/examples/performance-test/AccessChain4(AccessChain4__foo_08()).JML_operation_contract.0.key 
73675      INFO  main            d.u.i.k.p.i.AbstractProblemLoader Loading environment from /home/runner/work/key/key/key.core/../key.ui/examples/performance-test/AccessChain4(AccessChain4__foo_08()).JML_operation_contract.0.key 
73676      DEBUG main            d.u.i.k.p.i.AbstractProblemLoader Environment load took 112.5ns 
73677      INFO  main            d.u.i.k.p.i.AbstractProblemLoader Creating init config 
76590      DEBUG main            d.u.i.k.j.r.ClassPreparationMethodBuilder clPrepBuilder: Inner Class detected. Reject building class initialisation methods. 
83247      DEBUG main            d.u.i.k.p.i.AbstractProblemLoader Init config took 9.57s 
83335      INFO  main            d.u.i.k.p.i.AbstractProblemLoader Replaying proof AccessChain4[AccessChain4::foo_8()].JML operation contract.0 
83337      DEBUG main            d.u.i.k.p.i.IntermediateProofReplayer Proof replay took 10.7ns 
89383      INFO  main            d.u.i.k.p.r.p.TestFile    ... finished proof: closed. 
89720      INFO  main            d.u.i.k.p.i.AbstractProblemLoader Loading environment from /home/runner/work/key/key/key.core/../key.ui/examples/performance-test/AccessChain4(AccessChain4__foo_08()).JML_operation_contract.0.key.proof 
89724      DEBUG main            d.u.i.k.p.i.AbstractProblemLoader Environment load took 3.88ms 
89737      INFO  main            d.u.i.k.p.i.AbstractProblemLoader Creating init config 
92636      DEBUG main            d.u.i.k.j.r.ClassPreparationMethodBuilder clPrepBuilder: Inner Class detected. Reject building class initialisation methods. 
99365      DEBUG main            d.u.i.k.p.i.AbstractProblemLoader Init config took 9.63s 
99451      INFO  main            d.u.i.k.p.i.AbstractProblemLoader Replaying proof AccessChain4[AccessChain4::foo_8()].JML operation contract.0 
100157     DEBUG main            d.u.i.k.p.i.IntermediateProofReplayer Proof replay took 675.52ms 
100160     DEBUG main            d.u.i.k.p.r.p.TestFile    ... success: reloaded. 
100161     INFO  main            d.u.i.k.p.r.p.TestFile    Now processing file /home/runner/work/key/key/key.core/../key.ui/examples/performance-test/Disjoint(Disjoint__xZero_08()).JML_operation_contract.0.key 
100162     INFO  main            d.u.i.k.p.i.AbstractProblemLoader Loading environment from /home/runner/work/key/key/key.core/../key.ui/examples/performance-test/Disjoint(Disjoint__xZero_08()).JML_operation_contract.0.key 
100162     DEBUG main            d.u.i.k.p.i.AbstractProblemLoader Environment load took 278.5ns 
100163     INFO  main            d.u.i.k.p.i.AbstractProblemLoader Creating init config 
103114     DEBUG main            d.u.i.k.j.r.ClassPreparationMethodBuilder clPrepBuilder: Inner Class detected. Reject building class initialisation methods. 
109843     DEBUG main            d.u.i.k.p.i.AbstractProblemLoader Init config took 9.68s 
109927     INFO  main            d.u.i.k.p.i.AbstractProblemLoader Replaying proof Disjoint[Disjoint::xZero_8()].JML operation contract.0 
109929     DEBUG main            d.u.i.k.p.i.IntermediateProofReplayer Proof replay took 11.1ns 
110935     INFO  main            d.u.i.k.p.r.p.TestFile    ... finished proof: closed. 
111267     INFO  main            d.u.i.k.p.i.AbstractProblemLoader Loading environment from /home/runner/work/key/key/key.core/../key.ui/examples/performance-test/Disjoint(Disjoint__xZero_08()).JML_operation_contract.0.key.proof 
111269     DEBUG main            d.u.i.k.p.i.AbstractProblemLoader Environment load took 1.23ms 
111270     INFO  main            d.u.i.k.p.i.AbstractProblemLoader Creating init config 
114104     DEBUG main            d.u.i.k.j.r.ClassPreparationMethodBuilder clPrepBuilder: Inner Class detected. Reject building class initialisation methods. 
120739     DEBUG main            d.u.i.k.p.i.AbstractProblemLoader Init config took 9.47s 
120822     INFO  main            d.u.i.k.p.i.AbstractProblemLoader Replaying proof Disjoint[Disjoint::xZero_8()].JML operation contract.0 
120986     DEBUG main            d.u.i.k.p.i.IntermediateProofReplayer Proof replay took 156.19ms 
120987     DEBUG main            d.u.i.k.p.r.p.TestFile    ... success: reloaded. 
120989     INFO  main            d.u.i.k.p.r.p.TestFile    Now processing file /home/runner/work/key/key/key.core/../key.ui/examples/performance-test/Dynamic(Dynamic__foo_08()).JML_operation_contract.0.key 
120989     INFO  main            d.u.i.k.p.i.AbstractProblemLoader Loading environment from /home/runner/work/key/key/key.core/../key.ui/examples/performance-test/Dynamic(Dynamic__foo_08()).JML_operation_contract.0.key 
120989     DEBUG main            d.u.i.k.p.i.AbstractProblemLoader Environment load took 276.7ns 
120990     INFO  main            d.u.i.k.p.i.AbstractProblemLoader Creating init config 
123910     DEBUG main            d.u.i.k.j.r.ClassPreparationMethodBuilder clPrepBuilder: Inner Class detected. Reject building class initialisation methods. 
130614     DEBUG main            d.u.i.k.p.i.AbstractProblemLoader Init config took 9.62s 
130703     INFO  main            d.u.i.k.p.i.AbstractProblemLoader Replaying proof Dynamic[Dynamic::foo_8()].JML operation contract.0 
130706     DEBUG main            d.u.i.k.p.i.IntermediateProofReplayer Proof replay took 10.7ns 
135652     INFO  main            d.u.i.k.p.r.p.TestFile    ... finished proof: closed. 
136011     INFO  main            d.u.i.k.p.i.AbstractProblemLoader Loading environment from /home/runner/work/key/key/key.core/../key.ui/examples/performance-test/Dynamic(Dynamic__foo_08()).JML_operation_contract.0.key.proof 
136012     DEBUG main            d.u.i.k.p.i.AbstractProblemLoader Environment load took 541.2ns 
136014     INFO  main            d.u.i.k.p.i.AbstractProblemLoader Creating init config 
138821     DEBUG main            d.u.i.k.j.r.ClassPreparationMethodBuilder clPrepBuilder: Inner Class detected. Reject building class initialisation methods. 
145489     DEBUG main            d.u.i.k.p.i.AbstractProblemLoader Init config took 9.47s 
145570     INFO  main            d.u.i.k.p.i.AbstractProblemLoader Replaying proof Dynamic[Dynamic::foo_8()].JML operation contract.0 
146022     DEBUG main            d.u.i.k.p.i.IntermediateProofReplayer Proof replay took 431.27ms 
146024     DEBUG main            d.u.i.k.p.r.p.TestFile    ... success: reloaded. 
146026     INFO  main            d.u.i.k.p.r.p.TestFile    Now processing file /home/runner/work/key/key/key.core/../key.ui/examples/performance-test/DynamicGhost(DynamicGhost__dynamicGhost_08()).JML_normal_behavior_operation_contract.0.key 
146026     INFO  main            d.u.i.k.p.i.AbstractProblemLoader Loading environment from /home/runner/work/key/key/key.core/../key.ui/examples/performance-test/DynamicGhost(DynamicGhost__dynamicGhost_08()).JML_normal_behavior_operation_contract.0.key 
146026     DEBUG main            d.u.i.k.p.i.AbstractProblemLoader Environment load took 99.9ns 
146027     INFO  main            d.u.i.k.p.i.AbstractProblemLoader Creating init config 
148961     DEBUG main            d.u.i.k.j.r.ClassPreparationMethodBuilder clPrepBuilder: Inner Class detected. Reject building class initialisation methods. 
155617     DEBUG main            d.u.i.k.p.i.AbstractProblemLoader Init config took 9.59s 
155702     INFO  main            d.u.i.k.p.i.AbstractProblemLoader Replaying proof DynamicGhost[DynamicGhost::dynamicGhost_8()].JML normal_behavior operation contract.0 
155704     DEBUG main            d.u.i.k.p.i.IntermediateProofReplayer Proof replay took 10.1ns 
159518     INFO  main            d.u.i.k.p.r.p.TestFile    ... finished proof: closed. 
159935     INFO  main            d.u.i.k.p.i.AbstractProblemLoader Loading environment from /home/runner/work/key/key/key.core/../key.ui/examples/performance-test/DynamicGhost(DynamicGhost__dynamicGhost_08()).JML_normal_behavior_operation_contract.0.key.proof 
159936     DEBUG main            d.u.i.k.p.i.AbstractProblemLoader Environment load took 547.4ns 
159938     INFO  main            d.u.i.k.p.i.AbstractProblemLoader Creating init config 
162743     DEBUG main            d.u.i.k.j.r.ClassPreparationMethodBuilder clPrepBuilder: Inner Class detected. Reject building class initialisation methods. 
169392     DEBUG main            d.u.i.k.p.i.AbstractProblemLoader Init config took 9.45s 
169477     INFO  main            d.u.i.k.p.i.AbstractProblemLoader Replaying proof DynamicGhost[DynamicGhost::dynamicGhost_8()].JML normal_behavior operation contract.0 
169938     DEBUG main            d.u.i.k.p.i.IntermediateProofReplayer Proof replay took 441.09ms 
169940     DEBUG main            d.u.i.k.p.r.p.TestFile    ... success: reloaded. 
169942     INFO  main            d.u.i.k.p.r.p.TestFile    Now processing file /home/runner/work/key/key/key.core/../key.ui/examples/performance-test/GhostFrame(GhostFrame__foo_08()).JML_operation_contract.0.key 
169942     INFO  main            d.u.i.k.p.i.AbstractProblemLoader Loading environment from /home/runner/work/key/key/key.core/../key.ui/examples/performance-test/GhostFrame(GhostFrame__foo_08()).JML_operation_contract.0.key 
169943     DEBUG main            d.u.i.k.p.i.AbstractProblemLoader Environment load took 318.31ns 
169944     INFO  main            d.u.i.k.p.i.AbstractProblemLoader Creating init config 
172866     DEBUG main            d.u.i.k.j.r.ClassPreparationMethodBuilder clPrepBuilder: Inner Class detected. Reject building class initialisation methods. 
179580     DEBUG main            d.u.i.k.p.i.AbstractProblemLoader Init config took 9.64s 
179672     INFO  main            d.u.i.k.p.i.AbstractProblemLoader Replaying proof GhostFrame[GhostFrame::foo_8()].JML operation contract.0 
179674     DEBUG main            d.u.i.k.p.i.IntermediateProofReplayer Proof replay took 23.1ns 
181483     INFO  main            d.u.i.k.p.r.p.TestFile    ... finished proof: closed. 
181878     INFO  main            d.u.i.k.p.i.AbstractProblemLoader Loading environment from /home/runner/work/key/key/key.core/../key.ui/examples/performance-test/GhostFrame(GhostFrame__foo_08()).JML_operation_contract.0.key.proof 
181879     DEBUG main            d.u.i.k.p.i.AbstractProblemLoader Environment load took 121.1ns 
181880     INFO  main            d.u.i.k.p.i.AbstractProblemLoader Creating init config 
184706     DEBUG main            d.u.i.k.j.r.ClassPreparationMethodBuilder clPrepBuilder: Inner Class detected. Reject building class initialisation methods. 
191339     DEBUG main            d.u.i.k.p.i.AbstractProblemLoader Init config took 9.46s 
191441     INFO  main            d.u.i.k.p.i.AbstractProblemLoader Replaying proof GhostFrame[GhostFrame::foo_8()].JML operation contract.0 
191699     DEBUG main            d.u.i.k.p.i.IntermediateProofReplayer Proof replay took 246.34ms 
191701     DEBUG main            d.u.i.k.p.r.p.TestFile    ... success: reloaded. 
191707     INFO  main            d.u.i.k.p.r.p.TestFile    Now processing file /home/runner/work/key/key/key.core/../key.ui/examples/performance-test/Modelfield(Modelfield__foo_08()).JML_operation_contract.0.key 
191707     INFO  main            d.u.i.k.p.i.AbstractProblemLoader Loading environment from /home/runner/work/key/key/key.core/../key.ui/examples/performance-test/Modelfield(Modelfield__foo_08()).JML_operation_contract.0.key 
191707     DEBUG main            d.u.i.k.p.i.AbstractProblemLoader Environment load took 98.1ns 
191710     INFO  main            d.u.i.k.p.i.AbstractProblemLoader Creating init config 
194620     DEBUG main            d.u.i.k.j.r.ClassPreparationMethodBuilder clPrepBuilder: Inner Class detected. Reject building class initialisation methods. 
201317     DEBUG main            d.u.i.k.p.i.AbstractProblemLoader Init config took 9.61s 
201397     INFO  main            d.u.i.k.p.i.AbstractProblemLoader Replaying proof Modelfield[Modelfield::foo_8()].JML operation contract.0 
201398     DEBUG main            d.u.i.k.p.i.IntermediateProofReplayer Proof replay took 5.7ns 
204213     INFO  main            d.u.i.k.p.r.p.TestFile    ... finished proof: closed. 
204635     INFO  main            d.u.i.k.p.i.AbstractProblemLoader Loading environment from /home/runner/work/key/key/key.core/../key.ui/examples/performance-test/Modelfield(Modelfield__foo_08()).JML_operation_contract.0.key.proof 
204635     DEBUG main            d.u.i.k.p.i.AbstractProblemLoader Environment load took 552.7ns 
204637     INFO  main            d.u.i.k.p.i.AbstractProblemLoader Creating init config 
207438     DEBUG main            d.u.i.k.j.r.ClassPreparationMethodBuilder clPrepBuilder: Inner Class detected. Reject building class initialisation methods. 
214085     DEBUG main            d.u.i.k.p.i.AbstractProblemLoader Init config took 9.45s 
214167     INFO  main            d.u.i.k.p.i.AbstractProblemLoader Replaying proof Modelfield[Modelfield::foo_8()].JML operation contract.0 
214505     DEBUG main            d.u.i.k.p.i.IntermediateProofReplayer Proof replay took 325.27ms 
214506     DEBUG main            d.u.i.k.p.r.p.TestFile    ... success: reloaded. 
354552     INFO  Test worker     d.u.i.k.p.r.p.StatisticsFile Returning from test performance 
354559     INFO  Test worker     d.u.i.k.p.r.p.StatisticsFile Running test performancePOConstruction 
320        INFO  Timeout watchdog d.u.i.k.p.r.p.ForkedTestFileRunner Timeout watcher launched (2000 secs.) 
328        WARN  main            d.u.i.k.s.ProofSettings   The settings in /home/runner/.key/proof-settings.props are *not* read. 
354        INFO  main            d.u.i.k.p.r.p.TestFile    Now processing file /home/runner/work/key/key/key.core/../key.ui/examples/performance-test/Test(Test__a0(int)).JML_normal_behavior_operation_contract.0.key 
455        INFO  main            d.u.i.k.p.i.AbstractProblemLoader Loading environment from /home/runner/work/key/key/key.core/../key.ui/examples/performance-test/Test(Test__a0(int)).JML_normal_behavior_operation_contract.0.key 
480        DEBUG main            d.u.i.k.p.i.AbstractProblemLoader Environment load took 2.24ms 
693        INFO  main            d.u.i.k.p.i.AbstractProblemLoader Creating init config 
1712       DEBUG main            d.u.i.k.j.TypeConverter   No LDT found for Meta 
1712       DEBUG main            d.u.i.k.j.TypeConverter   No LDT found for Meta 
1715       DEBUG main            d.u.i.k.j.TypeConverter   No LDT found for Meta 
1716       DEBUG main            d.u.i.k.j.TypeConverter   No LDT found for Meta 
3304       DEBUG main            d.u.i.k.j.TypeConverter   No LDT found for JavaBigintExpression 
8365       DEBUG main            d.u.i.k.j.r.ClassPreparationMethodBuilder clPrepBuilder: Inner Class detected. Reject building class initialisation methods. 
16061      DEBUG main            d.u.i.k.p.i.AbstractProblemLoader Init config took 15.37s 
16990      INFO  main            d.u.i.k.p.i.AbstractProblemLoader Replaying proof Test[Test::a0(int)].JML normal_behavior operation contract.0 
17045      DEBUG main            d.u.i.k.p.i.IntermediateProofReplayer Proof replay took 31.8ns 
17387      INFO  main            d.u.i.k.p.r.p.TestFile    ... finished proof: closed. 
17527      INFO  main            d.u.i.k.p.i.AbstractProblemLoader Loading environment from /home/runner/work/key/key/key.core/../key.ui/examples/performance-test/Test(Test__a0(int)).JML_normal_behavior_operation_contract.0.key.proof 
17527      DEBUG main            d.u.i.k.p.i.AbstractProblemLoader Environment load took 134.1ns 
17529      INFO  main            d.u.i.k.p.i.AbstractProblemLoader Creating init config 
20594      DEBUG main            d.u.i.k.j.r.ClassPreparationMethodBuilder clPrepBuilder: Inner Class detected. Reject building class initialisation methods. 
27446      DEBUG main            d.u.i.k.p.i.AbstractProblemLoader Init config took 9.92s 
28146      INFO  main            d.u.i.k.p.i.AbstractProblemLoader Replaying proof Test[Test::a0(int)].JML normal_behavior operation contract.0 
28169      DEBUG main            d.u.i.k.p.i.IntermediateProofReplayer Proof replay took 18.71ms 
28176      DEBUG main            d.u.i.k.p.r.p.TestFile    ... success: reloaded. 
28178      INFO  main            d.u.i.k.p.r.p.TestFile    Now processing file /home/runner/work/key/key/key.core/../key.ui/examples/performance-test/Test(Test__a1(int)).JML_normal_behavior_operation_contract.0.key 
28179      INFO  main            d.u.i.k.p.i.AbstractProblemLoader Loading environment from /home/runner/work/key/key/key.core/../key.ui/examples/performance-test/Test(Test__a1(int)).JML_normal_behavior_operation_contract.0.key 
28180      DEBUG main            d.u.i.k.p.i.AbstractProblemLoader Environment load took 279.3ns 
28181      INFO  main            d.u.i.k.p.i.AbstractProblemLoader Creating init config 
31003      DEBUG main            d.u.i.k.j.r.ClassPreparationMethodBuilder clPrepBuilder: Inner Class detected. Reject building class initialisation methods. 
37510      DEBUG main            d.u.i.k.p.i.AbstractProblemLoader Init config took 9.33s 
38166      INFO  main            d.u.i.k.p.i.AbstractProblemLoader Replaying proof Test[Test::a1(int)].JML normal_behavior operation contract.0 
38169      DEBUG main            d.u.i.k.p.i.IntermediateProofReplayer Proof replay took 6.7ns 
38474      INFO  main            d.u.i.k.p.r.p.TestFile    ... finished proof: closed. 
38742      INFO  main            d.u.i.k.p.i.AbstractProblemLoader Loading environment from /home/runner/work/key/key/key.core/../key.ui/examples/performance-test/Test(Test__a1(int)).JML_normal_behavior_operation_contract.0.key.proof 
38744      DEBUG main            d.u.i.k.p.i.AbstractProblemLoader Environment load took 1.28ms 
38745      INFO  main            d.u.i.k.p.i.AbstractProblemLoader Creating init config 
41564      DEBUG main            d.u.i.k.j.r.ClassPreparationMethodBuilder clPrepBuilder: Inner Class detected. Reject building class initialisation methods. 
48024      DEBUG main            d.u.i.k.p.i.AbstractProblemLoader Init config took 9.28s 
48729      INFO  main            d.u.i.k.p.i.AbstractProblemLoader Replaying proof Test[Test::a1(int)].JML normal_behavior operation contract.0 
48788      DEBUG main            d.u.i.k.p.i.IntermediateProofReplayer Proof replay took 55.11ms 
48789      DEBUG main            d.u.i.k.p.r.p.TestFile    ... success: reloaded. 
48791      INFO  main            d.u.i.k.p.r.p.TestFile    Now processing file /home/runner/work/key/key/key.core/../key.ui/examples/performance-test/Test(Test__f1(int)).JML_normal_behavior_operation_contract.0.key 
48800      INFO  main            d.u.i.k.p.i.AbstractProblemLoader Loading environment from /home/runner/work/key/key/key.core/../key.ui/examples/performance-test/Test(Test__f1(int)).JML_normal_behavior_operation_contract.0.key 
48801      DEBUG main            d.u.i.k.p.i.AbstractProblemLoader Environment load took 468.5ns 
48802      INFO  main            d.u.i.k.p.i.AbstractProblemLoader Creating init config 
51570      DEBUG main            d.u.i.k.j.r.ClassPreparationMethodBuilder clPrepBuilder: Inner Class detected. Reject building class initialisation methods. 
57964      DEBUG main            d.u.i.k.p.i.AbstractProblemLoader Init config took 9.16s 
58659      INFO  main            d.u.i.k.p.i.AbstractProblemLoader Replaying proof Test[Test::f1(int)].JML normal_behavior operation contract.0 
58661      DEBUG main            d.u.i.k.p.i.IntermediateProofReplayer Proof replay took 6.8ns 
58864      INFO  main            d.u.i.k.p.r.p.TestFile    ... finished proof: closed. 
59112      INFO  main            d.u.i.k.p.i.AbstractProblemLoader Loading environment from /home/runner/work/key/key/key.core/../key.ui/examples/performance-test/Test(Test__f1(int)).JML_normal_behavior_operation_contract.0.key.proof 
59114      DEBUG main            d.u.i.k.p.i.AbstractProblemLoader Environment load took 2.49ms 
59116      INFO  main            d.u.i.k.p.i.AbstractProblemLoader Creating init config 
61821      DEBUG main            d.u.i.k.j.r.ClassPreparationMethodBuilder clPrepBuilder: Inner Class detected. Reject building class initialisation methods. 
68201      DEBUG main            d.u.i.k.p.i.AbstractProblemLoader Init config took 9.08s 
68815      INFO  main            d.u.i.k.p.i.AbstractProblemLoader Replaying proof Test[Test::f1(int)].JML normal_behavior operation contract.0 
68857      DEBUG main            d.u.i.k.p.i.IntermediateProofReplayer Proof replay took 39.02ms 
68859      DEBUG main            d.u.i.k.p.r.p.TestFile    ... success: reloaded. 
423605     INFO  Test worker     d.u.i.k.p.r.p.StatisticsFile Returning from test performancePOConstruction 
423607     INFO  Test worker     d.u.i.k.p.r.p.StatisticsFile Running test applicationRestrictions 
355        INFO  Timeout watchdog d.u.i.k.p.r.p.ForkedTestFileRunner Timeout watcher launched (2000 secs.) 
373        WARN  main            d.u.i.k.s.ProofSettings   The settings in /home/runner/.key/proof-settings.props are *not* read. 
420        INFO  main            d.u.i.k.p.r.p.TestFile    Now processing file /home/runner/work/key/key/key.core/../key.ui/examples/heap/polarity_tests/wellformed1.key 
559        INFO  main            d.u.i.k.p.i.AbstractProblemLoader Loading environment from /home/runner/work/key/key/key.core/../key.ui/examples/heap/polarity_tests/wellformed1.key 
577        DEBUG main            d.u.i.k.p.i.AbstractProblemLoader Environment load took 2.2ms 
838        INFO  main            d.u.i.k.p.i.AbstractProblemLoader Creating init config 
1763       DEBUG main            d.u.i.k.j.TypeConverter   No LDT found for Meta 
1763       DEBUG main            d.u.i.k.j.TypeConverter   No LDT found for Meta 
1768       DEBUG main            d.u.i.k.j.TypeConverter   No LDT found for Meta 
1768       DEBUG main            d.u.i.k.j.TypeConverter   No LDT found for Meta 
3252       DEBUG main            d.u.i.k.j.TypeConverter   No LDT found for JavaBigintExpression 
7903       DEBUG main            d.u.i.k.p.i.AbstractProblemLoader Init config took 7.07s 
7966       INFO  main            d.u.i.k.p.i.AbstractProblemLoader Replaying proof wellformed1.key 
7996       DEBUG main            d.u.i.k.p.i.IntermediateProofReplayer Proof replay took 36.4ns 
8159       INFO  main            d.u.i.k.p.r.p.TestFile    ... finished proof: closed. 
8247       INFO  main            d.u.i.k.p.i.AbstractProblemLoader Loading environment from /home/runner/work/key/key/key.core/../key.ui/examples/heap/polarity_tests/wellformed1.key.proof 
8248       DEBUG main            d.u.i.k.p.i.AbstractProblemLoader Environment load took 137.7ns 
8252       INFO  main            d.u.i.k.p.i.AbstractProblemLoader Creating init config 
10912      DEBUG main            d.u.i.k.p.i.AbstractProblemLoader Init config took 2.66s 
10944      INFO  main            d.u.i.k.p.i.AbstractProblemLoader Replaying proof wellformed1.key.proof 
10955      DEBUG main            d.u.i.k.p.i.IntermediateProofReplayer Proof replay took 3.3ms 
10971      DEBUG main            d.u.i.k.p.r.p.TestFile    ... success: reloaded. 
10974      INFO  main            d.u.i.k.p.r.p.TestFile    Now processing file /home/runner/work/key/key/key.core/../key.ui/examples/heap/polarity_tests/wellformed2.key 
10975      INFO  main            d.u.i.k.p.i.AbstractProblemLoader Loading environment from /home/runner/work/key/key/key.core/../key.ui/examples/heap/polarity_tests/wellformed2.key 
10975      DEBUG main            d.u.i.k.p.i.AbstractProblemLoader Environment load took 128.1ns 
10978      INFO  main            d.u.i.k.p.i.AbstractProblemLoader Creating init config 
13547      DEBUG main            d.u.i.k.p.i.AbstractProblemLoader Init config took 2.57s 
13576      INFO  main            d.u.i.k.p.i.AbstractProblemLoader Replaying proof wellformed2.key 
13578      DEBUG main            d.u.i.k.p.i.IntermediateProofReplayer Proof replay took 7ns 
13683      INFO  main            d.u.i.k.p.r.p.TestFile    ... finished proof: open goal(s) 
13799      INFO  main            d.u.i.k.p.r.p.TestFile    Now processing file /home/runner/work/key/key/key.core/../key.ui/examples/heap/polarity_tests/wellformed3.key 
13799      INFO  main            d.u.i.k.p.i.AbstractProblemLoader Loading environment from /home/runner/work/key/key/key.core/../key.ui/examples/heap/polarity_tests/wellformed3.key 
13799      DEBUG main            d.u.i.k.p.i.AbstractProblemLoader Environment load took 78.3ns 
13801      INFO  main            d.u.i.k.p.i.AbstractProblemLoader Creating init config 
16288      DEBUG main            d.u.i.k.p.i.AbstractProblemLoader Init config took 2.49s 
16320      INFO  main            d.u.i.k.p.i.AbstractProblemLoader Replaying proof wellformed3.key 
16322      DEBUG main            d.u.i.k.p.i.IntermediateProofReplayer Proof replay took 6.5ns 
16424      INFO  main            d.u.i.k.p.r.p.TestFile    ... finished proof: closed. 
16556      INFO  main            d.u.i.k.p.i.AbstractProblemLoader Loading environment from /home/runner/work/key/key/key.core/../key.ui/examples/heap/polarity_tests/wellformed3.key.proof 
16556      DEBUG main            d.u.i.k.p.i.AbstractProblemLoader Environment load took 141.8ns 
16558      INFO  main            d.u.i.k.p.i.AbstractProblemLoader Creating init config 
19028      DEBUG main            d.u.i.k.p.i.AbstractProblemLoader Init config took 2.47s 
19049      INFO  main            d.u.i.k.p.i.AbstractProblemLoader Replaying proof wellformed3.key.proof 
19053      DEBUG main            d.u.i.k.p.i.IntermediateProofReplayer Proof replay took 1.75ms 
19054      DEBUG main            d.u.i.k.p.r.p.TestFile    ... success: reloaded. 
19055      INFO  main            d.u.i.k.p.r.p.TestFile    Now processing file /home/runner/work/key/key/key.core/../key.ui/examples/heap/polarity_tests/wellformed4.key 
19055      INFO  main            d.u.i.k.p.i.AbstractProblemLoader Loading environment from /home/runner/work/key/key/key.core/../key.ui/examples/heap/polarity_tests/wellformed4.key 
19056      DEBUG main            d.u.i.k.p.i.AbstractProblemLoader Environment load took 235ns 
19057      INFO  main            d.u.i.k.p.i.AbstractProblemLoader Creating init config 
21499      DEBUG main            d.u.i.k.p.i.AbstractProblemLoader Init config took 2.44s 
21519      INFO  main            d.u.i.k.p.i.AbstractProblemLoader Replaying proof wellformed4.key 
21520      DEBUG main            d.u.i.k.p.i.IntermediateProofReplayer Proof replay took 6.7ns 
21624      INFO  main            d.u.i.k.p.r.p.TestFile    ... finished proof: open goal(s) 
21762      INFO  main            d.u.i.k.p.r.p.TestFile    Now processing file /home/runner/work/key/key/key.core/../key.ui/examples/heap/polarity_tests/wellformed5.key 
21764      INFO  main            d.u.i.k.p.i.AbstractProblemLoader Loading environment from /home/runner/work/key/key/key.core/../key.ui/examples/heap/polarity_tests/wellformed5.key 
21764      DEBUG main            d.u.i.k.p.i.AbstractProblemLoader Environment load took 77.3ns 
21765      INFO  main            d.u.i.k.p.i.AbstractProblemLoader Creating init config 
24128      DEBUG main            d.u.i.k.p.i.AbstractProblemLoader Init config took 2.36s 
24147      INFO  main            d.u.i.k.p.i.AbstractProblemLoader Replaying proof wellformed5.key 
24149      DEBUG main            d.u.i.k.p.i.IntermediateProofReplayer Proof replay took 5.8ns 
24251      INFO  main            d.u.i.k.p.r.p.TestFile    ... finished proof: closed. 
24367      INFO  main            d.u.i.k.p.i.AbstractProblemLoader Loading environment from /home/runner/work/key/key/key.core/../key.ui/examples/heap/polarity_tests/wellformed5.key.proof 
24367      DEBUG main            d.u.i.k.p.i.AbstractProblemLoader Environment load took 150ns 
24370      INFO  main            d.u.i.k.p.i.AbstractProblemLoader Creating init config 
26745      DEBUG main            d.u.i.k.p.i.AbstractProblemLoader Init config took 2.37s 
26764      INFO  main            d.u.i.k.p.i.AbstractProblemLoader Replaying proof wellformed5.key.proof 
26767      DEBUG main            d.u.i.k.p.i.IntermediateProofReplayer Proof replay took 972.3ns 
26769      DEBUG main            d.u.i.k.p.r.p.TestFile    ... success: reloaded. 
26770      INFO  main            d.u.i.k.p.r.p.TestFile    Now processing file /home/runner/work/key/key/key.core/../key.ui/examples/heap/polarity_tests/wellformed6.key 
26770      INFO  main            d.u.i.k.p.i.AbstractProblemLoader Loading environment from /home/runner/work/key/key/key.core/../key.ui/examples/heap/polarity_tests/wellformed6.key 
26770      DEBUG main            d.u.i.k.p.i.AbstractProblemLoader Environment load took 232.6ns 
26771      INFO  main            d.u.i.k.p.i.AbstractProblemLoader Creating init config 
29180      DEBUG main            d.u.i.k.p.i.AbstractProblemLoader Init config took 2.41s 
29198      INFO  main            d.u.i.k.p.i.AbstractProblemLoader Replaying proof wellformed6.key 
29199      DEBUG main            d.u.i.k.p.i.IntermediateProofReplayer Proof replay took 7ns 
29301      INFO  main            d.u.i.k.p.r.p.TestFile    ... finished proof: open goal(s) 
29435      INFO  main            d.u.i.k.p.r.p.TestFile    Now processing file /home/runner/work/key/key/key.core/../key.ui/examples/heap/polarity_tests/wellformed7.key 
29435      INFO  main            d.u.i.k.p.i.AbstractProblemLoader Loading environment from /home/runner/work/key/key/key.core/../key.ui/examples/heap/polarity_tests/wellformed7.key 
29436      DEBUG main            d.u.i.k.p.i.AbstractProblemLoader Environment load took 69.4ns 
29437      INFO  main            d.u.i.k.p.i.AbstractProblemLoader Creating init config 
31770      DEBUG main            d.u.i.k.p.i.AbstractProblemLoader Init config took 2.33s 
31789      INFO  main            d.u.i.k.p.i.AbstractProblemLoader Replaying proof wellformed7.key 
31790      DEBUG main            d.u.i.k.p.i.IntermediateProofReplayer Proof replay took 6.6ns 
31893      INFO  main            d.u.i.k.p.r.p.TestFile    ... finished proof: closed. 
32083      INFO  main            d.u.i.k.p.i.AbstractProblemLoader Loading environment from /home/runner/work/key/key/key.core/../key.ui/examples/heap/polarity_tests/wellformed7.key.proof 
32083      DEBUG main            d.u.i.k.p.i.AbstractProblemLoader Environment load took 113.6ns 
32084      INFO  main            d.u.i.k.p.i.AbstractProblemLoader Creating init config 
34478      DEBUG main            d.u.i.k.p.i.AbstractProblemLoader Init config took 2.39s 
34499      INFO  main            d.u.i.k.p.i.AbstractProblemLoader Replaying proof wellformed7.key.proof 
34505      DEBUG main            d.u.i.k.p.i.IntermediateProofReplayer Proof replay took 2.4ms 
34506      DEBUG main            d.u.i.k.p.r.p.TestFile    ... success: reloaded. 
34507      INFO  main            d.u.i.k.p.r.p.TestFile    Now processing file /home/runner/work/key/key/key.core/../key.ui/examples/heap/polarity_tests/wellformed8.key 
34507      INFO  main            d.u.i.k.p.i.AbstractProblemLoader Loading environment from /home/runner/work/key/key/key.core/../key.ui/examples/heap/polarity_tests/wellformed8.key 
34508      DEBUG main            d.u.i.k.p.i.AbstractProblemLoader Environment load took 233.4ns 
34509      INFO  main            d.u.i.k.p.i.AbstractProblemLoader Creating init config 
36888      DEBUG main            d.u.i.k.p.i.AbstractProblemLoader Init config took 2.38s 
36907      INFO  main            d.u.i.k.p.i.AbstractProblemLoader Replaying proof wellformed8.key 
36908      DEBUG main            d.u.i.k.p.i.IntermediateProofReplayer Proof replay took 7.7ns 
37011      INFO  main            d.u.i.k.p.r.p.TestFile    ... finished proof: open goal(s) 
37186      INFO  main            d.u.i.k.p.r.p.TestFile    Now processing file /home/runner/work/key/key/key.core/../key.ui/examples/heap/polarity_tests/wellformed9.key 
37186      INFO  main            d.u.i.k.p.i.AbstractProblemLoader Loading environment from /home/runner/work/key/key/key.core/../key.ui/examples/heap/polarity_tests/wellformed9.key 
37186      DEBUG main            d.u.i.k.p.i.AbstractProblemLoader Environment load took 64.8ns 
37187      INFO  main            d.u.i.k.p.i.AbstractProblemLoader Creating init config 
39570      DEBUG main            d.u.i.k.p.i.AbstractProblemLoader Init config took 2.38s 
39587      INFO  main            d.u.i.k.p.i.AbstractProblemLoader Replaying proof wellformed9.key 
39589      DEBUG main            d.u.i.k.p.i.IntermediateProofReplayer Proof replay took 6.7ns 
39691      INFO  main            d.u.i.k.p.r.p.TestFile    ... finished proof: closed. 
39823      INFO  main            d.u.i.k.p.i.AbstractProblemLoader Loading environment from /home/runner/work/key/key/key.core/../key.ui/examples/heap/polarity_tests/wellformed9.key.proof 
39823      DEBUG main            d.u.i.k.p.i.AbstractProblemLoader Environment load took 115.1ns 
39824      INFO  main            d.u.i.k.p.i.AbstractProblemLoader Creating init config 
42170      DEBUG main            d.u.i.k.p.i.AbstractProblemLoader Init config took 2.35s 
42187      INFO  main            d.u.i.k.p.i.AbstractProblemLoader Replaying proof wellformed9.key.proof 
42190      DEBUG main            d.u.i.k.p.i.IntermediateProofReplayer Proof replay took 1.3ms 
42191      DEBUG main            d.u.i.k.p.r.p.TestFile    ... success: reloaded. 
42192      INFO  main            d.u.i.k.p.r.p.TestFile    Now processing file /home/runner/work/key/key/key.core/../key.ui/examples/heap/polarity_tests/wellformed10.key 
42193      INFO  main            d.u.i.k.p.i.AbstractProblemLoader Loading environment from /home/runner/work/key/key/key.core/../key.ui/examples/heap/polarity_tests/wellformed10.key 
42193      DEBUG main            d.u.i.k.p.i.AbstractProblemLoader Environment load took 268.6ns 
42194      INFO  main            d.u.i.k.p.i.AbstractProblemLoader Creating init config 
44570      DEBUG main            d.u.i.k.p.i.AbstractProblemLoader Init config took 2.38s 
44587      INFO  main            d.u.i.k.p.i.AbstractProblemLoader Replaying proof wellformed10.key 
44588      DEBUG main            d.u.i.k.p.i.IntermediateProofReplayer Proof replay took 7ns 
44690      INFO  main            d.u.i.k.p.r.p.TestFile    ... finished proof: open goal(s) 
44833      INFO  main            d.u.i.k.p.r.p.TestFile    Now processing file /home/runner/work/key/key/key.core/../key.ui/examples/heap/polarity_tests/wellformed11.key 
44833      INFO  main            d.u.i.k.p.i.AbstractProblemLoader Loading environment from /home/runner/work/key/key/key.core/../key.ui/examples/heap/polarity_tests/wellformed11.key 
44834      DEBUG main            d.u.i.k.p.i.AbstractProblemLoader Environment load took 66.3ns 
44837      INFO  main            d.u.i.k.p.i.AbstractProblemLoader Creating init config 
47132      DEBUG main            d.u.i.k.p.i.AbstractProblemLoader Init config took 2.29s 
47147      INFO  main            d.u.i.k.p.i.AbstractProblemLoader Replaying proof wellformed11.key 
47148      DEBUG main            d.u.i.k.p.i.IntermediateProofReplayer Proof replay took 6.8ns 
47253      INFO  main            d.u.i.k.p.r.p.TestFile    ... finished proof: open goal(s) 
471165     INFO  Test worker     d.u.i.k.p.r.p.StatisticsFile Returning from test applicationRestrictions 
471168     INFO  Test worker     d.u.i.k.p.r.p.StatisticsFile Running test blockContracts 
361        INFO  Timeout watchdog d.u.i.k.p.r.p.ForkedTestFileRunner Timeout watcher launched (2000 secs.) 
372        WARN  main            d.u.i.k.s.ProofSettings   The settings in /home/runner/.key/proof-settings.props are *not* read. 
406        INFO  main            d.u.i.k.p.r.p.TestFile    Now processing file /home/runner/work/key/key/key.core/../key.ui/examples/heap/block_contracts/Simple__add.key 
505        INFO  main            d.u.i.k.p.i.AbstractProblemLoader Loading environment from /home/runner/work/key/key/key.core/../key.ui/examples/heap/block_contracts/Simple__add.key 
525        DEBUG main            d.u.i.k.p.i.AbstractProblemLoader Environment load took 1.85ms 
732        INFO  main            d.u.i.k.p.i.AbstractProblemLoader Creating init config 
1625       DEBUG main            d.u.i.k.j.TypeConverter   No LDT found for Meta 
1626       DEBUG main            d.u.i.k.j.TypeConverter   No LDT found for Meta 
1627       DEBUG main            d.u.i.k.j.TypeConverter   No LDT found for Meta 
1628       DEBUG main            d.u.i.k.j.TypeConverter   No LDT found for Meta 
3025       DEBUG main            d.u.i.k.j.TypeConverter   No LDT found for JavaBigintExpression 
8615       DEBUG main            d.u.i.k.p.i.AbstractProblemLoader Init config took 7.88s 
8799       INFO  main            d.u.i.k.p.i.AbstractProblemLoader Replaying proof Simple[Simple::add(int,int)].JML operation contract.0 
8895       DEBUG main            d.u.i.k.p.i.IntermediateProofReplayer Proof replay took 322.4ns 
9723       INFO  main            d.u.i.k.p.r.p.TestFile    ... finished proof: closed. 
9838       INFO  main            d.u.i.k.p.i.AbstractProblemLoader Loading environment from /home/runner/work/key/key/key.core/../key.ui/examples/heap/block_contracts/Simple__add.key.proof 
9841       DEBUG main            d.u.i.k.p.i.AbstractProblemLoader Environment load took 2.48ms 
9843       INFO  main            d.u.i.k.p.i.AbstractProblemLoader Creating init config 
13115      DEBUG main            d.u.i.k.p.i.AbstractProblemLoader Init config took 3.27s 
13178      INFO  main            d.u.i.k.p.i.AbstractProblemLoader Replaying proof Simple[Simple::add(int,int)].JML operation contract.0 
13276      DEBUG main            d.u.i.k.p.i.IntermediateProofReplayer Proof replay took 88.22ms 
13283      DEBUG main            d.u.i.k.p.r.p.TestFile    ... success: reloaded. 
13288      INFO  main            d.u.i.k.p.r.p.TestFile    Now processing file /home/runner/work/key/key/key.core/../key.ui/examples/heap/block_contracts/Simple__addAbsoluteValues.key 
13289      INFO  main            d.u.i.k.p.i.AbstractProblemLoader Loading environment from /home/runner/work/key/key/key.core/../key.ui/examples/heap/block_contracts/Simple__addAbsoluteValues.key 
13289      DEBUG main            d.u.i.k.p.i.AbstractProblemLoader Environment load took 263ns 
13293      INFO  main            d.u.i.k.p.i.AbstractProblemLoader Creating init config 
16422      DEBUG main            d.u.i.k.p.i.AbstractProblemLoader Init config took 3.13s 
16498      INFO  main            d.u.i.k.p.i.AbstractProblemLoader Replaying proof Simple[Simple::addAbsoluteValues(int,int)].JML normal_behavior operation contract.0 
16502      DEBUG main            d.u.i.k.p.i.IntermediateProofReplayer Proof replay took 13.6ns 
17716      INFO  main            d.u.i.k.p.r.p.TestFile    ... finished proof: closed. 
17881      INFO  main            d.u.i.k.p.i.AbstractProblemLoader Loading environment from /home/runner/work/key/key/key.core/../key.ui/examples/heap/block_contracts/Simple__addAbsoluteValues.key.proof 
17881      DEBUG main            d.u.i.k.p.i.AbstractProblemLoader Environment load took 140.8ns 
17883      INFO  main            d.u.i.k.p.i.AbstractProblemLoader Creating init config 
20854      DEBUG main            d.u.i.k.p.i.AbstractProblemLoader Init config took 2.97s 
20914      INFO  main            d.u.i.k.p.i.AbstractProblemLoader Replaying proof Simple[Simple::addAbsoluteValues(int,int)].JML normal_behavior operation contract.0 
21096      DEBUG main            d.u.i.k.p.i.IntermediateProofReplayer Proof replay took 168.11ms 
21097      DEBUG main            d.u.i.k.p.r.p.TestFile    ... success: reloaded. 
21098      INFO  main            d.u.i.k.p.r.p.TestFile    Now processing file /home/runner/work/key/key/key.core/../key.ui/examples/heap/block_contracts/Simple__addWithJump.key 
21099      INFO  main            d.u.i.k.p.i.AbstractProblemLoader Loading environment from /home/runner/work/key/key/key.core/../key.ui/examples/heap/block_contracts/Simple__addWithJump.key 
21099      DEBUG main            d.u.i.k.p.i.AbstractProblemLoader Environment load took 217.8ns 
21100      INFO  main            d.u.i.k.p.i.AbstractProblemLoader Creating init config 
24189      DEBUG main            d.u.i.k.p.i.AbstractProblemLoader Init config took 3.09s 
24258      INFO  main            d.u.i.k.p.i.AbstractProblemLoader Replaying proof Simple[Simple::addWithJump(int,int,int)].JML operation contract.0 
24260      DEBUG main            d.u.i.k.p.i.IntermediateProofReplayer Proof replay took 9.9ns 
24463      INFO  main            d.u.i.k.p.r.p.TestFile    ... finished proof: closed. 
24637      INFO  main            d.u.i.k.p.i.AbstractProblemLoader Loading environment from /home/runner/work/key/key/key.core/../key.ui/examples/heap/block_contracts/Simple__addWithJump.key.proof 
24637      DEBUG main            d.u.i.k.p.i.AbstractProblemLoader Environment load took 124.5ns 
24638      INFO  main            d.u.i.k.p.i.AbstractProblemLoader Creating init config 
27653      DEBUG main            d.u.i.k.p.i.AbstractProblemLoader Init config took 3.02s 
27721      INFO  main            d.u.i.k.p.i.AbstractProblemLoader Replaying proof Simple[Simple::addWithJump(int,int,int)].JML operation contract.0 
27764      DEBUG main            d.u.i.k.p.i.IntermediateProofReplayer Proof replay took 38.3ms 
27766      DEBUG main            d.u.i.k.p.r.p.TestFile    ... success: reloaded. 
27768      INFO  main            d.u.i.k.p.r.p.TestFile    Now processing file /home/runner/work/key/key/key.core/../key.ui/examples/heap/block_contracts/Simple__addWithTwoBlockContracts.key 
27768      INFO  main            d.u.i.k.p.i.AbstractProblemLoader Loading environment from /home/runner/work/key/key/key.core/../key.ui/examples/heap/block_contracts/Simple__addWithTwoBlockContracts.key 
27769      DEBUG main            d.u.i.k.p.i.AbstractProblemLoader Environment load took 233.5ns 
27773      INFO  main            d.u.i.k.p.i.AbstractProblemLoader Creating init config 
30712      DEBUG main            d.u.i.k.p.i.AbstractProblemLoader Init config took 2.94s 
30757      INFO  main            d.u.i.k.p.i.AbstractProblemLoader Replaying proof Simple[Simple::addWithTwoBlockContracts(int,int,int)].JML operation contract.0 
30759      DEBUG main            d.u.i.k.p.i.IntermediateProofReplayer Proof replay took 9.8ns 
30962      INFO  main            d.u.i.k.p.r.p.TestFile    ... finished proof: closed. 
31127      INFO  main            d.u.i.k.p.i.AbstractProblemLoader Loading environment from /home/runner/work/key/key/key.core/../key.ui/examples/heap/block_contracts/Simple__addWithTwoBlockContracts.key.proof 
31127      DEBUG main            d.u.i.k.p.i.AbstractProblemLoader Environment load took 128.6ns 
31128      INFO  main            d.u.i.k.p.i.AbstractProblemLoader Creating init config 
34028      DEBUG main            d.u.i.k.p.i.AbstractProblemLoader Init config took 2.9s 
34072      INFO  main            d.u.i.k.p.i.AbstractProblemLoader Replaying proof Simple[Simple::addWithTwoBlockContracts(int,int,int)].JML operation contract.0 
34117      DEBUG main            d.u.i.k.p.i.IntermediateProofReplayer Proof replay took 41.93ms 
34118      DEBUG main            d.u.i.k.p.r.p.TestFile    ... success: reloaded. 
34119      INFO  main            d.u.i.k.p.r.p.TestFile    Now processing file /home/runner/work/key/key/key.core/../key.ui/examples/heap/block_contracts/Simple__generateByteArray.key 
34120      INFO  main            d.u.i.k.p.i.AbstractProblemLoader Loading environment from /home/runner/work/key/key/key.core/../key.ui/examples/heap/block_contracts/Simple__generateByteArray.key 
34120      DEBUG main            d.u.i.k.p.i.AbstractProblemLoader Environment load took 221.3ns 
34121      INFO  main            d.u.i.k.p.i.AbstractProblemLoader Creating init config 
37037      DEBUG main            d.u.i.k.p.i.AbstractProblemLoader Init config took 2.92s 
37079      INFO  main            d.u.i.k.p.i.AbstractProblemLoader Replaying proof Simple[Simple::generateByteArray()].JML normal_behavior operation contract.0 
37082      DEBUG main            d.u.i.k.p.i.IntermediateProofReplayer Proof replay took 10.7ns 
38789      INFO  main            d.u.i.k.p.r.p.TestFile    ... finished proof: closed. 
39016      INFO  main            d.u.i.k.p.i.AbstractProblemLoader Loading environment from /home/runner/work/key/key/key.core/../key.ui/examples/heap/block_contracts/Simple__generateByteArray.key.proof 
39016      DEBUG main            d.u.i.k.p.i.AbstractProblemLoader Environment load took 530.9ns 
39018      INFO  main            d.u.i.k.p.i.AbstractProblemLoader Creating init config 
41834      DEBUG main            d.u.i.k.p.i.AbstractProblemLoader Init config took 2.82s 
41877      INFO  main            d.u.i.k.p.i.AbstractProblemLoader Replaying proof Simple[Simple::generateByteArray()].JML normal_behavior operation contract.0 
42074      DEBUG main            d.u.i.k.p.i.IntermediateProofReplayer Proof replay took 184.12ms 
42075      DEBUG main            d.u.i.k.p.r.p.TestFile    ... success: reloaded. 
42077      INFO  main            d.u.i.k.p.r.p.TestFile    Now processing file /home/runner/work/key/key/key.core/../key.ui/examples/heap/block_contracts/Simple__getLength.key 
42077      INFO  main            d.u.i.k.p.i.AbstractProblemLoader Loading environment from /home/runner/work/key/key/key.core/../key.ui/examples/heap/block_contracts/Simple__getLength.key 
42077      DEBUG main            d.u.i.k.p.i.AbstractProblemLoader Environment load took 232.2ns 
42078      INFO  main            d.u.i.k.p.i.AbstractProblemLoader Creating init config 
45003      DEBUG main            d.u.i.k.p.i.AbstractProblemLoader Init config took 2.92s 
45046      INFO  main            d.u.i.k.p.i.AbstractProblemLoader Replaying proof Simple[Simple::getLength()].JML normal_behavior operation contract.0 
45048      DEBUG main            d.u.i.k.p.i.IntermediateProofReplayer Proof replay took 10.1ns 
45150      INFO  main            d.u.i.k.p.r.p.TestFile    ... finished proof: closed. 
45343      INFO  main            d.u.i.k.p.i.AbstractProblemLoader Loading environment from /home/runner/work/key/key/key.core/../key.ui/examples/heap/block_contracts/Simple__getLength.key.proof 
45344      DEBUG main            d.u.i.k.p.i.AbstractProblemLoader Environment load took 111.9ns 
45345      INFO  main            d.u.i.k.p.i.AbstractProblemLoader Creating init config 
48166      DEBUG main            d.u.i.k.p.i.AbstractProblemLoader Init config took 2.82s 
48208      INFO  main            d.u.i.k.p.i.AbstractProblemLoader Replaying proof Simple[Simple::getLength()].JML normal_behavior operation contract.0 
48215      DEBUG main            d.u.i.k.p.i.IntermediateProofReplayer Proof replay took 5.59ms 
48216      DEBUG main            d.u.i.k.p.r.p.TestFile    ... success: reloaded. 
48218      INFO  main            d.u.i.k.p.r.p.TestFile    Now processing file /home/runner/work/key/key/key.core/../key.ui/examples/heap/block_contracts/Simple__square.key 
48218      INFO  main            d.u.i.k.p.i.AbstractProblemLoader Loading environment from /home/runner/work/key/key/key.core/../key.ui/examples/heap/block_contracts/Simple__square.key 
48218      DEBUG main            d.u.i.k.p.i.AbstractProblemLoader Environment load took 218ns 
48219      INFO  main            d.u.i.k.p.i.AbstractProblemLoader Creating init config 
51026      DEBUG main            d.u.i.k.p.i.AbstractProblemLoader Init config took 2.81s 
51068      INFO  main            d.u.i.k.p.i.AbstractProblemLoader Replaying proof Simple[Simple::square(int)].JML operation contract.0 
51070      DEBUG main            d.u.i.k.p.i.IntermediateProofReplayer Proof replay took 11.3ns 
51475      INFO  main            d.u.i.k.p.r.p.TestFile    ... finished proof: closed. 
51639      INFO  main            d.u.i.k.p.i.AbstractProblemLoader Loading environment from /home/runner/work/key/key/key.core/../key.ui/examples/heap/block_contracts/Simple__square.key.proof 
51639      DEBUG main            d.u.i.k.p.i.AbstractProblemLoader Environment load took 124.1ns 
51640      INFO  main            d.u.i.k.p.i.AbstractProblemLoader Creating init config 
54438      DEBUG main            d.u.i.k.p.i.AbstractProblemLoader Init config took 2.8s 
54479      INFO  main            d.u.i.k.p.i.AbstractProblemLoader Replaying proof Simple[Simple::square(int)].JML operation contract.0 
54548      DEBUG main            d.u.i.k.p.i.IntermediateProofReplayer Proof replay took 66ms 
54549      DEBUG main            d.u.i.k.p.r.p.TestFile    ... success: reloaded. 
54550      INFO  main            d.u.i.k.p.r.p.TestFile    Now processing file /home/runner/work/key/key/key.core/../key.ui/examples/heap/block_contracts/Simple__unnecessaryBlockContract.key 
54551      INFO  main            d.u.i.k.p.i.AbstractProblemLoader Loading environment from /home/runner/work/key/key/key.core/../key.ui/examples/heap/block_contracts/Simple__unnecessaryBlockContract.key 
54551      DEBUG main            d.u.i.k.p.i.AbstractProblemLoader Environment load took 222.1ns 
54552      INFO  main            d.u.i.k.p.i.AbstractProblemLoader Creating init config 
57412      DEBUG main            d.u.i.k.p.i.AbstractProblemLoader Init config took 2.86s 
57452      INFO  main            d.u.i.k.p.i.AbstractProblemLoader Replaying proof Simple[Simple::unnecessaryBlockContract()].JML operation contract.0 
57454      DEBUG main            d.u.i.k.p.i.IntermediateProofReplayer Proof replay took 13.7ns 
57556      INFO  main            d.u.i.k.p.r.p.TestFile    ... finished proof: closed. 
57754      INFO  main            d.u.i.k.p.i.AbstractProblemLoader Loading environment from /home/runner/work/key/key/key.core/../key.ui/examples/heap/block_contracts/Simple__unnecessaryBlockContract.key.proof 
57754      DEBUG main            d.u.i.k.p.i.AbstractProblemLoader Environment load took 131ns 
57755      INFO  main            d.u.i.k.p.i.AbstractProblemLoader Creating init config 
60525      DEBUG main            d.u.i.k.p.i.AbstractProblemLoader Init config took 2.77s 
60565      INFO  main            d.u.i.k.p.i.AbstractProblemLoader Replaying proof Simple[Simple::unnecessaryBlockContract()].JML operation contract.0 
60582      DEBUG main            d.u.i.k.p.i.IntermediateProofReplayer Proof replay took 15.19ms 
60583      DEBUG main            d.u.i.k.p.r.p.TestFile    ... success: reloaded. 
60584      INFO  main            d.u.i.k.p.r.p.TestFile    Now processing file /home/runner/work/key/key/key.core/../key.ui/examples/heap/block_contracts/Simple__unnecessaryLoopInvariant.key 
60584      INFO  main            d.u.i.k.p.i.AbstractProblemLoader Loading environment from /home/runner/work/key/key/key.core/../key.ui/examples/heap/block_contracts/Simple__unnecessaryLoopInvariant.key 
60584      DEBUG main            d.u.i.k.p.i.AbstractProblemLoader Environment load took 120.5ns 
60585      INFO  main            d.u.i.k.p.i.AbstractProblemLoader Creating init config 
63426      DEBUG main            d.u.i.k.p.i.AbstractProblemLoader Init config took 2.84s 
63465      INFO  main            d.u.i.k.p.i.AbstractProblemLoader Replaying proof Simple[Simple::unnecessaryLoopInvariant()].JML operation contract.0 
63467      DEBUG main            d.u.i.k.p.i.IntermediateProofReplayer Proof replay took 10.6ns 
63570      INFO  main            d.u.i.k.p.r.p.TestFile    ... finished proof: closed. 
63752      INFO  main            d.u.i.k.p.i.AbstractProblemLoader Loading environment from /home/runner/work/key/key/key.core/../key.ui/examples/heap/block_contracts/Simple__unnecessaryLoopInvariant.key.proof 
63752      DEBUG main            d.u.i.k.p.i.AbstractProblemLoader Environment load took 129.7ns 
63753      INFO  main            d.u.i.k.p.i.AbstractProblemLoader Creating init config 
66512      DEBUG main            d.u.i.k.p.i.AbstractProblemLoader Init config took 2.76s 
66548      INFO  main            d.u.i.k.p.i.AbstractProblemLoader Replaying proof Simple[Simple::unnecessaryLoopInvariant()].JML operation contract.0 
66558      DEBUG main            d.u.i.k.p.i.IntermediateProofReplayer Proof replay took 8.07ms 
66558      DEBUG main            d.u.i.k.p.r.p.TestFile    ... success: reloaded. 
66559      INFO  main            d.u.i.k.p.r.p.TestFile    Now processing file /home/runner/work/key/key/key.core/../key.ui/examples/standard_key/java_dl/jml-assert/assert.key 
66560      INFO  main            d.u.i.k.p.i.AbstractProblemLoader Loading environment from /home/runner/work/key/key/key.core/../key.ui/examples/standard_key/java_dl/jml-assert/assert.key 
66560      DEBUG main            d.u.i.k.p.i.AbstractProblemLoader Environment load took 101.3ns 
66561      INFO  main            d.u.i.k.p.i.AbstractProblemLoader Creating init config 
69041      DEBUG main            d.u.i.k.p.i.AbstractProblemLoader Init config took 2.48s 
69079      INFO  main            d.u.i.k.p.i.AbstractProblemLoader Replaying proof Assert[Assert::createArray(int)].JML normal_behavior operation contract.0 
69080      DEBUG main            d.u.i.k.p.i.IntermediateProofReplayer Proof replay took 5.3ns 
69282      INFO  main            d.u.i.k.p.r.p.TestFile    ... finished proof: closed. 
69468      INFO  main            d.u.i.k.p.i.AbstractProblemLoader Loading environment from /home/runner/work/key/key/key.core/../key.ui/examples/standard_key/java_dl/jml-assert/assert.key.proof 
69468      DEBUG main            d.u.i.k.p.i.AbstractProblemLoader Environment load took 116ns 
69469      INFO  main            d.u.i.k.p.i.AbstractProblemLoader Creating init config 
71884      DEBUG main            d.u.i.k.p.i.AbstractProblemLoader Init config took 2.42s 
71921      INFO  main            d.u.i.k.p.i.AbstractProblemLoader Replaying proof Assert[Assert::createArray(int)].JML normal_behavior operation contract.0 
71954      DEBUG main            d.u.i.k.p.i.IntermediateProofReplayer Proof replay took 30.26ms 
71955      DEBUG main            d.u.i.k.p.r.p.TestFile    ... success: reloaded. 
71956      INFO  main            d.u.i.k.p.r.p.TestFile    Now processing file /home/runner/work/key/key/key.core/../key.ui/examples/standard_key/java_dl/jml-assert/assert_assume_order.key 
71957      INFO  main            d.u.i.k.p.i.AbstractProblemLoader Loading environment from /home/runner/work/key/key/key.core/../key.ui/examples/standard_key/java_dl/jml-assert/assert_assume_order.key 
71957      DEBUG main            d.u.i.k.p.i.AbstractProblemLoader Environment load took 228.9ns 
71958      INFO  main            d.u.i.k.p.i.AbstractProblemLoader Creating init config 
74539      DEBUG main            d.u.i.k.p.i.AbstractProblemLoader Init config took 2.58s 
74576      INFO  main            d.u.i.k.p.i.AbstractProblemLoader Replaying proof AssertAssume[AssertAssume::singleAssumeAssert(int)].JML normal_behavior operation contract.0 
74577      DEBUG main            d.u.i.k.p.i.IntermediateProofReplayer Proof replay took 6.3ns 
74682      INFO  main            d.u.i.k.p.r.p.TestFile    ... finished proof: closed. 
74873      INFO  main            d.u.i.k.p.i.AbstractProblemLoader Loading environment from /home/runner/work/key/key/key.core/../key.ui/examples/standard_key/java_dl/jml-assert/assert_assume_order.key.proof 
74873      DEBUG main            d.u.i.k.p.i.AbstractProblemLoader Environment load took 114.5ns 
74874      INFO  main            d.u.i.k.p.i.AbstractProblemLoader Creating init config 
77279      DEBUG main            d.u.i.k.p.i.AbstractProblemLoader Init config took 2.4s 
77314      INFO  main            d.u.i.k.p.i.AbstractProblemLoader Replaying proof AssertAssume[AssertAssume::singleAssumeAssert(int)].JML normal_behavior operation contract.0 
77322      DEBUG main            d.u.i.k.p.i.IntermediateProofReplayer Proof replay took 6.25ms 
77323      DEBUG main            d.u.i.k.p.r.p.TestFile    ... success: reloaded. 
77325      INFO  main            d.u.i.k.p.r.p.TestFile    Now processing file /home/runner/work/key/key/key.core/../key.ui/examples/heap/block_loop_contracts/SimpleVariants/sum_onBlock_external.key 
77325      INFO  main            d.u.i.k.p.i.AbstractProblemLoader Loading environment from /home/runner/work/key/key/key.core/../key.ui/examples/heap/block_loop_contracts/SimpleVariants/sum_onBlock_external.key 
77325      DEBUG main            d.u.i.k.p.i.AbstractProblemLoader Environment load took 213.7ns 
77327      INFO  main            d.u.i.k.p.i.AbstractProblemLoader Creating init config 
80085      DEBUG main            d.u.i.k.p.i.AbstractProblemLoader Init config took 2.76s 
80119      INFO  main            d.u.i.k.p.i.AbstractProblemLoader Replaying proof LoopContractExamplesAll[LoopContractExamplesAll::sum_loopContract_onBlock([I)].JML normal_behavior operation contract.0 
80122      DEBUG main            d.u.i.k.p.i.IntermediateProofReplayer Proof replay took 10.5ns 
80224      INFO  main            d.u.i.k.p.r.p.TestFile    ... finished proof: closed. 
80443      INFO  main            d.u.i.k.p.i.AbstractProblemLoader Loading environment from /home/runner/work/key/key/key.core/../key.ui/examples/heap/block_loop_contracts/SimpleVariants/sum_onBlock_external.key.proof 
80443      DEBUG main            d.u.i.k.p.i.AbstractProblemLoader Environment load took 114.6ns 
80444      INFO  main            d.u.i.k.p.i.AbstractProblemLoader Creating init config 
83107      DEBUG main            d.u.i.k.p.i.AbstractProblemLoader Init config took 2.66s 
83142      INFO  main            d.u.i.k.p.i.AbstractProblemLoader Replaying proof LoopContractExamplesAll[LoopContractExamplesAll::sum_loopContract_onBlock([I)].JML normal_behavior operation contract.0 
83169      DEBUG main            d.u.i.k.p.i.IntermediateProofReplayer Proof replay took 24.98ms 
83170      DEBUG main            d.u.i.k.p.r.p.TestFile    ... success: reloaded. 
83171      INFO  main            d.u.i.k.p.r.p.TestFile    Now processing file /home/runner/work/key/key/key.core/../key.ui/examples/heap/block_loop_contracts/SimpleVariants/sum_onBlock_internal.key 
83171      INFO  main            d.u.i.k.p.i.AbstractProblemLoader Loading environment from /home/runner/work/key/key/key.core/../key.ui/examples/heap/block_loop_contracts/SimpleVariants/sum_onBlock_internal.key 
83171      DEBUG main            d.u.i.k.p.i.AbstractProblemLoader Environment load took 208.8ns 
83173      INFO  main            d.u.i.k.p.i.AbstractProblemLoader Creating init config 
85873      DEBUG main            d.u.i.k.p.i.AbstractProblemLoader Init config took 2.7s 
85907      INFO  main            d.u.i.k.p.i.AbstractProblemLoader Replaying proof LoopContractExamplesAll[LoopContractExamplesAll::sum_loopContract_onBlock([I)].JML normal_behavior operation contract.0 
85909      DEBUG main            d.u.i.k.p.i.IntermediateProofReplayer Proof replay took 11.9ns 
86512      INFO  main            d.u.i.k.p.r.p.TestFile    ... finished proof: closed. 
86759      INFO  main            d.u.i.k.p.i.AbstractProblemLoader Loading environment from /home/runner/work/key/key/key.core/../key.ui/examples/heap/block_loop_contracts/SimpleVariants/sum_onBlock_internal.key.proof 
86759      DEBUG main            d.u.i.k.p.i.AbstractProblemLoader Environment load took 109.1ns 
86760      INFO  main            d.u.i.k.p.i.AbstractProblemLoader Creating init config 
89376      DEBUG main            d.u.i.k.p.i.AbstractProblemLoader Init config took 2.62s 
89418      INFO  main            d.u.i.k.p.i.AbstractProblemLoader Replaying proof LoopContractExamplesAll[LoopContractExamplesAll::sum_loopContract_onBlock([I)].JML normal_behavior operation contract.0 
89583      DEBUG main            d.u.i.k.p.i.IntermediateProofReplayer Proof replay took 161.57ms 
89584      DEBUG main            d.u.i.k.p.r.p.TestFile    ... success: reloaded. 
89585      INFO  main            d.u.i.k.p.r.p.TestFile    Now processing file /home/runner/work/key/key/key.core/../key.ui/examples/heap/block_loop_contracts/SimpleVariants/sum_onBlock_loop.key 
89586      INFO  main            d.u.i.k.p.i.AbstractProblemLoader Loading environment from /home/runner/work/key/key/key.core/../key.ui/examples/heap/block_loop_contracts/SimpleVariants/sum_onBlock_loop.key 
89586      DEBUG main            d.u.i.k.p.i.AbstractProblemLoader Environment load took 217ns 
89587      INFO  main            d.u.i.k.p.i.AbstractProblemLoader Creating init config 
92225      DEBUG main            d.u.i.k.p.i.AbstractProblemLoader Init config took 2.64s 
92261      INFO  main            d.u.i.k.p.i.AbstractProblemLoader Replaying proof LoopContractExamplesAll[LoopContractExamplesAll::sum_loopContract_onBlock([I)].JML normal_behavior loop contract.0 
92263      DEBUG main            d.u.i.k.p.i.IntermediateProofReplayer Proof replay took 10.5ns 
92966      INFO  main            d.u.i.k.p.r.p.TestFile    ... finished proof: closed. 
93327      INFO  main            d.u.i.k.p.i.AbstractProblemLoader Loading environment from /home/runner/work/key/key/key.core/../key.ui/examples/heap/block_loop_contracts/SimpleVariants/sum_onBlock_loop.key.proof 
93327      DEBUG main            d.u.i.k.p.i.AbstractProblemLoader Environment load took 107.6ns 
93328      INFO  main            d.u.i.k.p.i.AbstractProblemLoader Creating init config 
95920      DEBUG main            d.u.i.k.p.i.AbstractProblemLoader Init config took 2.59s 
95954      INFO  main            d.u.i.k.p.i.AbstractProblemLoader Replaying proof LoopContractExamplesAll[LoopContractExamplesAll::sum_loopContract_onBlock([I)].JML normal_behavior loop contract.0 
96141      DEBUG main            d.u.i.k.p.i.IntermediateProofReplayer Proof replay took 180.66ms 
96142      DEBUG main            d.u.i.k.p.r.p.TestFile    ... success: reloaded. 
96143      INFO  main            d.u.i.k.p.r.p.TestFile    Now processing file /home/runner/work/key/key/key.core/../key.ui/examples/heap/block_loop_contracts/SimpleVariants/sum_onLoop_external.key 
96143      INFO  main            d.u.i.k.p.i.AbstractProblemLoader Loading environment from /home/runner/work/key/key/key.core/../key.ui/examples/heap/block_loop_contracts/SimpleVariants/sum_onLoop_external.key 
96144      DEBUG main            d.u.i.k.p.i.AbstractProblemLoader Environment load took 214.9ns 
96145      INFO  main            d.u.i.k.p.i.AbstractProblemLoader Creating init config 
98820      DEBUG main            d.u.i.k.p.i.AbstractProblemLoader Init config took 2.68s 
98858      INFO  main            d.u.i.k.p.i.AbstractProblemLoader Replaying proof LoopContractExamplesAll[LoopContractExamplesAll::sum_loopContract_onLoop([I)].JML normal_behavior operation contract.0 
98861      DEBUG main            d.u.i.k.p.i.IntermediateProofReplayer Proof replay took 10.8ns 
98963      INFO  main            d.u.i.k.p.r.p.TestFile    ... finished proof: closed. 
99215      INFO  main            d.u.i.k.p.i.AbstractProblemLoader Loading environment from /home/runner/work/key/key/key.core/../key.ui/examples/heap/block_loop_contracts/SimpleVariants/sum_onLoop_external.key.proof 
99215      DEBUG main            d.u.i.k.p.i.AbstractProblemLoader Environment load took 111.5ns 
99216      INFO  main            d.u.i.k.p.i.AbstractProblemLoader Creating init config 
101808     DEBUG main            d.u.i.k.p.i.AbstractProblemLoader Init config took 2.59s 
101843     INFO  main            d.u.i.k.p.i.AbstractProblemLoader Replaying proof LoopContractExamplesAll[LoopContractExamplesAll::sum_loopContract_onLoop([I)].JML normal_behavior operation contract.0 
101875     DEBUG main            d.u.i.k.p.i.IntermediateProofReplayer Proof replay took 29.64ms 
101877     DEBUG main            d.u.i.k.p.r.p.TestFile    ... success: reloaded. 
101878     INFO  main            d.u.i.k.p.r.p.TestFile    Now processing file /home/runner/work/key/key/key.core/../key.ui/examples/heap/block_loop_contracts/SimpleVariants/sum_onLoop_internal.key 
101878     INFO  main            d.u.i.k.p.i.AbstractProblemLoader Loading environment from /home/runner/work/key/key/key.core/../key.ui/examples/heap/block_loop_contracts/SimpleVariants/sum_onLoop_internal.key 
101878     DEBUG main            d.u.i.k.p.i.AbstractProblemLoader Environment load took 131ns 
101879     INFO  main            d.u.i.k.p.i.AbstractProblemLoader Creating init config 
104550     DEBUG main            d.u.i.k.p.i.AbstractProblemLoader Init config took 2.67s 
104587     INFO  main            d.u.i.k.p.i.AbstractProblemLoader Replaying proof LoopContractExamplesAll[LoopContractExamplesAll::sum_loopContract_onLoop([I)].JML normal_behavior operation contract.0 
104589     DEBUG main            d.u.i.k.p.i.IntermediateProofReplayer Proof replay took 12.2ns 
105191     INFO  main            d.u.i.k.p.r.p.TestFile    ... finished proof: closed. 
105491     INFO  main            d.u.i.k.p.i.AbstractProblemLoader Loading environment from /home/runner/work/key/key/key.core/../key.ui/examples/heap/block_loop_contracts/SimpleVariants/sum_onLoop_internal.key.proof 
105492     DEBUG main            d.u.i.k.p.i.AbstractProblemLoader Environment load took 115.1ns 
105493     INFO  main            d.u.i.k.p.i.AbstractProblemLoader Creating init config 
108068     DEBUG main            d.u.i.k.p.i.AbstractProblemLoader Init config took 2.58s 
108112     INFO  main            d.u.i.k.p.i.AbstractProblemLoader Replaying proof LoopContractExamplesAll[LoopContractExamplesAll::sum_loopContract_onLoop([I)].JML normal_behavior operation contract.0 
108259     DEBUG main            d.u.i.k.p.i.IntermediateProofReplayer Proof replay took 140.85ms 
108260     DEBUG main            d.u.i.k.p.r.p.TestFile    ... success: reloaded. 
108262     INFO  main            d.u.i.k.p.r.p.TestFile    Now processing file /home/runner/work/key/key/key.core/../key.ui/examples/heap/block_loop_contracts/SimpleVariants/sum_onLoop_loop.key 
108262     INFO  main            d.u.i.k.p.i.AbstractProblemLoader Loading environment from /home/runner/work/key/key/key.core/../key.ui/examples/heap/block_loop_contracts/SimpleVariants/sum_onLoop_loop.key 
108262     DEBUG main            d.u.i.k.p.i.AbstractProblemLoader Environment load took 105ns 
108264     INFO  main            d.u.i.k.p.i.AbstractProblemLoader Creating init config 
110934     DEBUG main            d.u.i.k.p.i.AbstractProblemLoader Init config took 2.67s 
110968     INFO  main            d.u.i.k.p.i.AbstractProblemLoader Replaying proof LoopContractExamplesAll[LoopContractExamplesAll::sum_loopContract_onLoop([I)].JML normal_behavior loop contract.0 
110970     DEBUG main            d.u.i.k.p.i.IntermediateProofReplayer Proof replay took 11.8ns 
111673     INFO  main            d.u.i.k.p.r.p.TestFile    ... finished proof: closed. 
111939     INFO  main            d.u.i.k.p.i.AbstractProblemLoader Loading environment from /home/runner/work/key/key/key.core/../key.ui/examples/heap/block_loop_contracts/SimpleVariants/sum_onLoop_loop.key.proof 
111939     DEBUG main            d.u.i.k.p.i.AbstractProblemLoader Environment load took 132.4ns 
111940     INFO  main            d.u.i.k.p.i.AbstractProblemLoader Creating init config 
114543     DEBUG main            d.u.i.k.p.i.AbstractProblemLoader Init config took 2.6s 
114584     INFO  main            d.u.i.k.p.i.AbstractProblemLoader Replaying proof LoopContractExamplesAll[LoopContractExamplesAll::sum_loopContract_onLoop([I)].JML normal_behavior loop contract.0 
114746     DEBUG main            d.u.i.k.p.i.IntermediateProofReplayer Proof replay took 157.47ms 
114747     DEBUG main            d.u.i.k.p.r.p.TestFile    ... success: reloaded. 
114748     INFO  main            d.u.i.k.p.r.p.TestFile    Now processing file /home/runner/work/key/key/key.core/../key.ui/examples/heap/block_loop_contracts/Free/blockContracts0.key 
114748     INFO  main            d.u.i.k.p.i.AbstractProblemLoader Loading environment from /home/runner/work/key/key/key.core/../key.ui/examples/heap/block_loop_contracts/Free/blockContracts0.key 
114748     DEBUG main            d.u.i.k.p.i.AbstractProblemLoader Environment load took 90.6ns 
114750     INFO  main            d.u.i.k.p.i.AbstractProblemLoader Creating init config 
117115     DEBUG main            d.u.i.k.p.i.AbstractProblemLoader Init config took 2.37s 
117147     INFO  main            d.u.i.k.p.i.AbstractProblemLoader Replaying proof FreeConditions[FreeConditions::blockContract0()].JML normal_behavior operation contract.0 
117149     DEBUG main            d.u.i.k.p.i.IntermediateProofReplayer Proof replay took 12.2ns 
117251     INFO  main            d.u.i.k.p.r.p.TestFile    ... finished proof: closed. 
117514     INFO  main            d.u.i.k.p.i.AbstractProblemLoader Loading environment from /home/runner/work/key/key/key.core/../key.ui/examples/heap/block_loop_contracts/Free/blockContracts0.key.proof 
117514     DEBUG main            d.u.i.k.p.i.AbstractProblemLoader Environment load took 92.9ns 
117515     INFO  main            d.u.i.k.p.i.AbstractProblemLoader Creating init config 
119785     DEBUG main            d.u.i.k.p.i.AbstractProblemLoader Init config took 2.27s 
119817     INFO  main            d.u.i.k.p.i.AbstractProblemLoader Replaying proof FreeConditions[FreeConditions::blockContract0()].JML normal_behavior operation contract.0 
119839     DEBUG main            d.u.i.k.p.i.IntermediateProofReplayer Proof replay took 19.68ms 
119841     DEBUG main            d.u.i.k.p.r.p.TestFile    ... success: reloaded. 
119842     INFO  main            d.u.i.k.p.r.p.TestFile    Now processing file /home/runner/work/key/key/key.core/../key.ui/examples/heap/block_loop_contracts/Free/blockContracts1.key 
119843     INFO  main            d.u.i.k.p.i.AbstractProblemLoader Loading environment from /home/runner/work/key/key/key.core/../key.ui/examples/heap/block_loop_contracts/Free/blockContracts1.key 
119843     DEBUG main            d.u.i.k.p.i.AbstractProblemLoader Environment load took 237.2ns 
119844     INFO  main            d.u.i.k.p.i.AbstractProblemLoader Creating init config 
122147     DEBUG main            d.u.i.k.p.i.AbstractProblemLoader Init config took 2.3s 
122178     INFO  main            d.u.i.k.p.i.AbstractProblemLoader Replaying proof FreeConditions[FreeConditions::blockContract1()].JML normal_behavior operation contract.0 
122180     DEBUG main            d.u.i.k.p.i.IntermediateProofReplayer Proof replay took 11.5ns 
122283     INFO  main            d.u.i.k.p.r.p.TestFile    ... finished proof: closed. 
122523     INFO  main            d.u.i.k.p.i.AbstractProblemLoader Loading environment from /home/runner/work/key/key/key.core/../key.ui/examples/heap/block_loop_contracts/Free/blockContracts1.key.proof 
122523     DEBUG main            d.u.i.k.p.i.AbstractProblemLoader Environment load took 109.1ns 
122524     INFO  main            d.u.i.k.p.i.AbstractProblemLoader Creating init config 
124787     DEBUG main            d.u.i.k.p.i.AbstractProblemLoader Init config took 2.26s 
124819     INFO  main            d.u.i.k.p.i.AbstractProblemLoader Replaying proof FreeConditions[FreeConditions::blockContract1()].JML normal_behavior operation contract.0 
124834     DEBUG main            d.u.i.k.p.i.IntermediateProofReplayer Proof replay took 12.2ms 
124835     DEBUG main            d.u.i.k.p.r.p.TestFile    ... success: reloaded. 
124836     INFO  main            d.u.i.k.p.r.p.TestFile    Now processing file /home/runner/work/key/key/key.core/../key.ui/examples/heap/block_loop_contracts/Finally/block_finally.key 
124836     INFO  main            d.u.i.k.p.i.AbstractProblemLoader Loading environment from /home/runner/work/key/key/key.core/../key.ui/examples/heap/block_loop_contracts/Finally/block_finally.key 
124837     DEBUG main            d.u.i.k.p.i.AbstractProblemLoader Environment load took 209.4ns 
124838     INFO  main            d.u.i.k.p.i.AbstractProblemLoader Creating init config 
127183     DEBUG main            d.u.i.k.p.i.AbstractProblemLoader Init config took 2.34s 
127218     INFO  main            d.u.i.k.p.i.AbstractProblemLoader Replaying proof AuxiliaryContractsFinally[AuxiliaryContractsFinally::breakThrowContinueBlockContract(java.lang.Exception)].JML block contract.0 
127219     DEBUG main            d.u.i.k.p.i.IntermediateProofReplayer Proof replay took 13.1ns 
127725     INFO  main            d.u.i.k.p.r.p.TestFile    ... finished proof: open goal(s) 
127973     INFO  main            d.u.i.k.p.r.p.TestFile    Now processing file /home/runner/work/key/key/key.core/../key.ui/examples/heap/block_loop_contracts/Finally/loop_finally.key 
127973     INFO  main            d.u.i.k.p.i.AbstractProblemLoader Loading environment from /home/runner/work/key/key/key.core/../key.ui/examples/heap/block_loop_contracts/Finally/loop_finally.key 
127973     DEBUG main            d.u.i.k.p.i.AbstractProblemLoader Environment load took 53.3ns 
127974     INFO  main            d.u.i.k.p.i.AbstractProblemLoader Creating init config 
130258     DEBUG main            d.u.i.k.p.i.AbstractProblemLoader Init config took 2.28s 
130305     INFO  main            d.u.i.k.p.i.AbstractProblemLoader Replaying proof AuxiliaryContractsFinally[AuxiliaryContractsFinally::breakThrowContinueLoopContract(java.lang.Exception)].JML normal_behavior loop contract.0 
130306     DEBUG main            d.u.i.k.p.i.IntermediateProofReplayer Proof replay took 12.8ns 
130922     INFO  main            d.u.i.k.p.r.p.TestFile    ... finished proof: open goal(s) 
602568     INFO  Test worker     d.u.i.k.p.r.p.StatisticsFile Returning from test blockContracts 
602577     INFO  Test worker     d.u.i.k.p.r.p.StatisticsFile Running test jmlAsserts 
322        INFO  Timeout watchdog d.u.i.k.p.r.p.ForkedTestFileRunner Timeout watcher launched (2000 secs.) 
330        WARN  main            d.u.i.k.s.ProofSettings   The settings in /home/runner/.key/proof-settings.props are *not* read. 
361        INFO  main            d.u.i.k.p.r.p.TestFile    Now processing file /home/runner/work/key/key/key.core/../key.ui/examples/standard_key/java_dl/jml-assert/assert.key 
471        INFO  main            d.u.i.k.p.i.AbstractProblemLoader Loading environment from /home/runner/work/key/key/key.core/../key.ui/examples/standard_key/java_dl/jml-assert/assert.key 
492        DEBUG main            d.u.i.k.p.i.AbstractProblemLoader Environment load took 1.9ms 
718        INFO  main            d.u.i.k.p.i.AbstractProblemLoader Creating init config 
1563       DEBUG main            d.u.i.k.j.TypeConverter   No LDT found for Meta 
1564       DEBUG main            d.u.i.k.j.TypeConverter   No LDT found for Meta 
1566       DEBUG main            d.u.i.k.j.TypeConverter   No LDT found for Meta 
1566       DEBUG main            d.u.i.k.j.TypeConverter   No LDT found for Meta 
2858       DEBUG main            d.u.i.k.j.TypeConverter   No LDT found for JavaBigintExpression 
7637       DEBUG main            d.u.i.k.p.i.AbstractProblemLoader Init config took 6.92s 
7817       INFO  main            d.u.i.k.p.i.AbstractProblemLoader Replaying proof Assert[Assert::createArray(int)].JML normal_behavior operation contract.0 
7851       DEBUG main            d.u.i.k.p.i.IntermediateProofReplayer Proof replay took 30.9ns 
8679       INFO  main            d.u.i.k.p.r.p.TestFile    ... finished proof: closed. 
8789       INFO  main            d.u.i.k.p.i.AbstractProblemLoader Loading environment from /home/runner/work/key/key/key.core/../key.ui/examples/standard_key/java_dl/jml-assert/assert.key.proof 
8790       DEBUG main            d.u.i.k.p.i.AbstractProblemLoader Environment load took 498ns 
8792       INFO  main            d.u.i.k.p.i.AbstractProblemLoader Creating init config 
11797      DEBUG main            d.u.i.k.p.i.AbstractProblemLoader Init config took 3.01s 
11890      INFO  main            d.u.i.k.p.i.AbstractProblemLoader Replaying proof Assert[Assert::createArray(int)].JML normal_behavior operation contract.0 
12022      DEBUG main            d.u.i.k.p.i.IntermediateProofReplayer Proof replay took 117.47ms 
12030      DEBUG main            d.u.i.k.p.r.p.TestFile    ... success: reloaded. 
12033      INFO  main            d.u.i.k.p.r.p.TestFile    Now processing file /home/runner/work/key/key/key.core/../key.ui/examples/heap/block_loop_contracts/Free/assertions0.key 
12033      INFO  main            d.u.i.k.p.i.AbstractProblemLoader Loading environment from /home/runner/work/key/key/key.core/../key.ui/examples/heap/block_loop_contracts/Free/assertions0.key 
12034      DEBUG main            d.u.i.k.p.i.AbstractProblemLoader Environment load took 406.5ns 
12037      INFO  main            d.u.i.k.p.i.AbstractProblemLoader Creating init config 
14794      DEBUG main            d.u.i.k.p.i.AbstractProblemLoader Init config took 2.76s 
14873      INFO  main            d.u.i.k.p.i.AbstractProblemLoader Replaying proof FreeConditions[FreeConditions::assertions0()].JML normal_behavior operation contract.0 
14876      DEBUG main            d.u.i.k.p.i.IntermediateProofReplayer Proof replay took 13.5ns 
15079      INFO  main            d.u.i.k.p.r.p.TestFile    ... finished proof: closed. 
15198      INFO  main            d.u.i.k.p.i.AbstractProblemLoader Loading environment from /home/runner/work/key/key/key.core/../key.ui/examples/heap/block_loop_contracts/Free/assertions0.key.proof 
15198      DEBUG main            d.u.i.k.p.i.AbstractProblemLoader Environment load took 127.8ns 
15200      INFO  main            d.u.i.k.p.i.AbstractProblemLoader Creating init config 
17796      DEBUG main            d.u.i.k.p.i.AbstractProblemLoader Init config took 2.6s 
17858      INFO  main            d.u.i.k.p.i.AbstractProblemLoader Replaying proof FreeConditions[FreeConditions::assertions0()].JML normal_behavior operation contract.0 
17879      DEBUG main            d.u.i.k.p.i.IntermediateProofReplayer Proof replay took 17.97ms 
17880      DEBUG main            d.u.i.k.p.r.p.TestFile    ... success: reloaded. 
17882      INFO  main            d.u.i.k.p.r.p.TestFile    Now processing file /home/runner/work/key/key/key.core/../key.ui/examples/heap/block_loop_contracts/Free/assertions1.key 
17882      INFO  main            d.u.i.k.p.i.AbstractProblemLoader Loading environment from /home/runner/work/key/key/key.core/../key.ui/examples/heap/block_loop_contracts/Free/assertions1.key 
17882      DEBUG main            d.u.i.k.p.i.AbstractProblemLoader Environment load took 249.7ns 
17884      INFO  main            d.u.i.k.p.i.AbstractProblemLoader Creating init config 
20493      DEBUG main            d.u.i.k.p.i.AbstractProblemLoader Init config took 2.61s 
20540      INFO  main            d.u.i.k.p.i.AbstractProblemLoader Replaying proof FreeConditions[FreeConditions::assertions1()].JML normal_behavior operation contract.0 
20542      DEBUG main            d.u.i.k.p.i.IntermediateProofReplayer Proof replay took 20.6ns 
20646      INFO  main            d.u.i.k.p.r.p.TestFile    ... finished proof: closed. 
20794      INFO  main            d.u.i.k.p.i.AbstractProblemLoader Loading environment from /home/runner/work/key/key/key.core/../key.ui/examples/heap/block_loop_contracts/Free/assertions1.key.proof 
20794      DEBUG main            d.u.i.k.p.i.AbstractProblemLoader Environment load took 118.6ns 
20795      INFO  main            d.u.i.k.p.i.AbstractProblemLoader Creating init config 
23346      DEBUG main            d.u.i.k.p.i.AbstractProblemLoader Init config took 2.55s 
23390      INFO  main            d.u.i.k.p.i.AbstractProblemLoader Replaying proof FreeConditions[FreeConditions::assertions1()].JML normal_behavior operation contract.0 
23396      DEBUG main            d.u.i.k.p.i.IntermediateProofReplayer Proof replay took 4.71ms 
23397      DEBUG main            d.u.i.k.p.r.p.TestFile    ... success: reloaded. 
23398      INFO  main            d.u.i.k.p.r.p.TestFile    Now processing file /home/runner/work/key/key/key.core/../key.ui/examples/standard_key/java_dl/jml-assert/recursion-assert.key 
23398      INFO  main            d.u.i.k.p.i.AbstractProblemLoader Loading environment from /home/runner/work/key/key/key.core/../key.ui/examples/standard_key/java_dl/jml-assert/recursion-assert.key 
23399      DEBUG main            d.u.i.k.p.i.AbstractProblemLoader Environment load took 96.8ns 
23399      INFO  main            d.u.i.k.p.i.AbstractProblemLoader Creating init config 
26067      DEBUG main            d.u.i.k.p.i.AbstractProblemLoader Init config took 2.67s 
26118      INFO  main            d.u.i.k.p.i.AbstractProblemLoader Replaying proof RecursiveMethod[RecursiveMethod::fac1(int)].JML normal_behavior operation contract.0 
26120      DEBUG main            d.u.i.k.p.i.IntermediateProofReplayer Proof replay took 6.6ns 
26327      INFO  main            d.u.i.k.p.r.p.TestFile    ... finished proof: closed. 
26495      INFO  main            d.u.i.k.p.i.AbstractProblemLoader Loading environment from /home/runner/work/key/key/key.core/../key.ui/examples/standard_key/java_dl/jml-assert/recursion-assert.key.proof 
26496      DEBUG main            d.u.i.k.p.i.AbstractProblemLoader Environment load took 117.1ns 
26497      INFO  main            d.u.i.k.p.i.AbstractProblemLoader Creating init config 
29109      DEBUG main            d.u.i.k.p.i.AbstractProblemLoader Init config took 2.61s 
29151      INFO  main            d.u.i.k.p.i.AbstractProblemLoader Replaying proof RecursiveMethod[RecursiveMethod::fac1(int)].JML normal_behavior operation contract.0 
29187      DEBUG main            d.u.i.k.p.i.IntermediateProofReplayer Proof replay took 32.34ms 
29188      DEBUG main            d.u.i.k.p.r.p.TestFile    ... success: reloaded. 
29189      INFO  main            d.u.i.k.p.r.p.TestFile    Now processing file /home/runner/work/key/key/key.core/../key.ui/examples/standard_key/java_dl/jml-assert/recursion-assume.key 
29189      INFO  main            d.u.i.k.p.i.AbstractProblemLoader Loading environment from /home/runner/work/key/key/key.core/../key.ui/examples/standard_key/java_dl/jml-assert/recursion-assume.key 
29190      DEBUG main            d.u.i.k.p.i.AbstractProblemLoader Environment load took 223.7ns 
29191      INFO  main            d.u.i.k.p.i.AbstractProblemLoader Creating init config 
31898      DEBUG main            d.u.i.k.p.i.AbstractProblemLoader Init config took 2.71s 
31941      INFO  main            d.u.i.k.p.i.AbstractProblemLoader Replaying proof RecursiveMethod[RecursiveMethod::fac2(int)].JML normal_behavior operation contract.0 
31942      DEBUG main            d.u.i.k.p.i.IntermediateProofReplayer Proof replay took 5.4ns 
32145      INFO  main            d.u.i.k.p.r.p.TestFile    ... finished proof: closed. 
32308      INFO  main            d.u.i.k.p.i.AbstractProblemLoader Loading environment from /home/runner/work/key/key/key.core/../key.ui/examples/standard_key/java_dl/jml-assert/recursion-assume.key.proof 
32308      DEBUG main            d.u.i.k.p.i.AbstractProblemLoader Environment load took 116.9ns 
32310      INFO  main            d.u.i.k.p.i.AbstractProblemLoader Creating init config 
34888      DEBUG main            d.u.i.k.p.i.AbstractProblemLoader Init config took 2.58s 
34931      INFO  main            d.u.i.k.p.i.AbstractProblemLoader Replaying proof RecursiveMethod[RecursiveMethod::fac2(int)].JML normal_behavior operation contract.0 
34964      DEBUG main            d.u.i.k.p.i.IntermediateProofReplayer Proof replay took 30.33ms 
34965      DEBUG main            d.u.i.k.p.r.p.TestFile    ... success: reloaded. 
34966      INFO  main            d.u.i.k.p.r.p.TestFile    Now processing file /home/runner/work/key/key/key.core/../key.ui/examples/standard_key/java_dl/jml-assert/quantor-assert.key 
34966      INFO  main            d.u.i.k.p.i.AbstractProblemLoader Loading environment from /home/runner/work/key/key/key.core/../key.ui/examples/standard_key/java_dl/jml-assert/quantor-assert.key 
34966      DEBUG main            d.u.i.k.p.i.AbstractProblemLoader Environment load took 82.7ns 
34967      INFO  main            d.u.i.k.p.i.AbstractProblemLoader Creating init config 
37610      DEBUG main            d.u.i.k.p.i.AbstractProblemLoader Init config took 2.64s 
37651      INFO  main            d.u.i.k.p.i.AbstractProblemLoader Replaying proof Quantor[Quantor::square1(int)].JML normal_behavior operation contract.0 
37652      DEBUG main            d.u.i.k.p.i.IntermediateProofReplayer Proof replay took 5.3ns 
37754      INFO  main            d.u.i.k.p.r.p.TestFile    ... finished proof: closed. 
37956      INFO  main            d.u.i.k.p.i.AbstractProblemLoader Loading environment from /home/runner/work/key/key/key.core/../key.ui/examples/standard_key/java_dl/jml-assert/quantor-assert.key.proof 
37956      DEBUG main            d.u.i.k.p.i.AbstractProblemLoader Environment load took 118.9ns 
37958      INFO  main            d.u.i.k.p.i.AbstractProblemLoader Creating init config 
40538      DEBUG main            d.u.i.k.p.i.AbstractProblemLoader Init config took 2.58s 
40587      INFO  main            d.u.i.k.p.i.AbstractProblemLoader Replaying proof Quantor[Quantor::square1(int)].JML normal_behavior operation contract.0 
40603      DEBUG main            d.u.i.k.p.i.IntermediateProofReplayer Proof replay took 12.91ms 
40604      DEBUG main            d.u.i.k.p.r.p.TestFile    ... success: reloaded. 
40605      INFO  main            d.u.i.k.p.r.p.TestFile    Now processing file /home/runner/work/key/key/key.core/../key.ui/examples/standard_key/java_dl/jml-assert/quantor-assume.key 
40606      INFO  main            d.u.i.k.p.i.AbstractProblemLoader Loading environment from /home/runner/work/key/key/key.core/../key.ui/examples/standard_key/java_dl/jml-assert/quantor-assume.key 
40606      DEBUG main            d.u.i.k.p.i.AbstractProblemLoader Environment load took 219.8ns 
40607      INFO  main            d.u.i.k.p.i.AbstractProblemLoader Creating init config 
43213      DEBUG main            d.u.i.k.p.i.AbstractProblemLoader Init config took 2.61s 
43252      INFO  main            d.u.i.k.p.i.AbstractProblemLoader Replaying proof Quantor[Quantor::square2(int)].JML normal_behavior operation contract.0 
43257      DEBUG main            d.u.i.k.p.i.IntermediateProofReplayer Proof replay took 7.2ns 
43359      INFO  main            d.u.i.k.p.r.p.TestFile    ... finished proof: closed. 
43538      INFO  main            d.u.i.k.p.i.AbstractProblemLoader Loading environment from /home/runner/work/key/key/key.core/../key.ui/examples/standard_key/java_dl/jml-assert/quantor-assume.key.proof 
43538      DEBUG main            d.u.i.k.p.i.AbstractProblemLoader Environment load took 111.8ns 
43539      INFO  main            d.u.i.k.p.i.AbstractProblemLoader Creating init config 
46097      DEBUG main            d.u.i.k.p.i.AbstractProblemLoader Init config took 2.56s 
46141      INFO  main            d.u.i.k.p.i.AbstractProblemLoader Replaying proof Quantor[Quantor::square2(int)].JML normal_behavior operation contract.0 
46155      DEBUG main            d.u.i.k.p.i.IntermediateProofReplayer Proof replay took 11.93ms 
46156      DEBUG main            d.u.i.k.p.r.p.TestFile    ... success: reloaded. 
46157      INFO  main            d.u.i.k.p.r.p.TestFile    Now processing file /home/runner/work/key/key/key.core/../key.ui/examples/standard_key/java_dl/jml-assert/model-methods-static-static.key 
46157      INFO  main            d.u.i.k.p.i.AbstractProblemLoader Loading environment from /home/runner/work/key/key/key.core/../key.ui/examples/standard_key/java_dl/jml-assert/model-methods-static-static.key 
46157      DEBUG main            d.u.i.k.p.i.AbstractProblemLoader Environment load took 122.3ns 
46158      INFO  main            d.u.i.k.p.i.AbstractProblemLoader Creating init config 
48748      DEBUG main            d.u.i.k.p.i.AbstractProblemLoader Init config took 2.59s 
48785      INFO  main            d.u.i.k.p.i.AbstractProblemLoader Replaying proof ModelMethods[ModelMethods::test1()].JML normal_behavior operation contract.0 
48786      DEBUG main            d.u.i.k.p.i.IntermediateProofReplayer Proof replay took 6.7ns 
48893      INFO  main            d.u.i.k.p.r.p.TestFile    ... finished proof: closed. 
49064      INFO  main            d.u.i.k.p.i.AbstractProblemLoader Loading environment from /home/runner/work/key/key/key.core/../key.ui/examples/standard_key/java_dl/jml-assert/model-methods-static-static.key.proof 
49064      DEBUG main            d.u.i.k.p.i.AbstractProblemLoader Environment load took 117.3ns 
49065      INFO  main            d.u.i.k.p.i.AbstractProblemLoader Creating init config 
51615      DEBUG main            d.u.i.k.p.i.AbstractProblemLoader Init config took 2.55s 
51661      INFO  main            d.u.i.k.p.i.AbstractProblemLoader Replaying proof ModelMethods[ModelMethods::test1()].JML normal_behavior operation contract.0 
51669      DEBUG main            d.u.i.k.p.i.IntermediateProofReplayer Proof replay took 6.02ms 
51670      DEBUG main            d.u.i.k.p.r.p.TestFile    ... success: reloaded. 
51674      INFO  main            d.u.i.k.p.r.p.TestFile    Now processing file /home/runner/work/key/key/key.core/../key.ui/examples/standard_key/java_dl/jml-assert/model-methods-instance-static.key 
51675      INFO  main            d.u.i.k.p.i.AbstractProblemLoader Loading environment from /home/runner/work/key/key/key.core/../key.ui/examples/standard_key/java_dl/jml-assert/model-methods-instance-static.key 
51676      DEBUG main            d.u.i.k.p.i.AbstractProblemLoader Environment load took 700ns 
51676      INFO  main            d.u.i.k.p.i.AbstractProblemLoader Creating init config 
54268      DEBUG main            d.u.i.k.p.i.AbstractProblemLoader Init config took 2.59s 
54320      INFO  main            d.u.i.k.p.i.AbstractProblemLoader Replaying proof ModelMethods[ModelMethods::test2()].JML normal_behavior operation contract.0 
54323      DEBUG main            d.u.i.k.p.i.IntermediateProofReplayer Proof replay took 6.2ns 
54426      INFO  main            d.u.i.k.p.r.p.TestFile    ... finished proof: closed. 
54612      INFO  main            d.u.i.k.p.i.AbstractProblemLoader Loading environment from /home/runner/work/key/key/key.core/../key.ui/examples/standard_key/java_dl/jml-assert/model-methods-instance-static.key.proof 
54612      DEBUG main            d.u.i.k.p.i.AbstractProblemLoader Environment load took 153.9ns 
54617      INFO  main            d.u.i.k.p.i.AbstractProblemLoader Creating init config 
57169      DEBUG main            d.u.i.k.p.i.AbstractProblemLoader Init config took 2.55s 
57218      INFO  main            d.u.i.k.p.i.AbstractProblemLoader Replaying proof ModelMethods[ModelMethods::test2()].JML normal_behavior operation contract.0 
57229      DEBUG main            d.u.i.k.p.i.IntermediateProofReplayer Proof replay took 8.41ms 
57230      DEBUG main            d.u.i.k.p.r.p.TestFile    ... success: reloaded. 
57232      INFO  main            d.u.i.k.p.r.p.TestFile    Now processing file /home/runner/work/key/key/key.core/../key.ui/examples/standard_key/java_dl/jml-assert/model-methods-instance-instance.key 
57232      INFO  main            d.u.i.k.p.i.AbstractProblemLoader Loading environment from /home/runner/work/key/key/key.core/../key.ui/examples/standard_key/java_dl/jml-assert/model-methods-instance-instance.key 
57232      DEBUG main            d.u.i.k.p.i.AbstractProblemLoader Environment load took 220ns 
57233      INFO  main            d.u.i.k.p.i.AbstractProblemLoader Creating init config 
59841      DEBUG main            d.u.i.k.p.i.AbstractProblemLoader Init config took 2.61s 
59877      INFO  main            d.u.i.k.p.i.AbstractProblemLoader Replaying proof ModelMethods[ModelMethods::test3()].JML normal_behavior operation contract.0 
59879      DEBUG main            d.u.i.k.p.i.IntermediateProofReplayer Proof replay took 5.8ns 
59982      INFO  main            d.u.i.k.p.r.p.TestFile    ... finished proof: closed. 
60171      INFO  main            d.u.i.k.p.i.AbstractProblemLoader Loading environment from /home/runner/work/key/key/key.core/../key.ui/examples/standard_key/java_dl/jml-assert/model-methods-instance-instance.key.proof 
60171      DEBUG main            d.u.i.k.p.i.AbstractProblemLoader Environment load took 113.4ns 
60172      INFO  main            d.u.i.k.p.i.AbstractProblemLoader Creating init config 
62684      DEBUG main            d.u.i.k.p.i.AbstractProblemLoader Init config took 2.51s 
62720      INFO  main            d.u.i.k.p.i.AbstractProblemLoader Replaying proof ModelMethods[ModelMethods::test3()].JML normal_behavior operation contract.0 
62732      DEBUG main            d.u.i.k.p.i.IntermediateProofReplayer Proof replay took 9.75ms 
62733      DEBUG main            d.u.i.k.p.r.p.TestFile    ... success: reloaded. 
62734      INFO  main            d.u.i.k.p.r.p.TestFile    Now processing file /home/runner/work/key/key/key.core/../key.ui/examples/standard_key/java_dl/jml-assert/model-methods-static-instance.key 
62735      INFO  main            d.u.i.k.p.i.AbstractProblemLoader Loading environment from /home/runner/work/key/key/key.core/../key.ui/examples/standard_key/java_dl/jml-assert/model-methods-static-instance.key 
62735      DEBUG main            d.u.i.k.p.i.AbstractProblemLoader Environment load took 211.8ns 
62736      INFO  main            d.u.i.k.p.i.AbstractProblemLoader Creating init config 
65301      DEBUG main            d.u.i.k.p.i.AbstractProblemLoader Init config took 2.57s 
65337      INFO  main            d.u.i.k.p.i.AbstractProblemLoader Replaying proof ModelMethods[ModelMethods::test4()].JML normal_behavior operation contract.0 
65338      DEBUG main            d.u.i.k.p.i.IntermediateProofReplayer Proof replay took 6.2ns 
65442      INFO  main            d.u.i.k.p.r.p.TestFile    ... finished proof: closed. 
65632      INFO  main            d.u.i.k.p.i.AbstractProblemLoader Loading environment from /home/runner/work/key/key/key.core/../key.ui/examples/standard_key/java_dl/jml-assert/model-methods-static-instance.key.proof 
65633      DEBUG main            d.u.i.k.p.i.AbstractProblemLoader Environment load took 109.2ns 
65634      INFO  main            d.u.i.k.p.i.AbstractProblemLoader Creating init config 
68161      DEBUG main            d.u.i.k.p.i.AbstractProblemLoader Init config took 2.53s 
68200      INFO  main            d.u.i.k.p.i.AbstractProblemLoader Replaying proof ModelMethods[ModelMethods::test4()].JML normal_behavior operation contract.0 
68226      DEBUG main            d.u.i.k.p.i.IntermediateProofReplayer Proof replay took 23.77ms 
68227      DEBUG main            d.u.i.k.p.r.p.TestFile    ... success: reloaded. 
68228      INFO  main            d.u.i.k.p.r.p.TestFile    Now processing file /home/runner/work/key/key/key.core/../key.ui/examples/standard_key/java_dl/jml-assert/assert-old/inc-field.key 
68228      INFO  main            d.u.i.k.p.i.AbstractProblemLoader Loading environment from /home/runner/work/key/key/key.core/../key.ui/examples/standard_key/java_dl/jml-assert/assert-old/inc-field.key 
68228      DEBUG main            d.u.i.k.p.i.AbstractProblemLoader Environment load took 95.9ns 
68229      INFO  main            d.u.i.k.p.i.AbstractProblemLoader Creating init config 
70741      DEBUG main            d.u.i.k.p.i.AbstractProblemLoader Init config took 2.51s 
70777      INFO  main            d.u.i.k.p.i.AbstractProblemLoader Replaying proof Inc[Inc::inc_field()].JML normal_behavior operation contract.0 
70778      DEBUG main            d.u.i.k.p.i.IntermediateProofReplayer Proof replay took 5.6ns 
70879      INFO  main            d.u.i.k.p.r.p.TestFile    ... finished proof: closed. 
71072      INFO  main            d.u.i.k.p.i.AbstractProblemLoader Loading environment from /home/runner/work/key/key/key.core/../key.ui/examples/standard_key/java_dl/jml-assert/assert-old/inc-field.key.proof 
71072      DEBUG main            d.u.i.k.p.i.AbstractProblemLoader Environment load took 114.9ns 
71073      INFO  main            d.u.i.k.p.i.AbstractProblemLoader Creating init config 
73510      DEBUG main            d.u.i.k.p.i.AbstractProblemLoader Init config took 2.44s 
73551      INFO  main            d.u.i.k.p.i.AbstractProblemLoader Replaying proof Inc[Inc::inc_field()].JML normal_behavior operation contract.0 
73580      DEBUG main            d.u.i.k.p.i.IntermediateProofReplayer Proof replay took 26.03ms 
73581      DEBUG main            d.u.i.k.p.r.p.TestFile    ... success: reloaded. 
73582      INFO  main            d.u.i.k.p.r.p.TestFile    Now processing file /home/runner/work/key/key/key.core/../key.ui/examples/standard_key/java_dl/jml-assert/assert-old/inc-parameter.key 
73582      INFO  main            d.u.i.k.p.i.AbstractProblemLoader Loading environment from /home/runner/work/key/key/key.core/../key.ui/examples/standard_key/java_dl/jml-assert/assert-old/inc-parameter.key 
73582      DEBUG main            d.u.i.k.p.i.AbstractProblemLoader Environment load took 202.3ns 
73584      INFO  main            d.u.i.k.p.i.AbstractProblemLoader Creating init config 
76107      DEBUG main            d.u.i.k.p.i.AbstractProblemLoader Init config took 2.52s 
76141      INFO  main            d.u.i.k.p.i.AbstractProblemLoader Replaying proof Inc[Inc::inc_parameter(int)].JML normal_behavior operation contract.0 
76142      DEBUG main            d.u.i.k.p.i.IntermediateProofReplayer Proof replay took 5.9ns 
76246      INFO  main            d.u.i.k.p.r.p.TestFile    ... finished proof: closed. 
76446      INFO  main            d.u.i.k.p.i.AbstractProblemLoader Loading environment from /home/runner/work/key/key/key.core/../key.ui/examples/standard_key/java_dl/jml-assert/assert-old/inc-parameter.key.proof 
76446      DEBUG main            d.u.i.k.p.i.AbstractProblemLoader Environment load took 104.6ns 
76447      INFO  main            d.u.i.k.p.i.AbstractProblemLoader Creating init config 
78951      DEBUG main            d.u.i.k.p.i.AbstractProblemLoader Init config took 2.5s 
78992      INFO  main            d.u.i.k.p.i.AbstractProblemLoader Replaying proof Inc[Inc::inc_parameter(int)].JML normal_behavior operation contract.0 
79021      DEBUG main            d.u.i.k.p.i.IntermediateProofReplayer Proof replay took 27.4ms 
79023      DEBUG main            d.u.i.k.p.r.p.TestFile    ... success: reloaded. 
79024      INFO  main            d.u.i.k.p.r.p.TestFile    Now processing file /home/runner/work/key/key/key.core/../key.ui/examples/standard_key/java_dl/jml-assert/assert-old/inc-parameter-field.key 
79024      INFO  main            d.u.i.k.p.i.AbstractProblemLoader Loading environment from /home/runner/work/key/key/key.core/../key.ui/examples/standard_key/java_dl/jml-assert/assert-old/inc-parameter-field.key 
79024      DEBUG main            d.u.i.k.p.i.AbstractProblemLoader Environment load took 112.2ns 
79025      INFO  main            d.u.i.k.p.i.AbstractProblemLoader Creating init config 
81610      DEBUG main            d.u.i.k.p.i.AbstractProblemLoader Init config took 2.58s 
81645      INFO  main            d.u.i.k.p.i.AbstractProblemLoader Replaying proof Inc[Inc::inc_parameter_field(Inc)].JML normal_behavior operation contract.0 
81646      DEBUG main            d.u.i.k.p.i.IntermediateProofReplayer Proof replay took 5.7ns 
81848      INFO  main            d.u.i.k.p.r.p.TestFile    ... finished proof: closed. 
82077      INFO  main            d.u.i.k.p.i.AbstractProblemLoader Loading environment from /home/runner/work/key/key/key.core/../key.ui/examples/standard_key/java_dl/jml-assert/assert-old/inc-parameter-field.key.proof 
82077      DEBUG main            d.u.i.k.p.i.AbstractProblemLoader Environment load took 104.6ns 
82078      INFO  main            d.u.i.k.p.i.AbstractProblemLoader Creating init config 
84565      DEBUG main            d.u.i.k.p.i.AbstractProblemLoader Init config took 2.49s 
84599      INFO  main            d.u.i.k.p.i.AbstractProblemLoader Replaying proof Inc[Inc::inc_parameter_field(Inc)].JML normal_behavior operation contract.0 
84626      DEBUG main            d.u.i.k.p.i.IntermediateProofReplayer Proof replay took 24.43ms 
84627      DEBUG main            d.u.i.k.p.r.p.TestFile    ... success: reloaded. 
84627      INFO  main            d.u.i.k.p.r.p.TestFile    Now processing file /home/runner/work/key/key/key.core/../key.ui/examples/standard_key/java_dl/jml-assert/assert-old/inc-ghost-field.key 
84628      INFO  main            d.u.i.k.p.i.AbstractProblemLoader Loading environment from /home/runner/work/key/key/key.core/../key.ui/examples/standard_key/java_dl/jml-assert/assert-old/inc-ghost-field.key 
84628      DEBUG main            d.u.i.k.p.i.AbstractProblemLoader Environment load took 75.4ns 
84629      INFO  main            d.u.i.k.p.i.AbstractProblemLoader Creating init config 
87134      DEBUG main            d.u.i.k.p.i.AbstractProblemLoader Init config took 2.51s 
87183      INFO  main            d.u.i.k.p.i.AbstractProblemLoader Replaying proof Inc[Inc::inc_ghost_field()].JML normal_behavior operation contract.0 
87184      DEBUG main            d.u.i.k.p.i.IntermediateProofReplayer Proof replay took 7.6ns 
87290      INFO  main            d.u.i.k.p.r.p.TestFile    ... finished proof: closed. 
87502      INFO  main            d.u.i.k.p.i.AbstractProblemLoader Loading environment from /home/runner/work/key/key/key.core/../key.ui/examples/standard_key/java_dl/jml-assert/assert-old/inc-ghost-field.key.proof 
87502      DEBUG main            d.u.i.k.p.i.AbstractProblemLoader Environment load took 109.5ns 
87503      INFO  main            d.u.i.k.p.i.AbstractProblemLoader Creating init config 
89930      DEBUG main            d.u.i.k.p.i.AbstractProblemLoader Init config took 2.43s 
89963      INFO  main            d.u.i.k.p.i.AbstractProblemLoader Replaying proof Inc[Inc::inc_ghost_field()].JML normal_behavior operation contract.0 
89986      DEBUG main            d.u.i.k.p.i.IntermediateProofReplayer Proof replay took 20.32ms 
89986      DEBUG main            d.u.i.k.p.r.p.TestFile    ... success: reloaded. 
692743     INFO  Test worker     d.u.i.k.p.r.p.StatisticsFile Returning from test jmlAsserts 
692747     INFO  Test worker     d.u.i.k.p.r.p.StatisticsFile Running test javaCard 
395        INFO  Timeout watchdog d.u.i.k.p.r.p.ForkedTestFileRunner Timeout watcher launched (2000 secs.) 
411        WARN  main            d.u.i.k.s.ProofSettings   The settings in /home/runner/.key/proof-settings.props are *not* read. 
447        INFO  main            d.u.i.k.p.r.p.TestFile    Now processing file /home/runner/work/key/key/key.core/../key.ui/examples/heap/javacard/updateBalance0.key 
552        INFO  main            d.u.i.k.p.i.AbstractProblemLoader Loading environment from /home/runner/work/key/key/key.core/../key.ui/examples/heap/javacard/updateBalance0.key 
577        DEBUG main            d.u.i.k.p.i.AbstractProblemLoader Environment load took 2.48ms 
801        INFO  main            d.u.i.k.p.i.AbstractProblemLoader Creating init config 
1801       DEBUG main            d.u.i.k.j.TypeConverter   No LDT found for Meta 
1803       DEBUG main            d.u.i.k.j.TypeConverter   No LDT found for Meta 
1806       DEBUG main            d.u.i.k.j.TypeConverter   No LDT found for Meta 
1806       DEBUG main            d.u.i.k.j.TypeConverter   No LDT found for Meta 
3071       DEBUG main            d.u.i.k.j.TypeConverter   No LDT found for JavaBigintExpression 
6245       DEBUG main            d.u.i.k.p.i.AbstractProblemLoader Init config took 5.44s 
6369       INFO  main            d.u.i.k.p.i.AbstractProblemLoader Replaying proof Examples[Examples::updateBalance(short)].JML normal_behavior operation contract.0 
6409       DEBUG main            d.u.i.k.p.i.IntermediateProofReplayer Proof replay took 34.2ns 
7640       INFO  main            d.u.i.k.p.r.p.TestFile    ... finished proof: closed. 
7767       INFO  main            d.u.i.k.p.i.AbstractProblemLoader Loading environment from /home/runner/work/key/key/key.core/../key.ui/examples/heap/javacard/updateBalance0.key.proof 
7767       DEBUG main            d.u.i.k.p.i.AbstractProblemLoader Environment load took 498.8ns 
7769       INFO  main            d.u.i.k.p.i.AbstractProblemLoader Creating init config 
9460       DEBUG main            d.u.i.k.p.i.AbstractProblemLoader Init config took 1.69s 
9517       INFO  main            d.u.i.k.p.i.AbstractProblemLoader Replaying proof Examples[Examples::updateBalance(short)].JML normal_behavior operation contract.0 
9635       DEBUG main            d.u.i.k.p.i.IntermediateProofReplayer Proof replay took 109.43ms 
9643       DEBUG main            d.u.i.k.p.r.p.TestFile    ... success: reloaded. 
9646       INFO  main            d.u.i.k.p.r.p.TestFile    Now processing file /home/runner/work/key/key/key.core/../key.ui/examples/heap/javacard/updateBalance1.key 
9646       INFO  main            d.u.i.k.p.i.AbstractProblemLoader Loading environment from /home/runner/work/key/key/key.core/../key.ui/examples/heap/javacard/updateBalance1.key 
9646       DEBUG main            d.u.i.k.p.i.AbstractProblemLoader Environment load took 244.9ns 
9648       INFO  main            d.u.i.k.p.i.AbstractProblemLoader Creating init config 
11190      DEBUG main            d.u.i.k.p.i.AbstractProblemLoader Init config took 1.54s 
11251      INFO  main            d.u.i.k.p.i.AbstractProblemLoader Replaying proof Examples[Examples::updateBalance(short)].JML normal_behavior operation contract.1 
11257      DEBUG main            d.u.i.k.p.i.IntermediateProofReplayer Proof replay took 6.5ns 
11870      INFO  main            d.u.i.k.p.r.p.TestFile    ... finished proof: closed. 
12021      INFO  main            d.u.i.k.p.i.AbstractProblemLoader Loading environment from /home/runner/work/key/key/key.core/../key.ui/examples/heap/javacard/updateBalance1.key.proof 
12022      DEBUG main            d.u.i.k.p.i.AbstractProblemLoader Environment load took 715.7ns 
12024      INFO  main            d.u.i.k.p.i.AbstractProblemLoader Creating init config 
13553      DEBUG main            d.u.i.k.p.i.AbstractProblemLoader Init config took 1.53s 
13595      INFO  main            d.u.i.k.p.i.AbstractProblemLoader Replaying proof Examples[Examples::updateBalance(short)].JML normal_behavior operation contract.1 
13684      DEBUG main            d.u.i.k.p.i.IntermediateProofReplayer Proof replay took 84.27ms 
13686      DEBUG main            d.u.i.k.p.r.p.TestFile    ... success: reloaded. 
13688      INFO  main            d.u.i.k.p.r.p.TestFile    Now processing file /home/runner/work/key/key/key.core/../key.ui/examples/heap/javacard/setArray1.key 
13689      INFO  main            d.u.i.k.p.i.AbstractProblemLoader Loading environment from /home/runner/work/key/key/key.core/../key.ui/examples/heap/javacard/setArray1.key 
13689      DEBUG main            d.u.i.k.p.i.AbstractProblemLoader Environment load took 237.2ns 
13690      INFO  main            d.u.i.k.p.i.AbstractProblemLoader Creating init config 
15177      DEBUG main            d.u.i.k.p.i.AbstractProblemLoader Init config took 1.49s 
15230      INFO  main            d.u.i.k.p.i.AbstractProblemLoader Replaying proof Examples[Examples::setArray1([B)].JML normal_behavior operation contract.0 
15232      DEBUG main            d.u.i.k.p.i.IntermediateProofReplayer Proof replay took 5.7ns 
16339      INFO  main            d.u.i.k.p.r.p.TestFile    ... finished proof: closed. 
16450      INFO  main            d.u.i.k.p.i.AbstractProblemLoader Loading environment from /home/runner/work/key/key/key.core/../key.ui/examples/heap/javacard/setArray1.key.proof 
16452      DEBUG main            d.u.i.k.p.i.AbstractProblemLoader Environment load took 1.78ms 
16453      INFO  main            d.u.i.k.p.i.AbstractProblemLoader Creating init config 
17930      DEBUG main            d.u.i.k.p.i.AbstractProblemLoader Init config took 1.48s 
17970      INFO  main            d.u.i.k.p.i.AbstractProblemLoader Replaying proof Examples[Examples::setArray1([B)].JML normal_behavior operation contract.0 
18137      DEBUG main            d.u.i.k.p.i.IntermediateProofReplayer Proof replay took 161.63ms 
18140      DEBUG main            d.u.i.k.p.r.p.TestFile    ... success: reloaded. 
18142      INFO  main            d.u.i.k.p.r.p.TestFile    Now processing file /home/runner/work/key/key/key.core/../key.ui/examples/heap/javacard/setArray2.key 
18142      INFO  main            d.u.i.k.p.i.AbstractProblemLoader Loading environment from /home/runner/work/key/key/key.core/../key.ui/examples/heap/javacard/setArray2.key 
18142      DEBUG main            d.u.i.k.p.i.AbstractProblemLoader Environment load took 235.9ns 
18144      INFO  main            d.u.i.k.p.i.AbstractProblemLoader Creating init config 
19625      DEBUG main            d.u.i.k.p.i.AbstractProblemLoader Init config took 1.48s 
19669      INFO  main            d.u.i.k.p.i.AbstractProblemLoader Replaying proof Examples[Examples::setArray2([B)].JML normal_behavior operation contract.0 
19671      DEBUG main            d.u.i.k.p.i.IntermediateProofReplayer Proof replay took 6.6ns 
20800      INFO  main            d.u.i.k.p.r.p.TestFile    ... finished proof: closed. 
20912      INFO  main            d.u.i.k.p.i.AbstractProblemLoader Loading environment from /home/runner/work/key/key/key.core/../key.ui/examples/heap/javacard/setArray2.key.proof 
20913      DEBUG main            d.u.i.k.p.i.AbstractProblemLoader Environment load took 1.7ms 
20915      INFO  main            d.u.i.k.p.i.AbstractProblemLoader Creating init config 
22422      DEBUG main            d.u.i.k.p.i.AbstractProblemLoader Init config took 1.51s 
22466      INFO  main            d.u.i.k.p.i.AbstractProblemLoader Replaying proof Examples[Examples::setArray2([B)].JML normal_behavior operation contract.0 
22644      DEBUG main            d.u.i.k.p.i.IntermediateProofReplayer Proof replay took 172.23ms 
22646      DEBUG main            d.u.i.k.p.r.p.TestFile    ... success: reloaded. 
22648      INFO  main            d.u.i.k.p.r.p.TestFile    Now processing file /home/runner/work/key/key/key.core/../key.ui/examples/heap/javacard/arrayFillNonAtomic.key 
22649      INFO  main            d.u.i.k.p.i.AbstractProblemLoader Loading environment from /home/runner/work/key/key/key.core/../key.ui/examples/heap/javacard/arrayFillNonAtomic.key 
22649      DEBUG main            d.u.i.k.p.i.AbstractProblemLoader Environment load took 231ns 
22650      INFO  main            d.u.i.k.p.i.AbstractProblemLoader Creating init config 
24101      DEBUG main            d.u.i.k.p.i.AbstractProblemLoader Init config took 1.45s 
24157      INFO  main            d.u.i.k.p.i.AbstractProblemLoader Replaying proof javacard.framework.Util[javacard.framework.Util::arrayFillNonAtomic([B,short,short,byte)].JML behavior operation contract.0.transaction_inactive 
24159      DEBUG main            d.u.i.k.p.i.IntermediateProofReplayer Proof replay took 6.2ns 
24987      DEBUG Thread-13       d.u.i.k.l.o.ProgramSV     Match failed: Former match of  SchemaVariable incompatible with  the current match. 
24987      DEBUG Thread-13       d.u.i.k.l.o.ProgramSV     Match failed: Former match of  SchemaVariable incompatible with  the current match. 
26246      DEBUG Thread-13       d.u.i.k.l.o.ProgramSV     Match failed: Former match of  SchemaVariable incompatible with  the current match. 
26246      DEBUG Thread-13       d.u.i.k.l.o.ProgramSV     Match failed: Former match of  SchemaVariable incompatible with  the current match. 
27692      INFO  main            d.u.i.k.p.r.p.TestFile    ... finished proof: closed. 
27862      INFO  main            d.u.i.k.p.i.AbstractProblemLoader Loading environment from /home/runner/work/key/key/key.core/../key.ui/examples/heap/javacard/arrayFillNonAtomic.key.proof 
27863      DEBUG main            d.u.i.k.p.i.AbstractProblemLoader Environment load took 474.2ns 
27865      INFO  main            d.u.i.k.p.i.AbstractProblemLoader Creating init config 
29324      DEBUG main            d.u.i.k.p.i.AbstractProblemLoader Init config took 1.46s 
29389      INFO  main            d.u.i.k.p.i.AbstractProblemLoader Replaying proof javacard.framework.Util[javacard.framework.Util::arrayFillNonAtomic([B,short,short,byte)].JML behavior operation contract.0.transaction_inactive 
30050      DEBUG main            d.u.i.k.p.i.IntermediateProofReplayer Proof replay took 640.7ms 
30051      DEBUG main            d.u.i.k.p.r.p.TestFile    ... success: reloaded. 
30052      INFO  main            d.u.i.k.p.r.p.TestFile    Now processing file /home/runner/work/key/key/key.core/../key.ui/examples/heap/coincidence_count/project.key 
30053      INFO  main            d.u.i.k.p.i.AbstractProblemLoader Loading environment from /home/runner/work/key/key/key.core/../key.ui/examples/heap/coincidence_count/project.key 
30053      DEBUG main            d.u.i.k.p.i.AbstractProblemLoader Environment load took 247.1ns 
30054      INFO  main            d.u.i.k.p.i.AbstractProblemLoader Creating init config 
33295      DEBUG main            d.u.i.k.p.i.AbstractProblemLoader Init config took 3.24s 
33345      INFO  main            d.u.i.k.p.i.AbstractProblemLoader Replaying proof CC[CC::calcCoinIndex([I,[I)].JML normal_behavior operation contract.0 
33349      DEBUG main            d.u.i.k.p.i.IntermediateProofReplayer Proof replay took 7ns 
50315      INFO  main            d.u.i.k.p.r.p.TestFile    ... finished proof: closed. 
50610      INFO  main            d.u.i.k.p.i.AbstractProblemLoader Loading environment from /home/runner/work/key/key/key.core/../key.ui/examples/heap/coincidence_count/project.key.proof 
50611      DEBUG main            d.u.i.k.p.i.AbstractProblemLoader Environment load took 459.7ns 
50614      INFO  main            d.u.i.k.p.i.AbstractProblemLoader Creating init config 
53065      DEBUG main            d.u.i.k.p.i.AbstractProblemLoader Init config took 2.45s 
53106      INFO  main            d.u.i.k.p.i.AbstractProblemLoader Replaying proof CC[CC::calcCoinIndex([I,[I)].JML normal_behavior operation contract.0 
53788      DEBUG main            d.u.i.k.p.i.IntermediateProofReplayer Proof replay took 610.6ms 
53791      DEBUG main            d.u.i.k.p.r.p.TestFile    ... success: reloaded. 
53793      INFO  main            d.u.i.k.p.r.p.TestFile    Now processing file /home/runner/work/key/key/key.core/../key.ui/examples/heap/verifyThis11_1_Maximum/project.key 
53793      INFO  main            d.u.i.k.p.i.AbstractProblemLoader Loading environment from /home/runner/work/key/key/key.core/../key.ui/examples/heap/verifyThis11_1_Maximum/project.key 
53794      DEBUG main            d.u.i.k.p.i.AbstractProblemLoader Environment load took 232.8ns 
53795      INFO  main            d.u.i.k.p.i.AbstractProblemLoader Creating init config 
56259      DEBUG main            d.u.i.k.p.i.AbstractProblemLoader Init config took 2.46s 
56299      INFO  main            d.u.i.k.p.i.AbstractProblemLoader Replaying proof Maximum[Maximum::maxIndex([I)].JML normal_behavior operation contract.0 
56300      DEBUG main            d.u.i.k.p.i.IntermediateProofReplayer Proof replay took 5.3ns 
57216      INFO  main            d.u.i.k.p.r.p.TestFile    ... finished proof: closed. 
57454      INFO  main            d.u.i.k.p.i.AbstractProblemLoader Loading environment from /home/runner/work/key/key/key.core/../key.ui/examples/heap/verifyThis11_1_Maximum/project.key.proof 
57454      DEBUG main            d.u.i.k.p.i.AbstractProblemLoader Environment load took 488.3ns 
57455      INFO  main            d.u.i.k.p.i.AbstractProblemLoader Creating init config 
59859      DEBUG main            d.u.i.k.p.i.AbstractProblemLoader Init config took 2.4s 
59898      INFO  main            d.u.i.k.p.i.AbstractProblemLoader Replaying proof Maximum[Maximum::maxIndex([I)].JML normal_behavior operation contract.0 
60016      DEBUG main            d.u.i.k.p.i.IntermediateProofReplayer Proof replay took 110.87ms 
60017      DEBUG main            d.u.i.k.p.r.p.TestFile    ... success: reloaded. 
60018      INFO  main            d.u.i.k.p.r.p.TestFile    Now processing file /home/runner/work/key/key/key.core/../key.ui/examples/heap/fm12_01_LRS/lcp.key 
60018      INFO  main            d.u.i.k.p.i.AbstractProblemLoader Loading environment from /home/runner/work/key/key/key.core/../key.ui/examples/heap/fm12_01_LRS/lcp.key 
60018      DEBUG main            d.u.i.k.p.i.AbstractProblemLoader Environment load took 152.3ns 
60019      INFO  main            d.u.i.k.p.i.AbstractProblemLoader Creating init config 
63015      DEBUG main            d.u.i.k.p.i.AbstractProblemLoader Init config took 3s 
63074      INFO  main            d.u.i.k.p.i.AbstractProblemLoader Replaying proof LCP[LCP::lcp([I,int,int)].JML normal_behavior operation contract.0 
63077      DEBUG main            d.u.i.k.p.i.IntermediateProofReplayer Proof replay took 6.4ns 
63983      INFO  main            d.u.i.k.p.r.p.TestFile    ... finished proof: closed. 
64229      INFO  main            d.u.i.k.p.i.AbstractProblemLoader Loading environment from /home/runner/work/key/key/key.core/../key.ui/examples/heap/fm12_01_LRS/lcp.key.proof 
64234      DEBUG main            d.u.i.k.p.i.AbstractProblemLoader Environment load took 4.6ms 
64235      INFO  main            d.u.i.k.p.i.AbstractProblemLoader Creating init config 
67085      DEBUG main            d.u.i.k.p.i.AbstractProblemLoader Init config took 2.85s 
67143      INFO  main            d.u.i.k.p.i.AbstractProblemLoader Replaying proof LCP[LCP::lcp([I,int,int)].JML normal_behavior operation contract.0 
67320      DEBUG main            d.u.i.k.p.i.IntermediateProofReplayer Proof replay took 169.62ms 
67321      DEBUG main            d.u.i.k.p.r.p.TestFile    ... success: reloaded. 
67322      INFO  main            d.u.i.k.p.r.p.TestFile    Now processing file /home/runner/work/key/key/key.core/../key.ui/examples/heap/SemanticSlicing/project.key 
67322      INFO  main            d.u.i.k.p.i.AbstractProblemLoader Loading environment from /home/runner/work/key/key/key.core/../key.ui/examples/heap/SemanticSlicing/project.key 
67323      DEBUG main            d.u.i.k.p.i.AbstractProblemLoader Environment load took 207.6ns 
67324      INFO  main            d.u.i.k.p.i.AbstractProblemLoader Creating init config 
69879      DEBUG main            d.u.i.k.p.i.AbstractProblemLoader Init config took 2.56s 
69933      INFO  main            d.u.i.k.p.i.AbstractProblemLoader Replaying proof unsatcore_after.competition.postcond5.scope333.LRS[unsatcore_after.competition.postcond5.scope333.LRS::doLRS()].JML operation contract.0 
69935      DEBUG main            d.u.i.k.p.i.IntermediateProofReplayer Proof replay took 6.9ns 
73662      INFO  main            d.u.i.k.p.r.p.TestFile    ... finished proof: closed. 
73934      INFO  main            d.u.i.k.p.i.AbstractProblemLoader Loading environment from /home/runner/work/key/key/key.core/../key.ui/examples/heap/SemanticSlicing/project.key.proof 
73934      DEBUG main            d.u.i.k.p.i.AbstractProblemLoader Environment load took 499.2ns 
73936      INFO  main            d.u.i.k.p.i.AbstractProblemLoader Creating init config 
76394      DEBUG main            d.u.i.k.p.i.AbstractProblemLoader Init config took 2.46s 
76447      INFO  main            d.u.i.k.p.i.AbstractProblemLoader Replaying proof unsatcore_after.competition.postcond5.scope333.LRS[unsatcore_after.competition.postcond5.scope333.LRS::doLRS()].JML operation contract.0 
77020      DEBUG main            d.u.i.k.p.i.IntermediateProofReplayer Proof replay took 559.02ms 
77021      DEBUG main            d.u.i.k.p.r.p.TestFile    ... success: reloaded. 
77022      INFO  main            d.u.i.k.p.r.p.TestFile    Now processing file /home/runner/work/key/key/key.core/../key.ui/examples/heap/information_flow/ArrayList_contains.key 
77023      INFO  main            d.u.i.k.p.i.AbstractProblemLoader Loading environment from /home/runner/work/key/key/key.core/../key.ui/examples/heap/information_flow/ArrayList_contains.key 
77023      DEBUG main            d.u.i.k.p.i.AbstractProblemLoader Environment load took 219.3ns 
77024      INFO  main            d.u.i.k.p.i.AbstractProblemLoader Creating init config 
79736      DEBUG main            d.u.i.k.p.i.AbstractProblemLoader Init config took 2.71s 
79775      INFO  main            d.u.i.k.p.i.AbstractProblemLoader Replaying proof ArrayList[ArrayList::get(int)].JML normal_behavior operation contract.0 
79780      DEBUG main            d.u.i.k.p.i.IntermediateProofReplayer Proof replay took 6.3ns 
80082      INFO  main            d.u.i.k.p.r.p.TestFile    ... finished proof: closed. 
80327      INFO  main            d.u.i.k.p.i.AbstractProblemLoader Loading environment from /home/runner/work/key/key/key.core/../key.ui/examples/heap/information_flow/ArrayList_contains.key.proof 
80327      DEBUG main            d.u.i.k.p.i.AbstractProblemLoader Environment load took 119.9ns 
80328      INFO  main            d.u.i.k.p.i.AbstractProblemLoader Creating init config 
82874      DEBUG main            d.u.i.k.p.i.AbstractProblemLoader Init config took 2.55s 
82913      INFO  main            d.u.i.k.p.i.AbstractProblemLoader Replaying proof ArrayList[ArrayList::get(int)].JML normal_behavior operation contract.0 
82954      DEBUG main            d.u.i.k.p.i.IntermediateProofReplayer Proof replay took 37.88ms 
82955      DEBUG main            d.u.i.k.p.r.p.TestFile    ... success: reloaded. 
82956      INFO  main            d.u.i.k.p.r.p.TestFile    Now processing file /home/runner/work/key/key/key.core/../key.ui/examples/heap/information_flow/ArrayList_get.key 
82957      INFO  main            d.u.i.k.p.i.AbstractProblemLoader Loading environment from /home/runner/work/key/key/key.core/../key.ui/examples/heap/information_flow/ArrayList_get.key 
82957      DEBUG main            d.u.i.k.p.i.AbstractProblemLoader Environment load took 241.2ns 
82958      INFO  main            d.u.i.k.p.i.AbstractProblemLoader Creating init config 
85599      DEBUG main            d.u.i.k.p.i.AbstractProblemLoader Init config took 2.64s 
85639      INFO  main            d.u.i.k.p.i.AbstractProblemLoader Replaying proof ArrayList[ArrayList::contains(java.lang.Object)].JML normal_behavior operation contract.0 
85640      DEBUG main            d.u.i.k.p.i.IntermediateProofReplayer Proof replay took 5.6ns 
86445      INFO  main            d.u.i.k.p.r.p.TestFile    ... finished proof: closed. 
86696      INFO  main            d.u.i.k.p.i.AbstractProblemLoader Loading environment from /home/runner/work/key/key/key.core/../key.ui/examples/heap/information_flow/ArrayList_get.key.proof 
86697      DEBUG main            d.u.i.k.p.i.AbstractProblemLoader Environment load took 437.7ns 
86698      INFO  main            d.u.i.k.p.i.AbstractProblemLoader Creating init config 
89250      DEBUG main            d.u.i.k.p.i.AbstractProblemLoader Init config took 2.55s 
89288      INFO  main            d.u.i.k.p.i.AbstractProblemLoader Replaying proof ArrayList[ArrayList::contains(java.lang.Object)].JML normal_behavior operation contract.0 
89406      DEBUG main            d.u.i.k.p.i.IntermediateProofReplayer Proof replay took 112.51ms 
89408      DEBUG main            d.u.i.k.p.r.p.TestFile    ... success: reloaded. 
89408      INFO  main            d.u.i.k.p.r.p.TestFile    Now processing file /home/runner/work/key/key/key.core/../key.ui/examples/heap/information_flow/ArrayList_size.key 
89409      INFO  main            d.u.i.k.p.i.AbstractProblemLoader Loading environment from /home/runner/work/key/key/key.core/../key.ui/examples/heap/information_flow/ArrayList_size.key 
89409      DEBUG main            d.u.i.k.p.i.AbstractProblemLoader Environment load took 210.2ns 
89410      INFO  main            d.u.i.k.p.i.AbstractProblemLoader Creating init config 
91977      DEBUG main            d.u.i.k.p.i.AbstractProblemLoader Init config took 2.57s 
92014      INFO  main            d.u.i.k.p.i.AbstractProblemLoader Replaying proof ArrayList[ArrayList::size()].JML normal_behavior operation contract.0 
92015      DEBUG main            d.u.i.k.p.i.IntermediateProofReplayer Proof replay took 5.1ns 
92119      INFO  main            d.u.i.k.p.r.p.TestFile    ... finished proof: closed. 
92367      INFO  main            d.u.i.k.p.i.AbstractProblemLoader Loading environment from /home/runner/work/key/key/key.core/../key.ui/examples/heap/information_flow/ArrayList_size.key.proof 
92367      DEBUG main            d.u.i.k.p.i.AbstractProblemLoader Environment load took 111.1ns 
92368      INFO  main            d.u.i.k.p.i.AbstractProblemLoader Creating init config 
94927      DEBUG main            d.u.i.k.p.i.AbstractProblemLoader Init config took 2.56s 
94964      INFO  main            d.u.i.k.p.i.AbstractProblemLoader Replaying proof ArrayList[ArrayList::size()].JML normal_behavior operation contract.0 
94976      DEBUG main            d.u.i.k.p.i.IntermediateProofReplayer Proof replay took 10.17ms 
94977      DEBUG main            d.u.i.k.p.r.p.TestFile    ... success: reloaded. 
94978      INFO  main            d.u.i.k.p.r.p.TestFile    Now processing file /home/runner/work/key/key/key.core/../key.ui/examples/heap/information_flow/UpdateAbstraction_ex7_3_secure.key 
94978      INFO  main            d.u.i.k.p.i.AbstractProblemLoader Loading environment from /home/runner/work/key/key/key.core/../key.ui/examples/heap/information_flow/UpdateAbstraction_ex7_3_secure.key 
94978      DEBUG main            d.u.i.k.p.i.AbstractProblemLoader Environment load took 90ns 
94979      INFO  main            d.u.i.k.p.i.AbstractProblemLoader Creating init config 
97597      DEBUG main            d.u.i.k.p.i.AbstractProblemLoader Init config took 2.62s 
97633      INFO  main            d.u.i.k.p.i.AbstractProblemLoader Replaying proof UpdateAbstraction[UpdateAbstraction::ex7_3_secure()].JML operation contract.0 
97634      DEBUG main            d.u.i.k.p.i.IntermediateProofReplayer Proof replay took 5.2ns 
97836      INFO  main            d.u.i.k.p.r.p.TestFile    ... finished proof: closed. 
98120      INFO  main            d.u.i.k.p.i.AbstractProblemLoader Loading environment from /home/runner/work/key/key/key.core/../key.ui/examples/heap/information_flow/UpdateAbstraction_ex7_3_secure.key.proof 
98121      DEBUG main            d.u.i.k.p.i.AbstractProblemLoader Environment load took 112.5ns 
98121      INFO  main            d.u.i.k.p.i.AbstractProblemLoader Creating init config 
100672     DEBUG main            d.u.i.k.p.i.AbstractProblemLoader Init config took 2.55s 
100710     INFO  main            d.u.i.k.p.i.AbstractProblemLoader Replaying proof UpdateAbstraction[UpdateAbstraction::ex7_3_secure()].JML operation contract.0 
100735     DEBUG main            d.u.i.k.p.i.IntermediateProofReplayer Proof replay took 22.69ms 
100736     DEBUG main            d.u.i.k.p.r.p.TestFile    ... success: reloaded. 
100737     INFO  main            d.u.i.k.p.r.p.TestFile    Now processing file /home/runner/work/key/key/key.core/../key.ui/examples/heap/information_flow/UpdateAbstraction_ex7_4_secure.key 
100737     INFO  main            d.u.i.k.p.i.AbstractProblemLoader Loading environment from /home/runner/work/key/key/key.core/../key.ui/examples/heap/information_flow/UpdateAbstraction_ex7_4_secure.key 
100737     DEBUG main            d.u.i.k.p.i.AbstractProblemLoader Environment load took 75.2ns 
100738     INFO  main            d.u.i.k.p.i.AbstractProblemLoader Creating init config 
103297     DEBUG main            d.u.i.k.p.i.AbstractProblemLoader Init config took 2.56s 
103362     INFO  main            d.u.i.k.p.i.AbstractProblemLoader Replaying proof UpdateAbstraction[UpdateAbstraction::ex7_4_secure()].JML operation contract.0 
103366     DEBUG main            d.u.i.k.p.i.IntermediateProofReplayer Proof replay took 6.4ns 
103568     INFO  main            d.u.i.k.p.r.p.TestFile    ... finished proof: closed. 
103825     INFO  main            d.u.i.k.p.i.AbstractProblemLoader Loading environment from /home/runner/work/key/key/key.core/../key.ui/examples/heap/information_flow/UpdateAbstraction_ex7_4_secure.key.proof 
103825     DEBUG main            d.u.i.k.p.i.AbstractProblemLoader Environment load took 110.8ns 
103826     INFO  main            d.u.i.k.p.i.AbstractProblemLoader Creating init config 
106354     DEBUG main            d.u.i.k.p.i.AbstractProblemLoader Init config took 2.53s 
106388     INFO  main            d.u.i.k.p.i.AbstractProblemLoader Replaying proof UpdateAbstraction[UpdateAbstraction::ex7_4_secure()].JML operation contract.0 
106423     DEBUG main            d.u.i.k.p.i.IntermediateProofReplayer Proof replay took 32.5ms 
106424     DEBUG main            d.u.i.k.p.r.p.TestFile    ... success: reloaded. 
106424     INFO  main            d.u.i.k.p.r.p.TestFile    Now processing file /home/runner/work/key/key/key.core/../key.ui/examples/heap/information_flow/UpdateAbstraction_ex7_5_secure.key 
106425     INFO  main            d.u.i.k.p.i.AbstractProblemLoader Loading environment from /home/runner/work/key/key/key.core/../key.ui/examples/heap/information_flow/UpdateAbstraction_ex7_5_secure.key 
106425     DEBUG main            d.u.i.k.p.i.AbstractProblemLoader Environment load took 91.2ns 
106426     INFO  main            d.u.i.k.p.i.AbstractProblemLoader Creating init config 
108985     DEBUG main            d.u.i.k.p.i.AbstractProblemLoader Init config took 2.56s 
109020     INFO  main            d.u.i.k.p.i.AbstractProblemLoader Replaying proof UpdateAbstraction[UpdateAbstraction::ex7_5_secure()].JML operation contract.0 
109021     DEBUG main            d.u.i.k.p.i.IntermediateProofReplayer Proof replay took 5.5ns 
109123     INFO  main            d.u.i.k.p.r.p.TestFile    ... finished proof: closed. 
109387     INFO  main            d.u.i.k.p.i.AbstractProblemLoader Loading environment from /home/runner/work/key/key/key.core/../key.ui/examples/heap/information_flow/UpdateAbstraction_ex7_5_secure.key.proof 
109388     DEBUG main            d.u.i.k.p.i.AbstractProblemLoader Environment load took 110ns 
109388     INFO  main            d.u.i.k.p.i.AbstractProblemLoader Creating init config 
111883     DEBUG main            d.u.i.k.p.i.AbstractProblemLoader Init config took 2.49s 
111917     INFO  main            d.u.i.k.p.i.AbstractProblemLoader Replaying proof UpdateAbstraction[UpdateAbstraction::ex7_5_secure()].JML operation contract.0 
111932     DEBUG main            d.u.i.k.p.i.IntermediateProofReplayer Proof replay took 13.25ms 
111933     DEBUG main            d.u.i.k.p.r.p.TestFile    ... success: reloaded. 
111934     INFO  main            d.u.i.k.p.r.p.TestFile    Now processing file /home/runner/work/key/key/key.core/../key.ui/examples/heap/information_flow/UpdateAbstraction_ex7_6_secure.key 
111934     INFO  main            d.u.i.k.p.i.AbstractProblemLoader Loading environment from /home/runner/work/key/key/key.core/../key.ui/examples/heap/information_flow/UpdateAbstraction_ex7_6_secure.key 
111934     DEBUG main            d.u.i.k.p.i.AbstractProblemLoader Environment load took 89.7ns 
111935     INFO  main            d.u.i.k.p.i.AbstractProblemLoader Creating init config 
114495     DEBUG main            d.u.i.k.p.i.AbstractProblemLoader Init config took 2.56s 
114529     INFO  main            d.u.i.k.p.i.AbstractProblemLoader Replaying proof UpdateAbstraction[UpdateAbstraction::ex7_6_secure()].JML operation contract.0 
114530     DEBUG main            d.u.i.k.p.i.IntermediateProofReplayer Proof replay took 6ns 
114833     INFO  main            d.u.i.k.p.r.p.TestFile    ... finished proof: closed. 
115109     INFO  main            d.u.i.k.p.i.AbstractProblemLoader Loading environment from /home/runner/work/key/key/key.core/../key.ui/examples/heap/information_flow/UpdateAbstraction_ex7_6_secure.key.proof 
115109     DEBUG main            d.u.i.k.p.i.AbstractProblemLoader Environment load took 114.6ns 
115110     INFO  main            d.u.i.k.p.i.AbstractProblemLoader Creating init config 
117619     DEBUG main            d.u.i.k.p.i.AbstractProblemLoader Init config took 2.51s 
117662     INFO  main            d.u.i.k.p.i.AbstractProblemLoader Replaying proof UpdateAbstraction[UpdateAbstraction::ex7_6_secure()].JML operation contract.0 
117708     DEBUG main            d.u.i.k.p.i.IntermediateProofReplayer Proof replay took 43.92ms 
117709     DEBUG main            d.u.i.k.p.r.p.TestFile    ... success: reloaded. 
117710     INFO  main            d.u.i.k.p.r.p.TestFile    Now processing file /home/runner/work/key/key/key.core/../key.ui/examples/heap/information_flow/UpdateAbstraction_ex9_secure.key 
117710     INFO  main            d.u.i.k.p.i.AbstractProblemLoader Loading environment from /home/runner/work/key/key/key.core/../key.ui/examples/heap/information_flow/UpdateAbstraction_ex9_secure.key 
117710     DEBUG main            d.u.i.k.p.i.AbstractProblemLoader Environment load took 179.1ns 
117711     INFO  main            d.u.i.k.p.i.AbstractProblemLoader Creating init config 
120276     DEBUG main            d.u.i.k.p.i.AbstractProblemLoader Init config took 2.56s 
120310     INFO  main            d.u.i.k.p.i.AbstractProblemLoader Replaying proof UpdateAbstraction[UpdateAbstraction::ex9_secure()].JML operation contract.0 
120312     DEBUG main            d.u.i.k.p.i.IntermediateProofReplayer Proof replay took 6.6ns 
121223     INFO  main            d.u.i.k.p.r.p.TestFile    ... finished proof: closed. 
121511     INFO  main            d.u.i.k.p.i.AbstractProblemLoader Loading environment from /home/runner/work/key/key/key.core/../key.ui/examples/heap/information_flow/UpdateAbstraction_ex9_secure.key.proof 
121511     DEBUG main            d.u.i.k.p.i.AbstractProblemLoader Environment load took 105.4ns 
121512     INFO  main            d.u.i.k.p.i.AbstractProblemLoader Creating init config 
124009     DEBUG main            d.u.i.k.p.i.AbstractProblemLoader Init config took 2.5s 
124044     INFO  main            d.u.i.k.p.i.AbstractProblemLoader Replaying proof UpdateAbstraction[UpdateAbstraction::ex9_secure()].JML operation contract.0 
124178     DEBUG main            d.u.i.k.p.i.IntermediateProofReplayer Proof replay took 130.59ms 
124179     DEBUG main            d.u.i.k.p.r.p.TestFile    ... success: reloaded. 
817112     INFO  Test worker     d.u.i.k.p.r.p.StatisticsFile Returning from test javaCard 
817119     INFO  Test worker     d.u.i.k.p.r.p.StatisticsFile Running test list 
378        INFO  Timeout watchdog d.u.i.k.p.r.p.ForkedTestFileRunner Timeout watcher launched (2000 secs.) 
395        WARN  main            d.u.i.k.s.ProofSettings   The settings in /home/runner/.key/proof-settings.props are *not* read. 
438        INFO  main            d.u.i.k.p.r.p.TestFile    Now processing file /home/runner/work/key/key/key.core/../key.ui/examples/heap/list/ArrayList_add.key 
548        INFO  main            d.u.i.k.p.i.AbstractProblemLoader Loading environment from /home/runner/work/key/key/key.core/../key.ui/examples/heap/list/ArrayList_add.key 
568        DEBUG main            d.u.i.k.p.i.AbstractProblemLoader Environment load took 1.85ms 
783        INFO  main            d.u.i.k.p.i.AbstractProblemLoader Creating init config 
1724       DEBUG main            d.u.i.k.j.TypeConverter   No LDT found for Meta 
1728       DEBUG main            d.u.i.k.j.TypeConverter   No LDT found for Meta 
1732       DEBUG main            d.u.i.k.j.TypeConverter   No LDT found for Meta 
1732       DEBUG main            d.u.i.k.j.TypeConverter   No LDT found for Meta 
3378       DEBUG main            d.u.i.k.j.TypeConverter   No LDT found for JavaBigintExpression 
6284       DEBUG main            d.u.i.k.j.r.ClassPreparationMethodBuilder clPrepBuilder: Inner Class detected. Reject building class initialisation methods. 
8988       DEBUG main            d.u.i.k.p.i.AbstractProblemLoader Init config took 8.2s 
9164       INFO  main            d.u.i.k.p.i.AbstractProblemLoader Replaying proof ArrayList[List::add(java.lang.Object)].JML normal_behavior operation contract.0 
9199       DEBUG main            d.u.i.k.p.i.IntermediateProofReplayer Proof replay took 34.5ns 
14830      INFO  main            d.u.i.k.p.r.p.TestFile    ... finished proof: closed. 
15007      INFO  main            d.u.i.k.p.i.AbstractProblemLoader Loading environment from /home/runner/work/key/key/key.core/../key.ui/examples/heap/list/ArrayList_add.key.proof 
15008      DEBUG main            d.u.i.k.p.i.AbstractProblemLoader Environment load took 1.28ms 
15011      INFO  main            d.u.i.k.p.i.AbstractProblemLoader Creating init config 
16123      DEBUG main            d.u.i.k.j.r.ClassPreparationMethodBuilder clPrepBuilder: Inner Class detected. Reject building class initialisation methods. 
18380      DEBUG main            d.u.i.k.p.i.AbstractProblemLoader Init config took 3.37s 
18452      INFO  main            d.u.i.k.p.i.AbstractProblemLoader Replaying proof ArrayList[List::add(java.lang.Object)].JML normal_behavior operation contract.0 
18997      DEBUG main            d.u.i.k.p.i.IntermediateProofReplayer Proof replay took 515.44ms 
19005      DEBUG main            d.u.i.k.p.r.p.TestFile    ... success: reloaded. 
19008      INFO  main            d.u.i.k.p.r.p.TestFile    Now processing file /home/runner/work/key/key/key.core/../key.ui/examples/heap/list/ArrayList_ArrayList.key 
19010      INFO  main            d.u.i.k.p.i.AbstractProblemLoader Loading environment from /home/runner/work/key/key/key.core/../key.ui/examples/heap/list/ArrayList_ArrayList.key 
19011      DEBUG main            d.u.i.k.p.i.AbstractProblemLoader Environment load took 367.2ns 
19012      INFO  main            d.u.i.k.p.i.AbstractProblemLoader Creating init config 
20071      DEBUG main            d.u.i.k.j.r.ClassPreparationMethodBuilder clPrepBuilder: Inner Class detected. Reject building class initialisation methods. 
22257      DEBUG main            d.u.i.k.p.i.AbstractProblemLoader Init config took 3.25s 
22326      INFO  main            d.u.i.k.p.i.AbstractProblemLoader Replaying proof ArrayList[ArrayList::ArrayList()].JML normal_behavior operation contract.0 
22329      DEBUG main            d.u.i.k.p.i.IntermediateProofReplayer Proof replay took 5.4ns 
23735      INFO  main            d.u.i.k.p.r.p.TestFile    ... finished proof: closed. 
23901      INFO  main            d.u.i.k.p.i.AbstractProblemLoader Loading environment from /home/runner/work/key/key/key.core/../key.ui/examples/heap/list/ArrayList_ArrayList.key.proof 
23902      DEBUG main            d.u.i.k.p.i.AbstractProblemLoader Environment load took 465.3ns 
23905      INFO  main            d.u.i.k.p.i.AbstractProblemLoader Creating init config 
24933      DEBUG main            d.u.i.k.j.r.ClassPreparationMethodBuilder clPrepBuilder: Inner Class detected. Reject building class initialisation methods. 
27070      DEBUG main            d.u.i.k.p.i.AbstractProblemLoader Init config took 3.17s 
27151      INFO  main            d.u.i.k.p.i.AbstractProblemLoader Replaying proof ArrayList[ArrayList::ArrayList()].JML normal_behavior operation contract.0 
27327      DEBUG main            d.u.i.k.p.i.IntermediateProofReplayer Proof replay took 164.94ms 
27330      DEBUG main            d.u.i.k.p.r.p.TestFile    ... success: reloaded. 
27331      INFO  main            d.u.i.k.p.r.p.TestFile    Now processing file /home/runner/work/key/key/key.core/../key.ui/examples/heap/list/ArrayList_concatenate.key 
27332      INFO  main            d.u.i.k.p.i.AbstractProblemLoader Loading environment from /home/runner/work/key/key/key.core/../key.ui/examples/heap/list/ArrayList_concatenate.key 
27332      DEBUG main            d.u.i.k.p.i.AbstractProblemLoader Environment load took 360.2ns 
27334      INFO  main            d.u.i.k.p.i.AbstractProblemLoader Creating init config 
28379      DEBUG main            d.u.i.k.j.r.ClassPreparationMethodBuilder clPrepBuilder: Inner Class detected. Reject building class initialisation methods. 
30441      DEBUG main            d.u.i.k.p.i.AbstractProblemLoader Init config took 3.11s 
30498      INFO  main            d.u.i.k.p.i.AbstractProblemLoader Replaying proof ArrayList[List::concatenate(List)].JML normal_behavior operation contract.0 
30500      DEBUG main            d.u.i.k.p.i.IntermediateProofReplayer Proof replay took 5.9ns 
53004      INFO  main            d.u.i.k.p.r.p.TestFile    ... finished proof: closed. 
53239      INFO  main            d.u.i.k.p.i.AbstractProblemLoader Loading environment from /home/runner/work/key/key/key.core/../key.ui/examples/heap/list/ArrayList_concatenate.key.proof 
53240      DEBUG main            d.u.i.k.p.i.AbstractProblemLoader Environment load took 456.4ns 
53246      INFO  main            d.u.i.k.p.i.AbstractProblemLoader Creating init config 
54226      DEBUG main            d.u.i.k.j.r.ClassPreparationMethodBuilder clPrepBuilder: Inner Class detected. Reject building class initialisation methods. 
56278      DEBUG main            d.u.i.k.p.i.AbstractProblemLoader Init config took 3.03s 
56346      INFO  main            d.u.i.k.p.i.AbstractProblemLoader Replaying proof ArrayList[List::concatenate(List)].JML normal_behavior operation contract.0 
57828      DEBUG main            d.u.i.k.p.i.IntermediateProofReplayer Proof replay took 1.41s 
57832      DEBUG main            d.u.i.k.p.r.p.TestFile    ... success: reloaded. 
57834      INFO  main            d.u.i.k.p.r.p.TestFile    Now processing file /home/runner/work/key/key/key.core/../key.ui/examples/heap/list/ArrayList_contains_dep.key 
57834      INFO  main            d.u.i.k.p.i.AbstractProblemLoader Loading environment from /home/runner/work/key/key/key.core/../key.ui/examples/heap/list/ArrayList_contains_dep.key 
57834      DEBUG main            d.u.i.k.p.i.AbstractProblemLoader Environment load took 236.5ns 
57836      INFO  main            d.u.i.k.p.i.AbstractProblemLoader Creating init config 
58918      DEBUG main            d.u.i.k.j.r.ClassPreparationMethodBuilder clPrepBuilder: Inner Class detected. Reject building class initialisation methods. 
61015      DEBUG main            d.u.i.k.p.i.AbstractProblemLoader Init config took 3.18s 
61072      INFO  main            d.u.i.k.p.i.AbstractProblemLoader Replaying proof ArrayList[List::contains(java.lang.Object)].JML accessible clause.0 
61074      DEBUG main            d.u.i.k.p.i.IntermediateProofReplayer Proof replay took 5.7ns 
63685      INFO  main            d.u.i.k.p.r.p.TestFile    ... finished proof: closed. 
63873      INFO  main            d.u.i.k.p.i.AbstractProblemLoader Loading environment from /home/runner/work/key/key/key.core/../key.ui/examples/heap/list/ArrayList_contains_dep.key.proof 
63874      DEBUG main            d.u.i.k.p.i.AbstractProblemLoader Environment load took 446.6ns 
63875      INFO  main            d.u.i.k.p.i.AbstractProblemLoader Creating init config 
64861      DEBUG main            d.u.i.k.j.r.ClassPreparationMethodBuilder clPrepBuilder: Inner Class detected. Reject building class initialisation methods. 
66948      DEBUG main            d.u.i.k.p.i.AbstractProblemLoader Init config took 3.07s 
66999      INFO  main            d.u.i.k.p.i.AbstractProblemLoader Replaying proof ArrayList[List::contains(java.lang.Object)].JML accessible clause.0 
67294      DEBUG main            d.u.i.k.p.i.IntermediateProofReplayer Proof replay took 283.43ms 
67295      DEBUG main            d.u.i.k.p.r.p.TestFile    ... success: reloaded. 
67297      INFO  main            d.u.i.k.p.r.p.TestFile    Now processing file /home/runner/work/key/key/key.core/../key.ui/examples/heap/list/ArrayList_enlarge.key 
67297      INFO  main            d.u.i.k.p.i.AbstractProblemLoader Loading environment from /home/runner/work/key/key/key.core/../key.ui/examples/heap/list/ArrayList_enlarge.key 
67297      DEBUG main            d.u.i.k.p.i.AbstractProblemLoader Environment load took 168.6ns 
67298      INFO  main            d.u.i.k.p.i.AbstractProblemLoader Creating init config 
68274      DEBUG main            d.u.i.k.j.r.ClassPreparationMethodBuilder clPrepBuilder: Inner Class detected. Reject building class initialisation methods. 
70333      DEBUG main            d.u.i.k.p.i.AbstractProblemLoader Init config took 3.03s 
70392      INFO  main            d.u.i.k.p.i.AbstractProblemLoader Replaying proof ArrayList[ArrayList::enlarge()].JML normal_behavior operation contract.0 
70395      DEBUG main            d.u.i.k.p.i.IntermediateProofReplayer Proof replay took 4.8ns 
72616      INFO  main            d.u.i.k.p.r.p.TestFile    ... finished proof: closed. 
72802      INFO  main            d.u.i.k.p.i.AbstractProblemLoader Loading environment from /home/runner/work/key/key/key.core/../key.ui/examples/heap/list/ArrayList_enlarge.key.proof 
72804      DEBUG main            d.u.i.k.p.i.AbstractProblemLoader Environment load took 1.69ms 
72805      INFO  main            d.u.i.k.p.i.AbstractProblemLoader Creating init config 
73739      DEBUG main            d.u.i.k.j.r.ClassPreparationMethodBuilder clPrepBuilder: Inner Class detected. Reject building class initialisation methods. 
75805      DEBUG main            d.u.i.k.p.i.AbstractProblemLoader Init config took 3s 
75855      INFO  main            d.u.i.k.p.i.AbstractProblemLoader Replaying proof ArrayList[ArrayList::enlarge()].JML normal_behavior operation contract.0 
76134      DEBUG main            d.u.i.k.p.i.IntermediateProofReplayer Proof replay took 269.81ms 
76136      DEBUG main            d.u.i.k.p.r.p.TestFile    ... success: reloaded. 
76137      INFO  main            d.u.i.k.p.r.p.TestFile    Now processing file /home/runner/work/key/key/key.core/../key.ui/examples/heap/list/ArrayList_footprint.key 
76137      INFO  main            d.u.i.k.p.i.AbstractProblemLoader Loading environment from /home/runner/work/key/key/key.core/../key.ui/examples/heap/list/ArrayList_footprint.key 
76138      DEBUG main            d.u.i.k.p.i.AbstractProblemLoader Environment load took 207.7ns 
76139      INFO  main            d.u.i.k.p.i.AbstractProblemLoader Creating init config 
77105      DEBUG main            d.u.i.k.j.r.ClassPreparationMethodBuilder clPrepBuilder: Inner Class detected. Reject building class initialisation methods. 
79153      DEBUG main            d.u.i.k.p.i.AbstractProblemLoader Init config took 3.01s 
79211      INFO  main            d.u.i.k.p.i.AbstractProblemLoader Replaying proof List[List::$footprint()].JML accessible clause.0 
79214      DEBUG main            d.u.i.k.p.i.IntermediateProofReplayer Proof replay took 6.3ns 
79318      INFO  main            d.u.i.k.p.r.p.TestFile    ... finished proof: closed. 
79489      INFO  main            d.u.i.k.p.i.AbstractProblemLoader Loading environment from /home/runner/work/key/key/key.core/../key.ui/examples/heap/list/ArrayList_footprint.key.proof 
79489      DEBUG main            d.u.i.k.p.i.AbstractProblemLoader Environment load took 117.5ns 
79491      INFO  main            d.u.i.k.p.i.AbstractProblemLoader Creating init config 
80462      DEBUG main            d.u.i.k.j.r.ClassPreparationMethodBuilder clPrepBuilder: Inner Class detected. Reject building class initialisation methods. 
82517      DEBUG main            d.u.i.k.p.i.AbstractProblemLoader Init config took 3.03s 
82562      INFO  main            d.u.i.k.p.i.AbstractProblemLoader Replaying proof List[List::$footprint()].JML accessible clause.0 
82565      DEBUG main            d.u.i.k.p.i.IntermediateProofReplayer Proof replay took 831.1ns 
82566      DEBUG main            d.u.i.k.p.r.p.TestFile    ... success: reloaded. 
82568      INFO  main            d.u.i.k.p.r.p.TestFile    Now processing file /home/runner/work/key/key/key.core/../key.ui/examples/heap/list/ArrayList_get_dep.key 
82568      INFO  main            d.u.i.k.p.i.AbstractProblemLoader Loading environment from /home/runner/work/key/key/key.core/../key.ui/examples/heap/list/ArrayList_get_dep.key 
82568      DEBUG main            d.u.i.k.p.i.AbstractProblemLoader Environment load took 216ns 
82569      INFO  main            d.u.i.k.p.i.AbstractProblemLoader Creating init config 
83562      DEBUG main            d.u.i.k.j.r.ClassPreparationMethodBuilder clPrepBuilder: Inner Class detected. Reject building class initialisation methods. 
85596      DEBUG main            d.u.i.k.p.i.AbstractProblemLoader Init config took 3.03s 
85644      INFO  main            d.u.i.k.p.i.AbstractProblemLoader Replaying proof ArrayList[List::get(int)].JML accessible clause.0 
85646      DEBUG main            d.u.i.k.p.i.IntermediateProofReplayer Proof replay took 5.8ns 
86055      INFO  main            d.u.i.k.p.r.p.TestFile    ... finished proof: closed. 
86231      INFO  main            d.u.i.k.p.i.AbstractProblemLoader Loading environment from /home/runner/work/key/key/key.core/../key.ui/examples/heap/list/ArrayList_get_dep.key.proof 
86231      DEBUG main            d.u.i.k.p.i.AbstractProblemLoader Environment load took 463.9ns 
86232      INFO  main            d.u.i.k.p.i.AbstractProblemLoader Creating init config 
87185      DEBUG main            d.u.i.k.j.r.ClassPreparationMethodBuilder clPrepBuilder: Inner Class detected. Reject building class initialisation methods. 
89191      DEBUG main            d.u.i.k.p.i.AbstractProblemLoader Init config took 2.96s 
89238      INFO  main            d.u.i.k.p.i.AbstractProblemLoader Replaying proof ArrayList[List::get(int)].JML accessible clause.0 
89288      DEBUG main            d.u.i.k.p.i.IntermediateProofReplayer Proof replay took 46.22ms 
89289      DEBUG main            d.u.i.k.p.r.p.TestFile    ... success: reloaded. 
89290      INFO  main            d.u.i.k.p.r.p.TestFile    Now processing file /home/runner/work/key/key/key.core/../key.ui/examples/heap/list/ArrayList_get_exceptional.key 
89291      INFO  main            d.u.i.k.p.i.AbstractProblemLoader Loading environment from /home/runner/work/key/key/key.core/../key.ui/examples/heap/list/ArrayList_get_exceptional.key 
89291      DEBUG main            d.u.i.k.p.i.AbstractProblemLoader Environment load took 164.6ns 
89292      INFO  main            d.u.i.k.p.i.AbstractProblemLoader Creating init config 
90254      DEBUG main            d.u.i.k.j.r.ClassPreparationMethodBuilder clPrepBuilder: Inner Class detected. Reject building class initialisation methods. 
92325      DEBUG main            d.u.i.k.p.i.AbstractProblemLoader Init config took 3.03s 
92372      INFO  main            d.u.i.k.p.i.AbstractProblemLoader Replaying proof ArrayList[List::get(int)].JML exceptional_behavior operation contract.0 
92373      DEBUG main            d.u.i.k.p.i.IntermediateProofReplayer Proof replay took 6.1ns 
93478      INFO  main            d.u.i.k.p.r.p.TestFile    ... finished proof: closed. 
93691      INFO  main            d.u.i.k.p.i.AbstractProblemLoader Loading environment from /home/runner/work/key/key/key.core/../key.ui/examples/heap/list/ArrayList_get_exceptional.key.proof 
93692      DEBUG main            d.u.i.k.p.i.AbstractProblemLoader Environment load took 445ns 
93693      INFO  main            d.u.i.k.p.i.AbstractProblemLoader Creating init config 
94631      DEBUG main            d.u.i.k.j.r.ClassPreparationMethodBuilder clPrepBuilder: Inner Class detected. Reject building class initialisation methods. 
96673      DEBUG main            d.u.i.k.p.i.AbstractProblemLoader Init config took 2.98s 
96720      INFO  main            d.u.i.k.p.i.AbstractProblemLoader Replaying proof ArrayList[List::get(int)].JML exceptional_behavior operation contract.0 
96856      DEBUG main            d.u.i.k.p.i.IntermediateProofReplayer Proof replay took 128.66ms 
96857      DEBUG main            d.u.i.k.p.r.p.TestFile    ... success: reloaded. 
96859      INFO  main            d.u.i.k.p.r.p.TestFile    Now processing file /home/runner/work/key/key/key.core/../key.ui/examples/heap/list/ArrayList_get_normal.key 
96859      INFO  main            d.u.i.k.p.i.AbstractProblemLoader Loading environment from /home/runner/work/key/key/key.core/../key.ui/examples/heap/list/ArrayList_get_normal.key 
96859      DEBUG main            d.u.i.k.p.i.AbstractProblemLoader Environment load took 168.4ns 
96860      INFO  main            d.u.i.k.p.i.AbstractProblemLoader Creating init config 
97818      DEBUG main            d.u.i.k.j.r.ClassPreparationMethodBuilder clPrepBuilder: Inner Class detected. Reject building class initialisation methods. 
99845      DEBUG main            d.u.i.k.p.i.AbstractProblemLoader Init config took 2.98s 
99891      INFO  main            d.u.i.k.p.i.AbstractProblemLoader Replaying proof ArrayList[List::get(int)].JML normal_behavior operation contract.0 
99893      DEBUG main            d.u.i.k.p.i.IntermediateProofReplayer Proof replay took 5.6ns 
100300     INFO  main            d.u.i.k.p.r.p.TestFile    ... finished proof: closed. 
100508     INFO  main            d.u.i.k.p.i.AbstractProblemLoader Loading environment from /home/runner/work/key/key/key.core/../key.ui/examples/heap/list/ArrayList_get_normal.key.proof 
100508     DEBUG main            d.u.i.k.p.i.AbstractProblemLoader Environment load took 126.9ns 
100514     INFO  main            d.u.i.k.p.i.AbstractProblemLoader Creating init config 
101465     DEBUG main            d.u.i.k.j.r.ClassPreparationMethodBuilder clPrepBuilder: Inner Class detected. Reject building class initialisation methods. 
103473     DEBUG main            d.u.i.k.p.i.AbstractProblemLoader Init config took 2.96s 
103520     INFO  main            d.u.i.k.p.i.AbstractProblemLoader Replaying proof ArrayList[List::get(int)].JML normal_behavior operation contract.0 
103572     DEBUG main            d.u.i.k.p.i.IntermediateProofReplayer Proof replay took 48.27ms 
103573     DEBUG main            d.u.i.k.p.r.p.TestFile    ... success: reloaded. 
103574     INFO  main            d.u.i.k.p.r.p.TestFile    Now processing file /home/runner/work/key/key/key.core/../key.ui/examples/heap/list/ArrayList_inv.key 
103574     INFO  main            d.u.i.k.p.i.AbstractProblemLoader Loading environment from /home/runner/work/key/key/key.core/../key.ui/examples/heap/list/ArrayList_inv.key 
103574     DEBUG main            d.u.i.k.p.i.AbstractProblemLoader Environment load took 98.5ns 
103575     INFO  main            d.u.i.k.p.i.AbstractProblemLoader Creating init config 
104566     DEBUG main            d.u.i.k.j.r.ClassPreparationMethodBuilder clPrepBuilder: Inner Class detected. Reject building class initialisation methods. 
106614     DEBUG main            d.u.i.k.p.i.AbstractProblemLoader Init config took 3.04s 
106659     INFO  main            d.u.i.k.p.i.AbstractProblemLoader Replaying proof ArrayList[java.lang.Object::<inv>()].JML accessible clause.0 
106660     DEBUG main            d.u.i.k.p.i.IntermediateProofReplayer Proof replay took 6ns 
107063     INFO  main            d.u.i.k.p.r.p.TestFile    ... finished proof: closed. 
107258     INFO  main            d.u.i.k.p.i.AbstractProblemLoader Loading environment from /home/runner/work/key/key/key.core/../key.ui/examples/heap/list/ArrayList_inv.key.proof 
107258     DEBUG main            d.u.i.k.p.i.AbstractProblemLoader Environment load took 134.5ns 
107259     INFO  main            d.u.i.k.p.i.AbstractProblemLoader Creating init config 
108191     DEBUG main            d.u.i.k.j.r.ClassPreparationMethodBuilder clPrepBuilder: Inner Class detected. Reject building class initialisation methods. 
110228     DEBUG main            d.u.i.k.p.i.AbstractProblemLoader Init config took 2.97s 
110273     INFO  main            d.u.i.k.p.i.AbstractProblemLoader Replaying proof ArrayList[java.lang.Object::<inv>()].JML accessible clause.0 
110308     DEBUG main            d.u.i.k.p.i.IntermediateProofReplayer Proof replay took 31.18ms 
110309     DEBUG main            d.u.i.k.p.r.p.TestFile    ... success: reloaded. 
110313     INFO  main            d.u.i.k.p.r.p.TestFile    Now processing file /home/runner/work/key/key/key.core/../key.ui/examples/heap/list/ArrayList_iterator.key 
110314     INFO  main            d.u.i.k.p.i.AbstractProblemLoader Loading environment from /home/runner/work/key/key/key.core/../key.ui/examples/heap/list/ArrayList_iterator.key 
110314     DEBUG main            d.u.i.k.p.i.AbstractProblemLoader Environment load took 131.9ns 
110315     INFO  main            d.u.i.k.p.i.AbstractProblemLoader Creating init config 
111261     DEBUG main            d.u.i.k.j.r.ClassPreparationMethodBuilder clPrepBuilder: Inner Class detected. Reject building class initialisation methods. 
113270     DEBUG main            d.u.i.k.p.i.AbstractProblemLoader Init config took 2.96s 
113317     INFO  main            d.u.i.k.p.i.AbstractProblemLoader Replaying proof ArrayList[List::iterator()].JML normal_behavior operation contract.0 
113318     DEBUG main            d.u.i.k.p.i.IntermediateProofReplayer Proof replay took 5.2ns 
113821     INFO  main            d.u.i.k.p.r.p.TestFile    ... finished proof: closed. 
114024     INFO  main            d.u.i.k.p.i.AbstractProblemLoader Loading environment from /home/runner/work/key/key/key.core/../key.ui/examples/heap/list/ArrayList_iterator.key.proof 
114024     DEBUG main            d.u.i.k.p.i.AbstractProblemLoader Environment load took 114ns 
114025     INFO  main            d.u.i.k.p.i.AbstractProblemLoader Creating init config 
114962     DEBUG main            d.u.i.k.j.r.ClassPreparationMethodBuilder clPrepBuilder: Inner Class detected. Reject building class initialisation methods. 
116955     DEBUG main            d.u.i.k.p.i.AbstractProblemLoader Init config took 2.93s 
117011     INFO  main            d.u.i.k.p.i.AbstractProblemLoader Replaying proof ArrayList[List::iterator()].JML normal_behavior operation contract.0 
117073     DEBUG main            d.u.i.k.p.i.IntermediateProofReplayer Proof replay took 57ms 
117074     DEBUG main            d.u.i.k.p.r.p.TestFile    ... success: reloaded. 
117075     INFO  main            d.u.i.k.p.r.p.TestFile    Now processing file /home/runner/work/key/key/key.core/../key.ui/examples/heap/list/ArrayList_size_dep.key 
117075     INFO  main            d.u.i.k.p.i.AbstractProblemLoader Loading environment from /home/runner/work/key/key/key.core/../key.ui/examples/heap/list/ArrayList_size_dep.key 
117075     DEBUG main            d.u.i.k.p.i.AbstractProblemLoader Environment load took 90.2ns 
117076     INFO  main            d.u.i.k.p.i.AbstractProblemLoader Creating init config 
118060     DEBUG main            d.u.i.k.j.r.ClassPreparationMethodBuilder clPrepBuilder: Inner Class detected. Reject building class initialisation methods. 
120108     DEBUG main            d.u.i.k.p.i.AbstractProblemLoader Init config took 3.03s 
120154     INFO  main            d.u.i.k.p.i.AbstractProblemLoader Replaying proof ArrayList[List::size()].JML accessible clause.0 
120156     DEBUG main            d.u.i.k.p.i.IntermediateProofReplayer Proof replay took 6.6ns 
120357     INFO  main            d.u.i.k.p.r.p.TestFile    ... finished proof: closed. 
120568     INFO  main            d.u.i.k.p.i.AbstractProblemLoader Loading environment from /home/runner/work/key/key/key.core/../key.ui/examples/heap/list/ArrayList_size_dep.key.proof 
120568     DEBUG main            d.u.i.k.p.i.AbstractProblemLoader Environment load took 111.5ns 
120569     INFO  main            d.u.i.k.p.i.AbstractProblemLoader Creating init config 
121510     DEBUG main            d.u.i.k.j.r.ClassPreparationMethodBuilder clPrepBuilder: Inner Class detected. Reject building class initialisation methods. 
123534     DEBUG main            d.u.i.k.p.i.AbstractProblemLoader Init config took 2.96s 
123578     INFO  main            d.u.i.k.p.i.AbstractProblemLoader Replaying proof ArrayList[List::size()].JML accessible clause.0 
123595     DEBUG main            d.u.i.k.p.i.IntermediateProofReplayer Proof replay took 14.44ms 
123596     DEBUG main            d.u.i.k.p.r.p.TestFile    ... success: reloaded. 
123597     INFO  main            d.u.i.k.p.r.p.TestFile    Now processing file /home/runner/work/key/key/key.core/../key.ui/examples/heap/list/ArrayList_size.key 
123597     INFO  main            d.u.i.k.p.i.AbstractProblemLoader Loading environment from /home/runner/work/key/key/key.core/../key.ui/examples/heap/list/ArrayList_size.key 
123597     DEBUG main            d.u.i.k.p.i.AbstractProblemLoader Environment load took 85.7ns 
123598     INFO  main            d.u.i.k.p.i.AbstractProblemLoader Creating init config 
124549     DEBUG main            d.u.i.k.j.r.ClassPreparationMethodBuilder clPrepBuilder: Inner Class detected. Reject building class initialisation methods. 
126572     DEBUG main            d.u.i.k.p.i.AbstractProblemLoader Init config took 2.97s 
126619     INFO  main            d.u.i.k.p.i.AbstractProblemLoader Replaying proof ArrayList[List::size()].JML normal_behavior operation contract.0 
126621     DEBUG main            d.u.i.k.p.i.IntermediateProofReplayer Proof replay took 6.4ns 
126823     INFO  main            d.u.i.k.p.r.p.TestFile    ... finished proof: closed. 
127057     INFO  main            d.u.i.k.p.i.AbstractProblemLoader Loading environment from /home/runner/work/key/key/key.core/../key.ui/examples/heap/list/ArrayList_size.key.proof 
127057     DEBUG main            d.u.i.k.p.i.AbstractProblemLoader Environment load took 110.8ns 
127058     INFO  main            d.u.i.k.p.i.AbstractProblemLoader Creating init config 
127982     DEBUG main            d.u.i.k.j.r.ClassPreparationMethodBuilder clPrepBuilder: Inner Class detected. Reject building class initialisation methods. 
129967     DEBUG main            d.u.i.k.p.i.AbstractProblemLoader Init config took 2.91s 
130021     INFO  main            d.u.i.k.p.i.AbstractProblemLoader Replaying proof ArrayList[List::size()].JML normal_behavior operation contract.0 
130046     DEBUG main            d.u.i.k.p.i.IntermediateProofReplayer Proof replay took 22.54ms 
130047     DEBUG main            d.u.i.k.p.r.p.TestFile    ... success: reloaded. 
130048     INFO  main            d.u.i.k.p.r.p.TestFile    Now processing file /home/runner/work/key/key/key.core/../key.ui/examples/heap/list/ArrayList.ArrayListIterator_ArrayListIterator.key 
130048     INFO  main            d.u.i.k.p.i.AbstractProblemLoader Loading environment from /home/runner/work/key/key/key.core/../key.ui/examples/heap/list/ArrayList.ArrayListIterator_ArrayListIterator.key 
130048     DEBUG main            d.u.i.k.p.i.AbstractProblemLoader Environment load took 117.6ns 
130049     INFO  main            d.u.i.k.p.i.AbstractProblemLoader Creating init config 
131007     DEBUG main            d.u.i.k.j.r.ClassPreparationMethodBuilder clPrepBuilder: Inner Class detected. Reject building class initialisation methods. 
133039     DEBUG main            d.u.i.k.p.i.AbstractProblemLoader Init config took 2.99s 
133094     INFO  main            d.u.i.k.p.i.AbstractProblemLoader Replaying proof ArrayList.ArrayListIterator[ArrayList.ArrayListIterator::ArrayListIterator(ArrayList)].JML normal_behavior operation contract.0 
133096     DEBUG main            d.u.i.k.p.i.IntermediateProofReplayer Proof replay took 5.8ns 
133701     INFO  main            d.u.i.k.p.r.p.TestFile    ... finished proof: closed. 
133944     INFO  main            d.u.i.k.p.i.AbstractProblemLoader Loading environment from /home/runner/work/key/key/key.core/../key.ui/examples/heap/list/ArrayList.ArrayListIterator_ArrayListIterator.key.proof 
133945     DEBUG main            d.u.i.k.p.i.AbstractProblemLoader Environment load took 589.4ns 
133946     INFO  main            d.u.i.k.p.i.AbstractProblemLoader Creating init config 
134886     DEBUG main            d.u.i.k.j.r.ClassPreparationMethodBuilder clPrepBuilder: Inner Class detected. Reject building class initialisation methods. 
136891     DEBUG main            d.u.i.k.p.i.AbstractProblemLoader Init config took 2.95s 
136953     INFO  main            d.u.i.k.p.i.AbstractProblemLoader Replaying proof ArrayList.ArrayListIterator[ArrayList.ArrayListIterator::ArrayListIterator(ArrayList)].JML normal_behavior operation contract.0 
137022     DEBUG main            d.u.i.k.p.i.IntermediateProofReplayer Proof replay took 65.2ms 
137024     DEBUG main            d.u.i.k.p.r.p.TestFile    ... success: reloaded. 
137025     INFO  main            d.u.i.k.p.r.p.TestFile    Now processing file /home/runner/work/key/key/key.core/../key.ui/examples/heap/list/ArrayList.ArrayListIterator_hasNext_dep.key 
137026     INFO  main            d.u.i.k.p.i.AbstractProblemLoader Loading environment from /home/runner/work/key/key/key.core/../key.ui/examples/heap/list/ArrayList.ArrayListIterator_hasNext_dep.key 
137026     DEBUG main            d.u.i.k.p.i.AbstractProblemLoader Environment load took 217.8ns 
137027     INFO  main            d.u.i.k.p.i.AbstractProblemLoader Creating init config 
137995     DEBUG main            d.u.i.k.j.r.ClassPreparationMethodBuilder clPrepBuilder: Inner Class detected. Reject building class initialisation methods. 
140046     DEBUG main            d.u.i.k.p.i.AbstractProblemLoader Init config took 3.02s 
140104     INFO  main            d.u.i.k.p.i.AbstractProblemLoader Replaying proof ArrayList.ArrayListIterator[ListIterator::hasNext()].JML accessible clause.0 
140107     DEBUG main            d.u.i.k.p.i.IntermediateProofReplayer Proof replay took 5.9ns 
140410     INFO  main            d.u.i.k.p.r.p.TestFile    ... finished proof: closed. 
140641     INFO  main            d.u.i.k.p.i.AbstractProblemLoader Loading environment from /home/runner/work/key/key/key.core/../key.ui/examples/heap/list/ArrayList.ArrayListIterator_hasNext_dep.key.proof 
140641     DEBUG main            d.u.i.k.p.i.AbstractProblemLoader Environment load took 137.3ns 
140642     INFO  main            d.u.i.k.p.i.AbstractProblemLoader Creating init config 
141571     DEBUG main            d.u.i.k.j.r.ClassPreparationMethodBuilder clPrepBuilder: Inner Class detected. Reject building class initialisation methods. 
143587     DEBUG main            d.u.i.k.p.i.AbstractProblemLoader Init config took 2.94s 
143650     INFO  main            d.u.i.k.p.i.AbstractProblemLoader Replaying proof ArrayList.ArrayListIterator[ListIterator::hasNext()].JML accessible clause.0 
143682     DEBUG main            d.u.i.k.p.i.IntermediateProofReplayer Proof replay took 29.25ms 
143683     DEBUG main            d.u.i.k.p.r.p.TestFile    ... success: reloaded. 
143685     INFO  main            d.u.i.k.p.r.p.TestFile    Now processing file /home/runner/work/key/key/key.core/../key.ui/examples/heap/list/ArrayList.ArrayListIterator_hasNext.key 
143685     INFO  main            d.u.i.k.p.i.AbstractProblemLoader Loading environment from /home/runner/work/key/key/key.core/../key.ui/examples/heap/list/ArrayList.ArrayListIterator_hasNext.key 
143685     DEBUG main            d.u.i.k.p.i.AbstractProblemLoader Environment load took 227.7ns 
143686     INFO  main            d.u.i.k.p.i.AbstractProblemLoader Creating init config 
144632     DEBUG main            d.u.i.k.j.r.ClassPreparationMethodBuilder clPrepBuilder: Inner Class detected. Reject building class initialisation methods. 
146642     DEBUG main            d.u.i.k.p.i.AbstractProblemLoader Init config took 2.96s 
146694     INFO  main            d.u.i.k.p.i.AbstractProblemLoader Replaying proof ArrayList.ArrayListIterator[ListIterator::hasNext()].JML normal_behavior operation contract.0 
146695     DEBUG main            d.u.i.k.p.i.IntermediateProofReplayer Proof replay took 5.9ns 
147098     INFO  main            d.u.i.k.p.r.p.TestFile    ... finished proof: closed. 
147322     INFO  main            d.u.i.k.p.i.AbstractProblemLoader Loading environment from /home/runner/work/key/key/key.core/../key.ui/examples/heap/list/ArrayList.ArrayListIterator_hasNext.key.proof 
147322     DEBUG main            d.u.i.k.p.i.AbstractProblemLoader Environment load took 103.5ns 
147323     INFO  main            d.u.i.k.p.i.AbstractProblemLoader Creating init config 
148248     DEBUG main            d.u.i.k.j.r.ClassPreparationMethodBuilder clPrepBuilder: Inner Class detected. Reject building class initialisation methods. 
150236     DEBUG main            d.u.i.k.p.i.AbstractProblemLoader Init config took 2.91s 
150287     INFO  main            d.u.i.k.p.i.AbstractProblemLoader Replaying proof ArrayList.ArrayListIterator[ListIterator::hasNext()].JML normal_behavior operation contract.0 
150323     DEBUG main            d.u.i.k.p.i.IntermediateProofReplayer Proof replay took 33.26ms 
150324     DEBUG main            d.u.i.k.p.r.p.TestFile    ... success: reloaded. 
150325     INFO  main            d.u.i.k.p.r.p.TestFile    Now processing file /home/runner/work/key/key/key.core/../key.ui/examples/heap/list/ArrayList.ArrayListIterator_inv.key 
150325     INFO  main            d.u.i.k.p.i.AbstractProblemLoader Loading environment from /home/runner/work/key/key/key.core/../key.ui/examples/heap/list/ArrayList.ArrayListIterator_inv.key 
150325     DEBUG main            d.u.i.k.p.i.AbstractProblemLoader Environment load took 93.8ns 
150326     INFO  main            d.u.i.k.p.i.AbstractProblemLoader Creating init config 
151282     DEBUG main            d.u.i.k.j.r.ClassPreparationMethodBuilder clPrepBuilder: Inner Class detected. Reject building class initialisation methods. 
153308     DEBUG main            d.u.i.k.p.i.AbstractProblemLoader Init config took 2.98s 
153360     INFO  main            d.u.i.k.p.i.AbstractProblemLoader Replaying proof ArrayList.ArrayListIterator[java.lang.Object::<inv>()].JML accessible clause.0 
153362     DEBUG main            d.u.i.k.p.i.IntermediateProofReplayer Proof replay took 6ns 
154367     INFO  main            d.u.i.k.p.r.p.TestFile    ... finished proof: closed. 
154606     INFO  main            d.u.i.k.p.i.AbstractProblemLoader Loading environment from /home/runner/work/key/key/key.core/../key.ui/examples/heap/list/ArrayList.ArrayListIterator_inv.key.proof 
154607     DEBUG main            d.u.i.k.p.i.AbstractProblemLoader Environment load took 847.2ns 
154608     INFO  main            d.u.i.k.p.i.AbstractProblemLoader Creating init config 
155532     DEBUG main            d.u.i.k.j.r.ClassPreparationMethodBuilder clPrepBuilder: Inner Class detected. Reject building class initialisation methods. 
157524     DEBUG main            d.u.i.k.p.i.AbstractProblemLoader Init config took 2.92s 
157573     INFO  main            d.u.i.k.p.i.AbstractProblemLoader Replaying proof ArrayList.ArrayListIterator[java.lang.Object::<inv>()].JML accessible clause.0 
157657     DEBUG main            d.u.i.k.p.i.IntermediateProofReplayer Proof replay took 76.56ms 
157658     DEBUG main            d.u.i.k.p.r.p.TestFile    ... success: reloaded. 
157659     INFO  main            d.u.i.k.p.r.p.TestFile    Now processing file /home/runner/work/key/key/key.core/../key.ui/examples/heap/list/ArrayList.ArrayListIterator_list.key 
157659     INFO  main            d.u.i.k.p.i.AbstractProblemLoader Loading environment from /home/runner/work/key/key/key.core/../key.ui/examples/heap/list/ArrayList.ArrayListIterator_list.key 
157659     DEBUG main            d.u.i.k.p.i.AbstractProblemLoader Environment load took 73.7ns 
157660     INFO  main            d.u.i.k.p.i.AbstractProblemLoader Creating init config 
158599     DEBUG main            d.u.i.k.j.r.ClassPreparationMethodBuilder clPrepBuilder: Inner Class detected. Reject building class initialisation methods. 
160637     DEBUG main            d.u.i.k.p.i.AbstractProblemLoader Init config took 2.98s 
160676     INFO  main            d.u.i.k.p.i.AbstractProblemLoader Replaying proof ListIterator[ListIterator::$list()].JML accessible clause.0 
160677     DEBUG main            d.u.i.k.p.i.IntermediateProofReplayer Proof replay took 6.1ns 
160779     INFO  main            d.u.i.k.p.r.p.TestFile    ... finished proof: closed. 
161017     INFO  main            d.u.i.k.p.i.AbstractProblemLoader Loading environment from /home/runner/work/key/key/key.core/../key.ui/examples/heap/list/ArrayList.ArrayListIterator_list.key.proof 
161017     DEBUG main            d.u.i.k.p.i.AbstractProblemLoader Environment load took 114.4ns 
161018     INFO  main            d.u.i.k.p.i.AbstractProblemLoader Creating init config 
161945     DEBUG main            d.u.i.k.j.r.ClassPreparationMethodBuilder clPrepBuilder: Inner Class detected. Reject building class initialisation methods. 
163916     DEBUG main            d.u.i.k.p.i.AbstractProblemLoader Init config took 2.9s 
163954     INFO  main            d.u.i.k.p.i.AbstractProblemLoader Replaying proof ListIterator[ListIterator::$list()].JML accessible clause.0 
163956     DEBUG main            d.u.i.k.p.i.IntermediateProofReplayer Proof replay took 748.1ns 
163957     DEBUG main            d.u.i.k.p.r.p.TestFile    ... success: reloaded. 
163958     INFO  main            d.u.i.k.p.r.p.TestFile    Now processing file /home/runner/work/key/key/key.core/../key.ui/examples/heap/list/ArrayList.ArrayListIterator_next_exceptional.key 
163958     INFO  main            d.u.i.k.p.i.AbstractProblemLoader Loading environment from /home/runner/work/key/key/key.core/../key.ui/examples/heap/list/ArrayList.ArrayListIterator_next_exceptional.key 
163958     DEBUG main            d.u.i.k.p.i.AbstractProblemLoader Environment load took 58.2ns 
163959     INFO  main            d.u.i.k.p.i.AbstractProblemLoader Creating init config 
164934     DEBUG main            d.u.i.k.j.r.ClassPreparationMethodBuilder clPrepBuilder: Inner Class detected. Reject building class initialisation methods. 
166916     DEBUG main            d.u.i.k.p.i.AbstractProblemLoader Init config took 2.96s 
166983     INFO  main            d.u.i.k.p.i.AbstractProblemLoader Replaying proof ArrayList.ArrayListIterator[ListIterator::next()].JML exceptional_behavior operation contract.0 
166985     DEBUG main            d.u.i.k.p.i.IntermediateProofReplayer Proof replay took 5.7ns 
167790     INFO  main            d.u.i.k.p.r.p.TestFile    ... finished proof: closed. 
168069     INFO  main            d.u.i.k.p.i.AbstractProblemLoader Loading environment from /home/runner/work/key/key/key.core/../key.ui/examples/heap/list/ArrayList.ArrayListIterator_next_exceptional.key.proof 
168070     DEBUG main            d.u.i.k.p.i.AbstractProblemLoader Environment load took 433.1ns 
168071     INFO  main            d.u.i.k.p.i.AbstractProblemLoader Creating init config 
168999     DEBUG main            d.u.i.k.j.r.ClassPreparationMethodBuilder clPrepBuilder: Inner Class detected. Reject building class initialisation methods. 
170958     DEBUG main            d.u.i.k.p.i.AbstractProblemLoader Init config took 2.89s 
171009     INFO  main            d.u.i.k.p.i.AbstractProblemLoader Replaying proof ArrayList.ArrayListIterator[ListIterator::next()].JML exceptional_behavior operation contract.0 
171124     DEBUG main            d.u.i.k.p.i.IntermediateProofReplayer Proof replay took 110.09ms 
171125     DEBUG main            d.u.i.k.p.r.p.TestFile    ... success: reloaded. 
171127     INFO  main            d.u.i.k.p.r.p.TestFile    Now processing file /home/runner/work/key/key/key.core/../key.ui/examples/heap/list/ArrayList.ArrayListIterator_next_normal.key 
171129     INFO  main            d.u.i.k.p.i.AbstractProblemLoader Loading environment from /home/runner/work/key/key/key.core/../key.ui/examples/heap/list/ArrayList.ArrayListIterator_next_normal.key 
171130     DEBUG main            d.u.i.k.p.i.AbstractProblemLoader Environment load took 269.1ns 
171131     INFO  main            d.u.i.k.p.i.AbstractProblemLoader Creating init config 
172087     DEBUG main            d.u.i.k.j.r.ClassPreparationMethodBuilder clPrepBuilder: Inner Class detected. Reject building class initialisation methods. 
174118     DEBUG main            d.u.i.k.p.i.AbstractProblemLoader Init config took 2.99s 
174168     INFO  main            d.u.i.k.p.i.AbstractProblemLoader Replaying proof ArrayList.ArrayListIterator[ListIterator::next()].JML normal_behavior operation contract.0 
174169     DEBUG main            d.u.i.k.p.i.IntermediateProofReplayer Proof replay took 6ns 
175077     INFO  main            d.u.i.k.p.r.p.TestFile    ... finished proof: closed. 
175339     INFO  main            d.u.i.k.p.i.AbstractProblemLoader Loading environment from /home/runner/work/key/key/key.core/../key.ui/examples/heap/list/ArrayList.ArrayListIterator_next_normal.key.proof 
175339     DEBUG main            d.u.i.k.p.i.AbstractProblemLoader Environment load took 419.3ns 
175341     INFO  main            d.u.i.k.p.i.AbstractProblemLoader Creating init config 
176266     DEBUG main            d.u.i.k.j.r.ClassPreparationMethodBuilder clPrepBuilder: Inner Class detected. Reject building class initialisation methods. 
178234     DEBUG main            d.u.i.k.p.i.AbstractProblemLoader Init config took 2.89s 
178284     INFO  main            d.u.i.k.p.i.AbstractProblemLoader Replaying proof ArrayList.ArrayListIterator[ListIterator::next()].JML normal_behavior operation contract.0 
178393     DEBUG main            d.u.i.k.p.i.IntermediateProofReplayer Proof replay took 104.59ms 
178394     DEBUG main            d.u.i.k.p.r.p.TestFile    ... success: reloaded. 
178395     INFO  main            d.u.i.k.p.r.p.TestFile    Now processing file /home/runner/work/key/key/key.core/../key.ui/examples/heap/list/ArrayList.ArrayListIterator_pos.key 
178395     INFO  main            d.u.i.k.p.i.AbstractProblemLoader Loading environment from /home/runner/work/key/key/key.core/../key.ui/examples/heap/list/ArrayList.ArrayListIterator_pos.key 
178395     DEBUG main            d.u.i.k.p.i.AbstractProblemLoader Environment load took 70.7ns 
178396     INFO  main            d.u.i.k.p.i.AbstractProblemLoader Creating init config 
179355     DEBUG main            d.u.i.k.j.r.ClassPreparationMethodBuilder clPrepBuilder: Inner Class detected. Reject building class initialisation methods. 
181376     DEBUG main            d.u.i.k.p.i.AbstractProblemLoader Init config took 2.98s 
181415     INFO  main            d.u.i.k.p.i.AbstractProblemLoader Replaying proof ListIterator[ListIterator::$pos()].JML accessible clause.0 
181416     DEBUG main            d.u.i.k.p.i.IntermediateProofReplayer Proof replay took 5.9ns 
181519     INFO  main            d.u.i.k.p.r.p.TestFile    ... finished proof: closed. 
181771     INFO  main            d.u.i.k.p.i.AbstractProblemLoader Loading environment from /home/runner/work/key/key/key.core/../key.ui/examples/heap/list/ArrayList.ArrayListIterator_pos.key.proof 
181771     DEBUG main            d.u.i.k.p.i.AbstractProblemLoader Environment load took 94.8ns 
181772     INFO  main            d.u.i.k.p.i.AbstractProblemLoader Creating init config 
182701     DEBUG main            d.u.i.k.j.r.ClassPreparationMethodBuilder clPrepBuilder: Inner Class detected. Reject building class initialisation methods. 
184656     DEBUG main            d.u.i.k.p.i.AbstractProblemLoader Init config took 2.88s 
184695     INFO  main            d.u.i.k.p.i.AbstractProblemLoader Replaying proof ListIterator[ListIterator::$pos()].JML accessible clause.0 
184697     DEBUG main            d.u.i.k.p.i.IntermediateProofReplayer Proof replay took 733.1ns 
184698     DEBUG main            d.u.i.k.p.r.p.TestFile    ... success: reloaded. 
184699     INFO  main            d.u.i.k.p.r.p.TestFile    Now processing file /home/runner/work/key/key/key.core/../key.ui/examples/heap/list/Client_m.key 
184699     INFO  main            d.u.i.k.p.i.AbstractProblemLoader Loading environment from /home/runner/work/key/key/key.core/../key.ui/examples/heap/list/Client_m.key 
184699     DEBUG main            d.u.i.k.p.i.AbstractProblemLoader Environment load took 126.2ns 
184700     INFO  main            d.u.i.k.p.i.AbstractProblemLoader Creating init config 
185648     DEBUG main            d.u.i.k.j.r.ClassPreparationMethodBuilder clPrepBuilder: Inner Class detected. Reject building class initialisation methods. 
187663     DEBUG main            d.u.i.k.p.i.AbstractProblemLoader Init config took 2.96s 
187701     INFO  main            d.u.i.k.p.i.AbstractProblemLoader Replaying proof Client[Client::m(List)].JML normal_behavior operation contract.0 
187703     DEBUG main            d.u.i.k.p.i.IntermediateProofReplayer Proof replay took 6.2ns 
188005     INFO  main            d.u.i.k.p.r.p.TestFile    ... finished proof: closed. 
188282     INFO  main            d.u.i.k.p.i.AbstractProblemLoader Loading environment from /home/runner/work/key/key/key.core/../key.ui/examples/heap/list/Client_m.key.proof 
188283     DEBUG main            d.u.i.k.p.i.AbstractProblemLoader Environment load took 108.3ns 
188283     INFO  main            d.u.i.k.p.i.AbstractProblemLoader Creating init config 
189208     DEBUG main            d.u.i.k.j.r.ClassPreparationMethodBuilder clPrepBuilder: Inner Class detected. Reject building class initialisation methods. 
191168     DEBUG main            d.u.i.k.p.i.AbstractProblemLoader Init config took 2.88s 
191217     INFO  main            d.u.i.k.p.i.AbstractProblemLoader Replaying proof Client[Client::m(List)].JML normal_behavior operation contract.0 
191265     DEBUG main            d.u.i.k.p.i.IntermediateProofReplayer Proof replay took 44.2ms 
191267     DEBUG main            d.u.i.k.p.r.p.TestFile    ... success: reloaded. 
191268     INFO  main            d.u.i.k.p.r.p.TestFile    Now processing file /home/runner/work/key/key/key.core/../key.ui/examples/heap/list/Client_n.key 
191268     INFO  main            d.u.i.k.p.i.AbstractProblemLoader Loading environment from /home/runner/work/key/key/key.core/../key.ui/examples/heap/list/Client_n.key 
191268     DEBUG main            d.u.i.k.p.i.AbstractProblemLoader Environment load took 208.9ns 
191269     INFO  main            d.u.i.k.p.i.AbstractProblemLoader Creating init config 
192201     DEBUG main            d.u.i.k.j.r.ClassPreparationMethodBuilder clPrepBuilder: Inner Class detected. Reject building class initialisation methods. 
194215     DEBUG main            d.u.i.k.p.i.AbstractProblemLoader Init config took 2.95s 
194253     INFO  main            d.u.i.k.p.i.AbstractProblemLoader Replaying proof Client[Client::n(List)].JML normal_behavior operation contract.0 
194255     DEBUG main            d.u.i.k.p.i.IntermediateProofReplayer Proof replay took 5.7ns 
194356     INFO  main            d.u.i.k.p.r.p.TestFile    ... finished proof: closed. 
194761     INFO  main            d.u.i.k.p.i.AbstractProblemLoader Loading environment from /home/runner/work/key/key/key.core/../key.ui/examples/heap/list/Client_n.key.proof 
194761     DEBUG main            d.u.i.k.p.i.AbstractProblemLoader Environment load took 96.8ns 
194762     INFO  main            d.u.i.k.p.i.AbstractProblemLoader Creating init config 
195689     DEBUG main            d.u.i.k.j.r.ClassPreparationMethodBuilder clPrepBuilder: Inner Class detected. Reject building class initialisation methods. 
197697     DEBUG main            d.u.i.k.p.i.AbstractProblemLoader Init config took 2.94s 
197735     INFO  main            d.u.i.k.p.i.AbstractProblemLoader Replaying proof Client[Client::n(List)].JML normal_behavior operation contract.0 
197751     DEBUG main            d.u.i.k.p.i.IntermediateProofReplayer Proof replay took 13.73ms 
197751     DEBUG main            d.u.i.k.p.r.p.TestFile    ... success: reloaded. 
197752     INFO  main            d.u.i.k.p.r.p.TestFile    Now processing file /home/runner/work/key/key/key.core/../key.ui/examples/heap/list/LinkedList_get_exceptional.key 
197752     INFO  main            d.u.i.k.p.i.AbstractProblemLoader Loading environment from /home/runner/work/key/key/key.core/../key.ui/examples/heap/list/LinkedList_get_exceptional.key 
197752     DEBUG main            d.u.i.k.p.i.AbstractProblemLoader Environment load took 69.3ns 
197753     INFO  main            d.u.i.k.p.i.AbstractProblemLoader Creating init config 
198687     DEBUG main            d.u.i.k.j.r.ClassPreparationMethodBuilder clPrepBuilder: Inner Class detected. Reject building class initialisation methods. 
200650     DEBUG main            d.u.i.k.p.i.AbstractProblemLoader Init config took 2.9s 
200693     INFO  main            d.u.i.k.p.i.AbstractProblemLoader Replaying proof LinkedList[List::get(int)].JML exceptional_behavior operation contract.0 
200695     DEBUG main            d.u.i.k.p.i.IntermediateProofReplayer Proof replay took 6.4ns 
202711     INFO  main            d.u.i.k.p.r.p.TestFile    ... finished proof: closed. 
203012     INFO  main            d.u.i.k.p.i.AbstractProblemLoader Loading environment from /home/runner/work/key/key/key.core/../key.ui/examples/heap/list/LinkedList_get_exceptional.key.proof 
203012     DEBUG main            d.u.i.k.p.i.AbstractProblemLoader Environment load took 204.3ns 
203013     INFO  main            d.u.i.k.p.i.AbstractProblemLoader Creating init config 
203931     DEBUG main            d.u.i.k.j.r.ClassPreparationMethodBuilder clPrepBuilder: Inner Class detected. Reject building class initialisation methods. 
205871     DEBUG main            d.u.i.k.p.i.AbstractProblemLoader Init config took 2.86s 
205924     INFO  main            d.u.i.k.p.i.AbstractProblemLoader Replaying proof LinkedList[List::get(int)].JML exceptional_behavior operation contract.0 
206117     DEBUG main            d.u.i.k.p.i.IntermediateProofReplayer Proof replay took 183.62ms 
206118     DEBUG main            d.u.i.k.p.r.p.TestFile    ... success: reloaded. 
206119     INFO  main            d.u.i.k.p.r.p.TestFile    Now processing file /home/runner/work/key/key/key.core/../key.ui/examples/heap/list/LinkedList_get_normal.key 
206119     INFO  main            d.u.i.k.p.i.AbstractProblemLoader Loading environment from /home/runner/work/key/key/key.core/../key.ui/examples/heap/list/LinkedList_get_normal.key 
206120     DEBUG main            d.u.i.k.p.i.AbstractProblemLoader Environment load took 208.5ns 
206121     INFO  main            d.u.i.k.p.i.AbstractProblemLoader Creating init config 
207055     DEBUG main            d.u.i.k.j.r.ClassPreparationMethodBuilder clPrepBuilder: Inner Class detected. Reject building class initialisation methods. 
209058     DEBUG main            d.u.i.k.p.i.AbstractProblemLoader Init config took 2.94s 
209104     INFO  main            d.u.i.k.p.i.AbstractProblemLoader Replaying proof LinkedList[List::get(int)].JML normal_behavior operation contract.0 
209106     DEBUG main            d.u.i.k.p.i.IntermediateProofReplayer Proof replay took 7.6ns 
215034     INFO  main            d.u.i.k.p.r.p.TestFile    ... finished proof: closed. 
215401     INFO  main            d.u.i.k.p.i.AbstractProblemLoader Loading environment from /home/runner/work/key/key/key.core/../key.ui/examples/heap/list/LinkedList_get_normal.key.proof 
215401     DEBUG main            d.u.i.k.p.i.AbstractProblemLoader Environment load took 434.7ns 
215404     INFO  main            d.u.i.k.p.i.AbstractProblemLoader Creating init config 
216326     DEBUG main            d.u.i.k.j.r.ClassPreparationMethodBuilder clPrepBuilder: Inner Class detected. Reject building class initialisation methods. 
218264     DEBUG main            d.u.i.k.p.i.AbstractProblemLoader Init config took 2.86s 
218308     INFO  main            d.u.i.k.p.i.AbstractProblemLoader Replaying proof LinkedList[List::get(int)].JML normal_behavior operation contract.0 
218686     DEBUG main            d.u.i.k.p.i.IntermediateProofReplayer Proof replay took 349.32ms 
218689     DEBUG main            d.u.i.k.p.r.p.TestFile    ... success: reloaded. 
218690     INFO  main            d.u.i.k.p.r.p.TestFile    Now processing file /home/runner/work/key/key/key.core/../key.ui/examples/heap/list/LinkedList_LinkedList.key 
218690     INFO  main            d.u.i.k.p.i.AbstractProblemLoader Loading environment from /home/runner/work/key/key/key.core/../key.ui/examples/heap/list/LinkedList_LinkedList.key 
218690     DEBUG main            d.u.i.k.p.i.AbstractProblemLoader Environment load took 129.8ns 
218691     INFO  main            d.u.i.k.p.i.AbstractProblemLoader Creating init config 
219639     DEBUG main            d.u.i.k.j.r.ClassPreparationMethodBuilder clPrepBuilder: Inner Class detected. Reject building class initialisation methods. 
221654     DEBUG main            d.u.i.k.p.i.AbstractProblemLoader Init config took 2.96s 
221697     INFO  main            d.u.i.k.p.i.AbstractProblemLoader Replaying proof LinkedList[LinkedList::LinkedList()].JML normal_behavior operation contract.0 
221698     DEBUG main            d.u.i.k.p.i.IntermediateProofReplayer Proof replay took 5.7ns 
222204     INFO  main            d.u.i.k.p.r.p.TestFile    ... finished proof: closed. 
222510     INFO  main            d.u.i.k.p.i.AbstractProblemLoader Loading environment from /home/runner/work/key/key/key.core/../key.ui/examples/heap/list/LinkedList_LinkedList.key.proof 
222510     DEBUG main            d.u.i.k.p.i.AbstractProblemLoader Environment load took 105.6ns 
222511     INFO  main            d.u.i.k.p.i.AbstractProblemLoader Creating init config 
223436     DEBUG main            d.u.i.k.j.r.ClassPreparationMethodBuilder clPrepBuilder: Inner Class detected. Reject building class initialisation methods. 
225403     DEBUG main            d.u.i.k.p.i.AbstractProblemLoader Init config took 2.89s 
225447     INFO  main            d.u.i.k.p.i.AbstractProblemLoader Replaying proof LinkedList[LinkedList::LinkedList()].JML normal_behavior operation contract.0 
225508     DEBUG main            d.u.i.k.p.i.IntermediateProofReplayer Proof replay took 57.45ms 
225509     DEBUG main            d.u.i.k.p.r.p.TestFile    ... success: reloaded. 
225510     INFO  main            d.u.i.k.p.r.p.TestFile    Now processing file /home/runner/work/key/key/key.core/../key.ui/examples/heap/list/LinkedList_size_dep.key 
225510     INFO  main            d.u.i.k.p.i.AbstractProblemLoader Loading environment from /home/runner/work/key/key/key.core/../key.ui/examples/heap/list/LinkedList_size_dep.key 
225511     DEBUG main            d.u.i.k.p.i.AbstractProblemLoader Environment load took 74.1ns 
225511     INFO  main            d.u.i.k.p.i.AbstractProblemLoader Creating init config 
226444     DEBUG main            d.u.i.k.j.r.ClassPreparationMethodBuilder clPrepBuilder: Inner Class detected. Reject building class initialisation methods. 
228458     DEBUG main            d.u.i.k.p.i.AbstractProblemLoader Init config took 2.95s 
228501     INFO  main            d.u.i.k.p.i.AbstractProblemLoader Replaying proof LinkedList[List::size()].JML accessible clause.0 
228502     DEBUG main            d.u.i.k.p.i.IntermediateProofReplayer Proof replay took 6.3ns 
229004     INFO  main            d.u.i.k.p.r.p.TestFile    ... finished proof: closed. 
229286     INFO  main            d.u.i.k.p.i.AbstractProblemLoader Loading environment from /home/runner/work/key/key/key.core/../key.ui/examples/heap/list/LinkedList_size_dep.key.proof 
229286     DEBUG main            d.u.i.k.p.i.AbstractProblemLoader Environment load took 105ns 
229287     INFO  main            d.u.i.k.p.i.AbstractProblemLoader Creating init config 
230209     DEBUG main            d.u.i.k.j.r.ClassPreparationMethodBuilder clPrepBuilder: Inner Class detected. Reject building class initialisation methods. 
232166     DEBUG main            d.u.i.k.p.i.AbstractProblemLoader Init config took 2.88s 
232209     INFO  main            d.u.i.k.p.i.AbstractProblemLoader Replaying proof LinkedList[List::size()].JML accessible clause.0 
232240     DEBUG main            d.u.i.k.p.i.IntermediateProofReplayer Proof replay took 28.39ms 
232241     DEBUG main            d.u.i.k.p.r.p.TestFile    ... success: reloaded. 
232242     INFO  main            d.u.i.k.p.r.p.TestFile    Now processing file /home/runner/work/key/key/key.core/../key.ui/examples/heap/list/LinkedList_size.key 
232242     INFO  main            d.u.i.k.p.i.AbstractProblemLoader Loading environment from /home/runner/work/key/key/key.core/../key.ui/examples/heap/list/LinkedList_size.key 
232242     DEBUG main            d.u.i.k.p.i.AbstractProblemLoader Environment load took 82.9ns 
232243     INFO  main            d.u.i.k.p.i.AbstractProblemLoader Creating init config 
233190     DEBUG main            d.u.i.k.j.r.ClassPreparationMethodBuilder clPrepBuilder: Inner Class detected. Reject building class initialisation methods. 
235186     DEBUG main            d.u.i.k.p.i.AbstractProblemLoader Init config took 2.94s 
235229     INFO  main            d.u.i.k.p.i.AbstractProblemLoader Replaying proof LinkedList[List::size()].JML normal_behavior operation contract.0 
235230     DEBUG main            d.u.i.k.p.i.IntermediateProofReplayer Proof replay took 6.8ns 
235736     INFO  main            d.u.i.k.p.r.p.TestFile    ... finished proof: closed. 
236029     INFO  main            d.u.i.k.p.i.AbstractProblemLoader Loading environment from /home/runner/work/key/key/key.core/../key.ui/examples/heap/list/LinkedList_size.key.proof 
236029     DEBUG main            d.u.i.k.p.i.AbstractProblemLoader Environment load took 138.1ns 
236030     INFO  main            d.u.i.k.p.i.AbstractProblemLoader Creating init config 
236960     DEBUG main            d.u.i.k.j.r.ClassPreparationMethodBuilder clPrepBuilder: Inner Class detected. Reject building class initialisation methods. 
238914     DEBUG main            d.u.i.k.p.i.AbstractProblemLoader Init config took 2.88s 
238958     INFO  main            d.u.i.k.p.i.AbstractProblemLoader Replaying proof LinkedList[List::size()].JML normal_behavior operation contract.0 
238986     DEBUG main            d.u.i.k.p.i.IntermediateProofReplayer Proof replay took 25.11ms 
238987     DEBUG main            d.u.i.k.p.r.p.TestFile    ... success: reloaded. 
238988     INFO  main            d.u.i.k.p.r.p.TestFile    Now processing file /home/runner/work/key/key/key.core/../key.ui/examples/heap/list/MySet_footprint.key 
238988     INFO  main            d.u.i.k.p.i.AbstractProblemLoader Loading environment from /home/runner/work/key/key/key.core/../key.ui/examples/heap/list/MySet_footprint.key 
238988     DEBUG main            d.u.i.k.p.i.AbstractProblemLoader Environment load took 69.6ns 
238989     INFO  main            d.u.i.k.p.i.AbstractProblemLoader Creating init config 
239938     DEBUG main            d.u.i.k.j.r.ClassPreparationMethodBuilder clPrepBuilder: Inner Class detected. Reject building class initialisation methods. 
241915     DEBUG main            d.u.i.k.p.i.AbstractProblemLoader Init config took 2.93s 
241979     INFO  main            d.u.i.k.p.i.AbstractProblemLoader Replaying proof MySet[MySet::$footprint()].JML accessible clause.0 
241980     DEBUG main            d.u.i.k.p.i.IntermediateProofReplayer Proof replay took 6.8ns 
242282     INFO  main            d.u.i.k.p.r.p.TestFile    ... finished proof: closed. 
242598     INFO  main            d.u.i.k.p.i.AbstractProblemLoader Loading environment from /home/runner/work/key/key/key.core/../key.ui/examples/heap/list/MySet_footprint.key.proof 
242598     DEBUG main            d.u.i.k.p.i.AbstractProblemLoader Environment load took 95.7ns 
242599     INFO  main            d.u.i.k.p.i.AbstractProblemLoader Creating init config 
243520     DEBUG main            d.u.i.k.j.r.ClassPreparationMethodBuilder clPrepBuilder: Inner Class detected. Reject building class initialisation methods. 
245465     DEBUG main            d.u.i.k.p.i.AbstractProblemLoader Init config took 2.87s 
245522     INFO  main            d.u.i.k.p.i.AbstractProblemLoader Replaying proof MySet[MySet::$footprint()].JML accessible clause.0 
245543     DEBUG main            d.u.i.k.p.i.IntermediateProofReplayer Proof replay took 18.22ms 
245544     DEBUG main            d.u.i.k.p.r.p.TestFile    ... success: reloaded. 
245545     INFO  main            d.u.i.k.p.r.p.TestFile    Now processing file /home/runner/work/key/key/key.core/../key.ui/examples/heap/list/MySet_MySet.key 
245545     INFO  main            d.u.i.k.p.i.AbstractProblemLoader Loading environment from /home/runner/work/key/key/key.core/../key.ui/examples/heap/list/MySet_MySet.key 
245545     DEBUG main            d.u.i.k.p.i.AbstractProblemLoader Environment load took 72.5ns 
245546     INFO  main            d.u.i.k.p.i.AbstractProblemLoader Creating init config 
246478     DEBUG main            d.u.i.k.j.r.ClassPreparationMethodBuilder clPrepBuilder: Inner Class detected. Reject building class initialisation methods. 
248471     DEBUG main            d.u.i.k.p.i.AbstractProblemLoader Init config took 2.92s 
248521     INFO  main            d.u.i.k.p.i.AbstractProblemLoader Replaying proof MySet[MySet::MySet()].JML normal_behavior operation contract.0 
248523     DEBUG main            d.u.i.k.p.i.IntermediateProofReplayer Proof replay took 6.4ns 
250849     INFO  main            d.u.i.k.p.r.p.TestFile    ... finished proof: closed. 
251187     INFO  main            d.u.i.k.p.i.AbstractProblemLoader Loading environment from /home/runner/work/key/key/key.core/../key.ui/examples/heap/list/MySet_MySet.key.proof 
251187     DEBUG main            d.u.i.k.p.i.AbstractProblemLoader Environment load took 196.2ns 
251188     INFO  main            d.u.i.k.p.i.AbstractProblemLoader Creating init config 
252117     DEBUG main            d.u.i.k.j.r.ClassPreparationMethodBuilder clPrepBuilder: Inner Class detected. Reject building class initialisation methods. 
254087     DEBUG main            d.u.i.k.p.i.AbstractProblemLoader Init config took 2.9s 
254134     INFO  main            d.u.i.k.p.i.AbstractProblemLoader Replaying proof MySet[MySet::MySet()].JML normal_behavior operation contract.0 
254398     DEBUG main            d.u.i.k.p.i.IntermediateProofReplayer Proof replay took 250.71ms 
254399     DEBUG main            d.u.i.k.p.r.p.TestFile    ... success: reloaded. 
1071710    INFO  Test worker     d.u.i.k.p.r.p.StatisticsFile Returning from test list 
1071714    INFO  Test worker     d.u.i.k.p.r.p.StatisticsFile Running test list_ghost 
356        INFO  Timeout watchdog d.u.i.k.p.r.p.ForkedTestFileRunner Timeout watcher launched (2000 secs.) 
358        WARN  main            d.u.i.k.s.ProofSettings   The settings in /home/runner/.key/proof-settings.props are *not* read. 
386        INFO  main            d.u.i.k.p.r.p.TestFile    Now processing file /home/runner/work/key/key/key.core/../key.ui/examples/heap/list_ghost/ArrayList_add.key 
489        INFO  main            d.u.i.k.p.i.AbstractProblemLoader Loading environment from /home/runner/work/key/key/key.core/../key.ui/examples/heap/list_ghost/ArrayList_add.key 
512        DEBUG main            d.u.i.k.p.i.AbstractProblemLoader Environment load took 1.94ms 
767        INFO  main            d.u.i.k.p.i.AbstractProblemLoader Creating init config 
1778       DEBUG main            d.u.i.k.j.TypeConverter   No LDT found for Meta 
1778       DEBUG main            d.u.i.k.j.TypeConverter   No LDT found for Meta 
1779       DEBUG main            d.u.i.k.j.TypeConverter   No LDT found for Meta 
1780       DEBUG main            d.u.i.k.j.TypeConverter   No LDT found for Meta 
3171       DEBUG main            d.u.i.k.j.TypeConverter   No LDT found for JavaBigintExpression 
8215       DEBUG main            d.u.i.k.p.i.AbstractProblemLoader Init config took 7.45s 
8356       INFO  main            d.u.i.k.p.i.AbstractProblemLoader Replaying proof ArrayList[List::add(java.lang.Object)].JML normal_behavior operation contract.0 
8387       DEBUG main            d.u.i.k.p.i.IntermediateProofReplayer Proof replay took 38.8ns 
13364      INFO  main            d.u.i.k.p.r.p.TestFile    ... finished proof: closed. 
13527      INFO  main            d.u.i.k.p.i.AbstractProblemLoader Loading environment from /home/runner/work/key/key/key.core/../key.ui/examples/heap/list_ghost/ArrayList_add.key.proof 
13528      DEBUG main            d.u.i.k.p.i.AbstractProblemLoader Environment load took 154.1ns 
13532      INFO  main            d.u.i.k.p.i.AbstractProblemLoader Creating init config 
16289      DEBUG main            d.u.i.k.p.i.AbstractProblemLoader Init config took 2.76s 
16354      INFO  main            d.u.i.k.p.i.AbstractProblemLoader Replaying proof ArrayList[List::add(java.lang.Object)].JML normal_behavior operation contract.0 
16916      DEBUG main            d.u.i.k.p.i.IntermediateProofReplayer Proof replay took 518.99ms 
16925      DEBUG main            d.u.i.k.p.r.p.TestFile    ... success: reloaded. 
16927      INFO  main            d.u.i.k.p.r.p.TestFile    Now processing file /home/runner/work/key/key/key.core/../key.ui/examples/heap/list_ghost/ArrayList_ArrayList.key 
16927      INFO  main            d.u.i.k.p.i.AbstractProblemLoader Loading environment from /home/runner/work/key/key/key.core/../key.ui/examples/heap/list_ghost/ArrayList_ArrayList.key 
16927      DEBUG main            d.u.i.k.p.i.AbstractProblemLoader Environment load took 296.6ns 
16929      INFO  main            d.u.i.k.p.i.AbstractProblemLoader Creating init config 
19681      DEBUG main            d.u.i.k.p.i.AbstractProblemLoader Init config took 2.75s 
19740      INFO  main            d.u.i.k.p.i.AbstractProblemLoader Replaying proof ArrayList[ArrayList::ArrayList()].JML normal_behavior operation contract.0 
19743      DEBUG main            d.u.i.k.p.i.IntermediateProofReplayer Proof replay took 5.9ns 
20747      INFO  main            d.u.i.k.p.r.p.TestFile    ... finished proof: closed. 
20893      INFO  main            d.u.i.k.p.i.AbstractProblemLoader Loading environment from /home/runner/work/key/key/key.core/../key.ui/examples/heap/list_ghost/ArrayList_ArrayList.key.proof 
20894      DEBUG main            d.u.i.k.p.i.AbstractProblemLoader Environment load took 211.1ns 
20898      INFO  main            d.u.i.k.p.i.AbstractProblemLoader Creating init config 
23563      DEBUG main            d.u.i.k.p.i.AbstractProblemLoader Init config took 2.66s 
23614      INFO  main            d.u.i.k.p.i.AbstractProblemLoader Replaying proof ArrayList[ArrayList::ArrayList()].JML normal_behavior operation contract.0 
23757      DEBUG main            d.u.i.k.p.i.IntermediateProofReplayer Proof replay took 134.26ms 
23759      DEBUG main            d.u.i.k.p.r.p.TestFile    ... success: reloaded. 
23760      INFO  main            d.u.i.k.p.r.p.TestFile    Now processing file /home/runner/work/key/key/key.core/../key.ui/examples/heap/list_ghost/ArrayList_enlarge.key 
23760      INFO  main            d.u.i.k.p.i.AbstractProblemLoader Loading environment from /home/runner/work/key/key/key.core/../key.ui/examples/heap/list_ghost/ArrayList_enlarge.key 
23761      DEBUG main            d.u.i.k.p.i.AbstractProblemLoader Environment load took 246.9ns 
23762      INFO  main            d.u.i.k.p.i.AbstractProblemLoader Creating init config 
26342      DEBUG main            d.u.i.k.p.i.AbstractProblemLoader Init config took 2.58s 
26390      INFO  main            d.u.i.k.p.i.AbstractProblemLoader Replaying proof ArrayList[ArrayList::enlarge()].JML normal_behavior operation contract.0 
26393      DEBUG main            d.u.i.k.p.i.IntermediateProofReplayer Proof replay took 5.9ns 
28434      INFO  main            d.u.i.k.p.r.p.TestFile    ... finished proof: closed. 
28594      INFO  main            d.u.i.k.p.i.AbstractProblemLoader Loading environment from /home/runner/work/key/key/key.core/../key.ui/examples/heap/list_ghost/ArrayList_enlarge.key.proof 
28594      DEBUG main            d.u.i.k.p.i.AbstractProblemLoader Environment load took 133.4ns 
28595      INFO  main            d.u.i.k.p.i.AbstractProblemLoader Creating init config 
31103      DEBUG main            d.u.i.k.p.i.AbstractProblemLoader Init config took 2.51s 
31165      INFO  main            d.u.i.k.p.i.AbstractProblemLoader Replaying proof ArrayList[ArrayList::enlarge()].JML normal_behavior operation contract.0 
31448      DEBUG main            d.u.i.k.p.i.IntermediateProofReplayer Proof replay took 271.21ms 
31450      DEBUG main            d.u.i.k.p.r.p.TestFile    ... success: reloaded. 
31451      INFO  main            d.u.i.k.p.r.p.TestFile    Now processing file /home/runner/work/key/key/key.core/../key.ui/examples/heap/list_ghost/ArrayList_get_dep.key 
31452      INFO  main            d.u.i.k.p.i.AbstractProblemLoader Loading environment from /home/runner/work/key/key/key.core/../key.ui/examples/heap/list_ghost/ArrayList_get_dep.key 
31452      DEBUG main            d.u.i.k.p.i.AbstractProblemLoader Environment load took 207ns 
31453      INFO  main            d.u.i.k.p.i.AbstractProblemLoader Creating init config 
33942      DEBUG main            d.u.i.k.p.i.AbstractProblemLoader Init config took 2.49s 
33990      INFO  main            d.u.i.k.p.i.AbstractProblemLoader Replaying proof ArrayList[List::get(int)].JML accessible clause.0 
33992      DEBUG main            d.u.i.k.p.i.IntermediateProofReplayer Proof replay took 6.1ns 
34294      INFO  main            d.u.i.k.p.r.p.TestFile    ... finished proof: closed. 
34452      INFO  main            d.u.i.k.p.i.AbstractProblemLoader Loading environment from /home/runner/work/key/key/key.core/../key.ui/examples/heap/list_ghost/ArrayList_get_dep.key.proof 
34452      DEBUG main            d.u.i.k.p.i.AbstractProblemLoader Environment load took 117.2ns 
34453      INFO  main            d.u.i.k.p.i.AbstractProblemLoader Creating init config 
36892      DEBUG main            d.u.i.k.p.i.AbstractProblemLoader Init config took 2.44s 
36946      INFO  main            d.u.i.k.p.i.AbstractProblemLoader Replaying proof ArrayList[List::get(int)].JML accessible clause.0 
36994      DEBUG main            d.u.i.k.p.i.IntermediateProofReplayer Proof replay took 43.81ms 
36995      DEBUG main            d.u.i.k.p.r.p.TestFile    ... success: reloaded. 
36997      INFO  main            d.u.i.k.p.r.p.TestFile    Now processing file /home/runner/work/key/key/key.core/../key.ui/examples/heap/list_ghost/ArrayList_get_exceptional.key 
36997      INFO  main            d.u.i.k.p.i.AbstractProblemLoader Loading environment from /home/runner/work/key/key/key.core/../key.ui/examples/heap/list_ghost/ArrayList_get_exceptional.key 
36997      DEBUG main            d.u.i.k.p.i.AbstractProblemLoader Environment load took 227.5ns 
36998      INFO  main            d.u.i.k.p.i.AbstractProblemLoader Creating init config 
39577      DEBUG main            d.u.i.k.p.i.AbstractProblemLoader Init config took 2.58s 
39630      INFO  main            d.u.i.k.p.i.AbstractProblemLoader Replaying proof ArrayList[List::get(int)].JML exceptional_behavior operation contract.0 
39633      DEBUG main            d.u.i.k.p.i.IntermediateProofReplayer Proof replay took 6.4ns 
40337      INFO  main            d.u.i.k.p.r.p.TestFile    ... finished proof: closed. 
40527      INFO  main            d.u.i.k.p.i.AbstractProblemLoader Loading environment from /home/runner/work/key/key/key.core/../key.ui/examples/heap/list_ghost/ArrayList_get_exceptional.key.proof 
40527      DEBUG main            d.u.i.k.p.i.AbstractProblemLoader Environment load took 444.9ns 
40528      INFO  main            d.u.i.k.p.i.AbstractProblemLoader Creating init config 
43045      DEBUG main            d.u.i.k.p.i.AbstractProblemLoader Init config took 2.52s 
43090      INFO  main            d.u.i.k.p.i.AbstractProblemLoader Replaying proof ArrayList[List::get(int)].JML exceptional_behavior operation contract.0 
43200      DEBUG main            d.u.i.k.p.i.IntermediateProofReplayer Proof replay took 102.61ms 
43201      DEBUG main            d.u.i.k.p.r.p.TestFile    ... success: reloaded. 
43202      INFO  main            d.u.i.k.p.r.p.TestFile    Now processing file /home/runner/work/key/key/key.core/../key.ui/examples/heap/list_ghost/ArrayList_get_normal.key 
43202      INFO  main            d.u.i.k.p.i.AbstractProblemLoader Loading environment from /home/runner/work/key/key/key.core/../key.ui/examples/heap/list_ghost/ArrayList_get_normal.key 
43202      DEBUG main            d.u.i.k.p.i.AbstractProblemLoader Environment load took 264.2ns 
43203      INFO  main            d.u.i.k.p.i.AbstractProblemLoader Creating init config 
45709      DEBUG main            d.u.i.k.p.i.AbstractProblemLoader Init config took 2.51s 
45759      INFO  main            d.u.i.k.p.i.AbstractProblemLoader Replaying proof ArrayList[List::get(int)].JML normal_behavior operation contract.0 
45761      DEBUG main            d.u.i.k.p.i.IntermediateProofReplayer Proof replay took 5.8ns 
45963      INFO  main            d.u.i.k.p.r.p.TestFile    ... finished proof: closed. 
46137      INFO  main            d.u.i.k.p.i.AbstractProblemLoader Loading environment from /home/runner/work/key/key/key.core/../key.ui/examples/heap/list_ghost/ArrayList_get_normal.key.proof 
46137      DEBUG main            d.u.i.k.p.i.AbstractProblemLoader Environment load took 114.7ns 
46138      INFO  main            d.u.i.k.p.i.AbstractProblemLoader Creating init config 
48571      DEBUG main            d.u.i.k.p.i.AbstractProblemLoader Init config took 2.43s 
48617      INFO  main            d.u.i.k.p.i.AbstractProblemLoader Replaying proof ArrayList[List::get(int)].JML normal_behavior operation contract.0 
48676      DEBUG main            d.u.i.k.p.i.IntermediateProofReplayer Proof replay took 55.6ms 
48677      DEBUG main            d.u.i.k.p.r.p.TestFile    ... success: reloaded. 
48679      INFO  main            d.u.i.k.p.r.p.TestFile    Now processing file /home/runner/work/key/key/key.core/../key.ui/examples/heap/list_ghost/ArrayList_inv.key 
48679      INFO  main            d.u.i.k.p.i.AbstractProblemLoader Loading environment from /home/runner/work/key/key/key.core/../key.ui/examples/heap/list_ghost/ArrayList_inv.key 
48679      DEBUG main            d.u.i.k.p.i.AbstractProblemLoader Environment load took 219.9ns 
48680      INFO  main            d.u.i.k.p.i.AbstractProblemLoader Creating init config 
51131      DEBUG main            d.u.i.k.p.i.AbstractProblemLoader Init config took 2.45s 
51186      INFO  main            d.u.i.k.p.i.AbstractProblemLoader Replaying proof ArrayList[java.lang.Object::<inv>()].JML accessible clause.0 
51188      DEBUG main            d.u.i.k.p.i.IntermediateProofReplayer Proof replay took 6.1ns 
51290      INFO  main            d.u.i.k.p.r.p.TestFile    ... finished proof: closed. 
51436      INFO  main            d.u.i.k.p.i.AbstractProblemLoader Loading environment from /home/runner/work/key/key/key.core/../key.ui/examples/heap/list_ghost/ArrayList_inv.key.proof 
51436      DEBUG main            d.u.i.k.p.i.AbstractProblemLoader Environment load took 115.7ns 
51437      INFO  main            d.u.i.k.p.i.AbstractProblemLoader Creating init config 
53850      DEBUG main            d.u.i.k.p.i.AbstractProblemLoader Init config took 2.41s 
53900      INFO  main            d.u.i.k.p.i.AbstractProblemLoader Replaying proof ArrayList[java.lang.Object::<inv>()].JML accessible clause.0 
53909      DEBUG main            d.u.i.k.p.i.IntermediateProofReplayer Proof replay took 6.8ms 
53910      DEBUG main            d.u.i.k.p.r.p.TestFile    ... success: reloaded. 
53911      INFO  main            d.u.i.k.p.r.p.TestFile    Now processing file /home/runner/work/key/key/key.core/../key.ui/examples/heap/list_ghost/ArrayList_size_dep.key 
53911      INFO  main            d.u.i.k.p.i.AbstractProblemLoader Loading environment from /home/runner/work/key/key/key.core/../key.ui/examples/heap/list_ghost/ArrayList_size_dep.key 
53911      DEBUG main            d.u.i.k.p.i.AbstractProblemLoader Environment load took 110.2ns 
53912      INFO  main            d.u.i.k.p.i.AbstractProblemLoader Creating init config 
56369      DEBUG main            d.u.i.k.p.i.AbstractProblemLoader Init config took 2.46s 
56409      INFO  main            d.u.i.k.p.i.AbstractProblemLoader Replaying proof ArrayList[List::size()].JML accessible clause.0 
56411      DEBUG main            d.u.i.k.p.i.IntermediateProofReplayer Proof replay took 6.4ns 
56516      INFO  main            d.u.i.k.p.r.p.TestFile    ... finished proof: closed. 
56703      INFO  main            d.u.i.k.p.i.AbstractProblemLoader Loading environment from /home/runner/work/key/key/key.core/../key.ui/examples/heap/list_ghost/ArrayList_size_dep.key.proof 
56703      DEBUG main            d.u.i.k.p.i.AbstractProblemLoader Environment load took 108.9ns 
56705      INFO  main            d.u.i.k.p.i.AbstractProblemLoader Creating init config 
59127      DEBUG main            d.u.i.k.p.i.AbstractProblemLoader Init config took 2.42s 
59166      INFO  main            d.u.i.k.p.i.AbstractProblemLoader Replaying proof ArrayList[List::size()].JML accessible clause.0 
59177      DEBUG main            d.u.i.k.p.i.IntermediateProofReplayer Proof replay took 9.01ms 
59178      DEBUG main            d.u.i.k.p.r.p.TestFile    ... success: reloaded. 
59181      INFO  main            d.u.i.k.p.r.p.TestFile    Now processing file /home/runner/work/key/key/key.core/../key.ui/examples/heap/list_ghost/ArrayList_size.key 
59181      INFO  main            d.u.i.k.p.i.AbstractProblemLoader Loading environment from /home/runner/work/key/key/key.core/../key.ui/examples/heap/list_ghost/ArrayList_size.key 
59181      DEBUG main            d.u.i.k.p.i.AbstractProblemLoader Environment load took 142.2ns 
59182      INFO  main            d.u.i.k.p.i.AbstractProblemLoader Creating init config 
61670      DEBUG main            d.u.i.k.p.i.AbstractProblemLoader Init config took 2.49s 
61711      INFO  main            d.u.i.k.p.i.AbstractProblemLoader Replaying proof ArrayList[List::size()].JML normal_behavior operation contract.0 
61712      DEBUG main            d.u.i.k.p.i.IntermediateProofReplayer Proof replay took 5.7ns 
61814      INFO  main            d.u.i.k.p.r.p.TestFile    ... finished proof: closed. 
61981      INFO  main            d.u.i.k.p.i.AbstractProblemLoader Loading environment from /home/runner/work/key/key/key.core/../key.ui/examples/heap/list_ghost/ArrayList_size.key.proof 
61981      DEBUG main            d.u.i.k.p.i.AbstractProblemLoader Environment load took 109.8ns 
61983      INFO  main            d.u.i.k.p.i.AbstractProblemLoader Creating init config 
64385      DEBUG main            d.u.i.k.p.i.AbstractProblemLoader Init config took 2.4s 
64424      INFO  main            d.u.i.k.p.i.AbstractProblemLoader Replaying proof ArrayList[List::size()].JML normal_behavior operation contract.0 
64436      DEBUG main            d.u.i.k.p.i.IntermediateProofReplayer Proof replay took 10.04ms 
64436      DEBUG main            d.u.i.k.p.r.p.TestFile    ... success: reloaded. 
1136338    INFO  Test worker     d.u.i.k.p.r.p.StatisticsFile Returning from test list_ghost 
1136340    INFO  Test worker     d.u.i.k.p.r.p.StatisticsFile Running test list_recursive 
310        INFO  Timeout watchdog d.u.i.k.p.r.p.ForkedTestFileRunner Timeout watcher launched (2000 secs.) 
318        WARN  main            d.u.i.k.s.ProofSettings   The settings in /home/runner/.key/proof-settings.props are *not* read. 
361        INFO  main            d.u.i.k.p.r.p.TestFile    Now processing file /home/runner/work/key/key/key.core/../key.ui/examples/heap/list_recursiveSpec/ListOperationsNonNull_getNextNN_normal_behavior.key 
462        INFO  main            d.u.i.k.p.i.AbstractProblemLoader Loading environment from /home/runner/work/key/key/key.core/../key.ui/examples/heap/list_recursiveSpec/ListOperationsNonNull_getNextNN_normal_behavior.key 
485        DEBUG main            d.u.i.k.p.i.AbstractProblemLoader Environment load took 2.27ms 
703        INFO  main            d.u.i.k.p.i.AbstractProblemLoader Creating init config 
1527       DEBUG main            d.u.i.k.j.TypeConverter   No LDT found for Meta 
1527       DEBUG main            d.u.i.k.j.TypeConverter   No LDT found for Meta 
1528       DEBUG main            d.u.i.k.j.TypeConverter   No LDT found for Meta 
1529       DEBUG main            d.u.i.k.j.TypeConverter   No LDT found for Meta 
2834       DEBUG main            d.u.i.k.j.TypeConverter   No LDT found for JavaBigintExpression 
8155       DEBUG main            d.u.i.k.p.i.AbstractProblemLoader Init config took 7.45s 
8289       INFO  main            d.u.i.k.p.i.AbstractProblemLoader Replaying proof ListOperationsNonNull[ListOperationsNonNull::getNextNN(ListNN,int)].JML normal_behavior operation contract.0 
8321       DEBUG main            d.u.i.k.p.i.IntermediateProofReplayer Proof replay took 32.8ns 
9660       INFO  main            d.u.i.k.p.r.p.TestFile    ... finished proof: closed. 
9781       INFO  main            d.u.i.k.p.i.AbstractProblemLoader Loading environment from /home/runner/work/key/key/key.core/../key.ui/examples/heap/list_recursiveSpec/ListOperationsNonNull_getNextNN_normal_behavior.key.proof 
9781       DEBUG main            d.u.i.k.p.i.AbstractProblemLoader Environment load took 504.6ns 
9784       INFO  main            d.u.i.k.p.i.AbstractProblemLoader Creating init config 
12954      DEBUG main            d.u.i.k.p.i.AbstractProblemLoader Init config took 3.17s 
13059      INFO  main            d.u.i.k.p.i.AbstractProblemLoader Replaying proof ListOperationsNonNull[ListOperationsNonNull::getNextNN(ListNN,int)].JML normal_behavior operation contract.0 
13199      DEBUG main            d.u.i.k.p.i.IntermediateProofReplayer Proof replay took 131.17ms 
13206      DEBUG main            d.u.i.k.p.r.p.TestFile    ... success: reloaded. 
13208      INFO  main            d.u.i.k.p.r.p.TestFile    Now processing file /home/runner/work/key/key/key.core/../key.ui/examples/heap/list_recursiveSpec/ListOperationsNonNull_setValueAt_normal_behavior.key 
13209      INFO  main            d.u.i.k.p.i.AbstractProblemLoader Loading environment from /home/runner/work/key/key/key.core/../key.ui/examples/heap/list_recursiveSpec/ListOperationsNonNull_setValueAt_normal_behavior.key 
13209      DEBUG main            d.u.i.k.p.i.AbstractProblemLoader Environment load took 263.7ns 
13211      INFO  main            d.u.i.k.p.i.AbstractProblemLoader Creating init config 
16135      DEBUG main            d.u.i.k.p.i.AbstractProblemLoader Init config took 2.92s 
16212      INFO  main            d.u.i.k.p.i.AbstractProblemLoader Replaying proof ListOperationsNonNull[ListOperationsNonNull::setValueAt_NN(ListNN,int,int)].JML normal_behavior operation contract.0 
16217      DEBUG main            d.u.i.k.p.i.IntermediateProofReplayer Proof replay took 6.5ns 
16255      DEBUG main            d.u.i.k.m.s.ProofScriptEngine [1] goal: 0, source line: 51, command: 'macro autopilot' 
18711      DEBUG main            d.u.i.k.m.s.ProofScriptEngine [2] goal: 79, source line: 52, command: 'macro simp-upd' 
18719      DEBUG main            d.u.i.k.m.s.ProofScriptEngine [3] goal: 1451, source line: 53, command: 'rule observerDependencyEQ' 
18737      DEBUG main            d.u.i.k.m.s.ProofScriptEngine [4] goal: 1452, source line: 54, command: 'tryclose' 
18768      INFO  main            d.u.i.k.p.r.p.TestFile    ... finished proof: closed. 
18917      INFO  main            d.u.i.k.p.i.AbstractProblemLoader Loading environment from /home/runner/work/key/key/key.core/../key.ui/examples/heap/list_recursiveSpec/ListOperationsNonNull_setValueAt_normal_behavior.key.proof 
18919      DEBUG main            d.u.i.k.p.i.AbstractProblemLoader Environment load took 1.48ms 
18920      INFO  main            d.u.i.k.p.i.AbstractProblemLoader Creating init config 
21802      DEBUG main            d.u.i.k.p.i.AbstractProblemLoader Init config took 2.88s 
21863      INFO  main            d.u.i.k.p.i.AbstractProblemLoader Replaying proof ListOperationsNonNull[ListOperationsNonNull::setValueAt_NN(ListNN,int,int)].JML normal_behavior operation contract.0 
21985      DEBUG main            d.u.i.k.p.i.IntermediateProofReplayer Proof replay took 112.7ms 
21986      DEBUG main            d.u.i.k.p.r.p.TestFile    ... success: reloaded. 
1158497    INFO  Test worker     d.u.i.k.p.r.p.StatisticsFile Returning from test list_recursive 
1158499    INFO  Test worker     d.u.i.k.p.r.p.StatisticsFile Running test list_seq 
390        INFO  Timeout watchdog d.u.i.k.p.r.p.ForkedTestFileRunner Timeout watcher launched (2000 secs.) 
404        WARN  main            d.u.i.k.s.ProofSettings   The settings in /home/runner/.key/proof-settings.props are *not* read. 
433        INFO  main            d.u.i.k.p.r.p.TestFile    Now processing file /home/runner/work/key/key/key.core/../key.ui/examples/heap/list_seq/SimplifiedLinkedList.remove.key 
538        INFO  main            d.u.i.k.p.i.AbstractProblemLoader Loading environment from /home/runner/work/key/key/key.core/../key.ui/examples/heap/list_seq/SimplifiedLinkedList.remove.key 
555        DEBUG main            d.u.i.k.p.i.AbstractProblemLoader Environment load took 2.3ms 
773        INFO  main            d.u.i.k.p.i.AbstractProblemLoader Creating init config 
1765       DEBUG main            d.u.i.k.j.TypeConverter   No LDT found for Meta 
1765       DEBUG main            d.u.i.k.j.TypeConverter   No LDT found for Meta 
1769       DEBUG main            d.u.i.k.j.TypeConverter   No LDT found for Meta 
1769       DEBUG main            d.u.i.k.j.TypeConverter   No LDT found for Meta 
3293       DEBUG main            d.u.i.k.j.TypeConverter   No LDT found for JavaBigintExpression 
8892       DEBUG main            d.u.i.k.p.i.AbstractProblemLoader Init config took 8.12s 
9067       INFO  main            d.u.i.k.p.i.AbstractProblemLoader Replaying proof SimplifiedLinkedList[SimplifiedLinkedList::remove(int)].JML normal_behavior operation contract.0 
9136       DEBUG main            d.u.i.k.p.i.IntermediateProofReplayer Proof replay took 36.3ns 
75609      INFO  main            d.u.i.k.p.r.p.TestFile    ... finished proof: closed. 
76017      INFO  main            d.u.i.k.p.i.AbstractProblemLoader Loading environment from /home/runner/work/key/key/key.core/../key.ui/examples/heap/list_seq/SimplifiedLinkedList.remove.key.proof 
76017      DEBUG main            d.u.i.k.p.i.AbstractProblemLoader Environment load took 283.1ns 
76035      INFO  main            d.u.i.k.p.i.AbstractProblemLoader Creating init config 
79279      DEBUG main            d.u.i.k.p.i.AbstractProblemLoader Init config took 3.24s 
79367      INFO  main            d.u.i.k.p.i.AbstractProblemLoader Replaying proof SimplifiedLinkedList[SimplifiedLinkedList::remove(int)].JML normal_behavior operation contract.0 
82079      DEBUG main            d.u.i.k.p.i.IntermediateProofReplayer Proof replay took 2.4s 
82100      DEBUG main            d.u.i.k.p.r.p.TestFile    ... success: reloaded. 
82102      INFO  main            d.u.i.k.p.r.p.TestFile    Now processing file /home/runner/work/key/key/key.core/../key.ui/examples/heap/list_seq/ArrayList.ArrayList.key 
82102      INFO  main            d.u.i.k.p.i.AbstractProblemLoader Loading environment from /home/runner/work/key/key/key.core/../key.ui/examples/heap/list_seq/ArrayList.ArrayList.key 
82103      DEBUG main            d.u.i.k.p.i.AbstractProblemLoader Environment load took 113.6ns 
82111      INFO  main            d.u.i.k.p.i.AbstractProblemLoader Creating init config 
85218      DEBUG main            d.u.i.k.p.i.AbstractProblemLoader Init config took 3.11s 
85304      INFO  main            d.u.i.k.p.i.AbstractProblemLoader Replaying proof ArrayList[ArrayList::ArrayList()].JML normal_behavior operation contract.0 
85306      DEBUG main            d.u.i.k.p.i.IntermediateProofReplayer Proof replay took 6.2ns 
86210      INFO  main            d.u.i.k.p.r.p.TestFile    ... finished proof: closed. 
86378      INFO  main            d.u.i.k.p.i.AbstractProblemLoader Loading environment from /home/runner/work/key/key/key.core/../key.ui/examples/heap/list_seq/ArrayList.ArrayList.key.proof 
86379      DEBUG main            d.u.i.k.p.i.AbstractProblemLoader Environment load took 493.4ns 
86381      INFO  main            d.u.i.k.p.i.AbstractProblemLoader Creating init config 
89348      DEBUG main            d.u.i.k.p.i.AbstractProblemLoader Init config took 2.97s 
89426      INFO  main            d.u.i.k.p.i.AbstractProblemLoader Replaying proof ArrayList[ArrayList::ArrayList()].JML normal_behavior operation contract.0 
89547      DEBUG main            d.u.i.k.p.i.IntermediateProofReplayer Proof replay took 112.64ms 
89549      DEBUG main            d.u.i.k.p.r.p.TestFile    ... success: reloaded. 
89550      INFO  main            d.u.i.k.p.r.p.TestFile    Now processing file /home/runner/work/key/key/key.core/../key.ui/examples/heap/list_seq/ArrayList.add.key 
89551      INFO  main            d.u.i.k.p.i.AbstractProblemLoader Loading environment from /home/runner/work/key/key/key.core/../key.ui/examples/heap/list_seq/ArrayList.add.key 
89551      DEBUG main            d.u.i.k.p.i.AbstractProblemLoader Environment load took 224.8ns 
89552      INFO  main            d.u.i.k.p.i.AbstractProblemLoader Creating init config 
92509      DEBUG main            d.u.i.k.p.i.AbstractProblemLoader Init config took 2.96s 
92585      INFO  main            d.u.i.k.p.i.AbstractProblemLoader Replaying proof ArrayList[List::add(java.lang.Object)].JML normal_behavior operation contract.0 
92587      DEBUG main            d.u.i.k.p.i.IntermediateProofReplayer Proof replay took 5.5ns 
95864      INFO  main            d.u.i.k.p.r.p.TestFile    ... finished proof: closed. 
96044      INFO  main            d.u.i.k.p.i.AbstractProblemLoader Loading environment from /home/runner/work/key/key/key.core/../key.ui/examples/heap/list_seq/ArrayList.add.key.proof 
96045      DEBUG main            d.u.i.k.p.i.AbstractProblemLoader Environment load took 235.3ns 
96046      INFO  main            d.u.i.k.p.i.AbstractProblemLoader Creating init config 
98964      DEBUG main            d.u.i.k.p.i.AbstractProblemLoader Init config took 2.92s 
99039      INFO  main            d.u.i.k.p.i.AbstractProblemLoader Replaying proof ArrayList[List::add(java.lang.Object)].JML normal_behavior operation contract.0 
99285      DEBUG main            d.u.i.k.p.i.IntermediateProofReplayer Proof replay took 232.41ms 
99287      DEBUG main            d.u.i.k.p.r.p.TestFile    ... success: reloaded. 
99288      INFO  main            d.u.i.k.p.r.p.TestFile    Now processing file /home/runner/work/key/key/key.core/../key.ui/examples/heap/list_seq/ArrayList.contains.key 
99288      INFO  main            d.u.i.k.p.i.AbstractProblemLoader Loading environment from /home/runner/work/key/key/key.core/../key.ui/examples/heap/list_seq/ArrayList.contains.key 
99288      DEBUG main            d.u.i.k.p.i.AbstractProblemLoader Environment load took 227.3ns 
99289      INFO  main            d.u.i.k.p.i.AbstractProblemLoader Creating init config 
102208     DEBUG main            d.u.i.k.p.i.AbstractProblemLoader Init config took 2.92s 
102300     INFO  main            d.u.i.k.p.i.AbstractProblemLoader Replaying proof ArrayList[List::contains(java.lang.Object)].JML normal_behavior operation contract.0 
102303     DEBUG main            d.u.i.k.p.i.IntermediateProofReplayer Proof replay took 7.6ns 
103811     INFO  main            d.u.i.k.p.r.p.TestFile    ... finished proof: closed. 
104003     INFO  main            d.u.i.k.p.i.AbstractProblemLoader Loading environment from /home/runner/work/key/key/key.core/../key.ui/examples/heap/list_seq/ArrayList.contains.key.proof 
104003     DEBUG main            d.u.i.k.p.i.AbstractProblemLoader Environment load took 142.7ns 
104004     INFO  main            d.u.i.k.p.i.AbstractProblemLoader Creating init config 
106936     DEBUG main            d.u.i.k.p.i.AbstractProblemLoader Init config took 2.93s 
107012     INFO  main            d.u.i.k.p.i.AbstractProblemLoader Replaying proof ArrayList[List::contains(java.lang.Object)].JML normal_behavior operation contract.0 
107165     DEBUG main            d.u.i.k.p.i.IntermediateProofReplayer Proof replay took 146.87ms 
107167     DEBUG main            d.u.i.k.p.r.p.TestFile    ... success: reloaded. 
107168     INFO  main            d.u.i.k.p.r.p.TestFile    Now processing file /home/runner/work/key/key/key.core/../key.ui/examples/heap/list_seq/ArrayList.enlarge.key 
107168     INFO  main            d.u.i.k.p.i.AbstractProblemLoader Loading environment from /home/runner/work/key/key/key.core/../key.ui/examples/heap/list_seq/ArrayList.enlarge.key 
107168     DEBUG main            d.u.i.k.p.i.AbstractProblemLoader Environment load took 110ns 
107169     INFO  main            d.u.i.k.p.i.AbstractProblemLoader Creating init config 
110078     DEBUG main            d.u.i.k.p.i.AbstractProblemLoader Init config took 2.91s 
110149     INFO  main            d.u.i.k.p.i.AbstractProblemLoader Replaying proof ArrayList[ArrayList::enlarge()].JML normal_behavior operation contract.0 
110151     DEBUG main            d.u.i.k.p.i.IntermediateProofReplayer Proof replay took 6.6ns 
112058     INFO  main            d.u.i.k.p.r.p.TestFile    ... finished proof: closed. 
112254     INFO  main            d.u.i.k.p.i.AbstractProblemLoader Loading environment from /home/runner/work/key/key/key.core/../key.ui/examples/heap/list_seq/ArrayList.enlarge.key.proof 
112254     DEBUG main            d.u.i.k.p.i.AbstractProblemLoader Environment load took 437.6ns 
112255     INFO  main            d.u.i.k.p.i.AbstractProblemLoader Creating init config 
115085     DEBUG main            d.u.i.k.p.i.AbstractProblemLoader Init config took 2.83s 
115165     INFO  main            d.u.i.k.p.i.AbstractProblemLoader Replaying proof ArrayList[ArrayList::enlarge()].JML normal_behavior operation contract.0 
115394     DEBUG main            d.u.i.k.p.i.IntermediateProofReplayer Proof replay took 200.85ms 
115395     DEBUG main            d.u.i.k.p.r.p.TestFile    ... success: reloaded. 
115396     INFO  main            d.u.i.k.p.r.p.TestFile    Now processing file /home/runner/work/key/key/key.core/../key.ui/examples/heap/list_seq/ArrayList.get.key 
115396     INFO  main            d.u.i.k.p.i.AbstractProblemLoader Loading environment from /home/runner/work/key/key/key.core/../key.ui/examples/heap/list_seq/ArrayList.get.key 
115397     DEBUG main            d.u.i.k.p.i.AbstractProblemLoader Environment load took 258.1ns 
115398     INFO  main            d.u.i.k.p.i.AbstractProblemLoader Creating init config 
118321     DEBUG main            d.u.i.k.p.i.AbstractProblemLoader Init config took 2.92s 
118391     INFO  main            d.u.i.k.p.i.AbstractProblemLoader Replaying proof ArrayList[List::get(int)].JML normal_behavior operation contract.0 
118392     DEBUG main            d.u.i.k.p.i.IntermediateProofReplayer Proof replay took 6.2ns 
118895     INFO  main            d.u.i.k.p.r.p.TestFile    ... finished proof: closed. 
119082     INFO  main            d.u.i.k.p.i.AbstractProblemLoader Loading environment from /home/runner/work/key/key/key.core/../key.ui/examples/heap/list_seq/ArrayList.get.key.proof 
119082     DEBUG main            d.u.i.k.p.i.AbstractProblemLoader Environment load took 455.5ns 
119083     INFO  main            d.u.i.k.p.i.AbstractProblemLoader Creating init config 
121908     DEBUG main            d.u.i.k.p.i.AbstractProblemLoader Init config took 2.82s 
121987     INFO  main            d.u.i.k.p.i.AbstractProblemLoader Replaying proof ArrayList[List::get(int)].JML normal_behavior operation contract.0 
122027     DEBUG main            d.u.i.k.p.i.IntermediateProofReplayer Proof replay took 36.34ms 
122028     DEBUG main            d.u.i.k.p.r.p.TestFile    ... success: reloaded. 
122029     INFO  main            d.u.i.k.p.r.p.TestFile    Now processing file /home/runner/work/key/key/key.core/../key.ui/examples/heap/list_seq/ArrayList.newArray.key 
122029     INFO  main            d.u.i.k.p.i.AbstractProblemLoader Loading environment from /home/runner/work/key/key/key.core/../key.ui/examples/heap/list_seq/ArrayList.newArray.key 
122029     DEBUG main            d.u.i.k.p.i.AbstractProblemLoader Environment load took 115.9ns 
122030     INFO  main            d.u.i.k.p.i.AbstractProblemLoader Creating init config 
124893     DEBUG main            d.u.i.k.p.i.AbstractProblemLoader Init config took 2.86s 
124988     INFO  main            d.u.i.k.p.i.AbstractProblemLoader Replaying proof ArrayList[ArrayList::newArray(int)].JML normal_behavior operation contract.0 
124990     DEBUG main            d.u.i.k.p.i.IntermediateProofReplayer Proof replay took 6.9ns 
125292     INFO  main            d.u.i.k.p.r.p.TestFile    ... finished proof: closed. 
125474     INFO  main            d.u.i.k.p.i.AbstractProblemLoader Loading environment from /home/runner/work/key/key/key.core/../key.ui/examples/heap/list_seq/ArrayList.newArray.key.proof 
125475     DEBUG main            d.u.i.k.p.i.AbstractProblemLoader Environment load took 439.5ns 
125476     INFO  main            d.u.i.k.p.i.AbstractProblemLoader Creating init config 
128271     DEBUG main            d.u.i.k.p.i.AbstractProblemLoader Init config took 2.8s 
128347     INFO  main            d.u.i.k.p.i.AbstractProblemLoader Replaying proof ArrayList[ArrayList::newArray(int)].JML normal_behavior operation contract.0 
128387     DEBUG main            d.u.i.k.p.i.IntermediateProofReplayer Proof replay took 36.48ms 
128388     DEBUG main            d.u.i.k.p.r.p.TestFile    ... success: reloaded. 
128389     INFO  main            d.u.i.k.p.r.p.TestFile    Now processing file /home/runner/work/key/key/key.core/../key.ui/examples/heap/list_seq/ArrayList.remove.0.key 
128389     INFO  main            d.u.i.k.p.i.AbstractProblemLoader Loading environment from /home/runner/work/key/key/key.core/../key.ui/examples/heap/list_seq/ArrayList.remove.0.key 
128390     DEBUG main            d.u.i.k.p.i.AbstractProblemLoader Environment load took 229.5ns 
128391     INFO  main            d.u.i.k.p.i.AbstractProblemLoader Creating init config 
131257     DEBUG main            d.u.i.k.p.i.AbstractProblemLoader Init config took 2.87s 
131324     INFO  main            d.u.i.k.p.i.AbstractProblemLoader Replaying proof ArrayList[List::remove(java.lang.Object)].JML normal_behavior operation contract.0 
131325     DEBUG main            d.u.i.k.p.i.IntermediateProofReplayer Proof replay took 6.9ns 
133230     INFO  main            d.u.i.k.p.r.p.TestFile    ... finished proof: closed. 
133423     INFO  main            d.u.i.k.p.i.AbstractProblemLoader Loading environment from /home/runner/work/key/key/key.core/../key.ui/examples/heap/list_seq/ArrayList.remove.0.key.proof 
133423     DEBUG main            d.u.i.k.p.i.AbstractProblemLoader Environment load took 512.6ns 
133425     INFO  main            d.u.i.k.p.i.AbstractProblemLoader Creating init config 
136256     DEBUG main            d.u.i.k.p.i.AbstractProblemLoader Init config took 2.83s 
136332     INFO  main            d.u.i.k.p.i.AbstractProblemLoader Replaying proof ArrayList[List::remove(java.lang.Object)].JML normal_behavior operation contract.0 
136653     DEBUG main            d.u.i.k.p.i.IntermediateProofReplayer Proof replay took 309.41ms 
136655     DEBUG main            d.u.i.k.p.r.p.TestFile    ... success: reloaded. 
136656     INFO  main            d.u.i.k.p.r.p.TestFile    Now processing file /home/runner/work/key/key/key.core/../key.ui/examples/heap/list_seq/ArrayList.remove.1.key 
136656     INFO  main            d.u.i.k.p.i.AbstractProblemLoader Loading environment from /home/runner/work/key/key/key.core/../key.ui/examples/heap/list_seq/ArrayList.remove.1.key 
136656     DEBUG main            d.u.i.k.p.i.AbstractProblemLoader Environment load took 209ns 
136657     INFO  main            d.u.i.k.p.i.AbstractProblemLoader Creating init config 
139495     DEBUG main            d.u.i.k.p.i.AbstractProblemLoader Init config took 2.84s 
139562     INFO  main            d.u.i.k.p.i.AbstractProblemLoader Replaying proof ArrayList[List::remove(java.lang.Object)].JML normal_behavior operation contract.1 
139565     DEBUG main            d.u.i.k.p.i.IntermediateProofReplayer Proof replay took 5.9ns 
150741     INFO  main            d.u.i.k.p.r.p.TestFile    ... finished proof: closed. 
150996     INFO  main            d.u.i.k.p.i.AbstractProblemLoader Loading environment from /home/runner/work/key/key/key.core/../key.ui/examples/heap/list_seq/ArrayList.remove.1.key.proof 
150996     DEBUG main            d.u.i.k.p.i.AbstractProblemLoader Environment load took 476.7ns 
150999     INFO  main            d.u.i.k.p.i.AbstractProblemLoader Creating init config 
153792     DEBUG main            d.u.i.k.p.i.AbstractProblemLoader Init config took 2.79s 
153860     INFO  main            d.u.i.k.p.i.AbstractProblemLoader Replaying proof ArrayList[List::remove(java.lang.Object)].JML normal_behavior operation contract.1 
154658     DEBUG main            d.u.i.k.p.i.IntermediateProofReplayer Proof replay took 764.76ms 
154660     DEBUG main            d.u.i.k.p.r.p.TestFile    ... success: reloaded. 
1313344    INFO  Test worker     d.u.i.k.p.r.p.StatisticsFile Returning from test list_seq 
1313347    INFO  Test worker     d.u.i.k.p.r.p.StatisticsFile Running test observer 
348        INFO  Timeout watchdog d.u.i.k.p.r.p.ForkedTestFileRunner Timeout watcher launched (2000 secs.) 
354        WARN  main            d.u.i.k.s.ProofSettings   The settings in /home/runner/.key/proof-settings.props are *not* read. 
381        INFO  main            d.u.i.k.p.r.p.TestFile    Now processing file /home/runner/work/key/key/key.core/../key.ui/examples/heap/observer/ExampleObserver_ExampleObserver.key 
529        INFO  main            d.u.i.k.p.i.AbstractProblemLoader Loading environment from /home/runner/work/key/key/key.core/../key.ui/examples/heap/observer/ExampleObserver_ExampleObserver.key 
549        DEBUG main            d.u.i.k.p.i.AbstractProblemLoader Environment load took 2.41ms 
779        INFO  main            d.u.i.k.p.i.AbstractProblemLoader Creating init config 
1642       DEBUG main            d.u.i.k.j.TypeConverter   No LDT found for Meta 
1643       DEBUG main            d.u.i.k.j.TypeConverter   No LDT found for Meta 
1644       DEBUG main            d.u.i.k.j.TypeConverter   No LDT found for Meta 
1645       DEBUG main            d.u.i.k.j.TypeConverter   No LDT found for Meta 
2815       DEBUG main            d.u.i.k.j.TypeConverter   No LDT found for JavaBigintExpression 
8057       DEBUG main            d.u.i.k.p.i.AbstractProblemLoader Init config took 7.28s 
8200       INFO  main            d.u.i.k.p.i.AbstractProblemLoader Replaying proof ExampleObserver[ExampleObserver::ExampleObserver(ExampleSubject)].JML normal_behavior operation contract.0 
8239       DEBUG main            d.u.i.k.p.i.IntermediateProofReplayer Proof replay took 33.3ns 
9260       INFO  main            d.u.i.k.p.r.p.TestFile    ... finished proof: closed. 
9375       INFO  main            d.u.i.k.p.i.AbstractProblemLoader Loading environment from /home/runner/work/key/key/key.core/../key.ui/examples/heap/observer/ExampleObserver_ExampleObserver.key.proof 
9381       DEBUG main            d.u.i.k.p.i.AbstractProblemLoader Environment load took 6.38ms 
9384       INFO  main            d.u.i.k.p.i.AbstractProblemLoader Creating init config 
12362      DEBUG main            d.u.i.k.p.i.AbstractProblemLoader Init config took 2.98s 
12442      INFO  main            d.u.i.k.p.i.AbstractProblemLoader Replaying proof ExampleObserver[ExampleObserver::ExampleObserver(ExampleSubject)].JML normal_behavior operation contract.0 
12584      DEBUG main            d.u.i.k.p.i.IntermediateProofReplayer Proof replay took 134.53ms 
12592      DEBUG main            d.u.i.k.p.r.p.TestFile    ... success: reloaded. 
12596      INFO  main            d.u.i.k.p.r.p.TestFile    Now processing file /home/runner/work/key/key/key.core/../key.ui/examples/heap/observer/ExampleObserver_inv.key 
12596      INFO  main            d.u.i.k.p.i.AbstractProblemLoader Loading environment from /home/runner/work/key/key/key.core/../key.ui/examples/heap/observer/ExampleObserver_inv.key 
12596      DEBUG main            d.u.i.k.p.i.AbstractProblemLoader Environment load took 142.1ns 
12600      INFO  main            d.u.i.k.p.i.AbstractProblemLoader Creating init config 
15449      DEBUG main            d.u.i.k.p.i.AbstractProblemLoader Init config took 2.85s 
15527      INFO  main            d.u.i.k.p.i.AbstractProblemLoader Replaying proof ExampleObserver[java.lang.Object::<inv>()].JML accessible clause.0 
15529      DEBUG main            d.u.i.k.p.i.IntermediateProofReplayer Proof replay took 6.6ns 
15632      INFO  main            d.u.i.k.p.r.p.TestFile    ... finished proof: closed. 
15763      INFO  main            d.u.i.k.p.i.AbstractProblemLoader Loading environment from /home/runner/work/key/key/key.core/../key.ui/examples/heap/observer/ExampleObserver_inv.key.proof 
15763      DEBUG main            d.u.i.k.p.i.AbstractProblemLoader Environment load took 126.2ns 
15764      INFO  main            d.u.i.k.p.i.AbstractProblemLoader Creating init config 
18466      DEBUG main            d.u.i.k.p.i.AbstractProblemLoader Init config took 2.7s 
18518      INFO  main            d.u.i.k.p.i.AbstractProblemLoader Replaying proof ExampleObserver[java.lang.Object::<inv>()].JML accessible clause.0 
18534      DEBUG main            d.u.i.k.p.i.IntermediateProofReplayer Proof replay took 13.27ms 
18535      DEBUG main            d.u.i.k.p.r.p.TestFile    ... success: reloaded. 
18537      INFO  main            d.u.i.k.p.r.p.TestFile    Now processing file /home/runner/work/key/key/key.core/../key.ui/examples/heap/observer/ExampleObserver_subject.key 
18537      INFO  main            d.u.i.k.p.i.AbstractProblemLoader Loading environment from /home/runner/work/key/key/key.core/../key.ui/examples/heap/observer/ExampleObserver_subject.key 
18538      DEBUG main            d.u.i.k.p.i.AbstractProblemLoader Environment load took 223.6ns 
18539      INFO  main            d.u.i.k.p.i.AbstractProblemLoader Creating init config 
21234      DEBUG main            d.u.i.k.p.i.AbstractProblemLoader Init config took 2.7s 
21281      INFO  main            d.u.i.k.p.i.AbstractProblemLoader Replaying proof Observer[Observer::$subject()].JML accessible clause.0 
21284      DEBUG main            d.u.i.k.p.i.IntermediateProofReplayer Proof replay took 5.2ns 
21388      INFO  main            d.u.i.k.p.r.p.TestFile    ... finished proof: closed. 
21523      INFO  main            d.u.i.k.p.i.AbstractProblemLoader Loading environment from /home/runner/work/key/key/key.core/../key.ui/examples/heap/observer/ExampleObserver_subject.key.proof 
21523      DEBUG main            d.u.i.k.p.i.AbstractProblemLoader Environment load took 119.4ns 
21524      INFO  main            d.u.i.k.p.i.AbstractProblemLoader Creating init config 
24212      DEBUG main            d.u.i.k.p.i.AbstractProblemLoader Init config took 2.69s 
24258      INFO  main            d.u.i.k.p.i.AbstractProblemLoader Replaying proof Observer[Observer::$subject()].JML accessible clause.0 
24262      DEBUG main            d.u.i.k.p.i.IntermediateProofReplayer Proof replay took 1.57ms 
24263      DEBUG main            d.u.i.k.p.r.p.TestFile    ... success: reloaded. 
24264      INFO  main            d.u.i.k.p.r.p.TestFile    Now processing file /home/runner/work/key/key/key.core/../key.ui/examples/heap/observer/ExampleObserver_update.key 
24264      INFO  main            d.u.i.k.p.i.AbstractProblemLoader Loading environment from /home/runner/work/key/key/key.core/../key.ui/examples/heap/observer/ExampleObserver_update.key 
24264      DEBUG main            d.u.i.k.p.i.AbstractProblemLoader Environment load took 98.6ns 
24265      INFO  main            d.u.i.k.p.i.AbstractProblemLoader Creating init config 
26921      DEBUG main            d.u.i.k.p.i.AbstractProblemLoader Init config took 2.66s 
26968      INFO  main            d.u.i.k.p.i.AbstractProblemLoader Replaying proof ExampleObserver[Observer::update()].JML normal_behavior operation contract.0 
26970      DEBUG main            d.u.i.k.p.i.IntermediateProofReplayer Proof replay took 5.8ns 
27273      INFO  main            d.u.i.k.p.r.p.TestFile    ... finished proof: closed. 
27405      INFO  main            d.u.i.k.p.i.AbstractProblemLoader Loading environment from /home/runner/work/key/key/key.core/../key.ui/examples/heap/observer/ExampleObserver_update.key.proof 
27406      DEBUG main            d.u.i.k.p.i.AbstractProblemLoader Environment load took 521.4ns 
27407      INFO  main            d.u.i.k.p.i.AbstractProblemLoader Creating init config 
30044      DEBUG main            d.u.i.k.p.i.AbstractProblemLoader Init config took 2.64s 
30093      INFO  main            d.u.i.k.p.i.AbstractProblemLoader Replaying proof ExampleObserver[Observer::update()].JML normal_behavior operation contract.0 
30173      DEBUG main            d.u.i.k.p.i.IntermediateProofReplayer Proof replay took 70.76ms 
30175      DEBUG main            d.u.i.k.p.r.p.TestFile    ... success: reloaded. 
30176      INFO  main            d.u.i.k.p.r.p.TestFile    Now processing file /home/runner/work/key/key/key.core/../key.ui/examples/heap/observer/ExampleObserver_upToDate.key 
30177      INFO  main            d.u.i.k.p.i.AbstractProblemLoader Loading environment from /home/runner/work/key/key/key.core/../key.ui/examples/heap/observer/ExampleObserver_upToDate.key 
30177      DEBUG main            d.u.i.k.p.i.AbstractProblemLoader Environment load took 108ns 
30178      INFO  main            d.u.i.k.p.i.AbstractProblemLoader Creating init config 
32892      DEBUG main            d.u.i.k.p.i.AbstractProblemLoader Init config took 2.71s 
32937      INFO  main            d.u.i.k.p.i.AbstractProblemLoader Replaying proof ExampleObserver[Observer::$upToDate()].JML accessible clause.0 
32939      DEBUG main            d.u.i.k.p.i.IntermediateProofReplayer Proof replay took 6ns 
33041      INFO  main            d.u.i.k.p.r.p.TestFile    ... finished proof: closed. 
33234      INFO  main            d.u.i.k.p.i.AbstractProblemLoader Loading environment from /home/runner/work/key/key/key.core/../key.ui/examples/heap/observer/ExampleObserver_upToDate.key.proof 
33234      DEBUG main            d.u.i.k.p.i.AbstractProblemLoader Environment load took 117.3ns 
33235      INFO  main            d.u.i.k.p.i.AbstractProblemLoader Creating init config 
35873      DEBUG main            d.u.i.k.p.i.AbstractProblemLoader Init config took 2.64s 
35922      INFO  main            d.u.i.k.p.i.AbstractProblemLoader Replaying proof ExampleObserver[Observer::$upToDate()].JML accessible clause.0 
35939      DEBUG main            d.u.i.k.p.i.IntermediateProofReplayer Proof replay took 14.25ms 
35940      DEBUG main            d.u.i.k.p.r.p.TestFile    ... success: reloaded. 
35942      INFO  main            d.u.i.k.p.r.p.TestFile    Now processing file /home/runner/work/key/key/key.core/../key.ui/examples/heap/observer/ExampleObserver_value.key 
35942      INFO  main            d.u.i.k.p.i.AbstractProblemLoader Loading environment from /home/runner/work/key/key/key.core/../key.ui/examples/heap/observer/ExampleObserver_value.key 
35942      DEBUG main            d.u.i.k.p.i.AbstractProblemLoader Environment load took 229.4ns 
35943      INFO  main            d.u.i.k.p.i.AbstractProblemLoader Creating init config 
38665      DEBUG main            d.u.i.k.p.i.AbstractProblemLoader Init config took 2.72s 
38711      INFO  main            d.u.i.k.p.i.AbstractProblemLoader Replaying proof ExampleObserver[ExampleObserver::value()].JML normal_behavior operation contract.0 
38713      DEBUG main            d.u.i.k.p.i.IntermediateProofReplayer Proof replay took 6.7ns 
38815      INFO  main            d.u.i.k.p.r.p.TestFile    ... finished proof: closed. 
38984      INFO  main            d.u.i.k.p.i.AbstractProblemLoader Loading environment from /home/runner/work/key/key/key.core/../key.ui/examples/heap/observer/ExampleObserver_value.key.proof 
38984      DEBUG main            d.u.i.k.p.i.AbstractProblemLoader Environment load took 110.91ns 
38985      INFO  main            d.u.i.k.p.i.AbstractProblemLoader Creating init config 
41588      DEBUG main            d.u.i.k.p.i.AbstractProblemLoader Init config took 2.6s 
41632      INFO  main            d.u.i.k.p.i.AbstractProblemLoader Replaying proof ExampleObserver[ExampleObserver::value()].JML normal_behavior operation contract.0 
41649      DEBUG main            d.u.i.k.p.i.IntermediateProofReplayer Proof replay took 15.57ms 
41650      DEBUG main            d.u.i.k.p.r.p.TestFile    ... success: reloaded. 
41651      INFO  main            d.u.i.k.p.r.p.TestFile    Now processing file /home/runner/work/key/key/key.core/../key.ui/examples/heap/observer/ExampleSubject_addObserver.key 
41652      INFO  main            d.u.i.k.p.i.AbstractProblemLoader Loading environment from /home/runner/work/key/key/key.core/../key.ui/examples/heap/observer/ExampleSubject_addObserver.key 
41652      DEBUG main            d.u.i.k.p.i.AbstractProblemLoader Environment load took 85.8ns 
41653      INFO  main            d.u.i.k.p.i.AbstractProblemLoader Creating init config 
44309      DEBUG main            d.u.i.k.p.i.AbstractProblemLoader Init config took 2.66s 
44358      INFO  main            d.u.i.k.p.i.AbstractProblemLoader Replaying proof ExampleSubject[Subject::addObserver(Observer)].JML normal_behavior operation contract.0 
44360      DEBUG main            d.u.i.k.p.i.IntermediateProofReplayer Proof replay took 6.5ns 
49607      INFO  main            d.u.i.k.p.r.p.TestFile    ... finished proof: closed. 
49850      INFO  main            d.u.i.k.p.i.AbstractProblemLoader Loading environment from /home/runner/work/key/key/key.core/../key.ui/examples/heap/observer/ExampleSubject_addObserver.key.proof 
49854      DEBUG main            d.u.i.k.p.i.AbstractProblemLoader Environment load took 3.29ms 
49857      INFO  main            d.u.i.k.p.i.AbstractProblemLoader Creating init config 
52471      DEBUG main            d.u.i.k.p.i.AbstractProblemLoader Init config took 2.61s 
52526      INFO  main            d.u.i.k.p.i.AbstractProblemLoader Replaying proof ExampleSubject[Subject::addObserver(Observer)].JML normal_behavior operation contract.0 
53087      DEBUG main            d.u.i.k.p.i.IntermediateProofReplayer Proof replay took 535.9ms 
53089      DEBUG main            d.u.i.k.p.r.p.TestFile    ... success: reloaded. 
53091      INFO  main            d.u.i.k.p.r.p.TestFile    Now processing file /home/runner/work/key/key/key.core/../key.ui/examples/heap/observer/ExampleSubject_change.key 
53091      INFO  main            d.u.i.k.p.i.AbstractProblemLoader Loading environment from /home/runner/work/key/key/key.core/../key.ui/examples/heap/observer/ExampleSubject_change.key 
53092      DEBUG main            d.u.i.k.p.i.AbstractProblemLoader Environment load took 241.7ns 
53093      INFO  main            d.u.i.k.p.i.AbstractProblemLoader Creating init config 
55678      DEBUG main            d.u.i.k.p.i.AbstractProblemLoader Init config took 2.59s 
55725      INFO  main            d.u.i.k.p.i.AbstractProblemLoader Replaying proof ExampleSubject[ExampleSubject::change()].JML normal_behavior operation contract.0 
55727      DEBUG main            d.u.i.k.p.i.IntermediateProofReplayer Proof replay took 6.7ns 
56230      INFO  main            d.u.i.k.p.r.p.TestFile    ... finished proof: closed. 
56455      INFO  main            d.u.i.k.p.i.AbstractProblemLoader Loading environment from /home/runner/work/key/key/key.core/../key.ui/examples/heap/observer/ExampleSubject_change.key.proof 
56456      DEBUG main            d.u.i.k.p.i.AbstractProblemLoader Environment load took 471.9ns 
56457      INFO  main            d.u.i.k.p.i.AbstractProblemLoader Creating init config 
59073      DEBUG main            d.u.i.k.p.i.AbstractProblemLoader Init config took 2.62s 
59135      INFO  main            d.u.i.k.p.i.AbstractProblemLoader Replaying proof ExampleSubject[ExampleSubject::change()].JML normal_behavior operation contract.0 
59192      DEBUG main            d.u.i.k.p.i.IntermediateProofReplayer Proof replay took 51.48ms 
59194      DEBUG main            d.u.i.k.p.r.p.TestFile    ... success: reloaded. 
59196      INFO  main            d.u.i.k.p.r.p.TestFile    Now processing file /home/runner/work/key/key/key.core/../key.ui/examples/heap/observer/ExampleSubject_ExampleSubject.key 
59197      INFO  main            d.u.i.k.p.i.AbstractProblemLoader Loading environment from /home/runner/work/key/key/key.core/../key.ui/examples/heap/observer/ExampleSubject_ExampleSubject.key 
59198      DEBUG main            d.u.i.k.p.i.AbstractProblemLoader Environment load took 136.9ns 
59198      INFO  main            d.u.i.k.p.i.AbstractProblemLoader Creating init config 
61802      DEBUG main            d.u.i.k.p.i.AbstractProblemLoader Init config took 2.6s 
61845      INFO  main            d.u.i.k.p.i.AbstractProblemLoader Replaying proof ExampleSubject[ExampleSubject::ExampleSubject()].JML normal_behavior operation contract.0 
61847      DEBUG main            d.u.i.k.p.i.IntermediateProofReplayer Proof replay took 6.6ns 
62880      INFO  main            d.u.i.k.p.r.p.TestFile    ... finished proof: closed. 
63057      INFO  main            d.u.i.k.p.i.AbstractProblemLoader Loading environment from /home/runner/work/key/key/key.core/../key.ui/examples/heap/observer/ExampleSubject_ExampleSubject.key.proof 
63059      DEBUG main            d.u.i.k.p.i.AbstractProblemLoader Environment load took 1.38ms 
63060      INFO  main            d.u.i.k.p.i.AbstractProblemLoader Creating init config 
65644      DEBUG main            d.u.i.k.p.i.AbstractProblemLoader Init config took 2.58s 
65687      INFO  main            d.u.i.k.p.i.AbstractProblemLoader Replaying proof ExampleSubject[ExampleSubject::ExampleSubject()].JML normal_behavior operation contract.0 
65808      DEBUG main            d.u.i.k.p.i.IntermediateProofReplayer Proof replay took 113.73ms 
65810      DEBUG main            d.u.i.k.p.r.p.TestFile    ... success: reloaded. 
65811      INFO  main            d.u.i.k.p.r.p.TestFile    Now processing file /home/runner/work/key/key/key.core/../key.ui/examples/heap/observer/ExampleSubject_footprint.key 
65811      INFO  main            d.u.i.k.p.i.AbstractProblemLoader Loading environment from /home/runner/work/key/key/key.core/../key.ui/examples/heap/observer/ExampleSubject_footprint.key 
65812      DEBUG main            d.u.i.k.p.i.AbstractProblemLoader Environment load took 238.7ns 
65813      INFO  main            d.u.i.k.p.i.AbstractProblemLoader Creating init config 
68390      DEBUG main            d.u.i.k.p.i.AbstractProblemLoader Init config took 2.58s 
68432      INFO  main            d.u.i.k.p.i.AbstractProblemLoader Replaying proof ExampleSubject[Subject::$footprint()].JML accessible clause.0 
68434      DEBUG main            d.u.i.k.p.i.IntermediateProofReplayer Proof replay took 6.2ns 
68535      INFO  main            d.u.i.k.p.r.p.TestFile    ... finished proof: closed. 
68720      INFO  main            d.u.i.k.p.i.AbstractProblemLoader Loading environment from /home/runner/work/key/key/key.core/../key.ui/examples/heap/observer/ExampleSubject_footprint.key.proof 
68720      DEBUG main            d.u.i.k.p.i.AbstractProblemLoader Environment load took 111ns 
68721      INFO  main            d.u.i.k.p.i.AbstractProblemLoader Creating init config 
71280      DEBUG main            d.u.i.k.p.i.AbstractProblemLoader Init config took 2.56s 
71324      INFO  main            d.u.i.k.p.i.AbstractProblemLoader Replaying proof ExampleSubject[Subject::$footprint()].JML accessible clause.0 
71337      DEBUG main            d.u.i.k.p.i.IntermediateProofReplayer Proof replay took 10.24ms 
71338      DEBUG main            d.u.i.k.p.r.p.TestFile    ... success: reloaded. 
71340      INFO  main            d.u.i.k.p.r.p.TestFile    Now processing file /home/runner/work/key/key/key.core/../key.ui/examples/heap/observer/ExampleSubject_inv.key 
71341      INFO  main            d.u.i.k.p.i.AbstractProblemLoader Loading environment from /home/runner/work/key/key/key.core/../key.ui/examples/heap/observer/ExampleSubject_inv.key 
71341      DEBUG main            d.u.i.k.p.i.AbstractProblemLoader Environment load took 94.1ns 
71341      INFO  main            d.u.i.k.p.i.AbstractProblemLoader Creating init config 
74020      DEBUG main            d.u.i.k.p.i.AbstractProblemLoader Init config took 2.68s 
74062      INFO  main            d.u.i.k.p.i.AbstractProblemLoader Replaying proof ExampleSubject[java.lang.Object::<inv>()].JML accessible clause.0 
74064      DEBUG main            d.u.i.k.p.i.IntermediateProofReplayer Proof replay took 6.1ns 
75270      INFO  main            d.u.i.k.p.r.p.TestFile    ... finished proof: closed. 
75513      INFO  main            d.u.i.k.p.i.AbstractProblemLoader Loading environment from /home/runner/work/key/key/key.core/../key.ui/examples/heap/observer/ExampleSubject_inv.key.proof 
75513      DEBUG main            d.u.i.k.p.i.AbstractProblemLoader Environment load took 415.3ns 
75514      INFO  main            d.u.i.k.p.i.AbstractProblemLoader Creating init config 
78117      DEBUG main            d.u.i.k.p.i.AbstractProblemLoader Init config took 2.6s 
78159      INFO  main            d.u.i.k.p.i.AbstractProblemLoader Replaying proof ExampleSubject[java.lang.Object::<inv>()].JML accessible clause.0 
78225      DEBUG main            d.u.i.k.p.i.IntermediateProofReplayer Proof replay took 59.46ms 
78226      DEBUG main            d.u.i.k.p.r.p.TestFile    ... success: reloaded. 
78227      INFO  main            d.u.i.k.p.r.p.TestFile    Now processing file /home/runner/work/key/key/key.core/../key.ui/examples/heap/observer/ExampleSubject_notifyObservers.key 
78228      INFO  main            d.u.i.k.p.i.AbstractProblemLoader Loading environment from /home/runner/work/key/key/key.core/../key.ui/examples/heap/observer/ExampleSubject_notifyObservers.key 
78228      DEBUG main            d.u.i.k.p.i.AbstractProblemLoader Environment load took 139ns 
78229      INFO  main            d.u.i.k.p.i.AbstractProblemLoader Creating init config 
80831      DEBUG main            d.u.i.k.p.i.AbstractProblemLoader Init config took 2.6s 
80873      INFO  main            d.u.i.k.p.i.AbstractProblemLoader Replaying proof Subject[Subject::notifyObservers()].JML normal_behavior operation contract.0 
80874      DEBUG main            d.u.i.k.p.i.IntermediateProofReplayer Proof replay took 6.2ns 
80975      INFO  main            d.u.i.k.p.r.p.TestFile    ... finished proof: closed. 
81172      INFO  main            d.u.i.k.p.i.AbstractProblemLoader Loading environment from /home/runner/work/key/key/key.core/../key.ui/examples/heap/observer/ExampleSubject_notifyObservers.key.proof 
81172      DEBUG main            d.u.i.k.p.i.AbstractProblemLoader Environment load took 112.9ns 
81173      INFO  main            d.u.i.k.p.i.AbstractProblemLoader Creating init config 
83767      DEBUG main            d.u.i.k.p.i.AbstractProblemLoader Init config took 2.59s 
83813      INFO  main            d.u.i.k.p.i.AbstractProblemLoader Replaying proof Subject[Subject::notifyObservers()].JML normal_behavior operation contract.0 
83817      DEBUG main            d.u.i.k.p.i.IntermediateProofReplayer Proof replay took 2.18ms 
83818      DEBUG main            d.u.i.k.p.r.p.TestFile    ... success: reloaded. 
83819      INFO  main            d.u.i.k.p.r.p.TestFile    Now processing file /home/runner/work/key/key/key.core/../key.ui/examples/heap/observer/ExampleSubject_value_dep.key 
83819      INFO  main            d.u.i.k.p.i.AbstractProblemLoader Loading environment from /home/runner/work/key/key/key.core/../key.ui/examples/heap/observer/ExampleSubject_value_dep.key 
83819      DEBUG main            d.u.i.k.p.i.AbstractProblemLoader Environment load took 198.5ns 
83821      INFO  main            d.u.i.k.p.i.AbstractProblemLoader Creating init config 
86393      DEBUG main            d.u.i.k.p.i.AbstractProblemLoader Init config took 2.57s 
86433      INFO  main            d.u.i.k.p.i.AbstractProblemLoader Replaying proof ExampleSubject[ExampleSubject::value()].JML accessible clause.0 
86434      DEBUG main            d.u.i.k.p.i.IntermediateProofReplayer Proof replay took 6ns 
86536      INFO  main            d.u.i.k.p.r.p.TestFile    ... finished proof: closed. 
86733      INFO  main            d.u.i.k.p.i.AbstractProblemLoader Loading environment from /home/runner/work/key/key/key.core/../key.ui/examples/heap/observer/ExampleSubject_value_dep.key.proof 
86733      DEBUG main            d.u.i.k.p.i.AbstractProblemLoader Environment load took 108.7ns 
86734      INFO  main            d.u.i.k.p.i.AbstractProblemLoader Creating init config 
89295      DEBUG main            d.u.i.k.p.i.AbstractProblemLoader Init config took 2.56s 
89335      INFO  main            d.u.i.k.p.i.AbstractProblemLoader Replaying proof ExampleSubject[ExampleSubject::value()].JML accessible clause.0 
89346      DEBUG main            d.u.i.k.p.i.IntermediateProofReplayer Proof replay took 8.81ms 
89346      DEBUG main            d.u.i.k.p.r.p.TestFile    ... success: reloaded. 
89347      INFO  main            d.u.i.k.p.r.p.TestFile    Now processing file /home/runner/work/key/key/key.core/../key.ui/examples/heap/observer/ExampleSubject_value.key 
89348      INFO  main            d.u.i.k.p.i.AbstractProblemLoader Loading environment from /home/runner/work/key/key/key.core/../key.ui/examples/heap/observer/ExampleSubject_value.key 
89348      DEBUG main            d.u.i.k.p.i.AbstractProblemLoader Environment load took 90.9ns 
89349      INFO  main            d.u.i.k.p.i.AbstractProblemLoader Creating init config 
91904      DEBUG main            d.u.i.k.p.i.AbstractProblemLoader Init config took 2.56s 
91944      INFO  main            d.u.i.k.p.i.AbstractProblemLoader Replaying proof ExampleSubject[ExampleSubject::value()].JML normal_behavior operation contract.0 
91945      DEBUG main            d.u.i.k.p.i.IntermediateProofReplayer Proof replay took 6.1ns 
92047      INFO  main            d.u.i.k.p.r.p.TestFile    ... finished proof: closed. 
92251      INFO  main            d.u.i.k.p.i.AbstractProblemLoader Loading environment from /home/runner/work/key/key/key.core/../key.ui/examples/heap/observer/ExampleSubject_value.key.proof 
92251      DEBUG main            d.u.i.k.p.i.AbstractProblemLoader Environment load took 116.9ns 
92252      INFO  main            d.u.i.k.p.i.AbstractProblemLoader Creating init config 
94802      DEBUG main            d.u.i.k.p.i.AbstractProblemLoader Init config took 2.55s 
94842      INFO  main            d.u.i.k.p.i.AbstractProblemLoader Replaying proof ExampleSubject[ExampleSubject::value()].JML normal_behavior operation contract.0 
94852      DEBUG main            d.u.i.k.p.i.IntermediateProofReplayer Proof replay took 8.07ms 
94853      DEBUG main            d.u.i.k.p.r.p.TestFile    ... success: reloaded. 
1408380    INFO  Test worker     d.u.i.k.p.r.p.StatisticsFile Returning from test observer 
1408383    INFO  Test worker     d.u.i.k.p.r.p.StatisticsFile Running test removeDups 
350        INFO  Timeout watchdog d.u.i.k.p.r.p.ForkedTestFileRunner Timeout watcher launched (2000 secs.) 
374        WARN  main            d.u.i.k.s.ProofSettings   The settings in /home/runner/.key/proof-settings.props are *not* read. 
424        INFO  main            d.u.i.k.p.r.p.TestFile    Now processing file /home/runner/work/key/key/key.core/../key.ui/examples/heap/removeDups/arrayPart.key 
552        INFO  main            d.u.i.k.p.i.AbstractProblemLoader Loading environment from /home/runner/work/key/key/key.core/../key.ui/examples/heap/removeDups/arrayPart.key 
569        DEBUG main            d.u.i.k.p.i.AbstractProblemLoader Environment load took 2.36ms 
779        INFO  main            d.u.i.k.p.i.AbstractProblemLoader Creating init config 
1779       DEBUG main            d.u.i.k.j.TypeConverter   No LDT found for Meta 
1780       DEBUG main            d.u.i.k.j.TypeConverter   No LDT found for Meta 
1783       DEBUG main            d.u.i.k.j.TypeConverter   No LDT found for Meta 
1784       DEBUG main            d.u.i.k.j.TypeConverter   No LDT found for Meta 
3166       DEBUG main            d.u.i.k.j.TypeConverter   No LDT found for JavaBigintExpression 
8008       DEBUG main            d.u.i.k.p.i.AbstractProblemLoader Init config took 7.23s 
8128       INFO  main            d.u.i.k.p.i.AbstractProblemLoader Replaying proof RemoveDup[RemoveDup::arrayPart([I,int)].JML normal_behavior operation contract.0 
8158       DEBUG main            d.u.i.k.p.i.IntermediateProofReplayer Proof replay took 31.9ns 
10783      INFO  main            d.u.i.k.p.r.p.TestFile    ... finished proof: closed. 
10927      INFO  main            d.u.i.k.p.i.AbstractProblemLoader Loading environment from /home/runner/work/key/key/key.core/../key.ui/examples/heap/removeDups/arrayPart.key.proof 
10927      DEBUG main            d.u.i.k.p.i.AbstractProblemLoader Environment load took 244.7ns 
10929      INFO  main            d.u.i.k.p.i.AbstractProblemLoader Creating init config 
13650      DEBUG main            d.u.i.k.p.i.AbstractProblemLoader Init config took 2.72s 
13722      INFO  main            d.u.i.k.p.i.AbstractProblemLoader Replaying proof RemoveDup[RemoveDup::arrayPart([I,int)].JML normal_behavior operation contract.0 
13973      DEBUG main            d.u.i.k.p.i.IntermediateProofReplayer Proof replay took 238.29ms 
13984      DEBUG main            d.u.i.k.p.r.p.TestFile    ... success: reloaded. 
13986      INFO  main            d.u.i.k.p.r.p.TestFile    Now processing file /home/runner/work/key/key/key.core/../key.ui/examples/heap/removeDups/contains.key 
13987      INFO  main            d.u.i.k.p.i.AbstractProblemLoader Loading environment from /home/runner/work/key/key/key.core/../key.ui/examples/heap/removeDups/contains.key 
13989      DEBUG main            d.u.i.k.p.i.AbstractProblemLoader Environment load took 1.23ms 
13990      INFO  main            d.u.i.k.p.i.AbstractProblemLoader Creating init config 
16774      DEBUG main            d.u.i.k.p.i.AbstractProblemLoader Init config took 2.78s 
16838      INFO  main            d.u.i.k.p.i.AbstractProblemLoader Replaying proof RemoveDup[RemoveDup::contains([I,int,int)].JML normal_behavior operation contract.0 
16844      DEBUG main            d.u.i.k.p.i.IntermediateProofReplayer Proof replay took 6.6ns 
17454      INFO  main            d.u.i.k.p.r.p.TestFile    ... finished proof: closed. 
17608      INFO  main            d.u.i.k.p.i.AbstractProblemLoader Loading environment from /home/runner/work/key/key/key.core/../key.ui/examples/heap/removeDups/contains.key.proof 
17609      DEBUG main            d.u.i.k.p.i.AbstractProblemLoader Environment load took 437.3ns 
17610      INFO  main            d.u.i.k.p.i.AbstractProblemLoader Creating init config 
20268      DEBUG main            d.u.i.k.p.i.AbstractProblemLoader Init config took 2.66s 
20354      INFO  main            d.u.i.k.p.i.AbstractProblemLoader Replaying proof RemoveDup[RemoveDup::contains([I,int,int)].JML normal_behavior operation contract.0 
20451      DEBUG main            d.u.i.k.p.i.IntermediateProofReplayer Proof replay took 90.56ms 
20452      DEBUG main            d.u.i.k.p.r.p.TestFile    ... success: reloaded. 
20457      INFO  main            d.u.i.k.p.r.p.TestFile    Now processing file /home/runner/work/key/key/key.core/../key.ui/examples/heap/removeDups/removeDup.key 
20457      INFO  main            d.u.i.k.p.i.AbstractProblemLoader Loading environment from /home/runner/work/key/key/key.core/../key.ui/examples/heap/removeDups/removeDup.key 
20457      DEBUG main            d.u.i.k.p.i.AbstractProblemLoader Environment load took 118.8ns 
20459      INFO  main            d.u.i.k.p.i.AbstractProblemLoader Creating init config 
23122      DEBUG main            d.u.i.k.p.i.AbstractProblemLoader Init config took 2.66s 
23179      INFO  main            d.u.i.k.p.i.AbstractProblemLoader Replaying proof RemoveDup[RemoveDup::removeDup([I)].JML normal_behavior operation contract.0 
23182      DEBUG main            d.u.i.k.p.i.IntermediateProofReplayer Proof replay took 6.3ns 
43720      INFO  main            d.u.i.k.p.r.p.TestFile    ... finished proof: closed. 
43953      INFO  main            d.u.i.k.p.i.AbstractProblemLoader Loading environment from /home/runner/work/key/key/key.core/../key.ui/examples/heap/removeDups/removeDup.key.proof 
43954      DEBUG main            d.u.i.k.p.i.AbstractProblemLoader Environment load took 485.5ns 
43965      INFO  main            d.u.i.k.p.i.AbstractProblemLoader Creating init config 
46541      DEBUG main            d.u.i.k.p.i.AbstractProblemLoader Init config took 2.58s 
46586      INFO  main            d.u.i.k.p.i.AbstractProblemLoader Replaying proof RemoveDup[RemoveDup::removeDup([I)].JML normal_behavior operation contract.0 
47810      DEBUG main            d.u.i.k.p.i.IntermediateProofReplayer Proof replay took 1.15s 
47813      DEBUG main            d.u.i.k.p.r.p.TestFile    ... success: reloaded. 
47815      INFO  main            d.u.i.k.p.r.p.TestFile    Now processing file /home/runner/work/key/key/key.core/../key.ui/examples/heap/saddleback_search/Saddleback_search.key 
47815      INFO  main            d.u.i.k.p.i.AbstractProblemLoader Loading environment from /home/runner/work/key/key/key.core/../key.ui/examples/heap/saddleback_search/Saddleback_search.key 
47817      DEBUG main            d.u.i.k.p.i.AbstractProblemLoader Environment load took 1.99ms 
47819      INFO  main            d.u.i.k.p.i.AbstractProblemLoader Creating init config 
50494      DEBUG main            d.u.i.k.p.i.AbstractProblemLoader Init config took 2.67s 
50532      INFO  main            d.u.i.k.p.i.AbstractProblemLoader Replaying proof Saddleback[Saddleback::search([[I,int)].JML normal_behavior operation contract.0 
50540      DEBUG main            d.u.i.k.p.i.IntermediateProofReplayer Proof replay took 6ns 
127950     INFO  main            d.u.i.k.p.r.p.TestFile    ... finished proof: closed. 
128323     INFO  main            d.u.i.k.p.i.AbstractProblemLoader Loading environment from /home/runner/work/key/key/key.core/../key.ui/examples/heap/saddleback_search/Saddleback_search.key.proof 
128323     DEBUG main            d.u.i.k.p.i.AbstractProblemLoader Environment load took 212.9ns 
128331     INFO  main            d.u.i.k.p.i.AbstractProblemLoader Creating init config 
130881     DEBUG main            d.u.i.k.p.i.AbstractProblemLoader Init config took 2.55s 
130917     INFO  main            d.u.i.k.p.i.AbstractProblemLoader Replaying proof Saddleback[Saddleback::search([[I,int)].JML normal_behavior operation contract.0 
132474     DEBUG main            d.u.i.k.p.i.IntermediateProofReplayer Proof replay took 1.38s 
132482     DEBUG main            d.u.i.k.p.r.p.TestFile    ... success: reloaded. 
1541056    INFO  Test worker     d.u.i.k.p.r.p.StatisticsFile Returning from test removeDups 
1541058    INFO  Test worker     d.u.i.k.p.r.p.StatisticsFile Running test quicksort 
386        INFO  Timeout watchdog d.u.i.k.p.r.p.ForkedTestFileRunner Timeout watcher launched (2000 secs.) 
405        WARN  main            d.u.i.k.s.ProofSettings   The settings in /home/runner/.key/proof-settings.props are *not* read. 
440        INFO  main            d.u.i.k.p.r.p.TestFile    Now processing file /home/runner/work/key/key/key.core/../key.ui/examples/heap/quicksort/toplevel.key 
539        INFO  main            d.u.i.k.p.i.AbstractProblemLoader Loading environment from /home/runner/work/key/key/key.core/../key.ui/examples/heap/quicksort/toplevel.key 
565        DEBUG main            d.u.i.k.p.i.AbstractProblemLoader Environment load took 2.17ms 
782        INFO  main            d.u.i.k.p.i.AbstractProblemLoader Creating init config 
1620       DEBUG main            d.u.i.k.j.TypeConverter   No LDT found for Meta 
1621       DEBUG main            d.u.i.k.j.TypeConverter   No LDT found for Meta 
1627       DEBUG main            d.u.i.k.j.TypeConverter   No LDT found for Meta 
1628       DEBUG main            d.u.i.k.j.TypeConverter   No LDT found for Meta 
2830       DEBUG main            d.u.i.k.j.TypeConverter   No LDT found for JavaBigintExpression 
7930       DEBUG main            d.u.i.k.p.i.AbstractProblemLoader Init config took 7.15s 
8121       INFO  main            d.u.i.k.p.i.AbstractProblemLoader Replaying proof Quicksort[Quicksort::sort([I)].JML normal_behavior operation contract.0 
8158       DEBUG main            d.u.i.k.p.i.IntermediateProofReplayer Proof replay took 33.4ns 
9294       INFO  main            d.u.i.k.p.r.p.TestFile    ... finished proof: closed. 
9425       INFO  main            d.u.i.k.p.i.AbstractProblemLoader Loading environment from /home/runner/work/key/key/key.core/../key.ui/examples/heap/quicksort/toplevel.key.proof 
9426       DEBUG main            d.u.i.k.p.i.AbstractProblemLoader Environment load took 479.9ns 
9428       INFO  main            d.u.i.k.p.i.AbstractProblemLoader Creating init config 
12421      DEBUG main            d.u.i.k.p.i.AbstractProblemLoader Init config took 2.99s 
12505      INFO  main            d.u.i.k.p.i.AbstractProblemLoader Replaying proof Quicksort[Quicksort::sort([I)].JML normal_behavior operation contract.0 
12636      DEBUG main            d.u.i.k.p.i.IntermediateProofReplayer Proof replay took 123.43ms 
12643      DEBUG main            d.u.i.k.p.r.p.TestFile    ... success: reloaded. 
12646      INFO  main            d.u.i.k.p.r.p.TestFile    Now processing file /home/runner/work/key/key/key.core/../key.ui/examples/heap/quicksort/sort.key 
12646      INFO  main            d.u.i.k.p.i.AbstractProblemLoader Loading environment from /home/runner/work/key/key/key.core/../key.ui/examples/heap/quicksort/sort.key 
12647      DEBUG main            d.u.i.k.p.i.AbstractProblemLoader Environment load took 272.4ns 
12649      INFO  main            d.u.i.k.p.i.AbstractProblemLoader Creating init config 
15503      DEBUG main            d.u.i.k.p.i.AbstractProblemLoader Init config took 2.85s 
15562      INFO  main            d.u.i.k.p.i.AbstractProblemLoader Replaying proof Quicksort[Quicksort::sort([I,int,int)].JML normal_behavior operation contract.0 
15566      DEBUG main            d.u.i.k.p.i.IntermediateProofReplayer Proof replay took 6.8ns 
15593      DEBUG main            d.u.i.k.m.s.ProofScriptEngine [1] goal: 0, source line: 7, command: 'script 'sort.script'' 
15594      INFO  main            d.u.i.k.m.s.ProofScriptCommand Included script /home/runner/work/key/key/key.core/../key.ui/examples/heap/quicksort/sort.script 
15596      DEBUG main            d.u.i.k.m.s.ProofScriptEngine [1] goal: 0, source line: 1, command: 'macro autopilot-prep' 
16773      DEBUG main            d.u.i.k.m.s.ProofScriptEngine [2] goal: 358, source line: 3, command: 'select formula="{heapAtPre:=heap || exc:=null || heap:=heapAfter_sort_0}
   seq ...' 
16775      DEBUG main            d.u.i.k.m.s.ProofScriptEngine [3] goal: 358, source line: 9, command: 'macro simp-upd' 
16787      DEBUG main            d.u.i.k.m.s.ProofScriptEngine [4] goal: 369, source line: 11, command: 'let   @seqPre="seqDef{int u;}(0, array.length, array[u])"
    @seqSplit="seqDef ...' 
16794      DEBUG main            d.u.i.k.m.s.ProofScriptEngine [5] goal: 369, source line: 16, command: 'rule seqPermSym 
  formula="seqPerm(@seqSplit, @seqPre)"' 
16813      DEBUG main            d.u.i.k.m.s.ProofScriptEngine [6] goal: 370, source line: 19, command: 'rule seqPermSym
  formula="seqPerm(@seqSort, @seqSplit)"' 
16815      DEBUG main            d.u.i.k.m.s.ProofScriptEngine [7] goal: 371, source line: 22, command: 'rule seqPermSym
  formula="seqPerm(@seqSort0, @seqSort)"' 
16817      DEBUG main            d.u.i.k.m.s.ProofScriptEngine [8] goal: 372, source line: 25, command: 'rule seqPermTrans
  formula="seqPerm(@seqPre, @seqSplit)"' 
16819      DEBUG main            d.u.i.k.m.s.ProofScriptEngine [9] goal: 373, source line: 28, command: 'rule seqPermTrans
  formula="seqPerm(@seqPre, @seqSort)"' 
16820      DEBUG main            d.u.i.k.m.s.ProofScriptEngine [10] goal: 374, source line: 31, command: 'rule seqPermSym
  formula="seqPerm(@seqPre, @seqSort0)"' 
16822      DEBUG main            d.u.i.k.m.s.ProofScriptEngine [11] goal: 375, source line: 34, command: 'tryclose' 
42538      INFO  main            d.u.i.k.p.r.p.TestFile    ... finished proof: closed. 
42811      INFO  main            d.u.i.k.p.i.AbstractProblemLoader Loading environment from /home/runner/work/key/key/key.core/../key.ui/examples/heap/quicksort/sort.key.proof 
42811      DEBUG main            d.u.i.k.p.i.AbstractProblemLoader Environment load took 515.1ns 
42823      INFO  main            d.u.i.k.p.i.AbstractProblemLoader Creating init config 
45613      DEBUG main            d.u.i.k.p.i.AbstractProblemLoader Init config took 2.79s 
45664      INFO  main            d.u.i.k.p.i.AbstractProblemLoader Replaying proof Quicksort[Quicksort::sort([I,int,int)].JML normal_behavior operation contract.0 
47216      DEBUG main            d.u.i.k.p.i.IntermediateProofReplayer Proof replay took 1.4s 
47221      DEBUG main            d.u.i.k.p.r.p.TestFile    ... success: reloaded. 
47233      INFO  main            d.u.i.k.p.r.p.TestFile    Now processing file /home/runner/work/key/key/key.core/../key.ui/examples/heap/quicksort/split.key 
47233      INFO  main            d.u.i.k.p.i.AbstractProblemLoader Loading environment from /home/runner/work/key/key/key.core/../key.ui/examples/heap/quicksort/split.key 
47234      DEBUG main            d.u.i.k.p.i.AbstractProblemLoader Environment load took 282.1ns 
47248      INFO  main            d.u.i.k.p.i.AbstractProblemLoader Creating init config 
50193      DEBUG main            d.u.i.k.p.i.AbstractProblemLoader Init config took 2.95s 
50239      INFO  main            d.u.i.k.p.i.AbstractProblemLoader Replaying proof Quicksort[Quicksort::split([I,int,int)].JML normal_behavior operation contract.0 
50242      DEBUG main            d.u.i.k.p.i.IntermediateProofReplayer Proof replay took 5.7ns 
50243      DEBUG main            d.u.i.k.m.s.ProofScriptEngine [1] goal: 0, source line: 15, command: 'macro autopilot-prep' 
51524      DEBUG main            d.u.i.k.m.s.ProofScriptEngine [2] goal: 520, source line: 17, command: 'tryclose' 
88490      DEBUG main            d.u.i.k.m.s.ProofScriptEngine [3] goal: 495, source line: 20, command: 'macro simp-upd' 
88609      DEBUG main            d.u.i.k.m.s.ProofScriptEngine [4] goal: 495, source line: 25, command: 'rule seqPermFromSwap' 
88625      DEBUG main            d.u.i.k.m.s.ProofScriptEngine [5] goal: 40829, source line: 26, command: 'rule andRight' 
88631      DEBUG main            d.u.i.k.m.s.ProofScriptEngine [6] goal: 40830, source line: 27, command: 'auto' 
88657      DEBUG main            d.u.i.k.m.s.ProofScriptEngine [7] goal: 40831, source line: 29, command: 'instantiate hide var=iv with=i_0' 
88659      DEBUG main            d.u.i.k.m.s.ProofScriptEngine [8] goal: 40836, source line: 31, command: 'instantiate hide var=jv with=j_0' 
88662      DEBUG main            d.u.i.k.m.s.ProofScriptEngine [9] goal: 40837, source line: 32, command: 'auto' 
94952      DEBUG main            d.u.i.k.m.s.ProofScriptEngine [10] goal: 190, source line: 34, command: 'macro simp-upd' 
95034      DEBUG main            d.u.i.k.m.s.ProofScriptEngine [11] goal: 46168, source line: 36, command: 'rule seqPermFromSwap' 
95036      DEBUG main            d.u.i.k.m.s.ProofScriptEngine [12] goal: 46169, source line: 37, command: 'rule andRight' 
95040      DEBUG main            d.u.i.k.m.s.ProofScriptEngine [13] goal: 46170, source line: 38, command: 'auto' 
95059      DEBUG main            d.u.i.k.m.s.ProofScriptEngine [14] goal: 46171, source line: 40, command: 'instantiate hide var=iv with=i_0' 
95060      DEBUG main            d.u.i.k.m.s.ProofScriptEngine [15] goal: 46176, source line: 42, command: 'instantiate hide var=jv with=to' 
95063      DEBUG main            d.u.i.k.m.s.ProofScriptEngine [16] goal: 46177, source line: 43, command: 'auto' 
99995      INFO  main            d.u.i.k.p.r.p.TestFile    ... finished proof: closed. 
100460     INFO  main            d.u.i.k.p.i.AbstractProblemLoader Loading environment from /home/runner/work/key/key/key.core/../key.ui/examples/heap/quicksort/split.key.proof 
100460     DEBUG main            d.u.i.k.p.i.AbstractProblemLoader Environment load took 210.5ns 
100470     INFO  main            d.u.i.k.p.i.AbstractProblemLoader Creating init config 
103126     DEBUG main            d.u.i.k.p.i.AbstractProblemLoader Init config took 2.66s 
103173     INFO  main            d.u.i.k.p.i.AbstractProblemLoader Replaying proof Quicksort[Quicksort::split([I,int,int)].JML normal_behavior operation contract.0 
105625     DEBUG main            d.u.i.k.p.i.IntermediateProofReplayer Proof replay took 2.24s 
105682     DEBUG main            d.u.i.k.p.r.p.TestFile    ... success: reloaded. 
1647688    INFO  Test worker     d.u.i.k.p.r.p.StatisticsFile Returning from test quicksort 
1647692    INFO  Test worker     d.u.i.k.p.r.p.StatisticsFile Running test simpleTests 
359        INFO  Timeout watchdog d.u.i.k.p.r.p.ForkedTestFileRunner Timeout watcher launched (2000 secs.) 
379        WARN  main            d.u.i.k.s.ProofSettings   The settings in /home/runner/.key/proof-settings.props are *not* read. 
420        INFO  main            d.u.i.k.p.r.p.TestFile    Now processing file /home/runner/work/key/key/key.core/../key.ui/examples/heap/simple/anonymise_datagroup.key 
538        INFO  main            d.u.i.k.p.i.AbstractProblemLoader Loading environment from /home/runner/work/key/key/key.core/../key.ui/examples/heap/simple/anonymise_datagroup.key 
555        DEBUG main            d.u.i.k.p.i.AbstractProblemLoader Environment load took 1.91ms 
805        INFO  main            d.u.i.k.p.i.AbstractProblemLoader Creating init config 
1682       DEBUG main            d.u.i.k.j.TypeConverter   No LDT found for Meta 
1686       DEBUG main            d.u.i.k.j.TypeConverter   No LDT found for Meta 
1689       DEBUG main            d.u.i.k.j.TypeConverter   No LDT found for Meta 
1690       DEBUG main            d.u.i.k.j.TypeConverter   No LDT found for Meta 
3390       DEBUG main            d.u.i.k.j.TypeConverter   No LDT found for JavaBigintExpression 
8327       DEBUG main            d.u.i.k.p.i.AbstractProblemLoader Init config took 7.52s 
8388       INFO  main            d.u.i.k.p.i.AbstractProblemLoader Replaying proof anonymise_datagroup.key 
8418       DEBUG main            d.u.i.k.p.i.IntermediateProofReplayer Proof replay took 36.8ns 
8688       INFO  main            d.u.i.k.p.r.p.TestFile    ... finished proof: closed. 
8785       INFO  main            d.u.i.k.p.i.AbstractProblemLoader Loading environment from /home/runner/work/key/key/key.core/../key.ui/examples/heap/simple/anonymise_datagroup.key.proof 
8785       DEBUG main            d.u.i.k.p.i.AbstractProblemLoader Environment load took 158.8ns 
8789       INFO  main            d.u.i.k.p.i.AbstractProblemLoader Creating init config 
11432      DEBUG main            d.u.i.k.p.i.AbstractProblemLoader Init config took 2.64s 
11463      INFO  main            d.u.i.k.p.i.AbstractProblemLoader Replaying proof anonymise_datagroup.key.proof 
11489      DEBUG main            d.u.i.k.p.i.IntermediateProofReplayer Proof replay took 18.38ms 
11501      DEBUG main            d.u.i.k.p.r.p.TestFile    ... success: reloaded. 
11507      INFO  main            d.u.i.k.p.r.p.TestFile    Now processing file /home/runner/work/key/key/key.core/../key.ui/examples/heap/simple/array_creation.key 
11507      INFO  main            d.u.i.k.p.i.AbstractProblemLoader Loading environment from /home/runner/work/key/key/key.core/../key.ui/examples/heap/simple/array_creation.key 
11507      DEBUG main            d.u.i.k.p.i.AbstractProblemLoader Environment load took 133.1ns 
11514      INFO  main            d.u.i.k.p.i.AbstractProblemLoader Creating init config 
14210      DEBUG main            d.u.i.k.p.i.AbstractProblemLoader Init config took 2.7s 
14242      INFO  main            d.u.i.k.p.i.AbstractProblemLoader Replaying proof array_creation.key 
14246      DEBUG main            d.u.i.k.p.i.IntermediateProofReplayer Proof replay took 6.7ns 
14853      INFO  main            d.u.i.k.p.r.p.TestFile    ... finished proof: closed. 
14988      INFO  main            d.u.i.k.p.i.AbstractProblemLoader Loading environment from /home/runner/work/key/key/key.core/../key.ui/examples/heap/simple/array_creation.key.proof 
14989      DEBUG main            d.u.i.k.p.i.AbstractProblemLoader Environment load took 476.9ns 
14990      INFO  main            d.u.i.k.p.i.AbstractProblemLoader Creating init config 
17600      DEBUG main            d.u.i.k.p.i.AbstractProblemLoader Init config took 2.61s 
17625      INFO  main            d.u.i.k.p.i.AbstractProblemLoader Replaying proof array_creation.key.proof 
17714      DEBUG main            d.u.i.k.p.i.IntermediateProofReplayer Proof replay took 82.82ms 
17715      DEBUG main            d.u.i.k.p.r.p.TestFile    ... success: reloaded. 
17716      INFO  main            d.u.i.k.p.r.p.TestFile    Now processing file /home/runner/work/key/key/key.core/../key.ui/examples/heap/simple/arrays_with_disjoint_sorts.key 
17717      INFO  main            d.u.i.k.p.i.AbstractProblemLoader Loading environment from /home/runner/work/key/key/key.core/../key.ui/examples/heap/simple/arrays_with_disjoint_sorts.key 
17717      DEBUG main            d.u.i.k.p.i.AbstractProblemLoader Environment load took 210.2ns 
17719      INFO  main            d.u.i.k.p.i.AbstractProblemLoader Creating init config 
20269      DEBUG main            d.u.i.k.p.i.AbstractProblemLoader Init config took 2.55s 
20297      INFO  main            d.u.i.k.p.i.AbstractProblemLoader Replaying proof arrays_with_disjoint_sorts.key 
20301      DEBUG main            d.u.i.k.p.i.IntermediateProofReplayer Proof replay took 7ns 
20508      INFO  main            d.u.i.k.p.r.p.TestFile    ... finished proof: closed. 
20645      INFO  main            d.u.i.k.p.i.AbstractProblemLoader Loading environment from /home/runner/work/key/key/key.core/../key.ui/examples/heap/simple/arrays_with_disjoint_sorts.key.proof 
20645      DEBUG main            d.u.i.k.p.i.AbstractProblemLoader Environment load took 473.4ns 
20647      INFO  main            d.u.i.k.p.i.AbstractProblemLoader Creating init config 
23110      DEBUG main            d.u.i.k.p.i.AbstractProblemLoader Init config took 2.46s 
23132      INFO  main            d.u.i.k.p.i.AbstractProblemLoader Replaying proof arrays_with_disjoint_sorts.key.proof 
23156      DEBUG main            d.u.i.k.p.i.IntermediateProofReplayer Proof replay took 20.61ms 
23163      DEBUG main            d.u.i.k.p.r.p.TestFile    ... success: reloaded. 
23164      INFO  main            d.u.i.k.p.r.p.TestFile    Now processing file /home/runner/work/key/key/key.core/../key.ui/examples/heap/simple/arrays.key 
23165      INFO  main            d.u.i.k.p.i.AbstractProblemLoader Loading environment from /home/runner/work/key/key/key.core/../key.ui/examples/heap/simple/arrays.key 
23165      DEBUG main            d.u.i.k.p.i.AbstractProblemLoader Environment load took 207.7ns 
23167      INFO  main            d.u.i.k.p.i.AbstractProblemLoader Creating init config 
25679      DEBUG main            d.u.i.k.p.i.AbstractProblemLoader Init config took 2.51s 
25700      INFO  main            d.u.i.k.p.i.AbstractProblemLoader Replaying proof arrays.key 
25704      DEBUG main            d.u.i.k.p.i.IntermediateProofReplayer Proof replay took 14.2ns 
25809      INFO  main            d.u.i.k.p.r.p.TestFile    ... finished proof: closed. 
25951      INFO  main            d.u.i.k.p.i.AbstractProblemLoader Loading environment from /home/runner/work/key/key/key.core/../key.ui/examples/heap/simple/arrays.key.proof 
25952      DEBUG main            d.u.i.k.p.i.AbstractProblemLoader Environment load took 403.9ns 
25953      INFO  main            d.u.i.k.p.i.AbstractProblemLoader Creating init config 
28387      DEBUG main            d.u.i.k.p.i.AbstractProblemLoader Init config took 2.43s 
28408      INFO  main            d.u.i.k.p.i.AbstractProblemLoader Replaying proof arrays.key.proof 
28426      DEBUG main            d.u.i.k.p.i.IntermediateProofReplayer Proof replay took 14.9ms 
28428      DEBUG main            d.u.i.k.p.r.p.TestFile    ... success: reloaded. 
28429      INFO  main            d.u.i.k.p.r.p.TestFile    Now processing file /home/runner/work/key/key/key.core/../key.ui/examples/heap/simple/attributes.key 
28429      INFO  main            d.u.i.k.p.i.AbstractProblemLoader Loading environment from /home/runner/work/key/key/key.core/../key.ui/examples/heap/simple/attributes.key 
28430      DEBUG main            d.u.i.k.p.i.AbstractProblemLoader Environment load took 199.7ns 
28431      INFO  main            d.u.i.k.p.i.AbstractProblemLoader Creating init config 
30875      DEBUG main            d.u.i.k.p.i.AbstractProblemLoader Init config took 2.44s 
30895      INFO  main            d.u.i.k.p.i.AbstractProblemLoader Replaying proof attributes.key 
30897      DEBUG main            d.u.i.k.p.i.IntermediateProofReplayer Proof replay took 6.5ns 
31000      INFO  main            d.u.i.k.p.r.p.TestFile    ... finished proof: closed. 
31144      INFO  main            d.u.i.k.p.i.AbstractProblemLoader Loading environment from /home/runner/work/key/key/key.core/../key.ui/examples/heap/simple/attributes.key.proof 
31144      DEBUG main            d.u.i.k.p.i.AbstractProblemLoader Environment load took 115.1ns 
31145      INFO  main            d.u.i.k.p.i.AbstractProblemLoader Creating init config 
33567      DEBUG main            d.u.i.k.p.i.AbstractProblemLoader Init config took 2.42s 
33587      INFO  main            d.u.i.k.p.i.AbstractProblemLoader Replaying proof attributes.key.proof 
33590      DEBUG main            d.u.i.k.p.i.IntermediateProofReplayer Proof replay took 1.34ms 
33591      DEBUG main            d.u.i.k.p.r.p.TestFile    ... success: reloaded. 
33592      INFO  main            d.u.i.k.p.r.p.TestFile    Now processing file /home/runner/work/key/key/key.core/../key.ui/examples/heap/simple/constructor_contracts.key 
33592      INFO  main            d.u.i.k.p.i.AbstractProblemLoader Loading environment from /home/runner/work/key/key/key.core/../key.ui/examples/heap/simple/constructor_contracts.key 
33593      DEBUG main            d.u.i.k.p.i.AbstractProblemLoader Environment load took 193.6ns 
33595      INFO  main            d.u.i.k.p.i.AbstractProblemLoader Creating init config 
36441      DEBUG main            d.u.i.k.p.i.AbstractProblemLoader Init config took 2.85s 
36461      INFO  main            d.u.i.k.p.i.AbstractProblemLoader Replaying proof constructor_contracts.key 
36464      DEBUG main            d.u.i.k.p.i.IntermediateProofReplayer Proof replay took 6.6ns 
37071      INFO  main            d.u.i.k.p.r.p.TestFile    ... finished proof: closed. 
37231      INFO  main            d.u.i.k.p.i.AbstractProblemLoader Loading environment from /home/runner/work/key/key/key.core/../key.ui/examples/heap/simple/constructor_contracts.key.proof 
37231      DEBUG main            d.u.i.k.p.i.AbstractProblemLoader Environment load took 404.9ns 
37233      INFO  main            d.u.i.k.p.i.AbstractProblemLoader Creating init config 
39956      DEBUG main            d.u.i.k.p.i.AbstractProblemLoader Init config took 2.72s 
39977      INFO  main            d.u.i.k.p.i.AbstractProblemLoader Replaying proof constructor_contracts.key.proof 
40063      DEBUG main            d.u.i.k.p.i.IntermediateProofReplayer Proof replay took 81.87ms 
40065      DEBUG main            d.u.i.k.p.r.p.TestFile    ... success: reloaded. 
40067      INFO  main            d.u.i.k.p.r.p.TestFile    Now processing file /home/runner/work/key/key/key.core/../key.ui/examples/heap/simple/dependencies.key 
40067      INFO  main            d.u.i.k.p.i.AbstractProblemLoader Loading environment from /home/runner/work/key/key/key.core/../key.ui/examples/heap/simple/dependencies.key 
40067      DEBUG main            d.u.i.k.p.i.AbstractProblemLoader Environment load took 203.6ns 
40069      INFO  main            d.u.i.k.p.i.AbstractProblemLoader Creating init config 
42513      DEBUG main            d.u.i.k.p.i.AbstractProblemLoader Init config took 2.44s 
42530      INFO  main            d.u.i.k.p.i.AbstractProblemLoader Replaying proof dependencies.key 
42532      DEBUG main            d.u.i.k.p.i.IntermediateProofReplayer Proof replay took 6.6ns 
42634      INFO  main            d.u.i.k.p.r.p.TestFile    ... finished proof: closed. 
42810      INFO  main            d.u.i.k.p.i.AbstractProblemLoader Loading environment from /home/runner/work/key/key/key.core/../key.ui/examples/heap/simple/dependencies.key.proof 
42810      DEBUG main            d.u.i.k.p.i.AbstractProblemLoader Environment load took 117.8ns 
42812      INFO  main            d.u.i.k.p.i.AbstractProblemLoader Creating init config 
45203      DEBUG main            d.u.i.k.p.i.AbstractProblemLoader Init config took 2.39s 
45220      INFO  main            d.u.i.k.p.i.AbstractProblemLoader Replaying proof dependencies.key.proof 
45227      DEBUG main            d.u.i.k.p.i.IntermediateProofReplayer Proof replay took 5.28ms 
45228      DEBUG main            d.u.i.k.p.r.p.TestFile    ... success: reloaded. 
45229      INFO  main            d.u.i.k.p.r.p.TestFile    Now processing file /home/runner/work/key/key/key.core/../key.ui/examples/heap/simple/dependency_contracts.key 
45230      INFO  main            d.u.i.k.p.i.AbstractProblemLoader Loading environment from /home/runner/work/key/key/key.core/../key.ui/examples/heap/simple/dependency_contracts.key 
45230      DEBUG main            d.u.i.k.p.i.AbstractProblemLoader Environment load took 194.9ns 
45231      INFO  main            d.u.i.k.p.i.AbstractProblemLoader Creating init config 
47915      DEBUG main            d.u.i.k.p.i.AbstractProblemLoader Init config took 2.68s 
47933      INFO  main            d.u.i.k.p.i.AbstractProblemLoader Replaying proof dependency_contracts.key 
47935      DEBUG main            d.u.i.k.p.i.IntermediateProofReplayer Proof replay took 5.9ns 
49143      INFO  main            d.u.i.k.p.r.p.TestFile    ... finished proof: closed. 
49364      INFO  main            d.u.i.k.p.i.AbstractProblemLoader Loading environment from /home/runner/work/key/key/key.core/../key.ui/examples/heap/simple/dependency_contracts.key.proof 
49364      DEBUG main            d.u.i.k.p.i.AbstractProblemLoader Environment load took 426.9ns 
49366      INFO  main            d.u.i.k.p.i.AbstractProblemLoader Creating init config 
52043      DEBUG main            d.u.i.k.p.i.AbstractProblemLoader Init config took 2.68s 
52068      INFO  main            d.u.i.k.p.i.AbstractProblemLoader Replaying proof dependency_contracts.key.proof 
52269      DEBUG main            d.u.i.k.p.i.IntermediateProofReplayer Proof replay took 184.1ms 
52272      DEBUG main            d.u.i.k.p.r.p.TestFile    ... success: reloaded. 
52274      INFO  main            d.u.i.k.p.r.p.TestFile    Now processing file /home/runner/work/key/key/key.core/../key.ui/examples/heap/simple/invariant_preservation.key 
52276      INFO  main            d.u.i.k.p.i.AbstractProblemLoader Loading environment from /home/runner/work/key/key/key.core/../key.ui/examples/heap/simple/invariant_preservation.key 
52276      DEBUG main            d.u.i.k.p.i.AbstractProblemLoader Environment load took 273ns 
52278      INFO  main            d.u.i.k.p.i.AbstractProblemLoader Creating init config 
54933      DEBUG main            d.u.i.k.p.i.AbstractProblemLoader Init config took 2.66s 
54952      INFO  main            d.u.i.k.p.i.AbstractProblemLoader Replaying proof invariant_preservation.key 
54953      DEBUG main            d.u.i.k.p.i.IntermediateProofReplayer Proof replay took 6.4ns 
55156      INFO  main            d.u.i.k.p.r.p.TestFile    ... finished proof: closed. 
55357      INFO  main            d.u.i.k.p.i.AbstractProblemLoader Loading environment from /home/runner/work/key/key/key.core/../key.ui/examples/heap/simple/invariant_preservation.key.proof 
55357      DEBUG main            d.u.i.k.p.i.AbstractProblemLoader Environment load took 113ns 
55359      INFO  main            d.u.i.k.p.i.AbstractProblemLoader Creating init config 
57992      DEBUG main            d.u.i.k.p.i.AbstractProblemLoader Init config took 2.63s 
58010      INFO  main            d.u.i.k.p.i.AbstractProblemLoader Replaying proof invariant_preservation.key.proof 
58033      DEBUG main            d.u.i.k.p.i.IntermediateProofReplayer Proof replay took 21.13ms 
58035      DEBUG main            d.u.i.k.p.r.p.TestFile    ... success: reloaded. 
58036      INFO  main            d.u.i.k.p.r.p.TestFile    Now processing file /home/runner/work/key/key/key.core/../key.ui/examples/heap/simple/locsets.key 
58036      INFO  main            d.u.i.k.p.i.AbstractProblemLoader Loading environment from /home/runner/work/key/key/key.core/../key.ui/examples/heap/simple/locsets.key 
58036      DEBUG main            d.u.i.k.p.i.AbstractProblemLoader Environment load took 71.5ns 
58037      INFO  main            d.u.i.k.p.i.AbstractProblemLoader Creating init config 
60443      DEBUG main            d.u.i.k.p.i.AbstractProblemLoader Init config took 2.41s 
60458      INFO  main            d.u.i.k.p.i.AbstractProblemLoader Replaying proof locsets.key 
60460      DEBUG main            d.u.i.k.p.i.IntermediateProofReplayer Proof replay took 6.4ns 
60562      INFO  main            d.u.i.k.p.r.p.TestFile    ... finished proof: closed. 
60741      INFO  main            d.u.i.k.p.i.AbstractProblemLoader Loading environment from /home/runner/work/key/key/key.core/../key.ui/examples/heap/simple/locsets.key.proof 
60741      DEBUG main            d.u.i.k.p.i.AbstractProblemLoader Environment load took 109.4ns 
60742      INFO  main            d.u.i.k.p.i.AbstractProblemLoader Creating init config 
63060      DEBUG main            d.u.i.k.p.i.AbstractProblemLoader Init config took 2.32s 
63075      INFO  main            d.u.i.k.p.i.AbstractProblemLoader Replaying proof locsets.key.proof 
63077      DEBUG main            d.u.i.k.p.i.IntermediateProofReplayer Proof replay took 1.11ms 
63078      DEBUG main            d.u.i.k.p.r.p.TestFile    ... success: reloaded. 
63079      INFO  main            d.u.i.k.p.r.p.TestFile    Now processing file /home/runner/work/key/key/key.core/../key.ui/examples/heap/simple/loop1.key 
63079      INFO  main            d.u.i.k.p.i.AbstractProblemLoader Loading environment from /home/runner/work/key/key/key.core/../key.ui/examples/heap/simple/loop1.key 
63079      DEBUG main            d.u.i.k.p.i.AbstractProblemLoader Environment load took 92.6ns 
63080      INFO  main            d.u.i.k.p.i.AbstractProblemLoader Creating init config 
65715      DEBUG main            d.u.i.k.p.i.AbstractProblemLoader Init config took 2.63s 
65731      INFO  main            d.u.i.k.p.i.AbstractProblemLoader Replaying proof loop1.key 
65732      DEBUG main            d.u.i.k.p.i.IntermediateProofReplayer Proof replay took 6.2ns 
65936      INFO  main            d.u.i.k.p.r.p.TestFile    ... finished proof: closed. 
66114      INFO  main            d.u.i.k.p.i.AbstractProblemLoader Loading environment from /home/runner/work/key/key/key.core/../key.ui/examples/heap/simple/loop1.key.proof 
66115      DEBUG main            d.u.i.k.p.i.AbstractProblemLoader Environment load took 110.2ns 
66116      INFO  main            d.u.i.k.p.i.AbstractProblemLoader Creating init config 
68724      DEBUG main            d.u.i.k.p.i.AbstractProblemLoader Init config took 2.61s 
68742      INFO  main            d.u.i.k.p.i.AbstractProblemLoader Replaying proof loop1.key.proof 
68800      DEBUG main            d.u.i.k.p.i.IntermediateProofReplayer Proof replay took 56.01ms 
68802      DEBUG main            d.u.i.k.p.r.p.TestFile    ... success: reloaded. 
68803      INFO  main            d.u.i.k.p.r.p.TestFile    Now processing file /home/runner/work/key/key/key.core/../key.ui/examples/heap/simple/loop2.key 
68803      INFO  main            d.u.i.k.p.i.AbstractProblemLoader Loading environment from /home/runner/work/key/key/key.core/../key.ui/examples/heap/simple/loop2.key 
68803      DEBUG main            d.u.i.k.p.i.AbstractProblemLoader Environment load took 103.4ns 
68804      INFO  main            d.u.i.k.p.i.AbstractProblemLoader Creating init config 
71406      DEBUG main            d.u.i.k.p.i.AbstractProblemLoader Init config took 2.6s 
71422      INFO  main            d.u.i.k.p.i.AbstractProblemLoader Replaying proof loop2.key 
71425      DEBUG main            d.u.i.k.p.i.IntermediateProofReplayer Proof replay took 6.9ns 
71929      INFO  main            d.u.i.k.p.r.p.TestFile    ... finished proof: closed. 
72126      INFO  main            d.u.i.k.p.i.AbstractProblemLoader Loading environment from /home/runner/work/key/key/key.core/../key.ui/examples/heap/simple/loop2.key.proof 
72127      DEBUG main            d.u.i.k.p.i.AbstractProblemLoader Environment load took 592ns 
72128      INFO  main            d.u.i.k.p.i.AbstractProblemLoader Creating init config 
74693      DEBUG main            d.u.i.k.p.i.AbstractProblemLoader Init config took 2.56s 
74708      INFO  main            d.u.i.k.p.i.AbstractProblemLoader Replaying proof loop2.key.proof 
74786      DEBUG main            d.u.i.k.p.i.IntermediateProofReplayer Proof replay took 73.68ms 
74788      DEBUG main            d.u.i.k.p.r.p.TestFile    ... success: reloaded. 
74789      INFO  main            d.u.i.k.p.r.p.TestFile    Now processing file /home/runner/work/key/key/key.core/../key.ui/examples/heap/simple/modifies_datagroup.key 
74790      INFO  main            d.u.i.k.p.i.AbstractProblemLoader Loading environment from /home/runner/work/key/key/key.core/../key.ui/examples/heap/simple/modifies_datagroup.key 
74790      DEBUG main            d.u.i.k.p.i.AbstractProblemLoader Environment load took 192.7ns 
74791      INFO  main            d.u.i.k.p.i.AbstractProblemLoader Creating init config 
77140      DEBUG main            d.u.i.k.p.i.AbstractProblemLoader Init config took 2.35s 
77154      INFO  main            d.u.i.k.p.i.AbstractProblemLoader Replaying proof modifies_datagroup.key 
77156      DEBUG main            d.u.i.k.p.i.IntermediateProofReplayer Proof replay took 5.6ns 
77257      INFO  main            d.u.i.k.p.r.p.TestFile    ... finished proof: closed. 
77458      INFO  main            d.u.i.k.p.i.AbstractProblemLoader Loading environment from /home/runner/work/key/key/key.core/../key.ui/examples/heap/simple/modifies_datagroup.key.proof 
77458      DEBUG main            d.u.i.k.p.i.AbstractProblemLoader Environment load took 107.2ns 
77460      INFO  main            d.u.i.k.p.i.AbstractProblemLoader Creating init config 
79789      DEBUG main            d.u.i.k.p.i.AbstractProblemLoader Init config took 2.33s 
79803      INFO  main            d.u.i.k.p.i.AbstractProblemLoader Replaying proof modifies_datagroup.key.proof 
79812      DEBUG main            d.u.i.k.p.i.IntermediateProofReplayer Proof replay took 6.31ms 
79813      DEBUG main            d.u.i.k.p.r.p.TestFile    ... success: reloaded. 
79814      INFO  main            d.u.i.k.p.r.p.TestFile    Now processing file /home/runner/work/key/key/key.core/../key.ui/examples/heap/simple/modifies.key 
79814      INFO  main            d.u.i.k.p.i.AbstractProblemLoader Loading environment from /home/runner/work/key/key/key.core/../key.ui/examples/heap/simple/modifies.key 
79814      DEBUG main            d.u.i.k.p.i.AbstractProblemLoader Environment load took 193.8ns 
79816      INFO  main            d.u.i.k.p.i.AbstractProblemLoader Creating init config 
82198      DEBUG main            d.u.i.k.p.i.AbstractProblemLoader Init config took 2.38s 
82212      INFO  main            d.u.i.k.p.i.AbstractProblemLoader Replaying proof modifies.key 
82213      DEBUG main            d.u.i.k.p.i.IntermediateProofReplayer Proof replay took 6.2ns 
82316      INFO  main            d.u.i.k.p.r.p.TestFile    ... finished proof: closed. 
82513      INFO  main            d.u.i.k.p.i.AbstractProblemLoader Loading environment from /home/runner/work/key/key/key.core/../key.ui/examples/heap/simple/modifies.key.proof 
82513      DEBUG main            d.u.i.k.p.i.AbstractProblemLoader Environment load took 107.2ns 
82514      INFO  main            d.u.i.k.p.i.AbstractProblemLoader Creating init config 
84827      DEBUG main            d.u.i.k.p.i.AbstractProblemLoader Init config took 2.31s 
84841      INFO  main            d.u.i.k.p.i.AbstractProblemLoader Replaying proof modifies.key.proof 
84852      DEBUG main            d.u.i.k.p.i.IntermediateProofReplayer Proof replay took 10.12ms 
84854      DEBUG main            d.u.i.k.p.r.p.TestFile    ... success: reloaded. 
84855      INFO  main            d.u.i.k.p.r.p.TestFile    Now processing file /home/runner/work/key/key/key.core/../key.ui/examples/heap/simple/object_creation.key 
84856      INFO  main            d.u.i.k.p.i.AbstractProblemLoader Loading environment from /home/runner/work/key/key/key.core/../key.ui/examples/heap/simple/object_creation.key 
84856      DEBUG main            d.u.i.k.p.i.AbstractProblemLoader Environment load took 192.1ns 
84857      INFO  main            d.u.i.k.p.i.AbstractProblemLoader Creating init config 
87232      DEBUG main            d.u.i.k.p.i.AbstractProblemLoader Init config took 2.37s 
87245      INFO  main            d.u.i.k.p.i.AbstractProblemLoader Replaying proof object_creation.key 
87247      DEBUG main            d.u.i.k.p.i.IntermediateProofReplayer Proof replay took 7ns 
87452      INFO  main            d.u.i.k.p.r.p.TestFile    ... finished proof: closed. 
87655      INFO  main            d.u.i.k.p.i.AbstractProblemLoader Loading environment from /home/runner/work/key/key/key.core/../key.ui/examples/heap/simple/object_creation.key.proof 
87655      DEBUG main            d.u.i.k.p.i.AbstractProblemLoader Environment load took 107.1ns 
87656      INFO  main            d.u.i.k.p.i.AbstractProblemLoader Creating init config 
89992      DEBUG main            d.u.i.k.p.i.AbstractProblemLoader Init config took 2.34s 
90006      INFO  main            d.u.i.k.p.i.AbstractProblemLoader Replaying proof object_creation.key.proof 
90057      DEBUG main            d.u.i.k.p.i.IntermediateProofReplayer Proof replay took 48.07ms 
90058      DEBUG main            d.u.i.k.p.r.p.TestFile    ... success: reloaded. 
90059      INFO  main            d.u.i.k.p.r.p.TestFile    Now processing file /home/runner/work/key/key/key.core/../key.ui/examples/heap/simple/operation_contracts.key 
90059      INFO  main            d.u.i.k.p.i.AbstractProblemLoader Loading environment from /home/runner/work/key/key/key.core/../key.ui/examples/heap/simple/operation_contracts.key 
90059      DEBUG main            d.u.i.k.p.i.AbstractProblemLoader Environment load took 117.7ns 
90060      INFO  main            d.u.i.k.p.i.AbstractProblemLoader Creating init config 
92670      DEBUG main            d.u.i.k.p.i.AbstractProblemLoader Init config took 2.61s 
92686      INFO  main            d.u.i.k.p.i.AbstractProblemLoader Replaying proof operation_contracts.key 
92687      DEBUG main            d.u.i.k.p.i.IntermediateProofReplayer Proof replay took 6.4ns 
93522      INFO  main            d.u.i.k.p.r.p.TestFile    ... finished proof: closed. 
93739      INFO  main            d.u.i.k.p.i.AbstractProblemLoader Loading environment from /home/runner/work/key/key/key.core/../key.ui/examples/heap/simple/operation_contracts.key.proof 
93740      DEBUG main            d.u.i.k.p.i.AbstractProblemLoader Environment load took 114.2ns 
93748      INFO  main            d.u.i.k.p.i.AbstractProblemLoader Creating init config 
96295      DEBUG main            d.u.i.k.p.i.AbstractProblemLoader Init config took 2.55s 
96310      INFO  main            d.u.i.k.p.i.AbstractProblemLoader Replaying proof operation_contracts.key.proof 
96417      DEBUG main            d.u.i.k.p.i.IntermediateProofReplayer Proof replay took 100.48ms 
96419      DEBUG main            d.u.i.k.p.r.p.TestFile    ... success: reloaded. 
96420      INFO  main            d.u.i.k.p.r.p.TestFile    Now processing file /home/runner/work/key/key/key.core/../key.ui/examples/heap/simple/select_store.key 
96421      INFO  main            d.u.i.k.p.i.AbstractProblemLoader Loading environment from /home/runner/work/key/key/key.core/../key.ui/examples/heap/simple/select_store.key 
96421      DEBUG main            d.u.i.k.p.i.AbstractProblemLoader Environment load took 203.1ns 
96422      INFO  main            d.u.i.k.p.i.AbstractProblemLoader Creating init config 
98763      DEBUG main            d.u.i.k.p.i.AbstractProblemLoader Init config took 2.34s 
98778      INFO  main            d.u.i.k.p.i.AbstractProblemLoader Replaying proof select_store.key 
98779      DEBUG main            d.u.i.k.p.i.IntermediateProofReplayer Proof replay took 6.7ns 
98882      INFO  main            d.u.i.k.p.r.p.TestFile    ... finished proof: closed. 
99107      INFO  main            d.u.i.k.p.i.AbstractProblemLoader Loading environment from /home/runner/work/key/key/key.core/../key.ui/examples/heap/simple/select_store.key.proof 
99107      DEBUG main            d.u.i.k.p.i.AbstractProblemLoader Environment load took 150.4ns 
99109      INFO  main            d.u.i.k.p.i.AbstractProblemLoader Creating init config 
101408     DEBUG main            d.u.i.k.p.i.AbstractProblemLoader Init config took 2.3s 
101424     INFO  main            d.u.i.k.p.i.AbstractProblemLoader Replaying proof select_store.key.proof 
101431     DEBUG main            d.u.i.k.p.i.IntermediateProofReplayer Proof replay took 5.22ms 
101433     DEBUG main            d.u.i.k.p.r.p.TestFile    ... success: reloaded. 
101435     INFO  main            d.u.i.k.p.r.p.TestFile    Now processing file /home/runner/work/key/key/key.core/../key.ui/examples/heap/simple/selection_sort.key 
101435     INFO  main            d.u.i.k.p.i.AbstractProblemLoader Loading environment from /home/runner/work/key/key/key.core/../key.ui/examples/heap/simple/selection_sort.key 
101435     DEBUG main            d.u.i.k.p.i.AbstractProblemLoader Environment load took 217.3ns 
101437     INFO  main            d.u.i.k.p.i.AbstractProblemLoader Creating init config 
104007     DEBUG main            d.u.i.k.p.i.AbstractProblemLoader Init config took 2.57s 
104021     INFO  main            d.u.i.k.p.i.AbstractProblemLoader Replaying proof selection_sort.key 
104023     DEBUG main            d.u.i.k.p.i.IntermediateProofReplayer Proof replay took 6.2ns 
107463     INFO  main            d.u.i.k.p.r.p.TestFile    ... finished proof: closed. 
107709     INFO  main            d.u.i.k.p.i.AbstractProblemLoader Loading environment from /home/runner/work/key/key/key.core/../key.ui/examples/heap/simple/selection_sort.key.proof 
107709     DEBUG main            d.u.i.k.p.i.AbstractProblemLoader Environment load took 407ns 
107711     INFO  main            d.u.i.k.p.i.AbstractProblemLoader Creating init config 
110225     DEBUG main            d.u.i.k.p.i.AbstractProblemLoader Init config took 2.51s 
110240     INFO  main            d.u.i.k.p.i.AbstractProblemLoader Replaying proof selection_sort.key.proof 
110632     DEBUG main            d.u.i.k.p.i.IntermediateProofReplayer Proof replay took 370.96ms 
110634     DEBUG main            d.u.i.k.p.r.p.TestFile    ... success: reloaded. 
110635     INFO  main            d.u.i.k.p.r.p.TestFile    Now processing file /home/runner/work/key/key/key.core/../key.ui/examples/heap/simple/seq.key 
110635     INFO  main            d.u.i.k.p.i.AbstractProblemLoader Loading environment from /home/runner/work/key/key/key.core/../key.ui/examples/heap/simple/seq.key 
110635     DEBUG main            d.u.i.k.p.i.AbstractProblemLoader Environment load took 212.1ns 
110636     INFO  main            d.u.i.k.p.i.AbstractProblemLoader Creating init config 
112993     DEBUG main            d.u.i.k.p.i.AbstractProblemLoader Init config took 2.36s 
113008     INFO  main            d.u.i.k.p.i.AbstractProblemLoader Replaying proof seq.key 
113011     DEBUG main            d.u.i.k.p.i.IntermediateProofReplayer Proof replay took 8.1ns 
113414     INFO  main            d.u.i.k.p.r.p.TestFile    ... finished proof: closed. 
113709     INFO  main            d.u.i.k.p.i.AbstractProblemLoader Loading environment from /home/runner/work/key/key/key.core/../key.ui/examples/heap/simple/seq.key.proof 
113710     DEBUG main            d.u.i.k.p.i.AbstractProblemLoader Environment load took 538ns 
113712     INFO  main            d.u.i.k.p.i.AbstractProblemLoader Creating init config 
115985     DEBUG main            d.u.i.k.p.i.AbstractProblemLoader Init config took 2.27s 
116003     INFO  main            d.u.i.k.p.i.AbstractProblemLoader Replaying proof seq.key.proof 
116036     DEBUG main            d.u.i.k.p.i.IntermediateProofReplayer Proof replay took 27.96ms 
116037     DEBUG main            d.u.i.k.p.r.p.TestFile    ... success: reloaded. 
116037     INFO  main            d.u.i.k.p.r.p.TestFile    Now processing file /home/runner/work/key/key/key.core/../key.ui/examples/heap/simple/oldForParams.key 
116038     INFO  main            d.u.i.k.p.i.AbstractProblemLoader Loading environment from /home/runner/work/key/key/key.core/../key.ui/examples/heap/simple/oldForParams.key 
116038     DEBUG main            d.u.i.k.p.i.AbstractProblemLoader Environment load took 109.9ns 
116039     INFO  main            d.u.i.k.p.i.AbstractProblemLoader Creating init config 
118595     DEBUG main            d.u.i.k.p.i.AbstractProblemLoader Init config took 2.56s 
118654     INFO  main            d.u.i.k.p.i.AbstractProblemLoader Replaying proof OldForParameters[OldForParameters::method(int)].JML operation contract.0 
118656     DEBUG main            d.u.i.k.p.i.IntermediateProofReplayer Proof replay took 6.2ns 
118861     INFO  main            d.u.i.k.p.r.p.TestFile    ... finished proof: closed. 
119096     INFO  main            d.u.i.k.p.i.AbstractProblemLoader Loading environment from /home/runner/work/key/key/key.core/../key.ui/examples/heap/simple/oldForParams.key.proof 
119096     DEBUG main            d.u.i.k.p.i.AbstractProblemLoader Environment load took 101.9ns 
119097     INFO  main            d.u.i.k.p.i.AbstractProblemLoader Creating init config 
121609     DEBUG main            d.u.i.k.p.i.AbstractProblemLoader Init config took 2.51s 
121646     INFO  main            d.u.i.k.p.i.AbstractProblemLoader Replaying proof OldForParameters[OldForParameters::method(int)].JML operation contract.0 
121681     DEBUG main            d.u.i.k.p.i.IntermediateProofReplayer Proof replay took 32.37ms 
121682     DEBUG main            d.u.i.k.p.r.p.TestFile    ... success: reloaded. 
121682     INFO  main            d.u.i.k.p.r.p.TestFile    Now processing file /home/runner/work/key/key/key.core/../key.ui/examples/heap/simple/parse_lmtd.key 
121683     INFO  main            d.u.i.k.p.i.AbstractProblemLoader Loading environment from /home/runner/work/key/key/key.core/../key.ui/examples/heap/simple/parse_lmtd.key 
121683     DEBUG main            d.u.i.k.p.i.AbstractProblemLoader Environment load took 111.8ns 
121684     INFO  main            d.u.i.k.p.i.AbstractProblemLoader Creating init config 
124262     DEBUG main            d.u.i.k.p.i.AbstractProblemLoader Init config took 2.58s 
124300     INFO  main            d.u.i.k.p.i.AbstractProblemLoader Replaying proof ParseLmtd[ParseLmtd::simple(int)].JML normal_behavior operation contract.0 
124302     DEBUG main            d.u.i.k.p.i.IntermediateProofReplayer Proof replay took 6ns 
124404     INFO  main            d.u.i.k.p.r.p.TestFile    ... finished proof: closed. 
124663     INFO  main            d.u.i.k.p.i.AbstractProblemLoader Loading environment from /home/runner/work/key/key/key.core/../key.ui/examples/heap/simple/parse_lmtd.key.proof 
124663     DEBUG main            d.u.i.k.p.i.AbstractProblemLoader Environment load took 106.3ns 
124664     INFO  main            d.u.i.k.p.i.AbstractProblemLoader Creating init config 
127177     DEBUG main            d.u.i.k.p.i.AbstractProblemLoader Init config took 2.51s 
127215     INFO  main            d.u.i.k.p.i.AbstractProblemLoader Replaying proof ParseLmtd[ParseLmtd::simple(int)].JML normal_behavior operation contract.0 
127233     DEBUG main            d.u.i.k.p.i.IntermediateProofReplayer Proof replay took 15.78ms 
127234     DEBUG main            d.u.i.k.p.r.p.TestFile    ... success: reloaded. 
127234     INFO  main            d.u.i.k.p.r.p.TestFile    Now processing file /home/runner/work/key/key/key.core/../key.ui/examples/heap/strictly_pure/strictlyPureMethod.key 
127235     INFO  main            d.u.i.k.p.i.AbstractProblemLoader Loading environment from /home/runner/work/key/key/key.core/../key.ui/examples/heap/strictly_pure/strictlyPureMethod.key 
127235     DEBUG main            d.u.i.k.p.i.AbstractProblemLoader Environment load took 79.8ns 
127236     INFO  main            d.u.i.k.p.i.AbstractProblemLoader Creating init config 
129692     DEBUG main            d.u.i.k.p.i.AbstractProblemLoader Init config took 2.46s 
129727     INFO  main            d.u.i.k.p.i.AbstractProblemLoader Replaying proof StrictlyPure[StrictlyPure::strictlyPureMethod()].JML operation contract.0 
129729     DEBUG main            d.u.i.k.p.i.IntermediateProofReplayer Proof replay took 5.9ns 
129930     INFO  main            d.u.i.k.p.r.p.TestFile    ... finished proof: closed. 
130195     INFO  main            d.u.i.k.p.i.AbstractProblemLoader Loading environment from /home/runner/work/key/key/key.core/../key.ui/examples/heap/strictly_pure/strictlyPureMethod.key.proof 
130195     DEBUG main            d.u.i.k.p.i.AbstractProblemLoader Environment load took 424.9ns 
130196     INFO  main            d.u.i.k.p.i.AbstractProblemLoader Creating init config 
132553     DEBUG main            d.u.i.k.p.i.AbstractProblemLoader Init config took 2.36s 
132587     INFO  main            d.u.i.k.p.i.AbstractProblemLoader Replaying proof StrictlyPure[StrictlyPure::strictlyPureMethod()].JML operation contract.0 
132615     DEBUG main            d.u.i.k.p.i.IntermediateProofReplayer Proof replay took 25.38ms 
132616     DEBUG main            d.u.i.k.p.r.p.TestFile    ... success: reloaded. 
132617     INFO  main            d.u.i.k.p.r.p.TestFile    Now processing file /home/runner/work/key/key/key.core/../key.ui/examples/heap/strictly_pure/useStrictlyPureMethod.key 
132617     INFO  main            d.u.i.k.p.i.AbstractProblemLoader Loading environment from /home/runner/work/key/key/key.core/../key.ui/examples/heap/strictly_pure/useStrictlyPureMethod.key 
132617     DEBUG main            d.u.i.k.p.i.AbstractProblemLoader Environment load took 205.2ns 
132618     INFO  main            d.u.i.k.p.i.AbstractProblemLoader Creating init config 
135063     DEBUG main            d.u.i.k.p.i.AbstractProblemLoader Init config took 2.44s 
135098     INFO  main            d.u.i.k.p.i.AbstractProblemLoader Replaying proof StrictlyPure[StrictlyPure::useStrictlyPureMethod(StrictlyPureClass)].JML operation contract.0 
135099     DEBUG main            d.u.i.k.p.i.IntermediateProofReplayer Proof replay took 6.2ns 
135302     INFO  main            d.u.i.k.p.r.p.TestFile    ... finished proof: closed. 
135596     INFO  main            d.u.i.k.p.i.AbstractProblemLoader Loading environment from /home/runner/work/key/key/key.core/../key.ui/examples/heap/strictly_pure/useStrictlyPureMethod.key.proof 
135596     DEBUG main            d.u.i.k.p.i.AbstractProblemLoader Environment load took 115.9ns 
135597     INFO  main            d.u.i.k.p.i.AbstractProblemLoader Creating init config 
138023     DEBUG main            d.u.i.k.p.i.AbstractProblemLoader Init config took 2.43s 
138057     INFO  main            d.u.i.k.p.i.AbstractProblemLoader Replaying proof StrictlyPure[StrictlyPure::useStrictlyPureMethod(StrictlyPureClass)].JML operation contract.0 
138099     DEBUG main            d.u.i.k.p.i.IntermediateProofReplayer Proof replay took 38.84ms 
138100     DEBUG main            d.u.i.k.p.r.p.TestFile    ... success: reloaded. 
138101     INFO  main            d.u.i.k.p.r.p.TestFile    Now processing file /home/runner/work/key/key/key.core/../key.ui/examples/heap/Wellfounded/ackermann.key 
138101     INFO  main            d.u.i.k.p.i.AbstractProblemLoader Loading environment from /home/runner/work/key/key/key.core/../key.ui/examples/heap/Wellfounded/ackermann.key 
138101     DEBUG main            d.u.i.k.p.i.AbstractProblemLoader Environment load took 86.9ns 
138102     INFO  main            d.u.i.k.p.i.AbstractProblemLoader Creating init config 
140608     DEBUG main            d.u.i.k.p.i.AbstractProblemLoader Init config took 2.51s 
140656     INFO  main            d.u.i.k.p.i.AbstractProblemLoader Replaying proof Ackermann[Ackermann::a(int,int)].JML normal_behavior operation contract.0 
140658     DEBUG main            d.u.i.k.p.i.IntermediateProofReplayer Proof replay took 6.2ns 
140978     INFO  main            d.u.i.k.p.r.p.TestFile    ... finished proof: closed. 
141229     INFO  main            d.u.i.k.p.i.AbstractProblemLoader Loading environment from /home/runner/work/key/key/key.core/../key.ui/examples/heap/Wellfounded/ackermann.key.proof 
141229     DEBUG main            d.u.i.k.p.i.AbstractProblemLoader Environment load took 98.4ns 
141230     INFO  main            d.u.i.k.p.i.AbstractProblemLoader Creating init config 
143604     DEBUG main            d.u.i.k.p.i.AbstractProblemLoader Init config took 2.37s 
143639     INFO  main            d.u.i.k.p.i.AbstractProblemLoader Replaying proof Ackermann[Ackermann::a(int,int)].JML normal_behavior operation contract.0 
143692     DEBUG main            d.u.i.k.p.i.IntermediateProofReplayer Proof replay took 48.9ms 
143693     DEBUG main            d.u.i.k.p.r.p.TestFile    ... success: reloaded. 
143694     INFO  main            d.u.i.k.p.r.p.TestFile    Now processing file /home/runner/work/key/key/key.core/../key.ui/examples/standard_key/unicode_test.key 
143695     INFO  main            d.u.i.k.p.i.AbstractProblemLoader Loading environment from /home/runner/work/key/key/key.core/../key.ui/examples/standard_key/unicode_test.key 
143695     DEBUG main            d.u.i.k.p.i.AbstractProblemLoader Environment load took 86ns 
143698     INFO  main            d.u.i.k.p.i.AbstractProblemLoader Creating init config 
146046     DEBUG main            d.u.i.k.p.i.AbstractProblemLoader Init config took 2.35s 
146059     INFO  main            d.u.i.k.p.i.AbstractProblemLoader Replaying proof unicode_test.key 
146060     DEBUG main            d.u.i.k.p.i.IntermediateProofReplayer Proof replay took 5.5ns 
146164     INFO  main            d.u.i.k.p.r.p.TestFile    ... finished proof: closed. 
146415     INFO  main            d.u.i.k.p.i.AbstractProblemLoader Loading environment from /home/runner/work/key/key/key.core/../key.ui/examples/standard_key/unicode_test.key.proof 
146415     DEBUG main            d.u.i.k.p.i.AbstractProblemLoader Environment load took 101.5ns 
146416     INFO  main            d.u.i.k.p.i.AbstractProblemLoader Creating init config 
148686     DEBUG main            d.u.i.k.p.i.AbstractProblemLoader Init config took 2.27s 
148699     INFO  main            d.u.i.k.p.i.AbstractProblemLoader Replaying proof unicode_test.key.proof 
148701     DEBUG main            d.u.i.k.p.i.IntermediateProofReplayer Proof replay took 299.8ns 
148702     DEBUG main            d.u.i.k.p.r.p.TestFile    ... success: reloaded. 
148703     INFO  main            d.u.i.k.p.r.p.TestFile    Now processing file /home/runner/work/key/key/key.core/../key.ui/examples/heap/strictlyModular/mayExpand.key 
148703     INFO  main            d.u.i.k.p.i.AbstractProblemLoader Loading environment from /home/runner/work/key/key/key.core/../key.ui/examples/heap/strictlyModular/mayExpand.key 
148703     DEBUG main            d.u.i.k.p.i.AbstractProblemLoader Environment load took 312.1ns 
148704     INFO  main            d.u.i.k.p.i.AbstractProblemLoader Creating init config 
151074     DEBUG main            d.u.i.k.p.i.AbstractProblemLoader Init config took 2.37s 
151108     INFO  main            d.u.i.k.p.i.AbstractProblemLoader Replaying proof Modular[Modular::m()].JML operation contract.0 
151109     DEBUG main            d.u.i.k.p.i.IntermediateProofReplayer Proof replay took 6.9ns 
151213     INFO  main            d.u.i.k.p.r.p.TestFile    ... finished proof: closed. 
151493     INFO  main            d.u.i.k.p.i.AbstractProblemLoader Loading environment from /home/runner/work/key/key/key.core/../key.ui/examples/heap/strictlyModular/mayExpand.key.proof 
151493     DEBUG main            d.u.i.k.p.i.AbstractProblemLoader Environment load took 108.4ns 
151494     INFO  main            d.u.i.k.p.i.AbstractProblemLoader Creating init config 
153823     DEBUG main            d.u.i.k.p.i.AbstractProblemLoader Init config took 2.33s 
153856     INFO  main            d.u.i.k.p.i.AbstractProblemLoader Replaying proof Modular[Modular::m()].JML operation contract.0 
153869     DEBUG main            d.u.i.k.p.i.IntermediateProofReplayer Proof replay took 10.43ms 
153869     DEBUG main            d.u.i.k.p.r.p.TestFile    ... success: reloaded. 
153870     INFO  main            d.u.i.k.p.r.p.TestFile    Now processing file /home/runner/work/key/key/key.core/../key.ui/examples/heap/strictlyModular/modularOnly.key 
153870     INFO  main            d.u.i.k.p.i.AbstractProblemLoader Loading environment from /home/runner/work/key/key/key.core/../key.ui/examples/heap/strictlyModular/modularOnly.key 
153871     DEBUG main            d.u.i.k.p.i.AbstractProblemLoader Environment load took 81.2ns 
153871     INFO  main            d.u.i.k.p.i.AbstractProblemLoader Creating init config 
156242     DEBUG main            d.u.i.k.p.i.AbstractProblemLoader Init config took 2.37s 
156275     INFO  main            d.u.i.k.p.i.AbstractProblemLoader Replaying proof Modular[Modular::m()].JML operation contract.0 
156276     DEBUG main            d.u.i.k.p.i.IntermediateProofReplayer Proof replay took 6.5ns 
156379     INFO  main            d.u.i.k.p.r.p.TestFile    ... finished proof: open goal(s) 
1804508    INFO  Test worker     d.u.i.k.p.r.p.StatisticsFile Returning from test simpleTests 
1804511    INFO  Test worker     d.u.i.k.p.r.p.StatisticsFile Running test SmansEtAl 
388        INFO  Timeout watchdog d.u.i.k.p.r.p.ForkedTestFileRunner Timeout watcher launched (2000 secs.) 
403        WARN  main            d.u.i.k.s.ProofSettings   The settings in /home/runner/.key/proof-settings.props are *not* read. 
450        INFO  main            d.u.i.k.p.r.p.TestFile    Now processing file /home/runner/work/key/key/key.core/../key.ui/examples/heap/SmansEtAl/ArrayList_add.key 
562        INFO  main            d.u.i.k.p.i.AbstractProblemLoader Loading environment from /home/runner/work/key/key/key.core/../key.ui/examples/heap/SmansEtAl/ArrayList_add.key 
589        DEBUG main            d.u.i.k.p.i.AbstractProblemLoader Environment load took 1.87ms 
800        INFO  main            d.u.i.k.p.i.AbstractProblemLoader Creating init config 
1815       DEBUG main            d.u.i.k.j.TypeConverter   No LDT found for Meta 
1816       DEBUG main            d.u.i.k.j.TypeConverter   No LDT found for Meta 
1819       DEBUG main            d.u.i.k.j.TypeConverter   No LDT found for Meta 
1820       DEBUG main            d.u.i.k.j.TypeConverter   No LDT found for Meta 
3709       DEBUG main            d.u.i.k.j.TypeConverter   No LDT found for JavaBigintExpression 
8749       DEBUG main            d.u.i.k.p.i.AbstractProblemLoader Init config took 7.95s 
8956       INFO  main            d.u.i.k.p.i.AbstractProblemLoader Replaying proof ArrayList[ArrayList::add(java.lang.Object)].JML normal_behavior operation contract.0 
8992       DEBUG main            d.u.i.k.p.i.IntermediateProofReplayer Proof replay took 32.6ns 
15692      INFO  main            d.u.i.k.p.r.p.TestFile    ... finished proof: closed. 
15943      INFO  main            d.u.i.k.p.i.AbstractProblemLoader Loading environment from /home/runner/work/key/key/key.core/../key.ui/examples/heap/SmansEtAl/ArrayList_add.key.proof 
15943      DEBUG main            d.u.i.k.p.i.AbstractProblemLoader Environment load took 162.4ns 
15947      INFO  main            d.u.i.k.p.i.AbstractProblemLoader Creating init config 
18770      DEBUG main            d.u.i.k.p.i.AbstractProblemLoader Init config took 2.82s 
18843      INFO  main            d.u.i.k.p.i.AbstractProblemLoader Replaying proof ArrayList[ArrayList::add(java.lang.Object)].JML normal_behavior operation contract.0 
19514      DEBUG main            d.u.i.k.p.i.IntermediateProofReplayer Proof replay took 641.81ms 
19522      DEBUG main            d.u.i.k.p.r.p.TestFile    ... success: reloaded. 
19524      INFO  main            d.u.i.k.p.r.p.TestFile    Now processing file /home/runner/work/key/key/key.core/../key.ui/examples/heap/SmansEtAl/ArrayList_ArrayList.key 
19525      INFO  main            d.u.i.k.p.i.AbstractProblemLoader Loading environment from /home/runner/work/key/key/key.core/../key.ui/examples/heap/SmansEtAl/ArrayList_ArrayList.key 
19525      DEBUG main            d.u.i.k.p.i.AbstractProblemLoader Environment load took 246ns 
19527      INFO  main            d.u.i.k.p.i.AbstractProblemLoader Creating init config 
22463      DEBUG main            d.u.i.k.p.i.AbstractProblemLoader Init config took 2.94s 
22517      INFO  main            d.u.i.k.p.i.AbstractProblemLoader Replaying proof ArrayList[ArrayList::ArrayList()].JML normal_behavior operation contract.0 
22520      DEBUG main            d.u.i.k.p.i.IntermediateProofReplayer Proof replay took 5.8ns 
23625      INFO  main            d.u.i.k.p.r.p.TestFile    ... finished proof: closed. 
23790      INFO  main            d.u.i.k.p.i.AbstractProblemLoader Loading environment from /home/runner/work/key/key/key.core/../key.ui/examples/heap/SmansEtAl/ArrayList_ArrayList.key.proof 
23790      DEBUG main            d.u.i.k.p.i.AbstractProblemLoader Environment load took 439.6ns 
23793      INFO  main            d.u.i.k.p.i.AbstractProblemLoader Creating init config 
26476      DEBUG main            d.u.i.k.p.i.AbstractProblemLoader Init config took 2.68s 
26524      INFO  main            d.u.i.k.p.i.AbstractProblemLoader Replaying proof ArrayList[ArrayList::ArrayList()].JML normal_behavior operation contract.0 
26655      DEBUG main            d.u.i.k.p.i.IntermediateProofReplayer Proof replay took 105.93ms 
26657      DEBUG main            d.u.i.k.p.r.p.TestFile    ... success: reloaded. 
26658      INFO  main            d.u.i.k.p.r.p.TestFile    Now processing file /home/runner/work/key/key/key.core/../key.ui/examples/heap/SmansEtAl/ArrayList_footprint.key 
26659      INFO  main            d.u.i.k.p.i.AbstractProblemLoader Loading environment from /home/runner/work/key/key/key.core/../key.ui/examples/heap/SmansEtAl/ArrayList_footprint.key 
26659      DEBUG main            d.u.i.k.p.i.AbstractProblemLoader Environment load took 221.4ns 
26660      INFO  main            d.u.i.k.p.i.AbstractProblemLoader Creating init config 
29316      DEBUG main            d.u.i.k.p.i.AbstractProblemLoader Init config took 2.66s 
29364      INFO  main            d.u.i.k.p.i.AbstractProblemLoader Replaying proof ArrayList[ArrayList::$footprint()].JML accessible clause.0 
29366      DEBUG main            d.u.i.k.p.i.IntermediateProofReplayer Proof replay took 6.1ns 
29468      INFO  main            d.u.i.k.p.r.p.TestFile    ... finished proof: closed. 
29613      INFO  main            d.u.i.k.p.i.AbstractProblemLoader Loading environment from /home/runner/work/key/key/key.core/../key.ui/examples/heap/SmansEtAl/ArrayList_footprint.key.proof 
29613      DEBUG main            d.u.i.k.p.i.AbstractProblemLoader Environment load took 116.6ns 
29614      INFO  main            d.u.i.k.p.i.AbstractProblemLoader Creating init config 
32286      DEBUG main            d.u.i.k.p.i.AbstractProblemLoader Init config took 2.67s 
32330      INFO  main            d.u.i.k.p.i.AbstractProblemLoader Replaying proof ArrayList[ArrayList::$footprint()].JML accessible clause.0 
32341      DEBUG main            d.u.i.k.p.i.IntermediateProofReplayer Proof replay took 8.28ms 
32342      DEBUG main            d.u.i.k.p.r.p.TestFile    ... success: reloaded. 
32343      INFO  main            d.u.i.k.p.r.p.TestFile    Now processing file /home/runner/work/key/key/key.core/../key.ui/examples/heap/SmansEtAl/ArrayList_get_dep.key 
32343      INFO  main            d.u.i.k.p.i.AbstractProblemLoader Loading environment from /home/runner/work/key/key/key.core/../key.ui/examples/heap/SmansEtAl/ArrayList_get_dep.key 
32344      DEBUG main            d.u.i.k.p.i.AbstractProblemLoader Environment load took 135.2ns 
32345      INFO  main            d.u.i.k.p.i.AbstractProblemLoader Creating init config 
35008      DEBUG main            d.u.i.k.p.i.AbstractProblemLoader Init config took 2.66s 
35051      INFO  main            d.u.i.k.p.i.AbstractProblemLoader Replaying proof ArrayList[ArrayList::get(int)].JML accessible clause.0 
35053      DEBUG main            d.u.i.k.p.i.IntermediateProofReplayer Proof replay took 5.3ns 
35356      INFO  main            d.u.i.k.p.r.p.TestFile    ... finished proof: closed. 
35513      INFO  main            d.u.i.k.p.i.AbstractProblemLoader Loading environment from /home/runner/work/key/key/key.core/../key.ui/examples/heap/SmansEtAl/ArrayList_get_dep.key.proof 
35513      DEBUG main            d.u.i.k.p.i.AbstractProblemLoader Environment load took 116.8ns 
35514      INFO  main            d.u.i.k.p.i.AbstractProblemLoader Creating init config 
38111      DEBUG main            d.u.i.k.p.i.AbstractProblemLoader Init config took 2.6s 
38153      INFO  main            d.u.i.k.p.i.AbstractProblemLoader Replaying proof ArrayList[ArrayList::get(int)].JML accessible clause.0 
38192      DEBUG main            d.u.i.k.p.i.IntermediateProofReplayer Proof replay took 35.51ms 
38193      DEBUG main            d.u.i.k.p.r.p.TestFile    ... success: reloaded. 
38194      INFO  main            d.u.i.k.p.r.p.TestFile    Now processing file /home/runner/work/key/key/key.core/../key.ui/examples/heap/SmansEtAl/ArrayList_get.key 
38195      INFO  main            d.u.i.k.p.i.AbstractProblemLoader Loading environment from /home/runner/work/key/key/key.core/../key.ui/examples/heap/SmansEtAl/ArrayList_get.key 
38195      DEBUG main            d.u.i.k.p.i.AbstractProblemLoader Environment load took 204ns 
38196      INFO  main            d.u.i.k.p.i.AbstractProblemLoader Creating init config 
40862      DEBUG main            d.u.i.k.p.i.AbstractProblemLoader Init config took 2.67s 
40905      INFO  main            d.u.i.k.p.i.AbstractProblemLoader Replaying proof ArrayList[ArrayList::get(int)].JML normal_behavior operation contract.0 
40906      DEBUG main            d.u.i.k.p.i.IntermediateProofReplayer Proof replay took 6.1ns 
41109      INFO  main            d.u.i.k.p.r.p.TestFile    ... finished proof: closed. 
41274      INFO  main            d.u.i.k.p.i.AbstractProblemLoader Loading environment from /home/runner/work/key/key/key.core/../key.ui/examples/heap/SmansEtAl/ArrayList_get.key.proof 
41274      DEBUG main            d.u.i.k.p.i.AbstractProblemLoader Environment load took 133.6ns 
41275      INFO  main            d.u.i.k.p.i.AbstractProblemLoader Creating init config 
43855      DEBUG main            d.u.i.k.p.i.AbstractProblemLoader Init config took 2.58s 
43897      INFO  main            d.u.i.k.p.i.AbstractProblemLoader Replaying proof ArrayList[ArrayList::get(int)].JML normal_behavior operation contract.0 
43921      DEBUG main            d.u.i.k.p.i.IntermediateProofReplayer Proof replay took 21.7ms 
43922      DEBUG main            d.u.i.k.p.r.p.TestFile    ... success: reloaded. 
43923      INFO  main            d.u.i.k.p.r.p.TestFile    Now processing file /home/runner/work/key/key/key.core/../key.ui/examples/heap/SmansEtAl/ArrayList_inv.key 
43923      INFO  main            d.u.i.k.p.i.AbstractProblemLoader Loading environment from /home/runner/work/key/key/key.core/../key.ui/examples/heap/SmansEtAl/ArrayList_inv.key 
43923      DEBUG main            d.u.i.k.p.i.AbstractProblemLoader Environment load took 114.9ns 
43924      INFO  main            d.u.i.k.p.i.AbstractProblemLoader Creating init config 
46545      DEBUG main            d.u.i.k.p.i.AbstractProblemLoader Init config took 2.62s 
46586      INFO  main            d.u.i.k.p.i.AbstractProblemLoader Replaying proof ArrayList[java.lang.Object::<inv>()].JML accessible clause.0 
46588      DEBUG main            d.u.i.k.p.i.IntermediateProofReplayer Proof replay took 6.1ns 
46690      INFO  main            d.u.i.k.p.r.p.TestFile    ... finished proof: closed. 
46854      INFO  main            d.u.i.k.p.i.AbstractProblemLoader Loading environment from /home/runner/work/key/key/key.core/../key.ui/examples/heap/SmansEtAl/ArrayList_inv.key.proof 
46854      DEBUG main            d.u.i.k.p.i.AbstractProblemLoader Environment load took 129.6ns 
46855      INFO  main            d.u.i.k.p.i.AbstractProblemLoader Creating init config 
49431      DEBUG main            d.u.i.k.p.i.AbstractProblemLoader Init config took 2.58s 
49470      INFO  main            d.u.i.k.p.i.AbstractProblemLoader Replaying proof ArrayList[java.lang.Object::<inv>()].JML accessible clause.0 
49480      DEBUG main            d.u.i.k.p.i.IntermediateProofReplayer Proof replay took 7.72ms 
49481      DEBUG main            d.u.i.k.p.r.p.TestFile    ... success: reloaded. 
49482      INFO  main            d.u.i.k.p.r.p.TestFile    Now processing file /home/runner/work/key/key/key.core/../key.ui/examples/heap/SmansEtAl/ArrayList_size_dep.key 
49483      INFO  main            d.u.i.k.p.i.AbstractProblemLoader Loading environment from /home/runner/work/key/key/key.core/../key.ui/examples/heap/SmansEtAl/ArrayList_size_dep.key 
49483      DEBUG main            d.u.i.k.p.i.AbstractProblemLoader Environment load took 198.3ns 
49484      INFO  main            d.u.i.k.p.i.AbstractProblemLoader Creating init config 
52108      DEBUG main            d.u.i.k.p.i.AbstractProblemLoader Init config took 2.62s 
52146      INFO  main            d.u.i.k.p.i.AbstractProblemLoader Replaying proof ArrayList[ArrayList::size()].JML accessible clause.0 
52147      DEBUG main            d.u.i.k.p.i.IntermediateProofReplayer Proof replay took 5.7ns 
52250      INFO  main            d.u.i.k.p.r.p.TestFile    ... finished proof: closed. 
52415      INFO  main            d.u.i.k.p.i.AbstractProblemLoader Loading environment from /home/runner/work/key/key/key.core/../key.ui/examples/heap/SmansEtAl/ArrayList_size_dep.key.proof 
52415      DEBUG main            d.u.i.k.p.i.AbstractProblemLoader Environment load took 113.7ns 
52416      INFO  main            d.u.i.k.p.i.AbstractProblemLoader Creating init config 
54974      DEBUG main            d.u.i.k.p.i.AbstractProblemLoader Init config took 2.56s 
55012      INFO  main            d.u.i.k.p.i.AbstractProblemLoader Replaying proof ArrayList[ArrayList::size()].JML accessible clause.0 
55025      DEBUG main            d.u.i.k.p.i.IntermediateProofReplayer Proof replay took 11ms 
55026      DEBUG main            d.u.i.k.p.r.p.TestFile    ... success: reloaded. 
55028      INFO  main            d.u.i.k.p.r.p.TestFile    Now processing file /home/runner/work/key/key/key.core/../key.ui/examples/heap/SmansEtAl/ArrayList_size.key 
55028      INFO  main            d.u.i.k.p.i.AbstractProblemLoader Loading environment from /home/runner/work/key/key/key.core/../key.ui/examples/heap/SmansEtAl/ArrayList_size.key 
55028      DEBUG main            d.u.i.k.p.i.AbstractProblemLoader Environment load took 189.5ns 
55029      INFO  main            d.u.i.k.p.i.AbstractProblemLoader Creating init config 
57586      DEBUG main            d.u.i.k.p.i.AbstractProblemLoader Init config took 2.56s 
57624      INFO  main            d.u.i.k.p.i.AbstractProblemLoader Replaying proof ArrayList[ArrayList::size()].JML normal_behavior operation contract.0 
57626      DEBUG main            d.u.i.k.p.i.IntermediateProofReplayer Proof replay took 5.3ns 
57730      INFO  main            d.u.i.k.p.r.p.TestFile    ... finished proof: closed. 
57895      INFO  main            d.u.i.k.p.i.AbstractProblemLoader Loading environment from /home/runner/work/key/key/key.core/../key.ui/examples/heap/SmansEtAl/ArrayList_size.key.proof 
57895      DEBUG main            d.u.i.k.p.i.AbstractProblemLoader Environment load took 113.6ns 
57896      INFO  main            d.u.i.k.p.i.AbstractProblemLoader Creating init config 
60411      DEBUG main            d.u.i.k.p.i.AbstractProblemLoader Init config took 2.52s 
60448      INFO  main            d.u.i.k.p.i.AbstractProblemLoader Replaying proof ArrayList[ArrayList::size()].JML normal_behavior operation contract.0 
60460      DEBUG main            d.u.i.k.p.i.IntermediateProofReplayer Proof replay took 10.43ms 
60461      DEBUG main            d.u.i.k.p.r.p.TestFile    ... success: reloaded. 
60462      INFO  main            d.u.i.k.p.r.p.TestFile    Now processing file /home/runner/work/key/key/key.core/../key.ui/examples/heap/SmansEtAl/Cell_Cell.key 
60463      INFO  main            d.u.i.k.p.i.AbstractProblemLoader Loading environment from /home/runner/work/key/key/key.core/../key.ui/examples/heap/SmansEtAl/Cell_Cell.key 
60463      DEBUG main            d.u.i.k.p.i.AbstractProblemLoader Environment load took 84.3ns 
60464      INFO  main            d.u.i.k.p.i.AbstractProblemLoader Creating init config 
63033      DEBUG main            d.u.i.k.p.i.AbstractProblemLoader Init config took 2.57s 
63089      INFO  main            d.u.i.k.p.i.AbstractProblemLoader Replaying proof Cell[Cell::Cell()].JML normal_behavior operation contract.0 
63091      DEBUG main            d.u.i.k.p.i.IntermediateProofReplayer Proof replay took 5.7ns 
63293      INFO  main            d.u.i.k.p.r.p.TestFile    ... finished proof: closed. 
63470      INFO  main            d.u.i.k.p.i.AbstractProblemLoader Loading environment from /home/runner/work/key/key/key.core/../key.ui/examples/heap/SmansEtAl/Cell_Cell.key.proof 
63470      DEBUG main            d.u.i.k.p.i.AbstractProblemLoader Environment load took 116.7ns 
63471      INFO  main            d.u.i.k.p.i.AbstractProblemLoader Creating init config 
65995      DEBUG main            d.u.i.k.p.i.AbstractProblemLoader Init config took 2.52s 
66041      INFO  main            d.u.i.k.p.i.AbstractProblemLoader Replaying proof Cell[Cell::Cell()].JML normal_behavior operation contract.0 
66076      DEBUG main            d.u.i.k.p.i.IntermediateProofReplayer Proof replay took 32.1ms 
66077      DEBUG main            d.u.i.k.p.r.p.TestFile    ... success: reloaded. 
66079      INFO  main            d.u.i.k.p.r.p.TestFile    Now processing file /home/runner/work/key/key/key.core/../key.ui/examples/heap/SmansEtAl/Cell_footprint.key 
66079      INFO  main            d.u.i.k.p.i.AbstractProblemLoader Loading environment from /home/runner/work/key/key/key.core/../key.ui/examples/heap/SmansEtAl/Cell_footprint.key 
66079      DEBUG main            d.u.i.k.p.i.AbstractProblemLoader Environment load took 84.5ns 
66080      INFO  main            d.u.i.k.p.i.AbstractProblemLoader Creating init config 
68666      DEBUG main            d.u.i.k.p.i.AbstractProblemLoader Init config took 2.59s 
68720      INFO  main            d.u.i.k.p.i.AbstractProblemLoader Replaying proof Cell[Cell::$footprint()].JML accessible clause.0 
68722      DEBUG main            d.u.i.k.p.i.IntermediateProofReplayer Proof replay took 5.6ns 
68824      INFO  main            d.u.i.k.p.r.p.TestFile    ... finished proof: closed. 
68999      INFO  main            d.u.i.k.p.i.AbstractProblemLoader Loading environment from /home/runner/work/key/key/key.core/../key.ui/examples/heap/SmansEtAl/Cell_footprint.key.proof 
68999      DEBUG main            d.u.i.k.p.i.AbstractProblemLoader Environment load took 110.1ns 
69000      INFO  main            d.u.i.k.p.i.AbstractProblemLoader Creating init config 
71568      DEBUG main            d.u.i.k.p.i.AbstractProblemLoader Init config took 2.57s 
71602      INFO  main            d.u.i.k.p.i.AbstractProblemLoader Replaying proof Cell[Cell::$footprint()].JML accessible clause.0 
71607      DEBUG main            d.u.i.k.p.i.IntermediateProofReplayer Proof replay took 3.2ms 
71608      DEBUG main            d.u.i.k.p.r.p.TestFile    ... success: reloaded. 
71609      INFO  main            d.u.i.k.p.r.p.TestFile    Now processing file /home/runner/work/key/key/key.core/../key.ui/examples/heap/SmansEtAl/Cell_getX_dep.key 
71609      INFO  main            d.u.i.k.p.i.AbstractProblemLoader Loading environment from /home/runner/work/key/key/key.core/../key.ui/examples/heap/SmansEtAl/Cell_getX_dep.key 
71609      DEBUG main            d.u.i.k.p.i.AbstractProblemLoader Environment load took 110.1ns 
71610      INFO  main            d.u.i.k.p.i.AbstractProblemLoader Creating init config 
74139      DEBUG main            d.u.i.k.p.i.AbstractProblemLoader Init config took 2.53s 
74174      INFO  main            d.u.i.k.p.i.AbstractProblemLoader Replaying proof Cell[Cell::getX()].JML accessible clause.0 
74176      DEBUG main            d.u.i.k.p.i.IntermediateProofReplayer Proof replay took 6.4ns 
74278      INFO  main            d.u.i.k.p.r.p.TestFile    ... finished proof: closed. 
74466      INFO  main            d.u.i.k.p.i.AbstractProblemLoader Loading environment from /home/runner/work/key/key/key.core/../key.ui/examples/heap/SmansEtAl/Cell_getX_dep.key.proof 
74466      DEBUG main            d.u.i.k.p.i.AbstractProblemLoader Environment load took 114.6ns 
74468      INFO  main            d.u.i.k.p.i.AbstractProblemLoader Creating init config 
77005      DEBUG main            d.u.i.k.p.i.AbstractProblemLoader Init config took 2.54s 
77043      INFO  main            d.u.i.k.p.i.AbstractProblemLoader Replaying proof Cell[Cell::getX()].JML accessible clause.0 
77061      DEBUG main            d.u.i.k.p.i.IntermediateProofReplayer Proof replay took 13.94ms 
77063      DEBUG main            d.u.i.k.p.r.p.TestFile    ... success: reloaded. 
77067      INFO  main            d.u.i.k.p.r.p.TestFile    Now processing file /home/runner/work/key/key/key.core/../key.ui/examples/heap/SmansEtAl/Cell_getX.key 
77068      INFO  main            d.u.i.k.p.i.AbstractProblemLoader Loading environment from /home/runner/work/key/key/key.core/../key.ui/examples/heap/SmansEtAl/Cell_getX.key 
77068      DEBUG main            d.u.i.k.p.i.AbstractProblemLoader Environment load took 237.8ns 
77069      INFO  main            d.u.i.k.p.i.AbstractProblemLoader Creating init config 
79594      DEBUG main            d.u.i.k.p.i.AbstractProblemLoader Init config took 2.53s 
79627      INFO  main            d.u.i.k.p.i.AbstractProblemLoader Replaying proof Cell[Cell::getX()].JML normal_behavior operation contract.0 
79629      DEBUG main            d.u.i.k.p.i.IntermediateProofReplayer Proof replay took 5.5ns 
79730      INFO  main            d.u.i.k.p.r.p.TestFile    ... finished proof: closed. 
79907      INFO  main            d.u.i.k.p.i.AbstractProblemLoader Loading environment from /home/runner/work/key/key/key.core/../key.ui/examples/heap/SmansEtAl/Cell_getX.key.proof 
79908      DEBUG main            d.u.i.k.p.i.AbstractProblemLoader Environment load took 118.4ns 
79908      INFO  main            d.u.i.k.p.i.AbstractProblemLoader Creating init config 
82442      DEBUG main            d.u.i.k.p.i.AbstractProblemLoader Init config took 2.53s 
82478      INFO  main            d.u.i.k.p.i.AbstractProblemLoader Replaying proof Cell[Cell::getX()].JML normal_behavior operation contract.0 
82491      DEBUG main            d.u.i.k.p.i.IntermediateProofReplayer Proof replay took 10.53ms 
82492      DEBUG main            d.u.i.k.p.r.p.TestFile    ... success: reloaded. 
82493      INFO  main            d.u.i.k.p.r.p.TestFile    Now processing file /home/runner/work/key/key/key.core/../key.ui/examples/heap/SmansEtAl/Cell_inv.key 
82494      INFO  main            d.u.i.k.p.i.AbstractProblemLoader Loading environment from /home/runner/work/key/key/key.core/../key.ui/examples/heap/SmansEtAl/Cell_inv.key 
82494      DEBUG main            d.u.i.k.p.i.AbstractProblemLoader Environment load took 90.6ns 
82495      INFO  main            d.u.i.k.p.i.AbstractProblemLoader Creating init config 
85025      DEBUG main            d.u.i.k.p.i.AbstractProblemLoader Init config took 2.53s 
85058      INFO  main            d.u.i.k.p.i.AbstractProblemLoader Replaying proof Cell[java.lang.Object::<inv>()].JML accessible clause.0 
85060      DEBUG main            d.u.i.k.p.i.IntermediateProofReplayer Proof replay took 5.9ns 
85162      INFO  main            d.u.i.k.p.r.p.TestFile    ... finished proof: closed. 
85358      INFO  main            d.u.i.k.p.i.AbstractProblemLoader Loading environment from /home/runner/work/key/key/key.core/../key.ui/examples/heap/SmansEtAl/Cell_inv.key.proof 
85358      DEBUG main            d.u.i.k.p.i.AbstractProblemLoader Environment load took 106ns 
85359      INFO  main            d.u.i.k.p.i.AbstractProblemLoader Creating init config 
87843      DEBUG main            d.u.i.k.p.i.AbstractProblemLoader Init config took 2.48s 
87880      INFO  main            d.u.i.k.p.i.AbstractProblemLoader Replaying proof Cell[java.lang.Object::<inv>()].JML accessible clause.0 
87883      DEBUG main            d.u.i.k.p.i.IntermediateProofReplayer Proof replay took 1.31ms 
87884      DEBUG main            d.u.i.k.p.r.p.TestFile    ... success: reloaded. 
87885      INFO  main            d.u.i.k.p.r.p.TestFile    Now processing file /home/runner/work/key/key/key.core/../key.ui/examples/heap/SmansEtAl/Cell_setX.key 
87885      INFO  main            d.u.i.k.p.i.AbstractProblemLoader Loading environment from /home/runner/work/key/key/key.core/../key.ui/examples/heap/SmansEtAl/Cell_setX.key 
87886      DEBUG main            d.u.i.k.p.i.AbstractProblemLoader Environment load took 182.5ns 
87886      INFO  main            d.u.i.k.p.i.AbstractProblemLoader Creating init config 
90430      DEBUG main            d.u.i.k.p.i.AbstractProblemLoader Init config took 2.54s 
90462      INFO  main            d.u.i.k.p.i.AbstractProblemLoader Replaying proof Cell[Cell::setX(int)].JML normal_behavior operation contract.0 
90464      DEBUG main            d.u.i.k.p.i.IntermediateProofReplayer Proof replay took 6.1ns 
90566      INFO  main            d.u.i.k.p.r.p.TestFile    ... finished proof: closed. 
90773      INFO  main            d.u.i.k.p.i.AbstractProblemLoader Loading environment from /home/runner/work/key/key/key.core/../key.ui/examples/heap/SmansEtAl/Cell_setX.key.proof 
90773      DEBUG main            d.u.i.k.p.i.AbstractProblemLoader Environment load took 191.9ns 
90774      INFO  main            d.u.i.k.p.i.AbstractProblemLoader Creating init config 
93251      DEBUG main            d.u.i.k.p.i.AbstractProblemLoader Init config took 2.48s 
93295      INFO  main            d.u.i.k.p.i.AbstractProblemLoader Replaying proof Cell[Cell::setX(int)].JML normal_behavior operation contract.0 
93317      DEBUG main            d.u.i.k.p.i.IntermediateProofReplayer Proof replay took 20.36ms 
93318      DEBUG main            d.u.i.k.p.r.p.TestFile    ... success: reloaded. 
93319      INFO  main            d.u.i.k.p.r.p.TestFile    Now processing file /home/runner/work/key/key/key.core/../key.ui/examples/heap/SmansEtAl/CellClient_m.key 
93320      INFO  main            d.u.i.k.p.i.AbstractProblemLoader Loading environment from /home/runner/work/key/key/key.core/../key.ui/examples/heap/SmansEtAl/CellClient_m.key 
93320      DEBUG main            d.u.i.k.p.i.AbstractProblemLoader Environment load took 195.4ns 
93321      INFO  main            d.u.i.k.p.i.AbstractProblemLoader Creating init config 
95854      DEBUG main            d.u.i.k.p.i.AbstractProblemLoader Init config took 2.53s 
95885      INFO  main            d.u.i.k.p.i.AbstractProblemLoader Replaying proof CellClient[CellClient::m()].JML operation contract.0 
95887      DEBUG main            d.u.i.k.p.i.IntermediateProofReplayer Proof replay took 5.2ns 
96391      INFO  main            d.u.i.k.p.r.p.TestFile    ... finished proof: closed. 
96625      INFO  main            d.u.i.k.p.i.AbstractProblemLoader Loading environment from /home/runner/work/key/key/key.core/../key.ui/examples/heap/SmansEtAl/CellClient_m.key.proof 
96626      DEBUG main            d.u.i.k.p.i.AbstractProblemLoader Environment load took 405.2ns 
96627      INFO  main            d.u.i.k.p.i.AbstractProblemLoader Creating init config 
99110      DEBUG main            d.u.i.k.p.i.AbstractProblemLoader Init config took 2.48s 
99142      INFO  main            d.u.i.k.p.i.AbstractProblemLoader Replaying proof CellClient[CellClient::m()].JML operation contract.0 
99228      DEBUG main            d.u.i.k.p.i.IntermediateProofReplayer Proof replay took 82.11ms 
99230      DEBUG main            d.u.i.k.p.r.p.TestFile    ... success: reloaded. 
99231      INFO  main            d.u.i.k.p.r.p.TestFile    Now processing file /home/runner/work/key/key/key.core/../key.ui/examples/heap/SmansEtAl/Iterator_footprint.key 
99232      INFO  main            d.u.i.k.p.i.AbstractProblemLoader Loading environment from /home/runner/work/key/key/key.core/../key.ui/examples/heap/SmansEtAl/Iterator_footprint.key 
99232      DEBUG main            d.u.i.k.p.i.AbstractProblemLoader Environment load took 658.9ns 
99233      INFO  main            d.u.i.k.p.i.AbstractProblemLoader Creating init config 
101800     DEBUG main            d.u.i.k.p.i.AbstractProblemLoader Init config took 2.57s 
101835     INFO  main            d.u.i.k.p.i.AbstractProblemLoader Replaying proof Iterator[Iterator::$footprint()].JML accessible clause.0 
101836     DEBUG main            d.u.i.k.p.i.IntermediateProofReplayer Proof replay took 5.9ns 
101942     INFO  main            d.u.i.k.p.r.p.TestFile    ... finished proof: closed. 
102176     INFO  main            d.u.i.k.p.i.AbstractProblemLoader Loading environment from /home/runner/work/key/key/key.core/../key.ui/examples/heap/SmansEtAl/Iterator_footprint.key.proof 
102176     DEBUG main            d.u.i.k.p.i.AbstractProblemLoader Environment load took 109.3ns 
102178     INFO  main            d.u.i.k.p.i.AbstractProblemLoader Creating init config 
104682     DEBUG main            d.u.i.k.p.i.AbstractProblemLoader Init config took 2.5s 
104717     INFO  main            d.u.i.k.p.i.AbstractProblemLoader Replaying proof Iterator[Iterator::$footprint()].JML accessible clause.0 
104727     DEBUG main            d.u.i.k.p.i.IntermediateProofReplayer Proof replay took 4.96ms 
104728     DEBUG main            d.u.i.k.p.r.p.TestFile    ... success: reloaded. 
104730     INFO  main            d.u.i.k.p.r.p.TestFile    Now processing file /home/runner/work/key/key/key.core/../key.ui/examples/heap/SmansEtAl/Iterator_hasNext_dep.key 
104730     INFO  main            d.u.i.k.p.i.AbstractProblemLoader Loading environment from /home/runner/work/key/key/key.core/../key.ui/examples/heap/SmansEtAl/Iterator_hasNext_dep.key 
104730     DEBUG main            d.u.i.k.p.i.AbstractProblemLoader Environment load took 94.2ns 
104731     INFO  main            d.u.i.k.p.i.AbstractProblemLoader Creating init config 
107274     DEBUG main            d.u.i.k.p.i.AbstractProblemLoader Init config took 2.54s 
107308     INFO  main            d.u.i.k.p.i.AbstractProblemLoader Replaying proof Iterator[Iterator::hasNext()].JML accessible clause.0 
107309     DEBUG main            d.u.i.k.p.i.IntermediateProofReplayer Proof replay took 5.8ns 
107913     INFO  main            d.u.i.k.p.r.p.TestFile    ... finished proof: closed. 
108132     INFO  main            d.u.i.k.p.i.AbstractProblemLoader Loading environment from /home/runner/work/key/key/key.core/../key.ui/examples/heap/SmansEtAl/Iterator_hasNext_dep.key.proof 
108132     DEBUG main            d.u.i.k.p.i.AbstractProblemLoader Environment load took 477.1ns 
108133     INFO  main            d.u.i.k.p.i.AbstractProblemLoader Creating init config 
110634     DEBUG main            d.u.i.k.p.i.AbstractProblemLoader Init config took 2.5s 
110668     INFO  main            d.u.i.k.p.i.AbstractProblemLoader Replaying proof Iterator[Iterator::hasNext()].JML accessible clause.0 
110736     DEBUG main            d.u.i.k.p.i.IntermediateProofReplayer Proof replay took 60.38ms 
110737     DEBUG main            d.u.i.k.p.r.p.TestFile    ... success: reloaded. 
110738     INFO  main            d.u.i.k.p.r.p.TestFile    Now processing file /home/runner/work/key/key/key.core/../key.ui/examples/heap/SmansEtAl/Iterator_hasNext.key 
110739     INFO  main            d.u.i.k.p.i.AbstractProblemLoader Loading environment from /home/runner/work/key/key/key.core/../key.ui/examples/heap/SmansEtAl/Iterator_hasNext.key 
110739     DEBUG main            d.u.i.k.p.i.AbstractProblemLoader Environment load took 197.5ns 
110740     INFO  main            d.u.i.k.p.i.AbstractProblemLoader Creating init config 
113290     DEBUG main            d.u.i.k.p.i.AbstractProblemLoader Init config took 2.55s 
113327     INFO  main            d.u.i.k.p.i.AbstractProblemLoader Replaying proof Iterator[Iterator::hasNext()].JML normal_behavior operation contract.0 
113329     DEBUG main            d.u.i.k.p.i.IntermediateProofReplayer Proof replay took 5.6ns 
113832     INFO  main            d.u.i.k.p.r.p.TestFile    ... finished proof: closed. 
114047     INFO  main            d.u.i.k.p.i.AbstractProblemLoader Loading environment from /home/runner/work/key/key/key.core/../key.ui/examples/heap/SmansEtAl/Iterator_hasNext.key.proof 
114048     DEBUG main            d.u.i.k.p.i.AbstractProblemLoader Environment load took 400.2ns 
114049     INFO  main            d.u.i.k.p.i.AbstractProblemLoader Creating init config 
116485     DEBUG main            d.u.i.k.p.i.AbstractProblemLoader Init config took 2.44s 
116530     INFO  main            d.u.i.k.p.i.AbstractProblemLoader Replaying proof Iterator[Iterator::hasNext()].JML normal_behavior operation contract.0 
116592     DEBUG main            d.u.i.k.p.i.IntermediateProofReplayer Proof replay took 56.75ms 
116593     DEBUG main            d.u.i.k.p.r.p.TestFile    ... success: reloaded. 
116594     INFO  main            d.u.i.k.p.r.p.TestFile    Now processing file /home/runner/work/key/key/key.core/../key.ui/examples/heap/SmansEtAl/Iterator_inv.key 
116595     INFO  main            d.u.i.k.p.i.AbstractProblemLoader Loading environment from /home/runner/work/key/key/key.core/../key.ui/examples/heap/SmansEtAl/Iterator_inv.key 
116595     DEBUG main            d.u.i.k.p.i.AbstractProblemLoader Environment load took 196.3ns 
116596     INFO  main            d.u.i.k.p.i.AbstractProblemLoader Creating init config 
119108     DEBUG main            d.u.i.k.p.i.AbstractProblemLoader Init config took 2.51s 
119141     INFO  main            d.u.i.k.p.i.AbstractProblemLoader Replaying proof Iterator[java.lang.Object::<inv>()].JML accessible clause.0 
119143     DEBUG main            d.u.i.k.p.i.IntermediateProofReplayer Proof replay took 6.3ns 
119346     INFO  main            d.u.i.k.p.r.p.TestFile    ... finished proof: closed. 
119577     INFO  main            d.u.i.k.p.i.AbstractProblemLoader Loading environment from /home/runner/work/key/key/key.core/../key.ui/examples/heap/SmansEtAl/Iterator_inv.key.proof 
119577     DEBUG main            d.u.i.k.p.i.AbstractProblemLoader Environment load took 103.2ns 
119578     INFO  main            d.u.i.k.p.i.AbstractProblemLoader Creating init config 
122015     DEBUG main            d.u.i.k.p.i.AbstractProblemLoader Init config took 2.44s 
122050     INFO  main            d.u.i.k.p.i.AbstractProblemLoader Replaying proof Iterator[java.lang.Object::<inv>()].JML accessible clause.0 
122068     DEBUG main            d.u.i.k.p.i.IntermediateProofReplayer Proof replay took 15.21ms 
122069     DEBUG main            d.u.i.k.p.r.p.TestFile    ... success: reloaded. 
122070     INFO  main            d.u.i.k.p.r.p.TestFile    Now processing file /home/runner/work/key/key/key.core/../key.ui/examples/heap/SmansEtAl/Iterator_Iterator.key 
122070     INFO  main            d.u.i.k.p.i.AbstractProblemLoader Loading environment from /home/runner/work/key/key/key.core/../key.ui/examples/heap/SmansEtAl/Iterator_Iterator.key 
122071     DEBUG main            d.u.i.k.p.i.AbstractProblemLoader Environment load took 188.6ns 
122071     INFO  main            d.u.i.k.p.i.AbstractProblemLoader Creating init config 
124594     DEBUG main            d.u.i.k.p.i.AbstractProblemLoader Init config took 2.52s 
124628     INFO  main            d.u.i.k.p.i.AbstractProblemLoader Replaying proof Iterator[Iterator::Iterator(ArrayList)].JML normal_behavior operation contract.0 
124630     DEBUG main            d.u.i.k.p.i.IntermediateProofReplayer Proof replay took 6.1ns 
125840     INFO  main            d.u.i.k.p.r.p.TestFile    ... finished proof: closed. 
126115     INFO  main            d.u.i.k.p.i.AbstractProblemLoader Loading environment from /home/runner/work/key/key/key.core/../key.ui/examples/heap/SmansEtAl/Iterator_Iterator.key.proof 
126115     DEBUG main            d.u.i.k.p.i.AbstractProblemLoader Environment load took 463.5ns 
126118     INFO  main            d.u.i.k.p.i.AbstractProblemLoader Creating init config 
128593     DEBUG main            d.u.i.k.p.i.AbstractProblemLoader Init config took 2.48s 
128627     INFO  main            d.u.i.k.p.i.AbstractProblemLoader Replaying proof Iterator[Iterator::Iterator(ArrayList)].JML normal_behavior operation contract.0 
128762     DEBUG main            d.u.i.k.p.i.IntermediateProofReplayer Proof replay took 123.03ms 
128764     DEBUG main            d.u.i.k.p.r.p.TestFile    ... success: reloaded. 
128765     INFO  main            d.u.i.k.p.r.p.TestFile    Now processing file /home/runner/work/key/key/key.core/../key.ui/examples/heap/SmansEtAl/Iterator_list_dep.key 
128765     INFO  main            d.u.i.k.p.i.AbstractProblemLoader Loading environment from /home/runner/work/key/key/key.core/../key.ui/examples/heap/SmansEtAl/Iterator_list_dep.key 
128765     DEBUG main            d.u.i.k.p.i.AbstractProblemLoader Environment load took 221.3ns 
128766     INFO  main            d.u.i.k.p.i.AbstractProblemLoader Creating init config 
131278     DEBUG main            d.u.i.k.p.i.AbstractProblemLoader Init config took 2.51s 
131332     INFO  main            d.u.i.k.p.i.AbstractProblemLoader Replaying proof Iterator[Iterator::list()].JML accessible clause.0 
131333     DEBUG main            d.u.i.k.p.i.IntermediateProofReplayer Proof replay took 6.8ns 
131435     INFO  main            d.u.i.k.p.r.p.TestFile    ... finished proof: closed. 
131675     INFO  main            d.u.i.k.p.i.AbstractProblemLoader Loading environment from /home/runner/work/key/key/key.core/../key.ui/examples/heap/SmansEtAl/Iterator_list_dep.key.proof 
131675     DEBUG main            d.u.i.k.p.i.AbstractProblemLoader Environment load took 107.1ns 
131676     INFO  main            d.u.i.k.p.i.AbstractProblemLoader Creating init config 
134128     DEBUG main            d.u.i.k.p.i.AbstractProblemLoader Init config took 2.45s 
134160     INFO  main            d.u.i.k.p.i.AbstractProblemLoader Replaying proof Iterator[Iterator::list()].JML accessible clause.0 
134174     DEBUG main            d.u.i.k.p.i.IntermediateProofReplayer Proof replay took 11.83ms 
134175     DEBUG main            d.u.i.k.p.r.p.TestFile    ... success: reloaded. 
134176     INFO  main            d.u.i.k.p.r.p.TestFile    Now processing file /home/runner/work/key/key/key.core/../key.ui/examples/heap/SmansEtAl/Iterator_list.key 
134176     INFO  main            d.u.i.k.p.i.AbstractProblemLoader Loading environment from /home/runner/work/key/key/key.core/../key.ui/examples/heap/SmansEtAl/Iterator_list.key 
134176     DEBUG main            d.u.i.k.p.i.AbstractProblemLoader Environment load took 84.6ns 
134177     INFO  main            d.u.i.k.p.i.AbstractProblemLoader Creating init config 
136691     DEBUG main            d.u.i.k.p.i.AbstractProblemLoader Init config took 2.51s 
136725     INFO  main            d.u.i.k.p.i.AbstractProblemLoader Replaying proof Iterator[Iterator::list()].JML normal_behavior operation contract.0 
136726     DEBUG main            d.u.i.k.p.i.IntermediateProofReplayer Proof replay took 6.3ns 
136827     INFO  main            d.u.i.k.p.r.p.TestFile    ... finished proof: closed. 
137081     INFO  main            d.u.i.k.p.i.AbstractProblemLoader Loading environment from /home/runner/work/key/key/key.core/../key.ui/examples/heap/SmansEtAl/Iterator_list.key.proof 
137081     DEBUG main            d.u.i.k.p.i.AbstractProblemLoader Environment load took 132.3ns 
137082     INFO  main            d.u.i.k.p.i.AbstractProblemLoader Creating init config 
139529     DEBUG main            d.u.i.k.p.i.AbstractProblemLoader Init config took 2.45s 
139564     INFO  main            d.u.i.k.p.i.AbstractProblemLoader Replaying proof Iterator[Iterator::list()].JML normal_behavior operation contract.0 
139576     DEBUG main            d.u.i.k.p.i.IntermediateProofReplayer Proof replay took 10.84ms 
139577     DEBUG main            d.u.i.k.p.r.p.TestFile    ... success: reloaded. 
139578     INFO  main            d.u.i.k.p.r.p.TestFile    Now processing file /home/runner/work/key/key/key.core/../key.ui/examples/heap/SmansEtAl/Iterator_next.key 
139578     INFO  main            d.u.i.k.p.i.AbstractProblemLoader Loading environment from /home/runner/work/key/key/key.core/../key.ui/examples/heap/SmansEtAl/Iterator_next.key 
139579     DEBUG main            d.u.i.k.p.i.AbstractProblemLoader Environment load took 72.6ns 
139579     INFO  main            d.u.i.k.p.i.AbstractProblemLoader Creating init config 
142077     DEBUG main            d.u.i.k.p.i.AbstractProblemLoader Init config took 2.5s 
142128     INFO  main            d.u.i.k.p.i.AbstractProblemLoader Replaying proof Iterator[Iterator::next()].JML normal_behavior operation contract.0 
142129     DEBUG main            d.u.i.k.p.i.IntermediateProofReplayer Proof replay took 6.4ns 
144449     INFO  main            d.u.i.k.p.r.p.TestFile    ... finished proof: closed. 
144764     INFO  main            d.u.i.k.p.i.AbstractProblemLoader Loading environment from /home/runner/work/key/key/key.core/../key.ui/examples/heap/SmansEtAl/Iterator_next.key.proof 
144764     DEBUG main            d.u.i.k.p.i.AbstractProblemLoader Environment load took 382.8ns 
144766     INFO  main            d.u.i.k.p.i.AbstractProblemLoader Creating init config 
147219     DEBUG main            d.u.i.k.p.i.AbstractProblemLoader Init config took 2.45s 
147253     INFO  main            d.u.i.k.p.i.AbstractProblemLoader Replaying proof Iterator[Iterator::next()].JML normal_behavior operation contract.0 
147472     DEBUG main            d.u.i.k.p.i.IntermediateProofReplayer Proof replay took 192.17ms 
147473     DEBUG main            d.u.i.k.p.r.p.TestFile    ... success: reloaded. 
147474     INFO  main            d.u.i.k.p.r.p.TestFile    Now processing file /home/runner/work/key/key/key.core/../key.ui/examples/heap/SmansEtAl/Stack_footprint.key 
147475     INFO  main            d.u.i.k.p.i.AbstractProblemLoader Loading environment from /home/runner/work/key/key/key.core/../key.ui/examples/heap/SmansEtAl/Stack_footprint.key 
147475     DEBUG main            d.u.i.k.p.i.AbstractProblemLoader Environment load took 188.7ns 
147476     INFO  main            d.u.i.k.p.i.AbstractProblemLoader Creating init config 
150017     DEBUG main            d.u.i.k.p.i.AbstractProblemLoader Init config took 2.54s 
150049     INFO  main            d.u.i.k.p.i.AbstractProblemLoader Replaying proof Stack[Stack::$footprint()].JML accessible clause.0 
150054     DEBUG main            d.u.i.k.p.i.IntermediateProofReplayer Proof replay took 6.8ns 
150259     INFO  main            d.u.i.k.p.r.p.TestFile    ... finished proof: closed. 
150523     INFO  main            d.u.i.k.p.i.AbstractProblemLoader Loading environment from /home/runner/work/key/key/key.core/../key.ui/examples/heap/SmansEtAl/Stack_footprint.key.proof 
150523     DEBUG main            d.u.i.k.p.i.AbstractProblemLoader Environment load took 109.7ns 
150524     INFO  main            d.u.i.k.p.i.AbstractProblemLoader Creating init config 
152993     DEBUG main            d.u.i.k.p.i.AbstractProblemLoader Init config took 2.47s 
153026     INFO  main            d.u.i.k.p.i.AbstractProblemLoader Replaying proof Stack[Stack::$footprint()].JML accessible clause.0 
153046     DEBUG main            d.u.i.k.p.i.IntermediateProofReplayer Proof replay took 17.43ms 
153047     DEBUG main            d.u.i.k.p.r.p.TestFile    ... success: reloaded. 
153048     INFO  main            d.u.i.k.p.r.p.TestFile    Now processing file /home/runner/work/key/key/key.core/../key.ui/examples/heap/SmansEtAl/Stack_inv.key 
153048     INFO  main            d.u.i.k.p.i.AbstractProblemLoader Loading environment from /home/runner/work/key/key/key.core/../key.ui/examples/heap/SmansEtAl/Stack_inv.key 
153048     DEBUG main            d.u.i.k.p.i.AbstractProblemLoader Environment load took 208.2ns 
153049     INFO  main            d.u.i.k.p.i.AbstractProblemLoader Creating init config 
155553     DEBUG main            d.u.i.k.p.i.AbstractProblemLoader Init config took 2.5s 
155586     INFO  main            d.u.i.k.p.i.AbstractProblemLoader Replaying proof Stack[java.lang.Object::<inv>()].JML accessible clause.0 
155587     DEBUG main            d.u.i.k.p.i.IntermediateProofReplayer Proof replay took 6.2ns 
155689     INFO  main            d.u.i.k.p.r.p.TestFile    ... finished proof: closed. 
155950     INFO  main            d.u.i.k.p.i.AbstractProblemLoader Loading environment from /home/runner/work/key/key/key.core/../key.ui/examples/heap/SmansEtAl/Stack_inv.key.proof 
155950     DEBUG main            d.u.i.k.p.i.AbstractProblemLoader Environment load took 103.7ns 
155951     INFO  main            d.u.i.k.p.i.AbstractProblemLoader Creating init config 
158387     DEBUG main            d.u.i.k.p.i.AbstractProblemLoader Init config took 2.44s 
158418     INFO  main            d.u.i.k.p.i.AbstractProblemLoader Replaying proof Stack[java.lang.Object::<inv>()].JML accessible clause.0 
158427     DEBUG main            d.u.i.k.p.i.IntermediateProofReplayer Proof replay took 7.1ms 
158428     DEBUG main            d.u.i.k.p.r.p.TestFile    ... success: reloaded. 
158429     INFO  main            d.u.i.k.p.r.p.TestFile    Now processing file /home/runner/work/key/key/key.core/../key.ui/examples/heap/SmansEtAl/Stack_push.key 
158429     INFO  main            d.u.i.k.p.i.AbstractProblemLoader Loading environment from /home/runner/work/key/key/key.core/../key.ui/examples/heap/SmansEtAl/Stack_push.key 
158429     DEBUG main            d.u.i.k.p.i.AbstractProblemLoader Environment load took 93.6ns 
158430     INFO  main            d.u.i.k.p.i.AbstractProblemLoader Creating init config 
160921     DEBUG main            d.u.i.k.p.i.AbstractProblemLoader Init config took 2.49s 
160953     INFO  main            d.u.i.k.p.i.AbstractProblemLoader Replaying proof Stack[Stack::push(java.lang.Object)].JML normal_behavior operation contract.0 
160955     DEBUG main            d.u.i.k.p.i.IntermediateProofReplayer Proof replay took 6.4ns 
161658     INFO  main            d.u.i.k.p.r.p.TestFile    ... finished proof: closed. 
161924     INFO  main            d.u.i.k.p.i.AbstractProblemLoader Loading environment from /home/runner/work/key/key/key.core/../key.ui/examples/heap/SmansEtAl/Stack_push.key.proof 
161926     DEBUG main            d.u.i.k.p.i.AbstractProblemLoader Environment load took 2.22ms 
161927     INFO  main            d.u.i.k.p.i.AbstractProblemLoader Creating init config 
164388     DEBUG main            d.u.i.k.p.i.AbstractProblemLoader Init config took 2.46s 
164421     INFO  main            d.u.i.k.p.i.AbstractProblemLoader Replaying proof Stack[Stack::push(java.lang.Object)].JML normal_behavior operation contract.0 
164509     DEBUG main            d.u.i.k.p.i.IntermediateProofReplayer Proof replay took 83.99ms 
164510     DEBUG main            d.u.i.k.p.r.p.TestFile    ... success: reloaded. 
164511     INFO  main            d.u.i.k.p.r.p.TestFile    Now processing file /home/runner/work/key/key/key.core/../key.ui/examples/heap/SmansEtAl/Stack_size.key 
164511     INFO  main            d.u.i.k.p.i.AbstractProblemLoader Loading environment from /home/runner/work/key/key/key.core/../key.ui/examples/heap/SmansEtAl/Stack_size.key 
164511     DEBUG main            d.u.i.k.p.i.AbstractProblemLoader Environment load took 91.5ns 
164512     INFO  main            d.u.i.k.p.i.AbstractProblemLoader Creating init config 
167064     DEBUG main            d.u.i.k.p.i.AbstractProblemLoader Init config took 2.55s 
167095     INFO  main            d.u.i.k.p.i.AbstractProblemLoader Replaying proof Stack[Stack::size()].JML accessible clause.0 
167097     DEBUG main            d.u.i.k.p.i.IntermediateProofReplayer Proof replay took 6.3ns 
167398     INFO  main            d.u.i.k.p.r.p.TestFile    ... finished proof: closed. 
167661     INFO  main            d.u.i.k.p.i.AbstractProblemLoader Loading environment from /home/runner/work/key/key/key.core/../key.ui/examples/heap/SmansEtAl/Stack_size.key.proof 
167661     DEBUG main            d.u.i.k.p.i.AbstractProblemLoader Environment load took 93.4ns 
167662     INFO  main            d.u.i.k.p.i.AbstractProblemLoader Creating init config 
170098     DEBUG main            d.u.i.k.p.i.AbstractProblemLoader Init config took 2.44s 
170130     INFO  main            d.u.i.k.p.i.AbstractProblemLoader Replaying proof Stack[Stack::size()].JML accessible clause.0 
170161     DEBUG main            d.u.i.k.p.i.IntermediateProofReplayer Proof replay took 28.51ms 
170162     DEBUG main            d.u.i.k.p.r.p.TestFile    ... success: reloaded. 
170163     INFO  main            d.u.i.k.p.r.p.TestFile    Now processing file /home/runner/work/key/key/key.core/../key.ui/examples/heap/SmansEtAl/Stack_Stack.key 
170164     INFO  main            d.u.i.k.p.i.AbstractProblemLoader Loading environment from /home/runner/work/key/key/key.core/../key.ui/examples/heap/SmansEtAl/Stack_Stack.key 
170164     DEBUG main            d.u.i.k.p.i.AbstractProblemLoader Environment load took 170.7ns 
170165     INFO  main            d.u.i.k.p.i.AbstractProblemLoader Creating init config 
172699     DEBUG main            d.u.i.k.p.i.AbstractProblemLoader Init config took 2.53s 
172734     INFO  main            d.u.i.k.p.i.AbstractProblemLoader Replaying proof Stack[Stack::Stack()].JML normal_behavior operation contract.0 
172735     DEBUG main            d.u.i.k.p.i.IntermediateProofReplayer Proof replay took 7.4ns 
173741     INFO  main            d.u.i.k.p.r.p.TestFile    ... finished proof: closed. 
174019     INFO  main            d.u.i.k.p.i.AbstractProblemLoader Loading environment from /home/runner/work/key/key/key.core/../key.ui/examples/heap/SmansEtAl/Stack_Stack.key.proof 
174019     DEBUG main            d.u.i.k.p.i.AbstractProblemLoader Environment load took 390ns 
174021     INFO  main            d.u.i.k.p.i.AbstractProblemLoader Creating init config 
176452     DEBUG main            d.u.i.k.p.i.AbstractProblemLoader Init config took 2.43s 
176485     INFO  main            d.u.i.k.p.i.AbstractProblemLoader Replaying proof Stack[Stack::Stack()].JML normal_behavior operation contract.0 
176618     DEBUG main            d.u.i.k.p.i.IntermediateProofReplayer Proof replay took 126.37ms 
176619     DEBUG main            d.u.i.k.p.r.p.TestFile    ... success: reloaded. 
176619     INFO  main            d.u.i.k.p.r.p.TestFile    Now processing file /home/runner/work/key/key/key.core/../key.ui/examples/heap/SmansEtAl/Stack_switchContents.key 
176620     INFO  main            d.u.i.k.p.i.AbstractProblemLoader Loading environment from /home/runner/work/key/key/key.core/../key.ui/examples/heap/SmansEtAl/Stack_switchContents.key 
176620     DEBUG main            d.u.i.k.p.i.AbstractProblemLoader Environment load took 67.3ns 
176621     INFO  main            d.u.i.k.p.i.AbstractProblemLoader Creating init config 
179113     DEBUG main            d.u.i.k.p.i.AbstractProblemLoader Init config took 2.49s 
179145     INFO  main            d.u.i.k.p.i.AbstractProblemLoader Replaying proof Stack[Stack::switchContents(Stack)].JML normal_behavior operation contract.0 
179146     DEBUG main            d.u.i.k.p.i.IntermediateProofReplayer Proof replay took 5.7ns 
183268     INFO  main            d.u.i.k.p.r.p.TestFile    ... finished proof: closed. 
183573     INFO  main            d.u.i.k.p.i.AbstractProblemLoader Loading environment from /home/runner/work/key/key/key.core/../key.ui/examples/heap/SmansEtAl/Stack_switchContents.key.proof 
183574     DEBUG main            d.u.i.k.p.i.AbstractProblemLoader Environment load took 112.4ns 
183575     INFO  main            d.u.i.k.p.i.AbstractProblemLoader Creating init config 
186017     DEBUG main            d.u.i.k.p.i.AbstractProblemLoader Init config took 2.44s 
186057     INFO  main            d.u.i.k.p.i.AbstractProblemLoader Replaying proof Stack[Stack::switchContents(Stack)].JML normal_behavior operation contract.0 
186305     DEBUG main            d.u.i.k.p.i.IntermediateProofReplayer Proof replay took 234.72ms 
186307     DEBUG main            d.u.i.k.p.r.p.TestFile    ... success: reloaded. 
1991006    INFO  Test worker     d.u.i.k.p.r.p.StatisticsFile Returning from test SmansEtAl 
1991008    INFO  Test worker     d.u.i.k.p.r.p.StatisticsFile Running test VACID0 
349        INFO  Timeout watchdog d.u.i.k.p.r.p.ForkedTestFileRunner Timeout watcher launched (2000 secs.) 
374        WARN  main            d.u.i.k.s.ProofSettings   The settings in /home/runner/.key/proof-settings.props are *not* read. 
405        INFO  main            d.u.i.k.p.r.p.TestFile    Now processing file /home/runner/work/key/key/key.core/../key.ui/examples/heap/vacid0_01_SparseArray/Harness_sparseArrayTestHarness1.key 
508        INFO  main            d.u.i.k.p.i.AbstractProblemLoader Loading environment from /home/runner/work/key/key/key.core/../key.ui/examples/heap/vacid0_01_SparseArray/Harness_sparseArrayTestHarness1.key 
528        DEBUG main            d.u.i.k.p.i.AbstractProblemLoader Environment load took 2.25ms 
743        INFO  main            d.u.i.k.p.i.AbstractProblemLoader Creating init config 
1749       DEBUG main            d.u.i.k.j.TypeConverter   No LDT found for Meta 
1751       DEBUG main            d.u.i.k.j.TypeConverter   No LDT found for Meta 
1755       DEBUG main            d.u.i.k.j.TypeConverter   No LDT found for Meta 
1755       DEBUG main            d.u.i.k.j.TypeConverter   No LDT found for Meta 
3242       DEBUG main            d.u.i.k.j.TypeConverter   No LDT found for JavaBigintExpression 
8423       DEBUG main            d.u.i.k.p.i.AbstractProblemLoader Init config took 7.68s 
8594       INFO  main            d.u.i.k.p.i.AbstractProblemLoader Replaying proof Harness[Harness::sparseArrayTestHarness1()].JML normal_behavior operation contract.0 
8629       DEBUG main            d.u.i.k.p.i.IntermediateProofReplayer Proof replay took 34.5ns 
9999       INFO  main            d.u.i.k.p.r.p.TestFile    ... finished proof: closed. 
10128      INFO  main            d.u.i.k.p.i.AbstractProblemLoader Loading environment from /home/runner/work/key/key/key.core/../key.ui/examples/heap/vacid0_01_SparseArray/Harness_sparseArrayTestHarness1.key.proof 
10128      DEBUG main            d.u.i.k.p.i.AbstractProblemLoader Environment load took 141.7ns 
10130      INFO  main            d.u.i.k.p.i.AbstractProblemLoader Creating init config 
12940      DEBUG main            d.u.i.k.p.i.AbstractProblemLoader Init config took 2.81s 
13007      INFO  main            d.u.i.k.p.i.AbstractProblemLoader Replaying proof Harness[Harness::sparseArrayTestHarness1()].JML normal_behavior operation contract.0 
13157      DEBUG main            d.u.i.k.p.i.IntermediateProofReplayer Proof replay took 141.96ms 
13164      DEBUG main            d.u.i.k.p.r.p.TestFile    ... success: reloaded. 
13166      INFO  main            d.u.i.k.p.r.p.TestFile    Now processing file /home/runner/work/key/key/key.core/../key.ui/examples/heap/vacid0_01_SparseArray/Harness_sparseArrayTestHarness2.key 
13166      INFO  main            d.u.i.k.p.i.AbstractProblemLoader Loading environment from /home/runner/work/key/key/key.core/../key.ui/examples/heap/vacid0_01_SparseArray/Harness_sparseArrayTestHarness2.key 
13167      DEBUG main            d.u.i.k.p.i.AbstractProblemLoader Environment load took 241.6ns 
13168      INFO  main            d.u.i.k.p.i.AbstractProblemLoader Creating init config 
15903      DEBUG main            d.u.i.k.p.i.AbstractProblemLoader Init config took 2.73s 
15964      INFO  main            d.u.i.k.p.i.AbstractProblemLoader Replaying proof Harness[Harness::sparseArrayTestHarness2()].JML normal_behavior operation contract.0 
15967      DEBUG main            d.u.i.k.p.i.IntermediateProofReplayer Proof replay took 6.1ns 
27340      INFO  main            d.u.i.k.p.r.p.TestFile    ... finished proof: closed. 
27526      INFO  main            d.u.i.k.p.i.AbstractProblemLoader Loading environment from /home/runner/work/key/key/key.core/../key.ui/examples/heap/vacid0_01_SparseArray/Harness_sparseArrayTestHarness2.key.proof 
27527      DEBUG main            d.u.i.k.p.i.AbstractProblemLoader Environment load took 471.5ns 
27530      INFO  main            d.u.i.k.p.i.AbstractProblemLoader Creating init config 
30108      DEBUG main            d.u.i.k.p.i.AbstractProblemLoader Init config took 2.58s 
30158      INFO  main            d.u.i.k.p.i.AbstractProblemLoader Replaying proof Harness[Harness::sparseArrayTestHarness2()].JML normal_behavior operation contract.0 
31167      DEBUG main            d.u.i.k.p.i.IntermediateProofReplayer Proof replay took 955.57ms 
31170      DEBUG main            d.u.i.k.p.r.p.TestFile    ... success: reloaded. 
31173      INFO  main            d.u.i.k.p.r.p.TestFile    Now processing file /home/runner/work/key/key/key.core/../key.ui/examples/heap/vacid0_01_SparseArray/MemoryAllocator_alloc_unsigned.key 
31173      INFO  main            d.u.i.k.p.i.AbstractProblemLoader Loading environment from /home/runner/work/key/key/key.core/../key.ui/examples/heap/vacid0_01_SparseArray/MemoryAllocator_alloc_unsigned.key 
31173      DEBUG main            d.u.i.k.p.i.AbstractProblemLoader Environment load took 218.6ns 
31176      INFO  main            d.u.i.k.p.i.AbstractProblemLoader Creating init config 
33818      DEBUG main            d.u.i.k.p.i.AbstractProblemLoader Init config took 2.64s 
33863      INFO  main            d.u.i.k.p.i.AbstractProblemLoader Replaying proof MemoryAllocator[MemoryAllocator::alloc_unsigned(int)].JML normal_behavior operation contract.0 
33865      DEBUG main            d.u.i.k.p.i.IntermediateProofReplayer Proof replay took 6ns 
34771      INFO  main            d.u.i.k.p.r.p.TestFile    ... finished proof: closed. 
34964      INFO  main            d.u.i.k.p.i.AbstractProblemLoader Loading environment from /home/runner/work/key/key/key.core/../key.ui/examples/heap/vacid0_01_SparseArray/MemoryAllocator_alloc_unsigned.key.proof 
34965      DEBUG main            d.u.i.k.p.i.AbstractProblemLoader Environment load took 412.1ns 
34966      INFO  main            d.u.i.k.p.i.AbstractProblemLoader Creating init config 
37557      DEBUG main            d.u.i.k.p.i.AbstractProblemLoader Init config took 2.59s 
37599      INFO  main            d.u.i.k.p.i.AbstractProblemLoader Replaying proof MemoryAllocator[MemoryAllocator::alloc_unsigned(int)].JML normal_behavior operation contract.0 
37745      DEBUG main            d.u.i.k.p.i.IntermediateProofReplayer Proof replay took 140.35ms 
37747      DEBUG main            d.u.i.k.p.r.p.TestFile    ... success: reloaded. 
37748      INFO  main            d.u.i.k.p.r.p.TestFile    Now processing file /home/runner/work/key/key/key.core/../key.ui/examples/heap/vacid0_01_SparseArray/MemoryAllocator_alloc.key 
37748      INFO  main            d.u.i.k.p.i.AbstractProblemLoader Loading environment from /home/runner/work/key/key/key.core/../key.ui/examples/heap/vacid0_01_SparseArray/MemoryAllocator_alloc.key 
37749      DEBUG main            d.u.i.k.p.i.AbstractProblemLoader Environment load took 208.2ns 
37750      INFO  main            d.u.i.k.p.i.AbstractProblemLoader Creating init config 
40338      DEBUG main            d.u.i.k.p.i.AbstractProblemLoader Init config took 2.59s 
40378      INFO  main            d.u.i.k.p.i.AbstractProblemLoader Replaying proof MemoryAllocator[MemoryAllocator::alloc(int)].JML normal_behavior operation contract.0 
40384      DEBUG main            d.u.i.k.p.i.IntermediateProofReplayer Proof replay took 6ns 
40988      INFO  main            d.u.i.k.p.r.p.TestFile    ... finished proof: closed. 
41161      INFO  main            d.u.i.k.p.i.AbstractProblemLoader Loading environment from /home/runner/work/key/key/key.core/../key.ui/examples/heap/vacid0_01_SparseArray/MemoryAllocator_alloc.key.proof 
41162      DEBUG main            d.u.i.k.p.i.AbstractProblemLoader Environment load took 912.5ns 
41165      INFO  main            d.u.i.k.p.i.AbstractProblemLoader Creating init config 
43691      DEBUG main            d.u.i.k.p.i.AbstractProblemLoader Init config took 2.53s 
43731      INFO  main            d.u.i.k.p.i.AbstractProblemLoader Replaying proof MemoryAllocator[MemoryAllocator::alloc(int)].JML normal_behavior operation contract.0 
43828      DEBUG main            d.u.i.k.p.i.IntermediateProofReplayer Proof replay took 91.79ms 
43829      DEBUG main            d.u.i.k.p.r.p.TestFile    ... success: reloaded. 
43831      INFO  main            d.u.i.k.p.r.p.TestFile    Now processing file /home/runner/work/key/key/key.core/../key.ui/examples/heap/vacid0_01_SparseArray/SparseArray_get_dep.key 
43831      INFO  main            d.u.i.k.p.i.AbstractProblemLoader Loading environment from /home/runner/work/key/key/key.core/../key.ui/examples/heap/vacid0_01_SparseArray/SparseArray_get_dep.key 
43831      DEBUG main            d.u.i.k.p.i.AbstractProblemLoader Environment load took 207.8ns 
43832      INFO  main            d.u.i.k.p.i.AbstractProblemLoader Creating init config 
46373      DEBUG main            d.u.i.k.p.i.AbstractProblemLoader Init config took 2.54s 
46432      INFO  main            d.u.i.k.p.i.AbstractProblemLoader Replaying proof SparseArray[SparseArray::get(int)].JML accessible clause.0 
46434      DEBUG main            d.u.i.k.p.i.IntermediateProofReplayer Proof replay took 5.7ns 
48645      INFO  main            d.u.i.k.p.r.p.TestFile    ... finished proof: closed. 
48837      INFO  main            d.u.i.k.p.i.AbstractProblemLoader Loading environment from /home/runner/work/key/key/key.core/../key.ui/examples/heap/vacid0_01_SparseArray/SparseArray_get_dep.key.proof 
48838      DEBUG main            d.u.i.k.p.i.AbstractProblemLoader Environment load took 395.6ns 
48839      INFO  main            d.u.i.k.p.i.AbstractProblemLoader Creating init config 
51383      DEBUG main            d.u.i.k.p.i.AbstractProblemLoader Init config took 2.54s 
51440      INFO  main            d.u.i.k.p.i.AbstractProblemLoader Replaying proof SparseArray[SparseArray::get(int)].JML accessible clause.0 
51599      DEBUG main            d.u.i.k.p.i.IntermediateProofReplayer Proof replay took 148.5ms 
51600      DEBUG main            d.u.i.k.p.r.p.TestFile    ... success: reloaded. 
51602      INFO  main            d.u.i.k.p.r.p.TestFile    Now processing file /home/runner/work/key/key/key.core/../key.ui/examples/heap/vacid0_01_SparseArray/SparseArray_get.key 
51602      INFO  main            d.u.i.k.p.i.AbstractProblemLoader Loading environment from /home/runner/work/key/key/key.core/../key.ui/examples/heap/vacid0_01_SparseArray/SparseArray_get.key 
51602      DEBUG main            d.u.i.k.p.i.AbstractProblemLoader Environment load took 211.7ns 
51603      INFO  main            d.u.i.k.p.i.AbstractProblemLoader Creating init config 
54147      DEBUG main            d.u.i.k.p.i.AbstractProblemLoader Init config took 2.54s 
54204      INFO  main            d.u.i.k.p.i.AbstractProblemLoader Replaying proof SparseArray[SparseArray::get(int)].JML normal_behavior operation contract.0 
54205      DEBUG main            d.u.i.k.p.i.IntermediateProofReplayer Proof replay took 5.2ns 
56318      INFO  main            d.u.i.k.p.r.p.TestFile    ... finished proof: closed. 
56496      INFO  main            d.u.i.k.p.i.AbstractProblemLoader Loading environment from /home/runner/work/key/key/key.core/../key.ui/examples/heap/vacid0_01_SparseArray/SparseArray_get.key.proof 
56496      DEBUG main            d.u.i.k.p.i.AbstractProblemLoader Environment load took 142.5ns 
56497      INFO  main            d.u.i.k.p.i.AbstractProblemLoader Creating init config 
58968      DEBUG main            d.u.i.k.p.i.AbstractProblemLoader Init config took 2.47s 
59022      INFO  main            d.u.i.k.p.i.AbstractProblemLoader Replaying proof SparseArray[SparseArray::get(int)].JML normal_behavior operation contract.0 
59174      DEBUG main            d.u.i.k.p.i.IntermediateProofReplayer Proof replay took 143.33ms 
59176      DEBUG main            d.u.i.k.p.r.p.TestFile    ... success: reloaded. 
59177      INFO  main            d.u.i.k.p.r.p.TestFile    Now processing file /home/runner/work/key/key/key.core/../key.ui/examples/heap/vacid0_01_SparseArray/SparseArray_inv.key 
59178      INFO  main            d.u.i.k.p.i.AbstractProblemLoader Loading environment from /home/runner/work/key/key/key.core/../key.ui/examples/heap/vacid0_01_SparseArray/SparseArray_inv.key 
59178      DEBUG main            d.u.i.k.p.i.AbstractProblemLoader Environment load took 228.7ns 
59179      INFO  main            d.u.i.k.p.i.AbstractProblemLoader Creating init config 
61669      DEBUG main            d.u.i.k.p.i.AbstractProblemLoader Init config took 2.49s 
61722      INFO  main            d.u.i.k.p.i.AbstractProblemLoader Replaying proof SparseArray[java.lang.Object::<inv>()].JML accessible clause.0 
61724      DEBUG main            d.u.i.k.p.i.IntermediateProofReplayer Proof replay took 5.8ns 
63430      INFO  main            d.u.i.k.p.r.p.TestFile    ... finished proof: closed. 
63618      INFO  main            d.u.i.k.p.i.AbstractProblemLoader Loading environment from /home/runner/work/key/key/key.core/../key.ui/examples/heap/vacid0_01_SparseArray/SparseArray_inv.key.proof 
63619      DEBUG main            d.u.i.k.p.i.AbstractProblemLoader Environment load took 553.4ns 
63620      INFO  main            d.u.i.k.p.i.AbstractProblemLoader Creating init config 
66108      DEBUG main            d.u.i.k.p.i.AbstractProblemLoader Init config took 2.49s 
66169      INFO  main            d.u.i.k.p.i.AbstractProblemLoader Replaying proof SparseArray[java.lang.Object::<inv>()].JML accessible clause.0 
66231      DEBUG main            d.u.i.k.p.i.IntermediateProofReplayer Proof replay took 57.22ms 
66232      DEBUG main            d.u.i.k.p.r.p.TestFile    ... success: reloaded. 
66234      INFO  main            d.u.i.k.p.r.p.TestFile    Now processing file /home/runner/work/key/key/key.core/../key.ui/examples/heap/vacid0_01_SparseArray/SparseArray_SparseArray.key 
66234      INFO  main            d.u.i.k.p.i.AbstractProblemLoader Loading environment from /home/runner/work/key/key/key.core/../key.ui/examples/heap/vacid0_01_SparseArray/SparseArray_SparseArray.key 
66234      DEBUG main            d.u.i.k.p.i.AbstractProblemLoader Environment load took 83.9ns 
66235      INFO  main            d.u.i.k.p.i.AbstractProblemLoader Creating init config 
68703      DEBUG main            d.u.i.k.p.i.AbstractProblemLoader Init config took 2.47s 
68756      INFO  main            d.u.i.k.p.i.AbstractProblemLoader Replaying proof SparseArray[SparseArray::SparseArray(int)].JML normal_behavior operation contract.0 
68757      DEBUG main            d.u.i.k.p.i.IntermediateProofReplayer Proof replay took 5.6ns 
71886      INFO  main            d.u.i.k.p.r.p.TestFile    ... finished proof: closed. 
72078      INFO  main            d.u.i.k.p.i.AbstractProblemLoader Loading environment from /home/runner/work/key/key/key.core/../key.ui/examples/heap/vacid0_01_SparseArray/SparseArray_SparseArray.key.proof 
72079      DEBUG main            d.u.i.k.p.i.AbstractProblemLoader Environment load took 803.8ns 
72082      INFO  main            d.u.i.k.p.i.AbstractProblemLoader Creating init config 
74547      DEBUG main            d.u.i.k.p.i.AbstractProblemLoader Init config took 2.46s 
74621      INFO  main            d.u.i.k.p.i.AbstractProblemLoader Replaying proof SparseArray[SparseArray::SparseArray(int)].JML normal_behavior operation contract.0 
74893      DEBUG main            d.u.i.k.p.i.IntermediateProofReplayer Proof replay took 255.73ms 
74894      DEBUG main            d.u.i.k.p.r.p.TestFile    ... success: reloaded. 
2066078    INFO  Test worker     d.u.i.k.p.r.p.StatisticsFile Returning from test VACID0 
2066080    INFO  Test worker     d.u.i.k.p.r.p.StatisticsFile Running test VSTTE10 
372        INFO  Timeout watchdog d.u.i.k.p.r.p.ForkedTestFileRunner Timeout watcher launched (2000 secs.) 
375        WARN  main            d.u.i.k.s.ProofSettings   The settings in /home/runner/.key/proof-settings.props are *not* read. 
427        INFO  main            d.u.i.k.p.r.p.TestFile    Now processing file /home/runner/work/key/key/key.core/../key.ui/examples/heap/vstte10_01_SumAndMax/SumAndMax_sumAndMax.key 
555        INFO  main            d.u.i.k.p.i.AbstractProblemLoader Loading environment from /home/runner/work/key/key/key.core/../key.ui/examples/heap/vstte10_01_SumAndMax/SumAndMax_sumAndMax.key 
572        DEBUG main            d.u.i.k.p.i.AbstractProblemLoader Environment load took 2.31ms 
784        INFO  main            d.u.i.k.p.i.AbstractProblemLoader Creating init config 
1681       DEBUG main            d.u.i.k.j.TypeConverter   No LDT found for Meta 
1682       DEBUG main            d.u.i.k.j.TypeConverter   No LDT found for Meta 
1682       DEBUG main            d.u.i.k.j.TypeConverter   No LDT found for Meta 
1683       DEBUG main            d.u.i.k.j.TypeConverter   No LDT found for Meta 
3102       DEBUG main            d.u.i.k.j.TypeConverter   No LDT found for JavaBigintExpression 
8117       DEBUG main            d.u.i.k.p.i.AbstractProblemLoader Init config took 7.33s 
8301       INFO  main            d.u.i.k.p.i.AbstractProblemLoader Replaying proof SumAndMax[SumAndMax::sumAndMax([I)].JML normal_behavior operation contract.0 
8337       DEBUG main            d.u.i.k.p.i.IntermediateProofReplayer Proof replay took 34.1ns 
13411      INFO  main            d.u.i.k.p.r.p.TestFile    ... finished proof: closed. 
13618      INFO  main            d.u.i.k.p.i.AbstractProblemLoader Loading environment from /home/runner/work/key/key/key.core/../key.ui/examples/heap/vstte10_01_SumAndMax/SumAndMax_sumAndMax.key.proof 
13618      DEBUG main            d.u.i.k.p.i.AbstractProblemLoader Environment load took 489.4ns 
13622      INFO  main            d.u.i.k.p.i.AbstractProblemLoader Creating init config 
16404      DEBUG main            d.u.i.k.p.i.AbstractProblemLoader Init config took 2.78s 
16492      INFO  main            d.u.i.k.p.i.AbstractProblemLoader Replaying proof SumAndMax[SumAndMax::sumAndMax([I)].JML normal_behavior operation contract.0 
16986      DEBUG main            d.u.i.k.p.i.IntermediateProofReplayer Proof replay took 458.41ms 
16994      DEBUG main            d.u.i.k.p.r.p.TestFile    ... success: reloaded. 
16996      INFO  main            d.u.i.k.p.r.p.TestFile    Now processing file /home/runner/work/key/key/key.core/../key.ui/examples/heap/vstte10_03_LinkedList/Node_cons.key 
16996      INFO  main            d.u.i.k.p.i.AbstractProblemLoader Loading environment from /home/runner/work/key/key/key.core/../key.ui/examples/heap/vstte10_03_LinkedList/Node_cons.key 
16997      DEBUG main            d.u.i.k.p.i.AbstractProblemLoader Environment load took 223.6ns 
16998      INFO  main            d.u.i.k.p.i.AbstractProblemLoader Creating init config 
19875      DEBUG main            d.u.i.k.p.i.AbstractProblemLoader Init config took 2.88s 
19938      INFO  main            d.u.i.k.p.i.AbstractProblemLoader Replaying proof Node[Node::cons(int,Node)].JML normal_behavior operation contract.0 
19941      DEBUG main            d.u.i.k.p.i.IntermediateProofReplayer Proof replay took 5.5ns 
21548      INFO  main            d.u.i.k.p.r.p.TestFile    ... finished proof: closed. 
21735      INFO  main            d.u.i.k.p.i.AbstractProblemLoader Loading environment from /home/runner/work/key/key/key.core/../key.ui/examples/heap/vstte10_03_LinkedList/Node_cons.key.proof 
21736      DEBUG main            d.u.i.k.p.i.AbstractProblemLoader Environment load took 455ns 
21738      INFO  main            d.u.i.k.p.i.AbstractProblemLoader Creating init config 
24395      DEBUG main            d.u.i.k.p.i.AbstractProblemLoader Init config took 2.66s 
24458      INFO  main            d.u.i.k.p.i.AbstractProblemLoader Replaying proof Node[Node::cons(int,Node)].JML normal_behavior operation contract.0 
24687      DEBUG main            d.u.i.k.p.i.IntermediateProofReplayer Proof replay took 214.82ms 
24689      DEBUG main            d.u.i.k.p.r.p.TestFile    ... success: reloaded. 
24691      INFO  main            d.u.i.k.p.r.p.TestFile    Now processing file /home/runner/work/key/key/key.core/../key.ui/examples/heap/vstte10_03_LinkedList/Node_inv.key 
24691      INFO  main            d.u.i.k.p.i.AbstractProblemLoader Loading environment from /home/runner/work/key/key/key.core/../key.ui/examples/heap/vstte10_03_LinkedList/Node_inv.key 
24692      DEBUG main            d.u.i.k.p.i.AbstractProblemLoader Environment load took 224.6ns 
24693      INFO  main            d.u.i.k.p.i.AbstractProblemLoader Creating init config 
27355      DEBUG main            d.u.i.k.p.i.AbstractProblemLoader Init config took 2.66s 
27409      INFO  main            d.u.i.k.p.i.AbstractProblemLoader Replaying proof Node[java.lang.Object::<inv>()].JML accessible clause.0 
27411      DEBUG main            d.u.i.k.p.i.IntermediateProofReplayer Proof replay took 5.3ns 
27714      INFO  main            d.u.i.k.p.r.p.TestFile    ... finished proof: closed. 
27884      INFO  main            d.u.i.k.p.i.AbstractProblemLoader Loading environment from /home/runner/work/key/key/key.core/../key.ui/examples/heap/vstte10_03_LinkedList/Node_inv.key.proof 
27884      DEBUG main            d.u.i.k.p.i.AbstractProblemLoader Environment load took 119.1ns 
27885      INFO  main            d.u.i.k.p.i.AbstractProblemLoader Creating init config 
30400      DEBUG main            d.u.i.k.p.i.AbstractProblemLoader Init config took 2.52s 
30449      INFO  main            d.u.i.k.p.i.AbstractProblemLoader Replaying proof Node[java.lang.Object::<inv>()].JML accessible clause.0 
30476      DEBUG main            d.u.i.k.p.i.IntermediateProofReplayer Proof replay took 22.83ms 
30477      DEBUG main            d.u.i.k.p.r.p.TestFile    ... success: reloaded. 
30478      INFO  main            d.u.i.k.p.r.p.TestFile    Now processing file /home/runner/work/key/key/key.core/../key.ui/examples/heap/vstte10_03_LinkedList/Node_search.key 
30479      INFO  main            d.u.i.k.p.i.AbstractProblemLoader Loading environment from /home/runner/work/key/key/key.core/../key.ui/examples/heap/vstte10_03_LinkedList/Node_search.key 
30479      DEBUG main            d.u.i.k.p.i.AbstractProblemLoader Environment load took 201.2ns 
30480      INFO  main            d.u.i.k.p.i.AbstractProblemLoader Creating init config 
33132      DEBUG main            d.u.i.k.p.i.AbstractProblemLoader Init config took 2.65s 
33199      INFO  main            d.u.i.k.p.i.AbstractProblemLoader Replaying proof Node[Node::search()].JML normal_behavior operation contract.0 
33201      DEBUG main            d.u.i.k.p.i.IntermediateProofReplayer Proof replay took 5.6ns 
39239      INFO  main            d.u.i.k.p.r.p.TestFile    ... finished proof: closed. 
39463      INFO  main            d.u.i.k.p.i.AbstractProblemLoader Loading environment from /home/runner/work/key/key/key.core/../key.ui/examples/heap/vstte10_03_LinkedList/Node_search.key.proof 
39467      DEBUG main            d.u.i.k.p.i.AbstractProblemLoader Environment load took 3.45ms 
39469      INFO  main            d.u.i.k.p.i.AbstractProblemLoader Creating init config 
41982      DEBUG main            d.u.i.k.p.i.AbstractProblemLoader Init config took 2.51s 
42035      INFO  main            d.u.i.k.p.i.AbstractProblemLoader Replaying proof Node[Node::search()].JML normal_behavior operation contract.0 
42511      DEBUG main            d.u.i.k.p.i.IntermediateProofReplayer Proof replay took 426.83ms 
42514      DEBUG main            d.u.i.k.p.r.p.TestFile    ... success: reloaded. 
42516      INFO  main            d.u.i.k.p.r.p.TestFile    Now processing file /home/runner/work/key/key/key.core/../key.ui/examples/heap/vstte10_04_Queens/Queens_isConsistent.key 
42516      INFO  main            d.u.i.k.p.i.AbstractProblemLoader Loading environment from /home/runner/work/key/key/key.core/../key.ui/examples/heap/vstte10_04_Queens/Queens_isConsistent.key 
42516      DEBUG main            d.u.i.k.p.i.AbstractProblemLoader Environment load took 214ns 
42517      INFO  main            d.u.i.k.p.i.AbstractProblemLoader Creating init config 
45374      DEBUG main            d.u.i.k.p.i.AbstractProblemLoader Init config took 2.86s 
45414      INFO  main            d.u.i.k.p.i.AbstractProblemLoader Replaying proof Queens[Queens::isConsistent([I,int)].JML normal_behavior operation contract.0 
45416      DEBUG main            d.u.i.k.p.i.IntermediateProofReplayer Proof replay took 5.9ns 
47154      INFO  main            d.u.i.k.p.r.p.TestFile    ... finished proof: closed. 
47359      INFO  main            d.u.i.k.p.i.AbstractProblemLoader Loading environment from /home/runner/work/key/key/key.core/../key.ui/examples/heap/vstte10_04_Queens/Queens_isConsistent.key.proof 
47360      DEBUG main            d.u.i.k.p.i.AbstractProblemLoader Environment load took 1.09ms 
47362      INFO  main            d.u.i.k.p.i.AbstractProblemLoader Creating init config 
49964      DEBUG main            d.u.i.k.p.i.AbstractProblemLoader Init config took 2.6s 
50007      INFO  main            d.u.i.k.p.i.AbstractProblemLoader Replaying proof Queens[Queens::isConsistent([I,int)].JML normal_behavior operation contract.0 
50263      DEBUG main            d.u.i.k.p.i.IntermediateProofReplayer Proof replay took 245.28ms 
50265      DEBUG main            d.u.i.k.p.r.p.TestFile    ... success: reloaded. 
50266      INFO  main            d.u.i.k.p.r.p.TestFile    Now processing file /home/runner/work/key/key/key.core/../key.ui/examples/heap/vstte10_04_Queens/Queens_nQueens.key 
50266      INFO  main            d.u.i.k.p.i.AbstractProblemLoader Loading environment from /home/runner/work/key/key/key.core/../key.ui/examples/heap/vstte10_04_Queens/Queens_nQueens.key 
50267      DEBUG main            d.u.i.k.p.i.AbstractProblemLoader Environment load took 222.4ns 
50267      INFO  main            d.u.i.k.p.i.AbstractProblemLoader Creating init config 
52862      DEBUG main            d.u.i.k.p.i.AbstractProblemLoader Init config took 2.59s 
52904      INFO  main            d.u.i.k.p.i.AbstractProblemLoader Replaying proof Queens[Queens::nQueens(int)].JML normal_behavior operation contract.0 
52905      DEBUG main            d.u.i.k.p.i.IntermediateProofReplayer Proof replay took 5.3ns 
65777      INFO  main            d.u.i.k.p.r.p.TestFile    ... finished proof: closed. 
65996      INFO  main            d.u.i.k.p.i.AbstractProblemLoader Loading environment from /home/runner/work/key/key/key.core/../key.ui/examples/heap/vstte10_04_Queens/Queens_nQueens.key.proof 
65996      DEBUG main            d.u.i.k.p.i.AbstractProblemLoader Environment load took 198.5ns 
65998      INFO  main            d.u.i.k.p.i.AbstractProblemLoader Creating init config 
68543      DEBUG main            d.u.i.k.p.i.AbstractProblemLoader Init config took 2.54s 
68596      INFO  main            d.u.i.k.p.i.AbstractProblemLoader Replaying proof Queens[Queens::nQueens(int)].JML normal_behavior operation contract.0 
69008      DEBUG main            d.u.i.k.p.i.IntermediateProofReplayer Proof replay took 390.66ms 
69010      DEBUG main            d.u.i.k.p.r.p.TestFile    ... success: reloaded. 
69011      INFO  main            d.u.i.k.p.r.p.TestFile    Now processing file /home/runner/work/key/key/key.core/../key.ui/examples/heap/vstte10_05_Queue/AmortizedQueue_AmortizedQueue.key 
69012      INFO  main            d.u.i.k.p.i.AbstractProblemLoader Loading environment from /home/runner/work/key/key/key.core/../key.ui/examples/heap/vstte10_05_Queue/AmortizedQueue_AmortizedQueue.key 
69012      DEBUG main            d.u.i.k.p.i.AbstractProblemLoader Environment load took 230.9ns 
69013      INFO  main            d.u.i.k.p.i.AbstractProblemLoader Creating init config 
71740      DEBUG main            d.u.i.k.p.i.AbstractProblemLoader Init config took 2.73s 
71784      INFO  main            d.u.i.k.p.i.AbstractProblemLoader Replaying proof AmortizedQueue[AmortizedQueue::AmortizedQueue()].JML normal_behavior operation contract.0 
71786      DEBUG main            d.u.i.k.p.i.IntermediateProofReplayer Proof replay took 6.6ns 
73194      INFO  main            d.u.i.k.p.r.p.TestFile    ... finished proof: closed. 
73451      INFO  main            d.u.i.k.p.i.AbstractProblemLoader Loading environment from /home/runner/work/key/key/key.core/../key.ui/examples/heap/vstte10_05_Queue/AmortizedQueue_AmortizedQueue.key.proof 
73451      DEBUG main            d.u.i.k.p.i.AbstractProblemLoader Environment load took 133.4ns 
73452      INFO  main            d.u.i.k.p.i.AbstractProblemLoader Creating init config 
76028      DEBUG main            d.u.i.k.p.i.AbstractProblemLoader Init config took 2.58s 
76070      INFO  main            d.u.i.k.p.i.AbstractProblemLoader Replaying proof AmortizedQueue[AmortizedQueue::AmortizedQueue()].JML normal_behavior operation contract.0 
76248      DEBUG main            d.u.i.k.p.i.IntermediateProofReplayer Proof replay took 170.42ms 
76249      DEBUG main            d.u.i.k.p.r.p.TestFile    ... success: reloaded. 
76251      INFO  main            d.u.i.k.p.r.p.TestFile    Now processing file /home/runner/work/key/key/key.core/../key.ui/examples/heap/vstte10_05_Queue/AmortizedQueue_front.key 
76251      INFO  main            d.u.i.k.p.i.AbstractProblemLoader Loading environment from /home/runner/work/key/key/key.core/../key.ui/examples/heap/vstte10_05_Queue/AmortizedQueue_front.key 
76251      DEBUG main            d.u.i.k.p.i.AbstractProblemLoader Environment load took 197.3ns 
76252      INFO  main            d.u.i.k.p.i.AbstractProblemLoader Creating init config 
78891      DEBUG main            d.u.i.k.p.i.AbstractProblemLoader Init config took 2.64s 
78934      INFO  main            d.u.i.k.p.i.AbstractProblemLoader Replaying proof AmortizedQueue[AmortizedQueue::front()].JML normal_behavior operation contract.0 
78936      DEBUG main            d.u.i.k.p.i.IntermediateProofReplayer Proof replay took 5.8ns 
79439      INFO  main            d.u.i.k.p.r.p.TestFile    ... finished proof: closed. 
79645      INFO  main            d.u.i.k.p.i.AbstractProblemLoader Loading environment from /home/runner/work/key/key/key.core/../key.ui/examples/heap/vstte10_05_Queue/AmortizedQueue_front.key.proof 
79646      DEBUG main            d.u.i.k.p.i.AbstractProblemLoader Environment load took 112.6ns 
79647      INFO  main            d.u.i.k.p.i.AbstractProblemLoader Creating init config 
82213      DEBUG main            d.u.i.k.p.i.AbstractProblemLoader Init config took 2.57s 
82262      INFO  main            d.u.i.k.p.i.AbstractProblemLoader Replaying proof AmortizedQueue[AmortizedQueue::front()].JML normal_behavior operation contract.0 
82301      DEBUG main            d.u.i.k.p.i.IntermediateProofReplayer Proof replay took 34.32ms 
82302      DEBUG main            d.u.i.k.p.r.p.TestFile    ... success: reloaded. 
82304      INFO  main            d.u.i.k.p.r.p.TestFile    Now processing file /home/runner/work/key/key/key.core/../key.ui/examples/heap/vstte10_05_Queue/LinkedList_concat.key 
82306      INFO  main            d.u.i.k.p.i.AbstractProblemLoader Loading environment from /home/runner/work/key/key/key.core/../key.ui/examples/heap/vstte10_05_Queue/LinkedList_concat.key 
82306      DEBUG main            d.u.i.k.p.i.AbstractProblemLoader Environment load took 234.4ns 
82307      INFO  main            d.u.i.k.p.i.AbstractProblemLoader Creating init config 
84916      DEBUG main            d.u.i.k.p.i.AbstractProblemLoader Init config took 2.61s 
84960      INFO  main            d.u.i.k.p.i.AbstractProblemLoader Replaying proof LinkedList[LinkedList::concat(LinkedList)].JML normal_behavior operation contract.0 
84962      DEBUG main            d.u.i.k.p.i.IntermediateProofReplayer Proof replay took 5.6ns 
92829      INFO  main            d.u.i.k.p.r.p.TestFile    ... finished proof: closed. 
93106      INFO  main            d.u.i.k.p.i.AbstractProblemLoader Loading environment from /home/runner/work/key/key/key.core/../key.ui/examples/heap/vstte10_05_Queue/LinkedList_concat.key.proof 
93106      DEBUG main            d.u.i.k.p.i.AbstractProblemLoader Environment load took 204.5ns 
93109      INFO  main            d.u.i.k.p.i.AbstractProblemLoader Creating init config 
95686      DEBUG main            d.u.i.k.p.i.AbstractProblemLoader Init config took 2.58s 
95730      INFO  main            d.u.i.k.p.i.AbstractProblemLoader Replaying proof LinkedList[LinkedList::concat(LinkedList)].JML normal_behavior operation contract.0 
96176      DEBUG main            d.u.i.k.p.i.IntermediateProofReplayer Proof replay took 415.56ms 
96179      DEBUG main            d.u.i.k.p.r.p.TestFile    ... success: reloaded. 
96180      INFO  main            d.u.i.k.p.r.p.TestFile    Now processing file /home/runner/work/key/key/key.core/../key.ui/examples/heap/vstte10_05_Queue/LinkedList_cons.key 
96180      INFO  main            d.u.i.k.p.i.AbstractProblemLoader Loading environment from /home/runner/work/key/key/key.core/../key.ui/examples/heap/vstte10_05_Queue/LinkedList_cons.key 
96183      DEBUG main            d.u.i.k.p.i.AbstractProblemLoader Environment load took 2.23ms 
96184      INFO  main            d.u.i.k.p.i.AbstractProblemLoader Creating init config 
98733      DEBUG main            d.u.i.k.p.i.AbstractProblemLoader Init config took 2.55s 
98776      INFO  main            d.u.i.k.p.i.AbstractProblemLoader Replaying proof LinkedList[LinkedList::cons(int)].JML normal_behavior operation contract.0 
98778      DEBUG main            d.u.i.k.p.i.IntermediateProofReplayer Proof replay took 5.9ns 
101002     INFO  main            d.u.i.k.p.r.p.TestFile    ... finished proof: closed. 
101256     INFO  main            d.u.i.k.p.i.AbstractProblemLoader Loading environment from /home/runner/work/key/key/key.core/../key.ui/examples/heap/vstte10_05_Queue/LinkedList_cons.key.proof 
101257     DEBUG main            d.u.i.k.p.i.AbstractProblemLoader Environment load took 405.7ns 
101258     INFO  main            d.u.i.k.p.i.AbstractProblemLoader Creating init config 
103801     DEBUG main            d.u.i.k.p.i.AbstractProblemLoader Init config took 2.54s 
103845     INFO  main            d.u.i.k.p.i.AbstractProblemLoader Replaying proof LinkedList[LinkedList::cons(int)].JML normal_behavior operation contract.0 
104052     DEBUG main            d.u.i.k.p.i.IntermediateProofReplayer Proof replay took 191.35ms 
104053     DEBUG main            d.u.i.k.p.r.p.TestFile    ... success: reloaded. 
104054     INFO  main            d.u.i.k.p.r.p.TestFile    Now processing file /home/runner/work/key/key/key.core/../key.ui/examples/heap/vstte10_05_Queue/LinkedList_head.key 
104054     INFO  main            d.u.i.k.p.i.AbstractProblemLoader Loading environment from /home/runner/work/key/key/key.core/../key.ui/examples/heap/vstte10_05_Queue/LinkedList_head.key 
104054     DEBUG main            d.u.i.k.p.i.AbstractProblemLoader Environment load took 86.9ns 
104055     INFO  main            d.u.i.k.p.i.AbstractProblemLoader Creating init config 
106627     DEBUG main            d.u.i.k.p.i.AbstractProblemLoader Init config took 2.57s 
106670     INFO  main            d.u.i.k.p.i.AbstractProblemLoader Replaying proof LinkedList[LinkedList::head()].JML normal_behavior operation contract.0 
106672     DEBUG main            d.u.i.k.p.i.IntermediateProofReplayer Proof replay took 5.9ns 
106774     INFO  main            d.u.i.k.p.r.p.TestFile    ... finished proof: closed. 
106967     INFO  main            d.u.i.k.p.i.AbstractProblemLoader Loading environment from /home/runner/work/key/key/key.core/../key.ui/examples/heap/vstte10_05_Queue/LinkedList_head.key.proof 
106967     DEBUG main            d.u.i.k.p.i.AbstractProblemLoader Environment load took 110.1ns 
106968     INFO  main            d.u.i.k.p.i.AbstractProblemLoader Creating init config 
109546     DEBUG main            d.u.i.k.p.i.AbstractProblemLoader Init config took 2.58s 
109588     INFO  main            d.u.i.k.p.i.AbstractProblemLoader Replaying proof LinkedList[LinkedList::head()].JML normal_behavior operation contract.0 
109600     DEBUG main            d.u.i.k.p.i.IntermediateProofReplayer Proof replay took 9.81ms 
109601     DEBUG main            d.u.i.k.p.r.p.TestFile    ... success: reloaded. 
109602     INFO  main            d.u.i.k.p.r.p.TestFile    Now processing file /home/runner/work/key/key/key.core/../key.ui/examples/heap/vstte10_05_Queue/LinkedList_inv.key 
109603     INFO  main            d.u.i.k.p.i.AbstractProblemLoader Loading environment from /home/runner/work/key/key/key.core/../key.ui/examples/heap/vstte10_05_Queue/LinkedList_inv.key 
109603     DEBUG main            d.u.i.k.p.i.AbstractProblemLoader Environment load took 210.4ns 
109604     INFO  main            d.u.i.k.p.i.AbstractProblemLoader Creating init config 
112229     DEBUG main            d.u.i.k.p.i.AbstractProblemLoader Init config took 2.63s 
112271     INFO  main            d.u.i.k.p.i.AbstractProblemLoader Replaying proof LinkedList[java.lang.Object::<inv>()].JML accessible clause.0 
112273     DEBUG main            d.u.i.k.p.i.IntermediateProofReplayer Proof replay took 5.4ns 
112575     INFO  main            d.u.i.k.p.r.p.TestFile    ... finished proof: closed. 
112785     INFO  main            d.u.i.k.p.i.AbstractProblemLoader Loading environment from /home/runner/work/key/key/key.core/../key.ui/examples/heap/vstte10_05_Queue/LinkedList_inv.key.proof 
112785     DEBUG main            d.u.i.k.p.i.AbstractProblemLoader Environment load took 133.7ns 
112786     INFO  main            d.u.i.k.p.i.AbstractProblemLoader Creating init config 
115332     DEBUG main            d.u.i.k.p.i.AbstractProblemLoader Init config took 2.55s 
115373     INFO  main            d.u.i.k.p.i.AbstractProblemLoader Replaying proof LinkedList[java.lang.Object::<inv>()].JML accessible clause.0 
115392     DEBUG main            d.u.i.k.p.i.IntermediateProofReplayer Proof replay took 16.53ms 
115393     DEBUG main            d.u.i.k.p.r.p.TestFile    ... success: reloaded. 
115394     INFO  main            d.u.i.k.p.r.p.TestFile    Now processing file /home/runner/work/key/key/key.core/../key.ui/examples/heap/vstte10_05_Queue/LinkedList_length.key 
115394     INFO  main            d.u.i.k.p.i.AbstractProblemLoader Loading environment from /home/runner/work/key/key/key.core/../key.ui/examples/heap/vstte10_05_Queue/LinkedList_length.key 
115394     DEBUG main            d.u.i.k.p.i.AbstractProblemLoader Environment load took 86.5ns 
115395     INFO  main            d.u.i.k.p.i.AbstractProblemLoader Creating init config 
117979     DEBUG main            d.u.i.k.p.i.AbstractProblemLoader Init config took 2.58s 
118021     INFO  main            d.u.i.k.p.i.AbstractProblemLoader Replaying proof LinkedList[LinkedList::length()].JML normal_behavior operation contract.0 
118023     DEBUG main            d.u.i.k.p.i.IntermediateProofReplayer Proof replay took 5.3ns 
118125     INFO  main            d.u.i.k.p.r.p.TestFile    ... finished proof: closed. 
118322     INFO  main            d.u.i.k.p.i.AbstractProblemLoader Loading environment from /home/runner/work/key/key/key.core/../key.ui/examples/heap/vstte10_05_Queue/LinkedList_length.key.proof 
118322     DEBUG main            d.u.i.k.p.i.AbstractProblemLoader Environment load took 112.6ns 
118323     INFO  main            d.u.i.k.p.i.AbstractProblemLoader Creating init config 
120862     DEBUG main            d.u.i.k.p.i.AbstractProblemLoader Init config took 2.54s 
120904     INFO  main            d.u.i.k.p.i.AbstractProblemLoader Replaying proof LinkedList[LinkedList::length()].JML normal_behavior operation contract.0 
120915     DEBUG main            d.u.i.k.p.i.IntermediateProofReplayer Proof replay took 9.28ms 
120915     DEBUG main            d.u.i.k.p.r.p.TestFile    ... success: reloaded. 
120916     INFO  main            d.u.i.k.p.r.p.TestFile    Now processing file /home/runner/work/key/key/key.core/../key.ui/examples/heap/vstte10_05_Queue/LinkedList_LinkedList1.key 
120917     INFO  main            d.u.i.k.p.i.AbstractProblemLoader Loading environment from /home/runner/work/key/key/key.core/../key.ui/examples/heap/vstte10_05_Queue/LinkedList_LinkedList1.key 
120917     DEBUG main            d.u.i.k.p.i.AbstractProblemLoader Environment load took 83.6ns 
120917     INFO  main            d.u.i.k.p.i.AbstractProblemLoader Creating init config 
123491     DEBUG main            d.u.i.k.p.i.AbstractProblemLoader Init config took 2.57s 
123533     INFO  main            d.u.i.k.p.i.AbstractProblemLoader Replaying proof LinkedList[LinkedList::LinkedList(int,LinkedList)].JML normal_behavior operation contract.0 
123534     DEBUG main            d.u.i.k.p.i.IntermediateProofReplayer Proof replay took 5.8ns 
125382     INFO  main            d.u.i.k.p.r.p.TestFile    ... finished proof: closed. 
125606     INFO  main            d.u.i.k.p.i.AbstractProblemLoader Loading environment from /home/runner/work/key/key/key.core/../key.ui/examples/heap/vstte10_05_Queue/LinkedList_LinkedList1.key.proof 
125607     DEBUG main            d.u.i.k.p.i.AbstractProblemLoader Environment load took 416.7ns 
125608     INFO  main            d.u.i.k.p.i.AbstractProblemLoader Creating init config 
128123     DEBUG main            d.u.i.k.p.i.AbstractProblemLoader Init config took 2.51s 
128165     INFO  main            d.u.i.k.p.i.AbstractProblemLoader Replaying proof LinkedList[LinkedList::LinkedList(int,LinkedList)].JML normal_behavior operation contract.0 
128322     DEBUG main            d.u.i.k.p.i.IntermediateProofReplayer Proof replay took 149.59ms 
128323     DEBUG main            d.u.i.k.p.r.p.TestFile    ... success: reloaded. 
128324     INFO  main            d.u.i.k.p.r.p.TestFile    Now processing file /home/runner/work/key/key/key.core/../key.ui/examples/heap/vstte10_05_Queue/LinkedList_LinkedList2.key 
128324     INFO  main            d.u.i.k.p.i.AbstractProblemLoader Loading environment from /home/runner/work/key/key/key.core/../key.ui/examples/heap/vstte10_05_Queue/LinkedList_LinkedList2.key 
128325     DEBUG main            d.u.i.k.p.i.AbstractProblemLoader Environment load took 91.8ns 
128325     INFO  main            d.u.i.k.p.i.AbstractProblemLoader Creating init config 
130923     DEBUG main            d.u.i.k.p.i.AbstractProblemLoader Init config took 2.6s 
130965     INFO  main            d.u.i.k.p.i.AbstractProblemLoader Replaying proof LinkedList[LinkedList::LinkedList(int,LinkedList)].JML normal_behavior operation contract.0 
130967     DEBUG main            d.u.i.k.p.i.IntermediateProofReplayer Proof replay took 5.8ns 
132809     INFO  main            d.u.i.k.p.r.p.TestFile    ... finished proof: closed. 
133050     INFO  main            d.u.i.k.p.i.AbstractProblemLoader Loading environment from /home/runner/work/key/key/key.core/../key.ui/examples/heap/vstte10_05_Queue/LinkedList_LinkedList2.key.proof 
133050     DEBUG main            d.u.i.k.p.i.AbstractProblemLoader Environment load took 125.6ns 
133051     INFO  main            d.u.i.k.p.i.AbstractProblemLoader Creating init config 
135559     DEBUG main            d.u.i.k.p.i.AbstractProblemLoader Init config took 2.51s 
135602     INFO  main            d.u.i.k.p.i.AbstractProblemLoader Replaying proof LinkedList[LinkedList::LinkedList(int,LinkedList)].JML normal_behavior operation contract.0 
135775     DEBUG main            d.u.i.k.p.i.IntermediateProofReplayer Proof replay took 165.46ms 
135777     DEBUG main            d.u.i.k.p.r.p.TestFile    ... success: reloaded. 
135778     INFO  main            d.u.i.k.p.r.p.TestFile    Now processing file /home/runner/work/key/key/key.core/../key.ui/examples/heap/vstte10_05_Queue/LinkedList_LinkedList3.key 
135778     INFO  main            d.u.i.k.p.i.AbstractProblemLoader Loading environment from /home/runner/work/key/key/key.core/../key.ui/examples/heap/vstte10_05_Queue/LinkedList_LinkedList3.key 
135778     DEBUG main            d.u.i.k.p.i.AbstractProblemLoader Environment load took 216.7ns 
135779     INFO  main            d.u.i.k.p.i.AbstractProblemLoader Creating init config 
138369     DEBUG main            d.u.i.k.p.i.AbstractProblemLoader Init config took 2.59s 
138411     INFO  main            d.u.i.k.p.i.AbstractProblemLoader Replaying proof LinkedList[LinkedList::LinkedList(int,LinkedList)].JML normal_behavior operation contract.0 
138413     DEBUG main            d.u.i.k.p.i.IntermediateProofReplayer Proof replay took 5.3ns 
151412     INFO  main            d.u.i.k.p.r.p.TestFile    ... finished proof: closed. 
151742     INFO  main            d.u.i.k.p.i.AbstractProblemLoader Loading environment from /home/runner/work/key/key/key.core/../key.ui/examples/heap/vstte10_05_Queue/LinkedList_LinkedList3.key.proof 
151742     DEBUG main            d.u.i.k.p.i.AbstractProblemLoader Environment load took 419.5ns 
151748     INFO  main            d.u.i.k.p.i.AbstractProblemLoader Creating init config 
154262     DEBUG main            d.u.i.k.p.i.AbstractProblemLoader Init config took 2.51s 
154313     INFO  main            d.u.i.k.p.i.AbstractProblemLoader Replaying proof LinkedList[LinkedList::LinkedList(int,LinkedList)].JML normal_behavior operation contract.0 
155345     DEBUG main            d.u.i.k.p.i.IntermediateProofReplayer Proof replay took 933.04ms 
155350     DEBUG main            d.u.i.k.p.r.p.TestFile    ... success: reloaded. 
155352     INFO  main            d.u.i.k.p.r.p.TestFile    Now processing file /home/runner/work/key/key/key.core/../key.ui/examples/heap/vstte10_05_Queue/LinkedList_reverse.key 
155352     INFO  main            d.u.i.k.p.i.AbstractProblemLoader Loading environment from /home/runner/work/key/key/key.core/../key.ui/examples/heap/vstte10_05_Queue/LinkedList_reverse.key 
155352     DEBUG main            d.u.i.k.p.i.AbstractProblemLoader Environment load took 211ns 
155353     INFO  main            d.u.i.k.p.i.AbstractProblemLoader Creating init config 
157965     DEBUG main            d.u.i.k.p.i.AbstractProblemLoader Init config took 2.61s 
158008     INFO  main            d.u.i.k.p.i.AbstractProblemLoader Replaying proof LinkedList[LinkedList::reverse()].JML normal_behavior operation contract.0 
158010     DEBUG main            d.u.i.k.p.i.IntermediateProofReplayer Proof replay took 5.9ns 
166780     INFO  main            d.u.i.k.p.r.p.TestFile    ... finished proof: closed. 
167070     INFO  main            d.u.i.k.p.i.AbstractProblemLoader Loading environment from /home/runner/work/key/key/key.core/../key.ui/examples/heap/vstte10_05_Queue/LinkedList_reverse.key.proof 
167071     DEBUG main            d.u.i.k.p.i.AbstractProblemLoader Environment load took 487.7ns 
167073     INFO  main            d.u.i.k.p.i.AbstractProblemLoader Creating init config 
169580     DEBUG main            d.u.i.k.p.i.AbstractProblemLoader Init config took 2.51s 
169622     INFO  main            d.u.i.k.p.i.AbstractProblemLoader Replaying proof LinkedList[LinkedList::reverse()].JML normal_behavior operation contract.0 
170127     DEBUG main            d.u.i.k.p.i.IntermediateProofReplayer Proof replay took 471.47ms 
170129     DEBUG main            d.u.i.k.p.r.p.TestFile    ... success: reloaded. 
170130     INFO  main            d.u.i.k.p.r.p.TestFile    Now processing file /home/runner/work/key/key/key.core/../key.ui/examples/heap/vstte10_05_Queue/LinkedList_tail.key 
170131     INFO  main            d.u.i.k.p.i.AbstractProblemLoader Loading environment from /home/runner/work/key/key/key.core/../key.ui/examples/heap/vstte10_05_Queue/LinkedList_tail.key 
170131     DEBUG main            d.u.i.k.p.i.AbstractProblemLoader Environment load took 92ns 
170131     INFO  main            d.u.i.k.p.i.AbstractProblemLoader Creating init config 
172688     DEBUG main            d.u.i.k.p.i.AbstractProblemLoader Init config took 2.56s 
172730     INFO  main            d.u.i.k.p.i.AbstractProblemLoader Replaying proof LinkedList[LinkedList::tail()].JML normal_behavior operation contract.0 
172731     DEBUG main            d.u.i.k.p.i.IntermediateProofReplayer Proof replay took 46.9ns 
173234     INFO  main            d.u.i.k.p.r.p.TestFile    ... finished proof: closed. 
173490     INFO  main            d.u.i.k.p.i.AbstractProblemLoader Loading environment from /home/runner/work/key/key/key.core/../key.ui/examples/heap/vstte10_05_Queue/LinkedList_tail.key.proof 
173491     DEBUG main            d.u.i.k.p.i.AbstractProblemLoader Environment load took 109.9ns 
173491     INFO  main            d.u.i.k.p.i.AbstractProblemLoader Creating init config 
176015     DEBUG main            d.u.i.k.p.i.AbstractProblemLoader Init config took 2.52s 
176057     INFO  main            d.u.i.k.p.i.AbstractProblemLoader Replaying proof LinkedList[LinkedList::tail()].JML normal_behavior operation contract.0 
176123     DEBUG main            d.u.i.k.p.i.IntermediateProofReplayer Proof replay took 63.44ms 
176124     DEBUG main            d.u.i.k.p.r.p.TestFile    ... success: reloaded. 
2242372    INFO  Test worker     d.u.i.k.p.r.p.StatisticsFile Returning from test VSTTE10 
2242374    INFO  Test worker     d.u.i.k.p.r.p.StatisticsFile Running test WeideEtAl 
349        INFO  Timeout watchdog d.u.i.k.p.r.p.ForkedTestFileRunner Timeout watcher launched (2000 secs.) 
362        WARN  main            d.u.i.k.s.ProofSettings   The settings in /home/runner/.key/proof-settings.props are *not* read. 
413        INFO  main            d.u.i.k.p.r.p.TestFile    Now processing file /home/runner/work/key/key/key.core/../key.ui/examples/heap/WeideEtAl_01_AddAndMultiply/AddAndMultiply_add.key 
535        INFO  main            d.u.i.k.p.i.AbstractProblemLoader Loading environment from /home/runner/work/key/key/key.core/../key.ui/examples/heap/WeideEtAl_01_AddAndMultiply/AddAndMultiply_add.key 
555        DEBUG main            d.u.i.k.p.i.AbstractProblemLoader Environment load took 2.35ms 
775        INFO  main            d.u.i.k.p.i.AbstractProblemLoader Creating init config 
1547       DEBUG main            d.u.i.k.j.TypeConverter   No LDT found for Meta 
1548       DEBUG main            d.u.i.k.j.TypeConverter   No LDT found for Meta 
1549       DEBUG main            d.u.i.k.j.TypeConverter   No LDT found for Meta 
1549       DEBUG main            d.u.i.k.j.TypeConverter   No LDT found for Meta 
2661       DEBUG main            d.u.i.k.j.TypeConverter   No LDT found for JavaBigintExpression 
7498       DEBUG main            d.u.i.k.p.i.AbstractProblemLoader Init config took 6.72s 
7689       INFO  main            d.u.i.k.p.i.AbstractProblemLoader Replaying proof AddAndMultiply[AddAndMultiply::add(int,int)].JML normal_behavior operation contract.0 
7723       DEBUG main            d.u.i.k.p.i.IntermediateProofReplayer Proof replay took 34.9ns 
9360       INFO  main            d.u.i.k.p.r.p.TestFile    ... finished proof: closed. 
9510       INFO  main            d.u.i.k.p.i.AbstractProblemLoader Loading environment from /home/runner/work/key/key/key.core/../key.ui/examples/heap/WeideEtAl_01_AddAndMultiply/AddAndMultiply_add.key.proof 
9512       DEBUG main            d.u.i.k.p.i.AbstractProblemLoader Environment load took 2.88ms 
9518       INFO  main            d.u.i.k.p.i.AbstractProblemLoader Creating init config 
12331      DEBUG main            d.u.i.k.p.i.AbstractProblemLoader Init config took 2.81s 
12403      INFO  main            d.u.i.k.p.i.AbstractProblemLoader Replaying proof AddAndMultiply[AddAndMultiply::add(int,int)].JML normal_behavior operation contract.0 
12554      DEBUG main            d.u.i.k.p.i.IntermediateProofReplayer Proof replay took 140.68ms 
12561      DEBUG main            d.u.i.k.p.r.p.TestFile    ... success: reloaded. 
12562      INFO  main            d.u.i.k.p.r.p.TestFile    Now processing file /home/runner/work/key/key/key.core/../key.ui/examples/heap/WeideEtAl_01_AddAndMultiply/AddAndMultiply_mul.key 
12563      INFO  main            d.u.i.k.p.i.AbstractProblemLoader Loading environment from /home/runner/work/key/key/key.core/../key.ui/examples/heap/WeideEtAl_01_AddAndMultiply/AddAndMultiply_mul.key 
12563      DEBUG main            d.u.i.k.p.i.AbstractProblemLoader Environment load took 246.4ns 
12565      INFO  main            d.u.i.k.p.i.AbstractProblemLoader Creating init config 
15246      DEBUG main            d.u.i.k.p.i.AbstractProblemLoader Init config took 2.68s 
15303      INFO  main            d.u.i.k.p.i.AbstractProblemLoader Replaying proof AddAndMultiply[AddAndMultiply::mul(int,int)].JML normal_behavior operation contract.0 
15306      DEBUG main            d.u.i.k.p.i.IntermediateProofReplayer Proof replay took 6.6ns 
15910      INFO  main            d.u.i.k.p.r.p.TestFile    ... finished proof: closed. 
16029      INFO  main            d.u.i.k.p.i.AbstractProblemLoader Loading environment from /home/runner/work/key/key/key.core/../key.ui/examples/heap/WeideEtAl_01_AddAndMultiply/AddAndMultiply_mul.key.proof 
16030      DEBUG main            d.u.i.k.p.i.AbstractProblemLoader Environment load took 1.02ms 
16032      INFO  main            d.u.i.k.p.i.AbstractProblemLoader Creating init config 
18608      DEBUG main            d.u.i.k.p.i.AbstractProblemLoader Init config took 2.58s 
18685      INFO  main            d.u.i.k.p.i.AbstractProblemLoader Replaying proof AddAndMultiply[AddAndMultiply::mul(int,int)].JML normal_behavior operation contract.0 
18798      DEBUG main            d.u.i.k.p.i.IntermediateProofReplayer Proof replay took 105.44ms 
18800      DEBUG main            d.u.i.k.p.r.p.TestFile    ... success: reloaded. 
18802      INFO  main            d.u.i.k.p.r.p.TestFile    Now processing file /home/runner/work/key/key/key.core/../key.ui/examples/heap/WeideEtAl_02_BinarySearch/BinarySearch_search.key 
18802      INFO  main            d.u.i.k.p.i.AbstractProblemLoader Loading environment from /home/runner/work/key/key/key.core/../key.ui/examples/heap/WeideEtAl_02_BinarySearch/BinarySearch_search.key 
18802      DEBUG main            d.u.i.k.p.i.AbstractProblemLoader Environment load took 104.5ns 
18804      INFO  main            d.u.i.k.p.i.AbstractProblemLoader Creating init config 
21399      DEBUG main            d.u.i.k.p.i.AbstractProblemLoader Init config took 2.6s 
21443      INFO  main            d.u.i.k.p.i.AbstractProblemLoader Replaying proof BinarySearch[BinarySearch::search([I,int)].JML normal_behavior operation contract.0 
21447      DEBUG main            d.u.i.k.p.i.IntermediateProofReplayer Proof replay took 5.8ns 
24295      INFO  main            d.u.i.k.p.r.p.TestFile    ... finished proof: closed. 
24493      INFO  main            d.u.i.k.p.i.AbstractProblemLoader Loading environment from /home/runner/work/key/key/key.core/../key.ui/examples/heap/WeideEtAl_02_BinarySearch/BinarySearch_search.key.proof 
24496      DEBUG main            d.u.i.k.p.i.AbstractProblemLoader Environment load took 3.13ms 
24498      INFO  main            d.u.i.k.p.i.AbstractProblemLoader Creating init config 
26968      DEBUG main            d.u.i.k.p.i.AbstractProblemLoader Init config took 2.47s 
27013      INFO  main            d.u.i.k.p.i.AbstractProblemLoader Replaying proof BinarySearch[BinarySearch::search([I,int)].JML normal_behavior operation contract.0 
27386      DEBUG main            d.u.i.k.p.i.IntermediateProofReplayer Proof replay took 352.87ms 
27387      DEBUG main            d.u.i.k.p.r.p.TestFile    ... success: reloaded. 
2269938    INFO  Test worker     d.u.i.k.p.r.p.StatisticsFile Returning from test WeideEtAl 
2269940    INFO  Test worker     d.u.i.k.p.r.p.StatisticsFile Running test arithmetic 
354        INFO  Timeout watchdog d.u.i.k.p.r.p.ForkedTestFileRunner Timeout watcher launched (2000 secs.) 
389        WARN  main            d.u.i.k.s.ProofSettings   The settings in /home/runner/.key/proof-settings.props are *not* read. 
429        INFO  main            d.u.i.k.p.r.p.TestFile    Now processing file /home/runner/work/key/key/key.core/../key.ui/examples/standard_key/arith/binomial1.key 
542        INFO  main            d.u.i.k.p.i.AbstractProblemLoader Loading environment from /home/runner/work/key/key/key.core/../key.ui/examples/standard_key/arith/binomial1.key 
572        DEBUG main            d.u.i.k.p.i.AbstractProblemLoader Environment load took 2.02ms 
813        INFO  main            d.u.i.k.p.i.AbstractProblemLoader Creating init config 
1831       DEBUG main            d.u.i.k.j.TypeConverter   No LDT found for Meta 
1832       DEBUG main            d.u.i.k.j.TypeConverter   No LDT found for Meta 
1835       DEBUG main            d.u.i.k.j.TypeConverter   No LDT found for Meta 
1835       DEBUG main            d.u.i.k.j.TypeConverter   No LDT found for Meta 
3179       DEBUG main            d.u.i.k.j.TypeConverter   No LDT found for JavaBigintExpression 
7787       DEBUG main            d.u.i.k.p.i.AbstractProblemLoader Init config took 6.97s 
7846       INFO  main            d.u.i.k.p.i.AbstractProblemLoader Replaying proof binomial1.key 
7877       DEBUG main            d.u.i.k.p.i.IntermediateProofReplayer Proof replay took 34.6ns 
8139       INFO  main            d.u.i.k.p.r.p.TestFile    ... finished proof: closed. 
8238       INFO  main            d.u.i.k.p.i.AbstractProblemLoader Loading environment from /home/runner/work/key/key/key.core/../key.ui/examples/standard_key/arith/binomial1.key.proof 
8239       DEBUG main            d.u.i.k.p.i.AbstractProblemLoader Environment load took 152ns 
8247       INFO  main            d.u.i.k.p.i.AbstractProblemLoader Creating init config 
10894      DEBUG main            d.u.i.k.p.i.AbstractProblemLoader Init config took 2.65s 
10924      INFO  main            d.u.i.k.p.i.AbstractProblemLoader Replaying proof binomial1.key.proof 
10938      DEBUG main            d.u.i.k.p.i.IntermediateProofReplayer Proof replay took 9.26ms 
10948      DEBUG main            d.u.i.k.p.r.p.TestFile    ... success: reloaded. 
10950      INFO  main            d.u.i.k.p.r.p.TestFile    Now processing file /home/runner/work/key/key/key.core/../key.ui/examples/standard_key/arith/binomial2.key 
10950      INFO  main            d.u.i.k.p.i.AbstractProblemLoader Loading environment from /home/runner/work/key/key/key.core/../key.ui/examples/standard_key/arith/binomial2.key 
10950      DEBUG main            d.u.i.k.p.i.AbstractProblemLoader Environment load took 244.3ns 
10952      INFO  main            d.u.i.k.p.i.AbstractProblemLoader Creating init config 
13479      DEBUG main            d.u.i.k.p.i.AbstractProblemLoader Init config took 2.53s 
13508      INFO  main            d.u.i.k.p.i.AbstractProblemLoader Replaying proof binomial2.key 
13511      DEBUG main            d.u.i.k.p.i.IntermediateProofReplayer Proof replay took 7.1ns 
13614      INFO  main            d.u.i.k.p.r.p.TestFile    ... finished proof: closed. 
13735      INFO  main            d.u.i.k.p.i.AbstractProblemLoader Loading environment from /home/runner/work/key/key/key.core/../key.ui/examples/standard_key/arith/binomial2.key.proof 
13735      DEBUG main            d.u.i.k.p.i.AbstractProblemLoader Environment load took 139.7ns 
13740      INFO  main            d.u.i.k.p.i.AbstractProblemLoader Creating init config 
16255      DEBUG main            d.u.i.k.p.i.AbstractProblemLoader Init config took 2.52s 
16278      INFO  main            d.u.i.k.p.i.AbstractProblemLoader Replaying proof binomial2.key.proof 
16287      DEBUG main            d.u.i.k.p.i.IntermediateProofReplayer Proof replay took 6.47ms 
16289      DEBUG main            d.u.i.k.p.r.p.TestFile    ... success: reloaded. 
16290      INFO  main            d.u.i.k.p.r.p.TestFile    Now processing file /home/runner/work/key/key/key.core/../key.ui/examples/standard_key/arith/check_jdiv.key 
16290      INFO  main            d.u.i.k.p.i.AbstractProblemLoader Loading environment from /home/runner/work/key/key/key.core/../key.ui/examples/standard_key/arith/check_jdiv.key 
16290      DEBUG main            d.u.i.k.p.i.AbstractProblemLoader Environment load took 208.8ns 
16292      INFO  main            d.u.i.k.p.i.AbstractProblemLoader Creating init config 
18729      DEBUG main            d.u.i.k.p.i.AbstractProblemLoader Init config took 2.44s 
18750      INFO  main            d.u.i.k.p.i.AbstractProblemLoader Replaying proof check_jdiv.key 
18754      DEBUG main            d.u.i.k.p.i.IntermediateProofReplayer Proof replay took 7.6ns 
24022      INFO  main            d.u.i.k.p.r.p.TestFile    ... finished proof: closed. 
24220      INFO  main            d.u.i.k.p.i.AbstractProblemLoader Loading environment from /home/runner/work/key/key/key.core/../key.ui/examples/standard_key/arith/check_jdiv.key.proof 
24221      DEBUG main            d.u.i.k.p.i.AbstractProblemLoader Environment load took 519.2ns 
24231      INFO  main            d.u.i.k.p.i.AbstractProblemLoader Creating init config 
26682      DEBUG main            d.u.i.k.p.i.AbstractProblemLoader Init config took 2.45s 
26703      INFO  main            d.u.i.k.p.i.AbstractProblemLoader Replaying proof check_jdiv.key.proof 
27043      DEBUG main            d.u.i.k.p.i.IntermediateProofReplayer Proof replay took 296.61ms 
27045      DEBUG main            d.u.i.k.p.r.p.TestFile    ... success: reloaded. 
27046      INFO  main            d.u.i.k.p.r.p.TestFile    Now processing file /home/runner/work/key/key/key.core/../key.ui/examples/standard_key/arith/check_jdiv_concrete.key 
27047      INFO  main            d.u.i.k.p.i.AbstractProblemLoader Loading environment from /home/runner/work/key/key/key.core/../key.ui/examples/standard_key/arith/check_jdiv_concrete.key 
27047      DEBUG main            d.u.i.k.p.i.AbstractProblemLoader Environment load took 274.4ns 
27050      INFO  main            d.u.i.k.p.i.AbstractProblemLoader Creating init config 
29455      DEBUG main            d.u.i.k.p.i.AbstractProblemLoader Init config took 2.41s 
29474      INFO  main            d.u.i.k.p.i.AbstractProblemLoader Replaying proof check_jdiv_concrete.key 
29477      DEBUG main            d.u.i.k.p.i.IntermediateProofReplayer Proof replay took 5.8ns 
29579      INFO  main            d.u.i.k.p.r.p.TestFile    ... finished proof: closed. 
29761      INFO  main            d.u.i.k.p.i.AbstractProblemLoader Loading environment from /home/runner/work/key/key/key.core/../key.ui/examples/standard_key/arith/check_jdiv_concrete.key.proof 
29762      DEBUG main            d.u.i.k.p.i.AbstractProblemLoader Environment load took 119ns 
29763      INFO  main            d.u.i.k.p.i.AbstractProblemLoader Creating init config 
32125      DEBUG main            d.u.i.k.p.i.AbstractProblemLoader Init config took 2.36s 
32144      INFO  main            d.u.i.k.p.i.AbstractProblemLoader Replaying proof check_jdiv_concrete.key.proof 
32148      DEBUG main            d.u.i.k.p.i.IntermediateProofReplayer Proof replay took 2.4ms 
32150      DEBUG main            d.u.i.k.p.r.p.TestFile    ... success: reloaded. 
32151      INFO  main            d.u.i.k.p.r.p.TestFile    Now processing file /home/runner/work/key/key/key.core/../key.ui/examples/standard_key/arith/check_jdiv_instantiated.key 
32151      INFO  main            d.u.i.k.p.i.AbstractProblemLoader Loading environment from /home/runner/work/key/key/key.core/../key.ui/examples/standard_key/arith/check_jdiv_instantiated.key 
32151      DEBUG main            d.u.i.k.p.i.AbstractProblemLoader Environment load took 202.5ns 
32153      INFO  main            d.u.i.k.p.i.AbstractProblemLoader Creating init config 
34608      DEBUG main            d.u.i.k.p.i.AbstractProblemLoader Init config took 2.46s 
34628      INFO  main            d.u.i.k.p.i.AbstractProblemLoader Replaying proof check_jdiv_instantiated.key 
34630      DEBUG main            d.u.i.k.p.i.IntermediateProofReplayer Proof replay took 5.9ns 
37855      INFO  main            d.u.i.k.p.r.p.TestFile    ... finished proof: closed. 
38050      INFO  main            d.u.i.k.p.i.AbstractProblemLoader Loading environment from /home/runner/work/key/key/key.core/../key.ui/examples/standard_key/arith/check_jdiv_instantiated.key.proof 
38050      DEBUG main            d.u.i.k.p.i.AbstractProblemLoader Environment load took 199.1ns 
38053      INFO  main            d.u.i.k.p.i.AbstractProblemLoader Creating init config 
40422      DEBUG main            d.u.i.k.p.i.AbstractProblemLoader Init config took 2.37s 
40442      INFO  main            d.u.i.k.p.i.AbstractProblemLoader Replaying proof check_jdiv_instantiated.key.proof 
40583      DEBUG main            d.u.i.k.p.i.IntermediateProofReplayer Proof replay took 116.61ms 
40585      DEBUG main            d.u.i.k.p.r.p.TestFile    ... success: reloaded. 
40586      INFO  main            d.u.i.k.p.r.p.TestFile    Now processing file /home/runner/work/key/key/key.core/../key.ui/examples/standard_key/arith/check_jmod.key 
40586      INFO  main            d.u.i.k.p.i.AbstractProblemLoader Loading environment from /home/runner/work/key/key/key.core/../key.ui/examples/standard_key/arith/check_jmod.key 
40587      DEBUG main            d.u.i.k.p.i.AbstractProblemLoader Environment load took 206.8ns 
40588      INFO  main            d.u.i.k.p.i.AbstractProblemLoader Creating init config 
42996      DEBUG main            d.u.i.k.p.i.AbstractProblemLoader Init config took 2.41s 
43013      INFO  main            d.u.i.k.p.i.AbstractProblemLoader Replaying proof check_jmod.key 
43016      DEBUG main            d.u.i.k.p.i.IntermediateProofReplayer Proof replay took 21.5ns 
43523      INFO  main            d.u.i.k.p.r.p.TestFile    ... finished proof: closed. 
43708      INFO  main            d.u.i.k.p.i.AbstractProblemLoader Loading environment from /home/runner/work/key/key/key.core/../key.ui/examples/standard_key/arith/check_jmod.key.proof 
43709      DEBUG main            d.u.i.k.p.i.AbstractProblemLoader Environment load took 196.6ns 
43711      INFO  main            d.u.i.k.p.i.AbstractProblemLoader Creating init config 
46084      DEBUG main            d.u.i.k.p.i.AbstractProblemLoader Init config took 2.37s 
46100      INFO  main            d.u.i.k.p.i.AbstractProblemLoader Replaying proof check_jmod.key.proof 
46130      DEBUG main            d.u.i.k.p.i.IntermediateProofReplayer Proof replay took 23.78ms 
46131      DEBUG main            d.u.i.k.p.r.p.TestFile    ... success: reloaded. 
46132      INFO  main            d.u.i.k.p.r.p.TestFile    Now processing file /home/runner/work/key/key/key.core/../key.ui/examples/standard_key/arith/complexExpressions.key 
46132      INFO  main            d.u.i.k.p.i.AbstractProblemLoader Loading environment from /home/runner/work/key/key/key.core/../key.ui/examples/standard_key/arith/complexExpressions.key 
46132      DEBUG main            d.u.i.k.p.i.AbstractProblemLoader Environment load took 127.2ns 
46133      INFO  main            d.u.i.k.p.i.AbstractProblemLoader Creating init config 
48502      DEBUG main            d.u.i.k.p.i.AbstractProblemLoader Init config took 2.37s 
48522      INFO  main            d.u.i.k.p.i.AbstractProblemLoader Replaying proof complexExpressions.key 
48524      DEBUG main            d.u.i.k.p.i.IntermediateProofReplayer Proof replay took 6.8ns 
48729      INFO  main            d.u.i.k.p.r.p.TestFile    ... finished proof: closed. 
48905      INFO  main            d.u.i.k.p.i.AbstractProblemLoader Loading environment from /home/runner/work/key/key/key.core/../key.ui/examples/standard_key/arith/complexExpressions.key.proof 
48905      DEBUG main            d.u.i.k.p.i.AbstractProblemLoader Environment load took 115.2ns 
48907      INFO  main            d.u.i.k.p.i.AbstractProblemLoader Creating init config 
51286      DEBUG main            d.u.i.k.p.i.AbstractProblemLoader Init config took 2.38s 
51307      INFO  main            d.u.i.k.p.i.AbstractProblemLoader Replaying proof complexExpressions.key.proof 
51319      DEBUG main            d.u.i.k.p.i.IntermediateProofReplayer Proof replay took 9.34ms 
51320      DEBUG main            d.u.i.k.p.r.p.TestFile    ... success: reloaded. 
51321      INFO  main            d.u.i.k.p.r.p.TestFile    Now processing file /home/runner/work/key/key/key.core/../key.ui/examples/standard_key/arith/compound_unaryMinus.key 
51321      INFO  main            d.u.i.k.p.i.AbstractProblemLoader Loading environment from /home/runner/work/key/key/key.core/../key.ui/examples/standard_key/arith/compound_unaryMinus.key 
51321      DEBUG main            d.u.i.k.p.i.AbstractProblemLoader Environment load took 85.2ns 
51322      INFO  main            d.u.i.k.p.i.AbstractProblemLoader Creating init config 
53678      DEBUG main            d.u.i.k.p.i.AbstractProblemLoader Init config took 2.36s 
53695      INFO  main            d.u.i.k.p.i.AbstractProblemLoader Replaying proof compound_unaryMinus.key 
53696      DEBUG main            d.u.i.k.p.i.IntermediateProofReplayer Proof replay took 7.2ns 
53799      INFO  main            d.u.i.k.p.r.p.TestFile    ... finished proof: closed. 
53996      INFO  main            d.u.i.k.p.i.AbstractProblemLoader Loading environment from /home/runner/work/key/key/key.core/../key.ui/examples/standard_key/arith/compound_unaryMinus.key.proof 
53996      DEBUG main            d.u.i.k.p.i.AbstractProblemLoader Environment load took 518.1ns 
53997      INFO  main            d.u.i.k.p.i.AbstractProblemLoader Creating init config 
56310      DEBUG main            d.u.i.k.p.i.AbstractProblemLoader Init config took 2.31s 
56326      INFO  main            d.u.i.k.p.i.AbstractProblemLoader Replaying proof compound_unaryMinus.key.proof 
56331      DEBUG main            d.u.i.k.p.i.IntermediateProofReplayer Proof replay took 3.34ms 
56332      DEBUG main            d.u.i.k.p.r.p.TestFile    ... success: reloaded. 
56332      INFO  main            d.u.i.k.p.r.p.TestFile    Now processing file /home/runner/work/key/key/key.core/../key.ui/examples/standard_key/arith/computation.key 
56333      INFO  main            d.u.i.k.p.i.AbstractProblemLoader Loading environment from /home/runner/work/key/key/key.core/../key.ui/examples/standard_key/arith/computation.key 
56333      DEBUG main            d.u.i.k.p.i.AbstractProblemLoader Environment load took 80.5ns 
56334      INFO  main            d.u.i.k.p.i.AbstractProblemLoader Creating init config 
58681      DEBUG main            d.u.i.k.p.i.AbstractProblemLoader Init config took 2.35s 
58698      INFO  main            d.u.i.k.p.i.AbstractProblemLoader Replaying proof computation.key 
58700      DEBUG main            d.u.i.k.p.i.IntermediateProofReplayer Proof replay took 5.9ns 
60134      INFO  main            d.u.i.k.p.r.p.TestFile    ... finished proof: closed. 
60350      INFO  main            d.u.i.k.p.i.AbstractProblemLoader Loading environment from /home/runner/work/key/key/key.core/../key.ui/examples/standard_key/arith/computation.key.proof 
60351      DEBUG main            d.u.i.k.p.i.AbstractProblemLoader Environment load took 431.4ns 
60352      INFO  main            d.u.i.k.p.i.AbstractProblemLoader Creating init config 
62683      DEBUG main            d.u.i.k.p.i.AbstractProblemLoader Init config took 2.33s 
62700      INFO  main            d.u.i.k.p.i.AbstractProblemLoader Replaying proof computation.key.proof 
62760      DEBUG main            d.u.i.k.p.i.IntermediateProofReplayer Proof replay took 55.1ms 
62761      DEBUG main            d.u.i.k.p.r.p.TestFile    ... success: reloaded. 
62763      INFO  main            d.u.i.k.p.r.p.TestFile    Now processing file /home/runner/work/key/key/key.core/../key.ui/examples/standard_key/arith/cubicSum.key 
62763      INFO  main            d.u.i.k.p.i.AbstractProblemLoader Loading environment from /home/runner/work/key/key/key.core/../key.ui/examples/standard_key/arith/cubicSum.key 
62763      DEBUG main            d.u.i.k.p.i.AbstractProblemLoader Environment load took 211ns 
62765      INFO  main            d.u.i.k.p.i.AbstractProblemLoader Creating init config 
65295      DEBUG main            d.u.i.k.p.i.AbstractProblemLoader Init config took 2.53s 
65310      INFO  main            d.u.i.k.p.i.AbstractProblemLoader Replaying proof cubicSum.key 
65313      DEBUG main            d.u.i.k.p.i.IntermediateProofReplayer Proof replay took 6.5ns 
66323      INFO  main            d.u.i.k.p.r.p.TestFile    ... finished proof: closed. 
66593      INFO  main            d.u.i.k.p.i.AbstractProblemLoader Loading environment from /home/runner/work/key/key/key.core/../key.ui/examples/standard_key/arith/cubicSum.key.proof 
66595      DEBUG main            d.u.i.k.p.i.AbstractProblemLoader Environment load took 1.27ms 
66596      INFO  main            d.u.i.k.p.i.AbstractProblemLoader Creating init config 
69033      DEBUG main            d.u.i.k.p.i.AbstractProblemLoader Init config took 2.44s 
69049      INFO  main            d.u.i.k.p.i.AbstractProblemLoader Replaying proof cubicSum.key.proof 
69163      DEBUG main            d.u.i.k.p.i.IntermediateProofReplayer Proof replay took 109.59ms 
69164      DEBUG main            d.u.i.k.p.r.p.TestFile    ... success: reloaded. 
69165      INFO  main            d.u.i.k.p.r.p.TestFile    Now processing file /home/runner/work/key/key/key.core/../key.ui/examples/standard_key/arith/divByZero.key 
69166      INFO  main            d.u.i.k.p.i.AbstractProblemLoader Loading environment from /home/runner/work/key/key/key.core/../key.ui/examples/standard_key/arith/divByZero.key 
69166      DEBUG main            d.u.i.k.p.i.AbstractProblemLoader Environment load took 198.3ns 
69167      INFO  main            d.u.i.k.p.i.AbstractProblemLoader Creating init config 
71601      DEBUG main            d.u.i.k.p.i.AbstractProblemLoader Init config took 2.43s 
71616      INFO  main            d.u.i.k.p.i.AbstractProblemLoader Replaying proof divByZero.key 
71618      DEBUG main            d.u.i.k.p.i.IntermediateProofReplayer Proof replay took 6.8ns 
71820      INFO  main            d.u.i.k.p.r.p.TestFile    ... finished proof: closed. 
72016      INFO  main            d.u.i.k.p.i.AbstractProblemLoader Loading environment from /home/runner/work/key/key/key.core/../key.ui/examples/standard_key/arith/divByZero.key.proof 
72016      DEBUG main            d.u.i.k.p.i.AbstractProblemLoader Environment load took 124.1ns 
72017      INFO  main            d.u.i.k.p.i.AbstractProblemLoader Creating init config 
74426      DEBUG main            d.u.i.k.p.i.AbstractProblemLoader Init config took 2.41s 
74441      INFO  main            d.u.i.k.p.i.AbstractProblemLoader Replaying proof divByZero.key.proof 
74474      DEBUG main            d.u.i.k.p.i.IntermediateProofReplayer Proof replay took 29.58ms 
74475      DEBUG main            d.u.i.k.p.r.p.TestFile    ... success: reloaded. 
74476      INFO  main            d.u.i.k.p.r.p.TestFile    Now processing file /home/runner/work/key/key/key.core/../key.ui/examples/standard_key/arith/divisionAssoc.key 
74476      INFO  main            d.u.i.k.p.i.AbstractProblemLoader Loading environment from /home/runner/work/key/key/key.core/../key.ui/examples/standard_key/arith/divisionAssoc.key 
74476      DEBUG main            d.u.i.k.p.i.AbstractProblemLoader Environment load took 204.7ns 
74478      INFO  main            d.u.i.k.p.i.AbstractProblemLoader Creating init config 
76831      DEBUG main            d.u.i.k.p.i.AbstractProblemLoader Init config took 2.35s 
76845      INFO  main            d.u.i.k.p.i.AbstractProblemLoader Replaying proof divisionAssoc.key 
76847      DEBUG main            d.u.i.k.p.i.IntermediateProofReplayer Proof replay took 6.9ns 
77551      INFO  main            d.u.i.k.p.r.p.TestFile    ... finished proof: closed. 
77763      INFO  main            d.u.i.k.p.i.AbstractProblemLoader Loading environment from /home/runner/work/key/key/key.core/../key.ui/examples/standard_key/arith/divisionAssoc.key.proof 
77763      DEBUG main            d.u.i.k.p.i.AbstractProblemLoader Environment load took 453.2ns 
77764      INFO  main            d.u.i.k.p.i.AbstractProblemLoader Creating init config 
80086      DEBUG main            d.u.i.k.p.i.AbstractProblemLoader Init config took 2.32s 
80101      INFO  main            d.u.i.k.p.i.AbstractProblemLoader Replaying proof divisionAssoc.key.proof 
80134      DEBUG main            d.u.i.k.p.i.IntermediateProofReplayer Proof replay took 28.92ms 
80135      DEBUG main            d.u.i.k.p.r.p.TestFile    ... success: reloaded. 
80136      INFO  main            d.u.i.k.p.r.p.TestFile    Now processing file /home/runner/work/key/key/key.core/../key.ui/examples/standard_key/arith/divisionBy2.key 
80137      INFO  main            d.u.i.k.p.i.AbstractProblemLoader Loading environment from /home/runner/work/key/key/key.core/../key.ui/examples/standard_key/arith/divisionBy2.key 
80137      DEBUG main            d.u.i.k.p.i.AbstractProblemLoader Environment load took 96.3ns 
80138      INFO  main            d.u.i.k.p.i.AbstractProblemLoader Creating init config 
82467      DEBUG main            d.u.i.k.p.i.AbstractProblemLoader Init config took 2.33s 
82480      INFO  main            d.u.i.k.p.i.AbstractProblemLoader Replaying proof divisionBy2.key 
82481      DEBUG main            d.u.i.k.p.i.IntermediateProofReplayer Proof replay took 6.3ns 
82583      INFO  main            d.u.i.k.p.r.p.TestFile    ... finished proof: closed. 
82855      INFO  main            d.u.i.k.p.i.AbstractProblemLoader Loading environment from /home/runner/work/key/key/key.core/../key.ui/examples/standard_key/arith/divisionBy2.key.proof 
82855      DEBUG main            d.u.i.k.p.i.AbstractProblemLoader Environment load took 112.9ns 
82857      INFO  main            d.u.i.k.p.i.AbstractProblemLoader Creating init config 
85133      DEBUG main            d.u.i.k.p.i.AbstractProblemLoader Init config took 2.28s 
85147      INFO  main            d.u.i.k.p.i.AbstractProblemLoader Replaying proof divisionBy2.key.proof 
85152      DEBUG main            d.u.i.k.p.i.IntermediateProofReplayer Proof replay took 3.56ms 
85153      DEBUG main            d.u.i.k.p.r.p.TestFile    ... success: reloaded. 
85154      INFO  main            d.u.i.k.p.r.p.TestFile    Now processing file /home/runner/work/key/key/key.core/../key.ui/examples/standard_key/arith/euclidean/gcdHelp-post.key 
85154      INFO  main            d.u.i.k.p.i.AbstractProblemLoader Loading environment from /home/runner/work/key/key/key.core/../key.ui/examples/standard_key/arith/euclidean/gcdHelp-post.key 
85158      DEBUG main            d.u.i.k.p.i.AbstractProblemLoader Environment load took 3.76ms 
85159      INFO  main            d.u.i.k.p.i.AbstractProblemLoader Creating init config 
87659      DEBUG main            d.u.i.k.p.i.AbstractProblemLoader Init config took 2.5s 
87676      INFO  main            d.u.i.k.p.i.AbstractProblemLoader Replaying proof gcdHelp-post.key 
87679      DEBUG main            d.u.i.k.p.i.IntermediateProofReplayer Proof replay took 6.3ns 
90932      INFO  main            d.u.i.k.p.r.p.TestFile    ... finished proof: closed. 
91163      INFO  main            d.u.i.k.p.i.AbstractProblemLoader Loading environment from /home/runner/work/key/key/key.core/../key.ui/examples/standard_key/arith/euclidean/gcdHelp-post.key.proof 
91164      DEBUG main            d.u.i.k.p.i.AbstractProblemLoader Environment load took 187.2ns 
91165      INFO  main            d.u.i.k.p.i.AbstractProblemLoader Creating init config 
93572      DEBUG main            d.u.i.k.p.i.AbstractProblemLoader Init config took 2.41s 
93587      INFO  main            d.u.i.k.p.i.AbstractProblemLoader Replaying proof gcdHelp-post.key.proof 
93729      DEBUG main            d.u.i.k.p.i.IntermediateProofReplayer Proof replay took 132.3ms 
93730      DEBUG main            d.u.i.k.p.r.p.TestFile    ... success: reloaded. 
93732      INFO  main            d.u.i.k.p.r.p.TestFile    Now processing file /home/runner/work/key/key/key.core/../key.ui/examples/standard_key/arith/gemplusDecimal/add.key 
93732      INFO  main            d.u.i.k.p.i.AbstractProblemLoader Loading environment from /home/runner/work/key/key/key.core/../key.ui/examples/standard_key/arith/gemplusDecimal/add.key 
93732      DEBUG main            d.u.i.k.p.i.AbstractProblemLoader Environment load took 194.3ns 
93734      INFO  main            d.u.i.k.p.i.AbstractProblemLoader Creating init config 
96134      DEBUG main            d.u.i.k.p.i.AbstractProblemLoader Init config took 2.4s 
96149      INFO  main            d.u.i.k.p.i.AbstractProblemLoader Replaying proof add.key 
96151      DEBUG main            d.u.i.k.p.i.IntermediateProofReplayer Proof replay took 6.3ns 
138285     INFO  main            d.u.i.k.p.r.p.TestFile    ... finished proof: closed. 
138661     INFO  main            d.u.i.k.p.i.AbstractProblemLoader Loading environment from /home/runner/work/key/key/key.core/../key.ui/examples/standard_key/arith/gemplusDecimal/add.key.proof 
138662     DEBUG main            d.u.i.k.p.i.AbstractProblemLoader Environment load took 405.4ns 
138671     INFO  main            d.u.i.k.p.i.AbstractProblemLoader Creating init config 
141019     DEBUG main            d.u.i.k.p.i.AbstractProblemLoader Init config took 2.35s 
141035     INFO  main            d.u.i.k.p.i.AbstractProblemLoader Replaying proof add.key.proof 
142958     DEBUG main            d.u.i.k.p.i.IntermediateProofReplayer Proof replay took 1.81s 
142965     DEBUG main            d.u.i.k.p.r.p.TestFile    ... success: reloaded. 
142966     INFO  main            d.u.i.k.p.r.p.TestFile    Now processing file /home/runner/work/key/key/key.core/../key.ui/examples/standard_key/arith/jdivevenodd.key 
142967     INFO  main            d.u.i.k.p.i.AbstractProblemLoader Loading environment from /home/runner/work/key/key/key.core/../key.ui/examples/standard_key/arith/jdivevenodd.key 
142967     DEBUG main            d.u.i.k.p.i.AbstractProblemLoader Environment load took 208.2ns 
142968     INFO  main            d.u.i.k.p.i.AbstractProblemLoader Creating init config 
145421     DEBUG main            d.u.i.k.p.i.AbstractProblemLoader Init config took 2.45s 
145434     INFO  main            d.u.i.k.p.i.AbstractProblemLoader Replaying proof jdivevenodd.key 
145436     DEBUG main            d.u.i.k.p.i.IntermediateProofReplayer Proof replay took 6ns 
145638     INFO  main            d.u.i.k.p.r.p.TestFile    ... finished proof: closed. 
145978     INFO  main            d.u.i.k.p.i.AbstractProblemLoader Loading environment from /home/runner/work/key/key/key.core/../key.ui/examples/standard_key/arith/jdivevenodd.key.proof 
145978     DEBUG main            d.u.i.k.p.i.AbstractProblemLoader Environment load took 132.7ns 
145979     INFO  main            d.u.i.k.p.i.AbstractProblemLoader Creating init config 
148247     DEBUG main            d.u.i.k.p.i.AbstractProblemLoader Init config took 2.27s 
148260     INFO  main            d.u.i.k.p.i.AbstractProblemLoader Replaying proof jdivevenodd.key.proof 
148270     DEBUG main            d.u.i.k.p.i.IntermediateProofReplayer Proof replay took 7.12ms 
148271     DEBUG main            d.u.i.k.p.r.p.TestFile    ... success: reloaded. 
148272     INFO  main            d.u.i.k.p.r.p.TestFile    Now processing file /home/runner/work/key/key/key.core/../key.ui/examples/standard_key/arith/median.key 
148272     INFO  main            d.u.i.k.p.i.AbstractProblemLoader Loading environment from /home/runner/work/key/key/key.core/../key.ui/examples/standard_key/arith/median.key 
148272     DEBUG main            d.u.i.k.p.i.AbstractProblemLoader Environment load took 132ns 
148273     INFO  main            d.u.i.k.p.i.AbstractProblemLoader Creating init config 
150604     DEBUG main            d.u.i.k.p.i.AbstractProblemLoader Init config took 2.33s 
150619     INFO  main            d.u.i.k.p.i.AbstractProblemLoader Replaying proof median.key 
150628     DEBUG main            d.u.i.k.p.i.IntermediateProofReplayer Proof replay took 6.2ns 
164904     INFO  main            d.u.i.k.p.r.p.TestFile    ... finished proof: closed. 
165203     INFO  main            d.u.i.k.p.i.AbstractProblemLoader Loading environment from /home/runner/work/key/key/key.core/../key.ui/examples/standard_key/arith/median.key.proof 
165203     DEBUG main            d.u.i.k.p.i.AbstractProblemLoader Environment load took 503.5ns 
165206     INFO  main            d.u.i.k.p.i.AbstractProblemLoader Creating init config 
167487     DEBUG main            d.u.i.k.p.i.AbstractProblemLoader Init config took 2.28s 
167502     INFO  main            d.u.i.k.p.i.AbstractProblemLoader Replaying proof median.key.proof 
168007     DEBUG main            d.u.i.k.p.i.IntermediateProofReplayer Proof replay took 446.39ms 
168011     DEBUG main            d.u.i.k.p.r.p.TestFile    ... success: reloaded. 
168013     INFO  main            d.u.i.k.p.r.p.TestFile    Now processing file /home/runner/work/key/key/key.core/../key.ui/examples/standard_key/arith/mod1.key 
168013     INFO  main            d.u.i.k.p.i.AbstractProblemLoader Loading environment from /home/runner/work/key/key/key.core/../key.ui/examples/standard_key/arith/mod1.key 
168013     DEBUG main            d.u.i.k.p.i.AbstractProblemLoader Environment load took 75.5ns 
168014     INFO  main            d.u.i.k.p.i.AbstractProblemLoader Creating init config 
170365     DEBUG main            d.u.i.k.p.i.AbstractProblemLoader Init config took 2.35s 
170378     INFO  main            d.u.i.k.p.i.AbstractProblemLoader Replaying proof mod1.key 
170381     DEBUG main            d.u.i.k.p.i.IntermediateProofReplayer Proof replay took 7ns 
170483     INFO  main            d.u.i.k.p.r.p.TestFile    ... finished proof: closed. 
170769     INFO  main            d.u.i.k.p.i.AbstractProblemLoader Loading environment from /home/runner/work/key/key/key.core/../key.ui/examples/standard_key/arith/mod1.key.proof 
170769     DEBUG main            d.u.i.k.p.i.AbstractProblemLoader Environment load took 106.3ns 
170770     INFO  main            d.u.i.k.p.i.AbstractProblemLoader Creating init config 
173052     DEBUG main            d.u.i.k.p.i.AbstractProblemLoader Init config took 2.28s 
173065     INFO  main            d.u.i.k.p.i.AbstractProblemLoader Replaying proof mod1.key.proof 
173068     DEBUG main            d.u.i.k.p.i.IntermediateProofReplayer Proof replay took 1.46ms 
173069     DEBUG main            d.u.i.k.p.r.p.TestFile    ... success: reloaded. 
173070     INFO  main            d.u.i.k.p.r.p.TestFile    Now processing file /home/runner/work/key/key/key.core/../key.ui/examples/standard_key/arith/mod2.key 
173071     INFO  main            d.u.i.k.p.i.AbstractProblemLoader Loading environment from /home/runner/work/key/key/key.core/../key.ui/examples/standard_key/arith/mod2.key 
173071     DEBUG main            d.u.i.k.p.i.AbstractProblemLoader Environment load took 88.8ns 
173072     INFO  main            d.u.i.k.p.i.AbstractProblemLoader Creating init config 
175358     DEBUG main            d.u.i.k.p.i.AbstractProblemLoader Init config took 2.29s 
175371     INFO  main            d.u.i.k.p.i.AbstractProblemLoader Replaying proof mod2.key 
175373     DEBUG main            d.u.i.k.p.i.IntermediateProofReplayer Proof replay took 6.8ns 
175477     INFO  main            d.u.i.k.p.r.p.TestFile    ... finished proof: closed. 
175689     INFO  main            d.u.i.k.p.i.AbstractProblemLoader Loading environment from /home/runner/work/key/key/key.core/../key.ui/examples/standard_key/arith/mod2.key.proof 
175690     DEBUG main            d.u.i.k.p.i.AbstractProblemLoader Environment load took 96.6ns 
175691     INFO  main            d.u.i.k.p.i.AbstractProblemLoader Creating init config 
177970     DEBUG main            d.u.i.k.p.i.AbstractProblemLoader Init config took 2.28s 
177983     INFO  main            d.u.i.k.p.i.AbstractProblemLoader Replaying proof mod2.key.proof 
177985     DEBUG main            d.u.i.k.p.i.IntermediateProofReplayer Proof replay took 978.61ns 
177986     DEBUG main            d.u.i.k.p.r.p.TestFile    ... success: reloaded. 
177987     INFO  main            d.u.i.k.p.r.p.TestFile    Now processing file /home/runner/work/key/key/key.core/../key.ui/examples/standard_key/arith/mod7.key 
177987     INFO  main            d.u.i.k.p.i.AbstractProblemLoader Loading environment from /home/runner/work/key/key/key.core/../key.ui/examples/standard_key/arith/mod7.key 
177987     DEBUG main            d.u.i.k.p.i.AbstractProblemLoader Environment load took 71.4ns 
177988     INFO  main            d.u.i.k.p.i.AbstractProblemLoader Creating init config 
180306     DEBUG main            d.u.i.k.p.i.AbstractProblemLoader Init config took 2.32s 
180319     INFO  main            d.u.i.k.p.i.AbstractProblemLoader Replaying proof mod7.key 
180320     DEBUG main            d.u.i.k.p.i.IntermediateProofReplayer Proof replay took 5.9ns 
180422     INFO  main            d.u.i.k.p.r.p.TestFile    ... finished proof: closed. 
180642     INFO  main            d.u.i.k.p.i.AbstractProblemLoader Loading environment from /home/runner/work/key/key/key.core/../key.ui/examples/standard_key/arith/mod7.key.proof 
180642     DEBUG main            d.u.i.k.p.i.AbstractProblemLoader Environment load took 107.5ns 
180643     INFO  main            d.u.i.k.p.i.AbstractProblemLoader Creating init config 
182926     DEBUG main            d.u.i.k.p.i.AbstractProblemLoader Init config took 2.28s 
182939     INFO  main            d.u.i.k.p.i.AbstractProblemLoader Replaying proof mod7.key.proof 
182944     DEBUG main            d.u.i.k.p.i.IntermediateProofReplayer Proof replay took 2.84ms 
182945     DEBUG main            d.u.i.k.p.r.p.TestFile    ... success: reloaded. 
182945     INFO  main            d.u.i.k.p.r.p.TestFile    Now processing file /home/runner/work/key/key/key.core/../key.ui/examples/standard_key/arith/overflow_hija.key 
182945     INFO  main            d.u.i.k.p.i.AbstractProblemLoader Loading environment from /home/runner/work/key/key/key.core/../key.ui/examples/standard_key/arith/overflow_hija.key 
182945     DEBUG main            d.u.i.k.p.i.AbstractProblemLoader Environment load took 68.4ns 
182947     INFO  main            d.u.i.k.p.i.AbstractProblemLoader Creating init config 
185267     DEBUG main            d.u.i.k.p.i.AbstractProblemLoader Init config took 2.32s 
185282     INFO  main            d.u.i.k.p.i.AbstractProblemLoader Replaying proof overflow_hija.key 
185284     DEBUG main            d.u.i.k.p.i.IntermediateProofReplayer Proof replay took 6.2ns 
189853     INFO  main            d.u.i.k.p.r.p.TestFile    ... finished proof: closed. 
190122     INFO  main            d.u.i.k.p.i.AbstractProblemLoader Loading environment from /home/runner/work/key/key/key.core/../key.ui/examples/standard_key/arith/overflow_hija.key.proof 
190122     DEBUG main            d.u.i.k.p.i.AbstractProblemLoader Environment load took 109.1ns 
190124     INFO  main            d.u.i.k.p.i.AbstractProblemLoader Creating init config 
192416     DEBUG main            d.u.i.k.p.i.AbstractProblemLoader Init config took 2.29s 
192433     INFO  main            d.u.i.k.p.i.AbstractProblemLoader Replaying proof overflow_hija.key.proof 
192578     DEBUG main            d.u.i.k.p.i.IntermediateProofReplayer Proof replay took 135.6ms 
192580     DEBUG main            d.u.i.k.p.r.p.TestFile    ... success: reloaded. 
192581     INFO  main            d.u.i.k.p.r.p.TestFile    Now processing file /home/runner/work/key/key/key.core/../key.ui/examples/standard_key/arith/poly_division0.key 
192581     INFO  main            d.u.i.k.p.i.AbstractProblemLoader Loading environment from /home/runner/work/key/key/key.core/../key.ui/examples/standard_key/arith/poly_division0.key 
192581     DEBUG main            d.u.i.k.p.i.AbstractProblemLoader Environment load took 200.4ns 
192582     INFO  main            d.u.i.k.p.i.AbstractProblemLoader Creating init config 
194895     DEBUG main            d.u.i.k.p.i.AbstractProblemLoader Init config took 2.31s 
194908     INFO  main            d.u.i.k.p.i.AbstractProblemLoader Replaying proof poly_division0.key 
194909     DEBUG main            d.u.i.k.p.i.IntermediateProofReplayer Proof replay took 5.3ns 
195013     INFO  main            d.u.i.k.p.r.p.TestFile    ... finished proof: closed. 
195303     INFO  main            d.u.i.k.p.i.AbstractProblemLoader Loading environment from /home/runner/work/key/key/key.core/../key.ui/examples/standard_key/arith/poly_division0.key.proof 
195303     DEBUG main            d.u.i.k.p.i.AbstractProblemLoader Environment load took 103.1ns 
195304     INFO  main            d.u.i.k.p.i.AbstractProblemLoader Creating init config 
197562     DEBUG main            d.u.i.k.p.i.AbstractProblemLoader Init config took 2.26s 
197575     INFO  main            d.u.i.k.p.i.AbstractProblemLoader Replaying proof poly_division0.key.proof 
197580     DEBUG main            d.u.i.k.p.i.IntermediateProofReplayer Proof replay took 3.23ms 
197581     DEBUG main            d.u.i.k.p.r.p.TestFile    ... success: reloaded. 
197582     INFO  main            d.u.i.k.p.r.p.TestFile    Now processing file /home/runner/work/key/key/key.core/../key.ui/examples/standard_key/arith/poly_division1.key 
197582     INFO  main            d.u.i.k.p.i.AbstractProblemLoader Loading environment from /home/runner/work/key/key/key.core/../key.ui/examples/standard_key/arith/poly_division1.key 
197582     DEBUG main            d.u.i.k.p.i.AbstractProblemLoader Environment load took 64.7ns 
197583     INFO  main            d.u.i.k.p.i.AbstractProblemLoader Creating init config 
199890     DEBUG main            d.u.i.k.p.i.AbstractProblemLoader Init config took 2.31s 
199903     INFO  main            d.u.i.k.p.i.AbstractProblemLoader Replaying proof poly_division1.key 
199904     DEBUG main            d.u.i.k.p.i.IntermediateProofReplayer Proof replay took 6.4ns 
200009     INFO  main            d.u.i.k.p.r.p.TestFile    ... finished proof: closed. 
200248     INFO  main            d.u.i.k.p.i.AbstractProblemLoader Loading environment from /home/runner/work/key/key/key.core/../key.ui/examples/standard_key/arith/poly_division1.key.proof 
200248     DEBUG main            d.u.i.k.p.i.AbstractProblemLoader Environment load took 100.3ns 
200249     INFO  main            d.u.i.k.p.i.AbstractProblemLoader Creating init config 
202512     DEBUG main            d.u.i.k.p.i.AbstractProblemLoader Init config took 2.26s 
202525     INFO  main            d.u.i.k.p.i.AbstractProblemLoader Replaying proof poly_division1.key.proof 
202532     DEBUG main            d.u.i.k.p.i.IntermediateProofReplayer Proof replay took 2.91ms 
202533     DEBUG main            d.u.i.k.p.r.p.TestFile    ... success: reloaded. 
202533     INFO  main            d.u.i.k.p.r.p.TestFile    Now processing file /home/runner/work/key/key/key.core/../key.ui/examples/standard_key/inEqSimp/division.key 
202534     INFO  main            d.u.i.k.p.i.AbstractProblemLoader Loading environment from /home/runner/work/key/key/key.core/../key.ui/examples/standard_key/inEqSimp/division.key 
202534     DEBUG main            d.u.i.k.p.i.AbstractProblemLoader Environment load took 186.1ns 
202535     INFO  main            d.u.i.k.p.i.AbstractProblemLoader Creating init config 
204863     DEBUG main            d.u.i.k.p.i.AbstractProblemLoader Init config took 2.33s 
204876     INFO  main            d.u.i.k.p.i.AbstractProblemLoader Replaying proof division.key 
204877     DEBUG main            d.u.i.k.p.i.IntermediateProofReplayer Proof replay took 6.7ns 
206899     INFO  main            d.u.i.k.p.r.p.TestFile    ... finished proof: closed. 
207163     INFO  main            d.u.i.k.p.i.AbstractProblemLoader Loading environment from /home/runner/work/key/key/key.core/../key.ui/examples/standard_key/inEqSimp/division.key.proof 
207163     DEBUG main            d.u.i.k.p.i.AbstractProblemLoader Environment load took 391.4ns 
207165     INFO  main            d.u.i.k.p.i.AbstractProblemLoader Creating init config 
209436     DEBUG main            d.u.i.k.p.i.AbstractProblemLoader Init config took 2.27s 
209450     INFO  main            d.u.i.k.p.i.AbstractProblemLoader Replaying proof division.key.proof 
209504     DEBUG main            d.u.i.k.p.i.IntermediateProofReplayer Proof replay took 47.02ms 
209506     DEBUG main            d.u.i.k.p.r.p.TestFile    ... success: reloaded. 
209506     INFO  main            d.u.i.k.p.r.p.TestFile    Now processing file /home/runner/work/key/key/key.core/../key.ui/examples/standard_key/inEqSimp/inequations0.key 
209507     INFO  main            d.u.i.k.p.i.AbstractProblemLoader Loading environment from /home/runner/work/key/key/key.core/../key.ui/examples/standard_key/inEqSimp/inequations0.key 
209507     DEBUG main            d.u.i.k.p.i.AbstractProblemLoader Environment load took 181.3ns 
209508     INFO  main            d.u.i.k.p.i.AbstractProblemLoader Creating init config 
211816     DEBUG main            d.u.i.k.p.i.AbstractProblemLoader Init config took 2.31s 
211829     INFO  main            d.u.i.k.p.i.AbstractProblemLoader Replaying proof inequations0.key 
211830     DEBUG main            d.u.i.k.p.i.IntermediateProofReplayer Proof replay took 37.4ns 
211932     INFO  main            d.u.i.k.p.r.p.TestFile    ... finished proof: closed. 
212204     INFO  main            d.u.i.k.p.i.AbstractProblemLoader Loading environment from /home/runner/work/key/key/key.core/../key.ui/examples/standard_key/inEqSimp/inequations0.key.proof 
212204     DEBUG main            d.u.i.k.p.i.AbstractProblemLoader Environment load took 102.1ns 
212205     INFO  main            d.u.i.k.p.i.AbstractProblemLoader Creating init config 
214459     DEBUG main            d.u.i.k.p.i.AbstractProblemLoader Init config took 2.25s 
214471     INFO  main            d.u.i.k.p.i.AbstractProblemLoader Replaying proof inequations0.key.proof 
214474     DEBUG main            d.u.i.k.p.i.IntermediateProofReplayer Proof replay took 1.62ms 
214475     DEBUG main            d.u.i.k.p.r.p.TestFile    ... success: reloaded. 
214475     INFO  main            d.u.i.k.p.r.p.TestFile    Now processing file /home/runner/work/key/key/key.core/../key.ui/examples/standard_key/inEqSimp/inequations1.key 
214476     INFO  main            d.u.i.k.p.i.AbstractProblemLoader Loading environment from /home/runner/work/key/key/key.core/../key.ui/examples/standard_key/inEqSimp/inequations1.key 
214476     DEBUG main            d.u.i.k.p.i.AbstractProblemLoader Environment load took 199ns 
214477     INFO  main            d.u.i.k.p.i.AbstractProblemLoader Creating init config 
216772     DEBUG main            d.u.i.k.p.i.AbstractProblemLoader Init config took 2.3s 
216784     INFO  main            d.u.i.k.p.i.AbstractProblemLoader Replaying proof inequations1.key 
216785     DEBUG main            d.u.i.k.p.i.IntermediateProofReplayer Proof replay took 2.7ns 
216887     INFO  main            d.u.i.k.p.r.p.TestFile    ... finished proof: closed. 
217141     INFO  main            d.u.i.k.p.i.AbstractProblemLoader Loading environment from /home/runner/work/key/key/key.core/../key.ui/examples/standard_key/inEqSimp/inequations1.key.proof 
217141     DEBUG main            d.u.i.k.p.i.AbstractProblemLoader Environment load took 91.9ns 
217142     INFO  main            d.u.i.k.p.i.AbstractProblemLoader Creating init config 
219404     DEBUG main            d.u.i.k.p.i.AbstractProblemLoader Init config took 2.26s 
219417     INFO  main            d.u.i.k.p.i.AbstractProblemLoader Replaying proof inequations1.key.proof 
219420     DEBUG main            d.u.i.k.p.i.IntermediateProofReplayer Proof replay took 861.6ns 
219421     DEBUG main            d.u.i.k.p.r.p.TestFile    ... success: reloaded. 
219422     INFO  main            d.u.i.k.p.r.p.TestFile    Now processing file /home/runner/work/key/key/key.core/../key.ui/examples/standard_key/inEqSimp/inequations2.key 
219422     INFO  main            d.u.i.k.p.i.AbstractProblemLoader Loading environment from /home/runner/work/key/key/key.core/../key.ui/examples/standard_key/inEqSimp/inequations2.key 
219422     DEBUG main            d.u.i.k.p.i.AbstractProblemLoader Environment load took 67.1ns 
219423     INFO  main            d.u.i.k.p.i.AbstractProblemLoader Creating init config 
221730     DEBUG main            d.u.i.k.p.i.AbstractProblemLoader Init config took 2.31s 
221742     INFO  main            d.u.i.k.p.i.AbstractProblemLoader Replaying proof inequations2.key 
221743     DEBUG main            d.u.i.k.p.i.IntermediateProofReplayer Proof replay took 2.9ns 
221845     INFO  main            d.u.i.k.p.r.p.TestFile    ... finished proof: closed. 
222097     INFO  main            d.u.i.k.p.i.AbstractProblemLoader Loading environment from /home/runner/work/key/key/key.core/../key.ui/examples/standard_key/inEqSimp/inequations2.key.proof 
222097     DEBUG main            d.u.i.k.p.i.AbstractProblemLoader Environment load took 91.7ns 
222098     INFO  main            d.u.i.k.p.i.AbstractProblemLoader Creating init config 
224353     DEBUG main            d.u.i.k.p.i.AbstractProblemLoader Init config took 2.25s 
224365     INFO  main            d.u.i.k.p.i.AbstractProblemLoader Replaying proof inequations2.key.proof 
224368     DEBUG main            d.u.i.k.p.i.IntermediateProofReplayer Proof replay took 1.06ms 
224369     DEBUG main            d.u.i.k.p.r.p.TestFile    ... success: reloaded. 
224370     INFO  main            d.u.i.k.p.r.p.TestFile    Now processing file /home/runner/work/key/key/key.core/../key.ui/examples/standard_key/inEqSimp/linApprox.key 
224370     INFO  main            d.u.i.k.p.i.AbstractProblemLoader Loading environment from /home/runner/work/key/key/key.core/../key.ui/examples/standard_key/inEqSimp/linApprox.key 
224370     DEBUG main            d.u.i.k.p.i.AbstractProblemLoader Environment load took 185ns 
224371     INFO  main            d.u.i.k.p.i.AbstractProblemLoader Creating init config 
226684     DEBUG main            d.u.i.k.p.i.AbstractProblemLoader Init config took 2.31s 
226696     INFO  main            d.u.i.k.p.i.AbstractProblemLoader Replaying proof linApprox.key 
226697     DEBUG main            d.u.i.k.p.i.IntermediateProofReplayer Proof replay took 2.9ns 
226801     INFO  main            d.u.i.k.p.r.p.TestFile    ... finished proof: closed. 
227060     INFO  main            d.u.i.k.p.i.AbstractProblemLoader Loading environment from /home/runner/work/key/key/key.core/../key.ui/examples/standard_key/inEqSimp/linApprox.key.proof 
227060     DEBUG main            d.u.i.k.p.i.AbstractProblemLoader Environment load took 88ns 
227061     INFO  main            d.u.i.k.p.i.AbstractProblemLoader Creating init config 
229323     DEBUG main            d.u.i.k.p.i.AbstractProblemLoader Init config took 2.26s 
229335     INFO  main            d.u.i.k.p.i.AbstractProblemLoader Replaying proof linApprox.key.proof 
229338     DEBUG main            d.u.i.k.p.i.IntermediateProofReplayer Proof replay took 1.32ms 
229339     DEBUG main            d.u.i.k.p.r.p.TestFile    ... success: reloaded. 
229339     INFO  main            d.u.i.k.p.r.p.TestFile    Now processing file /home/runner/work/key/key/key.core/../key.ui/examples/standard_key/inEqSimp/nonLinInEqExample0.key 
229340     INFO  main            d.u.i.k.p.i.AbstractProblemLoader Loading environment from /home/runner/work/key/key/key.core/../key.ui/examples/standard_key/inEqSimp/nonLinInEqExample0.key 
229340     DEBUG main            d.u.i.k.p.i.AbstractProblemLoader Environment load took 48.5ns 
229340     INFO  main            d.u.i.k.p.i.AbstractProblemLoader Creating init config 
231640     DEBUG main            d.u.i.k.p.i.AbstractProblemLoader Init config took 2.3s 
231652     INFO  main            d.u.i.k.p.i.AbstractProblemLoader Replaying proof nonLinInEqExample0.key 
231654     DEBUG main            d.u.i.k.p.i.IntermediateProofReplayer Proof replay took 3.3ns 
231755     INFO  main            d.u.i.k.p.r.p.TestFile    ... finished proof: closed. 
232017     INFO  main            d.u.i.k.p.i.AbstractProblemLoader Loading environment from /home/runner/work/key/key/key.core/../key.ui/examples/standard_key/inEqSimp/nonLinInEqExample0.key.proof 
232018     DEBUG main            d.u.i.k.p.i.AbstractProblemLoader Environment load took 87.6ns 
232018     INFO  main            d.u.i.k.p.i.AbstractProblemLoader Creating init config 
234277     DEBUG main            d.u.i.k.p.i.AbstractProblemLoader Init config took 2.26s 
234290     INFO  main            d.u.i.k.p.i.AbstractProblemLoader Replaying proof nonLinInEqExample0.key.proof 
234292     DEBUG main            d.u.i.k.p.i.IntermediateProofReplayer Proof replay took 532.5ns 
234292     DEBUG main            d.u.i.k.p.r.p.TestFile    ... success: reloaded. 
234293     INFO  main            d.u.i.k.p.r.p.TestFile    Now processing file /home/runner/work/key/key/key.core/../key.ui/examples/standard_key/inEqSimp/nonLinInEqExample2.key 
234293     INFO  main            d.u.i.k.p.i.AbstractProblemLoader Loading environment from /home/runner/work/key/key/key.core/../key.ui/examples/standard_key/inEqSimp/nonLinInEqExample2.key 
234293     DEBUG main            d.u.i.k.p.i.AbstractProblemLoader Environment load took 93.1ns 
234294     INFO  main            d.u.i.k.p.i.AbstractProblemLoader Creating init config 
236593     DEBUG main            d.u.i.k.p.i.AbstractProblemLoader Init config took 2.3s 
236606     INFO  main            d.u.i.k.p.i.AbstractProblemLoader Replaying proof nonLinInEqExample2.key 
236607     DEBUG main            d.u.i.k.p.i.IntermediateProofReplayer Proof replay took 2.6ns 
236910     INFO  main            d.u.i.k.p.r.p.TestFile    ... finished proof: closed. 
237179     INFO  main            d.u.i.k.p.i.AbstractProblemLoader Loading environment from /home/runner/work/key/key/key.core/../key.ui/examples/standard_key/inEqSimp/nonLinInEqExample2.key.proof 
237179     DEBUG main            d.u.i.k.p.i.AbstractProblemLoader Environment load took 93.3ns 
237180     INFO  main            d.u.i.k.p.i.AbstractProblemLoader Creating init config 
239439     DEBUG main            d.u.i.k.p.i.AbstractProblemLoader Init config took 2.26s 
239452     INFO  main            d.u.i.k.p.i.AbstractProblemLoader Replaying proof nonLinInEqExample2.key.proof 
239473     DEBUG main            d.u.i.k.p.i.IntermediateProofReplayer Proof replay took 18.04ms 
239474     DEBUG main            d.u.i.k.p.r.p.TestFile    ... success: reloaded. 
239475     INFO  main            d.u.i.k.p.r.p.TestFile    Now processing file /home/runner/work/key/key/key.core/../key.ui/examples/standard_key/inEqSimp/nonLinInEqExample3.key 
239475     INFO  main            d.u.i.k.p.i.AbstractProblemLoader Loading environment from /home/runner/work/key/key/key.core/../key.ui/examples/standard_key/inEqSimp/nonLinInEqExample3.key 
239475     DEBUG main            d.u.i.k.p.i.AbstractProblemLoader Environment load took 77.9ns 
239476     INFO  main            d.u.i.k.p.i.AbstractProblemLoader Creating init config 
241777     DEBUG main            d.u.i.k.p.i.AbstractProblemLoader Init config took 2.3s 
241789     INFO  main            d.u.i.k.p.i.AbstractProblemLoader Replaying proof nonLinInEqExample3.key 
241790     DEBUG main            d.u.i.k.p.i.IntermediateProofReplayer Proof replay took 2.6ns 
241992     INFO  main            d.u.i.k.p.r.p.TestFile    ... finished proof: closed. 
242283     INFO  main            d.u.i.k.p.i.AbstractProblemLoader Loading environment from /home/runner/work/key/key/key.core/../key.ui/examples/standard_key/inEqSimp/nonLinInEqExample3.key.proof 
242283     DEBUG main            d.u.i.k.p.i.AbstractProblemLoader Environment load took 96.8ns 
242284     INFO  main            d.u.i.k.p.i.AbstractProblemLoader Creating init config 
244577     DEBUG main            d.u.i.k.p.i.AbstractProblemLoader Init config took 2.29s 
244589     INFO  main            d.u.i.k.p.i.AbstractProblemLoader Replaying proof nonLinInEqExample3.key.proof 
244602     DEBUG main            d.u.i.k.p.i.IntermediateProofReplayer Proof replay took 10.25ms 
244603     DEBUG main            d.u.i.k.p.r.p.TestFile    ... success: reloaded. 
244603     INFO  main            d.u.i.k.p.r.p.TestFile    Now processing file /home/runner/work/key/key/key.core/../key.ui/examples/standard_key/inEqSimp/nonLinInEqExample4.key 
244603     INFO  main            d.u.i.k.p.i.AbstractProblemLoader Loading environment from /home/runner/work/key/key/key.core/../key.ui/examples/standard_key/inEqSimp/nonLinInEqExample4.key 
244604     DEBUG main            d.u.i.k.p.i.AbstractProblemLoader Environment load took 48.5ns 
244604     INFO  main            d.u.i.k.p.i.AbstractProblemLoader Creating init config 
246910     DEBUG main            d.u.i.k.p.i.AbstractProblemLoader Init config took 2.31s 
246922     INFO  main            d.u.i.k.p.i.AbstractProblemLoader Replaying proof nonLinInEqExample4.key 
246923     DEBUG main            d.u.i.k.p.i.IntermediateProofReplayer Proof replay took 3.5ns 
247025     INFO  main            d.u.i.k.p.r.p.TestFile    ... finished proof: closed. 
247313     INFO  main            d.u.i.k.p.i.AbstractProblemLoader Loading environment from /home/runner/work/key/key/key.core/../key.ui/examples/standard_key/inEqSimp/nonLinInEqExample4.key.proof 
247313     DEBUG main            d.u.i.k.p.i.AbstractProblemLoader Environment load took 94.2ns 
247314     INFO  main            d.u.i.k.p.i.AbstractProblemLoader Creating init config 
249568     DEBUG main            d.u.i.k.p.i.AbstractProblemLoader Init config took 2.25s 
249581     INFO  main            d.u.i.k.p.i.AbstractProblemLoader Replaying proof nonLinInEqExample4.key.proof 
249590     DEBUG main            d.u.i.k.p.i.IntermediateProofReplayer Proof replay took 2.43ms 
249591     DEBUG main            d.u.i.k.p.r.p.TestFile    ... success: reloaded. 
249592     INFO  main            d.u.i.k.p.r.p.TestFile    Now processing file /home/runner/work/key/key/key.core/../key.ui/examples/standard_key/inEqSimp/quadraticInEq.key 
249592     INFO  main            d.u.i.k.p.i.AbstractProblemLoader Loading environment from /home/runner/work/key/key/key.core/../key.ui/examples/standard_key/inEqSimp/quadraticInEq.key 
249592     DEBUG main            d.u.i.k.p.i.AbstractProblemLoader Environment load took 62.4ns 
249594     INFO  main            d.u.i.k.p.i.AbstractProblemLoader Creating init config 
251901     DEBUG main            d.u.i.k.p.i.AbstractProblemLoader Init config took 2.31s 
251914     INFO  main            d.u.i.k.p.i.AbstractProblemLoader Replaying proof quadraticInEq.key 
251915     DEBUG main            d.u.i.k.p.i.IntermediateProofReplayer Proof replay took 2.8ns 
252219     INFO  main            d.u.i.k.p.r.p.TestFile    ... finished proof: closed. 
252520     INFO  main            d.u.i.k.p.i.AbstractProblemLoader Loading environment from /home/runner/work/key/key/key.core/../key.ui/examples/standard_key/inEqSimp/quadraticInEq.key.proof 
252521     DEBUG main            d.u.i.k.p.i.AbstractProblemLoader Environment load took 386.1ns 
252522     INFO  main            d.u.i.k.p.i.AbstractProblemLoader Creating init config 
254769     DEBUG main            d.u.i.k.p.i.AbstractProblemLoader Init config took 2.25s 
254782     INFO  main            d.u.i.k.p.i.AbstractProblemLoader Replaying proof quadraticInEq.key.proof 
254811     DEBUG main            d.u.i.k.p.i.IntermediateProofReplayer Proof replay took 23.91ms 
254812     DEBUG main            d.u.i.k.p.r.p.TestFile    ... success: reloaded. 
254813     INFO  main            d.u.i.k.p.r.p.TestFile    Now processing file /home/runner/work/key/key/key.core/../key.ui/examples/standard_key/inEqSimp/quadraticInEq10.key 
254813     INFO  main            d.u.i.k.p.i.AbstractProblemLoader Loading environment from /home/runner/work/key/key/key.core/../key.ui/examples/standard_key/inEqSimp/quadraticInEq10.key 
254813     DEBUG main            d.u.i.k.p.i.AbstractProblemLoader Environment load took 183ns 
254815     INFO  main            d.u.i.k.p.i.AbstractProblemLoader Creating init config 
257115     DEBUG main            d.u.i.k.p.i.AbstractProblemLoader Init config took 2.3s 
257127     INFO  main            d.u.i.k.p.i.AbstractProblemLoader Replaying proof quadraticInEq10.key 
257129     DEBUG main            d.u.i.k.p.i.IntermediateProofReplayer Proof replay took 2.5ns 
257335     INFO  main            d.u.i.k.p.r.p.TestFile    ... finished proof: closed. 
257632     INFO  main            d.u.i.k.p.i.AbstractProblemLoader Loading environment from /home/runner/work/key/key/key.core/../key.ui/examples/standard_key/inEqSimp/quadraticInEq10.key.proof 
257632     DEBUG main            d.u.i.k.p.i.AbstractProblemLoader Environment load took 93.1ns 
257633     INFO  main            d.u.i.k.p.i.AbstractProblemLoader Creating init config 
259873     DEBUG main            d.u.i.k.p.i.AbstractProblemLoader Init config took 2.24s 
259886     INFO  main            d.u.i.k.p.i.AbstractProblemLoader Replaying proof quadraticInEq10.key.proof 
259895     DEBUG main            d.u.i.k.p.i.IntermediateProofReplayer Proof replay took 7ms 
259896     DEBUG main            d.u.i.k.p.r.p.TestFile    ... success: reloaded. 
259896     INFO  main            d.u.i.k.p.r.p.TestFile    Now processing file /home/runner/work/key/key/key.core/../key.ui/examples/standard_key/inEqSimp/quadraticInEq13.key 
259896     INFO  main            d.u.i.k.p.i.AbstractProblemLoader Loading environment from /home/runner/work/key/key/key.core/../key.ui/examples/standard_key/inEqSimp/quadraticInEq13.key 
259896     DEBUG main            d.u.i.k.p.i.AbstractProblemLoader Environment load took 43.9ns 
259898     INFO  main            d.u.i.k.p.i.AbstractProblemLoader Creating init config 
262198     DEBUG main            d.u.i.k.p.i.AbstractProblemLoader Init config took 2.3s 
262210     INFO  main            d.u.i.k.p.i.AbstractProblemLoader Replaying proof quadraticInEq13.key 
262211     DEBUG main            d.u.i.k.p.i.IntermediateProofReplayer Proof replay took 2.9ns 
262413     INFO  main            d.u.i.k.p.r.p.TestFile    ... finished proof: closed. 
262722     INFO  main            d.u.i.k.p.i.AbstractProblemLoader Loading environment from /home/runner/work/key/key/key.core/../key.ui/examples/standard_key/inEqSimp/quadraticInEq13.key.proof 
262722     DEBUG main            d.u.i.k.p.i.AbstractProblemLoader Environment load took 88.5ns 
262723     INFO  main            d.u.i.k.p.i.AbstractProblemLoader Creating init config 
264976     DEBUG main            d.u.i.k.p.i.AbstractProblemLoader Init config took 2.25s 
264989     INFO  main            d.u.i.k.p.i.AbstractProblemLoader Replaying proof quadraticInEq13.key.proof 
265001     DEBUG main            d.u.i.k.p.i.IntermediateProofReplayer Proof replay took 9.16ms 
265002     DEBUG main            d.u.i.k.p.r.p.TestFile    ... success: reloaded. 
265003     INFO  main            d.u.i.k.p.r.p.TestFile    Now processing file /home/runner/work/key/key/key.core/../key.ui/examples/standard_key/inEqSimp/quadraticInEq14.key 
265003     INFO  main            d.u.i.k.p.i.AbstractProblemLoader Loading environment from /home/runner/work/key/key/key.core/../key.ui/examples/standard_key/inEqSimp/quadraticInEq14.key 
265003     DEBUG main            d.u.i.k.p.i.AbstractProblemLoader Environment load took 46.7ns 
265004     INFO  main            d.u.i.k.p.i.AbstractProblemLoader Creating init config 
267304     DEBUG main            d.u.i.k.p.i.AbstractProblemLoader Init config took 2.3s 
267316     INFO  main            d.u.i.k.p.i.AbstractProblemLoader Replaying proof quadraticInEq14.key 
267317     DEBUG main            d.u.i.k.p.i.IntermediateProofReplayer Proof replay took 2.5ns 
267621     INFO  main            d.u.i.k.p.r.p.TestFile    ... finished proof: closed. 
267951     INFO  main            d.u.i.k.p.i.AbstractProblemLoader Loading environment from /home/runner/work/key/key/key.core/../key.ui/examples/standard_key/inEqSimp/quadraticInEq14.key.proof 
267951     DEBUG main            d.u.i.k.p.i.AbstractProblemLoader Environment load took 86.4ns 
267952     INFO  main            d.u.i.k.p.i.AbstractProblemLoader Creating init config 
270204     DEBUG main            d.u.i.k.p.i.AbstractProblemLoader Init config took 2.25s 
270216     INFO  main            d.u.i.k.p.i.AbstractProblemLoader Replaying proof quadraticInEq14.key.proof 
270229     DEBUG main            d.u.i.k.p.i.IntermediateProofReplayer Proof replay took 10.83ms 
270230     DEBUG main            d.u.i.k.p.r.p.TestFile    ... success: reloaded. 
270231     INFO  main            d.u.i.k.p.r.p.TestFile    Now processing file /home/runner/work/key/key/key.core/../key.ui/examples/standard_key/inEqSimp/quadraticInEq2.key 
270231     INFO  main            d.u.i.k.p.i.AbstractProblemLoader Loading environment from /home/runner/work/key/key/key.core/../key.ui/examples/standard_key/inEqSimp/quadraticInEq2.key 
270231     DEBUG main            d.u.i.k.p.i.AbstractProblemLoader Environment load took 64.6ns 
270232     INFO  main            d.u.i.k.p.i.AbstractProblemLoader Creating init config 
272537     DEBUG main            d.u.i.k.p.i.AbstractProblemLoader Init config took 2.3s 
272549     INFO  main            d.u.i.k.p.i.AbstractProblemLoader Replaying proof quadraticInEq2.key 
272550     DEBUG main            d.u.i.k.p.i.IntermediateProofReplayer Proof replay took 2.8ns 
272653     INFO  main            d.u.i.k.p.r.p.TestFile    ... finished proof: closed. 
272971     INFO  main            d.u.i.k.p.i.AbstractProblemLoader Loading environment from /home/runner/work/key/key/key.core/../key.ui/examples/standard_key/inEqSimp/quadraticInEq2.key.proof 
272971     DEBUG main            d.u.i.k.p.i.AbstractProblemLoader Environment load took 88.9ns 
272972     INFO  main            d.u.i.k.p.i.AbstractProblemLoader Creating init config 
275227     DEBUG main            d.u.i.k.p.i.AbstractProblemLoader Init config took 2.25s 
275239     INFO  main            d.u.i.k.p.i.AbstractProblemLoader Replaying proof quadraticInEq2.key.proof 
275242     DEBUG main            d.u.i.k.p.i.IntermediateProofReplayer Proof replay took 1.58ms 
275243     DEBUG main            d.u.i.k.p.r.p.TestFile    ... success: reloaded. 
275244     INFO  main            d.u.i.k.p.r.p.TestFile    Now processing file /home/runner/work/key/key/key.core/../key.ui/examples/standard_key/inEqSimp/quadraticInEq3.key 
275244     INFO  main            d.u.i.k.p.i.AbstractProblemLoader Loading environment from /home/runner/work/key/key/key.core/../key.ui/examples/standard_key/inEqSimp/quadraticInEq3.key 
275244     DEBUG main            d.u.i.k.p.i.AbstractProblemLoader Environment load took 63.5ns 
275245     INFO  main            d.u.i.k.p.i.AbstractProblemLoader Creating init config 
277530     DEBUG main            d.u.i.k.p.i.AbstractProblemLoader Init config took 2.29s 
277544     INFO  main            d.u.i.k.p.i.AbstractProblemLoader Replaying proof quadraticInEq3.key 
277547     DEBUG main            d.u.i.k.p.i.IntermediateProofReplayer Proof replay took 3.1ns 
277649     INFO  main            d.u.i.k.p.r.p.TestFile    ... finished proof: closed. 
277977     INFO  main            d.u.i.k.p.i.AbstractProblemLoader Loading environment from /home/runner/work/key/key/key.core/../key.ui/examples/standard_key/inEqSimp/quadraticInEq3.key.proof 
277977     DEBUG main            d.u.i.k.p.i.AbstractProblemLoader Environment load took 85.1ns 
277978     INFO  main            d.u.i.k.p.i.AbstractProblemLoader Creating init config 
280225     DEBUG main            d.u.i.k.p.i.AbstractProblemLoader Init config took 2.25s 
280237     INFO  main            d.u.i.k.p.i.AbstractProblemLoader Replaying proof quadraticInEq3.key.proof 
280243     DEBUG main            d.u.i.k.p.i.IntermediateProofReplayer Proof replay took 4.01ms 
280244     DEBUG main            d.u.i.k.p.r.p.TestFile    ... success: reloaded. 
280245     INFO  main            d.u.i.k.p.r.p.TestFile    Now processing file /home/runner/work/key/key/key.core/../key.ui/examples/standard_key/inEqSimp/quadraticInEq4.key 
280245     INFO  main            d.u.i.k.p.i.AbstractProblemLoader Loading environment from /home/runner/work/key/key/key.core/../key.ui/examples/standard_key/inEqSimp/quadraticInEq4.key 
280245     DEBUG main            d.u.i.k.p.i.AbstractProblemLoader Environment load took 178.8ns 
280246     INFO  main            d.u.i.k.p.i.AbstractProblemLoader Creating init config 
282543     DEBUG main            d.u.i.k.p.i.AbstractProblemLoader Init config took 2.3s 
282555     INFO  main            d.u.i.k.p.i.AbstractProblemLoader Replaying proof quadraticInEq4.key 
282556     DEBUG main            d.u.i.k.p.i.IntermediateProofReplayer Proof replay took 2.6ns 
282658     INFO  main            d.u.i.k.p.r.p.TestFile    ... finished proof: closed. 
282968     INFO  main            d.u.i.k.p.i.AbstractProblemLoader Loading environment from /home/runner/work/key/key/key.core/../key.ui/examples/standard_key/inEqSimp/quadraticInEq4.key.proof 
282968     DEBUG main            d.u.i.k.p.i.AbstractProblemLoader Environment load took 85.9ns 
282969     INFO  main            d.u.i.k.p.i.AbstractProblemLoader Creating init config 
285222     DEBUG main            d.u.i.k.p.i.AbstractProblemLoader Init config took 2.25s 
285234     INFO  main            d.u.i.k.p.i.AbstractProblemLoader Replaying proof quadraticInEq4.key.proof 
285238     DEBUG main            d.u.i.k.p.i.IntermediateProofReplayer Proof replay took 2.55ms 
285239     DEBUG main            d.u.i.k.p.r.p.TestFile    ... success: reloaded. 
285240     INFO  main            d.u.i.k.p.r.p.TestFile    Now processing file /home/runner/work/key/key/key.core/../key.ui/examples/standard_key/inEqSimp/quadraticInEq5.key 
285240     INFO  main            d.u.i.k.p.i.AbstractProblemLoader Loading environment from /home/runner/work/key/key/key.core/../key.ui/examples/standard_key/inEqSimp/quadraticInEq5.key 
285240     DEBUG main            d.u.i.k.p.i.AbstractProblemLoader Environment load took 76.1ns 
285241     INFO  main            d.u.i.k.p.i.AbstractProblemLoader Creating init config 
287528     DEBUG main            d.u.i.k.p.i.AbstractProblemLoader Init config took 2.29s 
287540     INFO  main            d.u.i.k.p.i.AbstractProblemLoader Replaying proof quadraticInEq5.key 
287542     DEBUG main            d.u.i.k.p.i.IntermediateProofReplayer Proof replay took 2.2ns 
287645     INFO  main            d.u.i.k.p.r.p.TestFile    ... finished proof: closed. 
287959     INFO  main            d.u.i.k.p.i.AbstractProblemLoader Loading environment from /home/runner/work/key/key/key.core/../key.ui/examples/standard_key/inEqSimp/quadraticInEq5.key.proof 
287959     DEBUG main            d.u.i.k.p.i.AbstractProblemLoader Environment load took 79.3ns 
287960     INFO  main            d.u.i.k.p.i.AbstractProblemLoader Creating init config 
290204     DEBUG main            d.u.i.k.p.i.AbstractProblemLoader Init config took 2.24s 
290217     INFO  main            d.u.i.k.p.i.AbstractProblemLoader Replaying proof quadraticInEq5.key.proof 
290221     DEBUG main            d.u.i.k.p.i.IntermediateProofReplayer Proof replay took 2.62ms 
290222     DEBUG main            d.u.i.k.p.r.p.TestFile    ... success: reloaded. 
290222     INFO  main            d.u.i.k.p.r.p.TestFile    Now processing file /home/runner/work/key/key/key.core/../key.ui/examples/standard_key/inEqSimp/quadraticInEq6.key 
290222     INFO  main            d.u.i.k.p.i.AbstractProblemLoader Loading environment from /home/runner/work/key/key/key.core/../key.ui/examples/standard_key/inEqSimp/quadraticInEq6.key 
290223     DEBUG main            d.u.i.k.p.i.AbstractProblemLoader Environment load took 75.2ns 
290223     INFO  main            d.u.i.k.p.i.AbstractProblemLoader Creating init config 
292541     DEBUG main            d.u.i.k.p.i.AbstractProblemLoader Init config took 2.32s 
292554     INFO  main            d.u.i.k.p.i.AbstractProblemLoader Replaying proof quadraticInEq6.key 
292556     DEBUG main            d.u.i.k.p.i.IntermediateProofReplayer Proof replay took 2.6ns 
292658     INFO  main            d.u.i.k.p.r.p.TestFile    ... finished proof: closed. 
292993     INFO  main            d.u.i.k.p.i.AbstractProblemLoader Loading environment from /home/runner/work/key/key/key.core/../key.ui/examples/standard_key/inEqSimp/quadraticInEq6.key.proof 
292993     DEBUG main            d.u.i.k.p.i.AbstractProblemLoader Environment load took 83.4ns 
292994     INFO  main            d.u.i.k.p.i.AbstractProblemLoader Creating init config 
295251     DEBUG main            d.u.i.k.p.i.AbstractProblemLoader Init config took 2.26s 
295263     INFO  main            d.u.i.k.p.i.AbstractProblemLoader Replaying proof quadraticInEq6.key.proof 
295269     DEBUG main            d.u.i.k.p.i.IntermediateProofReplayer Proof replay took 3.14ms 
295270     DEBUG main            d.u.i.k.p.r.p.TestFile    ... success: reloaded. 
295271     INFO  main            d.u.i.k.p.r.p.TestFile    Now processing file /home/runner/work/key/key/key.core/../key.ui/examples/standard_key/inEqSimp/quadraticInEq7.key 
295271     INFO  main            d.u.i.k.p.i.AbstractProblemLoader Loading environment from /home/runner/work/key/key/key.core/../key.ui/examples/standard_key/inEqSimp/quadraticInEq7.key 
295271     DEBUG main            d.u.i.k.p.i.AbstractProblemLoader Environment load took 178.1ns 
295272     INFO  main            d.u.i.k.p.i.AbstractProblemLoader Creating init config 
297588     DEBUG main            d.u.i.k.p.i.AbstractProblemLoader Init config took 2.32s 
297600     INFO  main            d.u.i.k.p.i.AbstractProblemLoader Replaying proof quadraticInEq7.key 
297602     DEBUG main            d.u.i.k.p.i.IntermediateProofReplayer Proof replay took 2.8ns 
297703     INFO  main            d.u.i.k.p.r.p.TestFile    ... finished proof: closed. 
298029     INFO  main            d.u.i.k.p.i.AbstractProblemLoader Loading environment from /home/runner/work/key/key/key.core/../key.ui/examples/standard_key/inEqSimp/quadraticInEq7.key.proof 
298029     DEBUG main            d.u.i.k.p.i.AbstractProblemLoader Environment load took 84.8ns 
298030     INFO  main            d.u.i.k.p.i.AbstractProblemLoader Creating init config 
300269     DEBUG main            d.u.i.k.p.i.AbstractProblemLoader Init config took 2.24s 
300281     INFO  main            d.u.i.k.p.i.AbstractProblemLoader Replaying proof quadraticInEq7.key.proof 
300283     DEBUG main            d.u.i.k.p.i.IntermediateProofReplayer Proof replay took 1.28ms 
300284     DEBUG main            d.u.i.k.p.r.p.TestFile    ... success: reloaded. 
300284     INFO  main            d.u.i.k.p.r.p.TestFile    Now processing file /home/runner/work/key/key/key.core/../key.ui/examples/standard_key/inEqSimp/quadraticInEq8.key 
300285     INFO  main            d.u.i.k.p.i.AbstractProblemLoader Loading environment from /home/runner/work/key/key/key.core/../key.ui/examples/standard_key/inEqSimp/quadraticInEq8.key 
300285     DEBUG main            d.u.i.k.p.i.AbstractProblemLoader Environment load took 91.1ns 
300286     INFO  main            d.u.i.k.p.i.AbstractProblemLoader Creating init config 
302597     DEBUG main            d.u.i.k.p.i.AbstractProblemLoader Init config took 2.31s 
302609     INFO  main            d.u.i.k.p.i.AbstractProblemLoader Replaying proof quadraticInEq8.key 
302610     DEBUG main            d.u.i.k.p.i.IntermediateProofReplayer Proof replay took 3ns 
302712     INFO  main            d.u.i.k.p.r.p.TestFile    ... finished proof: closed. 
303040     INFO  main            d.u.i.k.p.i.AbstractProblemLoader Loading environment from /home/runner/work/key/key/key.core/../key.ui/examples/standard_key/inEqSimp/quadraticInEq8.key.proof 
303040     DEBUG main            d.u.i.k.p.i.AbstractProblemLoader Environment load took 77.1ns 
303041     INFO  main            d.u.i.k.p.i.AbstractProblemLoader Creating init config 
305267     DEBUG main            d.u.i.k.p.i.AbstractProblemLoader Init config took 2.23s 
305280     INFO  main            d.u.i.k.p.i.AbstractProblemLoader Replaying proof quadraticInEq8.key.proof 
305285     DEBUG main            d.u.i.k.p.i.IntermediateProofReplayer Proof replay took 3.87ms 
305286     DEBUG main            d.u.i.k.p.r.p.TestFile    ... success: reloaded. 
305287     INFO  main            d.u.i.k.p.r.p.TestFile    Now processing file /home/runner/work/key/key/key.core/../key.ui/examples/standard_key/inEqSimp/simplify0.key 
305287     INFO  main            d.u.i.k.p.i.AbstractProblemLoader Loading environment from /home/runner/work/key/key/key.core/../key.ui/examples/standard_key/inEqSimp/simplify0.key 
305287     DEBUG main            d.u.i.k.p.i.AbstractProblemLoader Environment load took 62.7ns 
305288     INFO  main            d.u.i.k.p.i.AbstractProblemLoader Creating init config 
307548     DEBUG main            d.u.i.k.p.i.AbstractProblemLoader Init config took 2.26s 
307561     INFO  main            d.u.i.k.p.i.AbstractProblemLoader Replaying proof simplify0.key 
307562     DEBUG main            d.u.i.k.p.i.IntermediateProofReplayer Proof replay took 2.3ns 
307664     INFO  main            d.u.i.k.p.r.p.TestFile    ... finished proof: closed. 
308014     INFO  main            d.u.i.k.p.i.AbstractProblemLoader Loading environment from /home/runner/work/key/key/key.core/../key.ui/examples/standard_key/inEqSimp/simplify0.key.proof 
308014     DEBUG main            d.u.i.k.p.i.AbstractProblemLoader Environment load took 82ns 
308015     INFO  main            d.u.i.k.p.i.AbstractProblemLoader Creating init config 
310248     DEBUG main            d.u.i.k.p.i.AbstractProblemLoader Init config took 2.23s 
310261     INFO  main            d.u.i.k.p.i.AbstractProblemLoader Replaying proof simplify0.key.proof 
310263     DEBUG main            d.u.i.k.p.i.IntermediateProofReplayer Proof replay took 773.8ns 
310264     DEBUG main            d.u.i.k.p.r.p.TestFile    ... success: reloaded. 
310265     INFO  main            d.u.i.k.p.r.p.TestFile    Now processing file /home/runner/work/key/key/key.core/../key.ui/examples/standard_key/inEqSimp/simplify1.key 
310265     INFO  main            d.u.i.k.p.i.AbstractProblemLoader Loading environment from /home/runner/work/key/key/key.core/../key.ui/examples/standard_key/inEqSimp/simplify1.key 
310265     DEBUG main            d.u.i.k.p.i.AbstractProblemLoader Environment load took 169.2ns 
310266     INFO  main            d.u.i.k.p.i.AbstractProblemLoader Creating init config 
312517     DEBUG main            d.u.i.k.p.i.AbstractProblemLoader Init config took 2.25s 
312529     INFO  main            d.u.i.k.p.i.AbstractProblemLoader Replaying proof simplify1.key 
312530     DEBUG main            d.u.i.k.p.i.IntermediateProofReplayer Proof replay took 3.2ns 
312632     INFO  main            d.u.i.k.p.r.p.TestFile    ... finished proof: closed. 
312986     INFO  main            d.u.i.k.p.i.AbstractProblemLoader Loading environment from /home/runner/work/key/key/key.core/../key.ui/examples/standard_key/inEqSimp/simplify1.key.proof 
312986     DEBUG main            d.u.i.k.p.i.AbstractProblemLoader Environment load took 78.4ns 
312987     INFO  main            d.u.i.k.p.i.AbstractProblemLoader Creating init config 
315212     DEBUG main            d.u.i.k.p.i.AbstractProblemLoader Init config took 2.22s 
315224     INFO  main            d.u.i.k.p.i.AbstractProblemLoader Replaying proof simplify1.key.proof 
315226     DEBUG main            d.u.i.k.p.i.IntermediateProofReplayer Proof replay took 748.9ns 
315227     DEBUG main            d.u.i.k.p.r.p.TestFile    ... success: reloaded. 
315227     INFO  main            d.u.i.k.p.r.p.TestFile    Now processing file /home/runner/work/key/key/key.core/../key.ui/examples/standard_key/inEqSimp/simplify2.key 
315227     INFO  main            d.u.i.k.p.i.AbstractProblemLoader Loading environment from /home/runner/work/key/key/key.core/../key.ui/examples/standard_key/inEqSimp/simplify2.key 
315227     DEBUG main            d.u.i.k.p.i.AbstractProblemLoader Environment load took 39.1ns 
315228     INFO  main            d.u.i.k.p.i.AbstractProblemLoader Creating init config 
317471     DEBUG main            d.u.i.k.p.i.AbstractProblemLoader Init config took 2.24s 
317483     INFO  main            d.u.i.k.p.i.AbstractProblemLoader Replaying proof simplify2.key 
317484     DEBUG main            d.u.i.k.p.i.IntermediateProofReplayer Proof replay took 2.6ns 
317586     INFO  main            d.u.i.k.p.r.p.TestFile    ... finished proof: closed. 
317929     INFO  main            d.u.i.k.p.i.AbstractProblemLoader Loading environment from /home/runner/work/key/key/key.core/../key.ui/examples/standard_key/inEqSimp/simplify2.key.proof 
317929     DEBUG main            d.u.i.k.p.i.AbstractProblemLoader Environment load took 81.5ns 
317930     INFO  main            d.u.i.k.p.i.AbstractProblemLoader Creating init config 
320146     DEBUG main            d.u.i.k.p.i.AbstractProblemLoader Init config took 2.22s 
320158     INFO  main            d.u.i.k.p.i.AbstractProblemLoader Replaying proof simplify2.key.proof 
320166     DEBUG main            d.u.i.k.p.i.IntermediateProofReplayer Proof replay took 5.67ms 
320166     DEBUG main            d.u.i.k.p.r.p.TestFile    ... success: reloaded. 
320167     INFO  main            d.u.i.k.p.r.p.TestFile    Now processing file /home/runner/work/key/key/key.core/../key.ui/examples/standard_key/inEqSimp/simplify3.key 
320167     INFO  main            d.u.i.k.p.i.AbstractProblemLoader Loading environment from /home/runner/work/key/key/key.core/../key.ui/examples/standard_key/inEqSimp/simplify3.key 
320167     DEBUG main            d.u.i.k.p.i.AbstractProblemLoader Environment load took 44ns 
320168     INFO  main            d.u.i.k.p.i.AbstractProblemLoader Creating init config 
322433     DEBUG main            d.u.i.k.p.i.AbstractProblemLoader Init config took 2.26s 
322445     INFO  main            d.u.i.k.p.i.AbstractProblemLoader Replaying proof simplify3.key 
322446     DEBUG main            d.u.i.k.p.i.IntermediateProofReplayer Proof replay took 2.5ns 
322547     INFO  main            d.u.i.k.p.r.p.TestFile    ... finished proof: closed. 
322899     INFO  main            d.u.i.k.p.i.AbstractProblemLoader Loading environment from /home/runner/work/key/key/key.core/../key.ui/examples/standard_key/inEqSimp/simplify3.key.proof 
322899     DEBUG main            d.u.i.k.p.i.AbstractProblemLoader Environment load took 81.4ns 
322900     INFO  main            d.u.i.k.p.i.AbstractProblemLoader Creating init config 
325133     DEBUG main            d.u.i.k.p.i.AbstractProblemLoader Init config took 2.23s 
325145     INFO  main            d.u.i.k.p.i.AbstractProblemLoader Replaying proof simplify3.key.proof 
325147     DEBUG main            d.u.i.k.p.i.IntermediateProofReplayer Proof replay took 1.29ms 
325148     DEBUG main            d.u.i.k.p.r.p.TestFile    ... success: reloaded. 
325148     INFO  main            d.u.i.k.p.r.p.TestFile    Now processing file /home/runner/work/key/key/key.core/../key.ui/examples/standard_key/inEqSimp/simplify4.key 
325148     INFO  main            d.u.i.k.p.i.AbstractProblemLoader Loading environment from /home/runner/work/key/key/key.core/../key.ui/examples/standard_key/inEqSimp/simplify4.key 
325148     DEBUG main            d.u.i.k.p.i.AbstractProblemLoader Environment load took 42.2ns 
325149     INFO  main            d.u.i.k.p.i.AbstractProblemLoader Creating init config 
327392     DEBUG main            d.u.i.k.p.i.AbstractProblemLoader Init config took 2.24s 
327405     INFO  main            d.u.i.k.p.i.AbstractProblemLoader Replaying proof simplify4.key 
327406     DEBUG main            d.u.i.k.p.i.IntermediateProofReplayer Proof replay took 2.4ns 
327508     INFO  main            d.u.i.k.p.r.p.TestFile    ... finished proof: closed. 
327867     INFO  main            d.u.i.k.p.i.AbstractProblemLoader Loading environment from /home/runner/work/key/key/key.core/../key.ui/examples/standard_key/inEqSimp/simplify4.key.proof 
327867     DEBUG main            d.u.i.k.p.i.AbstractProblemLoader Environment load took 91.5ns 
327869     INFO  main            d.u.i.k.p.i.AbstractProblemLoader Creating init config 
330096     DEBUG main            d.u.i.k.p.i.AbstractProblemLoader Init config took 2.23s 
330109     INFO  main            d.u.i.k.p.i.AbstractProblemLoader Replaying proof simplify4.key.proof 
330115     DEBUG main            d.u.i.k.p.i.IntermediateProofReplayer Proof replay took 4.63ms 
330116     DEBUG main            d.u.i.k.p.r.p.TestFile    ... success: reloaded. 
330117     INFO  main            d.u.i.k.p.r.p.TestFile    Now processing file /home/runner/work/key/key/key.core/../key.ui/examples/standard_key/inEqSimp/simplify5.key 
330117     INFO  main            d.u.i.k.p.i.AbstractProblemLoader Loading environment from /home/runner/work/key/key/key.core/../key.ui/examples/standard_key/inEqSimp/simplify5.key 
330117     DEBUG main            d.u.i.k.p.i.AbstractProblemLoader Environment load took 162.3ns 
330118     INFO  main            d.u.i.k.p.i.AbstractProblemLoader Creating init config 
332382     DEBUG main            d.u.i.k.p.i.AbstractProblemLoader Init config took 2.26s 
332395     INFO  main            d.u.i.k.p.i.AbstractProblemLoader Replaying proof simplify5.key 
332396     DEBUG main            d.u.i.k.p.i.IntermediateProofReplayer Proof replay took 2.7ns 
332914     INFO  main            d.u.i.k.p.r.p.TestFile    ... finished proof: closed. 
333294     INFO  main            d.u.i.k.p.i.AbstractProblemLoader Loading environment from /home/runner/work/key/key/key.core/../key.ui/examples/standard_key/inEqSimp/simplify5.key.proof 
333295     DEBUG main            d.u.i.k.p.i.AbstractProblemLoader Environment load took 363.6ns 
333296     INFO  main            d.u.i.k.p.i.AbstractProblemLoader Creating init config 
335530     DEBUG main            d.u.i.k.p.i.AbstractProblemLoader Init config took 2.23s 
335543     INFO  main            d.u.i.k.p.i.AbstractProblemLoader Replaying proof simplify5.key.proof 
335584     DEBUG main            d.u.i.k.p.i.IntermediateProofReplayer Proof replay took 36.63ms 
335585     DEBUG main            d.u.i.k.p.r.p.TestFile    ... success: reloaded. 
335590     INFO  main            d.u.i.k.p.r.p.TestFile    Now processing file /home/runner/work/key/key/key.core/../key.ui/examples/standard_key/inEqSimp/subsumptionExample.key 
335593     INFO  main            d.u.i.k.p.i.AbstractProblemLoader Loading environment from /home/runner/work/key/key/key.core/../key.ui/examples/standard_key/inEqSimp/subsumptionExample.key 
335594     DEBUG main            d.u.i.k.p.i.AbstractProblemLoader Environment load took 248.3ns 
335594     INFO  main            d.u.i.k.p.i.AbstractProblemLoader Creating init config 
337856     DEBUG main            d.u.i.k.p.i.AbstractProblemLoader Init config took 2.26s 
337868     INFO  main            d.u.i.k.p.i.AbstractProblemLoader Replaying proof subsumptionExample.key 
337869     DEBUG main            d.u.i.k.p.i.IntermediateProofReplayer Proof replay took 2.4ns 
337971     INFO  main            d.u.i.k.p.r.p.TestFile    ... finished proof: closed. 
338348     INFO  main            d.u.i.k.p.i.AbstractProblemLoader Loading environment from /home/runner/work/key/key/key.core/../key.ui/examples/standard_key/inEqSimp/subsumptionExample.key.proof 
338348     DEBUG main            d.u.i.k.p.i.AbstractProblemLoader Environment load took 199.4ns 
338349     INFO  main            d.u.i.k.p.i.AbstractProblemLoader Creating init config 
340572     DEBUG main            d.u.i.k.p.i.AbstractProblemLoader Init config took 2.22s 
340584     INFO  main            d.u.i.k.p.i.AbstractProblemLoader Replaying proof subsumptionExample.key.proof 
340586     DEBUG main            d.u.i.k.p.i.IntermediateProofReplayer Proof replay took 609.1ns 
340587     DEBUG main            d.u.i.k.p.r.p.TestFile    ... success: reloaded. 
340587     INFO  main            d.u.i.k.p.r.p.TestFile    Now processing file /home/runner/work/key/key/key.core/../key.ui/examples/standard_key/polySimp/simplify0.key 
340587     INFO  main            d.u.i.k.p.i.AbstractProblemLoader Loading environment from /home/runner/work/key/key/key.core/../key.ui/examples/standard_key/polySimp/simplify0.key 
340587     DEBUG main            d.u.i.k.p.i.AbstractProblemLoader Environment load took 43.9ns 
340588     INFO  main            d.u.i.k.p.i.AbstractProblemLoader Creating init config 
342843     DEBUG main            d.u.i.k.p.i.AbstractProblemLoader Init config took 2.25s 
342855     INFO  main            d.u.i.k.p.i.AbstractProblemLoader Replaying proof simplify0.key 
342856     DEBUG main            d.u.i.k.p.i.IntermediateProofReplayer Proof replay took 2.7ns 
343059     INFO  main            d.u.i.k.p.r.p.TestFile    ... finished proof: closed. 
343441     INFO  main            d.u.i.k.p.i.AbstractProblemLoader Loading environment from /home/runner/work/key/key/key.core/../key.ui/examples/standard_key/polySimp/simplify0.key.proof 
343442     DEBUG main            d.u.i.k.p.i.AbstractProblemLoader Environment load took 99.5ns 
343443     INFO  main            d.u.i.k.p.i.AbstractProblemLoader Creating init config 
345677     DEBUG main            d.u.i.k.p.i.AbstractProblemLoader Init config took 2.23s 
345690     INFO  main            d.u.i.k.p.i.AbstractProblemLoader Replaying proof simplify0.key.proof 
345696     DEBUG main            d.u.i.k.p.i.IntermediateProofReplayer Proof replay took 4.45ms 
345697     DEBUG main            d.u.i.k.p.r.p.TestFile    ... success: reloaded. 
345698     INFO  main            d.u.i.k.p.r.p.TestFile    Now processing file /home/runner/work/key/key/key.core/../key.ui/examples/standard_key/polySimp/simplify1.key 
345698     INFO  main            d.u.i.k.p.i.AbstractProblemLoader Loading environment from /home/runner/work/key/key/key.core/../key.ui/examples/standard_key/polySimp/simplify1.key 
345698     DEBUG main            d.u.i.k.p.i.AbstractProblemLoader Environment load took 95.8ns 
345699     INFO  main            d.u.i.k.p.i.AbstractProblemLoader Creating init config 
347958     DEBUG main            d.u.i.k.p.i.AbstractProblemLoader Init config took 2.26s 
347970     INFO  main            d.u.i.k.p.i.AbstractProblemLoader Replaying proof simplify1.key 
347971     DEBUG main            d.u.i.k.p.i.IntermediateProofReplayer Proof replay took 2.7ns 
348274     INFO  main            d.u.i.k.p.r.p.TestFile    ... finished proof: closed. 
348666     INFO  main            d.u.i.k.p.i.AbstractProblemLoader Loading environment from /home/runner/work/key/key/key.core/../key.ui/examples/standard_key/polySimp/simplify1.key.proof 
348666     DEBUG main            d.u.i.k.p.i.AbstractProblemLoader Environment load took 71.4ns 
348667     INFO  main            d.u.i.k.p.i.AbstractProblemLoader Creating init config 
350892     DEBUG main            d.u.i.k.p.i.AbstractProblemLoader Init config took 2.23s 
350905     INFO  main            d.u.i.k.p.i.AbstractProblemLoader Replaying proof simplify1.key.proof 
350913     DEBUG main            d.u.i.k.p.i.IntermediateProofReplayer Proof replay took 6.16ms 
350914     DEBUG main            d.u.i.k.p.r.p.TestFile    ... success: reloaded. 
350915     INFO  main            d.u.i.k.p.r.p.TestFile    Now processing file /home/runner/work/key/key/key.core/../key.ui/examples/standard_key/polySimp/simplify10.key 
350915     INFO  main            d.u.i.k.p.i.AbstractProblemLoader Loading environment from /home/runner/work/key/key/key.core/../key.ui/examples/standard_key/polySimp/simplify10.key 
350915     DEBUG main            d.u.i.k.p.i.AbstractProblemLoader Environment load took 58.8ns 
350916     INFO  main            d.u.i.k.p.i.AbstractProblemLoader Creating init config 
353178     DEBUG main            d.u.i.k.p.i.AbstractProblemLoader Init config took 2.26s 
353192     INFO  main            d.u.i.k.p.i.AbstractProblemLoader Replaying proof simplify10.key 
353193     DEBUG main            d.u.i.k.p.i.IntermediateProofReplayer Proof replay took 3.1ns 
353395     INFO  main            d.u.i.k.p.r.p.TestFile    ... finished proof: closed. 
353815     INFO  main            d.u.i.k.p.i.AbstractProblemLoader Loading environment from /home/runner/work/key/key/key.core/../key.ui/examples/standard_key/polySimp/simplify10.key.proof 
353815     DEBUG main            d.u.i.k.p.i.AbstractProblemLoader Environment load took 75.3ns 
353817     INFO  main            d.u.i.k.p.i.AbstractProblemLoader Creating init config 
356083     DEBUG main            d.u.i.k.p.i.AbstractProblemLoader Init config took 2.27s 
356097     INFO  main            d.u.i.k.p.i.AbstractProblemLoader Replaying proof simplify10.key.proof 
356107     DEBUG main            d.u.i.k.p.i.IntermediateProofReplayer Proof replay took 8.28ms 
356108     DEBUG main            d.u.i.k.p.r.p.TestFile    ... success: reloaded. 
356109     INFO  main            d.u.i.k.p.r.p.TestFile    Now processing file /home/runner/work/key/key/key.core/../key.ui/examples/standard_key/polySimp/simplify11.key 
356109     INFO  main            d.u.i.k.p.i.AbstractProblemLoader Loading environment from /home/runner/work/key/key/key.core/../key.ui/examples/standard_key/polySimp/simplify11.key 
356109     DEBUG main            d.u.i.k.p.i.AbstractProblemLoader Environment load took 55.1ns 
356110     INFO  main            d.u.i.k.p.i.AbstractProblemLoader Creating init config 
358372     DEBUG main            d.u.i.k.p.i.AbstractProblemLoader Init config took 2.26s 
358385     INFO  main            d.u.i.k.p.i.AbstractProblemLoader Replaying proof simplify11.key 
358386     DEBUG main            d.u.i.k.p.i.IntermediateProofReplayer Proof replay took 3ns 
358588     INFO  main            d.u.i.k.p.r.p.TestFile    ... finished proof: closed. 
359001     INFO  main            d.u.i.k.p.i.AbstractProblemLoader Loading environment from /home/runner/work/key/key/key.core/../key.ui/examples/standard_key/polySimp/simplify11.key.proof 
359001     DEBUG main            d.u.i.k.p.i.AbstractProblemLoader Environment load took 76.4ns 
359002     INFO  main            d.u.i.k.p.i.AbstractProblemLoader Creating init config 
361239     DEBUG main            d.u.i.k.p.i.AbstractProblemLoader Init config took 2.24s 
361252     INFO  main            d.u.i.k.p.i.AbstractProblemLoader Replaying proof simplify11.key.proof 
361261     DEBUG main            d.u.i.k.p.i.IntermediateProofReplayer Proof replay took 6.87ms 
361262     DEBUG main            d.u.i.k.p.r.p.TestFile    ... success: reloaded. 
361263     INFO  main            d.u.i.k.p.r.p.TestFile    Now processing file /home/runner/work/key/key/key.core/../key.ui/examples/standard_key/polySimp/simplify12.key 
361263     INFO  main            d.u.i.k.p.i.AbstractProblemLoader Loading environment from /home/runner/work/key/key/key.core/../key.ui/examples/standard_key/polySimp/simplify12.key 
361263     DEBUG main            d.u.i.k.p.i.AbstractProblemLoader Environment load took 41.5ns 
361264     INFO  main            d.u.i.k.p.i.AbstractProblemLoader Creating init config 
363529     DEBUG main            d.u.i.k.p.i.AbstractProblemLoader Init config took 2.27s 
363541     INFO  main            d.u.i.k.p.i.AbstractProblemLoader Replaying proof simplify12.key 
363542     DEBUG main            d.u.i.k.p.i.IntermediateProofReplayer Proof replay took 3ns 
363644     INFO  main            d.u.i.k.p.r.p.TestFile    ... finished proof: closed. 
364056     INFO  main            d.u.i.k.p.i.AbstractProblemLoader Loading environment from /home/runner/work/key/key/key.core/../key.ui/examples/standard_key/polySimp/simplify12.key.proof 
364057     DEBUG main            d.u.i.k.p.i.AbstractProblemLoader Environment load took 75.8ns 
364057     INFO  main            d.u.i.k.p.i.AbstractProblemLoader Creating init config 
366280     DEBUG main            d.u.i.k.p.i.AbstractProblemLoader Init config took 2.22s 
366292     INFO  main            d.u.i.k.p.i.AbstractProblemLoader Replaying proof simplify12.key.proof 
366297     DEBUG main            d.u.i.k.p.i.IntermediateProofReplayer Proof replay took 3.33ms 
366298     DEBUG main            d.u.i.k.p.r.p.TestFile    ... success: reloaded. 
366298     INFO  main            d.u.i.k.p.r.p.TestFile    Now processing file /home/runner/work/key/key/key.core/../key.ui/examples/standard_key/polySimp/simplify13.key 
366298     INFO  main            d.u.i.k.p.i.AbstractProblemLoader Loading environment from /home/runner/work/key/key/key.core/../key.ui/examples/standard_key/polySimp/simplify13.key 
366299     DEBUG main            d.u.i.k.p.i.AbstractProblemLoader Environment load took 56.5ns 
366299     INFO  main            d.u.i.k.p.i.AbstractProblemLoader Creating init config 
368555     DEBUG main            d.u.i.k.p.i.AbstractProblemLoader Init config took 2.26s 
368568     INFO  main            d.u.i.k.p.i.AbstractProblemLoader Replaying proof simplify13.key 
368569     DEBUG main            d.u.i.k.p.i.IntermediateProofReplayer Proof replay took 2.5ns 
368670     INFO  main            d.u.i.k.p.r.p.TestFile    ... finished proof: closed. 
369068     INFO  main            d.u.i.k.p.i.AbstractProblemLoader Loading environment from /home/runner/work/key/key/key.core/../key.ui/examples/standard_key/polySimp/simplify13.key.proof 
369068     DEBUG main            d.u.i.k.p.i.AbstractProblemLoader Environment load took 75.8ns 
369069     INFO  main            d.u.i.k.p.i.AbstractProblemLoader Creating init config 
371287     DEBUG main            d.u.i.k.p.i.AbstractProblemLoader Init config took 2.22s 
371300     INFO  main            d.u.i.k.p.i.AbstractProblemLoader Replaying proof simplify13.key.proof 
371303     DEBUG main            d.u.i.k.p.i.IntermediateProofReplayer Proof replay took 2.02ms 
371304     DEBUG main            d.u.i.k.p.r.p.TestFile    ... success: reloaded. 
371304     INFO  main            d.u.i.k.p.r.p.TestFile    Now processing file /home/runner/work/key/key/key.core/../key.ui/examples/standard_key/polySimp/simplify14.key 
371305     INFO  main            d.u.i.k.p.i.AbstractProblemLoader Loading environment from /home/runner/work/key/key/key.core/../key.ui/examples/standard_key/polySimp/simplify14.key 
371305     DEBUG main            d.u.i.k.p.i.AbstractProblemLoader Environment load took 42.5ns 
371305     INFO  main            d.u.i.k.p.i.AbstractProblemLoader Creating init config 
373568     DEBUG main            d.u.i.k.p.i.AbstractProblemLoader Init config took 2.26s 
373581     INFO  main            d.u.i.k.p.i.AbstractProblemLoader Replaying proof simplify14.key 
373582     DEBUG main            d.u.i.k.p.i.IntermediateProofReplayer Proof replay took 2.2ns 
373684     INFO  main            d.u.i.k.p.r.p.TestFile    ... finished proof: closed. 
374088     INFO  main            d.u.i.k.p.i.AbstractProblemLoader Loading environment from /home/runner/work/key/key/key.core/../key.ui/examples/standard_key/polySimp/simplify14.key.proof 
374088     DEBUG main            d.u.i.k.p.i.AbstractProblemLoader Environment load took 70.9ns 
374089     INFO  main            d.u.i.k.p.i.AbstractProblemLoader Creating init config 
376312     DEBUG main            d.u.i.k.p.i.AbstractProblemLoader Init config took 2.22s 
376324     INFO  main            d.u.i.k.p.i.AbstractProblemLoader Replaying proof simplify14.key.proof 
376326     DEBUG main            d.u.i.k.p.i.IntermediateProofReplayer Proof replay took 427.7ns 
376326     DEBUG main            d.u.i.k.p.r.p.TestFile    ... success: reloaded. 
376327     INFO  main            d.u.i.k.p.r.p.TestFile    Now processing file /home/runner/work/key/key/key.core/../key.ui/examples/standard_key/polySimp/simplify15.key 
376327     INFO  main            d.u.i.k.p.i.AbstractProblemLoader Loading environment from /home/runner/work/key/key/key.core/../key.ui/examples/standard_key/polySimp/simplify15.key 
376327     DEBUG main            d.u.i.k.p.i.AbstractProblemLoader Environment load took 38.4ns 
376328     INFO  main            d.u.i.k.p.i.AbstractProblemLoader Creating init config 
378609     DEBUG main            d.u.i.k.p.i.AbstractProblemLoader Init config took 2.28s 
378621     INFO  main            d.u.i.k.p.i.AbstractProblemLoader Replaying proof simplify15.key 
378622     DEBUG main            d.u.i.k.p.i.IntermediateProofReplayer Proof replay took 2.3ns 
378727     INFO  main            d.u.i.k.p.r.p.TestFile    ... finished proof: closed. 
379123     INFO  main            d.u.i.k.p.i.AbstractProblemLoader Loading environment from /home/runner/work/key/key/key.core/../key.ui/examples/standard_key/polySimp/simplify15.key.proof 
379123     DEBUG main            d.u.i.k.p.i.AbstractProblemLoader Environment load took 71.5ns 
379124     INFO  main            d.u.i.k.p.i.AbstractProblemLoader Creating init config 
381334     DEBUG main            d.u.i.k.p.i.AbstractProblemLoader Init config took 2.21s 
381346     INFO  main            d.u.i.k.p.i.AbstractProblemLoader Replaying proof simplify15.key.proof 
381348     DEBUG main            d.u.i.k.p.i.IntermediateProofReplayer Proof replay took 291ns 
381348     DEBUG main            d.u.i.k.p.r.p.TestFile    ... success: reloaded. 
381349     INFO  main            d.u.i.k.p.r.p.TestFile    Now processing file /home/runner/work/key/key/key.core/../key.ui/examples/standard_key/polySimp/simplify16.key 
381349     INFO  main            d.u.i.k.p.i.AbstractProblemLoader Loading environment from /home/runner/work/key/key/key.core/../key.ui/examples/standard_key/polySimp/simplify16.key 
381349     DEBUG main            d.u.i.k.p.i.AbstractProblemLoader Environment load took 171.2ns 
381354     INFO  main            d.u.i.k.p.i.AbstractProblemLoader Creating init config 
383599     DEBUG main            d.u.i.k.p.i.AbstractProblemLoader Init config took 2.25s 
383611     INFO  main            d.u.i.k.p.i.AbstractProblemLoader Replaying proof simplify16.key 
383612     DEBUG main            d.u.i.k.p.i.IntermediateProofReplayer Proof replay took 2.6ns 
383713     INFO  main            d.u.i.k.p.r.p.TestFile    ... finished proof: closed. 
384146     INFO  main            d.u.i.k.p.i.AbstractProblemLoader Loading environment from /home/runner/work/key/key/key.core/../key.ui/examples/standard_key/polySimp/simplify16.key.proof 
384146     DEBUG main            d.u.i.k.p.i.AbstractProblemLoader Environment load took 71.3ns 
384147     INFO  main            d.u.i.k.p.i.AbstractProblemLoader Creating init config 
386377     DEBUG main            d.u.i.k.p.i.AbstractProblemLoader Init config took 2.23s 
386389     INFO  main            d.u.i.k.p.i.AbstractProblemLoader Replaying proof simplify16.key.proof 
386390     DEBUG main            d.u.i.k.p.i.IntermediateProofReplayer Proof replay took 203.7ns 
386391     DEBUG main            d.u.i.k.p.r.p.TestFile    ... success: reloaded. 
386391     INFO  main            d.u.i.k.p.r.p.TestFile    Now processing file /home/runner/work/key/key/key.core/../key.ui/examples/standard_key/polySimp/simplify17.key 
386392     INFO  main            d.u.i.k.p.i.AbstractProblemLoader Loading environment from /home/runner/work/key/key/key.core/../key.ui/examples/standard_key/polySimp/simplify17.key 
386392     DEBUG main            d.u.i.k.p.i.AbstractProblemLoader Environment load took 70.3ns 
386392     INFO  main            d.u.i.k.p.i.AbstractProblemLoader Creating init config 
388688     DEBUG main            d.u.i.k.p.i.AbstractProblemLoader Init config took 2.3s 
388700     INFO  main            d.u.i.k.p.i.AbstractProblemLoader Replaying proof simplify17.key 
388701     DEBUG main            d.u.i.k.p.i.IntermediateProofReplayer Proof replay took 2.4ns 
388802     INFO  main            d.u.i.k.p.r.p.TestFile    ... finished proof: closed. 
389233     INFO  main            d.u.i.k.p.i.AbstractProblemLoader Loading environment from /home/runner/work/key/key/key.core/../key.ui/examples/standard_key/polySimp/simplify17.key.proof 
389233     DEBUG main            d.u.i.k.p.i.AbstractProblemLoader Environment load took 77.1ns 
389234     INFO  main            d.u.i.k.p.i.AbstractProblemLoader Creating init config 
391466     DEBUG main            d.u.i.k.p.i.AbstractProblemLoader Init config took 2.23s 
391478     INFO  main            d.u.i.k.p.i.AbstractProblemLoader Replaying proof simplify17.key.proof 
391482     DEBUG main            d.u.i.k.p.i.IntermediateProofReplayer Proof replay took 2.67ms 
391483     DEBUG main            d.u.i.k.p.r.p.TestFile    ... success: reloaded. 
391483     INFO  main            d.u.i.k.p.r.p.TestFile    Now processing file /home/runner/work/key/key/key.core/../key.ui/examples/standard_key/polySimp/simplify18.key 
391484     INFO  main            d.u.i.k.p.i.AbstractProblemLoader Loading environment from /home/runner/work/key/key/key.core/../key.ui/examples/standard_key/polySimp/simplify18.key 
391484     DEBUG main            d.u.i.k.p.i.AbstractProblemLoader Environment load took 59.3ns 
391485     INFO  main            d.u.i.k.p.i.AbstractProblemLoader Creating init config 
393769     DEBUG main            d.u.i.k.p.i.AbstractProblemLoader Init config took 2.28s 
393781     INFO  main            d.u.i.k.p.i.AbstractProblemLoader Replaying proof simplify18.key 
393782     DEBUG main            d.u.i.k.p.i.IntermediateProofReplayer Proof replay took 2.6ns 
393984     INFO  main            d.u.i.k.p.r.p.TestFile    ... finished proof: closed. 
394419     INFO  main            d.u.i.k.p.i.AbstractProblemLoader Loading environment from /home/runner/work/key/key/key.core/../key.ui/examples/standard_key/polySimp/simplify18.key.proof 
394420     DEBUG main            d.u.i.k.p.i.AbstractProblemLoader Environment load took 78.7ns 
394421     INFO  main            d.u.i.k.p.i.AbstractProblemLoader Creating init config 
396676     DEBUG main            d.u.i.k.p.i.AbstractProblemLoader Init config took 2.26s 
396690     INFO  main            d.u.i.k.p.i.AbstractProblemLoader Replaying proof simplify18.key.proof 
396697     DEBUG main            d.u.i.k.p.i.IntermediateProofReplayer Proof replay took 5.75ms 
396698     DEBUG main            d.u.i.k.p.r.p.TestFile    ... success: reloaded. 
396700     INFO  main            d.u.i.k.p.r.p.TestFile    Now processing file /home/runner/work/key/key/key.core/../key.ui/examples/standard_key/polySimp/simplify19.key 
396700     INFO  main            d.u.i.k.p.i.AbstractProblemLoader Loading environment from /home/runner/work/key/key/key.core/../key.ui/examples/standard_key/polySimp/simplify19.key 
396700     DEBUG main            d.u.i.k.p.i.AbstractProblemLoader Environment load took 62.1ns 
396701     INFO  main            d.u.i.k.p.i.AbstractProblemLoader Creating init config 
398964     DEBUG main            d.u.i.k.p.i.AbstractProblemLoader Init config took 2.26s 
398976     INFO  main            d.u.i.k.p.i.AbstractProblemLoader Replaying proof simplify19.key 
398977     DEBUG main            d.u.i.k.p.i.IntermediateProofReplayer Proof replay took 2.5ns 
401885     INFO  main            d.u.i.k.p.r.p.TestFile    ... finished proof: closed. 
402366     INFO  main            d.u.i.k.p.i.AbstractProblemLoader Loading environment from /home/runner/work/key/key/key.core/../key.ui/examples/standard_key/polySimp/simplify19.key.proof 
402367     DEBUG main            d.u.i.k.p.i.AbstractProblemLoader Environment load took 87.1ns 
402368     INFO  main            d.u.i.k.p.i.AbstractProblemLoader Creating init config 
404620     DEBUG main            d.u.i.k.p.i.AbstractProblemLoader Init config took 2.25s 
404633     INFO  main            d.u.i.k.p.i.AbstractProblemLoader Replaying proof simplify19.key.proof 
404729     DEBUG main            d.u.i.k.p.i.IntermediateProofReplayer Proof replay took 84.8ms 
404731     DEBUG main            d.u.i.k.p.r.p.TestFile    ... success: reloaded. 
404732     INFO  main            d.u.i.k.p.r.p.TestFile    Now processing file /home/runner/work/key/key/key.core/../key.ui/examples/standard_key/polySimp/simplify2.key 
404732     INFO  main            d.u.i.k.p.i.AbstractProblemLoader Loading environment from /home/runner/work/key/key/key.core/../key.ui/examples/standard_key/polySimp/simplify2.key 
404732     DEBUG main            d.u.i.k.p.i.AbstractProblemLoader Environment load took 401.6ns 
404733     INFO  main            d.u.i.k.p.i.AbstractProblemLoader Creating init config 
407041     DEBUG main            d.u.i.k.p.i.AbstractProblemLoader Init config took 2.31s 
407053     INFO  main            d.u.i.k.p.i.AbstractProblemLoader Replaying proof simplify2.key 
407054     DEBUG main            d.u.i.k.p.i.IntermediateProofReplayer Proof replay took 2.4ns 
407156     INFO  main            d.u.i.k.p.r.p.TestFile    ... finished proof: closed. 
407644     INFO  main            d.u.i.k.p.i.AbstractProblemLoader Loading environment from /home/runner/work/key/key/key.core/../key.ui/examples/standard_key/polySimp/simplify2.key.proof 
407644     DEBUG main            d.u.i.k.p.i.AbstractProblemLoader Environment load took 402.7ns 
407645     INFO  main            d.u.i.k.p.i.AbstractProblemLoader Creating init config 
409893     DEBUG main            d.u.i.k.p.i.AbstractProblemLoader Init config took 2.25s 
409905     INFO  main            d.u.i.k.p.i.AbstractProblemLoader Replaying proof simplify2.key.proof 
409907     DEBUG main            d.u.i.k.p.i.IntermediateProofReplayer Proof replay took 458.6ns 
409908     DEBUG main            d.u.i.k.p.r.p.TestFile    ... success: reloaded. 
409908     INFO  main            d.u.i.k.p.r.p.TestFile    Now processing file /home/runner/work/key/key/key.core/../key.ui/examples/standard_key/polySimp/simplify20.key 
409908     INFO  main            d.u.i.k.p.i.AbstractProblemLoader Loading environment from /home/runner/work/key/key/key.core/../key.ui/examples/standard_key/polySimp/simplify20.key 
409908     DEBUG main            d.u.i.k.p.i.AbstractProblemLoader Environment load took 42ns 
409909     INFO  main            d.u.i.k.p.i.AbstractProblemLoader Creating init config 
412169     DEBUG main            d.u.i.k.p.i.AbstractProblemLoader Init config took 2.26s 
412181     INFO  main            d.u.i.k.p.i.AbstractProblemLoader Replaying proof simplify20.key 
412182     DEBUG main            d.u.i.k.p.i.IntermediateProofReplayer Proof replay took 2.2ns 
412798     INFO  main            d.u.i.k.p.r.p.TestFile    ... finished proof: closed. 
413266     INFO  main            d.u.i.k.p.i.AbstractProblemLoader Loading environment from /home/runner/work/key/key/key.core/../key.ui/examples/standard_key/polySimp/simplify20.key.proof 
413266     DEBUG main            d.u.i.k.p.i.AbstractProblemLoader Environment load took 356.1ns 
413268     INFO  main            d.u.i.k.p.i.AbstractProblemLoader Creating init config 
415512     DEBUG main            d.u.i.k.p.i.AbstractProblemLoader Init config took 2.24s 
415525     INFO  main            d.u.i.k.p.i.AbstractProblemLoader Replaying proof simplify20.key.proof 
415554     DEBUG main            d.u.i.k.p.i.IntermediateProofReplayer Proof replay took 24.16ms 
415555     DEBUG main            d.u.i.k.p.r.p.TestFile    ... success: reloaded. 
415555     INFO  main            d.u.i.k.p.r.p.TestFile    Now processing file /home/runner/work/key/key/key.core/../key.ui/examples/standard_key/polySimp/simplify21.key 
415555     INFO  main            d.u.i.k.p.i.AbstractProblemLoader Loading environment from /home/runner/work/key/key/key.core/../key.ui/examples/standard_key/polySimp/simplify21.key 
415555     DEBUG main            d.u.i.k.p.i.AbstractProblemLoader Environment load took 73.9ns 
415558     INFO  main            d.u.i.k.p.i.AbstractProblemLoader Creating init config 
417826     DEBUG main            d.u.i.k.p.i.AbstractProblemLoader Init config took 2.27s 
417839     INFO  main            d.u.i.k.p.i.AbstractProblemLoader Replaying proof simplify21.key 
417840     DEBUG main            d.u.i.k.p.i.IntermediateProofReplayer Proof replay took 2.4ns 
418468     INFO  main            d.u.i.k.p.r.p.TestFile    ... finished proof: closed. 
418950     INFO  main            d.u.i.k.p.i.AbstractProblemLoader Loading environment from /home/runner/work/key/key/key.core/../key.ui/examples/standard_key/polySimp/simplify21.key.proof 
418950     DEBUG main            d.u.i.k.p.i.AbstractProblemLoader Environment load took 74.4ns 
418952     INFO  main            d.u.i.k.p.i.AbstractProblemLoader Creating init config 
421203     DEBUG main            d.u.i.k.p.i.AbstractProblemLoader Init config took 2.25s 
421219     INFO  main            d.u.i.k.p.i.AbstractProblemLoader Replaying proof simplify21.key.proof 
421240     DEBUG main            d.u.i.k.p.i.IntermediateProofReplayer Proof replay took 18ms 
421242     DEBUG main            d.u.i.k.p.r.p.TestFile    ... success: reloaded. 
421243     INFO  main            d.u.i.k.p.r.p.TestFile    Now processing file /home/runner/work/key/key/key.core/../key.ui/examples/standard_key/polySimp/simplify22.key 
421243     INFO  main            d.u.i.k.p.i.AbstractProblemLoader Loading environment from /home/runner/work/key/key/key.core/../key.ui/examples/standard_key/polySimp/simplify22.key 
421243     DEBUG main            d.u.i.k.p.i.AbstractProblemLoader Environment load took 70.8ns 
421244     INFO  main            d.u.i.k.p.i.AbstractProblemLoader Creating init config 
423523     DEBUG main            d.u.i.k.p.i.AbstractProblemLoader Init config took 2.28s 
423535     INFO  main            d.u.i.k.p.i.AbstractProblemLoader Replaying proof simplify22.key 
423536     DEBUG main            d.u.i.k.p.i.IntermediateProofReplayer Proof replay took 3ns 
423637     INFO  main            d.u.i.k.p.r.p.TestFile    ... finished proof: closed. 
424115     INFO  main            d.u.i.k.p.i.AbstractProblemLoader Loading environment from /home/runner/work/key/key/key.core/../key.ui/examples/standard_key/polySimp/simplify22.key.proof 
424116     DEBUG main            d.u.i.k.p.i.AbstractProblemLoader Environment load took 73.6ns 
424116     INFO  main            d.u.i.k.p.i.AbstractProblemLoader Creating init config 
426360     DEBUG main            d.u.i.k.p.i.AbstractProblemLoader Init config took 2.24s 
426372     INFO  main            d.u.i.k.p.i.AbstractProblemLoader Replaying proof simplify22.key.proof 
426378     DEBUG main            d.u.i.k.p.i.IntermediateProofReplayer Proof replay took 1.91ms 
426379     DEBUG main            d.u.i.k.p.r.p.TestFile    ... success: reloaded. 
426379     INFO  main            d.u.i.k.p.r.p.TestFile    Now processing file /home/runner/work/key/key/key.core/../key.ui/examples/standard_key/polySimp/simplify23.key 
426380     INFO  main            d.u.i.k.p.i.AbstractProblemLoader Loading environment from /home/runner/work/key/key/key.core/../key.ui/examples/standard_key/polySimp/simplify23.key 
426380     DEBUG main            d.u.i.k.p.i.AbstractProblemLoader Environment load took 169ns 
426381     INFO  main            d.u.i.k.p.i.AbstractProblemLoader Creating init config 
428643     DEBUG main            d.u.i.k.p.i.AbstractProblemLoader Init config took 2.26s 
428655     INFO  main            d.u.i.k.p.i.AbstractProblemLoader Replaying proof simplify23.key 
428656     DEBUG main            d.u.i.k.p.i.IntermediateProofReplayer Proof replay took 2.5ns 
428757     INFO  main            d.u.i.k.p.r.p.TestFile    ... finished proof: closed. 
429220     INFO  main            d.u.i.k.p.i.AbstractProblemLoader Loading environment from /home/runner/work/key/key/key.core/../key.ui/examples/standard_key/polySimp/simplify23.key.proof 
429220     DEBUG main            d.u.i.k.p.i.AbstractProblemLoader Environment load took 84.6ns 
429221     INFO  main            d.u.i.k.p.i.AbstractProblemLoader Creating init config 
431447     DEBUG main            d.u.i.k.p.i.AbstractProblemLoader Init config took 2.23s 
431460     INFO  main            d.u.i.k.p.i.AbstractProblemLoader Replaying proof simplify23.key.proof 
431466     DEBUG main            d.u.i.k.p.i.IntermediateProofReplayer Proof replay took 4.96ms 
431467     DEBUG main            d.u.i.k.p.r.p.TestFile    ... success: reloaded. 
431467     INFO  main            d.u.i.k.p.r.p.TestFile    Now processing file /home/runner/work/key/key/key.core/../key.ui/examples/standard_key/polySimp/simplify24.key 
431468     INFO  main            d.u.i.k.p.i.AbstractProblemLoader Loading environment from /home/runner/work/key/key/key.core/../key.ui/examples/standard_key/polySimp/simplify24.key 
431468     DEBUG main            d.u.i.k.p.i.AbstractProblemLoader Environment load took 65.2ns 
431468     INFO  main            d.u.i.k.p.i.AbstractProblemLoader Creating init config 
433713     DEBUG main            d.u.i.k.p.i.AbstractProblemLoader Init config took 2.24s 
433725     INFO  main            d.u.i.k.p.i.AbstractProblemLoader Replaying proof simplify24.key 
433726     DEBUG main            d.u.i.k.p.i.IntermediateProofReplayer Proof replay took 2.7ns 
433827     INFO  main            d.u.i.k.p.r.p.TestFile    ... finished proof: closed. 
434283     INFO  main            d.u.i.k.p.i.AbstractProblemLoader Loading environment from /home/runner/work/key/key/key.core/../key.ui/examples/standard_key/polySimp/simplify24.key.proof 
434284     DEBUG main            d.u.i.k.p.i.AbstractProblemLoader Environment load took 76ns 
434284     INFO  main            d.u.i.k.p.i.AbstractProblemLoader Creating init config 
436501     DEBUG main            d.u.i.k.p.i.AbstractProblemLoader Init config took 2.22s 
436513     INFO  main            d.u.i.k.p.i.AbstractProblemLoader Replaying proof simplify24.key.proof 
436516     DEBUG main            d.u.i.k.p.i.IntermediateProofReplayer Proof replay took 1.01ms 
436516     DEBUG main            d.u.i.k.p.r.p.TestFile    ... success: reloaded. 
436517     INFO  main            d.u.i.k.p.r.p.TestFile    Now processing file /home/runner/work/key/key/key.core/../key.ui/examples/standard_key/polySimp/simplify25.key 
436517     INFO  main            d.u.i.k.p.i.AbstractProblemLoader Loading environment from /home/runner/work/key/key/key.core/../key.ui/examples/standard_key/polySimp/simplify25.key 
436517     DEBUG main            d.u.i.k.p.i.AbstractProblemLoader Environment load took 55.1ns 
436518     INFO  main            d.u.i.k.p.i.AbstractProblemLoader Creating init config 
438763     DEBUG main            d.u.i.k.p.i.AbstractProblemLoader Init config took 2.25s 
438775     INFO  main            d.u.i.k.p.i.AbstractProblemLoader Replaying proof simplify25.key 
438776     DEBUG main            d.u.i.k.p.i.IntermediateProofReplayer Proof replay took 3.2ns 
438878     INFO  main            d.u.i.k.p.r.p.TestFile    ... finished proof: closed. 
439343     INFO  main            d.u.i.k.p.i.AbstractProblemLoader Loading environment from /home/runner/work/key/key/key.core/../key.ui/examples/standard_key/polySimp/simplify25.key.proof 
439343     DEBUG main            d.u.i.k.p.i.AbstractProblemLoader Environment load took 76.8ns 
439344     INFO  main            d.u.i.k.p.i.AbstractProblemLoader Creating init config 
441568     DEBUG main            d.u.i.k.p.i.AbstractProblemLoader Init config took 2.22s 
441580     INFO  main            d.u.i.k.p.i.AbstractProblemLoader Replaying proof simplify25.key.proof 
441583     DEBUG main            d.u.i.k.p.i.IntermediateProofReplayer Proof replay took 1.32ms 
441584     DEBUG main            d.u.i.k.p.r.p.TestFile    ... success: reloaded. 
441584     INFO  main            d.u.i.k.p.r.p.TestFile    Now processing file /home/runner/work/key/key/key.core/../key.ui/examples/standard_key/polySimp/simplify3.key 
441584     INFO  main            d.u.i.k.p.i.AbstractProblemLoader Loading environment from /home/runner/work/key/key/key.core/../key.ui/examples/standard_key/polySimp/simplify3.key 
441584     DEBUG main            d.u.i.k.p.i.AbstractProblemLoader Environment load took 54ns 
441585     INFO  main            d.u.i.k.p.i.AbstractProblemLoader Creating init config 
443828     DEBUG main            d.u.i.k.p.i.AbstractProblemLoader Init config took 2.24s 
443840     INFO  main            d.u.i.k.p.i.AbstractProblemLoader Replaying proof simplify3.key 
443841     DEBUG main            d.u.i.k.p.i.IntermediateProofReplayer Proof replay took 2.6ns 
443942     INFO  main            d.u.i.k.p.r.p.TestFile    ... finished proof: closed. 
444402     INFO  main            d.u.i.k.p.i.AbstractProblemLoader Loading environment from /home/runner/work/key/key/key.core/../key.ui/examples/standard_key/polySimp/simplify3.key.proof 
444402     DEBUG main            d.u.i.k.p.i.AbstractProblemLoader Environment load took 69.7ns 
444403     INFO  main            d.u.i.k.p.i.AbstractProblemLoader Creating init config 
446636     DEBUG main            d.u.i.k.p.i.AbstractProblemLoader Init config took 2.23s 
446648     INFO  main            d.u.i.k.p.i.AbstractProblemLoader Replaying proof simplify3.key.proof 
446650     DEBUG main            d.u.i.k.p.i.IntermediateProofReplayer Proof replay took 493.5ns 
446650     DEBUG main            d.u.i.k.p.r.p.TestFile    ... success: reloaded. 
446651     INFO  main            d.u.i.k.p.r.p.TestFile    Now processing file /home/runner/work/key/key/key.core/../key.ui/examples/standard_key/polySimp/simplify4.key 
446651     INFO  main            d.u.i.k.p.i.AbstractProblemLoader Loading environment from /home/runner/work/key/key/key.core/../key.ui/examples/standard_key/polySimp/simplify4.key 
446651     DEBUG main            d.u.i.k.p.i.AbstractProblemLoader Environment load took 40.8ns 
446652     INFO  main            d.u.i.k.p.i.AbstractProblemLoader Creating init config 
448898     DEBUG main            d.u.i.k.p.i.AbstractProblemLoader Init config took 2.25s 
448910     INFO  main            d.u.i.k.p.i.AbstractProblemLoader Replaying proof simplify4.key 
448911     DEBUG main            d.u.i.k.p.i.IntermediateProofReplayer Proof replay took 2.8ns 
449012     INFO  main            d.u.i.k.p.r.p.TestFile    ... finished proof: closed. 
449489     INFO  main            d.u.i.k.p.i.AbstractProblemLoader Loading environment from /home/runner/work/key/key/key.core/../key.ui/examples/standard_key/polySimp/simplify4.key.proof 
449489     DEBUG main            d.u.i.k.p.i.AbstractProblemLoader Environment load took 72.9ns 
449490     INFO  main            d.u.i.k.p.i.AbstractProblemLoader Creating init config 
451719     DEBUG main            d.u.i.k.p.i.AbstractProblemLoader Init config took 2.23s 
451731     INFO  main            d.u.i.k.p.i.AbstractProblemLoader Replaying proof simplify4.key.proof 
451733     DEBUG main            d.u.i.k.p.i.IntermediateProofReplayer Proof replay took 572.5ns 
451734     DEBUG main            d.u.i.k.p.r.p.TestFile    ... success: reloaded. 
451734     INFO  main            d.u.i.k.p.r.p.TestFile    Now processing file /home/runner/work/key/key/key.core/../key.ui/examples/standard_key/polySimp/simplify5.key 
451734     INFO  main            d.u.i.k.p.i.AbstractProblemLoader Loading environment from /home/runner/work/key/key/key.core/../key.ui/examples/standard_key/polySimp/simplify5.key 
451734     DEBUG main            d.u.i.k.p.i.AbstractProblemLoader Environment load took 57ns 
451735     INFO  main            d.u.i.k.p.i.AbstractProblemLoader Creating init config 
453993     DEBUG main            d.u.i.k.p.i.AbstractProblemLoader Init config took 2.26s 
454005     INFO  main            d.u.i.k.p.i.AbstractProblemLoader Replaying proof simplify5.key 
454006     DEBUG main            d.u.i.k.p.i.IntermediateProofReplayer Proof replay took 2.3ns 
454108     INFO  main            d.u.i.k.p.r.p.TestFile    ... finished proof: closed. 
454596     INFO  main            d.u.i.k.p.i.AbstractProblemLoader Loading environment from /home/runner/work/key/key/key.core/../key.ui/examples/standard_key/polySimp/simplify5.key.proof 
454596     DEBUG main            d.u.i.k.p.i.AbstractProblemLoader Environment load took 72.6ns 
454597     INFO  main            d.u.i.k.p.i.AbstractProblemLoader Creating init config 
456826     DEBUG main            d.u.i.k.p.i.AbstractProblemLoader Init config took 2.23s 
456840     INFO  main            d.u.i.k.p.i.AbstractProblemLoader Replaying proof simplify5.key.proof 
456844     DEBUG main            d.u.i.k.p.i.IntermediateProofReplayer Proof replay took 2.18ms 
456845     DEBUG main            d.u.i.k.p.r.p.TestFile    ... success: reloaded. 
456845     INFO  main            d.u.i.k.p.r.p.TestFile    Now processing file /home/runner/work/key/key/key.core/../key.ui/examples/standard_key/polySimp/simplify6.key 
456845     INFO  main            d.u.i.k.p.i.AbstractProblemLoader Loading environment from /home/runner/work/key/key/key.core/../key.ui/examples/standard_key/polySimp/simplify6.key 
456845     DEBUG main            d.u.i.k.p.i.AbstractProblemLoader Environment load took 41.2ns 
456846     INFO  main            d.u.i.k.p.i.AbstractProblemLoader Creating init config 
459100     DEBUG main            d.u.i.k.p.i.AbstractProblemLoader Init config took 2.25s 
459113     INFO  main            d.u.i.k.p.i.AbstractProblemLoader Replaying proof simplify6.key 
459114     DEBUG main            d.u.i.k.p.i.IntermediateProofReplayer Proof replay took 2.3ns 
459215     INFO  main            d.u.i.k.p.r.p.TestFile    ... finished proof: closed. 
459706     INFO  main            d.u.i.k.p.i.AbstractProblemLoader Loading environment from /home/runner/work/key/key/key.core/../key.ui/examples/standard_key/polySimp/simplify6.key.proof 
459706     DEBUG main            d.u.i.k.p.i.AbstractProblemLoader Environment load took 72.7ns 
459707     INFO  main            d.u.i.k.p.i.AbstractProblemLoader Creating init config 
461940     DEBUG main            d.u.i.k.p.i.AbstractProblemLoader Init config took 2.23s 
461952     INFO  main            d.u.i.k.p.i.AbstractProblemLoader Replaying proof simplify6.key.proof 
461954     DEBUG main            d.u.i.k.p.i.IntermediateProofReplayer Proof replay took 145.9ns 
461954     DEBUG main            d.u.i.k.p.r.p.TestFile    ... success: reloaded. 
461954     INFO  main            d.u.i.k.p.r.p.TestFile    Now processing file /home/runner/work/key/key/key.core/../key.ui/examples/standard_key/polySimp/simplify7.key 
461955     INFO  main            d.u.i.k.p.i.AbstractProblemLoader Loading environment from /home/runner/work/key/key/key.core/../key.ui/examples/standard_key/polySimp/simplify7.key 
461955     DEBUG main            d.u.i.k.p.i.AbstractProblemLoader Environment load took 39.8ns 
461955     INFO  main            d.u.i.k.p.i.AbstractProblemLoader Creating init config 
464218     DEBUG main            d.u.i.k.p.i.AbstractProblemLoader Init config took 2.26s 
464231     INFO  main            d.u.i.k.p.i.AbstractProblemLoader Replaying proof simplify7.key 
464232     DEBUG main            d.u.i.k.p.i.IntermediateProofReplayer Proof replay took 2.7ns 
464333     INFO  main            d.u.i.k.p.r.p.TestFile    ... finished proof: closed. 
464824     INFO  main            d.u.i.k.p.i.AbstractProblemLoader Loading environment from /home/runner/work/key/key/key.core/../key.ui/examples/standard_key/polySimp/simplify7.key.proof 
464825     DEBUG main            d.u.i.k.p.i.AbstractProblemLoader Environment load took 74.5ns 
464825     INFO  main            d.u.i.k.p.i.AbstractProblemLoader Creating init config 
467056     DEBUG main            d.u.i.k.p.i.AbstractProblemLoader Init config took 2.23s 
467068     INFO  main            d.u.i.k.p.i.AbstractProblemLoader Replaying proof simplify7.key.proof 
467070     DEBUG main            d.u.i.k.p.i.IntermediateProofReplayer Proof replay took 253.3ns 
467070     DEBUG main            d.u.i.k.p.r.p.TestFile    ... success: reloaded. 
467070     INFO  main            d.u.i.k.p.r.p.TestFile    Now processing file /home/runner/work/key/key/key.core/../key.ui/examples/standard_key/polySimp/simplify8.key 
467071     INFO  main            d.u.i.k.p.i.AbstractProblemLoader Loading environment from /home/runner/work/key/key/key.core/../key.ui/examples/standard_key/polySimp/simplify8.key 
467071     DEBUG main            d.u.i.k.p.i.AbstractProblemLoader Environment load took 39.8ns 
467074     INFO  main            d.u.i.k.p.i.AbstractProblemLoader Creating init config 
469317     DEBUG main            d.u.i.k.p.i.AbstractProblemLoader Init config took 2.24s 
469330     INFO  main            d.u.i.k.p.i.AbstractProblemLoader Replaying proof simplify8.key 
469331     DEBUG main            d.u.i.k.p.i.IntermediateProofReplayer Proof replay took 2.6ns 
472773     INFO  main            d.u.i.k.p.r.p.TestFile    ... finished proof: closed. 
473293     INFO  main            d.u.i.k.p.i.AbstractProblemLoader Loading environment from /home/runner/work/key/key/key.core/../key.ui/examples/standard_key/polySimp/simplify8.key.proof 
473293     DEBUG main            d.u.i.k.p.i.AbstractProblemLoader Environment load took 82.6ns 
473295     INFO  main            d.u.i.k.p.i.AbstractProblemLoader Creating init config 
475544     DEBUG main            d.u.i.k.p.i.AbstractProblemLoader Init config took 2.25s 
475561     INFO  main            d.u.i.k.p.i.AbstractProblemLoader Replaying proof simplify8.key.proof 
475604     DEBUG main            d.u.i.k.p.i.IntermediateProofReplayer Proof replay took 38.74ms 
475606     DEBUG main            d.u.i.k.p.r.p.TestFile    ... success: reloaded. 
475606     INFO  main            d.u.i.k.p.r.p.TestFile    Now processing file /home/runner/work/key/key/key.core/../key.ui/examples/standard_key/polySimp/simplify9.key 
475606     INFO  main            d.u.i.k.p.i.AbstractProblemLoader Loading environment from /home/runner/work/key/key/key.core/../key.ui/examples/standard_key/polySimp/simplify9.key 
475606     DEBUG main            d.u.i.k.p.i.AbstractProblemLoader Environment load took 41.5ns 
475608     INFO  main            d.u.i.k.p.i.AbstractProblemLoader Creating init config 
477895     DEBUG main            d.u.i.k.p.i.AbstractProblemLoader Init config took 2.29s 
477907     INFO  main            d.u.i.k.p.i.AbstractProblemLoader Replaying proof simplify9.key 
477908     DEBUG main            d.u.i.k.p.i.IntermediateProofReplayer Proof replay took 3ns 
478111     INFO  main            d.u.i.k.p.r.p.TestFile    ... finished proof: closed. 
478667     INFO  main            d.u.i.k.p.i.AbstractProblemLoader Loading environment from /home/runner/work/key/key/key.core/../key.ui/examples/standard_key/polySimp/simplify9.key.proof 
478667     DEBUG main            d.u.i.k.p.i.AbstractProblemLoader Environment load took 89ns 
478668     INFO  main            d.u.i.k.p.i.AbstractProblemLoader Creating init config 
480910     DEBUG main            d.u.i.k.p.i.AbstractProblemLoader Init config took 2.24s 
480924     INFO  main            d.u.i.k.p.i.AbstractProblemLoader Replaying proof simplify9.key.proof 
480928     DEBUG main            d.u.i.k.p.i.IntermediateProofReplayer Proof replay took 3.11ms 
480930     DEBUG main            d.u.i.k.p.r.p.TestFile    ... success: reloaded. 
2751082    INFO  Test worker     d.u.i.k.p.r.p.StatisticsFile Returning from test arithmetic 
2751086    INFO  Test worker     d.u.i.k.p.r.p.StatisticsFile Running test arrays 
334        INFO  Timeout watchdog d.u.i.k.p.r.p.ForkedTestFileRunner Timeout watcher launched (2000 secs.) 
347        WARN  main            d.u.i.k.s.ProofSettings   The settings in /home/runner/.key/proof-settings.props are *not* read. 
386        INFO  main            d.u.i.k.p.r.p.TestFile    Now processing file /home/runner/work/key/key/key.core/../key.ui/examples/standard_key/arrays/arrayStoreException/array2DimPrim.key 
497        INFO  main            d.u.i.k.p.i.AbstractProblemLoader Loading environment from /home/runner/work/key/key/key.core/../key.ui/examples/standard_key/arrays/arrayStoreException/array2DimPrim.key 
514        DEBUG main            d.u.i.k.p.i.AbstractProblemLoader Environment load took 2.64ms 
791        INFO  main            d.u.i.k.p.i.AbstractProblemLoader Creating init config 
1716       DEBUG main            d.u.i.k.j.TypeConverter   No LDT found for Meta 
1717       DEBUG main            d.u.i.k.j.TypeConverter   No LDT found for Meta 
1718       DEBUG main            d.u.i.k.j.TypeConverter   No LDT found for Meta 
1718       DEBUG main            d.u.i.k.j.TypeConverter   No LDT found for Meta 
3118       DEBUG main            d.u.i.k.j.TypeConverter   No LDT found for JavaBigintExpression 
8134       DEBUG main            d.u.i.k.p.i.AbstractProblemLoader Init config took 7.34s 
8200       INFO  main            d.u.i.k.p.i.AbstractProblemLoader Replaying proof array2DimPrim.key 
8232       DEBUG main            d.u.i.k.p.i.IntermediateProofReplayer Proof replay took 33ns 
12219      INFO  main            d.u.i.k.p.r.p.TestFile    ... finished proof: closed. 
12409      INFO  main            d.u.i.k.p.i.AbstractProblemLoader Loading environment from /home/runner/work/key/key/key.core/../key.ui/examples/standard_key/arrays/arrayStoreException/array2DimPrim.key.proof 
12410      DEBUG main            d.u.i.k.p.i.AbstractProblemLoader Environment load took 449.6ns 
12414      INFO  main            d.u.i.k.p.i.AbstractProblemLoader Creating init config 
15087      DEBUG main            d.u.i.k.p.i.AbstractProblemLoader Init config took 2.67s 
15122      INFO  main            d.u.i.k.p.i.AbstractProblemLoader Replaying proof array2DimPrim.key.proof 
15535      DEBUG main            d.u.i.k.p.i.IntermediateProofReplayer Proof replay took 397.89ms 
15553      DEBUG main            d.u.i.k.p.r.p.TestFile    ... success: reloaded. 
15555      INFO  main            d.u.i.k.p.r.p.TestFile    Now processing file /home/runner/work/key/key/key.core/../key.ui/examples/standard_key/arrays/arrayStoreException/arrayStoreKnownDynType.key 
15557      INFO  main            d.u.i.k.p.i.AbstractProblemLoader Loading environment from /home/runner/work/key/key/key.core/../key.ui/examples/standard_key/arrays/arrayStoreException/arrayStoreKnownDynType.key 
15557      DEBUG main            d.u.i.k.p.i.AbstractProblemLoader Environment load took 267.1ns 
15561      INFO  main            d.u.i.k.p.i.AbstractProblemLoader Creating init config 
18147      DEBUG main            d.u.i.k.p.i.AbstractProblemLoader Init config took 2.59s 
18179      INFO  main            d.u.i.k.p.i.AbstractProblemLoader Replaying proof arrayStoreKnownDynType.key 
18182      DEBUG main            d.u.i.k.p.i.IntermediateProofReplayer Proof replay took 6.1ns 
18386      INFO  main            d.u.i.k.p.r.p.TestFile    ... finished proof: closed. 
18632      INFO  main            d.u.i.k.p.i.AbstractProblemLoader Loading environment from /home/runner/work/key/key/key.core/../key.ui/examples/standard_key/arrays/arrayStoreException/arrayStoreKnownDynType.key.proof 
18635      DEBUG main            d.u.i.k.p.i.AbstractProblemLoader Environment load took 2.66ms 
18637      INFO  main            d.u.i.k.p.i.AbstractProblemLoader Creating init config 
21149      DEBUG main            d.u.i.k.p.i.AbstractProblemLoader Init config took 2.51s 
21172      INFO  main            d.u.i.k.p.i.AbstractProblemLoader Replaying proof arrayStoreKnownDynType.key.proof 
21210      DEBUG main            d.u.i.k.p.i.IntermediateProofReplayer Proof replay took 34.33ms 
21212      DEBUG main            d.u.i.k.p.r.p.TestFile    ... success: reloaded. 
21213      INFO  main            d.u.i.k.p.r.p.TestFile    Now processing file /home/runner/work/key/key/key.core/../key.ui/examples/standard_key/arrays/arrayStoreException/reverseArray.key 
21213      INFO  main            d.u.i.k.p.i.AbstractProblemLoader Loading environment from /home/runner/work/key/key/key.core/../key.ui/examples/standard_key/arrays/arrayStoreException/reverseArray.key 
21214      DEBUG main            d.u.i.k.p.i.AbstractProblemLoader Environment load took 219ns 
21215      INFO  main            d.u.i.k.p.i.AbstractProblemLoader Creating init config 
23754      DEBUG main            d.u.i.k.p.i.AbstractProblemLoader Init config took 2.54s 
23778      INFO  main            d.u.i.k.p.i.AbstractProblemLoader Replaying proof reverseArray.key 
23780      DEBUG main            d.u.i.k.p.i.IntermediateProofReplayer Proof replay took 6.9ns 
24386      INFO  main            d.u.i.k.p.r.p.TestFile    ... finished proof: closed. 
24554      INFO  main            d.u.i.k.p.i.AbstractProblemLoader Loading environment from /home/runner/work/key/key/key.core/../key.ui/examples/standard_key/arrays/arrayStoreException/reverseArray.key.proof 
24554      DEBUG main            d.u.i.k.p.i.AbstractProblemLoader Environment load took 510.5ns 
24556      INFO  main            d.u.i.k.p.i.AbstractProblemLoader Creating init config 
26989      DEBUG main            d.u.i.k.p.i.AbstractProblemLoader Init config took 2.43s 
27010      INFO  main            d.u.i.k.p.i.AbstractProblemLoader Replaying proof reverseArray.key.proof 
27107      DEBUG main            d.u.i.k.p.i.IntermediateProofReplayer Proof replay took 90.01ms 
27108      DEBUG main            d.u.i.k.p.r.p.TestFile    ... success: reloaded. 
27110      INFO  main            d.u.i.k.p.r.p.TestFile    Now processing file /home/runner/work/key/key/key.core/../key.ui/examples/standard_key/arrays/arrayStoreException/throwArrayStoreException.key 
27110      INFO  main            d.u.i.k.p.i.AbstractProblemLoader Loading environment from /home/runner/work/key/key/key.core/../key.ui/examples/standard_key/arrays/arrayStoreException/throwArrayStoreException.key 
27110      DEBUG main            d.u.i.k.p.i.AbstractProblemLoader Environment load took 240.9ns 
27112      INFO  main            d.u.i.k.p.i.AbstractProblemLoader Creating init config 
29648      DEBUG main            d.u.i.k.p.i.AbstractProblemLoader Init config took 2.54s 
29670      INFO  main            d.u.i.k.p.i.AbstractProblemLoader Replaying proof throwArrayStoreException.key 
29672      DEBUG main            d.u.i.k.p.i.IntermediateProofReplayer Proof replay took 5.9ns 
30075      INFO  main            d.u.i.k.p.r.p.TestFile    ... finished proof: closed. 
30252      INFO  main            d.u.i.k.p.i.AbstractProblemLoader Loading environment from /home/runner/work/key/key/key.core/../key.ui/examples/standard_key/arrays/arrayStoreException/throwArrayStoreException.key.proof 
30252      DEBUG main            d.u.i.k.p.i.AbstractProblemLoader Environment load took 398.7ns 
30253      INFO  main            d.u.i.k.p.i.AbstractProblemLoader Creating init config 
32687      DEBUG main            d.u.i.k.p.i.AbstractProblemLoader Init config took 2.43s 
32715      INFO  main            d.u.i.k.p.i.AbstractProblemLoader Replaying proof throwArrayStoreException.key.proof 
32792      DEBUG main            d.u.i.k.p.i.IntermediateProofReplayer Proof replay took 71.39ms 
32793      DEBUG main            d.u.i.k.p.r.p.TestFile    ... success: reloaded. 
32794      INFO  main            d.u.i.k.p.r.p.TestFile    Now processing file /home/runner/work/key/key/key.core/../key.ui/examples/standard_key/arrays/creation/arrayCreation1.key 
32794      INFO  main            d.u.i.k.p.i.AbstractProblemLoader Loading environment from /home/runner/work/key/key/key.core/../key.ui/examples/standard_key/arrays/creation/arrayCreation1.key 
32794      DEBUG main            d.u.i.k.p.i.AbstractProblemLoader Environment load took 67.9ns 
32795      INFO  main            d.u.i.k.p.i.AbstractProblemLoader Creating init config 
35207      DEBUG main            d.u.i.k.p.i.AbstractProblemLoader Init config took 2.41s 
35227      INFO  main            d.u.i.k.p.i.AbstractProblemLoader Replaying proof arrayCreation1.key 
35229      DEBUG main            d.u.i.k.p.i.IntermediateProofReplayer Proof replay took 6.3ns 
35432      INFO  main            d.u.i.k.p.r.p.TestFile    ... finished proof: closed. 
35596      INFO  main            d.u.i.k.p.i.AbstractProblemLoader Loading environment from /home/runner/work/key/key/key.core/../key.ui/examples/standard_key/arrays/creation/arrayCreation1.key.proof 
35597      DEBUG main            d.u.i.k.p.i.AbstractProblemLoader Environment load took 122.4ns 
35598      INFO  main            d.u.i.k.p.i.AbstractProblemLoader Creating init config 
37976      DEBUG main            d.u.i.k.p.i.AbstractProblemLoader Init config took 2.38s 
37998      INFO  main            d.u.i.k.p.i.AbstractProblemLoader Replaying proof arrayCreation1.key.proof 
38019      DEBUG main            d.u.i.k.p.i.IntermediateProofReplayer Proof replay took 18.36ms 
38020      DEBUG main            d.u.i.k.p.r.p.TestFile    ... success: reloaded. 
38021      INFO  main            d.u.i.k.p.r.p.TestFile    Now processing file /home/runner/work/key/key/key.core/../key.ui/examples/standard_key/arrays/arrayStoreException/array2Dim.key 
38022      INFO  main            d.u.i.k.p.i.AbstractProblemLoader Loading environment from /home/runner/work/key/key/key.core/../key.ui/examples/standard_key/arrays/arrayStoreException/array2Dim.key 
38022      DEBUG main            d.u.i.k.p.i.AbstractProblemLoader Environment load took 211.9ns 
38023      INFO  main            d.u.i.k.p.i.AbstractProblemLoader Creating init config 
40478      DEBUG main            d.u.i.k.p.i.AbstractProblemLoader Init config took 2.45s 
40501      INFO  main            d.u.i.k.p.i.AbstractProblemLoader Replaying proof array2Dim.key 
40503      DEBUG main            d.u.i.k.p.i.IntermediateProofReplayer Proof replay took 7.5ns 
43881      INFO  main            d.u.i.k.p.r.p.TestFile    ... finished proof: open goal(s) 
44113      INFO  main            d.u.i.k.p.r.p.TestFile    Now processing file /home/runner/work/key/key/key.core/../key.ui/examples/standard_key/arrays/arrayStoreException/array2DimClose.key 
44115      INFO  main            d.u.i.k.p.i.AbstractProblemLoader Loading environment from /home/runner/work/key/key/key.core/../key.ui/examples/standard_key/arrays/arrayStoreException/array2DimClose.key 
44115      DEBUG main            d.u.i.k.p.i.AbstractProblemLoader Environment load took 108.3ns 
44116      INFO  main            d.u.i.k.p.i.AbstractProblemLoader Creating init config 
46516      DEBUG main            d.u.i.k.p.i.AbstractProblemLoader Init config took 2.4s 
46538      INFO  main            d.u.i.k.p.i.AbstractProblemLoader Replaying proof array2DimClose.key 
46540      DEBUG main            d.u.i.k.p.i.IntermediateProofReplayer Proof replay took 14ns 
48785      INFO  main            d.u.i.k.p.r.p.TestFile    ... finished proof: open goal(s) 
49098      INFO  main            d.u.i.k.p.r.p.TestFile    Now processing file /home/runner/work/key/key/key.core/../key.ui/examples/standard_key/arrays/arrayStoreException/throwASEForPrim.key 
49098      INFO  main            d.u.i.k.p.i.AbstractProblemLoader Loading environment from /home/runner/work/key/key/key.core/../key.ui/examples/standard_key/arrays/arrayStoreException/throwASEForPrim.key 
49098      DEBUG main            d.u.i.k.p.i.AbstractProblemLoader Environment load took 59.3ns 
49099      INFO  main            d.u.i.k.p.i.AbstractProblemLoader Creating init config 
51425      DEBUG main            d.u.i.k.p.i.AbstractProblemLoader Init config took 2.33s 
51446      INFO  main            d.u.i.k.p.i.AbstractProblemLoader Replaying proof throwASEForPrim.key 
51448      DEBUG main            d.u.i.k.p.i.IntermediateProofReplayer Proof replay took 6.2ns 
55700      INFO  main            d.u.i.k.p.r.p.TestFile    ... finished proof: open goal(s) 
2807250    INFO  Test worker     d.u.i.k.p.r.p.StatisticsFile Returning from test arrays 
2807252    INFO  Test worker     d.u.i.k.p.r.p.StatisticsFile Running test javadl 
360        INFO  Timeout watchdog d.u.i.k.p.r.p.ForkedTestFileRunner Timeout watcher launched (2000 secs.) 
361        WARN  main            d.u.i.k.s.ProofSettings   The settings in /home/runner/.key/proof-settings.props are *not* read. 
406        INFO  main            d.u.i.k.p.r.p.TestFile    Now processing file /home/runner/work/key/key/key.core/../key.ui/examples/standard_key/instanceCreation/instanceCreation1.key 
538        INFO  main            d.u.i.k.p.i.AbstractProblemLoader Loading environment from /home/runner/work/key/key/key.core/../key.ui/examples/standard_key/instanceCreation/instanceCreation1.key 
556        DEBUG main            d.u.i.k.p.i.AbstractProblemLoader Environment load took 3.08ms 
799        INFO  main            d.u.i.k.p.i.AbstractProblemLoader Creating init config 
1648       DEBUG main            d.u.i.k.j.TypeConverter   No LDT found for Meta 
1649       DEBUG main            d.u.i.k.j.TypeConverter   No LDT found for Meta 
1655       DEBUG main            d.u.i.k.j.TypeConverter   No LDT found for Meta 
1655       DEBUG main            d.u.i.k.j.TypeConverter   No LDT found for Meta 
3216       DEBUG main            d.u.i.k.j.TypeConverter   No LDT found for JavaBigintExpression 
8362       DEBUG main            d.u.i.k.p.i.AbstractProblemLoader Init config took 7.56s 
8426       INFO  main            d.u.i.k.p.i.AbstractProblemLoader Replaying proof instanceCreation1.key 
8457       DEBUG main            d.u.i.k.p.i.IntermediateProofReplayer Proof replay took 39ns 
9291       INFO  main            d.u.i.k.p.r.p.TestFile    ... finished proof: closed. 
9404       INFO  main            d.u.i.k.p.i.AbstractProblemLoader Loading environment from /home/runner/work/key/key/key.core/../key.ui/examples/standard_key/instanceCreation/instanceCreation1.key.proof 
9407       DEBUG main            d.u.i.k.p.i.AbstractProblemLoader Environment load took 2.67ms 
9413       INFO  main            d.u.i.k.p.i.AbstractProblemLoader Creating init config 
12283      DEBUG main            d.u.i.k.p.i.AbstractProblemLoader Init config took 2.87s 
12336      INFO  main            d.u.i.k.p.i.AbstractProblemLoader Replaying proof instanceCreation1.key.proof 
12469      DEBUG main            d.u.i.k.p.i.IntermediateProofReplayer Proof replay took 119.67ms 
12481      DEBUG main            d.u.i.k.p.r.p.TestFile    ... success: reloaded. 
12486      INFO  main            d.u.i.k.p.r.p.TestFile    Now processing file /home/runner/work/key/key/key.core/../key.ui/examples/standard_key/instanceCreation/instanceCreation2.key 
12493      INFO  main            d.u.i.k.p.i.AbstractProblemLoader Loading environment from /home/runner/work/key/key/key.core/../key.ui/examples/standard_key/instanceCreation/instanceCreation2.key 
12505      DEBUG main            d.u.i.k.p.i.AbstractProblemLoader Environment load took 11.85ms 
12508      INFO  main            d.u.i.k.p.i.AbstractProblemLoader Creating init config 
15186      DEBUG main            d.u.i.k.p.i.AbstractProblemLoader Init config took 2.68s 
15237      INFO  main            d.u.i.k.p.i.AbstractProblemLoader Replaying proof instanceCreation2.key 
15262      DEBUG main            d.u.i.k.p.i.IntermediateProofReplayer Proof replay took 6.8ns 
15975      INFO  main            d.u.i.k.p.r.p.TestFile    ... finished proof: closed. 
16148      INFO  main            d.u.i.k.p.i.AbstractProblemLoader Loading environment from /home/runner/work/key/key/key.core/../key.ui/examples/standard_key/instanceCreation/instanceCreation2.key.proof 
16149      DEBUG main            d.u.i.k.p.i.AbstractProblemLoader Environment load took 408.3ns 
16150      INFO  main            d.u.i.k.p.i.AbstractProblemLoader Creating init config 
18763      DEBUG main            d.u.i.k.p.i.AbstractProblemLoader Init config took 2.61s 
18803      INFO  main            d.u.i.k.p.i.AbstractProblemLoader Replaying proof instanceCreation2.key.proof 
18898      DEBUG main            d.u.i.k.p.i.IntermediateProofReplayer Proof replay took 86.56ms 
18900      DEBUG main            d.u.i.k.p.r.p.TestFile    ... success: reloaded. 
18902      INFO  main            d.u.i.k.p.r.p.TestFile    Now processing file /home/runner/work/key/key/key.core/../key.ui/examples/standard_key/instanceCreation/interfacesAndAbstractClassesHaveNoInstances.key 
18902      INFO  main            d.u.i.k.p.i.AbstractProblemLoader Loading environment from /home/runner/work/key/key/key.core/../key.ui/examples/standard_key/instanceCreation/interfacesAndAbstractClassesHaveNoInstances.key 
18902      DEBUG main            d.u.i.k.p.i.AbstractProblemLoader Environment load took 99.1ns 
18904      INFO  main            d.u.i.k.p.i.AbstractProblemLoader Creating init config 
21525      DEBUG main            d.u.i.k.p.i.AbstractProblemLoader Init config took 2.62s 
21545      INFO  main            d.u.i.k.p.i.AbstractProblemLoader Replaying proof interfacesAndAbstractClassesHaveNoInstances.key 
21546      DEBUG main            d.u.i.k.p.i.IntermediateProofReplayer Proof replay took 6.2ns 
21650      INFO  main            d.u.i.k.p.r.p.TestFile    ... finished proof: closed. 
21798      INFO  main            d.u.i.k.p.i.AbstractProblemLoader Loading environment from /home/runner/work/key/key/key.core/../key.ui/examples/standard_key/instanceCreation/interfacesAndAbstractClassesHaveNoInstances.key.proof 
21798      DEBUG main            d.u.i.k.p.i.AbstractProblemLoader Environment load took 114.9ns 
21799      INFO  main            d.u.i.k.p.i.AbstractProblemLoader Creating init config 
24310      DEBUG main            d.u.i.k.p.i.AbstractProblemLoader Init config took 2.51s 
24330      INFO  main            d.u.i.k.p.i.AbstractProblemLoader Replaying proof interfacesAndAbstractClassesHaveNoInstances.key.proof 
24333      DEBUG main            d.u.i.k.p.i.IntermediateProofReplayer Proof replay took 1.09ms 
24334      DEBUG main            d.u.i.k.p.r.p.TestFile    ... success: reloaded. 
24335      INFO  main            d.u.i.k.p.r.p.TestFile    Now processing file /home/runner/work/key/key/key.core/../key.ui/examples/standard_key/instanceCreation/successiveCreatedObjectsAreDistinct.key 
24335      INFO  main            d.u.i.k.p.i.AbstractProblemLoader Loading environment from /home/runner/work/key/key/key.core/../key.ui/examples/standard_key/instanceCreation/successiveCreatedObjectsAreDistinct.key 
24335      DEBUG main            d.u.i.k.p.i.AbstractProblemLoader Environment load took 189.8ns 
24336      INFO  main            d.u.i.k.p.i.AbstractProblemLoader Creating init config 
26877      DEBUG main            d.u.i.k.p.i.AbstractProblemLoader Init config took 2.54s 
26905      INFO  main            d.u.i.k.p.i.AbstractProblemLoader Replaying proof successiveCreatedObjectsAreDistinct.key 
26909      DEBUG main            d.u.i.k.p.i.IntermediateProofReplayer Proof replay took 7.3ns 
27213      INFO  main            d.u.i.k.p.r.p.TestFile    ... finished proof: closed. 
27423      INFO  main            d.u.i.k.p.i.AbstractProblemLoader Loading environment from /home/runner/work/key/key/key.core/../key.ui/examples/standard_key/instanceCreation/successiveCreatedObjectsAreDistinct.key.proof 
27423      DEBUG main            d.u.i.k.p.i.AbstractProblemLoader Environment load took 116.1ns 
27424      INFO  main            d.u.i.k.p.i.AbstractProblemLoader Creating init config 
29971      DEBUG main            d.u.i.k.p.i.AbstractProblemLoader Init config took 2.55s 
29991      INFO  main            d.u.i.k.p.i.AbstractProblemLoader Replaying proof successiveCreatedObjectsAreDistinct.key.proof 
30042      DEBUG main            d.u.i.k.p.i.IntermediateProofReplayer Proof replay took 48.03ms 
30043      DEBUG main            d.u.i.k.p.r.p.TestFile    ... success: reloaded. 
30045      INFO  main            d.u.i.k.p.r.p.TestFile    Now processing file /home/runner/work/key/key/key.core/../key.ui/examples/standard_key/instanceCreation/testOverloadingConstructors.key 
30045      INFO  main            d.u.i.k.p.i.AbstractProblemLoader Loading environment from /home/runner/work/key/key/key.core/../key.ui/examples/standard_key/instanceCreation/testOverloadingConstructors.key 
30045      DEBUG main            d.u.i.k.p.i.AbstractProblemLoader Environment load took 192.6ns 
30046      INFO  main            d.u.i.k.p.i.AbstractProblemLoader Creating init config 
32590      DEBUG main            d.u.i.k.p.i.AbstractProblemLoader Init config took 2.54s 
32611      INFO  main            d.u.i.k.p.i.AbstractProblemLoader Replaying proof testOverloadingConstructors.key 
32612      DEBUG main            d.u.i.k.p.i.IntermediateProofReplayer Proof replay took 6.3ns 
32928      INFO  main            d.u.i.k.p.r.p.TestFile    ... finished proof: closed. 
33089      INFO  main            d.u.i.k.p.i.AbstractProblemLoader Loading environment from /home/runner/work/key/key/key.core/../key.ui/examples/standard_key/instanceCreation/testOverloadingConstructors.key.proof 
33090      DEBUG main            d.u.i.k.p.i.AbstractProblemLoader Environment load took 1.51ms 
33092      INFO  main            d.u.i.k.p.i.AbstractProblemLoader Creating init config 
35608      DEBUG main            d.u.i.k.p.i.AbstractProblemLoader Init config took 2.52s 
35627      INFO  main            d.u.i.k.p.i.AbstractProblemLoader Replaying proof testOverloadingConstructors.key.proof 
35668      DEBUG main            d.u.i.k.p.i.IntermediateProofReplayer Proof replay took 37.43ms 
35669      DEBUG main            d.u.i.k.p.r.p.TestFile    ... success: reloaded. 
35670      INFO  main            d.u.i.k.p.r.p.TestFile    Now processing file /home/runner/work/key/key/key.core/../key.ui/examples/standard_key/java_dl/SimpleAttributes.key 
35671      INFO  main            d.u.i.k.p.i.AbstractProblemLoader Loading environment from /home/runner/work/key/key/key.core/../key.ui/examples/standard_key/java_dl/SimpleAttributes.key 
35671      DEBUG main            d.u.i.k.p.i.AbstractProblemLoader Environment load took 200.9ns 
35672      INFO  main            d.u.i.k.p.i.AbstractProblemLoader Creating init config 
38182      DEBUG main            d.u.i.k.p.i.AbstractProblemLoader Init config took 2.51s 
38202      INFO  main            d.u.i.k.p.i.AbstractProblemLoader Replaying proof SimpleAttributes.key 
38204      DEBUG main            d.u.i.k.p.i.IntermediateProofReplayer Proof replay took 6.6ns 
38307      INFO  main            d.u.i.k.p.r.p.TestFile    ... finished proof: closed. 
38462      INFO  main            d.u.i.k.p.i.AbstractProblemLoader Loading environment from /home/runner/work/key/key/key.core/../key.ui/examples/standard_key/java_dl/SimpleAttributes.key.proof 
38462      DEBUG main            d.u.i.k.p.i.AbstractProblemLoader Environment load took 111.4ns 
38463      INFO  main            d.u.i.k.p.i.AbstractProblemLoader Creating init config 
40951      DEBUG main            d.u.i.k.p.i.AbstractProblemLoader Init config took 2.49s 
40971      INFO  main            d.u.i.k.p.i.AbstractProblemLoader Replaying proof SimpleAttributes.key.proof 
40992      DEBUG main            d.u.i.k.p.i.IntermediateProofReplayer Proof replay took 18.32ms 
40993      DEBUG main            d.u.i.k.p.r.p.TestFile    ... success: reloaded. 
40994      INFO  main            d.u.i.k.p.r.p.TestFile    Now processing file /home/runner/work/key/key/key.core/../key.ui/examples/standard_key/java_dl/arrayMax.key 
40994      INFO  main            d.u.i.k.p.i.AbstractProblemLoader Loading environment from /home/runner/work/key/key/key.core/../key.ui/examples/standard_key/java_dl/arrayMax.key 
40994      DEBUG main            d.u.i.k.p.i.AbstractProblemLoader Environment load took 72.1ns 
40997      INFO  main            d.u.i.k.p.i.AbstractProblemLoader Creating init config 
43542      DEBUG main            d.u.i.k.p.i.AbstractProblemLoader Init config took 2.55s 
43561      INFO  main            d.u.i.k.p.i.AbstractProblemLoader Replaying proof arrayMax.key 
43563      DEBUG main            d.u.i.k.p.i.IntermediateProofReplayer Proof replay took 5.9ns 
44870      INFO  main            d.u.i.k.p.r.p.TestFile    ... finished proof: closed. 
45116      INFO  main            d.u.i.k.p.i.AbstractProblemLoader Loading environment from /home/runner/work/key/key/key.core/../key.ui/examples/standard_key/java_dl/arrayMax.key.proof 
45116      DEBUG main            d.u.i.k.p.i.AbstractProblemLoader Environment load took 122.4ns 
45118      INFO  main            d.u.i.k.p.i.AbstractProblemLoader Creating init config 
47691      DEBUG main            d.u.i.k.p.i.AbstractProblemLoader Init config took 2.57s 
47709      INFO  main            d.u.i.k.p.i.AbstractProblemLoader Replaying proof arrayMax.key.proof 
47870      DEBUG main            d.u.i.k.p.i.IntermediateProofReplayer Proof replay took 153.01ms 
47871      DEBUG main            d.u.i.k.p.r.p.TestFile    ... success: reloaded. 
47872      INFO  main            d.u.i.k.p.r.p.TestFile    Now processing file /home/runner/work/key/key/key.core/../key.ui/examples/standard_key/java_dl/arrayUpdateSimp.key 
47873      INFO  main            d.u.i.k.p.i.AbstractProblemLoader Loading environment from /home/runner/work/key/key/key.core/../key.ui/examples/standard_key/java_dl/arrayUpdateSimp.key 
47873      DEBUG main            d.u.i.k.p.i.AbstractProblemLoader Environment load took 207.5ns 
47875      INFO  main            d.u.i.k.p.i.AbstractProblemLoader Creating init config 
47899      WARN  main            d.u.i.k.j.r.KeYCrossReferenceNameInfo Datatype java.lang.System declared twice: Once in FILE:/home/runner/work/key/key/key.core/../key.ui/examples/standard_key/java_dl/./classpath/System.java and once in URL:file:/home/runner/work/key/key/key.core/build/resources/main/de/uka/ilkd/key/java/JavaRedux/java/lang/System.java, Keeping one from URL:file:/home/runner/work/key/key/key.core/build/resources/main/de/uka/ilkd/key/java/JavaRedux/java/lang/System.java 
47899      WARN  main            d.u.i.k.j.r.KeYCrossReferenceNameInfo Datatype java.io.PrintStream declared twice: Once in FILE:/home/runner/work/key/key/key.core/../key.ui/examples/standard_key/java_dl/./classpath/PrintStream.java and once in URL:file:/home/runner/work/key/key/key.core/build/resources/main/de/uka/ilkd/key/java/JavaRedux/java/io/PrintStream.java, Keeping one from URL:file:/home/runner/work/key/key/key.core/build/resources/main/de/uka/ilkd/key/java/JavaRedux/java/io/PrintStream.java 
47900      WARN  main            d.u.i.k.j.r.KeYCrossReferenceNameInfo Datatype java.io.InputStream declared twice: Once in FILE:/home/runner/work/key/key/key.core/../key.ui/examples/standard_key/java_dl/./classpath/InputStream.java and once in URL:file:/home/runner/work/key/key/key.core/build/resources/main/de/uka/ilkd/key/java/JavaRedux/java/io/InputStream.java, Keeping one from URL:file:/home/runner/work/key/key/key.core/build/resources/main/de/uka/ilkd/key/java/JavaRedux/java/io/InputStream.java 
47905      DEBUG main            d.u.i.k.j.r.ClassFileDeclarationBuilder Parsing: package java.io; public class Closeable { } 
47906      DEBUG main            r.s.KeYCrossReferenceSourceInfo Dynamically created class: java.io.Closeable 
50348      DEBUG main            d.u.i.k.p.i.AbstractProblemLoader Init config took 2.47s 
50366      INFO  main            d.u.i.k.p.i.AbstractProblemLoader Replaying proof arrayUpdateSimp.key 
50367      DEBUG main            d.u.i.k.p.i.IntermediateProofReplayer Proof replay took 6.8ns 
50469      INFO  main            d.u.i.k.p.r.p.TestFile    ... finished proof: closed. 
50662      INFO  main            d.u.i.k.p.i.AbstractProblemLoader Loading environment from /home/runner/work/key/key/key.core/../key.ui/examples/standard_key/java_dl/arrayUpdateSimp.key.proof 
50662      DEBUG main            d.u.i.k.p.i.AbstractProblemLoader Environment load took 115.3ns 
50668      INFO  main            d.u.i.k.p.i.AbstractProblemLoader Creating init config 
50702      WARN  main            d.u.i.k.j.r.KeYCrossReferenceNameInfo Datatype java.lang.System declared twice: Once in FILE:/home/runner/work/key/key/key.core/../key.ui/examples/standard_key/java_dl/classpath/System.java and once in URL:file:/home/runner/work/key/key/key.core/build/resources/main/de/uka/ilkd/key/java/JavaRedux/java/lang/System.java, Keeping one from URL:file:/home/runner/work/key/key/key.core/build/resources/main/de/uka/ilkd/key/java/JavaRedux/java/lang/System.java 
50703      WARN  main            d.u.i.k.j.r.KeYCrossReferenceNameInfo Datatype java.io.PrintStream declared twice: Once in FILE:/home/runner/work/key/key/key.core/../key.ui/examples/standard_key/java_dl/classpath/PrintStream.java and once in URL:file:/home/runner/work/key/key/key.core/build/resources/main/de/uka/ilkd/key/java/JavaRedux/java/io/PrintStream.java, Keeping one from URL:file:/home/runner/work/key/key/key.core/build/resources/main/de/uka/ilkd/key/java/JavaRedux/java/io/PrintStream.java 
50703      WARN  main            d.u.i.k.j.r.KeYCrossReferenceNameInfo Datatype java.io.InputStream declared twice: Once in FILE:/home/runner/work/key/key/key.core/../key.ui/examples/standard_key/java_dl/classpath/InputStream.java and once in URL:file:/home/runner/work/key/key/key.core/build/resources/main/de/uka/ilkd/key/java/JavaRedux/java/io/InputStream.java, Keeping one from URL:file:/home/runner/work/key/key/key.core/build/resources/main/de/uka/ilkd/key/java/JavaRedux/java/io/InputStream.java 
50706      DEBUG main            d.u.i.k.j.r.ClassFileDeclarationBuilder Parsing: package java.io; public class Closeable { } 
50707      DEBUG main            r.s.KeYCrossReferenceSourceInfo Dynamically created class: java.io.Closeable 
53179      DEBUG main            d.u.i.k.p.i.AbstractProblemLoader Init config took 2.51s 
53198      INFO  main            d.u.i.k.p.i.AbstractProblemLoader Replaying proof arrayUpdateSimp.key.proof 
53199      DEBUG main            d.u.i.k.p.i.IntermediateProofReplayer Proof replay took 491.2ns 
53201      DEBUG main            d.u.i.k.p.r.p.TestFile    ... success: reloaded. 
53202      INFO  main            d.u.i.k.p.r.p.TestFile    Now processing file /home/runner/work/key/key/key.core/../key.ui/examples/standard_key/java_dl/attributes.key 
53202      INFO  main            d.u.i.k.p.i.AbstractProblemLoader Loading environment from /home/runner/work/key/key/key.core/../key.ui/examples/standard_key/java_dl/attributes.key 
53202      DEBUG main            d.u.i.k.p.i.AbstractProblemLoader Environment load took 77.5ns 
53203      INFO  main            d.u.i.k.p.i.AbstractProblemLoader Creating init config 
55665      DEBUG main            d.u.i.k.p.i.AbstractProblemLoader Init config took 2.46s 
55683      INFO  main            d.u.i.k.p.i.AbstractProblemLoader Replaying proof attributes.key 
55687      DEBUG main            d.u.i.k.p.i.IntermediateProofReplayer Proof replay took 6.1ns 
55889      INFO  main            d.u.i.k.p.r.p.TestFile    ... finished proof: closed. 
56056      INFO  main            d.u.i.k.p.i.AbstractProblemLoader Loading environment from /home/runner/work/key/key/key.core/../key.ui/examples/standard_key/java_dl/attributes.key.proof 
56056      DEBUG main            d.u.i.k.p.i.AbstractProblemLoader Environment load took 124.8ns 
56057      INFO  main            d.u.i.k.p.i.AbstractProblemLoader Creating init config 
58496      DEBUG main            d.u.i.k.p.i.AbstractProblemLoader Init config took 2.44s 
58511      INFO  main            d.u.i.k.p.i.AbstractProblemLoader Replaying proof attributes.key.proof 
58555      DEBUG main            d.u.i.k.p.i.IntermediateProofReplayer Proof replay took 41.01ms 
58556      DEBUG main            d.u.i.k.p.r.p.TestFile    ... success: reloaded. 
58558      INFO  main            d.u.i.k.p.r.p.TestFile    Now processing file /home/runner/work/key/key/key.core/../key.ui/examples/standard_key/java_dl/break.key 
58565      INFO  main            d.u.i.k.p.i.AbstractProblemLoader Loading environment from /home/runner/work/key/key/key.core/../key.ui/examples/standard_key/java_dl/break.key 
58565      DEBUG main            d.u.i.k.p.i.AbstractProblemLoader Environment load took 270.2ns 
58575      INFO  main            d.u.i.k.p.i.AbstractProblemLoader Creating init config 
58618      WARN  main            d.u.i.k.j.r.KeYCrossReferenceNameInfo Datatype java.lang.System declared twice: Once in FILE:/home/runner/work/key/key/key.core/../key.ui/examples/standard_key/java_dl/classpath/System.java and once in URL:file:/home/runner/work/key/key/key.core/build/resources/main/de/uka/ilkd/key/java/JavaRedux/java/lang/System.java, Keeping one from URL:file:/home/runner/work/key/key/key.core/build/resources/main/de/uka/ilkd/key/java/JavaRedux/java/lang/System.java 
58618      WARN  main            d.u.i.k.j.r.KeYCrossReferenceNameInfo Datatype java.io.PrintStream declared twice: Once in FILE:/home/runner/work/key/key/key.core/../key.ui/examples/standard_key/java_dl/classpath/PrintStream.java and once in URL:file:/home/runner/work/key/key/key.core/build/resources/main/de/uka/ilkd/key/java/JavaRedux/java/io/PrintStream.java, Keeping one from URL:file:/home/runner/work/key/key/key.core/build/resources/main/de/uka/ilkd/key/java/JavaRedux/java/io/PrintStream.java 
58619      WARN  main            d.u.i.k.j.r.KeYCrossReferenceNameInfo Datatype java.io.InputStream declared twice: Once in FILE:/home/runner/work/key/key/key.core/../key.ui/examples/standard_key/java_dl/classpath/InputStream.java and once in URL:file:/home/runner/work/key/key/key.core/build/resources/main/de/uka/ilkd/key/java/JavaRedux/java/io/InputStream.java, Keeping one from URL:file:/home/runner/work/key/key/key.core/build/resources/main/de/uka/ilkd/key/java/JavaRedux/java/io/InputStream.java 
58627      DEBUG main            d.u.i.k.j.r.ClassFileDeclarationBuilder Parsing: package java.io; public class Closeable { } 
58628      DEBUG main            r.s.KeYCrossReferenceSourceInfo Dynamically created class: java.io.Closeable 
61064      DEBUG main            d.u.i.k.p.i.AbstractProblemLoader Init config took 2.49s 
61079      INFO  main            d.u.i.k.p.i.AbstractProblemLoader Replaying proof break.key 
61080      DEBUG main            d.u.i.k.p.i.IntermediateProofReplayer Proof replay took 6.9ns 
61182      INFO  main            d.u.i.k.p.r.p.TestFile    ... finished proof: closed. 
61355      INFO  main            d.u.i.k.p.i.AbstractProblemLoader Loading environment from /home/runner/work/key/key/key.core/../key.ui/examples/standard_key/java_dl/break.key.proof 
61355      DEBUG main            d.u.i.k.p.i.AbstractProblemLoader Environment load took 108.8ns 
61356      INFO  main            d.u.i.k.p.i.AbstractProblemLoader Creating init config 
61377      WARN  main            d.u.i.k.j.r.KeYCrossReferenceNameInfo Datatype java.lang.System declared twice: Once in FILE:/home/runner/work/key/key/key.core/../key.ui/examples/standard_key/java_dl/classpath/System.java and once in URL:file:/home/runner/work/key/key/key.core/build/resources/main/de/uka/ilkd/key/java/JavaRedux/java/lang/System.java, Keeping one from URL:file:/home/runner/work/key/key/key.core/build/resources/main/de/uka/ilkd/key/java/JavaRedux/java/lang/System.java 
61378      WARN  main            d.u.i.k.j.r.KeYCrossReferenceNameInfo Datatype java.io.PrintStream declared twice: Once in FILE:/home/runner/work/key/key/key.core/../key.ui/examples/standard_key/java_dl/classpath/PrintStream.java and once in URL:file:/home/runner/work/key/key/key.core/build/resources/main/de/uka/ilkd/key/java/JavaRedux/java/io/PrintStream.java, Keeping one from URL:file:/home/runner/work/key/key/key.core/build/resources/main/de/uka/ilkd/key/java/JavaRedux/java/io/PrintStream.java 
61378      WARN  main            d.u.i.k.j.r.KeYCrossReferenceNameInfo Datatype java.io.InputStream declared twice: Once in FILE:/home/runner/work/key/key/key.core/../key.ui/examples/standard_key/java_dl/classpath/InputStream.java and once in URL:file:/home/runner/work/key/key/key.core/build/resources/main/de/uka/ilkd/key/java/JavaRedux/java/io/InputStream.java, Keeping one from URL:file:/home/runner/work/key/key/key.core/build/resources/main/de/uka/ilkd/key/java/JavaRedux/java/io/InputStream.java 
61381      DEBUG main            d.u.i.k.j.r.ClassFileDeclarationBuilder Parsing: package java.io; public class Closeable { } 
61381      DEBUG main            r.s.KeYCrossReferenceSourceInfo Dynamically created class: java.io.Closeable 
63884      DEBUG main            d.u.i.k.p.i.AbstractProblemLoader Init config took 2.53s 
63899      INFO  main            d.u.i.k.p.i.AbstractProblemLoader Replaying proof break.key.proof 
63908      DEBUG main            d.u.i.k.p.i.IntermediateProofReplayer Proof replay took 6.78ms 
63909      DEBUG main            d.u.i.k.p.r.p.TestFile    ... success: reloaded. 
63910      INFO  main            d.u.i.k.p.r.p.TestFile    Now processing file /home/runner/work/key/key/key.core/../key.ui/examples/standard_key/java_dl/char.key 
63910      INFO  main            d.u.i.k.p.i.AbstractProblemLoader Loading environment from /home/runner/work/key/key/key.core/../key.ui/examples/standard_key/java_dl/char.key 
63910      DEBUG main            d.u.i.k.p.i.AbstractProblemLoader Environment load took 82.2ns 
63911      INFO  main            d.u.i.k.p.i.AbstractProblemLoader Creating init config 
66316      DEBUG main            d.u.i.k.p.i.AbstractProblemLoader Init config took 2.4s 
66337      INFO  main            d.u.i.k.p.i.AbstractProblemLoader Replaying proof char.key 
66344      DEBUG main            d.u.i.k.p.i.IntermediateProofReplayer Proof replay took 6.4ns 
66446      INFO  main            d.u.i.k.p.r.p.TestFile    ... finished proof: closed. 
66648      INFO  main            d.u.i.k.p.i.AbstractProblemLoader Loading environment from /home/runner/work/key/key/key.core/../key.ui/examples/standard_key/java_dl/char.key.proof 
66648      DEBUG main            d.u.i.k.p.i.AbstractProblemLoader Environment load took 108.6ns 
66650      INFO  main            d.u.i.k.p.i.AbstractProblemLoader Creating init config 
69028      DEBUG main            d.u.i.k.p.i.AbstractProblemLoader Init config took 2.38s 
69054      INFO  main            d.u.i.k.p.i.AbstractProblemLoader Replaying proof char.key.proof 
69058      DEBUG main            d.u.i.k.p.i.IntermediateProofReplayer Proof replay took 2.65ms 
69059      DEBUG main            d.u.i.k.p.r.p.TestFile    ... success: reloaded. 
69060      INFO  main            d.u.i.k.p.r.p.TestFile    Now processing file /home/runner/work/key/key/key.core/../key.ui/examples/standard_key/java_dl/compileTimeConstants.key 
69060      INFO  main            d.u.i.k.p.i.AbstractProblemLoader Loading environment from /home/runner/work/key/key/key.core/../key.ui/examples/standard_key/java_dl/compileTimeConstants.key 
69060      DEBUG main            d.u.i.k.p.i.AbstractProblemLoader Environment load took 82.3ns 
69061      INFO  main            d.u.i.k.p.i.AbstractProblemLoader Creating init config 
71494      DEBUG main            d.u.i.k.p.i.AbstractProblemLoader Init config took 2.43s 
71508      INFO  main            d.u.i.k.p.i.AbstractProblemLoader Replaying proof compileTimeConstants.key 
71509      DEBUG main            d.u.i.k.p.i.IntermediateProofReplayer Proof replay took 6.6ns 
71614      INFO  main            d.u.i.k.p.r.p.TestFile    ... finished proof: closed. 
71847      INFO  main            d.u.i.k.p.i.AbstractProblemLoader Loading environment from /home/runner/work/key/key/key.core/../key.ui/examples/standard_key/java_dl/compileTimeConstants.key.proof 
71847      DEBUG main            d.u.i.k.p.i.AbstractProblemLoader Environment load took 111.3ns 
71849      INFO  main            d.u.i.k.p.i.AbstractProblemLoader Creating init config 
74254      DEBUG main            d.u.i.k.p.i.AbstractProblemLoader Init config took 2.41s 
74270      INFO  main            d.u.i.k.p.i.AbstractProblemLoader Replaying proof compileTimeConstants.key.proof 
74283      DEBUG main            d.u.i.k.p.i.IntermediateProofReplayer Proof replay took 9.14ms 
74284      DEBUG main            d.u.i.k.p.r.p.TestFile    ... success: reloaded. 
74284      INFO  main            d.u.i.k.p.r.p.TestFile    Now processing file /home/runner/work/key/key/key.core/../key.ui/examples/standard_key/java_dl/constructorException/test.key 
74285      INFO  main            d.u.i.k.p.i.AbstractProblemLoader Loading environment from /home/runner/work/key/key/key.core/../key.ui/examples/standard_key/java_dl/constructorException/test.key 
74285      DEBUG main            d.u.i.k.p.i.AbstractProblemLoader Environment load took 70.3ns 
74286      INFO  main            d.u.i.k.p.i.AbstractProblemLoader Creating init config 
76824      DEBUG main            d.u.i.k.p.i.AbstractProblemLoader Init config took 2.54s 
76907      INFO  main            d.u.i.k.p.i.AbstractProblemLoader Replaying proof Test[Test::Test(int)].JML operation contract.0 
76908      DEBUG main            d.u.i.k.p.i.IntermediateProofReplayer Proof replay took 6.2ns 
77110      INFO  main            d.u.i.k.p.r.p.TestFile    ... finished proof: closed. 
77365      INFO  main            d.u.i.k.p.i.AbstractProblemLoader Loading environment from /home/runner/work/key/key/key.core/../key.ui/examples/standard_key/java_dl/constructorException/test.key.proof 
77365      DEBUG main            d.u.i.k.p.i.AbstractProblemLoader Environment load took 109.1ns 
77366      INFO  main            d.u.i.k.p.i.AbstractProblemLoader Creating init config 
79805      DEBUG main            d.u.i.k.p.i.AbstractProblemLoader Init config took 2.44s 
79845      INFO  main            d.u.i.k.p.i.AbstractProblemLoader Replaying proof Test[Test::Test(int)].JML operation contract.0 
79892      DEBUG main            d.u.i.k.p.i.IntermediateProofReplayer Proof replay took 44.59ms 
79894      DEBUG main            d.u.i.k.p.r.p.TestFile    ... success: reloaded. 
79894      INFO  main            d.u.i.k.p.r.p.TestFile    Now processing file /home/runner/work/key/key/key.core/../key.ui/examples/standard_key/java_dl/constructorException/regressionTestBug1333.key 
79895      INFO  main            d.u.i.k.p.i.AbstractProblemLoader Loading environment from /home/runner/work/key/key/key.core/../key.ui/examples/standard_key/java_dl/constructorException/regressionTestBug1333.key 
79895      DEBUG main            d.u.i.k.p.i.AbstractProblemLoader Environment load took 182.4ns 
79896      INFO  main            d.u.i.k.p.i.AbstractProblemLoader Creating init config 
82386      DEBUG main            d.u.i.k.p.i.AbstractProblemLoader Init config took 2.49s 
82425      INFO  main            d.u.i.k.p.i.AbstractProblemLoader Replaying proof False[False::False()].JML normal_behavior operation contract.0 
82428      DEBUG main            d.u.i.k.p.i.IntermediateProofReplayer Proof replay took 6.1ns 
82531      INFO  main            d.u.i.k.p.r.p.TestFile    ... finished proof: open goal(s) 
82749      INFO  main            d.u.i.k.p.r.p.TestFile    Now processing file /home/runner/work/key/key/key.core/../key.ui/examples/standard_key/java_dl/continue1.key 
82749      INFO  main            d.u.i.k.p.i.AbstractProblemLoader Loading environment from /home/runner/work/key/key/key.core/../key.ui/examples/standard_key/java_dl/continue1.key 
82750      DEBUG main            d.u.i.k.p.i.AbstractProblemLoader Environment load took 64.9ns 
82750      INFO  main            d.u.i.k.p.i.AbstractProblemLoader Creating init config 
82772      WARN  main            d.u.i.k.j.r.KeYCrossReferenceNameInfo Datatype java.lang.System declared twice: Once in FILE:/home/runner/work/key/key/key.core/../key.ui/examples/standard_key/java_dl/classpath/System.java and once in URL:file:/home/runner/work/key/key/key.core/build/resources/main/de/uka/ilkd/key/java/JavaRedux/java/lang/System.java, Keeping one from URL:file:/home/runner/work/key/key/key.core/build/resources/main/de/uka/ilkd/key/java/JavaRedux/java/lang/System.java 
82773      WARN  main            d.u.i.k.j.r.KeYCrossReferenceNameInfo Datatype java.io.PrintStream declared twice: Once in FILE:/home/runner/work/key/key/key.core/../key.ui/examples/standard_key/java_dl/classpath/PrintStream.java and once in URL:file:/home/runner/work/key/key/key.core/build/resources/main/de/uka/ilkd/key/java/JavaRedux/java/io/PrintStream.java, Keeping one from URL:file:/home/runner/work/key/key/key.core/build/resources/main/de/uka/ilkd/key/java/JavaRedux/java/io/PrintStream.java 
82773      WARN  main            d.u.i.k.j.r.KeYCrossReferenceNameInfo Datatype java.io.InputStream declared twice: Once in FILE:/home/runner/work/key/key/key.core/../key.ui/examples/standard_key/java_dl/classpath/InputStream.java and once in URL:file:/home/runner/work/key/key/key.core/build/resources/main/de/uka/ilkd/key/java/JavaRedux/java/io/InputStream.java, Keeping one from URL:file:/home/runner/work/key/key/key.core/build/resources/main/de/uka/ilkd/key/java/JavaRedux/java/io/InputStream.java 
82776      DEBUG main            d.u.i.k.j.r.ClassFileDeclarationBuilder Parsing: package java.io; public class Closeable { } 
82776      DEBUG main            r.s.KeYCrossReferenceSourceInfo Dynamically created class: java.io.Closeable 
85148      DEBUG main            d.u.i.k.p.i.AbstractProblemLoader Init config took 2.4s 
85162      INFO  main            d.u.i.k.p.i.AbstractProblemLoader Replaying proof continue1.key 
85164      DEBUG main            d.u.i.k.p.i.IntermediateProofReplayer Proof replay took 6.3ns 
85266      INFO  main            d.u.i.k.p.r.p.TestFile    ... finished proof: closed. 
85456      INFO  main            d.u.i.k.p.i.AbstractProblemLoader Loading environment from /home/runner/work/key/key/key.core/../key.ui/examples/standard_key/java_dl/continue1.key.proof 
85456      DEBUG main            d.u.i.k.p.i.AbstractProblemLoader Environment load took 108.9ns 
85457      INFO  main            d.u.i.k.p.i.AbstractProblemLoader Creating init config 
85480      WARN  main            d.u.i.k.j.r.KeYCrossReferenceNameInfo Datatype java.lang.System declared twice: Once in FILE:/home/runner/work/key/key/key.core/../key.ui/examples/standard_key/java_dl/classpath/System.java and once in URL:file:/home/runner/work/key/key/key.core/build/resources/main/de/uka/ilkd/key/java/JavaRedux/java/lang/System.java, Keeping one from URL:file:/home/runner/work/key/key/key.core/build/resources/main/de/uka/ilkd/key/java/JavaRedux/java/lang/System.java 
85480      WARN  main            d.u.i.k.j.r.KeYCrossReferenceNameInfo Datatype java.io.PrintStream declared twice: Once in FILE:/home/runner/work/key/key/key.core/../key.ui/examples/standard_key/java_dl/classpath/PrintStream.java and once in URL:file:/home/runner/work/key/key/key.core/build/resources/main/de/uka/ilkd/key/java/JavaRedux/java/io/PrintStream.java, Keeping one from URL:file:/home/runner/work/key/key/key.core/build/resources/main/de/uka/ilkd/key/java/JavaRedux/java/io/PrintStream.java 
85480      WARN  main            d.u.i.k.j.r.KeYCrossReferenceNameInfo Datatype java.io.InputStream declared twice: Once in FILE:/home/runner/work/key/key/key.core/../key.ui/examples/standard_key/java_dl/classpath/InputStream.java and once in URL:file:/home/runner/work/key/key/key.core/build/resources/main/de/uka/ilkd/key/java/JavaRedux/java/io/InputStream.java, Keeping one from URL:file:/home/runner/work/key/key/key.core/build/resources/main/de/uka/ilkd/key/java/JavaRedux/java/io/InputStream.java 
85483      DEBUG main            d.u.i.k.j.r.ClassFileDeclarationBuilder Parsing: package java.io; public class Closeable { } 
85483      DEBUG main            r.s.KeYCrossReferenceSourceInfo Dynamically created class: java.io.Closeable 
87943      DEBUG main            d.u.i.k.p.i.AbstractProblemLoader Init config took 2.49s 
87957      INFO  main            d.u.i.k.p.i.AbstractProblemLoader Replaying proof continue1.key.proof 
87973      DEBUG main            d.u.i.k.p.i.IntermediateProofReplayer Proof replay took 14.37ms 
87975      DEBUG main            d.u.i.k.p.r.p.TestFile    ... success: reloaded. 
87976      INFO  main            d.u.i.k.p.r.p.TestFile    Now processing file /home/runner/work/key/key/key.core/../key.ui/examples/standard_key/java_dl/continue2.key 
87976      INFO  main            d.u.i.k.p.i.AbstractProblemLoader Loading environment from /home/runner/work/key/key/key.core/../key.ui/examples/standard_key/java_dl/continue2.key 
87976      DEBUG main            d.u.i.k.p.i.AbstractProblemLoader Environment load took 56.6ns 
87977      INFO  main            d.u.i.k.p.i.AbstractProblemLoader Creating init config 
87997      WARN  main            d.u.i.k.j.r.KeYCrossReferenceNameInfo Datatype java.lang.System declared twice: Once in FILE:/home/runner/work/key/key/key.core/../key.ui/examples/standard_key/java_dl/classpath/System.java and once in URL:file:/home/runner/work/key/key/key.core/build/resources/main/de/uka/ilkd/key/java/JavaRedux/java/lang/System.java, Keeping one from URL:file:/home/runner/work/key/key/key.core/build/resources/main/de/uka/ilkd/key/java/JavaRedux/java/lang/System.java 
87997      WARN  main            d.u.i.k.j.r.KeYCrossReferenceNameInfo Datatype java.io.PrintStream declared twice: Once in FILE:/home/runner/work/key/key/key.core/../key.ui/examples/standard_key/java_dl/classpath/PrintStream.java and once in URL:file:/home/runner/work/key/key/key.core/build/resources/main/de/uka/ilkd/key/java/JavaRedux/java/io/PrintStream.java, Keeping one from URL:file:/home/runner/work/key/key/key.core/build/resources/main/de/uka/ilkd/key/java/JavaRedux/java/io/PrintStream.java 
87997      WARN  main            d.u.i.k.j.r.KeYCrossReferenceNameInfo Datatype java.io.InputStream declared twice: Once in FILE:/home/runner/work/key/key/key.core/../key.ui/examples/standard_key/java_dl/classpath/InputStream.java and once in URL:file:/home/runner/work/key/key/key.core/build/resources/main/de/uka/ilkd/key/java/JavaRedux/java/io/InputStream.java, Keeping one from URL:file:/home/runner/work/key/key/key.core/build/resources/main/de/uka/ilkd/key/java/JavaRedux/java/io/InputStream.java 
88000      DEBUG main            d.u.i.k.j.r.ClassFileDeclarationBuilder Parsing: package java.io; public class Closeable { } 
88000      DEBUG main            r.s.KeYCrossReferenceSourceInfo Dynamically created class: java.io.Closeable 
90394      DEBUG main            d.u.i.k.p.i.AbstractProblemLoader Init config took 2.42s 
90420      INFO  main            d.u.i.k.p.i.AbstractProblemLoader Replaying proof continue2.key 
90422      DEBUG main            d.u.i.k.p.i.IntermediateProofReplayer Proof replay took 7.3ns 
90625      INFO  main            d.u.i.k.p.r.p.TestFile    ... finished proof: closed. 
90849      INFO  main            d.u.i.k.p.i.AbstractProblemLoader Loading environment from /home/runner/work/key/key/key.core/../key.ui/examples/standard_key/java_dl/continue2.key.proof 
90849      DEBUG main            d.u.i.k.p.i.AbstractProblemLoader Environment load took 110.9ns 
90850      INFO  main            d.u.i.k.p.i.AbstractProblemLoader Creating init config 
90871      WARN  main            d.u.i.k.j.r.KeYCrossReferenceNameInfo Datatype java.lang.System declared twice: Once in FILE:/home/runner/work/key/key/key.core/../key.ui/examples/standard_key/java_dl/classpath/System.java and once in URL:file:/home/runner/work/key/key/key.core/build/resources/main/de/uka/ilkd/key/java/JavaRedux/java/lang/System.java, Keeping one from URL:file:/home/runner/work/key/key/key.core/build/resources/main/de/uka/ilkd/key/java/JavaRedux/java/lang/System.java 
90871      WARN  main            d.u.i.k.j.r.KeYCrossReferenceNameInfo Datatype java.io.PrintStream declared twice: Once in FILE:/home/runner/work/key/key/key.core/../key.ui/examples/standard_key/java_dl/classpath/PrintStream.java and once in URL:file:/home/runner/work/key/key/key.core/build/resources/main/de/uka/ilkd/key/java/JavaRedux/java/io/PrintStream.java, Keeping one from URL:file:/home/runner/work/key/key/key.core/build/resources/main/de/uka/ilkd/key/java/JavaRedux/java/io/PrintStream.java 
90871      WARN  main            d.u.i.k.j.r.KeYCrossReferenceNameInfo Datatype java.io.InputStream declared twice: Once in FILE:/home/runner/work/key/key/key.core/../key.ui/examples/standard_key/java_dl/classpath/InputStream.java and once in URL:file:/home/runner/work/key/key/key.core/build/resources/main/de/uka/ilkd/key/java/JavaRedux/java/io/InputStream.java, Keeping one from URL:file:/home/runner/work/key/key/key.core/build/resources/main/de/uka/ilkd/key/java/JavaRedux/java/io/InputStream.java 
90874      DEBUG main            d.u.i.k.j.r.ClassFileDeclarationBuilder Parsing: package java.io; public class Closeable { } 
90875      DEBUG main            r.s.KeYCrossReferenceSourceInfo Dynamically created class: java.io.Closeable 
93340      DEBUG main            d.u.i.k.p.i.AbstractProblemLoader Init config took 2.49s 
93353      INFO  main            d.u.i.k.p.i.AbstractProblemLoader Replaying proof continue2.key.proof 
93409      DEBUG main            d.u.i.k.p.i.IntermediateProofReplayer Proof replay took 52.81ms 
93410      DEBUG main            d.u.i.k.p.r.p.TestFile    ... success: reloaded. 
93412      INFO  main            d.u.i.k.p.r.p.TestFile    Now processing file /home/runner/work/key/key/key.core/../key.ui/examples/standard_key/java_dl/complexAssignment.key 
93412      INFO  main            d.u.i.k.p.i.AbstractProblemLoader Loading environment from /home/runner/work/key/key/key.core/../key.ui/examples/standard_key/java_dl/complexAssignment.key 
93412      DEBUG main            d.u.i.k.p.i.AbstractProblemLoader Environment load took 74.3ns 
93413      INFO  main            d.u.i.k.p.i.AbstractProblemLoader Creating init config 
95784      DEBUG main            d.u.i.k.p.i.AbstractProblemLoader Init config took 2.37s 
95798      INFO  main            d.u.i.k.p.i.AbstractProblemLoader Replaying proof complexAssignment.key 
95799      DEBUG main            d.u.i.k.p.i.IntermediateProofReplayer Proof replay took 6.8ns 
95902      INFO  main            d.u.i.k.p.r.p.TestFile    ... finished proof: closed. 
96124      INFO  main            d.u.i.k.p.i.AbstractProblemLoader Loading environment from /home/runner/work/key/key/key.core/../key.ui/examples/standard_key/java_dl/complexAssignment.key.proof 
96124      DEBUG main            d.u.i.k.p.i.AbstractProblemLoader Environment load took 107.6ns 
96125      INFO  main            d.u.i.k.p.i.AbstractProblemLoader Creating init config 
98453      DEBUG main            d.u.i.k.p.i.AbstractProblemLoader Init config took 2.33s 
98467      INFO  main            d.u.i.k.p.i.AbstractProblemLoader Replaying proof complexAssignment.key.proof 
98475      DEBUG main            d.u.i.k.p.i.IntermediateProofReplayer Proof replay took 4.95ms 
98477      DEBUG main            d.u.i.k.p.r.p.TestFile    ... success: reloaded. 
98479      INFO  main            d.u.i.k.p.r.p.TestFile    Now processing file /home/runner/work/key/key/key.core/../key.ui/examples/standard_key/java_dl/danglingElseSolution1.key 
98479      INFO  main            d.u.i.k.p.i.AbstractProblemLoader Loading environment from /home/runner/work/key/key/key.core/../key.ui/examples/standard_key/java_dl/danglingElseSolution1.key 
98479      DEBUG main            d.u.i.k.p.i.AbstractProblemLoader Environment load took 84ns 
98480      INFO  main            d.u.i.k.p.i.AbstractProblemLoader Creating init config 
100881     DEBUG main            d.u.i.k.p.i.AbstractProblemLoader Init config took 2.4s 
100895     INFO  main            d.u.i.k.p.i.AbstractProblemLoader Replaying proof danglingElseSolution1.key 
100897     DEBUG main            d.u.i.k.p.i.IntermediateProofReplayer Proof replay took 6.8ns 
100999     INFO  main            d.u.i.k.p.r.p.TestFile    ... finished proof: closed. 
101221     INFO  main            d.u.i.k.p.i.AbstractProblemLoader Loading environment from /home/runner/work/key/key/key.core/../key.ui/examples/standard_key/java_dl/danglingElseSolution1.key.proof 
101221     DEBUG main            d.u.i.k.p.i.AbstractProblemLoader Environment load took 495.4ns 
101222     INFO  main            d.u.i.k.p.i.AbstractProblemLoader Creating init config 
103614     DEBUG main            d.u.i.k.p.i.AbstractProblemLoader Init config took 2.39s 
103628     INFO  main            d.u.i.k.p.i.AbstractProblemLoader Replaying proof danglingElseSolution1.key.proof 
103637     DEBUG main            d.u.i.k.p.i.IntermediateProofReplayer Proof replay took 6.73ms 
103638     DEBUG main            d.u.i.k.p.r.p.TestFile    ... success: reloaded. 
103639     INFO  main            d.u.i.k.p.r.p.TestFile    Now processing file /home/runner/work/key/key/key.core/../key.ui/examples/standard_key/java_dl/danglingElseSolution2.key 
103640     INFO  main            d.u.i.k.p.i.AbstractProblemLoader Loading environment from /home/runner/work/key/key/key.core/../key.ui/examples/standard_key/java_dl/danglingElseSolution2.key 
103640     DEBUG main            d.u.i.k.p.i.AbstractProblemLoader Environment load took 159.2ns 
103641     INFO  main            d.u.i.k.p.i.AbstractProblemLoader Creating init config 
106128     DEBUG main            d.u.i.k.p.i.AbstractProblemLoader Init config took 2.49s 
106142     INFO  main            d.u.i.k.p.i.AbstractProblemLoader Replaying proof danglingElseSolution2.key 
106143     DEBUG main            d.u.i.k.p.i.IntermediateProofReplayer Proof replay took 7.3ns 
106246     INFO  main            d.u.i.k.p.r.p.TestFile    ... finished proof: closed. 
106480     INFO  main            d.u.i.k.p.i.AbstractProblemLoader Loading environment from /home/runner/work/key/key/key.core/../key.ui/examples/standard_key/java_dl/danglingElseSolution2.key.proof 
106480     DEBUG main            d.u.i.k.p.i.AbstractProblemLoader Environment load took 100.9ns 
106481     INFO  main            d.u.i.k.p.i.AbstractProblemLoader Creating init config 
108866     DEBUG main            d.u.i.k.p.i.AbstractProblemLoader Init config took 2.38s 
108880     INFO  main            d.u.i.k.p.i.AbstractProblemLoader Replaying proof danglingElseSolution2.key.proof 
108889     DEBUG main            d.u.i.k.p.i.IntermediateProofReplayer Proof replay took 6.94ms 
108890     DEBUG main            d.u.i.k.p.r.p.TestFile    ... success: reloaded. 
108891     INFO  main            d.u.i.k.p.r.p.TestFile    Now processing file /home/runner/work/key/key/key.core/../key.ui/examples/standard_key/java_dl/deepNonNull/deepNonNull0.key 
108891     INFO  main            d.u.i.k.p.i.AbstractProblemLoader Loading environment from /home/runner/work/key/key/key.core/../key.ui/examples/standard_key/java_dl/deepNonNull/deepNonNull0.key 
108891     DEBUG main            d.u.i.k.p.i.AbstractProblemLoader Environment load took 80.4ns 
108892     INFO  main            d.u.i.k.p.i.AbstractProblemLoader Creating init config 
111384     DEBUG main            d.u.i.k.p.i.AbstractProblemLoader Init config took 2.49s 
111422     INFO  main            d.u.i.k.p.i.AbstractProblemLoader Replaying proof Arrays[Arrays::get()].JML operation contract.0 
111423     DEBUG main            d.u.i.k.p.i.IntermediateProofReplayer Proof replay took 6.1ns 
111626     INFO  main            d.u.i.k.p.r.p.TestFile    ... finished proof: closed. 
111869     INFO  main            d.u.i.k.p.i.AbstractProblemLoader Loading environment from /home/runner/work/key/key/key.core/../key.ui/examples/standard_key/java_dl/deepNonNull/deepNonNull0.key.proof 
111869     DEBUG main            d.u.i.k.p.i.AbstractProblemLoader Environment load took 100ns 
111870     INFO  main            d.u.i.k.p.i.AbstractProblemLoader Creating init config 
114359     DEBUG main            d.u.i.k.p.i.AbstractProblemLoader Init config took 2.49s 
114396     INFO  main            d.u.i.k.p.i.AbstractProblemLoader Replaying proof Arrays[Arrays::get()].JML operation contract.0 
114415     DEBUG main            d.u.i.k.p.i.IntermediateProofReplayer Proof replay took 16.31ms 
114415     DEBUG main            d.u.i.k.p.r.p.TestFile    ... success: reloaded. 
114416     INFO  main            d.u.i.k.p.r.p.TestFile    Now processing file /home/runner/work/key/key/key.core/../key.ui/examples/standard_key/java_dl/deepNonNull/deepNonNull1.key 
114416     INFO  main            d.u.i.k.p.i.AbstractProblemLoader Loading environment from /home/runner/work/key/key/key.core/../key.ui/examples/standard_key/java_dl/deepNonNull/deepNonNull1.key 
114416     DEBUG main            d.u.i.k.p.i.AbstractProblemLoader Environment load took 78.6ns 
114417     INFO  main            d.u.i.k.p.i.AbstractProblemLoader Creating init config 
116932     DEBUG main            d.u.i.k.p.i.AbstractProblemLoader Init config took 2.51s 
116967     INFO  main            d.u.i.k.p.i.AbstractProblemLoader Replaying proof Arrays[Arrays::head()].JML operation contract.0 
116968     DEBUG main            d.u.i.k.p.i.IntermediateProofReplayer Proof replay took 6.8ns 
117170     INFO  main            d.u.i.k.p.r.p.TestFile    ... finished proof: closed. 
117391     INFO  main            d.u.i.k.p.i.AbstractProblemLoader Loading environment from /home/runner/work/key/key/key.core/../key.ui/examples/standard_key/java_dl/deepNonNull/deepNonNull1.key.proof 
117391     DEBUG main            d.u.i.k.p.i.AbstractProblemLoader Environment load took 99.4ns 
117392     INFO  main            d.u.i.k.p.i.AbstractProblemLoader Creating init config 
119774     DEBUG main            d.u.i.k.p.i.AbstractProblemLoader Init config took 2.38s 
119808     INFO  main            d.u.i.k.p.i.AbstractProblemLoader Replaying proof Arrays[Arrays::head()].JML operation contract.0 
119828     DEBUG main            d.u.i.k.p.i.IntermediateProofReplayer Proof replay took 16.85ms 
119829     DEBUG main            d.u.i.k.p.r.p.TestFile    ... success: reloaded. 
119829     INFO  main            d.u.i.k.p.r.p.TestFile    Now processing file /home/runner/work/key/key/key.core/../key.ui/examples/standard_key/java_dl/deepNonNull/deepNonNull2.key 
119830     INFO  main            d.u.i.k.p.i.AbstractProblemLoader Loading environment from /home/runner/work/key/key/key.core/../key.ui/examples/standard_key/java_dl/deepNonNull/deepNonNull2.key 
119830     DEBUG main            d.u.i.k.p.i.AbstractProblemLoader Environment load took 166.7ns 
119831     INFO  main            d.u.i.k.p.i.AbstractProblemLoader Creating init config 
122263     DEBUG main            d.u.i.k.p.i.AbstractProblemLoader Init config took 2.43s 
122297     INFO  main            d.u.i.k.p.i.AbstractProblemLoader Replaying proof Arrays[Arrays::unprovable(java.lang.Object)].JML operation contract.0 
122299     DEBUG main            d.u.i.k.p.i.IntermediateProofReplayer Proof replay took 6.1ns 
122406     INFO  main            d.u.i.k.p.r.p.TestFile    ... finished proof: open goal(s) 
122642     INFO  main            d.u.i.k.p.r.p.TestFile    Now processing file /home/runner/work/key/key/key.core/../key.ui/examples/standard_key/java_dl/deepNonNull/deepNonNull3.key 
122643     INFO  main            d.u.i.k.p.i.AbstractProblemLoader Loading environment from /home/runner/work/key/key/key.core/../key.ui/examples/standard_key/java_dl/deepNonNull/deepNonNull3.key 
122643     DEBUG main            d.u.i.k.p.i.AbstractProblemLoader Environment load took 56.4ns 
122644     INFO  main            d.u.i.k.p.i.AbstractProblemLoader Creating init config 
125024     DEBUG main            d.u.i.k.p.i.AbstractProblemLoader Init config took 2.38s 
125059     INFO  main            d.u.i.k.p.i.AbstractProblemLoader Replaying proof Arrays[Arrays::head([[[[Ljava.lang.Object)].JML operation contract.0 
125061     DEBUG main            d.u.i.k.p.i.IntermediateProofReplayer Proof replay took 6.5ns 
125964     INFO  main            d.u.i.k.p.r.p.TestFile    ... finished proof: closed. 
126215     INFO  main            d.u.i.k.p.i.AbstractProblemLoader Loading environment from /home/runner/work/key/key/key.core/../key.ui/examples/standard_key/java_dl/deepNonNull/deepNonNull3.key.proof 
126216     DEBUG main            d.u.i.k.p.i.AbstractProblemLoader Environment load took 1.16ms 
126218     INFO  main            d.u.i.k.p.i.AbstractProblemLoader Creating init config 
128613     DEBUG main            d.u.i.k.p.i.AbstractProblemLoader Init config took 2.4s 
128657     INFO  main            d.u.i.k.p.i.AbstractProblemLoader Replaying proof Arrays[Arrays::head([[[[Ljava.lang.Object)].JML operation contract.0 
128715     DEBUG main            d.u.i.k.p.i.IntermediateProofReplayer Proof replay took 52.92ms 
128715     DEBUG main            d.u.i.k.p.r.p.TestFile    ... success: reloaded. 
128716     INFO  main            d.u.i.k.p.r.p.TestFile    Now processing file /home/runner/work/key/key/key.core/../key.ui/examples/standard_key/java_dl/exceptions.key 
128716     INFO  main            d.u.i.k.p.i.AbstractProblemLoader Loading environment from /home/runner/work/key/key/key.core/../key.ui/examples/standard_key/java_dl/exceptions.key 
128716     DEBUG main            d.u.i.k.p.i.AbstractProblemLoader Environment load took 90ns 
128717     INFO  main            d.u.i.k.p.i.AbstractProblemLoader Creating init config 
128737     WARN  main            d.u.i.k.j.r.KeYCrossReferenceNameInfo Datatype java.lang.System declared twice: Once in FILE:/home/runner/work/key/key/key.core/../key.ui/examples/standard_key/java_dl/classpath/System.java and once in URL:file:/home/runner/work/key/key/key.core/build/resources/main/de/uka/ilkd/key/java/JavaRedux/java/lang/System.java, Keeping one from URL:file:/home/runner/work/key/key/key.core/build/resources/main/de/uka/ilkd/key/java/JavaRedux/java/lang/System.java 
128737     WARN  main            d.u.i.k.j.r.KeYCrossReferenceNameInfo Datatype java.io.PrintStream declared twice: Once in FILE:/home/runner/work/key/key/key.core/../key.ui/examples/standard_key/java_dl/classpath/PrintStream.java and once in URL:file:/home/runner/work/key/key/key.core/build/resources/main/de/uka/ilkd/key/java/JavaRedux/java/io/PrintStream.java, Keeping one from URL:file:/home/runner/work/key/key/key.core/build/resources/main/de/uka/ilkd/key/java/JavaRedux/java/io/PrintStream.java 
128737     WARN  main            d.u.i.k.j.r.KeYCrossReferenceNameInfo Datatype java.io.InputStream declared twice: Once in FILE:/home/runner/work/key/key/key.core/../key.ui/examples/standard_key/java_dl/classpath/InputStream.java and once in URL:file:/home/runner/work/key/key/key.core/build/resources/main/de/uka/ilkd/key/java/JavaRedux/java/io/InputStream.java, Keeping one from URL:file:/home/runner/work/key/key/key.core/build/resources/main/de/uka/ilkd/key/java/JavaRedux/java/io/InputStream.java 
128740     DEBUG main            d.u.i.k.j.r.ClassFileDeclarationBuilder Parsing: package java.io; public class Closeable { } 
128740     DEBUG main            r.s.KeYCrossReferenceSourceInfo Dynamically created class: java.io.Closeable 
131116     DEBUG main            d.u.i.k.p.i.AbstractProblemLoader Init config took 2.4s 
131132     INFO  main            d.u.i.k.p.i.AbstractProblemLoader Replaying proof exceptions.key 
131134     DEBUG main            d.u.i.k.p.i.IntermediateProofReplayer Proof replay took 7.5ns 
131337     INFO  main            d.u.i.k.p.r.p.TestFile    ... finished proof: closed. 
131585     INFO  main            d.u.i.k.p.i.AbstractProblemLoader Loading environment from /home/runner/work/key/key/key.core/../key.ui/examples/standard_key/java_dl/exceptions.key.proof 
131585     DEBUG main            d.u.i.k.p.i.AbstractProblemLoader Environment load took 93.4ns 
131592     INFO  main            d.u.i.k.p.i.AbstractProblemLoader Creating init config 
131624     WARN  main            d.u.i.k.j.r.KeYCrossReferenceNameInfo Datatype java.lang.System declared twice: Once in FILE:/home/runner/work/key/key/key.core/../key.ui/examples/standard_key/java_dl/classpath/System.java and once in URL:file:/home/runner/work/key/key/key.core/build/resources/main/de/uka/ilkd/key/java/JavaRedux/java/lang/System.java, Keeping one from URL:file:/home/runner/work/key/key/key.core/build/resources/main/de/uka/ilkd/key/java/JavaRedux/java/lang/System.java 
131624     WARN  main            d.u.i.k.j.r.KeYCrossReferenceNameInfo Datatype java.io.PrintStream declared twice: Once in FILE:/home/runner/work/key/key/key.core/../key.ui/examples/standard_key/java_dl/classpath/PrintStream.java and once in URL:file:/home/runner/work/key/key/key.core/build/resources/main/de/uka/ilkd/key/java/JavaRedux/java/io/PrintStream.java, Keeping one from URL:file:/home/runner/work/key/key/key.core/build/resources/main/de/uka/ilkd/key/java/JavaRedux/java/io/PrintStream.java 
131624     WARN  main            d.u.i.k.j.r.KeYCrossReferenceNameInfo Datatype java.io.InputStream declared twice: Once in FILE:/home/runner/work/key/key/key.core/../key.ui/examples/standard_key/java_dl/classpath/InputStream.java and once in URL:file:/home/runner/work/key/key/key.core/build/resources/main/de/uka/ilkd/key/java/JavaRedux/java/io/InputStream.java, Keeping one from URL:file:/home/runner/work/key/key/key.core/build/resources/main/de/uka/ilkd/key/java/JavaRedux/java/io/InputStream.java 
131627     DEBUG main            d.u.i.k.j.r.ClassFileDeclarationBuilder Parsing: package java.io; public class Closeable { } 
131628     DEBUG main            r.s.KeYCrossReferenceSourceInfo Dynamically created class: java.io.Closeable 
134022     DEBUG main            d.u.i.k.p.i.AbstractProblemLoader Init config took 2.43s 
134036     INFO  main            d.u.i.k.p.i.AbstractProblemLoader Replaying proof exceptions.key.proof 
134067     DEBUG main            d.u.i.k.p.i.IntermediateProofReplayer Proof replay took 28.85ms 
134068     DEBUG main            d.u.i.k.p.r.p.TestFile    ... success: reloaded. 
134069     INFO  main            d.u.i.k.p.r.p.TestFile    Now processing file /home/runner/work/key/key/key.core/../key.ui/examples/standard_key/java_dl/exceptions1.key 
134069     INFO  main            d.u.i.k.p.i.AbstractProblemLoader Loading environment from /home/runner/work/key/key/key.core/../key.ui/examples/standard_key/java_dl/exceptions1.key 
134069     DEBUG main            d.u.i.k.p.i.AbstractProblemLoader Environment load took 78.6ns 
134070     INFO  main            d.u.i.k.p.i.AbstractProblemLoader Creating init config 
136415     DEBUG main            d.u.i.k.p.i.AbstractProblemLoader Init config took 2.34s 
136429     INFO  main            d.u.i.k.p.i.AbstractProblemLoader Replaying proof exceptions1.key 
136431     DEBUG main            d.u.i.k.p.i.IntermediateProofReplayer Proof replay took 6.9ns 
136644     INFO  main            d.u.i.k.p.r.p.TestFile    ... finished proof: closed. 
136883     INFO  main            d.u.i.k.p.i.AbstractProblemLoader Loading environment from /home/runner/work/key/key/key.core/../key.ui/examples/standard_key/java_dl/exceptions1.key.proof 
136883     DEBUG main            d.u.i.k.p.i.AbstractProblemLoader Environment load took 102.3ns 
136884     INFO  main            d.u.i.k.p.i.AbstractProblemLoader Creating init config 
139199     DEBUG main            d.u.i.k.p.i.AbstractProblemLoader Init config took 2.31s 
139212     INFO  main            d.u.i.k.p.i.AbstractProblemLoader Replaying proof exceptions1.key.proof 
139237     DEBUG main            d.u.i.k.p.i.IntermediateProofReplayer Proof replay took 22.7ms 
139238     DEBUG main            d.u.i.k.p.r.p.TestFile    ... success: reloaded. 
139239     INFO  main            d.u.i.k.p.r.p.TestFile    Now processing file /home/runner/work/key/key/key.core/../key.ui/examples/standard_key/java_dl/exceptions2.key 
139239     INFO  main            d.u.i.k.p.i.AbstractProblemLoader Loading environment from /home/runner/work/key/key/key.core/../key.ui/examples/standard_key/java_dl/exceptions2.key 
139239     DEBUG main            d.u.i.k.p.i.AbstractProblemLoader Environment load took 72.1ns 
139240     INFO  main            d.u.i.k.p.i.AbstractProblemLoader Creating init config 
141628     DEBUG main            d.u.i.k.p.i.AbstractProblemLoader Init config took 2.39s 
141642     INFO  main            d.u.i.k.p.i.AbstractProblemLoader Replaying proof exceptions2.key 
141644     DEBUG main            d.u.i.k.p.i.IntermediateProofReplayer Proof replay took 7.1ns 
141846     INFO  main            d.u.i.k.p.r.p.TestFile    ... finished proof: closed. 
142102     INFO  main            d.u.i.k.p.i.AbstractProblemLoader Loading environment from /home/runner/work/key/key/key.core/../key.ui/examples/standard_key/java_dl/exceptions2.key.proof 
142102     DEBUG main            d.u.i.k.p.i.AbstractProblemLoader Environment load took 104.9ns 
142103     INFO  main            d.u.i.k.p.i.AbstractProblemLoader Creating init config 
144397     DEBUG main            d.u.i.k.p.i.AbstractProblemLoader Init config took 2.29s 
144411     INFO  main            d.u.i.k.p.i.AbstractProblemLoader Replaying proof exceptions2.key.proof 
144439     DEBUG main            d.u.i.k.p.i.IntermediateProofReplayer Proof replay took 25.52ms 
144439     DEBUG main            d.u.i.k.p.r.p.TestFile    ... success: reloaded. 
144440     INFO  main            d.u.i.k.p.r.p.TestFile    Now processing file /home/runner/work/key/key/key.core/../key.ui/examples/standard_key/java_dl/exceptions3.key 
144440     INFO  main            d.u.i.k.p.i.AbstractProblemLoader Loading environment from /home/runner/work/key/key/key.core/../key.ui/examples/standard_key/java_dl/exceptions3.key 
144440     DEBUG main            d.u.i.k.p.i.AbstractProblemLoader Environment load took 71.5ns 
144441     INFO  main            d.u.i.k.p.i.AbstractProblemLoader Creating init config 
144461     WARN  main            d.u.i.k.j.r.KeYCrossReferenceNameInfo Datatype java.lang.System declared twice: Once in FILE:/home/runner/work/key/key/key.core/../key.ui/examples/standard_key/java_dl/classpath/System.java and once in URL:file:/home/runner/work/key/key/key.core/build/resources/main/de/uka/ilkd/key/java/JavaRedux/java/lang/System.java, Keeping one from URL:file:/home/runner/work/key/key/key.core/build/resources/main/de/uka/ilkd/key/java/JavaRedux/java/lang/System.java 
144461     WARN  main            d.u.i.k.j.r.KeYCrossReferenceNameInfo Datatype java.io.PrintStream declared twice: Once in FILE:/home/runner/work/key/key/key.core/../key.ui/examples/standard_key/java_dl/classpath/PrintStream.java and once in URL:file:/home/runner/work/key/key/key.core/build/resources/main/de/uka/ilkd/key/java/JavaRedux/java/io/PrintStream.java, Keeping one from URL:file:/home/runner/work/key/key/key.core/build/resources/main/de/uka/ilkd/key/java/JavaRedux/java/io/PrintStream.java 
144461     WARN  main            d.u.i.k.j.r.KeYCrossReferenceNameInfo Datatype java.io.InputStream declared twice: Once in FILE:/home/runner/work/key/key/key.core/../key.ui/examples/standard_key/java_dl/classpath/InputStream.java and once in URL:file:/home/runner/work/key/key/key.core/build/resources/main/de/uka/ilkd/key/java/JavaRedux/java/io/InputStream.java, Keeping one from URL:file:/home/runner/work/key/key/key.core/build/resources/main/de/uka/ilkd/key/java/JavaRedux/java/io/InputStream.java 
144464     DEBUG main            d.u.i.k.j.r.ClassFileDeclarationBuilder Parsing: package java.io; public class Closeable { } 
144464     DEBUG main            r.s.KeYCrossReferenceSourceInfo Dynamically created class: java.io.Closeable 
146891     DEBUG main            d.u.i.k.p.i.AbstractProblemLoader Init config took 2.45s 
146904     INFO  main            d.u.i.k.p.i.AbstractProblemLoader Replaying proof exceptions3.key 
146905     DEBUG main            d.u.i.k.p.i.IntermediateProofReplayer Proof replay took 15.3ns 
147010     INFO  main            d.u.i.k.p.r.p.TestFile    ... finished proof: closed. 
147267     INFO  main            d.u.i.k.p.i.AbstractProblemLoader Loading environment from /home/runner/work/key/key/key.core/../key.ui/examples/standard_key/java_dl/exceptions3.key.proof 
147268     DEBUG main            d.u.i.k.p.i.AbstractProblemLoader Environment load took 90.1ns 
147269     INFO  main            d.u.i.k.p.i.AbstractProblemLoader Creating init config 
147288     WARN  main            d.u.i.k.j.r.KeYCrossReferenceNameInfo Datatype java.lang.System declared twice: Once in FILE:/home/runner/work/key/key/key.core/../key.ui/examples/standard_key/java_dl/classpath/System.java and once in URL:file:/home/runner/work/key/key/key.core/build/resources/main/de/uka/ilkd/key/java/JavaRedux/java/lang/System.java, Keeping one from URL:file:/home/runner/work/key/key/key.core/build/resources/main/de/uka/ilkd/key/java/JavaRedux/java/lang/System.java 
147288     WARN  main            d.u.i.k.j.r.KeYCrossReferenceNameInfo Datatype java.io.PrintStream declared twice: Once in FILE:/home/runner/work/key/key/key.core/../key.ui/examples/standard_key/java_dl/classpath/PrintStream.java and once in URL:file:/home/runner/work/key/key/key.core/build/resources/main/de/uka/ilkd/key/java/JavaRedux/java/io/PrintStream.java, Keeping one from URL:file:/home/runner/work/key/key/key.core/build/resources/main/de/uka/ilkd/key/java/JavaRedux/java/io/PrintStream.java 
147288     WARN  main            d.u.i.k.j.r.KeYCrossReferenceNameInfo Datatype java.io.InputStream declared twice: Once in FILE:/home/runner/work/key/key/key.core/../key.ui/examples/standard_key/java_dl/classpath/InputStream.java and once in URL:file:/home/runner/work/key/key/key.core/build/resources/main/de/uka/ilkd/key/java/JavaRedux/java/io/InputStream.java, Keeping one from URL:file:/home/runner/work/key/key/key.core/build/resources/main/de/uka/ilkd/key/java/JavaRedux/java/io/InputStream.java 
147291     DEBUG main            d.u.i.k.j.r.ClassFileDeclarationBuilder Parsing: package java.io; public class Closeable { } 
147291     DEBUG main            r.s.KeYCrossReferenceSourceInfo Dynamically created class: java.io.Closeable 
149594     DEBUG main            d.u.i.k.p.i.AbstractProblemLoader Init config took 2.33s 
149607     INFO  main            d.u.i.k.p.i.AbstractProblemLoader Replaying proof exceptions3.key.proof 
149611     DEBUG main            d.u.i.k.p.i.IntermediateProofReplayer Proof replay took 2.75ms 
149612     DEBUG main            d.u.i.k.p.r.p.TestFile    ... success: reloaded. 
149614     INFO  main            d.u.i.k.p.r.p.TestFile    Now processing file /home/runner/work/key/key/key.core/../key.ui/examples/standard_key/java_dl/exchange.key 
149614     INFO  main            d.u.i.k.p.i.AbstractProblemLoader Loading environment from /home/runner/work/key/key/key.core/../key.ui/examples/standard_key/java_dl/exchange.key 
149614     DEBUG main            d.u.i.k.p.i.AbstractProblemLoader Environment load took 72.5ns 
149615     INFO  main            d.u.i.k.p.i.AbstractProblemLoader Creating init config 
151951     DEBUG main            d.u.i.k.p.i.AbstractProblemLoader Init config took 2.34s 
151964     INFO  main            d.u.i.k.p.i.AbstractProblemLoader Replaying proof exchange.key 
151965     DEBUG main            d.u.i.k.p.i.IntermediateProofReplayer Proof replay took 6.5ns 
152070     INFO  main            d.u.i.k.p.r.p.TestFile    ... finished proof: closed. 
152330     INFO  main            d.u.i.k.p.i.AbstractProblemLoader Loading environment from /home/runner/work/key/key/key.core/../key.ui/examples/standard_key/java_dl/exchange.key.proof 
152330     DEBUG main            d.u.i.k.p.i.AbstractProblemLoader Environment load took 90.8ns 
152331     INFO  main            d.u.i.k.p.i.AbstractProblemLoader Creating init config 
154626     DEBUG main            d.u.i.k.p.i.AbstractProblemLoader Init config took 2.3s 
154639     INFO  main            d.u.i.k.p.i.AbstractProblemLoader Replaying proof exchange.key.proof 
154644     DEBUG main            d.u.i.k.p.i.IntermediateProofReplayer Proof replay took 2.33ms 
154645     DEBUG main            d.u.i.k.p.r.p.TestFile    ... success: reloaded. 
154645     INFO  main            d.u.i.k.p.r.p.TestFile    Now processing file /home/runner/work/key/key/key.core/../key.ui/examples/standard_key/java_dl/if.key 
154646     INFO  main            d.u.i.k.p.i.AbstractProblemLoader Loading environment from /home/runner/work/key/key/key.core/../key.ui/examples/standard_key/java_dl/if.key 
154646     DEBUG main            d.u.i.k.p.i.AbstractProblemLoader Environment load took 151.6ns 
154647     INFO  main            d.u.i.k.p.i.AbstractProblemLoader Creating init config 
156991     DEBUG main            d.u.i.k.p.i.AbstractProblemLoader Init config took 2.34s 
157004     INFO  main            d.u.i.k.p.i.AbstractProblemLoader Replaying proof if.key 
157006     DEBUG main            d.u.i.k.p.i.IntermediateProofReplayer Proof replay took 7.3ns 
157110     INFO  main            d.u.i.k.p.r.p.TestFile    ... finished proof: closed. 
157430     INFO  main            d.u.i.k.p.i.AbstractProblemLoader Loading environment from /home/runner/work/key/key/key.core/../key.ui/examples/standard_key/java_dl/if.key.proof 
157430     DEBUG main            d.u.i.k.p.i.AbstractProblemLoader Environment load took 89.9ns 
157431     INFO  main            d.u.i.k.p.i.AbstractProblemLoader Creating init config 
159729     DEBUG main            d.u.i.k.p.i.AbstractProblemLoader Init config took 2.3s 
159743     INFO  main            d.u.i.k.p.i.AbstractProblemLoader Replaying proof if.key.proof 
159747     DEBUG main            d.u.i.k.p.i.IntermediateProofReplayer Proof replay took 2.42ms 
159748     DEBUG main            d.u.i.k.p.r.p.TestFile    ... success: reloaded. 
159748     INFO  main            d.u.i.k.p.r.p.TestFile    Now processing file /home/runner/work/key/key/key.core/../key.ui/examples/standard_key/java_dl/incrementcounter.key 
159748     INFO  main            d.u.i.k.p.i.AbstractProblemLoader Loading environment from /home/runner/work/key/key/key.core/../key.ui/examples/standard_key/java_dl/incrementcounter.key 
159748     DEBUG main            d.u.i.k.p.i.AbstractProblemLoader Environment load took 72.2ns 
159749     INFO  main            d.u.i.k.p.i.AbstractProblemLoader Creating init config 
162091     DEBUG main            d.u.i.k.p.i.AbstractProblemLoader Init config took 2.34s 
162106     INFO  main            d.u.i.k.p.i.AbstractProblemLoader Replaying proof incrementcounter.key 
162107     DEBUG main            d.u.i.k.p.i.IntermediateProofReplayer Proof replay took 7.6ns 
162209     INFO  main            d.u.i.k.p.r.p.TestFile    ... finished proof: closed. 
162483     INFO  main            d.u.i.k.p.i.AbstractProblemLoader Loading environment from /home/runner/work/key/key/key.core/../key.ui/examples/standard_key/java_dl/incrementcounter.key.proof 
162484     DEBUG main            d.u.i.k.p.i.AbstractProblemLoader Environment load took 98.7ns 
162485     INFO  main            d.u.i.k.p.i.AbstractProblemLoader Creating init config 
164794     DEBUG main            d.u.i.k.p.i.AbstractProblemLoader Init config took 2.31s 
164807     INFO  main            d.u.i.k.p.i.AbstractProblemLoader Replaying proof incrementcounter.key.proof 
164810     DEBUG main            d.u.i.k.p.i.IntermediateProofReplayer Proof replay took 1.44ms 
164811     DEBUG main            d.u.i.k.p.r.p.TestFile    ... success: reloaded. 
164811     INFO  main            d.u.i.k.p.r.p.TestFile    Now processing file /home/runner/work/key/key/key.core/../key.ui/examples/standard_key/java_dl/danglingElse.key 
164811     INFO  main            d.u.i.k.p.i.AbstractProblemLoader Loading environment from /home/runner/work/key/key/key.core/../key.ui/examples/standard_key/java_dl/danglingElse.key 
164811     DEBUG main            d.u.i.k.p.i.AbstractProblemLoader Environment load took 45ns 
164812     INFO  main            d.u.i.k.p.i.AbstractProblemLoader Creating init config 
167166     DEBUG main            d.u.i.k.p.i.AbstractProblemLoader Init config took 2.35s 
167180     INFO  main            d.u.i.k.p.i.AbstractProblemLoader Replaying proof danglingElse.key 
167182     DEBUG main            d.u.i.k.p.i.IntermediateProofReplayer Proof replay took 6.9ns 
167284     INFO  main            d.u.i.k.p.r.p.TestFile    ... finished proof: open goal(s) 
167571     INFO  main            d.u.i.k.p.r.p.TestFile    Now processing file /home/runner/work/key/key/key.core/../key.ui/examples/standard_key/java_dl/iteratedAssignment.key 
167572     INFO  main            d.u.i.k.p.i.AbstractProblemLoader Loading environment from /home/runner/work/key/key/key.core/../key.ui/examples/standard_key/java_dl/iteratedAssignment.key 
167572     DEBUG main            d.u.i.k.p.i.AbstractProblemLoader Environment load took 54.7ns 
167573     INFO  main            d.u.i.k.p.i.AbstractProblemLoader Creating init config 
169880     DEBUG main            d.u.i.k.p.i.AbstractProblemLoader Init config took 2.31s 
169894     INFO  main            d.u.i.k.p.i.AbstractProblemLoader Replaying proof iteratedAssignment.key 
169896     DEBUG main            d.u.i.k.p.i.IntermediateProofReplayer Proof replay took 7.4ns 
170199     INFO  main            d.u.i.k.p.r.p.TestFile    ... finished proof: closed. 
170486     INFO  main            d.u.i.k.p.i.AbstractProblemLoader Loading environment from /home/runner/work/key/key/key.core/../key.ui/examples/standard_key/java_dl/iteratedAssignment.key.proof 
170486     DEBUG main            d.u.i.k.p.i.AbstractProblemLoader Environment load took 88.9ns 
170488     INFO  main            d.u.i.k.p.i.AbstractProblemLoader Creating init config 
172782     DEBUG main            d.u.i.k.p.i.AbstractProblemLoader Init config took 2.29s 
172795     INFO  main            d.u.i.k.p.i.AbstractProblemLoader Replaying proof iteratedAssignment.key.proof 
172844     DEBUG main            d.u.i.k.p.i.IntermediateProofReplayer Proof replay took 45.25ms 
172845     DEBUG main            d.u.i.k.p.r.p.TestFile    ... success: reloaded. 
172846     INFO  main            d.u.i.k.p.r.p.TestFile    Now processing file /home/runner/work/key/key/key.core/../key.ui/examples/standard_key/java_dl/assert/assert1.key 
172846     INFO  main            d.u.i.k.p.i.AbstractProblemLoader Loading environment from /home/runner/work/key/key/key.core/../key.ui/examples/standard_key/java_dl/assert/assert1.key 
172846     DEBUG main            d.u.i.k.p.i.AbstractProblemLoader Environment load took 73ns 
172847     INFO  main            d.u.i.k.p.i.AbstractProblemLoader Creating init config 
175208     DEBUG main            d.u.i.k.p.i.AbstractProblemLoader Init config took 2.36s 
175257     INFO  main            d.u.i.k.p.i.AbstractProblemLoader Replaying proof C[C::foo()].JML normal_behavior operation contract.0 
175259     DEBUG main            d.u.i.k.p.i.IntermediateProofReplayer Proof replay took 5.7ns 
175461     INFO  main            d.u.i.k.p.r.p.TestFile    ... finished proof: open goal(s) 
175768     INFO  main            d.u.i.k.p.r.p.TestFile    Now processing file /home/runner/work/key/key/key.core/../key.ui/examples/standard_key/java_dl/assert/assert2.key 
175768     INFO  main            d.u.i.k.p.i.AbstractProblemLoader Loading environment from /home/runner/work/key/key/key.core/../key.ui/examples/standard_key/java_dl/assert/assert2.key 
175768     DEBUG main            d.u.i.k.p.i.AbstractProblemLoader Environment load took 82.5ns 
175769     INFO  main            d.u.i.k.p.i.AbstractProblemLoader Creating init config 
178103     DEBUG main            d.u.i.k.p.i.AbstractProblemLoader Init config took 2.33s 
178135     INFO  main            d.u.i.k.p.i.AbstractProblemLoader Replaying proof C[C::bar()].JML exceptional_behavior operation contract.0 
178137     DEBUG main            d.u.i.k.p.i.IntermediateProofReplayer Proof replay took 5.6ns 
178342     INFO  main            d.u.i.k.p.r.p.TestFile    ... finished proof: closed. 
178625     INFO  main            d.u.i.k.p.i.AbstractProblemLoader Loading environment from /home/runner/work/key/key/key.core/../key.ui/examples/standard_key/java_dl/assert/assert2.key.proof 
178625     DEBUG main            d.u.i.k.p.i.AbstractProblemLoader Environment load took 94.1ns 
178627     INFO  main            d.u.i.k.p.i.AbstractProblemLoader Creating init config 
180966     DEBUG main            d.u.i.k.p.i.AbstractProblemLoader Init config took 2.34s 
180997     INFO  main            d.u.i.k.p.i.AbstractProblemLoader Replaying proof C[C::bar()].JML exceptional_behavior operation contract.0 
181027     DEBUG main            d.u.i.k.p.i.IntermediateProofReplayer Proof replay took 27.53ms 
181029     DEBUG main            d.u.i.k.p.r.p.TestFile    ... success: reloaded. 
181030     INFO  main            d.u.i.k.p.r.p.TestFile    Now processing file /home/runner/work/key/key/key.core/../key.ui/examples/standard_key/java_dl/assert/assert3.key 
181031     INFO  main            d.u.i.k.p.i.AbstractProblemLoader Loading environment from /home/runner/work/key/key/key.core/../key.ui/examples/standard_key/java_dl/assert/assert3.key 
181031     DEBUG main            d.u.i.k.p.i.AbstractProblemLoader Environment load took 179.2ns 
181032     INFO  main            d.u.i.k.p.i.AbstractProblemLoader Creating init config 
183408     DEBUG main            d.u.i.k.p.i.AbstractProblemLoader Init config took 2.38s 
183440     INFO  main            d.u.i.k.p.i.AbstractProblemLoader Replaying proof C[C::foo()].JML normal_behavior operation contract.0 
183442     DEBUG main            d.u.i.k.p.i.IntermediateProofReplayer Proof replay took 5.6ns 
183544     INFO  main            d.u.i.k.p.r.p.TestFile    ... finished proof: open goal(s) 
183834     INFO  main            d.u.i.k.p.r.p.TestFile    Now processing file /home/runner/work/key/key/key.core/../key.ui/examples/standard_key/java_dl/java5/vararg.key 
183834     INFO  main            d.u.i.k.p.i.AbstractProblemLoader Loading environment from /home/runner/work/key/key/key.core/../key.ui/examples/standard_key/java_dl/java5/vararg.key 
183834     DEBUG main            d.u.i.k.p.i.AbstractProblemLoader Environment load took 56.7ns 
183835     INFO  main            d.u.i.k.p.i.AbstractProblemLoader Creating init config 
184712     DEBUG main            d.u.i.k.j.r.ClassPreparationMethodBuilder clPrepBuilder: Inner Class detected. Reject building class initialisation methods. 
186483     DEBUG main            d.u.i.k.p.i.AbstractProblemLoader Init config took 2.65s 
186507     INFO  main            d.u.i.k.p.i.AbstractProblemLoader Replaying proof vararg.key 
186508     DEBUG main            d.u.i.k.p.i.IntermediateProofReplayer Proof replay took 6.3ns 
187723     INFO  main            d.u.i.k.p.r.p.TestFile    ... finished proof: closed. 
188107     INFO  main            d.u.i.k.p.i.AbstractProblemLoader Loading environment from /home/runner/work/key/key/key.core/../key.ui/examples/standard_key/java_dl/java5/vararg.key.proof 
188109     DEBUG main            d.u.i.k.p.i.AbstractProblemLoader Environment load took 1.54ms 
188110     INFO  main            d.u.i.k.p.i.AbstractProblemLoader Creating init config 
188929     DEBUG main            d.u.i.k.j.r.ClassPreparationMethodBuilder clPrepBuilder: Inner Class detected. Reject building class initialisation methods. 
190692     DEBUG main            d.u.i.k.p.i.AbstractProblemLoader Init config took 2.58s 
190714     INFO  main            d.u.i.k.p.i.AbstractProblemLoader Replaying proof vararg.key.proof 
190970     DEBUG main            d.u.i.k.p.i.IntermediateProofReplayer Proof replay took 244.57ms 
190971     DEBUG main            d.u.i.k.p.r.p.TestFile    ... success: reloaded. 
190972     INFO  main            d.u.i.k.p.r.p.TestFile    Now processing file /home/runner/work/key/key/key.core/../key.ui/examples/standard_key/java_dl/java5/for_Array.key 
190972     INFO  main            d.u.i.k.p.i.AbstractProblemLoader Loading environment from /home/runner/work/key/key/key.core/../key.ui/examples/standard_key/java_dl/java5/for_Array.key 
190973     DEBUG main            d.u.i.k.p.i.AbstractProblemLoader Environment load took 146.9ns 
190973     INFO  main            d.u.i.k.p.i.AbstractProblemLoader Creating init config 
191802     DEBUG main            d.u.i.k.j.r.ClassPreparationMethodBuilder clPrepBuilder: Inner Class detected. Reject building class initialisation methods. 
193567     DEBUG main            d.u.i.k.p.i.AbstractProblemLoader Init config took 2.59s 
193615     INFO  main            d.u.i.k.p.i.AbstractProblemLoader Replaying proof For[For::sum([I)].JML operation contract.0 
193616     DEBUG main            d.u.i.k.p.i.IntermediateProofReplayer Proof replay took 7.3ns 
193924     INFO  main            d.u.i.k.p.r.p.TestFile    ... finished proof: closed. 
194284     INFO  main            d.u.i.k.p.i.AbstractProblemLoader Loading environment from /home/runner/work/key/key/key.core/../key.ui/examples/standard_key/java_dl/java5/for_Array.key.proof 
194284     DEBUG main            d.u.i.k.p.i.AbstractProblemLoader Environment load took 87.9ns 
194286     INFO  main            d.u.i.k.p.i.AbstractProblemLoader Creating init config 
195086     DEBUG main            d.u.i.k.j.r.ClassPreparationMethodBuilder clPrepBuilder: Inner Class detected. Reject building class initialisation methods. 
196808     DEBUG main            d.u.i.k.p.i.AbstractProblemLoader Init config took 2.52s 
196856     INFO  main            d.u.i.k.p.i.AbstractProblemLoader Replaying proof For[For::sum([I)].JML operation contract.0 
196919     DEBUG main            d.u.i.k.p.i.IntermediateProofReplayer Proof replay took 60.2ms 
196920     DEBUG main            d.u.i.k.p.r.p.TestFile    ... success: reloaded. 
196921     INFO  main            d.u.i.k.p.r.p.TestFile    Now processing file /home/runner/work/key/key/key.core/../key.ui/examples/standard_key/java_dl/java5/for_Iterable.key 
196921     INFO  main            d.u.i.k.p.i.AbstractProblemLoader Loading environment from /home/runner/work/key/key/key.core/../key.ui/examples/standard_key/java_dl/java5/for_Iterable.key 
196921     DEBUG main            d.u.i.k.p.i.AbstractProblemLoader Environment load took 71.4ns 
196922     INFO  main            d.u.i.k.p.i.AbstractProblemLoader Creating init config 
197741     DEBUG main            d.u.i.k.j.r.ClassPreparationMethodBuilder clPrepBuilder: Inner Class detected. Reject building class initialisation methods. 
199483     DEBUG main            d.u.i.k.p.i.AbstractProblemLoader Init config took 2.56s 
199530     INFO  main            d.u.i.k.p.i.AbstractProblemLoader Replaying proof For[For::infiniteLoop(For)].JML operation contract.0 
199532     DEBUG main            d.u.i.k.p.i.IntermediateProofReplayer Proof replay took 6.7ns 
199733     INFO  main            d.u.i.k.p.r.p.TestFile    ... finished proof: closed. 
200063     INFO  main            d.u.i.k.p.i.AbstractProblemLoader Loading environment from /home/runner/work/key/key/key.core/../key.ui/examples/standard_key/java_dl/java5/for_Iterable.key.proof 
200063     DEBUG main            d.u.i.k.p.i.AbstractProblemLoader Environment load took 89.4ns 
200064     INFO  main            d.u.i.k.p.i.AbstractProblemLoader Creating init config 
200861     DEBUG main            d.u.i.k.j.r.ClassPreparationMethodBuilder clPrepBuilder: Inner Class detected. Reject building class initialisation methods. 
202558     DEBUG main            d.u.i.k.p.i.AbstractProblemLoader Init config took 2.49s 
202604     INFO  main            d.u.i.k.p.i.AbstractProblemLoader Replaying proof For[For::infiniteLoop(For)].JML operation contract.0 
202642     DEBUG main            d.u.i.k.p.i.IntermediateProofReplayer Proof replay took 35.87ms 
202643     DEBUG main            d.u.i.k.p.r.p.TestFile    ... success: reloaded. 
202644     INFO  main            d.u.i.k.p.r.p.TestFile    Now processing file /home/runner/work/key/key/key.core/../key.ui/examples/standard_key/java_dl/java5/for_ReferenceArray.key 
202644     INFO  main            d.u.i.k.p.i.AbstractProblemLoader Loading environment from /home/runner/work/key/key/key.core/../key.ui/examples/standard_key/java_dl/java5/for_ReferenceArray.key 
202644     DEBUG main            d.u.i.k.p.i.AbstractProblemLoader Environment load took 57.7ns 
202645     INFO  main            d.u.i.k.p.i.AbstractProblemLoader Creating init config 
203459     DEBUG main            d.u.i.k.j.r.ClassPreparationMethodBuilder clPrepBuilder: Inner Class detected. Reject building class initialisation methods. 
205177     DEBUG main            d.u.i.k.p.i.AbstractProblemLoader Init config took 2.53s 
205223     INFO  main            d.u.i.k.p.i.AbstractProblemLoader Replaying proof ForReferenceArray[ForReferenceArray::foo([Ljava.lang.Object)].JML operation contract.0 
205224     DEBUG main            d.u.i.k.p.i.IntermediateProofReplayer Proof replay took 6.5ns 
205531     INFO  main            d.u.i.k.p.r.p.TestFile    ... finished proof: closed. 
205851     INFO  main            d.u.i.k.p.i.AbstractProblemLoader Loading environment from /home/runner/work/key/key/key.core/../key.ui/examples/standard_key/java_dl/java5/for_ReferenceArray.key.proof 
205851     DEBUG main            d.u.i.k.p.i.AbstractProblemLoader Environment load took 102.5ns 
205852     INFO  main            d.u.i.k.p.i.AbstractProblemLoader Creating init config 
206641     DEBUG main            d.u.i.k.j.r.ClassPreparationMethodBuilder clPrepBuilder: Inner Class detected. Reject building class initialisation methods. 
208337     DEBUG main            d.u.i.k.p.i.AbstractProblemLoader Init config took 2.49s 
208384     INFO  main            d.u.i.k.p.i.AbstractProblemLoader Replaying proof ForReferenceArray[ForReferenceArray::foo([Ljava.lang.Object)].JML operation contract.0 
208426     DEBUG main            d.u.i.k.p.i.IntermediateProofReplayer Proof replay took 39.92ms 
208427     DEBUG main            d.u.i.k.p.r.p.TestFile    ... success: reloaded. 
208428     INFO  main            d.u.i.k.p.r.p.TestFile    Now processing file /home/runner/work/key/key/key.core/../key.ui/examples/standard_key/java_dl/jml-bigint/cast.key 
208428     INFO  main            d.u.i.k.p.i.AbstractProblemLoader Loading environment from /home/runner/work/key/key/key.core/../key.ui/examples/standard_key/java_dl/jml-bigint/cast.key 
208428     DEBUG main            d.u.i.k.p.i.AbstractProblemLoader Environment load took 81.5ns 
208429     INFO  main            d.u.i.k.p.i.AbstractProblemLoader Creating init config 
210883     DEBUG main            d.u.i.k.p.i.AbstractProblemLoader Init config took 2.45s 
210916     INFO  main            d.u.i.k.p.i.AbstractProblemLoader Replaying proof Mult[Mult::cast()].JML operation contract.0 
210918     DEBUG main            d.u.i.k.p.i.IntermediateProofReplayer Proof replay took 6.7ns 
211019     INFO  main            d.u.i.k.p.r.p.TestFile    ... finished proof: closed. 
211442     INFO  main            d.u.i.k.p.i.AbstractProblemLoader Loading environment from /home/runner/work/key/key/key.core/../key.ui/examples/standard_key/java_dl/jml-bigint/cast.key.proof 
211442     DEBUG main            d.u.i.k.p.i.AbstractProblemLoader Environment load took 98.6ns 
211443     INFO  main            d.u.i.k.p.i.AbstractProblemLoader Creating init config 
213855     DEBUG main            d.u.i.k.p.i.AbstractProblemLoader Init config took 2.41s 
213887     INFO  main            d.u.i.k.p.i.AbstractProblemLoader Replaying proof Mult[Mult::cast()].JML operation contract.0 
213898     DEBUG main            d.u.i.k.p.i.IntermediateProofReplayer Proof replay took 8.86ms 
213899     DEBUG main            d.u.i.k.p.r.p.TestFile    ... success: reloaded. 
213900     INFO  main            d.u.i.k.p.r.p.TestFile    Now processing file /home/runner/work/key/key/key.core/../key.ui/examples/standard_key/java_dl/jml-free/loopInvFree.key 
213900     INFO  main            d.u.i.k.p.i.AbstractProblemLoader Loading environment from /home/runner/work/key/key/key.core/../key.ui/examples/standard_key/java_dl/jml-free/loopInvFree.key 
213900     DEBUG main            d.u.i.k.p.i.AbstractProblemLoader Environment load took 172.7ns 
213901     INFO  main            d.u.i.k.p.i.AbstractProblemLoader Creating init config 
216284     DEBUG main            d.u.i.k.p.i.AbstractProblemLoader Init config took 2.38s 
216316     INFO  main            d.u.i.k.p.i.AbstractProblemLoader Replaying proof LoopInvFree[LoopInvFree::test()].JML operation contract.0 
216317     DEBUG main            d.u.i.k.p.i.IntermediateProofReplayer Proof replay took 5.6ns 
216519     INFO  main            d.u.i.k.p.r.p.TestFile    ... finished proof: closed. 
216852     INFO  main            d.u.i.k.p.i.AbstractProblemLoader Loading environment from /home/runner/work/key/key/key.core/../key.ui/examples/standard_key/java_dl/jml-free/loopInvFree.key.proof 
216852     DEBUG main            d.u.i.k.p.i.AbstractProblemLoader Environment load took 81.5ns 
216854     INFO  main            d.u.i.k.p.i.AbstractProblemLoader Creating init config 
219221     DEBUG main            d.u.i.k.p.i.AbstractProblemLoader Init config took 2.37s 
219253     INFO  main            d.u.i.k.p.i.AbstractProblemLoader Replaying proof LoopInvFree[LoopInvFree::test()].JML operation contract.0 
219284     DEBUG main            d.u.i.k.p.i.IntermediateProofReplayer Proof replay took 29.55ms 
219285     DEBUG main            d.u.i.k.p.r.p.TestFile    ... success: reloaded. 
219286     INFO  main            d.u.i.k.p.r.p.TestFile    Now processing file /home/runner/work/key/key/key.core/../key.ui/examples/standard_key/java_dl/jml-free/ensuresFree.key 
219286     INFO  main            d.u.i.k.p.i.AbstractProblemLoader Loading environment from /home/runner/work/key/key/key.core/../key.ui/examples/standard_key/java_dl/jml-free/ensuresFree.key 
219286     DEBUG main            d.u.i.k.p.i.AbstractProblemLoader Environment load took 68.8ns 
219287     INFO  main            d.u.i.k.p.i.AbstractProblemLoader Creating init config 
221702     DEBUG main            d.u.i.k.p.i.AbstractProblemLoader Init config took 2.42s 
221734     INFO  main            d.u.i.k.p.i.AbstractProblemLoader Replaying proof EnsuresFree[EnsuresFree::test()].JML operation contract.0 
221735     DEBUG main            d.u.i.k.p.i.IntermediateProofReplayer Proof replay took 7.9ns 
221838     INFO  main            d.u.i.k.p.r.p.TestFile    ... finished proof: closed. 
222171     INFO  main            d.u.i.k.p.i.AbstractProblemLoader Loading environment from /home/runner/work/key/key/key.core/../key.ui/examples/standard_key/java_dl/jml-free/ensuresFree.key.proof 
222171     DEBUG main            d.u.i.k.p.i.AbstractProblemLoader Environment load took 81.1ns 
222172     INFO  main            d.u.i.k.p.i.AbstractProblemLoader Creating init config 
224518     DEBUG main            d.u.i.k.p.i.AbstractProblemLoader Init config took 2.35s 
224549     INFO  main            d.u.i.k.p.i.AbstractProblemLoader Replaying proof EnsuresFree[EnsuresFree::test()].JML operation contract.0 
224563     DEBUG main            d.u.i.k.p.i.IntermediateProofReplayer Proof replay took 12.97ms 
224564     DEBUG main            d.u.i.k.p.r.p.TestFile    ... success: reloaded. 
224565     INFO  main            d.u.i.k.p.r.p.TestFile    Now processing file /home/runner/work/key/key/key.core/../key.ui/examples/standard_key/java_dl/jml-information-flow.key 
224565     INFO  main            d.u.i.k.p.i.AbstractProblemLoader Loading environment from /home/runner/work/key/key/key.core/../key.ui/examples/standard_key/java_dl/jml-information-flow.key 
224565     DEBUG main            d.u.i.k.p.i.AbstractProblemLoader Environment load took 63ns 
224575     INFO  main            d.u.i.k.p.i.AbstractProblemLoader Creating init config 
227187     DEBUG main            d.u.i.k.p.i.AbstractProblemLoader Init config took 2.61s 
227204     INFO  main            d.u.i.k.p.i.AbstractProblemLoader Replaying proof jml-information-flow.key 
227205     DEBUG main            d.u.i.k.p.i.IntermediateProofReplayer Proof replay took 7.5ns 
338912     INFO  main            d.u.i.k.p.r.p.TestFile    ... finished proof: closed. 
339429     INFO  main            d.u.i.k.p.i.AbstractProblemLoader Loading environment from /home/runner/work/key/key/key.core/../key.ui/examples/standard_key/java_dl/jml-information-flow.key.proof 
339429     DEBUG main            d.u.i.k.p.i.AbstractProblemLoader Environment load took 304.6ns 
339437     INFO  main            d.u.i.k.p.i.AbstractProblemLoader Creating init config 
341932     DEBUG main            d.u.i.k.p.i.AbstractProblemLoader Init config took 2.5s 
341950     INFO  main            d.u.i.k.p.i.AbstractProblemLoader Replaying proof jml-information-flow.key.proof 
344488     DEBUG main            d.u.i.k.p.i.IntermediateProofReplayer Proof replay took 2.43s 
344496     DEBUG main            d.u.i.k.p.r.p.TestFile    ... success: reloaded. 
344496     INFO  main            d.u.i.k.p.r.p.TestFile    Now processing file /home/runner/work/key/key/key.core/../key.ui/examples/standard_key/java_dl/jml-min/min-unprovable1.key 
344497     INFO  main            d.u.i.k.p.i.AbstractProblemLoader Loading environment from /home/runner/work/key/key/key.core/../key.ui/examples/standard_key/java_dl/jml-min/min-unprovable1.key 
344497     DEBUG main            d.u.i.k.p.i.AbstractProblemLoader Environment load took 91.3ns 
344497     INFO  main            d.u.i.k.p.i.AbstractProblemLoader Creating init config 
346969     DEBUG main            d.u.i.k.p.i.AbstractProblemLoader Init config took 2.47s 
347002     INFO  main            d.u.i.k.p.i.AbstractProblemLoader Replaying proof Min[Min::foo()].JML operation contract.0 
347003     DEBUG main            d.u.i.k.p.i.IntermediateProofReplayer Proof replay took 7ns 
347105     INFO  main            d.u.i.k.p.r.p.TestFile    ... finished proof: open goal(s) 
347613     INFO  main            d.u.i.k.p.r.p.TestFile    Now processing file /home/runner/work/key/key/key.core/../key.ui/examples/standard_key/java_dl/jml-min/min-unprovable2.key 
347614     INFO  main            d.u.i.k.p.i.AbstractProblemLoader Loading environment from /home/runner/work/key/key/key.core/../key.ui/examples/standard_key/java_dl/jml-min/min-unprovable2.key 
347614     DEBUG main            d.u.i.k.p.i.AbstractProblemLoader Environment load took 44.2ns 
347614     INFO  main            d.u.i.k.p.i.AbstractProblemLoader Creating init config 
349973     DEBUG main            d.u.i.k.p.i.AbstractProblemLoader Init config took 2.36s 
350004     INFO  main            d.u.i.k.p.i.AbstractProblemLoader Replaying proof Min[Min::foo2()].JML operation contract.0 
350005     DEBUG main            d.u.i.k.p.i.IntermediateProofReplayer Proof replay took 6.8ns 
350110     INFO  main            d.u.i.k.p.r.p.TestFile    ... finished proof: open goal(s) 
350473     INFO  main            d.u.i.k.p.r.p.TestFile    Now processing file /home/runner/work/key/key/key.core/../key.ui/examples/standard_key/java_dl/methodCall.key 
350473     INFO  main            d.u.i.k.p.i.AbstractProblemLoader Loading environment from /home/runner/work/key/key/key.core/../key.ui/examples/standard_key/java_dl/methodCall.key 
350473     DEBUG main            d.u.i.k.p.i.AbstractProblemLoader Environment load took 48.8ns 
350474     INFO  main            d.u.i.k.p.i.AbstractProblemLoader Creating init config 
352853     DEBUG main            d.u.i.k.p.i.AbstractProblemLoader Init config took 2.38s 
352882     INFO  main            d.u.i.k.p.i.AbstractProblemLoader Replaying proof methodCall.key 
352884     DEBUG main            d.u.i.k.p.i.IntermediateProofReplayer Proof replay took 6.1ns 
352985     INFO  main            d.u.i.k.p.r.p.TestFile    ... finished proof: closed. 
353330     INFO  main            d.u.i.k.p.i.AbstractProblemLoader Loading environment from /home/runner/work/key/key/key.core/../key.ui/examples/standard_key/java_dl/methodCall.key.proof 
353330     DEBUG main            d.u.i.k.p.i.AbstractProblemLoader Environment load took 84.7ns 
353331     INFO  main            d.u.i.k.p.i.AbstractProblemLoader Creating init config 
355856     DEBUG main            d.u.i.k.p.i.AbstractProblemLoader Init config took 2.53s 
355869     INFO  main            d.u.i.k.p.i.AbstractProblemLoader Replaying proof methodCall.key.proof 
355873     DEBUG main            d.u.i.k.p.i.IntermediateProofReplayer Proof replay took 1.52ms 
355873     DEBUG main            d.u.i.k.p.r.p.TestFile    ... success: reloaded. 
355874     INFO  main            d.u.i.k.p.r.p.TestFile    Now processing file /home/runner/work/key/key/key.core/../key.ui/examples/standard_key/java_dl/methodCall1.key 
355874     INFO  main            d.u.i.k.p.i.AbstractProblemLoader Loading environment from /home/runner/work/key/key/key.core/../key.ui/examples/standard_key/java_dl/methodCall1.key 
355874     DEBUG main            d.u.i.k.p.i.AbstractProblemLoader Environment load took 46.7ns 
355875     INFO  main            d.u.i.k.p.i.AbstractProblemLoader Creating init config 
358231     DEBUG main            d.u.i.k.p.i.AbstractProblemLoader Init config took 2.36s 
358244     INFO  main            d.u.i.k.p.i.AbstractProblemLoader Replaying proof methodCall1.key 
358245     DEBUG main            d.u.i.k.p.i.IntermediateProofReplayer Proof replay took 6.9ns 
358347     INFO  main            d.u.i.k.p.r.p.TestFile    ... finished proof: closed. 
358706     INFO  main            d.u.i.k.p.i.AbstractProblemLoader Loading environment from /home/runner/work/key/key/key.core/../key.ui/examples/standard_key/java_dl/methodCall1.key.proof 
358706     DEBUG main            d.u.i.k.p.i.AbstractProblemLoader Environment load took 84.5ns 
358707     INFO  main            d.u.i.k.p.i.AbstractProblemLoader Creating init config 
361047     DEBUG main            d.u.i.k.p.i.AbstractProblemLoader Init config took 2.34s 
361060     INFO  main            d.u.i.k.p.i.AbstractProblemLoader Replaying proof methodCall1.key.proof 
361072     DEBUG main            d.u.i.k.p.i.IntermediateProofReplayer Proof replay took 9.18ms 
361072     DEBUG main            d.u.i.k.p.r.p.TestFile    ... success: reloaded. 
361073     INFO  main            d.u.i.k.p.r.p.TestFile    Now processing file /home/runner/work/key/key/key.core/../key.ui/examples/standard_key/java_dl/methodCall1box.key 
361073     INFO  main            d.u.i.k.p.i.AbstractProblemLoader Loading environment from /home/runner/work/key/key/key.core/../key.ui/examples/standard_key/java_dl/methodCall1box.key 
361073     DEBUG main            d.u.i.k.p.i.AbstractProblemLoader Environment load took 71ns 
361074     INFO  main            d.u.i.k.p.i.AbstractProblemLoader Creating init config 
363455     DEBUG main            d.u.i.k.p.i.AbstractProblemLoader Init config took 2.38s 
363467     INFO  main            d.u.i.k.p.i.AbstractProblemLoader Replaying proof methodCall1box.key 
363469     DEBUG main            d.u.i.k.p.i.IntermediateProofReplayer Proof replay took 7.5ns 
363570     INFO  main            d.u.i.k.p.r.p.TestFile    ... finished proof: closed. 
363940     INFO  main            d.u.i.k.p.i.AbstractProblemLoader Loading environment from /home/runner/work/key/key/key.core/../key.ui/examples/standard_key/java_dl/methodCall1box.key.proof 
363941     DEBUG main            d.u.i.k.p.i.AbstractProblemLoader Environment load took 77ns 
363941     INFO  main            d.u.i.k.p.i.AbstractProblemLoader Creating init config 
366272     DEBUG main            d.u.i.k.p.i.AbstractProblemLoader Init config took 2.33s 
366285     INFO  main            d.u.i.k.p.i.AbstractProblemLoader Replaying proof methodCall1box.key.proof 
366299     DEBUG main            d.u.i.k.p.i.IntermediateProofReplayer Proof replay took 12.47ms 
366300     DEBUG main            d.u.i.k.p.r.p.TestFile    ... success: reloaded. 
366300     INFO  main            d.u.i.k.p.r.p.TestFile    Now processing file /home/runner/work/key/key/key.core/../key.ui/examples/standard_key/java_dl/methodCall3.key 
366300     INFO  main            d.u.i.k.p.i.AbstractProblemLoader Loading environment from /home/runner/work/key/key/key.core/../key.ui/examples/standard_key/java_dl/methodCall3.key 
366300     DEBUG main            d.u.i.k.p.i.AbstractProblemLoader Environment load took 42.2ns 
366301     INFO  main            d.u.i.k.p.i.AbstractProblemLoader Creating init config 
368661     DEBUG main            d.u.i.k.p.i.AbstractProblemLoader Init config took 2.36s 
368674     INFO  main            d.u.i.k.p.i.AbstractProblemLoader Replaying proof methodCall3.key 
368675     DEBUG main            d.u.i.k.p.i.IntermediateProofReplayer Proof replay took 6.7ns 
368777     INFO  main            d.u.i.k.p.r.p.TestFile    ... finished proof: closed. 
369151     INFO  main            d.u.i.k.p.i.AbstractProblemLoader Loading environment from /home/runner/work/key/key/key.core/../key.ui/examples/standard_key/java_dl/methodCall3.key.proof 
369151     DEBUG main            d.u.i.k.p.i.AbstractProblemLoader Environment load took 81.2ns 
369152     INFO  main            d.u.i.k.p.i.AbstractProblemLoader Creating init config 
371498     DEBUG main            d.u.i.k.p.i.AbstractProblemLoader Init config took 2.35s 
371511     INFO  main            d.u.i.k.p.i.AbstractProblemLoader Replaying proof methodCall3.key.proof 
371519     DEBUG main            d.u.i.k.p.i.IntermediateProofReplayer Proof replay took 6.21ms 
371520     DEBUG main            d.u.i.k.p.r.p.TestFile    ... success: reloaded. 
371520     INFO  main            d.u.i.k.p.r.p.TestFile    Now processing file /home/runner/work/key/key/key.core/../key.ui/examples/standard_key/java_dl/polishFlagSort.key 
371521     INFO  main            d.u.i.k.p.i.AbstractProblemLoader Loading environment from /home/runner/work/key/key/key.core/../key.ui/examples/standard_key/java_dl/polishFlagSort.key 
371521     DEBUG main            d.u.i.k.p.i.AbstractProblemLoader Environment load took 58.4ns 
371522     INFO  main            d.u.i.k.p.i.AbstractProblemLoader Creating init config 
373926     DEBUG main            d.u.i.k.p.i.AbstractProblemLoader Init config took 2.4s 
373940     INFO  main            d.u.i.k.p.i.AbstractProblemLoader Replaying proof polishFlagSort.key 
373942     DEBUG main            d.u.i.k.p.i.IntermediateProofReplayer Proof replay took 7.9ns 
376051     INFO  main            d.u.i.k.p.r.p.TestFile    ... finished proof: closed. 
376468     INFO  main            d.u.i.k.p.i.AbstractProblemLoader Loading environment from /home/runner/work/key/key/key.core/../key.ui/examples/standard_key/java_dl/polishFlagSort.key.proof 
376468     DEBUG main            d.u.i.k.p.i.AbstractProblemLoader Environment load took 305.2ns 
376470     INFO  main            d.u.i.k.p.i.AbstractProblemLoader Creating init config 
378831     DEBUG main            d.u.i.k.p.i.AbstractProblemLoader Init config took 2.36s 
378845     INFO  main            d.u.i.k.p.i.AbstractProblemLoader Replaying proof polishFlagSort.key.proof 
379080     DEBUG main            d.u.i.k.p.i.IntermediateProofReplayer Proof replay took 223.9ms 
379082     DEBUG main            d.u.i.k.p.r.p.TestFile    ... success: reloaded. 
379082     INFO  main            d.u.i.k.p.r.p.TestFile    Now processing file /home/runner/work/key/key/key.core/../key.ui/examples/standard_key/java_dl/postConditionTaclets1.key 
379083     INFO  main            d.u.i.k.p.i.AbstractProblemLoader Loading environment from /home/runner/work/key/key/key.core/../key.ui/examples/standard_key/java_dl/postConditionTaclets1.key 
379083     DEBUG main            d.u.i.k.p.i.AbstractProblemLoader Environment load took 135.7ns 
379084     INFO  main            d.u.i.k.p.i.AbstractProblemLoader Creating init config 
381417     DEBUG main            d.u.i.k.p.i.AbstractProblemLoader Init config took 2.33s 
381430     INFO  main            d.u.i.k.p.i.AbstractProblemLoader Replaying proof postConditionTaclets1.key 
381432     DEBUG main            d.u.i.k.p.i.IntermediateProofReplayer Proof replay took 6.9ns 
381533     INFO  main            d.u.i.k.p.r.p.TestFile    ... finished proof: closed. 
381965     INFO  main            d.u.i.k.p.i.AbstractProblemLoader Loading environment from /home/runner/work/key/key/key.core/../key.ui/examples/standard_key/java_dl/postConditionTaclets1.key.proof 
381966     DEBUG main            d.u.i.k.p.i.AbstractProblemLoader Environment load took 68.8ns 
381966     INFO  main            d.u.i.k.p.i.AbstractProblemLoader Creating init config 
384244     DEBUG main            d.u.i.k.p.i.AbstractProblemLoader Init config took 2.28s 
384257     INFO  main            d.u.i.k.p.i.AbstractProblemLoader Replaying proof postConditionTaclets1.key.proof 
384259     DEBUG main            d.u.i.k.p.i.IntermediateProofReplayer Proof replay took 252.8ns 
384260     DEBUG main            d.u.i.k.p.r.p.TestFile    ... success: reloaded. 
384260     INFO  main            d.u.i.k.p.r.p.TestFile    Now processing file /home/runner/work/key/key/key.core/../key.ui/examples/standard_key/java_dl/postConditionTaclets2.key 
384260     INFO  main            d.u.i.k.p.i.AbstractProblemLoader Loading environment from /home/runner/work/key/key/key.core/../key.ui/examples/standard_key/java_dl/postConditionTaclets2.key 
384260     DEBUG main            d.u.i.k.p.i.AbstractProblemLoader Environment load took 40ns 
384261     INFO  main            d.u.i.k.p.i.AbstractProblemLoader Creating init config 
386575     DEBUG main            d.u.i.k.p.i.AbstractProblemLoader Init config took 2.31s 
386588     INFO  main            d.u.i.k.p.i.AbstractProblemLoader Replaying proof postConditionTaclets2.key 
386590     DEBUG main            d.u.i.k.p.i.IntermediateProofReplayer Proof replay took 6.9ns 
386691     INFO  main            d.u.i.k.p.r.p.TestFile    ... finished proof: closed. 
387080     INFO  main            d.u.i.k.p.i.AbstractProblemLoader Loading environment from /home/runner/work/key/key/key.core/../key.ui/examples/standard_key/java_dl/postConditionTaclets2.key.proof 
387080     DEBUG main            d.u.i.k.p.i.AbstractProblemLoader Environment load took 70.8ns 
387081     INFO  main            d.u.i.k.p.i.AbstractProblemLoader Creating init config 
389359     DEBUG main            d.u.i.k.p.i.AbstractProblemLoader Init config took 2.28s 
389373     INFO  main            d.u.i.k.p.i.AbstractProblemLoader Replaying proof postConditionTaclets2.key.proof 
389375     DEBUG main            d.u.i.k.p.i.IntermediateProofReplayer Proof replay took 443.8ns 
389375     DEBUG main            d.u.i.k.p.r.p.TestFile    ... success: reloaded. 
389376     INFO  main            d.u.i.k.p.r.p.TestFile    Now processing file /home/runner/work/key/key/key.core/../key.ui/examples/standard_key/java_dl/quantifiedQuery.key 
389376     INFO  main            d.u.i.k.p.i.AbstractProblemLoader Loading environment from /home/runner/work/key/key/key.core/../key.ui/examples/standard_key/java_dl/quantifiedQuery.key 
389376     DEBUG main            d.u.i.k.p.i.AbstractProblemLoader Environment load took 67.5ns 
389377     INFO  main            d.u.i.k.p.i.AbstractProblemLoader Creating init config 
391727     DEBUG main            d.u.i.k.p.i.AbstractProblemLoader Init config took 2.35s 
391740     INFO  main            d.u.i.k.p.i.AbstractProblemLoader Replaying proof quantifiedQuery.key 
391742     DEBUG main            d.u.i.k.p.i.IntermediateProofReplayer Proof replay took 5.9ns 
391844     INFO  main            d.u.i.k.p.r.p.TestFile    ... finished proof: closed. 
392237     INFO  main            d.u.i.k.p.i.AbstractProblemLoader Loading environment from /home/runner/work/key/key/key.core/../key.ui/examples/standard_key/java_dl/quantifiedQuery.key.proof 
392237     DEBUG main            d.u.i.k.p.i.AbstractProblemLoader Environment load took 89.2ns 
392238     INFO  main            d.u.i.k.p.i.AbstractProblemLoader Creating init config 
394581     DEBUG main            d.u.i.k.p.i.AbstractProblemLoader Init config took 2.34s 
394594     INFO  main            d.u.i.k.p.i.AbstractProblemLoader Replaying proof quantifiedQuery.key.proof 
394602     DEBUG main            d.u.i.k.p.i.IntermediateProofReplayer Proof replay took 6.46ms 
394603     DEBUG main            d.u.i.k.p.r.p.TestFile    ... success: reloaded. 
394603     INFO  main            d.u.i.k.p.r.p.TestFile    Now processing file /home/runner/work/key/key/key.core/../key.ui/examples/standard_key/java_dl/recursion/triangular.key 
394604     INFO  main            d.u.i.k.p.i.AbstractProblemLoader Loading environment from /home/runner/work/key/key/key.core/../key.ui/examples/standard_key/java_dl/recursion/triangular.key 
394604     DEBUG main            d.u.i.k.p.i.AbstractProblemLoader Environment load took 65ns 
394604     INFO  main            d.u.i.k.p.i.AbstractProblemLoader Creating init config 
396956     DEBUG main            d.u.i.k.p.i.AbstractProblemLoader Init config took 2.35s 
397007     INFO  main            d.u.i.k.p.i.AbstractProblemLoader Replaying proof Triangular[Triangular::tria(int)].JML normal_behavior operation contract.0 
397008     DEBUG main            d.u.i.k.p.i.IntermediateProofReplayer Proof replay took 6.4ns 
397210     INFO  main            d.u.i.k.p.r.p.TestFile    ... finished proof: closed. 
397617     INFO  main            d.u.i.k.p.i.AbstractProblemLoader Loading environment from /home/runner/work/key/key/key.core/../key.ui/examples/standard_key/java_dl/recursion/triangular.key.proof 
397618     DEBUG main            d.u.i.k.p.i.AbstractProblemLoader Environment load took 76.3ns 
397618     INFO  main            d.u.i.k.p.i.AbstractProblemLoader Creating init config 
399940     DEBUG main            d.u.i.k.p.i.AbstractProblemLoader Init config took 2.32s 
399971     INFO  main            d.u.i.k.p.i.AbstractProblemLoader Replaying proof Triangular[Triangular::tria(int)].JML normal_behavior operation contract.0 
399995     DEBUG main            d.u.i.k.p.i.IntermediateProofReplayer Proof replay took 20.93ms 
399996     DEBUG main            d.u.i.k.p.r.p.TestFile    ... success: reloaded. 
399996     INFO  main            d.u.i.k.p.r.p.TestFile    Now processing file /home/runner/work/key/key/key.core/../key.ui/examples/standard_key/java_dl/reverseArray.key 
399996     INFO  main            d.u.i.k.p.i.AbstractProblemLoader Loading environment from /home/runner/work/key/key/key.core/../key.ui/examples/standard_key/java_dl/reverseArray.key 
399996     DEBUG main            d.u.i.k.p.i.AbstractProblemLoader Environment load took 42.2ns 
399998     INFO  main            d.u.i.k.p.i.AbstractProblemLoader Creating init config 
400016     WARN  main            d.u.i.k.j.r.KeYCrossReferenceNameInfo Datatype java.lang.System declared twice: Once in FILE:/home/runner/work/key/key/key.core/../key.ui/examples/standard_key/java_dl/./classpath/System.java and once in URL:file:/home/runner/work/key/key/key.core/build/resources/main/de/uka/ilkd/key/java/JavaRedux/java/lang/System.java, Keeping one from URL:file:/home/runner/work/key/key/key.core/build/resources/main/de/uka/ilkd/key/java/JavaRedux/java/lang/System.java 
400016     WARN  main            d.u.i.k.j.r.KeYCrossReferenceNameInfo Datatype java.io.PrintStream declared twice: Once in FILE:/home/runner/work/key/key/key.core/../key.ui/examples/standard_key/java_dl/./classpath/PrintStream.java and once in URL:file:/home/runner/work/key/key/key.core/build/resources/main/de/uka/ilkd/key/java/JavaRedux/java/io/PrintStream.java, Keeping one from URL:file:/home/runner/work/key/key/key.core/build/resources/main/de/uka/ilkd/key/java/JavaRedux/java/io/PrintStream.java 
400016     WARN  main            d.u.i.k.j.r.KeYCrossReferenceNameInfo Datatype java.io.InputStream declared twice: Once in FILE:/home/runner/work/key/key/key.core/../key.ui/examples/standard_key/java_dl/./classpath/InputStream.java and once in URL:file:/home/runner/work/key/key/key.core/build/resources/main/de/uka/ilkd/key/java/JavaRedux/java/io/InputStream.java, Keeping one from URL:file:/home/runner/work/key/key/key.core/build/resources/main/de/uka/ilkd/key/java/JavaRedux/java/io/InputStream.java 
400019     DEBUG main            d.u.i.k.j.r.ClassFileDeclarationBuilder Parsing: package java.io; public class Closeable { } 
400019     DEBUG main            r.s.KeYCrossReferenceSourceInfo Dynamically created class: java.io.Closeable 
402450     DEBUG main            d.u.i.k.p.i.AbstractProblemLoader Init config took 2.45s 
402464     INFO  main            d.u.i.k.p.i.AbstractProblemLoader Replaying proof reverseArray.key 
402466     DEBUG main            d.u.i.k.p.i.IntermediateProofReplayer Proof replay took 7.1ns 
406675     INFO  main            d.u.i.k.p.r.p.TestFile    ... finished proof: closed. 
407162     INFO  main            d.u.i.k.p.i.AbstractProblemLoader Loading environment from /home/runner/work/key/key/key.core/../key.ui/examples/standard_key/java_dl/reverseArray.key.proof 
407162     DEBUG main            d.u.i.k.p.i.AbstractProblemLoader Environment load took 302.1ns 
407164     INFO  main            d.u.i.k.p.i.AbstractProblemLoader Creating init config 
407183     WARN  main            d.u.i.k.j.r.KeYCrossReferenceNameInfo Datatype java.lang.System declared twice: Once in FILE:/home/runner/work/key/key/key.core/../key.ui/examples/standard_key/java_dl/classpath/System.java and once in URL:file:/home/runner/work/key/key/key.core/build/resources/main/de/uka/ilkd/key/java/JavaRedux/java/lang/System.java, Keeping one from URL:file:/home/runner/work/key/key/key.core/build/resources/main/de/uka/ilkd/key/java/JavaRedux/java/lang/System.java 
407183     WARN  main            d.u.i.k.j.r.KeYCrossReferenceNameInfo Datatype java.io.PrintStream declared twice: Once in FILE:/home/runner/work/key/key/key.core/../key.ui/examples/standard_key/java_dl/classpath/PrintStream.java and once in URL:file:/home/runner/work/key/key/key.core/build/resources/main/de/uka/ilkd/key/java/JavaRedux/java/io/PrintStream.java, Keeping one from URL:file:/home/runner/work/key/key/key.core/build/resources/main/de/uka/ilkd/key/java/JavaRedux/java/io/PrintStream.java 
407183     WARN  main            d.u.i.k.j.r.KeYCrossReferenceNameInfo Datatype java.io.InputStream declared twice: Once in FILE:/home/runner/work/key/key/key.core/../key.ui/examples/standard_key/java_dl/classpath/InputStream.java and once in URL:file:/home/runner/work/key/key/key.core/build/resources/main/de/uka/ilkd/key/java/JavaRedux/java/io/InputStream.java, Keeping one from URL:file:/home/runner/work/key/key/key.core/build/resources/main/de/uka/ilkd/key/java/JavaRedux/java/io/InputStream.java 
407186     DEBUG main            d.u.i.k.j.r.ClassFileDeclarationBuilder Parsing: package java.io; public class Closeable { } 
407186     DEBUG main            r.s.KeYCrossReferenceSourceInfo Dynamically created class: java.io.Closeable 
409614     DEBUG main            d.u.i.k.p.i.AbstractProblemLoader Init config took 2.45s 
409634     INFO  main            d.u.i.k.p.i.AbstractProblemLoader Replaying proof reverseArray.key.proof 
410046     DEBUG main            d.u.i.k.p.i.IntermediateProofReplayer Proof replay took 400.68ms 
410048     DEBUG main            d.u.i.k.p.r.p.TestFile    ... success: reloaded. 
410049     INFO  main            d.u.i.k.p.r.p.TestFile    Now processing file /home/runner/work/key/key/key.core/../key.ui/examples/standard_key/java_dl/reverseArray2.key 
410049     INFO  main            d.u.i.k.p.i.AbstractProblemLoader Loading environment from /home/runner/work/key/key/key.core/../key.ui/examples/standard_key/java_dl/reverseArray2.key 
410049     DEBUG main            d.u.i.k.p.i.AbstractProblemLoader Environment load took 147.6ns 
410051     INFO  main            d.u.i.k.p.i.AbstractProblemLoader Creating init config 
410070     WARN  main            d.u.i.k.j.r.KeYCrossReferenceNameInfo Datatype java.lang.System declared twice: Once in FILE:/home/runner/work/key/key/key.core/../key.ui/examples/standard_key/java_dl/classpath/System.java and once in URL:file:/home/runner/work/key/key/key.core/build/resources/main/de/uka/ilkd/key/java/JavaRedux/java/lang/System.java, Keeping one from URL:file:/home/runner/work/key/key/key.core/build/resources/main/de/uka/ilkd/key/java/JavaRedux/java/lang/System.java 
410070     WARN  main            d.u.i.k.j.r.KeYCrossReferenceNameInfo Datatype java.io.PrintStream declared twice: Once in FILE:/home/runner/work/key/key/key.core/../key.ui/examples/standard_key/java_dl/classpath/PrintStream.java and once in URL:file:/home/runner/work/key/key/key.core/build/resources/main/de/uka/ilkd/key/java/JavaRedux/java/io/PrintStream.java, Keeping one from URL:file:/home/runner/work/key/key/key.core/build/resources/main/de/uka/ilkd/key/java/JavaRedux/java/io/PrintStream.java 
410070     WARN  main            d.u.i.k.j.r.KeYCrossReferenceNameInfo Datatype java.io.InputStream declared twice: Once in FILE:/home/runner/work/key/key/key.core/../key.ui/examples/standard_key/java_dl/classpath/InputStream.java and once in URL:file:/home/runner/work/key/key/key.core/build/resources/main/de/uka/ilkd/key/java/JavaRedux/java/io/InputStream.java, Keeping one from URL:file:/home/runner/work/key/key/key.core/build/resources/main/de/uka/ilkd/key/java/JavaRedux/java/io/InputStream.java 
410073     DEBUG main            d.u.i.k.j.r.ClassFileDeclarationBuilder Parsing: package java.io; public class Closeable { } 
410073     DEBUG main            r.s.KeYCrossReferenceSourceInfo Dynamically created class: java.io.Closeable 
412567     DEBUG main            d.u.i.k.p.i.AbstractProblemLoader Init config took 2.52s 
412581     INFO  main            d.u.i.k.p.i.AbstractProblemLoader Replaying proof reverseArray2.key 
412583     DEBUG main            d.u.i.k.p.i.IntermediateProofReplayer Proof replay took 31.5ns 
413898     INFO  main            d.u.i.k.p.r.p.TestFile    ... finished proof: closed. 
414419     INFO  main            d.u.i.k.p.i.AbstractProblemLoader Loading environment from /home/runner/work/key/key/key.core/../key.ui/examples/standard_key/java_dl/reverseArray2.key.proof 
414419     DEBUG main            d.u.i.k.p.i.AbstractProblemLoader Environment load took 304.8ns 
414420     INFO  main            d.u.i.k.p.i.AbstractProblemLoader Creating init config 
414438     WARN  main            d.u.i.k.j.r.KeYCrossReferenceNameInfo Datatype java.lang.System declared twice: Once in FILE:/home/runner/work/key/key/key.core/../key.ui/examples/standard_key/java_dl/classpath/System.java and once in URL:file:/home/runner/work/key/key/key.core/build/resources/main/de/uka/ilkd/key/java/JavaRedux/java/lang/System.java, Keeping one from URL:file:/home/runner/work/key/key/key.core/build/resources/main/de/uka/ilkd/key/java/JavaRedux/java/lang/System.java 
414439     WARN  main            d.u.i.k.j.r.KeYCrossReferenceNameInfo Datatype java.io.PrintStream declared twice: Once in FILE:/home/runner/work/key/key/key.core/../key.ui/examples/standard_key/java_dl/classpath/PrintStream.java and once in URL:file:/home/runner/work/key/key/key.core/build/resources/main/de/uka/ilkd/key/java/JavaRedux/java/io/PrintStream.java, Keeping one from URL:file:/home/runner/work/key/key/key.core/build/resources/main/de/uka/ilkd/key/java/JavaRedux/java/io/PrintStream.java 
414439     WARN  main            d.u.i.k.j.r.KeYCrossReferenceNameInfo Datatype java.io.InputStream declared twice: Once in FILE:/home/runner/work/key/key/key.core/../key.ui/examples/standard_key/java_dl/classpath/InputStream.java and once in URL:file:/home/runner/work/key/key/key.core/build/resources/main/de/uka/ilkd/key/java/JavaRedux/java/io/InputStream.java, Keeping one from URL:file:/home/runner/work/key/key/key.core/build/resources/main/de/uka/ilkd/key/java/JavaRedux/java/io/InputStream.java 
414442     DEBUG main            d.u.i.k.j.r.ClassFileDeclarationBuilder Parsing: package java.io; public class Closeable { } 
414442     DEBUG main            r.s.KeYCrossReferenceSourceInfo Dynamically created class: java.io.Closeable 
416808     DEBUG main            d.u.i.k.p.i.AbstractProblemLoader Init config took 2.39s 
416822     INFO  main            d.u.i.k.p.i.AbstractProblemLoader Replaying proof reverseArray2.key.proof 
416966     DEBUG main            d.u.i.k.p.i.IntermediateProofReplayer Proof replay took 139.18ms 
416967     DEBUG main            d.u.i.k.p.r.p.TestFile    ... success: reloaded. 
416968     INFO  main            d.u.i.k.p.r.p.TestFile    Now processing file /home/runner/work/key/key/key.core/../key.ui/examples/standard_key/java_dl/simpleAssignment.key 
416968     INFO  main            d.u.i.k.p.i.AbstractProblemLoader Loading environment from /home/runner/work/key/key/key.core/../key.ui/examples/standard_key/java_dl/simpleAssignment.key 
416968     DEBUG main            d.u.i.k.p.i.AbstractProblemLoader Environment load took 46.5ns 
416969     INFO  main            d.u.i.k.p.i.AbstractProblemLoader Creating init config 
419276     DEBUG main            d.u.i.k.p.i.AbstractProblemLoader Init config took 2.31s 
419289     INFO  main            d.u.i.k.p.i.AbstractProblemLoader Replaying proof simpleAssignment.key 
419290     DEBUG main            d.u.i.k.p.i.IntermediateProofReplayer Proof replay took 2.7ns 
419391     INFO  main            d.u.i.k.p.r.p.TestFile    ... finished proof: closed. 
419853     INFO  main            d.u.i.k.p.i.AbstractProblemLoader Loading environment from /home/runner/work/key/key/key.core/../key.ui/examples/standard_key/java_dl/simpleAssignment.key.proof 
419853     DEBUG main            d.u.i.k.p.i.AbstractProblemLoader Environment load took 73.2ns 
419853     INFO  main            d.u.i.k.p.i.AbstractProblemLoader Creating init config 
422133     DEBUG main            d.u.i.k.p.i.AbstractProblemLoader Init config took 2.28s 
422146     INFO  main            d.u.i.k.p.i.AbstractProblemLoader Replaying proof simpleAssignment.key.proof 
422148     DEBUG main            d.u.i.k.p.i.IntermediateProofReplayer Proof replay took 503.8ns 
422149     DEBUG main            d.u.i.k.p.r.p.TestFile    ... success: reloaded. 
422149     INFO  main            d.u.i.k.p.r.p.TestFile    Now processing file /home/runner/work/key/key/key.core/../key.ui/examples/standard_key/java_dl/simpleAssignment2.key 
422149     INFO  main            d.u.i.k.p.i.AbstractProblemLoader Loading environment from /home/runner/work/key/key/key.core/../key.ui/examples/standard_key/java_dl/simpleAssignment2.key 
422149     DEBUG main            d.u.i.k.p.i.AbstractProblemLoader Environment load took 41.9ns 
422150     INFO  main            d.u.i.k.p.i.AbstractProblemLoader Creating init config 
424450     DEBUG main            d.u.i.k.p.i.AbstractProblemLoader Init config took 2.3s 
424462     INFO  main            d.u.i.k.p.i.AbstractProblemLoader Replaying proof simpleAssignment2.key 
424464     DEBUG main            d.u.i.k.p.i.IntermediateProofReplayer Proof replay took 2.3ns 
424566     INFO  main            d.u.i.k.p.r.p.TestFile    ... finished proof: closed. 
424996     INFO  main            d.u.i.k.p.i.AbstractProblemLoader Loading environment from /home/runner/work/key/key/key.core/../key.ui/examples/standard_key/java_dl/simpleAssignment2.key.proof 
424996     DEBUG main            d.u.i.k.p.i.AbstractProblemLoader Environment load took 72.8ns 
424996     INFO  main            d.u.i.k.p.i.AbstractProblemLoader Creating init config 
427261     DEBUG main            d.u.i.k.p.i.AbstractProblemLoader Init config took 2.26s 
427273     INFO  main            d.u.i.k.p.i.AbstractProblemLoader Replaying proof simpleAssignment2.key.proof 
427275     DEBUG main            d.u.i.k.p.i.IntermediateProofReplayer Proof replay took 347.5ns 
427276     DEBUG main            d.u.i.k.p.r.p.TestFile    ... success: reloaded. 
427276     INFO  main            d.u.i.k.p.r.p.TestFile    Now processing file /home/runner/work/key/key/key.core/../key.ui/examples/standard_key/java_dl/splittingWithQueries.key 
427276     INFO  main            d.u.i.k.p.i.AbstractProblemLoader Loading environment from /home/runner/work/key/key/key.core/../key.ui/examples/standard_key/java_dl/splittingWithQueries.key 
427276     DEBUG main            d.u.i.k.p.i.AbstractProblemLoader Environment load took 41.5ns 
427277     INFO  main            d.u.i.k.p.i.AbstractProblemLoader Creating init config 
429623     DEBUG main            d.u.i.k.p.i.AbstractProblemLoader Init config took 2.35s 
429635     INFO  main            d.u.i.k.p.i.AbstractProblemLoader Replaying proof splittingWithQueries.key 
429636     DEBUG main            d.u.i.k.p.i.IntermediateProofReplayer Proof replay took 2.7ns 
429738     INFO  main            d.u.i.k.p.r.p.TestFile    ... finished proof: closed. 
430160     INFO  main            d.u.i.k.p.i.AbstractProblemLoader Loading environment from /home/runner/work/key/key/key.core/../key.ui/examples/standard_key/java_dl/splittingWithQueries.key.proof 
430161     DEBUG main            d.u.i.k.p.i.AbstractProblemLoader Environment load took 75ns 
430162     INFO  main            d.u.i.k.p.i.AbstractProblemLoader Creating init config 
432503     DEBUG main            d.u.i.k.p.i.AbstractProblemLoader Init config took 2.34s 
432521     INFO  main            d.u.i.k.p.i.AbstractProblemLoader Replaying proof splittingWithQueries.key.proof 
432524     DEBUG main            d.u.i.k.p.i.IntermediateProofReplayer Proof replay took 1.16ms 
432525     DEBUG main            d.u.i.k.p.r.p.TestFile    ... success: reloaded. 
432528     INFO  main            d.u.i.k.p.r.p.TestFile    Now processing file /home/runner/work/key/key/key.core/../key.ui/examples/standard_key/java_dl/strassen/strassen.key 
432528     INFO  main            d.u.i.k.p.i.AbstractProblemLoader Loading environment from /home/runner/work/key/key/key.core/../key.ui/examples/standard_key/java_dl/strassen/strassen.key 
432528     DEBUG main            d.u.i.k.p.i.AbstractProblemLoader Environment load took 65.9ns 
432528     INFO  main            d.u.i.k.p.i.AbstractProblemLoader Creating init config 
434972     DEBUG main            d.u.i.k.p.i.AbstractProblemLoader Init config took 2.44s 
435020     INFO  main            d.u.i.k.p.i.AbstractProblemLoader Replaying proof Matrix22[Matrix22::strassen(Matrix22,Matrix22)].JML normal_behavior operation contract.0 
435021     DEBUG main            d.u.i.k.p.i.IntermediateProofReplayer Proof replay took 2.5ns 
439673     INFO  main            d.u.i.k.p.r.p.TestFile    ... finished proof: closed. 
440233     INFO  main            d.u.i.k.p.i.AbstractProblemLoader Loading environment from /home/runner/work/key/key/key.core/../key.ui/examples/standard_key/java_dl/strassen/strassen.key.proof 
440233     DEBUG main            d.u.i.k.p.i.AbstractProblemLoader Environment load took 305.1ns 
440234     INFO  main            d.u.i.k.p.i.AbstractProblemLoader Creating init config 
442654     DEBUG main            d.u.i.k.p.i.AbstractProblemLoader Init config took 2.42s 
442687     INFO  main            d.u.i.k.p.i.AbstractProblemLoader Replaying proof Matrix22[Matrix22::strassen(Matrix22,Matrix22)].JML normal_behavior operation contract.0 
443051     DEBUG main            d.u.i.k.p.i.IntermediateProofReplayer Proof replay took 354.9ms 
443052     DEBUG main            d.u.i.k.p.r.p.TestFile    ... success: reloaded. 
443053     INFO  main            d.u.i.k.p.r.p.TestFile    Now processing file /home/runner/work/key/key/key.core/../key.ui/examples/standard_key/java_dl/symmArray.key 
443053     INFO  main            d.u.i.k.p.i.AbstractProblemLoader Loading environment from /home/runner/work/key/key/key.core/../key.ui/examples/standard_key/java_dl/symmArray.key 
443053     DEBUG main            d.u.i.k.p.i.AbstractProblemLoader Environment load took 66.3ns 
443056     INFO  main            d.u.i.k.p.i.AbstractProblemLoader Creating init config 
445533     DEBUG main            d.u.i.k.p.i.AbstractProblemLoader Init config took 2.48s 
445547     INFO  main            d.u.i.k.p.i.AbstractProblemLoader Replaying proof symmArray.key 
445548     DEBUG main            d.u.i.k.p.i.IntermediateProofReplayer Proof replay took 2.8ns 
523030     INFO  main            d.u.i.k.p.r.p.TestFile    ... finished proof: closed. 
523578     INFO  main            d.u.i.k.p.i.AbstractProblemLoader Loading environment from /home/runner/work/key/key/key.core/../key.ui/examples/standard_key/java_dl/symmArray.key.proof 
523578     DEBUG main            d.u.i.k.p.i.AbstractProblemLoader Environment load took 135.6ns 
523582     INFO  main            d.u.i.k.p.i.AbstractProblemLoader Creating init config 
525958     DEBUG main            d.u.i.k.p.i.AbstractProblemLoader Init config took 2.38s 
525973     INFO  main            d.u.i.k.p.i.AbstractProblemLoader Replaying proof symmArray.key.proof 
526831     DEBUG main            d.u.i.k.p.i.IntermediateProofReplayer Proof replay took 808.93ms 
526836     DEBUG main            d.u.i.k.p.r.p.TestFile    ... success: reloaded. 
526837     INFO  main            d.u.i.k.p.r.p.TestFile    Now processing file /home/runner/work/key/key/key.core/../key.ui/examples/standard_key/java_dl/testcontext.key 
526837     INFO  main            d.u.i.k.p.i.AbstractProblemLoader Loading environment from /home/runner/work/key/key/key.core/../key.ui/examples/standard_key/java_dl/testcontext.key 
526838     DEBUG main            d.u.i.k.p.i.AbstractProblemLoader Environment load took 108ns 
526839     INFO  main            d.u.i.k.p.i.AbstractProblemLoader Creating init config 
526858     WARN  main            d.u.i.k.j.r.KeYCrossReferenceNameInfo Datatype java.lang.System declared twice: Once in FILE:/home/runner/work/key/key/key.core/../key.ui/examples/standard_key/java_dl/classpath/System.java and once in URL:file:/home/runner/work/key/key/key.core/build/resources/main/de/uka/ilkd/key/java/JavaRedux/java/lang/System.java, Keeping one from URL:file:/home/runner/work/key/key/key.core/build/resources/main/de/uka/ilkd/key/java/JavaRedux/java/lang/System.java 
526858     WARN  main            d.u.i.k.j.r.KeYCrossReferenceNameInfo Datatype java.io.PrintStream declared twice: Once in FILE:/home/runner/work/key/key/key.core/../key.ui/examples/standard_key/java_dl/classpath/PrintStream.java and once in URL:file:/home/runner/work/key/key/key.core/build/resources/main/de/uka/ilkd/key/java/JavaRedux/java/io/PrintStream.java, Keeping one from URL:file:/home/runner/work/key/key/key.core/build/resources/main/de/uka/ilkd/key/java/JavaRedux/java/io/PrintStream.java 
526859     WARN  main            d.u.i.k.j.r.KeYCrossReferenceNameInfo Datatype java.io.InputStream declared twice: Once in FILE:/home/runner/work/key/key/key.core/../key.ui/examples/standard_key/java_dl/classpath/InputStream.java and once in URL:file:/home/runner/work/key/key/key.core/build/resources/main/de/uka/ilkd/key/java/JavaRedux/java/io/InputStream.java, Keeping one from URL:file:/home/runner/work/key/key/key.core/build/resources/main/de/uka/ilkd/key/java/JavaRedux/java/io/InputStream.java 
526861     DEBUG main            d.u.i.k.j.r.ClassFileDeclarationBuilder Parsing: package java.io; public class Closeable { } 
526862     DEBUG main            r.s.KeYCrossReferenceSourceInfo Dynamically created class: java.io.Closeable 
529175     DEBUG main            d.u.i.k.p.i.AbstractProblemLoader Init config took 2.34s 
529188     INFO  main            d.u.i.k.p.i.AbstractProblemLoader Replaying proof testcontext.key 
529190     DEBUG main            d.u.i.k.p.i.IntermediateProofReplayer Proof replay took 2.2ns 
529495     INFO  main            d.u.i.k.p.r.p.TestFile    ... finished proof: closed. 
530045     INFO  main            d.u.i.k.p.i.AbstractProblemLoader Loading environment from /home/runner/work/key/key/key.core/../key.ui/examples/standard_key/java_dl/testcontext.key.proof 
530045     DEBUG main            d.u.i.k.p.i.AbstractProblemLoader Environment load took 77.7ns 
530046     INFO  main            d.u.i.k.p.i.AbstractProblemLoader Creating init config 
530065     WARN  main            d.u.i.k.j.r.KeYCrossReferenceNameInfo Datatype java.lang.System declared twice: Once in FILE:/home/runner/work/key/key/key.core/../key.ui/examples/standard_key/java_dl/classpath/System.java and once in URL:file:/home/runner/work/key/key/key.core/build/resources/main/de/uka/ilkd/key/java/JavaRedux/java/lang/System.java, Keeping one from URL:file:/home/runner/work/key/key/key.core/build/resources/main/de/uka/ilkd/key/java/JavaRedux/java/lang/System.java 
530066     WARN  main            d.u.i.k.j.r.KeYCrossReferenceNameInfo Datatype java.io.PrintStream declared twice: Once in FILE:/home/runner/work/key/key/key.core/../key.ui/examples/standard_key/java_dl/classpath/PrintStream.java and once in URL:file:/home/runner/work/key/key/key.core/build/resources/main/de/uka/ilkd/key/java/JavaRedux/java/io/PrintStream.java, Keeping one from URL:file:/home/runner/work/key/key/key.core/build/resources/main/de/uka/ilkd/key/java/JavaRedux/java/io/PrintStream.java 
530066     WARN  main            d.u.i.k.j.r.KeYCrossReferenceNameInfo Datatype java.io.InputStream declared twice: Once in FILE:/home/runner/work/key/key/key.core/../key.ui/examples/standard_key/java_dl/classpath/InputStream.java and once in URL:file:/home/runner/work/key/key/key.core/build/resources/main/de/uka/ilkd/key/java/JavaRedux/java/io/InputStream.java, Keeping one from URL:file:/home/runner/work/key/key/key.core/build/resources/main/de/uka/ilkd/key/java/JavaRedux/java/io/InputStream.java 
530069     DEBUG main            d.u.i.k.j.r.ClassFileDeclarationBuilder Parsing: package java.io; public class Closeable { } 
530069     DEBUG main            r.s.KeYCrossReferenceSourceInfo Dynamically created class: java.io.Closeable 
532357     DEBUG main            d.u.i.k.p.i.AbstractProblemLoader Init config took 2.31s 
532370     INFO  main            d.u.i.k.p.i.AbstractProblemLoader Replaying proof testcontext.key.proof 
532408     DEBUG main            d.u.i.k.p.i.IntermediateProofReplayer Proof replay took 36.06ms 
532409     DEBUG main            d.u.i.k.p.r.p.TestFile    ... success: reloaded. 
532410     INFO  main            d.u.i.k.p.r.p.TestFile    Now processing file /home/runner/work/key/key/key.core/../key.ui/examples/standard_key/staticInitialisation/cascadeStaticInitialisation.key 
532410     INFO  main            d.u.i.k.p.i.AbstractProblemLoader Loading environment from /home/runner/work/key/key/key.core/../key.ui/examples/standard_key/staticInitialisation/cascadeStaticInitialisation.key 
532410     DEBUG main            d.u.i.k.p.i.AbstractProblemLoader Environment load took 66ns 
532412     INFO  main            d.u.i.k.p.i.AbstractProblemLoader Creating init config 
532432     WARN  main            d.u.i.k.j.r.KeYCrossReferenceNameInfo Datatype java.lang.System declared twice: Once in FILE:/home/runner/work/key/key/key.core/../key.ui/examples/standard_key/staticInitialisation/classpath/System.java and once in URL:file:/home/runner/work/key/key/key.core/build/resources/main/de/uka/ilkd/key/java/JavaRedux/java/lang/System.java, Keeping one from URL:file:/home/runner/work/key/key/key.core/build/resources/main/de/uka/ilkd/key/java/JavaRedux/java/lang/System.java 
532432     WARN  main            d.u.i.k.j.r.KeYCrossReferenceNameInfo Datatype java.io.PrintStream declared twice: Once in FILE:/home/runner/work/key/key/key.core/../key.ui/examples/standard_key/staticInitialisation/classpath/PrintStream.java and once in URL:file:/home/runner/work/key/key/key.core/build/resources/main/de/uka/ilkd/key/java/JavaRedux/java/io/PrintStream.java, Keeping one from URL:file:/home/runner/work/key/key/key.core/build/resources/main/de/uka/ilkd/key/java/JavaRedux/java/io/PrintStream.java 
534855     DEBUG main            d.u.i.k.p.i.AbstractProblemLoader Init config took 2.44s 
534870     INFO  main            d.u.i.k.p.i.AbstractProblemLoader Replaying proof cascadeStaticInitialisation.key 
534871     DEBUG main            d.u.i.k.p.i.IntermediateProofReplayer Proof replay took 2.6ns 
535488     INFO  main            d.u.i.k.p.r.p.TestFile    ... finished proof: closed. 
535980     INFO  main            d.u.i.k.p.i.AbstractProblemLoader Loading environment from /home/runner/work/key/key/key.core/../key.ui/examples/standard_key/staticInitialisation/cascadeStaticInitialisation.key.proof 
535980     DEBUG main            d.u.i.k.p.i.AbstractProblemLoader Environment load took 78.2ns 
535981     INFO  main            d.u.i.k.p.i.AbstractProblemLoader Creating init config 
536000     WARN  main            d.u.i.k.j.r.KeYCrossReferenceNameInfo Datatype java.lang.System declared twice: Once in FILE:/home/runner/work/key/key/key.core/../key.ui/examples/standard_key/staticInitialisation/classpath/System.java and once in URL:file:/home/runner/work/key/key/key.core/build/resources/main/de/uka/ilkd/key/java/JavaRedux/java/lang/System.java, Keeping one from URL:file:/home/runner/work/key/key/key.core/build/resources/main/de/uka/ilkd/key/java/JavaRedux/java/lang/System.java 
536001     WARN  main            d.u.i.k.j.r.KeYCrossReferenceNameInfo Datatype java.io.PrintStream declared twice: Once in FILE:/home/runner/work/key/key/key.core/../key.ui/examples/standard_key/staticInitialisation/classpath/PrintStream.java and once in URL:file:/home/runner/work/key/key/key.core/build/resources/main/de/uka/ilkd/key/java/JavaRedux/java/io/PrintStream.java, Keeping one from URL:file:/home/runner/work/key/key/key.core/build/resources/main/de/uka/ilkd/key/java/JavaRedux/java/io/PrintStream.java 
538299     DEBUG main            d.u.i.k.p.i.AbstractProblemLoader Init config took 2.32s 
538313     INFO  main            d.u.i.k.p.i.AbstractProblemLoader Replaying proof cascadeStaticInitialisation.key.proof 
538415     DEBUG main            d.u.i.k.p.i.IntermediateProofReplayer Proof replay took 99.8ms 
538417     DEBUG main            d.u.i.k.p.r.p.TestFile    ... success: reloaded. 
538417     INFO  main            d.u.i.k.p.r.p.TestFile    Now processing file /home/runner/work/key/key/key.core/../key.ui/examples/standard_key/staticInitialisation/erroneousClassImpliesErroneousSubclass.key 
538418     INFO  main            d.u.i.k.p.i.AbstractProblemLoader Loading environment from /home/runner/work/key/key/key.core/../key.ui/examples/standard_key/staticInitialisation/erroneousClassImpliesErroneousSubclass.key 
538418     DEBUG main            d.u.i.k.p.i.AbstractProblemLoader Environment load took 64.4ns 
538418     INFO  main            d.u.i.k.p.i.AbstractProblemLoader Creating init config 
538435     WARN  main            d.u.i.k.j.r.KeYCrossReferenceNameInfo Datatype java.lang.System declared twice: Once in FILE:/home/runner/work/key/key/key.core/../key.ui/examples/standard_key/staticInitialisation/classpath/System.java and once in URL:file:/home/runner/work/key/key/key.core/build/resources/main/de/uka/ilkd/key/java/JavaRedux/java/lang/System.java, Keeping one from URL:file:/home/runner/work/key/key/key.core/build/resources/main/de/uka/ilkd/key/java/JavaRedux/java/lang/System.java 
538435     WARN  main            d.u.i.k.j.r.KeYCrossReferenceNameInfo Datatype java.io.PrintStream declared twice: Once in FILE:/home/runner/work/key/key/key.core/../key.ui/examples/standard_key/staticInitialisation/classpath/PrintStream.java and once in URL:file:/home/runner/work/key/key/key.core/build/resources/main/de/uka/ilkd/key/java/JavaRedux/java/io/PrintStream.java, Keeping one from URL:file:/home/runner/work/key/key/key.core/build/resources/main/de/uka/ilkd/key/java/JavaRedux/java/io/PrintStream.java 
540843     DEBUG main            d.u.i.k.p.i.AbstractProblemLoader Init config took 2.42s 
540855     INFO  main            d.u.i.k.p.i.AbstractProblemLoader Replaying proof erroneousClassImpliesErroneousSubclass.key 
540856     DEBUG main            d.u.i.k.p.i.IntermediateProofReplayer Proof replay took 2.6ns 
540960     INFO  main            d.u.i.k.p.r.p.TestFile    ... finished proof: closed. 
541449     INFO  main            d.u.i.k.p.i.AbstractProblemLoader Loading environment from /home/runner/work/key/key/key.core/../key.ui/examples/standard_key/staticInitialisation/erroneousClassImpliesErroneousSubclass.key.proof 
541449     DEBUG main            d.u.i.k.p.i.AbstractProblemLoader Environment load took 74.4ns 
541449     INFO  main            d.u.i.k.p.i.AbstractProblemLoader Creating init config 
541467     WARN  main            d.u.i.k.j.r.KeYCrossReferenceNameInfo Datatype java.lang.System declared twice: Once in FILE:/home/runner/work/key/key/key.core/../key.ui/examples/standard_key/staticInitialisation/classpath/System.java and once in URL:file:/home/runner/work/key/key/key.core/build/resources/main/de/uka/ilkd/key/java/JavaRedux/java/lang/System.java, Keeping one from URL:file:/home/runner/work/key/key/key.core/build/resources/main/de/uka/ilkd/key/java/JavaRedux/java/lang/System.java 
541467     WARN  main            d.u.i.k.j.r.KeYCrossReferenceNameInfo Datatype java.io.PrintStream declared twice: Once in FILE:/home/runner/work/key/key/key.core/../key.ui/examples/standard_key/staticInitialisation/classpath/PrintStream.java and once in URL:file:/home/runner/work/key/key/key.core/build/resources/main/de/uka/ilkd/key/java/JavaRedux/java/io/PrintStream.java, Keeping one from URL:file:/home/runner/work/key/key/key.core/build/resources/main/de/uka/ilkd/key/java/JavaRedux/java/io/PrintStream.java 
543770     DEBUG main            d.u.i.k.p.i.AbstractProblemLoader Init config took 2.32s 
543782     INFO  main            d.u.i.k.p.i.AbstractProblemLoader Replaying proof erroneousClassImpliesErroneousSubclass.key.proof 
543783     DEBUG main            d.u.i.k.p.i.IntermediateProofReplayer Proof replay took 416.3ns 
543784     DEBUG main            d.u.i.k.p.r.p.TestFile    ... success: reloaded. 
543785     INFO  main            d.u.i.k.p.r.p.TestFile    Now processing file /home/runner/work/key/key/key.core/../key.ui/examples/standard_key/staticInitialisation/initializedSubclassImpliesInitializedSuperclass.key 
543785     INFO  main            d.u.i.k.p.i.AbstractProblemLoader Loading environment from /home/runner/work/key/key/key.core/../key.ui/examples/standard_key/staticInitialisation/initializedSubclassImpliesInitializedSuperclass.key 
543785     DEBUG main            d.u.i.k.p.i.AbstractProblemLoader Environment load took 57.6ns 
543786     INFO  main            d.u.i.k.p.i.AbstractProblemLoader Creating init config 
543802     WARN  main            d.u.i.k.j.r.KeYCrossReferenceNameInfo Datatype java.lang.System declared twice: Once in FILE:/home/runner/work/key/key/key.core/../key.ui/examples/standard_key/staticInitialisation/classpath/System.java and once in URL:file:/home/runner/work/key/key/key.core/build/resources/main/de/uka/ilkd/key/java/JavaRedux/java/lang/System.java, Keeping one from URL:file:/home/runner/work/key/key/key.core/build/resources/main/de/uka/ilkd/key/java/JavaRedux/java/lang/System.java 
543802     WARN  main            d.u.i.k.j.r.KeYCrossReferenceNameInfo Datatype java.io.PrintStream declared twice: Once in FILE:/home/runner/work/key/key/key.core/../key.ui/examples/standard_key/staticInitialisation/classpath/PrintStream.java and once in URL:file:/home/runner/work/key/key/key.core/build/resources/main/de/uka/ilkd/key/java/JavaRedux/java/io/PrintStream.java, Keeping one from URL:file:/home/runner/work/key/key/key.core/build/resources/main/de/uka/ilkd/key/java/JavaRedux/java/io/PrintStream.java 
546134     DEBUG main            d.u.i.k.p.i.AbstractProblemLoader Init config took 2.35s 
546146     INFO  main            d.u.i.k.p.i.AbstractProblemLoader Replaying proof initializedSubclassImpliesInitializedSuperclass.key 
546146     DEBUG main            d.u.i.k.p.i.IntermediateProofReplayer Proof replay took 2.1ns 
546248     INFO  main            d.u.i.k.p.r.p.TestFile    ... finished proof: closed. 
546706     INFO  main            d.u.i.k.p.i.AbstractProblemLoader Loading environment from /home/runner/work/key/key/key.core/../key.ui/examples/standard_key/staticInitialisation/initializedSubclassImpliesInitializedSuperclass.key.proof 
546706     DEBUG main            d.u.i.k.p.i.AbstractProblemLoader Environment load took 70.4ns 
546706     INFO  main            d.u.i.k.p.i.AbstractProblemLoader Creating init config 
546724     WARN  main            d.u.i.k.j.r.KeYCrossReferenceNameInfo Datatype java.lang.System declared twice: Once in FILE:/home/runner/work/key/key/key.core/../key.ui/examples/standard_key/staticInitialisation/classpath/System.java and once in URL:file:/home/runner/work/key/key/key.core/build/resources/main/de/uka/ilkd/key/java/JavaRedux/java/lang/System.java, Keeping one from URL:file:/home/runner/work/key/key/key.core/build/resources/main/de/uka/ilkd/key/java/JavaRedux/java/lang/System.java 
546724     WARN  main            d.u.i.k.j.r.KeYCrossReferenceNameInfo Datatype java.io.PrintStream declared twice: Once in FILE:/home/runner/work/key/key/key.core/../key.ui/examples/standard_key/staticInitialisation/classpath/PrintStream.java and once in URL:file:/home/runner/work/key/key/key.core/build/resources/main/de/uka/ilkd/key/java/JavaRedux/java/io/PrintStream.java, Keeping one from URL:file:/home/runner/work/key/key/key.core/build/resources/main/de/uka/ilkd/key/java/JavaRedux/java/io/PrintStream.java 
549017     DEBUG main            d.u.i.k.p.i.AbstractProblemLoader Init config took 2.31s 
549029     INFO  main            d.u.i.k.p.i.AbstractProblemLoader Replaying proof initializedSubclassImpliesInitializedSuperclass.key.proof 
549030     DEBUG main            d.u.i.k.p.i.IntermediateProofReplayer Proof replay took 283.1ns 
549031     DEBUG main            d.u.i.k.p.r.p.TestFile    ... success: reloaded. 
549032     INFO  main            d.u.i.k.p.r.p.TestFile    Now processing file /home/runner/work/key/key/key.core/../key.ui/examples/standard_key/staticInitialisation/localDeclared.key 
549032     INFO  main            d.u.i.k.p.i.AbstractProblemLoader Loading environment from /home/runner/work/key/key/key.core/../key.ui/examples/standard_key/staticInitialisation/localDeclared.key 
549032     DEBUG main            d.u.i.k.p.i.AbstractProblemLoader Environment load took 67.4ns 
549034     INFO  main            d.u.i.k.p.i.AbstractProblemLoader Creating init config 
549051     WARN  main            d.u.i.k.j.r.KeYCrossReferenceNameInfo Datatype java.lang.System declared twice: Once in FILE:/home/runner/work/key/key/key.core/../key.ui/examples/standard_key/staticInitialisation/classpath/System.java and once in URL:file:/home/runner/work/key/key/key.core/build/resources/main/de/uka/ilkd/key/java/JavaRedux/java/lang/System.java, Keeping one from URL:file:/home/runner/work/key/key/key.core/build/resources/main/de/uka/ilkd/key/java/JavaRedux/java/lang/System.java 
549051     WARN  main            d.u.i.k.j.r.KeYCrossReferenceNameInfo Datatype java.io.PrintStream declared twice: Once in FILE:/home/runner/work/key/key/key.core/../key.ui/examples/standard_key/staticInitialisation/classpath/PrintStream.java and once in URL:file:/home/runner/work/key/key/key.core/build/resources/main/de/uka/ilkd/key/java/JavaRedux/java/io/PrintStream.java, Keeping one from URL:file:/home/runner/work/key/key/key.core/build/resources/main/de/uka/ilkd/key/java/JavaRedux/java/io/PrintStream.java 
551441     DEBUG main            d.u.i.k.p.i.AbstractProblemLoader Init config took 2.41s 
551454     INFO  main            d.u.i.k.p.i.AbstractProblemLoader Replaying proof localDeclared.key 
551457     DEBUG main            d.u.i.k.p.i.IntermediateProofReplayer Proof replay took 2.5ns 
551760     INFO  main            d.u.i.k.p.r.p.TestFile    ... finished proof: closed. 
552238     INFO  main            d.u.i.k.p.i.AbstractProblemLoader Loading environment from /home/runner/work/key/key/key.core/../key.ui/examples/standard_key/staticInitialisation/localDeclared.key.proof 
552238     DEBUG main            d.u.i.k.p.i.AbstractProblemLoader Environment load took 79.8ns 
552239     INFO  main            d.u.i.k.p.i.AbstractProblemLoader Creating init config 
552256     WARN  main            d.u.i.k.j.r.KeYCrossReferenceNameInfo Datatype java.lang.System declared twice: Once in FILE:/home/runner/work/key/key/key.core/../key.ui/examples/standard_key/staticInitialisation/classpath/System.java and once in URL:file:/home/runner/work/key/key/key.core/build/resources/main/de/uka/ilkd/key/java/JavaRedux/java/lang/System.java, Keeping one from URL:file:/home/runner/work/key/key/key.core/build/resources/main/de/uka/ilkd/key/java/JavaRedux/java/lang/System.java 
552256     WARN  main            d.u.i.k.j.r.KeYCrossReferenceNameInfo Datatype java.io.PrintStream declared twice: Once in FILE:/home/runner/work/key/key/key.core/../key.ui/examples/standard_key/staticInitialisation/classpath/PrintStream.java and once in URL:file:/home/runner/work/key/key/key.core/build/resources/main/de/uka/ilkd/key/java/JavaRedux/java/io/PrintStream.java, Keeping one from URL:file:/home/runner/work/key/key/key.core/build/resources/main/de/uka/ilkd/key/java/JavaRedux/java/io/PrintStream.java 
554554     DEBUG main            d.u.i.k.p.i.AbstractProblemLoader Init config took 2.32s 
554567     INFO  main            d.u.i.k.p.i.AbstractProblemLoader Replaying proof localDeclared.key.proof 
554608     DEBUG main            d.u.i.k.p.i.IntermediateProofReplayer Proof replay took 39.18ms 
554609     DEBUG main            d.u.i.k.p.r.p.TestFile    ... success: reloaded. 
554610     INFO  main            d.u.i.k.p.r.p.TestFile    Now processing file /home/runner/work/key/key/key.core/../key.ui/examples/standard_key/staticInitialisation/localDeclaredMethod.key 
554610     INFO  main            d.u.i.k.p.i.AbstractProblemLoader Loading environment from /home/runner/work/key/key/key.core/../key.ui/examples/standard_key/staticInitialisation/localDeclaredMethod.key 
554610     DEBUG main            d.u.i.k.p.i.AbstractProblemLoader Environment load took 69.4ns 
554612     INFO  main            d.u.i.k.p.i.AbstractProblemLoader Creating init config 
554628     WARN  main            d.u.i.k.j.r.KeYCrossReferenceNameInfo Datatype java.lang.System declared twice: Once in FILE:/home/runner/work/key/key/key.core/../key.ui/examples/standard_key/staticInitialisation/classpath/System.java and once in URL:file:/home/runner/work/key/key/key.core/build/resources/main/de/uka/ilkd/key/java/JavaRedux/java/lang/System.java, Keeping one from URL:file:/home/runner/work/key/key/key.core/build/resources/main/de/uka/ilkd/key/java/JavaRedux/java/lang/System.java 
554629     WARN  main            d.u.i.k.j.r.KeYCrossReferenceNameInfo Datatype java.io.PrintStream declared twice: Once in FILE:/home/runner/work/key/key/key.core/../key.ui/examples/standard_key/staticInitialisation/classpath/PrintStream.java and once in URL:file:/home/runner/work/key/key/key.core/build/resources/main/de/uka/ilkd/key/java/JavaRedux/java/io/PrintStream.java, Keeping one from URL:file:/home/runner/work/key/key/key.core/build/resources/main/de/uka/ilkd/key/java/JavaRedux/java/io/PrintStream.java 
557026     DEBUG main            d.u.i.k.p.i.AbstractProblemLoader Init config took 2.41s 
557040     INFO  main            d.u.i.k.p.i.AbstractProblemLoader Replaying proof localDeclaredMethod.key 
557041     DEBUG main            d.u.i.k.p.i.IntermediateProofReplayer Proof replay took 2.1ns 
557243     INFO  main            d.u.i.k.p.r.p.TestFile    ... finished proof: closed. 
557731     INFO  main            d.u.i.k.p.i.AbstractProblemLoader Loading environment from /home/runner/work/key/key/key.core/../key.ui/examples/standard_key/staticInitialisation/localDeclaredMethod.key.proof 
557731     DEBUG main            d.u.i.k.p.i.AbstractProblemLoader Environment load took 83.5ns 
557732     INFO  main            d.u.i.k.p.i.AbstractProblemLoader Creating init config 
557748     WARN  main            d.u.i.k.j.r.KeYCrossReferenceNameInfo Datatype java.lang.System declared twice: Once in FILE:/home/runner/work/key/key/key.core/../key.ui/examples/standard_key/staticInitialisation/classpath/System.java and once in URL:file:/home/runner/work/key/key/key.core/build/resources/main/de/uka/ilkd/key/java/JavaRedux/java/lang/System.java, Keeping one from URL:file:/home/runner/work/key/key/key.core/build/resources/main/de/uka/ilkd/key/java/JavaRedux/java/lang/System.java 
557749     WARN  main            d.u.i.k.j.r.KeYCrossReferenceNameInfo Datatype java.io.PrintStream declared twice: Once in FILE:/home/runner/work/key/key/key.core/../key.ui/examples/standard_key/staticInitialisation/classpath/PrintStream.java and once in URL:file:/home/runner/work/key/key/key.core/build/resources/main/de/uka/ilkd/key/java/JavaRedux/java/io/PrintStream.java, Keeping one from URL:file:/home/runner/work/key/key/key.core/build/resources/main/de/uka/ilkd/key/java/JavaRedux/java/io/PrintStream.java 
560119     DEBUG main            d.u.i.k.p.i.AbstractProblemLoader Init config took 2.39s 
560132     INFO  main            d.u.i.k.p.i.AbstractProblemLoader Replaying proof localDeclaredMethod.key.proof 
560169     DEBUG main            d.u.i.k.p.i.IntermediateProofReplayer Proof replay took 35.61ms 
560170     DEBUG main            d.u.i.k.p.r.p.TestFile    ... success: reloaded. 
560171     INFO  main            d.u.i.k.p.r.p.TestFile    Now processing file /home/runner/work/key/key/key.core/../key.ui/examples/standard_key/staticInitialisation/objectOfErroneousClass.key 
560171     INFO  main            d.u.i.k.p.i.AbstractProblemLoader Loading environment from /home/runner/work/key/key/key.core/../key.ui/examples/standard_key/staticInitialisation/objectOfErroneousClass.key 
560171     DEBUG main            d.u.i.k.p.i.AbstractProblemLoader Environment load took 80ns 
560172     INFO  main            d.u.i.k.p.i.AbstractProblemLoader Creating init config 
560189     WARN  main            d.u.i.k.j.r.KeYCrossReferenceNameInfo Datatype java.lang.System declared twice: Once in FILE:/home/runner/work/key/key/key.core/../key.ui/examples/standard_key/staticInitialisation/classpath/System.java and once in URL:file:/home/runner/work/key/key/key.core/build/resources/main/de/uka/ilkd/key/java/JavaRedux/java/lang/System.java, Keeping one from URL:file:/home/runner/work/key/key/key.core/build/resources/main/de/uka/ilkd/key/java/JavaRedux/java/lang/System.java 
560189     WARN  main            d.u.i.k.j.r.KeYCrossReferenceNameInfo Datatype java.io.PrintStream declared twice: Once in FILE:/home/runner/work/key/key/key.core/../key.ui/examples/standard_key/staticInitialisation/classpath/PrintStream.java and once in URL:file:/home/runner/work/key/key/key.core/build/resources/main/de/uka/ilkd/key/java/JavaRedux/java/io/PrintStream.java, Keeping one from URL:file:/home/runner/work/key/key/key.core/build/resources/main/de/uka/ilkd/key/java/JavaRedux/java/io/PrintStream.java 
562510     DEBUG main            d.u.i.k.p.i.AbstractProblemLoader Init config took 2.34s 
562523     INFO  main            d.u.i.k.p.i.AbstractProblemLoader Replaying proof objectOfErroneousClass.key 
562526     DEBUG main            d.u.i.k.p.i.IntermediateProofReplayer Proof replay took 2ns 
574727     INFO  main            d.u.i.k.p.r.p.TestFile    ... finished proof: closed. 
575272     INFO  main            d.u.i.k.p.i.AbstractProblemLoader Loading environment from /home/runner/work/key/key/key.core/../key.ui/examples/standard_key/staticInitialisation/objectOfErroneousClass.key.proof 
575273     DEBUG main            d.u.i.k.p.i.AbstractProblemLoader Environment load took 133ns 
575275     INFO  main            d.u.i.k.p.i.AbstractProblemLoader Creating init config 
575294     WARN  main            d.u.i.k.j.r.KeYCrossReferenceNameInfo Datatype java.lang.System declared twice: Once in FILE:/home/runner/work/key/key/key.core/../key.ui/examples/standard_key/staticInitialisation/classpath/System.java and once in URL:file:/home/runner/work/key/key/key.core/build/resources/main/de/uka/ilkd/key/java/JavaRedux/java/lang/System.java, Keeping one from URL:file:/home/runner/work/key/key/key.core/build/resources/main/de/uka/ilkd/key/java/JavaRedux/java/lang/System.java 
575294     WARN  main            d.u.i.k.j.r.KeYCrossReferenceNameInfo Datatype java.io.PrintStream declared twice: Once in FILE:/home/runner/work/key/key/key.core/../key.ui/examples/standard_key/staticInitialisation/classpath/PrintStream.java and once in URL:file:/home/runner/work/key/key/key.core/build/resources/main/de/uka/ilkd/key/java/JavaRedux/java/io/PrintStream.java, Keeping one from URL:file:/home/runner/work/key/key/key.core/build/resources/main/de/uka/ilkd/key/java/JavaRedux/java/io/PrintStream.java 
577667     DEBUG main            d.u.i.k.p.i.AbstractProblemLoader Init config took 2.39s 
577681     INFO  main            d.u.i.k.p.i.AbstractProblemLoader Replaying proof objectOfErroneousClass.key.proof 
579026     DEBUG main            d.u.i.k.p.i.IntermediateProofReplayer Proof replay took 1.32s 
579029     DEBUG main            d.u.i.k.p.r.p.TestFile    ... success: reloaded. 
579030     INFO  main            d.u.i.k.p.r.p.TestFile    Now processing file /home/runner/work/key/key/key.core/../key.ui/examples/standard_key/staticInitialisation/staticInitialisersAreNonSimple.key 
579030     INFO  main            d.u.i.k.p.i.AbstractProblemLoader Loading environment from /home/runner/work/key/key/key.core/../key.ui/examples/standard_key/staticInitialisation/staticInitialisersAreNonSimple.key 
579030     DEBUG main            d.u.i.k.p.i.AbstractProblemLoader Environment load took 42.4ns 
579031     INFO  main            d.u.i.k.p.i.AbstractProblemLoader Creating init config 
579048     WARN  main            d.u.i.k.j.r.KeYCrossReferenceNameInfo Datatype java.lang.System declared twice: Once in FILE:/home/runner/work/key/key/key.core/../key.ui/examples/standard_key/staticInitialisation/classpath/System.java and once in URL:file:/home/runner/work/key/key/key.core/build/resources/main/de/uka/ilkd/key/java/JavaRedux/java/lang/System.java, Keeping one from URL:file:/home/runner/work/key/key/key.core/build/resources/main/de/uka/ilkd/key/java/JavaRedux/java/lang/System.java 
579048     WARN  main            d.u.i.k.j.r.KeYCrossReferenceNameInfo Datatype java.io.PrintStream declared twice: Once in FILE:/home/runner/work/key/key/key.core/../key.ui/examples/standard_key/staticInitialisation/classpath/PrintStream.java and once in URL:file:/home/runner/work/key/key/key.core/build/resources/main/de/uka/ilkd/key/java/JavaRedux/java/io/PrintStream.java, Keeping one from URL:file:/home/runner/work/key/key/key.core/build/resources/main/de/uka/ilkd/key/java/JavaRedux/java/io/PrintStream.java 
581393     DEBUG main            d.u.i.k.p.i.AbstractProblemLoader Init config took 2.36s 
581407     INFO  main            d.u.i.k.p.i.AbstractProblemLoader Replaying proof staticInitialisersAreNonSimple.key 
581408     DEBUG main            d.u.i.k.p.i.IntermediateProofReplayer Proof replay took 2.1ns 
581711     INFO  main            d.u.i.k.p.r.p.TestFile    ... finished proof: closed. 
582272     INFO  main            d.u.i.k.p.i.AbstractProblemLoader Loading environment from /home/runner/work/key/key/key.core/../key.ui/examples/standard_key/staticInitialisation/staticInitialisersAreNonSimple.key.proof 
582272     DEBUG main            d.u.i.k.p.i.AbstractProblemLoader Environment load took 77.5ns 
582274     INFO  main            d.u.i.k.p.i.AbstractProblemLoader Creating init config 
582290     WARN  main            d.u.i.k.j.r.KeYCrossReferenceNameInfo Datatype java.lang.System declared twice: Once in FILE:/home/runner/work/key/key/key.core/../key.ui/examples/standard_key/staticInitialisation/classpath/System.java and once in URL:file:/home/runner/work/key/key/key.core/build/resources/main/de/uka/ilkd/key/java/JavaRedux/java/lang/System.java, Keeping one from URL:file:/home/runner/work/key/key/key.core/build/resources/main/de/uka/ilkd/key/java/JavaRedux/java/lang/System.java 
582291     WARN  main            d.u.i.k.j.r.KeYCrossReferenceNameInfo Datatype java.io.PrintStream declared twice: Once in FILE:/home/runner/work/key/key/key.core/../key.ui/examples/standard_key/staticInitialisation/classpath/PrintStream.java and once in URL:file:/home/runner/work/key/key/key.core/build/resources/main/de/uka/ilkd/key/java/JavaRedux/java/io/PrintStream.java, Keeping one from URL:file:/home/runner/work/key/key/key.core/build/resources/main/de/uka/ilkd/key/java/JavaRedux/java/io/PrintStream.java 
584586     DEBUG main            d.u.i.k.p.i.AbstractProblemLoader Init config took 2.31s 
584599     INFO  main            d.u.i.k.p.i.AbstractProblemLoader Replaying proof staticInitialisersAreNonSimple.key.proof 
584655     DEBUG main            d.u.i.k.p.i.IntermediateProofReplayer Proof replay took 53.15ms 
584656     DEBUG main            d.u.i.k.p.r.p.TestFile    ... success: reloaded. 
584657     INFO  main            d.u.i.k.p.r.p.TestFile    Now processing file /home/runner/work/key/key/key.core/../key.ui/examples/standard_key/types/disjoint.key 
584657     INFO  main            d.u.i.k.p.i.AbstractProblemLoader Loading environment from /home/runner/work/key/key/key.core/../key.ui/examples/standard_key/types/disjoint.key 
584657     DEBUG main            d.u.i.k.p.i.AbstractProblemLoader Environment load took 54.4ns 
584658     INFO  main            d.u.i.k.p.i.AbstractProblemLoader Creating init config 
586955     DEBUG main            d.u.i.k.p.i.AbstractProblemLoader Init config took 2.3s 
586966     INFO  main            d.u.i.k.p.i.AbstractProblemLoader Replaying proof disjoint.key 
586968     DEBUG main            d.u.i.k.p.i.IntermediateProofReplayer Proof replay took 2.3ns 
587069     INFO  main            d.u.i.k.p.r.p.TestFile    ... finished proof: closed. 
587572     INFO  main            d.u.i.k.p.i.AbstractProblemLoader Loading environment from /home/runner/work/key/key/key.core/../key.ui/examples/standard_key/types/disjoint.key.proof 
587572     DEBUG main            d.u.i.k.p.i.AbstractProblemLoader Environment load took 74.6ns 
587573     INFO  main            d.u.i.k.p.i.AbstractProblemLoader Creating init config 
589840     DEBUG main            d.u.i.k.p.i.AbstractProblemLoader Init config took 2.27s 
589852     INFO  main            d.u.i.k.p.i.AbstractProblemLoader Replaying proof disjoint.key.proof 
589853     DEBUG main            d.u.i.k.p.i.IntermediateProofReplayer Proof replay took 247.5ns 
589854     DEBUG main            d.u.i.k.p.r.p.TestFile    ... success: reloaded. 
589854     INFO  main            d.u.i.k.p.r.p.TestFile    Now processing file /home/runner/work/key/key/key.core/../key.ui/examples/../../key.core/src/test/resources/testcase/classpath/classpath.key 
589854     INFO  main            d.u.i.k.p.i.AbstractProblemLoader Loading environment from /home/runner/work/key/key/key.core/../key.ui/examples/../../key.core/src/test/resources/testcase/classpath/classpath.key 
589854     DEBUG main            d.u.i.k.p.i.AbstractProblemLoader Environment load took 97.9ns 
589855     INFO  main            d.u.i.k.p.i.AbstractProblemLoader Creating init config 
589879     WARN  main            d.u.i.k.j.r.KeYCrossReferenceNameInfo Datatype cp.C declared twice: Once in FILE:/home/runner/work/key/key/key.core/../key.ui/examples/../../key.core/src/test/resources/testcase/classpath/classpath/C.class and once in FILE:/home/runner/work/key/key/key.core/../key.ui/examples/../../key.core/src/test/resources/testcase/classpath/classpath/C.jml, Keeping one from FILE:/home/runner/work/key/key/key.core/../key.ui/examples/../../key.core/src/test/resources/testcase/classpath/classpath/C.jml 
589883     DEBUG main            d.u.i.k.j.r.ClassFileDeclarationBuilder Parsing: package cp; public class Unresolved1 { } 
589883     DEBUG main            r.s.KeYCrossReferenceSourceInfo Dynamically created class: cp.Unresolved1 
589883     DEBUG main            d.u.i.k.j.r.ClassFileDeclarationBuilder Parsing: package cp; public class Unresolved2 { } 
589883     DEBUG main            r.s.KeYCrossReferenceSourceInfo Dynamically created class: cp.Unresolved2 
592403     DEBUG main            d.u.i.k.p.i.AbstractProblemLoader Init config took 2.55s 
592417     INFO  main            d.u.i.k.p.i.AbstractProblemLoader Replaying proof classpath.key 
592418     DEBUG main            d.u.i.k.p.i.IntermediateProofReplayer Proof replay took 2.2ns 
592520     INFO  main            d.u.i.k.p.r.p.TestFile    ... finished proof: closed. 
593055     INFO  main            d.u.i.k.p.i.AbstractProblemLoader Loading environment from /home/runner/work/key/key/key.core/../key.ui/examples/../../key.core/src/test/resources/testcase/classpath/classpath.key.proof 
593055     DEBUG main            d.u.i.k.p.i.AbstractProblemLoader Environment load took 70.9ns 
593056     INFO  main            d.u.i.k.p.i.AbstractProblemLoader Creating init config 
593081     WARN  main            d.u.i.k.j.r.KeYCrossReferenceNameInfo Datatype cp.C declared twice: Once in FILE:/home/runner/work/key/key/key.core/../key.ui/examples/../../key.core/src/test/resources/testcase/classpath/classpath/C.class and once in FILE:/home/runner/work/key/key/key.core/../key.ui/examples/../../key.core/src/test/resources/testcase/classpath/classpath/C.jml, Keeping one from FILE:/home/runner/work/key/key/key.core/../key.ui/examples/../../key.core/src/test/resources/testcase/classpath/classpath/C.jml 
593084     DEBUG main            d.u.i.k.j.r.ClassFileDeclarationBuilder Parsing: package cp; public class Unresolved1 { } 
593084     DEBUG main            r.s.KeYCrossReferenceSourceInfo Dynamically created class: cp.Unresolved1 
593084     DEBUG main            d.u.i.k.j.r.ClassFileDeclarationBuilder Parsing: package cp; public class Unresolved2 { } 
593084     DEBUG main            r.s.KeYCrossReferenceSourceInfo Dynamically created class: cp.Unresolved2 
595463     DEBUG main            d.u.i.k.p.i.AbstractProblemLoader Init config took 2.41s 
595477     INFO  main            d.u.i.k.p.i.AbstractProblemLoader Replaying proof classpath.key.proof 
595479     DEBUG main            d.u.i.k.p.i.IntermediateProofReplayer Proof replay took 406.9ns 
595479     DEBUG main            d.u.i.k.p.r.p.TestFile    ... success: reloaded. 
595480     INFO  main            d.u.i.k.p.r.p.TestFile    Now processing file /home/runner/work/key/key/key.core/../key.ui/examples/heap/inconsistent_represents/MyClass_m.key 
595480     INFO  main            d.u.i.k.p.i.AbstractProblemLoader Loading environment from /home/runner/work/key/key/key.core/../key.ui/examples/heap/inconsistent_represents/MyClass_m.key 
595480     DEBUG main            d.u.i.k.p.i.AbstractProblemLoader Environment load took 51.4ns 
595481     INFO  main            d.u.i.k.p.i.AbstractProblemLoader Creating init config 
597861     DEBUG main            d.u.i.k.p.i.AbstractProblemLoader Init config took 2.38s 
597894     INFO  main            d.u.i.k.p.i.AbstractProblemLoader Replaying proof MyClass[MyClass::m()].JML operation contract.0 
597895     DEBUG main            d.u.i.k.p.i.IntermediateProofReplayer Proof replay took 2.8ns 
597998     INFO  main            d.u.i.k.p.r.p.TestFile    ... finished proof: open goal(s) 
598538     INFO  main            d.u.i.k.p.r.p.TestFile    Now processing file /home/runner/work/key/key/key.core/../key.ui/examples/heap/inconsistent_represents/MyClass_n.key 
598538     INFO  main            d.u.i.k.p.i.AbstractProblemLoader Loading environment from /home/runner/work/key/key/key.core/../key.ui/examples/heap/inconsistent_represents/MyClass_n.key 
598538     DEBUG main            d.u.i.k.p.i.AbstractProblemLoader Environment load took 39.6ns 
598539     INFO  main            d.u.i.k.p.i.AbstractProblemLoader Creating init config 
600876     DEBUG main            d.u.i.k.p.i.AbstractProblemLoader Init config took 2.34s 
600909     INFO  main            d.u.i.k.p.i.AbstractProblemLoader Replaying proof MyClass[MyClass::n()].JML operation contract.0 
600910     DEBUG main            d.u.i.k.p.i.IntermediateProofReplayer Proof replay took 2.9ns 
601014     INFO  main            d.u.i.k.p.r.p.TestFile    ... finished proof: open goal(s) 
3408994    INFO  Test worker     d.u.i.k.p.r.p.StatisticsFile Returning from test javadl 
3409002    INFO  Test worker     d.u.i.k.p.r.p.StatisticsFile Running test FOL 
361        INFO  Timeout watchdog d.u.i.k.p.r.p.ForkedTestFileRunner Timeout watcher launched (2000 secs.) 
363        WARN  main            d.u.i.k.s.ProofSettings   The settings in /home/runner/.key/proof-settings.props are *not* read. 
397        INFO  main            d.u.i.k.p.r.p.TestFile    Now processing file /home/runner/work/key/key/key.core/../key.ui/examples/standard_key/pred_log/count.key 
493        INFO  main            d.u.i.k.p.i.AbstractProblemLoader Loading environment from /home/runner/work/key/key/key.core/../key.ui/examples/standard_key/pred_log/count.key 
520        DEBUG main            d.u.i.k.p.i.AbstractProblemLoader Environment load took 2.01ms 
750        INFO  main            d.u.i.k.p.i.AbstractProblemLoader Creating init config 
1563       DEBUG main            d.u.i.k.j.TypeConverter   No LDT found for Meta 
1569       DEBUG main            d.u.i.k.j.TypeConverter   No LDT found for Meta 
1570       DEBUG main            d.u.i.k.j.TypeConverter   No LDT found for Meta 
1571       DEBUG main            d.u.i.k.j.TypeConverter   No LDT found for Meta 
3002       DEBUG main            d.u.i.k.j.TypeConverter   No LDT found for JavaBigintExpression 
7510       DEBUG main            d.u.i.k.p.i.AbstractProblemLoader Init config took 6.76s 
7574       INFO  main            d.u.i.k.p.i.AbstractProblemLoader Replaying proof count.key 
7604       DEBUG main            d.u.i.k.p.i.IntermediateProofReplayer Proof replay took 32.6ns 
7857       INFO  main            d.u.i.k.p.r.p.TestFile    ... finished proof: closed. 
7947       INFO  main            d.u.i.k.p.i.AbstractProblemLoader Loading environment from /home/runner/work/key/key/key.core/../key.ui/examples/standard_key/pred_log/count.key.proof 
7948       DEBUG main            d.u.i.k.p.i.AbstractProblemLoader Environment load took 1.88ms 
7952       INFO  main            d.u.i.k.p.i.AbstractProblemLoader Creating init config 
10552      DEBUG main            d.u.i.k.p.i.AbstractProblemLoader Init config took 2.6s 
10602      INFO  main            d.u.i.k.p.i.AbstractProblemLoader Replaying proof count.key.proof 
10617      DEBUG main            d.u.i.k.p.i.IntermediateProofReplayer Proof replay took 8.41ms 
10629      DEBUG main            d.u.i.k.p.r.p.TestFile    ... success: reloaded. 
10631      INFO  main            d.u.i.k.p.r.p.TestFile    Now processing file /home/runner/work/key/key/key.core/../key.ui/examples/standard_key/pred_log/count2.key 
10631      INFO  main            d.u.i.k.p.i.AbstractProblemLoader Loading environment from /home/runner/work/key/key/key.core/../key.ui/examples/standard_key/pred_log/count2.key 
10631      DEBUG main            d.u.i.k.p.i.AbstractProblemLoader Environment load took 111.6ns 
10636      INFO  main            d.u.i.k.p.i.AbstractProblemLoader Creating init config 
13095      DEBUG main            d.u.i.k.p.i.AbstractProblemLoader Init config took 2.46s 
13127      INFO  main            d.u.i.k.p.i.AbstractProblemLoader Replaying proof count2.key 
13129      DEBUG main            d.u.i.k.p.i.IntermediateProofReplayer Proof replay took 6ns 
13231      INFO  main            d.u.i.k.p.r.p.TestFile    ... finished proof: closed. 
13380      INFO  main            d.u.i.k.p.i.AbstractProblemLoader Loading environment from /home/runner/work/key/key/key.core/../key.ui/examples/standard_key/pred_log/count2.key.proof 
13380      DEBUG main            d.u.i.k.p.i.AbstractProblemLoader Environment load took 121.5ns 
13382      INFO  main            d.u.i.k.p.i.AbstractProblemLoader Creating init config 
15744      DEBUG main            d.u.i.k.p.i.AbstractProblemLoader Init config took 2.36s 
15766      INFO  main            d.u.i.k.p.i.AbstractProblemLoader Replaying proof count2.key.proof 
15771      DEBUG main            d.u.i.k.p.i.IntermediateProofReplayer Proof replay took 2.24ms 
15772      DEBUG main            d.u.i.k.p.r.p.TestFile    ... success: reloaded. 
15773      INFO  main            d.u.i.k.p.r.p.TestFile    Now processing file /home/runner/work/key/key/key.core/../key.ui/examples/standard_key/pred_log/count3.key 
15773      INFO  main            d.u.i.k.p.i.AbstractProblemLoader Loading environment from /home/runner/work/key/key/key.core/../key.ui/examples/standard_key/pred_log/count3.key 
15773      DEBUG main            d.u.i.k.p.i.AbstractProblemLoader Environment load took 195.7ns 
15775      INFO  main            d.u.i.k.p.i.AbstractProblemLoader Creating init config 
18113      DEBUG main            d.u.i.k.p.i.AbstractProblemLoader Init config took 2.34s 
18133      INFO  main            d.u.i.k.p.i.AbstractProblemLoader Replaying proof count3.key 
18134      DEBUG main            d.u.i.k.p.i.IntermediateProofReplayer Proof replay took 6.9ns 
18237      INFO  main            d.u.i.k.p.r.p.TestFile    ... finished proof: closed. 
18355      INFO  main            d.u.i.k.p.i.AbstractProblemLoader Loading environment from /home/runner/work/key/key/key.core/../key.ui/examples/standard_key/pred_log/count3.key.proof 
18356      DEBUG main            d.u.i.k.p.i.AbstractProblemLoader Environment load took 119.6ns 
18357      INFO  main            d.u.i.k.p.i.AbstractProblemLoader Creating init config 
20661      DEBUG main            d.u.i.k.p.i.AbstractProblemLoader Init config took 2.3s 
20681      INFO  main            d.u.i.k.p.i.AbstractProblemLoader Replaying proof count3.key.proof 
20685      DEBUG main            d.u.i.k.p.i.IntermediateProofReplayer Proof replay took 2.13ms 
20686      DEBUG main            d.u.i.k.p.r.p.TestFile    ... success: reloaded. 
20687      INFO  main            d.u.i.k.p.r.p.TestFile    Now processing file /home/runner/work/key/key/key.core/../key.ui/examples/standard_key/pred_log/equalities.key 
20689      INFO  main            d.u.i.k.p.i.AbstractProblemLoader Loading environment from /home/runner/work/key/key/key.core/../key.ui/examples/standard_key/pred_log/equalities.key 
20689      DEBUG main            d.u.i.k.p.i.AbstractProblemLoader Environment load took 212.1ns 
20690      INFO  main            d.u.i.k.p.i.AbstractProblemLoader Creating init config 
22992      DEBUG main            d.u.i.k.p.i.AbstractProblemLoader Init config took 2.3s 
23013      INFO  main            d.u.i.k.p.i.AbstractProblemLoader Replaying proof equalities.key 
23014      DEBUG main            d.u.i.k.p.i.IntermediateProofReplayer Proof replay took 7.2ns 
23116      INFO  main            d.u.i.k.p.r.p.TestFile    ... finished proof: closed. 
23237      INFO  main            d.u.i.k.p.i.AbstractProblemLoader Loading environment from /home/runner/work/key/key/key.core/../key.ui/examples/standard_key/pred_log/equalities.key.proof 
23237      DEBUG main            d.u.i.k.p.i.AbstractProblemLoader Environment load took 115.3ns 
23238      INFO  main            d.u.i.k.p.i.AbstractProblemLoader Creating init config 
25511      DEBUG main            d.u.i.k.p.i.AbstractProblemLoader Init config took 2.27s 
25546      INFO  main            d.u.i.k.p.i.AbstractProblemLoader Replaying proof equalities.key.proof 
25560      DEBUG main            d.u.i.k.p.i.IntermediateProofReplayer Proof replay took 1.81ms 
25561      DEBUG main            d.u.i.k.p.r.p.TestFile    ... success: reloaded. 
25562      INFO  main            d.u.i.k.p.r.p.TestFile    Now processing file /home/runner/work/key/key/key.core/../key.ui/examples/standard_key/pred_log/equalities2.key 
25563      INFO  main            d.u.i.k.p.i.AbstractProblemLoader Loading environment from /home/runner/work/key/key/key.core/../key.ui/examples/standard_key/pred_log/equalities2.key 
25563      DEBUG main            d.u.i.k.p.i.AbstractProblemLoader Environment load took 169.1ns 
25564      INFO  main            d.u.i.k.p.i.AbstractProblemLoader Creating init config 
27870      DEBUG main            d.u.i.k.p.i.AbstractProblemLoader Init config took 2.31s 
27888      INFO  main            d.u.i.k.p.i.AbstractProblemLoader Replaying proof equalities2.key 
27889      DEBUG main            d.u.i.k.p.i.IntermediateProofReplayer Proof replay took 6.8ns 
27994      INFO  main            d.u.i.k.p.r.p.TestFile    ... finished proof: closed. 
28125      INFO  main            d.u.i.k.p.i.AbstractProblemLoader Loading environment from /home/runner/work/key/key/key.core/../key.ui/examples/standard_key/pred_log/equalities2.key.proof 
28125      DEBUG main            d.u.i.k.p.i.AbstractProblemLoader Environment load took 113.9ns 
28126      INFO  main            d.u.i.k.p.i.AbstractProblemLoader Creating init config 
30380      DEBUG main            d.u.i.k.p.i.AbstractProblemLoader Init config took 2.25s 
30399      INFO  main            d.u.i.k.p.i.AbstractProblemLoader Replaying proof equalities2.key.proof 
30404      DEBUG main            d.u.i.k.p.i.IntermediateProofReplayer Proof replay took 3.36ms 
30405      DEBUG main            d.u.i.k.p.r.p.TestFile    ... success: reloaded. 
30406      INFO  main            d.u.i.k.p.r.p.TestFile    Now processing file /home/runner/work/key/key/key.core/../key.ui/examples/standard_key/pred_log/equalities3.key 
30407      INFO  main            d.u.i.k.p.i.AbstractProblemLoader Loading environment from /home/runner/work/key/key/key.core/../key.ui/examples/standard_key/pred_log/equalities3.key 
30407      DEBUG main            d.u.i.k.p.i.AbstractProblemLoader Environment load took 170.6ns 
30408      INFO  main            d.u.i.k.p.i.AbstractProblemLoader Creating init config 
32697      DEBUG main            d.u.i.k.p.i.AbstractProblemLoader Init config took 2.29s 
32715      INFO  main            d.u.i.k.p.i.AbstractProblemLoader Replaying proof equalities3.key 
32717      DEBUG main            d.u.i.k.p.i.IntermediateProofReplayer Proof replay took 6.7ns 
32819      INFO  main            d.u.i.k.p.r.p.TestFile    ... finished proof: closed. 
32955      INFO  main            d.u.i.k.p.i.AbstractProblemLoader Loading environment from /home/runner/work/key/key/key.core/../key.ui/examples/standard_key/pred_log/equalities3.key.proof 
32956      DEBUG main            d.u.i.k.p.i.AbstractProblemLoader Environment load took 117.4ns 
32957      INFO  main            d.u.i.k.p.i.AbstractProblemLoader Creating init config 
35283      DEBUG main            d.u.i.k.p.i.AbstractProblemLoader Init config took 2.33s 
35319      INFO  main            d.u.i.k.p.i.AbstractProblemLoader Replaying proof equalities3.key.proof 
35326      DEBUG main            d.u.i.k.p.i.IntermediateProofReplayer Proof replay took 4.95ms 
35327      DEBUG main            d.u.i.k.p.r.p.TestFile    ... success: reloaded. 
35328      INFO  main            d.u.i.k.p.r.p.TestFile    Now processing file /home/runner/work/key/key/key.core/../key.ui/examples/standard_key/pred_log/functions.key 
35328      INFO  main            d.u.i.k.p.i.AbstractProblemLoader Loading environment from /home/runner/work/key/key/key.core/../key.ui/examples/standard_key/pred_log/functions.key 
35328      DEBUG main            d.u.i.k.p.i.AbstractProblemLoader Environment load took 149.2ns 
35329      INFO  main            d.u.i.k.p.i.AbstractProblemLoader Creating init config 
37576      DEBUG main            d.u.i.k.p.i.AbstractProblemLoader Init config took 2.25s 
37593      INFO  main            d.u.i.k.p.i.AbstractProblemLoader Replaying proof functions.key 
37594      DEBUG main            d.u.i.k.p.i.IntermediateProofReplayer Proof replay took 6.2ns 
37698      INFO  main            d.u.i.k.p.r.p.TestFile    ... finished proof: closed. 
37840      INFO  main            d.u.i.k.p.i.AbstractProblemLoader Loading environment from /home/runner/work/key/key/key.core/../key.ui/examples/standard_key/pred_log/functions.key.proof 
37840      DEBUG main            d.u.i.k.p.i.AbstractProblemLoader Environment load took 110.8ns 
37841      INFO  main            d.u.i.k.p.i.AbstractProblemLoader Creating init config 
40063      DEBUG main            d.u.i.k.p.i.AbstractProblemLoader Init config took 2.22s 
40079      INFO  main            d.u.i.k.p.i.AbstractProblemLoader Replaying proof functions.key.proof 
40083      DEBUG main            d.u.i.k.p.i.IntermediateProofReplayer Proof replay took 1.65ms 
40083      DEBUG main            d.u.i.k.p.r.p.TestFile    ... success: reloaded. 
40084      INFO  main            d.u.i.k.p.r.p.TestFile    Now processing file /home/runner/work/key/key/key.core/../key.ui/examples/standard_key/pred_log/mv1.key 
40084      INFO  main            d.u.i.k.p.i.AbstractProblemLoader Loading environment from /home/runner/work/key/key/key.core/../key.ui/examples/standard_key/pred_log/mv1.key 
40084      DEBUG main            d.u.i.k.p.i.AbstractProblemLoader Environment load took 71.9ns 
40085      INFO  main            d.u.i.k.p.i.AbstractProblemLoader Creating init config 
42329      DEBUG main            d.u.i.k.p.i.AbstractProblemLoader Init config took 2.24s 
42345      INFO  main            d.u.i.k.p.i.AbstractProblemLoader Replaying proof mv1.key 
42346      DEBUG main            d.u.i.k.p.i.IntermediateProofReplayer Proof replay took 6.2ns 
42448      INFO  main            d.u.i.k.p.r.p.TestFile    ... finished proof: closed. 
42592      INFO  main            d.u.i.k.p.i.AbstractProblemLoader Loading environment from /home/runner/work/key/key/key.core/../key.ui/examples/standard_key/pred_log/mv1.key.proof 
42592      DEBUG main            d.u.i.k.p.i.AbstractProblemLoader Environment load took 120.4ns 
42593      INFO  main            d.u.i.k.p.i.AbstractProblemLoader Creating init config 
44795      DEBUG main            d.u.i.k.p.i.AbstractProblemLoader Init config took 2.2s 
44815      INFO  main            d.u.i.k.p.i.AbstractProblemLoader Replaying proof mv1.key.proof 
44818      DEBUG main            d.u.i.k.p.i.IntermediateProofReplayer Proof replay took 651.7ns 
44820      DEBUG main            d.u.i.k.p.r.p.TestFile    ... success: reloaded. 
44821      INFO  main            d.u.i.k.p.r.p.TestFile    Now processing file /home/runner/work/key/key/key.core/../key.ui/examples/standard_key/pred_log/mv2.key 
44823      INFO  main            d.u.i.k.p.i.AbstractProblemLoader Loading environment from /home/runner/work/key/key/key.core/../key.ui/examples/standard_key/pred_log/mv2.key 
44823      DEBUG main            d.u.i.k.p.i.AbstractProblemLoader Environment load took 196.6ns 
44824      INFO  main            d.u.i.k.p.i.AbstractProblemLoader Creating init config 
47107      DEBUG main            d.u.i.k.p.i.AbstractProblemLoader Init config took 2.28s 
47121      INFO  main            d.u.i.k.p.i.AbstractProblemLoader Replaying proof mv2.key 
47122      DEBUG main            d.u.i.k.p.i.IntermediateProofReplayer Proof replay took 5.5ns 
47224      INFO  main            d.u.i.k.p.r.p.TestFile    ... finished proof: closed. 
47393      INFO  main            d.u.i.k.p.i.AbstractProblemLoader Loading environment from /home/runner/work/key/key/key.core/../key.ui/examples/standard_key/pred_log/mv2.key.proof 
47393      DEBUG main            d.u.i.k.p.i.AbstractProblemLoader Environment load took 140.3ns 
47394      INFO  main            d.u.i.k.p.i.AbstractProblemLoader Creating init config 
49599      DEBUG main            d.u.i.k.p.i.AbstractProblemLoader Init config took 2.21s 
49613      INFO  main            d.u.i.k.p.i.AbstractProblemLoader Replaying proof mv2.key.proof 
49616      DEBUG main            d.u.i.k.p.i.IntermediateProofReplayer Proof replay took 1.38ms 
49616      DEBUG main            d.u.i.k.p.r.p.TestFile    ... success: reloaded. 
49617      INFO  main            d.u.i.k.p.r.p.TestFile    Now processing file /home/runner/work/key/key/key.core/../key.ui/examples/standard_key/pred_log/quantifiers.key 
49617      INFO  main            d.u.i.k.p.i.AbstractProblemLoader Loading environment from /home/runner/work/key/key/key.core/../key.ui/examples/standard_key/pred_log/quantifiers.key 
49617      DEBUG main            d.u.i.k.p.i.AbstractProblemLoader Environment load took 78.9ns 
49618      INFO  main            d.u.i.k.p.i.AbstractProblemLoader Creating init config 
51890      DEBUG main            d.u.i.k.p.i.AbstractProblemLoader Init config took 2.27s 
51903      INFO  main            d.u.i.k.p.i.AbstractProblemLoader Replaying proof quantifiers.key 
51905      DEBUG main            d.u.i.k.p.i.IntermediateProofReplayer Proof replay took 6.5ns 
52008      INFO  main            d.u.i.k.p.r.p.TestFile    ... finished proof: closed. 
52163      INFO  main            d.u.i.k.p.i.AbstractProblemLoader Loading environment from /home/runner/work/key/key/key.core/../key.ui/examples/standard_key/pred_log/quantifiers.key.proof 
52163      DEBUG main            d.u.i.k.p.i.AbstractProblemLoader Environment load took 101ns 
52164      INFO  main            d.u.i.k.p.i.AbstractProblemLoader Creating init config 
54354      DEBUG main            d.u.i.k.p.i.AbstractProblemLoader Init config took 2.19s 
54368      INFO  main            d.u.i.k.p.i.AbstractProblemLoader Replaying proof quantifiers.key.proof 
54371      DEBUG main            d.u.i.k.p.i.IntermediateProofReplayer Proof replay took 1.4ms 
54371      DEBUG main            d.u.i.k.p.r.p.TestFile    ... success: reloaded. 
54372      INFO  main            d.u.i.k.p.r.p.TestFile    Now processing file /home/runner/work/key/key/key.core/../key.ui/examples/standard_key/pred_log/simpleEps.key 
54372      INFO  main            d.u.i.k.p.i.AbstractProblemLoader Loading environment from /home/runner/work/key/key/key.core/../key.ui/examples/standard_key/pred_log/simpleEps.key 
54372      DEBUG main            d.u.i.k.p.i.AbstractProblemLoader Environment load took 80.7ns 
54373      INFO  main            d.u.i.k.p.i.AbstractProblemLoader Creating init config 
56601      DEBUG main            d.u.i.k.p.i.AbstractProblemLoader Init config took 2.23s 
56615      INFO  main            d.u.i.k.p.i.AbstractProblemLoader Replaying proof simpleEps.key 
56616      DEBUG main            d.u.i.k.p.i.IntermediateProofReplayer Proof replay took 7.1ns 
56718      INFO  main            d.u.i.k.p.r.p.TestFile    ... finished proof: closed. 
56879      INFO  main            d.u.i.k.p.i.AbstractProblemLoader Loading environment from /home/runner/work/key/key/key.core/../key.ui/examples/standard_key/pred_log/simpleEps.key.proof 
56879      DEBUG main            d.u.i.k.p.i.AbstractProblemLoader Environment load took 104.3ns 
56880      INFO  main            d.u.i.k.p.i.AbstractProblemLoader Creating init config 
59104      DEBUG main            d.u.i.k.p.i.AbstractProblemLoader Init config took 2.22s 
59117      INFO  main            d.u.i.k.p.i.AbstractProblemLoader Replaying proof simpleEps.key.proof 
59120      DEBUG main            d.u.i.k.p.i.IntermediateProofReplayer Proof replay took 1.03ms 
59121      DEBUG main            d.u.i.k.p.r.p.TestFile    ... success: reloaded. 
59121      INFO  main            d.u.i.k.p.r.p.TestFile    Now processing file /home/runner/work/key/key/key.core/../key.ui/examples/standard_key/pred_log/steam1.key 
59122      INFO  main            d.u.i.k.p.i.AbstractProblemLoader Loading environment from /home/runner/work/key/key/key.core/../key.ui/examples/standard_key/pred_log/steam1.key 
59122      DEBUG main            d.u.i.k.p.i.AbstractProblemLoader Environment load took 152.5ns 
59124      INFO  main            d.u.i.k.p.i.AbstractProblemLoader Creating init config 
61401      DEBUG main            d.u.i.k.p.i.AbstractProblemLoader Init config took 2.28s 
61422      INFO  main            d.u.i.k.p.i.AbstractProblemLoader Replaying proof steam1.key 
61424      DEBUG main            d.u.i.k.p.i.IntermediateProofReplayer Proof replay took 6.4ns 
61737      INFO  main            d.u.i.k.p.r.p.TestFile    ... finished proof: closed. 
61914      INFO  main            d.u.i.k.p.i.AbstractProblemLoader Loading environment from /home/runner/work/key/key/key.core/../key.ui/examples/standard_key/pred_log/steam1.key.proof 
61916      DEBUG main            d.u.i.k.p.i.AbstractProblemLoader Environment load took 2.47ms 
61920      INFO  main            d.u.i.k.p.i.AbstractProblemLoader Creating init config 
64120      DEBUG main            d.u.i.k.p.i.AbstractProblemLoader Init config took 2.2s 
64152      INFO  main            d.u.i.k.p.i.AbstractProblemLoader Replaying proof steam1.key.proof 
64170      DEBUG main            d.u.i.k.p.i.IntermediateProofReplayer Proof replay took 15.04ms 
64172      DEBUG main            d.u.i.k.p.r.p.TestFile    ... success: reloaded. 
64173      INFO  main            d.u.i.k.p.r.p.TestFile    Now processing file /home/runner/work/key/key/key.core/../key.ui/examples/standard_key/pred_log/tptp/PUZ/PUZ001p1.key 
64173      INFO  main            d.u.i.k.p.i.AbstractProblemLoader Loading environment from /home/runner/work/key/key/key.core/../key.ui/examples/standard_key/pred_log/tptp/PUZ/PUZ001p1.key 
64173      DEBUG main            d.u.i.k.p.i.AbstractProblemLoader Environment load took 81ns 
64175      INFO  main            d.u.i.k.p.i.AbstractProblemLoader Creating init config 
66414      DEBUG main            d.u.i.k.p.i.AbstractProblemLoader Init config took 2.24s 
66431      INFO  main            d.u.i.k.p.i.AbstractProblemLoader Replaying proof PUZ001p1.key 
66432      DEBUG main            d.u.i.k.p.i.IntermediateProofReplayer Proof replay took 5.2ns 
69664      INFO  main            d.u.i.k.p.r.p.TestFile    ... finished proof: closed. 
69871      INFO  main            d.u.i.k.p.i.AbstractProblemLoader Loading environment from /home/runner/work/key/key/key.core/../key.ui/examples/standard_key/pred_log/tptp/PUZ/PUZ001p1.key.proof 
69871      DEBUG main            d.u.i.k.p.i.AbstractProblemLoader Environment load took 335.8ns 
69873      INFO  main            d.u.i.k.p.i.AbstractProblemLoader Creating init config 
72041      DEBUG main            d.u.i.k.p.i.AbstractProblemLoader Init config took 2.17s 
72056      INFO  main            d.u.i.k.p.i.AbstractProblemLoader Replaying proof PUZ001p1.key.proof 
72204      DEBUG main            d.u.i.k.p.i.IntermediateProofReplayer Proof replay took 127.55ms 
72206      DEBUG main            d.u.i.k.p.r.p.TestFile    ... success: reloaded. 
72207      INFO  main            d.u.i.k.p.r.p.TestFile    Now processing file /home/runner/work/key/key/key.core/../key.ui/examples/standard_key/pred_log/tptp/PUZ/PUZ001p1-eq.key 
72207      INFO  main            d.u.i.k.p.i.AbstractProblemLoader Loading environment from /home/runner/work/key/key/key.core/../key.ui/examples/standard_key/pred_log/tptp/PUZ/PUZ001p1-eq.key 
72207      DEBUG main            d.u.i.k.p.i.AbstractProblemLoader Environment load took 162ns 
72209      INFO  main            d.u.i.k.p.i.AbstractProblemLoader Creating init config 
74444      DEBUG main            d.u.i.k.p.i.AbstractProblemLoader Init config took 2.24s 
74458      INFO  main            d.u.i.k.p.i.AbstractProblemLoader Replaying proof PUZ001p1-eq.key 
74460      DEBUG main            d.u.i.k.p.i.IntermediateProofReplayer Proof replay took 5.8ns 
74563      INFO  main            d.u.i.k.p.r.p.TestFile    ... finished proof: closed. 
74770      INFO  main            d.u.i.k.p.i.AbstractProblemLoader Loading environment from /home/runner/work/key/key/key.core/../key.ui/examples/standard_key/pred_log/tptp/PUZ/PUZ001p1-eq.key.proof 
74771      DEBUG main            d.u.i.k.p.i.AbstractProblemLoader Environment load took 327.6ns 
74772      INFO  main            d.u.i.k.p.i.AbstractProblemLoader Creating init config 
76943      DEBUG main            d.u.i.k.p.i.AbstractProblemLoader Init config took 2.17s 
76957      INFO  main            d.u.i.k.p.i.AbstractProblemLoader Replaying proof PUZ001p1-eq.key.proof 
76967      DEBUG main            d.u.i.k.p.i.IntermediateProofReplayer Proof replay took 7.89ms 
76968      DEBUG main            d.u.i.k.p.r.p.TestFile    ... success: reloaded. 
76969      INFO  main            d.u.i.k.p.r.p.TestFile    Now processing file /home/runner/work/key/key/key.core/../key.ui/examples/standard_key/pred_log/tptp/PUZ/PUZ031p1.key 
76969      INFO  main            d.u.i.k.p.i.AbstractProblemLoader Loading environment from /home/runner/work/key/key/key.core/../key.ui/examples/standard_key/pred_log/tptp/PUZ/PUZ031p1.key 
76969      DEBUG main            d.u.i.k.p.i.AbstractProblemLoader Environment load took 81.2ns 
76971      INFO  main            d.u.i.k.p.i.AbstractProblemLoader Creating init config 
79194      DEBUG main            d.u.i.k.p.i.AbstractProblemLoader Init config took 2.22s 
79209      INFO  main            d.u.i.k.p.i.AbstractProblemLoader Replaying proof PUZ031p1.key 
79210      DEBUG main            d.u.i.k.p.i.IntermediateProofReplayer Proof replay took 5.5ns 
87258      INFO  main            d.u.i.k.p.r.p.TestFile    ... finished proof: closed. 
87445      INFO  main            d.u.i.k.p.i.AbstractProblemLoader Loading environment from /home/runner/work/key/key/key.core/../key.ui/examples/standard_key/pred_log/tptp/PUZ/PUZ031p1.key.proof 
87453      DEBUG main            d.u.i.k.p.i.AbstractProblemLoader Environment load took 7.53ms 
87455      INFO  main            d.u.i.k.p.i.AbstractProblemLoader Creating init config 
89655      DEBUG main            d.u.i.k.p.i.AbstractProblemLoader Init config took 2.2s 
89670      INFO  main            d.u.i.k.p.i.AbstractProblemLoader Replaying proof PUZ031p1.key.proof 
89710      DEBUG main            d.u.i.k.p.i.IntermediateProofReplayer Proof replay took 34.9ms 
89712      DEBUG main            d.u.i.k.p.r.p.TestFile    ... success: reloaded. 
89713      INFO  main            d.u.i.k.p.r.p.TestFile    Now processing file /home/runner/work/key/key/key.core/../key.ui/examples/standard_key/pred_log/tptp/SET/SET027p3.key 
89713      INFO  main            d.u.i.k.p.i.AbstractProblemLoader Loading environment from /home/runner/work/key/key/key.core/../key.ui/examples/standard_key/pred_log/tptp/SET/SET027p3.key 
89713      DEBUG main            d.u.i.k.p.i.AbstractProblemLoader Environment load took 166.5ns 
89714      INFO  main            d.u.i.k.p.i.AbstractProblemLoader Creating init config 
91946      DEBUG main            d.u.i.k.p.i.AbstractProblemLoader Init config took 2.23s 
91960      INFO  main            d.u.i.k.p.i.AbstractProblemLoader Replaying proof SET027p3.key 
91961      DEBUG main            d.u.i.k.p.i.IntermediateProofReplayer Proof replay took 6.9ns 
92063      INFO  main            d.u.i.k.p.r.p.TestFile    ... finished proof: closed. 
92268      INFO  main            d.u.i.k.p.i.AbstractProblemLoader Loading environment from /home/runner/work/key/key/key.core/../key.ui/examples/standard_key/pred_log/tptp/SET/SET027p3.key.proof 
92268      DEBUG main            d.u.i.k.p.i.AbstractProblemLoader Environment load took 115.8ns 
92269      INFO  main            d.u.i.k.p.i.AbstractProblemLoader Creating init config 
94449      DEBUG main            d.u.i.k.p.i.AbstractProblemLoader Init config took 2.18s 
94463      INFO  main            d.u.i.k.p.i.AbstractProblemLoader Replaying proof SET027p3.key.proof 
94468      DEBUG main            d.u.i.k.p.i.IntermediateProofReplayer Proof replay took 2.78ms 
94469      DEBUG main            d.u.i.k.p.r.p.TestFile    ... success: reloaded. 
94469      INFO  main            d.u.i.k.p.r.p.TestFile    Now processing file /home/runner/work/key/key/key.core/../key.ui/examples/standard_key/pred_log/tptp/SET/SET043p1.key 
94470      INFO  main            d.u.i.k.p.i.AbstractProblemLoader Loading environment from /home/runner/work/key/key/key.core/../key.ui/examples/standard_key/pred_log/tptp/SET/SET043p1.key 
94470      DEBUG main            d.u.i.k.p.i.AbstractProblemLoader Environment load took 181.1ns 
94471      INFO  main            d.u.i.k.p.i.AbstractProblemLoader Creating init config 
96660      DEBUG main            d.u.i.k.p.i.AbstractProblemLoader Init config took 2.19s 
96673      INFO  main            d.u.i.k.p.i.AbstractProblemLoader Replaying proof SET043p1.key 
96674      DEBUG main            d.u.i.k.p.i.IntermediateProofReplayer Proof replay took 6.3ns 
96778      INFO  main            d.u.i.k.p.r.p.TestFile    ... finished proof: closed. 
96971      INFO  main            d.u.i.k.p.i.AbstractProblemLoader Loading environment from /home/runner/work/key/key/key.core/../key.ui/examples/standard_key/pred_log/tptp/SET/SET043p1.key.proof 
96971      DEBUG main            d.u.i.k.p.i.AbstractProblemLoader Environment load took 131.5ns 
96972      INFO  main            d.u.i.k.p.i.AbstractProblemLoader Creating init config 
99193      DEBUG main            d.u.i.k.p.i.AbstractProblemLoader Init config took 2.22s 
99207      INFO  main            d.u.i.k.p.i.AbstractProblemLoader Replaying proof SET043p1.key.proof 
99210      DEBUG main            d.u.i.k.p.i.IntermediateProofReplayer Proof replay took 1.28ms 
99211      DEBUG main            d.u.i.k.p.r.p.TestFile    ... success: reloaded. 
99212      INFO  main            d.u.i.k.p.r.p.TestFile    Now processing file /home/runner/work/key/key/key.core/../key.ui/examples/standard_key/pred_log/tptp/SET/SET045p1.key 
99212      INFO  main            d.u.i.k.p.i.AbstractProblemLoader Loading environment from /home/runner/work/key/key/key.core/../key.ui/examples/standard_key/pred_log/tptp/SET/SET045p1.key 
99212      DEBUG main            d.u.i.k.p.i.AbstractProblemLoader Environment load took 157.5ns 
99213      INFO  main            d.u.i.k.p.i.AbstractProblemLoader Creating init config 
101420     DEBUG main            d.u.i.k.p.i.AbstractProblemLoader Init config took 2.21s 
101433     INFO  main            d.u.i.k.p.i.AbstractProblemLoader Replaying proof SET045p1.key 
101434     DEBUG main            d.u.i.k.p.i.IntermediateProofReplayer Proof replay took 6.4ns 
101536     INFO  main            d.u.i.k.p.r.p.TestFile    ... finished proof: closed. 
101738     INFO  main            d.u.i.k.p.i.AbstractProblemLoader Loading environment from /home/runner/work/key/key/key.core/../key.ui/examples/standard_key/pred_log/tptp/SET/SET045p1.key.proof 
101738     DEBUG main            d.u.i.k.p.i.AbstractProblemLoader Environment load took 103.1ns 
101739     INFO  main            d.u.i.k.p.i.AbstractProblemLoader Creating init config 
103933     DEBUG main            d.u.i.k.p.i.AbstractProblemLoader Init config took 2.19s 
103951     INFO  main            d.u.i.k.p.i.AbstractProblemLoader Replaying proof SET045p1.key.proof 
103955     DEBUG main            d.u.i.k.p.i.IntermediateProofReplayer Proof replay took 2.2ms 
103956     DEBUG main            d.u.i.k.p.r.p.TestFile    ... success: reloaded. 
103957     INFO  main            d.u.i.k.p.r.p.TestFile    Now processing file /home/runner/work/key/key/key.core/../key.ui/examples/standard_key/pred_log/tptp/SET/SET062p3.key 
103957     INFO  main            d.u.i.k.p.i.AbstractProblemLoader Loading environment from /home/runner/work/key/key/key.core/../key.ui/examples/standard_key/pred_log/tptp/SET/SET062p3.key 
103957     DEBUG main            d.u.i.k.p.i.AbstractProblemLoader Environment load took 166.8ns 
103958     INFO  main            d.u.i.k.p.i.AbstractProblemLoader Creating init config 
106167     DEBUG main            d.u.i.k.p.i.AbstractProblemLoader Init config took 2.21s 
106186     INFO  main            d.u.i.k.p.i.AbstractProblemLoader Replaying proof SET062p3.key 
106188     DEBUG main            d.u.i.k.p.i.IntermediateProofReplayer Proof replay took 7.7ns 
106291     INFO  main            d.u.i.k.p.r.p.TestFile    ... finished proof: closed. 
106544     INFO  main            d.u.i.k.p.i.AbstractProblemLoader Loading environment from /home/runner/work/key/key/key.core/../key.ui/examples/standard_key/pred_log/tptp/SET/SET062p3.key.proof 
106544     DEBUG main            d.u.i.k.p.i.AbstractProblemLoader Environment load took 101ns 
106546     INFO  main            d.u.i.k.p.i.AbstractProblemLoader Creating init config 
108706     DEBUG main            d.u.i.k.p.i.AbstractProblemLoader Init config took 2.16s 
108719     INFO  main            d.u.i.k.p.i.AbstractProblemLoader Replaying proof SET062p3.key.proof 
108737     DEBUG main            d.u.i.k.p.i.IntermediateProofReplayer Proof replay took 16.28ms 
108738     DEBUG main            d.u.i.k.p.r.p.TestFile    ... success: reloaded. 
108739     INFO  main            d.u.i.k.p.r.p.TestFile    Now processing file /home/runner/work/key/key/key.core/../key.ui/examples/standard_key/pred_log/tptp/SET/SET063p3.key 
108739     INFO  main            d.u.i.k.p.i.AbstractProblemLoader Loading environment from /home/runner/work/key/key/key.core/../key.ui/examples/standard_key/pred_log/tptp/SET/SET063p3.key 
108740     DEBUG main            d.u.i.k.p.i.AbstractProblemLoader Environment load took 166.2ns 
108744     INFO  main            d.u.i.k.p.i.AbstractProblemLoader Creating init config 
110978     DEBUG main            d.u.i.k.p.i.AbstractProblemLoader Init config took 2.23s 
110991     INFO  main            d.u.i.k.p.i.AbstractProblemLoader Replaying proof SET063p3.key 
110992     DEBUG main            d.u.i.k.p.i.IntermediateProofReplayer Proof replay took 6.7ns 
111094     INFO  main            d.u.i.k.p.r.p.TestFile    ... finished proof: closed. 
111327     INFO  main            d.u.i.k.p.i.AbstractProblemLoader Loading environment from /home/runner/work/key/key/key.core/../key.ui/examples/standard_key/pred_log/tptp/SET/SET063p3.key.proof 
111327     DEBUG main            d.u.i.k.p.i.AbstractProblemLoader Environment load took 99.3ns 
111328     INFO  main            d.u.i.k.p.i.AbstractProblemLoader Creating init config 
113483     DEBUG main            d.u.i.k.p.i.AbstractProblemLoader Init config took 2.15s 
113496     INFO  main            d.u.i.k.p.i.AbstractProblemLoader Replaying proof SET063p3.key.proof 
113500     DEBUG main            d.u.i.k.p.i.IntermediateProofReplayer Proof replay took 2.48ms 
113501     DEBUG main            d.u.i.k.p.r.p.TestFile    ... success: reloaded. 
113502     INFO  main            d.u.i.k.p.r.p.TestFile    Now processing file /home/runner/work/key/key/key.core/../key.ui/examples/standard_key/pred_log/tptp/SYN/SYN036p2.key 
113502     INFO  main            d.u.i.k.p.i.AbstractProblemLoader Loading environment from /home/runner/work/key/key/key.core/../key.ui/examples/standard_key/pred_log/tptp/SYN/SYN036p2.key 
113502     DEBUG main            d.u.i.k.p.i.AbstractProblemLoader Environment load took 78.3ns 
113503     INFO  main            d.u.i.k.p.i.AbstractProblemLoader Creating init config 
115730     DEBUG main            d.u.i.k.p.i.AbstractProblemLoader Init config took 2.23s 
115743     INFO  main            d.u.i.k.p.i.AbstractProblemLoader Replaying proof SYN036p2.key 
115744     DEBUG main            d.u.i.k.p.i.IntermediateProofReplayer Proof replay took 5.9ns 
116049     INFO  main            d.u.i.k.p.r.p.TestFile    ... finished proof: closed. 
116276     INFO  main            d.u.i.k.p.i.AbstractProblemLoader Loading environment from /home/runner/work/key/key/key.core/../key.ui/examples/standard_key/pred_log/tptp/SYN/SYN036p2.key.proof 
116277     DEBUG main            d.u.i.k.p.i.AbstractProblemLoader Environment load took 804.4ns 
116278     INFO  main            d.u.i.k.p.i.AbstractProblemLoader Creating init config 
118458     DEBUG main            d.u.i.k.p.i.AbstractProblemLoader Init config took 2.18s 
118471     INFO  main            d.u.i.k.p.i.AbstractProblemLoader Replaying proof SYN036p2.key.proof 
118523     DEBUG main            d.u.i.k.p.i.IntermediateProofReplayer Proof replay took 44.24ms 
118524     DEBUG main            d.u.i.k.p.r.p.TestFile    ... success: reloaded. 
118525     INFO  main            d.u.i.k.p.r.p.TestFile    Now processing file /home/runner/work/key/key/key.core/../key.ui/examples/standard_key/pred_log/tptp/SYN/SYN550p1.key 
118525     INFO  main            d.u.i.k.p.i.AbstractProblemLoader Loading environment from /home/runner/work/key/key/key.core/../key.ui/examples/standard_key/pred_log/tptp/SYN/SYN550p1.key 
118525     DEBUG main            d.u.i.k.p.i.AbstractProblemLoader Environment load took 75.8ns 
118526     INFO  main            d.u.i.k.p.i.AbstractProblemLoader Creating init config 
120723     DEBUG main            d.u.i.k.p.i.AbstractProblemLoader Init config took 2.2s 
120736     INFO  main            d.u.i.k.p.i.AbstractProblemLoader Replaying proof SYN550p1.key 
120737     DEBUG main            d.u.i.k.p.i.IntermediateProofReplayer Proof replay took 18.6ns 
123448     INFO  main            d.u.i.k.p.r.p.TestFile    ... finished proof: closed. 
123686     INFO  main            d.u.i.k.p.i.AbstractProblemLoader Loading environment from /home/runner/work/key/key/key.core/../key.ui/examples/standard_key/pred_log/tptp/SYN/SYN550p1.key.proof 
123686     DEBUG main            d.u.i.k.p.i.AbstractProblemLoader Environment load took 319.7ns 
123687     INFO  main            d.u.i.k.p.i.AbstractProblemLoader Creating init config 
125824     DEBUG main            d.u.i.k.p.i.AbstractProblemLoader Init config took 2.14s 
125837     INFO  main            d.u.i.k.p.i.AbstractProblemLoader Replaying proof SYN550p1.key.proof 
125901     DEBUG main            d.u.i.k.p.i.IntermediateProofReplayer Proof replay took 57.72ms 
125902     DEBUG main            d.u.i.k.p.r.p.TestFile    ... success: reloaded. 
125903     INFO  main            d.u.i.k.p.r.p.TestFile    Now processing file /home/runner/work/key/key/key.core/../key.ui/examples/standard_key/prop_log/reallySimple.key 
125903     INFO  main            d.u.i.k.p.i.AbstractProblemLoader Loading environment from /home/runner/work/key/key/key.core/../key.ui/examples/standard_key/prop_log/reallySimple.key 
125904     DEBUG main            d.u.i.k.p.i.AbstractProblemLoader Environment load took 158.8ns 
125904     INFO  main            d.u.i.k.p.i.AbstractProblemLoader Creating init config 
128095     DEBUG main            d.u.i.k.p.i.AbstractProblemLoader Init config took 2.19s 
128107     INFO  main            d.u.i.k.p.i.AbstractProblemLoader Replaying proof reallySimple.key 
128108     DEBUG main            d.u.i.k.p.i.IntermediateProofReplayer Proof replay took 5.8ns 
128214     INFO  main            d.u.i.k.p.r.p.TestFile    ... finished proof: open goal(s) 
128454     INFO  main            d.u.i.k.p.r.p.TestFile    Now processing file /home/runner/work/key/key/key.core/../key.ui/examples/standard_key/pred_log/sameName1.key 
128454     INFO  main            d.u.i.k.p.i.AbstractProblemLoader Loading environment from /home/runner/work/key/key/key.core/../key.ui/examples/standard_key/pred_log/sameName1.key 
128454     DEBUG main            d.u.i.k.p.i.AbstractProblemLoader Environment load took 54.4ns 
128455     INFO  main            d.u.i.k.p.i.AbstractProblemLoader Creating init config 
130599     DEBUG main            d.u.i.k.p.i.AbstractProblemLoader Init config took 2.14s 
130612     INFO  main            d.u.i.k.p.i.AbstractProblemLoader Replaying proof sameName1.key 
130613     DEBUG main            d.u.i.k.p.i.IntermediateProofReplayer Proof replay took 5.8ns 
130718     INFO  main            d.u.i.k.p.r.p.TestFile    ... finished proof: open goal(s) 
130934     INFO  main            d.u.i.k.p.r.p.TestFile    Now processing file /home/runner/work/key/key/key.core/../key.ui/examples/standard_key/pred_log/jbyteIfEx.key 
130934     INFO  main            d.u.i.k.p.i.AbstractProblemLoader Loading environment from /home/runner/work/key/key/key.core/../key.ui/examples/standard_key/pred_log/jbyteIfEx.key 
130934     DEBUG main            d.u.i.k.p.i.AbstractProblemLoader Environment load took 60ns 
130936     INFO  main            d.u.i.k.p.i.AbstractProblemLoader Creating init config 
133069     DEBUG main            d.u.i.k.p.i.AbstractProblemLoader Init config took 2.13s 
133082     INFO  main            d.u.i.k.p.i.AbstractProblemLoader Replaying proof jbyteIfEx.key 
133083     DEBUG main            d.u.i.k.p.i.IntermediateProofReplayer Proof replay took 5.6ns 
133186     INFO  main            d.u.i.k.p.r.p.TestFile    ... finished proof: closed. 
133436     INFO  main            d.u.i.k.p.i.AbstractProblemLoader Loading environment from /home/runner/work/key/key/key.core/../key.ui/examples/standard_key/pred_log/jbyteIfEx.key.proof 
133436     DEBUG main            d.u.i.k.p.i.AbstractProblemLoader Environment load took 104.2ns 
133437     INFO  main            d.u.i.k.p.i.AbstractProblemLoader Creating init config 
135579     DEBUG main            d.u.i.k.p.i.AbstractProblemLoader Init config took 2.14s 
135592     INFO  main            d.u.i.k.p.i.AbstractProblemLoader Replaying proof jbyteIfEx.key.proof 
135596     DEBUG main            d.u.i.k.p.i.IntermediateProofReplayer Proof replay took 3.03ms 
135597     DEBUG main            d.u.i.k.p.r.p.TestFile    ... success: reloaded. 
135598     INFO  main            d.u.i.k.p.r.p.TestFile    Now processing file /home/runner/work/key/key/key.core/../key.ui/examples/standard_key/prop_log/allClausesLength4.key 
135598     INFO  main            d.u.i.k.p.i.AbstractProblemLoader Loading environment from /home/runner/work/key/key/key.core/../key.ui/examples/standard_key/prop_log/allClausesLength4.key 
135598     DEBUG main            d.u.i.k.p.i.AbstractProblemLoader Environment load took 80.4ns 
135599     INFO  main            d.u.i.k.p.i.AbstractProblemLoader Creating init config 
137805     DEBUG main            d.u.i.k.p.i.AbstractProblemLoader Init config took 2.21s 
137818     INFO  main            d.u.i.k.p.i.AbstractProblemLoader Replaying proof allClausesLength4.key 
137819     DEBUG main            d.u.i.k.p.i.IntermediateProofReplayer Proof replay took 6.5ns 
137921     INFO  main            d.u.i.k.p.r.p.TestFile    ... finished proof: closed. 
138186     INFO  main            d.u.i.k.p.i.AbstractProblemLoader Loading environment from /home/runner/work/key/key/key.core/../key.ui/examples/standard_key/prop_log/allClausesLength4.key.proof 
138186     DEBUG main            d.u.i.k.p.i.AbstractProblemLoader Environment load took 103.6ns 
138188     INFO  main            d.u.i.k.p.i.AbstractProblemLoader Creating init config 
140327     DEBUG main            d.u.i.k.p.i.AbstractProblemLoader Init config took 2.14s 
140340     INFO  main            d.u.i.k.p.i.AbstractProblemLoader Replaying proof allClausesLength4.key.proof 
140351     DEBUG main            d.u.i.k.p.i.IntermediateProofReplayer Proof replay took 8.47ms 
140352     DEBUG main            d.u.i.k.p.r.p.TestFile    ... success: reloaded. 
140353     INFO  main            d.u.i.k.p.r.p.TestFile    Now processing file /home/runner/work/key/key/key.core/../key.ui/examples/standard_key/prop_log/allClausesLength5.key 
140353     INFO  main            d.u.i.k.p.i.AbstractProblemLoader Loading environment from /home/runner/work/key/key/key.core/../key.ui/examples/standard_key/prop_log/allClausesLength5.key 
140353     DEBUG main            d.u.i.k.p.i.AbstractProblemLoader Environment load took 83.2ns 
140354     INFO  main            d.u.i.k.p.i.AbstractProblemLoader Creating init config 
142527     DEBUG main            d.u.i.k.p.i.AbstractProblemLoader Init config took 2.17s 
142540     INFO  main            d.u.i.k.p.i.AbstractProblemLoader Replaying proof allClausesLength5.key 
142541     DEBUG main            d.u.i.k.p.i.IntermediateProofReplayer Proof replay took 7.2ns 
142745     INFO  main            d.u.i.k.p.r.p.TestFile    ... finished proof: closed. 
142978     INFO  main            d.u.i.k.p.i.AbstractProblemLoader Loading environment from /home/runner/work/key/key/key.core/../key.ui/examples/standard_key/prop_log/allClausesLength5.key.proof 
142978     DEBUG main            d.u.i.k.p.i.AbstractProblemLoader Environment load took 328.7ns 
142980     INFO  main            d.u.i.k.p.i.AbstractProblemLoader Creating init config 
145125     DEBUG main            d.u.i.k.p.i.AbstractProblemLoader Init config took 2.14s 
145139     INFO  main            d.u.i.k.p.i.AbstractProblemLoader Replaying proof allClausesLength5.key.proof 
145165     DEBUG main            d.u.i.k.p.i.IntermediateProofReplayer Proof replay took 22.11ms 
145167     DEBUG main            d.u.i.k.p.r.p.TestFile    ... success: reloaded. 
145167     INFO  main            d.u.i.k.p.r.p.TestFile    Now processing file /home/runner/work/key/key/key.core/../key.ui/examples/standard_key/prop_log/doubleNeg.key 
145167     INFO  main            d.u.i.k.p.i.AbstractProblemLoader Loading environment from /home/runner/work/key/key/key.core/../key.ui/examples/standard_key/prop_log/doubleNeg.key 
145167     DEBUG main            d.u.i.k.p.i.AbstractProblemLoader Environment load took 74.7ns 
145168     INFO  main            d.u.i.k.p.i.AbstractProblemLoader Creating init config 
147375     DEBUG main            d.u.i.k.p.i.AbstractProblemLoader Init config took 2.21s 
147388     INFO  main            d.u.i.k.p.i.AbstractProblemLoader Replaying proof doubleNeg.key 
147390     DEBUG main            d.u.i.k.p.i.IntermediateProofReplayer Proof replay took 6.1ns 
147491     INFO  main            d.u.i.k.p.r.p.TestFile    ... finished proof: closed. 
147745     INFO  main            d.u.i.k.p.i.AbstractProblemLoader Loading environment from /home/runner/work/key/key/key.core/../key.ui/examples/standard_key/prop_log/doubleNeg.key.proof 
147745     DEBUG main            d.u.i.k.p.i.AbstractProblemLoader Environment load took 86ns 
147746     INFO  main            d.u.i.k.p.i.AbstractProblemLoader Creating init config 
149893     DEBUG main            d.u.i.k.p.i.AbstractProblemLoader Init config took 2.15s 
149906     INFO  main            d.u.i.k.p.i.AbstractProblemLoader Replaying proof doubleNeg.key.proof 
149907     DEBUG main            d.u.i.k.p.i.IntermediateProofReplayer Proof replay took 303.3ns 
149908     DEBUG main            d.u.i.k.p.r.p.TestFile    ... success: reloaded. 
149908     INFO  main            d.u.i.k.p.r.p.TestFile    Now processing file /home/runner/work/key/key/key.core/../key.ui/examples/standard_key/prop_log/liarsville.key 
149909     INFO  main            d.u.i.k.p.i.AbstractProblemLoader Loading environment from /home/runner/work/key/key/key.core/../key.ui/examples/standard_key/prop_log/liarsville.key 
149909     DEBUG main            d.u.i.k.p.i.AbstractProblemLoader Environment load took 75.3ns 
149910     INFO  main            d.u.i.k.p.i.AbstractProblemLoader Creating init config 
152096     DEBUG main            d.u.i.k.p.i.AbstractProblemLoader Init config took 2.19s 
152110     INFO  main            d.u.i.k.p.i.AbstractProblemLoader Replaying proof liarsville.key 
152111     DEBUG main            d.u.i.k.p.i.IntermediateProofReplayer Proof replay took 6.5ns 
152213     INFO  main            d.u.i.k.p.r.p.TestFile    ... finished proof: closed. 
152482     INFO  main            d.u.i.k.p.i.AbstractProblemLoader Loading environment from /home/runner/work/key/key/key.core/../key.ui/examples/standard_key/prop_log/liarsville.key.proof 
152482     DEBUG main            d.u.i.k.p.i.AbstractProblemLoader Environment load took 90.9ns 
152483     INFO  main            d.u.i.k.p.i.AbstractProblemLoader Creating init config 
154629     DEBUG main            d.u.i.k.p.i.AbstractProblemLoader Init config took 2.15s 
154642     INFO  main            d.u.i.k.p.i.AbstractProblemLoader Replaying proof liarsville.key.proof 
154645     DEBUG main            d.u.i.k.p.i.IntermediateProofReplayer Proof replay took 856.2ns 
154646     DEBUG main            d.u.i.k.p.r.p.TestFile    ... success: reloaded. 
154646     INFO  main            d.u.i.k.p.r.p.TestFile    Now processing file /home/runner/work/key/key/key.core/../key.ui/examples/standard_key/prop_log/simplest.key 
154646     INFO  main            d.u.i.k.p.i.AbstractProblemLoader Loading environment from /home/runner/work/key/key/key.core/../key.ui/examples/standard_key/prop_log/simplest.key 
154646     DEBUG main            d.u.i.k.p.i.AbstractProblemLoader Environment load took 47.9ns 
154647     INFO  main            d.u.i.k.p.i.AbstractProblemLoader Creating init config 
156820     DEBUG main            d.u.i.k.p.i.AbstractProblemLoader Init config took 2.17s 
156831     INFO  main            d.u.i.k.p.i.AbstractProblemLoader Replaying proof simplest.key 
156832     DEBUG main            d.u.i.k.p.i.IntermediateProofReplayer Proof replay took 5.9ns 
156933     INFO  main            d.u.i.k.p.r.p.TestFile    ... finished proof: closed. 
157180     INFO  main            d.u.i.k.p.i.AbstractProblemLoader Loading environment from /home/runner/work/key/key/key.core/../key.ui/examples/standard_key/prop_log/simplest.key.proof 
157180     DEBUG main            d.u.i.k.p.i.AbstractProblemLoader Environment load took 88.6ns 
157181     INFO  main            d.u.i.k.p.i.AbstractProblemLoader Creating init config 
159330     DEBUG main            d.u.i.k.p.i.AbstractProblemLoader Init config took 2.15s 
159342     INFO  main            d.u.i.k.p.i.AbstractProblemLoader Replaying proof simplest.key.proof 
159343     DEBUG main            d.u.i.k.p.i.IntermediateProofReplayer Proof replay took 81.7ns 
159343     DEBUG main            d.u.i.k.p.r.p.TestFile    ... success: reloaded. 
159344     INFO  main            d.u.i.k.p.r.p.TestFile    Now processing file /home/runner/work/key/key/key.core/../key.ui/examples/standard_key/prop_log/contraposition.key 
159344     INFO  main            d.u.i.k.p.i.AbstractProblemLoader Loading environment from /home/runner/work/key/key/key.core/../key.ui/examples/standard_key/prop_log/contraposition.key 
159344     DEBUG main            d.u.i.k.p.i.AbstractProblemLoader Environment load took 49.7ns 
159345     INFO  main            d.u.i.k.p.i.AbstractProblemLoader Creating init config 
161538     DEBUG main            d.u.i.k.p.i.AbstractProblemLoader Init config took 2.19s 
161551     INFO  main            d.u.i.k.p.i.AbstractProblemLoader Replaying proof contraposition.key 
161553     DEBUG main            d.u.i.k.p.i.IntermediateProofReplayer Proof replay took 6.2ns 
161654     INFO  main            d.u.i.k.p.r.p.TestFile    ... finished proof: closed. 
161906     INFO  main            d.u.i.k.p.i.AbstractProblemLoader Loading environment from /home/runner/work/key/key/key.core/../key.ui/examples/standard_key/prop_log/contraposition.key.proof 
161906     DEBUG main            d.u.i.k.p.i.AbstractProblemLoader Environment load took 90.3ns 
161906     INFO  main            d.u.i.k.p.i.AbstractProblemLoader Creating init config 
164031     DEBUG main            d.u.i.k.p.i.AbstractProblemLoader Init config took 2.12s 
164042     INFO  main            d.u.i.k.p.i.AbstractProblemLoader Replaying proof contraposition.key.proof 
164044     DEBUG main            d.u.i.k.p.i.IntermediateProofReplayer Proof replay took 331.8ns 
164045     DEBUG main            d.u.i.k.p.r.p.TestFile    ... success: reloaded. 
164045     INFO  main            d.u.i.k.p.r.p.TestFile    Now processing file /home/runner/work/key/key/key.core/../key.ui/examples/standard_key/quantifiers/elimination0.key 
164045     INFO  main            d.u.i.k.p.i.AbstractProblemLoader Loading environment from /home/runner/work/key/key/key.core/../key.ui/examples/standard_key/quantifiers/elimination0.key 
164045     DEBUG main            d.u.i.k.p.i.AbstractProblemLoader Environment load took 48.6ns 
164047     INFO  main            d.u.i.k.p.i.AbstractProblemLoader Creating init config 
166230     DEBUG main            d.u.i.k.p.i.AbstractProblemLoader Init config took 2.18s 
166256     INFO  main            d.u.i.k.p.i.AbstractProblemLoader Replaying proof elimination0.key 
166258     DEBUG main            d.u.i.k.p.i.IntermediateProofReplayer Proof replay took 6.4ns 
166359     INFO  main            d.u.i.k.p.r.p.TestFile    ... finished proof: closed. 
166614     INFO  main            d.u.i.k.p.i.AbstractProblemLoader Loading environment from /home/runner/work/key/key/key.core/../key.ui/examples/standard_key/quantifiers/elimination0.key.proof 
166614     DEBUG main            d.u.i.k.p.i.AbstractProblemLoader Environment load took 88.1ns 
166615     INFO  main            d.u.i.k.p.i.AbstractProblemLoader Creating init config 
168755     DEBUG main            d.u.i.k.p.i.AbstractProblemLoader Init config took 2.14s 
168767     INFO  main            d.u.i.k.p.i.AbstractProblemLoader Replaying proof elimination0.key.proof 
168778     DEBUG main            d.u.i.k.p.i.IntermediateProofReplayer Proof replay took 9.92ms 
168779     DEBUG main            d.u.i.k.p.r.p.TestFile    ... success: reloaded. 
168779     INFO  main            d.u.i.k.p.r.p.TestFile    Now processing file /home/runner/work/key/key/key.core/../key.ui/examples/standard_key/quantifiers/heuristic_PUZ001p1-eq.key 
168780     INFO  main            d.u.i.k.p.i.AbstractProblemLoader Loading environment from /home/runner/work/key/key/key.core/../key.ui/examples/standard_key/quantifiers/heuristic_PUZ001p1-eq.key 
168780     DEBUG main            d.u.i.k.p.i.AbstractProblemLoader Environment load took 52.3ns 
168781     INFO  main            d.u.i.k.p.i.AbstractProblemLoader Creating init config 
170973     DEBUG main            d.u.i.k.p.i.AbstractProblemLoader Init config took 2.19s 
170986     INFO  main            d.u.i.k.p.i.AbstractProblemLoader Replaying proof heuristic_PUZ001p1-eq.key 
170987     DEBUG main            d.u.i.k.p.i.IntermediateProofReplayer Proof replay took 5.8ns 
171090     INFO  main            d.u.i.k.p.r.p.TestFile    ... finished proof: closed. 
171372     INFO  main            d.u.i.k.p.i.AbstractProblemLoader Loading environment from /home/runner/work/key/key/key.core/../key.ui/examples/standard_key/quantifiers/heuristic_PUZ001p1-eq.key.proof 
171372     DEBUG main            d.u.i.k.p.i.AbstractProblemLoader Environment load took 99.7ns 
171373     INFO  main            d.u.i.k.p.i.AbstractProblemLoader Creating init config 
173519     DEBUG main            d.u.i.k.p.i.AbstractProblemLoader Init config took 2.15s 
173531     INFO  main            d.u.i.k.p.i.AbstractProblemLoader Replaying proof heuristic_PUZ001p1-eq.key.proof 
173538     DEBUG main            d.u.i.k.p.i.IntermediateProofReplayer Proof replay took 5.41ms 
173539     DEBUG main            d.u.i.k.p.r.p.TestFile    ... success: reloaded. 
173540     INFO  main            d.u.i.k.p.r.p.TestFile    Now processing file /home/runner/work/key/key/key.core/../key.ui/examples/standard_key/quantifiers/heuristic_PUZ001p1.key 
173540     INFO  main            d.u.i.k.p.i.AbstractProblemLoader Loading environment from /home/runner/work/key/key/key.core/../key.ui/examples/standard_key/quantifiers/heuristic_PUZ001p1.key 
173540     DEBUG main            d.u.i.k.p.i.AbstractProblemLoader Environment load took 73.3ns 
173542     INFO  main            d.u.i.k.p.i.AbstractProblemLoader Creating init config 
175723     DEBUG main            d.u.i.k.p.i.AbstractProblemLoader Init config took 2.18s 
175737     INFO  main            d.u.i.k.p.i.AbstractProblemLoader Replaying proof heuristic_PUZ001p1.key 
175739     DEBUG main            d.u.i.k.p.i.IntermediateProofReplayer Proof replay took 6ns 
177044     INFO  main            d.u.i.k.p.r.p.TestFile    ... finished proof: closed. 
177324     INFO  main            d.u.i.k.p.i.AbstractProblemLoader Loading environment from /home/runner/work/key/key/key.core/../key.ui/examples/standard_key/quantifiers/heuristic_PUZ001p1.key.proof 
177325     DEBUG main            d.u.i.k.p.i.AbstractProblemLoader Environment load took 357.4ns 
177326     INFO  main            d.u.i.k.p.i.AbstractProblemLoader Creating init config 
179459     DEBUG main            d.u.i.k.p.i.AbstractProblemLoader Init config took 2.13s 
179473     INFO  main            d.u.i.k.p.i.AbstractProblemLoader Replaying proof heuristic_PUZ001p1.key.proof 
179501     DEBUG main            d.u.i.k.p.i.IntermediateProofReplayer Proof replay took 23.58ms 
179502     DEBUG main            d.u.i.k.p.r.p.TestFile    ... success: reloaded. 
179503     INFO  main            d.u.i.k.p.r.p.TestFile    Now processing file /home/runner/work/key/key/key.core/../key.ui/examples/standard_key/quantifiers/heuristic_PUZ031p1.key 
179503     INFO  main            d.u.i.k.p.i.AbstractProblemLoader Loading environment from /home/runner/work/key/key/key.core/../key.ui/examples/standard_key/quantifiers/heuristic_PUZ031p1.key 
179503     DEBUG main            d.u.i.k.p.i.AbstractProblemLoader Environment load took 106.1ns 
179504     INFO  main            d.u.i.k.p.i.AbstractProblemLoader Creating init config 
181695     DEBUG main            d.u.i.k.p.i.AbstractProblemLoader Init config took 2.19s 
181708     INFO  main            d.u.i.k.p.i.AbstractProblemLoader Replaying proof heuristic_PUZ031p1.key 
181709     DEBUG main            d.u.i.k.p.i.IntermediateProofReplayer Proof replay took 6ns 
186231     INFO  main            d.u.i.k.p.r.p.TestFile    ... finished proof: closed. 
186534     INFO  main            d.u.i.k.p.i.AbstractProblemLoader Loading environment from /home/runner/work/key/key/key.core/../key.ui/examples/standard_key/quantifiers/heuristic_PUZ031p1.key.proof 
186534     DEBUG main            d.u.i.k.p.i.AbstractProblemLoader Environment load took 457.5ns 
186536     INFO  main            d.u.i.k.p.i.AbstractProblemLoader Creating init config 
188693     DEBUG main            d.u.i.k.p.i.AbstractProblemLoader Init config took 2.16s 
188707     INFO  main            d.u.i.k.p.i.AbstractProblemLoader Replaying proof heuristic_PUZ031p1.key.proof 
188737     DEBUG main            d.u.i.k.p.i.IntermediateProofReplayer Proof replay took 26.25ms 
188738     DEBUG main            d.u.i.k.p.r.p.TestFile    ... success: reloaded. 
188739     INFO  main            d.u.i.k.p.r.p.TestFile    Now processing file /home/runner/work/key/key/key.core/../key.ui/examples/standard_key/quantifiers/heuristic_SYN036p2.key 
188739     INFO  main            d.u.i.k.p.i.AbstractProblemLoader Loading environment from /home/runner/work/key/key/key.core/../key.ui/examples/standard_key/quantifiers/heuristic_SYN036p2.key 
188740     DEBUG main            d.u.i.k.p.i.AbstractProblemLoader Environment load took 72.7ns 
188740     INFO  main            d.u.i.k.p.i.AbstractProblemLoader Creating init config 
190892     DEBUG main            d.u.i.k.p.i.AbstractProblemLoader Init config took 2.15s 
190904     INFO  main            d.u.i.k.p.i.AbstractProblemLoader Replaying proof heuristic_SYN036p2.key 
190905     DEBUG main            d.u.i.k.p.i.IntermediateProofReplayer Proof replay took 5.9ns 
191109     INFO  main            d.u.i.k.p.r.p.TestFile    ... finished proof: closed. 
191411     INFO  main            d.u.i.k.p.i.AbstractProblemLoader Loading environment from /home/runner/work/key/key/key.core/../key.ui/examples/standard_key/quantifiers/heuristic_SYN036p2.key.proof 
191411     DEBUG main            d.u.i.k.p.i.AbstractProblemLoader Environment load took 319.6ns 
191413     INFO  main            d.u.i.k.p.i.AbstractProblemLoader Creating init config 
193538     DEBUG main            d.u.i.k.p.i.AbstractProblemLoader Init config took 2.13s 
193550     INFO  main            d.u.i.k.p.i.AbstractProblemLoader Replaying proof heuristic_SYN036p2.key.proof 
193590     DEBUG main            d.u.i.k.p.i.IntermediateProofReplayer Proof replay took 32.23ms 
193591     DEBUG main            d.u.i.k.p.r.p.TestFile    ... success: reloaded. 
193591     INFO  main            d.u.i.k.p.r.p.TestFile    Now processing file /home/runner/work/key/key/key.core/../key.ui/examples/standard_key/quantifiers/injectivity.key 
193592     INFO  main            d.u.i.k.p.i.AbstractProblemLoader Loading environment from /home/runner/work/key/key/key.core/../key.ui/examples/standard_key/quantifiers/injectivity.key 
193592     DEBUG main            d.u.i.k.p.i.AbstractProblemLoader Environment load took 73.8ns 
193593     INFO  main            d.u.i.k.p.i.AbstractProblemLoader Creating init config 
195749     DEBUG main            d.u.i.k.p.i.AbstractProblemLoader Init config took 2.16s 
195761     INFO  main            d.u.i.k.p.i.AbstractProblemLoader Replaying proof injectivity.key 
195762     DEBUG main            d.u.i.k.p.i.IntermediateProofReplayer Proof replay took 5.6ns 
195864     INFO  main            d.u.i.k.p.r.p.TestFile    ... finished proof: closed. 
196158     INFO  main            d.u.i.k.p.i.AbstractProblemLoader Loading environment from /home/runner/work/key/key/key.core/../key.ui/examples/standard_key/quantifiers/injectivity.key.proof 
196158     DEBUG main            d.u.i.k.p.i.AbstractProblemLoader Environment load took 100.4ns 
196159     INFO  main            d.u.i.k.p.i.AbstractProblemLoader Creating init config 
198278     DEBUG main            d.u.i.k.p.i.AbstractProblemLoader Init config took 2.12s 
198290     INFO  main            d.u.i.k.p.i.AbstractProblemLoader Replaying proof injectivity.key.proof 
198292     DEBUG main            d.u.i.k.p.i.IntermediateProofReplayer Proof replay took 951.7ns 
198293     DEBUG main            d.u.i.k.p.r.p.TestFile    ... success: reloaded. 
198293     INFO  main            d.u.i.k.p.r.p.TestFile    Now processing file /home/runner/work/key/key/key.core/../key.ui/examples/standard_key/quantifiers/normalisation0.key 
198294     INFO  main            d.u.i.k.p.i.AbstractProblemLoader Loading environment from /home/runner/work/key/key/key.core/../key.ui/examples/standard_key/quantifiers/normalisation0.key 
198294     DEBUG main            d.u.i.k.p.i.AbstractProblemLoader Environment load took 82.6ns 
198295     INFO  main            d.u.i.k.p.i.AbstractProblemLoader Creating init config 
200471     DEBUG main            d.u.i.k.p.i.AbstractProblemLoader Init config took 2.18s 
200484     INFO  main            d.u.i.k.p.i.AbstractProblemLoader Replaying proof normalisation0.key 
200485     DEBUG main            d.u.i.k.p.i.IntermediateProofReplayer Proof replay took 6.6ns 
200587     INFO  main            d.u.i.k.p.r.p.TestFile    ... finished proof: closed. 
200900     INFO  main            d.u.i.k.p.i.AbstractProblemLoader Loading environment from /home/runner/work/key/key/key.core/../key.ui/examples/standard_key/quantifiers/normalisation0.key.proof 
200901     DEBUG main            d.u.i.k.p.i.AbstractProblemLoader Environment load took 92.9ns 
200902     INFO  main            d.u.i.k.p.i.AbstractProblemLoader Creating init config 
203046     DEBUG main            d.u.i.k.p.i.AbstractProblemLoader Init config took 2.14s 
203058     INFO  main            d.u.i.k.p.i.AbstractProblemLoader Replaying proof normalisation0.key.proof 
203060     DEBUG main            d.u.i.k.p.i.IntermediateProofReplayer Proof replay took 924.5ns 
203061     DEBUG main            d.u.i.k.p.r.p.TestFile    ... success: reloaded. 
203062     INFO  main            d.u.i.k.p.r.p.TestFile    Now processing file /home/runner/work/key/key/key.core/../key.ui/examples/standard_key/quantifiers/normalisation1.key 
203062     INFO  main            d.u.i.k.p.i.AbstractProblemLoader Loading environment from /home/runner/work/key/key/key.core/../key.ui/examples/standard_key/quantifiers/normalisation1.key 
203062     DEBUG main            d.u.i.k.p.i.AbstractProblemLoader Environment load took 71.4ns 
203063     INFO  main            d.u.i.k.p.i.AbstractProblemLoader Creating init config 
205232     DEBUG main            d.u.i.k.p.i.AbstractProblemLoader Init config took 2.17s 
205247     INFO  main            d.u.i.k.p.i.AbstractProblemLoader Replaying proof normalisation1.key 
205248     DEBUG main            d.u.i.k.p.i.IntermediateProofReplayer Proof replay took 7.4ns 
205354     INFO  main            d.u.i.k.p.r.p.TestFile    ... finished proof: closed. 
205662     INFO  main            d.u.i.k.p.i.AbstractProblemLoader Loading environment from /home/runner/work/key/key/key.core/../key.ui/examples/standard_key/quantifiers/normalisation1.key.proof 
205662     DEBUG main            d.u.i.k.p.i.AbstractProblemLoader Environment load took 86.4ns 
205663     INFO  main            d.u.i.k.p.i.AbstractProblemLoader Creating init config 
207789     DEBUG main            d.u.i.k.p.i.AbstractProblemLoader Init config took 2.13s 
207809     INFO  main            d.u.i.k.p.i.AbstractProblemLoader Replaying proof normalisation1.key.proof 
207811     DEBUG main            d.u.i.k.p.i.IntermediateProofReplayer Proof replay took 798.4ns 
207812     DEBUG main            d.u.i.k.p.r.p.TestFile    ... success: reloaded. 
207813     INFO  main            d.u.i.k.p.r.p.TestFile    Now processing file /home/runner/work/key/key/key.core/../key.ui/examples/standard_key/quantifiers/normalisation2.key 
207813     INFO  main            d.u.i.k.p.i.AbstractProblemLoader Loading environment from /home/runner/work/key/key/key.core/../key.ui/examples/standard_key/quantifiers/normalisation2.key 
207813     DEBUG main            d.u.i.k.p.i.AbstractProblemLoader Environment load took 56.9ns 
207814     INFO  main            d.u.i.k.p.i.AbstractProblemLoader Creating init config 
209975     DEBUG main            d.u.i.k.p.i.AbstractProblemLoader Init config took 2.16s 
209988     INFO  main            d.u.i.k.p.i.AbstractProblemLoader Replaying proof normalisation2.key 
209989     DEBUG main            d.u.i.k.p.i.IntermediateProofReplayer Proof replay took 8.1ns 
210094     INFO  main            d.u.i.k.p.r.p.TestFile    ... finished proof: closed. 
210394     INFO  main            d.u.i.k.p.i.AbstractProblemLoader Loading environment from /home/runner/work/key/key/key.core/../key.ui/examples/standard_key/quantifiers/normalisation2.key.proof 
210394     DEBUG main            d.u.i.k.p.i.AbstractProblemLoader Environment load took 85.5ns 
210395     INFO  main            d.u.i.k.p.i.AbstractProblemLoader Creating init config 
212519     DEBUG main            d.u.i.k.p.i.AbstractProblemLoader Init config took 2.12s 
212533     INFO  main            d.u.i.k.p.i.AbstractProblemLoader Replaying proof normalisation2.key.proof 
212535     DEBUG main            d.u.i.k.p.i.IntermediateProofReplayer Proof replay took 932.6ns 
212536     DEBUG main            d.u.i.k.p.r.p.TestFile    ... success: reloaded. 
212536     INFO  main            d.u.i.k.p.r.p.TestFile    Now processing file /home/runner/work/key/key/key.core/../key.ui/examples/standard_key/quantifiers/normalisation3.key 
212537     INFO  main            d.u.i.k.p.i.AbstractProblemLoader Loading environment from /home/runner/work/key/key/key.core/../key.ui/examples/standard_key/quantifiers/normalisation3.key 
212537     DEBUG main            d.u.i.k.p.i.AbstractProblemLoader Environment load took 72.1ns 
212538     INFO  main            d.u.i.k.p.i.AbstractProblemLoader Creating init config 
214690     DEBUG main            d.u.i.k.p.i.AbstractProblemLoader Init config took 2.15s 
214703     INFO  main            d.u.i.k.p.i.AbstractProblemLoader Replaying proof normalisation3.key 
214704     DEBUG main            d.u.i.k.p.i.IntermediateProofReplayer Proof replay took 6.2ns 
214806     INFO  main            d.u.i.k.p.r.p.TestFile    ... finished proof: closed. 
215109     INFO  main            d.u.i.k.p.i.AbstractProblemLoader Loading environment from /home/runner/work/key/key/key.core/../key.ui/examples/standard_key/quantifiers/normalisation3.key.proof 
215109     DEBUG main            d.u.i.k.p.i.AbstractProblemLoader Environment load took 82.3ns 
215110     INFO  main            d.u.i.k.p.i.AbstractProblemLoader Creating init config 
217231     DEBUG main            d.u.i.k.p.i.AbstractProblemLoader Init config took 2.12s 
217246     INFO  main            d.u.i.k.p.i.AbstractProblemLoader Replaying proof normalisation3.key.proof 
217249     DEBUG main            d.u.i.k.p.i.IntermediateProofReplayer Proof replay took 1.75ms 
217250     DEBUG main            d.u.i.k.p.r.p.TestFile    ... success: reloaded. 
217251     INFO  main            d.u.i.k.p.r.p.TestFile    Now processing file /home/runner/work/key/key/key.core/../key.ui/examples/standard_key/quantifiers/normalisation4.key 
217253     INFO  main            d.u.i.k.p.i.AbstractProblemLoader Loading environment from /home/runner/work/key/key/key.core/../key.ui/examples/standard_key/quantifiers/normalisation4.key 
217253     DEBUG main            d.u.i.k.p.i.AbstractProblemLoader Environment load took 166.1ns 
217254     INFO  main            d.u.i.k.p.i.AbstractProblemLoader Creating init config 
219409     DEBUG main            d.u.i.k.p.i.AbstractProblemLoader Init config took 2.15s 
219421     INFO  main            d.u.i.k.p.i.AbstractProblemLoader Replaying proof normalisation4.key 
219422     DEBUG main            d.u.i.k.p.i.IntermediateProofReplayer Proof replay took 23.8ns 
219524     INFO  main            d.u.i.k.p.r.p.TestFile    ... finished proof: closed. 
219826     INFO  main            d.u.i.k.p.i.AbstractProblemLoader Loading environment from /home/runner/work/key/key/key.core/../key.ui/examples/standard_key/quantifiers/normalisation4.key.proof 
219826     DEBUG main            d.u.i.k.p.i.AbstractProblemLoader Environment load took 87.2ns 
219827     INFO  main            d.u.i.k.p.i.AbstractProblemLoader Creating init config 
221956     DEBUG main            d.u.i.k.p.i.AbstractProblemLoader Init config took 2.13s 
221968     INFO  main            d.u.i.k.p.i.AbstractProblemLoader Replaying proof normalisation4.key.proof 
221972     DEBUG main            d.u.i.k.p.i.IntermediateProofReplayer Proof replay took 1.85ms 
221973     DEBUG main            d.u.i.k.p.r.p.TestFile    ... success: reloaded. 
221973     INFO  main            d.u.i.k.p.r.p.TestFile    Now processing file /home/runner/work/key/key/key.core/../key.ui/examples/standard_key/quantifiers/normalisation5.key 
221974     INFO  main            d.u.i.k.p.i.AbstractProblemLoader Loading environment from /home/runner/work/key/key/key.core/../key.ui/examples/standard_key/quantifiers/normalisation5.key 
221974     DEBUG main            d.u.i.k.p.i.AbstractProblemLoader Environment load took 188.8ns 
221975     INFO  main            d.u.i.k.p.i.AbstractProblemLoader Creating init config 
224124     DEBUG main            d.u.i.k.p.i.AbstractProblemLoader Init config took 2.15s 
224136     INFO  main            d.u.i.k.p.i.AbstractProblemLoader Replaying proof normalisation5.key 
224137     DEBUG main            d.u.i.k.p.i.IntermediateProofReplayer Proof replay took 5.3ns 
224238     INFO  main            d.u.i.k.p.r.p.TestFile    ... finished proof: closed. 
224551     INFO  main            d.u.i.k.p.i.AbstractProblemLoader Loading environment from /home/runner/work/key/key/key.core/../key.ui/examples/standard_key/quantifiers/normalisation5.key.proof 
224551     DEBUG main            d.u.i.k.p.i.AbstractProblemLoader Environment load took 82.3ns 
224552     INFO  main            d.u.i.k.p.i.AbstractProblemLoader Creating init config 
226681     DEBUG main            d.u.i.k.p.i.AbstractProblemLoader Init config took 2.13s 
226693     INFO  main            d.u.i.k.p.i.AbstractProblemLoader Replaying proof normalisation5.key.proof 
226695     DEBUG main            d.u.i.k.p.i.IntermediateProofReplayer Proof replay took 1.19ms 
226696     DEBUG main            d.u.i.k.p.r.p.TestFile    ... success: reloaded. 
226697     INFO  main            d.u.i.k.p.r.p.TestFile    Now processing file /home/runner/work/key/key/key.core/../key.ui/examples/standard_key/quantifiers/normalisation6.key 
226697     INFO  main            d.u.i.k.p.i.AbstractProblemLoader Loading environment from /home/runner/work/key/key/key.core/../key.ui/examples/standard_key/quantifiers/normalisation6.key 
226697     DEBUG main            d.u.i.k.p.i.AbstractProblemLoader Environment load took 122.2ns 
226698     INFO  main            d.u.i.k.p.i.AbstractProblemLoader Creating init config 
228854     DEBUG main            d.u.i.k.p.i.AbstractProblemLoader Init config took 2.16s 
228866     INFO  main            d.u.i.k.p.i.AbstractProblemLoader Replaying proof normalisation6.key 
228868     DEBUG main            d.u.i.k.p.i.IntermediateProofReplayer Proof replay took 5.8ns 
228970     INFO  main            d.u.i.k.p.r.p.TestFile    ... finished proof: closed. 
229284     INFO  main            d.u.i.k.p.i.AbstractProblemLoader Loading environment from /home/runner/work/key/key/key.core/../key.ui/examples/standard_key/quantifiers/normalisation6.key.proof 
229284     DEBUG main            d.u.i.k.p.i.AbstractProblemLoader Environment load took 75.7ns 
229285     INFO  main            d.u.i.k.p.i.AbstractProblemLoader Creating init config 
231409     DEBUG main            d.u.i.k.p.i.AbstractProblemLoader Init config took 2.12s 
231421     INFO  main            d.u.i.k.p.i.AbstractProblemLoader Replaying proof normalisation6.key.proof 
231424     DEBUG main            d.u.i.k.p.i.IntermediateProofReplayer Proof replay took 991.1ns 
231425     DEBUG main            d.u.i.k.p.r.p.TestFile    ... success: reloaded. 
231425     INFO  main            d.u.i.k.p.r.p.TestFile    Now processing file /home/runner/work/key/key/key.core/../key.ui/examples/standard_key/quantifiers/normalisation7.key 
231426     INFO  main            d.u.i.k.p.i.AbstractProblemLoader Loading environment from /home/runner/work/key/key/key.core/../key.ui/examples/standard_key/quantifiers/normalisation7.key 
231426     DEBUG main            d.u.i.k.p.i.AbstractProblemLoader Environment load took 69.4ns 
231426     INFO  main            d.u.i.k.p.i.AbstractProblemLoader Creating init config 
233574     DEBUG main            d.u.i.k.p.i.AbstractProblemLoader Init config took 2.15s 
233586     INFO  main            d.u.i.k.p.i.AbstractProblemLoader Replaying proof normalisation7.key 
233587     DEBUG main            d.u.i.k.p.i.IntermediateProofReplayer Proof replay took 6ns 
233688     INFO  main            d.u.i.k.p.r.p.TestFile    ... finished proof: closed. 
234017     INFO  main            d.u.i.k.p.i.AbstractProblemLoader Loading environment from /home/runner/work/key/key/key.core/../key.ui/examples/standard_key/quantifiers/normalisation7.key.proof 
234017     DEBUG main            d.u.i.k.p.i.AbstractProblemLoader Environment load took 84.7ns 
234018     INFO  main            d.u.i.k.p.i.AbstractProblemLoader Creating init config 
236138     DEBUG main            d.u.i.k.p.i.AbstractProblemLoader Init config took 2.12s 
236154     INFO  main            d.u.i.k.p.i.AbstractProblemLoader Replaying proof normalisation7.key.proof 
236157     DEBUG main            d.u.i.k.p.i.IntermediateProofReplayer Proof replay took 1ms 
236157     DEBUG main            d.u.i.k.p.r.p.TestFile    ... success: reloaded. 
236158     INFO  main            d.u.i.k.p.r.p.TestFile    Now processing file /home/runner/work/key/key/key.core/../key.ui/examples/standard_key/quantifiers/normalisation8.key 
236158     INFO  main            d.u.i.k.p.i.AbstractProblemLoader Loading environment from /home/runner/work/key/key/key.core/../key.ui/examples/standard_key/quantifiers/normalisation8.key 
236159     DEBUG main            d.u.i.k.p.i.AbstractProblemLoader Environment load took 138.2ns 
236160     INFO  main            d.u.i.k.p.i.AbstractProblemLoader Creating init config 
238314     DEBUG main            d.u.i.k.p.i.AbstractProblemLoader Init config took 2.15s 
238327     INFO  main            d.u.i.k.p.i.AbstractProblemLoader Replaying proof normalisation8.key 
238328     DEBUG main            d.u.i.k.p.i.IntermediateProofReplayer Proof replay took 6.4ns 
238430     INFO  main            d.u.i.k.p.r.p.TestFile    ... finished proof: closed. 
238762     INFO  main            d.u.i.k.p.i.AbstractProblemLoader Loading environment from /home/runner/work/key/key/key.core/../key.ui/examples/standard_key/quantifiers/normalisation8.key.proof 
238762     DEBUG main            d.u.i.k.p.i.AbstractProblemLoader Environment load took 76.3ns 
238763     INFO  main            d.u.i.k.p.i.AbstractProblemLoader Creating init config 
240898     DEBUG main            d.u.i.k.p.i.AbstractProblemLoader Init config took 2.13s 
240910     INFO  main            d.u.i.k.p.i.AbstractProblemLoader Replaying proof normalisation8.key.proof 
240914     DEBUG main            d.u.i.k.p.i.IntermediateProofReplayer Proof replay took 2.3ms 
240915     DEBUG main            d.u.i.k.p.r.p.TestFile    ... success: reloaded. 
240915     INFO  main            d.u.i.k.p.r.p.TestFile    Now processing file /home/runner/work/key/key/key.core/../key.ui/examples/standard_key/quantifiers/normalisation9.key 
240915     INFO  main            d.u.i.k.p.i.AbstractProblemLoader Loading environment from /home/runner/work/key/key/key.core/../key.ui/examples/standard_key/quantifiers/normalisation9.key 
240915     DEBUG main            d.u.i.k.p.i.AbstractProblemLoader Environment load took 66.7ns 
240916     INFO  main            d.u.i.k.p.i.AbstractProblemLoader Creating init config 
243058     DEBUG main            d.u.i.k.p.i.AbstractProblemLoader Init config took 2.14s 
243070     INFO  main            d.u.i.k.p.i.AbstractProblemLoader Replaying proof normalisation9.key 
243072     DEBUG main            d.u.i.k.p.i.IntermediateProofReplayer Proof replay took 7.6ns 
243173     INFO  main            d.u.i.k.p.r.p.TestFile    ... finished proof: closed. 
243511     INFO  main            d.u.i.k.p.i.AbstractProblemLoader Loading environment from /home/runner/work/key/key/key.core/../key.ui/examples/standard_key/quantifiers/normalisation9.key.proof 
243511     DEBUG main            d.u.i.k.p.i.AbstractProblemLoader Environment load took 78.7ns 
243512     INFO  main            d.u.i.k.p.i.AbstractProblemLoader Creating init config 
245634     DEBUG main            d.u.i.k.p.i.AbstractProblemLoader Init config took 2.12s 
245646     INFO  main            d.u.i.k.p.i.AbstractProblemLoader Replaying proof normalisation9.key.proof 
245650     DEBUG main            d.u.i.k.p.i.IntermediateProofReplayer Proof replay took 2.09ms 
245650     DEBUG main            d.u.i.k.p.r.p.TestFile    ... success: reloaded. 
245651     INFO  main            d.u.i.k.p.r.p.TestFile    Now processing file /home/runner/work/key/key/key.core/../key.ui/examples/standard_key/quantifiers/normalisation10.key 
245651     INFO  main            d.u.i.k.p.i.AbstractProblemLoader Loading environment from /home/runner/work/key/key/key.core/../key.ui/examples/standard_key/quantifiers/normalisation10.key 
245651     DEBUG main            d.u.i.k.p.i.AbstractProblemLoader Environment load took 68.4ns 
245652     INFO  main            d.u.i.k.p.i.AbstractProblemLoader Creating init config 
247815     DEBUG main            d.u.i.k.p.i.AbstractProblemLoader Init config took 2.16s 
247828     INFO  main            d.u.i.k.p.i.AbstractProblemLoader Replaying proof normalisation10.key 
247829     DEBUG main            d.u.i.k.p.i.IntermediateProofReplayer Proof replay took 6.1ns 
247931     INFO  main            d.u.i.k.p.r.p.TestFile    ... finished proof: closed. 
248282     INFO  main            d.u.i.k.p.i.AbstractProblemLoader Loading environment from /home/runner/work/key/key/key.core/../key.ui/examples/standard_key/quantifiers/normalisation10.key.proof 
248282     DEBUG main            d.u.i.k.p.i.AbstractProblemLoader Environment load took 75.9ns 
248283     INFO  main            d.u.i.k.p.i.AbstractProblemLoader Creating init config 
250427     DEBUG main            d.u.i.k.p.i.AbstractProblemLoader Init config took 2.14s 
250439     INFO  main            d.u.i.k.p.i.AbstractProblemLoader Replaying proof normalisation10.key.proof 
250443     DEBUG main            d.u.i.k.p.i.IntermediateProofReplayer Proof replay took 2.47ms 
250444     DEBUG main            d.u.i.k.p.r.p.TestFile    ... success: reloaded. 
250445     INFO  main            d.u.i.k.p.r.p.TestFile    Now processing file /home/runner/work/key/key/key.core/../key.ui/examples/standard_key/quantifiers/normalisation12.key 
250445     INFO  main            d.u.i.k.p.i.AbstractProblemLoader Loading environment from /home/runner/work/key/key/key.core/../key.ui/examples/standard_key/quantifiers/normalisation12.key 
250445     DEBUG main            d.u.i.k.p.i.AbstractProblemLoader Environment load took 44.2ns 
250446     INFO  main            d.u.i.k.p.i.AbstractProblemLoader Creating init config 
252601     DEBUG main            d.u.i.k.p.i.AbstractProblemLoader Init config took 2.16s 
252613     INFO  main            d.u.i.k.p.i.AbstractProblemLoader Replaying proof normalisation12.key 
252614     DEBUG main            d.u.i.k.p.i.IntermediateProofReplayer Proof replay took 6.1ns 
252716     INFO  main            d.u.i.k.p.r.p.TestFile    ... finished proof: closed. 
253056     INFO  main            d.u.i.k.p.i.AbstractProblemLoader Loading environment from /home/runner/work/key/key/key.core/../key.ui/examples/standard_key/quantifiers/normalisation12.key.proof 
253056     DEBUG main            d.u.i.k.p.i.AbstractProblemLoader Environment load took 75ns 
253057     INFO  main            d.u.i.k.p.i.AbstractProblemLoader Creating init config 
255179     DEBUG main            d.u.i.k.p.i.AbstractProblemLoader Init config took 2.12s 
255191     INFO  main            d.u.i.k.p.i.AbstractProblemLoader Replaying proof normalisation12.key.proof 
255200     DEBUG main            d.u.i.k.p.i.IntermediateProofReplayer Proof replay took 711.9ns 
255201     DEBUG main            d.u.i.k.p.r.p.TestFile    ... success: reloaded. 
255202     INFO  main            d.u.i.k.p.r.p.TestFile    Now processing file /home/runner/work/key/key/key.core/../key.ui/examples/standard_key/quantifiers/normalisation13.key 
255202     INFO  main            d.u.i.k.p.i.AbstractProblemLoader Loading environment from /home/runner/work/key/key/key.core/../key.ui/examples/standard_key/quantifiers/normalisation13.key 
255203     DEBUG main            d.u.i.k.p.i.AbstractProblemLoader Environment load took 142.8ns 
255203     INFO  main            d.u.i.k.p.i.AbstractProblemLoader Creating init config 
257363     DEBUG main            d.u.i.k.p.i.AbstractProblemLoader Init config took 2.16s 
257375     INFO  main            d.u.i.k.p.i.AbstractProblemLoader Replaying proof normalisation13.key 
257377     DEBUG main            d.u.i.k.p.i.IntermediateProofReplayer Proof replay took 6.2ns 
257478     INFO  main            d.u.i.k.p.r.p.TestFile    ... finished proof: closed. 
257825     INFO  main            d.u.i.k.p.i.AbstractProblemLoader Loading environment from /home/runner/work/key/key/key.core/../key.ui/examples/standard_key/quantifiers/normalisation13.key.proof 
257825     DEBUG main            d.u.i.k.p.i.AbstractProblemLoader Environment load took 78.2ns 
257826     INFO  main            d.u.i.k.p.i.AbstractProblemLoader Creating init config 
259947     DEBUG main            d.u.i.k.p.i.AbstractProblemLoader Init config took 2.12s 
259959     INFO  main            d.u.i.k.p.i.AbstractProblemLoader Replaying proof normalisation13.key.proof 
259960     DEBUG main            d.u.i.k.p.i.IntermediateProofReplayer Proof replay took 465.1ns 
259961     DEBUG main            d.u.i.k.p.r.p.TestFile    ... success: reloaded. 
259962     INFO  main            d.u.i.k.p.r.p.TestFile    Now processing file /home/runner/work/key/key/key.core/../key.ui/examples/standard_key/quantifiers/triggers0.key 
259962     INFO  main            d.u.i.k.p.i.AbstractProblemLoader Loading environment from /home/runner/work/key/key/key.core/../key.ui/examples/standard_key/quantifiers/triggers0.key 
259962     DEBUG main            d.u.i.k.p.i.AbstractProblemLoader Environment load took 44.9ns 
259963     INFO  main            d.u.i.k.p.i.AbstractProblemLoader Creating init config 
262121     DEBUG main            d.u.i.k.p.i.AbstractProblemLoader Init config took 2.16s 
262133     INFO  main            d.u.i.k.p.i.AbstractProblemLoader Replaying proof triggers0.key 
262135     DEBUG main            d.u.i.k.p.i.IntermediateProofReplayer Proof replay took 6.2ns 
262236     INFO  main            d.u.i.k.p.r.p.TestFile    ... finished proof: closed. 
262591     INFO  main            d.u.i.k.p.i.AbstractProblemLoader Loading environment from /home/runner/work/key/key/key.core/../key.ui/examples/standard_key/quantifiers/triggers0.key.proof 
262591     DEBUG main            d.u.i.k.p.i.AbstractProblemLoader Environment load took 75ns 
262592     INFO  main            d.u.i.k.p.i.AbstractProblemLoader Creating init config 
264718     DEBUG main            d.u.i.k.p.i.AbstractProblemLoader Init config took 2.13s 
264730     INFO  main            d.u.i.k.p.i.AbstractProblemLoader Replaying proof triggers0.key.proof 
264732     DEBUG main            d.u.i.k.p.i.IntermediateProofReplayer Proof replay took 778.1ns 
264733     DEBUG main            d.u.i.k.p.r.p.TestFile    ... success: reloaded. 
3673917    INFO  Test worker     d.u.i.k.p.r.p.StatisticsFile Returning from test FOL 
3673920    INFO  Test worker     d.u.i.k.p.r.p.StatisticsFile Running test strings 
310        INFO  Timeout watchdog d.u.i.k.p.r.p.ForkedTestFileRunner Timeout watcher launched (2000 secs.) 
323        WARN  main            d.u.i.k.s.ProofSettings   The settings in /home/runner/.key/proof-settings.props are *not* read. 
354        INFO  main            d.u.i.k.p.r.p.TestFile    Now processing file /home/runner/work/key/key/key.core/../key.ui/examples/standard_key/strings/charAt0.key 
453        INFO  main            d.u.i.k.p.i.AbstractProblemLoader Loading environment from /home/runner/work/key/key/key.core/../key.ui/examples/standard_key/strings/charAt0.key 
474        DEBUG main            d.u.i.k.p.i.AbstractProblemLoader Environment load took 2.21ms 
735        INFO  main            d.u.i.k.p.i.AbstractProblemLoader Creating init config 
1497       DEBUG main            d.u.i.k.j.TypeConverter   No LDT found for Meta 
1497       DEBUG main            d.u.i.k.j.TypeConverter   No LDT found for Meta 
1498       DEBUG main            d.u.i.k.j.TypeConverter   No LDT found for Meta 
1499       DEBUG main            d.u.i.k.j.TypeConverter   No LDT found for Meta 
3013       DEBUG main            d.u.i.k.j.TypeConverter   No LDT found for JavaBigintExpression 
7400       DEBUG main            d.u.i.k.p.i.AbstractProblemLoader Init config took 6.66s 
7460       INFO  main            d.u.i.k.p.i.AbstractProblemLoader Replaying proof charAt0.key 
7491       DEBUG main            d.u.i.k.p.i.IntermediateProofReplayer Proof replay took 33.1ns 
7848       INFO  main            d.u.i.k.p.r.p.TestFile    ... finished proof: closed. 
7944       INFO  main            d.u.i.k.p.i.AbstractProblemLoader Loading environment from /home/runner/work/key/key/key.core/../key.ui/examples/standard_key/strings/charAt0.key.proof 
7948       DEBUG main            d.u.i.k.p.i.AbstractProblemLoader Environment load took 3.9ms 
7952       INFO  main            d.u.i.k.p.i.AbstractProblemLoader Creating init config 
10417      DEBUG main            d.u.i.k.p.i.AbstractProblemLoader Init config took 2.46s 
10461      INFO  main            d.u.i.k.p.i.AbstractProblemLoader Replaying proof charAt0.key.proof 
10479      DEBUG main            d.u.i.k.p.i.IntermediateProofReplayer Proof replay took 12.88ms 
10489      DEBUG main            d.u.i.k.p.r.p.TestFile    ... success: reloaded. 
10490      INFO  main            d.u.i.k.p.r.p.TestFile    Now processing file /home/runner/work/key/key/key.core/../key.ui/examples/standard_key/strings/charAt1.key 
10491      INFO  main            d.u.i.k.p.i.AbstractProblemLoader Loading environment from /home/runner/work/key/key/key.core/../key.ui/examples/standard_key/strings/charAt1.key 
10491      DEBUG main            d.u.i.k.p.i.AbstractProblemLoader Environment load took 194.3ns 
10493      INFO  main            d.u.i.k.p.i.AbstractProblemLoader Creating init config 
12848      DEBUG main            d.u.i.k.p.i.AbstractProblemLoader Init config took 2.36s 
12877      INFO  main            d.u.i.k.p.i.AbstractProblemLoader Replaying proof charAt1.key 
12879      DEBUG main            d.u.i.k.p.i.IntermediateProofReplayer Proof replay took 6.2ns 
13083      INFO  main            d.u.i.k.p.r.p.TestFile    ... finished proof: closed. 
13209      INFO  main            d.u.i.k.p.i.AbstractProblemLoader Loading environment from /home/runner/work/key/key/key.core/../key.ui/examples/standard_key/strings/charAt1.key.proof 
13211      DEBUG main            d.u.i.k.p.i.AbstractProblemLoader Environment load took 1.32ms 
13212      INFO  main            d.u.i.k.p.i.AbstractProblemLoader Creating init config 
15511      DEBUG main            d.u.i.k.p.i.AbstractProblemLoader Init config took 2.3s 
15534      INFO  main            d.u.i.k.p.i.AbstractProblemLoader Replaying proof charAt1.key.proof 
15549      DEBUG main            d.u.i.k.p.i.IntermediateProofReplayer Proof replay took 11.22ms 
15550      DEBUG main            d.u.i.k.p.r.p.TestFile    ... success: reloaded. 
15551      INFO  main            d.u.i.k.p.r.p.TestFile    Now processing file /home/runner/work/key/key/key.core/../key.ui/examples/standard_key/strings/concat1.key 
15551      INFO  main            d.u.i.k.p.i.AbstractProblemLoader Loading environment from /home/runner/work/key/key/key.core/../key.ui/examples/standard_key/strings/concat1.key 
15551      DEBUG main            d.u.i.k.p.i.AbstractProblemLoader Environment load took 171.9ns 
15553      INFO  main            d.u.i.k.p.i.AbstractProblemLoader Creating init config 
17856      DEBUG main            d.u.i.k.p.i.AbstractProblemLoader Init config took 2.3s 
17876      INFO  main            d.u.i.k.p.i.AbstractProblemLoader Replaying proof concat1.key 
17878      DEBUG main            d.u.i.k.p.i.IntermediateProofReplayer Proof replay took 6.6ns 
17980      INFO  main            d.u.i.k.p.r.p.TestFile    ... finished proof: closed. 
18106      INFO  main            d.u.i.k.p.i.AbstractProblemLoader Loading environment from /home/runner/work/key/key/key.core/../key.ui/examples/standard_key/strings/concat1.key.proof 
18106      DEBUG main            d.u.i.k.p.i.AbstractProblemLoader Environment load took 130.9ns 
18108      INFO  main            d.u.i.k.p.i.AbstractProblemLoader Creating init config 
20406      DEBUG main            d.u.i.k.p.i.AbstractProblemLoader Init config took 2.3s 
20425      INFO  main            d.u.i.k.p.i.AbstractProblemLoader Replaying proof concat1.key.proof 
20432      DEBUG main            d.u.i.k.p.i.IntermediateProofReplayer Proof replay took 1.88ms 
20433      DEBUG main            d.u.i.k.p.r.p.TestFile    ... success: reloaded. 
20436      INFO  main            d.u.i.k.p.r.p.TestFile    Now processing file /home/runner/work/key/key/key.core/../key.ui/examples/standard_key/strings/concat2.key 
20436      INFO  main            d.u.i.k.p.i.AbstractProblemLoader Loading environment from /home/runner/work/key/key/key.core/../key.ui/examples/standard_key/strings/concat2.key 
20436      DEBUG main            d.u.i.k.p.i.AbstractProblemLoader Environment load took 202.7ns 
20438      INFO  main            d.u.i.k.p.i.AbstractProblemLoader Creating init config 
22729      DEBUG main            d.u.i.k.p.i.AbstractProblemLoader Init config took 2.29s 
22749      INFO  main            d.u.i.k.p.i.AbstractProblemLoader Replaying proof concat2.key 
22750      DEBUG main            d.u.i.k.p.i.IntermediateProofReplayer Proof replay took 5.8ns 
22855      INFO  main            d.u.i.k.p.r.p.TestFile    ... finished proof: closed. 
22991      INFO  main            d.u.i.k.p.i.AbstractProblemLoader Loading environment from /home/runner/work/key/key/key.core/../key.ui/examples/standard_key/strings/concat2.key.proof 
22992      DEBUG main            d.u.i.k.p.i.AbstractProblemLoader Environment load took 111.5ns 
22993      INFO  main            d.u.i.k.p.i.AbstractProblemLoader Creating init config 
25269      DEBUG main            d.u.i.k.p.i.AbstractProblemLoader Init config took 2.28s 
25288      INFO  main            d.u.i.k.p.i.AbstractProblemLoader Replaying proof concat2.key.proof 
25296      DEBUG main            d.u.i.k.p.i.IntermediateProofReplayer Proof replay took 6.67ms 
25297      DEBUG main            d.u.i.k.p.r.p.TestFile    ... success: reloaded. 
25298      INFO  main            d.u.i.k.p.r.p.TestFile    Now processing file /home/runner/work/key/key/key.core/../key.ui/examples/standard_key/strings/deriveLength1.key 
25298      INFO  main            d.u.i.k.p.i.AbstractProblemLoader Loading environment from /home/runner/work/key/key/key.core/../key.ui/examples/standard_key/strings/deriveLength1.key 
25299      DEBUG main            d.u.i.k.p.i.AbstractProblemLoader Environment load took 131.8ns 
25300      INFO  main            d.u.i.k.p.i.AbstractProblemLoader Creating init config 
27568      DEBUG main            d.u.i.k.p.i.AbstractProblemLoader Init config took 2.27s 
27587      INFO  main            d.u.i.k.p.i.AbstractProblemLoader Replaying proof deriveLength1.key 
27589      DEBUG main            d.u.i.k.p.i.IntermediateProofReplayer Proof replay took 6.3ns 
27691      INFO  main            d.u.i.k.p.r.p.TestFile    ... finished proof: closed. 
27838      INFO  main            d.u.i.k.p.i.AbstractProblemLoader Loading environment from /home/runner/work/key/key/key.core/../key.ui/examples/standard_key/strings/deriveLength1.key.proof 
27839      DEBUG main            d.u.i.k.p.i.AbstractProblemLoader Environment load took 116.7ns 
27840      INFO  main            d.u.i.k.p.i.AbstractProblemLoader Creating init config 
30049      DEBUG main            d.u.i.k.p.i.AbstractProblemLoader Init config took 2.21s 
30067      INFO  main            d.u.i.k.p.i.AbstractProblemLoader Replaying proof deriveLength1.key.proof 
30090      DEBUG main            d.u.i.k.p.i.IntermediateProofReplayer Proof replay took 20.63ms 
30094      DEBUG main            d.u.i.k.p.r.p.TestFile    ... success: reloaded. 
30096      INFO  main            d.u.i.k.p.r.p.TestFile    Now processing file /home/runner/work/key/key/key.core/../key.ui/examples/standard_key/strings/emptyStringLengthZero.key 
30096      INFO  main            d.u.i.k.p.i.AbstractProblemLoader Loading environment from /home/runner/work/key/key/key.core/../key.ui/examples/standard_key/strings/emptyStringLengthZero.key 
30096      DEBUG main            d.u.i.k.p.i.AbstractProblemLoader Environment load took 303.6ns 
30097      INFO  main            d.u.i.k.p.i.AbstractProblemLoader Creating init config 
32346      DEBUG main            d.u.i.k.p.i.AbstractProblemLoader Init config took 2.25s 
32365      INFO  main            d.u.i.k.p.i.AbstractProblemLoader Replaying proof emptyStringLengthZero.key 
32366      DEBUG main            d.u.i.k.p.i.IntermediateProofReplayer Proof replay took 5.6ns 
32469      INFO  main            d.u.i.k.p.r.p.TestFile    ... finished proof: closed. 
32666      INFO  main            d.u.i.k.p.i.AbstractProblemLoader Loading environment from /home/runner/work/key/key/key.core/../key.ui/examples/standard_key/strings/emptyStringLengthZero.key.proof 
32666      DEBUG main            d.u.i.k.p.i.AbstractProblemLoader Environment load took 115.8ns 
32667      INFO  main            d.u.i.k.p.i.AbstractProblemLoader Creating init config 
34863      DEBUG main            d.u.i.k.p.i.AbstractProblemLoader Init config took 2.2s 
34880      INFO  main            d.u.i.k.p.i.AbstractProblemLoader Replaying proof emptyStringLengthZero.key.proof 
34884      DEBUG main            d.u.i.k.p.i.IntermediateProofReplayer Proof replay took 2.56ms 
34885      DEBUG main            d.u.i.k.p.r.p.TestFile    ... success: reloaded. 
34886      INFO  main            d.u.i.k.p.r.p.TestFile    Now processing file /home/runner/work/key/key/key.core/../key.ui/examples/standard_key/strings/implicitBooleanStringConversion.key 
34886      INFO  main            d.u.i.k.p.i.AbstractProblemLoader Loading environment from /home/runner/work/key/key/key.core/../key.ui/examples/standard_key/strings/implicitBooleanStringConversion.key 
34887      DEBUG main            d.u.i.k.p.i.AbstractProblemLoader Environment load took 200.9ns 
34888      INFO  main            d.u.i.k.p.i.AbstractProblemLoader Creating init config 
37153      DEBUG main            d.u.i.k.p.i.AbstractProblemLoader Init config took 2.27s 
37174      INFO  main            d.u.i.k.p.i.AbstractProblemLoader Replaying proof implicitBooleanStringConversion.key 
37176      DEBUG main            d.u.i.k.p.i.IntermediateProofReplayer Proof replay took 6.1ns 
37991      INFO  main            d.u.i.k.p.r.p.TestFile    ... finished proof: closed. 
38166      INFO  main            d.u.i.k.p.i.AbstractProblemLoader Loading environment from /home/runner/work/key/key/key.core/../key.ui/examples/standard_key/strings/implicitBooleanStringConversion.key.proof 
38167      DEBUG main            d.u.i.k.p.i.AbstractProblemLoader Environment load took 348.1ns 
38168      INFO  main            d.u.i.k.p.i.AbstractProblemLoader Creating init config 
40390      DEBUG main            d.u.i.k.p.i.AbstractProblemLoader Init config took 2.22s 
40410      INFO  main            d.u.i.k.p.i.AbstractProblemLoader Replaying proof implicitBooleanStringConversion.key.proof 
40460      DEBUG main            d.u.i.k.p.i.IntermediateProofReplayer Proof replay took 44.61ms 
40461      DEBUG main            d.u.i.k.p.r.p.TestFile    ... success: reloaded. 
40461      INFO  main            d.u.i.k.p.r.p.TestFile    Now processing file /home/runner/work/key/key/key.core/../key.ui/examples/standard_key/strings/implicitBooleanStringConversion2.key 
40462      INFO  main            d.u.i.k.p.i.AbstractProblemLoader Loading environment from /home/runner/work/key/key/key.core/../key.ui/examples/standard_key/strings/implicitBooleanStringConversion2.key 
40462      DEBUG main            d.u.i.k.p.i.AbstractProblemLoader Environment load took 73.4ns 
40463      INFO  main            d.u.i.k.p.i.AbstractProblemLoader Creating init config 
42671      DEBUG main            d.u.i.k.p.i.AbstractProblemLoader Init config took 2.21s 
42689      INFO  main            d.u.i.k.p.i.AbstractProblemLoader Replaying proof implicitBooleanStringConversion2.key 
42690      DEBUG main            d.u.i.k.p.i.IntermediateProofReplayer Proof replay took 5.6ns 
42996      INFO  main            d.u.i.k.p.r.p.TestFile    ... finished proof: closed. 
43247      INFO  main            d.u.i.k.p.i.AbstractProblemLoader Loading environment from /home/runner/work/key/key/key.core/../key.ui/examples/standard_key/strings/implicitBooleanStringConversion2.key.proof 
43247      DEBUG main            d.u.i.k.p.i.AbstractProblemLoader Environment load took 328.1ns 
43249      INFO  main            d.u.i.k.p.i.AbstractProblemLoader Creating init config 
45435      DEBUG main            d.u.i.k.p.i.AbstractProblemLoader Init config took 2.19s 
45454      INFO  main            d.u.i.k.p.i.AbstractProblemLoader Replaying proof implicitBooleanStringConversion2.key.proof 
45476      DEBUG main            d.u.i.k.p.i.IntermediateProofReplayer Proof replay took 19.31ms 
45477      DEBUG main            d.u.i.k.p.r.p.TestFile    ... success: reloaded. 
45478      INFO  main            d.u.i.k.p.r.p.TestFile    Now processing file /home/runner/work/key/key/key.core/../key.ui/examples/standard_key/strings/implicitIntStringConversion.key 
45478      INFO  main            d.u.i.k.p.i.AbstractProblemLoader Loading environment from /home/runner/work/key/key/key.core/../key.ui/examples/standard_key/strings/implicitIntStringConversion.key 
45478      DEBUG main            d.u.i.k.p.i.AbstractProblemLoader Environment load took 73.4ns 
45479      INFO  main            d.u.i.k.p.i.AbstractProblemLoader Creating init config 
47757      DEBUG main            d.u.i.k.p.i.AbstractProblemLoader Init config took 2.28s 
47775      INFO  main            d.u.i.k.p.i.AbstractProblemLoader Replaying proof implicitIntStringConversion.key 
47776      DEBUG main            d.u.i.k.p.i.IntermediateProofReplayer Proof replay took 5.2ns 
48280      INFO  main            d.u.i.k.p.r.p.TestFile    ... finished proof: closed. 
48484      INFO  main            d.u.i.k.p.i.AbstractProblemLoader Loading environment from /home/runner/work/key/key/key.core/../key.ui/examples/standard_key/strings/implicitIntStringConversion.key.proof 
48484      DEBUG main            d.u.i.k.p.i.AbstractProblemLoader Environment load took 121.5ns 
48485      INFO  main            d.u.i.k.p.i.AbstractProblemLoader Creating init config 
50686      DEBUG main            d.u.i.k.p.i.AbstractProblemLoader Init config took 2.2s 
50704      INFO  main            d.u.i.k.p.i.AbstractProblemLoader Replaying proof implicitIntStringConversion.key.proof 
50741      DEBUG main            d.u.i.k.p.i.IntermediateProofReplayer Proof replay took 32.44ms 
50743      DEBUG main            d.u.i.k.p.r.p.TestFile    ... success: reloaded. 
50743      INFO  main            d.u.i.k.p.r.p.TestFile    Now processing file /home/runner/work/key/key/key.core/../key.ui/examples/standard_key/strings/implicitNullStringConversion.key 
50744      INFO  main            d.u.i.k.p.i.AbstractProblemLoader Loading environment from /home/runner/work/key/key/key.core/../key.ui/examples/standard_key/strings/implicitNullStringConversion.key 
50744      DEBUG main            d.u.i.k.p.i.AbstractProblemLoader Environment load took 162.3ns 
50745      INFO  main            d.u.i.k.p.i.AbstractProblemLoader Creating init config 
52904      DEBUG main            d.u.i.k.p.i.AbstractProblemLoader Init config took 2.16s 
52922      INFO  main            d.u.i.k.p.i.AbstractProblemLoader Replaying proof implicitNullStringConversion.key 
52924      DEBUG main            d.u.i.k.p.i.IntermediateProofReplayer Proof replay took 6.3ns 
53226      INFO  main            d.u.i.k.p.r.p.TestFile    ... finished proof: closed. 
53417      INFO  main            d.u.i.k.p.i.AbstractProblemLoader Loading environment from /home/runner/work/key/key/key.core/../key.ui/examples/standard_key/strings/implicitNullStringConversion.key.proof 
53418      DEBUG main            d.u.i.k.p.i.AbstractProblemLoader Environment load took 116.5ns 
53420      INFO  main            d.u.i.k.p.i.AbstractProblemLoader Creating init config 
55582      DEBUG main            d.u.i.k.p.i.AbstractProblemLoader Init config took 2.16s 
55603      INFO  main            d.u.i.k.p.i.AbstractProblemLoader Replaying proof implicitNullStringConversion.key.proof 
55635      DEBUG main            d.u.i.k.p.i.IntermediateProofReplayer Proof replay took 24.55ms 
55636      DEBUG main            d.u.i.k.p.r.p.TestFile    ... success: reloaded. 
55637      INFO  main            d.u.i.k.p.r.p.TestFile    Now processing file /home/runner/work/key/key/key.core/../key.ui/examples/standard_key/strings/implicitNullStringConversion2.key 
55637      INFO  main            d.u.i.k.p.i.AbstractProblemLoader Loading environment from /home/runner/work/key/key/key.core/../key.ui/examples/standard_key/strings/implicitNullStringConversion2.key 
55637      DEBUG main            d.u.i.k.p.i.AbstractProblemLoader Environment load took 167.5ns 
55638      INFO  main            d.u.i.k.p.i.AbstractProblemLoader Creating init config 
57845      DEBUG main            d.u.i.k.p.i.AbstractProblemLoader Init config took 2.21s 
57863      INFO  main            d.u.i.k.p.i.AbstractProblemLoader Replaying proof implicitNullStringConversion2.key 
57864      DEBUG main            d.u.i.k.p.i.IntermediateProofReplayer Proof replay took 5.8ns 
58067      INFO  main            d.u.i.k.p.r.p.TestFile    ... finished proof: closed. 
58253      INFO  main            d.u.i.k.p.i.AbstractProblemLoader Loading environment from /home/runner/work/key/key/key.core/../key.ui/examples/standard_key/strings/implicitNullStringConversion2.key.proof 
58253      DEBUG main            d.u.i.k.p.i.AbstractProblemLoader Environment load took 128.1ns 
58254      INFO  main            d.u.i.k.p.i.AbstractProblemLoader Creating init config 
60418      DEBUG main            d.u.i.k.p.i.AbstractProblemLoader Init config took 2.16s 
60437      INFO  main            d.u.i.k.p.i.AbstractProblemLoader Replaying proof implicitNullStringConversion2.key.proof 
60451      DEBUG main            d.u.i.k.p.i.IntermediateProofReplayer Proof replay took 11.97ms 
60452      DEBUG main            d.u.i.k.p.r.p.TestFile    ... success: reloaded. 
60453      INFO  main            d.u.i.k.p.r.p.TestFile    Now processing file /home/runner/work/key/key/key.core/../key.ui/examples/standard_key/strings/implicitObjectStringConversion.key 
60453      INFO  main            d.u.i.k.p.i.AbstractProblemLoader Loading environment from /home/runner/work/key/key/key.core/../key.ui/examples/standard_key/strings/implicitObjectStringConversion.key 
60453      DEBUG main            d.u.i.k.p.i.AbstractProblemLoader Environment load took 91.9ns 
60454      INFO  main            d.u.i.k.p.i.AbstractProblemLoader Creating init config 
62902      DEBUG main            d.u.i.k.p.i.AbstractProblemLoader Init config took 2.45s 
62919      INFO  main            d.u.i.k.p.i.AbstractProblemLoader Replaying proof implicitObjectStringConversion.key 
62920      DEBUG main            d.u.i.k.p.i.IntermediateProofReplayer Proof replay took 7.1ns 
63427      INFO  main            d.u.i.k.p.r.p.TestFile    ... finished proof: closed. 
63664      INFO  main            d.u.i.k.p.i.AbstractProblemLoader Loading environment from /home/runner/work/key/key/key.core/../key.ui/examples/standard_key/strings/implicitObjectStringConversion.key.proof 
63664      DEBUG main            d.u.i.k.p.i.AbstractProblemLoader Environment load took 416.6ns 
63666      INFO  main            d.u.i.k.p.i.AbstractProblemLoader Creating init config 
66030      DEBUG main            d.u.i.k.p.i.AbstractProblemLoader Init config took 2.36s 
66049      INFO  main            d.u.i.k.p.i.AbstractProblemLoader Replaying proof implicitObjectStringConversion.key.proof 
66090      DEBUG main            d.u.i.k.p.i.IntermediateProofReplayer Proof replay took 36.87ms 
66091      DEBUG main            d.u.i.k.p.r.p.TestFile    ... success: reloaded. 
66092      INFO  main            d.u.i.k.p.r.p.TestFile    Now processing file /home/runner/work/key/key/key.core/../key.ui/examples/standard_key/strings/literalEquality.key 
66092      INFO  main            d.u.i.k.p.i.AbstractProblemLoader Loading environment from /home/runner/work/key/key/key.core/../key.ui/examples/standard_key/strings/literalEquality.key 
66092      DEBUG main            d.u.i.k.p.i.AbstractProblemLoader Environment load took 113.6ns 
66093      INFO  main            d.u.i.k.p.i.AbstractProblemLoader Creating init config 
68304      DEBUG main            d.u.i.k.p.i.AbstractProblemLoader Init config took 2.21s 
68320      INFO  main            d.u.i.k.p.i.AbstractProblemLoader Replaying proof literalEquality.key 
68321      DEBUG main            d.u.i.k.p.i.IntermediateProofReplayer Proof replay took 6.6ns 
68427      INFO  main            d.u.i.k.p.r.p.TestFile    ... finished proof: closed. 
68694      INFO  main            d.u.i.k.p.i.AbstractProblemLoader Loading environment from /home/runner/work/key/key/key.core/../key.ui/examples/standard_key/strings/literalEquality.key.proof 
68694      DEBUG main            d.u.i.k.p.i.AbstractProblemLoader Environment load took 156.4ns 
68695      INFO  main            d.u.i.k.p.i.AbstractProblemLoader Creating init config 
70846      DEBUG main            d.u.i.k.p.i.AbstractProblemLoader Init config took 2.15s 
70861      INFO  main            d.u.i.k.p.i.AbstractProblemLoader Replaying proof literalEquality.key.proof 
70865      DEBUG main            d.u.i.k.p.i.IntermediateProofReplayer Proof replay took 1.84ms 
70866      DEBUG main            d.u.i.k.p.r.p.TestFile    ... success: reloaded. 
70866      INFO  main            d.u.i.k.p.r.p.TestFile    Now processing file /home/runner/work/key/key/key.core/../key.ui/examples/standard_key/strings/replace0.key 
70866      INFO  main            d.u.i.k.p.i.AbstractProblemLoader Loading environment from /home/runner/work/key/key/key.core/../key.ui/examples/standard_key/strings/replace0.key 
70866      DEBUG main            d.u.i.k.p.i.AbstractProblemLoader Environment load took 81.5ns 
70867      INFO  main            d.u.i.k.p.i.AbstractProblemLoader Creating init config 
73051      DEBUG main            d.u.i.k.p.i.AbstractProblemLoader Init config took 2.18s 
73065      INFO  main            d.u.i.k.p.i.AbstractProblemLoader Replaying proof replace0.key 
73066      DEBUG main            d.u.i.k.p.i.IntermediateProofReplayer Proof replay took 6.3ns 
73169      INFO  main            d.u.i.k.p.r.p.TestFile    ... finished proof: closed. 
73358      INFO  main            d.u.i.k.p.i.AbstractProblemLoader Loading environment from /home/runner/work/key/key/key.core/../key.ui/examples/standard_key/strings/replace0.key.proof 
73358      DEBUG main            d.u.i.k.p.i.AbstractProblemLoader Environment load took 445.6ns 
73359      INFO  main            d.u.i.k.p.i.AbstractProblemLoader Creating init config 
75494      DEBUG main            d.u.i.k.p.i.AbstractProblemLoader Init config took 2.13s 
75509      INFO  main            d.u.i.k.p.i.AbstractProblemLoader Replaying proof replace0.key.proof 
75513      DEBUG main            d.u.i.k.p.i.IntermediateProofReplayer Proof replay took 2.22ms 
75514      DEBUG main            d.u.i.k.p.r.p.TestFile    ... success: reloaded. 
75515      INFO  main            d.u.i.k.p.r.p.TestFile    Now processing file /home/runner/work/key/key/key.core/../key.ui/examples/standard_key/strings/replace1.key 
75515      INFO  main            d.u.i.k.p.i.AbstractProblemLoader Loading environment from /home/runner/work/key/key/key.core/../key.ui/examples/standard_key/strings/replace1.key 
75515      DEBUG main            d.u.i.k.p.i.AbstractProblemLoader Environment load took 161.4ns 
75516      INFO  main            d.u.i.k.p.i.AbstractProblemLoader Creating init config 
77721      DEBUG main            d.u.i.k.p.i.AbstractProblemLoader Init config took 2.2s 
77734      INFO  main            d.u.i.k.p.i.AbstractProblemLoader Replaying proof replace1.key 
77735      DEBUG main            d.u.i.k.p.i.IntermediateProofReplayer Proof replay took 5.8ns 
77839      INFO  main            d.u.i.k.p.r.p.TestFile    ... finished proof: closed. 
78028      INFO  main            d.u.i.k.p.i.AbstractProblemLoader Loading environment from /home/runner/work/key/key/key.core/../key.ui/examples/standard_key/strings/replace1.key.proof 
78029      DEBUG main            d.u.i.k.p.i.AbstractProblemLoader Environment load took 121.7ns 
78030      INFO  main            d.u.i.k.p.i.AbstractProblemLoader Creating init config 
80193      DEBUG main            d.u.i.k.p.i.AbstractProblemLoader Init config took 2.16s 
80207      INFO  main            d.u.i.k.p.i.AbstractProblemLoader Replaying proof replace1.key.proof 
80217      DEBUG main            d.u.i.k.p.i.IntermediateProofReplayer Proof replay took 8.54ms 
80220      DEBUG main            d.u.i.k.p.r.p.TestFile    ... success: reloaded. 
80221      INFO  main            d.u.i.k.p.r.p.TestFile    Now processing file /home/runner/work/key/key/key.core/../key.ui/examples/standard_key/strings/simpleAssignment.key 
80221      INFO  main            d.u.i.k.p.i.AbstractProblemLoader Loading environment from /home/runner/work/key/key/key.core/../key.ui/examples/standard_key/strings/simpleAssignment.key 
80221      DEBUG main            d.u.i.k.p.i.AbstractProblemLoader Environment load took 70.2ns 
80222      INFO  main            d.u.i.k.p.i.AbstractProblemLoader Creating init config 
82395      DEBUG main            d.u.i.k.p.i.AbstractProblemLoader Init config took 2.17s 
82409      INFO  main            d.u.i.k.p.i.AbstractProblemLoader Replaying proof simpleAssignment.key 
82410      DEBUG main            d.u.i.k.p.i.IntermediateProofReplayer Proof replay took 6.2ns 
82512      INFO  main            d.u.i.k.p.r.p.TestFile    ... finished proof: closed. 
82715      INFO  main            d.u.i.k.p.i.AbstractProblemLoader Loading environment from /home/runner/work/key/key/key.core/../key.ui/examples/standard_key/strings/simpleAssignment.key.proof 
82715      DEBUG main            d.u.i.k.p.i.AbstractProblemLoader Environment load took 104.1ns 
82716      INFO  main            d.u.i.k.p.i.AbstractProblemLoader Creating init config 
84856      DEBUG main            d.u.i.k.p.i.AbstractProblemLoader Init config took 2.14s 
84871      INFO  main            d.u.i.k.p.i.AbstractProblemLoader Replaying proof simpleAssignment.key.proof 
84875      DEBUG main            d.u.i.k.p.i.IntermediateProofReplayer Proof replay took 1.27ms 
84876      DEBUG main            d.u.i.k.p.r.p.TestFile    ... success: reloaded. 
84876      INFO  main            d.u.i.k.p.r.p.TestFile    Now processing file /home/runner/work/key/key/key.core/../key.ui/examples/standard_key/strings/simpleLengthComp.key 
84877      INFO  main            d.u.i.k.p.i.AbstractProblemLoader Loading environment from /home/runner/work/key/key/key.core/../key.ui/examples/standard_key/strings/simpleLengthComp.key 
84877      DEBUG main            d.u.i.k.p.i.AbstractProblemLoader Environment load took 154.1ns 
84878      INFO  main            d.u.i.k.p.i.AbstractProblemLoader Creating init config 
87026      DEBUG main            d.u.i.k.p.i.AbstractProblemLoader Init config took 2.15s 
87040      INFO  main            d.u.i.k.p.i.AbstractProblemLoader Replaying proof simpleLengthComp.key 
87042      DEBUG main            d.u.i.k.p.i.IntermediateProofReplayer Proof replay took 6.1ns 
87247      INFO  main            d.u.i.k.p.r.p.TestFile    ... finished proof: closed. 
87451      INFO  main            d.u.i.k.p.i.AbstractProblemLoader Loading environment from /home/runner/work/key/key/key.core/../key.ui/examples/standard_key/strings/simpleLengthComp.key.proof 
87451      DEBUG main            d.u.i.k.p.i.AbstractProblemLoader Environment load took 123ns 
87452      INFO  main            d.u.i.k.p.i.AbstractProblemLoader Creating init config 
89599      DEBUG main            d.u.i.k.p.i.AbstractProblemLoader Init config took 2.15s 
89614      INFO  main            d.u.i.k.p.i.AbstractProblemLoader Replaying proof simpleLengthComp.key.proof 
89637      DEBUG main            d.u.i.k.p.i.IntermediateProofReplayer Proof replay took 21.39ms 
89638      DEBUG main            d.u.i.k.p.r.p.TestFile    ... success: reloaded. 
89639      INFO  main            d.u.i.k.p.r.p.TestFile    Now processing file /home/runner/work/key/key/key.core/../key.ui/examples/standard_key/strings/stringCompileTimeConstant1.key 
89640      INFO  main            d.u.i.k.p.i.AbstractProblemLoader Loading environment from /home/runner/work/key/key/key.core/../key.ui/examples/standard_key/strings/stringCompileTimeConstant1.key 
89640      DEBUG main            d.u.i.k.p.i.AbstractProblemLoader Environment load took 150.8ns 
89641      INFO  main            d.u.i.k.p.i.AbstractProblemLoader Creating init config 
91843      DEBUG main            d.u.i.k.p.i.AbstractProblemLoader Init config took 2.2s 
91857      INFO  main            d.u.i.k.p.i.AbstractProblemLoader Replaying proof stringCompileTimeConstant1.key 
91859      DEBUG main            d.u.i.k.p.i.IntermediateProofReplayer Proof replay took 6ns 
91963      INFO  main            d.u.i.k.p.r.p.TestFile    ... finished proof: closed. 
92171      INFO  main            d.u.i.k.p.i.AbstractProblemLoader Loading environment from /home/runner/work/key/key/key.core/../key.ui/examples/standard_key/strings/stringCompileTimeConstant1.key.proof 
92171      DEBUG main            d.u.i.k.p.i.AbstractProblemLoader Environment load took 99.2ns 
92172      INFO  main            d.u.i.k.p.i.AbstractProblemLoader Creating init config 
94297      DEBUG main            d.u.i.k.p.i.AbstractProblemLoader Init config took 2.12s 
94311      INFO  main            d.u.i.k.p.i.AbstractProblemLoader Replaying proof stringCompileTimeConstant1.key.proof 
94324      DEBUG main            d.u.i.k.p.i.IntermediateProofReplayer Proof replay took 11.39ms 
94326      DEBUG main            d.u.i.k.p.r.p.TestFile    ... success: reloaded. 
94326      INFO  main            d.u.i.k.p.r.p.TestFile    Now processing file /home/runner/work/key/key/key.core/../key.ui/examples/standard_key/strings/stringCompileTimeConstant2.key 
94327      INFO  main            d.u.i.k.p.i.AbstractProblemLoader Loading environment from /home/runner/work/key/key/key.core/../key.ui/examples/standard_key/strings/stringCompileTimeConstant2.key 
94327      DEBUG main            d.u.i.k.p.i.AbstractProblemLoader Environment load took 153.4ns 
94328      INFO  main            d.u.i.k.p.i.AbstractProblemLoader Creating init config 
96704      DEBUG main            d.u.i.k.p.i.AbstractProblemLoader Init config took 2.38s 
96720      INFO  main            d.u.i.k.p.i.AbstractProblemLoader Replaying proof stringCompileTimeConstant2.key 
96723      DEBUG main            d.u.i.k.p.i.IntermediateProofReplayer Proof replay took 8.9ns 
99441      INFO  main            d.u.i.k.p.r.p.TestFile    ... finished proof: closed. 
99691      INFO  main            d.u.i.k.p.i.AbstractProblemLoader Loading environment from /home/runner/work/key/key/key.core/../key.ui/examples/standard_key/strings/stringCompileTimeConstant2.key.proof 
99691      DEBUG main            d.u.i.k.p.i.AbstractProblemLoader Environment load took 112.9ns 
99692      INFO  main            d.u.i.k.p.i.AbstractProblemLoader Creating init config 
101988     DEBUG main            d.u.i.k.p.i.AbstractProblemLoader Init config took 2.3s 
102004     INFO  main            d.u.i.k.p.i.AbstractProblemLoader Replaying proof stringCompileTimeConstant2.key.proof 
102271     DEBUG main            d.u.i.k.p.i.IntermediateProofReplayer Proof replay took 249.06ms 
102273     DEBUG main            d.u.i.k.p.r.p.TestFile    ... success: reloaded. 
102274     INFO  main            d.u.i.k.p.r.p.TestFile    Now processing file /home/runner/work/key/key/key.core/../key.ui/examples/standard_key/strings/stringEquality1.key 
102275     INFO  main            d.u.i.k.p.i.AbstractProblemLoader Loading environment from /home/runner/work/key/key/key.core/../key.ui/examples/standard_key/strings/stringEquality1.key 
102275     DEBUG main            d.u.i.k.p.i.AbstractProblemLoader Environment load took 156.7ns 
102276     INFO  main            d.u.i.k.p.i.AbstractProblemLoader Creating init config 
104479     DEBUG main            d.u.i.k.p.i.AbstractProblemLoader Init config took 2.2s 
104493     INFO  main            d.u.i.k.p.i.AbstractProblemLoader Replaying proof stringEquality1.key 
104494     DEBUG main            d.u.i.k.p.i.IntermediateProofReplayer Proof replay took 6.6ns 
104596     INFO  main            d.u.i.k.p.r.p.TestFile    ... finished proof: closed. 
104869     INFO  main            d.u.i.k.p.i.AbstractProblemLoader Loading environment from /home/runner/work/key/key/key.core/../key.ui/examples/standard_key/strings/stringEquality1.key.proof 
104869     DEBUG main            d.u.i.k.p.i.AbstractProblemLoader Environment load took 112.6ns 
104870     INFO  main            d.u.i.k.p.i.AbstractProblemLoader Creating init config 
106994     DEBUG main            d.u.i.k.p.i.AbstractProblemLoader Init config took 2.12s 
107007     INFO  main            d.u.i.k.p.i.AbstractProblemLoader Replaying proof stringEquality1.key.proof 
107013     DEBUG main            d.u.i.k.p.i.IntermediateProofReplayer Proof replay took 3.75ms 
107013     DEBUG main            d.u.i.k.p.r.p.TestFile    ... success: reloaded. 
107014     INFO  main            d.u.i.k.p.r.p.TestFile    Now processing file /home/runner/work/key/key/key.core/../key.ui/examples/standard_key/strings/stringEquality2.key 
107014     INFO  main            d.u.i.k.p.i.AbstractProblemLoader Loading environment from /home/runner/work/key/key/key.core/../key.ui/examples/standard_key/strings/stringEquality2.key 
107014     DEBUG main            d.u.i.k.p.i.AbstractProblemLoader Environment load took 76.3ns 
107015     INFO  main            d.u.i.k.p.i.AbstractProblemLoader Creating init config 
109183     DEBUG main            d.u.i.k.p.i.AbstractProblemLoader Init config took 2.17s 
109196     INFO  main            d.u.i.k.p.i.AbstractProblemLoader Replaying proof stringEquality2.key 
109197     DEBUG main            d.u.i.k.p.i.IntermediateProofReplayer Proof replay took 6.3ns 
109501     INFO  main            d.u.i.k.p.r.p.TestFile    ... finished proof: closed. 
109740     INFO  main            d.u.i.k.p.i.AbstractProblemLoader Loading environment from /home/runner/work/key/key/key.core/../key.ui/examples/standard_key/strings/stringEquality2.key.proof 
109740     DEBUG main            d.u.i.k.p.i.AbstractProblemLoader Environment load took 97.8ns 
109741     INFO  main            d.u.i.k.p.i.AbstractProblemLoader Creating init config 
111854     DEBUG main            d.u.i.k.p.i.AbstractProblemLoader Init config took 2.11s 
111867     INFO  main            d.u.i.k.p.i.AbstractProblemLoader Replaying proof stringEquality2.key.proof 
111888     DEBUG main            d.u.i.k.p.i.IntermediateProofReplayer Proof replay took 17.45ms 
111889     DEBUG main            d.u.i.k.p.r.p.TestFile    ... success: reloaded. 
111890     INFO  main            d.u.i.k.p.r.p.TestFile    Now processing file /home/runner/work/key/key/key.core/../key.ui/examples/standard_key/strings/substring0.key 
111890     INFO  main            d.u.i.k.p.i.AbstractProblemLoader Loading environment from /home/runner/work/key/key/key.core/../key.ui/examples/standard_key/strings/substring0.key 
111890     DEBUG main            d.u.i.k.p.i.AbstractProblemLoader Environment load took 70.9ns 
111891     INFO  main            d.u.i.k.p.i.AbstractProblemLoader Creating init config 
114046     DEBUG main            d.u.i.k.p.i.AbstractProblemLoader Init config took 2.15s 
114059     INFO  main            d.u.i.k.p.i.AbstractProblemLoader Replaying proof substring0.key 
114060     DEBUG main            d.u.i.k.p.i.IntermediateProofReplayer Proof replay took 6ns 
114165     INFO  main            d.u.i.k.p.r.p.TestFile    ... finished proof: closed. 
114410     INFO  main            d.u.i.k.p.i.AbstractProblemLoader Loading environment from /home/runner/work/key/key/key.core/../key.ui/examples/standard_key/strings/substring0.key.proof 
114410     DEBUG main            d.u.i.k.p.i.AbstractProblemLoader Environment load took 97.3ns 
114412     INFO  main            d.u.i.k.p.i.AbstractProblemLoader Creating init config 
116552     DEBUG main            d.u.i.k.p.i.AbstractProblemLoader Init config took 2.14s 
116566     INFO  main            d.u.i.k.p.i.AbstractProblemLoader Replaying proof substring0.key.proof 
116568     DEBUG main            d.u.i.k.p.i.IntermediateProofReplayer Proof replay took 388.1ns 
116569     DEBUG main            d.u.i.k.p.r.p.TestFile    ... success: reloaded. 
116569     INFO  main            d.u.i.k.p.r.p.TestFile    Now processing file /home/runner/work/key/key/key.core/../key.ui/examples/standard_key/strings/substring1.key 
116569     INFO  main            d.u.i.k.p.i.AbstractProblemLoader Loading environment from /home/runner/work/key/key/key.core/../key.ui/examples/standard_key/strings/substring1.key 
116569     DEBUG main            d.u.i.k.p.i.AbstractProblemLoader Environment load took 74.4ns 
116570     INFO  main            d.u.i.k.p.i.AbstractProblemLoader Creating init config 
118766     DEBUG main            d.u.i.k.p.i.AbstractProblemLoader Init config took 2.2s 
118779     INFO  main            d.u.i.k.p.i.AbstractProblemLoader Replaying proof substring1.key 
118780     DEBUG main            d.u.i.k.p.i.IntermediateProofReplayer Proof replay took 6.2ns 
118881     INFO  main            d.u.i.k.p.r.p.TestFile    ... finished proof: closed. 
119107     INFO  main            d.u.i.k.p.i.AbstractProblemLoader Loading environment from /home/runner/work/key/key/key.core/../key.ui/examples/standard_key/strings/substring1.key.proof 
119108     DEBUG main            d.u.i.k.p.i.AbstractProblemLoader Environment load took 90.8ns 
119108     INFO  main            d.u.i.k.p.i.AbstractProblemLoader Creating init config 
121199     DEBUG main            d.u.i.k.p.i.AbstractProblemLoader Init config took 2.09s 
121212     INFO  main            d.u.i.k.p.i.AbstractProblemLoader Replaying proof substring1.key.proof 
121214     DEBUG main            d.u.i.k.p.i.IntermediateProofReplayer Proof replay took 443.5ns 
121215     DEBUG main            d.u.i.k.p.r.p.TestFile    ... success: reloaded. 
121215     INFO  main            d.u.i.k.p.r.p.TestFile    Now processing file /home/runner/work/key/key/key.core/../key.ui/examples/standard_key/strings/substring2.key 
121215     INFO  main            d.u.i.k.p.i.AbstractProblemLoader Loading environment from /home/runner/work/key/key/key.core/../key.ui/examples/standard_key/strings/substring2.key 
121215     DEBUG main            d.u.i.k.p.i.AbstractProblemLoader Environment load took 73ns 
121216     INFO  main            d.u.i.k.p.i.AbstractProblemLoader Creating init config 
123374     DEBUG main            d.u.i.k.p.i.AbstractProblemLoader Init config took 2.16s 
123387     INFO  main            d.u.i.k.p.i.AbstractProblemLoader Replaying proof substring2.key 
123388     DEBUG main            d.u.i.k.p.i.IntermediateProofReplayer Proof replay took 6.2ns 
123491     INFO  main            d.u.i.k.p.r.p.TestFile    ... finished proof: closed. 
123721     INFO  main            d.u.i.k.p.i.AbstractProblemLoader Loading environment from /home/runner/work/key/key/key.core/../key.ui/examples/standard_key/strings/substring2.key.proof 
123721     DEBUG main            d.u.i.k.p.i.AbstractProblemLoader Environment load took 93.2ns 
123722     INFO  main            d.u.i.k.p.i.AbstractProblemLoader Creating init config 
125809     DEBUG main            d.u.i.k.p.i.AbstractProblemLoader Init config took 2.09s 
125823     INFO  main            d.u.i.k.p.i.AbstractProblemLoader Replaying proof substring2.key.proof 
125827     DEBUG main            d.u.i.k.p.i.IntermediateProofReplayer Proof replay took 1.3ms 
125828     DEBUG main            d.u.i.k.p.r.p.TestFile    ... success: reloaded. 
125830     INFO  main            d.u.i.k.p.r.p.TestFile    Now processing file /home/runner/work/key/key/key.core/../key.ui/examples/standard_key/strings/substring3.key 
125830     INFO  main            d.u.i.k.p.i.AbstractProblemLoader Loading environment from /home/runner/work/key/key/key.core/../key.ui/examples/standard_key/strings/substring3.key 
125830     DEBUG main            d.u.i.k.p.i.AbstractProblemLoader Environment load took 146.4ns 
125831     INFO  main            d.u.i.k.p.i.AbstractProblemLoader Creating init config 
127988     DEBUG main            d.u.i.k.p.i.AbstractProblemLoader Init config took 2.16s 
128002     INFO  main            d.u.i.k.p.i.AbstractProblemLoader Replaying proof substring3.key 
128003     DEBUG main            d.u.i.k.p.i.IntermediateProofReplayer Proof replay took 14.5ns 
128105     INFO  main            d.u.i.k.p.r.p.TestFile    ... finished proof: closed. 
128335     INFO  main            d.u.i.k.p.i.AbstractProblemLoader Loading environment from /home/runner/work/key/key/key.core/../key.ui/examples/standard_key/strings/substring3.key.proof 
128335     DEBUG main            d.u.i.k.p.i.AbstractProblemLoader Environment load took 94.3ns 
128336     INFO  main            d.u.i.k.p.i.AbstractProblemLoader Creating init config 
130420     DEBUG main            d.u.i.k.p.i.AbstractProblemLoader Init config took 2.08s 
130434     INFO  main            d.u.i.k.p.i.AbstractProblemLoader Replaying proof substring3.key.proof 
130437     DEBUG main            d.u.i.k.p.i.IntermediateProofReplayer Proof replay took 1.45ms 
130438     DEBUG main            d.u.i.k.p.r.p.TestFile    ... success: reloaded. 
130438     INFO  main            d.u.i.k.p.r.p.TestFile    Now processing file /home/runner/work/key/key/key.core/../key.ui/examples/standard_key/strings/substring4.key 
130439     INFO  main            d.u.i.k.p.i.AbstractProblemLoader Loading environment from /home/runner/work/key/key/key.core/../key.ui/examples/standard_key/strings/substring4.key 
130439     DEBUG main            d.u.i.k.p.i.AbstractProblemLoader Environment load took 282.5ns 
130440     INFO  main            d.u.i.k.p.i.AbstractProblemLoader Creating init config 
132605     DEBUG main            d.u.i.k.p.i.AbstractProblemLoader Init config took 2.17s 
132618     INFO  main            d.u.i.k.p.i.AbstractProblemLoader Replaying proof substring4.key 
132619     DEBUG main            d.u.i.k.p.i.IntermediateProofReplayer Proof replay took 5.6ns 
132721     INFO  main            d.u.i.k.p.r.p.TestFile    ... finished proof: closed. 
132961     INFO  main            d.u.i.k.p.i.AbstractProblemLoader Loading environment from /home/runner/work/key/key/key.core/../key.ui/examples/standard_key/strings/substring4.key.proof 
132961     DEBUG main            d.u.i.k.p.i.AbstractProblemLoader Environment load took 93ns 
132962     INFO  main            d.u.i.k.p.i.AbstractProblemLoader Creating init config 
135066     DEBUG main            d.u.i.k.p.i.AbstractProblemLoader Init config took 2.1s 
135079     INFO  main            d.u.i.k.p.i.AbstractProblemLoader Replaying proof substring4.key.proof 
135083     DEBUG main            d.u.i.k.p.i.IntermediateProofReplayer Proof replay took 1.9ms 
135083     DEBUG main            d.u.i.k.p.r.p.TestFile    ... success: reloaded. 
135084     INFO  main            d.u.i.k.p.r.p.TestFile    Now processing file /home/runner/work/key/key/key.core/../key.ui/examples/standard_key/strings/substring5.key 
135084     INFO  main            d.u.i.k.p.i.AbstractProblemLoader Loading environment from /home/runner/work/key/key/key.core/../key.ui/examples/standard_key/strings/substring5.key 
135084     DEBUG main            d.u.i.k.p.i.AbstractProblemLoader Environment load took 70.1ns 
135085     INFO  main            d.u.i.k.p.i.AbstractProblemLoader Creating init config 
137209     DEBUG main            d.u.i.k.p.i.AbstractProblemLoader Init config took 2.12s 
137222     INFO  main            d.u.i.k.p.i.AbstractProblemLoader Replaying proof substring5.key 
137223     DEBUG main            d.u.i.k.p.i.IntermediateProofReplayer Proof replay took 6.5ns 
137425     INFO  main            d.u.i.k.p.r.p.TestFile    ... finished proof: closed. 
137688     INFO  main            d.u.i.k.p.i.AbstractProblemLoader Loading environment from /home/runner/work/key/key/key.core/../key.ui/examples/standard_key/strings/substring5.key.proof 
137688     DEBUG main            d.u.i.k.p.i.AbstractProblemLoader Environment load took 97.2ns 
137689     INFO  main            d.u.i.k.p.i.AbstractProblemLoader Creating init config 
139810     DEBUG main            d.u.i.k.p.i.AbstractProblemLoader Init config took 2.12s 
139824     INFO  main            d.u.i.k.p.i.AbstractProblemLoader Replaying proof substring5.key.proof 
139841     DEBUG main            d.u.i.k.p.i.IntermediateProofReplayer Proof replay took 13.12ms 
139842     DEBUG main            d.u.i.k.p.r.p.TestFile    ... success: reloaded. 
3813982    INFO  Test worker     d.u.i.k.p.r.p.StatisticsFile Returning from test strings 
3813985    INFO  Test worker     d.u.i.k.p.r.p.StatisticsFile Running test simple_info_flow 
399        WARN  main            d.u.i.k.s.ProofSettings   The settings in /home/runner/.key/proof-settings.props are *not* read. 
406        INFO  Timeout watchdog d.u.i.k.p.r.p.ForkedTestFileRunner Timeout watcher launched (2000 secs.) 
437        INFO  main            d.u.i.k.p.r.p.TestFile    Now processing file /home/runner/work/key/key/key.core/../key.ui/examples/heap/information_flow/UpdateAbstraction_ex7_1_insecure.key 
559        INFO  main            d.u.i.k.p.i.AbstractProblemLoader Loading environment from /home/runner/work/key/key/key.core/../key.ui/examples/heap/information_flow/UpdateAbstraction_ex7_1_insecure.key 
581        DEBUG main            d.u.i.k.p.i.AbstractProblemLoader Environment load took 3.62ms 
811        INFO  main            d.u.i.k.p.i.AbstractProblemLoader Creating init config 
1828       DEBUG main            d.u.i.k.j.TypeConverter   No LDT found for Meta 
1829       DEBUG main            d.u.i.k.j.TypeConverter   No LDT found for Meta 
1832       DEBUG main            d.u.i.k.j.TypeConverter   No LDT found for Meta 
1832       DEBUG main            d.u.i.k.j.TypeConverter   No LDT found for Meta 
3287       DEBUG main            d.u.i.k.j.TypeConverter   No LDT found for JavaBigintExpression 
8375       DEBUG main            d.u.i.k.p.i.AbstractProblemLoader Init config took 7.56s 
8552       INFO  main            d.u.i.k.p.i.AbstractProblemLoader Replaying proof UpdateAbstraction[UpdateAbstraction::ex7_1_insecure()].JML operation contract.0 
8624       DEBUG main            d.u.i.k.p.i.IntermediateProofReplayer Proof replay took 36.7ns 
9259       INFO  main            d.u.i.k.p.r.p.TestFile    ... finished proof: open goal(s) 
9371       INFO  main            d.u.i.k.p.r.p.TestFile    Now processing file /home/runner/work/key/key/key.core/../key.ui/examples/heap/information_flow/UpdateAbstraction_ex7_2_insecure.key 
9371       INFO  main            d.u.i.k.p.i.AbstractProblemLoader Loading environment from /home/runner/work/key/key/key.core/../key.ui/examples/heap/information_flow/UpdateAbstraction_ex7_2_insecure.key 
9372       DEBUG main            d.u.i.k.p.i.AbstractProblemLoader Environment load took 224.6ns 
9373       INFO  main            d.u.i.k.p.i.AbstractProblemLoader Creating init config 
12203      DEBUG main            d.u.i.k.p.i.AbstractProblemLoader Init config took 2.83s 
12280      INFO  main            d.u.i.k.p.i.AbstractProblemLoader Replaying proof UpdateAbstraction[UpdateAbstraction::ex7_2_insecure()].JML operation contract.0 
12282      DEBUG main            d.u.i.k.p.i.IntermediateProofReplayer Proof replay took 5.7ns 
12587      INFO  main            d.u.i.k.p.r.p.TestFile    ... finished proof: open goal(s) 
3826835    INFO  Test worker     d.u.i.k.p.r.p.StatisticsFile Returning from test simple_info_flow 
3826836    INFO  Test worker     d.u.i.k.p.r.p.StatisticsFile Running test modelMethods 
395        INFO  Timeout watchdog d.u.i.k.p.r.p.ForkedTestFileRunner Timeout watcher launched (2000 secs.) 
403        WARN  main            d.u.i.k.s.ProofSettings   The settings in /home/runner/.key/proof-settings.props are *not* read. 
430        INFO  main            d.u.i.k.p.r.p.TestFile    Now processing file /home/runner/work/key/key/key.core/../key.ui/examples/heap/model_methods/Cell_footprint_acc.key 
526        INFO  main            d.u.i.k.p.i.AbstractProblemLoader Loading environment from /home/runner/work/key/key/key.core/../key.ui/examples/heap/model_methods/Cell_footprint_acc.key 
546        DEBUG main            d.u.i.k.p.i.AbstractProblemLoader Environment load took 1.85ms 
773        INFO  main            d.u.i.k.p.i.AbstractProblemLoader Creating init config 
1676       DEBUG main            d.u.i.k.j.TypeConverter   No LDT found for Meta 
1677       DEBUG main            d.u.i.k.j.TypeConverter   No LDT found for Meta 
1678       DEBUG main            d.u.i.k.j.TypeConverter   No LDT found for Meta 
1678       DEBUG main            d.u.i.k.j.TypeConverter   No LDT found for Meta 
3111       DEBUG main            d.u.i.k.j.TypeConverter   No LDT found for JavaBigintExpression 
8278       DEBUG main            d.u.i.k.p.i.AbstractProblemLoader Init config took 7.51s 
8470       INFO  main            d.u.i.k.p.i.AbstractProblemLoader Replaying proof Cell[Cell::footprint()].JML accessible clause.0 
8507       DEBUG main            d.u.i.k.p.i.IntermediateProofReplayer Proof replay took 34ns 
8942       INFO  main            d.u.i.k.p.r.p.TestFile    ... finished proof: closed. 
9043       INFO  main            d.u.i.k.p.i.AbstractProblemLoader Loading environment from /home/runner/work/key/key/key.core/../key.ui/examples/heap/model_methods/Cell_footprint_acc.key.proof 
9043       DEBUG main            d.u.i.k.p.i.AbstractProblemLoader Environment load took 148.5ns 
9046       INFO  main            d.u.i.k.p.i.AbstractProblemLoader Creating init config 
11995      DEBUG main            d.u.i.k.p.i.AbstractProblemLoader Init config took 2.95s 
12105      INFO  main            d.u.i.k.p.i.AbstractProblemLoader Replaying proof Cell[Cell::footprint()].JML accessible clause.0 
12127      DEBUG main            d.u.i.k.p.i.IntermediateProofReplayer Proof replay took 17.17ms 
12133      DEBUG main            d.u.i.k.p.r.p.TestFile    ... success: reloaded. 
12135      INFO  main            d.u.i.k.p.r.p.TestFile    Now processing file /home/runner/work/key/key/key.core/../key.ui/examples/heap/model_methods/Cell_footprint.key 
12136      INFO  main            d.u.i.k.p.i.AbstractProblemLoader Loading environment from /home/runner/work/key/key/key.core/../key.ui/examples/heap/model_methods/Cell_footprint.key 
12136      DEBUG main            d.u.i.k.p.i.AbstractProblemLoader Environment load took 187.1ns 
12137      INFO  main            d.u.i.k.p.i.AbstractProblemLoader Creating init config 
15013      DEBUG main            d.u.i.k.p.i.AbstractProblemLoader Init config took 2.88s 
15112      INFO  main            d.u.i.k.p.i.AbstractProblemLoader Replaying proof Cell[Cell::footprint()].JML model_behavior operation contract.0 
15117      DEBUG main            d.u.i.k.p.i.IntermediateProofReplayer Proof replay took 7.6ns 
15220      INFO  main            d.u.i.k.p.r.p.TestFile    ... finished proof: closed. 
15344      INFO  main            d.u.i.k.p.i.AbstractProblemLoader Loading environment from /home/runner/work/key/key/key.core/../key.ui/examples/heap/model_methods/Cell_footprint.key.proof 
15344      DEBUG main            d.u.i.k.p.i.AbstractProblemLoader Environment load took 130.5ns 
15346      INFO  main            d.u.i.k.p.i.AbstractProblemLoader Creating init config 
18043      DEBUG main            d.u.i.k.p.i.AbstractProblemLoader Init config took 2.7s 
18095      INFO  main            d.u.i.k.p.i.AbstractProblemLoader Replaying proof Cell[Cell::footprint()].JML model_behavior operation contract.0 
18105      DEBUG main            d.u.i.k.p.i.IntermediateProofReplayer Proof replay took 7.58ms 
18106      DEBUG main            d.u.i.k.p.r.p.TestFile    ... success: reloaded. 
18108      INFO  main            d.u.i.k.p.r.p.TestFile    Now processing file /home/runner/work/key/key/key.core/../key.ui/examples/heap/model_methods/Cell_get_acc.key 
18108      INFO  main            d.u.i.k.p.i.AbstractProblemLoader Loading environment from /home/runner/work/key/key/key.core/../key.ui/examples/heap/model_methods/Cell_get_acc.key 
18108      DEBUG main            d.u.i.k.p.i.AbstractProblemLoader Environment load took 169.4ns 
18110      INFO  main            d.u.i.k.p.i.AbstractProblemLoader Creating init config 
20757      DEBUG main            d.u.i.k.p.i.AbstractProblemLoader Init config took 2.65s 
20807      INFO  main            d.u.i.k.p.i.AbstractProblemLoader Replaying proof Cell[Cell::get()].JML accessible clause.0 
20809      DEBUG main            d.u.i.k.p.i.IntermediateProofReplayer Proof replay took 6.7ns 
21021      INFO  main            d.u.i.k.p.r.p.TestFile    ... finished proof: closed. 
21151      INFO  main            d.u.i.k.p.i.AbstractProblemLoader Loading environment from /home/runner/work/key/key/key.core/../key.ui/examples/heap/model_methods/Cell_get_acc.key.proof 
21154      DEBUG main            d.u.i.k.p.i.AbstractProblemLoader Environment load took 2.59ms 
21155      INFO  main            d.u.i.k.p.i.AbstractProblemLoader Creating init config 
23772      DEBUG main            d.u.i.k.p.i.AbstractProblemLoader Init config took 2.62s 
23822      INFO  main            d.u.i.k.p.i.AbstractProblemLoader Replaying proof Cell[Cell::get()].JML accessible clause.0 
23855      DEBUG main            d.u.i.k.p.i.IntermediateProofReplayer Proof replay took 30.51ms 
23856      DEBUG main            d.u.i.k.p.r.p.TestFile    ... success: reloaded. 
23857      INFO  main            d.u.i.k.p.r.p.TestFile    Now processing file /home/runner/work/key/key/key.core/../key.ui/examples/heap/model_methods/Cell_get.key 
23858      INFO  main            d.u.i.k.p.i.AbstractProblemLoader Loading environment from /home/runner/work/key/key/key.core/../key.ui/examples/heap/model_methods/Cell_get.key 
23858      DEBUG main            d.u.i.k.p.i.AbstractProblemLoader Environment load took 178.8ns 
23859      INFO  main            d.u.i.k.p.i.AbstractProblemLoader Creating init config 
26478      DEBUG main            d.u.i.k.p.i.AbstractProblemLoader Init config took 2.62s 
26528      INFO  main            d.u.i.k.p.i.AbstractProblemLoader Replaying proof Cell[Cell::get()].JML operation contract.0 
26530      DEBUG main            d.u.i.k.p.i.IntermediateProofReplayer Proof replay took 5.6ns 
26632      INFO  main            d.u.i.k.p.r.p.TestFile    ... finished proof: closed. 
26778      INFO  main            d.u.i.k.p.i.AbstractProblemLoader Loading environment from /home/runner/work/key/key/key.core/../key.ui/examples/heap/model_methods/Cell_get.key.proof 
26778      DEBUG main            d.u.i.k.p.i.AbstractProblemLoader Environment load took 117ns 
26779      INFO  main            d.u.i.k.p.i.AbstractProblemLoader Creating init config 
29349      DEBUG main            d.u.i.k.p.i.AbstractProblemLoader Init config took 2.57s 
29402      INFO  main            d.u.i.k.p.i.AbstractProblemLoader Replaying proof Cell[Cell::get()].JML operation contract.0 
29419      DEBUG main            d.u.i.k.p.i.IntermediateProofReplayer Proof replay took 14.67ms 
29420      DEBUG main            d.u.i.k.p.r.p.TestFile    ... success: reloaded. 
29421      INFO  main            d.u.i.k.p.r.p.TestFile    Now processing file /home/runner/work/key/key/key.core/../key.ui/examples/heap/model_methods/Cell_post_set.key 
29421      INFO  main            d.u.i.k.p.i.AbstractProblemLoader Loading environment from /home/runner/work/key/key/key.core/../key.ui/examples/heap/model_methods/Cell_post_set.key 
29422      DEBUG main            d.u.i.k.p.i.AbstractProblemLoader Environment load took 169.6ns 
29423      INFO  main            d.u.i.k.p.i.AbstractProblemLoader Creating init config 
32021      DEBUG main            d.u.i.k.p.i.AbstractProblemLoader Init config took 2.6s 
32067      INFO  main            d.u.i.k.p.i.AbstractProblemLoader Replaying proof Cell[Cell::post_set(int)].JML model_behavior operation contract.0 
32070      DEBUG main            d.u.i.k.p.i.IntermediateProofReplayer Proof replay took 5.8ns 
32171      INFO  main            d.u.i.k.p.r.p.TestFile    ... finished proof: closed. 
32315      INFO  main            d.u.i.k.p.i.AbstractProblemLoader Loading environment from /home/runner/work/key/key/key.core/../key.ui/examples/heap/model_methods/Cell_post_set.key.proof 
32315      DEBUG main            d.u.i.k.p.i.AbstractProblemLoader Environment load took 137.7ns 
32316      INFO  main            d.u.i.k.p.i.AbstractProblemLoader Creating init config 
34875      DEBUG main            d.u.i.k.p.i.AbstractProblemLoader Init config took 2.56s 
34922      INFO  main            d.u.i.k.p.i.AbstractProblemLoader Replaying proof Cell[Cell::post_set(int)].JML model_behavior operation contract.0 
34929      DEBUG main            d.u.i.k.p.i.IntermediateProofReplayer Proof replay took 5.36ms 
34930      DEBUG main            d.u.i.k.p.r.p.TestFile    ... success: reloaded. 
34931      INFO  main            d.u.i.k.p.r.p.TestFile    Now processing file /home/runner/work/key/key/key.core/../key.ui/examples/heap/model_methods/Cell_set.key 
34932      INFO  main            d.u.i.k.p.i.AbstractProblemLoader Loading environment from /home/runner/work/key/key/key.core/../key.ui/examples/heap/model_methods/Cell_set.key 
34932      DEBUG main            d.u.i.k.p.i.AbstractProblemLoader Environment load took 167.4ns 
34933      INFO  main            d.u.i.k.p.i.AbstractProblemLoader Creating init config 
37512      DEBUG main            d.u.i.k.p.i.AbstractProblemLoader Init config took 2.58s 
37570      INFO  main            d.u.i.k.p.i.AbstractProblemLoader Replaying proof Cell[Cell::set(int)].JML operation contract.0 
37571      DEBUG main            d.u.i.k.p.i.IntermediateProofReplayer Proof replay took 6.6ns 
43329      INFO  main            d.u.i.k.p.r.p.TestFile    ... finished proof: closed. 
43530      INFO  main            d.u.i.k.p.i.AbstractProblemLoader Loading environment from /home/runner/work/key/key/key.core/../key.ui/examples/heap/model_methods/Cell_set.key.proof 
43530      DEBUG main            d.u.i.k.p.i.AbstractProblemLoader Environment load took 193.3ns 
43531      INFO  main            d.u.i.k.p.i.AbstractProblemLoader Creating init config 
46088      DEBUG main            d.u.i.k.p.i.AbstractProblemLoader Init config took 2.56s 
46142      INFO  main            d.u.i.k.p.i.AbstractProblemLoader Replaying proof Cell[Cell::set(int)].JML operation contract.0 
46643      DEBUG main            d.u.i.k.p.i.IntermediateProofReplayer Proof replay took 478.88ms 
46645      DEBUG main            d.u.i.k.p.r.p.TestFile    ... success: reloaded. 
46647      INFO  main            d.u.i.k.p.r.p.TestFile    Now processing file /home/runner/work/key/key/key.core/../key.ui/examples/heap/model_methods/CellTest_callSet.key 
46647      INFO  main            d.u.i.k.p.i.AbstractProblemLoader Loading environment from /home/runner/work/key/key/key.core/../key.ui/examples/heap/model_methods/CellTest_callSet.key 
46647      DEBUG main            d.u.i.k.p.i.AbstractProblemLoader Environment load took 88.3ns 
46648      INFO  main            d.u.i.k.p.i.AbstractProblemLoader Creating init config 
49258      DEBUG main            d.u.i.k.p.i.AbstractProblemLoader Init config took 2.61s 
49302      INFO  main            d.u.i.k.p.i.AbstractProblemLoader Replaying proof CellTest[CellTest::callSet(Cell,int)].JML operation contract.0 
49303      DEBUG main            d.u.i.k.p.i.IntermediateProofReplayer Proof replay took 6.1ns 
49507      INFO  main            d.u.i.k.p.r.p.TestFile    ... finished proof: closed. 
49669      INFO  main            d.u.i.k.p.i.AbstractProblemLoader Loading environment from /home/runner/work/key/key/key.core/../key.ui/examples/heap/model_methods/CellTest_callSet.key.proof 
49669      DEBUG main            d.u.i.k.p.i.AbstractProblemLoader Environment load took 126.5ns 
49671      INFO  main            d.u.i.k.p.i.AbstractProblemLoader Creating init config 
52194      DEBUG main            d.u.i.k.p.i.AbstractProblemLoader Init config took 2.52s 
52237      INFO  main            d.u.i.k.p.i.AbstractProblemLoader Replaying proof CellTest[CellTest::callSet(Cell,int)].JML operation contract.0 
52275      DEBUG main            d.u.i.k.p.i.IntermediateProofReplayer Proof replay took 35.08ms 
52276      DEBUG main            d.u.i.k.p.r.p.TestFile    ... success: reloaded. 
52278      INFO  main            d.u.i.k.p.r.p.TestFile    Now processing file /home/runner/work/key/key/key.core/../key.ui/examples/heap/model_methods/CellTest_test2.key 
52278      INFO  main            d.u.i.k.p.i.AbstractProblemLoader Loading environment from /home/runner/work/key/key/key.core/../key.ui/examples/heap/model_methods/CellTest_test2.key 
52278      DEBUG main            d.u.i.k.p.i.AbstractProblemLoader Environment load took 164.2ns 
52279      INFO  main            d.u.i.k.p.i.AbstractProblemLoader Creating init config 
54846      DEBUG main            d.u.i.k.p.i.AbstractProblemLoader Init config took 2.57s 
54895      INFO  main            d.u.i.k.p.i.AbstractProblemLoader Replaying proof CellTest[CellTest::test2(Cell)].JML operation contract.0 
54897      DEBUG main            d.u.i.k.p.i.IntermediateProofReplayer Proof replay took 5.9ns 
55200      INFO  main            d.u.i.k.p.r.p.TestFile    ... finished proof: closed. 
55391      INFO  main            d.u.i.k.p.i.AbstractProblemLoader Loading environment from /home/runner/work/key/key/key.core/../key.ui/examples/heap/model_methods/CellTest_test2.key.proof 
55391      DEBUG main            d.u.i.k.p.i.AbstractProblemLoader Environment load took 117.2ns 
55392      INFO  main            d.u.i.k.p.i.AbstractProblemLoader Creating init config 
57906      DEBUG main            d.u.i.k.p.i.AbstractProblemLoader Init config took 2.51s 
57955      INFO  main            d.u.i.k.p.i.AbstractProblemLoader Replaying proof CellTest[CellTest::test2(Cell)].JML operation contract.0 
58024      DEBUG main            d.u.i.k.p.i.IntermediateProofReplayer Proof replay took 65.09ms 
58025      DEBUG main            d.u.i.k.p.r.p.TestFile    ... success: reloaded. 
58026      INFO  main            d.u.i.k.p.r.p.TestFile    Now processing file /home/runner/work/key/key/key.core/../key.ui/examples/heap/model_methods/CellTest_test.key 
58026      INFO  main            d.u.i.k.p.i.AbstractProblemLoader Loading environment from /home/runner/work/key/key/key.core/../key.ui/examples/heap/model_methods/CellTest_test.key 
58027      DEBUG main            d.u.i.k.p.i.AbstractProblemLoader Environment load took 167.6ns 
58027      INFO  main            d.u.i.k.p.i.AbstractProblemLoader Creating init config 
60584      DEBUG main            d.u.i.k.p.i.AbstractProblemLoader Init config took 2.56s 
60633      INFO  main            d.u.i.k.p.i.AbstractProblemLoader Replaying proof CellTest[CellTest::test(Recell)].JML operation contract.0 
60635      DEBUG main            d.u.i.k.p.i.IntermediateProofReplayer Proof replay took 5.9ns 
62343      INFO  main            d.u.i.k.p.r.p.TestFile    ... finished proof: closed. 
62550      INFO  main            d.u.i.k.p.i.AbstractProblemLoader Loading environment from /home/runner/work/key/key/key.core/../key.ui/examples/heap/model_methods/CellTest_test.key.proof 
62550      DEBUG main            d.u.i.k.p.i.AbstractProblemLoader Environment load took 343.8ns 
62552      INFO  main            d.u.i.k.p.i.AbstractProblemLoader Creating init config 
65059      DEBUG main            d.u.i.k.p.i.AbstractProblemLoader Init config took 2.51s 
65112      INFO  main            d.u.i.k.p.i.AbstractProblemLoader Replaying proof CellTest[CellTest::test(Recell)].JML operation contract.0 
65474      DEBUG main            d.u.i.k.p.i.IntermediateProofReplayer Proof replay took 347.4ms 
65475      DEBUG main            d.u.i.k.p.r.p.TestFile    ... success: reloaded. 
65477      INFO  main            d.u.i.k.p.r.p.TestFile    Now processing file /home/runner/work/key/key/key.core/../key.ui/examples/heap/model_methods/Coll1_add.key 
65477      INFO  main            d.u.i.k.p.i.AbstractProblemLoader Loading environment from /home/runner/work/key/key/key.core/../key.ui/examples/heap/model_methods/Coll1_add.key 
65477      DEBUG main            d.u.i.k.p.i.AbstractProblemLoader Environment load took 180.3ns 
65478      INFO  main            d.u.i.k.p.i.AbstractProblemLoader Creating init config 
68017      DEBUG main            d.u.i.k.p.i.AbstractProblemLoader Init config took 2.54s 
68057      INFO  main            d.u.i.k.p.i.AbstractProblemLoader Replaying proof Coll1[Coll::add(int)].JML operation contract.0 
68058      DEBUG main            d.u.i.k.p.i.IntermediateProofReplayer Proof replay took 6.3ns 
68162      INFO  main            d.u.i.k.p.r.p.TestFile    ... finished proof: closed. 
68335      INFO  main            d.u.i.k.p.i.AbstractProblemLoader Loading environment from /home/runner/work/key/key/key.core/../key.ui/examples/heap/model_methods/Coll1_add.key.proof 
68335      DEBUG main            d.u.i.k.p.i.AbstractProblemLoader Environment load took 116.7ns 
68336      INFO  main            d.u.i.k.p.i.AbstractProblemLoader Creating init config 
70828      DEBUG main            d.u.i.k.p.i.AbstractProblemLoader Init config took 2.49s 
70876      INFO  main            d.u.i.k.p.i.AbstractProblemLoader Replaying proof Coll1[Coll::add(int)].JML operation contract.0 
70884      DEBUG main            d.u.i.k.p.i.IntermediateProofReplayer Proof replay took 6.14ms 
70884      DEBUG main            d.u.i.k.p.r.p.TestFile    ... success: reloaded. 
70886      INFO  main            d.u.i.k.p.r.p.TestFile    Now processing file /home/runner/work/key/key/key.core/../key.ui/examples/heap/model_methods/Coll1_Coll1_add_pre.key 
70886      INFO  main            d.u.i.k.p.i.AbstractProblemLoader Loading environment from /home/runner/work/key/key/key.core/../key.ui/examples/heap/model_methods/Coll1_Coll1_add_pre.key 
70886      DEBUG main            d.u.i.k.p.i.AbstractProblemLoader Environment load took 164.1ns 
70887      INFO  main            d.u.i.k.p.i.AbstractProblemLoader Creating init config 
73493      DEBUG main            d.u.i.k.p.i.AbstractProblemLoader Init config took 2.61s 
73550      INFO  main            d.u.i.k.p.i.AbstractProblemLoader Replaying proof Coll1[Coll1::add_pre(int)].JML model_behavior operation contract.0 
73552      DEBUG main            d.u.i.k.p.i.IntermediateProofReplayer Proof replay took 6.4ns 
73654      INFO  main            d.u.i.k.p.r.p.TestFile    ... finished proof: closed. 
73831      INFO  main            d.u.i.k.p.i.AbstractProblemLoader Loading environment from /home/runner/work/key/key/key.core/../key.ui/examples/heap/model_methods/Coll1_Coll1_add_pre.key.proof 
73831      DEBUG main            d.u.i.k.p.i.AbstractProblemLoader Environment load took 110.9ns 
73832      INFO  main            d.u.i.k.p.i.AbstractProblemLoader Creating init config 
76317      DEBUG main            d.u.i.k.p.i.AbstractProblemLoader Init config took 2.48s 
76361      INFO  main            d.u.i.k.p.i.AbstractProblemLoader Replaying proof Coll1[Coll1::add_pre(int)].JML model_behavior operation contract.0 
76364      DEBUG main            d.u.i.k.p.i.IntermediateProofReplayer Proof replay took 1.66ms 
76364      DEBUG main            d.u.i.k.p.r.p.TestFile    ... success: reloaded. 
76365      INFO  main            d.u.i.k.p.r.p.TestFile    Now processing file /home/runner/work/key/key/key.core/../key.ui/examples/heap/model_methods/Coll1_Coll_add_pre.key 
76366      INFO  main            d.u.i.k.p.i.AbstractProblemLoader Loading environment from /home/runner/work/key/key/key.core/../key.ui/examples/heap/model_methods/Coll1_Coll_add_pre.key 
76366      DEBUG main            d.u.i.k.p.i.AbstractProblemLoader Environment load took 75.4ns 
76367      INFO  main            d.u.i.k.p.i.AbstractProblemLoader Creating init config 
78871      DEBUG main            d.u.i.k.p.i.AbstractProblemLoader Init config took 2.5s 
78910      INFO  main            d.u.i.k.p.i.AbstractProblemLoader Replaying proof Coll1[Coll::add_pre(int)].JML model_behavior operation contract.0 
78911      DEBUG main            d.u.i.k.p.i.IntermediateProofReplayer Proof replay took 6.3ns 
79014      INFO  main            d.u.i.k.p.r.p.TestFile    ... finished proof: closed. 
79199      INFO  main            d.u.i.k.p.i.AbstractProblemLoader Loading environment from /home/runner/work/key/key/key.core/../key.ui/examples/heap/model_methods/Coll1_Coll_add_pre.key.proof 
79199      DEBUG main            d.u.i.k.p.i.AbstractProblemLoader Environment load took 112.9ns 
79200      INFO  main            d.u.i.k.p.i.AbstractProblemLoader Creating init config 
81667      DEBUG main            d.u.i.k.p.i.AbstractProblemLoader Init config took 2.47s 
81705      INFO  main            d.u.i.k.p.i.AbstractProblemLoader Replaying proof Coll1[Coll::add_pre(int)].JML model_behavior operation contract.0 
81720      DEBUG main            d.u.i.k.p.i.IntermediateProofReplayer Proof replay took 2.24ms 
81721      DEBUG main            d.u.i.k.p.r.p.TestFile    ... success: reloaded. 
81723      INFO  main            d.u.i.k.p.r.p.TestFile    Now processing file /home/runner/work/key/key/key.core/../key.ui/examples/heap/model_methods/Coll2_add.key 
81723      INFO  main            d.u.i.k.p.i.AbstractProblemLoader Loading environment from /home/runner/work/key/key/key.core/../key.ui/examples/heap/model_methods/Coll2_add.key 
81723      DEBUG main            d.u.i.k.p.i.AbstractProblemLoader Environment load took 162.5ns 
81724      INFO  main            d.u.i.k.p.i.AbstractProblemLoader Creating init config 
84247      DEBUG main            d.u.i.k.p.i.AbstractProblemLoader Init config took 2.52s 
84287      INFO  main            d.u.i.k.p.i.AbstractProblemLoader Replaying proof Coll2[Coll::add(int)].JML operation contract.0 
84288      DEBUG main            d.u.i.k.p.i.IntermediateProofReplayer Proof replay took 6.2ns 
84394      INFO  main            d.u.i.k.p.r.p.TestFile    ... finished proof: closed. 
84582      INFO  main            d.u.i.k.p.i.AbstractProblemLoader Loading environment from /home/runner/work/key/key/key.core/../key.ui/examples/heap/model_methods/Coll2_add.key.proof 
84582      DEBUG main            d.u.i.k.p.i.AbstractProblemLoader Environment load took 109.1ns 
84583      INFO  main            d.u.i.k.p.i.AbstractProblemLoader Creating init config 
87061      DEBUG main            d.u.i.k.p.i.AbstractProblemLoader Init config took 2.48s 
87102      INFO  main            d.u.i.k.p.i.AbstractProblemLoader Replaying proof Coll2[Coll::add(int)].JML operation contract.0 
87110      DEBUG main            d.u.i.k.p.i.IntermediateProofReplayer Proof replay took 5.46ms 
87112      DEBUG main            d.u.i.k.p.r.p.TestFile    ... success: reloaded. 
87113      INFO  main            d.u.i.k.p.r.p.TestFile    Now processing file /home/runner/work/key/key/key.core/../key.ui/examples/heap/model_methods/Coll2_Coll2_add_pre.key 
87114      INFO  main            d.u.i.k.p.i.AbstractProblemLoader Loading environment from /home/runner/work/key/key/key.core/../key.ui/examples/heap/model_methods/Coll2_Coll2_add_pre.key 
87114      DEBUG main            d.u.i.k.p.i.AbstractProblemLoader Environment load took 167ns 
87115      INFO  main            d.u.i.k.p.i.AbstractProblemLoader Creating init config 
89627      DEBUG main            d.u.i.k.p.i.AbstractProblemLoader Init config took 2.51s 
89664      INFO  main            d.u.i.k.p.i.AbstractProblemLoader Replaying proof Coll2[Coll2::add_pre(int)].JML model_behavior operation contract.0 
89665      DEBUG main            d.u.i.k.p.i.IntermediateProofReplayer Proof replay took 6.7ns 
89770      INFO  main            d.u.i.k.p.r.p.TestFile    ... finished proof: closed. 
89979      INFO  main            d.u.i.k.p.i.AbstractProblemLoader Loading environment from /home/runner/work/key/key/key.core/../key.ui/examples/heap/model_methods/Coll2_Coll2_add_pre.key.proof 
89979      DEBUG main            d.u.i.k.p.i.AbstractProblemLoader Environment load took 106.8ns 
89980      INFO  main            d.u.i.k.p.i.AbstractProblemLoader Creating init config 
92451      DEBUG main            d.u.i.k.p.i.AbstractProblemLoader Init config took 2.47s 
92488      INFO  main            d.u.i.k.p.i.AbstractProblemLoader Replaying proof Coll2[Coll2::add_pre(int)].JML model_behavior operation contract.0 
92490      DEBUG main            d.u.i.k.p.i.IntermediateProofReplayer Proof replay took 1.31ms 
92491      DEBUG main            d.u.i.k.p.r.p.TestFile    ... success: reloaded. 
92492      INFO  main            d.u.i.k.p.r.p.TestFile    Now processing file /home/runner/work/key/key/key.core/../key.ui/examples/heap/model_methods/Coll2_Coll_add_pre.key 
92493      INFO  main            d.u.i.k.p.i.AbstractProblemLoader Loading environment from /home/runner/work/key/key/key.core/../key.ui/examples/heap/model_methods/Coll2_Coll_add_pre.key 
92493      DEBUG main            d.u.i.k.p.i.AbstractProblemLoader Environment load took 168.1ns 
92494      INFO  main            d.u.i.k.p.i.AbstractProblemLoader Creating init config 
95006      DEBUG main            d.u.i.k.p.i.AbstractProblemLoader Init config took 2.51s 
95043      INFO  main            d.u.i.k.p.i.AbstractProblemLoader Replaying proof Coll2[Coll::add_pre(int)].JML model_behavior operation contract.0 
95045      DEBUG main            d.u.i.k.p.i.IntermediateProofReplayer Proof replay took 5.8ns 
95147      INFO  main            d.u.i.k.p.r.p.TestFile    ... finished proof: closed. 
95338      INFO  main            d.u.i.k.p.i.AbstractProblemLoader Loading environment from /home/runner/work/key/key/key.core/../key.ui/examples/heap/model_methods/Coll2_Coll_add_pre.key.proof 
95338      DEBUG main            d.u.i.k.p.i.AbstractProblemLoader Environment load took 102.4ns 
95339      INFO  main            d.u.i.k.p.i.AbstractProblemLoader Creating init config 
97788      DEBUG main            d.u.i.k.p.i.AbstractProblemLoader Init config took 2.45s 
97825      INFO  main            d.u.i.k.p.i.AbstractProblemLoader Replaying proof Coll2[Coll::add_pre(int)].JML model_behavior operation contract.0 
97829      DEBUG main            d.u.i.k.p.i.IntermediateProofReplayer Proof replay took 1.79ms 
97829      DEBUG main            d.u.i.k.p.r.p.TestFile    ... success: reloaded. 
97831      INFO  main            d.u.i.k.p.r.p.TestFile    Now processing file /home/runner/work/key/key/key.core/../key.ui/examples/heap/model_methods/Coll_add.key 
97831      INFO  main            d.u.i.k.p.i.AbstractProblemLoader Loading environment from /home/runner/work/key/key/key.core/../key.ui/examples/heap/model_methods/Coll_add.key 
97831      DEBUG main            d.u.i.k.p.i.AbstractProblemLoader Environment load took 153.3ns 
97832      INFO  main            d.u.i.k.p.i.AbstractProblemLoader Creating init config 
100364     DEBUG main            d.u.i.k.p.i.AbstractProblemLoader Init config took 2.53s 
100402     INFO  main            d.u.i.k.p.i.AbstractProblemLoader Replaying proof Coll[Coll::add(int)].JML operation contract.0 
100404     DEBUG main            d.u.i.k.p.i.IntermediateProofReplayer Proof replay took 6.1ns 
100505     INFO  main            d.u.i.k.p.r.p.TestFile    ... finished proof: closed. 
100704     INFO  main            d.u.i.k.p.i.AbstractProblemLoader Loading environment from /home/runner/work/key/key/key.core/../key.ui/examples/heap/model_methods/Coll_add.key.proof 
100704     DEBUG main            d.u.i.k.p.i.AbstractProblemLoader Environment load took 128.7ns 
100705     INFO  main            d.u.i.k.p.i.AbstractProblemLoader Creating init config 
103165     DEBUG main            d.u.i.k.p.i.AbstractProblemLoader Init config took 2.46s 
103202     INFO  main            d.u.i.k.p.i.AbstractProblemLoader Replaying proof Coll[Coll::add(int)].JML operation contract.0 
103205     DEBUG main            d.u.i.k.p.i.IntermediateProofReplayer Proof replay took 1.86ms 
103206     DEBUG main            d.u.i.k.p.r.p.TestFile    ... success: reloaded. 
103207     INFO  main            d.u.i.k.p.r.p.TestFile    Now processing file /home/runner/work/key/key/key.core/../key.ui/examples/heap/model_methods/Coll_add_pre.key 
103207     INFO  main            d.u.i.k.p.i.AbstractProblemLoader Loading environment from /home/runner/work/key/key/key.core/../key.ui/examples/heap/model_methods/Coll_add_pre.key 
103207     DEBUG main            d.u.i.k.p.i.AbstractProblemLoader Environment load took 84.1ns 
103208     INFO  main            d.u.i.k.p.i.AbstractProblemLoader Creating init config 
105733     DEBUG main            d.u.i.k.p.i.AbstractProblemLoader Init config took 2.52s 
105770     INFO  main            d.u.i.k.p.i.AbstractProblemLoader Replaying proof Coll[Coll::add_pre(int)].JML model_behavior operation contract.0 
105772     DEBUG main            d.u.i.k.p.i.IntermediateProofReplayer Proof replay took 6ns 
105874     INFO  main            d.u.i.k.p.r.p.TestFile    ... finished proof: closed. 
106084     INFO  main            d.u.i.k.p.i.AbstractProblemLoader Loading environment from /home/runner/work/key/key/key.core/../key.ui/examples/heap/model_methods/Coll_add_pre.key.proof 
106085     DEBUG main            d.u.i.k.p.i.AbstractProblemLoader Environment load took 141.4ns 
106086     INFO  main            d.u.i.k.p.i.AbstractProblemLoader Creating init config 
108548     DEBUG main            d.u.i.k.p.i.AbstractProblemLoader Init config took 2.46s 
108584     INFO  main            d.u.i.k.p.i.AbstractProblemLoader Replaying proof Coll[Coll::add_pre(int)].JML model_behavior operation contract.0 
108588     DEBUG main            d.u.i.k.p.i.IntermediateProofReplayer Proof replay took 2.25ms 
108589     DEBUG main            d.u.i.k.p.r.p.TestFile    ... success: reloaded. 
108590     INFO  main            d.u.i.k.p.r.p.TestFile    Now processing file /home/runner/work/key/key/key.core/../key.ui/examples/heap/model_methods/Indirect_callAdd.key 
108590     INFO  main            d.u.i.k.p.i.AbstractProblemLoader Loading environment from /home/runner/work/key/key/key.core/../key.ui/examples/heap/model_methods/Indirect_callAdd.key 
108590     DEBUG main            d.u.i.k.p.i.AbstractProblemLoader Environment load took 73.1ns 
108591     INFO  main            d.u.i.k.p.i.AbstractProblemLoader Creating init config 
111114     DEBUG main            d.u.i.k.p.i.AbstractProblemLoader Init config took 2.52s 
111150     INFO  main            d.u.i.k.p.i.AbstractProblemLoader Replaying proof Indirect[Indirect::callAdd(Coll,int)].JML operation contract.0 
111152     DEBUG main            d.u.i.k.p.i.IntermediateProofReplayer Proof replay took 6.3ns 
111254     INFO  main            d.u.i.k.p.r.p.TestFile    ... finished proof: closed. 
111483     INFO  main            d.u.i.k.p.i.AbstractProblemLoader Loading environment from /home/runner/work/key/key/key.core/../key.ui/examples/heap/model_methods/Indirect_callAdd.key.proof 
111483     DEBUG main            d.u.i.k.p.i.AbstractProblemLoader Environment load took 99ns 
111484     INFO  main            d.u.i.k.p.i.AbstractProblemLoader Creating init config 
113913     DEBUG main            d.u.i.k.p.i.AbstractProblemLoader Init config took 2.43s 
113962     INFO  main            d.u.i.k.p.i.AbstractProblemLoader Replaying proof Indirect[Indirect::callAdd(Coll,int)].JML operation contract.0 
113983     DEBUG main            d.u.i.k.p.i.IntermediateProofReplayer Proof replay took 18.89ms 
113984     DEBUG main            d.u.i.k.p.r.p.TestFile    ... success: reloaded. 
113985     INFO  main            d.u.i.k.p.r.p.TestFile    Now processing file /home/runner/work/key/key/key.core/../key.ui/examples/heap/model_methods/Indirect_test.key 
113985     INFO  main            d.u.i.k.p.i.AbstractProblemLoader Loading environment from /home/runner/work/key/key/key.core/../key.ui/examples/heap/model_methods/Indirect_test.key 
113985     DEBUG main            d.u.i.k.p.i.AbstractProblemLoader Environment load took 74.6ns 
113986     INFO  main            d.u.i.k.p.i.AbstractProblemLoader Creating init config 
116508     DEBUG main            d.u.i.k.p.i.AbstractProblemLoader Init config took 2.52s 
116545     INFO  main            d.u.i.k.p.i.AbstractProblemLoader Replaying proof Indirect[Indirect::test(Coll1,Coll2)].JML operation contract.0 
116546     DEBUG main            d.u.i.k.p.i.IntermediateProofReplayer Proof replay took 6.2ns 
116748     INFO  main            d.u.i.k.p.r.p.TestFile    ... finished proof: closed. 
116980     INFO  main            d.u.i.k.p.i.AbstractProblemLoader Loading environment from /home/runner/work/key/key/key.core/../key.ui/examples/heap/model_methods/Indirect_test.key.proof 
116980     DEBUG main            d.u.i.k.p.i.AbstractProblemLoader Environment load took 100.9ns 
116982     INFO  main            d.u.i.k.p.i.AbstractProblemLoader Creating init config 
119447     DEBUG main            d.u.i.k.p.i.AbstractProblemLoader Init config took 2.47s 
119490     INFO  main            d.u.i.k.p.i.AbstractProblemLoader Replaying proof Indirect[Indirect::test(Coll1,Coll2)].JML operation contract.0 
119547     DEBUG main            d.u.i.k.p.i.IntermediateProofReplayer Proof replay took 51.83ms 
119548     DEBUG main            d.u.i.k.p.r.p.TestFile    ... success: reloaded. 
119549     INFO  main            d.u.i.k.p.r.p.TestFile    Now processing file /home/runner/work/key/key/key.core/../key.ui/examples/heap/model_methods/Recell_Cell_footprint.key 
119549     INFO  main            d.u.i.k.p.i.AbstractProblemLoader Loading environment from /home/runner/work/key/key/key.core/../key.ui/examples/heap/model_methods/Recell_Cell_footprint.key 
119549     DEBUG main            d.u.i.k.p.i.AbstractProblemLoader Environment load took 120.3ns 
119550     INFO  main            d.u.i.k.p.i.AbstractProblemLoader Creating init config 
122050     DEBUG main            d.u.i.k.p.i.AbstractProblemLoader Init config took 2.5s 
122085     INFO  main            d.u.i.k.p.i.AbstractProblemLoader Replaying proof Recell[Cell::footprint()].JML model_behavior operation contract.0 
122087     DEBUG main            d.u.i.k.p.i.IntermediateProofReplayer Proof replay took 6.7ns 
122188     INFO  main            d.u.i.k.p.r.p.TestFile    ... finished proof: closed. 
122411     INFO  main            d.u.i.k.p.i.AbstractProblemLoader Loading environment from /home/runner/work/key/key/key.core/../key.ui/examples/heap/model_methods/Recell_Cell_footprint.key.proof 
122411     DEBUG main            d.u.i.k.p.i.AbstractProblemLoader Environment load took 96.4ns 
122412     INFO  main            d.u.i.k.p.i.AbstractProblemLoader Creating init config 
124868     DEBUG main            d.u.i.k.p.i.AbstractProblemLoader Init config took 2.46s 
124903     INFO  main            d.u.i.k.p.i.AbstractProblemLoader Replaying proof Recell[Cell::footprint()].JML model_behavior operation contract.0 
124907     DEBUG main            d.u.i.k.p.i.IntermediateProofReplayer Proof replay took 2.35ms 
124907     DEBUG main            d.u.i.k.p.r.p.TestFile    ... success: reloaded. 
124908     INFO  main            d.u.i.k.p.r.p.TestFile    Now processing file /home/runner/work/key/key/key.core/../key.ui/examples/heap/model_methods/Recell_Cell_post_set.key 
124909     INFO  main            d.u.i.k.p.i.AbstractProblemLoader Loading environment from /home/runner/work/key/key/key.core/../key.ui/examples/heap/model_methods/Recell_Cell_post_set.key 
124909     DEBUG main            d.u.i.k.p.i.AbstractProblemLoader Environment load took 80.7ns 
124909     INFO  main            d.u.i.k.p.i.AbstractProblemLoader Creating init config 
127486     DEBUG main            d.u.i.k.p.i.AbstractProblemLoader Init config took 2.58s 
127522     INFO  main            d.u.i.k.p.i.AbstractProblemLoader Replaying proof Recell[Cell::post_set(int)].JML model_behavior operation contract.0 
127523     DEBUG main            d.u.i.k.p.i.IntermediateProofReplayer Proof replay took 6.5ns 
127624     INFO  main            d.u.i.k.p.r.p.TestFile    ... finished proof: closed. 
127857     INFO  main            d.u.i.k.p.i.AbstractProblemLoader Loading environment from /home/runner/work/key/key/key.core/../key.ui/examples/heap/model_methods/Recell_Cell_post_set.key.proof 
127858     DEBUG main            d.u.i.k.p.i.AbstractProblemLoader Environment load took 99.7ns 
127858     INFO  main            d.u.i.k.p.i.AbstractProblemLoader Creating init config 
130331     DEBUG main            d.u.i.k.p.i.AbstractProblemLoader Init config took 2.47s 
130368     INFO  main            d.u.i.k.p.i.AbstractProblemLoader Replaying proof Recell[Cell::post_set(int)].JML model_behavior operation contract.0 
130372     DEBUG main            d.u.i.k.p.i.IntermediateProofReplayer Proof replay took 3.11ms 
130373     DEBUG main            d.u.i.k.p.r.p.TestFile    ... success: reloaded. 
130374     INFO  main            d.u.i.k.p.r.p.TestFile    Now processing file /home/runner/work/key/key/key.core/../key.ui/examples/heap/model_methods/Recell_footprint_acc.key 
130374     INFO  main            d.u.i.k.p.i.AbstractProblemLoader Loading environment from /home/runner/work/key/key/key.core/../key.ui/examples/heap/model_methods/Recell_footprint_acc.key 
130374     DEBUG main            d.u.i.k.p.i.AbstractProblemLoader Environment load took 56.2ns 
130375     INFO  main            d.u.i.k.p.i.AbstractProblemLoader Creating init config 
132893     DEBUG main            d.u.i.k.p.i.AbstractProblemLoader Init config took 2.52s 
132929     INFO  main            d.u.i.k.p.i.AbstractProblemLoader Replaying proof Recell[Cell::footprint()].JML accessible clause.0 
132930     DEBUG main            d.u.i.k.p.i.IntermediateProofReplayer Proof replay took 6.7ns 
133031     INFO  main            d.u.i.k.p.r.p.TestFile    ... finished proof: closed. 
133271     INFO  main            d.u.i.k.p.i.AbstractProblemLoader Loading environment from /home/runner/work/key/key/key.core/../key.ui/examples/heap/model_methods/Recell_footprint_acc.key.proof 
133271     DEBUG main            d.u.i.k.p.i.AbstractProblemLoader Environment load took 105ns 
133272     INFO  main            d.u.i.k.p.i.AbstractProblemLoader Creating init config 
135710     DEBUG main            d.u.i.k.p.i.AbstractProblemLoader Init config took 2.44s 
135745     INFO  main            d.u.i.k.p.i.AbstractProblemLoader Replaying proof Recell[Cell::footprint()].JML accessible clause.0 
135761     DEBUG main            d.u.i.k.p.i.IntermediateProofReplayer Proof replay took 13.88ms 
135762     DEBUG main            d.u.i.k.p.r.p.TestFile    ... success: reloaded. 
135763     INFO  main            d.u.i.k.p.r.p.TestFile    Now processing file /home/runner/work/key/key/key.core/../key.ui/examples/heap/model_methods/Recell_get_acc.key 
135763     INFO  main            d.u.i.k.p.i.AbstractProblemLoader Loading environment from /home/runner/work/key/key/key.core/../key.ui/examples/heap/model_methods/Recell_get_acc.key 
135763     DEBUG main            d.u.i.k.p.i.AbstractProblemLoader Environment load took 78.2ns 
135773     INFO  main            d.u.i.k.p.i.AbstractProblemLoader Creating init config 
138269     DEBUG main            d.u.i.k.p.i.AbstractProblemLoader Init config took 2.5s 
138305     INFO  main            d.u.i.k.p.i.AbstractProblemLoader Replaying proof Recell[Cell::get()].JML accessible clause.0 
138306     DEBUG main            d.u.i.k.p.i.IntermediateProofReplayer Proof replay took 7.5ns 
138408     INFO  main            d.u.i.k.p.r.p.TestFile    ... finished proof: closed. 
138691     INFO  main            d.u.i.k.p.i.AbstractProblemLoader Loading environment from /home/runner/work/key/key/key.core/../key.ui/examples/heap/model_methods/Recell_get_acc.key.proof 
138691     DEBUG main            d.u.i.k.p.i.AbstractProblemLoader Environment load took 95.9ns 
138692     INFO  main            d.u.i.k.p.i.AbstractProblemLoader Creating init config 
141129     DEBUG main            d.u.i.k.p.i.AbstractProblemLoader Init config took 2.44s 
141164     INFO  main            d.u.i.k.p.i.AbstractProblemLoader Replaying proof Recell[Cell::get()].JML accessible clause.0 
141179     DEBUG main            d.u.i.k.p.i.IntermediateProofReplayer Proof replay took 12.82ms 
141180     DEBUG main            d.u.i.k.p.r.p.TestFile    ... success: reloaded. 
141181     INFO  main            d.u.i.k.p.r.p.TestFile    Now processing file /home/runner/work/key/key/key.core/../key.ui/examples/heap/model_methods/Recell_get.key 
141181     INFO  main            d.u.i.k.p.i.AbstractProblemLoader Loading environment from /home/runner/work/key/key/key.core/../key.ui/examples/heap/model_methods/Recell_get.key 
141181     DEBUG main            d.u.i.k.p.i.AbstractProblemLoader Environment load took 78.8ns 
141182     INFO  main            d.u.i.k.p.i.AbstractProblemLoader Creating init config 
143666     DEBUG main            d.u.i.k.p.i.AbstractProblemLoader Init config took 2.48s 
143706     INFO  main            d.u.i.k.p.i.AbstractProblemLoader Replaying proof Recell[Cell::get()].JML operation contract.0 
143708     DEBUG main            d.u.i.k.p.i.IntermediateProofReplayer Proof replay took 6.4ns 
143809     INFO  main            d.u.i.k.p.r.p.TestFile    ... finished proof: closed. 
144094     INFO  main            d.u.i.k.p.i.AbstractProblemLoader Loading environment from /home/runner/work/key/key/key.core/../key.ui/examples/heap/model_methods/Recell_get.key.proof 
144094     DEBUG main            d.u.i.k.p.i.AbstractProblemLoader Environment load took 101.2ns 
144095     INFO  main            d.u.i.k.p.i.AbstractProblemLoader Creating init config 
146547     DEBUG main            d.u.i.k.p.i.AbstractProblemLoader Init config took 2.45s 
146583     INFO  main            d.u.i.k.p.i.AbstractProblemLoader Replaying proof Recell[Cell::get()].JML operation contract.0 
146593     DEBUG main            d.u.i.k.p.i.IntermediateProofReplayer Proof replay took 7.2ms 
146594     DEBUG main            d.u.i.k.p.r.p.TestFile    ... success: reloaded. 
146595     INFO  main            d.u.i.k.p.r.p.TestFile    Now processing file /home/runner/work/key/key/key.core/../key.ui/examples/heap/model_methods/Recell_Recell_footprint.key 
146595     INFO  main            d.u.i.k.p.i.AbstractProblemLoader Loading environment from /home/runner/work/key/key/key.core/../key.ui/examples/heap/model_methods/Recell_Recell_footprint.key 
146595     DEBUG main            d.u.i.k.p.i.AbstractProblemLoader Environment load took 81.7ns 
146597     INFO  main            d.u.i.k.p.i.AbstractProblemLoader Creating init config 
149104     DEBUG main            d.u.i.k.p.i.AbstractProblemLoader Init config took 2.51s 
149139     INFO  main            d.u.i.k.p.i.AbstractProblemLoader Replaying proof Recell[Recell::footprint()].JML model_behavior operation contract.0 
149140     DEBUG main            d.u.i.k.p.i.IntermediateProofReplayer Proof replay took 6.8ns 
149246     INFO  main            d.u.i.k.p.r.p.TestFile    ... finished proof: closed. 
149497     INFO  main            d.u.i.k.p.i.AbstractProblemLoader Loading environment from /home/runner/work/key/key/key.core/../key.ui/examples/heap/model_methods/Recell_Recell_footprint.key.proof 
149498     DEBUG main            d.u.i.k.p.i.AbstractProblemLoader Environment load took 96.4ns 
149498     INFO  main            d.u.i.k.p.i.AbstractProblemLoader Creating init config 
151937     DEBUG main            d.u.i.k.p.i.AbstractProblemLoader Init config took 2.44s 
151972     INFO  main            d.u.i.k.p.i.AbstractProblemLoader Replaying proof Recell[Recell::footprint()].JML model_behavior operation contract.0 
151975     DEBUG main            d.u.i.k.p.i.IntermediateProofReplayer Proof replay took 1.16ms 
151975     DEBUG main            d.u.i.k.p.r.p.TestFile    ... success: reloaded. 
151976     INFO  main            d.u.i.k.p.r.p.TestFile    Now processing file /home/runner/work/key/key/key.core/../key.ui/examples/heap/model_methods/Recell_Recell_post_set.key 
151977     INFO  main            d.u.i.k.p.i.AbstractProblemLoader Loading environment from /home/runner/work/key/key/key.core/../key.ui/examples/heap/model_methods/Recell_Recell_post_set.key 
151977     DEBUG main            d.u.i.k.p.i.AbstractProblemLoader Environment load took 214.6ns 
151977     INFO  main            d.u.i.k.p.i.AbstractProblemLoader Creating init config 
154463     DEBUG main            d.u.i.k.p.i.AbstractProblemLoader Init config took 2.49s 
154499     INFO  main            d.u.i.k.p.i.AbstractProblemLoader Replaying proof Recell[Recell::post_set(int)].JML model_behavior operation contract.0 
154500     DEBUG main            d.u.i.k.p.i.IntermediateProofReplayer Proof replay took 7.4ns 
154602     INFO  main            d.u.i.k.p.r.p.TestFile    ... finished proof: closed. 
154859     INFO  main            d.u.i.k.p.i.AbstractProblemLoader Loading environment from /home/runner/work/key/key/key.core/../key.ui/examples/heap/model_methods/Recell_Recell_post_set.key.proof 
154859     DEBUG main            d.u.i.k.p.i.AbstractProblemLoader Environment load took 88.6ns 
154860     INFO  main            d.u.i.k.p.i.AbstractProblemLoader Creating init config 
157299     DEBUG main            d.u.i.k.p.i.AbstractProblemLoader Init config took 2.44s 
157335     INFO  main            d.u.i.k.p.i.AbstractProblemLoader Replaying proof Recell[Recell::post_set(int)].JML model_behavior operation contract.0 
157339     DEBUG main            d.u.i.k.p.i.IntermediateProofReplayer Proof replay took 1.99ms 
157339     DEBUG main            d.u.i.k.p.r.p.TestFile    ... success: reloaded. 
157340     INFO  main            d.u.i.k.p.r.p.TestFile    Now processing file /home/runner/work/key/key/key.core/../key.ui/examples/heap/model_methods/Recell_set.key 
157340     INFO  main            d.u.i.k.p.i.AbstractProblemLoader Loading environment from /home/runner/work/key/key/key.core/../key.ui/examples/heap/model_methods/Recell_set.key 
157340     DEBUG main            d.u.i.k.p.i.AbstractProblemLoader Environment load took 91.9ns 
157341     INFO  main            d.u.i.k.p.i.AbstractProblemLoader Creating init config 
159850     DEBUG main            d.u.i.k.p.i.AbstractProblemLoader Init config took 2.51s 
159886     INFO  main            d.u.i.k.p.i.AbstractProblemLoader Replaying proof Recell[Cell::set(int)].JML operation contract.0 
159887     DEBUG main            d.u.i.k.p.i.IntermediateProofReplayer Proof replay took 7.5ns 
166134     INFO  main            d.u.i.k.p.r.p.TestFile    ... finished proof: closed. 
166420     INFO  main            d.u.i.k.p.i.AbstractProblemLoader Loading environment from /home/runner/work/key/key/key.core/../key.ui/examples/heap/model_methods/Recell_set.key.proof 
166421     DEBUG main            d.u.i.k.p.i.AbstractProblemLoader Environment load took 331ns 
166422     INFO  main            d.u.i.k.p.i.AbstractProblemLoader Creating init config 
168869     DEBUG main            d.u.i.k.p.i.AbstractProblemLoader Init config took 2.45s 
168905     INFO  main            d.u.i.k.p.i.AbstractProblemLoader Replaying proof Recell[Cell::set(int)].JML operation contract.0 
169257     DEBUG main            d.u.i.k.p.i.IntermediateProofReplayer Proof replay took 333.13ms 
169258     DEBUG main            d.u.i.k.p.r.p.TestFile    ... success: reloaded. 
169259     INFO  main            d.u.i.k.p.r.p.TestFile    Now processing file /home/runner/work/key/key/key.core/../key.ui/examples/heap/model_methods/Recell_undo.key 
169259     INFO  main            d.u.i.k.p.i.AbstractProblemLoader Loading environment from /home/runner/work/key/key/key.core/../key.ui/examples/heap/model_methods/Recell_undo.key 
169259     DEBUG main            d.u.i.k.p.i.AbstractProblemLoader Environment load took 150ns 
169260     INFO  main            d.u.i.k.p.i.AbstractProblemLoader Creating init config 
171744     DEBUG main            d.u.i.k.p.i.AbstractProblemLoader Init config took 2.48s 
171780     INFO  main            d.u.i.k.p.i.AbstractProblemLoader Replaying proof Recell[Recell::undo()].JML operation contract.0 
171781     DEBUG main            d.u.i.k.p.i.IntermediateProofReplayer Proof replay took 7.5ns 
171883     INFO  main            d.u.i.k.p.r.p.TestFile    ... finished proof: closed. 
172150     INFO  main            d.u.i.k.p.i.AbstractProblemLoader Loading environment from /home/runner/work/key/key/key.core/../key.ui/examples/heap/model_methods/Recell_undo.key.proof 
172150     DEBUG main            d.u.i.k.p.i.AbstractProblemLoader Environment load took 93.3ns 
172151     INFO  main            d.u.i.k.p.i.AbstractProblemLoader Creating init config 
174591     DEBUG main            d.u.i.k.p.i.AbstractProblemLoader Init config took 2.44s 
174630     INFO  main            d.u.i.k.p.i.AbstractProblemLoader Replaying proof Recell[Recell::undo()].JML operation contract.0 
174657     DEBUG main            d.u.i.k.p.i.IntermediateProofReplayer Proof replay took 23.76ms 
174658     DEBUG main            d.u.i.k.p.r.p.TestFile    ... success: reloaded. 
4001678    INFO  Test worker     d.u.i.k.p.r.p.StatisticsFile Returning from test modelMethods 
4001680    INFO  Test worker     d.u.i.k.p.r.p.StatisticsFile Running test permissionHeap 
374        INFO  Timeout watchdog d.u.i.k.p.r.p.ForkedTestFileRunner Timeout watcher launched (2000 secs.) 
378        WARN  main            d.u.i.k.s.ProofSettings   The settings in /home/runner/.key/proof-settings.props are *not* read. 
406        INFO  main            d.u.i.k.p.r.p.TestFile    Now processing file /home/runner/work/key/key/key.core/../key.ui/examples/heap/permissions/permissions_method0.key 
505        INFO  main            d.u.i.k.p.i.AbstractProblemLoader Loading environment from /home/runner/work/key/key/key.core/../key.ui/examples/heap/permissions/permissions_method0.key 
526        DEBUG main            d.u.i.k.p.i.AbstractProblemLoader Environment load took 2.09ms 
744        INFO  main            d.u.i.k.p.i.AbstractProblemLoader Creating init config 
1636       DEBUG main            d.u.i.k.j.TypeConverter   No LDT found for Meta 
1637       DEBUG main            d.u.i.k.j.TypeConverter   No LDT found for Meta 
1644       DEBUG main            d.u.i.k.j.TypeConverter   No LDT found for Meta 
1644       DEBUG main            d.u.i.k.j.TypeConverter   No LDT found for Meta 
3177       DEBUG main            d.u.i.k.j.TypeConverter   No LDT found for JavaBigintExpression 
7968       DEBUG main            d.u.i.k.p.i.AbstractProblemLoader Init config took 7.22s 
8104       INFO  main            d.u.i.k.p.i.AbstractProblemLoader Replaying proof MyClass[MyClass::method0()].JML normal_behavior operation contract.0 
8135       DEBUG main            d.u.i.k.p.i.IntermediateProofReplayer Proof replay took 34.3ns 
9062       INFO  main            d.u.i.k.p.r.p.TestFile    ... finished proof: closed. 
9171       INFO  main            d.u.i.k.p.i.AbstractProblemLoader Loading environment from /home/runner/work/key/key/key.core/../key.ui/examples/heap/permissions/permissions_method0.key.proof 
9172       DEBUG main            d.u.i.k.p.i.AbstractProblemLoader Environment load took 746.2ns 
9175       INFO  main            d.u.i.k.p.i.AbstractProblemLoader Creating init config 
12064      DEBUG main            d.u.i.k.p.i.AbstractProblemLoader Init config took 2.89s 
12124      INFO  main            d.u.i.k.p.i.AbstractProblemLoader Replaying proof MyClass[MyClass::method0()].JML normal_behavior operation contract.0 
12233      DEBUG main            d.u.i.k.p.i.IntermediateProofReplayer Proof replay took 102.89ms 
12239      DEBUG main            d.u.i.k.p.r.p.TestFile    ... success: reloaded. 
12241      INFO  main            d.u.i.k.p.r.p.TestFile    Now processing file /home/runner/work/key/key/key.core/../key.ui/examples/heap/permissions/permissions_method1.key 
12242      INFO  main            d.u.i.k.p.i.AbstractProblemLoader Loading environment from /home/runner/work/key/key/key.core/../key.ui/examples/heap/permissions/permissions_method1.key 
12242      DEBUG main            d.u.i.k.p.i.AbstractProblemLoader Environment load took 193.6ns 
12243      INFO  main            d.u.i.k.p.i.AbstractProblemLoader Creating init config 
14920      DEBUG main            d.u.i.k.p.i.AbstractProblemLoader Init config took 2.68s 
14979      INFO  main            d.u.i.k.p.i.AbstractProblemLoader Replaying proof MyClass[MyClass::method1()].JML normal_behavior operation contract.0 
14982      DEBUG main            d.u.i.k.p.i.IntermediateProofReplayer Proof replay took 5.8ns 
15287      INFO  main            d.u.i.k.p.r.p.TestFile    ... finished proof: closed. 
15423      INFO  main            d.u.i.k.p.i.AbstractProblemLoader Loading environment from /home/runner/work/key/key/key.core/../key.ui/examples/heap/permissions/permissions_method1.key.proof 
15425      DEBUG main            d.u.i.k.p.i.AbstractProblemLoader Environment load took 1.83ms 
15431      INFO  main            d.u.i.k.p.i.AbstractProblemLoader Creating init config 
18041      DEBUG main            d.u.i.k.p.i.AbstractProblemLoader Init config took 2.61s 
18089      INFO  main            d.u.i.k.p.i.AbstractProblemLoader Replaying proof MyClass[MyClass::method1()].JML normal_behavior operation contract.0 
18147      DEBUG main            d.u.i.k.p.i.IntermediateProofReplayer Proof replay took 54.52ms 
18148      DEBUG main            d.u.i.k.p.r.p.TestFile    ... success: reloaded. 
18150      INFO  main            d.u.i.k.p.r.p.TestFile    Now processing file /home/runner/work/key/key/key.core/../key.ui/examples/heap/permissions/permissions_method3.key 
18150      INFO  main            d.u.i.k.p.i.AbstractProblemLoader Loading environment from /home/runner/work/key/key/key.core/../key.ui/examples/heap/permissions/permissions_method3.key 
18150      DEBUG main            d.u.i.k.p.i.AbstractProblemLoader Environment load took 177.7ns 
18152      INFO  main            d.u.i.k.p.i.AbstractProblemLoader Creating init config 
20732      DEBUG main            d.u.i.k.p.i.AbstractProblemLoader Init config took 2.58s 
20794      INFO  main            d.u.i.k.p.i.AbstractProblemLoader Replaying proof MyClass[MyClass::method3()].JML normal_behavior operation contract.0 
20797      DEBUG main            d.u.i.k.p.i.IntermediateProofReplayer Proof replay took 5.9ns 
22304      INFO  main            d.u.i.k.p.r.p.TestFile    ... finished proof: closed. 
22450      INFO  main            d.u.i.k.p.i.AbstractProblemLoader Loading environment from /home/runner/work/key/key/key.core/../key.ui/examples/heap/permissions/permissions_method3.key.proof 
22451      DEBUG main            d.u.i.k.p.i.AbstractProblemLoader Environment load took 1.69ms 
22453      INFO  main            d.u.i.k.p.i.AbstractProblemLoader Creating init config 
25119      DEBUG main            d.u.i.k.p.i.AbstractProblemLoader Init config took 2.67s 
25165      INFO  main            d.u.i.k.p.i.AbstractProblemLoader Replaying proof MyClass[MyClass::method3()].JML normal_behavior operation contract.0 
25352      DEBUG main            d.u.i.k.p.i.IntermediateProofReplayer Proof replay took 178.83ms 
25353      DEBUG main            d.u.i.k.p.r.p.TestFile    ... success: reloaded. 
25354      INFO  main            d.u.i.k.p.r.p.TestFile    Now processing file /home/runner/work/key/key/key.core/../key.ui/examples/heap/permissions/permissions_setAB.key 
25355      INFO  main            d.u.i.k.p.i.AbstractProblemLoader Loading environment from /home/runner/work/key/key/key.core/../key.ui/examples/heap/permissions/permissions_setAB.key 
25355      DEBUG main            d.u.i.k.p.i.AbstractProblemLoader Environment load took 166.9ns 
25356      INFO  main            d.u.i.k.p.i.AbstractProblemLoader Creating init config 
27947      DEBUG main            d.u.i.k.p.i.AbstractProblemLoader Init config took 2.59s 
27992      INFO  main            d.u.i.k.p.i.AbstractProblemLoader Replaying proof MyClass[MyClass::setAB()].JML normal_behavior operation contract.0 
27994      DEBUG main            d.u.i.k.p.i.IntermediateProofReplayer Proof replay took 5.1ns 
29499      INFO  main            d.u.i.k.p.r.p.TestFile    ... finished proof: closed. 
29671      INFO  main            d.u.i.k.p.i.AbstractProblemLoader Loading environment from /home/runner/work/key/key/key.core/../key.ui/examples/heap/permissions/permissions_setAB.key.proof 
29672      DEBUG main            d.u.i.k.p.i.AbstractProblemLoader Environment load took 338.5ns 
29673      INFO  main            d.u.i.k.p.i.AbstractProblemLoader Creating init config 
32205      DEBUG main            d.u.i.k.p.i.AbstractProblemLoader Init config took 2.53s 
32249      INFO  main            d.u.i.k.p.i.AbstractProblemLoader Replaying proof MyClass[MyClass::setAB()].JML normal_behavior operation contract.0 
32391      DEBUG main            d.u.i.k.p.i.IntermediateProofReplayer Proof replay took 136.73ms 
32393      DEBUG main            d.u.i.k.p.r.p.TestFile    ... success: reloaded. 
32394      INFO  main            d.u.i.k.p.r.p.TestFile    Now processing file /home/runner/work/key/key/key.core/../key.ui/examples/heap/permissions/permissionProperties.key 
32394      INFO  main            d.u.i.k.p.i.AbstractProblemLoader Loading environment from /home/runner/work/key/key/key.core/../key.ui/examples/heap/permissions/permissionProperties.key 
32394      DEBUG main            d.u.i.k.p.i.AbstractProblemLoader Environment load took 191.4ns 
32396      INFO  main            d.u.i.k.p.i.AbstractProblemLoader Creating init config 
32596      DEBUG main            d.u.i.k.j.TypeConverter   No LDT found for Meta 
32596      DEBUG main            d.u.i.k.j.TypeConverter   No LDT found for Meta 
32597      DEBUG main            d.u.i.k.j.TypeConverter   No LDT found for Meta 
32597      DEBUG main            d.u.i.k.j.TypeConverter   No LDT found for Meta 
33248      DEBUG main            d.u.i.k.j.TypeConverter   No LDT found for JavaBigintExpression 
35912      DEBUG main            d.u.i.k.p.i.AbstractProblemLoader Init config took 3.52s 
35933      INFO  main            d.u.i.k.p.i.AbstractProblemLoader Replaying proof permissionProperties.key 
35935      DEBUG main            d.u.i.k.p.i.IntermediateProofReplayer Proof replay took 5.5ns 
36039      INFO  main            d.u.i.k.p.r.p.TestFile    ... finished proof: closed. 
36190      INFO  main            d.u.i.k.p.i.AbstractProblemLoader Loading environment from /home/runner/work/key/key/key.core/../key.ui/examples/heap/permissions/permissionProperties.key.proof 
36190      DEBUG main            d.u.i.k.p.i.AbstractProblemLoader Environment load took 113.1ns 
36192      INFO  main            d.u.i.k.p.i.AbstractProblemLoader Creating init config 
38558      DEBUG main            d.u.i.k.p.i.AbstractProblemLoader Init config took 2.37s 
38578      INFO  main            d.u.i.k.p.i.AbstractProblemLoader Replaying proof permissionProperties.key.proof 
38595      DEBUG main            d.u.i.k.p.i.IntermediateProofReplayer Proof replay took 14.62ms 
38597      DEBUG main            d.u.i.k.p.r.p.TestFile    ... success: reloaded. 
38598      INFO  main            d.u.i.k.p.r.p.TestFile    Now processing file /home/runner/work/key/key/key.core/../key.ui/examples/heap/permissions/threads/AFilter_AFilter.key 
38599      INFO  main            d.u.i.k.p.i.AbstractProblemLoader Loading environment from /home/runner/work/key/key/key.core/../key.ui/examples/heap/permissions/threads/AFilter_AFilter.key 
38599      DEBUG main            d.u.i.k.p.i.AbstractProblemLoader Environment load took 232.1ns 
38600      INFO  main            d.u.i.k.p.i.AbstractProblemLoader Creating init config 
38723      DEBUG main            d.u.i.k.j.TypeConverter   No LDT found for Meta 
38723      DEBUG main            d.u.i.k.j.TypeConverter   No LDT found for Meta 
38723      DEBUG main            d.u.i.k.j.TypeConverter   No LDT found for Meta 
38724      DEBUG main            d.u.i.k.j.TypeConverter   No LDT found for Meta 
39334      DEBUG main            d.u.i.k.j.TypeConverter   No LDT found for JavaBigintExpression 
44459      DEBUG main            d.u.i.k.p.i.AbstractProblemLoader Init config took 5.86s 
44563      INFO  main            d.u.i.k.p.i.AbstractProblemLoader Replaying proof AFilter[AFilter::AFilter(Sampler,Buffer)].JML normal_behavior operation contract.0 
44565      DEBUG main            d.u.i.k.p.i.IntermediateProofReplayer Proof replay took 7.3ns 
45578      INFO  main            d.u.i.k.p.r.p.TestFile    ... finished proof: closed. 
45839      INFO  main            d.u.i.k.p.i.AbstractProblemLoader Loading environment from /home/runner/work/key/key/key.core/../key.ui/examples/heap/permissions/threads/AFilter_AFilter.key.proof 
45840      DEBUG main            d.u.i.k.p.i.AbstractProblemLoader Environment load took 331.1ns 
45841      INFO  main            d.u.i.k.p.i.AbstractProblemLoader Creating init config 
50375      DEBUG main            d.u.i.k.p.i.AbstractProblemLoader Init config took 4.53s 
50467      INFO  main            d.u.i.k.p.i.AbstractProblemLoader Replaying proof AFilter[AFilter::AFilter(Sampler,Buffer)].JML normal_behavior operation contract.0 
50586      DEBUG main            d.u.i.k.p.i.IntermediateProofReplayer Proof replay took 114.6ms 
50588      DEBUG main            d.u.i.k.p.r.p.TestFile    ... success: reloaded. 
50589      INFO  main            d.u.i.k.p.r.p.TestFile    Now processing file /home/runner/work/key/key/key.core/../key.ui/examples/heap/permissions/threads/AFilter_initPost_accessible.key 
50589      INFO  main            d.u.i.k.p.i.AbstractProblemLoader Loading environment from /home/runner/work/key/key/key.core/../key.ui/examples/heap/permissions/threads/AFilter_initPost_accessible.key 
50589      DEBUG main            d.u.i.k.p.i.AbstractProblemLoader Environment load took 174.2ns 
50590      INFO  main            d.u.i.k.p.i.AbstractProblemLoader Creating init config 
55119      DEBUG main            d.u.i.k.p.i.AbstractProblemLoader Init config took 4.53s 
55224      INFO  main            d.u.i.k.p.i.AbstractProblemLoader Replaying proof AFilter[ThreadSpec2::initPost()].JML accessible clause.0 
55226      DEBUG main            d.u.i.k.p.i.IntermediateProofReplayer Proof replay took 6.9ns 
55328      INFO  main            d.u.i.k.p.r.p.TestFile    ... finished proof: closed. 
55555      INFO  main            d.u.i.k.p.i.AbstractProblemLoader Loading environment from /home/runner/work/key/key/key.core/../key.ui/examples/heap/permissions/threads/AFilter_initPost_accessible.key.proof 
55555      DEBUG main            d.u.i.k.p.i.AbstractProblemLoader Environment load took 115.5ns 
55556      INFO  main            d.u.i.k.p.i.AbstractProblemLoader Creating init config 
60045      DEBUG main            d.u.i.k.p.i.AbstractProblemLoader Init config took 4.49s 
60133      INFO  main            d.u.i.k.p.i.AbstractProblemLoader Replaying proof AFilter[ThreadSpec2::initPost()].JML accessible clause.0 
60145      DEBUG main            d.u.i.k.p.i.IntermediateProofReplayer Proof replay took 9.94ms 
60146      DEBUG main            d.u.i.k.p.r.p.TestFile    ... success: reloaded. 
60148      INFO  main            d.u.i.k.p.r.p.TestFile    Now processing file /home/runner/work/key/key/key.core/../key.ui/examples/heap/permissions/threads/AFilter_inv_accessible1.key 
60148      INFO  main            d.u.i.k.p.i.AbstractProblemLoader Loading environment from /home/runner/work/key/key/key.core/../key.ui/examples/heap/permissions/threads/AFilter_inv_accessible1.key 
60148      DEBUG main            d.u.i.k.p.i.AbstractProblemLoader Environment load took 203.6ns 
60149      INFO  main            d.u.i.k.p.i.AbstractProblemLoader Creating init config 
64613      DEBUG main            d.u.i.k.p.i.AbstractProblemLoader Init config took 4.46s 
64701      INFO  main            d.u.i.k.p.i.AbstractProblemLoader Replaying proof AFilter[java.lang.Object::<inv>()].JML accessible clause.0 
64702      DEBUG main            d.u.i.k.p.i.IntermediateProofReplayer Proof replay took 7ns 
64804      INFO  main            d.u.i.k.p.r.p.TestFile    ... finished proof: closed. 
65040      INFO  main            d.u.i.k.p.i.AbstractProblemLoader Loading environment from /home/runner/work/key/key/key.core/../key.ui/examples/heap/permissions/threads/AFilter_inv_accessible1.key.proof 
65040      DEBUG main            d.u.i.k.p.i.AbstractProblemLoader Environment load took 108.4ns 
65041      INFO  main            d.u.i.k.p.i.AbstractProblemLoader Creating init config 
69540      DEBUG main            d.u.i.k.p.i.AbstractProblemLoader Init config took 4.5s 
69629      INFO  main            d.u.i.k.p.i.AbstractProblemLoader Replaying proof AFilter[java.lang.Object::<inv>()].JML accessible clause.0 
69632      DEBUG main            d.u.i.k.p.i.IntermediateProofReplayer Proof replay took 1.97ms 
69633      DEBUG main            d.u.i.k.p.r.p.TestFile    ... success: reloaded. 
69635      INFO  main            d.u.i.k.p.r.p.TestFile    Now processing file /home/runner/work/key/key/key.core/../key.ui/examples/heap/permissions/threads/AFilter_inv_accessible2.key 
69635      INFO  main            d.u.i.k.p.i.AbstractProblemLoader Loading environment from /home/runner/work/key/key/key.core/../key.ui/examples/heap/permissions/threads/AFilter_inv_accessible2.key 
69635      DEBUG main            d.u.i.k.p.i.AbstractProblemLoader Environment load took 161.1ns 
69636      INFO  main            d.u.i.k.p.i.AbstractProblemLoader Creating init config 
74169      DEBUG main            d.u.i.k.p.i.AbstractProblemLoader Init config took 4.53s 
74257      INFO  main            d.u.i.k.p.i.AbstractProblemLoader Replaying proof AFilter[java.lang.Object::<inv>()].JML accessible clause.1 
74259      DEBUG main            d.u.i.k.p.i.IntermediateProofReplayer Proof replay took 6.9ns 
74362      INFO  main            d.u.i.k.p.r.p.TestFile    ... finished proof: closed. 
74563      INFO  main            d.u.i.k.p.i.AbstractProblemLoader Loading environment from /home/runner/work/key/key/key.core/../key.ui/examples/heap/permissions/threads/AFilter_inv_accessible2.key.proof 
74563      DEBUG main            d.u.i.k.p.i.AbstractProblemLoader Environment load took 108.9ns 
74564      INFO  main            d.u.i.k.p.i.AbstractProblemLoader Creating init config 
79020      DEBUG main            d.u.i.k.p.i.AbstractProblemLoader Init config took 4.46s 
79105      INFO  main            d.u.i.k.p.i.AbstractProblemLoader Replaying proof AFilter[java.lang.Object::<inv>()].JML accessible clause.1 
79108      DEBUG main            d.u.i.k.p.i.IntermediateProofReplayer Proof replay took 1.86ms 
79109      DEBUG main            d.u.i.k.p.r.p.TestFile    ... success: reloaded. 
79110      INFO  main            d.u.i.k.p.r.p.TestFile    Now processing file /home/runner/work/key/key/key.core/../key.ui/examples/heap/permissions/threads/AFilter_joinTransfer_accessible.key 
79110      INFO  main            d.u.i.k.p.i.AbstractProblemLoader Loading environment from /home/runner/work/key/key/key.core/../key.ui/examples/heap/permissions/threads/AFilter_joinTransfer_accessible.key 
79110      DEBUG main            d.u.i.k.p.i.AbstractProblemLoader Environment load took 78.1ns 
79111      INFO  main            d.u.i.k.p.i.AbstractProblemLoader Creating init config 
83632      DEBUG main            d.u.i.k.p.i.AbstractProblemLoader Init config took 4.52s 
83731      INFO  main            d.u.i.k.p.i.AbstractProblemLoader Replaying proof AFilter[ThreadSpec2::joinTransfer()].JML accessible clause.0 
83733      DEBUG main            d.u.i.k.p.i.IntermediateProofReplayer Proof replay took 6.7ns 
87055      INFO  main            d.u.i.k.p.r.p.TestFile    ... finished proof: closed. 
87320      INFO  main            d.u.i.k.p.i.AbstractProblemLoader Loading environment from /home/runner/work/key/key/key.core/../key.ui/examples/heap/permissions/threads/AFilter_joinTransfer_accessible.key.proof 
87321      DEBUG main            d.u.i.k.p.i.AbstractProblemLoader Environment load took 370.3ns 
87322      INFO  main            d.u.i.k.p.i.AbstractProblemLoader Creating init config 
91725      DEBUG main            d.u.i.k.p.i.AbstractProblemLoader Init config took 4.4s 
91820      INFO  main            d.u.i.k.p.i.AbstractProblemLoader Replaying proof AFilter[ThreadSpec2::joinTransfer()].JML accessible clause.0 
92050      DEBUG main            d.u.i.k.p.i.IntermediateProofReplayer Proof replay took 219.41ms 
92052      DEBUG main            d.u.i.k.p.r.p.TestFile    ... success: reloaded. 
92053      INFO  main            d.u.i.k.p.r.p.TestFile    Now processing file /home/runner/work/key/key/key.core/../key.ui/examples/heap/permissions/threads/AFilter_joinTransfer_contract.key 
92053      INFO  main            d.u.i.k.p.i.AbstractProblemLoader Loading environment from /home/runner/work/key/key/key.core/../key.ui/examples/heap/permissions/threads/AFilter_joinTransfer_contract.key 
92054      DEBUG main            d.u.i.k.p.i.AbstractProblemLoader Environment load took 168.5ns 
92054      INFO  main            d.u.i.k.p.i.AbstractProblemLoader Creating init config 
96535      DEBUG main            d.u.i.k.p.i.AbstractProblemLoader Init config took 4.48s 
96622      INFO  main            d.u.i.k.p.i.AbstractProblemLoader Replaying proof AFilter[ThreadSpec2::joinTransfer()].JML model_behavior operation contract.0 
96623      DEBUG main            d.u.i.k.p.i.IntermediateProofReplayer Proof replay took 7.3ns 
96725      INFO  main            d.u.i.k.p.r.p.TestFile    ... finished proof: closed. 
96946      INFO  main            d.u.i.k.p.i.AbstractProblemLoader Loading environment from /home/runner/work/key/key/key.core/../key.ui/examples/heap/permissions/threads/AFilter_joinTransfer_contract.key.proof 
96946      DEBUG main            d.u.i.k.p.i.AbstractProblemLoader Environment load took 113ns 
96947      INFO  main            d.u.i.k.p.i.AbstractProblemLoader Creating init config 
101375     DEBUG main            d.u.i.k.p.i.AbstractProblemLoader Init config took 4.43s 
101474     INFO  main            d.u.i.k.p.i.AbstractProblemLoader Replaying proof AFilter[ThreadSpec2::joinTransfer()].JML model_behavior operation contract.0 
101482     DEBUG main            d.u.i.k.p.i.IntermediateProofReplayer Proof replay took 6.72ms 
101483     DEBUG main            d.u.i.k.p.r.p.TestFile    ... success: reloaded. 
101484     INFO  main            d.u.i.k.p.r.p.TestFile    Now processing file /home/runner/work/key/key/key.core/../key.ui/examples/heap/permissions/threads/AFilter_postJoin_accessible.key 
101484     INFO  main            d.u.i.k.p.i.AbstractProblemLoader Loading environment from /home/runner/work/key/key/key.core/../key.ui/examples/heap/permissions/threads/AFilter_postJoin_accessible.key 
101484     DEBUG main            d.u.i.k.p.i.AbstractProblemLoader Environment load took 95.4ns 
101485     INFO  main            d.u.i.k.p.i.AbstractProblemLoader Creating init config 
105985     DEBUG main            d.u.i.k.p.i.AbstractProblemLoader Init config took 4.5s 
106070     INFO  main            d.u.i.k.p.i.AbstractProblemLoader Replaying proof AFilter[ThreadSpec2::postJoin(java.lang.Object)].JML accessible clause.0 
106081     DEBUG main            d.u.i.k.p.i.IntermediateProofReplayer Proof replay took 8.3ns 
106183     INFO  main            d.u.i.k.p.r.p.TestFile    ... finished proof: closed. 
106404     INFO  main            d.u.i.k.p.i.AbstractProblemLoader Loading environment from /home/runner/work/key/key/key.core/../key.ui/examples/heap/permissions/threads/AFilter_postJoin_accessible.key.proof 
106404     DEBUG main            d.u.i.k.p.i.AbstractProblemLoader Environment load took 107.8ns 
106405     INFO  main            d.u.i.k.p.i.AbstractProblemLoader Creating init config 
110803     DEBUG main            d.u.i.k.p.i.AbstractProblemLoader Init config took 4.4s 
110887     INFO  main            d.u.i.k.p.i.AbstractProblemLoader Replaying proof AFilter[ThreadSpec2::postJoin(java.lang.Object)].JML accessible clause.0 
110893     DEBUG main            d.u.i.k.p.i.IntermediateProofReplayer Proof replay took 5.05ms 
110894     DEBUG main            d.u.i.k.p.r.p.TestFile    ... success: reloaded. 
110895     INFO  main            d.u.i.k.p.r.p.TestFile    Now processing file /home/runner/work/key/key/key.core/../key.ui/examples/heap/permissions/threads/AFilter_preStart_accessible.key 
110896     INFO  main            d.u.i.k.p.i.AbstractProblemLoader Loading environment from /home/runner/work/key/key/key.core/../key.ui/examples/heap/permissions/threads/AFilter_preStart_accessible.key 
110896     DEBUG main            d.u.i.k.p.i.AbstractProblemLoader Environment load took 77.3ns 
110896     INFO  main            d.u.i.k.p.i.AbstractProblemLoader Creating init config 
115397     DEBUG main            d.u.i.k.p.i.AbstractProblemLoader Init config took 4.5s 
115478     INFO  main            d.u.i.k.p.i.AbstractProblemLoader Replaying proof AFilter[ThreadSpec2::preStart(java.lang.Object)].JML accessible clause.0 
115480     DEBUG main            d.u.i.k.p.i.IntermediateProofReplayer Proof replay took 7ns 
115787     INFO  main            d.u.i.k.p.r.p.TestFile    ... finished proof: closed. 
116044     INFO  main            d.u.i.k.p.i.AbstractProblemLoader Loading environment from /home/runner/work/key/key/key.core/../key.ui/examples/heap/permissions/threads/AFilter_preStart_accessible.key.proof 
116044     DEBUG main            d.u.i.k.p.i.AbstractProblemLoader Environment load took 110.1ns 
116049     INFO  main            d.u.i.k.p.i.AbstractProblemLoader Creating init config 
120483     DEBUG main            d.u.i.k.p.i.AbstractProblemLoader Init config took 4.43s 
120564     INFO  main            d.u.i.k.p.i.AbstractProblemLoader Replaying proof AFilter[ThreadSpec2::preStart(java.lang.Object)].JML accessible clause.0 
120588     DEBUG main            d.u.i.k.p.i.IntermediateProofReplayer Proof replay took 20.97ms 
120589     DEBUG main            d.u.i.k.p.r.p.TestFile    ... success: reloaded. 
120590     INFO  main            d.u.i.k.p.r.p.TestFile    Now processing file /home/runner/work/key/key/key.core/../key.ui/examples/heap/permissions/threads/AFilter_startTransfer_accessible.key 
120590     INFO  main            d.u.i.k.p.i.AbstractProblemLoader Loading environment from /home/runner/work/key/key/key.core/../key.ui/examples/heap/permissions/threads/AFilter_startTransfer_accessible.key 
120591     DEBUG main            d.u.i.k.p.i.AbstractProblemLoader Environment load took 153.2ns 
120592     INFO  main            d.u.i.k.p.i.AbstractProblemLoader Creating init config 
125071     DEBUG main            d.u.i.k.p.i.AbstractProblemLoader Init config took 4.48s 
125168     INFO  main            d.u.i.k.p.i.AbstractProblemLoader Replaying proof AFilter[ThreadSpec2::startTransfer()].JML accessible clause.0 
125169     DEBUG main            d.u.i.k.p.i.IntermediateProofReplayer Proof replay took 7ns 
131122     INFO  main            d.u.i.k.p.r.p.TestFile    ... finished proof: closed. 
131373     INFO  main            d.u.i.k.p.i.AbstractProblemLoader Loading environment from /home/runner/work/key/key/key.core/../key.ui/examples/heap/permissions/threads/AFilter_startTransfer_accessible.key.proof 
131373     DEBUG main            d.u.i.k.p.i.AbstractProblemLoader Environment load took 117.8ns 
131375     INFO  main            d.u.i.k.p.i.AbstractProblemLoader Creating init config 
135775     DEBUG main            d.u.i.k.p.i.AbstractProblemLoader Init config took 4.4s 
135856     INFO  main            d.u.i.k.p.i.AbstractProblemLoader Replaying proof AFilter[ThreadSpec2::startTransfer()].JML accessible clause.0 
136199     DEBUG main            d.u.i.k.p.i.IntermediateProofReplayer Proof replay took 327.22ms 
136200     DEBUG main            d.u.i.k.p.r.p.TestFile    ... success: reloaded. 
136201     INFO  main            d.u.i.k.p.r.p.TestFile    Now processing file /home/runner/work/key/key/key.core/../key.ui/examples/heap/permissions/threads/AFilter_startTransfer_contract.key 
136201     INFO  main            d.u.i.k.p.i.AbstractProblemLoader Loading environment from /home/runner/work/key/key/key.core/../key.ui/examples/heap/permissions/threads/AFilter_startTransfer_contract.key 
136201     DEBUG main            d.u.i.k.p.i.AbstractProblemLoader Environment load took 78.1ns 
136202     INFO  main            d.u.i.k.p.i.AbstractProblemLoader Creating init config 
140636     DEBUG main            d.u.i.k.p.i.AbstractProblemLoader Init config took 4.43s 
140734     INFO  main            d.u.i.k.p.i.AbstractProblemLoader Replaying proof AFilter[ThreadSpec2::startTransfer()].JML model_behavior operation contract.0 
140735     DEBUG main            d.u.i.k.p.i.IntermediateProofReplayer Proof replay took 6.5ns 
141140     INFO  main            d.u.i.k.p.r.p.TestFile    ... finished proof: closed. 
141379     INFO  main            d.u.i.k.p.i.AbstractProblemLoader Loading environment from /home/runner/work/key/key/key.core/../key.ui/examples/heap/permissions/threads/AFilter_startTransfer_contract.key.proof 
141379     DEBUG main            d.u.i.k.p.i.AbstractProblemLoader Environment load took 106.3ns 
141380     INFO  main            d.u.i.k.p.i.AbstractProblemLoader Creating init config 
145770     DEBUG main            d.u.i.k.p.i.AbstractProblemLoader Init config took 4.39s 
145863     INFO  main            d.u.i.k.p.i.AbstractProblemLoader Replaying proof AFilter[ThreadSpec2::startTransfer()].JML model_behavior operation contract.0 
145904     DEBUG main            d.u.i.k.p.i.IntermediateProofReplayer Proof replay took 36.59ms 
145905     DEBUG main            d.u.i.k.p.r.p.TestFile    ... success: reloaded. 
145906     INFO  main            d.u.i.k.p.r.p.TestFile    Now processing file /home/runner/work/key/key/key.core/../key.ui/examples/heap/permissions/threads/AFilter_stateInv_accessible.key 
145906     INFO  main            d.u.i.k.p.i.AbstractProblemLoader Loading environment from /home/runner/work/key/key/key.core/../key.ui/examples/heap/permissions/threads/AFilter_stateInv_accessible.key 
145906     DEBUG main            d.u.i.k.p.i.AbstractProblemLoader Environment load took 93.2ns 
145907     INFO  main            d.u.i.k.p.i.AbstractProblemLoader Creating init config 
150345     DEBUG main            d.u.i.k.p.i.AbstractProblemLoader Init config took 4.44s 
150438     INFO  main            d.u.i.k.p.i.AbstractProblemLoader Replaying proof AFilter[ThreadSpec2::stateInv()].JML accessible clause.0 
150440     DEBUG main            d.u.i.k.p.i.IntermediateProofReplayer Proof replay took 6.4ns 
150742     INFO  main            d.u.i.k.p.r.p.TestFile    ... finished proof: closed. 
151015     INFO  main            d.u.i.k.p.i.AbstractProblemLoader Loading environment from /home/runner/work/key/key/key.core/../key.ui/examples/heap/permissions/threads/AFilter_stateInv_accessible.key.proof 
151016     DEBUG main            d.u.i.k.p.i.AbstractProblemLoader Environment load took 115.7ns 
151016     INFO  main            d.u.i.k.p.i.AbstractProblemLoader Creating init config 
155397     DEBUG main            d.u.i.k.p.i.AbstractProblemLoader Init config took 4.38s 
155476     INFO  main            d.u.i.k.p.i.AbstractProblemLoader Replaying proof AFilter[ThreadSpec2::stateInv()].JML accessible clause.0 
155504     DEBUG main            d.u.i.k.p.i.IntermediateProofReplayer Proof replay took 24.89ms 
155505     DEBUG main            d.u.i.k.p.r.p.TestFile    ... success: reloaded. 
155506     INFO  main            d.u.i.k.p.r.p.TestFile    Now processing file /home/runner/work/key/key/key.core/../key.ui/examples/heap/permissions/threads/AFilter_staticPermissions_accessible.key 
155506     INFO  main            d.u.i.k.p.i.AbstractProblemLoader Loading environment from /home/runner/work/key/key/key.core/../key.ui/examples/heap/permissions/threads/AFilter_staticPermissions_accessible.key 
155507     DEBUG main            d.u.i.k.p.i.AbstractProblemLoader Environment load took 156.4ns 
155508     INFO  main            d.u.i.k.p.i.AbstractProblemLoader Creating init config 
159965     DEBUG main            d.u.i.k.p.i.AbstractProblemLoader Init config took 4.46s 
160045     INFO  main            d.u.i.k.p.i.AbstractProblemLoader Replaying proof AFilter[ThreadSpec2::staticPermissions()].JML accessible clause.0 
160047     DEBUG main            d.u.i.k.p.i.IntermediateProofReplayer Proof replay took 6.3ns 
160149     INFO  main            d.u.i.k.p.r.p.TestFile    ... finished proof: closed. 
160399     INFO  main            d.u.i.k.p.i.AbstractProblemLoader Loading environment from /home/runner/work/key/key/key.core/../key.ui/examples/heap/permissions/threads/AFilter_staticPermissions_accessible.key.proof 
160399     DEBUG main            d.u.i.k.p.i.AbstractProblemLoader Environment load took 122.9ns 
160400     INFO  main            d.u.i.k.p.i.AbstractProblemLoader Creating init config 
164774     DEBUG main            d.u.i.k.p.i.AbstractProblemLoader Init config took 4.37s 
164853     INFO  main            d.u.i.k.p.i.AbstractProblemLoader Replaying proof AFilter[ThreadSpec2::staticPermissions()].JML accessible clause.0 
164862     DEBUG main            d.u.i.k.p.i.IntermediateProofReplayer Proof replay took 6.63ms 
164862     DEBUG main            d.u.i.k.p.r.p.TestFile    ... success: reloaded. 
164863     INFO  main            d.u.i.k.p.r.p.TestFile    Now processing file /home/runner/work/key/key/key.core/../key.ui/examples/heap/permissions/threads/AFilter_workingPermissions_accessible.key 
164864     INFO  main            d.u.i.k.p.i.AbstractProblemLoader Loading environment from /home/runner/work/key/key/key.core/../key.ui/examples/heap/permissions/threads/AFilter_workingPermissions_accessible.key 
164864     DEBUG main            d.u.i.k.p.i.AbstractProblemLoader Environment load took 97.3ns 
164865     INFO  main            d.u.i.k.p.i.AbstractProblemLoader Creating init config 
169311     DEBUG main            d.u.i.k.p.i.AbstractProblemLoader Init config took 4.45s 
169391     INFO  main            d.u.i.k.p.i.AbstractProblemLoader Replaying proof AFilter[ThreadSpec2::workingPermissions()].JML accessible clause.0 
169392     DEBUG main            d.u.i.k.p.i.IntermediateProofReplayer Proof replay took 6.6ns 
169494     INFO  main            d.u.i.k.p.r.p.TestFile    ... finished proof: closed. 
169738     INFO  main            d.u.i.k.p.i.AbstractProblemLoader Loading environment from /home/runner/work/key/key/key.core/../key.ui/examples/heap/permissions/threads/AFilter_workingPermissions_accessible.key.proof 
169738     DEBUG main            d.u.i.k.p.i.AbstractProblemLoader Environment load took 143.8ns 
169739     INFO  main            d.u.i.k.p.i.AbstractProblemLoader Creating init config 
174130     DEBUG main            d.u.i.k.p.i.AbstractProblemLoader Init config took 4.39s 
174209     INFO  main            d.u.i.k.p.i.AbstractProblemLoader Replaying proof AFilter[ThreadSpec2::workingPermissions()].JML accessible clause.0 
174217     DEBUG main            d.u.i.k.p.i.IntermediateProofReplayer Proof replay took 6.01ms 
174217     DEBUG main            d.u.i.k.p.r.p.TestFile    ... success: reloaded. 
174218     INFO  main            d.u.i.k.p.r.p.TestFile    Now processing file /home/runner/work/key/key/key.core/../key.ui/examples/heap/permissions/threads/BFilter_BFilter.key 
174219     INFO  main            d.u.i.k.p.i.AbstractProblemLoader Loading environment from /home/runner/work/key/key/key.core/../key.ui/examples/heap/permissions/threads/BFilter_BFilter.key 
174219     DEBUG main            d.u.i.k.p.i.AbstractProblemLoader Environment load took 59.3ns 
174219     INFO  main            d.u.i.k.p.i.AbstractProblemLoader Creating init config 
178664     DEBUG main            d.u.i.k.p.i.AbstractProblemLoader Init config took 4.44s 
178748     INFO  main            d.u.i.k.p.i.AbstractProblemLoader Replaying proof BFilter[BFilter::BFilter(Sampler,Buffer)].JML normal_behavior operation contract.0 
178750     DEBUG main            d.u.i.k.p.i.IntermediateProofReplayer Proof replay took 6.8ns 
179655     INFO  main            d.u.i.k.p.r.p.TestFile    ... finished proof: closed. 
179946     INFO  main            d.u.i.k.p.i.AbstractProblemLoader Loading environment from /home/runner/work/key/key/key.core/../key.ui/examples/heap/permissions/threads/BFilter_BFilter.key.proof 
179947     DEBUG main            d.u.i.k.p.i.AbstractProblemLoader Environment load took 332ns 
179948     INFO  main            d.u.i.k.p.i.AbstractProblemLoader Creating init config 
184343     DEBUG main            d.u.i.k.p.i.AbstractProblemLoader Init config took 4.4s 
184424     INFO  main            d.u.i.k.p.i.AbstractProblemLoader Replaying proof BFilter[BFilter::BFilter(Sampler,Buffer)].JML normal_behavior operation contract.0 
184527     DEBUG main            d.u.i.k.p.i.IntermediateProofReplayer Proof replay took 98.25ms 
184528     DEBUG main            d.u.i.k.p.r.p.TestFile    ... success: reloaded. 
184529     INFO  main            d.u.i.k.p.r.p.TestFile    Now processing file /home/runner/work/key/key/key.core/../key.ui/examples/heap/permissions/threads/BFilter_initPost_accessible.key 
184529     INFO  main            d.u.i.k.p.i.AbstractProblemLoader Loading environment from /home/runner/work/key/key/key.core/../key.ui/examples/heap/permissions/threads/BFilter_initPost_accessible.key 
184529     DEBUG main            d.u.i.k.p.i.AbstractProblemLoader Environment load took 145.3ns 
184530     INFO  main            d.u.i.k.p.i.AbstractProblemLoader Creating init config 
188986     DEBUG main            d.u.i.k.p.i.AbstractProblemLoader Init config took 4.46s 
189078     INFO  main            d.u.i.k.p.i.AbstractProblemLoader Replaying proof BFilter[ThreadSpec2::initPost()].JML accessible clause.0 
189079     DEBUG main            d.u.i.k.p.i.IntermediateProofReplayer Proof replay took 6.7ns 
189181     INFO  main            d.u.i.k.p.r.p.TestFile    ... finished proof: closed. 
189470     INFO  main            d.u.i.k.p.i.AbstractProblemLoader Loading environment from /home/runner/work/key/key/key.core/../key.ui/examples/heap/permissions/threads/BFilter_initPost_accessible.key.proof 
189470     DEBUG main            d.u.i.k.p.i.AbstractProblemLoader Environment load took 97ns 
189471     INFO  main            d.u.i.k.p.i.AbstractProblemLoader Creating init config 
193853     DEBUG main            d.u.i.k.p.i.AbstractProblemLoader Init config took 4.38s 
193932     INFO  main            d.u.i.k.p.i.AbstractProblemLoader Replaying proof BFilter[ThreadSpec2::initPost()].JML accessible clause.0 
193941     DEBUG main            d.u.i.k.p.i.IntermediateProofReplayer Proof replay took 7.24ms 
193942     DEBUG main            d.u.i.k.p.r.p.TestFile    ... success: reloaded. 
193943     INFO  main            d.u.i.k.p.r.p.TestFile    Now processing file /home/runner/work/key/key/key.core/../key.ui/examples/heap/permissions/threads/BFilter_inv_accessible1.key 
193943     INFO  main            d.u.i.k.p.i.AbstractProblemLoader Loading environment from /home/runner/work/key/key/key.core/../key.ui/examples/heap/permissions/threads/BFilter_inv_accessible1.key 
193943     DEBUG main            d.u.i.k.p.i.AbstractProblemLoader Environment load took 51.7ns 
193944     INFO  main            d.u.i.k.p.i.AbstractProblemLoader Creating init config 
198381     DEBUG main            d.u.i.k.p.i.AbstractProblemLoader Init config took 4.44s 
198460     INFO  main            d.u.i.k.p.i.AbstractProblemLoader Replaying proof BFilter[java.lang.Object::<inv>()].JML accessible clause.0 
198462     DEBUG main            d.u.i.k.p.i.IntermediateProofReplayer Proof replay took 6.3ns 
198563     INFO  main            d.u.i.k.p.r.p.TestFile    ... finished proof: closed. 
198835     INFO  main            d.u.i.k.p.i.AbstractProblemLoader Loading environment from /home/runner/work/key/key/key.core/../key.ui/examples/heap/permissions/threads/BFilter_inv_accessible1.key.proof 
198835     DEBUG main            d.u.i.k.p.i.AbstractProblemLoader Environment load took 94.5ns 
198836     INFO  main            d.u.i.k.p.i.AbstractProblemLoader Creating init config 
203198     DEBUG main            d.u.i.k.p.i.AbstractProblemLoader Init config took 4.36s 
203276     INFO  main            d.u.i.k.p.i.AbstractProblemLoader Replaying proof BFilter[java.lang.Object::<inv>()].JML accessible clause.0 
203279     DEBUG main            d.u.i.k.p.i.IntermediateProofReplayer Proof replay took 1.34ms 
203280     DEBUG main            d.u.i.k.p.r.p.TestFile    ... success: reloaded. 
203281     INFO  main            d.u.i.k.p.r.p.TestFile    Now processing file /home/runner/work/key/key/key.core/../key.ui/examples/heap/permissions/threads/BFilter_inv_accessible2.key 
203281     INFO  main            d.u.i.k.p.i.AbstractProblemLoader Loading environment from /home/runner/work/key/key/key.core/../key.ui/examples/heap/permissions/threads/BFilter_inv_accessible2.key 
203281     DEBUG main            d.u.i.k.p.i.AbstractProblemLoader Environment load took 64.5ns 
203282     INFO  main            d.u.i.k.p.i.AbstractProblemLoader Creating init config 
207719     DEBUG main            d.u.i.k.p.i.AbstractProblemLoader Init config took 4.44s 
207810     INFO  main            d.u.i.k.p.i.AbstractProblemLoader Replaying proof BFilter[java.lang.Object::<inv>()].JML accessible clause.1 
207812     DEBUG main            d.u.i.k.p.i.IntermediateProofReplayer Proof replay took 7.1ns 
207917     INFO  main            d.u.i.k.p.r.p.TestFile    ... finished proof: closed. 
208200     INFO  main            d.u.i.k.p.i.AbstractProblemLoader Loading environment from /home/runner/work/key/key/key.core/../key.ui/examples/heap/permissions/threads/BFilter_inv_accessible2.key.proof 
208200     DEBUG main            d.u.i.k.p.i.AbstractProblemLoader Environment load took 109.3ns 
208201     INFO  main            d.u.i.k.p.i.AbstractProblemLoader Creating init config 
212567     DEBUG main            d.u.i.k.p.i.AbstractProblemLoader Init config took 4.37s 
212668     INFO  main            d.u.i.k.p.i.AbstractProblemLoader Replaying proof BFilter[java.lang.Object::<inv>()].JML accessible clause.1 
212671     DEBUG main            d.u.i.k.p.i.IntermediateProofReplayer Proof replay took 1.39ms 
212672     DEBUG main            d.u.i.k.p.r.p.TestFile    ... success: reloaded. 
212673     INFO  main            d.u.i.k.p.r.p.TestFile    Now processing file /home/runner/work/key/key/key.core/../key.ui/examples/heap/permissions/threads/BFilter_joinTransfer_accessible.key 
212673     INFO  main            d.u.i.k.p.i.AbstractProblemLoader Loading environment from /home/runner/work/key/key/key.core/../key.ui/examples/heap/permissions/threads/BFilter_joinTransfer_accessible.key 
212673     DEBUG main            d.u.i.k.p.i.AbstractProblemLoader Environment load took 149ns 
212674     INFO  main            d.u.i.k.p.i.AbstractProblemLoader Creating init config 
217114     DEBUG main            d.u.i.k.p.i.AbstractProblemLoader Init config took 4.44s 
217193     INFO  main            d.u.i.k.p.i.AbstractProblemLoader Replaying proof BFilter[ThreadSpec2::joinTransfer()].JML accessible clause.0 
217195     DEBUG main            d.u.i.k.p.i.IntermediateProofReplayer Proof replay took 6.2ns 
220338     INFO  main            d.u.i.k.p.r.p.TestFile    ... finished proof: closed. 
220656     INFO  main            d.u.i.k.p.i.AbstractProblemLoader Loading environment from /home/runner/work/key/key/key.core/../key.ui/examples/heap/permissions/threads/BFilter_joinTransfer_accessible.key.proof 
220656     DEBUG main            d.u.i.k.p.i.AbstractProblemLoader Environment load took 216.2ns 
220658     INFO  main            d.u.i.k.p.i.AbstractProblemLoader Creating init config 
225040     DEBUG main            d.u.i.k.p.i.AbstractProblemLoader Init config took 4.38s 
225138     INFO  main            d.u.i.k.p.i.AbstractProblemLoader Replaying proof BFilter[ThreadSpec2::joinTransfer()].JML accessible clause.0 
225337     DEBUG main            d.u.i.k.p.i.IntermediateProofReplayer Proof replay took 189.24ms 
225338     DEBUG main            d.u.i.k.p.r.p.TestFile    ... success: reloaded. 
225339     INFO  main            d.u.i.k.p.r.p.TestFile    Now processing file /home/runner/work/key/key/key.core/../key.ui/examples/heap/permissions/threads/BFilter_joinTransfer_contract.key 
225339     INFO  main            d.u.i.k.p.i.AbstractProblemLoader Loading environment from /home/runner/work/key/key/key.core/../key.ui/examples/heap/permissions/threads/BFilter_joinTransfer_contract.key 
225340     DEBUG main            d.u.i.k.p.i.AbstractProblemLoader Environment load took 50.6ns 
225340     INFO  main            d.u.i.k.p.i.AbstractProblemLoader Creating init config 
229784     DEBUG main            d.u.i.k.p.i.AbstractProblemLoader Init config took 4.44s 
229883     INFO  main            d.u.i.k.p.i.AbstractProblemLoader Replaying proof BFilter[ThreadSpec2::joinTransfer()].JML model_behavior operation contract.0 
229885     DEBUG main            d.u.i.k.p.i.IntermediateProofReplayer Proof replay took 6.6ns 
229986     INFO  main            d.u.i.k.p.r.p.TestFile    ... finished proof: closed. 
230281     INFO  main            d.u.i.k.p.i.AbstractProblemLoader Loading environment from /home/runner/work/key/key/key.core/../key.ui/examples/heap/permissions/threads/BFilter_joinTransfer_contract.key.proof 
230281     DEBUG main            d.u.i.k.p.i.AbstractProblemLoader Environment load took 96.1ns 
230282     INFO  main            d.u.i.k.p.i.AbstractProblemLoader Creating init config 
234665     DEBUG main            d.u.i.k.p.i.AbstractProblemLoader Init config took 4.38s 
234745     INFO  main            d.u.i.k.p.i.AbstractProblemLoader Replaying proof BFilter[ThreadSpec2::joinTransfer()].JML model_behavior operation contract.0 
234753     DEBUG main            d.u.i.k.p.i.IntermediateProofReplayer Proof replay took 6.58ms 
234754     DEBUG main            d.u.i.k.p.r.p.TestFile    ... success: reloaded. 
234755     INFO  main            d.u.i.k.p.r.p.TestFile    Now processing file /home/runner/work/key/key/key.core/../key.ui/examples/heap/permissions/threads/BFilter_postJoin_accessible.key 
234755     INFO  main            d.u.i.k.p.i.AbstractProblemLoader Loading environment from /home/runner/work/key/key/key.core/../key.ui/examples/heap/permissions/threads/BFilter_postJoin_accessible.key 
234755     DEBUG main            d.u.i.k.p.i.AbstractProblemLoader Environment load took 97.6ns 
234756     INFO  main            d.u.i.k.p.i.AbstractProblemLoader Creating init config 
239200     DEBUG main            d.u.i.k.p.i.AbstractProblemLoader Init config took 4.44s 
239295     INFO  main            d.u.i.k.p.i.AbstractProblemLoader Replaying proof BFilter[ThreadSpec2::postJoin(java.lang.Object)].JML accessible clause.0 
239297     DEBUG main            d.u.i.k.p.i.IntermediateProofReplayer Proof replay took 7.2ns 
239404     INFO  main            d.u.i.k.p.r.p.TestFile    ... finished proof: closed. 
239719     INFO  main            d.u.i.k.p.i.AbstractProblemLoader Loading environment from /home/runner/work/key/key/key.core/../key.ui/examples/heap/permissions/threads/BFilter_postJoin_accessible.key.proof 
239719     DEBUG main            d.u.i.k.p.i.AbstractProblemLoader Environment load took 95.1ns 
239720     INFO  main            d.u.i.k.p.i.AbstractProblemLoader Creating init config 
244089     DEBUG main            d.u.i.k.p.i.AbstractProblemLoader Init config took 4.37s 
244171     INFO  main            d.u.i.k.p.i.AbstractProblemLoader Replaying proof BFilter[ThreadSpec2::postJoin(java.lang.Object)].JML accessible clause.0 
244194     DEBUG main            d.u.i.k.p.i.IntermediateProofReplayer Proof replay took 20.38ms 
244196     DEBUG main            d.u.i.k.p.r.p.TestFile    ... success: reloaded. 
244197     INFO  main            d.u.i.k.p.r.p.TestFile    Now processing file /home/runner/work/key/key/key.core/../key.ui/examples/heap/permissions/threads/BFilter_preStart_accessible.key 
244198     INFO  main            d.u.i.k.p.i.AbstractProblemLoader Loading environment from /home/runner/work/key/key/key.core/../key.ui/examples/heap/permissions/threads/BFilter_preStart_accessible.key 
244198     DEBUG main            d.u.i.k.p.i.AbstractProblemLoader Environment load took 166.1ns 
244200     INFO  main            d.u.i.k.p.i.AbstractProblemLoader Creating init config 
248653     DEBUG main            d.u.i.k.p.i.AbstractProblemLoader Init config took 4.45s 
248732     INFO  main            d.u.i.k.p.i.AbstractProblemLoader Replaying proof BFilter[ThreadSpec2::preStart(java.lang.Object)].JML accessible clause.0 
248733     DEBUG main            d.u.i.k.p.i.IntermediateProofReplayer Proof replay took 6.3ns 
249036     INFO  main            d.u.i.k.p.r.p.TestFile    ... finished proof: closed. 
249352     INFO  main            d.u.i.k.p.i.AbstractProblemLoader Loading environment from /home/runner/work/key/key/key.core/../key.ui/examples/heap/permissions/threads/BFilter_preStart_accessible.key.proof 
249352     DEBUG main            d.u.i.k.p.i.AbstractProblemLoader Environment load took 83.8ns 
249352     INFO  main            d.u.i.k.p.i.AbstractProblemLoader Creating init config 
253734     DEBUG main            d.u.i.k.p.i.AbstractProblemLoader Init config took 4.38s 
253824     INFO  main            d.u.i.k.p.i.AbstractProblemLoader Replaying proof BFilter[ThreadSpec2::preStart(java.lang.Object)].JML accessible clause.0 
253845     DEBUG main            d.u.i.k.p.i.IntermediateProofReplayer Proof replay took 18.61ms 
253846     DEBUG main            d.u.i.k.p.r.p.TestFile    ... success: reloaded. 
253847     INFO  main            d.u.i.k.p.r.p.TestFile    Now processing file /home/runner/work/key/key/key.core/../key.ui/examples/heap/permissions/threads/BFilter_startTransfer_accessible.key 
253847     INFO  main            d.u.i.k.p.i.AbstractProblemLoader Loading environment from /home/runner/work/key/key/key.core/../key.ui/examples/heap/permissions/threads/BFilter_startTransfer_accessible.key 
253847     DEBUG main            d.u.i.k.p.i.AbstractProblemLoader Environment load took 69.5ns 
253848     INFO  main            d.u.i.k.p.i.AbstractProblemLoader Creating init config 
258308     DEBUG main            d.u.i.k.p.i.AbstractProblemLoader Init config took 4.46s 
258400     INFO  main            d.u.i.k.p.i.AbstractProblemLoader Replaying proof BFilter[ThreadSpec2::startTransfer()].JML accessible clause.0 
258401     DEBUG main            d.u.i.k.p.i.IntermediateProofReplayer Proof replay took 6.3ns 
264129     INFO  main            d.u.i.k.p.r.p.TestFile    ... finished proof: closed. 
264454     INFO  main            d.u.i.k.p.i.AbstractProblemLoader Loading environment from /home/runner/work/key/key/key.core/../key.ui/examples/heap/permissions/threads/BFilter_startTransfer_accessible.key.proof 
264455     DEBUG main            d.u.i.k.p.i.AbstractProblemLoader Environment load took 356.5ns 
264457     INFO  main            d.u.i.k.p.i.AbstractProblemLoader Creating init config 
268834     DEBUG main            d.u.i.k.p.i.AbstractProblemLoader Init config took 4.38s 
268913     INFO  main            d.u.i.k.p.i.AbstractProblemLoader Replaying proof BFilter[ThreadSpec2::startTransfer()].JML accessible clause.0 
269238     DEBUG main            d.u.i.k.p.i.IntermediateProofReplayer Proof replay took 315.07ms 
269240     DEBUG main            d.u.i.k.p.r.p.TestFile    ... success: reloaded. 
269241     INFO  main            d.u.i.k.p.r.p.TestFile    Now processing file /home/runner/work/key/key/key.core/../key.ui/examples/heap/permissions/threads/BFilter_startTransfer_contract.key 
269241     INFO  main            d.u.i.k.p.i.AbstractProblemLoader Loading environment from /home/runner/work/key/key/key.core/../key.ui/examples/heap/permissions/threads/BFilter_startTransfer_contract.key 
269241     DEBUG main            d.u.i.k.p.i.AbstractProblemLoader Environment load took 153.6ns 
269242     INFO  main            d.u.i.k.p.i.AbstractProblemLoader Creating init config 
273656     DEBUG main            d.u.i.k.p.i.AbstractProblemLoader Init config took 4.41s 
273736     INFO  main            d.u.i.k.p.i.AbstractProblemLoader Replaying proof BFilter[ThreadSpec2::startTransfer()].JML model_behavior operation contract.0 
273737     DEBUG main            d.u.i.k.p.i.IntermediateProofReplayer Proof replay took 8ns 
274844     INFO  main            d.u.i.k.p.r.p.TestFile    ... finished proof: closed. 
275155     INFO  main            d.u.i.k.p.i.AbstractProblemLoader Loading environment from /home/runner/work/key/key/key.core/../key.ui/examples/heap/permissions/threads/BFilter_startTransfer_contract.key.proof 
275155     DEBUG main            d.u.i.k.p.i.AbstractProblemLoader Environment load took 92.8ns 
275156     INFO  main            d.u.i.k.p.i.AbstractProblemLoader Creating init config 
279514     DEBUG main            d.u.i.k.p.i.AbstractProblemLoader Init config took 4.36s 
279593     INFO  main            d.u.i.k.p.i.AbstractProblemLoader Replaying proof BFilter[ThreadSpec2::startTransfer()].JML model_behavior operation contract.0 
279681     DEBUG main            d.u.i.k.p.i.IntermediateProofReplayer Proof replay took 82.72ms 
279682     DEBUG main            d.u.i.k.p.r.p.TestFile    ... success: reloaded. 
279683     INFO  main            d.u.i.k.p.r.p.TestFile    Now processing file /home/runner/work/key/key/key.core/../key.ui/examples/heap/permissions/threads/BFilter_stateInv_accessible.key 
279683     INFO  main            d.u.i.k.p.i.AbstractProblemLoader Loading environment from /home/runner/work/key/key/key.core/../key.ui/examples/heap/permissions/threads/BFilter_stateInv_accessible.key 
279683     DEBUG main            d.u.i.k.p.i.AbstractProblemLoader Environment load took 53ns 
279684     INFO  main            d.u.i.k.p.i.AbstractProblemLoader Creating init config 
284111     DEBUG main            d.u.i.k.p.i.AbstractProblemLoader Init config took 4.43s 
284190     INFO  main            d.u.i.k.p.i.AbstractProblemLoader Replaying proof BFilter[ThreadSpec2::stateInv()].JML accessible clause.0 
284192     DEBUG main            d.u.i.k.p.i.IntermediateProofReplayer Proof replay took 6.7ns 
284494     INFO  main            d.u.i.k.p.r.p.TestFile    ... finished proof: closed. 
284841     INFO  main            d.u.i.k.p.i.AbstractProblemLoader Loading environment from /home/runner/work/key/key/key.core/../key.ui/examples/heap/permissions/threads/BFilter_stateInv_accessible.key.proof 
284841     DEBUG main            d.u.i.k.p.i.AbstractProblemLoader Environment load took 82.9ns 
284842     INFO  main            d.u.i.k.p.i.AbstractProblemLoader Creating init config 
289200     DEBUG main            d.u.i.k.p.i.AbstractProblemLoader Init config took 4.36s 
289280     INFO  main            d.u.i.k.p.i.AbstractProblemLoader Replaying proof BFilter[ThreadSpec2::stateInv()].JML accessible clause.0 
289308     DEBUG main            d.u.i.k.p.i.IntermediateProofReplayer Proof replay took 24.95ms 
289309     DEBUG main            d.u.i.k.p.r.p.TestFile    ... success: reloaded. 
289309     INFO  main            d.u.i.k.p.r.p.TestFile    Now processing file /home/runner/work/key/key/key.core/../key.ui/examples/heap/permissions/threads/BFilter_staticPermissions_accessible.key 
289310     INFO  main            d.u.i.k.p.i.AbstractProblemLoader Loading environment from /home/runner/work/key/key/key.core/../key.ui/examples/heap/permissions/threads/BFilter_staticPermissions_accessible.key 
289310     DEBUG main            d.u.i.k.p.i.AbstractProblemLoader Environment load took 67.8ns 
289311     INFO  main            d.u.i.k.p.i.AbstractProblemLoader Creating init config 
293745     DEBUG main            d.u.i.k.p.i.AbstractProblemLoader Init config took 4.43s 
293826     INFO  main            d.u.i.k.p.i.AbstractProblemLoader Replaying proof BFilter[ThreadSpec2::staticPermissions()].JML accessible clause.0 
293827     DEBUG main            d.u.i.k.p.i.IntermediateProofReplayer Proof replay took 8ns 
293928     INFO  main            d.u.i.k.p.r.p.TestFile    ... finished proof: closed. 
294452     INFO  main            d.u.i.k.p.i.AbstractProblemLoader Loading environment from /home/runner/work/key/key/key.core/../key.ui/examples/heap/permissions/threads/BFilter_staticPermissions_accessible.key.proof 
294452     DEBUG main            d.u.i.k.p.i.AbstractProblemLoader Environment load took 83.6ns 
294452     INFO  main            d.u.i.k.p.i.AbstractProblemLoader Creating init config 
298794     DEBUG main            d.u.i.k.p.i.AbstractProblemLoader Init config took 4.34s 
298872     INFO  main            d.u.i.k.p.i.AbstractProblemLoader Replaying proof BFilter[ThreadSpec2::staticPermissions()].JML accessible clause.0 
298880     DEBUG main            d.u.i.k.p.i.IntermediateProofReplayer Proof replay took 6.25ms 
298880     DEBUG main            d.u.i.k.p.r.p.TestFile    ... success: reloaded. 
298881     INFO  main            d.u.i.k.p.r.p.TestFile    Now processing file /home/runner/work/key/key/key.core/../key.ui/examples/heap/permissions/threads/BFilter_workingPermissions_accessible.key 
298881     INFO  main            d.u.i.k.p.i.AbstractProblemLoader Loading environment from /home/runner/work/key/key/key.core/../key.ui/examples/heap/permissions/threads/BFilter_workingPermissions_accessible.key 
298881     DEBUG main            d.u.i.k.p.i.AbstractProblemLoader Environment load took 45.9ns 
298882     INFO  main            d.u.i.k.p.i.AbstractProblemLoader Creating init config 
303300     DEBUG main            d.u.i.k.p.i.AbstractProblemLoader Init config took 4.42s 
303390     INFO  main            d.u.i.k.p.i.AbstractProblemLoader Replaying proof BFilter[ThreadSpec2::workingPermissions()].JML accessible clause.0 
303391     DEBUG main            d.u.i.k.p.i.IntermediateProofReplayer Proof replay took 5.8ns 
303494     INFO  main            d.u.i.k.p.r.p.TestFile    ... finished proof: closed. 
303835     INFO  main            d.u.i.k.p.i.AbstractProblemLoader Loading environment from /home/runner/work/key/key/key.core/../key.ui/examples/heap/permissions/threads/BFilter_workingPermissions_accessible.key.proof 
303835     DEBUG main            d.u.i.k.p.i.AbstractProblemLoader Environment load took 85.7ns 
303836     INFO  main            d.u.i.k.p.i.AbstractProblemLoader Creating init config 
308180     DEBUG main            d.u.i.k.p.i.AbstractProblemLoader Init config took 4.34s 
308277     INFO  main            d.u.i.k.p.i.AbstractProblemLoader Replaying proof BFilter[ThreadSpec2::workingPermissions()].JML accessible clause.0 
308284     DEBUG main            d.u.i.k.p.i.IntermediateProofReplayer Proof replay took 5.74ms 
308285     DEBUG main            d.u.i.k.p.r.p.TestFile    ... success: reloaded. 
308286     INFO  main            d.u.i.k.p.r.p.TestFile    Now processing file /home/runner/work/key/key/key.core/../key.ui/examples/heap/permissions/threads/Fib_Fib.key 
308286     INFO  main            d.u.i.k.p.i.AbstractProblemLoader Loading environment from /home/runner/work/key/key/key.core/../key.ui/examples/heap/permissions/threads/Fib_Fib.key 
308286     DEBUG main            d.u.i.k.p.i.AbstractProblemLoader Environment load took 43.5ns 
308287     INFO  main            d.u.i.k.p.i.AbstractProblemLoader Creating init config 
312704     DEBUG main            d.u.i.k.p.i.AbstractProblemLoader Init config took 4.42s 
312783     INFO  main            d.u.i.k.p.i.AbstractProblemLoader Replaying proof Fib[Fib::Fib(int)].JML normal_behavior operation contract.0 
312784     DEBUG main            d.u.i.k.p.i.IntermediateProofReplayer Proof replay took 6.7ns 
313388     INFO  main            d.u.i.k.p.r.p.TestFile    ... finished proof: closed. 
313760     INFO  main            d.u.i.k.p.i.AbstractProblemLoader Loading environment from /home/runner/work/key/key/key.core/../key.ui/examples/heap/permissions/threads/Fib_Fib.key.proof 
313760     DEBUG main            d.u.i.k.p.i.AbstractProblemLoader Environment load took 86.9ns 
313761     INFO  main            d.u.i.k.p.i.AbstractProblemLoader Creating init config 
318112     DEBUG main            d.u.i.k.p.i.AbstractProblemLoader Init config took 4.35s 
318190     INFO  main            d.u.i.k.p.i.AbstractProblemLoader Replaying proof Fib[Fib::Fib(int)].JML normal_behavior operation contract.0 
318264     DEBUG main            d.u.i.k.p.i.IntermediateProofReplayer Proof replay took 67ms 
318265     DEBUG main            d.u.i.k.p.r.p.TestFile    ... success: reloaded. 
318266     INFO  main            d.u.i.k.p.r.p.TestFile    Now processing file /home/runner/work/key/key/key.core/../key.ui/examples/heap/permissions/threads/Fib_initPost_accessible.key 
318266     INFO  main            d.u.i.k.p.i.AbstractProblemLoader Loading environment from /home/runner/work/key/key/key.core/../key.ui/examples/heap/permissions/threads/Fib_initPost_accessible.key 
318266     DEBUG main            d.u.i.k.p.i.AbstractProblemLoader Environment load took 46ns 
318267     INFO  main            d.u.i.k.p.i.AbstractProblemLoader Creating init config 
322697     DEBUG main            d.u.i.k.p.i.AbstractProblemLoader Init config took 4.43s 
322776     INFO  main            d.u.i.k.p.i.AbstractProblemLoader Replaying proof Fib[ThreadSpec::initPost()].JML accessible clause.0 
322777     DEBUG main            d.u.i.k.p.i.IntermediateProofReplayer Proof replay took 7.2ns 
322878     INFO  main            d.u.i.k.p.r.p.TestFile    ... finished proof: closed. 
323219     INFO  main            d.u.i.k.p.i.AbstractProblemLoader Loading environment from /home/runner/work/key/key/key.core/../key.ui/examples/heap/permissions/threads/Fib_initPost_accessible.key.proof 
323219     DEBUG main            d.u.i.k.p.i.AbstractProblemLoader Environment load took 84.2ns 
323220     INFO  main            d.u.i.k.p.i.AbstractProblemLoader Creating init config 
327564     DEBUG main            d.u.i.k.p.i.AbstractProblemLoader Init config took 4.34s 
327642     INFO  main            d.u.i.k.p.i.AbstractProblemLoader Replaying proof Fib[ThreadSpec::initPost()].JML accessible clause.0 
327647     DEBUG main            d.u.i.k.p.i.IntermediateProofReplayer Proof replay took 3.69ms 
327648     DEBUG main            d.u.i.k.p.r.p.TestFile    ... success: reloaded. 
327649     INFO  main            d.u.i.k.p.r.p.TestFile    Now processing file /home/runner/work/key/key/key.core/../key.ui/examples/heap/permissions/threads/Fib_inv1_accessible.key 
327649     INFO  main            d.u.i.k.p.i.AbstractProblemLoader Loading environment from /home/runner/work/key/key/key.core/../key.ui/examples/heap/permissions/threads/Fib_inv1_accessible.key 
327649     DEBUG main            d.u.i.k.p.i.AbstractProblemLoader Environment load took 96.6ns 
327650     INFO  main            d.u.i.k.p.i.AbstractProblemLoader Creating init config 
332050     DEBUG main            d.u.i.k.p.i.AbstractProblemLoader Init config took 4.4s 
332143     INFO  main            d.u.i.k.p.i.AbstractProblemLoader Replaying proof Fib[java.lang.Object::<inv>()].JML accessible clause.0 
332144     DEBUG main            d.u.i.k.p.i.IntermediateProofReplayer Proof replay took 6.3ns 
332246     INFO  main            d.u.i.k.p.r.p.TestFile    ... finished proof: closed. 
332590     INFO  main            d.u.i.k.p.i.AbstractProblemLoader Loading environment from /home/runner/work/key/key/key.core/../key.ui/examples/heap/permissions/threads/Fib_inv1_accessible.key.proof 
332590     DEBUG main            d.u.i.k.p.i.AbstractProblemLoader Environment load took 91.3ns 
332591     INFO  main            d.u.i.k.p.i.AbstractProblemLoader Creating init config 
336958     DEBUG main            d.u.i.k.p.i.AbstractProblemLoader Init config took 4.37s 
337036     INFO  main            d.u.i.k.p.i.AbstractProblemLoader Replaying proof Fib[java.lang.Object::<inv>()].JML accessible clause.0 
337039     DEBUG main            d.u.i.k.p.i.IntermediateProofReplayer Proof replay took 1.36ms 
337040     DEBUG main            d.u.i.k.p.r.p.TestFile    ... success: reloaded. 
337041     INFO  main            d.u.i.k.p.r.p.TestFile    Now processing file /home/runner/work/key/key/key.core/../key.ui/examples/heap/permissions/threads/Fib_inv2_accessible.key 
337041     INFO  main            d.u.i.k.p.i.AbstractProblemLoader Loading environment from /home/runner/work/key/key/key.core/../key.ui/examples/heap/permissions/threads/Fib_inv2_accessible.key 
337041     DEBUG main            d.u.i.k.p.i.AbstractProblemLoader Environment load took 67.2ns 
337042     INFO  main            d.u.i.k.p.i.AbstractProblemLoader Creating init config 
341514     DEBUG main            d.u.i.k.p.i.AbstractProblemLoader Init config took 4.47s 
341592     INFO  main            d.u.i.k.p.i.AbstractProblemLoader Replaying proof Fib[java.lang.Object::<inv>()].JML accessible clause.1 
341593     DEBUG main            d.u.i.k.p.i.IntermediateProofReplayer Proof replay took 7.3ns 
341694     INFO  main            d.u.i.k.p.r.p.TestFile    ... finished proof: closed. 
342047     INFO  main            d.u.i.k.p.i.AbstractProblemLoader Loading environment from /home/runner/work/key/key/key.core/../key.ui/examples/heap/permissions/threads/Fib_inv2_accessible.key.proof 
342047     DEBUG main            d.u.i.k.p.i.AbstractProblemLoader Environment load took 90.4ns 
342048     INFO  main            d.u.i.k.p.i.AbstractProblemLoader Creating init config 
346410     DEBUG main            d.u.i.k.p.i.AbstractProblemLoader Init config took 4.36s 
346487     INFO  main            d.u.i.k.p.i.AbstractProblemLoader Replaying proof Fib[java.lang.Object::<inv>()].JML accessible clause.1 
346490     DEBUG main            d.u.i.k.p.i.IntermediateProofReplayer Proof replay took 1.37ms 
346491     DEBUG main            d.u.i.k.p.r.p.TestFile    ... success: reloaded. 
346492     INFO  main            d.u.i.k.p.r.p.TestFile    Now processing file /home/runner/work/key/key/key.core/../key.ui/examples/heap/permissions/threads/Fib_joinTransfer_accessible.key 
346492     INFO  main            d.u.i.k.p.i.AbstractProblemLoader Loading environment from /home/runner/work/key/key/key.core/../key.ui/examples/heap/permissions/threads/Fib_joinTransfer_accessible.key 
346492     DEBUG main            d.u.i.k.p.i.AbstractProblemLoader Environment load took 40.4ns 
346493     INFO  main            d.u.i.k.p.i.AbstractProblemLoader Creating init config 
350902     DEBUG main            d.u.i.k.p.i.AbstractProblemLoader Init config took 4.41s 
350980     INFO  main            d.u.i.k.p.i.AbstractProblemLoader Replaying proof Fib[ThreadSpec::joinTransfer()].JML accessible clause.0 
350981     DEBUG main            d.u.i.k.p.i.IntermediateProofReplayer Proof replay took 7.3ns 
351183     INFO  main            d.u.i.k.p.r.p.TestFile    ... finished proof: closed. 
351554     INFO  main            d.u.i.k.p.i.AbstractProblemLoader Loading environment from /home/runner/work/key/key/key.core/../key.ui/examples/heap/permissions/threads/Fib_joinTransfer_accessible.key.proof 
351554     DEBUG main            d.u.i.k.p.i.AbstractProblemLoader Environment load took 74.5ns 
351554     INFO  main            d.u.i.k.p.i.AbstractProblemLoader Creating init config 
355942     DEBUG main            d.u.i.k.p.i.AbstractProblemLoader Init config took 4.39s 
356019     INFO  main            d.u.i.k.p.i.AbstractProblemLoader Replaying proof Fib[ThreadSpec::joinTransfer()].JML accessible clause.0 
356038     DEBUG main            d.u.i.k.p.i.IntermediateProofReplayer Proof replay took 16.47ms 
356039     DEBUG main            d.u.i.k.p.r.p.TestFile    ... success: reloaded. 
356040     INFO  main            d.u.i.k.p.r.p.TestFile    Now processing file /home/runner/work/key/key/key.core/../key.ui/examples/heap/permissions/threads/Fib_joinTransfer_contract.key 
356040     INFO  main            d.u.i.k.p.i.AbstractProblemLoader Loading environment from /home/runner/work/key/key/key.core/../key.ui/examples/heap/permissions/threads/Fib_joinTransfer_contract.key 
356040     DEBUG main            d.u.i.k.p.i.AbstractProblemLoader Environment load took 141.4ns 
356041     INFO  main            d.u.i.k.p.i.AbstractProblemLoader Creating init config 
360446     DEBUG main            d.u.i.k.p.i.AbstractProblemLoader Init config took 4.4s 
360537     INFO  main            d.u.i.k.p.i.AbstractProblemLoader Replaying proof Fib[ThreadSpec::joinTransfer()].JML model_behavior operation contract.0 
360538     DEBUG main            d.u.i.k.p.i.IntermediateProofReplayer Proof replay took 6.8ns 
360642     INFO  main            d.u.i.k.p.r.p.TestFile    ... finished proof: closed. 
361004     INFO  main            d.u.i.k.p.i.AbstractProblemLoader Loading environment from /home/runner/work/key/key/key.core/../key.ui/examples/heap/permissions/threads/Fib_joinTransfer_contract.key.proof 
361004     DEBUG main            d.u.i.k.p.i.AbstractProblemLoader Environment load took 70.4ns 
361005     INFO  main            d.u.i.k.p.i.AbstractProblemLoader Creating init config 
365343     DEBUG main            d.u.i.k.p.i.AbstractProblemLoader Init config took 4.34s 
365432     INFO  main            d.u.i.k.p.i.AbstractProblemLoader Replaying proof Fib[ThreadSpec::joinTransfer()].JML model_behavior operation contract.0 
365440     DEBUG main            d.u.i.k.p.i.IntermediateProofReplayer Proof replay took 6ms 
365441     DEBUG main            d.u.i.k.p.r.p.TestFile    ... success: reloaded. 
365441     INFO  main            d.u.i.k.p.r.p.TestFile    Now processing file /home/runner/work/key/key/key.core/../key.ui/examples/heap/permissions/threads/Fib_postJoin_accessible.key 
365442     INFO  main            d.u.i.k.p.i.AbstractProblemLoader Loading environment from /home/runner/work/key/key/key.core/../key.ui/examples/heap/permissions/threads/Fib_postJoin_accessible.key 
365442     DEBUG main            d.u.i.k.p.i.AbstractProblemLoader Environment load took 135.4ns 
365443     INFO  main            d.u.i.k.p.i.AbstractProblemLoader Creating init config 
369851     DEBUG main            d.u.i.k.p.i.AbstractProblemLoader Init config took 4.41s 
369928     INFO  main            d.u.i.k.p.i.AbstractProblemLoader Replaying proof Fib[ThreadSpec::postJoin(java.lang.Object)].JML accessible clause.0 
369929     DEBUG main            d.u.i.k.p.i.IntermediateProofReplayer Proof replay took 6.8ns 
370030     INFO  main            d.u.i.k.p.r.p.TestFile    ... finished proof: closed. 
370398     INFO  main            d.u.i.k.p.i.AbstractProblemLoader Loading environment from /home/runner/work/key/key/key.core/../key.ui/examples/heap/permissions/threads/Fib_postJoin_accessible.key.proof 
370398     DEBUG main            d.u.i.k.p.i.AbstractProblemLoader Environment load took 77ns 
370399     INFO  main            d.u.i.k.p.i.AbstractProblemLoader Creating init config 
374734     DEBUG main            d.u.i.k.p.i.AbstractProblemLoader Init config took 4.34s 
374822     INFO  main            d.u.i.k.p.i.AbstractProblemLoader Replaying proof Fib[ThreadSpec::postJoin(java.lang.Object)].JML accessible clause.0 
374827     DEBUG main            d.u.i.k.p.i.IntermediateProofReplayer Proof replay took 3.82ms 
374828     DEBUG main            d.u.i.k.p.r.p.TestFile    ... success: reloaded. 
374829     INFO  main            d.u.i.k.p.r.p.TestFile    Now processing file /home/runner/work/key/key/key.core/../key.ui/examples/heap/permissions/threads/Fib_preStart_accessible.key 
374829     INFO  main            d.u.i.k.p.i.AbstractProblemLoader Loading environment from /home/runner/work/key/key/key.core/../key.ui/examples/heap/permissions/threads/Fib_preStart_accessible.key 
374829     DEBUG main            d.u.i.k.p.i.AbstractProblemLoader Environment load took 79.2ns 
374830     INFO  main            d.u.i.k.p.i.AbstractProblemLoader Creating init config 
379230     DEBUG main            d.u.i.k.p.i.AbstractProblemLoader Init config took 4.4s 
379306     INFO  main            d.u.i.k.p.i.AbstractProblemLoader Replaying proof Fib[ThreadSpec::preStart(java.lang.Object)].JML accessible clause.0 
379308     DEBUG main            d.u.i.k.p.i.IntermediateProofReplayer Proof replay took 6.9ns 
379409     INFO  main            d.u.i.k.p.r.p.TestFile    ... finished proof: closed. 
379783     INFO  main            d.u.i.k.p.i.AbstractProblemLoader Loading environment from /home/runner/work/key/key/key.core/../key.ui/examples/heap/permissions/threads/Fib_preStart_accessible.key.proof 
379783     DEBUG main            d.u.i.k.p.i.AbstractProblemLoader Environment load took 76.1ns 
379783     INFO  main            d.u.i.k.p.i.AbstractProblemLoader Creating init config 
384129     DEBUG main            d.u.i.k.p.i.AbstractProblemLoader Init config took 4.35s 
384206     INFO  main            d.u.i.k.p.i.AbstractProblemLoader Replaying proof Fib[ThreadSpec::preStart(java.lang.Object)].JML accessible clause.0 
384211     DEBUG main            d.u.i.k.p.i.IntermediateProofReplayer Proof replay took 3.95ms 
384212     DEBUG main            d.u.i.k.p.r.p.TestFile    ... success: reloaded. 
384213     INFO  main            d.u.i.k.p.r.p.TestFile    Now processing file /home/runner/work/key/key/key.core/../key.ui/examples/heap/permissions/threads/Fib_startTransfer_accessible.key 
384213     INFO  main            d.u.i.k.p.i.AbstractProblemLoader Loading environment from /home/runner/work/key/key/key.core/../key.ui/examples/heap/permissions/threads/Fib_startTransfer_accessible.key 
384213     DEBUG main            d.u.i.k.p.i.AbstractProblemLoader Environment load took 95.3ns 
384214     INFO  main            d.u.i.k.p.i.AbstractProblemLoader Creating init config 
388634     DEBUG main            d.u.i.k.p.i.AbstractProblemLoader Init config took 4.42s 
388724     INFO  main            d.u.i.k.p.i.AbstractProblemLoader Replaying proof Fib[ThreadSpec::startTransfer()].JML accessible clause.0 
388725     DEBUG main            d.u.i.k.p.i.IntermediateProofReplayer Proof replay took 7.8ns 
388930     INFO  main            d.u.i.k.p.r.p.TestFile    ... finished proof: closed. 
389320     INFO  main            d.u.i.k.p.i.AbstractProblemLoader Loading environment from /home/runner/work/key/key/key.core/../key.ui/examples/heap/permissions/threads/Fib_startTransfer_accessible.key.proof 
389320     DEBUG main            d.u.i.k.p.i.AbstractProblemLoader Environment load took 76.1ns 
389321     INFO  main            d.u.i.k.p.i.AbstractProblemLoader Creating init config 
393663     DEBUG main            d.u.i.k.p.i.AbstractProblemLoader Init config took 4.34s 
393740     INFO  main            d.u.i.k.p.i.AbstractProblemLoader Replaying proof Fib[ThreadSpec::startTransfer()].JML accessible clause.0 
393758     DEBUG main            d.u.i.k.p.i.IntermediateProofReplayer Proof replay took 16.42ms 
393759     DEBUG main            d.u.i.k.p.r.p.TestFile    ... success: reloaded. 
393760     INFO  main            d.u.i.k.p.r.p.TestFile    Now processing file /home/runner/work/key/key/key.core/../key.ui/examples/heap/permissions/threads/Fib_startTransfer_contract.key 
393760     INFO  main            d.u.i.k.p.i.AbstractProblemLoader Loading environment from /home/runner/work/key/key/key.core/../key.ui/examples/heap/permissions/threads/Fib_startTransfer_contract.key 
393760     DEBUG main            d.u.i.k.p.i.AbstractProblemLoader Environment load took 80.5ns 
393761     INFO  main            d.u.i.k.p.i.AbstractProblemLoader Creating init config 
398176     DEBUG main            d.u.i.k.p.i.AbstractProblemLoader Init config took 4.41s 
398258     INFO  main            d.u.i.k.p.i.AbstractProblemLoader Replaying proof Fib[ThreadSpec::startTransfer()].JML model_behavior operation contract.0 
398260     DEBUG main            d.u.i.k.p.i.IntermediateProofReplayer Proof replay took 6.7ns 
398362     INFO  main            d.u.i.k.p.r.p.TestFile    ... finished proof: closed. 
398777     INFO  main            d.u.i.k.p.i.AbstractProblemLoader Loading environment from /home/runner/work/key/key/key.core/../key.ui/examples/heap/permissions/threads/Fib_startTransfer_contract.key.proof 
398777     DEBUG main            d.u.i.k.p.i.AbstractProblemLoader Environment load took 67.8ns 
398778     INFO  main            d.u.i.k.p.i.AbstractProblemLoader Creating init config 
403120     DEBUG main            d.u.i.k.p.i.AbstractProblemLoader Init config took 4.34s 
403198     INFO  main            d.u.i.k.p.i.AbstractProblemLoader Replaying proof Fib[ThreadSpec::startTransfer()].JML model_behavior operation contract.0 
403206     DEBUG main            d.u.i.k.p.i.IntermediateProofReplayer Proof replay took 6.03ms 
403207     DEBUG main            d.u.i.k.p.r.p.TestFile    ... success: reloaded. 
403208     INFO  main            d.u.i.k.p.r.p.TestFile    Now processing file /home/runner/work/key/key/key.core/../key.ui/examples/heap/permissions/threads/Fib_workingPermissions_accessible.key 
403208     INFO  main            d.u.i.k.p.i.AbstractProblemLoader Loading environment from /home/runner/work/key/key/key.core/../key.ui/examples/heap/permissions/threads/Fib_workingPermissions_accessible.key 
403208     DEBUG main            d.u.i.k.p.i.AbstractProblemLoader Environment load took 139.5ns 
403209     INFO  main            d.u.i.k.p.i.AbstractProblemLoader Creating init config 
407607     DEBUG main            d.u.i.k.p.i.AbstractProblemLoader Init config took 4.4s 
407697     INFO  main            d.u.i.k.p.i.AbstractProblemLoader Replaying proof Fib[ThreadSpec::workingPermissions()].JML accessible clause.0 
407699     DEBUG main            d.u.i.k.p.i.IntermediateProofReplayer Proof replay took 6.2ns 
407800     INFO  main            d.u.i.k.p.r.p.TestFile    ... finished proof: closed. 
408184     INFO  main            d.u.i.k.p.i.AbstractProblemLoader Loading environment from /home/runner/work/key/key/key.core/../key.ui/examples/heap/permissions/threads/Fib_workingPermissions_accessible.key.proof 
408184     DEBUG main            d.u.i.k.p.i.AbstractProblemLoader Environment load took 72.1ns 
408185     INFO  main            d.u.i.k.p.i.AbstractProblemLoader Creating init config 
412514     DEBUG main            d.u.i.k.p.i.AbstractProblemLoader Init config took 4.33s 
412596     INFO  main            d.u.i.k.p.i.AbstractProblemLoader Replaying proof Fib[ThreadSpec::workingPermissions()].JML accessible clause.0 
412599     DEBUG main            d.u.i.k.p.i.IntermediateProofReplayer Proof replay took 1.61ms 
412599     DEBUG main            d.u.i.k.p.r.p.TestFile    ... success: reloaded. 
412600     INFO  main            d.u.i.k.p.r.p.TestFile    Now processing file /home/runner/work/key/key/key.core/../key.ui/examples/heap/permissions/threads/Plotter_initPost_accessible.key 
412600     INFO  main            d.u.i.k.p.i.AbstractProblemLoader Loading environment from /home/runner/work/key/key/key.core/../key.ui/examples/heap/permissions/threads/Plotter_initPost_accessible.key 
412600     DEBUG main            d.u.i.k.p.i.AbstractProblemLoader Environment load took 82.3ns 
412601     INFO  main            d.u.i.k.p.i.AbstractProblemLoader Creating init config 
417029     DEBUG main            d.u.i.k.p.i.AbstractProblemLoader Init config took 4.43s 
417107     INFO  main            d.u.i.k.p.i.AbstractProblemLoader Replaying proof Plotter[ThreadSpec2::initPost()].JML accessible clause.0 
417108     DEBUG main            d.u.i.k.p.i.IntermediateProofReplayer Proof replay took 6.5ns 
417209     INFO  main            d.u.i.k.p.r.p.TestFile    ... finished proof: closed. 
417610     INFO  main            d.u.i.k.p.i.AbstractProblemLoader Loading environment from /home/runner/work/key/key/key.core/../key.ui/examples/heap/permissions/threads/Plotter_initPost_accessible.key.proof 
417610     DEBUG main            d.u.i.k.p.i.AbstractProblemLoader Environment load took 74.7ns 
417611     INFO  main            d.u.i.k.p.i.AbstractProblemLoader Creating init config 
421951     DEBUG main            d.u.i.k.p.i.AbstractProblemLoader Init config took 4.34s 
422037     INFO  main            d.u.i.k.p.i.AbstractProblemLoader Replaying proof Plotter[ThreadSpec2::initPost()].JML accessible clause.0 
422047     DEBUG main            d.u.i.k.p.i.IntermediateProofReplayer Proof replay took 8.41ms 
422048     DEBUG main            d.u.i.k.p.r.p.TestFile    ... success: reloaded. 
422049     INFO  main            d.u.i.k.p.r.p.TestFile    Now processing file /home/runner/work/key/key/key.core/../key.ui/examples/heap/permissions/threads/Plotter_inv_accessible1.key 
422049     INFO  main            d.u.i.k.p.i.AbstractProblemLoader Loading environment from /home/runner/work/key/key/key.core/../key.ui/examples/heap/permissions/threads/Plotter_inv_accessible1.key 
422049     DEBUG main            d.u.i.k.p.i.AbstractProblemLoader Environment load took 41.4ns 
422050     INFO  main            d.u.i.k.p.i.AbstractProblemLoader Creating init config 
426445     DEBUG main            d.u.i.k.p.i.AbstractProblemLoader Init config took 4.4s 
426535     INFO  main            d.u.i.k.p.i.AbstractProblemLoader Replaying proof Plotter[java.lang.Object::<inv>()].JML accessible clause.0 
426536     DEBUG main            d.u.i.k.p.i.IntermediateProofReplayer Proof replay took 25.6ns 
426637     INFO  main            d.u.i.k.p.r.p.TestFile    ... finished proof: closed. 
427046     INFO  main            d.u.i.k.p.i.AbstractProblemLoader Loading environment from /home/runner/work/key/key/key.core/../key.ui/examples/heap/permissions/threads/Plotter_inv_accessible1.key.proof 
427046     DEBUG main            d.u.i.k.p.i.AbstractProblemLoader Environment load took 69.9ns 
427047     INFO  main            d.u.i.k.p.i.AbstractProblemLoader Creating init config 
431400     DEBUG main            d.u.i.k.p.i.AbstractProblemLoader Init config took 4.35s 
431477     INFO  main            d.u.i.k.p.i.AbstractProblemLoader Replaying proof Plotter[java.lang.Object::<inv>()].JML accessible clause.0 
431479     DEBUG main            d.u.i.k.p.i.IntermediateProofReplayer Proof replay took 1.34ms 
431480     DEBUG main            d.u.i.k.p.r.p.TestFile    ... success: reloaded. 
431481     INFO  main            d.u.i.k.p.r.p.TestFile    Now processing file /home/runner/work/key/key/key.core/../key.ui/examples/heap/permissions/threads/Plotter_inv_accessible2.key 
431481     INFO  main            d.u.i.k.p.i.AbstractProblemLoader Loading environment from /home/runner/work/key/key/key.core/../key.ui/examples/heap/permissions/threads/Plotter_inv_accessible2.key 
431481     DEBUG main            d.u.i.k.p.i.AbstractProblemLoader Environment load took 48.7ns 
431482     INFO  main            d.u.i.k.p.i.AbstractProblemLoader Creating init config 
435998     DEBUG main            d.u.i.k.p.i.AbstractProblemLoader Init config took 4.52s 
436088     INFO  main            d.u.i.k.p.i.AbstractProblemLoader Replaying proof Plotter[java.lang.Object::<inv>()].JML accessible clause.1 
436089     DEBUG main            d.u.i.k.p.i.IntermediateProofReplayer Proof replay took 7.4ns 
436190     INFO  main            d.u.i.k.p.r.p.TestFile    ... finished proof: closed. 
436611     INFO  main            d.u.i.k.p.i.AbstractProblemLoader Loading environment from /home/runner/work/key/key/key.core/../key.ui/examples/heap/permissions/threads/Plotter_inv_accessible2.key.proof 
436611     DEBUG main            d.u.i.k.p.i.AbstractProblemLoader Environment load took 67.6ns 
436612     INFO  main            d.u.i.k.p.i.AbstractProblemLoader Creating init config 
440955     DEBUG main            d.u.i.k.p.i.AbstractProblemLoader Init config took 4.34s 
441031     INFO  main            d.u.i.k.p.i.AbstractProblemLoader Replaying proof Plotter[java.lang.Object::<inv>()].JML accessible clause.1 
441034     DEBUG main            d.u.i.k.p.i.IntermediateProofReplayer Proof replay took 1.35ms 
441034     DEBUG main            d.u.i.k.p.r.p.TestFile    ... success: reloaded. 
441035     INFO  main            d.u.i.k.p.r.p.TestFile    Now processing file /home/runner/work/key/key/key.core/../key.ui/examples/heap/permissions/threads/Plotter_joinTransfer_contract.key 
441035     INFO  main            d.u.i.k.p.i.AbstractProblemLoader Loading environment from /home/runner/work/key/key/key.core/../key.ui/examples/heap/permissions/threads/Plotter_joinTransfer_contract.key 
441035     DEBUG main            d.u.i.k.p.i.AbstractProblemLoader Environment load took 41.2ns 
441036     INFO  main            d.u.i.k.p.i.AbstractProblemLoader Creating init config 
445585     DEBUG main            d.u.i.k.p.i.AbstractProblemLoader Init config took 4.55s 
445710     INFO  main            d.u.i.k.p.i.AbstractProblemLoader Replaying proof Plotter[ThreadSpec2::joinTransfer()].JML model_behavior operation contract.0 
445714     DEBUG main            d.u.i.k.p.i.IntermediateProofReplayer Proof replay took 7.9ns 
445816     INFO  main            d.u.i.k.p.r.p.TestFile    ... finished proof: closed. 
446254     INFO  main            d.u.i.k.p.i.AbstractProblemLoader Loading environment from /home/runner/work/key/key/key.core/../key.ui/examples/heap/permissions/threads/Plotter_joinTransfer_contract.key.proof 
446254     DEBUG main            d.u.i.k.p.i.AbstractProblemLoader Environment load took 72.6ns 
446255     INFO  main            d.u.i.k.p.i.AbstractProblemLoader Creating init config 
450641     DEBUG main            d.u.i.k.p.i.AbstractProblemLoader Init config took 4.39s 
450719     INFO  main            d.u.i.k.p.i.AbstractProblemLoader Replaying proof Plotter[ThreadSpec2::joinTransfer()].JML model_behavior operation contract.0 
450727     DEBUG main            d.u.i.k.p.i.IntermediateProofReplayer Proof replay took 6.56ms 
450727     DEBUG main            d.u.i.k.p.r.p.TestFile    ... success: reloaded. 
450728     INFO  main            d.u.i.k.p.r.p.TestFile    Now processing file /home/runner/work/key/key/key.core/../key.ui/examples/heap/permissions/threads/Plotter_Plotter.key 
450728     INFO  main            d.u.i.k.p.i.AbstractProblemLoader Loading environment from /home/runner/work/key/key/key.core/../key.ui/examples/heap/permissions/threads/Plotter_Plotter.key 
450728     DEBUG main            d.u.i.k.p.i.AbstractProblemLoader Environment load took 41.2ns 
450729     INFO  main            d.u.i.k.p.i.AbstractProblemLoader Creating init config 
455095     DEBUG main            d.u.i.k.p.i.AbstractProblemLoader Init config took 4.37s 
455174     INFO  main            d.u.i.k.p.i.AbstractProblemLoader Replaying proof Plotter[Plotter::Plotter(AFilter,BFilter,Buffer)].JML normal_behavior operation contract.0 
455175     DEBUG main            d.u.i.k.p.i.IntermediateProofReplayer Proof replay took 6.6ns 
456912     INFO  main            d.u.i.k.p.r.p.TestFile    ... finished proof: closed. 
457340     INFO  main            d.u.i.k.p.i.AbstractProblemLoader Loading environment from /home/runner/work/key/key/key.core/../key.ui/examples/heap/permissions/threads/Plotter_Plotter.key.proof 
457341     DEBUG main            d.u.i.k.p.i.AbstractProblemLoader Environment load took 1.12ms 
457342     INFO  main            d.u.i.k.p.i.AbstractProblemLoader Creating init config 
461661     DEBUG main            d.u.i.k.p.i.AbstractProblemLoader Init config took 4.32s 
461740     INFO  main            d.u.i.k.p.i.AbstractProblemLoader Replaying proof Plotter[Plotter::Plotter(AFilter,BFilter,Buffer)].JML normal_behavior operation contract.0 
461887     DEBUG main            d.u.i.k.p.i.IntermediateProofReplayer Proof replay took 142.44ms 
461888     DEBUG main            d.u.i.k.p.r.p.TestFile    ... success: reloaded. 
461889     INFO  main            d.u.i.k.p.r.p.TestFile    Now processing file /home/runner/work/key/key/key.core/../key.ui/examples/heap/permissions/threads/Plotter_postJoin_accessible.key 
461889     INFO  main            d.u.i.k.p.i.AbstractProblemLoader Loading environment from /home/runner/work/key/key/key.core/../key.ui/examples/heap/permissions/threads/Plotter_postJoin_accessible.key 
461889     DEBUG main            d.u.i.k.p.i.AbstractProblemLoader Environment load took 85ns 
461890     INFO  main            d.u.i.k.p.i.AbstractProblemLoader Creating init config 
466275     DEBUG main            d.u.i.k.p.i.AbstractProblemLoader Init config took 4.39s 
466353     INFO  main            d.u.i.k.p.i.AbstractProblemLoader Replaying proof Plotter[ThreadSpec2::postJoin(java.lang.Object)].JML accessible clause.0 
466354     DEBUG main            d.u.i.k.p.i.IntermediateProofReplayer Proof replay took 7ns 
466456     INFO  main            d.u.i.k.p.r.p.TestFile    ... finished proof: closed. 
466887     INFO  main            d.u.i.k.p.i.AbstractProblemLoader Loading environment from /home/runner/work/key/key/key.core/../key.ui/examples/heap/permissions/threads/Plotter_postJoin_accessible.key.proof 
466887     DEBUG main            d.u.i.k.p.i.AbstractProblemLoader Environment load took 68.7ns 
466888     INFO  main            d.u.i.k.p.i.AbstractProblemLoader Creating init config 
471197     DEBUG main            d.u.i.k.p.i.AbstractProblemLoader Init config took 4.31s 
471287     INFO  main            d.u.i.k.p.i.AbstractProblemLoader Replaying proof Plotter[ThreadSpec2::postJoin(java.lang.Object)].JML accessible clause.0 
471296     DEBUG main            d.u.i.k.p.i.IntermediateProofReplayer Proof replay took 7.94ms 
471297     DEBUG main            d.u.i.k.p.r.p.TestFile    ... success: reloaded. 
471298     INFO  main            d.u.i.k.p.r.p.TestFile    Now processing file /home/runner/work/key/key/key.core/../key.ui/examples/heap/permissions/threads/Plotter_preStart_accessible.key 
471298     INFO  main            d.u.i.k.p.i.AbstractProblemLoader Loading environment from /home/runner/work/key/key/key.core/../key.ui/examples/heap/permissions/threads/Plotter_preStart_accessible.key 
471298     DEBUG main            d.u.i.k.p.i.AbstractProblemLoader Environment load took 40.2ns 
471299     INFO  main            d.u.i.k.p.i.AbstractProblemLoader Creating init config 
475691     DEBUG main            d.u.i.k.p.i.AbstractProblemLoader Init config took 4.39s 
475767     INFO  main            d.u.i.k.p.i.AbstractProblemLoader Replaying proof Plotter[ThreadSpec2::preStart(java.lang.Object)].JML accessible clause.0 
475768     DEBUG main            d.u.i.k.p.i.IntermediateProofReplayer Proof replay took 7.1ns 
476771     INFO  main            d.u.i.k.p.r.p.TestFile    ... finished proof: closed. 
477231     INFO  main            d.u.i.k.p.i.AbstractProblemLoader Loading environment from /home/runner/work/key/key/key.core/../key.ui/examples/heap/permissions/threads/Plotter_preStart_accessible.key.proof 
477231     DEBUG main            d.u.i.k.p.i.AbstractProblemLoader Environment load took 76.9ns 
477232     INFO  main            d.u.i.k.p.i.AbstractProblemLoader Creating init config 
481544     DEBUG main            d.u.i.k.p.i.AbstractProblemLoader Init config took 4.31s 
481620     INFO  main            d.u.i.k.p.i.AbstractProblemLoader Replaying proof Plotter[ThreadSpec2::preStart(java.lang.Object)].JML accessible clause.0 
481667     DEBUG main            d.u.i.k.p.i.IntermediateProofReplayer Proof replay took 43.35ms 
481667     DEBUG main            d.u.i.k.p.r.p.TestFile    ... success: reloaded. 
481668     INFO  main            d.u.i.k.p.r.p.TestFile    Now processing file /home/runner/work/key/key/key.core/../key.ui/examples/heap/permissions/threads/Plotter_stateInv_accessible.key 
481668     INFO  main            d.u.i.k.p.i.AbstractProblemLoader Loading environment from /home/runner/work/key/key/key.core/../key.ui/examples/heap/permissions/threads/Plotter_stateInv_accessible.key 
481668     DEBUG main            d.u.i.k.p.i.AbstractProblemLoader Environment load took 81.6ns 
481669     INFO  main            d.u.i.k.p.i.AbstractProblemLoader Creating init config 
486041     DEBUG main            d.u.i.k.p.i.AbstractProblemLoader Init config took 4.37s 
486118     INFO  main            d.u.i.k.p.i.AbstractProblemLoader Replaying proof Plotter[ThreadSpec2::stateInv()].JML accessible clause.0 
486119     DEBUG main            d.u.i.k.p.i.IntermediateProofReplayer Proof replay took 7.1ns 
493651     INFO  main            d.u.i.k.p.r.p.TestFile    ... finished proof: closed. 
494114     INFO  main            d.u.i.k.p.i.AbstractProblemLoader Loading environment from /home/runner/work/key/key/key.core/../key.ui/examples/heap/permissions/threads/Plotter_stateInv_accessible.key.proof 
494115     DEBUG main            d.u.i.k.p.i.AbstractProblemLoader Environment load took 294.9ns 
494116     INFO  main            d.u.i.k.p.i.AbstractProblemLoader Creating init config 
498431     DEBUG main            d.u.i.k.p.i.AbstractProblemLoader Init config took 4.32s 
498508     INFO  main            d.u.i.k.p.i.AbstractProblemLoader Replaying proof Plotter[ThreadSpec2::stateInv()].JML accessible clause.0 
498924     DEBUG main            d.u.i.k.p.i.IntermediateProofReplayer Proof replay took 400.25ms 
498925     DEBUG main            d.u.i.k.p.r.p.TestFile    ... success: reloaded. 
498926     INFO  main            d.u.i.k.p.r.p.TestFile    Now processing file /home/runner/work/key/key/key.core/../key.ui/examples/heap/permissions/threads/Plotter_staticPermissions_accessible.key 
498926     INFO  main            d.u.i.k.p.i.AbstractProblemLoader Loading environment from /home/runner/work/key/key/key.core/../key.ui/examples/heap/permissions/threads/Plotter_staticPermissions_accessible.key 
498927     DEBUG main            d.u.i.k.p.i.AbstractProblemLoader Environment load took 140.1ns 
498927     INFO  main            d.u.i.k.p.i.AbstractProblemLoader Creating init config 
503300     DEBUG main            d.u.i.k.p.i.AbstractProblemLoader Init config took 4.37s 
503394     INFO  main            d.u.i.k.p.i.AbstractProblemLoader Replaying proof Plotter[ThreadSpec2::staticPermissions()].JML accessible clause.0 
503395     DEBUG main            d.u.i.k.p.i.IntermediateProofReplayer Proof replay took 42.6ns 
504197     INFO  main            d.u.i.k.p.r.p.TestFile    ... finished proof: closed. 
504694     INFO  main            d.u.i.k.p.i.AbstractProblemLoader Loading environment from /home/runner/work/key/key/key.core/../key.ui/examples/heap/permissions/threads/Plotter_staticPermissions_accessible.key.proof 
504694     DEBUG main            d.u.i.k.p.i.AbstractProblemLoader Environment load took 73.2ns 
504695     INFO  main            d.u.i.k.p.i.AbstractProblemLoader Creating init config 
509010     DEBUG main            d.u.i.k.p.i.AbstractProblemLoader Init config took 4.32s 
509088     INFO  main            d.u.i.k.p.i.AbstractProblemLoader Replaying proof Plotter[ThreadSpec2::staticPermissions()].JML accessible clause.0 
509128     DEBUG main            d.u.i.k.p.i.IntermediateProofReplayer Proof replay took 37.05ms 
509128     DEBUG main            d.u.i.k.p.r.p.TestFile    ... success: reloaded. 
509129     INFO  main            d.u.i.k.p.r.p.TestFile    Now processing file /home/runner/work/key/key/key.core/../key.ui/examples/heap/permissions/threads/Plotter_workingPermissions_accessible.key 
509129     INFO  main            d.u.i.k.p.i.AbstractProblemLoader Loading environment from /home/runner/work/key/key/key.core/../key.ui/examples/heap/permissions/threads/Plotter_workingPermissions_accessible.key 
509129     DEBUG main            d.u.i.k.p.i.AbstractProblemLoader Environment load took 57.4ns 
509130     INFO  main            d.u.i.k.p.i.AbstractProblemLoader Creating init config 
513537     DEBUG main            d.u.i.k.p.i.AbstractProblemLoader Init config took 4.41s 
513614     INFO  main            d.u.i.k.p.i.AbstractProblemLoader Replaying proof Plotter[ThreadSpec2::workingPermissions()].JML accessible clause.0 
513616     DEBUG main            d.u.i.k.p.i.IntermediateProofReplayer Proof replay took 3ns 
513817     INFO  main            d.u.i.k.p.r.p.TestFile    ... finished proof: closed. 
514275     INFO  main            d.u.i.k.p.i.AbstractProblemLoader Loading environment from /home/runner/work/key/key/key.core/../key.ui/examples/heap/permissions/threads/Plotter_workingPermissions_accessible.key.proof 
514275     DEBUG main            d.u.i.k.p.i.AbstractProblemLoader Environment load took 71.2ns 
514276     INFO  main            d.u.i.k.p.i.AbstractProblemLoader Creating init config 
518583     DEBUG main            d.u.i.k.p.i.AbstractProblemLoader Init config took 4.31s 
518660     INFO  main            d.u.i.k.p.i.AbstractProblemLoader Replaying proof Plotter[ThreadSpec2::workingPermissions()].JML accessible clause.0 
518671     DEBUG main            d.u.i.k.p.i.IntermediateProofReplayer Proof replay took 10.24ms 
518672     DEBUG main            d.u.i.k.p.r.p.TestFile    ... success: reloaded. 
518673     INFO  main            d.u.i.k.p.r.p.TestFile    Now processing file /home/runner/work/key/key/key.core/../key.ui/examples/heap/permissions/threads/Sampler_initPost_accessible.key 
518673     INFO  main            d.u.i.k.p.i.AbstractProblemLoader Loading environment from /home/runner/work/key/key/key.core/../key.ui/examples/heap/permissions/threads/Sampler_initPost_accessible.key 
518673     DEBUG main            d.u.i.k.p.i.AbstractProblemLoader Environment load took 38.1ns 
518674     INFO  main            d.u.i.k.p.i.AbstractProblemLoader Creating init config 
523054     DEBUG main            d.u.i.k.p.i.AbstractProblemLoader Init config took 4.38s 
523150     INFO  main            d.u.i.k.p.i.AbstractProblemLoader Replaying proof Sampler[ThreadSpec2::initPost()].JML accessible clause.0 
523151     DEBUG main            d.u.i.k.p.i.IntermediateProofReplayer Proof replay took 2.4ns 
523252     INFO  main            d.u.i.k.p.r.p.TestFile    ... finished proof: closed. 
523726     INFO  main            d.u.i.k.p.i.AbstractProblemLoader Loading environment from /home/runner/work/key/key/key.core/../key.ui/examples/heap/permissions/threads/Sampler_initPost_accessible.key.proof 
523726     DEBUG main            d.u.i.k.p.i.AbstractProblemLoader Environment load took 64.5ns 
523727     INFO  main            d.u.i.k.p.i.AbstractProblemLoader Creating init config 
528060     DEBUG main            d.u.i.k.p.i.AbstractProblemLoader Init config took 4.33s 
528137     INFO  main            d.u.i.k.p.i.AbstractProblemLoader Replaying proof Sampler[ThreadSpec2::initPost()].JML accessible clause.0 
528142     DEBUG main            d.u.i.k.p.i.IntermediateProofReplayer Proof replay took 4.03ms 
528143     DEBUG main            d.u.i.k.p.r.p.TestFile    ... success: reloaded. 
528144     INFO  main            d.u.i.k.p.r.p.TestFile    Now processing file /home/runner/work/key/key/key.core/../key.ui/examples/heap/permissions/threads/Sampler_inv_accessible1.key 
528144     INFO  main            d.u.i.k.p.i.AbstractProblemLoader Loading environment from /home/runner/work/key/key/key.core/../key.ui/examples/heap/permissions/threads/Sampler_inv_accessible1.key 
528144     DEBUG main            d.u.i.k.p.i.AbstractProblemLoader Environment load took 59.3ns 
528145     INFO  main            d.u.i.k.p.i.AbstractProblemLoader Creating init config 
532511     DEBUG main            d.u.i.k.p.i.AbstractProblemLoader Init config took 4.37s 
532606     INFO  main            d.u.i.k.p.i.AbstractProblemLoader Replaying proof Sampler[java.lang.Object::<inv>()].JML accessible clause.0 
532607     DEBUG main            d.u.i.k.p.i.IntermediateProofReplayer Proof replay took 2.3ns 
532709     INFO  main            d.u.i.k.p.r.p.TestFile    ... finished proof: closed. 
533170     INFO  main            d.u.i.k.p.i.AbstractProblemLoader Loading environment from /home/runner/work/key/key/key.core/../key.ui/examples/heap/permissions/threads/Sampler_inv_accessible1.key.proof 
533170     DEBUG main            d.u.i.k.p.i.AbstractProblemLoader Environment load took 65.5ns 
533170     INFO  main            d.u.i.k.p.i.AbstractProblemLoader Creating init config 
537471     DEBUG main            d.u.i.k.p.i.AbstractProblemLoader Init config took 4.3s 
537548     INFO  main            d.u.i.k.p.i.AbstractProblemLoader Replaying proof Sampler[java.lang.Object::<inv>()].JML accessible clause.0 
537550     DEBUG main            d.u.i.k.p.i.IntermediateProofReplayer Proof replay took 1.22ms 
537551     DEBUG main            d.u.i.k.p.r.p.TestFile    ... success: reloaded. 
537552     INFO  main            d.u.i.k.p.r.p.TestFile    Now processing file /home/runner/work/key/key/key.core/../key.ui/examples/heap/permissions/threads/Sampler_inv_accessible2.key 
537552     INFO  main            d.u.i.k.p.i.AbstractProblemLoader Loading environment from /home/runner/work/key/key/key.core/../key.ui/examples/heap/permissions/threads/Sampler_inv_accessible2.key 
537552     DEBUG main            d.u.i.k.p.i.AbstractProblemLoader Environment load took 40ns 
537553     INFO  main            d.u.i.k.p.i.AbstractProblemLoader Creating init config 
541932     DEBUG main            d.u.i.k.p.i.AbstractProblemLoader Init config took 4.38s 
542008     INFO  main            d.u.i.k.p.i.AbstractProblemLoader Replaying proof Sampler[java.lang.Object::<inv>()].JML accessible clause.1 
542010     DEBUG main            d.u.i.k.p.i.IntermediateProofReplayer Proof replay took 3ns 
542111     INFO  main            d.u.i.k.p.r.p.TestFile    ... finished proof: closed. 
542583     INFO  main            d.u.i.k.p.i.AbstractProblemLoader Loading environment from /home/runner/work/key/key/key.core/../key.ui/examples/heap/permissions/threads/Sampler_inv_accessible2.key.proof 
542583     DEBUG main            d.u.i.k.p.i.AbstractProblemLoader Environment load took 64.8ns 
542584     INFO  main            d.u.i.k.p.i.AbstractProblemLoader Creating init config 
546896     DEBUG main            d.u.i.k.p.i.AbstractProblemLoader Init config took 4.31s 
546972     INFO  main            d.u.i.k.p.i.AbstractProblemLoader Replaying proof Sampler[java.lang.Object::<inv>()].JML accessible clause.1 
546975     DEBUG main            d.u.i.k.p.i.IntermediateProofReplayer Proof replay took 1.23ms 
546976     DEBUG main            d.u.i.k.p.r.p.TestFile    ... success: reloaded. 
546976     INFO  main            d.u.i.k.p.r.p.TestFile    Now processing file /home/runner/work/key/key/key.core/../key.ui/examples/heap/permissions/threads/Sampler_joinTransfer_accessible.key 
546977     INFO  main            d.u.i.k.p.i.AbstractProblemLoader Loading environment from /home/runner/work/key/key/key.core/../key.ui/examples/heap/permissions/threads/Sampler_joinTransfer_accessible.key 
546977     DEBUG main            d.u.i.k.p.i.AbstractProblemLoader Environment load took 51.3ns 
546977     INFO  main            d.u.i.k.p.i.AbstractProblemLoader Creating init config 
551363     DEBUG main            d.u.i.k.p.i.AbstractProblemLoader Init config took 4.39s 
551439     INFO  main            d.u.i.k.p.i.AbstractProblemLoader Replaying proof Sampler[ThreadSpec2::joinTransfer()].JML accessible clause.0 
551440     DEBUG main            d.u.i.k.p.i.IntermediateProofReplayer Proof replay took 2.9ns 
554551     INFO  main            d.u.i.k.p.r.p.TestFile    ... finished proof: closed. 
555044     INFO  main            d.u.i.k.p.i.AbstractProblemLoader Loading environment from /home/runner/work/key/key/key.core/../key.ui/examples/heap/permissions/threads/Sampler_joinTransfer_accessible.key.proof 
555044     DEBUG main            d.u.i.k.p.i.AbstractProblemLoader Environment load took 280.3ns 
555045     INFO  main            d.u.i.k.p.i.AbstractProblemLoader Creating init config 
559347     DEBUG main            d.u.i.k.p.i.AbstractProblemLoader Init config took 4.3s 
559435     INFO  main            d.u.i.k.p.i.AbstractProblemLoader Replaying proof Sampler[ThreadSpec2::joinTransfer()].JML accessible clause.0 
559826     DEBUG main            d.u.i.k.p.i.IntermediateProofReplayer Proof replay took 380.69ms 
559827     DEBUG main            d.u.i.k.p.r.p.TestFile    ... success: reloaded. 
559828     INFO  main            d.u.i.k.p.r.p.TestFile    Now processing file /home/runner/work/key/key/key.core/../key.ui/examples/heap/permissions/threads/Sampler_joinTransfer_contract.key 
559828     INFO  main            d.u.i.k.p.i.AbstractProblemLoader Loading environment from /home/runner/work/key/key/key.core/../key.ui/examples/heap/permissions/threads/Sampler_joinTransfer_contract.key 
559828     DEBUG main            d.u.i.k.p.i.AbstractProblemLoader Environment load took 37.3ns 
559829     INFO  main            d.u.i.k.p.i.AbstractProblemLoader Creating init config 
564188     DEBUG main            d.u.i.k.p.i.AbstractProblemLoader Init config took 4.36s 
564265     INFO  main            d.u.i.k.p.i.AbstractProblemLoader Replaying proof Sampler[ThreadSpec2::joinTransfer()].JML model_behavior operation contract.0 
564266     DEBUG main            d.u.i.k.p.i.IntermediateProofReplayer Proof replay took 2.4ns 
564367     INFO  main            d.u.i.k.p.r.p.TestFile    ... finished proof: closed. 
564848     INFO  main            d.u.i.k.p.i.AbstractProblemLoader Loading environment from /home/runner/work/key/key/key.core/../key.ui/examples/heap/permissions/threads/Sampler_joinTransfer_contract.key.proof 
564848     DEBUG main            d.u.i.k.p.i.AbstractProblemLoader Environment load took 66.9ns 
564849     INFO  main            d.u.i.k.p.i.AbstractProblemLoader Creating init config 
569135     DEBUG main            d.u.i.k.p.i.AbstractProblemLoader Init config took 4.29s 
569211     INFO  main            d.u.i.k.p.i.AbstractProblemLoader Replaying proof Sampler[ThreadSpec2::joinTransfer()].JML model_behavior operation contract.0 
569218     DEBUG main            d.u.i.k.p.i.IntermediateProofReplayer Proof replay took 5.78ms 
569219     DEBUG main            d.u.i.k.p.r.p.TestFile    ... success: reloaded. 
569219     INFO  main            d.u.i.k.p.r.p.TestFile    Now processing file /home/runner/work/key/key/key.core/../key.ui/examples/heap/permissions/threads/Sampler_postJoin_accessible.key 
569219     INFO  main            d.u.i.k.p.i.AbstractProblemLoader Loading environment from /home/runner/work/key/key/key.core/../key.ui/examples/heap/permissions/threads/Sampler_postJoin_accessible.key 
569219     DEBUG main            d.u.i.k.p.i.AbstractProblemLoader Environment load took 39.1ns 
569220     INFO  main            d.u.i.k.p.i.AbstractProblemLoader Creating init config 
573583     DEBUG main            d.u.i.k.p.i.AbstractProblemLoader Init config took 4.36s 
573659     INFO  main            d.u.i.k.p.i.AbstractProblemLoader Replaying proof Sampler[ThreadSpec2::postJoin(java.lang.Object)].JML accessible clause.0 
573660     DEBUG main            d.u.i.k.p.i.IntermediateProofReplayer Proof replay took 2.5ns 
573761     INFO  main            d.u.i.k.p.r.p.TestFile    ... finished proof: closed. 
574257     INFO  main            d.u.i.k.p.i.AbstractProblemLoader Loading environment from /home/runner/work/key/key/key.core/../key.ui/examples/heap/permissions/threads/Sampler_postJoin_accessible.key.proof 
574257     DEBUG main            d.u.i.k.p.i.AbstractProblemLoader Environment load took 65.5ns 
574258     INFO  main            d.u.i.k.p.i.AbstractProblemLoader Creating init config 
578532     DEBUG main            d.u.i.k.p.i.AbstractProblemLoader Init config took 4.27s 
578608     INFO  main            d.u.i.k.p.i.AbstractProblemLoader Replaying proof Sampler[ThreadSpec2::postJoin(java.lang.Object)].JML accessible clause.0 
578616     DEBUG main            d.u.i.k.p.i.IntermediateProofReplayer Proof replay took 6.21ms 
578616     DEBUG main            d.u.i.k.p.r.p.TestFile    ... success: reloaded. 
578617     INFO  main            d.u.i.k.p.r.p.TestFile    Now processing file /home/runner/work/key/key/key.core/../key.ui/examples/heap/permissions/threads/Sampler_preStart_accessible.key 
578618     INFO  main            d.u.i.k.p.i.AbstractProblemLoader Loading environment from /home/runner/work/key/key/key.core/../key.ui/examples/heap/permissions/threads/Sampler_preStart_accessible.key 
578618     DEBUG main            d.u.i.k.p.i.AbstractProblemLoader Environment load took 61.7ns 
578618     INFO  main            d.u.i.k.p.i.AbstractProblemLoader Creating init config 
582985     DEBUG main            d.u.i.k.p.i.AbstractProblemLoader Init config took 4.37s 
583075     INFO  main            d.u.i.k.p.i.AbstractProblemLoader Replaying proof Sampler[ThreadSpec2::preStart(java.lang.Object)].JML accessible clause.0 
583076     DEBUG main            d.u.i.k.p.i.IntermediateProofReplayer Proof replay took 2.1ns 
583177     INFO  main            d.u.i.k.p.r.p.TestFile    ... finished proof: closed. 
583669     INFO  main            d.u.i.k.p.i.AbstractProblemLoader Loading environment from /home/runner/work/key/key/key.core/../key.ui/examples/heap/permissions/threads/Sampler_preStart_accessible.key.proof 
583669     DEBUG main            d.u.i.k.p.i.AbstractProblemLoader Environment load took 68.1ns 
583670     INFO  main            d.u.i.k.p.i.AbstractProblemLoader Creating init config 
587967     DEBUG main            d.u.i.k.p.i.AbstractProblemLoader Init config took 4.3s 
588054     INFO  main            d.u.i.k.p.i.AbstractProblemLoader Replaying proof Sampler[ThreadSpec2::preStart(java.lang.Object)].JML accessible clause.0 
588062     DEBUG main            d.u.i.k.p.i.IntermediateProofReplayer Proof replay took 6.41ms 
588063     DEBUG main            d.u.i.k.p.r.p.TestFile    ... success: reloaded. 
588063     INFO  main            d.u.i.k.p.r.p.TestFile    Now processing file /home/runner/work/key/key/key.core/../key.ui/examples/heap/permissions/threads/Sampler_run.key 
588064     INFO  main            d.u.i.k.p.i.AbstractProblemLoader Loading environment from /home/runner/work/key/key/key.core/../key.ui/examples/heap/permissions/threads/Sampler_run.key 
588064     DEBUG main            d.u.i.k.p.i.AbstractProblemLoader Environment load took 39.9ns 
588064     INFO  main            d.u.i.k.p.i.AbstractProblemLoader Creating init config 
592438     DEBUG main            d.u.i.k.p.i.AbstractProblemLoader Init config took 4.37s 
592514     INFO  main            d.u.i.k.p.i.AbstractProblemLoader Replaying proof Sampler[ThreadSpec2::run()].JML normal_behavior operation contract.0 
592515     DEBUG main            d.u.i.k.p.i.IntermediateProofReplayer Proof replay took 2.4ns 
592617     INFO  main            d.u.i.k.p.r.p.TestFile    ... finished proof: closed. 
593117     INFO  main            d.u.i.k.p.i.AbstractProblemLoader Loading environment from /home/runner/work/key/key/key.core/../key.ui/examples/heap/permissions/threads/Sampler_run.key.proof 
593117     DEBUG main            d.u.i.k.p.i.AbstractProblemLoader Environment load took 66.5ns 
593118     INFO  main            d.u.i.k.p.i.AbstractProblemLoader Creating init config 
597441     DEBUG main            d.u.i.k.p.i.AbstractProblemLoader Init config took 4.32s 
597529     INFO  main            d.u.i.k.p.i.AbstractProblemLoader Replaying proof Sampler[ThreadSpec2::run()].JML normal_behavior operation contract.0 
597553     DEBUG main            d.u.i.k.p.i.IntermediateProofReplayer Proof replay took 23.05ms 
597554     DEBUG main            d.u.i.k.p.r.p.TestFile    ... success: reloaded. 
597555     INFO  main            d.u.i.k.p.r.p.TestFile    Now processing file /home/runner/work/key/key/key.core/../key.ui/examples/heap/permissions/threads/Sampler_Sampler.key 
597555     INFO  main            d.u.i.k.p.i.AbstractProblemLoader Loading environment from /home/runner/work/key/key/key.core/../key.ui/examples/heap/permissions/threads/Sampler_Sampler.key 
597555     DEBUG main            d.u.i.k.p.i.AbstractProblemLoader Environment load took 59.7ns 
597556     INFO  main            d.u.i.k.p.i.AbstractProblemLoader Creating init config 
601941     DEBUG main            d.u.i.k.p.i.AbstractProblemLoader Init config took 4.38s 
602017     INFO  main            d.u.i.k.p.i.AbstractProblemLoader Replaying proof Sampler[Sampler::Sampler(Buffer)].JML normal_behavior operation contract.0 
602018     DEBUG main            d.u.i.k.p.i.IntermediateProofReplayer Proof replay took 2.3ns 
602520     INFO  main            d.u.i.k.p.r.p.TestFile    ... finished proof: closed. 
603050     INFO  main            d.u.i.k.p.i.AbstractProblemLoader Loading environment from /home/runner/work/key/key/key.core/../key.ui/examples/heap/permissions/threads/Sampler_Sampler.key.proof 
603050     DEBUG main            d.u.i.k.p.i.AbstractProblemLoader Environment load took 68.8ns 
603051     INFO  main            d.u.i.k.p.i.AbstractProblemLoader Creating init config 
607358     DEBUG main            d.u.i.k.p.i.AbstractProblemLoader Init config took 4.31s 
607434     INFO  main            d.u.i.k.p.i.AbstractProblemLoader Replaying proof Sampler[Sampler::Sampler(Buffer)].JML normal_behavior operation contract.0 
607492     DEBUG main            d.u.i.k.p.i.IntermediateProofReplayer Proof replay took 55.99ms 
607493     DEBUG main            d.u.i.k.p.r.p.TestFile    ... success: reloaded. 
607493     INFO  main            d.u.i.k.p.r.p.TestFile    Now processing file /home/runner/work/key/key/key.core/../key.ui/examples/heap/permissions/threads/Sampler_startTransfer_accessible.key 
607494     INFO  main            d.u.i.k.p.i.AbstractProblemLoader Loading environment from /home/runner/work/key/key/key.core/../key.ui/examples/heap/permissions/threads/Sampler_startTransfer_accessible.key 
607494     DEBUG main            d.u.i.k.p.i.AbstractProblemLoader Environment load took 64.4ns 
607494     INFO  main            d.u.i.k.p.i.AbstractProblemLoader Creating init config 
611946     DEBUG main            d.u.i.k.p.i.AbstractProblemLoader Init config took 4.45s 
612022     INFO  main            d.u.i.k.p.i.AbstractProblemLoader Replaying proof Sampler[ThreadSpec2::startTransfer()].JML accessible clause.0 
612023     DEBUG main            d.u.i.k.p.i.IntermediateProofReplayer Proof replay took 2.9ns 
615330     INFO  main            d.u.i.k.p.r.p.TestFile    ... finished proof: closed. 
615853     INFO  main            d.u.i.k.p.i.AbstractProblemLoader Loading environment from /home/runner/work/key/key/key.core/../key.ui/examples/heap/permissions/threads/Sampler_startTransfer_accessible.key.proof 
615853     DEBUG main            d.u.i.k.p.i.AbstractProblemLoader Environment load took 75.2ns 
615854     INFO  main            d.u.i.k.p.i.AbstractProblemLoader Creating init config 
620198     DEBUG main            d.u.i.k.p.i.AbstractProblemLoader Init config took 4.34s 
620274     INFO  main            d.u.i.k.p.i.AbstractProblemLoader Replaying proof Sampler[ThreadSpec2::startTransfer()].JML accessible clause.0 
620591     DEBUG main            d.u.i.k.p.i.IntermediateProofReplayer Proof replay took 308.04ms 
620592     DEBUG main            d.u.i.k.p.r.p.TestFile    ... success: reloaded. 
620593     INFO  main            d.u.i.k.p.r.p.TestFile    Now processing file /home/runner/work/key/key/key.core/../key.ui/examples/heap/permissions/threads/Sampler_startTransfer_contract.key 
620593     INFO  main            d.u.i.k.p.i.AbstractProblemLoader Loading environment from /home/runner/work/key/key/key.core/../key.ui/examples/heap/permissions/threads/Sampler_startTransfer_contract.key 
620593     DEBUG main            d.u.i.k.p.i.AbstractProblemLoader Environment load took 37.2ns 
620593     INFO  main            d.u.i.k.p.i.AbstractProblemLoader Creating init config 
624965     DEBUG main            d.u.i.k.p.i.AbstractProblemLoader Init config took 4.37s 
625041     INFO  main            d.u.i.k.p.i.AbstractProblemLoader Replaying proof Sampler[ThreadSpec2::startTransfer()].JML model_behavior operation contract.0 
625042     DEBUG main            d.u.i.k.p.i.IntermediateProofReplayer Proof replay took 1.9ns 
625143     INFO  main            d.u.i.k.p.r.p.TestFile    ... finished proof: closed. 
625656     INFO  main            d.u.i.k.p.i.AbstractProblemLoader Loading environment from /home/runner/work/key/key/key.core/../key.ui/examples/heap/permissions/threads/Sampler_startTransfer_contract.key.proof 
625656     DEBUG main            d.u.i.k.p.i.AbstractProblemLoader Environment load took 67.3ns 
625656     INFO  main            d.u.i.k.p.i.AbstractProblemLoader Creating init config 
629948     DEBUG main            d.u.i.k.p.i.AbstractProblemLoader Init config took 4.29s 
630023     INFO  main            d.u.i.k.p.i.AbstractProblemLoader Replaying proof Sampler[ThreadSpec2::startTransfer()].JML model_behavior operation contract.0 
630031     DEBUG main            d.u.i.k.p.i.IntermediateProofReplayer Proof replay took 5.97ms 
630031     DEBUG main            d.u.i.k.p.r.p.TestFile    ... success: reloaded. 
630032     INFO  main            d.u.i.k.p.r.p.TestFile    Now processing file /home/runner/work/key/key/key.core/../key.ui/examples/heap/permissions/threads/Sampler_stateInv_accessible.key 
630032     INFO  main            d.u.i.k.p.i.AbstractProblemLoader Loading environment from /home/runner/work/key/key/key.core/../key.ui/examples/heap/permissions/threads/Sampler_stateInv_accessible.key 
630032     DEBUG main            d.u.i.k.p.i.AbstractProblemLoader Environment load took 50.5ns 
630033     INFO  main            d.u.i.k.p.i.AbstractProblemLoader Creating init config 
634405     DEBUG main            d.u.i.k.p.i.AbstractProblemLoader Init config took 4.37s 
634481     INFO  main            d.u.i.k.p.i.AbstractProblemLoader Replaying proof Sampler[ThreadSpec2::stateInv()].JML accessible clause.0 
634482     DEBUG main            d.u.i.k.p.i.IntermediateProofReplayer Proof replay took 2.5ns 
634583     INFO  main            d.u.i.k.p.r.p.TestFile    ... finished proof: closed. 
635104     INFO  main            d.u.i.k.p.i.AbstractProblemLoader Loading environment from /home/runner/work/key/key/key.core/../key.ui/examples/heap/permissions/threads/Sampler_stateInv_accessible.key.proof 
635104     DEBUG main            d.u.i.k.p.i.AbstractProblemLoader Environment load took 62.8ns 
635105     INFO  main            d.u.i.k.p.i.AbstractProblemLoader Creating init config 
639412     DEBUG main            d.u.i.k.p.i.AbstractProblemLoader Init config took 4.31s 
639488     INFO  main            d.u.i.k.p.i.AbstractProblemLoader Replaying proof Sampler[ThreadSpec2::stateInv()].JML accessible clause.0 
639494     DEBUG main            d.u.i.k.p.i.IntermediateProofReplayer Proof replay took 4.42ms 
639494     DEBUG main            d.u.i.k.p.r.p.TestFile    ... success: reloaded. 
639495     INFO  main            d.u.i.k.p.r.p.TestFile    Now processing file /home/runner/work/key/key/key.core/../key.ui/examples/heap/permissions/threads/Sampler_staticPermissions_accessible.key 
639496     INFO  main            d.u.i.k.p.i.AbstractProblemLoader Loading environment from /home/runner/work/key/key/key.core/../key.ui/examples/heap/permissions/threads/Sampler_staticPermissions_accessible.key 
639496     DEBUG main            d.u.i.k.p.i.AbstractProblemLoader Environment load took 86.7ns 
639496     INFO  main            d.u.i.k.p.i.AbstractProblemLoader Creating init config 
643905     DEBUG main            d.u.i.k.p.i.AbstractProblemLoader Init config took 4.41s 
643981     INFO  main            d.u.i.k.p.i.AbstractProblemLoader Replaying proof Sampler[ThreadSpec2::staticPermissions()].JML accessible clause.0 
643982     DEBUG main            d.u.i.k.p.i.IntermediateProofReplayer Proof replay took 2.3ns 
644083     INFO  main            d.u.i.k.p.r.p.TestFile    ... finished proof: closed. 
644611     INFO  main            d.u.i.k.p.i.AbstractProblemLoader Loading environment from /home/runner/work/key/key/key.core/../key.ui/examples/heap/permissions/threads/Sampler_staticPermissions_accessible.key.proof 
644611     DEBUG main            d.u.i.k.p.i.AbstractProblemLoader Environment load took 62.3ns 
644612     INFO  main            d.u.i.k.p.i.AbstractProblemLoader Creating init config 
648922     DEBUG main            d.u.i.k.p.i.AbstractProblemLoader Init config took 4.31s 
648998     INFO  main            d.u.i.k.p.i.AbstractProblemLoader Replaying proof Sampler[ThreadSpec2::staticPermissions()].JML accessible clause.0 
649002     DEBUG main            d.u.i.k.p.i.IntermediateProofReplayer Proof replay took 2.47ms 
649004     DEBUG main            d.u.i.k.p.r.p.TestFile    ... success: reloaded. 
649005     INFO  main            d.u.i.k.p.r.p.TestFile    Now processing file /home/runner/work/key/key/key.core/../key.ui/examples/heap/permissions/threads/Sampler_workingPermissions_accessible.key 
649006     INFO  main            d.u.i.k.p.i.AbstractProblemLoader Loading environment from /home/runner/work/key/key/key.core/../key.ui/examples/heap/permissions/threads/Sampler_workingPermissions_accessible.key 
649006     DEBUG main            d.u.i.k.p.i.AbstractProblemLoader Environment load took 54.5ns 
649006     INFO  main            d.u.i.k.p.i.AbstractProblemLoader Creating init config 
653438     DEBUG main            d.u.i.k.p.i.AbstractProblemLoader Init config took 4.43s 
653514     INFO  main            d.u.i.k.p.i.AbstractProblemLoader Replaying proof Sampler[ThreadSpec2::workingPermissions()].JML accessible clause.0 
653515     DEBUG main            d.u.i.k.p.i.IntermediateProofReplayer Proof replay took 2.8ns 
653617     INFO  main            d.u.i.k.p.r.p.TestFile    ... finished proof: closed. 
654148     INFO  main            d.u.i.k.p.i.AbstractProblemLoader Loading environment from /home/runner/work/key/key/key.core/../key.ui/examples/heap/permissions/threads/Sampler_workingPermissions_accessible.key.proof 
654148     DEBUG main            d.u.i.k.p.i.AbstractProblemLoader Environment load took 64.9ns 
654149     INFO  main            d.u.i.k.p.i.AbstractProblemLoader Creating init config 
658461     DEBUG main            d.u.i.k.p.i.AbstractProblemLoader Init config took 4.31s 
658537     INFO  main            d.u.i.k.p.i.AbstractProblemLoader Replaying proof Sampler[ThreadSpec2::workingPermissions()].JML accessible clause.0 
658542     DEBUG main            d.u.i.k.p.i.IntermediateProofReplayer Proof replay took 3.54ms 
658543     DEBUG main            d.u.i.k.p.r.p.TestFile    ... success: reloaded. 
658543     INFO  main            d.u.i.k.p.r.p.TestFile    Now processing file /home/runner/work/key/key/key.core/../key.ui/examples/heap/permissions/mulleretal/ReadWrite_doRead_contract.key 
658543     INFO  main            d.u.i.k.p.i.AbstractProblemLoader Loading environment from /home/runner/work/key/key/key.core/../key.ui/examples/heap/permissions/mulleretal/ReadWrite_doRead_contract.key 
658543     DEBUG main            d.u.i.k.p.i.AbstractProblemLoader Environment load took 45.5ns 
658544     INFO  main            d.u.i.k.p.i.AbstractProblemLoader Creating init config 
661051     DEBUG main            d.u.i.k.p.i.AbstractProblemLoader Init config took 2.51s 
661082     INFO  main            d.u.i.k.p.i.AbstractProblemLoader Replaying proof ReadWrite[ReadWrite::doRead()].JML normal_behavior operation contract.0 
661084     DEBUG main            d.u.i.k.p.i.IntermediateProofReplayer Proof replay took 2.4ns 
662588     INFO  main            d.u.i.k.p.r.p.TestFile    ... finished proof: closed. 
663155     INFO  main            d.u.i.k.p.i.AbstractProblemLoader Loading environment from /home/runner/work/key/key/key.core/../key.ui/examples/heap/permissions/mulleretal/ReadWrite_doRead_contract.key.proof 
663156     DEBUG main            d.u.i.k.p.i.AbstractProblemLoader Environment load took 306.2ns 
663157     INFO  main            d.u.i.k.p.i.AbstractProblemLoader Creating init config 
665688     DEBUG main            d.u.i.k.p.i.AbstractProblemLoader Init config took 2.53s 
665724     INFO  main            d.u.i.k.p.i.AbstractProblemLoader Replaying proof ReadWrite[ReadWrite::doRead()].JML normal_behavior operation contract.0 
666090     DEBUG main            d.u.i.k.p.i.IntermediateProofReplayer Proof replay took 356.18ms 
666091     DEBUG main            d.u.i.k.p.r.p.TestFile    ... success: reloaded. 
666091     INFO  main            d.u.i.k.p.r.p.TestFile    Now processing file /home/runner/work/key/key/key.core/../key.ui/examples/heap/permissions/mulleretal/ReadWrite_doWrite_contract.key 
666092     INFO  main            d.u.i.k.p.i.AbstractProblemLoader Loading environment from /home/runner/work/key/key/key.core/../key.ui/examples/heap/permissions/mulleretal/ReadWrite_doWrite_contract.key 
666092     DEBUG main            d.u.i.k.p.i.AbstractProblemLoader Environment load took 58.2ns 
666101     INFO  main            d.u.i.k.p.i.AbstractProblemLoader Creating init config 
668745     DEBUG main            d.u.i.k.p.i.AbstractProblemLoader Init config took 2.64s 
668776     INFO  main            d.u.i.k.p.i.AbstractProblemLoader Replaying proof ReadWrite[ReadWrite::doWrite()].JML normal_behavior operation contract.0 
668777     DEBUG main            d.u.i.k.p.i.IntermediateProofReplayer Proof replay took 2.4ns 
670194     INFO  main            d.u.i.k.p.r.p.TestFile    ... finished proof: closed. 
670792     INFO  main            d.u.i.k.p.i.AbstractProblemLoader Loading environment from /home/runner/work/key/key/key.core/../key.ui/examples/heap/permissions/mulleretal/ReadWrite_doWrite_contract.key.proof 
670792     DEBUG main            d.u.i.k.p.i.AbstractProblemLoader Environment load took 296.2ns 
670793     INFO  main            d.u.i.k.p.i.AbstractProblemLoader Creating init config 
673386     DEBUG main            d.u.i.k.p.i.AbstractProblemLoader Init config took 2.59s 
673421     INFO  main            d.u.i.k.p.i.AbstractProblemLoader Replaying proof ReadWrite[ReadWrite::doWrite()].JML normal_behavior operation contract.0 
673919     DEBUG main            d.u.i.k.p.i.IntermediateProofReplayer Proof replay took 492.53ms 
673920     DEBUG main            d.u.i.k.p.r.p.TestFile    ... success: reloaded. 
673921     INFO  main            d.u.i.k.p.r.p.TestFile    Now processing file /home/runner/work/key/key/key.core/../key.ui/examples/heap/permissions/mulleretal/ReadWrite_read_contract.key 
673921     INFO  main            d.u.i.k.p.i.AbstractProblemLoader Loading environment from /home/runner/work/key/key/key.core/../key.ui/examples/heap/permissions/mulleretal/ReadWrite_read_contract.key 
673921     DEBUG main            d.u.i.k.p.i.AbstractProblemLoader Environment load took 130.6ns 
673922     INFO  main            d.u.i.k.p.i.AbstractProblemLoader Creating init config 
676601     DEBUG main            d.u.i.k.p.i.AbstractProblemLoader Init config took 2.68s 
676633     INFO  main            d.u.i.k.p.i.AbstractProblemLoader Replaying proof ReadWrite[ReadWrite::read()].JML normal_behavior operation contract.0 
676634     DEBUG main            d.u.i.k.p.i.IntermediateProofReplayer Proof replay took 2.9ns 
676735     INFO  main            d.u.i.k.p.r.p.TestFile    ... finished proof: closed. 
677267     INFO  main            d.u.i.k.p.i.AbstractProblemLoader Loading environment from /home/runner/work/key/key/key.core/../key.ui/examples/heap/permissions/mulleretal/ReadWrite_read_contract.key.proof 
677267     DEBUG main            d.u.i.k.p.i.AbstractProblemLoader Environment load took 62.8ns 
677267     INFO  main            d.u.i.k.p.i.AbstractProblemLoader Creating init config 
679689     DEBUG main            d.u.i.k.p.i.AbstractProblemLoader Init config took 2.42s 
679720     INFO  main            d.u.i.k.p.i.AbstractProblemLoader Replaying proof ReadWrite[ReadWrite::read()].JML normal_behavior operation contract.0 
679726     DEBUG main            d.u.i.k.p.i.IntermediateProofReplayer Proof replay took 4.61ms 
679727     DEBUG main            d.u.i.k.p.r.p.TestFile    ... success: reloaded. 
679729     INFO  main            d.u.i.k.p.r.p.TestFile    Now processing file /home/runner/work/key/key/key.core/../key.ui/examples/heap/permissions/mulleretal/ReadWrite_write_contract.key 
679729     INFO  main            d.u.i.k.p.i.AbstractProblemLoader Loading environment from /home/runner/work/key/key/key.core/../key.ui/examples/heap/permissions/mulleretal/ReadWrite_write_contract.key 
679729     DEBUG main            d.u.i.k.p.i.AbstractProblemLoader Environment load took 133.5ns 
679731     INFO  main            d.u.i.k.p.i.AbstractProblemLoader Creating init config 
682180     DEBUG main            d.u.i.k.p.i.AbstractProblemLoader Init config took 2.45s 
682225     INFO  main            d.u.i.k.p.i.AbstractProblemLoader Replaying proof ReadWrite[ReadWrite::write()].JML normal_behavior operation contract.0 
682226     DEBUG main            d.u.i.k.p.i.IntermediateProofReplayer Proof replay took 2.4ns 
682330     INFO  main            d.u.i.k.p.r.p.TestFile    ... finished proof: closed. 
682878     INFO  main            d.u.i.k.p.i.AbstractProblemLoader Loading environment from /home/runner/work/key/key/key.core/../key.ui/examples/heap/permissions/mulleretal/ReadWrite_write_contract.key.proof 
682879     DEBUG main            d.u.i.k.p.i.AbstractProblemLoader Environment load took 68.9ns 
682879     INFO  main            d.u.i.k.p.i.AbstractProblemLoader Creating init config 
685464     DEBUG main            d.u.i.k.p.i.AbstractProblemLoader Init config took 2.59s 
685499     INFO  main            d.u.i.k.p.i.AbstractProblemLoader Replaying proof ReadWrite[ReadWrite::write()].JML normal_behavior operation contract.0 
685520     DEBUG main            d.u.i.k.p.i.IntermediateProofReplayer Proof replay took 18.77ms 
685521     DEBUG main            d.u.i.k.p.r.p.TestFile    ... success: reloaded. 
685522     INFO  main            d.u.i.k.p.r.p.TestFile    Now processing file /home/runner/work/key/key/key.core/../key.ui/examples/heap/permissions/mulleretal/ReadWrite_inv1_accessible.key 
685522     INFO  main            d.u.i.k.p.i.AbstractProblemLoader Loading environment from /home/runner/work/key/key/key.core/../key.ui/examples/heap/permissions/mulleretal/ReadWrite_inv1_accessible.key 
685522     DEBUG main            d.u.i.k.p.i.AbstractProblemLoader Environment load took 137.4ns 
685523     INFO  main            d.u.i.k.p.i.AbstractProblemLoader Creating init config 
688222     DEBUG main            d.u.i.k.p.i.AbstractProblemLoader Init config took 2.7s 
688252     INFO  main            d.u.i.k.p.i.AbstractProblemLoader Replaying proof ReadWrite[java.lang.Object::<inv>()].JML accessible clause.0 
688254     DEBUG main            d.u.i.k.p.i.IntermediateProofReplayer Proof replay took 2.6ns 
688355     INFO  main            d.u.i.k.p.r.p.TestFile    ... finished proof: closed. 
688904     INFO  main            d.u.i.k.p.i.AbstractProblemLoader Loading environment from /home/runner/work/key/key/key.core/../key.ui/examples/heap/permissions/mulleretal/ReadWrite_inv1_accessible.key.proof 
688904     DEBUG main            d.u.i.k.p.i.AbstractProblemLoader Environment load took 61.2ns 
688904     INFO  main            d.u.i.k.p.i.AbstractProblemLoader Creating init config 
691381     DEBUG main            d.u.i.k.p.i.AbstractProblemLoader Init config took 2.48s 
691411     INFO  main            d.u.i.k.p.i.AbstractProblemLoader Replaying proof ReadWrite[java.lang.Object::<inv>()].JML accessible clause.0 
691413     DEBUG main            d.u.i.k.p.i.IntermediateProofReplayer Proof replay took 1.23ms 
691414     DEBUG main            d.u.i.k.p.r.p.TestFile    ... success: reloaded. 
691414     INFO  main            d.u.i.k.p.r.p.TestFile    Now processing file /home/runner/work/key/key/key.core/../key.ui/examples/heap/permissions/mulleretal/ReadWrite_inv2_accessible.key 
691414     INFO  main            d.u.i.k.p.i.AbstractProblemLoader Loading environment from /home/runner/work/key/key/key.core/../key.ui/examples/heap/permissions/mulleretal/ReadWrite_inv2_accessible.key 
691414     DEBUG main            d.u.i.k.p.i.AbstractProblemLoader Environment load took 60.8ns 
691415     INFO  main            d.u.i.k.p.i.AbstractProblemLoader Creating init config 
694049     DEBUG main            d.u.i.k.p.i.AbstractProblemLoader Init config took 2.63s 
694084     INFO  main            d.u.i.k.p.i.AbstractProblemLoader Replaying proof ReadWrite[java.lang.Object::<inv>()].JML accessible clause.1 
694097     DEBUG main            d.u.i.k.p.i.IntermediateProofReplayer Proof replay took 3ns 
694206     INFO  main            d.u.i.k.p.r.p.TestFile    ... finished proof: closed. 
694757     INFO  main            d.u.i.k.p.i.AbstractProblemLoader Loading environment from /home/runner/work/key/key/key.core/../key.ui/examples/heap/permissions/mulleretal/ReadWrite_inv2_accessible.key.proof 
694758     DEBUG main            d.u.i.k.p.i.AbstractProblemLoader Environment load took 63.1ns 
694758     INFO  main            d.u.i.k.p.i.AbstractProblemLoader Creating init config 
697287     DEBUG main            d.u.i.k.p.i.AbstractProblemLoader Init config took 2.53s 
697317     INFO  main            d.u.i.k.p.i.AbstractProblemLoader Replaying proof ReadWrite[java.lang.Object::<inv>()].JML accessible clause.1 
697320     DEBUG main            d.u.i.k.p.i.IntermediateProofReplayer Proof replay took 1.2ms 
697320     DEBUG main            d.u.i.k.p.r.p.TestFile    ... success: reloaded. 
697321     INFO  main            d.u.i.k.p.r.p.TestFile    Now processing file /home/runner/work/key/key/key.core/../key.ui/examples/heap/permissions/lockspec/Counter_lockConsistent_contract.key 
697321     INFO  main            d.u.i.k.p.i.AbstractProblemLoader Loading environment from /home/runner/work/key/key/key.core/../key.ui/examples/heap/permissions/lockspec/Counter_lockConsistent_contract.key 
697321     DEBUG main            d.u.i.k.p.i.AbstractProblemLoader Environment load took 39.2ns 
697322     INFO  main            d.u.i.k.p.i.AbstractProblemLoader Creating init config 
700544     DEBUG main            d.u.i.k.p.i.AbstractProblemLoader Init config took 3.22s 
700648     INFO  main            d.u.i.k.p.i.AbstractProblemLoader Replaying proof Counter[LockSpec::lockConsistent()].JML model_behavior operation contract.0 
700649     DEBUG main            d.u.i.k.p.i.IntermediateProofReplayer Proof replay took 2.6ns 
701553     INFO  main            d.u.i.k.p.r.p.TestFile    ... finished proof: closed. 
702123     INFO  main            d.u.i.k.p.i.AbstractProblemLoader Loading environment from /home/runner/work/key/key/key.core/../key.ui/examples/heap/permissions/lockspec/Counter_lockConsistent_contract.key.proof 
702123     DEBUG main            d.u.i.k.p.i.AbstractProblemLoader Environment load took 270.6ns 
702124     INFO  main            d.u.i.k.p.i.AbstractProblemLoader Creating init config 
705102     DEBUG main            d.u.i.k.p.i.AbstractProblemLoader Init config took 2.98s 
705173     INFO  main            d.u.i.k.p.i.AbstractProblemLoader Replaying proof Counter[LockSpec::lockConsistent()].JML model_behavior operation contract.0 
705304     DEBUG main            d.u.i.k.p.i.IntermediateProofReplayer Proof replay took 124.35ms 
705305     DEBUG main            d.u.i.k.p.r.p.TestFile    ... success: reloaded. 
705306     INFO  main            d.u.i.k.p.r.p.TestFile    Now processing file /home/runner/work/key/key/key.core/../key.ui/examples/heap/permissions/lockspec/Counter_increase_contract.key 
705306     INFO  main            d.u.i.k.p.i.AbstractProblemLoader Loading environment from /home/runner/work/key/key/key.core/../key.ui/examples/heap/permissions/lockspec/Counter_increase_contract.key 
705306     DEBUG main            d.u.i.k.p.i.AbstractProblemLoader Environment load took 84.8ns 
705307     INFO  main            d.u.i.k.p.i.AbstractProblemLoader Creating init config 
708345     DEBUG main            d.u.i.k.p.i.AbstractProblemLoader Init config took 3.04s 
708396     INFO  main            d.u.i.k.p.i.AbstractProblemLoader Replaying proof Counter[Counter::increase()].JML normal_behavior operation contract.0 
708403     DEBUG main            d.u.i.k.p.i.IntermediateProofReplayer Proof replay took 3.1ns 
710248     INFO  main            d.u.i.k.p.r.p.TestFile    ... finished proof: closed. 
710911     INFO  main            d.u.i.k.p.i.AbstractProblemLoader Loading environment from /home/runner/work/key/key/key.core/../key.ui/examples/heap/permissions/lockspec/Counter_increase_contract.key.proof 
710911     DEBUG main            d.u.i.k.p.i.AbstractProblemLoader Environment load took 277ns 
710912     INFO  main            d.u.i.k.p.i.AbstractProblemLoader Creating init config 
713924     DEBUG main            d.u.i.k.p.i.AbstractProblemLoader Init config took 3.01s 
713981     INFO  main            d.u.i.k.p.i.AbstractProblemLoader Replaying proof Counter[Counter::increase()].JML normal_behavior operation contract.0 
714141     DEBUG main            d.u.i.k.p.i.IntermediateProofReplayer Proof replay took 146.16ms 
714143     DEBUG main            d.u.i.k.p.r.p.TestFile    ... success: reloaded. 
714144     INFO  main            d.u.i.k.p.r.p.TestFile    Now processing file /home/runner/work/key/key/key.core/../key.ui/examples/heap/permissions/lockspec/Counter_fp_accessible.key 
714144     INFO  main            d.u.i.k.p.i.AbstractProblemLoader Loading environment from /home/runner/work/key/key/key.core/../key.ui/examples/heap/permissions/lockspec/Counter_fp_accessible.key 
714144     DEBUG main            d.u.i.k.p.i.AbstractProblemLoader Environment load took 127.6ns 
714145     INFO  main            d.u.i.k.p.i.AbstractProblemLoader Creating init config 
717175     DEBUG main            d.u.i.k.p.i.AbstractProblemLoader Init config took 3.03s 
717229     INFO  main            d.u.i.k.p.i.AbstractProblemLoader Replaying proof Counter[LockSpec::fp()].JML accessible clause.0 
717230     DEBUG main            d.u.i.k.p.i.IntermediateProofReplayer Proof replay took 3ns 
717332     INFO  main            d.u.i.k.p.r.p.TestFile    ... finished proof: closed. 
717891     INFO  main            d.u.i.k.p.i.AbstractProblemLoader Loading environment from /home/runner/work/key/key/key.core/../key.ui/examples/heap/permissions/lockspec/Counter_fp_accessible.key.proof 
717892     DEBUG main            d.u.i.k.p.i.AbstractProblemLoader Environment load took 60.2ns 
717892     INFO  main            d.u.i.k.p.i.AbstractProblemLoader Creating init config 
721042     DEBUG main            d.u.i.k.p.i.AbstractProblemLoader Init config took 3.15s 
721100     INFO  main            d.u.i.k.p.i.AbstractProblemLoader Replaying proof Counter[LockSpec::fp()].JML accessible clause.0 
721108     DEBUG main            d.u.i.k.p.i.IntermediateProofReplayer Proof replay took 6.33ms 
721109     DEBUG main            d.u.i.k.p.r.p.TestFile    ... success: reloaded. 
721110     INFO  main            d.u.i.k.p.r.p.TestFile    Now processing file /home/runner/work/key/key/key.core/../key.ui/examples/heap/permissions/lockspec/Counter_fpLock_accessible.key 
721110     INFO  main            d.u.i.k.p.i.AbstractProblemLoader Loading environment from /home/runner/work/key/key/key.core/../key.ui/examples/heap/permissions/lockspec/Counter_fpLock_accessible.key 
721110     DEBUG main            d.u.i.k.p.i.AbstractProblemLoader Environment load took 110.8ns 
721111     INFO  main            d.u.i.k.p.i.AbstractProblemLoader Creating init config 
724345     DEBUG main            d.u.i.k.p.i.AbstractProblemLoader Init config took 3.23s 
724393     INFO  main            d.u.i.k.p.i.AbstractProblemLoader Replaying proof Counter[LockSpec::fpLock()].JML accessible clause.0 
724397     DEBUG main            d.u.i.k.p.i.IntermediateProofReplayer Proof replay took 3.4ns 
724498     INFO  main            d.u.i.k.p.r.p.TestFile    ... finished proof: closed. 
725066     INFO  main            d.u.i.k.p.i.AbstractProblemLoader Loading environment from /home/runner/work/key/key/key.core/../key.ui/examples/heap/permissions/lockspec/Counter_fpLock_accessible.key.proof 
725066     DEBUG main            d.u.i.k.p.i.AbstractProblemLoader Environment load took 64.8ns 
725067     INFO  main            d.u.i.k.p.i.AbstractProblemLoader Creating init config 
728085     DEBUG main            d.u.i.k.p.i.AbstractProblemLoader Init config took 3.02s 
728133     INFO  main            d.u.i.k.p.i.AbstractProblemLoader Replaying proof Counter[LockSpec::fpLock()].JML accessible clause.0 
728140     DEBUG main            d.u.i.k.p.i.IntermediateProofReplayer Proof replay took 5.37ms 
728141     DEBUG main            d.u.i.k.p.r.p.TestFile    ... success: reloaded. 
728141     INFO  main            d.u.i.k.p.r.p.TestFile    Now processing file /home/runner/work/key/key/key.core/../key.ui/examples/heap/permissions/lockspec/Counter_fpPerm_accessible.key 
728142     INFO  main            d.u.i.k.p.i.AbstractProblemLoader Loading environment from /home/runner/work/key/key/key.core/../key.ui/examples/heap/permissions/lockspec/Counter_fpPerm_accessible.key 
728142     DEBUG main            d.u.i.k.p.i.AbstractProblemLoader Environment load took 138.4ns 
728143     INFO  main            d.u.i.k.p.i.AbstractProblemLoader Creating init config 
731191     DEBUG main            d.u.i.k.p.i.AbstractProblemLoader Init config took 3.05s 
731245     INFO  main            d.u.i.k.p.i.AbstractProblemLoader Replaying proof Counter[LockSpec::fpPerm()].JML accessible clause.0 
731249     DEBUG main            d.u.i.k.p.i.IntermediateProofReplayer Proof replay took 3.4ns 
731357     INFO  main            d.u.i.k.p.r.p.TestFile    ... finished proof: closed. 
731935     INFO  main            d.u.i.k.p.i.AbstractProblemLoader Loading environment from /home/runner/work/key/key/key.core/../key.ui/examples/heap/permissions/lockspec/Counter_fpPerm_accessible.key.proof 
731935     DEBUG main            d.u.i.k.p.i.AbstractProblemLoader Environment load took 66ns 
731936     INFO  main            d.u.i.k.p.i.AbstractProblemLoader Creating init config 
734880     DEBUG main            d.u.i.k.p.i.AbstractProblemLoader Init config took 2.94s 
734947     INFO  main            d.u.i.k.p.i.AbstractProblemLoader Replaying proof Counter[LockSpec::fpPerm()].JML accessible clause.0 
734955     DEBUG main            d.u.i.k.p.i.IntermediateProofReplayer Proof replay took 5.86ms 
734956     DEBUG main            d.u.i.k.p.r.p.TestFile    ... success: reloaded. 
734957     INFO  main            d.u.i.k.p.r.p.TestFile    Now processing file /home/runner/work/key/key/key.core/../key.ui/examples/heap/permissions/lockspec/Counter_inv_accessible1.key 
734957     INFO  main            d.u.i.k.p.i.AbstractProblemLoader Loading environment from /home/runner/work/key/key/key.core/../key.ui/examples/heap/permissions/lockspec/Counter_inv_accessible1.key 
734957     DEBUG main            d.u.i.k.p.i.AbstractProblemLoader Environment load took 130.5ns 
734958     INFO  main            d.u.i.k.p.i.AbstractProblemLoader Creating init config 
738017     DEBUG main            d.u.i.k.p.i.AbstractProblemLoader Init config took 3.06s 
738071     INFO  main            d.u.i.k.p.i.AbstractProblemLoader Replaying proof Counter[java.lang.Object::<inv>()].JML accessible clause.0 
738073     DEBUG main            d.u.i.k.p.i.IntermediateProofReplayer Proof replay took 2.8ns 
738178     INFO  main            d.u.i.k.p.r.p.TestFile    ... finished proof: closed. 
738764     INFO  main            d.u.i.k.p.i.AbstractProblemLoader Loading environment from /home/runner/work/key/key/key.core/../key.ui/examples/heap/permissions/lockspec/Counter_inv_accessible1.key.proof 
738765     DEBUG main            d.u.i.k.p.i.AbstractProblemLoader Environment load took 71.2ns 
738765     INFO  main            d.u.i.k.p.i.AbstractProblemLoader Creating init config 
741706     DEBUG main            d.u.i.k.p.i.AbstractProblemLoader Init config took 2.94s 
741760     INFO  main            d.u.i.k.p.i.AbstractProblemLoader Replaying proof Counter[java.lang.Object::<inv>()].JML accessible clause.0 
741770     DEBUG main            d.u.i.k.p.i.IntermediateProofReplayer Proof replay took 8.17ms 
741770     DEBUG main            d.u.i.k.p.r.p.TestFile    ... success: reloaded. 
741771     INFO  main            d.u.i.k.p.r.p.TestFile    Now processing file /home/runner/work/key/key/key.core/../key.ui/examples/heap/permissions/lockspec/Counter_inv_accessible2.key 
741771     INFO  main            d.u.i.k.p.i.AbstractProblemLoader Loading environment from /home/runner/work/key/key/key.core/../key.ui/examples/heap/permissions/lockspec/Counter_inv_accessible2.key 
741772     DEBUG main            d.u.i.k.p.i.AbstractProblemLoader Environment load took 155.5ns 
741772     INFO  main            d.u.i.k.p.i.AbstractProblemLoader Creating init config 
744768     DEBUG main            d.u.i.k.p.i.AbstractProblemLoader Init config took 3s 
744816     INFO  main            d.u.i.k.p.i.AbstractProblemLoader Replaying proof Counter[java.lang.Object::<inv>()].JML accessible clause.1 
744817     DEBUG main            d.u.i.k.p.i.IntermediateProofReplayer Proof replay took 3ns 
744919     INFO  main            d.u.i.k.p.r.p.TestFile    ... finished proof: closed. 
745517     INFO  main            d.u.i.k.p.i.AbstractProblemLoader Loading environment from /home/runner/work/key/key/key.core/../key.ui/examples/heap/permissions/lockspec/Counter_inv_accessible2.key.proof 
745517     DEBUG main            d.u.i.k.p.i.AbstractProblemLoader Environment load took 291ns 
745518     INFO  main            d.u.i.k.p.i.AbstractProblemLoader Creating init config 
748512     DEBUG main            d.u.i.k.p.i.AbstractProblemLoader Init config took 2.99s 
748561     INFO  main            d.u.i.k.p.i.AbstractProblemLoader Replaying proof Counter[java.lang.Object::<inv>()].JML accessible clause.1 
748570     DEBUG main            d.u.i.k.p.i.IntermediateProofReplayer Proof replay took 7.42ms 
748571     DEBUG main            d.u.i.k.p.r.p.TestFile    ... success: reloaded. 
748571     INFO  main            d.u.i.k.p.r.p.TestFile    Now processing file /home/runner/work/key/key/key.core/../key.ui/examples/heap/permissions/lockspec/Counter_lockRef_accessible.key 
748572     INFO  main            d.u.i.k.p.i.AbstractProblemLoader Loading environment from /home/runner/work/key/key/key.core/../key.ui/examples/heap/permissions/lockspec/Counter_lockRef_accessible.key 
748572     DEBUG main            d.u.i.k.p.i.AbstractProblemLoader Environment load took 164.9ns 
748573     INFO  main            d.u.i.k.p.i.AbstractProblemLoader Creating init config 
751562     DEBUG main            d.u.i.k.p.i.AbstractProblemLoader Init config took 2.99s 
751615     INFO  main            d.u.i.k.p.i.AbstractProblemLoader Replaying proof Counter[LockSpec::lockRef()].JML accessible clause.0 
751617     DEBUG main            d.u.i.k.p.i.IntermediateProofReplayer Proof replay took 2.7ns 
751818     INFO  main            d.u.i.k.p.r.p.TestFile    ... finished proof: closed. 
752425     INFO  main            d.u.i.k.p.i.AbstractProblemLoader Loading environment from /home/runner/work/key/key/key.core/../key.ui/examples/heap/permissions/lockspec/Counter_lockRef_accessible.key.proof 
752425     DEBUG main            d.u.i.k.p.i.AbstractProblemLoader Environment load took 65.8ns 
752426     INFO  main            d.u.i.k.p.i.AbstractProblemLoader Creating init config 
755361     DEBUG main            d.u.i.k.p.i.AbstractProblemLoader Init config took 2.93s 
755417     INFO  main            d.u.i.k.p.i.AbstractProblemLoader Replaying proof Counter[LockSpec::lockRef()].JML accessible clause.0 
755444     DEBUG main            d.u.i.k.p.i.IntermediateProofReplayer Proof replay took 24.79ms 
755445     DEBUG main            d.u.i.k.p.r.p.TestFile    ... success: reloaded. 
755445     INFO  main            d.u.i.k.p.r.p.TestFile    Now processing file /home/runner/work/key/key/key.core/../key.ui/examples/heap/permissions/lockspec/Counter_lockRef_contract1.key 
755446     INFO  main            d.u.i.k.p.i.AbstractProblemLoader Loading environment from /home/runner/work/key/key/key.core/../key.ui/examples/heap/permissions/lockspec/Counter_lockRef_contract1.key 
755447     DEBUG main            d.u.i.k.p.i.AbstractProblemLoader Environment load took 170ns 
755447     INFO  main            d.u.i.k.p.i.AbstractProblemLoader Creating init config 
758511     DEBUG main            d.u.i.k.p.i.AbstractProblemLoader Init config took 3.06s 
758559     INFO  main            d.u.i.k.p.i.AbstractProblemLoader Replaying proof Counter[LockSpec::lockRef()].JML model_behavior operation contract.0 
758560     DEBUG main            d.u.i.k.p.i.IntermediateProofReplayer Proof replay took 2.3ns 
758662     INFO  main            d.u.i.k.p.r.p.TestFile    ... finished proof: closed. 
759268     INFO  main            d.u.i.k.p.i.AbstractProblemLoader Loading environment from /home/runner/work/key/key/key.core/../key.ui/examples/heap/permissions/lockspec/Counter_lockRef_contract1.key.proof 
759269     DEBUG main            d.u.i.k.p.i.AbstractProblemLoader Environment load took 64.5ns 
759269     INFO  main            d.u.i.k.p.i.AbstractProblemLoader Creating init config 
762253     DEBUG main            d.u.i.k.p.i.AbstractProblemLoader Init config took 2.98s 
762301     INFO  main            d.u.i.k.p.i.AbstractProblemLoader Replaying proof Counter[LockSpec::lockRef()].JML model_behavior operation contract.0 
762305     DEBUG main            d.u.i.k.p.i.IntermediateProofReplayer Proof replay took 2.91ms 
762306     DEBUG main            d.u.i.k.p.r.p.TestFile    ... success: reloaded. 
762307     INFO  main            d.u.i.k.p.r.p.TestFile    Now processing file /home/runner/work/key/key/key.core/../key.ui/examples/heap/permissions/lockspec/Counter_lockRef_contract2.key 
762307     INFO  main            d.u.i.k.p.i.AbstractProblemLoader Loading environment from /home/runner/work/key/key/key.core/../key.ui/examples/heap/permissions/lockspec/Counter_lockRef_contract2.key 
762307     DEBUG main            d.u.i.k.p.i.AbstractProblemLoader Environment load took 137.2ns 
762308     INFO  main            d.u.i.k.p.i.AbstractProblemLoader Creating init config 
765294     DEBUG main            d.u.i.k.p.i.AbstractProblemLoader Init config took 2.99s 
765368     INFO  main            d.u.i.k.p.i.AbstractProblemLoader Replaying proof Counter[Counter::lockRef()].JML model_behavior operation contract.0 
765369     DEBUG main            d.u.i.k.p.i.IntermediateProofReplayer Proof replay took 2.7ns 
765471     INFO  main            d.u.i.k.p.r.p.TestFile    ... finished proof: closed. 
766072     INFO  main            d.u.i.k.p.i.AbstractProblemLoader Loading environment from /home/runner/work/key/key/key.core/../key.ui/examples/heap/permissions/lockspec/Counter_lockRef_contract2.key.proof 
766072     DEBUG main            d.u.i.k.p.i.AbstractProblemLoader Environment load took 56.1ns 
766073     INFO  main            d.u.i.k.p.i.AbstractProblemLoader Creating init config 
769004     DEBUG main            d.u.i.k.p.i.AbstractProblemLoader Init config took 2.93s 
769058     INFO  main            d.u.i.k.p.i.AbstractProblemLoader Replaying proof Counter[Counter::lockRef()].JML model_behavior operation contract.0 
769063     DEBUG main            d.u.i.k.p.i.IntermediateProofReplayer Proof replay took 3.48ms 
769064     DEBUG main            d.u.i.k.p.r.p.TestFile    ... success: reloaded. 
769065     INFO  main            d.u.i.k.p.r.p.TestFile    Now processing file /home/runner/work/key/key/key.core/../key.ui/examples/heap/permissions/lockspec/Counter_lockState_accessible.key 
769065     INFO  main            d.u.i.k.p.i.AbstractProblemLoader Loading environment from /home/runner/work/key/key/key.core/../key.ui/examples/heap/permissions/lockspec/Counter_lockState_accessible.key 
769065     DEBUG main            d.u.i.k.p.i.AbstractProblemLoader Environment load took 151.9ns 
769066     INFO  main            d.u.i.k.p.i.AbstractProblemLoader Creating init config 
772247     DEBUG main            d.u.i.k.p.i.AbstractProblemLoader Init config took 3.18s 
772295     INFO  main            d.u.i.k.p.i.AbstractProblemLoader Replaying proof Counter[LockSpec::lockState(boolean)].JML accessible clause.0 
772297     DEBUG main            d.u.i.k.p.i.IntermediateProofReplayer Proof replay took 2.3ns 
772498     INFO  main            d.u.i.k.p.r.p.TestFile    ... finished proof: closed. 
773122     INFO  main            d.u.i.k.p.i.AbstractProblemLoader Loading environment from /home/runner/work/key/key/key.core/../key.ui/examples/heap/permissions/lockspec/Counter_lockState_accessible.key.proof 
773122     DEBUG main            d.u.i.k.p.i.AbstractProblemLoader Environment load took 375.9ns 
773123     INFO  main            d.u.i.k.p.i.AbstractProblemLoader Creating init config 
776248     DEBUG main            d.u.i.k.p.i.AbstractProblemLoader Init config took 3.12s 
776302     INFO  main            d.u.i.k.p.i.AbstractProblemLoader Replaying proof Counter[LockSpec::lockState(boolean)].JML accessible clause.0 
776348     DEBUG main            d.u.i.k.p.i.IntermediateProofReplayer Proof replay took 39.98ms 
776348     DEBUG main            d.u.i.k.p.r.p.TestFile    ... success: reloaded. 
776349     INFO  main            d.u.i.k.p.r.p.TestFile    Now processing file /home/runner/work/key/key/key.core/../key.ui/examples/heap/permissions/lockspec/Counter_lockStatus_accessible.key 
776351     INFO  main            d.u.i.k.p.i.AbstractProblemLoader Loading environment from /home/runner/work/key/key/key.core/../key.ui/examples/heap/permissions/lockspec/Counter_lockStatus_accessible.key 
776351     DEBUG main            d.u.i.k.p.i.AbstractProblemLoader Environment load took 94.6ns 
776352     INFO  main            d.u.i.k.p.i.AbstractProblemLoader Creating init config 
779426     DEBUG main            d.u.i.k.p.i.AbstractProblemLoader Init config took 3.07s 
779475     INFO  main            d.u.i.k.p.i.AbstractProblemLoader Replaying proof Counter[LockSpec::lockStatus(boolean)].JML accessible clause.0 
779476     DEBUG main            d.u.i.k.p.i.IntermediateProofReplayer Proof replay took 2.8ns 
779578     INFO  main            d.u.i.k.p.r.p.TestFile    ... finished proof: closed. 
780228     INFO  main            d.u.i.k.p.i.AbstractProblemLoader Loading environment from /home/runner/work/key/key/key.core/../key.ui/examples/heap/permissions/lockspec/Counter_lockStatus_accessible.key.proof 
780228     DEBUG main            d.u.i.k.p.i.AbstractProblemLoader Environment load took 69.7ns 
780229     INFO  main            d.u.i.k.p.i.AbstractProblemLoader Creating init config 
783257     DEBUG main            d.u.i.k.p.i.AbstractProblemLoader Init config took 3.03s 
783315     INFO  main            d.u.i.k.p.i.AbstractProblemLoader Replaying proof Counter[LockSpec::lockStatus(boolean)].JML accessible clause.0 
783333     DEBUG main            d.u.i.k.p.i.IntermediateProofReplayer Proof replay took 15.79ms 
783333     DEBUG main            d.u.i.k.p.r.p.TestFile    ... success: reloaded. 
783334     INFO  main            d.u.i.k.p.r.p.TestFile    Now processing file /home/runner/work/key/key/key.core/../key.ui/examples/heap/permissions/lockspec/Counter_lockTransfer_accessible.key 
783334     INFO  main            d.u.i.k.p.i.AbstractProblemLoader Loading environment from /home/runner/work/key/key/key.core/../key.ui/examples/heap/permissions/lockspec/Counter_lockTransfer_accessible.key 
783334     DEBUG main            d.u.i.k.p.i.AbstractProblemLoader Environment load took 63.2ns 
783335     INFO  main            d.u.i.k.p.i.AbstractProblemLoader Creating init config 
786525     DEBUG main            d.u.i.k.p.i.AbstractProblemLoader Init config took 3.19s 
786575     INFO  main            d.u.i.k.p.i.AbstractProblemLoader Replaying proof Counter[LockSpec::lockTransfer()].JML accessible clause.0 
786576     DEBUG main            d.u.i.k.p.i.IntermediateProofReplayer Proof replay took 2.5ns 
787008     INFO  main            d.u.i.k.p.r.p.TestFile    ... finished proof: closed. 
787666     INFO  main            d.u.i.k.p.i.AbstractProblemLoader Loading environment from /home/runner/work/key/key/key.core/../key.ui/examples/heap/permissions/lockspec/Counter_lockTransfer_accessible.key.proof 
787666     DEBUG main            d.u.i.k.p.i.AbstractProblemLoader Environment load took 71.7ns 
787666     INFO  main            d.u.i.k.p.i.AbstractProblemLoader Creating init config 
790680     DEBUG main            d.u.i.k.p.i.AbstractProblemLoader Init config took 3.01s 
790735     INFO  main            d.u.i.k.p.i.AbstractProblemLoader Replaying proof Counter[LockSpec::lockTransfer()].JML accessible clause.0 
790791     DEBUG main            d.u.i.k.p.i.IntermediateProofReplayer Proof replay took 52.81ms 
790792     DEBUG main            d.u.i.k.p.r.p.TestFile    ... success: reloaded. 
790793     INFO  main            d.u.i.k.p.r.p.TestFile    Now processing file /home/runner/work/key/key/key.core/../key.ui/examples/heap/permissions/lockspec/Counter_unlockTransfer_accessible.key 
790793     INFO  main            d.u.i.k.p.i.AbstractProblemLoader Loading environment from /home/runner/work/key/key/key.core/../key.ui/examples/heap/permissions/lockspec/Counter_unlockTransfer_accessible.key 
790793     DEBUG main            d.u.i.k.p.i.AbstractProblemLoader Environment load took 81.6ns 
790794     INFO  main            d.u.i.k.p.i.AbstractProblemLoader Creating init config 
793852     DEBUG main            d.u.i.k.p.i.AbstractProblemLoader Init config took 3.06s 
793918     INFO  main            d.u.i.k.p.i.AbstractProblemLoader Replaying proof Counter[LockSpec::unlockTransfer()].JML accessible clause.0 
793919     DEBUG main            d.u.i.k.p.i.IntermediateProofReplayer Proof replay took 2.2ns 
794223     INFO  main            d.u.i.k.p.r.p.TestFile    ... finished proof: closed. 
794865     INFO  main            d.u.i.k.p.i.AbstractProblemLoader Loading environment from /home/runner/work/key/key/key.core/../key.ui/examples/heap/permissions/lockspec/Counter_unlockTransfer_accessible.key.proof 
794865     DEBUG main            d.u.i.k.p.i.AbstractProblemLoader Environment load took 64.1ns 
794866     INFO  main            d.u.i.k.p.i.AbstractProblemLoader Creating init config 
797898     DEBUG main            d.u.i.k.p.i.AbstractProblemLoader Init config took 3.03s 
797952     INFO  main            d.u.i.k.p.i.AbstractProblemLoader Replaying proof Counter[LockSpec::unlockTransfer()].JML accessible clause.0 
798017     DEBUG main            d.u.i.k.p.i.IntermediateProofReplayer Proof replay took 61.52ms 
798018     DEBUG main            d.u.i.k.p.r.p.TestFile    ... success: reloaded. 
798018     INFO  main            d.u.i.k.p.r.p.TestFile    Now processing file /home/runner/work/key/key/key.core/../key.ui/examples/heap/permissions/threads/Plotter_startTransfer_contract.proof 
798019     INFO  main            d.u.i.k.p.i.AbstractProblemLoader Loading environment from /home/runner/work/key/key/key.core/../key.ui/examples/heap/permissions/threads/Plotter_startTransfer_contract.proof 
798019     DEBUG main            d.u.i.k.p.i.AbstractProblemLoader Environment load took 93.9ns 
798020     INFO  main            d.u.i.k.p.i.AbstractProblemLoader Creating init config 
802566     DEBUG main            d.u.i.k.p.i.AbstractProblemLoader Init config took 4.55s 
802644     INFO  main            d.u.i.k.p.i.AbstractProblemLoader Replaying proof Plotter[ThreadSpec2::startTransfer()].JML model_behavior operation contract.0 
802714     DEBUG main            d.u.i.k.p.i.IntermediateProofReplayer Proof replay took 63.74ms 
802714     INFO  main            d.u.i.k.p.r.p.TestFile    ... success: loaded 
802715     INFO  main            d.u.i.k.p.r.p.TestFile    Now processing file /home/runner/work/key/key/key.core/../key.ui/examples/heap/permissions/threads/Plotter_startTransfer_accessible.proof 
802715     INFO  main            d.u.i.k.p.i.AbstractProblemLoader Loading environment from /home/runner/work/key/key/key.core/../key.ui/examples/heap/permissions/threads/Plotter_startTransfer_accessible.proof 
802715     DEBUG main            d.u.i.k.p.i.AbstractProblemLoader Environment load took 60.1ns 
802716     INFO  main            d.u.i.k.p.i.AbstractProblemLoader Creating init config 
807347     DEBUG main            d.u.i.k.p.i.AbstractProblemLoader Init config took 4.63s 
807424     INFO  main            d.u.i.k.p.i.AbstractProblemLoader Replaying proof Plotter[ThreadSpec2::startTransfer()].JML accessible clause.0 
807553     DEBUG main            d.u.i.k.p.i.IntermediateProofReplayer Proof replay took 125.54ms 
807554     INFO  main            d.u.i.k.p.r.p.TestFile    ... success: loaded 
807555     INFO  main            d.u.i.k.p.r.p.TestFile    Now processing file /home/runner/work/key/key/key.core/../key.ui/examples/heap/permissions/threads/Plotter_joinTransfer_accessible.proof 
807555     INFO  main            d.u.i.k.p.i.AbstractProblemLoader Loading environment from /home/runner/work/key/key/key.core/../key.ui/examples/heap/permissions/threads/Plotter_joinTransfer_accessible.proof 
807555     DEBUG main            d.u.i.k.p.i.AbstractProblemLoader Environment load took 41.9ns 
807556     INFO  main            d.u.i.k.p.i.AbstractProblemLoader Creating init config 
812119     DEBUG main            d.u.i.k.p.i.AbstractProblemLoader Init config took 4.56s 
812206     INFO  main            d.u.i.k.p.i.AbstractProblemLoader Replaying proof Plotter[ThreadSpec2::joinTransfer()].JML accessible clause.0 
812213     WARN  main            d.u.i.k.p.i.IntermediateProofReplayer Proof contains wrong number of \assumes instatiations for Definition_axiom_for_stateInv_in_Plotter 
812215     WARN  main            d.u.i.k.p.i.IntermediateProofReplayer Proof contains wrong number of \assumes instatiations for Definition_axiom_for_stateInv_in_Plotter 
812217     WARN  main            d.u.i.k.p.i.IntermediateProofReplayer Proof contains wrong number of \assumes instatiations for Definition_axiom_for_workingPermissions_in_Plotter 
812218     WARN  main            d.u.i.k.p.i.IntermediateProofReplayer Proof contains wrong number of \assumes instatiations for Definition_axiom_for_staticPermissions_in_Plotter 
812221     WARN  main            d.u.i.k.p.i.IntermediateProofReplayer Proof contains wrong number of \assumes instatiations for Definition_axiom_for_joinTransfer_in_Plotter 
812223     WARN  main            d.u.i.k.p.i.IntermediateProofReplayer Proof contains wrong number of \assumes instatiations for Definition_axiom_for_stateInv_in_BFilter 
812224     WARN  main            d.u.i.k.p.i.IntermediateProofReplayer Proof contains wrong number of \assumes instatiations for Definition_axiom_for_stateInv_in_AFilter 
812226     WARN  main            d.u.i.k.p.i.IntermediateProofReplayer Proof contains wrong number of \assumes instatiations for Definition_axiom_for_stateInv_in_BFilter 
812227     WARN  main            d.u.i.k.p.i.IntermediateProofReplayer Proof contains wrong number of \assumes instatiations for Definition_axiom_for_stateInv_in_AFilter 
812228     WARN  main            d.u.i.k.p.i.IntermediateProofReplayer Proof contains wrong number of \assumes instatiations for Definition_axiom_for_staticPermissions_in_AFilter 
812229     WARN  main            d.u.i.k.p.i.IntermediateProofReplayer Proof contains wrong number of \assumes instatiations for Definition_axiom_for_staticPermissions_in_Plotter 
812230     WARN  main            d.u.i.k.p.i.IntermediateProofReplayer Proof contains wrong number of \assumes instatiations for Definition_axiom_for_staticPermissions_in_BFilter 
812230     WARN  main            d.u.i.k.p.i.IntermediateProofReplayer Proof contains wrong number of \assumes instatiations for Definition_axiom_for_workingPermissions_in_Plotter 
812231     WARN  main            d.u.i.k.p.i.IntermediateProofReplayer Proof contains wrong number of \assumes instatiations for Definition_axiom_for_stateInv_in_Sampler 
812232     WARN  main            d.u.i.k.p.i.IntermediateProofReplayer Proof contains wrong number of \assumes instatiations for Definition_axiom_for_stateInv_in_Sampler 
812232     WARN  main            d.u.i.k.p.i.IntermediateProofReplayer Proof contains wrong number of \assumes instatiations for Definition_axiom_for_staticPermissions_in_Sampler 
812233     WARN  main            d.u.i.k.p.i.IntermediateProofReplayer Proof contains wrong number of \assumes instatiations for Definition_axiom_for_staticPermissions_in_BFilter 
812234     WARN  main            d.u.i.k.p.i.IntermediateProofReplayer Proof contains wrong number of \assumes instatiations for Definition_axiom_for_staticPermissions_in_AFilter 
812235     WARN  main            d.u.i.k.p.i.IntermediateProofReplayer Proof contains wrong number of \assumes instatiations for Definition_axiom_for_staticPermissions_in_Sampler 
812235     WARN  main            d.u.i.k.p.i.IntermediateProofReplayer Proof contains wrong number of \assumes instatiations for Definition_axiom_for_staticPermissions_in_Sampler 
812236     WARN  main            d.u.i.k.p.i.IntermediateProofReplayer Proof contains wrong number of \assumes instatiations for Definition_axiom_for_staticPermissions_in_Sampler 
812236     WARN  main            d.u.i.k.p.i.IntermediateProofReplayer Proof contains wrong number of \assumes instatiations for Definition_axiom_for_joinTransfer_in_Plotter 
812289     DEBUG main            d.u.i.k.p.i.IntermediateProofReplayer Proof replay took 79.08ms 
812290     INFO  main            d.u.i.k.p.r.p.TestFile    ... success: loaded 
4814910    INFO  Test worker     d.u.i.k.p.r.p.StatisticsFile Returning from test permissionHeap 
4814920    INFO  Test worker     d.u.i.k.p.r.p.StatisticsFile Running test completionScopes 
355        INFO  Timeout watchdog d.u.i.k.p.r.p.ForkedTestFileRunner Timeout watcher launched (2000 secs.) 
366        WARN  main            d.u.i.k.s.ProofSettings   The settings in /home/runner/.key/proof-settings.props are *not* read. 
413        INFO  main            d.u.i.k.p.r.p.TestFile    Now processing file /home/runner/work/key/key/key.core/../key.ui/examples/completionscopes/testCcatchReturnVal.key 
568        INFO  main            d.u.i.k.p.i.AbstractProblemLoader Loading environment from /home/runner/work/key/key/key.core/../key.ui/examples/completionscopes/testCcatchReturnVal.key 
593        DEBUG main            d.u.i.k.p.i.AbstractProblemLoader Environment load took 5.94ms 
819        INFO  main            d.u.i.k.p.i.AbstractProblemLoader Creating init config 
1682       DEBUG main            d.u.i.k.j.TypeConverter   No LDT found for Meta 
1683       DEBUG main            d.u.i.k.j.TypeConverter   No LDT found for Meta 
1686       DEBUG main            d.u.i.k.j.TypeConverter   No LDT found for Meta 
1687       DEBUG main            d.u.i.k.j.TypeConverter   No LDT found for Meta 
3483       DEBUG main            d.u.i.k.j.TypeConverter   No LDT found for JavaBigintExpression 
8525       DEBUG main            d.u.i.k.p.i.AbstractProblemLoader Init config took 7.71s 
8653       INFO  main            d.u.i.k.p.i.AbstractProblemLoader Replaying proof CompletionScopes[CompletionScopes::testCcatchReturnVal()].JML normal_behavior operation contract.0 
8684       DEBUG main            d.u.i.k.p.i.IntermediateProofReplayer Proof replay took 37.1ns 
9211       INFO  main            d.u.i.k.p.r.p.TestFile    ... finished proof: closed. 
9311       INFO  main            d.u.i.k.p.i.AbstractProblemLoader Loading environment from /home/runner/work/key/key/key.core/../key.ui/examples/completionscopes/testCcatchReturnVal.key.proof 
9311       DEBUG main            d.u.i.k.p.i.AbstractProblemLoader Environment load took 138.4ns 
9314       INFO  main            d.u.i.k.p.i.AbstractProblemLoader Creating init config 
11951      DEBUG main            d.u.i.k.p.i.AbstractProblemLoader Init config took 2.64s 
12014      INFO  main            d.u.i.k.p.i.AbstractProblemLoader Replaying proof CompletionScopes[CompletionScopes::testCcatchReturnVal()].JML normal_behavior operation contract.0 
12045      DEBUG main            d.u.i.k.p.i.IntermediateProofReplayer Proof replay took 26.25ms 
12051      DEBUG main            d.u.i.k.p.r.p.TestFile    ... success: reloaded. 
12053      INFO  main            d.u.i.k.p.r.p.TestFile    Now processing file /home/runner/work/key/key/key.core/../key.ui/examples/completionscopes/testMultCcatchClauses.key 
12053      INFO  main            d.u.i.k.p.i.AbstractProblemLoader Loading environment from /home/runner/work/key/key/key.core/../key.ui/examples/completionscopes/testMultCcatchClauses.key 
12053      DEBUG main            d.u.i.k.p.i.AbstractProblemLoader Environment load took 202.1ns 
12055      INFO  main            d.u.i.k.p.i.AbstractProblemLoader Creating init config 
14595      DEBUG main            d.u.i.k.p.i.AbstractProblemLoader Init config took 2.54s 
14654      INFO  main            d.u.i.k.p.i.AbstractProblemLoader Replaying proof CompletionScopes[CompletionScopes::testMultCcatchClauses()].JML normal_behavior operation contract.0 
14656      DEBUG main            d.u.i.k.p.i.IntermediateProofReplayer Proof replay took 6.4ns 
14959      INFO  main            d.u.i.k.p.r.p.TestFile    ... finished proof: closed. 
15087      INFO  main            d.u.i.k.p.i.AbstractProblemLoader Loading environment from /home/runner/work/key/key/key.core/../key.ui/examples/completionscopes/testMultCcatchClauses.key.proof 
15088      DEBUG main            d.u.i.k.p.i.AbstractProblemLoader Environment load took 124.9ns 
15089      INFO  main            d.u.i.k.p.i.AbstractProblemLoader Creating init config 
17526      DEBUG main            d.u.i.k.p.i.AbstractProblemLoader Init config took 2.44s 
17588      INFO  main            d.u.i.k.p.i.AbstractProblemLoader Replaying proof CompletionScopes[CompletionScopes::testMultCcatchClauses()].JML normal_behavior operation contract.0 
17721      DEBUG main            d.u.i.k.p.i.IntermediateProofReplayer Proof replay took 123.87ms 
17723      DEBUG main            d.u.i.k.p.r.p.TestFile    ... success: reloaded. 
17725      INFO  main            d.u.i.k.p.r.p.TestFile    Now processing file /home/runner/work/key/key/key.core/../key.ui/examples/completionscopes/testNestedExec.key 
17726      INFO  main            d.u.i.k.p.i.AbstractProblemLoader Loading environment from /home/runner/work/key/key/key.core/../key.ui/examples/completionscopes/testNestedExec.key 
17726      DEBUG main            d.u.i.k.p.i.AbstractProblemLoader Environment load took 91.3ns 
17728      INFO  main            d.u.i.k.p.i.AbstractProblemLoader Creating init config 
20254      DEBUG main            d.u.i.k.p.i.AbstractProblemLoader Init config took 2.53s 
20303      INFO  main            d.u.i.k.p.i.AbstractProblemLoader Replaying proof CompletionScopes[CompletionScopes::testMultCcatchClauses()].JML normal_behavior operation contract.0 
20305      DEBUG main            d.u.i.k.p.i.IntermediateProofReplayer Proof replay took 5.7ns 
20608      INFO  main            d.u.i.k.p.r.p.TestFile    ... finished proof: closed. 
20739      INFO  main            d.u.i.k.p.i.AbstractProblemLoader Loading environment from /home/runner/work/key/key/key.core/../key.ui/examples/completionscopes/testNestedExec.key.proof 
20739      DEBUG main            d.u.i.k.p.i.AbstractProblemLoader Environment load took 114.6ns 
20740      INFO  main            d.u.i.k.p.i.AbstractProblemLoader Creating init config 
23171      DEBUG main            d.u.i.k.p.i.AbstractProblemLoader Init config took 2.43s 
23215      INFO  main            d.u.i.k.p.i.AbstractProblemLoader Replaying proof CompletionScopes[CompletionScopes::testMultCcatchClauses()].JML normal_behavior operation contract.0 
23284      DEBUG main            d.u.i.k.p.i.IntermediateProofReplayer Proof replay took 65.95ms 
23286      DEBUG main            d.u.i.k.p.r.p.TestFile    ... success: reloaded. 
23287      INFO  main            d.u.i.k.p.r.p.TestFile    Now processing file /home/runner/work/key/key/key.core/../key.ui/examples/completionscopes/testCcatchBreakLabel.key 
23287      INFO  main            d.u.i.k.p.i.AbstractProblemLoader Loading environment from /home/runner/work/key/key/key.core/../key.ui/examples/completionscopes/testCcatchBreakLabel.key 
23287      DEBUG main            d.u.i.k.p.i.AbstractProblemLoader Environment load took 167.7ns 
23288      INFO  main            d.u.i.k.p.i.AbstractProblemLoader Creating init config 
25778      DEBUG main            d.u.i.k.p.i.AbstractProblemLoader Init config took 2.49s 
25822      INFO  main            d.u.i.k.p.i.AbstractProblemLoader Replaying proof CompletionScopes[CompletionScopes::testBreakLabel()].JML normal_behavior operation contract.0 
25824      DEBUG main            d.u.i.k.p.i.IntermediateProofReplayer Proof replay took 6.5ns 
25839      DEBUG Thread-10       d.u.i.k.l.o.ProgramSV     Match failed: Former match of  SchemaVariable incompatible with  the current match. 
25926      INFO  main            d.u.i.k.p.r.p.TestFile    ... finished proof: closed. 
26060      INFO  main            d.u.i.k.p.i.AbstractProblemLoader Loading environment from /home/runner/work/key/key/key.core/../key.ui/examples/completionscopes/testCcatchBreakLabel.key.proof 
26061      DEBUG main            d.u.i.k.p.i.AbstractProblemLoader Environment load took 116.1ns 
26062      INFO  main            d.u.i.k.p.i.AbstractProblemLoader Creating init config 
28474      DEBUG main            d.u.i.k.p.i.AbstractProblemLoader Init config took 2.41s 
28518      INFO  main            d.u.i.k.p.i.AbstractProblemLoader Replaying proof CompletionScopes[CompletionScopes::testBreakLabel()].JML normal_behavior operation contract.0 
28527      DEBUG main            d.u.i.k.p.i.IntermediateProofReplayer Proof replay took 6.45ms 
28528      DEBUG main            d.u.i.k.p.r.p.TestFile    ... success: reloaded. 
28529      INFO  main            d.u.i.k.p.r.p.TestFile    Now processing file /home/runner/work/key/key/key.core/../key.ui/examples/completionscopes/testCcatchContinueLabel.key 
28529      INFO  main            d.u.i.k.p.i.AbstractProblemLoader Loading environment from /home/runner/work/key/key/key.core/../key.ui/examples/completionscopes/testCcatchContinueLabel.key 
28529      DEBUG main            d.u.i.k.p.i.AbstractProblemLoader Environment load took 165.8ns 
28531      INFO  main            d.u.i.k.p.i.AbstractProblemLoader Creating init config 
30976      DEBUG main            d.u.i.k.p.i.AbstractProblemLoader Init config took 2.45s 
31022      INFO  main            d.u.i.k.p.i.AbstractProblemLoader Replaying proof CompletionScopes[CompletionScopes::testContinueLabel()].JML normal_behavior operation contract.0 
31024      DEBUG main            d.u.i.k.p.i.IntermediateProofReplayer Proof replay took 5.6ns 
31040      DEBUG Thread-13       d.u.i.k.l.o.ProgramSV     Match failed: Former match of  SchemaVariable incompatible with  the current match. 
31126      INFO  main            d.u.i.k.p.r.p.TestFile    ... finished proof: closed. 
31264      INFO  main            d.u.i.k.p.i.AbstractProblemLoader Loading environment from /home/runner/work/key/key/key.core/../key.ui/examples/completionscopes/testCcatchContinueLabel.key.proof 
31264      DEBUG main            d.u.i.k.p.i.AbstractProblemLoader Environment load took 142.7ns 
31265      INFO  main            d.u.i.k.p.i.AbstractProblemLoader Creating init config 
33652      DEBUG main            d.u.i.k.p.i.AbstractProblemLoader Init config took 2.39s 
33695      INFO  main            d.u.i.k.p.i.AbstractProblemLoader Replaying proof CompletionScopes[CompletionScopes::testContinueLabel()].JML normal_behavior operation contract.0 
33703      DEBUG main            d.u.i.k.p.i.IntermediateProofReplayer Proof replay took 6.18ms 
33704      DEBUG main            d.u.i.k.p.r.p.TestFile    ... success: reloaded. 
33705      INFO  main            d.u.i.k.p.r.p.TestFile    Now processing file /home/runner/work/key/key/key.core/../key.ui/examples/completionscopes/testCcatchBreakLabelWildcard.key 
33705      INFO  main            d.u.i.k.p.i.AbstractProblemLoader Loading environment from /home/runner/work/key/key/key.core/../key.ui/examples/completionscopes/testCcatchBreakLabelWildcard.key 
33705      DEBUG main            d.u.i.k.p.i.AbstractProblemLoader Environment load took 180.5ns 
33706      INFO  main            d.u.i.k.p.i.AbstractProblemLoader Creating init config 
36157      DEBUG main            d.u.i.k.p.i.AbstractProblemLoader Init config took 2.45s 
36199      INFO  main            d.u.i.k.p.i.AbstractProblemLoader Replaying proof CompletionScopes[CompletionScopes::testBreakLabelWildcard()].JML normal_behavior operation contract.0 
36201      DEBUG main            d.u.i.k.p.i.IntermediateProofReplayer Proof replay took 6.3ns 
36215      DEBUG Thread-16       d.u.i.k.l.o.ProgramSV     Match failed: Former match of  SchemaVariable incompatible with  the current match. 
36216      DEBUG Thread-16       d.u.i.k.l.o.ProgramSV     Match failed: Former match of  SchemaVariable incompatible with  the current match. 
36303      INFO  main            d.u.i.k.p.r.p.TestFile    ... finished proof: closed. 
36467      INFO  main            d.u.i.k.p.i.AbstractProblemLoader Loading environment from /home/runner/work/key/key/key.core/../key.ui/examples/completionscopes/testCcatchBreakLabelWildcard.key.proof 
36467      DEBUG main            d.u.i.k.p.i.AbstractProblemLoader Environment load took 114.3ns 
36468      INFO  main            d.u.i.k.p.i.AbstractProblemLoader Creating init config 
38868      DEBUG main            d.u.i.k.p.i.AbstractProblemLoader Init config took 2.4s 
38909      INFO  main            d.u.i.k.p.i.AbstractProblemLoader Replaying proof CompletionScopes[CompletionScopes::testBreakLabelWildcard()].JML normal_behavior operation contract.0 
38917      DEBUG main            d.u.i.k.p.i.IntermediateProofReplayer Proof replay took 5.91ms 
38918      DEBUG main            d.u.i.k.p.r.p.TestFile    ... success: reloaded. 
38919      INFO  main            d.u.i.k.p.r.p.TestFile    Now processing file /home/runner/work/key/key/key.core/../key.ui/examples/completionscopes/testCcatchContinueLabelWildcard.key 
38919      INFO  main            d.u.i.k.p.i.AbstractProblemLoader Loading environment from /home/runner/work/key/key/key.core/../key.ui/examples/completionscopes/testCcatchContinueLabelWildcard.key 
38919      DEBUG main            d.u.i.k.p.i.AbstractProblemLoader Environment load took 84.7ns 
38920      INFO  main            d.u.i.k.p.i.AbstractProblemLoader Creating init config 
41340      DEBUG main            d.u.i.k.p.i.AbstractProblemLoader Init config took 2.42s 
41392      INFO  main            d.u.i.k.p.i.AbstractProblemLoader Replaying proof CompletionScopes[CompletionScopes::testContinueLabelWildcard()].JML normal_behavior operation contract.0 
41394      DEBUG main            d.u.i.k.p.i.IntermediateProofReplayer Proof replay took 5.9ns 
41410      DEBUG Thread-19       d.u.i.k.l.o.ProgramSV     Match failed: Former match of  SchemaVariable incompatible with  the current match. 
41411      DEBUG Thread-19       d.u.i.k.l.o.ProgramSV     Match failed: Former match of  SchemaVariable incompatible with  the current match. 
41496      INFO  main            d.u.i.k.p.r.p.TestFile    ... finished proof: closed. 
41643      INFO  main            d.u.i.k.p.i.AbstractProblemLoader Loading environment from /home/runner/work/key/key/key.core/../key.ui/examples/completionscopes/testCcatchContinueLabelWildcard.key.proof 
41643      DEBUG main            d.u.i.k.p.i.AbstractProblemLoader Environment load took 110.1ns 
41644      INFO  main            d.u.i.k.p.i.AbstractProblemLoader Creating init config 
43996      DEBUG main            d.u.i.k.p.i.AbstractProblemLoader Init config took 2.35s 
44048      INFO  main            d.u.i.k.p.i.AbstractProblemLoader Replaying proof CompletionScopes[CompletionScopes::testContinueLabelWildcard()].JML normal_behavior operation contract.0 
44057      DEBUG main            d.u.i.k.p.i.IntermediateProofReplayer Proof replay took 6.48ms 
44061      DEBUG main            d.u.i.k.p.r.p.TestFile    ... success: reloaded. 
44062      INFO  main            d.u.i.k.p.r.p.TestFile    Now processing file /home/runner/work/key/key/key.core/../key.ui/examples/completionscopes/testCcatchBreakLabelNonmatchingNested.key 
44062      INFO  main            d.u.i.k.p.i.AbstractProblemLoader Loading environment from /home/runner/work/key/key/key.core/../key.ui/examples/completionscopes/testCcatchBreakLabelNonmatchingNested.key 
44062      DEBUG main            d.u.i.k.p.i.AbstractProblemLoader Environment load took 171ns 
44063      INFO  main            d.u.i.k.p.i.AbstractProblemLoader Creating init config 
46456      DEBUG main            d.u.i.k.p.i.AbstractProblemLoader Init config took 2.39s 
46507      INFO  main            d.u.i.k.p.i.AbstractProblemLoader Replaying proof CompletionScopes[CompletionScopes::testBreakLabelNonmatchingNested()].JML normal_behavior operation contract.0 
46509      DEBUG main            d.u.i.k.p.i.IntermediateProofReplayer Proof replay took 6.8ns 
46530      DEBUG Thread-22       d.u.i.k.l.o.ProgramSV     Match failed: Former match of  SchemaVariable incompatible with  the current match. 
46531      DEBUG Thread-22       d.u.i.k.l.o.ProgramSV     Match failed: Former match of  SchemaVariable incompatible with  the current match. 
46614      INFO  main            d.u.i.k.p.r.p.TestFile    ... finished proof: closed. 
46780      INFO  main            d.u.i.k.p.i.AbstractProblemLoader Loading environment from /home/runner/work/key/key/key.core/../key.ui/examples/completionscopes/testCcatchBreakLabelNonmatchingNested.key.proof 
46781      DEBUG main            d.u.i.k.p.i.AbstractProblemLoader Environment load took 115.2ns 
46782      INFO  main            d.u.i.k.p.i.AbstractProblemLoader Creating init config 
49138      DEBUG main            d.u.i.k.p.i.AbstractProblemLoader Init config took 2.36s 
49176      INFO  main            d.u.i.k.p.i.AbstractProblemLoader Replaying proof CompletionScopes[CompletionScopes::testBreakLabelNonmatchingNested()].JML normal_behavior operation contract.0 
49184      DEBUG main            d.u.i.k.p.i.IntermediateProofReplayer Proof replay took 6.33ms 
49185      DEBUG main            d.u.i.k.p.r.p.TestFile    ... success: reloaded. 
4864284    INFO  Test worker     d.u.i.k.p.r.p.StatisticsFile Returning from test completionScopes 
4864286    INFO  Test worker     d.u.i.k.p.r.p.StatisticsFile Running test reload_examples 
348        INFO  Timeout watchdog d.u.i.k.p.r.p.ForkedTestFileRunner Timeout watcher launched (2000 secs.) 
361        WARN  main            d.u.i.k.s.ProofSettings   The settings in /home/runner/.key/proof-settings.props are *not* read. 
392        INFO  main            d.u.i.k.p.r.p.TestFile    Now processing file /home/runner/work/key/key/key.core/../key.ui/examples/firstTouch/05-ReverseArray/reverseArray.key 
524        INFO  main            d.u.i.k.p.i.AbstractProblemLoader Loading environment from /home/runner/work/key/key/key.core/../key.ui/examples/firstTouch/05-ReverseArray/reverseArray.key 
544        DEBUG main            d.u.i.k.p.i.AbstractProblemLoader Environment load took 2.1ms 
755        INFO  main            d.u.i.k.p.i.AbstractProblemLoader Creating init config 
1617       DEBUG main            d.u.i.k.j.TypeConverter   No LDT found for Meta 
1618       DEBUG main            d.u.i.k.j.TypeConverter   No LDT found for Meta 
1621       DEBUG main            d.u.i.k.j.TypeConverter   No LDT found for Meta 
1621       DEBUG main            d.u.i.k.j.TypeConverter   No LDT found for Meta 
2809       DEBUG main            d.u.i.k.j.TypeConverter   No LDT found for JavaBigintExpression 
7364       DEBUG main            d.u.i.k.p.i.AbstractProblemLoader Init config took 6.61s 
7521       INFO  main            d.u.i.k.p.i.AbstractProblemLoader Replaying proof ReverseArray[ReverseArray::reverse()].JML normal_behavior operation contract.0 
7588       DEBUG main            d.u.i.k.p.i.IntermediateProofReplayer Proof replay took 31.9ns 
17903      INFO  main            d.u.i.k.p.r.p.TestFile    ... finished proof: closed. 
18108      INFO  main            d.u.i.k.p.i.AbstractProblemLoader Loading environment from /home/runner/work/key/key/key.core/../key.ui/examples/firstTouch/05-ReverseArray/reverseArray.key.proof 
18109      DEBUG main            d.u.i.k.p.i.AbstractProblemLoader Environment load took 691.4ns 
18113      INFO  main            d.u.i.k.p.i.AbstractProblemLoader Creating init config 
20759      DEBUG main            d.u.i.k.p.i.AbstractProblemLoader Init config took 2.65s 
20802      INFO  main            d.u.i.k.p.i.AbstractProblemLoader Replaying proof ReverseArray[ReverseArray::reverse()].JML normal_behavior operation contract.0 
21284      DEBUG main            d.u.i.k.p.i.IntermediateProofReplayer Proof replay took 406.42ms 
21293      DEBUG main            d.u.i.k.p.r.p.TestFile    ... success: reloaded. 
21295      INFO  main            d.u.i.k.p.r.p.TestFile    Now processing file /home/runner/work/key/key/key.core/../key.ui/examples/standard_key/arith/saveProofTest.key.proof 
21295      INFO  main            d.u.i.k.p.i.AbstractProblemLoader Loading environment from /home/runner/work/key/key/key.core/../key.ui/examples/standard_key/arith/saveProofTest.key.proof 
21296      DEBUG main            d.u.i.k.p.i.AbstractProblemLoader Environment load took 185.6ns 
21297      INFO  main            d.u.i.k.p.i.AbstractProblemLoader Creating init config 
23836      DEBUG main            d.u.i.k.p.i.AbstractProblemLoader Init config took 2.54s 
23865      INFO  main            d.u.i.k.p.i.AbstractProblemLoader Replaying proof saveProofTest.key.proof 
23871      DEBUG main            d.u.i.k.p.i.IntermediateProofReplayer Proof replay took 2.59ms 
23872      INFO  main            d.u.i.k.p.r.p.TestFile    ... success: loaded 
23873      INFO  main            d.u.i.k.p.r.p.TestFile    Now processing file /home/runner/work/key/key/key.core/../key.ui/examples/heap/permutedSum/perm.proof 
23874      INFO  main            d.u.i.k.p.i.AbstractProblemLoader Loading environment from /home/runner/work/key/key/key.core/../key.ui/examples/heap/permutedSum/perm.proof 
23874      DEBUG main            d.u.i.k.p.i.AbstractProblemLoader Environment load took 182.6ns 
23876      INFO  main            d.u.i.k.p.i.AbstractProblemLoader Creating init config 
26474      DEBUG main            d.u.i.k.p.i.AbstractProblemLoader Init config took 2.6s 
26540      INFO  main            d.u.i.k.p.i.AbstractProblemLoader Replaying proof Perm[Perm::foo()].JML normal_behavior operation contract.0 
27333      DEBUG main            d.u.i.k.p.i.IntermediateProofReplayer Proof replay took 744.05ms 
27335      INFO  main            d.u.i.k.p.r.p.TestFile    ... success: loaded 
27336      INFO  main            d.u.i.k.p.r.p.TestFile    Now processing file /home/runner/work/key/key/key.core/../key.ui/examples/firstTouch/05-ReverseArray/reverseArray.proof 
27337      INFO  main            d.u.i.k.p.i.AbstractProblemLoader Loading environment from /home/runner/work/key/key/key.core/../key.ui/examples/firstTouch/05-ReverseArray/reverseArray.proof 
27337      DEBUG main            d.u.i.k.p.i.AbstractProblemLoader Environment load took 122.2ns 
27339      INFO  main            d.u.i.k.p.i.AbstractProblemLoader Creating init config 
29822      DEBUG main            d.u.i.k.p.i.AbstractProblemLoader Init config took 2.48s 
29860      INFO  main            d.u.i.k.p.i.AbstractProblemLoader Replaying proof ReverseArray[ReverseArray::reverse()].JML normal_behavior operation contract.0 
30288      DEBUG main            d.u.i.k.p.i.IntermediateProofReplayer Proof replay took 392.99ms 
30291      INFO  main            d.u.i.k.p.r.p.TestFile    ... success: loaded 
30293      INFO  main            d.u.i.k.p.r.p.TestFile    Now processing file /home/runner/work/key/key/key.core/../key.ui/examples/heap/verifyThis15_1_RelaxedPrefix/relax.proof 
30293      INFO  main            d.u.i.k.p.i.AbstractProblemLoader Loading environment from /home/runner/work/key/key/key.core/../key.ui/examples/heap/verifyThis15_1_RelaxedPrefix/relax.proof 
30293      DEBUG main            d.u.i.k.p.i.AbstractProblemLoader Environment load took 177ns 
30295      INFO  main            d.u.i.k.p.i.AbstractProblemLoader Creating init config 
32745      DEBUG main            d.u.i.k.p.i.AbstractProblemLoader Init config took 2.45s 
32790      INFO  main            d.u.i.k.p.i.AbstractProblemLoader Replaying proof Relaxed[Relaxed::isRelaxedPrefix([I,[I)].JML operation contract.0 
33186      DEBUG main            d.u.i.k.p.i.IntermediateProofReplayer Proof replay took 379.5ms 
33188      INFO  main            d.u.i.k.p.r.p.TestFile    ... success: loaded 
33189      INFO  main            d.u.i.k.p.r.p.TestFile    Now processing file /home/runner/work/key/key/key.core/../key.ui/examples/heap/verifyThis15_3_DLL/doUndo.proof 
33189      INFO  main            d.u.i.k.p.i.AbstractProblemLoader Loading environment from /home/runner/work/key/key/key.core/../key.ui/examples/heap/verifyThis15_3_DLL/doUndo.proof 
33190      DEBUG main            d.u.i.k.p.i.AbstractProblemLoader Environment load took 175.9ns 
33192      INFO  main            d.u.i.k.p.i.AbstractProblemLoader Creating init config 
34093      DEBUG main            d.u.i.k.j.r.ClassPreparationMethodBuilder clPrepBuilder: Inner Class detected. Reject building class initialisation methods. 
35904      DEBUG main            d.u.i.k.p.i.AbstractProblemLoader Init config took 2.71s 
35986      INFO  main            d.u.i.k.p.i.AbstractProblemLoader Replaying proof DoubleLinkedList[DoubleLinkedList::doUndo(DoubleLinkedList.Node,int)].JML normal_behavior operation contract.0 
36430      DEBUG main            d.u.i.k.p.i.IntermediateProofReplayer Proof replay took 412.37ms 
36432      INFO  main            d.u.i.k.p.r.p.TestFile    ... success: loaded 
36433      INFO  main            d.u.i.k.p.r.p.TestFile    Now processing file /home/runner/work/key/key/key.core/../key.ui/examples/heap/verifyThis15_2_ParallelGcd/parallelGcd.proof 
36434      INFO  main            d.u.i.k.p.i.AbstractProblemLoader Loading environment from /home/runner/work/key/key/key.core/../key.ui/examples/heap/verifyThis15_2_ParallelGcd/parallelGcd.proof 
36434      DEBUG main            d.u.i.k.p.i.AbstractProblemLoader Environment load took 182.2ns 
36436      INFO  main            d.u.i.k.p.i.AbstractProblemLoader Creating init config 
39035      DEBUG main            d.u.i.k.p.i.AbstractProblemLoader Init config took 2.6s 
39084      INFO  main            d.u.i.k.p.i.AbstractProblemLoader Replaying proof ParallelGcd[ParallelGcd::parallelGcd(int,int,[Z)].JML behavior operation contract.0 
39516      DEBUG main            d.u.i.k.p.i.IntermediateProofReplayer Proof replay took 418.96ms 
39518      INFO  main            d.u.i.k.p.r.p.TestFile    ... success: loaded 
4903988    INFO  Test worker     d.u.i.k.p.r.p.StatisticsFile Returning from test reload_examples 
4903989    INFO  Test worker     d.u.i.k.p.r.p.StatisticsFile Running test proofLoadRepair 
361        INFO  Timeout watchdog d.u.i.k.p.r.p.ForkedTestFileRunner Timeout watcher launched (2000 secs.) 
372        WARN  main            d.u.i.k.s.ProofSettings   The settings in /home/runner/.key/proof-settings.props are *not* read. 
400        INFO  main            d.u.i.k.p.r.p.TestFile    Now processing file /home/runner/work/key/key/key.core/../key.ui/examples/proofLoadRepair/disjConj-manipulated.proof 
502        INFO  main            d.u.i.k.p.i.AbstractProblemLoader Loading environment from /home/runner/work/key/key/key.core/../key.ui/examples/proofLoadRepair/disjConj-manipulated.proof 
523        DEBUG main            d.u.i.k.p.i.AbstractProblemLoader Environment load took 2.26ms 
750        INFO  main            d.u.i.k.p.i.AbstractProblemLoader Creating init config 
1625       DEBUG main            d.u.i.k.j.TypeConverter   No LDT found for Meta 
1626       DEBUG main            d.u.i.k.j.TypeConverter   No LDT found for Meta 
1627       DEBUG main            d.u.i.k.j.TypeConverter   No LDT found for Meta 
1627       DEBUG main            d.u.i.k.j.TypeConverter   No LDT found for Meta 
2827       DEBUG main            d.u.i.k.j.TypeConverter   No LDT found for JavaBigintExpression 
7355       DEBUG main            d.u.i.k.p.i.AbstractProblemLoader Init config took 6.6s 
7414       INFO  main            d.u.i.k.p.i.AbstractProblemLoader Replaying proof disjConj-manipulated.proof 
7454       WARN  main            d.u.i.k.p.i.IntermediateProofReplayer Proof contains wrong number of \assumes instatiations for andLeft 
7455       WARN  main            d.u.i.k.p.i.IntermediateProofReplayer Proof contains wrong number of \assumes instatiations for replace_known_right 
7458       WARN  main            d.u.i.k.p.i.IntermediateProofReplayer Proof contains wrong number of \assumes instatiations for close 
7458       DEBUG main            d.u.i.k.p.i.IntermediateProofReplayer Proof replay took 12.82ms 
7462       INFO  main            d.u.i.k.p.r.p.TestFile    ... success: loaded 
7466       INFO  main            d.u.i.k.p.r.p.TestFile    Now processing file /home/runner/work/key/key/key.core/../key.ui/examples/proofLoadRepair/insufficient-manipulated.proof 
7467       INFO  main            d.u.i.k.p.i.AbstractProblemLoader Loading environment from /home/runner/work/key/key/key.core/../key.ui/examples/proofLoadRepair/insufficient-manipulated.proof 
7467       DEBUG main            d.u.i.k.p.i.AbstractProblemLoader Environment load took 243.3ns 
7471       INFO  main            d.u.i.k.p.i.AbstractProblemLoader Creating init config 
10211      DEBUG main            d.u.i.k.p.i.AbstractProblemLoader Init config took 2.74s 
10242      INFO  main            d.u.i.k.p.i.AbstractProblemLoader Replaying proof insufficient-manipulated.proof 
10260      WARN  main            d.u.i.k.p.i.IntermediateProofReplayer Proof contains wrong number of \assumes instatiations for applyEq 
10269      DEBUG main            d.u.i.k.p.i.IntermediateProofReplayer Proof replay took 10.24ms 
10272      INFO  main            d.u.i.k.p.r.p.TestFile    ... success: loading failed 
10273      INFO  main            d.u.i.k.p.r.p.TestFile    Now processing file /home/runner/work/key/key/key.core/../key.ui/examples/../../key.core/src/test/resources/testcase/issues/1716/incorrectPolarity.proof 
10274      INFO  main            d.u.i.k.p.i.AbstractProblemLoader Loading environment from /home/runner/work/key/key/key.core/../key.ui/examples/../../key.core/src/test/resources/testcase/issues/1716/incorrectPolarity.proof 
10274      DEBUG main            d.u.i.k.p.i.AbstractProblemLoader Environment load took 196.7ns 
10276      INFO  main            d.u.i.k.p.i.AbstractProblemLoader Creating init config 
12957      DEBUG main            d.u.i.k.p.i.AbstractProblemLoader Init config took 2.68s 
12986      INFO  main            d.u.i.k.p.i.AbstractProblemLoader Replaying proof incorrectPolarity.proof 
12989      DEBUG main            d.u.i.k.p.i.IntermediateProofReplayer Proof replay took 201.2ns 
12989      INFO  main            d.u.i.k.p.r.p.TestFile    ... success: loading failed 
12990      INFO  main            d.u.i.k.p.r.p.TestFile    Now processing file /home/runner/work/key/key/key.core/../key.ui/examples/../../key.core/src/test/resources/testcase/issues/1716/incorrectPolarity2.proof 
12991      INFO  main            d.u.i.k.p.i.AbstractProblemLoader Loading environment from /home/runner/work/key/key/key.core/../key.ui/examples/../../key.core/src/test/resources/testcase/issues/1716/incorrectPolarity2.proof 
12991      DEBUG main            d.u.i.k.p.i.AbstractProblemLoader Environment load took 216.8ns 
12992      INFO  main            d.u.i.k.p.i.AbstractProblemLoader Creating init config 
15494      DEBUG main            d.u.i.k.p.i.AbstractProblemLoader Init config took 2.5s 
15518      INFO  main            d.u.i.k.p.i.AbstractProblemLoader Replaying proof incorrectPolarity2.proof 
15521      DEBUG main            d.u.i.k.p.i.IntermediateProofReplayer Proof replay took 328.5ns 
15521      INFO  main            d.u.i.k.p.r.p.TestFile    ... success: loading failed 
15522      INFO  main            d.u.i.k.p.r.p.TestFile    Now processing file /home/runner/work/key/key/key.core/../key.ui/examples/../../key.core/src/test/resources/testcase/issues/1716/incorrectPolarity3.proof 
15522      INFO  main            d.u.i.k.p.i.AbstractProblemLoader Loading environment from /home/runner/work/key/key/key.core/../key.ui/examples/../../key.core/src/test/resources/testcase/issues/1716/incorrectPolarity3.proof 
15522      DEBUG main            d.u.i.k.p.i.AbstractProblemLoader Environment load took 102.1ns 
15524      INFO  main            d.u.i.k.p.i.AbstractProblemLoader Creating init config 
18011      DEBUG main            d.u.i.k.p.i.AbstractProblemLoader Init config took 2.49s 
18032      INFO  main            d.u.i.k.p.i.AbstractProblemLoader Replaying proof incorrectPolarity3.proof 
18035      DEBUG main            d.u.i.k.p.i.IntermediateProofReplayer Proof replay took 969.3ns 
18035      INFO  main            d.u.i.k.p.r.p.TestFile    ... success: loading failed 
4922218    INFO  Test worker     d.u.i.k.p.r.p.StatisticsFile Returning from test proofLoadRepair 
4922219    INFO  Test worker     d.u.i.k.p.r.p.StatisticsFile Running test switch 
353        INFO  Timeout watchdog d.u.i.k.p.r.p.ForkedTestFileRunner Timeout watcher launched (2000 secs.) 
362        WARN  main            d.u.i.k.s.ProofSettings   The settings in /home/runner/.key/proof-settings.props are *not* read. 
388        INFO  main            d.u.i.k.p.r.p.TestFile    Now processing file /home/runner/work/key/key/key.core/../key.ui/examples/standard_key/java_dl/switch/labeled_case.key 
499        INFO  main            d.u.i.k.p.i.AbstractProblemLoader Loading environment from /home/runner/work/key/key/key.core/../key.ui/examples/standard_key/java_dl/switch/labeled_case.key 
516        DEBUG main            d.u.i.k.p.i.AbstractProblemLoader Environment load took 2.24ms 
732        INFO  main            d.u.i.k.p.i.AbstractProblemLoader Creating init config 
1633       DEBUG main            d.u.i.k.j.TypeConverter   No LDT found for Meta 
1634       DEBUG main            d.u.i.k.j.TypeConverter   No LDT found for Meta 
1635       DEBUG main            d.u.i.k.j.TypeConverter   No LDT found for Meta 
1635       DEBUG main            d.u.i.k.j.TypeConverter   No LDT found for Meta 
3117       DEBUG main            d.u.i.k.j.TypeConverter   No LDT found for JavaBigintExpression 
8017       DEBUG main            d.u.i.k.p.i.AbstractProblemLoader Init config took 7.28s 
8139       INFO  main            d.u.i.k.p.i.AbstractProblemLoader Replaying proof LabeledCase[LabeledCase::m(int)].JML normal_behavior operation contract.0 
8169       DEBUG main            d.u.i.k.p.i.IntermediateProofReplayer Proof replay took 32ns 
8799       INFO  main            d.u.i.k.p.r.p.TestFile    ... finished proof: closed. 
8908       INFO  main            d.u.i.k.p.i.AbstractProblemLoader Loading environment from /home/runner/work/key/key/key.core/../key.ui/examples/standard_key/java_dl/switch/labeled_case.key.proof 
8910       DEBUG main            d.u.i.k.p.i.AbstractProblemLoader Environment load took 2.33ms 
8912       INFO  main            d.u.i.k.p.i.AbstractProblemLoader Creating init config 
11666      DEBUG main            d.u.i.k.p.i.AbstractProblemLoader Init config took 2.75s 
11742      INFO  main            d.u.i.k.p.i.AbstractProblemLoader Replaying proof LabeledCase[LabeledCase::m(int)].JML normal_behavior operation contract.0 
11790      DEBUG main            d.u.i.k.p.i.IntermediateProofReplayer Proof replay took 43.64ms 
11797      DEBUG main            d.u.i.k.p.r.p.TestFile    ... success: reloaded. 
11798      INFO  main            d.u.i.k.p.r.p.TestFile    Now processing file /home/runner/work/key/key/key.core/../key.ui/examples/standard_key/java_dl/switch/empty_switch.key 
11798      INFO  main            d.u.i.k.p.i.AbstractProblemLoader Loading environment from /home/runner/work/key/key/key.core/../key.ui/examples/standard_key/java_dl/switch/empty_switch.key 
11799      DEBUG main            d.u.i.k.p.i.AbstractProblemLoader Environment load took 178.7ns 
11800      INFO  main            d.u.i.k.p.i.AbstractProblemLoader Creating init config 
14251      DEBUG main            d.u.i.k.p.i.AbstractProblemLoader Init config took 2.45s 
14287      INFO  main            d.u.i.k.p.i.AbstractProblemLoader Replaying proof empty_switch.key 
14292      DEBUG main            d.u.i.k.p.i.IntermediateProofReplayer Proof replay took 6.3ns 
14396      INFO  main            d.u.i.k.p.r.p.TestFile    ... finished proof: closed. 
14548      INFO  main            d.u.i.k.p.i.AbstractProblemLoader Loading environment from /home/runner/work/key/key/key.core/../key.ui/examples/standard_key/java_dl/switch/empty_switch.key.proof 
14548      DEBUG main            d.u.i.k.p.i.AbstractProblemLoader Environment load took 125.6ns 
14549      INFO  main            d.u.i.k.p.i.AbstractProblemLoader Creating init config 
16965      DEBUG main            d.u.i.k.p.i.AbstractProblemLoader Init config took 2.42s 
16987      INFO  main            d.u.i.k.p.i.AbstractProblemLoader Replaying proof empty_switch.key.proof 
16991      DEBUG main            d.u.i.k.p.i.IntermediateProofReplayer Proof replay took 1.83ms 
16992      DEBUG main            d.u.i.k.p.r.p.TestFile    ... success: reloaded. 
16993      INFO  main            d.u.i.k.p.r.p.TestFile    Now processing file /home/runner/work/key/key/key.core/../key.ui/examples/standard_key/java_dl/switch/empty_switch_null.key 
16993      INFO  main            d.u.i.k.p.i.AbstractProblemLoader Loading environment from /home/runner/work/key/key/key.core/../key.ui/examples/standard_key/java_dl/switch/empty_switch_null.key 
16994      DEBUG main            d.u.i.k.p.i.AbstractProblemLoader Environment load took 181.8ns 
16995      INFO  main            d.u.i.k.p.i.AbstractProblemLoader Creating init config 
19422      DEBUG main            d.u.i.k.p.i.AbstractProblemLoader Init config took 2.43s 
19444      INFO  main            d.u.i.k.p.i.AbstractProblemLoader Replaying proof empty_switch_null.key 
19446      DEBUG main            d.u.i.k.p.i.IntermediateProofReplayer Proof replay took 5.8ns 
19649      INFO  main            d.u.i.k.p.r.p.TestFile    ... finished proof: closed. 
19794      INFO  main            d.u.i.k.p.i.AbstractProblemLoader Loading environment from /home/runner/work/key/key/key.core/../key.ui/examples/standard_key/java_dl/switch/empty_switch_null.key.proof 
19795      DEBUG main            d.u.i.k.p.i.AbstractProblemLoader Environment load took 111.1ns 
19796      INFO  main            d.u.i.k.p.i.AbstractProblemLoader Creating init config 
22137      DEBUG main            d.u.i.k.p.i.AbstractProblemLoader Init config took 2.34s 
22157      INFO  main            d.u.i.k.p.i.AbstractProblemLoader Replaying proof empty_switch_null.key.proof 
22186      DEBUG main            d.u.i.k.p.i.IntermediateProofReplayer Proof replay took 26.13ms 
22187      DEBUG main            d.u.i.k.p.r.p.TestFile    ... success: reloaded. 
22188      INFO  main            d.u.i.k.p.r.p.TestFile    Now processing file /home/runner/work/key/key/key.core/../key.ui/examples/standard_key/java_dl/switch/empty_switch_null_catch.key 
22188      INFO  main            d.u.i.k.p.i.AbstractProblemLoader Loading environment from /home/runner/work/key/key/key.core/../key.ui/examples/standard_key/java_dl/switch/empty_switch_null_catch.key 
22189      DEBUG main            d.u.i.k.p.i.AbstractProblemLoader Environment load took 164.5ns 
22190      INFO  main            d.u.i.k.p.i.AbstractProblemLoader Creating init config 
24552      DEBUG main            d.u.i.k.p.i.AbstractProblemLoader Init config took 2.36s 
24573      INFO  main            d.u.i.k.p.i.AbstractProblemLoader Replaying proof empty_switch_null_catch.key 
24575      DEBUG main            d.u.i.k.p.i.IntermediateProofReplayer Proof replay took 6.4ns 
24778      INFO  main            d.u.i.k.p.r.p.TestFile    ... finished proof: closed. 
24916      INFO  main            d.u.i.k.p.i.AbstractProblemLoader Loading environment from /home/runner/work/key/key/key.core/../key.ui/examples/standard_key/java_dl/switch/empty_switch_null_catch.key.proof 
24916      DEBUG main            d.u.i.k.p.i.AbstractProblemLoader Environment load took 161.9ns 
24917      INFO  main            d.u.i.k.p.i.AbstractProblemLoader Creating init config 
27250      DEBUG main            d.u.i.k.p.i.AbstractProblemLoader Init config took 2.33s 
27272      INFO  main            d.u.i.k.p.i.AbstractProblemLoader Replaying proof empty_switch_null_catch.key.proof 
27330      DEBUG main            d.u.i.k.p.i.IntermediateProofReplayer Proof replay took 55.35ms 
27331      DEBUG main            d.u.i.k.p.r.p.TestFile    ... success: reloaded. 
27332      INFO  main            d.u.i.k.p.r.p.TestFile    Now processing file /home/runner/work/key/key/key.core/../key.ui/examples/standard_key/java_dl/switch/empty_switch_array_out_of_bounds.key 
27332      INFO  main            d.u.i.k.p.i.AbstractProblemLoader Loading environment from /home/runner/work/key/key/key.core/../key.ui/examples/standard_key/java_dl/switch/empty_switch_array_out_of_bounds.key 
27332      DEBUG main            d.u.i.k.p.i.AbstractProblemLoader Environment load took 157.7ns 
27333      INFO  main            d.u.i.k.p.i.AbstractProblemLoader Creating init config 
29683      DEBUG main            d.u.i.k.p.i.AbstractProblemLoader Init config took 2.35s 
29703      INFO  main            d.u.i.k.p.i.AbstractProblemLoader Replaying proof empty_switch_array_out_of_bounds.key 
29706      DEBUG main            d.u.i.k.p.i.IntermediateProofReplayer Proof replay took 5.7ns 
29913      INFO  main            d.u.i.k.p.r.p.TestFile    ... finished proof: closed. 
30061      INFO  main            d.u.i.k.p.i.AbstractProblemLoader Loading environment from /home/runner/work/key/key/key.core/../key.ui/examples/standard_key/java_dl/switch/empty_switch_array_out_of_bounds.key.proof 
30064      DEBUG main            d.u.i.k.p.i.AbstractProblemLoader Environment load took 3.3ms 
30065      INFO  main            d.u.i.k.p.i.AbstractProblemLoader Creating init config 
32414      DEBUG main            d.u.i.k.p.i.AbstractProblemLoader Init config took 2.35s 
32434      INFO  main            d.u.i.k.p.i.AbstractProblemLoader Replaying proof empty_switch_array_out_of_bounds.key.proof 
32483      DEBUG main            d.u.i.k.p.i.IntermediateProofReplayer Proof replay took 45.45ms 
32485      DEBUG main            d.u.i.k.p.r.p.TestFile    ... success: reloaded. 
32486      INFO  main            d.u.i.k.p.r.p.TestFile    Now processing file /home/runner/work/key/key/key.core/../key.ui/examples/standard_key/java_dl/switch/empty_switch_array_out_of_bounds_catch.key 
32486      INFO  main            d.u.i.k.p.i.AbstractProblemLoader Loading environment from /home/runner/work/key/key/key.core/../key.ui/examples/standard_key/java_dl/switch/empty_switch_array_out_of_bounds_catch.key 
32486      DEBUG main            d.u.i.k.p.i.AbstractProblemLoader Environment load took 176.1ns 
32487      INFO  main            d.u.i.k.p.i.AbstractProblemLoader Creating init config 
34837      DEBUG main            d.u.i.k.p.i.AbstractProblemLoader Init config took 2.35s 
34859      INFO  main            d.u.i.k.p.i.AbstractProblemLoader Replaying proof empty_switch_array_out_of_bounds_catch.key 
34862      DEBUG main            d.u.i.k.p.i.IntermediateProofReplayer Proof replay took 5.3ns 
35065      INFO  main            d.u.i.k.p.r.p.TestFile    ... finished proof: closed. 
35213      INFO  main            d.u.i.k.p.i.AbstractProblemLoader Loading environment from /home/runner/work/key/key/key.core/../key.ui/examples/standard_key/java_dl/switch/empty_switch_array_out_of_bounds_catch.key.proof 
35213      DEBUG main            d.u.i.k.p.i.AbstractProblemLoader Environment load took 110.6ns 
35214      INFO  main            d.u.i.k.p.i.AbstractProblemLoader Creating init config 
37483      DEBUG main            d.u.i.k.p.i.AbstractProblemLoader Init config took 2.27s 
37503      INFO  main            d.u.i.k.p.i.AbstractProblemLoader Replaying proof empty_switch_array_out_of_bounds_catch.key.proof 
37551      DEBUG main            d.u.i.k.p.i.IntermediateProofReplayer Proof replay took 43.14ms 
37555      DEBUG main            d.u.i.k.p.r.p.TestFile    ... success: reloaded. 
37556      INFO  main            d.u.i.k.p.r.p.TestFile    Now processing file /home/runner/work/key/key/key.core/../key.ui/examples/standard_key/java_dl/switch/switch_in_switch.key 
37556      INFO  main            d.u.i.k.p.i.AbstractProblemLoader Loading environment from /home/runner/work/key/key/key.core/../key.ui/examples/standard_key/java_dl/switch/switch_in_switch.key 
37556      DEBUG main            d.u.i.k.p.i.AbstractProblemLoader Environment load took 160.9ns 
37560      INFO  main            d.u.i.k.p.i.AbstractProblemLoader Creating init config 
39960      DEBUG main            d.u.i.k.p.i.AbstractProblemLoader Init config took 2.4s 
40005      INFO  main            d.u.i.k.p.i.AbstractProblemLoader Replaying proof SwitchInSwitch[SwitchInSwitch::m(int)].JML normal_behavior operation contract.0 
40006      DEBUG main            d.u.i.k.p.i.IntermediateProofReplayer Proof replay took 6.2ns 
43906      INFO  main            d.u.i.k.p.r.p.TestFile    ... finished proof: closed. 
44138      INFO  main            d.u.i.k.p.i.AbstractProblemLoader Loading environment from /home/runner/work/key/key/key.core/../key.ui/examples/standard_key/java_dl/switch/switch_in_switch.key.proof 
44138      DEBUG main            d.u.i.k.p.i.AbstractProblemLoader Environment load took 339.3ns 
44140      INFO  main            d.u.i.k.p.i.AbstractProblemLoader Creating init config 
46474      DEBUG main            d.u.i.k.p.i.AbstractProblemLoader Init config took 2.33s 
46516      INFO  main            d.u.i.k.p.i.AbstractProblemLoader Replaying proof SwitchInSwitch[SwitchInSwitch::m(int)].JML normal_behavior operation contract.0 
46864      DEBUG main            d.u.i.k.p.i.IntermediateProofReplayer Proof replay took 319.29ms 
46866      DEBUG main            d.u.i.k.p.r.p.TestFile    ... success: reloaded. 
46867      INFO  main            d.u.i.k.p.r.p.TestFile    Now processing file /home/runner/work/key/key/key.core/../key.ui/examples/standard_key/java_dl/switch/while_and_switch.key 
46867      INFO  main            d.u.i.k.p.i.AbstractProblemLoader Loading environment from /home/runner/work/key/key/key.core/../key.ui/examples/standard_key/java_dl/switch/while_and_switch.key 
46867      DEBUG main            d.u.i.k.p.i.AbstractProblemLoader Environment load took 266.1ns 
46869      INFO  main            d.u.i.k.p.i.AbstractProblemLoader Creating init config 
49258      DEBUG main            d.u.i.k.p.i.AbstractProblemLoader Init config took 2.39s 
49299      INFO  main            d.u.i.k.p.i.AbstractProblemLoader Replaying proof WhileAndSwitch[WhileAndSwitch::m(int)].JML normal_behavior operation contract.0 
49301      DEBUG main            d.u.i.k.p.i.IntermediateProofReplayer Proof replay took 14.1ns 
50007      INFO  main            d.u.i.k.p.r.p.TestFile    ... finished proof: closed. 
50178      INFO  main            d.u.i.k.p.i.AbstractProblemLoader Loading environment from /home/runner/work/key/key/key.core/../key.ui/examples/standard_key/java_dl/switch/while_and_switch.key.proof 
50178      DEBUG main            d.u.i.k.p.i.AbstractProblemLoader Environment load took 337.5ns 
50179      INFO  main            d.u.i.k.p.i.AbstractProblemLoader Creating init config 
52514      DEBUG main            d.u.i.k.p.i.AbstractProblemLoader Init config took 2.33s 
52560      INFO  main            d.u.i.k.p.i.AbstractProblemLoader Replaying proof WhileAndSwitch[WhileAndSwitch::m(int)].JML normal_behavior operation contract.0 
52656      DEBUG main            d.u.i.k.p.i.IntermediateProofReplayer Proof replay took 88.86ms 
52657      DEBUG main            d.u.i.k.p.r.p.TestFile    ... success: reloaded. 
52658      INFO  main            d.u.i.k.p.r.p.TestFile    Now processing file /home/runner/work/key/key/key.core/../key.ui/examples/standard_key/java_dl/switch/large_switch.key 
52659      INFO  main            d.u.i.k.p.i.AbstractProblemLoader Loading environment from /home/runner/work/key/key/key.core/../key.ui/examples/standard_key/java_dl/switch/large_switch.key 
52659      DEBUG main            d.u.i.k.p.i.AbstractProblemLoader Environment load took 176.3ns 
52660      INFO  main            d.u.i.k.p.i.AbstractProblemLoader Creating init config 
55071      DEBUG main            d.u.i.k.p.i.AbstractProblemLoader Init config took 2.41s 
55109      INFO  main            d.u.i.k.p.i.AbstractProblemLoader Replaying proof LargeSwitch[LargeSwitch::m(int)].JML normal_behavior operation contract.0 
55110      DEBUG main            d.u.i.k.p.i.IntermediateProofReplayer Proof replay took 5.4ns 
56342      INFO  main            d.u.i.k.p.r.p.TestFile    ... finished proof: closed. 
56515      INFO  main            d.u.i.k.p.i.AbstractProblemLoader Loading environment from /home/runner/work/key/key/key.core/../key.ui/examples/standard_key/java_dl/switch/large_switch.key.proof 
56515      DEBUG main            d.u.i.k.p.i.AbstractProblemLoader Environment load took 346.5ns 
56517      INFO  main            d.u.i.k.p.i.AbstractProblemLoader Creating init config 
58867      DEBUG main            d.u.i.k.p.i.AbstractProblemLoader Init config took 2.35s 
58904      INFO  main            d.u.i.k.p.i.AbstractProblemLoader Replaying proof LargeSwitch[LargeSwitch::m(int)].JML normal_behavior operation contract.0 
59195      DEBUG main            d.u.i.k.p.i.IntermediateProofReplayer Proof replay took 272.33ms 
59197      DEBUG main            d.u.i.k.p.r.p.TestFile    ... success: reloaded. 
4981586    INFO  Test worker     d.u.i.k.p.r.p.StatisticsFile Returning from test switch 
4981587    INFO  Test worker     d.u.i.k.p.r.p.StatisticsFile Running test redux 
393        INFO  Timeout watchdog d.u.i.k.p.r.p.ForkedTestFileRunner Timeout watcher launched (2000 secs.) 
410        WARN  main            d.u.i.k.s.ProofSettings   The settings in /home/runner/.key/proof-settings.props are *not* read. 
444        INFO  main            d.u.i.k.p.r.p.TestFile    Now processing file /home/runner/work/key/key/key.core/../key.ui/examples/redux/arrays/Arrays.copyOf.key 
543        INFO  main            d.u.i.k.p.i.AbstractProblemLoader Loading environment from /home/runner/work/key/key/key.core/../key.ui/examples/redux/arrays/Arrays.copyOf.key 
574        DEBUG main            d.u.i.k.p.i.AbstractProblemLoader Environment load took 3.4ms 
779        INFO  main            d.u.i.k.p.i.AbstractProblemLoader Creating init config 
1752       DEBUG main            d.u.i.k.j.TypeConverter   No LDT found for Meta 
1753       DEBUG main            d.u.i.k.j.TypeConverter   No LDT found for Meta 
1756       DEBUG main            d.u.i.k.j.TypeConverter   No LDT found for Meta 
1757       DEBUG main            d.u.i.k.j.TypeConverter   No LDT found for Meta 
3055       DEBUG main            d.u.i.k.j.TypeConverter   No LDT found for JavaBigintExpression 
8301       DEBUG main            d.u.i.k.p.i.AbstractProblemLoader Init config took 7.52s 
8428       INFO  main            d.u.i.k.p.i.AbstractProblemLoader Replaying proof Arrays[Arrays::copyOf([I,int)].JML normal_behavior operation contract.0 
8458       DEBUG main            d.u.i.k.p.i.IntermediateProofReplayer Proof replay took 33.2ns 
12967      INFO  main            d.u.i.k.p.r.p.TestFile    ... finished proof: closed. 
13148      INFO  main            d.u.i.k.p.i.AbstractProblemLoader Loading environment from /home/runner/work/key/key/key.core/../key.ui/examples/redux/arrays/Arrays.copyOf.key.proof 
13148      DEBUG main            d.u.i.k.p.i.AbstractProblemLoader Environment load took 177.2ns 
13150      INFO  main            d.u.i.k.p.i.AbstractProblemLoader Creating init config 
16237      DEBUG main            d.u.i.k.p.i.AbstractProblemLoader Init config took 3.09s 
16302      INFO  main            d.u.i.k.p.i.AbstractProblemLoader Replaying proof Arrays[Arrays::copyOf([I,int)].JML normal_behavior operation contract.0 
16740      DEBUG main            d.u.i.k.p.i.IntermediateProofReplayer Proof replay took 418.04ms 
16748      DEBUG main            d.u.i.k.p.r.p.TestFile    ... success: reloaded. 
16750      INFO  main            d.u.i.k.p.r.p.TestFile    Now processing file /home/runner/work/key/key/key.core/../key.ui/examples/redux/arrays/Arrays.copyOf.float.key 
16750      INFO  main            d.u.i.k.p.i.AbstractProblemLoader Loading environment from /home/runner/work/key/key/key.core/../key.ui/examples/redux/arrays/Arrays.copyOf.float.key 
16750      DEBUG main            d.u.i.k.p.i.AbstractProblemLoader Environment load took 192.9ns 
16752      INFO  main            d.u.i.k.p.i.AbstractProblemLoader Creating init config 
19804      DEBUG main            d.u.i.k.p.i.AbstractProblemLoader Init config took 3.05s 
19860      INFO  main            d.u.i.k.p.i.AbstractProblemLoader Replaying proof Arrays[Arrays::copyOf([F,int)].JML normal_behavior operation contract.0 
19862      DEBUG main            d.u.i.k.p.i.IntermediateProofReplayer Proof replay took 6.6ns 
19890      DEBUG main            d.u.i.k.m.s.ProofScriptEngine [1] goal: 0, source line: 6, command: 'macro autopilot' 
24426      DEBUG main            d.u.i.k.m.s.ProofScriptEngine [2] goal: 17, source line: 7, command: 'smt solver=Z3' 
24488      INFO  main            d.u.i.k.m.s.SMTCommand    Finished run on goal 17 in 41ms, result is valid 
24488      DEBUG main            d.u.i.k.m.s.ProofScriptEngine [3] goal: 309, source line: 8, command: 'tryclose' 
26182      INFO  main            d.u.i.k.p.r.p.TestFile    ... finished proof: closed. 
26348      INFO  main            d.u.i.k.p.i.AbstractProblemLoader Loading environment from /home/runner/work/key/key/key.core/../key.ui/examples/redux/arrays/Arrays.copyOf.float.key.proof 
26348      DEBUG main            d.u.i.k.p.i.AbstractProblemLoader Environment load took 198.6ns 
26351      INFO  main            d.u.i.k.p.i.AbstractProblemLoader Creating init config 
29308      DEBUG main            d.u.i.k.p.i.AbstractProblemLoader Init config took 2.96s 
29360      INFO  main            d.u.i.k.p.i.AbstractProblemLoader Replaying proof Arrays[Arrays::copyOf([F,int)].JML normal_behavior operation contract.0 
29426      INFO  main            d.u.i.k.s.SMTFocusResults Analyzing unsat core: (L_6) 
29921      DEBUG main            d.u.i.k.p.i.IntermediateProofReplayer Proof replay took 541.52ms 
29923      DEBUG main            d.u.i.k.p.r.p.TestFile    ... success: reloaded. 
29924      INFO  main            d.u.i.k.p.r.p.TestFile    Now processing file /home/runner/work/key/key/key.core/../key.ui/examples/redux/arrays/Arrays.copyOfRange.key 
29924      INFO  main            d.u.i.k.p.i.AbstractProblemLoader Loading environment from /home/runner/work/key/key/key.core/../key.ui/examples/redux/arrays/Arrays.copyOfRange.key 
29924      DEBUG main            d.u.i.k.p.i.AbstractProblemLoader Environment load took 198.7ns 
29925      INFO  main            d.u.i.k.p.i.AbstractProblemLoader Creating init config 
32961      DEBUG main            d.u.i.k.p.i.AbstractProblemLoader Init config took 3.04s 
33005      INFO  main            d.u.i.k.p.i.AbstractProblemLoader Replaying proof Arrays[Arrays::copyOfRange([I,int,int)].JML normal_behavior operation contract.0 
33007      DEBUG main            d.u.i.k.p.i.IntermediateProofReplayer Proof replay took 11.9ns 
37351      INFO  main            d.u.i.k.p.r.p.TestFile    ... finished proof: closed. 
37587      INFO  main            d.u.i.k.p.i.AbstractProblemLoader Loading environment from /home/runner/work/key/key/key.core/../key.ui/examples/redux/arrays/Arrays.copyOfRange.key.proof 
37587      DEBUG main            d.u.i.k.p.i.AbstractProblemLoader Environment load took 331.2ns 
37589      INFO  main            d.u.i.k.p.i.AbstractProblemLoader Creating init config 
40442      DEBUG main            d.u.i.k.p.i.AbstractProblemLoader Init config took 2.85s 
40489      INFO  main            d.u.i.k.p.i.AbstractProblemLoader Replaying proof Arrays[Arrays::copyOfRange([I,int,int)].JML normal_behavior operation contract.0 
40831      DEBUG main            d.u.i.k.p.i.IntermediateProofReplayer Proof replay took 321.42ms 
40832      DEBUG main            d.u.i.k.p.r.p.TestFile    ... success: reloaded. 
40833      INFO  main            d.u.i.k.p.r.p.TestFile    Now processing file /home/runner/work/key/key/key.core/../key.ui/examples/redux/arrays/Arrays.copyOfRange.float.key 
40834      INFO  main            d.u.i.k.p.i.AbstractProblemLoader Loading environment from /home/runner/work/key/key/key.core/../key.ui/examples/redux/arrays/Arrays.copyOfRange.float.key 
40834      DEBUG main            d.u.i.k.p.i.AbstractProblemLoader Environment load took 171.1ns 
40835      INFO  main            d.u.i.k.p.i.AbstractProblemLoader Creating init config 
43735      DEBUG main            d.u.i.k.p.i.AbstractProblemLoader Init config took 2.9s 
43777      INFO  main            d.u.i.k.p.i.AbstractProblemLoader Replaying proof Arrays[Arrays::copyOfRange([F,int,int)].JML normal_behavior operation contract.0 
43778      DEBUG main            d.u.i.k.p.i.IntermediateProofReplayer Proof replay took 5.6ns 
43779      DEBUG main            d.u.i.k.m.s.ProofScriptEngine [1] goal: 0, source line: 6, command: 'macro autopilot' 
49486      DEBUG main            d.u.i.k.m.s.ProofScriptEngine [2] goal: 27, source line: 7, command: 'smt solver=Z3' 
49526      INFO  main            d.u.i.k.m.s.SMTCommand    Finished run on goal 27 in 30ms, result is valid 
49527      DEBUG main            d.u.i.k.m.s.ProofScriptEngine [3] goal: 375, source line: 8, command: 'tryclose' 
52761      INFO  main            d.u.i.k.p.r.p.TestFile    ... finished proof: closed. 
52965      INFO  main            d.u.i.k.p.i.AbstractProblemLoader Loading environment from /home/runner/work/key/key/key.core/../key.ui/examples/redux/arrays/Arrays.copyOfRange.float.key.proof 
52966      DEBUG main            d.u.i.k.p.i.AbstractProblemLoader Environment load took 345.2ns 
52968      INFO  main            d.u.i.k.p.i.AbstractProblemLoader Creating init config 
55829      DEBUG main            d.u.i.k.p.i.AbstractProblemLoader Init config took 2.86s 
55876      INFO  main            d.u.i.k.p.i.AbstractProblemLoader Replaying proof Arrays[Arrays::copyOfRange([F,int,int)].JML normal_behavior operation contract.0 
55954      INFO  main            d.u.i.k.s.SMTFocusResults Analyzing unsat core: (L_8) 
56565      DEBUG main            d.u.i.k.p.i.IntermediateProofReplayer Proof replay took 660.66ms 
56567      DEBUG main            d.u.i.k.p.r.p.TestFile    ... success: reloaded. 
56568      INFO  main            d.u.i.k.p.r.p.TestFile    Now processing file /home/runner/work/key/key/key.core/../key.ui/examples/redux/arrays/Arrays.equals.key 
56568      INFO  main            d.u.i.k.p.i.AbstractProblemLoader Loading environment from /home/runner/work/key/key/key.core/../key.ui/examples/redux/arrays/Arrays.equals.key 
56569      DEBUG main            d.u.i.k.p.i.AbstractProblemLoader Environment load took 178.9ns 
56570      INFO  main            d.u.i.k.p.i.AbstractProblemLoader Creating init config 
59493      DEBUG main            d.u.i.k.p.i.AbstractProblemLoader Init config took 2.92s 
59555      INFO  main            d.u.i.k.p.i.AbstractProblemLoader Replaying proof Arrays[Arrays::equals([B,[B)].JML normal_behavior operation contract.0 
59556      DEBUG main            d.u.i.k.p.i.IntermediateProofReplayer Proof replay took 5.7ns 
60059      INFO  main            d.u.i.k.p.r.p.TestFile    ... finished proof: closed. 
60298      INFO  main            d.u.i.k.p.i.AbstractProblemLoader Loading environment from /home/runner/work/key/key/key.core/../key.ui/examples/redux/arrays/Arrays.equals.key.proof 
60298      DEBUG main            d.u.i.k.p.i.AbstractProblemLoader Environment load took 332.8ns 
60299      INFO  main            d.u.i.k.p.i.AbstractProblemLoader Creating init config 
63155      DEBUG main            d.u.i.k.p.i.AbstractProblemLoader Init config took 2.86s 
63195      INFO  main            d.u.i.k.p.i.AbstractProblemLoader Replaying proof Arrays[Arrays::equals([B,[B)].JML normal_behavior operation contract.0 
63299      DEBUG main            d.u.i.k.p.i.IntermediateProofReplayer Proof replay took 101.11ms 
63300      DEBUG main            d.u.i.k.p.r.p.TestFile    ... success: reloaded. 
63301      INFO  main            d.u.i.k.p.r.p.TestFile    Now processing file /home/runner/work/key/key/key.core/../key.ui/examples/redux/arrays/Arrays.fill.key 
63301      INFO  main            d.u.i.k.p.i.AbstractProblemLoader Loading environment from /home/runner/work/key/key/key.core/../key.ui/examples/redux/arrays/Arrays.fill.key 
63301      DEBUG main            d.u.i.k.p.i.AbstractProblemLoader Environment load took 90.4ns 
63302      INFO  main            d.u.i.k.p.i.AbstractProblemLoader Creating init config 
66135      DEBUG main            d.u.i.k.p.i.AbstractProblemLoader Init config took 2.83s 
66174      INFO  main            d.u.i.k.p.i.AbstractProblemLoader Replaying proof Arrays[Arrays::fill([I,int)].JML normal_behavior operation contract.0 
66175      DEBUG main            d.u.i.k.p.i.IntermediateProofReplayer Proof replay took 5.6ns 
66278      INFO  main            d.u.i.k.p.r.p.TestFile    ... finished proof: closed. 
66449      INFO  main            d.u.i.k.p.i.AbstractProblemLoader Loading environment from /home/runner/work/key/key/key.core/../key.ui/examples/redux/arrays/Arrays.fill.key.proof 
66449      DEBUG main            d.u.i.k.p.i.AbstractProblemLoader Environment load took 115.8ns 
66450      INFO  main            d.u.i.k.p.i.AbstractProblemLoader Creating init config 
69308      DEBUG main            d.u.i.k.p.i.AbstractProblemLoader Init config took 2.86s 
69346      INFO  main            d.u.i.k.p.i.AbstractProblemLoader Replaying proof Arrays[Arrays::fill([I,int)].JML normal_behavior operation contract.0 
69370      DEBUG main            d.u.i.k.p.i.IntermediateProofReplayer Proof replay took 21.96ms 
69370      DEBUG main            d.u.i.k.p.r.p.TestFile    ... success: reloaded. 
69371      INFO  main            d.u.i.k.p.r.p.TestFile    Now processing file /home/runner/work/key/key/key.core/../key.ui/examples/redux/arrays/Arrays.fill.float.key 
69372      INFO  main            d.u.i.k.p.i.AbstractProblemLoader Loading environment from /home/runner/work/key/key/key.core/../key.ui/examples/redux/arrays/Arrays.fill.float.key 
69372      DEBUG main            d.u.i.k.p.i.AbstractProblemLoader Environment load took 164.6ns 
69373      INFO  main            d.u.i.k.p.i.AbstractProblemLoader Creating init config 
72196      DEBUG main            d.u.i.k.p.i.AbstractProblemLoader Init config took 2.82s 
72233      INFO  main            d.u.i.k.p.i.AbstractProblemLoader Replaying proof Arrays[Arrays::fill([F,float)].JML normal_behavior operation contract.0 
72234      DEBUG main            d.u.i.k.p.i.IntermediateProofReplayer Proof replay took 6ns 
72436      INFO  main            d.u.i.k.p.r.p.TestFile    ... finished proof: closed. 
72603      INFO  main            d.u.i.k.p.i.AbstractProblemLoader Loading environment from /home/runner/work/key/key/key.core/../key.ui/examples/redux/arrays/Arrays.fill.float.key.proof 
72603      DEBUG main            d.u.i.k.p.i.AbstractProblemLoader Environment load took 116.5ns 
72604      INFO  main            d.u.i.k.p.i.AbstractProblemLoader Creating init config 
75421      DEBUG main            d.u.i.k.p.i.AbstractProblemLoader Init config took 2.82s 
75457      INFO  main            d.u.i.k.p.i.AbstractProblemLoader Replaying proof Arrays[Arrays::fill([F,float)].JML normal_behavior operation contract.0 
75493      DEBUG main            d.u.i.k.p.i.IntermediateProofReplayer Proof replay took 32.14ms 
75494      DEBUG main            d.u.i.k.p.r.p.TestFile    ... success: reloaded. 
75495      INFO  main            d.u.i.k.p.r.p.TestFile    Now processing file /home/runner/work/key/key/key.core/../key.ui/examples/redux/arrays/Arrays.fillFromTo.key 
75495      INFO  main            d.u.i.k.p.i.AbstractProblemLoader Loading environment from /home/runner/work/key/key/key.core/../key.ui/examples/redux/arrays/Arrays.fillFromTo.key 
75495      DEBUG main            d.u.i.k.p.i.AbstractProblemLoader Environment load took 83.8ns 
75496      INFO  main            d.u.i.k.p.i.AbstractProblemLoader Creating init config 
78296      DEBUG main            d.u.i.k.p.i.AbstractProblemLoader Init config took 2.8s 
78332      INFO  main            d.u.i.k.p.i.AbstractProblemLoader Replaying proof Arrays[Arrays::fill([I,int,int,int)].JML normal_behavior operation contract.0 
78333      DEBUG main            d.u.i.k.p.i.IntermediateProofReplayer Proof replay took 6.4ns 
78839      INFO  main            d.u.i.k.p.r.p.TestFile    ... finished proof: closed. 
79018      INFO  main            d.u.i.k.p.i.AbstractProblemLoader Loading environment from /home/runner/work/key/key/key.core/../key.ui/examples/redux/arrays/Arrays.fillFromTo.key.proof 
79019      DEBUG main            d.u.i.k.p.i.AbstractProblemLoader Environment load took 137.9ns 
79019      INFO  main            d.u.i.k.p.i.AbstractProblemLoader Creating init config 
81847      DEBUG main            d.u.i.k.p.i.AbstractProblemLoader Init config took 2.83s 
81883      INFO  main            d.u.i.k.p.i.AbstractProblemLoader Replaying proof Arrays[Arrays::fill([I,int,int,int)].JML normal_behavior operation contract.0 
81956      DEBUG main            d.u.i.k.p.i.IntermediateProofReplayer Proof replay took 69.62ms 
81957      DEBUG main            d.u.i.k.p.r.p.TestFile    ... success: reloaded. 
81958      INFO  main            d.u.i.k.p.r.p.TestFile    Now processing file /home/runner/work/key/key/key.core/../key.ui/examples/redux/arrays/Arrays.fillFromTo.float.key 
81959      INFO  main            d.u.i.k.p.i.AbstractProblemLoader Loading environment from /home/runner/work/key/key/key.core/../key.ui/examples/redux/arrays/Arrays.fillFromTo.float.key 
81959      DEBUG main            d.u.i.k.p.i.AbstractProblemLoader Environment load took 161.9ns 
81960      INFO  main            d.u.i.k.p.i.AbstractProblemLoader Creating init config 
84791      DEBUG main            d.u.i.k.p.i.AbstractProblemLoader Init config took 2.83s 
84827      INFO  main            d.u.i.k.p.i.AbstractProblemLoader Replaying proof Arrays[Arrays::fill([F,int,int,float)].JML normal_behavior operation contract.0 
84828      DEBUG main            d.u.i.k.p.i.IntermediateProofReplayer Proof replay took 5.5ns 
85432      INFO  main            d.u.i.k.p.r.p.TestFile    ... finished proof: closed. 
85683      INFO  main            d.u.i.k.p.i.AbstractProblemLoader Loading environment from /home/runner/work/key/key/key.core/../key.ui/examples/redux/arrays/Arrays.fillFromTo.float.key.proof 
85684      DEBUG main            d.u.i.k.p.i.AbstractProblemLoader Environment load took 412.4ns 
85685      INFO  main            d.u.i.k.p.i.AbstractProblemLoader Creating init config 
88468      DEBUG main            d.u.i.k.p.i.AbstractProblemLoader Init config took 2.78s 
88503      INFO  main            d.u.i.k.p.i.AbstractProblemLoader Replaying proof Arrays[Arrays::fill([F,int,int,float)].JML normal_behavior operation contract.0 
88597      DEBUG main            d.u.i.k.p.i.IntermediateProofReplayer Proof replay took 88.83ms 
88598      DEBUG main            d.u.i.k.p.r.p.TestFile    ... success: reloaded. 
88598      INFO  main            d.u.i.k.p.r.p.TestFile    Now processing file /home/runner/work/key/key/key.core/../key.ui/examples/redux/arrays/ArrayCopy.arraycopy.normal.0.key 
88598      INFO  main            d.u.i.k.p.i.AbstractProblemLoader Loading environment from /home/runner/work/key/key/key.core/../key.ui/examples/redux/arrays/ArrayCopy.arraycopy.normal.0.key 
88599      DEBUG main            d.u.i.k.p.i.AbstractProblemLoader Environment load took 82.2ns 
88599      INFO  main            d.u.i.k.p.i.AbstractProblemLoader Creating init config 
91387      DEBUG main            d.u.i.k.p.i.AbstractProblemLoader Init config took 2.79s 
91422      INFO  main            d.u.i.k.p.i.AbstractProblemLoader Replaying proof ArrayCopy[ArrayCopy::arraycopy(java.lang.Object,int,java.lang.Object,int,int)].JML normal_behavior operation contract.0 
91423      DEBUG main            d.u.i.k.p.i.IntermediateProofReplayer Proof replay took 5.5ns 
97275      INFO  main            d.u.i.k.p.r.p.TestFile    ... finished proof: closed. 
97487      INFO  main            d.u.i.k.p.i.AbstractProblemLoader Loading environment from /home/runner/work/key/key/key.core/../key.ui/examples/redux/arrays/ArrayCopy.arraycopy.normal.0.key.proof 
97487      DEBUG main            d.u.i.k.p.i.AbstractProblemLoader Environment load took 328.5ns 
97489      INFO  main            d.u.i.k.p.i.AbstractProblemLoader Creating init config 
100275     DEBUG main            d.u.i.k.p.i.AbstractProblemLoader Init config took 2.79s 
100309     INFO  main            d.u.i.k.p.i.AbstractProblemLoader Replaying proof ArrayCopy[ArrayCopy::arraycopy(java.lang.Object,int,java.lang.Object,int,int)].JML normal_behavior operation contract.0 
100912     DEBUG main            d.u.i.k.p.i.IntermediateProofReplayer Proof replay took 576.16ms 
100914     DEBUG main            d.u.i.k.p.r.p.TestFile    ... success: reloaded. 
100914     INFO  main            d.u.i.k.p.r.p.TestFile    Now processing file /home/runner/work/key/key/key.core/../key.ui/examples/redux/arrays/ArrayCopy.arraycopy.exceptional.0.key 
100915     INFO  main            d.u.i.k.p.i.AbstractProblemLoader Loading environment from /home/runner/work/key/key/key.core/../key.ui/examples/redux/arrays/ArrayCopy.arraycopy.exceptional.0.key 
100915     DEBUG main            d.u.i.k.p.i.AbstractProblemLoader Environment load took 86.1ns 
100916     INFO  main            d.u.i.k.p.i.AbstractProblemLoader Creating init config 
103705     DEBUG main            d.u.i.k.p.i.AbstractProblemLoader Init config took 2.79s 
103739     INFO  main            d.u.i.k.p.i.AbstractProblemLoader Replaying proof ArrayCopy[ArrayCopy::arraycopy(java.lang.Object,int,java.lang.Object,int,int)].JML exceptional_behavior operation contract.0 
103740     DEBUG main            d.u.i.k.p.i.IntermediateProofReplayer Proof replay took 5.1ns 
104143     INFO  main            d.u.i.k.p.r.p.TestFile    ... finished proof: closed. 
104322     INFO  main            d.u.i.k.p.i.AbstractProblemLoader Loading environment from /home/runner/work/key/key/key.core/../key.ui/examples/redux/arrays/ArrayCopy.arraycopy.exceptional.0.key.proof 
104322     DEBUG main            d.u.i.k.p.i.AbstractProblemLoader Environment load took 113.6ns 
104323     INFO  main            d.u.i.k.p.i.AbstractProblemLoader Creating init config 
107106     DEBUG main            d.u.i.k.p.i.AbstractProblemLoader Init config took 2.78s 
107140     INFO  main            d.u.i.k.p.i.AbstractProblemLoader Replaying proof ArrayCopy[ArrayCopy::arraycopy(java.lang.Object,int,java.lang.Object,int,int)].JML exceptional_behavior operation contract.0 
107248     DEBUG main            d.u.i.k.p.i.IntermediateProofReplayer Proof replay took 105.22ms 
107249     DEBUG main            d.u.i.k.p.r.p.TestFile    ... success: reloaded. 
107250     INFO  main            d.u.i.k.p.r.p.TestFile    Now processing file /home/runner/work/key/key/key.core/../key.ui/examples/redux/arrays/ArrayCopy.arraycopy.exceptional.1.key 
107250     INFO  main            d.u.i.k.p.i.AbstractProblemLoader Loading environment from /home/runner/work/key/key/key.core/../key.ui/examples/redux/arrays/ArrayCopy.arraycopy.exceptional.1.key 
107250     DEBUG main            d.u.i.k.p.i.AbstractProblemLoader Environment load took 163.9ns 
107251     INFO  main            d.u.i.k.p.i.AbstractProblemLoader Creating init config 
110039     DEBUG main            d.u.i.k.p.i.AbstractProblemLoader Init config took 2.79s 
110073     INFO  main            d.u.i.k.p.i.AbstractProblemLoader Replaying proof ArrayCopy[ArrayCopy::arraycopy(java.lang.Object,int,java.lang.Object,int,int)].JML exceptional_behavior operation contract.1 
110075     DEBUG main            d.u.i.k.p.i.IntermediateProofReplayer Proof replay took 5.8ns 
116042     INFO  main            d.u.i.k.p.r.p.TestFile    ... finished proof: closed. 
116272     INFO  main            d.u.i.k.p.i.AbstractProblemLoader Loading environment from /home/runner/work/key/key/key.core/../key.ui/examples/redux/arrays/ArrayCopy.arraycopy.exceptional.1.key.proof 
116273     DEBUG main            d.u.i.k.p.i.AbstractProblemLoader Environment load took 339.9ns 
116276     INFO  main            d.u.i.k.p.i.AbstractProblemLoader Creating init config 
119040     DEBUG main            d.u.i.k.p.i.AbstractProblemLoader Init config took 2.76s 
119073     INFO  main            d.u.i.k.p.i.AbstractProblemLoader Replaying proof ArrayCopy[ArrayCopy::arraycopy(java.lang.Object,int,java.lang.Object,int,int)].JML exceptional_behavior operation contract.1 
120200     DEBUG main            d.u.i.k.p.i.IntermediateProofReplayer Proof replay took 1.11s 
120201     DEBUG main            d.u.i.k.p.r.p.TestFile    ... success: reloaded. 
5101948    INFO  Test worker     d.u.i.k.p.r.p.StatisticsFile Returning from test redux 
]]></system-out>
  <system-err><![CDATA[]]></system-err>
</testsuite>
