<?xml version="1.0" encoding="UTF-8"?>
<testsuite name="de.uka.ilkd.key.proof.runallproofs.RunAllProofsFunctional" tests="34" skipped="0" failures="0" errors="0" timestamp="2023-05-26T21:26:42" hostname="fv-az993-662" time="5073.403">
  <properties/>
  <testcase name="newBook" classname="de.uka.ilkd.key.proof.runallproofs.RunAllProofsFunctional" time="57.855"/>
  <testcase name="oldBook" classname="de.uka.ilkd.key.proof.runallproofs.RunAllProofsFunctional" time="16.859"/>
  <testcase name="comprehensions" classname="de.uka.ilkd.key.proof.runallproofs.RunAllProofsFunctional" time="65.131"/>
  <testcase name="performance" classname="de.uka.ilkd.key.proof.runallproofs.RunAllProofsFunctional" time="207.736"/>
  <testcase name="performancePOConstruction" classname="de.uka.ilkd.key.proof.runallproofs.RunAllProofsFunctional" time="73.863"/>
  <testcase name="applicationRestrictions" classname="de.uka.ilkd.key.proof.runallproofs.RunAllProofsFunctional" time="49.262"/>
  <testcase name="blockContracts" classname="de.uka.ilkd.key.proof.runallproofs.RunAllProofsFunctional" time="135.615"/>
  <testcase name="jmlAsserts" classname="de.uka.ilkd.key.proof.runallproofs.RunAllProofsFunctional" time="86.02"/>
  <testcase name="javaCard" classname="de.uka.ilkd.key.proof.runallproofs.RunAllProofsFunctional" time="124.76"/>
  <testcase name="list" classname="de.uka.ilkd.key.proof.runallproofs.RunAllProofsFunctional" time="254.243"/>
  <testcase name="list_ghost" classname="de.uka.ilkd.key.proof.runallproofs.RunAllProofsFunctional" time="65.173"/>
  <testcase name="list_recursive" classname="de.uka.ilkd.key.proof.runallproofs.RunAllProofsFunctional" time="21.097"/>
  <testcase name="list_seq" classname="de.uka.ilkd.key.proof.runallproofs.RunAllProofsFunctional" time="164.132"/>
  <testcase name="observer" classname="de.uka.ilkd.key.proof.runallproofs.RunAllProofsFunctional" time="96.823"/>
  <testcase name="removeDups" classname="de.uka.ilkd.key.proof.runallproofs.RunAllProofsFunctional" time="134.957"/>
  <testcase name="quicksort" classname="de.uka.ilkd.key.proof.runallproofs.RunAllProofsFunctional" time="105.277"/>
  <testcase name="simpleTests" classname="de.uka.ilkd.key.proof.runallproofs.RunAllProofsFunctional" time="150.57"/>
  <testcase name="SmansEtAl" classname="de.uka.ilkd.key.proof.runallproofs.RunAllProofsFunctional" time="190.786"/>
  <testcase name="VACID0" classname="de.uka.ilkd.key.proof.runallproofs.RunAllProofsFunctional" time="72.542"/>
  <testcase name="VSTTE10" classname="de.uka.ilkd.key.proof.runallproofs.RunAllProofsFunctional" time="176.344"/>
  <testcase name="WeideEtAl" classname="de.uka.ilkd.key.proof.runallproofs.RunAllProofsFunctional" time="27.61"/>
  <testcase name="arithmetic" classname="de.uka.ilkd.key.proof.runallproofs.RunAllProofsFunctional" time="466.693"/>
  <testcase name="arrays" classname="de.uka.ilkd.key.proof.runallproofs.RunAllProofsFunctional" time="55.14"/>
  <testcase name="javadl" classname="de.uka.ilkd.key.proof.runallproofs.RunAllProofsFunctional" time="591.233"/>
  <testcase name="FOL" classname="de.uka.ilkd.key.proof.runallproofs.RunAllProofsFunctional" time="262.19"/>
  <testcase name="strings" classname="de.uka.ilkd.key.proof.runallproofs.RunAllProofsFunctional" time="141.781"/>
  <testcase name="simple_info_flow" classname="de.uka.ilkd.key.proof.runallproofs.RunAllProofsFunctional" time="12.565"/>
  <testcase name="modelMethods" classname="de.uka.ilkd.key.proof.runallproofs.RunAllProofsFunctional" time="167.854"/>
  <testcase name="permissionHeap" classname="de.uka.ilkd.key.proof.runallproofs.RunAllProofsFunctional" time="805.66"/>
  <testcase name="completionScopes" classname="de.uka.ilkd.key.proof.runallproofs.RunAllProofsFunctional" time="48.851"/>
  <testcase name="reload_examples" classname="de.uka.ilkd.key.proof.runallproofs.RunAllProofsFunctional" time="41.822"/>
  <testcase name="proofLoadRepair" classname="de.uka.ilkd.key.proof.runallproofs.RunAllProofsFunctional" time="18.891"/>
  <testcase name="switch" classname="de.uka.ilkd.key.proof.runallproofs.RunAllProofsFunctional" time="59.777"/>
  <testcase name="redux" classname="de.uka.ilkd.key.proof.runallproofs.RunAllProofsFunctional" time="124.28"/>
  <system-out><![CDATA[328        INFO  Test worker     d.u.i.k.p.r.RunAllProofsTestUnit Running test newBook 
335        INFO  Timeout watchdog d.u.i.k.p.r.p.ForkedTestFileRunner Timeout watcher launched (2000 secs.) 
345        WARN  main            d.u.i.k.s.ProofSettings   No proof-settings could be loaded, using defaults java.io.FileNotFoundException: /home/runner/.key/proof-settings.props (No such file or directory)
	at java.base/java.io.FileInputStream.open0(Native Method)

372        INFO  main            d.u.i.k.p.r.p.TestFile    Now processing file /home/runner/work/key/key/key.core/../key.ui/examples/newBook/09.list_modelfield/ArrayList.add.key 
489        INFO  main            d.u.i.k.p.i.AbstractProblemLoader Loading environment from /home/runner/work/key/key/key.core/../key.ui/examples/newBook/09.list_modelfield/ArrayList.add.key 
511        DEBUG main            d.u.i.k.p.i.AbstractProblemLoader Environment load took 1.93ms 
732        INFO  main            d.u.i.k.p.i.AbstractProblemLoader Creating init config 
1778       DEBUG main            d.u.i.k.j.TypeConverter   No LDT found for Meta 
1779       DEBUG main            d.u.i.k.j.TypeConverter   No LDT found for Meta 
1782       DEBUG main            d.u.i.k.j.TypeConverter   No LDT found for Meta 
1790       DEBUG main            d.u.i.k.j.TypeConverter   No LDT found for Meta 
3069       DEBUG main            d.u.i.k.j.TypeConverter   No LDT found for JavaBigintExpression 
7792       DEBUG main            d.u.i.k.p.i.AbstractProblemLoader Init config took 7.06s 
7966       INFO  main            d.u.i.k.p.i.AbstractProblemLoader Replaying proof ArrayList[List::add(int)].JML normal_behavior operation contract.0 
8000       DEBUG main            d.u.i.k.p.i.IntermediateProofReplayer Proof replay took 30.5ns 
24702      INFO  main            d.u.i.k.p.r.p.TestFile    ... finished proof: closed. 
24906      INFO  main            d.u.i.k.p.i.AbstractProblemLoader Loading environment from /home/runner/work/key/key/key.core/../key.ui/examples/newBook/09.list_modelfield/ArrayList.add.key.proof 
24907      DEBUG main            d.u.i.k.p.i.AbstractProblemLoader Environment load took 520.9ns 
24912      INFO  main            d.u.i.k.p.i.AbstractProblemLoader Creating init config 
27778      DEBUG main            d.u.i.k.p.i.AbstractProblemLoader Init config took 2.87s 
27851      INFO  main            d.u.i.k.p.i.AbstractProblemLoader Replaying proof ArrayList[List::add(int)].JML normal_behavior operation contract.0 
29254      DEBUG main            d.u.i.k.p.i.IntermediateProofReplayer Proof replay took 1.31s 
29267      DEBUG main            d.u.i.k.p.r.p.TestFile    ... success: reloaded. 
29269      INFO  main            d.u.i.k.p.r.p.TestFile    Now processing file /home/runner/work/key/key/key.core/../key.ui/examples/newBook/09.list_modelfield/ArrayList.remFirst.key 
29270      INFO  main            d.u.i.k.p.i.AbstractProblemLoader Loading environment from /home/runner/work/key/key/key.core/../key.ui/examples/newBook/09.list_modelfield/ArrayList.remFirst.key 
29270      DEBUG main            d.u.i.k.p.i.AbstractProblemLoader Environment load took 77.9ns 
29274      INFO  main            d.u.i.k.p.i.AbstractProblemLoader Creating init config 
32030      DEBUG main            d.u.i.k.p.i.AbstractProblemLoader Init config took 2.76s 
32088      INFO  main            d.u.i.k.p.i.AbstractProblemLoader Replaying proof ArrayList[List::remFirst()].JML normal_behavior operation contract.0 
32090      DEBUG main            d.u.i.k.p.i.IntermediateProofReplayer Proof replay took 6.6ns 
36019      INFO  main            d.u.i.k.p.r.p.TestFile    ... finished proof: closed. 
36279      INFO  main            d.u.i.k.p.i.AbstractProblemLoader Loading environment from /home/runner/work/key/key/key.core/../key.ui/examples/newBook/09.list_modelfield/ArrayList.remFirst.key.proof 
36279      DEBUG main            d.u.i.k.p.i.AbstractProblemLoader Environment load took 124.3ns 
36281      INFO  main            d.u.i.k.p.i.AbstractProblemLoader Creating init config 
38798      DEBUG main            d.u.i.k.p.i.AbstractProblemLoader Init config took 2.52s 
38851      INFO  main            d.u.i.k.p.i.AbstractProblemLoader Replaying proof ArrayList[List::remFirst()].JML normal_behavior operation contract.0 
39424      DEBUG main            d.u.i.k.p.i.IntermediateProofReplayer Proof replay took 552.66ms 
39426      DEBUG main            d.u.i.k.p.r.p.TestFile    ... success: reloaded. 
39427      INFO  main            d.u.i.k.p.r.p.TestFile    Now processing file /home/runner/work/key/key/key.core/../key.ui/examples/newBook/09.list_modelfield/ArrayList.empty.key 
39428      INFO  main            d.u.i.k.p.i.AbstractProblemLoader Loading environment from /home/runner/work/key/key/key.core/../key.ui/examples/newBook/09.list_modelfield/ArrayList.empty.key 
39428      DEBUG main            d.u.i.k.p.i.AbstractProblemLoader Environment load took 812.2ns 
39430      INFO  main            d.u.i.k.p.i.AbstractProblemLoader Creating init config 
41926      DEBUG main            d.u.i.k.p.i.AbstractProblemLoader Init config took 2.5s 
41973      INFO  main            d.u.i.k.p.i.AbstractProblemLoader Replaying proof ArrayList[List::empty()].JML normal_behavior operation contract.0 
41975      DEBUG main            d.u.i.k.p.i.IntermediateProofReplayer Proof replay took 5.8ns 
42879      INFO  main            d.u.i.k.p.r.p.TestFile    ... finished proof: closed. 
43025      INFO  main            d.u.i.k.p.i.AbstractProblemLoader Loading environment from /home/runner/work/key/key/key.core/../key.ui/examples/newBook/09.list_modelfield/ArrayList.empty.key.proof 
43026      DEBUG main            d.u.i.k.p.i.AbstractProblemLoader Environment load took 684.8ns 
43027      INFO  main            d.u.i.k.p.i.AbstractProblemLoader Creating init config 
45493      DEBUG main            d.u.i.k.p.i.AbstractProblemLoader Init config took 2.47s 
45550      INFO  main            d.u.i.k.p.i.AbstractProblemLoader Replaying proof ArrayList[List::empty()].JML normal_behavior operation contract.0 
45674      DEBUG main            d.u.i.k.p.i.IntermediateProofReplayer Proof replay took 117.03ms 
45675      DEBUG main            d.u.i.k.p.r.p.TestFile    ... success: reloaded. 
45676      INFO  main            d.u.i.k.p.r.p.TestFile    Now processing file /home/runner/work/key/key/key.core/../key.ui/examples/newBook/09.list_modelfield/ArrayList.size.key 
45677      INFO  main            d.u.i.k.p.i.AbstractProblemLoader Loading environment from /home/runner/work/key/key/key.core/../key.ui/examples/newBook/09.list_modelfield/ArrayList.size.key 
45677      DEBUG main            d.u.i.k.p.i.AbstractProblemLoader Environment load took 479.1ns 
45678      INFO  main            d.u.i.k.p.i.AbstractProblemLoader Creating init config 
48199      DEBUG main            d.u.i.k.p.i.AbstractProblemLoader Init config took 2.52s 
48245      INFO  main            d.u.i.k.p.i.AbstractProblemLoader Replaying proof ArrayList[List::size()].JML normal_behavior operation contract.0 
48246      DEBUG main            d.u.i.k.p.i.IntermediateProofReplayer Proof replay took 4.6ns 
48650      INFO  main            d.u.i.k.p.r.p.TestFile    ... finished proof: closed. 
48808      INFO  main            d.u.i.k.p.i.AbstractProblemLoader Loading environment from /home/runner/work/key/key/key.core/../key.ui/examples/newBook/09.list_modelfield/ArrayList.size.key.proof 
48809      DEBUG main            d.u.i.k.p.i.AbstractProblemLoader Environment load took 303.3ns 
48810      INFO  main            d.u.i.k.p.i.AbstractProblemLoader Creating init config 
51265      DEBUG main            d.u.i.k.p.i.AbstractProblemLoader Init config took 2.45s 
51310      INFO  main            d.u.i.k.p.i.AbstractProblemLoader Replaying proof ArrayList[List::size()].JML normal_behavior operation contract.0 
51365      DEBUG main            d.u.i.k.p.i.IntermediateProofReplayer Proof replay took 51.07ms 
51366      DEBUG main            d.u.i.k.p.r.p.TestFile    ... success: reloaded. 
51367      INFO  main            d.u.i.k.p.r.p.TestFile    Now processing file /home/runner/work/key/key/key.core/../key.ui/examples/newBook/09.list_modelfield/ArrayList.get.key 
51367      INFO  main            d.u.i.k.p.i.AbstractProblemLoader Loading environment from /home/runner/work/key/key/key.core/../key.ui/examples/newBook/09.list_modelfield/ArrayList.get.key 
51368      DEBUG main            d.u.i.k.p.i.AbstractProblemLoader Environment load took 352ns 
51369      INFO  main            d.u.i.k.p.i.AbstractProblemLoader Creating init config 
53848      DEBUG main            d.u.i.k.p.i.AbstractProblemLoader Init config took 2.48s 
53894      INFO  main            d.u.i.k.p.i.AbstractProblemLoader Replaying proof ArrayList[List::get(int)].JML normal_behavior operation contract.0 
53896      DEBUG main            d.u.i.k.p.i.IntermediateProofReplayer Proof replay took 5.1ns 
54903      INFO  main            d.u.i.k.p.r.p.TestFile    ... finished proof: closed. 
55092      INFO  main            d.u.i.k.p.i.AbstractProblemLoader Loading environment from /home/runner/work/key/key/key.core/../key.ui/examples/newBook/09.list_modelfield/ArrayList.get.key.proof 
55093      DEBUG main            d.u.i.k.p.i.AbstractProblemLoader Environment load took 1.08ms 
55094      INFO  main            d.u.i.k.p.i.AbstractProblemLoader Creating init config 
57499      DEBUG main            d.u.i.k.p.i.AbstractProblemLoader Init config took 2.4s 
57543      INFO  main            d.u.i.k.p.i.AbstractProblemLoader Replaying proof ArrayList[List::get(int)].JML normal_behavior operation contract.0 
57646      DEBUG main            d.u.i.k.p.i.IntermediateProofReplayer Proof replay took 97.04ms 
57647      DEBUG main            d.u.i.k.p.r.p.TestFile    ... success: reloaded. 
58177      INFO  Test worker     d.u.i.k.p.r.RunAllProofsTestUnit Returning from test newBook 
58182      INFO  Test worker     d.u.i.k.p.r.RunAllProofsTestUnit Running test oldBook 
316        INFO  Timeout watchdog d.u.i.k.p.r.p.ForkedTestFileRunner Timeout watcher launched (2000 secs.) 
316        WARN  main            d.u.i.k.s.ProofSettings   The settings in /home/runner/.key/proof-settings.props are *not* read. 
347        INFO  main            d.u.i.k.p.r.p.TestFile    Now processing file /home/runner/work/key/key/key.core/../key.ui/examples/standard_key/BookExamples/02FirstOrderLogic/Ex2.58.key 
452        INFO  main            d.u.i.k.p.i.AbstractProblemLoader Loading environment from /home/runner/work/key/key/key.core/../key.ui/examples/standard_key/BookExamples/02FirstOrderLogic/Ex2.58.key 
474        DEBUG main            d.u.i.k.p.i.AbstractProblemLoader Environment load took 2.37ms 
702        INFO  main            d.u.i.k.p.i.AbstractProblemLoader Creating init config 
1724       DEBUG main            d.u.i.k.j.TypeConverter   No LDT found for Meta 
1725       DEBUG main            d.u.i.k.j.TypeConverter   No LDT found for Meta 
1728       DEBUG main            d.u.i.k.j.TypeConverter   No LDT found for Meta 
1728       DEBUG main            d.u.i.k.j.TypeConverter   No LDT found for Meta 
3017       DEBUG main            d.u.i.k.j.TypeConverter   No LDT found for JavaBigintExpression 
7813       DEBUG main            d.u.i.k.p.i.AbstractProblemLoader Init config took 7.11s 
7892       INFO  main            d.u.i.k.p.i.AbstractProblemLoader Replaying proof Ex2.58.key 
7922       DEBUG main            d.u.i.k.p.i.IntermediateProofReplayer Proof replay took 32.6ns 
8098       INFO  main            d.u.i.k.p.r.p.TestFile    ... finished proof: closed. 
8194       INFO  main            d.u.i.k.p.i.AbstractProblemLoader Loading environment from /home/runner/work/key/key/key.core/../key.ui/examples/standard_key/BookExamples/02FirstOrderLogic/Ex2.58.key.proof 
8194       DEBUG main            d.u.i.k.p.i.AbstractProblemLoader Environment load took 130.6ns 
8201       INFO  main            d.u.i.k.p.i.AbstractProblemLoader Creating init config 
10882      DEBUG main            d.u.i.k.p.i.AbstractProblemLoader Init config took 2.68s 
10913      INFO  main            d.u.i.k.p.i.AbstractProblemLoader Replaying proof Ex2.58.key.proof 
10921      DEBUG main            d.u.i.k.p.i.IntermediateProofReplayer Proof replay took 3.39ms 
10931      DEBUG main            d.u.i.k.p.r.p.TestFile    ... success: reloaded. 
10932      INFO  main            d.u.i.k.p.r.p.TestFile    Now processing file /home/runner/work/key/key/key.core/../key.ui/examples/standard_key/BookExamples/03DynamicLogic/Sect3.3.1.key 
10936      INFO  main            d.u.i.k.p.i.AbstractProblemLoader Loading environment from /home/runner/work/key/key/key.core/../key.ui/examples/standard_key/BookExamples/03DynamicLogic/Sect3.3.1.key 
10937      DEBUG main            d.u.i.k.p.i.AbstractProblemLoader Environment load took 1.37ms 
10941      INFO  main            d.u.i.k.p.i.AbstractProblemLoader Creating init config 
13537      DEBUG main            d.u.i.k.p.i.AbstractProblemLoader Init config took 2.6s 
13570      INFO  main            d.u.i.k.p.i.AbstractProblemLoader Replaying proof Sect3.3.1.key 
13574      DEBUG main            d.u.i.k.p.i.IntermediateProofReplayer Proof replay took 6.2ns 
13979      INFO  main            d.u.i.k.p.r.p.TestFile    ... finished proof: closed. 
14105      INFO  main            d.u.i.k.p.i.AbstractProblemLoader Loading environment from /home/runner/work/key/key/key.core/../key.ui/examples/standard_key/BookExamples/03DynamicLogic/Sect3.3.1.key.proof 
14106      DEBUG main            d.u.i.k.p.i.AbstractProblemLoader Environment load took 954.5ns 
14110      INFO  main            d.u.i.k.p.i.AbstractProblemLoader Creating init config 
16597      DEBUG main            d.u.i.k.p.i.AbstractProblemLoader Init config took 2.49s 
16626      INFO  main            d.u.i.k.p.i.AbstractProblemLoader Replaying proof Sect3.3.1.key.proof 
16684      DEBUG main            d.u.i.k.p.i.IntermediateProofReplayer Proof replay took 54.03ms 
16686      DEBUG main            d.u.i.k.p.r.p.TestFile    ... success: reloaded. 
75040      INFO  Test worker     d.u.i.k.p.r.RunAllProofsTestUnit Returning from test oldBook 
75041      INFO  Test worker     d.u.i.k.p.r.RunAllProofsTestUnit Running test comprehensions 
357        INFO  Timeout watchdog d.u.i.k.p.r.p.ForkedTestFileRunner Timeout watcher launched (2000 secs.) 
364        WARN  main            d.u.i.k.s.ProofSettings   The settings in /home/runner/.key/proof-settings.props are *not* read. 
414        INFO  main            d.u.i.k.p.r.p.TestFile    Now processing file /home/runner/work/key/key/key.core/../key.ui/examples/heap/comprehensions/general_sum.key 
524        INFO  main            d.u.i.k.p.i.AbstractProblemLoader Loading environment from /home/runner/work/key/key/key.core/../key.ui/examples/heap/comprehensions/general_sum.key 
552        DEBUG main            d.u.i.k.p.i.AbstractProblemLoader Environment load took 1.7ms 
745        INFO  main            d.u.i.k.p.i.AbstractProblemLoader Creating init config 
1738       DEBUG main            d.u.i.k.j.TypeConverter   No LDT found for Meta 
1738       DEBUG main            d.u.i.k.j.TypeConverter   No LDT found for Meta 
1741       DEBUG main            d.u.i.k.j.TypeConverter   No LDT found for Meta 
1741       DEBUG main            d.u.i.k.j.TypeConverter   No LDT found for Meta 
2910       DEBUG main            d.u.i.k.j.TypeConverter   No LDT found for JavaBigintExpression 
7857       DEBUG main            d.u.i.k.p.i.AbstractProblemLoader Init config took 7.11s 
7975       INFO  main            d.u.i.k.p.i.AbstractProblemLoader Replaying proof GSum[GSum::doNothing()].JML operation contract.0 
8005       DEBUG main            d.u.i.k.p.i.IntermediateProofReplayer Proof replay took 69.4ns 
8332       INFO  main            d.u.i.k.p.r.p.TestFile    ... finished proof: closed. 
8435       INFO  main            d.u.i.k.p.i.AbstractProblemLoader Loading environment from /home/runner/work/key/key/key.core/../key.ui/examples/heap/comprehensions/general_sum.key.proof 
8436       DEBUG main            d.u.i.k.p.i.AbstractProblemLoader Environment load took 128.3ns 
8439       INFO  main            d.u.i.k.p.i.AbstractProblemLoader Creating init config 
11307      DEBUG main            d.u.i.k.p.i.AbstractProblemLoader Init config took 2.87s 
11365      INFO  main            d.u.i.k.p.i.AbstractProblemLoader Replaying proof GSum[GSum::doNothing()].JML operation contract.0 
11380      DEBUG main            d.u.i.k.p.i.IntermediateProofReplayer Proof replay took 11.45ms 
11387      DEBUG main            d.u.i.k.p.r.p.TestFile    ... success: reloaded. 
11388      INFO  main            d.u.i.k.p.r.p.TestFile    Now processing file /home/runner/work/key/key/key.core/../key.ui/examples/heap/comprehensions/sum0.key 
11389      INFO  main            d.u.i.k.p.i.AbstractProblemLoader Loading environment from /home/runner/work/key/key/key.core/../key.ui/examples/heap/comprehensions/sum0.key 
11389      DEBUG main            d.u.i.k.p.i.AbstractProblemLoader Environment load took 345.3ns 
11391      INFO  main            d.u.i.k.p.i.AbstractProblemLoader Creating init config 
14168      DEBUG main            d.u.i.k.p.i.AbstractProblemLoader Init config took 2.78s 
14227      INFO  main            d.u.i.k.p.i.AbstractProblemLoader Replaying proof Sum[Sum::sum0([I)].JML normal_behavior operation contract.0 
14231      DEBUG main            d.u.i.k.p.i.IntermediateProofReplayer Proof replay took 6.1ns 
14326      DEBUG Thread-4        d.u.i.k.l.l.OriginTermLabel commonFileName is null! 
14327      DEBUG Thread-4        d.u.i.k.l.l.OriginTermLabel commonFileName is null! 
14590      DEBUG Thread-4        d.u.i.k.l.l.OriginTermLabel commonFileName is null! 
14592      DEBUG Thread-4        d.u.i.k.l.l.OriginTermLabel commonFileName is null! 
14792      DEBUG Thread-4        d.u.i.k.l.l.OriginTermLabel commonFileName is null! 
15040      INFO  main            d.u.i.k.p.r.p.TestFile    ... finished proof: closed. 
15190      INFO  main            d.u.i.k.p.i.AbstractProblemLoader Loading environment from /home/runner/work/key/key/key.core/../key.ui/examples/heap/comprehensions/sum0.key.proof 
15194      DEBUG main            d.u.i.k.p.i.AbstractProblemLoader Environment load took 3.42ms 
15199      INFO  main            d.u.i.k.p.i.AbstractProblemLoader Creating init config 
17886      DEBUG main            d.u.i.k.p.i.AbstractProblemLoader Init config took 2.69s 
17934      INFO  main            d.u.i.k.p.i.AbstractProblemLoader Replaying proof Sum[Sum::sum0([I)].JML normal_behavior operation contract.0 
17991      DEBUG main            d.u.i.k.l.l.OriginTermLabel commonFileName is null! 
17992      DEBUG main            d.u.i.k.l.l.OriginTermLabel commonFileName is null! 
18064      DEBUG main            d.u.i.k.l.l.OriginTermLabel commonFileName is null! 
18112      DEBUG main            d.u.i.k.l.l.OriginTermLabel commonFileName is null! 
18113      DEBUG main            d.u.i.k.l.l.OriginTermLabel commonFileName is null! 
18116      DEBUG main            d.u.i.k.p.i.IntermediateProofReplayer Proof replay took 176.06ms 
18117      DEBUG main            d.u.i.k.p.r.p.TestFile    ... success: reloaded. 
18119      INFO  main            d.u.i.k.p.r.p.TestFile    Now processing file /home/runner/work/key/key/key.core/../key.ui/examples/heap/comprehensions/sum1.key 
18120      INFO  main            d.u.i.k.p.i.AbstractProblemLoader Loading environment from /home/runner/work/key/key/key.core/../key.ui/examples/heap/comprehensions/sum1.key 
18120      DEBUG main            d.u.i.k.p.i.AbstractProblemLoader Environment load took 445.7ns 
18122      INFO  main            d.u.i.k.p.i.AbstractProblemLoader Creating init config 
20846      DEBUG main            d.u.i.k.p.i.AbstractProblemLoader Init config took 2.72s 
20900      INFO  main            d.u.i.k.p.i.AbstractProblemLoader Replaying proof Sum[Sum::sum1([I)].JML normal_behavior operation contract.0 
20904      DEBUG main            d.u.i.k.p.i.IntermediateProofReplayer Proof replay took 5.7ns 
20979      DEBUG Thread-7        d.u.i.k.l.l.OriginTermLabel commonFileName is null! 
20980      DEBUG Thread-7        d.u.i.k.l.l.OriginTermLabel commonFileName is null! 
21130      DEBUG Thread-7        d.u.i.k.l.l.OriginTermLabel commonFileName is null! 
21131      DEBUG Thread-7        d.u.i.k.l.l.OriginTermLabel commonFileName is null! 
21259      DEBUG Thread-7        d.u.i.k.l.l.OriginTermLabel commonFileName is null! 
21408      INFO  main            d.u.i.k.p.r.p.TestFile    ... finished proof: closed. 
21560      INFO  main            d.u.i.k.p.i.AbstractProblemLoader Loading environment from /home/runner/work/key/key/key.core/../key.ui/examples/heap/comprehensions/sum1.key.proof 
21561      DEBUG main            d.u.i.k.p.i.AbstractProblemLoader Environment load took 791.3ns 
21562      INFO  main            d.u.i.k.p.i.AbstractProblemLoader Creating init config 
24147      DEBUG main            d.u.i.k.p.i.AbstractProblemLoader Init config took 2.58s 
24190      INFO  main            d.u.i.k.p.i.AbstractProblemLoader Replaying proof Sum[Sum::sum1([I)].JML normal_behavior operation contract.0 
24220      DEBUG main            d.u.i.k.l.l.OriginTermLabel commonFileName is null! 
24220      DEBUG main            d.u.i.k.l.l.OriginTermLabel commonFileName is null! 
24266      DEBUG main            d.u.i.k.l.l.OriginTermLabel commonFileName is null! 
24299      DEBUG main            d.u.i.k.l.l.OriginTermLabel commonFileName is null! 
24300      DEBUG main            d.u.i.k.l.l.OriginTermLabel commonFileName is null! 
24304      DEBUG main            d.u.i.k.p.i.IntermediateProofReplayer Proof replay took 109.25ms 
24305      DEBUG main            d.u.i.k.p.r.p.TestFile    ... success: reloaded. 
24307      INFO  main            d.u.i.k.p.r.p.TestFile    Now processing file /home/runner/work/key/key/key.core/../key.ui/examples/heap/comprehensions/sum2.key 
24308      INFO  main            d.u.i.k.p.i.AbstractProblemLoader Loading environment from /home/runner/work/key/key/key.core/../key.ui/examples/heap/comprehensions/sum2.key 
24308      DEBUG main            d.u.i.k.p.i.AbstractProblemLoader Environment load took 329.6ns 
24309      INFO  main            d.u.i.k.p.i.AbstractProblemLoader Creating init config 
26985      DEBUG main            d.u.i.k.p.i.AbstractProblemLoader Init config took 2.68s 
27026      INFO  main            d.u.i.k.p.i.AbstractProblemLoader Replaying proof Sum[Sum::sum2([I)].JML normal_behavior operation contract.0 
27027      DEBUG main            d.u.i.k.p.i.IntermediateProofReplayer Proof replay took 5.3ns 
27073      DEBUG Thread-10       d.u.i.k.l.l.OriginTermLabel commonFileName is null! 
27074      DEBUG Thread-10       d.u.i.k.l.l.OriginTermLabel commonFileName is null! 
27183      DEBUG Thread-10       d.u.i.k.l.l.OriginTermLabel commonFileName is null! 
27183      DEBUG Thread-10       d.u.i.k.l.l.OriginTermLabel commonFileName is null! 
27281      DEBUG Thread-10       d.u.i.k.l.l.OriginTermLabel commonFileName is null! 
27430      INFO  main            d.u.i.k.p.r.p.TestFile    ... finished proof: closed. 
27563      INFO  main            d.u.i.k.p.i.AbstractProblemLoader Loading environment from /home/runner/work/key/key/key.core/../key.ui/examples/heap/comprehensions/sum2.key.proof 
27563      DEBUG main            d.u.i.k.p.i.AbstractProblemLoader Environment load took 107.8ns 
27564      INFO  main            d.u.i.k.p.i.AbstractProblemLoader Creating init config 
30131      DEBUG main            d.u.i.k.p.i.AbstractProblemLoader Init config took 2.57s 
30172      INFO  main            d.u.i.k.p.i.AbstractProblemLoader Replaying proof Sum[Sum::sum2([I)].JML normal_behavior operation contract.0 
30195      DEBUG main            d.u.i.k.l.l.OriginTermLabel commonFileName is null! 
30195      DEBUG main            d.u.i.k.l.l.OriginTermLabel commonFileName is null! 
30227      DEBUG main            d.u.i.k.l.l.OriginTermLabel commonFileName is null! 
30253      DEBUG main            d.u.i.k.l.l.OriginTermLabel commonFileName is null! 
30253      DEBUG main            d.u.i.k.l.l.OriginTermLabel commonFileName is null! 
30256      DEBUG main            d.u.i.k.p.i.IntermediateProofReplayer Proof replay took 80.67ms 
30257      DEBUG main            d.u.i.k.p.r.p.TestFile    ... success: reloaded. 
30258      INFO  main            d.u.i.k.p.r.p.TestFile    Now processing file /home/runner/work/key/key/key.core/../key.ui/examples/heap/comprehensions/sum3.key 
30258      INFO  main            d.u.i.k.p.i.AbstractProblemLoader Loading environment from /home/runner/work/key/key/key.core/../key.ui/examples/heap/comprehensions/sum3.key 
30259      DEBUG main            d.u.i.k.p.i.AbstractProblemLoader Environment load took 311.2ns 
30260      INFO  main            d.u.i.k.p.i.AbstractProblemLoader Creating init config 
32922      DEBUG main            d.u.i.k.p.i.AbstractProblemLoader Init config took 2.66s 
32963      INFO  main            d.u.i.k.p.i.AbstractProblemLoader Replaying proof Sum[Sum::sum3([I)].JML normal_behavior operation contract.0 
32965      DEBUG main            d.u.i.k.p.i.IntermediateProofReplayer Proof replay took 5.2ns 
33012      DEBUG Thread-13       d.u.i.k.l.l.OriginTermLabel commonFileName is null! 
33013      DEBUG Thread-13       d.u.i.k.l.l.OriginTermLabel commonFileName is null! 
33113      DEBUG Thread-13       d.u.i.k.l.l.OriginTermLabel commonFileName is null! 
33115      DEBUG Thread-13       d.u.i.k.l.l.OriginTermLabel commonFileName is null! 
33185      DEBUG Thread-13       d.u.i.k.l.l.OriginTermLabel commonFileName is null! 
33269      INFO  main            d.u.i.k.p.r.p.TestFile    ... finished proof: closed. 
33422      INFO  main            d.u.i.k.p.i.AbstractProblemLoader Loading environment from /home/runner/work/key/key/key.core/../key.ui/examples/heap/comprehensions/sum3.key.proof 
33422      DEBUG main            d.u.i.k.p.i.AbstractProblemLoader Environment load took 105.9ns 
33423      INFO  main            d.u.i.k.p.i.AbstractProblemLoader Creating init config 
36005      DEBUG main            d.u.i.k.p.i.AbstractProblemLoader Init config took 2.58s 
36045      INFO  main            d.u.i.k.p.i.AbstractProblemLoader Replaying proof Sum[Sum::sum3([I)].JML normal_behavior operation contract.0 
36070      DEBUG main            d.u.i.k.l.l.OriginTermLabel commonFileName is null! 
36070      DEBUG main            d.u.i.k.l.l.OriginTermLabel commonFileName is null! 
36105      DEBUG main            d.u.i.k.l.l.OriginTermLabel commonFileName is null! 
36129      DEBUG main            d.u.i.k.l.l.OriginTermLabel commonFileName is null! 
36132      DEBUG main            d.u.i.k.l.l.OriginTermLabel commonFileName is null! 
36135      DEBUG main            d.u.i.k.p.i.IntermediateProofReplayer Proof replay took 87.58ms 
36137      DEBUG main            d.u.i.k.p.r.p.TestFile    ... success: reloaded. 
36140      INFO  main            d.u.i.k.p.r.p.TestFile    Now processing file /home/runner/work/key/key/key.core/../key.ui/examples/heap/comprehensions/segsum.key 
36140      INFO  main            d.u.i.k.p.i.AbstractProblemLoader Loading environment from /home/runner/work/key/key/key.core/../key.ui/examples/heap/comprehensions/segsum.key 
36140      DEBUG main            d.u.i.k.p.i.AbstractProblemLoader Environment load took 81.8ns 
36142      INFO  main            d.u.i.k.p.i.AbstractProblemLoader Creating init config 
38711      DEBUG main            d.u.i.k.p.i.AbstractProblemLoader Init config took 2.57s 
38751      INFO  main            d.u.i.k.p.i.AbstractProblemLoader Replaying proof SegSum[SegSum::segSum([I,int,int)].JML normal_behavior operation contract.0 
38752      DEBUG main            d.u.i.k.p.i.IntermediateProofReplayer Proof replay took 6.4ns 
39155      INFO  main            d.u.i.k.p.r.p.TestFile    ... finished proof: closed. 
39351      INFO  main            d.u.i.k.p.i.AbstractProblemLoader Loading environment from /home/runner/work/key/key/key.core/../key.ui/examples/heap/comprehensions/segsum.key.proof 
39351      DEBUG main            d.u.i.k.p.i.AbstractProblemLoader Environment load took 112ns 
39354      INFO  main            d.u.i.k.p.i.AbstractProblemLoader Creating init config 
41899      DEBUG main            d.u.i.k.p.i.AbstractProblemLoader Init config took 2.54s 
41936      INFO  main            d.u.i.k.p.i.AbstractProblemLoader Replaying proof SegSum[SegSum::segSum([I,int,int)].JML normal_behavior operation contract.0 
42020      DEBUG main            d.u.i.k.p.i.IntermediateProofReplayer Proof replay took 80.3ms 
42021      DEBUG main            d.u.i.k.p.r.p.TestFile    ... success: reloaded. 
42022      INFO  main            d.u.i.k.p.r.p.TestFile    Now processing file /home/runner/work/key/key/key.core/../key.ui/examples/heap/comprehensions/bsum_negative.key 
42022      INFO  main            d.u.i.k.p.i.AbstractProblemLoader Loading environment from /home/runner/work/key/key/key.core/../key.ui/examples/heap/comprehensions/bsum_negative.key 
42022      DEBUG main            d.u.i.k.p.i.AbstractProblemLoader Environment load took 56.6ns 
42023      INFO  main            d.u.i.k.p.i.AbstractProblemLoader Creating init config 
44442      DEBUG main            d.u.i.k.p.i.AbstractProblemLoader Init config took 2.42s 
44459      INFO  main            d.u.i.k.p.i.AbstractProblemLoader Replaying proof bsum_negative.key 
44461      DEBUG main            d.u.i.k.p.i.IntermediateProofReplayer Proof replay took 6.3ns 
44566      INFO  main            d.u.i.k.p.r.p.TestFile    ... finished proof: closed. 
44715      INFO  main            d.u.i.k.p.i.AbstractProblemLoader Loading environment from /home/runner/work/key/key/key.core/../key.ui/examples/heap/comprehensions/bsum_negative.key.proof 
44715      DEBUG main            d.u.i.k.p.i.AbstractProblemLoader Environment load took 105.7ns 
44716      INFO  main            d.u.i.k.p.i.AbstractProblemLoader Creating init config 
47119      DEBUG main            d.u.i.k.p.i.AbstractProblemLoader Init config took 2.4s 
47142      INFO  main            d.u.i.k.p.i.AbstractProblemLoader Replaying proof bsum_negative.key.proof 
47146      DEBUG main            d.u.i.k.p.i.IntermediateProofReplayer Proof replay took 1.63ms 
47147      DEBUG main            d.u.i.k.p.r.p.TestFile    ... success: reloaded. 
47148      INFO  main            d.u.i.k.p.r.p.TestFile    Now processing file /home/runner/work/key/key/key.core/../key.ui/examples/heap/comprehensions/bsum_neg2.key 
47148      INFO  main            d.u.i.k.p.i.AbstractProblemLoader Loading environment from /home/runner/work/key/key/key.core/../key.ui/examples/heap/comprehensions/bsum_neg2.key 
47148      DEBUG main            d.u.i.k.p.i.AbstractProblemLoader Environment load took 58.6ns 
47149      INFO  main            d.u.i.k.p.i.AbstractProblemLoader Creating init config 
49536      DEBUG main            d.u.i.k.p.i.AbstractProblemLoader Init config took 2.39s 
49559      INFO  main            d.u.i.k.p.i.AbstractProblemLoader Replaying proof bsum_neg2.key 
49561      DEBUG main            d.u.i.k.p.i.IntermediateProofReplayer Proof replay took 5.9ns 
49663      INFO  main            d.u.i.k.p.r.p.TestFile    ... finished proof: closed. 
49810      INFO  main            d.u.i.k.p.i.AbstractProblemLoader Loading environment from /home/runner/work/key/key/key.core/../key.ui/examples/heap/comprehensions/bsum_neg2.key.proof 
49811      DEBUG main            d.u.i.k.p.i.AbstractProblemLoader Environment load took 115.6ns 
49816      INFO  main            d.u.i.k.p.i.AbstractProblemLoader Creating init config 
52166      DEBUG main            d.u.i.k.p.i.AbstractProblemLoader Init config took 2.35s 
52183      INFO  main            d.u.i.k.p.i.AbstractProblemLoader Replaying proof bsum_neg2.key.proof 
52186      DEBUG main            d.u.i.k.p.i.IntermediateProofReplayer Proof replay took 896.7ns 
52187      DEBUG main            d.u.i.k.p.r.p.TestFile    ... success: reloaded. 
52188      INFO  main            d.u.i.k.p.r.p.TestFile    Now processing file /home/runner/work/key/key/key.core/../key.ui/examples/heap/comprehensions/bsumSplit.key 
52189      INFO  main            d.u.i.k.p.i.AbstractProblemLoader Loading environment from /home/runner/work/key/key/key.core/../key.ui/examples/heap/comprehensions/bsumSplit.key 
52189      DEBUG main            d.u.i.k.p.i.AbstractProblemLoader Environment load took 286.8ns 
52190      INFO  main            d.u.i.k.p.i.AbstractProblemLoader Creating init config 
54611      DEBUG main            d.u.i.k.p.i.AbstractProblemLoader Init config took 2.42s 
54629      INFO  main            d.u.i.k.p.i.AbstractProblemLoader Replaying proof bsumSplit.key 
54630      DEBUG main            d.u.i.k.p.i.IntermediateProofReplayer Proof replay took 6.3ns 
54732      INFO  main            d.u.i.k.p.r.p.TestFile    ... finished proof: closed. 
54889      INFO  main            d.u.i.k.p.i.AbstractProblemLoader Loading environment from /home/runner/work/key/key/key.core/../key.ui/examples/heap/comprehensions/bsumSplit.key.proof 
54889      DEBUG main            d.u.i.k.p.i.AbstractProblemLoader Environment load took 104.8ns 
54890      INFO  main            d.u.i.k.p.i.AbstractProblemLoader Creating init config 
57256      DEBUG main            d.u.i.k.p.i.AbstractProblemLoader Init config took 2.37s 
57273      INFO  main            d.u.i.k.p.i.AbstractProblemLoader Replaying proof bsumSplit.key.proof 
57279      DEBUG main            d.u.i.k.p.i.IntermediateProofReplayer Proof replay took 3.81ms 
57280      DEBUG main            d.u.i.k.p.r.p.TestFile    ... success: reloaded. 
57281      INFO  main            d.u.i.k.p.r.p.TestFile    Now processing file /home/runner/work/key/key/key.core/../key.ui/examples/heap/comprehensions/bprodSplit.key 
57281      INFO  main            d.u.i.k.p.i.AbstractProblemLoader Loading environment from /home/runner/work/key/key/key.core/../key.ui/examples/heap/comprehensions/bprodSplit.key 
57282      DEBUG main            d.u.i.k.p.i.AbstractProblemLoader Environment load took 280.4ns 
57283      INFO  main            d.u.i.k.p.i.AbstractProblemLoader Creating init config 
59653      DEBUG main            d.u.i.k.p.i.AbstractProblemLoader Init config took 2.37s 
59668      INFO  main            d.u.i.k.p.i.AbstractProblemLoader Replaying proof bprodSplit.key 
59669      DEBUG main            d.u.i.k.p.i.IntermediateProofReplayer Proof replay took 5.8ns 
59771      INFO  main            d.u.i.k.p.r.p.TestFile    ... finished proof: closed. 
59933      INFO  main            d.u.i.k.p.i.AbstractProblemLoader Loading environment from /home/runner/work/key/key/key.core/../key.ui/examples/heap/comprehensions/bprodSplit.key.proof 
59933      DEBUG main            d.u.i.k.p.i.AbstractProblemLoader Environment load took 105.9ns 
59934      INFO  main            d.u.i.k.p.i.AbstractProblemLoader Creating init config 
62291      DEBUG main            d.u.i.k.p.i.AbstractProblemLoader Init config took 2.36s 
62306      INFO  main            d.u.i.k.p.i.AbstractProblemLoader Replaying proof bprodSplit.key.proof 
62310      DEBUG main            d.u.i.k.p.i.IntermediateProofReplayer Proof replay took 1.84ms 
62311      DEBUG main            d.u.i.k.p.r.p.TestFile    ... success: reloaded. 
62312      INFO  main            d.u.i.k.p.r.p.TestFile    Now processing file /home/runner/work/key/key/key.core/../key.ui/examples/heap/comprehensions/bsumSplitInvalid.key 
62312      INFO  main            d.u.i.k.p.i.AbstractProblemLoader Loading environment from /home/runner/work/key/key/key.core/../key.ui/examples/heap/comprehensions/bsumSplitInvalid.key 
62312      DEBUG main            d.u.i.k.p.i.AbstractProblemLoader Environment load took 103.1ns 
62313      INFO  main            d.u.i.k.p.i.AbstractProblemLoader Creating init config 
64669      DEBUG main            d.u.i.k.p.i.AbstractProblemLoader Init config took 2.36s 
64683      INFO  main            d.u.i.k.p.i.AbstractProblemLoader Replaying proof bsumSplitInvalid.key 
64684      DEBUG main            d.u.i.k.p.i.IntermediateProofReplayer Proof replay took 6.3ns 
64787      INFO  main            d.u.i.k.p.r.p.TestFile    ... finished proof: open goal(s) 
140170     INFO  Test worker     d.u.i.k.p.r.RunAllProofsTestUnit Returning from test comprehensions 
140172     INFO  Test worker     d.u.i.k.p.r.RunAllProofsTestUnit Running test performance 
367        INFO  Timeout watchdog d.u.i.k.p.r.p.ForkedTestFileRunner Timeout watcher launched (2000 secs.) 
393        WARN  main            d.u.i.k.s.ProofSettings   The settings in /home/runner/.key/proof-settings.props are *not* read. 
420        INFO  main            d.u.i.k.p.r.p.TestFile    Now processing file /home/runner/work/key/key/key.core/../key.ui/examples/performance-test/Disjoint(Disjoint__disjoint_08()).JML_operation_contract.0.key 
532        INFO  main            d.u.i.k.p.i.AbstractProblemLoader Loading environment from /home/runner/work/key/key/key.core/../key.ui/examples/performance-test/Disjoint(Disjoint__disjoint_08()).JML_operation_contract.0.key 
550        DEBUG main            d.u.i.k.p.i.AbstractProblemLoader Environment load took 3.65ms 
755        INFO  main            d.u.i.k.p.i.AbstractProblemLoader Creating init config 
1715       DEBUG main            d.u.i.k.j.TypeConverter   No LDT found for Meta 
1716       DEBUG main            d.u.i.k.j.TypeConverter   No LDT found for Meta 
1720       DEBUG main            d.u.i.k.j.TypeConverter   No LDT found for Meta 
1720       DEBUG main            d.u.i.k.j.TypeConverter   No LDT found for Meta 
2971       DEBUG main            d.u.i.k.j.TypeConverter   No LDT found for JavaBigintExpression 
8077       DEBUG main            d.u.i.k.j.r.ClassPreparationMethodBuilder clPrepBuilder: Inner Class detected. Reject building class initialisation methods. 
15697      DEBUG main            d.u.i.k.p.i.AbstractProblemLoader Init config took 14.94s 
15879      INFO  main            d.u.i.k.p.i.AbstractProblemLoader Replaying proof Disjoint[Disjoint::disjoint_8()].JML operation contract.0 
15943      DEBUG main            d.u.i.k.p.i.IntermediateProofReplayer Proof replay took 348.8ns 
18301      INFO  main            d.u.i.k.p.r.p.TestFile    ... finished proof: closed. 
18501      INFO  main            d.u.i.k.p.i.AbstractProblemLoader Loading environment from /home/runner/work/key/key/key.core/../key.ui/examples/performance-test/Disjoint(Disjoint__disjoint_08()).JML_operation_contract.0.key.proof 
18502      DEBUG main            d.u.i.k.p.i.AbstractProblemLoader Environment load took 615.5ns 
18504      INFO  main            d.u.i.k.p.i.AbstractProblemLoader Creating init config 
21466      DEBUG main            d.u.i.k.j.r.ClassPreparationMethodBuilder clPrepBuilder: Inner Class detected. Reject building class initialisation methods. 
28134      DEBUG main            d.u.i.k.p.i.AbstractProblemLoader Init config took 9.63s 
28271      INFO  main            d.u.i.k.p.i.AbstractProblemLoader Replaying proof Disjoint[Disjoint::disjoint_8()].JML operation contract.0 
28590      DEBUG main            d.u.i.k.p.i.IntermediateProofReplayer Proof replay took 307.47ms 
28598      DEBUG main            d.u.i.k.p.r.p.TestFile    ... success: reloaded. 
28601      INFO  main            d.u.i.k.p.r.p.TestFile    Now processing file /home/runner/work/key/key/key.core/../key.ui/examples/performance-test/Disjoint(Disjoint__disjoint2_08()).JML_operation_contract.0.key 
28601      INFO  main            d.u.i.k.p.i.AbstractProblemLoader Loading environment from /home/runner/work/key/key/key.core/../key.ui/examples/performance-test/Disjoint(Disjoint__disjoint2_08()).JML_operation_contract.0.key 
28602      DEBUG main            d.u.i.k.p.i.AbstractProblemLoader Environment load took 326.8ns 
28603      INFO  main            d.u.i.k.p.i.AbstractProblemLoader Creating init config 
31557      DEBUG main            d.u.i.k.j.r.ClassPreparationMethodBuilder clPrepBuilder: Inner Class detected. Reject building class initialisation methods. 
38212      DEBUG main            d.u.i.k.p.i.AbstractProblemLoader Init config took 9.61s 
38305      INFO  main            d.u.i.k.p.i.AbstractProblemLoader Replaying proof Disjoint[Disjoint::disjoint2_8()].JML operation contract.0 
38309      DEBUG main            d.u.i.k.p.i.IntermediateProofReplayer Proof replay took 19ns 
39225      INFO  main            d.u.i.k.p.r.p.TestFile    ... finished proof: closed. 
39470      INFO  main            d.u.i.k.p.i.AbstractProblemLoader Loading environment from /home/runner/work/key/key/key.core/../key.ui/examples/performance-test/Disjoint(Disjoint__disjoint2_08()).JML_operation_contract.0.key.proof 
39473      DEBUG main            d.u.i.k.p.i.AbstractProblemLoader Environment load took 3.22ms 
39479      INFO  main            d.u.i.k.p.i.AbstractProblemLoader Creating init config 
42306      DEBUG main            d.u.i.k.j.r.ClassPreparationMethodBuilder clPrepBuilder: Inner Class detected. Reject building class initialisation methods. 
48919      DEBUG main            d.u.i.k.p.i.AbstractProblemLoader Init config took 9.44s 
49010      INFO  main            d.u.i.k.p.i.AbstractProblemLoader Replaying proof Disjoint[Disjoint::disjoint2_8()].JML operation contract.0 
49094      DEBUG main            d.u.i.k.p.i.IntermediateProofReplayer Proof replay took 79.45ms 
49097      DEBUG main            d.u.i.k.p.r.p.TestFile    ... success: reloaded. 
49102      INFO  main            d.u.i.k.p.r.p.TestFile    Now processing file /home/runner/work/key/key/key.core/../key.ui/examples/performance-test/AccessChain1(AccessChain1__foo_08()).JML_operation_contract.0.key 
49102      INFO  main            d.u.i.k.p.i.AbstractProblemLoader Loading environment from /home/runner/work/key/key/key.core/../key.ui/examples/performance-test/AccessChain1(AccessChain1__foo_08()).JML_operation_contract.0.key 
49103      DEBUG main            d.u.i.k.p.i.AbstractProblemLoader Environment load took 335.7ns 
49105      INFO  main            d.u.i.k.p.i.AbstractProblemLoader Creating init config 
51920      DEBUG main            d.u.i.k.j.r.ClassPreparationMethodBuilder clPrepBuilder: Inner Class detected. Reject building class initialisation methods. 
58502      DEBUG main            d.u.i.k.p.i.AbstractProblemLoader Init config took 9.4s 
58582      INFO  main            d.u.i.k.p.i.AbstractProblemLoader Replaying proof AccessChain1[AccessChain1::foo_8()].JML operation contract.0 
58584      DEBUG main            d.u.i.k.p.i.IntermediateProofReplayer Proof replay took 11.1ns 
60861      INFO  main            d.u.i.k.p.r.p.TestFile    ... finished proof: closed. 
61161      INFO  main            d.u.i.k.p.i.AbstractProblemLoader Loading environment from /home/runner/work/key/key/key.core/../key.ui/examples/performance-test/AccessChain1(AccessChain1__foo_08()).JML_operation_contract.0.key.proof 
61165      DEBUG main            d.u.i.k.p.i.AbstractProblemLoader Environment load took 4.01ms 
61168      INFO  main            d.u.i.k.p.i.AbstractProblemLoader Creating init config 
63914      DEBUG main            d.u.i.k.j.r.ClassPreparationMethodBuilder clPrepBuilder: Inner Class detected. Reject building class initialisation methods. 
70497      DEBUG main            d.u.i.k.p.i.AbstractProblemLoader Init config took 9.33s 
70577      INFO  main            d.u.i.k.p.i.AbstractProblemLoader Replaying proof AccessChain1[AccessChain1::foo_8()].JML operation contract.0 
71113      DEBUG main            d.u.i.k.p.i.IntermediateProofReplayer Proof replay took 520.99ms 
71115      DEBUG main            d.u.i.k.p.r.p.TestFile    ... success: reloaded. 
71117      INFO  main            d.u.i.k.p.r.p.TestFile    Now processing file /home/runner/work/key/key/key.core/../key.ui/examples/performance-test/AccessChain4(AccessChain4__foo_08()).JML_operation_contract.0.key 
71117      INFO  main            d.u.i.k.p.i.AbstractProblemLoader Loading environment from /home/runner/work/key/key/key.core/../key.ui/examples/performance-test/AccessChain4(AccessChain4__foo_08()).JML_operation_contract.0.key 
71118      DEBUG main            d.u.i.k.p.i.AbstractProblemLoader Environment load took 63.4ns 
71119      INFO  main            d.u.i.k.p.i.AbstractProblemLoader Creating init config 
73932      DEBUG main            d.u.i.k.j.r.ClassPreparationMethodBuilder clPrepBuilder: Inner Class detected. Reject building class initialisation methods. 
80505      DEBUG main            d.u.i.k.p.i.AbstractProblemLoader Init config took 9.39s 
80585      INFO  main            d.u.i.k.p.i.AbstractProblemLoader Replaying proof AccessChain4[AccessChain4::foo_8()].JML operation contract.0 
80587      DEBUG main            d.u.i.k.p.i.IntermediateProofReplayer Proof replay took 9.9ns 
86010      INFO  main            d.u.i.k.p.r.p.TestFile    ... finished proof: closed. 
86350      INFO  main            d.u.i.k.p.i.AbstractProblemLoader Loading environment from /home/runner/work/key/key/key.core/../key.ui/examples/performance-test/AccessChain4(AccessChain4__foo_08()).JML_operation_contract.0.key.proof 
86350      DEBUG main            d.u.i.k.p.i.AbstractProblemLoader Environment load took 207.5ns 
86361      INFO  main            d.u.i.k.p.i.AbstractProblemLoader Creating init config 
89064      DEBUG main            d.u.i.k.j.r.ClassPreparationMethodBuilder clPrepBuilder: Inner Class detected. Reject building class initialisation methods. 
95565      DEBUG main            d.u.i.k.p.i.AbstractProblemLoader Init config took 9.2s 
95644      INFO  main            d.u.i.k.p.i.AbstractProblemLoader Replaying proof AccessChain4[AccessChain4::foo_8()].JML operation contract.0 
96535      DEBUG main            d.u.i.k.p.i.IntermediateProofReplayer Proof replay took 859.48ms 
96538      DEBUG main            d.u.i.k.p.r.p.TestFile    ... success: reloaded. 
96539      INFO  main            d.u.i.k.p.r.p.TestFile    Now processing file /home/runner/work/key/key/key.core/../key.ui/examples/performance-test/Disjoint(Disjoint__xZero_08()).JML_operation_contract.0.key 
96540      INFO  main            d.u.i.k.p.i.AbstractProblemLoader Loading environment from /home/runner/work/key/key/key.core/../key.ui/examples/performance-test/Disjoint(Disjoint__xZero_08()).JML_operation_contract.0.key 
96540      DEBUG main            d.u.i.k.p.i.AbstractProblemLoader Environment load took 254ns 
96541      INFO  main            d.u.i.k.p.i.AbstractProblemLoader Creating init config 
99357      DEBUG main            d.u.i.k.j.r.ClassPreparationMethodBuilder clPrepBuilder: Inner Class detected. Reject building class initialisation methods. 
106061     DEBUG main            d.u.i.k.p.i.AbstractProblemLoader Init config took 9.52s 
106136     INFO  main            d.u.i.k.p.i.AbstractProblemLoader Replaying proof Disjoint[Disjoint::xZero_8()].JML operation contract.0 
106138     DEBUG main            d.u.i.k.p.i.IntermediateProofReplayer Proof replay took 9.9ns 
107066     INFO  main            d.u.i.k.p.r.p.TestFile    ... finished proof: closed. 
107396     INFO  main            d.u.i.k.p.i.AbstractProblemLoader Loading environment from /home/runner/work/key/key/key.core/../key.ui/examples/performance-test/Disjoint(Disjoint__xZero_08()).JML_operation_contract.0.key.proof 
107397     DEBUG main            d.u.i.k.p.i.AbstractProblemLoader Environment load took 530.3ns 
107398     INFO  main            d.u.i.k.p.i.AbstractProblemLoader Creating init config 
110080     DEBUG main            d.u.i.k.j.r.ClassPreparationMethodBuilder clPrepBuilder: Inner Class detected. Reject building class initialisation methods. 
116583     DEBUG main            d.u.i.k.p.i.AbstractProblemLoader Init config took 9.19s 
116681     INFO  main            d.u.i.k.p.i.AbstractProblemLoader Replaying proof Disjoint[Disjoint::xZero_8()].JML operation contract.0 
116861     DEBUG main            d.u.i.k.p.i.IntermediateProofReplayer Proof replay took 171.92ms 
116862     DEBUG main            d.u.i.k.p.r.p.TestFile    ... success: reloaded. 
116863     INFO  main            d.u.i.k.p.r.p.TestFile    Now processing file /home/runner/work/key/key/key.core/../key.ui/examples/performance-test/Dynamic(Dynamic__foo_08()).JML_operation_contract.0.key 
116864     INFO  main            d.u.i.k.p.i.AbstractProblemLoader Loading environment from /home/runner/work/key/key/key.core/../key.ui/examples/performance-test/Dynamic(Dynamic__foo_08()).JML_operation_contract.0.key 
116864     DEBUG main            d.u.i.k.p.i.AbstractProblemLoader Environment load took 100.8ns 
116865     INFO  main            d.u.i.k.p.i.AbstractProblemLoader Creating init config 
119611     DEBUG main            d.u.i.k.j.r.ClassPreparationMethodBuilder clPrepBuilder: Inner Class detected. Reject building class initialisation methods. 
126159     DEBUG main            d.u.i.k.p.i.AbstractProblemLoader Init config took 9.29s 
126233     INFO  main            d.u.i.k.p.i.AbstractProblemLoader Replaying proof Dynamic[Dynamic::foo_8()].JML operation contract.0 
126235     DEBUG main            d.u.i.k.p.i.IntermediateProofReplayer Proof replay took 10.5ns 
130948     INFO  main            d.u.i.k.p.r.p.TestFile    ... finished proof: closed. 
131301     INFO  main            d.u.i.k.p.i.AbstractProblemLoader Loading environment from /home/runner/work/key/key/key.core/../key.ui/examples/performance-test/Dynamic(Dynamic__foo_08()).JML_operation_contract.0.key.proof 
131301     DEBUG main            d.u.i.k.p.i.AbstractProblemLoader Environment load took 125.3ns 
131303     INFO  main            d.u.i.k.p.i.AbstractProblemLoader Creating init config 
133989     DEBUG main            d.u.i.k.j.r.ClassPreparationMethodBuilder clPrepBuilder: Inner Class detected. Reject building class initialisation methods. 
140472     DEBUG main            d.u.i.k.p.i.AbstractProblemLoader Init config took 9.17s 
140546     INFO  main            d.u.i.k.p.i.AbstractProblemLoader Replaying proof Dynamic[Dynamic::foo_8()].JML operation contract.0 
141106     DEBUG main            d.u.i.k.p.i.IntermediateProofReplayer Proof replay took 533.48ms 
141108     DEBUG main            d.u.i.k.p.r.p.TestFile    ... success: reloaded. 
141110     INFO  main            d.u.i.k.p.r.p.TestFile    Now processing file /home/runner/work/key/key/key.core/../key.ui/examples/performance-test/DynamicGhost(DynamicGhost__dynamicGhost_08()).JML_normal_behavior_operation_contract.0.key 
141110     INFO  main            d.u.i.k.p.i.AbstractProblemLoader Loading environment from /home/runner/work/key/key/key.core/../key.ui/examples/performance-test/DynamicGhost(DynamicGhost__dynamicGhost_08()).JML_normal_behavior_operation_contract.0.key 
141111     DEBUG main            d.u.i.k.p.i.AbstractProblemLoader Environment load took 259ns 
141112     INFO  main            d.u.i.k.p.i.AbstractProblemLoader Creating init config 
143875     DEBUG main            d.u.i.k.j.r.ClassPreparationMethodBuilder clPrepBuilder: Inner Class detected. Reject building class initialisation methods. 
150426     DEBUG main            d.u.i.k.p.i.AbstractProblemLoader Init config took 9.31s 
150503     INFO  main            d.u.i.k.p.i.AbstractProblemLoader Replaying proof DynamicGhost[DynamicGhost::dynamicGhost_8()].JML normal_behavior operation contract.0 
150505     DEBUG main            d.u.i.k.p.i.IntermediateProofReplayer Proof replay took 10.7ns 
154231     INFO  main            d.u.i.k.p.r.p.TestFile    ... finished proof: closed. 
154648     INFO  main            d.u.i.k.p.i.AbstractProblemLoader Loading environment from /home/runner/work/key/key/key.core/../key.ui/examples/performance-test/DynamicGhost(DynamicGhost__dynamicGhost_08()).JML_normal_behavior_operation_contract.0.key.proof 
154651     DEBUG main            d.u.i.k.p.i.AbstractProblemLoader Environment load took 3.59ms 
154653     INFO  main            d.u.i.k.p.i.AbstractProblemLoader Creating init config 
157313     DEBUG main            d.u.i.k.j.r.ClassPreparationMethodBuilder clPrepBuilder: Inner Class detected. Reject building class initialisation methods. 
163830     DEBUG main            d.u.i.k.p.i.AbstractProblemLoader Init config took 9.18s 
163907     INFO  main            d.u.i.k.p.i.AbstractProblemLoader Replaying proof DynamicGhost[DynamicGhost::dynamicGhost_8()].JML normal_behavior operation contract.0 
164444     DEBUG main            d.u.i.k.p.i.IntermediateProofReplayer Proof replay took 490.22ms 
164447     DEBUG main            d.u.i.k.p.r.p.TestFile    ... success: reloaded. 
164448     INFO  main            d.u.i.k.p.r.p.TestFile    Now processing file /home/runner/work/key/key/key.core/../key.ui/examples/performance-test/GhostFrame(GhostFrame__foo_08()).JML_operation_contract.0.key 
164449     INFO  main            d.u.i.k.p.i.AbstractProblemLoader Loading environment from /home/runner/work/key/key/key.core/../key.ui/examples/performance-test/GhostFrame(GhostFrame__foo_08()).JML_operation_contract.0.key 
164449     DEBUG main            d.u.i.k.p.i.AbstractProblemLoader Environment load took 305.7ns 
164450     INFO  main            d.u.i.k.p.i.AbstractProblemLoader Creating init config 
167229     DEBUG main            d.u.i.k.j.r.ClassPreparationMethodBuilder clPrepBuilder: Inner Class detected. Reject building class initialisation methods. 
173760     DEBUG main            d.u.i.k.p.i.AbstractProblemLoader Init config took 9.31s 
173856     INFO  main            d.u.i.k.p.i.AbstractProblemLoader Replaying proof GhostFrame[GhostFrame::foo_8()].JML operation contract.0 
173858     DEBUG main            d.u.i.k.p.i.IntermediateProofReplayer Proof replay took 11.9ns 
175604     INFO  main            d.u.i.k.p.r.p.TestFile    ... finished proof: closed. 
175987     INFO  main            d.u.i.k.p.i.AbstractProblemLoader Loading environment from /home/runner/work/key/key/key.core/../key.ui/examples/performance-test/GhostFrame(GhostFrame__foo_08()).JML_operation_contract.0.key.proof 
175988     DEBUG main            d.u.i.k.p.i.AbstractProblemLoader Environment load took 515.9ns 
175990     INFO  main            d.u.i.k.p.i.AbstractProblemLoader Creating init config 
178652     DEBUG main            d.u.i.k.j.r.ClassPreparationMethodBuilder clPrepBuilder: Inner Class detected. Reject building class initialisation methods. 
185122     DEBUG main            d.u.i.k.p.i.AbstractProblemLoader Init config took 9.13s 
185194     INFO  main            d.u.i.k.p.i.AbstractProblemLoader Replaying proof GhostFrame[GhostFrame::foo_8()].JML operation contract.0 
185497     DEBUG main            d.u.i.k.p.i.IntermediateProofReplayer Proof replay took 294.3ms 
185498     DEBUG main            d.u.i.k.p.r.p.TestFile    ... success: reloaded. 
185500     INFO  main            d.u.i.k.p.r.p.TestFile    Now processing file /home/runner/work/key/key/key.core/../key.ui/examples/performance-test/Modelfield(Modelfield__foo_08()).JML_operation_contract.0.key 
185500     INFO  main            d.u.i.k.p.i.AbstractProblemLoader Loading environment from /home/runner/work/key/key/key.core/../key.ui/examples/performance-test/Modelfield(Modelfield__foo_08()).JML_operation_contract.0.key 
185500     DEBUG main            d.u.i.k.p.i.AbstractProblemLoader Environment load took 110.7ns 
185501     INFO  main            d.u.i.k.p.i.AbstractProblemLoader Creating init config 
188250     DEBUG main            d.u.i.k.j.r.ClassPreparationMethodBuilder clPrepBuilder: Inner Class detected. Reject building class initialisation methods. 
194775     DEBUG main            d.u.i.k.p.i.AbstractProblemLoader Init config took 9.27s 
194851     INFO  main            d.u.i.k.p.i.AbstractProblemLoader Replaying proof Modelfield[Modelfield::foo_8()].JML operation contract.0 
194853     DEBUG main            d.u.i.k.p.i.IntermediateProofReplayer Proof replay took 5.5ns 
197596     INFO  main            d.u.i.k.p.r.p.TestFile    ... finished proof: closed. 
197991     INFO  main            d.u.i.k.p.i.AbstractProblemLoader Loading environment from /home/runner/work/key/key/key.core/../key.ui/examples/performance-test/Modelfield(Modelfield__foo_08()).JML_operation_contract.0.key.proof 
197991     DEBUG main            d.u.i.k.p.i.AbstractProblemLoader Environment load took 521.5ns 
197993     INFO  main            d.u.i.k.p.i.AbstractProblemLoader Creating init config 
200642     DEBUG main            d.u.i.k.j.r.ClassPreparationMethodBuilder clPrepBuilder: Inner Class detected. Reject building class initialisation methods. 
207127     DEBUG main            d.u.i.k.p.i.AbstractProblemLoader Init config took 9.13s 
207199     INFO  main            d.u.i.k.p.i.AbstractProblemLoader Replaying proof Modelfield[Modelfield::foo_8()].JML operation contract.0 
207570     DEBUG main            d.u.i.k.p.i.IntermediateProofReplayer Proof replay took 357.87ms 
207575     DEBUG main            d.u.i.k.p.r.p.TestFile    ... success: reloaded. 
347908     INFO  Test worker     d.u.i.k.p.r.RunAllProofsTestUnit Returning from test performance 
347915     INFO  Test worker     d.u.i.k.p.r.RunAllProofsTestUnit Running test performancePOConstruction 
334        INFO  Timeout watchdog d.u.i.k.p.r.p.ForkedTestFileRunner Timeout watcher launched (2000 secs.) 
338        WARN  main            d.u.i.k.s.ProofSettings   The settings in /home/runner/.key/proof-settings.props are *not* read. 
368        INFO  main            d.u.i.k.p.r.p.TestFile    Now processing file /home/runner/work/key/key/key.core/../key.ui/examples/performance-test/Test(Test__a0(int)).JML_normal_behavior_operation_contract.0.key 
479        INFO  main            d.u.i.k.p.i.AbstractProblemLoader Loading environment from /home/runner/work/key/key/key.core/../key.ui/examples/performance-test/Test(Test__a0(int)).JML_normal_behavior_operation_contract.0.key 
504        DEBUG main            d.u.i.k.p.i.AbstractProblemLoader Environment load took 1.93ms 
720        INFO  main            d.u.i.k.p.i.AbstractProblemLoader Creating init config 
1638       DEBUG main            d.u.i.k.j.TypeConverter   No LDT found for Meta 
1643       DEBUG main            d.u.i.k.j.TypeConverter   No LDT found for Meta 
1645       DEBUG main            d.u.i.k.j.TypeConverter   No LDT found for Meta 
1645       DEBUG main            d.u.i.k.j.TypeConverter   No LDT found for Meta 
2928       DEBUG main            d.u.i.k.j.TypeConverter   No LDT found for JavaBigintExpression 
8821       DEBUG main            d.u.i.k.j.r.ClassPreparationMethodBuilder clPrepBuilder: Inner Class detected. Reject building class initialisation methods. 
17088      DEBUG main            d.u.i.k.p.i.AbstractProblemLoader Init config took 16.37s 
18040      INFO  main            d.u.i.k.p.i.AbstractProblemLoader Replaying proof Test[Test::a0(int)].JML normal_behavior operation contract.0 
18117      DEBUG main            d.u.i.k.p.i.IntermediateProofReplayer Proof replay took 30.9ns 
18475      INFO  main            d.u.i.k.p.r.p.TestFile    ... finished proof: closed. 
18635      INFO  main            d.u.i.k.p.i.AbstractProblemLoader Loading environment from /home/runner/work/key/key/key.core/../key.ui/examples/performance-test/Test(Test__a0(int)).JML_normal_behavior_operation_contract.0.key.proof 
18635      DEBUG main            d.u.i.k.p.i.AbstractProblemLoader Environment load took 128.1ns 
18637      INFO  main            d.u.i.k.p.i.AbstractProblemLoader Creating init config 
21779      DEBUG main            d.u.i.k.j.r.ClassPreparationMethodBuilder clPrepBuilder: Inner Class detected. Reject building class initialisation methods. 
29070      DEBUG main            d.u.i.k.p.i.AbstractProblemLoader Init config took 10.43s 
29763      INFO  main            d.u.i.k.p.i.AbstractProblemLoader Replaying proof Test[Test::a0(int)].JML normal_behavior operation contract.0 
29792      DEBUG main            d.u.i.k.p.i.IntermediateProofReplayer Proof replay took 24.48ms 
29806      DEBUG main            d.u.i.k.p.r.p.TestFile    ... success: reloaded. 
29809      INFO  main            d.u.i.k.p.r.p.TestFile    Now processing file /home/runner/work/key/key/key.core/../key.ui/examples/performance-test/Test(Test__a1(int)).JML_normal_behavior_operation_contract.0.key 
29811      INFO  main            d.u.i.k.p.i.AbstractProblemLoader Loading environment from /home/runner/work/key/key/key.core/../key.ui/examples/performance-test/Test(Test__a1(int)).JML_normal_behavior_operation_contract.0.key 
29812      DEBUG main            d.u.i.k.p.i.AbstractProblemLoader Environment load took 294.9ns 
29813      INFO  main            d.u.i.k.p.i.AbstractProblemLoader Creating init config 
32882      DEBUG main            d.u.i.k.j.r.ClassPreparationMethodBuilder clPrepBuilder: Inner Class detected. Reject building class initialisation methods. 
39940      DEBUG main            d.u.i.k.p.i.AbstractProblemLoader Init config took 10.13s 
40624      INFO  main            d.u.i.k.p.i.AbstractProblemLoader Replaying proof Test[Test::a1(int)].JML normal_behavior operation contract.0 
40626      DEBUG main            d.u.i.k.p.i.IntermediateProofReplayer Proof replay took 6ns 
40929      INFO  main            d.u.i.k.p.r.p.TestFile    ... finished proof: closed. 
41157      INFO  main            d.u.i.k.p.i.AbstractProblemLoader Loading environment from /home/runner/work/key/key/key.core/../key.ui/examples/performance-test/Test(Test__a1(int)).JML_normal_behavior_operation_contract.0.key.proof 
41157      DEBUG main            d.u.i.k.p.i.AbstractProblemLoader Environment load took 426.3ns 
41159      INFO  main            d.u.i.k.p.i.AbstractProblemLoader Creating init config 
44142      DEBUG main            d.u.i.k.j.r.ClassPreparationMethodBuilder clPrepBuilder: Inner Class detected. Reject building class initialisation methods. 
51138      DEBUG main            d.u.i.k.p.i.AbstractProblemLoader Init config took 9.98s 
51772      INFO  main            d.u.i.k.p.i.AbstractProblemLoader Replaying proof Test[Test::a1(int)].JML normal_behavior operation contract.0 
51887      DEBUG main            d.u.i.k.p.i.IntermediateProofReplayer Proof replay took 111.52ms 
51891      DEBUG main            d.u.i.k.p.r.p.TestFile    ... success: reloaded. 
51894      INFO  main            d.u.i.k.p.r.p.TestFile    Now processing file /home/runner/work/key/key/key.core/../key.ui/examples/performance-test/Test(Test__f1(int)).JML_normal_behavior_operation_contract.0.key 
51894      INFO  main            d.u.i.k.p.i.AbstractProblemLoader Loading environment from /home/runner/work/key/key/key.core/../key.ui/examples/performance-test/Test(Test__f1(int)).JML_normal_behavior_operation_contract.0.key 
51894      DEBUG main            d.u.i.k.p.i.AbstractProblemLoader Environment load took 263ns 
51898      INFO  main            d.u.i.k.p.i.AbstractProblemLoader Creating init config 
54911      DEBUG main            d.u.i.k.j.r.ClassPreparationMethodBuilder clPrepBuilder: Inner Class detected. Reject building class initialisation methods. 
61955      DEBUG main            d.u.i.k.p.i.AbstractProblemLoader Init config took 10.06s 
62623      INFO  main            d.u.i.k.p.i.AbstractProblemLoader Replaying proof Test[Test::f1(int)].JML normal_behavior operation contract.0 
62625      DEBUG main            d.u.i.k.p.i.IntermediateProofReplayer Proof replay took 5.2ns 
62831      INFO  main            d.u.i.k.p.r.p.TestFile    ... finished proof: closed. 
63083      INFO  main            d.u.i.k.p.i.AbstractProblemLoader Loading environment from /home/runner/work/key/key/key.core/../key.ui/examples/performance-test/Test(Test__f1(int)).JML_normal_behavior_operation_contract.0.key.proof 
63085      DEBUG main            d.u.i.k.p.i.AbstractProblemLoader Environment load took 2.63ms 
63087      INFO  main            d.u.i.k.p.i.AbstractProblemLoader Creating init config 
66018      DEBUG main            d.u.i.k.j.r.ClassPreparationMethodBuilder clPrepBuilder: Inner Class detected. Reject building class initialisation methods. 
73010      DEBUG main            d.u.i.k.p.i.AbstractProblemLoader Init config took 9.92s 
73640      INFO  main            d.u.i.k.p.i.AbstractProblemLoader Replaying proof Test[Test::f1(int)].JML normal_behavior operation contract.0 
73698      DEBUG main            d.u.i.k.p.i.IntermediateProofReplayer Proof replay took 50.72ms 
73699      DEBUG main            d.u.i.k.p.r.p.TestFile    ... success: reloaded. 
421776     INFO  Test worker     d.u.i.k.p.r.RunAllProofsTestUnit Returning from test performancePOConstruction 
421777     INFO  Test worker     d.u.i.k.p.r.RunAllProofsTestUnit Running test applicationRestrictions 
343        INFO  Timeout watchdog d.u.i.k.p.r.p.ForkedTestFileRunner Timeout watcher launched (2000 secs.) 
359        WARN  main            d.u.i.k.s.ProofSettings   The settings in /home/runner/.key/proof-settings.props are *not* read. 
404        INFO  main            d.u.i.k.p.r.p.TestFile    Now processing file /home/runner/work/key/key/key.core/../key.ui/examples/heap/polarity_tests/wellformed1.key 
542        INFO  main            d.u.i.k.p.i.AbstractProblemLoader Loading environment from /home/runner/work/key/key/key.core/../key.ui/examples/heap/polarity_tests/wellformed1.key 
558        DEBUG main            d.u.i.k.p.i.AbstractProblemLoader Environment load took 2.19ms 
771        INFO  main            d.u.i.k.p.i.AbstractProblemLoader Creating init config 
1538       DEBUG main            d.u.i.k.j.TypeConverter   No LDT found for Meta 
1538       DEBUG main            d.u.i.k.j.TypeConverter   No LDT found for Meta 
1539       DEBUG main            d.u.i.k.j.TypeConverter   No LDT found for Meta 
1539       DEBUG main            d.u.i.k.j.TypeConverter   No LDT found for Meta 
2770       DEBUG main            d.u.i.k.j.TypeConverter   No LDT found for JavaBigintExpression 
7646       DEBUG main            d.u.i.k.p.i.AbstractProblemLoader Init config took 6.87s 
7741       INFO  main            d.u.i.k.p.i.AbstractProblemLoader Replaying proof wellformed1.key 
7775       DEBUG main            d.u.i.k.p.i.IntermediateProofReplayer Proof replay took 32ns 
7934       INFO  main            d.u.i.k.p.r.p.TestFile    ... finished proof: closed. 
8029       INFO  main            d.u.i.k.p.i.AbstractProblemLoader Loading environment from /home/runner/work/key/key/key.core/../key.ui/examples/heap/polarity_tests/wellformed1.key.proof 
8029       DEBUG main            d.u.i.k.p.i.AbstractProblemLoader Environment load took 133.2ns 
8032       INFO  main            d.u.i.k.p.i.AbstractProblemLoader Creating init config 
10757      DEBUG main            d.u.i.k.p.i.AbstractProblemLoader Init config took 2.72s 
10786      INFO  main            d.u.i.k.p.i.AbstractProblemLoader Replaying proof wellformed1.key.proof 
10793      DEBUG main            d.u.i.k.p.i.IntermediateProofReplayer Proof replay took 2.17ms 
10803      DEBUG main            d.u.i.k.p.r.p.TestFile    ... success: reloaded. 
10804      INFO  main            d.u.i.k.p.r.p.TestFile    Now processing file /home/runner/work/key/key/key.core/../key.ui/examples/heap/polarity_tests/wellformed2.key 
10805      INFO  main            d.u.i.k.p.i.AbstractProblemLoader Loading environment from /home/runner/work/key/key/key.core/../key.ui/examples/heap/polarity_tests/wellformed2.key 
10805      DEBUG main            d.u.i.k.p.i.AbstractProblemLoader Environment load took 250.9ns 
10806      INFO  main            d.u.i.k.p.i.AbstractProblemLoader Creating init config 
13581      DEBUG main            d.u.i.k.p.i.AbstractProblemLoader Init config took 2.77s 
13610      INFO  main            d.u.i.k.p.i.AbstractProblemLoader Replaying proof wellformed2.key 
13612      DEBUG main            d.u.i.k.p.i.IntermediateProofReplayer Proof replay took 5.6ns 
13714      INFO  main            d.u.i.k.p.r.p.TestFile    ... finished proof: open goal(s) 
13832      INFO  main            d.u.i.k.p.r.p.TestFile    Now processing file /home/runner/work/key/key/key.core/../key.ui/examples/heap/polarity_tests/wellformed3.key 
13833      INFO  main            d.u.i.k.p.i.AbstractProblemLoader Loading environment from /home/runner/work/key/key/key.core/../key.ui/examples/heap/polarity_tests/wellformed3.key 
13833      DEBUG main            d.u.i.k.p.i.AbstractProblemLoader Environment load took 72.1ns 
13834      INFO  main            d.u.i.k.p.i.AbstractProblemLoader Creating init config 
16428      DEBUG main            d.u.i.k.p.i.AbstractProblemLoader Init config took 2.59s 
16451      INFO  main            d.u.i.k.p.i.AbstractProblemLoader Replaying proof wellformed3.key 
16452      DEBUG main            d.u.i.k.p.i.IntermediateProofReplayer Proof replay took 5.4ns 
16555      INFO  main            d.u.i.k.p.r.p.TestFile    ... finished proof: closed. 
16678      INFO  main            d.u.i.k.p.i.AbstractProblemLoader Loading environment from /home/runner/work/key/key/key.core/../key.ui/examples/heap/polarity_tests/wellformed3.key.proof 
16678      DEBUG main            d.u.i.k.p.i.AbstractProblemLoader Environment load took 123ns 
16683      INFO  main            d.u.i.k.p.i.AbstractProblemLoader Creating init config 
19205      DEBUG main            d.u.i.k.p.i.AbstractProblemLoader Init config took 2.52s 
19224      INFO  main            d.u.i.k.p.i.AbstractProblemLoader Replaying proof wellformed3.key.proof 
19231      DEBUG main            d.u.i.k.p.i.IntermediateProofReplayer Proof replay took 4.96ms 
19232      DEBUG main            d.u.i.k.p.r.p.TestFile    ... success: reloaded. 
19235      INFO  main            d.u.i.k.p.r.p.TestFile    Now processing file /home/runner/work/key/key/key.core/../key.ui/examples/heap/polarity_tests/wellformed4.key 
19236      INFO  main            d.u.i.k.p.i.AbstractProblemLoader Loading environment from /home/runner/work/key/key/key.core/../key.ui/examples/heap/polarity_tests/wellformed4.key 
19236      DEBUG main            d.u.i.k.p.i.AbstractProblemLoader Environment load took 309.2ns 
19240      INFO  main            d.u.i.k.p.i.AbstractProblemLoader Creating init config 
21837      DEBUG main            d.u.i.k.p.i.AbstractProblemLoader Init config took 2.6s 
21856      INFO  main            d.u.i.k.p.i.AbstractProblemLoader Replaying proof wellformed4.key 
21858      DEBUG main            d.u.i.k.p.i.IntermediateProofReplayer Proof replay took 5.9ns 
21961      INFO  main            d.u.i.k.p.r.p.TestFile    ... finished proof: open goal(s) 
22078      INFO  main            d.u.i.k.p.r.p.TestFile    Now processing file /home/runner/work/key/key/key.core/../key.ui/examples/heap/polarity_tests/wellformed5.key 
22079      INFO  main            d.u.i.k.p.i.AbstractProblemLoader Loading environment from /home/runner/work/key/key/key.core/../key.ui/examples/heap/polarity_tests/wellformed5.key 
22079      DEBUG main            d.u.i.k.p.i.AbstractProblemLoader Environment load took 62.7ns 
22080      INFO  main            d.u.i.k.p.i.AbstractProblemLoader Creating init config 
24628      DEBUG main            d.u.i.k.p.i.AbstractProblemLoader Init config took 2.55s 
24647      INFO  main            d.u.i.k.p.i.AbstractProblemLoader Replaying proof wellformed5.key 
24648      DEBUG main            d.u.i.k.p.i.IntermediateProofReplayer Proof replay took 5.9ns 
24753      INFO  main            d.u.i.k.p.r.p.TestFile    ... finished proof: closed. 
24867      INFO  main            d.u.i.k.p.i.AbstractProblemLoader Loading environment from /home/runner/work/key/key/key.core/../key.ui/examples/heap/polarity_tests/wellformed5.key.proof 
24867      DEBUG main            d.u.i.k.p.i.AbstractProblemLoader Environment load took 113ns 
24868      INFO  main            d.u.i.k.p.i.AbstractProblemLoader Creating init config 
27406      DEBUG main            d.u.i.k.p.i.AbstractProblemLoader Init config took 2.54s 
27441      INFO  main            d.u.i.k.p.i.AbstractProblemLoader Replaying proof wellformed5.key.proof 
27451      DEBUG main            d.u.i.k.p.i.IntermediateProofReplayer Proof replay took 4.86ms 
27452      DEBUG main            d.u.i.k.p.r.p.TestFile    ... success: reloaded. 
27453      INFO  main            d.u.i.k.p.r.p.TestFile    Now processing file /home/runner/work/key/key/key.core/../key.ui/examples/heap/polarity_tests/wellformed6.key 
27454      INFO  main            d.u.i.k.p.i.AbstractProblemLoader Loading environment from /home/runner/work/key/key/key.core/../key.ui/examples/heap/polarity_tests/wellformed6.key 
27454      DEBUG main            d.u.i.k.p.i.AbstractProblemLoader Environment load took 244.7ns 
27455      INFO  main            d.u.i.k.p.i.AbstractProblemLoader Creating init config 
29987      DEBUG main            d.u.i.k.p.i.AbstractProblemLoader Init config took 2.53s 
30005      INFO  main            d.u.i.k.p.i.AbstractProblemLoader Replaying proof wellformed6.key 
30007      DEBUG main            d.u.i.k.p.i.IntermediateProofReplayer Proof replay took 6ns 
30113      INFO  main            d.u.i.k.p.r.p.TestFile    ... finished proof: open goal(s) 
30242      INFO  main            d.u.i.k.p.r.p.TestFile    Now processing file /home/runner/work/key/key/key.core/../key.ui/examples/heap/polarity_tests/wellformed7.key 
30242      INFO  main            d.u.i.k.p.i.AbstractProblemLoader Loading environment from /home/runner/work/key/key/key.core/../key.ui/examples/heap/polarity_tests/wellformed7.key 
30242      DEBUG main            d.u.i.k.p.i.AbstractProblemLoader Environment load took 60.5ns 
30243      INFO  main            d.u.i.k.p.i.AbstractProblemLoader Creating init config 
32722      DEBUG main            d.u.i.k.p.i.AbstractProblemLoader Init config took 2.48s 
32740      INFO  main            d.u.i.k.p.i.AbstractProblemLoader Replaying proof wellformed7.key 
32742      DEBUG main            d.u.i.k.p.i.IntermediateProofReplayer Proof replay took 6.8ns 
32844      INFO  main            d.u.i.k.p.r.p.TestFile    ... finished proof: closed. 
33037      INFO  main            d.u.i.k.p.i.AbstractProblemLoader Loading environment from /home/runner/work/key/key/key.core/../key.ui/examples/heap/polarity_tests/wellformed7.key.proof 
33037      DEBUG main            d.u.i.k.p.i.AbstractProblemLoader Environment load took 104.2ns 
33038      INFO  main            d.u.i.k.p.i.AbstractProblemLoader Creating init config 
35546      DEBUG main            d.u.i.k.p.i.AbstractProblemLoader Init config took 2.51s 
35562      INFO  main            d.u.i.k.p.i.AbstractProblemLoader Replaying proof wellformed7.key.proof 
35565      DEBUG main            d.u.i.k.p.i.IntermediateProofReplayer Proof replay took 1.47ms 
35566      DEBUG main            d.u.i.k.p.r.p.TestFile    ... success: reloaded. 
35567      INFO  main            d.u.i.k.p.r.p.TestFile    Now processing file /home/runner/work/key/key/key.core/../key.ui/examples/heap/polarity_tests/wellformed8.key 
35568      INFO  main            d.u.i.k.p.i.AbstractProblemLoader Loading environment from /home/runner/work/key/key/key.core/../key.ui/examples/heap/polarity_tests/wellformed8.key 
35568      DEBUG main            d.u.i.k.p.i.AbstractProblemLoader Environment load took 217.6ns 
35569      INFO  main            d.u.i.k.p.i.AbstractProblemLoader Creating init config 
38146      DEBUG main            d.u.i.k.p.i.AbstractProblemLoader Init config took 2.58s 
38163      INFO  main            d.u.i.k.p.i.AbstractProblemLoader Replaying proof wellformed8.key 
38164      DEBUG main            d.u.i.k.p.i.IntermediateProofReplayer Proof replay took 7.7ns 
38266      INFO  main            d.u.i.k.p.r.p.TestFile    ... finished proof: open goal(s) 
38407      INFO  main            d.u.i.k.p.r.p.TestFile    Now processing file /home/runner/work/key/key/key.core/../key.ui/examples/heap/polarity_tests/wellformed9.key 
38407      INFO  main            d.u.i.k.p.i.AbstractProblemLoader Loading environment from /home/runner/work/key/key/key.core/../key.ui/examples/heap/polarity_tests/wellformed9.key 
38407      DEBUG main            d.u.i.k.p.i.AbstractProblemLoader Environment load took 61.7ns 
38414      INFO  main            d.u.i.k.p.i.AbstractProblemLoader Creating init config 
40877      DEBUG main            d.u.i.k.p.i.AbstractProblemLoader Init config took 2.46s 
40892      INFO  main            d.u.i.k.p.i.AbstractProblemLoader Replaying proof wellformed9.key 
40893      DEBUG main            d.u.i.k.p.i.IntermediateProofReplayer Proof replay took 6.8ns 
40995      INFO  main            d.u.i.k.p.r.p.TestFile    ... finished proof: closed. 
41119      INFO  main            d.u.i.k.p.i.AbstractProblemLoader Loading environment from /home/runner/work/key/key/key.core/../key.ui/examples/heap/polarity_tests/wellformed9.key.proof 
41119      DEBUG main            d.u.i.k.p.i.AbstractProblemLoader Environment load took 112.8ns 
41120      INFO  main            d.u.i.k.p.i.AbstractProblemLoader Creating init config 
43571      DEBUG main            d.u.i.k.p.i.AbstractProblemLoader Init config took 2.45s 
43586      INFO  main            d.u.i.k.p.i.AbstractProblemLoader Replaying proof wellformed9.key.proof 
43589      DEBUG main            d.u.i.k.p.i.IntermediateProofReplayer Proof replay took 1.33ms 
43589      DEBUG main            d.u.i.k.p.r.p.TestFile    ... success: reloaded. 
43590      INFO  main            d.u.i.k.p.r.p.TestFile    Now processing file /home/runner/work/key/key/key.core/../key.ui/examples/heap/polarity_tests/wellformed10.key 
43590      INFO  main            d.u.i.k.p.i.AbstractProblemLoader Loading environment from /home/runner/work/key/key/key.core/../key.ui/examples/heap/polarity_tests/wellformed10.key 
43590      DEBUG main            d.u.i.k.p.i.AbstractProblemLoader Environment load took 87.8ns 
43591      INFO  main            d.u.i.k.p.i.AbstractProblemLoader Creating init config 
46101      DEBUG main            d.u.i.k.p.i.AbstractProblemLoader Init config took 2.51s 
46116      INFO  main            d.u.i.k.p.i.AbstractProblemLoader Replaying proof wellformed10.key 
46117      DEBUG main            d.u.i.k.p.i.IntermediateProofReplayer Proof replay took 7.1ns 
46222      INFO  main            d.u.i.k.p.r.p.TestFile    ... finished proof: open goal(s) 
46370      INFO  main            d.u.i.k.p.r.p.TestFile    Now processing file /home/runner/work/key/key/key.core/../key.ui/examples/heap/polarity_tests/wellformed11.key 
46371      INFO  main            d.u.i.k.p.i.AbstractProblemLoader Loading environment from /home/runner/work/key/key/key.core/../key.ui/examples/heap/polarity_tests/wellformed11.key 
46371      DEBUG main            d.u.i.k.p.i.AbstractProblemLoader Environment load took 66.7ns 
46372      INFO  main            d.u.i.k.p.i.AbstractProblemLoader Creating init config 
48826      DEBUG main            d.u.i.k.p.i.AbstractProblemLoader Init config took 2.45s 
48842      INFO  main            d.u.i.k.p.i.AbstractProblemLoader Replaying proof wellformed11.key 
48846      DEBUG main            d.u.i.k.p.i.IntermediateProofReplayer Proof replay took 7.1ns 
48949      INFO  main            d.u.i.k.p.r.p.TestFile    ... finished proof: open goal(s) 
471038     INFO  Test worker     d.u.i.k.p.r.RunAllProofsTestUnit Returning from test applicationRestrictions 
471040     INFO  Test worker     d.u.i.k.p.r.RunAllProofsTestUnit Running test blockContracts 
392        INFO  Timeout watchdog d.u.i.k.p.r.p.ForkedTestFileRunner Timeout watcher launched (2000 secs.) 
412        WARN  main            d.u.i.k.s.ProofSettings   The settings in /home/runner/.key/proof-settings.props are *not* read. 
461        INFO  main            d.u.i.k.p.r.p.TestFile    Now processing file /home/runner/work/key/key/key.core/../key.ui/examples/heap/block_contracts/Simple__add.key 
582        INFO  main            d.u.i.k.p.i.AbstractProblemLoader Loading environment from /home/runner/work/key/key/key.core/../key.ui/examples/heap/block_contracts/Simple__add.key 
607        DEBUG main            d.u.i.k.p.i.AbstractProblemLoader Environment load took 1.88ms 
840        INFO  main            d.u.i.k.p.i.AbstractProblemLoader Creating init config 
1732       DEBUG main            d.u.i.k.j.TypeConverter   No LDT found for Meta 
1732       DEBUG main            d.u.i.k.j.TypeConverter   No LDT found for Meta 
1736       DEBUG main            d.u.i.k.j.TypeConverter   No LDT found for Meta 
1736       DEBUG main            d.u.i.k.j.TypeConverter   No LDT found for Meta 
2869       DEBUG main            d.u.i.k.j.TypeConverter   No LDT found for JavaBigintExpression 
8775       DEBUG main            d.u.i.k.p.i.AbstractProblemLoader Init config took 7.93s 
8943       INFO  main            d.u.i.k.p.i.AbstractProblemLoader Replaying proof Simple[Simple::add(int,int)].JML operation contract.0 
9004       DEBUG main            d.u.i.k.p.i.IntermediateProofReplayer Proof replay took 308ns 
9729       INFO  main            d.u.i.k.p.r.p.TestFile    ... finished proof: closed. 
9834       INFO  main            d.u.i.k.p.i.AbstractProblemLoader Loading environment from /home/runner/work/key/key/key.core/../key.ui/examples/heap/block_contracts/Simple__add.key.proof 
9835       DEBUG main            d.u.i.k.p.i.AbstractProblemLoader Environment load took 961.9ns 
9838       INFO  main            d.u.i.k.p.i.AbstractProblemLoader Creating init config 
13138      DEBUG main            d.u.i.k.p.i.AbstractProblemLoader Init config took 3.3s 
13215      INFO  main            d.u.i.k.p.i.AbstractProblemLoader Replaying proof Simple[Simple::add(int,int)].JML operation contract.0 
13288      DEBUG main            d.u.i.k.p.i.IntermediateProofReplayer Proof replay took 69.11ms 
13295      DEBUG main            d.u.i.k.p.r.p.TestFile    ... success: reloaded. 
13296      INFO  main            d.u.i.k.p.r.p.TestFile    Now processing file /home/runner/work/key/key/key.core/../key.ui/examples/heap/block_contracts/Simple__addAbsoluteValues.key 
13296      INFO  main            d.u.i.k.p.i.AbstractProblemLoader Loading environment from /home/runner/work/key/key/key.core/../key.ui/examples/heap/block_contracts/Simple__addAbsoluteValues.key 
13297      DEBUG main            d.u.i.k.p.i.AbstractProblemLoader Environment load took 229.2ns 
13298      INFO  main            d.u.i.k.p.i.AbstractProblemLoader Creating init config 
16448      DEBUG main            d.u.i.k.p.i.AbstractProblemLoader Init config took 3.15s 
16513      INFO  main            d.u.i.k.p.i.AbstractProblemLoader Replaying proof Simple[Simple::addAbsoluteValues(int,int)].JML normal_behavior operation contract.0 
16516      DEBUG main            d.u.i.k.p.i.IntermediateProofReplayer Proof replay took 13.3ns 
17434      INFO  main            d.u.i.k.p.r.p.TestFile    ... finished proof: closed. 
17604      INFO  main            d.u.i.k.p.i.AbstractProblemLoader Loading environment from /home/runner/work/key/key/key.core/../key.ui/examples/heap/block_contracts/Simple__addAbsoluteValues.key.proof 
17605      DEBUG main            d.u.i.k.p.i.AbstractProblemLoader Environment load took 618.7ns 
17607      INFO  main            d.u.i.k.p.i.AbstractProblemLoader Creating init config 
20698      DEBUG main            d.u.i.k.p.i.AbstractProblemLoader Init config took 3.09s 
20750      INFO  main            d.u.i.k.p.i.AbstractProblemLoader Replaying proof Simple[Simple::addAbsoluteValues(int,int)].JML normal_behavior operation contract.0 
20925      DEBUG main            d.u.i.k.p.i.IntermediateProofReplayer Proof replay took 166.69ms 
20927      DEBUG main            d.u.i.k.p.r.p.TestFile    ... success: reloaded. 
20928      INFO  main            d.u.i.k.p.r.p.TestFile    Now processing file /home/runner/work/key/key/key.core/../key.ui/examples/heap/block_contracts/Simple__addWithJump.key 
20928      INFO  main            d.u.i.k.p.i.AbstractProblemLoader Loading environment from /home/runner/work/key/key/key.core/../key.ui/examples/heap/block_contracts/Simple__addWithJump.key 
20929      DEBUG main            d.u.i.k.p.i.AbstractProblemLoader Environment load took 263.1ns 
20930      INFO  main            d.u.i.k.p.i.AbstractProblemLoader Creating init config 
24027      DEBUG main            d.u.i.k.p.i.AbstractProblemLoader Init config took 3.1s 
24074      INFO  main            d.u.i.k.p.i.AbstractProblemLoader Replaying proof Simple[Simple::addWithJump(int,int,int)].JML operation contract.0 
24077      DEBUG main            d.u.i.k.p.i.IntermediateProofReplayer Proof replay took 18.6ns 
24279      INFO  main            d.u.i.k.p.r.p.TestFile    ... finished proof: closed. 
24472      INFO  main            d.u.i.k.p.i.AbstractProblemLoader Loading environment from /home/runner/work/key/key/key.core/../key.ui/examples/heap/block_contracts/Simple__addWithJump.key.proof 
24473      DEBUG main            d.u.i.k.p.i.AbstractProblemLoader Environment load took 110.3ns 
24474      INFO  main            d.u.i.k.p.i.AbstractProblemLoader Creating init config 
27493      DEBUG main            d.u.i.k.p.i.AbstractProblemLoader Init config took 3.02s 
27539      INFO  main            d.u.i.k.p.i.AbstractProblemLoader Replaying proof Simple[Simple::addWithJump(int,int,int)].JML operation contract.0 
27579      DEBUG main            d.u.i.k.p.i.IntermediateProofReplayer Proof replay took 38.02ms 
27580      DEBUG main            d.u.i.k.p.r.p.TestFile    ... success: reloaded. 
27581      INFO  main            d.u.i.k.p.r.p.TestFile    Now processing file /home/runner/work/key/key/key.core/../key.ui/examples/heap/block_contracts/Simple__addWithTwoBlockContracts.key 
27581      INFO  main            d.u.i.k.p.i.AbstractProblemLoader Loading environment from /home/runner/work/key/key/key.core/../key.ui/examples/heap/block_contracts/Simple__addWithTwoBlockContracts.key 
27581      DEBUG main            d.u.i.k.p.i.AbstractProblemLoader Environment load took 74.7ns 
27582      INFO  main            d.u.i.k.p.i.AbstractProblemLoader Creating init config 
30626      DEBUG main            d.u.i.k.p.i.AbstractProblemLoader Init config took 3.04s 
30693      INFO  main            d.u.i.k.p.i.AbstractProblemLoader Replaying proof Simple[Simple::addWithTwoBlockContracts(int,int,int)].JML operation contract.0 
30695      DEBUG main            d.u.i.k.p.i.IntermediateProofReplayer Proof replay took 8.8ns 
30897      INFO  main            d.u.i.k.p.r.p.TestFile    ... finished proof: closed. 
31052      INFO  main            d.u.i.k.p.i.AbstractProblemLoader Loading environment from /home/runner/work/key/key/key.core/../key.ui/examples/heap/block_contracts/Simple__addWithTwoBlockContracts.key.proof 
31052      DEBUG main            d.u.i.k.p.i.AbstractProblemLoader Environment load took 120.2ns 
31053      INFO  main            d.u.i.k.p.i.AbstractProblemLoader Creating init config 
34072      DEBUG main            d.u.i.k.p.i.AbstractProblemLoader Init config took 3.02s 
34115      INFO  main            d.u.i.k.p.i.AbstractProblemLoader Replaying proof Simple[Simple::addWithTwoBlockContracts(int,int,int)].JML operation contract.0 
34169      DEBUG main            d.u.i.k.p.i.IntermediateProofReplayer Proof replay took 50.5ms 
34170      DEBUG main            d.u.i.k.p.r.p.TestFile    ... success: reloaded. 
34171      INFO  main            d.u.i.k.p.r.p.TestFile    Now processing file /home/runner/work/key/key/key.core/../key.ui/examples/heap/block_contracts/Simple__generateByteArray.key 
34172      INFO  main            d.u.i.k.p.i.AbstractProblemLoader Loading environment from /home/runner/work/key/key/key.core/../key.ui/examples/heap/block_contracts/Simple__generateByteArray.key 
34172      DEBUG main            d.u.i.k.p.i.AbstractProblemLoader Environment load took 228.4ns 
34173      INFO  main            d.u.i.k.p.i.AbstractProblemLoader Creating init config 
37184      DEBUG main            d.u.i.k.p.i.AbstractProblemLoader Init config took 3.01s 
37229      INFO  main            d.u.i.k.p.i.AbstractProblemLoader Replaying proof Simple[Simple::generateByteArray()].JML normal_behavior operation contract.0 
37231      DEBUG main            d.u.i.k.p.i.IntermediateProofReplayer Proof replay took 9.3ns 
39244      INFO  main            d.u.i.k.p.r.p.TestFile    ... finished proof: closed. 
39431      INFO  main            d.u.i.k.p.i.AbstractProblemLoader Loading environment from /home/runner/work/key/key/key.core/../key.ui/examples/heap/block_contracts/Simple__generateByteArray.key.proof 
39432      DEBUG main            d.u.i.k.p.i.AbstractProblemLoader Environment load took 453.9ns 
39434      INFO  main            d.u.i.k.p.i.AbstractProblemLoader Creating init config 
42457      DEBUG main            d.u.i.k.p.i.AbstractProblemLoader Init config took 3.02s 
42501      INFO  main            d.u.i.k.p.i.AbstractProblemLoader Replaying proof Simple[Simple::generateByteArray()].JML normal_behavior operation contract.0 
42771      DEBUG main            d.u.i.k.p.i.IntermediateProofReplayer Proof replay took 255.42ms 
42773      DEBUG main            d.u.i.k.p.r.p.TestFile    ... success: reloaded. 
42774      INFO  main            d.u.i.k.p.r.p.TestFile    Now processing file /home/runner/work/key/key/key.core/../key.ui/examples/heap/block_contracts/Simple__getLength.key 
42775      INFO  main            d.u.i.k.p.i.AbstractProblemLoader Loading environment from /home/runner/work/key/key/key.core/../key.ui/examples/heap/block_contracts/Simple__getLength.key 
42775      DEBUG main            d.u.i.k.p.i.AbstractProblemLoader Environment load took 243.6ns 
42776      INFO  main            d.u.i.k.p.i.AbstractProblemLoader Creating init config 
45841      DEBUG main            d.u.i.k.p.i.AbstractProblemLoader Init config took 3.07s 
45889      INFO  main            d.u.i.k.p.i.AbstractProblemLoader Replaying proof Simple[Simple::getLength()].JML normal_behavior operation contract.0 
45892      DEBUG main            d.u.i.k.p.i.IntermediateProofReplayer Proof replay took 9.8ns 
45995      INFO  main            d.u.i.k.p.r.p.TestFile    ... finished proof: closed. 
46193      INFO  main            d.u.i.k.p.i.AbstractProblemLoader Loading environment from /home/runner/work/key/key/key.core/../key.ui/examples/heap/block_contracts/Simple__getLength.key.proof 
46193      DEBUG main            d.u.i.k.p.i.AbstractProblemLoader Environment load took 118.3ns 
46194      INFO  main            d.u.i.k.p.i.AbstractProblemLoader Creating init config 
49239      DEBUG main            d.u.i.k.p.i.AbstractProblemLoader Init config took 3.04s 
49281      INFO  main            d.u.i.k.p.i.AbstractProblemLoader Replaying proof Simple[Simple::getLength()].JML normal_behavior operation contract.0 
49289      DEBUG main            d.u.i.k.p.i.IntermediateProofReplayer Proof replay took 6.73ms 
49290      DEBUG main            d.u.i.k.p.r.p.TestFile    ... success: reloaded. 
49291      INFO  main            d.u.i.k.p.r.p.TestFile    Now processing file /home/runner/work/key/key/key.core/../key.ui/examples/heap/block_contracts/Simple__square.key 
49292      INFO  main            d.u.i.k.p.i.AbstractProblemLoader Loading environment from /home/runner/work/key/key/key.core/../key.ui/examples/heap/block_contracts/Simple__square.key 
49292      DEBUG main            d.u.i.k.p.i.AbstractProblemLoader Environment load took 150.3ns 
49293      INFO  main            d.u.i.k.p.i.AbstractProblemLoader Creating init config 
52279      DEBUG main            d.u.i.k.p.i.AbstractProblemLoader Init config took 2.99s 
52321      INFO  main            d.u.i.k.p.i.AbstractProblemLoader Replaying proof Simple[Simple::square(int)].JML operation contract.0 
52322      DEBUG main            d.u.i.k.p.i.IntermediateProofReplayer Proof replay took 10.9ns 
52628      INFO  main            d.u.i.k.p.r.p.TestFile    ... finished proof: closed. 
52804      INFO  main            d.u.i.k.p.i.AbstractProblemLoader Loading environment from /home/runner/work/key/key/key.core/../key.ui/examples/heap/block_contracts/Simple__square.key.proof 
52805      DEBUG main            d.u.i.k.p.i.AbstractProblemLoader Environment load took 113ns 
52806      INFO  main            d.u.i.k.p.i.AbstractProblemLoader Creating init config 
55758      DEBUG main            d.u.i.k.p.i.AbstractProblemLoader Init config took 2.95s 
55801      INFO  main            d.u.i.k.p.i.AbstractProblemLoader Replaying proof Simple[Simple::square(int)].JML operation contract.0 
55891      DEBUG main            d.u.i.k.p.i.IntermediateProofReplayer Proof replay took 87.07ms 
55892      DEBUG main            d.u.i.k.p.r.p.TestFile    ... success: reloaded. 
55894      INFO  main            d.u.i.k.p.r.p.TestFile    Now processing file /home/runner/work/key/key/key.core/../key.ui/examples/heap/block_contracts/Simple__unnecessaryBlockContract.key 
55894      INFO  main            d.u.i.k.p.i.AbstractProblemLoader Loading environment from /home/runner/work/key/key/key.core/../key.ui/examples/heap/block_contracts/Simple__unnecessaryBlockContract.key 
55894      DEBUG main            d.u.i.k.p.i.AbstractProblemLoader Environment load took 238.6ns 
55895      INFO  main            d.u.i.k.p.i.AbstractProblemLoader Creating init config 
58882      DEBUG main            d.u.i.k.p.i.AbstractProblemLoader Init config took 2.99s 
58921      INFO  main            d.u.i.k.p.i.AbstractProblemLoader Replaying proof Simple[Simple::unnecessaryBlockContract()].JML operation contract.0 
58922      DEBUG main            d.u.i.k.p.i.IntermediateProofReplayer Proof replay took 12.3ns 
59026      INFO  main            d.u.i.k.p.r.p.TestFile    ... finished proof: closed. 
59205      INFO  main            d.u.i.k.p.i.AbstractProblemLoader Loading environment from /home/runner/work/key/key/key.core/../key.ui/examples/heap/block_contracts/Simple__unnecessaryBlockContract.key.proof 
59206      DEBUG main            d.u.i.k.p.i.AbstractProblemLoader Environment load took 115ns 
59207      INFO  main            d.u.i.k.p.i.AbstractProblemLoader Creating init config 
62142      DEBUG main            d.u.i.k.p.i.AbstractProblemLoader Init config took 2.94s 
62191      INFO  main            d.u.i.k.p.i.AbstractProblemLoader Replaying proof Simple[Simple::unnecessaryBlockContract()].JML operation contract.0 
62212      DEBUG main            d.u.i.k.p.i.IntermediateProofReplayer Proof replay took 19.64ms 
62213      DEBUG main            d.u.i.k.p.r.p.TestFile    ... success: reloaded. 
62214      INFO  main            d.u.i.k.p.r.p.TestFile    Now processing file /home/runner/work/key/key/key.core/../key.ui/examples/heap/block_contracts/Simple__unnecessaryLoopInvariant.key 
62222      INFO  main            d.u.i.k.p.i.AbstractProblemLoader Loading environment from /home/runner/work/key/key/key.core/../key.ui/examples/heap/block_contracts/Simple__unnecessaryLoopInvariant.key 
62222      DEBUG main            d.u.i.k.p.i.AbstractProblemLoader Environment load took 87.8ns 
62222      INFO  main            d.u.i.k.p.i.AbstractProblemLoader Creating init config 
65189      DEBUG main            d.u.i.k.p.i.AbstractProblemLoader Init config took 2.97s 
65227      INFO  main            d.u.i.k.p.i.AbstractProblemLoader Replaying proof Simple[Simple::unnecessaryLoopInvariant()].JML operation contract.0 
65232      DEBUG main            d.u.i.k.p.i.IntermediateProofReplayer Proof replay took 10.5ns 
65334      INFO  main            d.u.i.k.p.r.p.TestFile    ... finished proof: closed. 
65510      INFO  main            d.u.i.k.p.i.AbstractProblemLoader Loading environment from /home/runner/work/key/key/key.core/../key.ui/examples/heap/block_contracts/Simple__unnecessaryLoopInvariant.key.proof 
65510      DEBUG main            d.u.i.k.p.i.AbstractProblemLoader Environment load took 108.2ns 
65511      INFO  main            d.u.i.k.p.i.AbstractProblemLoader Creating init config 
68438      DEBUG main            d.u.i.k.p.i.AbstractProblemLoader Init config took 2.93s 
68476      INFO  main            d.u.i.k.p.i.AbstractProblemLoader Replaying proof Simple[Simple::unnecessaryLoopInvariant()].JML operation contract.0 
68488      DEBUG main            d.u.i.k.p.i.IntermediateProofReplayer Proof replay took 10.4ms 
68489      DEBUG main            d.u.i.k.p.r.p.TestFile    ... success: reloaded. 
68490      INFO  main            d.u.i.k.p.r.p.TestFile    Now processing file /home/runner/work/key/key/key.core/../key.ui/examples/standard_key/java_dl/jml-assert/assert.key 
68490      INFO  main            d.u.i.k.p.i.AbstractProblemLoader Loading environment from /home/runner/work/key/key/key.core/../key.ui/examples/standard_key/java_dl/jml-assert/assert.key 
68490      DEBUG main            d.u.i.k.p.i.AbstractProblemLoader Environment load took 86.4ns 
68491      INFO  main            d.u.i.k.p.i.AbstractProblemLoader Creating init config 
71059      DEBUG main            d.u.i.k.p.i.AbstractProblemLoader Init config took 2.57s 
71096      INFO  main            d.u.i.k.p.i.AbstractProblemLoader Replaying proof Assert[Assert::createArray(int)].JML normal_behavior operation contract.0 
71097      DEBUG main            d.u.i.k.p.i.IntermediateProofReplayer Proof replay took 6ns 
71303      INFO  main            d.u.i.k.p.r.p.TestFile    ... finished proof: closed. 
71492      INFO  main            d.u.i.k.p.i.AbstractProblemLoader Loading environment from /home/runner/work/key/key/key.core/../key.ui/examples/standard_key/java_dl/jml-assert/assert.key.proof 
71492      DEBUG main            d.u.i.k.p.i.AbstractProblemLoader Environment load took 107.6ns 
71493      INFO  main            d.u.i.k.p.i.AbstractProblemLoader Creating init config 
74014      DEBUG main            d.u.i.k.p.i.AbstractProblemLoader Init config took 2.52s 
74050      INFO  main            d.u.i.k.p.i.AbstractProblemLoader Replaying proof Assert[Assert::createArray(int)].JML normal_behavior operation contract.0 
74113      DEBUG main            d.u.i.k.p.i.IntermediateProofReplayer Proof replay took 60.57ms 
74114      DEBUG main            d.u.i.k.p.r.p.TestFile    ... success: reloaded. 
74115      INFO  main            d.u.i.k.p.r.p.TestFile    Now processing file /home/runner/work/key/key/key.core/../key.ui/examples/standard_key/java_dl/jml-assert/assert_assume_order.key 
74116      INFO  main            d.u.i.k.p.i.AbstractProblemLoader Loading environment from /home/runner/work/key/key/key.core/../key.ui/examples/standard_key/java_dl/jml-assert/assert_assume_order.key 
74116      DEBUG main            d.u.i.k.p.i.AbstractProblemLoader Environment load took 233.1ns 
74117      INFO  main            d.u.i.k.p.i.AbstractProblemLoader Creating init config 
76734      DEBUG main            d.u.i.k.p.i.AbstractProblemLoader Init config took 2.62s 
76769      INFO  main            d.u.i.k.p.i.AbstractProblemLoader Replaying proof AssertAssume[AssertAssume::singleAssumeAssert(int)].JML normal_behavior operation contract.0 
76771      DEBUG main            d.u.i.k.p.i.IntermediateProofReplayer Proof replay took 5.6ns 
76874      INFO  main            d.u.i.k.p.r.p.TestFile    ... finished proof: closed. 
77046      INFO  main            d.u.i.k.p.i.AbstractProblemLoader Loading environment from /home/runner/work/key/key/key.core/../key.ui/examples/standard_key/java_dl/jml-assert/assert_assume_order.key.proof 
77046      DEBUG main            d.u.i.k.p.i.AbstractProblemLoader Environment load took 102.7ns 
77047      INFO  main            d.u.i.k.p.i.AbstractProblemLoader Creating init config 
79564      DEBUG main            d.u.i.k.p.i.AbstractProblemLoader Init config took 2.52s 
79599      INFO  main            d.u.i.k.p.i.AbstractProblemLoader Replaying proof AssertAssume[AssertAssume::singleAssumeAssert(int)].JML normal_behavior operation contract.0 
79608      DEBUG main            d.u.i.k.p.i.IntermediateProofReplayer Proof replay took 6.86ms 
79609      DEBUG main            d.u.i.k.p.r.p.TestFile    ... success: reloaded. 
79610      INFO  main            d.u.i.k.p.r.p.TestFile    Now processing file /home/runner/work/key/key/key.core/../key.ui/examples/heap/block_loop_contracts/SimpleVariants/sum_onBlock_external.key 
79610      INFO  main            d.u.i.k.p.i.AbstractProblemLoader Loading environment from /home/runner/work/key/key/key.core/../key.ui/examples/heap/block_loop_contracts/SimpleVariants/sum_onBlock_external.key 
79610      DEBUG main            d.u.i.k.p.i.AbstractProblemLoader Environment load took 84.4ns 
79611      INFO  main            d.u.i.k.p.i.AbstractProblemLoader Creating init config 
82442      DEBUG main            d.u.i.k.p.i.AbstractProblemLoader Init config took 2.83s 
82477      INFO  main            d.u.i.k.p.i.AbstractProblemLoader Replaying proof LoopContractExamplesAll[LoopContractExamplesAll::sum_loopContract_onBlock([I)].JML normal_behavior operation contract.0 
82480      DEBUG main            d.u.i.k.p.i.IntermediateProofReplayer Proof replay took 10.1ns 
82581      INFO  main            d.u.i.k.p.r.p.TestFile    ... finished proof: closed. 
82787      INFO  main            d.u.i.k.p.i.AbstractProblemLoader Loading environment from /home/runner/work/key/key/key.core/../key.ui/examples/heap/block_loop_contracts/SimpleVariants/sum_onBlock_external.key.proof 
82787      DEBUG main            d.u.i.k.p.i.AbstractProblemLoader Environment load took 106.8ns 
82788      INFO  main            d.u.i.k.p.i.AbstractProblemLoader Creating init config 
85519      DEBUG main            d.u.i.k.p.i.AbstractProblemLoader Init config took 2.73s 
85557      INFO  main            d.u.i.k.p.i.AbstractProblemLoader Replaying proof LoopContractExamplesAll[LoopContractExamplesAll::sum_loopContract_onBlock([I)].JML normal_behavior operation contract.0 
85592      DEBUG main            d.u.i.k.p.i.IntermediateProofReplayer Proof replay took 32.54ms 
85593      DEBUG main            d.u.i.k.p.r.p.TestFile    ... success: reloaded. 
85593      INFO  main            d.u.i.k.p.r.p.TestFile    Now processing file /home/runner/work/key/key/key.core/../key.ui/examples/heap/block_loop_contracts/SimpleVariants/sum_onBlock_internal.key 
85594      INFO  main            d.u.i.k.p.i.AbstractProblemLoader Loading environment from /home/runner/work/key/key/key.core/../key.ui/examples/heap/block_loop_contracts/SimpleVariants/sum_onBlock_internal.key 
85594      DEBUG main            d.u.i.k.p.i.AbstractProblemLoader Environment load took 91.6ns 
85595      INFO  main            d.u.i.k.p.i.AbstractProblemLoader Creating init config 
88380      DEBUG main            d.u.i.k.p.i.AbstractProblemLoader Init config took 2.79s 
88414      INFO  main            d.u.i.k.p.i.AbstractProblemLoader Replaying proof LoopContractExamplesAll[LoopContractExamplesAll::sum_loopContract_onBlock([I)].JML normal_behavior operation contract.0 
88416      DEBUG main            d.u.i.k.p.i.IntermediateProofReplayer Proof replay took 10.4ns 
89019      INFO  main            d.u.i.k.p.r.p.TestFile    ... finished proof: closed. 
89256      INFO  main            d.u.i.k.p.i.AbstractProblemLoader Loading environment from /home/runner/work/key/key/key.core/../key.ui/examples/heap/block_loop_contracts/SimpleVariants/sum_onBlock_internal.key.proof 
89256      DEBUG main            d.u.i.k.p.i.AbstractProblemLoader Environment load took 102.3ns 
89257      INFO  main            d.u.i.k.p.i.AbstractProblemLoader Creating init config 
91984      DEBUG main            d.u.i.k.p.i.AbstractProblemLoader Init config took 2.73s 
92018      INFO  main            d.u.i.k.p.i.AbstractProblemLoader Replaying proof LoopContractExamplesAll[LoopContractExamplesAll::sum_loopContract_onBlock([I)].JML normal_behavior operation contract.0 
92243      DEBUG main            d.u.i.k.p.i.IntermediateProofReplayer Proof replay took 221.79ms 
92244      DEBUG main            d.u.i.k.p.r.p.TestFile    ... success: reloaded. 
92245      INFO  main            d.u.i.k.p.r.p.TestFile    Now processing file /home/runner/work/key/key/key.core/../key.ui/examples/heap/block_loop_contracts/SimpleVariants/sum_onBlock_loop.key 
92246      INFO  main            d.u.i.k.p.i.AbstractProblemLoader Loading environment from /home/runner/work/key/key/key.core/../key.ui/examples/heap/block_loop_contracts/SimpleVariants/sum_onBlock_loop.key 
92246      DEBUG main            d.u.i.k.p.i.AbstractProblemLoader Environment load took 211.4ns 
92247      INFO  main            d.u.i.k.p.i.AbstractProblemLoader Creating init config 
95066      DEBUG main            d.u.i.k.p.i.AbstractProblemLoader Init config took 2.82s 
95104      INFO  main            d.u.i.k.p.i.AbstractProblemLoader Replaying proof LoopContractExamplesAll[LoopContractExamplesAll::sum_loopContract_onBlock([I)].JML normal_behavior loop contract.0 
95106      DEBUG main            d.u.i.k.p.i.IntermediateProofReplayer Proof replay took 25.3ns 
95816      INFO  main            d.u.i.k.p.r.p.TestFile    ... finished proof: closed. 
96064      INFO  main            d.u.i.k.p.i.AbstractProblemLoader Loading environment from /home/runner/work/key/key/key.core/../key.ui/examples/heap/block_loop_contracts/SimpleVariants/sum_onBlock_loop.key.proof 
96065      DEBUG main            d.u.i.k.p.i.AbstractProblemLoader Environment load took 100.9ns 
96065      INFO  main            d.u.i.k.p.i.AbstractProblemLoader Creating init config 
98777      DEBUG main            d.u.i.k.p.i.AbstractProblemLoader Init config took 2.71s 
98813      INFO  main            d.u.i.k.p.i.AbstractProblemLoader Replaying proof LoopContractExamplesAll[LoopContractExamplesAll::sum_loopContract_onBlock([I)].JML normal_behavior loop contract.0 
99044      DEBUG main            d.u.i.k.p.i.IntermediateProofReplayer Proof replay took 227.14ms 
99045      DEBUG main            d.u.i.k.p.r.p.TestFile    ... success: reloaded. 
99046      INFO  main            d.u.i.k.p.r.p.TestFile    Now processing file /home/runner/work/key/key/key.core/../key.ui/examples/heap/block_loop_contracts/SimpleVariants/sum_onLoop_external.key 
99046      INFO  main            d.u.i.k.p.i.AbstractProblemLoader Loading environment from /home/runner/work/key/key/key.core/../key.ui/examples/heap/block_loop_contracts/SimpleVariants/sum_onLoop_external.key 
99046      DEBUG main            d.u.i.k.p.i.AbstractProblemLoader Environment load took 207.5ns 
99047      INFO  main            d.u.i.k.p.i.AbstractProblemLoader Creating init config 
101863     DEBUG main            d.u.i.k.p.i.AbstractProblemLoader Init config took 2.82s 
101896     INFO  main            d.u.i.k.p.i.AbstractProblemLoader Replaying proof LoopContractExamplesAll[LoopContractExamplesAll::sum_loopContract_onLoop([I)].JML normal_behavior operation contract.0 
101898     DEBUG main            d.u.i.k.p.i.IntermediateProofReplayer Proof replay took 10.5ns 
102000     INFO  main            d.u.i.k.p.r.p.TestFile    ... finished proof: closed. 
102248     INFO  main            d.u.i.k.p.i.AbstractProblemLoader Loading environment from /home/runner/work/key/key/key.core/../key.ui/examples/heap/block_loop_contracts/SimpleVariants/sum_onLoop_external.key.proof 
102248     DEBUG main            d.u.i.k.p.i.AbstractProblemLoader Environment load took 102.5ns 
102249     INFO  main            d.u.i.k.p.i.AbstractProblemLoader Creating init config 
104972     DEBUG main            d.u.i.k.p.i.AbstractProblemLoader Init config took 2.72s 
105005     INFO  main            d.u.i.k.p.i.AbstractProblemLoader Replaying proof LoopContractExamplesAll[LoopContractExamplesAll::sum_loopContract_onLoop([I)].JML normal_behavior operation contract.0 
105032     DEBUG main            d.u.i.k.p.i.IntermediateProofReplayer Proof replay took 25.36ms 
105033     DEBUG main            d.u.i.k.p.r.p.TestFile    ... success: reloaded. 
105034     INFO  main            d.u.i.k.p.r.p.TestFile    Now processing file /home/runner/work/key/key/key.core/../key.ui/examples/heap/block_loop_contracts/SimpleVariants/sum_onLoop_internal.key 
105034     INFO  main            d.u.i.k.p.i.AbstractProblemLoader Loading environment from /home/runner/work/key/key/key.core/../key.ui/examples/heap/block_loop_contracts/SimpleVariants/sum_onLoop_internal.key 
105034     DEBUG main            d.u.i.k.p.i.AbstractProblemLoader Environment load took 72.1ns 
105035     INFO  main            d.u.i.k.p.i.AbstractProblemLoader Creating init config 
107778     DEBUG main            d.u.i.k.p.i.AbstractProblemLoader Init config took 2.74s 
107811     INFO  main            d.u.i.k.p.i.AbstractProblemLoader Replaying proof LoopContractExamplesAll[LoopContractExamplesAll::sum_loopContract_onLoop([I)].JML normal_behavior operation contract.0 
107812     DEBUG main            d.u.i.k.p.i.IntermediateProofReplayer Proof replay took 10.1ns 
108452     INFO  main            d.u.i.k.p.r.p.TestFile    ... finished proof: closed. 
108676     INFO  main            d.u.i.k.p.i.AbstractProblemLoader Loading environment from /home/runner/work/key/key/key.core/../key.ui/examples/heap/block_loop_contracts/SimpleVariants/sum_onLoop_internal.key.proof 
108677     DEBUG main            d.u.i.k.p.i.AbstractProblemLoader Environment load took 107.6ns 
108679     INFO  main            d.u.i.k.p.i.AbstractProblemLoader Creating init config 
111386     DEBUG main            d.u.i.k.p.i.AbstractProblemLoader Init config took 2.71s 
111431     INFO  main            d.u.i.k.p.i.AbstractProblemLoader Replaying proof LoopContractExamplesAll[LoopContractExamplesAll::sum_loopContract_onLoop([I)].JML normal_behavior operation contract.0 
111653     DEBUG main            d.u.i.k.p.i.IntermediateProofReplayer Proof replay took 215.86ms 
111654     DEBUG main            d.u.i.k.p.r.p.TestFile    ... success: reloaded. 
111655     INFO  main            d.u.i.k.p.r.p.TestFile    Now processing file /home/runner/work/key/key/key.core/../key.ui/examples/heap/block_loop_contracts/SimpleVariants/sum_onLoop_loop.key 
111655     INFO  main            d.u.i.k.p.i.AbstractProblemLoader Loading environment from /home/runner/work/key/key/key.core/../key.ui/examples/heap/block_loop_contracts/SimpleVariants/sum_onLoop_loop.key 
111655     DEBUG main            d.u.i.k.p.i.AbstractProblemLoader Environment load took 78.9ns 
111656     INFO  main            d.u.i.k.p.i.AbstractProblemLoader Creating init config 
114470     DEBUG main            d.u.i.k.p.i.AbstractProblemLoader Init config took 2.81s 
114504     INFO  main            d.u.i.k.p.i.AbstractProblemLoader Replaying proof LoopContractExamplesAll[LoopContractExamplesAll::sum_loopContract_onLoop([I)].JML normal_behavior loop contract.0 
114506     DEBUG main            d.u.i.k.p.i.IntermediateProofReplayer Proof replay took 9.9ns 
115210     INFO  main            d.u.i.k.p.r.p.TestFile    ... finished proof: closed. 
115470     INFO  main            d.u.i.k.p.i.AbstractProblemLoader Loading environment from /home/runner/work/key/key/key.core/../key.ui/examples/heap/block_loop_contracts/SimpleVariants/sum_onLoop_loop.key.proof 
115470     DEBUG main            d.u.i.k.p.i.AbstractProblemLoader Environment load took 160ns 
115471     INFO  main            d.u.i.k.p.i.AbstractProblemLoader Creating init config 
118168     DEBUG main            d.u.i.k.p.i.AbstractProblemLoader Init config took 2.7s 
118203     INFO  main            d.u.i.k.p.i.AbstractProblemLoader Replaying proof LoopContractExamplesAll[LoopContractExamplesAll::sum_loopContract_onLoop([I)].JML normal_behavior loop contract.0 
118435     DEBUG main            d.u.i.k.p.i.IntermediateProofReplayer Proof replay took 227.08ms 
118437     DEBUG main            d.u.i.k.p.r.p.TestFile    ... success: reloaded. 
118438     INFO  main            d.u.i.k.p.r.p.TestFile    Now processing file /home/runner/work/key/key/key.core/../key.ui/examples/heap/block_loop_contracts/Free/blockContracts0.key 
118438     INFO  main            d.u.i.k.p.i.AbstractProblemLoader Loading environment from /home/runner/work/key/key/key.core/../key.ui/examples/heap/block_loop_contracts/Free/blockContracts0.key 
118438     DEBUG main            d.u.i.k.p.i.AbstractProblemLoader Environment load took 93.9ns 
118439     INFO  main            d.u.i.k.p.i.AbstractProblemLoader Creating init config 
120888     DEBUG main            d.u.i.k.p.i.AbstractProblemLoader Init config took 2.45s 
120920     INFO  main            d.u.i.k.p.i.AbstractProblemLoader Replaying proof FreeConditions[FreeConditions::blockContract0()].JML normal_behavior operation contract.0 
120921     DEBUG main            d.u.i.k.p.i.IntermediateProofReplayer Proof replay took 10.9ns 
121023     INFO  main            d.u.i.k.p.r.p.TestFile    ... finished proof: closed. 
121305     INFO  main            d.u.i.k.p.i.AbstractProblemLoader Loading environment from /home/runner/work/key/key/key.core/../key.ui/examples/heap/block_loop_contracts/Free/blockContracts0.key.proof 
121305     DEBUG main            d.u.i.k.p.i.AbstractProblemLoader Environment load took 94.5ns 
121306     INFO  main            d.u.i.k.p.i.AbstractProblemLoader Creating init config 
123665     DEBUG main            d.u.i.k.p.i.AbstractProblemLoader Init config took 2.36s 
123698     INFO  main            d.u.i.k.p.i.AbstractProblemLoader Replaying proof FreeConditions[FreeConditions::blockContract0()].JML normal_behavior operation contract.0 
123717     DEBUG main            d.u.i.k.p.i.IntermediateProofReplayer Proof replay took 17.65ms 
123719     DEBUG main            d.u.i.k.p.r.p.TestFile    ... success: reloaded. 
123720     INFO  main            d.u.i.k.p.r.p.TestFile    Now processing file /home/runner/work/key/key/key.core/../key.ui/examples/heap/block_loop_contracts/Free/blockContracts1.key 
123720     INFO  main            d.u.i.k.p.i.AbstractProblemLoader Loading environment from /home/runner/work/key/key/key.core/../key.ui/examples/heap/block_loop_contracts/Free/blockContracts1.key 
123720     DEBUG main            d.u.i.k.p.i.AbstractProblemLoader Environment load took 205.7ns 
123721     INFO  main            d.u.i.k.p.i.AbstractProblemLoader Creating init config 
126119     DEBUG main            d.u.i.k.p.i.AbstractProblemLoader Init config took 2.4s 
126168     INFO  main            d.u.i.k.p.i.AbstractProblemLoader Replaying proof FreeConditions[FreeConditions::blockContract1()].JML normal_behavior operation contract.0 
126169     DEBUG main            d.u.i.k.p.i.IntermediateProofReplayer Proof replay took 10.6ns 
126273     INFO  main            d.u.i.k.p.r.p.TestFile    ... finished proof: closed. 
126509     INFO  main            d.u.i.k.p.i.AbstractProblemLoader Loading environment from /home/runner/work/key/key/key.core/../key.ui/examples/heap/block_loop_contracts/Free/blockContracts1.key.proof 
126509     DEBUG main            d.u.i.k.p.i.AbstractProblemLoader Environment load took 97.8ns 
126510     INFO  main            d.u.i.k.p.i.AbstractProblemLoader Creating init config 
128876     DEBUG main            d.u.i.k.p.i.AbstractProblemLoader Init config took 2.37s 
128909     INFO  main            d.u.i.k.p.i.AbstractProblemLoader Replaying proof FreeConditions[FreeConditions::blockContract1()].JML normal_behavior operation contract.0 
128926     DEBUG main            d.u.i.k.p.i.IntermediateProofReplayer Proof replay took 15.57ms 
128927     DEBUG main            d.u.i.k.p.r.p.TestFile    ... success: reloaded. 
128927     INFO  main            d.u.i.k.p.r.p.TestFile    Now processing file /home/runner/work/key/key/key.core/../key.ui/examples/heap/block_loop_contracts/Finally/block_finally.key 
128928     INFO  main            d.u.i.k.p.i.AbstractProblemLoader Loading environment from /home/runner/work/key/key/key.core/../key.ui/examples/heap/block_loop_contracts/Finally/block_finally.key 
128928     DEBUG main            d.u.i.k.p.i.AbstractProblemLoader Environment load took 86.2ns 
128929     INFO  main            d.u.i.k.p.i.AbstractProblemLoader Creating init config 
131364     DEBUG main            d.u.i.k.p.i.AbstractProblemLoader Init config took 2.44s 
131397     INFO  main            d.u.i.k.p.i.AbstractProblemLoader Replaying proof AuxiliaryContractsFinally[AuxiliaryContractsFinally::breakThrowContinueBlockContract(java.lang.Exception)].JML block contract.0 
131399     DEBUG main            d.u.i.k.p.i.IntermediateProofReplayer Proof replay took 9.9ns 
131903     INFO  main            d.u.i.k.p.r.p.TestFile    ... finished proof: open goal(s) 
132160     INFO  main            d.u.i.k.p.r.p.TestFile    Now processing file /home/runner/work/key/key/key.core/../key.ui/examples/heap/block_loop_contracts/Finally/loop_finally.key 
132160     INFO  main            d.u.i.k.p.i.AbstractProblemLoader Loading environment from /home/runner/work/key/key/key.core/../key.ui/examples/heap/block_loop_contracts/Finally/loop_finally.key 
132160     DEBUG main            d.u.i.k.p.i.AbstractProblemLoader Environment load took 50.9ns 
132161     INFO  main            d.u.i.k.p.i.AbstractProblemLoader Creating init config 
134538     DEBUG main            d.u.i.k.p.i.AbstractProblemLoader Init config took 2.38s 
134573     INFO  main            d.u.i.k.p.i.AbstractProblemLoader Replaying proof AuxiliaryContractsFinally[AuxiliaryContractsFinally::breakThrowContinueLoopContract(java.lang.Exception)].JML normal_behavior loop contract.0 
134575     DEBUG main            d.u.i.k.p.i.IntermediateProofReplayer Proof replay took 10.3ns 
135187     INFO  main            d.u.i.k.p.r.p.TestFile    ... finished proof: open goal(s) 
606654     INFO  Test worker     d.u.i.k.p.r.RunAllProofsTestUnit Returning from test blockContracts 
606655     INFO  Test worker     d.u.i.k.p.r.RunAllProofsTestUnit Running test jmlAsserts 
376        INFO  Timeout watchdog d.u.i.k.p.r.p.ForkedTestFileRunner Timeout watcher launched (2000 secs.) 
389        WARN  main            d.u.i.k.s.ProofSettings   The settings in /home/runner/.key/proof-settings.props are *not* read. 
420        INFO  main            d.u.i.k.p.r.p.TestFile    Now processing file /home/runner/work/key/key/key.core/../key.ui/examples/standard_key/java_dl/jml-assert/assert.key 
522        INFO  main            d.u.i.k.p.i.AbstractProblemLoader Loading environment from /home/runner/work/key/key/key.core/../key.ui/examples/standard_key/java_dl/jml-assert/assert.key 
537        DEBUG main            d.u.i.k.p.i.AbstractProblemLoader Environment load took 1.68ms 
770        INFO  main            d.u.i.k.p.i.AbstractProblemLoader Creating init config 
1574       DEBUG main            d.u.i.k.j.TypeConverter   No LDT found for Meta 
1575       DEBUG main            d.u.i.k.j.TypeConverter   No LDT found for Meta 
1579       DEBUG main            d.u.i.k.j.TypeConverter   No LDT found for Meta 
1579       DEBUG main            d.u.i.k.j.TypeConverter   No LDT found for Meta 
2948       DEBUG main            d.u.i.k.j.TypeConverter   No LDT found for JavaBigintExpression 
7826       DEBUG main            d.u.i.k.p.i.AbstractProblemLoader Init config took 7.06s 
7959       INFO  main            d.u.i.k.p.i.AbstractProblemLoader Replaying proof Assert[Assert::createArray(int)].JML normal_behavior operation contract.0 
7989       DEBUG main            d.u.i.k.p.i.IntermediateProofReplayer Proof replay took 31.4ns 
8813       INFO  main            d.u.i.k.p.r.p.TestFile    ... finished proof: closed. 
8937       INFO  main            d.u.i.k.p.i.AbstractProblemLoader Loading environment from /home/runner/work/key/key/key.core/../key.ui/examples/standard_key/java_dl/jml-assert/assert.key.proof 
8938       DEBUG main            d.u.i.k.p.i.AbstractProblemLoader Environment load took 1.6ms 
8942       INFO  main            d.u.i.k.p.i.AbstractProblemLoader Creating init config 
11828      DEBUG main            d.u.i.k.p.i.AbstractProblemLoader Init config took 2.89s 
11891      INFO  main            d.u.i.k.p.i.AbstractProblemLoader Replaying proof Assert[Assert::createArray(int)].JML normal_behavior operation contract.0 
11979      DEBUG main            d.u.i.k.p.i.IntermediateProofReplayer Proof replay took 82.14ms 
11985      DEBUG main            d.u.i.k.p.r.p.TestFile    ... success: reloaded. 
11987      INFO  main            d.u.i.k.p.r.p.TestFile    Now processing file /home/runner/work/key/key/key.core/../key.ui/examples/heap/block_loop_contracts/Free/assertions0.key 
11987      INFO  main            d.u.i.k.p.i.AbstractProblemLoader Loading environment from /home/runner/work/key/key/key.core/../key.ui/examples/heap/block_loop_contracts/Free/assertions0.key 
11988      DEBUG main            d.u.i.k.p.i.AbstractProblemLoader Environment load took 237.8ns 
11989      INFO  main            d.u.i.k.p.i.AbstractProblemLoader Creating init config 
14595      DEBUG main            d.u.i.k.p.i.AbstractProblemLoader Init config took 2.61s 
14653      INFO  main            d.u.i.k.p.i.AbstractProblemLoader Replaying proof FreeConditions[FreeConditions::assertions0()].JML normal_behavior operation contract.0 
14657      DEBUG main            d.u.i.k.p.i.IntermediateProofReplayer Proof replay took 12.7ns 
14759      INFO  main            d.u.i.k.p.r.p.TestFile    ... finished proof: closed. 
14879      INFO  main            d.u.i.k.p.i.AbstractProblemLoader Loading environment from /home/runner/work/key/key/key.core/../key.ui/examples/heap/block_loop_contracts/Free/assertions0.key.proof 
14879      DEBUG main            d.u.i.k.p.i.AbstractProblemLoader Environment load took 112.6ns 
14883      INFO  main            d.u.i.k.p.i.AbstractProblemLoader Creating init config 
17297      DEBUG main            d.u.i.k.p.i.AbstractProblemLoader Init config took 2.41s 
17346      INFO  main            d.u.i.k.p.i.AbstractProblemLoader Replaying proof FreeConditions[FreeConditions::assertions0()].JML normal_behavior operation contract.0 
17369      DEBUG main            d.u.i.k.p.i.IntermediateProofReplayer Proof replay took 20.04ms 
17370      DEBUG main            d.u.i.k.p.r.p.TestFile    ... success: reloaded. 
17371      INFO  main            d.u.i.k.p.r.p.TestFile    Now processing file /home/runner/work/key/key/key.core/../key.ui/examples/heap/block_loop_contracts/Free/assertions1.key 
17372      INFO  main            d.u.i.k.p.i.AbstractProblemLoader Loading environment from /home/runner/work/key/key/key.core/../key.ui/examples/heap/block_loop_contracts/Free/assertions1.key 
17372      DEBUG main            d.u.i.k.p.i.AbstractProblemLoader Environment load took 233.6ns 
17373      INFO  main            d.u.i.k.p.i.AbstractProblemLoader Creating init config 
19910      DEBUG main            d.u.i.k.p.i.AbstractProblemLoader Init config took 2.54s 
19956      INFO  main            d.u.i.k.p.i.AbstractProblemLoader Replaying proof FreeConditions[FreeConditions::assertions1()].JML normal_behavior operation contract.0 
19959      DEBUG main            d.u.i.k.p.i.IntermediateProofReplayer Proof replay took 11.3ns 
20061      INFO  main            d.u.i.k.p.r.p.TestFile    ... finished proof: closed. 
20199      INFO  main            d.u.i.k.p.i.AbstractProblemLoader Loading environment from /home/runner/work/key/key/key.core/../key.ui/examples/heap/block_loop_contracts/Free/assertions1.key.proof 
20199      DEBUG main            d.u.i.k.p.i.AbstractProblemLoader Environment load took 121.7ns 
20200      INFO  main            d.u.i.k.p.i.AbstractProblemLoader Creating init config 
22604      DEBUG main            d.u.i.k.p.i.AbstractProblemLoader Init config took 2.4s 
22657      INFO  main            d.u.i.k.p.i.AbstractProblemLoader Replaying proof FreeConditions[FreeConditions::assertions1()].JML normal_behavior operation contract.0 
22664      DEBUG main            d.u.i.k.p.i.IntermediateProofReplayer Proof replay took 4.98ms 
22665      DEBUG main            d.u.i.k.p.r.p.TestFile    ... success: reloaded. 
22666      INFO  main            d.u.i.k.p.r.p.TestFile    Now processing file /home/runner/work/key/key/key.core/../key.ui/examples/standard_key/java_dl/jml-assert/recursion-assert.key 
22666      INFO  main            d.u.i.k.p.i.AbstractProblemLoader Loading environment from /home/runner/work/key/key/key.core/../key.ui/examples/standard_key/java_dl/jml-assert/recursion-assert.key 
22666      DEBUG main            d.u.i.k.p.i.AbstractProblemLoader Environment load took 93.7ns 
22667      INFO  main            d.u.i.k.p.i.AbstractProblemLoader Creating init config 
25264      DEBUG main            d.u.i.k.p.i.AbstractProblemLoader Init config took 2.6s 
25311      INFO  main            d.u.i.k.p.i.AbstractProblemLoader Replaying proof RecursiveMethod[RecursiveMethod::fac1(int)].JML normal_behavior operation contract.0 
25313      DEBUG main            d.u.i.k.p.i.IntermediateProofReplayer Proof replay took 6.1ns 
25517      INFO  main            d.u.i.k.p.r.p.TestFile    ... finished proof: closed. 
25750      INFO  main            d.u.i.k.p.i.AbstractProblemLoader Loading environment from /home/runner/work/key/key/key.core/../key.ui/examples/standard_key/java_dl/jml-assert/recursion-assert.key.proof 
25751      DEBUG main            d.u.i.k.p.i.AbstractProblemLoader Environment load took 429.2ns 
25752      INFO  main            d.u.i.k.p.i.AbstractProblemLoader Creating init config 
28259      DEBUG main            d.u.i.k.p.i.AbstractProblemLoader Init config took 2.51s 
28302      INFO  main            d.u.i.k.p.i.AbstractProblemLoader Replaying proof RecursiveMethod[RecursiveMethod::fac1(int)].JML normal_behavior operation contract.0 
28342      DEBUG main            d.u.i.k.p.i.IntermediateProofReplayer Proof replay took 37.08ms 
28344      DEBUG main            d.u.i.k.p.r.p.TestFile    ... success: reloaded. 
28345      INFO  main            d.u.i.k.p.r.p.TestFile    Now processing file /home/runner/work/key/key/key.core/../key.ui/examples/standard_key/java_dl/jml-assert/recursion-assume.key 
28345      INFO  main            d.u.i.k.p.i.AbstractProblemLoader Loading environment from /home/runner/work/key/key/key.core/../key.ui/examples/standard_key/java_dl/jml-assert/recursion-assume.key 
28345      DEBUG main            d.u.i.k.p.i.AbstractProblemLoader Environment load took 220.4ns 
28346      INFO  main            d.u.i.k.p.i.AbstractProblemLoader Creating init config 
30860      DEBUG main            d.u.i.k.p.i.AbstractProblemLoader Init config took 2.51s 
30915      INFO  main            d.u.i.k.p.i.AbstractProblemLoader Replaying proof RecursiveMethod[RecursiveMethod::fac2(int)].JML normal_behavior operation contract.0 
30916      DEBUG main            d.u.i.k.p.i.IntermediateProofReplayer Proof replay took 5.8ns 
31121      INFO  main            d.u.i.k.p.r.p.TestFile    ... finished proof: closed. 
31280      INFO  main            d.u.i.k.p.i.AbstractProblemLoader Loading environment from /home/runner/work/key/key/key.core/../key.ui/examples/standard_key/java_dl/jml-assert/recursion-assume.key.proof 
31280      DEBUG main            d.u.i.k.p.i.AbstractProblemLoader Environment load took 131.5ns 
31281      INFO  main            d.u.i.k.p.i.AbstractProblemLoader Creating init config 
33762      DEBUG main            d.u.i.k.p.i.AbstractProblemLoader Init config took 2.48s 
33805      INFO  main            d.u.i.k.p.i.AbstractProblemLoader Replaying proof RecursiveMethod[RecursiveMethod::fac2(int)].JML normal_behavior operation contract.0 
33842      DEBUG main            d.u.i.k.p.i.IntermediateProofReplayer Proof replay took 34.1ms 
33843      DEBUG main            d.u.i.k.p.r.p.TestFile    ... success: reloaded. 
33844      INFO  main            d.u.i.k.p.r.p.TestFile    Now processing file /home/runner/work/key/key/key.core/../key.ui/examples/standard_key/java_dl/jml-assert/quantor-assert.key 
33844      INFO  main            d.u.i.k.p.i.AbstractProblemLoader Loading environment from /home/runner/work/key/key/key.core/../key.ui/examples/standard_key/java_dl/jml-assert/quantor-assert.key 
33844      DEBUG main            d.u.i.k.p.i.AbstractProblemLoader Environment load took 237ns 
33845      INFO  main            d.u.i.k.p.i.AbstractProblemLoader Creating init config 
36353      DEBUG main            d.u.i.k.p.i.AbstractProblemLoader Init config took 2.51s 
36394      INFO  main            d.u.i.k.p.i.AbstractProblemLoader Replaying proof Quantor[Quantor::square1(int)].JML normal_behavior operation contract.0 
36396      DEBUG main            d.u.i.k.p.i.IntermediateProofReplayer Proof replay took 6.2ns 
36498      INFO  main            d.u.i.k.p.r.p.TestFile    ... finished proof: closed. 
36696      INFO  main            d.u.i.k.p.i.AbstractProblemLoader Loading environment from /home/runner/work/key/key/key.core/../key.ui/examples/standard_key/java_dl/jml-assert/quantor-assert.key.proof 
36696      DEBUG main            d.u.i.k.p.i.AbstractProblemLoader Environment load took 125.3ns 
36697      INFO  main            d.u.i.k.p.i.AbstractProblemLoader Creating init config 
39150      DEBUG main            d.u.i.k.p.i.AbstractProblemLoader Init config took 2.45s 
39197      INFO  main            d.u.i.k.p.i.AbstractProblemLoader Replaying proof Quantor[Quantor::square1(int)].JML normal_behavior operation contract.0 
39219      DEBUG main            d.u.i.k.p.i.IntermediateProofReplayer Proof replay took 17.06ms 
39220      DEBUG main            d.u.i.k.p.r.p.TestFile    ... success: reloaded. 
39221      INFO  main            d.u.i.k.p.r.p.TestFile    Now processing file /home/runner/work/key/key/key.core/../key.ui/examples/standard_key/java_dl/jml-assert/quantor-assume.key 
39221      INFO  main            d.u.i.k.p.i.AbstractProblemLoader Loading environment from /home/runner/work/key/key/key.core/../key.ui/examples/standard_key/java_dl/jml-assert/quantor-assume.key 
39221      DEBUG main            d.u.i.k.p.i.AbstractProblemLoader Environment load took 208ns 
39223      INFO  main            d.u.i.k.p.i.AbstractProblemLoader Creating init config 
41720      DEBUG main            d.u.i.k.p.i.AbstractProblemLoader Init config took 2.5s 
41761      INFO  main            d.u.i.k.p.i.AbstractProblemLoader Replaying proof Quantor[Quantor::square2(int)].JML normal_behavior operation contract.0 
41763      DEBUG main            d.u.i.k.p.i.IntermediateProofReplayer Proof replay took 5.2ns 
41864      INFO  main            d.u.i.k.p.r.p.TestFile    ... finished proof: closed. 
42031      INFO  main            d.u.i.k.p.i.AbstractProblemLoader Loading environment from /home/runner/work/key/key/key.core/../key.ui/examples/standard_key/java_dl/jml-assert/quantor-assume.key.proof 
42031      DEBUG main            d.u.i.k.p.i.AbstractProblemLoader Environment load took 108.8ns 
42032      INFO  main            d.u.i.k.p.i.AbstractProblemLoader Creating init config 
44437      DEBUG main            d.u.i.k.p.i.AbstractProblemLoader Init config took 2.41s 
44481      INFO  main            d.u.i.k.p.i.AbstractProblemLoader Replaying proof Quantor[Quantor::square2(int)].JML normal_behavior operation contract.0 
44497      DEBUG main            d.u.i.k.p.i.IntermediateProofReplayer Proof replay took 14.59ms 
44499      DEBUG main            d.u.i.k.p.r.p.TestFile    ... success: reloaded. 
44500      INFO  main            d.u.i.k.p.r.p.TestFile    Now processing file /home/runner/work/key/key/key.core/../key.ui/examples/standard_key/java_dl/jml-assert/model-methods-static-static.key 
44500      INFO  main            d.u.i.k.p.i.AbstractProblemLoader Loading environment from /home/runner/work/key/key/key.core/../key.ui/examples/standard_key/java_dl/jml-assert/model-methods-static-static.key 
44500      DEBUG main            d.u.i.k.p.i.AbstractProblemLoader Environment load took 89.9ns 
44501      INFO  main            d.u.i.k.p.i.AbstractProblemLoader Creating init config 
46964      DEBUG main            d.u.i.k.p.i.AbstractProblemLoader Init config took 2.46s 
47002      INFO  main            d.u.i.k.p.i.AbstractProblemLoader Replaying proof ModelMethods[ModelMethods::test1()].JML normal_behavior operation contract.0 
47003      DEBUG main            d.u.i.k.p.i.IntermediateProofReplayer Proof replay took 6.1ns 
47108      INFO  main            d.u.i.k.p.r.p.TestFile    ... finished proof: closed. 
47284      INFO  main            d.u.i.k.p.i.AbstractProblemLoader Loading environment from /home/runner/work/key/key/key.core/../key.ui/examples/standard_key/java_dl/jml-assert/model-methods-static-static.key.proof 
47284      DEBUG main            d.u.i.k.p.i.AbstractProblemLoader Environment load took 118.3ns 
47285      INFO  main            d.u.i.k.p.i.AbstractProblemLoader Creating init config 
49704      DEBUG main            d.u.i.k.p.i.AbstractProblemLoader Init config took 2.42s 
49753      INFO  main            d.u.i.k.p.i.AbstractProblemLoader Replaying proof ModelMethods[ModelMethods::test1()].JML normal_behavior operation contract.0 
49764      DEBUG main            d.u.i.k.p.i.IntermediateProofReplayer Proof replay took 7.76ms 
49766      DEBUG main            d.u.i.k.p.r.p.TestFile    ... success: reloaded. 
49767      INFO  main            d.u.i.k.p.r.p.TestFile    Now processing file /home/runner/work/key/key/key.core/../key.ui/examples/standard_key/java_dl/jml-assert/model-methods-instance-static.key 
49769      INFO  main            d.u.i.k.p.i.AbstractProblemLoader Loading environment from /home/runner/work/key/key/key.core/../key.ui/examples/standard_key/java_dl/jml-assert/model-methods-instance-static.key 
49770      DEBUG main            d.u.i.k.p.i.AbstractProblemLoader Environment load took 443.7ns 
49771      INFO  main            d.u.i.k.p.i.AbstractProblemLoader Creating init config 
52236      DEBUG main            d.u.i.k.p.i.AbstractProblemLoader Init config took 2.46s 
52272      INFO  main            d.u.i.k.p.i.AbstractProblemLoader Replaying proof ModelMethods[ModelMethods::test2()].JML normal_behavior operation contract.0 
52273      DEBUG main            d.u.i.k.p.i.IntermediateProofReplayer Proof replay took 5.4ns 
52380      INFO  main            d.u.i.k.p.r.p.TestFile    ... finished proof: closed. 
52557      INFO  main            d.u.i.k.p.i.AbstractProblemLoader Loading environment from /home/runner/work/key/key/key.core/../key.ui/examples/standard_key/java_dl/jml-assert/model-methods-instance-static.key.proof 
52557      DEBUG main            d.u.i.k.p.i.AbstractProblemLoader Environment load took 104.1ns 
52558      INFO  main            d.u.i.k.p.i.AbstractProblemLoader Creating init config 
54978      DEBUG main            d.u.i.k.p.i.AbstractProblemLoader Init config took 2.42s 
55014      INFO  main            d.u.i.k.p.i.AbstractProblemLoader Replaying proof ModelMethods[ModelMethods::test2()].JML normal_behavior operation contract.0 
55024      DEBUG main            d.u.i.k.p.i.IntermediateProofReplayer Proof replay took 7.99ms 
55029      DEBUG main            d.u.i.k.p.r.p.TestFile    ... success: reloaded. 
55030      INFO  main            d.u.i.k.p.r.p.TestFile    Now processing file /home/runner/work/key/key/key.core/../key.ui/examples/standard_key/java_dl/jml-assert/model-methods-instance-instance.key 
55030      INFO  main            d.u.i.k.p.i.AbstractProblemLoader Loading environment from /home/runner/work/key/key/key.core/../key.ui/examples/standard_key/java_dl/jml-assert/model-methods-instance-instance.key 
55031      DEBUG main            d.u.i.k.p.i.AbstractProblemLoader Environment load took 94.9ns 
55031      INFO  main            d.u.i.k.p.i.AbstractProblemLoader Creating init config 
57469      DEBUG main            d.u.i.k.p.i.AbstractProblemLoader Init config took 2.44s 
57521      INFO  main            d.u.i.k.p.i.AbstractProblemLoader Replaying proof ModelMethods[ModelMethods::test3()].JML normal_behavior operation contract.0 
57524      DEBUG main            d.u.i.k.p.i.IntermediateProofReplayer Proof replay took 7.3ns 
57626      INFO  main            d.u.i.k.p.r.p.TestFile    ... finished proof: closed. 
57803      INFO  main            d.u.i.k.p.i.AbstractProblemLoader Loading environment from /home/runner/work/key/key/key.core/../key.ui/examples/standard_key/java_dl/jml-assert/model-methods-instance-instance.key.proof 
57803      DEBUG main            d.u.i.k.p.i.AbstractProblemLoader Environment load took 101.9ns 
57804      INFO  main            d.u.i.k.p.i.AbstractProblemLoader Creating init config 
60198      DEBUG main            d.u.i.k.p.i.AbstractProblemLoader Init config took 2.39s 
60234      INFO  main            d.u.i.k.p.i.AbstractProblemLoader Replaying proof ModelMethods[ModelMethods::test3()].JML normal_behavior operation contract.0 
60247      DEBUG main            d.u.i.k.p.i.IntermediateProofReplayer Proof replay took 10.25ms 
60248      DEBUG main            d.u.i.k.p.r.p.TestFile    ... success: reloaded. 
60249      INFO  main            d.u.i.k.p.r.p.TestFile    Now processing file /home/runner/work/key/key/key.core/../key.ui/examples/standard_key/java_dl/jml-assert/model-methods-static-instance.key 
60249      INFO  main            d.u.i.k.p.i.AbstractProblemLoader Loading environment from /home/runner/work/key/key/key.core/../key.ui/examples/standard_key/java_dl/jml-assert/model-methods-static-instance.key 
60249      DEBUG main            d.u.i.k.p.i.AbstractProblemLoader Environment load took 208.5ns 
60250      INFO  main            d.u.i.k.p.i.AbstractProblemLoader Creating init config 
62685      DEBUG main            d.u.i.k.p.i.AbstractProblemLoader Init config took 2.43s 
62732      INFO  main            d.u.i.k.p.i.AbstractProblemLoader Replaying proof ModelMethods[ModelMethods::test4()].JML normal_behavior operation contract.0 
62733      DEBUG main            d.u.i.k.p.i.IntermediateProofReplayer Proof replay took 5.9ns 
62835      INFO  main            d.u.i.k.p.r.p.TestFile    ... finished proof: closed. 
63015      INFO  main            d.u.i.k.p.i.AbstractProblemLoader Loading environment from /home/runner/work/key/key/key.core/../key.ui/examples/standard_key/java_dl/jml-assert/model-methods-static-instance.key.proof 
63015      DEBUG main            d.u.i.k.p.i.AbstractProblemLoader Environment load took 133.6ns 
63016      INFO  main            d.u.i.k.p.i.AbstractProblemLoader Creating init config 
65430      DEBUG main            d.u.i.k.p.i.AbstractProblemLoader Init config took 2.41s 
65470      INFO  main            d.u.i.k.p.i.AbstractProblemLoader Replaying proof ModelMethods[ModelMethods::test4()].JML normal_behavior operation contract.0 
65502      DEBUG main            d.u.i.k.p.i.IntermediateProofReplayer Proof replay took 28.08ms 
65504      DEBUG main            d.u.i.k.p.r.p.TestFile    ... success: reloaded. 
65505      INFO  main            d.u.i.k.p.r.p.TestFile    Now processing file /home/runner/work/key/key/key.core/../key.ui/examples/standard_key/java_dl/jml-assert/assert-old/inc-field.key 
65506      INFO  main            d.u.i.k.p.i.AbstractProblemLoader Loading environment from /home/runner/work/key/key/key.core/../key.ui/examples/standard_key/java_dl/jml-assert/assert-old/inc-field.key 
65506      DEBUG main            d.u.i.k.p.i.AbstractProblemLoader Environment load took 199.8ns 
65507      INFO  main            d.u.i.k.p.i.AbstractProblemLoader Creating init config 
67836      DEBUG main            d.u.i.k.p.i.AbstractProblemLoader Init config took 2.33s 
67870      INFO  main            d.u.i.k.p.i.AbstractProblemLoader Replaying proof Inc[Inc::inc_field()].JML normal_behavior operation contract.0 
67872      DEBUG main            d.u.i.k.p.i.IntermediateProofReplayer Proof replay took 6.2ns 
67973      INFO  main            d.u.i.k.p.r.p.TestFile    ... finished proof: closed. 
68171      INFO  main            d.u.i.k.p.i.AbstractProblemLoader Loading environment from /home/runner/work/key/key/key.core/../key.ui/examples/standard_key/java_dl/jml-assert/assert-old/inc-field.key.proof 
68171      DEBUG main            d.u.i.k.p.i.AbstractProblemLoader Environment load took 105.1ns 
68173      INFO  main            d.u.i.k.p.i.AbstractProblemLoader Creating init config 
70470      DEBUG main            d.u.i.k.p.i.AbstractProblemLoader Init config took 2.3s 
70505      INFO  main            d.u.i.k.p.i.AbstractProblemLoader Replaying proof Inc[Inc::inc_field()].JML normal_behavior operation contract.0 
70531      DEBUG main            d.u.i.k.p.i.IntermediateProofReplayer Proof replay took 24.34ms 
70531      DEBUG main            d.u.i.k.p.r.p.TestFile    ... success: reloaded. 
70532      INFO  main            d.u.i.k.p.r.p.TestFile    Now processing file /home/runner/work/key/key/key.core/../key.ui/examples/standard_key/java_dl/jml-assert/assert-old/inc-parameter.key 
70532      INFO  main            d.u.i.k.p.i.AbstractProblemLoader Loading environment from /home/runner/work/key/key/key.core/../key.ui/examples/standard_key/java_dl/jml-assert/assert-old/inc-parameter.key 
70532      DEBUG main            d.u.i.k.p.i.AbstractProblemLoader Environment load took 57.2ns 
70533      INFO  main            d.u.i.k.p.i.AbstractProblemLoader Creating init config 
72899      DEBUG main            d.u.i.k.p.i.AbstractProblemLoader Init config took 2.37s 
72933      INFO  main            d.u.i.k.p.i.AbstractProblemLoader Replaying proof Inc[Inc::inc_parameter(int)].JML normal_behavior operation contract.0 
72934      DEBUG main            d.u.i.k.p.i.IntermediateProofReplayer Proof replay took 6ns 
73036      INFO  main            d.u.i.k.p.r.p.TestFile    ... finished proof: closed. 
73236      INFO  main            d.u.i.k.p.i.AbstractProblemLoader Loading environment from /home/runner/work/key/key/key.core/../key.ui/examples/standard_key/java_dl/jml-assert/assert-old/inc-parameter.key.proof 
73236      DEBUG main            d.u.i.k.p.i.AbstractProblemLoader Environment load took 100.3ns 
73237      INFO  main            d.u.i.k.p.i.AbstractProblemLoader Creating init config 
75561      DEBUG main            d.u.i.k.p.i.AbstractProblemLoader Init config took 2.32s 
75596      INFO  main            d.u.i.k.p.i.AbstractProblemLoader Replaying proof Inc[Inc::inc_parameter(int)].JML normal_behavior operation contract.0 
75610      DEBUG main            d.u.i.k.p.i.IntermediateProofReplayer Proof replay took 12.1ms 
75610      DEBUG main            d.u.i.k.p.r.p.TestFile    ... success: reloaded. 
75611      INFO  main            d.u.i.k.p.r.p.TestFile    Now processing file /home/runner/work/key/key/key.core/../key.ui/examples/standard_key/java_dl/jml-assert/assert-old/inc-parameter-field.key 
75611      INFO  main            d.u.i.k.p.i.AbstractProblemLoader Loading environment from /home/runner/work/key/key/key.core/../key.ui/examples/standard_key/java_dl/jml-assert/assert-old/inc-parameter-field.key 
75611      DEBUG main            d.u.i.k.p.i.AbstractProblemLoader Environment load took 88.1ns 
75612      INFO  main            d.u.i.k.p.i.AbstractProblemLoader Creating init config 
77975      DEBUG main            d.u.i.k.p.i.AbstractProblemLoader Init config took 2.36s 
78009      INFO  main            d.u.i.k.p.i.AbstractProblemLoader Replaying proof Inc[Inc::inc_parameter_field(Inc)].JML normal_behavior operation contract.0 
78010      DEBUG main            d.u.i.k.p.i.IntermediateProofReplayer Proof replay took 6.2ns 
78117      INFO  main            d.u.i.k.p.r.p.TestFile    ... finished proof: closed. 
78367      INFO  main            d.u.i.k.p.i.AbstractProblemLoader Loading environment from /home/runner/work/key/key/key.core/../key.ui/examples/standard_key/java_dl/jml-assert/assert-old/inc-parameter-field.key.proof 
78367      DEBUG main            d.u.i.k.p.i.AbstractProblemLoader Environment load took 105.7ns 
78368      INFO  main            d.u.i.k.p.i.AbstractProblemLoader Creating init config 
80651      DEBUG main            d.u.i.k.p.i.AbstractProblemLoader Init config took 2.28s 
80684      INFO  main            d.u.i.k.p.i.AbstractProblemLoader Replaying proof Inc[Inc::inc_parameter_field(Inc)].JML normal_behavior operation contract.0 
80719      DEBUG main            d.u.i.k.p.i.IntermediateProofReplayer Proof replay took 33.04ms 
80720      DEBUG main            d.u.i.k.p.r.p.TestFile    ... success: reloaded. 
80721      INFO  main            d.u.i.k.p.r.p.TestFile    Now processing file /home/runner/work/key/key/key.core/../key.ui/examples/standard_key/java_dl/jml-assert/assert-old/inc-ghost-field.key 
80721      INFO  main            d.u.i.k.p.i.AbstractProblemLoader Loading environment from /home/runner/work/key/key/key.core/../key.ui/examples/standard_key/java_dl/jml-assert/assert-old/inc-ghost-field.key 
80721      DEBUG main            d.u.i.k.p.i.AbstractProblemLoader Environment load took 222.1ns 
80722      INFO  main            d.u.i.k.p.i.AbstractProblemLoader Creating init config 
83080      DEBUG main            d.u.i.k.p.i.AbstractProblemLoader Init config took 2.36s 
83129      INFO  main            d.u.i.k.p.i.AbstractProblemLoader Replaying proof Inc[Inc::inc_ghost_field()].JML normal_behavior operation contract.0 
83130      DEBUG main            d.u.i.k.p.i.IntermediateProofReplayer Proof replay took 6.2ns 
83236      INFO  main            d.u.i.k.p.r.p.TestFile    ... finished proof: closed. 
83453      INFO  main            d.u.i.k.p.i.AbstractProblemLoader Loading environment from /home/runner/work/key/key/key.core/../key.ui/examples/standard_key/java_dl/jml-assert/assert-old/inc-ghost-field.key.proof 
83453      DEBUG main            d.u.i.k.p.i.AbstractProblemLoader Environment load took 103.5ns 
83454      INFO  main            d.u.i.k.p.i.AbstractProblemLoader Creating init config 
85783      DEBUG main            d.u.i.k.p.i.AbstractProblemLoader Init config took 2.33s 
85819      INFO  main            d.u.i.k.p.i.AbstractProblemLoader Replaying proof Inc[Inc::inc_ghost_field()].JML normal_behavior operation contract.0 
85845      DEBUG main            d.u.i.k.p.i.IntermediateProofReplayer Proof replay took 23.91ms 
85846      DEBUG main            d.u.i.k.p.r.p.TestFile    ... success: reloaded. 
692674     INFO  Test worker     d.u.i.k.p.r.RunAllProofsTestUnit Returning from test jmlAsserts 
692675     INFO  Test worker     d.u.i.k.p.r.RunAllProofsTestUnit Running test javaCard 
405        INFO  Timeout watchdog d.u.i.k.p.r.p.ForkedTestFileRunner Timeout watcher launched (2000 secs.) 
425        WARN  main            d.u.i.k.s.ProofSettings   The settings in /home/runner/.key/proof-settings.props are *not* read. 
462        INFO  main            d.u.i.k.p.r.p.TestFile    Now processing file /home/runner/work/key/key/key.core/../key.ui/examples/heap/javacard/updateBalance0.key 
564        INFO  main            d.u.i.k.p.i.AbstractProblemLoader Loading environment from /home/runner/work/key/key/key.core/../key.ui/examples/heap/javacard/updateBalance0.key 
587        DEBUG main            d.u.i.k.p.i.AbstractProblemLoader Environment load took 1.91ms 
793        INFO  main            d.u.i.k.p.i.AbstractProblemLoader Creating init config 
1796       DEBUG main            d.u.i.k.j.TypeConverter   No LDT found for Meta 
1797       DEBUG main            d.u.i.k.j.TypeConverter   No LDT found for Meta 
1800       DEBUG main            d.u.i.k.j.TypeConverter   No LDT found for Meta 
1800       DEBUG main            d.u.i.k.j.TypeConverter   No LDT found for Meta 
3261       DEBUG main            d.u.i.k.j.TypeConverter   No LDT found for JavaBigintExpression 
6388       DEBUG main            d.u.i.k.p.i.AbstractProblemLoader Init config took 5.59s 
6501       INFO  main            d.u.i.k.p.i.AbstractProblemLoader Replaying proof Examples[Examples::updateBalance(short)].JML normal_behavior operation contract.0 
6531       DEBUG main            d.u.i.k.p.i.IntermediateProofReplayer Proof replay took 30.8ns 
7965       INFO  main            d.u.i.k.p.r.p.TestFile    ... finished proof: closed. 
8078       INFO  main            d.u.i.k.p.i.AbstractProblemLoader Loading environment from /home/runner/work/key/key/key.core/../key.ui/examples/heap/javacard/updateBalance0.key.proof 
8078       DEBUG main            d.u.i.k.p.i.AbstractProblemLoader Environment load took 135.4ns 
8085       INFO  main            d.u.i.k.p.i.AbstractProblemLoader Creating init config 
9723       DEBUG main            d.u.i.k.p.i.AbstractProblemLoader Init config took 1.64s 
9778       INFO  main            d.u.i.k.p.i.AbstractProblemLoader Replaying proof Examples[Examples::updateBalance(short)].JML normal_behavior operation contract.0 
9958       DEBUG main            d.u.i.k.p.i.IntermediateProofReplayer Proof replay took 170.48ms 
9967       DEBUG main            d.u.i.k.p.r.p.TestFile    ... success: reloaded. 
9972       INFO  main            d.u.i.k.p.r.p.TestFile    Now processing file /home/runner/work/key/key/key.core/../key.ui/examples/heap/javacard/updateBalance1.key 
9972       INFO  main            d.u.i.k.p.i.AbstractProblemLoader Loading environment from /home/runner/work/key/key/key.core/../key.ui/examples/heap/javacard/updateBalance1.key 
9973       DEBUG main            d.u.i.k.p.i.AbstractProblemLoader Environment load took 229.2ns 
9975       INFO  main            d.u.i.k.p.i.AbstractProblemLoader Creating init config 
11585      DEBUG main            d.u.i.k.p.i.AbstractProblemLoader Init config took 1.61s 
11654      INFO  main            d.u.i.k.p.i.AbstractProblemLoader Replaying proof Examples[Examples::updateBalance(short)].JML normal_behavior operation contract.1 
11656      DEBUG main            d.u.i.k.p.i.IntermediateProofReplayer Proof replay took 5.8ns 
12264      INFO  main            d.u.i.k.p.r.p.TestFile    ... finished proof: closed. 
12380      INFO  main            d.u.i.k.p.i.AbstractProblemLoader Loading environment from /home/runner/work/key/key/key.core/../key.ui/examples/heap/javacard/updateBalance1.key.proof 
12381      DEBUG main            d.u.i.k.p.i.AbstractProblemLoader Environment load took 445.4ns 
12382      INFO  main            d.u.i.k.p.i.AbstractProblemLoader Creating init config 
13909      DEBUG main            d.u.i.k.p.i.AbstractProblemLoader Init config took 1.53s 
13955      INFO  main            d.u.i.k.p.i.AbstractProblemLoader Replaying proof Examples[Examples::updateBalance(short)].JML normal_behavior operation contract.1 
14127      DEBUG main            d.u.i.k.p.i.IntermediateProofReplayer Proof replay took 163.1ms 
14130      DEBUG main            d.u.i.k.p.r.p.TestFile    ... success: reloaded. 
14133      INFO  main            d.u.i.k.p.r.p.TestFile    Now processing file /home/runner/work/key/key/key.core/../key.ui/examples/heap/javacard/setArray1.key 
14133      INFO  main            d.u.i.k.p.i.AbstractProblemLoader Loading environment from /home/runner/work/key/key/key.core/../key.ui/examples/heap/javacard/setArray1.key 
14134      DEBUG main            d.u.i.k.p.i.AbstractProblemLoader Environment load took 327.1ns 
14135      INFO  main            d.u.i.k.p.i.AbstractProblemLoader Creating init config 
15634      DEBUG main            d.u.i.k.p.i.AbstractProblemLoader Init config took 1.5s 
15675      INFO  main            d.u.i.k.p.i.AbstractProblemLoader Replaying proof Examples[Examples::setArray1([B)].JML normal_behavior operation contract.0 
15677      DEBUG main            d.u.i.k.p.i.IntermediateProofReplayer Proof replay took 6.1ns 
16582      INFO  main            d.u.i.k.p.r.p.TestFile    ... finished proof: closed. 
16724      INFO  main            d.u.i.k.p.i.AbstractProblemLoader Loading environment from /home/runner/work/key/key/key.core/../key.ui/examples/heap/javacard/setArray1.key.proof 
16724      DEBUG main            d.u.i.k.p.i.AbstractProblemLoader Environment load took 431.7ns 
16726      INFO  main            d.u.i.k.p.i.AbstractProblemLoader Creating init config 
18241      DEBUG main            d.u.i.k.p.i.AbstractProblemLoader Init config took 1.52s 
18293      INFO  main            d.u.i.k.p.i.AbstractProblemLoader Replaying proof Examples[Examples::setArray1([B)].JML normal_behavior operation contract.0 
18530      DEBUG main            d.u.i.k.p.i.IntermediateProofReplayer Proof replay took 228.75ms 
18533      DEBUG main            d.u.i.k.p.r.p.TestFile    ... success: reloaded. 
18538      INFO  main            d.u.i.k.p.r.p.TestFile    Now processing file /home/runner/work/key/key/key.core/../key.ui/examples/heap/javacard/setArray2.key 
18539      INFO  main            d.u.i.k.p.i.AbstractProblemLoader Loading environment from /home/runner/work/key/key/key.core/../key.ui/examples/heap/javacard/setArray2.key 
18539      DEBUG main            d.u.i.k.p.i.AbstractProblemLoader Environment load took 225.1ns 
18540      INFO  main            d.u.i.k.p.i.AbstractProblemLoader Creating init config 
20061      DEBUG main            d.u.i.k.p.i.AbstractProblemLoader Init config took 1.52s 
20100      INFO  main            d.u.i.k.p.i.AbstractProblemLoader Replaying proof Examples[Examples::setArray2([B)].JML normal_behavior operation contract.0 
20102      DEBUG main            d.u.i.k.p.i.IntermediateProofReplayer Proof replay took 5.1ns 
21007      INFO  main            d.u.i.k.p.r.p.TestFile    ... finished proof: closed. 
21146      INFO  main            d.u.i.k.p.i.AbstractProblemLoader Loading environment from /home/runner/work/key/key/key.core/../key.ui/examples/heap/javacard/setArray2.key.proof 
21148      DEBUG main            d.u.i.k.p.i.AbstractProblemLoader Environment load took 1.52ms 
21149      INFO  main            d.u.i.k.p.i.AbstractProblemLoader Creating init config 
22621      DEBUG main            d.u.i.k.p.i.AbstractProblemLoader Init config took 1.47s 
22666      INFO  main            d.u.i.k.p.i.AbstractProblemLoader Replaying proof Examples[Examples::setArray2([B)].JML normal_behavior operation contract.0 
22869      DEBUG main            d.u.i.k.p.i.IntermediateProofReplayer Proof replay took 197.52ms 
22871      DEBUG main            d.u.i.k.p.r.p.TestFile    ... success: reloaded. 
22873      INFO  main            d.u.i.k.p.r.p.TestFile    Now processing file /home/runner/work/key/key/key.core/../key.ui/examples/heap/javacard/arrayFillNonAtomic.key 
22873      INFO  main            d.u.i.k.p.i.AbstractProblemLoader Loading environment from /home/runner/work/key/key/key.core/../key.ui/examples/heap/javacard/arrayFillNonAtomic.key 
22874      DEBUG main            d.u.i.k.p.i.AbstractProblemLoader Environment load took 211.6ns 
22875      INFO  main            d.u.i.k.p.i.AbstractProblemLoader Creating init config 
24357      DEBUG main            d.u.i.k.p.i.AbstractProblemLoader Init config took 1.48s 
24411      INFO  main            d.u.i.k.p.i.AbstractProblemLoader Replaying proof javacard.framework.Util[javacard.framework.Util::arrayFillNonAtomic([B,short,short,byte)].JML behavior operation contract.0.transaction_inactive 
24413      DEBUG main            d.u.i.k.p.i.IntermediateProofReplayer Proof replay took 5.7ns 
25194      DEBUG Thread-13       d.u.i.k.l.o.ProgramSV     Match failed: Former match of  SchemaVariable incompatible with  the current match. 
25195      DEBUG Thread-13       d.u.i.k.l.o.ProgramSV     Match failed: Former match of  SchemaVariable incompatible with  the current match. 
26378      DEBUG Thread-13       d.u.i.k.l.o.ProgramSV     Match failed: Former match of  SchemaVariable incompatible with  the current match. 
26379      DEBUG Thread-13       d.u.i.k.l.o.ProgramSV     Match failed: Former match of  SchemaVariable incompatible with  the current match. 
27764      INFO  main            d.u.i.k.p.r.p.TestFile    ... finished proof: closed. 
27906      INFO  main            d.u.i.k.p.i.AbstractProblemLoader Loading environment from /home/runner/work/key/key/key.core/../key.ui/examples/heap/javacard/arrayFillNonAtomic.key.proof 
27918      DEBUG main            d.u.i.k.p.i.AbstractProblemLoader Environment load took 12.85ms 
27920      INFO  main            d.u.i.k.p.i.AbstractProblemLoader Creating init config 
29373      DEBUG main            d.u.i.k.p.i.AbstractProblemLoader Init config took 1.45s 
29431      INFO  main            d.u.i.k.p.i.AbstractProblemLoader Replaying proof javacard.framework.Util[javacard.framework.Util::arrayFillNonAtomic([B,short,short,byte)].JML behavior operation contract.0.transaction_inactive 
30280      DEBUG main            d.u.i.k.p.i.IntermediateProofReplayer Proof replay took 828.11ms 
30282      DEBUG main            d.u.i.k.p.r.p.TestFile    ... success: reloaded. 
30283      INFO  main            d.u.i.k.p.r.p.TestFile    Now processing file /home/runner/work/key/key/key.core/../key.ui/examples/heap/coincidence_count/project.key 
30283      INFO  main            d.u.i.k.p.i.AbstractProblemLoader Loading environment from /home/runner/work/key/key/key.core/../key.ui/examples/heap/coincidence_count/project.key 
30283      DEBUG main            d.u.i.k.p.i.AbstractProblemLoader Environment load took 222.8ns 
30284      INFO  main            d.u.i.k.p.i.AbstractProblemLoader Creating init config 
33470      DEBUG main            d.u.i.k.p.i.AbstractProblemLoader Init config took 3.19s 
33550      INFO  main            d.u.i.k.p.i.AbstractProblemLoader Replaying proof CC[CC::calcCoinIndex([I,[I)].JML normal_behavior operation contract.0 
33554      DEBUG main            d.u.i.k.p.i.IntermediateProofReplayer Proof replay took 6.8ns 
50895      INFO  main            d.u.i.k.p.r.p.TestFile    ... finished proof: closed. 
51168      INFO  main            d.u.i.k.p.i.AbstractProblemLoader Loading environment from /home/runner/work/key/key/key.core/../key.ui/examples/heap/coincidence_count/project.key.proof 
51169      DEBUG main            d.u.i.k.p.i.AbstractProblemLoader Environment load took 423.1ns 
51172      INFO  main            d.u.i.k.p.i.AbstractProblemLoader Creating init config 
53598      DEBUG main            d.u.i.k.p.i.AbstractProblemLoader Init config took 2.43s 
53639      INFO  main            d.u.i.k.p.i.AbstractProblemLoader Replaying proof CC[CC::calcCoinIndex([I,[I)].JML normal_behavior operation contract.0 
54608      DEBUG main            d.u.i.k.p.i.IntermediateProofReplayer Proof replay took 906.16ms 
54613      DEBUG main            d.u.i.k.p.r.p.TestFile    ... success: reloaded. 
54615      INFO  main            d.u.i.k.p.r.p.TestFile    Now processing file /home/runner/work/key/key/key.core/../key.ui/examples/heap/verifyThis11_1_Maximum/project.key 
54615      INFO  main            d.u.i.k.p.i.AbstractProblemLoader Loading environment from /home/runner/work/key/key/key.core/../key.ui/examples/heap/verifyThis11_1_Maximum/project.key 
54615      DEBUG main            d.u.i.k.p.i.AbstractProblemLoader Environment load took 214.2ns 
54616      INFO  main            d.u.i.k.p.i.AbstractProblemLoader Creating init config 
57159      DEBUG main            d.u.i.k.p.i.AbstractProblemLoader Init config took 2.54s 
57199      INFO  main            d.u.i.k.p.i.AbstractProblemLoader Replaying proof Maximum[Maximum::maxIndex([I)].JML normal_behavior operation contract.0 
57201      DEBUG main            d.u.i.k.p.i.IntermediateProofReplayer Proof replay took 4.4ns 
58107      INFO  main            d.u.i.k.p.r.p.TestFile    ... finished proof: closed. 
58390      INFO  main            d.u.i.k.p.i.AbstractProblemLoader Loading environment from /home/runner/work/key/key/key.core/../key.ui/examples/heap/verifyThis11_1_Maximum/project.key.proof 
58390      DEBUG main            d.u.i.k.p.i.AbstractProblemLoader Environment load took 424.3ns 
58391      INFO  main            d.u.i.k.p.i.AbstractProblemLoader Creating init config 
60752      DEBUG main            d.u.i.k.p.i.AbstractProblemLoader Init config took 2.36s 
60799      INFO  main            d.u.i.k.p.i.AbstractProblemLoader Replaying proof Maximum[Maximum::maxIndex([I)].JML normal_behavior operation contract.0 
60965      DEBUG main            d.u.i.k.p.i.IntermediateProofReplayer Proof replay took 160.69ms 
60966      DEBUG main            d.u.i.k.p.r.p.TestFile    ... success: reloaded. 
60967      INFO  main            d.u.i.k.p.r.p.TestFile    Now processing file /home/runner/work/key/key/key.core/../key.ui/examples/heap/fm12_01_LRS/lcp.key 
60968      INFO  main            d.u.i.k.p.i.AbstractProblemLoader Loading environment from /home/runner/work/key/key/key.core/../key.ui/examples/heap/fm12_01_LRS/lcp.key 
60968      DEBUG main            d.u.i.k.p.i.AbstractProblemLoader Environment load took 211.2ns 
60969      INFO  main            d.u.i.k.p.i.AbstractProblemLoader Creating init config 
63975      DEBUG main            d.u.i.k.p.i.AbstractProblemLoader Init config took 3.01s 
64075      INFO  main            d.u.i.k.p.i.AbstractProblemLoader Replaying proof LCP[LCP::lcp([I,int,int)].JML normal_behavior operation contract.0 
64077      DEBUG main            d.u.i.k.p.i.IntermediateProofReplayer Proof replay took 5.3ns 
64882      INFO  main            d.u.i.k.p.r.p.TestFile    ... finished proof: closed. 
65153      INFO  main            d.u.i.k.p.i.AbstractProblemLoader Loading environment from /home/runner/work/key/key/key.core/../key.ui/examples/heap/fm12_01_LRS/lcp.key.proof 
65153      DEBUG main            d.u.i.k.p.i.AbstractProblemLoader Environment load took 427ns 
65155      INFO  main            d.u.i.k.p.i.AbstractProblemLoader Creating init config 
67918      DEBUG main            d.u.i.k.p.i.AbstractProblemLoader Init config took 2.76s 
67976      INFO  main            d.u.i.k.p.i.AbstractProblemLoader Replaying proof LCP[LCP::lcp([I,int,int)].JML normal_behavior operation contract.0 
68184      DEBUG main            d.u.i.k.p.i.IntermediateProofReplayer Proof replay took 202.74ms 
68185      DEBUG main            d.u.i.k.p.r.p.TestFile    ... success: reloaded. 
68189      INFO  main            d.u.i.k.p.r.p.TestFile    Now processing file /home/runner/work/key/key/key.core/../key.ui/examples/heap/SemanticSlicing/project.key 
68190      INFO  main            d.u.i.k.p.i.AbstractProblemLoader Loading environment from /home/runner/work/key/key/key.core/../key.ui/examples/heap/SemanticSlicing/project.key 
68190      DEBUG main            d.u.i.k.p.i.AbstractProblemLoader Environment load took 239.2ns 
68193      INFO  main            d.u.i.k.p.i.AbstractProblemLoader Creating init config 
70709      DEBUG main            d.u.i.k.p.i.AbstractProblemLoader Init config took 2.52s 
70761      INFO  main            d.u.i.k.p.i.AbstractProblemLoader Replaying proof unsatcore_after.competition.postcond5.scope333.LRS[unsatcore_after.competition.postcond5.scope333.LRS::doLRS()].JML operation contract.0 
70762      DEBUG main            d.u.i.k.p.i.IntermediateProofReplayer Proof replay took 4.5ns 
74392      INFO  main            d.u.i.k.p.r.p.TestFile    ... finished proof: closed. 
74647      INFO  main            d.u.i.k.p.i.AbstractProblemLoader Loading environment from /home/runner/work/key/key/key.core/../key.ui/examples/heap/SemanticSlicing/project.key.proof 
74647      DEBUG main            d.u.i.k.p.i.AbstractProblemLoader Environment load took 411.4ns 
74649      INFO  main            d.u.i.k.p.i.AbstractProblemLoader Creating init config 
77083      DEBUG main            d.u.i.k.p.i.AbstractProblemLoader Init config took 2.43s 
77150      INFO  main            d.u.i.k.p.i.AbstractProblemLoader Replaying proof unsatcore_after.competition.postcond5.scope333.LRS[unsatcore_after.competition.postcond5.scope333.LRS::doLRS()].JML operation contract.0 
77946      DEBUG main            d.u.i.k.p.i.IntermediateProofReplayer Proof replay took 781.64ms 
77947      DEBUG main            d.u.i.k.p.r.p.TestFile    ... success: reloaded. 
77948      INFO  main            d.u.i.k.p.r.p.TestFile    Now processing file /home/runner/work/key/key/key.core/../key.ui/examples/heap/information_flow/ArrayList_contains.key 
77948      INFO  main            d.u.i.k.p.i.AbstractProblemLoader Loading environment from /home/runner/work/key/key/key.core/../key.ui/examples/heap/information_flow/ArrayList_contains.key 
77948      DEBUG main            d.u.i.k.p.i.AbstractProblemLoader Environment load took 172.4ns 
77949      INFO  main            d.u.i.k.p.i.AbstractProblemLoader Creating init config 
80677      DEBUG main            d.u.i.k.p.i.AbstractProblemLoader Init config took 2.73s 
80716      INFO  main            d.u.i.k.p.i.AbstractProblemLoader Replaying proof ArrayList[ArrayList::get(int)].JML normal_behavior operation contract.0 
80717      DEBUG main            d.u.i.k.p.i.IntermediateProofReplayer Proof replay took 4.4ns 
81019      INFO  main            d.u.i.k.p.r.p.TestFile    ... finished proof: closed. 
81241      INFO  main            d.u.i.k.p.i.AbstractProblemLoader Loading environment from /home/runner/work/key/key/key.core/../key.ui/examples/heap/information_flow/ArrayList_contains.key.proof 
81241      DEBUG main            d.u.i.k.p.i.AbstractProblemLoader Environment load took 112.1ns 
81242      INFO  main            d.u.i.k.p.i.AbstractProblemLoader Creating init config 
83793      DEBUG main            d.u.i.k.p.i.AbstractProblemLoader Init config took 2.55s 
83831      INFO  main            d.u.i.k.p.i.AbstractProblemLoader Replaying proof ArrayList[ArrayList::get(int)].JML normal_behavior operation contract.0 
83881      DEBUG main            d.u.i.k.p.i.IntermediateProofReplayer Proof replay took 47.67ms 
83882      DEBUG main            d.u.i.k.p.r.p.TestFile    ... success: reloaded. 
83883      INFO  main            d.u.i.k.p.r.p.TestFile    Now processing file /home/runner/work/key/key/key.core/../key.ui/examples/heap/information_flow/ArrayList_get.key 
83883      INFO  main            d.u.i.k.p.i.AbstractProblemLoader Loading environment from /home/runner/work/key/key/key.core/../key.ui/examples/heap/information_flow/ArrayList_get.key 
83884      DEBUG main            d.u.i.k.p.i.AbstractProblemLoader Environment load took 249.6ns 
83885      INFO  main            d.u.i.k.p.i.AbstractProblemLoader Creating init config 
86488      DEBUG main            d.u.i.k.p.i.AbstractProblemLoader Init config took 2.6s 
86526      INFO  main            d.u.i.k.p.i.AbstractProblemLoader Replaying proof ArrayList[ArrayList::contains(java.lang.Object)].JML normal_behavior operation contract.0 
86527      DEBUG main            d.u.i.k.p.i.IntermediateProofReplayer Proof replay took 5ns 
87339      INFO  main            d.u.i.k.p.r.p.TestFile    ... finished proof: closed. 
87578      INFO  main            d.u.i.k.p.i.AbstractProblemLoader Loading environment from /home/runner/work/key/key/key.core/../key.ui/examples/heap/information_flow/ArrayList_get.key.proof 
87579      DEBUG main            d.u.i.k.p.i.AbstractProblemLoader Environment load took 472.4ns 
87581      INFO  main            d.u.i.k.p.i.AbstractProblemLoader Creating init config 
90089      DEBUG main            d.u.i.k.p.i.AbstractProblemLoader Init config took 2.51s 
90127      INFO  main            d.u.i.k.p.i.AbstractProblemLoader Replaying proof ArrayList[ArrayList::contains(java.lang.Object)].JML normal_behavior operation contract.0 
90292      DEBUG main            d.u.i.k.p.i.IntermediateProofReplayer Proof replay took 160.28ms 
90293      DEBUG main            d.u.i.k.p.r.p.TestFile    ... success: reloaded. 
90293      INFO  main            d.u.i.k.p.r.p.TestFile    Now processing file /home/runner/work/key/key/key.core/../key.ui/examples/heap/information_flow/ArrayList_size.key 
90294      INFO  main            d.u.i.k.p.i.AbstractProblemLoader Loading environment from /home/runner/work/key/key/key.core/../key.ui/examples/heap/information_flow/ArrayList_size.key 
90294      DEBUG main            d.u.i.k.p.i.AbstractProblemLoader Environment load took 78.3ns 
90295      INFO  main            d.u.i.k.p.i.AbstractProblemLoader Creating init config 
92852      DEBUG main            d.u.i.k.p.i.AbstractProblemLoader Init config took 2.56s 
92890      INFO  main            d.u.i.k.p.i.AbstractProblemLoader Replaying proof ArrayList[ArrayList::size()].JML normal_behavior operation contract.0 
92891      DEBUG main            d.u.i.k.p.i.IntermediateProofReplayer Proof replay took 4.9ns 
92993      INFO  main            d.u.i.k.p.r.p.TestFile    ... finished proof: closed. 
93243      INFO  main            d.u.i.k.p.i.AbstractProblemLoader Loading environment from /home/runner/work/key/key/key.core/../key.ui/examples/heap/information_flow/ArrayList_size.key.proof 
93244      DEBUG main            d.u.i.k.p.i.AbstractProblemLoader Environment load took 107.7ns 
93244      INFO  main            d.u.i.k.p.i.AbstractProblemLoader Creating init config 
95736      DEBUG main            d.u.i.k.p.i.AbstractProblemLoader Init config took 2.49s 
95772      INFO  main            d.u.i.k.p.i.AbstractProblemLoader Replaying proof ArrayList[ArrayList::size()].JML normal_behavior operation contract.0 
95785      DEBUG main            d.u.i.k.p.i.IntermediateProofReplayer Proof replay took 11.34ms 
95786      DEBUG main            d.u.i.k.p.r.p.TestFile    ... success: reloaded. 
95786      INFO  main            d.u.i.k.p.r.p.TestFile    Now processing file /home/runner/work/key/key/key.core/../key.ui/examples/heap/information_flow/UpdateAbstraction_ex7_3_secure.key 
95787      INFO  main            d.u.i.k.p.i.AbstractProblemLoader Loading environment from /home/runner/work/key/key/key.core/../key.ui/examples/heap/information_flow/UpdateAbstraction_ex7_3_secure.key 
95787      DEBUG main            d.u.i.k.p.i.AbstractProblemLoader Environment load took 208ns 
95788      INFO  main            d.u.i.k.p.i.AbstractProblemLoader Creating init config 
98342      DEBUG main            d.u.i.k.p.i.AbstractProblemLoader Init config took 2.55s 
98377      INFO  main            d.u.i.k.p.i.AbstractProblemLoader Replaying proof UpdateAbstraction[UpdateAbstraction::ex7_3_secure()].JML operation contract.0 
98378      DEBUG main            d.u.i.k.p.i.IntermediateProofReplayer Proof replay took 5.1ns 
98479      INFO  main            d.u.i.k.p.r.p.TestFile    ... finished proof: closed. 
98724      INFO  main            d.u.i.k.p.i.AbstractProblemLoader Loading environment from /home/runner/work/key/key/key.core/../key.ui/examples/heap/information_flow/UpdateAbstraction_ex7_3_secure.key.proof 
98724      DEBUG main            d.u.i.k.p.i.AbstractProblemLoader Environment load took 103.2ns 
98725      INFO  main            d.u.i.k.p.i.AbstractProblemLoader Creating init config 
101218     DEBUG main            d.u.i.k.p.i.AbstractProblemLoader Init config took 2.49s 
101261     INFO  main            d.u.i.k.p.i.AbstractProblemLoader Replaying proof UpdateAbstraction[UpdateAbstraction::ex7_3_secure()].JML operation contract.0 
101289     DEBUG main            d.u.i.k.p.i.IntermediateProofReplayer Proof replay took 25.94ms 
101290     DEBUG main            d.u.i.k.p.r.p.TestFile    ... success: reloaded. 
101290     INFO  main            d.u.i.k.p.r.p.TestFile    Now processing file /home/runner/work/key/key/key.core/../key.ui/examples/heap/information_flow/UpdateAbstraction_ex7_4_secure.key 
101291     INFO  main            d.u.i.k.p.i.AbstractProblemLoader Loading environment from /home/runner/work/key/key/key.core/../key.ui/examples/heap/information_flow/UpdateAbstraction_ex7_4_secure.key 
101291     DEBUG main            d.u.i.k.p.i.AbstractProblemLoader Environment load took 73.3ns 
101291     INFO  main            d.u.i.k.p.i.AbstractProblemLoader Creating init config 
103801     DEBUG main            d.u.i.k.p.i.AbstractProblemLoader Init config took 2.51s 
103853     INFO  main            d.u.i.k.p.i.AbstractProblemLoader Replaying proof UpdateAbstraction[UpdateAbstraction::ex7_4_secure()].JML operation contract.0 
103854     DEBUG main            d.u.i.k.p.i.IntermediateProofReplayer Proof replay took 4.7ns 
104060     INFO  main            d.u.i.k.p.r.p.TestFile    ... finished proof: closed. 
104317     INFO  main            d.u.i.k.p.i.AbstractProblemLoader Loading environment from /home/runner/work/key/key/key.core/../key.ui/examples/heap/information_flow/UpdateAbstraction_ex7_4_secure.key.proof 
104318     DEBUG main            d.u.i.k.p.i.AbstractProblemLoader Environment load took 104.8ns 
104318     INFO  main            d.u.i.k.p.i.AbstractProblemLoader Creating init config 
106802     DEBUG main            d.u.i.k.p.i.AbstractProblemLoader Init config took 2.48s 
106852     INFO  main            d.u.i.k.p.i.AbstractProblemLoader Replaying proof UpdateAbstraction[UpdateAbstraction::ex7_4_secure()].JML operation contract.0 
106894     DEBUG main            d.u.i.k.p.i.IntermediateProofReplayer Proof replay took 39.11ms 
106895     DEBUG main            d.u.i.k.p.r.p.TestFile    ... success: reloaded. 
106895     INFO  main            d.u.i.k.p.r.p.TestFile    Now processing file /home/runner/work/key/key/key.core/../key.ui/examples/heap/information_flow/UpdateAbstraction_ex7_5_secure.key 
106896     INFO  main            d.u.i.k.p.i.AbstractProblemLoader Loading environment from /home/runner/work/key/key/key.core/../key.ui/examples/heap/information_flow/UpdateAbstraction_ex7_5_secure.key 
106896     DEBUG main            d.u.i.k.p.i.AbstractProblemLoader Environment load took 217.9ns 
106897     INFO  main            d.u.i.k.p.i.AbstractProblemLoader Creating init config 
109459     DEBUG main            d.u.i.k.p.i.AbstractProblemLoader Init config took 2.56s 
109493     INFO  main            d.u.i.k.p.i.AbstractProblemLoader Replaying proof UpdateAbstraction[UpdateAbstraction::ex7_5_secure()].JML operation contract.0 
109495     DEBUG main            d.u.i.k.p.i.IntermediateProofReplayer Proof replay took 5ns 
109596     INFO  main            d.u.i.k.p.r.p.TestFile    ... finished proof: closed. 
109851     INFO  main            d.u.i.k.p.i.AbstractProblemLoader Loading environment from /home/runner/work/key/key/key.core/../key.ui/examples/heap/information_flow/UpdateAbstraction_ex7_5_secure.key.proof 
109851     DEBUG main            d.u.i.k.p.i.AbstractProblemLoader Environment load took 102.7ns 
109852     INFO  main            d.u.i.k.p.i.AbstractProblemLoader Creating init config 
112337     DEBUG main            d.u.i.k.p.i.AbstractProblemLoader Init config took 2.48s 
112371     INFO  main            d.u.i.k.p.i.AbstractProblemLoader Replaying proof UpdateAbstraction[UpdateAbstraction::ex7_5_secure()].JML operation contract.0 
112389     DEBUG main            d.u.i.k.p.i.IntermediateProofReplayer Proof replay took 16.14ms 
112390     DEBUG main            d.u.i.k.p.r.p.TestFile    ... success: reloaded. 
112391     INFO  main            d.u.i.k.p.r.p.TestFile    Now processing file /home/runner/work/key/key/key.core/../key.ui/examples/heap/information_flow/UpdateAbstraction_ex7_6_secure.key 
112391     INFO  main            d.u.i.k.p.i.AbstractProblemLoader Loading environment from /home/runner/work/key/key/key.core/../key.ui/examples/heap/information_flow/UpdateAbstraction_ex7_6_secure.key 
112391     DEBUG main            d.u.i.k.p.i.AbstractProblemLoader Environment load took 89.2ns 
112392     INFO  main            d.u.i.k.p.i.AbstractProblemLoader Creating init config 
114919     DEBUG main            d.u.i.k.p.i.AbstractProblemLoader Init config took 2.53s 
114954     INFO  main            d.u.i.k.p.i.AbstractProblemLoader Replaying proof UpdateAbstraction[UpdateAbstraction::ex7_6_secure()].JML operation contract.0 
114955     DEBUG main            d.u.i.k.p.i.IntermediateProofReplayer Proof replay took 5.3ns 
115257     INFO  main            d.u.i.k.p.r.p.TestFile    ... finished proof: closed. 
115525     INFO  main            d.u.i.k.p.i.AbstractProblemLoader Loading environment from /home/runner/work/key/key/key.core/../key.ui/examples/heap/information_flow/UpdateAbstraction_ex7_6_secure.key.proof 
115525     DEBUG main            d.u.i.k.p.i.AbstractProblemLoader Environment load took 105.1ns 
115526     INFO  main            d.u.i.k.p.i.AbstractProblemLoader Creating init config 
118046     DEBUG main            d.u.i.k.p.i.AbstractProblemLoader Init config took 2.52s 
118084     INFO  main            d.u.i.k.p.i.AbstractProblemLoader Replaying proof UpdateAbstraction[UpdateAbstraction::ex7_6_secure()].JML operation contract.0 
118141     DEBUG main            d.u.i.k.p.i.IntermediateProofReplayer Proof replay took 54.11ms 
118142     DEBUG main            d.u.i.k.p.r.p.TestFile    ... success: reloaded. 
118142     INFO  main            d.u.i.k.p.r.p.TestFile    Now processing file /home/runner/work/key/key/key.core/../key.ui/examples/heap/information_flow/UpdateAbstraction_ex9_secure.key 
118143     INFO  main            d.u.i.k.p.i.AbstractProblemLoader Loading environment from /home/runner/work/key/key/key.core/../key.ui/examples/heap/information_flow/UpdateAbstraction_ex9_secure.key 
118143     DEBUG main            d.u.i.k.p.i.AbstractProblemLoader Environment load took 201.5ns 
118144     INFO  main            d.u.i.k.p.i.AbstractProblemLoader Creating init config 
120715     DEBUG main            d.u.i.k.p.i.AbstractProblemLoader Init config took 2.57s 
120749     INFO  main            d.u.i.k.p.i.AbstractProblemLoader Replaying proof UpdateAbstraction[UpdateAbstraction::ex9_secure()].JML operation contract.0 
120750     DEBUG main            d.u.i.k.p.i.IntermediateProofReplayer Proof replay took 4.8ns 
121556     INFO  main            d.u.i.k.p.r.p.TestFile    ... finished proof: closed. 
121836     INFO  main            d.u.i.k.p.i.AbstractProblemLoader Loading environment from /home/runner/work/key/key/key.core/../key.ui/examples/heap/information_flow/UpdateAbstraction_ex9_secure.key.proof 
121836     DEBUG main            d.u.i.k.p.i.AbstractProblemLoader Environment load took 100.8ns 
121837     INFO  main            d.u.i.k.p.i.AbstractProblemLoader Creating init config 
124379     DEBUG main            d.u.i.k.p.i.AbstractProblemLoader Init config took 2.54s 
124415     INFO  main            d.u.i.k.p.i.AbstractProblemLoader Replaying proof UpdateAbstraction[UpdateAbstraction::ex9_secure()].JML operation contract.0 
124596     DEBUG main            d.u.i.k.p.i.IntermediateProofReplayer Proof replay took 177.92ms 
124597     DEBUG main            d.u.i.k.p.r.p.TestFile    ... success: reloaded. 
817434     INFO  Test worker     d.u.i.k.p.r.RunAllProofsTestUnit Returning from test javaCard 
817436     INFO  Test worker     d.u.i.k.p.r.RunAllProofsTestUnit Running test list 
333        INFO  Timeout watchdog d.u.i.k.p.r.p.ForkedTestFileRunner Timeout watcher launched (2000 secs.) 
342        WARN  main            d.u.i.k.s.ProofSettings   The settings in /home/runner/.key/proof-settings.props are *not* read. 
396        INFO  main            d.u.i.k.p.r.p.TestFile    Now processing file /home/runner/work/key/key/key.core/../key.ui/examples/heap/list/ArrayList_add.key 
509        INFO  main            d.u.i.k.p.i.AbstractProblemLoader Loading environment from /home/runner/work/key/key/key.core/../key.ui/examples/heap/list/ArrayList_add.key 
524        DEBUG main            d.u.i.k.p.i.AbstractProblemLoader Environment load took 1.9ms 
728        INFO  main            d.u.i.k.p.i.AbstractProblemLoader Creating init config 
1590       DEBUG main            d.u.i.k.j.TypeConverter   No LDT found for Meta 
1590       DEBUG main            d.u.i.k.j.TypeConverter   No LDT found for Meta 
1591       DEBUG main            d.u.i.k.j.TypeConverter   No LDT found for Meta 
1591       DEBUG main            d.u.i.k.j.TypeConverter   No LDT found for Meta 
3038       DEBUG main            d.u.i.k.j.TypeConverter   No LDT found for JavaBigintExpression 
6072       DEBUG main            d.u.i.k.j.r.ClassPreparationMethodBuilder clPrepBuilder: Inner Class detected. Reject building class initialisation methods. 
8748       DEBUG main            d.u.i.k.p.i.AbstractProblemLoader Init config took 8.02s 
8907       INFO  main            d.u.i.k.p.i.AbstractProblemLoader Replaying proof ArrayList[List::add(java.lang.Object)].JML normal_behavior operation contract.0 
8944       DEBUG main            d.u.i.k.p.i.IntermediateProofReplayer Proof replay took 32.3ns 
14366      INFO  main            d.u.i.k.p.r.p.TestFile    ... finished proof: closed. 
14565      INFO  main            d.u.i.k.p.i.AbstractProblemLoader Loading environment from /home/runner/work/key/key/key.core/../key.ui/examples/heap/list/ArrayList_add.key.proof 
14565      DEBUG main            d.u.i.k.p.i.AbstractProblemLoader Environment load took 210.1ns 
14568      INFO  main            d.u.i.k.p.i.AbstractProblemLoader Creating init config 
15686      DEBUG main            d.u.i.k.j.r.ClassPreparationMethodBuilder clPrepBuilder: Inner Class detected. Reject building class initialisation methods. 
17880      DEBUG main            d.u.i.k.p.i.AbstractProblemLoader Init config took 3.31s 
17952      INFO  main            d.u.i.k.p.i.AbstractProblemLoader Replaying proof ArrayList[List::add(java.lang.Object)].JML normal_behavior operation contract.0 
18968      DEBUG main            d.u.i.k.p.i.IntermediateProofReplayer Proof replay took 988.02ms 
18976      DEBUG main            d.u.i.k.p.r.p.TestFile    ... success: reloaded. 
18978      INFO  main            d.u.i.k.p.r.p.TestFile    Now processing file /home/runner/work/key/key/key.core/../key.ui/examples/heap/list/ArrayList_ArrayList.key 
18978      INFO  main            d.u.i.k.p.i.AbstractProblemLoader Loading environment from /home/runner/work/key/key/key.core/../key.ui/examples/heap/list/ArrayList_ArrayList.key 
18979      DEBUG main            d.u.i.k.p.i.AbstractProblemLoader Environment load took 262.8ns 
18980      INFO  main            d.u.i.k.p.i.AbstractProblemLoader Creating init config 
20099      DEBUG main            d.u.i.k.j.r.ClassPreparationMethodBuilder clPrepBuilder: Inner Class detected. Reject building class initialisation methods. 
22244      DEBUG main            d.u.i.k.p.i.AbstractProblemLoader Init config took 3.26s 
22312      INFO  main            d.u.i.k.p.i.AbstractProblemLoader Replaying proof ArrayList[ArrayList::ArrayList()].JML normal_behavior operation contract.0 
22314      DEBUG main            d.u.i.k.p.i.IntermediateProofReplayer Proof replay took 5.7ns 
23720      INFO  main            d.u.i.k.p.r.p.TestFile    ... finished proof: closed. 
23915      INFO  main            d.u.i.k.p.i.AbstractProblemLoader Loading environment from /home/runner/work/key/key/key.core/../key.ui/examples/heap/list/ArrayList_ArrayList.key.proof 
23916      DEBUG main            d.u.i.k.p.i.AbstractProblemLoader Environment load took 674.3ns 
23917      INFO  main            d.u.i.k.p.i.AbstractProblemLoader Creating init config 
24901      DEBUG main            d.u.i.k.j.r.ClassPreparationMethodBuilder clPrepBuilder: Inner Class detected. Reject building class initialisation methods. 
27007      DEBUG main            d.u.i.k.p.i.AbstractProblemLoader Init config took 3.09s 
27072      INFO  main            d.u.i.k.p.i.AbstractProblemLoader Replaying proof ArrayList[ArrayList::ArrayList()].JML normal_behavior operation contract.0 
27320      DEBUG main            d.u.i.k.p.i.IntermediateProofReplayer Proof replay took 234.22ms 
27322      DEBUG main            d.u.i.k.p.r.p.TestFile    ... success: reloaded. 
27323      INFO  main            d.u.i.k.p.r.p.TestFile    Now processing file /home/runner/work/key/key/key.core/../key.ui/examples/heap/list/ArrayList_concatenate.key 
27324      INFO  main            d.u.i.k.p.i.AbstractProblemLoader Loading environment from /home/runner/work/key/key/key.core/../key.ui/examples/heap/list/ArrayList_concatenate.key 
27324      DEBUG main            d.u.i.k.p.i.AbstractProblemLoader Environment load took 212.3ns 
27325      INFO  main            d.u.i.k.p.i.AbstractProblemLoader Creating init config 
28341      DEBUG main            d.u.i.k.j.r.ClassPreparationMethodBuilder clPrepBuilder: Inner Class detected. Reject building class initialisation methods. 
30408      DEBUG main            d.u.i.k.p.i.AbstractProblemLoader Init config took 3.08s 
30487      INFO  main            d.u.i.k.p.i.AbstractProblemLoader Replaying proof ArrayList[List::concatenate(List)].JML normal_behavior operation contract.0 
30489      DEBUG main            d.u.i.k.p.i.IntermediateProofReplayer Proof replay took 6.9ns 
54042      INFO  main            d.u.i.k.p.r.p.TestFile    ... finished proof: closed. 
54284      INFO  main            d.u.i.k.p.i.AbstractProblemLoader Loading environment from /home/runner/work/key/key/key.core/../key.ui/examples/heap/list/ArrayList_concatenate.key.proof 
54285      DEBUG main            d.u.i.k.p.i.AbstractProblemLoader Environment load took 447.4ns 
54291      INFO  main            d.u.i.k.p.i.AbstractProblemLoader Creating init config 
55275      DEBUG main            d.u.i.k.j.r.ClassPreparationMethodBuilder clPrepBuilder: Inner Class detected. Reject building class initialisation methods. 
57303      DEBUG main            d.u.i.k.p.i.AbstractProblemLoader Init config took 3.01s 
57382      INFO  main            d.u.i.k.p.i.AbstractProblemLoader Replaying proof ArrayList[List::concatenate(List)].JML normal_behavior operation contract.0 
59468      DEBUG main            d.u.i.k.p.i.IntermediateProofReplayer Proof replay took 2.01s 
59471      DEBUG main            d.u.i.k.p.r.p.TestFile    ... success: reloaded. 
59473      INFO  main            d.u.i.k.p.r.p.TestFile    Now processing file /home/runner/work/key/key/key.core/../key.ui/examples/heap/list/ArrayList_contains_dep.key 
59474      INFO  main            d.u.i.k.p.i.AbstractProblemLoader Loading environment from /home/runner/work/key/key/key.core/../key.ui/examples/heap/list/ArrayList_contains_dep.key 
59474      DEBUG main            d.u.i.k.p.i.AbstractProblemLoader Environment load took 219.5ns 
59475      INFO  main            d.u.i.k.p.i.AbstractProblemLoader Creating init config 
60557      DEBUG main            d.u.i.k.j.r.ClassPreparationMethodBuilder clPrepBuilder: Inner Class detected. Reject building class initialisation methods. 
62686      DEBUG main            d.u.i.k.p.i.AbstractProblemLoader Init config took 3.21s 
62738      INFO  main            d.u.i.k.p.i.AbstractProblemLoader Replaying proof ArrayList[List::contains(java.lang.Object)].JML accessible clause.0 
62739      DEBUG main            d.u.i.k.p.i.IntermediateProofReplayer Proof replay took 5ns 
65353      INFO  main            d.u.i.k.p.r.p.TestFile    ... finished proof: closed. 
65542      INFO  main            d.u.i.k.p.i.AbstractProblemLoader Loading environment from /home/runner/work/key/key/key.core/../key.ui/examples/heap/list/ArrayList_contains_dep.key.proof 
65543      DEBUG main            d.u.i.k.p.i.AbstractProblemLoader Environment load took 457.2ns 
65545      INFO  main            d.u.i.k.p.i.AbstractProblemLoader Creating init config 
66521      DEBUG main            d.u.i.k.j.r.ClassPreparationMethodBuilder clPrepBuilder: Inner Class detected. Reject building class initialisation methods. 
68595      DEBUG main            d.u.i.k.p.i.AbstractProblemLoader Init config took 3.05s 
68646      INFO  main            d.u.i.k.p.i.AbstractProblemLoader Replaying proof ArrayList[List::contains(java.lang.Object)].JML accessible clause.0 
69062      DEBUG main            d.u.i.k.p.i.IntermediateProofReplayer Proof replay took 404.64ms 
69064      DEBUG main            d.u.i.k.p.r.p.TestFile    ... success: reloaded. 
69065      INFO  main            d.u.i.k.p.r.p.TestFile    Now processing file /home/runner/work/key/key/key.core/../key.ui/examples/heap/list/ArrayList_enlarge.key 
69065      INFO  main            d.u.i.k.p.i.AbstractProblemLoader Loading environment from /home/runner/work/key/key/key.core/../key.ui/examples/heap/list/ArrayList_enlarge.key 
69066      DEBUG main            d.u.i.k.p.i.AbstractProblemLoader Environment load took 203.9ns 
69066      INFO  main            d.u.i.k.p.i.AbstractProblemLoader Creating init config 
70034      DEBUG main            d.u.i.k.j.r.ClassPreparationMethodBuilder clPrepBuilder: Inner Class detected. Reject building class initialisation methods. 
72111      DEBUG main            d.u.i.k.p.i.AbstractProblemLoader Init config took 3.04s 
72160      INFO  main            d.u.i.k.p.i.AbstractProblemLoader Replaying proof ArrayList[ArrayList::enlarge()].JML normal_behavior operation contract.0 
72162      DEBUG main            d.u.i.k.p.i.IntermediateProofReplayer Proof replay took 5ns 
74374      INFO  main            d.u.i.k.p.r.p.TestFile    ... finished proof: closed. 
74581      INFO  main            d.u.i.k.p.i.AbstractProblemLoader Loading environment from /home/runner/work/key/key/key.core/../key.ui/examples/heap/list/ArrayList_enlarge.key.proof 
74582      DEBUG main            d.u.i.k.p.i.AbstractProblemLoader Environment load took 771.1ns 
74583      INFO  main            d.u.i.k.p.i.AbstractProblemLoader Creating init config 
75566      DEBUG main            d.u.i.k.j.r.ClassPreparationMethodBuilder clPrepBuilder: Inner Class detected. Reject building class initialisation methods. 
77563      DEBUG main            d.u.i.k.p.i.AbstractProblemLoader Init config took 2.98s 
77615      INFO  main            d.u.i.k.p.i.AbstractProblemLoader Replaying proof ArrayList[ArrayList::enlarge()].JML normal_behavior operation contract.0 
78008      DEBUG main            d.u.i.k.p.i.IntermediateProofReplayer Proof replay took 383.21ms 
78013      DEBUG main            d.u.i.k.p.r.p.TestFile    ... success: reloaded. 
78014      INFO  main            d.u.i.k.p.r.p.TestFile    Now processing file /home/runner/work/key/key/key.core/../key.ui/examples/heap/list/ArrayList_footprint.key 
78014      INFO  main            d.u.i.k.p.i.AbstractProblemLoader Loading environment from /home/runner/work/key/key/key.core/../key.ui/examples/heap/list/ArrayList_footprint.key 
78014      DEBUG main            d.u.i.k.p.i.AbstractProblemLoader Environment load took 96.9ns 
78015      INFO  main            d.u.i.k.p.i.AbstractProblemLoader Creating init config 
79031      DEBUG main            d.u.i.k.j.r.ClassPreparationMethodBuilder clPrepBuilder: Inner Class detected. Reject building class initialisation methods. 
81071      DEBUG main            d.u.i.k.p.i.AbstractProblemLoader Init config took 3.06s 
81131      INFO  main            d.u.i.k.p.i.AbstractProblemLoader Replaying proof List[List::$footprint()].JML accessible clause.0 
81133      DEBUG main            d.u.i.k.p.i.IntermediateProofReplayer Proof replay took 5.7ns 
81234      INFO  main            d.u.i.k.p.r.p.TestFile    ... finished proof: closed. 
81391      INFO  main            d.u.i.k.p.i.AbstractProblemLoader Loading environment from /home/runner/work/key/key/key.core/../key.ui/examples/heap/list/ArrayList_footprint.key.proof 
81391      DEBUG main            d.u.i.k.p.i.AbstractProblemLoader Environment load took 170.8ns 
81392      INFO  main            d.u.i.k.p.i.AbstractProblemLoader Creating init config 
82342      DEBUG main            d.u.i.k.j.r.ClassPreparationMethodBuilder clPrepBuilder: Inner Class detected. Reject building class initialisation methods. 
84356      DEBUG main            d.u.i.k.p.i.AbstractProblemLoader Init config took 2.96s 
84414      INFO  main            d.u.i.k.p.i.AbstractProblemLoader Replaying proof List[List::$footprint()].JML accessible clause.0 
84416      DEBUG main            d.u.i.k.p.i.IntermediateProofReplayer Proof replay took 1.09ms 
84417      DEBUG main            d.u.i.k.p.r.p.TestFile    ... success: reloaded. 
84418      INFO  main            d.u.i.k.p.r.p.TestFile    Now processing file /home/runner/work/key/key/key.core/../key.ui/examples/heap/list/ArrayList_get_dep.key 
84418      INFO  main            d.u.i.k.p.i.AbstractProblemLoader Loading environment from /home/runner/work/key/key/key.core/../key.ui/examples/heap/list/ArrayList_get_dep.key 
84419      DEBUG main            d.u.i.k.p.i.AbstractProblemLoader Environment load took 137.3ns 
84419      INFO  main            d.u.i.k.p.i.AbstractProblemLoader Creating init config 
85388      DEBUG main            d.u.i.k.j.r.ClassPreparationMethodBuilder clPrepBuilder: Inner Class detected. Reject building class initialisation methods. 
87399      DEBUG main            d.u.i.k.p.i.AbstractProblemLoader Init config took 2.98s 
87444      INFO  main            d.u.i.k.p.i.AbstractProblemLoader Replaying proof ArrayList[List::get(int)].JML accessible clause.0 
87445      DEBUG main            d.u.i.k.p.i.IntermediateProofReplayer Proof replay took 5.3ns 
87853      INFO  main            d.u.i.k.p.r.p.TestFile    ... finished proof: closed. 
88042      INFO  main            d.u.i.k.p.i.AbstractProblemLoader Loading environment from /home/runner/work/key/key/key.core/../key.ui/examples/heap/list/ArrayList_get_dep.key.proof 
88042      DEBUG main            d.u.i.k.p.i.AbstractProblemLoader Environment load took 115.8ns 
88043      INFO  main            d.u.i.k.p.i.AbstractProblemLoader Creating init config 
88979      DEBUG main            d.u.i.k.j.r.ClassPreparationMethodBuilder clPrepBuilder: Inner Class detected. Reject building class initialisation methods. 
91005      DEBUG main            d.u.i.k.p.i.AbstractProblemLoader Init config took 2.96s 
91049      INFO  main            d.u.i.k.p.i.AbstractProblemLoader Replaying proof ArrayList[List::get(int)].JML accessible clause.0 
91120      DEBUG main            d.u.i.k.p.i.IntermediateProofReplayer Proof replay took 67.99ms 
91121      DEBUG main            d.u.i.k.p.r.p.TestFile    ... success: reloaded. 
91122      INFO  main            d.u.i.k.p.r.p.TestFile    Now processing file /home/runner/work/key/key/key.core/../key.ui/examples/heap/list/ArrayList_get_exceptional.key 
91123      INFO  main            d.u.i.k.p.i.AbstractProblemLoader Loading environment from /home/runner/work/key/key/key.core/../key.ui/examples/heap/list/ArrayList_get_exceptional.key 
91123      DEBUG main            d.u.i.k.p.i.AbstractProblemLoader Environment load took 168.1ns 
91124      INFO  main            d.u.i.k.p.i.AbstractProblemLoader Creating init config 
92093      DEBUG main            d.u.i.k.j.r.ClassPreparationMethodBuilder clPrepBuilder: Inner Class detected. Reject building class initialisation methods. 
94109      DEBUG main            d.u.i.k.p.i.AbstractProblemLoader Init config took 2.99s 
94154      INFO  main            d.u.i.k.p.i.AbstractProblemLoader Replaying proof ArrayList[List::get(int)].JML exceptional_behavior operation contract.0 
94155      DEBUG main            d.u.i.k.p.i.IntermediateProofReplayer Proof replay took 4.9ns 
95263      INFO  main            d.u.i.k.p.r.p.TestFile    ... finished proof: closed. 
95468      INFO  main            d.u.i.k.p.i.AbstractProblemLoader Loading environment from /home/runner/work/key/key/key.core/../key.ui/examples/heap/list/ArrayList_get_exceptional.key.proof 
95468      DEBUG main            d.u.i.k.p.i.AbstractProblemLoader Environment load took 113.3ns 
95469      INFO  main            d.u.i.k.p.i.AbstractProblemLoader Creating init config 
96410      DEBUG main            d.u.i.k.j.r.ClassPreparationMethodBuilder clPrepBuilder: Inner Class detected. Reject building class initialisation methods. 
98413      DEBUG main            d.u.i.k.p.i.AbstractProblemLoader Init config took 2.94s 
98457      INFO  main            d.u.i.k.p.i.AbstractProblemLoader Replaying proof ArrayList[List::get(int)].JML exceptional_behavior operation contract.0 
98673      DEBUG main            d.u.i.k.p.i.IntermediateProofReplayer Proof replay took 208.81ms 
98674      DEBUG main            d.u.i.k.p.r.p.TestFile    ... success: reloaded. 
98675      INFO  main            d.u.i.k.p.r.p.TestFile    Now processing file /home/runner/work/key/key/key.core/../key.ui/examples/heap/list/ArrayList_get_normal.key 
98676      INFO  main            d.u.i.k.p.i.AbstractProblemLoader Loading environment from /home/runner/work/key/key/key.core/../key.ui/examples/heap/list/ArrayList_get_normal.key 
98676      DEBUG main            d.u.i.k.p.i.AbstractProblemLoader Environment load took 209.1ns 
98677      INFO  main            d.u.i.k.p.i.AbstractProblemLoader Creating init config 
99650      DEBUG main            d.u.i.k.j.r.ClassPreparationMethodBuilder clPrepBuilder: Inner Class detected. Reject building class initialisation methods. 
101701     DEBUG main            d.u.i.k.p.i.AbstractProblemLoader Init config took 3.02s 
101745     INFO  main            d.u.i.k.p.i.AbstractProblemLoader Replaying proof ArrayList[List::get(int)].JML normal_behavior operation contract.0 
101746     DEBUG main            d.u.i.k.p.i.IntermediateProofReplayer Proof replay took 5.3ns 
102149     INFO  main            d.u.i.k.p.r.p.TestFile    ... finished proof: closed. 
102362     INFO  main            d.u.i.k.p.i.AbstractProblemLoader Loading environment from /home/runner/work/key/key/key.core/../key.ui/examples/heap/list/ArrayList_get_normal.key.proof 
102363     DEBUG main            d.u.i.k.p.i.AbstractProblemLoader Environment load took 115.2ns 
102363     INFO  main            d.u.i.k.p.i.AbstractProblemLoader Creating init config 
103313     DEBUG main            d.u.i.k.j.r.ClassPreparationMethodBuilder clPrepBuilder: Inner Class detected. Reject building class initialisation methods. 
105340     DEBUG main            d.u.i.k.p.i.AbstractProblemLoader Init config took 2.98s 
105398     INFO  main            d.u.i.k.p.i.AbstractProblemLoader Replaying proof ArrayList[List::get(int)].JML normal_behavior operation contract.0 
105478     DEBUG main            d.u.i.k.p.i.IntermediateProofReplayer Proof replay took 71.29ms 
105479     DEBUG main            d.u.i.k.p.r.p.TestFile    ... success: reloaded. 
105480     INFO  main            d.u.i.k.p.r.p.TestFile    Now processing file /home/runner/work/key/key/key.core/../key.ui/examples/heap/list/ArrayList_inv.key 
105480     INFO  main            d.u.i.k.p.i.AbstractProblemLoader Loading environment from /home/runner/work/key/key/key.core/../key.ui/examples/heap/list/ArrayList_inv.key 
105480     DEBUG main            d.u.i.k.p.i.AbstractProblemLoader Environment load took 57.4ns 
105481     INFO  main            d.u.i.k.p.i.AbstractProblemLoader Creating init config 
106429     DEBUG main            d.u.i.k.j.r.ClassPreparationMethodBuilder clPrepBuilder: Inner Class detected. Reject building class initialisation methods. 
108443     DEBUG main            d.u.i.k.p.i.AbstractProblemLoader Init config took 2.96s 
108508     INFO  main            d.u.i.k.p.i.AbstractProblemLoader Replaying proof ArrayList[java.lang.Object::<inv>()].JML accessible clause.0 
108510     DEBUG main            d.u.i.k.p.i.IntermediateProofReplayer Proof replay took 5.9ns 
108812     INFO  main            d.u.i.k.p.r.p.TestFile    ... finished proof: closed. 
109012     INFO  main            d.u.i.k.p.i.AbstractProblemLoader Loading environment from /home/runner/work/key/key/key.core/../key.ui/examples/heap/list/ArrayList_inv.key.proof 
109012     DEBUG main            d.u.i.k.p.i.AbstractProblemLoader Environment load took 112.3ns 
109013     INFO  main            d.u.i.k.p.i.AbstractProblemLoader Creating init config 
109946     DEBUG main            d.u.i.k.j.r.ClassPreparationMethodBuilder clPrepBuilder: Inner Class detected. Reject building class initialisation methods. 
111966     DEBUG main            d.u.i.k.p.i.AbstractProblemLoader Init config took 2.95s 
112009     INFO  main            d.u.i.k.p.i.AbstractProblemLoader Replaying proof ArrayList[java.lang.Object::<inv>()].JML accessible clause.0 
112050     DEBUG main            d.u.i.k.p.i.IntermediateProofReplayer Proof replay took 38.08ms 
112051     DEBUG main            d.u.i.k.p.r.p.TestFile    ... success: reloaded. 
112052     INFO  main            d.u.i.k.p.r.p.TestFile    Now processing file /home/runner/work/key/key/key.core/../key.ui/examples/heap/list/ArrayList_iterator.key 
112053     INFO  main            d.u.i.k.p.i.AbstractProblemLoader Loading environment from /home/runner/work/key/key/key.core/../key.ui/examples/heap/list/ArrayList_iterator.key 
112053     DEBUG main            d.u.i.k.p.i.AbstractProblemLoader Environment load took 94.1ns 
112054     INFO  main            d.u.i.k.p.i.AbstractProblemLoader Creating init config 
113001     DEBUG main            d.u.i.k.j.r.ClassPreparationMethodBuilder clPrepBuilder: Inner Class detected. Reject building class initialisation methods. 
115021     DEBUG main            d.u.i.k.p.i.AbstractProblemLoader Init config took 2.97s 
115083     INFO  main            d.u.i.k.p.i.AbstractProblemLoader Replaying proof ArrayList[List::iterator()].JML normal_behavior operation contract.0 
115085     DEBUG main            d.u.i.k.p.i.IntermediateProofReplayer Proof replay took 5.4ns 
115587     INFO  main            d.u.i.k.p.r.p.TestFile    ... finished proof: closed. 
115802     INFO  main            d.u.i.k.p.i.AbstractProblemLoader Loading environment from /home/runner/work/key/key/key.core/../key.ui/examples/heap/list/ArrayList_iterator.key.proof 
115802     DEBUG main            d.u.i.k.p.i.AbstractProblemLoader Environment load took 108.2ns 
115803     INFO  main            d.u.i.k.p.i.AbstractProblemLoader Creating init config 
116742     DEBUG main            d.u.i.k.j.r.ClassPreparationMethodBuilder clPrepBuilder: Inner Class detected. Reject building class initialisation methods. 
118741     DEBUG main            d.u.i.k.p.i.AbstractProblemLoader Init config took 2.94s 
118785     INFO  main            d.u.i.k.p.i.AbstractProblemLoader Replaying proof ArrayList[List::iterator()].JML normal_behavior operation contract.0 
118864     DEBUG main            d.u.i.k.p.i.IntermediateProofReplayer Proof replay took 74.89ms 
118865     DEBUG main            d.u.i.k.p.r.p.TestFile    ... success: reloaded. 
118871     INFO  main            d.u.i.k.p.r.p.TestFile    Now processing file /home/runner/work/key/key/key.core/../key.ui/examples/heap/list/ArrayList_size_dep.key 
118871     INFO  main            d.u.i.k.p.i.AbstractProblemLoader Loading environment from /home/runner/work/key/key/key.core/../key.ui/examples/heap/list/ArrayList_size_dep.key 
118871     DEBUG main            d.u.i.k.p.i.AbstractProblemLoader Environment load took 239.8ns 
118872     INFO  main            d.u.i.k.p.i.AbstractProblemLoader Creating init config 
119831     DEBUG main            d.u.i.k.j.r.ClassPreparationMethodBuilder clPrepBuilder: Inner Class detected. Reject building class initialisation methods. 
121869     DEBUG main            d.u.i.k.p.i.AbstractProblemLoader Init config took 3s 
121912     INFO  main            d.u.i.k.p.i.AbstractProblemLoader Replaying proof ArrayList[List::size()].JML accessible clause.0 
121913     DEBUG main            d.u.i.k.p.i.IntermediateProofReplayer Proof replay took 5.2ns 
122117     INFO  main            d.u.i.k.p.r.p.TestFile    ... finished proof: closed. 
122334     INFO  main            d.u.i.k.p.i.AbstractProblemLoader Loading environment from /home/runner/work/key/key/key.core/../key.ui/examples/heap/list/ArrayList_size_dep.key.proof 
122334     DEBUG main            d.u.i.k.p.i.AbstractProblemLoader Environment load took 110.5ns 
122336     INFO  main            d.u.i.k.p.i.AbstractProblemLoader Creating init config 
123268     DEBUG main            d.u.i.k.j.r.ClassPreparationMethodBuilder clPrepBuilder: Inner Class detected. Reject building class initialisation methods. 
125262     DEBUG main            d.u.i.k.p.i.AbstractProblemLoader Init config took 2.93s 
125312     INFO  main            d.u.i.k.p.i.AbstractProblemLoader Replaying proof ArrayList[List::size()].JML accessible clause.0 
125339     DEBUG main            d.u.i.k.p.i.IntermediateProofReplayer Proof replay took 24.09ms 
125340     DEBUG main            d.u.i.k.p.r.p.TestFile    ... success: reloaded. 
125341     INFO  main            d.u.i.k.p.r.p.TestFile    Now processing file /home/runner/work/key/key/key.core/../key.ui/examples/heap/list/ArrayList_size.key 
125341     INFO  main            d.u.i.k.p.i.AbstractProblemLoader Loading environment from /home/runner/work/key/key/key.core/../key.ui/examples/heap/list/ArrayList_size.key 
125342     DEBUG main            d.u.i.k.p.i.AbstractProblemLoader Environment load took 203.4ns 
125342     INFO  main            d.u.i.k.p.i.AbstractProblemLoader Creating init config 
126300     DEBUG main            d.u.i.k.j.r.ClassPreparationMethodBuilder clPrepBuilder: Inner Class detected. Reject building class initialisation methods. 
128294     DEBUG main            d.u.i.k.p.i.AbstractProblemLoader Init config took 2.95s 
128337     INFO  main            d.u.i.k.p.i.AbstractProblemLoader Replaying proof ArrayList[List::size()].JML normal_behavior operation contract.0 
128338     DEBUG main            d.u.i.k.p.i.IntermediateProofReplayer Proof replay took 5.4ns 
128540     INFO  main            d.u.i.k.p.r.p.TestFile    ... finished proof: closed. 
128756     INFO  main            d.u.i.k.p.i.AbstractProblemLoader Loading environment from /home/runner/work/key/key/key.core/../key.ui/examples/heap/list/ArrayList_size.key.proof 
128756     DEBUG main            d.u.i.k.p.i.AbstractProblemLoader Environment load took 106.2ns 
128758     INFO  main            d.u.i.k.p.i.AbstractProblemLoader Creating init config 
129716     DEBUG main            d.u.i.k.j.r.ClassPreparationMethodBuilder clPrepBuilder: Inner Class detected. Reject building class initialisation methods. 
131707     DEBUG main            d.u.i.k.p.i.AbstractProblemLoader Init config took 2.95s 
131750     INFO  main            d.u.i.k.p.i.AbstractProblemLoader Replaying proof ArrayList[List::size()].JML normal_behavior operation contract.0 
131784     DEBUG main            d.u.i.k.p.i.IntermediateProofReplayer Proof replay took 32.47ms 
131785     DEBUG main            d.u.i.k.p.r.p.TestFile    ... success: reloaded. 
131790     INFO  main            d.u.i.k.p.r.p.TestFile    Now processing file /home/runner/work/key/key/key.core/../key.ui/examples/heap/list/ArrayList.ArrayListIterator_ArrayListIterator.key 
131790     INFO  main            d.u.i.k.p.i.AbstractProblemLoader Loading environment from /home/runner/work/key/key/key.core/../key.ui/examples/heap/list/ArrayList.ArrayListIterator_ArrayListIterator.key 
131790     DEBUG main            d.u.i.k.p.i.AbstractProblemLoader Environment load took 215.2ns 
131791     INFO  main            d.u.i.k.p.i.AbstractProblemLoader Creating init config 
132754     DEBUG main            d.u.i.k.j.r.ClassPreparationMethodBuilder clPrepBuilder: Inner Class detected. Reject building class initialisation methods. 
134746     DEBUG main            d.u.i.k.p.i.AbstractProblemLoader Init config took 2.96s 
134799     INFO  main            d.u.i.k.p.i.AbstractProblemLoader Replaying proof ArrayList.ArrayListIterator[ArrayList.ArrayListIterator::ArrayListIterator(ArrayList)].JML normal_behavior operation contract.0 
134800     DEBUG main            d.u.i.k.p.i.IntermediateProofReplayer Proof replay took 5.7ns 
135406     INFO  main            d.u.i.k.p.r.p.TestFile    ... finished proof: closed. 
135656     INFO  main            d.u.i.k.p.i.AbstractProblemLoader Loading environment from /home/runner/work/key/key/key.core/../key.ui/examples/heap/list/ArrayList.ArrayListIterator_ArrayListIterator.key.proof 
135656     DEBUG main            d.u.i.k.p.i.AbstractProblemLoader Environment load took 112.4ns 
135657     INFO  main            d.u.i.k.p.i.AbstractProblemLoader Creating init config 
136580     DEBUG main            d.u.i.k.j.r.ClassPreparationMethodBuilder clPrepBuilder: Inner Class detected. Reject building class initialisation methods. 
138551     DEBUG main            d.u.i.k.p.i.AbstractProblemLoader Init config took 2.89s 
138602     INFO  main            d.u.i.k.p.i.AbstractProblemLoader Replaying proof ArrayList.ArrayListIterator[ArrayList.ArrayListIterator::ArrayListIterator(ArrayList)].JML normal_behavior operation contract.0 
138699     DEBUG main            d.u.i.k.p.i.IntermediateProofReplayer Proof replay took 92.56ms 
138700     DEBUG main            d.u.i.k.p.r.p.TestFile    ... success: reloaded. 
138701     INFO  main            d.u.i.k.p.r.p.TestFile    Now processing file /home/runner/work/key/key/key.core/../key.ui/examples/heap/list/ArrayList.ArrayListIterator_hasNext_dep.key 
138701     INFO  main            d.u.i.k.p.i.AbstractProblemLoader Loading environment from /home/runner/work/key/key/key.core/../key.ui/examples/heap/list/ArrayList.ArrayListIterator_hasNext_dep.key 
138701     DEBUG main            d.u.i.k.p.i.AbstractProblemLoader Environment load took 93ns 
138702     INFO  main            d.u.i.k.p.i.AbstractProblemLoader Creating init config 
139659     DEBUG main            d.u.i.k.j.r.ClassPreparationMethodBuilder clPrepBuilder: Inner Class detected. Reject building class initialisation methods. 
141687     DEBUG main            d.u.i.k.p.i.AbstractProblemLoader Init config took 2.98s 
141749     INFO  main            d.u.i.k.p.i.AbstractProblemLoader Replaying proof ArrayList.ArrayListIterator[ListIterator::hasNext()].JML accessible clause.0 
141750     DEBUG main            d.u.i.k.p.i.IntermediateProofReplayer Proof replay took 6.2ns 
142053     INFO  main            d.u.i.k.p.r.p.TestFile    ... finished proof: closed. 
142279     INFO  main            d.u.i.k.p.i.AbstractProblemLoader Loading environment from /home/runner/work/key/key/key.core/../key.ui/examples/heap/list/ArrayList.ArrayListIterator_hasNext_dep.key.proof 
142279     DEBUG main            d.u.i.k.p.i.AbstractProblemLoader Environment load took 116.4ns 
142280     INFO  main            d.u.i.k.p.i.AbstractProblemLoader Creating init config 
143230     DEBUG main            d.u.i.k.j.r.ClassPreparationMethodBuilder clPrepBuilder: Inner Class detected. Reject building class initialisation methods. 
145207     DEBUG main            d.u.i.k.p.i.AbstractProblemLoader Init config took 2.93s 
145255     INFO  main            d.u.i.k.p.i.AbstractProblemLoader Replaying proof ArrayList.ArrayListIterator[ListIterator::hasNext()].JML accessible clause.0 
145303     DEBUG main            d.u.i.k.p.i.IntermediateProofReplayer Proof replay took 46.13ms 
145304     DEBUG main            d.u.i.k.p.r.p.TestFile    ... success: reloaded. 
145305     INFO  main            d.u.i.k.p.r.p.TestFile    Now processing file /home/runner/work/key/key/key.core/../key.ui/examples/heap/list/ArrayList.ArrayListIterator_hasNext.key 
145305     INFO  main            d.u.i.k.p.i.AbstractProblemLoader Loading environment from /home/runner/work/key/key/key.core/../key.ui/examples/heap/list/ArrayList.ArrayListIterator_hasNext.key 
145305     DEBUG main            d.u.i.k.p.i.AbstractProblemLoader Environment load took 155.2ns 
145306     INFO  main            d.u.i.k.p.i.AbstractProblemLoader Creating init config 
146243     DEBUG main            d.u.i.k.j.r.ClassPreparationMethodBuilder clPrepBuilder: Inner Class detected. Reject building class initialisation methods. 
148250     DEBUG main            d.u.i.k.p.i.AbstractProblemLoader Init config took 2.94s 
148299     INFO  main            d.u.i.k.p.i.AbstractProblemLoader Replaying proof ArrayList.ArrayListIterator[ListIterator::hasNext()].JML normal_behavior operation contract.0 
148300     DEBUG main            d.u.i.k.p.i.IntermediateProofReplayer Proof replay took 5.8ns 
148728     INFO  main            d.u.i.k.p.r.p.TestFile    ... finished proof: closed. 
148938     INFO  main            d.u.i.k.p.i.AbstractProblemLoader Loading environment from /home/runner/work/key/key/key.core/../key.ui/examples/heap/list/ArrayList.ArrayListIterator_hasNext.key.proof 
148938     DEBUG main            d.u.i.k.p.i.AbstractProblemLoader Environment load took 98.5ns 
148939     INFO  main            d.u.i.k.p.i.AbstractProblemLoader Creating init config 
149875     DEBUG main            d.u.i.k.j.r.ClassPreparationMethodBuilder clPrepBuilder: Inner Class detected. Reject building class initialisation methods. 
151858     DEBUG main            d.u.i.k.p.i.AbstractProblemLoader Init config took 2.92s 
151906     INFO  main            d.u.i.k.p.i.AbstractProblemLoader Replaying proof ArrayList.ArrayListIterator[ListIterator::hasNext()].JML normal_behavior operation contract.0 
151956     DEBUG main            d.u.i.k.p.i.IntermediateProofReplayer Proof replay took 47.3ms 
151957     DEBUG main            d.u.i.k.p.r.p.TestFile    ... success: reloaded. 
151958     INFO  main            d.u.i.k.p.r.p.TestFile    Now processing file /home/runner/work/key/key/key.core/../key.ui/examples/heap/list/ArrayList.ArrayListIterator_inv.key 
151959     INFO  main            d.u.i.k.p.i.AbstractProblemLoader Loading environment from /home/runner/work/key/key/key.core/../key.ui/examples/heap/list/ArrayList.ArrayListIterator_inv.key 
151959     DEBUG main            d.u.i.k.p.i.AbstractProblemLoader Environment load took 90.6ns 
151959     INFO  main            d.u.i.k.p.i.AbstractProblemLoader Creating init config 
152913     DEBUG main            d.u.i.k.j.r.ClassPreparationMethodBuilder clPrepBuilder: Inner Class detected. Reject building class initialisation methods. 
154936     DEBUG main            d.u.i.k.p.i.AbstractProblemLoader Init config took 2.98s 
154984     INFO  main            d.u.i.k.p.i.AbstractProblemLoader Replaying proof ArrayList.ArrayListIterator[java.lang.Object::<inv>()].JML accessible clause.0 
154985     DEBUG main            d.u.i.k.p.i.IntermediateProofReplayer Proof replay took 5.4ns 
155788     INFO  main            d.u.i.k.p.r.p.TestFile    ... finished proof: closed. 
156025     INFO  main            d.u.i.k.p.i.AbstractProblemLoader Loading environment from /home/runner/work/key/key/key.core/../key.ui/examples/heap/list/ArrayList.ArrayListIterator_inv.key.proof 
156025     DEBUG main            d.u.i.k.p.i.AbstractProblemLoader Environment load took 104.6ns 
156026     INFO  main            d.u.i.k.p.i.AbstractProblemLoader Creating init config 
156971     DEBUG main            d.u.i.k.j.r.ClassPreparationMethodBuilder clPrepBuilder: Inner Class detected. Reject building class initialisation methods. 
158919     DEBUG main            d.u.i.k.p.i.AbstractProblemLoader Init config took 2.89s 
158979     INFO  main            d.u.i.k.p.i.AbstractProblemLoader Replaying proof ArrayList.ArrayListIterator[java.lang.Object::<inv>()].JML accessible clause.0 
159067     DEBUG main            d.u.i.k.p.i.IntermediateProofReplayer Proof replay took 82.98ms 
159068     DEBUG main            d.u.i.k.p.r.p.TestFile    ... success: reloaded. 
159068     INFO  main            d.u.i.k.p.r.p.TestFile    Now processing file /home/runner/work/key/key/key.core/../key.ui/examples/heap/list/ArrayList.ArrayListIterator_list.key 
159069     INFO  main            d.u.i.k.p.i.AbstractProblemLoader Loading environment from /home/runner/work/key/key/key.core/../key.ui/examples/heap/list/ArrayList.ArrayListIterator_list.key 
159069     DEBUG main            d.u.i.k.p.i.AbstractProblemLoader Environment load took 71.7ns 
159071     INFO  main            d.u.i.k.p.i.AbstractProblemLoader Creating init config 
160015     DEBUG main            d.u.i.k.j.r.ClassPreparationMethodBuilder clPrepBuilder: Inner Class detected. Reject building class initialisation methods. 
162010     DEBUG main            d.u.i.k.p.i.AbstractProblemLoader Init config took 2.94s 
162065     INFO  main            d.u.i.k.p.i.AbstractProblemLoader Replaying proof ListIterator[ListIterator::$list()].JML accessible clause.0 
162066     DEBUG main            d.u.i.k.p.i.IntermediateProofReplayer Proof replay took 5.5ns 
162167     INFO  main            d.u.i.k.p.r.p.TestFile    ... finished proof: closed. 
162397     INFO  main            d.u.i.k.p.i.AbstractProblemLoader Loading environment from /home/runner/work/key/key/key.core/../key.ui/examples/heap/list/ArrayList.ArrayListIterator_list.key.proof 
162397     DEBUG main            d.u.i.k.p.i.AbstractProblemLoader Environment load took 90.8ns 
162398     INFO  main            d.u.i.k.p.i.AbstractProblemLoader Creating init config 
163328     DEBUG main            d.u.i.k.j.r.ClassPreparationMethodBuilder clPrepBuilder: Inner Class detected. Reject building class initialisation methods. 
165289     DEBUG main            d.u.i.k.p.i.AbstractProblemLoader Init config took 2.89s 
165325     INFO  main            d.u.i.k.p.i.AbstractProblemLoader Replaying proof ListIterator[ListIterator::$list()].JML accessible clause.0 
165327     DEBUG main            d.u.i.k.p.i.IntermediateProofReplayer Proof replay took 975.4ns 
165328     DEBUG main            d.u.i.k.p.r.p.TestFile    ... success: reloaded. 
165329     INFO  main            d.u.i.k.p.r.p.TestFile    Now processing file /home/runner/work/key/key/key.core/../key.ui/examples/heap/list/ArrayList.ArrayListIterator_next_exceptional.key 
165329     INFO  main            d.u.i.k.p.i.AbstractProblemLoader Loading environment from /home/runner/work/key/key/key.core/../key.ui/examples/heap/list/ArrayList.ArrayListIterator_next_exceptional.key 
165329     DEBUG main            d.u.i.k.p.i.AbstractProblemLoader Environment load took 52.8ns 
165330     INFO  main            d.u.i.k.p.i.AbstractProblemLoader Creating init config 
166319     DEBUG main            d.u.i.k.j.r.ClassPreparationMethodBuilder clPrepBuilder: Inner Class detected. Reject building class initialisation methods. 
168319     DEBUG main            d.u.i.k.p.i.AbstractProblemLoader Init config took 2.99s 
168366     INFO  main            d.u.i.k.p.i.AbstractProblemLoader Replaying proof ArrayList.ArrayListIterator[ListIterator::next()].JML exceptional_behavior operation contract.0 
168368     DEBUG main            d.u.i.k.p.i.IntermediateProofReplayer Proof replay took 6.2ns 
169174     INFO  main            d.u.i.k.p.r.p.TestFile    ... finished proof: closed. 
169418     INFO  main            d.u.i.k.p.i.AbstractProblemLoader Loading environment from /home/runner/work/key/key/key.core/../key.ui/examples/heap/list/ArrayList.ArrayListIterator_next_exceptional.key.proof 
169419     DEBUG main            d.u.i.k.p.i.AbstractProblemLoader Environment load took 810.1ns 
169420     INFO  main            d.u.i.k.p.i.AbstractProblemLoader Creating init config 
170354     DEBUG main            d.u.i.k.j.r.ClassPreparationMethodBuilder clPrepBuilder: Inner Class detected. Reject building class initialisation methods. 
172310     DEBUG main            d.u.i.k.p.i.AbstractProblemLoader Init config took 2.89s 
172357     INFO  main            d.u.i.k.p.i.AbstractProblemLoader Replaying proof ArrayList.ArrayListIterator[ListIterator::next()].JML exceptional_behavior operation contract.0 
172490     DEBUG main            d.u.i.k.p.i.IntermediateProofReplayer Proof replay took 128.59ms 
172491     DEBUG main            d.u.i.k.p.r.p.TestFile    ... success: reloaded. 
172492     INFO  main            d.u.i.k.p.r.p.TestFile    Now processing file /home/runner/work/key/key/key.core/../key.ui/examples/heap/list/ArrayList.ArrayListIterator_next_normal.key 
172492     INFO  main            d.u.i.k.p.i.AbstractProblemLoader Loading environment from /home/runner/work/key/key/key.core/../key.ui/examples/heap/list/ArrayList.ArrayListIterator_next_normal.key 
172492     DEBUG main            d.u.i.k.p.i.AbstractProblemLoader Environment load took 84.8ns 
172493     INFO  main            d.u.i.k.p.i.AbstractProblemLoader Creating init config 
173453     DEBUG main            d.u.i.k.j.r.ClassPreparationMethodBuilder clPrepBuilder: Inner Class detected. Reject building class initialisation methods. 
175461     DEBUG main            d.u.i.k.p.i.AbstractProblemLoader Init config took 2.97s 
175510     INFO  main            d.u.i.k.p.i.AbstractProblemLoader Replaying proof ArrayList.ArrayListIterator[ListIterator::next()].JML normal_behavior operation contract.0 
175512     DEBUG main            d.u.i.k.p.i.IntermediateProofReplayer Proof replay took 5.5ns 
176337     INFO  main            d.u.i.k.p.r.p.TestFile    ... finished proof: closed. 
176584     INFO  main            d.u.i.k.p.i.AbstractProblemLoader Loading environment from /home/runner/work/key/key/key.core/../key.ui/examples/heap/list/ArrayList.ArrayListIterator_next_normal.key.proof 
176584     DEBUG main            d.u.i.k.p.i.AbstractProblemLoader Environment load took 104.9ns 
176585     INFO  main            d.u.i.k.p.i.AbstractProblemLoader Creating init config 
177514     DEBUG main            d.u.i.k.j.r.ClassPreparationMethodBuilder clPrepBuilder: Inner Class detected. Reject building class initialisation methods. 
179469     DEBUG main            d.u.i.k.p.i.AbstractProblemLoader Init config took 2.88s 
179517     INFO  main            d.u.i.k.p.i.AbstractProblemLoader Replaying proof ArrayList.ArrayListIterator[ListIterator::next()].JML normal_behavior operation contract.0 
179678     DEBUG main            d.u.i.k.p.i.IntermediateProofReplayer Proof replay took 156.49ms 
179679     DEBUG main            d.u.i.k.p.r.p.TestFile    ... success: reloaded. 
179680     INFO  main            d.u.i.k.p.r.p.TestFile    Now processing file /home/runner/work/key/key/key.core/../key.ui/examples/heap/list/ArrayList.ArrayListIterator_pos.key 
179680     INFO  main            d.u.i.k.p.i.AbstractProblemLoader Loading environment from /home/runner/work/key/key/key.core/../key.ui/examples/heap/list/ArrayList.ArrayListIterator_pos.key 
179680     DEBUG main            d.u.i.k.p.i.AbstractProblemLoader Environment load took 76ns 
179681     INFO  main            d.u.i.k.p.i.AbstractProblemLoader Creating init config 
180663     DEBUG main            d.u.i.k.j.r.ClassPreparationMethodBuilder clPrepBuilder: Inner Class detected. Reject building class initialisation methods. 
182638     DEBUG main            d.u.i.k.p.i.AbstractProblemLoader Init config took 2.96s 
182674     INFO  main            d.u.i.k.p.i.AbstractProblemLoader Replaying proof ListIterator[ListIterator::$pos()].JML accessible clause.0 
182676     DEBUG main            d.u.i.k.p.i.IntermediateProofReplayer Proof replay took 5.7ns 
182780     INFO  main            d.u.i.k.p.r.p.TestFile    ... finished proof: closed. 
183033     INFO  main            d.u.i.k.p.i.AbstractProblemLoader Loading environment from /home/runner/work/key/key/key.core/../key.ui/examples/heap/list/ArrayList.ArrayListIterator_pos.key.proof 
183033     DEBUG main            d.u.i.k.p.i.AbstractProblemLoader Environment load took 91.2ns 
183034     INFO  main            d.u.i.k.p.i.AbstractProblemLoader Creating init config 
183960     DEBUG main            d.u.i.k.j.r.ClassPreparationMethodBuilder clPrepBuilder: Inner Class detected. Reject building class initialisation methods. 
185906     DEBUG main            d.u.i.k.p.i.AbstractProblemLoader Init config took 2.87s 
185942     INFO  main            d.u.i.k.p.i.AbstractProblemLoader Replaying proof ListIterator[ListIterator::$pos()].JML accessible clause.0 
185944     DEBUG main            d.u.i.k.p.i.IntermediateProofReplayer Proof replay took 966.7ns 
185945     DEBUG main            d.u.i.k.p.r.p.TestFile    ... success: reloaded. 
185946     INFO  main            d.u.i.k.p.r.p.TestFile    Now processing file /home/runner/work/key/key/key.core/../key.ui/examples/heap/list/Client_m.key 
185946     INFO  main            d.u.i.k.p.i.AbstractProblemLoader Loading environment from /home/runner/work/key/key/key.core/../key.ui/examples/heap/list/Client_m.key 
185946     DEBUG main            d.u.i.k.p.i.AbstractProblemLoader Environment load took 79.7ns 
185947     INFO  main            d.u.i.k.p.i.AbstractProblemLoader Creating init config 
186904     DEBUG main            d.u.i.k.j.r.ClassPreparationMethodBuilder clPrepBuilder: Inner Class detected. Reject building class initialisation methods. 
188905     DEBUG main            d.u.i.k.p.i.AbstractProblemLoader Init config took 2.96s 
188942     INFO  main            d.u.i.k.p.i.AbstractProblemLoader Replaying proof Client[Client::m(List)].JML normal_behavior operation contract.0 
188948     DEBUG main            d.u.i.k.p.i.IntermediateProofReplayer Proof replay took 6.1ns 
189251     INFO  main            d.u.i.k.p.r.p.TestFile    ... finished proof: closed. 
189512     INFO  main            d.u.i.k.p.i.AbstractProblemLoader Loading environment from /home/runner/work/key/key/key.core/../key.ui/examples/heap/list/Client_m.key.proof 
189512     DEBUG main            d.u.i.k.p.i.AbstractProblemLoader Environment load took 93.6ns 
189513     INFO  main            d.u.i.k.p.i.AbstractProblemLoader Creating init config 
190445     DEBUG main            d.u.i.k.j.r.ClassPreparationMethodBuilder clPrepBuilder: Inner Class detected. Reject building class initialisation methods. 
192403     DEBUG main            d.u.i.k.p.i.AbstractProblemLoader Init config took 2.89s 
192440     INFO  main            d.u.i.k.p.i.AbstractProblemLoader Replaying proof Client[Client::m(List)].JML normal_behavior operation contract.0 
192494     DEBUG main            d.u.i.k.p.i.IntermediateProofReplayer Proof replay took 51.98ms 
192498     DEBUG main            d.u.i.k.p.r.p.TestFile    ... success: reloaded. 
192499     INFO  main            d.u.i.k.p.r.p.TestFile    Now processing file /home/runner/work/key/key/key.core/../key.ui/examples/heap/list/Client_n.key 
192499     INFO  main            d.u.i.k.p.i.AbstractProblemLoader Loading environment from /home/runner/work/key/key/key.core/../key.ui/examples/heap/list/Client_n.key 
192499     DEBUG main            d.u.i.k.p.i.AbstractProblemLoader Environment load took 82.9ns 
192500     INFO  main            d.u.i.k.p.i.AbstractProblemLoader Creating init config 
193463     DEBUG main            d.u.i.k.j.r.ClassPreparationMethodBuilder clPrepBuilder: Inner Class detected. Reject building class initialisation methods. 
195475     DEBUG main            d.u.i.k.p.i.AbstractProblemLoader Init config took 2.97s 
195511     INFO  main            d.u.i.k.p.i.AbstractProblemLoader Replaying proof Client[Client::n(List)].JML normal_behavior operation contract.0 
195512     DEBUG main            d.u.i.k.p.i.IntermediateProofReplayer Proof replay took 6.3ns 
195614     INFO  main            d.u.i.k.p.r.p.TestFile    ... finished proof: closed. 
195873     INFO  main            d.u.i.k.p.i.AbstractProblemLoader Loading environment from /home/runner/work/key/key/key.core/../key.ui/examples/heap/list/Client_n.key.proof 
195873     DEBUG main            d.u.i.k.p.i.AbstractProblemLoader Environment load took 88.7ns 
195874     INFO  main            d.u.i.k.p.i.AbstractProblemLoader Creating init config 
196801     DEBUG main            d.u.i.k.j.r.ClassPreparationMethodBuilder clPrepBuilder: Inner Class detected. Reject building class initialisation methods. 
198785     DEBUG main            d.u.i.k.p.i.AbstractProblemLoader Init config took 2.91s 
198821     INFO  main            d.u.i.k.p.i.AbstractProblemLoader Replaying proof Client[Client::n(List)].JML normal_behavior operation contract.0 
198839     DEBUG main            d.u.i.k.p.i.IntermediateProofReplayer Proof replay took 16.59ms 
198840     DEBUG main            d.u.i.k.p.r.p.TestFile    ... success: reloaded. 
198841     INFO  main            d.u.i.k.p.r.p.TestFile    Now processing file /home/runner/work/key/key/key.core/../key.ui/examples/heap/list/LinkedList_get_exceptional.key 
198841     INFO  main            d.u.i.k.p.i.AbstractProblemLoader Loading environment from /home/runner/work/key/key/key.core/../key.ui/examples/heap/list/LinkedList_get_exceptional.key 
198841     DEBUG main            d.u.i.k.p.i.AbstractProblemLoader Environment load took 44.5ns 
198842     INFO  main            d.u.i.k.p.i.AbstractProblemLoader Creating init config 
199786     DEBUG main            d.u.i.k.j.r.ClassPreparationMethodBuilder clPrepBuilder: Inner Class detected. Reject building class initialisation methods. 
201759     DEBUG main            d.u.i.k.p.i.AbstractProblemLoader Init config took 2.92s 
201800     INFO  main            d.u.i.k.p.i.AbstractProblemLoader Replaying proof LinkedList[List::get(int)].JML exceptional_behavior operation contract.0 
201802     DEBUG main            d.u.i.k.p.i.IntermediateProofReplayer Proof replay took 6.6ns 
203707     INFO  main            d.u.i.k.p.r.p.TestFile    ... finished proof: closed. 
204016     INFO  main            d.u.i.k.p.i.AbstractProblemLoader Loading environment from /home/runner/work/key/key/key.core/../key.ui/examples/heap/list/LinkedList_get_exceptional.key.proof 
204016     DEBUG main            d.u.i.k.p.i.AbstractProblemLoader Environment load took 417.1ns 
204017     INFO  main            d.u.i.k.p.i.AbstractProblemLoader Creating init config 
204962     DEBUG main            d.u.i.k.j.r.ClassPreparationMethodBuilder clPrepBuilder: Inner Class detected. Reject building class initialisation methods. 
206902     DEBUG main            d.u.i.k.p.i.AbstractProblemLoader Init config took 2.88s 
206955     INFO  main            d.u.i.k.p.i.AbstractProblemLoader Replaying proof LinkedList[List::get(int)].JML exceptional_behavior operation contract.0 
207235     DEBUG main            d.u.i.k.p.i.IntermediateProofReplayer Proof replay took 271.5ms 
207236     DEBUG main            d.u.i.k.p.r.p.TestFile    ... success: reloaded. 
207237     INFO  main            d.u.i.k.p.r.p.TestFile    Now processing file /home/runner/work/key/key/key.core/../key.ui/examples/heap/list/LinkedList_get_normal.key 
207237     INFO  main            d.u.i.k.p.i.AbstractProblemLoader Loading environment from /home/runner/work/key/key/key.core/../key.ui/examples/heap/list/LinkedList_get_normal.key 
207237     DEBUG main            d.u.i.k.p.i.AbstractProblemLoader Environment load took 79.9ns 
207238     INFO  main            d.u.i.k.p.i.AbstractProblemLoader Creating init config 
208184     DEBUG main            d.u.i.k.j.r.ClassPreparationMethodBuilder clPrepBuilder: Inner Class detected. Reject building class initialisation methods. 
210173     DEBUG main            d.u.i.k.p.i.AbstractProblemLoader Init config took 2.94s 
210214     INFO  main            d.u.i.k.p.i.AbstractProblemLoader Replaying proof LinkedList[List::get(int)].JML normal_behavior operation contract.0 
210215     DEBUG main            d.u.i.k.p.i.IntermediateProofReplayer Proof replay took 5.7ns 
214966     INFO  main            d.u.i.k.p.r.p.TestFile    ... finished proof: closed. 
215292     INFO  main            d.u.i.k.p.i.AbstractProblemLoader Loading environment from /home/runner/work/key/key/key.core/../key.ui/examples/heap/list/LinkedList_get_normal.key.proof 
215292     DEBUG main            d.u.i.k.p.i.AbstractProblemLoader Environment load took 165.6ns 
215294     INFO  main            d.u.i.k.p.i.AbstractProblemLoader Creating init config 
216224     DEBUG main            d.u.i.k.j.r.ClassPreparationMethodBuilder clPrepBuilder: Inner Class detected. Reject building class initialisation methods. 
218165     DEBUG main            d.u.i.k.p.i.AbstractProblemLoader Init config took 2.87s 
218206     INFO  main            d.u.i.k.p.i.AbstractProblemLoader Replaying proof LinkedList[List::get(int)].JML normal_behavior operation contract.0 
218631     DEBUG main            d.u.i.k.p.i.IntermediateProofReplayer Proof replay took 406.47ms 
218633     DEBUG main            d.u.i.k.p.r.p.TestFile    ... success: reloaded. 
218634     INFO  main            d.u.i.k.p.r.p.TestFile    Now processing file /home/runner/work/key/key/key.core/../key.ui/examples/heap/list/LinkedList_LinkedList.key 
218634     INFO  main            d.u.i.k.p.i.AbstractProblemLoader Loading environment from /home/runner/work/key/key/key.core/../key.ui/examples/heap/list/LinkedList_LinkedList.key 
218634     DEBUG main            d.u.i.k.p.i.AbstractProblemLoader Environment load took 50.3ns 
218635     INFO  main            d.u.i.k.p.i.AbstractProblemLoader Creating init config 
219589     DEBUG main            d.u.i.k.j.r.ClassPreparationMethodBuilder clPrepBuilder: Inner Class detected. Reject building class initialisation methods. 
221574     DEBUG main            d.u.i.k.p.i.AbstractProblemLoader Init config took 2.94s 
221615     INFO  main            d.u.i.k.p.i.AbstractProblemLoader Replaying proof LinkedList[LinkedList::LinkedList()].JML normal_behavior operation contract.0 
221616     DEBUG main            d.u.i.k.p.i.IntermediateProofReplayer Proof replay took 6.3ns 
222121     INFO  main            d.u.i.k.p.r.p.TestFile    ... finished proof: closed. 
222417     INFO  main            d.u.i.k.p.i.AbstractProblemLoader Loading environment from /home/runner/work/key/key/key.core/../key.ui/examples/heap/list/LinkedList_LinkedList.key.proof 
222417     DEBUG main            d.u.i.k.p.i.AbstractProblemLoader Environment load took 87.1ns 
222418     INFO  main            d.u.i.k.p.i.AbstractProblemLoader Creating init config 
223342     DEBUG main            d.u.i.k.j.r.ClassPreparationMethodBuilder clPrepBuilder: Inner Class detected. Reject building class initialisation methods. 
225290     DEBUG main            d.u.i.k.p.i.AbstractProblemLoader Init config took 2.87s 
225333     INFO  main            d.u.i.k.p.i.AbstractProblemLoader Replaying proof LinkedList[LinkedList::LinkedList()].JML normal_behavior operation contract.0 
225422     DEBUG main            d.u.i.k.p.i.IntermediateProofReplayer Proof replay took 86.17ms 
225423     DEBUG main            d.u.i.k.p.r.p.TestFile    ... success: reloaded. 
225424     INFO  main            d.u.i.k.p.r.p.TestFile    Now processing file /home/runner/work/key/key/key.core/../key.ui/examples/heap/list/LinkedList_size_dep.key 
225424     INFO  main            d.u.i.k.p.i.AbstractProblemLoader Loading environment from /home/runner/work/key/key/key.core/../key.ui/examples/heap/list/LinkedList_size_dep.key 
225424     DEBUG main            d.u.i.k.p.i.AbstractProblemLoader Environment load took 65.6ns 
225425     INFO  main            d.u.i.k.p.i.AbstractProblemLoader Creating init config 
226378     DEBUG main            d.u.i.k.j.r.ClassPreparationMethodBuilder clPrepBuilder: Inner Class detected. Reject building class initialisation methods. 
228371     DEBUG main            d.u.i.k.p.i.AbstractProblemLoader Init config took 2.95s 
228412     INFO  main            d.u.i.k.p.i.AbstractProblemLoader Replaying proof LinkedList[List::size()].JML accessible clause.0 
228413     DEBUG main            d.u.i.k.p.i.IntermediateProofReplayer Proof replay took 6ns 
228915     INFO  main            d.u.i.k.p.r.p.TestFile    ... finished proof: closed. 
229189     INFO  main            d.u.i.k.p.i.AbstractProblemLoader Loading environment from /home/runner/work/key/key/key.core/../key.ui/examples/heap/list/LinkedList_size_dep.key.proof 
229189     DEBUG main            d.u.i.k.p.i.AbstractProblemLoader Environment load took 93.9ns 
229190     INFO  main            d.u.i.k.p.i.AbstractProblemLoader Creating init config 
230114     DEBUG main            d.u.i.k.j.r.ClassPreparationMethodBuilder clPrepBuilder: Inner Class detected. Reject building class initialisation methods. 
232058     DEBUG main            d.u.i.k.p.i.AbstractProblemLoader Init config took 2.87s 
232099     INFO  main            d.u.i.k.p.i.AbstractProblemLoader Replaying proof LinkedList[List::size()].JML accessible clause.0 
232144     DEBUG main            d.u.i.k.p.i.IntermediateProofReplayer Proof replay took 42.81ms 
232145     DEBUG main            d.u.i.k.p.r.p.TestFile    ... success: reloaded. 
232146     INFO  main            d.u.i.k.p.r.p.TestFile    Now processing file /home/runner/work/key/key/key.core/../key.ui/examples/heap/list/LinkedList_size.key 
232146     INFO  main            d.u.i.k.p.i.AbstractProblemLoader Loading environment from /home/runner/work/key/key/key.core/../key.ui/examples/heap/list/LinkedList_size.key 
232146     DEBUG main            d.u.i.k.p.i.AbstractProblemLoader Environment load took 79ns 
232147     INFO  main            d.u.i.k.p.i.AbstractProblemLoader Creating init config 
233104     DEBUG main            d.u.i.k.j.r.ClassPreparationMethodBuilder clPrepBuilder: Inner Class detected. Reject building class initialisation methods. 
235095     DEBUG main            d.u.i.k.p.i.AbstractProblemLoader Init config took 2.95s 
235135     INFO  main            d.u.i.k.p.i.AbstractProblemLoader Replaying proof LinkedList[List::size()].JML normal_behavior operation contract.0 
235137     DEBUG main            d.u.i.k.p.i.IntermediateProofReplayer Proof replay took 7.3ns 
235549     INFO  main            d.u.i.k.p.r.p.TestFile    ... finished proof: closed. 
235832     INFO  main            d.u.i.k.p.i.AbstractProblemLoader Loading environment from /home/runner/work/key/key/key.core/../key.ui/examples/heap/list/LinkedList_size.key.proof 
235833     DEBUG main            d.u.i.k.p.i.AbstractProblemLoader Environment load took 117.6ns 
235833     INFO  main            d.u.i.k.p.i.AbstractProblemLoader Creating init config 
236760     DEBUG main            d.u.i.k.j.r.ClassPreparationMethodBuilder clPrepBuilder: Inner Class detected. Reject building class initialisation methods. 
238715     DEBUG main            d.u.i.k.p.i.AbstractProblemLoader Init config took 2.88s 
238755     INFO  main            d.u.i.k.p.i.AbstractProblemLoader Replaying proof LinkedList[List::size()].JML normal_behavior operation contract.0 
238796     DEBUG main            d.u.i.k.p.i.IntermediateProofReplayer Proof replay took 38.16ms 
238797     DEBUG main            d.u.i.k.p.r.p.TestFile    ... success: reloaded. 
238797     INFO  main            d.u.i.k.p.r.p.TestFile    Now processing file /home/runner/work/key/key/key.core/../key.ui/examples/heap/list/MySet_footprint.key 
238798     INFO  main            d.u.i.k.p.i.AbstractProblemLoader Loading environment from /home/runner/work/key/key/key.core/../key.ui/examples/heap/list/MySet_footprint.key 
238798     DEBUG main            d.u.i.k.p.i.AbstractProblemLoader Environment load took 66.5ns 
238799     INFO  main            d.u.i.k.p.i.AbstractProblemLoader Creating init config 
239738     DEBUG main            d.u.i.k.j.r.ClassPreparationMethodBuilder clPrepBuilder: Inner Class detected. Reject building class initialisation methods. 
241708     DEBUG main            d.u.i.k.p.i.AbstractProblemLoader Init config took 2.91s 
241751     INFO  main            d.u.i.k.p.i.AbstractProblemLoader Replaying proof MySet[MySet::$footprint()].JML accessible clause.0 
241752     DEBUG main            d.u.i.k.p.i.IntermediateProofReplayer Proof replay took 6.6ns 
242054     INFO  main            d.u.i.k.p.r.p.TestFile    ... finished proof: closed. 
242353     INFO  main            d.u.i.k.p.i.AbstractProblemLoader Loading environment from /home/runner/work/key/key/key.core/../key.ui/examples/heap/list/MySet_footprint.key.proof 
242353     DEBUG main            d.u.i.k.p.i.AbstractProblemLoader Environment load took 87.5ns 
242354     INFO  main            d.u.i.k.p.i.AbstractProblemLoader Creating init config 
243274     DEBUG main            d.u.i.k.j.r.ClassPreparationMethodBuilder clPrepBuilder: Inner Class detected. Reject building class initialisation methods. 
245228     DEBUG main            d.u.i.k.p.i.AbstractProblemLoader Init config took 2.87s 
245272     INFO  main            d.u.i.k.p.i.AbstractProblemLoader Replaying proof MySet[MySet::$footprint()].JML accessible clause.0 
245302     DEBUG main            d.u.i.k.p.i.IntermediateProofReplayer Proof replay took 27.54ms 
245303     DEBUG main            d.u.i.k.p.r.p.TestFile    ... success: reloaded. 
245304     INFO  main            d.u.i.k.p.r.p.TestFile    Now processing file /home/runner/work/key/key/key.core/../key.ui/examples/heap/list/MySet_MySet.key 
245304     INFO  main            d.u.i.k.p.i.AbstractProblemLoader Loading environment from /home/runner/work/key/key/key.core/../key.ui/examples/heap/list/MySet_MySet.key 
245304     DEBUG main            d.u.i.k.p.i.AbstractProblemLoader Environment load took 86.6ns 
245305     INFO  main            d.u.i.k.p.i.AbstractProblemLoader Creating init config 
246246     DEBUG main            d.u.i.k.j.r.ClassPreparationMethodBuilder clPrepBuilder: Inner Class detected. Reject building class initialisation methods. 
248213     DEBUG main            d.u.i.k.p.i.AbstractProblemLoader Init config took 2.91s 
248256     INFO  main            d.u.i.k.p.i.AbstractProblemLoader Replaying proof MySet[MySet::MySet()].JML normal_behavior operation contract.0 
248258     DEBUG main            d.u.i.k.p.i.IntermediateProofReplayer Proof replay took 6ns 
250491     INFO  main            d.u.i.k.p.r.p.TestFile    ... finished proof: closed. 
250815     INFO  main            d.u.i.k.p.i.AbstractProblemLoader Loading environment from /home/runner/work/key/key/key.core/../key.ui/examples/heap/list/MySet_MySet.key.proof 
250815     DEBUG main            d.u.i.k.p.i.AbstractProblemLoader Environment load took 91.7ns 
250817     INFO  main            d.u.i.k.p.i.AbstractProblemLoader Creating init config 
251738     DEBUG main            d.u.i.k.j.r.ClassPreparationMethodBuilder clPrepBuilder: Inner Class detected. Reject building class initialisation methods. 
253685     DEBUG main            d.u.i.k.p.i.AbstractProblemLoader Init config took 2.87s 
253728     INFO  main            d.u.i.k.p.i.AbstractProblemLoader Replaying proof MySet[MySet::MySet()].JML normal_behavior operation contract.0 
254051     DEBUG main            d.u.i.k.p.i.IntermediateProofReplayer Proof replay took 311.04ms 
254053     DEBUG main            d.u.i.k.p.r.p.TestFile    ... success: reloaded. 
1071678    INFO  Test worker     d.u.i.k.p.r.RunAllProofsTestUnit Returning from test list 
1071681    INFO  Test worker     d.u.i.k.p.r.RunAllProofsTestUnit Running test list_ghost 
354        INFO  Timeout watchdog d.u.i.k.p.r.p.ForkedTestFileRunner Timeout watcher launched (2000 secs.) 
372        WARN  main            d.u.i.k.s.ProofSettings   The settings in /home/runner/.key/proof-settings.props are *not* read. 
410        INFO  main            d.u.i.k.p.r.p.TestFile    Now processing file /home/runner/work/key/key/key.core/../key.ui/examples/heap/list_ghost/ArrayList_add.key 
533        INFO  main            d.u.i.k.p.i.AbstractProblemLoader Loading environment from /home/runner/work/key/key/key.core/../key.ui/examples/heap/list_ghost/ArrayList_add.key 
552        DEBUG main            d.u.i.k.p.i.AbstractProblemLoader Environment load took 1.87ms 
754        INFO  main            d.u.i.k.p.i.AbstractProblemLoader Creating init config 
1660       DEBUG main            d.u.i.k.j.TypeConverter   No LDT found for Meta 
1660       DEBUG main            d.u.i.k.j.TypeConverter   No LDT found for Meta 
1663       DEBUG main            d.u.i.k.j.TypeConverter   No LDT found for Meta 
1663       DEBUG main            d.u.i.k.j.TypeConverter   No LDT found for Meta 
2955       DEBUG main            d.u.i.k.j.TypeConverter   No LDT found for JavaBigintExpression 
7913       DEBUG main            d.u.i.k.p.i.AbstractProblemLoader Init config took 7.16s 
8046       INFO  main            d.u.i.k.p.i.AbstractProblemLoader Replaying proof ArrayList[List::add(java.lang.Object)].JML normal_behavior operation contract.0 
8075       DEBUG main            d.u.i.k.p.i.IntermediateProofReplayer Proof replay took 31.3ns 
12631      INFO  main            d.u.i.k.p.r.p.TestFile    ... finished proof: closed. 
12808      INFO  main            d.u.i.k.p.i.AbstractProblemLoader Loading environment from /home/runner/work/key/key/key.core/../key.ui/examples/heap/list_ghost/ArrayList_add.key.proof 
12808      DEBUG main            d.u.i.k.p.i.AbstractProblemLoader Environment load took 443.7ns 
12813      INFO  main            d.u.i.k.p.i.AbstractProblemLoader Creating init config 
15601      DEBUG main            d.u.i.k.p.i.AbstractProblemLoader Init config took 2.79s 
15663      INFO  main            d.u.i.k.p.i.AbstractProblemLoader Replaying proof ArrayList[List::add(java.lang.Object)].JML normal_behavior operation contract.0 
16303      DEBUG main            d.u.i.k.p.i.IntermediateProofReplayer Proof replay took 618.04ms 
16311      DEBUG main            d.u.i.k.p.r.p.TestFile    ... success: reloaded. 
16313      INFO  main            d.u.i.k.p.r.p.TestFile    Now processing file /home/runner/work/key/key/key.core/../key.ui/examples/heap/list_ghost/ArrayList_ArrayList.key 
16313      INFO  main            d.u.i.k.p.i.AbstractProblemLoader Loading environment from /home/runner/work/key/key/key.core/../key.ui/examples/heap/list_ghost/ArrayList_ArrayList.key 
16313      DEBUG main            d.u.i.k.p.i.AbstractProblemLoader Environment load took 251.4ns 
16315      INFO  main            d.u.i.k.p.i.AbstractProblemLoader Creating init config 
19035      DEBUG main            d.u.i.k.p.i.AbstractProblemLoader Init config took 2.72s 
19092      INFO  main            d.u.i.k.p.i.AbstractProblemLoader Replaying proof ArrayList[ArrayList::ArrayList()].JML normal_behavior operation contract.0 
19094      DEBUG main            d.u.i.k.p.i.IntermediateProofReplayer Proof replay took 12.7ns 
20023      INFO  main            d.u.i.k.p.r.p.TestFile    ... finished proof: closed. 
20172      INFO  main            d.u.i.k.p.i.AbstractProblemLoader Loading environment from /home/runner/work/key/key/key.core/../key.ui/examples/heap/list_ghost/ArrayList_ArrayList.key.proof 
20173      DEBUG main            d.u.i.k.p.i.AbstractProblemLoader Environment load took 429.4ns 
20177      INFO  main            d.u.i.k.p.i.AbstractProblemLoader Creating init config 
22826      DEBUG main            d.u.i.k.p.i.AbstractProblemLoader Init config took 2.65s 
22874      INFO  main            d.u.i.k.p.i.AbstractProblemLoader Replaying proof ArrayList[ArrayList::ArrayList()].JML normal_behavior operation contract.0 
23030      DEBUG main            d.u.i.k.p.i.IntermediateProofReplayer Proof replay took 148.03ms 
23031      DEBUG main            d.u.i.k.p.r.p.TestFile    ... success: reloaded. 
23032      INFO  main            d.u.i.k.p.r.p.TestFile    Now processing file /home/runner/work/key/key/key.core/../key.ui/examples/heap/list_ghost/ArrayList_enlarge.key 
23033      INFO  main            d.u.i.k.p.i.AbstractProblemLoader Loading environment from /home/runner/work/key/key/key.core/../key.ui/examples/heap/list_ghost/ArrayList_enlarge.key 
23033      DEBUG main            d.u.i.k.p.i.AbstractProblemLoader Environment load took 230.9ns 
23034      INFO  main            d.u.i.k.p.i.AbstractProblemLoader Creating init config 
25669      DEBUG main            d.u.i.k.p.i.AbstractProblemLoader Init config took 2.63s 
25714      INFO  main            d.u.i.k.p.i.AbstractProblemLoader Replaying proof ArrayList[ArrayList::enlarge()].JML normal_behavior operation contract.0 
25716      DEBUG main            d.u.i.k.p.i.IntermediateProofReplayer Proof replay took 5.6ns 
27732      INFO  main            d.u.i.k.p.r.p.TestFile    ... finished proof: closed. 
27926      INFO  main            d.u.i.k.p.i.AbstractProblemLoader Loading environment from /home/runner/work/key/key/key.core/../key.ui/examples/heap/list_ghost/ArrayList_enlarge.key.proof 
27926      DEBUG main            d.u.i.k.p.i.AbstractProblemLoader Environment load took 186ns 
27927      INFO  main            d.u.i.k.p.i.AbstractProblemLoader Creating init config 
30577      DEBUG main            d.u.i.k.p.i.AbstractProblemLoader Init config took 2.65s 
30622      INFO  main            d.u.i.k.p.i.AbstractProblemLoader Replaying proof ArrayList[ArrayList::enlarge()].JML normal_behavior operation contract.0 
31012      DEBUG main            d.u.i.k.p.i.IntermediateProofReplayer Proof replay took 378.68ms 
31014      DEBUG main            d.u.i.k.p.r.p.TestFile    ... success: reloaded. 
31015      INFO  main            d.u.i.k.p.r.p.TestFile    Now processing file /home/runner/work/key/key/key.core/../key.ui/examples/heap/list_ghost/ArrayList_get_dep.key 
31015      INFO  main            d.u.i.k.p.i.AbstractProblemLoader Loading environment from /home/runner/work/key/key/key.core/../key.ui/examples/heap/list_ghost/ArrayList_get_dep.key 
31015      DEBUG main            d.u.i.k.p.i.AbstractProblemLoader Environment load took 205.1ns 
31016      INFO  main            d.u.i.k.p.i.AbstractProblemLoader Creating init config 
33646      DEBUG main            d.u.i.k.p.i.AbstractProblemLoader Init config took 2.63s 
33693      INFO  main            d.u.i.k.p.i.AbstractProblemLoader Replaying proof ArrayList[List::get(int)].JML accessible clause.0 
33695      DEBUG main            d.u.i.k.p.i.IntermediateProofReplayer Proof replay took 5.3ns 
33998      INFO  main            d.u.i.k.p.r.p.TestFile    ... finished proof: closed. 
34153      INFO  main            d.u.i.k.p.i.AbstractProblemLoader Loading environment from /home/runner/work/key/key/key.core/../key.ui/examples/heap/list_ghost/ArrayList_get_dep.key.proof 
34153      DEBUG main            d.u.i.k.p.i.AbstractProblemLoader Environment load took 113.4ns 
34154      INFO  main            d.u.i.k.p.i.AbstractProblemLoader Creating init config 
36684      DEBUG main            d.u.i.k.p.i.AbstractProblemLoader Init config took 2.53s 
36727      INFO  main            d.u.i.k.p.i.AbstractProblemLoader Replaying proof ArrayList[List::get(int)].JML accessible clause.0 
36799      DEBUG main            d.u.i.k.p.i.IntermediateProofReplayer Proof replay took 68.44ms 
36800      DEBUG main            d.u.i.k.p.r.p.TestFile    ... success: reloaded. 
36801      INFO  main            d.u.i.k.p.r.p.TestFile    Now processing file /home/runner/work/key/key/key.core/../key.ui/examples/heap/list_ghost/ArrayList_get_exceptional.key 
36801      INFO  main            d.u.i.k.p.i.AbstractProblemLoader Loading environment from /home/runner/work/key/key/key.core/../key.ui/examples/heap/list_ghost/ArrayList_get_exceptional.key 
36801      DEBUG main            d.u.i.k.p.i.AbstractProblemLoader Environment load took 92.9ns 
36802      INFO  main            d.u.i.k.p.i.AbstractProblemLoader Creating init config 
39382      DEBUG main            d.u.i.k.p.i.AbstractProblemLoader Init config took 2.58s 
39426      INFO  main            d.u.i.k.p.i.AbstractProblemLoader Replaying proof ArrayList[List::get(int)].JML exceptional_behavior operation contract.0 
39427      DEBUG main            d.u.i.k.p.i.IntermediateProofReplayer Proof replay took 5.1ns 
40131      INFO  main            d.u.i.k.p.r.p.TestFile    ... finished proof: closed. 
40280      INFO  main            d.u.i.k.p.i.AbstractProblemLoader Loading environment from /home/runner/work/key/key/key.core/../key.ui/examples/heap/list_ghost/ArrayList_get_exceptional.key.proof 
40281      DEBUG main            d.u.i.k.p.i.AbstractProblemLoader Environment load took 624.5ns 
40282      INFO  main            d.u.i.k.p.i.AbstractProblemLoader Creating init config 
42819      DEBUG main            d.u.i.k.p.i.AbstractProblemLoader Init config took 2.54s 
42862      INFO  main            d.u.i.k.p.i.AbstractProblemLoader Replaying proof ArrayList[List::get(int)].JML exceptional_behavior operation contract.0 
43006      DEBUG main            d.u.i.k.p.i.IntermediateProofReplayer Proof replay took 137.51ms 
43007      DEBUG main            d.u.i.k.p.r.p.TestFile    ... success: reloaded. 
43008      INFO  main            d.u.i.k.p.r.p.TestFile    Now processing file /home/runner/work/key/key/key.core/../key.ui/examples/heap/list_ghost/ArrayList_get_normal.key 
43009      INFO  main            d.u.i.k.p.i.AbstractProblemLoader Loading environment from /home/runner/work/key/key/key.core/../key.ui/examples/heap/list_ghost/ArrayList_get_normal.key 
43009      DEBUG main            d.u.i.k.p.i.AbstractProblemLoader Environment load took 222.3ns 
43010      INFO  main            d.u.i.k.p.i.AbstractProblemLoader Creating init config 
45618      DEBUG main            d.u.i.k.p.i.AbstractProblemLoader Init config took 2.61s 
45661      INFO  main            d.u.i.k.p.i.AbstractProblemLoader Replaying proof ArrayList[List::get(int)].JML normal_behavior operation contract.0 
45663      DEBUG main            d.u.i.k.p.i.IntermediateProofReplayer Proof replay took 6.2ns 
45965      INFO  main            d.u.i.k.p.r.p.TestFile    ... finished proof: closed. 
46127      INFO  main            d.u.i.k.p.i.AbstractProblemLoader Loading environment from /home/runner/work/key/key/key.core/../key.ui/examples/heap/list_ghost/ArrayList_get_normal.key.proof 
46127      DEBUG main            d.u.i.k.p.i.AbstractProblemLoader Environment load took 112.9ns 
46128      INFO  main            d.u.i.k.p.i.AbstractProblemLoader Creating init config 
48670      DEBUG main            d.u.i.k.p.i.AbstractProblemLoader Init config took 2.54s 
48712      INFO  main            d.u.i.k.p.i.AbstractProblemLoader Replaying proof ArrayList[List::get(int)].JML normal_behavior operation contract.0 
48760      DEBUG main            d.u.i.k.p.i.IntermediateProofReplayer Proof replay took 44.35ms 
48761      DEBUG main            d.u.i.k.p.r.p.TestFile    ... success: reloaded. 
48762      INFO  main            d.u.i.k.p.r.p.TestFile    Now processing file /home/runner/work/key/key/key.core/../key.ui/examples/heap/list_ghost/ArrayList_inv.key 
48763      INFO  main            d.u.i.k.p.i.AbstractProblemLoader Loading environment from /home/runner/work/key/key/key.core/../key.ui/examples/heap/list_ghost/ArrayList_inv.key 
48763      DEBUG main            d.u.i.k.p.i.AbstractProblemLoader Environment load took 238.2ns 
48764      INFO  main            d.u.i.k.p.i.AbstractProblemLoader Creating init config 
51340      DEBUG main            d.u.i.k.p.i.AbstractProblemLoader Init config took 2.58s 
51380      INFO  main            d.u.i.k.p.i.AbstractProblemLoader Replaying proof ArrayList[java.lang.Object::<inv>()].JML accessible clause.0 
51382      DEBUG main            d.u.i.k.p.i.IntermediateProofReplayer Proof replay took 6ns 
51483      INFO  main            d.u.i.k.p.r.p.TestFile    ... finished proof: closed. 
51637      INFO  main            d.u.i.k.p.i.AbstractProblemLoader Loading environment from /home/runner/work/key/key/key.core/../key.ui/examples/heap/list_ghost/ArrayList_inv.key.proof 
51637      DEBUG main            d.u.i.k.p.i.AbstractProblemLoader Environment load took 117.5ns 
51638      INFO  main            d.u.i.k.p.i.AbstractProblemLoader Creating init config 
54157      DEBUG main            d.u.i.k.p.i.AbstractProblemLoader Init config took 2.52s 
54195      INFO  main            d.u.i.k.p.i.AbstractProblemLoader Replaying proof ArrayList[java.lang.Object::<inv>()].JML accessible clause.0 
54205      DEBUG main            d.u.i.k.p.i.IntermediateProofReplayer Proof replay took 8.48ms 
54206      DEBUG main            d.u.i.k.p.r.p.TestFile    ... success: reloaded. 
54207      INFO  main            d.u.i.k.p.r.p.TestFile    Now processing file /home/runner/work/key/key/key.core/../key.ui/examples/heap/list_ghost/ArrayList_size_dep.key 
54207      INFO  main            d.u.i.k.p.i.AbstractProblemLoader Loading environment from /home/runner/work/key/key/key.core/../key.ui/examples/heap/list_ghost/ArrayList_size_dep.key 
54207      DEBUG main            d.u.i.k.p.i.AbstractProblemLoader Environment load took 89.7ns 
54208      INFO  main            d.u.i.k.p.i.AbstractProblemLoader Creating init config 
56708      DEBUG main            d.u.i.k.p.i.AbstractProblemLoader Init config took 2.5s 
56746      INFO  main            d.u.i.k.p.i.AbstractProblemLoader Replaying proof ArrayList[List::size()].JML accessible clause.0 
56748      DEBUG main            d.u.i.k.p.i.IntermediateProofReplayer Proof replay took 5.6ns 
56853      INFO  main            d.u.i.k.p.r.p.TestFile    ... finished proof: closed. 
57045      INFO  main            d.u.i.k.p.i.AbstractProblemLoader Loading environment from /home/runner/work/key/key/key.core/../key.ui/examples/heap/list_ghost/ArrayList_size_dep.key.proof 
57046      DEBUG main            d.u.i.k.p.i.AbstractProblemLoader Environment load took 127.9ns 
57047      INFO  main            d.u.i.k.p.i.AbstractProblemLoader Creating init config 
59567      DEBUG main            d.u.i.k.p.i.AbstractProblemLoader Init config took 2.52s 
59613      INFO  main            d.u.i.k.p.i.AbstractProblemLoader Replaying proof ArrayList[List::size()].JML accessible clause.0 
59628      DEBUG main            d.u.i.k.p.i.IntermediateProofReplayer Proof replay took 12.41ms 
59629      DEBUG main            d.u.i.k.p.r.p.TestFile    ... success: reloaded. 
59630      INFO  main            d.u.i.k.p.r.p.TestFile    Now processing file /home/runner/work/key/key/key.core/../key.ui/examples/heap/list_ghost/ArrayList_size.key 
59630      INFO  main            d.u.i.k.p.i.AbstractProblemLoader Loading environment from /home/runner/work/key/key/key.core/../key.ui/examples/heap/list_ghost/ArrayList_size.key 
59631      DEBUG main            d.u.i.k.p.i.AbstractProblemLoader Environment load took 205.1ns 
59643      INFO  main            d.u.i.k.p.i.AbstractProblemLoader Creating init config 
62130      DEBUG main            d.u.i.k.p.i.AbstractProblemLoader Init config took 2.49s 
62167      INFO  main            d.u.i.k.p.i.AbstractProblemLoader Replaying proof ArrayList[List::size()].JML normal_behavior operation contract.0 
62169      DEBUG main            d.u.i.k.p.i.IntermediateProofReplayer Proof replay took 5.9ns 
62273      INFO  main            d.u.i.k.p.r.p.TestFile    ... finished proof: closed. 
62444      INFO  main            d.u.i.k.p.i.AbstractProblemLoader Loading environment from /home/runner/work/key/key/key.core/../key.ui/examples/heap/list_ghost/ArrayList_size.key.proof 
62444      DEBUG main            d.u.i.k.p.i.AbstractProblemLoader Environment load took 105.6ns 
62445      INFO  main            d.u.i.k.p.i.AbstractProblemLoader Creating init config 
64943      DEBUG main            d.u.i.k.p.i.AbstractProblemLoader Init config took 2.5s 
64982      INFO  main            d.u.i.k.p.i.AbstractProblemLoader Replaying proof ArrayList[List::size()].JML normal_behavior operation contract.0 
64996      DEBUG main            d.u.i.k.p.i.IntermediateProofReplayer Proof replay took 12.25ms 
64997      DEBUG main            d.u.i.k.p.r.p.TestFile    ... success: reloaded. 
1136851    INFO  Test worker     d.u.i.k.p.r.RunAllProofsTestUnit Returning from test list_ghost 
1136852    INFO  Test worker     d.u.i.k.p.r.RunAllProofsTestUnit Running test list_recursive 
363        INFO  Timeout watchdog d.u.i.k.p.r.p.ForkedTestFileRunner Timeout watcher launched (2000 secs.) 
371        WARN  main            d.u.i.k.s.ProofSettings   The settings in /home/runner/.key/proof-settings.props are *not* read. 
422        INFO  main            d.u.i.k.p.r.p.TestFile    Now processing file /home/runner/work/key/key/key.core/../key.ui/examples/heap/list_recursiveSpec/ListOperationsNonNull_getNextNN_normal_behavior.key 
559        INFO  main            d.u.i.k.p.i.AbstractProblemLoader Loading environment from /home/runner/work/key/key/key.core/../key.ui/examples/heap/list_recursiveSpec/ListOperationsNonNull_getNextNN_normal_behavior.key 
575        DEBUG main            d.u.i.k.p.i.AbstractProblemLoader Environment load took 1.92ms 
778        INFO  main            d.u.i.k.p.i.AbstractProblemLoader Creating init config 
1775       DEBUG main            d.u.i.k.j.TypeConverter   No LDT found for Meta 
1775       DEBUG main            d.u.i.k.j.TypeConverter   No LDT found for Meta 
1778       DEBUG main            d.u.i.k.j.TypeConverter   No LDT found for Meta 
1778       DEBUG main            d.u.i.k.j.TypeConverter   No LDT found for Meta 
3018       DEBUG main            d.u.i.k.j.TypeConverter   No LDT found for JavaBigintExpression 
7981       DEBUG main            d.u.i.k.p.i.AbstractProblemLoader Init config took 7.2s 
8111       INFO  main            d.u.i.k.p.i.AbstractProblemLoader Replaying proof ListOperationsNonNull[ListOperationsNonNull::getNextNN(ListNN,int)].JML normal_behavior operation contract.0 
8148       DEBUG main            d.u.i.k.p.i.IntermediateProofReplayer Proof replay took 31.5ns 
9384       INFO  main            d.u.i.k.p.r.p.TestFile    ... finished proof: closed. 
9539       INFO  main            d.u.i.k.p.i.AbstractProblemLoader Loading environment from /home/runner/work/key/key/key.core/../key.ui/examples/heap/list_recursiveSpec/ListOperationsNonNull_getNextNN_normal_behavior.key.proof 
9539       DEBUG main            d.u.i.k.p.i.AbstractProblemLoader Environment load took 139.5ns 
9541       INFO  main            d.u.i.k.p.i.AbstractProblemLoader Creating init config 
12423      DEBUG main            d.u.i.k.p.i.AbstractProblemLoader Init config took 2.88s 
12506      INFO  main            d.u.i.k.p.i.AbstractProblemLoader Replaying proof ListOperationsNonNull[ListOperationsNonNull::getNextNN(ListNN,int)].JML normal_behavior operation contract.0 
12653      DEBUG main            d.u.i.k.p.i.IntermediateProofReplayer Proof replay took 138.77ms 
12662      DEBUG main            d.u.i.k.p.r.p.TestFile    ... success: reloaded. 
12665      INFO  main            d.u.i.k.p.r.p.TestFile    Now processing file /home/runner/work/key/key/key.core/../key.ui/examples/heap/list_recursiveSpec/ListOperationsNonNull_setValueAt_normal_behavior.key 
12665      INFO  main            d.u.i.k.p.i.AbstractProblemLoader Loading environment from /home/runner/work/key/key/key.core/../key.ui/examples/heap/list_recursiveSpec/ListOperationsNonNull_setValueAt_normal_behavior.key 
12665      DEBUG main            d.u.i.k.p.i.AbstractProblemLoader Environment load took 106.2ns 
12670      INFO  main            d.u.i.k.p.i.AbstractProblemLoader Creating init config 
15392      DEBUG main            d.u.i.k.p.i.AbstractProblemLoader Init config took 2.72s 
15475      INFO  main            d.u.i.k.p.i.AbstractProblemLoader Replaying proof ListOperationsNonNull[ListOperationsNonNull::setValueAt_NN(ListNN,int,int)].JML normal_behavior operation contract.0 
15481      DEBUG main            d.u.i.k.p.i.IntermediateProofReplayer Proof replay took 5.3ns 
15511      DEBUG main            d.u.i.k.m.s.ProofScriptEngine 1: 'macro autopilot' 
17938      DEBUG main            d.u.i.k.m.s.ProofScriptEngine 2: 'macro simp-upd' 
17946      DEBUG main            d.u.i.k.m.s.ProofScriptEngine 3: 'rule observerDependencyEQ' 
17965      DEBUG main            d.u.i.k.m.s.ProofScriptEngine 4: 'tryclose' 
17991      INFO  main            d.u.i.k.p.r.p.TestFile    ... finished proof: closed. 
18133      INFO  main            d.u.i.k.p.i.AbstractProblemLoader Loading environment from /home/runner/work/key/key/key.core/../key.ui/examples/heap/list_recursiveSpec/ListOperationsNonNull_setValueAt_normal_behavior.key.proof 
18133      DEBUG main            d.u.i.k.p.i.AbstractProblemLoader Environment load took 644ns 
18135      INFO  main            d.u.i.k.p.i.AbstractProblemLoader Creating init config 
20757      DEBUG main            d.u.i.k.p.i.AbstractProblemLoader Init config took 2.62s 
20820      INFO  main            d.u.i.k.p.i.AbstractProblemLoader Replaying proof ListOperationsNonNull[ListOperationsNonNull::setValueAt_NN(ListNN,int,int)].JML normal_behavior operation contract.0 
20933      DEBUG main            d.u.i.k.p.i.IntermediateProofReplayer Proof replay took 108ms 
20935      DEBUG main            d.u.i.k.p.r.p.TestFile    ... success: reloaded. 
1157948    INFO  Test worker     d.u.i.k.p.r.RunAllProofsTestUnit Returning from test list_recursive 
1157950    INFO  Test worker     d.u.i.k.p.r.RunAllProofsTestUnit Running test list_seq 
320        INFO  Timeout watchdog d.u.i.k.p.r.p.ForkedTestFileRunner Timeout watcher launched (2000 secs.) 
333        WARN  main            d.u.i.k.s.ProofSettings   The settings in /home/runner/.key/proof-settings.props are *not* read. 
377        INFO  main            d.u.i.k.p.r.p.TestFile    Now processing file /home/runner/work/key/key/key.core/../key.ui/examples/heap/list_seq/SimplifiedLinkedList.remove.key 
536        INFO  main            d.u.i.k.p.i.AbstractProblemLoader Loading environment from /home/runner/work/key/key/key.core/../key.ui/examples/heap/list_seq/SimplifiedLinkedList.remove.key 
558        DEBUG main            d.u.i.k.p.i.AbstractProblemLoader Environment load took 2.18ms 
770        INFO  main            d.u.i.k.p.i.AbstractProblemLoader Creating init config 
1501       DEBUG main            d.u.i.k.j.TypeConverter   No LDT found for Meta 
1501       DEBUG main            d.u.i.k.j.TypeConverter   No LDT found for Meta 
1502       DEBUG main            d.u.i.k.j.TypeConverter   No LDT found for Meta 
1503       DEBUG main            d.u.i.k.j.TypeConverter   No LDT found for Meta 
2857       DEBUG main            d.u.i.k.j.TypeConverter   No LDT found for JavaBigintExpression 
8374       DEBUG main            d.u.i.k.p.i.AbstractProblemLoader Init config took 7.6s 
8565       INFO  main            d.u.i.k.p.i.AbstractProblemLoader Replaying proof SimplifiedLinkedList[SimplifiedLinkedList::remove(int)].JML normal_behavior operation contract.0 
8595       DEBUG main            d.u.i.k.p.i.IntermediateProofReplayer Proof replay took 29.4ns 
84311      INFO  main            d.u.i.k.p.r.p.TestFile    ... finished proof: closed. 
84674      INFO  main            d.u.i.k.p.i.AbstractProblemLoader Loading environment from /home/runner/work/key/key/key.core/../key.ui/examples/heap/list_seq/SimplifiedLinkedList.remove.key.proof 
84674      DEBUG main            d.u.i.k.p.i.AbstractProblemLoader Environment load took 538.6ns 
84687      INFO  main            d.u.i.k.p.i.AbstractProblemLoader Creating init config 
87724      DEBUG main            d.u.i.k.p.i.AbstractProblemLoader Init config took 3.04s 
87840      INFO  main            d.u.i.k.p.i.AbstractProblemLoader Replaying proof SimplifiedLinkedList[SimplifiedLinkedList::remove(int)].JML normal_behavior operation contract.0 
91755      DEBUG main            d.u.i.k.p.i.IntermediateProofReplayer Proof replay took 3.65s 
91771      DEBUG main            d.u.i.k.p.r.p.TestFile    ... success: reloaded. 
91778      INFO  main            d.u.i.k.p.r.p.TestFile    Now processing file /home/runner/work/key/key/key.core/../key.ui/examples/heap/list_seq/ArrayList.ArrayList.key 
91779      INFO  main            d.u.i.k.p.i.AbstractProblemLoader Loading environment from /home/runner/work/key/key/key.core/../key.ui/examples/heap/list_seq/ArrayList.ArrayList.key 
91779      DEBUG main            d.u.i.k.p.i.AbstractProblemLoader Environment load took 140.3ns 
91781      INFO  main            d.u.i.k.p.i.AbstractProblemLoader Creating init config 
94815      DEBUG main            d.u.i.k.p.i.AbstractProblemLoader Init config took 3.03s 
94912      INFO  main            d.u.i.k.p.i.AbstractProblemLoader Replaying proof ArrayList[ArrayList::ArrayList()].JML normal_behavior operation contract.0 
94914      DEBUG main            d.u.i.k.p.i.IntermediateProofReplayer Proof replay took 4.5ns 
95817      INFO  main            d.u.i.k.p.r.p.TestFile    ... finished proof: closed. 
95983      INFO  main            d.u.i.k.p.i.AbstractProblemLoader Loading environment from /home/runner/work/key/key/key.core/../key.ui/examples/heap/list_seq/ArrayList.ArrayList.key.proof 
95983      DEBUG main            d.u.i.k.p.i.AbstractProblemLoader Environment load took 455.9ns 
95985      INFO  main            d.u.i.k.p.i.AbstractProblemLoader Creating init config 
98887      DEBUG main            d.u.i.k.p.i.AbstractProblemLoader Init config took 2.9s 
98968      INFO  main            d.u.i.k.p.i.AbstractProblemLoader Replaying proof ArrayList[ArrayList::ArrayList()].JML normal_behavior operation contract.0 
99112      DEBUG main            d.u.i.k.p.i.IntermediateProofReplayer Proof replay took 138.52ms 
99114      DEBUG main            d.u.i.k.p.r.p.TestFile    ... success: reloaded. 
99115      INFO  main            d.u.i.k.p.r.p.TestFile    Now processing file /home/runner/work/key/key/key.core/../key.ui/examples/heap/list_seq/ArrayList.add.key 
99115      INFO  main            d.u.i.k.p.i.AbstractProblemLoader Loading environment from /home/runner/work/key/key/key.core/../key.ui/examples/heap/list_seq/ArrayList.add.key 
99116      DEBUG main            d.u.i.k.p.i.AbstractProblemLoader Environment load took 229.3ns 
99117      INFO  main            d.u.i.k.p.i.AbstractProblemLoader Creating init config 
102041     DEBUG main            d.u.i.k.p.i.AbstractProblemLoader Init config took 2.92s 
102127     INFO  main            d.u.i.k.p.i.AbstractProblemLoader Replaying proof ArrayList[List::add(java.lang.Object)].JML normal_behavior operation contract.0 
102131     DEBUG main            d.u.i.k.p.i.IntermediateProofReplayer Proof replay took 5.3ns 
105239     INFO  main            d.u.i.k.p.r.p.TestFile    ... finished proof: closed. 
105410     INFO  main            d.u.i.k.p.i.AbstractProblemLoader Loading environment from /home/runner/work/key/key/key.core/../key.ui/examples/heap/list_seq/ArrayList.add.key.proof 
105410     DEBUG main            d.u.i.k.p.i.AbstractProblemLoader Environment load took 202.7ns 
105413     INFO  main            d.u.i.k.p.i.AbstractProblemLoader Creating init config 
108262     DEBUG main            d.u.i.k.p.i.AbstractProblemLoader Init config took 2.85s 
108348     INFO  main            d.u.i.k.p.i.AbstractProblemLoader Replaying proof ArrayList[List::add(java.lang.Object)].JML normal_behavior operation contract.0 
108761     DEBUG main            d.u.i.k.p.i.IntermediateProofReplayer Proof replay took 384.59ms 
108763     DEBUG main            d.u.i.k.p.r.p.TestFile    ... success: reloaded. 
108764     INFO  main            d.u.i.k.p.r.p.TestFile    Now processing file /home/runner/work/key/key/key.core/../key.ui/examples/heap/list_seq/ArrayList.contains.key 
108764     INFO  main            d.u.i.k.p.i.AbstractProblemLoader Loading environment from /home/runner/work/key/key/key.core/../key.ui/examples/heap/list_seq/ArrayList.contains.key 
108765     DEBUG main            d.u.i.k.p.i.AbstractProblemLoader Environment load took 208.6ns 
108766     INFO  main            d.u.i.k.p.i.AbstractProblemLoader Creating init config 
111664     DEBUG main            d.u.i.k.p.i.AbstractProblemLoader Init config took 2.9s 
111739     INFO  main            d.u.i.k.p.i.AbstractProblemLoader Replaying proof ArrayList[List::contains(java.lang.Object)].JML normal_behavior operation contract.0 
111740     DEBUG main            d.u.i.k.p.i.IntermediateProofReplayer Proof replay took 4.2ns 
113147     INFO  main            d.u.i.k.p.r.p.TestFile    ... finished proof: closed. 
113325     INFO  main            d.u.i.k.p.i.AbstractProblemLoader Loading environment from /home/runner/work/key/key/key.core/../key.ui/examples/heap/list_seq/ArrayList.contains.key.proof 
113325     DEBUG main            d.u.i.k.p.i.AbstractProblemLoader Environment load took 415.1ns 
113327     INFO  main            d.u.i.k.p.i.AbstractProblemLoader Creating init config 
116167     DEBUG main            d.u.i.k.p.i.AbstractProblemLoader Init config took 2.84s 
116241     INFO  main            d.u.i.k.p.i.AbstractProblemLoader Replaying proof ArrayList[List::contains(java.lang.Object)].JML normal_behavior operation contract.0 
116475     DEBUG main            d.u.i.k.p.i.IntermediateProofReplayer Proof replay took 226.8ms 
116476     DEBUG main            d.u.i.k.p.r.p.TestFile    ... success: reloaded. 
116477     INFO  main            d.u.i.k.p.r.p.TestFile    Now processing file /home/runner/work/key/key/key.core/../key.ui/examples/heap/list_seq/ArrayList.enlarge.key 
116477     INFO  main            d.u.i.k.p.i.AbstractProblemLoader Loading environment from /home/runner/work/key/key/key.core/../key.ui/examples/heap/list_seq/ArrayList.enlarge.key 
116477     DEBUG main            d.u.i.k.p.i.AbstractProblemLoader Environment load took 215.7ns 
116478     INFO  main            d.u.i.k.p.i.AbstractProblemLoader Creating init config 
119329     DEBUG main            d.u.i.k.p.i.AbstractProblemLoader Init config took 2.85s 
119417     INFO  main            d.u.i.k.p.i.AbstractProblemLoader Replaying proof ArrayList[ArrayList::enlarge()].JML normal_behavior operation contract.0 
119419     DEBUG main            d.u.i.k.p.i.IntermediateProofReplayer Proof replay took 5ns 
121328     INFO  main            d.u.i.k.p.r.p.TestFile    ... finished proof: closed. 
121506     INFO  main            d.u.i.k.p.i.AbstractProblemLoader Loading environment from /home/runner/work/key/key/key.core/../key.ui/examples/heap/list_seq/ArrayList.enlarge.key.proof 
121506     DEBUG main            d.u.i.k.p.i.AbstractProblemLoader Environment load took 427.9ns 
121507     INFO  main            d.u.i.k.p.i.AbstractProblemLoader Creating init config 
124353     DEBUG main            d.u.i.k.p.i.AbstractProblemLoader Init config took 2.85s 
124426     INFO  main            d.u.i.k.p.i.AbstractProblemLoader Replaying proof ArrayList[ArrayList::enlarge()].JML normal_behavior operation contract.0 
124739     DEBUG main            d.u.i.k.p.i.IntermediateProofReplayer Proof replay took 304.14ms 
124740     DEBUG main            d.u.i.k.p.r.p.TestFile    ... success: reloaded. 
124741     INFO  main            d.u.i.k.p.r.p.TestFile    Now processing file /home/runner/work/key/key/key.core/../key.ui/examples/heap/list_seq/ArrayList.get.key 
124742     INFO  main            d.u.i.k.p.i.AbstractProblemLoader Loading environment from /home/runner/work/key/key/key.core/../key.ui/examples/heap/list_seq/ArrayList.get.key 
124742     DEBUG main            d.u.i.k.p.i.AbstractProblemLoader Environment load took 222.8ns 
124743     INFO  main            d.u.i.k.p.i.AbstractProblemLoader Creating init config 
127595     DEBUG main            d.u.i.k.p.i.AbstractProblemLoader Init config took 2.85s 
127672     INFO  main            d.u.i.k.p.i.AbstractProblemLoader Replaying proof ArrayList[List::get(int)].JML normal_behavior operation contract.0 
127673     DEBUG main            d.u.i.k.p.i.IntermediateProofReplayer Proof replay took 5.8ns 
128176     INFO  main            d.u.i.k.p.r.p.TestFile    ... finished proof: closed. 
128361     INFO  main            d.u.i.k.p.i.AbstractProblemLoader Loading environment from /home/runner/work/key/key/key.core/../key.ui/examples/heap/list_seq/ArrayList.get.key.proof 
128362     DEBUG main            d.u.i.k.p.i.AbstractProblemLoader Environment load took 545.9ns 
128363     INFO  main            d.u.i.k.p.i.AbstractProblemLoader Creating init config 
131157     DEBUG main            d.u.i.k.p.i.AbstractProblemLoader Init config took 2.79s 
131239     INFO  main            d.u.i.k.p.i.AbstractProblemLoader Replaying proof ArrayList[List::get(int)].JML normal_behavior operation contract.0 
131301     DEBUG main            d.u.i.k.p.i.IntermediateProofReplayer Proof replay took 58.99ms 
131302     DEBUG main            d.u.i.k.p.r.p.TestFile    ... success: reloaded. 
131303     INFO  main            d.u.i.k.p.r.p.TestFile    Now processing file /home/runner/work/key/key/key.core/../key.ui/examples/heap/list_seq/ArrayList.newArray.key 
131303     INFO  main            d.u.i.k.p.i.AbstractProblemLoader Loading environment from /home/runner/work/key/key/key.core/../key.ui/examples/heap/list_seq/ArrayList.newArray.key 
131303     DEBUG main            d.u.i.k.p.i.AbstractProblemLoader Environment load took 59.7ns 
131304     INFO  main            d.u.i.k.p.i.AbstractProblemLoader Creating init config 
134139     DEBUG main            d.u.i.k.p.i.AbstractProblemLoader Init config took 2.84s 
134212     INFO  main            d.u.i.k.p.i.AbstractProblemLoader Replaying proof ArrayList[ArrayList::newArray(int)].JML normal_behavior operation contract.0 
134214     DEBUG main            d.u.i.k.p.i.IntermediateProofReplayer Proof replay took 5.1ns 
134516     INFO  main            d.u.i.k.p.r.p.TestFile    ... finished proof: closed. 
134680     INFO  main            d.u.i.k.p.i.AbstractProblemLoader Loading environment from /home/runner/work/key/key/key.core/../key.ui/examples/heap/list_seq/ArrayList.newArray.key.proof 
134680     DEBUG main            d.u.i.k.p.i.AbstractProblemLoader Environment load took 116.9ns 
134683     INFO  main            d.u.i.k.p.i.AbstractProblemLoader Creating init config 
137464     DEBUG main            d.u.i.k.p.i.AbstractProblemLoader Init config took 2.78s 
137542     INFO  main            d.u.i.k.p.i.AbstractProblemLoader Replaying proof ArrayList[ArrayList::newArray(int)].JML normal_behavior operation contract.0 
137591     DEBUG main            d.u.i.k.p.i.IntermediateProofReplayer Proof replay took 46.04ms 
137592     DEBUG main            d.u.i.k.p.r.p.TestFile    ... success: reloaded. 
137593     INFO  main            d.u.i.k.p.r.p.TestFile    Now processing file /home/runner/work/key/key/key.core/../key.ui/examples/heap/list_seq/ArrayList.remove.0.key 
137594     INFO  main            d.u.i.k.p.i.AbstractProblemLoader Loading environment from /home/runner/work/key/key/key.core/../key.ui/examples/heap/list_seq/ArrayList.remove.0.key 
137594     DEBUG main            d.u.i.k.p.i.AbstractProblemLoader Environment load took 212.8ns 
137600     INFO  main            d.u.i.k.p.i.AbstractProblemLoader Creating init config 
140419     DEBUG main            d.u.i.k.p.i.AbstractProblemLoader Init config took 2.82s 
140486     INFO  main            d.u.i.k.p.i.AbstractProblemLoader Replaying proof ArrayList[List::remove(java.lang.Object)].JML normal_behavior operation contract.0 
140488     DEBUG main            d.u.i.k.p.i.IntermediateProofReplayer Proof replay took 4.7ns 
142294     INFO  main            d.u.i.k.p.r.p.TestFile    ... finished proof: closed. 
142521     INFO  main            d.u.i.k.p.i.AbstractProblemLoader Loading environment from /home/runner/work/key/key/key.core/../key.ui/examples/heap/list_seq/ArrayList.remove.0.key.proof 
142523     DEBUG main            d.u.i.k.p.i.AbstractProblemLoader Environment load took 1.59ms 
142525     INFO  main            d.u.i.k.p.i.AbstractProblemLoader Creating init config 
145394     DEBUG main            d.u.i.k.p.i.AbstractProblemLoader Init config took 2.87s 
145464     INFO  main            d.u.i.k.p.i.AbstractProblemLoader Replaying proof ArrayList[List::remove(java.lang.Object)].JML normal_behavior operation contract.0 
145958     DEBUG main            d.u.i.k.p.i.IntermediateProofReplayer Proof replay took 486.36ms 
145959     DEBUG main            d.u.i.k.p.r.p.TestFile    ... success: reloaded. 
145960     INFO  main            d.u.i.k.p.r.p.TestFile    Now processing file /home/runner/work/key/key/key.core/../key.ui/examples/heap/list_seq/ArrayList.remove.1.key 
145961     INFO  main            d.u.i.k.p.i.AbstractProblemLoader Loading environment from /home/runner/work/key/key/key.core/../key.ui/examples/heap/list_seq/ArrayList.remove.1.key 
145961     DEBUG main            d.u.i.k.p.i.AbstractProblemLoader Environment load took 227.5ns 
145962     INFO  main            d.u.i.k.p.i.AbstractProblemLoader Creating init config 
148804     DEBUG main            d.u.i.k.p.i.AbstractProblemLoader Init config took 2.84s 
148873     INFO  main            d.u.i.k.p.i.AbstractProblemLoader Replaying proof ArrayList[List::remove(java.lang.Object)].JML normal_behavior operation contract.1 
148875     DEBUG main            d.u.i.k.p.i.IntermediateProofReplayer Proof replay took 5.1ns 
159566     INFO  main            d.u.i.k.p.r.p.TestFile    ... finished proof: closed. 
159812     INFO  main            d.u.i.k.p.i.AbstractProblemLoader Loading environment from /home/runner/work/key/key/key.core/../key.ui/examples/heap/list_seq/ArrayList.remove.1.key.proof 
159812     DEBUG main            d.u.i.k.p.i.AbstractProblemLoader Environment load took 414.8ns 
159815     INFO  main            d.u.i.k.p.i.AbstractProblemLoader Creating init config 
162546     DEBUG main            d.u.i.k.p.i.AbstractProblemLoader Init config took 2.73s 
162613     INFO  main            d.u.i.k.p.i.AbstractProblemLoader Replaying proof ArrayList[List::remove(java.lang.Object)].JML normal_behavior operation contract.1 
163956     DEBUG main            d.u.i.k.p.i.IntermediateProofReplayer Proof replay took 1.31s 
163958     DEBUG main            d.u.i.k.p.r.p.TestFile    ... success: reloaded. 
1322080    INFO  Test worker     d.u.i.k.p.r.RunAllProofsTestUnit Returning from test list_seq 
1322082    INFO  Test worker     d.u.i.k.p.r.RunAllProofsTestUnit Running test observer 
371        INFO  Timeout watchdog d.u.i.k.p.r.p.ForkedTestFileRunner Timeout watcher launched (2000 secs.) 
375        WARN  main            d.u.i.k.s.ProofSettings   The settings in /home/runner/.key/proof-settings.props are *not* read. 
426        INFO  main            d.u.i.k.p.r.p.TestFile    Now processing file /home/runner/work/key/key/key.core/../key.ui/examples/heap/observer/ExampleObserver_ExampleObserver.key 
557        INFO  main            d.u.i.k.p.i.AbstractProblemLoader Loading environment from /home/runner/work/key/key/key.core/../key.ui/examples/heap/observer/ExampleObserver_ExampleObserver.key 
573        DEBUG main            d.u.i.k.p.i.AbstractProblemLoader Environment load took 1.97ms 
782        INFO  main            d.u.i.k.p.i.AbstractProblemLoader Creating init config 
1562       DEBUG main            d.u.i.k.j.TypeConverter   No LDT found for Meta 
1562       DEBUG main            d.u.i.k.j.TypeConverter   No LDT found for Meta 
1563       DEBUG main            d.u.i.k.j.TypeConverter   No LDT found for Meta 
1563       DEBUG main            d.u.i.k.j.TypeConverter   No LDT found for Meta 
3088       DEBUG main            d.u.i.k.j.TypeConverter   No LDT found for JavaBigintExpression 
8454       DEBUG main            d.u.i.k.p.i.AbstractProblemLoader Init config took 7.67s 
8592       INFO  main            d.u.i.k.p.i.AbstractProblemLoader Replaying proof ExampleObserver[ExampleObserver::ExampleObserver(ExampleSubject)].JML normal_behavior operation contract.0 
8622       DEBUG main            d.u.i.k.p.i.IntermediateProofReplayer Proof replay took 32ns 
9545       INFO  main            d.u.i.k.p.r.p.TestFile    ... finished proof: closed. 
9647       INFO  main            d.u.i.k.p.i.AbstractProblemLoader Loading environment from /home/runner/work/key/key/key.core/../key.ui/examples/heap/observer/ExampleObserver_ExampleObserver.key.proof 
9647       DEBUG main            d.u.i.k.p.i.AbstractProblemLoader Environment load took 453.9ns 
9649       INFO  main            d.u.i.k.p.i.AbstractProblemLoader Creating init config 
12680      DEBUG main            d.u.i.k.p.i.AbstractProblemLoader Init config took 3.03s 
12770      INFO  main            d.u.i.k.p.i.AbstractProblemLoader Replaying proof ExampleObserver[ExampleObserver::ExampleObserver(ExampleSubject)].JML normal_behavior operation contract.0 
12874      DEBUG main            d.u.i.k.p.i.IntermediateProofReplayer Proof replay took 96.49ms 
12881      DEBUG main            d.u.i.k.p.r.p.TestFile    ... success: reloaded. 
12883      INFO  main            d.u.i.k.p.r.p.TestFile    Now processing file /home/runner/work/key/key/key.core/../key.ui/examples/heap/observer/ExampleObserver_inv.key 
12883      INFO  main            d.u.i.k.p.i.AbstractProblemLoader Loading environment from /home/runner/work/key/key/key.core/../key.ui/examples/heap/observer/ExampleObserver_inv.key 
12883      DEBUG main            d.u.i.k.p.i.AbstractProblemLoader Environment load took 230.3ns 
12885      INFO  main            d.u.i.k.p.i.AbstractProblemLoader Creating init config 
15748      DEBUG main            d.u.i.k.p.i.AbstractProblemLoader Init config took 2.86s 
15813      INFO  main            d.u.i.k.p.i.AbstractProblemLoader Replaying proof ExampleObserver[java.lang.Object::<inv>()].JML accessible clause.0 
15816      DEBUG main            d.u.i.k.p.i.IntermediateProofReplayer Proof replay took 5.6ns 
15919      INFO  main            d.u.i.k.p.r.p.TestFile    ... finished proof: closed. 
16039      INFO  main            d.u.i.k.p.i.AbstractProblemLoader Loading environment from /home/runner/work/key/key/key.core/../key.ui/examples/heap/observer/ExampleObserver_inv.key.proof 
16042      DEBUG main            d.u.i.k.p.i.AbstractProblemLoader Environment load took 2.55ms 
16043      INFO  main            d.u.i.k.p.i.AbstractProblemLoader Creating init config 
18826      DEBUG main            d.u.i.k.p.i.AbstractProblemLoader Init config took 2.78s 
18886      INFO  main            d.u.i.k.p.i.AbstractProblemLoader Replaying proof ExampleObserver[java.lang.Object::<inv>()].JML accessible clause.0 
18902      DEBUG main            d.u.i.k.p.i.IntermediateProofReplayer Proof replay took 13.63ms 
18903      DEBUG main            d.u.i.k.p.r.p.TestFile    ... success: reloaded. 
18904      INFO  main            d.u.i.k.p.r.p.TestFile    Now processing file /home/runner/work/key/key/key.core/../key.ui/examples/heap/observer/ExampleObserver_subject.key 
18905      INFO  main            d.u.i.k.p.i.AbstractProblemLoader Loading environment from /home/runner/work/key/key/key.core/../key.ui/examples/heap/observer/ExampleObserver_subject.key 
18905      DEBUG main            d.u.i.k.p.i.AbstractProblemLoader Environment load took 207.1ns 
18906      INFO  main            d.u.i.k.p.i.AbstractProblemLoader Creating init config 
21646      DEBUG main            d.u.i.k.p.i.AbstractProblemLoader Init config took 2.74s 
21698      INFO  main            d.u.i.k.p.i.AbstractProblemLoader Replaying proof Observer[Observer::$subject()].JML accessible clause.0 
21700      DEBUG main            d.u.i.k.p.i.IntermediateProofReplayer Proof replay took 5.2ns 
21802      INFO  main            d.u.i.k.p.r.p.TestFile    ... finished proof: closed. 
21935      INFO  main            d.u.i.k.p.i.AbstractProblemLoader Loading environment from /home/runner/work/key/key/key.core/../key.ui/examples/heap/observer/ExampleObserver_subject.key.proof 
21935      DEBUG main            d.u.i.k.p.i.AbstractProblemLoader Environment load took 118.3ns 
21936      INFO  main            d.u.i.k.p.i.AbstractProblemLoader Creating init config 
24619      DEBUG main            d.u.i.k.p.i.AbstractProblemLoader Init config took 2.68s 
24678      INFO  main            d.u.i.k.p.i.AbstractProblemLoader Replaying proof Observer[Observer::$subject()].JML accessible clause.0 
24682      DEBUG main            d.u.i.k.p.i.IntermediateProofReplayer Proof replay took 1.88ms 
24683      DEBUG main            d.u.i.k.p.r.p.TestFile    ... success: reloaded. 
24684      INFO  main            d.u.i.k.p.r.p.TestFile    Now processing file /home/runner/work/key/key/key.core/../key.ui/examples/heap/observer/ExampleObserver_update.key 
24684      INFO  main            d.u.i.k.p.i.AbstractProblemLoader Loading environment from /home/runner/work/key/key/key.core/../key.ui/examples/heap/observer/ExampleObserver_update.key 
24685      DEBUG main            d.u.i.k.p.i.AbstractProblemLoader Environment load took 181.5ns 
24686      INFO  main            d.u.i.k.p.i.AbstractProblemLoader Creating init config 
27377      DEBUG main            d.u.i.k.p.i.AbstractProblemLoader Init config took 2.69s 
27429      INFO  main            d.u.i.k.p.i.AbstractProblemLoader Replaying proof ExampleObserver[Observer::update()].JML normal_behavior operation contract.0 
27432      DEBUG main            d.u.i.k.p.i.IntermediateProofReplayer Proof replay took 5ns 
27735      INFO  main            d.u.i.k.p.r.p.TestFile    ... finished proof: closed. 
27943      INFO  main            d.u.i.k.p.i.AbstractProblemLoader Loading environment from /home/runner/work/key/key/key.core/../key.ui/examples/heap/observer/ExampleObserver_update.key.proof 
27944      DEBUG main            d.u.i.k.p.i.AbstractProblemLoader Environment load took 1.25ms 
27945      INFO  main            d.u.i.k.p.i.AbstractProblemLoader Creating init config 
30653      DEBUG main            d.u.i.k.p.i.AbstractProblemLoader Init config took 2.71s 
30722      INFO  main            d.u.i.k.p.i.AbstractProblemLoader Replaying proof ExampleObserver[Observer::update()].JML normal_behavior operation contract.0 
30818      DEBUG main            d.u.i.k.p.i.IntermediateProofReplayer Proof replay took 85.99ms 
30819      DEBUG main            d.u.i.k.p.r.p.TestFile    ... success: reloaded. 
30821      INFO  main            d.u.i.k.p.r.p.TestFile    Now processing file /home/runner/work/key/key/key.core/../key.ui/examples/heap/observer/ExampleObserver_upToDate.key 
30821      INFO  main            d.u.i.k.p.i.AbstractProblemLoader Loading environment from /home/runner/work/key/key/key.core/../key.ui/examples/heap/observer/ExampleObserver_upToDate.key 
30821      DEBUG main            d.u.i.k.p.i.AbstractProblemLoader Environment load took 108ns 
30822      INFO  main            d.u.i.k.p.i.AbstractProblemLoader Creating init config 
33514      DEBUG main            d.u.i.k.p.i.AbstractProblemLoader Init config took 2.69s 
33560      INFO  main            d.u.i.k.p.i.AbstractProblemLoader Replaying proof ExampleObserver[Observer::$upToDate()].JML accessible clause.0 
33562      DEBUG main            d.u.i.k.p.i.IntermediateProofReplayer Proof replay took 5.1ns 
33764      INFO  main            d.u.i.k.p.r.p.TestFile    ... finished proof: closed. 
33952      INFO  main            d.u.i.k.p.i.AbstractProblemLoader Loading environment from /home/runner/work/key/key/key.core/../key.ui/examples/heap/observer/ExampleObserver_upToDate.key.proof 
33952      DEBUG main            d.u.i.k.p.i.AbstractProblemLoader Environment load took 107ns 
33953      INFO  main            d.u.i.k.p.i.AbstractProblemLoader Creating init config 
36672      DEBUG main            d.u.i.k.p.i.AbstractProblemLoader Init config took 2.72s 
36717      INFO  main            d.u.i.k.p.i.AbstractProblemLoader Replaying proof ExampleObserver[Observer::$upToDate()].JML accessible clause.0 
36738      DEBUG main            d.u.i.k.p.i.IntermediateProofReplayer Proof replay took 18.5ms 
36739      DEBUG main            d.u.i.k.p.r.p.TestFile    ... success: reloaded. 
36740      INFO  main            d.u.i.k.p.r.p.TestFile    Now processing file /home/runner/work/key/key/key.core/../key.ui/examples/heap/observer/ExampleObserver_value.key 
36740      INFO  main            d.u.i.k.p.i.AbstractProblemLoader Loading environment from /home/runner/work/key/key/key.core/../key.ui/examples/heap/observer/ExampleObserver_value.key 
36740      DEBUG main            d.u.i.k.p.i.AbstractProblemLoader Environment load took 93.2ns 
36741      INFO  main            d.u.i.k.p.i.AbstractProblemLoader Creating init config 
39372      DEBUG main            d.u.i.k.p.i.AbstractProblemLoader Init config took 2.63s 
39418      INFO  main            d.u.i.k.p.i.AbstractProblemLoader Replaying proof ExampleObserver[ExampleObserver::value()].JML normal_behavior operation contract.0 
39420      DEBUG main            d.u.i.k.p.i.IntermediateProofReplayer Proof replay took 5.1ns 
39523      INFO  main            d.u.i.k.p.r.p.TestFile    ... finished proof: closed. 
39674      INFO  main            d.u.i.k.p.i.AbstractProblemLoader Loading environment from /home/runner/work/key/key/key.core/../key.ui/examples/heap/observer/ExampleObserver_value.key.proof 
39674      DEBUG main            d.u.i.k.p.i.AbstractProblemLoader Environment load took 113.3ns 
39676      INFO  main            d.u.i.k.p.i.AbstractProblemLoader Creating init config 
42303      DEBUG main            d.u.i.k.p.i.AbstractProblemLoader Init config took 2.63s 
42347      INFO  main            d.u.i.k.p.i.AbstractProblemLoader Replaying proof ExampleObserver[ExampleObserver::value()].JML normal_behavior operation contract.0 
42367      DEBUG main            d.u.i.k.p.i.IntermediateProofReplayer Proof replay took 17.69ms 
42368      DEBUG main            d.u.i.k.p.r.p.TestFile    ... success: reloaded. 
42370      INFO  main            d.u.i.k.p.r.p.TestFile    Now processing file /home/runner/work/key/key/key.core/../key.ui/examples/heap/observer/ExampleSubject_addObserver.key 
42370      INFO  main            d.u.i.k.p.i.AbstractProblemLoader Loading environment from /home/runner/work/key/key/key.core/../key.ui/examples/heap/observer/ExampleSubject_addObserver.key 
42377      DEBUG main            d.u.i.k.p.i.AbstractProblemLoader Environment load took 7.05ms 
42378      INFO  main            d.u.i.k.p.i.AbstractProblemLoader Creating init config 
45141      DEBUG main            d.u.i.k.p.i.AbstractProblemLoader Init config took 2.76s 
45191      INFO  main            d.u.i.k.p.i.AbstractProblemLoader Replaying proof ExampleSubject[Subject::addObserver(Observer)].JML normal_behavior operation contract.0 
45193      DEBUG main            d.u.i.k.p.i.IntermediateProofReplayer Proof replay took 5.8ns 
51044      INFO  main            d.u.i.k.p.r.p.TestFile    ... finished proof: closed. 
51294      INFO  main            d.u.i.k.p.i.AbstractProblemLoader Loading environment from /home/runner/work/key/key/key.core/../key.ui/examples/heap/observer/ExampleSubject_addObserver.key.proof 
51298      DEBUG main            d.u.i.k.p.i.AbstractProblemLoader Environment load took 4.18ms 
51301      INFO  main            d.u.i.k.p.i.AbstractProblemLoader Creating init config 
53890      DEBUG main            d.u.i.k.p.i.AbstractProblemLoader Init config took 2.59s 
53936      INFO  main            d.u.i.k.p.i.AbstractProblemLoader Replaying proof ExampleSubject[Subject::addObserver(Observer)].JML normal_behavior operation contract.0 
54633      DEBUG main            d.u.i.k.p.i.IntermediateProofReplayer Proof replay took 674.86ms 
54634      DEBUG main            d.u.i.k.p.r.p.TestFile    ... success: reloaded. 
54636      INFO  main            d.u.i.k.p.r.p.TestFile    Now processing file /home/runner/work/key/key/key.core/../key.ui/examples/heap/observer/ExampleSubject_change.key 
54636      INFO  main            d.u.i.k.p.i.AbstractProblemLoader Loading environment from /home/runner/work/key/key/key.core/../key.ui/examples/heap/observer/ExampleSubject_change.key 
54636      DEBUG main            d.u.i.k.p.i.AbstractProblemLoader Environment load took 122.1ns 
54637      INFO  main            d.u.i.k.p.i.AbstractProblemLoader Creating init config 
57328      DEBUG main            d.u.i.k.p.i.AbstractProblemLoader Init config took 2.69s 
57373      INFO  main            d.u.i.k.p.i.AbstractProblemLoader Replaying proof ExampleSubject[ExampleSubject::change()].JML normal_behavior operation contract.0 
57374      DEBUG main            d.u.i.k.p.i.IntermediateProofReplayer Proof replay took 14.8ns 
57890      INFO  main            d.u.i.k.p.r.p.TestFile    ... finished proof: closed. 
58046      INFO  main            d.u.i.k.p.i.AbstractProblemLoader Loading environment from /home/runner/work/key/key/key.core/../key.ui/examples/heap/observer/ExampleSubject_change.key.proof 
58046      DEBUG main            d.u.i.k.p.i.AbstractProblemLoader Environment load took 117.7ns 
58047      INFO  main            d.u.i.k.p.i.AbstractProblemLoader Creating init config 
60669      DEBUG main            d.u.i.k.p.i.AbstractProblemLoader Init config took 2.62s 
60717      INFO  main            d.u.i.k.p.i.AbstractProblemLoader Replaying proof ExampleSubject[ExampleSubject::change()].JML normal_behavior operation contract.0 
60818      DEBUG main            d.u.i.k.p.i.IntermediateProofReplayer Proof replay took 90.18ms 
60819      DEBUG main            d.u.i.k.p.r.p.TestFile    ... success: reloaded. 
60821      INFO  main            d.u.i.k.p.r.p.TestFile    Now processing file /home/runner/work/key/key/key.core/../key.ui/examples/heap/observer/ExampleSubject_ExampleSubject.key 
60821      INFO  main            d.u.i.k.p.i.AbstractProblemLoader Loading environment from /home/runner/work/key/key/key.core/../key.ui/examples/heap/observer/ExampleSubject_ExampleSubject.key 
60821      DEBUG main            d.u.i.k.p.i.AbstractProblemLoader Environment load took 229.2ns 
60822      INFO  main            d.u.i.k.p.i.AbstractProblemLoader Creating init config 
63436      DEBUG main            d.u.i.k.p.i.AbstractProblemLoader Init config took 2.61s 
63480      INFO  main            d.u.i.k.p.i.AbstractProblemLoader Replaying proof ExampleSubject[ExampleSubject::ExampleSubject()].JML normal_behavior operation contract.0 
63482      DEBUG main            d.u.i.k.p.i.IntermediateProofReplayer Proof replay took 5.8ns 
64487      INFO  main            d.u.i.k.p.r.p.TestFile    ... finished proof: closed. 
64667      INFO  main            d.u.i.k.p.i.AbstractProblemLoader Loading environment from /home/runner/work/key/key/key.core/../key.ui/examples/heap/observer/ExampleSubject_ExampleSubject.key.proof 
64668      DEBUG main            d.u.i.k.p.i.AbstractProblemLoader Environment load took 1.16ms 
64669      INFO  main            d.u.i.k.p.i.AbstractProblemLoader Creating init config 
67248      DEBUG main            d.u.i.k.p.i.AbstractProblemLoader Init config took 2.58s 
67303      INFO  main            d.u.i.k.p.i.AbstractProblemLoader Replaying proof ExampleSubject[ExampleSubject::ExampleSubject()].JML normal_behavior operation contract.0 
67473      DEBUG main            d.u.i.k.p.i.IntermediateProofReplayer Proof replay took 162.33ms 
67474      DEBUG main            d.u.i.k.p.r.p.TestFile    ... success: reloaded. 
67475      INFO  main            d.u.i.k.p.r.p.TestFile    Now processing file /home/runner/work/key/key/key.core/../key.ui/examples/heap/observer/ExampleSubject_footprint.key 
67475      INFO  main            d.u.i.k.p.i.AbstractProblemLoader Loading environment from /home/runner/work/key/key/key.core/../key.ui/examples/heap/observer/ExampleSubject_footprint.key 
67476      DEBUG main            d.u.i.k.p.i.AbstractProblemLoader Environment load took 230.5ns 
67477      INFO  main            d.u.i.k.p.i.AbstractProblemLoader Creating init config 
70090      DEBUG main            d.u.i.k.p.i.AbstractProblemLoader Init config took 2.61s 
70149      INFO  main            d.u.i.k.p.i.AbstractProblemLoader Replaying proof ExampleSubject[Subject::$footprint()].JML accessible clause.0 
70150      DEBUG main            d.u.i.k.p.i.IntermediateProofReplayer Proof replay took 6ns 
70257      INFO  main            d.u.i.k.p.r.p.TestFile    ... finished proof: closed. 
70434      INFO  main            d.u.i.k.p.i.AbstractProblemLoader Loading environment from /home/runner/work/key/key/key.core/../key.ui/examples/heap/observer/ExampleSubject_footprint.key.proof 
70434      DEBUG main            d.u.i.k.p.i.AbstractProblemLoader Environment load took 108.6ns 
70435      INFO  main            d.u.i.k.p.i.AbstractProblemLoader Creating init config 
73022      DEBUG main            d.u.i.k.p.i.AbstractProblemLoader Init config took 2.59s 
73073      INFO  main            d.u.i.k.p.i.AbstractProblemLoader Replaying proof ExampleSubject[Subject::$footprint()].JML accessible clause.0 
73091      DEBUG main            d.u.i.k.p.i.IntermediateProofReplayer Proof replay took 14.9ms 
73093      DEBUG main            d.u.i.k.p.r.p.TestFile    ... success: reloaded. 
73095      INFO  main            d.u.i.k.p.r.p.TestFile    Now processing file /home/runner/work/key/key/key.core/../key.ui/examples/heap/observer/ExampleSubject_inv.key 
73095      INFO  main            d.u.i.k.p.i.AbstractProblemLoader Loading environment from /home/runner/work/key/key/key.core/../key.ui/examples/heap/observer/ExampleSubject_inv.key 
73095      DEBUG main            d.u.i.k.p.i.AbstractProblemLoader Environment load took 255.6ns 
73096      INFO  main            d.u.i.k.p.i.AbstractProblemLoader Creating init config 
75716      DEBUG main            d.u.i.k.p.i.AbstractProblemLoader Init config took 2.62s 
75759      INFO  main            d.u.i.k.p.i.AbstractProblemLoader Replaying proof ExampleSubject[java.lang.Object::<inv>()].JML accessible clause.0 
75761      DEBUG main            d.u.i.k.p.i.IntermediateProofReplayer Proof replay took 5.8ns 
76871      INFO  main            d.u.i.k.p.r.p.TestFile    ... finished proof: closed. 
77072      INFO  main            d.u.i.k.p.i.AbstractProblemLoader Loading environment from /home/runner/work/key/key/key.core/../key.ui/examples/heap/observer/ExampleSubject_inv.key.proof 
77072      DEBUG main            d.u.i.k.p.i.AbstractProblemLoader Environment load took 477.7ns 
77074      INFO  main            d.u.i.k.p.i.AbstractProblemLoader Creating init config 
79671      DEBUG main            d.u.i.k.p.i.AbstractProblemLoader Init config took 2.6s 
79715      INFO  main            d.u.i.k.p.i.AbstractProblemLoader Replaying proof ExampleSubject[java.lang.Object::<inv>()].JML accessible clause.0 
79847      DEBUG main            d.u.i.k.p.i.IntermediateProofReplayer Proof replay took 111.77ms 
79849      DEBUG main            d.u.i.k.p.r.p.TestFile    ... success: reloaded. 
79850      INFO  main            d.u.i.k.p.r.p.TestFile    Now processing file /home/runner/work/key/key/key.core/../key.ui/examples/heap/observer/ExampleSubject_notifyObservers.key 
79850      INFO  main            d.u.i.k.p.i.AbstractProblemLoader Loading environment from /home/runner/work/key/key/key.core/../key.ui/examples/heap/observer/ExampleSubject_notifyObservers.key 
79851      DEBUG main            d.u.i.k.p.i.AbstractProblemLoader Environment load took 206.9ns 
79852      INFO  main            d.u.i.k.p.i.AbstractProblemLoader Creating init config 
82488      DEBUG main            d.u.i.k.p.i.AbstractProblemLoader Init config took 2.64s 
82532      INFO  main            d.u.i.k.p.i.AbstractProblemLoader Replaying proof Subject[Subject::notifyObservers()].JML normal_behavior operation contract.0 
82533      DEBUG main            d.u.i.k.p.i.IntermediateProofReplayer Proof replay took 5.7ns 
82636      INFO  main            d.u.i.k.p.r.p.TestFile    ... finished proof: closed. 
82818      INFO  main            d.u.i.k.p.i.AbstractProblemLoader Loading environment from /home/runner/work/key/key/key.core/../key.ui/examples/heap/observer/ExampleSubject_notifyObservers.key.proof 
82818      DEBUG main            d.u.i.k.p.i.AbstractProblemLoader Environment load took 107ns 
82819      INFO  main            d.u.i.k.p.i.AbstractProblemLoader Creating init config 
85371      DEBUG main            d.u.i.k.p.i.AbstractProblemLoader Init config took 2.55s 
85414      INFO  main            d.u.i.k.p.i.AbstractProblemLoader Replaying proof Subject[Subject::notifyObservers()].JML normal_behavior operation contract.0 
85418      DEBUG main            d.u.i.k.p.i.IntermediateProofReplayer Proof replay took 2.58ms 
85419      DEBUG main            d.u.i.k.p.r.p.TestFile    ... success: reloaded. 
85422      INFO  main            d.u.i.k.p.r.p.TestFile    Now processing file /home/runner/work/key/key/key.core/../key.ui/examples/heap/observer/ExampleSubject_value_dep.key 
85423      INFO  main            d.u.i.k.p.i.AbstractProblemLoader Loading environment from /home/runner/work/key/key/key.core/../key.ui/examples/heap/observer/ExampleSubject_value_dep.key 
85423      DEBUG main            d.u.i.k.p.i.AbstractProblemLoader Environment load took 224.8ns 
85425      INFO  main            d.u.i.k.p.i.AbstractProblemLoader Creating init config 
88068      DEBUG main            d.u.i.k.p.i.AbstractProblemLoader Init config took 2.64s 
88109      INFO  main            d.u.i.k.p.i.AbstractProblemLoader Replaying proof ExampleSubject[ExampleSubject::value()].JML accessible clause.0 
88111      DEBUG main            d.u.i.k.p.i.IntermediateProofReplayer Proof replay took 5.5ns 
88216      INFO  main            d.u.i.k.p.r.p.TestFile    ... finished proof: closed. 
88425      INFO  main            d.u.i.k.p.i.AbstractProblemLoader Loading environment from /home/runner/work/key/key/key.core/../key.ui/examples/heap/observer/ExampleSubject_value_dep.key.proof 
88425      DEBUG main            d.u.i.k.p.i.AbstractProblemLoader Environment load took 102.3ns 
88426      INFO  main            d.u.i.k.p.i.AbstractProblemLoader Creating init config 
90984      DEBUG main            d.u.i.k.p.i.AbstractProblemLoader Init config took 2.56s 
91025      INFO  main            d.u.i.k.p.i.AbstractProblemLoader Replaying proof ExampleSubject[ExampleSubject::value()].JML accessible clause.0 
91038      DEBUG main            d.u.i.k.p.i.IntermediateProofReplayer Proof replay took 11.1ms 
91039      DEBUG main            d.u.i.k.p.r.p.TestFile    ... success: reloaded. 
91040      INFO  main            d.u.i.k.p.r.p.TestFile    Now processing file /home/runner/work/key/key/key.core/../key.ui/examples/heap/observer/ExampleSubject_value.key 
91040      INFO  main            d.u.i.k.p.i.AbstractProblemLoader Loading environment from /home/runner/work/key/key/key.core/../key.ui/examples/heap/observer/ExampleSubject_value.key 
91040      DEBUG main            d.u.i.k.p.i.AbstractProblemLoader Environment load took 72.6ns 
91041      INFO  main            d.u.i.k.p.i.AbstractProblemLoader Creating init config 
93666      DEBUG main            d.u.i.k.p.i.AbstractProblemLoader Init config took 2.62s 
93718      INFO  main            d.u.i.k.p.i.AbstractProblemLoader Replaying proof ExampleSubject[ExampleSubject::value()].JML normal_behavior operation contract.0 
93719      DEBUG main            d.u.i.k.p.i.IntermediateProofReplayer Proof replay took 5.8ns 
93823      INFO  main            d.u.i.k.p.r.p.TestFile    ... finished proof: closed. 
94021      INFO  main            d.u.i.k.p.i.AbstractProblemLoader Loading environment from /home/runner/work/key/key/key.core/../key.ui/examples/heap/observer/ExampleSubject_value.key.proof 
94021      DEBUG main            d.u.i.k.p.i.AbstractProblemLoader Environment load took 103.5ns 
94022      INFO  main            d.u.i.k.p.i.AbstractProblemLoader Creating init config 
96592      DEBUG main            d.u.i.k.p.i.AbstractProblemLoader Init config took 2.57s 
96634      INFO  main            d.u.i.k.p.i.AbstractProblemLoader Replaying proof ExampleSubject[ExampleSubject::value()].JML normal_behavior operation contract.0 
96647      DEBUG main            d.u.i.k.p.i.IntermediateProofReplayer Proof replay took 10.27ms 
96648      DEBUG main            d.u.i.k.p.r.p.TestFile    ... success: reloaded. 
1418903    INFO  Test worker     d.u.i.k.p.r.RunAllProofsTestUnit Returning from test observer 
1418904    INFO  Test worker     d.u.i.k.p.r.RunAllProofsTestUnit Running test removeDups 
372        INFO  Timeout watchdog d.u.i.k.p.r.p.ForkedTestFileRunner Timeout watcher launched (2000 secs.) 
381        WARN  main            d.u.i.k.s.ProofSettings   The settings in /home/runner/.key/proof-settings.props are *not* read. 
406        INFO  main            d.u.i.k.p.r.p.TestFile    Now processing file /home/runner/work/key/key/key.core/../key.ui/examples/heap/removeDups/arrayPart.key 
504        INFO  main            d.u.i.k.p.i.AbstractProblemLoader Loading environment from /home/runner/work/key/key/key.core/../key.ui/examples/heap/removeDups/arrayPart.key 
520        DEBUG main            d.u.i.k.p.i.AbstractProblemLoader Environment load took 1.98ms 
730        INFO  main            d.u.i.k.p.i.AbstractProblemLoader Creating init config 
1764       DEBUG main            d.u.i.k.j.TypeConverter   No LDT found for Meta 
1764       DEBUG main            d.u.i.k.j.TypeConverter   No LDT found for Meta 
1767       DEBUG main            d.u.i.k.j.TypeConverter   No LDT found for Meta 
1768       DEBUG main            d.u.i.k.j.TypeConverter   No LDT found for Meta 
3001       DEBUG main            d.u.i.k.j.TypeConverter   No LDT found for JavaBigintExpression 
7834       DEBUG main            d.u.i.k.p.i.AbstractProblemLoader Init config took 7.1s 
7957       INFO  main            d.u.i.k.p.i.AbstractProblemLoader Replaying proof RemoveDup[RemoveDup::arrayPart([I,int)].JML normal_behavior operation contract.0 
7997       DEBUG main            d.u.i.k.p.i.IntermediateProofReplayer Proof replay took 31.7ns 
10389      INFO  main            d.u.i.k.p.r.p.TestFile    ... finished proof: closed. 
10554      INFO  main            d.u.i.k.p.i.AbstractProblemLoader Loading environment from /home/runner/work/key/key/key.core/../key.ui/examples/heap/removeDups/arrayPart.key.proof 
10555      DEBUG main            d.u.i.k.p.i.AbstractProblemLoader Environment load took 1.12ms 
10561      INFO  main            d.u.i.k.p.i.AbstractProblemLoader Creating init config 
13202      DEBUG main            d.u.i.k.p.i.AbstractProblemLoader Init config took 2.64s 
13283      INFO  main            d.u.i.k.p.i.AbstractProblemLoader Replaying proof RemoveDup[RemoveDup::arrayPart([I,int)].JML normal_behavior operation contract.0 
13617      DEBUG main            d.u.i.k.p.i.IntermediateProofReplayer Proof replay took 319.36ms 
13625      DEBUG main            d.u.i.k.p.r.p.TestFile    ... success: reloaded. 
13626      INFO  main            d.u.i.k.p.r.p.TestFile    Now processing file /home/runner/work/key/key/key.core/../key.ui/examples/heap/removeDups/contains.key 
13626      INFO  main            d.u.i.k.p.i.AbstractProblemLoader Loading environment from /home/runner/work/key/key/key.core/../key.ui/examples/heap/removeDups/contains.key 
13626      DEBUG main            d.u.i.k.p.i.AbstractProblemLoader Environment load took 222.2ns 
13628      INFO  main            d.u.i.k.p.i.AbstractProblemLoader Creating init config 
16245      DEBUG main            d.u.i.k.p.i.AbstractProblemLoader Init config took 2.62s 
16301      INFO  main            d.u.i.k.p.i.AbstractProblemLoader Replaying proof RemoveDup[RemoveDup::contains([I,int,int)].JML normal_behavior operation contract.0 
16303      DEBUG main            d.u.i.k.p.i.IntermediateProofReplayer Proof replay took 5.2ns 
16810      INFO  main            d.u.i.k.p.r.p.TestFile    ... finished proof: closed. 
16996      INFO  main            d.u.i.k.p.i.AbstractProblemLoader Loading environment from /home/runner/work/key/key/key.core/../key.ui/examples/heap/removeDups/contains.key.proof 
16996      DEBUG main            d.u.i.k.p.i.AbstractProblemLoader Environment load took 412.7ns 
16999      INFO  main            d.u.i.k.p.i.AbstractProblemLoader Creating init config 
19503      DEBUG main            d.u.i.k.p.i.AbstractProblemLoader Init config took 2.5s 
19551      INFO  main            d.u.i.k.p.i.AbstractProblemLoader Replaying proof RemoveDup[RemoveDup::contains([I,int,int)].JML normal_behavior operation contract.0 
19654      DEBUG main            d.u.i.k.p.i.IntermediateProofReplayer Proof replay took 98.63ms 
19656      DEBUG main            d.u.i.k.p.r.p.TestFile    ... success: reloaded. 
19657      INFO  main            d.u.i.k.p.r.p.TestFile    Now processing file /home/runner/work/key/key/key.core/../key.ui/examples/heap/removeDups/removeDup.key 
19657      INFO  main            d.u.i.k.p.i.AbstractProblemLoader Loading environment from /home/runner/work/key/key/key.core/../key.ui/examples/heap/removeDups/removeDup.key 
19657      DEBUG main            d.u.i.k.p.i.AbstractProblemLoader Environment load took 212.6ns 
19659      INFO  main            d.u.i.k.p.i.AbstractProblemLoader Creating init config 
22150      DEBUG main            d.u.i.k.p.i.AbstractProblemLoader Init config took 2.49s 
22217      INFO  main            d.u.i.k.p.i.AbstractProblemLoader Replaying proof RemoveDup[RemoveDup::removeDup([I)].JML normal_behavior operation contract.0 
22219      DEBUG main            d.u.i.k.p.i.IntermediateProofReplayer Proof replay took 6.2ns 
26882      DEBUG Thread-7        d.u.i.k.j.d.VariableSpecification Program match. Variables have different dimension (template #v0 = #vi;, source a#11[] = var;) 
47048      INFO  main            d.u.i.k.p.r.p.TestFile    ... finished proof: closed. 
47300      INFO  main            d.u.i.k.p.i.AbstractProblemLoader Loading environment from /home/runner/work/key/key/key.core/../key.ui/examples/heap/removeDups/removeDup.key.proof 
47301      DEBUG main            d.u.i.k.p.i.AbstractProblemLoader Environment load took 1.41ms 
47312      INFO  main            d.u.i.k.p.i.AbstractProblemLoader Creating init config 
49675      DEBUG main            d.u.i.k.p.i.AbstractProblemLoader Init config took 2.36s 
49718      INFO  main            d.u.i.k.p.i.AbstractProblemLoader Replaying proof RemoveDup[RemoveDup::removeDup([I)].JML normal_behavior operation contract.0 
51554      DEBUG main            d.u.i.k.p.i.IntermediateProofReplayer Proof replay took 1.75s 
51560      DEBUG main            d.u.i.k.p.r.p.TestFile    ... success: reloaded. 
51561      INFO  main            d.u.i.k.p.r.p.TestFile    Now processing file /home/runner/work/key/key/key.core/../key.ui/examples/heap/saddleback_search/Saddleback_search.key 
51561      INFO  main            d.u.i.k.p.i.AbstractProblemLoader Loading environment from /home/runner/work/key/key/key.core/../key.ui/examples/heap/saddleback_search/Saddleback_search.key 
51561      DEBUG main            d.u.i.k.p.i.AbstractProblemLoader Environment load took 83.5ns 
51562      INFO  main            d.u.i.k.p.i.AbstractProblemLoader Creating init config 
54060      DEBUG main            d.u.i.k.p.i.AbstractProblemLoader Init config took 2.5s 
54126      INFO  main            d.u.i.k.p.i.AbstractProblemLoader Replaying proof Saddleback[Saddleback::search([[I,int)].JML normal_behavior operation contract.0 
54133      DEBUG main            d.u.i.k.p.i.IntermediateProofReplayer Proof replay took 6.4ns 
129588     INFO  main            d.u.i.k.p.r.p.TestFile    ... finished proof: closed. 
129959     INFO  main            d.u.i.k.p.i.AbstractProblemLoader Loading environment from /home/runner/work/key/key/key.core/../key.ui/examples/heap/saddleback_search/Saddleback_search.key.proof 
129960     DEBUG main            d.u.i.k.p.i.AbstractProblemLoader Environment load took 447.9ns 
129971     INFO  main            d.u.i.k.p.i.AbstractProblemLoader Creating init config 
132281     DEBUG main            d.u.i.k.p.i.AbstractProblemLoader Init config took 2.31s 
132319     INFO  main            d.u.i.k.p.i.AbstractProblemLoader Replaying proof Saddleback[Saddleback::search([[I,int)].JML normal_behavior operation contract.0 
134792     DEBUG main            d.u.i.k.p.i.IntermediateProofReplayer Proof replay took 2.28s 
134800     DEBUG main            d.u.i.k.p.r.p.TestFile    ... success: reloaded. 
1553861    INFO  Test worker     d.u.i.k.p.r.RunAllProofsTestUnit Returning from test removeDups 
1553862    INFO  Test worker     d.u.i.k.p.r.RunAllProofsTestUnit Running test quicksort 
327        INFO  Timeout watchdog d.u.i.k.p.r.p.ForkedTestFileRunner Timeout watcher launched (2000 secs.) 
329        WARN  main            d.u.i.k.s.ProofSettings   The settings in /home/runner/.key/proof-settings.props are *not* read. 
356        INFO  main            d.u.i.k.p.r.p.TestFile    Now processing file /home/runner/work/key/key/key.core/../key.ui/examples/heap/quicksort/toplevel.key 
453        INFO  main            d.u.i.k.p.i.AbstractProblemLoader Loading environment from /home/runner/work/key/key/key.core/../key.ui/examples/heap/quicksort/toplevel.key 
473        DEBUG main            d.u.i.k.p.i.AbstractProblemLoader Environment load took 1.98ms 
675        INFO  main            d.u.i.k.p.i.AbstractProblemLoader Creating init config 
1680       DEBUG main            d.u.i.k.j.TypeConverter   No LDT found for Meta 
1681       DEBUG main            d.u.i.k.j.TypeConverter   No LDT found for Meta 
1684       DEBUG main            d.u.i.k.j.TypeConverter   No LDT found for Meta 
1685       DEBUG main            d.u.i.k.j.TypeConverter   No LDT found for Meta 
3311       DEBUG main            d.u.i.k.j.TypeConverter   No LDT found for JavaBigintExpression 
7994       DEBUG main            d.u.i.k.p.i.AbstractProblemLoader Init config took 7.32s 
8110       INFO  main            d.u.i.k.p.i.AbstractProblemLoader Replaying proof Quicksort[Quicksort::sort([I)].JML normal_behavior operation contract.0 
8140       DEBUG main            d.u.i.k.p.i.IntermediateProofReplayer Proof replay took 29.5ns 
9300       INFO  main            d.u.i.k.p.r.p.TestFile    ... finished proof: closed. 
9455       INFO  main            d.u.i.k.p.i.AbstractProblemLoader Loading environment from /home/runner/work/key/key/key.core/../key.ui/examples/heap/quicksort/toplevel.key.proof 
9456       DEBUG main            d.u.i.k.p.i.AbstractProblemLoader Environment load took 426.8ns 
9462       INFO  main            d.u.i.k.p.i.AbstractProblemLoader Creating init config 
12314      DEBUG main            d.u.i.k.p.i.AbstractProblemLoader Init config took 2.85s 
12394      INFO  main            d.u.i.k.p.i.AbstractProblemLoader Replaying proof Quicksort[Quicksort::sort([I)].JML normal_behavior operation contract.0 
12552      DEBUG main            d.u.i.k.p.i.IntermediateProofReplayer Proof replay took 149.98ms 
12559      DEBUG main            d.u.i.k.p.r.p.TestFile    ... success: reloaded. 
12561      INFO  main            d.u.i.k.p.r.p.TestFile    Now processing file /home/runner/work/key/key/key.core/../key.ui/examples/heap/quicksort/sort.key 
12561      INFO  main            d.u.i.k.p.i.AbstractProblemLoader Loading environment from /home/runner/work/key/key/key.core/../key.ui/examples/heap/quicksort/sort.key 
12562      DEBUG main            d.u.i.k.p.i.AbstractProblemLoader Environment load took 230.1ns 
12563      INFO  main            d.u.i.k.p.i.AbstractProblemLoader Creating init config 
15363      DEBUG main            d.u.i.k.p.i.AbstractProblemLoader Init config took 2.8s 
15421      INFO  main            d.u.i.k.p.i.AbstractProblemLoader Replaying proof Quicksort[Quicksort::sort([I,int,int)].JML normal_behavior operation contract.0 
15425      DEBUG main            d.u.i.k.p.i.IntermediateProofReplayer Proof replay took 5.5ns 
15448      DEBUG main            d.u.i.k.m.s.ProofScriptEngine 1: 'script 'sort.script'' 
15451      INFO  main            d.u.i.k.m.s.ProofScriptCommand Included script /home/runner/work/key/key/key.core/../key.ui/examples/heap/quicksort/sort.script 
15452      DEBUG main            d.u.i.k.m.s.ProofScriptEngine 1: 'macro autopilot-prep' 
16482      DEBUG main            d.u.i.k.m.s.ProofScriptEngine 2: 'select formula="{heapAtPre:=heap || exc:=null || heap:=heapAfter_sort_0}
   seq ...' 
16487      DEBUG main            d.u.i.k.m.s.ProofScriptEngine 3: 'macro simp-upd' 
16499      DEBUG main            d.u.i.k.m.s.ProofScriptEngine 4: 'let   @seqPre="seqDef{int u;}(0, array.length, array[u])"
    @seqSplit="seqDef ...' 
16502      DEBUG main            d.u.i.k.m.s.ProofScriptEngine 5: 'rule seqPermSym 
  formula="seqPerm(@seqSplit, @seqPre)"' 
16521      DEBUG main            d.u.i.k.m.s.ProofScriptEngine 6: 'rule seqPermSym
  formula="seqPerm(@seqSort, @seqSplit)"' 
16523      DEBUG main            d.u.i.k.m.s.ProofScriptEngine 7: 'rule seqPermSym
  formula="seqPerm(@seqSort0, @seqSort)"' 
16525      DEBUG main            d.u.i.k.m.s.ProofScriptEngine 8: 'rule seqPermTrans
  formula="seqPerm(@seqPre, @seqSplit)"' 
16526      DEBUG main            d.u.i.k.m.s.ProofScriptEngine 9: 'rule seqPermTrans
  formula="seqPerm(@seqPre, @seqSort)"' 
16527      DEBUG main            d.u.i.k.m.s.ProofScriptEngine 10: 'rule seqPermSym
  formula="seqPerm(@seqPre, @seqSort0)"' 
16529      DEBUG main            d.u.i.k.m.s.ProofScriptEngine 11: 'tryclose' 
41722      INFO  main            d.u.i.k.p.r.p.TestFile    ... finished proof: closed. 
41973      INFO  main            d.u.i.k.p.i.AbstractProblemLoader Loading environment from /home/runner/work/key/key/key.core/../key.ui/examples/heap/quicksort/sort.key.proof 
41974      DEBUG main            d.u.i.k.p.i.AbstractProblemLoader Environment load took 436.9ns 
41981      INFO  main            d.u.i.k.p.i.AbstractProblemLoader Creating init config 
44688      DEBUG main            d.u.i.k.p.i.AbstractProblemLoader Init config took 2.71s 
44735      INFO  main            d.u.i.k.p.i.AbstractProblemLoader Replaying proof Quicksort[Quicksort::sort([I,int,int)].JML normal_behavior operation contract.0 
46649      DEBUG main            d.u.i.k.p.i.IntermediateProofReplayer Proof replay took 1.76s 
46654      DEBUG main            d.u.i.k.p.r.p.TestFile    ... success: reloaded. 
46668      INFO  main            d.u.i.k.p.r.p.TestFile    Now processing file /home/runner/work/key/key/key.core/../key.ui/examples/heap/quicksort/split.key 
46669      INFO  main            d.u.i.k.p.i.AbstractProblemLoader Loading environment from /home/runner/work/key/key/key.core/../key.ui/examples/heap/quicksort/split.key 
46669      DEBUG main            d.u.i.k.p.i.AbstractProblemLoader Environment load took 94.2ns 
46670      INFO  main            d.u.i.k.p.i.AbstractProblemLoader Creating init config 
49428      DEBUG main            d.u.i.k.p.i.AbstractProblemLoader Init config took 2.76s 
49472      INFO  main            d.u.i.k.p.i.AbstractProblemLoader Replaying proof Quicksort[Quicksort::split([I,int,int)].JML normal_behavior operation contract.0 
49476      DEBUG main            d.u.i.k.p.i.IntermediateProofReplayer Proof replay took 5.1ns 
49476      DEBUG main            d.u.i.k.m.s.ProofScriptEngine 1: 'macro autopilot-prep' 
50648      DEBUG main            d.u.i.k.m.s.ProofScriptEngine 2: 'tryclose' 
86380      DEBUG main            d.u.i.k.m.s.ProofScriptEngine 3: 'macro simp-upd' 
86486      DEBUG main            d.u.i.k.m.s.ProofScriptEngine 4: 'rule seqPermFromSwap' 
86501      DEBUG main            d.u.i.k.m.s.ProofScriptEngine 5: 'rule andRight' 
86503      DEBUG main            d.u.i.k.m.s.ProofScriptEngine 6: 'auto' 
86562      DEBUG main            d.u.i.k.m.s.ProofScriptEngine 7: 'instantiate hide var=iv with=i_0' 
86567      DEBUG main            d.u.i.k.m.s.ProofScriptEngine 8: 'instantiate hide var=jv with=j_0' 
86568      DEBUG main            d.u.i.k.m.s.ProofScriptEngine 9: 'auto' 
92790      DEBUG main            d.u.i.k.m.s.ProofScriptEngine 10: 'macro simp-upd' 
92862      DEBUG main            d.u.i.k.m.s.ProofScriptEngine 11: 'rule seqPermFromSwap' 
92866      DEBUG main            d.u.i.k.m.s.ProofScriptEngine 12: 'rule andRight' 
92867      DEBUG main            d.u.i.k.m.s.ProofScriptEngine 13: 'auto' 
92922      DEBUG main            d.u.i.k.m.s.ProofScriptEngine 14: 'instantiate hide var=iv with=i_0' 
92925      DEBUG main            d.u.i.k.m.s.ProofScriptEngine 15: 'instantiate hide var=jv with=to' 
92927      DEBUG main            d.u.i.k.m.s.ProofScriptEngine 16: 'auto' 
97949      INFO  main            d.u.i.k.p.r.p.TestFile    ... finished proof: closed. 
98386      INFO  main            d.u.i.k.p.i.AbstractProblemLoader Loading environment from /home/runner/work/key/key/key.core/../key.ui/examples/heap/quicksort/split.key.proof 
98387      DEBUG main            d.u.i.k.p.i.AbstractProblemLoader Environment load took 423.9ns 
98397      INFO  main            d.u.i.k.p.i.AbstractProblemLoader Creating init config 
100958     DEBUG main            d.u.i.k.p.i.AbstractProblemLoader Init config took 2.56s 
101004     INFO  main            d.u.i.k.p.i.AbstractProblemLoader Replaying proof Quicksort[Quicksort::split([I,int,int)].JML normal_behavior operation contract.0 
104488     DEBUG main            d.u.i.k.p.i.IntermediateProofReplayer Proof replay took 3.21s 
104501     DEBUG main            d.u.i.k.p.r.p.TestFile    ... success: reloaded. 
1659137    INFO  Test worker     d.u.i.k.p.r.RunAllProofsTestUnit Returning from test quicksort 
1659139    INFO  Test worker     d.u.i.k.p.r.RunAllProofsTestUnit Running test simpleTests 
349        INFO  Timeout watchdog d.u.i.k.p.r.p.ForkedTestFileRunner Timeout watcher launched (2000 secs.) 
351        WARN  main            d.u.i.k.s.ProofSettings   The settings in /home/runner/.key/proof-settings.props are *not* read. 
404        INFO  main            d.u.i.k.p.r.p.TestFile    Now processing file /home/runner/work/key/key/key.core/../key.ui/examples/heap/simple/anonymise_datagroup.key 
569        INFO  main            d.u.i.k.p.i.AbstractProblemLoader Loading environment from /home/runner/work/key/key/key.core/../key.ui/examples/heap/simple/anonymise_datagroup.key 
587        DEBUG main            d.u.i.k.p.i.AbstractProblemLoader Environment load took 4.62ms 
854        INFO  main            d.u.i.k.p.i.AbstractProblemLoader Creating init config 
1650       DEBUG main            d.u.i.k.j.TypeConverter   No LDT found for Meta 
1651       DEBUG main            d.u.i.k.j.TypeConverter   No LDT found for Meta 
1652       DEBUG main            d.u.i.k.j.TypeConverter   No LDT found for Meta 
1652       DEBUG main            d.u.i.k.j.TypeConverter   No LDT found for Meta 
3030       DEBUG main            d.u.i.k.j.TypeConverter   No LDT found for JavaBigintExpression 
7455       DEBUG main            d.u.i.k.p.i.AbstractProblemLoader Init config took 6.6s 
7511       INFO  main            d.u.i.k.p.i.AbstractProblemLoader Replaying proof anonymise_datagroup.key 
7541       DEBUG main            d.u.i.k.p.i.IntermediateProofReplayer Proof replay took 34.4ns 
7799       INFO  main            d.u.i.k.p.r.p.TestFile    ... finished proof: closed. 
7888       INFO  main            d.u.i.k.p.i.AbstractProblemLoader Loading environment from /home/runner/work/key/key/key.core/../key.ui/examples/heap/simple/anonymise_datagroup.key.proof 
7889       DEBUG main            d.u.i.k.p.i.AbstractProblemLoader Environment load took 1.14ms 
7894       INFO  main            d.u.i.k.p.i.AbstractProblemLoader Creating init config 
10448      DEBUG main            d.u.i.k.p.i.AbstractProblemLoader Init config took 2.55s 
10477      INFO  main            d.u.i.k.p.i.AbstractProblemLoader Replaying proof anonymise_datagroup.key.proof 
10490      DEBUG main            d.u.i.k.p.i.IntermediateProofReplayer Proof replay took 8.69ms 
10500      DEBUG main            d.u.i.k.p.r.p.TestFile    ... success: reloaded. 
10501      INFO  main            d.u.i.k.p.r.p.TestFile    Now processing file /home/runner/work/key/key/key.core/../key.ui/examples/heap/simple/array_creation.key 
10502      INFO  main            d.u.i.k.p.i.AbstractProblemLoader Loading environment from /home/runner/work/key/key/key.core/../key.ui/examples/heap/simple/array_creation.key 
10502      DEBUG main            d.u.i.k.p.i.AbstractProblemLoader Environment load took 238.9ns 
10504      INFO  main            d.u.i.k.p.i.AbstractProblemLoader Creating init config 
12996      DEBUG main            d.u.i.k.p.i.AbstractProblemLoader Init config took 2.49s 
13034      INFO  main            d.u.i.k.p.i.AbstractProblemLoader Replaying proof array_creation.key 
13045      DEBUG main            d.u.i.k.p.i.IntermediateProofReplayer Proof replay took 7.3ns 
13754      INFO  main            d.u.i.k.p.r.p.TestFile    ... finished proof: closed. 
13935      INFO  main            d.u.i.k.p.i.AbstractProblemLoader Loading environment from /home/runner/work/key/key/key.core/../key.ui/examples/heap/simple/array_creation.key.proof 
13936      DEBUG main            d.u.i.k.p.i.AbstractProblemLoader Environment load took 458ns 
13940      INFO  main            d.u.i.k.p.i.AbstractProblemLoader Creating init config 
16329      DEBUG main            d.u.i.k.p.i.AbstractProblemLoader Init config took 2.39s 
16360      INFO  main            d.u.i.k.p.i.AbstractProblemLoader Replaying proof array_creation.key.proof 
16449      DEBUG main            d.u.i.k.p.i.IntermediateProofReplayer Proof replay took 83.82ms 
16450      DEBUG main            d.u.i.k.p.r.p.TestFile    ... success: reloaded. 
16451      INFO  main            d.u.i.k.p.r.p.TestFile    Now processing file /home/runner/work/key/key/key.core/../key.ui/examples/heap/simple/arrays_with_disjoint_sorts.key 
16451      INFO  main            d.u.i.k.p.i.AbstractProblemLoader Loading environment from /home/runner/work/key/key/key.core/../key.ui/examples/heap/simple/arrays_with_disjoint_sorts.key 
16452      DEBUG main            d.u.i.k.p.i.AbstractProblemLoader Environment load took 201.1ns 
16453      INFO  main            d.u.i.k.p.i.AbstractProblemLoader Creating init config 
18850      DEBUG main            d.u.i.k.p.i.AbstractProblemLoader Init config took 2.4s 
18872      INFO  main            d.u.i.k.p.i.AbstractProblemLoader Replaying proof arrays_with_disjoint_sorts.key 
18873      DEBUG main            d.u.i.k.p.i.IntermediateProofReplayer Proof replay took 5.5ns 
19077      INFO  main            d.u.i.k.p.r.p.TestFile    ... finished proof: closed. 
19278      INFO  main            d.u.i.k.p.i.AbstractProblemLoader Loading environment from /home/runner/work/key/key/key.core/../key.ui/examples/heap/simple/arrays_with_disjoint_sorts.key.proof 
19279      DEBUG main            d.u.i.k.p.i.AbstractProblemLoader Environment load took 414.6ns 
19281      INFO  main            d.u.i.k.p.i.AbstractProblemLoader Creating init config 
21614      DEBUG main            d.u.i.k.p.i.AbstractProblemLoader Init config took 2.33s 
21635      INFO  main            d.u.i.k.p.i.AbstractProblemLoader Replaying proof arrays_with_disjoint_sorts.key.proof 
21658      DEBUG main            d.u.i.k.p.i.IntermediateProofReplayer Proof replay took 20.1ms 
21659      DEBUG main            d.u.i.k.p.r.p.TestFile    ... success: reloaded. 
21660      INFO  main            d.u.i.k.p.r.p.TestFile    Now processing file /home/runner/work/key/key/key.core/../key.ui/examples/heap/simple/arrays.key 
21661      INFO  main            d.u.i.k.p.i.AbstractProblemLoader Loading environment from /home/runner/work/key/key/key.core/../key.ui/examples/heap/simple/arrays.key 
21661      DEBUG main            d.u.i.k.p.i.AbstractProblemLoader Environment load took 191ns 
21662      INFO  main            d.u.i.k.p.i.AbstractProblemLoader Creating init config 
24011      DEBUG main            d.u.i.k.p.i.AbstractProblemLoader Init config took 2.35s 
24032      INFO  main            d.u.i.k.p.i.AbstractProblemLoader Replaying proof arrays.key 
24036      DEBUG main            d.u.i.k.p.i.IntermediateProofReplayer Proof replay took 5.9ns 
24138      INFO  main            d.u.i.k.p.r.p.TestFile    ... finished proof: closed. 
24283      INFO  main            d.u.i.k.p.i.AbstractProblemLoader Loading environment from /home/runner/work/key/key/key.core/../key.ui/examples/heap/simple/arrays.key.proof 
24284      DEBUG main            d.u.i.k.p.i.AbstractProblemLoader Environment load took 1.23ms 
24286      INFO  main            d.u.i.k.p.i.AbstractProblemLoader Creating init config 
26603      DEBUG main            d.u.i.k.p.i.AbstractProblemLoader Init config took 2.32s 
26625      INFO  main            d.u.i.k.p.i.AbstractProblemLoader Replaying proof arrays.key.proof 
26647      DEBUG main            d.u.i.k.p.i.IntermediateProofReplayer Proof replay took 18.4ms 
26649      DEBUG main            d.u.i.k.p.r.p.TestFile    ... success: reloaded. 
26650      INFO  main            d.u.i.k.p.r.p.TestFile    Now processing file /home/runner/work/key/key/key.core/../key.ui/examples/heap/simple/attributes.key 
26650      INFO  main            d.u.i.k.p.i.AbstractProblemLoader Loading environment from /home/runner/work/key/key/key.core/../key.ui/examples/heap/simple/attributes.key 
26650      DEBUG main            d.u.i.k.p.i.AbstractProblemLoader Environment load took 108.1ns 
26651      INFO  main            d.u.i.k.p.i.AbstractProblemLoader Creating init config 
28935      DEBUG main            d.u.i.k.p.i.AbstractProblemLoader Init config took 2.28s 
28955      INFO  main            d.u.i.k.p.i.AbstractProblemLoader Replaying proof attributes.key 
28956      DEBUG main            d.u.i.k.p.i.IntermediateProofReplayer Proof replay took 6.3ns 
29060      INFO  main            d.u.i.k.p.r.p.TestFile    ... finished proof: closed. 
29198      INFO  main            d.u.i.k.p.i.AbstractProblemLoader Loading environment from /home/runner/work/key/key/key.core/../key.ui/examples/heap/simple/attributes.key.proof 
29198      DEBUG main            d.u.i.k.p.i.AbstractProblemLoader Environment load took 119.9ns 
29199      INFO  main            d.u.i.k.p.i.AbstractProblemLoader Creating init config 
31459      DEBUG main            d.u.i.k.p.i.AbstractProblemLoader Init config took 2.26s 
31480      INFO  main            d.u.i.k.p.i.AbstractProblemLoader Replaying proof attributes.key.proof 
31486      DEBUG main            d.u.i.k.p.i.IntermediateProofReplayer Proof replay took 2.9ms 
31487      DEBUG main            d.u.i.k.p.r.p.TestFile    ... success: reloaded. 
31490      INFO  main            d.u.i.k.p.r.p.TestFile    Now processing file /home/runner/work/key/key/key.core/../key.ui/examples/heap/simple/constructor_contracts.key 
31490      INFO  main            d.u.i.k.p.i.AbstractProblemLoader Loading environment from /home/runner/work/key/key/key.core/../key.ui/examples/heap/simple/constructor_contracts.key 
31490      DEBUG main            d.u.i.k.p.i.AbstractProblemLoader Environment load took 198.6ns 
31492      INFO  main            d.u.i.k.p.i.AbstractProblemLoader Creating init config 
34266      DEBUG main            d.u.i.k.p.i.AbstractProblemLoader Init config took 2.77s 
34287      INFO  main            d.u.i.k.p.i.AbstractProblemLoader Replaying proof constructor_contracts.key 
34289      DEBUG main            d.u.i.k.p.i.IntermediateProofReplayer Proof replay took 5.8ns 
34896      INFO  main            d.u.i.k.p.r.p.TestFile    ... finished proof: closed. 
35056      INFO  main            d.u.i.k.p.i.AbstractProblemLoader Loading environment from /home/runner/work/key/key/key.core/../key.ui/examples/heap/simple/constructor_contracts.key.proof 
35057      DEBUG main            d.u.i.k.p.i.AbstractProblemLoader Environment load took 384.2ns 
35058      INFO  main            d.u.i.k.p.i.AbstractProblemLoader Creating init config 
37622      DEBUG main            d.u.i.k.p.i.AbstractProblemLoader Init config took 2.56s 
37643      INFO  main            d.u.i.k.p.i.AbstractProblemLoader Replaying proof constructor_contracts.key.proof 
37746      DEBUG main            d.u.i.k.p.i.IntermediateProofReplayer Proof replay took 98.44ms 
37748      DEBUG main            d.u.i.k.p.r.p.TestFile    ... success: reloaded. 
37749      INFO  main            d.u.i.k.p.r.p.TestFile    Now processing file /home/runner/work/key/key/key.core/../key.ui/examples/heap/simple/dependencies.key 
37750      INFO  main            d.u.i.k.p.i.AbstractProblemLoader Loading environment from /home/runner/work/key/key/key.core/../key.ui/examples/heap/simple/dependencies.key 
37750      DEBUG main            d.u.i.k.p.i.AbstractProblemLoader Environment load took 200.5ns 
37751      INFO  main            d.u.i.k.p.i.AbstractProblemLoader Creating init config 
40083      DEBUG main            d.u.i.k.p.i.AbstractProblemLoader Init config took 2.33s 
40101      INFO  main            d.u.i.k.p.i.AbstractProblemLoader Replaying proof dependencies.key 
40102      DEBUG main            d.u.i.k.p.i.IntermediateProofReplayer Proof replay took 7ns 
40204      INFO  main            d.u.i.k.p.r.p.TestFile    ... finished proof: closed. 
40408      INFO  main            d.u.i.k.p.i.AbstractProblemLoader Loading environment from /home/runner/work/key/key/key.core/../key.ui/examples/heap/simple/dependencies.key.proof 
40408      DEBUG main            d.u.i.k.p.i.AbstractProblemLoader Environment load took 113.2ns 
40409      INFO  main            d.u.i.k.p.i.AbstractProblemLoader Creating init config 
42689      DEBUG main            d.u.i.k.p.i.AbstractProblemLoader Init config took 2.28s 
42708      INFO  main            d.u.i.k.p.i.AbstractProblemLoader Replaying proof dependencies.key.proof 
42718      DEBUG main            d.u.i.k.p.i.IntermediateProofReplayer Proof replay took 7.85ms 
42719      DEBUG main            d.u.i.k.p.r.p.TestFile    ... success: reloaded. 
42720      INFO  main            d.u.i.k.p.r.p.TestFile    Now processing file /home/runner/work/key/key/key.core/../key.ui/examples/heap/simple/dependency_contracts.key 
42720      INFO  main            d.u.i.k.p.i.AbstractProblemLoader Loading environment from /home/runner/work/key/key/key.core/../key.ui/examples/heap/simple/dependency_contracts.key 
42720      DEBUG main            d.u.i.k.p.i.AbstractProblemLoader Environment load took 189.3ns 
42722      INFO  main            d.u.i.k.p.i.AbstractProblemLoader Creating init config 
45295      DEBUG main            d.u.i.k.p.i.AbstractProblemLoader Init config took 2.57s 
45316      INFO  main            d.u.i.k.p.i.AbstractProblemLoader Replaying proof dependency_contracts.key 
45318      DEBUG main            d.u.i.k.p.i.IntermediateProofReplayer Proof replay took 6.7ns 
46525      INFO  main            d.u.i.k.p.r.p.TestFile    ... finished proof: closed. 
46719      INFO  main            d.u.i.k.p.i.AbstractProblemLoader Loading environment from /home/runner/work/key/key/key.core/../key.ui/examples/heap/simple/dependency_contracts.key.proof 
46725      DEBUG main            d.u.i.k.p.i.AbstractProblemLoader Environment load took 6.19ms 
46727      INFO  main            d.u.i.k.p.i.AbstractProblemLoader Creating init config 
49251      DEBUG main            d.u.i.k.p.i.AbstractProblemLoader Init config took 2.52s 
49273      INFO  main            d.u.i.k.p.i.AbstractProblemLoader Replaying proof dependency_contracts.key.proof 
49470      DEBUG main            d.u.i.k.p.i.IntermediateProofReplayer Proof replay took 186.28ms 
49472      DEBUG main            d.u.i.k.p.r.p.TestFile    ... success: reloaded. 
49473      INFO  main            d.u.i.k.p.r.p.TestFile    Now processing file /home/runner/work/key/key/key.core/../key.ui/examples/heap/simple/invariant_preservation.key 
49474      INFO  main            d.u.i.k.p.i.AbstractProblemLoader Loading environment from /home/runner/work/key/key/key.core/../key.ui/examples/heap/simple/invariant_preservation.key 
49474      DEBUG main            d.u.i.k.p.i.AbstractProblemLoader Environment load took 199.1ns 
49475      INFO  main            d.u.i.k.p.i.AbstractProblemLoader Creating init config 
52021      DEBUG main            d.u.i.k.p.i.AbstractProblemLoader Init config took 2.55s 
52040      INFO  main            d.u.i.k.p.i.AbstractProblemLoader Replaying proof invariant_preservation.key 
52042      DEBUG main            d.u.i.k.p.i.IntermediateProofReplayer Proof replay took 5.6ns 
52145      INFO  main            d.u.i.k.p.r.p.TestFile    ... finished proof: closed. 
52365      INFO  main            d.u.i.k.p.i.AbstractProblemLoader Loading environment from /home/runner/work/key/key/key.core/../key.ui/examples/heap/simple/invariant_preservation.key.proof 
52365      DEBUG main            d.u.i.k.p.i.AbstractProblemLoader Environment load took 113.8ns 
52366      INFO  main            d.u.i.k.p.i.AbstractProblemLoader Creating init config 
54842      DEBUG main            d.u.i.k.p.i.AbstractProblemLoader Init config took 2.48s 
54861      INFO  main            d.u.i.k.p.i.AbstractProblemLoader Replaying proof invariant_preservation.key.proof 
54890      DEBUG main            d.u.i.k.p.i.IntermediateProofReplayer Proof replay took 26.2ms 
54891      DEBUG main            d.u.i.k.p.r.p.TestFile    ... success: reloaded. 
54893      INFO  main            d.u.i.k.p.r.p.TestFile    Now processing file /home/runner/work/key/key/key.core/../key.ui/examples/heap/simple/locsets.key 
54893      INFO  main            d.u.i.k.p.i.AbstractProblemLoader Loading environment from /home/runner/work/key/key/key.core/../key.ui/examples/heap/simple/locsets.key 
54893      DEBUG main            d.u.i.k.p.i.AbstractProblemLoader Environment load took 218ns 
54894      INFO  main            d.u.i.k.p.i.AbstractProblemLoader Creating init config 
57182      DEBUG main            d.u.i.k.p.i.AbstractProblemLoader Init config took 2.29s 
57198      INFO  main            d.u.i.k.p.i.AbstractProblemLoader Replaying proof locsets.key 
57199      DEBUG main            d.u.i.k.p.i.IntermediateProofReplayer Proof replay took 5.8ns 
57300      INFO  main            d.u.i.k.p.r.p.TestFile    ... finished proof: closed. 
57465      INFO  main            d.u.i.k.p.i.AbstractProblemLoader Loading environment from /home/runner/work/key/key/key.core/../key.ui/examples/heap/simple/locsets.key.proof 
57465      DEBUG main            d.u.i.k.p.i.AbstractProblemLoader Environment load took 105.5ns 
57466      INFO  main            d.u.i.k.p.i.AbstractProblemLoader Creating init config 
59704      DEBUG main            d.u.i.k.p.i.AbstractProblemLoader Init config took 2.24s 
59720      INFO  main            d.u.i.k.p.i.AbstractProblemLoader Replaying proof locsets.key.proof 
59723      DEBUG main            d.u.i.k.p.i.IntermediateProofReplayer Proof replay took 1.7ms 
59724      DEBUG main            d.u.i.k.p.r.p.TestFile    ... success: reloaded. 
59725      INFO  main            d.u.i.k.p.r.p.TestFile    Now processing file /home/runner/work/key/key/key.core/../key.ui/examples/heap/simple/loop1.key 
59725      INFO  main            d.u.i.k.p.i.AbstractProblemLoader Loading environment from /home/runner/work/key/key/key.core/../key.ui/examples/heap/simple/loop1.key 
59725      DEBUG main            d.u.i.k.p.i.AbstractProblemLoader Environment load took 85ns 
59726      INFO  main            d.u.i.k.p.i.AbstractProblemLoader Creating init config 
62267      DEBUG main            d.u.i.k.p.i.AbstractProblemLoader Init config took 2.54s 
62283      INFO  main            d.u.i.k.p.i.AbstractProblemLoader Replaying proof loop1.key 
62284      DEBUG main            d.u.i.k.p.i.IntermediateProofReplayer Proof replay took 6ns 
62489      INFO  main            d.u.i.k.p.r.p.TestFile    ... finished proof: closed. 
62660      INFO  main            d.u.i.k.p.i.AbstractProblemLoader Loading environment from /home/runner/work/key/key/key.core/../key.ui/examples/heap/simple/loop1.key.proof 
62661      DEBUG main            d.u.i.k.p.i.AbstractProblemLoader Environment load took 107ns 
62662      INFO  main            d.u.i.k.p.i.AbstractProblemLoader Creating init config 
65102      DEBUG main            d.u.i.k.p.i.AbstractProblemLoader Init config took 2.44s 
65118      INFO  main            d.u.i.k.p.i.AbstractProblemLoader Replaying proof loop1.key.proof 
65175      DEBUG main            d.u.i.k.p.i.IntermediateProofReplayer Proof replay took 55.36ms 
65176      DEBUG main            d.u.i.k.p.r.p.TestFile    ... success: reloaded. 
65177      INFO  main            d.u.i.k.p.r.p.TestFile    Now processing file /home/runner/work/key/key/key.core/../key.ui/examples/heap/simple/loop2.key 
65177      INFO  main            d.u.i.k.p.i.AbstractProblemLoader Loading environment from /home/runner/work/key/key/key.core/../key.ui/examples/heap/simple/loop2.key 
65177      DEBUG main            d.u.i.k.p.i.AbstractProblemLoader Environment load took 94.2ns 
65178      INFO  main            d.u.i.k.p.i.AbstractProblemLoader Creating init config 
67711      DEBUG main            d.u.i.k.p.i.AbstractProblemLoader Init config took 2.53s 
67727      INFO  main            d.u.i.k.p.i.AbstractProblemLoader Replaying proof loop2.key 
67730      DEBUG main            d.u.i.k.p.i.IntermediateProofReplayer Proof replay took 11.9ns 
68333      INFO  main            d.u.i.k.p.r.p.TestFile    ... finished proof: closed. 
68635      INFO  main            d.u.i.k.p.i.AbstractProblemLoader Loading environment from /home/runner/work/key/key/key.core/../key.ui/examples/heap/simple/loop2.key.proof 
68635      DEBUG main            d.u.i.k.p.i.AbstractProblemLoader Environment load took 522.2ns 
68639      INFO  main            d.u.i.k.p.i.AbstractProblemLoader Creating init config 
71092      DEBUG main            d.u.i.k.p.i.AbstractProblemLoader Init config took 2.45s 
71107      INFO  main            d.u.i.k.p.i.AbstractProblemLoader Replaying proof loop2.key.proof 
71215      DEBUG main            d.u.i.k.p.i.IntermediateProofReplayer Proof replay took 103.23ms 
71216      DEBUG main            d.u.i.k.p.r.p.TestFile    ... success: reloaded. 
71217      INFO  main            d.u.i.k.p.r.p.TestFile    Now processing file /home/runner/work/key/key/key.core/../key.ui/examples/heap/simple/modifies_datagroup.key 
71218      INFO  main            d.u.i.k.p.i.AbstractProblemLoader Loading environment from /home/runner/work/key/key/key.core/../key.ui/examples/heap/simple/modifies_datagroup.key 
71218      DEBUG main            d.u.i.k.p.i.AbstractProblemLoader Environment load took 182.9ns 
71219      INFO  main            d.u.i.k.p.i.AbstractProblemLoader Creating init config 
73507      DEBUG main            d.u.i.k.p.i.AbstractProblemLoader Init config took 2.29s 
73521      INFO  main            d.u.i.k.p.i.AbstractProblemLoader Replaying proof modifies_datagroup.key 
73522      DEBUG main            d.u.i.k.p.i.IntermediateProofReplayer Proof replay took 5.5ns 
73624      INFO  main            d.u.i.k.p.r.p.TestFile    ... finished proof: closed. 
73828      INFO  main            d.u.i.k.p.i.AbstractProblemLoader Loading environment from /home/runner/work/key/key/key.core/../key.ui/examples/heap/simple/modifies_datagroup.key.proof 
73828      DEBUG main            d.u.i.k.p.i.AbstractProblemLoader Environment load took 104.8ns 
73829      INFO  main            d.u.i.k.p.i.AbstractProblemLoader Creating init config 
76055      DEBUG main            d.u.i.k.p.i.AbstractProblemLoader Init config took 2.23s 
76068      INFO  main            d.u.i.k.p.i.AbstractProblemLoader Replaying proof modifies_datagroup.key.proof 
76073      DEBUG main            d.u.i.k.p.i.IntermediateProofReplayer Proof replay took 3.21ms 
76074      DEBUG main            d.u.i.k.p.r.p.TestFile    ... success: reloaded. 
76074      INFO  main            d.u.i.k.p.r.p.TestFile    Now processing file /home/runner/work/key/key/key.core/../key.ui/examples/heap/simple/modifies.key 
76075      INFO  main            d.u.i.k.p.i.AbstractProblemLoader Loading environment from /home/runner/work/key/key/key.core/../key.ui/examples/heap/simple/modifies.key 
76075      DEBUG main            d.u.i.k.p.i.AbstractProblemLoader Environment load took 82.7ns 
76076      INFO  main            d.u.i.k.p.i.AbstractProblemLoader Creating init config 
78369      DEBUG main            d.u.i.k.p.i.AbstractProblemLoader Init config took 2.29s 
78385      INFO  main            d.u.i.k.p.i.AbstractProblemLoader Replaying proof modifies.key 
78386      DEBUG main            d.u.i.k.p.i.IntermediateProofReplayer Proof replay took 5.7ns 
78488      INFO  main            d.u.i.k.p.r.p.TestFile    ... finished proof: closed. 
78675      INFO  main            d.u.i.k.p.i.AbstractProblemLoader Loading environment from /home/runner/work/key/key/key.core/../key.ui/examples/heap/simple/modifies.key.proof 
78675      DEBUG main            d.u.i.k.p.i.AbstractProblemLoader Environment load took 109ns 
78682      INFO  main            d.u.i.k.p.i.AbstractProblemLoader Creating init config 
80900      DEBUG main            d.u.i.k.p.i.AbstractProblemLoader Init config took 2.22s 
80913      INFO  main            d.u.i.k.p.i.AbstractProblemLoader Replaying proof modifies.key.proof 
80925      DEBUG main            d.u.i.k.p.i.IntermediateProofReplayer Proof replay took 10.52ms 
80926      DEBUG main            d.u.i.k.p.r.p.TestFile    ... success: reloaded. 
80927      INFO  main            d.u.i.k.p.r.p.TestFile    Now processing file /home/runner/work/key/key/key.core/../key.ui/examples/heap/simple/object_creation.key 
80927      INFO  main            d.u.i.k.p.i.AbstractProblemLoader Loading environment from /home/runner/work/key/key/key.core/../key.ui/examples/heap/simple/object_creation.key 
80927      DEBUG main            d.u.i.k.p.i.AbstractProblemLoader Environment load took 69.3ns 
80928      INFO  main            d.u.i.k.p.i.AbstractProblemLoader Creating init config 
83196      DEBUG main            d.u.i.k.p.i.AbstractProblemLoader Init config took 2.27s 
83210      INFO  main            d.u.i.k.p.i.AbstractProblemLoader Replaying proof object_creation.key 
83211      DEBUG main            d.u.i.k.p.i.IntermediateProofReplayer Proof replay took 5.6ns 
83417      INFO  main            d.u.i.k.p.r.p.TestFile    ... finished proof: closed. 
83620      INFO  main            d.u.i.k.p.i.AbstractProblemLoader Loading environment from /home/runner/work/key/key/key.core/../key.ui/examples/heap/simple/object_creation.key.proof 
83620      DEBUG main            d.u.i.k.p.i.AbstractProblemLoader Environment load took 104.2ns 
83622      INFO  main            d.u.i.k.p.i.AbstractProblemLoader Creating init config 
85830      DEBUG main            d.u.i.k.p.i.AbstractProblemLoader Init config took 2.21s 
85844      INFO  main            d.u.i.k.p.i.AbstractProblemLoader Replaying proof object_creation.key.proof 
85889      DEBUG main            d.u.i.k.p.i.IntermediateProofReplayer Proof replay took 41.91ms 
85890      DEBUG main            d.u.i.k.p.r.p.TestFile    ... success: reloaded. 
85890      INFO  main            d.u.i.k.p.r.p.TestFile    Now processing file /home/runner/work/key/key/key.core/../key.ui/examples/heap/simple/operation_contracts.key 
85891      INFO  main            d.u.i.k.p.i.AbstractProblemLoader Loading environment from /home/runner/work/key/key/key.core/../key.ui/examples/heap/simple/operation_contracts.key 
85891      DEBUG main            d.u.i.k.p.i.AbstractProblemLoader Environment load took 184ns 
85892      INFO  main            d.u.i.k.p.i.AbstractProblemLoader Creating init config 
88417      DEBUG main            d.u.i.k.p.i.AbstractProblemLoader Init config took 2.52s 
88432      INFO  main            d.u.i.k.p.i.AbstractProblemLoader Replaying proof operation_contracts.key 
88433      DEBUG main            d.u.i.k.p.i.IntermediateProofReplayer Proof replay took 5.4ns 
89139      INFO  main            d.u.i.k.p.r.p.TestFile    ... finished proof: closed. 
89369      INFO  main            d.u.i.k.p.i.AbstractProblemLoader Loading environment from /home/runner/work/key/key/key.core/../key.ui/examples/heap/simple/operation_contracts.key.proof 
89369      DEBUG main            d.u.i.k.p.i.AbstractProblemLoader Environment load took 386.3ns 
89371      INFO  main            d.u.i.k.p.i.AbstractProblemLoader Creating init config 
91819      DEBUG main            d.u.i.k.p.i.AbstractProblemLoader Init config took 2.45s 
91834      INFO  main            d.u.i.k.p.i.AbstractProblemLoader Replaying proof operation_contracts.key.proof 
91944      DEBUG main            d.u.i.k.p.i.IntermediateProofReplayer Proof replay took 104.04ms 
91946      DEBUG main            d.u.i.k.p.r.p.TestFile    ... success: reloaded. 
91947      INFO  main            d.u.i.k.p.r.p.TestFile    Now processing file /home/runner/work/key/key/key.core/../key.ui/examples/heap/simple/select_store.key 
91948      INFO  main            d.u.i.k.p.i.AbstractProblemLoader Loading environment from /home/runner/work/key/key/key.core/../key.ui/examples/heap/simple/select_store.key 
91948      DEBUG main            d.u.i.k.p.i.AbstractProblemLoader Environment load took 226.4ns 
91949      INFO  main            d.u.i.k.p.i.AbstractProblemLoader Creating init config 
94220      DEBUG main            d.u.i.k.p.i.AbstractProblemLoader Init config took 2.27s 
94233      INFO  main            d.u.i.k.p.i.AbstractProblemLoader Replaying proof select_store.key 
94234      DEBUG main            d.u.i.k.p.i.IntermediateProofReplayer Proof replay took 6.5ns 
94337      INFO  main            d.u.i.k.p.r.p.TestFile    ... finished proof: closed. 
94557      INFO  main            d.u.i.k.p.i.AbstractProblemLoader Loading environment from /home/runner/work/key/key/key.core/../key.ui/examples/heap/simple/select_store.key.proof 
94557      DEBUG main            d.u.i.k.p.i.AbstractProblemLoader Environment load took 134.8ns 
94558      INFO  main            d.u.i.k.p.i.AbstractProblemLoader Creating init config 
96764      DEBUG main            d.u.i.k.p.i.AbstractProblemLoader Init config took 2.21s 
96776      INFO  main            d.u.i.k.p.i.AbstractProblemLoader Replaying proof select_store.key.proof 
96780      DEBUG main            d.u.i.k.p.i.IntermediateProofReplayer Proof replay took 1.97ms 
96781      DEBUG main            d.u.i.k.p.r.p.TestFile    ... success: reloaded. 
96781      INFO  main            d.u.i.k.p.r.p.TestFile    Now processing file /home/runner/work/key/key/key.core/../key.ui/examples/heap/simple/selection_sort.key 
96781      INFO  main            d.u.i.k.p.i.AbstractProblemLoader Loading environment from /home/runner/work/key/key/key.core/../key.ui/examples/heap/simple/selection_sort.key 
96781      DEBUG main            d.u.i.k.p.i.AbstractProblemLoader Environment load took 50.9ns 
96782      INFO  main            d.u.i.k.p.i.AbstractProblemLoader Creating init config 
99285      DEBUG main            d.u.i.k.p.i.AbstractProblemLoader Init config took 2.5s 
99299      INFO  main            d.u.i.k.p.i.AbstractProblemLoader Replaying proof selection_sort.key 
99301      DEBUG main            d.u.i.k.p.i.IntermediateProofReplayer Proof replay took 6.2ns 
102735     INFO  main            d.u.i.k.p.r.p.TestFile    ... finished proof: closed. 
102983     INFO  main            d.u.i.k.p.i.AbstractProblemLoader Loading environment from /home/runner/work/key/key/key.core/../key.ui/examples/heap/simple/selection_sort.key.proof 
102984     DEBUG main            d.u.i.k.p.i.AbstractProblemLoader Environment load took 407.3ns 
102985     INFO  main            d.u.i.k.p.i.AbstractProblemLoader Creating init config 
105412     DEBUG main            d.u.i.k.p.i.AbstractProblemLoader Init config took 2.43s 
105425     INFO  main            d.u.i.k.p.i.AbstractProblemLoader Replaying proof selection_sort.key.proof 
106038     DEBUG main            d.u.i.k.p.i.IntermediateProofReplayer Proof replay took 592.22ms 
106040     DEBUG main            d.u.i.k.p.r.p.TestFile    ... success: reloaded. 
106041     INFO  main            d.u.i.k.p.r.p.TestFile    Now processing file /home/runner/work/key/key/key.core/../key.ui/examples/heap/simple/seq.key 
106042     INFO  main            d.u.i.k.p.i.AbstractProblemLoader Loading environment from /home/runner/work/key/key/key.core/../key.ui/examples/heap/simple/seq.key 
106042     DEBUG main            d.u.i.k.p.i.AbstractProblemLoader Environment load took 221.9ns 
106043     INFO  main            d.u.i.k.p.i.AbstractProblemLoader Creating init config 
108321     DEBUG main            d.u.i.k.p.i.AbstractProblemLoader Init config took 2.28s 
108334     INFO  main            d.u.i.k.p.i.AbstractProblemLoader Replaying proof seq.key 
108335     DEBUG main            d.u.i.k.p.i.IntermediateProofReplayer Proof replay took 5.7ns 
108741     INFO  main            d.u.i.k.p.r.p.TestFile    ... finished proof: closed. 
109010     INFO  main            d.u.i.k.p.i.AbstractProblemLoader Loading environment from /home/runner/work/key/key/key.core/../key.ui/examples/heap/simple/seq.key.proof 
109010     DEBUG main            d.u.i.k.p.i.AbstractProblemLoader Environment load took 97.5ns 
109012     INFO  main            d.u.i.k.p.i.AbstractProblemLoader Creating init config 
111203     DEBUG main            d.u.i.k.p.i.AbstractProblemLoader Init config took 2.19s 
111217     INFO  main            d.u.i.k.p.i.AbstractProblemLoader Replaying proof seq.key.proof 
111268     DEBUG main            d.u.i.k.p.i.IntermediateProofReplayer Proof replay took 47.36ms 
111270     DEBUG main            d.u.i.k.p.r.p.TestFile    ... success: reloaded. 
111270     INFO  main            d.u.i.k.p.r.p.TestFile    Now processing file /home/runner/work/key/key/key.core/../key.ui/examples/heap/simple/oldForParams.key 
111271     INFO  main            d.u.i.k.p.i.AbstractProblemLoader Loading environment from /home/runner/work/key/key/key.core/../key.ui/examples/heap/simple/oldForParams.key 
111271     DEBUG main            d.u.i.k.p.i.AbstractProblemLoader Environment load took 80.6ns 
111271     INFO  main            d.u.i.k.p.i.AbstractProblemLoader Creating init config 
113742     DEBUG main            d.u.i.k.p.i.AbstractProblemLoader Init config took 2.47s 
113800     INFO  main            d.u.i.k.p.i.AbstractProblemLoader Replaying proof OldForParameters[OldForParameters::method(int)].JML operation contract.0 
113802     DEBUG main            d.u.i.k.p.i.IntermediateProofReplayer Proof replay took 5.9ns 
114005     INFO  main            d.u.i.k.p.r.p.TestFile    ... finished proof: closed. 
114270     INFO  main            d.u.i.k.p.i.AbstractProblemLoader Loading environment from /home/runner/work/key/key/key.core/../key.ui/examples/heap/simple/oldForParams.key.proof 
114271     DEBUG main            d.u.i.k.p.i.AbstractProblemLoader Environment load took 99.3ns 
114272     INFO  main            d.u.i.k.p.i.AbstractProblemLoader Creating init config 
116692     DEBUG main            d.u.i.k.p.i.AbstractProblemLoader Init config took 2.42s 
116730     INFO  main            d.u.i.k.p.i.AbstractProblemLoader Replaying proof OldForParameters[OldForParameters::method(int)].JML operation contract.0 
116774     DEBUG main            d.u.i.k.p.i.IntermediateProofReplayer Proof replay took 42.15ms 
116775     DEBUG main            d.u.i.k.p.r.p.TestFile    ... success: reloaded. 
116776     INFO  main            d.u.i.k.p.r.p.TestFile    Now processing file /home/runner/work/key/key/key.core/../key.ui/examples/heap/simple/parse_lmtd.key 
116777     INFO  main            d.u.i.k.p.i.AbstractProblemLoader Loading environment from /home/runner/work/key/key/key.core/../key.ui/examples/heap/simple/parse_lmtd.key 
116777     DEBUG main            d.u.i.k.p.i.AbstractProblemLoader Environment load took 190.7ns 
116778     INFO  main            d.u.i.k.p.i.AbstractProblemLoader Creating init config 
119234     DEBUG main            d.u.i.k.p.i.AbstractProblemLoader Init config took 2.46s 
119272     INFO  main            d.u.i.k.p.i.AbstractProblemLoader Replaying proof ParseLmtd[ParseLmtd::simple(int)].JML normal_behavior operation contract.0 
119273     DEBUG main            d.u.i.k.p.i.IntermediateProofReplayer Proof replay took 5.7ns 
119389     INFO  main            d.u.i.k.p.r.p.TestFile    ... finished proof: closed. 
119605     INFO  main            d.u.i.k.p.i.AbstractProblemLoader Loading environment from /home/runner/work/key/key/key.core/../key.ui/examples/heap/simple/parse_lmtd.key.proof 
119605     DEBUG main            d.u.i.k.p.i.AbstractProblemLoader Environment load took 97.3ns 
119606     INFO  main            d.u.i.k.p.i.AbstractProblemLoader Creating init config 
122021     DEBUG main            d.u.i.k.p.i.AbstractProblemLoader Init config took 2.42s 
122073     INFO  main            d.u.i.k.p.i.AbstractProblemLoader Replaying proof ParseLmtd[ParseLmtd::simple(int)].JML normal_behavior operation contract.0 
122097     DEBUG main            d.u.i.k.p.i.IntermediateProofReplayer Proof replay took 21.37ms 
122098     DEBUG main            d.u.i.k.p.r.p.TestFile    ... success: reloaded. 
122099     INFO  main            d.u.i.k.p.r.p.TestFile    Now processing file /home/runner/work/key/key/key.core/../key.ui/examples/heap/strictly_pure/strictlyPureMethod.key 
122099     INFO  main            d.u.i.k.p.i.AbstractProblemLoader Loading environment from /home/runner/work/key/key/key.core/../key.ui/examples/heap/strictly_pure/strictlyPureMethod.key 
122100     DEBUG main            d.u.i.k.p.i.AbstractProblemLoader Environment load took 192ns 
122100     INFO  main            d.u.i.k.p.i.AbstractProblemLoader Creating init config 
124445     DEBUG main            d.u.i.k.p.i.AbstractProblemLoader Init config took 2.34s 
124480     INFO  main            d.u.i.k.p.i.AbstractProblemLoader Replaying proof StrictlyPure[StrictlyPure::strictlyPureMethod()].JML operation contract.0 
124482     DEBUG main            d.u.i.k.p.i.IntermediateProofReplayer Proof replay took 5.8ns 
124687     INFO  main            d.u.i.k.p.r.p.TestFile    ... finished proof: closed. 
124923     INFO  main            d.u.i.k.p.i.AbstractProblemLoader Loading environment from /home/runner/work/key/key/key.core/../key.ui/examples/heap/strictly_pure/strictlyPureMethod.key.proof 
124924     DEBUG main            d.u.i.k.p.i.AbstractProblemLoader Environment load took 99.5ns 
124924     INFO  main            d.u.i.k.p.i.AbstractProblemLoader Creating init config 
127194     DEBUG main            d.u.i.k.p.i.AbstractProblemLoader Init config took 2.27s 
127227     INFO  main            d.u.i.k.p.i.AbstractProblemLoader Replaying proof StrictlyPure[StrictlyPure::strictlyPureMethod()].JML operation contract.0 
127262     DEBUG main            d.u.i.k.p.i.IntermediateProofReplayer Proof replay took 33.02ms 
127263     DEBUG main            d.u.i.k.p.r.p.TestFile    ... success: reloaded. 
127264     INFO  main            d.u.i.k.p.r.p.TestFile    Now processing file /home/runner/work/key/key/key.core/../key.ui/examples/heap/strictly_pure/useStrictlyPureMethod.key 
127264     INFO  main            d.u.i.k.p.i.AbstractProblemLoader Loading environment from /home/runner/work/key/key/key.core/../key.ui/examples/heap/strictly_pure/useStrictlyPureMethod.key 
127264     DEBUG main            d.u.i.k.p.i.AbstractProblemLoader Environment load took 89.5ns 
127265     INFO  main            d.u.i.k.p.i.AbstractProblemLoader Creating init config 
129594     DEBUG main            d.u.i.k.p.i.AbstractProblemLoader Init config took 2.33s 
129628     INFO  main            d.u.i.k.p.i.AbstractProblemLoader Replaying proof StrictlyPure[StrictlyPure::useStrictlyPureMethod(StrictlyPureClass)].JML operation contract.0 
129630     DEBUG main            d.u.i.k.p.i.IntermediateProofReplayer Proof replay took 4.9ns 
129832     INFO  main            d.u.i.k.p.r.p.TestFile    ... finished proof: closed. 
130094     INFO  main            d.u.i.k.p.i.AbstractProblemLoader Loading environment from /home/runner/work/key/key/key.core/../key.ui/examples/heap/strictly_pure/useStrictlyPureMethod.key.proof 
130094     DEBUG main            d.u.i.k.p.i.AbstractProblemLoader Environment load took 94.2ns 
130096     INFO  main            d.u.i.k.p.i.AbstractProblemLoader Creating init config 
132364     DEBUG main            d.u.i.k.p.i.AbstractProblemLoader Init config took 2.27s 
132396     INFO  main            d.u.i.k.p.i.AbstractProblemLoader Replaying proof StrictlyPure[StrictlyPure::useStrictlyPureMethod(StrictlyPureClass)].JML operation contract.0 
132449     DEBUG main            d.u.i.k.p.i.IntermediateProofReplayer Proof replay took 50.53ms 
132450     DEBUG main            d.u.i.k.p.r.p.TestFile    ... success: reloaded. 
132451     INFO  main            d.u.i.k.p.r.p.TestFile    Now processing file /home/runner/work/key/key/key.core/../key.ui/examples/heap/Wellfounded/ackermann.key 
132451     INFO  main            d.u.i.k.p.i.AbstractProblemLoader Loading environment from /home/runner/work/key/key/key.core/../key.ui/examples/heap/Wellfounded/ackermann.key 
132451     DEBUG main            d.u.i.k.p.i.AbstractProblemLoader Environment load took 85.5ns 
132452     INFO  main            d.u.i.k.p.i.AbstractProblemLoader Creating init config 
134833     DEBUG main            d.u.i.k.p.i.AbstractProblemLoader Init config took 2.38s 
134866     INFO  main            d.u.i.k.p.i.AbstractProblemLoader Replaying proof Ackermann[Ackermann::a(int,int)].JML normal_behavior operation contract.0 
134868     DEBUG main            d.u.i.k.p.i.IntermediateProofReplayer Proof replay took 6.3ns 
135171     INFO  main            d.u.i.k.p.r.p.TestFile    ... finished proof: closed. 
135505     INFO  main            d.u.i.k.p.i.AbstractProblemLoader Loading environment from /home/runner/work/key/key/key.core/../key.ui/examples/heap/Wellfounded/ackermann.key.proof 
135505     DEBUG main            d.u.i.k.p.i.AbstractProblemLoader Environment load took 96.4ns 
135506     INFO  main            d.u.i.k.p.i.AbstractProblemLoader Creating init config 
137806     DEBUG main            d.u.i.k.p.i.AbstractProblemLoader Init config took 2.3s 
137838     INFO  main            d.u.i.k.p.i.AbstractProblemLoader Replaying proof Ackermann[Ackermann::a(int,int)].JML normal_behavior operation contract.0 
137895     DEBUG main            d.u.i.k.p.i.IntermediateProofReplayer Proof replay took 54.39ms 
137896     DEBUG main            d.u.i.k.p.r.p.TestFile    ... success: reloaded. 
137897     INFO  main            d.u.i.k.p.r.p.TestFile    Now processing file /home/runner/work/key/key/key.core/../key.ui/examples/standard_key/unicode_test.key 
137897     INFO  main            d.u.i.k.p.i.AbstractProblemLoader Loading environment from /home/runner/work/key/key/key.core/../key.ui/examples/standard_key/unicode_test.key 
137898     DEBUG main            d.u.i.k.p.i.AbstractProblemLoader Environment load took 180.1ns 
137899     INFO  main            d.u.i.k.p.i.AbstractProblemLoader Creating init config 
140131     DEBUG main            d.u.i.k.p.i.AbstractProblemLoader Init config took 2.23s 
140143     INFO  main            d.u.i.k.p.i.AbstractProblemLoader Replaying proof unicode_test.key 
140144     DEBUG main            d.u.i.k.p.i.IntermediateProofReplayer Proof replay took 5.3ns 
140252     INFO  main            d.u.i.k.p.r.p.TestFile    ... finished proof: closed. 
140493     INFO  main            d.u.i.k.p.i.AbstractProblemLoader Loading environment from /home/runner/work/key/key/key.core/../key.ui/examples/standard_key/unicode_test.key.proof 
140493     DEBUG main            d.u.i.k.p.i.AbstractProblemLoader Environment load took 90.9ns 
140494     INFO  main            d.u.i.k.p.i.AbstractProblemLoader Creating init config 
142677     DEBUG main            d.u.i.k.p.i.AbstractProblemLoader Init config took 2.18s 
142689     INFO  main            d.u.i.k.p.i.AbstractProblemLoader Replaying proof unicode_test.key.proof 
142691     DEBUG main            d.u.i.k.p.i.IntermediateProofReplayer Proof replay took 316.6ns 
142691     DEBUG main            d.u.i.k.p.r.p.TestFile    ... success: reloaded. 
142692     INFO  main            d.u.i.k.p.r.p.TestFile    Now processing file /home/runner/work/key/key/key.core/../key.ui/examples/heap/strictlyModular/mayExpand.key 
142692     INFO  main            d.u.i.k.p.i.AbstractProblemLoader Loading environment from /home/runner/work/key/key/key.core/../key.ui/examples/heap/strictlyModular/mayExpand.key 
142692     DEBUG main            d.u.i.k.p.i.AbstractProblemLoader Environment load took 174.9ns 
142693     INFO  main            d.u.i.k.p.i.AbstractProblemLoader Creating init config 
144997     DEBUG main            d.u.i.k.p.i.AbstractProblemLoader Init config took 2.3s 
145030     INFO  main            d.u.i.k.p.i.AbstractProblemLoader Replaying proof Modular[Modular::m()].JML operation contract.0 
145031     DEBUG main            d.u.i.k.p.i.IntermediateProofReplayer Proof replay took 5.7ns 
145136     INFO  main            d.u.i.k.p.r.p.TestFile    ... finished proof: closed. 
145384     INFO  main            d.u.i.k.p.i.AbstractProblemLoader Loading environment from /home/runner/work/key/key/key.core/../key.ui/examples/heap/strictlyModular/mayExpand.key.proof 
145384     DEBUG main            d.u.i.k.p.i.AbstractProblemLoader Environment load took 84.8ns 
145386     INFO  main            d.u.i.k.p.i.AbstractProblemLoader Creating init config 
147644     DEBUG main            d.u.i.k.p.i.AbstractProblemLoader Init config took 2.26s 
147677     INFO  main            d.u.i.k.p.i.AbstractProblemLoader Replaying proof Modular[Modular::m()].JML operation contract.0 
147692     DEBUG main            d.u.i.k.p.i.IntermediateProofReplayer Proof replay took 13.27ms 
147693     DEBUG main            d.u.i.k.p.r.p.TestFile    ... success: reloaded. 
147694     INFO  main            d.u.i.k.p.r.p.TestFile    Now processing file /home/runner/work/key/key/key.core/../key.ui/examples/heap/strictlyModular/modularOnly.key 
147695     INFO  main            d.u.i.k.p.i.AbstractProblemLoader Loading environment from /home/runner/work/key/key/key.core/../key.ui/examples/heap/strictlyModular/modularOnly.key 
147695     DEBUG main            d.u.i.k.p.i.AbstractProblemLoader Environment load took 190.9ns 
147696     INFO  main            d.u.i.k.p.i.AbstractProblemLoader Creating init config 
149999     DEBUG main            d.u.i.k.p.i.AbstractProblemLoader Init config took 2.3s 
150032     INFO  main            d.u.i.k.p.i.AbstractProblemLoader Replaying proof Modular[Modular::m()].JML operation contract.0 
150033     DEBUG main            d.u.i.k.p.i.IntermediateProofReplayer Proof replay took 5.1ns 
150138     INFO  main            d.u.i.k.p.r.p.TestFile    ... finished proof: open goal(s) 
1809709    INFO  Test worker     d.u.i.k.p.r.RunAllProofsTestUnit Returning from test simpleTests 
1809710    INFO  Test worker     d.u.i.k.p.r.RunAllProofsTestUnit Running test SmansEtAl 
369        INFO  Timeout watchdog d.u.i.k.p.r.p.ForkedTestFileRunner Timeout watcher launched (2000 secs.) 
381        WARN  main            d.u.i.k.s.ProofSettings   The settings in /home/runner/.key/proof-settings.props are *not* read. 
414        INFO  main            d.u.i.k.p.r.p.TestFile    Now processing file /home/runner/work/key/key/key.core/../key.ui/examples/heap/SmansEtAl/ArrayList_add.key 
513        INFO  main            d.u.i.k.p.i.AbstractProblemLoader Loading environment from /home/runner/work/key/key/key.core/../key.ui/examples/heap/SmansEtAl/ArrayList_add.key 
529        DEBUG main            d.u.i.k.p.i.AbstractProblemLoader Environment load took 1.75ms 
753        INFO  main            d.u.i.k.p.i.AbstractProblemLoader Creating init config 
1634       DEBUG main            d.u.i.k.j.TypeConverter   No LDT found for Meta 
1636       DEBUG main            d.u.i.k.j.TypeConverter   No LDT found for Meta 
1641       DEBUG main            d.u.i.k.j.TypeConverter   No LDT found for Meta 
1641       DEBUG main            d.u.i.k.j.TypeConverter   No LDT found for Meta 
2862       DEBUG main            d.u.i.k.j.TypeConverter   No LDT found for JavaBigintExpression 
7957       DEBUG main            d.u.i.k.p.i.AbstractProblemLoader Init config took 7.2s 
8083       INFO  main            d.u.i.k.p.i.AbstractProblemLoader Replaying proof ArrayList[ArrayList::add(java.lang.Object)].JML normal_behavior operation contract.0 
8113       DEBUG main            d.u.i.k.p.i.IntermediateProofReplayer Proof replay took 29.3ns 
14979      INFO  main            d.u.i.k.p.r.p.TestFile    ... finished proof: closed. 
15167      INFO  main            d.u.i.k.p.i.AbstractProblemLoader Loading environment from /home/runner/work/key/key/key.core/../key.ui/examples/heap/SmansEtAl/ArrayList_add.key.proof 
15171      DEBUG main            d.u.i.k.p.i.AbstractProblemLoader Environment load took 4.34ms 
15177      INFO  main            d.u.i.k.p.i.AbstractProblemLoader Creating init config 
18096      DEBUG main            d.u.i.k.p.i.AbstractProblemLoader Init config took 2.92s 
18176      INFO  main            d.u.i.k.p.i.AbstractProblemLoader Replaying proof ArrayList[ArrayList::add(java.lang.Object)].JML normal_behavior operation contract.0 
19243      DEBUG main            d.u.i.k.p.i.IntermediateProofReplayer Proof replay took 1.03s 
19252      DEBUG main            d.u.i.k.p.r.p.TestFile    ... success: reloaded. 
19254      INFO  main            d.u.i.k.p.r.p.TestFile    Now processing file /home/runner/work/key/key/key.core/../key.ui/examples/heap/SmansEtAl/ArrayList_ArrayList.key 
19254      INFO  main            d.u.i.k.p.i.AbstractProblemLoader Loading environment from /home/runner/work/key/key/key.core/../key.ui/examples/heap/SmansEtAl/ArrayList_ArrayList.key 
19254      DEBUG main            d.u.i.k.p.i.AbstractProblemLoader Environment load took 216.9ns 
19256      INFO  main            d.u.i.k.p.i.AbstractProblemLoader Creating init config 
22136      DEBUG main            d.u.i.k.p.i.AbstractProblemLoader Init config took 2.88s 
22191      INFO  main            d.u.i.k.p.i.AbstractProblemLoader Replaying proof ArrayList[ArrayList::ArrayList()].JML normal_behavior operation contract.0 
22194      DEBUG main            d.u.i.k.p.i.IntermediateProofReplayer Proof replay took 5.4ns 
23099      INFO  main            d.u.i.k.p.r.p.TestFile    ... finished proof: closed. 
23244      INFO  main            d.u.i.k.p.i.AbstractProblemLoader Loading environment from /home/runner/work/key/key/key.core/../key.ui/examples/heap/SmansEtAl/ArrayList_ArrayList.key.proof 
23245      DEBUG main            d.u.i.k.p.i.AbstractProblemLoader Environment load took 1.26ms 
23248      INFO  main            d.u.i.k.p.i.AbstractProblemLoader Creating init config 
26032      DEBUG main            d.u.i.k.p.i.AbstractProblemLoader Init config took 2.78s 
26081      INFO  main            d.u.i.k.p.i.AbstractProblemLoader Replaying proof ArrayList[ArrayList::ArrayList()].JML normal_behavior operation contract.0 
26225      DEBUG main            d.u.i.k.p.i.IntermediateProofReplayer Proof replay took 136.45ms 
26227      DEBUG main            d.u.i.k.p.r.p.TestFile    ... success: reloaded. 
26228      INFO  main            d.u.i.k.p.r.p.TestFile    Now processing file /home/runner/work/key/key/key.core/../key.ui/examples/heap/SmansEtAl/ArrayList_footprint.key 
26229      INFO  main            d.u.i.k.p.i.AbstractProblemLoader Loading environment from /home/runner/work/key/key/key.core/../key.ui/examples/heap/SmansEtAl/ArrayList_footprint.key 
26229      DEBUG main            d.u.i.k.p.i.AbstractProblemLoader Environment load took 240.5ns 
26230      INFO  main            d.u.i.k.p.i.AbstractProblemLoader Creating init config 
29008      DEBUG main            d.u.i.k.p.i.AbstractProblemLoader Init config took 2.78s 
29054      INFO  main            d.u.i.k.p.i.AbstractProblemLoader Replaying proof ArrayList[ArrayList::$footprint()].JML accessible clause.0 
29057      DEBUG main            d.u.i.k.p.i.IntermediateProofReplayer Proof replay took 5.2ns 
29158      INFO  main            d.u.i.k.p.r.p.TestFile    ... finished proof: closed. 
29297      INFO  main            d.u.i.k.p.i.AbstractProblemLoader Loading environment from /home/runner/work/key/key/key.core/../key.ui/examples/heap/SmansEtAl/ArrayList_footprint.key.proof 
29298      DEBUG main            d.u.i.k.p.i.AbstractProblemLoader Environment load took 111.7ns 
29299      INFO  main            d.u.i.k.p.i.AbstractProblemLoader Creating init config 
31980      DEBUG main            d.u.i.k.p.i.AbstractProblemLoader Init config took 2.68s 
32023      INFO  main            d.u.i.k.p.i.AbstractProblemLoader Replaying proof ArrayList[ArrayList::$footprint()].JML accessible clause.0 
32035      DEBUG main            d.u.i.k.p.i.IntermediateProofReplayer Proof replay took 9.02ms 
32036      DEBUG main            d.u.i.k.p.r.p.TestFile    ... success: reloaded. 
32037      INFO  main            d.u.i.k.p.r.p.TestFile    Now processing file /home/runner/work/key/key/key.core/../key.ui/examples/heap/SmansEtAl/ArrayList_get_dep.key 
32038      INFO  main            d.u.i.k.p.i.AbstractProblemLoader Loading environment from /home/runner/work/key/key/key.core/../key.ui/examples/heap/SmansEtAl/ArrayList_get_dep.key 
32038      DEBUG main            d.u.i.k.p.i.AbstractProblemLoader Environment load took 248ns 
32039      INFO  main            d.u.i.k.p.i.AbstractProblemLoader Creating init config 
34728      DEBUG main            d.u.i.k.p.i.AbstractProblemLoader Init config took 2.69s 
34770      INFO  main            d.u.i.k.p.i.AbstractProblemLoader Replaying proof ArrayList[ArrayList::get(int)].JML accessible clause.0 
34772      DEBUG main            d.u.i.k.p.i.IntermediateProofReplayer Proof replay took 7.1ns 
35075      INFO  main            d.u.i.k.p.r.p.TestFile    ... finished proof: closed. 
35272      INFO  main            d.u.i.k.p.i.AbstractProblemLoader Loading environment from /home/runner/work/key/key/key.core/../key.ui/examples/heap/SmansEtAl/ArrayList_get_dep.key.proof 
35272      DEBUG main            d.u.i.k.p.i.AbstractProblemLoader Environment load took 111.8ns 
35273      INFO  main            d.u.i.k.p.i.AbstractProblemLoader Creating init config 
37969      DEBUG main            d.u.i.k.p.i.AbstractProblemLoader Init config took 2.7s 
38012      INFO  main            d.u.i.k.p.i.AbstractProblemLoader Replaying proof ArrayList[ArrayList::get(int)].JML accessible clause.0 
38080      DEBUG main            d.u.i.k.p.i.IntermediateProofReplayer Proof replay took 65ms 
38081      DEBUG main            d.u.i.k.p.r.p.TestFile    ... success: reloaded. 
38082      INFO  main            d.u.i.k.p.r.p.TestFile    Now processing file /home/runner/work/key/key/key.core/../key.ui/examples/heap/SmansEtAl/ArrayList_get.key 
38082      INFO  main            d.u.i.k.p.i.AbstractProblemLoader Loading environment from /home/runner/work/key/key/key.core/../key.ui/examples/heap/SmansEtAl/ArrayList_get.key 
38083      DEBUG main            d.u.i.k.p.i.AbstractProblemLoader Environment load took 108.4ns 
38083      INFO  main            d.u.i.k.p.i.AbstractProblemLoader Creating init config 
40780      DEBUG main            d.u.i.k.p.i.AbstractProblemLoader Init config took 2.7s 
40823      INFO  main            d.u.i.k.p.i.AbstractProblemLoader Replaying proof ArrayList[ArrayList::get(int)].JML normal_behavior operation contract.0 
40825      DEBUG main            d.u.i.k.p.i.IntermediateProofReplayer Proof replay took 5.4ns 
41030      INFO  main            d.u.i.k.p.r.p.TestFile    ... finished proof: closed. 
41194      INFO  main            d.u.i.k.p.i.AbstractProblemLoader Loading environment from /home/runner/work/key/key/key.core/../key.ui/examples/heap/SmansEtAl/ArrayList_get.key.proof 
41194      DEBUG main            d.u.i.k.p.i.AbstractProblemLoader Environment load took 119.6ns 
41195      INFO  main            d.u.i.k.p.i.AbstractProblemLoader Creating init config 
43821      DEBUG main            d.u.i.k.p.i.AbstractProblemLoader Init config took 2.63s 
43879      INFO  main            d.u.i.k.p.i.AbstractProblemLoader Replaying proof ArrayList[ArrayList::get(int)].JML normal_behavior operation contract.0 
43911      DEBUG main            d.u.i.k.p.i.IntermediateProofReplayer Proof replay took 29.05ms 
43912      DEBUG main            d.u.i.k.p.r.p.TestFile    ... success: reloaded. 
43913      INFO  main            d.u.i.k.p.r.p.TestFile    Now processing file /home/runner/work/key/key/key.core/../key.ui/examples/heap/SmansEtAl/ArrayList_inv.key 
43913      INFO  main            d.u.i.k.p.i.AbstractProblemLoader Loading environment from /home/runner/work/key/key/key.core/../key.ui/examples/heap/SmansEtAl/ArrayList_inv.key 
43914      DEBUG main            d.u.i.k.p.i.AbstractProblemLoader Environment load took 504.5ns 
43915      INFO  main            d.u.i.k.p.i.AbstractProblemLoader Creating init config 
46617      DEBUG main            d.u.i.k.p.i.AbstractProblemLoader Init config took 2.7s 
46661      INFO  main            d.u.i.k.p.i.AbstractProblemLoader Replaying proof ArrayList[java.lang.Object::<inv>()].JML accessible clause.0 
46662      DEBUG main            d.u.i.k.p.i.IntermediateProofReplayer Proof replay took 6ns 
46767      INFO  main            d.u.i.k.p.r.p.TestFile    ... finished proof: closed. 
46921      INFO  main            d.u.i.k.p.i.AbstractProblemLoader Loading environment from /home/runner/work/key/key/key.core/../key.ui/examples/heap/SmansEtAl/ArrayList_inv.key.proof 
46921      DEBUG main            d.u.i.k.p.i.AbstractProblemLoader Environment load took 110.9ns 
46922      INFO  main            d.u.i.k.p.i.AbstractProblemLoader Creating init config 
49550      DEBUG main            d.u.i.k.p.i.AbstractProblemLoader Init config took 2.63s 
49590      INFO  main            d.u.i.k.p.i.AbstractProblemLoader Replaying proof ArrayList[java.lang.Object::<inv>()].JML accessible clause.0 
49602      DEBUG main            d.u.i.k.p.i.IntermediateProofReplayer Proof replay took 9.37ms 
49603      DEBUG main            d.u.i.k.p.r.p.TestFile    ... success: reloaded. 
49604      INFO  main            d.u.i.k.p.r.p.TestFile    Now processing file /home/runner/work/key/key/key.core/../key.ui/examples/heap/SmansEtAl/ArrayList_size_dep.key 
49604      INFO  main            d.u.i.k.p.i.AbstractProblemLoader Loading environment from /home/runner/work/key/key/key.core/../key.ui/examples/heap/SmansEtAl/ArrayList_size_dep.key 
49604      DEBUG main            d.u.i.k.p.i.AbstractProblemLoader Environment load took 89.4ns 
49613      INFO  main            d.u.i.k.p.i.AbstractProblemLoader Creating init config 
52231      DEBUG main            d.u.i.k.p.i.AbstractProblemLoader Init config took 2.62s 
52270      INFO  main            d.u.i.k.p.i.AbstractProblemLoader Replaying proof ArrayList[ArrayList::size()].JML accessible clause.0 
52271      DEBUG main            d.u.i.k.p.i.IntermediateProofReplayer Proof replay took 5.6ns 
52373      INFO  main            d.u.i.k.p.r.p.TestFile    ... finished proof: closed. 
52574      INFO  main            d.u.i.k.p.i.AbstractProblemLoader Loading environment from /home/runner/work/key/key/key.core/../key.ui/examples/heap/SmansEtAl/ArrayList_size_dep.key.proof 
52574      DEBUG main            d.u.i.k.p.i.AbstractProblemLoader Environment load took 110ns 
52575      INFO  main            d.u.i.k.p.i.AbstractProblemLoader Creating init config 
55169      DEBUG main            d.u.i.k.p.i.AbstractProblemLoader Init config took 2.59s 
55207      INFO  main            d.u.i.k.p.i.AbstractProblemLoader Replaying proof ArrayList[ArrayList::size()].JML accessible clause.0 
55223      DEBUG main            d.u.i.k.p.i.IntermediateProofReplayer Proof replay took 13.92ms 
55224      DEBUG main            d.u.i.k.p.r.p.TestFile    ... success: reloaded. 
55225      INFO  main            d.u.i.k.p.r.p.TestFile    Now processing file /home/runner/work/key/key/key.core/../key.ui/examples/heap/SmansEtAl/ArrayList_size.key 
55225      INFO  main            d.u.i.k.p.i.AbstractProblemLoader Loading environment from /home/runner/work/key/key/key.core/../key.ui/examples/heap/SmansEtAl/ArrayList_size.key 
55225      DEBUG main            d.u.i.k.p.i.AbstractProblemLoader Environment load took 72.8ns 
55226      INFO  main            d.u.i.k.p.i.AbstractProblemLoader Creating init config 
57923      DEBUG main            d.u.i.k.p.i.AbstractProblemLoader Init config took 2.7s 
57961      INFO  main            d.u.i.k.p.i.AbstractProblemLoader Replaying proof ArrayList[ArrayList::size()].JML normal_behavior operation contract.0 
57963      DEBUG main            d.u.i.k.p.i.IntermediateProofReplayer Proof replay took 5.9ns 
58073      INFO  main            d.u.i.k.p.r.p.TestFile    ... finished proof: closed. 
58300      INFO  main            d.u.i.k.p.i.AbstractProblemLoader Loading environment from /home/runner/work/key/key/key.core/../key.ui/examples/heap/SmansEtAl/ArrayList_size.key.proof 
58300      DEBUG main            d.u.i.k.p.i.AbstractProblemLoader Environment load took 108.1ns 
58301      INFO  main            d.u.i.k.p.i.AbstractProblemLoader Creating init config 
60907      DEBUG main            d.u.i.k.p.i.AbstractProblemLoader Init config took 2.61s 
60945      INFO  main            d.u.i.k.p.i.AbstractProblemLoader Replaying proof ArrayList[ArrayList::size()].JML normal_behavior operation contract.0 
60960      DEBUG main            d.u.i.k.p.i.IntermediateProofReplayer Proof replay took 13.64ms 
60961      DEBUG main            d.u.i.k.p.r.p.TestFile    ... success: reloaded. 
60962      INFO  main            d.u.i.k.p.r.p.TestFile    Now processing file /home/runner/work/key/key/key.core/../key.ui/examples/heap/SmansEtAl/Cell_Cell.key 
60962      INFO  main            d.u.i.k.p.i.AbstractProblemLoader Loading environment from /home/runner/work/key/key/key.core/../key.ui/examples/heap/SmansEtAl/Cell_Cell.key 
60962      DEBUG main            d.u.i.k.p.i.AbstractProblemLoader Environment load took 74.8ns 
60963      INFO  main            d.u.i.k.p.i.AbstractProblemLoader Creating init config 
63629      DEBUG main            d.u.i.k.p.i.AbstractProblemLoader Init config took 2.67s 
63664      INFO  main            d.u.i.k.p.i.AbstractProblemLoader Replaying proof Cell[Cell::Cell()].JML normal_behavior operation contract.0 
63665      DEBUG main            d.u.i.k.p.i.IntermediateProofReplayer Proof replay took 19.5ns 
63870      INFO  main            d.u.i.k.p.r.p.TestFile    ... finished proof: closed. 
64097      INFO  main            d.u.i.k.p.i.AbstractProblemLoader Loading environment from /home/runner/work/key/key/key.core/../key.ui/examples/heap/SmansEtAl/Cell_Cell.key.proof 
64097      DEBUG main            d.u.i.k.p.i.AbstractProblemLoader Environment load took 107.9ns 
64099      INFO  main            d.u.i.k.p.i.AbstractProblemLoader Creating init config 
66737      DEBUG main            d.u.i.k.p.i.AbstractProblemLoader Init config took 2.64s 
66773      INFO  main            d.u.i.k.p.i.AbstractProblemLoader Replaying proof Cell[Cell::Cell()].JML normal_behavior operation contract.0 
66812      DEBUG main            d.u.i.k.p.i.IntermediateProofReplayer Proof replay took 36.27ms 
66812      DEBUG main            d.u.i.k.p.r.p.TestFile    ... success: reloaded. 
66814      INFO  main            d.u.i.k.p.r.p.TestFile    Now processing file /home/runner/work/key/key/key.core/../key.ui/examples/heap/SmansEtAl/Cell_footprint.key 
66814      INFO  main            d.u.i.k.p.i.AbstractProblemLoader Loading environment from /home/runner/work/key/key/key.core/../key.ui/examples/heap/SmansEtAl/Cell_footprint.key 
66814      DEBUG main            d.u.i.k.p.i.AbstractProblemLoader Environment load took 216.2ns 
66815      INFO  main            d.u.i.k.p.i.AbstractProblemLoader Creating init config 
69406      DEBUG main            d.u.i.k.p.i.AbstractProblemLoader Init config took 2.59s 
69441      INFO  main            d.u.i.k.p.i.AbstractProblemLoader Replaying proof Cell[Cell::$footprint()].JML accessible clause.0 
69442      DEBUG main            d.u.i.k.p.i.IntermediateProofReplayer Proof replay took 5.6ns 
69545      INFO  main            d.u.i.k.p.r.p.TestFile    ... finished proof: closed. 
69720      INFO  main            d.u.i.k.p.i.AbstractProblemLoader Loading environment from /home/runner/work/key/key/key.core/../key.ui/examples/heap/SmansEtAl/Cell_footprint.key.proof 
69720      DEBUG main            d.u.i.k.p.i.AbstractProblemLoader Environment load took 111.8ns 
69721      INFO  main            d.u.i.k.p.i.AbstractProblemLoader Creating init config 
72354      DEBUG main            d.u.i.k.p.i.AbstractProblemLoader Init config took 2.63s 
72389      INFO  main            d.u.i.k.p.i.AbstractProblemLoader Replaying proof Cell[Cell::$footprint()].JML accessible clause.0 
72394      DEBUG main            d.u.i.k.p.i.IntermediateProofReplayer Proof replay took 3.37ms 
72395      DEBUG main            d.u.i.k.p.r.p.TestFile    ... success: reloaded. 
72396      INFO  main            d.u.i.k.p.r.p.TestFile    Now processing file /home/runner/work/key/key/key.core/../key.ui/examples/heap/SmansEtAl/Cell_getX_dep.key 
72396      INFO  main            d.u.i.k.p.i.AbstractProblemLoader Loading environment from /home/runner/work/key/key/key.core/../key.ui/examples/heap/SmansEtAl/Cell_getX_dep.key 
72396      DEBUG main            d.u.i.k.p.i.AbstractProblemLoader Environment load took 97.4ns 
72397      INFO  main            d.u.i.k.p.i.AbstractProblemLoader Creating init config 
75076      DEBUG main            d.u.i.k.p.i.AbstractProblemLoader Init config took 2.68s 
75111      INFO  main            d.u.i.k.p.i.AbstractProblemLoader Replaying proof Cell[Cell::getX()].JML accessible clause.0 
75113      DEBUG main            d.u.i.k.p.i.IntermediateProofReplayer Proof replay took 6.9ns 
75217      INFO  main            d.u.i.k.p.r.p.TestFile    ... finished proof: closed. 
75417      INFO  main            d.u.i.k.p.i.AbstractProblemLoader Loading environment from /home/runner/work/key/key/key.core/../key.ui/examples/heap/SmansEtAl/Cell_getX_dep.key.proof 
75418      DEBUG main            d.u.i.k.p.i.AbstractProblemLoader Environment load took 117.5ns 
75419      INFO  main            d.u.i.k.p.i.AbstractProblemLoader Creating init config 
77987      DEBUG main            d.u.i.k.p.i.AbstractProblemLoader Init config took 2.57s 
78021      INFO  main            d.u.i.k.p.i.AbstractProblemLoader Replaying proof Cell[Cell::getX()].JML accessible clause.0 
78034      DEBUG main            d.u.i.k.p.i.IntermediateProofReplayer Proof replay took 11.23ms 
78035      DEBUG main            d.u.i.k.p.r.p.TestFile    ... success: reloaded. 
78036      INFO  main            d.u.i.k.p.r.p.TestFile    Now processing file /home/runner/work/key/key/key.core/../key.ui/examples/heap/SmansEtAl/Cell_getX.key 
78037      INFO  main            d.u.i.k.p.i.AbstractProblemLoader Loading environment from /home/runner/work/key/key/key.core/../key.ui/examples/heap/SmansEtAl/Cell_getX.key 
78037      DEBUG main            d.u.i.k.p.i.AbstractProblemLoader Environment load took 119.5ns 
78037      INFO  main            d.u.i.k.p.i.AbstractProblemLoader Creating init config 
80680      DEBUG main            d.u.i.k.p.i.AbstractProblemLoader Init config took 2.64s 
80714      INFO  main            d.u.i.k.p.i.AbstractProblemLoader Replaying proof Cell[Cell::getX()].JML normal_behavior operation contract.0 
80729      DEBUG main            d.u.i.k.p.i.IntermediateProofReplayer Proof replay took 7.1ns 
80831      INFO  main            d.u.i.k.p.r.p.TestFile    ... finished proof: closed. 
81004      INFO  main            d.u.i.k.p.i.AbstractProblemLoader Loading environment from /home/runner/work/key/key/key.core/../key.ui/examples/heap/SmansEtAl/Cell_getX.key.proof 
81004      DEBUG main            d.u.i.k.p.i.AbstractProblemLoader Environment load took 114.9ns 
81005      INFO  main            d.u.i.k.p.i.AbstractProblemLoader Creating init config 
83647      DEBUG main            d.u.i.k.p.i.AbstractProblemLoader Init config took 2.64s 
83684      INFO  main            d.u.i.k.p.i.AbstractProblemLoader Replaying proof Cell[Cell::getX()].JML normal_behavior operation contract.0 
83698      DEBUG main            d.u.i.k.p.i.IntermediateProofReplayer Proof replay took 11.56ms 
83698      DEBUG main            d.u.i.k.p.r.p.TestFile    ... success: reloaded. 
83699      INFO  main            d.u.i.k.p.r.p.TestFile    Now processing file /home/runner/work/key/key/key.core/../key.ui/examples/heap/SmansEtAl/Cell_inv.key 
83700      INFO  main            d.u.i.k.p.i.AbstractProblemLoader Loading environment from /home/runner/work/key/key/key.core/../key.ui/examples/heap/SmansEtAl/Cell_inv.key 
83700      DEBUG main            d.u.i.k.p.i.AbstractProblemLoader Environment load took 88.7ns 
83700      INFO  main            d.u.i.k.p.i.AbstractProblemLoader Creating init config 
86319      DEBUG main            d.u.i.k.p.i.AbstractProblemLoader Init config took 2.62s 
86351      INFO  main            d.u.i.k.p.i.AbstractProblemLoader Replaying proof Cell[java.lang.Object::<inv>()].JML accessible clause.0 
86353      DEBUG main            d.u.i.k.p.i.IntermediateProofReplayer Proof replay took 6.1ns 
86454      INFO  main            d.u.i.k.p.r.p.TestFile    ... finished proof: closed. 
86653      INFO  main            d.u.i.k.p.i.AbstractProblemLoader Loading environment from /home/runner/work/key/key/key.core/../key.ui/examples/heap/SmansEtAl/Cell_inv.key.proof 
86653      DEBUG main            d.u.i.k.p.i.AbstractProblemLoader Environment load took 101.6ns 
86654      INFO  main            d.u.i.k.p.i.AbstractProblemLoader Creating init config 
89271      DEBUG main            d.u.i.k.p.i.AbstractProblemLoader Init config took 2.62s 
89304      INFO  main            d.u.i.k.p.i.AbstractProblemLoader Replaying proof Cell[java.lang.Object::<inv>()].JML accessible clause.0 
89307      DEBUG main            d.u.i.k.p.i.IntermediateProofReplayer Proof replay took 1.53ms 
89308      DEBUG main            d.u.i.k.p.r.p.TestFile    ... success: reloaded. 
89309      INFO  main            d.u.i.k.p.r.p.TestFile    Now processing file /home/runner/work/key/key/key.core/../key.ui/examples/heap/SmansEtAl/Cell_setX.key 
89309      INFO  main            d.u.i.k.p.i.AbstractProblemLoader Loading environment from /home/runner/work/key/key/key.core/../key.ui/examples/heap/SmansEtAl/Cell_setX.key 
89309      DEBUG main            d.u.i.k.p.i.AbstractProblemLoader Environment load took 206.7ns 
89310      INFO  main            d.u.i.k.p.i.AbstractProblemLoader Creating init config 
91879      DEBUG main            d.u.i.k.p.i.AbstractProblemLoader Init config took 2.57s 
91912      INFO  main            d.u.i.k.p.i.AbstractProblemLoader Replaying proof Cell[Cell::setX(int)].JML normal_behavior operation contract.0 
91913      DEBUG main            d.u.i.k.p.i.IntermediateProofReplayer Proof replay took 6.2ns 
92015      INFO  main            d.u.i.k.p.r.p.TestFile    ... finished proof: closed. 
92218      INFO  main            d.u.i.k.p.i.AbstractProblemLoader Loading environment from /home/runner/work/key/key/key.core/../key.ui/examples/heap/SmansEtAl/Cell_setX.key.proof 
92219      DEBUG main            d.u.i.k.p.i.AbstractProblemLoader Environment load took 106ns 
92219      INFO  main            d.u.i.k.p.i.AbstractProblemLoader Creating init config 
94780      DEBUG main            d.u.i.k.p.i.AbstractProblemLoader Init config took 2.56s 
94823      INFO  main            d.u.i.k.p.i.AbstractProblemLoader Replaying proof Cell[Cell::setX(int)].JML normal_behavior operation contract.0 
94844      DEBUG main            d.u.i.k.p.i.IntermediateProofReplayer Proof replay took 18.88ms 
94845      DEBUG main            d.u.i.k.p.r.p.TestFile    ... success: reloaded. 
94846      INFO  main            d.u.i.k.p.r.p.TestFile    Now processing file /home/runner/work/key/key/key.core/../key.ui/examples/heap/SmansEtAl/CellClient_m.key 
94846      INFO  main            d.u.i.k.p.i.AbstractProblemLoader Loading environment from /home/runner/work/key/key/key.core/../key.ui/examples/heap/SmansEtAl/CellClient_m.key 
94846      DEBUG main            d.u.i.k.p.i.AbstractProblemLoader Environment load took 186.3ns 
94847      INFO  main            d.u.i.k.p.i.AbstractProblemLoader Creating init config 
97472      DEBUG main            d.u.i.k.p.i.AbstractProblemLoader Init config took 2.62s 
97504      INFO  main            d.u.i.k.p.i.AbstractProblemLoader Replaying proof CellClient[CellClient::m()].JML operation contract.0 
97505      DEBUG main            d.u.i.k.p.i.IntermediateProofReplayer Proof replay took 6.1ns 
98011      INFO  main            d.u.i.k.p.r.p.TestFile    ... finished proof: closed. 
98237      INFO  main            d.u.i.k.p.i.AbstractProblemLoader Loading environment from /home/runner/work/key/key/key.core/../key.ui/examples/heap/SmansEtAl/CellClient_m.key.proof 
98237      DEBUG main            d.u.i.k.p.i.AbstractProblemLoader Environment load took 105.2ns 
98238      INFO  main            d.u.i.k.p.i.AbstractProblemLoader Creating init config 
100789     DEBUG main            d.u.i.k.p.i.AbstractProblemLoader Init config took 2.55s 
100822     INFO  main            d.u.i.k.p.i.AbstractProblemLoader Replaying proof CellClient[CellClient::m()].JML operation contract.0 
100917     DEBUG main            d.u.i.k.p.i.IntermediateProofReplayer Proof replay took 90.71ms 
100917     DEBUG main            d.u.i.k.p.r.p.TestFile    ... success: reloaded. 
100919     INFO  main            d.u.i.k.p.r.p.TestFile    Now processing file /home/runner/work/key/key/key.core/../key.ui/examples/heap/SmansEtAl/Iterator_footprint.key 
100919     INFO  main            d.u.i.k.p.i.AbstractProblemLoader Loading environment from /home/runner/work/key/key/key.core/../key.ui/examples/heap/SmansEtAl/Iterator_footprint.key 
100919     DEBUG main            d.u.i.k.p.i.AbstractProblemLoader Environment load took 197.3ns 
100920     INFO  main            d.u.i.k.p.i.AbstractProblemLoader Creating init config 
103573     DEBUG main            d.u.i.k.p.i.AbstractProblemLoader Init config took 2.65s 
103610     INFO  main            d.u.i.k.p.i.AbstractProblemLoader Replaying proof Iterator[Iterator::$footprint()].JML accessible clause.0 
103611     DEBUG main            d.u.i.k.p.i.IntermediateProofReplayer Proof replay took 6.7ns 
103713     INFO  main            d.u.i.k.p.r.p.TestFile    ... finished proof: closed. 
103922     INFO  main            d.u.i.k.p.i.AbstractProblemLoader Loading environment from /home/runner/work/key/key/key.core/../key.ui/examples/heap/SmansEtAl/Iterator_footprint.key.proof 
103922     DEBUG main            d.u.i.k.p.i.AbstractProblemLoader Environment load took 104.9ns 
103923     INFO  main            d.u.i.k.p.i.AbstractProblemLoader Creating init config 
106503     DEBUG main            d.u.i.k.p.i.AbstractProblemLoader Init config took 2.58s 
106539     INFO  main            d.u.i.k.p.i.AbstractProblemLoader Replaying proof Iterator[Iterator::$footprint()].JML accessible clause.0 
106551     DEBUG main            d.u.i.k.p.i.IntermediateProofReplayer Proof replay took 7.79ms 
106552     DEBUG main            d.u.i.k.p.r.p.TestFile    ... success: reloaded. 
106555     INFO  main            d.u.i.k.p.r.p.TestFile    Now processing file /home/runner/work/key/key/key.core/../key.ui/examples/heap/SmansEtAl/Iterator_hasNext_dep.key 
106555     INFO  main            d.u.i.k.p.i.AbstractProblemLoader Loading environment from /home/runner/work/key/key/key.core/../key.ui/examples/heap/SmansEtAl/Iterator_hasNext_dep.key 
106555     DEBUG main            d.u.i.k.p.i.AbstractProblemLoader Environment load took 239.9ns 
106556     INFO  main            d.u.i.k.p.i.AbstractProblemLoader Creating init config 
109135     DEBUG main            d.u.i.k.p.i.AbstractProblemLoader Init config took 2.58s 
109170     INFO  main            d.u.i.k.p.i.AbstractProblemLoader Replaying proof Iterator[Iterator::hasNext()].JML accessible clause.0 
109171     DEBUG main            d.u.i.k.p.i.IntermediateProofReplayer Proof replay took 6.2ns 
109800     INFO  main            d.u.i.k.p.r.p.TestFile    ... finished proof: closed. 
110050     INFO  main            d.u.i.k.p.i.AbstractProblemLoader Loading environment from /home/runner/work/key/key/key.core/../key.ui/examples/heap/SmansEtAl/Iterator_hasNext_dep.key.proof 
110051     DEBUG main            d.u.i.k.p.i.AbstractProblemLoader Environment load took 1.15ms 
110053     INFO  main            d.u.i.k.p.i.AbstractProblemLoader Creating init config 
112602     DEBUG main            d.u.i.k.p.i.AbstractProblemLoader Init config took 2.55s 
112637     INFO  main            d.u.i.k.p.i.AbstractProblemLoader Replaying proof Iterator[Iterator::hasNext()].JML accessible clause.0 
112720     DEBUG main            d.u.i.k.p.i.IntermediateProofReplayer Proof replay took 77.2ms 
112721     DEBUG main            d.u.i.k.p.r.p.TestFile    ... success: reloaded. 
112729     INFO  main            d.u.i.k.p.r.p.TestFile    Now processing file /home/runner/work/key/key/key.core/../key.ui/examples/heap/SmansEtAl/Iterator_hasNext.key 
112734     INFO  main            d.u.i.k.p.i.AbstractProblemLoader Loading environment from /home/runner/work/key/key/key.core/../key.ui/examples/heap/SmansEtAl/Iterator_hasNext.key 
112735     DEBUG main            d.u.i.k.p.i.AbstractProblemLoader Environment load took 271.5ns 
112736     INFO  main            d.u.i.k.p.i.AbstractProblemLoader Creating init config 
115362     DEBUG main            d.u.i.k.p.i.AbstractProblemLoader Init config took 2.63s 
115398     INFO  main            d.u.i.k.p.i.AbstractProblemLoader Replaying proof Iterator[Iterator::hasNext()].JML normal_behavior operation contract.0 
115400     DEBUG main            d.u.i.k.p.i.IntermediateProofReplayer Proof replay took 6.6ns 
115934     INFO  main            d.u.i.k.p.r.p.TestFile    ... finished proof: closed. 
116147     INFO  main            d.u.i.k.p.i.AbstractProblemLoader Loading environment from /home/runner/work/key/key/key.core/../key.ui/examples/heap/SmansEtAl/Iterator_hasNext.key.proof 
116149     DEBUG main            d.u.i.k.p.i.AbstractProblemLoader Environment load took 1.22ms 
116150     INFO  main            d.u.i.k.p.i.AbstractProblemLoader Creating init config 
118705     DEBUG main            d.u.i.k.p.i.AbstractProblemLoader Init config took 2.55s 
118740     INFO  main            d.u.i.k.p.i.AbstractProblemLoader Replaying proof Iterator[Iterator::hasNext()].JML normal_behavior operation contract.0 
118815     DEBUG main            d.u.i.k.p.i.IntermediateProofReplayer Proof replay took 70.27ms 
118816     DEBUG main            d.u.i.k.p.r.p.TestFile    ... success: reloaded. 
118817     INFO  main            d.u.i.k.p.r.p.TestFile    Now processing file /home/runner/work/key/key/key.core/../key.ui/examples/heap/SmansEtAl/Iterator_inv.key 
118817     INFO  main            d.u.i.k.p.i.AbstractProblemLoader Loading environment from /home/runner/work/key/key/key.core/../key.ui/examples/heap/SmansEtAl/Iterator_inv.key 
118817     DEBUG main            d.u.i.k.p.i.AbstractProblemLoader Environment load took 83ns 
118818     INFO  main            d.u.i.k.p.i.AbstractProblemLoader Creating init config 
121412     DEBUG main            d.u.i.k.p.i.AbstractProblemLoader Init config took 2.59s 
121446     INFO  main            d.u.i.k.p.i.AbstractProblemLoader Replaying proof Iterator[java.lang.Object::<inv>()].JML accessible clause.0 
121448     DEBUG main            d.u.i.k.p.i.IntermediateProofReplayer Proof replay took 5.8ns 
121650     INFO  main            d.u.i.k.p.r.p.TestFile    ... finished proof: closed. 
121877     INFO  main            d.u.i.k.p.i.AbstractProblemLoader Loading environment from /home/runner/work/key/key/key.core/../key.ui/examples/heap/SmansEtAl/Iterator_inv.key.proof 
121877     DEBUG main            d.u.i.k.p.i.AbstractProblemLoader Environment load took 97.4ns 
121878     INFO  main            d.u.i.k.p.i.AbstractProblemLoader Creating init config 
124440     DEBUG main            d.u.i.k.p.i.AbstractProblemLoader Init config took 2.56s 
124474     INFO  main            d.u.i.k.p.i.AbstractProblemLoader Replaying proof Iterator[java.lang.Object::<inv>()].JML accessible clause.0 
124499     DEBUG main            d.u.i.k.p.i.IntermediateProofReplayer Proof replay took 22.42ms 
124501     DEBUG main            d.u.i.k.p.r.p.TestFile    ... success: reloaded. 
124502     INFO  main            d.u.i.k.p.r.p.TestFile    Now processing file /home/runner/work/key/key/key.core/../key.ui/examples/heap/SmansEtAl/Iterator_Iterator.key 
124502     INFO  main            d.u.i.k.p.i.AbstractProblemLoader Loading environment from /home/runner/work/key/key/key.core/../key.ui/examples/heap/SmansEtAl/Iterator_Iterator.key 
124502     DEBUG main            d.u.i.k.p.i.AbstractProblemLoader Environment load took 183.8ns 
124503     INFO  main            d.u.i.k.p.i.AbstractProblemLoader Creating init config 
127065     DEBUG main            d.u.i.k.p.i.AbstractProblemLoader Init config took 2.56s 
127100     INFO  main            d.u.i.k.p.i.AbstractProblemLoader Replaying proof Iterator[Iterator::Iterator(ArrayList)].JML normal_behavior operation contract.0 
127101     DEBUG main            d.u.i.k.p.i.IntermediateProofReplayer Proof replay took 5.8ns 
128325     INFO  main            d.u.i.k.p.r.p.TestFile    ... finished proof: closed. 
128573     INFO  main            d.u.i.k.p.i.AbstractProblemLoader Loading environment from /home/runner/work/key/key/key.core/../key.ui/examples/heap/SmansEtAl/Iterator_Iterator.key.proof 
128573     DEBUG main            d.u.i.k.p.i.AbstractProblemLoader Environment load took 594.1ns 
128574     INFO  main            d.u.i.k.p.i.AbstractProblemLoader Creating init config 
131111     DEBUG main            d.u.i.k.p.i.AbstractProblemLoader Init config took 2.54s 
131146     INFO  main            d.u.i.k.p.i.AbstractProblemLoader Replaying proof Iterator[Iterator::Iterator(ArrayList)].JML normal_behavior operation contract.0 
131312     DEBUG main            d.u.i.k.p.i.IntermediateProofReplayer Proof replay took 152.84ms 
131313     DEBUG main            d.u.i.k.p.r.p.TestFile    ... success: reloaded. 
131314     INFO  main            d.u.i.k.p.r.p.TestFile    Now processing file /home/runner/work/key/key/key.core/../key.ui/examples/heap/SmansEtAl/Iterator_list_dep.key 
131315     INFO  main            d.u.i.k.p.i.AbstractProblemLoader Loading environment from /home/runner/work/key/key/key.core/../key.ui/examples/heap/SmansEtAl/Iterator_list_dep.key 
131315     DEBUG main            d.u.i.k.p.i.AbstractProblemLoader Environment load took 187.2ns 
131316     INFO  main            d.u.i.k.p.i.AbstractProblemLoader Creating init config 
133900     DEBUG main            d.u.i.k.p.i.AbstractProblemLoader Init config took 2.58s 
133951     INFO  main            d.u.i.k.p.i.AbstractProblemLoader Replaying proof Iterator[Iterator::list()].JML accessible clause.0 
133952     DEBUG main            d.u.i.k.p.i.IntermediateProofReplayer Proof replay took 6.6ns 
134054     INFO  main            d.u.i.k.p.r.p.TestFile    ... finished proof: closed. 
134290     INFO  main            d.u.i.k.p.i.AbstractProblemLoader Loading environment from /home/runner/work/key/key/key.core/../key.ui/examples/heap/SmansEtAl/Iterator_list_dep.key.proof 
134290     DEBUG main            d.u.i.k.p.i.AbstractProblemLoader Environment load took 92.1ns 
134291     INFO  main            d.u.i.k.p.i.AbstractProblemLoader Creating init config 
136826     DEBUG main            d.u.i.k.p.i.AbstractProblemLoader Init config took 2.53s 
136859     INFO  main            d.u.i.k.p.i.AbstractProblemLoader Replaying proof Iterator[Iterator::list()].JML accessible clause.0 
136877     DEBUG main            d.u.i.k.p.i.IntermediateProofReplayer Proof replay took 15.94ms 
136878     DEBUG main            d.u.i.k.p.r.p.TestFile    ... success: reloaded. 
136879     INFO  main            d.u.i.k.p.r.p.TestFile    Now processing file /home/runner/work/key/key/key.core/../key.ui/examples/heap/SmansEtAl/Iterator_list.key 
136879     INFO  main            d.u.i.k.p.i.AbstractProblemLoader Loading environment from /home/runner/work/key/key/key.core/../key.ui/examples/heap/SmansEtAl/Iterator_list.key 
136879     DEBUG main            d.u.i.k.p.i.AbstractProblemLoader Environment load took 68.8ns 
136880     INFO  main            d.u.i.k.p.i.AbstractProblemLoader Creating init config 
139473     DEBUG main            d.u.i.k.p.i.AbstractProblemLoader Init config took 2.59s 
139507     INFO  main            d.u.i.k.p.i.AbstractProblemLoader Replaying proof Iterator[Iterator::list()].JML normal_behavior operation contract.0 
139509     DEBUG main            d.u.i.k.p.i.IntermediateProofReplayer Proof replay took 5.9ns 
139613     INFO  main            d.u.i.k.p.r.p.TestFile    ... finished proof: closed. 
139854     INFO  main            d.u.i.k.p.i.AbstractProblemLoader Loading environment from /home/runner/work/key/key/key.core/../key.ui/examples/heap/SmansEtAl/Iterator_list.key.proof 
139854     DEBUG main            d.u.i.k.p.i.AbstractProblemLoader Environment load took 100.4ns 
139855     INFO  main            d.u.i.k.p.i.AbstractProblemLoader Creating init config 
142390     DEBUG main            d.u.i.k.p.i.AbstractProblemLoader Init config took 2.53s 
142425     INFO  main            d.u.i.k.p.i.AbstractProblemLoader Replaying proof Iterator[Iterator::list()].JML normal_behavior operation contract.0 
142440     DEBUG main            d.u.i.k.p.i.IntermediateProofReplayer Proof replay took 13.16ms 
142441     DEBUG main            d.u.i.k.p.r.p.TestFile    ... success: reloaded. 
142441     INFO  main            d.u.i.k.p.r.p.TestFile    Now processing file /home/runner/work/key/key/key.core/../key.ui/examples/heap/SmansEtAl/Iterator_next.key 
142442     INFO  main            d.u.i.k.p.i.AbstractProblemLoader Loading environment from /home/runner/work/key/key/key.core/../key.ui/examples/heap/SmansEtAl/Iterator_next.key 
142442     DEBUG main            d.u.i.k.p.i.AbstractProblemLoader Environment load took 80ns 
142442     INFO  main            d.u.i.k.p.i.AbstractProblemLoader Creating init config 
145046     DEBUG main            d.u.i.k.p.i.AbstractProblemLoader Init config took 2.6s 
145081     INFO  main            d.u.i.k.p.i.AbstractProblemLoader Replaying proof Iterator[Iterator::next()].JML normal_behavior operation contract.0 
145082     DEBUG main            d.u.i.k.p.i.IntermediateProofReplayer Proof replay took 5.2ns 
147493     INFO  main            d.u.i.k.p.r.p.TestFile    ... finished proof: closed. 
147770     INFO  main            d.u.i.k.p.i.AbstractProblemLoader Loading environment from /home/runner/work/key/key/key.core/../key.ui/examples/heap/SmansEtAl/Iterator_next.key.proof 
147771     DEBUG main            d.u.i.k.p.i.AbstractProblemLoader Environment load took 377ns 
147773     INFO  main            d.u.i.k.p.i.AbstractProblemLoader Creating init config 
150298     DEBUG main            d.u.i.k.p.i.AbstractProblemLoader Init config took 2.53s 
150332     INFO  main            d.u.i.k.p.i.AbstractProblemLoader Replaying proof Iterator[Iterator::next()].JML normal_behavior operation contract.0 
150606     DEBUG main            d.u.i.k.p.i.IntermediateProofReplayer Proof replay took 256.98ms 
150607     DEBUG main            d.u.i.k.p.r.p.TestFile    ... success: reloaded. 
150608     INFO  main            d.u.i.k.p.r.p.TestFile    Now processing file /home/runner/work/key/key/key.core/../key.ui/examples/heap/SmansEtAl/Stack_footprint.key 
150608     INFO  main            d.u.i.k.p.i.AbstractProblemLoader Loading environment from /home/runner/work/key/key/key.core/../key.ui/examples/heap/SmansEtAl/Stack_footprint.key 
150608     DEBUG main            d.u.i.k.p.i.AbstractProblemLoader Environment load took 78.2ns 
150609     INFO  main            d.u.i.k.p.i.AbstractProblemLoader Creating init config 
153187     DEBUG main            d.u.i.k.p.i.AbstractProblemLoader Init config took 2.58s 
153220     INFO  main            d.u.i.k.p.i.AbstractProblemLoader Replaying proof Stack[Stack::$footprint()].JML accessible clause.0 
153221     DEBUG main            d.u.i.k.p.i.IntermediateProofReplayer Proof replay took 6.2ns 
153423     INFO  main            d.u.i.k.p.r.p.TestFile    ... finished proof: closed. 
153672     INFO  main            d.u.i.k.p.i.AbstractProblemLoader Loading environment from /home/runner/work/key/key/key.core/../key.ui/examples/heap/SmansEtAl/Stack_footprint.key.proof 
153672     DEBUG main            d.u.i.k.p.i.AbstractProblemLoader Environment load took 98.1ns 
153673     INFO  main            d.u.i.k.p.i.AbstractProblemLoader Creating init config 
156202     DEBUG main            d.u.i.k.p.i.AbstractProblemLoader Init config took 2.53s 
156235     INFO  main            d.u.i.k.p.i.AbstractProblemLoader Replaying proof Stack[Stack::$footprint()].JML accessible clause.0 
156266     DEBUG main            d.u.i.k.p.i.IntermediateProofReplayer Proof replay took 27.96ms 
156267     DEBUG main            d.u.i.k.p.r.p.TestFile    ... success: reloaded. 
156269     INFO  main            d.u.i.k.p.r.p.TestFile    Now processing file /home/runner/work/key/key/key.core/../key.ui/examples/heap/SmansEtAl/Stack_inv.key 
156269     INFO  main            d.u.i.k.p.i.AbstractProblemLoader Loading environment from /home/runner/work/key/key/key.core/../key.ui/examples/heap/SmansEtAl/Stack_inv.key 
156269     DEBUG main            d.u.i.k.p.i.AbstractProblemLoader Environment load took 81.8ns 
156271     INFO  main            d.u.i.k.p.i.AbstractProblemLoader Creating init config 
158857     DEBUG main            d.u.i.k.p.i.AbstractProblemLoader Init config took 2.59s 
158889     INFO  main            d.u.i.k.p.i.AbstractProblemLoader Replaying proof Stack[java.lang.Object::<inv>()].JML accessible clause.0 
158890     DEBUG main            d.u.i.k.p.i.IntermediateProofReplayer Proof replay took 6ns 
158992     INFO  main            d.u.i.k.p.r.p.TestFile    ... finished proof: closed. 
159306     INFO  main            d.u.i.k.p.i.AbstractProblemLoader Loading environment from /home/runner/work/key/key/key.core/../key.ui/examples/heap/SmansEtAl/Stack_inv.key.proof 
159306     DEBUG main            d.u.i.k.p.i.AbstractProblemLoader Environment load took 97.7ns 
159307     INFO  main            d.u.i.k.p.i.AbstractProblemLoader Creating init config 
161827     DEBUG main            d.u.i.k.p.i.AbstractProblemLoader Init config took 2.52s 
161860     INFO  main            d.u.i.k.p.i.AbstractProblemLoader Replaying proof Stack[java.lang.Object::<inv>()].JML accessible clause.0 
161871     DEBUG main            d.u.i.k.p.i.IntermediateProofReplayer Proof replay took 8.9ms 
161872     DEBUG main            d.u.i.k.p.r.p.TestFile    ... success: reloaded. 
161872     INFO  main            d.u.i.k.p.r.p.TestFile    Now processing file /home/runner/work/key/key/key.core/../key.ui/examples/heap/SmansEtAl/Stack_push.key 
161873     INFO  main            d.u.i.k.p.i.AbstractProblemLoader Loading environment from /home/runner/work/key/key/key.core/../key.ui/examples/heap/SmansEtAl/Stack_push.key 
161873     DEBUG main            d.u.i.k.p.i.AbstractProblemLoader Environment load took 190.1ns 
161874     INFO  main            d.u.i.k.p.i.AbstractProblemLoader Creating init config 
164437     DEBUG main            d.u.i.k.p.i.AbstractProblemLoader Init config took 2.56s 
164471     INFO  main            d.u.i.k.p.i.AbstractProblemLoader Replaying proof Stack[Stack::push(java.lang.Object)].JML normal_behavior operation contract.0 
164473     DEBUG main            d.u.i.k.p.i.IntermediateProofReplayer Proof replay took 5.9ns 
165179     INFO  main            d.u.i.k.p.r.p.TestFile    ... finished proof: closed. 
165445     INFO  main            d.u.i.k.p.i.AbstractProblemLoader Loading environment from /home/runner/work/key/key/key.core/../key.ui/examples/heap/SmansEtAl/Stack_push.key.proof 
165445     DEBUG main            d.u.i.k.p.i.AbstractProblemLoader Environment load took 359.1ns 
165446     INFO  main            d.u.i.k.p.i.AbstractProblemLoader Creating init config 
167957     DEBUG main            d.u.i.k.p.i.AbstractProblemLoader Init config took 2.51s 
167991     INFO  main            d.u.i.k.p.i.AbstractProblemLoader Replaying proof Stack[Stack::push(java.lang.Object)].JML normal_behavior operation contract.0 
168112     DEBUG main            d.u.i.k.p.i.IntermediateProofReplayer Proof replay took 117.19ms 
168113     DEBUG main            d.u.i.k.p.r.p.TestFile    ... success: reloaded. 
168118     INFO  main            d.u.i.k.p.r.p.TestFile    Now processing file /home/runner/work/key/key/key.core/../key.ui/examples/heap/SmansEtAl/Stack_size.key 
168119     INFO  main            d.u.i.k.p.i.AbstractProblemLoader Loading environment from /home/runner/work/key/key/key.core/../key.ui/examples/heap/SmansEtAl/Stack_size.key 
168119     DEBUG main            d.u.i.k.p.i.AbstractProblemLoader Environment load took 224.3ns 
168120     INFO  main            d.u.i.k.p.i.AbstractProblemLoader Creating init config 
170695     DEBUG main            d.u.i.k.p.i.AbstractProblemLoader Init config took 2.58s 
170728     INFO  main            d.u.i.k.p.i.AbstractProblemLoader Replaying proof Stack[Stack::size()].JML accessible clause.0 
170729     DEBUG main            d.u.i.k.p.i.IntermediateProofReplayer Proof replay took 5.7ns 
170933     INFO  main            d.u.i.k.p.r.p.TestFile    ... finished proof: closed. 
171211     INFO  main            d.u.i.k.p.i.AbstractProblemLoader Loading environment from /home/runner/work/key/key/key.core/../key.ui/examples/heap/SmansEtAl/Stack_size.key.proof 
171211     DEBUG main            d.u.i.k.p.i.AbstractProblemLoader Environment load took 89ns 
171213     INFO  main            d.u.i.k.p.i.AbstractProblemLoader Creating init config 
173736     DEBUG main            d.u.i.k.p.i.AbstractProblemLoader Init config took 2.52s 
173769     INFO  main            d.u.i.k.p.i.AbstractProblemLoader Replaying proof Stack[Stack::size()].JML accessible clause.0 
173819     DEBUG main            d.u.i.k.p.i.IntermediateProofReplayer Proof replay took 47.55ms 
173820     DEBUG main            d.u.i.k.p.r.p.TestFile    ... success: reloaded. 
173821     INFO  main            d.u.i.k.p.r.p.TestFile    Now processing file /home/runner/work/key/key/key.core/../key.ui/examples/heap/SmansEtAl/Stack_Stack.key 
173821     INFO  main            d.u.i.k.p.i.AbstractProblemLoader Loading environment from /home/runner/work/key/key/key.core/../key.ui/examples/heap/SmansEtAl/Stack_Stack.key 
173821     DEBUG main            d.u.i.k.p.i.AbstractProblemLoader Environment load took 76.4ns 
173822     INFO  main            d.u.i.k.p.i.AbstractProblemLoader Creating init config 
176391     DEBUG main            d.u.i.k.p.i.AbstractProblemLoader Init config took 2.57s 
176426     INFO  main            d.u.i.k.p.i.AbstractProblemLoader Replaying proof Stack[Stack::Stack()].JML normal_behavior operation contract.0 
176427     DEBUG main            d.u.i.k.p.i.IntermediateProofReplayer Proof replay took 5.7ns 
177433     INFO  main            d.u.i.k.p.r.p.TestFile    ... finished proof: closed. 
177713     INFO  main            d.u.i.k.p.i.AbstractProblemLoader Loading environment from /home/runner/work/key/key/key.core/../key.ui/examples/heap/SmansEtAl/Stack_Stack.key.proof 
177713     DEBUG main            d.u.i.k.p.i.AbstractProblemLoader Environment load took 86.7ns 
177714     INFO  main            d.u.i.k.p.i.AbstractProblemLoader Creating init config 
180246     DEBUG main            d.u.i.k.p.i.AbstractProblemLoader Init config took 2.53s 
180279     INFO  main            d.u.i.k.p.i.AbstractProblemLoader Replaying proof Stack[Stack::Stack()].JML normal_behavior operation contract.0 
180443     DEBUG main            d.u.i.k.p.i.IntermediateProofReplayer Proof replay took 157.97ms 
180444     DEBUG main            d.u.i.k.p.r.p.TestFile    ... success: reloaded. 
180445     INFO  main            d.u.i.k.p.r.p.TestFile    Now processing file /home/runner/work/key/key/key.core/../key.ui/examples/heap/SmansEtAl/Stack_switchContents.key 
180445     INFO  main            d.u.i.k.p.i.AbstractProblemLoader Loading environment from /home/runner/work/key/key/key.core/../key.ui/examples/heap/SmansEtAl/Stack_switchContents.key 
180445     DEBUG main            d.u.i.k.p.i.AbstractProblemLoader Environment load took 106ns 
180446     INFO  main            d.u.i.k.p.i.AbstractProblemLoader Creating init config 
183027     DEBUG main            d.u.i.k.p.i.AbstractProblemLoader Init config took 2.58s 
183060     INFO  main            d.u.i.k.p.i.AbstractProblemLoader Replaying proof Stack[Stack::switchContents(Stack)].JML normal_behavior operation contract.0 
183061     DEBUG main            d.u.i.k.p.i.IntermediateProofReplayer Proof replay took 6.4ns 
187273     INFO  main            d.u.i.k.p.r.p.TestFile    ... finished proof: closed. 
187571     INFO  main            d.u.i.k.p.i.AbstractProblemLoader Loading environment from /home/runner/work/key/key/key.core/../key.ui/examples/heap/SmansEtAl/Stack_switchContents.key.proof 
187571     DEBUG main            d.u.i.k.p.i.AbstractProblemLoader Environment load took 360.1ns 
187573     INFO  main            d.u.i.k.p.i.AbstractProblemLoader Creating init config 
190123     DEBUG main            d.u.i.k.p.i.AbstractProblemLoader Init config took 2.55s 
190157     INFO  main            d.u.i.k.p.i.AbstractProblemLoader Replaying proof Stack[Stack::switchContents(Stack)].JML normal_behavior operation contract.0 
190588     DEBUG main            d.u.i.k.p.i.IntermediateProofReplayer Proof replay took 416.05ms 
190589     DEBUG main            d.u.i.k.p.r.p.TestFile    ... success: reloaded. 
2000494    INFO  Test worker     d.u.i.k.p.r.RunAllProofsTestUnit Returning from test SmansEtAl 
2000495    INFO  Test worker     d.u.i.k.p.r.RunAllProofsTestUnit Running test VACID0 
370        INFO  Timeout watchdog d.u.i.k.p.r.p.ForkedTestFileRunner Timeout watcher launched (2000 secs.) 
396        WARN  main            d.u.i.k.s.ProofSettings   The settings in /home/runner/.key/proof-settings.props are *not* read. 
445        INFO  main            d.u.i.k.p.r.p.TestFile    Now processing file /home/runner/work/key/key/key.core/../key.ui/examples/heap/vacid0_01_SparseArray/Harness_sparseArrayTestHarness1.key 
575        INFO  main            d.u.i.k.p.i.AbstractProblemLoader Loading environment from /home/runner/work/key/key/key.core/../key.ui/examples/heap/vacid0_01_SparseArray/Harness_sparseArrayTestHarness1.key 
591        DEBUG main            d.u.i.k.p.i.AbstractProblemLoader Environment load took 2.19ms 
801        INFO  main            d.u.i.k.p.i.AbstractProblemLoader Creating init config 
1780       DEBUG main            d.u.i.k.j.TypeConverter   No LDT found for Meta 
1781       DEBUG main            d.u.i.k.j.TypeConverter   No LDT found for Meta 
1782       DEBUG main            d.u.i.k.j.TypeConverter   No LDT found for Meta 
1782       DEBUG main            d.u.i.k.j.TypeConverter   No LDT found for Meta 
3147       DEBUG main            d.u.i.k.j.TypeConverter   No LDT found for JavaBigintExpression 
7777       DEBUG main            d.u.i.k.p.i.AbstractProblemLoader Init config took 6.98s 
7899       INFO  main            d.u.i.k.p.i.AbstractProblemLoader Replaying proof Harness[Harness::sparseArrayTestHarness1()].JML normal_behavior operation contract.0 
7928       DEBUG main            d.u.i.k.p.i.IntermediateProofReplayer Proof replay took 33.9ns 
9264       INFO  main            d.u.i.k.p.r.p.TestFile    ... finished proof: closed. 
9389       INFO  main            d.u.i.k.p.i.AbstractProblemLoader Loading environment from /home/runner/work/key/key/key.core/../key.ui/examples/heap/vacid0_01_SparseArray/Harness_sparseArrayTestHarness1.key.proof 
9390       DEBUG main            d.u.i.k.p.i.AbstractProblemLoader Environment load took 424.6ns 
9392       INFO  main            d.u.i.k.p.i.AbstractProblemLoader Creating init config 
12134      DEBUG main            d.u.i.k.p.i.AbstractProblemLoader Init config took 2.74s 
12198      INFO  main            d.u.i.k.p.i.AbstractProblemLoader Replaying proof Harness[Harness::sparseArrayTestHarness1()].JML normal_behavior operation contract.0 
12362      DEBUG main            d.u.i.k.p.i.IntermediateProofReplayer Proof replay took 155.22ms 
12368      DEBUG main            d.u.i.k.p.r.p.TestFile    ... success: reloaded. 
12370      INFO  main            d.u.i.k.p.r.p.TestFile    Now processing file /home/runner/work/key/key/key.core/../key.ui/examples/heap/vacid0_01_SparseArray/Harness_sparseArrayTestHarness2.key 
12370      INFO  main            d.u.i.k.p.i.AbstractProblemLoader Loading environment from /home/runner/work/key/key/key.core/../key.ui/examples/heap/vacid0_01_SparseArray/Harness_sparseArrayTestHarness2.key 
12371      DEBUG main            d.u.i.k.p.i.AbstractProblemLoader Environment load took 218.9ns 
12372      INFO  main            d.u.i.k.p.i.AbstractProblemLoader Creating init config 
15008      DEBUG main            d.u.i.k.p.i.AbstractProblemLoader Init config took 2.64s 
15077      INFO  main            d.u.i.k.p.i.AbstractProblemLoader Replaying proof Harness[Harness::sparseArrayTestHarness2()].JML normal_behavior operation contract.0 
15080      DEBUG main            d.u.i.k.p.i.IntermediateProofReplayer Proof replay took 4.5ns 
24585      INFO  main            d.u.i.k.p.r.p.TestFile    ... finished proof: closed. 
24776      INFO  main            d.u.i.k.p.i.AbstractProblemLoader Loading environment from /home/runner/work/key/key/key.core/../key.ui/examples/heap/vacid0_01_SparseArray/Harness_sparseArrayTestHarness2.key.proof 
24776      DEBUG main            d.u.i.k.p.i.AbstractProblemLoader Environment load took 203ns 
24785      INFO  main            d.u.i.k.p.i.AbstractProblemLoader Creating init config 
27346      DEBUG main            d.u.i.k.p.i.AbstractProblemLoader Init config took 2.56s 
27397      INFO  main            d.u.i.k.p.i.AbstractProblemLoader Replaying proof Harness[Harness::sparseArrayTestHarness2()].JML normal_behavior operation contract.0 
28434      DEBUG main            d.u.i.k.p.i.IntermediateProofReplayer Proof replay took 989.8ms 
28437      DEBUG main            d.u.i.k.p.r.p.TestFile    ... success: reloaded. 
28439      INFO  main            d.u.i.k.p.r.p.TestFile    Now processing file /home/runner/work/key/key/key.core/../key.ui/examples/heap/vacid0_01_SparseArray/MemoryAllocator_alloc_unsigned.key 
28439      INFO  main            d.u.i.k.p.i.AbstractProblemLoader Loading environment from /home/runner/work/key/key/key.core/../key.ui/examples/heap/vacid0_01_SparseArray/MemoryAllocator_alloc_unsigned.key 
28439      DEBUG main            d.u.i.k.p.i.AbstractProblemLoader Environment load took 201.3ns 
28440      INFO  main            d.u.i.k.p.i.AbstractProblemLoader Creating init config 
30966      DEBUG main            d.u.i.k.p.i.AbstractProblemLoader Init config took 2.53s 
31010      INFO  main            d.u.i.k.p.i.AbstractProblemLoader Replaying proof MemoryAllocator[MemoryAllocator::alloc_unsigned(int)].JML normal_behavior operation contract.0 
31012      DEBUG main            d.u.i.k.p.i.IntermediateProofReplayer Proof replay took 4.3ns 
31938      INFO  main            d.u.i.k.p.r.p.TestFile    ... finished proof: closed. 
32096      INFO  main            d.u.i.k.p.i.AbstractProblemLoader Loading environment from /home/runner/work/key/key/key.core/../key.ui/examples/heap/vacid0_01_SparseArray/MemoryAllocator_alloc_unsigned.key.proof 
32096      DEBUG main            d.u.i.k.p.i.AbstractProblemLoader Environment load took 384ns 
32098      INFO  main            d.u.i.k.p.i.AbstractProblemLoader Creating init config 
34549      DEBUG main            d.u.i.k.p.i.AbstractProblemLoader Init config took 2.45s 
34591      INFO  main            d.u.i.k.p.i.AbstractProblemLoader Replaying proof MemoryAllocator[MemoryAllocator::alloc_unsigned(int)].JML normal_behavior operation contract.0 
34795      DEBUG main            d.u.i.k.p.i.IntermediateProofReplayer Proof replay took 198.31ms 
34796      DEBUG main            d.u.i.k.p.r.p.TestFile    ... success: reloaded. 
34797      INFO  main            d.u.i.k.p.r.p.TestFile    Now processing file /home/runner/work/key/key/key.core/../key.ui/examples/heap/vacid0_01_SparseArray/MemoryAllocator_alloc.key 
34798      INFO  main            d.u.i.k.p.i.AbstractProblemLoader Loading environment from /home/runner/work/key/key/key.core/../key.ui/examples/heap/vacid0_01_SparseArray/MemoryAllocator_alloc.key 
34798      DEBUG main            d.u.i.k.p.i.AbstractProblemLoader Environment load took 229.3ns 
34799      INFO  main            d.u.i.k.p.i.AbstractProblemLoader Creating init config 
37308      DEBUG main            d.u.i.k.p.i.AbstractProblemLoader Init config took 2.51s 
37349      INFO  main            d.u.i.k.p.i.AbstractProblemLoader Replaying proof MemoryAllocator[MemoryAllocator::alloc(int)].JML normal_behavior operation contract.0 
37350      DEBUG main            d.u.i.k.p.i.IntermediateProofReplayer Proof replay took 4.3ns 
37857      INFO  main            d.u.i.k.p.r.p.TestFile    ... finished proof: closed. 
38004      INFO  main            d.u.i.k.p.i.AbstractProblemLoader Loading environment from /home/runner/work/key/key/key.core/../key.ui/examples/heap/vacid0_01_SparseArray/MemoryAllocator_alloc.key.proof 
38004      DEBUG main            d.u.i.k.p.i.AbstractProblemLoader Environment load took 381.5ns 
38005      INFO  main            d.u.i.k.p.i.AbstractProblemLoader Creating init config 
40464      DEBUG main            d.u.i.k.p.i.AbstractProblemLoader Init config took 2.46s 
40508      INFO  main            d.u.i.k.p.i.AbstractProblemLoader Replaying proof MemoryAllocator[MemoryAllocator::alloc(int)].JML normal_behavior operation contract.0 
40673      DEBUG main            d.u.i.k.p.i.IntermediateProofReplayer Proof replay took 159.91ms 
40674      DEBUG main            d.u.i.k.p.r.p.TestFile    ... success: reloaded. 
40675      INFO  main            d.u.i.k.p.r.p.TestFile    Now processing file /home/runner/work/key/key/key.core/../key.ui/examples/heap/vacid0_01_SparseArray/SparseArray_get_dep.key 
40675      INFO  main            d.u.i.k.p.i.AbstractProblemLoader Loading environment from /home/runner/work/key/key/key.core/../key.ui/examples/heap/vacid0_01_SparseArray/SparseArray_get_dep.key 
40676      DEBUG main            d.u.i.k.p.i.AbstractProblemLoader Environment load took 116.5ns 
40678      INFO  main            d.u.i.k.p.i.AbstractProblemLoader Creating init config 
43218      DEBUG main            d.u.i.k.p.i.AbstractProblemLoader Init config took 2.54s 
43305      INFO  main            d.u.i.k.p.i.AbstractProblemLoader Replaying proof SparseArray[SparseArray::get(int)].JML accessible clause.0 
43308      DEBUG main            d.u.i.k.p.i.IntermediateProofReplayer Proof replay took 4.7ns 
46316      INFO  main            d.u.i.k.p.r.p.TestFile    ... finished proof: closed. 
46496      INFO  main            d.u.i.k.p.i.AbstractProblemLoader Loading environment from /home/runner/work/key/key/key.core/../key.ui/examples/heap/vacid0_01_SparseArray/SparseArray_get_dep.key.proof 
46497      DEBUG main            d.u.i.k.p.i.AbstractProblemLoader Environment load took 438.3ns 
46498      INFO  main            d.u.i.k.p.i.AbstractProblemLoader Creating init config 
48968      DEBUG main            d.u.i.k.p.i.AbstractProblemLoader Init config took 2.47s 
49026      INFO  main            d.u.i.k.p.i.AbstractProblemLoader Replaying proof SparseArray[SparseArray::get(int)].JML accessible clause.0 
49321      DEBUG main            d.u.i.k.p.i.IntermediateProofReplayer Proof replay took 281.35ms 
49322      DEBUG main            d.u.i.k.p.r.p.TestFile    ... success: reloaded. 
49323      INFO  main            d.u.i.k.p.r.p.TestFile    Now processing file /home/runner/work/key/key/key.core/../key.ui/examples/heap/vacid0_01_SparseArray/SparseArray_get.key 
49324      INFO  main            d.u.i.k.p.i.AbstractProblemLoader Loading environment from /home/runner/work/key/key/key.core/../key.ui/examples/heap/vacid0_01_SparseArray/SparseArray_get.key 
49324      DEBUG main            d.u.i.k.p.i.AbstractProblemLoader Environment load took 217.3ns 
49325      INFO  main            d.u.i.k.p.i.AbstractProblemLoader Creating init config 
51794      DEBUG main            d.u.i.k.p.i.AbstractProblemLoader Init config took 2.47s 
51850      INFO  main            d.u.i.k.p.i.AbstractProblemLoader Replaying proof SparseArray[SparseArray::get(int)].JML normal_behavior operation contract.0 
51852      DEBUG main            d.u.i.k.p.i.IntermediateProofReplayer Proof replay took 4.8ns 
53767      INFO  main            d.u.i.k.p.r.p.TestFile    ... finished proof: closed. 
53940      INFO  main            d.u.i.k.p.i.AbstractProblemLoader Loading environment from /home/runner/work/key/key/key.core/../key.ui/examples/heap/vacid0_01_SparseArray/SparseArray_get.key.proof 
53941      DEBUG main            d.u.i.k.p.i.AbstractProblemLoader Environment load took 420.1ns 
53942      INFO  main            d.u.i.k.p.i.AbstractProblemLoader Creating init config 
56424      DEBUG main            d.u.i.k.p.i.AbstractProblemLoader Init config took 2.48s 
56491      INFO  main            d.u.i.k.p.i.AbstractProblemLoader Replaying proof SparseArray[SparseArray::get(int)].JML normal_behavior operation contract.0 
56741      DEBUG main            d.u.i.k.p.i.IntermediateProofReplayer Proof replay took 240.3ms 
56742      DEBUG main            d.u.i.k.p.r.p.TestFile    ... success: reloaded. 
56743      INFO  main            d.u.i.k.p.r.p.TestFile    Now processing file /home/runner/work/key/key/key.core/../key.ui/examples/heap/vacid0_01_SparseArray/SparseArray_inv.key 
56744      INFO  main            d.u.i.k.p.i.AbstractProblemLoader Loading environment from /home/runner/work/key/key/key.core/../key.ui/examples/heap/vacid0_01_SparseArray/SparseArray_inv.key 
56744      DEBUG main            d.u.i.k.p.i.AbstractProblemLoader Environment load took 92.8ns 
56744      INFO  main            d.u.i.k.p.i.AbstractProblemLoader Creating init config 
59182      DEBUG main            d.u.i.k.p.i.AbstractProblemLoader Init config took 2.44s 
59240      INFO  main            d.u.i.k.p.i.AbstractProblemLoader Replaying proof SparseArray[java.lang.Object::<inv>()].JML accessible clause.0 
59242      DEBUG main            d.u.i.k.p.i.IntermediateProofReplayer Proof replay took 5.2ns 
60968      INFO  main            d.u.i.k.p.r.p.TestFile    ... finished proof: closed. 
61137      INFO  main            d.u.i.k.p.i.AbstractProblemLoader Loading environment from /home/runner/work/key/key/key.core/../key.ui/examples/heap/vacid0_01_SparseArray/SparseArray_inv.key.proof 
61137      DEBUG main            d.u.i.k.p.i.AbstractProblemLoader Environment load took 257.6ns 
61138      INFO  main            d.u.i.k.p.i.AbstractProblemLoader Creating init config 
63537      DEBUG main            d.u.i.k.p.i.AbstractProblemLoader Init config took 2.4s 
63603      INFO  main            d.u.i.k.p.i.AbstractProblemLoader Replaying proof SparseArray[java.lang.Object::<inv>()].JML accessible clause.0 
63722      DEBUG main            d.u.i.k.p.i.IntermediateProofReplayer Proof replay took 114.29ms 
63723      DEBUG main            d.u.i.k.p.r.p.TestFile    ... success: reloaded. 
63724      INFO  main            d.u.i.k.p.r.p.TestFile    Now processing file /home/runner/work/key/key/key.core/../key.ui/examples/heap/vacid0_01_SparseArray/SparseArray_SparseArray.key 
63725      INFO  main            d.u.i.k.p.i.AbstractProblemLoader Loading environment from /home/runner/work/key/key/key.core/../key.ui/examples/heap/vacid0_01_SparseArray/SparseArray_SparseArray.key 
63725      DEBUG main            d.u.i.k.p.i.AbstractProblemLoader Environment load took 86.9ns 
63726      INFO  main            d.u.i.k.p.i.AbstractProblemLoader Creating init config 
66173      DEBUG main            d.u.i.k.p.i.AbstractProblemLoader Init config took 2.45s 
66229      INFO  main            d.u.i.k.p.i.AbstractProblemLoader Replaying proof SparseArray[SparseArray::SparseArray(int)].JML normal_behavior operation contract.0 
66230      DEBUG main            d.u.i.k.p.i.IntermediateProofReplayer Proof replay took 5.4ns 
69239      INFO  main            d.u.i.k.p.r.p.TestFile    ... finished proof: closed. 
69437      INFO  main            d.u.i.k.p.i.AbstractProblemLoader Loading environment from /home/runner/work/key/key/key.core/../key.ui/examples/heap/vacid0_01_SparseArray/SparseArray_SparseArray.key.proof 
69438      DEBUG main            d.u.i.k.p.i.AbstractProblemLoader Environment load took 387.9ns 
69439      INFO  main            d.u.i.k.p.i.AbstractProblemLoader Creating init config 
71861      DEBUG main            d.u.i.k.p.i.AbstractProblemLoader Init config took 2.42s 
71917      INFO  main            d.u.i.k.p.i.AbstractProblemLoader Replaying proof SparseArray[SparseArray::SparseArray(int)].JML normal_behavior operation contract.0 
72362      DEBUG main            d.u.i.k.p.i.IntermediateProofReplayer Proof replay took 437.02ms 
72364      DEBUG main            d.u.i.k.p.r.p.TestFile    ... success: reloaded. 
2073037    INFO  Test worker     d.u.i.k.p.r.RunAllProofsTestUnit Returning from test VACID0 
2073037    INFO  Test worker     d.u.i.k.p.r.RunAllProofsTestUnit Running test VSTTE10 
342        INFO  Timeout watchdog d.u.i.k.p.r.p.ForkedTestFileRunner Timeout watcher launched (2000 secs.) 
376        WARN  main            d.u.i.k.s.ProofSettings   The settings in /home/runner/.key/proof-settings.props are *not* read. 
423        INFO  main            d.u.i.k.p.r.p.TestFile    Now processing file /home/runner/work/key/key/key.core/../key.ui/examples/heap/vstte10_01_SumAndMax/SumAndMax_sumAndMax.key 
541        INFO  main            d.u.i.k.p.i.AbstractProblemLoader Loading environment from /home/runner/work/key/key/key.core/../key.ui/examples/heap/vstte10_01_SumAndMax/SumAndMax_sumAndMax.key 
562        DEBUG main            d.u.i.k.p.i.AbstractProblemLoader Environment load took 1.79ms 
759        INFO  main            d.u.i.k.p.i.AbstractProblemLoader Creating init config 
1660       DEBUG main            d.u.i.k.j.TypeConverter   No LDT found for Meta 
1660       DEBUG main            d.u.i.k.j.TypeConverter   No LDT found for Meta 
1661       DEBUG main            d.u.i.k.j.TypeConverter   No LDT found for Meta 
1661       DEBUG main            d.u.i.k.j.TypeConverter   No LDT found for Meta 
2997       DEBUG main            d.u.i.k.j.TypeConverter   No LDT found for JavaBigintExpression 
8108       DEBUG main            d.u.i.k.p.i.AbstractProblemLoader Init config took 7.35s 
8276       INFO  main            d.u.i.k.p.i.AbstractProblemLoader Replaying proof SumAndMax[SumAndMax::sumAndMax([I)].JML normal_behavior operation contract.0 
8310       DEBUG main            d.u.i.k.p.i.IntermediateProofReplayer Proof replay took 30.5ns 
13059      INFO  main            d.u.i.k.p.r.p.TestFile    ... finished proof: closed. 
13206      INFO  main            d.u.i.k.p.i.AbstractProblemLoader Loading environment from /home/runner/work/key/key/key.core/../key.ui/examples/heap/vstte10_01_SumAndMax/SumAndMax_sumAndMax.key.proof 
13207      DEBUG main            d.u.i.k.p.i.AbstractProblemLoader Environment load took 447.9ns 
13209      INFO  main            d.u.i.k.p.i.AbstractProblemLoader Creating init config 
15967      DEBUG main            d.u.i.k.p.i.AbstractProblemLoader Init config took 2.76s 
16024      INFO  main            d.u.i.k.p.i.AbstractProblemLoader Replaying proof SumAndMax[SumAndMax::sumAndMax([I)].JML normal_behavior operation contract.0 
16671      DEBUG main            d.u.i.k.p.i.IntermediateProofReplayer Proof replay took 625.75ms 
16679      DEBUG main            d.u.i.k.p.r.p.TestFile    ... success: reloaded. 
16680      INFO  main            d.u.i.k.p.r.p.TestFile    Now processing file /home/runner/work/key/key/key.core/../key.ui/examples/heap/vstte10_03_LinkedList/Node_cons.key 
16681      INFO  main            d.u.i.k.p.i.AbstractProblemLoader Loading environment from /home/runner/work/key/key/key.core/../key.ui/examples/heap/vstte10_03_LinkedList/Node_cons.key 
16681      DEBUG main            d.u.i.k.p.i.AbstractProblemLoader Environment load took 210.5ns 
16682      INFO  main            d.u.i.k.p.i.AbstractProblemLoader Creating init config 
19447      DEBUG main            d.u.i.k.p.i.AbstractProblemLoader Init config took 2.76s 
19520      INFO  main            d.u.i.k.p.i.AbstractProblemLoader Replaying proof Node[Node::cons(int,Node)].JML normal_behavior operation contract.0 
19523      DEBUG main            d.u.i.k.p.i.IntermediateProofReplayer Proof replay took 5.7ns 
21129      INFO  main            d.u.i.k.p.r.p.TestFile    ... finished proof: closed. 
21306      INFO  main            d.u.i.k.p.i.AbstractProblemLoader Loading environment from /home/runner/work/key/key/key.core/../key.ui/examples/heap/vstte10_03_LinkedList/Node_cons.key.proof 
21307      DEBUG main            d.u.i.k.p.i.AbstractProblemLoader Environment load took 124.3ns 
21308      INFO  main            d.u.i.k.p.i.AbstractProblemLoader Creating init config 
23918      DEBUG main            d.u.i.k.p.i.AbstractProblemLoader Init config took 2.61s 
23967      INFO  main            d.u.i.k.p.i.AbstractProblemLoader Replaying proof Node[Node::cons(int,Node)].JML normal_behavior operation contract.0 
24234      DEBUG main            d.u.i.k.p.i.IntermediateProofReplayer Proof replay took 254.7ms 
24235      DEBUG main            d.u.i.k.p.r.p.TestFile    ... success: reloaded. 
24237      INFO  main            d.u.i.k.p.r.p.TestFile    Now processing file /home/runner/work/key/key/key.core/../key.ui/examples/heap/vstte10_03_LinkedList/Node_inv.key 
24237      INFO  main            d.u.i.k.p.i.AbstractProblemLoader Loading environment from /home/runner/work/key/key/key.core/../key.ui/examples/heap/vstte10_03_LinkedList/Node_inv.key 
24237      DEBUG main            d.u.i.k.p.i.AbstractProblemLoader Environment load took 207ns 
24238      INFO  main            d.u.i.k.p.i.AbstractProblemLoader Creating init config 
26878      DEBUG main            d.u.i.k.p.i.AbstractProblemLoader Init config took 2.64s 
26930      INFO  main            d.u.i.k.p.i.AbstractProblemLoader Replaying proof Node[java.lang.Object::<inv>()].JML accessible clause.0 
26932      DEBUG main            d.u.i.k.p.i.IntermediateProofReplayer Proof replay took 5.1ns 
27234      INFO  main            d.u.i.k.p.r.p.TestFile    ... finished proof: closed. 
27361      INFO  main            d.u.i.k.p.i.AbstractProblemLoader Loading environment from /home/runner/work/key/key/key.core/../key.ui/examples/heap/vstte10_03_LinkedList/Node_inv.key.proof 
27362      DEBUG main            d.u.i.k.p.i.AbstractProblemLoader Environment load took 113ns 
27363      INFO  main            d.u.i.k.p.i.AbstractProblemLoader Creating init config 
29945      DEBUG main            d.u.i.k.p.i.AbstractProblemLoader Init config took 2.58s 
29993      INFO  main            d.u.i.k.p.i.AbstractProblemLoader Replaying proof Node[java.lang.Object::<inv>()].JML accessible clause.0 
30028      DEBUG main            d.u.i.k.p.i.IntermediateProofReplayer Proof replay took 31.28ms 
30029      DEBUG main            d.u.i.k.p.r.p.TestFile    ... success: reloaded. 
30031      INFO  main            d.u.i.k.p.r.p.TestFile    Now processing file /home/runner/work/key/key/key.core/../key.ui/examples/heap/vstte10_03_LinkedList/Node_search.key 
30031      INFO  main            d.u.i.k.p.i.AbstractProblemLoader Loading environment from /home/runner/work/key/key/key.core/../key.ui/examples/heap/vstte10_03_LinkedList/Node_search.key 
30031      DEBUG main            d.u.i.k.p.i.AbstractProblemLoader Environment load took 200ns 
30032      INFO  main            d.u.i.k.p.i.AbstractProblemLoader Creating init config 
32641      DEBUG main            d.u.i.k.p.i.AbstractProblemLoader Init config took 2.61s 
32698      INFO  main            d.u.i.k.p.i.AbstractProblemLoader Replaying proof Node[Node::search()].JML normal_behavior operation contract.0 
32700      DEBUG main            d.u.i.k.p.i.IntermediateProofReplayer Proof replay took 13.9ns 
38642      INFO  main            d.u.i.k.p.r.p.TestFile    ... finished proof: closed. 
38838      INFO  main            d.u.i.k.p.i.AbstractProblemLoader Loading environment from /home/runner/work/key/key/key.core/../key.ui/examples/heap/vstte10_03_LinkedList/Node_search.key.proof 
38838      DEBUG main            d.u.i.k.p.i.AbstractProblemLoader Environment load took 394.8ns 
38840      INFO  main            d.u.i.k.p.i.AbstractProblemLoader Creating init config 
41378      DEBUG main            d.u.i.k.p.i.AbstractProblemLoader Init config took 2.54s 
41426      INFO  main            d.u.i.k.p.i.AbstractProblemLoader Replaying proof Node[Node::search()].JML normal_behavior operation contract.0 
42085      DEBUG main            d.u.i.k.p.i.IntermediateProofReplayer Proof replay took 613.28ms 
42087      DEBUG main            d.u.i.k.p.r.p.TestFile    ... success: reloaded. 
42089      INFO  main            d.u.i.k.p.r.p.TestFile    Now processing file /home/runner/work/key/key/key.core/../key.ui/examples/heap/vstte10_04_Queens/Queens_isConsistent.key 
42089      INFO  main            d.u.i.k.p.i.AbstractProblemLoader Loading environment from /home/runner/work/key/key/key.core/../key.ui/examples/heap/vstte10_04_Queens/Queens_isConsistent.key 
42089      DEBUG main            d.u.i.k.p.i.AbstractProblemLoader Environment load took 223.3ns 
42090      INFO  main            d.u.i.k.p.i.AbstractProblemLoader Creating init config 
45018      DEBUG main            d.u.i.k.p.i.AbstractProblemLoader Init config took 2.93s 
45057      INFO  main            d.u.i.k.p.i.AbstractProblemLoader Replaying proof Queens[Queens::isConsistent([I,int)].JML normal_behavior operation contract.0 
45059      DEBUG main            d.u.i.k.p.i.IntermediateProofReplayer Proof replay took 5.9ns 
46771      INFO  main            d.u.i.k.p.r.p.TestFile    ... finished proof: closed. 
46975      INFO  main            d.u.i.k.p.i.AbstractProblemLoader Loading environment from /home/runner/work/key/key/key.core/../key.ui/examples/heap/vstte10_04_Queens/Queens_isConsistent.key.proof 
46976      DEBUG main            d.u.i.k.p.i.AbstractProblemLoader Environment load took 397.1ns 
46977      INFO  main            d.u.i.k.p.i.AbstractProblemLoader Creating init config 
49606      DEBUG main            d.u.i.k.p.i.AbstractProblemLoader Init config took 2.63s 
49646      INFO  main            d.u.i.k.p.i.AbstractProblemLoader Replaying proof Queens[Queens::isConsistent([I,int)].JML normal_behavior operation contract.0 
50012      DEBUG main            d.u.i.k.p.i.IntermediateProofReplayer Proof replay took 357.8ms 
50014      DEBUG main            d.u.i.k.p.r.p.TestFile    ... success: reloaded. 
50015      INFO  main            d.u.i.k.p.r.p.TestFile    Now processing file /home/runner/work/key/key/key.core/../key.ui/examples/heap/vstte10_04_Queens/Queens_nQueens.key 
50015      INFO  main            d.u.i.k.p.i.AbstractProblemLoader Loading environment from /home/runner/work/key/key/key.core/../key.ui/examples/heap/vstte10_04_Queens/Queens_nQueens.key 
50015      DEBUG main            d.u.i.k.p.i.AbstractProblemLoader Environment load took 215.3ns 
50016      INFO  main            d.u.i.k.p.i.AbstractProblemLoader Creating init config 
52711      DEBUG main            d.u.i.k.p.i.AbstractProblemLoader Init config took 2.7s 
52751      INFO  main            d.u.i.k.p.i.AbstractProblemLoader Replaying proof Queens[Queens::nQueens(int)].JML normal_behavior operation contract.0 
52753      DEBUG main            d.u.i.k.p.i.IntermediateProofReplayer Proof replay took 6.6ns 
65045      INFO  main            d.u.i.k.p.r.p.TestFile    ... finished proof: closed. 
65259      INFO  main            d.u.i.k.p.i.AbstractProblemLoader Loading environment from /home/runner/work/key/key/key.core/../key.ui/examples/heap/vstte10_04_Queens/Queens_nQueens.key.proof 
65259      DEBUG main            d.u.i.k.p.i.AbstractProblemLoader Environment load took 385.8ns 
65261      INFO  main            d.u.i.k.p.i.AbstractProblemLoader Creating init config 
67848      DEBUG main            d.u.i.k.p.i.AbstractProblemLoader Init config took 2.59s 
67897      INFO  main            d.u.i.k.p.i.AbstractProblemLoader Replaying proof Queens[Queens::nQueens(int)].JML normal_behavior operation contract.0 
68882      DEBUG main            d.u.i.k.p.i.IntermediateProofReplayer Proof replay took 967.8ms 
68883      DEBUG main            d.u.i.k.p.r.p.TestFile    ... success: reloaded. 
68885      INFO  main            d.u.i.k.p.r.p.TestFile    Now processing file /home/runner/work/key/key/key.core/../key.ui/examples/heap/vstte10_05_Queue/AmortizedQueue_AmortizedQueue.key 
68885      INFO  main            d.u.i.k.p.i.AbstractProblemLoader Loading environment from /home/runner/work/key/key/key.core/../key.ui/examples/heap/vstte10_05_Queue/AmortizedQueue_AmortizedQueue.key 
68885      DEBUG main            d.u.i.k.p.i.AbstractProblemLoader Environment load took 94ns 
68886      INFO  main            d.u.i.k.p.i.AbstractProblemLoader Creating init config 
71633      DEBUG main            d.u.i.k.p.i.AbstractProblemLoader Init config took 2.75s 
71676      INFO  main            d.u.i.k.p.i.AbstractProblemLoader Replaying proof AmortizedQueue[AmortizedQueue::AmortizedQueue()].JML normal_behavior operation contract.0 
71677      DEBUG main            d.u.i.k.p.i.IntermediateProofReplayer Proof replay took 5.4ns 
72986      INFO  main            d.u.i.k.p.r.p.TestFile    ... finished proof: closed. 
73177      INFO  main            d.u.i.k.p.i.AbstractProblemLoader Loading environment from /home/runner/work/key/key/key.core/../key.ui/examples/heap/vstte10_05_Queue/AmortizedQueue_AmortizedQueue.key.proof 
73177      DEBUG main            d.u.i.k.p.i.AbstractProblemLoader Environment load took 417.7ns 
73179      INFO  main            d.u.i.k.p.i.AbstractProblemLoader Creating init config 
75819      DEBUG main            d.u.i.k.p.i.AbstractProblemLoader Init config took 2.64s 
75869      INFO  main            d.u.i.k.p.i.AbstractProblemLoader Replaying proof AmortizedQueue[AmortizedQueue::AmortizedQueue()].JML normal_behavior operation contract.0 
76077      DEBUG main            d.u.i.k.p.i.IntermediateProofReplayer Proof replay took 202.47ms 
76079      DEBUG main            d.u.i.k.p.r.p.TestFile    ... success: reloaded. 
76080      INFO  main            d.u.i.k.p.r.p.TestFile    Now processing file /home/runner/work/key/key/key.core/../key.ui/examples/heap/vstte10_05_Queue/AmortizedQueue_front.key 
76080      INFO  main            d.u.i.k.p.i.AbstractProblemLoader Loading environment from /home/runner/work/key/key/key.core/../key.ui/examples/heap/vstte10_05_Queue/AmortizedQueue_front.key 
76080      DEBUG main            d.u.i.k.p.i.AbstractProblemLoader Environment load took 86ns 
76081      INFO  main            d.u.i.k.p.i.AbstractProblemLoader Creating init config 
78729      DEBUG main            d.u.i.k.p.i.AbstractProblemLoader Init config took 2.65s 
78770      INFO  main            d.u.i.k.p.i.AbstractProblemLoader Replaying proof AmortizedQueue[AmortizedQueue::front()].JML normal_behavior operation contract.0 
78772      DEBUG main            d.u.i.k.p.i.IntermediateProofReplayer Proof replay took 6.4ns 
79176      INFO  main            d.u.i.k.p.r.p.TestFile    ... finished proof: closed. 
79365      INFO  main            d.u.i.k.p.i.AbstractProblemLoader Loading environment from /home/runner/work/key/key/key.core/../key.ui/examples/heap/vstte10_05_Queue/AmortizedQueue_front.key.proof 
79365      DEBUG main            d.u.i.k.p.i.AbstractProblemLoader Environment load took 113.9ns 
79366      INFO  main            d.u.i.k.p.i.AbstractProblemLoader Creating init config 
81958      DEBUG main            d.u.i.k.p.i.AbstractProblemLoader Init config took 2.59s 
81999      INFO  main            d.u.i.k.p.i.AbstractProblemLoader Replaying proof AmortizedQueue[AmortizedQueue::front()].JML normal_behavior operation contract.0 
82050      DEBUG main            d.u.i.k.p.i.IntermediateProofReplayer Proof replay took 48.14ms 
82051      DEBUG main            d.u.i.k.p.r.p.TestFile    ... success: reloaded. 
82053      INFO  main            d.u.i.k.p.r.p.TestFile    Now processing file /home/runner/work/key/key/key.core/../key.ui/examples/heap/vstte10_05_Queue/LinkedList_concat.key 
82053      INFO  main            d.u.i.k.p.i.AbstractProblemLoader Loading environment from /home/runner/work/key/key/key.core/../key.ui/examples/heap/vstte10_05_Queue/LinkedList_concat.key 
82053      DEBUG main            d.u.i.k.p.i.AbstractProblemLoader Environment load took 192.5ns 
82054      INFO  main            d.u.i.k.p.i.AbstractProblemLoader Creating init config 
84703      DEBUG main            d.u.i.k.p.i.AbstractProblemLoader Init config took 2.65s 
84763      INFO  main            d.u.i.k.p.i.AbstractProblemLoader Replaying proof LinkedList[LinkedList::concat(LinkedList)].JML normal_behavior operation contract.0 
84766      DEBUG main            d.u.i.k.p.i.IntermediateProofReplayer Proof replay took 4.8ns 
93113      INFO  main            d.u.i.k.p.r.p.TestFile    ... finished proof: closed. 
93350      INFO  main            d.u.i.k.p.i.AbstractProblemLoader Loading environment from /home/runner/work/key/key/key.core/../key.ui/examples/heap/vstte10_05_Queue/LinkedList_concat.key.proof 
93350      DEBUG main            d.u.i.k.p.i.AbstractProblemLoader Environment load took 270.7ns 
93352      INFO  main            d.u.i.k.p.i.AbstractProblemLoader Creating init config 
95930      DEBUG main            d.u.i.k.p.i.AbstractProblemLoader Init config took 2.58s 
95973      INFO  main            d.u.i.k.p.i.AbstractProblemLoader Replaying proof LinkedList[LinkedList::concat(LinkedList)].JML normal_behavior operation contract.0 
96727      DEBUG main            d.u.i.k.p.i.IntermediateProofReplayer Proof replay took 726.33ms 
96730      DEBUG main            d.u.i.k.p.r.p.TestFile    ... success: reloaded. 
96731      INFO  main            d.u.i.k.p.r.p.TestFile    Now processing file /home/runner/work/key/key/key.core/../key.ui/examples/heap/vstte10_05_Queue/LinkedList_cons.key 
96731      INFO  main            d.u.i.k.p.i.AbstractProblemLoader Loading environment from /home/runner/work/key/key/key.core/../key.ui/examples/heap/vstte10_05_Queue/LinkedList_cons.key 
96732      DEBUG main            d.u.i.k.p.i.AbstractProblemLoader Environment load took 225ns 
96733      INFO  main            d.u.i.k.p.i.AbstractProblemLoader Creating init config 
99369      DEBUG main            d.u.i.k.p.i.AbstractProblemLoader Init config took 2.64s 
99410      INFO  main            d.u.i.k.p.i.AbstractProblemLoader Replaying proof LinkedList[LinkedList::cons(int)].JML normal_behavior operation contract.0 
99412      DEBUG main            d.u.i.k.p.i.IntermediateProofReplayer Proof replay took 4.7ns 
101633     INFO  main            d.u.i.k.p.r.p.TestFile    ... finished proof: closed. 
101847     INFO  main            d.u.i.k.p.i.AbstractProblemLoader Loading environment from /home/runner/work/key/key/key.core/../key.ui/examples/heap/vstte10_05_Queue/LinkedList_cons.key.proof 
101847     DEBUG main            d.u.i.k.p.i.AbstractProblemLoader Environment load took 383.5ns 
101848     INFO  main            d.u.i.k.p.i.AbstractProblemLoader Creating init config 
104415     DEBUG main            d.u.i.k.p.i.AbstractProblemLoader Init config took 2.57s 
104456     INFO  main            d.u.i.k.p.i.AbstractProblemLoader Replaying proof LinkedList[LinkedList::cons(int)].JML normal_behavior operation contract.0 
104706     DEBUG main            d.u.i.k.p.i.IntermediateProofReplayer Proof replay took 239.57ms 
104707     DEBUG main            d.u.i.k.p.r.p.TestFile    ... success: reloaded. 
104708     INFO  main            d.u.i.k.p.r.p.TestFile    Now processing file /home/runner/work/key/key/key.core/../key.ui/examples/heap/vstte10_05_Queue/LinkedList_head.key 
104708     INFO  main            d.u.i.k.p.i.AbstractProblemLoader Loading environment from /home/runner/work/key/key/key.core/../key.ui/examples/heap/vstte10_05_Queue/LinkedList_head.key 
104708     DEBUG main            d.u.i.k.p.i.AbstractProblemLoader Environment load took 93ns 
104709     INFO  main            d.u.i.k.p.i.AbstractProblemLoader Creating init config 
107325     DEBUG main            d.u.i.k.p.i.AbstractProblemLoader Init config took 2.62s 
107384     INFO  main            d.u.i.k.p.i.AbstractProblemLoader Replaying proof LinkedList[LinkedList::head()].JML normal_behavior operation contract.0 
107386     DEBUG main            d.u.i.k.p.i.IntermediateProofReplayer Proof replay took 5.5ns 
107488     INFO  main            d.u.i.k.p.r.p.TestFile    ... finished proof: closed. 
107695     INFO  main            d.u.i.k.p.i.AbstractProblemLoader Loading environment from /home/runner/work/key/key/key.core/../key.ui/examples/heap/vstte10_05_Queue/LinkedList_head.key.proof 
107695     DEBUG main            d.u.i.k.p.i.AbstractProblemLoader Environment load took 109.6ns 
107696     INFO  main            d.u.i.k.p.i.AbstractProblemLoader Creating init config 
110288     DEBUG main            d.u.i.k.p.i.AbstractProblemLoader Init config took 2.59s 
110328     INFO  main            d.u.i.k.p.i.AbstractProblemLoader Replaying proof LinkedList[LinkedList::head()].JML normal_behavior operation contract.0 
110341     DEBUG main            d.u.i.k.p.i.IntermediateProofReplayer Proof replay took 11.71ms 
110342     DEBUG main            d.u.i.k.p.r.p.TestFile    ... success: reloaded. 
110343     INFO  main            d.u.i.k.p.r.p.TestFile    Now processing file /home/runner/work/key/key/key.core/../key.ui/examples/heap/vstte10_05_Queue/LinkedList_inv.key 
110343     INFO  main            d.u.i.k.p.i.AbstractProblemLoader Loading environment from /home/runner/work/key/key/key.core/../key.ui/examples/heap/vstte10_05_Queue/LinkedList_inv.key 
110344     DEBUG main            d.u.i.k.p.i.AbstractProblemLoader Environment load took 86.1ns 
110344     INFO  main            d.u.i.k.p.i.AbstractProblemLoader Creating init config 
112931     DEBUG main            d.u.i.k.p.i.AbstractProblemLoader Init config took 2.59s 
112970     INFO  main            d.u.i.k.p.i.AbstractProblemLoader Replaying proof LinkedList[java.lang.Object::<inv>()].JML accessible clause.0 
112971     DEBUG main            d.u.i.k.p.i.IntermediateProofReplayer Proof replay took 4.8ns 
113275     INFO  main            d.u.i.k.p.r.p.TestFile    ... finished proof: closed. 
113480     INFO  main            d.u.i.k.p.i.AbstractProblemLoader Loading environment from /home/runner/work/key/key/key.core/../key.ui/examples/heap/vstte10_05_Queue/LinkedList_inv.key.proof 
113480     DEBUG main            d.u.i.k.p.i.AbstractProblemLoader Environment load took 111.5ns 
113481     INFO  main            d.u.i.k.p.i.AbstractProblemLoader Creating init config 
116076     DEBUG main            d.u.i.k.p.i.AbstractProblemLoader Init config took 2.6s 
116115     INFO  main            d.u.i.k.p.i.AbstractProblemLoader Replaying proof LinkedList[java.lang.Object::<inv>()].JML accessible clause.0 
116142     DEBUG main            d.u.i.k.p.i.IntermediateProofReplayer Proof replay took 24.25ms 
116143     DEBUG main            d.u.i.k.p.r.p.TestFile    ... success: reloaded. 
116144     INFO  main            d.u.i.k.p.r.p.TestFile    Now processing file /home/runner/work/key/key/key.core/../key.ui/examples/heap/vstte10_05_Queue/LinkedList_length.key 
116144     INFO  main            d.u.i.k.p.i.AbstractProblemLoader Loading environment from /home/runner/work/key/key/key.core/../key.ui/examples/heap/vstte10_05_Queue/LinkedList_length.key 
116144     DEBUG main            d.u.i.k.p.i.AbstractProblemLoader Environment load took 82.9ns 
116145     INFO  main            d.u.i.k.p.i.AbstractProblemLoader Creating init config 
118784     DEBUG main            d.u.i.k.p.i.AbstractProblemLoader Init config took 2.64s 
118824     INFO  main            d.u.i.k.p.i.AbstractProblemLoader Replaying proof LinkedList[LinkedList::length()].JML normal_behavior operation contract.0 
118825     DEBUG main            d.u.i.k.p.i.IntermediateProofReplayer Proof replay took 4.8ns 
118927     INFO  main            d.u.i.k.p.r.p.TestFile    ... finished proof: closed. 
119181     INFO  main            d.u.i.k.p.i.AbstractProblemLoader Loading environment from /home/runner/work/key/key/key.core/../key.ui/examples/heap/vstte10_05_Queue/LinkedList_length.key.proof 
119181     DEBUG main            d.u.i.k.p.i.AbstractProblemLoader Environment load took 221.8ns 
119182     INFO  main            d.u.i.k.p.i.AbstractProblemLoader Creating init config 
121761     DEBUG main            d.u.i.k.p.i.AbstractProblemLoader Init config took 2.58s 
121808     INFO  main            d.u.i.k.p.i.AbstractProblemLoader Replaying proof LinkedList[LinkedList::length()].JML normal_behavior operation contract.0 
121822     DEBUG main            d.u.i.k.p.i.IntermediateProofReplayer Proof replay took 12.54ms 
121823     DEBUG main            d.u.i.k.p.r.p.TestFile    ... success: reloaded. 
121824     INFO  main            d.u.i.k.p.r.p.TestFile    Now processing file /home/runner/work/key/key/key.core/../key.ui/examples/heap/vstte10_05_Queue/LinkedList_LinkedList1.key 
121825     INFO  main            d.u.i.k.p.i.AbstractProblemLoader Loading environment from /home/runner/work/key/key/key.core/../key.ui/examples/heap/vstte10_05_Queue/LinkedList_LinkedList1.key 
121825     DEBUG main            d.u.i.k.p.i.AbstractProblemLoader Environment load took 191.3ns 
121826     INFO  main            d.u.i.k.p.i.AbstractProblemLoader Creating init config 
124413     DEBUG main            d.u.i.k.p.i.AbstractProblemLoader Init config took 2.59s 
124453     INFO  main            d.u.i.k.p.i.AbstractProblemLoader Replaying proof LinkedList[LinkedList::LinkedList(int,LinkedList)].JML normal_behavior operation contract.0 
124454     DEBUG main            d.u.i.k.p.i.IntermediateProofReplayer Proof replay took 5.5ns 
126202     INFO  main            d.u.i.k.p.r.p.TestFile    ... finished proof: closed. 
126435     INFO  main            d.u.i.k.p.i.AbstractProblemLoader Loading environment from /home/runner/work/key/key/key.core/../key.ui/examples/heap/vstte10_05_Queue/LinkedList_LinkedList1.key.proof 
126436     DEBUG main            d.u.i.k.p.i.AbstractProblemLoader Environment load took 450.8ns 
126437     INFO  main            d.u.i.k.p.i.AbstractProblemLoader Creating init config 
128986     DEBUG main            d.u.i.k.p.i.AbstractProblemLoader Init config took 2.55s 
129039     INFO  main            d.u.i.k.p.i.AbstractProblemLoader Replaying proof LinkedList[LinkedList::LinkedList(int,LinkedList)].JML normal_behavior operation contract.0 
129270     DEBUG main            d.u.i.k.p.i.IntermediateProofReplayer Proof replay took 223.99ms 
129271     DEBUG main            d.u.i.k.p.r.p.TestFile    ... success: reloaded. 
129272     INFO  main            d.u.i.k.p.r.p.TestFile    Now processing file /home/runner/work/key/key/key.core/../key.ui/examples/heap/vstte10_05_Queue/LinkedList_LinkedList2.key 
129272     INFO  main            d.u.i.k.p.i.AbstractProblemLoader Loading environment from /home/runner/work/key/key/key.core/../key.ui/examples/heap/vstte10_05_Queue/LinkedList_LinkedList2.key 
129272     DEBUG main            d.u.i.k.p.i.AbstractProblemLoader Environment load took 78.2ns 
129273     INFO  main            d.u.i.k.p.i.AbstractProblemLoader Creating init config 
131917     DEBUG main            d.u.i.k.p.i.AbstractProblemLoader Init config took 2.64s 
131957     INFO  main            d.u.i.k.p.i.AbstractProblemLoader Replaying proof LinkedList[LinkedList::LinkedList(int,LinkedList)].JML normal_behavior operation contract.0 
131958     DEBUG main            d.u.i.k.p.i.IntermediateProofReplayer Proof replay took 5ns 
133665     INFO  main            d.u.i.k.p.r.p.TestFile    ... finished proof: closed. 
133895     INFO  main            d.u.i.k.p.i.AbstractProblemLoader Loading environment from /home/runner/work/key/key/key.core/../key.ui/examples/heap/vstte10_05_Queue/LinkedList_LinkedList2.key.proof 
133898     DEBUG main            d.u.i.k.p.i.AbstractProblemLoader Environment load took 2.33ms 
133899     INFO  main            d.u.i.k.p.i.AbstractProblemLoader Creating init config 
136439     DEBUG main            d.u.i.k.p.i.AbstractProblemLoader Init config took 2.54s 
136479     INFO  main            d.u.i.k.p.i.AbstractProblemLoader Replaying proof LinkedList[LinkedList::LinkedList(int,LinkedList)].JML normal_behavior operation contract.0 
136719     DEBUG main            d.u.i.k.p.i.IntermediateProofReplayer Proof replay took 232.78ms 
136720     DEBUG main            d.u.i.k.p.r.p.TestFile    ... success: reloaded. 
136721     INFO  main            d.u.i.k.p.r.p.TestFile    Now processing file /home/runner/work/key/key/key.core/../key.ui/examples/heap/vstte10_05_Queue/LinkedList_LinkedList3.key 
136721     INFO  main            d.u.i.k.p.i.AbstractProblemLoader Loading environment from /home/runner/work/key/key/key.core/../key.ui/examples/heap/vstte10_05_Queue/LinkedList_LinkedList3.key 
136721     DEBUG main            d.u.i.k.p.i.AbstractProblemLoader Environment load took 59.7ns 
136722     INFO  main            d.u.i.k.p.i.AbstractProblemLoader Creating init config 
139305     DEBUG main            d.u.i.k.p.i.AbstractProblemLoader Init config took 2.58s 
139345     INFO  main            d.u.i.k.p.i.AbstractProblemLoader Replaying proof LinkedList[LinkedList::LinkedList(int,LinkedList)].JML normal_behavior operation contract.0 
139346     DEBUG main            d.u.i.k.p.i.IntermediateProofReplayer Proof replay took 5.8ns 
151415     INFO  main            d.u.i.k.p.r.p.TestFile    ... finished proof: closed. 
151717     INFO  main            d.u.i.k.p.i.AbstractProblemLoader Loading environment from /home/runner/work/key/key/key.core/../key.ui/examples/heap/vstte10_05_Queue/LinkedList_LinkedList3.key.proof 
151717     DEBUG main            d.u.i.k.p.i.AbstractProblemLoader Environment load took 181.4ns 
151722     INFO  main            d.u.i.k.p.i.AbstractProblemLoader Creating init config 
154260     DEBUG main            d.u.i.k.p.i.AbstractProblemLoader Init config took 2.54s 
154303     INFO  main            d.u.i.k.p.i.AbstractProblemLoader Replaying proof LinkedList[LinkedList::LinkedList(int,LinkedList)].JML normal_behavior operation contract.0 
155422     DEBUG main            d.u.i.k.p.i.IntermediateProofReplayer Proof replay took 1.03s 
155427     DEBUG main            d.u.i.k.p.r.p.TestFile    ... success: reloaded. 
155428     INFO  main            d.u.i.k.p.r.p.TestFile    Now processing file /home/runner/work/key/key/key.core/../key.ui/examples/heap/vstte10_05_Queue/LinkedList_reverse.key 
155428     INFO  main            d.u.i.k.p.i.AbstractProblemLoader Loading environment from /home/runner/work/key/key/key.core/../key.ui/examples/heap/vstte10_05_Queue/LinkedList_reverse.key 
155428     DEBUG main            d.u.i.k.p.i.AbstractProblemLoader Environment load took 82ns 
155429     INFO  main            d.u.i.k.p.i.AbstractProblemLoader Creating init config 
158102     DEBUG main            d.u.i.k.p.i.AbstractProblemLoader Init config took 2.67s 
158143     INFO  main            d.u.i.k.p.i.AbstractProblemLoader Replaying proof LinkedList[LinkedList::reverse()].JML normal_behavior operation contract.0 
158144     DEBUG main            d.u.i.k.p.i.IntermediateProofReplayer Proof replay took 5.1ns 
166563     INFO  main            d.u.i.k.p.r.p.TestFile    ... finished proof: closed. 
166836     INFO  main            d.u.i.k.p.i.AbstractProblemLoader Loading environment from /home/runner/work/key/key/key.core/../key.ui/examples/heap/vstte10_05_Queue/LinkedList_reverse.key.proof 
166837     DEBUG main            d.u.i.k.p.i.AbstractProblemLoader Environment load took 533.5ns 
166839     INFO  main            d.u.i.k.p.i.AbstractProblemLoader Creating init config 
169396     DEBUG main            d.u.i.k.p.i.AbstractProblemLoader Init config took 2.56s 
169436     INFO  main            d.u.i.k.p.i.AbstractProblemLoader Replaying proof LinkedList[LinkedList::reverse()].JML normal_behavior operation contract.0 
170143     DEBUG main            d.u.i.k.p.i.IntermediateProofReplayer Proof replay took 680.16ms 
170145     DEBUG main            d.u.i.k.p.r.p.TestFile    ... success: reloaded. 
170146     INFO  main            d.u.i.k.p.r.p.TestFile    Now processing file /home/runner/work/key/key/key.core/../key.ui/examples/heap/vstte10_05_Queue/LinkedList_tail.key 
170146     INFO  main            d.u.i.k.p.i.AbstractProblemLoader Loading environment from /home/runner/work/key/key/key.core/../key.ui/examples/heap/vstte10_05_Queue/LinkedList_tail.key 
170146     DEBUG main            d.u.i.k.p.i.AbstractProblemLoader Environment load took 92.7ns 
170147     INFO  main            d.u.i.k.p.i.AbstractProblemLoader Creating init config 
172723     DEBUG main            d.u.i.k.p.i.AbstractProblemLoader Init config took 2.58s 
172762     INFO  main            d.u.i.k.p.i.AbstractProblemLoader Replaying proof LinkedList[LinkedList::tail()].JML normal_behavior operation contract.0 
172763     DEBUG main            d.u.i.k.p.i.IntermediateProofReplayer Proof replay took 38.9ns 
173265     INFO  main            d.u.i.k.p.r.p.TestFile    ... finished proof: closed. 
173499     INFO  main            d.u.i.k.p.i.AbstractProblemLoader Loading environment from /home/runner/work/key/key/key.core/../key.ui/examples/heap/vstte10_05_Queue/LinkedList_tail.key.proof 
173499     DEBUG main            d.u.i.k.p.i.AbstractProblemLoader Environment load took 103.1ns 
173500     INFO  main            d.u.i.k.p.i.AbstractProblemLoader Creating init config 
176057     DEBUG main            d.u.i.k.p.i.AbstractProblemLoader Init config took 2.56s 
176096     INFO  main            d.u.i.k.p.i.AbstractProblemLoader Replaying proof LinkedList[LinkedList::tail()].JML normal_behavior operation contract.0 
176183     DEBUG main            d.u.i.k.p.i.IntermediateProofReplayer Proof replay took 84.08ms 
176184     DEBUG main            d.u.i.k.p.r.p.TestFile    ... success: reloaded. 
2249381    INFO  Test worker     d.u.i.k.p.r.RunAllProofsTestUnit Returning from test VSTTE10 
2249382    INFO  Test worker     d.u.i.k.p.r.RunAllProofsTestUnit Running test WeideEtAl 
381        INFO  Timeout watchdog d.u.i.k.p.r.p.ForkedTestFileRunner Timeout watcher launched (2000 secs.) 
403        WARN  main            d.u.i.k.s.ProofSettings   The settings in /home/runner/.key/proof-settings.props are *not* read. 
445        INFO  main            d.u.i.k.p.r.p.TestFile    Now processing file /home/runner/work/key/key/key.core/../key.ui/examples/heap/WeideEtAl_01_AddAndMultiply/AddAndMultiply_add.key 
563        INFO  main            d.u.i.k.p.i.AbstractProblemLoader Loading environment from /home/runner/work/key/key/key.core/../key.ui/examples/heap/WeideEtAl_01_AddAndMultiply/AddAndMultiply_add.key 
592        DEBUG main            d.u.i.k.p.i.AbstractProblemLoader Environment load took 1.73ms 
828        INFO  main            d.u.i.k.p.i.AbstractProblemLoader Creating init config 
1643       DEBUG main            d.u.i.k.j.TypeConverter   No LDT found for Meta 
1647       DEBUG main            d.u.i.k.j.TypeConverter   No LDT found for Meta 
1650       DEBUG main            d.u.i.k.j.TypeConverter   No LDT found for Meta 
1651       DEBUG main            d.u.i.k.j.TypeConverter   No LDT found for Meta 
2925       DEBUG main            d.u.i.k.j.TypeConverter   No LDT found for JavaBigintExpression 
7746       DEBUG main            d.u.i.k.p.i.AbstractProblemLoader Init config took 6.92s 
7893       INFO  main            d.u.i.k.p.i.AbstractProblemLoader Replaying proof AddAndMultiply[AddAndMultiply::add(int,int)].JML normal_behavior operation contract.0 
7926       DEBUG main            d.u.i.k.p.i.IntermediateProofReplayer Proof replay took 31.1ns 
9262       INFO  main            d.u.i.k.p.r.p.TestFile    ... finished proof: closed. 
9403       INFO  main            d.u.i.k.p.i.AbstractProblemLoader Loading environment from /home/runner/work/key/key/key.core/../key.ui/examples/heap/WeideEtAl_01_AddAndMultiply/AddAndMultiply_add.key.proof 
9404       DEBUG main            d.u.i.k.p.i.AbstractProblemLoader Environment load took 1.25ms 
9406       INFO  main            d.u.i.k.p.i.AbstractProblemLoader Creating init config 
12105      DEBUG main            d.u.i.k.p.i.AbstractProblemLoader Init config took 2.7s 
12189      INFO  main            d.u.i.k.p.i.AbstractProblemLoader Replaying proof AddAndMultiply[AddAndMultiply::add(int,int)].JML normal_behavior operation contract.0 
12449      DEBUG main            d.u.i.k.p.i.IntermediateProofReplayer Proof replay took 241.51ms 
12455      DEBUG main            d.u.i.k.p.r.p.TestFile    ... success: reloaded. 
12457      INFO  main            d.u.i.k.p.r.p.TestFile    Now processing file /home/runner/work/key/key/key.core/../key.ui/examples/heap/WeideEtAl_01_AddAndMultiply/AddAndMultiply_mul.key 
12457      INFO  main            d.u.i.k.p.i.AbstractProblemLoader Loading environment from /home/runner/work/key/key/key.core/../key.ui/examples/heap/WeideEtAl_01_AddAndMultiply/AddAndMultiply_mul.key 
12458      DEBUG main            d.u.i.k.p.i.AbstractProblemLoader Environment load took 239.8ns 
12459      INFO  main            d.u.i.k.p.i.AbstractProblemLoader Creating init config 
15142      DEBUG main            d.u.i.k.p.i.AbstractProblemLoader Init config took 2.68s 
15199      INFO  main            d.u.i.k.p.i.AbstractProblemLoader Replaying proof AddAndMultiply[AddAndMultiply::mul(int,int)].JML normal_behavior operation contract.0 
15202      DEBUG main            d.u.i.k.p.i.IntermediateProofReplayer Proof replay took 4.9ns 
15605      INFO  main            d.u.i.k.p.r.p.TestFile    ... finished proof: closed. 
15749      INFO  main            d.u.i.k.p.i.AbstractProblemLoader Loading environment from /home/runner/work/key/key/key.core/../key.ui/examples/heap/WeideEtAl_01_AddAndMultiply/AddAndMultiply_mul.key.proof 
15749      DEBUG main            d.u.i.k.p.i.AbstractProblemLoader Environment load took 709.8ns 
15752      INFO  main            d.u.i.k.p.i.AbstractProblemLoader Creating init config 
18261      DEBUG main            d.u.i.k.p.i.AbstractProblemLoader Init config took 2.51s 
18322      INFO  main            d.u.i.k.p.i.AbstractProblemLoader Replaying proof AddAndMultiply[AddAndMultiply::mul(int,int)].JML normal_behavior operation contract.0 
18433      DEBUG main            d.u.i.k.p.i.IntermediateProofReplayer Proof replay took 105.69ms 
18434      DEBUG main            d.u.i.k.p.r.p.TestFile    ... success: reloaded. 
18436      INFO  main            d.u.i.k.p.r.p.TestFile    Now processing file /home/runner/work/key/key/key.core/../key.ui/examples/heap/WeideEtAl_02_BinarySearch/BinarySearch_search.key 
18436      INFO  main            d.u.i.k.p.i.AbstractProblemLoader Loading environment from /home/runner/work/key/key/key.core/../key.ui/examples/heap/WeideEtAl_02_BinarySearch/BinarySearch_search.key 
18436      DEBUG main            d.u.i.k.p.i.AbstractProblemLoader Environment load took 206.3ns 
18438      INFO  main            d.u.i.k.p.i.AbstractProblemLoader Creating init config 
21032      DEBUG main            d.u.i.k.p.i.AbstractProblemLoader Init config took 2.59s 
21079      INFO  main            d.u.i.k.p.i.AbstractProblemLoader Replaying proof BinarySearch[BinarySearch::search([I,int)].JML normal_behavior operation contract.0 
21083      DEBUG main            d.u.i.k.p.i.IntermediateProofReplayer Proof replay took 6.2ns 
24201      INFO  main            d.u.i.k.p.r.p.TestFile    ... finished proof: closed. 
24381      INFO  main            d.u.i.k.p.i.AbstractProblemLoader Loading environment from /home/runner/work/key/key/key.core/../key.ui/examples/heap/WeideEtAl_02_BinarySearch/BinarySearch_search.key.proof 
24381      DEBUG main            d.u.i.k.p.i.AbstractProblemLoader Environment load took 407.8ns 
24383      INFO  main            d.u.i.k.p.i.AbstractProblemLoader Creating init config 
26869      DEBUG main            d.u.i.k.p.i.AbstractProblemLoader Init config took 2.49s 
26911      INFO  main            d.u.i.k.p.i.AbstractProblemLoader Replaying proof BinarySearch[BinarySearch::search([I,int)].JML normal_behavior operation contract.0 
27412      DEBUG main            d.u.i.k.p.i.IntermediateProofReplayer Proof replay took 483.71ms 
27413      DEBUG main            d.u.i.k.p.r.p.TestFile    ... success: reloaded. 
2276990    INFO  Test worker     d.u.i.k.p.r.RunAllProofsTestUnit Returning from test WeideEtAl 
2276991    INFO  Test worker     d.u.i.k.p.r.RunAllProofsTestUnit Running test arithmetic 
358        INFO  Timeout watchdog d.u.i.k.p.r.p.ForkedTestFileRunner Timeout watcher launched (2000 secs.) 
366        WARN  main            d.u.i.k.s.ProofSettings   The settings in /home/runner/.key/proof-settings.props are *not* read. 
394        INFO  main            d.u.i.k.p.r.p.TestFile    Now processing file /home/runner/work/key/key/key.core/../key.ui/examples/standard_key/arith/binomial1.key 
518        INFO  main            d.u.i.k.p.i.AbstractProblemLoader Loading environment from /home/runner/work/key/key/key.core/../key.ui/examples/standard_key/arith/binomial1.key 
537        DEBUG main            d.u.i.k.p.i.AbstractProblemLoader Environment load took 1.83ms 
756        INFO  main            d.u.i.k.p.i.AbstractProblemLoader Creating init config 
1529       DEBUG main            d.u.i.k.j.TypeConverter   No LDT found for Meta 
1535       DEBUG main            d.u.i.k.j.TypeConverter   No LDT found for Meta 
1536       DEBUG main            d.u.i.k.j.TypeConverter   No LDT found for Meta 
1537       DEBUG main            d.u.i.k.j.TypeConverter   No LDT found for Meta 
2879       DEBUG main            d.u.i.k.j.TypeConverter   No LDT found for JavaBigintExpression 
7521       DEBUG main            d.u.i.k.p.i.AbstractProblemLoader Init config took 6.76s 
7592       INFO  main            d.u.i.k.p.i.AbstractProblemLoader Replaying proof binomial1.key 
7627       DEBUG main            d.u.i.k.p.i.IntermediateProofReplayer Proof replay took 32.5ns 
7903       INFO  main            d.u.i.k.p.r.p.TestFile    ... finished proof: closed. 
8002       INFO  main            d.u.i.k.p.i.AbstractProblemLoader Loading environment from /home/runner/work/key/key/key.core/../key.ui/examples/standard_key/arith/binomial1.key.proof 
8006       DEBUG main            d.u.i.k.p.i.AbstractProblemLoader Environment load took 3.52ms 
8009       INFO  main            d.u.i.k.p.i.AbstractProblemLoader Creating init config 
10597      DEBUG main            d.u.i.k.p.i.AbstractProblemLoader Init config took 2.59s 
10642      INFO  main            d.u.i.k.p.i.AbstractProblemLoader Replaying proof binomial1.key.proof 
10658      DEBUG main            d.u.i.k.p.i.IntermediateProofReplayer Proof replay took 12.18ms 
10668      DEBUG main            d.u.i.k.p.r.p.TestFile    ... success: reloaded. 
10669      INFO  main            d.u.i.k.p.r.p.TestFile    Now processing file /home/runner/work/key/key/key.core/../key.ui/examples/standard_key/arith/binomial2.key 
10669      INFO  main            d.u.i.k.p.i.AbstractProblemLoader Loading environment from /home/runner/work/key/key/key.core/../key.ui/examples/standard_key/arith/binomial2.key 
10669      DEBUG main            d.u.i.k.p.i.AbstractProblemLoader Environment load took 208.1ns 
10671      INFO  main            d.u.i.k.p.i.AbstractProblemLoader Creating init config 
13199      DEBUG main            d.u.i.k.p.i.AbstractProblemLoader Init config took 2.53s 
13243      INFO  main            d.u.i.k.p.i.AbstractProblemLoader Replaying proof binomial2.key 
13249      DEBUG main            d.u.i.k.p.i.IntermediateProofReplayer Proof replay took 6ns 
13353      INFO  main            d.u.i.k.p.r.p.TestFile    ... finished proof: closed. 
13482      INFO  main            d.u.i.k.p.i.AbstractProblemLoader Loading environment from /home/runner/work/key/key/key.core/../key.ui/examples/standard_key/arith/binomial2.key.proof 
13482      DEBUG main            d.u.i.k.p.i.AbstractProblemLoader Environment load took 125.5ns 
13483      INFO  main            d.u.i.k.p.i.AbstractProblemLoader Creating init config 
15955      DEBUG main            d.u.i.k.p.i.AbstractProblemLoader Init config took 2.47s 
15977      INFO  main            d.u.i.k.p.i.AbstractProblemLoader Replaying proof binomial2.key.proof 
15988      DEBUG main            d.u.i.k.p.i.IntermediateProofReplayer Proof replay took 9.5ms 
15989      DEBUG main            d.u.i.k.p.r.p.TestFile    ... success: reloaded. 
15990      INFO  main            d.u.i.k.p.r.p.TestFile    Now processing file /home/runner/work/key/key/key.core/../key.ui/examples/standard_key/arith/check_jdiv.key 
15990      INFO  main            d.u.i.k.p.i.AbstractProblemLoader Loading environment from /home/runner/work/key/key/key.core/../key.ui/examples/standard_key/arith/check_jdiv.key 
15991      DEBUG main            d.u.i.k.p.i.AbstractProblemLoader Environment load took 106.1ns 
15992      INFO  main            d.u.i.k.p.i.AbstractProblemLoader Creating init config 
18432      DEBUG main            d.u.i.k.p.i.AbstractProblemLoader Init config took 2.44s 
18451      INFO  main            d.u.i.k.p.i.AbstractProblemLoader Replaying proof check_jdiv.key 
18455      DEBUG main            d.u.i.k.p.i.IntermediateProofReplayer Proof replay took 5.5ns 
23254      INFO  main            d.u.i.k.p.r.p.TestFile    ... finished proof: closed. 
23452      INFO  main            d.u.i.k.p.i.AbstractProblemLoader Loading environment from /home/runner/work/key/key/key.core/../key.ui/examples/standard_key/arith/check_jdiv.key.proof 
23452      DEBUG main            d.u.i.k.p.i.AbstractProblemLoader Environment load took 467.9ns 
23456      INFO  main            d.u.i.k.p.i.AbstractProblemLoader Creating init config 
25875      DEBUG main            d.u.i.k.p.i.AbstractProblemLoader Init config took 2.42s 
25895      INFO  main            d.u.i.k.p.i.AbstractProblemLoader Replaying proof check_jdiv.key.proof 
26240      DEBUG main            d.u.i.k.p.i.IntermediateProofReplayer Proof replay took 308.35ms 
26242      DEBUG main            d.u.i.k.p.r.p.TestFile    ... success: reloaded. 
26244      INFO  main            d.u.i.k.p.r.p.TestFile    Now processing file /home/runner/work/key/key/key.core/../key.ui/examples/standard_key/arith/check_jdiv_concrete.key 
26244      INFO  main            d.u.i.k.p.i.AbstractProblemLoader Loading environment from /home/runner/work/key/key/key.core/../key.ui/examples/standard_key/arith/check_jdiv_concrete.key 
26244      DEBUG main            d.u.i.k.p.i.AbstractProblemLoader Environment load took 225.6ns 
26246      INFO  main            d.u.i.k.p.i.AbstractProblemLoader Creating init config 
28699      DEBUG main            d.u.i.k.p.i.AbstractProblemLoader Init config took 2.45s 
28719      INFO  main            d.u.i.k.p.i.AbstractProblemLoader Replaying proof check_jdiv_concrete.key 
28721      DEBUG main            d.u.i.k.p.i.IntermediateProofReplayer Proof replay took 5.8ns 
28823      INFO  main            d.u.i.k.p.r.p.TestFile    ... finished proof: closed. 
28996      INFO  main            d.u.i.k.p.i.AbstractProblemLoader Loading environment from /home/runner/work/key/key/key.core/../key.ui/examples/standard_key/arith/check_jdiv_concrete.key.proof 
28996      DEBUG main            d.u.i.k.p.i.AbstractProblemLoader Environment load took 109.8ns 
28997      INFO  main            d.u.i.k.p.i.AbstractProblemLoader Creating init config 
31356      DEBUG main            d.u.i.k.p.i.AbstractProblemLoader Init config took 2.36s 
31375      INFO  main            d.u.i.k.p.i.AbstractProblemLoader Replaying proof check_jdiv_concrete.key.proof 
31380      DEBUG main            d.u.i.k.p.i.IntermediateProofReplayer Proof replay took 3.27ms 
31381      DEBUG main            d.u.i.k.p.r.p.TestFile    ... success: reloaded. 
31382      INFO  main            d.u.i.k.p.r.p.TestFile    Now processing file /home/runner/work/key/key/key.core/../key.ui/examples/standard_key/arith/check_jdiv_instantiated.key 
31382      INFO  main            d.u.i.k.p.i.AbstractProblemLoader Loading environment from /home/runner/work/key/key/key.core/../key.ui/examples/standard_key/arith/check_jdiv_instantiated.key 
31382      DEBUG main            d.u.i.k.p.i.AbstractProblemLoader Environment load took 85.7ns 
31384      INFO  main            d.u.i.k.p.i.AbstractProblemLoader Creating init config 
33791      DEBUG main            d.u.i.k.p.i.AbstractProblemLoader Init config took 2.41s 
33814      INFO  main            d.u.i.k.p.i.AbstractProblemLoader Replaying proof check_jdiv_instantiated.key 
33817      DEBUG main            d.u.i.k.p.i.IntermediateProofReplayer Proof replay took 5.3ns 
36953      INFO  main            d.u.i.k.p.r.p.TestFile    ... finished proof: closed. 
37142      INFO  main            d.u.i.k.p.i.AbstractProblemLoader Loading environment from /home/runner/work/key/key/key.core/../key.ui/examples/standard_key/arith/check_jdiv_instantiated.key.proof 
37142      DEBUG main            d.u.i.k.p.i.AbstractProblemLoader Environment load took 120.6ns 
37144      INFO  main            d.u.i.k.p.i.AbstractProblemLoader Creating init config 
39497      DEBUG main            d.u.i.k.p.i.AbstractProblemLoader Init config took 2.35s 
39518      INFO  main            d.u.i.k.p.i.AbstractProblemLoader Replaying proof check_jdiv_instantiated.key.proof 
39724      DEBUG main            d.u.i.k.p.i.IntermediateProofReplayer Proof replay took 177.17ms 
39726      DEBUG main            d.u.i.k.p.r.p.TestFile    ... success: reloaded. 
39727      INFO  main            d.u.i.k.p.r.p.TestFile    Now processing file /home/runner/work/key/key/key.core/../key.ui/examples/standard_key/arith/check_jmod.key 
39728      INFO  main            d.u.i.k.p.i.AbstractProblemLoader Loading environment from /home/runner/work/key/key/key.core/../key.ui/examples/standard_key/arith/check_jmod.key 
39728      DEBUG main            d.u.i.k.p.i.AbstractProblemLoader Environment load took 244.2ns 
39729      INFO  main            d.u.i.k.p.i.AbstractProblemLoader Creating init config 
42082      DEBUG main            d.u.i.k.p.i.AbstractProblemLoader Init config took 2.35s 
42100      INFO  main            d.u.i.k.p.i.AbstractProblemLoader Replaying proof check_jmod.key 
42103      DEBUG main            d.u.i.k.p.i.IntermediateProofReplayer Proof replay took 5.8ns 
42623      INFO  main            d.u.i.k.p.r.p.TestFile    ... finished proof: closed. 
42825      INFO  main            d.u.i.k.p.i.AbstractProblemLoader Loading environment from /home/runner/work/key/key/key.core/../key.ui/examples/standard_key/arith/check_jmod.key.proof 
42825      DEBUG main            d.u.i.k.p.i.AbstractProblemLoader Environment load took 438ns 
42827      INFO  main            d.u.i.k.p.i.AbstractProblemLoader Creating init config 
45155      DEBUG main            d.u.i.k.p.i.AbstractProblemLoader Init config took 2.33s 
45174      INFO  main            d.u.i.k.p.i.AbstractProblemLoader Replaying proof check_jmod.key.proof 
45220      DEBUG main            d.u.i.k.p.i.IntermediateProofReplayer Proof replay took 40.41ms 
45221      DEBUG main            d.u.i.k.p.r.p.TestFile    ... success: reloaded. 
45222      INFO  main            d.u.i.k.p.r.p.TestFile    Now processing file /home/runner/work/key/key/key.core/../key.ui/examples/standard_key/arith/complexExpressions.key 
45223      INFO  main            d.u.i.k.p.i.AbstractProblemLoader Loading environment from /home/runner/work/key/key/key.core/../key.ui/examples/standard_key/arith/complexExpressions.key 
45223      DEBUG main            d.u.i.k.p.i.AbstractProblemLoader Environment load took 84.9ns 
45224      INFO  main            d.u.i.k.p.i.AbstractProblemLoader Creating init config 
47540      DEBUG main            d.u.i.k.p.i.AbstractProblemLoader Init config took 2.32s 
47558      INFO  main            d.u.i.k.p.i.AbstractProblemLoader Replaying proof complexExpressions.key 
47560      DEBUG main            d.u.i.k.p.i.IntermediateProofReplayer Proof replay took 6.3ns 
47665      INFO  main            d.u.i.k.p.r.p.TestFile    ... finished proof: closed. 
47832      INFO  main            d.u.i.k.p.i.AbstractProblemLoader Loading environment from /home/runner/work/key/key/key.core/../key.ui/examples/standard_key/arith/complexExpressions.key.proof 
47832      DEBUG main            d.u.i.k.p.i.AbstractProblemLoader Environment load took 108.3ns 
47833      INFO  main            d.u.i.k.p.i.AbstractProblemLoader Creating init config 
50178      DEBUG main            d.u.i.k.p.i.AbstractProblemLoader Init config took 2.34s 
50195      INFO  main            d.u.i.k.p.i.AbstractProblemLoader Replaying proof complexExpressions.key.proof 
50205      DEBUG main            d.u.i.k.p.i.IntermediateProofReplayer Proof replay took 7.89ms 
50206      DEBUG main            d.u.i.k.p.r.p.TestFile    ... success: reloaded. 
50206      INFO  main            d.u.i.k.p.r.p.TestFile    Now processing file /home/runner/work/key/key/key.core/../key.ui/examples/standard_key/arith/compound_unaryMinus.key 
50207      INFO  main            d.u.i.k.p.i.AbstractProblemLoader Loading environment from /home/runner/work/key/key/key.core/../key.ui/examples/standard_key/arith/compound_unaryMinus.key 
50207      DEBUG main            d.u.i.k.p.i.AbstractProblemLoader Environment load took 180.5ns 
50208      INFO  main            d.u.i.k.p.i.AbstractProblemLoader Creating init config 
52513      DEBUG main            d.u.i.k.p.i.AbstractProblemLoader Init config took 2.3s 
52529      INFO  main            d.u.i.k.p.i.AbstractProblemLoader Replaying proof compound_unaryMinus.key 
52531      DEBUG main            d.u.i.k.p.i.IntermediateProofReplayer Proof replay took 6.2ns 
52633      INFO  main            d.u.i.k.p.r.p.TestFile    ... finished proof: closed. 
52785      INFO  main            d.u.i.k.p.i.AbstractProblemLoader Loading environment from /home/runner/work/key/key/key.core/../key.ui/examples/standard_key/arith/compound_unaryMinus.key.proof 
52785      DEBUG main            d.u.i.k.p.i.AbstractProblemLoader Environment load took 112.4ns 
52786      INFO  main            d.u.i.k.p.i.AbstractProblemLoader Creating init config 
55091      DEBUG main            d.u.i.k.p.i.AbstractProblemLoader Init config took 2.31s 
55107      INFO  main            d.u.i.k.p.i.AbstractProblemLoader Replaying proof compound_unaryMinus.key.proof 
55112      DEBUG main            d.u.i.k.p.i.IntermediateProofReplayer Proof replay took 3.24ms 
55113      DEBUG main            d.u.i.k.p.r.p.TestFile    ... success: reloaded. 
55113      INFO  main            d.u.i.k.p.r.p.TestFile    Now processing file /home/runner/work/key/key/key.core/../key.ui/examples/standard_key/arith/computation.key 
55114      INFO  main            d.u.i.k.p.i.AbstractProblemLoader Loading environment from /home/runner/work/key/key/key.core/../key.ui/examples/standard_key/arith/computation.key 
55114      DEBUG main            d.u.i.k.p.i.AbstractProblemLoader Environment load took 82.6ns 
55115      INFO  main            d.u.i.k.p.i.AbstractProblemLoader Creating init config 
57449      DEBUG main            d.u.i.k.p.i.AbstractProblemLoader Init config took 2.33s 
57467      INFO  main            d.u.i.k.p.i.AbstractProblemLoader Replaying proof computation.key 
57468      DEBUG main            d.u.i.k.p.i.IntermediateProofReplayer Proof replay took 5.7ns 
58876      INFO  main            d.u.i.k.p.r.p.TestFile    ... finished proof: closed. 
59126      INFO  main            d.u.i.k.p.i.AbstractProblemLoader Loading environment from /home/runner/work/key/key/key.core/../key.ui/examples/standard_key/arith/computation.key.proof 
59126      DEBUG main            d.u.i.k.p.i.AbstractProblemLoader Environment load took 435.6ns 
59128      INFO  main            d.u.i.k.p.i.AbstractProblemLoader Creating init config 
61398      DEBUG main            d.u.i.k.p.i.AbstractProblemLoader Init config took 2.27s 
61416      INFO  main            d.u.i.k.p.i.AbstractProblemLoader Replaying proof computation.key.proof 
61570      DEBUG main            d.u.i.k.p.i.IntermediateProofReplayer Proof replay took 148.71ms 
61571      DEBUG main            d.u.i.k.p.r.p.TestFile    ... success: reloaded. 
61572      INFO  main            d.u.i.k.p.r.p.TestFile    Now processing file /home/runner/work/key/key/key.core/../key.ui/examples/standard_key/arith/cubicSum.key 
61573      INFO  main            d.u.i.k.p.i.AbstractProblemLoader Loading environment from /home/runner/work/key/key/key.core/../key.ui/examples/standard_key/arith/cubicSum.key 
61573      DEBUG main            d.u.i.k.p.i.AbstractProblemLoader Environment load took 579ns 
61575      INFO  main            d.u.i.k.p.i.AbstractProblemLoader Creating init config 
64045      DEBUG main            d.u.i.k.p.i.AbstractProblemLoader Init config took 2.47s 
64079      INFO  main            d.u.i.k.p.i.AbstractProblemLoader Replaying proof cubicSum.key 
64082      DEBUG main            d.u.i.k.p.i.IntermediateProofReplayer Proof replay took 6.5ns 
65289      INFO  main            d.u.i.k.p.r.p.TestFile    ... finished proof: closed. 
65538      INFO  main            d.u.i.k.p.i.AbstractProblemLoader Loading environment from /home/runner/work/key/key/key.core/../key.ui/examples/standard_key/arith/cubicSum.key.proof 
65539      DEBUG main            d.u.i.k.p.i.AbstractProblemLoader Environment load took 135ns 
65540      INFO  main            d.u.i.k.p.i.AbstractProblemLoader Creating init config 
67849      DEBUG main            d.u.i.k.p.i.AbstractProblemLoader Init config took 2.31s 
67866      INFO  main            d.u.i.k.p.i.AbstractProblemLoader Replaying proof cubicSum.key.proof 
67987      DEBUG main            d.u.i.k.p.i.IntermediateProofReplayer Proof replay took 117.31ms 
67989      DEBUG main            d.u.i.k.p.r.p.TestFile    ... success: reloaded. 
67990      INFO  main            d.u.i.k.p.r.p.TestFile    Now processing file /home/runner/work/key/key/key.core/../key.ui/examples/standard_key/arith/divByZero.key 
67990      INFO  main            d.u.i.k.p.i.AbstractProblemLoader Loading environment from /home/runner/work/key/key/key.core/../key.ui/examples/standard_key/arith/divByZero.key 
67990      DEBUG main            d.u.i.k.p.i.AbstractProblemLoader Environment load took 187.8ns 
67991      INFO  main            d.u.i.k.p.i.AbstractProblemLoader Creating init config 
70313      DEBUG main            d.u.i.k.p.i.AbstractProblemLoader Init config took 2.32s 
70328      INFO  main            d.u.i.k.p.i.AbstractProblemLoader Replaying proof divByZero.key 
70330      DEBUG main            d.u.i.k.p.i.IntermediateProofReplayer Proof replay took 5.6ns 
70532      INFO  main            d.u.i.k.p.r.p.TestFile    ... finished proof: closed. 
70722      INFO  main            d.u.i.k.p.i.AbstractProblemLoader Loading environment from /home/runner/work/key/key/key.core/../key.ui/examples/standard_key/arith/divByZero.key.proof 
70722      DEBUG main            d.u.i.k.p.i.AbstractProblemLoader Environment load took 152.5ns 
70723      INFO  main            d.u.i.k.p.i.AbstractProblemLoader Creating init config 
72941      DEBUG main            d.u.i.k.p.i.AbstractProblemLoader Init config took 2.22s 
72956      INFO  main            d.u.i.k.p.i.AbstractProblemLoader Replaying proof divByZero.key.proof 
72988      DEBUG main            d.u.i.k.p.i.IntermediateProofReplayer Proof replay took 28.81ms 
72988      DEBUG main            d.u.i.k.p.r.p.TestFile    ... success: reloaded. 
72990      INFO  main            d.u.i.k.p.r.p.TestFile    Now processing file /home/runner/work/key/key/key.core/../key.ui/examples/standard_key/arith/divisionAssoc.key 
72990      INFO  main            d.u.i.k.p.i.AbstractProblemLoader Loading environment from /home/runner/work/key/key/key.core/../key.ui/examples/standard_key/arith/divisionAssoc.key 
72990      DEBUG main            d.u.i.k.p.i.AbstractProblemLoader Environment load took 185ns 
72991      INFO  main            d.u.i.k.p.i.AbstractProblemLoader Creating init config 
75228      DEBUG main            d.u.i.k.p.i.AbstractProblemLoader Init config took 2.24s 
75242      INFO  main            d.u.i.k.p.i.AbstractProblemLoader Replaying proof divisionAssoc.key 
75244      DEBUG main            d.u.i.k.p.i.IntermediateProofReplayer Proof replay took 5.5ns 
75967      INFO  main            d.u.i.k.p.r.p.TestFile    ... finished proof: closed. 
76148      INFO  main            d.u.i.k.p.i.AbstractProblemLoader Loading environment from /home/runner/work/key/key/key.core/../key.ui/examples/standard_key/arith/divisionAssoc.key.proof 
76148      DEBUG main            d.u.i.k.p.i.AbstractProblemLoader Environment load took 401.3ns 
76149      INFO  main            d.u.i.k.p.i.AbstractProblemLoader Creating init config 
78365      DEBUG main            d.u.i.k.p.i.AbstractProblemLoader Init config took 2.22s 
78379      INFO  main            d.u.i.k.p.i.AbstractProblemLoader Replaying proof divisionAssoc.key.proof 
78424      DEBUG main            d.u.i.k.p.i.IntermediateProofReplayer Proof replay took 40.85ms 
78426      DEBUG main            d.u.i.k.p.r.p.TestFile    ... success: reloaded. 
78426      INFO  main            d.u.i.k.p.r.p.TestFile    Now processing file /home/runner/work/key/key/key.core/../key.ui/examples/standard_key/arith/divisionBy2.key 
78427      INFO  main            d.u.i.k.p.i.AbstractProblemLoader Loading environment from /home/runner/work/key/key/key.core/../key.ui/examples/standard_key/arith/divisionBy2.key 
78427      DEBUG main            d.u.i.k.p.i.AbstractProblemLoader Environment load took 88.3ns 
78428      INFO  main            d.u.i.k.p.i.AbstractProblemLoader Creating init config 
80700      DEBUG main            d.u.i.k.p.i.AbstractProblemLoader Init config took 2.27s 
80713      INFO  main            d.u.i.k.p.i.AbstractProblemLoader Replaying proof divisionBy2.key 
80714      DEBUG main            d.u.i.k.p.i.IntermediateProofReplayer Proof replay took 5.1ns 
80815      INFO  main            d.u.i.k.p.r.p.TestFile    ... finished proof: closed. 
81010      INFO  main            d.u.i.k.p.i.AbstractProblemLoader Loading environment from /home/runner/work/key/key/key.core/../key.ui/examples/standard_key/arith/divisionBy2.key.proof 
81010      DEBUG main            d.u.i.k.p.i.AbstractProblemLoader Environment load took 102.7ns 
81011      INFO  main            d.u.i.k.p.i.AbstractProblemLoader Creating init config 
83238      DEBUG main            d.u.i.k.p.i.AbstractProblemLoader Init config took 2.23s 
83252      INFO  main            d.u.i.k.p.i.AbstractProblemLoader Replaying proof divisionBy2.key.proof 
83263      DEBUG main            d.u.i.k.p.i.IntermediateProofReplayer Proof replay took 6.78ms 
83264      DEBUG main            d.u.i.k.p.r.p.TestFile    ... success: reloaded. 
83264      INFO  main            d.u.i.k.p.r.p.TestFile    Now processing file /home/runner/work/key/key/key.core/../key.ui/examples/standard_key/arith/euclidean/gcdHelp-post.key 
83264      INFO  main            d.u.i.k.p.i.AbstractProblemLoader Loading environment from /home/runner/work/key/key/key.core/../key.ui/examples/standard_key/arith/euclidean/gcdHelp-post.key 
83264      DEBUG main            d.u.i.k.p.i.AbstractProblemLoader Environment load took 87.2ns 
83266      INFO  main            d.u.i.k.p.i.AbstractProblemLoader Creating init config 
85641      DEBUG main            d.u.i.k.p.i.AbstractProblemLoader Init config took 2.37s 
85655      INFO  main            d.u.i.k.p.i.AbstractProblemLoader Replaying proof gcdHelp-post.key 
85657      DEBUG main            d.u.i.k.p.i.IntermediateProofReplayer Proof replay took 5.5ns 
88583      INFO  main            d.u.i.k.p.r.p.TestFile    ... finished proof: closed. 
88804      INFO  main            d.u.i.k.p.i.AbstractProblemLoader Loading environment from /home/runner/work/key/key/key.core/../key.ui/examples/standard_key/arith/euclidean/gcdHelp-post.key.proof 
88805      DEBUG main            d.u.i.k.p.i.AbstractProblemLoader Environment load took 382.9ns 
88807      INFO  main            d.u.i.k.p.i.AbstractProblemLoader Creating init config 
91104      DEBUG main            d.u.i.k.p.i.AbstractProblemLoader Init config took 2.3s 
91120      INFO  main            d.u.i.k.p.i.AbstractProblemLoader Replaying proof gcdHelp-post.key.proof 
91315      DEBUG main            d.u.i.k.p.i.IntermediateProofReplayer Proof replay took 185.62ms 
91317      DEBUG main            d.u.i.k.p.r.p.TestFile    ... success: reloaded. 
91318      INFO  main            d.u.i.k.p.r.p.TestFile    Now processing file /home/runner/work/key/key/key.core/../key.ui/examples/standard_key/arith/gemplusDecimal/add.key 
91318      INFO  main            d.u.i.k.p.i.AbstractProblemLoader Loading environment from /home/runner/work/key/key/key.core/../key.ui/examples/standard_key/arith/gemplusDecimal/add.key 
91319      DEBUG main            d.u.i.k.p.i.AbstractProblemLoader Environment load took 193.6ns 
91321      INFO  main            d.u.i.k.p.i.AbstractProblemLoader Creating init config 
93666      DEBUG main            d.u.i.k.p.i.AbstractProblemLoader Init config took 2.35s 
93681      INFO  main            d.u.i.k.p.i.AbstractProblemLoader Replaying proof add.key 
93682      DEBUG main            d.u.i.k.p.i.IntermediateProofReplayer Proof replay took 5.4ns 
133188     INFO  main            d.u.i.k.p.r.p.TestFile    ... finished proof: closed. 
133528     INFO  main            d.u.i.k.p.i.AbstractProblemLoader Loading environment from /home/runner/work/key/key/key.core/../key.ui/examples/standard_key/arith/gemplusDecimal/add.key.proof 
133529     DEBUG main            d.u.i.k.p.i.AbstractProblemLoader Environment load took 428.1ns 
133537     INFO  main            d.u.i.k.p.i.AbstractProblemLoader Creating init config 
135783     DEBUG main            d.u.i.k.p.i.AbstractProblemLoader Init config took 2.25s 
135798     INFO  main            d.u.i.k.p.i.AbstractProblemLoader Replaying proof add.key.proof 
139469     DEBUG main            d.u.i.k.p.i.IntermediateProofReplayer Proof replay took 3.53s 
139476     DEBUG main            d.u.i.k.p.r.p.TestFile    ... success: reloaded. 
139477     INFO  main            d.u.i.k.p.r.p.TestFile    Now processing file /home/runner/work/key/key/key.core/../key.ui/examples/standard_key/arith/jdivevenodd.key 
139477     INFO  main            d.u.i.k.p.i.AbstractProblemLoader Loading environment from /home/runner/work/key/key/key.core/../key.ui/examples/standard_key/arith/jdivevenodd.key 
139477     DEBUG main            d.u.i.k.p.i.AbstractProblemLoader Environment load took 89.4ns 
139478     INFO  main            d.u.i.k.p.i.AbstractProblemLoader Creating init config 
141812     DEBUG main            d.u.i.k.p.i.AbstractProblemLoader Init config took 2.33s 
141825     INFO  main            d.u.i.k.p.i.AbstractProblemLoader Replaying proof jdivevenodd.key 
141826     DEBUG main            d.u.i.k.p.i.IntermediateProofReplayer Proof replay took 5.1ns 
142030     INFO  main            d.u.i.k.p.r.p.TestFile    ... finished proof: closed. 
142341     INFO  main            d.u.i.k.p.i.AbstractProblemLoader Loading environment from /home/runner/work/key/key/key.core/../key.ui/examples/standard_key/arith/jdivevenodd.key.proof 
142341     DEBUG main            d.u.i.k.p.i.AbstractProblemLoader Environment load took 484.6ns 
142342     INFO  main            d.u.i.k.p.i.AbstractProblemLoader Creating init config 
144530     DEBUG main            d.u.i.k.p.i.AbstractProblemLoader Init config took 2.19s 
144545     INFO  main            d.u.i.k.p.i.AbstractProblemLoader Replaying proof jdivevenodd.key.proof 
144567     DEBUG main            d.u.i.k.p.i.IntermediateProofReplayer Proof replay took 17.37ms 
144569     DEBUG main            d.u.i.k.p.r.p.TestFile    ... success: reloaded. 
144570     INFO  main            d.u.i.k.p.r.p.TestFile    Now processing file /home/runner/work/key/key/key.core/../key.ui/examples/standard_key/arith/median.key 
144570     INFO  main            d.u.i.k.p.i.AbstractProblemLoader Loading environment from /home/runner/work/key/key/key.core/../key.ui/examples/standard_key/arith/median.key 
144571     DEBUG main            d.u.i.k.p.i.AbstractProblemLoader Environment load took 92.2ns 
144572     INFO  main            d.u.i.k.p.i.AbstractProblemLoader Creating init config 
146797     DEBUG main            d.u.i.k.p.i.AbstractProblemLoader Init config took 2.22s 
146810     INFO  main            d.u.i.k.p.i.AbstractProblemLoader Replaying proof median.key 
146812     DEBUG main            d.u.i.k.p.i.IntermediateProofReplayer Proof replay took 5ns 
161281     INFO  main            d.u.i.k.p.r.p.TestFile    ... finished proof: closed. 
161577     INFO  main            d.u.i.k.p.i.AbstractProblemLoader Loading environment from /home/runner/work/key/key/key.core/../key.ui/examples/standard_key/arith/median.key.proof 
161581     DEBUG main            d.u.i.k.p.i.AbstractProblemLoader Environment load took 4.72ms 
161584     INFO  main            d.u.i.k.p.i.AbstractProblemLoader Creating init config 
163793     DEBUG main            d.u.i.k.p.i.AbstractProblemLoader Init config took 2.21s 
163807     INFO  main            d.u.i.k.p.i.AbstractProblemLoader Replaying proof median.key.proof 
164958     DEBUG main            d.u.i.k.p.i.IntermediateProofReplayer Proof replay took 1.1s 
164961     DEBUG main            d.u.i.k.p.r.p.TestFile    ... success: reloaded. 
164962     INFO  main            d.u.i.k.p.r.p.TestFile    Now processing file /home/runner/work/key/key/key.core/../key.ui/examples/standard_key/arith/mod1.key 
164963     INFO  main            d.u.i.k.p.i.AbstractProblemLoader Loading environment from /home/runner/work/key/key/key.core/../key.ui/examples/standard_key/arith/mod1.key 
164963     DEBUG main            d.u.i.k.p.i.AbstractProblemLoader Environment load took 191.2ns 
164964     INFO  main            d.u.i.k.p.i.AbstractProblemLoader Creating init config 
167189     DEBUG main            d.u.i.k.p.i.AbstractProblemLoader Init config took 2.22s 
167201     INFO  main            d.u.i.k.p.i.AbstractProblemLoader Replaying proof mod1.key 
167203     DEBUG main            d.u.i.k.p.i.IntermediateProofReplayer Proof replay took 5.1ns 
167305     INFO  main            d.u.i.k.p.r.p.TestFile    ... finished proof: closed. 
167583     INFO  main            d.u.i.k.p.i.AbstractProblemLoader Loading environment from /home/runner/work/key/key/key.core/../key.ui/examples/standard_key/arith/mod1.key.proof 
167583     DEBUG main            d.u.i.k.p.i.AbstractProblemLoader Environment load took 91ns 
167584     INFO  main            d.u.i.k.p.i.AbstractProblemLoader Creating init config 
169775     DEBUG main            d.u.i.k.p.i.AbstractProblemLoader Init config took 2.19s 
169787     INFO  main            d.u.i.k.p.i.AbstractProblemLoader Replaying proof mod1.key.proof 
169791     DEBUG main            d.u.i.k.p.i.IntermediateProofReplayer Proof replay took 2.1ms 
169791     DEBUG main            d.u.i.k.p.r.p.TestFile    ... success: reloaded. 
169792     INFO  main            d.u.i.k.p.r.p.TestFile    Now processing file /home/runner/work/key/key/key.core/../key.ui/examples/standard_key/arith/mod2.key 
169792     INFO  main            d.u.i.k.p.i.AbstractProblemLoader Loading environment from /home/runner/work/key/key/key.core/../key.ui/examples/standard_key/arith/mod2.key 
169792     DEBUG main            d.u.i.k.p.i.AbstractProblemLoader Environment load took 51.1ns 
169793     INFO  main            d.u.i.k.p.i.AbstractProblemLoader Creating init config 
171977     DEBUG main            d.u.i.k.p.i.AbstractProblemLoader Init config took 2.18s 
171990     INFO  main            d.u.i.k.p.i.AbstractProblemLoader Replaying proof mod2.key 
171991     DEBUG main            d.u.i.k.p.i.IntermediateProofReplayer Proof replay took 5.5ns 
172094     INFO  main            d.u.i.k.p.r.p.TestFile    ... finished proof: closed. 
172304     INFO  main            d.u.i.k.p.i.AbstractProblemLoader Loading environment from /home/runner/work/key/key/key.core/../key.ui/examples/standard_key/arith/mod2.key.proof 
172304     DEBUG main            d.u.i.k.p.i.AbstractProblemLoader Environment load took 90.4ns 
172305     INFO  main            d.u.i.k.p.i.AbstractProblemLoader Creating init config 
174480     DEBUG main            d.u.i.k.p.i.AbstractProblemLoader Init config took 2.18s 
174496     INFO  main            d.u.i.k.p.i.AbstractProblemLoader Replaying proof mod2.key.proof 
174499     DEBUG main            d.u.i.k.p.i.IntermediateProofReplayer Proof replay took 1.43ms 
174499     DEBUG main            d.u.i.k.p.r.p.TestFile    ... success: reloaded. 
174500     INFO  main            d.u.i.k.p.r.p.TestFile    Now processing file /home/runner/work/key/key/key.core/../key.ui/examples/standard_key/arith/mod7.key 
174500     INFO  main            d.u.i.k.p.i.AbstractProblemLoader Loading environment from /home/runner/work/key/key/key.core/../key.ui/examples/standard_key/arith/mod7.key 
174500     DEBUG main            d.u.i.k.p.i.AbstractProblemLoader Environment load took 77.1ns 
174501     INFO  main            d.u.i.k.p.i.AbstractProblemLoader Creating init config 
176716     DEBUG main            d.u.i.k.p.i.AbstractProblemLoader Init config took 2.21s 
176743     INFO  main            d.u.i.k.p.i.AbstractProblemLoader Replaying proof mod7.key 
176745     DEBUG main            d.u.i.k.p.i.IntermediateProofReplayer Proof replay took 6ns 
176846     INFO  main            d.u.i.k.p.r.p.TestFile    ... finished proof: closed. 
177049     INFO  main            d.u.i.k.p.i.AbstractProblemLoader Loading environment from /home/runner/work/key/key/key.core/../key.ui/examples/standard_key/arith/mod7.key.proof 
177049     DEBUG main            d.u.i.k.p.i.AbstractProblemLoader Environment load took 90.1ns 
177050     INFO  main            d.u.i.k.p.i.AbstractProblemLoader Creating init config 
179225     DEBUG main            d.u.i.k.p.i.AbstractProblemLoader Init config took 2.17s 
179238     INFO  main            d.u.i.k.p.i.AbstractProblemLoader Replaying proof mod7.key.proof 
179245     DEBUG main            d.u.i.k.p.i.IntermediateProofReplayer Proof replay took 5.09ms 
179246     DEBUG main            d.u.i.k.p.r.p.TestFile    ... success: reloaded. 
179247     INFO  main            d.u.i.k.p.r.p.TestFile    Now processing file /home/runner/work/key/key/key.core/../key.ui/examples/standard_key/arith/overflow_hija.key 
179247     INFO  main            d.u.i.k.p.i.AbstractProblemLoader Loading environment from /home/runner/work/key/key/key.core/../key.ui/examples/standard_key/arith/overflow_hija.key 
179247     DEBUG main            d.u.i.k.p.i.AbstractProblemLoader Environment load took 168.7ns 
179250     INFO  main            d.u.i.k.p.i.AbstractProblemLoader Creating init config 
181503     DEBUG main            d.u.i.k.p.i.AbstractProblemLoader Init config took 2.25s 
181519     INFO  main            d.u.i.k.p.i.AbstractProblemLoader Replaying proof overflow_hija.key 
181520     DEBUG main            d.u.i.k.p.i.IntermediateProofReplayer Proof replay took 5.2ns 
185784     INFO  main            d.u.i.k.p.r.p.TestFile    ... finished proof: closed. 
186044     INFO  main            d.u.i.k.p.i.AbstractProblemLoader Loading environment from /home/runner/work/key/key/key.core/../key.ui/examples/standard_key/arith/overflow_hija.key.proof 
186045     DEBUG main            d.u.i.k.p.i.AbstractProblemLoader Environment load took 396.8ns 
186047     INFO  main            d.u.i.k.p.i.AbstractProblemLoader Creating init config 
188227     DEBUG main            d.u.i.k.p.i.AbstractProblemLoader Init config took 2.18s 
188244     INFO  main            d.u.i.k.p.i.AbstractProblemLoader Replaying proof overflow_hija.key.proof 
188603     DEBUG main            d.u.i.k.p.i.IntermediateProofReplayer Proof replay took 349.18ms 
188605     DEBUG main            d.u.i.k.p.r.p.TestFile    ... success: reloaded. 
188606     INFO  main            d.u.i.k.p.r.p.TestFile    Now processing file /home/runner/work/key/key/key.core/../key.ui/examples/standard_key/arith/poly_division0.key 
188606     INFO  main            d.u.i.k.p.i.AbstractProblemLoader Loading environment from /home/runner/work/key/key/key.core/../key.ui/examples/standard_key/arith/poly_division0.key 
188606     DEBUG main            d.u.i.k.p.i.AbstractProblemLoader Environment load took 80.9ns 
188607     INFO  main            d.u.i.k.p.i.AbstractProblemLoader Creating init config 
190879     DEBUG main            d.u.i.k.p.i.AbstractProblemLoader Init config took 2.27s 
190891     INFO  main            d.u.i.k.p.i.AbstractProblemLoader Replaying proof poly_division0.key 
190892     DEBUG main            d.u.i.k.p.i.IntermediateProofReplayer Proof replay took 6.8ns 
190994     INFO  main            d.u.i.k.p.r.p.TestFile    ... finished proof: closed. 
191279     INFO  main            d.u.i.k.p.i.AbstractProblemLoader Loading environment from /home/runner/work/key/key/key.core/../key.ui/examples/standard_key/arith/poly_division0.key.proof 
191279     DEBUG main            d.u.i.k.p.i.AbstractProblemLoader Environment load took 89.7ns 
191283     INFO  main            d.u.i.k.p.i.AbstractProblemLoader Creating init config 
193437     DEBUG main            d.u.i.k.p.i.AbstractProblemLoader Init config took 2.15s 
193449     INFO  main            d.u.i.k.p.i.AbstractProblemLoader Replaying proof poly_division0.key.proof 
193458     DEBUG main            d.u.i.k.p.i.IntermediateProofReplayer Proof replay took 7.35ms 
193459     DEBUG main            d.u.i.k.p.r.p.TestFile    ... success: reloaded. 
193460     INFO  main            d.u.i.k.p.r.p.TestFile    Now processing file /home/runner/work/key/key/key.core/../key.ui/examples/standard_key/arith/poly_division1.key 
193460     INFO  main            d.u.i.k.p.i.AbstractProblemLoader Loading environment from /home/runner/work/key/key/key.core/../key.ui/examples/standard_key/arith/poly_division1.key 
193460     DEBUG main            d.u.i.k.p.i.AbstractProblemLoader Environment load took 62.1ns 
193461     INFO  main            d.u.i.k.p.i.AbstractProblemLoader Creating init config 
195652     DEBUG main            d.u.i.k.p.i.AbstractProblemLoader Init config took 2.19s 
195666     INFO  main            d.u.i.k.p.i.AbstractProblemLoader Replaying proof poly_division1.key 
195668     DEBUG main            d.u.i.k.p.i.IntermediateProofReplayer Proof replay took 5.7ns 
195769     INFO  main            d.u.i.k.p.r.p.TestFile    ... finished proof: closed. 
196005     INFO  main            d.u.i.k.p.i.AbstractProblemLoader Loading environment from /home/runner/work/key/key/key.core/../key.ui/examples/standard_key/arith/poly_division1.key.proof 
196006     DEBUG main            d.u.i.k.p.i.AbstractProblemLoader Environment load took 104.3ns 
196007     INFO  main            d.u.i.k.p.i.AbstractProblemLoader Creating init config 
198175     DEBUG main            d.u.i.k.p.i.AbstractProblemLoader Init config took 2.17s 
198188     INFO  main            d.u.i.k.p.i.AbstractProblemLoader Replaying proof poly_division1.key.proof 
198195     DEBUG main            d.u.i.k.p.i.IntermediateProofReplayer Proof replay took 5.58ms 
198196     DEBUG main            d.u.i.k.p.r.p.TestFile    ... success: reloaded. 
198197     INFO  main            d.u.i.k.p.r.p.TestFile    Now processing file /home/runner/work/key/key/key.core/../key.ui/examples/standard_key/inEqSimp/division.key 
198197     INFO  main            d.u.i.k.p.i.AbstractProblemLoader Loading environment from /home/runner/work/key/key/key.core/../key.ui/examples/standard_key/inEqSimp/division.key 
198197     DEBUG main            d.u.i.k.p.i.AbstractProblemLoader Environment load took 75.6ns 
198198     INFO  main            d.u.i.k.p.i.AbstractProblemLoader Creating init config 
200408     DEBUG main            d.u.i.k.p.i.AbstractProblemLoader Init config took 2.21s 
200421     INFO  main            d.u.i.k.p.i.AbstractProblemLoader Replaying proof division.key 
200423     DEBUG main            d.u.i.k.p.i.IntermediateProofReplayer Proof replay took 5.6ns 
202346     INFO  main            d.u.i.k.p.r.p.TestFile    ... finished proof: closed. 
202600     INFO  main            d.u.i.k.p.i.AbstractProblemLoader Loading environment from /home/runner/work/key/key/key.core/../key.ui/examples/standard_key/inEqSimp/division.key.proof 
202600     DEBUG main            d.u.i.k.p.i.AbstractProblemLoader Environment load took 375.3ns 
202602     INFO  main            d.u.i.k.p.i.AbstractProblemLoader Creating init config 
204760     DEBUG main            d.u.i.k.p.i.AbstractProblemLoader Init config took 2.16s 
204772     INFO  main            d.u.i.k.p.i.AbstractProblemLoader Replaying proof division.key.proof 
204840     DEBUG main            d.u.i.k.p.i.IntermediateProofReplayer Proof replay took 60.56ms 
204841     DEBUG main            d.u.i.k.p.r.p.TestFile    ... success: reloaded. 
204842     INFO  main            d.u.i.k.p.r.p.TestFile    Now processing file /home/runner/work/key/key/key.core/../key.ui/examples/standard_key/inEqSimp/inequations0.key 
204842     INFO  main            d.u.i.k.p.i.AbstractProblemLoader Loading environment from /home/runner/work/key/key/key.core/../key.ui/examples/standard_key/inEqSimp/inequations0.key 
204842     DEBUG main            d.u.i.k.p.i.AbstractProblemLoader Environment load took 47.7ns 
204843     INFO  main            d.u.i.k.p.i.AbstractProblemLoader Creating init config 
207058     DEBUG main            d.u.i.k.p.i.AbstractProblemLoader Init config took 2.22s 
207071     INFO  main            d.u.i.k.p.i.AbstractProblemLoader Replaying proof inequations0.key 
207072     DEBUG main            d.u.i.k.p.i.IntermediateProofReplayer Proof replay took 35.1ns 
207173     INFO  main            d.u.i.k.p.r.p.TestFile    ... finished proof: closed. 
207436     INFO  main            d.u.i.k.p.i.AbstractProblemLoader Loading environment from /home/runner/work/key/key/key.core/../key.ui/examples/standard_key/inEqSimp/inequations0.key.proof 
207436     DEBUG main            d.u.i.k.p.i.AbstractProblemLoader Environment load took 84.3ns 
207437     INFO  main            d.u.i.k.p.i.AbstractProblemLoader Creating init config 
209592     DEBUG main            d.u.i.k.p.i.AbstractProblemLoader Init config took 2.15s 
209604     INFO  main            d.u.i.k.p.i.AbstractProblemLoader Replaying proof inequations0.key.proof 
209607     DEBUG main            d.u.i.k.p.i.IntermediateProofReplayer Proof replay took 1.97ms 
209608     DEBUG main            d.u.i.k.p.r.p.TestFile    ... success: reloaded. 
209608     INFO  main            d.u.i.k.p.r.p.TestFile    Now processing file /home/runner/work/key/key/key.core/../key.ui/examples/standard_key/inEqSimp/inequations1.key 
209609     INFO  main            d.u.i.k.p.i.AbstractProblemLoader Loading environment from /home/runner/work/key/key/key.core/../key.ui/examples/standard_key/inEqSimp/inequations1.key 
209609     DEBUG main            d.u.i.k.p.i.AbstractProblemLoader Environment load took 81.6ns 
209610     INFO  main            d.u.i.k.p.i.AbstractProblemLoader Creating init config 
211809     DEBUG main            d.u.i.k.p.i.AbstractProblemLoader Init config took 2.2s 
211821     INFO  main            d.u.i.k.p.i.AbstractProblemLoader Replaying proof inequations1.key 
211822     DEBUG main            d.u.i.k.p.i.IntermediateProofReplayer Proof replay took 2.5ns 
211924     INFO  main            d.u.i.k.p.r.p.TestFile    ... finished proof: closed. 
212171     INFO  main            d.u.i.k.p.i.AbstractProblemLoader Loading environment from /home/runner/work/key/key/key.core/../key.ui/examples/standard_key/inEqSimp/inequations1.key.proof 
212171     DEBUG main            d.u.i.k.p.i.AbstractProblemLoader Environment load took 73.6ns 
212172     INFO  main            d.u.i.k.p.i.AbstractProblemLoader Creating init config 
214354     DEBUG main            d.u.i.k.p.i.AbstractProblemLoader Init config took 2.18s 
214367     INFO  main            d.u.i.k.p.i.AbstractProblemLoader Replaying proof inequations1.key.proof 
214369     DEBUG main            d.u.i.k.p.i.IntermediateProofReplayer Proof replay took 1.15ms 
214370     DEBUG main            d.u.i.k.p.r.p.TestFile    ... success: reloaded. 
214370     INFO  main            d.u.i.k.p.r.p.TestFile    Now processing file /home/runner/work/key/key/key.core/../key.ui/examples/standard_key/inEqSimp/inequations2.key 
214370     INFO  main            d.u.i.k.p.i.AbstractProblemLoader Loading environment from /home/runner/work/key/key/key.core/../key.ui/examples/standard_key/inEqSimp/inequations2.key 
214370     DEBUG main            d.u.i.k.p.i.AbstractProblemLoader Environment load took 45.9ns 
214371     INFO  main            d.u.i.k.p.i.AbstractProblemLoader Creating init config 
216561     DEBUG main            d.u.i.k.p.i.AbstractProblemLoader Init config took 2.19s 
216573     INFO  main            d.u.i.k.p.i.AbstractProblemLoader Replaying proof inequations2.key 
216574     DEBUG main            d.u.i.k.p.i.IntermediateProofReplayer Proof replay took 2.8ns 
216676     INFO  main            d.u.i.k.p.r.p.TestFile    ... finished proof: closed. 
216919     INFO  main            d.u.i.k.p.i.AbstractProblemLoader Loading environment from /home/runner/work/key/key/key.core/../key.ui/examples/standard_key/inEqSimp/inequations2.key.proof 
216919     DEBUG main            d.u.i.k.p.i.AbstractProblemLoader Environment load took 74.2ns 
216920     INFO  main            d.u.i.k.p.i.AbstractProblemLoader Creating init config 
219076     DEBUG main            d.u.i.k.p.i.AbstractProblemLoader Init config took 2.16s 
219088     INFO  main            d.u.i.k.p.i.AbstractProblemLoader Replaying proof inequations2.key.proof 
219091     DEBUG main            d.u.i.k.p.i.IntermediateProofReplayer Proof replay took 1.44ms 
219091     DEBUG main            d.u.i.k.p.r.p.TestFile    ... success: reloaded. 
219092     INFO  main            d.u.i.k.p.r.p.TestFile    Now processing file /home/runner/work/key/key/key.core/../key.ui/examples/standard_key/inEqSimp/linApprox.key 
219092     INFO  main            d.u.i.k.p.i.AbstractProblemLoader Loading environment from /home/runner/work/key/key/key.core/../key.ui/examples/standard_key/inEqSimp/linApprox.key 
219092     DEBUG main            d.u.i.k.p.i.AbstractProblemLoader Environment load took 70.9ns 
219093     INFO  main            d.u.i.k.p.i.AbstractProblemLoader Creating init config 
221295     DEBUG main            d.u.i.k.p.i.AbstractProblemLoader Init config took 2.2s 
221307     INFO  main            d.u.i.k.p.i.AbstractProblemLoader Replaying proof linApprox.key 
221309     DEBUG main            d.u.i.k.p.i.IntermediateProofReplayer Proof replay took 3.1ns 
221410     INFO  main            d.u.i.k.p.r.p.TestFile    ... finished proof: closed. 
221660     INFO  main            d.u.i.k.p.i.AbstractProblemLoader Loading environment from /home/runner/work/key/key/key.core/../key.ui/examples/standard_key/inEqSimp/linApprox.key.proof 
221660     DEBUG main            d.u.i.k.p.i.AbstractProblemLoader Environment load took 84.2ns 
221661     INFO  main            d.u.i.k.p.i.AbstractProblemLoader Creating init config 
223841     DEBUG main            d.u.i.k.p.i.AbstractProblemLoader Init config took 2.18s 
223854     INFO  main            d.u.i.k.p.i.AbstractProblemLoader Replaying proof linApprox.key.proof 
223858     DEBUG main            d.u.i.k.p.i.IntermediateProofReplayer Proof replay took 2.75ms 
223859     DEBUG main            d.u.i.k.p.r.p.TestFile    ... success: reloaded. 
223860     INFO  main            d.u.i.k.p.r.p.TestFile    Now processing file /home/runner/work/key/key/key.core/../key.ui/examples/standard_key/inEqSimp/nonLinInEqExample0.key 
223860     INFO  main            d.u.i.k.p.i.AbstractProblemLoader Loading environment from /home/runner/work/key/key/key.core/../key.ui/examples/standard_key/inEqSimp/nonLinInEqExample0.key 
223860     DEBUG main            d.u.i.k.p.i.AbstractProblemLoader Environment load took 81ns 
223861     INFO  main            d.u.i.k.p.i.AbstractProblemLoader Creating init config 
226049     DEBUG main            d.u.i.k.p.i.AbstractProblemLoader Init config took 2.19s 
226061     INFO  main            d.u.i.k.p.i.AbstractProblemLoader Replaying proof nonLinInEqExample0.key 
226063     DEBUG main            d.u.i.k.p.i.IntermediateProofReplayer Proof replay took 2.6ns 
226164     INFO  main            d.u.i.k.p.r.p.TestFile    ... finished proof: closed. 
226420     INFO  main            d.u.i.k.p.i.AbstractProblemLoader Loading environment from /home/runner/work/key/key/key.core/../key.ui/examples/standard_key/inEqSimp/nonLinInEqExample0.key.proof 
226420     DEBUG main            d.u.i.k.p.i.AbstractProblemLoader Environment load took 94ns 
226421     INFO  main            d.u.i.k.p.i.AbstractProblemLoader Creating init config 
228565     DEBUG main            d.u.i.k.p.i.AbstractProblemLoader Init config took 2.14s 
228577     INFO  main            d.u.i.k.p.i.AbstractProblemLoader Replaying proof nonLinInEqExample0.key.proof 
228579     DEBUG main            d.u.i.k.p.i.IntermediateProofReplayer Proof replay took 814.7ns 
228580     DEBUG main            d.u.i.k.p.r.p.TestFile    ... success: reloaded. 
228581     INFO  main            d.u.i.k.p.r.p.TestFile    Now processing file /home/runner/work/key/key/key.core/../key.ui/examples/standard_key/inEqSimp/nonLinInEqExample2.key 
228581     INFO  main            d.u.i.k.p.i.AbstractProblemLoader Loading environment from /home/runner/work/key/key/key.core/../key.ui/examples/standard_key/inEqSimp/nonLinInEqExample2.key 
228581     DEBUG main            d.u.i.k.p.i.AbstractProblemLoader Environment load took 170.8ns 
228582     INFO  main            d.u.i.k.p.i.AbstractProblemLoader Creating init config 
230791     DEBUG main            d.u.i.k.p.i.AbstractProblemLoader Init config took 2.21s 
230803     INFO  main            d.u.i.k.p.i.AbstractProblemLoader Replaying proof nonLinInEqExample2.key 
230805     DEBUG main            d.u.i.k.p.i.IntermediateProofReplayer Proof replay took 2.4ns 
231110     INFO  main            d.u.i.k.p.r.p.TestFile    ... finished proof: closed. 
231387     INFO  main            d.u.i.k.p.i.AbstractProblemLoader Loading environment from /home/runner/work/key/key/key.core/../key.ui/examples/standard_key/inEqSimp/nonLinInEqExample2.key.proof 
231387     DEBUG main            d.u.i.k.p.i.AbstractProblemLoader Environment load took 81.9ns 
231388     INFO  main            d.u.i.k.p.i.AbstractProblemLoader Creating init config 
233531     DEBUG main            d.u.i.k.p.i.AbstractProblemLoader Init config took 2.14s 
233544     INFO  main            d.u.i.k.p.i.AbstractProblemLoader Replaying proof nonLinInEqExample2.key.proof 
233572     DEBUG main            d.u.i.k.p.i.IntermediateProofReplayer Proof replay took 24.05ms 
233573     DEBUG main            d.u.i.k.p.r.p.TestFile    ... success: reloaded. 
233574     INFO  main            d.u.i.k.p.r.p.TestFile    Now processing file /home/runner/work/key/key/key.core/../key.ui/examples/standard_key/inEqSimp/nonLinInEqExample3.key 
233574     INFO  main            d.u.i.k.p.i.AbstractProblemLoader Loading environment from /home/runner/work/key/key/key.core/../key.ui/examples/standard_key/inEqSimp/nonLinInEqExample3.key 
233574     DEBUG main            d.u.i.k.p.i.AbstractProblemLoader Environment load took 167.5ns 
233575     INFO  main            d.u.i.k.p.i.AbstractProblemLoader Creating init config 
235828     DEBUG main            d.u.i.k.p.i.AbstractProblemLoader Init config took 2.25s 
235841     INFO  main            d.u.i.k.p.i.AbstractProblemLoader Replaying proof nonLinInEqExample3.key 
235843     DEBUG main            d.u.i.k.p.i.IntermediateProofReplayer Proof replay took 2.6ns 
236045     INFO  main            d.u.i.k.p.r.p.TestFile    ... finished proof: closed. 
236330     INFO  main            d.u.i.k.p.i.AbstractProblemLoader Loading environment from /home/runner/work/key/key/key.core/../key.ui/examples/standard_key/inEqSimp/nonLinInEqExample3.key.proof 
236331     DEBUG main            d.u.i.k.p.i.AbstractProblemLoader Environment load took 76.9ns 
236331     INFO  main            d.u.i.k.p.i.AbstractProblemLoader Creating init config 
238475     DEBUG main            d.u.i.k.p.i.AbstractProblemLoader Init config took 2.14s 
238487     INFO  main            d.u.i.k.p.i.AbstractProblemLoader Replaying proof nonLinInEqExample3.key.proof 
238503     DEBUG main            d.u.i.k.p.i.IntermediateProofReplayer Proof replay took 14.36ms 
238504     DEBUG main            d.u.i.k.p.r.p.TestFile    ... success: reloaded. 
238505     INFO  main            d.u.i.k.p.r.p.TestFile    Now processing file /home/runner/work/key/key/key.core/../key.ui/examples/standard_key/inEqSimp/nonLinInEqExample4.key 
238505     INFO  main            d.u.i.k.p.i.AbstractProblemLoader Loading environment from /home/runner/work/key/key/key.core/../key.ui/examples/standard_key/inEqSimp/nonLinInEqExample4.key 
238505     DEBUG main            d.u.i.k.p.i.AbstractProblemLoader Environment load took 41.3ns 
238506     INFO  main            d.u.i.k.p.i.AbstractProblemLoader Creating init config 
240698     DEBUG main            d.u.i.k.p.i.AbstractProblemLoader Init config took 2.19s 
240710     INFO  main            d.u.i.k.p.i.AbstractProblemLoader Replaying proof nonLinInEqExample4.key 
240711     DEBUG main            d.u.i.k.p.i.IntermediateProofReplayer Proof replay took 3.1ns 
240814     INFO  main            d.u.i.k.p.r.p.TestFile    ... finished proof: closed. 
241104     INFO  main            d.u.i.k.p.i.AbstractProblemLoader Loading environment from /home/runner/work/key/key/key.core/../key.ui/examples/standard_key/inEqSimp/nonLinInEqExample4.key.proof 
241104     DEBUG main            d.u.i.k.p.i.AbstractProblemLoader Environment load took 97ns 
241105     INFO  main            d.u.i.k.p.i.AbstractProblemLoader Creating init config 
243259     DEBUG main            d.u.i.k.p.i.AbstractProblemLoader Init config took 2.15s 
243272     INFO  main            d.u.i.k.p.i.AbstractProblemLoader Replaying proof nonLinInEqExample4.key.proof 
243280     DEBUG main            d.u.i.k.p.i.IntermediateProofReplayer Proof replay took 3.04ms 
243280     DEBUG main            d.u.i.k.p.r.p.TestFile    ... success: reloaded. 
243281     INFO  main            d.u.i.k.p.r.p.TestFile    Now processing file /home/runner/work/key/key/key.core/../key.ui/examples/standard_key/inEqSimp/quadraticInEq.key 
243281     INFO  main            d.u.i.k.p.i.AbstractProblemLoader Loading environment from /home/runner/work/key/key/key.core/../key.ui/examples/standard_key/inEqSimp/quadraticInEq.key 
243281     DEBUG main            d.u.i.k.p.i.AbstractProblemLoader Environment load took 41.7ns 
243282     INFO  main            d.u.i.k.p.i.AbstractProblemLoader Creating init config 
245469     DEBUG main            d.u.i.k.p.i.AbstractProblemLoader Init config took 2.19s 
245482     INFO  main            d.u.i.k.p.i.AbstractProblemLoader Replaying proof quadraticInEq.key 
245483     DEBUG main            d.u.i.k.p.i.IntermediateProofReplayer Proof replay took 2.7ns 
245787     INFO  main            d.u.i.k.p.r.p.TestFile    ... finished proof: closed. 
246071     INFO  main            d.u.i.k.p.i.AbstractProblemLoader Loading environment from /home/runner/work/key/key/key.core/../key.ui/examples/standard_key/inEqSimp/quadraticInEq.key.proof 
246071     DEBUG main            d.u.i.k.p.i.AbstractProblemLoader Environment load took 79.5ns 
246073     INFO  main            d.u.i.k.p.i.AbstractProblemLoader Creating init config 
248227     DEBUG main            d.u.i.k.p.i.AbstractProblemLoader Init config took 2.15s 
248240     INFO  main            d.u.i.k.p.i.AbstractProblemLoader Replaying proof quadraticInEq.key.proof 
248287     DEBUG main            d.u.i.k.p.i.IntermediateProofReplayer Proof replay took 42.79ms 
248288     DEBUG main            d.u.i.k.p.r.p.TestFile    ... success: reloaded. 
248289     INFO  main            d.u.i.k.p.r.p.TestFile    Now processing file /home/runner/work/key/key/key.core/../key.ui/examples/standard_key/inEqSimp/quadraticInEq10.key 
248289     INFO  main            d.u.i.k.p.i.AbstractProblemLoader Loading environment from /home/runner/work/key/key/key.core/../key.ui/examples/standard_key/inEqSimp/quadraticInEq10.key 
248289     DEBUG main            d.u.i.k.p.i.AbstractProblemLoader Environment load took 43.1ns 
248290     INFO  main            d.u.i.k.p.i.AbstractProblemLoader Creating init config 
250487     DEBUG main            d.u.i.k.p.i.AbstractProblemLoader Init config took 2.2s 
250499     INFO  main            d.u.i.k.p.i.AbstractProblemLoader Replaying proof quadraticInEq10.key 
250500     DEBUG main            d.u.i.k.p.i.IntermediateProofReplayer Proof replay took 2.8ns 
250703     INFO  main            d.u.i.k.p.r.p.TestFile    ... finished proof: closed. 
250994     INFO  main            d.u.i.k.p.i.AbstractProblemLoader Loading environment from /home/runner/work/key/key/key.core/../key.ui/examples/standard_key/inEqSimp/quadraticInEq10.key.proof 
250994     DEBUG main            d.u.i.k.p.i.AbstractProblemLoader Environment load took 107.9ns 
250995     INFO  main            d.u.i.k.p.i.AbstractProblemLoader Creating init config 
253154     DEBUG main            d.u.i.k.p.i.AbstractProblemLoader Init config took 2.16s 
253166     INFO  main            d.u.i.k.p.i.AbstractProblemLoader Replaying proof quadraticInEq10.key.proof 
253179     DEBUG main            d.u.i.k.p.i.IntermediateProofReplayer Proof replay took 11.29ms 
253180     DEBUG main            d.u.i.k.p.r.p.TestFile    ... success: reloaded. 
253181     INFO  main            d.u.i.k.p.r.p.TestFile    Now processing file /home/runner/work/key/key/key.core/../key.ui/examples/standard_key/inEqSimp/quadraticInEq13.key 
253181     INFO  main            d.u.i.k.p.i.AbstractProblemLoader Loading environment from /home/runner/work/key/key/key.core/../key.ui/examples/standard_key/inEqSimp/quadraticInEq13.key 
253181     DEBUG main            d.u.i.k.p.i.AbstractProblemLoader Environment load took 55.3ns 
253182     INFO  main            d.u.i.k.p.i.AbstractProblemLoader Creating init config 
255378     DEBUG main            d.u.i.k.p.i.AbstractProblemLoader Init config took 2.2s 
255390     INFO  main            d.u.i.k.p.i.AbstractProblemLoader Replaying proof quadraticInEq13.key 
255391     DEBUG main            d.u.i.k.p.i.IntermediateProofReplayer Proof replay took 2.9ns 
255593     INFO  main            d.u.i.k.p.r.p.TestFile    ... finished proof: closed. 
255900     INFO  main            d.u.i.k.p.i.AbstractProblemLoader Loading environment from /home/runner/work/key/key/key.core/../key.ui/examples/standard_key/inEqSimp/quadraticInEq13.key.proof 
255900     DEBUG main            d.u.i.k.p.i.AbstractProblemLoader Environment load took 72.9ns 
255901     INFO  main            d.u.i.k.p.i.AbstractProblemLoader Creating init config 
258052     DEBUG main            d.u.i.k.p.i.AbstractProblemLoader Init config took 2.15s 
258065     INFO  main            d.u.i.k.p.i.AbstractProblemLoader Replaying proof quadraticInEq13.key.proof 
258081     DEBUG main            d.u.i.k.p.i.IntermediateProofReplayer Proof replay took 14.34ms 
258082     DEBUG main            d.u.i.k.p.r.p.TestFile    ... success: reloaded. 
258083     INFO  main            d.u.i.k.p.r.p.TestFile    Now processing file /home/runner/work/key/key/key.core/../key.ui/examples/standard_key/inEqSimp/quadraticInEq14.key 
258083     INFO  main            d.u.i.k.p.i.AbstractProblemLoader Loading environment from /home/runner/work/key/key/key.core/../key.ui/examples/standard_key/inEqSimp/quadraticInEq14.key 
258083     DEBUG main            d.u.i.k.p.i.AbstractProblemLoader Environment load took 39.1ns 
258084     INFO  main            d.u.i.k.p.i.AbstractProblemLoader Creating init config 
260270     DEBUG main            d.u.i.k.p.i.AbstractProblemLoader Init config took 2.19s 
260282     INFO  main            d.u.i.k.p.i.AbstractProblemLoader Replaying proof quadraticInEq14.key 
260283     DEBUG main            d.u.i.k.p.i.IntermediateProofReplayer Proof replay took 2.8ns 
260488     INFO  main            d.u.i.k.p.r.p.TestFile    ... finished proof: closed. 
260805     INFO  main            d.u.i.k.p.i.AbstractProblemLoader Loading environment from /home/runner/work/key/key/key.core/../key.ui/examples/standard_key/inEqSimp/quadraticInEq14.key.proof 
260805     DEBUG main            d.u.i.k.p.i.AbstractProblemLoader Environment load took 72.6ns 
260806     INFO  main            d.u.i.k.p.i.AbstractProblemLoader Creating init config 
262954     DEBUG main            d.u.i.k.p.i.AbstractProblemLoader Init config took 2.15s 
262966     INFO  main            d.u.i.k.p.i.AbstractProblemLoader Replaying proof quadraticInEq14.key.proof 
262986     DEBUG main            d.u.i.k.p.i.IntermediateProofReplayer Proof replay took 17.22ms 
262987     DEBUG main            d.u.i.k.p.r.p.TestFile    ... success: reloaded. 
262988     INFO  main            d.u.i.k.p.r.p.TestFile    Now processing file /home/runner/work/key/key/key.core/../key.ui/examples/standard_key/inEqSimp/quadraticInEq2.key 
262988     INFO  main            d.u.i.k.p.i.AbstractProblemLoader Loading environment from /home/runner/work/key/key/key.core/../key.ui/examples/standard_key/inEqSimp/quadraticInEq2.key 
262988     DEBUG main            d.u.i.k.p.i.AbstractProblemLoader Environment load took 60.6ns 
262989     INFO  main            d.u.i.k.p.i.AbstractProblemLoader Creating init config 
265218     DEBUG main            d.u.i.k.p.i.AbstractProblemLoader Init config took 2.23s 
265230     INFO  main            d.u.i.k.p.i.AbstractProblemLoader Replaying proof quadraticInEq2.key 
265232     DEBUG main            d.u.i.k.p.i.IntermediateProofReplayer Proof replay took 3.6ns 
265333     INFO  main            d.u.i.k.p.r.p.TestFile    ... finished proof: closed. 
265632     INFO  main            d.u.i.k.p.i.AbstractProblemLoader Loading environment from /home/runner/work/key/key/key.core/../key.ui/examples/standard_key/inEqSimp/quadraticInEq2.key.proof 
265632     DEBUG main            d.u.i.k.p.i.AbstractProblemLoader Environment load took 72.8ns 
265633     INFO  main            d.u.i.k.p.i.AbstractProblemLoader Creating init config 
267794     DEBUG main            d.u.i.k.p.i.AbstractProblemLoader Init config took 2.16s 
267806     INFO  main            d.u.i.k.p.i.AbstractProblemLoader Replaying proof quadraticInEq2.key.proof 
267809     DEBUG main            d.u.i.k.p.i.IntermediateProofReplayer Proof replay took 1.86ms 
267810     DEBUG main            d.u.i.k.p.r.p.TestFile    ... success: reloaded. 
267810     INFO  main            d.u.i.k.p.r.p.TestFile    Now processing file /home/runner/work/key/key/key.core/../key.ui/examples/standard_key/inEqSimp/quadraticInEq3.key 
267810     INFO  main            d.u.i.k.p.i.AbstractProblemLoader Loading environment from /home/runner/work/key/key/key.core/../key.ui/examples/standard_key/inEqSimp/quadraticInEq3.key 
267810     DEBUG main            d.u.i.k.p.i.AbstractProblemLoader Environment load took 37.2ns 
267811     INFO  main            d.u.i.k.p.i.AbstractProblemLoader Creating init config 
270003     DEBUG main            d.u.i.k.p.i.AbstractProblemLoader Init config took 2.19s 
270015     INFO  main            d.u.i.k.p.i.AbstractProblemLoader Replaying proof quadraticInEq3.key 
270016     DEBUG main            d.u.i.k.p.i.IntermediateProofReplayer Proof replay took 2.9ns 
270117     INFO  main            d.u.i.k.p.r.p.TestFile    ... finished proof: closed. 
270414     INFO  main            d.u.i.k.p.i.AbstractProblemLoader Loading environment from /home/runner/work/key/key/key.core/../key.ui/examples/standard_key/inEqSimp/quadraticInEq3.key.proof 
270414     DEBUG main            d.u.i.k.p.i.AbstractProblemLoader Environment load took 68.7ns 
270415     INFO  main            d.u.i.k.p.i.AbstractProblemLoader Creating init config 
272569     DEBUG main            d.u.i.k.p.i.AbstractProblemLoader Init config took 2.15s 
272581     INFO  main            d.u.i.k.p.i.AbstractProblemLoader Replaying proof quadraticInEq3.key.proof 
272587     DEBUG main            d.u.i.k.p.i.IntermediateProofReplayer Proof replay took 4.63ms 
272588     DEBUG main            d.u.i.k.p.r.p.TestFile    ... success: reloaded. 
272589     INFO  main            d.u.i.k.p.r.p.TestFile    Now processing file /home/runner/work/key/key/key.core/../key.ui/examples/standard_key/inEqSimp/quadraticInEq4.key 
272589     INFO  main            d.u.i.k.p.i.AbstractProblemLoader Loading environment from /home/runner/work/key/key/key.core/../key.ui/examples/standard_key/inEqSimp/quadraticInEq4.key 
272589     DEBUG main            d.u.i.k.p.i.AbstractProblemLoader Environment load took 84.2ns 
272590     INFO  main            d.u.i.k.p.i.AbstractProblemLoader Creating init config 
274797     DEBUG main            d.u.i.k.p.i.AbstractProblemLoader Init config took 2.21s 
274809     INFO  main            d.u.i.k.p.i.AbstractProblemLoader Replaying proof quadraticInEq4.key 
274811     DEBUG main            d.u.i.k.p.i.IntermediateProofReplayer Proof replay took 2.9ns 
274912     INFO  main            d.u.i.k.p.r.p.TestFile    ... finished proof: closed. 
275219     INFO  main            d.u.i.k.p.i.AbstractProblemLoader Loading environment from /home/runner/work/key/key/key.core/../key.ui/examples/standard_key/inEqSimp/quadraticInEq4.key.proof 
275219     DEBUG main            d.u.i.k.p.i.AbstractProblemLoader Environment load took 67.3ns 
275220     INFO  main            d.u.i.k.p.i.AbstractProblemLoader Creating init config 
277368     DEBUG main            d.u.i.k.p.i.AbstractProblemLoader Init config took 2.15s 
277381     INFO  main            d.u.i.k.p.i.AbstractProblemLoader Replaying proof quadraticInEq4.key.proof 
277387     DEBUG main            d.u.i.k.p.i.IntermediateProofReplayer Proof replay took 3.92ms 
277387     DEBUG main            d.u.i.k.p.r.p.TestFile    ... success: reloaded. 
277388     INFO  main            d.u.i.k.p.r.p.TestFile    Now processing file /home/runner/work/key/key/key.core/../key.ui/examples/standard_key/inEqSimp/quadraticInEq5.key 
277388     INFO  main            d.u.i.k.p.i.AbstractProblemLoader Loading environment from /home/runner/work/key/key/key.core/../key.ui/examples/standard_key/inEqSimp/quadraticInEq5.key 
277388     DEBUG main            d.u.i.k.p.i.AbstractProblemLoader Environment load took 66.5ns 
277389     INFO  main            d.u.i.k.p.i.AbstractProblemLoader Creating init config 
279590     DEBUG main            d.u.i.k.p.i.AbstractProblemLoader Init config took 2.2s 
279602     INFO  main            d.u.i.k.p.i.AbstractProblemLoader Replaying proof quadraticInEq5.key 
279603     DEBUG main            d.u.i.k.p.i.IntermediateProofReplayer Proof replay took 2.4ns 
279709     INFO  main            d.u.i.k.p.r.p.TestFile    ... finished proof: closed. 
280022     INFO  main            d.u.i.k.p.i.AbstractProblemLoader Loading environment from /home/runner/work/key/key/key.core/../key.ui/examples/standard_key/inEqSimp/quadraticInEq5.key.proof 
280022     DEBUG main            d.u.i.k.p.i.AbstractProblemLoader Environment load took 67.1ns 
280023     INFO  main            d.u.i.k.p.i.AbstractProblemLoader Creating init config 
282173     DEBUG main            d.u.i.k.p.i.AbstractProblemLoader Init config took 2.15s 
282185     INFO  main            d.u.i.k.p.i.AbstractProblemLoader Replaying proof quadraticInEq5.key.proof 
282190     DEBUG main            d.u.i.k.p.i.IntermediateProofReplayer Proof replay took 3.73ms 
282191     DEBUG main            d.u.i.k.p.r.p.TestFile    ... success: reloaded. 
282192     INFO  main            d.u.i.k.p.r.p.TestFile    Now processing file /home/runner/work/key/key/key.core/../key.ui/examples/standard_key/inEqSimp/quadraticInEq6.key 
282192     INFO  main            d.u.i.k.p.i.AbstractProblemLoader Loading environment from /home/runner/work/key/key/key.core/../key.ui/examples/standard_key/inEqSimp/quadraticInEq6.key 
282192     DEBUG main            d.u.i.k.p.i.AbstractProblemLoader Environment load took 38.8ns 
282193     INFO  main            d.u.i.k.p.i.AbstractProblemLoader Creating init config 
284396     DEBUG main            d.u.i.k.p.i.AbstractProblemLoader Init config took 2.2s 
284408     INFO  main            d.u.i.k.p.i.AbstractProblemLoader Replaying proof quadraticInEq6.key 
284409     DEBUG main            d.u.i.k.p.i.IntermediateProofReplayer Proof replay took 2.7ns 
284511     INFO  main            d.u.i.k.p.r.p.TestFile    ... finished proof: closed. 
284836     INFO  main            d.u.i.k.p.i.AbstractProblemLoader Loading environment from /home/runner/work/key/key/key.core/../key.ui/examples/standard_key/inEqSimp/quadraticInEq6.key.proof 
284836     DEBUG main            d.u.i.k.p.i.AbstractProblemLoader Environment load took 67.4ns 
284837     INFO  main            d.u.i.k.p.i.AbstractProblemLoader Creating init config 
286985     DEBUG main            d.u.i.k.p.i.AbstractProblemLoader Init config took 2.15s 
286998     INFO  main            d.u.i.k.p.i.AbstractProblemLoader Replaying proof quadraticInEq6.key.proof 
287002     DEBUG main            d.u.i.k.p.i.IntermediateProofReplayer Proof replay took 3.38ms 
287003     DEBUG main            d.u.i.k.p.r.p.TestFile    ... success: reloaded. 
287004     INFO  main            d.u.i.k.p.r.p.TestFile    Now processing file /home/runner/work/key/key/key.core/../key.ui/examples/standard_key/inEqSimp/quadraticInEq7.key 
287004     INFO  main            d.u.i.k.p.i.AbstractProblemLoader Loading environment from /home/runner/work/key/key/key.core/../key.ui/examples/standard_key/inEqSimp/quadraticInEq7.key 
287004     DEBUG main            d.u.i.k.p.i.AbstractProblemLoader Environment load took 73.7ns 
287005     INFO  main            d.u.i.k.p.i.AbstractProblemLoader Creating init config 
289199     DEBUG main            d.u.i.k.p.i.AbstractProblemLoader Init config took 2.19s 
289211     INFO  main            d.u.i.k.p.i.AbstractProblemLoader Replaying proof quadraticInEq7.key 
289212     DEBUG main            d.u.i.k.p.i.IntermediateProofReplayer Proof replay took 2.6ns 
289314     INFO  main            d.u.i.k.p.r.p.TestFile    ... finished proof: closed. 
289641     INFO  main            d.u.i.k.p.i.AbstractProblemLoader Loading environment from /home/runner/work/key/key/key.core/../key.ui/examples/standard_key/inEqSimp/quadraticInEq7.key.proof 
289641     DEBUG main            d.u.i.k.p.i.AbstractProblemLoader Environment load took 68.1ns 
289642     INFO  main            d.u.i.k.p.i.AbstractProblemLoader Creating init config 
291788     DEBUG main            d.u.i.k.p.i.AbstractProblemLoader Init config took 2.15s 
291800     INFO  main            d.u.i.k.p.i.AbstractProblemLoader Replaying proof quadraticInEq7.key.proof 
291803     DEBUG main            d.u.i.k.p.i.IntermediateProofReplayer Proof replay took 1.89ms 
291804     DEBUG main            d.u.i.k.p.r.p.TestFile    ... success: reloaded. 
291804     INFO  main            d.u.i.k.p.r.p.TestFile    Now processing file /home/runner/work/key/key/key.core/../key.ui/examples/standard_key/inEqSimp/quadraticInEq8.key 
291805     INFO  main            d.u.i.k.p.i.AbstractProblemLoader Loading environment from /home/runner/work/key/key/key.core/../key.ui/examples/standard_key/inEqSimp/quadraticInEq8.key 
291805     DEBUG main            d.u.i.k.p.i.AbstractProblemLoader Environment load took 87.9ns 
291805     INFO  main            d.u.i.k.p.i.AbstractProblemLoader Creating init config 
294002     DEBUG main            d.u.i.k.p.i.AbstractProblemLoader Init config took 2.2s 
294014     INFO  main            d.u.i.k.p.i.AbstractProblemLoader Replaying proof quadraticInEq8.key 
294015     DEBUG main            d.u.i.k.p.i.IntermediateProofReplayer Proof replay took 2.3ns 
294117     INFO  main            d.u.i.k.p.r.p.TestFile    ... finished proof: closed. 
294448     INFO  main            d.u.i.k.p.i.AbstractProblemLoader Loading environment from /home/runner/work/key/key/key.core/../key.ui/examples/standard_key/inEqSimp/quadraticInEq8.key.proof 
294448     DEBUG main            d.u.i.k.p.i.AbstractProblemLoader Environment load took 66ns 
294449     INFO  main            d.u.i.k.p.i.AbstractProblemLoader Creating init config 
296596     DEBUG main            d.u.i.k.p.i.AbstractProblemLoader Init config took 2.15s 
296608     INFO  main            d.u.i.k.p.i.AbstractProblemLoader Replaying proof quadraticInEq8.key.proof 
296616     DEBUG main            d.u.i.k.p.i.IntermediateProofReplayer Proof replay took 6.11ms 
296617     DEBUG main            d.u.i.k.p.r.p.TestFile    ... success: reloaded. 
296617     INFO  main            d.u.i.k.p.r.p.TestFile    Now processing file /home/runner/work/key/key/key.core/../key.ui/examples/standard_key/inEqSimp/simplify0.key 
296618     INFO  main            d.u.i.k.p.i.AbstractProblemLoader Loading environment from /home/runner/work/key/key/key.core/../key.ui/examples/standard_key/inEqSimp/simplify0.key 
296618     DEBUG main            d.u.i.k.p.i.AbstractProblemLoader Environment load took 50.6ns 
296618     INFO  main            d.u.i.k.p.i.AbstractProblemLoader Creating init config 
298825     DEBUG main            d.u.i.k.p.i.AbstractProblemLoader Init config took 2.21s 
298838     INFO  main            d.u.i.k.p.i.AbstractProblemLoader Replaying proof simplify0.key 
298839     DEBUG main            d.u.i.k.p.i.IntermediateProofReplayer Proof replay took 2.7ns 
298940     INFO  main            d.u.i.k.p.r.p.TestFile    ... finished proof: closed. 
299272     INFO  main            d.u.i.k.p.i.AbstractProblemLoader Loading environment from /home/runner/work/key/key/key.core/../key.ui/examples/standard_key/inEqSimp/simplify0.key.proof 
299272     DEBUG main            d.u.i.k.p.i.AbstractProblemLoader Environment load took 74.2ns 
299274     INFO  main            d.u.i.k.p.i.AbstractProblemLoader Creating init config 
301420     DEBUG main            d.u.i.k.p.i.AbstractProblemLoader Init config took 2.15s 
301433     INFO  main            d.u.i.k.p.i.AbstractProblemLoader Replaying proof simplify0.key.proof 
301436     DEBUG main            d.u.i.k.p.i.IntermediateProofReplayer Proof replay took 2.11ms 
301437     DEBUG main            d.u.i.k.p.r.p.TestFile    ... success: reloaded. 
301437     INFO  main            d.u.i.k.p.r.p.TestFile    Now processing file /home/runner/work/key/key/key.core/../key.ui/examples/standard_key/inEqSimp/simplify1.key 
301437     INFO  main            d.u.i.k.p.i.AbstractProblemLoader Loading environment from /home/runner/work/key/key/key.core/../key.ui/examples/standard_key/inEqSimp/simplify1.key 
301437     DEBUG main            d.u.i.k.p.i.AbstractProblemLoader Environment load took 63.2ns 
301438     INFO  main            d.u.i.k.p.i.AbstractProblemLoader Creating init config 
303630     DEBUG main            d.u.i.k.p.i.AbstractProblemLoader Init config took 2.19s 
303642     INFO  main            d.u.i.k.p.i.AbstractProblemLoader Replaying proof simplify1.key 
303643     DEBUG main            d.u.i.k.p.i.IntermediateProofReplayer Proof replay took 3ns 
303763     INFO  main            d.u.i.k.p.r.p.TestFile    ... finished proof: closed. 
304095     INFO  main            d.u.i.k.p.i.AbstractProblemLoader Loading environment from /home/runner/work/key/key/key.core/../key.ui/examples/standard_key/inEqSimp/simplify1.key.proof 
304095     DEBUG main            d.u.i.k.p.i.AbstractProblemLoader Environment load took 65.9ns 
304096     INFO  main            d.u.i.k.p.i.AbstractProblemLoader Creating init config 
306244     DEBUG main            d.u.i.k.p.i.AbstractProblemLoader Init config took 2.15s 
306256     INFO  main            d.u.i.k.p.i.AbstractProblemLoader Replaying proof simplify1.key.proof 
306258     DEBUG main            d.u.i.k.p.i.IntermediateProofReplayer Proof replay took 1.02ms 
306259     DEBUG main            d.u.i.k.p.r.p.TestFile    ... success: reloaded. 
306259     INFO  main            d.u.i.k.p.r.p.TestFile    Now processing file /home/runner/work/key/key/key.core/../key.ui/examples/standard_key/inEqSimp/simplify2.key 
306259     INFO  main            d.u.i.k.p.i.AbstractProblemLoader Loading environment from /home/runner/work/key/key/key.core/../key.ui/examples/standard_key/inEqSimp/simplify2.key 
306259     DEBUG main            d.u.i.k.p.i.AbstractProblemLoader Environment load took 39.7ns 
306261     INFO  main            d.u.i.k.p.i.AbstractProblemLoader Creating init config 
308467     DEBUG main            d.u.i.k.p.i.AbstractProblemLoader Init config took 2.21s 
308480     INFO  main            d.u.i.k.p.i.AbstractProblemLoader Replaying proof simplify2.key 
308481     DEBUG main            d.u.i.k.p.i.IntermediateProofReplayer Proof replay took 2.4ns 
308582     INFO  main            d.u.i.k.p.r.p.TestFile    ... finished proof: closed. 
308931     INFO  main            d.u.i.k.p.i.AbstractProblemLoader Loading environment from /home/runner/work/key/key/key.core/../key.ui/examples/standard_key/inEqSimp/simplify2.key.proof 
308931     DEBUG main            d.u.i.k.p.i.AbstractProblemLoader Environment load took 71.3ns 
308932     INFO  main            d.u.i.k.p.i.AbstractProblemLoader Creating init config 
311088     DEBUG main            d.u.i.k.p.i.AbstractProblemLoader Init config took 2.16s 
311100     INFO  main            d.u.i.k.p.i.AbstractProblemLoader Replaying proof simplify2.key.proof 
311111     DEBUG main            d.u.i.k.p.i.IntermediateProofReplayer Proof replay took 9.24ms 
311112     DEBUG main            d.u.i.k.p.r.p.TestFile    ... success: reloaded. 
311112     INFO  main            d.u.i.k.p.r.p.TestFile    Now processing file /home/runner/work/key/key/key.core/../key.ui/examples/standard_key/inEqSimp/simplify3.key 
311112     INFO  main            d.u.i.k.p.i.AbstractProblemLoader Loading environment from /home/runner/work/key/key/key.core/../key.ui/examples/standard_key/inEqSimp/simplify3.key 
311113     DEBUG main            d.u.i.k.p.i.AbstractProblemLoader Environment load took 40.5ns 
311113     INFO  main            d.u.i.k.p.i.AbstractProblemLoader Creating init config 
313311     DEBUG main            d.u.i.k.p.i.AbstractProblemLoader Init config took 2.2s 
313323     INFO  main            d.u.i.k.p.i.AbstractProblemLoader Replaying proof simplify3.key 
313324     DEBUG main            d.u.i.k.p.i.IntermediateProofReplayer Proof replay took 2.8ns 
313425     INFO  main            d.u.i.k.p.r.p.TestFile    ... finished proof: closed. 
313772     INFO  main            d.u.i.k.p.i.AbstractProblemLoader Loading environment from /home/runner/work/key/key/key.core/../key.ui/examples/standard_key/inEqSimp/simplify3.key.proof 
313772     DEBUG main            d.u.i.k.p.i.AbstractProblemLoader Environment load took 80.1ns 
313773     INFO  main            d.u.i.k.p.i.AbstractProblemLoader Creating init config 
315932     DEBUG main            d.u.i.k.p.i.AbstractProblemLoader Init config took 2.16s 
315945     INFO  main            d.u.i.k.p.i.AbstractProblemLoader Replaying proof simplify3.key.proof 
315948     DEBUG main            d.u.i.k.p.i.IntermediateProofReplayer Proof replay took 1.61ms 
315949     DEBUG main            d.u.i.k.p.r.p.TestFile    ... success: reloaded. 
315949     INFO  main            d.u.i.k.p.r.p.TestFile    Now processing file /home/runner/work/key/key/key.core/../key.ui/examples/standard_key/inEqSimp/simplify4.key 
315949     INFO  main            d.u.i.k.p.i.AbstractProblemLoader Loading environment from /home/runner/work/key/key/key.core/../key.ui/examples/standard_key/inEqSimp/simplify4.key 
315950     DEBUG main            d.u.i.k.p.i.AbstractProblemLoader Environment load took 159ns 
315951     INFO  main            d.u.i.k.p.i.AbstractProblemLoader Creating init config 
318162     DEBUG main            d.u.i.k.p.i.AbstractProblemLoader Init config took 2.21s 
318174     INFO  main            d.u.i.k.p.i.AbstractProblemLoader Replaying proof simplify4.key 
318175     DEBUG main            d.u.i.k.p.i.IntermediateProofReplayer Proof replay took 2.8ns 
318277     INFO  main            d.u.i.k.p.r.p.TestFile    ... finished proof: closed. 
318645     INFO  main            d.u.i.k.p.i.AbstractProblemLoader Loading environment from /home/runner/work/key/key/key.core/../key.ui/examples/standard_key/inEqSimp/simplify4.key.proof 
318645     DEBUG main            d.u.i.k.p.i.AbstractProblemLoader Environment load took 66.6ns 
318646     INFO  main            d.u.i.k.p.i.AbstractProblemLoader Creating init config 
320806     DEBUG main            d.u.i.k.p.i.AbstractProblemLoader Init config took 2.16s 
320819     INFO  main            d.u.i.k.p.i.AbstractProblemLoader Replaying proof simplify4.key.proof 
320832     DEBUG main            d.u.i.k.p.i.IntermediateProofReplayer Proof replay took 11.25ms 
320833     DEBUG main            d.u.i.k.p.r.p.TestFile    ... success: reloaded. 
320833     INFO  main            d.u.i.k.p.r.p.TestFile    Now processing file /home/runner/work/key/key/key.core/../key.ui/examples/standard_key/inEqSimp/simplify5.key 
320833     INFO  main            d.u.i.k.p.i.AbstractProblemLoader Loading environment from /home/runner/work/key/key/key.core/../key.ui/examples/standard_key/inEqSimp/simplify5.key 
320833     DEBUG main            d.u.i.k.p.i.AbstractProblemLoader Environment load took 36.9ns 
320834     INFO  main            d.u.i.k.p.i.AbstractProblemLoader Creating init config 
323038     DEBUG main            d.u.i.k.p.i.AbstractProblemLoader Init config took 2.2s 
323052     INFO  main            d.u.i.k.p.i.AbstractProblemLoader Replaying proof simplify5.key 
323053     DEBUG main            d.u.i.k.p.i.IntermediateProofReplayer Proof replay took 3.2ns 
323556     INFO  main            d.u.i.k.p.r.p.TestFile    ... finished proof: closed. 
323936     INFO  main            d.u.i.k.p.i.AbstractProblemLoader Loading environment from /home/runner/work/key/key/key.core/../key.ui/examples/standard_key/inEqSimp/simplify5.key.proof 
323936     DEBUG main            d.u.i.k.p.i.AbstractProblemLoader Environment load took 355ns 
323937     INFO  main            d.u.i.k.p.i.AbstractProblemLoader Creating init config 
326103     DEBUG main            d.u.i.k.p.i.AbstractProblemLoader Init config took 2.17s 
326116     INFO  main            d.u.i.k.p.i.AbstractProblemLoader Replaying proof simplify5.key.proof 
326162     DEBUG main            d.u.i.k.p.i.IntermediateProofReplayer Proof replay took 41.12ms 
326163     DEBUG main            d.u.i.k.p.r.p.TestFile    ... success: reloaded. 
326163     INFO  main            d.u.i.k.p.r.p.TestFile    Now processing file /home/runner/work/key/key/key.core/../key.ui/examples/standard_key/inEqSimp/subsumptionExample.key 
326164     INFO  main            d.u.i.k.p.i.AbstractProblemLoader Loading environment from /home/runner/work/key/key/key.core/../key.ui/examples/standard_key/inEqSimp/subsumptionExample.key 
326164     DEBUG main            d.u.i.k.p.i.AbstractProblemLoader Environment load took 53.1ns 
326164     INFO  main            d.u.i.k.p.i.AbstractProblemLoader Creating init config 
328396     DEBUG main            d.u.i.k.p.i.AbstractProblemLoader Init config took 2.23s 
328408     INFO  main            d.u.i.k.p.i.AbstractProblemLoader Replaying proof subsumptionExample.key 
328409     DEBUG main            d.u.i.k.p.i.IntermediateProofReplayer Proof replay took 2.6ns 
328510     INFO  main            d.u.i.k.p.r.p.TestFile    ... finished proof: closed. 
328897     INFO  main            d.u.i.k.p.i.AbstractProblemLoader Loading environment from /home/runner/work/key/key/key.core/../key.ui/examples/standard_key/inEqSimp/subsumptionExample.key.proof 
328897     DEBUG main            d.u.i.k.p.i.AbstractProblemLoader Environment load took 63.7ns 
328898     INFO  main            d.u.i.k.p.i.AbstractProblemLoader Creating init config 
331107     DEBUG main            d.u.i.k.p.i.AbstractProblemLoader Init config took 2.21s 
331119     INFO  main            d.u.i.k.p.i.AbstractProblemLoader Replaying proof subsumptionExample.key.proof 
331121     DEBUG main            d.u.i.k.p.i.IntermediateProofReplayer Proof replay took 701.9ns 
331121     DEBUG main            d.u.i.k.p.r.p.TestFile    ... success: reloaded. 
331122     INFO  main            d.u.i.k.p.r.p.TestFile    Now processing file /home/runner/work/key/key/key.core/../key.ui/examples/standard_key/polySimp/simplify0.key 
331122     INFO  main            d.u.i.k.p.i.AbstractProblemLoader Loading environment from /home/runner/work/key/key/key.core/../key.ui/examples/standard_key/polySimp/simplify0.key 
331122     DEBUG main            d.u.i.k.p.i.AbstractProblemLoader Environment load took 59ns 
331123     INFO  main            d.u.i.k.p.i.AbstractProblemLoader Creating init config 
333354     DEBUG main            d.u.i.k.p.i.AbstractProblemLoader Init config took 2.23s 
333366     INFO  main            d.u.i.k.p.i.AbstractProblemLoader Replaying proof simplify0.key 
333367     DEBUG main            d.u.i.k.p.i.IntermediateProofReplayer Proof replay took 2.7ns 
333570     INFO  main            d.u.i.k.p.r.p.TestFile    ... finished proof: closed. 
333965     INFO  main            d.u.i.k.p.i.AbstractProblemLoader Loading environment from /home/runner/work/key/key/key.core/../key.ui/examples/standard_key/polySimp/simplify0.key.proof 
333965     DEBUG main            d.u.i.k.p.i.AbstractProblemLoader Environment load took 71.6ns 
333967     INFO  main            d.u.i.k.p.i.AbstractProblemLoader Creating init config 
336101     DEBUG main            d.u.i.k.p.i.AbstractProblemLoader Init config took 2.13s 
336113     INFO  main            d.u.i.k.p.i.AbstractProblemLoader Replaying proof simplify0.key.proof 
336129     DEBUG main            d.u.i.k.p.i.IntermediateProofReplayer Proof replay took 13.81ms 
336130     DEBUG main            d.u.i.k.p.r.p.TestFile    ... success: reloaded. 
336131     INFO  main            d.u.i.k.p.r.p.TestFile    Now processing file /home/runner/work/key/key/key.core/../key.ui/examples/standard_key/polySimp/simplify1.key 
336131     INFO  main            d.u.i.k.p.i.AbstractProblemLoader Loading environment from /home/runner/work/key/key/key.core/../key.ui/examples/standard_key/polySimp/simplify1.key 
336131     DEBUG main            d.u.i.k.p.i.AbstractProblemLoader Environment load took 71.1ns 
336132     INFO  main            d.u.i.k.p.i.AbstractProblemLoader Creating init config 
338305     DEBUG main            d.u.i.k.p.i.AbstractProblemLoader Init config took 2.17s 
338317     INFO  main            d.u.i.k.p.i.AbstractProblemLoader Replaying proof simplify1.key 
338318     DEBUG main            d.u.i.k.p.i.IntermediateProofReplayer Proof replay took 3.6ns 
338620     INFO  main            d.u.i.k.p.r.p.TestFile    ... finished proof: closed. 
339006     INFO  main            d.u.i.k.p.i.AbstractProblemLoader Loading environment from /home/runner/work/key/key/key.core/../key.ui/examples/standard_key/polySimp/simplify1.key.proof 
339006     DEBUG main            d.u.i.k.p.i.AbstractProblemLoader Environment load took 67.7ns 
339007     INFO  main            d.u.i.k.p.i.AbstractProblemLoader Creating init config 
341146     DEBUG main            d.u.i.k.p.i.AbstractProblemLoader Init config took 2.14s 
341159     INFO  main            d.u.i.k.p.i.AbstractProblemLoader Replaying proof simplify1.key.proof 
341181     DEBUG main            d.u.i.k.p.i.IntermediateProofReplayer Proof replay took 19.54ms 
341181     DEBUG main            d.u.i.k.p.r.p.TestFile    ... success: reloaded. 
341182     INFO  main            d.u.i.k.p.r.p.TestFile    Now processing file /home/runner/work/key/key/key.core/../key.ui/examples/standard_key/polySimp/simplify10.key 
341182     INFO  main            d.u.i.k.p.i.AbstractProblemLoader Loading environment from /home/runner/work/key/key/key.core/../key.ui/examples/standard_key/polySimp/simplify10.key 
341182     DEBUG main            d.u.i.k.p.i.AbstractProblemLoader Environment load took 39.8ns 
341183     INFO  main            d.u.i.k.p.i.AbstractProblemLoader Creating init config 
343348     DEBUG main            d.u.i.k.p.i.AbstractProblemLoader Init config took 2.16s 
343361     INFO  main            d.u.i.k.p.i.AbstractProblemLoader Replaying proof simplify10.key 
343362     DEBUG main            d.u.i.k.p.i.IntermediateProofReplayer Proof replay took 2ns 
343564     INFO  main            d.u.i.k.p.r.p.TestFile    ... finished proof: closed. 
343976     INFO  main            d.u.i.k.p.i.AbstractProblemLoader Loading environment from /home/runner/work/key/key/key.core/../key.ui/examples/standard_key/polySimp/simplify10.key.proof 
343976     DEBUG main            d.u.i.k.p.i.AbstractProblemLoader Environment load took 70.9ns 
343977     INFO  main            d.u.i.k.p.i.AbstractProblemLoader Creating init config 
346110     DEBUG main            d.u.i.k.p.i.AbstractProblemLoader Init config took 2.13s 
346124     INFO  main            d.u.i.k.p.i.AbstractProblemLoader Replaying proof simplify10.key.proof 
346153     DEBUG main            d.u.i.k.p.i.IntermediateProofReplayer Proof replay took 26.89ms 
346154     DEBUG main            d.u.i.k.p.r.p.TestFile    ... success: reloaded. 
346155     INFO  main            d.u.i.k.p.r.p.TestFile    Now processing file /home/runner/work/key/key/key.core/../key.ui/examples/standard_key/polySimp/simplify11.key 
346155     INFO  main            d.u.i.k.p.i.AbstractProblemLoader Loading environment from /home/runner/work/key/key/key.core/../key.ui/examples/standard_key/polySimp/simplify11.key 
346155     DEBUG main            d.u.i.k.p.i.AbstractProblemLoader Environment load took 61.6ns 
346156     INFO  main            d.u.i.k.p.i.AbstractProblemLoader Creating init config 
348321     DEBUG main            d.u.i.k.p.i.AbstractProblemLoader Init config took 2.16s 
348333     INFO  main            d.u.i.k.p.i.AbstractProblemLoader Replaying proof simplify11.key 
348335     DEBUG main            d.u.i.k.p.i.IntermediateProofReplayer Proof replay took 2.3ns 
348540     INFO  main            d.u.i.k.p.r.p.TestFile    ... finished proof: closed. 
348948     INFO  main            d.u.i.k.p.i.AbstractProblemLoader Loading environment from /home/runner/work/key/key/key.core/../key.ui/examples/standard_key/polySimp/simplify11.key.proof 
348948     DEBUG main            d.u.i.k.p.i.AbstractProblemLoader Environment load took 82.3ns 
348949     INFO  main            d.u.i.k.p.i.AbstractProblemLoader Creating init config 
351083     DEBUG main            d.u.i.k.p.i.AbstractProblemLoader Init config took 2.13s 
351096     INFO  main            d.u.i.k.p.i.AbstractProblemLoader Replaying proof simplify11.key.proof 
351115     DEBUG main            d.u.i.k.p.i.IntermediateProofReplayer Proof replay took 16.84ms 
351116     DEBUG main            d.u.i.k.p.r.p.TestFile    ... success: reloaded. 
351116     INFO  main            d.u.i.k.p.r.p.TestFile    Now processing file /home/runner/work/key/key/key.core/../key.ui/examples/standard_key/polySimp/simplify12.key 
351116     INFO  main            d.u.i.k.p.i.AbstractProblemLoader Loading environment from /home/runner/work/key/key/key.core/../key.ui/examples/standard_key/polySimp/simplify12.key 
351116     DEBUG main            d.u.i.k.p.i.AbstractProblemLoader Environment load took 56.5ns 
351117     INFO  main            d.u.i.k.p.i.AbstractProblemLoader Creating init config 
353275     DEBUG main            d.u.i.k.p.i.AbstractProblemLoader Init config took 2.16s 
353286     INFO  main            d.u.i.k.p.i.AbstractProblemLoader Replaying proof simplify12.key 
353287     DEBUG main            d.u.i.k.p.i.IntermediateProofReplayer Proof replay took 2.2ns 
353389     INFO  main            d.u.i.k.p.r.p.TestFile    ... finished proof: closed. 
353797     INFO  main            d.u.i.k.p.i.AbstractProblemLoader Loading environment from /home/runner/work/key/key/key.core/../key.ui/examples/standard_key/polySimp/simplify12.key.proof 
353797     DEBUG main            d.u.i.k.p.i.AbstractProblemLoader Environment load took 65.1ns 
353798     INFO  main            d.u.i.k.p.i.AbstractProblemLoader Creating init config 
355946     DEBUG main            d.u.i.k.p.i.AbstractProblemLoader Init config took 2.15s 
355958     INFO  main            d.u.i.k.p.i.AbstractProblemLoader Replaying proof simplify12.key.proof 
355968     DEBUG main            d.u.i.k.p.i.IntermediateProofReplayer Proof replay took 7.92ms 
355969     DEBUG main            d.u.i.k.p.r.p.TestFile    ... success: reloaded. 
355969     INFO  main            d.u.i.k.p.r.p.TestFile    Now processing file /home/runner/work/key/key/key.core/../key.ui/examples/standard_key/polySimp/simplify13.key 
355969     INFO  main            d.u.i.k.p.i.AbstractProblemLoader Loading environment from /home/runner/work/key/key/key.core/../key.ui/examples/standard_key/polySimp/simplify13.key 
355969     DEBUG main            d.u.i.k.p.i.AbstractProblemLoader Environment load took 38.2ns 
355970     INFO  main            d.u.i.k.p.i.AbstractProblemLoader Creating init config 
358129     DEBUG main            d.u.i.k.p.i.AbstractProblemLoader Init config took 2.16s 
358141     INFO  main            d.u.i.k.p.i.AbstractProblemLoader Replaying proof simplify13.key 
358142     DEBUG main            d.u.i.k.p.i.IntermediateProofReplayer Proof replay took 2.4ns 
358243     INFO  main            d.u.i.k.p.r.p.TestFile    ... finished proof: closed. 
358638     INFO  main            d.u.i.k.p.i.AbstractProblemLoader Loading environment from /home/runner/work/key/key/key.core/../key.ui/examples/standard_key/polySimp/simplify13.key.proof 
358638     DEBUG main            d.u.i.k.p.i.AbstractProblemLoader Environment load took 64.7ns 
358639     INFO  main            d.u.i.k.p.i.AbstractProblemLoader Creating init config 
360778     DEBUG main            d.u.i.k.p.i.AbstractProblemLoader Init config took 2.14s 
360790     INFO  main            d.u.i.k.p.i.AbstractProblemLoader Replaying proof simplify13.key.proof 
360796     DEBUG main            d.u.i.k.p.i.IntermediateProofReplayer Proof replay took 4.52ms 
360797     DEBUG main            d.u.i.k.p.r.p.TestFile    ... success: reloaded. 
360797     INFO  main            d.u.i.k.p.r.p.TestFile    Now processing file /home/runner/work/key/key/key.core/../key.ui/examples/standard_key/polySimp/simplify14.key 
360797     INFO  main            d.u.i.k.p.i.AbstractProblemLoader Loading environment from /home/runner/work/key/key/key.core/../key.ui/examples/standard_key/polySimp/simplify14.key 
360797     DEBUG main            d.u.i.k.p.i.AbstractProblemLoader Environment load took 38.1ns 
360798     INFO  main            d.u.i.k.p.i.AbstractProblemLoader Creating init config 
362959     DEBUG main            d.u.i.k.p.i.AbstractProblemLoader Init config took 2.16s 
362972     INFO  main            d.u.i.k.p.i.AbstractProblemLoader Replaying proof simplify14.key 
362973     DEBUG main            d.u.i.k.p.i.IntermediateProofReplayer Proof replay took 2.2ns 
363077     INFO  main            d.u.i.k.p.r.p.TestFile    ... finished proof: closed. 
363477     INFO  main            d.u.i.k.p.i.AbstractProblemLoader Loading environment from /home/runner/work/key/key/key.core/../key.ui/examples/standard_key/polySimp/simplify14.key.proof 
363477     DEBUG main            d.u.i.k.p.i.AbstractProblemLoader Environment load took 67.4ns 
363478     INFO  main            d.u.i.k.p.i.AbstractProblemLoader Creating init config 
365616     DEBUG main            d.u.i.k.p.i.AbstractProblemLoader Init config took 2.14s 
365629     INFO  main            d.u.i.k.p.i.AbstractProblemLoader Replaying proof simplify14.key.proof 
365632     DEBUG main            d.u.i.k.p.i.IntermediateProofReplayer Proof replay took 1.22ms 
365633     DEBUG main            d.u.i.k.p.r.p.TestFile    ... success: reloaded. 
365633     INFO  main            d.u.i.k.p.r.p.TestFile    Now processing file /home/runner/work/key/key/key.core/../key.ui/examples/standard_key/polySimp/simplify15.key 
365633     INFO  main            d.u.i.k.p.i.AbstractProblemLoader Loading environment from /home/runner/work/key/key/key.core/../key.ui/examples/standard_key/polySimp/simplify15.key 
365633     DEBUG main            d.u.i.k.p.i.AbstractProblemLoader Environment load took 37.3ns 
365634     INFO  main            d.u.i.k.p.i.AbstractProblemLoader Creating init config 
367792     DEBUG main            d.u.i.k.p.i.AbstractProblemLoader Init config took 2.16s 
367804     INFO  main            d.u.i.k.p.i.AbstractProblemLoader Replaying proof simplify15.key 
367805     DEBUG main            d.u.i.k.p.i.IntermediateProofReplayer Proof replay took 2.4ns 
367906     INFO  main            d.u.i.k.p.r.p.TestFile    ... finished proof: closed. 
368309     INFO  main            d.u.i.k.p.i.AbstractProblemLoader Loading environment from /home/runner/work/key/key/key.core/../key.ui/examples/standard_key/polySimp/simplify15.key.proof 
368309     DEBUG main            d.u.i.k.p.i.AbstractProblemLoader Environment load took 60.9ns 
368310     INFO  main            d.u.i.k.p.i.AbstractProblemLoader Creating init config 
370441     DEBUG main            d.u.i.k.p.i.AbstractProblemLoader Init config took 2.13s 
370453     INFO  main            d.u.i.k.p.i.AbstractProblemLoader Replaying proof simplify15.key.proof 
370455     DEBUG main            d.u.i.k.p.i.IntermediateProofReplayer Proof replay took 573ns 
370456     DEBUG main            d.u.i.k.p.r.p.TestFile    ... success: reloaded. 
370456     INFO  main            d.u.i.k.p.r.p.TestFile    Now processing file /home/runner/work/key/key/key.core/../key.ui/examples/standard_key/polySimp/simplify16.key 
370456     INFO  main            d.u.i.k.p.i.AbstractProblemLoader Loading environment from /home/runner/work/key/key/key.core/../key.ui/examples/standard_key/polySimp/simplify16.key 
370456     DEBUG main            d.u.i.k.p.i.AbstractProblemLoader Environment load took 76.8ns 
370457     INFO  main            d.u.i.k.p.i.AbstractProblemLoader Creating init config 
372611     DEBUG main            d.u.i.k.p.i.AbstractProblemLoader Init config took 2.15s 
372623     INFO  main            d.u.i.k.p.i.AbstractProblemLoader Replaying proof simplify16.key 
372624     DEBUG main            d.u.i.k.p.i.IntermediateProofReplayer Proof replay took 2.4ns 
372725     INFO  main            d.u.i.k.p.r.p.TestFile    ... finished proof: closed. 
373122     INFO  main            d.u.i.k.p.i.AbstractProblemLoader Loading environment from /home/runner/work/key/key/key.core/../key.ui/examples/standard_key/polySimp/simplify16.key.proof 
373122     DEBUG main            d.u.i.k.p.i.AbstractProblemLoader Environment load took 62.6ns 
373123     INFO  main            d.u.i.k.p.i.AbstractProblemLoader Creating init config 
375251     DEBUG main            d.u.i.k.p.i.AbstractProblemLoader Init config took 2.13s 
375263     INFO  main            d.u.i.k.p.i.AbstractProblemLoader Replaying proof simplify16.key.proof 
375265     DEBUG main            d.u.i.k.p.i.IntermediateProofReplayer Proof replay took 423.7ns 
375265     DEBUG main            d.u.i.k.p.r.p.TestFile    ... success: reloaded. 
375266     INFO  main            d.u.i.k.p.r.p.TestFile    Now processing file /home/runner/work/key/key/key.core/../key.ui/examples/standard_key/polySimp/simplify17.key 
375266     INFO  main            d.u.i.k.p.i.AbstractProblemLoader Loading environment from /home/runner/work/key/key/key.core/../key.ui/examples/standard_key/polySimp/simplify17.key 
375266     DEBUG main            d.u.i.k.p.i.AbstractProblemLoader Environment load took 37.5ns 
375266     INFO  main            d.u.i.k.p.i.AbstractProblemLoader Creating init config 
377422     DEBUG main            d.u.i.k.p.i.AbstractProblemLoader Init config took 2.16s 
377434     INFO  main            d.u.i.k.p.i.AbstractProblemLoader Replaying proof simplify17.key 
377435     DEBUG main            d.u.i.k.p.i.IntermediateProofReplayer Proof replay took 2.5ns 
377536     INFO  main            d.u.i.k.p.r.p.TestFile    ... finished proof: closed. 
377964     INFO  main            d.u.i.k.p.i.AbstractProblemLoader Loading environment from /home/runner/work/key/key/key.core/../key.ui/examples/standard_key/polySimp/simplify17.key.proof 
377964     DEBUG main            d.u.i.k.p.i.AbstractProblemLoader Environment load took 62.5ns 
377965     INFO  main            d.u.i.k.p.i.AbstractProblemLoader Creating init config 
380093     DEBUG main            d.u.i.k.p.i.AbstractProblemLoader Init config took 2.13s 
380104     INFO  main            d.u.i.k.p.i.AbstractProblemLoader Replaying proof simplify17.key.proof 
380111     DEBUG main            d.u.i.k.p.i.IntermediateProofReplayer Proof replay took 4.83ms 
380111     DEBUG main            d.u.i.k.p.r.p.TestFile    ... success: reloaded. 
380112     INFO  main            d.u.i.k.p.r.p.TestFile    Now processing file /home/runner/work/key/key/key.core/../key.ui/examples/standard_key/polySimp/simplify18.key 
380112     INFO  main            d.u.i.k.p.i.AbstractProblemLoader Loading environment from /home/runner/work/key/key/key.core/../key.ui/examples/standard_key/polySimp/simplify18.key 
380112     DEBUG main            d.u.i.k.p.i.AbstractProblemLoader Environment load took 37.7ns 
380113     INFO  main            d.u.i.k.p.i.AbstractProblemLoader Creating init config 
382281     DEBUG main            d.u.i.k.p.i.AbstractProblemLoader Init config took 2.17s 
382294     INFO  main            d.u.i.k.p.i.AbstractProblemLoader Replaying proof simplify18.key 
382294     DEBUG main            d.u.i.k.p.i.IntermediateProofReplayer Proof replay took 2.6ns 
382498     INFO  main            d.u.i.k.p.r.p.TestFile    ... finished proof: closed. 
382914     INFO  main            d.u.i.k.p.i.AbstractProblemLoader Loading environment from /home/runner/work/key/key/key.core/../key.ui/examples/standard_key/polySimp/simplify18.key.proof 
382914     DEBUG main            d.u.i.k.p.i.AbstractProblemLoader Environment load took 73.2ns 
382915     INFO  main            d.u.i.k.p.i.AbstractProblemLoader Creating init config 
385060     DEBUG main            d.u.i.k.p.i.AbstractProblemLoader Init config took 2.14s 
385072     INFO  main            d.u.i.k.p.i.AbstractProblemLoader Replaying proof simplify18.key.proof 
385087     DEBUG main            d.u.i.k.p.i.IntermediateProofReplayer Proof replay took 12.49ms 
385087     DEBUG main            d.u.i.k.p.r.p.TestFile    ... success: reloaded. 
385088     INFO  main            d.u.i.k.p.r.p.TestFile    Now processing file /home/runner/work/key/key/key.core/../key.ui/examples/standard_key/polySimp/simplify19.key 
385088     INFO  main            d.u.i.k.p.i.AbstractProblemLoader Loading environment from /home/runner/work/key/key/key.core/../key.ui/examples/standard_key/polySimp/simplify19.key 
385088     DEBUG main            d.u.i.k.p.i.AbstractProblemLoader Environment load took 36.9ns 
385089     INFO  main            d.u.i.k.p.i.AbstractProblemLoader Creating init config 
387262     DEBUG main            d.u.i.k.p.i.AbstractProblemLoader Init config took 2.17s 
387274     INFO  main            d.u.i.k.p.i.AbstractProblemLoader Replaying proof simplify19.key 
387275     DEBUG main            d.u.i.k.p.i.IntermediateProofReplayer Proof replay took 2.5ns 
389981     INFO  main            d.u.i.k.p.r.p.TestFile    ... finished proof: closed. 
390449     INFO  main            d.u.i.k.p.i.AbstractProblemLoader Loading environment from /home/runner/work/key/key/key.core/../key.ui/examples/standard_key/polySimp/simplify19.key.proof 
390449     DEBUG main            d.u.i.k.p.i.AbstractProblemLoader Environment load took 74.4ns 
390451     INFO  main            d.u.i.k.p.i.AbstractProblemLoader Creating init config 
392584     DEBUG main            d.u.i.k.p.i.AbstractProblemLoader Init config took 2.13s 
392596     INFO  main            d.u.i.k.p.i.AbstractProblemLoader Replaying proof simplify19.key.proof 
392827     DEBUG main            d.u.i.k.p.i.IntermediateProofReplayer Proof replay took 218.92ms 
392829     DEBUG main            d.u.i.k.p.r.p.TestFile    ... success: reloaded. 
392829     INFO  main            d.u.i.k.p.r.p.TestFile    Now processing file /home/runner/work/key/key/key.core/../key.ui/examples/standard_key/polySimp/simplify2.key 
392829     INFO  main            d.u.i.k.p.i.AbstractProblemLoader Loading environment from /home/runner/work/key/key/key.core/../key.ui/examples/standard_key/polySimp/simplify2.key 
392829     DEBUG main            d.u.i.k.p.i.AbstractProblemLoader Environment load took 59.3ns 
392830     INFO  main            d.u.i.k.p.i.AbstractProblemLoader Creating init config 
395039     DEBUG main            d.u.i.k.p.i.AbstractProblemLoader Init config took 2.21s 
395051     INFO  main            d.u.i.k.p.i.AbstractProblemLoader Replaying proof simplify2.key 
395052     DEBUG main            d.u.i.k.p.i.IntermediateProofReplayer Proof replay took 2.5ns 
395153     INFO  main            d.u.i.k.p.r.p.TestFile    ... finished proof: closed. 
395633     INFO  main            d.u.i.k.p.i.AbstractProblemLoader Loading environment from /home/runner/work/key/key/key.core/../key.ui/examples/standard_key/polySimp/simplify2.key.proof 
395633     DEBUG main            d.u.i.k.p.i.AbstractProblemLoader Environment load took 61.5ns 
395634     INFO  main            d.u.i.k.p.i.AbstractProblemLoader Creating init config 
397767     DEBUG main            d.u.i.k.p.i.AbstractProblemLoader Init config took 2.13s 
397780     INFO  main            d.u.i.k.p.i.AbstractProblemLoader Replaying proof simplify2.key.proof 
397781     DEBUG main            d.u.i.k.p.i.IntermediateProofReplayer Proof replay took 696.5ns 
397782     DEBUG main            d.u.i.k.p.r.p.TestFile    ... success: reloaded. 
397782     INFO  main            d.u.i.k.p.r.p.TestFile    Now processing file /home/runner/work/key/key/key.core/../key.ui/examples/standard_key/polySimp/simplify20.key 
397783     INFO  main            d.u.i.k.p.i.AbstractProblemLoader Loading environment from /home/runner/work/key/key/key.core/../key.ui/examples/standard_key/polySimp/simplify20.key 
397783     DEBUG main            d.u.i.k.p.i.AbstractProblemLoader Environment load took 36.6ns 
397783     INFO  main            d.u.i.k.p.i.AbstractProblemLoader Creating init config 
399946     DEBUG main            d.u.i.k.p.i.AbstractProblemLoader Init config took 2.16s 
399958     INFO  main            d.u.i.k.p.i.AbstractProblemLoader Replaying proof simplify20.key 
399959     DEBUG main            d.u.i.k.p.i.IntermediateProofReplayer Proof replay took 2.8ns 
400567     INFO  main            d.u.i.k.p.r.p.TestFile    ... finished proof: closed. 
401018     INFO  main            d.u.i.k.p.i.AbstractProblemLoader Loading environment from /home/runner/work/key/key/key.core/../key.ui/examples/standard_key/polySimp/simplify20.key.proof 
401018     DEBUG main            d.u.i.k.p.i.AbstractProblemLoader Environment load took 91.4ns 
401020     INFO  main            d.u.i.k.p.i.AbstractProblemLoader Creating init config 
403153     DEBUG main            d.u.i.k.p.i.AbstractProblemLoader Init config took 2.13s 
403165     INFO  main            d.u.i.k.p.i.AbstractProblemLoader Replaying proof simplify20.key.proof 
403224     DEBUG main            d.u.i.k.p.i.IntermediateProofReplayer Proof replay took 53.82ms 
403225     DEBUG main            d.u.i.k.p.r.p.TestFile    ... success: reloaded. 
403225     INFO  main            d.u.i.k.p.r.p.TestFile    Now processing file /home/runner/work/key/key/key.core/../key.ui/examples/standard_key/polySimp/simplify21.key 
403225     INFO  main            d.u.i.k.p.i.AbstractProblemLoader Loading environment from /home/runner/work/key/key/key.core/../key.ui/examples/standard_key/polySimp/simplify21.key 
403225     DEBUG main            d.u.i.k.p.i.AbstractProblemLoader Environment load took 64.5ns 
403228     INFO  main            d.u.i.k.p.i.AbstractProblemLoader Creating init config 
405403     DEBUG main            d.u.i.k.p.i.AbstractProblemLoader Init config took 2.17s 
405416     INFO  main            d.u.i.k.p.i.AbstractProblemLoader Replaying proof simplify21.key 
405417     DEBUG main            d.u.i.k.p.i.IntermediateProofReplayer Proof replay took 2.7ns 
405922     INFO  main            d.u.i.k.p.r.p.TestFile    ... finished proof: closed. 
406398     INFO  main            d.u.i.k.p.i.AbstractProblemLoader Loading environment from /home/runner/work/key/key/key.core/../key.ui/examples/standard_key/polySimp/simplify21.key.proof 
406398     DEBUG main            d.u.i.k.p.i.AbstractProblemLoader Environment load took 70.3ns 
406400     INFO  main            d.u.i.k.p.i.AbstractProblemLoader Creating init config 
408540     DEBUG main            d.u.i.k.p.i.AbstractProblemLoader Init config took 2.14s 
408556     INFO  main            d.u.i.k.p.i.AbstractProblemLoader Replaying proof simplify21.key.proof 
408603     DEBUG main            d.u.i.k.p.i.IntermediateProofReplayer Proof replay took 43.42ms 
408617     DEBUG main            d.u.i.k.p.r.p.TestFile    ... success: reloaded. 
408618     INFO  main            d.u.i.k.p.r.p.TestFile    Now processing file /home/runner/work/key/key/key.core/../key.ui/examples/standard_key/polySimp/simplify22.key 
408618     INFO  main            d.u.i.k.p.i.AbstractProblemLoader Loading environment from /home/runner/work/key/key/key.core/../key.ui/examples/standard_key/polySimp/simplify22.key 
408618     DEBUG main            d.u.i.k.p.i.AbstractProblemLoader Environment load took 36.5ns 
408619     INFO  main            d.u.i.k.p.i.AbstractProblemLoader Creating init config 
410780     DEBUG main            d.u.i.k.p.i.AbstractProblemLoader Init config took 2.16s 
410808     INFO  main            d.u.i.k.p.i.AbstractProblemLoader Replaying proof simplify22.key 
410809     DEBUG main            d.u.i.k.p.i.IntermediateProofReplayer Proof replay took 2.4ns 
410912     INFO  main            d.u.i.k.p.r.p.TestFile    ... finished proof: closed. 
411375     INFO  main            d.u.i.k.p.i.AbstractProblemLoader Loading environment from /home/runner/work/key/key/key.core/../key.ui/examples/standard_key/polySimp/simplify22.key.proof 
411376     DEBUG main            d.u.i.k.p.i.AbstractProblemLoader Environment load took 69.1ns 
411376     INFO  main            d.u.i.k.p.i.AbstractProblemLoader Creating init config 
413516     DEBUG main            d.u.i.k.p.i.AbstractProblemLoader Init config took 2.14s 
413528     INFO  main            d.u.i.k.p.i.AbstractProblemLoader Replaying proof simplify22.key.proof 
413532     DEBUG main            d.u.i.k.p.i.IntermediateProofReplayer Proof replay took 2.03ms 
413532     DEBUG main            d.u.i.k.p.r.p.TestFile    ... success: reloaded. 
413533     INFO  main            d.u.i.k.p.r.p.TestFile    Now processing file /home/runner/work/key/key/key.core/../key.ui/examples/standard_key/polySimp/simplify23.key 
413533     INFO  main            d.u.i.k.p.i.AbstractProblemLoader Loading environment from /home/runner/work/key/key/key.core/../key.ui/examples/standard_key/polySimp/simplify23.key 
413533     DEBUG main            d.u.i.k.p.i.AbstractProblemLoader Environment load took 63.8ns 
413534     INFO  main            d.u.i.k.p.i.AbstractProblemLoader Creating init config 
415698     DEBUG main            d.u.i.k.p.i.AbstractProblemLoader Init config took 2.16s 
415710     INFO  main            d.u.i.k.p.i.AbstractProblemLoader Replaying proof simplify23.key 
415711     DEBUG main            d.u.i.k.p.i.IntermediateProofReplayer Proof replay took 3.3ns 
415812     INFO  main            d.u.i.k.p.r.p.TestFile    ... finished proof: closed. 
416265     INFO  main            d.u.i.k.p.i.AbstractProblemLoader Loading environment from /home/runner/work/key/key/key.core/../key.ui/examples/standard_key/polySimp/simplify23.key.proof 
416265     DEBUG main            d.u.i.k.p.i.AbstractProblemLoader Environment load took 65ns 
416266     INFO  main            d.u.i.k.p.i.AbstractProblemLoader Creating init config 
418403     DEBUG main            d.u.i.k.p.i.AbstractProblemLoader Init config took 2.14s 
418415     INFO  main            d.u.i.k.p.i.AbstractProblemLoader Replaying proof simplify23.key.proof 
418429     DEBUG main            d.u.i.k.p.i.IntermediateProofReplayer Proof replay took 10.53ms 
418430     DEBUG main            d.u.i.k.p.r.p.TestFile    ... success: reloaded. 
418430     INFO  main            d.u.i.k.p.r.p.TestFile    Now processing file /home/runner/work/key/key/key.core/../key.ui/examples/standard_key/polySimp/simplify24.key 
418430     INFO  main            d.u.i.k.p.i.AbstractProblemLoader Loading environment from /home/runner/work/key/key/key.core/../key.ui/examples/standard_key/polySimp/simplify24.key 
418430     DEBUG main            d.u.i.k.p.i.AbstractProblemLoader Environment load took 38.6ns 
418431     INFO  main            d.u.i.k.p.i.AbstractProblemLoader Creating init config 
420601     DEBUG main            d.u.i.k.p.i.AbstractProblemLoader Init config took 2.17s 
420613     INFO  main            d.u.i.k.p.i.AbstractProblemLoader Replaying proof simplify24.key 
420614     DEBUG main            d.u.i.k.p.i.IntermediateProofReplayer Proof replay took 2.3ns 
420715     INFO  main            d.u.i.k.p.r.p.TestFile    ... finished proof: closed. 
421163     INFO  main            d.u.i.k.p.i.AbstractProblemLoader Loading environment from /home/runner/work/key/key/key.core/../key.ui/examples/standard_key/polySimp/simplify24.key.proof 
421163     DEBUG main            d.u.i.k.p.i.AbstractProblemLoader Environment load took 67.2ns 
421164     INFO  main            d.u.i.k.p.i.AbstractProblemLoader Creating init config 
423306     DEBUG main            d.u.i.k.p.i.AbstractProblemLoader Init config took 2.14s 
423319     INFO  main            d.u.i.k.p.i.AbstractProblemLoader Replaying proof simplify24.key.proof 
423322     DEBUG main            d.u.i.k.p.i.IntermediateProofReplayer Proof replay took 2.19ms 
423323     DEBUG main            d.u.i.k.p.r.p.TestFile    ... success: reloaded. 
423323     INFO  main            d.u.i.k.p.r.p.TestFile    Now processing file /home/runner/work/key/key/key.core/../key.ui/examples/standard_key/polySimp/simplify25.key 
423323     INFO  main            d.u.i.k.p.i.AbstractProblemLoader Loading environment from /home/runner/work/key/key/key.core/../key.ui/examples/standard_key/polySimp/simplify25.key 
423323     DEBUG main            d.u.i.k.p.i.AbstractProblemLoader Environment load took 52.3ns 
423324     INFO  main            d.u.i.k.p.i.AbstractProblemLoader Creating init config 
425497     DEBUG main            d.u.i.k.p.i.AbstractProblemLoader Init config took 2.17s 
425509     INFO  main            d.u.i.k.p.i.AbstractProblemLoader Replaying proof simplify25.key 
425510     DEBUG main            d.u.i.k.p.i.IntermediateProofReplayer Proof replay took 2.3ns 
425613     INFO  main            d.u.i.k.p.r.p.TestFile    ... finished proof: closed. 
426070     INFO  main            d.u.i.k.p.i.AbstractProblemLoader Loading environment from /home/runner/work/key/key/key.core/../key.ui/examples/standard_key/polySimp/simplify25.key.proof 
426070     DEBUG main            d.u.i.k.p.i.AbstractProblemLoader Environment load took 65.9ns 
426071     INFO  main            d.u.i.k.p.i.AbstractProblemLoader Creating init config 
428206     DEBUG main            d.u.i.k.p.i.AbstractProblemLoader Init config took 2.13s 
428218     INFO  main            d.u.i.k.p.i.AbstractProblemLoader Replaying proof simplify25.key.proof 
428221     DEBUG main            d.u.i.k.p.i.IntermediateProofReplayer Proof replay took 2.22ms 
428222     DEBUG main            d.u.i.k.p.r.p.TestFile    ... success: reloaded. 
428222     INFO  main            d.u.i.k.p.r.p.TestFile    Now processing file /home/runner/work/key/key/key.core/../key.ui/examples/standard_key/polySimp/simplify3.key 
428223     INFO  main            d.u.i.k.p.i.AbstractProblemLoader Loading environment from /home/runner/work/key/key/key.core/../key.ui/examples/standard_key/polySimp/simplify3.key 
428223     DEBUG main            d.u.i.k.p.i.AbstractProblemLoader Environment load took 77.5ns 
428223     INFO  main            d.u.i.k.p.i.AbstractProblemLoader Creating init config 
430389     DEBUG main            d.u.i.k.p.i.AbstractProblemLoader Init config took 2.17s 
430401     INFO  main            d.u.i.k.p.i.AbstractProblemLoader Replaying proof simplify3.key 
430402     DEBUG main            d.u.i.k.p.i.IntermediateProofReplayer Proof replay took 2.2ns 
430503     INFO  main            d.u.i.k.p.r.p.TestFile    ... finished proof: closed. 
430963     INFO  main            d.u.i.k.p.i.AbstractProblemLoader Loading environment from /home/runner/work/key/key/key.core/../key.ui/examples/standard_key/polySimp/simplify3.key.proof 
430963     DEBUG main            d.u.i.k.p.i.AbstractProblemLoader Environment load took 61.3ns 
430964     INFO  main            d.u.i.k.p.i.AbstractProblemLoader Creating init config 
433092     DEBUG main            d.u.i.k.p.i.AbstractProblemLoader Init config took 2.13s 
433103     INFO  main            d.u.i.k.p.i.AbstractProblemLoader Replaying proof simplify3.key.proof 
433105     DEBUG main            d.u.i.k.p.i.IntermediateProofReplayer Proof replay took 736.7ns 
433106     DEBUG main            d.u.i.k.p.r.p.TestFile    ... success: reloaded. 
433106     INFO  main            d.u.i.k.p.r.p.TestFile    Now processing file /home/runner/work/key/key/key.core/../key.ui/examples/standard_key/polySimp/simplify4.key 
433106     INFO  main            d.u.i.k.p.i.AbstractProblemLoader Loading environment from /home/runner/work/key/key/key.core/../key.ui/examples/standard_key/polySimp/simplify4.key 
433106     DEBUG main            d.u.i.k.p.i.AbstractProblemLoader Environment load took 38.7ns 
433107     INFO  main            d.u.i.k.p.i.AbstractProblemLoader Creating init config 
435267     DEBUG main            d.u.i.k.p.i.AbstractProblemLoader Init config took 2.16s 
435279     INFO  main            d.u.i.k.p.i.AbstractProblemLoader Replaying proof simplify4.key 
435280     DEBUG main            d.u.i.k.p.i.IntermediateProofReplayer Proof replay took 2.6ns 
435381     INFO  main            d.u.i.k.p.r.p.TestFile    ... finished proof: closed. 
435855     INFO  main            d.u.i.k.p.i.AbstractProblemLoader Loading environment from /home/runner/work/key/key/key.core/../key.ui/examples/standard_key/polySimp/simplify4.key.proof 
435855     DEBUG main            d.u.i.k.p.i.AbstractProblemLoader Environment load took 63.8ns 
435856     INFO  main            d.u.i.k.p.i.AbstractProblemLoader Creating init config 
437989     DEBUG main            d.u.i.k.p.i.AbstractProblemLoader Init config took 2.13s 
438001     INFO  main            d.u.i.k.p.i.AbstractProblemLoader Replaying proof simplify4.key.proof 
438003     DEBUG main            d.u.i.k.p.i.IntermediateProofReplayer Proof replay took 987.8ns 
438004     DEBUG main            d.u.i.k.p.r.p.TestFile    ... success: reloaded. 
438004     INFO  main            d.u.i.k.p.r.p.TestFile    Now processing file /home/runner/work/key/key/key.core/../key.ui/examples/standard_key/polySimp/simplify5.key 
438004     INFO  main            d.u.i.k.p.i.AbstractProblemLoader Loading environment from /home/runner/work/key/key/key.core/../key.ui/examples/standard_key/polySimp/simplify5.key 
438004     DEBUG main            d.u.i.k.p.i.AbstractProblemLoader Environment load took 52ns 
438005     INFO  main            d.u.i.k.p.i.AbstractProblemLoader Creating init config 
440175     DEBUG main            d.u.i.k.p.i.AbstractProblemLoader Init config took 2.17s 
440187     INFO  main            d.u.i.k.p.i.AbstractProblemLoader Replaying proof simplify5.key 
440188     DEBUG main            d.u.i.k.p.i.IntermediateProofReplayer Proof replay took 2.4ns 
440289     INFO  main            d.u.i.k.p.r.p.TestFile    ... finished proof: closed. 
440756     INFO  main            d.u.i.k.p.i.AbstractProblemLoader Loading environment from /home/runner/work/key/key/key.core/../key.ui/examples/standard_key/polySimp/simplify5.key.proof 
440756     DEBUG main            d.u.i.k.p.i.AbstractProblemLoader Environment load took 59.7ns 
440757     INFO  main            d.u.i.k.p.i.AbstractProblemLoader Creating init config 
442891     DEBUG main            d.u.i.k.p.i.AbstractProblemLoader Init config took 2.13s 
442903     INFO  main            d.u.i.k.p.i.AbstractProblemLoader Replaying proof simplify5.key.proof 
442910     DEBUG main            d.u.i.k.p.i.IntermediateProofReplayer Proof replay took 5.21ms 
442910     DEBUG main            d.u.i.k.p.r.p.TestFile    ... success: reloaded. 
442911     INFO  main            d.u.i.k.p.r.p.TestFile    Now processing file /home/runner/work/key/key/key.core/../key.ui/examples/standard_key/polySimp/simplify6.key 
442911     INFO  main            d.u.i.k.p.i.AbstractProblemLoader Loading environment from /home/runner/work/key/key/key.core/../key.ui/examples/standard_key/polySimp/simplify6.key 
442911     DEBUG main            d.u.i.k.p.i.AbstractProblemLoader Environment load took 35.5ns 
442912     INFO  main            d.u.i.k.p.i.AbstractProblemLoader Creating init config 
445092     DEBUG main            d.u.i.k.p.i.AbstractProblemLoader Init config took 2.18s 
445104     INFO  main            d.u.i.k.p.i.AbstractProblemLoader Replaying proof simplify6.key 
445105     DEBUG main            d.u.i.k.p.i.IntermediateProofReplayer Proof replay took 2.7ns 
445206     INFO  main            d.u.i.k.p.r.p.TestFile    ... finished proof: closed. 
445675     INFO  main            d.u.i.k.p.i.AbstractProblemLoader Loading environment from /home/runner/work/key/key/key.core/../key.ui/examples/standard_key/polySimp/simplify6.key.proof 
445675     DEBUG main            d.u.i.k.p.i.AbstractProblemLoader Environment load took 64.8ns 
445676     INFO  main            d.u.i.k.p.i.AbstractProblemLoader Creating init config 
447812     DEBUG main            d.u.i.k.p.i.AbstractProblemLoader Init config took 2.14s 
447824     INFO  main            d.u.i.k.p.i.AbstractProblemLoader Replaying proof simplify6.key.proof 
447825     DEBUG main            d.u.i.k.p.i.IntermediateProofReplayer Proof replay took 287.2ns 
447826     DEBUG main            d.u.i.k.p.r.p.TestFile    ... success: reloaded. 
447826     INFO  main            d.u.i.k.p.r.p.TestFile    Now processing file /home/runner/work/key/key/key.core/../key.ui/examples/standard_key/polySimp/simplify7.key 
447826     INFO  main            d.u.i.k.p.i.AbstractProblemLoader Loading environment from /home/runner/work/key/key/key.core/../key.ui/examples/standard_key/polySimp/simplify7.key 
447826     DEBUG main            d.u.i.k.p.i.AbstractProblemLoader Environment load took 36ns 
447827     INFO  main            d.u.i.k.p.i.AbstractProblemLoader Creating init config 
449997     DEBUG main            d.u.i.k.p.i.AbstractProblemLoader Init config took 2.17s 
450009     INFO  main            d.u.i.k.p.i.AbstractProblemLoader Replaying proof simplify7.key 
450010     DEBUG main            d.u.i.k.p.i.IntermediateProofReplayer Proof replay took 3.1ns 
450113     INFO  main            d.u.i.k.p.r.p.TestFile    ... finished proof: closed. 
450585     INFO  main            d.u.i.k.p.i.AbstractProblemLoader Loading environment from /home/runner/work/key/key/key.core/../key.ui/examples/standard_key/polySimp/simplify7.key.proof 
450585     DEBUG main            d.u.i.k.p.i.AbstractProblemLoader Environment load took 61.9ns 
450586     INFO  main            d.u.i.k.p.i.AbstractProblemLoader Creating init config 
452725     DEBUG main            d.u.i.k.p.i.AbstractProblemLoader Init config took 2.14s 
452737     INFO  main            d.u.i.k.p.i.AbstractProblemLoader Replaying proof simplify7.key.proof 
452738     DEBUG main            d.u.i.k.p.i.IntermediateProofReplayer Proof replay took 497.4ns 
452739     DEBUG main            d.u.i.k.p.r.p.TestFile    ... success: reloaded. 
452739     INFO  main            d.u.i.k.p.r.p.TestFile    Now processing file /home/runner/work/key/key/key.core/../key.ui/examples/standard_key/polySimp/simplify8.key 
452740     INFO  main            d.u.i.k.p.i.AbstractProblemLoader Loading environment from /home/runner/work/key/key/key.core/../key.ui/examples/standard_key/polySimp/simplify8.key 
452740     DEBUG main            d.u.i.k.p.i.AbstractProblemLoader Environment load took 36.2ns 
452743     INFO  main            d.u.i.k.p.i.AbstractProblemLoader Creating init config 
454914     DEBUG main            d.u.i.k.p.i.AbstractProblemLoader Init config took 2.17s 
454927     INFO  main            d.u.i.k.p.i.AbstractProblemLoader Replaying proof simplify8.key 
454928     DEBUG main            d.u.i.k.p.i.IntermediateProofReplayer Proof replay took 2.4ns 
458535     INFO  main            d.u.i.k.p.r.p.TestFile    ... finished proof: closed. 
459033     INFO  main            d.u.i.k.p.i.AbstractProblemLoader Loading environment from /home/runner/work/key/key/key.core/../key.ui/examples/standard_key/polySimp/simplify8.key.proof 
459033     DEBUG main            d.u.i.k.p.i.AbstractProblemLoader Environment load took 72.3ns 
459035     INFO  main            d.u.i.k.p.i.AbstractProblemLoader Creating init config 
461193     DEBUG main            d.u.i.k.p.i.AbstractProblemLoader Init config took 2.16s 
461208     INFO  main            d.u.i.k.p.i.AbstractProblemLoader Replaying proof simplify8.key.proof 
461383     DEBUG main            d.u.i.k.p.i.IntermediateProofReplayer Proof replay took 170.14ms 
461385     DEBUG main            d.u.i.k.p.r.p.TestFile    ... success: reloaded. 
461385     INFO  main            d.u.i.k.p.r.p.TestFile    Now processing file /home/runner/work/key/key/key.core/../key.ui/examples/standard_key/polySimp/simplify9.key 
461386     INFO  main            d.u.i.k.p.i.AbstractProblemLoader Loading environment from /home/runner/work/key/key/key.core/../key.ui/examples/standard_key/polySimp/simplify9.key 
461386     DEBUG main            d.u.i.k.p.i.AbstractProblemLoader Environment load took 38ns 
461387     INFO  main            d.u.i.k.p.i.AbstractProblemLoader Creating init config 
463602     DEBUG main            d.u.i.k.p.i.AbstractProblemLoader Init config took 2.21s 
463614     INFO  main            d.u.i.k.p.i.AbstractProblemLoader Replaying proof simplify9.key 
463615     DEBUG main            d.u.i.k.p.i.IntermediateProofReplayer Proof replay took 2.3ns 
463817     INFO  main            d.u.i.k.p.r.p.TestFile    ... finished proof: closed. 
464357     INFO  main            d.u.i.k.p.i.AbstractProblemLoader Loading environment from /home/runner/work/key/key/key.core/../key.ui/examples/standard_key/polySimp/simplify9.key.proof 
464357     DEBUG main            d.u.i.k.p.i.AbstractProblemLoader Environment load took 62.6ns 
464359     INFO  main            d.u.i.k.p.i.AbstractProblemLoader Creating init config 
466492     DEBUG main            d.u.i.k.p.i.AbstractProblemLoader Init config took 2.13s 
466505     INFO  main            d.u.i.k.p.i.AbstractProblemLoader Replaying proof simplify9.key.proof 
466516     DEBUG main            d.u.i.k.p.i.IntermediateProofReplayer Proof replay took 8.86ms 
466517     DEBUG main            d.u.i.k.p.r.p.TestFile    ... success: reloaded. 
2743684    INFO  Test worker     d.u.i.k.p.r.RunAllProofsTestUnit Returning from test arithmetic 
2743685    INFO  Test worker     d.u.i.k.p.r.RunAllProofsTestUnit Running test arrays 
327        INFO  Timeout watchdog d.u.i.k.p.r.p.ForkedTestFileRunner Timeout watcher launched (2000 secs.) 
331        WARN  main            d.u.i.k.s.ProofSettings   The settings in /home/runner/.key/proof-settings.props are *not* read. 
356        INFO  main            d.u.i.k.p.r.p.TestFile    Now processing file /home/runner/work/key/key/key.core/../key.ui/examples/standard_key/arrays/arrayStoreException/array2DimPrim.key 
476        INFO  main            d.u.i.k.p.i.AbstractProblemLoader Loading environment from /home/runner/work/key/key/key.core/../key.ui/examples/standard_key/arrays/arrayStoreException/array2DimPrim.key 
502        DEBUG main            d.u.i.k.p.i.AbstractProblemLoader Environment load took 1.79ms 
752        INFO  main            d.u.i.k.p.i.AbstractProblemLoader Creating init config 
1618       DEBUG main            d.u.i.k.j.TypeConverter   No LDT found for Meta 
1619       DEBUG main            d.u.i.k.j.TypeConverter   No LDT found for Meta 
1622       DEBUG main            d.u.i.k.j.TypeConverter   No LDT found for Meta 
1622       DEBUG main            d.u.i.k.j.TypeConverter   No LDT found for Meta 
3281       DEBUG main            d.u.i.k.j.TypeConverter   No LDT found for JavaBigintExpression 
8195       DEBUG main            d.u.i.k.p.i.AbstractProblemLoader Init config took 7.44s 
8256       INFO  main            d.u.i.k.p.i.AbstractProblemLoader Replaying proof array2DimPrim.key 
8287       DEBUG main            d.u.i.k.p.i.IntermediateProofReplayer Proof replay took 32.4ns 
11876      INFO  main            d.u.i.k.p.r.p.TestFile    ... finished proof: closed. 
12074      INFO  main            d.u.i.k.p.i.AbstractProblemLoader Loading environment from /home/runner/work/key/key/key.core/../key.ui/examples/standard_key/arrays/arrayStoreException/array2DimPrim.key.proof 
12074      DEBUG main            d.u.i.k.p.i.AbstractProblemLoader Environment load took 402ns 
12082      INFO  main            d.u.i.k.p.i.AbstractProblemLoader Creating init config 
14715      DEBUG main            d.u.i.k.p.i.AbstractProblemLoader Init config took 2.63s 
14773      INFO  main            d.u.i.k.p.i.AbstractProblemLoader Replaying proof array2DimPrim.key.proof 
15396      DEBUG main            d.u.i.k.p.i.IntermediateProofReplayer Proof replay took 592.02ms 
15408      DEBUG main            d.u.i.k.p.r.p.TestFile    ... success: reloaded. 
15410      INFO  main            d.u.i.k.p.r.p.TestFile    Now processing file /home/runner/work/key/key/key.core/../key.ui/examples/standard_key/arrays/arrayStoreException/arrayStoreKnownDynType.key 
15411      INFO  main            d.u.i.k.p.i.AbstractProblemLoader Loading environment from /home/runner/work/key/key/key.core/../key.ui/examples/standard_key/arrays/arrayStoreException/arrayStoreKnownDynType.key 
15411      DEBUG main            d.u.i.k.p.i.AbstractProblemLoader Environment load took 209.5ns 
15412      INFO  main            d.u.i.k.p.i.AbstractProblemLoader Creating init config 
18017      DEBUG main            d.u.i.k.p.i.AbstractProblemLoader Init config took 2.6s 
18044      INFO  main            d.u.i.k.p.i.AbstractProblemLoader Replaying proof arrayStoreKnownDynType.key 
18047      DEBUG main            d.u.i.k.p.i.IntermediateProofReplayer Proof replay took 6ns 
18250      INFO  main            d.u.i.k.p.r.p.TestFile    ... finished proof: closed. 
18481      INFO  main            d.u.i.k.p.i.AbstractProblemLoader Loading environment from /home/runner/work/key/key/key.core/../key.ui/examples/standard_key/arrays/arrayStoreException/arrayStoreKnownDynType.key.proof 
18481      DEBUG main            d.u.i.k.p.i.AbstractProblemLoader Environment load took 117.8ns 
18483      INFO  main            d.u.i.k.p.i.AbstractProblemLoader Creating init config 
20878      DEBUG main            d.u.i.k.p.i.AbstractProblemLoader Init config took 2.4s 
20903      INFO  main            d.u.i.k.p.i.AbstractProblemLoader Replaying proof arrayStoreKnownDynType.key.proof 
20944      DEBUG main            d.u.i.k.p.i.IntermediateProofReplayer Proof replay took 37.03ms 
20945      DEBUG main            d.u.i.k.p.r.p.TestFile    ... success: reloaded. 
20946      INFO  main            d.u.i.k.p.r.p.TestFile    Now processing file /home/runner/work/key/key/key.core/../key.ui/examples/standard_key/arrays/arrayStoreException/reverseArray.key 
20946      INFO  main            d.u.i.k.p.i.AbstractProblemLoader Loading environment from /home/runner/work/key/key/key.core/../key.ui/examples/standard_key/arrays/arrayStoreException/reverseArray.key 
20947      DEBUG main            d.u.i.k.p.i.AbstractProblemLoader Environment load took 196.7ns 
20948      INFO  main            d.u.i.k.p.i.AbstractProblemLoader Creating init config 
23430      DEBUG main            d.u.i.k.p.i.AbstractProblemLoader Init config took 2.48s 
23451      INFO  main            d.u.i.k.p.i.AbstractProblemLoader Replaying proof reverseArray.key 
23453      DEBUG main            d.u.i.k.p.i.IntermediateProofReplayer Proof replay took 5.8ns 
24089      INFO  main            d.u.i.k.p.r.p.TestFile    ... finished proof: closed. 
24249      INFO  main            d.u.i.k.p.i.AbstractProblemLoader Loading environment from /home/runner/work/key/key/key.core/../key.ui/examples/standard_key/arrays/arrayStoreException/reverseArray.key.proof 
24249      DEBUG main            d.u.i.k.p.i.AbstractProblemLoader Environment load took 374.4ns 
24251      INFO  main            d.u.i.k.p.i.AbstractProblemLoader Creating init config 
26668      DEBUG main            d.u.i.k.p.i.AbstractProblemLoader Init config took 2.42s 
26689      INFO  main            d.u.i.k.p.i.AbstractProblemLoader Replaying proof reverseArray.key.proof 
26821      DEBUG main            d.u.i.k.p.i.IntermediateProofReplayer Proof replay took 125.76ms 
26823      DEBUG main            d.u.i.k.p.r.p.TestFile    ... success: reloaded. 
26824      INFO  main            d.u.i.k.p.r.p.TestFile    Now processing file /home/runner/work/key/key/key.core/../key.ui/examples/standard_key/arrays/arrayStoreException/throwArrayStoreException.key 
26825      INFO  main            d.u.i.k.p.i.AbstractProblemLoader Loading environment from /home/runner/work/key/key/key.core/../key.ui/examples/standard_key/arrays/arrayStoreException/throwArrayStoreException.key 
26825      DEBUG main            d.u.i.k.p.i.AbstractProblemLoader Environment load took 187.1ns 
26826      INFO  main            d.u.i.k.p.i.AbstractProblemLoader Creating init config 
29229      DEBUG main            d.u.i.k.p.i.AbstractProblemLoader Init config took 2.4s 
29249      INFO  main            d.u.i.k.p.i.AbstractProblemLoader Replaying proof throwArrayStoreException.key 
29251      DEBUG main            d.u.i.k.p.i.IntermediateProofReplayer Proof replay took 5.2ns 
29658      INFO  main            d.u.i.k.p.r.p.TestFile    ... finished proof: closed. 
29825      INFO  main            d.u.i.k.p.i.AbstractProblemLoader Loading environment from /home/runner/work/key/key/key.core/../key.ui/examples/standard_key/arrays/arrayStoreException/throwArrayStoreException.key.proof 
29826      DEBUG main            d.u.i.k.p.i.AbstractProblemLoader Environment load took 381.5ns 
29827      INFO  main            d.u.i.k.p.i.AbstractProblemLoader Creating init config 
32205      DEBUG main            d.u.i.k.p.i.AbstractProblemLoader Init config took 2.38s 
32225      INFO  main            d.u.i.k.p.i.AbstractProblemLoader Replaying proof throwArrayStoreException.key.proof 
32309      DEBUG main            d.u.i.k.p.i.IntermediateProofReplayer Proof replay took 78.72ms 
32310      DEBUG main            d.u.i.k.p.r.p.TestFile    ... success: reloaded. 
32311      INFO  main            d.u.i.k.p.r.p.TestFile    Now processing file /home/runner/work/key/key/key.core/../key.ui/examples/standard_key/arrays/creation/arrayCreation1.key 
32311      INFO  main            d.u.i.k.p.i.AbstractProblemLoader Loading environment from /home/runner/work/key/key/key.core/../key.ui/examples/standard_key/arrays/creation/arrayCreation1.key 
32311      DEBUG main            d.u.i.k.p.i.AbstractProblemLoader Environment load took 215.9ns 
32312      INFO  main            d.u.i.k.p.i.AbstractProblemLoader Creating init config 
34746      DEBUG main            d.u.i.k.p.i.AbstractProblemLoader Init config took 2.43s 
34765      INFO  main            d.u.i.k.p.i.AbstractProblemLoader Replaying proof arrayCreation1.key 
34766      DEBUG main            d.u.i.k.p.i.IntermediateProofReplayer Proof replay took 5.3ns 
34969      INFO  main            d.u.i.k.p.r.p.TestFile    ... finished proof: closed. 
35133      INFO  main            d.u.i.k.p.i.AbstractProblemLoader Loading environment from /home/runner/work/key/key/key.core/../key.ui/examples/standard_key/arrays/creation/arrayCreation1.key.proof 
35133      DEBUG main            d.u.i.k.p.i.AbstractProblemLoader Environment load took 109.7ns 
35134      INFO  main            d.u.i.k.p.i.AbstractProblemLoader Creating init config 
37488      DEBUG main            d.u.i.k.p.i.AbstractProblemLoader Init config took 2.35s 
37508      INFO  main            d.u.i.k.p.i.AbstractProblemLoader Replaying proof arrayCreation1.key.proof 
37535      DEBUG main            d.u.i.k.p.i.IntermediateProofReplayer Proof replay took 24.27ms 
37537      DEBUG main            d.u.i.k.p.r.p.TestFile    ... success: reloaded. 
37538      INFO  main            d.u.i.k.p.r.p.TestFile    Now processing file /home/runner/work/key/key/key.core/../key.ui/examples/standard_key/arrays/arrayStoreException/array2Dim.key 
37538      INFO  main            d.u.i.k.p.i.AbstractProblemLoader Loading environment from /home/runner/work/key/key/key.core/../key.ui/examples/standard_key/arrays/arrayStoreException/array2Dim.key 
37538      DEBUG main            d.u.i.k.p.i.AbstractProblemLoader Environment load took 198.4ns 
37539      INFO  main            d.u.i.k.p.i.AbstractProblemLoader Creating init config 
39939      DEBUG main            d.u.i.k.p.i.AbstractProblemLoader Init config took 2.4s 
39960      INFO  main            d.u.i.k.p.i.AbstractProblemLoader Replaying proof array2Dim.key 
39962      DEBUG main            d.u.i.k.p.i.IntermediateProofReplayer Proof replay took 5.1ns 
43280      INFO  main            d.u.i.k.p.r.p.TestFile    ... finished proof: open goal(s) 
43530      INFO  main            d.u.i.k.p.r.p.TestFile    Now processing file /home/runner/work/key/key/key.core/../key.ui/examples/standard_key/arrays/arrayStoreException/array2DimClose.key 
43530      INFO  main            d.u.i.k.p.i.AbstractProblemLoader Loading environment from /home/runner/work/key/key/key.core/../key.ui/examples/standard_key/arrays/arrayStoreException/array2DimClose.key 
43530      DEBUG main            d.u.i.k.p.i.AbstractProblemLoader Environment load took 63.4ns 
43531      INFO  main            d.u.i.k.p.i.AbstractProblemLoader Creating init config 
45883      DEBUG main            d.u.i.k.p.i.AbstractProblemLoader Init config took 2.35s 
45901      INFO  main            d.u.i.k.p.i.AbstractProblemLoader Replaying proof array2DimClose.key 
45903      DEBUG main            d.u.i.k.p.i.IntermediateProofReplayer Proof replay took 10.9ns 
48029      INFO  main            d.u.i.k.p.r.p.TestFile    ... finished proof: open goal(s) 
48356      INFO  main            d.u.i.k.p.r.p.TestFile    Now processing file /home/runner/work/key/key/key.core/../key.ui/examples/standard_key/arrays/arrayStoreException/throwASEForPrim.key 
48356      INFO  main            d.u.i.k.p.i.AbstractProblemLoader Loading environment from /home/runner/work/key/key/key.core/../key.ui/examples/standard_key/arrays/arrayStoreException/throwASEForPrim.key 
48356      DEBUG main            d.u.i.k.p.i.AbstractProblemLoader Environment load took 99.6ns 
48357      INFO  main            d.u.i.k.p.i.AbstractProblemLoader Creating init config 
50656      DEBUG main            d.u.i.k.p.i.AbstractProblemLoader Init config took 2.3s 
50673      INFO  main            d.u.i.k.p.i.AbstractProblemLoader Replaying proof throwASEForPrim.key 
50674      DEBUG main            d.u.i.k.p.i.IntermediateProofReplayer Proof replay took 5.3ns 
54699      INFO  main            d.u.i.k.p.r.p.TestFile    ... finished proof: open goal(s) 
2798824    INFO  Test worker     d.u.i.k.p.r.RunAllProofsTestUnit Returning from test arrays 
2798825    INFO  Test worker     d.u.i.k.p.r.RunAllProofsTestUnit Running test javadl 
367        INFO  Timeout watchdog d.u.i.k.p.r.p.ForkedTestFileRunner Timeout watcher launched (2000 secs.) 
367        WARN  main            d.u.i.k.s.ProofSettings   The settings in /home/runner/.key/proof-settings.props are *not* read. 
413        INFO  main            d.u.i.k.p.r.p.TestFile    Now processing file /home/runner/work/key/key/key.core/../key.ui/examples/standard_key/instanceCreation/instanceCreation1.key 
527        INFO  main            d.u.i.k.p.i.AbstractProblemLoader Loading environment from /home/runner/work/key/key/key.core/../key.ui/examples/standard_key/instanceCreation/instanceCreation1.key 
543        DEBUG main            d.u.i.k.p.i.AbstractProblemLoader Environment load took 1.87ms 
796        INFO  main            d.u.i.k.p.i.AbstractProblemLoader Creating init config 
1634       DEBUG main            d.u.i.k.j.TypeConverter   No LDT found for Meta 
1635       DEBUG main            d.u.i.k.j.TypeConverter   No LDT found for Meta 
1636       DEBUG main            d.u.i.k.j.TypeConverter   No LDT found for Meta 
1636       DEBUG main            d.u.i.k.j.TypeConverter   No LDT found for Meta 
2879       DEBUG main            d.u.i.k.j.TypeConverter   No LDT found for JavaBigintExpression 
7718       DEBUG main            d.u.i.k.p.i.AbstractProblemLoader Init config took 6.92s 
7779       INFO  main            d.u.i.k.p.i.AbstractProblemLoader Replaying proof instanceCreation1.key 
7808       DEBUG main            d.u.i.k.p.i.IntermediateProofReplayer Proof replay took 33.1ns 
8849       INFO  main            d.u.i.k.p.r.p.TestFile    ... finished proof: closed. 
8959       INFO  main            d.u.i.k.p.i.AbstractProblemLoader Loading environment from /home/runner/work/key/key/key.core/../key.ui/examples/standard_key/instanceCreation/instanceCreation1.key.proof 
8962       DEBUG main            d.u.i.k.p.i.AbstractProblemLoader Environment load took 2.46ms 
8969       INFO  main            d.u.i.k.p.i.AbstractProblemLoader Creating init config 
11832      DEBUG main            d.u.i.k.p.i.AbstractProblemLoader Init config took 2.86s 
11876      INFO  main            d.u.i.k.p.i.AbstractProblemLoader Replaying proof instanceCreation1.key.proof 
11965      DEBUG main            d.u.i.k.p.i.IntermediateProofReplayer Proof replay took 83.17ms 
11979      DEBUG main            d.u.i.k.p.r.p.TestFile    ... success: reloaded. 
11982      INFO  main            d.u.i.k.p.r.p.TestFile    Now processing file /home/runner/work/key/key/key.core/../key.ui/examples/standard_key/instanceCreation/instanceCreation2.key 
11983      INFO  main            d.u.i.k.p.i.AbstractProblemLoader Loading environment from /home/runner/work/key/key/key.core/../key.ui/examples/standard_key/instanceCreation/instanceCreation2.key 
11983      DEBUG main            d.u.i.k.p.i.AbstractProblemLoader Environment load took 97.6ns 
11987      INFO  main            d.u.i.k.p.i.AbstractProblemLoader Creating init config 
14843      DEBUG main            d.u.i.k.p.i.AbstractProblemLoader Init config took 2.86s 
14890      INFO  main            d.u.i.k.p.i.AbstractProblemLoader Replaying proof instanceCreation2.key 
14892      DEBUG main            d.u.i.k.p.i.IntermediateProofReplayer Proof replay took 6ns 
15403      INFO  main            d.u.i.k.p.r.p.TestFile    ... finished proof: closed. 
15551      INFO  main            d.u.i.k.p.i.AbstractProblemLoader Loading environment from /home/runner/work/key/key/key.core/../key.ui/examples/standard_key/instanceCreation/instanceCreation2.key.proof 
15552      DEBUG main            d.u.i.k.p.i.AbstractProblemLoader Environment load took 369.3ns 
15558      INFO  main            d.u.i.k.p.i.AbstractProblemLoader Creating init config 
18287      DEBUG main            d.u.i.k.p.i.AbstractProblemLoader Init config took 2.73s 
18312      INFO  main            d.u.i.k.p.i.AbstractProblemLoader Replaying proof instanceCreation2.key.proof 
18409      DEBUG main            d.u.i.k.p.i.IntermediateProofReplayer Proof replay took 91.84ms 
18410      DEBUG main            d.u.i.k.p.r.p.TestFile    ... success: reloaded. 
18411      INFO  main            d.u.i.k.p.r.p.TestFile    Now processing file /home/runner/work/key/key/key.core/../key.ui/examples/standard_key/instanceCreation/interfacesAndAbstractClassesHaveNoInstances.key 
18411      INFO  main            d.u.i.k.p.i.AbstractProblemLoader Loading environment from /home/runner/work/key/key/key.core/../key.ui/examples/standard_key/instanceCreation/interfacesAndAbstractClassesHaveNoInstances.key 
18412      DEBUG main            d.u.i.k.p.i.AbstractProblemLoader Environment load took 191.8ns 
18413      INFO  main            d.u.i.k.p.i.AbstractProblemLoader Creating init config 
21069      DEBUG main            d.u.i.k.p.i.AbstractProblemLoader Init config took 2.66s 
21088      INFO  main            d.u.i.k.p.i.AbstractProblemLoader Replaying proof interfacesAndAbstractClassesHaveNoInstances.key 
21090      DEBUG main            d.u.i.k.p.i.IntermediateProofReplayer Proof replay took 5.3ns 
21193      INFO  main            d.u.i.k.p.r.p.TestFile    ... finished proof: closed. 
21333      INFO  main            d.u.i.k.p.i.AbstractProblemLoader Loading environment from /home/runner/work/key/key/key.core/../key.ui/examples/standard_key/instanceCreation/interfacesAndAbstractClassesHaveNoInstances.key.proof 
21333      DEBUG main            d.u.i.k.p.i.AbstractProblemLoader Environment load took 119.8ns 
21334      INFO  main            d.u.i.k.p.i.AbstractProblemLoader Creating init config 
23936      DEBUG main            d.u.i.k.p.i.AbstractProblemLoader Init config took 2.6s 
23956      INFO  main            d.u.i.k.p.i.AbstractProblemLoader Replaying proof interfacesAndAbstractClassesHaveNoInstances.key.proof 
23959      DEBUG main            d.u.i.k.p.i.IntermediateProofReplayer Proof replay took 1.07ms 
23960      DEBUG main            d.u.i.k.p.r.p.TestFile    ... success: reloaded. 
23965      INFO  main            d.u.i.k.p.r.p.TestFile    Now processing file /home/runner/work/key/key/key.core/../key.ui/examples/standard_key/instanceCreation/successiveCreatedObjectsAreDistinct.key 
23965      INFO  main            d.u.i.k.p.i.AbstractProblemLoader Loading environment from /home/runner/work/key/key/key.core/../key.ui/examples/standard_key/instanceCreation/successiveCreatedObjectsAreDistinct.key 
23965      DEBUG main            d.u.i.k.p.i.AbstractProblemLoader Environment load took 188.6ns 
23967      INFO  main            d.u.i.k.p.i.AbstractProblemLoader Creating init config 
26624      DEBUG main            d.u.i.k.p.i.AbstractProblemLoader Init config took 2.66s 
26644      INFO  main            d.u.i.k.p.i.AbstractProblemLoader Replaying proof successiveCreatedObjectsAreDistinct.key 
26646      DEBUG main            d.u.i.k.p.i.IntermediateProofReplayer Proof replay took 5.5ns 
26949      INFO  main            d.u.i.k.p.r.p.TestFile    ... finished proof: closed. 
27154      INFO  main            d.u.i.k.p.i.AbstractProblemLoader Loading environment from /home/runner/work/key/key/key.core/../key.ui/examples/standard_key/instanceCreation/successiveCreatedObjectsAreDistinct.key.proof 
27155      DEBUG main            d.u.i.k.p.i.AbstractProblemLoader Environment load took 597.9ns 
27156      INFO  main            d.u.i.k.p.i.AbstractProblemLoader Creating init config 
29743      DEBUG main            d.u.i.k.p.i.AbstractProblemLoader Init config took 2.59s 
29762      INFO  main            d.u.i.k.p.i.AbstractProblemLoader Replaying proof successiveCreatedObjectsAreDistinct.key.proof 
29814      DEBUG main            d.u.i.k.p.i.IntermediateProofReplayer Proof replay took 48.79ms 
29815      DEBUG main            d.u.i.k.p.r.p.TestFile    ... success: reloaded. 
29816      INFO  main            d.u.i.k.p.r.p.TestFile    Now processing file /home/runner/work/key/key/key.core/../key.ui/examples/standard_key/instanceCreation/testOverloadingConstructors.key 
29816      INFO  main            d.u.i.k.p.i.AbstractProblemLoader Loading environment from /home/runner/work/key/key/key.core/../key.ui/examples/standard_key/instanceCreation/testOverloadingConstructors.key 
29816      DEBUG main            d.u.i.k.p.i.AbstractProblemLoader Environment load took 191.6ns 
29817      INFO  main            d.u.i.k.p.i.AbstractProblemLoader Creating init config 
32432      DEBUG main            d.u.i.k.p.i.AbstractProblemLoader Init config took 2.61s 
32451      INFO  main            d.u.i.k.p.i.AbstractProblemLoader Replaying proof testOverloadingConstructors.key 
32453      DEBUG main            d.u.i.k.p.i.IntermediateProofReplayer Proof replay took 5.7ns 
32756      INFO  main            d.u.i.k.p.r.p.TestFile    ... finished proof: closed. 
32945      INFO  main            d.u.i.k.p.i.AbstractProblemLoader Loading environment from /home/runner/work/key/key/key.core/../key.ui/examples/standard_key/instanceCreation/testOverloadingConstructors.key.proof 
32945      DEBUG main            d.u.i.k.p.i.AbstractProblemLoader Environment load took 107.7ns 
32946      INFO  main            d.u.i.k.p.i.AbstractProblemLoader Creating init config 
35499      DEBUG main            d.u.i.k.p.i.AbstractProblemLoader Init config took 2.55s 
35518      INFO  main            d.u.i.k.p.i.AbstractProblemLoader Replaying proof testOverloadingConstructors.key.proof 
35570      DEBUG main            d.u.i.k.p.i.IntermediateProofReplayer Proof replay took 48.69ms 
35571      DEBUG main            d.u.i.k.p.r.p.TestFile    ... success: reloaded. 
35572      INFO  main            d.u.i.k.p.r.p.TestFile    Now processing file /home/runner/work/key/key/key.core/../key.ui/examples/standard_key/java_dl/SimpleAttributes.key 
35572      INFO  main            d.u.i.k.p.i.AbstractProblemLoader Loading environment from /home/runner/work/key/key/key.core/../key.ui/examples/standard_key/java_dl/SimpleAttributes.key 
35572      DEBUG main            d.u.i.k.p.i.AbstractProblemLoader Environment load took 92.5ns 
35573      INFO  main            d.u.i.k.p.i.AbstractProblemLoader Creating init config 
38160      DEBUG main            d.u.i.k.p.i.AbstractProblemLoader Init config took 2.59s 
38179      INFO  main            d.u.i.k.p.i.AbstractProblemLoader Replaying proof SimpleAttributes.key 
38181      DEBUG main            d.u.i.k.p.i.IntermediateProofReplayer Proof replay took 6.3ns 
38285      INFO  main            d.u.i.k.p.r.p.TestFile    ... finished proof: closed. 
38461      INFO  main            d.u.i.k.p.i.AbstractProblemLoader Loading environment from /home/runner/work/key/key/key.core/../key.ui/examples/standard_key/java_dl/SimpleAttributes.key.proof 
38461      DEBUG main            d.u.i.k.p.i.AbstractProblemLoader Environment load took 107.7ns 
38462      INFO  main            d.u.i.k.p.i.AbstractProblemLoader Creating init config 
40987      DEBUG main            d.u.i.k.p.i.AbstractProblemLoader Init config took 2.52s 
41006      INFO  main            d.u.i.k.p.i.AbstractProblemLoader Replaying proof SimpleAttributes.key.proof 
41028      DEBUG main            d.u.i.k.p.i.IntermediateProofReplayer Proof replay took 20.22ms 
41029      DEBUG main            d.u.i.k.p.r.p.TestFile    ... success: reloaded. 
41030      INFO  main            d.u.i.k.p.r.p.TestFile    Now processing file /home/runner/work/key/key/key.core/../key.ui/examples/standard_key/java_dl/arrayMax.key 
41030      INFO  main            d.u.i.k.p.i.AbstractProblemLoader Loading environment from /home/runner/work/key/key/key.core/../key.ui/examples/standard_key/java_dl/arrayMax.key 
41030      DEBUG main            d.u.i.k.p.i.AbstractProblemLoader Environment load took 70.8ns 
41032      INFO  main            d.u.i.k.p.i.AbstractProblemLoader Creating init config 
43706      DEBUG main            d.u.i.k.p.i.AbstractProblemLoader Init config took 2.67s 
43726      INFO  main            d.u.i.k.p.i.AbstractProblemLoader Replaying proof arrayMax.key 
43728      DEBUG main            d.u.i.k.p.i.IntermediateProofReplayer Proof replay took 5.5ns 
44933      INFO  main            d.u.i.k.p.r.p.TestFile    ... finished proof: closed. 
45104      INFO  main            d.u.i.k.p.i.AbstractProblemLoader Loading environment from /home/runner/work/key/key/key.core/../key.ui/examples/standard_key/java_dl/arrayMax.key.proof 
45104      DEBUG main            d.u.i.k.p.i.AbstractProblemLoader Environment load took 358.4ns 
45105      INFO  main            d.u.i.k.p.i.AbstractProblemLoader Creating init config 
47615      DEBUG main            d.u.i.k.p.i.AbstractProblemLoader Init config took 2.51s 
47637      INFO  main            d.u.i.k.p.i.AbstractProblemLoader Replaying proof arrayMax.key.proof 
47891      DEBUG main            d.u.i.k.p.i.IntermediateProofReplayer Proof replay took 244.16ms 
47892      DEBUG main            d.u.i.k.p.r.p.TestFile    ... success: reloaded. 
47893      INFO  main            d.u.i.k.p.r.p.TestFile    Now processing file /home/runner/work/key/key/key.core/../key.ui/examples/standard_key/java_dl/arrayUpdateSimp.key 
47894      INFO  main            d.u.i.k.p.i.AbstractProblemLoader Loading environment from /home/runner/work/key/key/key.core/../key.ui/examples/standard_key/java_dl/arrayUpdateSimp.key 
47894      DEBUG main            d.u.i.k.p.i.AbstractProblemLoader Environment load took 176ns 
47897      INFO  main            d.u.i.k.p.i.AbstractProblemLoader Creating init config 
47920      WARN  main            d.u.i.k.j.r.KeYCrossReferenceNameInfo Datatype java.io.InputStream declared twice: Once in FILE:/home/runner/work/key/key/key.core/../key.ui/examples/standard_key/java_dl/./classpath/InputStream.java and once in URL:file:/home/runner/work/key/key/key.core/build/resources/main/de/uka/ilkd/key/java/JavaRedux/java/io/InputStream.java, Keeping one from URL:file:/home/runner/work/key/key/key.core/build/resources/main/de/uka/ilkd/key/java/JavaRedux/java/io/InputStream.java 
47920      WARN  main            d.u.i.k.j.r.KeYCrossReferenceNameInfo Datatype java.lang.System declared twice: Once in FILE:/home/runner/work/key/key/key.core/../key.ui/examples/standard_key/java_dl/./classpath/System.java and once in URL:file:/home/runner/work/key/key/key.core/build/resources/main/de/uka/ilkd/key/java/JavaRedux/java/lang/System.java, Keeping one from URL:file:/home/runner/work/key/key/key.core/build/resources/main/de/uka/ilkd/key/java/JavaRedux/java/lang/System.java 
47920      WARN  main            d.u.i.k.j.r.KeYCrossReferenceNameInfo Datatype java.io.PrintStream declared twice: Once in FILE:/home/runner/work/key/key/key.core/../key.ui/examples/standard_key/java_dl/./classpath/PrintStream.java and once in URL:file:/home/runner/work/key/key/key.core/build/resources/main/de/uka/ilkd/key/java/JavaRedux/java/io/PrintStream.java, Keeping one from URL:file:/home/runner/work/key/key/key.core/build/resources/main/de/uka/ilkd/key/java/JavaRedux/java/io/PrintStream.java 
47926      DEBUG main            d.u.i.k.j.r.ClassFileDeclarationBuilder Parsing: package java.io; public class Closeable { } 
47926      DEBUG main            r.s.KeYCrossReferenceSourceInfo Dynamically created class: java.io.Closeable 
50419      DEBUG main            d.u.i.k.p.i.AbstractProblemLoader Init config took 2.52s 
50438      INFO  main            d.u.i.k.p.i.AbstractProblemLoader Replaying proof arrayUpdateSimp.key 
50439      DEBUG main            d.u.i.k.p.i.IntermediateProofReplayer Proof replay took 5.6ns 
50542      INFO  main            d.u.i.k.p.r.p.TestFile    ... finished proof: closed. 
50766      INFO  main            d.u.i.k.p.i.AbstractProblemLoader Loading environment from /home/runner/work/key/key/key.core/../key.ui/examples/standard_key/java_dl/arrayUpdateSimp.key.proof 
50766      DEBUG main            d.u.i.k.p.i.AbstractProblemLoader Environment load took 106.2ns 
50772      INFO  main            d.u.i.k.p.i.AbstractProblemLoader Creating init config 
50797      WARN  main            d.u.i.k.j.r.KeYCrossReferenceNameInfo Datatype java.io.InputStream declared twice: Once in FILE:/home/runner/work/key/key/key.core/../key.ui/examples/standard_key/java_dl/classpath/InputStream.java and once in URL:file:/home/runner/work/key/key/key.core/build/resources/main/de/uka/ilkd/key/java/JavaRedux/java/io/InputStream.java, Keeping one from URL:file:/home/runner/work/key/key/key.core/build/resources/main/de/uka/ilkd/key/java/JavaRedux/java/io/InputStream.java 
50797      WARN  main            d.u.i.k.j.r.KeYCrossReferenceNameInfo Datatype java.lang.System declared twice: Once in FILE:/home/runner/work/key/key/key.core/../key.ui/examples/standard_key/java_dl/classpath/System.java and once in URL:file:/home/runner/work/key/key/key.core/build/resources/main/de/uka/ilkd/key/java/JavaRedux/java/lang/System.java, Keeping one from URL:file:/home/runner/work/key/key/key.core/build/resources/main/de/uka/ilkd/key/java/JavaRedux/java/lang/System.java 
50798      WARN  main            d.u.i.k.j.r.KeYCrossReferenceNameInfo Datatype java.io.PrintStream declared twice: Once in FILE:/home/runner/work/key/key/key.core/../key.ui/examples/standard_key/java_dl/classpath/PrintStream.java and once in URL:file:/home/runner/work/key/key/key.core/build/resources/main/de/uka/ilkd/key/java/JavaRedux/java/io/PrintStream.java, Keeping one from URL:file:/home/runner/work/key/key/key.core/build/resources/main/de/uka/ilkd/key/java/JavaRedux/java/io/PrintStream.java 
50801      DEBUG main            d.u.i.k.j.r.ClassFileDeclarationBuilder Parsing: package java.io; public class Closeable { } 
50801      DEBUG main            r.s.KeYCrossReferenceSourceInfo Dynamically created class: java.io.Closeable 
53236      DEBUG main            d.u.i.k.p.i.AbstractProblemLoader Init config took 2.46s 
53257      INFO  main            d.u.i.k.p.i.AbstractProblemLoader Replaying proof arrayUpdateSimp.key.proof 
53258      DEBUG main            d.u.i.k.p.i.IntermediateProofReplayer Proof replay took 547.6ns 
53260      DEBUG main            d.u.i.k.p.r.p.TestFile    ... success: reloaded. 
53261      INFO  main            d.u.i.k.p.r.p.TestFile    Now processing file /home/runner/work/key/key/key.core/../key.ui/examples/standard_key/java_dl/attributes.key 
53261      INFO  main            d.u.i.k.p.i.AbstractProblemLoader Loading environment from /home/runner/work/key/key/key.core/../key.ui/examples/standard_key/java_dl/attributes.key 
53261      DEBUG main            d.u.i.k.p.i.AbstractProblemLoader Environment load took 77.8ns 
53262      INFO  main            d.u.i.k.p.i.AbstractProblemLoader Creating init config 
55760      DEBUG main            d.u.i.k.p.i.AbstractProblemLoader Init config took 2.5s 
55776      INFO  main            d.u.i.k.p.i.AbstractProblemLoader Replaying proof attributes.key 
55777      DEBUG main            d.u.i.k.p.i.IntermediateProofReplayer Proof replay took 5.2ns 
55980      INFO  main            d.u.i.k.p.r.p.TestFile    ... finished proof: closed. 
56149      INFO  main            d.u.i.k.p.i.AbstractProblemLoader Loading environment from /home/runner/work/key/key/key.core/../key.ui/examples/standard_key/java_dl/attributes.key.proof 
56149      DEBUG main            d.u.i.k.p.i.AbstractProblemLoader Environment load took 102.7ns 
56150      INFO  main            d.u.i.k.p.i.AbstractProblemLoader Creating init config 
58572      DEBUG main            d.u.i.k.p.i.AbstractProblemLoader Init config took 2.42s 
58588      INFO  main            d.u.i.k.p.i.AbstractProblemLoader Replaying proof attributes.key.proof 
58621      DEBUG main            d.u.i.k.p.i.IntermediateProofReplayer Proof replay took 31.17ms 
58622      DEBUG main            d.u.i.k.p.r.p.TestFile    ... success: reloaded. 
58623      INFO  main            d.u.i.k.p.r.p.TestFile    Now processing file /home/runner/work/key/key/key.core/../key.ui/examples/standard_key/java_dl/break.key 
58624      INFO  main            d.u.i.k.p.i.AbstractProblemLoader Loading environment from /home/runner/work/key/key/key.core/../key.ui/examples/standard_key/java_dl/break.key 
58624      DEBUG main            d.u.i.k.p.i.AbstractProblemLoader Environment load took 183ns 
58625      INFO  main            d.u.i.k.p.i.AbstractProblemLoader Creating init config 
58654      WARN  main            d.u.i.k.j.r.KeYCrossReferenceNameInfo Datatype java.io.InputStream declared twice: Once in FILE:/home/runner/work/key/key/key.core/../key.ui/examples/standard_key/java_dl/classpath/InputStream.java and once in URL:file:/home/runner/work/key/key/key.core/build/resources/main/de/uka/ilkd/key/java/JavaRedux/java/io/InputStream.java, Keeping one from URL:file:/home/runner/work/key/key/key.core/build/resources/main/de/uka/ilkd/key/java/JavaRedux/java/io/InputStream.java 
58654      WARN  main            d.u.i.k.j.r.KeYCrossReferenceNameInfo Datatype java.lang.System declared twice: Once in FILE:/home/runner/work/key/key/key.core/../key.ui/examples/standard_key/java_dl/classpath/System.java and once in URL:file:/home/runner/work/key/key/key.core/build/resources/main/de/uka/ilkd/key/java/JavaRedux/java/lang/System.java, Keeping one from URL:file:/home/runner/work/key/key/key.core/build/resources/main/de/uka/ilkd/key/java/JavaRedux/java/lang/System.java 
58654      WARN  main            d.u.i.k.j.r.KeYCrossReferenceNameInfo Datatype java.io.PrintStream declared twice: Once in FILE:/home/runner/work/key/key/key.core/../key.ui/examples/standard_key/java_dl/classpath/PrintStream.java and once in URL:file:/home/runner/work/key/key/key.core/build/resources/main/de/uka/ilkd/key/java/JavaRedux/java/io/PrintStream.java, Keeping one from URL:file:/home/runner/work/key/key/key.core/build/resources/main/de/uka/ilkd/key/java/JavaRedux/java/io/PrintStream.java 
58658      DEBUG main            d.u.i.k.j.r.ClassFileDeclarationBuilder Parsing: package java.io; public class Closeable { } 
58658      DEBUG main            r.s.KeYCrossReferenceSourceInfo Dynamically created class: java.io.Closeable 
61109      DEBUG main            d.u.i.k.p.i.AbstractProblemLoader Init config took 2.48s 
61125      INFO  main            d.u.i.k.p.i.AbstractProblemLoader Replaying proof break.key 
61126      DEBUG main            d.u.i.k.p.i.IntermediateProofReplayer Proof replay took 5.9ns 
61229      INFO  main            d.u.i.k.p.r.p.TestFile    ... finished proof: closed. 
61399      INFO  main            d.u.i.k.p.i.AbstractProblemLoader Loading environment from /home/runner/work/key/key/key.core/../key.ui/examples/standard_key/java_dl/break.key.proof 
61399      DEBUG main            d.u.i.k.p.i.AbstractProblemLoader Environment load took 98.6ns 
61400      INFO  main            d.u.i.k.p.i.AbstractProblemLoader Creating init config 
61423      WARN  main            d.u.i.k.j.r.KeYCrossReferenceNameInfo Datatype java.io.InputStream declared twice: Once in FILE:/home/runner/work/key/key/key.core/../key.ui/examples/standard_key/java_dl/classpath/InputStream.java and once in URL:file:/home/runner/work/key/key/key.core/build/resources/main/de/uka/ilkd/key/java/JavaRedux/java/io/InputStream.java, Keeping one from URL:file:/home/runner/work/key/key/key.core/build/resources/main/de/uka/ilkd/key/java/JavaRedux/java/io/InputStream.java 
61423      WARN  main            d.u.i.k.j.r.KeYCrossReferenceNameInfo Datatype java.lang.System declared twice: Once in FILE:/home/runner/work/key/key/key.core/../key.ui/examples/standard_key/java_dl/classpath/System.java and once in URL:file:/home/runner/work/key/key/key.core/build/resources/main/de/uka/ilkd/key/java/JavaRedux/java/lang/System.java, Keeping one from URL:file:/home/runner/work/key/key/key.core/build/resources/main/de/uka/ilkd/key/java/JavaRedux/java/lang/System.java 
61424      WARN  main            d.u.i.k.j.r.KeYCrossReferenceNameInfo Datatype java.io.PrintStream declared twice: Once in FILE:/home/runner/work/key/key/key.core/../key.ui/examples/standard_key/java_dl/classpath/PrintStream.java and once in URL:file:/home/runner/work/key/key/key.core/build/resources/main/de/uka/ilkd/key/java/JavaRedux/java/io/PrintStream.java, Keeping one from URL:file:/home/runner/work/key/key/key.core/build/resources/main/de/uka/ilkd/key/java/JavaRedux/java/io/PrintStream.java 
61427      DEBUG main            d.u.i.k.j.r.ClassFileDeclarationBuilder Parsing: package java.io; public class Closeable { } 
61427      DEBUG main            r.s.KeYCrossReferenceSourceInfo Dynamically created class: java.io.Closeable 
63891      DEBUG main            d.u.i.k.p.i.AbstractProblemLoader Init config took 2.49s 
63906      INFO  main            d.u.i.k.p.i.AbstractProblemLoader Replaying proof break.key.proof 
63915      DEBUG main            d.u.i.k.p.i.IntermediateProofReplayer Proof replay took 7.4ms 
63916      DEBUG main            d.u.i.k.p.r.p.TestFile    ... success: reloaded. 
63917      INFO  main            d.u.i.k.p.r.p.TestFile    Now processing file /home/runner/work/key/key/key.core/../key.ui/examples/standard_key/java_dl/char.key 
63918      INFO  main            d.u.i.k.p.i.AbstractProblemLoader Loading environment from /home/runner/work/key/key/key.core/../key.ui/examples/standard_key/java_dl/char.key 
63918      DEBUG main            d.u.i.k.p.i.AbstractProblemLoader Environment load took 79.6ns 
63919      INFO  main            d.u.i.k.p.i.AbstractProblemLoader Creating init config 
66369      DEBUG main            d.u.i.k.p.i.AbstractProblemLoader Init config took 2.45s 
66384      INFO  main            d.u.i.k.p.i.AbstractProblemLoader Replaying proof char.key 
66385      DEBUG main            d.u.i.k.p.i.IntermediateProofReplayer Proof replay took 5.3ns 
66488      INFO  main            d.u.i.k.p.r.p.TestFile    ... finished proof: closed. 
66669      INFO  main            d.u.i.k.p.i.AbstractProblemLoader Loading environment from /home/runner/work/key/key/key.core/../key.ui/examples/standard_key/java_dl/char.key.proof 
66669      DEBUG main            d.u.i.k.p.i.AbstractProblemLoader Environment load took 136.6ns 
66670      INFO  main            d.u.i.k.p.i.AbstractProblemLoader Creating init config 
69044      DEBUG main            d.u.i.k.p.i.AbstractProblemLoader Init config took 2.37s 
69058      INFO  main            d.u.i.k.p.i.AbstractProblemLoader Replaying proof char.key.proof 
69062      DEBUG main            d.u.i.k.p.i.IntermediateProofReplayer Proof replay took 2.61ms 
69063      DEBUG main            d.u.i.k.p.r.p.TestFile    ... success: reloaded. 
69064      INFO  main            d.u.i.k.p.r.p.TestFile    Now processing file /home/runner/work/key/key/key.core/../key.ui/examples/standard_key/java_dl/compileTimeConstants.key 
69064      INFO  main            d.u.i.k.p.i.AbstractProblemLoader Loading environment from /home/runner/work/key/key/key.core/../key.ui/examples/standard_key/java_dl/compileTimeConstants.key 
69064      DEBUG main            d.u.i.k.p.i.AbstractProblemLoader Environment load took 93.3ns 
69065      INFO  main            d.u.i.k.p.i.AbstractProblemLoader Creating init config 
71513      DEBUG main            d.u.i.k.p.i.AbstractProblemLoader Init config took 2.45s 
71527      INFO  main            d.u.i.k.p.i.AbstractProblemLoader Replaying proof compileTimeConstants.key 
71528      DEBUG main            d.u.i.k.p.i.IntermediateProofReplayer Proof replay took 5.7ns 
71630      INFO  main            d.u.i.k.p.r.p.TestFile    ... finished proof: closed. 
71816      INFO  main            d.u.i.k.p.i.AbstractProblemLoader Loading environment from /home/runner/work/key/key/key.core/../key.ui/examples/standard_key/java_dl/compileTimeConstants.key.proof 
71816      DEBUG main            d.u.i.k.p.i.AbstractProblemLoader Environment load took 102.6ns 
71817      INFO  main            d.u.i.k.p.i.AbstractProblemLoader Creating init config 
74226      DEBUG main            d.u.i.k.p.i.AbstractProblemLoader Init config took 2.41s 
74242      INFO  main            d.u.i.k.p.i.AbstractProblemLoader Replaying proof compileTimeConstants.key.proof 
74263      DEBUG main            d.u.i.k.p.i.IntermediateProofReplayer Proof replay took 19.79ms 
74264      DEBUG main            d.u.i.k.p.r.p.TestFile    ... success: reloaded. 
74265      INFO  main            d.u.i.k.p.r.p.TestFile    Now processing file /home/runner/work/key/key/key.core/../key.ui/examples/standard_key/java_dl/constructorException/test.key 
74265      INFO  main            d.u.i.k.p.i.AbstractProblemLoader Loading environment from /home/runner/work/key/key/key.core/../key.ui/examples/standard_key/java_dl/constructorException/test.key 
74265      DEBUG main            d.u.i.k.p.i.AbstractProblemLoader Environment load took 55.3ns 
74266      INFO  main            d.u.i.k.p.i.AbstractProblemLoader Creating init config 
76741      DEBUG main            d.u.i.k.p.i.AbstractProblemLoader Init config took 2.47s 
76815      INFO  main            d.u.i.k.p.i.AbstractProblemLoader Replaying proof Test[Test::Test(int)].JML operation contract.0 
76816      DEBUG main            d.u.i.k.p.i.IntermediateProofReplayer Proof replay took 5.3ns 
77021      INFO  main            d.u.i.k.p.r.p.TestFile    ... finished proof: closed. 
77233      INFO  main            d.u.i.k.p.i.AbstractProblemLoader Loading environment from /home/runner/work/key/key/key.core/../key.ui/examples/standard_key/java_dl/constructorException/test.key.proof 
77233      DEBUG main            d.u.i.k.p.i.AbstractProblemLoader Environment load took 101.2ns 
77234      INFO  main            d.u.i.k.p.i.AbstractProblemLoader Creating init config 
79651      DEBUG main            d.u.i.k.p.i.AbstractProblemLoader Init config took 2.42s 
79691      INFO  main            d.u.i.k.p.i.AbstractProblemLoader Replaying proof Test[Test::Test(int)].JML operation contract.0 
79743      DEBUG main            d.u.i.k.p.i.IntermediateProofReplayer Proof replay took 49.4ms 
79744      DEBUG main            d.u.i.k.p.r.p.TestFile    ... success: reloaded. 
79745      INFO  main            d.u.i.k.p.r.p.TestFile    Now processing file /home/runner/work/key/key/key.core/../key.ui/examples/standard_key/java_dl/constructorException/regressionTestBug1333.key 
79745      INFO  main            d.u.i.k.p.i.AbstractProblemLoader Loading environment from /home/runner/work/key/key/key.core/../key.ui/examples/standard_key/java_dl/constructorException/regressionTestBug1333.key 
79745      DEBUG main            d.u.i.k.p.i.AbstractProblemLoader Environment load took 165.4ns 
79746      INFO  main            d.u.i.k.p.i.AbstractProblemLoader Creating init config 
82259      DEBUG main            d.u.i.k.p.i.AbstractProblemLoader Init config took 2.51s 
82298      INFO  main            d.u.i.k.p.i.AbstractProblemLoader Replaying proof False[False::False()].JML normal_behavior operation contract.0 
82300      DEBUG main            d.u.i.k.p.i.IntermediateProofReplayer Proof replay took 5.7ns 
82402      INFO  main            d.u.i.k.p.r.p.TestFile    ... finished proof: open goal(s) 
82596      INFO  main            d.u.i.k.p.r.p.TestFile    Now processing file /home/runner/work/key/key/key.core/../key.ui/examples/standard_key/java_dl/continue1.key 
82596      INFO  main            d.u.i.k.p.i.AbstractProblemLoader Loading environment from /home/runner/work/key/key/key.core/../key.ui/examples/standard_key/java_dl/continue1.key 
82596      DEBUG main            d.u.i.k.p.i.AbstractProblemLoader Environment load took 54ns 
82597      INFO  main            d.u.i.k.p.i.AbstractProblemLoader Creating init config 
82617      WARN  main            d.u.i.k.j.r.KeYCrossReferenceNameInfo Datatype java.io.InputStream declared twice: Once in FILE:/home/runner/work/key/key/key.core/../key.ui/examples/standard_key/java_dl/classpath/InputStream.java and once in URL:file:/home/runner/work/key/key/key.core/build/resources/main/de/uka/ilkd/key/java/JavaRedux/java/io/InputStream.java, Keeping one from URL:file:/home/runner/work/key/key/key.core/build/resources/main/de/uka/ilkd/key/java/JavaRedux/java/io/InputStream.java 
82617      WARN  main            d.u.i.k.j.r.KeYCrossReferenceNameInfo Datatype java.lang.System declared twice: Once in FILE:/home/runner/work/key/key/key.core/../key.ui/examples/standard_key/java_dl/classpath/System.java and once in URL:file:/home/runner/work/key/key/key.core/build/resources/main/de/uka/ilkd/key/java/JavaRedux/java/lang/System.java, Keeping one from URL:file:/home/runner/work/key/key/key.core/build/resources/main/de/uka/ilkd/key/java/JavaRedux/java/lang/System.java 
82617      WARN  main            d.u.i.k.j.r.KeYCrossReferenceNameInfo Datatype java.io.PrintStream declared twice: Once in FILE:/home/runner/work/key/key/key.core/../key.ui/examples/standard_key/java_dl/classpath/PrintStream.java and once in URL:file:/home/runner/work/key/key/key.core/build/resources/main/de/uka/ilkd/key/java/JavaRedux/java/io/PrintStream.java, Keeping one from URL:file:/home/runner/work/key/key/key.core/build/resources/main/de/uka/ilkd/key/java/JavaRedux/java/io/PrintStream.java 
82620      DEBUG main            d.u.i.k.j.r.ClassFileDeclarationBuilder Parsing: package java.io; public class Closeable { } 
82620      DEBUG main            r.s.KeYCrossReferenceSourceInfo Dynamically created class: java.io.Closeable 
84980      DEBUG main            d.u.i.k.p.i.AbstractProblemLoader Init config took 2.38s 
84993      INFO  main            d.u.i.k.p.i.AbstractProblemLoader Replaying proof continue1.key 
84995      DEBUG main            d.u.i.k.p.i.IntermediateProofReplayer Proof replay took 5.6ns 
85097      INFO  main            d.u.i.k.p.r.p.TestFile    ... finished proof: closed. 
85277      INFO  main            d.u.i.k.p.i.AbstractProblemLoader Loading environment from /home/runner/work/key/key/key.core/../key.ui/examples/standard_key/java_dl/continue1.key.proof 
85277      DEBUG main            d.u.i.k.p.i.AbstractProblemLoader Environment load took 103.1ns 
85278      INFO  main            d.u.i.k.p.i.AbstractProblemLoader Creating init config 
85298      WARN  main            d.u.i.k.j.r.KeYCrossReferenceNameInfo Datatype java.io.InputStream declared twice: Once in FILE:/home/runner/work/key/key/key.core/../key.ui/examples/standard_key/java_dl/classpath/InputStream.java and once in URL:file:/home/runner/work/key/key/key.core/build/resources/main/de/uka/ilkd/key/java/JavaRedux/java/io/InputStream.java, Keeping one from URL:file:/home/runner/work/key/key/key.core/build/resources/main/de/uka/ilkd/key/java/JavaRedux/java/io/InputStream.java 
85299      WARN  main            d.u.i.k.j.r.KeYCrossReferenceNameInfo Datatype java.lang.System declared twice: Once in FILE:/home/runner/work/key/key/key.core/../key.ui/examples/standard_key/java_dl/classpath/System.java and once in URL:file:/home/runner/work/key/key/key.core/build/resources/main/de/uka/ilkd/key/java/JavaRedux/java/lang/System.java, Keeping one from URL:file:/home/runner/work/key/key/key.core/build/resources/main/de/uka/ilkd/key/java/JavaRedux/java/lang/System.java 
85299      WARN  main            d.u.i.k.j.r.KeYCrossReferenceNameInfo Datatype java.io.PrintStream declared twice: Once in FILE:/home/runner/work/key/key/key.core/../key.ui/examples/standard_key/java_dl/classpath/PrintStream.java and once in URL:file:/home/runner/work/key/key/key.core/build/resources/main/de/uka/ilkd/key/java/JavaRedux/java/io/PrintStream.java, Keeping one from URL:file:/home/runner/work/key/key/key.core/build/resources/main/de/uka/ilkd/key/java/JavaRedux/java/io/PrintStream.java 
85302      DEBUG main            d.u.i.k.j.r.ClassFileDeclarationBuilder Parsing: package java.io; public class Closeable { } 
85302      DEBUG main            r.s.KeYCrossReferenceSourceInfo Dynamically created class: java.io.Closeable 
87765      DEBUG main            d.u.i.k.p.i.AbstractProblemLoader Init config took 2.49s 
87779      INFO  main            d.u.i.k.p.i.AbstractProblemLoader Replaying proof continue1.key.proof 
87799      DEBUG main            d.u.i.k.p.i.IntermediateProofReplayer Proof replay took 17.39ms 
87800      DEBUG main            d.u.i.k.p.r.p.TestFile    ... success: reloaded. 
87801      INFO  main            d.u.i.k.p.r.p.TestFile    Now processing file /home/runner/work/key/key/key.core/../key.ui/examples/standard_key/java_dl/continue2.key 
87801      INFO  main            d.u.i.k.p.i.AbstractProblemLoader Loading environment from /home/runner/work/key/key/key.core/../key.ui/examples/standard_key/java_dl/continue2.key 
87802      DEBUG main            d.u.i.k.p.i.AbstractProblemLoader Environment load took 163.8ns 
87802      INFO  main            d.u.i.k.p.i.AbstractProblemLoader Creating init config 
87822      WARN  main            d.u.i.k.j.r.KeYCrossReferenceNameInfo Datatype java.io.InputStream declared twice: Once in FILE:/home/runner/work/key/key/key.core/../key.ui/examples/standard_key/java_dl/classpath/InputStream.java and once in URL:file:/home/runner/work/key/key/key.core/build/resources/main/de/uka/ilkd/key/java/JavaRedux/java/io/InputStream.java, Keeping one from URL:file:/home/runner/work/key/key/key.core/build/resources/main/de/uka/ilkd/key/java/JavaRedux/java/io/InputStream.java 
87822      WARN  main            d.u.i.k.j.r.KeYCrossReferenceNameInfo Datatype java.lang.System declared twice: Once in FILE:/home/runner/work/key/key/key.core/../key.ui/examples/standard_key/java_dl/classpath/System.java and once in URL:file:/home/runner/work/key/key/key.core/build/resources/main/de/uka/ilkd/key/java/JavaRedux/java/lang/System.java, Keeping one from URL:file:/home/runner/work/key/key/key.core/build/resources/main/de/uka/ilkd/key/java/JavaRedux/java/lang/System.java 
87822      WARN  main            d.u.i.k.j.r.KeYCrossReferenceNameInfo Datatype java.io.PrintStream declared twice: Once in FILE:/home/runner/work/key/key/key.core/../key.ui/examples/standard_key/java_dl/classpath/PrintStream.java and once in URL:file:/home/runner/work/key/key/key.core/build/resources/main/de/uka/ilkd/key/java/JavaRedux/java/io/PrintStream.java, Keeping one from URL:file:/home/runner/work/key/key/key.core/build/resources/main/de/uka/ilkd/key/java/JavaRedux/java/io/PrintStream.java 
87825      DEBUG main            d.u.i.k.j.r.ClassFileDeclarationBuilder Parsing: package java.io; public class Closeable { } 
87825      DEBUG main            r.s.KeYCrossReferenceSourceInfo Dynamically created class: java.io.Closeable 
90197      DEBUG main            d.u.i.k.p.i.AbstractProblemLoader Init config took 2.39s 
90210      INFO  main            d.u.i.k.p.i.AbstractProblemLoader Replaying proof continue2.key 
90212      DEBUG main            d.u.i.k.p.i.IntermediateProofReplayer Proof replay took 5.6ns 
90414      INFO  main            d.u.i.k.p.r.p.TestFile    ... finished proof: closed. 
90624      INFO  main            d.u.i.k.p.i.AbstractProblemLoader Loading environment from /home/runner/work/key/key/key.core/../key.ui/examples/standard_key/java_dl/continue2.key.proof 
90624      DEBUG main            d.u.i.k.p.i.AbstractProblemLoader Environment load took 94.7ns 
90625      INFO  main            d.u.i.k.p.i.AbstractProblemLoader Creating init config 
90645      WARN  main            d.u.i.k.j.r.KeYCrossReferenceNameInfo Datatype java.io.InputStream declared twice: Once in FILE:/home/runner/work/key/key/key.core/../key.ui/examples/standard_key/java_dl/classpath/InputStream.java and once in URL:file:/home/runner/work/key/key/key.core/build/resources/main/de/uka/ilkd/key/java/JavaRedux/java/io/InputStream.java, Keeping one from URL:file:/home/runner/work/key/key/key.core/build/resources/main/de/uka/ilkd/key/java/JavaRedux/java/io/InputStream.java 
90645      WARN  main            d.u.i.k.j.r.KeYCrossReferenceNameInfo Datatype java.lang.System declared twice: Once in FILE:/home/runner/work/key/key/key.core/../key.ui/examples/standard_key/java_dl/classpath/System.java and once in URL:file:/home/runner/work/key/key/key.core/build/resources/main/de/uka/ilkd/key/java/JavaRedux/java/lang/System.java, Keeping one from URL:file:/home/runner/work/key/key/key.core/build/resources/main/de/uka/ilkd/key/java/JavaRedux/java/lang/System.java 
90645      WARN  main            d.u.i.k.j.r.KeYCrossReferenceNameInfo Datatype java.io.PrintStream declared twice: Once in FILE:/home/runner/work/key/key/key.core/../key.ui/examples/standard_key/java_dl/classpath/PrintStream.java and once in URL:file:/home/runner/work/key/key/key.core/build/resources/main/de/uka/ilkd/key/java/JavaRedux/java/io/PrintStream.java, Keeping one from URL:file:/home/runner/work/key/key/key.core/build/resources/main/de/uka/ilkd/key/java/JavaRedux/java/io/PrintStream.java 
90648      DEBUG main            d.u.i.k.j.r.ClassFileDeclarationBuilder Parsing: package java.io; public class Closeable { } 
90649      DEBUG main            r.s.KeYCrossReferenceSourceInfo Dynamically created class: java.io.Closeable 
93016      DEBUG main            d.u.i.k.p.i.AbstractProblemLoader Init config took 2.39s 
93029      INFO  main            d.u.i.k.p.i.AbstractProblemLoader Replaying proof continue2.key.proof 
93092      DEBUG main            d.u.i.k.p.i.IntermediateProofReplayer Proof replay took 60.13ms 
93093      DEBUG main            d.u.i.k.p.r.p.TestFile    ... success: reloaded. 
93094      INFO  main            d.u.i.k.p.r.p.TestFile    Now processing file /home/runner/work/key/key/key.core/../key.ui/examples/standard_key/java_dl/complexAssignment.key 
93094      INFO  main            d.u.i.k.p.i.AbstractProblemLoader Loading environment from /home/runner/work/key/key/key.core/../key.ui/examples/standard_key/java_dl/complexAssignment.key 
93094      DEBUG main            d.u.i.k.p.i.AbstractProblemLoader Environment load took 80.5ns 
93095      INFO  main            d.u.i.k.p.i.AbstractProblemLoader Creating init config 
95500      DEBUG main            d.u.i.k.p.i.AbstractProblemLoader Init config took 2.41s 
95514      INFO  main            d.u.i.k.p.i.AbstractProblemLoader Replaying proof complexAssignment.key 
95515      DEBUG main            d.u.i.k.p.i.IntermediateProofReplayer Proof replay took 6.3ns 
95617      INFO  main            d.u.i.k.p.r.p.TestFile    ... finished proof: closed. 
95825      INFO  main            d.u.i.k.p.i.AbstractProblemLoader Loading environment from /home/runner/work/key/key/key.core/../key.ui/examples/standard_key/java_dl/complexAssignment.key.proof 
95825      DEBUG main            d.u.i.k.p.i.AbstractProblemLoader Environment load took 92.7ns 
95826      INFO  main            d.u.i.k.p.i.AbstractProblemLoader Creating init config 
98170      DEBUG main            d.u.i.k.p.i.AbstractProblemLoader Init config took 2.34s 
98184      INFO  main            d.u.i.k.p.i.AbstractProblemLoader Replaying proof complexAssignment.key.proof 
98191      DEBUG main            d.u.i.k.p.i.IntermediateProofReplayer Proof replay took 5.32ms 
98191      DEBUG main            d.u.i.k.p.r.p.TestFile    ... success: reloaded. 
98192      INFO  main            d.u.i.k.p.r.p.TestFile    Now processing file /home/runner/work/key/key/key.core/../key.ui/examples/standard_key/java_dl/danglingElseSolution1.key 
98192      INFO  main            d.u.i.k.p.i.AbstractProblemLoader Loading environment from /home/runner/work/key/key/key.core/../key.ui/examples/standard_key/java_dl/danglingElseSolution1.key 
98192      DEBUG main            d.u.i.k.p.i.AbstractProblemLoader Environment load took 80.8ns 
98193      INFO  main            d.u.i.k.p.i.AbstractProblemLoader Creating init config 
100606     DEBUG main            d.u.i.k.p.i.AbstractProblemLoader Init config took 2.41s 
100620     INFO  main            d.u.i.k.p.i.AbstractProblemLoader Replaying proof danglingElseSolution1.key 
100621     DEBUG main            d.u.i.k.p.i.IntermediateProofReplayer Proof replay took 6ns 
100724     INFO  main            d.u.i.k.p.r.p.TestFile    ... finished proof: closed. 
100935     INFO  main            d.u.i.k.p.i.AbstractProblemLoader Loading environment from /home/runner/work/key/key/key.core/../key.ui/examples/standard_key/java_dl/danglingElseSolution1.key.proof 
100935     DEBUG main            d.u.i.k.p.i.AbstractProblemLoader Environment load took 103.1ns 
100936     INFO  main            d.u.i.k.p.i.AbstractProblemLoader Creating init config 
103288     DEBUG main            d.u.i.k.p.i.AbstractProblemLoader Init config took 2.35s 
103302     INFO  main            d.u.i.k.p.i.AbstractProblemLoader Replaying proof danglingElseSolution1.key.proof 
103311     DEBUG main            d.u.i.k.p.i.IntermediateProofReplayer Proof replay took 7.05ms 
103312     DEBUG main            d.u.i.k.p.r.p.TestFile    ... success: reloaded. 
103312     INFO  main            d.u.i.k.p.r.p.TestFile    Now processing file /home/runner/work/key/key/key.core/../key.ui/examples/standard_key/java_dl/danglingElseSolution2.key 
103313     INFO  main            d.u.i.k.p.i.AbstractProblemLoader Loading environment from /home/runner/work/key/key/key.core/../key.ui/examples/standard_key/java_dl/danglingElseSolution2.key 
103313     DEBUG main            d.u.i.k.p.i.AbstractProblemLoader Environment load took 77.4ns 
103313     INFO  main            d.u.i.k.p.i.AbstractProblemLoader Creating init config 
105688     DEBUG main            d.u.i.k.p.i.AbstractProblemLoader Init config took 2.37s 
105701     INFO  main            d.u.i.k.p.i.AbstractProblemLoader Replaying proof danglingElseSolution2.key 
105702     DEBUG main            d.u.i.k.p.i.IntermediateProofReplayer Proof replay took 6ns 
105807     INFO  main            d.u.i.k.p.r.p.TestFile    ... finished proof: closed. 
106048     INFO  main            d.u.i.k.p.i.AbstractProblemLoader Loading environment from /home/runner/work/key/key/key.core/../key.ui/examples/standard_key/java_dl/danglingElseSolution2.key.proof 
106048     DEBUG main            d.u.i.k.p.i.AbstractProblemLoader Environment load took 105.8ns 
106049     INFO  main            d.u.i.k.p.i.AbstractProblemLoader Creating init config 
108381     DEBUG main            d.u.i.k.p.i.AbstractProblemLoader Init config took 2.33s 
108395     INFO  main            d.u.i.k.p.i.AbstractProblemLoader Replaying proof danglingElseSolution2.key.proof 
108404     DEBUG main            d.u.i.k.p.i.IntermediateProofReplayer Proof replay took 7.35ms 
108405     DEBUG main            d.u.i.k.p.r.p.TestFile    ... success: reloaded. 
108406     INFO  main            d.u.i.k.p.r.p.TestFile    Now processing file /home/runner/work/key/key/key.core/../key.ui/examples/standard_key/java_dl/deepNonNull/deepNonNull0.key 
108406     INFO  main            d.u.i.k.p.i.AbstractProblemLoader Loading environment from /home/runner/work/key/key/key.core/../key.ui/examples/standard_key/java_dl/deepNonNull/deepNonNull0.key 
108406     DEBUG main            d.u.i.k.p.i.AbstractProblemLoader Environment load took 77.1ns 
108407     INFO  main            d.u.i.k.p.i.AbstractProblemLoader Creating init config 
110874     DEBUG main            d.u.i.k.p.i.AbstractProblemLoader Init config took 2.47s 
110932     INFO  main            d.u.i.k.p.i.AbstractProblemLoader Replaying proof Arrays[Arrays::get()].JML operation contract.0 
110934     DEBUG main            d.u.i.k.p.i.IntermediateProofReplayer Proof replay took 5.3ns 
111136     INFO  main            d.u.i.k.p.r.p.TestFile    ... finished proof: closed. 
111418     INFO  main            d.u.i.k.p.i.AbstractProblemLoader Loading environment from /home/runner/work/key/key/key.core/../key.ui/examples/standard_key/java_dl/deepNonNull/deepNonNull0.key.proof 
111418     DEBUG main            d.u.i.k.p.i.AbstractProblemLoader Environment load took 95.7ns 
111419     INFO  main            d.u.i.k.p.i.AbstractProblemLoader Creating init config 
113815     DEBUG main            d.u.i.k.p.i.AbstractProblemLoader Init config took 2.4s 
113862     INFO  main            d.u.i.k.p.i.AbstractProblemLoader Replaying proof Arrays[Arrays::get()].JML operation contract.0 
113888     DEBUG main            d.u.i.k.p.i.IntermediateProofReplayer Proof replay took 24.03ms 
113889     DEBUG main            d.u.i.k.p.r.p.TestFile    ... success: reloaded. 
113890     INFO  main            d.u.i.k.p.r.p.TestFile    Now processing file /home/runner/work/key/key/key.core/../key.ui/examples/standard_key/java_dl/deepNonNull/deepNonNull1.key 
113890     INFO  main            d.u.i.k.p.i.AbstractProblemLoader Loading environment from /home/runner/work/key/key/key.core/../key.ui/examples/standard_key/java_dl/deepNonNull/deepNonNull1.key 
113891     DEBUG main            d.u.i.k.p.i.AbstractProblemLoader Environment load took 163.9ns 
113891     INFO  main            d.u.i.k.p.i.AbstractProblemLoader Creating init config 
116349     DEBUG main            d.u.i.k.p.i.AbstractProblemLoader Init config took 2.46s 
116384     INFO  main            d.u.i.k.p.i.AbstractProblemLoader Replaying proof Arrays[Arrays::head()].JML operation contract.0 
116385     DEBUG main            d.u.i.k.p.i.IntermediateProofReplayer Proof replay took 5.6ns 
116590     INFO  main            d.u.i.k.p.r.p.TestFile    ... finished proof: closed. 
116820     INFO  main            d.u.i.k.p.i.AbstractProblemLoader Loading environment from /home/runner/work/key/key/key.core/../key.ui/examples/standard_key/java_dl/deepNonNull/deepNonNull1.key.proof 
116820     DEBUG main            d.u.i.k.p.i.AbstractProblemLoader Environment load took 91.9ns 
116821     INFO  main            d.u.i.k.p.i.AbstractProblemLoader Creating init config 
119215     DEBUG main            d.u.i.k.p.i.AbstractProblemLoader Init config took 2.39s 
119250     INFO  main            d.u.i.k.p.i.AbstractProblemLoader Replaying proof Arrays[Arrays::head()].JML operation contract.0 
119293     DEBUG main            d.u.i.k.p.i.IntermediateProofReplayer Proof replay took 41.23ms 
119294     DEBUG main            d.u.i.k.p.r.p.TestFile    ... success: reloaded. 
119295     INFO  main            d.u.i.k.p.r.p.TestFile    Now processing file /home/runner/work/key/key/key.core/../key.ui/examples/standard_key/java_dl/deepNonNull/deepNonNull2.key 
119295     INFO  main            d.u.i.k.p.i.AbstractProblemLoader Loading environment from /home/runner/work/key/key/key.core/../key.ui/examples/standard_key/java_dl/deepNonNull/deepNonNull2.key 
119297     DEBUG main            d.u.i.k.p.i.AbstractProblemLoader Environment load took 1.31ms 
119298     INFO  main            d.u.i.k.p.i.AbstractProblemLoader Creating init config 
121749     DEBUG main            d.u.i.k.p.i.AbstractProblemLoader Init config took 2.45s 
121784     INFO  main            d.u.i.k.p.i.AbstractProblemLoader Replaying proof Arrays[Arrays::unprovable(java.lang.Object)].JML operation contract.0 
121785     DEBUG main            d.u.i.k.p.i.IntermediateProofReplayer Proof replay took 5.4ns 
121889     INFO  main            d.u.i.k.p.r.p.TestFile    ... finished proof: open goal(s) 
122117     INFO  main            d.u.i.k.p.r.p.TestFile    Now processing file /home/runner/work/key/key/key.core/../key.ui/examples/standard_key/java_dl/deepNonNull/deepNonNull3.key 
122117     INFO  main            d.u.i.k.p.i.AbstractProblemLoader Loading environment from /home/runner/work/key/key/key.core/../key.ui/examples/standard_key/java_dl/deepNonNull/deepNonNull3.key 
122117     DEBUG main            d.u.i.k.p.i.AbstractProblemLoader Environment load took 50ns 
122118     INFO  main            d.u.i.k.p.i.AbstractProblemLoader Creating init config 
124511     DEBUG main            d.u.i.k.p.i.AbstractProblemLoader Init config took 2.39s 
124546     INFO  main            d.u.i.k.p.i.AbstractProblemLoader Replaying proof Arrays[Arrays::head([[[[Ljava.lang.Object)].JML operation contract.0 
124547     DEBUG main            d.u.i.k.p.i.IntermediateProofReplayer Proof replay took 5.8ns 
125354     INFO  main            d.u.i.k.p.r.p.TestFile    ... finished proof: closed. 
125589     INFO  main            d.u.i.k.p.i.AbstractProblemLoader Loading environment from /home/runner/work/key/key/key.core/../key.ui/examples/standard_key/java_dl/deepNonNull/deepNonNull3.key.proof 
125589     DEBUG main            d.u.i.k.p.i.AbstractProblemLoader Environment load took 321.8ns 
125590     INFO  main            d.u.i.k.p.i.AbstractProblemLoader Creating init config 
127994     DEBUG main            d.u.i.k.p.i.AbstractProblemLoader Init config took 2.4s 
128040     INFO  main            d.u.i.k.p.i.AbstractProblemLoader Replaying proof Arrays[Arrays::head([[[[Ljava.lang.Object)].JML operation contract.0 
128135     DEBUG main            d.u.i.k.p.i.IntermediateProofReplayer Proof replay took 88.71ms 
128136     DEBUG main            d.u.i.k.p.r.p.TestFile    ... success: reloaded. 
128136     INFO  main            d.u.i.k.p.r.p.TestFile    Now processing file /home/runner/work/key/key/key.core/../key.ui/examples/standard_key/java_dl/exceptions.key 
128136     INFO  main            d.u.i.k.p.i.AbstractProblemLoader Loading environment from /home/runner/work/key/key/key.core/../key.ui/examples/standard_key/java_dl/exceptions.key 
128137     DEBUG main            d.u.i.k.p.i.AbstractProblemLoader Environment load took 173.5ns 
128138     INFO  main            d.u.i.k.p.i.AbstractProblemLoader Creating init config 
128157     WARN  main            d.u.i.k.j.r.KeYCrossReferenceNameInfo Datatype java.io.InputStream declared twice: Once in FILE:/home/runner/work/key/key/key.core/../key.ui/examples/standard_key/java_dl/classpath/InputStream.java and once in URL:file:/home/runner/work/key/key/key.core/build/resources/main/de/uka/ilkd/key/java/JavaRedux/java/io/InputStream.java, Keeping one from URL:file:/home/runner/work/key/key/key.core/build/resources/main/de/uka/ilkd/key/java/JavaRedux/java/io/InputStream.java 
128158     WARN  main            d.u.i.k.j.r.KeYCrossReferenceNameInfo Datatype java.lang.System declared twice: Once in FILE:/home/runner/work/key/key/key.core/../key.ui/examples/standard_key/java_dl/classpath/System.java and once in URL:file:/home/runner/work/key/key/key.core/build/resources/main/de/uka/ilkd/key/java/JavaRedux/java/lang/System.java, Keeping one from URL:file:/home/runner/work/key/key/key.core/build/resources/main/de/uka/ilkd/key/java/JavaRedux/java/lang/System.java 
128158     WARN  main            d.u.i.k.j.r.KeYCrossReferenceNameInfo Datatype java.io.PrintStream declared twice: Once in FILE:/home/runner/work/key/key/key.core/../key.ui/examples/standard_key/java_dl/classpath/PrintStream.java and once in URL:file:/home/runner/work/key/key/key.core/build/resources/main/de/uka/ilkd/key/java/JavaRedux/java/io/PrintStream.java, Keeping one from URL:file:/home/runner/work/key/key/key.core/build/resources/main/de/uka/ilkd/key/java/JavaRedux/java/io/PrintStream.java 
128161     DEBUG main            d.u.i.k.j.r.ClassFileDeclarationBuilder Parsing: package java.io; public class Closeable { } 
128161     DEBUG main            r.s.KeYCrossReferenceSourceInfo Dynamically created class: java.io.Closeable 
130615     DEBUG main            d.u.i.k.p.i.AbstractProblemLoader Init config took 2.48s 
130628     INFO  main            d.u.i.k.p.i.AbstractProblemLoader Replaying proof exceptions.key 
130630     DEBUG main            d.u.i.k.p.i.IntermediateProofReplayer Proof replay took 14.5ns 
130832     INFO  main            d.u.i.k.p.r.p.TestFile    ... finished proof: closed. 
131071     INFO  main            d.u.i.k.p.i.AbstractProblemLoader Loading environment from /home/runner/work/key/key/key.core/../key.ui/examples/standard_key/java_dl/exceptions.key.proof 
131071     DEBUG main            d.u.i.k.p.i.AbstractProblemLoader Environment load took 87.1ns 
131072     INFO  main            d.u.i.k.p.i.AbstractProblemLoader Creating init config 
131092     WARN  main            d.u.i.k.j.r.KeYCrossReferenceNameInfo Datatype java.io.InputStream declared twice: Once in FILE:/home/runner/work/key/key/key.core/../key.ui/examples/standard_key/java_dl/classpath/InputStream.java and once in URL:file:/home/runner/work/key/key/key.core/build/resources/main/de/uka/ilkd/key/java/JavaRedux/java/io/InputStream.java, Keeping one from URL:file:/home/runner/work/key/key/key.core/build/resources/main/de/uka/ilkd/key/java/JavaRedux/java/io/InputStream.java 
131092     WARN  main            d.u.i.k.j.r.KeYCrossReferenceNameInfo Datatype java.lang.System declared twice: Once in FILE:/home/runner/work/key/key/key.core/../key.ui/examples/standard_key/java_dl/classpath/System.java and once in URL:file:/home/runner/work/key/key/key.core/build/resources/main/de/uka/ilkd/key/java/JavaRedux/java/lang/System.java, Keeping one from URL:file:/home/runner/work/key/key/key.core/build/resources/main/de/uka/ilkd/key/java/JavaRedux/java/lang/System.java 
131092     WARN  main            d.u.i.k.j.r.KeYCrossReferenceNameInfo Datatype java.io.PrintStream declared twice: Once in FILE:/home/runner/work/key/key/key.core/../key.ui/examples/standard_key/java_dl/classpath/PrintStream.java and once in URL:file:/home/runner/work/key/key/key.core/build/resources/main/de/uka/ilkd/key/java/JavaRedux/java/io/PrintStream.java, Keeping one from URL:file:/home/runner/work/key/key/key.core/build/resources/main/de/uka/ilkd/key/java/JavaRedux/java/io/PrintStream.java 
131095     DEBUG main            d.u.i.k.j.r.ClassFileDeclarationBuilder Parsing: package java.io; public class Closeable { } 
131096     DEBUG main            r.s.KeYCrossReferenceSourceInfo Dynamically created class: java.io.Closeable 
133513     DEBUG main            d.u.i.k.p.i.AbstractProblemLoader Init config took 2.44s 
133527     INFO  main            d.u.i.k.p.i.AbstractProblemLoader Replaying proof exceptions.key.proof 
133577     DEBUG main            d.u.i.k.p.i.IntermediateProofReplayer Proof replay took 47.62ms 
133578     DEBUG main            d.u.i.k.p.r.p.TestFile    ... success: reloaded. 
133578     INFO  main            d.u.i.k.p.r.p.TestFile    Now processing file /home/runner/work/key/key/key.core/../key.ui/examples/standard_key/java_dl/exceptions1.key 
133578     INFO  main            d.u.i.k.p.i.AbstractProblemLoader Loading environment from /home/runner/work/key/key/key.core/../key.ui/examples/standard_key/java_dl/exceptions1.key 
133578     DEBUG main            d.u.i.k.p.i.AbstractProblemLoader Environment load took 46ns 
133579     INFO  main            d.u.i.k.p.i.AbstractProblemLoader Creating init config 
135957     DEBUG main            d.u.i.k.p.i.AbstractProblemLoader Init config took 2.38s 
135971     INFO  main            d.u.i.k.p.i.AbstractProblemLoader Replaying proof exceptions1.key 
135973     DEBUG main            d.u.i.k.p.i.IntermediateProofReplayer Proof replay took 5.7ns 
136074     INFO  main            d.u.i.k.p.r.p.TestFile    ... finished proof: closed. 
136325     INFO  main            d.u.i.k.p.i.AbstractProblemLoader Loading environment from /home/runner/work/key/key/key.core/../key.ui/examples/standard_key/java_dl/exceptions1.key.proof 
136325     DEBUG main            d.u.i.k.p.i.AbstractProblemLoader Environment load took 82.9ns 
136326     INFO  main            d.u.i.k.p.i.AbstractProblemLoader Creating init config 
138641     DEBUG main            d.u.i.k.p.i.AbstractProblemLoader Init config took 2.32s 
138655     INFO  main            d.u.i.k.p.i.AbstractProblemLoader Replaying proof exceptions1.key.proof 
138682     DEBUG main            d.u.i.k.p.i.IntermediateProofReplayer Proof replay took 23.95ms 
138683     DEBUG main            d.u.i.k.p.r.p.TestFile    ... success: reloaded. 
138683     INFO  main            d.u.i.k.p.r.p.TestFile    Now processing file /home/runner/work/key/key/key.core/../key.ui/examples/standard_key/java_dl/exceptions2.key 
138684     INFO  main            d.u.i.k.p.i.AbstractProblemLoader Loading environment from /home/runner/work/key/key/key.core/../key.ui/examples/standard_key/java_dl/exceptions2.key 
138684     DEBUG main            d.u.i.k.p.i.AbstractProblemLoader Environment load took 172.6ns 
138685     INFO  main            d.u.i.k.p.i.AbstractProblemLoader Creating init config 
141070     DEBUG main            d.u.i.k.p.i.AbstractProblemLoader Init config took 2.39s 
141086     INFO  main            d.u.i.k.p.i.AbstractProblemLoader Replaying proof exceptions2.key 
141088     DEBUG main            d.u.i.k.p.i.IntermediateProofReplayer Proof replay took 7.2ns 
141190     INFO  main            d.u.i.k.p.r.p.TestFile    ... finished proof: closed. 
141444     INFO  main            d.u.i.k.p.i.AbstractProblemLoader Loading environment from /home/runner/work/key/key/key.core/../key.ui/examples/standard_key/java_dl/exceptions2.key.proof 
141444     DEBUG main            d.u.i.k.p.i.AbstractProblemLoader Environment load took 83.9ns 
141445     INFO  main            d.u.i.k.p.i.AbstractProblemLoader Creating init config 
143761     DEBUG main            d.u.i.k.p.i.AbstractProblemLoader Init config took 2.32s 
143778     INFO  main            d.u.i.k.p.i.AbstractProblemLoader Replaying proof exceptions2.key.proof 
143806     DEBUG main            d.u.i.k.p.i.IntermediateProofReplayer Proof replay took 25.48ms 
143807     DEBUG main            d.u.i.k.p.r.p.TestFile    ... success: reloaded. 
143807     INFO  main            d.u.i.k.p.r.p.TestFile    Now processing file /home/runner/work/key/key/key.core/../key.ui/examples/standard_key/java_dl/exceptions3.key 
143807     INFO  main            d.u.i.k.p.i.AbstractProblemLoader Loading environment from /home/runner/work/key/key/key.core/../key.ui/examples/standard_key/java_dl/exceptions3.key 
143807     DEBUG main            d.u.i.k.p.i.AbstractProblemLoader Environment load took 66.6ns 
143808     INFO  main            d.u.i.k.p.i.AbstractProblemLoader Creating init config 
143827     WARN  main            d.u.i.k.j.r.KeYCrossReferenceNameInfo Datatype java.io.InputStream declared twice: Once in FILE:/home/runner/work/key/key/key.core/../key.ui/examples/standard_key/java_dl/classpath/InputStream.java and once in URL:file:/home/runner/work/key/key/key.core/build/resources/main/de/uka/ilkd/key/java/JavaRedux/java/io/InputStream.java, Keeping one from URL:file:/home/runner/work/key/key/key.core/build/resources/main/de/uka/ilkd/key/java/JavaRedux/java/io/InputStream.java 
143827     WARN  main            d.u.i.k.j.r.KeYCrossReferenceNameInfo Datatype java.lang.System declared twice: Once in FILE:/home/runner/work/key/key/key.core/../key.ui/examples/standard_key/java_dl/classpath/System.java and once in URL:file:/home/runner/work/key/key/key.core/build/resources/main/de/uka/ilkd/key/java/JavaRedux/java/lang/System.java, Keeping one from URL:file:/home/runner/work/key/key/key.core/build/resources/main/de/uka/ilkd/key/java/JavaRedux/java/lang/System.java 
143827     WARN  main            d.u.i.k.j.r.KeYCrossReferenceNameInfo Datatype java.io.PrintStream declared twice: Once in FILE:/home/runner/work/key/key/key.core/../key.ui/examples/standard_key/java_dl/classpath/PrintStream.java and once in URL:file:/home/runner/work/key/key/key.core/build/resources/main/de/uka/ilkd/key/java/JavaRedux/java/io/PrintStream.java, Keeping one from URL:file:/home/runner/work/key/key/key.core/build/resources/main/de/uka/ilkd/key/java/JavaRedux/java/io/PrintStream.java 
143830     DEBUG main            d.u.i.k.j.r.ClassFileDeclarationBuilder Parsing: package java.io; public class Closeable { } 
143830     DEBUG main            r.s.KeYCrossReferenceSourceInfo Dynamically created class: java.io.Closeable 
146213     DEBUG main            d.u.i.k.p.i.AbstractProblemLoader Init config took 2.4s 
146227     INFO  main            d.u.i.k.p.i.AbstractProblemLoader Replaying proof exceptions3.key 
146228     DEBUG main            d.u.i.k.p.i.IntermediateProofReplayer Proof replay took 5.9ns 
146330     INFO  main            d.u.i.k.p.r.p.TestFile    ... finished proof: closed. 
146584     INFO  main            d.u.i.k.p.i.AbstractProblemLoader Loading environment from /home/runner/work/key/key/key.core/../key.ui/examples/standard_key/java_dl/exceptions3.key.proof 
146584     DEBUG main            d.u.i.k.p.i.AbstractProblemLoader Environment load took 83.4ns 
146585     INFO  main            d.u.i.k.p.i.AbstractProblemLoader Creating init config 
146605     WARN  main            d.u.i.k.j.r.KeYCrossReferenceNameInfo Datatype java.io.InputStream declared twice: Once in FILE:/home/runner/work/key/key/key.core/../key.ui/examples/standard_key/java_dl/classpath/InputStream.java and once in URL:file:/home/runner/work/key/key/key.core/build/resources/main/de/uka/ilkd/key/java/JavaRedux/java/io/InputStream.java, Keeping one from URL:file:/home/runner/work/key/key/key.core/build/resources/main/de/uka/ilkd/key/java/JavaRedux/java/io/InputStream.java 
146605     WARN  main            d.u.i.k.j.r.KeYCrossReferenceNameInfo Datatype java.lang.System declared twice: Once in FILE:/home/runner/work/key/key/key.core/../key.ui/examples/standard_key/java_dl/classpath/System.java and once in URL:file:/home/runner/work/key/key/key.core/build/resources/main/de/uka/ilkd/key/java/JavaRedux/java/lang/System.java, Keeping one from URL:file:/home/runner/work/key/key/key.core/build/resources/main/de/uka/ilkd/key/java/JavaRedux/java/lang/System.java 
146605     WARN  main            d.u.i.k.j.r.KeYCrossReferenceNameInfo Datatype java.io.PrintStream declared twice: Once in FILE:/home/runner/work/key/key/key.core/../key.ui/examples/standard_key/java_dl/classpath/PrintStream.java and once in URL:file:/home/runner/work/key/key/key.core/build/resources/main/de/uka/ilkd/key/java/JavaRedux/java/io/PrintStream.java, Keeping one from URL:file:/home/runner/work/key/key/key.core/build/resources/main/de/uka/ilkd/key/java/JavaRedux/java/io/PrintStream.java 
146611     DEBUG main            d.u.i.k.j.r.ClassFileDeclarationBuilder Parsing: package java.io; public class Closeable { } 
146611     DEBUG main            r.s.KeYCrossReferenceSourceInfo Dynamically created class: java.io.Closeable 
148954     DEBUG main            d.u.i.k.p.i.AbstractProblemLoader Init config took 2.37s 
148967     INFO  main            d.u.i.k.p.i.AbstractProblemLoader Replaying proof exceptions3.key.proof 
148972     DEBUG main            d.u.i.k.p.i.IntermediateProofReplayer Proof replay took 3.22ms 
148973     DEBUG main            d.u.i.k.p.r.p.TestFile    ... success: reloaded. 
148974     INFO  main            d.u.i.k.p.r.p.TestFile    Now processing file /home/runner/work/key/key/key.core/../key.ui/examples/standard_key/java_dl/exchange.key 
148974     INFO  main            d.u.i.k.p.i.AbstractProblemLoader Loading environment from /home/runner/work/key/key/key.core/../key.ui/examples/standard_key/java_dl/exchange.key 
148974     DEBUG main            d.u.i.k.p.i.AbstractProblemLoader Environment load took 69.6ns 
148975     INFO  main            d.u.i.k.p.i.AbstractProblemLoader Creating init config 
151345     DEBUG main            d.u.i.k.p.i.AbstractProblemLoader Init config took 2.37s 
151358     INFO  main            d.u.i.k.p.i.AbstractProblemLoader Replaying proof exchange.key 
151360     DEBUG main            d.u.i.k.p.i.IntermediateProofReplayer Proof replay took 6.2ns 
151461     INFO  main            d.u.i.k.p.r.p.TestFile    ... finished proof: closed. 
151718     INFO  main            d.u.i.k.p.i.AbstractProblemLoader Loading environment from /home/runner/work/key/key/key.core/../key.ui/examples/standard_key/java_dl/exchange.key.proof 
151718     DEBUG main            d.u.i.k.p.i.AbstractProblemLoader Environment load took 82.7ns 
151719     INFO  main            d.u.i.k.p.i.AbstractProblemLoader Creating init config 
154024     DEBUG main            d.u.i.k.p.i.AbstractProblemLoader Init config took 2.3s 
154037     INFO  main            d.u.i.k.p.i.AbstractProblemLoader Replaying proof exchange.key.proof 
154041     DEBUG main            d.u.i.k.p.i.IntermediateProofReplayer Proof replay took 2.5ms 
154042     DEBUG main            d.u.i.k.p.r.p.TestFile    ... success: reloaded. 
154042     INFO  main            d.u.i.k.p.r.p.TestFile    Now processing file /home/runner/work/key/key/key.core/../key.ui/examples/standard_key/java_dl/if.key 
154042     INFO  main            d.u.i.k.p.i.AbstractProblemLoader Loading environment from /home/runner/work/key/key/key.core/../key.ui/examples/standard_key/java_dl/if.key 
154042     DEBUG main            d.u.i.k.p.i.AbstractProblemLoader Environment load took 66.7ns 
154043     INFO  main            d.u.i.k.p.i.AbstractProblemLoader Creating init config 
156412     DEBUG main            d.u.i.k.p.i.AbstractProblemLoader Init config took 2.37s 
156425     INFO  main            d.u.i.k.p.i.AbstractProblemLoader Replaying proof if.key 
156426     DEBUG main            d.u.i.k.p.i.IntermediateProofReplayer Proof replay took 6.4ns 
156528     INFO  main            d.u.i.k.p.r.p.TestFile    ... finished proof: closed. 
156838     INFO  main            d.u.i.k.p.i.AbstractProblemLoader Loading environment from /home/runner/work/key/key/key.core/../key.ui/examples/standard_key/java_dl/if.key.proof 
156838     DEBUG main            d.u.i.k.p.i.AbstractProblemLoader Environment load took 82ns 
156839     INFO  main            d.u.i.k.p.i.AbstractProblemLoader Creating init config 
159140     DEBUG main            d.u.i.k.p.i.AbstractProblemLoader Init config took 2.3s 
159153     INFO  main            d.u.i.k.p.i.AbstractProblemLoader Replaying proof if.key.proof 
159157     DEBUG main            d.u.i.k.p.i.IntermediateProofReplayer Proof replay took 2.33ms 
159157     DEBUG main            d.u.i.k.p.r.p.TestFile    ... success: reloaded. 
159158     INFO  main            d.u.i.k.p.r.p.TestFile    Now processing file /home/runner/work/key/key/key.core/../key.ui/examples/standard_key/java_dl/incrementcounter.key 
159158     INFO  main            d.u.i.k.p.i.AbstractProblemLoader Loading environment from /home/runner/work/key/key/key.core/../key.ui/examples/standard_key/java_dl/incrementcounter.key 
159158     DEBUG main            d.u.i.k.p.i.AbstractProblemLoader Environment load took 44.4ns 
159159     INFO  main            d.u.i.k.p.i.AbstractProblemLoader Creating init config 
161513     DEBUG main            d.u.i.k.p.i.AbstractProblemLoader Init config took 2.35s 
161526     INFO  main            d.u.i.k.p.i.AbstractProblemLoader Replaying proof incrementcounter.key 
161527     DEBUG main            d.u.i.k.p.i.IntermediateProofReplayer Proof replay took 6.6ns 
161629     INFO  main            d.u.i.k.p.r.p.TestFile    ... finished proof: closed. 
161899     INFO  main            d.u.i.k.p.i.AbstractProblemLoader Loading environment from /home/runner/work/key/key/key.core/../key.ui/examples/standard_key/java_dl/incrementcounter.key.proof 
161899     DEBUG main            d.u.i.k.p.i.AbstractProblemLoader Environment load took 83.7ns 
161901     INFO  main            d.u.i.k.p.i.AbstractProblemLoader Creating init config 
164231     DEBUG main            d.u.i.k.p.i.AbstractProblemLoader Init config took 2.33s 
164244     INFO  main            d.u.i.k.p.i.AbstractProblemLoader Replaying proof incrementcounter.key.proof 
164247     DEBUG main            d.u.i.k.p.i.IntermediateProofReplayer Proof replay took 1.68ms 
164248     DEBUG main            d.u.i.k.p.r.p.TestFile    ... success: reloaded. 
164248     INFO  main            d.u.i.k.p.r.p.TestFile    Now processing file /home/runner/work/key/key/key.core/../key.ui/examples/standard_key/java_dl/danglingElse.key 
164248     INFO  main            d.u.i.k.p.i.AbstractProblemLoader Loading environment from /home/runner/work/key/key/key.core/../key.ui/examples/standard_key/java_dl/danglingElse.key 
164249     DEBUG main            d.u.i.k.p.i.AbstractProblemLoader Environment load took 70ns 
164249     INFO  main            d.u.i.k.p.i.AbstractProblemLoader Creating init config 
166601     DEBUG main            d.u.i.k.p.i.AbstractProblemLoader Init config took 2.35s 
166614     INFO  main            d.u.i.k.p.i.AbstractProblemLoader Replaying proof danglingElse.key 
166616     DEBUG main            d.u.i.k.p.i.IntermediateProofReplayer Proof replay took 6.5ns 
166720     INFO  main            d.u.i.k.p.r.p.TestFile    ... finished proof: open goal(s) 
166992     INFO  main            d.u.i.k.p.r.p.TestFile    Now processing file /home/runner/work/key/key/key.core/../key.ui/examples/standard_key/java_dl/iteratedAssignment.key 
166992     INFO  main            d.u.i.k.p.i.AbstractProblemLoader Loading environment from /home/runner/work/key/key/key.core/../key.ui/examples/standard_key/java_dl/iteratedAssignment.key 
166992     DEBUG main            d.u.i.k.p.i.AbstractProblemLoader Environment load took 70.5ns 
166993     INFO  main            d.u.i.k.p.i.AbstractProblemLoader Creating init config 
169301     DEBUG main            d.u.i.k.p.i.AbstractProblemLoader Init config took 2.31s 
169315     INFO  main            d.u.i.k.p.i.AbstractProblemLoader Replaying proof iteratedAssignment.key 
169317     DEBUG main            d.u.i.k.p.i.IntermediateProofReplayer Proof replay took 6.1ns 
169620     INFO  main            d.u.i.k.p.r.p.TestFile    ... finished proof: closed. 
169901     INFO  main            d.u.i.k.p.i.AbstractProblemLoader Loading environment from /home/runner/work/key/key/key.core/../key.ui/examples/standard_key/java_dl/iteratedAssignment.key.proof 
169901     DEBUG main            d.u.i.k.p.i.AbstractProblemLoader Environment load took 79.2ns 
169902     INFO  main            d.u.i.k.p.i.AbstractProblemLoader Creating init config 
172249     DEBUG main            d.u.i.k.p.i.AbstractProblemLoader Init config took 2.35s 
172262     INFO  main            d.u.i.k.p.i.AbstractProblemLoader Replaying proof iteratedAssignment.key.proof 
172344     DEBUG main            d.u.i.k.p.i.IntermediateProofReplayer Proof replay took 74.46ms 
172345     DEBUG main            d.u.i.k.p.r.p.TestFile    ... success: reloaded. 
172346     INFO  main            d.u.i.k.p.r.p.TestFile    Now processing file /home/runner/work/key/key/key.core/../key.ui/examples/standard_key/java_dl/assert/assert1.key 
172347     INFO  main            d.u.i.k.p.i.AbstractProblemLoader Loading environment from /home/runner/work/key/key/key.core/../key.ui/examples/standard_key/java_dl/assert/assert1.key 
172347     DEBUG main            d.u.i.k.p.i.AbstractProblemLoader Environment load took 173ns 
172348     INFO  main            d.u.i.k.p.i.AbstractProblemLoader Creating init config 
174717     DEBUG main            d.u.i.k.p.i.AbstractProblemLoader Init config took 2.37s 
174769     INFO  main            d.u.i.k.p.i.AbstractProblemLoader Replaying proof C[C::foo()].JML normal_behavior operation contract.0 
174772     DEBUG main            d.u.i.k.p.i.IntermediateProofReplayer Proof replay took 16.8ns 
174875     INFO  main            d.u.i.k.p.r.p.TestFile    ... finished proof: open goal(s) 
175166     INFO  main            d.u.i.k.p.r.p.TestFile    Now processing file /home/runner/work/key/key/key.core/../key.ui/examples/standard_key/java_dl/assert/assert2.key 
175166     INFO  main            d.u.i.k.p.i.AbstractProblemLoader Loading environment from /home/runner/work/key/key/key.core/../key.ui/examples/standard_key/java_dl/assert/assert2.key 
175166     DEBUG main            d.u.i.k.p.i.AbstractProblemLoader Environment load took 71.4ns 
175167     INFO  main            d.u.i.k.p.i.AbstractProblemLoader Creating init config 
177515     DEBUG main            d.u.i.k.p.i.AbstractProblemLoader Init config took 2.35s 
177547     INFO  main            d.u.i.k.p.i.AbstractProblemLoader Replaying proof C[C::bar()].JML exceptional_behavior operation contract.0 
177549     DEBUG main            d.u.i.k.p.i.IntermediateProofReplayer Proof replay took 14.8ns 
177652     INFO  main            d.u.i.k.p.r.p.TestFile    ... finished proof: closed. 
177933     INFO  main            d.u.i.k.p.i.AbstractProblemLoader Loading environment from /home/runner/work/key/key/key.core/../key.ui/examples/standard_key/java_dl/assert/assert2.key.proof 
177934     DEBUG main            d.u.i.k.p.i.AbstractProblemLoader Environment load took 76.8ns 
177934     INFO  main            d.u.i.k.p.i.AbstractProblemLoader Creating init config 
180285     DEBUG main            d.u.i.k.p.i.AbstractProblemLoader Init config took 2.35s 
180316     INFO  main            d.u.i.k.p.i.AbstractProblemLoader Replaying proof C[C::bar()].JML exceptional_behavior operation contract.0 
180351     DEBUG main            d.u.i.k.p.i.IntermediateProofReplayer Proof replay took 32.67ms 
180354     DEBUG main            d.u.i.k.p.r.p.TestFile    ... success: reloaded. 
180356     INFO  main            d.u.i.k.p.r.p.TestFile    Now processing file /home/runner/work/key/key/key.core/../key.ui/examples/standard_key/java_dl/assert/assert3.key 
180356     INFO  main            d.u.i.k.p.i.AbstractProblemLoader Loading environment from /home/runner/work/key/key/key.core/../key.ui/examples/standard_key/java_dl/assert/assert3.key 
180356     DEBUG main            d.u.i.k.p.i.AbstractProblemLoader Environment load took 165.2ns 
180357     INFO  main            d.u.i.k.p.i.AbstractProblemLoader Creating init config 
182746     DEBUG main            d.u.i.k.p.i.AbstractProblemLoader Init config took 2.39s 
182777     INFO  main            d.u.i.k.p.i.AbstractProblemLoader Replaying proof C[C::foo()].JML normal_behavior operation contract.0 
182779     DEBUG main            d.u.i.k.p.i.IntermediateProofReplayer Proof replay took 5.5ns 
182881     INFO  main            d.u.i.k.p.r.p.TestFile    ... finished proof: open goal(s) 
183169     INFO  main            d.u.i.k.p.r.p.TestFile    Now processing file /home/runner/work/key/key/key.core/../key.ui/examples/standard_key/java_dl/java5/vararg.key 
183169     INFO  main            d.u.i.k.p.i.AbstractProblemLoader Loading environment from /home/runner/work/key/key/key.core/../key.ui/examples/standard_key/java_dl/java5/vararg.key 
183169     DEBUG main            d.u.i.k.p.i.AbstractProblemLoader Environment load took 70.1ns 
183171     INFO  main            d.u.i.k.p.i.AbstractProblemLoader Creating init config 
184025     DEBUG main            d.u.i.k.j.r.ClassPreparationMethodBuilder clPrepBuilder: Inner Class detected. Reject building class initialisation methods. 
185979     DEBUG main            d.u.i.k.p.i.AbstractProblemLoader Init config took 2.81s 
186009     INFO  main            d.u.i.k.p.i.AbstractProblemLoader Replaying proof vararg.key 
186010     DEBUG main            d.u.i.k.p.i.IntermediateProofReplayer Proof replay took 5.9ns 
186242     DEBUG Thread-101      d.u.i.k.j.d.VariableSpecification Program match. Variables have different dimension (template #v0 = #vi;, source var#17[] = new java.lang.Object[]{d1, d2};) 
186364     DEBUG Thread-101      d.u.i.k.j.d.VariableSpecification Program match. Variables have different dimension (template #v0 = #vi;, source var#24[] = new java.lang.Object[]{d1, d2};) 
186526     DEBUG Thread-101      d.u.i.k.j.d.VariableSpecification Program match. Variables have different dimension (template #v0 = #vi;, source var#33[] = new java.lang.Object[]{var_1};) 
186527     DEBUG Thread-101      d.u.i.k.j.d.VariableSpecification Program match. Variables have different dimension (template #v0 = #vi;, source var#33[] = new java.lang.Object[]{var_1};) 
186627     DEBUG Thread-101      d.u.i.k.j.d.VariableSpecification Program match. Variables have different dimension (template #v0 = #vi;, source var#39[] = new java.lang.Object[]{null, null};) 
186751     DEBUG Thread-101      d.u.i.k.j.d.VariableSpecification Program match. Variables have different dimension (template #v0 = #vi;, source var#46[] = new java.lang.Object[]{};) 
187117     INFO  main            d.u.i.k.p.r.p.TestFile    ... finished proof: closed. 
187503     INFO  main            d.u.i.k.p.i.AbstractProblemLoader Loading environment from /home/runner/work/key/key/key.core/../key.ui/examples/standard_key/java_dl/java5/vararg.key.proof 
187506     DEBUG main            d.u.i.k.p.i.AbstractProblemLoader Environment load took 1.07ms 
187507     INFO  main            d.u.i.k.p.i.AbstractProblemLoader Creating init config 
188344     DEBUG main            d.u.i.k.j.r.ClassPreparationMethodBuilder clPrepBuilder: Inner Class detected. Reject building class initialisation methods. 
190086     DEBUG main            d.u.i.k.p.i.AbstractProblemLoader Init config took 2.58s 
190108     INFO  main            d.u.i.k.p.i.AbstractProblemLoader Replaying proof vararg.key.proof 
190417     DEBUG main            d.u.i.k.p.i.IntermediateProofReplayer Proof replay took 296.95ms 
190418     DEBUG main            d.u.i.k.p.r.p.TestFile    ... success: reloaded. 
190419     INFO  main            d.u.i.k.p.r.p.TestFile    Now processing file /home/runner/work/key/key/key.core/../key.ui/examples/standard_key/java_dl/java5/for_Array.key 
190419     INFO  main            d.u.i.k.p.i.AbstractProblemLoader Loading environment from /home/runner/work/key/key/key.core/../key.ui/examples/standard_key/java_dl/java5/for_Array.key 
190420     DEBUG main            d.u.i.k.p.i.AbstractProblemLoader Environment load took 145.2ns 
190421     INFO  main            d.u.i.k.p.i.AbstractProblemLoader Creating init config 
191261     DEBUG main            d.u.i.k.j.r.ClassPreparationMethodBuilder clPrepBuilder: Inner Class detected. Reject building class initialisation methods. 
193005     DEBUG main            d.u.i.k.p.i.AbstractProblemLoader Init config took 2.58s 
193053     INFO  main            d.u.i.k.p.i.AbstractProblemLoader Replaying proof For[For::sum([I)].JML operation contract.0 
193055     DEBUG main            d.u.i.k.p.i.IntermediateProofReplayer Proof replay took 5.6ns 
193357     INFO  main            d.u.i.k.p.r.p.TestFile    ... finished proof: closed. 
193721     INFO  main            d.u.i.k.p.i.AbstractProblemLoader Loading environment from /home/runner/work/key/key/key.core/../key.ui/examples/standard_key/java_dl/java5/for_Array.key.proof 
193721     DEBUG main            d.u.i.k.p.i.AbstractProblemLoader Environment load took 77.1ns 
193721     INFO  main            d.u.i.k.p.i.AbstractProblemLoader Creating init config 
194526     DEBUG main            d.u.i.k.j.r.ClassPreparationMethodBuilder clPrepBuilder: Inner Class detected. Reject building class initialisation methods. 
196242     DEBUG main            d.u.i.k.p.i.AbstractProblemLoader Init config took 2.52s 
196290     INFO  main            d.u.i.k.p.i.AbstractProblemLoader Replaying proof For[For::sum([I)].JML operation contract.0 
196369     DEBUG main            d.u.i.k.p.i.IntermediateProofReplayer Proof replay took 76.18ms 
196370     DEBUG main            d.u.i.k.p.r.p.TestFile    ... success: reloaded. 
196371     INFO  main            d.u.i.k.p.r.p.TestFile    Now processing file /home/runner/work/key/key/key.core/../key.ui/examples/standard_key/java_dl/java5/for_Iterable.key 
196371     INFO  main            d.u.i.k.p.i.AbstractProblemLoader Loading environment from /home/runner/work/key/key/key.core/../key.ui/examples/standard_key/java_dl/java5/for_Iterable.key 
196371     DEBUG main            d.u.i.k.p.i.AbstractProblemLoader Environment load took 72.7ns 
196372     INFO  main            d.u.i.k.p.i.AbstractProblemLoader Creating init config 
197214     DEBUG main            d.u.i.k.j.r.ClassPreparationMethodBuilder clPrepBuilder: Inner Class detected. Reject building class initialisation methods. 
198960     DEBUG main            d.u.i.k.p.i.AbstractProblemLoader Init config took 2.59s 
199028     INFO  main            d.u.i.k.p.i.AbstractProblemLoader Replaying proof For[For::infiniteLoop(For)].JML operation contract.0 
199030     DEBUG main            d.u.i.k.p.i.IntermediateProofReplayer Proof replay took 5.6ns 
199231     INFO  main            d.u.i.k.p.r.p.TestFile    ... finished proof: closed. 
199563     INFO  main            d.u.i.k.p.i.AbstractProblemLoader Loading environment from /home/runner/work/key/key/key.core/../key.ui/examples/standard_key/java_dl/java5/for_Iterable.key.proof 
199564     DEBUG main            d.u.i.k.p.i.AbstractProblemLoader Environment load took 79.1ns 
199564     INFO  main            d.u.i.k.p.i.AbstractProblemLoader Creating init config 
200363     DEBUG main            d.u.i.k.j.r.ClassPreparationMethodBuilder clPrepBuilder: Inner Class detected. Reject building class initialisation methods. 
202073     DEBUG main            d.u.i.k.p.i.AbstractProblemLoader Init config took 2.51s 
202120     INFO  main            d.u.i.k.p.i.AbstractProblemLoader Replaying proof For[For::infiniteLoop(For)].JML operation contract.0 
202165     DEBUG main            d.u.i.k.p.i.IntermediateProofReplayer Proof replay took 42.88ms 
202166     DEBUG main            d.u.i.k.p.r.p.TestFile    ... success: reloaded. 
202167     INFO  main            d.u.i.k.p.r.p.TestFile    Now processing file /home/runner/work/key/key/key.core/../key.ui/examples/standard_key/java_dl/java5/for_ReferenceArray.key 
202167     INFO  main            d.u.i.k.p.i.AbstractProblemLoader Loading environment from /home/runner/work/key/key/key.core/../key.ui/examples/standard_key/java_dl/java5/for_ReferenceArray.key 
202167     DEBUG main            d.u.i.k.p.i.AbstractProblemLoader Environment load took 160.9ns 
202168     INFO  main            d.u.i.k.p.i.AbstractProblemLoader Creating init config 
202986     DEBUG main            d.u.i.k.j.r.ClassPreparationMethodBuilder clPrepBuilder: Inner Class detected. Reject building class initialisation methods. 
204728     DEBUG main            d.u.i.k.p.i.AbstractProblemLoader Init config took 2.56s 
204776     INFO  main            d.u.i.k.p.i.AbstractProblemLoader Replaying proof ForReferenceArray[ForReferenceArray::foo([Ljava.lang.Object)].JML operation contract.0 
204778     DEBUG main            d.u.i.k.p.i.IntermediateProofReplayer Proof replay took 5.8ns 
204981     INFO  main            d.u.i.k.p.r.p.TestFile    ... finished proof: closed. 
205317     INFO  main            d.u.i.k.p.i.AbstractProblemLoader Loading environment from /home/runner/work/key/key/key.core/../key.ui/examples/standard_key/java_dl/java5/for_ReferenceArray.key.proof 
205317     DEBUG main            d.u.i.k.p.i.AbstractProblemLoader Environment load took 92.9ns 
205318     INFO  main            d.u.i.k.p.i.AbstractProblemLoader Creating init config 
206115     DEBUG main            d.u.i.k.j.r.ClassPreparationMethodBuilder clPrepBuilder: Inner Class detected. Reject building class initialisation methods. 
207823     DEBUG main            d.u.i.k.p.i.AbstractProblemLoader Init config took 2.51s 
207871     INFO  main            d.u.i.k.p.i.AbstractProblemLoader Replaying proof ForReferenceArray[ForReferenceArray::foo([Ljava.lang.Object)].JML operation contract.0 
207923     DEBUG main            d.u.i.k.p.i.IntermediateProofReplayer Proof replay took 49.49ms 
207924     DEBUG main            d.u.i.k.p.r.p.TestFile    ... success: reloaded. 
207925     INFO  main            d.u.i.k.p.r.p.TestFile    Now processing file /home/runner/work/key/key/key.core/../key.ui/examples/standard_key/java_dl/jml-bigint/cast.key 
207925     INFO  main            d.u.i.k.p.i.AbstractProblemLoader Loading environment from /home/runner/work/key/key/key.core/../key.ui/examples/standard_key/java_dl/jml-bigint/cast.key 
207925     DEBUG main            d.u.i.k.p.i.AbstractProblemLoader Environment load took 54.5ns 
207926     INFO  main            d.u.i.k.p.i.AbstractProblemLoader Creating init config 
210409     DEBUG main            d.u.i.k.p.i.AbstractProblemLoader Init config took 2.48s 
210442     INFO  main            d.u.i.k.p.i.AbstractProblemLoader Replaying proof Mult[Mult::cast()].JML operation contract.0 
210444     DEBUG main            d.u.i.k.p.i.IntermediateProofReplayer Proof replay took 6.1ns 
210545     INFO  main            d.u.i.k.p.r.p.TestFile    ... finished proof: closed. 
210874     INFO  main            d.u.i.k.p.i.AbstractProblemLoader Loading environment from /home/runner/work/key/key/key.core/../key.ui/examples/standard_key/java_dl/jml-bigint/cast.key.proof 
210874     DEBUG main            d.u.i.k.p.i.AbstractProblemLoader Environment load took 88ns 
210875     INFO  main            d.u.i.k.p.i.AbstractProblemLoader Creating init config 
213287     DEBUG main            d.u.i.k.p.i.AbstractProblemLoader Init config took 2.41s 
213319     INFO  main            d.u.i.k.p.i.AbstractProblemLoader Replaying proof Mult[Mult::cast()].JML operation contract.0 
213331     DEBUG main            d.u.i.k.p.i.IntermediateProofReplayer Proof replay took 10.18ms 
213332     DEBUG main            d.u.i.k.p.r.p.TestFile    ... success: reloaded. 
213332     INFO  main            d.u.i.k.p.r.p.TestFile    Now processing file /home/runner/work/key/key/key.core/../key.ui/examples/standard_key/java_dl/jml-free/loopInvFree.key 
213332     INFO  main            d.u.i.k.p.i.AbstractProblemLoader Loading environment from /home/runner/work/key/key/key.core/../key.ui/examples/standard_key/java_dl/jml-free/loopInvFree.key 
213333     DEBUG main            d.u.i.k.p.i.AbstractProblemLoader Environment load took 65.9ns 
213333     INFO  main            d.u.i.k.p.i.AbstractProblemLoader Creating init config 
215748     DEBUG main            d.u.i.k.p.i.AbstractProblemLoader Init config took 2.41s 
215779     INFO  main            d.u.i.k.p.i.AbstractProblemLoader Replaying proof LoopInvFree[LoopInvFree::test()].JML operation contract.0 
215780     DEBUG main            d.u.i.k.p.i.IntermediateProofReplayer Proof replay took 5.8ns 
215988     INFO  main            d.u.i.k.p.r.p.TestFile    ... finished proof: closed. 
216308     INFO  main            d.u.i.k.p.i.AbstractProblemLoader Loading environment from /home/runner/work/key/key/key.core/../key.ui/examples/standard_key/java_dl/jml-free/loopInvFree.key.proof 
216308     DEBUG main            d.u.i.k.p.i.AbstractProblemLoader Environment load took 75.5ns 
216309     INFO  main            d.u.i.k.p.i.AbstractProblemLoader Creating init config 
218661     DEBUG main            d.u.i.k.p.i.AbstractProblemLoader Init config took 2.35s 
218693     INFO  main            d.u.i.k.p.i.AbstractProblemLoader Replaying proof LoopInvFree[LoopInvFree::test()].JML operation contract.0 
218730     DEBUG main            d.u.i.k.p.i.IntermediateProofReplayer Proof replay took 34.93ms 
218730     DEBUG main            d.u.i.k.p.r.p.TestFile    ... success: reloaded. 
218731     INFO  main            d.u.i.k.p.r.p.TestFile    Now processing file /home/runner/work/key/key/key.core/../key.ui/examples/standard_key/java_dl/jml-free/ensuresFree.key 
218731     INFO  main            d.u.i.k.p.i.AbstractProblemLoader Loading environment from /home/runner/work/key/key/key.core/../key.ui/examples/standard_key/java_dl/jml-free/ensuresFree.key 
218731     DEBUG main            d.u.i.k.p.i.AbstractProblemLoader Environment load took 68ns 
218732     INFO  main            d.u.i.k.p.i.AbstractProblemLoader Creating init config 
221149     DEBUG main            d.u.i.k.p.i.AbstractProblemLoader Init config took 2.42s 
221182     INFO  main            d.u.i.k.p.i.AbstractProblemLoader Replaying proof EnsuresFree[EnsuresFree::test()].JML operation contract.0 
221183     DEBUG main            d.u.i.k.p.i.IntermediateProofReplayer Proof replay took 6.7ns 
221287     INFO  main            d.u.i.k.p.r.p.TestFile    ... finished proof: closed. 
221624     INFO  main            d.u.i.k.p.i.AbstractProblemLoader Loading environment from /home/runner/work/key/key/key.core/../key.ui/examples/standard_key/java_dl/jml-free/ensuresFree.key.proof 
221624     DEBUG main            d.u.i.k.p.i.AbstractProblemLoader Environment load took 75.1ns 
221625     INFO  main            d.u.i.k.p.i.AbstractProblemLoader Creating init config 
223989     DEBUG main            d.u.i.k.p.i.AbstractProblemLoader Init config took 2.36s 
224020     INFO  main            d.u.i.k.p.i.AbstractProblemLoader Replaying proof EnsuresFree[EnsuresFree::test()].JML operation contract.0 
224036     DEBUG main            d.u.i.k.p.i.IntermediateProofReplayer Proof replay took 13.95ms 
224036     DEBUG main            d.u.i.k.p.r.p.TestFile    ... success: reloaded. 
224037     INFO  main            d.u.i.k.p.r.p.TestFile    Now processing file /home/runner/work/key/key/key.core/../key.ui/examples/standard_key/java_dl/jml-information-flow.key 
224037     INFO  main            d.u.i.k.p.i.AbstractProblemLoader Loading environment from /home/runner/work/key/key/key.core/../key.ui/examples/standard_key/java_dl/jml-information-flow.key 
224037     DEBUG main            d.u.i.k.p.i.AbstractProblemLoader Environment load took 51.5ns 
224043     INFO  main            d.u.i.k.p.i.AbstractProblemLoader Creating init config 
226573     DEBUG main            d.u.i.k.p.i.AbstractProblemLoader Init config took 2.53s 
226590     INFO  main            d.u.i.k.p.i.AbstractProblemLoader Replaying proof jml-information-flow.key 
226591     DEBUG main            d.u.i.k.p.i.IntermediateProofReplayer Proof replay took 6ns 
330318     INFO  main            d.u.i.k.p.r.p.TestFile    ... finished proof: closed. 
330836     INFO  main            d.u.i.k.p.i.AbstractProblemLoader Loading environment from /home/runner/work/key/key/key.core/../key.ui/examples/standard_key/java_dl/jml-information-flow.key.proof 
330836     DEBUG main            d.u.i.k.p.i.AbstractProblemLoader Environment load took 296.4ns 
330843     INFO  main            d.u.i.k.p.i.AbstractProblemLoader Creating init config 
333322     DEBUG main            d.u.i.k.p.i.AbstractProblemLoader Init config took 2.48s 
333341     INFO  main            d.u.i.k.p.i.AbstractProblemLoader Replaying proof jml-information-flow.key.proof 
336750     DEBUG main            d.u.i.k.p.i.IntermediateProofReplayer Proof replay took 3.3s 
336758     DEBUG main            d.u.i.k.p.r.p.TestFile    ... success: reloaded. 
336759     INFO  main            d.u.i.k.p.r.p.TestFile    Now processing file /home/runner/work/key/key/key.core/../key.ui/examples/standard_key/java_dl/jml-min/min-unprovable1.key 
336759     INFO  main            d.u.i.k.p.i.AbstractProblemLoader Loading environment from /home/runner/work/key/key/key.core/../key.ui/examples/standard_key/java_dl/jml-min/min-unprovable1.key 
336760     DEBUG main            d.u.i.k.p.i.AbstractProblemLoader Environment load took 144.8ns 
336760     INFO  main            d.u.i.k.p.i.AbstractProblemLoader Creating init config 
339279     DEBUG main            d.u.i.k.p.i.AbstractProblemLoader Init config took 2.52s 
339311     INFO  main            d.u.i.k.p.i.AbstractProblemLoader Replaying proof Min[Min::foo()].JML operation contract.0 
339313     DEBUG main            d.u.i.k.p.i.IntermediateProofReplayer Proof replay took 6.3ns 
339415     INFO  main            d.u.i.k.p.r.p.TestFile    ... finished proof: open goal(s) 
339883     INFO  main            d.u.i.k.p.r.p.TestFile    Now processing file /home/runner/work/key/key/key.core/../key.ui/examples/standard_key/java_dl/jml-min/min-unprovable2.key 
339883     INFO  main            d.u.i.k.p.i.AbstractProblemLoader Loading environment from /home/runner/work/key/key/key.core/../key.ui/examples/standard_key/java_dl/jml-min/min-unprovable2.key 
339883     DEBUG main            d.u.i.k.p.i.AbstractProblemLoader Environment load took 44.1ns 
339887     INFO  main            d.u.i.k.p.i.AbstractProblemLoader Creating init config 
342173     DEBUG main            d.u.i.k.p.i.AbstractProblemLoader Init config took 2.29s 
342204     INFO  main            d.u.i.k.p.i.AbstractProblemLoader Replaying proof Min[Min::foo2()].JML operation contract.0 
342206     DEBUG main            d.u.i.k.p.i.IntermediateProofReplayer Proof replay took 6.2ns 
342307     INFO  main            d.u.i.k.p.r.p.TestFile    ... finished proof: open goal(s) 
342654     INFO  main            d.u.i.k.p.r.p.TestFile    Now processing file /home/runner/work/key/key/key.core/../key.ui/examples/standard_key/java_dl/methodCall.key 
342654     INFO  main            d.u.i.k.p.i.AbstractProblemLoader Loading environment from /home/runner/work/key/key/key.core/../key.ui/examples/standard_key/java_dl/methodCall.key 
342654     DEBUG main            d.u.i.k.p.i.AbstractProblemLoader Environment load took 43.2ns 
342655     INFO  main            d.u.i.k.p.i.AbstractProblemLoader Creating init config 
344958     DEBUG main            d.u.i.k.p.i.AbstractProblemLoader Init config took 2.3s 
344971     INFO  main            d.u.i.k.p.i.AbstractProblemLoader Replaying proof methodCall.key 
344972     DEBUG main            d.u.i.k.p.i.IntermediateProofReplayer Proof replay took 5.7ns 
345073     INFO  main            d.u.i.k.p.r.p.TestFile    ... finished proof: closed. 
345421     INFO  main            d.u.i.k.p.i.AbstractProblemLoader Loading environment from /home/runner/work/key/key/key.core/../key.ui/examples/standard_key/java_dl/methodCall.key.proof 
345421     DEBUG main            d.u.i.k.p.i.AbstractProblemLoader Environment load took 72.3ns 
345422     INFO  main            d.u.i.k.p.i.AbstractProblemLoader Creating init config 
347788     DEBUG main            d.u.i.k.p.i.AbstractProblemLoader Init config took 2.37s 
347801     INFO  main            d.u.i.k.p.i.AbstractProblemLoader Replaying proof methodCall.key.proof 
347804     DEBUG main            d.u.i.k.p.i.IntermediateProofReplayer Proof replay took 1.6ms 
347804     DEBUG main            d.u.i.k.p.r.p.TestFile    ... success: reloaded. 
347805     INFO  main            d.u.i.k.p.r.p.TestFile    Now processing file /home/runner/work/key/key/key.core/../key.ui/examples/standard_key/java_dl/methodCall1.key 
347805     INFO  main            d.u.i.k.p.i.AbstractProblemLoader Loading environment from /home/runner/work/key/key/key.core/../key.ui/examples/standard_key/java_dl/methodCall1.key 
347805     DEBUG main            d.u.i.k.p.i.AbstractProblemLoader Environment load took 59.8ns 
347806     INFO  main            d.u.i.k.p.i.AbstractProblemLoader Creating init config 
350102     DEBUG main            d.u.i.k.p.i.AbstractProblemLoader Init config took 2.3s 
350115     INFO  main            d.u.i.k.p.i.AbstractProblemLoader Replaying proof methodCall1.key 
350116     DEBUG main            d.u.i.k.p.i.IntermediateProofReplayer Proof replay took 6.1ns 
350217     INFO  main            d.u.i.k.p.r.p.TestFile    ... finished proof: closed. 
350576     INFO  main            d.u.i.k.p.i.AbstractProblemLoader Loading environment from /home/runner/work/key/key/key.core/../key.ui/examples/standard_key/java_dl/methodCall1.key.proof 
350576     DEBUG main            d.u.i.k.p.i.AbstractProblemLoader Environment load took 75.4ns 
350577     INFO  main            d.u.i.k.p.i.AbstractProblemLoader Creating init config 
352857     DEBUG main            d.u.i.k.p.i.AbstractProblemLoader Init config took 2.28s 
352870     INFO  main            d.u.i.k.p.i.AbstractProblemLoader Replaying proof methodCall1.key.proof 
352882     DEBUG main            d.u.i.k.p.i.IntermediateProofReplayer Proof replay took 10.48ms 
352883     DEBUG main            d.u.i.k.p.r.p.TestFile    ... success: reloaded. 
352883     INFO  main            d.u.i.k.p.r.p.TestFile    Now processing file /home/runner/work/key/key/key.core/../key.ui/examples/standard_key/java_dl/methodCall1box.key 
352883     INFO  main            d.u.i.k.p.i.AbstractProblemLoader Loading environment from /home/runner/work/key/key/key.core/../key.ui/examples/standard_key/java_dl/methodCall1box.key 
352883     DEBUG main            d.u.i.k.p.i.AbstractProblemLoader Environment load took 65.9ns 
352884     INFO  main            d.u.i.k.p.i.AbstractProblemLoader Creating init config 
355180     DEBUG main            d.u.i.k.p.i.AbstractProblemLoader Init config took 2.3s 
355193     INFO  main            d.u.i.k.p.i.AbstractProblemLoader Replaying proof methodCall1box.key 
355194     DEBUG main            d.u.i.k.p.i.IntermediateProofReplayer Proof replay took 7.4ns 
355295     INFO  main            d.u.i.k.p.r.p.TestFile    ... finished proof: closed. 
355656     INFO  main            d.u.i.k.p.i.AbstractProblemLoader Loading environment from /home/runner/work/key/key/key.core/../key.ui/examples/standard_key/java_dl/methodCall1box.key.proof 
355656     DEBUG main            d.u.i.k.p.i.AbstractProblemLoader Environment load took 68.7ns 
355657     INFO  main            d.u.i.k.p.i.AbstractProblemLoader Creating init config 
357925     DEBUG main            d.u.i.k.p.i.AbstractProblemLoader Init config took 2.27s 
357938     INFO  main            d.u.i.k.p.i.AbstractProblemLoader Replaying proof methodCall1box.key.proof 
357950     DEBUG main            d.u.i.k.p.i.IntermediateProofReplayer Proof replay took 10.63ms 
357951     DEBUG main            d.u.i.k.p.r.p.TestFile    ... success: reloaded. 
357951     INFO  main            d.u.i.k.p.r.p.TestFile    Now processing file /home/runner/work/key/key/key.core/../key.ui/examples/standard_key/java_dl/methodCall3.key 
357951     INFO  main            d.u.i.k.p.i.AbstractProblemLoader Loading environment from /home/runner/work/key/key/key.core/../key.ui/examples/standard_key/java_dl/methodCall3.key 
357951     DEBUG main            d.u.i.k.p.i.AbstractProblemLoader Environment load took 39.4ns 
357952     INFO  main            d.u.i.k.p.i.AbstractProblemLoader Creating init config 
360256     DEBUG main            d.u.i.k.p.i.AbstractProblemLoader Init config took 2.3s 
360269     INFO  main            d.u.i.k.p.i.AbstractProblemLoader Replaying proof methodCall3.key 
360270     DEBUG main            d.u.i.k.p.i.IntermediateProofReplayer Proof replay took 6.3ns 
360371     INFO  main            d.u.i.k.p.r.p.TestFile    ... finished proof: closed. 
360744     INFO  main            d.u.i.k.p.i.AbstractProblemLoader Loading environment from /home/runner/work/key/key/key.core/../key.ui/examples/standard_key/java_dl/methodCall3.key.proof 
360744     DEBUG main            d.u.i.k.p.i.AbstractProblemLoader Environment load took 84.7ns 
360745     INFO  main            d.u.i.k.p.i.AbstractProblemLoader Creating init config 
363021     DEBUG main            d.u.i.k.p.i.AbstractProblemLoader Init config took 2.28s 
363034     INFO  main            d.u.i.k.p.i.AbstractProblemLoader Replaying proof methodCall3.key.proof 
363042     DEBUG main            d.u.i.k.p.i.IntermediateProofReplayer Proof replay took 7.08ms 
363043     DEBUG main            d.u.i.k.p.r.p.TestFile    ... success: reloaded. 
363044     INFO  main            d.u.i.k.p.r.p.TestFile    Now processing file /home/runner/work/key/key/key.core/../key.ui/examples/standard_key/java_dl/polishFlagSort.key 
363044     INFO  main            d.u.i.k.p.i.AbstractProblemLoader Loading environment from /home/runner/work/key/key/key.core/../key.ui/examples/standard_key/java_dl/polishFlagSort.key 
363044     DEBUG main            d.u.i.k.p.i.AbstractProblemLoader Environment load took 50.1ns 
363046     INFO  main            d.u.i.k.p.i.AbstractProblemLoader Creating init config 
365385     DEBUG main            d.u.i.k.p.i.AbstractProblemLoader Init config took 2.34s 
365399     INFO  main            d.u.i.k.p.i.AbstractProblemLoader Replaying proof polishFlagSort.key 
365400     DEBUG main            d.u.i.k.p.i.IntermediateProofReplayer Proof replay took 6ns 
367306     INFO  main            d.u.i.k.p.r.p.TestFile    ... finished proof: closed. 
367727     INFO  main            d.u.i.k.p.i.AbstractProblemLoader Loading environment from /home/runner/work/key/key/key.core/../key.ui/examples/standard_key/java_dl/polishFlagSort.key.proof 
367727     DEBUG main            d.u.i.k.p.i.AbstractProblemLoader Environment load took 282.9ns 
367729     INFO  main            d.u.i.k.p.i.AbstractProblemLoader Creating init config 
370032     DEBUG main            d.u.i.k.p.i.AbstractProblemLoader Init config took 2.3s 
370046     INFO  main            d.u.i.k.p.i.AbstractProblemLoader Replaying proof polishFlagSort.key.proof 
370377     DEBUG main            d.u.i.k.p.i.IntermediateProofReplayer Proof replay took 316.74ms 
370378     DEBUG main            d.u.i.k.p.r.p.TestFile    ... success: reloaded. 
370379     INFO  main            d.u.i.k.p.r.p.TestFile    Now processing file /home/runner/work/key/key/key.core/../key.ui/examples/standard_key/java_dl/postConditionTaclets1.key 
370379     INFO  main            d.u.i.k.p.i.AbstractProblemLoader Loading environment from /home/runner/work/key/key/key.core/../key.ui/examples/standard_key/java_dl/postConditionTaclets1.key 
370380     DEBUG main            d.u.i.k.p.i.AbstractProblemLoader Environment load took 139.9ns 
370380     INFO  main            d.u.i.k.p.i.AbstractProblemLoader Creating init config 
372647     DEBUG main            d.u.i.k.p.i.AbstractProblemLoader Init config took 2.27s 
372660     INFO  main            d.u.i.k.p.i.AbstractProblemLoader Replaying proof postConditionTaclets1.key 
372662     DEBUG main            d.u.i.k.p.i.IntermediateProofReplayer Proof replay took 6.1ns 
372763     INFO  main            d.u.i.k.p.r.p.TestFile    ... finished proof: closed. 
373187     INFO  main            d.u.i.k.p.i.AbstractProblemLoader Loading environment from /home/runner/work/key/key/key.core/../key.ui/examples/standard_key/java_dl/postConditionTaclets1.key.proof 
373187     DEBUG main            d.u.i.k.p.i.AbstractProblemLoader Environment load took 65.4ns 
373188     INFO  main            d.u.i.k.p.i.AbstractProblemLoader Creating init config 
375419     DEBUG main            d.u.i.k.p.i.AbstractProblemLoader Init config took 2.23s 
375434     INFO  main            d.u.i.k.p.i.AbstractProblemLoader Replaying proof postConditionTaclets1.key.proof 
375437     DEBUG main            d.u.i.k.p.i.IntermediateProofReplayer Proof replay took 375.3ns 
375437     DEBUG main            d.u.i.k.p.r.p.TestFile    ... success: reloaded. 
375438     INFO  main            d.u.i.k.p.r.p.TestFile    Now processing file /home/runner/work/key/key/key.core/../key.ui/examples/standard_key/java_dl/postConditionTaclets2.key 
375438     INFO  main            d.u.i.k.p.i.AbstractProblemLoader Loading environment from /home/runner/work/key/key/key.core/../key.ui/examples/standard_key/java_dl/postConditionTaclets2.key 
375438     DEBUG main            d.u.i.k.p.i.AbstractProblemLoader Environment load took 67.6ns 
375439     INFO  main            d.u.i.k.p.i.AbstractProblemLoader Creating init config 
377679     DEBUG main            d.u.i.k.p.i.AbstractProblemLoader Init config took 2.24s 
377692     INFO  main            d.u.i.k.p.i.AbstractProblemLoader Replaying proof postConditionTaclets2.key 
377693     DEBUG main            d.u.i.k.p.i.IntermediateProofReplayer Proof replay took 6.9ns 
377795     INFO  main            d.u.i.k.p.r.p.TestFile    ... finished proof: closed. 
378181     INFO  main            d.u.i.k.p.i.AbstractProblemLoader Loading environment from /home/runner/work/key/key/key.core/../key.ui/examples/standard_key/java_dl/postConditionTaclets2.key.proof 
378182     DEBUG main            d.u.i.k.p.i.AbstractProblemLoader Environment load took 66.9ns 
378182     INFO  main            d.u.i.k.p.i.AbstractProblemLoader Creating init config 
380391     DEBUG main            d.u.i.k.p.i.AbstractProblemLoader Init config took 2.21s 
380406     INFO  main            d.u.i.k.p.i.AbstractProblemLoader Replaying proof postConditionTaclets2.key.proof 
380408     DEBUG main            d.u.i.k.p.i.IntermediateProofReplayer Proof replay took 563ns 
380408     DEBUG main            d.u.i.k.p.r.p.TestFile    ... success: reloaded. 
380409     INFO  main            d.u.i.k.p.r.p.TestFile    Now processing file /home/runner/work/key/key/key.core/../key.ui/examples/standard_key/java_dl/quantifiedQuery.key 
380409     INFO  main            d.u.i.k.p.i.AbstractProblemLoader Loading environment from /home/runner/work/key/key/key.core/../key.ui/examples/standard_key/java_dl/quantifiedQuery.key 
380410     DEBUG main            d.u.i.k.p.i.AbstractProblemLoader Environment load took 131.8ns 
380411     INFO  main            d.u.i.k.p.i.AbstractProblemLoader Creating init config 
382721     DEBUG main            d.u.i.k.p.i.AbstractProblemLoader Init config took 2.31s 
382743     INFO  main            d.u.i.k.p.i.AbstractProblemLoader Replaying proof quantifiedQuery.key 
382745     DEBUG main            d.u.i.k.p.i.IntermediateProofReplayer Proof replay took 6.4ns 
382856     INFO  main            d.u.i.k.p.r.p.TestFile    ... finished proof: closed. 
383248     INFO  main            d.u.i.k.p.i.AbstractProblemLoader Loading environment from /home/runner/work/key/key/key.core/../key.ui/examples/standard_key/java_dl/quantifiedQuery.key.proof 
383248     DEBUG main            d.u.i.k.p.i.AbstractProblemLoader Environment load took 69.9ns 
383249     INFO  main            d.u.i.k.p.i.AbstractProblemLoader Creating init config 
385521     DEBUG main            d.u.i.k.p.i.AbstractProblemLoader Init config took 2.27s 
385534     INFO  main            d.u.i.k.p.i.AbstractProblemLoader Replaying proof quantifiedQuery.key.proof 
385545     DEBUG main            d.u.i.k.p.i.IntermediateProofReplayer Proof replay took 8.59ms 
385546     DEBUG main            d.u.i.k.p.r.p.TestFile    ... success: reloaded. 
385546     INFO  main            d.u.i.k.p.r.p.TestFile    Now processing file /home/runner/work/key/key/key.core/../key.ui/examples/standard_key/java_dl/recursion/triangular.key 
385547     INFO  main            d.u.i.k.p.i.AbstractProblemLoader Loading environment from /home/runner/work/key/key/key.core/../key.ui/examples/standard_key/java_dl/recursion/triangular.key 
385547     DEBUG main            d.u.i.k.p.i.AbstractProblemLoader Environment load took 78.9ns 
385547     INFO  main            d.u.i.k.p.i.AbstractProblemLoader Creating init config 
387837     DEBUG main            d.u.i.k.p.i.AbstractProblemLoader Init config took 2.29s 
387869     INFO  main            d.u.i.k.p.i.AbstractProblemLoader Replaying proof Triangular[Triangular::tria(int)].JML normal_behavior operation contract.0 
387870     DEBUG main            d.u.i.k.p.i.IntermediateProofReplayer Proof replay took 5.3ns 
388071     INFO  main            d.u.i.k.p.r.p.TestFile    ... finished proof: closed. 
388468     INFO  main            d.u.i.k.p.i.AbstractProblemLoader Loading environment from /home/runner/work/key/key/key.core/../key.ui/examples/standard_key/java_dl/recursion/triangular.key.proof 
388468     DEBUG main            d.u.i.k.p.i.AbstractProblemLoader Environment load took 71.9ns 
388468     INFO  main            d.u.i.k.p.i.AbstractProblemLoader Creating init config 
390720     DEBUG main            d.u.i.k.p.i.AbstractProblemLoader Init config took 2.25s 
390751     INFO  main            d.u.i.k.p.i.AbstractProblemLoader Replaying proof Triangular[Triangular::tria(int)].JML normal_behavior operation contract.0 
390779     DEBUG main            d.u.i.k.p.i.IntermediateProofReplayer Proof replay took 25.79ms 
390780     DEBUG main            d.u.i.k.p.r.p.TestFile    ... success: reloaded. 
390780     INFO  main            d.u.i.k.p.r.p.TestFile    Now processing file /home/runner/work/key/key/key.core/../key.ui/examples/standard_key/java_dl/reverseArray.key 
390780     INFO  main            d.u.i.k.p.i.AbstractProblemLoader Loading environment from /home/runner/work/key/key/key.core/../key.ui/examples/standard_key/java_dl/reverseArray.key 
390780     DEBUG main            d.u.i.k.p.i.AbstractProblemLoader Environment load took 60.8ns 
390782     INFO  main            d.u.i.k.p.i.AbstractProblemLoader Creating init config 
390799     WARN  main            d.u.i.k.j.r.KeYCrossReferenceNameInfo Datatype java.io.InputStream declared twice: Once in FILE:/home/runner/work/key/key/key.core/../key.ui/examples/standard_key/java_dl/./classpath/InputStream.java and once in URL:file:/home/runner/work/key/key/key.core/build/resources/main/de/uka/ilkd/key/java/JavaRedux/java/io/InputStream.java, Keeping one from URL:file:/home/runner/work/key/key/key.core/build/resources/main/de/uka/ilkd/key/java/JavaRedux/java/io/InputStream.java 
390800     WARN  main            d.u.i.k.j.r.KeYCrossReferenceNameInfo Datatype java.lang.System declared twice: Once in FILE:/home/runner/work/key/key/key.core/../key.ui/examples/standard_key/java_dl/./classpath/System.java and once in URL:file:/home/runner/work/key/key/key.core/build/resources/main/de/uka/ilkd/key/java/JavaRedux/java/lang/System.java, Keeping one from URL:file:/home/runner/work/key/key/key.core/build/resources/main/de/uka/ilkd/key/java/JavaRedux/java/lang/System.java 
390800     WARN  main            d.u.i.k.j.r.KeYCrossReferenceNameInfo Datatype java.io.PrintStream declared twice: Once in FILE:/home/runner/work/key/key/key.core/../key.ui/examples/standard_key/java_dl/./classpath/PrintStream.java and once in URL:file:/home/runner/work/key/key/key.core/build/resources/main/de/uka/ilkd/key/java/JavaRedux/java/io/PrintStream.java, Keeping one from URL:file:/home/runner/work/key/key/key.core/build/resources/main/de/uka/ilkd/key/java/JavaRedux/java/io/PrintStream.java 
390802     DEBUG main            d.u.i.k.j.r.ClassFileDeclarationBuilder Parsing: package java.io; public class Closeable { } 
390802     DEBUG main            r.s.KeYCrossReferenceSourceInfo Dynamically created class: java.io.Closeable 
393259     DEBUG main            d.u.i.k.p.i.AbstractProblemLoader Init config took 2.48s 
393274     INFO  main            d.u.i.k.p.i.AbstractProblemLoader Replaying proof reverseArray.key 
393275     DEBUG main            d.u.i.k.p.i.IntermediateProofReplayer Proof replay took 36.8ns 
397218     INFO  main            d.u.i.k.p.r.p.TestFile    ... finished proof: closed. 
397658     INFO  main            d.u.i.k.p.i.AbstractProblemLoader Loading environment from /home/runner/work/key/key/key.core/../key.ui/examples/standard_key/java_dl/reverseArray.key.proof 
397658     DEBUG main            d.u.i.k.p.i.AbstractProblemLoader Environment load took 280.5ns 
397660     INFO  main            d.u.i.k.p.i.AbstractProblemLoader Creating init config 
397678     WARN  main            d.u.i.k.j.r.KeYCrossReferenceNameInfo Datatype java.io.InputStream declared twice: Once in FILE:/home/runner/work/key/key/key.core/../key.ui/examples/standard_key/java_dl/classpath/InputStream.java and once in URL:file:/home/runner/work/key/key/key.core/build/resources/main/de/uka/ilkd/key/java/JavaRedux/java/io/InputStream.java, Keeping one from URL:file:/home/runner/work/key/key/key.core/build/resources/main/de/uka/ilkd/key/java/JavaRedux/java/io/InputStream.java 
397679     WARN  main            d.u.i.k.j.r.KeYCrossReferenceNameInfo Datatype java.lang.System declared twice: Once in FILE:/home/runner/work/key/key/key.core/../key.ui/examples/standard_key/java_dl/classpath/System.java and once in URL:file:/home/runner/work/key/key/key.core/build/resources/main/de/uka/ilkd/key/java/JavaRedux/java/lang/System.java, Keeping one from URL:file:/home/runner/work/key/key/key.core/build/resources/main/de/uka/ilkd/key/java/JavaRedux/java/lang/System.java 
397679     WARN  main            d.u.i.k.j.r.KeYCrossReferenceNameInfo Datatype java.io.PrintStream declared twice: Once in FILE:/home/runner/work/key/key/key.core/../key.ui/examples/standard_key/java_dl/classpath/PrintStream.java and once in URL:file:/home/runner/work/key/key/key.core/build/resources/main/de/uka/ilkd/key/java/JavaRedux/java/io/PrintStream.java, Keeping one from URL:file:/home/runner/work/key/key/key.core/build/resources/main/de/uka/ilkd/key/java/JavaRedux/java/io/PrintStream.java 
397681     DEBUG main            d.u.i.k.j.r.ClassFileDeclarationBuilder Parsing: package java.io; public class Closeable { } 
397682     DEBUG main            r.s.KeYCrossReferenceSourceInfo Dynamically created class: java.io.Closeable 
400003     DEBUG main            d.u.i.k.p.i.AbstractProblemLoader Init config took 2.34s 
400017     INFO  main            d.u.i.k.p.i.AbstractProblemLoader Replaying proof reverseArray.key.proof 
400638     DEBUG main            d.u.i.k.p.i.IntermediateProofReplayer Proof replay took 609.92ms 
400640     DEBUG main            d.u.i.k.p.r.p.TestFile    ... success: reloaded. 
400640     INFO  main            d.u.i.k.p.r.p.TestFile    Now processing file /home/runner/work/key/key/key.core/../key.ui/examples/standard_key/java_dl/reverseArray2.key 
400641     INFO  main            d.u.i.k.p.i.AbstractProblemLoader Loading environment from /home/runner/work/key/key/key.core/../key.ui/examples/standard_key/java_dl/reverseArray2.key 
400641     DEBUG main            d.u.i.k.p.i.AbstractProblemLoader Environment load took 51.6ns 
400642     INFO  main            d.u.i.k.p.i.AbstractProblemLoader Creating init config 
400660     WARN  main            d.u.i.k.j.r.KeYCrossReferenceNameInfo Datatype java.io.InputStream declared twice: Once in FILE:/home/runner/work/key/key/key.core/../key.ui/examples/standard_key/java_dl/classpath/InputStream.java and once in URL:file:/home/runner/work/key/key/key.core/build/resources/main/de/uka/ilkd/key/java/JavaRedux/java/io/InputStream.java, Keeping one from URL:file:/home/runner/work/key/key/key.core/build/resources/main/de/uka/ilkd/key/java/JavaRedux/java/io/InputStream.java 
400660     WARN  main            d.u.i.k.j.r.KeYCrossReferenceNameInfo Datatype java.lang.System declared twice: Once in FILE:/home/runner/work/key/key/key.core/../key.ui/examples/standard_key/java_dl/classpath/System.java and once in URL:file:/home/runner/work/key/key/key.core/build/resources/main/de/uka/ilkd/key/java/JavaRedux/java/lang/System.java, Keeping one from URL:file:/home/runner/work/key/key/key.core/build/resources/main/de/uka/ilkd/key/java/JavaRedux/java/lang/System.java 
400660     WARN  main            d.u.i.k.j.r.KeYCrossReferenceNameInfo Datatype java.io.PrintStream declared twice: Once in FILE:/home/runner/work/key/key/key.core/../key.ui/examples/standard_key/java_dl/classpath/PrintStream.java and once in URL:file:/home/runner/work/key/key/key.core/build/resources/main/de/uka/ilkd/key/java/JavaRedux/java/io/PrintStream.java, Keeping one from URL:file:/home/runner/work/key/key/key.core/build/resources/main/de/uka/ilkd/key/java/JavaRedux/java/io/PrintStream.java 
400663     DEBUG main            d.u.i.k.j.r.ClassFileDeclarationBuilder Parsing: package java.io; public class Closeable { } 
400663     DEBUG main            r.s.KeYCrossReferenceSourceInfo Dynamically created class: java.io.Closeable 
403036     DEBUG main            d.u.i.k.p.i.AbstractProblemLoader Init config took 2.39s 
403051     INFO  main            d.u.i.k.p.i.AbstractProblemLoader Replaying proof reverseArray2.key 
403052     DEBUG main            d.u.i.k.p.i.IntermediateProofReplayer Proof replay took 2.2ns 
404281     INFO  main            d.u.i.k.p.r.p.TestFile    ... finished proof: closed. 
404773     INFO  main            d.u.i.k.p.i.AbstractProblemLoader Loading environment from /home/runner/work/key/key/key.core/../key.ui/examples/standard_key/java_dl/reverseArray2.key.proof 
404773     DEBUG main            d.u.i.k.p.i.AbstractProblemLoader Environment load took 74.2ns 
404775     INFO  main            d.u.i.k.p.i.AbstractProblemLoader Creating init config 
404801     WARN  main            d.u.i.k.j.r.KeYCrossReferenceNameInfo Datatype java.io.InputStream declared twice: Once in FILE:/home/runner/work/key/key/key.core/../key.ui/examples/standard_key/java_dl/classpath/InputStream.java and once in URL:file:/home/runner/work/key/key/key.core/build/resources/main/de/uka/ilkd/key/java/JavaRedux/java/io/InputStream.java, Keeping one from URL:file:/home/runner/work/key/key/key.core/build/resources/main/de/uka/ilkd/key/java/JavaRedux/java/io/InputStream.java 
404801     WARN  main            d.u.i.k.j.r.KeYCrossReferenceNameInfo Datatype java.lang.System declared twice: Once in FILE:/home/runner/work/key/key/key.core/../key.ui/examples/standard_key/java_dl/classpath/System.java and once in URL:file:/home/runner/work/key/key/key.core/build/resources/main/de/uka/ilkd/key/java/JavaRedux/java/lang/System.java, Keeping one from URL:file:/home/runner/work/key/key/key.core/build/resources/main/de/uka/ilkd/key/java/JavaRedux/java/lang/System.java 
404801     WARN  main            d.u.i.k.j.r.KeYCrossReferenceNameInfo Datatype java.io.PrintStream declared twice: Once in FILE:/home/runner/work/key/key/key.core/../key.ui/examples/standard_key/java_dl/classpath/PrintStream.java and once in URL:file:/home/runner/work/key/key/key.core/build/resources/main/de/uka/ilkd/key/java/JavaRedux/java/io/PrintStream.java, Keeping one from URL:file:/home/runner/work/key/key/key.core/build/resources/main/de/uka/ilkd/key/java/JavaRedux/java/io/PrintStream.java 
404804     DEBUG main            d.u.i.k.j.r.ClassFileDeclarationBuilder Parsing: package java.io; public class Closeable { } 
404804     DEBUG main            r.s.KeYCrossReferenceSourceInfo Dynamically created class: java.io.Closeable 
407112     DEBUG main            d.u.i.k.p.i.AbstractProblemLoader Init config took 2.34s 
407126     INFO  main            d.u.i.k.p.i.AbstractProblemLoader Replaying proof reverseArray2.key.proof 
407333     DEBUG main            d.u.i.k.p.i.IntermediateProofReplayer Proof replay took 202.64ms 
407334     DEBUG main            d.u.i.k.p.r.p.TestFile    ... success: reloaded. 
407335     INFO  main            d.u.i.k.p.r.p.TestFile    Now processing file /home/runner/work/key/key/key.core/../key.ui/examples/standard_key/java_dl/simpleAssignment.key 
407336     INFO  main            d.u.i.k.p.i.AbstractProblemLoader Loading environment from /home/runner/work/key/key/key.core/../key.ui/examples/standard_key/java_dl/simpleAssignment.key 
407336     DEBUG main            d.u.i.k.p.i.AbstractProblemLoader Environment load took 157.5ns 
407337     INFO  main            d.u.i.k.p.i.AbstractProblemLoader Creating init config 
409600     DEBUG main            d.u.i.k.p.i.AbstractProblemLoader Init config took 2.26s 
409613     INFO  main            d.u.i.k.p.i.AbstractProblemLoader Replaying proof simpleAssignment.key 
409614     DEBUG main            d.u.i.k.p.i.IntermediateProofReplayer Proof replay took 2.2ns 
409716     INFO  main            d.u.i.k.p.r.p.TestFile    ... finished proof: closed. 
410155     INFO  main            d.u.i.k.p.i.AbstractProblemLoader Loading environment from /home/runner/work/key/key/key.core/../key.ui/examples/standard_key/java_dl/simpleAssignment.key.proof 
410156     DEBUG main            d.u.i.k.p.i.AbstractProblemLoader Environment load took 66.5ns 
410156     INFO  main            d.u.i.k.p.i.AbstractProblemLoader Creating init config 
412382     DEBUG main            d.u.i.k.p.i.AbstractProblemLoader Init config took 2.23s 
412395     INFO  main            d.u.i.k.p.i.AbstractProblemLoader Replaying proof simpleAssignment.key.proof 
412397     DEBUG main            d.u.i.k.p.i.IntermediateProofReplayer Proof replay took 724ns 
412398     DEBUG main            d.u.i.k.p.r.p.TestFile    ... success: reloaded. 
412398     INFO  main            d.u.i.k.p.r.p.TestFile    Now processing file /home/runner/work/key/key/key.core/../key.ui/examples/standard_key/java_dl/simpleAssignment2.key 
412398     INFO  main            d.u.i.k.p.i.AbstractProblemLoader Loading environment from /home/runner/work/key/key/key.core/../key.ui/examples/standard_key/java_dl/simpleAssignment2.key 
412398     DEBUG main            d.u.i.k.p.i.AbstractProblemLoader Environment load took 62.7ns 
412399     INFO  main            d.u.i.k.p.i.AbstractProblemLoader Creating init config 
414640     DEBUG main            d.u.i.k.p.i.AbstractProblemLoader Init config took 2.24s 
414652     INFO  main            d.u.i.k.p.i.AbstractProblemLoader Replaying proof simpleAssignment2.key 
414654     DEBUG main            d.u.i.k.p.i.IntermediateProofReplayer Proof replay took 2.3ns 
414756     INFO  main            d.u.i.k.p.r.p.TestFile    ... finished proof: closed. 
415168     INFO  main            d.u.i.k.p.i.AbstractProblemLoader Loading environment from /home/runner/work/key/key/key.core/../key.ui/examples/standard_key/java_dl/simpleAssignment2.key.proof 
415168     DEBUG main            d.u.i.k.p.i.AbstractProblemLoader Environment load took 67.1ns 
415169     INFO  main            d.u.i.k.p.i.AbstractProblemLoader Creating init config 
417397     DEBUG main            d.u.i.k.p.i.AbstractProblemLoader Init config took 2.23s 
417410     INFO  main            d.u.i.k.p.i.AbstractProblemLoader Replaying proof simpleAssignment2.key.proof 
417411     DEBUG main            d.u.i.k.p.i.IntermediateProofReplayer Proof replay took 349.1ns 
417412     DEBUG main            d.u.i.k.p.r.p.TestFile    ... success: reloaded. 
417412     INFO  main            d.u.i.k.p.r.p.TestFile    Now processing file /home/runner/work/key/key/key.core/../key.ui/examples/standard_key/java_dl/splittingWithQueries.key 
417412     INFO  main            d.u.i.k.p.i.AbstractProblemLoader Loading environment from /home/runner/work/key/key/key.core/../key.ui/examples/standard_key/java_dl/splittingWithQueries.key 
417412     DEBUG main            d.u.i.k.p.i.AbstractProblemLoader Environment load took 40.1ns 
417413     INFO  main            d.u.i.k.p.i.AbstractProblemLoader Creating init config 
419770     DEBUG main            d.u.i.k.p.i.AbstractProblemLoader Init config took 2.36s 
419782     INFO  main            d.u.i.k.p.i.AbstractProblemLoader Replaying proof splittingWithQueries.key 
419783     DEBUG main            d.u.i.k.p.i.IntermediateProofReplayer Proof replay took 2.3ns 
419885     INFO  main            d.u.i.k.p.r.p.TestFile    ... finished proof: closed. 
420303     INFO  main            d.u.i.k.p.i.AbstractProblemLoader Loading environment from /home/runner/work/key/key/key.core/../key.ui/examples/standard_key/java_dl/splittingWithQueries.key.proof 
420304     DEBUG main            d.u.i.k.p.i.AbstractProblemLoader Environment load took 67.5ns 
420304     INFO  main            d.u.i.k.p.i.AbstractProblemLoader Creating init config 
422585     DEBUG main            d.u.i.k.p.i.AbstractProblemLoader Init config took 2.28s 
422602     INFO  main            d.u.i.k.p.i.AbstractProblemLoader Replaying proof splittingWithQueries.key.proof 
422605     DEBUG main            d.u.i.k.p.i.IntermediateProofReplayer Proof replay took 1.51ms 
422607     DEBUG main            d.u.i.k.p.r.p.TestFile    ... success: reloaded. 
422610     INFO  main            d.u.i.k.p.r.p.TestFile    Now processing file /home/runner/work/key/key/key.core/../key.ui/examples/standard_key/java_dl/strassen/strassen.key 
422610     INFO  main            d.u.i.k.p.i.AbstractProblemLoader Loading environment from /home/runner/work/key/key/key.core/../key.ui/examples/standard_key/java_dl/strassen/strassen.key 
422611     DEBUG main            d.u.i.k.p.i.AbstractProblemLoader Environment load took 137.1ns 
422611     INFO  main            d.u.i.k.p.i.AbstractProblemLoader Creating init config 
425034     DEBUG main            d.u.i.k.p.i.AbstractProblemLoader Init config took 2.42s 
425068     INFO  main            d.u.i.k.p.i.AbstractProblemLoader Replaying proof Matrix22[Matrix22::strassen(Matrix22,Matrix22)].JML normal_behavior operation contract.0 
425069     DEBUG main            d.u.i.k.p.i.IntermediateProofReplayer Proof replay took 2.4ns 
429682     INFO  main            d.u.i.k.p.r.p.TestFile    ... finished proof: closed. 
430269     INFO  main            d.u.i.k.p.i.AbstractProblemLoader Loading environment from /home/runner/work/key/key/key.core/../key.ui/examples/standard_key/java_dl/strassen/strassen.key.proof 
430269     DEBUG main            d.u.i.k.p.i.AbstractProblemLoader Environment load took 282.5ns 
430270     INFO  main            d.u.i.k.p.i.AbstractProblemLoader Creating init config 
432685     DEBUG main            d.u.i.k.p.i.AbstractProblemLoader Init config took 2.41s 
432729     INFO  main            d.u.i.k.p.i.AbstractProblemLoader Replaying proof Matrix22[Matrix22::strassen(Matrix22,Matrix22)].JML normal_behavior operation contract.0 
433378     DEBUG main            d.u.i.k.p.i.IntermediateProofReplayer Proof replay took 639.01ms 
433379     DEBUG main            d.u.i.k.p.r.p.TestFile    ... success: reloaded. 
433380     INFO  main            d.u.i.k.p.r.p.TestFile    Now processing file /home/runner/work/key/key/key.core/../key.ui/examples/standard_key/java_dl/symmArray.key 
433380     INFO  main            d.u.i.k.p.i.AbstractProblemLoader Loading environment from /home/runner/work/key/key/key.core/../key.ui/examples/standard_key/java_dl/symmArray.key 
433380     DEBUG main            d.u.i.k.p.i.AbstractProblemLoader Environment load took 40.6ns 
433383     INFO  main            d.u.i.k.p.i.AbstractProblemLoader Creating init config 
435791     DEBUG main            d.u.i.k.p.i.AbstractProblemLoader Init config took 2.41s 
435805     INFO  main            d.u.i.k.p.i.AbstractProblemLoader Replaying proof symmArray.key 
435806     DEBUG main            d.u.i.k.p.i.IntermediateProofReplayer Proof replay took 2.3ns 
514109     INFO  main            d.u.i.k.p.r.p.TestFile    ... finished proof: closed. 
514654     INFO  main            d.u.i.k.p.i.AbstractProblemLoader Loading environment from /home/runner/work/key/key/key.core/../key.ui/examples/standard_key/java_dl/symmArray.key.proof 
514654     DEBUG main            d.u.i.k.p.i.AbstractProblemLoader Environment load took 127.1ns 
514659     INFO  main            d.u.i.k.p.i.AbstractProblemLoader Creating init config 
516999     DEBUG main            d.u.i.k.p.i.AbstractProblemLoader Init config took 2.34s 
517014     INFO  main            d.u.i.k.p.i.AbstractProblemLoader Replaying proof symmArray.key.proof 
518055     DEBUG main            d.u.i.k.p.i.IntermediateProofReplayer Proof replay took 989.43ms 
518060     DEBUG main            d.u.i.k.p.r.p.TestFile    ... success: reloaded. 
518060     INFO  main            d.u.i.k.p.r.p.TestFile    Now processing file /home/runner/work/key/key/key.core/../key.ui/examples/standard_key/java_dl/testcontext.key 
518061     INFO  main            d.u.i.k.p.i.AbstractProblemLoader Loading environment from /home/runner/work/key/key/key.core/../key.ui/examples/standard_key/java_dl/testcontext.key 
518061     DEBUG main            d.u.i.k.p.i.AbstractProblemLoader Environment load took 42.9ns 
518061     INFO  main            d.u.i.k.p.i.AbstractProblemLoader Creating init config 
518079     WARN  main            d.u.i.k.j.r.KeYCrossReferenceNameInfo Datatype java.io.InputStream declared twice: Once in FILE:/home/runner/work/key/key/key.core/../key.ui/examples/standard_key/java_dl/classpath/InputStream.java and once in URL:file:/home/runner/work/key/key/key.core/build/resources/main/de/uka/ilkd/key/java/JavaRedux/java/io/InputStream.java, Keeping one from URL:file:/home/runner/work/key/key/key.core/build/resources/main/de/uka/ilkd/key/java/JavaRedux/java/io/InputStream.java 
518079     WARN  main            d.u.i.k.j.r.KeYCrossReferenceNameInfo Datatype java.lang.System declared twice: Once in FILE:/home/runner/work/key/key/key.core/../key.ui/examples/standard_key/java_dl/classpath/System.java and once in URL:file:/home/runner/work/key/key/key.core/build/resources/main/de/uka/ilkd/key/java/JavaRedux/java/lang/System.java, Keeping one from URL:file:/home/runner/work/key/key/key.core/build/resources/main/de/uka/ilkd/key/java/JavaRedux/java/lang/System.java 
518079     WARN  main            d.u.i.k.j.r.KeYCrossReferenceNameInfo Datatype java.io.PrintStream declared twice: Once in FILE:/home/runner/work/key/key/key.core/../key.ui/examples/standard_key/java_dl/classpath/PrintStream.java and once in URL:file:/home/runner/work/key/key/key.core/build/resources/main/de/uka/ilkd/key/java/JavaRedux/java/io/PrintStream.java, Keeping one from URL:file:/home/runner/work/key/key/key.core/build/resources/main/de/uka/ilkd/key/java/JavaRedux/java/io/PrintStream.java 
518082     DEBUG main            d.u.i.k.j.r.ClassFileDeclarationBuilder Parsing: package java.io; public class Closeable { } 
518082     DEBUG main            r.s.KeYCrossReferenceSourceInfo Dynamically created class: java.io.Closeable 
520380     DEBUG main            d.u.i.k.p.i.AbstractProblemLoader Init config took 2.32s 
520394     INFO  main            d.u.i.k.p.i.AbstractProblemLoader Replaying proof testcontext.key 
520395     DEBUG main            d.u.i.k.p.i.IntermediateProofReplayer Proof replay took 2.4ns 
520598     INFO  main            d.u.i.k.p.r.p.TestFile    ... finished proof: closed. 
521159     INFO  main            d.u.i.k.p.i.AbstractProblemLoader Loading environment from /home/runner/work/key/key/key.core/../key.ui/examples/standard_key/java_dl/testcontext.key.proof 
521159     DEBUG main            d.u.i.k.p.i.AbstractProblemLoader Environment load took 73.5ns 
521160     INFO  main            d.u.i.k.p.i.AbstractProblemLoader Creating init config 
521181     WARN  main            d.u.i.k.j.r.KeYCrossReferenceNameInfo Datatype java.io.InputStream declared twice: Once in FILE:/home/runner/work/key/key/key.core/../key.ui/examples/standard_key/java_dl/classpath/InputStream.java and once in URL:file:/home/runner/work/key/key/key.core/build/resources/main/de/uka/ilkd/key/java/JavaRedux/java/io/InputStream.java, Keeping one from URL:file:/home/runner/work/key/key/key.core/build/resources/main/de/uka/ilkd/key/java/JavaRedux/java/io/InputStream.java 
521182     WARN  main            d.u.i.k.j.r.KeYCrossReferenceNameInfo Datatype java.lang.System declared twice: Once in FILE:/home/runner/work/key/key/key.core/../key.ui/examples/standard_key/java_dl/classpath/System.java and once in URL:file:/home/runner/work/key/key/key.core/build/resources/main/de/uka/ilkd/key/java/JavaRedux/java/lang/System.java, Keeping one from URL:file:/home/runner/work/key/key/key.core/build/resources/main/de/uka/ilkd/key/java/JavaRedux/java/lang/System.java 
521182     WARN  main            d.u.i.k.j.r.KeYCrossReferenceNameInfo Datatype java.io.PrintStream declared twice: Once in FILE:/home/runner/work/key/key/key.core/../key.ui/examples/standard_key/java_dl/classpath/PrintStream.java and once in URL:file:/home/runner/work/key/key/key.core/build/resources/main/de/uka/ilkd/key/java/JavaRedux/java/io/PrintStream.java, Keeping one from URL:file:/home/runner/work/key/key/key.core/build/resources/main/de/uka/ilkd/key/java/JavaRedux/java/io/PrintStream.java 
521185     DEBUG main            d.u.i.k.j.r.ClassFileDeclarationBuilder Parsing: package java.io; public class Closeable { } 
521185     DEBUG main            r.s.KeYCrossReferenceSourceInfo Dynamically created class: java.io.Closeable 
523438     DEBUG main            d.u.i.k.p.i.AbstractProblemLoader Init config took 2.28s 
523451     INFO  main            d.u.i.k.p.i.AbstractProblemLoader Replaying proof testcontext.key.proof 
523499     DEBUG main            d.u.i.k.p.i.IntermediateProofReplayer Proof replay took 46.05ms 
523501     DEBUG main            d.u.i.k.p.r.p.TestFile    ... success: reloaded. 
523501     INFO  main            d.u.i.k.p.r.p.TestFile    Now processing file /home/runner/work/key/key/key.core/../key.ui/examples/standard_key/staticInitialisation/cascadeStaticInitialisation.key 
523501     INFO  main            d.u.i.k.p.i.AbstractProblemLoader Loading environment from /home/runner/work/key/key/key.core/../key.ui/examples/standard_key/staticInitialisation/cascadeStaticInitialisation.key 
523501     DEBUG main            d.u.i.k.p.i.AbstractProblemLoader Environment load took 39.5ns 
523504     INFO  main            d.u.i.k.p.i.AbstractProblemLoader Creating init config 
523522     WARN  main            d.u.i.k.j.r.KeYCrossReferenceNameInfo Datatype java.lang.System declared twice: Once in FILE:/home/runner/work/key/key/key.core/../key.ui/examples/standard_key/staticInitialisation/classpath/System.java and once in URL:file:/home/runner/work/key/key/key.core/build/resources/main/de/uka/ilkd/key/java/JavaRedux/java/lang/System.java, Keeping one from URL:file:/home/runner/work/key/key/key.core/build/resources/main/de/uka/ilkd/key/java/JavaRedux/java/lang/System.java 
523522     WARN  main            d.u.i.k.j.r.KeYCrossReferenceNameInfo Datatype java.io.PrintStream declared twice: Once in FILE:/home/runner/work/key/key/key.core/../key.ui/examples/standard_key/staticInitialisation/classpath/PrintStream.java and once in URL:file:/home/runner/work/key/key/key.core/build/resources/main/de/uka/ilkd/key/java/JavaRedux/java/io/PrintStream.java, Keeping one from URL:file:/home/runner/work/key/key/key.core/build/resources/main/de/uka/ilkd/key/java/JavaRedux/java/io/PrintStream.java 
525926     DEBUG main            d.u.i.k.p.i.AbstractProblemLoader Init config took 2.42s 
525956     INFO  main            d.u.i.k.p.i.AbstractProblemLoader Replaying proof cascadeStaticInitialisation.key 
525957     DEBUG main            d.u.i.k.p.i.IntermediateProofReplayer Proof replay took 3ns 
526562     INFO  main            d.u.i.k.p.r.p.TestFile    ... finished proof: closed. 
527056     INFO  main            d.u.i.k.p.i.AbstractProblemLoader Loading environment from /home/runner/work/key/key/key.core/../key.ui/examples/standard_key/staticInitialisation/cascadeStaticInitialisation.key.proof 
527056     DEBUG main            d.u.i.k.p.i.AbstractProblemLoader Environment load took 76.3ns 
527057     INFO  main            d.u.i.k.p.i.AbstractProblemLoader Creating init config 
527076     WARN  main            d.u.i.k.j.r.KeYCrossReferenceNameInfo Datatype java.lang.System declared twice: Once in FILE:/home/runner/work/key/key/key.core/../key.ui/examples/standard_key/staticInitialisation/classpath/System.java and once in URL:file:/home/runner/work/key/key/key.core/build/resources/main/de/uka/ilkd/key/java/JavaRedux/java/lang/System.java, Keeping one from URL:file:/home/runner/work/key/key/key.core/build/resources/main/de/uka/ilkd/key/java/JavaRedux/java/lang/System.java 
527076     WARN  main            d.u.i.k.j.r.KeYCrossReferenceNameInfo Datatype java.io.PrintStream declared twice: Once in FILE:/home/runner/work/key/key/key.core/../key.ui/examples/standard_key/staticInitialisation/classpath/PrintStream.java and once in URL:file:/home/runner/work/key/key/key.core/build/resources/main/de/uka/ilkd/key/java/JavaRedux/java/io/PrintStream.java, Keeping one from URL:file:/home/runner/work/key/key/key.core/build/resources/main/de/uka/ilkd/key/java/JavaRedux/java/io/PrintStream.java 
529321     DEBUG main            d.u.i.k.p.i.AbstractProblemLoader Init config took 2.26s 
529334     INFO  main            d.u.i.k.p.i.AbstractProblemLoader Replaying proof cascadeStaticInitialisation.key.proof 
529463     DEBUG main            d.u.i.k.p.i.IntermediateProofReplayer Proof replay took 126.88ms 
529464     DEBUG main            d.u.i.k.p.r.p.TestFile    ... success: reloaded. 
529465     INFO  main            d.u.i.k.p.r.p.TestFile    Now processing file /home/runner/work/key/key/key.core/../key.ui/examples/standard_key/staticInitialisation/erroneousClassImpliesErroneousSubclass.key 
529465     INFO  main            d.u.i.k.p.i.AbstractProblemLoader Loading environment from /home/runner/work/key/key/key.core/../key.ui/examples/standard_key/staticInitialisation/erroneousClassImpliesErroneousSubclass.key 
529465     DEBUG main            d.u.i.k.p.i.AbstractProblemLoader Environment load took 61ns 
529466     INFO  main            d.u.i.k.p.i.AbstractProblemLoader Creating init config 
529483     WARN  main            d.u.i.k.j.r.KeYCrossReferenceNameInfo Datatype java.lang.System declared twice: Once in FILE:/home/runner/work/key/key/key.core/../key.ui/examples/standard_key/staticInitialisation/classpath/System.java and once in URL:file:/home/runner/work/key/key/key.core/build/resources/main/de/uka/ilkd/key/java/JavaRedux/java/lang/System.java, Keeping one from URL:file:/home/runner/work/key/key/key.core/build/resources/main/de/uka/ilkd/key/java/JavaRedux/java/lang/System.java 
529483     WARN  main            d.u.i.k.j.r.KeYCrossReferenceNameInfo Datatype java.io.PrintStream declared twice: Once in FILE:/home/runner/work/key/key/key.core/../key.ui/examples/standard_key/staticInitialisation/classpath/PrintStream.java and once in URL:file:/home/runner/work/key/key/key.core/build/resources/main/de/uka/ilkd/key/java/JavaRedux/java/io/PrintStream.java, Keeping one from URL:file:/home/runner/work/key/key/key.core/build/resources/main/de/uka/ilkd/key/java/JavaRedux/java/io/PrintStream.java 
531766     DEBUG main            d.u.i.k.p.i.AbstractProblemLoader Init config took 2.3s 
531778     INFO  main            d.u.i.k.p.i.AbstractProblemLoader Replaying proof erroneousClassImpliesErroneousSubclass.key 
531779     DEBUG main            d.u.i.k.p.i.IntermediateProofReplayer Proof replay took 2.6ns 
531880     INFO  main            d.u.i.k.p.r.p.TestFile    ... finished proof: closed. 
532354     INFO  main            d.u.i.k.p.i.AbstractProblemLoader Loading environment from /home/runner/work/key/key/key.core/../key.ui/examples/standard_key/staticInitialisation/erroneousClassImpliesErroneousSubclass.key.proof 
532354     DEBUG main            d.u.i.k.p.i.AbstractProblemLoader Environment load took 77.7ns 
532354     INFO  main            d.u.i.k.p.i.AbstractProblemLoader Creating init config 
532375     WARN  main            d.u.i.k.j.r.KeYCrossReferenceNameInfo Datatype java.lang.System declared twice: Once in FILE:/home/runner/work/key/key/key.core/../key.ui/examples/standard_key/staticInitialisation/classpath/System.java and once in URL:file:/home/runner/work/key/key/key.core/build/resources/main/de/uka/ilkd/key/java/JavaRedux/java/lang/System.java, Keeping one from URL:file:/home/runner/work/key/key/key.core/build/resources/main/de/uka/ilkd/key/java/JavaRedux/java/lang/System.java 
532375     WARN  main            d.u.i.k.j.r.KeYCrossReferenceNameInfo Datatype java.io.PrintStream declared twice: Once in FILE:/home/runner/work/key/key/key.core/../key.ui/examples/standard_key/staticInitialisation/classpath/PrintStream.java and once in URL:file:/home/runner/work/key/key/key.core/build/resources/main/de/uka/ilkd/key/java/JavaRedux/java/io/PrintStream.java, Keeping one from URL:file:/home/runner/work/key/key/key.core/build/resources/main/de/uka/ilkd/key/java/JavaRedux/java/io/PrintStream.java 
534689     DEBUG main            d.u.i.k.p.i.AbstractProblemLoader Init config took 2.33s 
534701     INFO  main            d.u.i.k.p.i.AbstractProblemLoader Replaying proof erroneousClassImpliesErroneousSubclass.key.proof 
534702     DEBUG main            d.u.i.k.p.i.IntermediateProofReplayer Proof replay took 430.7ns 
534703     DEBUG main            d.u.i.k.p.r.p.TestFile    ... success: reloaded. 
534704     INFO  main            d.u.i.k.p.r.p.TestFile    Now processing file /home/runner/work/key/key/key.core/../key.ui/examples/standard_key/staticInitialisation/initializedSubclassImpliesInitializedSuperclass.key 
534704     INFO  main            d.u.i.k.p.i.AbstractProblemLoader Loading environment from /home/runner/work/key/key/key.core/../key.ui/examples/standard_key/staticInitialisation/initializedSubclassImpliesInitializedSuperclass.key 
534704     DEBUG main            d.u.i.k.p.i.AbstractProblemLoader Environment load took 51.7ns 
534705     INFO  main            d.u.i.k.p.i.AbstractProblemLoader Creating init config 
534721     WARN  main            d.u.i.k.j.r.KeYCrossReferenceNameInfo Datatype java.lang.System declared twice: Once in FILE:/home/runner/work/key/key/key.core/../key.ui/examples/standard_key/staticInitialisation/classpath/System.java and once in URL:file:/home/runner/work/key/key/key.core/build/resources/main/de/uka/ilkd/key/java/JavaRedux/java/lang/System.java, Keeping one from URL:file:/home/runner/work/key/key/key.core/build/resources/main/de/uka/ilkd/key/java/JavaRedux/java/lang/System.java 
534721     WARN  main            d.u.i.k.j.r.KeYCrossReferenceNameInfo Datatype java.io.PrintStream declared twice: Once in FILE:/home/runner/work/key/key/key.core/../key.ui/examples/standard_key/staticInitialisation/classpath/PrintStream.java and once in URL:file:/home/runner/work/key/key/key.core/build/resources/main/de/uka/ilkd/key/java/JavaRedux/java/io/PrintStream.java, Keeping one from URL:file:/home/runner/work/key/key/key.core/build/resources/main/de/uka/ilkd/key/java/JavaRedux/java/io/PrintStream.java 
536989     DEBUG main            d.u.i.k.p.i.AbstractProblemLoader Init config took 2.28s 
537001     INFO  main            d.u.i.k.p.i.AbstractProblemLoader Replaying proof initializedSubclassImpliesInitializedSuperclass.key 
537002     DEBUG main            d.u.i.k.p.i.IntermediateProofReplayer Proof replay took 3ns 
537103     INFO  main            d.u.i.k.p.r.p.TestFile    ... finished proof: closed. 
537565     INFO  main            d.u.i.k.p.i.AbstractProblemLoader Loading environment from /home/runner/work/key/key/key.core/../key.ui/examples/standard_key/staticInitialisation/initializedSubclassImpliesInitializedSuperclass.key.proof 
537565     DEBUG main            d.u.i.k.p.i.AbstractProblemLoader Environment load took 67.8ns 
537566     INFO  main            d.u.i.k.p.i.AbstractProblemLoader Creating init config 
537586     WARN  main            d.u.i.k.j.r.KeYCrossReferenceNameInfo Datatype java.lang.System declared twice: Once in FILE:/home/runner/work/key/key/key.core/../key.ui/examples/standard_key/staticInitialisation/classpath/System.java and once in URL:file:/home/runner/work/key/key/key.core/build/resources/main/de/uka/ilkd/key/java/JavaRedux/java/lang/System.java, Keeping one from URL:file:/home/runner/work/key/key/key.core/build/resources/main/de/uka/ilkd/key/java/JavaRedux/java/lang/System.java 
537587     WARN  main            d.u.i.k.j.r.KeYCrossReferenceNameInfo Datatype java.io.PrintStream declared twice: Once in FILE:/home/runner/work/key/key/key.core/../key.ui/examples/standard_key/staticInitialisation/classpath/PrintStream.java and once in URL:file:/home/runner/work/key/key/key.core/build/resources/main/de/uka/ilkd/key/java/JavaRedux/java/io/PrintStream.java, Keeping one from URL:file:/home/runner/work/key/key/key.core/build/resources/main/de/uka/ilkd/key/java/JavaRedux/java/io/PrintStream.java 
539833     DEBUG main            d.u.i.k.p.i.AbstractProblemLoader Init config took 2.27s 
539845     INFO  main            d.u.i.k.p.i.AbstractProblemLoader Replaying proof initializedSubclassImpliesInitializedSuperclass.key.proof 
539846     DEBUG main            d.u.i.k.p.i.IntermediateProofReplayer Proof replay took 352.7ns 
539847     DEBUG main            d.u.i.k.p.r.p.TestFile    ... success: reloaded. 
539848     INFO  main            d.u.i.k.p.r.p.TestFile    Now processing file /home/runner/work/key/key/key.core/../key.ui/examples/standard_key/staticInitialisation/localDeclared.key 
539848     INFO  main            d.u.i.k.p.i.AbstractProblemLoader Loading environment from /home/runner/work/key/key/key.core/../key.ui/examples/standard_key/staticInitialisation/localDeclared.key 
539848     DEBUG main            d.u.i.k.p.i.AbstractProblemLoader Environment load took 49.6ns 
539849     INFO  main            d.u.i.k.p.i.AbstractProblemLoader Creating init config 
539866     WARN  main            d.u.i.k.j.r.KeYCrossReferenceNameInfo Datatype java.lang.System declared twice: Once in FILE:/home/runner/work/key/key/key.core/../key.ui/examples/standard_key/staticInitialisation/classpath/System.java and once in URL:file:/home/runner/work/key/key/key.core/build/resources/main/de/uka/ilkd/key/java/JavaRedux/java/lang/System.java, Keeping one from URL:file:/home/runner/work/key/key/key.core/build/resources/main/de/uka/ilkd/key/java/JavaRedux/java/lang/System.java 
539866     WARN  main            d.u.i.k.j.r.KeYCrossReferenceNameInfo Datatype java.io.PrintStream declared twice: Once in FILE:/home/runner/work/key/key/key.core/../key.ui/examples/standard_key/staticInitialisation/classpath/PrintStream.java and once in URL:file:/home/runner/work/key/key/key.core/build/resources/main/de/uka/ilkd/key/java/JavaRedux/java/io/PrintStream.java, Keeping one from URL:file:/home/runner/work/key/key/key.core/build/resources/main/de/uka/ilkd/key/java/JavaRedux/java/io/PrintStream.java 
542139     DEBUG main            d.u.i.k.p.i.AbstractProblemLoader Init config took 2.29s 
542152     INFO  main            d.u.i.k.p.i.AbstractProblemLoader Replaying proof localDeclared.key 
542153     DEBUG main            d.u.i.k.p.i.IntermediateProofReplayer Proof replay took 2.8ns 
542456     INFO  main            d.u.i.k.p.r.p.TestFile    ... finished proof: closed. 
542928     INFO  main            d.u.i.k.p.i.AbstractProblemLoader Loading environment from /home/runner/work/key/key/key.core/../key.ui/examples/standard_key/staticInitialisation/localDeclared.key.proof 
542928     DEBUG main            d.u.i.k.p.i.AbstractProblemLoader Environment load took 71.7ns 
542929     INFO  main            d.u.i.k.p.i.AbstractProblemLoader Creating init config 
542946     WARN  main            d.u.i.k.j.r.KeYCrossReferenceNameInfo Datatype java.lang.System declared twice: Once in FILE:/home/runner/work/key/key/key.core/../key.ui/examples/standard_key/staticInitialisation/classpath/System.java and once in URL:file:/home/runner/work/key/key/key.core/build/resources/main/de/uka/ilkd/key/java/JavaRedux/java/lang/System.java, Keeping one from URL:file:/home/runner/work/key/key/key.core/build/resources/main/de/uka/ilkd/key/java/JavaRedux/java/lang/System.java 
542946     WARN  main            d.u.i.k.j.r.KeYCrossReferenceNameInfo Datatype java.io.PrintStream declared twice: Once in FILE:/home/runner/work/key/key/key.core/../key.ui/examples/standard_key/staticInitialisation/classpath/PrintStream.java and once in URL:file:/home/runner/work/key/key/key.core/build/resources/main/de/uka/ilkd/key/java/JavaRedux/java/io/PrintStream.java, Keeping one from URL:file:/home/runner/work/key/key/key.core/build/resources/main/de/uka/ilkd/key/java/JavaRedux/java/io/PrintStream.java 
545189     DEBUG main            d.u.i.k.p.i.AbstractProblemLoader Init config took 2.26s 
545202     INFO  main            d.u.i.k.p.i.AbstractProblemLoader Replaying proof localDeclared.key.proof 
545252     DEBUG main            d.u.i.k.p.i.IntermediateProofReplayer Proof replay took 48.13ms 
545253     DEBUG main            d.u.i.k.p.r.p.TestFile    ... success: reloaded. 
545254     INFO  main            d.u.i.k.p.r.p.TestFile    Now processing file /home/runner/work/key/key/key.core/../key.ui/examples/standard_key/staticInitialisation/localDeclaredMethod.key 
545254     INFO  main            d.u.i.k.p.i.AbstractProblemLoader Loading environment from /home/runner/work/key/key/key.core/../key.ui/examples/standard_key/staticInitialisation/localDeclaredMethod.key 
545254     DEBUG main            d.u.i.k.p.i.AbstractProblemLoader Environment load took 86.7ns 
545255     INFO  main            d.u.i.k.p.i.AbstractProblemLoader Creating init config 
545272     WARN  main            d.u.i.k.j.r.KeYCrossReferenceNameInfo Datatype java.lang.System declared twice: Once in FILE:/home/runner/work/key/key/key.core/../key.ui/examples/standard_key/staticInitialisation/classpath/System.java and once in URL:file:/home/runner/work/key/key/key.core/build/resources/main/de/uka/ilkd/key/java/JavaRedux/java/lang/System.java, Keeping one from URL:file:/home/runner/work/key/key/key.core/build/resources/main/de/uka/ilkd/key/java/JavaRedux/java/lang/System.java 
545272     WARN  main            d.u.i.k.j.r.KeYCrossReferenceNameInfo Datatype java.io.PrintStream declared twice: Once in FILE:/home/runner/work/key/key/key.core/../key.ui/examples/standard_key/staticInitialisation/classpath/PrintStream.java and once in URL:file:/home/runner/work/key/key/key.core/build/resources/main/de/uka/ilkd/key/java/JavaRedux/java/io/PrintStream.java, Keeping one from URL:file:/home/runner/work/key/key/key.core/build/resources/main/de/uka/ilkd/key/java/JavaRedux/java/io/PrintStream.java 
547535     DEBUG main            d.u.i.k.p.i.AbstractProblemLoader Init config took 2.28s 
547548     INFO  main            d.u.i.k.p.i.AbstractProblemLoader Replaying proof localDeclaredMethod.key 
547548     DEBUG main            d.u.i.k.p.i.IntermediateProofReplayer Proof replay took 2.5ns 
547751     INFO  main            d.u.i.k.p.r.p.TestFile    ... finished proof: closed. 
548242     INFO  main            d.u.i.k.p.i.AbstractProblemLoader Loading environment from /home/runner/work/key/key/key.core/../key.ui/examples/standard_key/staticInitialisation/localDeclaredMethod.key.proof 
548243     DEBUG main            d.u.i.k.p.i.AbstractProblemLoader Environment load took 76ns 
548244     INFO  main            d.u.i.k.p.i.AbstractProblemLoader Creating init config 
548262     WARN  main            d.u.i.k.j.r.KeYCrossReferenceNameInfo Datatype java.lang.System declared twice: Once in FILE:/home/runner/work/key/key/key.core/../key.ui/examples/standard_key/staticInitialisation/classpath/System.java and once in URL:file:/home/runner/work/key/key/key.core/build/resources/main/de/uka/ilkd/key/java/JavaRedux/java/lang/System.java, Keeping one from URL:file:/home/runner/work/key/key/key.core/build/resources/main/de/uka/ilkd/key/java/JavaRedux/java/lang/System.java 
548263     WARN  main            d.u.i.k.j.r.KeYCrossReferenceNameInfo Datatype java.io.PrintStream declared twice: Once in FILE:/home/runner/work/key/key/key.core/../key.ui/examples/standard_key/staticInitialisation/classpath/PrintStream.java and once in URL:file:/home/runner/work/key/key/key.core/build/resources/main/de/uka/ilkd/key/java/JavaRedux/java/io/PrintStream.java, Keeping one from URL:file:/home/runner/work/key/key/key.core/build/resources/main/de/uka/ilkd/key/java/JavaRedux/java/io/PrintStream.java 
550504     DEBUG main            d.u.i.k.p.i.AbstractProblemLoader Init config took 2.26s 
550517     INFO  main            d.u.i.k.p.i.AbstractProblemLoader Replaying proof localDeclaredMethod.key.proof 
550563     DEBUG main            d.u.i.k.p.i.IntermediateProofReplayer Proof replay took 44.25ms 
550564     DEBUG main            d.u.i.k.p.r.p.TestFile    ... success: reloaded. 
550564     INFO  main            d.u.i.k.p.r.p.TestFile    Now processing file /home/runner/work/key/key/key.core/../key.ui/examples/standard_key/staticInitialisation/objectOfErroneousClass.key 
550565     INFO  main            d.u.i.k.p.i.AbstractProblemLoader Loading environment from /home/runner/work/key/key/key.core/../key.ui/examples/standard_key/staticInitialisation/objectOfErroneousClass.key 
550565     DEBUG main            d.u.i.k.p.i.AbstractProblemLoader Environment load took 76.1ns 
550566     INFO  main            d.u.i.k.p.i.AbstractProblemLoader Creating init config 
550582     WARN  main            d.u.i.k.j.r.KeYCrossReferenceNameInfo Datatype java.lang.System declared twice: Once in FILE:/home/runner/work/key/key/key.core/../key.ui/examples/standard_key/staticInitialisation/classpath/System.java and once in URL:file:/home/runner/work/key/key/key.core/build/resources/main/de/uka/ilkd/key/java/JavaRedux/java/lang/System.java, Keeping one from URL:file:/home/runner/work/key/key/key.core/build/resources/main/de/uka/ilkd/key/java/JavaRedux/java/lang/System.java 
550582     WARN  main            d.u.i.k.j.r.KeYCrossReferenceNameInfo Datatype java.io.PrintStream declared twice: Once in FILE:/home/runner/work/key/key/key.core/../key.ui/examples/standard_key/staticInitialisation/classpath/PrintStream.java and once in URL:file:/home/runner/work/key/key/key.core/build/resources/main/de/uka/ilkd/key/java/JavaRedux/java/io/PrintStream.java, Keeping one from URL:file:/home/runner/work/key/key/key.core/build/resources/main/de/uka/ilkd/key/java/JavaRedux/java/io/PrintStream.java 
552848     DEBUG main            d.u.i.k.p.i.AbstractProblemLoader Init config took 2.28s 
552862     INFO  main            d.u.i.k.p.i.AbstractProblemLoader Replaying proof objectOfErroneousClass.key 
552864     DEBUG main            d.u.i.k.p.i.IntermediateProofReplayer Proof replay took 2.3ns 
564183     INFO  main            d.u.i.k.p.r.p.TestFile    ... finished proof: closed. 
564734     INFO  main            d.u.i.k.p.i.AbstractProblemLoader Loading environment from /home/runner/work/key/key/key.core/../key.ui/examples/standard_key/staticInitialisation/objectOfErroneousClass.key.proof 
564734     DEBUG main            d.u.i.k.p.i.AbstractProblemLoader Environment load took 77.1ns 
564737     INFO  main            d.u.i.k.p.i.AbstractProblemLoader Creating init config 
564754     WARN  main            d.u.i.k.j.r.KeYCrossReferenceNameInfo Datatype java.lang.System declared twice: Once in FILE:/home/runner/work/key/key/key.core/../key.ui/examples/standard_key/staticInitialisation/classpath/System.java and once in URL:file:/home/runner/work/key/key/key.core/build/resources/main/de/uka/ilkd/key/java/JavaRedux/java/lang/System.java, Keeping one from URL:file:/home/runner/work/key/key/key.core/build/resources/main/de/uka/ilkd/key/java/JavaRedux/java/lang/System.java 
564754     WARN  main            d.u.i.k.j.r.KeYCrossReferenceNameInfo Datatype java.io.PrintStream declared twice: Once in FILE:/home/runner/work/key/key/key.core/../key.ui/examples/standard_key/staticInitialisation/classpath/PrintStream.java and once in URL:file:/home/runner/work/key/key/key.core/build/resources/main/de/uka/ilkd/key/java/JavaRedux/java/io/PrintStream.java, Keeping one from URL:file:/home/runner/work/key/key/key.core/build/resources/main/de/uka/ilkd/key/java/JavaRedux/java/io/PrintStream.java 
567002     DEBUG main            d.u.i.k.p.i.AbstractProblemLoader Init config took 2.26s 
567015     INFO  main            d.u.i.k.p.i.AbstractProblemLoader Replaying proof objectOfErroneousClass.key.proof 
568943     DEBUG main            d.u.i.k.p.i.IntermediateProofReplayer Proof replay took 1.9s 
568946     DEBUG main            d.u.i.k.p.r.p.TestFile    ... success: reloaded. 
568947     INFO  main            d.u.i.k.p.r.p.TestFile    Now processing file /home/runner/work/key/key/key.core/../key.ui/examples/standard_key/staticInitialisation/staticInitialisersAreNonSimple.key 
568947     INFO  main            d.u.i.k.p.i.AbstractProblemLoader Loading environment from /home/runner/work/key/key/key.core/../key.ui/examples/standard_key/staticInitialisation/staticInitialisersAreNonSimple.key 
568947     DEBUG main            d.u.i.k.p.i.AbstractProblemLoader Environment load took 140.5ns 
568949     INFO  main            d.u.i.k.p.i.AbstractProblemLoader Creating init config 
568966     WARN  main            d.u.i.k.j.r.KeYCrossReferenceNameInfo Datatype java.lang.System declared twice: Once in FILE:/home/runner/work/key/key/key.core/../key.ui/examples/standard_key/staticInitialisation/classpath/System.java and once in URL:file:/home/runner/work/key/key/key.core/build/resources/main/de/uka/ilkd/key/java/JavaRedux/java/lang/System.java, Keeping one from URL:file:/home/runner/work/key/key/key.core/build/resources/main/de/uka/ilkd/key/java/JavaRedux/java/lang/System.java 
568966     WARN  main            d.u.i.k.j.r.KeYCrossReferenceNameInfo Datatype java.io.PrintStream declared twice: Once in FILE:/home/runner/work/key/key/key.core/../key.ui/examples/standard_key/staticInitialisation/classpath/PrintStream.java and once in URL:file:/home/runner/work/key/key/key.core/build/resources/main/de/uka/ilkd/key/java/JavaRedux/java/io/PrintStream.java, Keeping one from URL:file:/home/runner/work/key/key/key.core/build/resources/main/de/uka/ilkd/key/java/JavaRedux/java/io/PrintStream.java 
571367     DEBUG main            d.u.i.k.p.i.AbstractProblemLoader Init config took 2.42s 
571380     INFO  main            d.u.i.k.p.i.AbstractProblemLoader Replaying proof staticInitialisersAreNonSimple.key 
571381     DEBUG main            d.u.i.k.p.i.IntermediateProofReplayer Proof replay took 2.7ns 
571685     INFO  main            d.u.i.k.p.r.p.TestFile    ... finished proof: closed. 
572256     INFO  main            d.u.i.k.p.i.AbstractProblemLoader Loading environment from /home/runner/work/key/key/key.core/../key.ui/examples/standard_key/staticInitialisation/staticInitialisersAreNonSimple.key.proof 
572256     DEBUG main            d.u.i.k.p.i.AbstractProblemLoader Environment load took 72.7ns 
572258     INFO  main            d.u.i.k.p.i.AbstractProblemLoader Creating init config 
572275     WARN  main            d.u.i.k.j.r.KeYCrossReferenceNameInfo Datatype java.lang.System declared twice: Once in FILE:/home/runner/work/key/key/key.core/../key.ui/examples/standard_key/staticInitialisation/classpath/System.java and once in URL:file:/home/runner/work/key/key/key.core/build/resources/main/de/uka/ilkd/key/java/JavaRedux/java/lang/System.java, Keeping one from URL:file:/home/runner/work/key/key/key.core/build/resources/main/de/uka/ilkd/key/java/JavaRedux/java/lang/System.java 
572275     WARN  main            d.u.i.k.j.r.KeYCrossReferenceNameInfo Datatype java.io.PrintStream declared twice: Once in FILE:/home/runner/work/key/key/key.core/../key.ui/examples/standard_key/staticInitialisation/classpath/PrintStream.java and once in URL:file:/home/runner/work/key/key/key.core/build/resources/main/de/uka/ilkd/key/java/JavaRedux/java/io/PrintStream.java, Keeping one from URL:file:/home/runner/work/key/key/key.core/build/resources/main/de/uka/ilkd/key/java/JavaRedux/java/io/PrintStream.java 
574589     DEBUG main            d.u.i.k.p.i.AbstractProblemLoader Init config took 2.33s 
574602     INFO  main            d.u.i.k.p.i.AbstractProblemLoader Replaying proof staticInitialisersAreNonSimple.key.proof 
574669     DEBUG main            d.u.i.k.p.i.IntermediateProofReplayer Proof replay took 65.2ms 
574671     DEBUG main            d.u.i.k.p.r.p.TestFile    ... success: reloaded. 
574671     INFO  main            d.u.i.k.p.r.p.TestFile    Now processing file /home/runner/work/key/key/key.core/../key.ui/examples/standard_key/types/disjoint.key 
574672     INFO  main            d.u.i.k.p.i.AbstractProblemLoader Loading environment from /home/runner/work/key/key/key.core/../key.ui/examples/standard_key/types/disjoint.key 
574672     DEBUG main            d.u.i.k.p.i.AbstractProblemLoader Environment load took 38.3ns 
574672     INFO  main            d.u.i.k.p.i.AbstractProblemLoader Creating init config 
576903     DEBUG main            d.u.i.k.p.i.AbstractProblemLoader Init config took 2.23s 
576915     INFO  main            d.u.i.k.p.i.AbstractProblemLoader Replaying proof disjoint.key 
576915     DEBUG main            d.u.i.k.p.i.IntermediateProofReplayer Proof replay took 2.4ns 
577017     INFO  main            d.u.i.k.p.r.p.TestFile    ... finished proof: closed. 
577514     INFO  main            d.u.i.k.p.i.AbstractProblemLoader Loading environment from /home/runner/work/key/key/key.core/../key.ui/examples/standard_key/types/disjoint.key.proof 
577515     DEBUG main            d.u.i.k.p.i.AbstractProblemLoader Environment load took 69.5ns 
577515     INFO  main            d.u.i.k.p.i.AbstractProblemLoader Creating init config 
579709     DEBUG main            d.u.i.k.p.i.AbstractProblemLoader Init config took 2.19s 
579720     INFO  main            d.u.i.k.p.i.AbstractProblemLoader Replaying proof disjoint.key.proof 
579722     DEBUG main            d.u.i.k.p.i.IntermediateProofReplayer Proof replay took 409.6ns 
579722     DEBUG main            d.u.i.k.p.r.p.TestFile    ... success: reloaded. 
579723     INFO  main            d.u.i.k.p.r.p.TestFile    Now processing file /home/runner/work/key/key/key.core/../key.ui/examples/../../key.core/src/test/resources/testcase/classpath/classpath.key 
579723     INFO  main            d.u.i.k.p.i.AbstractProblemLoader Loading environment from /home/runner/work/key/key/key.core/../key.ui/examples/../../key.core/src/test/resources/testcase/classpath/classpath.key 
579723     DEBUG main            d.u.i.k.p.i.AbstractProblemLoader Environment load took 104.5ns 
579724     INFO  main            d.u.i.k.p.i.AbstractProblemLoader Creating init config 
579749     WARN  main            d.u.i.k.j.r.KeYCrossReferenceNameInfo Datatype cp.C declared twice: Once in FILE:/home/runner/work/key/key/key.core/../key.ui/examples/../../key.core/src/test/resources/testcase/classpath/classpath/C.class and once in FILE:/home/runner/work/key/key/key.core/../key.ui/examples/../../key.core/src/test/resources/testcase/classpath/classpath/C.jml, Keeping one from FILE:/home/runner/work/key/key/key.core/../key.ui/examples/../../key.core/src/test/resources/testcase/classpath/classpath/C.jml 
579753     DEBUG main            d.u.i.k.j.r.ClassFileDeclarationBuilder Parsing: package cp; public class Unresolved1 { } 
579753     DEBUG main            r.s.KeYCrossReferenceSourceInfo Dynamically created class: cp.Unresolved1 
579753     DEBUG main            d.u.i.k.j.r.ClassFileDeclarationBuilder Parsing: package cp; public class Unresolved2 { } 
579753     DEBUG main            r.s.KeYCrossReferenceSourceInfo Dynamically created class: cp.Unresolved2 
582137     DEBUG main            d.u.i.k.p.i.AbstractProblemLoader Init config took 2.41s 
582151     INFO  main            d.u.i.k.p.i.AbstractProblemLoader Replaying proof classpath.key 
582152     DEBUG main            d.u.i.k.p.i.IntermediateProofReplayer Proof replay took 2.9ns 
582256     INFO  main            d.u.i.k.p.r.p.TestFile    ... finished proof: closed. 
582763     INFO  main            d.u.i.k.p.i.AbstractProblemLoader Loading environment from /home/runner/work/key/key/key.core/../key.ui/examples/../../key.core/src/test/resources/testcase/classpath/classpath.key.proof 
582763     DEBUG main            d.u.i.k.p.i.AbstractProblemLoader Environment load took 69.9ns 
582764     INFO  main            d.u.i.k.p.i.AbstractProblemLoader Creating init config 
582808     WARN  main            d.u.i.k.j.r.KeYCrossReferenceNameInfo Datatype cp.C declared twice: Once in FILE:/home/runner/work/key/key/key.core/../key.ui/examples/../../key.core/src/test/resources/testcase/classpath/classpath/C.class and once in FILE:/home/runner/work/key/key/key.core/../key.ui/examples/../../key.core/src/test/resources/testcase/classpath/classpath/C.jml, Keeping one from FILE:/home/runner/work/key/key/key.core/../key.ui/examples/../../key.core/src/test/resources/testcase/classpath/classpath/C.jml 
582811     DEBUG main            d.u.i.k.j.r.ClassFileDeclarationBuilder Parsing: package cp; public class Unresolved1 { } 
582811     DEBUG main            r.s.KeYCrossReferenceSourceInfo Dynamically created class: cp.Unresolved1 
582812     DEBUG main            d.u.i.k.j.r.ClassFileDeclarationBuilder Parsing: package cp; public class Unresolved2 { } 
582812     DEBUG main            r.s.KeYCrossReferenceSourceInfo Dynamically created class: cp.Unresolved2 
585131     DEBUG main            d.u.i.k.p.i.AbstractProblemLoader Init config took 2.37s 
585145     INFO  main            d.u.i.k.p.i.AbstractProblemLoader Replaying proof classpath.key.proof 
585147     DEBUG main            d.u.i.k.p.i.IntermediateProofReplayer Proof replay took 462ns 
585148     DEBUG main            d.u.i.k.p.r.p.TestFile    ... success: reloaded. 
585148     INFO  main            d.u.i.k.p.r.p.TestFile    Now processing file /home/runner/work/key/key/key.core/../key.ui/examples/heap/inconsistent_represents/MyClass_m.key 
585149     INFO  main            d.u.i.k.p.i.AbstractProblemLoader Loading environment from /home/runner/work/key/key/key.core/../key.ui/examples/heap/inconsistent_represents/MyClass_m.key 
585149     DEBUG main            d.u.i.k.p.i.AbstractProblemLoader Environment load took 131.7ns 
585149     INFO  main            d.u.i.k.p.i.AbstractProblemLoader Creating init config 
587482     DEBUG main            d.u.i.k.p.i.AbstractProblemLoader Init config took 2.33s 
587519     INFO  main            d.u.i.k.p.i.AbstractProblemLoader Replaying proof MyClass[MyClass::m()].JML operation contract.0 
587520     DEBUG main            d.u.i.k.p.i.IntermediateProofReplayer Proof replay took 2.1ns 
587622     INFO  main            d.u.i.k.p.r.p.TestFile    ... finished proof: open goal(s) 
588120     INFO  main            d.u.i.k.p.r.p.TestFile    Now processing file /home/runner/work/key/key/key.core/../key.ui/examples/heap/inconsistent_represents/MyClass_n.key 
588120     INFO  main            d.u.i.k.p.i.AbstractProblemLoader Loading environment from /home/runner/work/key/key/key.core/../key.ui/examples/heap/inconsistent_represents/MyClass_n.key 
588120     DEBUG main            d.u.i.k.p.i.AbstractProblemLoader Environment load took 61.8ns 
588121     INFO  main            d.u.i.k.p.i.AbstractProblemLoader Creating init config 
590419     DEBUG main            d.u.i.k.p.i.AbstractProblemLoader Init config took 2.3s 
590451     INFO  main            d.u.i.k.p.i.AbstractProblemLoader Replaying proof MyClass[MyClass::n()].JML operation contract.0 
590452     DEBUG main            d.u.i.k.p.i.IntermediateProofReplayer Proof replay took 2.3ns 
590554     INFO  main            d.u.i.k.p.r.p.TestFile    ... finished proof: open goal(s) 
3390056    INFO  Test worker     d.u.i.k.p.r.RunAllProofsTestUnit Returning from test javadl 
3390057    INFO  Test worker     d.u.i.k.p.r.RunAllProofsTestUnit Running test FOL 
362        INFO  Timeout watchdog d.u.i.k.p.r.p.ForkedTestFileRunner Timeout watcher launched (2000 secs.) 
370        WARN  main            d.u.i.k.s.ProofSettings   The settings in /home/runner/.key/proof-settings.props are *not* read. 
407        INFO  main            d.u.i.k.p.r.p.TestFile    Now processing file /home/runner/work/key/key/key.core/../key.ui/examples/standard_key/pred_log/count.key 
533        INFO  main            d.u.i.k.p.i.AbstractProblemLoader Loading environment from /home/runner/work/key/key/key.core/../key.ui/examples/standard_key/pred_log/count.key 
549        DEBUG main            d.u.i.k.p.i.AbstractProblemLoader Environment load took 2.04ms 
774        INFO  main            d.u.i.k.p.i.AbstractProblemLoader Creating init config 
1502       DEBUG main            d.u.i.k.j.TypeConverter   No LDT found for Meta 
1503       DEBUG main            d.u.i.k.j.TypeConverter   No LDT found for Meta 
1504       DEBUG main            d.u.i.k.j.TypeConverter   No LDT found for Meta 
1505       DEBUG main            d.u.i.k.j.TypeConverter   No LDT found for Meta 
2892       DEBUG main            d.u.i.k.j.TypeConverter   No LDT found for JavaBigintExpression 
7162       DEBUG main            d.u.i.k.p.i.AbstractProblemLoader Init config took 6.39s 
7217       INFO  main            d.u.i.k.p.i.AbstractProblemLoader Replaying proof count.key 
7247       DEBUG main            d.u.i.k.p.i.IntermediateProofReplayer Proof replay took 32.8ns 
7413       INFO  main            d.u.i.k.p.r.p.TestFile    ... finished proof: closed. 
7504       INFO  main            d.u.i.k.p.i.AbstractProblemLoader Loading environment from /home/runner/work/key/key/key.core/../key.ui/examples/standard_key/pred_log/count.key.proof 
7505       DEBUG main            d.u.i.k.p.i.AbstractProblemLoader Environment load took 387.5ns 
7508       INFO  main            d.u.i.k.p.i.AbstractProblemLoader Creating init config 
9949       DEBUG main            d.u.i.k.p.i.AbstractProblemLoader Init config took 2.44s 
9979       INFO  main            d.u.i.k.p.i.AbstractProblemLoader Replaying proof count.key.proof 
9990       DEBUG main            d.u.i.k.p.i.IntermediateProofReplayer Proof replay took 7.17ms 
9999       DEBUG main            d.u.i.k.p.r.p.TestFile    ... success: reloaded. 
10000      INFO  main            d.u.i.k.p.r.p.TestFile    Now processing file /home/runner/work/key/key/key.core/../key.ui/examples/standard_key/pred_log/count2.key 
10001      INFO  main            d.u.i.k.p.i.AbstractProblemLoader Loading environment from /home/runner/work/key/key/key.core/../key.ui/examples/standard_key/pred_log/count2.key 
10001      DEBUG main            d.u.i.k.p.i.AbstractProblemLoader Environment load took 188ns 
10003      INFO  main            d.u.i.k.p.i.AbstractProblemLoader Creating init config 
12429      DEBUG main            d.u.i.k.p.i.AbstractProblemLoader Init config took 2.43s 
12458      INFO  main            d.u.i.k.p.i.AbstractProblemLoader Replaying proof count2.key 
12460      DEBUG main            d.u.i.k.p.i.IntermediateProofReplayer Proof replay took 6.1ns 
12562      INFO  main            d.u.i.k.p.r.p.TestFile    ... finished proof: closed. 
12683      INFO  main            d.u.i.k.p.i.AbstractProblemLoader Loading environment from /home/runner/work/key/key/key.core/../key.ui/examples/standard_key/pred_log/count2.key.proof 
12683      DEBUG main            d.u.i.k.p.i.AbstractProblemLoader Environment load took 134.6ns 
12685      INFO  main            d.u.i.k.p.i.AbstractProblemLoader Creating init config 
15043      DEBUG main            d.u.i.k.p.i.AbstractProblemLoader Init config took 2.36s 
15065      INFO  main            d.u.i.k.p.i.AbstractProblemLoader Replaying proof count2.key.proof 
15071      DEBUG main            d.u.i.k.p.i.IntermediateProofReplayer Proof replay took 3.92ms 
15072      DEBUG main            d.u.i.k.p.r.p.TestFile    ... success: reloaded. 
15073      INFO  main            d.u.i.k.p.r.p.TestFile    Now processing file /home/runner/work/key/key/key.core/../key.ui/examples/standard_key/pred_log/count3.key 
15073      INFO  main            d.u.i.k.p.i.AbstractProblemLoader Loading environment from /home/runner/work/key/key/key.core/../key.ui/examples/standard_key/pred_log/count3.key 
15073      DEBUG main            d.u.i.k.p.i.AbstractProblemLoader Environment load took 160.1ns 
15074      INFO  main            d.u.i.k.p.i.AbstractProblemLoader Creating init config 
17385      DEBUG main            d.u.i.k.p.i.AbstractProblemLoader Init config took 2.31s 
17409      INFO  main            d.u.i.k.p.i.AbstractProblemLoader Replaying proof count3.key 
17411      DEBUG main            d.u.i.k.p.i.IntermediateProofReplayer Proof replay took 6.5ns 
17513      INFO  main            d.u.i.k.p.r.p.TestFile    ... finished proof: closed. 
17631      INFO  main            d.u.i.k.p.i.AbstractProblemLoader Loading environment from /home/runner/work/key/key/key.core/../key.ui/examples/standard_key/pred_log/count3.key.proof 
17631      DEBUG main            d.u.i.k.p.i.AbstractProblemLoader Environment load took 112.9ns 
17632      INFO  main            d.u.i.k.p.i.AbstractProblemLoader Creating init config 
19928      DEBUG main            d.u.i.k.p.i.AbstractProblemLoader Init config took 2.3s 
19946      INFO  main            d.u.i.k.p.i.AbstractProblemLoader Replaying proof count3.key.proof 
19951      DEBUG main            d.u.i.k.p.i.IntermediateProofReplayer Proof replay took 2.97ms 
19952      DEBUG main            d.u.i.k.p.r.p.TestFile    ... success: reloaded. 
19952      INFO  main            d.u.i.k.p.r.p.TestFile    Now processing file /home/runner/work/key/key/key.core/../key.ui/examples/standard_key/pred_log/equalities.key 
19953      INFO  main            d.u.i.k.p.i.AbstractProblemLoader Loading environment from /home/runner/work/key/key/key.core/../key.ui/examples/standard_key/pred_log/equalities.key 
19953      DEBUG main            d.u.i.k.p.i.AbstractProblemLoader Environment load took 84.3ns 
19954      INFO  main            d.u.i.k.p.i.AbstractProblemLoader Creating init config 
22223      DEBUG main            d.u.i.k.p.i.AbstractProblemLoader Init config took 2.27s 
22247      INFO  main            d.u.i.k.p.i.AbstractProblemLoader Replaying proof equalities.key 
22249      DEBUG main            d.u.i.k.p.i.IntermediateProofReplayer Proof replay took 7.9ns 
22351      INFO  main            d.u.i.k.p.r.p.TestFile    ... finished proof: closed. 
22471      INFO  main            d.u.i.k.p.i.AbstractProblemLoader Loading environment from /home/runner/work/key/key/key.core/../key.ui/examples/standard_key/pred_log/equalities.key.proof 
22471      DEBUG main            d.u.i.k.p.i.AbstractProblemLoader Environment load took 120.5ns 
22472      INFO  main            d.u.i.k.p.i.AbstractProblemLoader Creating init config 
24762      DEBUG main            d.u.i.k.p.i.AbstractProblemLoader Init config took 2.29s 
24780      INFO  main            d.u.i.k.p.i.AbstractProblemLoader Replaying proof equalities.key.proof 
24784      DEBUG main            d.u.i.k.p.i.IntermediateProofReplayer Proof replay took 1.63ms 
24785      DEBUG main            d.u.i.k.p.r.p.TestFile    ... success: reloaded. 
24785      INFO  main            d.u.i.k.p.r.p.TestFile    Now processing file /home/runner/work/key/key/key.core/../key.ui/examples/standard_key/pred_log/equalities2.key 
24785      INFO  main            d.u.i.k.p.i.AbstractProblemLoader Loading environment from /home/runner/work/key/key/key.core/../key.ui/examples/standard_key/pred_log/equalities2.key 
24786      DEBUG main            d.u.i.k.p.i.AbstractProblemLoader Environment load took 114.5ns 
24787      INFO  main            d.u.i.k.p.i.AbstractProblemLoader Creating init config 
27055      DEBUG main            d.u.i.k.p.i.AbstractProblemLoader Init config took 2.27s 
27075      INFO  main            d.u.i.k.p.i.AbstractProblemLoader Replaying proof equalities2.key 
27076      DEBUG main            d.u.i.k.p.i.IntermediateProofReplayer Proof replay took 7.1ns 
27178      INFO  main            d.u.i.k.p.r.p.TestFile    ... finished proof: closed. 
27320      INFO  main            d.u.i.k.p.i.AbstractProblemLoader Loading environment from /home/runner/work/key/key/key.core/../key.ui/examples/standard_key/pred_log/equalities2.key.proof 
27320      DEBUG main            d.u.i.k.p.i.AbstractProblemLoader Environment load took 106.7ns 
27321      INFO  main            d.u.i.k.p.i.AbstractProblemLoader Creating init config 
29557      DEBUG main            d.u.i.k.p.i.AbstractProblemLoader Init config took 2.24s 
29577      INFO  main            d.u.i.k.p.i.AbstractProblemLoader Replaying proof equalities2.key.proof 
29583      DEBUG main            d.u.i.k.p.i.IntermediateProofReplayer Proof replay took 4.08ms 
29584      DEBUG main            d.u.i.k.p.r.p.TestFile    ... success: reloaded. 
29584      INFO  main            d.u.i.k.p.r.p.TestFile    Now processing file /home/runner/work/key/key/key.core/../key.ui/examples/standard_key/pred_log/equalities3.key 
29585      INFO  main            d.u.i.k.p.i.AbstractProblemLoader Loading environment from /home/runner/work/key/key/key.core/../key.ui/examples/standard_key/pred_log/equalities3.key 
29585      DEBUG main            d.u.i.k.p.i.AbstractProblemLoader Environment load took 157.2ns 
29586      INFO  main            d.u.i.k.p.i.AbstractProblemLoader Creating init config 
31825      DEBUG main            d.u.i.k.p.i.AbstractProblemLoader Init config took 2.24s 
31841      INFO  main            d.u.i.k.p.i.AbstractProblemLoader Replaying proof equalities3.key 
31842      DEBUG main            d.u.i.k.p.i.IntermediateProofReplayer Proof replay took 6.5ns 
31944      INFO  main            d.u.i.k.p.r.p.TestFile    ... finished proof: closed. 
32079      INFO  main            d.u.i.k.p.i.AbstractProblemLoader Loading environment from /home/runner/work/key/key/key.core/../key.ui/examples/standard_key/pred_log/equalities3.key.proof 
32079      DEBUG main            d.u.i.k.p.i.AbstractProblemLoader Environment load took 104.7ns 
32080      INFO  main            d.u.i.k.p.i.AbstractProblemLoader Creating init config 
34327      DEBUG main            d.u.i.k.p.i.AbstractProblemLoader Init config took 2.25s 
34342      INFO  main            d.u.i.k.p.i.AbstractProblemLoader Replaying proof equalities3.key.proof 
34351      DEBUG main            d.u.i.k.p.i.IntermediateProofReplayer Proof replay took 6.61ms 
34352      DEBUG main            d.u.i.k.p.r.p.TestFile    ... success: reloaded. 
34352      INFO  main            d.u.i.k.p.r.p.TestFile    Now processing file /home/runner/work/key/key/key.core/../key.ui/examples/standard_key/pred_log/functions.key 
34353      INFO  main            d.u.i.k.p.i.AbstractProblemLoader Loading environment from /home/runner/work/key/key/key.core/../key.ui/examples/standard_key/pred_log/functions.key 
34353      DEBUG main            d.u.i.k.p.i.AbstractProblemLoader Environment load took 154.7ns 
34354      INFO  main            d.u.i.k.p.i.AbstractProblemLoader Creating init config 
36591      DEBUG main            d.u.i.k.p.i.AbstractProblemLoader Init config took 2.24s 
36607      INFO  main            d.u.i.k.p.i.AbstractProblemLoader Replaying proof functions.key 
36609      DEBUG main            d.u.i.k.p.i.IntermediateProofReplayer Proof replay took 6.3ns 
36711      INFO  main            d.u.i.k.p.r.p.TestFile    ... finished proof: closed. 
36898      INFO  main            d.u.i.k.p.i.AbstractProblemLoader Loading environment from /home/runner/work/key/key/key.core/../key.ui/examples/standard_key/pred_log/functions.key.proof 
36898      DEBUG main            d.u.i.k.p.i.AbstractProblemLoader Environment load took 104.7ns 
36899      INFO  main            d.u.i.k.p.i.AbstractProblemLoader Creating init config 
39132      DEBUG main            d.u.i.k.p.i.AbstractProblemLoader Init config took 2.23s 
39148      INFO  main            d.u.i.k.p.i.AbstractProblemLoader Replaying proof functions.key.proof 
39152      DEBUG main            d.u.i.k.p.i.IntermediateProofReplayer Proof replay took 2.49ms 
39153      DEBUG main            d.u.i.k.p.r.p.TestFile    ... success: reloaded. 
39153      INFO  main            d.u.i.k.p.r.p.TestFile    Now processing file /home/runner/work/key/key/key.core/../key.ui/examples/standard_key/pred_log/mv1.key 
39153      INFO  main            d.u.i.k.p.i.AbstractProblemLoader Loading environment from /home/runner/work/key/key/key.core/../key.ui/examples/standard_key/pred_log/mv1.key 
39153      DEBUG main            d.u.i.k.p.i.AbstractProblemLoader Environment load took 68.6ns 
39154      INFO  main            d.u.i.k.p.i.AbstractProblemLoader Creating init config 
41384      DEBUG main            d.u.i.k.p.i.AbstractProblemLoader Init config took 2.23s 
41399      INFO  main            d.u.i.k.p.i.AbstractProblemLoader Replaying proof mv1.key 
41400      DEBUG main            d.u.i.k.p.i.IntermediateProofReplayer Proof replay took 21.5ns 
41503      INFO  main            d.u.i.k.p.r.p.TestFile    ... finished proof: closed. 
41646      INFO  main            d.u.i.k.p.i.AbstractProblemLoader Loading environment from /home/runner/work/key/key/key.core/../key.ui/examples/standard_key/pred_log/mv1.key.proof 
41646      DEBUG main            d.u.i.k.p.i.AbstractProblemLoader Environment load took 116.1ns 
41647      INFO  main            d.u.i.k.p.i.AbstractProblemLoader Creating init config 
43876      DEBUG main            d.u.i.k.p.i.AbstractProblemLoader Init config took 2.23s 
43890      INFO  main            d.u.i.k.p.i.AbstractProblemLoader Replaying proof mv1.key.proof 
43893      DEBUG main            d.u.i.k.p.i.IntermediateProofReplayer Proof replay took 943.4ns 
43893      DEBUG main            d.u.i.k.p.r.p.TestFile    ... success: reloaded. 
43894      INFO  main            d.u.i.k.p.r.p.TestFile    Now processing file /home/runner/work/key/key/key.core/../key.ui/examples/standard_key/pred_log/mv2.key 
43894      INFO  main            d.u.i.k.p.i.AbstractProblemLoader Loading environment from /home/runner/work/key/key/key.core/../key.ui/examples/standard_key/pred_log/mv2.key 
43894      DEBUG main            d.u.i.k.p.i.AbstractProblemLoader Environment load took 69.7ns 
43895      INFO  main            d.u.i.k.p.i.AbstractProblemLoader Creating init config 
46156      DEBUG main            d.u.i.k.p.i.AbstractProblemLoader Init config took 2.26s 
46170      INFO  main            d.u.i.k.p.i.AbstractProblemLoader Replaying proof mv2.key 
46171      DEBUG main            d.u.i.k.p.i.IntermediateProofReplayer Proof replay took 6.6ns 
46273      INFO  main            d.u.i.k.p.r.p.TestFile    ... finished proof: closed. 
46448      INFO  main            d.u.i.k.p.i.AbstractProblemLoader Loading environment from /home/runner/work/key/key/key.core/../key.ui/examples/standard_key/pred_log/mv2.key.proof 
46448      DEBUG main            d.u.i.k.p.i.AbstractProblemLoader Environment load took 101.9ns 
46449      INFO  main            d.u.i.k.p.i.AbstractProblemLoader Creating init config 
48639      DEBUG main            d.u.i.k.p.i.AbstractProblemLoader Init config took 2.19s 
48652      INFO  main            d.u.i.k.p.i.AbstractProblemLoader Replaying proof mv2.key.proof 
48655      DEBUG main            d.u.i.k.p.i.IntermediateProofReplayer Proof replay took 1.49ms 
48656      DEBUG main            d.u.i.k.p.r.p.TestFile    ... success: reloaded. 
48656      INFO  main            d.u.i.k.p.r.p.TestFile    Now processing file /home/runner/work/key/key/key.core/../key.ui/examples/standard_key/pred_log/quantifiers.key 
48656      INFO  main            d.u.i.k.p.i.AbstractProblemLoader Loading environment from /home/runner/work/key/key/key.core/../key.ui/examples/standard_key/pred_log/quantifiers.key 
48657      DEBUG main            d.u.i.k.p.i.AbstractProblemLoader Environment load took 92.6ns 
48657      INFO  main            d.u.i.k.p.i.AbstractProblemLoader Creating init config 
50891      DEBUG main            d.u.i.k.p.i.AbstractProblemLoader Init config took 2.23s 
50904      INFO  main            d.u.i.k.p.i.AbstractProblemLoader Replaying proof quantifiers.key 
50907      DEBUG main            d.u.i.k.p.i.IntermediateProofReplayer Proof replay took 6.5ns 
51009      INFO  main            d.u.i.k.p.r.p.TestFile    ... finished proof: closed. 
51188      INFO  main            d.u.i.k.p.i.AbstractProblemLoader Loading environment from /home/runner/work/key/key/key.core/../key.ui/examples/standard_key/pred_log/quantifiers.key.proof 
51188      DEBUG main            d.u.i.k.p.i.AbstractProblemLoader Environment load took 103.7ns 
51189      INFO  main            d.u.i.k.p.i.AbstractProblemLoader Creating init config 
53392      DEBUG main            d.u.i.k.p.i.AbstractProblemLoader Init config took 2.2s 
53406      INFO  main            d.u.i.k.p.i.AbstractProblemLoader Replaying proof quantifiers.key.proof 
53414      DEBUG main            d.u.i.k.p.i.IntermediateProofReplayer Proof replay took 6.47ms 
53415      DEBUG main            d.u.i.k.p.r.p.TestFile    ... success: reloaded. 
53416      INFO  main            d.u.i.k.p.r.p.TestFile    Now processing file /home/runner/work/key/key/key.core/../key.ui/examples/standard_key/pred_log/simpleEps.key 
53416      INFO  main            d.u.i.k.p.i.AbstractProblemLoader Loading environment from /home/runner/work/key/key/key.core/../key.ui/examples/standard_key/pred_log/simpleEps.key 
53416      DEBUG main            d.u.i.k.p.i.AbstractProblemLoader Environment load took 83.4ns 
53418      INFO  main            d.u.i.k.p.i.AbstractProblemLoader Creating init config 
55670      DEBUG main            d.u.i.k.p.i.AbstractProblemLoader Init config took 2.25s 
55683      INFO  main            d.u.i.k.p.i.AbstractProblemLoader Replaying proof simpleEps.key 
55684      DEBUG main            d.u.i.k.p.i.IntermediateProofReplayer Proof replay took 6.5ns 
55787      INFO  main            d.u.i.k.p.r.p.TestFile    ... finished proof: closed. 
55947      INFO  main            d.u.i.k.p.i.AbstractProblemLoader Loading environment from /home/runner/work/key/key/key.core/../key.ui/examples/standard_key/pred_log/simpleEps.key.proof 
55947      DEBUG main            d.u.i.k.p.i.AbstractProblemLoader Environment load took 97.9ns 
55948      INFO  main            d.u.i.k.p.i.AbstractProblemLoader Creating init config 
58130      DEBUG main            d.u.i.k.p.i.AbstractProblemLoader Init config took 2.18s 
58144      INFO  main            d.u.i.k.p.i.AbstractProblemLoader Replaying proof simpleEps.key.proof 
58147      DEBUG main            d.u.i.k.p.i.IntermediateProofReplayer Proof replay took 1.25ms 
58147      DEBUG main            d.u.i.k.p.r.p.TestFile    ... success: reloaded. 
58148      INFO  main            d.u.i.k.p.r.p.TestFile    Now processing file /home/runner/work/key/key/key.core/../key.ui/examples/standard_key/pred_log/steam1.key 
58148      INFO  main            d.u.i.k.p.i.AbstractProblemLoader Loading environment from /home/runner/work/key/key/key.core/../key.ui/examples/standard_key/pred_log/steam1.key 
58148      DEBUG main            d.u.i.k.p.i.AbstractProblemLoader Environment load took 82.9ns 
58151      INFO  main            d.u.i.k.p.i.AbstractProblemLoader Creating init config 
60411      DEBUG main            d.u.i.k.p.i.AbstractProblemLoader Init config took 2.26s 
60433      INFO  main            d.u.i.k.p.i.AbstractProblemLoader Replaying proof steam1.key 
60434      DEBUG main            d.u.i.k.p.i.IntermediateProofReplayer Proof replay took 5.3ns 
60740      INFO  main            d.u.i.k.p.r.p.TestFile    ... finished proof: closed. 
60923      INFO  main            d.u.i.k.p.i.AbstractProblemLoader Loading environment from /home/runner/work/key/key/key.core/../key.ui/examples/standard_key/pred_log/steam1.key.proof 
60930      DEBUG main            d.u.i.k.p.i.AbstractProblemLoader Environment load took 7.35ms 
60933      INFO  main            d.u.i.k.p.i.AbstractProblemLoader Creating init config 
63119      DEBUG main            d.u.i.k.p.i.AbstractProblemLoader Init config took 2.19s 
63140      INFO  main            d.u.i.k.p.i.AbstractProblemLoader Replaying proof steam1.key.proof 
63160      DEBUG main            d.u.i.k.p.i.IntermediateProofReplayer Proof replay took 16.18ms 
63162      DEBUG main            d.u.i.k.p.r.p.TestFile    ... success: reloaded. 
63163      INFO  main            d.u.i.k.p.r.p.TestFile    Now processing file /home/runner/work/key/key/key.core/../key.ui/examples/standard_key/pred_log/tptp/PUZ/PUZ001p1.key 
63163      INFO  main            d.u.i.k.p.i.AbstractProblemLoader Loading environment from /home/runner/work/key/key/key.core/../key.ui/examples/standard_key/pred_log/tptp/PUZ/PUZ001p1.key 
63164      DEBUG main            d.u.i.k.p.i.AbstractProblemLoader Environment load took 154ns 
63165      INFO  main            d.u.i.k.p.i.AbstractProblemLoader Creating init config 
65437      DEBUG main            d.u.i.k.p.i.AbstractProblemLoader Init config took 2.27s 
65459      INFO  main            d.u.i.k.p.i.AbstractProblemLoader Replaying proof PUZ001p1.key 
65461      DEBUG main            d.u.i.k.p.i.IntermediateProofReplayer Proof replay took 12.8ns 
68282      INFO  main            d.u.i.k.p.r.p.TestFile    ... finished proof: closed. 
68492      INFO  main            d.u.i.k.p.i.AbstractProblemLoader Loading environment from /home/runner/work/key/key/key.core/../key.ui/examples/standard_key/pred_log/tptp/PUZ/PUZ001p1.key.proof 
68493      DEBUG main            d.u.i.k.p.i.AbstractProblemLoader Environment load took 319ns 
68495      INFO  main            d.u.i.k.p.i.AbstractProblemLoader Creating init config 
70659      DEBUG main            d.u.i.k.p.i.AbstractProblemLoader Init config took 2.16s 
70675      INFO  main            d.u.i.k.p.i.AbstractProblemLoader Replaying proof PUZ001p1.key.proof 
70800      DEBUG main            d.u.i.k.p.i.IntermediateProofReplayer Proof replay took 117.1ms 
70802      DEBUG main            d.u.i.k.p.r.p.TestFile    ... success: reloaded. 
70803      INFO  main            d.u.i.k.p.r.p.TestFile    Now processing file /home/runner/work/key/key/key.core/../key.ui/examples/standard_key/pred_log/tptp/PUZ/PUZ001p1-eq.key 
70803      INFO  main            d.u.i.k.p.i.AbstractProblemLoader Loading environment from /home/runner/work/key/key/key.core/../key.ui/examples/standard_key/pred_log/tptp/PUZ/PUZ001p1-eq.key 
70803      DEBUG main            d.u.i.k.p.i.AbstractProblemLoader Environment load took 82.4ns 
70804      INFO  main            d.u.i.k.p.i.AbstractProblemLoader Creating init config 
73028      DEBUG main            d.u.i.k.p.i.AbstractProblemLoader Init config took 2.22s 
73042      INFO  main            d.u.i.k.p.i.AbstractProblemLoader Replaying proof PUZ001p1-eq.key 
73043      DEBUG main            d.u.i.k.p.i.IntermediateProofReplayer Proof replay took 6.1ns 
73146      INFO  main            d.u.i.k.p.r.p.TestFile    ... finished proof: closed. 
73392      INFO  main            d.u.i.k.p.i.AbstractProblemLoader Loading environment from /home/runner/work/key/key/key.core/../key.ui/examples/standard_key/pred_log/tptp/PUZ/PUZ001p1-eq.key.proof 
73392      DEBUG main            d.u.i.k.p.i.AbstractProblemLoader Environment load took 102.8ns 
73393      INFO  main            d.u.i.k.p.i.AbstractProblemLoader Creating init config 
75544      DEBUG main            d.u.i.k.p.i.AbstractProblemLoader Init config took 2.15s 
75558      INFO  main            d.u.i.k.p.i.AbstractProblemLoader Replaying proof PUZ001p1-eq.key.proof 
75572      DEBUG main            d.u.i.k.p.i.IntermediateProofReplayer Proof replay took 11.23ms 
75573      DEBUG main            d.u.i.k.p.r.p.TestFile    ... success: reloaded. 
75573      INFO  main            d.u.i.k.p.r.p.TestFile    Now processing file /home/runner/work/key/key/key.core/../key.ui/examples/standard_key/pred_log/tptp/PUZ/PUZ031p1.key 
75573      INFO  main            d.u.i.k.p.i.AbstractProblemLoader Loading environment from /home/runner/work/key/key/key.core/../key.ui/examples/standard_key/pred_log/tptp/PUZ/PUZ031p1.key 
75574      DEBUG main            d.u.i.k.p.i.AbstractProblemLoader Environment load took 79.8ns 
75575      INFO  main            d.u.i.k.p.i.AbstractProblemLoader Creating init config 
77778      DEBUG main            d.u.i.k.p.i.AbstractProblemLoader Init config took 2.2s 
77792      INFO  main            d.u.i.k.p.i.AbstractProblemLoader Replaying proof PUZ031p1.key 
77794      DEBUG main            d.u.i.k.p.i.IntermediateProofReplayer Proof replay took 6.1ns 
85838      INFO  main            d.u.i.k.p.r.p.TestFile    ... finished proof: closed. 
86022      INFO  main            d.u.i.k.p.i.AbstractProblemLoader Loading environment from /home/runner/work/key/key/key.core/../key.ui/examples/standard_key/pred_log/tptp/PUZ/PUZ031p1.key.proof 
86026      DEBUG main            d.u.i.k.p.i.AbstractProblemLoader Environment load took 4.27ms 
86028      INFO  main            d.u.i.k.p.i.AbstractProblemLoader Creating init config 
88187      DEBUG main            d.u.i.k.p.i.AbstractProblemLoader Init config took 2.16s 
88202      INFO  main            d.u.i.k.p.i.AbstractProblemLoader Replaying proof PUZ031p1.key.proof 
88266      DEBUG main            d.u.i.k.p.i.IntermediateProofReplayer Proof replay took 59.1ms 
88268      DEBUG main            d.u.i.k.p.r.p.TestFile    ... success: reloaded. 
88268      INFO  main            d.u.i.k.p.r.p.TestFile    Now processing file /home/runner/work/key/key/key.core/../key.ui/examples/standard_key/pred_log/tptp/SET/SET027p3.key 
88269      INFO  main            d.u.i.k.p.i.AbstractProblemLoader Loading environment from /home/runner/work/key/key/key.core/../key.ui/examples/standard_key/pred_log/tptp/SET/SET027p3.key 
88269      DEBUG main            d.u.i.k.p.i.AbstractProblemLoader Environment load took 83.2ns 
88269      INFO  main            d.u.i.k.p.i.AbstractProblemLoader Creating init config 
90500      DEBUG main            d.u.i.k.p.i.AbstractProblemLoader Init config took 2.23s 
90531      INFO  main            d.u.i.k.p.i.AbstractProblemLoader Replaying proof SET027p3.key 
90532      DEBUG main            d.u.i.k.p.i.IntermediateProofReplayer Proof replay took 6.8ns 
90636      INFO  main            d.u.i.k.p.r.p.TestFile    ... finished proof: closed. 
90859      INFO  main            d.u.i.k.p.i.AbstractProblemLoader Loading environment from /home/runner/work/key/key/key.core/../key.ui/examples/standard_key/pred_log/tptp/SET/SET027p3.key.proof 
90859      DEBUG main            d.u.i.k.p.i.AbstractProblemLoader Environment load took 106.4ns 
90860      INFO  main            d.u.i.k.p.i.AbstractProblemLoader Creating init config 
93030      DEBUG main            d.u.i.k.p.i.AbstractProblemLoader Init config took 2.17s 
93043      INFO  main            d.u.i.k.p.i.AbstractProblemLoader Replaying proof SET027p3.key.proof 
93049      DEBUG main            d.u.i.k.p.i.IntermediateProofReplayer Proof replay took 4.83ms 
93050      DEBUG main            d.u.i.k.p.r.p.TestFile    ... success: reloaded. 
93050      INFO  main            d.u.i.k.p.r.p.TestFile    Now processing file /home/runner/work/key/key/key.core/../key.ui/examples/standard_key/pred_log/tptp/SET/SET043p1.key 
93051      INFO  main            d.u.i.k.p.i.AbstractProblemLoader Loading environment from /home/runner/work/key/key/key.core/../key.ui/examples/standard_key/pred_log/tptp/SET/SET043p1.key 
93051      DEBUG main            d.u.i.k.p.i.AbstractProblemLoader Environment load took 155ns 
93052      INFO  main            d.u.i.k.p.i.AbstractProblemLoader Creating init config 
95259      DEBUG main            d.u.i.k.p.i.AbstractProblemLoader Init config took 2.21s 
95272      INFO  main            d.u.i.k.p.i.AbstractProblemLoader Replaying proof SET043p1.key 
95273      DEBUG main            d.u.i.k.p.i.IntermediateProofReplayer Proof replay took 6.4ns 
95376      INFO  main            d.u.i.k.p.r.p.TestFile    ... finished proof: closed. 
95566      INFO  main            d.u.i.k.p.i.AbstractProblemLoader Loading environment from /home/runner/work/key/key/key.core/../key.ui/examples/standard_key/pred_log/tptp/SET/SET043p1.key.proof 
95566      DEBUG main            d.u.i.k.p.i.AbstractProblemLoader Environment load took 129ns 
95567      INFO  main            d.u.i.k.p.i.AbstractProblemLoader Creating init config 
97709      DEBUG main            d.u.i.k.p.i.AbstractProblemLoader Init config took 2.14s 
97722      INFO  main            d.u.i.k.p.i.AbstractProblemLoader Replaying proof SET043p1.key.proof 
97724      DEBUG main            d.u.i.k.p.i.IntermediateProofReplayer Proof replay took 1.06ms 
97725      DEBUG main            d.u.i.k.p.r.p.TestFile    ... success: reloaded. 
97725      INFO  main            d.u.i.k.p.r.p.TestFile    Now processing file /home/runner/work/key/key/key.core/../key.ui/examples/standard_key/pred_log/tptp/SET/SET045p1.key 
97726      INFO  main            d.u.i.k.p.i.AbstractProblemLoader Loading environment from /home/runner/work/key/key/key.core/../key.ui/examples/standard_key/pred_log/tptp/SET/SET045p1.key 
97726      DEBUG main            d.u.i.k.p.i.AbstractProblemLoader Environment load took 74.8ns 
97727      INFO  main            d.u.i.k.p.i.AbstractProblemLoader Creating init config 
99925      DEBUG main            d.u.i.k.p.i.AbstractProblemLoader Init config took 2.2s 
99938      INFO  main            d.u.i.k.p.i.AbstractProblemLoader Replaying proof SET045p1.key 
99939      DEBUG main            d.u.i.k.p.i.IntermediateProofReplayer Proof replay took 5.3ns 
100043     INFO  main            d.u.i.k.p.r.p.TestFile    ... finished proof: closed. 
100240     INFO  main            d.u.i.k.p.i.AbstractProblemLoader Loading environment from /home/runner/work/key/key/key.core/../key.ui/examples/standard_key/pred_log/tptp/SET/SET045p1.key.proof 
100241     DEBUG main            d.u.i.k.p.i.AbstractProblemLoader Environment load took 94.9ns 
100242     INFO  main            d.u.i.k.p.i.AbstractProblemLoader Creating init config 
102384     DEBUG main            d.u.i.k.p.i.AbstractProblemLoader Init config took 2.14s 
102397     INFO  main            d.u.i.k.p.i.AbstractProblemLoader Replaying proof SET045p1.key.proof 
102402     DEBUG main            d.u.i.k.p.i.IntermediateProofReplayer Proof replay took 3.83ms 
102403     DEBUG main            d.u.i.k.p.r.p.TestFile    ... success: reloaded. 
102403     INFO  main            d.u.i.k.p.r.p.TestFile    Now processing file /home/runner/work/key/key/key.core/../key.ui/examples/standard_key/pred_log/tptp/SET/SET062p3.key 
102403     INFO  main            d.u.i.k.p.i.AbstractProblemLoader Loading environment from /home/runner/work/key/key/key.core/../key.ui/examples/standard_key/pred_log/tptp/SET/SET062p3.key 
102403     DEBUG main            d.u.i.k.p.i.AbstractProblemLoader Environment load took 81ns 
102404     INFO  main            d.u.i.k.p.i.AbstractProblemLoader Creating init config 
104618     DEBUG main            d.u.i.k.p.i.AbstractProblemLoader Init config took 2.21s 
104631     INFO  main            d.u.i.k.p.i.AbstractProblemLoader Replaying proof SET062p3.key 
104632     DEBUG main            d.u.i.k.p.i.IntermediateProofReplayer Proof replay took 5.5ns 
104733     INFO  main            d.u.i.k.p.r.p.TestFile    ... finished proof: closed. 
104946     INFO  main            d.u.i.k.p.i.AbstractProblemLoader Loading environment from /home/runner/work/key/key/key.core/../key.ui/examples/standard_key/pred_log/tptp/SET/SET062p3.key.proof 
104946     DEBUG main            d.u.i.k.p.i.AbstractProblemLoader Environment load took 93.8ns 
104947     INFO  main            d.u.i.k.p.i.AbstractProblemLoader Creating init config 
107085     DEBUG main            d.u.i.k.p.i.AbstractProblemLoader Init config took 2.14s 
107099     INFO  main            d.u.i.k.p.i.AbstractProblemLoader Replaying proof SET062p3.key.proof 
107104     DEBUG main            d.u.i.k.p.i.IntermediateProofReplayer Proof replay took 3.74ms 
107105     DEBUG main            d.u.i.k.p.r.p.TestFile    ... success: reloaded. 
107105     INFO  main            d.u.i.k.p.r.p.TestFile    Now processing file /home/runner/work/key/key/key.core/../key.ui/examples/standard_key/pred_log/tptp/SET/SET063p3.key 
107105     INFO  main            d.u.i.k.p.i.AbstractProblemLoader Loading environment from /home/runner/work/key/key/key.core/../key.ui/examples/standard_key/pred_log/tptp/SET/SET063p3.key 
107105     DEBUG main            d.u.i.k.p.i.AbstractProblemLoader Environment load took 87.4ns 
107106     INFO  main            d.u.i.k.p.i.AbstractProblemLoader Creating init config 
109323     DEBUG main            d.u.i.k.p.i.AbstractProblemLoader Init config took 2.22s 
109336     INFO  main            d.u.i.k.p.i.AbstractProblemLoader Replaying proof SET063p3.key 
109337     DEBUG main            d.u.i.k.p.i.IntermediateProofReplayer Proof replay took 5.5ns 
109439     INFO  main            d.u.i.k.p.r.p.TestFile    ... finished proof: closed. 
109691     INFO  main            d.u.i.k.p.i.AbstractProblemLoader Loading environment from /home/runner/work/key/key/key.core/../key.ui/examples/standard_key/pred_log/tptp/SET/SET063p3.key.proof 
109691     DEBUG main            d.u.i.k.p.i.AbstractProblemLoader Environment load took 98.4ns 
109693     INFO  main            d.u.i.k.p.i.AbstractProblemLoader Creating init config 
111843     DEBUG main            d.u.i.k.p.i.AbstractProblemLoader Init config took 2.15s 
111856     INFO  main            d.u.i.k.p.i.AbstractProblemLoader Replaying proof SET063p3.key.proof 
111862     DEBUG main            d.u.i.k.p.i.IntermediateProofReplayer Proof replay took 4.55ms 
111863     DEBUG main            d.u.i.k.p.r.p.TestFile    ... success: reloaded. 
111863     INFO  main            d.u.i.k.p.r.p.TestFile    Now processing file /home/runner/work/key/key/key.core/../key.ui/examples/standard_key/pred_log/tptp/SYN/SYN036p2.key 
111864     INFO  main            d.u.i.k.p.i.AbstractProblemLoader Loading environment from /home/runner/work/key/key/key.core/../key.ui/examples/standard_key/pred_log/tptp/SYN/SYN036p2.key 
111864     DEBUG main            d.u.i.k.p.i.AbstractProblemLoader Environment load took 52.6ns 
111865     INFO  main            d.u.i.k.p.i.AbstractProblemLoader Creating init config 
114064     DEBUG main            d.u.i.k.p.i.AbstractProblemLoader Init config took 2.2s 
114076     INFO  main            d.u.i.k.p.i.AbstractProblemLoader Replaying proof SYN036p2.key 
114077     DEBUG main            d.u.i.k.p.i.IntermediateProofReplayer Proof replay took 5.6ns 
114283     INFO  main            d.u.i.k.p.r.p.TestFile    ... finished proof: closed. 
114571     INFO  main            d.u.i.k.p.i.AbstractProblemLoader Loading environment from /home/runner/work/key/key/key.core/../key.ui/examples/standard_key/pred_log/tptp/SYN/SYN036p2.key.proof 
114571     DEBUG main            d.u.i.k.p.i.AbstractProblemLoader Environment load took 306.6ns 
114572     INFO  main            d.u.i.k.p.i.AbstractProblemLoader Creating init config 
116706     DEBUG main            d.u.i.k.p.i.AbstractProblemLoader Init config took 2.13s 
116719     INFO  main            d.u.i.k.p.i.AbstractProblemLoader Replaying proof SYN036p2.key.proof 
116794     DEBUG main            d.u.i.k.p.i.IntermediateProofReplayer Proof replay took 67.7ms 
116795     DEBUG main            d.u.i.k.p.r.p.TestFile    ... success: reloaded. 
116796     INFO  main            d.u.i.k.p.r.p.TestFile    Now processing file /home/runner/work/key/key/key.core/../key.ui/examples/standard_key/pred_log/tptp/SYN/SYN550p1.key 
116796     INFO  main            d.u.i.k.p.i.AbstractProblemLoader Loading environment from /home/runner/work/key/key/key.core/../key.ui/examples/standard_key/pred_log/tptp/SYN/SYN550p1.key 
116797     DEBUG main            d.u.i.k.p.i.AbstractProblemLoader Environment load took 150ns 
116798     INFO  main            d.u.i.k.p.i.AbstractProblemLoader Creating init config 
118995     DEBUG main            d.u.i.k.p.i.AbstractProblemLoader Init config took 2.2s 
119008     INFO  main            d.u.i.k.p.i.AbstractProblemLoader Replaying proof SYN550p1.key 
119009     DEBUG main            d.u.i.k.p.i.IntermediateProofReplayer Proof replay took 5.8ns 
121625     INFO  main            d.u.i.k.p.r.p.TestFile    ... finished proof: closed. 
121855     INFO  main            d.u.i.k.p.i.AbstractProblemLoader Loading environment from /home/runner/work/key/key/key.core/../key.ui/examples/standard_key/pred_log/tptp/SYN/SYN550p1.key.proof 
121855     DEBUG main            d.u.i.k.p.i.AbstractProblemLoader Environment load took 308.7ns 
121857     INFO  main            d.u.i.k.p.i.AbstractProblemLoader Creating init config 
123985     DEBUG main            d.u.i.k.p.i.AbstractProblemLoader Init config took 2.13s 
123998     INFO  main            d.u.i.k.p.i.AbstractProblemLoader Replaying proof SYN550p1.key.proof 
124078     DEBUG main            d.u.i.k.p.i.IntermediateProofReplayer Proof replay took 73.74ms 
124079     DEBUG main            d.u.i.k.p.r.p.TestFile    ... success: reloaded. 
124079     INFO  main            d.u.i.k.p.r.p.TestFile    Now processing file /home/runner/work/key/key/key.core/../key.ui/examples/standard_key/prop_log/reallySimple.key 
124080     INFO  main            d.u.i.k.p.i.AbstractProblemLoader Loading environment from /home/runner/work/key/key/key.core/../key.ui/examples/standard_key/prop_log/reallySimple.key 
124080     DEBUG main            d.u.i.k.p.i.AbstractProblemLoader Environment load took 153.9ns 
124081     INFO  main            d.u.i.k.p.i.AbstractProblemLoader Creating init config 
126267     DEBUG main            d.u.i.k.p.i.AbstractProblemLoader Init config took 2.19s 
126281     INFO  main            d.u.i.k.p.i.AbstractProblemLoader Replaying proof reallySimple.key 
126282     DEBUG main            d.u.i.k.p.i.IntermediateProofReplayer Proof replay took 5.8ns 
126383     INFO  main            d.u.i.k.p.r.p.TestFile    ... finished proof: open goal(s) 
126610     INFO  main            d.u.i.k.p.r.p.TestFile    Now processing file /home/runner/work/key/key/key.core/../key.ui/examples/standard_key/pred_log/sameName1.key 
126611     INFO  main            d.u.i.k.p.i.AbstractProblemLoader Loading environment from /home/runner/work/key/key/key.core/../key.ui/examples/standard_key/pred_log/sameName1.key 
126611     DEBUG main            d.u.i.k.p.i.AbstractProblemLoader Environment load took 87.9ns 
126612     INFO  main            d.u.i.k.p.i.AbstractProblemLoader Creating init config 
128733     DEBUG main            d.u.i.k.p.i.AbstractProblemLoader Init config took 2.12s 
128746     INFO  main            d.u.i.k.p.i.AbstractProblemLoader Replaying proof sameName1.key 
128747     DEBUG main            d.u.i.k.p.i.IntermediateProofReplayer Proof replay took 5.7ns 
128849     INFO  main            d.u.i.k.p.r.p.TestFile    ... finished proof: open goal(s) 
129061     INFO  main            d.u.i.k.p.r.p.TestFile    Now processing file /home/runner/work/key/key/key.core/../key.ui/examples/standard_key/pred_log/jbyteIfEx.key 
129061     INFO  main            d.u.i.k.p.i.AbstractProblemLoader Loading environment from /home/runner/work/key/key/key.core/../key.ui/examples/standard_key/pred_log/jbyteIfEx.key 
129061     DEBUG main            d.u.i.k.p.i.AbstractProblemLoader Environment load took 47.4ns 
129062     INFO  main            d.u.i.k.p.i.AbstractProblemLoader Creating init config 
131212     DEBUG main            d.u.i.k.p.i.AbstractProblemLoader Init config took 2.15s 
131225     INFO  main            d.u.i.k.p.i.AbstractProblemLoader Replaying proof jbyteIfEx.key 
131226     DEBUG main            d.u.i.k.p.i.IntermediateProofReplayer Proof replay took 5ns 
131328     INFO  main            d.u.i.k.p.r.p.TestFile    ... finished proof: closed. 
131545     INFO  main            d.u.i.k.p.i.AbstractProblemLoader Loading environment from /home/runner/work/key/key/key.core/../key.ui/examples/standard_key/pred_log/jbyteIfEx.key.proof 
131545     DEBUG main            d.u.i.k.p.i.AbstractProblemLoader Environment load took 89.9ns 
131546     INFO  main            d.u.i.k.p.i.AbstractProblemLoader Creating init config 
133674     DEBUG main            d.u.i.k.p.i.AbstractProblemLoader Init config took 2.13s 
133686     INFO  main            d.u.i.k.p.i.AbstractProblemLoader Replaying proof jbyteIfEx.key.proof 
133693     DEBUG main            d.u.i.k.p.i.IntermediateProofReplayer Proof replay took 4.91ms 
133693     DEBUG main            d.u.i.k.p.r.p.TestFile    ... success: reloaded. 
133694     INFO  main            d.u.i.k.p.r.p.TestFile    Now processing file /home/runner/work/key/key/key.core/../key.ui/examples/standard_key/prop_log/allClausesLength4.key 
133694     INFO  main            d.u.i.k.p.i.AbstractProblemLoader Loading environment from /home/runner/work/key/key/key.core/../key.ui/examples/standard_key/prop_log/allClausesLength4.key 
133694     DEBUG main            d.u.i.k.p.i.AbstractProblemLoader Environment load took 73.9ns 
133695     INFO  main            d.u.i.k.p.i.AbstractProblemLoader Creating init config 
135875     DEBUG main            d.u.i.k.p.i.AbstractProblemLoader Init config took 2.18s 
135888     INFO  main            d.u.i.k.p.i.AbstractProblemLoader Replaying proof allClausesLength4.key 
135888     DEBUG main            d.u.i.k.p.i.IntermediateProofReplayer Proof replay took 5.6ns 
135991     INFO  main            d.u.i.k.p.r.p.TestFile    ... finished proof: closed. 
136219     INFO  main            d.u.i.k.p.i.AbstractProblemLoader Loading environment from /home/runner/work/key/key/key.core/../key.ui/examples/standard_key/prop_log/allClausesLength4.key.proof 
136219     DEBUG main            d.u.i.k.p.i.AbstractProblemLoader Environment load took 92.4ns 
136220     INFO  main            d.u.i.k.p.i.AbstractProblemLoader Creating init config 
138346     DEBUG main            d.u.i.k.p.i.AbstractProblemLoader Init config took 2.13s 
138359     INFO  main            d.u.i.k.p.i.AbstractProblemLoader Replaying proof allClausesLength4.key.proof 
138382     DEBUG main            d.u.i.k.p.i.IntermediateProofReplayer Proof replay took 9.57ms 
138383     DEBUG main            d.u.i.k.p.r.p.TestFile    ... success: reloaded. 
138383     INFO  main            d.u.i.k.p.r.p.TestFile    Now processing file /home/runner/work/key/key/key.core/../key.ui/examples/standard_key/prop_log/allClausesLength5.key 
138384     INFO  main            d.u.i.k.p.i.AbstractProblemLoader Loading environment from /home/runner/work/key/key/key.core/../key.ui/examples/standard_key/prop_log/allClausesLength5.key 
138384     DEBUG main            d.u.i.k.p.i.AbstractProblemLoader Environment load took 64.1ns 
138385     INFO  main            d.u.i.k.p.i.AbstractProblemLoader Creating init config 
140558     DEBUG main            d.u.i.k.p.i.AbstractProblemLoader Init config took 2.17s 
140572     INFO  main            d.u.i.k.p.i.AbstractProblemLoader Replaying proof allClausesLength5.key 
140573     DEBUG main            d.u.i.k.p.i.IntermediateProofReplayer Proof replay took 5.8ns 
140777     INFO  main            d.u.i.k.p.r.p.TestFile    ... finished proof: closed. 
141025     INFO  main            d.u.i.k.p.i.AbstractProblemLoader Loading environment from /home/runner/work/key/key/key.core/../key.ui/examples/standard_key/prop_log/allClausesLength5.key.proof 
141025     DEBUG main            d.u.i.k.p.i.AbstractProblemLoader Environment load took 386.2ns 
141026     INFO  main            d.u.i.k.p.i.AbstractProblemLoader Creating init config 
143161     DEBUG main            d.u.i.k.p.i.AbstractProblemLoader Init config took 2.13s 
143174     INFO  main            d.u.i.k.p.i.AbstractProblemLoader Replaying proof allClausesLength5.key.proof 
143204     DEBUG main            d.u.i.k.p.i.IntermediateProofReplayer Proof replay took 25.39ms 
143206     DEBUG main            d.u.i.k.p.r.p.TestFile    ... success: reloaded. 
143206     INFO  main            d.u.i.k.p.r.p.TestFile    Now processing file /home/runner/work/key/key/key.core/../key.ui/examples/standard_key/prop_log/doubleNeg.key 
143206     INFO  main            d.u.i.k.p.i.AbstractProblemLoader Loading environment from /home/runner/work/key/key/key.core/../key.ui/examples/standard_key/prop_log/doubleNeg.key 
143206     DEBUG main            d.u.i.k.p.i.AbstractProblemLoader Environment load took 70.7ns 
143207     INFO  main            d.u.i.k.p.i.AbstractProblemLoader Creating init config 
145384     DEBUG main            d.u.i.k.p.i.AbstractProblemLoader Init config took 2.18s 
145396     INFO  main            d.u.i.k.p.i.AbstractProblemLoader Replaying proof doubleNeg.key 
145397     DEBUG main            d.u.i.k.p.i.IntermediateProofReplayer Proof replay took 5.5ns 
145499     INFO  main            d.u.i.k.p.r.p.TestFile    ... finished proof: closed. 
145742     INFO  main            d.u.i.k.p.i.AbstractProblemLoader Loading environment from /home/runner/work/key/key/key.core/../key.ui/examples/standard_key/prop_log/doubleNeg.key.proof 
145743     DEBUG main            d.u.i.k.p.i.AbstractProblemLoader Environment load took 85.5ns 
145743     INFO  main            d.u.i.k.p.i.AbstractProblemLoader Creating init config 
147869     DEBUG main            d.u.i.k.p.i.AbstractProblemLoader Init config took 2.13s 
147881     INFO  main            d.u.i.k.p.i.AbstractProblemLoader Replaying proof doubleNeg.key.proof 
147883     DEBUG main            d.u.i.k.p.i.IntermediateProofReplayer Proof replay took 295.6ns 
147883     DEBUG main            d.u.i.k.p.r.p.TestFile    ... success: reloaded. 
147884     INFO  main            d.u.i.k.p.r.p.TestFile    Now processing file /home/runner/work/key/key/key.core/../key.ui/examples/standard_key/prop_log/liarsville.key 
147884     INFO  main            d.u.i.k.p.i.AbstractProblemLoader Loading environment from /home/runner/work/key/key/key.core/../key.ui/examples/standard_key/prop_log/liarsville.key 
147884     DEBUG main            d.u.i.k.p.i.AbstractProblemLoader Environment load took 94.8ns 
147885     INFO  main            d.u.i.k.p.i.AbstractProblemLoader Creating init config 
150064     DEBUG main            d.u.i.k.p.i.AbstractProblemLoader Init config took 2.18s 
150077     INFO  main            d.u.i.k.p.i.AbstractProblemLoader Replaying proof liarsville.key 
150078     DEBUG main            d.u.i.k.p.i.IntermediateProofReplayer Proof replay took 6ns 
150179     INFO  main            d.u.i.k.p.r.p.TestFile    ... finished proof: closed. 
150426     INFO  main            d.u.i.k.p.i.AbstractProblemLoader Loading environment from /home/runner/work/key/key/key.core/../key.ui/examples/standard_key/prop_log/liarsville.key.proof 
150426     DEBUG main            d.u.i.k.p.i.AbstractProblemLoader Environment load took 91.1ns 
150427     INFO  main            d.u.i.k.p.i.AbstractProblemLoader Creating init config 
152545     DEBUG main            d.u.i.k.p.i.AbstractProblemLoader Init config took 2.12s 
152557     INFO  main            d.u.i.k.p.i.AbstractProblemLoader Replaying proof liarsville.key.proof 
152559     DEBUG main            d.u.i.k.p.i.IntermediateProofReplayer Proof replay took 950.4ns 
152560     DEBUG main            d.u.i.k.p.r.p.TestFile    ... success: reloaded. 
152560     INFO  main            d.u.i.k.p.r.p.TestFile    Now processing file /home/runner/work/key/key/key.core/../key.ui/examples/standard_key/prop_log/simplest.key 
152560     INFO  main            d.u.i.k.p.i.AbstractProblemLoader Loading environment from /home/runner/work/key/key/key.core/../key.ui/examples/standard_key/prop_log/simplest.key 
152560     DEBUG main            d.u.i.k.p.i.AbstractProblemLoader Environment load took 58.2ns 
152569     INFO  main            d.u.i.k.p.i.AbstractProblemLoader Creating init config 
154729     DEBUG main            d.u.i.k.p.i.AbstractProblemLoader Init config took 2.16s 
154741     INFO  main            d.u.i.k.p.i.AbstractProblemLoader Replaying proof simplest.key 
154742     DEBUG main            d.u.i.k.p.i.IntermediateProofReplayer Proof replay took 6ns 
154843     INFO  main            d.u.i.k.p.r.p.TestFile    ... finished proof: closed. 
155083     INFO  main            d.u.i.k.p.i.AbstractProblemLoader Loading environment from /home/runner/work/key/key/key.core/../key.ui/examples/standard_key/prop_log/simplest.key.proof 
155083     DEBUG main            d.u.i.k.p.i.AbstractProblemLoader Environment load took 86.9ns 
155084     INFO  main            d.u.i.k.p.i.AbstractProblemLoader Creating init config 
157211     DEBUG main            d.u.i.k.p.i.AbstractProblemLoader Init config took 2.13s 
157224     INFO  main            d.u.i.k.p.i.AbstractProblemLoader Replaying proof simplest.key.proof 
157225     DEBUG main            d.u.i.k.p.i.IntermediateProofReplayer Proof replay took 81.1ns 
157226     DEBUG main            d.u.i.k.p.r.p.TestFile    ... success: reloaded. 
157226     INFO  main            d.u.i.k.p.r.p.TestFile    Now processing file /home/runner/work/key/key/key.core/../key.ui/examples/standard_key/prop_log/contraposition.key 
157226     INFO  main            d.u.i.k.p.i.AbstractProblemLoader Loading environment from /home/runner/work/key/key/key.core/../key.ui/examples/standard_key/prop_log/contraposition.key 
157226     DEBUG main            d.u.i.k.p.i.AbstractProblemLoader Environment load took 67.2ns 
157227     INFO  main            d.u.i.k.p.i.AbstractProblemLoader Creating init config 
159398     DEBUG main            d.u.i.k.p.i.AbstractProblemLoader Init config took 2.17s 
159410     INFO  main            d.u.i.k.p.i.AbstractProblemLoader Replaying proof contraposition.key 
159411     DEBUG main            d.u.i.k.p.i.IntermediateProofReplayer Proof replay took 5.5ns 
159513     INFO  main            d.u.i.k.p.r.p.TestFile    ... finished proof: closed. 
159759     INFO  main            d.u.i.k.p.i.AbstractProblemLoader Loading environment from /home/runner/work/key/key/key.core/../key.ui/examples/standard_key/prop_log/contraposition.key.proof 
159759     DEBUG main            d.u.i.k.p.i.AbstractProblemLoader Environment load took 86.7ns 
159760     INFO  main            d.u.i.k.p.i.AbstractProblemLoader Creating init config 
161888     DEBUG main            d.u.i.k.p.i.AbstractProblemLoader Init config took 2.13s 
161901     INFO  main            d.u.i.k.p.i.AbstractProblemLoader Replaying proof contraposition.key.proof 
161902     DEBUG main            d.u.i.k.p.i.IntermediateProofReplayer Proof replay took 388ns 
161903     DEBUG main            d.u.i.k.p.r.p.TestFile    ... success: reloaded. 
161903     INFO  main            d.u.i.k.p.r.p.TestFile    Now processing file /home/runner/work/key/key/key.core/../key.ui/examples/standard_key/quantifiers/elimination0.key 
161903     INFO  main            d.u.i.k.p.i.AbstractProblemLoader Loading environment from /home/runner/work/key/key/key.core/../key.ui/examples/standard_key/quantifiers/elimination0.key 
161904     DEBUG main            d.u.i.k.p.i.AbstractProblemLoader Environment load took 49.2ns 
161904     INFO  main            d.u.i.k.p.i.AbstractProblemLoader Creating init config 
164068     DEBUG main            d.u.i.k.p.i.AbstractProblemLoader Init config took 2.16s 
164080     INFO  main            d.u.i.k.p.i.AbstractProblemLoader Replaying proof elimination0.key 
164082     DEBUG main            d.u.i.k.p.i.IntermediateProofReplayer Proof replay took 5.8ns 
164187     INFO  main            d.u.i.k.p.r.p.TestFile    ... finished proof: closed. 
164441     INFO  main            d.u.i.k.p.i.AbstractProblemLoader Loading environment from /home/runner/work/key/key/key.core/../key.ui/examples/standard_key/quantifiers/elimination0.key.proof 
164441     DEBUG main            d.u.i.k.p.i.AbstractProblemLoader Environment load took 83.8ns 
164442     INFO  main            d.u.i.k.p.i.AbstractProblemLoader Creating init config 
166572     DEBUG main            d.u.i.k.p.i.AbstractProblemLoader Init config took 2.13s 
166584     INFO  main            d.u.i.k.p.i.AbstractProblemLoader Replaying proof elimination0.key.proof 
166586     DEBUG main            d.u.i.k.p.i.IntermediateProofReplayer Proof replay took 924.9ns 
166587     DEBUG main            d.u.i.k.p.r.p.TestFile    ... success: reloaded. 
166587     INFO  main            d.u.i.k.p.r.p.TestFile    Now processing file /home/runner/work/key/key/key.core/../key.ui/examples/standard_key/quantifiers/heuristic_PUZ001p1-eq.key 
166588     INFO  main            d.u.i.k.p.i.AbstractProblemLoader Loading environment from /home/runner/work/key/key/key.core/../key.ui/examples/standard_key/quantifiers/heuristic_PUZ001p1-eq.key 
166588     DEBUG main            d.u.i.k.p.i.AbstractProblemLoader Environment load took 48.8ns 
166589     INFO  main            d.u.i.k.p.i.AbstractProblemLoader Creating init config 
168760     DEBUG main            d.u.i.k.p.i.AbstractProblemLoader Init config took 2.17s 
168773     INFO  main            d.u.i.k.p.i.AbstractProblemLoader Replaying proof heuristic_PUZ001p1-eq.key 
168774     DEBUG main            d.u.i.k.p.i.IntermediateProofReplayer Proof replay took 5.9ns 
168877     INFO  main            d.u.i.k.p.r.p.TestFile    ... finished proof: closed. 
169140     INFO  main            d.u.i.k.p.i.AbstractProblemLoader Loading environment from /home/runner/work/key/key/key.core/../key.ui/examples/standard_key/quantifiers/heuristic_PUZ001p1-eq.key.proof 
169140     DEBUG main            d.u.i.k.p.i.AbstractProblemLoader Environment load took 92.7ns 
169141     INFO  main            d.u.i.k.p.i.AbstractProblemLoader Creating init config 
171271     DEBUG main            d.u.i.k.p.i.AbstractProblemLoader Init config took 2.13s 
171284     INFO  main            d.u.i.k.p.i.AbstractProblemLoader Replaying proof heuristic_PUZ001p1-eq.key.proof 
171293     DEBUG main            d.u.i.k.p.i.IntermediateProofReplayer Proof replay took 7.42ms 
171298     DEBUG main            d.u.i.k.p.r.p.TestFile    ... success: reloaded. 
171298     INFO  main            d.u.i.k.p.r.p.TestFile    Now processing file /home/runner/work/key/key/key.core/../key.ui/examples/standard_key/quantifiers/heuristic_PUZ001p1.key 
171298     INFO  main            d.u.i.k.p.i.AbstractProblemLoader Loading environment from /home/runner/work/key/key/key.core/../key.ui/examples/standard_key/quantifiers/heuristic_PUZ001p1.key 
171299     DEBUG main            d.u.i.k.p.i.AbstractProblemLoader Environment load took 75.7ns 
171300     INFO  main            d.u.i.k.p.i.AbstractProblemLoader Creating init config 
173466     DEBUG main            d.u.i.k.p.i.AbstractProblemLoader Init config took 2.17s 
173499     INFO  main            d.u.i.k.p.i.AbstractProblemLoader Replaying proof heuristic_PUZ001p1.key 
173500     DEBUG main            d.u.i.k.p.i.IntermediateProofReplayer Proof replay took 6.6ns 
174706     INFO  main            d.u.i.k.p.r.p.TestFile    ... finished proof: closed. 
174984     INFO  main            d.u.i.k.p.i.AbstractProblemLoader Loading environment from /home/runner/work/key/key/key.core/../key.ui/examples/standard_key/quantifiers/heuristic_PUZ001p1.key.proof 
174984     DEBUG main            d.u.i.k.p.i.AbstractProblemLoader Environment load took 295.1ns 
174986     INFO  main            d.u.i.k.p.i.AbstractProblemLoader Creating init config 
177133     DEBUG main            d.u.i.k.p.i.AbstractProblemLoader Init config took 2.15s 
177146     INFO  main            d.u.i.k.p.i.AbstractProblemLoader Replaying proof heuristic_PUZ001p1.key.proof 
177198     DEBUG main            d.u.i.k.p.i.IntermediateProofReplayer Proof replay took 48.19ms 
177200     DEBUG main            d.u.i.k.p.r.p.TestFile    ... success: reloaded. 
177200     INFO  main            d.u.i.k.p.r.p.TestFile    Now processing file /home/runner/work/key/key/key.core/../key.ui/examples/standard_key/quantifiers/heuristic_PUZ031p1.key 
177201     INFO  main            d.u.i.k.p.i.AbstractProblemLoader Loading environment from /home/runner/work/key/key/key.core/../key.ui/examples/standard_key/quantifiers/heuristic_PUZ031p1.key 
177201     DEBUG main            d.u.i.k.p.i.AbstractProblemLoader Environment load took 72.3ns 
177202     INFO  main            d.u.i.k.p.i.AbstractProblemLoader Creating init config 
179338     DEBUG main            d.u.i.k.p.i.AbstractProblemLoader Init config took 2.14s 
179352     INFO  main            d.u.i.k.p.i.AbstractProblemLoader Replaying proof heuristic_PUZ031p1.key 
179353     DEBUG main            d.u.i.k.p.i.IntermediateProofReplayer Proof replay took 5.6ns 
183864     INFO  main            d.u.i.k.p.r.p.TestFile    ... finished proof: closed. 
184168     INFO  main            d.u.i.k.p.i.AbstractProblemLoader Loading environment from /home/runner/work/key/key/key.core/../key.ui/examples/standard_key/quantifiers/heuristic_PUZ031p1.key.proof 
184170     DEBUG main            d.u.i.k.p.i.AbstractProblemLoader Environment load took 2.04ms 
184172     INFO  main            d.u.i.k.p.i.AbstractProblemLoader Creating init config 
186290     DEBUG main            d.u.i.k.p.i.AbstractProblemLoader Init config took 2.12s 
186304     INFO  main            d.u.i.k.p.i.AbstractProblemLoader Replaying proof heuristic_PUZ031p1.key.proof 
186361     DEBUG main            d.u.i.k.p.i.IntermediateProofReplayer Proof replay took 53.1ms 
186362     DEBUG main            d.u.i.k.p.r.p.TestFile    ... success: reloaded. 
186363     INFO  main            d.u.i.k.p.r.p.TestFile    Now processing file /home/runner/work/key/key/key.core/../key.ui/examples/standard_key/quantifiers/heuristic_SYN036p2.key 
186363     INFO  main            d.u.i.k.p.i.AbstractProblemLoader Loading environment from /home/runner/work/key/key/key.core/../key.ui/examples/standard_key/quantifiers/heuristic_SYN036p2.key 
186363     DEBUG main            d.u.i.k.p.i.AbstractProblemLoader Environment load took 69.5ns 
186364     INFO  main            d.u.i.k.p.i.AbstractProblemLoader Creating init config 
188517     DEBUG main            d.u.i.k.p.i.AbstractProblemLoader Init config took 2.15s 
188529     INFO  main            d.u.i.k.p.i.AbstractProblemLoader Replaying proof heuristic_SYN036p2.key 
188531     DEBUG main            d.u.i.k.p.i.IntermediateProofReplayer Proof replay took 5.8ns 
188734     INFO  main            d.u.i.k.p.r.p.TestFile    ... finished proof: closed. 
189070     INFO  main            d.u.i.k.p.i.AbstractProblemLoader Loading environment from /home/runner/work/key/key/key.core/../key.ui/examples/standard_key/quantifiers/heuristic_SYN036p2.key.proof 
189071     DEBUG main            d.u.i.k.p.i.AbstractProblemLoader Environment load took 289.9ns 
189072     INFO  main            d.u.i.k.p.i.AbstractProblemLoader Creating init config 
191178     DEBUG main            d.u.i.k.p.i.AbstractProblemLoader Init config took 2.11s 
191190     INFO  main            d.u.i.k.p.i.AbstractProblemLoader Replaying proof heuristic_SYN036p2.key.proof 
191252     DEBUG main            d.u.i.k.p.i.IntermediateProofReplayer Proof replay took 53.01ms 
191253     DEBUG main            d.u.i.k.p.r.p.TestFile    ... success: reloaded. 
191254     INFO  main            d.u.i.k.p.r.p.TestFile    Now processing file /home/runner/work/key/key/key.core/../key.ui/examples/standard_key/quantifiers/injectivity.key 
191254     INFO  main            d.u.i.k.p.i.AbstractProblemLoader Loading environment from /home/runner/work/key/key/key.core/../key.ui/examples/standard_key/quantifiers/injectivity.key 
191254     DEBUG main            d.u.i.k.p.i.AbstractProblemLoader Environment load took 143.2ns 
191255     INFO  main            d.u.i.k.p.i.AbstractProblemLoader Creating init config 
193404     DEBUG main            d.u.i.k.p.i.AbstractProblemLoader Init config took 2.15s 
193416     INFO  main            d.u.i.k.p.i.AbstractProblemLoader Replaying proof injectivity.key 
193418     DEBUG main            d.u.i.k.p.i.IntermediateProofReplayer Proof replay took 5.4ns 
193519     INFO  main            d.u.i.k.p.r.p.TestFile    ... finished proof: closed. 
193796     INFO  main            d.u.i.k.p.i.AbstractProblemLoader Loading environment from /home/runner/work/key/key/key.core/../key.ui/examples/standard_key/quantifiers/injectivity.key.proof 
193796     DEBUG main            d.u.i.k.p.i.AbstractProblemLoader Environment load took 81.5ns 
193797     INFO  main            d.u.i.k.p.i.AbstractProblemLoader Creating init config 
195908     DEBUG main            d.u.i.k.p.i.AbstractProblemLoader Init config took 2.11s 
195921     INFO  main            d.u.i.k.p.i.AbstractProblemLoader Replaying proof injectivity.key.proof 
195925     DEBUG main            d.u.i.k.p.i.IntermediateProofReplayer Proof replay took 3.1ms 
195926     DEBUG main            d.u.i.k.p.r.p.TestFile    ... success: reloaded. 
195926     INFO  main            d.u.i.k.p.r.p.TestFile    Now processing file /home/runner/work/key/key/key.core/../key.ui/examples/standard_key/quantifiers/normalisation0.key 
195927     INFO  main            d.u.i.k.p.i.AbstractProblemLoader Loading environment from /home/runner/work/key/key/key.core/../key.ui/examples/standard_key/quantifiers/normalisation0.key 
195927     DEBUG main            d.u.i.k.p.i.AbstractProblemLoader Environment load took 70.3ns 
195928     INFO  main            d.u.i.k.p.i.AbstractProblemLoader Creating init config 
198082     DEBUG main            d.u.i.k.p.i.AbstractProblemLoader Init config took 2.15s 
198110     INFO  main            d.u.i.k.p.i.AbstractProblemLoader Replaying proof normalisation0.key 
198111     DEBUG main            d.u.i.k.p.i.IntermediateProofReplayer Proof replay took 5.7ns 
198215     INFO  main            d.u.i.k.p.r.p.TestFile    ... finished proof: closed. 
198497     INFO  main            d.u.i.k.p.i.AbstractProblemLoader Loading environment from /home/runner/work/key/key/key.core/../key.ui/examples/standard_key/quantifiers/normalisation0.key.proof 
198497     DEBUG main            d.u.i.k.p.i.AbstractProblemLoader Environment load took 82.1ns 
198499     INFO  main            d.u.i.k.p.i.AbstractProblemLoader Creating init config 
200611     DEBUG main            d.u.i.k.p.i.AbstractProblemLoader Init config took 2.11s 
200624     INFO  main            d.u.i.k.p.i.AbstractProblemLoader Replaying proof normalisation0.key.proof 
200627     DEBUG main            d.u.i.k.p.i.IntermediateProofReplayer Proof replay took 1.7ms 
200628     DEBUG main            d.u.i.k.p.r.p.TestFile    ... success: reloaded. 
200628     INFO  main            d.u.i.k.p.r.p.TestFile    Now processing file /home/runner/work/key/key/key.core/../key.ui/examples/standard_key/quantifiers/normalisation1.key 
200628     INFO  main            d.u.i.k.p.i.AbstractProblemLoader Loading environment from /home/runner/work/key/key/key.core/../key.ui/examples/standard_key/quantifiers/normalisation1.key 
200628     DEBUG main            d.u.i.k.p.i.AbstractProblemLoader Environment load took 46.2ns 
200629     INFO  main            d.u.i.k.p.i.AbstractProblemLoader Creating init config 
202772     DEBUG main            d.u.i.k.p.i.AbstractProblemLoader Init config took 2.14s 
202787     INFO  main            d.u.i.k.p.i.AbstractProblemLoader Replaying proof normalisation1.key 
202788     DEBUG main            d.u.i.k.p.i.IntermediateProofReplayer Proof replay took 6.4ns 
202893     INFO  main            d.u.i.k.p.r.p.TestFile    ... finished proof: closed. 
203209     INFO  main            d.u.i.k.p.i.AbstractProblemLoader Loading environment from /home/runner/work/key/key/key.core/../key.ui/examples/standard_key/quantifiers/normalisation1.key.proof 
203209     DEBUG main            d.u.i.k.p.i.AbstractProblemLoader Environment load took 75.3ns 
203211     INFO  main            d.u.i.k.p.i.AbstractProblemLoader Creating init config 
205328     DEBUG main            d.u.i.k.p.i.AbstractProblemLoader Init config took 2.12s 
205349     INFO  main            d.u.i.k.p.i.AbstractProblemLoader Replaying proof normalisation1.key.proof 
205353     DEBUG main            d.u.i.k.p.i.IntermediateProofReplayer Proof replay took 2.41ms 
205353     DEBUG main            d.u.i.k.p.r.p.TestFile    ... success: reloaded. 
205354     INFO  main            d.u.i.k.p.r.p.TestFile    Now processing file /home/runner/work/key/key/key.core/../key.ui/examples/standard_key/quantifiers/normalisation2.key 
205354     INFO  main            d.u.i.k.p.i.AbstractProblemLoader Loading environment from /home/runner/work/key/key/key.core/../key.ui/examples/standard_key/quantifiers/normalisation2.key 
205354     DEBUG main            d.u.i.k.p.i.AbstractProblemLoader Environment load took 69.9ns 
205355     INFO  main            d.u.i.k.p.i.AbstractProblemLoader Creating init config 
207503     DEBUG main            d.u.i.k.p.i.AbstractProblemLoader Init config took 2.15s 
207515     INFO  main            d.u.i.k.p.i.AbstractProblemLoader Replaying proof normalisation2.key 
207516     DEBUG main            d.u.i.k.p.i.IntermediateProofReplayer Proof replay took 5.8ns 
207617     INFO  main            d.u.i.k.p.r.p.TestFile    ... finished proof: closed. 
207904     INFO  main            d.u.i.k.p.i.AbstractProblemLoader Loading environment from /home/runner/work/key/key/key.core/../key.ui/examples/standard_key/quantifiers/normalisation2.key.proof 
207904     DEBUG main            d.u.i.k.p.i.AbstractProblemLoader Environment load took 74.4ns 
207905     INFO  main            d.u.i.k.p.i.AbstractProblemLoader Creating init config 
210020     DEBUG main            d.u.i.k.p.i.AbstractProblemLoader Init config took 2.12s 
210032     INFO  main            d.u.i.k.p.i.AbstractProblemLoader Replaying proof normalisation2.key.proof 
210036     DEBUG main            d.u.i.k.p.i.IntermediateProofReplayer Proof replay took 1.9ms 
210036     DEBUG main            d.u.i.k.p.r.p.TestFile    ... success: reloaded. 
210037     INFO  main            d.u.i.k.p.r.p.TestFile    Now processing file /home/runner/work/key/key/key.core/../key.ui/examples/standard_key/quantifiers/normalisation3.key 
210037     INFO  main            d.u.i.k.p.i.AbstractProblemLoader Loading environment from /home/runner/work/key/key/key.core/../key.ui/examples/standard_key/quantifiers/normalisation3.key 
210037     DEBUG main            d.u.i.k.p.i.AbstractProblemLoader Environment load took 68.4ns 
210038     INFO  main            d.u.i.k.p.i.AbstractProblemLoader Creating init config 
212190     DEBUG main            d.u.i.k.p.i.AbstractProblemLoader Init config took 2.15s 
212203     INFO  main            d.u.i.k.p.i.AbstractProblemLoader Replaying proof normalisation3.key 
212204     DEBUG main            d.u.i.k.p.i.IntermediateProofReplayer Proof replay took 5.8ns 
212306     INFO  main            d.u.i.k.p.r.p.TestFile    ... finished proof: closed. 
212604     INFO  main            d.u.i.k.p.i.AbstractProblemLoader Loading environment from /home/runner/work/key/key/key.core/../key.ui/examples/standard_key/quantifiers/normalisation3.key.proof 
212604     DEBUG main            d.u.i.k.p.i.AbstractProblemLoader Environment load took 84.2ns 
212605     INFO  main            d.u.i.k.p.i.AbstractProblemLoader Creating init config 
214719     DEBUG main            d.u.i.k.p.i.AbstractProblemLoader Init config took 2.11s 
214735     INFO  main            d.u.i.k.p.i.AbstractProblemLoader Replaying proof normalisation3.key.proof 
214738     DEBUG main            d.u.i.k.p.i.IntermediateProofReplayer Proof replay took 1.96ms 
214738     DEBUG main            d.u.i.k.p.r.p.TestFile    ... success: reloaded. 
214739     INFO  main            d.u.i.k.p.r.p.TestFile    Now processing file /home/runner/work/key/key/key.core/../key.ui/examples/standard_key/quantifiers/normalisation4.key 
214739     INFO  main            d.u.i.k.p.i.AbstractProblemLoader Loading environment from /home/runner/work/key/key/key.core/../key.ui/examples/standard_key/quantifiers/normalisation4.key 
214739     DEBUG main            d.u.i.k.p.i.AbstractProblemLoader Environment load took 82.4ns 
214740     INFO  main            d.u.i.k.p.i.AbstractProblemLoader Creating init config 
216884     DEBUG main            d.u.i.k.p.i.AbstractProblemLoader Init config took 2.14s 
216896     INFO  main            d.u.i.k.p.i.AbstractProblemLoader Replaying proof normalisation4.key 
216898     DEBUG main            d.u.i.k.p.i.IntermediateProofReplayer Proof replay took 6.5ns 
217000     INFO  main            d.u.i.k.p.r.p.TestFile    ... finished proof: closed. 
217305     INFO  main            d.u.i.k.p.i.AbstractProblemLoader Loading environment from /home/runner/work/key/key/key.core/../key.ui/examples/standard_key/quantifiers/normalisation4.key.proof 
217305     DEBUG main            d.u.i.k.p.i.AbstractProblemLoader Environment load took 85.7ns 
217306     INFO  main            d.u.i.k.p.i.AbstractProblemLoader Creating init config 
219425     DEBUG main            d.u.i.k.p.i.AbstractProblemLoader Init config took 2.12s 
219438     INFO  main            d.u.i.k.p.i.AbstractProblemLoader Replaying proof normalisation4.key.proof 
219443     DEBUG main            d.u.i.k.p.i.IntermediateProofReplayer Proof replay took 3.73ms 
219444     DEBUG main            d.u.i.k.p.r.p.TestFile    ... success: reloaded. 
219445     INFO  main            d.u.i.k.p.r.p.TestFile    Now processing file /home/runner/work/key/key/key.core/../key.ui/examples/standard_key/quantifiers/normalisation5.key 
219445     INFO  main            d.u.i.k.p.i.AbstractProblemLoader Loading environment from /home/runner/work/key/key/key.core/../key.ui/examples/standard_key/quantifiers/normalisation5.key 
219445     DEBUG main            d.u.i.k.p.i.AbstractProblemLoader Environment load took 139.4ns 
219446     INFO  main            d.u.i.k.p.i.AbstractProblemLoader Creating init config 
221591     DEBUG main            d.u.i.k.p.i.AbstractProblemLoader Init config took 2.14s 
221603     INFO  main            d.u.i.k.p.i.AbstractProblemLoader Replaying proof normalisation5.key 
221604     DEBUG main            d.u.i.k.p.i.IntermediateProofReplayer Proof replay took 5.5ns 
221705     INFO  main            d.u.i.k.p.r.p.TestFile    ... finished proof: closed. 
222014     INFO  main            d.u.i.k.p.i.AbstractProblemLoader Loading environment from /home/runner/work/key/key/key.core/../key.ui/examples/standard_key/quantifiers/normalisation5.key.proof 
222014     DEBUG main            d.u.i.k.p.i.AbstractProblemLoader Environment load took 89.5ns 
222015     INFO  main            d.u.i.k.p.i.AbstractProblemLoader Creating init config 
224134     DEBUG main            d.u.i.k.p.i.AbstractProblemLoader Init config took 2.12s 
224146     INFO  main            d.u.i.k.p.i.AbstractProblemLoader Replaying proof normalisation5.key.proof 
224161     DEBUG main            d.u.i.k.p.i.IntermediateProofReplayer Proof replay took 13.14ms 
224161     DEBUG main            d.u.i.k.p.r.p.TestFile    ... success: reloaded. 
224162     INFO  main            d.u.i.k.p.r.p.TestFile    Now processing file /home/runner/work/key/key/key.core/../key.ui/examples/standard_key/quantifiers/normalisation6.key 
224162     INFO  main            d.u.i.k.p.i.AbstractProblemLoader Loading environment from /home/runner/work/key/key/key.core/../key.ui/examples/standard_key/quantifiers/normalisation6.key 
224167     DEBUG main            d.u.i.k.p.i.AbstractProblemLoader Environment load took 5.23ms 
224168     INFO  main            d.u.i.k.p.i.AbstractProblemLoader Creating init config 
226313     DEBUG main            d.u.i.k.p.i.AbstractProblemLoader Init config took 2.14s 
226325     INFO  main            d.u.i.k.p.i.AbstractProblemLoader Replaying proof normalisation6.key 
226330     DEBUG main            d.u.i.k.p.i.IntermediateProofReplayer Proof replay took 6.5ns 
226431     INFO  main            d.u.i.k.p.r.p.TestFile    ... finished proof: closed. 
226747     INFO  main            d.u.i.k.p.i.AbstractProblemLoader Loading environment from /home/runner/work/key/key/key.core/../key.ui/examples/standard_key/quantifiers/normalisation6.key.proof 
226747     DEBUG main            d.u.i.k.p.i.AbstractProblemLoader Environment load took 83.4ns 
226748     INFO  main            d.u.i.k.p.i.AbstractProblemLoader Creating init config 
228863     DEBUG main            d.u.i.k.p.i.AbstractProblemLoader Init config took 2.11s 
228875     INFO  main            d.u.i.k.p.i.AbstractProblemLoader Replaying proof normalisation6.key.proof 
228878     DEBUG main            d.u.i.k.p.i.IntermediateProofReplayer Proof replay took 1.95ms 
228879     DEBUG main            d.u.i.k.p.r.p.TestFile    ... success: reloaded. 
228880     INFO  main            d.u.i.k.p.r.p.TestFile    Now processing file /home/runner/work/key/key/key.core/../key.ui/examples/standard_key/quantifiers/normalisation7.key 
228880     INFO  main            d.u.i.k.p.i.AbstractProblemLoader Loading environment from /home/runner/work/key/key/key.core/../key.ui/examples/standard_key/quantifiers/normalisation7.key 
228880     DEBUG main            d.u.i.k.p.i.AbstractProblemLoader Environment load took 81.9ns 
228881     INFO  main            d.u.i.k.p.i.AbstractProblemLoader Creating init config 
231041     DEBUG main            d.u.i.k.p.i.AbstractProblemLoader Init config took 2.16s 
231053     INFO  main            d.u.i.k.p.i.AbstractProblemLoader Replaying proof normalisation7.key 
231055     DEBUG main            d.u.i.k.p.i.IntermediateProofReplayer Proof replay took 5.9ns 
231156     INFO  main            d.u.i.k.p.r.p.TestFile    ... finished proof: closed. 
231485     INFO  main            d.u.i.k.p.i.AbstractProblemLoader Loading environment from /home/runner/work/key/key/key.core/../key.ui/examples/standard_key/quantifiers/normalisation7.key.proof 
231485     DEBUG main            d.u.i.k.p.i.AbstractProblemLoader Environment load took 77ns 
231485     INFO  main            d.u.i.k.p.i.AbstractProblemLoader Creating init config 
233598     DEBUG main            d.u.i.k.p.i.AbstractProblemLoader Init config took 2.11s 
233613     INFO  main            d.u.i.k.p.i.AbstractProblemLoader Replaying proof normalisation7.key.proof 
233616     DEBUG main            d.u.i.k.p.i.IntermediateProofReplayer Proof replay took 1.99ms 
233617     DEBUG main            d.u.i.k.p.r.p.TestFile    ... success: reloaded. 
233617     INFO  main            d.u.i.k.p.r.p.TestFile    Now processing file /home/runner/work/key/key/key.core/../key.ui/examples/standard_key/quantifiers/normalisation8.key 
233618     INFO  main            d.u.i.k.p.i.AbstractProblemLoader Loading environment from /home/runner/work/key/key/key.core/../key.ui/examples/standard_key/quantifiers/normalisation8.key 
233618     DEBUG main            d.u.i.k.p.i.AbstractProblemLoader Environment load took 153.1ns 
233619     INFO  main            d.u.i.k.p.i.AbstractProblemLoader Creating init config 
235757     DEBUG main            d.u.i.k.p.i.AbstractProblemLoader Init config took 2.14s 
235770     INFO  main            d.u.i.k.p.i.AbstractProblemLoader Replaying proof normalisation8.key 
235771     DEBUG main            d.u.i.k.p.i.IntermediateProofReplayer Proof replay took 6ns 
235872     INFO  main            d.u.i.k.p.r.p.TestFile    ... finished proof: closed. 
236195     INFO  main            d.u.i.k.p.i.AbstractProblemLoader Loading environment from /home/runner/work/key/key/key.core/../key.ui/examples/standard_key/quantifiers/normalisation8.key.proof 
236195     DEBUG main            d.u.i.k.p.i.AbstractProblemLoader Environment load took 66.6ns 
236196     INFO  main            d.u.i.k.p.i.AbstractProblemLoader Creating init config 
238310     DEBUG main            d.u.i.k.p.i.AbstractProblemLoader Init config took 2.11s 
238322     INFO  main            d.u.i.k.p.i.AbstractProblemLoader Replaying proof normalisation8.key.proof 
238328     DEBUG main            d.u.i.k.p.i.IntermediateProofReplayer Proof replay took 4.05ms 
238328     DEBUG main            d.u.i.k.p.r.p.TestFile    ... success: reloaded. 
238329     INFO  main            d.u.i.k.p.r.p.TestFile    Now processing file /home/runner/work/key/key/key.core/../key.ui/examples/standard_key/quantifiers/normalisation9.key 
238329     INFO  main            d.u.i.k.p.i.AbstractProblemLoader Loading environment from /home/runner/work/key/key/key.core/../key.ui/examples/standard_key/quantifiers/normalisation9.key 
238329     DEBUG main            d.u.i.k.p.i.AbstractProblemLoader Environment load took 35.4ns 
238330     INFO  main            d.u.i.k.p.i.AbstractProblemLoader Creating init config 
240470     DEBUG main            d.u.i.k.p.i.AbstractProblemLoader Init config took 2.14s 
240482     INFO  main            d.u.i.k.p.i.AbstractProblemLoader Replaying proof normalisation9.key 
240484     DEBUG main            d.u.i.k.p.i.IntermediateProofReplayer Proof replay took 5.8ns 
240585     INFO  main            d.u.i.k.p.r.p.TestFile    ... finished proof: closed. 
240919     INFO  main            d.u.i.k.p.i.AbstractProblemLoader Loading environment from /home/runner/work/key/key/key.core/../key.ui/examples/standard_key/quantifiers/normalisation9.key.proof 
240919     DEBUG main            d.u.i.k.p.i.AbstractProblemLoader Environment load took 72.5ns 
240920     INFO  main            d.u.i.k.p.i.AbstractProblemLoader Creating init config 
243038     DEBUG main            d.u.i.k.p.i.AbstractProblemLoader Init config took 2.12s 
243051     INFO  main            d.u.i.k.p.i.AbstractProblemLoader Replaying proof normalisation9.key.proof 
243057     DEBUG main            d.u.i.k.p.i.IntermediateProofReplayer Proof replay took 5.34ms 
243058     DEBUG main            d.u.i.k.p.r.p.TestFile    ... success: reloaded. 
243059     INFO  main            d.u.i.k.p.r.p.TestFile    Now processing file /home/runner/work/key/key/key.core/../key.ui/examples/standard_key/quantifiers/normalisation10.key 
243059     INFO  main            d.u.i.k.p.i.AbstractProblemLoader Loading environment from /home/runner/work/key/key/key.core/../key.ui/examples/standard_key/quantifiers/normalisation10.key 
243059     DEBUG main            d.u.i.k.p.i.AbstractProblemLoader Environment load took 65.3ns 
243060     INFO  main            d.u.i.k.p.i.AbstractProblemLoader Creating init config 
245217     DEBUG main            d.u.i.k.p.i.AbstractProblemLoader Init config took 2.16s 
245229     INFO  main            d.u.i.k.p.i.AbstractProblemLoader Replaying proof normalisation10.key 
245230     DEBUG main            d.u.i.k.p.i.IntermediateProofReplayer Proof replay took 5.6ns 
245333     INFO  main            d.u.i.k.p.r.p.TestFile    ... finished proof: closed. 
245668     INFO  main            d.u.i.k.p.i.AbstractProblemLoader Loading environment from /home/runner/work/key/key/key.core/../key.ui/examples/standard_key/quantifiers/normalisation10.key.proof 
245668     DEBUG main            d.u.i.k.p.i.AbstractProblemLoader Environment load took 71ns 
245669     INFO  main            d.u.i.k.p.i.AbstractProblemLoader Creating init config 
247781     DEBUG main            d.u.i.k.p.i.AbstractProblemLoader Init config took 2.11s 
247794     INFO  main            d.u.i.k.p.i.AbstractProblemLoader Replaying proof normalisation10.key.proof 
247799     DEBUG main            d.u.i.k.p.i.IntermediateProofReplayer Proof replay took 3.94ms 
247800     DEBUG main            d.u.i.k.p.r.p.TestFile    ... success: reloaded. 
247800     INFO  main            d.u.i.k.p.r.p.TestFile    Now processing file /home/runner/work/key/key/key.core/../key.ui/examples/standard_key/quantifiers/normalisation12.key 
247800     INFO  main            d.u.i.k.p.i.AbstractProblemLoader Loading environment from /home/runner/work/key/key/key.core/../key.ui/examples/standard_key/quantifiers/normalisation12.key 
247800     DEBUG main            d.u.i.k.p.i.AbstractProblemLoader Environment load took 40.2ns 
247801     INFO  main            d.u.i.k.p.i.AbstractProblemLoader Creating init config 
249953     DEBUG main            d.u.i.k.p.i.AbstractProblemLoader Init config took 2.15s 
249966     INFO  main            d.u.i.k.p.i.AbstractProblemLoader Replaying proof normalisation12.key 
249967     DEBUG main            d.u.i.k.p.i.IntermediateProofReplayer Proof replay took 5.5ns 
250069     INFO  main            d.u.i.k.p.r.p.TestFile    ... finished proof: closed. 
250408     INFO  main            d.u.i.k.p.i.AbstractProblemLoader Loading environment from /home/runner/work/key/key/key.core/../key.ui/examples/standard_key/quantifiers/normalisation12.key.proof 
250409     DEBUG main            d.u.i.k.p.i.AbstractProblemLoader Environment load took 73ns 
250409     INFO  main            d.u.i.k.p.i.AbstractProblemLoader Creating init config 
252524     DEBUG main            d.u.i.k.p.i.AbstractProblemLoader Init config took 2.11s 
252537     INFO  main            d.u.i.k.p.i.AbstractProblemLoader Replaying proof normalisation12.key.proof 
252541     DEBUG main            d.u.i.k.p.i.IntermediateProofReplayer Proof replay took 1.82ms 
252542     DEBUG main            d.u.i.k.p.r.p.TestFile    ... success: reloaded. 
252543     INFO  main            d.u.i.k.p.r.p.TestFile    Now processing file /home/runner/work/key/key/key.core/../key.ui/examples/standard_key/quantifiers/normalisation13.key 
252544     INFO  main            d.u.i.k.p.i.AbstractProblemLoader Loading environment from /home/runner/work/key/key/key.core/../key.ui/examples/standard_key/quantifiers/normalisation13.key 
252544     DEBUG main            d.u.i.k.p.i.AbstractProblemLoader Environment load took 82.7ns 
252545     INFO  main            d.u.i.k.p.i.AbstractProblemLoader Creating init config 
254696     DEBUG main            d.u.i.k.p.i.AbstractProblemLoader Init config took 2.15s 
254709     INFO  main            d.u.i.k.p.i.AbstractProblemLoader Replaying proof normalisation13.key 
254710     DEBUG main            d.u.i.k.p.i.IntermediateProofReplayer Proof replay took 6.6ns 
254811     INFO  main            d.u.i.k.p.r.p.TestFile    ... finished proof: closed. 
255146     INFO  main            d.u.i.k.p.i.AbstractProblemLoader Loading environment from /home/runner/work/key/key/key.core/../key.ui/examples/standard_key/quantifiers/normalisation13.key.proof 
255146     DEBUG main            d.u.i.k.p.i.AbstractProblemLoader Environment load took 66.2ns 
255147     INFO  main            d.u.i.k.p.i.AbstractProblemLoader Creating init config 
257254     DEBUG main            d.u.i.k.p.i.AbstractProblemLoader Init config took 2.11s 
257267     INFO  main            d.u.i.k.p.i.AbstractProblemLoader Replaying proof normalisation13.key.proof 
257268     DEBUG main            d.u.i.k.p.i.IntermediateProofReplayer Proof replay took 457.3ns 
257269     DEBUG main            d.u.i.k.p.r.p.TestFile    ... success: reloaded. 
257269     INFO  main            d.u.i.k.p.r.p.TestFile    Now processing file /home/runner/work/key/key/key.core/../key.ui/examples/standard_key/quantifiers/triggers0.key 
257270     INFO  main            d.u.i.k.p.i.AbstractProblemLoader Loading environment from /home/runner/work/key/key/key.core/../key.ui/examples/standard_key/quantifiers/triggers0.key 
257270     DEBUG main            d.u.i.k.p.i.AbstractProblemLoader Environment load took 80.7ns 
257270     INFO  main            d.u.i.k.p.i.AbstractProblemLoader Creating init config 
259423     DEBUG main            d.u.i.k.p.i.AbstractProblemLoader Init config took 2.15s 
259435     INFO  main            d.u.i.k.p.i.AbstractProblemLoader Replaying proof triggers0.key 
259437     DEBUG main            d.u.i.k.p.i.IntermediateProofReplayer Proof replay took 5.5ns 
259538     INFO  main            d.u.i.k.p.r.p.TestFile    ... finished proof: closed. 
259882     INFO  main            d.u.i.k.p.i.AbstractProblemLoader Loading environment from /home/runner/work/key/key/key.core/../key.ui/examples/standard_key/quantifiers/triggers0.key.proof 
259882     DEBUG main            d.u.i.k.p.i.AbstractProblemLoader Environment load took 67.2ns 
259883     INFO  main            d.u.i.k.p.i.AbstractProblemLoader Creating init config 
261998     DEBUG main            d.u.i.k.p.i.AbstractProblemLoader Init config took 2.11s 
262010     INFO  main            d.u.i.k.p.i.AbstractProblemLoader Replaying proof triggers0.key.proof 
262012     DEBUG main            d.u.i.k.p.i.IntermediateProofReplayer Proof replay took 1.18ms 
262013     DEBUG main            d.u.i.k.p.r.p.TestFile    ... success: reloaded. 
3652247    INFO  Test worker     d.u.i.k.p.r.RunAllProofsTestUnit Returning from test FOL 
3652248    INFO  Test worker     d.u.i.k.p.r.RunAllProofsTestUnit Running test strings 
309        INFO  Timeout watchdog d.u.i.k.p.r.p.ForkedTestFileRunner Timeout watcher launched (2000 secs.) 
319        WARN  main            d.u.i.k.s.ProofSettings   The settings in /home/runner/.key/proof-settings.props are *not* read. 
363        INFO  main            d.u.i.k.p.r.p.TestFile    Now processing file /home/runner/work/key/key/key.core/../key.ui/examples/standard_key/strings/charAt0.key 
477        INFO  main            d.u.i.k.p.i.AbstractProblemLoader Loading environment from /home/runner/work/key/key/key.core/../key.ui/examples/standard_key/strings/charAt0.key 
492        DEBUG main            d.u.i.k.p.i.AbstractProblemLoader Environment load took 1.79ms 
805        INFO  main            d.u.i.k.p.i.AbstractProblemLoader Creating init config 
1743       DEBUG main            d.u.i.k.j.TypeConverter   No LDT found for Meta 
1744       DEBUG main            d.u.i.k.j.TypeConverter   No LDT found for Meta 
1747       DEBUG main            d.u.i.k.j.TypeConverter   No LDT found for Meta 
1748       DEBUG main            d.u.i.k.j.TypeConverter   No LDT found for Meta 
3071       DEBUG main            d.u.i.k.j.TypeConverter   No LDT found for JavaBigintExpression 
7539       DEBUG main            d.u.i.k.p.i.AbstractProblemLoader Init config took 6.73s 
7617       INFO  main            d.u.i.k.p.i.AbstractProblemLoader Replaying proof charAt0.key 
7646       DEBUG main            d.u.i.k.p.i.IntermediateProofReplayer Proof replay took 31.2ns 
8019       INFO  main            d.u.i.k.p.r.p.TestFile    ... finished proof: closed. 
8125       INFO  main            d.u.i.k.p.i.AbstractProblemLoader Loading environment from /home/runner/work/key/key/key.core/../key.ui/examples/standard_key/strings/charAt0.key.proof 
8128       DEBUG main            d.u.i.k.p.i.AbstractProblemLoader Environment load took 3.12ms 
8132       INFO  main            d.u.i.k.p.i.AbstractProblemLoader Creating init config 
10636      DEBUG main            d.u.i.k.p.i.AbstractProblemLoader Init config took 2.5s 
10682      INFO  main            d.u.i.k.p.i.AbstractProblemLoader Replaying proof charAt0.key.proof 
10716      DEBUG main            d.u.i.k.p.i.IntermediateProofReplayer Proof replay took 29.57ms 
10728      DEBUG main            d.u.i.k.p.r.p.TestFile    ... success: reloaded. 
10733      INFO  main            d.u.i.k.p.r.p.TestFile    Now processing file /home/runner/work/key/key/key.core/../key.ui/examples/standard_key/strings/charAt1.key 
10733      INFO  main            d.u.i.k.p.i.AbstractProblemLoader Loading environment from /home/runner/work/key/key/key.core/../key.ui/examples/standard_key/strings/charAt1.key 
10734      DEBUG main            d.u.i.k.p.i.AbstractProblemLoader Environment load took 100.5ns 
10737      INFO  main            d.u.i.k.p.i.AbstractProblemLoader Creating init config 
13135      DEBUG main            d.u.i.k.p.i.AbstractProblemLoader Init config took 2.4s 
13163      INFO  main            d.u.i.k.p.i.AbstractProblemLoader Replaying proof charAt1.key 
13165      DEBUG main            d.u.i.k.p.i.IntermediateProofReplayer Proof replay took 5.6ns 
13372      INFO  main            d.u.i.k.p.r.p.TestFile    ... finished proof: closed. 
13491      INFO  main            d.u.i.k.p.i.AbstractProblemLoader Loading environment from /home/runner/work/key/key/key.core/../key.ui/examples/standard_key/strings/charAt1.key.proof 
13493      DEBUG main            d.u.i.k.p.i.AbstractProblemLoader Environment load took 2.09ms 
13495      INFO  main            d.u.i.k.p.i.AbstractProblemLoader Creating init config 
15820      DEBUG main            d.u.i.k.p.i.AbstractProblemLoader Init config took 2.33s 
15844      INFO  main            d.u.i.k.p.i.AbstractProblemLoader Replaying proof charAt1.key.proof 
15862      DEBUG main            d.u.i.k.p.i.IntermediateProofReplayer Proof replay took 14.02ms 
15863      DEBUG main            d.u.i.k.p.r.p.TestFile    ... success: reloaded. 
15864      INFO  main            d.u.i.k.p.r.p.TestFile    Now processing file /home/runner/work/key/key/key.core/../key.ui/examples/standard_key/strings/concat1.key 
15864      INFO  main            d.u.i.k.p.i.AbstractProblemLoader Loading environment from /home/runner/work/key/key/key.core/../key.ui/examples/standard_key/strings/concat1.key 
15864      DEBUG main            d.u.i.k.p.i.AbstractProblemLoader Environment load took 159.2ns 
15865      INFO  main            d.u.i.k.p.i.AbstractProblemLoader Creating init config 
18196      DEBUG main            d.u.i.k.p.i.AbstractProblemLoader Init config took 2.33s 
18216      INFO  main            d.u.i.k.p.i.AbstractProblemLoader Replaying proof concat1.key 
18218      DEBUG main            d.u.i.k.p.i.IntermediateProofReplayer Proof replay took 5.5ns 
18320      INFO  main            d.u.i.k.p.r.p.TestFile    ... finished proof: closed. 
18478      INFO  main            d.u.i.k.p.i.AbstractProblemLoader Loading environment from /home/runner/work/key/key/key.core/../key.ui/examples/standard_key/strings/concat1.key.proof 
18478      DEBUG main            d.u.i.k.p.i.AbstractProblemLoader Environment load took 114.5ns 
18481      INFO  main            d.u.i.k.p.i.AbstractProblemLoader Creating init config 
20790      DEBUG main            d.u.i.k.p.i.AbstractProblemLoader Init config took 2.31s 
20809      INFO  main            d.u.i.k.p.i.AbstractProblemLoader Replaying proof concat1.key.proof 
20813      DEBUG main            d.u.i.k.p.i.IntermediateProofReplayer Proof replay took 1.29ms 
20813      DEBUG main            d.u.i.k.p.r.p.TestFile    ... success: reloaded. 
20814      INFO  main            d.u.i.k.p.r.p.TestFile    Now processing file /home/runner/work/key/key/key.core/../key.ui/examples/standard_key/strings/concat2.key 
20815      INFO  main            d.u.i.k.p.i.AbstractProblemLoader Loading environment from /home/runner/work/key/key/key.core/../key.ui/examples/standard_key/strings/concat2.key 
20815      DEBUG main            d.u.i.k.p.i.AbstractProblemLoader Environment load took 160.6ns 
20816      INFO  main            d.u.i.k.p.i.AbstractProblemLoader Creating init config 
23125      DEBUG main            d.u.i.k.p.i.AbstractProblemLoader Init config took 2.31s 
23145      INFO  main            d.u.i.k.p.i.AbstractProblemLoader Replaying proof concat2.key 
23147      DEBUG main            d.u.i.k.p.i.IntermediateProofReplayer Proof replay took 5.2ns 
23252      INFO  main            d.u.i.k.p.r.p.TestFile    ... finished proof: closed. 
23375      INFO  main            d.u.i.k.p.i.AbstractProblemLoader Loading environment from /home/runner/work/key/key/key.core/../key.ui/examples/standard_key/strings/concat2.key.proof 
23376      DEBUG main            d.u.i.k.p.i.AbstractProblemLoader Environment load took 105.5ns 
23377      INFO  main            d.u.i.k.p.i.AbstractProblemLoader Creating init config 
25650      DEBUG main            d.u.i.k.p.i.AbstractProblemLoader Init config took 2.27s 
25669      INFO  main            d.u.i.k.p.i.AbstractProblemLoader Replaying proof concat2.key.proof 
25680      DEBUG main            d.u.i.k.p.i.IntermediateProofReplayer Proof replay took 8.81ms 
25681      DEBUG main            d.u.i.k.p.r.p.TestFile    ... success: reloaded. 
25682      INFO  main            d.u.i.k.p.r.p.TestFile    Now processing file /home/runner/work/key/key/key.core/../key.ui/examples/standard_key/strings/deriveLength1.key 
25682      INFO  main            d.u.i.k.p.i.AbstractProblemLoader Loading environment from /home/runner/work/key/key/key.core/../key.ui/examples/standard_key/strings/deriveLength1.key 
25682      DEBUG main            d.u.i.k.p.i.AbstractProblemLoader Environment load took 176ns 
25683      INFO  main            d.u.i.k.p.i.AbstractProblemLoader Creating init config 
27958      DEBUG main            d.u.i.k.p.i.AbstractProblemLoader Init config took 2.27s 
27977      INFO  main            d.u.i.k.p.i.AbstractProblemLoader Replaying proof deriveLength1.key 
27979      DEBUG main            d.u.i.k.p.i.IntermediateProofReplayer Proof replay took 6ns 
28081      INFO  main            d.u.i.k.p.r.p.TestFile    ... finished proof: closed. 
28237      INFO  main            d.u.i.k.p.i.AbstractProblemLoader Loading environment from /home/runner/work/key/key/key.core/../key.ui/examples/standard_key/strings/deriveLength1.key.proof 
28237      DEBUG main            d.u.i.k.p.i.AbstractProblemLoader Environment load took 108.8ns 
28238      INFO  main            d.u.i.k.p.i.AbstractProblemLoader Creating init config 
30485      DEBUG main            d.u.i.k.p.i.AbstractProblemLoader Init config took 2.25s 
30504      INFO  main            d.u.i.k.p.i.AbstractProblemLoader Replaying proof deriveLength1.key.proof 
30516      DEBUG main            d.u.i.k.p.i.IntermediateProofReplayer Proof replay took 9.93ms 
30518      DEBUG main            d.u.i.k.p.r.p.TestFile    ... success: reloaded. 
30519      INFO  main            d.u.i.k.p.r.p.TestFile    Now processing file /home/runner/work/key/key/key.core/../key.ui/examples/standard_key/strings/emptyStringLengthZero.key 
30519      INFO  main            d.u.i.k.p.i.AbstractProblemLoader Loading environment from /home/runner/work/key/key/key.core/../key.ui/examples/standard_key/strings/emptyStringLengthZero.key 
30519      DEBUG main            d.u.i.k.p.i.AbstractProblemLoader Environment load took 89ns 
30520      INFO  main            d.u.i.k.p.i.AbstractProblemLoader Creating init config 
32815      DEBUG main            d.u.i.k.p.i.AbstractProblemLoader Init config took 2.29s 
32834      INFO  main            d.u.i.k.p.i.AbstractProblemLoader Replaying proof emptyStringLengthZero.key 
32835      DEBUG main            d.u.i.k.p.i.IntermediateProofReplayer Proof replay took 6ns 
32940      INFO  main            d.u.i.k.p.r.p.TestFile    ... finished proof: closed. 
33076      INFO  main            d.u.i.k.p.i.AbstractProblemLoader Loading environment from /home/runner/work/key/key/key.core/../key.ui/examples/standard_key/strings/emptyStringLengthZero.key.proof 
33076      DEBUG main            d.u.i.k.p.i.AbstractProblemLoader Environment load took 110.8ns 
33077      INFO  main            d.u.i.k.p.i.AbstractProblemLoader Creating init config 
35301      DEBUG main            d.u.i.k.p.i.AbstractProblemLoader Init config took 2.22s 
35317      INFO  main            d.u.i.k.p.i.AbstractProblemLoader Replaying proof emptyStringLengthZero.key.proof 
35322      DEBUG main            d.u.i.k.p.i.IntermediateProofReplayer Proof replay took 3.16ms 
35323      DEBUG main            d.u.i.k.p.r.p.TestFile    ... success: reloaded. 
35324      INFO  main            d.u.i.k.p.r.p.TestFile    Now processing file /home/runner/work/key/key/key.core/../key.ui/examples/standard_key/strings/implicitBooleanStringConversion.key 
35324      INFO  main            d.u.i.k.p.i.AbstractProblemLoader Loading environment from /home/runner/work/key/key/key.core/../key.ui/examples/standard_key/strings/implicitBooleanStringConversion.key 
35324      DEBUG main            d.u.i.k.p.i.AbstractProblemLoader Environment load took 156.9ns 
35325      INFO  main            d.u.i.k.p.i.AbstractProblemLoader Creating init config 
37609      DEBUG main            d.u.i.k.p.i.AbstractProblemLoader Init config took 2.28s 
37629      INFO  main            d.u.i.k.p.i.AbstractProblemLoader Replaying proof implicitBooleanStringConversion.key 
37630      DEBUG main            d.u.i.k.p.i.IntermediateProofReplayer Proof replay took 6ns 
38638      INFO  main            d.u.i.k.p.r.p.TestFile    ... finished proof: closed. 
38863      INFO  main            d.u.i.k.p.i.AbstractProblemLoader Loading environment from /home/runner/work/key/key/key.core/../key.ui/examples/standard_key/strings/implicitBooleanStringConversion.key.proof 
38863      DEBUG main            d.u.i.k.p.i.AbstractProblemLoader Environment load took 464.8ns 
38865      INFO  main            d.u.i.k.p.i.AbstractProblemLoader Creating init config 
41124      DEBUG main            d.u.i.k.p.i.AbstractProblemLoader Init config took 2.26s 
41142      INFO  main            d.u.i.k.p.i.AbstractProblemLoader Replaying proof implicitBooleanStringConversion.key.proof 
41232      DEBUG main            d.u.i.k.p.i.IntermediateProofReplayer Proof replay took 84.23ms 
41233      DEBUG main            d.u.i.k.p.r.p.TestFile    ... success: reloaded. 
41234      INFO  main            d.u.i.k.p.r.p.TestFile    Now processing file /home/runner/work/key/key/key.core/../key.ui/examples/standard_key/strings/implicitBooleanStringConversion2.key 
41234      INFO  main            d.u.i.k.p.i.AbstractProblemLoader Loading environment from /home/runner/work/key/key/key.core/../key.ui/examples/standard_key/strings/implicitBooleanStringConversion2.key 
41234      DEBUG main            d.u.i.k.p.i.AbstractProblemLoader Environment load took 155.3ns 
41235      INFO  main            d.u.i.k.p.i.AbstractProblemLoader Creating init config 
43540      DEBUG main            d.u.i.k.p.i.AbstractProblemLoader Init config took 2.3s 
43557      INFO  main            d.u.i.k.p.i.AbstractProblemLoader Replaying proof implicitBooleanStringConversion2.key 
43558      DEBUG main            d.u.i.k.p.i.IntermediateProofReplayer Proof replay took 5.4ns 
43861      INFO  main            d.u.i.k.p.r.p.TestFile    ... finished proof: closed. 
44040      INFO  main            d.u.i.k.p.i.AbstractProblemLoader Loading environment from /home/runner/work/key/key/key.core/../key.ui/examples/standard_key/strings/implicitBooleanStringConversion2.key.proof 
44040      DEBUG main            d.u.i.k.p.i.AbstractProblemLoader Environment load took 108.9ns 
44041      INFO  main            d.u.i.k.p.i.AbstractProblemLoader Creating init config 
46266      DEBUG main            d.u.i.k.p.i.AbstractProblemLoader Init config took 2.22s 
46284      INFO  main            d.u.i.k.p.i.AbstractProblemLoader Replaying proof implicitBooleanStringConversion2.key.proof 
46331      DEBUG main            d.u.i.k.p.i.IntermediateProofReplayer Proof replay took 43.03ms 
46332      DEBUG main            d.u.i.k.p.r.p.TestFile    ... success: reloaded. 
46333      INFO  main            d.u.i.k.p.r.p.TestFile    Now processing file /home/runner/work/key/key/key.core/../key.ui/examples/standard_key/strings/implicitIntStringConversion.key 
46335      INFO  main            d.u.i.k.p.i.AbstractProblemLoader Loading environment from /home/runner/work/key/key/key.core/../key.ui/examples/standard_key/strings/implicitIntStringConversion.key 
46335      DEBUG main            d.u.i.k.p.i.AbstractProblemLoader Environment load took 192.5ns 
46336      INFO  main            d.u.i.k.p.i.AbstractProblemLoader Creating init config 
48590      DEBUG main            d.u.i.k.p.i.AbstractProblemLoader Init config took 2.25s 
48608      INFO  main            d.u.i.k.p.i.AbstractProblemLoader Replaying proof implicitIntStringConversion.key 
48611      DEBUG main            d.u.i.k.p.i.IntermediateProofReplayer Proof replay took 5.9ns 
49116      INFO  main            d.u.i.k.p.r.p.TestFile    ... finished proof: closed. 
49301      INFO  main            d.u.i.k.p.i.AbstractProblemLoader Loading environment from /home/runner/work/key/key/key.core/../key.ui/examples/standard_key/strings/implicitIntStringConversion.key.proof 
49305      DEBUG main            d.u.i.k.p.i.AbstractProblemLoader Environment load took 3.99ms 
49306      INFO  main            d.u.i.k.p.i.AbstractProblemLoader Creating init config 
51503      DEBUG main            d.u.i.k.p.i.AbstractProblemLoader Init config took 2.2s 
51520      INFO  main            d.u.i.k.p.i.AbstractProblemLoader Replaying proof implicitIntStringConversion.key.proof 
51595      DEBUG main            d.u.i.k.p.i.IntermediateProofReplayer Proof replay took 69.13ms 
51596      DEBUG main            d.u.i.k.p.r.p.TestFile    ... success: reloaded. 
51597      INFO  main            d.u.i.k.p.r.p.TestFile    Now processing file /home/runner/work/key/key/key.core/../key.ui/examples/standard_key/strings/implicitNullStringConversion.key 
51597      INFO  main            d.u.i.k.p.i.AbstractProblemLoader Loading environment from /home/runner/work/key/key/key.core/../key.ui/examples/standard_key/strings/implicitNullStringConversion.key 
51598      DEBUG main            d.u.i.k.p.i.AbstractProblemLoader Environment load took 646.4ns 
51599      INFO  main            d.u.i.k.p.i.AbstractProblemLoader Creating init config 
53850      DEBUG main            d.u.i.k.p.i.AbstractProblemLoader Init config took 2.25s 
53866      INFO  main            d.u.i.k.p.i.AbstractProblemLoader Replaying proof implicitNullStringConversion.key 
53867      DEBUG main            d.u.i.k.p.i.IntermediateProofReplayer Proof replay took 6.3ns 
54173      INFO  main            d.u.i.k.p.r.p.TestFile    ... finished proof: closed. 
54356      INFO  main            d.u.i.k.p.i.AbstractProblemLoader Loading environment from /home/runner/work/key/key/key.core/../key.ui/examples/standard_key/strings/implicitNullStringConversion.key.proof 
54356      DEBUG main            d.u.i.k.p.i.AbstractProblemLoader Environment load took 102.1ns 
54357      INFO  main            d.u.i.k.p.i.AbstractProblemLoader Creating init config 
56545      DEBUG main            d.u.i.k.p.i.AbstractProblemLoader Init config took 2.19s 
56562      INFO  main            d.u.i.k.p.i.AbstractProblemLoader Replaying proof implicitNullStringConversion.key.proof 
56606      DEBUG main            d.u.i.k.p.i.IntermediateProofReplayer Proof replay took 37.57ms 
56607      DEBUG main            d.u.i.k.p.r.p.TestFile    ... success: reloaded. 
56608      INFO  main            d.u.i.k.p.r.p.TestFile    Now processing file /home/runner/work/key/key/key.core/../key.ui/examples/standard_key/strings/implicitNullStringConversion2.key 
56608      INFO  main            d.u.i.k.p.i.AbstractProblemLoader Loading environment from /home/runner/work/key/key/key.core/../key.ui/examples/standard_key/strings/implicitNullStringConversion2.key 
56608      DEBUG main            d.u.i.k.p.i.AbstractProblemLoader Environment load took 81ns 
56609      INFO  main            d.u.i.k.p.i.AbstractProblemLoader Creating init config 
58884      DEBUG main            d.u.i.k.p.i.AbstractProblemLoader Init config took 2.27s 
58901      INFO  main            d.u.i.k.p.i.AbstractProblemLoader Replaying proof implicitNullStringConversion2.key 
58903      DEBUG main            d.u.i.k.p.i.IntermediateProofReplayer Proof replay took 6.1ns 
59106      INFO  main            d.u.i.k.p.r.p.TestFile    ... finished proof: closed. 
59282      INFO  main            d.u.i.k.p.i.AbstractProblemLoader Loading environment from /home/runner/work/key/key/key.core/../key.ui/examples/standard_key/strings/implicitNullStringConversion2.key.proof 
59282      DEBUG main            d.u.i.k.p.i.AbstractProblemLoader Environment load took 104.3ns 
59283      INFO  main            d.u.i.k.p.i.AbstractProblemLoader Creating init config 
61455      DEBUG main            d.u.i.k.p.i.AbstractProblemLoader Init config took 2.17s 
61471      INFO  main            d.u.i.k.p.i.AbstractProblemLoader Replaying proof implicitNullStringConversion2.key.proof 
61494      DEBUG main            d.u.i.k.p.i.IntermediateProofReplayer Proof replay took 20.69ms 
61495      DEBUG main            d.u.i.k.p.r.p.TestFile    ... success: reloaded. 
61496      INFO  main            d.u.i.k.p.r.p.TestFile    Now processing file /home/runner/work/key/key/key.core/../key.ui/examples/standard_key/strings/implicitObjectStringConversion.key 
61496      INFO  main            d.u.i.k.p.i.AbstractProblemLoader Loading environment from /home/runner/work/key/key/key.core/../key.ui/examples/standard_key/strings/implicitObjectStringConversion.key 
61496      DEBUG main            d.u.i.k.p.i.AbstractProblemLoader Environment load took 144.7ns 
61497      INFO  main            d.u.i.k.p.i.AbstractProblemLoader Creating init config 
63956      DEBUG main            d.u.i.k.p.i.AbstractProblemLoader Init config took 2.46s 
63971      INFO  main            d.u.i.k.p.i.AbstractProblemLoader Replaying proof implicitObjectStringConversion.key 
63972      DEBUG main            d.u.i.k.p.i.IntermediateProofReplayer Proof replay took 5.7ns 
64479      INFO  main            d.u.i.k.p.r.p.TestFile    ... finished proof: closed. 
64661      INFO  main            d.u.i.k.p.i.AbstractProblemLoader Loading environment from /home/runner/work/key/key/key.core/../key.ui/examples/standard_key/strings/implicitObjectStringConversion.key.proof 
64661      DEBUG main            d.u.i.k.p.i.AbstractProblemLoader Environment load took 113.1ns 
64662      INFO  main            d.u.i.k.p.i.AbstractProblemLoader Creating init config 
67052      DEBUG main            d.u.i.k.p.i.AbstractProblemLoader Init config took 2.39s 
67069      INFO  main            d.u.i.k.p.i.AbstractProblemLoader Replaying proof implicitObjectStringConversion.key.proof 
67117      DEBUG main            d.u.i.k.p.i.IntermediateProofReplayer Proof replay took 45.15ms 
67118      DEBUG main            d.u.i.k.p.r.p.TestFile    ... success: reloaded. 
67119      INFO  main            d.u.i.k.p.r.p.TestFile    Now processing file /home/runner/work/key/key/key.core/../key.ui/examples/standard_key/strings/literalEquality.key 
67119      INFO  main            d.u.i.k.p.i.AbstractProblemLoader Loading environment from /home/runner/work/key/key/key.core/../key.ui/examples/standard_key/strings/literalEquality.key 
67120      DEBUG main            d.u.i.k.p.i.AbstractProblemLoader Environment load took 174.5ns 
67120      INFO  main            d.u.i.k.p.i.AbstractProblemLoader Creating init config 
69367      DEBUG main            d.u.i.k.p.i.AbstractProblemLoader Init config took 2.25s 
69381      INFO  main            d.u.i.k.p.i.AbstractProblemLoader Replaying proof literalEquality.key 
69383      DEBUG main            d.u.i.k.p.i.IntermediateProofReplayer Proof replay took 6.7ns 
69485      INFO  main            d.u.i.k.p.r.p.TestFile    ... finished proof: closed. 
69685      INFO  main            d.u.i.k.p.i.AbstractProblemLoader Loading environment from /home/runner/work/key/key/key.core/../key.ui/examples/standard_key/strings/literalEquality.key.proof 
69685      DEBUG main            d.u.i.k.p.i.AbstractProblemLoader Environment load took 101.2ns 
69686      INFO  main            d.u.i.k.p.i.AbstractProblemLoader Creating init config 
71863      DEBUG main            d.u.i.k.p.i.AbstractProblemLoader Init config took 2.18s 
71877      INFO  main            d.u.i.k.p.i.AbstractProblemLoader Replaying proof literalEquality.key.proof 
71880      DEBUG main            d.u.i.k.p.i.IntermediateProofReplayer Proof replay took 1.93ms 
71881      DEBUG main            d.u.i.k.p.r.p.TestFile    ... success: reloaded. 
71881      INFO  main            d.u.i.k.p.r.p.TestFile    Now processing file /home/runner/work/key/key/key.core/../key.ui/examples/standard_key/strings/replace0.key 
71881      INFO  main            d.u.i.k.p.i.AbstractProblemLoader Loading environment from /home/runner/work/key/key/key.core/../key.ui/examples/standard_key/strings/replace0.key 
71881      DEBUG main            d.u.i.k.p.i.AbstractProblemLoader Environment load took 55.4ns 
71882      INFO  main            d.u.i.k.p.i.AbstractProblemLoader Creating init config 
74121      DEBUG main            d.u.i.k.p.i.AbstractProblemLoader Init config took 2.24s 
74151      INFO  main            d.u.i.k.p.i.AbstractProblemLoader Replaying proof replace0.key 
74152      DEBUG main            d.u.i.k.p.i.IntermediateProofReplayer Proof replay took 6.3ns 
74255      INFO  main            d.u.i.k.p.r.p.TestFile    ... finished proof: closed. 
74436      INFO  main            d.u.i.k.p.i.AbstractProblemLoader Loading environment from /home/runner/work/key/key/key.core/../key.ui/examples/standard_key/strings/replace0.key.proof 
74436      DEBUG main            d.u.i.k.p.i.AbstractProblemLoader Environment load took 98.2ns 
74438      INFO  main            d.u.i.k.p.i.AbstractProblemLoader Creating init config 
76623      DEBUG main            d.u.i.k.p.i.AbstractProblemLoader Init config took 2.19s 
76637      INFO  main            d.u.i.k.p.i.AbstractProblemLoader Replaying proof replace0.key.proof 
76643      DEBUG main            d.u.i.k.p.i.IntermediateProofReplayer Proof replay took 3.74ms 
76643      DEBUG main            d.u.i.k.p.r.p.TestFile    ... success: reloaded. 
76644      INFO  main            d.u.i.k.p.r.p.TestFile    Now processing file /home/runner/work/key/key/key.core/../key.ui/examples/standard_key/strings/replace1.key 
76644      INFO  main            d.u.i.k.p.i.AbstractProblemLoader Loading environment from /home/runner/work/key/key/key.core/../key.ui/examples/standard_key/strings/replace1.key 
76644      DEBUG main            d.u.i.k.p.i.AbstractProblemLoader Environment load took 75.4ns 
76645      INFO  main            d.u.i.k.p.i.AbstractProblemLoader Creating init config 
78837      DEBUG main            d.u.i.k.p.i.AbstractProblemLoader Init config took 2.19s 
78851      INFO  main            d.u.i.k.p.i.AbstractProblemLoader Replaying proof replace1.key 
78854      DEBUG main            d.u.i.k.p.i.IntermediateProofReplayer Proof replay took 6.4ns 
78955      INFO  main            d.u.i.k.p.r.p.TestFile    ... finished proof: closed. 
79136      INFO  main            d.u.i.k.p.i.AbstractProblemLoader Loading environment from /home/runner/work/key/key/key.core/../key.ui/examples/standard_key/strings/replace1.key.proof 
79136      DEBUG main            d.u.i.k.p.i.AbstractProblemLoader Environment load took 98.6ns 
79137      INFO  main            d.u.i.k.p.i.AbstractProblemLoader Creating init config 
81304      DEBUG main            d.u.i.k.p.i.AbstractProblemLoader Init config took 2.17s 
81317      INFO  main            d.u.i.k.p.i.AbstractProblemLoader Replaying proof replace1.key.proof 
81323      DEBUG main            d.u.i.k.p.i.IntermediateProofReplayer Proof replay took 4.27ms 
81323      DEBUG main            d.u.i.k.p.r.p.TestFile    ... success: reloaded. 
81324      INFO  main            d.u.i.k.p.r.p.TestFile    Now processing file /home/runner/work/key/key/key.core/../key.ui/examples/standard_key/strings/simpleAssignment.key 
81324      INFO  main            d.u.i.k.p.i.AbstractProblemLoader Loading environment from /home/runner/work/key/key/key.core/../key.ui/examples/standard_key/strings/simpleAssignment.key 
81324      DEBUG main            d.u.i.k.p.i.AbstractProblemLoader Environment load took 81.3ns 
81325      INFO  main            d.u.i.k.p.i.AbstractProblemLoader Creating init config 
83548      DEBUG main            d.u.i.k.p.i.AbstractProblemLoader Init config took 2.22s 
83562      INFO  main            d.u.i.k.p.i.AbstractProblemLoader Replaying proof simpleAssignment.key 
83563      DEBUG main            d.u.i.k.p.i.IntermediateProofReplayer Proof replay took 5.7ns 
83665      INFO  main            d.u.i.k.p.r.p.TestFile    ... finished proof: closed. 
83853      INFO  main            d.u.i.k.p.i.AbstractProblemLoader Loading environment from /home/runner/work/key/key/key.core/../key.ui/examples/standard_key/strings/simpleAssignment.key.proof 
83853      DEBUG main            d.u.i.k.p.i.AbstractProblemLoader Environment load took 99.3ns 
83854      INFO  main            d.u.i.k.p.i.AbstractProblemLoader Creating init config 
86012      DEBUG main            d.u.i.k.p.i.AbstractProblemLoader Init config took 2.16s 
86026      INFO  main            d.u.i.k.p.i.AbstractProblemLoader Replaying proof simpleAssignment.key.proof 
86028      DEBUG main            d.u.i.k.p.i.IntermediateProofReplayer Proof replay took 1.16ms 
86029      DEBUG main            d.u.i.k.p.r.p.TestFile    ... success: reloaded. 
86030      INFO  main            d.u.i.k.p.r.p.TestFile    Now processing file /home/runner/work/key/key/key.core/../key.ui/examples/standard_key/strings/simpleLengthComp.key 
86030      INFO  main            d.u.i.k.p.i.AbstractProblemLoader Loading environment from /home/runner/work/key/key/key.core/../key.ui/examples/standard_key/strings/simpleLengthComp.key 
86030      DEBUG main            d.u.i.k.p.i.AbstractProblemLoader Environment load took 85.7ns 
86031      INFO  main            d.u.i.k.p.i.AbstractProblemLoader Creating init config 
88296      DEBUG main            d.u.i.k.p.i.AbstractProblemLoader Init config took 2.26s 
88309      INFO  main            d.u.i.k.p.i.AbstractProblemLoader Replaying proof simpleLengthComp.key 
88312      DEBUG main            d.u.i.k.p.i.IntermediateProofReplayer Proof replay took 6.2ns 
88515      INFO  main            d.u.i.k.p.r.p.TestFile    ... finished proof: closed. 
88726      INFO  main            d.u.i.k.p.i.AbstractProblemLoader Loading environment from /home/runner/work/key/key/key.core/../key.ui/examples/standard_key/strings/simpleLengthComp.key.proof 
88727      DEBUG main            d.u.i.k.p.i.AbstractProblemLoader Environment load took 117.6ns 
88728      INFO  main            d.u.i.k.p.i.AbstractProblemLoader Creating init config 
90917      DEBUG main            d.u.i.k.p.i.AbstractProblemLoader Init config took 2.19s 
90934      INFO  main            d.u.i.k.p.i.AbstractProblemLoader Replaying proof simpleLengthComp.key.proof 
90964      DEBUG main            d.u.i.k.p.i.IntermediateProofReplayer Proof replay took 25.44ms 
90966      DEBUG main            d.u.i.k.p.r.p.TestFile    ... success: reloaded. 
90968      INFO  main            d.u.i.k.p.r.p.TestFile    Now processing file /home/runner/work/key/key/key.core/../key.ui/examples/standard_key/strings/stringCompileTimeConstant1.key 
90968      INFO  main            d.u.i.k.p.i.AbstractProblemLoader Loading environment from /home/runner/work/key/key/key.core/../key.ui/examples/standard_key/strings/stringCompileTimeConstant1.key 
90968      DEBUG main            d.u.i.k.p.i.AbstractProblemLoader Environment load took 151.5ns 
90969      INFO  main            d.u.i.k.p.i.AbstractProblemLoader Creating init config 
93174      DEBUG main            d.u.i.k.p.i.AbstractProblemLoader Init config took 2.21s 
93189      INFO  main            d.u.i.k.p.i.AbstractProblemLoader Replaying proof stringCompileTimeConstant1.key 
93190      DEBUG main            d.u.i.k.p.i.IntermediateProofReplayer Proof replay took 6.6ns 
93295      INFO  main            d.u.i.k.p.r.p.TestFile    ... finished proof: closed. 
93522      INFO  main            d.u.i.k.p.i.AbstractProblemLoader Loading environment from /home/runner/work/key/key/key.core/../key.ui/examples/standard_key/strings/stringCompileTimeConstant1.key.proof 
93522      DEBUG main            d.u.i.k.p.i.AbstractProblemLoader Environment load took 89.7ns 
93523      INFO  main            d.u.i.k.p.i.AbstractProblemLoader Creating init config 
95684      DEBUG main            d.u.i.k.p.i.AbstractProblemLoader Init config took 2.16s 
95698      INFO  main            d.u.i.k.p.i.AbstractProblemLoader Replaying proof stringCompileTimeConstant1.key.proof 
95702      DEBUG main            d.u.i.k.p.i.IntermediateProofReplayer Proof replay took 2.68ms 
95703      DEBUG main            d.u.i.k.p.r.p.TestFile    ... success: reloaded. 
95703      INFO  main            d.u.i.k.p.r.p.TestFile    Now processing file /home/runner/work/key/key/key.core/../key.ui/examples/standard_key/strings/stringCompileTimeConstant2.key 
95703      INFO  main            d.u.i.k.p.i.AbstractProblemLoader Loading environment from /home/runner/work/key/key/key.core/../key.ui/examples/standard_key/strings/stringCompileTimeConstant2.key 
95703      DEBUG main            d.u.i.k.p.i.AbstractProblemLoader Environment load took 73.3ns 
95704      INFO  main            d.u.i.k.p.i.AbstractProblemLoader Creating init config 
98080      DEBUG main            d.u.i.k.p.i.AbstractProblemLoader Init config took 2.38s 
98094      INFO  main            d.u.i.k.p.i.AbstractProblemLoader Replaying proof stringCompileTimeConstant2.key 
98096      DEBUG main            d.u.i.k.p.i.IntermediateProofReplayer Proof replay took 6ns 
100519     INFO  main            d.u.i.k.p.r.p.TestFile    ... finished proof: closed. 
100756     INFO  main            d.u.i.k.p.i.AbstractProblemLoader Loading environment from /home/runner/work/key/key/key.core/../key.ui/examples/standard_key/strings/stringCompileTimeConstant2.key.proof 
100757     DEBUG main            d.u.i.k.p.i.AbstractProblemLoader Environment load took 751.2ns 
100761     INFO  main            d.u.i.k.p.i.AbstractProblemLoader Creating init config 
103069     DEBUG main            d.u.i.k.p.i.AbstractProblemLoader Init config took 2.31s 
103083     INFO  main            d.u.i.k.p.i.AbstractProblemLoader Replaying proof stringCompileTimeConstant2.key.proof 
103408     DEBUG main            d.u.i.k.p.i.IntermediateProofReplayer Proof replay took 314.62ms 
103410     DEBUG main            d.u.i.k.p.r.p.TestFile    ... success: reloaded. 
103411     INFO  main            d.u.i.k.p.r.p.TestFile    Now processing file /home/runner/work/key/key/key.core/../key.ui/examples/standard_key/strings/stringEquality1.key 
103411     INFO  main            d.u.i.k.p.i.AbstractProblemLoader Loading environment from /home/runner/work/key/key/key.core/../key.ui/examples/standard_key/strings/stringEquality1.key 
103411     DEBUG main            d.u.i.k.p.i.AbstractProblemLoader Environment load took 171.3ns 
103412     INFO  main            d.u.i.k.p.i.AbstractProblemLoader Creating init config 
105647     DEBUG main            d.u.i.k.p.i.AbstractProblemLoader Init config took 2.23s 
105659     INFO  main            d.u.i.k.p.i.AbstractProblemLoader Replaying proof stringEquality1.key 
105660     DEBUG main            d.u.i.k.p.i.IntermediateProofReplayer Proof replay took 6.3ns 
105762     INFO  main            d.u.i.k.p.r.p.TestFile    ... finished proof: closed. 
106009     INFO  main            d.u.i.k.p.i.AbstractProblemLoader Loading environment from /home/runner/work/key/key/key.core/../key.ui/examples/standard_key/strings/stringEquality1.key.proof 
106009     DEBUG main            d.u.i.k.p.i.AbstractProblemLoader Environment load took 91.5ns 
106010     INFO  main            d.u.i.k.p.i.AbstractProblemLoader Creating init config 
108149     DEBUG main            d.u.i.k.p.i.AbstractProblemLoader Init config took 2.14s 
108162     INFO  main            d.u.i.k.p.i.AbstractProblemLoader Replaying proof stringEquality1.key.proof 
108170     DEBUG main            d.u.i.k.p.i.IntermediateProofReplayer Proof replay took 6.57ms 
108171     DEBUG main            d.u.i.k.p.r.p.TestFile    ... success: reloaded. 
108172     INFO  main            d.u.i.k.p.r.p.TestFile    Now processing file /home/runner/work/key/key/key.core/../key.ui/examples/standard_key/strings/stringEquality2.key 
108172     INFO  main            d.u.i.k.p.i.AbstractProblemLoader Loading environment from /home/runner/work/key/key/key.core/../key.ui/examples/standard_key/strings/stringEquality2.key 
108172     DEBUG main            d.u.i.k.p.i.AbstractProblemLoader Environment load took 76.4ns 
108173     INFO  main            d.u.i.k.p.i.AbstractProblemLoader Creating init config 
110352     DEBUG main            d.u.i.k.p.i.AbstractProblemLoader Init config took 2.18s 
110364     INFO  main            d.u.i.k.p.i.AbstractProblemLoader Replaying proof stringEquality2.key 
110365     DEBUG main            d.u.i.k.p.i.IntermediateProofReplayer Proof replay took 6.6ns 
110769     INFO  main            d.u.i.k.p.r.p.TestFile    ... finished proof: closed. 
110996     INFO  main            d.u.i.k.p.i.AbstractProblemLoader Loading environment from /home/runner/work/key/key/key.core/../key.ui/examples/standard_key/strings/stringEquality2.key.proof 
110997     DEBUG main            d.u.i.k.p.i.AbstractProblemLoader Environment load took 308.5ns 
110998     INFO  main            d.u.i.k.p.i.AbstractProblemLoader Creating init config 
113158     DEBUG main            d.u.i.k.p.i.AbstractProblemLoader Init config took 2.16s 
113171     INFO  main            d.u.i.k.p.i.AbstractProblemLoader Replaying proof stringEquality2.key.proof 
113215     DEBUG main            d.u.i.k.p.i.IntermediateProofReplayer Proof replay took 39.78ms 
113216     DEBUG main            d.u.i.k.p.r.p.TestFile    ... success: reloaded. 
113217     INFO  main            d.u.i.k.p.r.p.TestFile    Now processing file /home/runner/work/key/key/key.core/../key.ui/examples/standard_key/strings/substring0.key 
113217     INFO  main            d.u.i.k.p.i.AbstractProblemLoader Loading environment from /home/runner/work/key/key/key.core/../key.ui/examples/standard_key/strings/substring0.key 
113217     DEBUG main            d.u.i.k.p.i.AbstractProblemLoader Environment load took 62.7ns 
113218     INFO  main            d.u.i.k.p.i.AbstractProblemLoader Creating init config 
115408     DEBUG main            d.u.i.k.p.i.AbstractProblemLoader Init config took 2.19s 
115421     INFO  main            d.u.i.k.p.i.AbstractProblemLoader Replaying proof substring0.key 
115422     DEBUG main            d.u.i.k.p.i.IntermediateProofReplayer Proof replay took 14ns 
115528     INFO  main            d.u.i.k.p.r.p.TestFile    ... finished proof: closed. 
115755     INFO  main            d.u.i.k.p.i.AbstractProblemLoader Loading environment from /home/runner/work/key/key/key.core/../key.ui/examples/standard_key/strings/substring0.key.proof 
115755     DEBUG main            d.u.i.k.p.i.AbstractProblemLoader Environment load took 91.7ns 
115756     INFO  main            d.u.i.k.p.i.AbstractProblemLoader Creating init config 
117900     DEBUG main            d.u.i.k.p.i.AbstractProblemLoader Init config took 2.14s 
117914     INFO  main            d.u.i.k.p.i.AbstractProblemLoader Replaying proof substring0.key.proof 
117916     DEBUG main            d.u.i.k.p.i.IntermediateProofReplayer Proof replay took 391.8ns 
117916     DEBUG main            d.u.i.k.p.r.p.TestFile    ... success: reloaded. 
117917     INFO  main            d.u.i.k.p.r.p.TestFile    Now processing file /home/runner/work/key/key/key.core/../key.ui/examples/standard_key/strings/substring1.key 
117917     INFO  main            d.u.i.k.p.i.AbstractProblemLoader Loading environment from /home/runner/work/key/key/key.core/../key.ui/examples/standard_key/strings/substring1.key 
117917     DEBUG main            d.u.i.k.p.i.AbstractProblemLoader Environment load took 71.4ns 
117918     INFO  main            d.u.i.k.p.i.AbstractProblemLoader Creating init config 
120104     DEBUG main            d.u.i.k.p.i.AbstractProblemLoader Init config took 2.19s 
120119     INFO  main            d.u.i.k.p.i.AbstractProblemLoader Replaying proof substring1.key 
120120     DEBUG main            d.u.i.k.p.i.IntermediateProofReplayer Proof replay took 6.8ns 
120223     INFO  main            d.u.i.k.p.r.p.TestFile    ... finished proof: closed. 
120447     INFO  main            d.u.i.k.p.i.AbstractProblemLoader Loading environment from /home/runner/work/key/key/key.core/../key.ui/examples/standard_key/strings/substring1.key.proof 
120447     DEBUG main            d.u.i.k.p.i.AbstractProblemLoader Environment load took 86ns 
120448     INFO  main            d.u.i.k.p.i.AbstractProblemLoader Creating init config 
122586     DEBUG main            d.u.i.k.p.i.AbstractProblemLoader Init config took 2.14s 
122598     INFO  main            d.u.i.k.p.i.AbstractProblemLoader Replaying proof substring1.key.proof 
122600     DEBUG main            d.u.i.k.p.i.IntermediateProofReplayer Proof replay took 396.2ns 
122601     DEBUG main            d.u.i.k.p.r.p.TestFile    ... success: reloaded. 
122601     INFO  main            d.u.i.k.p.r.p.TestFile    Now processing file /home/runner/work/key/key/key.core/../key.ui/examples/standard_key/strings/substring2.key 
122601     INFO  main            d.u.i.k.p.i.AbstractProblemLoader Loading environment from /home/runner/work/key/key/key.core/../key.ui/examples/standard_key/strings/substring2.key 
122601     DEBUG main            d.u.i.k.p.i.AbstractProblemLoader Environment load took 70.1ns 
122602     INFO  main            d.u.i.k.p.i.AbstractProblemLoader Creating init config 
124781     DEBUG main            d.u.i.k.p.i.AbstractProblemLoader Init config took 2.18s 
124793     INFO  main            d.u.i.k.p.i.AbstractProblemLoader Replaying proof substring2.key 
124794     DEBUG main            d.u.i.k.p.i.IntermediateProofReplayer Proof replay took 6ns 
124898     INFO  main            d.u.i.k.p.r.p.TestFile    ... finished proof: closed. 
125136     INFO  main            d.u.i.k.p.i.AbstractProblemLoader Loading environment from /home/runner/work/key/key/key.core/../key.ui/examples/standard_key/strings/substring2.key.proof 
125136     DEBUG main            d.u.i.k.p.i.AbstractProblemLoader Environment load took 87.1ns 
125137     INFO  main            d.u.i.k.p.i.AbstractProblemLoader Creating init config 
127292     DEBUG main            d.u.i.k.p.i.AbstractProblemLoader Init config took 2.15s 
127304     INFO  main            d.u.i.k.p.i.AbstractProblemLoader Replaying proof substring2.key.proof 
127306     DEBUG main            d.u.i.k.p.i.IntermediateProofReplayer Proof replay took 845.9ns 
127307     DEBUG main            d.u.i.k.p.r.p.TestFile    ... success: reloaded. 
127308     INFO  main            d.u.i.k.p.r.p.TestFile    Now processing file /home/runner/work/key/key/key.core/../key.ui/examples/standard_key/strings/substring3.key 
127308     INFO  main            d.u.i.k.p.i.AbstractProblemLoader Loading environment from /home/runner/work/key/key/key.core/../key.ui/examples/standard_key/strings/substring3.key 
127308     DEBUG main            d.u.i.k.p.i.AbstractProblemLoader Environment load took 58.2ns 
127309     INFO  main            d.u.i.k.p.i.AbstractProblemLoader Creating init config 
129519     DEBUG main            d.u.i.k.p.i.AbstractProblemLoader Init config took 2.21s 
129531     INFO  main            d.u.i.k.p.i.AbstractProblemLoader Replaying proof substring3.key 
129532     DEBUG main            d.u.i.k.p.i.IntermediateProofReplayer Proof replay took 7.1ns 
129633     INFO  main            d.u.i.k.p.r.p.TestFile    ... finished proof: closed. 
129867     INFO  main            d.u.i.k.p.i.AbstractProblemLoader Loading environment from /home/runner/work/key/key/key.core/../key.ui/examples/standard_key/strings/substring3.key.proof 
129867     DEBUG main            d.u.i.k.p.i.AbstractProblemLoader Environment load took 90ns 
129868     INFO  main            d.u.i.k.p.i.AbstractProblemLoader Creating init config 
132008     DEBUG main            d.u.i.k.p.i.AbstractProblemLoader Init config took 2.14s 
132020     INFO  main            d.u.i.k.p.i.AbstractProblemLoader Replaying proof substring3.key.proof 
132024     DEBUG main            d.u.i.k.p.i.IntermediateProofReplayer Proof replay took 1.94ms 
132024     DEBUG main            d.u.i.k.p.r.p.TestFile    ... success: reloaded. 
132025     INFO  main            d.u.i.k.p.r.p.TestFile    Now processing file /home/runner/work/key/key/key.core/../key.ui/examples/standard_key/strings/substring4.key 
132025     INFO  main            d.u.i.k.p.i.AbstractProblemLoader Loading environment from /home/runner/work/key/key/key.core/../key.ui/examples/standard_key/strings/substring4.key 
132025     DEBUG main            d.u.i.k.p.i.AbstractProblemLoader Environment load took 161.3ns 
132026     INFO  main            d.u.i.k.p.i.AbstractProblemLoader Creating init config 
134200     DEBUG main            d.u.i.k.p.i.AbstractProblemLoader Init config took 2.17s 
134212     INFO  main            d.u.i.k.p.i.AbstractProblemLoader Replaying proof substring4.key 
134213     DEBUG main            d.u.i.k.p.i.IntermediateProofReplayer Proof replay took 6.2ns 
134319     INFO  main            d.u.i.k.p.r.p.TestFile    ... finished proof: closed. 
134563     INFO  main            d.u.i.k.p.i.AbstractProblemLoader Loading environment from /home/runner/work/key/key/key.core/../key.ui/examples/standard_key/strings/substring4.key.proof 
134563     DEBUG main            d.u.i.k.p.i.AbstractProblemLoader Environment load took 99.1ns 
134564     INFO  main            d.u.i.k.p.i.AbstractProblemLoader Creating init config 
136720     DEBUG main            d.u.i.k.p.i.AbstractProblemLoader Init config took 2.16s 
136733     INFO  main            d.u.i.k.p.i.AbstractProblemLoader Replaying proof substring4.key.proof 
136737     DEBUG main            d.u.i.k.p.i.IntermediateProofReplayer Proof replay took 2.9ms 
136738     DEBUG main            d.u.i.k.p.r.p.TestFile    ... success: reloaded. 
136738     INFO  main            d.u.i.k.p.r.p.TestFile    Now processing file /home/runner/work/key/key/key.core/../key.ui/examples/standard_key/strings/substring5.key 
136739     INFO  main            d.u.i.k.p.i.AbstractProblemLoader Loading environment from /home/runner/work/key/key/key.core/../key.ui/examples/standard_key/strings/substring5.key 
136739     DEBUG main            d.u.i.k.p.i.AbstractProblemLoader Environment load took 59.6ns 
136739     INFO  main            d.u.i.k.p.i.AbstractProblemLoader Creating init config 
138949     DEBUG main            d.u.i.k.p.i.AbstractProblemLoader Init config took 2.21s 
138962     INFO  main            d.u.i.k.p.i.AbstractProblemLoader Replaying proof substring5.key 
138964     DEBUG main            d.u.i.k.p.i.IntermediateProofReplayer Proof replay took 6.2ns 
139166     INFO  main            d.u.i.k.p.r.p.TestFile    ... finished proof: closed. 
139421     INFO  main            d.u.i.k.p.i.AbstractProblemLoader Loading environment from /home/runner/work/key/key/key.core/../key.ui/examples/standard_key/strings/substring5.key.proof 
139421     DEBUG main            d.u.i.k.p.i.AbstractProblemLoader Environment load took 86.8ns 
139424     INFO  main            d.u.i.k.p.i.AbstractProblemLoader Creating init config 
141562     DEBUG main            d.u.i.k.p.i.AbstractProblemLoader Init config took 2.14s 
141575     INFO  main            d.u.i.k.p.i.AbstractProblemLoader Replaying proof substring5.key.proof 
141600     DEBUG main            d.u.i.k.p.i.IntermediateProofReplayer Proof replay took 21.36ms 
141600     DEBUG main            d.u.i.k.p.r.p.TestFile    ... success: reloaded. 
3794027    INFO  Test worker     d.u.i.k.p.r.RunAllProofsTestUnit Returning from test strings 
3794029    INFO  Test worker     d.u.i.k.p.r.RunAllProofsTestUnit Running test simple_info_flow 
394        INFO  Timeout watchdog d.u.i.k.p.r.p.ForkedTestFileRunner Timeout watcher launched (2000 secs.) 
406        WARN  main            d.u.i.k.s.ProofSettings   The settings in /home/runner/.key/proof-settings.props are *not* read. 
446        INFO  main            d.u.i.k.p.r.p.TestFile    Now processing file /home/runner/work/key/key/key.core/../key.ui/examples/heap/information_flow/UpdateAbstraction_ex7_1_insecure.key 
556        INFO  main            d.u.i.k.p.i.AbstractProblemLoader Loading environment from /home/runner/work/key/key/key.core/../key.ui/examples/heap/information_flow/UpdateAbstraction_ex7_1_insecure.key 
571        DEBUG main            d.u.i.k.p.i.AbstractProblemLoader Environment load took 1.91ms 
769        INFO  main            d.u.i.k.p.i.AbstractProblemLoader Creating init config 
1685       DEBUG main            d.u.i.k.j.TypeConverter   No LDT found for Meta 
1689       DEBUG main            d.u.i.k.j.TypeConverter   No LDT found for Meta 
1692       DEBUG main            d.u.i.k.j.TypeConverter   No LDT found for Meta 
1692       DEBUG main            d.u.i.k.j.TypeConverter   No LDT found for Meta 
2832       DEBUG main            d.u.i.k.j.TypeConverter   No LDT found for JavaBigintExpression 
8047       DEBUG main            d.u.i.k.p.i.AbstractProblemLoader Init config took 7.28s 
8163       INFO  main            d.u.i.k.p.i.AbstractProblemLoader Replaying proof UpdateAbstraction[UpdateAbstraction::ex7_1_insecure()].JML operation contract.0 
8192       DEBUG main            d.u.i.k.p.i.IntermediateProofReplayer Proof replay took 30.3ns 
8760       INFO  main            d.u.i.k.p.r.p.TestFile    ... finished proof: open goal(s) 
8859       INFO  main            d.u.i.k.p.r.p.TestFile    Now processing file /home/runner/work/key/key/key.core/../key.ui/examples/heap/information_flow/UpdateAbstraction_ex7_2_insecure.key 
8859       INFO  main            d.u.i.k.p.i.AbstractProblemLoader Loading environment from /home/runner/work/key/key/key.core/../key.ui/examples/heap/information_flow/UpdateAbstraction_ex7_2_insecure.key 
8860       DEBUG main            d.u.i.k.p.i.AbstractProblemLoader Environment load took 215.2ns 
8861       INFO  main            d.u.i.k.p.i.AbstractProblemLoader Creating init config 
11765      DEBUG main            d.u.i.k.p.i.AbstractProblemLoader Init config took 2.9s 
11850      INFO  main            d.u.i.k.p.i.AbstractProblemLoader Replaying proof UpdateAbstraction[UpdateAbstraction::ex7_2_insecure()].JML operation contract.0 
11856      DEBUG main            d.u.i.k.p.i.IntermediateProofReplayer Proof replay took 5.9ns 
12261      INFO  main            d.u.i.k.p.r.p.TestFile    ... finished proof: open goal(s) 
3806593    INFO  Test worker     d.u.i.k.p.r.RunAllProofsTestUnit Returning from test simple_info_flow 
3806594    INFO  Test worker     d.u.i.k.p.r.RunAllProofsTestUnit Running test modelMethods 
332        INFO  Timeout watchdog d.u.i.k.p.r.p.ForkedTestFileRunner Timeout watcher launched (2000 secs.) 
334        WARN  main            d.u.i.k.s.ProofSettings   The settings in /home/runner/.key/proof-settings.props are *not* read. 
359        INFO  main            d.u.i.k.p.r.p.TestFile    Now processing file /home/runner/work/key/key/key.core/../key.ui/examples/heap/model_methods/Cell_footprint_acc.key 
497        INFO  main            d.u.i.k.p.i.AbstractProblemLoader Loading environment from /home/runner/work/key/key/key.core/../key.ui/examples/heap/model_methods/Cell_footprint_acc.key 
522        DEBUG main            d.u.i.k.p.i.AbstractProblemLoader Environment load took 1.98ms 
748        INFO  main            d.u.i.k.p.i.AbstractProblemLoader Creating init config 
1650       DEBUG main            d.u.i.k.j.TypeConverter   No LDT found for Meta 
1650       DEBUG main            d.u.i.k.j.TypeConverter   No LDT found for Meta 
1652       DEBUG main            d.u.i.k.j.TypeConverter   No LDT found for Meta 
1652       DEBUG main            d.u.i.k.j.TypeConverter   No LDT found for Meta 
2819       DEBUG main            d.u.i.k.j.TypeConverter   No LDT found for JavaBigintExpression 
7807       DEBUG main            d.u.i.k.p.i.AbstractProblemLoader Init config took 7.06s 
7934       INFO  main            d.u.i.k.p.i.AbstractProblemLoader Replaying proof Cell[Cell::footprint()].JML accessible clause.0 
7964       DEBUG main            d.u.i.k.p.i.IntermediateProofReplayer Proof replay took 29.8ns 
8407       INFO  main            d.u.i.k.p.r.p.TestFile    ... finished proof: closed. 
8503       INFO  main            d.u.i.k.p.i.AbstractProblemLoader Loading environment from /home/runner/work/key/key/key.core/../key.ui/examples/heap/model_methods/Cell_footprint_acc.key.proof 
8504       DEBUG main            d.u.i.k.p.i.AbstractProblemLoader Environment load took 1.4ms 
8507       INFO  main            d.u.i.k.p.i.AbstractProblemLoader Creating init config 
11309      DEBUG main            d.u.i.k.p.i.AbstractProblemLoader Init config took 2.8s 
11398      INFO  main            d.u.i.k.p.i.AbstractProblemLoader Replaying proof Cell[Cell::footprint()].JML accessible clause.0 
11466      DEBUG main            d.u.i.k.p.i.IntermediateProofReplayer Proof replay took 62.84ms 
11473      DEBUG main            d.u.i.k.p.r.p.TestFile    ... success: reloaded. 
11475      INFO  main            d.u.i.k.p.r.p.TestFile    Now processing file /home/runner/work/key/key/key.core/../key.ui/examples/heap/model_methods/Cell_footprint.key 
11475      INFO  main            d.u.i.k.p.i.AbstractProblemLoader Loading environment from /home/runner/work/key/key/key.core/../key.ui/examples/heap/model_methods/Cell_footprint.key 
11476      DEBUG main            d.u.i.k.p.i.AbstractProblemLoader Environment load took 102.5ns 
11479      INFO  main            d.u.i.k.p.i.AbstractProblemLoader Creating init config 
14080      DEBUG main            d.u.i.k.p.i.AbstractProblemLoader Init config took 2.6s 
14162      INFO  main            d.u.i.k.p.i.AbstractProblemLoader Replaying proof Cell[Cell::footprint()].JML model_behavior operation contract.0 
14167      DEBUG main            d.u.i.k.p.i.IntermediateProofReplayer Proof replay took 5.8ns 
14273      INFO  main            d.u.i.k.p.r.p.TestFile    ... finished proof: closed. 
14403      INFO  main            d.u.i.k.p.i.AbstractProblemLoader Loading environment from /home/runner/work/key/key/key.core/../key.ui/examples/heap/model_methods/Cell_footprint.key.proof 
14404      DEBUG main            d.u.i.k.p.i.AbstractProblemLoader Environment load took 133.6ns 
14405      INFO  main            d.u.i.k.p.i.AbstractProblemLoader Creating init config 
16967      DEBUG main            d.u.i.k.p.i.AbstractProblemLoader Init config took 2.56s 
17018      INFO  main            d.u.i.k.p.i.AbstractProblemLoader Replaying proof Cell[Cell::footprint()].JML model_behavior operation contract.0 
17026      DEBUG main            d.u.i.k.p.i.IntermediateProofReplayer Proof replay took 5.78ms 
17027      DEBUG main            d.u.i.k.p.r.p.TestFile    ... success: reloaded. 
17028      INFO  main            d.u.i.k.p.r.p.TestFile    Now processing file /home/runner/work/key/key/key.core/../key.ui/examples/heap/model_methods/Cell_get_acc.key 
17028      INFO  main            d.u.i.k.p.i.AbstractProblemLoader Loading environment from /home/runner/work/key/key/key.core/../key.ui/examples/heap/model_methods/Cell_get_acc.key 
17029      DEBUG main            d.u.i.k.p.i.AbstractProblemLoader Environment load took 161.5ns 
17030      INFO  main            d.u.i.k.p.i.AbstractProblemLoader Creating init config 
19564      DEBUG main            d.u.i.k.p.i.AbstractProblemLoader Init config took 2.53s 
19621      INFO  main            d.u.i.k.p.i.AbstractProblemLoader Replaying proof Cell[Cell::get()].JML accessible clause.0 
19624      DEBUG main            d.u.i.k.p.i.IntermediateProofReplayer Proof replay took 6.1ns 
19931      INFO  main            d.u.i.k.p.r.p.TestFile    ... finished proof: closed. 
20060      INFO  main            d.u.i.k.p.i.AbstractProblemLoader Loading environment from /home/runner/work/key/key/key.core/../key.ui/examples/heap/model_methods/Cell_get_acc.key.proof 
20061      DEBUG main            d.u.i.k.p.i.AbstractProblemLoader Environment load took 475.5ns 
20062      INFO  main            d.u.i.k.p.i.AbstractProblemLoader Creating init config 
22503      DEBUG main            d.u.i.k.p.i.AbstractProblemLoader Init config took 2.44s 
22551      INFO  main            d.u.i.k.p.i.AbstractProblemLoader Replaying proof Cell[Cell::get()].JML accessible clause.0 
22583      DEBUG main            d.u.i.k.p.i.IntermediateProofReplayer Proof replay took 28.86ms 
22584      DEBUG main            d.u.i.k.p.r.p.TestFile    ... success: reloaded. 
22585      INFO  main            d.u.i.k.p.r.p.TestFile    Now processing file /home/runner/work/key/key/key.core/../key.ui/examples/heap/model_methods/Cell_get.key 
22585      INFO  main            d.u.i.k.p.i.AbstractProblemLoader Loading environment from /home/runner/work/key/key/key.core/../key.ui/examples/heap/model_methods/Cell_get.key 
22586      DEBUG main            d.u.i.k.p.i.AbstractProblemLoader Environment load took 154.5ns 
22587      INFO  main            d.u.i.k.p.i.AbstractProblemLoader Creating init config 
25102      DEBUG main            d.u.i.k.p.i.AbstractProblemLoader Init config took 2.51s 
25150      INFO  main            d.u.i.k.p.i.AbstractProblemLoader Replaying proof Cell[Cell::get()].JML operation contract.0 
25152      DEBUG main            d.u.i.k.p.i.IntermediateProofReplayer Proof replay took 6.2ns 
25254      INFO  main            d.u.i.k.p.r.p.TestFile    ... finished proof: closed. 
25448      INFO  main            d.u.i.k.p.i.AbstractProblemLoader Loading environment from /home/runner/work/key/key/key.core/../key.ui/examples/heap/model_methods/Cell_get.key.proof 
25448      DEBUG main            d.u.i.k.p.i.AbstractProblemLoader Environment load took 110ns 
25449      INFO  main            d.u.i.k.p.i.AbstractProblemLoader Creating init config 
27899      DEBUG main            d.u.i.k.p.i.AbstractProblemLoader Init config took 2.45s 
27944      INFO  main            d.u.i.k.p.i.AbstractProblemLoader Replaying proof Cell[Cell::get()].JML operation contract.0 
27961      DEBUG main            d.u.i.k.p.i.IntermediateProofReplayer Proof replay took 14.74ms 
27961      DEBUG main            d.u.i.k.p.r.p.TestFile    ... success: reloaded. 
27962      INFO  main            d.u.i.k.p.r.p.TestFile    Now processing file /home/runner/work/key/key/key.core/../key.ui/examples/heap/model_methods/Cell_post_set.key 
27963      INFO  main            d.u.i.k.p.i.AbstractProblemLoader Loading environment from /home/runner/work/key/key/key.core/../key.ui/examples/heap/model_methods/Cell_post_set.key 
27963      DEBUG main            d.u.i.k.p.i.AbstractProblemLoader Environment load took 87.4ns 
27964      INFO  main            d.u.i.k.p.i.AbstractProblemLoader Creating init config 
30454      DEBUG main            d.u.i.k.p.i.AbstractProblemLoader Init config took 2.49s 
30500      INFO  main            d.u.i.k.p.i.AbstractProblemLoader Replaying proof Cell[Cell::post_set(int)].JML model_behavior operation contract.0 
30501      DEBUG main            d.u.i.k.p.i.IntermediateProofReplayer Proof replay took 5.8ns 
30603      INFO  main            d.u.i.k.p.r.p.TestFile    ... finished proof: closed. 
30744      INFO  main            d.u.i.k.p.i.AbstractProblemLoader Loading environment from /home/runner/work/key/key/key.core/../key.ui/examples/heap/model_methods/Cell_post_set.key.proof 
30744      DEBUG main            d.u.i.k.p.i.AbstractProblemLoader Environment load took 111.3ns 
30745      INFO  main            d.u.i.k.p.i.AbstractProblemLoader Creating init config 
33211      DEBUG main            d.u.i.k.p.i.AbstractProblemLoader Init config took 2.47s 
33262      INFO  main            d.u.i.k.p.i.AbstractProblemLoader Replaying proof Cell[Cell::post_set(int)].JML model_behavior operation contract.0 
33268      DEBUG main            d.u.i.k.p.i.IntermediateProofReplayer Proof replay took 4.49ms 
33269      DEBUG main            d.u.i.k.p.r.p.TestFile    ... success: reloaded. 
33270      INFO  main            d.u.i.k.p.r.p.TestFile    Now processing file /home/runner/work/key/key/key.core/../key.ui/examples/heap/model_methods/Cell_set.key 
33270      INFO  main            d.u.i.k.p.i.AbstractProblemLoader Loading environment from /home/runner/work/key/key/key.core/../key.ui/examples/heap/model_methods/Cell_set.key 
33271      DEBUG main            d.u.i.k.p.i.AbstractProblemLoader Environment load took 179.3ns 
33271      INFO  main            d.u.i.k.p.i.AbstractProblemLoader Creating init config 
35720      DEBUG main            d.u.i.k.p.i.AbstractProblemLoader Init config took 2.45s 
35770      INFO  main            d.u.i.k.p.i.AbstractProblemLoader Replaying proof Cell[Cell::set(int)].JML operation contract.0 
35772      DEBUG main            d.u.i.k.p.i.IntermediateProofReplayer Proof replay took 5.4ns 
41529      INFO  main            d.u.i.k.p.r.p.TestFile    ... finished proof: closed. 
41722      INFO  main            d.u.i.k.p.i.AbstractProblemLoader Loading environment from /home/runner/work/key/key/key.core/../key.ui/examples/heap/model_methods/Cell_set.key.proof 
41723      DEBUG main            d.u.i.k.p.i.AbstractProblemLoader Environment load took 321.1ns 
41724      INFO  main            d.u.i.k.p.i.AbstractProblemLoader Creating init config 
44174      DEBUG main            d.u.i.k.p.i.AbstractProblemLoader Init config took 2.45s 
44220      INFO  main            d.u.i.k.p.i.AbstractProblemLoader Replaying proof Cell[Cell::set(int)].JML operation contract.0 
44768      DEBUG main            d.u.i.k.p.i.IntermediateProofReplayer Proof replay took 530.5ms 
44769      DEBUG main            d.u.i.k.p.r.p.TestFile    ... success: reloaded. 
44770      INFO  main            d.u.i.k.p.r.p.TestFile    Now processing file /home/runner/work/key/key/key.core/../key.ui/examples/heap/model_methods/CellTest_callSet.key 
44770      INFO  main            d.u.i.k.p.i.AbstractProblemLoader Loading environment from /home/runner/work/key/key/key.core/../key.ui/examples/heap/model_methods/CellTest_callSet.key 
44771      DEBUG main            d.u.i.k.p.i.AbstractProblemLoader Environment load took 170ns 
44772      INFO  main            d.u.i.k.p.i.AbstractProblemLoader Creating init config 
47224      DEBUG main            d.u.i.k.p.i.AbstractProblemLoader Init config took 2.45s 
47266      INFO  main            d.u.i.k.p.i.AbstractProblemLoader Replaying proof CellTest[CellTest::callSet(Cell,int)].JML operation contract.0 
47267      DEBUG main            d.u.i.k.p.i.IntermediateProofReplayer Proof replay took 5.1ns 
47482      INFO  main            d.u.i.k.p.r.p.TestFile    ... finished proof: closed. 
47638      INFO  main            d.u.i.k.p.i.AbstractProblemLoader Loading environment from /home/runner/work/key/key/key.core/../key.ui/examples/heap/model_methods/CellTest_callSet.key.proof 
47638      DEBUG main            d.u.i.k.p.i.AbstractProblemLoader Environment load took 107.4ns 
47639      INFO  main            d.u.i.k.p.i.AbstractProblemLoader Creating init config 
50087      DEBUG main            d.u.i.k.p.i.AbstractProblemLoader Init config took 2.45s 
50130      INFO  main            d.u.i.k.p.i.AbstractProblemLoader Replaying proof CellTest[CellTest::callSet(Cell,int)].JML operation contract.0 
50171      DEBUG main            d.u.i.k.p.i.IntermediateProofReplayer Proof replay took 38.07ms 
50172      DEBUG main            d.u.i.k.p.r.p.TestFile    ... success: reloaded. 
50173      INFO  main            d.u.i.k.p.r.p.TestFile    Now processing file /home/runner/work/key/key/key.core/../key.ui/examples/heap/model_methods/CellTest_test2.key 
50173      INFO  main            d.u.i.k.p.i.AbstractProblemLoader Loading environment from /home/runner/work/key/key/key.core/../key.ui/examples/heap/model_methods/CellTest_test2.key 
50173      DEBUG main            d.u.i.k.p.i.AbstractProblemLoader Environment load took 86.1ns 
50174      INFO  main            d.u.i.k.p.i.AbstractProblemLoader Creating init config 
52628      DEBUG main            d.u.i.k.p.i.AbstractProblemLoader Init config took 2.45s 
52671      INFO  main            d.u.i.k.p.i.AbstractProblemLoader Replaying proof CellTest[CellTest::test2(Cell)].JML operation contract.0 
52673      DEBUG main            d.u.i.k.p.i.IntermediateProofReplayer Proof replay took 6.7ns 
52975      INFO  main            d.u.i.k.p.r.p.TestFile    ... finished proof: closed. 
53160      INFO  main            d.u.i.k.p.i.AbstractProblemLoader Loading environment from /home/runner/work/key/key/key.core/../key.ui/examples/heap/model_methods/CellTest_test2.key.proof 
53160      DEBUG main            d.u.i.k.p.i.AbstractProblemLoader Environment load took 106.1ns 
53161      INFO  main            d.u.i.k.p.i.AbstractProblemLoader Creating init config 
55562      DEBUG main            d.u.i.k.p.i.AbstractProblemLoader Init config took 2.4s 
55603      INFO  main            d.u.i.k.p.i.AbstractProblemLoader Replaying proof CellTest[CellTest::test2(Cell)].JML operation contract.0 
55674      DEBUG main            d.u.i.k.p.i.IntermediateProofReplayer Proof replay took 68.26ms 
55675      DEBUG main            d.u.i.k.p.r.p.TestFile    ... success: reloaded. 
55676      INFO  main            d.u.i.k.p.r.p.TestFile    Now processing file /home/runner/work/key/key/key.core/../key.ui/examples/heap/model_methods/CellTest_test.key 
55677      INFO  main            d.u.i.k.p.i.AbstractProblemLoader Loading environment from /home/runner/work/key/key/key.core/../key.ui/examples/heap/model_methods/CellTest_test.key 
55677      DEBUG main            d.u.i.k.p.i.AbstractProblemLoader Environment load took 158.3ns 
55678      INFO  main            d.u.i.k.p.i.AbstractProblemLoader Creating init config 
58104      DEBUG main            d.u.i.k.p.i.AbstractProblemLoader Init config took 2.43s 
58145      INFO  main            d.u.i.k.p.i.AbstractProblemLoader Replaying proof CellTest[CellTest::test(Recell)].JML operation contract.0 
58146      DEBUG main            d.u.i.k.p.i.IntermediateProofReplayer Proof replay took 6.1ns 
60356      INFO  main            d.u.i.k.p.r.p.TestFile    ... finished proof: closed. 
60545      INFO  main            d.u.i.k.p.i.AbstractProblemLoader Loading environment from /home/runner/work/key/key/key.core/../key.ui/examples/heap/model_methods/CellTest_test.key.proof 
60550      DEBUG main            d.u.i.k.p.i.AbstractProblemLoader Environment load took 4.88ms 
60551      INFO  main            d.u.i.k.p.i.AbstractProblemLoader Creating init config 
62927      DEBUG main            d.u.i.k.p.i.AbstractProblemLoader Init config took 2.38s 
62966      INFO  main            d.u.i.k.p.i.AbstractProblemLoader Replaying proof CellTest[CellTest::test(Recell)].JML operation contract.0 
63466      DEBUG main            d.u.i.k.p.i.IntermediateProofReplayer Proof replay took 481.69ms 
63468      DEBUG main            d.u.i.k.p.r.p.TestFile    ... success: reloaded. 
63469      INFO  main            d.u.i.k.p.r.p.TestFile    Now processing file /home/runner/work/key/key/key.core/../key.ui/examples/heap/model_methods/Coll1_add.key 
63470      INFO  main            d.u.i.k.p.i.AbstractProblemLoader Loading environment from /home/runner/work/key/key/key.core/../key.ui/examples/heap/model_methods/Coll1_add.key 
63470      DEBUG main            d.u.i.k.p.i.AbstractProblemLoader Environment load took 172.7ns 
63471      INFO  main            d.u.i.k.p.i.AbstractProblemLoader Creating init config 
65897      DEBUG main            d.u.i.k.p.i.AbstractProblemLoader Init config took 2.43s 
65936      INFO  main            d.u.i.k.p.i.AbstractProblemLoader Replaying proof Coll1[Coll::add(int)].JML operation contract.0 
65937      DEBUG main            d.u.i.k.p.i.IntermediateProofReplayer Proof replay took 5.3ns 
66039      INFO  main            d.u.i.k.p.r.p.TestFile    ... finished proof: closed. 
66208      INFO  main            d.u.i.k.p.i.AbstractProblemLoader Loading environment from /home/runner/work/key/key/key.core/../key.ui/examples/heap/model_methods/Coll1_add.key.proof 
66208      DEBUG main            d.u.i.k.p.i.AbstractProblemLoader Environment load took 103.1ns 
66209      INFO  main            d.u.i.k.p.i.AbstractProblemLoader Creating init config 
68582      DEBUG main            d.u.i.k.p.i.AbstractProblemLoader Init config took 2.37s 
68621      INFO  main            d.u.i.k.p.i.AbstractProblemLoader Replaying proof Coll1[Coll::add(int)].JML operation contract.0 
68629      DEBUG main            d.u.i.k.p.i.IntermediateProofReplayer Proof replay took 6.39ms 
68630      DEBUG main            d.u.i.k.p.r.p.TestFile    ... success: reloaded. 
68632      INFO  main            d.u.i.k.p.r.p.TestFile    Now processing file /home/runner/work/key/key/key.core/../key.ui/examples/heap/model_methods/Coll1_Coll1_add_pre.key 
68632      INFO  main            d.u.i.k.p.i.AbstractProblemLoader Loading environment from /home/runner/work/key/key/key.core/../key.ui/examples/heap/model_methods/Coll1_Coll1_add_pre.key 
68632      DEBUG main            d.u.i.k.p.i.AbstractProblemLoader Environment load took 155.8ns 
68633      INFO  main            d.u.i.k.p.i.AbstractProblemLoader Creating init config 
71086      DEBUG main            d.u.i.k.p.i.AbstractProblemLoader Init config took 2.45s 
71124      INFO  main            d.u.i.k.p.i.AbstractProblemLoader Replaying proof Coll1[Coll1::add_pre(int)].JML model_behavior operation contract.0 
71125      DEBUG main            d.u.i.k.p.i.IntermediateProofReplayer Proof replay took 5.7ns 
71228      INFO  main            d.u.i.k.p.r.p.TestFile    ... finished proof: closed. 
71412      INFO  main            d.u.i.k.p.i.AbstractProblemLoader Loading environment from /home/runner/work/key/key/key.core/../key.ui/examples/heap/model_methods/Coll1_Coll1_add_pre.key.proof 
71412      DEBUG main            d.u.i.k.p.i.AbstractProblemLoader Environment load took 104.4ns 
71413      INFO  main            d.u.i.k.p.i.AbstractProblemLoader Creating init config 
73778      DEBUG main            d.u.i.k.p.i.AbstractProblemLoader Init config took 2.37s 
73817      INFO  main            d.u.i.k.p.i.AbstractProblemLoader Replaying proof Coll1[Coll1::add_pre(int)].JML model_behavior operation contract.0 
73820      DEBUG main            d.u.i.k.p.i.IntermediateProofReplayer Proof replay took 1.32ms 
73820      DEBUG main            d.u.i.k.p.r.p.TestFile    ... success: reloaded. 
73821      INFO  main            d.u.i.k.p.r.p.TestFile    Now processing file /home/runner/work/key/key/key.core/../key.ui/examples/heap/model_methods/Coll1_Coll_add_pre.key 
73822      INFO  main            d.u.i.k.p.i.AbstractProblemLoader Loading environment from /home/runner/work/key/key/key.core/../key.ui/examples/heap/model_methods/Coll1_Coll_add_pre.key 
73822      DEBUG main            d.u.i.k.p.i.AbstractProblemLoader Environment load took 155.3ns 
73823      INFO  main            d.u.i.k.p.i.AbstractProblemLoader Creating init config 
76224      DEBUG main            d.u.i.k.p.i.AbstractProblemLoader Init config took 2.4s 
76285      INFO  main            d.u.i.k.p.i.AbstractProblemLoader Replaying proof Coll1[Coll::add_pre(int)].JML model_behavior operation contract.0 
76287      DEBUG main            d.u.i.k.p.i.IntermediateProofReplayer Proof replay took 5.6ns 
76389      INFO  main            d.u.i.k.p.r.p.TestFile    ... finished proof: closed. 
76568      INFO  main            d.u.i.k.p.i.AbstractProblemLoader Loading environment from /home/runner/work/key/key/key.core/../key.ui/examples/heap/model_methods/Coll1_Coll_add_pre.key.proof 
76568      DEBUG main            d.u.i.k.p.i.AbstractProblemLoader Environment load took 102.5ns 
76569      INFO  main            d.u.i.k.p.i.AbstractProblemLoader Creating init config 
78932      DEBUG main            d.u.i.k.p.i.AbstractProblemLoader Init config took 2.36s 
78970      INFO  main            d.u.i.k.p.i.AbstractProblemLoader Replaying proof Coll1[Coll::add_pre(int)].JML model_behavior operation contract.0 
78973      DEBUG main            d.u.i.k.p.i.IntermediateProofReplayer Proof replay took 2.03ms 
78974      DEBUG main            d.u.i.k.p.r.p.TestFile    ... success: reloaded. 
78975      INFO  main            d.u.i.k.p.r.p.TestFile    Now processing file /home/runner/work/key/key/key.core/../key.ui/examples/heap/model_methods/Coll2_add.key 
78975      INFO  main            d.u.i.k.p.i.AbstractProblemLoader Loading environment from /home/runner/work/key/key/key.core/../key.ui/examples/heap/model_methods/Coll2_add.key 
78975      DEBUG main            d.u.i.k.p.i.AbstractProblemLoader Environment load took 72.1ns 
78976      INFO  main            d.u.i.k.p.i.AbstractProblemLoader Creating init config 
81427      DEBUG main            d.u.i.k.p.i.AbstractProblemLoader Init config took 2.45s 
81472      INFO  main            d.u.i.k.p.i.AbstractProblemLoader Replaying proof Coll2[Coll::add(int)].JML operation contract.0 
81473      DEBUG main            d.u.i.k.p.i.IntermediateProofReplayer Proof replay took 6.2ns 
81575      INFO  main            d.u.i.k.p.r.p.TestFile    ... finished proof: closed. 
81773      INFO  main            d.u.i.k.p.i.AbstractProblemLoader Loading environment from /home/runner/work/key/key/key.core/../key.ui/examples/heap/model_methods/Coll2_add.key.proof 
81773      DEBUG main            d.u.i.k.p.i.AbstractProblemLoader Environment load took 103.2ns 
81774      INFO  main            d.u.i.k.p.i.AbstractProblemLoader Creating init config 
84146      DEBUG main            d.u.i.k.p.i.AbstractProblemLoader Init config took 2.37s 
84188      INFO  main            d.u.i.k.p.i.AbstractProblemLoader Replaying proof Coll2[Coll::add(int)].JML operation contract.0 
84196      DEBUG main            d.u.i.k.p.i.IntermediateProofReplayer Proof replay took 6.66ms 
84197      DEBUG main            d.u.i.k.p.r.p.TestFile    ... success: reloaded. 
84198      INFO  main            d.u.i.k.p.r.p.TestFile    Now processing file /home/runner/work/key/key/key.core/../key.ui/examples/heap/model_methods/Coll2_Coll2_add_pre.key 
84198      INFO  main            d.u.i.k.p.i.AbstractProblemLoader Loading environment from /home/runner/work/key/key/key.core/../key.ui/examples/heap/model_methods/Coll2_Coll2_add_pre.key 
84198      DEBUG main            d.u.i.k.p.i.AbstractProblemLoader Environment load took 151ns 
84199      INFO  main            d.u.i.k.p.i.AbstractProblemLoader Creating init config 
86612      DEBUG main            d.u.i.k.p.i.AbstractProblemLoader Init config took 2.41s 
86648      INFO  main            d.u.i.k.p.i.AbstractProblemLoader Replaying proof Coll2[Coll2::add_pre(int)].JML model_behavior operation contract.0 
86650      DEBUG main            d.u.i.k.p.i.IntermediateProofReplayer Proof replay took 5.6ns 
86751      INFO  main            d.u.i.k.p.r.p.TestFile    ... finished proof: closed. 
86941      INFO  main            d.u.i.k.p.i.AbstractProblemLoader Loading environment from /home/runner/work/key/key/key.core/../key.ui/examples/heap/model_methods/Coll2_Coll2_add_pre.key.proof 
86941      DEBUG main            d.u.i.k.p.i.AbstractProblemLoader Environment load took 96ns 
86942      INFO  main            d.u.i.k.p.i.AbstractProblemLoader Creating init config 
89333      DEBUG main            d.u.i.k.p.i.AbstractProblemLoader Init config took 2.39s 
89370      INFO  main            d.u.i.k.p.i.AbstractProblemLoader Replaying proof Coll2[Coll2::add_pre(int)].JML model_behavior operation contract.0 
89373      DEBUG main            d.u.i.k.p.i.IntermediateProofReplayer Proof replay took 1.31ms 
89373      DEBUG main            d.u.i.k.p.r.p.TestFile    ... success: reloaded. 
89374      INFO  main            d.u.i.k.p.r.p.TestFile    Now processing file /home/runner/work/key/key/key.core/../key.ui/examples/heap/model_methods/Coll2_Coll_add_pre.key 
89375      INFO  main            d.u.i.k.p.i.AbstractProblemLoader Loading environment from /home/runner/work/key/key/key.core/../key.ui/examples/heap/model_methods/Coll2_Coll_add_pre.key 
89375      DEBUG main            d.u.i.k.p.i.AbstractProblemLoader Environment load took 149.5ns 
89376      INFO  main            d.u.i.k.p.i.AbstractProblemLoader Creating init config 
91734      DEBUG main            d.u.i.k.p.i.AbstractProblemLoader Init config took 2.36s 
91769      INFO  main            d.u.i.k.p.i.AbstractProblemLoader Replaying proof Coll2[Coll::add_pre(int)].JML model_behavior operation contract.0 
91771      DEBUG main            d.u.i.k.p.i.IntermediateProofReplayer Proof replay took 5.5ns 
91873      INFO  main            d.u.i.k.p.r.p.TestFile    ... finished proof: closed. 
92053      INFO  main            d.u.i.k.p.i.AbstractProblemLoader Loading environment from /home/runner/work/key/key/key.core/../key.ui/examples/heap/model_methods/Coll2_Coll_add_pre.key.proof 
92054      DEBUG main            d.u.i.k.p.i.AbstractProblemLoader Environment load took 98.6ns 
92054      INFO  main            d.u.i.k.p.i.AbstractProblemLoader Creating init config 
94402      DEBUG main            d.u.i.k.p.i.AbstractProblemLoader Init config took 2.35s 
94438      INFO  main            d.u.i.k.p.i.AbstractProblemLoader Replaying proof Coll2[Coll::add_pre(int)].JML model_behavior operation contract.0 
94441      DEBUG main            d.u.i.k.p.i.IntermediateProofReplayer Proof replay took 1.95ms 
94442      DEBUG main            d.u.i.k.p.r.p.TestFile    ... success: reloaded. 
94443      INFO  main            d.u.i.k.p.r.p.TestFile    Now processing file /home/runner/work/key/key/key.core/../key.ui/examples/heap/model_methods/Coll_add.key 
94444      INFO  main            d.u.i.k.p.i.AbstractProblemLoader Loading environment from /home/runner/work/key/key/key.core/../key.ui/examples/heap/model_methods/Coll_add.key 
94444      DEBUG main            d.u.i.k.p.i.AbstractProblemLoader Environment load took 154.3ns 
94445      INFO  main            d.u.i.k.p.i.AbstractProblemLoader Creating init config 
96867      DEBUG main            d.u.i.k.p.i.AbstractProblemLoader Init config took 2.42s 
96903      INFO  main            d.u.i.k.p.i.AbstractProblemLoader Replaying proof Coll[Coll::add(int)].JML operation contract.0 
96904      DEBUG main            d.u.i.k.p.i.IntermediateProofReplayer Proof replay took 5.5ns 
97008      INFO  main            d.u.i.k.p.r.p.TestFile    ... finished proof: closed. 
97228      INFO  main            d.u.i.k.p.i.AbstractProblemLoader Loading environment from /home/runner/work/key/key/key.core/../key.ui/examples/heap/model_methods/Coll_add.key.proof 
97228      DEBUG main            d.u.i.k.p.i.AbstractProblemLoader Environment load took 130.3ns 
97229      INFO  main            d.u.i.k.p.i.AbstractProblemLoader Creating init config 
99556      DEBUG main            d.u.i.k.p.i.AbstractProblemLoader Init config took 2.33s 
99592      INFO  main            d.u.i.k.p.i.AbstractProblemLoader Replaying proof Coll[Coll::add(int)].JML operation contract.0 
99595      DEBUG main            d.u.i.k.p.i.IntermediateProofReplayer Proof replay took 1.99ms 
99596      DEBUG main            d.u.i.k.p.r.p.TestFile    ... success: reloaded. 
99597      INFO  main            d.u.i.k.p.r.p.TestFile    Now processing file /home/runner/work/key/key/key.core/../key.ui/examples/heap/model_methods/Coll_add_pre.key 
99597      INFO  main            d.u.i.k.p.i.AbstractProblemLoader Loading environment from /home/runner/work/key/key/key.core/../key.ui/examples/heap/model_methods/Coll_add_pre.key 
99597      DEBUG main            d.u.i.k.p.i.AbstractProblemLoader Environment load took 84.9ns 
99598      INFO  main            d.u.i.k.p.i.AbstractProblemLoader Creating init config 
102020     DEBUG main            d.u.i.k.p.i.AbstractProblemLoader Init config took 2.42s 
102056     INFO  main            d.u.i.k.p.i.AbstractProblemLoader Replaying proof Coll[Coll::add_pre(int)].JML model_behavior operation contract.0 
102058     DEBUG main            d.u.i.k.p.i.IntermediateProofReplayer Proof replay took 6.3ns 
102159     INFO  main            d.u.i.k.p.r.p.TestFile    ... finished proof: closed. 
102374     INFO  main            d.u.i.k.p.i.AbstractProblemLoader Loading environment from /home/runner/work/key/key/key.core/../key.ui/examples/heap/model_methods/Coll_add_pre.key.proof 
102374     DEBUG main            d.u.i.k.p.i.AbstractProblemLoader Environment load took 250.1ns 
102375     INFO  main            d.u.i.k.p.i.AbstractProblemLoader Creating init config 
104725     DEBUG main            d.u.i.k.p.i.AbstractProblemLoader Init config took 2.35s 
104766     INFO  main            d.u.i.k.p.i.AbstractProblemLoader Replaying proof Coll[Coll::add_pre(int)].JML model_behavior operation contract.0 
104770     DEBUG main            d.u.i.k.p.i.IntermediateProofReplayer Proof replay took 2.7ms 
104771     DEBUG main            d.u.i.k.p.r.p.TestFile    ... success: reloaded. 
104771     INFO  main            d.u.i.k.p.r.p.TestFile    Now processing file /home/runner/work/key/key/key.core/../key.ui/examples/heap/model_methods/Indirect_callAdd.key 
104772     INFO  main            d.u.i.k.p.i.AbstractProblemLoader Loading environment from /home/runner/work/key/key/key.core/../key.ui/examples/heap/model_methods/Indirect_callAdd.key 
104772     DEBUG main            d.u.i.k.p.i.AbstractProblemLoader Environment load took 104.6ns 
104773     INFO  main            d.u.i.k.p.i.AbstractProblemLoader Creating init config 
107156     DEBUG main            d.u.i.k.p.i.AbstractProblemLoader Init config took 2.38s 
107192     INFO  main            d.u.i.k.p.i.AbstractProblemLoader Replaying proof Indirect[Indirect::callAdd(Coll,int)].JML operation contract.0 
107193     DEBUG main            d.u.i.k.p.i.IntermediateProofReplayer Proof replay took 5.8ns 
107295     INFO  main            d.u.i.k.p.r.p.TestFile    ... finished proof: closed. 
107526     INFO  main            d.u.i.k.p.i.AbstractProblemLoader Loading environment from /home/runner/work/key/key/key.core/../key.ui/examples/heap/model_methods/Indirect_callAdd.key.proof 
107526     DEBUG main            d.u.i.k.p.i.AbstractProblemLoader Environment load took 105.2ns 
107527     INFO  main            d.u.i.k.p.i.AbstractProblemLoader Creating init config 
109848     DEBUG main            d.u.i.k.p.i.AbstractProblemLoader Init config took 2.32s 
109884     INFO  main            d.u.i.k.p.i.AbstractProblemLoader Replaying proof Indirect[Indirect::callAdd(Coll,int)].JML operation contract.0 
109908     DEBUG main            d.u.i.k.p.i.IntermediateProofReplayer Proof replay took 21.76ms 
109909     DEBUG main            d.u.i.k.p.r.p.TestFile    ... success: reloaded. 
109910     INFO  main            d.u.i.k.p.r.p.TestFile    Now processing file /home/runner/work/key/key/key.core/../key.ui/examples/heap/model_methods/Indirect_test.key 
109910     INFO  main            d.u.i.k.p.i.AbstractProblemLoader Loading environment from /home/runner/work/key/key/key.core/../key.ui/examples/heap/model_methods/Indirect_test.key 
109910     DEBUG main            d.u.i.k.p.i.AbstractProblemLoader Environment load took 146.7ns 
109911     INFO  main            d.u.i.k.p.i.AbstractProblemLoader Creating init config 
112314     DEBUG main            d.u.i.k.p.i.AbstractProblemLoader Init config took 2.4s 
112366     INFO  main            d.u.i.k.p.i.AbstractProblemLoader Replaying proof Indirect[Indirect::test(Coll1,Coll2)].JML operation contract.0 
112367     DEBUG main            d.u.i.k.p.i.IntermediateProofReplayer Proof replay took 6.1ns 
112573     INFO  main            d.u.i.k.p.r.p.TestFile    ... finished proof: closed. 
112800     INFO  main            d.u.i.k.p.i.AbstractProblemLoader Loading environment from /home/runner/work/key/key/key.core/../key.ui/examples/heap/model_methods/Indirect_test.key.proof 
112800     DEBUG main            d.u.i.k.p.i.AbstractProblemLoader Environment load took 96.8ns 
112801     INFO  main            d.u.i.k.p.i.AbstractProblemLoader Creating init config 
115153     DEBUG main            d.u.i.k.p.i.AbstractProblemLoader Init config took 2.35s 
115190     INFO  main            d.u.i.k.p.i.AbstractProblemLoader Replaying proof Indirect[Indirect::test(Coll1,Coll2)].JML operation contract.0 
115247     DEBUG main            d.u.i.k.p.i.IntermediateProofReplayer Proof replay took 54.46ms 
115248     DEBUG main            d.u.i.k.p.r.p.TestFile    ... success: reloaded. 
115250     INFO  main            d.u.i.k.p.r.p.TestFile    Now processing file /home/runner/work/key/key/key.core/../key.ui/examples/heap/model_methods/Recell_Cell_footprint.key 
115250     INFO  main            d.u.i.k.p.i.AbstractProblemLoader Loading environment from /home/runner/work/key/key/key.core/../key.ui/examples/heap/model_methods/Recell_Cell_footprint.key 
115250     DEBUG main            d.u.i.k.p.i.AbstractProblemLoader Environment load took 151.4ns 
115251     INFO  main            d.u.i.k.p.i.AbstractProblemLoader Creating init config 
117657     DEBUG main            d.u.i.k.p.i.AbstractProblemLoader Init config took 2.41s 
117712     INFO  main            d.u.i.k.p.i.AbstractProblemLoader Replaying proof Recell[Cell::footprint()].JML model_behavior operation contract.0 
117714     DEBUG main            d.u.i.k.p.i.IntermediateProofReplayer Proof replay took 5.3ns 
117816     INFO  main            d.u.i.k.p.r.p.TestFile    ... finished proof: closed. 
118034     INFO  main            d.u.i.k.p.i.AbstractProblemLoader Loading environment from /home/runner/work/key/key/key.core/../key.ui/examples/heap/model_methods/Recell_Cell_footprint.key.proof 
118034     DEBUG main            d.u.i.k.p.i.AbstractProblemLoader Environment load took 92.7ns 
118035     INFO  main            d.u.i.k.p.i.AbstractProblemLoader Creating init config 
120361     DEBUG main            d.u.i.k.p.i.AbstractProblemLoader Init config took 2.33s 
120396     INFO  main            d.u.i.k.p.i.AbstractProblemLoader Replaying proof Recell[Cell::footprint()].JML model_behavior operation contract.0 
120400     DEBUG main            d.u.i.k.p.i.IntermediateProofReplayer Proof replay took 2.57ms 
120400     DEBUG main            d.u.i.k.p.r.p.TestFile    ... success: reloaded. 
120401     INFO  main            d.u.i.k.p.r.p.TestFile    Now processing file /home/runner/work/key/key/key.core/../key.ui/examples/heap/model_methods/Recell_Cell_post_set.key 
120401     INFO  main            d.u.i.k.p.i.AbstractProblemLoader Loading environment from /home/runner/work/key/key/key.core/../key.ui/examples/heap/model_methods/Recell_Cell_post_set.key 
120401     DEBUG main            d.u.i.k.p.i.AbstractProblemLoader Environment load took 51ns 
120402     INFO  main            d.u.i.k.p.i.AbstractProblemLoader Creating init config 
122788     DEBUG main            d.u.i.k.p.i.AbstractProblemLoader Init config took 2.39s 
122823     INFO  main            d.u.i.k.p.i.AbstractProblemLoader Replaying proof Recell[Cell::post_set(int)].JML model_behavior operation contract.0 
122829     DEBUG main            d.u.i.k.p.i.IntermediateProofReplayer Proof replay took 5.3ns 
122932     INFO  main            d.u.i.k.p.r.p.TestFile    ... finished proof: closed. 
123158     INFO  main            d.u.i.k.p.i.AbstractProblemLoader Loading environment from /home/runner/work/key/key/key.core/../key.ui/examples/heap/model_methods/Recell_Cell_post_set.key.proof 
123158     DEBUG main            d.u.i.k.p.i.AbstractProblemLoader Environment load took 93ns 
123159     INFO  main            d.u.i.k.p.i.AbstractProblemLoader Creating init config 
125495     DEBUG main            d.u.i.k.p.i.AbstractProblemLoader Init config took 2.34s 
125530     INFO  main            d.u.i.k.p.i.AbstractProblemLoader Replaying proof Recell[Cell::post_set(int)].JML model_behavior operation contract.0 
125535     DEBUG main            d.u.i.k.p.i.IntermediateProofReplayer Proof replay took 3.52ms 
125535     DEBUG main            d.u.i.k.p.r.p.TestFile    ... success: reloaded. 
125536     INFO  main            d.u.i.k.p.r.p.TestFile    Now processing file /home/runner/work/key/key/key.core/../key.ui/examples/heap/model_methods/Recell_footprint_acc.key 
125536     INFO  main            d.u.i.k.p.i.AbstractProblemLoader Loading environment from /home/runner/work/key/key/key.core/../key.ui/examples/heap/model_methods/Recell_footprint_acc.key 
125537     DEBUG main            d.u.i.k.p.i.AbstractProblemLoader Environment load took 50.9ns 
125537     INFO  main            d.u.i.k.p.i.AbstractProblemLoader Creating init config 
127926     DEBUG main            d.u.i.k.p.i.AbstractProblemLoader Init config took 2.39s 
127960     INFO  main            d.u.i.k.p.i.AbstractProblemLoader Replaying proof Recell[Cell::footprint()].JML accessible clause.0 
127961     DEBUG main            d.u.i.k.p.i.IntermediateProofReplayer Proof replay took 14.1ns 
128063     INFO  main            d.u.i.k.p.r.p.TestFile    ... finished proof: closed. 
128354     INFO  main            d.u.i.k.p.i.AbstractProblemLoader Loading environment from /home/runner/work/key/key/key.core/../key.ui/examples/heap/model_methods/Recell_footprint_acc.key.proof 
128354     DEBUG main            d.u.i.k.p.i.AbstractProblemLoader Environment load took 90.1ns 
128355     INFO  main            d.u.i.k.p.i.AbstractProblemLoader Creating init config 
130674     DEBUG main            d.u.i.k.p.i.AbstractProblemLoader Init config took 2.32s 
130711     INFO  main            d.u.i.k.p.i.AbstractProblemLoader Replaying proof Recell[Cell::footprint()].JML accessible clause.0 
130728     DEBUG main            d.u.i.k.p.i.IntermediateProofReplayer Proof replay took 15.26ms 
130729     DEBUG main            d.u.i.k.p.r.p.TestFile    ... success: reloaded. 
130730     INFO  main            d.u.i.k.p.r.p.TestFile    Now processing file /home/runner/work/key/key/key.core/../key.ui/examples/heap/model_methods/Recell_get_acc.key 
130731     INFO  main            d.u.i.k.p.i.AbstractProblemLoader Loading environment from /home/runner/work/key/key/key.core/../key.ui/examples/heap/model_methods/Recell_get_acc.key 
130731     DEBUG main            d.u.i.k.p.i.AbstractProblemLoader Environment load took 139.4ns 
130732     INFO  main            d.u.i.k.p.i.AbstractProblemLoader Creating init config 
133135     DEBUG main            d.u.i.k.p.i.AbstractProblemLoader Init config took 2.4s 
133170     INFO  main            d.u.i.k.p.i.AbstractProblemLoader Replaying proof Recell[Cell::get()].JML accessible clause.0 
133171     DEBUG main            d.u.i.k.p.i.IntermediateProofReplayer Proof replay took 6.4ns 
133275     INFO  main            d.u.i.k.p.r.p.TestFile    ... finished proof: closed. 
133528     INFO  main            d.u.i.k.p.i.AbstractProblemLoader Loading environment from /home/runner/work/key/key/key.core/../key.ui/examples/heap/model_methods/Recell_get_acc.key.proof 
133529     DEBUG main            d.u.i.k.p.i.AbstractProblemLoader Environment load took 87.8ns 
133529     INFO  main            d.u.i.k.p.i.AbstractProblemLoader Creating init config 
135853     DEBUG main            d.u.i.k.p.i.AbstractProblemLoader Init config took 2.32s 
135897     INFO  main            d.u.i.k.p.i.AbstractProblemLoader Replaying proof Recell[Cell::get()].JML accessible clause.0 
135914     DEBUG main            d.u.i.k.p.i.IntermediateProofReplayer Proof replay took 14.6ms 
135914     DEBUG main            d.u.i.k.p.r.p.TestFile    ... success: reloaded. 
135915     INFO  main            d.u.i.k.p.r.p.TestFile    Now processing file /home/runner/work/key/key/key.core/../key.ui/examples/heap/model_methods/Recell_get.key 
135915     INFO  main            d.u.i.k.p.i.AbstractProblemLoader Loading environment from /home/runner/work/key/key/key.core/../key.ui/examples/heap/model_methods/Recell_get.key 
135915     DEBUG main            d.u.i.k.p.i.AbstractProblemLoader Environment load took 75.3ns 
135916     INFO  main            d.u.i.k.p.i.AbstractProblemLoader Creating init config 
138300     DEBUG main            d.u.i.k.p.i.AbstractProblemLoader Init config took 2.38s 
138336     INFO  main            d.u.i.k.p.i.AbstractProblemLoader Replaying proof Recell[Cell::get()].JML operation contract.0 
138337     DEBUG main            d.u.i.k.p.i.IntermediateProofReplayer Proof replay took 6.5ns 
138438     INFO  main            d.u.i.k.p.r.p.TestFile    ... finished proof: closed. 
138685     INFO  main            d.u.i.k.p.i.AbstractProblemLoader Loading environment from /home/runner/work/key/key/key.core/../key.ui/examples/heap/model_methods/Recell_get.key.proof 
138685     DEBUG main            d.u.i.k.p.i.AbstractProblemLoader Environment load took 87.2ns 
138686     INFO  main            d.u.i.k.p.i.AbstractProblemLoader Creating init config 
141000     DEBUG main            d.u.i.k.p.i.AbstractProblemLoader Init config took 2.31s 
141034     INFO  main            d.u.i.k.p.i.AbstractProblemLoader Replaying proof Recell[Cell::get()].JML operation contract.0 
141043     DEBUG main            d.u.i.k.p.i.IntermediateProofReplayer Proof replay took 7.68ms 
141044     DEBUG main            d.u.i.k.p.r.p.TestFile    ... success: reloaded. 
141045     INFO  main            d.u.i.k.p.r.p.TestFile    Now processing file /home/runner/work/key/key/key.core/../key.ui/examples/heap/model_methods/Recell_Recell_footprint.key 
141045     INFO  main            d.u.i.k.p.i.AbstractProblemLoader Loading environment from /home/runner/work/key/key/key.core/../key.ui/examples/heap/model_methods/Recell_Recell_footprint.key 
141045     DEBUG main            d.u.i.k.p.i.AbstractProblemLoader Environment load took 79.4ns 
141046     INFO  main            d.u.i.k.p.i.AbstractProblemLoader Creating init config 
143457     DEBUG main            d.u.i.k.p.i.AbstractProblemLoader Init config took 2.41s 
143492     INFO  main            d.u.i.k.p.i.AbstractProblemLoader Replaying proof Recell[Recell::footprint()].JML model_behavior operation contract.0 
143493     DEBUG main            d.u.i.k.p.i.IntermediateProofReplayer Proof replay took 5.6ns 
143596     INFO  main            d.u.i.k.p.r.p.TestFile    ... finished proof: closed. 
143868     INFO  main            d.u.i.k.p.i.AbstractProblemLoader Loading environment from /home/runner/work/key/key/key.core/../key.ui/examples/heap/model_methods/Recell_Recell_footprint.key.proof 
143868     DEBUG main            d.u.i.k.p.i.AbstractProblemLoader Environment load took 100.2ns 
143869     INFO  main            d.u.i.k.p.i.AbstractProblemLoader Creating init config 
146177     DEBUG main            d.u.i.k.p.i.AbstractProblemLoader Init config took 2.31s 
146212     INFO  main            d.u.i.k.p.i.AbstractProblemLoader Replaying proof Recell[Recell::footprint()].JML model_behavior operation contract.0 
146214     DEBUG main            d.u.i.k.p.i.IntermediateProofReplayer Proof replay took 1.23ms 
146215     DEBUG main            d.u.i.k.p.r.p.TestFile    ... success: reloaded. 
146216     INFO  main            d.u.i.k.p.r.p.TestFile    Now processing file /home/runner/work/key/key/key.core/../key.ui/examples/heap/model_methods/Recell_Recell_post_set.key 
146216     INFO  main            d.u.i.k.p.i.AbstractProblemLoader Loading environment from /home/runner/work/key/key/key.core/../key.ui/examples/heap/model_methods/Recell_Recell_post_set.key 
146216     DEBUG main            d.u.i.k.p.i.AbstractProblemLoader Environment load took 207.6ns 
146217     INFO  main            d.u.i.k.p.i.AbstractProblemLoader Creating init config 
148593     DEBUG main            d.u.i.k.p.i.AbstractProblemLoader Init config took 2.38s 
148628     INFO  main            d.u.i.k.p.i.AbstractProblemLoader Replaying proof Recell[Recell::post_set(int)].JML model_behavior operation contract.0 
148630     DEBUG main            d.u.i.k.p.i.IntermediateProofReplayer Proof replay took 7.1ns 
148731     INFO  main            d.u.i.k.p.r.p.TestFile    ... finished proof: closed. 
149001     INFO  main            d.u.i.k.p.i.AbstractProblemLoader Loading environment from /home/runner/work/key/key/key.core/../key.ui/examples/heap/model_methods/Recell_Recell_post_set.key.proof 
149001     DEBUG main            d.u.i.k.p.i.AbstractProblemLoader Environment load took 98.8ns 
149002     INFO  main            d.u.i.k.p.i.AbstractProblemLoader Creating init config 
151320     DEBUG main            d.u.i.k.p.i.AbstractProblemLoader Init config took 2.32s 
151355     INFO  main            d.u.i.k.p.i.AbstractProblemLoader Replaying proof Recell[Recell::post_set(int)].JML model_behavior operation contract.0 
151359     DEBUG main            d.u.i.k.p.i.IntermediateProofReplayer Proof replay took 2.14ms 
151359     DEBUG main            d.u.i.k.p.r.p.TestFile    ... success: reloaded. 
151360     INFO  main            d.u.i.k.p.r.p.TestFile    Now processing file /home/runner/work/key/key/key.core/../key.ui/examples/heap/model_methods/Recell_set.key 
151360     INFO  main            d.u.i.k.p.i.AbstractProblemLoader Loading environment from /home/runner/work/key/key/key.core/../key.ui/examples/heap/model_methods/Recell_set.key 
151360     DEBUG main            d.u.i.k.p.i.AbstractProblemLoader Environment load took 40.2ns 
151361     INFO  main            d.u.i.k.p.i.AbstractProblemLoader Creating init config 
153707     DEBUG main            d.u.i.k.p.i.AbstractProblemLoader Init config took 2.35s 
153743     INFO  main            d.u.i.k.p.i.AbstractProblemLoader Replaying proof Recell[Cell::set(int)].JML operation contract.0 
153744     DEBUG main            d.u.i.k.p.i.IntermediateProofReplayer Proof replay took 5.8ns 
159376     INFO  main            d.u.i.k.p.r.p.TestFile    ... finished proof: closed. 
159661     INFO  main            d.u.i.k.p.i.AbstractProblemLoader Loading environment from /home/runner/work/key/key/key.core/../key.ui/examples/heap/model_methods/Recell_set.key.proof 
159661     DEBUG main            d.u.i.k.p.i.AbstractProblemLoader Environment load took 294.2ns 
159663     INFO  main            d.u.i.k.p.i.AbstractProblemLoader Creating init config 
161979     DEBUG main            d.u.i.k.p.i.AbstractProblemLoader Init config took 2.32s 
162014     INFO  main            d.u.i.k.p.i.AbstractProblemLoader Replaying proof Recell[Cell::set(int)].JML operation contract.0 
162487     DEBUG main            d.u.i.k.p.i.IntermediateProofReplayer Proof replay took 455.65ms 
162489     DEBUG main            d.u.i.k.p.r.p.TestFile    ... success: reloaded. 
162489     INFO  main            d.u.i.k.p.r.p.TestFile    Now processing file /home/runner/work/key/key/key.core/../key.ui/examples/heap/model_methods/Recell_undo.key 
162490     INFO  main            d.u.i.k.p.i.AbstractProblemLoader Loading environment from /home/runner/work/key/key/key.core/../key.ui/examples/heap/model_methods/Recell_undo.key 
162490     DEBUG main            d.u.i.k.p.i.AbstractProblemLoader Environment load took 136.5ns 
162491     INFO  main            d.u.i.k.p.i.AbstractProblemLoader Creating init config 
164858     DEBUG main            d.u.i.k.p.i.AbstractProblemLoader Init config took 2.37s 
164893     INFO  main            d.u.i.k.p.i.AbstractProblemLoader Replaying proof Recell[Recell::undo()].JML operation contract.0 
164895     DEBUG main            d.u.i.k.p.i.IntermediateProofReplayer Proof replay took 6.8ns 
164996     INFO  main            d.u.i.k.p.r.p.TestFile    ... finished proof: closed. 
165269     INFO  main            d.u.i.k.p.i.AbstractProblemLoader Loading environment from /home/runner/work/key/key/key.core/../key.ui/examples/heap/model_methods/Recell_undo.key.proof 
165269     DEBUG main            d.u.i.k.p.i.AbstractProblemLoader Environment load took 86.2ns 
165270     INFO  main            d.u.i.k.p.i.AbstractProblemLoader Creating init config 
167603     DEBUG main            d.u.i.k.p.i.AbstractProblemLoader Init config took 2.33s 
167638     INFO  main            d.u.i.k.p.i.AbstractProblemLoader Replaying proof Recell[Recell::undo()].JML operation contract.0 
167668     DEBUG main            d.u.i.k.p.i.IntermediateProofReplayer Proof replay took 27.05ms 
167668     DEBUG main            d.u.i.k.p.r.p.TestFile    ... success: reloaded. 
3974447    INFO  Test worker     d.u.i.k.p.r.RunAllProofsTestUnit Returning from test modelMethods 
3974447    INFO  Test worker     d.u.i.k.p.r.RunAllProofsTestUnit Running test permissionHeap 
376        INFO  Timeout watchdog d.u.i.k.p.r.p.ForkedTestFileRunner Timeout watcher launched (2000 secs.) 
385        WARN  main            d.u.i.k.s.ProofSettings   The settings in /home/runner/.key/proof-settings.props are *not* read. 
412        INFO  main            d.u.i.k.p.r.p.TestFile    Now processing file /home/runner/work/key/key/key.core/../key.ui/examples/heap/permissions/permissions_method0.key 
545        INFO  main            d.u.i.k.p.i.AbstractProblemLoader Loading environment from /home/runner/work/key/key/key.core/../key.ui/examples/heap/permissions/permissions_method0.key 
561        DEBUG main            d.u.i.k.p.i.AbstractProblemLoader Environment load took 1.84ms 
771        INFO  main            d.u.i.k.p.i.AbstractProblemLoader Creating init config 
1611       DEBUG main            d.u.i.k.j.TypeConverter   No LDT found for Meta 
1612       DEBUG main            d.u.i.k.j.TypeConverter   No LDT found for Meta 
1616       DEBUG main            d.u.i.k.j.TypeConverter   No LDT found for Meta 
1616       DEBUG main            d.u.i.k.j.TypeConverter   No LDT found for Meta 
3019       DEBUG main            d.u.i.k.j.TypeConverter   No LDT found for JavaBigintExpression 
7728       DEBUG main            d.u.i.k.p.i.AbstractProblemLoader Init config took 6.96s 
7850       INFO  main            d.u.i.k.p.i.AbstractProblemLoader Replaying proof MyClass[MyClass::method0()].JML normal_behavior operation contract.0 
7880       DEBUG main            d.u.i.k.p.i.IntermediateProofReplayer Proof replay took 31ns 
8806       INFO  main            d.u.i.k.p.r.p.TestFile    ... finished proof: closed. 
8926       INFO  main            d.u.i.k.p.i.AbstractProblemLoader Loading environment from /home/runner/work/key/key/key.core/../key.ui/examples/heap/permissions/permissions_method0.key.proof 
8927       DEBUG main            d.u.i.k.p.i.AbstractProblemLoader Environment load took 1.36ms 
8929       INFO  main            d.u.i.k.p.i.AbstractProblemLoader Creating init config 
11663      DEBUG main            d.u.i.k.p.i.AbstractProblemLoader Init config took 2.73s 
11759      INFO  main            d.u.i.k.p.i.AbstractProblemLoader Replaying proof MyClass[MyClass::method0()].JML normal_behavior operation contract.0 
11887      DEBUG main            d.u.i.k.p.i.IntermediateProofReplayer Proof replay took 116ms 
11896      DEBUG main            d.u.i.k.p.r.p.TestFile    ... success: reloaded. 
11897      INFO  main            d.u.i.k.p.r.p.TestFile    Now processing file /home/runner/work/key/key/key.core/../key.ui/examples/heap/permissions/permissions_method1.key 
11898      INFO  main            d.u.i.k.p.i.AbstractProblemLoader Loading environment from /home/runner/work/key/key/key.core/../key.ui/examples/heap/permissions/permissions_method1.key 
11898      DEBUG main            d.u.i.k.p.i.AbstractProblemLoader Environment load took 187.3ns 
11899      INFO  main            d.u.i.k.p.i.AbstractProblemLoader Creating init config 
14525      DEBUG main            d.u.i.k.p.i.AbstractProblemLoader Init config took 2.63s 
14582      INFO  main            d.u.i.k.p.i.AbstractProblemLoader Replaying proof MyClass[MyClass::method1()].JML normal_behavior operation contract.0 
14585      DEBUG main            d.u.i.k.p.i.IntermediateProofReplayer Proof replay took 5.5ns 
14888      INFO  main            d.u.i.k.p.r.p.TestFile    ... finished proof: closed. 
15048      INFO  main            d.u.i.k.p.i.AbstractProblemLoader Loading environment from /home/runner/work/key/key/key.core/../key.ui/examples/heap/permissions/permissions_method1.key.proof 
15048      DEBUG main            d.u.i.k.p.i.AbstractProblemLoader Environment load took 579ns 
15050      INFO  main            d.u.i.k.p.i.AbstractProblemLoader Creating init config 
17627      DEBUG main            d.u.i.k.p.i.AbstractProblemLoader Init config took 2.58s 
17675      INFO  main            d.u.i.k.p.i.AbstractProblemLoader Replaying proof MyClass[MyClass::method1()].JML normal_behavior operation contract.0 
17736      DEBUG main            d.u.i.k.p.i.IntermediateProofReplayer Proof replay took 57.91ms 
17737      DEBUG main            d.u.i.k.p.r.p.TestFile    ... success: reloaded. 
17738      INFO  main            d.u.i.k.p.r.p.TestFile    Now processing file /home/runner/work/key/key/key.core/../key.ui/examples/heap/permissions/permissions_method3.key 
17739      INFO  main            d.u.i.k.p.i.AbstractProblemLoader Loading environment from /home/runner/work/key/key/key.core/../key.ui/examples/heap/permissions/permissions_method3.key 
17739      DEBUG main            d.u.i.k.p.i.AbstractProblemLoader Environment load took 200.9ns 
17740      INFO  main            d.u.i.k.p.i.AbstractProblemLoader Creating init config 
20291      DEBUG main            d.u.i.k.p.i.AbstractProblemLoader Init config took 2.55s 
20337      INFO  main            d.u.i.k.p.i.AbstractProblemLoader Replaying proof MyClass[MyClass::method3()].JML normal_behavior operation contract.0 
20347      DEBUG main            d.u.i.k.p.i.IntermediateProofReplayer Proof replay took 5ns 
21853      INFO  main            d.u.i.k.p.r.p.TestFile    ... finished proof: closed. 
22013      INFO  main            d.u.i.k.p.i.AbstractProblemLoader Loading environment from /home/runner/work/key/key/key.core/../key.ui/examples/heap/permissions/permissions_method3.key.proof 
22014      DEBUG main            d.u.i.k.p.i.AbstractProblemLoader Environment load took 362.4ns 
22015      INFO  main            d.u.i.k.p.i.AbstractProblemLoader Creating init config 
24509      DEBUG main            d.u.i.k.p.i.AbstractProblemLoader Init config took 2.49s 
24552      INFO  main            d.u.i.k.p.i.AbstractProblemLoader Replaying proof MyClass[MyClass::method3()].JML normal_behavior operation contract.0 
24778      DEBUG main            d.u.i.k.p.i.IntermediateProofReplayer Proof replay took 217.91ms 
24779      DEBUG main            d.u.i.k.p.r.p.TestFile    ... success: reloaded. 
24781      INFO  main            d.u.i.k.p.r.p.TestFile    Now processing file /home/runner/work/key/key/key.core/../key.ui/examples/heap/permissions/permissions_setAB.key 
24781      INFO  main            d.u.i.k.p.i.AbstractProblemLoader Loading environment from /home/runner/work/key/key/key.core/../key.ui/examples/heap/permissions/permissions_setAB.key 
24781      DEBUG main            d.u.i.k.p.i.AbstractProblemLoader Environment load took 160.4ns 
24782      INFO  main            d.u.i.k.p.i.AbstractProblemLoader Creating init config 
27317      DEBUG main            d.u.i.k.p.i.AbstractProblemLoader Init config took 2.53s 
27359      INFO  main            d.u.i.k.p.i.AbstractProblemLoader Replaying proof MyClass[MyClass::setAB()].JML normal_behavior operation contract.0 
27361      DEBUG main            d.u.i.k.p.i.IntermediateProofReplayer Proof replay took 4.9ns 
28774      INFO  main            d.u.i.k.p.r.p.TestFile    ... finished proof: closed. 
28981      INFO  main            d.u.i.k.p.i.AbstractProblemLoader Loading environment from /home/runner/work/key/key/key.core/../key.ui/examples/heap/permissions/permissions_setAB.key.proof 
28982      DEBUG main            d.u.i.k.p.i.AbstractProblemLoader Environment load took 321.2ns 
28983      INFO  main            d.u.i.k.p.i.AbstractProblemLoader Creating init config 
31451      DEBUG main            d.u.i.k.p.i.AbstractProblemLoader Init config took 2.47s 
31492      INFO  main            d.u.i.k.p.i.AbstractProblemLoader Replaying proof MyClass[MyClass::setAB()].JML normal_behavior operation contract.0 
31691      DEBUG main            d.u.i.k.p.i.IntermediateProofReplayer Proof replay took 192.11ms 
31692      DEBUG main            d.u.i.k.p.r.p.TestFile    ... success: reloaded. 
31693      INFO  main            d.u.i.k.p.r.p.TestFile    Now processing file /home/runner/work/key/key/key.core/../key.ui/examples/heap/permissions/permissionProperties.key 
31693      INFO  main            d.u.i.k.p.i.AbstractProblemLoader Loading environment from /home/runner/work/key/key/key.core/../key.ui/examples/heap/permissions/permissionProperties.key 
31693      DEBUG main            d.u.i.k.p.i.AbstractProblemLoader Environment load took 155.8ns 
31695      INFO  main            d.u.i.k.p.i.AbstractProblemLoader Creating init config 
31822      DEBUG main            d.u.i.k.j.TypeConverter   No LDT found for Meta 
31823      DEBUG main            d.u.i.k.j.TypeConverter   No LDT found for Meta 
31823      DEBUG main            d.u.i.k.j.TypeConverter   No LDT found for Meta 
31824      DEBUG main            d.u.i.k.j.TypeConverter   No LDT found for Meta 
32409      DEBUG main            d.u.i.k.j.TypeConverter   No LDT found for JavaBigintExpression 
34999      DEBUG main            d.u.i.k.p.i.AbstractProblemLoader Init config took 3.3s 
35018      INFO  main            d.u.i.k.p.i.AbstractProblemLoader Replaying proof permissionProperties.key 
35020      DEBUG main            d.u.i.k.p.i.IntermediateProofReplayer Proof replay took 5.3ns 
35123      INFO  main            d.u.i.k.p.r.p.TestFile    ... finished proof: closed. 
35282      INFO  main            d.u.i.k.p.i.AbstractProblemLoader Loading environment from /home/runner/work/key/key/key.core/../key.ui/examples/heap/permissions/permissionProperties.key.proof 
35282      DEBUG main            d.u.i.k.p.i.AbstractProblemLoader Environment load took 114.9ns 
35284      INFO  main            d.u.i.k.p.i.AbstractProblemLoader Creating init config 
37619      DEBUG main            d.u.i.k.p.i.AbstractProblemLoader Init config took 2.33s 
37638      INFO  main            d.u.i.k.p.i.AbstractProblemLoader Replaying proof permissionProperties.key.proof 
37655      DEBUG main            d.u.i.k.p.i.IntermediateProofReplayer Proof replay took 14.22ms 
37656      DEBUG main            d.u.i.k.p.r.p.TestFile    ... success: reloaded. 
37658      INFO  main            d.u.i.k.p.r.p.TestFile    Now processing file /home/runner/work/key/key/key.core/../key.ui/examples/heap/permissions/threads/AFilter_AFilter.key 
37658      INFO  main            d.u.i.k.p.i.AbstractProblemLoader Loading environment from /home/runner/work/key/key/key.core/../key.ui/examples/heap/permissions/threads/AFilter_AFilter.key 
37658      DEBUG main            d.u.i.k.p.i.AbstractProblemLoader Environment load took 172.6ns 
37659      INFO  main            d.u.i.k.p.i.AbstractProblemLoader Creating init config 
37774      DEBUG main            d.u.i.k.j.TypeConverter   No LDT found for Meta 
37775      DEBUG main            d.u.i.k.j.TypeConverter   No LDT found for Meta 
37775      DEBUG main            d.u.i.k.j.TypeConverter   No LDT found for Meta 
37775      DEBUG main            d.u.i.k.j.TypeConverter   No LDT found for Meta 
38278      DEBUG main            d.u.i.k.j.TypeConverter   No LDT found for JavaBigintExpression 
43252      DEBUG main            d.u.i.k.p.i.AbstractProblemLoader Init config took 5.59s 
43363      INFO  main            d.u.i.k.p.i.AbstractProblemLoader Replaying proof AFilter[AFilter::AFilter(Sampler,Buffer)].JML normal_behavior operation contract.0 
43364      DEBUG main            d.u.i.k.p.i.IntermediateProofReplayer Proof replay took 5.9ns 
44468      INFO  main            d.u.i.k.p.r.p.TestFile    ... finished proof: closed. 
44721      INFO  main            d.u.i.k.p.i.AbstractProblemLoader Loading environment from /home/runner/work/key/key/key.core/../key.ui/examples/heap/permissions/threads/AFilter_AFilter.key.proof 
44722      DEBUG main            d.u.i.k.p.i.AbstractProblemLoader Environment load took 315.7ns 
44723      INFO  main            d.u.i.k.p.i.AbstractProblemLoader Creating init config 
49190      DEBUG main            d.u.i.k.p.i.AbstractProblemLoader Init config took 4.47s 
49288      INFO  main            d.u.i.k.p.i.AbstractProblemLoader Replaying proof AFilter[AFilter::AFilter(Sampler,Buffer)].JML normal_behavior operation contract.0 
49447      DEBUG main            d.u.i.k.p.i.IntermediateProofReplayer Proof replay took 154.1ms 
49449      DEBUG main            d.u.i.k.p.r.p.TestFile    ... success: reloaded. 
49450      INFO  main            d.u.i.k.p.r.p.TestFile    Now processing file /home/runner/work/key/key/key.core/../key.ui/examples/heap/permissions/threads/AFilter_initPost_accessible.key 
49450      INFO  main            d.u.i.k.p.i.AbstractProblemLoader Loading environment from /home/runner/work/key/key/key.core/../key.ui/examples/heap/permissions/threads/AFilter_initPost_accessible.key 
49450      DEBUG main            d.u.i.k.p.i.AbstractProblemLoader Environment load took 162.2ns 
49451      INFO  main            d.u.i.k.p.i.AbstractProblemLoader Creating init config 
53930      DEBUG main            d.u.i.k.p.i.AbstractProblemLoader Init config took 4.48s 
54032      INFO  main            d.u.i.k.p.i.AbstractProblemLoader Replaying proof AFilter[ThreadSpec2::initPost()].JML accessible clause.0 
54034      DEBUG main            d.u.i.k.p.i.IntermediateProofReplayer Proof replay took 5.3ns 
54135      INFO  main            d.u.i.k.p.r.p.TestFile    ... finished proof: closed. 
54396      INFO  main            d.u.i.k.p.i.AbstractProblemLoader Loading environment from /home/runner/work/key/key/key.core/../key.ui/examples/heap/permissions/threads/AFilter_initPost_accessible.key.proof 
54396      DEBUG main            d.u.i.k.p.i.AbstractProblemLoader Environment load took 121.1ns 
54397      INFO  main            d.u.i.k.p.i.AbstractProblemLoader Creating init config 
58828      DEBUG main            d.u.i.k.p.i.AbstractProblemLoader Init config took 4.43s 
58913      INFO  main            d.u.i.k.p.i.AbstractProblemLoader Replaying proof AFilter[ThreadSpec2::initPost()].JML accessible clause.0 
58929      DEBUG main            d.u.i.k.p.i.IntermediateProofReplayer Proof replay took 13.7ms 
58930      DEBUG main            d.u.i.k.p.r.p.TestFile    ... success: reloaded. 
58931      INFO  main            d.u.i.k.p.r.p.TestFile    Now processing file /home/runner/work/key/key/key.core/../key.ui/examples/heap/permissions/threads/AFilter_inv_accessible1.key 
58931      INFO  main            d.u.i.k.p.i.AbstractProblemLoader Loading environment from /home/runner/work/key/key/key.core/../key.ui/examples/heap/permissions/threads/AFilter_inv_accessible1.key 
58931      DEBUG main            d.u.i.k.p.i.AbstractProblemLoader Environment load took 158.7ns 
58932      INFO  main            d.u.i.k.p.i.AbstractProblemLoader Creating init config 
63413      DEBUG main            d.u.i.k.p.i.AbstractProblemLoader Init config took 4.48s 
63500      INFO  main            d.u.i.k.p.i.AbstractProblemLoader Replaying proof AFilter[java.lang.Object::<inv>()].JML accessible clause.0 
63501      DEBUG main            d.u.i.k.p.i.IntermediateProofReplayer Proof replay took 6.1ns 
63603      INFO  main            d.u.i.k.p.r.p.TestFile    ... finished proof: closed. 
63797      INFO  main            d.u.i.k.p.i.AbstractProblemLoader Loading environment from /home/runner/work/key/key/key.core/../key.ui/examples/heap/permissions/threads/AFilter_inv_accessible1.key.proof 
63797      DEBUG main            d.u.i.k.p.i.AbstractProblemLoader Environment load took 108.9ns 
63799      INFO  main            d.u.i.k.p.i.AbstractProblemLoader Creating init config 
68224      DEBUG main            d.u.i.k.p.i.AbstractProblemLoader Init config took 4.42s 
68309      INFO  main            d.u.i.k.p.i.AbstractProblemLoader Replaying proof AFilter[java.lang.Object::<inv>()].JML accessible clause.0 
68312      DEBUG main            d.u.i.k.p.i.IntermediateProofReplayer Proof replay took 2.38ms 
68313      DEBUG main            d.u.i.k.p.r.p.TestFile    ... success: reloaded. 
68314      INFO  main            d.u.i.k.p.r.p.TestFile    Now processing file /home/runner/work/key/key/key.core/../key.ui/examples/heap/permissions/threads/AFilter_inv_accessible2.key 
68315      INFO  main            d.u.i.k.p.i.AbstractProblemLoader Loading environment from /home/runner/work/key/key/key.core/../key.ui/examples/heap/permissions/threads/AFilter_inv_accessible2.key 
68315      DEBUG main            d.u.i.k.p.i.AbstractProblemLoader Environment load took 80.1ns 
68316      INFO  main            d.u.i.k.p.i.AbstractProblemLoader Creating init config 
72748      DEBUG main            d.u.i.k.p.i.AbstractProblemLoader Init config took 4.43s 
72830      INFO  main            d.u.i.k.p.i.AbstractProblemLoader Replaying proof AFilter[java.lang.Object::<inv>()].JML accessible clause.1 
72832      DEBUG main            d.u.i.k.p.i.IntermediateProofReplayer Proof replay took 5.8ns 
72934      INFO  main            d.u.i.k.p.r.p.TestFile    ... finished proof: closed. 
73129      INFO  main            d.u.i.k.p.i.AbstractProblemLoader Loading environment from /home/runner/work/key/key/key.core/../key.ui/examples/heap/permissions/threads/AFilter_inv_accessible2.key.proof 
73129      DEBUG main            d.u.i.k.p.i.AbstractProblemLoader Environment load took 104.6ns 
73130      INFO  main            d.u.i.k.p.i.AbstractProblemLoader Creating init config 
77522      DEBUG main            d.u.i.k.p.i.AbstractProblemLoader Init config took 4.39s 
77603      INFO  main            d.u.i.k.p.i.AbstractProblemLoader Replaying proof AFilter[java.lang.Object::<inv>()].JML accessible clause.1 
77606      DEBUG main            d.u.i.k.p.i.IntermediateProofReplayer Proof replay took 2.07ms 
77607      DEBUG main            d.u.i.k.p.r.p.TestFile    ... success: reloaded. 
77609      INFO  main            d.u.i.k.p.r.p.TestFile    Now processing file /home/runner/work/key/key/key.core/../key.ui/examples/heap/permissions/threads/AFilter_joinTransfer_accessible.key 
77609      INFO  main            d.u.i.k.p.i.AbstractProblemLoader Loading environment from /home/runner/work/key/key/key.core/../key.ui/examples/heap/permissions/threads/AFilter_joinTransfer_accessible.key 
77609      DEBUG main            d.u.i.k.p.i.AbstractProblemLoader Environment load took 153.4ns 
77610      INFO  main            d.u.i.k.p.i.AbstractProblemLoader Creating init config 
82035      DEBUG main            d.u.i.k.p.i.AbstractProblemLoader Init config took 4.43s 
82114      INFO  main            d.u.i.k.p.i.AbstractProblemLoader Replaying proof AFilter[ThreadSpec2::joinTransfer()].JML accessible clause.0 
82116      DEBUG main            d.u.i.k.p.i.IntermediateProofReplayer Proof replay took 5.9ns 
83122      INFO  main            d.u.i.k.p.r.p.TestFile    ... finished proof: closed. 
83341      INFO  main            d.u.i.k.p.i.AbstractProblemLoader Loading environment from /home/runner/work/key/key/key.core/../key.ui/examples/heap/permissions/threads/AFilter_joinTransfer_accessible.key.proof 
83342      DEBUG main            d.u.i.k.p.i.AbstractProblemLoader Environment load took 732.9ns 
83346      INFO  main            d.u.i.k.p.i.AbstractProblemLoader Creating init config 
87725      DEBUG main            d.u.i.k.p.i.AbstractProblemLoader Init config took 4.38s 
87807      INFO  main            d.u.i.k.p.i.AbstractProblemLoader Replaying proof AFilter[ThreadSpec2::joinTransfer()].JML accessible clause.0 
87950      DEBUG main            d.u.i.k.p.i.IntermediateProofReplayer Proof replay took 136.63ms 
87951      DEBUG main            d.u.i.k.p.r.p.TestFile    ... success: reloaded. 
87952      INFO  main            d.u.i.k.p.r.p.TestFile    Now processing file /home/runner/work/key/key/key.core/../key.ui/examples/heap/permissions/threads/AFilter_joinTransfer_contract.key 
87953      INFO  main            d.u.i.k.p.i.AbstractProblemLoader Loading environment from /home/runner/work/key/key/key.core/../key.ui/examples/heap/permissions/threads/AFilter_joinTransfer_contract.key 
87953      DEBUG main            d.u.i.k.p.i.AbstractProblemLoader Environment load took 158.5ns 
87954      INFO  main            d.u.i.k.p.i.AbstractProblemLoader Creating init config 
92363      DEBUG main            d.u.i.k.p.i.AbstractProblemLoader Init config took 4.41s 
92444      INFO  main            d.u.i.k.p.i.AbstractProblemLoader Replaying proof AFilter[ThreadSpec2::joinTransfer()].JML model_behavior operation contract.0 
92445      DEBUG main            d.u.i.k.p.i.IntermediateProofReplayer Proof replay took 6ns 
92548      INFO  main            d.u.i.k.p.r.p.TestFile    ... finished proof: closed. 
92753      INFO  main            d.u.i.k.p.i.AbstractProblemLoader Loading environment from /home/runner/work/key/key/key.core/../key.ui/examples/heap/permissions/threads/AFilter_joinTransfer_contract.key.proof 
92754      DEBUG main            d.u.i.k.p.i.AbstractProblemLoader Environment load took 119ns 
92755      INFO  main            d.u.i.k.p.i.AbstractProblemLoader Creating init config 
97137      DEBUG main            d.u.i.k.p.i.AbstractProblemLoader Init config took 4.38s 
97228      INFO  main            d.u.i.k.p.i.AbstractProblemLoader Replaying proof AFilter[ThreadSpec2::joinTransfer()].JML model_behavior operation contract.0 
97237      DEBUG main            d.u.i.k.p.i.IntermediateProofReplayer Proof replay took 7.16ms 
97238      DEBUG main            d.u.i.k.p.r.p.TestFile    ... success: reloaded. 
97239      INFO  main            d.u.i.k.p.r.p.TestFile    Now processing file /home/runner/work/key/key/key.core/../key.ui/examples/heap/permissions/threads/AFilter_postJoin_accessible.key 
97239      INFO  main            d.u.i.k.p.i.AbstractProblemLoader Loading environment from /home/runner/work/key/key/key.core/../key.ui/examples/heap/permissions/threads/AFilter_postJoin_accessible.key 
97239      DEBUG main            d.u.i.k.p.i.AbstractProblemLoader Environment load took 83.8ns 
97240      INFO  main            d.u.i.k.p.i.AbstractProblemLoader Creating init config 
101679     DEBUG main            d.u.i.k.p.i.AbstractProblemLoader Init config took 4.44s 
101758     INFO  main            d.u.i.k.p.i.AbstractProblemLoader Replaying proof AFilter[ThreadSpec2::postJoin(java.lang.Object)].JML accessible clause.0 
101759     DEBUG main            d.u.i.k.p.i.IntermediateProofReplayer Proof replay took 6.1ns 
101862     INFO  main            d.u.i.k.p.r.p.TestFile    ... finished proof: closed. 
102077     INFO  main            d.u.i.k.p.i.AbstractProblemLoader Loading environment from /home/runner/work/key/key/key.core/../key.ui/examples/heap/permissions/threads/AFilter_postJoin_accessible.key.proof 
102077     DEBUG main            d.u.i.k.p.i.AbstractProblemLoader Environment load took 110.6ns 
102078     INFO  main            d.u.i.k.p.i.AbstractProblemLoader Creating init config 
106434     DEBUG main            d.u.i.k.p.i.AbstractProblemLoader Init config took 4.36s 
106511     INFO  main            d.u.i.k.p.i.AbstractProblemLoader Replaying proof AFilter[ThreadSpec2::postJoin(java.lang.Object)].JML accessible clause.0 
106520     DEBUG main            d.u.i.k.p.i.IntermediateProofReplayer Proof replay took 6.82ms 
106521     DEBUG main            d.u.i.k.p.r.p.TestFile    ... success: reloaded. 
106522     INFO  main            d.u.i.k.p.r.p.TestFile    Now processing file /home/runner/work/key/key/key.core/../key.ui/examples/heap/permissions/threads/AFilter_preStart_accessible.key 
106522     INFO  main            d.u.i.k.p.i.AbstractProblemLoader Loading environment from /home/runner/work/key/key/key.core/../key.ui/examples/heap/permissions/threads/AFilter_preStart_accessible.key 
106522     DEBUG main            d.u.i.k.p.i.AbstractProblemLoader Environment load took 79.7ns 
106523     INFO  main            d.u.i.k.p.i.AbstractProblemLoader Creating init config 
110965     DEBUG main            d.u.i.k.p.i.AbstractProblemLoader Init config took 4.44s 
111067     INFO  main            d.u.i.k.p.i.AbstractProblemLoader Replaying proof AFilter[ThreadSpec2::preStart(java.lang.Object)].JML accessible clause.0 
111068     DEBUG main            d.u.i.k.p.i.IntermediateProofReplayer Proof replay took 6.5ns 
111371     INFO  main            d.u.i.k.p.r.p.TestFile    ... finished proof: closed. 
111607     INFO  main            d.u.i.k.p.i.AbstractProblemLoader Loading environment from /home/runner/work/key/key/key.core/../key.ui/examples/heap/permissions/threads/AFilter_preStart_accessible.key.proof 
111607     DEBUG main            d.u.i.k.p.i.AbstractProblemLoader Environment load took 107.1ns 
111608     INFO  main            d.u.i.k.p.i.AbstractProblemLoader Creating init config 
115955     DEBUG main            d.u.i.k.p.i.AbstractProblemLoader Init config took 4.35s 
116049     INFO  main            d.u.i.k.p.i.AbstractProblemLoader Replaying proof AFilter[ThreadSpec2::preStart(java.lang.Object)].JML accessible clause.0 
116083     DEBUG main            d.u.i.k.p.i.IntermediateProofReplayer Proof replay took 31.11ms 
116084     DEBUG main            d.u.i.k.p.r.p.TestFile    ... success: reloaded. 
116085     INFO  main            d.u.i.k.p.r.p.TestFile    Now processing file /home/runner/work/key/key/key.core/../key.ui/examples/heap/permissions/threads/AFilter_startTransfer_accessible.key 
116085     INFO  main            d.u.i.k.p.i.AbstractProblemLoader Loading environment from /home/runner/work/key/key/key.core/../key.ui/examples/heap/permissions/threads/AFilter_startTransfer_accessible.key 
116085     DEBUG main            d.u.i.k.p.i.AbstractProblemLoader Environment load took 80.6ns 
116086     INFO  main            d.u.i.k.p.i.AbstractProblemLoader Creating init config 
120499     DEBUG main            d.u.i.k.p.i.AbstractProblemLoader Init config took 4.41s 
120576     INFO  main            d.u.i.k.p.i.AbstractProblemLoader Replaying proof AFilter[ThreadSpec2::startTransfer()].JML accessible clause.0 
120577     DEBUG main            d.u.i.k.p.i.IntermediateProofReplayer Proof replay took 6.1ns 
129272     INFO  main            d.u.i.k.p.r.p.TestFile    ... finished proof: closed. 
129537     INFO  main            d.u.i.k.p.i.AbstractProblemLoader Loading environment from /home/runner/work/key/key/key.core/../key.ui/examples/heap/permissions/threads/AFilter_startTransfer_accessible.key.proof 
129540     DEBUG main            d.u.i.k.p.i.AbstractProblemLoader Environment load took 2.8ms 
129544     INFO  main            d.u.i.k.p.i.AbstractProblemLoader Creating init config 
133889     DEBUG main            d.u.i.k.p.i.AbstractProblemLoader Init config took 4.35s 
133965     INFO  main            d.u.i.k.p.i.AbstractProblemLoader Replaying proof AFilter[ThreadSpec2::startTransfer()].JML accessible clause.0 
134707     DEBUG main            d.u.i.k.p.i.IntermediateProofReplayer Proof replay took 714.2ms 
134708     DEBUG main            d.u.i.k.p.r.p.TestFile    ... success: reloaded. 
134709     INFO  main            d.u.i.k.p.r.p.TestFile    Now processing file /home/runner/work/key/key/key.core/../key.ui/examples/heap/permissions/threads/AFilter_startTransfer_contract.key 
134710     INFO  main            d.u.i.k.p.i.AbstractProblemLoader Loading environment from /home/runner/work/key/key/key.core/../key.ui/examples/heap/permissions/threads/AFilter_startTransfer_contract.key 
134710     DEBUG main            d.u.i.k.p.i.AbstractProblemLoader Environment load took 159.9ns 
134711     INFO  main            d.u.i.k.p.i.AbstractProblemLoader Creating init config 
139109     DEBUG main            d.u.i.k.p.i.AbstractProblemLoader Init config took 4.4s 
139205     INFO  main            d.u.i.k.p.i.AbstractProblemLoader Replaying proof AFilter[ThreadSpec2::startTransfer()].JML model_behavior operation contract.0 
139206     DEBUG main            d.u.i.k.p.i.IntermediateProofReplayer Proof replay took 6.4ns 
139610     INFO  main            d.u.i.k.p.r.p.TestFile    ... finished proof: closed. 
139852     INFO  main            d.u.i.k.p.i.AbstractProblemLoader Loading environment from /home/runner/work/key/key/key.core/../key.ui/examples/heap/permissions/threads/AFilter_startTransfer_contract.key.proof 
139852     DEBUG main            d.u.i.k.p.i.AbstractProblemLoader Environment load took 107.3ns 
139853     INFO  main            d.u.i.k.p.i.AbstractProblemLoader Creating init config 
144187     DEBUG main            d.u.i.k.p.i.AbstractProblemLoader Init config took 4.33s 
144276     INFO  main            d.u.i.k.p.i.AbstractProblemLoader Replaying proof AFilter[ThreadSpec2::startTransfer()].JML model_behavior operation contract.0 
144321     DEBUG main            d.u.i.k.p.i.IntermediateProofReplayer Proof replay took 40.62ms 
144322     DEBUG main            d.u.i.k.p.r.p.TestFile    ... success: reloaded. 
144323     INFO  main            d.u.i.k.p.r.p.TestFile    Now processing file /home/runner/work/key/key/key.core/../key.ui/examples/heap/permissions/threads/AFilter_stateInv_accessible.key 
144323     INFO  main            d.u.i.k.p.i.AbstractProblemLoader Loading environment from /home/runner/work/key/key/key.core/../key.ui/examples/heap/permissions/threads/AFilter_stateInv_accessible.key 
144323     DEBUG main            d.u.i.k.p.i.AbstractProblemLoader Environment load took 92.9ns 
144324     INFO  main            d.u.i.k.p.i.AbstractProblemLoader Creating init config 
148706     DEBUG main            d.u.i.k.p.i.AbstractProblemLoader Init config took 4.38s 
148796     INFO  main            d.u.i.k.p.i.AbstractProblemLoader Replaying proof AFilter[ThreadSpec2::stateInv()].JML accessible clause.0 
148798     DEBUG main            d.u.i.k.p.i.IntermediateProofReplayer Proof replay took 5.6ns 
149100     INFO  main            d.u.i.k.p.r.p.TestFile    ... finished proof: closed. 
149351     INFO  main            d.u.i.k.p.i.AbstractProblemLoader Loading environment from /home/runner/work/key/key/key.core/../key.ui/examples/heap/permissions/threads/AFilter_stateInv_accessible.key.proof 
149351     DEBUG main            d.u.i.k.p.i.AbstractProblemLoader Environment load took 113.5ns 
149352     INFO  main            d.u.i.k.p.i.AbstractProblemLoader Creating init config 
153681     DEBUG main            d.u.i.k.p.i.AbstractProblemLoader Init config took 4.33s 
153757     INFO  main            d.u.i.k.p.i.AbstractProblemLoader Replaying proof AFilter[ThreadSpec2::stateInv()].JML accessible clause.0 
153793     DEBUG main            d.u.i.k.p.i.IntermediateProofReplayer Proof replay took 32.81ms 
153794     DEBUG main            d.u.i.k.p.r.p.TestFile    ... success: reloaded. 
153795     INFO  main            d.u.i.k.p.r.p.TestFile    Now processing file /home/runner/work/key/key/key.core/../key.ui/examples/heap/permissions/threads/AFilter_staticPermissions_accessible.key 
153796     INFO  main            d.u.i.k.p.i.AbstractProblemLoader Loading environment from /home/runner/work/key/key/key.core/../key.ui/examples/heap/permissions/threads/AFilter_staticPermissions_accessible.key 
153796     DEBUG main            d.u.i.k.p.i.AbstractProblemLoader Environment load took 167.8ns 
153797     INFO  main            d.u.i.k.p.i.AbstractProblemLoader Creating init config 
158191     DEBUG main            d.u.i.k.p.i.AbstractProblemLoader Init config took 4.39s 
158270     INFO  main            d.u.i.k.p.i.AbstractProblemLoader Replaying proof AFilter[ThreadSpec2::staticPermissions()].JML accessible clause.0 
158271     DEBUG main            d.u.i.k.p.i.IntermediateProofReplayer Proof replay took 5.8ns 
158373     INFO  main            d.u.i.k.p.r.p.TestFile    ... finished proof: closed. 
158616     INFO  main            d.u.i.k.p.i.AbstractProblemLoader Loading environment from /home/runner/work/key/key/key.core/../key.ui/examples/heap/permissions/threads/AFilter_staticPermissions_accessible.key.proof 
158616     DEBUG main            d.u.i.k.p.i.AbstractProblemLoader Environment load took 94ns 
158617     INFO  main            d.u.i.k.p.i.AbstractProblemLoader Creating init config 
162940     DEBUG main            d.u.i.k.p.i.AbstractProblemLoader Init config took 4.32s 
163016     INFO  main            d.u.i.k.p.i.AbstractProblemLoader Replaying proof AFilter[ThreadSpec2::staticPermissions()].JML accessible clause.0 
163026     DEBUG main            d.u.i.k.p.i.IntermediateProofReplayer Proof replay took 8.47ms 
163027     DEBUG main            d.u.i.k.p.r.p.TestFile    ... success: reloaded. 
163028     INFO  main            d.u.i.k.p.r.p.TestFile    Now processing file /home/runner/work/key/key/key.core/../key.ui/examples/heap/permissions/threads/AFilter_workingPermissions_accessible.key 
163028     INFO  main            d.u.i.k.p.i.AbstractProblemLoader Loading environment from /home/runner/work/key/key/key.core/../key.ui/examples/heap/permissions/threads/AFilter_workingPermissions_accessible.key 
163028     DEBUG main            d.u.i.k.p.i.AbstractProblemLoader Environment load took 67.9ns 
163029     INFO  main            d.u.i.k.p.i.AbstractProblemLoader Creating init config 
167423     DEBUG main            d.u.i.k.p.i.AbstractProblemLoader Init config took 4.39s 
167513     INFO  main            d.u.i.k.p.i.AbstractProblemLoader Replaying proof AFilter[ThreadSpec2::workingPermissions()].JML accessible clause.0 
167514     DEBUG main            d.u.i.k.p.i.IntermediateProofReplayer Proof replay took 6.3ns 
167616     INFO  main            d.u.i.k.p.r.p.TestFile    ... finished proof: closed. 
167860     INFO  main            d.u.i.k.p.i.AbstractProblemLoader Loading environment from /home/runner/work/key/key/key.core/../key.ui/examples/heap/permissions/threads/AFilter_workingPermissions_accessible.key.proof 
167861     DEBUG main            d.u.i.k.p.i.AbstractProblemLoader Environment load took 97ns 
167861     INFO  main            d.u.i.k.p.i.AbstractProblemLoader Creating init config 
172197     DEBUG main            d.u.i.k.p.i.AbstractProblemLoader Init config took 4.34s 
172274     INFO  main            d.u.i.k.p.i.AbstractProblemLoader Replaying proof AFilter[ThreadSpec2::workingPermissions()].JML accessible clause.0 
172283     DEBUG main            d.u.i.k.p.i.IntermediateProofReplayer Proof replay took 7.39ms 
172283     DEBUG main            d.u.i.k.p.r.p.TestFile    ... success: reloaded. 
172284     INFO  main            d.u.i.k.p.r.p.TestFile    Now processing file /home/runner/work/key/key/key.core/../key.ui/examples/heap/permissions/threads/BFilter_BFilter.key 
172285     INFO  main            d.u.i.k.p.i.AbstractProblemLoader Loading environment from /home/runner/work/key/key/key.core/../key.ui/examples/heap/permissions/threads/BFilter_BFilter.key 
172285     DEBUG main            d.u.i.k.p.i.AbstractProblemLoader Environment load took 79ns 
172285     INFO  main            d.u.i.k.p.i.AbstractProblemLoader Creating init config 
176702     DEBUG main            d.u.i.k.p.i.AbstractProblemLoader Init config took 4.42s 
176779     INFO  main            d.u.i.k.p.i.AbstractProblemLoader Replaying proof BFilter[BFilter::BFilter(Sampler,Buffer)].JML normal_behavior operation contract.0 
176781     DEBUG main            d.u.i.k.p.i.IntermediateProofReplayer Proof replay took 7ns 
177594     INFO  main            d.u.i.k.p.r.p.TestFile    ... finished proof: closed. 
177887     INFO  main            d.u.i.k.p.i.AbstractProblemLoader Loading environment from /home/runner/work/key/key/key.core/../key.ui/examples/heap/permissions/threads/BFilter_BFilter.key.proof 
177887     DEBUG main            d.u.i.k.p.i.AbstractProblemLoader Environment load took 343.4ns 
177888     INFO  main            d.u.i.k.p.i.AbstractProblemLoader Creating init config 
182229     DEBUG main            d.u.i.k.p.i.AbstractProblemLoader Init config took 4.34s 
182317     INFO  main            d.u.i.k.p.i.AbstractProblemLoader Replaying proof BFilter[BFilter::BFilter(Sampler,Buffer)].JML normal_behavior operation contract.0 
182453     DEBUG main            d.u.i.k.p.i.IntermediateProofReplayer Proof replay took 131.84ms 
182455     DEBUG main            d.u.i.k.p.r.p.TestFile    ... success: reloaded. 
182456     INFO  main            d.u.i.k.p.r.p.TestFile    Now processing file /home/runner/work/key/key/key.core/../key.ui/examples/heap/permissions/threads/BFilter_initPost_accessible.key 
182456     INFO  main            d.u.i.k.p.i.AbstractProblemLoader Loading environment from /home/runner/work/key/key/key.core/../key.ui/examples/heap/permissions/threads/BFilter_initPost_accessible.key 
182457     DEBUG main            d.u.i.k.p.i.AbstractProblemLoader Environment load took 172.7ns 
182458     INFO  main            d.u.i.k.p.i.AbstractProblemLoader Creating init config 
186875     DEBUG main            d.u.i.k.p.i.AbstractProblemLoader Init config took 4.42s 
186964     INFO  main            d.u.i.k.p.i.AbstractProblemLoader Replaying proof BFilter[ThreadSpec2::initPost()].JML accessible clause.0 
186966     DEBUG main            d.u.i.k.p.i.IntermediateProofReplayer Proof replay took 6.4ns 
187067     INFO  main            d.u.i.k.p.r.p.TestFile    ... finished proof: closed. 
187341     INFO  main            d.u.i.k.p.i.AbstractProblemLoader Loading environment from /home/runner/work/key/key/key.core/../key.ui/examples/heap/permissions/threads/BFilter_initPost_accessible.key.proof 
187341     DEBUG main            d.u.i.k.p.i.AbstractProblemLoader Environment load took 115.3ns 
187342     INFO  main            d.u.i.k.p.i.AbstractProblemLoader Creating init config 
191664     DEBUG main            d.u.i.k.p.i.AbstractProblemLoader Init config took 4.32s 
191740     INFO  main            d.u.i.k.p.i.AbstractProblemLoader Replaying proof BFilter[ThreadSpec2::initPost()].JML accessible clause.0 
191751     DEBUG main            d.u.i.k.p.i.IntermediateProofReplayer Proof replay took 9.25ms 
191751     DEBUG main            d.u.i.k.p.r.p.TestFile    ... success: reloaded. 
191752     INFO  main            d.u.i.k.p.r.p.TestFile    Now processing file /home/runner/work/key/key/key.core/../key.ui/examples/heap/permissions/threads/BFilter_inv_accessible1.key 
191753     INFO  main            d.u.i.k.p.i.AbstractProblemLoader Loading environment from /home/runner/work/key/key/key.core/../key.ui/examples/heap/permissions/threads/BFilter_inv_accessible1.key 
191753     DEBUG main            d.u.i.k.p.i.AbstractProblemLoader Environment load took 79.5ns 
191753     INFO  main            d.u.i.k.p.i.AbstractProblemLoader Creating init config 
196159     DEBUG main            d.u.i.k.p.i.AbstractProblemLoader Init config took 4.41s 
196234     INFO  main            d.u.i.k.p.i.AbstractProblemLoader Replaying proof BFilter[java.lang.Object::<inv>()].JML accessible clause.0 
196235     DEBUG main            d.u.i.k.p.i.IntermediateProofReplayer Proof replay took 6.4ns 
196339     INFO  main            d.u.i.k.p.r.p.TestFile    ... finished proof: closed. 
196601     INFO  main            d.u.i.k.p.i.AbstractProblemLoader Loading environment from /home/runner/work/key/key/key.core/../key.ui/examples/heap/permissions/threads/BFilter_inv_accessible1.key.proof 
196601     DEBUG main            d.u.i.k.p.i.AbstractProblemLoader Environment load took 94.3ns 
196602     INFO  main            d.u.i.k.p.i.AbstractProblemLoader Creating init config 
200962     DEBUG main            d.u.i.k.p.i.AbstractProblemLoader Init config took 4.36s 
201037     INFO  main            d.u.i.k.p.i.AbstractProblemLoader Replaying proof BFilter[java.lang.Object::<inv>()].JML accessible clause.0 
201040     DEBUG main            d.u.i.k.p.i.IntermediateProofReplayer Proof replay took 1.61ms 
201041     DEBUG main            d.u.i.k.p.r.p.TestFile    ... success: reloaded. 
201042     INFO  main            d.u.i.k.p.r.p.TestFile    Now processing file /home/runner/work/key/key/key.core/../key.ui/examples/heap/permissions/threads/BFilter_inv_accessible2.key 
201042     INFO  main            d.u.i.k.p.i.AbstractProblemLoader Loading environment from /home/runner/work/key/key/key.core/../key.ui/examples/heap/permissions/threads/BFilter_inv_accessible2.key 
201042     DEBUG main            d.u.i.k.p.i.AbstractProblemLoader Environment load took 92.4ns 
201043     INFO  main            d.u.i.k.p.i.AbstractProblemLoader Creating init config 
205394     DEBUG main            d.u.i.k.p.i.AbstractProblemLoader Init config took 4.35s 
205484     INFO  main            d.u.i.k.p.i.AbstractProblemLoader Replaying proof BFilter[java.lang.Object::<inv>()].JML accessible clause.1 
205485     DEBUG main            d.u.i.k.p.i.IntermediateProofReplayer Proof replay took 7.1ns 
205586     INFO  main            d.u.i.k.p.r.p.TestFile    ... finished proof: closed. 
205854     INFO  main            d.u.i.k.p.i.AbstractProblemLoader Loading environment from /home/runner/work/key/key/key.core/../key.ui/examples/heap/permissions/threads/BFilter_inv_accessible2.key.proof 
205855     DEBUG main            d.u.i.k.p.i.AbstractProblemLoader Environment load took 99.9ns 
205855     INFO  main            d.u.i.k.p.i.AbstractProblemLoader Creating init config 
210168     DEBUG main            d.u.i.k.p.i.AbstractProblemLoader Init config took 4.31s 
210243     INFO  main            d.u.i.k.p.i.AbstractProblemLoader Replaying proof BFilter[java.lang.Object::<inv>()].JML accessible clause.1 
210246     DEBUG main            d.u.i.k.p.i.IntermediateProofReplayer Proof replay took 1.55ms 
210247     DEBUG main            d.u.i.k.p.r.p.TestFile    ... success: reloaded. 
210248     INFO  main            d.u.i.k.p.r.p.TestFile    Now processing file /home/runner/work/key/key/key.core/../key.ui/examples/heap/permissions/threads/BFilter_joinTransfer_accessible.key 
210248     INFO  main            d.u.i.k.p.i.AbstractProblemLoader Loading environment from /home/runner/work/key/key/key.core/../key.ui/examples/heap/permissions/threads/BFilter_joinTransfer_accessible.key 
210248     DEBUG main            d.u.i.k.p.i.AbstractProblemLoader Environment load took 121ns 
210249     INFO  main            d.u.i.k.p.i.AbstractProblemLoader Creating init config 
214625     DEBUG main            d.u.i.k.p.i.AbstractProblemLoader Init config took 4.38s 
214720     INFO  main            d.u.i.k.p.i.AbstractProblemLoader Replaying proof BFilter[ThreadSpec2::joinTransfer()].JML accessible clause.0 
214721     DEBUG main            d.u.i.k.p.i.IntermediateProofReplayer Proof replay took 5.8ns 
215624     INFO  main            d.u.i.k.p.r.p.TestFile    ... finished proof: closed. 
215935     INFO  main            d.u.i.k.p.i.AbstractProblemLoader Loading environment from /home/runner/work/key/key/key.core/../key.ui/examples/heap/permissions/threads/BFilter_joinTransfer_accessible.key.proof 
215935     DEBUG main            d.u.i.k.p.i.AbstractProblemLoader Environment load took 101.6ns 
215936     INFO  main            d.u.i.k.p.i.AbstractProblemLoader Creating init config 
220243     DEBUG main            d.u.i.k.p.i.AbstractProblemLoader Init config took 4.31s 
220330     INFO  main            d.u.i.k.p.i.AbstractProblemLoader Replaying proof BFilter[ThreadSpec2::joinTransfer()].JML accessible clause.0 
220435     DEBUG main            d.u.i.k.p.i.IntermediateProofReplayer Proof replay took 98.47ms 
220436     DEBUG main            d.u.i.k.p.r.p.TestFile    ... success: reloaded. 
220438     INFO  main            d.u.i.k.p.r.p.TestFile    Now processing file /home/runner/work/key/key/key.core/../key.ui/examples/heap/permissions/threads/BFilter_joinTransfer_contract.key 
220439     INFO  main            d.u.i.k.p.i.AbstractProblemLoader Loading environment from /home/runner/work/key/key/key.core/../key.ui/examples/heap/permissions/threads/BFilter_joinTransfer_contract.key 
220439     DEBUG main            d.u.i.k.p.i.AbstractProblemLoader Environment load took 155.3ns 
220440     INFO  main            d.u.i.k.p.i.AbstractProblemLoader Creating init config 
224851     DEBUG main            d.u.i.k.p.i.AbstractProblemLoader Init config took 4.41s 
224945     INFO  main            d.u.i.k.p.i.AbstractProblemLoader Replaying proof BFilter[ThreadSpec2::joinTransfer()].JML model_behavior operation contract.0 
224946     DEBUG main            d.u.i.k.p.i.IntermediateProofReplayer Proof replay took 6.1ns 
225051     INFO  main            d.u.i.k.p.r.p.TestFile    ... finished proof: closed. 
225479     INFO  main            d.u.i.k.p.i.AbstractProblemLoader Loading environment from /home/runner/work/key/key/key.core/../key.ui/examples/heap/permissions/threads/BFilter_joinTransfer_contract.key.proof 
225479     DEBUG main            d.u.i.k.p.i.AbstractProblemLoader Environment load took 90.7ns 
225480     INFO  main            d.u.i.k.p.i.AbstractProblemLoader Creating init config 
229807     DEBUG main            d.u.i.k.p.i.AbstractProblemLoader Init config took 4.33s 
229883     INFO  main            d.u.i.k.p.i.AbstractProblemLoader Replaying proof BFilter[ThreadSpec2::joinTransfer()].JML model_behavior operation contract.0 
229891     DEBUG main            d.u.i.k.p.i.IntermediateProofReplayer Proof replay took 6.43ms 
229892     DEBUG main            d.u.i.k.p.r.p.TestFile    ... success: reloaded. 
229892     INFO  main            d.u.i.k.p.r.p.TestFile    Now processing file /home/runner/work/key/key/key.core/../key.ui/examples/heap/permissions/threads/BFilter_postJoin_accessible.key 
229893     INFO  main            d.u.i.k.p.i.AbstractProblemLoader Loading environment from /home/runner/work/key/key/key.core/../key.ui/examples/heap/permissions/threads/BFilter_postJoin_accessible.key 
229893     DEBUG main            d.u.i.k.p.i.AbstractProblemLoader Environment load took 212.8ns 
229894     INFO  main            d.u.i.k.p.i.AbstractProblemLoader Creating init config 
234273     DEBUG main            d.u.i.k.p.i.AbstractProblemLoader Init config took 4.38s 
234349     INFO  main            d.u.i.k.p.i.AbstractProblemLoader Replaying proof BFilter[ThreadSpec2::postJoin(java.lang.Object)].JML accessible clause.0 
234350     DEBUG main            d.u.i.k.p.i.IntermediateProofReplayer Proof replay took 6.4ns 
234451     INFO  main            d.u.i.k.p.r.p.TestFile    ... finished proof: closed. 
234790     INFO  main            d.u.i.k.p.i.AbstractProblemLoader Loading environment from /home/runner/work/key/key/key.core/../key.ui/examples/heap/permissions/threads/BFilter_postJoin_accessible.key.proof 
234790     DEBUG main            d.u.i.k.p.i.AbstractProblemLoader Environment load took 114ns 
234791     INFO  main            d.u.i.k.p.i.AbstractProblemLoader Creating init config 
239104     DEBUG main            d.u.i.k.p.i.AbstractProblemLoader Init config took 4.31s 
239179     INFO  main            d.u.i.k.p.i.AbstractProblemLoader Replaying proof BFilter[ThreadSpec2::postJoin(java.lang.Object)].JML accessible clause.0 
239186     DEBUG main            d.u.i.k.p.i.IntermediateProofReplayer Proof replay took 5.61ms 
239187     DEBUG main            d.u.i.k.p.r.p.TestFile    ... success: reloaded. 
239188     INFO  main            d.u.i.k.p.r.p.TestFile    Now processing file /home/runner/work/key/key/key.core/../key.ui/examples/heap/permissions/threads/BFilter_preStart_accessible.key 
239188     INFO  main            d.u.i.k.p.i.AbstractProblemLoader Loading environment from /home/runner/work/key/key/key.core/../key.ui/examples/heap/permissions/threads/BFilter_preStart_accessible.key 
239188     DEBUG main            d.u.i.k.p.i.AbstractProblemLoader Environment load took 70.2ns 
239189     INFO  main            d.u.i.k.p.i.AbstractProblemLoader Creating init config 
243555     DEBUG main            d.u.i.k.p.i.AbstractProblemLoader Init config took 4.37s 
243644     INFO  main            d.u.i.k.p.i.AbstractProblemLoader Replaying proof BFilter[ThreadSpec2::preStart(java.lang.Object)].JML accessible clause.0 
243645     DEBUG main            d.u.i.k.p.i.IntermediateProofReplayer Proof replay took 6ns 
243947     INFO  main            d.u.i.k.p.r.p.TestFile    ... finished proof: closed. 
244265     INFO  main            d.u.i.k.p.i.AbstractProblemLoader Loading environment from /home/runner/work/key/key/key.core/../key.ui/examples/heap/permissions/threads/BFilter_preStart_accessible.key.proof 
244265     DEBUG main            d.u.i.k.p.i.AbstractProblemLoader Environment load took 83ns 
244266     INFO  main            d.u.i.k.p.i.AbstractProblemLoader Creating init config 
248583     DEBUG main            d.u.i.k.p.i.AbstractProblemLoader Init config took 4.32s 
248658     INFO  main            d.u.i.k.p.i.AbstractProblemLoader Replaying proof BFilter[ThreadSpec2::preStart(java.lang.Object)].JML accessible clause.0 
248688     DEBUG main            d.u.i.k.p.i.IntermediateProofReplayer Proof replay took 26.83ms 
248689     DEBUG main            d.u.i.k.p.r.p.TestFile    ... success: reloaded. 
248689     INFO  main            d.u.i.k.p.r.p.TestFile    Now processing file /home/runner/work/key/key/key.core/../key.ui/examples/heap/permissions/threads/BFilter_startTransfer_accessible.key 
248690     INFO  main            d.u.i.k.p.i.AbstractProblemLoader Loading environment from /home/runner/work/key/key/key.core/../key.ui/examples/heap/permissions/threads/BFilter_startTransfer_accessible.key 
248690     DEBUG main            d.u.i.k.p.i.AbstractProblemLoader Environment load took 73.7ns 
248690     INFO  main            d.u.i.k.p.i.AbstractProblemLoader Creating init config 
253084     DEBUG main            d.u.i.k.p.i.AbstractProblemLoader Init config took 4.39s 
253160     INFO  main            d.u.i.k.p.i.AbstractProblemLoader Replaying proof BFilter[ThreadSpec2::startTransfer()].JML accessible clause.0 
253162     DEBUG main            d.u.i.k.p.i.IntermediateProofReplayer Proof replay took 6.6ns 
262200     INFO  main            d.u.i.k.p.r.p.TestFile    ... finished proof: closed. 
262531     INFO  main            d.u.i.k.p.i.AbstractProblemLoader Loading environment from /home/runner/work/key/key/key.core/../key.ui/examples/heap/permissions/threads/BFilter_startTransfer_accessible.key.proof 
262531     DEBUG main            d.u.i.k.p.i.AbstractProblemLoader Environment load took 290.4ns 
262533     INFO  main            d.u.i.k.p.i.AbstractProblemLoader Creating init config 
266853     DEBUG main            d.u.i.k.p.i.AbstractProblemLoader Init config took 4.32s 
266930     INFO  main            d.u.i.k.p.i.AbstractProblemLoader Replaying proof BFilter[ThreadSpec2::startTransfer()].JML accessible clause.0 
267694     DEBUG main            d.u.i.k.p.i.IntermediateProofReplayer Proof replay took 742.99ms 
267696     DEBUG main            d.u.i.k.p.r.p.TestFile    ... success: reloaded. 
267697     INFO  main            d.u.i.k.p.r.p.TestFile    Now processing file /home/runner/work/key/key/key.core/../key.ui/examples/heap/permissions/threads/BFilter_startTransfer_contract.key 
267698     INFO  main            d.u.i.k.p.i.AbstractProblemLoader Loading environment from /home/runner/work/key/key/key.core/../key.ui/examples/heap/permissions/threads/BFilter_startTransfer_contract.key 
267698     DEBUG main            d.u.i.k.p.i.AbstractProblemLoader Environment load took 138ns 
267699     INFO  main            d.u.i.k.p.i.AbstractProblemLoader Creating init config 
272108     DEBUG main            d.u.i.k.p.i.AbstractProblemLoader Init config took 4.41s 
272184     INFO  main            d.u.i.k.p.i.AbstractProblemLoader Replaying proof BFilter[ThreadSpec2::startTransfer()].JML model_behavior operation contract.0 
272185     DEBUG main            d.u.i.k.p.i.IntermediateProofReplayer Proof replay took 5.9ns 
273090     INFO  main            d.u.i.k.p.r.p.TestFile    ... finished proof: closed. 
273390     INFO  main            d.u.i.k.p.i.AbstractProblemLoader Loading environment from /home/runner/work/key/key/key.core/../key.ui/examples/heap/permissions/threads/BFilter_startTransfer_contract.key.proof 
273390     DEBUG main            d.u.i.k.p.i.AbstractProblemLoader Environment load took 312ns 
273391     INFO  main            d.u.i.k.p.i.AbstractProblemLoader Creating init config 
277682     DEBUG main            d.u.i.k.p.i.AbstractProblemLoader Init config took 4.29s 
277758     INFO  main            d.u.i.k.p.i.AbstractProblemLoader Replaying proof BFilter[ThreadSpec2::startTransfer()].JML model_behavior operation contract.0 
277844     DEBUG main            d.u.i.k.p.i.IntermediateProofReplayer Proof replay took 81.02ms 
277845     DEBUG main            d.u.i.k.p.r.p.TestFile    ... success: reloaded. 
277846     INFO  main            d.u.i.k.p.r.p.TestFile    Now processing file /home/runner/work/key/key/key.core/../key.ui/examples/heap/permissions/threads/BFilter_stateInv_accessible.key 
277846     INFO  main            d.u.i.k.p.i.AbstractProblemLoader Loading environment from /home/runner/work/key/key/key.core/../key.ui/examples/heap/permissions/threads/BFilter_stateInv_accessible.key 
277847     DEBUG main            d.u.i.k.p.i.AbstractProblemLoader Environment load took 62.4ns 
277847     INFO  main            d.u.i.k.p.i.AbstractProblemLoader Creating init config 
282202     DEBUG main            d.u.i.k.p.i.AbstractProblemLoader Init config took 4.36s 
282290     INFO  main            d.u.i.k.p.i.AbstractProblemLoader Replaying proof BFilter[ThreadSpec2::stateInv()].JML accessible clause.0 
282291     DEBUG main            d.u.i.k.p.i.IntermediateProofReplayer Proof replay took 5.9ns 
282594     INFO  main            d.u.i.k.p.r.p.TestFile    ... finished proof: closed. 
282921     INFO  main            d.u.i.k.p.i.AbstractProblemLoader Loading environment from /home/runner/work/key/key/key.core/../key.ui/examples/heap/permissions/threads/BFilter_stateInv_accessible.key.proof 
282921     DEBUG main            d.u.i.k.p.i.AbstractProblemLoader Environment load took 83.3ns 
282922     INFO  main            d.u.i.k.p.i.AbstractProblemLoader Creating init config 
287216     DEBUG main            d.u.i.k.p.i.AbstractProblemLoader Init config took 4.29s 
287290     INFO  main            d.u.i.k.p.i.AbstractProblemLoader Replaying proof BFilter[ThreadSpec2::stateInv()].JML accessible clause.0 
287323     DEBUG main            d.u.i.k.p.i.IntermediateProofReplayer Proof replay took 30.75ms 
287324     DEBUG main            d.u.i.k.p.r.p.TestFile    ... success: reloaded. 
287325     INFO  main            d.u.i.k.p.r.p.TestFile    Now processing file /home/runner/work/key/key/key.core/../key.ui/examples/heap/permissions/threads/BFilter_staticPermissions_accessible.key 
287325     INFO  main            d.u.i.k.p.i.AbstractProblemLoader Loading environment from /home/runner/work/key/key/key.core/../key.ui/examples/heap/permissions/threads/BFilter_staticPermissions_accessible.key 
287325     DEBUG main            d.u.i.k.p.i.AbstractProblemLoader Environment load took 46ns 
287326     INFO  main            d.u.i.k.p.i.AbstractProblemLoader Creating init config 
291711     DEBUG main            d.u.i.k.p.i.AbstractProblemLoader Init config took 4.38s 
291786     INFO  main            d.u.i.k.p.i.AbstractProblemLoader Replaying proof BFilter[ThreadSpec2::staticPermissions()].JML accessible clause.0 
291788     DEBUG main            d.u.i.k.p.i.IntermediateProofReplayer Proof replay took 5.6ns 
291891     INFO  main            d.u.i.k.p.r.p.TestFile    ... finished proof: closed. 
292219     INFO  main            d.u.i.k.p.i.AbstractProblemLoader Loading environment from /home/runner/work/key/key/key.core/../key.ui/examples/heap/permissions/threads/BFilter_staticPermissions_accessible.key.proof 
292219     DEBUG main            d.u.i.k.p.i.AbstractProblemLoader Environment load took 82.5ns 
292220     INFO  main            d.u.i.k.p.i.AbstractProblemLoader Creating init config 
296514     DEBUG main            d.u.i.k.p.i.AbstractProblemLoader Init config took 4.29s 
296588     INFO  main            d.u.i.k.p.i.AbstractProblemLoader Replaying proof BFilter[ThreadSpec2::staticPermissions()].JML accessible clause.0 
296598     DEBUG main            d.u.i.k.p.i.IntermediateProofReplayer Proof replay took 7.81ms 
296598     DEBUG main            d.u.i.k.p.r.p.TestFile    ... success: reloaded. 
296599     INFO  main            d.u.i.k.p.r.p.TestFile    Now processing file /home/runner/work/key/key/key.core/../key.ui/examples/heap/permissions/threads/BFilter_workingPermissions_accessible.key 
296599     INFO  main            d.u.i.k.p.i.AbstractProblemLoader Loading environment from /home/runner/work/key/key/key.core/../key.ui/examples/heap/permissions/threads/BFilter_workingPermissions_accessible.key 
296599     DEBUG main            d.u.i.k.p.i.AbstractProblemLoader Environment load took 70.3ns 
296600     INFO  main            d.u.i.k.p.i.AbstractProblemLoader Creating init config 
300980     DEBUG main            d.u.i.k.p.i.AbstractProblemLoader Init config took 4.38s 
301055     INFO  main            d.u.i.k.p.i.AbstractProblemLoader Replaying proof BFilter[ThreadSpec2::workingPermissions()].JML accessible clause.0 
301056     DEBUG main            d.u.i.k.p.i.IntermediateProofReplayer Proof replay took 5.9ns 
301157     INFO  main            d.u.i.k.p.r.p.TestFile    ... finished proof: closed. 
301486     INFO  main            d.u.i.k.p.i.AbstractProblemLoader Loading environment from /home/runner/work/key/key/key.core/../key.ui/examples/heap/permissions/threads/BFilter_workingPermissions_accessible.key.proof 
301486     DEBUG main            d.u.i.k.p.i.AbstractProblemLoader Environment load took 82.7ns 
301487     INFO  main            d.u.i.k.p.i.AbstractProblemLoader Creating init config 
305787     DEBUG main            d.u.i.k.p.i.AbstractProblemLoader Init config took 4.3s 
305862     INFO  main            d.u.i.k.p.i.AbstractProblemLoader Replaying proof BFilter[ThreadSpec2::workingPermissions()].JML accessible clause.0 
305870     DEBUG main            d.u.i.k.p.i.IntermediateProofReplayer Proof replay took 6.76ms 
305871     DEBUG main            d.u.i.k.p.r.p.TestFile    ... success: reloaded. 
305871     INFO  main            d.u.i.k.p.r.p.TestFile    Now processing file /home/runner/work/key/key/key.core/../key.ui/examples/heap/permissions/threads/Fib_Fib.key 
305872     INFO  main            d.u.i.k.p.i.AbstractProblemLoader Loading environment from /home/runner/work/key/key/key.core/../key.ui/examples/heap/permissions/threads/Fib_Fib.key 
305872     DEBUG main            d.u.i.k.p.i.AbstractProblemLoader Environment load took 90.3ns 
305872     INFO  main            d.u.i.k.p.i.AbstractProblemLoader Creating init config 
310251     DEBUG main            d.u.i.k.p.i.AbstractProblemLoader Init config took 4.38s 
310341     INFO  main            d.u.i.k.p.i.AbstractProblemLoader Replaying proof Fib[Fib::Fib(int)].JML normal_behavior operation contract.0 
310342     DEBUG main            d.u.i.k.p.i.IntermediateProofReplayer Proof replay took 6.5ns 
310945     INFO  main            d.u.i.k.p.r.p.TestFile    ... finished proof: closed. 
311307     INFO  main            d.u.i.k.p.i.AbstractProblemLoader Loading environment from /home/runner/work/key/key/key.core/../key.ui/examples/heap/permissions/threads/Fib_Fib.key.proof 
311307     DEBUG main            d.u.i.k.p.i.AbstractProblemLoader Environment load took 83.4ns 
311308     INFO  main            d.u.i.k.p.i.AbstractProblemLoader Creating init config 
315607     DEBUG main            d.u.i.k.p.i.AbstractProblemLoader Init config took 4.3s 
315682     INFO  main            d.u.i.k.p.i.AbstractProblemLoader Replaying proof Fib[Fib::Fib(int)].JML normal_behavior operation contract.0 
315771     DEBUG main            d.u.i.k.p.i.IntermediateProofReplayer Proof replay took 86.62ms 
315772     DEBUG main            d.u.i.k.p.r.p.TestFile    ... success: reloaded. 
315773     INFO  main            d.u.i.k.p.r.p.TestFile    Now processing file /home/runner/work/key/key/key.core/../key.ui/examples/heap/permissions/threads/Fib_initPost_accessible.key 
315773     INFO  main            d.u.i.k.p.i.AbstractProblemLoader Loading environment from /home/runner/work/key/key/key.core/../key.ui/examples/heap/permissions/threads/Fib_initPost_accessible.key 
315773     DEBUG main            d.u.i.k.p.i.AbstractProblemLoader Environment load took 67.5ns 
315774     INFO  main            d.u.i.k.p.i.AbstractProblemLoader Creating init config 
320181     DEBUG main            d.u.i.k.p.i.AbstractProblemLoader Init config took 4.41s 
320269     INFO  main            d.u.i.k.p.i.AbstractProblemLoader Replaying proof Fib[ThreadSpec::initPost()].JML accessible clause.0 
320270     DEBUG main            d.u.i.k.p.i.IntermediateProofReplayer Proof replay took 6.3ns 
320372     INFO  main            d.u.i.k.p.r.p.TestFile    ... finished proof: closed. 
320708     INFO  main            d.u.i.k.p.i.AbstractProblemLoader Loading environment from /home/runner/work/key/key/key.core/../key.ui/examples/heap/permissions/threads/Fib_initPost_accessible.key.proof 
320708     DEBUG main            d.u.i.k.p.i.AbstractProblemLoader Environment load took 84.3ns 
320709     INFO  main            d.u.i.k.p.i.AbstractProblemLoader Creating init config 
325011     DEBUG main            d.u.i.k.p.i.AbstractProblemLoader Init config took 4.3s 
325095     INFO  main            d.u.i.k.p.i.AbstractProblemLoader Replaying proof Fib[ThreadSpec::initPost()].JML accessible clause.0 
325101     DEBUG main            d.u.i.k.p.i.IntermediateProofReplayer Proof replay took 4.35ms 
325102     DEBUG main            d.u.i.k.p.r.p.TestFile    ... success: reloaded. 
325103     INFO  main            d.u.i.k.p.r.p.TestFile    Now processing file /home/runner/work/key/key/key.core/../key.ui/examples/heap/permissions/threads/Fib_inv1_accessible.key 
325103     INFO  main            d.u.i.k.p.i.AbstractProblemLoader Loading environment from /home/runner/work/key/key/key.core/../key.ui/examples/heap/permissions/threads/Fib_inv1_accessible.key 
325103     DEBUG main            d.u.i.k.p.i.AbstractProblemLoader Environment load took 84.1ns 
325104     INFO  main            d.u.i.k.p.i.AbstractProblemLoader Creating init config 
329472     DEBUG main            d.u.i.k.p.i.AbstractProblemLoader Init config took 4.37s 
329549     INFO  main            d.u.i.k.p.i.AbstractProblemLoader Replaying proof Fib[java.lang.Object::<inv>()].JML accessible clause.0 
329550     DEBUG main            d.u.i.k.p.i.IntermediateProofReplayer Proof replay took 6.1ns 
329651     INFO  main            d.u.i.k.p.r.p.TestFile    ... finished proof: closed. 
330001     INFO  main            d.u.i.k.p.i.AbstractProblemLoader Loading environment from /home/runner/work/key/key/key.core/../key.ui/examples/heap/permissions/threads/Fib_inv1_accessible.key.proof 
330001     DEBUG main            d.u.i.k.p.i.AbstractProblemLoader Environment load took 75.8ns 
330002     INFO  main            d.u.i.k.p.i.AbstractProblemLoader Creating init config 
334301     DEBUG main            d.u.i.k.p.i.AbstractProblemLoader Init config took 4.3s 
334376     INFO  main            d.u.i.k.p.i.AbstractProblemLoader Replaying proof Fib[java.lang.Object::<inv>()].JML accessible clause.0 
334379     DEBUG main            d.u.i.k.p.i.IntermediateProofReplayer Proof replay took 1.44ms 
334379     DEBUG main            d.u.i.k.p.r.p.TestFile    ... success: reloaded. 
334380     INFO  main            d.u.i.k.p.r.p.TestFile    Now processing file /home/runner/work/key/key/key.core/../key.ui/examples/heap/permissions/threads/Fib_inv2_accessible.key 
334380     INFO  main            d.u.i.k.p.i.AbstractProblemLoader Loading environment from /home/runner/work/key/key/key.core/../key.ui/examples/heap/permissions/threads/Fib_inv2_accessible.key 
334381     DEBUG main            d.u.i.k.p.i.AbstractProblemLoader Environment load took 71.5ns 
334381     INFO  main            d.u.i.k.p.i.AbstractProblemLoader Creating init config 
338746     DEBUG main            d.u.i.k.p.i.AbstractProblemLoader Init config took 4.36s 
338820     INFO  main            d.u.i.k.p.i.AbstractProblemLoader Replaying proof Fib[java.lang.Object::<inv>()].JML accessible clause.1 
338821     DEBUG main            d.u.i.k.p.i.IntermediateProofReplayer Proof replay took 5.9ns 
338923     INFO  main            d.u.i.k.p.r.p.TestFile    ... finished proof: closed. 
339256     INFO  main            d.u.i.k.p.i.AbstractProblemLoader Loading environment from /home/runner/work/key/key/key.core/../key.ui/examples/heap/permissions/threads/Fib_inv2_accessible.key.proof 
339256     DEBUG main            d.u.i.k.p.i.AbstractProblemLoader Environment load took 78.5ns 
339257     INFO  main            d.u.i.k.p.i.AbstractProblemLoader Creating init config 
343546     DEBUG main            d.u.i.k.p.i.AbstractProblemLoader Init config took 4.29s 
343631     INFO  main            d.u.i.k.p.i.AbstractProblemLoader Replaying proof Fib[java.lang.Object::<inv>()].JML accessible clause.1 
343634     DEBUG main            d.u.i.k.p.i.IntermediateProofReplayer Proof replay took 1.52ms 
343635     DEBUG main            d.u.i.k.p.r.p.TestFile    ... success: reloaded. 
343636     INFO  main            d.u.i.k.p.r.p.TestFile    Now processing file /home/runner/work/key/key/key.core/../key.ui/examples/heap/permissions/threads/Fib_joinTransfer_accessible.key 
343636     INFO  main            d.u.i.k.p.i.AbstractProblemLoader Loading environment from /home/runner/work/key/key/key.core/../key.ui/examples/heap/permissions/threads/Fib_joinTransfer_accessible.key 
343636     DEBUG main            d.u.i.k.p.i.AbstractProblemLoader Environment load took 46.6ns 
343637     INFO  main            d.u.i.k.p.i.AbstractProblemLoader Creating init config 
348002     DEBUG main            d.u.i.k.p.i.AbstractProblemLoader Init config took 4.37s 
348077     INFO  main            d.u.i.k.p.i.AbstractProblemLoader Replaying proof Fib[ThreadSpec::joinTransfer()].JML accessible clause.0 
348078     DEBUG main            d.u.i.k.p.i.IntermediateProofReplayer Proof replay took 5.6ns 
348279     INFO  main            d.u.i.k.p.r.p.TestFile    ... finished proof: closed. 
348643     INFO  main            d.u.i.k.p.i.AbstractProblemLoader Loading environment from /home/runner/work/key/key/key.core/../key.ui/examples/heap/permissions/threads/Fib_joinTransfer_accessible.key.proof 
348644     DEBUG main            d.u.i.k.p.i.AbstractProblemLoader Environment load took 85.4ns 
348644     INFO  main            d.u.i.k.p.i.AbstractProblemLoader Creating init config 
352940     DEBUG main            d.u.i.k.p.i.AbstractProblemLoader Init config took 4.3s 
353014     INFO  main            d.u.i.k.p.i.AbstractProblemLoader Replaying proof Fib[ThreadSpec::joinTransfer()].JML accessible clause.0 
353037     DEBUG main            d.u.i.k.p.i.IntermediateProofReplayer Proof replay took 20.83ms 
353038     DEBUG main            d.u.i.k.p.r.p.TestFile    ... success: reloaded. 
353039     INFO  main            d.u.i.k.p.r.p.TestFile    Now processing file /home/runner/work/key/key/key.core/../key.ui/examples/heap/permissions/threads/Fib_joinTransfer_contract.key 
353039     INFO  main            d.u.i.k.p.i.AbstractProblemLoader Loading environment from /home/runner/work/key/key/key.core/../key.ui/examples/heap/permissions/threads/Fib_joinTransfer_contract.key 
353039     DEBUG main            d.u.i.k.p.i.AbstractProblemLoader Environment load took 44.7ns 
353040     INFO  main            d.u.i.k.p.i.AbstractProblemLoader Creating init config 
357423     DEBUG main            d.u.i.k.p.i.AbstractProblemLoader Init config took 4.38s 
357498     INFO  main            d.u.i.k.p.i.AbstractProblemLoader Replaying proof Fib[ThreadSpec::joinTransfer()].JML model_behavior operation contract.0 
357499     DEBUG main            d.u.i.k.p.i.IntermediateProofReplayer Proof replay took 6.2ns 
357600     INFO  main            d.u.i.k.p.r.p.TestFile    ... finished proof: closed. 
357962     INFO  main            d.u.i.k.p.i.AbstractProblemLoader Loading environment from /home/runner/work/key/key/key.core/../key.ui/examples/heap/permissions/threads/Fib_joinTransfer_contract.key.proof 
357962     DEBUG main            d.u.i.k.p.i.AbstractProblemLoader Environment load took 91.8ns 
357963     INFO  main            d.u.i.k.p.i.AbstractProblemLoader Creating init config 
362264     DEBUG main            d.u.i.k.p.i.AbstractProblemLoader Init config took 4.3s 
362340     INFO  main            d.u.i.k.p.i.AbstractProblemLoader Replaying proof Fib[ThreadSpec::joinTransfer()].JML model_behavior operation contract.0 
362347     DEBUG main            d.u.i.k.p.i.IntermediateProofReplayer Proof replay took 5.83ms 
362348     DEBUG main            d.u.i.k.p.r.p.TestFile    ... success: reloaded. 
362349     INFO  main            d.u.i.k.p.r.p.TestFile    Now processing file /home/runner/work/key/key/key.core/../key.ui/examples/heap/permissions/threads/Fib_postJoin_accessible.key 
362349     INFO  main            d.u.i.k.p.i.AbstractProblemLoader Loading environment from /home/runner/work/key/key/key.core/../key.ui/examples/heap/permissions/threads/Fib_postJoin_accessible.key 
362349     DEBUG main            d.u.i.k.p.i.AbstractProblemLoader Environment load took 69ns 
362350     INFO  main            d.u.i.k.p.i.AbstractProblemLoader Creating init config 
366740     DEBUG main            d.u.i.k.p.i.AbstractProblemLoader Init config took 4.39s 
366830     INFO  main            d.u.i.k.p.i.AbstractProblemLoader Replaying proof Fib[ThreadSpec::postJoin(java.lang.Object)].JML accessible clause.0 
366831     DEBUG main            d.u.i.k.p.i.IntermediateProofReplayer Proof replay took 7.5ns 
366932     INFO  main            d.u.i.k.p.r.p.TestFile    ... finished proof: closed. 
367293     INFO  main            d.u.i.k.p.i.AbstractProblemLoader Loading environment from /home/runner/work/key/key/key.core/../key.ui/examples/heap/permissions/threads/Fib_postJoin_accessible.key.proof 
367293     DEBUG main            d.u.i.k.p.i.AbstractProblemLoader Environment load took 80.6ns 
367294     INFO  main            d.u.i.k.p.i.AbstractProblemLoader Creating init config 
371622     DEBUG main            d.u.i.k.p.i.AbstractProblemLoader Init config took 4.33s 
371696     INFO  main            d.u.i.k.p.i.AbstractProblemLoader Replaying proof Fib[ThreadSpec::postJoin(java.lang.Object)].JML accessible clause.0 
371702     DEBUG main            d.u.i.k.p.i.IntermediateProofReplayer Proof replay took 4.44ms 
371703     DEBUG main            d.u.i.k.p.r.p.TestFile    ... success: reloaded. 
371703     INFO  main            d.u.i.k.p.r.p.TestFile    Now processing file /home/runner/work/key/key/key.core/../key.ui/examples/heap/permissions/threads/Fib_preStart_accessible.key 
371703     INFO  main            d.u.i.k.p.i.AbstractProblemLoader Loading environment from /home/runner/work/key/key/key.core/../key.ui/examples/heap/permissions/threads/Fib_preStart_accessible.key 
371703     DEBUG main            d.u.i.k.p.i.AbstractProblemLoader Environment load took 65.9ns 
371704     INFO  main            d.u.i.k.p.i.AbstractProblemLoader Creating init config 
376051     DEBUG main            d.u.i.k.p.i.AbstractProblemLoader Init config took 4.35s 
376125     INFO  main            d.u.i.k.p.i.AbstractProblemLoader Replaying proof Fib[ThreadSpec::preStart(java.lang.Object)].JML accessible clause.0 
376127     DEBUG main            d.u.i.k.p.i.IntermediateProofReplayer Proof replay took 5.8ns 
376228     INFO  main            d.u.i.k.p.r.p.TestFile    ... finished proof: closed. 
376601     INFO  main            d.u.i.k.p.i.AbstractProblemLoader Loading environment from /home/runner/work/key/key/key.core/../key.ui/examples/heap/permissions/threads/Fib_preStart_accessible.key.proof 
376602     DEBUG main            d.u.i.k.p.i.AbstractProblemLoader Environment load took 79.4ns 
376602     INFO  main            d.u.i.k.p.i.AbstractProblemLoader Creating init config 
380888     DEBUG main            d.u.i.k.p.i.AbstractProblemLoader Init config took 4.29s 
380962     INFO  main            d.u.i.k.p.i.AbstractProblemLoader Replaying proof Fib[ThreadSpec::preStart(java.lang.Object)].JML accessible clause.0 
380968     DEBUG main            d.u.i.k.p.i.IntermediateProofReplayer Proof replay took 4.45ms 
380968     DEBUG main            d.u.i.k.p.r.p.TestFile    ... success: reloaded. 
380969     INFO  main            d.u.i.k.p.r.p.TestFile    Now processing file /home/runner/work/key/key/key.core/../key.ui/examples/heap/permissions/threads/Fib_startTransfer_accessible.key 
380969     INFO  main            d.u.i.k.p.i.AbstractProblemLoader Loading environment from /home/runner/work/key/key/key.core/../key.ui/examples/heap/permissions/threads/Fib_startTransfer_accessible.key 
380969     DEBUG main            d.u.i.k.p.i.AbstractProblemLoader Environment load took 83.7ns 
380970     INFO  main            d.u.i.k.p.i.AbstractProblemLoader Creating init config 
385323     DEBUG main            d.u.i.k.p.i.AbstractProblemLoader Init config took 4.35s 
385417     INFO  main            d.u.i.k.p.i.AbstractProblemLoader Replaying proof Fib[ThreadSpec::startTransfer()].JML accessible clause.0 
385418     DEBUG main            d.u.i.k.p.i.IntermediateProofReplayer Proof replay took 7.3ns 
385620     INFO  main            d.u.i.k.p.r.p.TestFile    ... finished proof: closed. 
386006     INFO  main            d.u.i.k.p.i.AbstractProblemLoader Loading environment from /home/runner/work/key/key/key.core/../key.ui/examples/heap/permissions/threads/Fib_startTransfer_accessible.key.proof 
386006     DEBUG main            d.u.i.k.p.i.AbstractProblemLoader Environment load took 80.7ns 
386007     INFO  main            d.u.i.k.p.i.AbstractProblemLoader Creating init config 
390294     DEBUG main            d.u.i.k.p.i.AbstractProblemLoader Init config took 4.29s 
390369     INFO  main            d.u.i.k.p.i.AbstractProblemLoader Replaying proof Fib[ThreadSpec::startTransfer()].JML accessible clause.0 
390405     DEBUG main            d.u.i.k.p.i.IntermediateProofReplayer Proof replay took 33.34ms 
390405     DEBUG main            d.u.i.k.p.r.p.TestFile    ... success: reloaded. 
390406     INFO  main            d.u.i.k.p.r.p.TestFile    Now processing file /home/runner/work/key/key/key.core/../key.ui/examples/heap/permissions/threads/Fib_startTransfer_contract.key 
390406     INFO  main            d.u.i.k.p.i.AbstractProblemLoader Loading environment from /home/runner/work/key/key/key.core/../key.ui/examples/heap/permissions/threads/Fib_startTransfer_contract.key 
390406     DEBUG main            d.u.i.k.p.i.AbstractProblemLoader Environment load took 44.3ns 
390407     INFO  main            d.u.i.k.p.i.AbstractProblemLoader Creating init config 
394794     DEBUG main            d.u.i.k.p.i.AbstractProblemLoader Init config took 4.39s 
394869     INFO  main            d.u.i.k.p.i.AbstractProblemLoader Replaying proof Fib[ThreadSpec::startTransfer()].JML model_behavior operation contract.0 
394870     DEBUG main            d.u.i.k.p.i.IntermediateProofReplayer Proof replay took 6.5ns 
394975     INFO  main            d.u.i.k.p.r.p.TestFile    ... finished proof: closed. 
395356     INFO  main            d.u.i.k.p.i.AbstractProblemLoader Loading environment from /home/runner/work/key/key/key.core/../key.ui/examples/heap/permissions/threads/Fib_startTransfer_contract.key.proof 
395356     DEBUG main            d.u.i.k.p.i.AbstractProblemLoader Environment load took 79ns 
395357     INFO  main            d.u.i.k.p.i.AbstractProblemLoader Creating init config 
399644     DEBUG main            d.u.i.k.p.i.AbstractProblemLoader Init config took 4.29s 
399718     INFO  main            d.u.i.k.p.i.AbstractProblemLoader Replaying proof Fib[ThreadSpec::startTransfer()].JML model_behavior operation contract.0 
399726     DEBUG main            d.u.i.k.p.i.IntermediateProofReplayer Proof replay took 5.81ms 
399726     DEBUG main            d.u.i.k.p.r.p.TestFile    ... success: reloaded. 
399727     INFO  main            d.u.i.k.p.r.p.TestFile    Now processing file /home/runner/work/key/key/key.core/../key.ui/examples/heap/permissions/threads/Fib_workingPermissions_accessible.key 
399727     INFO  main            d.u.i.k.p.i.AbstractProblemLoader Loading environment from /home/runner/work/key/key/key.core/../key.ui/examples/heap/permissions/threads/Fib_workingPermissions_accessible.key 
399727     DEBUG main            d.u.i.k.p.i.AbstractProblemLoader Environment load took 45.1ns 
399728     INFO  main            d.u.i.k.p.i.AbstractProblemLoader Creating init config 
404110     DEBUG main            d.u.i.k.p.i.AbstractProblemLoader Init config took 4.38s 
404184     INFO  main            d.u.i.k.p.i.AbstractProblemLoader Replaying proof Fib[ThreadSpec::workingPermissions()].JML accessible clause.0 
404186     DEBUG main            d.u.i.k.p.i.IntermediateProofReplayer Proof replay took 6.3ns 
404287     INFO  main            d.u.i.k.p.r.p.TestFile    ... finished proof: closed. 
404679     INFO  main            d.u.i.k.p.i.AbstractProblemLoader Loading environment from /home/runner/work/key/key/key.core/../key.ui/examples/heap/permissions/threads/Fib_workingPermissions_accessible.key.proof 
404679     DEBUG main            d.u.i.k.p.i.AbstractProblemLoader Environment load took 104.6ns 
404680     INFO  main            d.u.i.k.p.i.AbstractProblemLoader Creating init config 
408969     DEBUG main            d.u.i.k.p.i.AbstractProblemLoader Init config took 4.29s 
409043     INFO  main            d.u.i.k.p.i.AbstractProblemLoader Replaying proof Fib[ThreadSpec::workingPermissions()].JML accessible clause.0 
409046     DEBUG main            d.u.i.k.p.i.IntermediateProofReplayer Proof replay took 1.88ms 
409047     DEBUG main            d.u.i.k.p.r.p.TestFile    ... success: reloaded. 
409048     INFO  main            d.u.i.k.p.r.p.TestFile    Now processing file /home/runner/work/key/key/key.core/../key.ui/examples/heap/permissions/threads/Plotter_initPost_accessible.key 
409048     INFO  main            d.u.i.k.p.i.AbstractProblemLoader Loading environment from /home/runner/work/key/key/key.core/../key.ui/examples/heap/permissions/threads/Plotter_initPost_accessible.key 
409048     DEBUG main            d.u.i.k.p.i.AbstractProblemLoader Environment load took 39.4ns 
409049     INFO  main            d.u.i.k.p.i.AbstractProblemLoader Creating init config 
413407     DEBUG main            d.u.i.k.p.i.AbstractProblemLoader Init config took 4.36s 
413481     INFO  main            d.u.i.k.p.i.AbstractProblemLoader Replaying proof Plotter[ThreadSpec2::initPost()].JML accessible clause.0 
413482     DEBUG main            d.u.i.k.p.i.IntermediateProofReplayer Proof replay took 6.4ns 
413583     INFO  main            d.u.i.k.p.r.p.TestFile    ... finished proof: closed. 
413982     INFO  main            d.u.i.k.p.i.AbstractProblemLoader Loading environment from /home/runner/work/key/key/key.core/../key.ui/examples/heap/permissions/threads/Plotter_initPost_accessible.key.proof 
413982     DEBUG main            d.u.i.k.p.i.AbstractProblemLoader Environment load took 74ns 
413983     INFO  main            d.u.i.k.p.i.AbstractProblemLoader Creating init config 
418270     DEBUG main            d.u.i.k.p.i.AbstractProblemLoader Init config took 4.29s 
418344     INFO  main            d.u.i.k.p.i.AbstractProblemLoader Replaying proof Plotter[ThreadSpec2::initPost()].JML accessible clause.0 
418357     DEBUG main            d.u.i.k.p.i.IntermediateProofReplayer Proof replay took 11.6ms 
418358     DEBUG main            d.u.i.k.p.r.p.TestFile    ... success: reloaded. 
418359     INFO  main            d.u.i.k.p.r.p.TestFile    Now processing file /home/runner/work/key/key/key.core/../key.ui/examples/heap/permissions/threads/Plotter_inv_accessible1.key 
418359     INFO  main            d.u.i.k.p.i.AbstractProblemLoader Loading environment from /home/runner/work/key/key/key.core/../key.ui/examples/heap/permissions/threads/Plotter_inv_accessible1.key 
418359     DEBUG main            d.u.i.k.p.i.AbstractProblemLoader Environment load took 43.3ns 
418360     INFO  main            d.u.i.k.p.i.AbstractProblemLoader Creating init config 
422722     DEBUG main            d.u.i.k.p.i.AbstractProblemLoader Init config took 4.36s 
422797     INFO  main            d.u.i.k.p.i.AbstractProblemLoader Replaying proof Plotter[java.lang.Object::<inv>()].JML accessible clause.0 
422798     DEBUG main            d.u.i.k.p.i.IntermediateProofReplayer Proof replay took 7ns 
422900     INFO  main            d.u.i.k.p.r.p.TestFile    ... finished proof: closed. 
423306     INFO  main            d.u.i.k.p.i.AbstractProblemLoader Loading environment from /home/runner/work/key/key/key.core/../key.ui/examples/heap/permissions/threads/Plotter_inv_accessible1.key.proof 
423306     DEBUG main            d.u.i.k.p.i.AbstractProblemLoader Environment load took 75.8ns 
423307     INFO  main            d.u.i.k.p.i.AbstractProblemLoader Creating init config 
427604     DEBUG main            d.u.i.k.p.i.AbstractProblemLoader Init config took 4.3s 
427678     INFO  main            d.u.i.k.p.i.AbstractProblemLoader Replaying proof Plotter[java.lang.Object::<inv>()].JML accessible clause.0 
427681     DEBUG main            d.u.i.k.p.i.IntermediateProofReplayer Proof replay took 1.45ms 
427682     DEBUG main            d.u.i.k.p.r.p.TestFile    ... success: reloaded. 
427683     INFO  main            d.u.i.k.p.r.p.TestFile    Now processing file /home/runner/work/key/key/key.core/../key.ui/examples/heap/permissions/threads/Plotter_inv_accessible2.key 
427683     INFO  main            d.u.i.k.p.i.AbstractProblemLoader Loading environment from /home/runner/work/key/key/key.core/../key.ui/examples/heap/permissions/threads/Plotter_inv_accessible2.key 
427683     DEBUG main            d.u.i.k.p.i.AbstractProblemLoader Environment load took 43.5ns 
427683     INFO  main            d.u.i.k.p.i.AbstractProblemLoader Creating init config 
432047     DEBUG main            d.u.i.k.p.i.AbstractProblemLoader Init config took 4.36s 
432122     INFO  main            d.u.i.k.p.i.AbstractProblemLoader Replaying proof Plotter[java.lang.Object::<inv>()].JML accessible clause.1 
432123     DEBUG main            d.u.i.k.p.i.IntermediateProofReplayer Proof replay took 6.8ns 
432224     INFO  main            d.u.i.k.p.r.p.TestFile    ... finished proof: closed. 
432637     INFO  main            d.u.i.k.p.i.AbstractProblemLoader Loading environment from /home/runner/work/key/key/key.core/../key.ui/examples/heap/permissions/threads/Plotter_inv_accessible2.key.proof 
432638     DEBUG main            d.u.i.k.p.i.AbstractProblemLoader Environment load took 75.6ns 
432638     INFO  main            d.u.i.k.p.i.AbstractProblemLoader Creating init config 
436928     DEBUG main            d.u.i.k.p.i.AbstractProblemLoader Init config took 4.29s 
437002     INFO  main            d.u.i.k.p.i.AbstractProblemLoader Replaying proof Plotter[java.lang.Object::<inv>()].JML accessible clause.1 
437005     DEBUG main            d.u.i.k.p.i.IntermediateProofReplayer Proof replay took 1.49ms 
437006     DEBUG main            d.u.i.k.p.r.p.TestFile    ... success: reloaded. 
437006     INFO  main            d.u.i.k.p.r.p.TestFile    Now processing file /home/runner/work/key/key/key.core/../key.ui/examples/heap/permissions/threads/Plotter_joinTransfer_contract.key 
437006     INFO  main            d.u.i.k.p.i.AbstractProblemLoader Loading environment from /home/runner/work/key/key/key.core/../key.ui/examples/heap/permissions/threads/Plotter_joinTransfer_contract.key 
437006     DEBUG main            d.u.i.k.p.i.AbstractProblemLoader Environment load took 44ns 
437007     INFO  main            d.u.i.k.p.i.AbstractProblemLoader Creating init config 
441370     DEBUG main            d.u.i.k.p.i.AbstractProblemLoader Init config took 4.36s 
441460     INFO  main            d.u.i.k.p.i.AbstractProblemLoader Replaying proof Plotter[ThreadSpec2::joinTransfer()].JML model_behavior operation contract.0 
441461     DEBUG main            d.u.i.k.p.i.IntermediateProofReplayer Proof replay took 7.5ns 
441562     INFO  main            d.u.i.k.p.r.p.TestFile    ... finished proof: closed. 
441977     INFO  main            d.u.i.k.p.i.AbstractProblemLoader Loading environment from /home/runner/work/key/key/key.core/../key.ui/examples/heap/permissions/threads/Plotter_joinTransfer_contract.key.proof 
441977     DEBUG main            d.u.i.k.p.i.AbstractProblemLoader Environment load took 70ns 
441978     INFO  main            d.u.i.k.p.i.AbstractProblemLoader Creating init config 
446261     DEBUG main            d.u.i.k.p.i.AbstractProblemLoader Init config took 4.28s 
446349     INFO  main            d.u.i.k.p.i.AbstractProblemLoader Replaying proof Plotter[ThreadSpec2::joinTransfer()].JML model_behavior operation contract.0 
446357     DEBUG main            d.u.i.k.p.i.IntermediateProofReplayer Proof replay took 6.59ms 
446358     DEBUG main            d.u.i.k.p.r.p.TestFile    ... success: reloaded. 
446358     INFO  main            d.u.i.k.p.r.p.TestFile    Now processing file /home/runner/work/key/key/key.core/../key.ui/examples/heap/permissions/threads/Plotter_Plotter.key 
446359     INFO  main            d.u.i.k.p.i.AbstractProblemLoader Loading environment from /home/runner/work/key/key/key.core/../key.ui/examples/heap/permissions/threads/Plotter_Plotter.key 
446359     DEBUG main            d.u.i.k.p.i.AbstractProblemLoader Environment load took 41.3ns 
446359     INFO  main            d.u.i.k.p.i.AbstractProblemLoader Creating init config 
450709     DEBUG main            d.u.i.k.p.i.AbstractProblemLoader Init config took 4.35s 
450784     INFO  main            d.u.i.k.p.i.AbstractProblemLoader Replaying proof Plotter[Plotter::Plotter(AFilter,BFilter,Buffer)].JML normal_behavior operation contract.0 
450785     DEBUG main            d.u.i.k.p.i.IntermediateProofReplayer Proof replay took 6.5ns 
452419     INFO  main            d.u.i.k.p.r.p.TestFile    ... finished proof: closed. 
452885     INFO  main            d.u.i.k.p.i.AbstractProblemLoader Loading environment from /home/runner/work/key/key/key.core/../key.ui/examples/heap/permissions/threads/Plotter_Plotter.key.proof 
452885     DEBUG main            d.u.i.k.p.i.AbstractProblemLoader Environment load took 84.2ns 
452886     INFO  main            d.u.i.k.p.i.AbstractProblemLoader Creating init config 
457272     DEBUG main            d.u.i.k.p.i.AbstractProblemLoader Init config took 4.39s 
457351     INFO  main            d.u.i.k.p.i.AbstractProblemLoader Replaying proof Plotter[Plotter::Plotter(AFilter,BFilter,Buffer)].JML normal_behavior operation contract.0 
457572     DEBUG main            d.u.i.k.p.i.IntermediateProofReplayer Proof replay took 215.69ms 
457573     DEBUG main            d.u.i.k.p.r.p.TestFile    ... success: reloaded. 
457573     INFO  main            d.u.i.k.p.r.p.TestFile    Now processing file /home/runner/work/key/key/key.core/../key.ui/examples/heap/permissions/threads/Plotter_postJoin_accessible.key 
457573     INFO  main            d.u.i.k.p.i.AbstractProblemLoader Loading environment from /home/runner/work/key/key/key.core/../key.ui/examples/heap/permissions/threads/Plotter_postJoin_accessible.key 
457574     DEBUG main            d.u.i.k.p.i.AbstractProblemLoader Environment load took 41.6ns 
457574     INFO  main            d.u.i.k.p.i.AbstractProblemLoader Creating init config 
461945     DEBUG main            d.u.i.k.p.i.AbstractProblemLoader Init config took 4.37s 
462033     INFO  main            d.u.i.k.p.i.AbstractProblemLoader Replaying proof Plotter[ThreadSpec2::postJoin(java.lang.Object)].JML accessible clause.0 
462035     DEBUG main            d.u.i.k.p.i.IntermediateProofReplayer Proof replay took 6.8ns 
462136     INFO  main            d.u.i.k.p.r.p.TestFile    ... finished proof: closed. 
462573     INFO  main            d.u.i.k.p.i.AbstractProblemLoader Loading environment from /home/runner/work/key/key/key.core/../key.ui/examples/heap/permissions/threads/Plotter_postJoin_accessible.key.proof 
462573     DEBUG main            d.u.i.k.p.i.AbstractProblemLoader Environment load took 74.4ns 
462574     INFO  main            d.u.i.k.p.i.AbstractProblemLoader Creating init config 
466860     DEBUG main            d.u.i.k.p.i.AbstractProblemLoader Init config took 4.29s 
466934     INFO  main            d.u.i.k.p.i.AbstractProblemLoader Replaying proof Plotter[ThreadSpec2::postJoin(java.lang.Object)].JML accessible clause.0 
466952     DEBUG main            d.u.i.k.p.i.IntermediateProofReplayer Proof replay took 10.08ms 
466953     DEBUG main            d.u.i.k.p.r.p.TestFile    ... success: reloaded. 
466953     INFO  main            d.u.i.k.p.r.p.TestFile    Now processing file /home/runner/work/key/key/key.core/../key.ui/examples/heap/permissions/threads/Plotter_preStart_accessible.key 
466954     INFO  main            d.u.i.k.p.i.AbstractProblemLoader Loading environment from /home/runner/work/key/key/key.core/../key.ui/examples/heap/permissions/threads/Plotter_preStart_accessible.key 
466954     DEBUG main            d.u.i.k.p.i.AbstractProblemLoader Environment load took 45.9ns 
466954     INFO  main            d.u.i.k.p.i.AbstractProblemLoader Creating init config 
471322     DEBUG main            d.u.i.k.p.i.AbstractProblemLoader Init config took 4.37s 
471396     INFO  main            d.u.i.k.p.i.AbstractProblemLoader Replaying proof Plotter[ThreadSpec2::preStart(java.lang.Object)].JML accessible clause.0 
471397     DEBUG main            d.u.i.k.p.i.IntermediateProofReplayer Proof replay took 7.1ns 
472300     INFO  main            d.u.i.k.p.r.p.TestFile    ... finished proof: closed. 
472740     INFO  main            d.u.i.k.p.i.AbstractProblemLoader Loading environment from /home/runner/work/key/key/key.core/../key.ui/examples/heap/permissions/threads/Plotter_preStart_accessible.key.proof 
472740     DEBUG main            d.u.i.k.p.i.AbstractProblemLoader Environment load took 77.5ns 
472741     INFO  main            d.u.i.k.p.i.AbstractProblemLoader Creating init config 
477033     DEBUG main            d.u.i.k.p.i.AbstractProblemLoader Init config took 4.29s 
477107     INFO  main            d.u.i.k.p.i.AbstractProblemLoader Replaying proof Plotter[ThreadSpec2::preStart(java.lang.Object)].JML accessible clause.0 
477181     DEBUG main            d.u.i.k.p.i.IntermediateProofReplayer Proof replay took 71.41ms 
477182     DEBUG main            d.u.i.k.p.r.p.TestFile    ... success: reloaded. 
477183     INFO  main            d.u.i.k.p.r.p.TestFile    Now processing file /home/runner/work/key/key/key.core/../key.ui/examples/heap/permissions/threads/Plotter_stateInv_accessible.key 
477183     INFO  main            d.u.i.k.p.i.AbstractProblemLoader Loading environment from /home/runner/work/key/key/key.core/../key.ui/examples/heap/permissions/threads/Plotter_stateInv_accessible.key 
477183     DEBUG main            d.u.i.k.p.i.AbstractProblemLoader Environment load took 63.9ns 
477184     INFO  main            d.u.i.k.p.i.AbstractProblemLoader Creating init config 
481541     DEBUG main            d.u.i.k.p.i.AbstractProblemLoader Init config took 4.36s 
481628     INFO  main            d.u.i.k.p.i.AbstractProblemLoader Replaying proof Plotter[ThreadSpec2::stateInv()].JML accessible clause.0 
481629     DEBUG main            d.u.i.k.p.i.IntermediateProofReplayer Proof replay took 6.3ns 
488360     INFO  main            d.u.i.k.p.r.p.TestFile    ... finished proof: closed. 
488836     INFO  main            d.u.i.k.p.i.AbstractProblemLoader Loading environment from /home/runner/work/key/key/key.core/../key.ui/examples/heap/permissions/threads/Plotter_stateInv_accessible.key.proof 
488836     DEBUG main            d.u.i.k.p.i.AbstractProblemLoader Environment load took 83.3ns 
488837     INFO  main            d.u.i.k.p.i.AbstractProblemLoader Creating init config 
493119     DEBUG main            d.u.i.k.p.i.AbstractProblemLoader Init config took 4.28s 
493204     INFO  main            d.u.i.k.p.i.AbstractProblemLoader Replaying proof Plotter[ThreadSpec2::stateInv()].JML accessible clause.0 
493781     DEBUG main            d.u.i.k.p.i.IntermediateProofReplayer Proof replay took 557.74ms 
493783     DEBUG main            d.u.i.k.p.r.p.TestFile    ... success: reloaded. 
493783     INFO  main            d.u.i.k.p.r.p.TestFile    Now processing file /home/runner/work/key/key/key.core/../key.ui/examples/heap/permissions/threads/Plotter_staticPermissions_accessible.key 
493784     INFO  main            d.u.i.k.p.i.AbstractProblemLoader Loading environment from /home/runner/work/key/key/key.core/../key.ui/examples/heap/permissions/threads/Plotter_staticPermissions_accessible.key 
493784     DEBUG main            d.u.i.k.p.i.AbstractProblemLoader Environment load took 58.2ns 
493784     INFO  main            d.u.i.k.p.i.AbstractProblemLoader Creating init config 
498185     DEBUG main            d.u.i.k.p.i.AbstractProblemLoader Init config took 4.4s 
498275     INFO  main            d.u.i.k.p.i.AbstractProblemLoader Replaying proof Plotter[ThreadSpec2::staticPermissions()].JML accessible clause.0 
498277     DEBUG main            d.u.i.k.p.i.IntermediateProofReplayer Proof replay took 34.7ns 
498879     INFO  main            d.u.i.k.p.r.p.TestFile    ... finished proof: closed. 
499348     INFO  main            d.u.i.k.p.i.AbstractProblemLoader Loading environment from /home/runner/work/key/key/key.core/../key.ui/examples/heap/permissions/threads/Plotter_staticPermissions_accessible.key.proof 
499348     DEBUG main            d.u.i.k.p.i.AbstractProblemLoader Environment load took 70.8ns 
499348     INFO  main            d.u.i.k.p.i.AbstractProblemLoader Creating init config 
503632     DEBUG main            d.u.i.k.p.i.AbstractProblemLoader Init config took 4.28s 
503705     INFO  main            d.u.i.k.p.i.AbstractProblemLoader Replaying proof Plotter[ThreadSpec2::staticPermissions()].JML accessible clause.0 
503760     DEBUG main            d.u.i.k.p.i.IntermediateProofReplayer Proof replay took 52.15ms 
503761     DEBUG main            d.u.i.k.p.r.p.TestFile    ... success: reloaded. 
503762     INFO  main            d.u.i.k.p.r.p.TestFile    Now processing file /home/runner/work/key/key/key.core/../key.ui/examples/heap/permissions/threads/Plotter_workingPermissions_accessible.key 
503762     INFO  main            d.u.i.k.p.i.AbstractProblemLoader Loading environment from /home/runner/work/key/key/key.core/../key.ui/examples/heap/permissions/threads/Plotter_workingPermissions_accessible.key 
503762     DEBUG main            d.u.i.k.p.i.AbstractProblemLoader Environment load took 63.6ns 
503763     INFO  main            d.u.i.k.p.i.AbstractProblemLoader Creating init config 
508130     DEBUG main            d.u.i.k.p.i.AbstractProblemLoader Init config took 4.37s 
508204     INFO  main            d.u.i.k.p.i.AbstractProblemLoader Replaying proof Plotter[ThreadSpec2::workingPermissions()].JML accessible clause.0 
508205     DEBUG main            d.u.i.k.p.i.IntermediateProofReplayer Proof replay took 2.6ns 
508307     INFO  main            d.u.i.k.p.r.p.TestFile    ... finished proof: closed. 
508761     INFO  main            d.u.i.k.p.i.AbstractProblemLoader Loading environment from /home/runner/work/key/key/key.core/../key.ui/examples/heap/permissions/threads/Plotter_workingPermissions_accessible.key.proof 
508761     DEBUG main            d.u.i.k.p.i.AbstractProblemLoader Environment load took 71.4ns 
508762     INFO  main            d.u.i.k.p.i.AbstractProblemLoader Creating init config 
513052     DEBUG main            d.u.i.k.p.i.AbstractProblemLoader Init config took 4.29s 
513126     INFO  main            d.u.i.k.p.i.AbstractProblemLoader Replaying proof Plotter[ThreadSpec2::workingPermissions()].JML accessible clause.0 
513141     DEBUG main            d.u.i.k.p.i.IntermediateProofReplayer Proof replay took 13.28ms 
513142     DEBUG main            d.u.i.k.p.r.p.TestFile    ... success: reloaded. 
513143     INFO  main            d.u.i.k.p.r.p.TestFile    Now processing file /home/runner/work/key/key/key.core/../key.ui/examples/heap/permissions/threads/Sampler_initPost_accessible.key 
513143     INFO  main            d.u.i.k.p.i.AbstractProblemLoader Loading environment from /home/runner/work/key/key/key.core/../key.ui/examples/heap/permissions/threads/Sampler_initPost_accessible.key 
513143     DEBUG main            d.u.i.k.p.i.AbstractProblemLoader Environment load took 40.6ns 
513144     INFO  main            d.u.i.k.p.i.AbstractProblemLoader Creating init config 
517505     DEBUG main            d.u.i.k.p.i.AbstractProblemLoader Init config took 4.36s 
517579     INFO  main            d.u.i.k.p.i.AbstractProblemLoader Replaying proof Sampler[ThreadSpec2::initPost()].JML accessible clause.0 
517580     DEBUG main            d.u.i.k.p.i.IntermediateProofReplayer Proof replay took 2.1ns 
517682     INFO  main            d.u.i.k.p.r.p.TestFile    ... finished proof: closed. 
518139     INFO  main            d.u.i.k.p.i.AbstractProblemLoader Loading environment from /home/runner/work/key/key/key.core/../key.ui/examples/heap/permissions/threads/Sampler_initPost_accessible.key.proof 
518139     DEBUG main            d.u.i.k.p.i.AbstractProblemLoader Environment load took 65.3ns 
518140     INFO  main            d.u.i.k.p.i.AbstractProblemLoader Creating init config 
522425     DEBUG main            d.u.i.k.p.i.AbstractProblemLoader Init config took 4.28s 
522499     INFO  main            d.u.i.k.p.i.AbstractProblemLoader Replaying proof Sampler[ThreadSpec2::initPost()].JML accessible clause.0 
522505     DEBUG main            d.u.i.k.p.i.IntermediateProofReplayer Proof replay took 4.87ms 
522506     DEBUG main            d.u.i.k.p.r.p.TestFile    ... success: reloaded. 
522507     INFO  main            d.u.i.k.p.r.p.TestFile    Now processing file /home/runner/work/key/key/key.core/../key.ui/examples/heap/permissions/threads/Sampler_inv_accessible1.key 
522507     INFO  main            d.u.i.k.p.i.AbstractProblemLoader Loading environment from /home/runner/work/key/key/key.core/../key.ui/examples/heap/permissions/threads/Sampler_inv_accessible1.key 
522507     DEBUG main            d.u.i.k.p.i.AbstractProblemLoader Environment load took 73.6ns 
522508     INFO  main            d.u.i.k.p.i.AbstractProblemLoader Creating init config 
526869     DEBUG main            d.u.i.k.p.i.AbstractProblemLoader Init config took 4.36s 
526942     INFO  main            d.u.i.k.p.i.AbstractProblemLoader Replaying proof Sampler[java.lang.Object::<inv>()].JML accessible clause.0 
526944     DEBUG main            d.u.i.k.p.i.IntermediateProofReplayer Proof replay took 2.6ns 
527045     INFO  main            d.u.i.k.p.r.p.TestFile    ... finished proof: closed. 
527509     INFO  main            d.u.i.k.p.i.AbstractProblemLoader Loading environment from /home/runner/work/key/key/key.core/../key.ui/examples/heap/permissions/threads/Sampler_inv_accessible1.key.proof 
527509     DEBUG main            d.u.i.k.p.i.AbstractProblemLoader Environment load took 66ns 
527510     INFO  main            d.u.i.k.p.i.AbstractProblemLoader Creating init config 
531788     DEBUG main            d.u.i.k.p.i.AbstractProblemLoader Init config took 4.28s 
531861     INFO  main            d.u.i.k.p.i.AbstractProblemLoader Replaying proof Sampler[java.lang.Object::<inv>()].JML accessible clause.0 
531864     DEBUG main            d.u.i.k.p.i.IntermediateProofReplayer Proof replay took 1.41ms 
531865     DEBUG main            d.u.i.k.p.r.p.TestFile    ... success: reloaded. 
531865     INFO  main            d.u.i.k.p.r.p.TestFile    Now processing file /home/runner/work/key/key/key.core/../key.ui/examples/heap/permissions/threads/Sampler_inv_accessible2.key 
531865     INFO  main            d.u.i.k.p.i.AbstractProblemLoader Loading environment from /home/runner/work/key/key/key.core/../key.ui/examples/heap/permissions/threads/Sampler_inv_accessible2.key 
531866     DEBUG main            d.u.i.k.p.i.AbstractProblemLoader Environment load took 40.7ns 
531866     INFO  main            d.u.i.k.p.i.AbstractProblemLoader Creating init config 
536226     DEBUG main            d.u.i.k.p.i.AbstractProblemLoader Init config took 4.36s 
536314     INFO  main            d.u.i.k.p.i.AbstractProblemLoader Replaying proof Sampler[java.lang.Object::<inv>()].JML accessible clause.1 
536315     DEBUG main            d.u.i.k.p.i.IntermediateProofReplayer Proof replay took 2.8ns 
536416     INFO  main            d.u.i.k.p.r.p.TestFile    ... finished proof: closed. 
536880     INFO  main            d.u.i.k.p.i.AbstractProblemLoader Loading environment from /home/runner/work/key/key/key.core/../key.ui/examples/heap/permissions/threads/Sampler_inv_accessible2.key.proof 
536880     DEBUG main            d.u.i.k.p.i.AbstractProblemLoader Environment load took 69.7ns 
536880     INFO  main            d.u.i.k.p.i.AbstractProblemLoader Creating init config 
541154     DEBUG main            d.u.i.k.p.i.AbstractProblemLoader Init config took 4.27s 
541227     INFO  main            d.u.i.k.p.i.AbstractProblemLoader Replaying proof Sampler[java.lang.Object::<inv>()].JML accessible clause.1 
541230     DEBUG main            d.u.i.k.p.i.IntermediateProofReplayer Proof replay took 1.4ms 
541230     DEBUG main            d.u.i.k.p.r.p.TestFile    ... success: reloaded. 
541231     INFO  main            d.u.i.k.p.r.p.TestFile    Now processing file /home/runner/work/key/key/key.core/../key.ui/examples/heap/permissions/threads/Sampler_joinTransfer_accessible.key 
541231     INFO  main            d.u.i.k.p.i.AbstractProblemLoader Loading environment from /home/runner/work/key/key/key.core/../key.ui/examples/heap/permissions/threads/Sampler_joinTransfer_accessible.key 
541231     DEBUG main            d.u.i.k.p.i.AbstractProblemLoader Environment load took 52.5ns 
541232     INFO  main            d.u.i.k.p.i.AbstractProblemLoader Creating init config 
545602     DEBUG main            d.u.i.k.p.i.AbstractProblemLoader Init config took 4.37s 
545676     INFO  main            d.u.i.k.p.i.AbstractProblemLoader Replaying proof Sampler[ThreadSpec2::joinTransfer()].JML accessible clause.0 
545677     DEBUG main            d.u.i.k.p.i.IntermediateProofReplayer Proof replay took 2.3ns 
548687     INFO  main            d.u.i.k.p.r.p.TestFile    ... finished proof: closed. 
549175     INFO  main            d.u.i.k.p.i.AbstractProblemLoader Loading environment from /home/runner/work/key/key/key.core/../key.ui/examples/heap/permissions/threads/Sampler_joinTransfer_accessible.key.proof 
549175     DEBUG main            d.u.i.k.p.i.AbstractProblemLoader Environment load took 267.2ns 
549177     INFO  main            d.u.i.k.p.i.AbstractProblemLoader Creating init config 
553464     DEBUG main            d.u.i.k.p.i.AbstractProblemLoader Init config took 4.29s 
553538     INFO  main            d.u.i.k.p.i.AbstractProblemLoader Replaying proof Sampler[ThreadSpec2::joinTransfer()].JML accessible clause.0 
554071     DEBUG main            d.u.i.k.p.i.IntermediateProofReplayer Proof replay took 521.51ms 
554073     DEBUG main            d.u.i.k.p.r.p.TestFile    ... success: reloaded. 
554073     INFO  main            d.u.i.k.p.r.p.TestFile    Now processing file /home/runner/work/key/key/key.core/../key.ui/examples/heap/permissions/threads/Sampler_joinTransfer_contract.key 
554074     INFO  main            d.u.i.k.p.i.AbstractProblemLoader Loading environment from /home/runner/work/key/key/key.core/../key.ui/examples/heap/permissions/threads/Sampler_joinTransfer_contract.key 
554074     DEBUG main            d.u.i.k.p.i.AbstractProblemLoader Environment load took 139ns 
554075     INFO  main            d.u.i.k.p.i.AbstractProblemLoader Creating init config 
558430     DEBUG main            d.u.i.k.p.i.AbstractProblemLoader Init config took 4.36s 
558504     INFO  main            d.u.i.k.p.i.AbstractProblemLoader Replaying proof Sampler[ThreadSpec2::joinTransfer()].JML model_behavior operation contract.0 
558505     DEBUG main            d.u.i.k.p.i.IntermediateProofReplayer Proof replay took 2.5ns 
558607     INFO  main            d.u.i.k.p.r.p.TestFile    ... finished proof: closed. 
559088     INFO  main            d.u.i.k.p.i.AbstractProblemLoader Loading environment from /home/runner/work/key/key/key.core/../key.ui/examples/heap/permissions/threads/Sampler_joinTransfer_contract.key.proof 
559088     DEBUG main            d.u.i.k.p.i.AbstractProblemLoader Environment load took 70.2ns 
559089     INFO  main            d.u.i.k.p.i.AbstractProblemLoader Creating init config 
563372     DEBUG main            d.u.i.k.p.i.AbstractProblemLoader Init config took 4.28s 
563446     INFO  main            d.u.i.k.p.i.AbstractProblemLoader Replaying proof Sampler[ThreadSpec2::joinTransfer()].JML model_behavior operation contract.0 
563453     DEBUG main            d.u.i.k.p.i.IntermediateProofReplayer Proof replay took 6.1ms 
563454     DEBUG main            d.u.i.k.p.r.p.TestFile    ... success: reloaded. 
563455     INFO  main            d.u.i.k.p.r.p.TestFile    Now processing file /home/runner/work/key/key/key.core/../key.ui/examples/heap/permissions/threads/Sampler_postJoin_accessible.key 
563455     INFO  main            d.u.i.k.p.i.AbstractProblemLoader Loading environment from /home/runner/work/key/key/key.core/../key.ui/examples/heap/permissions/threads/Sampler_postJoin_accessible.key 
563455     DEBUG main            d.u.i.k.p.i.AbstractProblemLoader Environment load took 53.9ns 
563456     INFO  main            d.u.i.k.p.i.AbstractProblemLoader Creating init config 
567809     DEBUG main            d.u.i.k.p.i.AbstractProblemLoader Init config took 4.35s 
567883     INFO  main            d.u.i.k.p.i.AbstractProblemLoader Replaying proof Sampler[ThreadSpec2::postJoin(java.lang.Object)].JML accessible clause.0 
567884     DEBUG main            d.u.i.k.p.i.IntermediateProofReplayer Proof replay took 2.5ns 
567987     INFO  main            d.u.i.k.p.r.p.TestFile    ... finished proof: closed. 
568470     INFO  main            d.u.i.k.p.i.AbstractProblemLoader Loading environment from /home/runner/work/key/key/key.core/../key.ui/examples/heap/permissions/threads/Sampler_postJoin_accessible.key.proof 
568470     DEBUG main            d.u.i.k.p.i.AbstractProblemLoader Environment load took 69.3ns 
568471     INFO  main            d.u.i.k.p.i.AbstractProblemLoader Creating init config 
572754     DEBUG main            d.u.i.k.p.i.AbstractProblemLoader Init config took 4.28s 
572827     INFO  main            d.u.i.k.p.i.AbstractProblemLoader Replaying proof Sampler[ThreadSpec2::postJoin(java.lang.Object)].JML accessible clause.0 
572836     DEBUG main            d.u.i.k.p.i.IntermediateProofReplayer Proof replay took 7.39ms 
572836     DEBUG main            d.u.i.k.p.r.p.TestFile    ... success: reloaded. 
572837     INFO  main            d.u.i.k.p.r.p.TestFile    Now processing file /home/runner/work/key/key/key.core/../key.ui/examples/heap/permissions/threads/Sampler_preStart_accessible.key 
572837     INFO  main            d.u.i.k.p.i.AbstractProblemLoader Loading environment from /home/runner/work/key/key/key.core/../key.ui/examples/heap/permissions/threads/Sampler_preStart_accessible.key 
572837     DEBUG main            d.u.i.k.p.i.AbstractProblemLoader Environment load took 39.9ns 
572838     INFO  main            d.u.i.k.p.i.AbstractProblemLoader Creating init config 
577188     DEBUG main            d.u.i.k.p.i.AbstractProblemLoader Init config took 4.35s 
577275     INFO  main            d.u.i.k.p.i.AbstractProblemLoader Replaying proof Sampler[ThreadSpec2::preStart(java.lang.Object)].JML accessible clause.0 
577277     DEBUG main            d.u.i.k.p.i.IntermediateProofReplayer Proof replay took 2.2ns 
577378     INFO  main            d.u.i.k.p.r.p.TestFile    ... finished proof: closed. 
577870     INFO  main            d.u.i.k.p.i.AbstractProblemLoader Loading environment from /home/runner/work/key/key/key.core/../key.ui/examples/heap/permissions/threads/Sampler_preStart_accessible.key.proof 
577870     DEBUG main            d.u.i.k.p.i.AbstractProblemLoader Environment load took 70.3ns 
577870     INFO  main            d.u.i.k.p.i.AbstractProblemLoader Creating init config 
582156     DEBUG main            d.u.i.k.p.i.AbstractProblemLoader Init config took 4.29s 
582229     INFO  main            d.u.i.k.p.i.AbstractProblemLoader Replaying proof Sampler[ThreadSpec2::preStart(java.lang.Object)].JML accessible clause.0 
582238     DEBUG main            d.u.i.k.p.i.IntermediateProofReplayer Proof replay took 7.32ms 
582238     DEBUG main            d.u.i.k.p.r.p.TestFile    ... success: reloaded. 
582239     INFO  main            d.u.i.k.p.r.p.TestFile    Now processing file /home/runner/work/key/key/key.core/../key.ui/examples/heap/permissions/threads/Sampler_run.key 
582239     INFO  main            d.u.i.k.p.i.AbstractProblemLoader Loading environment from /home/runner/work/key/key/key.core/../key.ui/examples/heap/permissions/threads/Sampler_run.key 
582239     DEBUG main            d.u.i.k.p.i.AbstractProblemLoader Environment load took 41.1ns 
582240     INFO  main            d.u.i.k.p.i.AbstractProblemLoader Creating init config 
586610     DEBUG main            d.u.i.k.p.i.AbstractProblemLoader Init config took 4.37s 
586683     INFO  main            d.u.i.k.p.i.AbstractProblemLoader Replaying proof Sampler[ThreadSpec2::run()].JML normal_behavior operation contract.0 
586685     DEBUG main            d.u.i.k.p.i.IntermediateProofReplayer Proof replay took 2.1ns 
586786     INFO  main            d.u.i.k.p.r.p.TestFile    ... finished proof: closed. 
587284     INFO  main            d.u.i.k.p.i.AbstractProblemLoader Loading environment from /home/runner/work/key/key/key.core/../key.ui/examples/heap/permissions/threads/Sampler_run.key.proof 
587284     DEBUG main            d.u.i.k.p.i.AbstractProblemLoader Environment load took 70.5ns 
587285     INFO  main            d.u.i.k.p.i.AbstractProblemLoader Creating init config 
591573     DEBUG main            d.u.i.k.p.i.AbstractProblemLoader Init config took 4.29s 
591646     INFO  main            d.u.i.k.p.i.AbstractProblemLoader Replaying proof Sampler[ThreadSpec2::run()].JML normal_behavior operation contract.0 
591678     DEBUG main            d.u.i.k.p.i.IntermediateProofReplayer Proof replay took 29.56ms 
591678     DEBUG main            d.u.i.k.p.r.p.TestFile    ... success: reloaded. 
591679     INFO  main            d.u.i.k.p.r.p.TestFile    Now processing file /home/runner/work/key/key/key.core/../key.ui/examples/heap/permissions/threads/Sampler_Sampler.key 
591679     INFO  main            d.u.i.k.p.i.AbstractProblemLoader Loading environment from /home/runner/work/key/key/key.core/../key.ui/examples/heap/permissions/threads/Sampler_Sampler.key 
591679     DEBUG main            d.u.i.k.p.i.AbstractProblemLoader Environment load took 64.9ns 
591680     INFO  main            d.u.i.k.p.i.AbstractProblemLoader Creating init config 
596114     DEBUG main            d.u.i.k.p.i.AbstractProblemLoader Init config took 4.43s 
596189     INFO  main            d.u.i.k.p.i.AbstractProblemLoader Replaying proof Sampler[Sampler::Sampler(Buffer)].JML normal_behavior operation contract.0 
596190     DEBUG main            d.u.i.k.p.i.IntermediateProofReplayer Proof replay took 2.5ns 
596792     INFO  main            d.u.i.k.p.r.p.TestFile    ... finished proof: closed. 
597311     INFO  main            d.u.i.k.p.i.AbstractProblemLoader Loading environment from /home/runner/work/key/key/key.core/../key.ui/examples/heap/permissions/threads/Sampler_Sampler.key.proof 
597311     DEBUG main            d.u.i.k.p.i.AbstractProblemLoader Environment load took 71.5ns 
597313     INFO  main            d.u.i.k.p.i.AbstractProblemLoader Creating init config 
601614     DEBUG main            d.u.i.k.p.i.AbstractProblemLoader Init config took 4.3s 
601688     INFO  main            d.u.i.k.p.i.AbstractProblemLoader Replaying proof Sampler[Sampler::Sampler(Buffer)].JML normal_behavior operation contract.0 
601766     DEBUG main            d.u.i.k.p.i.IntermediateProofReplayer Proof replay took 75.74ms 
601767     DEBUG main            d.u.i.k.p.r.p.TestFile    ... success: reloaded. 
601767     INFO  main            d.u.i.k.p.r.p.TestFile    Now processing file /home/runner/work/key/key/key.core/../key.ui/examples/heap/permissions/threads/Sampler_startTransfer_accessible.key 
601768     INFO  main            d.u.i.k.p.i.AbstractProblemLoader Loading environment from /home/runner/work/key/key/key.core/../key.ui/examples/heap/permissions/threads/Sampler_startTransfer_accessible.key 
601768     DEBUG main            d.u.i.k.p.i.AbstractProblemLoader Environment load took 64.3ns 
601768     INFO  main            d.u.i.k.p.i.AbstractProblemLoader Creating init config 
606193     DEBUG main            d.u.i.k.p.i.AbstractProblemLoader Init config took 4.42s 
606283     INFO  main            d.u.i.k.p.i.AbstractProblemLoader Replaying proof Sampler[ThreadSpec2::startTransfer()].JML accessible clause.0 
606284     DEBUG main            d.u.i.k.p.i.IntermediateProofReplayer Proof replay took 2.6ns 
610153     INFO  main            d.u.i.k.p.r.p.TestFile    ... finished proof: closed. 
610660     INFO  main            d.u.i.k.p.i.AbstractProblemLoader Loading environment from /home/runner/work/key/key/key.core/../key.ui/examples/heap/permissions/threads/Sampler_startTransfer_accessible.key.proof 
610661     DEBUG main            d.u.i.k.p.i.AbstractProblemLoader Environment load took 71.4ns 
610662     INFO  main            d.u.i.k.p.i.AbstractProblemLoader Creating init config 
615100     DEBUG main            d.u.i.k.p.i.AbstractProblemLoader Init config took 4.44s 
615184     INFO  main            d.u.i.k.p.i.AbstractProblemLoader Replaying proof Sampler[ThreadSpec2::startTransfer()].JML accessible clause.0 
615728     DEBUG main            d.u.i.k.p.i.IntermediateProofReplayer Proof replay took 531.87ms 
615729     DEBUG main            d.u.i.k.p.r.p.TestFile    ... success: reloaded. 
615730     INFO  main            d.u.i.k.p.r.p.TestFile    Now processing file /home/runner/work/key/key/key.core/../key.ui/examples/heap/permissions/threads/Sampler_startTransfer_contract.key 
615730     INFO  main            d.u.i.k.p.i.AbstractProblemLoader Loading environment from /home/runner/work/key/key/key.core/../key.ui/examples/heap/permissions/threads/Sampler_startTransfer_contract.key 
615730     DEBUG main            d.u.i.k.p.i.AbstractProblemLoader Environment load took 43.1ns 
615731     INFO  main            d.u.i.k.p.i.AbstractProblemLoader Creating init config 
620248     DEBUG main            d.u.i.k.p.i.AbstractProblemLoader Init config took 4.52s 
620347     INFO  main            d.u.i.k.p.i.AbstractProblemLoader Replaying proof Sampler[ThreadSpec2::startTransfer()].JML model_behavior operation contract.0 
620353     DEBUG main            d.u.i.k.p.i.IntermediateProofReplayer Proof replay took 2.1ns 
620455     INFO  main            d.u.i.k.p.r.p.TestFile    ... finished proof: closed. 
620960     INFO  main            d.u.i.k.p.i.AbstractProblemLoader Loading environment from /home/runner/work/key/key/key.core/../key.ui/examples/heap/permissions/threads/Sampler_startTransfer_contract.key.proof 
620960     DEBUG main            d.u.i.k.p.i.AbstractProblemLoader Environment load took 64.6ns 
620960     INFO  main            d.u.i.k.p.i.AbstractProblemLoader Creating init config 
625369     DEBUG main            d.u.i.k.p.i.AbstractProblemLoader Init config took 4.41s 
625455     INFO  main            d.u.i.k.p.i.AbstractProblemLoader Replaying proof Sampler[ThreadSpec2::startTransfer()].JML model_behavior operation contract.0 
625465     DEBUG main            d.u.i.k.p.i.IntermediateProofReplayer Proof replay took 7.65ms 
625465     DEBUG main            d.u.i.k.p.r.p.TestFile    ... success: reloaded. 
625466     INFO  main            d.u.i.k.p.r.p.TestFile    Now processing file /home/runner/work/key/key/key.core/../key.ui/examples/heap/permissions/threads/Sampler_stateInv_accessible.key 
625466     INFO  main            d.u.i.k.p.i.AbstractProblemLoader Loading environment from /home/runner/work/key/key/key.core/../key.ui/examples/heap/permissions/threads/Sampler_stateInv_accessible.key 
625466     DEBUG main            d.u.i.k.p.i.AbstractProblemLoader Environment load took 90.5ns 
625467     INFO  main            d.u.i.k.p.i.AbstractProblemLoader Creating init config 
630024     DEBUG main            d.u.i.k.p.i.AbstractProblemLoader Init config took 4.56s 
630108     INFO  main            d.u.i.k.p.i.AbstractProblemLoader Replaying proof Sampler[ThreadSpec2::stateInv()].JML accessible clause.0 
630109     DEBUG main            d.u.i.k.p.i.IntermediateProofReplayer Proof replay took 1.9ns 
630211     INFO  main            d.u.i.k.p.r.p.TestFile    ... finished proof: closed. 
630715     INFO  main            d.u.i.k.p.i.AbstractProblemLoader Loading environment from /home/runner/work/key/key/key.core/../key.ui/examples/heap/permissions/threads/Sampler_stateInv_accessible.key.proof 
630715     DEBUG main            d.u.i.k.p.i.AbstractProblemLoader Environment load took 65.9ns 
630716     INFO  main            d.u.i.k.p.i.AbstractProblemLoader Creating init config 
635108     DEBUG main            d.u.i.k.p.i.AbstractProblemLoader Init config took 4.39s 
635226     INFO  main            d.u.i.k.p.i.AbstractProblemLoader Replaying proof Sampler[ThreadSpec2::stateInv()].JML accessible clause.0 
635234     DEBUG main            d.u.i.k.p.i.IntermediateProofReplayer Proof replay took 6.2ms 
635238     DEBUG main            d.u.i.k.p.r.p.TestFile    ... success: reloaded. 
635239     INFO  main            d.u.i.k.p.r.p.TestFile    Now processing file /home/runner/work/key/key/key.core/../key.ui/examples/heap/permissions/threads/Sampler_staticPermissions_accessible.key 
635239     INFO  main            d.u.i.k.p.i.AbstractProblemLoader Loading environment from /home/runner/work/key/key/key.core/../key.ui/examples/heap/permissions/threads/Sampler_staticPermissions_accessible.key 
635239     DEBUG main            d.u.i.k.p.i.AbstractProblemLoader Environment load took 66.3ns 
635247     INFO  main            d.u.i.k.p.i.AbstractProblemLoader Creating init config 
639779     DEBUG main            d.u.i.k.p.i.AbstractProblemLoader Init config took 4.53s 
639862     INFO  main            d.u.i.k.p.i.AbstractProblemLoader Replaying proof Sampler[ThreadSpec2::staticPermissions()].JML accessible clause.0 
639863     DEBUG main            d.u.i.k.p.i.IntermediateProofReplayer Proof replay took 2.7ns 
639964     INFO  main            d.u.i.k.p.r.p.TestFile    ... finished proof: closed. 
640471     INFO  main            d.u.i.k.p.i.AbstractProblemLoader Loading environment from /home/runner/work/key/key/key.core/../key.ui/examples/heap/permissions/threads/Sampler_staticPermissions_accessible.key.proof 
640472     DEBUG main            d.u.i.k.p.i.AbstractProblemLoader Environment load took 67.7ns 
640472     INFO  main            d.u.i.k.p.i.AbstractProblemLoader Creating init config 
644921     DEBUG main            d.u.i.k.p.i.AbstractProblemLoader Init config took 4.45s 
645011     INFO  main            d.u.i.k.p.i.AbstractProblemLoader Replaying proof Sampler[ThreadSpec2::staticPermissions()].JML accessible clause.0 
645016     DEBUG main            d.u.i.k.p.i.IntermediateProofReplayer Proof replay took 3.57ms 
645017     DEBUG main            d.u.i.k.p.r.p.TestFile    ... success: reloaded. 
645018     INFO  main            d.u.i.k.p.r.p.TestFile    Now processing file /home/runner/work/key/key/key.core/../key.ui/examples/heap/permissions/threads/Sampler_workingPermissions_accessible.key 
645018     INFO  main            d.u.i.k.p.i.AbstractProblemLoader Loading environment from /home/runner/work/key/key/key.core/../key.ui/examples/heap/permissions/threads/Sampler_workingPermissions_accessible.key 
645018     DEBUG main            d.u.i.k.p.i.AbstractProblemLoader Environment load took 153.8ns 
645019     INFO  main            d.u.i.k.p.i.AbstractProblemLoader Creating init config 
649516     DEBUG main            d.u.i.k.p.i.AbstractProblemLoader Init config took 4.5s 
649591     INFO  main            d.u.i.k.p.i.AbstractProblemLoader Replaying proof Sampler[ThreadSpec2::workingPermissions()].JML accessible clause.0 
649592     DEBUG main            d.u.i.k.p.i.IntermediateProofReplayer Proof replay took 1.8ns 
649693     INFO  main            d.u.i.k.p.r.p.TestFile    ... finished proof: closed. 
650206     INFO  main            d.u.i.k.p.i.AbstractProblemLoader Loading environment from /home/runner/work/key/key/key.core/../key.ui/examples/heap/permissions/threads/Sampler_workingPermissions_accessible.key.proof 
650206     DEBUG main            d.u.i.k.p.i.AbstractProblemLoader Environment load took 66.6ns 
650207     INFO  main            d.u.i.k.p.i.AbstractProblemLoader Creating init config 
654767     DEBUG main            d.u.i.k.p.i.AbstractProblemLoader Init config took 4.56s 
654841     INFO  main            d.u.i.k.p.i.AbstractProblemLoader Replaying proof Sampler[ThreadSpec2::workingPermissions()].JML accessible clause.0 
654846     DEBUG main            d.u.i.k.p.i.IntermediateProofReplayer Proof replay took 4.38ms 
654847     DEBUG main            d.u.i.k.p.r.p.TestFile    ... success: reloaded. 
654848     INFO  main            d.u.i.k.p.r.p.TestFile    Now processing file /home/runner/work/key/key/key.core/../key.ui/examples/heap/permissions/mulleretal/ReadWrite_doRead_contract.key 
654848     INFO  main            d.u.i.k.p.i.AbstractProblemLoader Loading environment from /home/runner/work/key/key/key.core/../key.ui/examples/heap/permissions/mulleretal/ReadWrite_doRead_contract.key 
654848     DEBUG main            d.u.i.k.p.i.AbstractProblemLoader Environment load took 58ns 
654849     INFO  main            d.u.i.k.p.i.AbstractProblemLoader Creating init config 
657858     DEBUG main            d.u.i.k.p.i.AbstractProblemLoader Init config took 3.01s 
657931     INFO  main            d.u.i.k.p.i.AbstractProblemLoader Replaying proof ReadWrite[ReadWrite::doRead()].JML normal_behavior operation contract.0 
657939     DEBUG main            d.u.i.k.p.i.IntermediateProofReplayer Proof replay took 1.9ns 
659754     INFO  main            d.u.i.k.p.r.p.TestFile    ... finished proof: closed. 
660291     INFO  main            d.u.i.k.p.i.AbstractProblemLoader Loading environment from /home/runner/work/key/key/key.core/../key.ui/examples/heap/permissions/mulleretal/ReadWrite_doRead_contract.key.proof 
660291     DEBUG main            d.u.i.k.p.i.AbstractProblemLoader Environment load took 266ns 
660292     INFO  main            d.u.i.k.p.i.AbstractProblemLoader Creating init config 
663050     DEBUG main            d.u.i.k.p.i.AbstractProblemLoader Init config took 2.76s 
663085     INFO  main            d.u.i.k.p.i.AbstractProblemLoader Replaying proof ReadWrite[ReadWrite::doRead()].JML normal_behavior operation contract.0 
663522     DEBUG main            d.u.i.k.p.i.IntermediateProofReplayer Proof replay took 423.11ms 
663523     DEBUG main            d.u.i.k.p.r.p.TestFile    ... success: reloaded. 
663523     INFO  main            d.u.i.k.p.r.p.TestFile    Now processing file /home/runner/work/key/key/key.core/../key.ui/examples/heap/permissions/mulleretal/ReadWrite_doWrite_contract.key 
663524     INFO  main            d.u.i.k.p.i.AbstractProblemLoader Loading environment from /home/runner/work/key/key/key.core/../key.ui/examples/heap/permissions/mulleretal/ReadWrite_doWrite_contract.key 
663524     DEBUG main            d.u.i.k.p.i.AbstractProblemLoader Environment load took 153.5ns 
663525     INFO  main            d.u.i.k.p.i.AbstractProblemLoader Creating init config 
666433     DEBUG main            d.u.i.k.p.i.AbstractProblemLoader Init config took 2.91s 
666463     INFO  main            d.u.i.k.p.i.AbstractProblemLoader Replaying proof ReadWrite[ReadWrite::doWrite()].JML normal_behavior operation contract.0 
666464     DEBUG main            d.u.i.k.p.i.IntermediateProofReplayer Proof replay took 1.9ns 
667969     INFO  main            d.u.i.k.p.r.p.TestFile    ... finished proof: closed. 
668514     INFO  main            d.u.i.k.p.i.AbstractProblemLoader Loading environment from /home/runner/work/key/key/key.core/../key.ui/examples/heap/permissions/mulleretal/ReadWrite_doWrite_contract.key.proof 
668514     DEBUG main            d.u.i.k.p.i.AbstractProblemLoader Environment load took 238.9ns 
668515     INFO  main            d.u.i.k.p.i.AbstractProblemLoader Creating init config 
670928     DEBUG main            d.u.i.k.p.i.AbstractProblemLoader Init config took 2.41s 
670959     INFO  main            d.u.i.k.p.i.AbstractProblemLoader Replaying proof ReadWrite[ReadWrite::doWrite()].JML normal_behavior operation contract.0 
671296     DEBUG main            d.u.i.k.p.i.IntermediateProofReplayer Proof replay took 331.56ms 
671297     DEBUG main            d.u.i.k.p.r.p.TestFile    ... success: reloaded. 
671298     INFO  main            d.u.i.k.p.r.p.TestFile    Now processing file /home/runner/work/key/key/key.core/../key.ui/examples/heap/permissions/mulleretal/ReadWrite_read_contract.key 
671298     INFO  main            d.u.i.k.p.i.AbstractProblemLoader Loading environment from /home/runner/work/key/key/key.core/../key.ui/examples/heap/permissions/mulleretal/ReadWrite_read_contract.key 
671298     DEBUG main            d.u.i.k.p.i.AbstractProblemLoader Environment load took 64.3ns 
671299     INFO  main            d.u.i.k.p.i.AbstractProblemLoader Creating init config 
673759     DEBUG main            d.u.i.k.p.i.AbstractProblemLoader Init config took 2.46s 
673789     INFO  main            d.u.i.k.p.i.AbstractProblemLoader Replaying proof ReadWrite[ReadWrite::read()].JML normal_behavior operation contract.0 
673790     DEBUG main            d.u.i.k.p.i.IntermediateProofReplayer Proof replay took 2.5ns 
673891     INFO  main            d.u.i.k.p.r.p.TestFile    ... finished proof: closed. 
674434     INFO  main            d.u.i.k.p.i.AbstractProblemLoader Loading environment from /home/runner/work/key/key/key.core/../key.ui/examples/heap/permissions/mulleretal/ReadWrite_read_contract.key.proof 
674434     DEBUG main            d.u.i.k.p.i.AbstractProblemLoader Environment load took 64.5ns 
674435     INFO  main            d.u.i.k.p.i.AbstractProblemLoader Creating init config 
676834     DEBUG main            d.u.i.k.p.i.AbstractProblemLoader Init config took 2.4s 
676863     INFO  main            d.u.i.k.p.i.AbstractProblemLoader Replaying proof ReadWrite[ReadWrite::read()].JML normal_behavior operation contract.0 
676871     DEBUG main            d.u.i.k.p.i.IntermediateProofReplayer Proof replay took 5.95ms 
676871     DEBUG main            d.u.i.k.p.r.p.TestFile    ... success: reloaded. 
676872     INFO  main            d.u.i.k.p.r.p.TestFile    Now processing file /home/runner/work/key/key/key.core/../key.ui/examples/heap/permissions/mulleretal/ReadWrite_write_contract.key 
676872     INFO  main            d.u.i.k.p.i.AbstractProblemLoader Loading environment from /home/runner/work/key/key/key.core/../key.ui/examples/heap/permissions/mulleretal/ReadWrite_write_contract.key 
676872     DEBUG main            d.u.i.k.p.i.AbstractProblemLoader Environment load took 68.1ns 
676873     INFO  main            d.u.i.k.p.i.AbstractProblemLoader Creating init config 
679317     DEBUG main            d.u.i.k.p.i.AbstractProblemLoader Init config took 2.44s 
679346     INFO  main            d.u.i.k.p.i.AbstractProblemLoader Replaying proof ReadWrite[ReadWrite::write()].JML normal_behavior operation contract.0 
679347     DEBUG main            d.u.i.k.p.i.IntermediateProofReplayer Proof replay took 2.1ns 
679449     INFO  main            d.u.i.k.p.r.p.TestFile    ... finished proof: closed. 
680004     INFO  main            d.u.i.k.p.i.AbstractProblemLoader Loading environment from /home/runner/work/key/key/key.core/../key.ui/examples/heap/permissions/mulleretal/ReadWrite_write_contract.key.proof 
680004     DEBUG main            d.u.i.k.p.i.AbstractProblemLoader Environment load took 76.2ns 
680005     INFO  main            d.u.i.k.p.i.AbstractProblemLoader Creating init config 
682409     DEBUG main            d.u.i.k.p.i.AbstractProblemLoader Init config took 2.4s 
682438     INFO  main            d.u.i.k.p.i.AbstractProblemLoader Replaying proof ReadWrite[ReadWrite::write()].JML normal_behavior operation contract.0 
682461     DEBUG main            d.u.i.k.p.i.IntermediateProofReplayer Proof replay took 21.41ms 
682462     DEBUG main            d.u.i.k.p.r.p.TestFile    ... success: reloaded. 
682463     INFO  main            d.u.i.k.p.r.p.TestFile    Now processing file /home/runner/work/key/key/key.core/../key.ui/examples/heap/permissions/mulleretal/ReadWrite_inv1_accessible.key 
682463     INFO  main            d.u.i.k.p.i.AbstractProblemLoader Loading environment from /home/runner/work/key/key/key.core/../key.ui/examples/heap/permissions/mulleretal/ReadWrite_inv1_accessible.key 
682463     DEBUG main            d.u.i.k.p.i.AbstractProblemLoader Environment load took 50.6ns 
682463     INFO  main            d.u.i.k.p.i.AbstractProblemLoader Creating init config 
684910     DEBUG main            d.u.i.k.p.i.AbstractProblemLoader Init config took 2.45s 
684939     INFO  main            d.u.i.k.p.i.AbstractProblemLoader Replaying proof ReadWrite[java.lang.Object::<inv>()].JML accessible clause.0 
684940     DEBUG main            d.u.i.k.p.i.IntermediateProofReplayer Proof replay took 2.2ns 
685042     INFO  main            d.u.i.k.p.r.p.TestFile    ... finished proof: closed. 
685586     INFO  main            d.u.i.k.p.i.AbstractProblemLoader Loading environment from /home/runner/work/key/key/key.core/../key.ui/examples/heap/permissions/mulleretal/ReadWrite_inv1_accessible.key.proof 
685586     DEBUG main            d.u.i.k.p.i.AbstractProblemLoader Environment load took 66.4ns 
685587     INFO  main            d.u.i.k.p.i.AbstractProblemLoader Creating init config 
687983     DEBUG main            d.u.i.k.p.i.AbstractProblemLoader Init config took 2.4s 
688012     INFO  main            d.u.i.k.p.i.AbstractProblemLoader Replaying proof ReadWrite[java.lang.Object::<inv>()].JML accessible clause.0 
688015     DEBUG main            d.u.i.k.p.i.IntermediateProofReplayer Proof replay took 1.41ms 
688015     DEBUG main            d.u.i.k.p.r.p.TestFile    ... success: reloaded. 
688016     INFO  main            d.u.i.k.p.r.p.TestFile    Now processing file /home/runner/work/key/key/key.core/../key.ui/examples/heap/permissions/mulleretal/ReadWrite_inv2_accessible.key 
688016     INFO  main            d.u.i.k.p.i.AbstractProblemLoader Loading environment from /home/runner/work/key/key/key.core/../key.ui/examples/heap/permissions/mulleretal/ReadWrite_inv2_accessible.key 
688016     DEBUG main            d.u.i.k.p.i.AbstractProblemLoader Environment load took 38.8ns 
688017     INFO  main            d.u.i.k.p.i.AbstractProblemLoader Creating init config 
690456     DEBUG main            d.u.i.k.p.i.AbstractProblemLoader Init config took 2.44s 
690486     INFO  main            d.u.i.k.p.i.AbstractProblemLoader Replaying proof ReadWrite[java.lang.Object::<inv>()].JML accessible clause.1 
690487     DEBUG main            d.u.i.k.p.i.IntermediateProofReplayer Proof replay took 2.5ns 
690588     INFO  main            d.u.i.k.p.r.p.TestFile    ... finished proof: closed. 
691139     INFO  main            d.u.i.k.p.i.AbstractProblemLoader Loading environment from /home/runner/work/key/key/key.core/../key.ui/examples/heap/permissions/mulleretal/ReadWrite_inv2_accessible.key.proof 
691139     DEBUG main            d.u.i.k.p.i.AbstractProblemLoader Environment load took 60.1ns 
691140     INFO  main            d.u.i.k.p.i.AbstractProblemLoader Creating init config 
693536     DEBUG main            d.u.i.k.p.i.AbstractProblemLoader Init config took 2.4s 
693565     INFO  main            d.u.i.k.p.i.AbstractProblemLoader Replaying proof ReadWrite[java.lang.Object::<inv>()].JML accessible clause.1 
693567     DEBUG main            d.u.i.k.p.i.IntermediateProofReplayer Proof replay took 1.36ms 
693568     DEBUG main            d.u.i.k.p.r.p.TestFile    ... success: reloaded. 
693568     INFO  main            d.u.i.k.p.r.p.TestFile    Now processing file /home/runner/work/key/key/key.core/../key.ui/examples/heap/permissions/lockspec/Counter_lockConsistent_contract.key 
693569     INFO  main            d.u.i.k.p.i.AbstractProblemLoader Loading environment from /home/runner/work/key/key/key.core/../key.ui/examples/heap/permissions/lockspec/Counter_lockConsistent_contract.key 
693569     DEBUG main            d.u.i.k.p.i.AbstractProblemLoader Environment load took 38.6ns 
693569     INFO  main            d.u.i.k.p.i.AbstractProblemLoader Creating init config 
696555     DEBUG main            d.u.i.k.p.i.AbstractProblemLoader Init config took 2.99s 
696603     INFO  main            d.u.i.k.p.i.AbstractProblemLoader Replaying proof Counter[LockSpec::lockConsistent()].JML model_behavior operation contract.0 
696604     DEBUG main            d.u.i.k.p.i.IntermediateProofReplayer Proof replay took 1.8ns 
697529     INFO  main            d.u.i.k.p.r.p.TestFile    ... finished proof: closed. 
698103     INFO  main            d.u.i.k.p.i.AbstractProblemLoader Loading environment from /home/runner/work/key/key/key.core/../key.ui/examples/heap/permissions/lockspec/Counter_lockConsistent_contract.key.proof 
698103     DEBUG main            d.u.i.k.p.i.AbstractProblemLoader Environment load took 118.2ns 
698104     INFO  main            d.u.i.k.p.i.AbstractProblemLoader Creating init config 
700952     DEBUG main            d.u.i.k.p.i.AbstractProblemLoader Init config took 2.85s 
700999     INFO  main            d.u.i.k.p.i.AbstractProblemLoader Replaying proof Counter[LockSpec::lockConsistent()].JML model_behavior operation contract.0 
701140     DEBUG main            d.u.i.k.p.i.IntermediateProofReplayer Proof replay took 133ms 
701141     DEBUG main            d.u.i.k.p.r.p.TestFile    ... success: reloaded. 
701141     INFO  main            d.u.i.k.p.r.p.TestFile    Now processing file /home/runner/work/key/key/key.core/../key.ui/examples/heap/permissions/lockspec/Counter_increase_contract.key 
701141     INFO  main            d.u.i.k.p.i.AbstractProblemLoader Loading environment from /home/runner/work/key/key/key.core/../key.ui/examples/heap/permissions/lockspec/Counter_increase_contract.key 
701142     DEBUG main            d.u.i.k.p.i.AbstractProblemLoader Environment load took 59.9ns 
701142     INFO  main            d.u.i.k.p.i.AbstractProblemLoader Creating init config 
704047     DEBUG main            d.u.i.k.p.i.AbstractProblemLoader Init config took 2.9s 
704094     INFO  main            d.u.i.k.p.i.AbstractProblemLoader Replaying proof Counter[Counter::increase()].JML normal_behavior operation contract.0 
704099     DEBUG main            d.u.i.k.p.i.IntermediateProofReplayer Proof replay took 2.8ns 
705332     INFO  main            d.u.i.k.p.r.p.TestFile    ... finished proof: closed. 
705925     INFO  main            d.u.i.k.p.i.AbstractProblemLoader Loading environment from /home/runner/work/key/key/key.core/../key.ui/examples/heap/permissions/lockspec/Counter_increase_contract.key.proof 
705925     DEBUG main            d.u.i.k.p.i.AbstractProblemLoader Environment load took 68.9ns 
705926     INFO  main            d.u.i.k.p.i.AbstractProblemLoader Creating init config 
708769     DEBUG main            d.u.i.k.p.i.AbstractProblemLoader Init config took 2.84s 
708812     INFO  main            d.u.i.k.p.i.AbstractProblemLoader Replaying proof Counter[Counter::increase()].JML normal_behavior operation contract.0 
709057     DEBUG main            d.u.i.k.p.i.IntermediateProofReplayer Proof replay took 231.6ms 
709059     DEBUG main            d.u.i.k.p.r.p.TestFile    ... success: reloaded. 
709060     INFO  main            d.u.i.k.p.r.p.TestFile    Now processing file /home/runner/work/key/key/key.core/../key.ui/examples/heap/permissions/lockspec/Counter_fp_accessible.key 
709060     INFO  main            d.u.i.k.p.i.AbstractProblemLoader Loading environment from /home/runner/work/key/key/key.core/../key.ui/examples/heap/permissions/lockspec/Counter_fp_accessible.key 
709060     DEBUG main            d.u.i.k.p.i.AbstractProblemLoader Environment load took 60.3ns 
709061     INFO  main            d.u.i.k.p.i.AbstractProblemLoader Creating init config 
711913     DEBUG main            d.u.i.k.p.i.AbstractProblemLoader Init config took 2.85s 
711959     INFO  main            d.u.i.k.p.i.AbstractProblemLoader Replaying proof Counter[LockSpec::fp()].JML accessible clause.0 
711960     DEBUG main            d.u.i.k.p.i.IntermediateProofReplayer Proof replay took 2.1ns 
712061     INFO  main            d.u.i.k.p.r.p.TestFile    ... finished proof: closed. 
712622     INFO  main            d.u.i.k.p.i.AbstractProblemLoader Loading environment from /home/runner/work/key/key/key.core/../key.ui/examples/heap/permissions/lockspec/Counter_fp_accessible.key.proof 
712622     DEBUG main            d.u.i.k.p.i.AbstractProblemLoader Environment load took 69.2ns 
712623     INFO  main            d.u.i.k.p.i.AbstractProblemLoader Creating init config 
715466     DEBUG main            d.u.i.k.p.i.AbstractProblemLoader Init config took 2.84s 
715512     INFO  main            d.u.i.k.p.i.AbstractProblemLoader Replaying proof Counter[LockSpec::fp()].JML accessible clause.0 
715520     DEBUG main            d.u.i.k.p.i.IntermediateProofReplayer Proof replay took 6.93ms 
715521     DEBUG main            d.u.i.k.p.r.p.TestFile    ... success: reloaded. 
715521     INFO  main            d.u.i.k.p.r.p.TestFile    Now processing file /home/runner/work/key/key/key.core/../key.ui/examples/heap/permissions/lockspec/Counter_fpLock_accessible.key 
715522     INFO  main            d.u.i.k.p.i.AbstractProblemLoader Loading environment from /home/runner/work/key/key/key.core/../key.ui/examples/heap/permissions/lockspec/Counter_fpLock_accessible.key 
715522     DEBUG main            d.u.i.k.p.i.AbstractProblemLoader Environment load took 38.9ns 
715522     INFO  main            d.u.i.k.p.i.AbstractProblemLoader Creating init config 
718422     DEBUG main            d.u.i.k.p.i.AbstractProblemLoader Init config took 2.9s 
718468     INFO  main            d.u.i.k.p.i.AbstractProblemLoader Replaying proof Counter[LockSpec::fpLock()].JML accessible clause.0 
718469     DEBUG main            d.u.i.k.p.i.IntermediateProofReplayer Proof replay took 2.2ns 
718570     INFO  main            d.u.i.k.p.r.p.TestFile    ... finished proof: closed. 
719146     INFO  main            d.u.i.k.p.i.AbstractProblemLoader Loading environment from /home/runner/work/key/key/key.core/../key.ui/examples/heap/permissions/lockspec/Counter_fpLock_accessible.key.proof 
719146     DEBUG main            d.u.i.k.p.i.AbstractProblemLoader Environment load took 60.6ns 
719146     INFO  main            d.u.i.k.p.i.AbstractProblemLoader Creating init config 
721993     DEBUG main            d.u.i.k.p.i.AbstractProblemLoader Init config took 2.85s 
722039     INFO  main            d.u.i.k.p.i.AbstractProblemLoader Replaying proof Counter[LockSpec::fpLock()].JML accessible clause.0 
722047     DEBUG main            d.u.i.k.p.i.IntermediateProofReplayer Proof replay took 6.77ms 
722047     DEBUG main            d.u.i.k.p.r.p.TestFile    ... success: reloaded. 
722048     INFO  main            d.u.i.k.p.r.p.TestFile    Now processing file /home/runner/work/key/key/key.core/../key.ui/examples/heap/permissions/lockspec/Counter_fpPerm_accessible.key 
722048     INFO  main            d.u.i.k.p.i.AbstractProblemLoader Loading environment from /home/runner/work/key/key/key.core/../key.ui/examples/heap/permissions/lockspec/Counter_fpPerm_accessible.key 
722048     DEBUG main            d.u.i.k.p.i.AbstractProblemLoader Environment load took 47.3ns 
722049     INFO  main            d.u.i.k.p.i.AbstractProblemLoader Creating init config 
724930     DEBUG main            d.u.i.k.p.i.AbstractProblemLoader Init config took 2.88s 
724976     INFO  main            d.u.i.k.p.i.AbstractProblemLoader Replaying proof Counter[LockSpec::fpPerm()].JML accessible clause.0 
724977     DEBUG main            d.u.i.k.p.i.IntermediateProofReplayer Proof replay took 1.8ns 
725081     INFO  main            d.u.i.k.p.r.p.TestFile    ... finished proof: closed. 
725664     INFO  main            d.u.i.k.p.i.AbstractProblemLoader Loading environment from /home/runner/work/key/key/key.core/../key.ui/examples/heap/permissions/lockspec/Counter_fpPerm_accessible.key.proof 
725664     DEBUG main            d.u.i.k.p.i.AbstractProblemLoader Environment load took 60.6ns 
725665     INFO  main            d.u.i.k.p.i.AbstractProblemLoader Creating init config 
728589     DEBUG main            d.u.i.k.p.i.AbstractProblemLoader Init config took 2.92s 
728641     INFO  main            d.u.i.k.p.i.AbstractProblemLoader Replaying proof Counter[LockSpec::fpPerm()].JML accessible clause.0 
728649     DEBUG main            d.u.i.k.p.i.IntermediateProofReplayer Proof replay took 7.17ms 
728650     DEBUG main            d.u.i.k.p.r.p.TestFile    ... success: reloaded. 
728651     INFO  main            d.u.i.k.p.r.p.TestFile    Now processing file /home/runner/work/key/key/key.core/../key.ui/examples/heap/permissions/lockspec/Counter_inv_accessible1.key 
728651     INFO  main            d.u.i.k.p.i.AbstractProblemLoader Loading environment from /home/runner/work/key/key/key.core/../key.ui/examples/heap/permissions/lockspec/Counter_inv_accessible1.key 
728651     DEBUG main            d.u.i.k.p.i.AbstractProblemLoader Environment load took 125.3ns 
728652     INFO  main            d.u.i.k.p.i.AbstractProblemLoader Creating init config 
731889     DEBUG main            d.u.i.k.p.i.AbstractProblemLoader Init config took 3.24s 
731935     INFO  main            d.u.i.k.p.i.AbstractProblemLoader Replaying proof Counter[java.lang.Object::<inv>()].JML accessible clause.0 
731936     DEBUG main            d.u.i.k.p.i.IntermediateProofReplayer Proof replay took 2.4ns 
732038     INFO  main            d.u.i.k.p.r.p.TestFile    ... finished proof: closed. 
732614     INFO  main            d.u.i.k.p.i.AbstractProblemLoader Loading environment from /home/runner/work/key/key/key.core/../key.ui/examples/heap/permissions/lockspec/Counter_inv_accessible1.key.proof 
732614     DEBUG main            d.u.i.k.p.i.AbstractProblemLoader Environment load took 64.2ns 
732615     INFO  main            d.u.i.k.p.i.AbstractProblemLoader Creating init config 
735513     DEBUG main            d.u.i.k.p.i.AbstractProblemLoader Init config took 2.9s 
735559     INFO  main            d.u.i.k.p.i.AbstractProblemLoader Replaying proof Counter[java.lang.Object::<inv>()].JML accessible clause.0 
735568     DEBUG main            d.u.i.k.p.i.IntermediateProofReplayer Proof replay took 8.35ms 
735569     DEBUG main            d.u.i.k.p.r.p.TestFile    ... success: reloaded. 
735569     INFO  main            d.u.i.k.p.r.p.TestFile    Now processing file /home/runner/work/key/key/key.core/../key.ui/examples/heap/permissions/lockspec/Counter_inv_accessible2.key 
735569     INFO  main            d.u.i.k.p.i.AbstractProblemLoader Loading environment from /home/runner/work/key/key/key.core/../key.ui/examples/heap/permissions/lockspec/Counter_inv_accessible2.key 
735570     DEBUG main            d.u.i.k.p.i.AbstractProblemLoader Environment load took 38.9ns 
735570     INFO  main            d.u.i.k.p.i.AbstractProblemLoader Creating init config 
738458     DEBUG main            d.u.i.k.p.i.AbstractProblemLoader Init config took 2.89s 
738504     INFO  main            d.u.i.k.p.i.AbstractProblemLoader Replaying proof Counter[java.lang.Object::<inv>()].JML accessible clause.1 
738505     DEBUG main            d.u.i.k.p.i.IntermediateProofReplayer Proof replay took 2ns 
738606     INFO  main            d.u.i.k.p.r.p.TestFile    ... finished proof: closed. 
739216     INFO  main            d.u.i.k.p.i.AbstractProblemLoader Loading environment from /home/runner/work/key/key/key.core/../key.ui/examples/heap/permissions/lockspec/Counter_inv_accessible2.key.proof 
739216     DEBUG main            d.u.i.k.p.i.AbstractProblemLoader Environment load took 68.2ns 
739217     INFO  main            d.u.i.k.p.i.AbstractProblemLoader Creating init config 
742197     DEBUG main            d.u.i.k.p.i.AbstractProblemLoader Init config took 2.98s 
742249     INFO  main            d.u.i.k.p.i.AbstractProblemLoader Replaying proof Counter[java.lang.Object::<inv>()].JML accessible clause.1 
742261     DEBUG main            d.u.i.k.p.i.IntermediateProofReplayer Proof replay took 9.79ms 
742261     DEBUG main            d.u.i.k.p.r.p.TestFile    ... success: reloaded. 
742262     INFO  main            d.u.i.k.p.r.p.TestFile    Now processing file /home/runner/work/key/key/key.core/../key.ui/examples/heap/permissions/lockspec/Counter_lockRef_accessible.key 
742262     INFO  main            d.u.i.k.p.i.AbstractProblemLoader Loading environment from /home/runner/work/key/key/key.core/../key.ui/examples/heap/permissions/lockspec/Counter_lockRef_accessible.key 
742262     DEBUG main            d.u.i.k.p.i.AbstractProblemLoader Environment load took 83.4ns 
742263     INFO  main            d.u.i.k.p.i.AbstractProblemLoader Creating init config 
745295     DEBUG main            d.u.i.k.p.i.AbstractProblemLoader Init config took 3.03s 
745359     INFO  main            d.u.i.k.p.i.AbstractProblemLoader Replaying proof Counter[LockSpec::lockRef()].JML accessible clause.0 
745360     DEBUG main            d.u.i.k.p.i.IntermediateProofReplayer Proof replay took 1.9ns 
745562     INFO  main            d.u.i.k.p.r.p.TestFile    ... finished proof: closed. 
746153     INFO  main            d.u.i.k.p.i.AbstractProblemLoader Loading environment from /home/runner/work/key/key/key.core/../key.ui/examples/heap/permissions/lockspec/Counter_lockRef_accessible.key.proof 
746153     DEBUG main            d.u.i.k.p.i.AbstractProblemLoader Environment load took 63.6ns 
746154     INFO  main            d.u.i.k.p.i.AbstractProblemLoader Creating init config 
749092     DEBUG main            d.u.i.k.p.i.AbstractProblemLoader Init config took 2.94s 
749145     INFO  main            d.u.i.k.p.i.AbstractProblemLoader Replaying proof Counter[LockSpec::lockRef()].JML accessible clause.0 
749194     DEBUG main            d.u.i.k.p.i.IntermediateProofReplayer Proof replay took 46.45ms 
749194     DEBUG main            d.u.i.k.p.r.p.TestFile    ... success: reloaded. 
749195     INFO  main            d.u.i.k.p.r.p.TestFile    Now processing file /home/runner/work/key/key/key.core/../key.ui/examples/heap/permissions/lockspec/Counter_lockRef_contract1.key 
749196     INFO  main            d.u.i.k.p.i.AbstractProblemLoader Loading environment from /home/runner/work/key/key/key.core/../key.ui/examples/heap/permissions/lockspec/Counter_lockRef_contract1.key 
749196     DEBUG main            d.u.i.k.p.i.AbstractProblemLoader Environment load took 161.7ns 
749197     INFO  main            d.u.i.k.p.i.AbstractProblemLoader Creating init config 
752165     DEBUG main            d.u.i.k.p.i.AbstractProblemLoader Init config took 2.97s 
752228     INFO  main            d.u.i.k.p.i.AbstractProblemLoader Replaying proof Counter[LockSpec::lockRef()].JML model_behavior operation contract.0 
752229     DEBUG main            d.u.i.k.p.i.IntermediateProofReplayer Proof replay took 2.2ns 
752331     INFO  main            d.u.i.k.p.r.p.TestFile    ... finished proof: closed. 
752918     INFO  main            d.u.i.k.p.i.AbstractProblemLoader Loading environment from /home/runner/work/key/key/key.core/../key.ui/examples/heap/permissions/lockspec/Counter_lockRef_contract1.key.proof 
752918     DEBUG main            d.u.i.k.p.i.AbstractProblemLoader Environment load took 62.6ns 
752919     INFO  main            d.u.i.k.p.i.AbstractProblemLoader Creating init config 
755848     DEBUG main            d.u.i.k.p.i.AbstractProblemLoader Init config took 2.93s 
755913     INFO  main            d.u.i.k.p.i.AbstractProblemLoader Replaying proof Counter[LockSpec::lockRef()].JML model_behavior operation contract.0 
755918     DEBUG main            d.u.i.k.p.i.IntermediateProofReplayer Proof replay took 3.59ms 
755919     DEBUG main            d.u.i.k.p.r.p.TestFile    ... success: reloaded. 
755920     INFO  main            d.u.i.k.p.r.p.TestFile    Now processing file /home/runner/work/key/key/key.core/../key.ui/examples/heap/permissions/lockspec/Counter_lockRef_contract2.key 
755921     INFO  main            d.u.i.k.p.i.AbstractProblemLoader Loading environment from /home/runner/work/key/key/key.core/../key.ui/examples/heap/permissions/lockspec/Counter_lockRef_contract2.key 
755921     DEBUG main            d.u.i.k.p.i.AbstractProblemLoader Environment load took 152.7ns 
755921     INFO  main            d.u.i.k.p.i.AbstractProblemLoader Creating init config 
758967     DEBUG main            d.u.i.k.p.i.AbstractProblemLoader Init config took 3.05s 
759014     INFO  main            d.u.i.k.p.i.AbstractProblemLoader Replaying proof Counter[Counter::lockRef()].JML model_behavior operation contract.0 
759015     DEBUG main            d.u.i.k.p.i.IntermediateProofReplayer Proof replay took 2.3ns 
759116     INFO  main            d.u.i.k.p.r.p.TestFile    ... finished proof: closed. 
759710     INFO  main            d.u.i.k.p.i.AbstractProblemLoader Loading environment from /home/runner/work/key/key/key.core/../key.ui/examples/heap/permissions/lockspec/Counter_lockRef_contract2.key.proof 
759710     DEBUG main            d.u.i.k.p.i.AbstractProblemLoader Environment load took 59.8ns 
759711     INFO  main            d.u.i.k.p.i.AbstractProblemLoader Creating init config 
762641     DEBUG main            d.u.i.k.p.i.AbstractProblemLoader Init config took 2.93s 
762702     INFO  main            d.u.i.k.p.i.AbstractProblemLoader Replaying proof Counter[Counter::lockRef()].JML model_behavior operation contract.0 
762707     DEBUG main            d.u.i.k.p.i.IntermediateProofReplayer Proof replay took 3.59ms 
762708     DEBUG main            d.u.i.k.p.r.p.TestFile    ... success: reloaded. 
762709     INFO  main            d.u.i.k.p.r.p.TestFile    Now processing file /home/runner/work/key/key/key.core/../key.ui/examples/heap/permissions/lockspec/Counter_lockState_accessible.key 
762709     INFO  main            d.u.i.k.p.i.AbstractProblemLoader Loading environment from /home/runner/work/key/key/key.core/../key.ui/examples/heap/permissions/lockspec/Counter_lockState_accessible.key 
762709     DEBUG main            d.u.i.k.p.i.AbstractProblemLoader Environment load took 139.1ns 
762710     INFO  main            d.u.i.k.p.i.AbstractProblemLoader Creating init config 
765700     DEBUG main            d.u.i.k.p.i.AbstractProblemLoader Init config took 2.99s 
765746     INFO  main            d.u.i.k.p.i.AbstractProblemLoader Replaying proof Counter[LockSpec::lockState(boolean)].JML accessible clause.0 
765747     DEBUG main            d.u.i.k.p.i.IntermediateProofReplayer Proof replay took 1.9ns 
766049     INFO  main            d.u.i.k.p.r.p.TestFile    ... finished proof: closed. 
766657     INFO  main            d.u.i.k.p.i.AbstractProblemLoader Loading environment from /home/runner/work/key/key/key.core/../key.ui/examples/heap/permissions/lockspec/Counter_lockState_accessible.key.proof 
766657     DEBUG main            d.u.i.k.p.i.AbstractProblemLoader Environment load took 69.1ns 
766658     INFO  main            d.u.i.k.p.i.AbstractProblemLoader Creating init config 
769655     DEBUG main            d.u.i.k.p.i.AbstractProblemLoader Init config took 3s 
769707     INFO  main            d.u.i.k.p.i.AbstractProblemLoader Replaying proof Counter[LockSpec::lockState(boolean)].JML accessible clause.0 
769774     DEBUG main            d.u.i.k.p.i.IntermediateProofReplayer Proof replay took 62.71ms 
769774     DEBUG main            d.u.i.k.p.r.p.TestFile    ... success: reloaded. 
769775     INFO  main            d.u.i.k.p.r.p.TestFile    Now processing file /home/runner/work/key/key/key.core/../key.ui/examples/heap/permissions/lockspec/Counter_lockStatus_accessible.key 
769777     INFO  main            d.u.i.k.p.i.AbstractProblemLoader Loading environment from /home/runner/work/key/key/key.core/../key.ui/examples/heap/permissions/lockspec/Counter_lockStatus_accessible.key 
769777     DEBUG main            d.u.i.k.p.i.AbstractProblemLoader Environment load took 120ns 
769778     INFO  main            d.u.i.k.p.i.AbstractProblemLoader Creating init config 
772771     DEBUG main            d.u.i.k.p.i.AbstractProblemLoader Init config took 2.99s 
772817     INFO  main            d.u.i.k.p.i.AbstractProblemLoader Replaying proof Counter[LockSpec::lockStatus(boolean)].JML accessible clause.0 
772818     DEBUG main            d.u.i.k.p.i.IntermediateProofReplayer Proof replay took 2.1ns 
772920     INFO  main            d.u.i.k.p.r.p.TestFile    ... finished proof: closed. 
773535     INFO  main            d.u.i.k.p.i.AbstractProblemLoader Loading environment from /home/runner/work/key/key/key.core/../key.ui/examples/heap/permissions/lockspec/Counter_lockStatus_accessible.key.proof 
773535     DEBUG main            d.u.i.k.p.i.AbstractProblemLoader Environment load took 62.6ns 
773536     INFO  main            d.u.i.k.p.i.AbstractProblemLoader Creating init config 
776469     DEBUG main            d.u.i.k.p.i.AbstractProblemLoader Init config took 2.93s 
776525     INFO  main            d.u.i.k.p.i.AbstractProblemLoader Replaying proof Counter[LockSpec::lockStatus(boolean)].JML accessible clause.0 
776546     DEBUG main            d.u.i.k.p.i.IntermediateProofReplayer Proof replay took 19.32ms 
776547     DEBUG main            d.u.i.k.p.r.p.TestFile    ... success: reloaded. 
776549     INFO  main            d.u.i.k.p.r.p.TestFile    Now processing file /home/runner/work/key/key/key.core/../key.ui/examples/heap/permissions/lockspec/Counter_lockTransfer_accessible.key 
776549     INFO  main            d.u.i.k.p.i.AbstractProblemLoader Loading environment from /home/runner/work/key/key/key.core/../key.ui/examples/heap/permissions/lockspec/Counter_lockTransfer_accessible.key 
776549     DEBUG main            d.u.i.k.p.i.AbstractProblemLoader Environment load took 137.8ns 
776550     INFO  main            d.u.i.k.p.i.AbstractProblemLoader Creating init config 
779626     DEBUG main            d.u.i.k.p.i.AbstractProblemLoader Init config took 3.08s 
779673     INFO  main            d.u.i.k.p.i.AbstractProblemLoader Replaying proof Counter[LockSpec::lockTransfer()].JML accessible clause.0 
779674     DEBUG main            d.u.i.k.p.i.IntermediateProofReplayer Proof replay took 2.2ns 
779976     INFO  main            d.u.i.k.p.r.p.TestFile    ... finished proof: closed. 
780598     INFO  main            d.u.i.k.p.i.AbstractProblemLoader Loading environment from /home/runner/work/key/key/key.core/../key.ui/examples/heap/permissions/lockspec/Counter_lockTransfer_accessible.key.proof 
780598     DEBUG main            d.u.i.k.p.i.AbstractProblemLoader Environment load took 66ns 
780598     INFO  main            d.u.i.k.p.i.AbstractProblemLoader Creating init config 
783574     DEBUG main            d.u.i.k.p.i.AbstractProblemLoader Init config took 2.98s 
783626     INFO  main            d.u.i.k.p.i.AbstractProblemLoader Replaying proof Counter[LockSpec::lockTransfer()].JML accessible clause.0 
783683     DEBUG main            d.u.i.k.p.i.IntermediateProofReplayer Proof replay took 54.46ms 
783684     DEBUG main            d.u.i.k.p.r.p.TestFile    ... success: reloaded. 
783685     INFO  main            d.u.i.k.p.r.p.TestFile    Now processing file /home/runner/work/key/key/key.core/../key.ui/examples/heap/permissions/lockspec/Counter_unlockTransfer_accessible.key 
783686     INFO  main            d.u.i.k.p.i.AbstractProblemLoader Loading environment from /home/runner/work/key/key/key.core/../key.ui/examples/heap/permissions/lockspec/Counter_unlockTransfer_accessible.key 
783686     DEBUG main            d.u.i.k.p.i.AbstractProblemLoader Environment load took 149.6ns 
783687     INFO  main            d.u.i.k.p.i.AbstractProblemLoader Creating init config 
786780     DEBUG main            d.u.i.k.p.i.AbstractProblemLoader Init config took 3.09s 
786826     INFO  main            d.u.i.k.p.i.AbstractProblemLoader Replaying proof Counter[LockSpec::unlockTransfer()].JML accessible clause.0 
786827     DEBUG main            d.u.i.k.p.i.IntermediateProofReplayer Proof replay took 2.2ns 
787129     INFO  main            d.u.i.k.p.r.p.TestFile    ... finished proof: closed. 
787755     INFO  main            d.u.i.k.p.i.AbstractProblemLoader Loading environment from /home/runner/work/key/key/key.core/../key.ui/examples/heap/permissions/lockspec/Counter_unlockTransfer_accessible.key.proof 
787755     DEBUG main            d.u.i.k.p.i.AbstractProblemLoader Environment load took 67.4ns 
787756     INFO  main            d.u.i.k.p.i.AbstractProblemLoader Creating init config 
790673     DEBUG main            d.u.i.k.p.i.AbstractProblemLoader Init config took 2.92s 
790727     INFO  main            d.u.i.k.p.i.AbstractProblemLoader Replaying proof Counter[LockSpec::unlockTransfer()].JML accessible clause.0 
790787     DEBUG main            d.u.i.k.p.i.IntermediateProofReplayer Proof replay took 57.4ms 
790788     DEBUG main            d.u.i.k.p.r.p.TestFile    ... success: reloaded. 
790789     INFO  main            d.u.i.k.p.r.p.TestFile    Now processing file /home/runner/work/key/key/key.core/../key.ui/examples/heap/permissions/threads/Plotter_startTransfer_contract.proof 
790789     INFO  main            d.u.i.k.p.i.AbstractProblemLoader Loading environment from /home/runner/work/key/key/key.core/../key.ui/examples/heap/permissions/threads/Plotter_startTransfer_contract.proof 
790789     DEBUG main            d.u.i.k.p.i.AbstractProblemLoader Environment load took 167.7ns 
790790     INFO  main            d.u.i.k.p.i.AbstractProblemLoader Creating init config 
795329     DEBUG main            d.u.i.k.p.i.AbstractProblemLoader Init config took 4.54s 
795404     INFO  main            d.u.i.k.p.i.AbstractProblemLoader Replaying proof Plotter[ThreadSpec2::startTransfer()].JML model_behavior operation contract.0 
795488     DEBUG main            d.u.i.k.p.i.IntermediateProofReplayer Proof replay took 76.42ms 
795489     INFO  main            d.u.i.k.p.r.p.TestFile    ... success: loaded 
795490     INFO  main            d.u.i.k.p.r.p.TestFile    Now processing file /home/runner/work/key/key/key.core/../key.ui/examples/heap/permissions/threads/Plotter_startTransfer_accessible.proof 
795490     INFO  main            d.u.i.k.p.i.AbstractProblemLoader Loading environment from /home/runner/work/key/key/key.core/../key.ui/examples/heap/permissions/threads/Plotter_startTransfer_accessible.proof 
795491     DEBUG main            d.u.i.k.p.i.AbstractProblemLoader Environment load took 160.1ns 
795491     INFO  main            d.u.i.k.p.i.AbstractProblemLoader Creating init config 
800087     DEBUG main            d.u.i.k.p.i.AbstractProblemLoader Init config took 4.6s 
800200     INFO  main            d.u.i.k.p.i.AbstractProblemLoader Replaying proof Plotter[ThreadSpec2::startTransfer()].JML accessible clause.0 
800334     DEBUG main            d.u.i.k.p.i.IntermediateProofReplayer Proof replay took 129.84ms 
800334     INFO  main            d.u.i.k.p.r.p.TestFile    ... success: loaded 
800335     INFO  main            d.u.i.k.p.r.p.TestFile    Now processing file /home/runner/work/key/key/key.core/../key.ui/examples/heap/permissions/threads/Plotter_joinTransfer_accessible.proof 
800336     INFO  main            d.u.i.k.p.i.AbstractProblemLoader Loading environment from /home/runner/work/key/key/key.core/../key.ui/examples/heap/permissions/threads/Plotter_joinTransfer_accessible.proof 
800336     DEBUG main            d.u.i.k.p.i.AbstractProblemLoader Environment load took 138.5ns 
800337     INFO  main            d.u.i.k.p.i.AbstractProblemLoader Creating init config 
805019     DEBUG main            d.u.i.k.p.i.AbstractProblemLoader Init config took 4.68s 
805092     INFO  main            d.u.i.k.p.i.AbstractProblemLoader Replaying proof Plotter[ThreadSpec2::joinTransfer()].JML accessible clause.0 
805100     WARN  main            d.u.i.k.p.i.IntermediateProofReplayer Proof contains wrong number of \assumes instatiations for Definition_axiom_for_stateInv_in_Plotter 
805102     WARN  main            d.u.i.k.p.i.IntermediateProofReplayer Proof contains wrong number of \assumes instatiations for Definition_axiom_for_stateInv_in_Plotter 
805104     WARN  main            d.u.i.k.p.i.IntermediateProofReplayer Proof contains wrong number of \assumes instatiations for Definition_axiom_for_workingPermissions_in_Plotter 
805104     WARN  main            d.u.i.k.p.i.IntermediateProofReplayer Proof contains wrong number of \assumes instatiations for Definition_axiom_for_staticPermissions_in_Plotter 
805105     WARN  main            d.u.i.k.p.i.IntermediateProofReplayer Proof contains wrong number of \assumes instatiations for Definition_axiom_for_joinTransfer_in_Plotter 
805107     WARN  main            d.u.i.k.p.i.IntermediateProofReplayer Proof contains wrong number of \assumes instatiations for Definition_axiom_for_stateInv_in_BFilter 
805108     WARN  main            d.u.i.k.p.i.IntermediateProofReplayer Proof contains wrong number of \assumes instatiations for Definition_axiom_for_stateInv_in_AFilter 
805109     WARN  main            d.u.i.k.p.i.IntermediateProofReplayer Proof contains wrong number of \assumes instatiations for Definition_axiom_for_stateInv_in_BFilter 
805111     WARN  main            d.u.i.k.p.i.IntermediateProofReplayer Proof contains wrong number of \assumes instatiations for Definition_axiom_for_stateInv_in_AFilter 
805116     WARN  main            d.u.i.k.p.i.IntermediateProofReplayer Proof contains wrong number of \assumes instatiations for Definition_axiom_for_staticPermissions_in_AFilter 
805116     WARN  main            d.u.i.k.p.i.IntermediateProofReplayer Proof contains wrong number of \assumes instatiations for Definition_axiom_for_staticPermissions_in_Plotter 
805117     WARN  main            d.u.i.k.p.i.IntermediateProofReplayer Proof contains wrong number of \assumes instatiations for Definition_axiom_for_staticPermissions_in_BFilter 
805118     WARN  main            d.u.i.k.p.i.IntermediateProofReplayer Proof contains wrong number of \assumes instatiations for Definition_axiom_for_workingPermissions_in_Plotter 
805119     WARN  main            d.u.i.k.p.i.IntermediateProofReplayer Proof contains wrong number of \assumes instatiations for Definition_axiom_for_stateInv_in_Sampler 
805119     WARN  main            d.u.i.k.p.i.IntermediateProofReplayer Proof contains wrong number of \assumes instatiations for Definition_axiom_for_stateInv_in_Sampler 
805120     WARN  main            d.u.i.k.p.i.IntermediateProofReplayer Proof contains wrong number of \assumes instatiations for Definition_axiom_for_staticPermissions_in_Sampler 
805121     WARN  main            d.u.i.k.p.i.IntermediateProofReplayer Proof contains wrong number of \assumes instatiations for Definition_axiom_for_staticPermissions_in_BFilter 
805122     WARN  main            d.u.i.k.p.i.IntermediateProofReplayer Proof contains wrong number of \assumes instatiations for Definition_axiom_for_staticPermissions_in_AFilter 
805122     WARN  main            d.u.i.k.p.i.IntermediateProofReplayer Proof contains wrong number of \assumes instatiations for Definition_axiom_for_staticPermissions_in_Sampler 
805123     WARN  main            d.u.i.k.p.i.IntermediateProofReplayer Proof contains wrong number of \assumes instatiations for Definition_axiom_for_staticPermissions_in_Sampler 
805124     WARN  main            d.u.i.k.p.i.IntermediateProofReplayer Proof contains wrong number of \assumes instatiations for Definition_axiom_for_staticPermissions_in_Sampler 
805125     WARN  main            d.u.i.k.p.i.IntermediateProofReplayer Proof contains wrong number of \assumes instatiations for Definition_axiom_for_joinTransfer_in_Plotter 
805205     DEBUG main            d.u.i.k.p.i.IntermediateProofReplayer Proof replay took 108ms 
805215     INFO  main            d.u.i.k.p.r.p.TestFile    ... success: loaded 
4780107    INFO  Test worker     d.u.i.k.p.r.RunAllProofsTestUnit Returning from test permissionHeap 
4780107    INFO  Test worker     d.u.i.k.p.r.RunAllProofsTestUnit Running test completionScopes 
346        INFO  Timeout watchdog d.u.i.k.p.r.p.ForkedTestFileRunner Timeout watcher launched (2000 secs.) 
349        WARN  main            d.u.i.k.s.ProofSettings   The settings in /home/runner/.key/proof-settings.props are *not* read. 
389        INFO  main            d.u.i.k.p.r.p.TestFile    Now processing file /home/runner/work/key/key/key.core/../key.ui/examples/completionscopes/testCcatchReturnVal.key 
501        INFO  main            d.u.i.k.p.i.AbstractProblemLoader Loading environment from /home/runner/work/key/key/key.core/../key.ui/examples/completionscopes/testCcatchReturnVal.key 
528        DEBUG main            d.u.i.k.p.i.AbstractProblemLoader Environment load took 2.17ms 
733        INFO  main            d.u.i.k.p.i.AbstractProblemLoader Creating init config 
1670       DEBUG main            d.u.i.k.j.TypeConverter   No LDT found for Meta 
1671       DEBUG main            d.u.i.k.j.TypeConverter   No LDT found for Meta 
1672       DEBUG main            d.u.i.k.j.TypeConverter   No LDT found for Meta 
1673       DEBUG main            d.u.i.k.j.TypeConverter   No LDT found for Meta 
2958       DEBUG main            d.u.i.k.j.TypeConverter   No LDT found for JavaBigintExpression 
7539       DEBUG main            d.u.i.k.p.i.AbstractProblemLoader Init config took 6.81s 
7663       INFO  main            d.u.i.k.p.i.AbstractProblemLoader Replaying proof CompletionScopes[CompletionScopes::testCcatchReturnVal()].JML normal_behavior operation contract.0 
7693       DEBUG main            d.u.i.k.p.i.IntermediateProofReplayer Proof replay took 28.9ns 
8136       INFO  main            d.u.i.k.p.r.p.TestFile    ... finished proof: closed. 
8247       INFO  main            d.u.i.k.p.i.AbstractProblemLoader Loading environment from /home/runner/work/key/key/key.core/../key.ui/examples/completionscopes/testCcatchReturnVal.key.proof 
8249       DEBUG main            d.u.i.k.p.i.AbstractProblemLoader Environment load took 1.39ms 
8251       INFO  main            d.u.i.k.p.i.AbstractProblemLoader Creating init config 
11004      DEBUG main            d.u.i.k.p.i.AbstractProblemLoader Init config took 2.75s 
11081      INFO  main            d.u.i.k.p.i.AbstractProblemLoader Replaying proof CompletionScopes[CompletionScopes::testCcatchReturnVal()].JML normal_behavior operation contract.0 
11116      DEBUG main            d.u.i.k.p.i.IntermediateProofReplayer Proof replay took 30.38ms 
11122      DEBUG main            d.u.i.k.p.r.p.TestFile    ... success: reloaded. 
11123      INFO  main            d.u.i.k.p.r.p.TestFile    Now processing file /home/runner/work/key/key/key.core/../key.ui/examples/completionscopes/testMultCcatchClauses.key 
11124      INFO  main            d.u.i.k.p.i.AbstractProblemLoader Loading environment from /home/runner/work/key/key/key.core/../key.ui/examples/completionscopes/testMultCcatchClauses.key 
11124      DEBUG main            d.u.i.k.p.i.AbstractProblemLoader Environment load took 177.2ns 
11126      INFO  main            d.u.i.k.p.i.AbstractProblemLoader Creating init config 
13745      DEBUG main            d.u.i.k.p.i.AbstractProblemLoader Init config took 2.62s 
13804      INFO  main            d.u.i.k.p.i.AbstractProblemLoader Replaying proof CompletionScopes[CompletionScopes::testMultCcatchClauses()].JML normal_behavior operation contract.0 
13806      DEBUG main            d.u.i.k.p.i.IntermediateProofReplayer Proof replay took 6.3ns 
14110      INFO  main            d.u.i.k.p.r.p.TestFile    ... finished proof: closed. 
14236      INFO  main            d.u.i.k.p.i.AbstractProblemLoader Loading environment from /home/runner/work/key/key/key.core/../key.ui/examples/completionscopes/testMultCcatchClauses.key.proof 
14238      DEBUG main            d.u.i.k.p.i.AbstractProblemLoader Environment load took 1.5ms 
14240      INFO  main            d.u.i.k.p.i.AbstractProblemLoader Creating init config 
16767      DEBUG main            d.u.i.k.p.i.AbstractProblemLoader Init config took 2.53s 
16820      INFO  main            d.u.i.k.p.i.AbstractProblemLoader Replaying proof CompletionScopes[CompletionScopes::testMultCcatchClauses()].JML normal_behavior operation contract.0 
16902      DEBUG main            d.u.i.k.p.i.IntermediateProofReplayer Proof replay took 78.8ms 
16903      DEBUG main            d.u.i.k.p.r.p.TestFile    ... success: reloaded. 
16904      INFO  main            d.u.i.k.p.r.p.TestFile    Now processing file /home/runner/work/key/key/key.core/../key.ui/examples/completionscopes/testNestedExec.key 
16905      INFO  main            d.u.i.k.p.i.AbstractProblemLoader Loading environment from /home/runner/work/key/key/key.core/../key.ui/examples/completionscopes/testNestedExec.key 
16905      DEBUG main            d.u.i.k.p.i.AbstractProblemLoader Environment load took 157ns 
16906      INFO  main            d.u.i.k.p.i.AbstractProblemLoader Creating init config 
19451      DEBUG main            d.u.i.k.p.i.AbstractProblemLoader Init config took 2.54s 
19499      INFO  main            d.u.i.k.p.i.AbstractProblemLoader Replaying proof CompletionScopes[CompletionScopes::testMultCcatchClauses()].JML normal_behavior operation contract.0 
19501      DEBUG main            d.u.i.k.p.i.IntermediateProofReplayer Proof replay took 6.1ns 
19707      INFO  main            d.u.i.k.p.r.p.TestFile    ... finished proof: closed. 
19836      INFO  main            d.u.i.k.p.i.AbstractProblemLoader Loading environment from /home/runner/work/key/key/key.core/../key.ui/examples/completionscopes/testNestedExec.key.proof 
19837      DEBUG main            d.u.i.k.p.i.AbstractProblemLoader Environment load took 113.3ns 
19838      INFO  main            d.u.i.k.p.i.AbstractProblemLoader Creating init config 
22310      DEBUG main            d.u.i.k.p.i.AbstractProblemLoader Init config took 2.47s 
22355      INFO  main            d.u.i.k.p.i.AbstractProblemLoader Replaying proof CompletionScopes[CompletionScopes::testMultCcatchClauses()].JML normal_behavior operation contract.0 
22420      DEBUG main            d.u.i.k.p.i.IntermediateProofReplayer Proof replay took 61.12ms 
22421      DEBUG main            d.u.i.k.p.r.p.TestFile    ... success: reloaded. 
22422      INFO  main            d.u.i.k.p.r.p.TestFile    Now processing file /home/runner/work/key/key/key.core/../key.ui/examples/completionscopes/testCcatchBreakLabel.key 
22422      INFO  main            d.u.i.k.p.i.AbstractProblemLoader Loading environment from /home/runner/work/key/key/key.core/../key.ui/examples/completionscopes/testCcatchBreakLabel.key 
22422      DEBUG main            d.u.i.k.p.i.AbstractProblemLoader Environment load took 155.9ns 
22423      INFO  main            d.u.i.k.p.i.AbstractProblemLoader Creating init config 
24940      DEBUG main            d.u.i.k.p.i.AbstractProblemLoader Init config took 2.52s 
24985      INFO  main            d.u.i.k.p.i.AbstractProblemLoader Replaying proof CompletionScopes[CompletionScopes::testBreakLabel()].JML normal_behavior operation contract.0 
24987      DEBUG main            d.u.i.k.p.i.IntermediateProofReplayer Proof replay took 6.1ns 
25001      DEBUG Thread-10       d.u.i.k.l.o.ProgramSV     Match failed: Former match of  SchemaVariable incompatible with  the current match. 
25089      INFO  main            d.u.i.k.p.r.p.TestFile    ... finished proof: closed. 
25216      INFO  main            d.u.i.k.p.i.AbstractProblemLoader Loading environment from /home/runner/work/key/key/key.core/../key.ui/examples/completionscopes/testCcatchBreakLabel.key.proof 
25216      DEBUG main            d.u.i.k.p.i.AbstractProblemLoader Environment load took 107.6ns 
25218      INFO  main            d.u.i.k.p.i.AbstractProblemLoader Creating init config 
27700      DEBUG main            d.u.i.k.p.i.AbstractProblemLoader Init config took 2.48s 
27747      INFO  main            d.u.i.k.p.i.AbstractProblemLoader Replaying proof CompletionScopes[CompletionScopes::testBreakLabel()].JML normal_behavior operation contract.0 
27756      DEBUG main            d.u.i.k.p.i.IntermediateProofReplayer Proof replay took 7.32ms 
27757      DEBUG main            d.u.i.k.p.r.p.TestFile    ... success: reloaded. 
27758      INFO  main            d.u.i.k.p.r.p.TestFile    Now processing file /home/runner/work/key/key/key.core/../key.ui/examples/completionscopes/testCcatchContinueLabel.key 
27758      INFO  main            d.u.i.k.p.i.AbstractProblemLoader Loading environment from /home/runner/work/key/key/key.core/../key.ui/examples/completionscopes/testCcatchContinueLabel.key 
27758      DEBUG main            d.u.i.k.p.i.AbstractProblemLoader Environment load took 188.9ns 
27760      INFO  main            d.u.i.k.p.i.AbstractProblemLoader Creating init config 
30212      DEBUG main            d.u.i.k.p.i.AbstractProblemLoader Init config took 2.45s 
30288      INFO  main            d.u.i.k.p.i.AbstractProblemLoader Replaying proof CompletionScopes[CompletionScopes::testContinueLabel()].JML normal_behavior operation contract.0 
30290      DEBUG main            d.u.i.k.p.i.IntermediateProofReplayer Proof replay took 5.7ns 
30306      DEBUG Thread-13       d.u.i.k.l.o.ProgramSV     Match failed: Former match of  SchemaVariable incompatible with  the current match. 
30392      INFO  main            d.u.i.k.p.r.p.TestFile    ... finished proof: closed. 
30526      INFO  main            d.u.i.k.p.i.AbstractProblemLoader Loading environment from /home/runner/work/key/key/key.core/../key.ui/examples/completionscopes/testCcatchContinueLabel.key.proof 
30527      DEBUG main            d.u.i.k.p.i.AbstractProblemLoader Environment load took 121.9ns 
30527      INFO  main            d.u.i.k.p.i.AbstractProblemLoader Creating init config 
32981      DEBUG main            d.u.i.k.p.i.AbstractProblemLoader Init config took 2.45s 
33025      INFO  main            d.u.i.k.p.i.AbstractProblemLoader Replaying proof CompletionScopes[CompletionScopes::testContinueLabel()].JML normal_behavior operation contract.0 
33035      DEBUG main            d.u.i.k.p.i.IntermediateProofReplayer Proof replay took 7.64ms 
33036      DEBUG main            d.u.i.k.p.r.p.TestFile    ... success: reloaded. 
33037      INFO  main            d.u.i.k.p.r.p.TestFile    Now processing file /home/runner/work/key/key/key.core/../key.ui/examples/completionscopes/testCcatchBreakLabelWildcard.key 
33037      INFO  main            d.u.i.k.p.i.AbstractProblemLoader Loading environment from /home/runner/work/key/key/key.core/../key.ui/examples/completionscopes/testCcatchBreakLabelWildcard.key 
33037      DEBUG main            d.u.i.k.p.i.AbstractProblemLoader Environment load took 181.4ns 
33038      INFO  main            d.u.i.k.p.i.AbstractProblemLoader Creating init config 
35480      DEBUG main            d.u.i.k.p.i.AbstractProblemLoader Init config took 2.44s 
35531      INFO  main            d.u.i.k.p.i.AbstractProblemLoader Replaying proof CompletionScopes[CompletionScopes::testBreakLabelWildcard()].JML normal_behavior operation contract.0 
35533      DEBUG main            d.u.i.k.p.i.IntermediateProofReplayer Proof replay took 6ns 
35552      DEBUG Thread-16       d.u.i.k.l.o.ProgramSV     Match failed: Former match of  SchemaVariable incompatible with  the current match. 
35553      DEBUG Thread-16       d.u.i.k.l.o.ProgramSV     Match failed: Former match of  SchemaVariable incompatible with  the current match. 
35640      INFO  main            d.u.i.k.p.r.p.TestFile    ... finished proof: closed. 
35779      INFO  main            d.u.i.k.p.i.AbstractProblemLoader Loading environment from /home/runner/work/key/key/key.core/../key.ui/examples/completionscopes/testCcatchBreakLabelWildcard.key.proof 
35779      DEBUG main            d.u.i.k.p.i.AbstractProblemLoader Environment load took 117ns 
35780      INFO  main            d.u.i.k.p.i.AbstractProblemLoader Creating init config 
38209      DEBUG main            d.u.i.k.p.i.AbstractProblemLoader Init config took 2.43s 
38256      INFO  main            d.u.i.k.p.i.AbstractProblemLoader Replaying proof CompletionScopes[CompletionScopes::testBreakLabelWildcard()].JML normal_behavior operation contract.0 
38266      DEBUG main            d.u.i.k.p.i.IntermediateProofReplayer Proof replay took 7.47ms 
38266      DEBUG main            d.u.i.k.p.r.p.TestFile    ... success: reloaded. 
38268      INFO  main            d.u.i.k.p.r.p.TestFile    Now processing file /home/runner/work/key/key/key.core/../key.ui/examples/completionscopes/testCcatchContinueLabelWildcard.key 
38268      INFO  main            d.u.i.k.p.i.AbstractProblemLoader Loading environment from /home/runner/work/key/key/key.core/../key.ui/examples/completionscopes/testCcatchContinueLabelWildcard.key 
38268      DEBUG main            d.u.i.k.p.i.AbstractProblemLoader Environment load took 166.7ns 
38269      INFO  main            d.u.i.k.p.i.AbstractProblemLoader Creating init config 
40729      DEBUG main            d.u.i.k.p.i.AbstractProblemLoader Init config took 2.46s 
40770      INFO  main            d.u.i.k.p.i.AbstractProblemLoader Replaying proof CompletionScopes[CompletionScopes::testContinueLabelWildcard()].JML normal_behavior operation contract.0 
40772      DEBUG main            d.u.i.k.p.i.IntermediateProofReplayer Proof replay took 6.8ns 
40789      DEBUG Thread-19       d.u.i.k.l.o.ProgramSV     Match failed: Former match of  SchemaVariable incompatible with  the current match. 
40790      DEBUG Thread-19       d.u.i.k.l.o.ProgramSV     Match failed: Former match of  SchemaVariable incompatible with  the current match. 
40874      INFO  main            d.u.i.k.p.r.p.TestFile    ... finished proof: closed. 
41023      INFO  main            d.u.i.k.p.i.AbstractProblemLoader Loading environment from /home/runner/work/key/key/key.core/../key.ui/examples/completionscopes/testCcatchContinueLabelWildcard.key.proof 
41023      DEBUG main            d.u.i.k.p.i.AbstractProblemLoader Environment load took 111.1ns 
41024      INFO  main            d.u.i.k.p.i.AbstractProblemLoader Creating init config 
43426      DEBUG main            d.u.i.k.p.i.AbstractProblemLoader Init config took 2.4s 
43466      INFO  main            d.u.i.k.p.i.AbstractProblemLoader Replaying proof CompletionScopes[CompletionScopes::testContinueLabelWildcard()].JML normal_behavior operation contract.0 
43475      DEBUG main            d.u.i.k.p.i.IntermediateProofReplayer Proof replay took 7.64ms 
43476      DEBUG main            d.u.i.k.p.r.p.TestFile    ... success: reloaded. 
43477      INFO  main            d.u.i.k.p.r.p.TestFile    Now processing file /home/runner/work/key/key/key.core/../key.ui/examples/completionscopes/testCcatchBreakLabelNonmatchingNested.key 
43477      INFO  main            d.u.i.k.p.i.AbstractProblemLoader Loading environment from /home/runner/work/key/key/key.core/../key.ui/examples/completionscopes/testCcatchBreakLabelNonmatchingNested.key 
43477      DEBUG main            d.u.i.k.p.i.AbstractProblemLoader Environment load took 90ns 
43478      INFO  main            d.u.i.k.p.i.AbstractProblemLoader Creating init config 
45935      DEBUG main            d.u.i.k.p.i.AbstractProblemLoader Init config took 2.46s 
45973      INFO  main            d.u.i.k.p.i.AbstractProblemLoader Replaying proof CompletionScopes[CompletionScopes::testBreakLabelNonmatchingNested()].JML normal_behavior operation contract.0 
45975      DEBUG main            d.u.i.k.p.i.IntermediateProofReplayer Proof replay took 6.8ns 
45989      DEBUG Thread-22       d.u.i.k.l.o.ProgramSV     Match failed: Former match of  SchemaVariable incompatible with  the current match. 
45990      DEBUG Thread-22       d.u.i.k.l.o.ProgramSV     Match failed: Former match of  SchemaVariable incompatible with  the current match. 
46077      INFO  main            d.u.i.k.p.r.p.TestFile    ... finished proof: closed. 
46237      INFO  main            d.u.i.k.p.i.AbstractProblemLoader Loading environment from /home/runner/work/key/key/key.core/../key.ui/examples/completionscopes/testCcatchBreakLabelNonmatchingNested.key.proof 
46237      DEBUG main            d.u.i.k.p.i.AbstractProblemLoader Environment load took 119.2ns 
46240      INFO  main            d.u.i.k.p.i.AbstractProblemLoader Creating init config 
48625      DEBUG main            d.u.i.k.p.i.AbstractProblemLoader Init config took 2.38s 
48663      INFO  main            d.u.i.k.p.i.AbstractProblemLoader Replaying proof CompletionScopes[CompletionScopes::testBreakLabelNonmatchingNested()].JML normal_behavior operation contract.0 
48672      DEBUG main            d.u.i.k.p.i.IntermediateProofReplayer Proof replay took 7.49ms 
48673      DEBUG main            d.u.i.k.p.r.p.TestFile    ... success: reloaded. 
4828955    INFO  Test worker     d.u.i.k.p.r.RunAllProofsTestUnit Returning from test completionScopes 
4828959    INFO  Test worker     d.u.i.k.p.r.RunAllProofsTestUnit Running test reload_examples 
312        INFO  Timeout watchdog d.u.i.k.p.r.p.ForkedTestFileRunner Timeout watcher launched (2000 secs.) 
324        WARN  main            d.u.i.k.s.ProofSettings   The settings in /home/runner/.key/proof-settings.props are *not* read. 
361        INFO  main            d.u.i.k.p.r.p.TestFile    Now processing file /home/runner/work/key/key/key.core/../key.ui/examples/firstTouch/05-ReverseArray/reverseArray.key 
464        INFO  main            d.u.i.k.p.i.AbstractProblemLoader Loading environment from /home/runner/work/key/key/key.core/../key.ui/examples/firstTouch/05-ReverseArray/reverseArray.key 
484        DEBUG main            d.u.i.k.p.i.AbstractProblemLoader Environment load took 1.83ms 
704        INFO  main            d.u.i.k.p.i.AbstractProblemLoader Creating init config 
1643       DEBUG main            d.u.i.k.j.TypeConverter   No LDT found for Meta 
1646       DEBUG main            d.u.i.k.j.TypeConverter   No LDT found for Meta 
1649       DEBUG main            d.u.i.k.j.TypeConverter   No LDT found for Meta 
1649       DEBUG main            d.u.i.k.j.TypeConverter   No LDT found for Meta 
2830       DEBUG main            d.u.i.k.j.TypeConverter   No LDT found for JavaBigintExpression 
7746       DEBUG main            d.u.i.k.p.i.AbstractProblemLoader Init config took 7.04s 
7848       INFO  main            d.u.i.k.p.i.AbstractProblemLoader Replaying proof ReverseArray[ReverseArray::reverse()].JML normal_behavior operation contract.0 
7894       DEBUG main            d.u.i.k.p.i.IntermediateProofReplayer Proof replay took 29.8ns 
17363      INFO  main            d.u.i.k.p.r.p.TestFile    ... finished proof: closed. 
17567      INFO  main            d.u.i.k.p.i.AbstractProblemLoader Loading environment from /home/runner/work/key/key/key.core/../key.ui/examples/firstTouch/05-ReverseArray/reverseArray.key.proof 
17568      DEBUG main            d.u.i.k.p.i.AbstractProblemLoader Environment load took 846.8ns 
17576      INFO  main            d.u.i.k.p.i.AbstractProblemLoader Creating init config 
20467      DEBUG main            d.u.i.k.p.i.AbstractProblemLoader Init config took 2.89s 
20511      INFO  main            d.u.i.k.p.i.AbstractProblemLoader Replaying proof ReverseArray[ReverseArray::reverse()].JML normal_behavior operation contract.0 
21624      DEBUG main            d.u.i.k.p.i.IntermediateProofReplayer Proof replay took 1.06s 
21634      DEBUG main            d.u.i.k.p.r.p.TestFile    ... success: reloaded. 
21635      INFO  main            d.u.i.k.p.r.p.TestFile    Now processing file /home/runner/work/key/key/key.core/../key.ui/examples/standard_key/arith/saveProofTest.key.proof 
21635      INFO  main            d.u.i.k.p.i.AbstractProblemLoader Loading environment from /home/runner/work/key/key/key.core/../key.ui/examples/standard_key/arith/saveProofTest.key.proof 
21636      DEBUG main            d.u.i.k.p.i.AbstractProblemLoader Environment load took 178ns 
21637      INFO  main            d.u.i.k.p.i.AbstractProblemLoader Creating init config 
24114      DEBUG main            d.u.i.k.p.i.AbstractProblemLoader Init config took 2.48s 
24140      INFO  main            d.u.i.k.p.i.AbstractProblemLoader Replaying proof saveProofTest.key.proof 
24147      DEBUG main            d.u.i.k.p.i.IntermediateProofReplayer Proof replay took 2.68ms 
24147      INFO  main            d.u.i.k.p.r.p.TestFile    ... success: loaded 
24149      INFO  main            d.u.i.k.p.r.p.TestFile    Now processing file /home/runner/work/key/key/key.core/../key.ui/examples/heap/permutedSum/perm.proof 
24149      INFO  main            d.u.i.k.p.i.AbstractProblemLoader Loading environment from /home/runner/work/key/key/key.core/../key.ui/examples/heap/permutedSum/perm.proof 
24149      DEBUG main            d.u.i.k.p.i.AbstractProblemLoader Environment load took 175.5ns 
24152      INFO  main            d.u.i.k.p.i.AbstractProblemLoader Creating init config 
26830      DEBUG main            d.u.i.k.p.i.AbstractProblemLoader Init config took 2.68s 
26913      INFO  main            d.u.i.k.p.i.AbstractProblemLoader Replaying proof Perm[Perm::foo()].JML normal_behavior operation contract.0 
27939      DEBUG main            d.u.i.k.p.i.IntermediateProofReplayer Proof replay took 969.92ms 
27941      INFO  main            d.u.i.k.p.r.p.TestFile    ... success: loaded 
27942      INFO  main            d.u.i.k.p.r.p.TestFile    Now processing file /home/runner/work/key/key/key.core/../key.ui/examples/firstTouch/05-ReverseArray/reverseArray.proof 
27942      INFO  main            d.u.i.k.p.i.AbstractProblemLoader Loading environment from /home/runner/work/key/key/key.core/../key.ui/examples/firstTouch/05-ReverseArray/reverseArray.proof 
27943      DEBUG main            d.u.i.k.p.i.AbstractProblemLoader Environment load took 173.7ns 
27945      INFO  main            d.u.i.k.p.i.AbstractProblemLoader Creating init config 
30548      DEBUG main            d.u.i.k.p.i.AbstractProblemLoader Init config took 2.6s 
30586      INFO  main            d.u.i.k.p.i.AbstractProblemLoader Replaying proof ReverseArray[ReverseArray::reverse()].JML normal_behavior operation contract.0 
31574      DEBUG main            d.u.i.k.p.i.IntermediateProofReplayer Proof replay took 939.25ms 
31576      INFO  main            d.u.i.k.p.r.p.TestFile    ... success: loaded 
31578      INFO  main            d.u.i.k.p.r.p.TestFile    Now processing file /home/runner/work/key/key/key.core/../key.ui/examples/heap/verifyThis15_1_RelaxedPrefix/relax.proof 
31578      INFO  main            d.u.i.k.p.i.AbstractProblemLoader Loading environment from /home/runner/work/key/key/key.core/../key.ui/examples/heap/verifyThis15_1_RelaxedPrefix/relax.proof 
31578      DEBUG main            d.u.i.k.p.i.AbstractProblemLoader Environment load took 160.4ns 
31580      INFO  main            d.u.i.k.p.i.AbstractProblemLoader Creating init config 
34210      DEBUG main            d.u.i.k.p.i.AbstractProblemLoader Init config took 2.63s 
34253      INFO  main            d.u.i.k.p.i.AbstractProblemLoader Replaying proof Relaxed[Relaxed::isRelaxedPrefix([I,[I)].JML operation contract.0 
34707      DEBUG main            d.u.i.k.p.i.IntermediateProofReplayer Proof replay took 438.35ms 
34708      INFO  main            d.u.i.k.p.r.p.TestFile    ... success: loaded 
34710      INFO  main            d.u.i.k.p.r.p.TestFile    Now processing file /home/runner/work/key/key/key.core/../key.ui/examples/heap/verifyThis15_3_DLL/doUndo.proof 
34710      INFO  main            d.u.i.k.p.i.AbstractProblemLoader Loading environment from /home/runner/work/key/key/key.core/../key.ui/examples/heap/verifyThis15_3_DLL/doUndo.proof 
34710      DEBUG main            d.u.i.k.p.i.AbstractProblemLoader Environment load took 166.3ns 
34712      INFO  main            d.u.i.k.p.i.AbstractProblemLoader Creating init config 
35673      DEBUG main            d.u.i.k.j.r.ClassPreparationMethodBuilder clPrepBuilder: Inner Class detected. Reject building class initialisation methods. 
37556      DEBUG main            d.u.i.k.p.i.AbstractProblemLoader Init config took 2.84s 
37659      INFO  main            d.u.i.k.p.i.AbstractProblemLoader Replaying proof DoubleLinkedList[DoubleLinkedList::doUndo(DoubleLinkedList.Node,int)].JML normal_behavior operation contract.0 
38410      DEBUG main            d.u.i.k.p.i.IntermediateProofReplayer Proof replay took 717.09ms 
38411      INFO  main            d.u.i.k.p.r.p.TestFile    ... success: loaded 
38413      INFO  main            d.u.i.k.p.r.p.TestFile    Now processing file /home/runner/work/key/key/key.core/../key.ui/examples/heap/verifyThis15_2_ParallelGcd/parallelGcd.proof 
38413      INFO  main            d.u.i.k.p.i.AbstractProblemLoader Loading environment from /home/runner/work/key/key/key.core/../key.ui/examples/heap/verifyThis15_2_ParallelGcd/parallelGcd.proof 
38414      DEBUG main            d.u.i.k.p.i.AbstractProblemLoader Environment load took 193.7ns 
38416      INFO  main            d.u.i.k.p.i.AbstractProblemLoader Creating init config 
41059      DEBUG main            d.u.i.k.p.i.AbstractProblemLoader Init config took 2.64s 
41109      INFO  main            d.u.i.k.p.i.AbstractProblemLoader Replaying proof ParallelGcd[ParallelGcd::parallelGcd(int,int,[Z)].JML behavior operation contract.0 
41649      DEBUG main            d.u.i.k.p.i.IntermediateProofReplayer Proof replay took 527.54ms 
41650      INFO  main            d.u.i.k.p.r.p.TestFile    ... success: loaded 
4870779    INFO  Test worker     d.u.i.k.p.r.RunAllProofsTestUnit Returning from test reload_examples 
4870781    INFO  Test worker     d.u.i.k.p.r.RunAllProofsTestUnit Running test proofLoadRepair 
383        INFO  Timeout watchdog d.u.i.k.p.r.p.ForkedTestFileRunner Timeout watcher launched (2000 secs.) 
398        WARN  main            d.u.i.k.s.ProofSettings   The settings in /home/runner/.key/proof-settings.props are *not* read. 
443        INFO  main            d.u.i.k.p.r.p.TestFile    Now processing file /home/runner/work/key/key/key.core/../key.ui/examples/proofLoadRepair/disjConj-manipulated.proof 
557        INFO  main            d.u.i.k.p.i.AbstractProblemLoader Loading environment from /home/runner/work/key/key/key.core/../key.ui/examples/proofLoadRepair/disjConj-manipulated.proof 
585        DEBUG main            d.u.i.k.p.i.AbstractProblemLoader Environment load took 1.96ms 
839        INFO  main            d.u.i.k.p.i.AbstractProblemLoader Creating init config 
1755       DEBUG main            d.u.i.k.j.TypeConverter   No LDT found for Meta 
1757       DEBUG main            d.u.i.k.j.TypeConverter   No LDT found for Meta 
1760       DEBUG main            d.u.i.k.j.TypeConverter   No LDT found for Meta 
1760       DEBUG main            d.u.i.k.j.TypeConverter   No LDT found for Meta 
3436       DEBUG main            d.u.i.k.j.TypeConverter   No LDT found for JavaBigintExpression 
8161       DEBUG main            d.u.i.k.p.i.AbstractProblemLoader Init config took 7.32s 
8220       INFO  main            d.u.i.k.p.i.AbstractProblemLoader Replaying proof disjConj-manipulated.proof 
8262       WARN  main            d.u.i.k.p.i.IntermediateProofReplayer Proof contains wrong number of \assumes instatiations for andLeft 
8263       WARN  main            d.u.i.k.p.i.IntermediateProofReplayer Proof contains wrong number of \assumes instatiations for replace_known_right 
8267       WARN  main            d.u.i.k.p.i.IntermediateProofReplayer Proof contains wrong number of \assumes instatiations for close 
8267       DEBUG main            d.u.i.k.p.i.IntermediateProofReplayer Proof replay took 15.99ms 
8271       INFO  main            d.u.i.k.p.r.p.TestFile    ... success: loaded 
8275       INFO  main            d.u.i.k.p.r.p.TestFile    Now processing file /home/runner/work/key/key/key.core/../key.ui/examples/proofLoadRepair/insufficient-manipulated.proof 
8275       INFO  main            d.u.i.k.p.i.AbstractProblemLoader Loading environment from /home/runner/work/key/key/key.core/../key.ui/examples/proofLoadRepair/insufficient-manipulated.proof 
8276       DEBUG main            d.u.i.k.p.i.AbstractProblemLoader Environment load took 217.7ns 
8279       INFO  main            d.u.i.k.p.i.AbstractProblemLoader Creating init config 
11002      DEBUG main            d.u.i.k.p.i.AbstractProblemLoader Init config took 2.72s 
11026      INFO  main            d.u.i.k.p.i.AbstractProblemLoader Replaying proof insufficient-manipulated.proof 
11053      WARN  main            d.u.i.k.p.i.IntermediateProofReplayer Proof contains wrong number of \assumes instatiations for applyEq 
11067      DEBUG main            d.u.i.k.p.i.IntermediateProofReplayer Proof replay took 19.06ms 
11070      INFO  main            d.u.i.k.p.r.p.TestFile    ... success: loading failed 
11071      INFO  main            d.u.i.k.p.r.p.TestFile    Now processing file /home/runner/work/key/key/key.core/../key.ui/examples/../../key.core/src/test/resources/testcase/issues/1716/incorrectPolarity.proof 
11071      INFO  main            d.u.i.k.p.i.AbstractProblemLoader Loading environment from /home/runner/work/key/key/key.core/../key.ui/examples/../../key.core/src/test/resources/testcase/issues/1716/incorrectPolarity.proof 
11071      DEBUG main            d.u.i.k.p.i.AbstractProblemLoader Environment load took 180.9ns 
11074      INFO  main            d.u.i.k.p.i.AbstractProblemLoader Creating init config 
13745      DEBUG main            d.u.i.k.p.i.AbstractProblemLoader Init config took 2.67s 
13774      INFO  main            d.u.i.k.p.i.AbstractProblemLoader Replaying proof incorrectPolarity.proof 
13776      DEBUG main            d.u.i.k.p.i.IntermediateProofReplayer Proof replay took 169.1ns 
13776      INFO  main            d.u.i.k.p.r.p.TestFile    ... success: loading failed 
13777      INFO  main            d.u.i.k.p.r.p.TestFile    Now processing file /home/runner/work/key/key/key.core/../key.ui/examples/../../key.core/src/test/resources/testcase/issues/1716/incorrectPolarity2.proof 
13778      INFO  main            d.u.i.k.p.i.AbstractProblemLoader Loading environment from /home/runner/work/key/key/key.core/../key.ui/examples/../../key.core/src/test/resources/testcase/issues/1716/incorrectPolarity2.proof 
13778      DEBUG main            d.u.i.k.p.i.AbstractProblemLoader Environment load took 171.9ns 
13779      INFO  main            d.u.i.k.p.i.AbstractProblemLoader Creating init config 
16251      DEBUG main            d.u.i.k.p.i.AbstractProblemLoader Init config took 2.47s 
16274      INFO  main            d.u.i.k.p.i.AbstractProblemLoader Replaying proof incorrectPolarity2.proof 
16277      DEBUG main            d.u.i.k.p.i.IntermediateProofReplayer Proof replay took 347ns 
16277      INFO  main            d.u.i.k.p.r.p.TestFile    ... success: loading failed 
16278      INFO  main            d.u.i.k.p.r.p.TestFile    Now processing file /home/runner/work/key/key/key.core/../key.ui/examples/../../key.core/src/test/resources/testcase/issues/1716/incorrectPolarity3.proof 
16278      INFO  main            d.u.i.k.p.i.AbstractProblemLoader Loading environment from /home/runner/work/key/key/key.core/../key.ui/examples/../../key.core/src/test/resources/testcase/issues/1716/incorrectPolarity3.proof 
16279      DEBUG main            d.u.i.k.p.i.AbstractProblemLoader Environment load took 180.1ns 
16280      INFO  main            d.u.i.k.p.i.AbstractProblemLoader Creating init config 
18694      DEBUG main            d.u.i.k.p.i.AbstractProblemLoader Init config took 2.41s 
18715      INFO  main            d.u.i.k.p.i.AbstractProblemLoader Replaying proof incorrectPolarity3.proof 
18718      DEBUG main            d.u.i.k.p.i.IntermediateProofReplayer Proof replay took 1.52ms 
18719      INFO  main            d.u.i.k.p.r.p.TestFile    ... success: loading failed 
4889671    INFO  Test worker     d.u.i.k.p.r.RunAllProofsTestUnit Returning from test proofLoadRepair 
4889672    INFO  Test worker     d.u.i.k.p.r.RunAllProofsTestUnit Running test switch 
312        INFO  Timeout watchdog d.u.i.k.p.r.p.ForkedTestFileRunner Timeout watcher launched (2000 secs.) 
316        WARN  main            d.u.i.k.s.ProofSettings   The settings in /home/runner/.key/proof-settings.props are *not* read. 
344        INFO  main            d.u.i.k.p.r.p.TestFile    Now processing file /home/runner/work/key/key/key.core/../key.ui/examples/standard_key/java_dl/switch/labeled_case.key 
480        INFO  main            d.u.i.k.p.i.AbstractProblemLoader Loading environment from /home/runner/work/key/key/key.core/../key.ui/examples/standard_key/java_dl/switch/labeled_case.key 
499        DEBUG main            d.u.i.k.p.i.AbstractProblemLoader Environment load took 2.21ms 
740        INFO  main            d.u.i.k.p.i.AbstractProblemLoader Creating init config 
1580       DEBUG main            d.u.i.k.j.TypeConverter   No LDT found for Meta 
1581       DEBUG main            d.u.i.k.j.TypeConverter   No LDT found for Meta 
1584       DEBUG main            d.u.i.k.j.TypeConverter   No LDT found for Meta 
1584       DEBUG main            d.u.i.k.j.TypeConverter   No LDT found for Meta 
2798       DEBUG main            d.u.i.k.j.TypeConverter   No LDT found for JavaBigintExpression 
7807       DEBUG main            d.u.i.k.p.i.AbstractProblemLoader Init config took 7.07s 
7971       INFO  main            d.u.i.k.p.i.AbstractProblemLoader Replaying proof LabeledCase[LabeledCase::m(int)].JML normal_behavior operation contract.0 
8004       DEBUG main            d.u.i.k.p.i.IntermediateProofReplayer Proof replay took 31.7ns 
8632       INFO  main            d.u.i.k.p.r.p.TestFile    ... finished proof: closed. 
8728       INFO  main            d.u.i.k.p.i.AbstractProblemLoader Loading environment from /home/runner/work/key/key/key.core/../key.ui/examples/standard_key/java_dl/switch/labeled_case.key.proof 
8729       DEBUG main            d.u.i.k.p.i.AbstractProblemLoader Environment load took 937.1ns 
8731       INFO  main            d.u.i.k.p.i.AbstractProblemLoader Creating init config 
11411      DEBUG main            d.u.i.k.p.i.AbstractProblemLoader Init config took 2.68s 
11470      INFO  main            d.u.i.k.p.i.AbstractProblemLoader Replaying proof LabeledCase[LabeledCase::m(int)].JML normal_behavior operation contract.0 
11591      DEBUG main            d.u.i.k.p.i.IntermediateProofReplayer Proof replay took 116.5ms 
11606      DEBUG main            d.u.i.k.p.r.p.TestFile    ... success: reloaded. 
11607      INFO  main            d.u.i.k.p.r.p.TestFile    Now processing file /home/runner/work/key/key/key.core/../key.ui/examples/standard_key/java_dl/switch/empty_switch.key 
11607      INFO  main            d.u.i.k.p.i.AbstractProblemLoader Loading environment from /home/runner/work/key/key/key.core/../key.ui/examples/standard_key/java_dl/switch/empty_switch.key 
11609      DEBUG main            d.u.i.k.p.i.AbstractProblemLoader Environment load took 1.85ms 
11610      INFO  main            d.u.i.k.p.i.AbstractProblemLoader Creating init config 
14156      DEBUG main            d.u.i.k.p.i.AbstractProblemLoader Init config took 2.55s 
14193      INFO  main            d.u.i.k.p.i.AbstractProblemLoader Replaying proof empty_switch.key 
14199      DEBUG main            d.u.i.k.p.i.IntermediateProofReplayer Proof replay took 8.1ns 
14303      INFO  main            d.u.i.k.p.r.p.TestFile    ... finished proof: closed. 
14418      INFO  main            d.u.i.k.p.i.AbstractProblemLoader Loading environment from /home/runner/work/key/key/key.core/../key.ui/examples/standard_key/java_dl/switch/empty_switch.key.proof 
14418      DEBUG main            d.u.i.k.p.i.AbstractProblemLoader Environment load took 120.2ns 
14420      INFO  main            d.u.i.k.p.i.AbstractProblemLoader Creating init config 
16959      DEBUG main            d.u.i.k.p.i.AbstractProblemLoader Init config took 2.54s 
16982      INFO  main            d.u.i.k.p.i.AbstractProblemLoader Replaying proof empty_switch.key.proof 
16986      DEBUG main            d.u.i.k.p.i.IntermediateProofReplayer Proof replay took 1.94ms 
16987      DEBUG main            d.u.i.k.p.r.p.TestFile    ... success: reloaded. 
16987      INFO  main            d.u.i.k.p.r.p.TestFile    Now processing file /home/runner/work/key/key/key.core/../key.ui/examples/standard_key/java_dl/switch/empty_switch_null.key 
16988      INFO  main            d.u.i.k.p.i.AbstractProblemLoader Loading environment from /home/runner/work/key/key/key.core/../key.ui/examples/standard_key/java_dl/switch/empty_switch_null.key 
16988      DEBUG main            d.u.i.k.p.i.AbstractProblemLoader Environment load took 174.3ns 
16989      INFO  main            d.u.i.k.p.i.AbstractProblemLoader Creating init config 
19403      DEBUG main            d.u.i.k.p.i.AbstractProblemLoader Init config took 2.41s 
19423      INFO  main            d.u.i.k.p.i.AbstractProblemLoader Replaying proof empty_switch_null.key 
19425      DEBUG main            d.u.i.k.p.i.IntermediateProofReplayer Proof replay took 5.5ns 
19631      INFO  main            d.u.i.k.p.r.p.TestFile    ... finished proof: closed. 
19756      INFO  main            d.u.i.k.p.i.AbstractProblemLoader Loading environment from /home/runner/work/key/key/key.core/../key.ui/examples/standard_key/java_dl/switch/empty_switch_null.key.proof 
19756      DEBUG main            d.u.i.k.p.i.AbstractProblemLoader Environment load took 128ns 
19759      INFO  main            d.u.i.k.p.i.AbstractProblemLoader Creating init config 
22149      DEBUG main            d.u.i.k.p.i.AbstractProblemLoader Init config took 2.39s 
22170      INFO  main            d.u.i.k.p.i.AbstractProblemLoader Replaying proof empty_switch_null.key.proof 
22200      DEBUG main            d.u.i.k.p.i.IntermediateProofReplayer Proof replay took 27.71ms 
22201      DEBUG main            d.u.i.k.p.r.p.TestFile    ... success: reloaded. 
22202      INFO  main            d.u.i.k.p.r.p.TestFile    Now processing file /home/runner/work/key/key/key.core/../key.ui/examples/standard_key/java_dl/switch/empty_switch_null_catch.key 
22202      INFO  main            d.u.i.k.p.i.AbstractProblemLoader Loading environment from /home/runner/work/key/key/key.core/../key.ui/examples/standard_key/java_dl/switch/empty_switch_null_catch.key 
22203      DEBUG main            d.u.i.k.p.i.AbstractProblemLoader Environment load took 168.3ns 
22204      INFO  main            d.u.i.k.p.i.AbstractProblemLoader Creating init config 
24574      DEBUG main            d.u.i.k.p.i.AbstractProblemLoader Init config took 2.37s 
24594      INFO  main            d.u.i.k.p.i.AbstractProblemLoader Replaying proof empty_switch_null_catch.key 
24596      DEBUG main            d.u.i.k.p.i.IntermediateProofReplayer Proof replay took 5.6ns 
24699      INFO  main            d.u.i.k.p.r.p.TestFile    ... finished proof: closed. 
24832      INFO  main            d.u.i.k.p.i.AbstractProblemLoader Loading environment from /home/runner/work/key/key/key.core/../key.ui/examples/standard_key/java_dl/switch/empty_switch_null_catch.key.proof 
24832      DEBUG main            d.u.i.k.p.i.AbstractProblemLoader Environment load took 121.7ns 
24834      INFO  main            d.u.i.k.p.i.AbstractProblemLoader Creating init config 
27167      DEBUG main            d.u.i.k.p.i.AbstractProblemLoader Init config took 2.33s 
27188      INFO  main            d.u.i.k.p.i.AbstractProblemLoader Replaying proof empty_switch_null_catch.key.proof 
27224      DEBUG main            d.u.i.k.p.i.IntermediateProofReplayer Proof replay took 33.73ms 
27225      DEBUG main            d.u.i.k.p.r.p.TestFile    ... success: reloaded. 
27226      INFO  main            d.u.i.k.p.r.p.TestFile    Now processing file /home/runner/work/key/key/key.core/../key.ui/examples/standard_key/java_dl/switch/empty_switch_array_out_of_bounds.key 
27226      INFO  main            d.u.i.k.p.i.AbstractProblemLoader Loading environment from /home/runner/work/key/key/key.core/../key.ui/examples/standard_key/java_dl/switch/empty_switch_array_out_of_bounds.key 
27226      DEBUG main            d.u.i.k.p.i.AbstractProblemLoader Environment load took 154.8ns 
27227      INFO  main            d.u.i.k.p.i.AbstractProblemLoader Creating init config 
29589      DEBUG main            d.u.i.k.p.i.AbstractProblemLoader Init config took 2.36s 
29609      INFO  main            d.u.i.k.p.i.AbstractProblemLoader Replaying proof empty_switch_array_out_of_bounds.key 
29611      DEBUG main            d.u.i.k.p.i.IntermediateProofReplayer Proof replay took 5.6ns 
29814      INFO  main            d.u.i.k.p.r.p.TestFile    ... finished proof: closed. 
29960      INFO  main            d.u.i.k.p.i.AbstractProblemLoader Loading environment from /home/runner/work/key/key/key.core/../key.ui/examples/standard_key/java_dl/switch/empty_switch_array_out_of_bounds.key.proof 
29960      DEBUG main            d.u.i.k.p.i.AbstractProblemLoader Environment load took 124.8ns 
29961      INFO  main            d.u.i.k.p.i.AbstractProblemLoader Creating init config 
32274      DEBUG main            d.u.i.k.p.i.AbstractProblemLoader Init config took 2.31s 
32293      INFO  main            d.u.i.k.p.i.AbstractProblemLoader Replaying proof empty_switch_array_out_of_bounds.key.proof 
32344      DEBUG main            d.u.i.k.p.i.IntermediateProofReplayer Proof replay took 47.45ms 
32345      DEBUG main            d.u.i.k.p.r.p.TestFile    ... success: reloaded. 
32346      INFO  main            d.u.i.k.p.r.p.TestFile    Now processing file /home/runner/work/key/key/key.core/../key.ui/examples/standard_key/java_dl/switch/empty_switch_array_out_of_bounds_catch.key 
32346      INFO  main            d.u.i.k.p.i.AbstractProblemLoader Loading environment from /home/runner/work/key/key/key.core/../key.ui/examples/standard_key/java_dl/switch/empty_switch_array_out_of_bounds_catch.key 
32346      DEBUG main            d.u.i.k.p.i.AbstractProblemLoader Environment load took 182.1ns 
32347      INFO  main            d.u.i.k.p.i.AbstractProblemLoader Creating init config 
34681      DEBUG main            d.u.i.k.p.i.AbstractProblemLoader Init config took 2.33s 
34701      INFO  main            d.u.i.k.p.i.AbstractProblemLoader Replaying proof empty_switch_array_out_of_bounds_catch.key 
34704      DEBUG main            d.u.i.k.p.i.IntermediateProofReplayer Proof replay took 5.9ns 
34907      INFO  main            d.u.i.k.p.r.p.TestFile    ... finished proof: closed. 
35070      INFO  main            d.u.i.k.p.i.AbstractProblemLoader Loading environment from /home/runner/work/key/key/key.core/../key.ui/examples/standard_key/java_dl/switch/empty_switch_array_out_of_bounds_catch.key.proof 
35070      DEBUG main            d.u.i.k.p.i.AbstractProblemLoader Environment load took 113.3ns 
35071      INFO  main            d.u.i.k.p.i.AbstractProblemLoader Creating init config 
37444      DEBUG main            d.u.i.k.p.i.AbstractProblemLoader Init config took 2.37s 
37476      INFO  main            d.u.i.k.p.i.AbstractProblemLoader Replaying proof empty_switch_array_out_of_bounds_catch.key.proof 
37511      DEBUG main            d.u.i.k.p.i.IntermediateProofReplayer Proof replay took 32.1ms 
37512      DEBUG main            d.u.i.k.p.r.p.TestFile    ... success: reloaded. 
37514      INFO  main            d.u.i.k.p.r.p.TestFile    Now processing file /home/runner/work/key/key/key.core/../key.ui/examples/standard_key/java_dl/switch/switch_in_switch.key 
37514      INFO  main            d.u.i.k.p.i.AbstractProblemLoader Loading environment from /home/runner/work/key/key/key.core/../key.ui/examples/standard_key/java_dl/switch/switch_in_switch.key 
37514      DEBUG main            d.u.i.k.p.i.AbstractProblemLoader Environment load took 155.6ns 
37515      INFO  main            d.u.i.k.p.i.AbstractProblemLoader Creating init config 
39936      DEBUG main            d.u.i.k.p.i.AbstractProblemLoader Init config took 2.42s 
39987      INFO  main            d.u.i.k.p.i.AbstractProblemLoader Replaying proof SwitchInSwitch[SwitchInSwitch::m(int)].JML normal_behavior operation contract.0 
39988      DEBUG main            d.u.i.k.p.i.IntermediateProofReplayer Proof replay took 5.6ns 
43964      INFO  main            d.u.i.k.p.r.p.TestFile    ... finished proof: closed. 
44194      INFO  main            d.u.i.k.p.i.AbstractProblemLoader Loading environment from /home/runner/work/key/key/key.core/../key.ui/examples/standard_key/java_dl/switch/switch_in_switch.key.proof 
44194      DEBUG main            d.u.i.k.p.i.AbstractProblemLoader Environment load took 323.1ns 
44196      INFO  main            d.u.i.k.p.i.AbstractProblemLoader Creating init config 
46570      DEBUG main            d.u.i.k.p.i.AbstractProblemLoader Init config took 2.37s 
46611      INFO  main            d.u.i.k.p.i.AbstractProblemLoader Replaying proof SwitchInSwitch[SwitchInSwitch::m(int)].JML normal_behavior operation contract.0 
47048      DEBUG main            d.u.i.k.p.i.IntermediateProofReplayer Proof replay took 410.34ms 
47049      DEBUG main            d.u.i.k.p.r.p.TestFile    ... success: reloaded. 
47050      INFO  main            d.u.i.k.p.r.p.TestFile    Now processing file /home/runner/work/key/key/key.core/../key.ui/examples/standard_key/java_dl/switch/while_and_switch.key 
47050      INFO  main            d.u.i.k.p.i.AbstractProblemLoader Loading environment from /home/runner/work/key/key/key.core/../key.ui/examples/standard_key/java_dl/switch/while_and_switch.key 
47051      DEBUG main            d.u.i.k.p.i.AbstractProblemLoader Environment load took 306.3ns 
47052      INFO  main            d.u.i.k.p.i.AbstractProblemLoader Creating init config 
49524      DEBUG main            d.u.i.k.p.i.AbstractProblemLoader Init config took 2.47s 
49564      INFO  main            d.u.i.k.p.i.AbstractProblemLoader Replaying proof WhileAndSwitch[WhileAndSwitch::m(int)].JML normal_behavior operation contract.0 
49566      DEBUG main            d.u.i.k.p.i.IntermediateProofReplayer Proof replay took 5.2ns 
50273      INFO  main            d.u.i.k.p.r.p.TestFile    ... finished proof: closed. 
50456      INFO  main            d.u.i.k.p.i.AbstractProblemLoader Loading environment from /home/runner/work/key/key/key.core/../key.ui/examples/standard_key/java_dl/switch/while_and_switch.key.proof 
50459      DEBUG main            d.u.i.k.p.i.AbstractProblemLoader Environment load took 2.36ms 
50460      INFO  main            d.u.i.k.p.i.AbstractProblemLoader Creating init config 
52843      DEBUG main            d.u.i.k.p.i.AbstractProblemLoader Init config took 2.38s 
52889      INFO  main            d.u.i.k.p.i.AbstractProblemLoader Replaying proof WhileAndSwitch[WhileAndSwitch::m(int)].JML normal_behavior operation contract.0 
53020      DEBUG main            d.u.i.k.p.i.IntermediateProofReplayer Proof replay took 123.8ms 
53023      DEBUG main            d.u.i.k.p.r.p.TestFile    ... success: reloaded. 
53025      INFO  main            d.u.i.k.p.r.p.TestFile    Now processing file /home/runner/work/key/key/key.core/../key.ui/examples/standard_key/java_dl/switch/large_switch.key 
53027      INFO  main            d.u.i.k.p.i.AbstractProblemLoader Loading environment from /home/runner/work/key/key/key.core/../key.ui/examples/standard_key/java_dl/switch/large_switch.key 
53027      DEBUG main            d.u.i.k.p.i.AbstractProblemLoader Environment load took 186.6ns 
53028      INFO  main            d.u.i.k.p.i.AbstractProblemLoader Creating init config 
55443      DEBUG main            d.u.i.k.p.i.AbstractProblemLoader Init config took 2.41s 
55480      INFO  main            d.u.i.k.p.i.AbstractProblemLoader Replaying proof LargeSwitch[LargeSwitch::m(int)].JML normal_behavior operation contract.0 
55481      DEBUG main            d.u.i.k.p.i.IntermediateProofReplayer Proof replay took 5.7ns 
56703      INFO  main            d.u.i.k.p.r.p.TestFile    ... finished proof: closed. 
56882      INFO  main            d.u.i.k.p.i.AbstractProblemLoader Loading environment from /home/runner/work/key/key/key.core/../key.ui/examples/standard_key/java_dl/switch/large_switch.key.proof 
56885      DEBUG main            d.u.i.k.p.i.AbstractProblemLoader Environment load took 2.32ms 
56887      INFO  main            d.u.i.k.p.i.AbstractProblemLoader Creating init config 
59251      DEBUG main            d.u.i.k.p.i.AbstractProblemLoader Init config took 2.36s 
59290      INFO  main            d.u.i.k.p.i.AbstractProblemLoader Replaying proof LargeSwitch[LargeSwitch::m(int)].JML normal_behavior operation contract.0 
59601      DEBUG main            d.u.i.k.p.i.IntermediateProofReplayer Proof replay took 295.27ms 
59602      DEBUG main            d.u.i.k.p.r.p.TestFile    ... success: reloaded. 
4949447    INFO  Test worker     d.u.i.k.p.r.RunAllProofsTestUnit Returning from test switch 
4949448    INFO  Test worker     d.u.i.k.p.r.RunAllProofsTestUnit Running test redux 
318        INFO  Timeout watchdog d.u.i.k.p.r.p.ForkedTestFileRunner Timeout watcher launched (2000 secs.) 
330        WARN  main            d.u.i.k.s.ProofSettings   The settings in /home/runner/.key/proof-settings.props are *not* read. 
361        INFO  main            d.u.i.k.p.r.p.TestFile    Now processing file /home/runner/work/key/key/key.core/../key.ui/examples/redux/arrays/Arrays.copyOf.key 
464        INFO  main            d.u.i.k.p.i.AbstractProblemLoader Loading environment from /home/runner/work/key/key/key.core/../key.ui/examples/redux/arrays/Arrays.copyOf.key 
480        DEBUG main            d.u.i.k.p.i.AbstractProblemLoader Environment load took 1.85ms 
684        INFO  main            d.u.i.k.p.i.AbstractProblemLoader Creating init config 
1522       DEBUG main            d.u.i.k.j.TypeConverter   No LDT found for Meta 
1523       DEBUG main            d.u.i.k.j.TypeConverter   No LDT found for Meta 
1524       DEBUG main            d.u.i.k.j.TypeConverter   No LDT found for Meta 
1524       DEBUG main            d.u.i.k.j.TypeConverter   No LDT found for Meta 
2744       DEBUG main            d.u.i.k.j.TypeConverter   No LDT found for JavaBigintExpression 
8137       DEBUG main            d.u.i.k.p.i.AbstractProblemLoader Init config took 7.45s 
8259       INFO  main            d.u.i.k.p.i.AbstractProblemLoader Replaying proof Arrays[Arrays::copyOf([I,int)].JML normal_behavior operation contract.0 
8288       DEBUG main            d.u.i.k.p.i.IntermediateProofReplayer Proof replay took 29.1ns 
13226      INFO  main            d.u.i.k.p.r.p.TestFile    ... finished proof: closed. 
13376      INFO  main            d.u.i.k.p.i.AbstractProblemLoader Loading environment from /home/runner/work/key/key/key.core/../key.ui/examples/redux/arrays/Arrays.copyOf.key.proof 
13376      DEBUG main            d.u.i.k.p.i.AbstractProblemLoader Environment load took 378.8ns 
13379      INFO  main            d.u.i.k.p.i.AbstractProblemLoader Creating init config 
16602      DEBUG main            d.u.i.k.p.i.AbstractProblemLoader Init config took 3.22s 
16674      INFO  main            d.u.i.k.p.i.AbstractProblemLoader Replaying proof Arrays[Arrays::copyOf([I,int)].JML normal_behavior operation contract.0 
17157      DEBUG main            d.u.i.k.p.i.IntermediateProofReplayer Proof replay took 457.53ms 
17165      DEBUG main            d.u.i.k.p.r.p.TestFile    ... success: reloaded. 
17166      INFO  main            d.u.i.k.p.r.p.TestFile    Now processing file /home/runner/work/key/key/key.core/../key.ui/examples/redux/arrays/Arrays.copyOf.float.key 
17166      INFO  main            d.u.i.k.p.i.AbstractProblemLoader Loading environment from /home/runner/work/key/key/key.core/../key.ui/examples/redux/arrays/Arrays.copyOf.float.key 
17166      DEBUG main            d.u.i.k.p.i.AbstractProblemLoader Environment load took 178.9ns 
17168      INFO  main            d.u.i.k.p.i.AbstractProblemLoader Creating init config 
20339      DEBUG main            d.u.i.k.p.i.AbstractProblemLoader Init config took 3.17s 
20408      INFO  main            d.u.i.k.p.i.AbstractProblemLoader Replaying proof Arrays[Arrays::copyOf([F,int)].JML normal_behavior operation contract.0 
20410      DEBUG main            d.u.i.k.p.i.IntermediateProofReplayer Proof replay took 4.5ns 
20433      DEBUG main            d.u.i.k.m.s.ProofScriptEngine 1: 'macro autopilot' 
24574      DEBUG main            d.u.i.k.m.s.ProofScriptEngine 2: 'smt solver=Z3' 
24659      INFO  main            d.u.i.k.m.s.SMTCommand    Finished run on goal 17 in 59ms, result is valid 
24659      DEBUG main            d.u.i.k.m.s.ProofScriptEngine 3: 'tryclose' 
26215      INFO  main            d.u.i.k.p.r.p.TestFile    ... finished proof: closed. 
26380      INFO  main            d.u.i.k.p.i.AbstractProblemLoader Loading environment from /home/runner/work/key/key/key.core/../key.ui/examples/redux/arrays/Arrays.copyOf.float.key.proof 
26381      DEBUG main            d.u.i.k.p.i.AbstractProblemLoader Environment load took 1.65ms 
26388      INFO  main            d.u.i.k.p.i.AbstractProblemLoader Creating init config 
29458      DEBUG main            d.u.i.k.p.i.AbstractProblemLoader Init config took 3.07s 
29514      INFO  main            d.u.i.k.p.i.AbstractProblemLoader Replaying proof Arrays[Arrays::copyOf([F,int)].JML normal_behavior operation contract.0 
29593      INFO  main            d.u.i.k.s.SMTFocusResults Analyzing unsat core: (L_6) 
30219      DEBUG main            d.u.i.k.p.i.IntermediateProofReplayer Proof replay took 677.54ms 
30221      DEBUG main            d.u.i.k.p.r.p.TestFile    ... success: reloaded. 
30222      INFO  main            d.u.i.k.p.r.p.TestFile    Now processing file /home/runner/work/key/key/key.core/../key.ui/examples/redux/arrays/Arrays.copyOfRange.key 
30222      INFO  main            d.u.i.k.p.i.AbstractProblemLoader Loading environment from /home/runner/work/key/key/key.core/../key.ui/examples/redux/arrays/Arrays.copyOfRange.key 
30222      DEBUG main            d.u.i.k.p.i.AbstractProblemLoader Environment load took 172.2ns 
30223      INFO  main            d.u.i.k.p.i.AbstractProblemLoader Creating init config 
33352      DEBUG main            d.u.i.k.p.i.AbstractProblemLoader Init config took 3.13s 
33399      INFO  main            d.u.i.k.p.i.AbstractProblemLoader Replaying proof Arrays[Arrays::copyOfRange([I,int,int)].JML normal_behavior operation contract.0 
33400      DEBUG main            d.u.i.k.p.i.IntermediateProofReplayer Proof replay took 4.9ns 
37646      INFO  main            d.u.i.k.p.r.p.TestFile    ... finished proof: closed. 
37857      INFO  main            d.u.i.k.p.i.AbstractProblemLoader Loading environment from /home/runner/work/key/key/key.core/../key.ui/examples/redux/arrays/Arrays.copyOfRange.key.proof 
37857      DEBUG main            d.u.i.k.p.i.AbstractProblemLoader Environment load took 329.6ns 
37859      INFO  main            d.u.i.k.p.i.AbstractProblemLoader Creating init config 
40829      DEBUG main            d.u.i.k.p.i.AbstractProblemLoader Init config took 2.97s 
40873      INFO  main            d.u.i.k.p.i.AbstractProblemLoader Replaying proof Arrays[Arrays::copyOfRange([I,int,int)].JML normal_behavior operation contract.0 
41365      DEBUG main            d.u.i.k.p.i.IntermediateProofReplayer Proof replay took 470.64ms 
41367      DEBUG main            d.u.i.k.p.r.p.TestFile    ... success: reloaded. 
41368      INFO  main            d.u.i.k.p.r.p.TestFile    Now processing file /home/runner/work/key/key/key.core/../key.ui/examples/redux/arrays/Arrays.copyOfRange.float.key 
41368      INFO  main            d.u.i.k.p.i.AbstractProblemLoader Loading environment from /home/runner/work/key/key/key.core/../key.ui/examples/redux/arrays/Arrays.copyOfRange.float.key 
41368      DEBUG main            d.u.i.k.p.i.AbstractProblemLoader Environment load took 169.3ns 
41369      INFO  main            d.u.i.k.p.i.AbstractProblemLoader Creating init config 
44493      DEBUG main            d.u.i.k.p.i.AbstractProblemLoader Init config took 3.12s 
44545      INFO  main            d.u.i.k.p.i.AbstractProblemLoader Replaying proof Arrays[Arrays::copyOfRange([F,int,int)].JML normal_behavior operation contract.0 
44548      DEBUG main            d.u.i.k.p.i.IntermediateProofReplayer Proof replay took 5.5ns 
44549      DEBUG main            d.u.i.k.m.s.ProofScriptEngine 1: 'macro autopilot' 
50042      DEBUG main            d.u.i.k.m.s.ProofScriptEngine 2: 'smt solver=Z3' 
50081      INFO  main            d.u.i.k.m.s.SMTCommand    Finished run on goal 27 in 30ms, result is valid 
50081      DEBUG main            d.u.i.k.m.s.ProofScriptEngine 3: 'tryclose' 
53378      INFO  main            d.u.i.k.p.r.p.TestFile    ... finished proof: closed. 
53557      INFO  main            d.u.i.k.p.i.AbstractProblemLoader Loading environment from /home/runner/work/key/key/key.core/../key.ui/examples/redux/arrays/Arrays.copyOfRange.float.key.proof 
53557      DEBUG main            d.u.i.k.p.i.AbstractProblemLoader Environment load took 319.5ns 
53559      INFO  main            d.u.i.k.p.i.AbstractProblemLoader Creating init config 
56554      DEBUG main            d.u.i.k.p.i.AbstractProblemLoader Init config took 3s 
56613      INFO  main            d.u.i.k.p.i.AbstractProblemLoader Replaying proof Arrays[Arrays::copyOfRange([F,int,int)].JML normal_behavior operation contract.0 
56694      INFO  main            d.u.i.k.s.SMTFocusResults Analyzing unsat core: (L_8) 
57574      DEBUG main            d.u.i.k.p.i.IntermediateProofReplayer Proof replay took 929.85ms 
57576      DEBUG main            d.u.i.k.p.r.p.TestFile    ... success: reloaded. 
57576      INFO  main            d.u.i.k.p.r.p.TestFile    Now processing file /home/runner/work/key/key/key.core/../key.ui/examples/redux/arrays/Arrays.equals.key 
57577      INFO  main            d.u.i.k.p.i.AbstractProblemLoader Loading environment from /home/runner/work/key/key/key.core/../key.ui/examples/redux/arrays/Arrays.equals.key 
57577      DEBUG main            d.u.i.k.p.i.AbstractProblemLoader Environment load took 74.3ns 
57577      INFO  main            d.u.i.k.p.i.AbstractProblemLoader Creating init config 
60669      DEBUG main            d.u.i.k.p.i.AbstractProblemLoader Init config took 3.09s 
60714      INFO  main            d.u.i.k.p.i.AbstractProblemLoader Replaying proof Arrays[Arrays::equals([B,[B)].JML normal_behavior operation contract.0 
60715      DEBUG main            d.u.i.k.p.i.IntermediateProofReplayer Proof replay took 5.2ns 
61219      INFO  main            d.u.i.k.p.r.p.TestFile    ... finished proof: closed. 
61437      INFO  main            d.u.i.k.p.i.AbstractProblemLoader Loading environment from /home/runner/work/key/key/key.core/../key.ui/examples/redux/arrays/Arrays.equals.key.proof 
61438      DEBUG main            d.u.i.k.p.i.AbstractProblemLoader Environment load took 333.2ns 
61439      INFO  main            d.u.i.k.p.i.AbstractProblemLoader Creating init config 
64432      DEBUG main            d.u.i.k.p.i.AbstractProblemLoader Init config took 2.99s 
64473      INFO  main            d.u.i.k.p.i.AbstractProblemLoader Replaying proof Arrays[Arrays::equals([B,[B)].JML normal_behavior operation contract.0 
64611      DEBUG main            d.u.i.k.p.i.IntermediateProofReplayer Proof replay took 134.47ms 
64612      DEBUG main            d.u.i.k.p.r.p.TestFile    ... success: reloaded. 
64613      INFO  main            d.u.i.k.p.r.p.TestFile    Now processing file /home/runner/work/key/key/key.core/../key.ui/examples/redux/arrays/Arrays.fill.key 
64613      INFO  main            d.u.i.k.p.i.AbstractProblemLoader Loading environment from /home/runner/work/key/key/key.core/../key.ui/examples/redux/arrays/Arrays.fill.key 
64614      DEBUG main            d.u.i.k.p.i.AbstractProblemLoader Environment load took 163.1ns 
64614      INFO  main            d.u.i.k.p.i.AbstractProblemLoader Creating init config 
67588      DEBUG main            d.u.i.k.p.i.AbstractProblemLoader Init config took 2.97s 
67629      INFO  main            d.u.i.k.p.i.AbstractProblemLoader Replaying proof Arrays[Arrays::fill([I,int)].JML normal_behavior operation contract.0 
67630      DEBUG main            d.u.i.k.p.i.IntermediateProofReplayer Proof replay took 6.3ns 
67832      INFO  main            d.u.i.k.p.r.p.TestFile    ... finished proof: closed. 
67978      INFO  main            d.u.i.k.p.i.AbstractProblemLoader Loading environment from /home/runner/work/key/key/key.core/../key.ui/examples/redux/arrays/Arrays.fill.key.proof 
67978      DEBUG main            d.u.i.k.p.i.AbstractProblemLoader Environment load took 111.4ns 
67979      INFO  main            d.u.i.k.p.i.AbstractProblemLoader Creating init config 
70915      DEBUG main            d.u.i.k.p.i.AbstractProblemLoader Init config took 2.94s 
70954      INFO  main            d.u.i.k.p.i.AbstractProblemLoader Replaying proof Arrays[Arrays::fill([I,int)].JML normal_behavior operation contract.0 
70986      DEBUG main            d.u.i.k.p.i.IntermediateProofReplayer Proof replay took 30.41ms 
70987      DEBUG main            d.u.i.k.p.r.p.TestFile    ... success: reloaded. 
70988      INFO  main            d.u.i.k.p.r.p.TestFile    Now processing file /home/runner/work/key/key/key.core/../key.ui/examples/redux/arrays/Arrays.fill.float.key 
70988      INFO  main            d.u.i.k.p.i.AbstractProblemLoader Loading environment from /home/runner/work/key/key/key.core/../key.ui/examples/redux/arrays/Arrays.fill.float.key 
70989      DEBUG main            d.u.i.k.p.i.AbstractProblemLoader Environment load took 159.9ns 
70990      INFO  main            d.u.i.k.p.i.AbstractProblemLoader Creating init config 
73954      DEBUG main            d.u.i.k.p.i.AbstractProblemLoader Init config took 2.96s 
73991      INFO  main            d.u.i.k.p.i.AbstractProblemLoader Replaying proof Arrays[Arrays::fill([F,float)].JML normal_behavior operation contract.0 
73992      DEBUG main            d.u.i.k.p.i.IntermediateProofReplayer Proof replay took 5.4ns 
74198      INFO  main            d.u.i.k.p.r.p.TestFile    ... finished proof: closed. 
74350      INFO  main            d.u.i.k.p.i.AbstractProblemLoader Loading environment from /home/runner/work/key/key/key.core/../key.ui/examples/redux/arrays/Arrays.fill.float.key.proof 
74350      DEBUG main            d.u.i.k.p.i.AbstractProblemLoader Environment load took 112.4ns 
74351      INFO  main            d.u.i.k.p.i.AbstractProblemLoader Creating init config 
77295      DEBUG main            d.u.i.k.p.i.AbstractProblemLoader Init config took 2.94s 
77338      INFO  main            d.u.i.k.p.i.AbstractProblemLoader Replaying proof Arrays[Arrays::fill([F,float)].JML normal_behavior operation contract.0 
77378      DEBUG main            d.u.i.k.p.i.IntermediateProofReplayer Proof replay took 37.75ms 
77379      DEBUG main            d.u.i.k.p.r.p.TestFile    ... success: reloaded. 
77380      INFO  main            d.u.i.k.p.r.p.TestFile    Now processing file /home/runner/work/key/key/key.core/../key.ui/examples/redux/arrays/Arrays.fillFromTo.key 
77380      INFO  main            d.u.i.k.p.i.AbstractProblemLoader Loading environment from /home/runner/work/key/key/key.core/../key.ui/examples/redux/arrays/Arrays.fillFromTo.key 
77380      DEBUG main            d.u.i.k.p.i.AbstractProblemLoader Environment load took 128.6ns 
77381      INFO  main            d.u.i.k.p.i.AbstractProblemLoader Creating init config 
80354      DEBUG main            d.u.i.k.p.i.AbstractProblemLoader Init config took 2.97s 
80390      INFO  main            d.u.i.k.p.i.AbstractProblemLoader Replaying proof Arrays[Arrays::fill([I,int,int,int)].JML normal_behavior operation contract.0 
80391      DEBUG main            d.u.i.k.p.i.IntermediateProofReplayer Proof replay took 5.5ns 
80895      INFO  main            d.u.i.k.p.r.p.TestFile    ... finished proof: closed. 
81147      INFO  main            d.u.i.k.p.i.AbstractProblemLoader Loading environment from /home/runner/work/key/key/key.core/../key.ui/examples/redux/arrays/Arrays.fillFromTo.key.proof 
81148      DEBUG main            d.u.i.k.p.i.AbstractProblemLoader Environment load took 335.1ns 
81149      INFO  main            d.u.i.k.p.i.AbstractProblemLoader Creating init config 
84075      DEBUG main            d.u.i.k.p.i.AbstractProblemLoader Init config took 2.93s 
84121      INFO  main            d.u.i.k.p.i.AbstractProblemLoader Replaying proof Arrays[Arrays::fill([I,int,int,int)].JML normal_behavior operation contract.0 
84227      DEBUG main            d.u.i.k.p.i.IntermediateProofReplayer Proof replay took 102.41ms 
84228      DEBUG main            d.u.i.k.p.r.p.TestFile    ... success: reloaded. 
84229      INFO  main            d.u.i.k.p.r.p.TestFile    Now processing file /home/runner/work/key/key/key.core/../key.ui/examples/redux/arrays/Arrays.fillFromTo.float.key 
84229      INFO  main            d.u.i.k.p.i.AbstractProblemLoader Loading environment from /home/runner/work/key/key/key.core/../key.ui/examples/redux/arrays/Arrays.fillFromTo.float.key 
84229      DEBUG main            d.u.i.k.p.i.AbstractProblemLoader Environment load took 85.8ns 
84230      INFO  main            d.u.i.k.p.i.AbstractProblemLoader Creating init config 
87218      DEBUG main            d.u.i.k.p.i.AbstractProblemLoader Init config took 2.99s 
87253      INFO  main            d.u.i.k.p.i.AbstractProblemLoader Replaying proof Arrays[Arrays::fill([F,int,int,float)].JML normal_behavior operation contract.0 
87254      DEBUG main            d.u.i.k.p.i.IntermediateProofReplayer Proof replay took 5.2ns 
87859      INFO  main            d.u.i.k.p.r.p.TestFile    ... finished proof: closed. 
88047      INFO  main            d.u.i.k.p.i.AbstractProblemLoader Loading environment from /home/runner/work/key/key/key.core/../key.ui/examples/redux/arrays/Arrays.fillFromTo.float.key.proof 
88047      DEBUG main            d.u.i.k.p.i.AbstractProblemLoader Environment load took 316.7ns 
88048      INFO  main            d.u.i.k.p.i.AbstractProblemLoader Creating init config 
90980      DEBUG main            d.u.i.k.p.i.AbstractProblemLoader Init config took 2.93s 
91019      INFO  main            d.u.i.k.p.i.AbstractProblemLoader Replaying proof Arrays[Arrays::fill([F,int,int,float)].JML normal_behavior operation contract.0 
91155      DEBUG main            d.u.i.k.p.i.IntermediateProofReplayer Proof replay took 127.51ms 
91156      DEBUG main            d.u.i.k.p.r.p.TestFile    ... success: reloaded. 
91157      INFO  main            d.u.i.k.p.r.p.TestFile    Now processing file /home/runner/work/key/key/key.core/../key.ui/examples/redux/arrays/ArrayCopy.arraycopy.normal.0.key 
91157      INFO  main            d.u.i.k.p.i.AbstractProblemLoader Loading environment from /home/runner/work/key/key/key.core/../key.ui/examples/redux/arrays/ArrayCopy.arraycopy.normal.0.key 
91157      DEBUG main            d.u.i.k.p.i.AbstractProblemLoader Environment load took 150.1ns 
91158      INFO  main            d.u.i.k.p.i.AbstractProblemLoader Creating init config 
94089      DEBUG main            d.u.i.k.p.i.AbstractProblemLoader Init config took 2.93s 
94141      INFO  main            d.u.i.k.p.i.AbstractProblemLoader Replaying proof ArrayCopy[ArrayCopy::arraycopy(java.lang.Object,int,java.lang.Object,int,int)].JML normal_behavior operation contract.0 
94142      DEBUG main            d.u.i.k.p.i.IntermediateProofReplayer Proof replay took 5.7ns 
99986      INFO  main            d.u.i.k.p.r.p.TestFile    ... finished proof: closed. 
100191     INFO  main            d.u.i.k.p.i.AbstractProblemLoader Loading environment from /home/runner/work/key/key/key.core/../key.ui/examples/redux/arrays/ArrayCopy.arraycopy.normal.0.key.proof 
100192     DEBUG main            d.u.i.k.p.i.AbstractProblemLoader Environment load took 300ns 
100193     INFO  main            d.u.i.k.p.i.AbstractProblemLoader Creating init config 
103104     DEBUG main            d.u.i.k.p.i.AbstractProblemLoader Init config took 2.91s 
103138     INFO  main            d.u.i.k.p.i.AbstractProblemLoader Replaying proof ArrayCopy[ArrayCopy::arraycopy(java.lang.Object,int,java.lang.Object,int,int)].JML normal_behavior operation contract.0 
104008     DEBUG main            d.u.i.k.p.i.IntermediateProofReplayer Proof replay took 853.89ms 
104009     DEBUG main            d.u.i.k.p.r.p.TestFile    ... success: reloaded. 
104010     INFO  main            d.u.i.k.p.r.p.TestFile    Now processing file /home/runner/work/key/key/key.core/../key.ui/examples/redux/arrays/ArrayCopy.arraycopy.exceptional.0.key 
104010     INFO  main            d.u.i.k.p.i.AbstractProblemLoader Loading environment from /home/runner/work/key/key/key.core/../key.ui/examples/redux/arrays/ArrayCopy.arraycopy.exceptional.0.key 
104010     DEBUG main            d.u.i.k.p.i.AbstractProblemLoader Environment load took 85.5ns 
104011     INFO  main            d.u.i.k.p.i.AbstractProblemLoader Creating init config 
106962     DEBUG main            d.u.i.k.p.i.AbstractProblemLoader Init config took 2.95s 
107012     INFO  main            d.u.i.k.p.i.AbstractProblemLoader Replaying proof ArrayCopy[ArrayCopy::arraycopy(java.lang.Object,int,java.lang.Object,int,int)].JML exceptional_behavior operation contract.0 
107013     DEBUG main            d.u.i.k.p.i.IntermediateProofReplayer Proof replay took 4.7ns 
107315     INFO  main            d.u.i.k.p.r.p.TestFile    ... finished proof: closed. 
107513     INFO  main            d.u.i.k.p.i.AbstractProblemLoader Loading environment from /home/runner/work/key/key/key.core/../key.ui/examples/redux/arrays/ArrayCopy.arraycopy.exceptional.0.key.proof 
107513     DEBUG main            d.u.i.k.p.i.AbstractProblemLoader Environment load took 110.6ns 
107514     INFO  main            d.u.i.k.p.i.AbstractProblemLoader Creating init config 
110400     DEBUG main            d.u.i.k.p.i.AbstractProblemLoader Init config took 2.89s 
110434     INFO  main            d.u.i.k.p.i.AbstractProblemLoader Replaying proof ArrayCopy[ArrayCopy::arraycopy(java.lang.Object,int,java.lang.Object,int,int)].JML exceptional_behavior operation contract.0 
110543     DEBUG main            d.u.i.k.p.i.IntermediateProofReplayer Proof replay took 106.34ms 
110544     DEBUG main            d.u.i.k.p.r.p.TestFile    ... success: reloaded. 
110545     INFO  main            d.u.i.k.p.r.p.TestFile    Now processing file /home/runner/work/key/key/key.core/../key.ui/examples/redux/arrays/ArrayCopy.arraycopy.exceptional.1.key 
110545     INFO  main            d.u.i.k.p.i.AbstractProblemLoader Loading environment from /home/runner/work/key/key/key.core/../key.ui/examples/redux/arrays/ArrayCopy.arraycopy.exceptional.1.key 
110545     DEBUG main            d.u.i.k.p.i.AbstractProblemLoader Environment load took 76.5ns 
110546     INFO  main            d.u.i.k.p.i.AbstractProblemLoader Creating init config 
113542     DEBUG main            d.u.i.k.p.i.AbstractProblemLoader Init config took 3s 
113576     INFO  main            d.u.i.k.p.i.AbstractProblemLoader Replaying proof ArrayCopy[ArrayCopy::arraycopy(java.lang.Object,int,java.lang.Object,int,int)].JML exceptional_behavior operation contract.1 
113577     DEBUG main            d.u.i.k.p.i.IntermediateProofReplayer Proof replay took 5.2ns 
119396     INFO  main            d.u.i.k.p.r.p.TestFile    ... finished proof: closed. 
119620     INFO  main            d.u.i.k.p.i.AbstractProblemLoader Loading environment from /home/runner/work/key/key/key.core/../key.ui/examples/redux/arrays/ArrayCopy.arraycopy.exceptional.1.key.proof 
119620     DEBUG main            d.u.i.k.p.i.AbstractProblemLoader Environment load took 337.3ns 
119624     INFO  main            d.u.i.k.p.i.AbstractProblemLoader Creating init config 
122523     DEBUG main            d.u.i.k.p.i.AbstractProblemLoader Init config took 2.9s 
122556     INFO  main            d.u.i.k.p.i.AbstractProblemLoader Replaying proof ArrayCopy[ArrayCopy::arraycopy(java.lang.Object,int,java.lang.Object,int,int)].JML exceptional_behavior operation contract.1 
124109     DEBUG main            d.u.i.k.p.i.IntermediateProofReplayer Proof replay took 1.53s 
124110     DEBUG main            d.u.i.k.p.r.p.TestFile    ... success: reloaded. 
5073728    INFO  Test worker     d.u.i.k.p.r.RunAllProofsTestUnit Returning from test redux 
]]></system-out>
  <system-err><![CDATA[]]></system-err>
</testsuite>
