<?xml version="1.0" encoding="UTF-8"?>
<testsuite name="de.uka.ilkd.key.util.TestNodePreorderIterator" tests="4" skipped="0" failures="0" errors="0" timestamp="2023-02-10T19:51:44" hostname="fv-az577-780" time="0.015">
  <properties/>
  <testcase name="testNodesThreeLevel()" classname="de.uka.ilkd.key.util.TestNodePreorderIterator" time="0.005"/>
  <testcase name="testEmptyRoot()" classname="de.uka.ilkd.key.util.TestNodePreorderIterator" time="0.008"/>
  <testcase name="testNodesTwoLevel()" classname="de.uka.ilkd.key.util.TestNodePreorderIterator" time="0.001"/>
  <testcase name="testNodesOneLevel()" classname="de.uka.ilkd.key.util.TestNodePreorderIterator" time="0.0"/>
  <system-out><![CDATA[]]></system-out>
  <system-err><![CDATA[]]></system-err>
</testsuite>
