<?xml version="1.0" encoding="UTF-8"?>
<testsuite name="de.uka.ilkd.key.symbolic_execution.testcase.strategy.TestExceptionBreakpointStopConditionWithSubclasses" tests="1" skipped="0" failures="0" errors="0" timestamp="2023-01-31T13:14:12" hostname="fv-az166-50" time="6.695">
  <properties/>
  <testcase name="testBreakpointStopCondition()" classname="de.uka.ilkd.key.symbolic_execution.testcase.strategy.TestExceptionBreakpointStopConditionWithSubclasses" time="6.695"/>
  <system-out><![CDATA[]]></system-out>
  <system-err><![CDATA[]]></system-err>
</testsuite>
