<?xml version="1.0" encoding="UTF-8"?>
<testsuite name="de.uka.ilkd.key.symbolic_execution.testcase.util.TestSymbolicExecutionUtil" tests="2" skipped="0" failures="0" errors="0" timestamp="2023-01-31T13:17:26" hostname="fv-az166-50" time="4.693">
  <properties/>
  <testcase name="test1ImproveReadability()" classname="de.uka.ilkd.key.symbolic_execution.testcase.util.TestSymbolicExecutionUtil" time="4.683"/>
  <testcase name="test2GetAndSetChoiceSetting()" classname="de.uka.ilkd.key.symbolic_execution.testcase.util.TestSymbolicExecutionUtil" time="0.002"/>
  <system-out><![CDATA[]]></system-out>
  <system-err><![CDATA[]]></system-err>
</testsuite>
