<?xml version="1.0" encoding="UTF-8"?>
<testsuite name="de.uka.ilkd.key.java.TestContextStatementBlock" tests="1" skipped="0" failures="0" errors="0" timestamp="2023-02-24T10:07:53" hostname="fv-az993-701" time="1.033">
  <properties/>
  <testcase name="testContextTermInstantiation()" classname="de.uka.ilkd.key.java.TestContextStatementBlock" time="1.033"/>
  <system-out><![CDATA[]]></system-out>
  <system-err><![CDATA[]]></system-err>
</testsuite>
