<?xml version="1.0" encoding="UTF-8"?>
<testsuite name="de.uka.ilkd.key.nparser.ParseLDTsTests" tests="2" skipped="0" failures="0" errors="0" timestamp="2023-04-10T21:11:03" hostname="fv-az931-323" time="1.562">
  <properties/>
  <testcase name="testLDT()" classname="de.uka.ilkd.key.nparser.ParseLDTsTests" time="0.099"/>
  <testcase name="testSR()" classname="de.uka.ilkd.key.nparser.ParseLDTsTests" time="1.463"/>
  <system-out><![CDATA[221460     INFO  Test worker     d.u.i.k.n.KeyIO           Parsing took 62 ms 
221476     INFO  Test worker     d.u.i.k.n.KeyIO           MODE: declarations took 16 ms 
221976     INFO  Test worker     d.u.i.k.n.KeyIO           Parsing took 484 ms 
221976     INFO  Test worker     d.u.i.k.n.KeyIO           MODE: declarations took 0 ms 
]]></system-out>
  <system-err><![CDATA[]]></system-err>
</testsuite>
