<?xml version="1.0" encoding="UTF-8"?>
<testsuite name="de.uka.ilkd.key.parser.TestTermParserHeap" tests="39" skipped="0" failures="0" errors="0" timestamp="2023-04-10T21:13:04" hostname="fv-az931-323" time="116.343">
  <properties/>
  <testcase name="testBracketHeapUpdate()" classname="de.uka.ilkd.key.parser.TestTermParserHeap" time="0.014"/>
  <testcase name="testStore()" classname="de.uka.ilkd.key.parser.TestTermParserHeap" time="0.008"/>
  <testcase name="testUnknownConstant()" classname="de.uka.ilkd.key.parser.TestTermParserHeap" time="0.002"/>
  <testcase name="testAllFieldsSelector()" classname="de.uka.ilkd.key.parser.TestTermParserHeap" time="0.003"/>
  <testcase name="testParsePrettyPrintedSelect()" classname="de.uka.ilkd.key.parser.TestTermParserHeap" time="0.002"/>
  <testcase name="testAccessStaticMembers()" classname="de.uka.ilkd.key.parser.TestTermParserHeap" time="0.004"/>
  <testcase name="testAtOperator_1()" classname="de.uka.ilkd.key.parser.TestTermParserHeap" time="0.003"/>
  <testcase name="testAtOperator_2()" classname="de.uka.ilkd.key.parser.TestTermParserHeap" time="0.003"/>
  <testcase name="testAtOperator_3()" classname="de.uka.ilkd.key.parser.TestTermParserHeap" time="0.003"/>
  <testcase name="testAtOperator_4()" classname="de.uka.ilkd.key.parser.TestTermParserHeap" time="0.009"/>
  <testcase name="testAtOperator_5()" classname="de.uka.ilkd.key.parser.TestTermParserHeap" time="0.003"/>
  <testcase name="testAtOperator_6()" classname="de.uka.ilkd.key.parser.TestTermParserHeap" time="0.003"/>
  <testcase name="testAtOperator_7()" classname="de.uka.ilkd.key.parser.TestTermParserHeap" time="0.003"/>
  <testcase name="testAtOperator_8()" classname="de.uka.ilkd.key.parser.TestTermParserHeap" time="0.004"/>
  <testcase name="testVerifyExceptionIfAtOperatorNotPreceededBySelectTerm()" classname="de.uka.ilkd.key.parser.TestTermParserHeap" time="0.004"/>
  <testcase name="testBugResettingCounter()" classname="de.uka.ilkd.key.parser.TestTermParserHeap" time="0.006"/>
  <testcase name="testLocationSets()" classname="de.uka.ilkd.key.parser.TestTermParserHeap" time="0.005"/>
  <testcase name="testQuantifiedSelect()" classname="de.uka.ilkd.key.parser.TestTermParserHeap" time="0.004"/>
  <testcase name="testGenericObjectProperties()" classname="de.uka.ilkd.key.parser.TestTermParserHeap" time="0.004"/>
  <testcase name="testQueryInheritance_1()" classname="de.uka.ilkd.key.parser.TestTermParserHeap" time="0.003"/>
  <testcase name="testQueryInheritance_2()" classname="de.uka.ilkd.key.parser.TestTermParserHeap" time="0.004"/>
  <testcase name="testQueryInheritance_3()" classname="de.uka.ilkd.key.parser.TestTermParserHeap" time="0.004"/>
  <testcase name="testQueryInheritance_4()" classname="de.uka.ilkd.key.parser.TestTermParserHeap" time="0.002"/>
  <testcase name="testQueryInheritance_5()" classname="de.uka.ilkd.key.parser.TestTermParserHeap" time="0.002"/>
  <testcase name="testQueryInheritance_6()" classname="de.uka.ilkd.key.parser.TestTermParserHeap" time="0.003"/>
  <testcase name="testQueryInheritance_7()" classname="de.uka.ilkd.key.parser.TestTermParserHeap" time="0.003"/>
  <testcase name="testQueryInheritance_8()" classname="de.uka.ilkd.key.parser.TestTermParserHeap" time="0.003"/>
  <testcase name="testQueryInheritance_9()" classname="de.uka.ilkd.key.parser.TestTermParserHeap" time="0.018"/>
  <testcase name="testQueryBasic_10()" classname="de.uka.ilkd.key.parser.TestTermParserHeap" time="0.003"/>
  <testcase name="testQueryBasic_11()" classname="de.uka.ilkd.key.parser.TestTermParserHeap" time="0.003"/>
  <testcase name="testQueryBasic_1()" classname="de.uka.ilkd.key.parser.TestTermParserHeap" time="0.002"/>
  <testcase name="testQueryBasic_2()" classname="de.uka.ilkd.key.parser.TestTermParserHeap" time="0.003"/>
  <testcase name="testQueryBasic_3()" classname="de.uka.ilkd.key.parser.TestTermParserHeap" time="0.005"/>
  <testcase name="testQueryBasic_4()" classname="de.uka.ilkd.key.parser.TestTermParserHeap" time="0.003"/>
  <testcase name="testQueryBasic_5()" classname="de.uka.ilkd.key.parser.TestTermParserHeap" time="0.002"/>
  <testcase name="testQueryBasic_6()" classname="de.uka.ilkd.key.parser.TestTermParserHeap" time="0.002"/>
  <testcase name="testQueryBasic_7()" classname="de.uka.ilkd.key.parser.TestTermParserHeap" time="0.004"/>
  <testcase name="testQueryBasic_8()" classname="de.uka.ilkd.key.parser.TestTermParserHeap" time="0.005"/>
  <testcase name="testQueryBasic_9()" classname="de.uka.ilkd.key.parser.TestTermParserHeap" time="0.004"/>
  <system-out><![CDATA[342294     INFO  Test worker     d.u.i.k.n.KeyIO           Parsing took 0 ms 
342294     INFO  Test worker     d.u.i.k.n.KeyIO           MODE: declarations took 0 ms 
342294     INFO  Test worker     d.u.i.k.n.KeyIO           Parsing took 0 ms 
342294     INFO  Test worker     d.u.i.k.n.KeyIO           MODE: declarations took 0 ms 
342294     INFO  Test worker     d.u.i.k.n.KeyIO           Parsing took 0 ms 
342294     INFO  Test worker     d.u.i.k.n.KeyIO           MODE: declarations took 0 ms 
342294     INFO  Test worker     d.u.i.k.n.KeyIO           Parsing took 0 ms 
342294     INFO  Test worker     d.u.i.k.n.KeyIO           MODE: declarations took 0 ms 
342294     INFO  Test worker     d.u.i.k.n.KeyIO           Parsing took 0 ms 
342294     INFO  Test worker     d.u.i.k.n.KeyIO           MODE: declarations took 0 ms 
345380     INFO  Test worker     d.u.i.k.n.KeyIO           Parsing took 0 ms 
345380     INFO  Test worker     d.u.i.k.n.KeyIO           MODE: declarations took 0 ms 
345380     INFO  Test worker     d.u.i.k.n.KeyIO           Parsing took 0 ms 
345380     INFO  Test worker     d.u.i.k.n.KeyIO           MODE: declarations took 0 ms 
345380     INFO  Test worker     d.u.i.k.n.KeyIO           Parsing took 0 ms 
345380     INFO  Test worker     d.u.i.k.n.KeyIO           MODE: declarations took 0 ms 
345380     INFO  Test worker     d.u.i.k.n.KeyIO           Parsing took 0 ms 
345380     INFO  Test worker     d.u.i.k.n.KeyIO           MODE: declarations took 0 ms 
345380     INFO  Test worker     d.u.i.k.n.KeyIO           Parsing took 0 ms 
345380     INFO  Test worker     d.u.i.k.n.KeyIO           MODE: declarations took 0 ms 
348567     INFO  Test worker     d.u.i.k.n.KeyIO           Parsing took 0 ms 
348567     INFO  Test worker     d.u.i.k.n.KeyIO           MODE: declarations took 0 ms 
348567     INFO  Test worker     d.u.i.k.n.KeyIO           Parsing took 0 ms 
348567     INFO  Test worker     d.u.i.k.n.KeyIO           MODE: declarations took 0 ms 
348567     INFO  Test worker     d.u.i.k.n.KeyIO           Parsing took 0 ms 
348567     INFO  Test worker     d.u.i.k.n.KeyIO           MODE: declarations took 0 ms 
348567     INFO  Test worker     d.u.i.k.n.KeyIO           Parsing took 0 ms 
348567     INFO  Test worker     d.u.i.k.n.KeyIO           MODE: declarations took 0 ms 
348567     INFO  Test worker     d.u.i.k.n.KeyIO           Parsing took 0 ms 
348567     INFO  Test worker     d.u.i.k.n.KeyIO           MODE: declarations took 0 ms 
348567     INFO  Test worker     d.u.i.k.n.KeyIO           Parsing took 0 ms 
348567     INFO  Test worker     d.u.i.k.n.KeyIO           MODE: declarations took 0 ms 
351651     INFO  Test worker     d.u.i.k.n.KeyIO           Parsing took 0 ms 
351651     INFO  Test worker     d.u.i.k.n.KeyIO           MODE: declarations took 0 ms 
351651     INFO  Test worker     d.u.i.k.n.KeyIO           Parsing took 0 ms 
351651     INFO  Test worker     d.u.i.k.n.KeyIO           MODE: declarations took 0 ms 
351651     INFO  Test worker     d.u.i.k.n.KeyIO           Parsing took 0 ms 
351651     INFO  Test worker     d.u.i.k.n.KeyIO           MODE: declarations took 0 ms 
351651     INFO  Test worker     d.u.i.k.n.KeyIO           Parsing took 0 ms 
351651     INFO  Test worker     d.u.i.k.n.KeyIO           MODE: declarations took 0 ms 
351651     INFO  Test worker     d.u.i.k.n.KeyIO           Parsing took 0 ms 
351651     INFO  Test worker     d.u.i.k.n.KeyIO           MODE: declarations took 0 ms 
354761     INFO  Test worker     d.u.i.k.n.KeyIO           Parsing took 0 ms 
354761     INFO  Test worker     d.u.i.k.n.KeyIO           MODE: declarations took 0 ms 
354761     INFO  Test worker     d.u.i.k.n.KeyIO           Parsing took 0 ms 
354761     INFO  Test worker     d.u.i.k.n.KeyIO           MODE: declarations took 0 ms 
354761     INFO  Test worker     d.u.i.k.n.KeyIO           Parsing took 0 ms 
354761     INFO  Test worker     d.u.i.k.n.KeyIO           MODE: declarations took 0 ms 
354761     INFO  Test worker     d.u.i.k.n.KeyIO           Parsing took 0 ms 
354761     INFO  Test worker     d.u.i.k.n.KeyIO           MODE: declarations took 0 ms 
354761     INFO  Test worker     d.u.i.k.n.KeyIO           Parsing took 0 ms 
354761     INFO  Test worker     d.u.i.k.n.KeyIO           MODE: declarations took 0 ms 
357772     INFO  Test worker     d.u.i.k.n.KeyIO           Parsing took 0 ms 
357772     INFO  Test worker     d.u.i.k.n.KeyIO           MODE: declarations took 0 ms 
357772     INFO  Test worker     d.u.i.k.n.KeyIO           Parsing took 0 ms 
357772     INFO  Test worker     d.u.i.k.n.KeyIO           MODE: declarations took 0 ms 
357772     INFO  Test worker     d.u.i.k.n.KeyIO           Parsing took 0 ms 
357772     INFO  Test worker     d.u.i.k.n.KeyIO           MODE: declarations took 0 ms 
357772     INFO  Test worker     d.u.i.k.n.KeyIO           Parsing took 0 ms 
357772     INFO  Test worker     d.u.i.k.n.KeyIO           MODE: declarations took 0 ms 
357772     INFO  Test worker     d.u.i.k.n.KeyIO           Parsing took 0 ms 
357772     INFO  Test worker     d.u.i.k.n.KeyIO           MODE: declarations took 0 ms 
361063     INFO  Test worker     d.u.i.k.n.KeyIO           Parsing took 0 ms 
361063     INFO  Test worker     d.u.i.k.n.KeyIO           MODE: declarations took 0 ms 
361063     INFO  Test worker     d.u.i.k.n.KeyIO           Parsing took 0 ms 
361063     INFO  Test worker     d.u.i.k.n.KeyIO           MODE: declarations took 0 ms 
361063     INFO  Test worker     d.u.i.k.n.KeyIO           Parsing took 0 ms 
361063     INFO  Test worker     d.u.i.k.n.KeyIO           MODE: declarations took 0 ms 
361063     INFO  Test worker     d.u.i.k.n.KeyIO           Parsing took 0 ms 
361063     INFO  Test worker     d.u.i.k.n.KeyIO           MODE: declarations took 0 ms 
361063     INFO  Test worker     d.u.i.k.n.KeyIO           Parsing took 0 ms 
361063     INFO  Test worker     d.u.i.k.n.KeyIO           MODE: declarations took 0 ms 
364122     INFO  Test worker     d.u.i.k.n.KeyIO           Parsing took 0 ms 
364122     INFO  Test worker     d.u.i.k.n.KeyIO           MODE: declarations took 0 ms 
364122     INFO  Test worker     d.u.i.k.n.KeyIO           Parsing took 0 ms 
364122     INFO  Test worker     d.u.i.k.n.KeyIO           MODE: declarations took 0 ms 
364122     INFO  Test worker     d.u.i.k.n.KeyIO           Parsing took 0 ms 
364122     INFO  Test worker     d.u.i.k.n.KeyIO           MODE: declarations took 0 ms 
364122     INFO  Test worker     d.u.i.k.n.KeyIO           Parsing took 0 ms 
364122     INFO  Test worker     d.u.i.k.n.KeyIO           MODE: declarations took 0 ms 
364122     INFO  Test worker     d.u.i.k.n.KeyIO           Parsing took 0 ms 
364122     INFO  Test worker     d.u.i.k.n.KeyIO           MODE: declarations took 0 ms 
367121     INFO  Test worker     d.u.i.k.n.KeyIO           Parsing took 0 ms 
367121     INFO  Test worker     d.u.i.k.n.KeyIO           MODE: declarations took 0 ms 
367121     INFO  Test worker     d.u.i.k.n.KeyIO           Parsing took 0 ms 
367121     INFO  Test worker     d.u.i.k.n.KeyIO           MODE: declarations took 0 ms 
367121     INFO  Test worker     d.u.i.k.n.KeyIO           Parsing took 0 ms 
367121     INFO  Test worker     d.u.i.k.n.KeyIO           MODE: declarations took 0 ms 
367121     INFO  Test worker     d.u.i.k.n.KeyIO           Parsing took 0 ms 
367121     INFO  Test worker     d.u.i.k.n.KeyIO           MODE: declarations took 0 ms 
367121     INFO  Test worker     d.u.i.k.n.KeyIO           Parsing took 0 ms 
367121     INFO  Test worker     d.u.i.k.n.KeyIO           MODE: declarations took 0 ms 
370194     INFO  Test worker     d.u.i.k.n.KeyIO           Parsing took 0 ms 
370194     INFO  Test worker     d.u.i.k.n.KeyIO           MODE: declarations took 0 ms 
370194     INFO  Test worker     d.u.i.k.n.KeyIO           Parsing took 0 ms 
370194     INFO  Test worker     d.u.i.k.n.KeyIO           MODE: declarations took 0 ms 
370194     INFO  Test worker     d.u.i.k.n.KeyIO           Parsing took 0 ms 
370194     INFO  Test worker     d.u.i.k.n.KeyIO           MODE: declarations took 0 ms 
370194     INFO  Test worker     d.u.i.k.n.KeyIO           Parsing took 0 ms 
370194     INFO  Test worker     d.u.i.k.n.KeyIO           MODE: declarations took 0 ms 
370194     INFO  Test worker     d.u.i.k.n.KeyIO           Parsing took 0 ms 
370194     INFO  Test worker     d.u.i.k.n.KeyIO           MODE: declarations took 0 ms 
373198     INFO  Test worker     d.u.i.k.n.KeyIO           Parsing took 0 ms 
373198     INFO  Test worker     d.u.i.k.n.KeyIO           MODE: declarations took 0 ms 
373198     INFO  Test worker     d.u.i.k.n.KeyIO           Parsing took 0 ms 
373198     INFO  Test worker     d.u.i.k.n.KeyIO           MODE: declarations took 0 ms 
373198     INFO  Test worker     d.u.i.k.n.KeyIO           Parsing took 0 ms 
373198     INFO  Test worker     d.u.i.k.n.KeyIO           MODE: declarations took 0 ms 
373198     INFO  Test worker     d.u.i.k.n.KeyIO           Parsing took 0 ms 
373198     INFO  Test worker     d.u.i.k.n.KeyIO           MODE: declarations took 0 ms 
373198     INFO  Test worker     d.u.i.k.n.KeyIO           Parsing took 0 ms 
373198     INFO  Test worker     d.u.i.k.n.KeyIO           MODE: declarations took 0 ms 
376341     INFO  Test worker     d.u.i.k.n.KeyIO           Parsing took 0 ms 
376341     INFO  Test worker     d.u.i.k.n.KeyIO           MODE: declarations took 0 ms 
376341     INFO  Test worker     d.u.i.k.n.KeyIO           Parsing took 0 ms 
376341     INFO  Test worker     d.u.i.k.n.KeyIO           MODE: declarations took 0 ms 
376341     INFO  Test worker     d.u.i.k.n.KeyIO           Parsing took 0 ms 
376341     INFO  Test worker     d.u.i.k.n.KeyIO           MODE: declarations took 0 ms 
376341     INFO  Test worker     d.u.i.k.n.KeyIO           Parsing took 0 ms 
376341     INFO  Test worker     d.u.i.k.n.KeyIO           MODE: declarations took 0 ms 
376341     INFO  Test worker     d.u.i.k.n.KeyIO           Parsing took 0 ms 
376341     INFO  Test worker     d.u.i.k.n.KeyIO           MODE: declarations took 0 ms 
379334     INFO  Test worker     d.u.i.k.n.KeyIO           Parsing took 0 ms 
379334     INFO  Test worker     d.u.i.k.n.KeyIO           MODE: declarations took 0 ms 
379334     INFO  Test worker     d.u.i.k.n.KeyIO           Parsing took 0 ms 
379334     INFO  Test worker     d.u.i.k.n.KeyIO           MODE: declarations took 0 ms 
379334     INFO  Test worker     d.u.i.k.n.KeyIO           Parsing took 0 ms 
379334     INFO  Test worker     d.u.i.k.n.KeyIO           MODE: declarations took 0 ms 
379334     INFO  Test worker     d.u.i.k.n.KeyIO           Parsing took 0 ms 
379334     INFO  Test worker     d.u.i.k.n.KeyIO           MODE: declarations took 0 ms 
379334     INFO  Test worker     d.u.i.k.n.KeyIO           Parsing took 0 ms 
379334     INFO  Test worker     d.u.i.k.n.KeyIO           MODE: declarations took 0 ms 
382387     INFO  Test worker     d.u.i.k.n.KeyIO           Parsing took 0 ms 
382387     INFO  Test worker     d.u.i.k.n.KeyIO           MODE: declarations took 0 ms 
382387     INFO  Test worker     d.u.i.k.n.KeyIO           Parsing took 0 ms 
382387     INFO  Test worker     d.u.i.k.n.KeyIO           MODE: declarations took 0 ms 
382387     INFO  Test worker     d.u.i.k.n.KeyIO           Parsing took 0 ms 
382387     INFO  Test worker     d.u.i.k.n.KeyIO           MODE: declarations took 0 ms 
382387     INFO  Test worker     d.u.i.k.n.KeyIO           Parsing took 0 ms 
382387     INFO  Test worker     d.u.i.k.n.KeyIO           MODE: declarations took 0 ms 
382387     INFO  Test worker     d.u.i.k.n.KeyIO           Parsing took 0 ms 
382387     INFO  Test worker     d.u.i.k.n.KeyIO           MODE: declarations took 0 ms 
385387     INFO  Test worker     d.u.i.k.n.KeyIO           Parsing took 0 ms 
385387     INFO  Test worker     d.u.i.k.n.KeyIO           MODE: declarations took 0 ms 
385387     INFO  Test worker     d.u.i.k.n.KeyIO           Parsing took 0 ms 
385387     INFO  Test worker     d.u.i.k.n.KeyIO           MODE: declarations took 0 ms 
385387     INFO  Test worker     d.u.i.k.n.KeyIO           Parsing took 0 ms 
385387     INFO  Test worker     d.u.i.k.n.KeyIO           MODE: declarations took 0 ms 
385387     INFO  Test worker     d.u.i.k.n.KeyIO           Parsing took 0 ms 
385387     INFO  Test worker     d.u.i.k.n.KeyIO           MODE: declarations took 0 ms 
385387     INFO  Test worker     d.u.i.k.n.KeyIO           Parsing took 0 ms 
385387     INFO  Test worker     d.u.i.k.n.KeyIO           MODE: declarations took 0 ms 
385387     WARN  Test worker     d.u.i.k.n.KeYParser       [syntax-error] <unknown>:1:11: mismatched input '@' expecting {'/', ':=', '.', '(', ')', '{', '[', '@', PARALLEL, OR, AND, IMP, '=', NOT_EQUALS, '%', '*', '-', '+', '>', GREATEREQUAL, '<', LESSEQUAL, LGUILLEMETS, EQV} [@11,11:11='@',<153>,1:11] (termEOF) 
388423     INFO  Test worker     d.u.i.k.n.KeyIO           Parsing took 0 ms 
388423     INFO  Test worker     d.u.i.k.n.KeyIO           MODE: declarations took 0 ms 
388423     INFO  Test worker     d.u.i.k.n.KeyIO           Parsing took 0 ms 
388423     INFO  Test worker     d.u.i.k.n.KeyIO           MODE: declarations took 0 ms 
388423     INFO  Test worker     d.u.i.k.n.KeyIO           Parsing took 0 ms 
388423     INFO  Test worker     d.u.i.k.n.KeyIO           MODE: declarations took 0 ms 
388423     INFO  Test worker     d.u.i.k.n.KeyIO           Parsing took 0 ms 
388423     INFO  Test worker     d.u.i.k.n.KeyIO           MODE: declarations took 0 ms 
388423     INFO  Test worker     d.u.i.k.n.KeyIO           Parsing took 0 ms 
388423     INFO  Test worker     d.u.i.k.n.KeyIO           MODE: declarations took 0 ms 
391382     INFO  Test worker     d.u.i.k.n.KeyIO           Parsing took 0 ms 
391382     INFO  Test worker     d.u.i.k.n.KeyIO           MODE: declarations took 0 ms 
391382     INFO  Test worker     d.u.i.k.n.KeyIO           Parsing took 0 ms 
391382     INFO  Test worker     d.u.i.k.n.KeyIO           MODE: declarations took 0 ms 
391398     INFO  Test worker     d.u.i.k.n.KeyIO           Parsing took 0 ms 
391398     INFO  Test worker     d.u.i.k.n.KeyIO           MODE: declarations took 0 ms 
391398     INFO  Test worker     d.u.i.k.n.KeyIO           Parsing took 0 ms 
391398     INFO  Test worker     d.u.i.k.n.KeyIO           MODE: declarations took 0 ms 
391398     INFO  Test worker     d.u.i.k.n.KeyIO           Parsing took 0 ms 
391398     INFO  Test worker     d.u.i.k.n.KeyIO           MODE: declarations took 0 ms 
394519     INFO  Test worker     d.u.i.k.n.KeyIO           Parsing took 0 ms 
394519     INFO  Test worker     d.u.i.k.n.KeyIO           MODE: declarations took 0 ms 
394519     INFO  Test worker     d.u.i.k.n.KeyIO           Parsing took 0 ms 
394519     INFO  Test worker     d.u.i.k.n.KeyIO           MODE: declarations took 0 ms 
394519     INFO  Test worker     d.u.i.k.n.KeyIO           Parsing took 0 ms 
394519     INFO  Test worker     d.u.i.k.n.KeyIO           MODE: declarations took 0 ms 
394519     INFO  Test worker     d.u.i.k.n.KeyIO           Parsing took 0 ms 
394519     INFO  Test worker     d.u.i.k.n.KeyIO           MODE: declarations took 0 ms 
394519     INFO  Test worker     d.u.i.k.n.KeyIO           Parsing took 0 ms 
394519     INFO  Test worker     d.u.i.k.n.KeyIO           MODE: declarations took 0 ms 
397610     INFO  Test worker     d.u.i.k.n.KeyIO           Parsing took 0 ms 
397610     INFO  Test worker     d.u.i.k.n.KeyIO           MODE: declarations took 0 ms 
397610     INFO  Test worker     d.u.i.k.n.KeyIO           Parsing took 0 ms 
397610     INFO  Test worker     d.u.i.k.n.KeyIO           MODE: declarations took 0 ms 
397610     INFO  Test worker     d.u.i.k.n.KeyIO           Parsing took 0 ms 
397610     INFO  Test worker     d.u.i.k.n.KeyIO           MODE: declarations took 0 ms 
397610     INFO  Test worker     d.u.i.k.n.KeyIO           Parsing took 0 ms 
397610     INFO  Test worker     d.u.i.k.n.KeyIO           MODE: declarations took 0 ms 
397610     INFO  Test worker     d.u.i.k.n.KeyIO           Parsing took 0 ms 
397610     INFO  Test worker     d.u.i.k.n.KeyIO           MODE: declarations took 0 ms 
400733     INFO  Test worker     d.u.i.k.n.KeyIO           Parsing took 0 ms 
400733     INFO  Test worker     d.u.i.k.n.KeyIO           MODE: declarations took 0 ms 
400733     INFO  Test worker     d.u.i.k.n.KeyIO           Parsing took 0 ms 
400749     INFO  Test worker     d.u.i.k.n.KeyIO           MODE: declarations took 16 ms 
400749     INFO  Test worker     d.u.i.k.n.KeyIO           Parsing took 0 ms 
400749     INFO  Test worker     d.u.i.k.n.KeyIO           MODE: declarations took 0 ms 
400749     INFO  Test worker     d.u.i.k.n.KeyIO           Parsing took 0 ms 
400749     INFO  Test worker     d.u.i.k.n.KeyIO           MODE: declarations took 0 ms 
400749     INFO  Test worker     d.u.i.k.n.KeyIO           Parsing took 0 ms 
400749     INFO  Test worker     d.u.i.k.n.KeyIO           MODE: declarations took 0 ms 
403829     INFO  Test worker     d.u.i.k.n.KeyIO           Parsing took 0 ms 
403829     INFO  Test worker     d.u.i.k.n.KeyIO           MODE: declarations took 0 ms 
403829     INFO  Test worker     d.u.i.k.n.KeyIO           Parsing took 0 ms 
403829     INFO  Test worker     d.u.i.k.n.KeyIO           MODE: declarations took 0 ms 
403829     INFO  Test worker     d.u.i.k.n.KeyIO           Parsing took 0 ms 
403829     INFO  Test worker     d.u.i.k.n.KeyIO           MODE: declarations took 0 ms 
403829     INFO  Test worker     d.u.i.k.n.KeyIO           Parsing took 0 ms 
403829     INFO  Test worker     d.u.i.k.n.KeyIO           MODE: declarations took 0 ms 
403829     INFO  Test worker     d.u.i.k.n.KeyIO           Parsing took 0 ms 
403829     INFO  Test worker     d.u.i.k.n.KeyIO           MODE: declarations took 0 ms 
406894     INFO  Test worker     d.u.i.k.n.KeyIO           Parsing took 0 ms 
406894     INFO  Test worker     d.u.i.k.n.KeyIO           MODE: declarations took 0 ms 
406894     INFO  Test worker     d.u.i.k.n.KeyIO           Parsing took 0 ms 
406894     INFO  Test worker     d.u.i.k.n.KeyIO           MODE: declarations took 0 ms 
406894     INFO  Test worker     d.u.i.k.n.KeyIO           Parsing took 0 ms 
406894     INFO  Test worker     d.u.i.k.n.KeyIO           MODE: declarations took 0 ms 
406894     INFO  Test worker     d.u.i.k.n.KeyIO           Parsing took 0 ms 
406894     INFO  Test worker     d.u.i.k.n.KeyIO           MODE: declarations took 0 ms 
406894     INFO  Test worker     d.u.i.k.n.KeyIO           Parsing took 0 ms 
406894     INFO  Test worker     d.u.i.k.n.KeyIO           MODE: declarations took 0 ms 
409903     INFO  Test worker     d.u.i.k.n.KeyIO           Parsing took 0 ms 
409903     INFO  Test worker     d.u.i.k.n.KeyIO           MODE: declarations took 0 ms 
409903     INFO  Test worker     d.u.i.k.n.KeyIO           Parsing took 0 ms 
409903     INFO  Test worker     d.u.i.k.n.KeyIO           MODE: declarations took 0 ms 
409903     INFO  Test worker     d.u.i.k.n.KeyIO           Parsing took 0 ms 
409903     INFO  Test worker     d.u.i.k.n.KeyIO           MODE: declarations took 0 ms 
409903     INFO  Test worker     d.u.i.k.n.KeyIO           Parsing took 0 ms 
409903     INFO  Test worker     d.u.i.k.n.KeyIO           MODE: declarations took 0 ms 
409903     INFO  Test worker     d.u.i.k.n.KeyIO           Parsing took 0 ms 
409903     INFO  Test worker     d.u.i.k.n.KeyIO           MODE: declarations took 0 ms 
412935     INFO  Test worker     d.u.i.k.n.KeyIO           Parsing took 0 ms 
412935     INFO  Test worker     d.u.i.k.n.KeyIO           MODE: declarations took 0 ms 
412935     INFO  Test worker     d.u.i.k.n.KeyIO           Parsing took 0 ms 
412935     INFO  Test worker     d.u.i.k.n.KeyIO           MODE: declarations took 0 ms 
412935     INFO  Test worker     d.u.i.k.n.KeyIO           Parsing took 0 ms 
412935     INFO  Test worker     d.u.i.k.n.KeyIO           MODE: declarations took 0 ms 
412935     INFO  Test worker     d.u.i.k.n.KeyIO           Parsing took 0 ms 
412935     INFO  Test worker     d.u.i.k.n.KeyIO           MODE: declarations took 0 ms 
412935     INFO  Test worker     d.u.i.k.n.KeyIO           Parsing took 0 ms 
412935     INFO  Test worker     d.u.i.k.n.KeyIO           MODE: declarations took 0 ms 
416056     INFO  Test worker     d.u.i.k.n.KeyIO           Parsing took 0 ms 
416056     INFO  Test worker     d.u.i.k.n.KeyIO           MODE: declarations took 0 ms 
416056     INFO  Test worker     d.u.i.k.n.KeyIO           Parsing took 0 ms 
416056     INFO  Test worker     d.u.i.k.n.KeyIO           MODE: declarations took 0 ms 
416056     INFO  Test worker     d.u.i.k.n.KeyIO           Parsing took 0 ms 
416056     INFO  Test worker     d.u.i.k.n.KeyIO           MODE: declarations took 0 ms 
416056     INFO  Test worker     d.u.i.k.n.KeyIO           Parsing took 0 ms 
416056     INFO  Test worker     d.u.i.k.n.KeyIO           MODE: declarations took 0 ms 
416056     INFO  Test worker     d.u.i.k.n.KeyIO           Parsing took 0 ms 
416056     INFO  Test worker     d.u.i.k.n.KeyIO           MODE: declarations took 0 ms 
419102     INFO  Test worker     d.u.i.k.n.KeyIO           Parsing took 0 ms 
419102     INFO  Test worker     d.u.i.k.n.KeyIO           MODE: declarations took 0 ms 
419102     INFO  Test worker     d.u.i.k.n.KeyIO           Parsing took 0 ms 
419102     INFO  Test worker     d.u.i.k.n.KeyIO           MODE: declarations took 0 ms 
419102     INFO  Test worker     d.u.i.k.n.KeyIO           Parsing took 0 ms 
419102     INFO  Test worker     d.u.i.k.n.KeyIO           MODE: declarations took 0 ms 
419102     INFO  Test worker     d.u.i.k.n.KeyIO           Parsing took 0 ms 
419102     INFO  Test worker     d.u.i.k.n.KeyIO           MODE: declarations took 0 ms 
419102     INFO  Test worker     d.u.i.k.n.KeyIO           Parsing took 0 ms 
419102     INFO  Test worker     d.u.i.k.n.KeyIO           MODE: declarations took 0 ms 
422158     INFO  Test worker     d.u.i.k.n.KeyIO           Parsing took 0 ms 
422158     INFO  Test worker     d.u.i.k.n.KeyIO           MODE: declarations took 0 ms 
422158     INFO  Test worker     d.u.i.k.n.KeyIO           Parsing took 0 ms 
422158     INFO  Test worker     d.u.i.k.n.KeyIO           MODE: declarations took 0 ms 
422173     INFO  Test worker     d.u.i.k.n.KeyIO           Parsing took 0 ms 
422173     INFO  Test worker     d.u.i.k.n.KeyIO           MODE: declarations took 0 ms 
422173     INFO  Test worker     d.u.i.k.n.KeyIO           Parsing took 0 ms 
422173     INFO  Test worker     d.u.i.k.n.KeyIO           MODE: declarations took 0 ms 
422173     INFO  Test worker     d.u.i.k.n.KeyIO           Parsing took 0 ms 
422173     INFO  Test worker     d.u.i.k.n.KeyIO           MODE: declarations took 0 ms 
425160     INFO  Test worker     d.u.i.k.n.KeyIO           Parsing took 0 ms 
425160     INFO  Test worker     d.u.i.k.n.KeyIO           MODE: declarations took 0 ms 
425160     INFO  Test worker     d.u.i.k.n.KeyIO           Parsing took 0 ms 
425160     INFO  Test worker     d.u.i.k.n.KeyIO           MODE: declarations took 0 ms 
425160     INFO  Test worker     d.u.i.k.n.KeyIO           Parsing took 0 ms 
425160     INFO  Test worker     d.u.i.k.n.KeyIO           MODE: declarations took 0 ms 
425160     INFO  Test worker     d.u.i.k.n.KeyIO           Parsing took 0 ms 
425160     INFO  Test worker     d.u.i.k.n.KeyIO           MODE: declarations took 0 ms 
425160     INFO  Test worker     d.u.i.k.n.KeyIO           Parsing took 0 ms 
425160     INFO  Test worker     d.u.i.k.n.KeyIO           MODE: declarations took 0 ms 
428361     INFO  Test worker     d.u.i.k.n.KeyIO           Parsing took 0 ms 
428361     INFO  Test worker     d.u.i.k.n.KeyIO           MODE: declarations took 0 ms 
428361     INFO  Test worker     d.u.i.k.n.KeyIO           Parsing took 0 ms 
428361     INFO  Test worker     d.u.i.k.n.KeyIO           MODE: declarations took 0 ms 
428361     INFO  Test worker     d.u.i.k.n.KeyIO           Parsing took 0 ms 
428361     INFO  Test worker     d.u.i.k.n.KeyIO           MODE: declarations took 0 ms 
428361     INFO  Test worker     d.u.i.k.n.KeyIO           Parsing took 0 ms 
428361     INFO  Test worker     d.u.i.k.n.KeyIO           MODE: declarations took 0 ms 
428361     INFO  Test worker     d.u.i.k.n.KeyIO           Parsing took 0 ms 
428361     INFO  Test worker     d.u.i.k.n.KeyIO           MODE: declarations took 0 ms 
431549     INFO  Test worker     d.u.i.k.n.KeyIO           Parsing took 0 ms 
431549     INFO  Test worker     d.u.i.k.n.KeyIO           MODE: declarations took 0 ms 
431549     INFO  Test worker     d.u.i.k.n.KeyIO           Parsing took 0 ms 
431549     INFO  Test worker     d.u.i.k.n.KeyIO           MODE: declarations took 0 ms 
431549     INFO  Test worker     d.u.i.k.n.KeyIO           Parsing took 0 ms 
431565     INFO  Test worker     d.u.i.k.n.KeyIO           MODE: declarations took 0 ms 
431565     INFO  Test worker     d.u.i.k.n.KeyIO           Parsing took 0 ms 
431565     INFO  Test worker     d.u.i.k.n.KeyIO           MODE: declarations took 0 ms 
431565     INFO  Test worker     d.u.i.k.n.KeyIO           Parsing took 0 ms 
431565     INFO  Test worker     d.u.i.k.n.KeyIO           MODE: declarations took 0 ms 
434671     INFO  Test worker     d.u.i.k.n.KeyIO           Parsing took 0 ms 
434671     INFO  Test worker     d.u.i.k.n.KeyIO           MODE: declarations took 0 ms 
434671     INFO  Test worker     d.u.i.k.n.KeyIO           Parsing took 0 ms 
434671     INFO  Test worker     d.u.i.k.n.KeyIO           MODE: declarations took 0 ms 
434671     INFO  Test worker     d.u.i.k.n.KeyIO           Parsing took 0 ms 
434671     INFO  Test worker     d.u.i.k.n.KeyIO           MODE: declarations took 0 ms 
434671     INFO  Test worker     d.u.i.k.n.KeyIO           Parsing took 0 ms 
434671     INFO  Test worker     d.u.i.k.n.KeyIO           MODE: declarations took 0 ms 
434671     INFO  Test worker     d.u.i.k.n.KeyIO           Parsing took 0 ms 
434671     INFO  Test worker     d.u.i.k.n.KeyIO           MODE: declarations took 0 ms 
437681     INFO  Test worker     d.u.i.k.n.KeyIO           Parsing took 0 ms 
437681     INFO  Test worker     d.u.i.k.n.KeyIO           MODE: declarations took 0 ms 
437681     INFO  Test worker     d.u.i.k.n.KeyIO           Parsing took 0 ms 
437681     INFO  Test worker     d.u.i.k.n.KeyIO           MODE: declarations took 0 ms 
437681     INFO  Test worker     d.u.i.k.n.KeyIO           Parsing took 0 ms 
437681     INFO  Test worker     d.u.i.k.n.KeyIO           MODE: declarations took 0 ms 
437681     INFO  Test worker     d.u.i.k.n.KeyIO           Parsing took 0 ms 
437681     INFO  Test worker     d.u.i.k.n.KeyIO           MODE: declarations took 0 ms 
437681     INFO  Test worker     d.u.i.k.n.KeyIO           Parsing took 0 ms 
437681     INFO  Test worker     d.u.i.k.n.KeyIO           MODE: declarations took 0 ms 
440621     INFO  Test worker     d.u.i.k.n.KeyIO           Parsing took 0 ms 
440621     INFO  Test worker     d.u.i.k.n.KeyIO           MODE: declarations took 0 ms 
440621     INFO  Test worker     d.u.i.k.n.KeyIO           Parsing took 0 ms 
440621     INFO  Test worker     d.u.i.k.n.KeyIO           MODE: declarations took 0 ms 
440621     INFO  Test worker     d.u.i.k.n.KeyIO           Parsing took 0 ms 
440621     INFO  Test worker     d.u.i.k.n.KeyIO           MODE: declarations took 0 ms 
440621     INFO  Test worker     d.u.i.k.n.KeyIO           Parsing took 0 ms 
440621     INFO  Test worker     d.u.i.k.n.KeyIO           MODE: declarations took 0 ms 
440621     INFO  Test worker     d.u.i.k.n.KeyIO           Parsing took 0 ms 
440621     INFO  Test worker     d.u.i.k.n.KeyIO           MODE: declarations took 0 ms 
443635     INFO  Test worker     d.u.i.k.n.KeyIO           Parsing took 0 ms 
443635     INFO  Test worker     d.u.i.k.n.KeyIO           MODE: declarations took 0 ms 
443635     INFO  Test worker     d.u.i.k.n.KeyIO           Parsing took 0 ms 
443635     INFO  Test worker     d.u.i.k.n.KeyIO           MODE: declarations took 0 ms 
443635     INFO  Test worker     d.u.i.k.n.KeyIO           Parsing took 0 ms 
443635     INFO  Test worker     d.u.i.k.n.KeyIO           MODE: declarations took 0 ms 
443635     INFO  Test worker     d.u.i.k.n.KeyIO           Parsing took 0 ms 
443635     INFO  Test worker     d.u.i.k.n.KeyIO           MODE: declarations took 0 ms 
443635     INFO  Test worker     d.u.i.k.n.KeyIO           Parsing took 0 ms 
443635     INFO  Test worker     d.u.i.k.n.KeyIO           MODE: declarations took 0 ms 
446629     INFO  Test worker     d.u.i.k.n.KeyIO           Parsing took 0 ms 
446629     INFO  Test worker     d.u.i.k.n.KeyIO           MODE: declarations took 0 ms 
446629     INFO  Test worker     d.u.i.k.n.KeyIO           Parsing took 0 ms 
446629     INFO  Test worker     d.u.i.k.n.KeyIO           MODE: declarations took 0 ms 
446629     INFO  Test worker     d.u.i.k.n.KeyIO           Parsing took 0 ms 
446629     INFO  Test worker     d.u.i.k.n.KeyIO           MODE: declarations took 0 ms 
446629     INFO  Test worker     d.u.i.k.n.KeyIO           Parsing took 0 ms 
446629     INFO  Test worker     d.u.i.k.n.KeyIO           MODE: declarations took 0 ms 
446629     INFO  Test worker     d.u.i.k.n.KeyIO           Parsing took 0 ms 
446629     INFO  Test worker     d.u.i.k.n.KeyIO           MODE: declarations took 0 ms 
449661     INFO  Test worker     d.u.i.k.n.KeyIO           Parsing took 0 ms 
449661     INFO  Test worker     d.u.i.k.n.KeyIO           MODE: declarations took 0 ms 
449661     INFO  Test worker     d.u.i.k.n.KeyIO           Parsing took 0 ms 
449661     INFO  Test worker     d.u.i.k.n.KeyIO           MODE: declarations took 0 ms 
449661     INFO  Test worker     d.u.i.k.n.KeyIO           Parsing took 0 ms 
449661     INFO  Test worker     d.u.i.k.n.KeyIO           MODE: declarations took 0 ms 
449661     INFO  Test worker     d.u.i.k.n.KeyIO           Parsing took 0 ms 
449661     INFO  Test worker     d.u.i.k.n.KeyIO           MODE: declarations took 0 ms 
449661     INFO  Test worker     d.u.i.k.n.KeyIO           Parsing took 0 ms 
449661     INFO  Test worker     d.u.i.k.n.KeyIO           MODE: declarations took 0 ms 
452659     INFO  Test worker     d.u.i.k.n.KeyIO           Parsing took 0 ms 
452659     INFO  Test worker     d.u.i.k.n.KeyIO           MODE: declarations took 0 ms 
452659     INFO  Test worker     d.u.i.k.n.KeyIO           Parsing took 0 ms 
452659     INFO  Test worker     d.u.i.k.n.KeyIO           MODE: declarations took 0 ms 
452675     INFO  Test worker     d.u.i.k.n.KeyIO           Parsing took 0 ms 
452675     INFO  Test worker     d.u.i.k.n.KeyIO           MODE: declarations took 0 ms 
452675     INFO  Test worker     d.u.i.k.n.KeyIO           Parsing took 0 ms 
452675     INFO  Test worker     d.u.i.k.n.KeyIO           MODE: declarations took 0 ms 
452675     INFO  Test worker     d.u.i.k.n.KeyIO           Parsing took 0 ms 
452675     INFO  Test worker     d.u.i.k.n.KeyIO           MODE: declarations took 0 ms 
455681     INFO  Test worker     d.u.i.k.n.KeyIO           Parsing took 0 ms 
455681     INFO  Test worker     d.u.i.k.n.KeyIO           MODE: declarations took 0 ms 
455681     INFO  Test worker     d.u.i.k.n.KeyIO           Parsing took 0 ms 
455681     INFO  Test worker     d.u.i.k.n.KeyIO           MODE: declarations took 0 ms 
455681     INFO  Test worker     d.u.i.k.n.KeyIO           Parsing took 0 ms 
455681     INFO  Test worker     d.u.i.k.n.KeyIO           MODE: declarations took 0 ms 
455681     INFO  Test worker     d.u.i.k.n.KeyIO           Parsing took 0 ms 
455681     INFO  Test worker     d.u.i.k.n.KeyIO           MODE: declarations took 0 ms 
455681     INFO  Test worker     d.u.i.k.n.KeyIO           Parsing took 0 ms 
455681     INFO  Test worker     d.u.i.k.n.KeyIO           MODE: declarations took 0 ms 
458640     INFO  Test worker     d.u.i.k.n.KeyIO           Parsing took 0 ms 
458640     INFO  Test worker     d.u.i.k.n.KeyIO           MODE: declarations took 0 ms 
458640     INFO  Test worker     d.u.i.k.n.KeyIO           Parsing took 0 ms 
458640     INFO  Test worker     d.u.i.k.n.KeyIO           MODE: declarations took 0 ms 
458640     INFO  Test worker     d.u.i.k.n.KeyIO           Parsing took 0 ms 
458640     INFO  Test worker     d.u.i.k.n.KeyIO           MODE: declarations took 0 ms 
458640     INFO  Test worker     d.u.i.k.n.KeyIO           Parsing took 0 ms 
458640     INFO  Test worker     d.u.i.k.n.KeyIO           MODE: declarations took 0 ms 
458640     INFO  Test worker     d.u.i.k.n.KeyIO           Parsing took 0 ms 
458640     INFO  Test worker     d.u.i.k.n.KeyIO           MODE: declarations took 0 ms 
]]></system-out>
  <system-err><![CDATA[]]></system-err>
</testsuite>
