<?xml version="1.0" encoding="UTF-8"?>
<testsuite name="de.uka.ilkd.key.parser.TestTermParserSorts" tests="2" skipped="0" failures="0" errors="0" timestamp="2023-04-10T21:15:04" hostname="fv-az931-323" time="3.126">
  <properties/>
  <testcase name="testParseIntegerArgs()" classname="de.uka.ilkd.key.parser.TestTermParserSorts" time="0.014"/>
  <testcase name="testParseSequencePrettySyntax()" classname="de.uka.ilkd.key.parser.TestTermParserSorts" time="0.002"/>
  <system-out><![CDATA[461645     INFO  Test worker     d.u.i.k.n.KeyIO           Parsing took 0 ms 
461645     INFO  Test worker     d.u.i.k.n.KeyIO           MODE: declarations took 0 ms 
461645     INFO  Test worker     d.u.i.k.n.KeyIO           Parsing took 0 ms 
461645     INFO  Test worker     d.u.i.k.n.KeyIO           MODE: declarations took 0 ms 
461645     INFO  Test worker     d.u.i.k.n.KeyIO           Parsing took 0 ms 
461645     INFO  Test worker     d.u.i.k.n.KeyIO           MODE: declarations took 0 ms 
464769     INFO  Test worker     d.u.i.k.n.KeyIO           Parsing took 0 ms 
464769     INFO  Test worker     d.u.i.k.n.KeyIO           MODE: declarations took 0 ms 
464769     INFO  Test worker     d.u.i.k.n.KeyIO           Parsing took 0 ms 
464769     INFO  Test worker     d.u.i.k.n.KeyIO           MODE: declarations took 0 ms 
464769     INFO  Test worker     d.u.i.k.n.KeyIO           Parsing took 0 ms 
464769     INFO  Test worker     d.u.i.k.n.KeyIO           MODE: declarations took 0 ms 
]]></system-out>
  <system-err><![CDATA[]]></system-err>
</testsuite>
