<?xml version="1.0" encoding="UTF-8"?>
<testsuite name="de.uka.ilkd.key.parser.TestDeclParser" tests="14" skipped="2" failures="0" errors="0" timestamp="2023-04-10T21:11:18" hostname="fv-az931-323" time="13.289">
  <properties/>
  <testcase name="testGenericSortDecl1()" classname="de.uka.ilkd.key.parser.TestDeclParser" time="1.087"/>
  <testcase name="testGenericSortDecl2()" classname="de.uka.ilkd.key.parser.TestDeclParser" time="1.094"/>
  <testcase name="testGenericSortDecl3()" classname="de.uka.ilkd.key.parser.TestDeclParser" time="1.038"/>
  <testcase name="testGenericSortDecl4()" classname="de.uka.ilkd.key.parser.TestDeclParser" time="1.046"/>
  <testcase name="testGenericSortDecl5()" classname="de.uka.ilkd.key.parser.TestDeclParser" time="0.0">
    <skipped/>
  </testcase>
  <testcase name="testGenericSortDecl6()" classname="de.uka.ilkd.key.parser.TestDeclParser" time="1.127"/>
  <testcase name="testSortDecl()" classname="de.uka.ilkd.key.parser.TestDeclParser" time="0.998"/>
  <testcase name="testProxySortDecl()" classname="de.uka.ilkd.key.parser.TestDeclParser" time="1.038"/>
  <testcase name="testArrayDecl()" classname="de.uka.ilkd.key.parser.TestDeclParser" time="1.125"/>
  <testcase name="testAmbiguousDecls()" classname="de.uka.ilkd.key.parser.TestDeclParser" time="0.0">
    <skipped/>
  </testcase>
  <testcase name="testHeurDecl()" classname="de.uka.ilkd.key.parser.TestDeclParser" time="1.232"/>
  <testcase name="testFunctionDecl()" classname="de.uka.ilkd.key.parser.TestDeclParser" time="1.202"/>
  <testcase name="testPredicateDecl()" classname="de.uka.ilkd.key.parser.TestDeclParser" time="1.201"/>
  <testcase name="testSVDecl()" classname="de.uka.ilkd.key.parser.TestDeclParser" time="1.094"/>
  <system-out><![CDATA[237588     INFO  Test worker     d.u.i.k.n.KeyIO           Parsing took 0 ms 
237588     INFO  Test worker     d.u.i.k.n.KeyIO           MODE: declarations took 0 ms 
238674     INFO  Test worker     d.u.i.k.n.KeyIO           Parsing took 0 ms 
238674     INFO  Test worker     d.u.i.k.n.KeyIO           MODE: declarations took 0 ms 
239718     INFO  Test worker     d.u.i.k.n.KeyIO           Parsing took 0 ms 
239718     INFO  Test worker     d.u.i.k.n.KeyIO           MODE: declarations took 0 ms 
240768     INFO  Test worker     d.u.i.k.n.KeyIO           Parsing took 0 ms 
240768     INFO  Test worker     d.u.i.k.n.KeyIO           MODE: declarations took 0 ms 
241898     INFO  Test worker     d.u.i.k.n.KeyIO           Parsing took 0 ms 
241898     INFO  Test worker     d.u.i.k.n.KeyIO           MODE: declarations took 0 ms 
242895     INFO  Test worker     d.u.i.k.n.KeyIO           Parsing took 0 ms 
242895     INFO  Test worker     d.u.i.k.n.KeyIO           MODE: declarations took 0 ms 
243934     INFO  Test worker     d.u.i.k.n.KeyIO           Parsing took 0 ms 
243934     INFO  Test worker     d.u.i.k.n.KeyIO           MODE: declarations took 0 ms 
245068     INFO  Test worker     d.u.i.k.n.KeyIO           Parsing took 0 ms 
245068     INFO  Test worker     d.u.i.k.n.KeyIO           MODE: declarations took 0 ms 
246288     INFO  Test worker     d.u.i.k.n.KeyIO           Parsing took 0 ms 
246304     INFO  Test worker     d.u.i.k.n.KeyIO           MODE: declarations took 0 ms 
247495     INFO  Test worker     d.u.i.k.n.KeyIO           Parsing took 0 ms 
247495     INFO  Test worker     d.u.i.k.n.KeyIO           MODE: declarations took 0 ms 
248699     INFO  Test worker     d.u.i.k.n.KeyIO           Parsing took 0 ms 
248699     INFO  Test worker     d.u.i.k.n.KeyIO           MODE: declarations took 0 ms 
249788     INFO  Test worker     d.u.i.k.n.KeyIO           Parsing took 0 ms 
249788     INFO  Test worker     d.u.i.k.n.KeyIO           MODE: declarations took 0 ms 
]]></system-out>
  <system-err><![CDATA[]]></system-err>
</testsuite>
