<?xml version="1.0" encoding="UTF-8"?>
<testsuite name="de.uka.ilkd.key.logic.TestClashFreeSubst" tests="14" skipped="2" failures="0" errors="0" timestamp="2023-04-10T21:08:02" hostname="fv-az931-323" time="52.674">
  <properties/>
  <testcase name="testMultiShareBound()" classname="de.uka.ilkd.key.logic.TestClashFreeSubst" time="1.049"/>
  <testcase name="testClash()" classname="de.uka.ilkd.key.logic.TestClashFreeSubst" time="0.966"/>
  <testcase name="testShare()" classname="de.uka.ilkd.key.logic.TestClashFreeSubst" time="0.994"/>
  <testcase name="testSubst()" classname="de.uka.ilkd.key.logic.TestClashFreeSubst" time="1.069"/>
  <testcase name="testWary0()" classname="de.uka.ilkd.key.logic.TestClashFreeSubst" time="0.955"/>
  <testcase name="testWary1()" classname="de.uka.ilkd.key.logic.TestClashFreeSubst" time="1.09"/>
  <testcase name="testWary2()" classname="de.uka.ilkd.key.logic.TestClashFreeSubst" time="0.995"/>
  <testcase name="testClashInSubstTerm()" classname="de.uka.ilkd.key.logic.TestClashFreeSubst" time="0.904"/>
  <testcase name="testShareWary()" classname="de.uka.ilkd.key.logic.TestClashFreeSubst" time="0.968"/>
  <testcase name="testMultiSubst()" classname="de.uka.ilkd.key.logic.TestClashFreeSubst" time="0.948"/>
  <testcase name="xtestMultiClash()" classname="de.uka.ilkd.key.logic.TestClashFreeSubst" time="0.0">
    <skipped/>
  </testcase>
  <testcase name="testSubstInSubstTerm()" classname="de.uka.ilkd.key.logic.TestClashFreeSubst" time="0.907"/>
  <testcase name="testSubstWary()" classname="de.uka.ilkd.key.logic.TestClashFreeSubst" time="0.931"/>
  <testcase name="xtestMultiClash1()" classname="de.uka.ilkd.key.logic.TestClashFreeSubst" time="0.0">
    <skipped/>
  </testcase>
  <system-out><![CDATA[40371      INFO  Test worker     d.u.i.k.n.KeyIO           Parsing took 0 ms 
40371      INFO  Test worker     d.u.i.k.n.KeyIO           MODE: declarations took 0 ms 
41418      INFO  Test worker     d.u.i.k.n.KeyIO           Parsing took 0 ms 
41418      INFO  Test worker     d.u.i.k.n.KeyIO           MODE: declarations took 0 ms 
44818      INFO  Test worker     d.u.i.k.n.KeyIO           Parsing took 0 ms 
44833      INFO  Test worker     d.u.i.k.n.KeyIO           MODE: declarations took 0 ms 
45774      INFO  Test worker     d.u.i.k.n.KeyIO           Parsing took 0 ms 
45774      INFO  Test worker     d.u.i.k.n.KeyIO           MODE: declarations took 0 ms 
48976      INFO  Test worker     d.u.i.k.n.KeyIO           Parsing took 0 ms 
48976      INFO  Test worker     d.u.i.k.n.KeyIO           MODE: declarations took 0 ms 
49954      INFO  Test worker     d.u.i.k.n.KeyIO           Parsing took 0 ms 
49954      INFO  Test worker     d.u.i.k.n.KeyIO           MODE: declarations took 0 ms 
53063      INFO  Test worker     d.u.i.k.n.KeyIO           Parsing took 0 ms 
53063      INFO  Test worker     d.u.i.k.n.KeyIO           MODE: declarations took 0 ms 
54140      INFO  Test worker     d.u.i.k.n.KeyIO           Parsing took 0 ms 
54140      INFO  Test worker     d.u.i.k.n.KeyIO           MODE: declarations took 0 ms 
57243      INFO  Test worker     d.u.i.k.n.KeyIO           Parsing took 0 ms 
57243      INFO  Test worker     d.u.i.k.n.KeyIO           MODE: declarations took 0 ms 
58178      INFO  Test worker     d.u.i.k.n.KeyIO           Parsing took 0 ms 
58178      INFO  Test worker     d.u.i.k.n.KeyIO           MODE: declarations took 0 ms 
61378      INFO  Test worker     d.u.i.k.n.KeyIO           Parsing took 0 ms 
61378      INFO  Test worker     d.u.i.k.n.KeyIO           MODE: declarations took 0 ms 
62464      INFO  Test worker     d.u.i.k.n.KeyIO           Parsing took 0 ms 
62464      INFO  Test worker     d.u.i.k.n.KeyIO           MODE: declarations took 0 ms 
65723      INFO  Test worker     d.u.i.k.n.KeyIO           Parsing took 0 ms 
65739      INFO  Test worker     d.u.i.k.n.KeyIO           MODE: declarations took 0 ms 
66716      INFO  Test worker     d.u.i.k.n.KeyIO           Parsing took 0 ms 
66716      INFO  Test worker     d.u.i.k.n.KeyIO           MODE: declarations took 0 ms 
69912      INFO  Test worker     d.u.i.k.n.KeyIO           Parsing took 0 ms 
69912      INFO  Test worker     d.u.i.k.n.KeyIO           MODE: declarations took 0 ms 
70814      INFO  Test worker     d.u.i.k.n.KeyIO           Parsing took 0 ms 
70814      INFO  Test worker     d.u.i.k.n.KeyIO           MODE: declarations took 0 ms 
73983      INFO  Test worker     d.u.i.k.n.KeyIO           Parsing took 0 ms 
73998      INFO  Test worker     d.u.i.k.n.KeyIO           MODE: declarations took 0 ms 
74945      INFO  Test worker     d.u.i.k.n.KeyIO           Parsing took 0 ms 
74945      INFO  Test worker     d.u.i.k.n.KeyIO           MODE: declarations took 0 ms 
78066      INFO  Test worker     d.u.i.k.n.KeyIO           Parsing took 0 ms 
78066      INFO  Test worker     d.u.i.k.n.KeyIO           MODE: declarations took 0 ms 
79013      INFO  Test worker     d.u.i.k.n.KeyIO           Parsing took 0 ms 
79013      INFO  Test worker     d.u.i.k.n.KeyIO           MODE: declarations took 0 ms 
85152      INFO  Test worker     d.u.i.k.n.KeyIO           Parsing took 0 ms 
85152      INFO  Test worker     d.u.i.k.n.KeyIO           MODE: declarations took 0 ms 
86043      INFO  Test worker     d.u.i.k.n.KeyIO           Parsing took 0 ms 
86043      INFO  Test worker     d.u.i.k.n.KeyIO           MODE: declarations took 0 ms 
89109      INFO  Test worker     d.u.i.k.n.KeyIO           Parsing took 0 ms 
89109      INFO  Test worker     d.u.i.k.n.KeyIO           MODE: declarations took 0 ms 
90041      INFO  Test worker     d.u.i.k.n.KeyIO           Parsing took 0 ms 
90041      INFO  Test worker     d.u.i.k.n.KeyIO           MODE: declarations took 0 ms 
]]></system-out>
  <system-err><![CDATA[]]></system-err>
</testsuite>
