<?xml version="1.0" encoding="UTF-8"?>
<testsuite name="de.uka.ilkd.key.taclettranslation.TestTacletTranslator" tests="5" skipped="0" failures="0" errors="0" timestamp="2023-04-10T21:21:54" hostname="fv-az931-323" time="0.023">
  <properties/>
  <testcase name="testPropositional1()" classname="de.uka.ilkd.key.taclettranslation.TestTacletTranslator" time="0.009"/>
  <testcase name="testPropositional2()" classname="de.uka.ilkd.key.taclettranslation.TestTacletTranslator" time="0.003"/>
  <testcase name="testNegativePolarity()" classname="de.uka.ilkd.key.taclettranslation.TestTacletTranslator" time="0.004"/>
  <testcase name="testNoPolarity()" classname="de.uka.ilkd.key.taclettranslation.TestTacletTranslator" time="0.003"/>
  <testcase name="testPositivePolarity()" classname="de.uka.ilkd.key.taclettranslation.TestTacletTranslator" time="0.003"/>
  <system-out><![CDATA[872387     INFO  Test worker     d.u.i.k.n.KeyIO           Parsing took 0 ms 
872387     INFO  Test worker     d.u.i.k.n.KeyIO           MODE: declarations took 0 ms 
872403     INFO  Test worker     d.u.i.k.n.KeyIO           Parsing took 0 ms 
872403     INFO  Test worker     d.u.i.k.n.KeyIO           MODE: declarations took 0 ms 
872403     INFO  Test worker     d.u.i.k.n.KeyIO           Parsing took 0 ms 
872403     INFO  Test worker     d.u.i.k.n.KeyIO           MODE: declarations took 0 ms 
872403     INFO  Test worker     d.u.i.k.n.KeyIO           Parsing took 0 ms 
872403     INFO  Test worker     d.u.i.k.n.KeyIO           MODE: declarations took 0 ms 
872403     INFO  Test worker     d.u.i.k.n.KeyIO           Parsing took 0 ms 
872403     INFO  Test worker     d.u.i.k.n.KeyIO           MODE: declarations took 0 ms 
]]></system-out>
  <system-err><![CDATA[]]></system-err>
</testsuite>
