<?xml version="1.0" encoding="UTF-8"?>
<testsuite name="de.uka.ilkd.key.parser.TestTermParser" tests="47" skipped="4" failures="0" errors="0" timestamp="2023-04-10T21:12:58" hostname="fv-az931-323" time="3.152">
  <properties/>
  <testcase name="testNotEqual()" classname="de.uka.ilkd.key.parser.TestTermParser" time="0.003"/>
  <testcase name="testProgramVariables()" classname="de.uka.ilkd.key.parser.TestTermParser" time="0.086"/>
  <testcase name="testAttributeWithSpecifiedSortOnObject()" classname="de.uka.ilkd.key.parser.TestTermParser" time="0.019"/>
  <testcase name="testCast()" classname="de.uka.ilkd.key.parser.TestTermParser" time="0.002"/>
  <testcase name="testJavaQueryAndAttribute_all()" classname="de.uka.ilkd.key.parser.TestTermParser" time="0.0">
    <skipped/>
  </testcase>
  <testcase name="test10()" classname="de.uka.ilkd.key.parser.TestTermParser" time="0.006"/>
  <testcase name="test11()" classname="de.uka.ilkd.key.parser.TestTermParser" time="0.004"/>
  <testcase name="test12()" classname="de.uka.ilkd.key.parser.TestTermParser" time="0.0">
    <skipped/>
  </testcase>
  <testcase name="test13()" classname="de.uka.ilkd.key.parser.TestTermParser" time="0.006"/>
  <testcase name="test14()" classname="de.uka.ilkd.key.parser.TestTermParser" time="0.006"/>
  <testcase name="test1a()" classname="de.uka.ilkd.key.parser.TestTermParser" time="0.003"/>
  <testcase name="testJavaAttributeAccess_4()" classname="de.uka.ilkd.key.parser.TestTermParser" time="0.003"/>
  <testcase name="testAttributeOnObject()" classname="de.uka.ilkd.key.parser.TestTermParser" time="0.003"/>
  <testcase name="testNegativeLiteralParsing1()" classname="de.uka.ilkd.key.parser.TestTermParser" time="0.002"/>
  <testcase name="testNegativeLiteralParsing2()" classname="de.uka.ilkd.key.parser.TestTermParser" time="0.002"/>
  <testcase name="testNegativeLiteralParsing3()" classname="de.uka.ilkd.key.parser.TestTermParser" time="0.003"/>
  <testcase name="xtestParsingArrayWithSpaces()" classname="de.uka.ilkd.key.parser.TestTermParser" time="0.0">
    <skipped/>
  </testcase>
  <testcase name="testAmbigiousFuncVarPred()" classname="de.uka.ilkd.key.parser.TestTermParser" time="0.001"/>
  <testcase name="test1()" classname="de.uka.ilkd.key.parser.TestTermParser" time="0.002"/>
  <testcase name="test2()" classname="de.uka.ilkd.key.parser.TestTermParser" time="0.002"/>
  <testcase name="test3()" classname="de.uka.ilkd.key.parser.TestTermParser" time="0.003"/>
  <testcase name="test5()" classname="de.uka.ilkd.key.parser.TestTermParser" time="0.01"/>
  <testcase name="test6()" classname="de.uka.ilkd.key.parser.TestTermParser" time="0.006"/>
  <testcase name="test7()" classname="de.uka.ilkd.key.parser.TestTermParser" time="0.003"/>
  <testcase name="test8()" classname="de.uka.ilkd.key.parser.TestTermParser" time="0.003"/>
  <testcase name="test9()" classname="de.uka.ilkd.key.parser.TestTermParser" time="0.001"/>
  <testcase name="testBindingUpdateTerm()" classname="de.uka.ilkd.key.parser.TestTermParser" time="0.002"/>
  <testcase name="testJavaStaticQuery()" classname="de.uka.ilkd.key.parser.TestTermParser" time="0.003"/>
  <testcase name="testInfix1()" classname="de.uka.ilkd.key.parser.TestTermParser" time="0.002"/>
  <testcase name="testInfix2()" classname="de.uka.ilkd.key.parser.TestTermParser" time="0.003"/>
  <testcase name="testInfix3()" classname="de.uka.ilkd.key.parser.TestTermParser" time="0.002"/>
  <testcase name="testInfix4()" classname="de.uka.ilkd.key.parser.TestTermParser" time="0.002"/>
  <testcase name="testIfThenElse()" classname="de.uka.ilkd.key.parser.TestTermParser" time="0.025"/>
  <testcase name="testJavaAttributeAccessBoth_1()" classname="de.uka.ilkd.key.parser.TestTermParser" time="0.004"/>
  <testcase name="testJavaAttributeAccessBoth_2()" classname="de.uka.ilkd.key.parser.TestTermParser" time="0.003"/>
  <testcase name="testJavaAttributeAccessBoth_3()" classname="de.uka.ilkd.key.parser.TestTermParser" time="0.003"/>
  <testcase name="testBindingUpdateTerm_1()" classname="de.uka.ilkd.key.parser.TestTermParser" time="0.001"/>
  <testcase name="testBindingUpdateTerm_3()" classname="de.uka.ilkd.key.parser.TestTermParser" time="0.003"/>
  <testcase name="testBindingUpdateTerm_4()" classname="de.uka.ilkd.key.parser.TestTermParser" time="0.001"/>
  <testcase name="testBindingUpdateTerm_5()" classname="de.uka.ilkd.key.parser.TestTermParser" time="0.002"/>
  <testcase name="testBindingUpdateTerm_6()" classname="de.uka.ilkd.key.parser.TestTermParser" time="0.003"/>
  <testcase name="testBindingUpdateTerm_7()" classname="de.uka.ilkd.key.parser.TestTermParser" time="0.002"/>
  <testcase name="testBindingUpdateTerm_8()" classname="de.uka.ilkd.key.parser.TestTermParser" time="0.002"/>
  <testcase name="testParsingArray()" classname="de.uka.ilkd.key.parser.TestTermParser" time="0.004"/>
  <testcase name="xtestBindingUpdateTermOldBindingAlternative()" classname="de.uka.ilkd.key.parser.TestTermParser" time="0.0">
    <skipped/>
  </testcase>
  <testcase name="testJavaStaticQueryWithParameter()" classname="de.uka.ilkd.key.parser.TestTermParser" time="0.005"/>
  <testcase name="testParsingArrayCombination()" classname="de.uka.ilkd.key.parser.TestTermParser" time="0.003"/>
  <system-out><![CDATA[335892     INFO  Test worker     d.u.i.k.n.KeyIO           Parsing took 0 ms 
335907     INFO  Test worker     d.u.i.k.n.KeyIO           MODE: declarations took 0 ms 
335907     WARN  Test worker     d.u.i.k.j.r.KeYCrossReferenceNameInfo Datatype T declared twice: Once in UNKNOWN:unknown and once in UNKNOWN:unknown, Keeping one from UNKNOWN:unknown 
335970     INFO  Test worker     d.u.i.k.n.KeyIO           Parsing took 0 ms 
335985     INFO  Test worker     d.u.i.k.n.KeyIO           MODE: declarations took 0 ms 
336055     WARN  Test worker     d.u.i.k.j.r.KeYCrossReferenceNameInfo Datatype T declared twice: Once in UNKNOWN:unknown and once in UNKNOWN:unknown, Keeping one from UNKNOWN:unknown 
336118     INFO  Test worker     d.u.i.k.n.KeyIO           Parsing took 0 ms 
336133     INFO  Test worker     d.u.i.k.n.KeyIO           MODE: declarations took 0 ms 
336138     WARN  Test worker     d.u.i.k.j.r.KeYCrossReferenceNameInfo Datatype T declared twice: Once in UNKNOWN:unknown and once in UNKNOWN:unknown, Keeping one from UNKNOWN:unknown 
336191     INFO  Test worker     d.u.i.k.n.KeyIO           Parsing took 0 ms 
336191     INFO  Test worker     d.u.i.k.n.KeyIO           MODE: declarations took 0 ms 
336191     WARN  Test worker     d.u.i.k.j.r.KeYCrossReferenceNameInfo Datatype T declared twice: Once in UNKNOWN:unknown and once in UNKNOWN:unknown, Keeping one from UNKNOWN:unknown 
336253     WARN  Test worker     d.u.i.k.j.r.KeYCrossReferenceNameInfo Datatype T declared twice: Once in UNKNOWN:unknown and once in UNKNOWN:unknown, Keeping one from UNKNOWN:unknown 
336316     INFO  Test worker     d.u.i.k.n.KeyIO           Parsing took 0 ms 
336316     INFO  Test worker     d.u.i.k.n.KeyIO           MODE: declarations took 0 ms 
336316     INFO  Test worker     d.u.i.k.p.TestTermParser  Out: \<{
  int x = 1;
  {
    int s = 2;
  }
}\> (equals(x,x)) 
336316     WARN  Test worker     d.u.i.k.j.r.KeYCrossReferenceNameInfo Datatype T declared twice: Once in UNKNOWN:unknown and once in UNKNOWN:unknown, Keeping one from UNKNOWN:unknown 
336389     INFO  Test worker     d.u.i.k.n.KeyIO           Parsing took 0 ms 
336389     INFO  Test worker     d.u.i.k.n.KeyIO           MODE: declarations took 0 ms 
336389     INFO  Test worker     d.u.i.k.p.TestTermParser  Out: \[{
  int x = 2;
  {
    String s = ""}";
  }
}\] (true) 
336389     WARN  Test worker     d.u.i.k.j.r.KeYCrossReferenceNameInfo Datatype T declared twice: Once in UNKNOWN:unknown and once in UNKNOWN:unknown, Keeping one from UNKNOWN:unknown 
336452     WARN  Test worker     d.u.i.k.j.r.KeYCrossReferenceNameInfo Datatype T declared twice: Once in UNKNOWN:unknown and once in UNKNOWN:unknown, Keeping one from UNKNOWN:unknown 
336514     INFO  Test worker     d.u.i.k.n.KeyIO           Parsing took 0 ms 
336514     INFO  Test worker     d.u.i.k.n.KeyIO           MODE: declarations took 0 ms 
336514     WARN  Test worker     d.u.i.k.j.r.KeYCrossReferenceNameInfo Datatype T declared twice: Once in UNKNOWN:unknown and once in UNKNOWN:unknown, Keeping one from UNKNOWN:unknown 
336586     INFO  Test worker     d.u.i.k.n.KeyIO           Parsing took 0 ms 
336586     INFO  Test worker     d.u.i.k.n.KeyIO           MODE: declarations took 0 ms 
336586     INFO  Test worker     d.u.i.k.p.TestTermParser  Out: \<{
  int[] i;
}\> (diamond(true)) 
336586     WARN  Test worker     d.u.i.k.j.r.KeYCrossReferenceNameInfo Datatype T declared twice: Once in UNKNOWN:unknown and once in UNKNOWN:unknown, Keeping one from UNKNOWN:unknown 
336648     INFO  Test worker     d.u.i.k.n.KeyIO           Parsing took 0 ms 
336648     INFO  Test worker     d.u.i.k.n.KeyIO           MODE: declarations took 0 ms 
336648     WARN  Test worker     d.u.i.k.j.r.KeYCrossReferenceNameInfo Datatype T declared twice: Once in UNKNOWN:unknown and once in UNKNOWN:unknown, Keeping one from UNKNOWN:unknown 
336711     INFO  Test worker     d.u.i.k.n.KeyIO           Parsing took 0 ms 
336711     INFO  Test worker     d.u.i.k.n.KeyIO           MODE: declarations took 0 ms 
336711     WARN  Test worker     d.u.i.k.j.r.KeYCrossReferenceNameInfo Datatype T declared twice: Once in UNKNOWN:unknown and once in UNKNOWN:unknown, Keeping one from UNKNOWN:unknown 
336773     INFO  Test worker     d.u.i.k.n.KeyIO           Parsing took 0 ms 
336773     INFO  Test worker     d.u.i.k.n.KeyIO           MODE: declarations took 0 ms 
336773     WARN  Test worker     d.u.i.k.j.r.KeYCrossReferenceNameInfo Datatype T declared twice: Once in UNKNOWN:unknown and once in UNKNOWN:unknown, Keeping one from UNKNOWN:unknown 
336851     INFO  Test worker     d.u.i.k.n.KeyIO           Parsing took 0 ms 
336851     INFO  Test worker     d.u.i.k.n.KeyIO           MODE: declarations took 0 ms 
336851     WARN  Test worker     d.u.i.k.j.r.KeYCrossReferenceNameInfo Datatype T declared twice: Once in UNKNOWN:unknown and once in UNKNOWN:unknown, Keeping one from UNKNOWN:unknown 
336914     INFO  Test worker     d.u.i.k.n.KeyIO           Parsing took 0 ms 
336914     INFO  Test worker     d.u.i.k.n.KeyIO           MODE: declarations took 0 ms 
336914     WARN  Test worker     d.u.i.k.j.r.KeYCrossReferenceNameInfo Datatype T declared twice: Once in UNKNOWN:unknown and once in UNKNOWN:unknown, Keeping one from UNKNOWN:unknown 
336976     INFO  Test worker     d.u.i.k.n.KeyIO           Parsing took 0 ms 
336976     INFO  Test worker     d.u.i.k.n.KeyIO           MODE: declarations took 0 ms 
336976     WARN  Test worker     d.u.i.k.j.r.KeYCrossReferenceNameInfo Datatype T declared twice: Once in UNKNOWN:unknown and once in UNKNOWN:unknown, Keeping one from UNKNOWN:unknown 
337039     WARN  Test worker     d.u.i.k.j.r.KeYCrossReferenceNameInfo Datatype T declared twice: Once in UNKNOWN:unknown and once in UNKNOWN:unknown, Keeping one from UNKNOWN:unknown 
337102     INFO  Test worker     d.u.i.k.n.KeyIO           Parsing took 0 ms 
337102     INFO  Test worker     d.u.i.k.n.KeyIO           MODE: declarations took 0 ms 
337102     WARN  Test worker     d.u.i.k.j.r.KeYCrossReferenceNameInfo Datatype T declared twice: Once in UNKNOWN:unknown and once in UNKNOWN:unknown, Keeping one from UNKNOWN:unknown 
337164     INFO  Test worker     d.u.i.k.n.KeyIO           Parsing took 0 ms 
337164     INFO  Test worker     d.u.i.k.n.KeyIO           MODE: declarations took 0 ms 
337164     WARN  Test worker     d.u.i.k.j.r.KeYCrossReferenceNameInfo Datatype T declared twice: Once in UNKNOWN:unknown and once in UNKNOWN:unknown, Keeping one from UNKNOWN:unknown 
337227     INFO  Test worker     d.u.i.k.n.KeyIO           Parsing took 0 ms 
337227     INFO  Test worker     d.u.i.k.n.KeyIO           MODE: declarations took 0 ms 
337227     WARN  Test worker     d.u.i.k.j.r.KeYCrossReferenceNameInfo Datatype T declared twice: Once in UNKNOWN:unknown and once in UNKNOWN:unknown, Keeping one from UNKNOWN:unknown 
337289     INFO  Test worker     d.u.i.k.n.KeyIO           Parsing took 0 ms 
337289     INFO  Test worker     d.u.i.k.n.KeyIO           MODE: declarations took 0 ms 
337289     WARN  Test worker     d.u.i.k.j.r.KeYCrossReferenceNameInfo Datatype T declared twice: Once in UNKNOWN:unknown and once in UNKNOWN:unknown, Keeping one from UNKNOWN:unknown 
337352     INFO  Test worker     d.u.i.k.n.KeyIO           Parsing took 0 ms 
337367     INFO  Test worker     d.u.i.k.n.KeyIO           MODE: declarations took 0 ms 
337367     WARN  Test worker     d.u.i.k.j.r.KeYCrossReferenceNameInfo Datatype T declared twice: Once in UNKNOWN:unknown and once in UNKNOWN:unknown, Keeping one from UNKNOWN:unknown 
337446     INFO  Test worker     d.u.i.k.n.KeyIO           Parsing took 0 ms 
337446     INFO  Test worker     d.u.i.k.n.KeyIO           MODE: declarations took 0 ms 
337446     WARN  Test worker     d.u.i.k.j.r.KeYCrossReferenceNameInfo Datatype T declared twice: Once in UNKNOWN:unknown and once in UNKNOWN:unknown, Keeping one from UNKNOWN:unknown 
337524     INFO  Test worker     d.u.i.k.n.KeyIO           Parsing took 0 ms 
337524     INFO  Test worker     d.u.i.k.n.KeyIO           MODE: declarations took 0 ms 
337524     WARN  Test worker     d.u.i.k.j.r.KeYCrossReferenceNameInfo Datatype T declared twice: Once in UNKNOWN:unknown and once in UNKNOWN:unknown, Keeping one from UNKNOWN:unknown 
337590     INFO  Test worker     d.u.i.k.n.KeyIO           Parsing took 0 ms 
337590     INFO  Test worker     d.u.i.k.n.KeyIO           MODE: declarations took 0 ms 
337590     WARN  Test worker     d.u.i.k.j.r.KeYCrossReferenceNameInfo Datatype T declared twice: Once in UNKNOWN:unknown and once in UNKNOWN:unknown, Keeping one from UNKNOWN:unknown 
337662     INFO  Test worker     d.u.i.k.n.KeyIO           Parsing took 0 ms 
337662     INFO  Test worker     d.u.i.k.n.KeyIO           MODE: declarations took 0 ms 
337662     WARN  Test worker     d.u.i.k.j.r.KeYCrossReferenceNameInfo Datatype T declared twice: Once in UNKNOWN:unknown and once in UNKNOWN:unknown, Keeping one from UNKNOWN:unknown 
337725     INFO  Test worker     d.u.i.k.n.KeyIO           Parsing took 0 ms 
337725     INFO  Test worker     d.u.i.k.n.KeyIO           MODE: declarations took 0 ms 
337725     WARN  Test worker     d.u.i.k.j.r.KeYCrossReferenceNameInfo Datatype T declared twice: Once in UNKNOWN:unknown and once in UNKNOWN:unknown, Keeping one from UNKNOWN:unknown 
337787     INFO  Test worker     d.u.i.k.n.KeyIO           Parsing took 0 ms 
337787     INFO  Test worker     d.u.i.k.n.KeyIO           MODE: declarations took 0 ms 
337787     WARN  Test worker     d.u.i.k.j.r.KeYCrossReferenceNameInfo Datatype T declared twice: Once in UNKNOWN:unknown and once in UNKNOWN:unknown, Keeping one from UNKNOWN:unknown 
337850     INFO  Test worker     d.u.i.k.n.KeyIO           Parsing took 0 ms 
337850     INFO  Test worker     d.u.i.k.n.KeyIO           MODE: declarations took 0 ms 
337850     WARN  Test worker     d.u.i.k.j.r.KeYCrossReferenceNameInfo Datatype T declared twice: Once in UNKNOWN:unknown and once in UNKNOWN:unknown, Keeping one from UNKNOWN:unknown 
337912     INFO  Test worker     d.u.i.k.n.KeyIO           Parsing took 0 ms 
337912     INFO  Test worker     d.u.i.k.n.KeyIO           MODE: declarations took 0 ms 
337912     WARN  Test worker     d.u.i.k.j.r.KeYCrossReferenceNameInfo Datatype T declared twice: Once in UNKNOWN:unknown and once in UNKNOWN:unknown, Keeping one from UNKNOWN:unknown 
337975     INFO  Test worker     d.u.i.k.n.KeyIO           Parsing took 0 ms 
337975     INFO  Test worker     d.u.i.k.n.KeyIO           MODE: declarations took 0 ms 
337975     WARN  Test worker     d.u.i.k.j.r.KeYCrossReferenceNameInfo Datatype T declared twice: Once in UNKNOWN:unknown and once in UNKNOWN:unknown, Keeping one from UNKNOWN:unknown 
338037     INFO  Test worker     d.u.i.k.n.KeyIO           Parsing took 0 ms 
338037     INFO  Test worker     d.u.i.k.n.KeyIO           MODE: declarations took 0 ms 
338037     WARN  Test worker     d.u.i.k.j.r.KeYCrossReferenceNameInfo Datatype T declared twice: Once in UNKNOWN:unknown and once in UNKNOWN:unknown, Keeping one from UNKNOWN:unknown 
338100     INFO  Test worker     d.u.i.k.n.KeyIO           Parsing took 0 ms 
338100     INFO  Test worker     d.u.i.k.n.KeyIO           MODE: declarations took 0 ms 
338115     WARN  Test worker     d.u.i.k.j.r.KeYCrossReferenceNameInfo Datatype T declared twice: Once in UNKNOWN:unknown and once in UNKNOWN:unknown, Keeping one from UNKNOWN:unknown 
338197     INFO  Test worker     d.u.i.k.n.KeyIO           Parsing took 0 ms 
338197     INFO  Test worker     d.u.i.k.n.KeyIO           MODE: declarations took 0 ms 
338197     WARN  Test worker     d.u.i.k.j.r.KeYCrossReferenceNameInfo Datatype T declared twice: Once in UNKNOWN:unknown and once in UNKNOWN:unknown, Keeping one from UNKNOWN:unknown 
338260     INFO  Test worker     d.u.i.k.n.KeyIO           Parsing took 0 ms 
338260     INFO  Test worker     d.u.i.k.n.KeyIO           MODE: declarations took 0 ms 
338260     WARN  Test worker     d.u.i.k.j.r.KeYCrossReferenceNameInfo Datatype T declared twice: Once in UNKNOWN:unknown and once in UNKNOWN:unknown, Keeping one from UNKNOWN:unknown 
338322     INFO  Test worker     d.u.i.k.n.KeyIO           Parsing took 0 ms 
338322     INFO  Test worker     d.u.i.k.n.KeyIO           MODE: declarations took 0 ms 
338322     WARN  Test worker     d.u.i.k.j.r.KeYCrossReferenceNameInfo Datatype T declared twice: Once in UNKNOWN:unknown and once in UNKNOWN:unknown, Keeping one from UNKNOWN:unknown 
338385     INFO  Test worker     d.u.i.k.n.KeyIO           Parsing took 0 ms 
338385     INFO  Test worker     d.u.i.k.n.KeyIO           MODE: declarations took 0 ms 
338385     WARN  Test worker     d.u.i.k.j.r.KeYCrossReferenceNameInfo Datatype T declared twice: Once in UNKNOWN:unknown and once in UNKNOWN:unknown, Keeping one from UNKNOWN:unknown 
338495     INFO  Test worker     d.u.i.k.n.KeyIO           Parsing took 0 ms 
338495     INFO  Test worker     d.u.i.k.n.KeyIO           MODE: declarations took 0 ms 
338511     WARN  Test worker     d.u.i.k.j.r.KeYCrossReferenceNameInfo Datatype T declared twice: Once in UNKNOWN:unknown and once in UNKNOWN:unknown, Keeping one from UNKNOWN:unknown 
338558     INFO  Test worker     d.u.i.k.n.KeyIO           Parsing took 0 ms 
338573     INFO  Test worker     d.u.i.k.n.KeyIO           MODE: declarations took 0 ms 
338573     WARN  Test worker     d.u.i.k.j.r.KeYCrossReferenceNameInfo Datatype T declared twice: Once in UNKNOWN:unknown and once in UNKNOWN:unknown, Keeping one from UNKNOWN:unknown 
338620     INFO  Test worker     d.u.i.k.n.KeyIO           Parsing took 0 ms 
338620     INFO  Test worker     d.u.i.k.n.KeyIO           MODE: declarations took 0 ms 
338636     WARN  Test worker     d.u.i.k.j.r.KeYCrossReferenceNameInfo Datatype T declared twice: Once in UNKNOWN:unknown and once in UNKNOWN:unknown, Keeping one from UNKNOWN:unknown 
338683     INFO  Test worker     d.u.i.k.n.KeyIO           Parsing took 0 ms 
338683     INFO  Test worker     d.u.i.k.n.KeyIO           MODE: declarations took 0 ms 
338683     WARN  Test worker     d.u.i.k.j.r.KeYCrossReferenceNameInfo Datatype T declared twice: Once in UNKNOWN:unknown and once in UNKNOWN:unknown, Keeping one from UNKNOWN:unknown 
338752     INFO  Test worker     d.u.i.k.n.KeyIO           Parsing took 0 ms 
338752     INFO  Test worker     d.u.i.k.n.KeyIO           MODE: declarations took 0 ms 
338752     WARN  Test worker     d.u.i.k.j.r.KeYCrossReferenceNameInfo Datatype T declared twice: Once in UNKNOWN:unknown and once in UNKNOWN:unknown, Keeping one from UNKNOWN:unknown 
338815     INFO  Test worker     d.u.i.k.n.KeyIO           Parsing took 0 ms 
338815     INFO  Test worker     d.u.i.k.n.KeyIO           MODE: declarations took 0 ms 
338815     WARN  Test worker     d.u.i.k.j.r.KeYCrossReferenceNameInfo Datatype T declared twice: Once in UNKNOWN:unknown and once in UNKNOWN:unknown, Keeping one from UNKNOWN:unknown 
338877     INFO  Test worker     d.u.i.k.n.KeyIO           Parsing took 0 ms 
338877     INFO  Test worker     d.u.i.k.n.KeyIO           MODE: declarations took 0 ms 
338877     WARN  Test worker     d.u.i.k.j.r.KeYCrossReferenceNameInfo Datatype T declared twice: Once in UNKNOWN:unknown and once in UNKNOWN:unknown, Keeping one from UNKNOWN:unknown 
338924     WARN  Test worker     d.u.i.k.j.r.KeYCrossReferenceNameInfo Datatype T declared twice: Once in UNKNOWN:unknown and once in UNKNOWN:unknown, Keeping one from UNKNOWN:unknown 
338987     INFO  Test worker     d.u.i.k.n.KeyIO           Parsing took 0 ms 
338987     INFO  Test worker     d.u.i.k.n.KeyIO           MODE: declarations took 0 ms 
338987     WARN  Test worker     d.u.i.k.j.r.KeYCrossReferenceNameInfo Datatype T declared twice: Once in UNKNOWN:unknown and once in UNKNOWN:unknown, Keeping one from UNKNOWN:unknown 
339049     INFO  Test worker     d.u.i.k.n.KeyIO           Parsing took 0 ms 
339049     INFO  Test worker     d.u.i.k.n.KeyIO           MODE: declarations took 0 ms 
]]></system-out>
  <system-err><![CDATA[]]></system-err>
</testsuite>
