<?xml version="1.0" encoding="UTF-8"?>
<testsuite name="de.uka.ilkd.key.nparser.ParseLDTsTests" tests="2" skipped="0" failures="0" errors="0" timestamp="2023-04-18T15:47:04" hostname="fv-az89-623" time="0.886">
  <properties/>
  <testcase name="testLDT()" classname="de.uka.ilkd.key.nparser.ParseLDTsTests" time="0.044"/>
  <testcase name="testSR()" classname="de.uka.ilkd.key.nparser.ParseLDTsTests" time="0.841"/>
  <system-out><![CDATA[212874     INFO  Test worker     d.u.i.k.n.KeyIO           Parsing took 32 ms 
212874     INFO  Test worker     d.u.i.k.n.KeyIO           MODE: declarations took 0 ms 
213218     INFO  Test worker     d.u.i.k.n.KeyIO           Parsing took 310 ms 
213233     INFO  Test worker     d.u.i.k.n.KeyIO           MODE: declarations took 0 ms 
]]></system-out>
  <system-err><![CDATA[]]></system-err>
</testsuite>
