<?xml version="1.0" encoding="UTF-8"?>
<testsuite name="de.uka.ilkd.key.parser.TestTermParserSorts" tests="2" skipped="0" failures="0" errors="0" timestamp="2023-04-18T15:50:38" hostname="fv-az89-623" time="2.704">
  <properties/>
  <testcase name="testParseIntegerArgs()" classname="de.uka.ilkd.key.parser.TestTermParserSorts" time="0.017"/>
  <testcase name="testParseSequencePrettySyntax()" classname="de.uka.ilkd.key.parser.TestTermParserSorts" time="0.003"/>
  <system-out><![CDATA[426632     INFO  Test worker     d.u.i.k.n.KeyIO           Parsing took 0 ms 
426632     INFO  Test worker     d.u.i.k.n.KeyIO           MODE: declarations took 0 ms 
426632     INFO  Test worker     d.u.i.k.n.KeyIO           Parsing took 0 ms 
426632     INFO  Test worker     d.u.i.k.n.KeyIO           MODE: declarations took 0 ms 
426632     INFO  Test worker     d.u.i.k.n.KeyIO           Parsing took 0 ms 
426632     INFO  Test worker     d.u.i.k.n.KeyIO           MODE: declarations took 0 ms 
429337     INFO  Test worker     d.u.i.k.n.KeyIO           Parsing took 0 ms 
429337     INFO  Test worker     d.u.i.k.n.KeyIO           MODE: declarations took 0 ms 
429337     INFO  Test worker     d.u.i.k.n.KeyIO           Parsing took 0 ms 
429337     INFO  Test worker     d.u.i.k.n.KeyIO           MODE: declarations took 0 ms 
429337     INFO  Test worker     d.u.i.k.n.KeyIO           Parsing took 0 ms 
429337     INFO  Test worker     d.u.i.k.n.KeyIO           MODE: declarations took 0 ms 
]]></system-out>
  <system-err><![CDATA[]]></system-err>
</testsuite>
