<?xml version="1.0" encoding="UTF-8"?>
<testsuite name="de.uka.ilkd.key.parser.TestTermParser" tests="47" skipped="4" failures="0" errors="0" timestamp="2023-04-18T15:48:37" hostname="fv-az89-623" time="4.447">
  <properties/>
  <testcase name="testNotEqual()" classname="de.uka.ilkd.key.parser.TestTermParser" time="0.002"/>
  <testcase name="testProgramVariables()" classname="de.uka.ilkd.key.parser.TestTermParser" time="0.127"/>
  <testcase name="testAttributeWithSpecifiedSortOnObject()" classname="de.uka.ilkd.key.parser.TestTermParser" time="0.042"/>
  <testcase name="testCast()" classname="de.uka.ilkd.key.parser.TestTermParser" time="0.02"/>
  <testcase name="testJavaQueryAndAttribute_all()" classname="de.uka.ilkd.key.parser.TestTermParser" time="0.0">
    <skipped/>
  </testcase>
  <testcase name="test10()" classname="de.uka.ilkd.key.parser.TestTermParser" time="0.02"/>
  <testcase name="test11()" classname="de.uka.ilkd.key.parser.TestTermParser" time="0.015"/>
  <testcase name="test12()" classname="de.uka.ilkd.key.parser.TestTermParser" time="0.0">
    <skipped/>
  </testcase>
  <testcase name="test13()" classname="de.uka.ilkd.key.parser.TestTermParser" time="0.03"/>
  <testcase name="test14()" classname="de.uka.ilkd.key.parser.TestTermParser" time="0.039"/>
  <testcase name="test1a()" classname="de.uka.ilkd.key.parser.TestTermParser" time="0.026"/>
  <testcase name="testJavaAttributeAccess_4()" classname="de.uka.ilkd.key.parser.TestTermParser" time="0.003"/>
  <testcase name="testAttributeOnObject()" classname="de.uka.ilkd.key.parser.TestTermParser" time="0.002"/>
  <testcase name="testNegativeLiteralParsing1()" classname="de.uka.ilkd.key.parser.TestTermParser" time="0.002"/>
  <testcase name="testNegativeLiteralParsing2()" classname="de.uka.ilkd.key.parser.TestTermParser" time="0.003"/>
  <testcase name="testNegativeLiteralParsing3()" classname="de.uka.ilkd.key.parser.TestTermParser" time="0.003"/>
  <testcase name="xtestParsingArrayWithSpaces()" classname="de.uka.ilkd.key.parser.TestTermParser" time="0.0">
    <skipped/>
  </testcase>
  <testcase name="testAmbigiousFuncVarPred()" classname="de.uka.ilkd.key.parser.TestTermParser" time="0.001"/>
  <testcase name="test1()" classname="de.uka.ilkd.key.parser.TestTermParser" time="0.001"/>
  <testcase name="test2()" classname="de.uka.ilkd.key.parser.TestTermParser" time="0.002"/>
  <testcase name="test3()" classname="de.uka.ilkd.key.parser.TestTermParser" time="0.002"/>
  <testcase name="test5()" classname="de.uka.ilkd.key.parser.TestTermParser" time="0.003"/>
  <testcase name="test6()" classname="de.uka.ilkd.key.parser.TestTermParser" time="0.013"/>
  <testcase name="test7()" classname="de.uka.ilkd.key.parser.TestTermParser" time="0.013"/>
  <testcase name="test8()" classname="de.uka.ilkd.key.parser.TestTermParser" time="0.005"/>
  <testcase name="test9()" classname="de.uka.ilkd.key.parser.TestTermParser" time="0.007"/>
  <testcase name="testBindingUpdateTerm()" classname="de.uka.ilkd.key.parser.TestTermParser" time="0.002"/>
  <testcase name="testJavaStaticQuery()" classname="de.uka.ilkd.key.parser.TestTermParser" time="0.004"/>
  <testcase name="testInfix1()" classname="de.uka.ilkd.key.parser.TestTermParser" time="0.003"/>
  <testcase name="testInfix2()" classname="de.uka.ilkd.key.parser.TestTermParser" time="0.003"/>
  <testcase name="testInfix3()" classname="de.uka.ilkd.key.parser.TestTermParser" time="0.002"/>
  <testcase name="testInfix4()" classname="de.uka.ilkd.key.parser.TestTermParser" time="0.002"/>
  <testcase name="testIfThenElse()" classname="de.uka.ilkd.key.parser.TestTermParser" time="0.002"/>
  <testcase name="testJavaAttributeAccessBoth_1()" classname="de.uka.ilkd.key.parser.TestTermParser" time="0.003"/>
  <testcase name="testJavaAttributeAccessBoth_2()" classname="de.uka.ilkd.key.parser.TestTermParser" time="0.003"/>
  <testcase name="testJavaAttributeAccessBoth_3()" classname="de.uka.ilkd.key.parser.TestTermParser" time="0.003"/>
  <testcase name="testBindingUpdateTerm_1()" classname="de.uka.ilkd.key.parser.TestTermParser" time="0.003"/>
  <testcase name="testBindingUpdateTerm_3()" classname="de.uka.ilkd.key.parser.TestTermParser" time="0.004"/>
  <testcase name="testBindingUpdateTerm_4()" classname="de.uka.ilkd.key.parser.TestTermParser" time="0.002"/>
  <testcase name="testBindingUpdateTerm_5()" classname="de.uka.ilkd.key.parser.TestTermParser" time="0.003"/>
  <testcase name="testBindingUpdateTerm_6()" classname="de.uka.ilkd.key.parser.TestTermParser" time="0.003"/>
  <testcase name="testBindingUpdateTerm_7()" classname="de.uka.ilkd.key.parser.TestTermParser" time="0.002"/>
  <testcase name="testBindingUpdateTerm_8()" classname="de.uka.ilkd.key.parser.TestTermParser" time="0.003"/>
  <testcase name="testParsingArray()" classname="de.uka.ilkd.key.parser.TestTermParser" time="0.004"/>
  <testcase name="xtestBindingUpdateTermOldBindingAlternative()" classname="de.uka.ilkd.key.parser.TestTermParser" time="0.0">
    <skipped/>
  </testcase>
  <testcase name="testJavaStaticQueryWithParameter()" classname="de.uka.ilkd.key.parser.TestTermParser" time="0.024"/>
  <testcase name="testParsingArrayCombination()" classname="de.uka.ilkd.key.parser.TestTermParser" time="0.008"/>
  <system-out><![CDATA[305135     INFO  Test worker     d.u.i.k.n.KeyIO           Parsing took 0 ms 
305135     INFO  Test worker     d.u.i.k.n.KeyIO           MODE: declarations took 0 ms 
305135     WARN  Test worker     d.u.i.k.j.r.KeYCrossReferenceNameInfo Datatype T declared twice: Once in UNKNOWN:unknown and once in UNKNOWN:unknown, Keeping one from UNKNOWN:unknown 
305229     INFO  Test worker     d.u.i.k.n.KeyIO           Parsing took 0 ms 
305229     INFO  Test worker     d.u.i.k.n.KeyIO           MODE: declarations took 0 ms 
305385     WARN  Test worker     d.u.i.k.j.r.KeYCrossReferenceNameInfo Datatype T declared twice: Once in UNKNOWN:unknown and once in UNKNOWN:unknown, Keeping one from UNKNOWN:unknown 
305573     INFO  Test worker     d.u.i.k.n.KeyIO           Parsing took 0 ms 
305588     INFO  Test worker     d.u.i.k.n.KeyIO           MODE: declarations took 0 ms 
305620     WARN  Test worker     d.u.i.k.j.r.KeYCrossReferenceNameInfo Datatype T declared twice: Once in UNKNOWN:unknown and once in UNKNOWN:unknown, Keeping one from UNKNOWN:unknown 
305729     INFO  Test worker     d.u.i.k.n.KeyIO           Parsing took 0 ms 
305745     INFO  Test worker     d.u.i.k.n.KeyIO           MODE: declarations took 0 ms 
305745     WARN  Test worker     d.u.i.k.j.r.KeYCrossReferenceNameInfo Datatype T declared twice: Once in UNKNOWN:unknown and once in UNKNOWN:unknown, Keeping one from UNKNOWN:unknown 
305901     WARN  Test worker     d.u.i.k.j.r.KeYCrossReferenceNameInfo Datatype T declared twice: Once in UNKNOWN:unknown and once in UNKNOWN:unknown, Keeping one from UNKNOWN:unknown 
306057     INFO  Test worker     d.u.i.k.n.KeyIO           Parsing took 0 ms 
306057     INFO  Test worker     d.u.i.k.n.KeyIO           MODE: declarations took 0 ms 
306073     INFO  Test worker     d.u.i.k.p.TestTermParser  Out: \<{
  int x = 1;
  {
    int s = 2;
  }
}\> (equals(x,x)) 
306073     WARN  Test worker     d.u.i.k.j.r.KeYCrossReferenceNameInfo Datatype T declared twice: Once in UNKNOWN:unknown and once in UNKNOWN:unknown, Keeping one from UNKNOWN:unknown 
306229     INFO  Test worker     d.u.i.k.n.KeyIO           Parsing took 0 ms 
306229     INFO  Test worker     d.u.i.k.n.KeyIO           MODE: declarations took 0 ms 
306245     INFO  Test worker     d.u.i.k.p.TestTermParser  Out: \[{
  int x = 2;
  {
    String s = ""}";
  }
}\] (true) 
306260     WARN  Test worker     d.u.i.k.j.r.KeYCrossReferenceNameInfo Datatype T declared twice: Once in UNKNOWN:unknown and once in UNKNOWN:unknown, Keeping one from UNKNOWN:unknown 
306417     WARN  Test worker     d.u.i.k.j.r.KeYCrossReferenceNameInfo Datatype T declared twice: Once in UNKNOWN:unknown and once in UNKNOWN:unknown, Keeping one from UNKNOWN:unknown 
306573     INFO  Test worker     d.u.i.k.n.KeyIO           Parsing took 0 ms 
306573     INFO  Test worker     d.u.i.k.n.KeyIO           MODE: declarations took 0 ms 
306604     WARN  Test worker     d.u.i.k.j.r.KeYCrossReferenceNameInfo Datatype T declared twice: Once in UNKNOWN:unknown and once in UNKNOWN:unknown, Keeping one from UNKNOWN:unknown 
306792     INFO  Test worker     d.u.i.k.n.KeyIO           Parsing took 0 ms 
306792     INFO  Test worker     d.u.i.k.n.KeyIO           MODE: declarations took 0 ms 
306808     INFO  Test worker     d.u.i.k.p.TestTermParser  Out: \<{
  int[] i;
}\> (diamond(true)) 
306823     WARN  Test worker     d.u.i.k.j.r.KeYCrossReferenceNameInfo Datatype T declared twice: Once in UNKNOWN:unknown and once in UNKNOWN:unknown, Keeping one from UNKNOWN:unknown 
306980     INFO  Test worker     d.u.i.k.n.KeyIO           Parsing took 0 ms 
306980     INFO  Test worker     d.u.i.k.n.KeyIO           MODE: declarations took 0 ms 
306996     WARN  Test worker     d.u.i.k.j.r.KeYCrossReferenceNameInfo Datatype T declared twice: Once in UNKNOWN:unknown and once in UNKNOWN:unknown, Keeping one from UNKNOWN:unknown 
307089     INFO  Test worker     d.u.i.k.n.KeyIO           Parsing took 0 ms 
307089     INFO  Test worker     d.u.i.k.n.KeyIO           MODE: declarations took 0 ms 
307089     WARN  Test worker     d.u.i.k.j.r.KeYCrossReferenceNameInfo Datatype T declared twice: Once in UNKNOWN:unknown and once in UNKNOWN:unknown, Keeping one from UNKNOWN:unknown 
307167     INFO  Test worker     d.u.i.k.n.KeyIO           Parsing took 0 ms 
307167     INFO  Test worker     d.u.i.k.n.KeyIO           MODE: declarations took 0 ms 
307167     WARN  Test worker     d.u.i.k.j.r.KeYCrossReferenceNameInfo Datatype T declared twice: Once in UNKNOWN:unknown and once in UNKNOWN:unknown, Keeping one from UNKNOWN:unknown 
307230     INFO  Test worker     d.u.i.k.n.KeyIO           Parsing took 0 ms 
307230     INFO  Test worker     d.u.i.k.n.KeyIO           MODE: declarations took 0 ms 
307230     WARN  Test worker     d.u.i.k.j.r.KeYCrossReferenceNameInfo Datatype T declared twice: Once in UNKNOWN:unknown and once in UNKNOWN:unknown, Keeping one from UNKNOWN:unknown 
307292     INFO  Test worker     d.u.i.k.n.KeyIO           Parsing took 0 ms 
307292     INFO  Test worker     d.u.i.k.n.KeyIO           MODE: declarations took 0 ms 
307292     WARN  Test worker     d.u.i.k.j.r.KeYCrossReferenceNameInfo Datatype T declared twice: Once in UNKNOWN:unknown and once in UNKNOWN:unknown, Keeping one from UNKNOWN:unknown 
307355     INFO  Test worker     d.u.i.k.n.KeyIO           Parsing took 0 ms 
307355     INFO  Test worker     d.u.i.k.n.KeyIO           MODE: declarations took 0 ms 
307370     WARN  Test worker     d.u.i.k.j.r.KeYCrossReferenceNameInfo Datatype T declared twice: Once in UNKNOWN:unknown and once in UNKNOWN:unknown, Keeping one from UNKNOWN:unknown 
307480     WARN  Test worker     d.u.i.k.j.r.KeYCrossReferenceNameInfo Datatype T declared twice: Once in UNKNOWN:unknown and once in UNKNOWN:unknown, Keeping one from UNKNOWN:unknown 
307543     INFO  Test worker     d.u.i.k.n.KeyIO           Parsing took 0 ms 
307543     INFO  Test worker     d.u.i.k.n.KeyIO           MODE: declarations took 0 ms 
307543     WARN  Test worker     d.u.i.k.j.r.KeYCrossReferenceNameInfo Datatype T declared twice: Once in UNKNOWN:unknown and once in UNKNOWN:unknown, Keeping one from UNKNOWN:unknown 
307605     INFO  Test worker     d.u.i.k.n.KeyIO           Parsing took 0 ms 
307605     INFO  Test worker     d.u.i.k.n.KeyIO           MODE: declarations took 0 ms 
307605     WARN  Test worker     d.u.i.k.j.r.KeYCrossReferenceNameInfo Datatype T declared twice: Once in UNKNOWN:unknown and once in UNKNOWN:unknown, Keeping one from UNKNOWN:unknown 
307668     INFO  Test worker     d.u.i.k.n.KeyIO           Parsing took 0 ms 
307668     INFO  Test worker     d.u.i.k.n.KeyIO           MODE: declarations took 0 ms 
307683     WARN  Test worker     d.u.i.k.j.r.KeYCrossReferenceNameInfo Datatype T declared twice: Once in UNKNOWN:unknown and once in UNKNOWN:unknown, Keeping one from UNKNOWN:unknown 
307730     INFO  Test worker     d.u.i.k.n.KeyIO           Parsing took 0 ms 
307746     INFO  Test worker     d.u.i.k.n.KeyIO           MODE: declarations took 0 ms 
307746     WARN  Test worker     d.u.i.k.j.r.KeYCrossReferenceNameInfo Datatype T declared twice: Once in UNKNOWN:unknown and once in UNKNOWN:unknown, Keeping one from UNKNOWN:unknown 
307808     INFO  Test worker     d.u.i.k.n.KeyIO           Parsing took 0 ms 
307808     INFO  Test worker     d.u.i.k.n.KeyIO           MODE: declarations took 0 ms 
307808     WARN  Test worker     d.u.i.k.j.r.KeYCrossReferenceNameInfo Datatype T declared twice: Once in UNKNOWN:unknown and once in UNKNOWN:unknown, Keeping one from UNKNOWN:unknown 
307887     INFO  Test worker     d.u.i.k.n.KeyIO           Parsing took 0 ms 
307887     INFO  Test worker     d.u.i.k.n.KeyIO           MODE: declarations took 0 ms 
307902     WARN  Test worker     d.u.i.k.j.r.KeYCrossReferenceNameInfo Datatype T declared twice: Once in UNKNOWN:unknown and once in UNKNOWN:unknown, Keeping one from UNKNOWN:unknown 
307965     INFO  Test worker     d.u.i.k.n.KeyIO           Parsing took 0 ms 
307965     INFO  Test worker     d.u.i.k.n.KeyIO           MODE: declarations took 0 ms 
307965     WARN  Test worker     d.u.i.k.j.r.KeYCrossReferenceNameInfo Datatype T declared twice: Once in UNKNOWN:unknown and once in UNKNOWN:unknown, Keeping one from UNKNOWN:unknown 
308043     INFO  Test worker     d.u.i.k.n.KeyIO           Parsing took 0 ms 
308043     INFO  Test worker     d.u.i.k.n.KeyIO           MODE: declarations took 0 ms 
308043     WARN  Test worker     d.u.i.k.j.r.KeYCrossReferenceNameInfo Datatype T declared twice: Once in UNKNOWN:unknown and once in UNKNOWN:unknown, Keeping one from UNKNOWN:unknown 
308105     INFO  Test worker     d.u.i.k.n.KeyIO           Parsing took 0 ms 
308105     INFO  Test worker     d.u.i.k.n.KeyIO           MODE: declarations took 0 ms 
308105     WARN  Test worker     d.u.i.k.j.r.KeYCrossReferenceNameInfo Datatype T declared twice: Once in UNKNOWN:unknown and once in UNKNOWN:unknown, Keeping one from UNKNOWN:unknown 
308168     INFO  Test worker     d.u.i.k.n.KeyIO           Parsing took 0 ms 
308168     INFO  Test worker     d.u.i.k.n.KeyIO           MODE: declarations took 0 ms 
308168     WARN  Test worker     d.u.i.k.j.r.KeYCrossReferenceNameInfo Datatype T declared twice: Once in UNKNOWN:unknown and once in UNKNOWN:unknown, Keeping one from UNKNOWN:unknown 
308262     INFO  Test worker     d.u.i.k.n.KeyIO           Parsing took 0 ms 
308262     INFO  Test worker     d.u.i.k.n.KeyIO           MODE: declarations took 0 ms 
308262     WARN  Test worker     d.u.i.k.j.r.KeYCrossReferenceNameInfo Datatype T declared twice: Once in UNKNOWN:unknown and once in UNKNOWN:unknown, Keeping one from UNKNOWN:unknown 
308324     INFO  Test worker     d.u.i.k.n.KeyIO           Parsing took 0 ms 
308324     INFO  Test worker     d.u.i.k.n.KeyIO           MODE: declarations took 0 ms 
308340     WARN  Test worker     d.u.i.k.j.r.KeYCrossReferenceNameInfo Datatype T declared twice: Once in UNKNOWN:unknown and once in UNKNOWN:unknown, Keeping one from UNKNOWN:unknown 
308402     INFO  Test worker     d.u.i.k.n.KeyIO           Parsing took 0 ms 
308402     INFO  Test worker     d.u.i.k.n.KeyIO           MODE: declarations took 0 ms 
308418     WARN  Test worker     d.u.i.k.j.r.KeYCrossReferenceNameInfo Datatype T declared twice: Once in UNKNOWN:unknown and once in UNKNOWN:unknown, Keeping one from UNKNOWN:unknown 
308481     INFO  Test worker     d.u.i.k.n.KeyIO           Parsing took 0 ms 
308481     INFO  Test worker     d.u.i.k.n.KeyIO           MODE: declarations took 0 ms 
308481     WARN  Test worker     d.u.i.k.j.r.KeYCrossReferenceNameInfo Datatype T declared twice: Once in UNKNOWN:unknown and once in UNKNOWN:unknown, Keeping one from UNKNOWN:unknown 
308543     INFO  Test worker     d.u.i.k.n.KeyIO           Parsing took 0 ms 
308543     INFO  Test worker     d.u.i.k.n.KeyIO           MODE: declarations took 0 ms 
308543     WARN  Test worker     d.u.i.k.j.r.KeYCrossReferenceNameInfo Datatype T declared twice: Once in UNKNOWN:unknown and once in UNKNOWN:unknown, Keeping one from UNKNOWN:unknown 
308606     INFO  Test worker     d.u.i.k.n.KeyIO           Parsing took 0 ms 
308606     INFO  Test worker     d.u.i.k.n.KeyIO           MODE: declarations took 0 ms 
308606     WARN  Test worker     d.u.i.k.j.r.KeYCrossReferenceNameInfo Datatype T declared twice: Once in UNKNOWN:unknown and once in UNKNOWN:unknown, Keeping one from UNKNOWN:unknown 
308668     INFO  Test worker     d.u.i.k.n.KeyIO           Parsing took 0 ms 
308668     INFO  Test worker     d.u.i.k.n.KeyIO           MODE: declarations took 0 ms 
308668     WARN  Test worker     d.u.i.k.j.r.KeYCrossReferenceNameInfo Datatype T declared twice: Once in UNKNOWN:unknown and once in UNKNOWN:unknown, Keeping one from UNKNOWN:unknown 
308731     INFO  Test worker     d.u.i.k.n.KeyIO           Parsing took 0 ms 
308731     INFO  Test worker     d.u.i.k.n.KeyIO           MODE: declarations took 0 ms 
308731     WARN  Test worker     d.u.i.k.j.r.KeYCrossReferenceNameInfo Datatype T declared twice: Once in UNKNOWN:unknown and once in UNKNOWN:unknown, Keeping one from UNKNOWN:unknown 
308809     INFO  Test worker     d.u.i.k.n.KeyIO           Parsing took 0 ms 
308809     INFO  Test worker     d.u.i.k.n.KeyIO           MODE: declarations took 0 ms 
308809     WARN  Test worker     d.u.i.k.j.r.KeYCrossReferenceNameInfo Datatype T declared twice: Once in UNKNOWN:unknown and once in UNKNOWN:unknown, Keeping one from UNKNOWN:unknown 
308872     INFO  Test worker     d.u.i.k.n.KeyIO           Parsing took 0 ms 
308872     INFO  Test worker     d.u.i.k.n.KeyIO           MODE: declarations took 0 ms 
308872     WARN  Test worker     d.u.i.k.j.r.KeYCrossReferenceNameInfo Datatype T declared twice: Once in UNKNOWN:unknown and once in UNKNOWN:unknown, Keeping one from UNKNOWN:unknown 
308934     INFO  Test worker     d.u.i.k.n.KeyIO           Parsing took 0 ms 
308934     INFO  Test worker     d.u.i.k.n.KeyIO           MODE: declarations took 0 ms 
308934     WARN  Test worker     d.u.i.k.j.r.KeYCrossReferenceNameInfo Datatype T declared twice: Once in UNKNOWN:unknown and once in UNKNOWN:unknown, Keeping one from UNKNOWN:unknown 
308997     INFO  Test worker     d.u.i.k.n.KeyIO           Parsing took 0 ms 
308997     INFO  Test worker     d.u.i.k.n.KeyIO           MODE: declarations took 0 ms 
308997     WARN  Test worker     d.u.i.k.j.r.KeYCrossReferenceNameInfo Datatype T declared twice: Once in UNKNOWN:unknown and once in UNKNOWN:unknown, Keeping one from UNKNOWN:unknown 
309076     INFO  Test worker     d.u.i.k.n.KeyIO           Parsing took 0 ms 
309076     INFO  Test worker     d.u.i.k.n.KeyIO           MODE: declarations took 0 ms 
309076     WARN  Test worker     d.u.i.k.j.r.KeYCrossReferenceNameInfo Datatype T declared twice: Once in UNKNOWN:unknown and once in UNKNOWN:unknown, Keeping one from UNKNOWN:unknown 
309138     INFO  Test worker     d.u.i.k.n.KeyIO           Parsing took 0 ms 
309138     INFO  Test worker     d.u.i.k.n.KeyIO           MODE: declarations took 0 ms 
309138     WARN  Test worker     d.u.i.k.j.r.KeYCrossReferenceNameInfo Datatype T declared twice: Once in UNKNOWN:unknown and once in UNKNOWN:unknown, Keeping one from UNKNOWN:unknown 
309216     INFO  Test worker     d.u.i.k.n.KeyIO           Parsing took 0 ms 
309216     INFO  Test worker     d.u.i.k.n.KeyIO           MODE: declarations took 0 ms 
309216     WARN  Test worker     d.u.i.k.j.r.KeYCrossReferenceNameInfo Datatype T declared twice: Once in UNKNOWN:unknown and once in UNKNOWN:unknown, Keeping one from UNKNOWN:unknown 
309279     INFO  Test worker     d.u.i.k.n.KeyIO           Parsing took 0 ms 
309279     INFO  Test worker     d.u.i.k.n.KeyIO           MODE: declarations took 0 ms 
309279     WARN  Test worker     d.u.i.k.j.r.KeYCrossReferenceNameInfo Datatype T declared twice: Once in UNKNOWN:unknown and once in UNKNOWN:unknown, Keeping one from UNKNOWN:unknown 
309341     INFO  Test worker     d.u.i.k.n.KeyIO           Parsing took 0 ms 
309341     INFO  Test worker     d.u.i.k.n.KeyIO           MODE: declarations took 0 ms 
309341     WARN  Test worker     d.u.i.k.j.r.KeYCrossReferenceNameInfo Datatype T declared twice: Once in UNKNOWN:unknown and once in UNKNOWN:unknown, Keeping one from UNKNOWN:unknown 
309404     WARN  Test worker     d.u.i.k.j.r.KeYCrossReferenceNameInfo Datatype T declared twice: Once in UNKNOWN:unknown and once in UNKNOWN:unknown, Keeping one from UNKNOWN:unknown 
309482     INFO  Test worker     d.u.i.k.n.KeyIO           Parsing took 16 ms 
309482     INFO  Test worker     d.u.i.k.n.KeyIO           MODE: declarations took 0 ms 
309498     WARN  Test worker     d.u.i.k.j.r.KeYCrossReferenceNameInfo Datatype T declared twice: Once in UNKNOWN:unknown and once in UNKNOWN:unknown, Keeping one from UNKNOWN:unknown 
309560     INFO  Test worker     d.u.i.k.n.KeyIO           Parsing took 0 ms 
309560     INFO  Test worker     d.u.i.k.n.KeyIO           MODE: declarations took 0 ms 
]]></system-out>
  <system-err><![CDATA[]]></system-err>
</testsuite>
