<?xml version="1.0" encoding="UTF-8"?>
<testsuite name="de.uka.ilkd.key.logic.TestClashFreeSubst" tests="14" skipped="2" failures="0" errors="0" timestamp="2023-04-18T15:44:13" hostname="fv-az89-623" time="51.841">
  <properties/>
  <testcase name="testMultiShareBound()" classname="de.uka.ilkd.key.logic.TestClashFreeSubst" time="0.878"/>
  <testcase name="testClash()" classname="de.uka.ilkd.key.logic.TestClashFreeSubst" time="0.882"/>
  <testcase name="testShare()" classname="de.uka.ilkd.key.logic.TestClashFreeSubst" time="0.871"/>
  <testcase name="testSubst()" classname="de.uka.ilkd.key.logic.TestClashFreeSubst" time="0.861"/>
  <testcase name="testWary0()" classname="de.uka.ilkd.key.logic.TestClashFreeSubst" time="0.848"/>
  <testcase name="testWary1()" classname="de.uka.ilkd.key.logic.TestClashFreeSubst" time="0.864"/>
  <testcase name="testWary2()" classname="de.uka.ilkd.key.logic.TestClashFreeSubst" time="1.346"/>
  <testcase name="testClashInSubstTerm()" classname="de.uka.ilkd.key.logic.TestClashFreeSubst" time="1.381"/>
  <testcase name="testShareWary()" classname="de.uka.ilkd.key.logic.TestClashFreeSubst" time="0.837"/>
  <testcase name="testMultiSubst()" classname="de.uka.ilkd.key.logic.TestClashFreeSubst" time="0.869"/>
  <testcase name="xtestMultiClash()" classname="de.uka.ilkd.key.logic.TestClashFreeSubst" time="0.0">
    <skipped/>
  </testcase>
  <testcase name="testSubstInSubstTerm()" classname="de.uka.ilkd.key.logic.TestClashFreeSubst" time="0.835"/>
  <testcase name="testSubstWary()" classname="de.uka.ilkd.key.logic.TestClashFreeSubst" time="0.913"/>
  <testcase name="xtestMultiClash1()" classname="de.uka.ilkd.key.logic.TestClashFreeSubst" time="0.0">
    <skipped/>
  </testcase>
  <system-out><![CDATA[42072      INFO  Test worker     d.u.i.k.n.KeyIO           Parsing took 0 ms 
42088      INFO  Test worker     d.u.i.k.n.KeyIO           MODE: declarations took 16 ms 
42948      INFO  Test worker     d.u.i.k.n.KeyIO           Parsing took 0 ms 
42948      INFO  Test worker     d.u.i.k.n.KeyIO           MODE: declarations took 0 ms 
45808      INFO  Test worker     d.u.i.k.n.KeyIO           Parsing took 0 ms 
45808      INFO  Test worker     d.u.i.k.n.KeyIO           MODE: declarations took 0 ms 
46684      INFO  Test worker     d.u.i.k.n.KeyIO           Parsing took 0 ms 
46684      INFO  Test worker     d.u.i.k.n.KeyIO           MODE: declarations took 0 ms 
50405      INFO  Test worker     d.u.i.k.n.KeyIO           Parsing took 0 ms 
50405      INFO  Test worker     d.u.i.k.n.KeyIO           MODE: declarations took 0 ms 
51265      INFO  Test worker     d.u.i.k.n.KeyIO           Parsing took 0 ms 
51265      INFO  Test worker     d.u.i.k.n.KeyIO           MODE: declarations took 0 ms 
54048      INFO  Test worker     d.u.i.k.n.KeyIO           Parsing took 0 ms 
54048      INFO  Test worker     d.u.i.k.n.KeyIO           MODE: declarations took 0 ms 
54908      INFO  Test worker     d.u.i.k.n.KeyIO           Parsing took 0 ms 
54908      INFO  Test worker     d.u.i.k.n.KeyIO           MODE: declarations took 0 ms 
57596      INFO  Test worker     d.u.i.k.n.KeyIO           Parsing took 0 ms 
57596      INFO  Test worker     d.u.i.k.n.KeyIO           MODE: declarations took 0 ms 
58440      INFO  Test worker     d.u.i.k.n.KeyIO           Parsing took 0 ms 
58440      INFO  Test worker     d.u.i.k.n.KeyIO           MODE: declarations took 0 ms 
61176      INFO  Test worker     d.u.i.k.n.KeyIO           Parsing took 15 ms 
61176      INFO  Test worker     d.u.i.k.n.KeyIO           MODE: declarations took 0 ms 
62020      INFO  Test worker     d.u.i.k.n.KeyIO           Parsing took 0 ms 
62036      INFO  Test worker     d.u.i.k.n.KeyIO           MODE: declarations took 16 ms 
66273      INFO  Test worker     d.u.i.k.n.KeyIO           Parsing took 0 ms 
66273      INFO  Test worker     d.u.i.k.n.KeyIO           MODE: declarations took 0 ms 
67602      INFO  Test worker     d.u.i.k.n.KeyIO           Parsing took 0 ms 
67602      INFO  Test worker     d.u.i.k.n.KeyIO           MODE: declarations took 0 ms 
71621      INFO  Test worker     d.u.i.k.n.KeyIO           Parsing took 0 ms 
71621      INFO  Test worker     d.u.i.k.n.KeyIO           MODE: declarations took 0 ms 
72981      INFO  Test worker     d.u.i.k.n.KeyIO           Parsing took 0 ms 
72981      INFO  Test worker     d.u.i.k.n.KeyIO           MODE: declarations took 0 ms 
75873      INFO  Test worker     d.u.i.k.n.KeyIO           Parsing took 0 ms 
75873      INFO  Test worker     d.u.i.k.n.KeyIO           MODE: declarations took 0 ms 
76702      INFO  Test worker     d.u.i.k.n.KeyIO           Parsing took 0 ms 
76702      INFO  Test worker     d.u.i.k.n.KeyIO           MODE: declarations took 0 ms 
79421      INFO  Test worker     d.u.i.k.n.KeyIO           Parsing took 0 ms 
79421      INFO  Test worker     d.u.i.k.n.KeyIO           MODE: declarations took 0 ms 
80281      INFO  Test worker     d.u.i.k.n.KeyIO           Parsing took 0 ms 
80281      INFO  Test worker     d.u.i.k.n.KeyIO           MODE: declarations took 0 ms 
85706      INFO  Test worker     d.u.i.k.n.KeyIO           Parsing took 0 ms 
85706      INFO  Test worker     d.u.i.k.n.KeyIO           MODE: declarations took 0 ms 
86519      INFO  Test worker     d.u.i.k.n.KeyIO           Parsing took 0 ms 
86519      INFO  Test worker     d.u.i.k.n.KeyIO           MODE: declarations took 0 ms 
90302      INFO  Test worker     d.u.i.k.n.KeyIO           Parsing took 0 ms 
90302      INFO  Test worker     d.u.i.k.n.KeyIO           MODE: declarations took 0 ms 
91209      INFO  Test worker     d.u.i.k.n.KeyIO           Parsing took 0 ms 
91209      INFO  Test worker     d.u.i.k.n.KeyIO           MODE: declarations took 0 ms 
]]></system-out>
  <system-err><![CDATA[]]></system-err>
</testsuite>
