<?xml version="1.0" encoding="UTF-8"?>
<testsuite name="de.uka.ilkd.key.nparser.ExprTest" tests="23" skipped="0" failures="0" errors="0" timestamp="2023-04-18T15:47:02" hostname="fv-az89-623" time="2.271">
  <properties/>
  <testcase name="[1] (bprod{int y;}(1, 2, y) = 0)" classname="de.uka.ilkd.key.nparser.ExprTest" time="0.034"/>
  <testcase name="[2] 1 = 1 -&gt; 2 = 2" classname="de.uka.ilkd.key.nparser.ExprTest" time="0.041"/>
  <testcase name="[3] \&lt; { int x = 1; } \&gt; x=1" classname="de.uka.ilkd.key.nparser.ExprTest" time="0.853"/>
  <testcase name="[4] \&lt;{ int x = 1; {int s = 2;} }\&gt; x=x" classname="de.uka.ilkd.key.nparser.ExprTest" time="0.915"/>
  <testcase name="[5] true" classname="de.uka.ilkd.key.nparser.ExprTest" time="0.021"/>
  <testcase name="[6] true &amp; false" classname="de.uka.ilkd.key.nparser.ExprTest" time="0.019"/>
  <testcase name="[7] 0" classname="de.uka.ilkd.key.nparser.ExprTest" time="0.026"/>
  <testcase name="[8] 1" classname="de.uka.ilkd.key.nparser.ExprTest" time="0.02"/>
  <testcase name="[9] 42" classname="de.uka.ilkd.key.nparser.ExprTest" time="0.015"/>
  <testcase name="[10] -5" classname="de.uka.ilkd.key.nparser.ExprTest" time="0.016"/>
  <testcase name="[11] 1 + 1 = 2" classname="de.uka.ilkd.key.nparser.ExprTest" time="0.057"/>
  <testcase name="[12] \if (3=4) \then (1) \else (2)" classname="de.uka.ilkd.key.nparser.ExprTest" time="0.017"/>
  <testcase name="[13] \if (3=4 &amp; 1=1) \then (\if (3=4) \then (1) \else (2)) \else (2)" classname="de.uka.ilkd.key.nparser.ExprTest" time="0.017"/>
  <testcase name="[14] aa + bb*cc" classname="de.uka.ilkd.key.nparser.ExprTest" time="0.019"/>
  <testcase name="[15] aa%bb*cc &lt; -123" classname="de.uka.ilkd.key.nparser.ExprTest" time="0.017"/>
  <testcase name="[16] \forall int x; true" classname="de.uka.ilkd.key.nparser.ExprTest" time="0.036"/>
  <testcase name="[17] \forall numbers x; x = x" classname="de.uka.ilkd.key.nparser.ExprTest" time="0.019"/>
  <testcase name="[18] (int)3+2" classname="de.uka.ilkd.key.nparser.ExprTest" time="0.018"/>
  <testcase name="[19] 1.f + 1f = 20e-1f * (2f-1f)" classname="de.uka.ilkd.key.nparser.ExprTest" time="0.022"/>
  <testcase name="[20] 1.d + 1d &lt;= 20e+1d * .01d" classname="de.uka.ilkd.key.nparser.ExprTest" time="0.016"/>
  <testcase name="[21] 1f &lt;= 2f" classname="de.uka.ilkd.key.nparser.ExprTest" time="0.017"/>
  <testcase name="[22] 2d &gt; 1d" classname="de.uka.ilkd.key.nparser.ExprTest" time="0.016"/>
  <testcase name="[23] seqEmpty + seqEmpty" classname="de.uka.ilkd.key.nparser.ExprTest" time="0.019"/>
  <system-out><![CDATA[210591     INFO  Test worker     d.u.i.k.n.KeyIO           Parsing took 31 ms 
210591     INFO  Test worker     d.u.i.k.n.KeyIO           MODE: declarations took 0 ms 
210591     INFO  Test worker     d.u.i.k.n.ExprTest        Term: equals(bprod{y:int}(Z(1(#)),Z(2(#)),y),Z(0(#))) 
210638     INFO  Test worker     d.u.i.k.n.KeyIO           Parsing took 31 ms 
210638     INFO  Test worker     d.u.i.k.n.KeyIO           MODE: declarations took 0 ms 
210638     INFO  Test worker     d.u.i.k.n.ExprTest        Term: imp(equals(Z(1(#)),Z(1(#))),equals(Z(2(#)),Z(2(#)))) 
210669     INFO  Test worker     d.u.i.k.n.KeyIO           Parsing took 31 ms 
210669     INFO  Test worker     d.u.i.k.n.KeyIO           MODE: declarations took 0 ms 
211498     INFO  Test worker     d.u.i.k.n.ExprTest        Term: \<{
  int x = 1;
}\> (equals(x,Z(1(#)))) 
211514     INFO  Test worker     d.u.i.k.n.KeyIO           Parsing took 16 ms 
211514     INFO  Test worker     d.u.i.k.n.KeyIO           MODE: declarations took 0 ms 
212405     INFO  Test worker     d.u.i.k.n.ExprTest        Term: \<{
  int x = 1;
  {
    int s = 2;
  }
}\> (equals(x,x)) 
212420     INFO  Test worker     d.u.i.k.n.KeyIO           Parsing took 0 ms 
212420     INFO  Test worker     d.u.i.k.n.KeyIO           MODE: declarations took 0 ms 
212436     INFO  Test worker     d.u.i.k.n.ExprTest        Term: true 
212452     INFO  Test worker     d.u.i.k.n.KeyIO           Parsing took 16 ms 
212452     INFO  Test worker     d.u.i.k.n.KeyIO           MODE: declarations took 0 ms 
212452     INFO  Test worker     d.u.i.k.n.ExprTest        Term: and(true,false) 
212467     INFO  Test worker     d.u.i.k.n.KeyIO           Parsing took 15 ms 
212467     INFO  Test worker     d.u.i.k.n.KeyIO           MODE: declarations took 0 ms 
212483     INFO  Test worker     d.u.i.k.n.ExprTest        Term: Z(0(#)) 
212483     INFO  Test worker     d.u.i.k.n.KeyIO           Parsing took 0 ms 
212483     INFO  Test worker     d.u.i.k.n.KeyIO           MODE: declarations took 0 ms 
212499     INFO  Test worker     d.u.i.k.n.ExprTest        Term: Z(1(#)) 
212514     INFO  Test worker     d.u.i.k.n.KeyIO           Parsing took 15 ms 
212514     INFO  Test worker     d.u.i.k.n.KeyIO           MODE: declarations took 0 ms 
212514     INFO  Test worker     d.u.i.k.n.ExprTest        Term: Z(2(4(#))) 
212530     INFO  Test worker     d.u.i.k.n.KeyIO           Parsing took 16 ms 
212530     INFO  Test worker     d.u.i.k.n.KeyIO           MODE: declarations took 0 ms 
212530     INFO  Test worker     d.u.i.k.n.ExprTest        Term: Z(neglit(5(#))) 
212577     INFO  Test worker     d.u.i.k.n.KeyIO           Parsing took 47 ms 
212577     INFO  Test worker     d.u.i.k.n.KeyIO           MODE: declarations took 0 ms 
212592     INFO  Test worker     d.u.i.k.n.ExprTest        Term: equals(add(Z(1(#)),Z(1(#))),Z(2(#))) 
212608     INFO  Test worker     d.u.i.k.n.KeyIO           Parsing took 16 ms 
212608     INFO  Test worker     d.u.i.k.n.KeyIO           MODE: declarations took 0 ms 
212608     INFO  Test worker     d.u.i.k.n.ExprTest        Term: if-then-else(equals(Z(3(#)),Z(4(#))),Z(1(#)),Z(2(#))) 
212624     INFO  Test worker     d.u.i.k.n.KeyIO           Parsing took 16 ms 
212624     INFO  Test worker     d.u.i.k.n.KeyIO           MODE: declarations took 0 ms 
212624     INFO  Test worker     d.u.i.k.n.ExprTest        Term: if-then-else(and(equals(Z(3(#)),Z(4(#))),equals(Z(1(#)),Z(1(#)))),if-then-else(equals(Z(3(#)),Z(4(#))),Z(1(#)),Z(2(#))),Z(2(#))) 
212639     INFO  Test worker     d.u.i.k.n.KeyIO           Parsing took 15 ms 
212639     INFO  Test worker     d.u.i.k.n.KeyIO           MODE: declarations took 0 ms 
212639     INFO  Test worker     d.u.i.k.n.ExprTest        Term: add(aa,mul(bb,cc)) 
212655     INFO  Test worker     d.u.i.k.n.KeyIO           Parsing took 16 ms 
212655     INFO  Test worker     d.u.i.k.n.KeyIO           MODE: declarations took 0 ms 
212655     INFO  Test worker     d.u.i.k.n.ExprTest        Term: lt(mul(mod(aa,bb),cc),Z(neglit(3(2(1(#)))))) 
212671     INFO  Test worker     d.u.i.k.n.KeyIO           Parsing took 0 ms 
212671     INFO  Test worker     d.u.i.k.n.KeyIO           MODE: declarations took 0 ms 
212702     INFO  Test worker     d.u.i.k.n.ExprTest        Term: all{x:int}(true) 
212717     INFO  Test worker     d.u.i.k.n.KeyIO           Parsing took 15 ms 
212717     INFO  Test worker     d.u.i.k.n.KeyIO           MODE: declarations took 0 ms 
212717     INFO  Test worker     d.u.i.k.n.ExprTest        Term: all{x:numbers}(equals(x,x)) 
212733     INFO  Test worker     d.u.i.k.n.KeyIO           Parsing took 16 ms 
212733     INFO  Test worker     d.u.i.k.n.KeyIO           MODE: declarations took 0 ms 
212733     INFO  Test worker     d.u.i.k.n.ExprTest        Term: add(int::cast(Z(3(#))),Z(2(#))) 
212749     INFO  Test worker     d.u.i.k.n.KeyIO           Parsing took 0 ms 
212749     INFO  Test worker     d.u.i.k.n.KeyIO           MODE: declarations took 0 ms 
212749     INFO  Test worker     d.u.i.k.n.ExprTest        Term: equals(addFloat(FP(6(1(2(3(5(3(5(6(0(1(#))))))))))),FP(6(1(2(3(5(3(5(6(0(1(#)))))))))))),mulFloat(FP(4(2(8(1(4(7(3(7(0(1(#))))))))))),subFloat(FP(4(2(8(1(4(7(3(7(0(1(#))))))))))),FP(6(1(2(3(5(3(5(6(0(1(#)))))))))))))) 
212780     INFO  Test worker     d.u.i.k.n.KeyIO           Parsing took 16 ms 
212780     INFO  Test worker     d.u.i.k.n.KeyIO           MODE: declarations took 0 ms 
212780     INFO  Test worker     d.u.i.k.n.ExprTest        Term: leqDouble(addDouble(DFP(8(0(4(7(1(0(0(0(8(8(1(4(2(8(1(7(0(6(4(#)))))))))))))))))))),DFP(8(0(4(7(1(0(0(0(8(8(1(4(2(8(1(7(0(6(4(#))))))))))))))))))))),mulDouble(DFP(4(8(7(6(0(0(2(8(9(0(9(8(0(4(2(1(4(6(4(#)))))))))))))))))))),DFP(5(7(6(7(8(0(4(0(3(9(2(2(8(1(9(6(7(5(4(#)))))))))))))))))))))) 
212796     INFO  Test worker     d.u.i.k.n.KeyIO           Parsing took 16 ms 
212796     INFO  Test worker     d.u.i.k.n.KeyIO           MODE: declarations took 0 ms 
212796     INFO  Test worker     d.u.i.k.n.ExprTest        Term: leqFloat(FP(6(1(2(3(5(3(5(6(0(1(#))))))))))),FP(4(2(8(1(4(7(3(7(0(1(#)))))))))))) 
212811     INFO  Test worker     d.u.i.k.n.KeyIO           Parsing took 15 ms 
212811     INFO  Test worker     d.u.i.k.n.KeyIO           MODE: declarations took 0 ms 
212811     INFO  Test worker     d.u.i.k.n.ExprTest        Term: gtDouble(DFP(4(0(9(7(8(3(7(2(4(8(1(0(6(8(6(1(1(6(4(#)))))))))))))))))))),DFP(8(0(4(7(1(0(0(0(8(8(1(4(2(8(1(7(0(6(4(#))))))))))))))))))))) 
212827     INFO  Test worker     d.u.i.k.n.KeyIO           Parsing took 0 ms 
212827     INFO  Test worker     d.u.i.k.n.KeyIO           MODE: declarations took 0 ms 
212827     INFO  Test worker     d.u.i.k.n.ExprTest        Term: seqConcat(seqEmpty,seqEmpty) 
]]></system-out>
  <system-err><![CDATA[]]></system-err>
</testsuite>
