<?xml version="1.0" encoding="UTF-8"?>
<testsuite name="de.uka.ilkd.key.speclang.jml.TestJMLTranslator" tests="25" skipped="0" failures="0" errors="0" timestamp="2023-04-18T15:55:35" hostname="fv-az89-623" time="2.789">
  <properties/>
  <testcase name="testSimpleQuery()" classname="de.uka.ilkd.key.speclang.jml.TestJMLTranslator" time="2.644"/>
  <testcase name="testTrueTerm()" classname="de.uka.ilkd.key.speclang.jml.TestJMLTranslator" time="0.001"/>
  <testcase name="testOld()" classname="de.uka.ilkd.key.speclang.jml.TestJMLTranslator" time="0.002"/>
  <testcase name="testHexLiteral()" classname="de.uka.ilkd.key.speclang.jml.TestJMLTranslator" time="0.001"/>
  <testcase name="testForEx()" classname="de.uka.ilkd.key.speclang.jml.TestJMLTranslator" time="0.007"/>
  <testcase name="testResultVar()" classname="de.uka.ilkd.key.speclang.jml.TestJMLTranslator" time="0.001"/>
  <testcase name="testSumParsing()" classname="de.uka.ilkd.key.speclang.jml.TestJMLTranslator" time="0.011"/>
  <testcase name="testBsumInt()" classname="de.uka.ilkd.key.speclang.jml.TestJMLTranslator" time="0.006"/>
  <testcase name="testNonNullElements()" classname="de.uka.ilkd.key.speclang.jml.TestJMLTranslator" time="0.003"/>
  <testcase name="testInfiniteUnion()" classname="de.uka.ilkd.key.speclang.jml.TestJMLTranslator" time="0.01"/>
  <testcase name="testComplexExists()" classname="de.uka.ilkd.key.speclang.jml.TestJMLTranslator" time="0.007"/>
  <testcase name="testLogicalExpression()" classname="de.uka.ilkd.key.speclang.jml.TestJMLTranslator" time="0.004"/>
  <testcase name="testParenExpression()" classname="de.uka.ilkd.key.speclang.jml.TestJMLTranslator" time="0.001"/>
  <testcase name="testComplexQueryResolving1()" classname="de.uka.ilkd.key.speclang.jml.TestJMLTranslator" time="0.006"/>
  <testcase name="testComplexQueryResolving2()" classname="de.uka.ilkd.key.speclang.jml.TestJMLTranslator" time="0.005"/>
  <testcase name="testComplexQueryResolving3()" classname="de.uka.ilkd.key.speclang.jml.TestJMLTranslator" time="0.038"/>
  <testcase name="testCorrectImplicitThisResolution()" classname="de.uka.ilkd.key.speclang.jml.TestJMLTranslator" time="0.006"/>
  <testcase name="testInfiniteUnion2()" classname="de.uka.ilkd.key.speclang.jml.TestJMLTranslator" time="0.007"/>
  <testcase name="testForAll()" classname="de.uka.ilkd.key.speclang.jml.TestJMLTranslator" time="0.003"/>
  <testcase name="testPrimitiveField()" classname="de.uka.ilkd.key.speclang.jml.TestJMLTranslator" time="0.001"/>
  <testcase name="testSelfVar()" classname="de.uka.ilkd.key.speclang.jml.TestJMLTranslator" time="0.001"/>
  <testcase name="testIsInitialized()" classname="de.uka.ilkd.key.speclang.jml.TestJMLTranslator" time="0.001"/>
  <testcase name="testBsumBigInt()" classname="de.uka.ilkd.key.speclang.jml.TestJMLTranslator" time="0.002"/>
  <testcase name="testSubtypeExpression()" classname="de.uka.ilkd.key.speclang.jml.TestJMLTranslator" time="0.014"/>
  <testcase name="testStaticQueryResolving()" classname="de.uka.ilkd.key.speclang.jml.TestJMLTranslator" time="0.002"/>
  <system-out><![CDATA[]]></system-out>
  <system-err><![CDATA[]]></system-err>
</testsuite>
