<?xml version="1.0" encoding="UTF-8"?>
<testsuite name="de.uka.ilkd.key.parser.TestDeclParser" tests="14" skipped="2" failures="0" errors="0" timestamp="2023-04-18T15:47:06" hostname="fv-az89-623" time="11.676">
  <properties/>
  <testcase name="testGenericSortDecl1()" classname="de.uka.ilkd.key.parser.TestDeclParser" time="1.164"/>
  <testcase name="testGenericSortDecl2()" classname="de.uka.ilkd.key.parser.TestDeclParser" time="0.823"/>
  <testcase name="testGenericSortDecl3()" classname="de.uka.ilkd.key.parser.TestDeclParser" time="0.881"/>
  <testcase name="testGenericSortDecl4()" classname="de.uka.ilkd.key.parser.TestDeclParser" time="0.88"/>
  <testcase name="testGenericSortDecl5()" classname="de.uka.ilkd.key.parser.TestDeclParser" time="0.0">
    <skipped/>
  </testcase>
  <testcase name="testGenericSortDecl6()" classname="de.uka.ilkd.key.parser.TestDeclParser" time="0.822"/>
  <testcase name="testSortDecl()" classname="de.uka.ilkd.key.parser.TestDeclParser" time="0.872"/>
  <testcase name="testProxySortDecl()" classname="de.uka.ilkd.key.parser.TestDeclParser" time="1.134"/>
  <testcase name="testArrayDecl()" classname="de.uka.ilkd.key.parser.TestDeclParser" time="1.639"/>
  <testcase name="testAmbiguousDecls()" classname="de.uka.ilkd.key.parser.TestDeclParser" time="0.001">
    <skipped/>
  </testcase>
  <testcase name="testHeurDecl()" classname="de.uka.ilkd.key.parser.TestDeclParser" time="0.862"/>
  <testcase name="testFunctionDecl()" classname="de.uka.ilkd.key.parser.TestDeclParser" time="0.831"/>
  <testcase name="testPredicateDecl()" classname="de.uka.ilkd.key.parser.TestDeclParser" time="0.86"/>
  <testcase name="testSVDecl()" classname="de.uka.ilkd.key.parser.TestDeclParser" time="0.871"/>
  <system-out><![CDATA[215953     INFO  Test worker     d.u.i.k.n.KeyIO           Parsing took 0 ms 
215953     INFO  Test worker     d.u.i.k.n.KeyIO           MODE: declarations took 0 ms 
216782     INFO  Test worker     d.u.i.k.n.KeyIO           Parsing took 0 ms 
216782     INFO  Test worker     d.u.i.k.n.KeyIO           MODE: declarations took 0 ms 
217658     INFO  Test worker     d.u.i.k.n.KeyIO           Parsing took 0 ms 
217658     INFO  Test worker     d.u.i.k.n.KeyIO           MODE: declarations took 0 ms 
218549     INFO  Test worker     d.u.i.k.n.KeyIO           Parsing took 0 ms 
218549     INFO  Test worker     d.u.i.k.n.KeyIO           MODE: declarations took 0 ms 
219377     INFO  Test worker     d.u.i.k.n.KeyIO           Parsing took 0 ms 
219377     INFO  Test worker     d.u.i.k.n.KeyIO           MODE: declarations took 0 ms 
220252     INFO  Test worker     d.u.i.k.n.KeyIO           Parsing took 0 ms 
220252     INFO  Test worker     d.u.i.k.n.KeyIO           MODE: declarations took 0 ms 
221379     INFO  Test worker     d.u.i.k.n.KeyIO           Parsing took 0 ms 
221379     INFO  Test worker     d.u.i.k.n.KeyIO           MODE: declarations took 0 ms 
223037     INFO  Test worker     d.u.i.k.n.KeyIO           Parsing took 0 ms 
223037     INFO  Test worker     d.u.i.k.n.KeyIO           MODE: declarations took 0 ms 
223912     INFO  Test worker     d.u.i.k.n.KeyIO           Parsing took 0 ms 
223912     INFO  Test worker     d.u.i.k.n.KeyIO           MODE: declarations took 0 ms 
224740     INFO  Test worker     d.u.i.k.n.KeyIO           Parsing took 0 ms 
224740     INFO  Test worker     d.u.i.k.n.KeyIO           MODE: declarations took 0 ms 
225600     INFO  Test worker     d.u.i.k.n.KeyIO           Parsing took 0 ms 
225600     INFO  Test worker     d.u.i.k.n.KeyIO           MODE: declarations took 0 ms 
226475     INFO  Test worker     d.u.i.k.n.KeyIO           Parsing took 0 ms 
226475     INFO  Test worker     d.u.i.k.n.KeyIO           MODE: declarations took 0 ms 
]]></system-out>
  <system-err><![CDATA[]]></system-err>
</testsuite>
