<?xml version="1.0" encoding="UTF-8"?>
<testsuite name="de.uka.ilkd.key.parser.TestTermParserHeap" tests="39" skipped="0" failures="0" errors="0" timestamp="2023-04-18T15:48:44" hostname="fv-az89-623" time="110.319">
  <properties/>
  <testcase name="testBracketHeapUpdate()" classname="de.uka.ilkd.key.parser.TestTermParserHeap" time="0.037"/>
  <testcase name="testStore()" classname="de.uka.ilkd.key.parser.TestTermParserHeap" time="0.009"/>
  <testcase name="testUnknownConstant()" classname="de.uka.ilkd.key.parser.TestTermParserHeap" time="0.006"/>
  <testcase name="testAllFieldsSelector()" classname="de.uka.ilkd.key.parser.TestTermParserHeap" time="0.002"/>
  <testcase name="testParsePrettyPrintedSelect()" classname="de.uka.ilkd.key.parser.TestTermParserHeap" time="0.005"/>
  <testcase name="testAccessStaticMembers()" classname="de.uka.ilkd.key.parser.TestTermParserHeap" time="0.006"/>
  <testcase name="testAtOperator_1()" classname="de.uka.ilkd.key.parser.TestTermParserHeap" time="0.004"/>
  <testcase name="testAtOperator_2()" classname="de.uka.ilkd.key.parser.TestTermParserHeap" time="0.004"/>
  <testcase name="testAtOperator_3()" classname="de.uka.ilkd.key.parser.TestTermParserHeap" time="0.004"/>
  <testcase name="testAtOperator_4()" classname="de.uka.ilkd.key.parser.TestTermParserHeap" time="0.007"/>
  <testcase name="testAtOperator_5()" classname="de.uka.ilkd.key.parser.TestTermParserHeap" time="0.01"/>
  <testcase name="testAtOperator_6()" classname="de.uka.ilkd.key.parser.TestTermParserHeap" time="0.003"/>
  <testcase name="testAtOperator_7()" classname="de.uka.ilkd.key.parser.TestTermParserHeap" time="0.003"/>
  <testcase name="testAtOperator_8()" classname="de.uka.ilkd.key.parser.TestTermParserHeap" time="0.005"/>
  <testcase name="testVerifyExceptionIfAtOperatorNotPreceededBySelectTerm()" classname="de.uka.ilkd.key.parser.TestTermParserHeap" time="0.005"/>
  <testcase name="testBugResettingCounter()" classname="de.uka.ilkd.key.parser.TestTermParserHeap" time="0.002"/>
  <testcase name="testLocationSets()" classname="de.uka.ilkd.key.parser.TestTermParserHeap" time="0.003"/>
  <testcase name="testQuantifiedSelect()" classname="de.uka.ilkd.key.parser.TestTermParserHeap" time="0.007"/>
  <testcase name="testGenericObjectProperties()" classname="de.uka.ilkd.key.parser.TestTermParserHeap" time="0.003"/>
  <testcase name="testQueryInheritance_1()" classname="de.uka.ilkd.key.parser.TestTermParserHeap" time="0.003"/>
  <testcase name="testQueryInheritance_2()" classname="de.uka.ilkd.key.parser.TestTermParserHeap" time="0.004"/>
  <testcase name="testQueryInheritance_3()" classname="de.uka.ilkd.key.parser.TestTermParserHeap" time="0.004"/>
  <testcase name="testQueryInheritance_4()" classname="de.uka.ilkd.key.parser.TestTermParserHeap" time="0.002"/>
  <testcase name="testQueryInheritance_5()" classname="de.uka.ilkd.key.parser.TestTermParserHeap" time="0.001"/>
  <testcase name="testQueryInheritance_6()" classname="de.uka.ilkd.key.parser.TestTermParserHeap" time="0.003"/>
  <testcase name="testQueryInheritance_7()" classname="de.uka.ilkd.key.parser.TestTermParserHeap" time="0.003"/>
  <testcase name="testQueryInheritance_8()" classname="de.uka.ilkd.key.parser.TestTermParserHeap" time="0.004"/>
  <testcase name="testQueryInheritance_9()" classname="de.uka.ilkd.key.parser.TestTermParserHeap" time="0.003"/>
  <testcase name="testQueryBasic_10()" classname="de.uka.ilkd.key.parser.TestTermParserHeap" time="0.001"/>
  <testcase name="testQueryBasic_11()" classname="de.uka.ilkd.key.parser.TestTermParserHeap" time="0.004"/>
  <testcase name="testQueryBasic_1()" classname="de.uka.ilkd.key.parser.TestTermParserHeap" time="0.002"/>
  <testcase name="testQueryBasic_2()" classname="de.uka.ilkd.key.parser.TestTermParserHeap" time="0.003"/>
  <testcase name="testQueryBasic_3()" classname="de.uka.ilkd.key.parser.TestTermParserHeap" time="0.002"/>
  <testcase name="testQueryBasic_4()" classname="de.uka.ilkd.key.parser.TestTermParserHeap" time="0.003"/>
  <testcase name="testQueryBasic_5()" classname="de.uka.ilkd.key.parser.TestTermParserHeap" time="0.003"/>
  <testcase name="testQueryBasic_6()" classname="de.uka.ilkd.key.parser.TestTermParserHeap" time="0.003"/>
  <testcase name="testQueryBasic_7()" classname="de.uka.ilkd.key.parser.TestTermParserHeap" time="0.006"/>
  <testcase name="testQueryBasic_8()" classname="de.uka.ilkd.key.parser.TestTermParserHeap" time="0.004"/>
  <testcase name="testQueryBasic_9()" classname="de.uka.ilkd.key.parser.TestTermParserHeap" time="0.002"/>
  <system-out><![CDATA[312532     INFO  Test worker     d.u.i.k.n.KeyIO           Parsing took 0 ms 
312532     INFO  Test worker     d.u.i.k.n.KeyIO           MODE: declarations took 0 ms 
312532     INFO  Test worker     d.u.i.k.n.KeyIO           Parsing took 0 ms 
312532     INFO  Test worker     d.u.i.k.n.KeyIO           MODE: declarations took 0 ms 
312532     INFO  Test worker     d.u.i.k.n.KeyIO           Parsing took 0 ms 
312532     INFO  Test worker     d.u.i.k.n.KeyIO           MODE: declarations took 0 ms 
312532     INFO  Test worker     d.u.i.k.n.KeyIO           Parsing took 0 ms 
312532     INFO  Test worker     d.u.i.k.n.KeyIO           MODE: declarations took 0 ms 
312532     INFO  Test worker     d.u.i.k.n.KeyIO           Parsing took 0 ms 
312532     INFO  Test worker     d.u.i.k.n.KeyIO           MODE: declarations took 0 ms 
315378     INFO  Test worker     d.u.i.k.n.KeyIO           Parsing took 0 ms 
315378     INFO  Test worker     d.u.i.k.n.KeyIO           MODE: declarations took 0 ms 
315378     INFO  Test worker     d.u.i.k.n.KeyIO           Parsing took 0 ms 
315394     INFO  Test worker     d.u.i.k.n.KeyIO           MODE: declarations took 16 ms 
315394     INFO  Test worker     d.u.i.k.n.KeyIO           Parsing took 0 ms 
315394     INFO  Test worker     d.u.i.k.n.KeyIO           MODE: declarations took 0 ms 
315394     INFO  Test worker     d.u.i.k.n.KeyIO           Parsing took 0 ms 
315394     INFO  Test worker     d.u.i.k.n.KeyIO           MODE: declarations took 0 ms 
315394     INFO  Test worker     d.u.i.k.n.KeyIO           Parsing took 0 ms 
315394     INFO  Test worker     d.u.i.k.n.KeyIO           MODE: declarations took 0 ms 
318193     INFO  Test worker     d.u.i.k.n.KeyIO           Parsing took 0 ms 
318193     INFO  Test worker     d.u.i.k.n.KeyIO           MODE: declarations took 0 ms 
318193     INFO  Test worker     d.u.i.k.n.KeyIO           Parsing took 0 ms 
318193     INFO  Test worker     d.u.i.k.n.KeyIO           MODE: declarations took 0 ms 
318193     INFO  Test worker     d.u.i.k.n.KeyIO           Parsing took 0 ms 
318193     INFO  Test worker     d.u.i.k.n.KeyIO           MODE: declarations took 0 ms 
318193     INFO  Test worker     d.u.i.k.n.KeyIO           Parsing took 0 ms 
318208     INFO  Test worker     d.u.i.k.n.KeyIO           MODE: declarations took 15 ms 
318208     INFO  Test worker     d.u.i.k.n.KeyIO           Parsing took 0 ms 
318208     INFO  Test worker     d.u.i.k.n.KeyIO           MODE: declarations took 0 ms 
318208     INFO  Test worker     d.u.i.k.n.KeyIO           Parsing took 0 ms 
318208     INFO  Test worker     d.u.i.k.n.KeyIO           MODE: declarations took 0 ms 
321070     INFO  Test worker     d.u.i.k.n.KeyIO           Parsing took 0 ms 
321070     INFO  Test worker     d.u.i.k.n.KeyIO           MODE: declarations took 0 ms 
321070     INFO  Test worker     d.u.i.k.n.KeyIO           Parsing took 0 ms 
321070     INFO  Test worker     d.u.i.k.n.KeyIO           MODE: declarations took 0 ms 
321070     INFO  Test worker     d.u.i.k.n.KeyIO           Parsing took 0 ms 
321070     INFO  Test worker     d.u.i.k.n.KeyIO           MODE: declarations took 0 ms 
321070     INFO  Test worker     d.u.i.k.n.KeyIO           Parsing took 0 ms 
321070     INFO  Test worker     d.u.i.k.n.KeyIO           MODE: declarations took 0 ms 
321070     INFO  Test worker     d.u.i.k.n.KeyIO           Parsing took 0 ms 
321070     INFO  Test worker     d.u.i.k.n.KeyIO           MODE: declarations took 0 ms 
324852     INFO  Test worker     d.u.i.k.n.KeyIO           Parsing took 0 ms 
324852     INFO  Test worker     d.u.i.k.n.KeyIO           MODE: declarations took 0 ms 
324868     INFO  Test worker     d.u.i.k.n.KeyIO           Parsing took 0 ms 
324868     INFO  Test worker     d.u.i.k.n.KeyIO           MODE: declarations took 0 ms 
324868     INFO  Test worker     d.u.i.k.n.KeyIO           Parsing took 0 ms 
324868     INFO  Test worker     d.u.i.k.n.KeyIO           MODE: declarations took 0 ms 
324868     INFO  Test worker     d.u.i.k.n.KeyIO           Parsing took 0 ms 
324868     INFO  Test worker     d.u.i.k.n.KeyIO           MODE: declarations took 0 ms 
324868     INFO  Test worker     d.u.i.k.n.KeyIO           Parsing took 0 ms 
324868     INFO  Test worker     d.u.i.k.n.KeyIO           MODE: declarations took 0 ms 
327604     INFO  Test worker     d.u.i.k.n.KeyIO           Parsing took 0 ms 
327604     INFO  Test worker     d.u.i.k.n.KeyIO           MODE: declarations took 0 ms 
327620     INFO  Test worker     d.u.i.k.n.KeyIO           Parsing took 0 ms 
327620     INFO  Test worker     d.u.i.k.n.KeyIO           MODE: declarations took 0 ms 
327620     INFO  Test worker     d.u.i.k.n.KeyIO           Parsing took 0 ms 
327620     INFO  Test worker     d.u.i.k.n.KeyIO           MODE: declarations took 0 ms 
327620     INFO  Test worker     d.u.i.k.n.KeyIO           Parsing took 0 ms 
327620     INFO  Test worker     d.u.i.k.n.KeyIO           MODE: declarations took 0 ms 
327620     INFO  Test worker     d.u.i.k.n.KeyIO           Parsing took 0 ms 
327620     INFO  Test worker     d.u.i.k.n.KeyIO           MODE: declarations took 0 ms 
330308     INFO  Test worker     d.u.i.k.n.KeyIO           Parsing took 0 ms 
330308     INFO  Test worker     d.u.i.k.n.KeyIO           MODE: declarations took 0 ms 
330308     INFO  Test worker     d.u.i.k.n.KeyIO           Parsing took 0 ms 
330308     INFO  Test worker     d.u.i.k.n.KeyIO           MODE: declarations took 0 ms 
330308     INFO  Test worker     d.u.i.k.n.KeyIO           Parsing took 0 ms 
330308     INFO  Test worker     d.u.i.k.n.KeyIO           MODE: declarations took 0 ms 
330308     INFO  Test worker     d.u.i.k.n.KeyIO           Parsing took 0 ms 
330308     INFO  Test worker     d.u.i.k.n.KeyIO           MODE: declarations took 0 ms 
330308     INFO  Test worker     d.u.i.k.n.KeyIO           Parsing took 0 ms 
330308     INFO  Test worker     d.u.i.k.n.KeyIO           MODE: declarations took 0 ms 
332998     INFO  Test worker     d.u.i.k.n.KeyIO           Parsing took 0 ms 
332998     INFO  Test worker     d.u.i.k.n.KeyIO           MODE: declarations took 0 ms 
332998     INFO  Test worker     d.u.i.k.n.KeyIO           Parsing took 0 ms 
332998     INFO  Test worker     d.u.i.k.n.KeyIO           MODE: declarations took 0 ms 
332998     INFO  Test worker     d.u.i.k.n.KeyIO           Parsing took 0 ms 
332998     INFO  Test worker     d.u.i.k.n.KeyIO           MODE: declarations took 0 ms 
332998     INFO  Test worker     d.u.i.k.n.KeyIO           Parsing took 0 ms 
332998     INFO  Test worker     d.u.i.k.n.KeyIO           MODE: declarations took 0 ms 
332998     INFO  Test worker     d.u.i.k.n.KeyIO           Parsing took 0 ms 
332998     INFO  Test worker     d.u.i.k.n.KeyIO           MODE: declarations took 0 ms 
335671     INFO  Test worker     d.u.i.k.n.KeyIO           Parsing took 0 ms 
335671     INFO  Test worker     d.u.i.k.n.KeyIO           MODE: declarations took 0 ms 
335671     INFO  Test worker     d.u.i.k.n.KeyIO           Parsing took 0 ms 
335671     INFO  Test worker     d.u.i.k.n.KeyIO           MODE: declarations took 0 ms 
335671     INFO  Test worker     d.u.i.k.n.KeyIO           Parsing took 0 ms 
335671     INFO  Test worker     d.u.i.k.n.KeyIO           MODE: declarations took 0 ms 
335671     INFO  Test worker     d.u.i.k.n.KeyIO           Parsing took 0 ms 
335671     INFO  Test worker     d.u.i.k.n.KeyIO           MODE: declarations took 0 ms 
335671     INFO  Test worker     d.u.i.k.n.KeyIO           Parsing took 0 ms 
335671     INFO  Test worker     d.u.i.k.n.KeyIO           MODE: declarations took 0 ms 
338313     INFO  Test worker     d.u.i.k.n.KeyIO           Parsing took 0 ms 
338313     INFO  Test worker     d.u.i.k.n.KeyIO           MODE: declarations took 0 ms 
338313     INFO  Test worker     d.u.i.k.n.KeyIO           Parsing took 0 ms 
338313     INFO  Test worker     d.u.i.k.n.KeyIO           MODE: declarations took 0 ms 
338313     INFO  Test worker     d.u.i.k.n.KeyIO           Parsing took 0 ms 
338313     INFO  Test worker     d.u.i.k.n.KeyIO           MODE: declarations took 0 ms 
338313     INFO  Test worker     d.u.i.k.n.KeyIO           Parsing took 0 ms 
338313     INFO  Test worker     d.u.i.k.n.KeyIO           MODE: declarations took 0 ms 
338313     INFO  Test worker     d.u.i.k.n.KeyIO           Parsing took 0 ms 
338313     INFO  Test worker     d.u.i.k.n.KeyIO           MODE: declarations took 0 ms 
341987     INFO  Test worker     d.u.i.k.n.KeyIO           Parsing took 0 ms 
342003     INFO  Test worker     d.u.i.k.n.KeyIO           MODE: declarations took 16 ms 
342003     INFO  Test worker     d.u.i.k.n.KeyIO           Parsing took 0 ms 
342003     INFO  Test worker     d.u.i.k.n.KeyIO           MODE: declarations took 0 ms 
342003     INFO  Test worker     d.u.i.k.n.KeyIO           Parsing took 0 ms 
342003     INFO  Test worker     d.u.i.k.n.KeyIO           MODE: declarations took 0 ms 
342003     INFO  Test worker     d.u.i.k.n.KeyIO           Parsing took 0 ms 
342003     INFO  Test worker     d.u.i.k.n.KeyIO           MODE: declarations took 0 ms 
342003     INFO  Test worker     d.u.i.k.n.KeyIO           Parsing took 0 ms 
342003     INFO  Test worker     d.u.i.k.n.KeyIO           MODE: declarations took 0 ms 
344676     INFO  Test worker     d.u.i.k.n.KeyIO           Parsing took 0 ms 
344676     INFO  Test worker     d.u.i.k.n.KeyIO           MODE: declarations took 0 ms 
344676     INFO  Test worker     d.u.i.k.n.KeyIO           Parsing took 0 ms 
344676     INFO  Test worker     d.u.i.k.n.KeyIO           MODE: declarations took 0 ms 
344676     INFO  Test worker     d.u.i.k.n.KeyIO           Parsing took 0 ms 
344676     INFO  Test worker     d.u.i.k.n.KeyIO           MODE: declarations took 0 ms 
344676     INFO  Test worker     d.u.i.k.n.KeyIO           Parsing took 0 ms 
344676     INFO  Test worker     d.u.i.k.n.KeyIO           MODE: declarations took 0 ms 
344676     INFO  Test worker     d.u.i.k.n.KeyIO           Parsing took 0 ms 
344676     INFO  Test worker     d.u.i.k.n.KeyIO           MODE: declarations took 0 ms 
347334     INFO  Test worker     d.u.i.k.n.KeyIO           Parsing took 0 ms 
347334     INFO  Test worker     d.u.i.k.n.KeyIO           MODE: declarations took 0 ms 
347334     INFO  Test worker     d.u.i.k.n.KeyIO           Parsing took 0 ms 
347334     INFO  Test worker     d.u.i.k.n.KeyIO           MODE: declarations took 0 ms 
347334     INFO  Test worker     d.u.i.k.n.KeyIO           Parsing took 0 ms 
347334     INFO  Test worker     d.u.i.k.n.KeyIO           MODE: declarations took 0 ms 
347334     INFO  Test worker     d.u.i.k.n.KeyIO           Parsing took 0 ms 
347334     INFO  Test worker     d.u.i.k.n.KeyIO           MODE: declarations took 0 ms 
347334     INFO  Test worker     d.u.i.k.n.KeyIO           Parsing took 0 ms 
347334     INFO  Test worker     d.u.i.k.n.KeyIO           MODE: declarations took 0 ms 
350007     INFO  Test worker     d.u.i.k.n.KeyIO           Parsing took 0 ms 
350007     INFO  Test worker     d.u.i.k.n.KeyIO           MODE: declarations took 0 ms 
350007     INFO  Test worker     d.u.i.k.n.KeyIO           Parsing took 0 ms 
350007     INFO  Test worker     d.u.i.k.n.KeyIO           MODE: declarations took 0 ms 
350007     INFO  Test worker     d.u.i.k.n.KeyIO           Parsing took 0 ms 
350007     INFO  Test worker     d.u.i.k.n.KeyIO           MODE: declarations took 0 ms 
350007     INFO  Test worker     d.u.i.k.n.KeyIO           Parsing took 0 ms 
350007     INFO  Test worker     d.u.i.k.n.KeyIO           MODE: declarations took 0 ms 
350007     INFO  Test worker     d.u.i.k.n.KeyIO           Parsing took 0 ms 
350007     INFO  Test worker     d.u.i.k.n.KeyIO           MODE: declarations took 0 ms 
352915     INFO  Test worker     d.u.i.k.n.KeyIO           Parsing took 0 ms 
352915     INFO  Test worker     d.u.i.k.n.KeyIO           MODE: declarations took 0 ms 
352915     INFO  Test worker     d.u.i.k.n.KeyIO           Parsing took 0 ms 
352915     INFO  Test worker     d.u.i.k.n.KeyIO           MODE: declarations took 0 ms 
352915     INFO  Test worker     d.u.i.k.n.KeyIO           Parsing took 0 ms 
352915     INFO  Test worker     d.u.i.k.n.KeyIO           MODE: declarations took 0 ms 
352915     INFO  Test worker     d.u.i.k.n.KeyIO           Parsing took 0 ms 
352915     INFO  Test worker     d.u.i.k.n.KeyIO           MODE: declarations took 0 ms 
352915     INFO  Test worker     d.u.i.k.n.KeyIO           Parsing took 0 ms 
352915     INFO  Test worker     d.u.i.k.n.KeyIO           MODE: declarations took 0 ms 
352915     WARN  Test worker     d.u.i.k.n.KeYParser       [syntax-error] <unknown>:1:11: mismatched input '@' expecting {'/', ':=', '.', '(', ')', '{', '[', '@', PARALLEL, OR, AND, IMP, '=', NOT_EQUALS, '%', '*', '-', '+', '>', GREATEREQUAL, '<', LESSEQUAL, LGUILLEMETS, EQV} [@11,11:11='@',<153>,1:11] (termEOF) 
355838     INFO  Test worker     d.u.i.k.n.KeyIO           Parsing took 0 ms 
355838     INFO  Test worker     d.u.i.k.n.KeyIO           MODE: declarations took 0 ms 
355838     INFO  Test worker     d.u.i.k.n.KeyIO           Parsing took 0 ms 
355838     INFO  Test worker     d.u.i.k.n.KeyIO           MODE: declarations took 0 ms 
355838     INFO  Test worker     d.u.i.k.n.KeyIO           Parsing took 0 ms 
355838     INFO  Test worker     d.u.i.k.n.KeyIO           MODE: declarations took 0 ms 
355838     INFO  Test worker     d.u.i.k.n.KeyIO           Parsing took 0 ms 
355838     INFO  Test worker     d.u.i.k.n.KeyIO           MODE: declarations took 0 ms 
355838     INFO  Test worker     d.u.i.k.n.KeyIO           Parsing took 0 ms 
355838     INFO  Test worker     d.u.i.k.n.KeyIO           MODE: declarations took 0 ms 
359951     INFO  Test worker     d.u.i.k.n.KeyIO           Parsing took 0 ms 
359951     INFO  Test worker     d.u.i.k.n.KeyIO           MODE: declarations took 0 ms 
359951     INFO  Test worker     d.u.i.k.n.KeyIO           Parsing took 0 ms 
359951     INFO  Test worker     d.u.i.k.n.KeyIO           MODE: declarations took 0 ms 
359951     INFO  Test worker     d.u.i.k.n.KeyIO           Parsing took 0 ms 
359951     INFO  Test worker     d.u.i.k.n.KeyIO           MODE: declarations took 0 ms 
359966     INFO  Test worker     d.u.i.k.n.KeyIO           Parsing took 0 ms 
359966     INFO  Test worker     d.u.i.k.n.KeyIO           MODE: declarations took 0 ms 
359966     INFO  Test worker     d.u.i.k.n.KeyIO           Parsing took 0 ms 
359966     INFO  Test worker     d.u.i.k.n.KeyIO           MODE: declarations took 0 ms 
362656     INFO  Test worker     d.u.i.k.n.KeyIO           Parsing took 0 ms 
362656     INFO  Test worker     d.u.i.k.n.KeyIO           MODE: declarations took 0 ms 
362656     INFO  Test worker     d.u.i.k.n.KeyIO           Parsing took 0 ms 
362656     INFO  Test worker     d.u.i.k.n.KeyIO           MODE: declarations took 0 ms 
362656     INFO  Test worker     d.u.i.k.n.KeyIO           Parsing took 0 ms 
362656     INFO  Test worker     d.u.i.k.n.KeyIO           MODE: declarations took 0 ms 
362656     INFO  Test worker     d.u.i.k.n.KeyIO           Parsing took 0 ms 
362656     INFO  Test worker     d.u.i.k.n.KeyIO           MODE: declarations took 0 ms 
362656     INFO  Test worker     d.u.i.k.n.KeyIO           Parsing took 0 ms 
362656     INFO  Test worker     d.u.i.k.n.KeyIO           MODE: declarations took 0 ms 
365360     INFO  Test worker     d.u.i.k.n.KeyIO           Parsing took 0 ms 
365360     INFO  Test worker     d.u.i.k.n.KeyIO           MODE: declarations took 0 ms 
365360     INFO  Test worker     d.u.i.k.n.KeyIO           Parsing took 0 ms 
365360     INFO  Test worker     d.u.i.k.n.KeyIO           MODE: declarations took 0 ms 
365360     INFO  Test worker     d.u.i.k.n.KeyIO           Parsing took 0 ms 
365360     INFO  Test worker     d.u.i.k.n.KeyIO           MODE: declarations took 0 ms 
365360     INFO  Test worker     d.u.i.k.n.KeyIO           Parsing took 0 ms 
365360     INFO  Test worker     d.u.i.k.n.KeyIO           MODE: declarations took 0 ms 
365360     INFO  Test worker     d.u.i.k.n.KeyIO           Parsing took 0 ms 
365360     INFO  Test worker     d.u.i.k.n.KeyIO           MODE: declarations took 0 ms 
368064     INFO  Test worker     d.u.i.k.n.KeyIO           Parsing took 0 ms 
368064     INFO  Test worker     d.u.i.k.n.KeyIO           MODE: declarations took 0 ms 
368064     INFO  Test worker     d.u.i.k.n.KeyIO           Parsing took 0 ms 
368064     INFO  Test worker     d.u.i.k.n.KeyIO           MODE: declarations took 0 ms 
368064     INFO  Test worker     d.u.i.k.n.KeyIO           Parsing took 0 ms 
368064     INFO  Test worker     d.u.i.k.n.KeyIO           MODE: declarations took 0 ms 
368064     INFO  Test worker     d.u.i.k.n.KeyIO           Parsing took 0 ms 
368064     INFO  Test worker     d.u.i.k.n.KeyIO           MODE: declarations took 0 ms 
368064     INFO  Test worker     d.u.i.k.n.KeyIO           Parsing took 0 ms 
368064     INFO  Test worker     d.u.i.k.n.KeyIO           MODE: declarations took 0 ms 
370786     INFO  Test worker     d.u.i.k.n.KeyIO           Parsing took 0 ms 
370786     INFO  Test worker     d.u.i.k.n.KeyIO           MODE: declarations took 0 ms 
370786     INFO  Test worker     d.u.i.k.n.KeyIO           Parsing took 0 ms 
370786     INFO  Test worker     d.u.i.k.n.KeyIO           MODE: declarations took 0 ms 
370786     INFO  Test worker     d.u.i.k.n.KeyIO           Parsing took 0 ms 
370786     INFO  Test worker     d.u.i.k.n.KeyIO           MODE: declarations took 0 ms 
370786     INFO  Test worker     d.u.i.k.n.KeyIO           Parsing took 0 ms 
370786     INFO  Test worker     d.u.i.k.n.KeyIO           MODE: declarations took 0 ms 
370786     INFO  Test worker     d.u.i.k.n.KeyIO           Parsing took 0 ms 
370786     INFO  Test worker     d.u.i.k.n.KeyIO           MODE: declarations took 0 ms 
373523     INFO  Test worker     d.u.i.k.n.KeyIO           Parsing took 0 ms 
373523     INFO  Test worker     d.u.i.k.n.KeyIO           MODE: declarations took 0 ms 
373523     INFO  Test worker     d.u.i.k.n.KeyIO           Parsing took 0 ms 
373523     INFO  Test worker     d.u.i.k.n.KeyIO           MODE: declarations took 0 ms 
373523     INFO  Test worker     d.u.i.k.n.KeyIO           Parsing took 0 ms 
373523     INFO  Test worker     d.u.i.k.n.KeyIO           MODE: declarations took 0 ms 
373523     INFO  Test worker     d.u.i.k.n.KeyIO           Parsing took 0 ms 
373523     INFO  Test worker     d.u.i.k.n.KeyIO           MODE: declarations took 0 ms 
373523     INFO  Test worker     d.u.i.k.n.KeyIO           Parsing took 0 ms 
373523     INFO  Test worker     d.u.i.k.n.KeyIO           MODE: declarations took 0 ms 
377275     INFO  Test worker     d.u.i.k.n.KeyIO           Parsing took 0 ms 
377275     INFO  Test worker     d.u.i.k.n.KeyIO           MODE: declarations took 0 ms 
377275     INFO  Test worker     d.u.i.k.n.KeyIO           Parsing took 0 ms 
377275     INFO  Test worker     d.u.i.k.n.KeyIO           MODE: declarations took 0 ms 
377275     INFO  Test worker     d.u.i.k.n.KeyIO           Parsing took 0 ms 
377275     INFO  Test worker     d.u.i.k.n.KeyIO           MODE: declarations took 0 ms 
377275     INFO  Test worker     d.u.i.k.n.KeyIO           Parsing took 0 ms 
377275     INFO  Test worker     d.u.i.k.n.KeyIO           MODE: declarations took 0 ms 
377275     INFO  Test worker     d.u.i.k.n.KeyIO           Parsing took 0 ms 
377275     INFO  Test worker     d.u.i.k.n.KeyIO           MODE: declarations took 0 ms 
379980     INFO  Test worker     d.u.i.k.n.KeyIO           Parsing took 0 ms 
379980     INFO  Test worker     d.u.i.k.n.KeyIO           MODE: declarations took 0 ms 
379980     INFO  Test worker     d.u.i.k.n.KeyIO           Parsing took 0 ms 
379980     INFO  Test worker     d.u.i.k.n.KeyIO           MODE: declarations took 0 ms 
379980     INFO  Test worker     d.u.i.k.n.KeyIO           Parsing took 0 ms 
379980     INFO  Test worker     d.u.i.k.n.KeyIO           MODE: declarations took 0 ms 
379980     INFO  Test worker     d.u.i.k.n.KeyIO           Parsing took 0 ms 
379980     INFO  Test worker     d.u.i.k.n.KeyIO           MODE: declarations took 0 ms 
379980     INFO  Test worker     d.u.i.k.n.KeyIO           Parsing took 0 ms 
379980     INFO  Test worker     d.u.i.k.n.KeyIO           MODE: declarations took 0 ms 
382700     INFO  Test worker     d.u.i.k.n.KeyIO           Parsing took 0 ms 
382700     INFO  Test worker     d.u.i.k.n.KeyIO           MODE: declarations took 0 ms 
382700     INFO  Test worker     d.u.i.k.n.KeyIO           Parsing took 0 ms 
382700     INFO  Test worker     d.u.i.k.n.KeyIO           MODE: declarations took 0 ms 
382700     INFO  Test worker     d.u.i.k.n.KeyIO           Parsing took 0 ms 
382700     INFO  Test worker     d.u.i.k.n.KeyIO           MODE: declarations took 0 ms 
382700     INFO  Test worker     d.u.i.k.n.KeyIO           Parsing took 0 ms 
382700     INFO  Test worker     d.u.i.k.n.KeyIO           MODE: declarations took 0 ms 
382700     INFO  Test worker     d.u.i.k.n.KeyIO           Parsing took 0 ms 
382700     INFO  Test worker     d.u.i.k.n.KeyIO           MODE: declarations took 0 ms 
385406     INFO  Test worker     d.u.i.k.n.KeyIO           Parsing took 0 ms 
385406     INFO  Test worker     d.u.i.k.n.KeyIO           MODE: declarations took 0 ms 
385406     INFO  Test worker     d.u.i.k.n.KeyIO           Parsing took 0 ms 
385406     INFO  Test worker     d.u.i.k.n.KeyIO           MODE: declarations took 0 ms 
385406     INFO  Test worker     d.u.i.k.n.KeyIO           Parsing took 0 ms 
385406     INFO  Test worker     d.u.i.k.n.KeyIO           MODE: declarations took 0 ms 
385406     INFO  Test worker     d.u.i.k.n.KeyIO           Parsing took 0 ms 
385406     INFO  Test worker     d.u.i.k.n.KeyIO           MODE: declarations took 0 ms 
385406     INFO  Test worker     d.u.i.k.n.KeyIO           Parsing took 0 ms 
385406     INFO  Test worker     d.u.i.k.n.KeyIO           MODE: declarations took 0 ms 
388110     INFO  Test worker     d.u.i.k.n.KeyIO           Parsing took 0 ms 
388110     INFO  Test worker     d.u.i.k.n.KeyIO           MODE: declarations took 0 ms 
388110     INFO  Test worker     d.u.i.k.n.KeyIO           Parsing took 0 ms 
388110     INFO  Test worker     d.u.i.k.n.KeyIO           MODE: declarations took 0 ms 
388110     INFO  Test worker     d.u.i.k.n.KeyIO           Parsing took 0 ms 
388110     INFO  Test worker     d.u.i.k.n.KeyIO           MODE: declarations took 0 ms 
388110     INFO  Test worker     d.u.i.k.n.KeyIO           Parsing took 0 ms 
388110     INFO  Test worker     d.u.i.k.n.KeyIO           MODE: declarations took 0 ms 
388110     INFO  Test worker     d.u.i.k.n.KeyIO           Parsing took 0 ms 
388110     INFO  Test worker     d.u.i.k.n.KeyIO           MODE: declarations took 0 ms 
391424     INFO  Test worker     d.u.i.k.n.KeyIO           Parsing took 0 ms 
391424     INFO  Test worker     d.u.i.k.n.KeyIO           MODE: declarations took 0 ms 
391424     INFO  Test worker     d.u.i.k.n.KeyIO           Parsing took 0 ms 
391424     INFO  Test worker     d.u.i.k.n.KeyIO           MODE: declarations took 0 ms 
391424     INFO  Test worker     d.u.i.k.n.KeyIO           Parsing took 0 ms 
391424     INFO  Test worker     d.u.i.k.n.KeyIO           MODE: declarations took 0 ms 
391424     INFO  Test worker     d.u.i.k.n.KeyIO           Parsing took 0 ms 
391424     INFO  Test worker     d.u.i.k.n.KeyIO           MODE: declarations took 0 ms 
391424     INFO  Test worker     d.u.i.k.n.KeyIO           Parsing took 0 ms 
391424     INFO  Test worker     d.u.i.k.n.KeyIO           MODE: declarations took 0 ms 
394690     INFO  Test worker     d.u.i.k.n.KeyIO           Parsing took 0 ms 
394690     INFO  Test worker     d.u.i.k.n.KeyIO           MODE: declarations took 0 ms 
394690     INFO  Test worker     d.u.i.k.n.KeyIO           Parsing took 0 ms 
394690     INFO  Test worker     d.u.i.k.n.KeyIO           MODE: declarations took 0 ms 
394690     INFO  Test worker     d.u.i.k.n.KeyIO           Parsing took 0 ms 
394690     INFO  Test worker     d.u.i.k.n.KeyIO           MODE: declarations took 0 ms 
394690     INFO  Test worker     d.u.i.k.n.KeyIO           Parsing took 0 ms 
394690     INFO  Test worker     d.u.i.k.n.KeyIO           MODE: declarations took 0 ms 
394690     INFO  Test worker     d.u.i.k.n.KeyIO           Parsing took 0 ms 
394690     INFO  Test worker     d.u.i.k.n.KeyIO           MODE: declarations took 0 ms 
397364     INFO  Test worker     d.u.i.k.n.KeyIO           Parsing took 0 ms 
397364     INFO  Test worker     d.u.i.k.n.KeyIO           MODE: declarations took 0 ms 
397364     INFO  Test worker     d.u.i.k.n.KeyIO           Parsing took 0 ms 
397364     INFO  Test worker     d.u.i.k.n.KeyIO           MODE: declarations took 0 ms 
397364     INFO  Test worker     d.u.i.k.n.KeyIO           Parsing took 0 ms 
397364     INFO  Test worker     d.u.i.k.n.KeyIO           MODE: declarations took 0 ms 
397364     INFO  Test worker     d.u.i.k.n.KeyIO           Parsing took 0 ms 
397364     INFO  Test worker     d.u.i.k.n.KeyIO           MODE: declarations took 0 ms 
397364     INFO  Test worker     d.u.i.k.n.KeyIO           Parsing took 0 ms 
397364     INFO  Test worker     d.u.i.k.n.KeyIO           MODE: declarations took 0 ms 
400053     INFO  Test worker     d.u.i.k.n.KeyIO           Parsing took 0 ms 
400053     INFO  Test worker     d.u.i.k.n.KeyIO           MODE: declarations took 0 ms 
400053     INFO  Test worker     d.u.i.k.n.KeyIO           Parsing took 0 ms 
400053     INFO  Test worker     d.u.i.k.n.KeyIO           MODE: declarations took 0 ms 
400053     INFO  Test worker     d.u.i.k.n.KeyIO           Parsing took 0 ms 
400053     INFO  Test worker     d.u.i.k.n.KeyIO           MODE: declarations took 0 ms 
400053     INFO  Test worker     d.u.i.k.n.KeyIO           Parsing took 0 ms 
400053     INFO  Test worker     d.u.i.k.n.KeyIO           MODE: declarations took 0 ms 
400053     INFO  Test worker     d.u.i.k.n.KeyIO           Parsing took 0 ms 
400053     INFO  Test worker     d.u.i.k.n.KeyIO           MODE: declarations took 0 ms 
402727     INFO  Test worker     d.u.i.k.n.KeyIO           Parsing took 0 ms 
402727     INFO  Test worker     d.u.i.k.n.KeyIO           MODE: declarations took 0 ms 
402727     INFO  Test worker     d.u.i.k.n.KeyIO           Parsing took 0 ms 
402727     INFO  Test worker     d.u.i.k.n.KeyIO           MODE: declarations took 0 ms 
402727     INFO  Test worker     d.u.i.k.n.KeyIO           Parsing took 0 ms 
402727     INFO  Test worker     d.u.i.k.n.KeyIO           MODE: declarations took 0 ms 
402727     INFO  Test worker     d.u.i.k.n.KeyIO           Parsing took 0 ms 
402727     INFO  Test worker     d.u.i.k.n.KeyIO           MODE: declarations took 0 ms 
402727     INFO  Test worker     d.u.i.k.n.KeyIO           Parsing took 0 ms 
402727     INFO  Test worker     d.u.i.k.n.KeyIO           MODE: declarations took 0 ms 
405463     INFO  Test worker     d.u.i.k.n.KeyIO           Parsing took 0 ms 
405463     INFO  Test worker     d.u.i.k.n.KeyIO           MODE: declarations took 0 ms 
405463     INFO  Test worker     d.u.i.k.n.KeyIO           Parsing took 0 ms 
405463     INFO  Test worker     d.u.i.k.n.KeyIO           MODE: declarations took 0 ms 
405463     INFO  Test worker     d.u.i.k.n.KeyIO           Parsing took 0 ms 
405463     INFO  Test worker     d.u.i.k.n.KeyIO           MODE: declarations took 0 ms 
405463     INFO  Test worker     d.u.i.k.n.KeyIO           Parsing took 0 ms 
405463     INFO  Test worker     d.u.i.k.n.KeyIO           MODE: declarations took 0 ms 
405463     INFO  Test worker     d.u.i.k.n.KeyIO           Parsing took 0 ms 
405463     INFO  Test worker     d.u.i.k.n.KeyIO           MODE: declarations took 0 ms 
409199     INFO  Test worker     d.u.i.k.n.KeyIO           Parsing took 0 ms 
409199     INFO  Test worker     d.u.i.k.n.KeyIO           MODE: declarations took 0 ms 
409199     INFO  Test worker     d.u.i.k.n.KeyIO           Parsing took 0 ms 
409199     INFO  Test worker     d.u.i.k.n.KeyIO           MODE: declarations took 0 ms 
409199     INFO  Test worker     d.u.i.k.n.KeyIO           Parsing took 0 ms 
409199     INFO  Test worker     d.u.i.k.n.KeyIO           MODE: declarations took 0 ms 
409199     INFO  Test worker     d.u.i.k.n.KeyIO           Parsing took 0 ms 
409199     INFO  Test worker     d.u.i.k.n.KeyIO           MODE: declarations took 0 ms 
409199     INFO  Test worker     d.u.i.k.n.KeyIO           Parsing took 0 ms 
409199     INFO  Test worker     d.u.i.k.n.KeyIO           MODE: declarations took 0 ms 
411904     INFO  Test worker     d.u.i.k.n.KeyIO           Parsing took 0 ms 
411904     INFO  Test worker     d.u.i.k.n.KeyIO           MODE: declarations took 0 ms 
411904     INFO  Test worker     d.u.i.k.n.KeyIO           Parsing took 0 ms 
411904     INFO  Test worker     d.u.i.k.n.KeyIO           MODE: declarations took 0 ms 
411904     INFO  Test worker     d.u.i.k.n.KeyIO           Parsing took 0 ms 
411904     INFO  Test worker     d.u.i.k.n.KeyIO           MODE: declarations took 0 ms 
411904     INFO  Test worker     d.u.i.k.n.KeyIO           Parsing took 0 ms 
411904     INFO  Test worker     d.u.i.k.n.KeyIO           MODE: declarations took 0 ms 
411904     INFO  Test worker     d.u.i.k.n.KeyIO           Parsing took 0 ms 
411904     INFO  Test worker     d.u.i.k.n.KeyIO           MODE: declarations took 0 ms 
414625     INFO  Test worker     d.u.i.k.n.KeyIO           Parsing took 0 ms 
414625     INFO  Test worker     d.u.i.k.n.KeyIO           MODE: declarations took 0 ms 
414625     INFO  Test worker     d.u.i.k.n.KeyIO           Parsing took 0 ms 
414625     INFO  Test worker     d.u.i.k.n.KeyIO           MODE: declarations took 0 ms 
414625     INFO  Test worker     d.u.i.k.n.KeyIO           Parsing took 0 ms 
414625     INFO  Test worker     d.u.i.k.n.KeyIO           MODE: declarations took 0 ms 
414625     INFO  Test worker     d.u.i.k.n.KeyIO           Parsing took 0 ms 
414625     INFO  Test worker     d.u.i.k.n.KeyIO           MODE: declarations took 0 ms 
414625     INFO  Test worker     d.u.i.k.n.KeyIO           Parsing took 0 ms 
414625     INFO  Test worker     d.u.i.k.n.KeyIO           MODE: declarations took 0 ms 
417360     INFO  Test worker     d.u.i.k.n.KeyIO           Parsing took 0 ms 
417360     INFO  Test worker     d.u.i.k.n.KeyIO           MODE: declarations took 0 ms 
417360     INFO  Test worker     d.u.i.k.n.KeyIO           Parsing took 0 ms 
417360     INFO  Test worker     d.u.i.k.n.KeyIO           MODE: declarations took 0 ms 
417360     INFO  Test worker     d.u.i.k.n.KeyIO           Parsing took 0 ms 
417360     INFO  Test worker     d.u.i.k.n.KeyIO           MODE: declarations took 0 ms 
417360     INFO  Test worker     d.u.i.k.n.KeyIO           Parsing took 0 ms 
417360     INFO  Test worker     d.u.i.k.n.KeyIO           MODE: declarations took 0 ms 
417360     INFO  Test worker     d.u.i.k.n.KeyIO           Parsing took 0 ms 
417360     INFO  Test worker     d.u.i.k.n.KeyIO           MODE: declarations took 0 ms 
420113     INFO  Test worker     d.u.i.k.n.KeyIO           Parsing took 0 ms 
420113     INFO  Test worker     d.u.i.k.n.KeyIO           MODE: declarations took 0 ms 
420113     INFO  Test worker     d.u.i.k.n.KeyIO           Parsing took 0 ms 
420113     INFO  Test worker     d.u.i.k.n.KeyIO           MODE: declarations took 0 ms 
420113     INFO  Test worker     d.u.i.k.n.KeyIO           Parsing took 0 ms 
420113     INFO  Test worker     d.u.i.k.n.KeyIO           MODE: declarations took 0 ms 
420113     INFO  Test worker     d.u.i.k.n.KeyIO           Parsing took 0 ms 
420128     INFO  Test worker     d.u.i.k.n.KeyIO           MODE: declarations took 0 ms 
420128     INFO  Test worker     d.u.i.k.n.KeyIO           Parsing took 0 ms 
420128     INFO  Test worker     d.u.i.k.n.KeyIO           MODE: declarations took 0 ms 
422849     INFO  Test worker     d.u.i.k.n.KeyIO           Parsing took 0 ms 
422849     INFO  Test worker     d.u.i.k.n.KeyIO           MODE: declarations took 0 ms 
422849     INFO  Test worker     d.u.i.k.n.KeyIO           Parsing took 0 ms 
422849     INFO  Test worker     d.u.i.k.n.KeyIO           MODE: declarations took 0 ms 
422849     INFO  Test worker     d.u.i.k.n.KeyIO           Parsing took 0 ms 
422849     INFO  Test worker     d.u.i.k.n.KeyIO           MODE: declarations took 0 ms 
422849     INFO  Test worker     d.u.i.k.n.KeyIO           Parsing took 0 ms 
422849     INFO  Test worker     d.u.i.k.n.KeyIO           MODE: declarations took 0 ms 
422849     INFO  Test worker     d.u.i.k.n.KeyIO           Parsing took 0 ms 
422849     INFO  Test worker     d.u.i.k.n.KeyIO           MODE: declarations took 0 ms 
]]></system-out>
  <system-err><![CDATA[]]></system-err>
</testsuite>
