<?xml version="1.0" encoding="UTF-8"?>
<testsuite name="de.uka.ilkd.key.proof.runallproofs.RunAllProofsInfFlow" tests="30" skipped="0" failures="2" errors="0" timestamp="2023-03-22T17:35:39" hostname="fv-az491-751" time="2794.171">
  <properties/>
  <testcase name="ToyVoting" classname="de.uka.ilkd.key.proof.runallproofs.RunAllProofsInfFlow" time="26.171"/>
  <testcase name="ConditionalConfidential" classname="de.uka.ilkd.key.proof.runallproofs.RunAllProofsInfFlow" time="14.796"/>
  <testcase name="SumExample" classname="de.uka.ilkd.key.proof.runallproofs.RunAllProofsInfFlow" time="10.377"/>
  <testcase name="ToyBanking" classname="de.uka.ilkd.key.proof.runallproofs.RunAllProofsInfFlow" time="113.66"/>
  <testcase name="BlockContracts" classname="de.uka.ilkd.key.proof.runallproofs.RunAllProofsInfFlow" time="64.761"/>
  <testcase name="MethodContracts" classname="de.uka.ilkd.key.proof.runallproofs.RunAllProofsInfFlow" time="71.016"/>
  <testcase name="LoopInvariants" classname="de.uka.ilkd.key.proof.runallproofs.RunAllProofsInfFlow" time="69.297"/>
  <testcase name="MiniExamples" classname="de.uka.ilkd.key.proof.runallproofs.RunAllProofsInfFlow" time="97.585"/>
  <testcase name="NewObjects" classname="de.uka.ilkd.key.proof.runallproofs.RunAllProofsInfFlow" time="81.218"/>
  <testcase name="passwordfile.SecurePasswordFile(passwordfile.SecurePasswordFile___userIndex()).JML accessible clause.0.key" classname="de.uka.ilkd.key.proof.runallproofs.RunAllProofsInfFlow" time="8.128">
    <failure message="org.opentest4j.AssertionFailedError: Executed process terminated with non-zero exit value. ==&gt; expected: &lt;0&gt; but was: &lt;1&gt;" type="org.opentest4j.AssertionFailedError">org.opentest4j.AssertionFailedError: Executed process terminated with non-zero exit value. ==&gt; expected: &lt;0&gt; but was: &lt;1&gt;
	at app//org.junit.jupiter.api.AssertionFailureBuilder.build(AssertionFailureBuilder.java:151)
	at app//org.junit.jupiter.api.AssertionFailureBuilder.buildAndThrow(AssertionFailureBuilder.java:132)
	at app//org.junit.jupiter.api.AssertEquals.failNotEqual(AssertEquals.java:197)
	at app//org.junit.jupiter.api.AssertEquals.assertEquals(AssertEquals.java:150)
	at app//org.junit.jupiter.api.Assertions.assertEquals(Assertions.java:560)
	at app//de.uka.ilkd.key.proof.runallproofs.proofcollection.ForkedTestFileRunner.processTestFiles(ForkedTestFileRunner.java:129)
	at app//de.uka.ilkd.key.proof.runallproofs.RunAllProofsTestUnit.runTest(RunAllProofsTestUnit.java:85)
	at app//de.uka.ilkd.key.proof.runallproofs.RunAllProofsTest.lambda$data$0(RunAllProofsTest.java:83)
	at app//org.junit.jupiter.engine.descriptor.DynamicTestTestDescriptor.lambda$execute$0(DynamicTestTestDescriptor.java:53)
	at app//org.junit.jupiter.engine.execution.InvocationInterceptorChain$ValidatingInvocation.proceed(InvocationInterceptorChain.java:131)
	at app//org.junit.jupiter.api.extension.InvocationInterceptor.interceptDynamicTest(InvocationInterceptor.java:167)
	at app//org.junit.jupiter.api.extension.InvocationInterceptor.interceptDynamicTest(InvocationInterceptor.java:184)
	at app//org.junit.jupiter.engine.descriptor.DynamicTestTestDescriptor.lambda$execute$1(DynamicTestTestDescriptor.java:61)
	at app//org.junit.jupiter.engine.execution.InvocationInterceptorChain$InterceptorCall.lambda$ofVoid$0(InvocationInterceptorChain.java:78)
	at app//org.junit.jupiter.engine.execution.InvocationInterceptorChain$InterceptedInvocation.proceed(InvocationInterceptorChain.java:106)
	at app//org.junit.jupiter.engine.execution.InvocationInterceptorChain.proceed(InvocationInterceptorChain.java:64)
	at app//org.junit.jupiter.engine.execution.InvocationInterceptorChain.chainAndInvoke(InvocationInterceptorChain.java:45)
	at app//org.junit.jupiter.engine.execution.InvocationInterceptorChain.invoke(InvocationInterceptorChain.java:37)
	at app//org.junit.jupiter.engine.descriptor.DynamicTestTestDescriptor.execute(DynamicTestTestDescriptor.java:60)
	at app//org.junit.jupiter.engine.descriptor.DynamicTestTestDescriptor.execute(DynamicTestTestDescriptor.java:32)
	at app//org.junit.platform.engine.support.hierarchical.NodeTestTask.lambda$executeRecursively$6(NodeTestTask.java:151)
	at app//org.junit.platform.engine.support.hierarchical.ThrowableCollector.execute(ThrowableCollector.java:73)
	at app//org.junit.platform.engine.support.hierarchical.NodeTestTask.lambda$executeRecursively$8(NodeTestTask.java:141)
	at app//org.junit.platform.engine.support.hierarchical.Node.around(Node.java:137)
	at app//org.junit.platform.engine.support.hierarchical.NodeTestTask.lambda$executeRecursively$9(NodeTestTask.java:139)
	at app//org.junit.platform.engine.support.hierarchical.ThrowableCollector.execute(ThrowableCollector.java:73)
	at app//org.junit.platform.engine.support.hierarchical.NodeTestTask.executeRecursively(NodeTestTask.java:138)
	at app//org.junit.platform.engine.support.hierarchical.NodeTestTask.execute(NodeTestTask.java:95)
	at app//org.junit.platform.engine.support.hierarchical.SameThreadHierarchicalTestExecutorService.submit(SameThreadHierarchicalTestExecutorService.java:35)
	at app//org.junit.platform.engine.support.hierarchical.NodeTestTask$DefaultDynamicTestExecutor.execute(NodeTestTask.java:226)
	at app//org.junit.platform.engine.support.hierarchical.NodeTestTask$DefaultDynamicTestExecutor.execute(NodeTestTask.java:204)
	at java.base@11.0.18/java.util.Optional.ifPresent(Optional.java:183)
	at app//org.junit.jupiter.engine.descriptor.TestFactoryTestDescriptor.lambda$invokeTestMethod$1(TestFactoryTestDescriptor.java:108)
	at app//org.junit.platform.engine.support.hierarchical.ThrowableCollector.execute(ThrowableCollector.java:73)
	at app//org.junit.jupiter.engine.descriptor.TestFactoryTestDescriptor.invokeTestMethod(TestFactoryTestDescriptor.java:95)
	at app//org.junit.jupiter.engine.descriptor.TestMethodTestDescriptor.execute(TestMethodTestDescriptor.java:138)
	at app//org.junit.jupiter.engine.descriptor.TestMethodTestDescriptor.execute(TestMethodTestDescriptor.java:68)
	at app//org.junit.platform.engine.support.hierarchical.NodeTestTask.lambda$executeRecursively$6(NodeTestTask.java:151)
	at app//org.junit.platform.engine.support.hierarchical.ThrowableCollector.execute(ThrowableCollector.java:73)
	at app//org.junit.platform.engine.support.hierarchical.NodeTestTask.lambda$executeRecursively$8(NodeTestTask.java:141)
	at app//org.junit.platform.engine.support.hierarchical.Node.around(Node.java:137)
	at app//org.junit.platform.engine.support.hierarchical.NodeTestTask.lambda$executeRecursively$9(NodeTestTask.java:139)
	at app//org.junit.platform.engine.support.hierarchical.ThrowableCollector.execute(ThrowableCollector.java:73)
	at app//org.junit.platform.engine.support.hierarchical.NodeTestTask.executeRecursively(NodeTestTask.java:138)
	at app//org.junit.platform.engine.support.hierarchical.NodeTestTask.execute(NodeTestTask.java:95)
	at java.base@11.0.18/java.util.ArrayList.forEach(ArrayList.java:1541)
	at app//org.junit.platform.engine.support.hierarchical.SameThreadHierarchicalTestExecutorService.invokeAll(SameThreadHierarchicalTestExecutorService.java:41)
	at app//org.junit.platform.engine.support.hierarchical.NodeTestTask.lambda$executeRecursively$6(NodeTestTask.java:155)
	at app//org.junit.platform.engine.support.hierarchical.ThrowableCollector.execute(ThrowableCollector.java:73)
	at app//org.junit.platform.engine.support.hierarchical.NodeTestTask.lambda$executeRecursively$8(NodeTestTask.java:141)
	at app//org.junit.platform.engine.support.hierarchical.Node.around(Node.java:137)
	at app//org.junit.platform.engine.support.hierarchical.NodeTestTask.lambda$executeRecursively$9(NodeTestTask.java:139)
	at app//org.junit.platform.engine.support.hierarchical.ThrowableCollector.execute(ThrowableCollector.java:73)
	at app//org.junit.platform.engine.support.hierarchical.NodeTestTask.executeRecursively(NodeTestTask.java:138)
	at app//org.junit.platform.engine.support.hierarchical.NodeTestTask.execute(NodeTestTask.java:95)
	at java.base@11.0.18/java.util.ArrayList.forEach(ArrayList.java:1541)
	at app//org.junit.platform.engine.support.hierarchical.SameThreadHierarchicalTestExecutorService.invokeAll(SameThreadHierarchicalTestExecutorService.java:41)
	at app//org.junit.platform.engine.support.hierarchical.NodeTestTask.lambda$executeRecursively$6(NodeTestTask.java:155)
	at app//org.junit.platform.engine.support.hierarchical.ThrowableCollector.execute(ThrowableCollector.java:73)
	at app//org.junit.platform.engine.support.hierarchical.NodeTestTask.lambda$executeRecursively$8(NodeTestTask.java:141)
	at app//org.junit.platform.engine.support.hierarchical.Node.around(Node.java:137)
	at app//org.junit.platform.engine.support.hierarchical.NodeTestTask.lambda$executeRecursively$9(NodeTestTask.java:139)
	at app//org.junit.platform.engine.support.hierarchical.ThrowableCollector.execute(ThrowableCollector.java:73)
	at app//org.junit.platform.engine.support.hierarchical.NodeTestTask.executeRecursively(NodeTestTask.java:138)
	at app//org.junit.platform.engine.support.hierarchical.NodeTestTask.execute(NodeTestTask.java:95)
	at app//org.junit.platform.engine.support.hierarchical.SameThreadHierarchicalTestExecutorService.submit(SameThreadHierarchicalTestExecutorService.java:35)
	at app//org.junit.platform.engine.support.hierarchical.HierarchicalTestExecutor.execute(HierarchicalTestExecutor.java:57)
	at app//org.junit.platform.engine.support.hierarchical.HierarchicalTestEngine.execute(HierarchicalTestEngine.java:54)
	at org.junit.platform.launcher.core.EngineExecutionOrchestrator.execute(EngineExecutionOrchestrator.java:107)
	at org.junit.platform.launcher.core.EngineExecutionOrchestrator.execute(EngineExecutionOrchestrator.java:88)
	at org.junit.platform.launcher.core.EngineExecutionOrchestrator.lambda$execute$0(EngineExecutionOrchestrator.java:54)
	at org.junit.platform.launcher.core.EngineExecutionOrchestrator.withInterceptedStreams(EngineExecutionOrchestrator.java:67)
	at org.junit.platform.launcher.core.EngineExecutionOrchestrator.execute(EngineExecutionOrchestrator.java:52)
	at org.junit.platform.launcher.core.DefaultLauncher.execute(DefaultLauncher.java:114)
	at org.junit.platform.launcher.core.DefaultLauncher.execute(DefaultLauncher.java:86)
	at org.junit.platform.launcher.core.DefaultLauncherSession$DelegatingLauncher.execute(DefaultLauncherSession.java:86)
	at org.junit.platform.launcher.core.SessionPerRequestLauncher.execute(SessionPerRequestLauncher.java:53)
	at org.gradle.api.internal.tasks.testing.junitplatform.JUnitPlatformTestClassProcessor$CollectAllTestClassesExecutor.processAllTestClasses(JUnitPlatformTestClassProcessor.java:99)
	at org.gradle.api.internal.tasks.testing.junitplatform.JUnitPlatformTestClassProcessor$CollectAllTestClassesExecutor.access$000(JUnitPlatformTestClassProcessor.java:79)
	at org.gradle.api.internal.tasks.testing.junitplatform.JUnitPlatformTestClassProcessor.stop(JUnitPlatformTestClassProcessor.java:75)
	at org.gradle.api.internal.tasks.testing.SuiteTestClassProcessor.stop(SuiteTestClassProcessor.java:62)
	at java.base@11.0.18/jdk.internal.reflect.NativeMethodAccessorImpl.invoke0(Native Method)
	at java.base@11.0.18/jdk.internal.reflect.NativeMethodAccessorImpl.invoke(NativeMethodAccessorImpl.java:62)
	at java.base@11.0.18/jdk.internal.reflect.DelegatingMethodAccessorImpl.invoke(DelegatingMethodAccessorImpl.java:43)
	at java.base@11.0.18/java.lang.reflect.Method.invoke(Method.java:566)
	at org.gradle.internal.dispatch.ReflectionDispatch.dispatch(ReflectionDispatch.java:36)
	at org.gradle.internal.dispatch.ReflectionDispatch.dispatch(ReflectionDispatch.java:24)
	at org.gradle.internal.dispatch.ContextClassLoaderDispatch.dispatch(ContextClassLoaderDispatch.java:33)
	at org.gradle.internal.dispatch.ProxyDispatchAdapter$DispatchingInvocationHandler.invoke(ProxyDispatchAdapter.java:94)
	at com.sun.proxy.$Proxy2.stop(Unknown Source)
	at org.gradle.api.internal.tasks.testing.worker.TestWorker$3.run(TestWorker.java:193)
	at org.gradle.api.internal.tasks.testing.worker.TestWorker.executeAndMaintainThreadName(TestWorker.java:129)
	at org.gradle.api.internal.tasks.testing.worker.TestWorker.execute(TestWorker.java:100)
	at org.gradle.api.internal.tasks.testing.worker.TestWorker.execute(TestWorker.java:60)
	at org.gradle.process.internal.worker.child.ActionExecutionWorker.execute(ActionExecutionWorker.java:56)
	at org.gradle.process.internal.worker.child.SystemApplicationClassLoaderWorker.call(SystemApplicationClassLoaderWorker.java:113)
	at org.gradle.process.internal.worker.child.SystemApplicationClassLoaderWorker.call(SystemApplicationClassLoaderWorker.java:65)
	at app//worker.org.gradle.process.internal.worker.GradleWorkerMain.run(GradleWorkerMain.java:69)
	at app//worker.org.gradle.process.internal.worker.GradleWorkerMain.main(GradleWorkerMain.java:74)
</failure>
  </testcase>
  <testcase name="SimpleEvoting" classname="de.uka.ilkd.key.proof.runallproofs.RunAllProofsInfFlow" time="171.668">
    <failure message="org.opentest4j.AssertionFailedError: Executed process terminated with non-zero exit value. ==&gt; expected: &lt;0&gt; but was: &lt;1&gt;" type="org.opentest4j.AssertionFailedError">org.opentest4j.AssertionFailedError: Executed process terminated with non-zero exit value. ==&gt; expected: &lt;0&gt; but was: &lt;1&gt;
	at app//org.junit.jupiter.api.AssertionFailureBuilder.build(AssertionFailureBuilder.java:151)
	at app//org.junit.jupiter.api.AssertionFailureBuilder.buildAndThrow(AssertionFailureBuilder.java:132)
	at app//org.junit.jupiter.api.AssertEquals.failNotEqual(AssertEquals.java:197)
	at app//org.junit.jupiter.api.AssertEquals.assertEquals(AssertEquals.java:150)
	at app//org.junit.jupiter.api.Assertions.assertEquals(Assertions.java:560)
	at app//de.uka.ilkd.key.proof.runallproofs.proofcollection.ForkedTestFileRunner.processTestFiles(ForkedTestFileRunner.java:129)
	at app//de.uka.ilkd.key.proof.runallproofs.RunAllProofsTestUnit.runTest(RunAllProofsTestUnit.java:85)
	at app//de.uka.ilkd.key.proof.runallproofs.RunAllProofsTest.lambda$data$0(RunAllProofsTest.java:83)
	at app//org.junit.jupiter.engine.descriptor.DynamicTestTestDescriptor.lambda$execute$0(DynamicTestTestDescriptor.java:53)
	at app//org.junit.jupiter.engine.execution.InvocationInterceptorChain$ValidatingInvocation.proceed(InvocationInterceptorChain.java:131)
	at app//org.junit.jupiter.api.extension.InvocationInterceptor.interceptDynamicTest(InvocationInterceptor.java:167)
	at app//org.junit.jupiter.api.extension.InvocationInterceptor.interceptDynamicTest(InvocationInterceptor.java:184)
	at app//org.junit.jupiter.engine.descriptor.DynamicTestTestDescriptor.lambda$execute$1(DynamicTestTestDescriptor.java:61)
	at app//org.junit.jupiter.engine.execution.InvocationInterceptorChain$InterceptorCall.lambda$ofVoid$0(InvocationInterceptorChain.java:78)
	at app//org.junit.jupiter.engine.execution.InvocationInterceptorChain$InterceptedInvocation.proceed(InvocationInterceptorChain.java:106)
	at app//org.junit.jupiter.engine.execution.InvocationInterceptorChain.proceed(InvocationInterceptorChain.java:64)
	at app//org.junit.jupiter.engine.execution.InvocationInterceptorChain.chainAndInvoke(InvocationInterceptorChain.java:45)
	at app//org.junit.jupiter.engine.execution.InvocationInterceptorChain.invoke(InvocationInterceptorChain.java:37)
	at app//org.junit.jupiter.engine.descriptor.DynamicTestTestDescriptor.execute(DynamicTestTestDescriptor.java:60)
	at app//org.junit.jupiter.engine.descriptor.DynamicTestTestDescriptor.execute(DynamicTestTestDescriptor.java:32)
	at app//org.junit.platform.engine.support.hierarchical.NodeTestTask.lambda$executeRecursively$6(NodeTestTask.java:151)
	at app//org.junit.platform.engine.support.hierarchical.ThrowableCollector.execute(ThrowableCollector.java:73)
	at app//org.junit.platform.engine.support.hierarchical.NodeTestTask.lambda$executeRecursively$8(NodeTestTask.java:141)
	at app//org.junit.platform.engine.support.hierarchical.Node.around(Node.java:137)
	at app//org.junit.platform.engine.support.hierarchical.NodeTestTask.lambda$executeRecursively$9(NodeTestTask.java:139)
	at app//org.junit.platform.engine.support.hierarchical.ThrowableCollector.execute(ThrowableCollector.java:73)
	at app//org.junit.platform.engine.support.hierarchical.NodeTestTask.executeRecursively(NodeTestTask.java:138)
	at app//org.junit.platform.engine.support.hierarchical.NodeTestTask.execute(NodeTestTask.java:95)
	at app//org.junit.platform.engine.support.hierarchical.SameThreadHierarchicalTestExecutorService.submit(SameThreadHierarchicalTestExecutorService.java:35)
	at app//org.junit.platform.engine.support.hierarchical.NodeTestTask$DefaultDynamicTestExecutor.execute(NodeTestTask.java:226)
	at app//org.junit.platform.engine.support.hierarchical.NodeTestTask$DefaultDynamicTestExecutor.execute(NodeTestTask.java:204)
	at java.base@11.0.18/java.util.Optional.ifPresent(Optional.java:183)
	at app//org.junit.jupiter.engine.descriptor.TestFactoryTestDescriptor.lambda$invokeTestMethod$1(TestFactoryTestDescriptor.java:108)
	at app//org.junit.platform.engine.support.hierarchical.ThrowableCollector.execute(ThrowableCollector.java:73)
	at app//org.junit.jupiter.engine.descriptor.TestFactoryTestDescriptor.invokeTestMethod(TestFactoryTestDescriptor.java:95)
	at app//org.junit.jupiter.engine.descriptor.TestMethodTestDescriptor.execute(TestMethodTestDescriptor.java:138)
	at app//org.junit.jupiter.engine.descriptor.TestMethodTestDescriptor.execute(TestMethodTestDescriptor.java:68)
	at app//org.junit.platform.engine.support.hierarchical.NodeTestTask.lambda$executeRecursively$6(NodeTestTask.java:151)
	at app//org.junit.platform.engine.support.hierarchical.ThrowableCollector.execute(ThrowableCollector.java:73)
	at app//org.junit.platform.engine.support.hierarchical.NodeTestTask.lambda$executeRecursively$8(NodeTestTask.java:141)
	at app//org.junit.platform.engine.support.hierarchical.Node.around(Node.java:137)
	at app//org.junit.platform.engine.support.hierarchical.NodeTestTask.lambda$executeRecursively$9(NodeTestTask.java:139)
	at app//org.junit.platform.engine.support.hierarchical.ThrowableCollector.execute(ThrowableCollector.java:73)
	at app//org.junit.platform.engine.support.hierarchical.NodeTestTask.executeRecursively(NodeTestTask.java:138)
	at app//org.junit.platform.engine.support.hierarchical.NodeTestTask.execute(NodeTestTask.java:95)
	at java.base@11.0.18/java.util.ArrayList.forEach(ArrayList.java:1541)
	at app//org.junit.platform.engine.support.hierarchical.SameThreadHierarchicalTestExecutorService.invokeAll(SameThreadHierarchicalTestExecutorService.java:41)
	at app//org.junit.platform.engine.support.hierarchical.NodeTestTask.lambda$executeRecursively$6(NodeTestTask.java:155)
	at app//org.junit.platform.engine.support.hierarchical.ThrowableCollector.execute(ThrowableCollector.java:73)
	at app//org.junit.platform.engine.support.hierarchical.NodeTestTask.lambda$executeRecursively$8(NodeTestTask.java:141)
	at app//org.junit.platform.engine.support.hierarchical.Node.around(Node.java:137)
	at app//org.junit.platform.engine.support.hierarchical.NodeTestTask.lambda$executeRecursively$9(NodeTestTask.java:139)
	at app//org.junit.platform.engine.support.hierarchical.ThrowableCollector.execute(ThrowableCollector.java:73)
	at app//org.junit.platform.engine.support.hierarchical.NodeTestTask.executeRecursively(NodeTestTask.java:138)
	at app//org.junit.platform.engine.support.hierarchical.NodeTestTask.execute(NodeTestTask.java:95)
	at java.base@11.0.18/java.util.ArrayList.forEach(ArrayList.java:1541)
	at app//org.junit.platform.engine.support.hierarchical.SameThreadHierarchicalTestExecutorService.invokeAll(SameThreadHierarchicalTestExecutorService.java:41)
	at app//org.junit.platform.engine.support.hierarchical.NodeTestTask.lambda$executeRecursively$6(NodeTestTask.java:155)
	at app//org.junit.platform.engine.support.hierarchical.ThrowableCollector.execute(ThrowableCollector.java:73)
	at app//org.junit.platform.engine.support.hierarchical.NodeTestTask.lambda$executeRecursively$8(NodeTestTask.java:141)
	at app//org.junit.platform.engine.support.hierarchical.Node.around(Node.java:137)
	at app//org.junit.platform.engine.support.hierarchical.NodeTestTask.lambda$executeRecursively$9(NodeTestTask.java:139)
	at app//org.junit.platform.engine.support.hierarchical.ThrowableCollector.execute(ThrowableCollector.java:73)
	at app//org.junit.platform.engine.support.hierarchical.NodeTestTask.executeRecursively(NodeTestTask.java:138)
	at app//org.junit.platform.engine.support.hierarchical.NodeTestTask.execute(NodeTestTask.java:95)
	at app//org.junit.platform.engine.support.hierarchical.SameThreadHierarchicalTestExecutorService.submit(SameThreadHierarchicalTestExecutorService.java:35)
	at app//org.junit.platform.engine.support.hierarchical.HierarchicalTestExecutor.execute(HierarchicalTestExecutor.java:57)
	at app//org.junit.platform.engine.support.hierarchical.HierarchicalTestEngine.execute(HierarchicalTestEngine.java:54)
	at org.junit.platform.launcher.core.EngineExecutionOrchestrator.execute(EngineExecutionOrchestrator.java:107)
	at org.junit.platform.launcher.core.EngineExecutionOrchestrator.execute(EngineExecutionOrchestrator.java:88)
	at org.junit.platform.launcher.core.EngineExecutionOrchestrator.lambda$execute$0(EngineExecutionOrchestrator.java:54)
	at org.junit.platform.launcher.core.EngineExecutionOrchestrator.withInterceptedStreams(EngineExecutionOrchestrator.java:67)
	at org.junit.platform.launcher.core.EngineExecutionOrchestrator.execute(EngineExecutionOrchestrator.java:52)
	at org.junit.platform.launcher.core.DefaultLauncher.execute(DefaultLauncher.java:114)
	at org.junit.platform.launcher.core.DefaultLauncher.execute(DefaultLauncher.java:86)
	at org.junit.platform.launcher.core.DefaultLauncherSession$DelegatingLauncher.execute(DefaultLauncherSession.java:86)
	at org.junit.platform.launcher.core.SessionPerRequestLauncher.execute(SessionPerRequestLauncher.java:53)
	at org.gradle.api.internal.tasks.testing.junitplatform.JUnitPlatformTestClassProcessor$CollectAllTestClassesExecutor.processAllTestClasses(JUnitPlatformTestClassProcessor.java:99)
	at org.gradle.api.internal.tasks.testing.junitplatform.JUnitPlatformTestClassProcessor$CollectAllTestClassesExecutor.access$000(JUnitPlatformTestClassProcessor.java:79)
	at org.gradle.api.internal.tasks.testing.junitplatform.JUnitPlatformTestClassProcessor.stop(JUnitPlatformTestClassProcessor.java:75)
	at org.gradle.api.internal.tasks.testing.SuiteTestClassProcessor.stop(SuiteTestClassProcessor.java:62)
	at java.base@11.0.18/jdk.internal.reflect.NativeMethodAccessorImpl.invoke0(Native Method)
	at java.base@11.0.18/jdk.internal.reflect.NativeMethodAccessorImpl.invoke(NativeMethodAccessorImpl.java:62)
	at java.base@11.0.18/jdk.internal.reflect.DelegatingMethodAccessorImpl.invoke(DelegatingMethodAccessorImpl.java:43)
	at java.base@11.0.18/java.lang.reflect.Method.invoke(Method.java:566)
	at org.gradle.internal.dispatch.ReflectionDispatch.dispatch(ReflectionDispatch.java:36)
	at org.gradle.internal.dispatch.ReflectionDispatch.dispatch(ReflectionDispatch.java:24)
	at org.gradle.internal.dispatch.ContextClassLoaderDispatch.dispatch(ContextClassLoaderDispatch.java:33)
	at org.gradle.internal.dispatch.ProxyDispatchAdapter$DispatchingInvocationHandler.invoke(ProxyDispatchAdapter.java:94)
	at com.sun.proxy.$Proxy2.stop(Unknown Source)
	at org.gradle.api.internal.tasks.testing.worker.TestWorker$3.run(TestWorker.java:193)
	at org.gradle.api.internal.tasks.testing.worker.TestWorker.executeAndMaintainThreadName(TestWorker.java:129)
	at org.gradle.api.internal.tasks.testing.worker.TestWorker.execute(TestWorker.java:100)
	at org.gradle.api.internal.tasks.testing.worker.TestWorker.execute(TestWorker.java:60)
	at org.gradle.process.internal.worker.child.ActionExecutionWorker.execute(ActionExecutionWorker.java:56)
	at org.gradle.process.internal.worker.child.SystemApplicationClassLoaderWorker.call(SystemApplicationClassLoaderWorker.java:113)
	at org.gradle.process.internal.worker.child.SystemApplicationClassLoaderWorker.call(SystemApplicationClassLoaderWorker.java:65)
	at app//worker.org.gradle.process.internal.worker.GradleWorkerMain.run(GradleWorkerMain.java:69)
	at app//worker.org.gradle.process.internal.worker.GradleWorkerMain.main(GradleWorkerMain.java:74)
</failure>
  </testcase>
  <testcase name="ToyVoting_nomacro" classname="de.uka.ilkd.key.proof.runallproofs.RunAllProofsInfFlow" time="34.729"/>
  <testcase name="ConditionalConfidential_nomacro" classname="de.uka.ilkd.key.proof.runallproofs.RunAllProofsInfFlow" time="0.001"/>
  <testcase name="SumExample_nomacro" classname="de.uka.ilkd.key.proof.runallproofs.RunAllProofsInfFlow" time="12.274"/>
  <testcase name="ToyBanking_nomacro" classname="de.uka.ilkd.key.proof.runallproofs.RunAllProofsInfFlow" time="81.254"/>
  <testcase name="BlockContracts_nomacro" classname="de.uka.ilkd.key.proof.runallproofs.RunAllProofsInfFlow" time="81.9"/>
  <testcase name="MethodContracts_nomacro" classname="de.uka.ilkd.key.proof.runallproofs.RunAllProofsInfFlow" time="75.357"/>
  <testcase name="LoopInvariants_nomacro" classname="de.uka.ilkd.key.proof.runallproofs.RunAllProofsInfFlow" time="110.376"/>
  <testcase name="MiniExamples_nomacro" classname="de.uka.ilkd.key.proof.runallproofs.RunAllProofsInfFlow" time="105.312"/>
  <testcase name="NewObjects_nomacro" classname="de.uka.ilkd.key.proof.runallproofs.RunAllProofsInfFlow" time="134.372"/>
  <testcase name="SimpleEvoting_nomacro" classname="de.uka.ilkd.key.proof.runallproofs.RunAllProofsInfFlow" time="131.318"/>
  <testcase name="ToyVoting_fullmacro" classname="de.uka.ilkd.key.proof.runallproofs.RunAllProofsInfFlow" time="60.303"/>
  <testcase name="SumExample_fullmacro" classname="de.uka.ilkd.key.proof.runallproofs.RunAllProofsInfFlow" time="11.155"/>
  <testcase name="ToyBanking_fullmacro" classname="de.uka.ilkd.key.proof.runallproofs.RunAllProofsInfFlow" time="259.679"/>
  <testcase name="BlockContracts_fullmacro" classname="de.uka.ilkd.key.proof.runallproofs.RunAllProofsInfFlow" time="83.303"/>
  <testcase name="MethodContracts_fullmacro" classname="de.uka.ilkd.key.proof.runallproofs.RunAllProofsInfFlow" time="74.038"/>
  <testcase name="InformationFlow_fullmacro" classname="de.uka.ilkd.key.proof.runallproofs.RunAllProofsInfFlow" time="333.754"/>
  <testcase name="MiniExamples_fullmacro" classname="de.uka.ilkd.key.proof.runallproofs.RunAllProofsInfFlow" time="101.31"/>
  <testcase name="NewObjects_fullmacro" classname="de.uka.ilkd.key.proof.runallproofs.RunAllProofsInfFlow" time="195.065"/>
  <testcase name="SimpleEvoting_fullmacro" classname="de.uka.ilkd.key.proof.runallproofs.RunAllProofsInfFlow" time="179.979"/>
  <system-out><![CDATA[17:35:39,717 |-INFO in ch.qos.logback.classic.LoggerContext[default] - This is logback-classic version 1.4.6
17:35:39,735 |-INFO in ch.qos.logback.classic.LoggerContext[default] - Could NOT find resource [logback-test.xml]
17:35:39,744 |-INFO in ch.qos.logback.classic.LoggerContext[default] - Found resource [logback.xml] at [file:/home/runner/work/key/key/key.core/build/resources/test/logback.xml]
17:35:39,850 |-INFO in ch.qos.logback.core.model.processor.AppenderModelHandler - Processing appender named [STDOUT]
17:35:39,850 |-INFO in ch.qos.logback.core.model.processor.AppenderModelHandler - About to instantiate appender of type [ch.qos.logback.core.ConsoleAppender]
17:35:39,862 |-WARN in ch.qos.logback.core.model.processor.ImplicitModelHandler - Ignoring unknown property [file] in [ch.qos.logback.core.ConsoleAppender]
17:35:39,862 |-WARN in ch.qos.logback.core.model.processor.ImplicitModelHandler - Ignoring unknown property [append] in [ch.qos.logback.core.ConsoleAppender]
17:35:39,863 |-INFO in ch.qos.logback.core.model.processor.ImplicitModelHandler - Assuming default type [ch.qos.logback.classic.encoder.PatternLayoutEncoder] for [encoder] property
17:35:39,877 |-INFO in ch.qos.logback.classic.model.processor.RootLoggerModelHandler - Setting level of ROOT logger to WARN
17:35:39,882 |-INFO in ch.qos.logback.core.model.processor.AppenderRefModelHandler - Attaching appender named [STDOUT] to Logger[ROOT]
17:35:39,883 |-INFO in ch.qos.logback.core.model.processor.DefaultProcessor@64bc21ac - End of configuration.
17:35:39,883 |-INFO in ch.qos.logback.classic.joran.JoranConfigurator@493dfb8e - Registering current configuration as safe fallback point

Running test ToyVoting
17:35:40,274 |-INFO in ch.qos.logback.classic.LoggerContext[default] - This is logback-classic version 1.4.6
17:35:40,302 |-INFO in ch.qos.logback.classic.LoggerContext[default] - Could NOT find resource [logback-test.xml]
17:35:40,317 |-INFO in ch.qos.logback.classic.LoggerContext[default] - Found resource [logback.xml] at [file:/home/runner/work/key/key/key.core/build/resources/test/logback.xml]
17:35:40,505 |-INFO in ch.qos.logback.core.model.processor.AppenderModelHandler - Processing appender named [STDOUT]
17:35:40,505 |-INFO in ch.qos.logback.core.model.processor.AppenderModelHandler - About to instantiate appender of type [ch.qos.logback.core.ConsoleAppender]
17:35:40,520 |-WARN in ch.qos.logback.core.model.processor.ImplicitModelHandler - Ignoring unknown property [file] in [ch.qos.logback.core.ConsoleAppender]
17:35:40,520 |-WARN in ch.qos.logback.core.model.processor.ImplicitModelHandler - Ignoring unknown property [append] in [ch.qos.logback.core.ConsoleAppender]
17:35:40,521 |-INFO in ch.qos.logback.core.model.processor.ImplicitModelHandler - Assuming default type [ch.qos.logback.classic.encoder.PatternLayoutEncoder] for [encoder] property
17:35:40,544 |-INFO in ch.qos.logback.classic.model.processor.RootLoggerModelHandler - Setting level of ROOT logger to WARN
17:35:40,549 |-INFO in ch.qos.logback.core.model.processor.AppenderRefModelHandler - Attaching appender named [STDOUT] to Logger[ROOT]
17:35:40,550 |-INFO in ch.qos.logback.core.model.processor.DefaultProcessor@1ff4931d - End of configuration.
17:35:40,556 |-INFO in ch.qos.logback.classic.joran.JoranConfigurator@65e98b1c - Registering current configuration as safe fallback point

412        WARN  main            d.u.i.k.s.ProofSettings   No proof-settings could be loaded, using defaults java.io.FileNotFoundException: /home/runner/.key/proof-settings.props (No such file or directory)
	at java.base/java.io.FileInputStream.open0(Native Method)

Returning from test ToyVoting
Running test ConditionalConfidential
17:36:06,338 |-INFO in ch.qos.logback.classic.LoggerContext[default] - This is logback-classic version 1.4.6
17:36:06,368 |-INFO in ch.qos.logback.classic.LoggerContext[default] - Could NOT find resource [logback-test.xml]
17:36:06,386 |-INFO in ch.qos.logback.classic.LoggerContext[default] - Found resource [logback.xml] at [file:/home/runner/work/key/key/key.core/build/resources/test/logback.xml]
17:36:06,565 |-INFO in ch.qos.logback.core.model.processor.AppenderModelHandler - Processing appender named [STDOUT]
17:36:06,565 |-INFO in ch.qos.logback.core.model.processor.AppenderModelHandler - About to instantiate appender of type [ch.qos.logback.core.ConsoleAppender]
17:36:06,580 |-WARN in ch.qos.logback.core.model.processor.ImplicitModelHandler - Ignoring unknown property [file] in [ch.qos.logback.core.ConsoleAppender]
17:36:06,581 |-WARN in ch.qos.logback.core.model.processor.ImplicitModelHandler - Ignoring unknown property [append] in [ch.qos.logback.core.ConsoleAppender]
17:36:06,581 |-INFO in ch.qos.logback.core.model.processor.ImplicitModelHandler - Assuming default type [ch.qos.logback.classic.encoder.PatternLayoutEncoder] for [encoder] property
17:36:06,601 |-INFO in ch.qos.logback.classic.model.processor.RootLoggerModelHandler - Setting level of ROOT logger to WARN
17:36:06,605 |-INFO in ch.qos.logback.core.model.processor.AppenderRefModelHandler - Attaching appender named [STDOUT] to Logger[ROOT]
17:36:06,606 |-INFO in ch.qos.logback.core.model.processor.DefaultProcessor@1ff4931d - End of configuration.
17:36:06,606 |-INFO in ch.qos.logback.classic.joran.JoranConfigurator@65e98b1c - Registering current configuration as safe fallback point

382        WARN  main            d.u.i.k.s.ProofSettings   The settings in /home/runner/.key/proof-settings.props are *not* read. 
Returning from test ConditionalConfidential
Running test SumExample
17:36:21,105 |-INFO in ch.qos.logback.classic.LoggerContext[default] - This is logback-classic version 1.4.6
17:36:21,132 |-INFO in ch.qos.logback.classic.LoggerContext[default] - Could NOT find resource [logback-test.xml]
17:36:21,148 |-INFO in ch.qos.logback.classic.LoggerContext[default] - Found resource [logback.xml] at [file:/home/runner/work/key/key/key.core/build/resources/test/logback.xml]
17:36:21,311 |-INFO in ch.qos.logback.core.model.processor.AppenderModelHandler - Processing appender named [STDOUT]
17:36:21,311 |-INFO in ch.qos.logback.core.model.processor.AppenderModelHandler - About to instantiate appender of type [ch.qos.logback.core.ConsoleAppender]
17:36:21,327 |-WARN in ch.qos.logback.core.model.processor.ImplicitModelHandler - Ignoring unknown property [file] in [ch.qos.logback.core.ConsoleAppender]
17:36:21,327 |-WARN in ch.qos.logback.core.model.processor.ImplicitModelHandler - Ignoring unknown property [append] in [ch.qos.logback.core.ConsoleAppender]
17:36:21,328 |-INFO in ch.qos.logback.core.model.processor.ImplicitModelHandler - Assuming default type [ch.qos.logback.classic.encoder.PatternLayoutEncoder] for [encoder] property
17:36:21,347 |-INFO in ch.qos.logback.classic.model.processor.RootLoggerModelHandler - Setting level of ROOT logger to WARN
17:36:21,352 |-INFO in ch.qos.logback.core.model.processor.AppenderRefModelHandler - Attaching appender named [STDOUT] to Logger[ROOT]
17:36:21,352 |-INFO in ch.qos.logback.core.model.processor.DefaultProcessor@710f4dc7 - End of configuration.
17:36:21,353 |-INFO in ch.qos.logback.classic.joran.JoranConfigurator@1ff4931d - Registering current configuration as safe fallback point

397        WARN  main            d.u.i.k.s.ProofSettings   The settings in /home/runner/.key/proof-settings.props are *not* read. 
Returning from test SumExample
Running test ToyBanking
17:36:31,489 |-INFO in ch.qos.logback.classic.LoggerContext[default] - This is logback-classic version 1.4.6
17:36:31,514 |-INFO in ch.qos.logback.classic.LoggerContext[default] - Could NOT find resource [logback-test.xml]
17:36:31,532 |-INFO in ch.qos.logback.classic.LoggerContext[default] - Found resource [logback.xml] at [file:/home/runner/work/key/key/key.core/build/resources/test/logback.xml]
17:36:31,695 |-INFO in ch.qos.logback.core.model.processor.AppenderModelHandler - Processing appender named [STDOUT]
17:36:31,695 |-INFO in ch.qos.logback.core.model.processor.AppenderModelHandler - About to instantiate appender of type [ch.qos.logback.core.ConsoleAppender]
17:36:31,710 |-WARN in ch.qos.logback.core.model.processor.ImplicitModelHandler - Ignoring unknown property [file] in [ch.qos.logback.core.ConsoleAppender]
17:36:31,710 |-WARN in ch.qos.logback.core.model.processor.ImplicitModelHandler - Ignoring unknown property [append] in [ch.qos.logback.core.ConsoleAppender]
17:36:31,711 |-INFO in ch.qos.logback.core.model.processor.ImplicitModelHandler - Assuming default type [ch.qos.logback.classic.encoder.PatternLayoutEncoder] for [encoder] property
17:36:31,730 |-INFO in ch.qos.logback.classic.model.processor.RootLoggerModelHandler - Setting level of ROOT logger to WARN
17:36:31,735 |-INFO in ch.qos.logback.core.model.processor.AppenderRefModelHandler - Attaching appender named [STDOUT] to Logger[ROOT]
17:36:31,735 |-INFO in ch.qos.logback.core.model.processor.DefaultProcessor@710f4dc7 - End of configuration.
17:36:31,736 |-INFO in ch.qos.logback.classic.joran.JoranConfigurator@1ff4931d - Registering current configuration as safe fallback point

351        WARN  main            d.u.i.k.s.ProofSettings   The settings in /home/runner/.key/proof-settings.props are *not* read. 
Returning from test ToyBanking
Running test BlockContracts
17:38:25,161 |-INFO in ch.qos.logback.classic.LoggerContext[default] - This is logback-classic version 1.4.6
17:38:25,199 |-INFO in ch.qos.logback.classic.LoggerContext[default] - Could NOT find resource [logback-test.xml]
17:38:25,222 |-INFO in ch.qos.logback.classic.LoggerContext[default] - Found resource [logback.xml] at [file:/home/runner/work/key/key/key.core/build/resources/test/logback.xml]
17:38:25,373 |-INFO in ch.qos.logback.core.model.processor.AppenderModelHandler - Processing appender named [STDOUT]
17:38:25,373 |-INFO in ch.qos.logback.core.model.processor.AppenderModelHandler - About to instantiate appender of type [ch.qos.logback.core.ConsoleAppender]
17:38:25,394 |-WARN in ch.qos.logback.core.model.processor.ImplicitModelHandler - Ignoring unknown property [file] in [ch.qos.logback.core.ConsoleAppender]
17:38:25,394 |-WARN in ch.qos.logback.core.model.processor.ImplicitModelHandler - Ignoring unknown property [append] in [ch.qos.logback.core.ConsoleAppender]
17:38:25,395 |-INFO in ch.qos.logback.core.model.processor.ImplicitModelHandler - Assuming default type [ch.qos.logback.classic.encoder.PatternLayoutEncoder] for [encoder] property
17:38:25,429 |-INFO in ch.qos.logback.classic.model.processor.RootLoggerModelHandler - Setting level of ROOT logger to WARN
17:38:25,440 |-INFO in ch.qos.logback.core.model.processor.AppenderRefModelHandler - Attaching appender named [STDOUT] to Logger[ROOT]
17:38:25,440 |-INFO in ch.qos.logback.core.model.processor.DefaultProcessor@710f4dc7 - End of configuration.
17:38:25,441 |-INFO in ch.qos.logback.classic.joran.JoranConfigurator@1ff4931d - Registering current configuration as safe fallback point

438        WARN  main            d.u.i.k.s.ProofSettings   The settings in /home/runner/.key/proof-settings.props are *not* read. 
Returning from test BlockContracts
Running test MethodContracts
17:39:29,906 |-INFO in ch.qos.logback.classic.LoggerContext[default] - This is logback-classic version 1.4.6
17:39:29,941 |-INFO in ch.qos.logback.classic.LoggerContext[default] - Could NOT find resource [logback-test.xml]
17:39:29,959 |-INFO in ch.qos.logback.classic.LoggerContext[default] - Found resource [logback.xml] at [file:/home/runner/work/key/key/key.core/build/resources/test/logback.xml]
17:39:30,154 |-INFO in ch.qos.logback.core.model.processor.AppenderModelHandler - Processing appender named [STDOUT]
17:39:30,155 |-INFO in ch.qos.logback.core.model.processor.AppenderModelHandler - About to instantiate appender of type [ch.qos.logback.core.ConsoleAppender]
17:39:30,170 |-WARN in ch.qos.logback.core.model.processor.ImplicitModelHandler - Ignoring unknown property [file] in [ch.qos.logback.core.ConsoleAppender]
17:39:30,170 |-WARN in ch.qos.logback.core.model.processor.ImplicitModelHandler - Ignoring unknown property [append] in [ch.qos.logback.core.ConsoleAppender]
17:39:30,171 |-INFO in ch.qos.logback.core.model.processor.ImplicitModelHandler - Assuming default type [ch.qos.logback.classic.encoder.PatternLayoutEncoder] for [encoder] property
17:39:30,194 |-INFO in ch.qos.logback.classic.model.processor.RootLoggerModelHandler - Setting level of ROOT logger to WARN
17:39:30,203 |-INFO in ch.qos.logback.core.model.processor.AppenderRefModelHandler - Attaching appender named [STDOUT] to Logger[ROOT]
17:39:30,203 |-INFO in ch.qos.logback.core.model.processor.DefaultProcessor@710f4dc7 - End of configuration.
17:39:30,204 |-INFO in ch.qos.logback.classic.joran.JoranConfigurator@1ff4931d - Registering current configuration as safe fallback point

443        WARN  main            d.u.i.k.s.ProofSettings   The settings in /home/runner/.key/proof-settings.props are *not* read. 
Returning from test MethodContracts
Running test LoopInvariants
17:40:40,919 |-INFO in ch.qos.logback.classic.LoggerContext[default] - This is logback-classic version 1.4.6
17:40:40,949 |-INFO in ch.qos.logback.classic.LoggerContext[default] - Could NOT find resource [logback-test.xml]
17:40:40,974 |-INFO in ch.qos.logback.classic.LoggerContext[default] - Found resource [logback.xml] at [file:/home/runner/work/key/key/key.core/build/resources/test/logback.xml]
17:40:41,138 |-INFO in ch.qos.logback.core.model.processor.AppenderModelHandler - Processing appender named [STDOUT]
17:40:41,138 |-INFO in ch.qos.logback.core.model.processor.AppenderModelHandler - About to instantiate appender of type [ch.qos.logback.core.ConsoleAppender]
17:40:41,153 |-WARN in ch.qos.logback.core.model.processor.ImplicitModelHandler - Ignoring unknown property [file] in [ch.qos.logback.core.ConsoleAppender]
17:40:41,153 |-WARN in ch.qos.logback.core.model.processor.ImplicitModelHandler - Ignoring unknown property [append] in [ch.qos.logback.core.ConsoleAppender]
17:40:41,154 |-INFO in ch.qos.logback.core.model.processor.ImplicitModelHandler - Assuming default type [ch.qos.logback.classic.encoder.PatternLayoutEncoder] for [encoder] property
17:40:41,172 |-INFO in ch.qos.logback.classic.model.processor.RootLoggerModelHandler - Setting level of ROOT logger to WARN
17:40:41,180 |-INFO in ch.qos.logback.core.model.processor.AppenderRefModelHandler - Attaching appender named [STDOUT] to Logger[ROOT]
17:40:41,181 |-INFO in ch.qos.logback.core.model.processor.DefaultProcessor@710f4dc7 - End of configuration.
17:40:41,182 |-INFO in ch.qos.logback.classic.joran.JoranConfigurator@1ff4931d - Registering current configuration as safe fallback point

417        WARN  main            d.u.i.k.s.ProofSettings   The settings in /home/runner/.key/proof-settings.props are *not* read. 
Returning from test LoopInvariants
Running test MiniExamples
17:41:50,219 |-INFO in ch.qos.logback.classic.LoggerContext[default] - This is logback-classic version 1.4.6
17:41:50,246 |-INFO in ch.qos.logback.classic.LoggerContext[default] - Could NOT find resource [logback-test.xml]
17:41:50,264 |-INFO in ch.qos.logback.classic.LoggerContext[default] - Found resource [logback.xml] at [file:/home/runner/work/key/key/key.core/build/resources/test/logback.xml]
17:41:50,406 |-INFO in ch.qos.logback.core.model.processor.AppenderModelHandler - Processing appender named [STDOUT]
17:41:50,407 |-INFO in ch.qos.logback.core.model.processor.AppenderModelHandler - About to instantiate appender of type [ch.qos.logback.core.ConsoleAppender]
17:41:50,422 |-WARN in ch.qos.logback.core.model.processor.ImplicitModelHandler - Ignoring unknown property [file] in [ch.qos.logback.core.ConsoleAppender]
17:41:50,423 |-WARN in ch.qos.logback.core.model.processor.ImplicitModelHandler - Ignoring unknown property [append] in [ch.qos.logback.core.ConsoleAppender]
17:41:50,423 |-INFO in ch.qos.logback.core.model.processor.ImplicitModelHandler - Assuming default type [ch.qos.logback.classic.encoder.PatternLayoutEncoder] for [encoder] property
17:41:50,443 |-INFO in ch.qos.logback.classic.model.processor.RootLoggerModelHandler - Setting level of ROOT logger to WARN
17:41:50,450 |-INFO in ch.qos.logback.core.model.processor.AppenderRefModelHandler - Attaching appender named [STDOUT] to Logger[ROOT]
17:41:50,451 |-INFO in ch.qos.logback.core.model.processor.DefaultProcessor@710f4dc7 - End of configuration.
17:41:50,451 |-INFO in ch.qos.logback.classic.joran.JoranConfigurator@1ff4931d - Registering current configuration as safe fallback point

337        WARN  main            d.u.i.k.s.ProofSettings   The settings in /home/runner/.key/proof-settings.props are *not* read. 
Returning from test MiniExamples
Running test NewObjects
17:43:27,807 |-INFO in ch.qos.logback.classic.LoggerContext[default] - This is logback-classic version 1.4.6
17:43:27,846 |-INFO in ch.qos.logback.classic.LoggerContext[default] - Could NOT find resource [logback-test.xml]
17:43:27,871 |-INFO in ch.qos.logback.classic.LoggerContext[default] - Found resource [logback.xml] at [file:/home/runner/work/key/key/key.core/build/resources/test/logback.xml]
17:43:28,035 |-INFO in ch.qos.logback.core.model.processor.AppenderModelHandler - Processing appender named [STDOUT]
17:43:28,035 |-INFO in ch.qos.logback.core.model.processor.AppenderModelHandler - About to instantiate appender of type [ch.qos.logback.core.ConsoleAppender]
17:43:28,061 |-WARN in ch.qos.logback.core.model.processor.ImplicitModelHandler - Ignoring unknown property [file] in [ch.qos.logback.core.ConsoleAppender]
17:43:28,061 |-WARN in ch.qos.logback.core.model.processor.ImplicitModelHandler - Ignoring unknown property [append] in [ch.qos.logback.core.ConsoleAppender]
17:43:28,062 |-INFO in ch.qos.logback.core.model.processor.ImplicitModelHandler - Assuming default type [ch.qos.logback.classic.encoder.PatternLayoutEncoder] for [encoder] property
17:43:28,097 |-INFO in ch.qos.logback.classic.model.processor.RootLoggerModelHandler - Setting level of ROOT logger to WARN
17:43:28,110 |-INFO in ch.qos.logback.core.model.processor.AppenderRefModelHandler - Attaching appender named [STDOUT] to Logger[ROOT]
17:43:28,110 |-INFO in ch.qos.logback.core.model.processor.DefaultProcessor@710f4dc7 - End of configuration.
17:43:28,111 |-INFO in ch.qos.logback.classic.joran.JoranConfigurator@1ff4931d - Registering current configuration as safe fallback point

407        WARN  main            d.u.i.k.s.ProofSettings   The settings in /home/runner/.key/proof-settings.props are *not* read. 
Returning from test NewObjects
Running test passwordfile.SecurePasswordFile(passwordfile.SecurePasswordFile___userIndex()).JML accessible clause.0.key
17:44:49,021 |-INFO in ch.qos.logback.classic.LoggerContext[default] - This is logback-classic version 1.4.6
17:44:49,047 |-INFO in ch.qos.logback.classic.LoggerContext[default] - Could NOT find resource [logback-test.xml]
17:44:49,065 |-INFO in ch.qos.logback.classic.LoggerContext[default] - Found resource [logback.xml] at [file:/home/runner/work/key/key/key.core/build/resources/test/logback.xml]
17:44:49,244 |-INFO in ch.qos.logback.core.model.processor.AppenderModelHandler - Processing appender named [STDOUT]
17:44:49,244 |-INFO in ch.qos.logback.core.model.processor.AppenderModelHandler - About to instantiate appender of type [ch.qos.logback.core.ConsoleAppender]
17:44:49,259 |-WARN in ch.qos.logback.core.model.processor.ImplicitModelHandler - Ignoring unknown property [file] in [ch.qos.logback.core.ConsoleAppender]
17:44:49,259 |-WARN in ch.qos.logback.core.model.processor.ImplicitModelHandler - Ignoring unknown property [append] in [ch.qos.logback.core.ConsoleAppender]
17:44:49,260 |-INFO in ch.qos.logback.core.model.processor.ImplicitModelHandler - Assuming default type [ch.qos.logback.classic.encoder.PatternLayoutEncoder] for [encoder] property
17:44:49,282 |-INFO in ch.qos.logback.classic.model.processor.RootLoggerModelHandler - Setting level of ROOT logger to WARN
17:44:49,287 |-INFO in ch.qos.logback.core.model.processor.AppenderRefModelHandler - Attaching appender named [STDOUT] to Logger[ROOT]
17:44:49,287 |-INFO in ch.qos.logback.core.model.processor.DefaultProcessor@710f4dc7 - End of configuration.
17:44:49,288 |-INFO in ch.qos.logback.classic.joran.JoranConfigurator@1ff4931d - Registering current configuration as safe fallback point

366        WARN  main            d.u.i.k.s.ProofSettings   The settings in /home/runner/.key/proof-settings.props are *not* read. 
Running test SimpleEvoting
17:44:57,217 |-INFO in ch.qos.logback.classic.LoggerContext[default] - This is logback-classic version 1.4.6
17:44:57,246 |-INFO in ch.qos.logback.classic.LoggerContext[default] - Could NOT find resource [logback-test.xml]
17:44:57,265 |-INFO in ch.qos.logback.classic.LoggerContext[default] - Found resource [logback.xml] at [file:/home/runner/work/key/key/key.core/build/resources/test/logback.xml]
17:44:57,441 |-INFO in ch.qos.logback.core.model.processor.AppenderModelHandler - Processing appender named [STDOUT]
17:44:57,441 |-INFO in ch.qos.logback.core.model.processor.AppenderModelHandler - About to instantiate appender of type [ch.qos.logback.core.ConsoleAppender]
17:44:57,471 |-WARN in ch.qos.logback.core.model.processor.ImplicitModelHandler - Ignoring unknown property [file] in [ch.qos.logback.core.ConsoleAppender]
17:44:57,471 |-WARN in ch.qos.logback.core.model.processor.ImplicitModelHandler - Ignoring unknown property [append] in [ch.qos.logback.core.ConsoleAppender]
17:44:57,472 |-INFO in ch.qos.logback.core.model.processor.ImplicitModelHandler - Assuming default type [ch.qos.logback.classic.encoder.PatternLayoutEncoder] for [encoder] property
17:44:57,500 |-INFO in ch.qos.logback.classic.model.processor.RootLoggerModelHandler - Setting level of ROOT logger to WARN
17:44:57,514 |-INFO in ch.qos.logback.core.model.processor.AppenderRefModelHandler - Attaching appender named [STDOUT] to Logger[ROOT]
17:44:57,515 |-INFO in ch.qos.logback.core.model.processor.DefaultProcessor@1ff4931d - End of configuration.
17:44:57,516 |-INFO in ch.qos.logback.classic.joran.JoranConfigurator@65e98b1c - Registering current configuration as safe fallback point

452        WARN  main            d.u.i.k.s.ProofSettings   The settings in /home/runner/.key/proof-settings.props are *not* read. 
Running test ToyVoting_nomacro
17:47:48,840 |-INFO in ch.qos.logback.classic.LoggerContext[default] - This is logback-classic version 1.4.6
17:47:48,871 |-INFO in ch.qos.logback.classic.LoggerContext[default] - Could NOT find resource [logback-test.xml]
17:47:48,887 |-INFO in ch.qos.logback.classic.LoggerContext[default] - Found resource [logback.xml] at [file:/home/runner/work/key/key/key.core/build/resources/test/logback.xml]
17:47:49,032 |-INFO in ch.qos.logback.core.model.processor.AppenderModelHandler - Processing appender named [STDOUT]
17:47:49,032 |-INFO in ch.qos.logback.core.model.processor.AppenderModelHandler - About to instantiate appender of type [ch.qos.logback.core.ConsoleAppender]
17:47:49,048 |-WARN in ch.qos.logback.core.model.processor.ImplicitModelHandler - Ignoring unknown property [file] in [ch.qos.logback.core.ConsoleAppender]
17:47:49,048 |-WARN in ch.qos.logback.core.model.processor.ImplicitModelHandler - Ignoring unknown property [append] in [ch.qos.logback.core.ConsoleAppender]
17:47:49,049 |-INFO in ch.qos.logback.core.model.processor.ImplicitModelHandler - Assuming default type [ch.qos.logback.classic.encoder.PatternLayoutEncoder] for [encoder] property
17:47:49,070 |-INFO in ch.qos.logback.classic.model.processor.RootLoggerModelHandler - Setting level of ROOT logger to WARN
17:47:49,075 |-INFO in ch.qos.logback.core.model.processor.AppenderRefModelHandler - Attaching appender named [STDOUT] to Logger[ROOT]
17:47:49,076 |-INFO in ch.qos.logback.core.model.processor.DefaultProcessor@710f4dc7 - End of configuration.
17:47:49,077 |-INFO in ch.qos.logback.classic.joran.JoranConfigurator@1ff4931d - Registering current configuration as safe fallback point

379        WARN  main            d.u.i.k.s.ProofSettings   The settings in /home/runner/.key/proof-settings.props are *not* read. 
Returning from test ToyVoting_nomacro
Running test ConditionalConfidential_nomacro
Returning from test ConditionalConfidential_nomacro
Running test SumExample_nomacro
17:48:23,552 |-INFO in ch.qos.logback.classic.LoggerContext[default] - This is logback-classic version 1.4.6
17:48:23,584 |-INFO in ch.qos.logback.classic.LoggerContext[default] - Could NOT find resource [logback-test.xml]
17:48:23,604 |-INFO in ch.qos.logback.classic.LoggerContext[default] - Found resource [logback.xml] at [file:/home/runner/work/key/key/key.core/build/resources/test/logback.xml]
17:48:23,745 |-INFO in ch.qos.logback.core.model.processor.AppenderModelHandler - Processing appender named [STDOUT]
17:48:23,745 |-INFO in ch.qos.logback.core.model.processor.AppenderModelHandler - About to instantiate appender of type [ch.qos.logback.core.ConsoleAppender]
17:48:23,760 |-WARN in ch.qos.logback.core.model.processor.ImplicitModelHandler - Ignoring unknown property [file] in [ch.qos.logback.core.ConsoleAppender]
17:48:23,760 |-WARN in ch.qos.logback.core.model.processor.ImplicitModelHandler - Ignoring unknown property [append] in [ch.qos.logback.core.ConsoleAppender]
17:48:23,761 |-INFO in ch.qos.logback.core.model.processor.ImplicitModelHandler - Assuming default type [ch.qos.logback.classic.encoder.PatternLayoutEncoder] for [encoder] property
17:48:23,782 |-INFO in ch.qos.logback.classic.model.processor.RootLoggerModelHandler - Setting level of ROOT logger to WARN
17:48:23,787 |-INFO in ch.qos.logback.core.model.processor.AppenderRefModelHandler - Attaching appender named [STDOUT] to Logger[ROOT]
17:48:23,787 |-INFO in ch.qos.logback.core.model.processor.DefaultProcessor@710f4dc7 - End of configuration.
17:48:23,788 |-INFO in ch.qos.logback.classic.joran.JoranConfigurator@1ff4931d - Registering current configuration as safe fallback point

356        WARN  main            d.u.i.k.s.ProofSettings   The settings in /home/runner/.key/proof-settings.props are *not* read. 
Returning from test SumExample_nomacro
Running test ToyBanking_nomacro
17:48:35,833 |-INFO in ch.qos.logback.classic.LoggerContext[default] - This is logback-classic version 1.4.6
17:48:35,858 |-INFO in ch.qos.logback.classic.LoggerContext[default] - Could NOT find resource [logback-test.xml]
17:48:35,877 |-INFO in ch.qos.logback.classic.LoggerContext[default] - Found resource [logback.xml] at [file:/home/runner/work/key/key/key.core/build/resources/test/logback.xml]
17:48:36,020 |-INFO in ch.qos.logback.core.model.processor.AppenderModelHandler - Processing appender named [STDOUT]
17:48:36,020 |-INFO in ch.qos.logback.core.model.processor.AppenderModelHandler - About to instantiate appender of type [ch.qos.logback.core.ConsoleAppender]
17:48:36,041 |-WARN in ch.qos.logback.core.model.processor.ImplicitModelHandler - Ignoring unknown property [file] in [ch.qos.logback.core.ConsoleAppender]
17:48:36,041 |-WARN in ch.qos.logback.core.model.processor.ImplicitModelHandler - Ignoring unknown property [append] in [ch.qos.logback.core.ConsoleAppender]
17:48:36,042 |-INFO in ch.qos.logback.core.model.processor.ImplicitModelHandler - Assuming default type [ch.qos.logback.classic.encoder.PatternLayoutEncoder] for [encoder] property
17:48:36,064 |-INFO in ch.qos.logback.classic.model.processor.RootLoggerModelHandler - Setting level of ROOT logger to WARN
17:48:36,069 |-INFO in ch.qos.logback.core.model.processor.AppenderRefModelHandler - Attaching appender named [STDOUT] to Logger[ROOT]
17:48:36,070 |-INFO in ch.qos.logback.core.model.processor.DefaultProcessor@710f4dc7 - End of configuration.
17:48:36,071 |-INFO in ch.qos.logback.classic.joran.JoranConfigurator@1ff4931d - Registering current configuration as safe fallback point

353        WARN  main            d.u.i.k.s.ProofSettings   The settings in /home/runner/.key/proof-settings.props are *not* read. 
Returning from test ToyBanking_nomacro
Running test BlockContracts_nomacro
17:49:57,100 |-INFO in ch.qos.logback.classic.LoggerContext[default] - This is logback-classic version 1.4.6
17:49:57,134 |-INFO in ch.qos.logback.classic.LoggerContext[default] - Could NOT find resource [logback-test.xml]
17:49:57,156 |-INFO in ch.qos.logback.classic.LoggerContext[default] - Found resource [logback.xml] at [file:/home/runner/work/key/key/key.core/build/resources/test/logback.xml]
17:49:57,311 |-INFO in ch.qos.logback.core.model.processor.AppenderModelHandler - Processing appender named [STDOUT]
17:49:57,311 |-INFO in ch.qos.logback.core.model.processor.AppenderModelHandler - About to instantiate appender of type [ch.qos.logback.core.ConsoleAppender]
17:49:57,325 |-WARN in ch.qos.logback.core.model.processor.ImplicitModelHandler - Ignoring unknown property [file] in [ch.qos.logback.core.ConsoleAppender]
17:49:57,325 |-WARN in ch.qos.logback.core.model.processor.ImplicitModelHandler - Ignoring unknown property [append] in [ch.qos.logback.core.ConsoleAppender]
17:49:57,326 |-INFO in ch.qos.logback.core.model.processor.ImplicitModelHandler - Assuming default type [ch.qos.logback.classic.encoder.PatternLayoutEncoder] for [encoder] property
17:49:57,357 |-INFO in ch.qos.logback.classic.model.processor.RootLoggerModelHandler - Setting level of ROOT logger to WARN
17:49:57,369 |-INFO in ch.qos.logback.core.model.processor.AppenderRefModelHandler - Attaching appender named [STDOUT] to Logger[ROOT]
17:49:57,370 |-INFO in ch.qos.logback.core.model.processor.DefaultProcessor@710f4dc7 - End of configuration.
17:49:57,371 |-INFO in ch.qos.logback.classic.joran.JoranConfigurator@1ff4931d - Registering current configuration as safe fallback point

448        WARN  main            d.u.i.k.s.ProofSettings   The settings in /home/runner/.key/proof-settings.props are *not* read. 
Returning from test BlockContracts_nomacro
Running test MethodContracts_nomacro
17:51:18,975 |-INFO in ch.qos.logback.classic.LoggerContext[default] - This is logback-classic version 1.4.6
17:51:19,002 |-INFO in ch.qos.logback.classic.LoggerContext[default] - Could NOT find resource [logback-test.xml]
17:51:19,029 |-INFO in ch.qos.logback.classic.LoggerContext[default] - Found resource [logback.xml] at [file:/home/runner/work/key/key/key.core/build/resources/test/logback.xml]
17:51:19,174 |-INFO in ch.qos.logback.core.model.processor.AppenderModelHandler - Processing appender named [STDOUT]
17:51:19,175 |-INFO in ch.qos.logback.core.model.processor.AppenderModelHandler - About to instantiate appender of type [ch.qos.logback.core.ConsoleAppender]
17:51:19,197 |-WARN in ch.qos.logback.core.model.processor.ImplicitModelHandler - Ignoring unknown property [file] in [ch.qos.logback.core.ConsoleAppender]
17:51:19,197 |-WARN in ch.qos.logback.core.model.processor.ImplicitModelHandler - Ignoring unknown property [append] in [ch.qos.logback.core.ConsoleAppender]
17:51:19,198 |-INFO in ch.qos.logback.core.model.processor.ImplicitModelHandler - Assuming default type [ch.qos.logback.classic.encoder.PatternLayoutEncoder] for [encoder] property
17:51:19,228 |-INFO in ch.qos.logback.classic.model.processor.RootLoggerModelHandler - Setting level of ROOT logger to WARN
17:51:19,236 |-INFO in ch.qos.logback.core.model.processor.AppenderRefModelHandler - Attaching appender named [STDOUT] to Logger[ROOT]
17:51:19,236 |-INFO in ch.qos.logback.core.model.processor.DefaultProcessor@710f4dc7 - End of configuration.
17:51:19,237 |-INFO in ch.qos.logback.classic.joran.JoranConfigurator@1ff4931d - Registering current configuration as safe fallback point

362        WARN  main            d.u.i.k.s.ProofSettings   The settings in /home/runner/.key/proof-settings.props are *not* read. 
Returning from test MethodContracts_nomacro
Running test LoopInvariants_nomacro
17:52:34,345 |-INFO in ch.qos.logback.classic.LoggerContext[default] - This is logback-classic version 1.4.6
17:52:34,384 |-INFO in ch.qos.logback.classic.LoggerContext[default] - Could NOT find resource [logback-test.xml]
17:52:34,414 |-INFO in ch.qos.logback.classic.LoggerContext[default] - Found resource [logback.xml] at [file:/home/runner/work/key/key/key.core/build/resources/test/logback.xml]
17:52:34,560 |-INFO in ch.qos.logback.core.model.processor.AppenderModelHandler - Processing appender named [STDOUT]
17:52:34,560 |-INFO in ch.qos.logback.core.model.processor.AppenderModelHandler - About to instantiate appender of type [ch.qos.logback.core.ConsoleAppender]
17:52:34,575 |-WARN in ch.qos.logback.core.model.processor.ImplicitModelHandler - Ignoring unknown property [file] in [ch.qos.logback.core.ConsoleAppender]
17:52:34,575 |-WARN in ch.qos.logback.core.model.processor.ImplicitModelHandler - Ignoring unknown property [append] in [ch.qos.logback.core.ConsoleAppender]
17:52:34,576 |-INFO in ch.qos.logback.core.model.processor.ImplicitModelHandler - Assuming default type [ch.qos.logback.classic.encoder.PatternLayoutEncoder] for [encoder] property
17:52:34,597 |-INFO in ch.qos.logback.classic.model.processor.RootLoggerModelHandler - Setting level of ROOT logger to WARN
17:52:34,602 |-INFO in ch.qos.logback.core.model.processor.AppenderRefModelHandler - Attaching appender named [STDOUT] to Logger[ROOT]
17:52:34,603 |-INFO in ch.qos.logback.core.model.processor.DefaultProcessor@710f4dc7 - End of configuration.
17:52:34,603 |-INFO in ch.qos.logback.classic.joran.JoranConfigurator@1ff4931d - Registering current configuration as safe fallback point

365        WARN  main            d.u.i.k.s.ProofSettings   The settings in /home/runner/.key/proof-settings.props are *not* read. 
Returning from test LoopInvariants_nomacro
Running test MiniExamples_nomacro
17:54:24,713 |-INFO in ch.qos.logback.classic.LoggerContext[default] - This is logback-classic version 1.4.6
17:54:24,737 |-INFO in ch.qos.logback.classic.LoggerContext[default] - Could NOT find resource [logback-test.xml]
17:54:24,754 |-INFO in ch.qos.logback.classic.LoggerContext[default] - Found resource [logback.xml] at [file:/home/runner/work/key/key/key.core/build/resources/test/logback.xml]
17:54:24,899 |-INFO in ch.qos.logback.core.model.processor.AppenderModelHandler - Processing appender named [STDOUT]
17:54:24,899 |-INFO in ch.qos.logback.core.model.processor.AppenderModelHandler - About to instantiate appender of type [ch.qos.logback.core.ConsoleAppender]
17:54:24,914 |-WARN in ch.qos.logback.core.model.processor.ImplicitModelHandler - Ignoring unknown property [file] in [ch.qos.logback.core.ConsoleAppender]
17:54:24,914 |-WARN in ch.qos.logback.core.model.processor.ImplicitModelHandler - Ignoring unknown property [append] in [ch.qos.logback.core.ConsoleAppender]
17:54:24,915 |-INFO in ch.qos.logback.core.model.processor.ImplicitModelHandler - Assuming default type [ch.qos.logback.classic.encoder.PatternLayoutEncoder] for [encoder] property
17:54:24,936 |-INFO in ch.qos.logback.classic.model.processor.RootLoggerModelHandler - Setting level of ROOT logger to WARN
17:54:24,941 |-INFO in ch.qos.logback.core.model.processor.AppenderRefModelHandler - Attaching appender named [STDOUT] to Logger[ROOT]
17:54:24,942 |-INFO in ch.qos.logback.core.model.processor.DefaultProcessor@710f4dc7 - End of configuration.
17:54:24,942 |-INFO in ch.qos.logback.classic.joran.JoranConfigurator@1ff4931d - Registering current configuration as safe fallback point

371        WARN  main            d.u.i.k.s.ProofSettings   The settings in /home/runner/.key/proof-settings.props are *not* read. 
Returning from test MiniExamples_nomacro
Running test NewObjects_nomacro
17:56:10,021 |-INFO in ch.qos.logback.classic.LoggerContext[default] - This is logback-classic version 1.4.6
17:56:10,053 |-INFO in ch.qos.logback.classic.LoggerContext[default] - Could NOT find resource [logback-test.xml]
17:56:10,069 |-INFO in ch.qos.logback.classic.LoggerContext[default] - Found resource [logback.xml] at [file:/home/runner/work/key/key/key.core/build/resources/test/logback.xml]
17:56:10,216 |-INFO in ch.qos.logback.core.model.processor.AppenderModelHandler - Processing appender named [STDOUT]
17:56:10,216 |-INFO in ch.qos.logback.core.model.processor.AppenderModelHandler - About to instantiate appender of type [ch.qos.logback.core.ConsoleAppender]
17:56:10,233 |-WARN in ch.qos.logback.core.model.processor.ImplicitModelHandler - Ignoring unknown property [file] in [ch.qos.logback.core.ConsoleAppender]
17:56:10,233 |-WARN in ch.qos.logback.core.model.processor.ImplicitModelHandler - Ignoring unknown property [append] in [ch.qos.logback.core.ConsoleAppender]
17:56:10,234 |-INFO in ch.qos.logback.core.model.processor.ImplicitModelHandler - Assuming default type [ch.qos.logback.classic.encoder.PatternLayoutEncoder] for [encoder] property
17:56:10,254 |-INFO in ch.qos.logback.classic.model.processor.RootLoggerModelHandler - Setting level of ROOT logger to WARN
17:56:10,259 |-INFO in ch.qos.logback.core.model.processor.AppenderRefModelHandler - Attaching appender named [STDOUT] to Logger[ROOT]
17:56:10,259 |-INFO in ch.qos.logback.core.model.processor.DefaultProcessor@710f4dc7 - End of configuration.
17:56:10,260 |-INFO in ch.qos.logback.classic.joran.JoranConfigurator@1ff4931d - Registering current configuration as safe fallback point

356        WARN  main            d.u.i.k.s.ProofSettings   The settings in /home/runner/.key/proof-settings.props are *not* read. 
Returning from test NewObjects_nomacro
Running test SimpleEvoting_nomacro
17:58:24,395 |-INFO in ch.qos.logback.classic.LoggerContext[default] - This is logback-classic version 1.4.6
17:58:24,429 |-INFO in ch.qos.logback.classic.LoggerContext[default] - Could NOT find resource [logback-test.xml]
17:58:24,453 |-INFO in ch.qos.logback.classic.LoggerContext[default] - Found resource [logback.xml] at [file:/home/runner/work/key/key/key.core/build/resources/test/logback.xml]
17:58:24,630 |-INFO in ch.qos.logback.core.model.processor.AppenderModelHandler - Processing appender named [STDOUT]
17:58:24,630 |-INFO in ch.qos.logback.core.model.processor.AppenderModelHandler - About to instantiate appender of type [ch.qos.logback.core.ConsoleAppender]
17:58:24,647 |-WARN in ch.qos.logback.core.model.processor.ImplicitModelHandler - Ignoring unknown property [file] in [ch.qos.logback.core.ConsoleAppender]
17:58:24,647 |-WARN in ch.qos.logback.core.model.processor.ImplicitModelHandler - Ignoring unknown property [append] in [ch.qos.logback.core.ConsoleAppender]
17:58:24,648 |-INFO in ch.qos.logback.core.model.processor.ImplicitModelHandler - Assuming default type [ch.qos.logback.classic.encoder.PatternLayoutEncoder] for [encoder] property
17:58:24,668 |-INFO in ch.qos.logback.classic.model.processor.RootLoggerModelHandler - Setting level of ROOT logger to WARN
17:58:24,673 |-INFO in ch.qos.logback.core.model.processor.AppenderRefModelHandler - Attaching appender named [STDOUT] to Logger[ROOT]
17:58:24,673 |-INFO in ch.qos.logback.core.model.processor.DefaultProcessor@710f4dc7 - End of configuration.
17:58:24,674 |-INFO in ch.qos.logback.classic.joran.JoranConfigurator@1ff4931d - Registering current configuration as safe fallback point

398        WARN  main            d.u.i.k.s.ProofSettings   The settings in /home/runner/.key/proof-settings.props are *not* read. 
Returning from test SimpleEvoting_nomacro
Running test ToyVoting_fullmacro
18:00:35,719 |-INFO in ch.qos.logback.classic.LoggerContext[default] - This is logback-classic version 1.4.6
18:00:35,752 |-INFO in ch.qos.logback.classic.LoggerContext[default] - Could NOT find resource [logback-test.xml]
18:00:35,774 |-INFO in ch.qos.logback.classic.LoggerContext[default] - Found resource [logback.xml] at [file:/home/runner/work/key/key/key.core/build/resources/test/logback.xml]
18:00:35,959 |-INFO in ch.qos.logback.core.model.processor.AppenderModelHandler - Processing appender named [STDOUT]
18:00:35,960 |-INFO in ch.qos.logback.core.model.processor.AppenderModelHandler - About to instantiate appender of type [ch.qos.logback.core.ConsoleAppender]
18:00:35,992 |-WARN in ch.qos.logback.core.model.processor.ImplicitModelHandler - Ignoring unknown property [file] in [ch.qos.logback.core.ConsoleAppender]
18:00:35,993 |-WARN in ch.qos.logback.core.model.processor.ImplicitModelHandler - Ignoring unknown property [append] in [ch.qos.logback.core.ConsoleAppender]
18:00:35,993 |-INFO in ch.qos.logback.core.model.processor.ImplicitModelHandler - Assuming default type [ch.qos.logback.classic.encoder.PatternLayoutEncoder] for [encoder] property
18:00:36,022 |-INFO in ch.qos.logback.classic.model.processor.RootLoggerModelHandler - Setting level of ROOT logger to WARN
18:00:36,027 |-INFO in ch.qos.logback.core.model.processor.AppenderRefModelHandler - Attaching appender named [STDOUT] to Logger[ROOT]
18:00:36,029 |-INFO in ch.qos.logback.core.model.processor.DefaultProcessor@710f4dc7 - End of configuration.
18:00:36,030 |-INFO in ch.qos.logback.classic.joran.JoranConfigurator@1ff4931d - Registering current configuration as safe fallback point

461        WARN  main            d.u.i.k.s.ProofSettings   The settings in /home/runner/.key/proof-settings.props are *not* read. 
Returning from test ToyVoting_fullmacro
Running test SumExample_fullmacro
18:01:36,023 |-INFO in ch.qos.logback.classic.LoggerContext[default] - This is logback-classic version 1.4.6
18:01:36,066 |-INFO in ch.qos.logback.classic.LoggerContext[default] - Could NOT find resource [logback-test.xml]
18:01:36,097 |-INFO in ch.qos.logback.classic.LoggerContext[default] - Found resource [logback.xml] at [file:/home/runner/work/key/key/key.core/build/resources/test/logback.xml]
18:01:36,260 |-INFO in ch.qos.logback.core.model.processor.AppenderModelHandler - Processing appender named [STDOUT]
18:01:36,260 |-INFO in ch.qos.logback.core.model.processor.AppenderModelHandler - About to instantiate appender of type [ch.qos.logback.core.ConsoleAppender]
18:01:36,274 |-WARN in ch.qos.logback.core.model.processor.ImplicitModelHandler - Ignoring unknown property [file] in [ch.qos.logback.core.ConsoleAppender]
18:01:36,274 |-WARN in ch.qos.logback.core.model.processor.ImplicitModelHandler - Ignoring unknown property [append] in [ch.qos.logback.core.ConsoleAppender]
18:01:36,275 |-INFO in ch.qos.logback.core.model.processor.ImplicitModelHandler - Assuming default type [ch.qos.logback.classic.encoder.PatternLayoutEncoder] for [encoder] property
18:01:36,295 |-INFO in ch.qos.logback.classic.model.processor.RootLoggerModelHandler - Setting level of ROOT logger to WARN
18:01:36,300 |-INFO in ch.qos.logback.core.model.processor.AppenderRefModelHandler - Attaching appender named [STDOUT] to Logger[ROOT]
18:01:36,301 |-INFO in ch.qos.logback.core.model.processor.DefaultProcessor@710f4dc7 - End of configuration.
18:01:36,301 |-INFO in ch.qos.logback.classic.joran.JoranConfigurator@1ff4931d - Registering current configuration as safe fallback point

390        WARN  main            d.u.i.k.s.ProofSettings   The settings in /home/runner/.key/proof-settings.props are *not* read. 
Returning from test SumExample_fullmacro
Running test ToyBanking_fullmacro
18:01:47,171 |-INFO in ch.qos.logback.classic.LoggerContext[default] - This is logback-classic version 1.4.6
18:01:47,210 |-INFO in ch.qos.logback.classic.LoggerContext[default] - Could NOT find resource [logback-test.xml]
18:01:47,228 |-INFO in ch.qos.logback.classic.LoggerContext[default] - Found resource [logback.xml] at [file:/home/runner/work/key/key/key.core/build/resources/test/logback.xml]
18:01:47,375 |-INFO in ch.qos.logback.core.model.processor.AppenderModelHandler - Processing appender named [STDOUT]
18:01:47,375 |-INFO in ch.qos.logback.core.model.processor.AppenderModelHandler - About to instantiate appender of type [ch.qos.logback.core.ConsoleAppender]
18:01:47,390 |-WARN in ch.qos.logback.core.model.processor.ImplicitModelHandler - Ignoring unknown property [file] in [ch.qos.logback.core.ConsoleAppender]
18:01:47,390 |-WARN in ch.qos.logback.core.model.processor.ImplicitModelHandler - Ignoring unknown property [append] in [ch.qos.logback.core.ConsoleAppender]
18:01:47,391 |-INFO in ch.qos.logback.core.model.processor.ImplicitModelHandler - Assuming default type [ch.qos.logback.classic.encoder.PatternLayoutEncoder] for [encoder] property
18:01:47,415 |-INFO in ch.qos.logback.classic.model.processor.RootLoggerModelHandler - Setting level of ROOT logger to WARN
18:01:47,420 |-INFO in ch.qos.logback.core.model.processor.AppenderRefModelHandler - Attaching appender named [STDOUT] to Logger[ROOT]
18:01:47,420 |-INFO in ch.qos.logback.core.model.processor.DefaultProcessor@710f4dc7 - End of configuration.
18:01:47,421 |-INFO in ch.qos.logback.classic.joran.JoranConfigurator@1ff4931d - Registering current configuration as safe fallback point

355        WARN  main            d.u.i.k.s.ProofSettings   The settings in /home/runner/.key/proof-settings.props are *not* read. 
11515      WARN  main            d.u.i.k.p.NodeInfo        No instantiation for #60. Probably branch label not up to date in orLeft 
11515      WARN  main            d.u.i.k.p.NodeInfo        No instantiation for #60. Probably branch label not up to date in orLeft 
11515      WARN  main            d.u.i.k.p.NodeInfo        No instantiation for #60. Probably branch label not up to date in orLeft 
11515      WARN  main            d.u.i.k.p.NodeInfo        No instantiation for #60. Probably branch label not up to date in orLeft 
11515      WARN  main            d.u.i.k.p.NodeInfo        No instantiation for #61. Probably branch label not up to date in orLeft 
11515      WARN  main            d.u.i.k.p.NodeInfo        No instantiation for #61. Probably branch label not up to date in orLeft 
11515      WARN  main            d.u.i.k.p.NodeInfo        No instantiation for #62. Probably branch label not up to date in orLeft 
11515      WARN  main            d.u.i.k.p.NodeInfo        No instantiation for #62. Probably branch label not up to date in orLeft 
11516      WARN  main            d.u.i.k.p.NodeInfo        No instantiation for #63. Probably branch label not up to date in orLeft 
11516      WARN  main            d.u.i.k.p.NodeInfo        No instantiation for #63. Probably branch label not up to date in orLeft 
11516      WARN  main            d.u.i.k.p.NodeInfo        No instantiation for #60. Probably branch label not up to date in orLeft 
11516      WARN  main            d.u.i.k.p.NodeInfo        No instantiation for #60. Probably branch label not up to date in orLeft 
11516      WARN  main            d.u.i.k.p.NodeInfo        No instantiation for #60. Probably branch label not up to date in orLeft 
11516      WARN  main            d.u.i.k.p.NodeInfo        No instantiation for #60. Probably branch label not up to date in orLeft 
11516      WARN  main            d.u.i.k.p.NodeInfo        No instantiation for #61. Probably branch label not up to date in orLeft 
11516      WARN  main            d.u.i.k.p.NodeInfo        No instantiation for #61. Probably branch label not up to date in orLeft 
11516      WARN  main            d.u.i.k.p.NodeInfo        No instantiation for #62. Probably branch label not up to date in orLeft 
11516      WARN  main            d.u.i.k.p.NodeInfo        No instantiation for #62. Probably branch label not up to date in orLeft 
11516      WARN  main            d.u.i.k.p.NodeInfo        No instantiation for #63. Probably branch label not up to date in orLeft 
11516      WARN  main            d.u.i.k.p.NodeInfo        No instantiation for #63. Probably branch label not up to date in orLeft 
11527      WARN  main            d.u.i.k.p.NodeInfo        No instantiation for #60. Probably branch label not up to date in orLeft 
11527      WARN  main            d.u.i.k.p.NodeInfo        No instantiation for #60. Probably branch label not up to date in orLeft 
11527      WARN  main            d.u.i.k.p.NodeInfo        No instantiation for #60. Probably branch label not up to date in orLeft 
11527      WARN  main            d.u.i.k.p.NodeInfo        No instantiation for #60. Probably branch label not up to date in orLeft 
11527      WARN  main            d.u.i.k.p.NodeInfo        No instantiation for #61. Probably branch label not up to date in orLeft 
11527      WARN  main            d.u.i.k.p.NodeInfo        No instantiation for #61. Probably branch label not up to date in orLeft 
11527      WARN  main            d.u.i.k.p.NodeInfo        No instantiation for #62. Probably branch label not up to date in orLeft 
11527      WARN  main            d.u.i.k.p.NodeInfo        No instantiation for #62. Probably branch label not up to date in orLeft 
11527      WARN  main            d.u.i.k.p.NodeInfo        No instantiation for #63. Probably branch label not up to date in orLeft 
11528      WARN  main            d.u.i.k.p.NodeInfo        No instantiation for #63. Probably branch label not up to date in orLeft 
11528      WARN  main            d.u.i.k.p.NodeInfo        No instantiation for #60. Probably branch label not up to date in orLeft 
11528      WARN  main            d.u.i.k.p.NodeInfo        No instantiation for #60. Probably branch label not up to date in orLeft 
11528      WARN  main            d.u.i.k.p.NodeInfo        No instantiation for #60. Probably branch label not up to date in orLeft 
11528      WARN  main            d.u.i.k.p.NodeInfo        No instantiation for #60. Probably branch label not up to date in orLeft 
11528      WARN  main            d.u.i.k.p.NodeInfo        No instantiation for #61. Probably branch label not up to date in orLeft 
11529      WARN  main            d.u.i.k.p.NodeInfo        No instantiation for #61. Probably branch label not up to date in orLeft 
11529      WARN  main            d.u.i.k.p.NodeInfo        No instantiation for #62. Probably branch label not up to date in orLeft 
11529      WARN  main            d.u.i.k.p.NodeInfo        No instantiation for #62. Probably branch label not up to date in orLeft 
11529      WARN  main            d.u.i.k.p.NodeInfo        No instantiation for #63. Probably branch label not up to date in orLeft 
11529      WARN  main            d.u.i.k.p.NodeInfo        No instantiation for #63. Probably branch label not up to date in orLeft 
11529      WARN  main            d.u.i.k.p.NodeInfo        No instantiation for #60. Probably branch label not up to date in orLeft 
11529      WARN  main            d.u.i.k.p.NodeInfo        No instantiation for #60. Probably branch label not up to date in orLeft 
11529      WARN  main            d.u.i.k.p.NodeInfo        No instantiation for #60. Probably branch label not up to date in orLeft 
11529      WARN  main            d.u.i.k.p.NodeInfo        No instantiation for #60. Probably branch label not up to date in orLeft 
11529      WARN  main            d.u.i.k.p.NodeInfo        No instantiation for #61. Probably branch label not up to date in orLeft 
11529      WARN  main            d.u.i.k.p.NodeInfo        No instantiation for #61. Probably branch label not up to date in orLeft 
11529      WARN  main            d.u.i.k.p.NodeInfo        No instantiation for #62. Probably branch label not up to date in orLeft 
11529      WARN  main            d.u.i.k.p.NodeInfo        No instantiation for #62. Probably branch label not up to date in orLeft 
11529      WARN  main            d.u.i.k.p.NodeInfo        No instantiation for #63. Probably branch label not up to date in orLeft 
11529      WARN  main            d.u.i.k.p.NodeInfo        No instantiation for #63. Probably branch label not up to date in orLeft 
11529      WARN  main            d.u.i.k.p.NodeInfo        No instantiation for #60. Probably branch label not up to date in orLeft 
11529      WARN  main            d.u.i.k.p.NodeInfo        No instantiation for #60. Probably branch label not up to date in orLeft 
11529      WARN  main            d.u.i.k.p.NodeInfo        No instantiation for #60. Probably branch label not up to date in orLeft 
11529      WARN  main            d.u.i.k.p.NodeInfo        No instantiation for #60. Probably branch label not up to date in orLeft 
11529      WARN  main            d.u.i.k.p.NodeInfo        No instantiation for #61. Probably branch label not up to date in orLeft 
11529      WARN  main            d.u.i.k.p.NodeInfo        No instantiation for #61. Probably branch label not up to date in orLeft 
11529      WARN  main            d.u.i.k.p.NodeInfo        No instantiation for #62. Probably branch label not up to date in orLeft 
11530      WARN  main            d.u.i.k.p.NodeInfo        No instantiation for #62. Probably branch label not up to date in orLeft 
11530      WARN  main            d.u.i.k.p.NodeInfo        No instantiation for #63. Probably branch label not up to date in orLeft 
11530      WARN  main            d.u.i.k.p.NodeInfo        No instantiation for #63. Probably branch label not up to date in orLeft 
11530      WARN  main            d.u.i.k.p.NodeInfo        No instantiation for #60. Probably branch label not up to date in orLeft 
11530      WARN  main            d.u.i.k.p.NodeInfo        No instantiation for #60. Probably branch label not up to date in orLeft 
11530      WARN  main            d.u.i.k.p.NodeInfo        No instantiation for #60. Probably branch label not up to date in orLeft 
11530      WARN  main            d.u.i.k.p.NodeInfo        No instantiation for #60. Probably branch label not up to date in orLeft 
11530      WARN  main            d.u.i.k.p.NodeInfo        No instantiation for #61. Probably branch label not up to date in orLeft 
11530      WARN  main            d.u.i.k.p.NodeInfo        No instantiation for #61. Probably branch label not up to date in orLeft 
11530      WARN  main            d.u.i.k.p.NodeInfo        No instantiation for #62. Probably branch label not up to date in orLeft 
11530      WARN  main            d.u.i.k.p.NodeInfo        No instantiation for #62. Probably branch label not up to date in orLeft 
11530      WARN  main            d.u.i.k.p.NodeInfo        No instantiation for #63. Probably branch label not up to date in orLeft 
11530      WARN  main            d.u.i.k.p.NodeInfo        No instantiation for #63. Probably branch label not up to date in orLeft 
11530      WARN  main            d.u.i.k.p.NodeInfo        No instantiation for #60. Probably branch label not up to date in orLeft 
11530      WARN  main            d.u.i.k.p.NodeInfo        No instantiation for #60. Probably branch label not up to date in orLeft 
11530      WARN  main            d.u.i.k.p.NodeInfo        No instantiation for #60. Probably branch label not up to date in orLeft 
11530      WARN  main            d.u.i.k.p.NodeInfo        No instantiation for #60. Probably branch label not up to date in orLeft 
11530      WARN  main            d.u.i.k.p.NodeInfo        No instantiation for #61. Probably branch label not up to date in orLeft 
11530      WARN  main            d.u.i.k.p.NodeInfo        No instantiation for #61. Probably branch label not up to date in orLeft 
11530      WARN  main            d.u.i.k.p.NodeInfo        No instantiation for #62. Probably branch label not up to date in orLeft 
11530      WARN  main            d.u.i.k.p.NodeInfo        No instantiation for #62. Probably branch label not up to date in orLeft 
11530      WARN  main            d.u.i.k.p.NodeInfo        No instantiation for #63. Probably branch label not up to date in orLeft 
11530      WARN  main            d.u.i.k.p.NodeInfo        No instantiation for #63. Probably branch label not up to date in orLeft 
11530      WARN  main            d.u.i.k.p.NodeInfo        No instantiation for #60. Probably branch label not up to date in orLeft 
11531      WARN  main            d.u.i.k.p.NodeInfo        No instantiation for #60. Probably branch label not up to date in orLeft 
11531      WARN  main            d.u.i.k.p.NodeInfo        No instantiation for #60. Probably branch label not up to date in orLeft 
11531      WARN  main            d.u.i.k.p.NodeInfo        No instantiation for #60. Probably branch label not up to date in orLeft 
11531      WARN  main            d.u.i.k.p.NodeInfo        No instantiation for #61. Probably branch label not up to date in orLeft 
11531      WARN  main            d.u.i.k.p.NodeInfo        No instantiation for #61. Probably branch label not up to date in orLeft 
11531      WARN  main            d.u.i.k.p.NodeInfo        No instantiation for #62. Probably branch label not up to date in orLeft 
11531      WARN  main            d.u.i.k.p.NodeInfo        No instantiation for #62. Probably branch label not up to date in orLeft 
11531      WARN  main            d.u.i.k.p.NodeInfo        No instantiation for #63. Probably branch label not up to date in orLeft 
11531      WARN  main            d.u.i.k.p.NodeInfo        No instantiation for #63. Probably branch label not up to date in orLeft 
11531      WARN  main            d.u.i.k.p.NodeInfo        No instantiation for #60. Probably branch label not up to date in orLeft 
11531      WARN  main            d.u.i.k.p.NodeInfo        No instantiation for #60. Probably branch label not up to date in orLeft 
11531      WARN  main            d.u.i.k.p.NodeInfo        No instantiation for #60. Probably branch label not up to date in orLeft 
11531      WARN  main            d.u.i.k.p.NodeInfo        No instantiation for #60. Probably branch label not up to date in orLeft 
11531      WARN  main            d.u.i.k.p.NodeInfo        No instantiation for #61. Probably branch label not up to date in orLeft 
11531      WARN  main            d.u.i.k.p.NodeInfo        No instantiation for #61. Probably branch label not up to date in orLeft 
11531      WARN  main            d.u.i.k.p.NodeInfo        No instantiation for #62. Probably branch label not up to date in orLeft 
11531      WARN  main            d.u.i.k.p.NodeInfo        No instantiation for #62. Probably branch label not up to date in orLeft 
11531      WARN  main            d.u.i.k.p.NodeInfo        No instantiation for #63. Probably branch label not up to date in orLeft 
11531      WARN  main            d.u.i.k.p.NodeInfo        No instantiation for #63. Probably branch label not up to date in orLeft 
11531      WARN  main            d.u.i.k.p.NodeInfo        No instantiation for #60. Probably branch label not up to date in orLeft 
11531      WARN  main            d.u.i.k.p.NodeInfo        No instantiation for #60. Probably branch label not up to date in orLeft 
11531      WARN  main            d.u.i.k.p.NodeInfo        No instantiation for #60. Probably branch label not up to date in orLeft 
11531      WARN  main            d.u.i.k.p.NodeInfo        No instantiation for #60. Probably branch label not up to date in orLeft 
11532      WARN  main            d.u.i.k.p.NodeInfo        No instantiation for #61. Probably branch label not up to date in orLeft 
11532      WARN  main            d.u.i.k.p.NodeInfo        No instantiation for #61. Probably branch label not up to date in orLeft 
11532      WARN  main            d.u.i.k.p.NodeInfo        No instantiation for #62. Probably branch label not up to date in orLeft 
11532      WARN  main            d.u.i.k.p.NodeInfo        No instantiation for #62. Probably branch label not up to date in orLeft 
11532      WARN  main            d.u.i.k.p.NodeInfo        No instantiation for #63. Probably branch label not up to date in orLeft 
11532      WARN  main            d.u.i.k.p.NodeInfo        No instantiation for #63. Probably branch label not up to date in orLeft 
11532      WARN  main            d.u.i.k.p.NodeInfo        No instantiation for #60. Probably branch label not up to date in orLeft 
11532      WARN  main            d.u.i.k.p.NodeInfo        No instantiation for #60. Probably branch label not up to date in orLeft 
11532      WARN  main            d.u.i.k.p.NodeInfo        No instantiation for #60. Probably branch label not up to date in orLeft 
11532      WARN  main            d.u.i.k.p.NodeInfo        No instantiation for #60. Probably branch label not up to date in orLeft 
11532      WARN  main            d.u.i.k.p.NodeInfo        No instantiation for #61. Probably branch label not up to date in orLeft 
11532      WARN  main            d.u.i.k.p.NodeInfo        No instantiation for #61. Probably branch label not up to date in orLeft 
11532      WARN  main            d.u.i.k.p.NodeInfo        No instantiation for #62. Probably branch label not up to date in orLeft 
11532      WARN  main            d.u.i.k.p.NodeInfo        No instantiation for #62. Probably branch label not up to date in orLeft 
11532      WARN  main            d.u.i.k.p.NodeInfo        No instantiation for #63. Probably branch label not up to date in orLeft 
11532      WARN  main            d.u.i.k.p.NodeInfo        No instantiation for #63. Probably branch label not up to date in orLeft 
11563      WARN  main            d.u.i.k.p.NodeInfo        No instantiation for #60. Probably branch label not up to date in orLeft 
11563      WARN  main            d.u.i.k.p.NodeInfo        No instantiation for #60. Probably branch label not up to date in orLeft 
11563      WARN  main            d.u.i.k.p.NodeInfo        No instantiation for #60. Probably branch label not up to date in orLeft 
11563      WARN  main            d.u.i.k.p.NodeInfo        No instantiation for #60. Probably branch label not up to date in orLeft 
11563      WARN  main            d.u.i.k.p.NodeInfo        No instantiation for #61. Probably branch label not up to date in orLeft 
11563      WARN  main            d.u.i.k.p.NodeInfo        No instantiation for #61. Probably branch label not up to date in orLeft 
11563      WARN  main            d.u.i.k.p.NodeInfo        No instantiation for #62. Probably branch label not up to date in orLeft 
11563      WARN  main            d.u.i.k.p.NodeInfo        No instantiation for #62. Probably branch label not up to date in orLeft 
11564      WARN  main            d.u.i.k.p.NodeInfo        No instantiation for #63. Probably branch label not up to date in orLeft 
11564      WARN  main            d.u.i.k.p.NodeInfo        No instantiation for #63. Probably branch label not up to date in orLeft 
11564      WARN  main            d.u.i.k.p.NodeInfo        No instantiation for #60. Probably branch label not up to date in orLeft 
11564      WARN  main            d.u.i.k.p.NodeInfo        No instantiation for #60. Probably branch label not up to date in orLeft 
11564      WARN  main            d.u.i.k.p.NodeInfo        No instantiation for #60. Probably branch label not up to date in orLeft 
11564      WARN  main            d.u.i.k.p.NodeInfo        No instantiation for #60. Probably branch label not up to date in orLeft 
11564      WARN  main            d.u.i.k.p.NodeInfo        No instantiation for #61. Probably branch label not up to date in orLeft 
11564      WARN  main            d.u.i.k.p.NodeInfo        No instantiation for #61. Probably branch label not up to date in orLeft 
11564      WARN  main            d.u.i.k.p.NodeInfo        No instantiation for #62. Probably branch label not up to date in orLeft 
11564      WARN  main            d.u.i.k.p.NodeInfo        No instantiation for #62. Probably branch label not up to date in orLeft 
11564      WARN  main            d.u.i.k.p.NodeInfo        No instantiation for #63. Probably branch label not up to date in orLeft 
11564      WARN  main            d.u.i.k.p.NodeInfo        No instantiation for #63. Probably branch label not up to date in orLeft 
11590      WARN  main            d.u.i.k.p.NodeInfo        No instantiation for #60. Probably branch label not up to date in orLeft 
11590      WARN  main            d.u.i.k.p.NodeInfo        No instantiation for #60. Probably branch label not up to date in orLeft 
11590      WARN  main            d.u.i.k.p.NodeInfo        No instantiation for #60. Probably branch label not up to date in orLeft 
11590      WARN  main            d.u.i.k.p.NodeInfo        No instantiation for #60. Probably branch label not up to date in orLeft 
11590      WARN  main            d.u.i.k.p.NodeInfo        No instantiation for #61. Probably branch label not up to date in orLeft 
11590      WARN  main            d.u.i.k.p.NodeInfo        No instantiation for #61. Probably branch label not up to date in orLeft 
11590      WARN  main            d.u.i.k.p.NodeInfo        No instantiation for #62. Probably branch label not up to date in orLeft 
11590      WARN  main            d.u.i.k.p.NodeInfo        No instantiation for #62. Probably branch label not up to date in orLeft 
11590      WARN  main            d.u.i.k.p.NodeInfo        No instantiation for #63. Probably branch label not up to date in orLeft 
11590      WARN  main            d.u.i.k.p.NodeInfo        No instantiation for #63. Probably branch label not up to date in orLeft 
11590      WARN  main            d.u.i.k.p.NodeInfo        No instantiation for #60. Probably branch label not up to date in orLeft 
11590      WARN  main            d.u.i.k.p.NodeInfo        No instantiation for #60. Probably branch label not up to date in orLeft 
11591      WARN  main            d.u.i.k.p.NodeInfo        No instantiation for #60. Probably branch label not up to date in orLeft 
11591      WARN  main            d.u.i.k.p.NodeInfo        No instantiation for #60. Probably branch label not up to date in orLeft 
11591      WARN  main            d.u.i.k.p.NodeInfo        No instantiation for #61. Probably branch label not up to date in orLeft 
11591      WARN  main            d.u.i.k.p.NodeInfo        No instantiation for #61. Probably branch label not up to date in orLeft 
11591      WARN  main            d.u.i.k.p.NodeInfo        No instantiation for #62. Probably branch label not up to date in orLeft 
11591      WARN  main            d.u.i.k.p.NodeInfo        No instantiation for #62. Probably branch label not up to date in orLeft 
11591      WARN  main            d.u.i.k.p.NodeInfo        No instantiation for #63. Probably branch label not up to date in orLeft 
11591      WARN  main            d.u.i.k.p.NodeInfo        No instantiation for #63. Probably branch label not up to date in orLeft 
11591      WARN  main            d.u.i.k.p.NodeInfo        No instantiation for #60. Probably branch label not up to date in orLeft 
11591      WARN  main            d.u.i.k.p.NodeInfo        No instantiation for #60. Probably branch label not up to date in orLeft 
11591      WARN  main            d.u.i.k.p.NodeInfo        No instantiation for #60. Probably branch label not up to date in orLeft 
11591      WARN  main            d.u.i.k.p.NodeInfo        No instantiation for #60. Probably branch label not up to date in orLeft 
11591      WARN  main            d.u.i.k.p.NodeInfo        No instantiation for #61. Probably branch label not up to date in orLeft 
11591      WARN  main            d.u.i.k.p.NodeInfo        No instantiation for #61. Probably branch label not up to date in orLeft 
11591      WARN  main            d.u.i.k.p.NodeInfo        No instantiation for #62. Probably branch label not up to date in orLeft 
11591      WARN  main            d.u.i.k.p.NodeInfo        No instantiation for #62. Probably branch label not up to date in orLeft 
11591      WARN  main            d.u.i.k.p.NodeInfo        No instantiation for #63. Probably branch label not up to date in orLeft 
11591      WARN  main            d.u.i.k.p.NodeInfo        No instantiation for #63. Probably branch label not up to date in orLeft 
11591      WARN  main            d.u.i.k.p.NodeInfo        No instantiation for #60. Probably branch label not up to date in orLeft 
11592      WARN  main            d.u.i.k.p.NodeInfo        No instantiation for #60. Probably branch label not up to date in orLeft 
11592      WARN  main            d.u.i.k.p.NodeInfo        No instantiation for #60. Probably branch label not up to date in orLeft 
11592      WARN  main            d.u.i.k.p.NodeInfo        No instantiation for #60. Probably branch label not up to date in orLeft 
11592      WARN  main            d.u.i.k.p.NodeInfo        No instantiation for #61. Probably branch label not up to date in orLeft 
11592      WARN  main            d.u.i.k.p.NodeInfo        No instantiation for #61. Probably branch label not up to date in orLeft 
11592      WARN  main            d.u.i.k.p.NodeInfo        No instantiation for #62. Probably branch label not up to date in orLeft 
11592      WARN  main            d.u.i.k.p.NodeInfo        No instantiation for #62. Probably branch label not up to date in orLeft 
11592      WARN  main            d.u.i.k.p.NodeInfo        No instantiation for #63. Probably branch label not up to date in orLeft 
11592      WARN  main            d.u.i.k.p.NodeInfo        No instantiation for #63. Probably branch label not up to date in orLeft 
11592      WARN  main            d.u.i.k.p.NodeInfo        No instantiation for #60. Probably branch label not up to date in orLeft 
11592      WARN  main            d.u.i.k.p.NodeInfo        No instantiation for #60. Probably branch label not up to date in orLeft 
11592      WARN  main            d.u.i.k.p.NodeInfo        No instantiation for #60. Probably branch label not up to date in orLeft 
11592      WARN  main            d.u.i.k.p.NodeInfo        No instantiation for #60. Probably branch label not up to date in orLeft 
11592      WARN  main            d.u.i.k.p.NodeInfo        No instantiation for #61. Probably branch label not up to date in orLeft 
11592      WARN  main            d.u.i.k.p.NodeInfo        No instantiation for #61. Probably branch label not up to date in orLeft 
11592      WARN  main            d.u.i.k.p.NodeInfo        No instantiation for #62. Probably branch label not up to date in orLeft 
11592      WARN  main            d.u.i.k.p.NodeInfo        No instantiation for #62. Probably branch label not up to date in orLeft 
11592      WARN  main            d.u.i.k.p.NodeInfo        No instantiation for #63. Probably branch label not up to date in orLeft 
11592      WARN  main            d.u.i.k.p.NodeInfo        No instantiation for #63. Probably branch label not up to date in orLeft 
11592      WARN  main            d.u.i.k.p.NodeInfo        No instantiation for #60. Probably branch label not up to date in orLeft 
11592      WARN  main            d.u.i.k.p.NodeInfo        No instantiation for #60. Probably branch label not up to date in orLeft 
11592      WARN  main            d.u.i.k.p.NodeInfo        No instantiation for #60. Probably branch label not up to date in orLeft 
11592      WARN  main            d.u.i.k.p.NodeInfo        No instantiation for #60. Probably branch label not up to date in orLeft 
11592      WARN  main            d.u.i.k.p.NodeInfo        No instantiation for #61. Probably branch label not up to date in orLeft 
11593      WARN  main            d.u.i.k.p.NodeInfo        No instantiation for #61. Probably branch label not up to date in orLeft 
11593      WARN  main            d.u.i.k.p.NodeInfo        No instantiation for #62. Probably branch label not up to date in orLeft 
11593      WARN  main            d.u.i.k.p.NodeInfo        No instantiation for #62. Probably branch label not up to date in orLeft 
11593      WARN  main            d.u.i.k.p.NodeInfo        No instantiation for #63. Probably branch label not up to date in orLeft 
11593      WARN  main            d.u.i.k.p.NodeInfo        No instantiation for #63. Probably branch label not up to date in orLeft 
11593      WARN  main            d.u.i.k.p.NodeInfo        No instantiation for #60. Probably branch label not up to date in orLeft 
11593      WARN  main            d.u.i.k.p.NodeInfo        No instantiation for #60. Probably branch label not up to date in orLeft 
11593      WARN  main            d.u.i.k.p.NodeInfo        No instantiation for #60. Probably branch label not up to date in orLeft 
11593      WARN  main            d.u.i.k.p.NodeInfo        No instantiation for #60. Probably branch label not up to date in orLeft 
11593      WARN  main            d.u.i.k.p.NodeInfo        No instantiation for #61. Probably branch label not up to date in orLeft 
11593      WARN  main            d.u.i.k.p.NodeInfo        No instantiation for #61. Probably branch label not up to date in orLeft 
11593      WARN  main            d.u.i.k.p.NodeInfo        No instantiation for #62. Probably branch label not up to date in orLeft 
11593      WARN  main            d.u.i.k.p.NodeInfo        No instantiation for #62. Probably branch label not up to date in orLeft 
11593      WARN  main            d.u.i.k.p.NodeInfo        No instantiation for #63. Probably branch label not up to date in orLeft 
11593      WARN  main            d.u.i.k.p.NodeInfo        No instantiation for #63. Probably branch label not up to date in orLeft 
11593      WARN  main            d.u.i.k.p.NodeInfo        No instantiation for #60. Probably branch label not up to date in orLeft 
11593      WARN  main            d.u.i.k.p.NodeInfo        No instantiation for #60. Probably branch label not up to date in orLeft 
11593      WARN  main            d.u.i.k.p.NodeInfo        No instantiation for #60. Probably branch label not up to date in orLeft 
11593      WARN  main            d.u.i.k.p.NodeInfo        No instantiation for #60. Probably branch label not up to date in orLeft 
11593      WARN  main            d.u.i.k.p.NodeInfo        No instantiation for #61. Probably branch label not up to date in orLeft 
11593      WARN  main            d.u.i.k.p.NodeInfo        No instantiation for #61. Probably branch label not up to date in orLeft 
11593      WARN  main            d.u.i.k.p.NodeInfo        No instantiation for #62. Probably branch label not up to date in orLeft 
11593      WARN  main            d.u.i.k.p.NodeInfo        No instantiation for #62. Probably branch label not up to date in orLeft 
11593      WARN  main            d.u.i.k.p.NodeInfo        No instantiation for #63. Probably branch label not up to date in orLeft 
11593      WARN  main            d.u.i.k.p.NodeInfo        No instantiation for #63. Probably branch label not up to date in orLeft 
11639      WARN  main            d.u.i.k.p.NodeInfo        No instantiation for #60. Probably branch label not up to date in orLeft 
11640      WARN  main            d.u.i.k.p.NodeInfo        No instantiation for #60. Probably branch label not up to date in orLeft 
11640      WARN  main            d.u.i.k.p.NodeInfo        No instantiation for #60. Probably branch label not up to date in orLeft 
11640      WARN  main            d.u.i.k.p.NodeInfo        No instantiation for #60. Probably branch label not up to date in orLeft 
11640      WARN  main            d.u.i.k.p.NodeInfo        No instantiation for #61. Probably branch label not up to date in orLeft 
11640      WARN  main            d.u.i.k.p.NodeInfo        No instantiation for #61. Probably branch label not up to date in orLeft 
11640      WARN  main            d.u.i.k.p.NodeInfo        No instantiation for #62. Probably branch label not up to date in orLeft 
11640      WARN  main            d.u.i.k.p.NodeInfo        No instantiation for #62. Probably branch label not up to date in orLeft 
11640      WARN  main            d.u.i.k.p.NodeInfo        No instantiation for #63. Probably branch label not up to date in orLeft 
11640      WARN  main            d.u.i.k.p.NodeInfo        No instantiation for #63. Probably branch label not up to date in orLeft 
11640      WARN  main            d.u.i.k.p.NodeInfo        No instantiation for #60. Probably branch label not up to date in orLeft 
11640      WARN  main            d.u.i.k.p.NodeInfo        No instantiation for #60. Probably branch label not up to date in orLeft 
11640      WARN  main            d.u.i.k.p.NodeInfo        No instantiation for #60. Probably branch label not up to date in orLeft 
11640      WARN  main            d.u.i.k.p.NodeInfo        No instantiation for #60. Probably branch label not up to date in orLeft 
11641      WARN  main            d.u.i.k.p.NodeInfo        No instantiation for #61. Probably branch label not up to date in orLeft 
11641      WARN  main            d.u.i.k.p.NodeInfo        No instantiation for #61. Probably branch label not up to date in orLeft 
11641      WARN  main            d.u.i.k.p.NodeInfo        No instantiation for #62. Probably branch label not up to date in orLeft 
11641      WARN  main            d.u.i.k.p.NodeInfo        No instantiation for #62. Probably branch label not up to date in orLeft 
11641      WARN  main            d.u.i.k.p.NodeInfo        No instantiation for #63. Probably branch label not up to date in orLeft 
11641      WARN  main            d.u.i.k.p.NodeInfo        No instantiation for #63. Probably branch label not up to date in orLeft 
11648      WARN  main            d.u.i.k.p.NodeInfo        No instantiation for #60. Probably branch label not up to date in orLeft 
11648      WARN  main            d.u.i.k.p.NodeInfo        No instantiation for #60. Probably branch label not up to date in orLeft 
11648      WARN  main            d.u.i.k.p.NodeInfo        No instantiation for #60. Probably branch label not up to date in orLeft 
11648      WARN  main            d.u.i.k.p.NodeInfo        No instantiation for #60. Probably branch label not up to date in orLeft 
11648      WARN  main            d.u.i.k.p.NodeInfo        No instantiation for #61. Probably branch label not up to date in orLeft 
11649      WARN  main            d.u.i.k.p.NodeInfo        No instantiation for #61. Probably branch label not up to date in orLeft 
11649      WARN  main            d.u.i.k.p.NodeInfo        No instantiation for #62. Probably branch label not up to date in orLeft 
11649      WARN  main            d.u.i.k.p.NodeInfo        No instantiation for #62. Probably branch label not up to date in orLeft 
11649      WARN  main            d.u.i.k.p.NodeInfo        No instantiation for #63. Probably branch label not up to date in orLeft 
11649      WARN  main            d.u.i.k.p.NodeInfo        No instantiation for #63. Probably branch label not up to date in orLeft 
11649      WARN  main            d.u.i.k.p.NodeInfo        No instantiation for #60. Probably branch label not up to date in orLeft 
11649      WARN  main            d.u.i.k.p.NodeInfo        No instantiation for #60. Probably branch label not up to date in orLeft 
11649      WARN  main            d.u.i.k.p.NodeInfo        No instantiation for #60. Probably branch label not up to date in orLeft 
11649      WARN  main            d.u.i.k.p.NodeInfo        No instantiation for #60. Probably branch label not up to date in orLeft 
11649      WARN  main            d.u.i.k.p.NodeInfo        No instantiation for #61. Probably branch label not up to date in orLeft 
11649      WARN  main            d.u.i.k.p.NodeInfo        No instantiation for #61. Probably branch label not up to date in orLeft 
11649      WARN  main            d.u.i.k.p.NodeInfo        No instantiation for #62. Probably branch label not up to date in orLeft 
11649      WARN  main            d.u.i.k.p.NodeInfo        No instantiation for #62. Probably branch label not up to date in orLeft 
11649      WARN  main            d.u.i.k.p.NodeInfo        No instantiation for #63. Probably branch label not up to date in orLeft 
11649      WARN  main            d.u.i.k.p.NodeInfo        No instantiation for #63. Probably branch label not up to date in orLeft 
11649      WARN  main            d.u.i.k.p.NodeInfo        No instantiation for #60. Probably branch label not up to date in orLeft 
11649      WARN  main            d.u.i.k.p.NodeInfo        No instantiation for #60. Probably branch label not up to date in orLeft 
11650      WARN  main            d.u.i.k.p.NodeInfo        No instantiation for #60. Probably branch label not up to date in orLeft 
11650      WARN  main            d.u.i.k.p.NodeInfo        No instantiation for #60. Probably branch label not up to date in orLeft 
11650      WARN  main            d.u.i.k.p.NodeInfo        No instantiation for #61. Probably branch label not up to date in orLeft 
11650      WARN  main            d.u.i.k.p.NodeInfo        No instantiation for #61. Probably branch label not up to date in orLeft 
11650      WARN  main            d.u.i.k.p.NodeInfo        No instantiation for #62. Probably branch label not up to date in orLeft 
11650      WARN  main            d.u.i.k.p.NodeInfo        No instantiation for #62. Probably branch label not up to date in orLeft 
11650      WARN  main            d.u.i.k.p.NodeInfo        No instantiation for #63. Probably branch label not up to date in orLeft 
11650      WARN  main            d.u.i.k.p.NodeInfo        No instantiation for #63. Probably branch label not up to date in orLeft 
11650      WARN  main            d.u.i.k.p.NodeInfo        No instantiation for #60. Probably branch label not up to date in orLeft 
11650      WARN  main            d.u.i.k.p.NodeInfo        No instantiation for #60. Probably branch label not up to date in orLeft 
11650      WARN  main            d.u.i.k.p.NodeInfo        No instantiation for #60. Probably branch label not up to date in orLeft 
11650      WARN  main            d.u.i.k.p.NodeInfo        No instantiation for #60. Probably branch label not up to date in orLeft 
11650      WARN  main            d.u.i.k.p.NodeInfo        No instantiation for #61. Probably branch label not up to date in orLeft 
11650      WARN  main            d.u.i.k.p.NodeInfo        No instantiation for #61. Probably branch label not up to date in orLeft 
11650      WARN  main            d.u.i.k.p.NodeInfo        No instantiation for #62. Probably branch label not up to date in orLeft 
11650      WARN  main            d.u.i.k.p.NodeInfo        No instantiation for #62. Probably branch label not up to date in orLeft 
11650      WARN  main            d.u.i.k.p.NodeInfo        No instantiation for #63. Probably branch label not up to date in orLeft 
11650      WARN  main            d.u.i.k.p.NodeInfo        No instantiation for #63. Probably branch label not up to date in orLeft 
11650      WARN  main            d.u.i.k.p.NodeInfo        No instantiation for #60. Probably branch label not up to date in orLeft 
11650      WARN  main            d.u.i.k.p.NodeInfo        No instantiation for #60. Probably branch label not up to date in orLeft 
11650      WARN  main            d.u.i.k.p.NodeInfo        No instantiation for #60. Probably branch label not up to date in orLeft 
11650      WARN  main            d.u.i.k.p.NodeInfo        No instantiation for #60. Probably branch label not up to date in orLeft 
11650      WARN  main            d.u.i.k.p.NodeInfo        No instantiation for #61. Probably branch label not up to date in orLeft 
11650      WARN  main            d.u.i.k.p.NodeInfo        No instantiation for #61. Probably branch label not up to date in orLeft 
11650      WARN  main            d.u.i.k.p.NodeInfo        No instantiation for #62. Probably branch label not up to date in orLeft 
11650      WARN  main            d.u.i.k.p.NodeInfo        No instantiation for #62. Probably branch label not up to date in orLeft 
11650      WARN  main            d.u.i.k.p.NodeInfo        No instantiation for #63. Probably branch label not up to date in orLeft 
11651      WARN  main            d.u.i.k.p.NodeInfo        No instantiation for #63. Probably branch label not up to date in orLeft 
11651      WARN  main            d.u.i.k.p.NodeInfo        No instantiation for #60. Probably branch label not up to date in orLeft 
11651      WARN  main            d.u.i.k.p.NodeInfo        No instantiation for #60. Probably branch label not up to date in orLeft 
11651      WARN  main            d.u.i.k.p.NodeInfo        No instantiation for #60. Probably branch label not up to date in orLeft 
11651      WARN  main            d.u.i.k.p.NodeInfo        No instantiation for #60. Probably branch label not up to date in orLeft 
11651      WARN  main            d.u.i.k.p.NodeInfo        No instantiation for #61. Probably branch label not up to date in orLeft 
11651      WARN  main            d.u.i.k.p.NodeInfo        No instantiation for #61. Probably branch label not up to date in orLeft 
11651      WARN  main            d.u.i.k.p.NodeInfo        No instantiation for #62. Probably branch label not up to date in orLeft 
11651      WARN  main            d.u.i.k.p.NodeInfo        No instantiation for #62. Probably branch label not up to date in orLeft 
11651      WARN  main            d.u.i.k.p.NodeInfo        No instantiation for #63. Probably branch label not up to date in orLeft 
11651      WARN  main            d.u.i.k.p.NodeInfo        No instantiation for #63. Probably branch label not up to date in orLeft 
11687      WARN  main            d.u.i.k.p.NodeInfo        No instantiation for #60. Probably branch label not up to date in orLeft 
11688      WARN  main            d.u.i.k.p.NodeInfo        No instantiation for #60. Probably branch label not up to date in orLeft 
11688      WARN  main            d.u.i.k.p.NodeInfo        No instantiation for #60. Probably branch label not up to date in orLeft 
11688      WARN  main            d.u.i.k.p.NodeInfo        No instantiation for #60. Probably branch label not up to date in orLeft 
11688      WARN  main            d.u.i.k.p.NodeInfo        No instantiation for #61. Probably branch label not up to date in orLeft 
11688      WARN  main            d.u.i.k.p.NodeInfo        No instantiation for #61. Probably branch label not up to date in orLeft 
11688      WARN  main            d.u.i.k.p.NodeInfo        No instantiation for #62. Probably branch label not up to date in orLeft 
11688      WARN  main            d.u.i.k.p.NodeInfo        No instantiation for #62. Probably branch label not up to date in orLeft 
11688      WARN  main            d.u.i.k.p.NodeInfo        No instantiation for #63. Probably branch label not up to date in orLeft 
11688      WARN  main            d.u.i.k.p.NodeInfo        No instantiation for #63. Probably branch label not up to date in orLeft 
11688      WARN  main            d.u.i.k.p.NodeInfo        No instantiation for #60. Probably branch label not up to date in orLeft 
11688      WARN  main            d.u.i.k.p.NodeInfo        No instantiation for #60. Probably branch label not up to date in orLeft 
11688      WARN  main            d.u.i.k.p.NodeInfo        No instantiation for #60. Probably branch label not up to date in orLeft 
11688      WARN  main            d.u.i.k.p.NodeInfo        No instantiation for #60. Probably branch label not up to date in orLeft 
11688      WARN  main            d.u.i.k.p.NodeInfo        No instantiation for #61. Probably branch label not up to date in orLeft 
11688      WARN  main            d.u.i.k.p.NodeInfo        No instantiation for #61. Probably branch label not up to date in orLeft 
11688      WARN  main            d.u.i.k.p.NodeInfo        No instantiation for #62. Probably branch label not up to date in orLeft 
11688      WARN  main            d.u.i.k.p.NodeInfo        No instantiation for #62. Probably branch label not up to date in orLeft 
11688      WARN  main            d.u.i.k.p.NodeInfo        No instantiation for #63. Probably branch label not up to date in orLeft 
11688      WARN  main            d.u.i.k.p.NodeInfo        No instantiation for #63. Probably branch label not up to date in orLeft 
11694      WARN  main            d.u.i.k.p.NodeInfo        No instantiation for #60. Probably branch label not up to date in orLeft 
11694      WARN  main            d.u.i.k.p.NodeInfo        No instantiation for #60. Probably branch label not up to date in orLeft 
11694      WARN  main            d.u.i.k.p.NodeInfo        No instantiation for #60. Probably branch label not up to date in orLeft 
11694      WARN  main            d.u.i.k.p.NodeInfo        No instantiation for #60. Probably branch label not up to date in orLeft 
11694      WARN  main            d.u.i.k.p.NodeInfo        No instantiation for #61. Probably branch label not up to date in orLeft 
11694      WARN  main            d.u.i.k.p.NodeInfo        No instantiation for #61. Probably branch label not up to date in orLeft 
11694      WARN  main            d.u.i.k.p.NodeInfo        No instantiation for #62. Probably branch label not up to date in orLeft 
11694      WARN  main            d.u.i.k.p.NodeInfo        No instantiation for #62. Probably branch label not up to date in orLeft 
11694      WARN  main            d.u.i.k.p.NodeInfo        No instantiation for #63. Probably branch label not up to date in orLeft 
11694      WARN  main            d.u.i.k.p.NodeInfo        No instantiation for #63. Probably branch label not up to date in orLeft 
11695      WARN  main            d.u.i.k.p.NodeInfo        No instantiation for #60. Probably branch label not up to date in orLeft 
11695      WARN  main            d.u.i.k.p.NodeInfo        No instantiation for #60. Probably branch label not up to date in orLeft 
11695      WARN  main            d.u.i.k.p.NodeInfo        No instantiation for #60. Probably branch label not up to date in orLeft 
11695      WARN  main            d.u.i.k.p.NodeInfo        No instantiation for #60. Probably branch label not up to date in orLeft 
11695      WARN  main            d.u.i.k.p.NodeInfo        No instantiation for #61. Probably branch label not up to date in orLeft 
11695      WARN  main            d.u.i.k.p.NodeInfo        No instantiation for #61. Probably branch label not up to date in orLeft 
11695      WARN  main            d.u.i.k.p.NodeInfo        No instantiation for #62. Probably branch label not up to date in orLeft 
11695      WARN  main            d.u.i.k.p.NodeInfo        No instantiation for #62. Probably branch label not up to date in orLeft 
11695      WARN  main            d.u.i.k.p.NodeInfo        No instantiation for #63. Probably branch label not up to date in orLeft 
11695      WARN  main            d.u.i.k.p.NodeInfo        No instantiation for #63. Probably branch label not up to date in orLeft 
11695      WARN  main            d.u.i.k.p.NodeInfo        No instantiation for #60. Probably branch label not up to date in orLeft 
11695      WARN  main            d.u.i.k.p.NodeInfo        No instantiation for #60. Probably branch label not up to date in orLeft 
11695      WARN  main            d.u.i.k.p.NodeInfo        No instantiation for #60. Probably branch label not up to date in orLeft 
11695      WARN  main            d.u.i.k.p.NodeInfo        No instantiation for #60. Probably branch label not up to date in orLeft 
11695      WARN  main            d.u.i.k.p.NodeInfo        No instantiation for #61. Probably branch label not up to date in orLeft 
11695      WARN  main            d.u.i.k.p.NodeInfo        No instantiation for #61. Probably branch label not up to date in orLeft 
11695      WARN  main            d.u.i.k.p.NodeInfo        No instantiation for #62. Probably branch label not up to date in orLeft 
11695      WARN  main            d.u.i.k.p.NodeInfo        No instantiation for #62. Probably branch label not up to date in orLeft 
11695      WARN  main            d.u.i.k.p.NodeInfo        No instantiation for #63. Probably branch label not up to date in orLeft 
11695      WARN  main            d.u.i.k.p.NodeInfo        No instantiation for #63. Probably branch label not up to date in orLeft 
11695      WARN  main            d.u.i.k.p.NodeInfo        No instantiation for #60. Probably branch label not up to date in orLeft 
11695      WARN  main            d.u.i.k.p.NodeInfo        No instantiation for #60. Probably branch label not up to date in orLeft 
11695      WARN  main            d.u.i.k.p.NodeInfo        No instantiation for #60. Probably branch label not up to date in orLeft 
11695      WARN  main            d.u.i.k.p.NodeInfo        No instantiation for #60. Probably branch label not up to date in orLeft 
11695      WARN  main            d.u.i.k.p.NodeInfo        No instantiation for #61. Probably branch label not up to date in orLeft 
11695      WARN  main            d.u.i.k.p.NodeInfo        No instantiation for #61. Probably branch label not up to date in orLeft 
11695      WARN  main            d.u.i.k.p.NodeInfo        No instantiation for #62. Probably branch label not up to date in orLeft 
11695      WARN  main            d.u.i.k.p.NodeInfo        No instantiation for #62. Probably branch label not up to date in orLeft 
11695      WARN  main            d.u.i.k.p.NodeInfo        No instantiation for #63. Probably branch label not up to date in orLeft 
11695      WARN  main            d.u.i.k.p.NodeInfo        No instantiation for #63. Probably branch label not up to date in orLeft 
11714      WARN  main            d.u.i.k.p.NodeInfo        No instantiation for #60. Probably branch label not up to date in orLeft 
11714      WARN  main            d.u.i.k.p.NodeInfo        No instantiation for #60. Probably branch label not up to date in orLeft 
11714      WARN  main            d.u.i.k.p.NodeInfo        No instantiation for #60. Probably branch label not up to date in orLeft 
11714      WARN  main            d.u.i.k.p.NodeInfo        No instantiation for #60. Probably branch label not up to date in orLeft 
11714      WARN  main            d.u.i.k.p.NodeInfo        No instantiation for #61. Probably branch label not up to date in orLeft 
11715      WARN  main            d.u.i.k.p.NodeInfo        No instantiation for #61. Probably branch label not up to date in orLeft 
11715      WARN  main            d.u.i.k.p.NodeInfo        No instantiation for #62. Probably branch label not up to date in orLeft 
11715      WARN  main            d.u.i.k.p.NodeInfo        No instantiation for #62. Probably branch label not up to date in orLeft 
11715      WARN  main            d.u.i.k.p.NodeInfo        No instantiation for #63. Probably branch label not up to date in orLeft 
11715      WARN  main            d.u.i.k.p.NodeInfo        No instantiation for #63. Probably branch label not up to date in orLeft 
11715      WARN  main            d.u.i.k.p.NodeInfo        No instantiation for #60. Probably branch label not up to date in orLeft 
11715      WARN  main            d.u.i.k.p.NodeInfo        No instantiation for #60. Probably branch label not up to date in orLeft 
11715      WARN  main            d.u.i.k.p.NodeInfo        No instantiation for #60. Probably branch label not up to date in orLeft 
11715      WARN  main            d.u.i.k.p.NodeInfo        No instantiation for #60. Probably branch label not up to date in orLeft 
11715      WARN  main            d.u.i.k.p.NodeInfo        No instantiation for #61. Probably branch label not up to date in orLeft 
11715      WARN  main            d.u.i.k.p.NodeInfo        No instantiation for #61. Probably branch label not up to date in orLeft 
11715      WARN  main            d.u.i.k.p.NodeInfo        No instantiation for #62. Probably branch label not up to date in orLeft 
11715      WARN  main            d.u.i.k.p.NodeInfo        No instantiation for #62. Probably branch label not up to date in orLeft 
11715      WARN  main            d.u.i.k.p.NodeInfo        No instantiation for #63. Probably branch label not up to date in orLeft 
11715      WARN  main            d.u.i.k.p.NodeInfo        No instantiation for #63. Probably branch label not up to date in orLeft 
11719      WARN  main            d.u.i.k.p.NodeInfo        No instantiation for #60. Probably branch label not up to date in orLeft 
11719      WARN  main            d.u.i.k.p.NodeInfo        No instantiation for #60. Probably branch label not up to date in orLeft 
11719      WARN  main            d.u.i.k.p.NodeInfo        No instantiation for #60. Probably branch label not up to date in orLeft 
11719      WARN  main            d.u.i.k.p.NodeInfo        No instantiation for #60. Probably branch label not up to date in orLeft 
11719      WARN  main            d.u.i.k.p.NodeInfo        No instantiation for #61. Probably branch label not up to date in orLeft 
11719      WARN  main            d.u.i.k.p.NodeInfo        No instantiation for #61. Probably branch label not up to date in orLeft 
11719      WARN  main            d.u.i.k.p.NodeInfo        No instantiation for #62. Probably branch label not up to date in orLeft 
11719      WARN  main            d.u.i.k.p.NodeInfo        No instantiation for #62. Probably branch label not up to date in orLeft 
11719      WARN  main            d.u.i.k.p.NodeInfo        No instantiation for #63. Probably branch label not up to date in orLeft 
11719      WARN  main            d.u.i.k.p.NodeInfo        No instantiation for #63. Probably branch label not up to date in orLeft 
11720      WARN  main            d.u.i.k.p.NodeInfo        No instantiation for #60. Probably branch label not up to date in orLeft 
11720      WARN  main            d.u.i.k.p.NodeInfo        No instantiation for #60. Probably branch label not up to date in orLeft 
11720      WARN  main            d.u.i.k.p.NodeInfo        No instantiation for #60. Probably branch label not up to date in orLeft 
11720      WARN  main            d.u.i.k.p.NodeInfo        No instantiation for #60. Probably branch label not up to date in orLeft 
11720      WARN  main            d.u.i.k.p.NodeInfo        No instantiation for #61. Probably branch label not up to date in orLeft 
11720      WARN  main            d.u.i.k.p.NodeInfo        No instantiation for #61. Probably branch label not up to date in orLeft 
11720      WARN  main            d.u.i.k.p.NodeInfo        No instantiation for #62. Probably branch label not up to date in orLeft 
11720      WARN  main            d.u.i.k.p.NodeInfo        No instantiation for #62. Probably branch label not up to date in orLeft 
11720      WARN  main            d.u.i.k.p.NodeInfo        No instantiation for #63. Probably branch label not up to date in orLeft 
11720      WARN  main            d.u.i.k.p.NodeInfo        No instantiation for #63. Probably branch label not up to date in orLeft 
11741      WARN  main            d.u.i.k.p.NodeInfo        No instantiation for #60. Probably branch label not up to date in orLeft 
11741      WARN  main            d.u.i.k.p.NodeInfo        No instantiation for #60. Probably branch label not up to date in orLeft 
11741      WARN  main            d.u.i.k.p.NodeInfo        No instantiation for #60. Probably branch label not up to date in orLeft 
11741      WARN  main            d.u.i.k.p.NodeInfo        No instantiation for #60. Probably branch label not up to date in orLeft 
11741      WARN  main            d.u.i.k.p.NodeInfo        No instantiation for #61. Probably branch label not up to date in orLeft 
11741      WARN  main            d.u.i.k.p.NodeInfo        No instantiation for #61. Probably branch label not up to date in orLeft 
11742      WARN  main            d.u.i.k.p.NodeInfo        No instantiation for #62. Probably branch label not up to date in orLeft 
11742      WARN  main            d.u.i.k.p.NodeInfo        No instantiation for #62. Probably branch label not up to date in orLeft 
11742      WARN  main            d.u.i.k.p.NodeInfo        No instantiation for #63. Probably branch label not up to date in orLeft 
11743      WARN  main            d.u.i.k.p.NodeInfo        No instantiation for #63. Probably branch label not up to date in orLeft 
11743      WARN  main            d.u.i.k.p.NodeInfo        No instantiation for #60. Probably branch label not up to date in orLeft 
11744      WARN  main            d.u.i.k.p.NodeInfo        No instantiation for #60. Probably branch label not up to date in orLeft 
11744      WARN  main            d.u.i.k.p.NodeInfo        No instantiation for #60. Probably branch label not up to date in orLeft 
11744      WARN  main            d.u.i.k.p.NodeInfo        No instantiation for #60. Probably branch label not up to date in orLeft 
11744      WARN  main            d.u.i.k.p.NodeInfo        No instantiation for #61. Probably branch label not up to date in orLeft 
11744      WARN  main            d.u.i.k.p.NodeInfo        No instantiation for #61. Probably branch label not up to date in orLeft 
11744      WARN  main            d.u.i.k.p.NodeInfo        No instantiation for #62. Probably branch label not up to date in orLeft 
11744      WARN  main            d.u.i.k.p.NodeInfo        No instantiation for #62. Probably branch label not up to date in orLeft 
11745      WARN  main            d.u.i.k.p.NodeInfo        No instantiation for #63. Probably branch label not up to date in orLeft 
11745      WARN  main            d.u.i.k.p.NodeInfo        No instantiation for #63. Probably branch label not up to date in orLeft 
11755      WARN  main            d.u.i.k.p.NodeInfo        No instantiation for #60. Probably branch label not up to date in orLeft 
11755      WARN  main            d.u.i.k.p.NodeInfo        No instantiation for #60. Probably branch label not up to date in orLeft 
11755      WARN  main            d.u.i.k.p.NodeInfo        No instantiation for #60. Probably branch label not up to date in orLeft 
11755      WARN  main            d.u.i.k.p.NodeInfo        No instantiation for #60. Probably branch label not up to date in orLeft 
11755      WARN  main            d.u.i.k.p.NodeInfo        No instantiation for #61. Probably branch label not up to date in orLeft 
11755      WARN  main            d.u.i.k.p.NodeInfo        No instantiation for #61. Probably branch label not up to date in orLeft 
11755      WARN  main            d.u.i.k.p.NodeInfo        No instantiation for #62. Probably branch label not up to date in orLeft 
11756      WARN  main            d.u.i.k.p.NodeInfo        No instantiation for #62. Probably branch label not up to date in orLeft 
11756      WARN  main            d.u.i.k.p.NodeInfo        No instantiation for #63. Probably branch label not up to date in orLeft 
11756      WARN  main            d.u.i.k.p.NodeInfo        No instantiation for #63. Probably branch label not up to date in orLeft 
11756      WARN  main            d.u.i.k.p.NodeInfo        No instantiation for #60. Probably branch label not up to date in orLeft 
11756      WARN  main            d.u.i.k.p.NodeInfo        No instantiation for #60. Probably branch label not up to date in orLeft 
11756      WARN  main            d.u.i.k.p.NodeInfo        No instantiation for #60. Probably branch label not up to date in orLeft 
11756      WARN  main            d.u.i.k.p.NodeInfo        No instantiation for #60. Probably branch label not up to date in orLeft 
11756      WARN  main            d.u.i.k.p.NodeInfo        No instantiation for #61. Probably branch label not up to date in orLeft 
11756      WARN  main            d.u.i.k.p.NodeInfo        No instantiation for #61. Probably branch label not up to date in orLeft 
11756      WARN  main            d.u.i.k.p.NodeInfo        No instantiation for #62. Probably branch label not up to date in orLeft 
11757      WARN  main            d.u.i.k.p.NodeInfo        No instantiation for #62. Probably branch label not up to date in orLeft 
11757      WARN  main            d.u.i.k.p.NodeInfo        No instantiation for #63. Probably branch label not up to date in orLeft 
11757      WARN  main            d.u.i.k.p.NodeInfo        No instantiation for #63. Probably branch label not up to date in orLeft 
11757      WARN  main            d.u.i.k.p.NodeInfo        No instantiation for #60. Probably branch label not up to date in orLeft 
11757      WARN  main            d.u.i.k.p.NodeInfo        No instantiation for #60. Probably branch label not up to date in orLeft 
11757      WARN  main            d.u.i.k.p.NodeInfo        No instantiation for #60. Probably branch label not up to date in orLeft 
11757      WARN  main            d.u.i.k.p.NodeInfo        No instantiation for #60. Probably branch label not up to date in orLeft 
11757      WARN  main            d.u.i.k.p.NodeInfo        No instantiation for #61. Probably branch label not up to date in orLeft 
11757      WARN  main            d.u.i.k.p.NodeInfo        No instantiation for #61. Probably branch label not up to date in orLeft 
11757      WARN  main            d.u.i.k.p.NodeInfo        No instantiation for #62. Probably branch label not up to date in orLeft 
11757      WARN  main            d.u.i.k.p.NodeInfo        No instantiation for #62. Probably branch label not up to date in orLeft 
11757      WARN  main            d.u.i.k.p.NodeInfo        No instantiation for #63. Probably branch label not up to date in orLeft 
11757      WARN  main            d.u.i.k.p.NodeInfo        No instantiation for #63. Probably branch label not up to date in orLeft 
11757      WARN  main            d.u.i.k.p.NodeInfo        No instantiation for #60. Probably branch label not up to date in orLeft 
11757      WARN  main            d.u.i.k.p.NodeInfo        No instantiation for #60. Probably branch label not up to date in orLeft 
11757      WARN  main            d.u.i.k.p.NodeInfo        No instantiation for #60. Probably branch label not up to date in orLeft 
11757      WARN  main            d.u.i.k.p.NodeInfo        No instantiation for #60. Probably branch label not up to date in orLeft 
11757      WARN  main            d.u.i.k.p.NodeInfo        No instantiation for #61. Probably branch label not up to date in orLeft 
11757      WARN  main            d.u.i.k.p.NodeInfo        No instantiation for #61. Probably branch label not up to date in orLeft 
11757      WARN  main            d.u.i.k.p.NodeInfo        No instantiation for #62. Probably branch label not up to date in orLeft 
11757      WARN  main            d.u.i.k.p.NodeInfo        No instantiation for #62. Probably branch label not up to date in orLeft 
11757      WARN  main            d.u.i.k.p.NodeInfo        No instantiation for #63. Probably branch label not up to date in orLeft 
11757      WARN  main            d.u.i.k.p.NodeInfo        No instantiation for #63. Probably branch label not up to date in orLeft 
11757      WARN  main            d.u.i.k.p.NodeInfo        No instantiation for #60. Probably branch label not up to date in orLeft 
11757      WARN  main            d.u.i.k.p.NodeInfo        No instantiation for #60. Probably branch label not up to date in orLeft 
11757      WARN  main            d.u.i.k.p.NodeInfo        No instantiation for #60. Probably branch label not up to date in orLeft 
11757      WARN  main            d.u.i.k.p.NodeInfo        No instantiation for #60. Probably branch label not up to date in orLeft 
11757      WARN  main            d.u.i.k.p.NodeInfo        No instantiation for #61. Probably branch label not up to date in orLeft 
11758      WARN  main            d.u.i.k.p.NodeInfo        No instantiation for #61. Probably branch label not up to date in orLeft 
11758      WARN  main            d.u.i.k.p.NodeInfo        No instantiation for #62. Probably branch label not up to date in orLeft 
11758      WARN  main            d.u.i.k.p.NodeInfo        No instantiation for #62. Probably branch label not up to date in orLeft 
11758      WARN  main            d.u.i.k.p.NodeInfo        No instantiation for #63. Probably branch label not up to date in orLeft 
11758      WARN  main            d.u.i.k.p.NodeInfo        No instantiation for #63. Probably branch label not up to date in orLeft 
11758      WARN  main            d.u.i.k.p.NodeInfo        No instantiation for #60. Probably branch label not up to date in orLeft 
11758      WARN  main            d.u.i.k.p.NodeInfo        No instantiation for #60. Probably branch label not up to date in orLeft 
11758      WARN  main            d.u.i.k.p.NodeInfo        No instantiation for #60. Probably branch label not up to date in orLeft 
11758      WARN  main            d.u.i.k.p.NodeInfo        No instantiation for #60. Probably branch label not up to date in orLeft 
11758      WARN  main            d.u.i.k.p.NodeInfo        No instantiation for #61. Probably branch label not up to date in orLeft 
11758      WARN  main            d.u.i.k.p.NodeInfo        No instantiation for #61. Probably branch label not up to date in orLeft 
11758      WARN  main            d.u.i.k.p.NodeInfo        No instantiation for #62. Probably branch label not up to date in orLeft 
11758      WARN  main            d.u.i.k.p.NodeInfo        No instantiation for #62. Probably branch label not up to date in orLeft 
11758      WARN  main            d.u.i.k.p.NodeInfo        No instantiation for #63. Probably branch label not up to date in orLeft 
11758      WARN  main            d.u.i.k.p.NodeInfo        No instantiation for #63. Probably branch label not up to date in orLeft 
11758      WARN  main            d.u.i.k.p.NodeInfo        No instantiation for #60. Probably branch label not up to date in orLeft 
11758      WARN  main            d.u.i.k.p.NodeInfo        No instantiation for #60. Probably branch label not up to date in orLeft 
11758      WARN  main            d.u.i.k.p.NodeInfo        No instantiation for #60. Probably branch label not up to date in orLeft 
11758      WARN  main            d.u.i.k.p.NodeInfo        No instantiation for #60. Probably branch label not up to date in orLeft 
11758      WARN  main            d.u.i.k.p.NodeInfo        No instantiation for #61. Probably branch label not up to date in orLeft 
11758      WARN  main            d.u.i.k.p.NodeInfo        No instantiation for #61. Probably branch label not up to date in orLeft 
11758      WARN  main            d.u.i.k.p.NodeInfo        No instantiation for #62. Probably branch label not up to date in orLeft 
11758      WARN  main            d.u.i.k.p.NodeInfo        No instantiation for #62. Probably branch label not up to date in orLeft 
11758      WARN  main            d.u.i.k.p.NodeInfo        No instantiation for #63. Probably branch label not up to date in orLeft 
11758      WARN  main            d.u.i.k.p.NodeInfo        No instantiation for #63. Probably branch label not up to date in orLeft 
11758      WARN  main            d.u.i.k.p.NodeInfo        No instantiation for #60. Probably branch label not up to date in orLeft 
11758      WARN  main            d.u.i.k.p.NodeInfo        No instantiation for #60. Probably branch label not up to date in orLeft 
11758      WARN  main            d.u.i.k.p.NodeInfo        No instantiation for #60. Probably branch label not up to date in orLeft 
11758      WARN  main            d.u.i.k.p.NodeInfo        No instantiation for #60. Probably branch label not up to date in orLeft 
11758      WARN  main            d.u.i.k.p.NodeInfo        No instantiation for #61. Probably branch label not up to date in orLeft 
11758      WARN  main            d.u.i.k.p.NodeInfo        No instantiation for #61. Probably branch label not up to date in orLeft 
11758      WARN  main            d.u.i.k.p.NodeInfo        No instantiation for #62. Probably branch label not up to date in orLeft 
11758      WARN  main            d.u.i.k.p.NodeInfo        No instantiation for #62. Probably branch label not up to date in orLeft 
11758      WARN  main            d.u.i.k.p.NodeInfo        No instantiation for #63. Probably branch label not up to date in orLeft 
11758      WARN  main            d.u.i.k.p.NodeInfo        No instantiation for #63. Probably branch label not up to date in orLeft 
11758      WARN  main            d.u.i.k.p.NodeInfo        No instantiation for #60. Probably branch label not up to date in orLeft 
11758      WARN  main            d.u.i.k.p.NodeInfo        No instantiation for #60. Probably branch label not up to date in orLeft 
11758      WARN  main            d.u.i.k.p.NodeInfo        No instantiation for #60. Probably branch label not up to date in orLeft 
11758      WARN  main            d.u.i.k.p.NodeInfo        No instantiation for #60. Probably branch label not up to date in orLeft 
11758      WARN  main            d.u.i.k.p.NodeInfo        No instantiation for #61. Probably branch label not up to date in orLeft 
11758      WARN  main            d.u.i.k.p.NodeInfo        No instantiation for #61. Probably branch label not up to date in orLeft 
11759      WARN  main            d.u.i.k.p.NodeInfo        No instantiation for #62. Probably branch label not up to date in orLeft 
11759      WARN  main            d.u.i.k.p.NodeInfo        No instantiation for #62. Probably branch label not up to date in orLeft 
11759      WARN  main            d.u.i.k.p.NodeInfo        No instantiation for #63. Probably branch label not up to date in orLeft 
11759      WARN  main            d.u.i.k.p.NodeInfo        No instantiation for #63. Probably branch label not up to date in orLeft 
11759      WARN  main            d.u.i.k.p.NodeInfo        No instantiation for #60. Probably branch label not up to date in orLeft 
11759      WARN  main            d.u.i.k.p.NodeInfo        No instantiation for #60. Probably branch label not up to date in orLeft 
11759      WARN  main            d.u.i.k.p.NodeInfo        No instantiation for #60. Probably branch label not up to date in orLeft 
11759      WARN  main            d.u.i.k.p.NodeInfo        No instantiation for #60. Probably branch label not up to date in orLeft 
11759      WARN  main            d.u.i.k.p.NodeInfo        No instantiation for #61. Probably branch label not up to date in orLeft 
11759      WARN  main            d.u.i.k.p.NodeInfo        No instantiation for #61. Probably branch label not up to date in orLeft 
11759      WARN  main            d.u.i.k.p.NodeInfo        No instantiation for #62. Probably branch label not up to date in orLeft 
11759      WARN  main            d.u.i.k.p.NodeInfo        No instantiation for #62. Probably branch label not up to date in orLeft 
11759      WARN  main            d.u.i.k.p.NodeInfo        No instantiation for #63. Probably branch label not up to date in orLeft 
11759      WARN  main            d.u.i.k.p.NodeInfo        No instantiation for #63. Probably branch label not up to date in orLeft 
11767      WARN  main            d.u.i.k.p.NodeInfo        No instantiation for #60. Probably branch label not up to date in orLeft 
11767      WARN  main            d.u.i.k.p.NodeInfo        No instantiation for #60. Probably branch label not up to date in orLeft 
11767      WARN  main            d.u.i.k.p.NodeInfo        No instantiation for #60. Probably branch label not up to date in orLeft 
11767      WARN  main            d.u.i.k.p.NodeInfo        No instantiation for #60. Probably branch label not up to date in orLeft 
11768      WARN  main            d.u.i.k.p.NodeInfo        No instantiation for #61. Probably branch label not up to date in orLeft 
11768      WARN  main            d.u.i.k.p.NodeInfo        No instantiation for #61. Probably branch label not up to date in orLeft 
11768      WARN  main            d.u.i.k.p.NodeInfo        No instantiation for #62. Probably branch label not up to date in orLeft 
11768      WARN  main            d.u.i.k.p.NodeInfo        No instantiation for #62. Probably branch label not up to date in orLeft 
11768      WARN  main            d.u.i.k.p.NodeInfo        No instantiation for #63. Probably branch label not up to date in orLeft 
11768      WARN  main            d.u.i.k.p.NodeInfo        No instantiation for #63. Probably branch label not up to date in orLeft 
11768      WARN  main            d.u.i.k.p.NodeInfo        No instantiation for #60. Probably branch label not up to date in orLeft 
11768      WARN  main            d.u.i.k.p.NodeInfo        No instantiation for #60. Probably branch label not up to date in orLeft 
11768      WARN  main            d.u.i.k.p.NodeInfo        No instantiation for #60. Probably branch label not up to date in orLeft 
11768      WARN  main            d.u.i.k.p.NodeInfo        No instantiation for #60. Probably branch label not up to date in orLeft 
11768      WARN  main            d.u.i.k.p.NodeInfo        No instantiation for #61. Probably branch label not up to date in orLeft 
11768      WARN  main            d.u.i.k.p.NodeInfo        No instantiation for #61. Probably branch label not up to date in orLeft 
11768      WARN  main            d.u.i.k.p.NodeInfo        No instantiation for #62. Probably branch label not up to date in orLeft 
11768      WARN  main            d.u.i.k.p.NodeInfo        No instantiation for #62. Probably branch label not up to date in orLeft 
11768      WARN  main            d.u.i.k.p.NodeInfo        No instantiation for #63. Probably branch label not up to date in orLeft 
11768      WARN  main            d.u.i.k.p.NodeInfo        No instantiation for #63. Probably branch label not up to date in orLeft 
11776      WARN  main            d.u.i.k.p.NodeInfo        No instantiation for #60. Probably branch label not up to date in orLeft 
11776      WARN  main            d.u.i.k.p.NodeInfo        No instantiation for #60. Probably branch label not up to date in orLeft 
11776      WARN  main            d.u.i.k.p.NodeInfo        No instantiation for #60. Probably branch label not up to date in orLeft 
11776      WARN  main            d.u.i.k.p.NodeInfo        No instantiation for #60. Probably branch label not up to date in orLeft 
11776      WARN  main            d.u.i.k.p.NodeInfo        No instantiation for #61. Probably branch label not up to date in orLeft 
11776      WARN  main            d.u.i.k.p.NodeInfo        No instantiation for #61. Probably branch label not up to date in orLeft 
11776      WARN  main            d.u.i.k.p.NodeInfo        No instantiation for #62. Probably branch label not up to date in orLeft 
11776      WARN  main            d.u.i.k.p.NodeInfo        No instantiation for #62. Probably branch label not up to date in orLeft 
11776      WARN  main            d.u.i.k.p.NodeInfo        No instantiation for #63. Probably branch label not up to date in orLeft 
11776      WARN  main            d.u.i.k.p.NodeInfo        No instantiation for #63. Probably branch label not up to date in orLeft 
11776      WARN  main            d.u.i.k.p.NodeInfo        No instantiation for #60. Probably branch label not up to date in orLeft 
11776      WARN  main            d.u.i.k.p.NodeInfo        No instantiation for #60. Probably branch label not up to date in orLeft 
11776      WARN  main            d.u.i.k.p.NodeInfo        No instantiation for #60. Probably branch label not up to date in orLeft 
11776      WARN  main            d.u.i.k.p.NodeInfo        No instantiation for #60. Probably branch label not up to date in orLeft 
11776      WARN  main            d.u.i.k.p.NodeInfo        No instantiation for #61. Probably branch label not up to date in orLeft 
11776      WARN  main            d.u.i.k.p.NodeInfo        No instantiation for #61. Probably branch label not up to date in orLeft 
11777      WARN  main            d.u.i.k.p.NodeInfo        No instantiation for #62. Probably branch label not up to date in orLeft 
11777      WARN  main            d.u.i.k.p.NodeInfo        No instantiation for #62. Probably branch label not up to date in orLeft 
11777      WARN  main            d.u.i.k.p.NodeInfo        No instantiation for #63. Probably branch label not up to date in orLeft 
11777      WARN  main            d.u.i.k.p.NodeInfo        No instantiation for #63. Probably branch label not up to date in orLeft 
11777      WARN  main            d.u.i.k.p.NodeInfo        No instantiation for #60. Probably branch label not up to date in orLeft 
11777      WARN  main            d.u.i.k.p.NodeInfo        No instantiation for #60. Probably branch label not up to date in orLeft 
11777      WARN  main            d.u.i.k.p.NodeInfo        No instantiation for #60. Probably branch label not up to date in orLeft 
11777      WARN  main            d.u.i.k.p.NodeInfo        No instantiation for #60. Probably branch label not up to date in orLeft 
11777      WARN  main            d.u.i.k.p.NodeInfo        No instantiation for #61. Probably branch label not up to date in orLeft 
11777      WARN  main            d.u.i.k.p.NodeInfo        No instantiation for #61. Probably branch label not up to date in orLeft 
11777      WARN  main            d.u.i.k.p.NodeInfo        No instantiation for #62. Probably branch label not up to date in orLeft 
11777      WARN  main            d.u.i.k.p.NodeInfo        No instantiation for #62. Probably branch label not up to date in orLeft 
11777      WARN  main            d.u.i.k.p.NodeInfo        No instantiation for #63. Probably branch label not up to date in orLeft 
11777      WARN  main            d.u.i.k.p.NodeInfo        No instantiation for #63. Probably branch label not up to date in orLeft 
11777      WARN  main            d.u.i.k.p.NodeInfo        No instantiation for #60. Probably branch label not up to date in orLeft 
11777      WARN  main            d.u.i.k.p.NodeInfo        No instantiation for #60. Probably branch label not up to date in orLeft 
11777      WARN  main            d.u.i.k.p.NodeInfo        No instantiation for #60. Probably branch label not up to date in orLeft 
11777      WARN  main            d.u.i.k.p.NodeInfo        No instantiation for #60. Probably branch label not up to date in orLeft 
11777      WARN  main            d.u.i.k.p.NodeInfo        No instantiation for #61. Probably branch label not up to date in orLeft 
11777      WARN  main            d.u.i.k.p.NodeInfo        No instantiation for #61. Probably branch label not up to date in orLeft 
11777      WARN  main            d.u.i.k.p.NodeInfo        No instantiation for #62. Probably branch label not up to date in orLeft 
11777      WARN  main            d.u.i.k.p.NodeInfo        No instantiation for #62. Probably branch label not up to date in orLeft 
11777      WARN  main            d.u.i.k.p.NodeInfo        No instantiation for #63. Probably branch label not up to date in orLeft 
11777      WARN  main            d.u.i.k.p.NodeInfo        No instantiation for #63. Probably branch label not up to date in orLeft 
11777      WARN  main            d.u.i.k.p.NodeInfo        No instantiation for #60. Probably branch label not up to date in orLeft 
11777      WARN  main            d.u.i.k.p.NodeInfo        No instantiation for #60. Probably branch label not up to date in orLeft 
11777      WARN  main            d.u.i.k.p.NodeInfo        No instantiation for #60. Probably branch label not up to date in orLeft 
11777      WARN  main            d.u.i.k.p.NodeInfo        No instantiation for #60. Probably branch label not up to date in orLeft 
11777      WARN  main            d.u.i.k.p.NodeInfo        No instantiation for #61. Probably branch label not up to date in orLeft 
11778      WARN  main            d.u.i.k.p.NodeInfo        No instantiation for #61. Probably branch label not up to date in orLeft 
11778      WARN  main            d.u.i.k.p.NodeInfo        No instantiation for #62. Probably branch label not up to date in orLeft 
11778      WARN  main            d.u.i.k.p.NodeInfo        No instantiation for #62. Probably branch label not up to date in orLeft 
11778      WARN  main            d.u.i.k.p.NodeInfo        No instantiation for #63. Probably branch label not up to date in orLeft 
11778      WARN  main            d.u.i.k.p.NodeInfo        No instantiation for #63. Probably branch label not up to date in orLeft 
11778      WARN  main            d.u.i.k.p.NodeInfo        No instantiation for #60. Probably branch label not up to date in orLeft 
11778      WARN  main            d.u.i.k.p.NodeInfo        No instantiation for #60. Probably branch label not up to date in orLeft 
11778      WARN  main            d.u.i.k.p.NodeInfo        No instantiation for #60. Probably branch label not up to date in orLeft 
11778      WARN  main            d.u.i.k.p.NodeInfo        No instantiation for #60. Probably branch label not up to date in orLeft 
11778      WARN  main            d.u.i.k.p.NodeInfo        No instantiation for #61. Probably branch label not up to date in orLeft 
11778      WARN  main            d.u.i.k.p.NodeInfo        No instantiation for #61. Probably branch label not up to date in orLeft 
11778      WARN  main            d.u.i.k.p.NodeInfo        No instantiation for #62. Probably branch label not up to date in orLeft 
11778      WARN  main            d.u.i.k.p.NodeInfo        No instantiation for #62. Probably branch label not up to date in orLeft 
11778      WARN  main            d.u.i.k.p.NodeInfo        No instantiation for #63. Probably branch label not up to date in orLeft 
11778      WARN  main            d.u.i.k.p.NodeInfo        No instantiation for #63. Probably branch label not up to date in orLeft 
11778      WARN  main            d.u.i.k.p.NodeInfo        No instantiation for #60. Probably branch label not up to date in orLeft 
11778      WARN  main            d.u.i.k.p.NodeInfo        No instantiation for #60. Probably branch label not up to date in orLeft 
11778      WARN  main            d.u.i.k.p.NodeInfo        No instantiation for #60. Probably branch label not up to date in orLeft 
11778      WARN  main            d.u.i.k.p.NodeInfo        No instantiation for #60. Probably branch label not up to date in orLeft 
11778      WARN  main            d.u.i.k.p.NodeInfo        No instantiation for #61. Probably branch label not up to date in orLeft 
11778      WARN  main            d.u.i.k.p.NodeInfo        No instantiation for #61. Probably branch label not up to date in orLeft 
11778      WARN  main            d.u.i.k.p.NodeInfo        No instantiation for #62. Probably branch label not up to date in orLeft 
11778      WARN  main            d.u.i.k.p.NodeInfo        No instantiation for #62. Probably branch label not up to date in orLeft 
11779      WARN  main            d.u.i.k.p.NodeInfo        No instantiation for #63. Probably branch label not up to date in orLeft 
11779      WARN  main            d.u.i.k.p.NodeInfo        No instantiation for #63. Probably branch label not up to date in orLeft 
11779      WARN  main            d.u.i.k.p.NodeInfo        No instantiation for #60. Probably branch label not up to date in orLeft 
11779      WARN  main            d.u.i.k.p.NodeInfo        No instantiation for #60. Probably branch label not up to date in orLeft 
11779      WARN  main            d.u.i.k.p.NodeInfo        No instantiation for #60. Probably branch label not up to date in orLeft 
11779      WARN  main            d.u.i.k.p.NodeInfo        No instantiation for #60. Probably branch label not up to date in orLeft 
11779      WARN  main            d.u.i.k.p.NodeInfo        No instantiation for #61. Probably branch label not up to date in orLeft 
11779      WARN  main            d.u.i.k.p.NodeInfo        No instantiation for #61. Probably branch label not up to date in orLeft 
11779      WARN  main            d.u.i.k.p.NodeInfo        No instantiation for #62. Probably branch label not up to date in orLeft 
11779      WARN  main            d.u.i.k.p.NodeInfo        No instantiation for #62. Probably branch label not up to date in orLeft 
11779      WARN  main            d.u.i.k.p.NodeInfo        No instantiation for #63. Probably branch label not up to date in orLeft 
11779      WARN  main            d.u.i.k.p.NodeInfo        No instantiation for #63. Probably branch label not up to date in orLeft 
11786      WARN  main            d.u.i.k.p.NodeInfo        No instantiation for #60. Probably branch label not up to date in orLeft 
11786      WARN  main            d.u.i.k.p.NodeInfo        No instantiation for #60. Probably branch label not up to date in orLeft 
11786      WARN  main            d.u.i.k.p.NodeInfo        No instantiation for #60. Probably branch label not up to date in orLeft 
11786      WARN  main            d.u.i.k.p.NodeInfo        No instantiation for #60. Probably branch label not up to date in orLeft 
11786      WARN  main            d.u.i.k.p.NodeInfo        No instantiation for #61. Probably branch label not up to date in orLeft 
11786      WARN  main            d.u.i.k.p.NodeInfo        No instantiation for #61. Probably branch label not up to date in orLeft 
11786      WARN  main            d.u.i.k.p.NodeInfo        No instantiation for #62. Probably branch label not up to date in orLeft 
11786      WARN  main            d.u.i.k.p.NodeInfo        No instantiation for #62. Probably branch label not up to date in orLeft 
11786      WARN  main            d.u.i.k.p.NodeInfo        No instantiation for #63. Probably branch label not up to date in orLeft 
11786      WARN  main            d.u.i.k.p.NodeInfo        No instantiation for #63. Probably branch label not up to date in orLeft 
11786      WARN  main            d.u.i.k.p.NodeInfo        No instantiation for #60. Probably branch label not up to date in orLeft 
11786      WARN  main            d.u.i.k.p.NodeInfo        No instantiation for #60. Probably branch label not up to date in orLeft 
11786      WARN  main            d.u.i.k.p.NodeInfo        No instantiation for #60. Probably branch label not up to date in orLeft 
11786      WARN  main            d.u.i.k.p.NodeInfo        No instantiation for #60. Probably branch label not up to date in orLeft 
11787      WARN  main            d.u.i.k.p.NodeInfo        No instantiation for #61. Probably branch label not up to date in orLeft 
11787      WARN  main            d.u.i.k.p.NodeInfo        No instantiation for #61. Probably branch label not up to date in orLeft 
11787      WARN  main            d.u.i.k.p.NodeInfo        No instantiation for #62. Probably branch label not up to date in orLeft 
11787      WARN  main            d.u.i.k.p.NodeInfo        No instantiation for #62. Probably branch label not up to date in orLeft 
11787      WARN  main            d.u.i.k.p.NodeInfo        No instantiation for #63. Probably branch label not up to date in orLeft 
11787      WARN  main            d.u.i.k.p.NodeInfo        No instantiation for #63. Probably branch label not up to date in orLeft 
11793      WARN  main            d.u.i.k.p.NodeInfo        No instantiation for #60. Probably branch label not up to date in orLeft 
11793      WARN  main            d.u.i.k.p.NodeInfo        No instantiation for #60. Probably branch label not up to date in orLeft 
11793      WARN  main            d.u.i.k.p.NodeInfo        No instantiation for #60. Probably branch label not up to date in orLeft 
11793      WARN  main            d.u.i.k.p.NodeInfo        No instantiation for #60. Probably branch label not up to date in orLeft 
11793      WARN  main            d.u.i.k.p.NodeInfo        No instantiation for #61. Probably branch label not up to date in orLeft 
11793      WARN  main            d.u.i.k.p.NodeInfo        No instantiation for #61. Probably branch label not up to date in orLeft 
11793      WARN  main            d.u.i.k.p.NodeInfo        No instantiation for #62. Probably branch label not up to date in orLeft 
11793      WARN  main            d.u.i.k.p.NodeInfo        No instantiation for #62. Probably branch label not up to date in orLeft 
11793      WARN  main            d.u.i.k.p.NodeInfo        No instantiation for #63. Probably branch label not up to date in orLeft 
11793      WARN  main            d.u.i.k.p.NodeInfo        No instantiation for #63. Probably branch label not up to date in orLeft 
11794      WARN  main            d.u.i.k.p.NodeInfo        No instantiation for #60. Probably branch label not up to date in orLeft 
11794      WARN  main            d.u.i.k.p.NodeInfo        No instantiation for #60. Probably branch label not up to date in orLeft 
11794      WARN  main            d.u.i.k.p.NodeInfo        No instantiation for #60. Probably branch label not up to date in orLeft 
11794      WARN  main            d.u.i.k.p.NodeInfo        No instantiation for #60. Probably branch label not up to date in orLeft 
11794      WARN  main            d.u.i.k.p.NodeInfo        No instantiation for #61. Probably branch label not up to date in orLeft 
11794      WARN  main            d.u.i.k.p.NodeInfo        No instantiation for #61. Probably branch label not up to date in orLeft 
11794      WARN  main            d.u.i.k.p.NodeInfo        No instantiation for #62. Probably branch label not up to date in orLeft 
11794      WARN  main            d.u.i.k.p.NodeInfo        No instantiation for #62. Probably branch label not up to date in orLeft 
11794      WARN  main            d.u.i.k.p.NodeInfo        No instantiation for #63. Probably branch label not up to date in orLeft 
11794      WARN  main            d.u.i.k.p.NodeInfo        No instantiation for #63. Probably branch label not up to date in orLeft 
11794      WARN  main            d.u.i.k.p.NodeInfo        No instantiation for #60. Probably branch label not up to date in orLeft 
11794      WARN  main            d.u.i.k.p.NodeInfo        No instantiation for #60. Probably branch label not up to date in orLeft 
11794      WARN  main            d.u.i.k.p.NodeInfo        No instantiation for #60. Probably branch label not up to date in orLeft 
11794      WARN  main            d.u.i.k.p.NodeInfo        No instantiation for #60. Probably branch label not up to date in orLeft 
11794      WARN  main            d.u.i.k.p.NodeInfo        No instantiation for #61. Probably branch label not up to date in orLeft 
11794      WARN  main            d.u.i.k.p.NodeInfo        No instantiation for #61. Probably branch label not up to date in orLeft 
11794      WARN  main            d.u.i.k.p.NodeInfo        No instantiation for #62. Probably branch label not up to date in orLeft 
11794      WARN  main            d.u.i.k.p.NodeInfo        No instantiation for #62. Probably branch label not up to date in orLeft 
11794      WARN  main            d.u.i.k.p.NodeInfo        No instantiation for #63. Probably branch label not up to date in orLeft 
11794      WARN  main            d.u.i.k.p.NodeInfo        No instantiation for #63. Probably branch label not up to date in orLeft 
11794      WARN  main            d.u.i.k.p.NodeInfo        No instantiation for #60. Probably branch label not up to date in orLeft 
11794      WARN  main            d.u.i.k.p.NodeInfo        No instantiation for #60. Probably branch label not up to date in orLeft 
11794      WARN  main            d.u.i.k.p.NodeInfo        No instantiation for #60. Probably branch label not up to date in orLeft 
11794      WARN  main            d.u.i.k.p.NodeInfo        No instantiation for #60. Probably branch label not up to date in orLeft 
11794      WARN  main            d.u.i.k.p.NodeInfo        No instantiation for #61. Probably branch label not up to date in orLeft 
11794      WARN  main            d.u.i.k.p.NodeInfo        No instantiation for #61. Probably branch label not up to date in orLeft 
11794      WARN  main            d.u.i.k.p.NodeInfo        No instantiation for #62. Probably branch label not up to date in orLeft 
11794      WARN  main            d.u.i.k.p.NodeInfo        No instantiation for #62. Probably branch label not up to date in orLeft 
11794      WARN  main            d.u.i.k.p.NodeInfo        No instantiation for #63. Probably branch label not up to date in orLeft 
11794      WARN  main            d.u.i.k.p.NodeInfo        No instantiation for #63. Probably branch label not up to date in orLeft 
11794      WARN  main            d.u.i.k.p.NodeInfo        No instantiation for #60. Probably branch label not up to date in orLeft 
11794      WARN  main            d.u.i.k.p.NodeInfo        No instantiation for #60. Probably branch label not up to date in orLeft 
11794      WARN  main            d.u.i.k.p.NodeInfo        No instantiation for #60. Probably branch label not up to date in orLeft 
11794      WARN  main            d.u.i.k.p.NodeInfo        No instantiation for #60. Probably branch label not up to date in orLeft 
11794      WARN  main            d.u.i.k.p.NodeInfo        No instantiation for #61. Probably branch label not up to date in orLeft 
11794      WARN  main            d.u.i.k.p.NodeInfo        No instantiation for #61. Probably branch label not up to date in orLeft 
11794      WARN  main            d.u.i.k.p.NodeInfo        No instantiation for #62. Probably branch label not up to date in orLeft 
11794      WARN  main            d.u.i.k.p.NodeInfo        No instantiation for #62. Probably branch label not up to date in orLeft 
11794      WARN  main            d.u.i.k.p.NodeInfo        No instantiation for #63. Probably branch label not up to date in orLeft 
11794      WARN  main            d.u.i.k.p.NodeInfo        No instantiation for #63. Probably branch label not up to date in orLeft 
11794      WARN  main            d.u.i.k.p.NodeInfo        No instantiation for #60. Probably branch label not up to date in orLeft 
11794      WARN  main            d.u.i.k.p.NodeInfo        No instantiation for #60. Probably branch label not up to date in orLeft 
11794      WARN  main            d.u.i.k.p.NodeInfo        No instantiation for #60. Probably branch label not up to date in orLeft 
11794      WARN  main            d.u.i.k.p.NodeInfo        No instantiation for #60. Probably branch label not up to date in orLeft 
11794      WARN  main            d.u.i.k.p.NodeInfo        No instantiation for #61. Probably branch label not up to date in orLeft 
11794      WARN  main            d.u.i.k.p.NodeInfo        No instantiation for #61. Probably branch label not up to date in orLeft 
11794      WARN  main            d.u.i.k.p.NodeInfo        No instantiation for #62. Probably branch label not up to date in orLeft 
11794      WARN  main            d.u.i.k.p.NodeInfo        No instantiation for #62. Probably branch label not up to date in orLeft 
11794      WARN  main            d.u.i.k.p.NodeInfo        No instantiation for #63. Probably branch label not up to date in orLeft 
11794      WARN  main            d.u.i.k.p.NodeInfo        No instantiation for #63. Probably branch label not up to date in orLeft 
11802      WARN  main            d.u.i.k.p.NodeInfo        No instantiation for #60. Probably branch label not up to date in orLeft 
11802      WARN  main            d.u.i.k.p.NodeInfo        No instantiation for #60. Probably branch label not up to date in orLeft 
11802      WARN  main            d.u.i.k.p.NodeInfo        No instantiation for #60. Probably branch label not up to date in orLeft 
11802      WARN  main            d.u.i.k.p.NodeInfo        No instantiation for #60. Probably branch label not up to date in orLeft 
11802      WARN  main            d.u.i.k.p.NodeInfo        No instantiation for #61. Probably branch label not up to date in orLeft 
11802      WARN  main            d.u.i.k.p.NodeInfo        No instantiation for #61. Probably branch label not up to date in orLeft 
11802      WARN  main            d.u.i.k.p.NodeInfo        No instantiation for #62. Probably branch label not up to date in orLeft 
11802      WARN  main            d.u.i.k.p.NodeInfo        No instantiation for #62. Probably branch label not up to date in orLeft 
11802      WARN  main            d.u.i.k.p.NodeInfo        No instantiation for #63. Probably branch label not up to date in orLeft 
11802      WARN  main            d.u.i.k.p.NodeInfo        No instantiation for #63. Probably branch label not up to date in orLeft 
11803      WARN  main            d.u.i.k.p.NodeInfo        No instantiation for #60. Probably branch label not up to date in orLeft 
11803      WARN  main            d.u.i.k.p.NodeInfo        No instantiation for #60. Probably branch label not up to date in orLeft 
11803      WARN  main            d.u.i.k.p.NodeInfo        No instantiation for #60. Probably branch label not up to date in orLeft 
11803      WARN  main            d.u.i.k.p.NodeInfo        No instantiation for #60. Probably branch label not up to date in orLeft 
11803      WARN  main            d.u.i.k.p.NodeInfo        No instantiation for #61. Probably branch label not up to date in orLeft 
11803      WARN  main            d.u.i.k.p.NodeInfo        No instantiation for #61. Probably branch label not up to date in orLeft 
11803      WARN  main            d.u.i.k.p.NodeInfo        No instantiation for #62. Probably branch label not up to date in orLeft 
11803      WARN  main            d.u.i.k.p.NodeInfo        No instantiation for #62. Probably branch label not up to date in orLeft 
11803      WARN  main            d.u.i.k.p.NodeInfo        No instantiation for #63. Probably branch label not up to date in orLeft 
11803      WARN  main            d.u.i.k.p.NodeInfo        No instantiation for #63. Probably branch label not up to date in orLeft 
11808      WARN  main            d.u.i.k.p.NodeInfo        No instantiation for #60. Probably branch label not up to date in orLeft 
11808      WARN  main            d.u.i.k.p.NodeInfo        No instantiation for #60. Probably branch label not up to date in orLeft 
11808      WARN  main            d.u.i.k.p.NodeInfo        No instantiation for #60. Probably branch label not up to date in orLeft 
11808      WARN  main            d.u.i.k.p.NodeInfo        No instantiation for #60. Probably branch label not up to date in orLeft 
11808      WARN  main            d.u.i.k.p.NodeInfo        No instantiation for #61. Probably branch label not up to date in orLeft 
11808      WARN  main            d.u.i.k.p.NodeInfo        No instantiation for #61. Probably branch label not up to date in orLeft 
11808      WARN  main            d.u.i.k.p.NodeInfo        No instantiation for #62. Probably branch label not up to date in orLeft 
11808      WARN  main            d.u.i.k.p.NodeInfo        No instantiation for #62. Probably branch label not up to date in orLeft 
11808      WARN  main            d.u.i.k.p.NodeInfo        No instantiation for #63. Probably branch label not up to date in orLeft 
11808      WARN  main            d.u.i.k.p.NodeInfo        No instantiation for #63. Probably branch label not up to date in orLeft 
11808      WARN  main            d.u.i.k.p.NodeInfo        No instantiation for #60. Probably branch label not up to date in orLeft 
11808      WARN  main            d.u.i.k.p.NodeInfo        No instantiation for #60. Probably branch label not up to date in orLeft 
11808      WARN  main            d.u.i.k.p.NodeInfo        No instantiation for #60. Probably branch label not up to date in orLeft 
11808      WARN  main            d.u.i.k.p.NodeInfo        No instantiation for #60. Probably branch label not up to date in orLeft 
11808      WARN  main            d.u.i.k.p.NodeInfo        No instantiation for #61. Probably branch label not up to date in orLeft 
11808      WARN  main            d.u.i.k.p.NodeInfo        No instantiation for #61. Probably branch label not up to date in orLeft 
11808      WARN  main            d.u.i.k.p.NodeInfo        No instantiation for #62. Probably branch label not up to date in orLeft 
11808      WARN  main            d.u.i.k.p.NodeInfo        No instantiation for #62. Probably branch label not up to date in orLeft 
11808      WARN  main            d.u.i.k.p.NodeInfo        No instantiation for #63. Probably branch label not up to date in orLeft 
11808      WARN  main            d.u.i.k.p.NodeInfo        No instantiation for #63. Probably branch label not up to date in orLeft 
11808      WARN  main            d.u.i.k.p.NodeInfo        No instantiation for #60. Probably branch label not up to date in orLeft 
11809      WARN  main            d.u.i.k.p.NodeInfo        No instantiation for #60. Probably branch label not up to date in orLeft 
11809      WARN  main            d.u.i.k.p.NodeInfo        No instantiation for #60. Probably branch label not up to date in orLeft 
11809      WARN  main            d.u.i.k.p.NodeInfo        No instantiation for #60. Probably branch label not up to date in orLeft 
11809      WARN  main            d.u.i.k.p.NodeInfo        No instantiation for #61. Probably branch label not up to date in orLeft 
11809      WARN  main            d.u.i.k.p.NodeInfo        No instantiation for #61. Probably branch label not up to date in orLeft 
11809      WARN  main            d.u.i.k.p.NodeInfo        No instantiation for #62. Probably branch label not up to date in orLeft 
11809      WARN  main            d.u.i.k.p.NodeInfo        No instantiation for #62. Probably branch label not up to date in orLeft 
11809      WARN  main            d.u.i.k.p.NodeInfo        No instantiation for #63. Probably branch label not up to date in orLeft 
11809      WARN  main            d.u.i.k.p.NodeInfo        No instantiation for #63. Probably branch label not up to date in orLeft 
11809      WARN  main            d.u.i.k.p.NodeInfo        No instantiation for #60. Probably branch label not up to date in orLeft 
11809      WARN  main            d.u.i.k.p.NodeInfo        No instantiation for #60. Probably branch label not up to date in orLeft 
11809      WARN  main            d.u.i.k.p.NodeInfo        No instantiation for #60. Probably branch label not up to date in orLeft 
11809      WARN  main            d.u.i.k.p.NodeInfo        No instantiation for #60. Probably branch label not up to date in orLeft 
11809      WARN  main            d.u.i.k.p.NodeInfo        No instantiation for #61. Probably branch label not up to date in orLeft 
11809      WARN  main            d.u.i.k.p.NodeInfo        No instantiation for #61. Probably branch label not up to date in orLeft 
11809      WARN  main            d.u.i.k.p.NodeInfo        No instantiation for #62. Probably branch label not up to date in orLeft 
11809      WARN  main            d.u.i.k.p.NodeInfo        No instantiation for #62. Probably branch label not up to date in orLeft 
11809      WARN  main            d.u.i.k.p.NodeInfo        No instantiation for #63. Probably branch label not up to date in orLeft 
11809      WARN  main            d.u.i.k.p.NodeInfo        No instantiation for #63. Probably branch label not up to date in orLeft 
11815      WARN  main            d.u.i.k.p.NodeInfo        No instantiation for #60. Probably branch label not up to date in orLeft 
11815      WARN  main            d.u.i.k.p.NodeInfo        No instantiation for #60. Probably branch label not up to date in orLeft 
11815      WARN  main            d.u.i.k.p.NodeInfo        No instantiation for #60. Probably branch label not up to date in orLeft 
11815      WARN  main            d.u.i.k.p.NodeInfo        No instantiation for #60. Probably branch label not up to date in orLeft 
11815      WARN  main            d.u.i.k.p.NodeInfo        No instantiation for #61. Probably branch label not up to date in orLeft 
11815      WARN  main            d.u.i.k.p.NodeInfo        No instantiation for #61. Probably branch label not up to date in orLeft 
11815      WARN  main            d.u.i.k.p.NodeInfo        No instantiation for #62. Probably branch label not up to date in orLeft 
11815      WARN  main            d.u.i.k.p.NodeInfo        No instantiation for #62. Probably branch label not up to date in orLeft 
11815      WARN  main            d.u.i.k.p.NodeInfo        No instantiation for #63. Probably branch label not up to date in orLeft 
11815      WARN  main            d.u.i.k.p.NodeInfo        No instantiation for #63. Probably branch label not up to date in orLeft 
11815      WARN  main            d.u.i.k.p.NodeInfo        No instantiation for #60. Probably branch label not up to date in orLeft 
11815      WARN  main            d.u.i.k.p.NodeInfo        No instantiation for #60. Probably branch label not up to date in orLeft 
11815      WARN  main            d.u.i.k.p.NodeInfo        No instantiation for #60. Probably branch label not up to date in orLeft 
11815      WARN  main            d.u.i.k.p.NodeInfo        No instantiation for #60. Probably branch label not up to date in orLeft 
11815      WARN  main            d.u.i.k.p.NodeInfo        No instantiation for #61. Probably branch label not up to date in orLeft 
11815      WARN  main            d.u.i.k.p.NodeInfo        No instantiation for #61. Probably branch label not up to date in orLeft 
11815      WARN  main            d.u.i.k.p.NodeInfo        No instantiation for #62. Probably branch label not up to date in orLeft 
11815      WARN  main            d.u.i.k.p.NodeInfo        No instantiation for #62. Probably branch label not up to date in orLeft 
11815      WARN  main            d.u.i.k.p.NodeInfo        No instantiation for #63. Probably branch label not up to date in orLeft 
11815      WARN  main            d.u.i.k.p.NodeInfo        No instantiation for #63. Probably branch label not up to date in orLeft 
11819      WARN  main            d.u.i.k.p.NodeInfo        No instantiation for #60. Probably branch label not up to date in orLeft 
11819      WARN  main            d.u.i.k.p.NodeInfo        No instantiation for #60. Probably branch label not up to date in orLeft 
11819      WARN  main            d.u.i.k.p.NodeInfo        No instantiation for #60. Probably branch label not up to date in orLeft 
11819      WARN  main            d.u.i.k.p.NodeInfo        No instantiation for #60. Probably branch label not up to date in orLeft 
11819      WARN  main            d.u.i.k.p.NodeInfo        No instantiation for #61. Probably branch label not up to date in orLeft 
11819      WARN  main            d.u.i.k.p.NodeInfo        No instantiation for #61. Probably branch label not up to date in orLeft 
11819      WARN  main            d.u.i.k.p.NodeInfo        No instantiation for #62. Probably branch label not up to date in orLeft 
11820      WARN  main            d.u.i.k.p.NodeInfo        No instantiation for #62. Probably branch label not up to date in orLeft 
11820      WARN  main            d.u.i.k.p.NodeInfo        No instantiation for #63. Probably branch label not up to date in orLeft 
11820      WARN  main            d.u.i.k.p.NodeInfo        No instantiation for #63. Probably branch label not up to date in orLeft 
11820      WARN  main            d.u.i.k.p.NodeInfo        No instantiation for #60. Probably branch label not up to date in orLeft 
11820      WARN  main            d.u.i.k.p.NodeInfo        No instantiation for #60. Probably branch label not up to date in orLeft 
11820      WARN  main            d.u.i.k.p.NodeInfo        No instantiation for #60. Probably branch label not up to date in orLeft 
11820      WARN  main            d.u.i.k.p.NodeInfo        No instantiation for #60. Probably branch label not up to date in orLeft 
11820      WARN  main            d.u.i.k.p.NodeInfo        No instantiation for #61. Probably branch label not up to date in orLeft 
11820      WARN  main            d.u.i.k.p.NodeInfo        No instantiation for #61. Probably branch label not up to date in orLeft 
11820      WARN  main            d.u.i.k.p.NodeInfo        No instantiation for #62. Probably branch label not up to date in orLeft 
11820      WARN  main            d.u.i.k.p.NodeInfo        No instantiation for #62. Probably branch label not up to date in orLeft 
11820      WARN  main            d.u.i.k.p.NodeInfo        No instantiation for #63. Probably branch label not up to date in orLeft 
11820      WARN  main            d.u.i.k.p.NodeInfo        No instantiation for #63. Probably branch label not up to date in orLeft 
25740      WARN  main            d.u.i.k.p.NodeInfo        No instantiation for #106. Probably branch label not up to date in orLeft 
25740      WARN  main            d.u.i.k.p.NodeInfo        No instantiation for #106. Probably branch label not up to date in orLeft 
25740      WARN  main            d.u.i.k.p.NodeInfo        No instantiation for #106. Probably branch label not up to date in orLeft 
25740      WARN  main            d.u.i.k.p.NodeInfo        No instantiation for #106. Probably branch label not up to date in orLeft 
25740      WARN  main            d.u.i.k.p.NodeInfo        No instantiation for #107. Probably branch label not up to date in orLeft 
25740      WARN  main            d.u.i.k.p.NodeInfo        No instantiation for #107. Probably branch label not up to date in orLeft 
25740      WARN  main            d.u.i.k.p.NodeInfo        No instantiation for #108. Probably branch label not up to date in orLeft 
25740      WARN  main            d.u.i.k.p.NodeInfo        No instantiation for #108. Probably branch label not up to date in orLeft 
25740      WARN  main            d.u.i.k.p.NodeInfo        No instantiation for #109. Probably branch label not up to date in orLeft 
25740      WARN  main            d.u.i.k.p.NodeInfo        No instantiation for #109. Probably branch label not up to date in orLeft 
25740      WARN  main            d.u.i.k.p.NodeInfo        No instantiation for #110. Probably branch label not up to date in orLeft 
25740      WARN  main            d.u.i.k.p.NodeInfo        No instantiation for #110. Probably branch label not up to date in orLeft 
25740      WARN  main            d.u.i.k.p.NodeInfo        No instantiation for #110. Probably branch label not up to date in orLeft 
25740      WARN  main            d.u.i.k.p.NodeInfo        No instantiation for #110. Probably branch label not up to date in orLeft 
25740      WARN  main            d.u.i.k.p.NodeInfo        No instantiation for #110. Probably branch label not up to date in orLeft 
25740      WARN  main            d.u.i.k.p.NodeInfo        No instantiation for #111. Probably branch label not up to date in orLeft 
25740      WARN  main            d.u.i.k.p.NodeInfo        No instantiation for #111. Probably branch label not up to date in orLeft 
25740      WARN  main            d.u.i.k.p.NodeInfo        No instantiation for #112. Probably branch label not up to date in orLeft 
25740      WARN  main            d.u.i.k.p.NodeInfo        No instantiation for #112. Probably branch label not up to date in orLeft 
25740      WARN  main            d.u.i.k.p.NodeInfo        No instantiation for #113. Probably branch label not up to date in orLeft 
25740      WARN  main            d.u.i.k.p.NodeInfo        No instantiation for #113. Probably branch label not up to date in orLeft 
25740      WARN  main            d.u.i.k.p.NodeInfo        No instantiation for #106. Probably branch label not up to date in orLeft 
25740      WARN  main            d.u.i.k.p.NodeInfo        No instantiation for #106. Probably branch label not up to date in orLeft 
25740      WARN  main            d.u.i.k.p.NodeInfo        No instantiation for #106. Probably branch label not up to date in orLeft 
25740      WARN  main            d.u.i.k.p.NodeInfo        No instantiation for #106. Probably branch label not up to date in orLeft 
25740      WARN  main            d.u.i.k.p.NodeInfo        No instantiation for #107. Probably branch label not up to date in orLeft 
25740      WARN  main            d.u.i.k.p.NodeInfo        No instantiation for #107. Probably branch label not up to date in orLeft 
25740      WARN  main            d.u.i.k.p.NodeInfo        No instantiation for #108. Probably branch label not up to date in orLeft 
25740      WARN  main            d.u.i.k.p.NodeInfo        No instantiation for #108. Probably branch label not up to date in orLeft 
25740      WARN  main            d.u.i.k.p.NodeInfo        No instantiation for #109. Probably branch label not up to date in orLeft 
25740      WARN  main            d.u.i.k.p.NodeInfo        No instantiation for #109. Probably branch label not up to date in orLeft 
25740      WARN  main            d.u.i.k.p.NodeInfo        No instantiation for #110. Probably branch label not up to date in orLeft 
25740      WARN  main            d.u.i.k.p.NodeInfo        No instantiation for #110. Probably branch label not up to date in orLeft 
25740      WARN  main            d.u.i.k.p.NodeInfo        No instantiation for #110. Probably branch label not up to date in orLeft 
25740      WARN  main            d.u.i.k.p.NodeInfo        No instantiation for #110. Probably branch label not up to date in orLeft 
25740      WARN  main            d.u.i.k.p.NodeInfo        No instantiation for #110. Probably branch label not up to date in orLeft 
25740      WARN  main            d.u.i.k.p.NodeInfo        No instantiation for #111. Probably branch label not up to date in orLeft 
25740      WARN  main            d.u.i.k.p.NodeInfo        No instantiation for #111. Probably branch label not up to date in orLeft 
25740      WARN  main            d.u.i.k.p.NodeInfo        No instantiation for #112. Probably branch label not up to date in orLeft 
25740      WARN  main            d.u.i.k.p.NodeInfo        No instantiation for #112. Probably branch label not up to date in orLeft 
25740      WARN  main            d.u.i.k.p.NodeInfo        No instantiation for #113. Probably branch label not up to date in orLeft 
25740      WARN  main            d.u.i.k.p.NodeInfo        No instantiation for #113. Probably branch label not up to date in orLeft 
25760      WARN  main            d.u.i.k.p.NodeInfo        No instantiation for #106. Probably branch label not up to date in orLeft 
25760      WARN  main            d.u.i.k.p.NodeInfo        No instantiation for #106. Probably branch label not up to date in orLeft 
25760      WARN  main            d.u.i.k.p.NodeInfo        No instantiation for #106. Probably branch label not up to date in orLeft 
25760      WARN  main            d.u.i.k.p.NodeInfo        No instantiation for #106. Probably branch label not up to date in orLeft 
25760      WARN  main            d.u.i.k.p.NodeInfo        No instantiation for #107. Probably branch label not up to date in orLeft 
25760      WARN  main            d.u.i.k.p.NodeInfo        No instantiation for #107. Probably branch label not up to date in orLeft 
25760      WARN  main            d.u.i.k.p.NodeInfo        No instantiation for #108. Probably branch label not up to date in orLeft 
25760      WARN  main            d.u.i.k.p.NodeInfo        No instantiation for #108. Probably branch label not up to date in orLeft 
25760      WARN  main            d.u.i.k.p.NodeInfo        No instantiation for #109. Probably branch label not up to date in orLeft 
25760      WARN  main            d.u.i.k.p.NodeInfo        No instantiation for #109. Probably branch label not up to date in orLeft 
25760      WARN  main            d.u.i.k.p.NodeInfo        No instantiation for #110. Probably branch label not up to date in orLeft 
25760      WARN  main            d.u.i.k.p.NodeInfo        No instantiation for #110. Probably branch label not up to date in orLeft 
25760      WARN  main            d.u.i.k.p.NodeInfo        No instantiation for #110. Probably branch label not up to date in orLeft 
25760      WARN  main            d.u.i.k.p.NodeInfo        No instantiation for #110. Probably branch label not up to date in orLeft 
25760      WARN  main            d.u.i.k.p.NodeInfo        No instantiation for #110. Probably branch label not up to date in orLeft 
25760      WARN  main            d.u.i.k.p.NodeInfo        No instantiation for #55. Probably branch label not up to date in orLeft 
25760      WARN  main            d.u.i.k.p.NodeInfo        No instantiation for #55. Probably branch label not up to date in orLeft 
25760      WARN  main            d.u.i.k.p.NodeInfo        No instantiation for #56. Probably branch label not up to date in orLeft 
25760      WARN  main            d.u.i.k.p.NodeInfo        No instantiation for #56. Probably branch label not up to date in orLeft 
25760      WARN  main            d.u.i.k.p.NodeInfo        No instantiation for #57. Probably branch label not up to date in orLeft 
25760      WARN  main            d.u.i.k.p.NodeInfo        No instantiation for #57. Probably branch label not up to date in orLeft 
25760      WARN  main            d.u.i.k.p.NodeInfo        No instantiation for #106. Probably branch label not up to date in orLeft 
25760      WARN  main            d.u.i.k.p.NodeInfo        No instantiation for #106. Probably branch label not up to date in orLeft 
25760      WARN  main            d.u.i.k.p.NodeInfo        No instantiation for #106. Probably branch label not up to date in orLeft 
25760      WARN  main            d.u.i.k.p.NodeInfo        No instantiation for #106. Probably branch label not up to date in orLeft 
25760      WARN  main            d.u.i.k.p.NodeInfo        No instantiation for #107. Probably branch label not up to date in orLeft 
25760      WARN  main            d.u.i.k.p.NodeInfo        No instantiation for #107. Probably branch label not up to date in orLeft 
25760      WARN  main            d.u.i.k.p.NodeInfo        No instantiation for #108. Probably branch label not up to date in orLeft 
25760      WARN  main            d.u.i.k.p.NodeInfo        No instantiation for #108. Probably branch label not up to date in orLeft 
25760      WARN  main            d.u.i.k.p.NodeInfo        No instantiation for #109. Probably branch label not up to date in orLeft 
25760      WARN  main            d.u.i.k.p.NodeInfo        No instantiation for #109. Probably branch label not up to date in orLeft 
25760      WARN  main            d.u.i.k.p.NodeInfo        No instantiation for #110. Probably branch label not up to date in orLeft 
25760      WARN  main            d.u.i.k.p.NodeInfo        No instantiation for #110. Probably branch label not up to date in orLeft 
25760      WARN  main            d.u.i.k.p.NodeInfo        No instantiation for #110. Probably branch label not up to date in orLeft 
25760      WARN  main            d.u.i.k.p.NodeInfo        No instantiation for #110. Probably branch label not up to date in orLeft 
25760      WARN  main            d.u.i.k.p.NodeInfo        No instantiation for #110. Probably branch label not up to date in orLeft 
25760      WARN  main            d.u.i.k.p.NodeInfo        No instantiation for #55. Probably branch label not up to date in orLeft 
25760      WARN  main            d.u.i.k.p.NodeInfo        No instantiation for #55. Probably branch label not up to date in orLeft 
25760      WARN  main            d.u.i.k.p.NodeInfo        No instantiation for #56. Probably branch label not up to date in orLeft 
25760      WARN  main            d.u.i.k.p.NodeInfo        No instantiation for #56. Probably branch label not up to date in orLeft 
25760      WARN  main            d.u.i.k.p.NodeInfo        No instantiation for #57. Probably branch label not up to date in orLeft 
25760      WARN  main            d.u.i.k.p.NodeInfo        No instantiation for #57. Probably branch label not up to date in orLeft 
25760      WARN  main            d.u.i.k.p.NodeInfo        No instantiation for #106. Probably branch label not up to date in orLeft 
25760      WARN  main            d.u.i.k.p.NodeInfo        No instantiation for #106. Probably branch label not up to date in orLeft 
25760      WARN  main            d.u.i.k.p.NodeInfo        No instantiation for #106. Probably branch label not up to date in orLeft 
25760      WARN  main            d.u.i.k.p.NodeInfo        No instantiation for #106. Probably branch label not up to date in orLeft 
25760      WARN  main            d.u.i.k.p.NodeInfo        No instantiation for #107. Probably branch label not up to date in orLeft 
25760      WARN  main            d.u.i.k.p.NodeInfo        No instantiation for #107. Probably branch label not up to date in orLeft 
25760      WARN  main            d.u.i.k.p.NodeInfo        No instantiation for #108. Probably branch label not up to date in orLeft 
25760      WARN  main            d.u.i.k.p.NodeInfo        No instantiation for #108. Probably branch label not up to date in orLeft 
25760      WARN  main            d.u.i.k.p.NodeInfo        No instantiation for #109. Probably branch label not up to date in orLeft 
25760      WARN  main            d.u.i.k.p.NodeInfo        No instantiation for #109. Probably branch label not up to date in orLeft 
25760      WARN  main            d.u.i.k.p.NodeInfo        No instantiation for #110. Probably branch label not up to date in orLeft 
25760      WARN  main            d.u.i.k.p.NodeInfo        No instantiation for #110. Probably branch label not up to date in orLeft 
25760      WARN  main            d.u.i.k.p.NodeInfo        No instantiation for #110. Probably branch label not up to date in orLeft 
25760      WARN  main            d.u.i.k.p.NodeInfo        No instantiation for #110. Probably branch label not up to date in orLeft 
25760      WARN  main            d.u.i.k.p.NodeInfo        No instantiation for #110. Probably branch label not up to date in orLeft 
25760      WARN  main            d.u.i.k.p.NodeInfo        No instantiation for #55. Probably branch label not up to date in orLeft 
25760      WARN  main            d.u.i.k.p.NodeInfo        No instantiation for #55. Probably branch label not up to date in orLeft 
25760      WARN  main            d.u.i.k.p.NodeInfo        No instantiation for #56. Probably branch label not up to date in orLeft 
25760      WARN  main            d.u.i.k.p.NodeInfo        No instantiation for #56. Probably branch label not up to date in orLeft 
25760      WARN  main            d.u.i.k.p.NodeInfo        No instantiation for #57. Probably branch label not up to date in orLeft 
25760      WARN  main            d.u.i.k.p.NodeInfo        No instantiation for #57. Probably branch label not up to date in orLeft 
25760      WARN  main            d.u.i.k.p.NodeInfo        No instantiation for #106. Probably branch label not up to date in orLeft 
25760      WARN  main            d.u.i.k.p.NodeInfo        No instantiation for #106. Probably branch label not up to date in orLeft 
25760      WARN  main            d.u.i.k.p.NodeInfo        No instantiation for #106. Probably branch label not up to date in orLeft 
25760      WARN  main            d.u.i.k.p.NodeInfo        No instantiation for #106. Probably branch label not up to date in orLeft 
25760      WARN  main            d.u.i.k.p.NodeInfo        No instantiation for #107. Probably branch label not up to date in orLeft 
25760      WARN  main            d.u.i.k.p.NodeInfo        No instantiation for #107. Probably branch label not up to date in orLeft 
25760      WARN  main            d.u.i.k.p.NodeInfo        No instantiation for #108. Probably branch label not up to date in orLeft 
25760      WARN  main            d.u.i.k.p.NodeInfo        No instantiation for #108. Probably branch label not up to date in orLeft 
25760      WARN  main            d.u.i.k.p.NodeInfo        No instantiation for #109. Probably branch label not up to date in orLeft 
25760      WARN  main            d.u.i.k.p.NodeInfo        No instantiation for #109. Probably branch label not up to date in orLeft 
25760      WARN  main            d.u.i.k.p.NodeInfo        No instantiation for #110. Probably branch label not up to date in orLeft 
25760      WARN  main            d.u.i.k.p.NodeInfo        No instantiation for #110. Probably branch label not up to date in orLeft 
25761      WARN  main            d.u.i.k.p.NodeInfo        No instantiation for #110. Probably branch label not up to date in orLeft 
25761      WARN  main            d.u.i.k.p.NodeInfo        No instantiation for #110. Probably branch label not up to date in orLeft 
25761      WARN  main            d.u.i.k.p.NodeInfo        No instantiation for #110. Probably branch label not up to date in orLeft 
25761      WARN  main            d.u.i.k.p.NodeInfo        No instantiation for #87. Probably branch label not up to date in orLeft 
25761      WARN  main            d.u.i.k.p.NodeInfo        No instantiation for #87. Probably branch label not up to date in orLeft 
25761      WARN  main            d.u.i.k.p.NodeInfo        No instantiation for #88. Probably branch label not up to date in orLeft 
25761      WARN  main            d.u.i.k.p.NodeInfo        No instantiation for #88. Probably branch label not up to date in orLeft 
25761      WARN  main            d.u.i.k.p.NodeInfo        No instantiation for #89. Probably branch label not up to date in orLeft 
25761      WARN  main            d.u.i.k.p.NodeInfo        No instantiation for #89. Probably branch label not up to date in orLeft 
25761      WARN  main            d.u.i.k.p.NodeInfo        No instantiation for #106. Probably branch label not up to date in orLeft 
25761      WARN  main            d.u.i.k.p.NodeInfo        No instantiation for #106. Probably branch label not up to date in orLeft 
25761      WARN  main            d.u.i.k.p.NodeInfo        No instantiation for #106. Probably branch label not up to date in orLeft 
25761      WARN  main            d.u.i.k.p.NodeInfo        No instantiation for #106. Probably branch label not up to date in orLeft 
25761      WARN  main            d.u.i.k.p.NodeInfo        No instantiation for #107. Probably branch label not up to date in orLeft 
25761      WARN  main            d.u.i.k.p.NodeInfo        No instantiation for #107. Probably branch label not up to date in orLeft 
25761      WARN  main            d.u.i.k.p.NodeInfo        No instantiation for #108. Probably branch label not up to date in orLeft 
25761      WARN  main            d.u.i.k.p.NodeInfo        No instantiation for #108. Probably branch label not up to date in orLeft 
25761      WARN  main            d.u.i.k.p.NodeInfo        No instantiation for #109. Probably branch label not up to date in orLeft 
25761      WARN  main            d.u.i.k.p.NodeInfo        No instantiation for #109. Probably branch label not up to date in orLeft 
25761      WARN  main            d.u.i.k.p.NodeInfo        No instantiation for #110. Probably branch label not up to date in orLeft 
25761      WARN  main            d.u.i.k.p.NodeInfo        No instantiation for #110. Probably branch label not up to date in orLeft 
25761      WARN  main            d.u.i.k.p.NodeInfo        No instantiation for #110. Probably branch label not up to date in orLeft 
25761      WARN  main            d.u.i.k.p.NodeInfo        No instantiation for #110. Probably branch label not up to date in orLeft 
25761      WARN  main            d.u.i.k.p.NodeInfo        No instantiation for #110. Probably branch label not up to date in orLeft 
25761      WARN  main            d.u.i.k.p.NodeInfo        No instantiation for #55. Probably branch label not up to date in orLeft 
25761      WARN  main            d.u.i.k.p.NodeInfo        No instantiation for #55. Probably branch label not up to date in orLeft 
25761      WARN  main            d.u.i.k.p.NodeInfo        No instantiation for #56. Probably branch label not up to date in orLeft 
25761      WARN  main            d.u.i.k.p.NodeInfo        No instantiation for #56. Probably branch label not up to date in orLeft 
25761      WARN  main            d.u.i.k.p.NodeInfo        No instantiation for #57. Probably branch label not up to date in orLeft 
25761      WARN  main            d.u.i.k.p.NodeInfo        No instantiation for #57. Probably branch label not up to date in orLeft 
25761      WARN  main            d.u.i.k.p.NodeInfo        No instantiation for #106. Probably branch label not up to date in orLeft 
25761      WARN  main            d.u.i.k.p.NodeInfo        No instantiation for #106. Probably branch label not up to date in orLeft 
25761      WARN  main            d.u.i.k.p.NodeInfo        No instantiation for #106. Probably branch label not up to date in orLeft 
25761      WARN  main            d.u.i.k.p.NodeInfo        No instantiation for #106. Probably branch label not up to date in orLeft 
25761      WARN  main            d.u.i.k.p.NodeInfo        No instantiation for #107. Probably branch label not up to date in orLeft 
25761      WARN  main            d.u.i.k.p.NodeInfo        No instantiation for #107. Probably branch label not up to date in orLeft 
25761      WARN  main            d.u.i.k.p.NodeInfo        No instantiation for #108. Probably branch label not up to date in orLeft 
25761      WARN  main            d.u.i.k.p.NodeInfo        No instantiation for #108. Probably branch label not up to date in orLeft 
25761      WARN  main            d.u.i.k.p.NodeInfo        No instantiation for #109. Probably branch label not up to date in orLeft 
25761      WARN  main            d.u.i.k.p.NodeInfo        No instantiation for #109. Probably branch label not up to date in orLeft 
25761      WARN  main            d.u.i.k.p.NodeInfo        No instantiation for #110. Probably branch label not up to date in orLeft 
25761      WARN  main            d.u.i.k.p.NodeInfo        No instantiation for #110. Probably branch label not up to date in orLeft 
25761      WARN  main            d.u.i.k.p.NodeInfo        No instantiation for #110. Probably branch label not up to date in orLeft 
25761      WARN  main            d.u.i.k.p.NodeInfo        No instantiation for #110. Probably branch label not up to date in orLeft 
25761      WARN  main            d.u.i.k.p.NodeInfo        No instantiation for #110. Probably branch label not up to date in orLeft 
25761      WARN  main            d.u.i.k.p.NodeInfo        No instantiation for #111. Probably branch label not up to date in orLeft 
25761      WARN  main            d.u.i.k.p.NodeInfo        No instantiation for #111. Probably branch label not up to date in orLeft 
25761      WARN  main            d.u.i.k.p.NodeInfo        No instantiation for #112. Probably branch label not up to date in orLeft 
25761      WARN  main            d.u.i.k.p.NodeInfo        No instantiation for #112. Probably branch label not up to date in orLeft 
25761      WARN  main            d.u.i.k.p.NodeInfo        No instantiation for #113. Probably branch label not up to date in orLeft 
25761      WARN  main            d.u.i.k.p.NodeInfo        No instantiation for #113. Probably branch label not up to date in orLeft 
25761      WARN  main            d.u.i.k.p.NodeInfo        No instantiation for #106. Probably branch label not up to date in orLeft 
25761      WARN  main            d.u.i.k.p.NodeInfo        No instantiation for #106. Probably branch label not up to date in orLeft 
25761      WARN  main            d.u.i.k.p.NodeInfo        No instantiation for #106. Probably branch label not up to date in orLeft 
25761      WARN  main            d.u.i.k.p.NodeInfo        No instantiation for #106. Probably branch label not up to date in orLeft 
25761      WARN  main            d.u.i.k.p.NodeInfo        No instantiation for #107. Probably branch label not up to date in orLeft 
25761      WARN  main            d.u.i.k.p.NodeInfo        No instantiation for #107. Probably branch label not up to date in orLeft 
25761      WARN  main            d.u.i.k.p.NodeInfo        No instantiation for #108. Probably branch label not up to date in orLeft 
25761      WARN  main            d.u.i.k.p.NodeInfo        No instantiation for #108. Probably branch label not up to date in orLeft 
25761      WARN  main            d.u.i.k.p.NodeInfo        No instantiation for #109. Probably branch label not up to date in orLeft 
25761      WARN  main            d.u.i.k.p.NodeInfo        No instantiation for #109. Probably branch label not up to date in orLeft 
25761      WARN  main            d.u.i.k.p.NodeInfo        No instantiation for #110. Probably branch label not up to date in orLeft 
25761      WARN  main            d.u.i.k.p.NodeInfo        No instantiation for #110. Probably branch label not up to date in orLeft 
25761      WARN  main            d.u.i.k.p.NodeInfo        No instantiation for #110. Probably branch label not up to date in orLeft 
25761      WARN  main            d.u.i.k.p.NodeInfo        No instantiation for #110. Probably branch label not up to date in orLeft 
25761      WARN  main            d.u.i.k.p.NodeInfo        No instantiation for #110. Probably branch label not up to date in orLeft 
25761      WARN  main            d.u.i.k.p.NodeInfo        No instantiation for #87. Probably branch label not up to date in orLeft 
25761      WARN  main            d.u.i.k.p.NodeInfo        No instantiation for #87. Probably branch label not up to date in orLeft 
25761      WARN  main            d.u.i.k.p.NodeInfo        No instantiation for #88. Probably branch label not up to date in orLeft 
25761      WARN  main            d.u.i.k.p.NodeInfo        No instantiation for #88. Probably branch label not up to date in orLeft 
25761      WARN  main            d.u.i.k.p.NodeInfo        No instantiation for #89. Probably branch label not up to date in orLeft 
25761      WARN  main            d.u.i.k.p.NodeInfo        No instantiation for #89. Probably branch label not up to date in orLeft 
25761      WARN  main            d.u.i.k.p.NodeInfo        No instantiation for #106. Probably branch label not up to date in orLeft 
25761      WARN  main            d.u.i.k.p.NodeInfo        No instantiation for #106. Probably branch label not up to date in orLeft 
25761      WARN  main            d.u.i.k.p.NodeInfo        No instantiation for #106. Probably branch label not up to date in orLeft 
25761      WARN  main            d.u.i.k.p.NodeInfo        No instantiation for #106. Probably branch label not up to date in orLeft 
25761      WARN  main            d.u.i.k.p.NodeInfo        No instantiation for #107. Probably branch label not up to date in orLeft 
25761      WARN  main            d.u.i.k.p.NodeInfo        No instantiation for #107. Probably branch label not up to date in orLeft 
25761      WARN  main            d.u.i.k.p.NodeInfo        No instantiation for #108. Probably branch label not up to date in orLeft 
25761      WARN  main            d.u.i.k.p.NodeInfo        No instantiation for #108. Probably branch label not up to date in orLeft 
25761      WARN  main            d.u.i.k.p.NodeInfo        No instantiation for #109. Probably branch label not up to date in orLeft 
25761      WARN  main            d.u.i.k.p.NodeInfo        No instantiation for #109. Probably branch label not up to date in orLeft 
25761      WARN  main            d.u.i.k.p.NodeInfo        No instantiation for #110. Probably branch label not up to date in orLeft 
25761      WARN  main            d.u.i.k.p.NodeInfo        No instantiation for #110. Probably branch label not up to date in orLeft 
25761      WARN  main            d.u.i.k.p.NodeInfo        No instantiation for #110. Probably branch label not up to date in orLeft 
25761      WARN  main            d.u.i.k.p.NodeInfo        No instantiation for #110. Probably branch label not up to date in orLeft 
25761      WARN  main            d.u.i.k.p.NodeInfo        No instantiation for #110. Probably branch label not up to date in orLeft 
25761      WARN  main            d.u.i.k.p.NodeInfo        No instantiation for #87. Probably branch label not up to date in orLeft 
25761      WARN  main            d.u.i.k.p.NodeInfo        No instantiation for #87. Probably branch label not up to date in orLeft 
25761      WARN  main            d.u.i.k.p.NodeInfo        No instantiation for #88. Probably branch label not up to date in orLeft 
25761      WARN  main            d.u.i.k.p.NodeInfo        No instantiation for #88. Probably branch label not up to date in orLeft 
25761      WARN  main            d.u.i.k.p.NodeInfo        No instantiation for #89. Probably branch label not up to date in orLeft 
25761      WARN  main            d.u.i.k.p.NodeInfo        No instantiation for #89. Probably branch label not up to date in orLeft 
25761      WARN  main            d.u.i.k.p.NodeInfo        No instantiation for #106. Probably branch label not up to date in orLeft 
25761      WARN  main            d.u.i.k.p.NodeInfo        No instantiation for #106. Probably branch label not up to date in orLeft 
25761      WARN  main            d.u.i.k.p.NodeInfo        No instantiation for #106. Probably branch label not up to date in orLeft 
25761      WARN  main            d.u.i.k.p.NodeInfo        No instantiation for #106. Probably branch label not up to date in orLeft 
25761      WARN  main            d.u.i.k.p.NodeInfo        No instantiation for #107. Probably branch label not up to date in orLeft 
25761      WARN  main            d.u.i.k.p.NodeInfo        No instantiation for #107. Probably branch label not up to date in orLeft 
25761      WARN  main            d.u.i.k.p.NodeInfo        No instantiation for #108. Probably branch label not up to date in orLeft 
25761      WARN  main            d.u.i.k.p.NodeInfo        No instantiation for #108. Probably branch label not up to date in orLeft 
25761      WARN  main            d.u.i.k.p.NodeInfo        No instantiation for #109. Probably branch label not up to date in orLeft 
25761      WARN  main            d.u.i.k.p.NodeInfo        No instantiation for #109. Probably branch label not up to date in orLeft 
25761      WARN  main            d.u.i.k.p.NodeInfo        No instantiation for #110. Probably branch label not up to date in orLeft 
25761      WARN  main            d.u.i.k.p.NodeInfo        No instantiation for #110. Probably branch label not up to date in orLeft 
25761      WARN  main            d.u.i.k.p.NodeInfo        No instantiation for #110. Probably branch label not up to date in orLeft 
25761      WARN  main            d.u.i.k.p.NodeInfo        No instantiation for #110. Probably branch label not up to date in orLeft 
25761      WARN  main            d.u.i.k.p.NodeInfo        No instantiation for #110. Probably branch label not up to date in orLeft 
25761      WARN  main            d.u.i.k.p.NodeInfo        No instantiation for #87. Probably branch label not up to date in orLeft 
25761      WARN  main            d.u.i.k.p.NodeInfo        No instantiation for #87. Probably branch label not up to date in orLeft 
25761      WARN  main            d.u.i.k.p.NodeInfo        No instantiation for #88. Probably branch label not up to date in orLeft 
25761      WARN  main            d.u.i.k.p.NodeInfo        No instantiation for #88. Probably branch label not up to date in orLeft 
25761      WARN  main            d.u.i.k.p.NodeInfo        No instantiation for #89. Probably branch label not up to date in orLeft 
25761      WARN  main            d.u.i.k.p.NodeInfo        No instantiation for #89. Probably branch label not up to date in orLeft 
25762      WARN  main            d.u.i.k.p.NodeInfo        No instantiation for #106. Probably branch label not up to date in orLeft 
25762      WARN  main            d.u.i.k.p.NodeInfo        No instantiation for #106. Probably branch label not up to date in orLeft 
25762      WARN  main            d.u.i.k.p.NodeInfo        No instantiation for #106. Probably branch label not up to date in orLeft 
25762      WARN  main            d.u.i.k.p.NodeInfo        No instantiation for #106. Probably branch label not up to date in orLeft 
25762      WARN  main            d.u.i.k.p.NodeInfo        No instantiation for #107. Probably branch label not up to date in orLeft 
25762      WARN  main            d.u.i.k.p.NodeInfo        No instantiation for #107. Probably branch label not up to date in orLeft 
25762      WARN  main            d.u.i.k.p.NodeInfo        No instantiation for #108. Probably branch label not up to date in orLeft 
25762      WARN  main            d.u.i.k.p.NodeInfo        No instantiation for #108. Probably branch label not up to date in orLeft 
25762      WARN  main            d.u.i.k.p.NodeInfo        No instantiation for #109. Probably branch label not up to date in orLeft 
25762      WARN  main            d.u.i.k.p.NodeInfo        No instantiation for #109. Probably branch label not up to date in orLeft 
25762      WARN  main            d.u.i.k.p.NodeInfo        No instantiation for #110. Probably branch label not up to date in orLeft 
25762      WARN  main            d.u.i.k.p.NodeInfo        No instantiation for #110. Probably branch label not up to date in orLeft 
25762      WARN  main            d.u.i.k.p.NodeInfo        No instantiation for #110. Probably branch label not up to date in orLeft 
25762      WARN  main            d.u.i.k.p.NodeInfo        No instantiation for #110. Probably branch label not up to date in orLeft 
25762      WARN  main            d.u.i.k.p.NodeInfo        No instantiation for #110. Probably branch label not up to date in orLeft 
25762      WARN  main            d.u.i.k.p.NodeInfo        No instantiation for #111. Probably branch label not up to date in orLeft 
25762      WARN  main            d.u.i.k.p.NodeInfo        No instantiation for #111. Probably branch label not up to date in orLeft 
25762      WARN  main            d.u.i.k.p.NodeInfo        No instantiation for #112. Probably branch label not up to date in orLeft 
25762      WARN  main            d.u.i.k.p.NodeInfo        No instantiation for #112. Probably branch label not up to date in orLeft 
25762      WARN  main            d.u.i.k.p.NodeInfo        No instantiation for #113. Probably branch label not up to date in orLeft 
25762      WARN  main            d.u.i.k.p.NodeInfo        No instantiation for #113. Probably branch label not up to date in orLeft 
25803      WARN  main            d.u.i.k.p.NodeInfo        No instantiation for #106. Probably branch label not up to date in orLeft 
25803      WARN  main            d.u.i.k.p.NodeInfo        No instantiation for #106. Probably branch label not up to date in orLeft 
25803      WARN  main            d.u.i.k.p.NodeInfo        No instantiation for #106. Probably branch label not up to date in orLeft 
25803      WARN  main            d.u.i.k.p.NodeInfo        No instantiation for #106. Probably branch label not up to date in orLeft 
25803      WARN  main            d.u.i.k.p.NodeInfo        No instantiation for #107. Probably branch label not up to date in orLeft 
25803      WARN  main            d.u.i.k.p.NodeInfo        No instantiation for #107. Probably branch label not up to date in orLeft 
25803      WARN  main            d.u.i.k.p.NodeInfo        No instantiation for #108. Probably branch label not up to date in orLeft 
25803      WARN  main            d.u.i.k.p.NodeInfo        No instantiation for #108. Probably branch label not up to date in orLeft 
25803      WARN  main            d.u.i.k.p.NodeInfo        No instantiation for #109. Probably branch label not up to date in orLeft 
25803      WARN  main            d.u.i.k.p.NodeInfo        No instantiation for #109. Probably branch label not up to date in orLeft 
25803      WARN  main            d.u.i.k.p.NodeInfo        No instantiation for #110. Probably branch label not up to date in orLeft 
25803      WARN  main            d.u.i.k.p.NodeInfo        No instantiation for #110. Probably branch label not up to date in orLeft 
25803      WARN  main            d.u.i.k.p.NodeInfo        No instantiation for #110. Probably branch label not up to date in orLeft 
25803      WARN  main            d.u.i.k.p.NodeInfo        No instantiation for #110. Probably branch label not up to date in orLeft 
25803      WARN  main            d.u.i.k.p.NodeInfo        No instantiation for #110. Probably branch label not up to date in orLeft 
25803      WARN  main            d.u.i.k.p.NodeInfo        No instantiation for #87. Probably branch label not up to date in orLeft 
25803      WARN  main            d.u.i.k.p.NodeInfo        No instantiation for #87. Probably branch label not up to date in orLeft 
25803      WARN  main            d.u.i.k.p.NodeInfo        No instantiation for #88. Probably branch label not up to date in orLeft 
25803      WARN  main            d.u.i.k.p.NodeInfo        No instantiation for #88. Probably branch label not up to date in orLeft 
25803      WARN  main            d.u.i.k.p.NodeInfo        No instantiation for #89. Probably branch label not up to date in orLeft 
25803      WARN  main            d.u.i.k.p.NodeInfo        No instantiation for #89. Probably branch label not up to date in orLeft 
25803      WARN  main            d.u.i.k.p.NodeInfo        No instantiation for #106. Probably branch label not up to date in orLeft 
25803      WARN  main            d.u.i.k.p.NodeInfo        No instantiation for #106. Probably branch label not up to date in orLeft 
25803      WARN  main            d.u.i.k.p.NodeInfo        No instantiation for #106. Probably branch label not up to date in orLeft 
25803      WARN  main            d.u.i.k.p.NodeInfo        No instantiation for #106. Probably branch label not up to date in orLeft 
25803      WARN  main            d.u.i.k.p.NodeInfo        No instantiation for #107. Probably branch label not up to date in orLeft 
25803      WARN  main            d.u.i.k.p.NodeInfo        No instantiation for #107. Probably branch label not up to date in orLeft 
25803      WARN  main            d.u.i.k.p.NodeInfo        No instantiation for #108. Probably branch label not up to date in orLeft 
25803      WARN  main            d.u.i.k.p.NodeInfo        No instantiation for #108. Probably branch label not up to date in orLeft 
25803      WARN  main            d.u.i.k.p.NodeInfo        No instantiation for #109. Probably branch label not up to date in orLeft 
25803      WARN  main            d.u.i.k.p.NodeInfo        No instantiation for #109. Probably branch label not up to date in orLeft 
25803      WARN  main            d.u.i.k.p.NodeInfo        No instantiation for #110. Probably branch label not up to date in orLeft 
25803      WARN  main            d.u.i.k.p.NodeInfo        No instantiation for #110. Probably branch label not up to date in orLeft 
25803      WARN  main            d.u.i.k.p.NodeInfo        No instantiation for #110. Probably branch label not up to date in orLeft 
25803      WARN  main            d.u.i.k.p.NodeInfo        No instantiation for #110. Probably branch label not up to date in orLeft 
25803      WARN  main            d.u.i.k.p.NodeInfo        No instantiation for #110. Probably branch label not up to date in orLeft 
25803      WARN  main            d.u.i.k.p.NodeInfo        No instantiation for #111. Probably branch label not up to date in orLeft 
25803      WARN  main            d.u.i.k.p.NodeInfo        No instantiation for #111. Probably branch label not up to date in orLeft 
25803      WARN  main            d.u.i.k.p.NodeInfo        No instantiation for #112. Probably branch label not up to date in orLeft 
25803      WARN  main            d.u.i.k.p.NodeInfo        No instantiation for #112. Probably branch label not up to date in orLeft 
25803      WARN  main            d.u.i.k.p.NodeInfo        No instantiation for #113. Probably branch label not up to date in orLeft 
25803      WARN  main            d.u.i.k.p.NodeInfo        No instantiation for #113. Probably branch label not up to date in orLeft 
25902      WARN  main            d.u.i.k.p.NodeInfo        No instantiation for #106. Probably branch label not up to date in orLeft 
25902      WARN  main            d.u.i.k.p.NodeInfo        No instantiation for #106. Probably branch label not up to date in orLeft 
25902      WARN  main            d.u.i.k.p.NodeInfo        No instantiation for #106. Probably branch label not up to date in orLeft 
25902      WARN  main            d.u.i.k.p.NodeInfo        No instantiation for #106. Probably branch label not up to date in orLeft 
25902      WARN  main            d.u.i.k.p.NodeInfo        No instantiation for #107. Probably branch label not up to date in orLeft 
25902      WARN  main            d.u.i.k.p.NodeInfo        No instantiation for #107. Probably branch label not up to date in orLeft 
25902      WARN  main            d.u.i.k.p.NodeInfo        No instantiation for #108. Probably branch label not up to date in orLeft 
25902      WARN  main            d.u.i.k.p.NodeInfo        No instantiation for #108. Probably branch label not up to date in orLeft 
25902      WARN  main            d.u.i.k.p.NodeInfo        No instantiation for #109. Probably branch label not up to date in orLeft 
25902      WARN  main            d.u.i.k.p.NodeInfo        No instantiation for #109. Probably branch label not up to date in orLeft 
25902      WARN  main            d.u.i.k.p.NodeInfo        No instantiation for #110. Probably branch label not up to date in orLeft 
25902      WARN  main            d.u.i.k.p.NodeInfo        No instantiation for #110. Probably branch label not up to date in orLeft 
25902      WARN  main            d.u.i.k.p.NodeInfo        No instantiation for #110. Probably branch label not up to date in orLeft 
25902      WARN  main            d.u.i.k.p.NodeInfo        No instantiation for #110. Probably branch label not up to date in orLeft 
25902      WARN  main            d.u.i.k.p.NodeInfo        No instantiation for #110. Probably branch label not up to date in orLeft 
25902      WARN  main            d.u.i.k.p.NodeInfo        No instantiation for #55. Probably branch label not up to date in orLeft 
25902      WARN  main            d.u.i.k.p.NodeInfo        No instantiation for #55. Probably branch label not up to date in orLeft 
25902      WARN  main            d.u.i.k.p.NodeInfo        No instantiation for #56. Probably branch label not up to date in orLeft 
25902      WARN  main            d.u.i.k.p.NodeInfo        No instantiation for #56. Probably branch label not up to date in orLeft 
25902      WARN  main            d.u.i.k.p.NodeInfo        No instantiation for #57. Probably branch label not up to date in orLeft 
25902      WARN  main            d.u.i.k.p.NodeInfo        No instantiation for #57. Probably branch label not up to date in orLeft 
25902      WARN  main            d.u.i.k.p.NodeInfo        No instantiation for #106. Probably branch label not up to date in orLeft 
25902      WARN  main            d.u.i.k.p.NodeInfo        No instantiation for #106. Probably branch label not up to date in orLeft 
25902      WARN  main            d.u.i.k.p.NodeInfo        No instantiation for #106. Probably branch label not up to date in orLeft 
25902      WARN  main            d.u.i.k.p.NodeInfo        No instantiation for #106. Probably branch label not up to date in orLeft 
25902      WARN  main            d.u.i.k.p.NodeInfo        No instantiation for #107. Probably branch label not up to date in orLeft 
25902      WARN  main            d.u.i.k.p.NodeInfo        No instantiation for #107. Probably branch label not up to date in orLeft 
25902      WARN  main            d.u.i.k.p.NodeInfo        No instantiation for #108. Probably branch label not up to date in orLeft 
25902      WARN  main            d.u.i.k.p.NodeInfo        No instantiation for #108. Probably branch label not up to date in orLeft 
25902      WARN  main            d.u.i.k.p.NodeInfo        No instantiation for #109. Probably branch label not up to date in orLeft 
25902      WARN  main            d.u.i.k.p.NodeInfo        No instantiation for #109. Probably branch label not up to date in orLeft 
25902      WARN  main            d.u.i.k.p.NodeInfo        No instantiation for #110. Probably branch label not up to date in orLeft 
25902      WARN  main            d.u.i.k.p.NodeInfo        No instantiation for #110. Probably branch label not up to date in orLeft 
25902      WARN  main            d.u.i.k.p.NodeInfo        No instantiation for #110. Probably branch label not up to date in orLeft 
25902      WARN  main            d.u.i.k.p.NodeInfo        No instantiation for #110. Probably branch label not up to date in orLeft 
25902      WARN  main            d.u.i.k.p.NodeInfo        No instantiation for #110. Probably branch label not up to date in orLeft 
25902      WARN  main            d.u.i.k.p.NodeInfo        No instantiation for #55. Probably branch label not up to date in orLeft 
25902      WARN  main            d.u.i.k.p.NodeInfo        No instantiation for #55. Probably branch label not up to date in orLeft 
25902      WARN  main            d.u.i.k.p.NodeInfo        No instantiation for #56. Probably branch label not up to date in orLeft 
25902      WARN  main            d.u.i.k.p.NodeInfo        No instantiation for #56. Probably branch label not up to date in orLeft 
25902      WARN  main            d.u.i.k.p.NodeInfo        No instantiation for #57. Probably branch label not up to date in orLeft 
25902      WARN  main            d.u.i.k.p.NodeInfo        No instantiation for #57. Probably branch label not up to date in orLeft 
25902      WARN  main            d.u.i.k.p.NodeInfo        No instantiation for #106. Probably branch label not up to date in orLeft 
25902      WARN  main            d.u.i.k.p.NodeInfo        No instantiation for #106. Probably branch label not up to date in orLeft 
25902      WARN  main            d.u.i.k.p.NodeInfo        No instantiation for #106. Probably branch label not up to date in orLeft 
25902      WARN  main            d.u.i.k.p.NodeInfo        No instantiation for #106. Probably branch label not up to date in orLeft 
25902      WARN  main            d.u.i.k.p.NodeInfo        No instantiation for #107. Probably branch label not up to date in orLeft 
25902      WARN  main            d.u.i.k.p.NodeInfo        No instantiation for #107. Probably branch label not up to date in orLeft 
25902      WARN  main            d.u.i.k.p.NodeInfo        No instantiation for #108. Probably branch label not up to date in orLeft 
25902      WARN  main            d.u.i.k.p.NodeInfo        No instantiation for #108. Probably branch label not up to date in orLeft 
25902      WARN  main            d.u.i.k.p.NodeInfo        No instantiation for #109. Probably branch label not up to date in orLeft 
25902      WARN  main            d.u.i.k.p.NodeInfo        No instantiation for #109. Probably branch label not up to date in orLeft 
25902      WARN  main            d.u.i.k.p.NodeInfo        No instantiation for #110. Probably branch label not up to date in orLeft 
25902      WARN  main            d.u.i.k.p.NodeInfo        No instantiation for #110. Probably branch label not up to date in orLeft 
25902      WARN  main            d.u.i.k.p.NodeInfo        No instantiation for #110. Probably branch label not up to date in orLeft 
25902      WARN  main            d.u.i.k.p.NodeInfo        No instantiation for #110. Probably branch label not up to date in orLeft 
25903      WARN  main            d.u.i.k.p.NodeInfo        No instantiation for #110. Probably branch label not up to date in orLeft 
25903      WARN  main            d.u.i.k.p.NodeInfo        No instantiation for #55. Probably branch label not up to date in orLeft 
25903      WARN  main            d.u.i.k.p.NodeInfo        No instantiation for #55. Probably branch label not up to date in orLeft 
25903      WARN  main            d.u.i.k.p.NodeInfo        No instantiation for #56. Probably branch label not up to date in orLeft 
25903      WARN  main            d.u.i.k.p.NodeInfo        No instantiation for #56. Probably branch label not up to date in orLeft 
25903      WARN  main            d.u.i.k.p.NodeInfo        No instantiation for #57. Probably branch label not up to date in orLeft 
25903      WARN  main            d.u.i.k.p.NodeInfo        No instantiation for #57. Probably branch label not up to date in orLeft 
25903      WARN  main            d.u.i.k.p.NodeInfo        No instantiation for #106. Probably branch label not up to date in orLeft 
25903      WARN  main            d.u.i.k.p.NodeInfo        No instantiation for #106. Probably branch label not up to date in orLeft 
25903      WARN  main            d.u.i.k.p.NodeInfo        No instantiation for #106. Probably branch label not up to date in orLeft 
25903      WARN  main            d.u.i.k.p.NodeInfo        No instantiation for #106. Probably branch label not up to date in orLeft 
25903      WARN  main            d.u.i.k.p.NodeInfo        No instantiation for #107. Probably branch label not up to date in orLeft 
25903      WARN  main            d.u.i.k.p.NodeInfo        No instantiation for #107. Probably branch label not up to date in orLeft 
25903      WARN  main            d.u.i.k.p.NodeInfo        No instantiation for #108. Probably branch label not up to date in orLeft 
25903      WARN  main            d.u.i.k.p.NodeInfo        No instantiation for #108. Probably branch label not up to date in orLeft 
25903      WARN  main            d.u.i.k.p.NodeInfo        No instantiation for #109. Probably branch label not up to date in orLeft 
25903      WARN  main            d.u.i.k.p.NodeInfo        No instantiation for #109. Probably branch label not up to date in orLeft 
25903      WARN  main            d.u.i.k.p.NodeInfo        No instantiation for #110. Probably branch label not up to date in orLeft 
25903      WARN  main            d.u.i.k.p.NodeInfo        No instantiation for #110. Probably branch label not up to date in orLeft 
25903      WARN  main            d.u.i.k.p.NodeInfo        No instantiation for #110. Probably branch label not up to date in orLeft 
25903      WARN  main            d.u.i.k.p.NodeInfo        No instantiation for #110. Probably branch label not up to date in orLeft 
25903      WARN  main            d.u.i.k.p.NodeInfo        No instantiation for #110. Probably branch label not up to date in orLeft 
25903      WARN  main            d.u.i.k.p.NodeInfo        No instantiation for #87. Probably branch label not up to date in orLeft 
25903      WARN  main            d.u.i.k.p.NodeInfo        No instantiation for #87. Probably branch label not up to date in orLeft 
25903      WARN  main            d.u.i.k.p.NodeInfo        No instantiation for #88. Probably branch label not up to date in orLeft 
25903      WARN  main            d.u.i.k.p.NodeInfo        No instantiation for #88. Probably branch label not up to date in orLeft 
25903      WARN  main            d.u.i.k.p.NodeInfo        No instantiation for #89. Probably branch label not up to date in orLeft 
25903      WARN  main            d.u.i.k.p.NodeInfo        No instantiation for #89. Probably branch label not up to date in orLeft 
25903      WARN  main            d.u.i.k.p.NodeInfo        No instantiation for #106. Probably branch label not up to date in orLeft 
25903      WARN  main            d.u.i.k.p.NodeInfo        No instantiation for #106. Probably branch label not up to date in orLeft 
25903      WARN  main            d.u.i.k.p.NodeInfo        No instantiation for #106. Probably branch label not up to date in orLeft 
25903      WARN  main            d.u.i.k.p.NodeInfo        No instantiation for #106. Probably branch label not up to date in orLeft 
25903      WARN  main            d.u.i.k.p.NodeInfo        No instantiation for #107. Probably branch label not up to date in orLeft 
25903      WARN  main            d.u.i.k.p.NodeInfo        No instantiation for #107. Probably branch label not up to date in orLeft 
25903      WARN  main            d.u.i.k.p.NodeInfo        No instantiation for #108. Probably branch label not up to date in orLeft 
25903      WARN  main            d.u.i.k.p.NodeInfo        No instantiation for #108. Probably branch label not up to date in orLeft 
25903      WARN  main            d.u.i.k.p.NodeInfo        No instantiation for #109. Probably branch label not up to date in orLeft 
25903      WARN  main            d.u.i.k.p.NodeInfo        No instantiation for #109. Probably branch label not up to date in orLeft 
25903      WARN  main            d.u.i.k.p.NodeInfo        No instantiation for #110. Probably branch label not up to date in orLeft 
25903      WARN  main            d.u.i.k.p.NodeInfo        No instantiation for #110. Probably branch label not up to date in orLeft 
25903      WARN  main            d.u.i.k.p.NodeInfo        No instantiation for #110. Probably branch label not up to date in orLeft 
25903      WARN  main            d.u.i.k.p.NodeInfo        No instantiation for #110. Probably branch label not up to date in orLeft 
25903      WARN  main            d.u.i.k.p.NodeInfo        No instantiation for #110. Probably branch label not up to date in orLeft 
25903      WARN  main            d.u.i.k.p.NodeInfo        No instantiation for #55. Probably branch label not up to date in orLeft 
25903      WARN  main            d.u.i.k.p.NodeInfo        No instantiation for #55. Probably branch label not up to date in orLeft 
25903      WARN  main            d.u.i.k.p.NodeInfo        No instantiation for #56. Probably branch label not up to date in orLeft 
25903      WARN  main            d.u.i.k.p.NodeInfo        No instantiation for #56. Probably branch label not up to date in orLeft 
25903      WARN  main            d.u.i.k.p.NodeInfo        No instantiation for #57. Probably branch label not up to date in orLeft 
25903      WARN  main            d.u.i.k.p.NodeInfo        No instantiation for #57. Probably branch label not up to date in orLeft 
25903      WARN  main            d.u.i.k.p.NodeInfo        No instantiation for #106. Probably branch label not up to date in orLeft 
25903      WARN  main            d.u.i.k.p.NodeInfo        No instantiation for #106. Probably branch label not up to date in orLeft 
25903      WARN  main            d.u.i.k.p.NodeInfo        No instantiation for #106. Probably branch label not up to date in orLeft 
25903      WARN  main            d.u.i.k.p.NodeInfo        No instantiation for #106. Probably branch label not up to date in orLeft 
25903      WARN  main            d.u.i.k.p.NodeInfo        No instantiation for #107. Probably branch label not up to date in orLeft 
25903      WARN  main            d.u.i.k.p.NodeInfo        No instantiation for #107. Probably branch label not up to date in orLeft 
25903      WARN  main            d.u.i.k.p.NodeInfo        No instantiation for #108. Probably branch label not up to date in orLeft 
25903      WARN  main            d.u.i.k.p.NodeInfo        No instantiation for #108. Probably branch label not up to date in orLeft 
25903      WARN  main            d.u.i.k.p.NodeInfo        No instantiation for #109. Probably branch label not up to date in orLeft 
25903      WARN  main            d.u.i.k.p.NodeInfo        No instantiation for #109. Probably branch label not up to date in orLeft 
25903      WARN  main            d.u.i.k.p.NodeInfo        No instantiation for #110. Probably branch label not up to date in orLeft 
25903      WARN  main            d.u.i.k.p.NodeInfo        No instantiation for #110. Probably branch label not up to date in orLeft 
25903      WARN  main            d.u.i.k.p.NodeInfo        No instantiation for #110. Probably branch label not up to date in orLeft 
25903      WARN  main            d.u.i.k.p.NodeInfo        No instantiation for #110. Probably branch label not up to date in orLeft 
25903      WARN  main            d.u.i.k.p.NodeInfo        No instantiation for #110. Probably branch label not up to date in orLeft 
25903      WARN  main            d.u.i.k.p.NodeInfo        No instantiation for #111. Probably branch label not up to date in orLeft 
25903      WARN  main            d.u.i.k.p.NodeInfo        No instantiation for #111. Probably branch label not up to date in orLeft 
25903      WARN  main            d.u.i.k.p.NodeInfo        No instantiation for #112. Probably branch label not up to date in orLeft 
25903      WARN  main            d.u.i.k.p.NodeInfo        No instantiation for #112. Probably branch label not up to date in orLeft 
25903      WARN  main            d.u.i.k.p.NodeInfo        No instantiation for #113. Probably branch label not up to date in orLeft 
25903      WARN  main            d.u.i.k.p.NodeInfo        No instantiation for #113. Probably branch label not up to date in orLeft 
25903      WARN  main            d.u.i.k.p.NodeInfo        No instantiation for #106. Probably branch label not up to date in orLeft 
25903      WARN  main            d.u.i.k.p.NodeInfo        No instantiation for #106. Probably branch label not up to date in orLeft 
25903      WARN  main            d.u.i.k.p.NodeInfo        No instantiation for #106. Probably branch label not up to date in orLeft 
25903      WARN  main            d.u.i.k.p.NodeInfo        No instantiation for #106. Probably branch label not up to date in orLeft 
25903      WARN  main            d.u.i.k.p.NodeInfo        No instantiation for #107. Probably branch label not up to date in orLeft 
25903      WARN  main            d.u.i.k.p.NodeInfo        No instantiation for #107. Probably branch label not up to date in orLeft 
25903      WARN  main            d.u.i.k.p.NodeInfo        No instantiation for #108. Probably branch label not up to date in orLeft 
25903      WARN  main            d.u.i.k.p.NodeInfo        No instantiation for #108. Probably branch label not up to date in orLeft 
25903      WARN  main            d.u.i.k.p.NodeInfo        No instantiation for #109. Probably branch label not up to date in orLeft 
25903      WARN  main            d.u.i.k.p.NodeInfo        No instantiation for #109. Probably branch label not up to date in orLeft 
25903      WARN  main            d.u.i.k.p.NodeInfo        No instantiation for #110. Probably branch label not up to date in orLeft 
25903      WARN  main            d.u.i.k.p.NodeInfo        No instantiation for #110. Probably branch label not up to date in orLeft 
25903      WARN  main            d.u.i.k.p.NodeInfo        No instantiation for #110. Probably branch label not up to date in orLeft 
25903      WARN  main            d.u.i.k.p.NodeInfo        No instantiation for #110. Probably branch label not up to date in orLeft 
25903      WARN  main            d.u.i.k.p.NodeInfo        No instantiation for #110. Probably branch label not up to date in orLeft 
25903      WARN  main            d.u.i.k.p.NodeInfo        No instantiation for #87. Probably branch label not up to date in orLeft 
25903      WARN  main            d.u.i.k.p.NodeInfo        No instantiation for #87. Probably branch label not up to date in orLeft 
25903      WARN  main            d.u.i.k.p.NodeInfo        No instantiation for #88. Probably branch label not up to date in orLeft 
25903      WARN  main            d.u.i.k.p.NodeInfo        No instantiation for #88. Probably branch label not up to date in orLeft 
25903      WARN  main            d.u.i.k.p.NodeInfo        No instantiation for #89. Probably branch label not up to date in orLeft 
25903      WARN  main            d.u.i.k.p.NodeInfo        No instantiation for #89. Probably branch label not up to date in orLeft 
25903      WARN  main            d.u.i.k.p.NodeInfo        No instantiation for #106. Probably branch label not up to date in orLeft 
25903      WARN  main            d.u.i.k.p.NodeInfo        No instantiation for #106. Probably branch label not up to date in orLeft 
25903      WARN  main            d.u.i.k.p.NodeInfo        No instantiation for #106. Probably branch label not up to date in orLeft 
25903      WARN  main            d.u.i.k.p.NodeInfo        No instantiation for #106. Probably branch label not up to date in orLeft 
25903      WARN  main            d.u.i.k.p.NodeInfo        No instantiation for #107. Probably branch label not up to date in orLeft 
25903      WARN  main            d.u.i.k.p.NodeInfo        No instantiation for #107. Probably branch label not up to date in orLeft 
25903      WARN  main            d.u.i.k.p.NodeInfo        No instantiation for #108. Probably branch label not up to date in orLeft 
25903      WARN  main            d.u.i.k.p.NodeInfo        No instantiation for #108. Probably branch label not up to date in orLeft 
25903      WARN  main            d.u.i.k.p.NodeInfo        No instantiation for #109. Probably branch label not up to date in orLeft 
25903      WARN  main            d.u.i.k.p.NodeInfo        No instantiation for #109. Probably branch label not up to date in orLeft 
25903      WARN  main            d.u.i.k.p.NodeInfo        No instantiation for #110. Probably branch label not up to date in orLeft 
25903      WARN  main            d.u.i.k.p.NodeInfo        No instantiation for #110. Probably branch label not up to date in orLeft 
25903      WARN  main            d.u.i.k.p.NodeInfo        No instantiation for #110. Probably branch label not up to date in orLeft 
25903      WARN  main            d.u.i.k.p.NodeInfo        No instantiation for #110. Probably branch label not up to date in orLeft 
25903      WARN  main            d.u.i.k.p.NodeInfo        No instantiation for #110. Probably branch label not up to date in orLeft 
25903      WARN  main            d.u.i.k.p.NodeInfo        No instantiation for #87. Probably branch label not up to date in orLeft 
25903      WARN  main            d.u.i.k.p.NodeInfo        No instantiation for #87. Probably branch label not up to date in orLeft 
25903      WARN  main            d.u.i.k.p.NodeInfo        No instantiation for #88. Probably branch label not up to date in orLeft 
25903      WARN  main            d.u.i.k.p.NodeInfo        No instantiation for #88. Probably branch label not up to date in orLeft 
25903      WARN  main            d.u.i.k.p.NodeInfo        No instantiation for #89. Probably branch label not up to date in orLeft 
25903      WARN  main            d.u.i.k.p.NodeInfo        No instantiation for #89. Probably branch label not up to date in orLeft 
25931      WARN  main            d.u.i.k.p.NodeInfo        No instantiation for #106. Probably branch label not up to date in orLeft 
25931      WARN  main            d.u.i.k.p.NodeInfo        No instantiation for #106. Probably branch label not up to date in orLeft 
25931      WARN  main            d.u.i.k.p.NodeInfo        No instantiation for #106. Probably branch label not up to date in orLeft 
25931      WARN  main            d.u.i.k.p.NodeInfo        No instantiation for #106. Probably branch label not up to date in orLeft 
25931      WARN  main            d.u.i.k.p.NodeInfo        No instantiation for #107. Probably branch label not up to date in orLeft 
25931      WARN  main            d.u.i.k.p.NodeInfo        No instantiation for #107. Probably branch label not up to date in orLeft 
25931      WARN  main            d.u.i.k.p.NodeInfo        No instantiation for #108. Probably branch label not up to date in orLeft 
25931      WARN  main            d.u.i.k.p.NodeInfo        No instantiation for #108. Probably branch label not up to date in orLeft 
25931      WARN  main            d.u.i.k.p.NodeInfo        No instantiation for #109. Probably branch label not up to date in orLeft 
25931      WARN  main            d.u.i.k.p.NodeInfo        No instantiation for #109. Probably branch label not up to date in orLeft 
25931      WARN  main            d.u.i.k.p.NodeInfo        No instantiation for #110. Probably branch label not up to date in orLeft 
25931      WARN  main            d.u.i.k.p.NodeInfo        No instantiation for #110. Probably branch label not up to date in orLeft 
25931      WARN  main            d.u.i.k.p.NodeInfo        No instantiation for #110. Probably branch label not up to date in orLeft 
25931      WARN  main            d.u.i.k.p.NodeInfo        No instantiation for #110. Probably branch label not up to date in orLeft 
25931      WARN  main            d.u.i.k.p.NodeInfo        No instantiation for #110. Probably branch label not up to date in orLeft 
25931      WARN  main            d.u.i.k.p.NodeInfo        No instantiation for #87. Probably branch label not up to date in orLeft 
25931      WARN  main            d.u.i.k.p.NodeInfo        No instantiation for #87. Probably branch label not up to date in orLeft 
25931      WARN  main            d.u.i.k.p.NodeInfo        No instantiation for #88. Probably branch label not up to date in orLeft 
25931      WARN  main            d.u.i.k.p.NodeInfo        No instantiation for #88. Probably branch label not up to date in orLeft 
25931      WARN  main            d.u.i.k.p.NodeInfo        No instantiation for #89. Probably branch label not up to date in orLeft 
25931      WARN  main            d.u.i.k.p.NodeInfo        No instantiation for #89. Probably branch label not up to date in orLeft 
25931      WARN  main            d.u.i.k.p.NodeInfo        No instantiation for #106. Probably branch label not up to date in orLeft 
25931      WARN  main            d.u.i.k.p.NodeInfo        No instantiation for #106. Probably branch label not up to date in orLeft 
25931      WARN  main            d.u.i.k.p.NodeInfo        No instantiation for #106. Probably branch label not up to date in orLeft 
25931      WARN  main            d.u.i.k.p.NodeInfo        No instantiation for #106. Probably branch label not up to date in orLeft 
25931      WARN  main            d.u.i.k.p.NodeInfo        No instantiation for #107. Probably branch label not up to date in orLeft 
25931      WARN  main            d.u.i.k.p.NodeInfo        No instantiation for #107. Probably branch label not up to date in orLeft 
25931      WARN  main            d.u.i.k.p.NodeInfo        No instantiation for #108. Probably branch label not up to date in orLeft 
25931      WARN  main            d.u.i.k.p.NodeInfo        No instantiation for #108. Probably branch label not up to date in orLeft 
25931      WARN  main            d.u.i.k.p.NodeInfo        No instantiation for #109. Probably branch label not up to date in orLeft 
25931      WARN  main            d.u.i.k.p.NodeInfo        No instantiation for #109. Probably branch label not up to date in orLeft 
25931      WARN  main            d.u.i.k.p.NodeInfo        No instantiation for #110. Probably branch label not up to date in orLeft 
25931      WARN  main            d.u.i.k.p.NodeInfo        No instantiation for #110. Probably branch label not up to date in orLeft 
25931      WARN  main            d.u.i.k.p.NodeInfo        No instantiation for #110. Probably branch label not up to date in orLeft 
25931      WARN  main            d.u.i.k.p.NodeInfo        No instantiation for #110. Probably branch label not up to date in orLeft 
25931      WARN  main            d.u.i.k.p.NodeInfo        No instantiation for #110. Probably branch label not up to date in orLeft 
25933      WARN  main            d.u.i.k.p.NodeInfo        No instantiation for #87. Probably branch label not up to date in orLeft 
25933      WARN  main            d.u.i.k.p.NodeInfo        No instantiation for #87. Probably branch label not up to date in orLeft 
25933      WARN  main            d.u.i.k.p.NodeInfo        No instantiation for #88. Probably branch label not up to date in orLeft 
25933      WARN  main            d.u.i.k.p.NodeInfo        No instantiation for #88. Probably branch label not up to date in orLeft 
25933      WARN  main            d.u.i.k.p.NodeInfo        No instantiation for #89. Probably branch label not up to date in orLeft 
25933      WARN  main            d.u.i.k.p.NodeInfo        No instantiation for #89. Probably branch label not up to date in orLeft 
25945      WARN  main            d.u.i.k.p.NodeInfo        No instantiation for #106. Probably branch label not up to date in orLeft 
25945      WARN  main            d.u.i.k.p.NodeInfo        No instantiation for #106. Probably branch label not up to date in orLeft 
25945      WARN  main            d.u.i.k.p.NodeInfo        No instantiation for #106. Probably branch label not up to date in orLeft 
25945      WARN  main            d.u.i.k.p.NodeInfo        No instantiation for #106. Probably branch label not up to date in orLeft 
25945      WARN  main            d.u.i.k.p.NodeInfo        No instantiation for #107. Probably branch label not up to date in orLeft 
25945      WARN  main            d.u.i.k.p.NodeInfo        No instantiation for #107. Probably branch label not up to date in orLeft 
25945      WARN  main            d.u.i.k.p.NodeInfo        No instantiation for #108. Probably branch label not up to date in orLeft 
25945      WARN  main            d.u.i.k.p.NodeInfo        No instantiation for #108. Probably branch label not up to date in orLeft 
25945      WARN  main            d.u.i.k.p.NodeInfo        No instantiation for #109. Probably branch label not up to date in orLeft 
25945      WARN  main            d.u.i.k.p.NodeInfo        No instantiation for #109. Probably branch label not up to date in orLeft 
25945      WARN  main            d.u.i.k.p.NodeInfo        No instantiation for #110. Probably branch label not up to date in orLeft 
25945      WARN  main            d.u.i.k.p.NodeInfo        No instantiation for #110. Probably branch label not up to date in orLeft 
25945      WARN  main            d.u.i.k.p.NodeInfo        No instantiation for #110. Probably branch label not up to date in orLeft 
25945      WARN  main            d.u.i.k.p.NodeInfo        No instantiation for #110. Probably branch label not up to date in orLeft 
25945      WARN  main            d.u.i.k.p.NodeInfo        No instantiation for #110. Probably branch label not up to date in orLeft 
25945      WARN  main            d.u.i.k.p.NodeInfo        No instantiation for #55. Probably branch label not up to date in orLeft 
25945      WARN  main            d.u.i.k.p.NodeInfo        No instantiation for #55. Probably branch label not up to date in orLeft 
25945      WARN  main            d.u.i.k.p.NodeInfo        No instantiation for #56. Probably branch label not up to date in orLeft 
25945      WARN  main            d.u.i.k.p.NodeInfo        No instantiation for #56. Probably branch label not up to date in orLeft 
25945      WARN  main            d.u.i.k.p.NodeInfo        No instantiation for #57. Probably branch label not up to date in orLeft 
25945      WARN  main            d.u.i.k.p.NodeInfo        No instantiation for #57. Probably branch label not up to date in orLeft 
25945      WARN  main            d.u.i.k.p.NodeInfo        No instantiation for #106. Probably branch label not up to date in orLeft 
25945      WARN  main            d.u.i.k.p.NodeInfo        No instantiation for #106. Probably branch label not up to date in orLeft 
25945      WARN  main            d.u.i.k.p.NodeInfo        No instantiation for #106. Probably branch label not up to date in orLeft 
25945      WARN  main            d.u.i.k.p.NodeInfo        No instantiation for #106. Probably branch label not up to date in orLeft 
25945      WARN  main            d.u.i.k.p.NodeInfo        No instantiation for #107. Probably branch label not up to date in orLeft 
25945      WARN  main            d.u.i.k.p.NodeInfo        No instantiation for #107. Probably branch label not up to date in orLeft 
25946      WARN  main            d.u.i.k.p.NodeInfo        No instantiation for #108. Probably branch label not up to date in orLeft 
25946      WARN  main            d.u.i.k.p.NodeInfo        No instantiation for #108. Probably branch label not up to date in orLeft 
25946      WARN  main            d.u.i.k.p.NodeInfo        No instantiation for #109. Probably branch label not up to date in orLeft 
25946      WARN  main            d.u.i.k.p.NodeInfo        No instantiation for #109. Probably branch label not up to date in orLeft 
25946      WARN  main            d.u.i.k.p.NodeInfo        No instantiation for #110. Probably branch label not up to date in orLeft 
25946      WARN  main            d.u.i.k.p.NodeInfo        No instantiation for #110. Probably branch label not up to date in orLeft 
25946      WARN  main            d.u.i.k.p.NodeInfo        No instantiation for #110. Probably branch label not up to date in orLeft 
25946      WARN  main            d.u.i.k.p.NodeInfo        No instantiation for #110. Probably branch label not up to date in orLeft 
25946      WARN  main            d.u.i.k.p.NodeInfo        No instantiation for #110. Probably branch label not up to date in orLeft 
25946      WARN  main            d.u.i.k.p.NodeInfo        No instantiation for #55. Probably branch label not up to date in orLeft 
25946      WARN  main            d.u.i.k.p.NodeInfo        No instantiation for #55. Probably branch label not up to date in orLeft 
25946      WARN  main            d.u.i.k.p.NodeInfo        No instantiation for #56. Probably branch label not up to date in orLeft 
25946      WARN  main            d.u.i.k.p.NodeInfo        No instantiation for #56. Probably branch label not up to date in orLeft 
25946      WARN  main            d.u.i.k.p.NodeInfo        No instantiation for #57. Probably branch label not up to date in orLeft 
25946      WARN  main            d.u.i.k.p.NodeInfo        No instantiation for #57. Probably branch label not up to date in orLeft 
25946      WARN  main            d.u.i.k.p.NodeInfo        No instantiation for #106. Probably branch label not up to date in orLeft 
25946      WARN  main            d.u.i.k.p.NodeInfo        No instantiation for #106. Probably branch label not up to date in orLeft 
25946      WARN  main            d.u.i.k.p.NodeInfo        No instantiation for #106. Probably branch label not up to date in orLeft 
25946      WARN  main            d.u.i.k.p.NodeInfo        No instantiation for #106. Probably branch label not up to date in orLeft 
25946      WARN  main            d.u.i.k.p.NodeInfo        No instantiation for #107. Probably branch label not up to date in orLeft 
25946      WARN  main            d.u.i.k.p.NodeInfo        No instantiation for #107. Probably branch label not up to date in orLeft 
25946      WARN  main            d.u.i.k.p.NodeInfo        No instantiation for #108. Probably branch label not up to date in orLeft 
25946      WARN  main            d.u.i.k.p.NodeInfo        No instantiation for #108. Probably branch label not up to date in orLeft 
25946      WARN  main            d.u.i.k.p.NodeInfo        No instantiation for #109. Probably branch label not up to date in orLeft 
25946      WARN  main            d.u.i.k.p.NodeInfo        No instantiation for #109. Probably branch label not up to date in orLeft 
25946      WARN  main            d.u.i.k.p.NodeInfo        No instantiation for #110. Probably branch label not up to date in orLeft 
25946      WARN  main            d.u.i.k.p.NodeInfo        No instantiation for #110. Probably branch label not up to date in orLeft 
25946      WARN  main            d.u.i.k.p.NodeInfo        No instantiation for #110. Probably branch label not up to date in orLeft 
25946      WARN  main            d.u.i.k.p.NodeInfo        No instantiation for #110. Probably branch label not up to date in orLeft 
25946      WARN  main            d.u.i.k.p.NodeInfo        No instantiation for #110. Probably branch label not up to date in orLeft 
25946      WARN  main            d.u.i.k.p.NodeInfo        No instantiation for #55. Probably branch label not up to date in orLeft 
25946      WARN  main            d.u.i.k.p.NodeInfo        No instantiation for #55. Probably branch label not up to date in orLeft 
25946      WARN  main            d.u.i.k.p.NodeInfo        No instantiation for #56. Probably branch label not up to date in orLeft 
25946      WARN  main            d.u.i.k.p.NodeInfo        No instantiation for #56. Probably branch label not up to date in orLeft 
25946      WARN  main            d.u.i.k.p.NodeInfo        No instantiation for #57. Probably branch label not up to date in orLeft 
25946      WARN  main            d.u.i.k.p.NodeInfo        No instantiation for #57. Probably branch label not up to date in orLeft 
25946      WARN  main            d.u.i.k.p.NodeInfo        No instantiation for #106. Probably branch label not up to date in orLeft 
25946      WARN  main            d.u.i.k.p.NodeInfo        No instantiation for #106. Probably branch label not up to date in orLeft 
25946      WARN  main            d.u.i.k.p.NodeInfo        No instantiation for #106. Probably branch label not up to date in orLeft 
25946      WARN  main            d.u.i.k.p.NodeInfo        No instantiation for #106. Probably branch label not up to date in orLeft 
25946      WARN  main            d.u.i.k.p.NodeInfo        No instantiation for #107. Probably branch label not up to date in orLeft 
25946      WARN  main            d.u.i.k.p.NodeInfo        No instantiation for #107. Probably branch label not up to date in orLeft 
25946      WARN  main            d.u.i.k.p.NodeInfo        No instantiation for #108. Probably branch label not up to date in orLeft 
25946      WARN  main            d.u.i.k.p.NodeInfo        No instantiation for #108. Probably branch label not up to date in orLeft 
25946      WARN  main            d.u.i.k.p.NodeInfo        No instantiation for #109. Probably branch label not up to date in orLeft 
25946      WARN  main            d.u.i.k.p.NodeInfo        No instantiation for #109. Probably branch label not up to date in orLeft 
25946      WARN  main            d.u.i.k.p.NodeInfo        No instantiation for #110. Probably branch label not up to date in orLeft 
25946      WARN  main            d.u.i.k.p.NodeInfo        No instantiation for #110. Probably branch label not up to date in orLeft 
25946      WARN  main            d.u.i.k.p.NodeInfo        No instantiation for #110. Probably branch label not up to date in orLeft 
25946      WARN  main            d.u.i.k.p.NodeInfo        No instantiation for #110. Probably branch label not up to date in orLeft 
25946      WARN  main            d.u.i.k.p.NodeInfo        No instantiation for #110. Probably branch label not up to date in orLeft 
25946      WARN  main            d.u.i.k.p.NodeInfo        No instantiation for #87. Probably branch label not up to date in orLeft 
25946      WARN  main            d.u.i.k.p.NodeInfo        No instantiation for #87. Probably branch label not up to date in orLeft 
25946      WARN  main            d.u.i.k.p.NodeInfo        No instantiation for #88. Probably branch label not up to date in orLeft 
25946      WARN  main            d.u.i.k.p.NodeInfo        No instantiation for #88. Probably branch label not up to date in orLeft 
25946      WARN  main            d.u.i.k.p.NodeInfo        No instantiation for #89. Probably branch label not up to date in orLeft 
25946      WARN  main            d.u.i.k.p.NodeInfo        No instantiation for #89. Probably branch label not up to date in orLeft 
25946      WARN  main            d.u.i.k.p.NodeInfo        No instantiation for #106. Probably branch label not up to date in orLeft 
25946      WARN  main            d.u.i.k.p.NodeInfo        No instantiation for #106. Probably branch label not up to date in orLeft 
25946      WARN  main            d.u.i.k.p.NodeInfo        No instantiation for #106. Probably branch label not up to date in orLeft 
25946      WARN  main            d.u.i.k.p.NodeInfo        No instantiation for #106. Probably branch label not up to date in orLeft 
25946      WARN  main            d.u.i.k.p.NodeInfo        No instantiation for #107. Probably branch label not up to date in orLeft 
25946      WARN  main            d.u.i.k.p.NodeInfo        No instantiation for #107. Probably branch label not up to date in orLeft 
25946      WARN  main            d.u.i.k.p.NodeInfo        No instantiation for #108. Probably branch label not up to date in orLeft 
25946      WARN  main            d.u.i.k.p.NodeInfo        No instantiation for #108. Probably branch label not up to date in orLeft 
25946      WARN  main            d.u.i.k.p.NodeInfo        No instantiation for #109. Probably branch label not up to date in orLeft 
25946      WARN  main            d.u.i.k.p.NodeInfo        No instantiation for #109. Probably branch label not up to date in orLeft 
25946      WARN  main            d.u.i.k.p.NodeInfo        No instantiation for #110. Probably branch label not up to date in orLeft 
25946      WARN  main            d.u.i.k.p.NodeInfo        No instantiation for #110. Probably branch label not up to date in orLeft 
25946      WARN  main            d.u.i.k.p.NodeInfo        No instantiation for #110. Probably branch label not up to date in orLeft 
25946      WARN  main            d.u.i.k.p.NodeInfo        No instantiation for #110. Probably branch label not up to date in orLeft 
25946      WARN  main            d.u.i.k.p.NodeInfo        No instantiation for #110. Probably branch label not up to date in orLeft 
25946      WARN  main            d.u.i.k.p.NodeInfo        No instantiation for #55. Probably branch label not up to date in orLeft 
25946      WARN  main            d.u.i.k.p.NodeInfo        No instantiation for #55. Probably branch label not up to date in orLeft 
25946      WARN  main            d.u.i.k.p.NodeInfo        No instantiation for #56. Probably branch label not up to date in orLeft 
25946      WARN  main            d.u.i.k.p.NodeInfo        No instantiation for #56. Probably branch label not up to date in orLeft 
25946      WARN  main            d.u.i.k.p.NodeInfo        No instantiation for #57. Probably branch label not up to date in orLeft 
25946      WARN  main            d.u.i.k.p.NodeInfo        No instantiation for #57. Probably branch label not up to date in orLeft 
25947      WARN  main            d.u.i.k.p.NodeInfo        No instantiation for #106. Probably branch label not up to date in orLeft 
25947      WARN  main            d.u.i.k.p.NodeInfo        No instantiation for #106. Probably branch label not up to date in orLeft 
25947      WARN  main            d.u.i.k.p.NodeInfo        No instantiation for #106. Probably branch label not up to date in orLeft 
25947      WARN  main            d.u.i.k.p.NodeInfo        No instantiation for #106. Probably branch label not up to date in orLeft 
25947      WARN  main            d.u.i.k.p.NodeInfo        No instantiation for #107. Probably branch label not up to date in orLeft 
25947      WARN  main            d.u.i.k.p.NodeInfo        No instantiation for #107. Probably branch label not up to date in orLeft 
25947      WARN  main            d.u.i.k.p.NodeInfo        No instantiation for #108. Probably branch label not up to date in orLeft 
25947      WARN  main            d.u.i.k.p.NodeInfo        No instantiation for #108. Probably branch label not up to date in orLeft 
25947      WARN  main            d.u.i.k.p.NodeInfo        No instantiation for #109. Probably branch label not up to date in orLeft 
25947      WARN  main            d.u.i.k.p.NodeInfo        No instantiation for #109. Probably branch label not up to date in orLeft 
25947      WARN  main            d.u.i.k.p.NodeInfo        No instantiation for #110. Probably branch label not up to date in orLeft 
25947      WARN  main            d.u.i.k.p.NodeInfo        No instantiation for #110. Probably branch label not up to date in orLeft 
25947      WARN  main            d.u.i.k.p.NodeInfo        No instantiation for #110. Probably branch label not up to date in orLeft 
25947      WARN  main            d.u.i.k.p.NodeInfo        No instantiation for #110. Probably branch label not up to date in orLeft 
25947      WARN  main            d.u.i.k.p.NodeInfo        No instantiation for #110. Probably branch label not up to date in orLeft 
25947      WARN  main            d.u.i.k.p.NodeInfo        No instantiation for #111. Probably branch label not up to date in orLeft 
25947      WARN  main            d.u.i.k.p.NodeInfo        No instantiation for #111. Probably branch label not up to date in orLeft 
25947      WARN  main            d.u.i.k.p.NodeInfo        No instantiation for #112. Probably branch label not up to date in orLeft 
25947      WARN  main            d.u.i.k.p.NodeInfo        No instantiation for #112. Probably branch label not up to date in orLeft 
25947      WARN  main            d.u.i.k.p.NodeInfo        No instantiation for #113. Probably branch label not up to date in orLeft 
25947      WARN  main            d.u.i.k.p.NodeInfo        No instantiation for #113. Probably branch label not up to date in orLeft 
25975      WARN  main            d.u.i.k.p.NodeInfo        No instantiation for #106. Probably branch label not up to date in orLeft 
25976      WARN  main            d.u.i.k.p.NodeInfo        No instantiation for #106. Probably branch label not up to date in orLeft 
25976      WARN  main            d.u.i.k.p.NodeInfo        No instantiation for #106. Probably branch label not up to date in orLeft 
25976      WARN  main            d.u.i.k.p.NodeInfo        No instantiation for #106. Probably branch label not up to date in orLeft 
25976      WARN  main            d.u.i.k.p.NodeInfo        No instantiation for #107. Probably branch label not up to date in orLeft 
25976      WARN  main            d.u.i.k.p.NodeInfo        No instantiation for #107. Probably branch label not up to date in orLeft 
25976      WARN  main            d.u.i.k.p.NodeInfo        No instantiation for #108. Probably branch label not up to date in orLeft 
25976      WARN  main            d.u.i.k.p.NodeInfo        No instantiation for #108. Probably branch label not up to date in orLeft 
25976      WARN  main            d.u.i.k.p.NodeInfo        No instantiation for #109. Probably branch label not up to date in orLeft 
25976      WARN  main            d.u.i.k.p.NodeInfo        No instantiation for #109. Probably branch label not up to date in orLeft 
25976      WARN  main            d.u.i.k.p.NodeInfo        No instantiation for #110. Probably branch label not up to date in orLeft 
25976      WARN  main            d.u.i.k.p.NodeInfo        No instantiation for #110. Probably branch label not up to date in orLeft 
25976      WARN  main            d.u.i.k.p.NodeInfo        No instantiation for #110. Probably branch label not up to date in orLeft 
25976      WARN  main            d.u.i.k.p.NodeInfo        No instantiation for #110. Probably branch label not up to date in orLeft 
25976      WARN  main            d.u.i.k.p.NodeInfo        No instantiation for #110. Probably branch label not up to date in orLeft 
25976      WARN  main            d.u.i.k.p.NodeInfo        No instantiation for #55. Probably branch label not up to date in orLeft 
25976      WARN  main            d.u.i.k.p.NodeInfo        No instantiation for #55. Probably branch label not up to date in orLeft 
25976      WARN  main            d.u.i.k.p.NodeInfo        No instantiation for #56. Probably branch label not up to date in orLeft 
25976      WARN  main            d.u.i.k.p.NodeInfo        No instantiation for #56. Probably branch label not up to date in orLeft 
25976      WARN  main            d.u.i.k.p.NodeInfo        No instantiation for #57. Probably branch label not up to date in orLeft 
25976      WARN  main            d.u.i.k.p.NodeInfo        No instantiation for #57. Probably branch label not up to date in orLeft 
25976      WARN  main            d.u.i.k.p.NodeInfo        No instantiation for #106. Probably branch label not up to date in orLeft 
25976      WARN  main            d.u.i.k.p.NodeInfo        No instantiation for #106. Probably branch label not up to date in orLeft 
25976      WARN  main            d.u.i.k.p.NodeInfo        No instantiation for #106. Probably branch label not up to date in orLeft 
25976      WARN  main            d.u.i.k.p.NodeInfo        No instantiation for #106. Probably branch label not up to date in orLeft 
25976      WARN  main            d.u.i.k.p.NodeInfo        No instantiation for #107. Probably branch label not up to date in orLeft 
25976      WARN  main            d.u.i.k.p.NodeInfo        No instantiation for #107. Probably branch label not up to date in orLeft 
25976      WARN  main            d.u.i.k.p.NodeInfo        No instantiation for #108. Probably branch label not up to date in orLeft 
25976      WARN  main            d.u.i.k.p.NodeInfo        No instantiation for #108. Probably branch label not up to date in orLeft 
25976      WARN  main            d.u.i.k.p.NodeInfo        No instantiation for #109. Probably branch label not up to date in orLeft 
25976      WARN  main            d.u.i.k.p.NodeInfo        No instantiation for #109. Probably branch label not up to date in orLeft 
25976      WARN  main            d.u.i.k.p.NodeInfo        No instantiation for #110. Probably branch label not up to date in orLeft 
25976      WARN  main            d.u.i.k.p.NodeInfo        No instantiation for #110. Probably branch label not up to date in orLeft 
25976      WARN  main            d.u.i.k.p.NodeInfo        No instantiation for #110. Probably branch label not up to date in orLeft 
25976      WARN  main            d.u.i.k.p.NodeInfo        No instantiation for #110. Probably branch label not up to date in orLeft 
25976      WARN  main            d.u.i.k.p.NodeInfo        No instantiation for #110. Probably branch label not up to date in orLeft 
25976      WARN  main            d.u.i.k.p.NodeInfo        No instantiation for #111. Probably branch label not up to date in orLeft 
25976      WARN  main            d.u.i.k.p.NodeInfo        No instantiation for #111. Probably branch label not up to date in orLeft 
25976      WARN  main            d.u.i.k.p.NodeInfo        No instantiation for #112. Probably branch label not up to date in orLeft 
25976      WARN  main            d.u.i.k.p.NodeInfo        No instantiation for #112. Probably branch label not up to date in orLeft 
25976      WARN  main            d.u.i.k.p.NodeInfo        No instantiation for #113. Probably branch label not up to date in orLeft 
25976      WARN  main            d.u.i.k.p.NodeInfo        No instantiation for #113. Probably branch label not up to date in orLeft 
25984      WARN  main            d.u.i.k.p.NodeInfo        No instantiation for #106. Probably branch label not up to date in orLeft 
25984      WARN  main            d.u.i.k.p.NodeInfo        No instantiation for #106. Probably branch label not up to date in orLeft 
25984      WARN  main            d.u.i.k.p.NodeInfo        No instantiation for #106. Probably branch label not up to date in orLeft 
25984      WARN  main            d.u.i.k.p.NodeInfo        No instantiation for #106. Probably branch label not up to date in orLeft 
25984      WARN  main            d.u.i.k.p.NodeInfo        No instantiation for #107. Probably branch label not up to date in orLeft 
25984      WARN  main            d.u.i.k.p.NodeInfo        No instantiation for #107. Probably branch label not up to date in orLeft 
25984      WARN  main            d.u.i.k.p.NodeInfo        No instantiation for #108. Probably branch label not up to date in orLeft 
25984      WARN  main            d.u.i.k.p.NodeInfo        No instantiation for #108. Probably branch label not up to date in orLeft 
25984      WARN  main            d.u.i.k.p.NodeInfo        No instantiation for #109. Probably branch label not up to date in orLeft 
25984      WARN  main            d.u.i.k.p.NodeInfo        No instantiation for #109. Probably branch label not up to date in orLeft 
25984      WARN  main            d.u.i.k.p.NodeInfo        No instantiation for #110. Probably branch label not up to date in orLeft 
25984      WARN  main            d.u.i.k.p.NodeInfo        No instantiation for #110. Probably branch label not up to date in orLeft 
25984      WARN  main            d.u.i.k.p.NodeInfo        No instantiation for #110. Probably branch label not up to date in orLeft 
25984      WARN  main            d.u.i.k.p.NodeInfo        No instantiation for #110. Probably branch label not up to date in orLeft 
25984      WARN  main            d.u.i.k.p.NodeInfo        No instantiation for #110. Probably branch label not up to date in orLeft 
25984      WARN  main            d.u.i.k.p.NodeInfo        No instantiation for #55. Probably branch label not up to date in orLeft 
25984      WARN  main            d.u.i.k.p.NodeInfo        No instantiation for #55. Probably branch label not up to date in orLeft 
25984      WARN  main            d.u.i.k.p.NodeInfo        No instantiation for #56. Probably branch label not up to date in orLeft 
25984      WARN  main            d.u.i.k.p.NodeInfo        No instantiation for #56. Probably branch label not up to date in orLeft 
25984      WARN  main            d.u.i.k.p.NodeInfo        No instantiation for #57. Probably branch label not up to date in orLeft 
25984      WARN  main            d.u.i.k.p.NodeInfo        No instantiation for #57. Probably branch label not up to date in orLeft 
25984      WARN  main            d.u.i.k.p.NodeInfo        No instantiation for #106. Probably branch label not up to date in orLeft 
25984      WARN  main            d.u.i.k.p.NodeInfo        No instantiation for #106. Probably branch label not up to date in orLeft 
25985      WARN  main            d.u.i.k.p.NodeInfo        No instantiation for #106. Probably branch label not up to date in orLeft 
25985      WARN  main            d.u.i.k.p.NodeInfo        No instantiation for #106. Probably branch label not up to date in orLeft 
25985      WARN  main            d.u.i.k.p.NodeInfo        No instantiation for #107. Probably branch label not up to date in orLeft 
25985      WARN  main            d.u.i.k.p.NodeInfo        No instantiation for #107. Probably branch label not up to date in orLeft 
25985      WARN  main            d.u.i.k.p.NodeInfo        No instantiation for #108. Probably branch label not up to date in orLeft 
25985      WARN  main            d.u.i.k.p.NodeInfo        No instantiation for #108. Probably branch label not up to date in orLeft 
25985      WARN  main            d.u.i.k.p.NodeInfo        No instantiation for #109. Probably branch label not up to date in orLeft 
25985      WARN  main            d.u.i.k.p.NodeInfo        No instantiation for #109. Probably branch label not up to date in orLeft 
25985      WARN  main            d.u.i.k.p.NodeInfo        No instantiation for #110. Probably branch label not up to date in orLeft 
25985      WARN  main            d.u.i.k.p.NodeInfo        No instantiation for #110. Probably branch label not up to date in orLeft 
25985      WARN  main            d.u.i.k.p.NodeInfo        No instantiation for #110. Probably branch label not up to date in orLeft 
25985      WARN  main            d.u.i.k.p.NodeInfo        No instantiation for #110. Probably branch label not up to date in orLeft 
25985      WARN  main            d.u.i.k.p.NodeInfo        No instantiation for #110. Probably branch label not up to date in orLeft 
25985      WARN  main            d.u.i.k.p.NodeInfo        No instantiation for #55. Probably branch label not up to date in orLeft 
25985      WARN  main            d.u.i.k.p.NodeInfo        No instantiation for #55. Probably branch label not up to date in orLeft 
25985      WARN  main            d.u.i.k.p.NodeInfo        No instantiation for #56. Probably branch label not up to date in orLeft 
25985      WARN  main            d.u.i.k.p.NodeInfo        No instantiation for #56. Probably branch label not up to date in orLeft 
25985      WARN  main            d.u.i.k.p.NodeInfo        No instantiation for #57. Probably branch label not up to date in orLeft 
25985      WARN  main            d.u.i.k.p.NodeInfo        No instantiation for #57. Probably branch label not up to date in orLeft 
25985      WARN  main            d.u.i.k.p.NodeInfo        No instantiation for #106. Probably branch label not up to date in orLeft 
25985      WARN  main            d.u.i.k.p.NodeInfo        No instantiation for #106. Probably branch label not up to date in orLeft 
25985      WARN  main            d.u.i.k.p.NodeInfo        No instantiation for #106. Probably branch label not up to date in orLeft 
25985      WARN  main            d.u.i.k.p.NodeInfo        No instantiation for #106. Probably branch label not up to date in orLeft 
25985      WARN  main            d.u.i.k.p.NodeInfo        No instantiation for #107. Probably branch label not up to date in orLeft 
25985      WARN  main            d.u.i.k.p.NodeInfo        No instantiation for #107. Probably branch label not up to date in orLeft 
25985      WARN  main            d.u.i.k.p.NodeInfo        No instantiation for #108. Probably branch label not up to date in orLeft 
25985      WARN  main            d.u.i.k.p.NodeInfo        No instantiation for #108. Probably branch label not up to date in orLeft 
25985      WARN  main            d.u.i.k.p.NodeInfo        No instantiation for #109. Probably branch label not up to date in orLeft 
25985      WARN  main            d.u.i.k.p.NodeInfo        No instantiation for #109. Probably branch label not up to date in orLeft 
25985      WARN  main            d.u.i.k.p.NodeInfo        No instantiation for #110. Probably branch label not up to date in orLeft 
25985      WARN  main            d.u.i.k.p.NodeInfo        No instantiation for #110. Probably branch label not up to date in orLeft 
25985      WARN  main            d.u.i.k.p.NodeInfo        No instantiation for #110. Probably branch label not up to date in orLeft 
25985      WARN  main            d.u.i.k.p.NodeInfo        No instantiation for #110. Probably branch label not up to date in orLeft 
25985      WARN  main            d.u.i.k.p.NodeInfo        No instantiation for #110. Probably branch label not up to date in orLeft 
25985      WARN  main            d.u.i.k.p.NodeInfo        No instantiation for #55. Probably branch label not up to date in orLeft 
25985      WARN  main            d.u.i.k.p.NodeInfo        No instantiation for #55. Probably branch label not up to date in orLeft 
25985      WARN  main            d.u.i.k.p.NodeInfo        No instantiation for #56. Probably branch label not up to date in orLeft 
25985      WARN  main            d.u.i.k.p.NodeInfo        No instantiation for #56. Probably branch label not up to date in orLeft 
25985      WARN  main            d.u.i.k.p.NodeInfo        No instantiation for #57. Probably branch label not up to date in orLeft 
25985      WARN  main            d.u.i.k.p.NodeInfo        No instantiation for #57. Probably branch label not up to date in orLeft 
25985      WARN  main            d.u.i.k.p.NodeInfo        No instantiation for #106. Probably branch label not up to date in orLeft 
25985      WARN  main            d.u.i.k.p.NodeInfo        No instantiation for #106. Probably branch label not up to date in orLeft 
25985      WARN  main            d.u.i.k.p.NodeInfo        No instantiation for #106. Probably branch label not up to date in orLeft 
25985      WARN  main            d.u.i.k.p.NodeInfo        No instantiation for #106. Probably branch label not up to date in orLeft 
25985      WARN  main            d.u.i.k.p.NodeInfo        No instantiation for #107. Probably branch label not up to date in orLeft 
25985      WARN  main            d.u.i.k.p.NodeInfo        No instantiation for #107. Probably branch label not up to date in orLeft 
25985      WARN  main            d.u.i.k.p.NodeInfo        No instantiation for #108. Probably branch label not up to date in orLeft 
25985      WARN  main            d.u.i.k.p.NodeInfo        No instantiation for #108. Probably branch label not up to date in orLeft 
25985      WARN  main            d.u.i.k.p.NodeInfo        No instantiation for #109. Probably branch label not up to date in orLeft 
25985      WARN  main            d.u.i.k.p.NodeInfo        No instantiation for #109. Probably branch label not up to date in orLeft 
25985      WARN  main            d.u.i.k.p.NodeInfo        No instantiation for #110. Probably branch label not up to date in orLeft 
25985      WARN  main            d.u.i.k.p.NodeInfo        No instantiation for #110. Probably branch label not up to date in orLeft 
25985      WARN  main            d.u.i.k.p.NodeInfo        No instantiation for #110. Probably branch label not up to date in orLeft 
25985      WARN  main            d.u.i.k.p.NodeInfo        No instantiation for #110. Probably branch label not up to date in orLeft 
25985      WARN  main            d.u.i.k.p.NodeInfo        No instantiation for #110. Probably branch label not up to date in orLeft 
25985      WARN  main            d.u.i.k.p.NodeInfo        No instantiation for #87. Probably branch label not up to date in orLeft 
25985      WARN  main            d.u.i.k.p.NodeInfo        No instantiation for #87. Probably branch label not up to date in orLeft 
25985      WARN  main            d.u.i.k.p.NodeInfo        No instantiation for #88. Probably branch label not up to date in orLeft 
25985      WARN  main            d.u.i.k.p.NodeInfo        No instantiation for #88. Probably branch label not up to date in orLeft 
25985      WARN  main            d.u.i.k.p.NodeInfo        No instantiation for #89. Probably branch label not up to date in orLeft 
25985      WARN  main            d.u.i.k.p.NodeInfo        No instantiation for #89. Probably branch label not up to date in orLeft 
26010      WARN  main            d.u.i.k.p.NodeInfo        No instantiation for #106. Probably branch label not up to date in orLeft 
26010      WARN  main            d.u.i.k.p.NodeInfo        No instantiation for #106. Probably branch label not up to date in orLeft 
26010      WARN  main            d.u.i.k.p.NodeInfo        No instantiation for #106. Probably branch label not up to date in orLeft 
26010      WARN  main            d.u.i.k.p.NodeInfo        No instantiation for #106. Probably branch label not up to date in orLeft 
26010      WARN  main            d.u.i.k.p.NodeInfo        No instantiation for #107. Probably branch label not up to date in orLeft 
26010      WARN  main            d.u.i.k.p.NodeInfo        No instantiation for #107. Probably branch label not up to date in orLeft 
26010      WARN  main            d.u.i.k.p.NodeInfo        No instantiation for #108. Probably branch label not up to date in orLeft 
26010      WARN  main            d.u.i.k.p.NodeInfo        No instantiation for #108. Probably branch label not up to date in orLeft 
26010      WARN  main            d.u.i.k.p.NodeInfo        No instantiation for #109. Probably branch label not up to date in orLeft 
26010      WARN  main            d.u.i.k.p.NodeInfo        No instantiation for #109. Probably branch label not up to date in orLeft 
26010      WARN  main            d.u.i.k.p.NodeInfo        No instantiation for #110. Probably branch label not up to date in orLeft 
26010      WARN  main            d.u.i.k.p.NodeInfo        No instantiation for #110. Probably branch label not up to date in orLeft 
26010      WARN  main            d.u.i.k.p.NodeInfo        No instantiation for #110. Probably branch label not up to date in orLeft 
26010      WARN  main            d.u.i.k.p.NodeInfo        No instantiation for #110. Probably branch label not up to date in orLeft 
26010      WARN  main            d.u.i.k.p.NodeInfo        No instantiation for #110. Probably branch label not up to date in orLeft 
26010      WARN  main            d.u.i.k.p.NodeInfo        No instantiation for #55. Probably branch label not up to date in orLeft 
26010      WARN  main            d.u.i.k.p.NodeInfo        No instantiation for #55. Probably branch label not up to date in orLeft 
26010      WARN  main            d.u.i.k.p.NodeInfo        No instantiation for #56. Probably branch label not up to date in orLeft 
26010      WARN  main            d.u.i.k.p.NodeInfo        No instantiation for #56. Probably branch label not up to date in orLeft 
26010      WARN  main            d.u.i.k.p.NodeInfo        No instantiation for #57. Probably branch label not up to date in orLeft 
26010      WARN  main            d.u.i.k.p.NodeInfo        No instantiation for #57. Probably branch label not up to date in orLeft 
26010      WARN  main            d.u.i.k.p.NodeInfo        No instantiation for #106. Probably branch label not up to date in orLeft 
26010      WARN  main            d.u.i.k.p.NodeInfo        No instantiation for #106. Probably branch label not up to date in orLeft 
26010      WARN  main            d.u.i.k.p.NodeInfo        No instantiation for #106. Probably branch label not up to date in orLeft 
26010      WARN  main            d.u.i.k.p.NodeInfo        No instantiation for #106. Probably branch label not up to date in orLeft 
26010      WARN  main            d.u.i.k.p.NodeInfo        No instantiation for #107. Probably branch label not up to date in orLeft 
26010      WARN  main            d.u.i.k.p.NodeInfo        No instantiation for #107. Probably branch label not up to date in orLeft 
26011      WARN  main            d.u.i.k.p.NodeInfo        No instantiation for #108. Probably branch label not up to date in orLeft 
26011      WARN  main            d.u.i.k.p.NodeInfo        No instantiation for #108. Probably branch label not up to date in orLeft 
26011      WARN  main            d.u.i.k.p.NodeInfo        No instantiation for #109. Probably branch label not up to date in orLeft 
26011      WARN  main            d.u.i.k.p.NodeInfo        No instantiation for #109. Probably branch label not up to date in orLeft 
26011      WARN  main            d.u.i.k.p.NodeInfo        No instantiation for #110. Probably branch label not up to date in orLeft 
26011      WARN  main            d.u.i.k.p.NodeInfo        No instantiation for #110. Probably branch label not up to date in orLeft 
26011      WARN  main            d.u.i.k.p.NodeInfo        No instantiation for #110. Probably branch label not up to date in orLeft 
26011      WARN  main            d.u.i.k.p.NodeInfo        No instantiation for #110. Probably branch label not up to date in orLeft 
26011      WARN  main            d.u.i.k.p.NodeInfo        No instantiation for #110. Probably branch label not up to date in orLeft 
26011      WARN  main            d.u.i.k.p.NodeInfo        No instantiation for #87. Probably branch label not up to date in orLeft 
26011      WARN  main            d.u.i.k.p.NodeInfo        No instantiation for #87. Probably branch label not up to date in orLeft 
26011      WARN  main            d.u.i.k.p.NodeInfo        No instantiation for #88. Probably branch label not up to date in orLeft 
26011      WARN  main            d.u.i.k.p.NodeInfo        No instantiation for #88. Probably branch label not up to date in orLeft 
26011      WARN  main            d.u.i.k.p.NodeInfo        No instantiation for #89. Probably branch label not up to date in orLeft 
26011      WARN  main            d.u.i.k.p.NodeInfo        No instantiation for #89. Probably branch label not up to date in orLeft 
26015      WARN  main            d.u.i.k.p.NodeInfo        No instantiation for #106. Probably branch label not up to date in orLeft 
26015      WARN  main            d.u.i.k.p.NodeInfo        No instantiation for #106. Probably branch label not up to date in orLeft 
26015      WARN  main            d.u.i.k.p.NodeInfo        No instantiation for #106. Probably branch label not up to date in orLeft 
26015      WARN  main            d.u.i.k.p.NodeInfo        No instantiation for #106. Probably branch label not up to date in orLeft 
26015      WARN  main            d.u.i.k.p.NodeInfo        No instantiation for #107. Probably branch label not up to date in orLeft 
26015      WARN  main            d.u.i.k.p.NodeInfo        No instantiation for #107. Probably branch label not up to date in orLeft 
26015      WARN  main            d.u.i.k.p.NodeInfo        No instantiation for #108. Probably branch label not up to date in orLeft 
26015      WARN  main            d.u.i.k.p.NodeInfo        No instantiation for #108. Probably branch label not up to date in orLeft 
26015      WARN  main            d.u.i.k.p.NodeInfo        No instantiation for #109. Probably branch label not up to date in orLeft 
26015      WARN  main            d.u.i.k.p.NodeInfo        No instantiation for #109. Probably branch label not up to date in orLeft 
26015      WARN  main            d.u.i.k.p.NodeInfo        No instantiation for #110. Probably branch label not up to date in orLeft 
26015      WARN  main            d.u.i.k.p.NodeInfo        No instantiation for #110. Probably branch label not up to date in orLeft 
26015      WARN  main            d.u.i.k.p.NodeInfo        No instantiation for #110. Probably branch label not up to date in orLeft 
26015      WARN  main            d.u.i.k.p.NodeInfo        No instantiation for #110. Probably branch label not up to date in orLeft 
26015      WARN  main            d.u.i.k.p.NodeInfo        No instantiation for #110. Probably branch label not up to date in orLeft 
26015      WARN  main            d.u.i.k.p.NodeInfo        No instantiation for #55. Probably branch label not up to date in orLeft 
26015      WARN  main            d.u.i.k.p.NodeInfo        No instantiation for #55. Probably branch label not up to date in orLeft 
26015      WARN  main            d.u.i.k.p.NodeInfo        No instantiation for #56. Probably branch label not up to date in orLeft 
26015      WARN  main            d.u.i.k.p.NodeInfo        No instantiation for #56. Probably branch label not up to date in orLeft 
26015      WARN  main            d.u.i.k.p.NodeInfo        No instantiation for #57. Probably branch label not up to date in orLeft 
26016      WARN  main            d.u.i.k.p.NodeInfo        No instantiation for #57. Probably branch label not up to date in orLeft 
26016      WARN  main            d.u.i.k.p.NodeInfo        No instantiation for #106. Probably branch label not up to date in orLeft 
26016      WARN  main            d.u.i.k.p.NodeInfo        No instantiation for #106. Probably branch label not up to date in orLeft 
26016      WARN  main            d.u.i.k.p.NodeInfo        No instantiation for #106. Probably branch label not up to date in orLeft 
26016      WARN  main            d.u.i.k.p.NodeInfo        No instantiation for #106. Probably branch label not up to date in orLeft 
26016      WARN  main            d.u.i.k.p.NodeInfo        No instantiation for #107. Probably branch label not up to date in orLeft 
26016      WARN  main            d.u.i.k.p.NodeInfo        No instantiation for #107. Probably branch label not up to date in orLeft 
26016      WARN  main            d.u.i.k.p.NodeInfo        No instantiation for #108. Probably branch label not up to date in orLeft 
26016      WARN  main            d.u.i.k.p.NodeInfo        No instantiation for #108. Probably branch label not up to date in orLeft 
26016      WARN  main            d.u.i.k.p.NodeInfo        No instantiation for #109. Probably branch label not up to date in orLeft 
26016      WARN  main            d.u.i.k.p.NodeInfo        No instantiation for #109. Probably branch label not up to date in orLeft 
26016      WARN  main            d.u.i.k.p.NodeInfo        No instantiation for #110. Probably branch label not up to date in orLeft 
26016      WARN  main            d.u.i.k.p.NodeInfo        No instantiation for #110. Probably branch label not up to date in orLeft 
26016      WARN  main            d.u.i.k.p.NodeInfo        No instantiation for #110. Probably branch label not up to date in orLeft 
26016      WARN  main            d.u.i.k.p.NodeInfo        No instantiation for #110. Probably branch label not up to date in orLeft 
26016      WARN  main            d.u.i.k.p.NodeInfo        No instantiation for #110. Probably branch label not up to date in orLeft 
26016      WARN  main            d.u.i.k.p.NodeInfo        No instantiation for #55. Probably branch label not up to date in orLeft 
26016      WARN  main            d.u.i.k.p.NodeInfo        No instantiation for #55. Probably branch label not up to date in orLeft 
26016      WARN  main            d.u.i.k.p.NodeInfo        No instantiation for #56. Probably branch label not up to date in orLeft 
26016      WARN  main            d.u.i.k.p.NodeInfo        No instantiation for #56. Probably branch label not up to date in orLeft 
26016      WARN  main            d.u.i.k.p.NodeInfo        No instantiation for #57. Probably branch label not up to date in orLeft 
26016      WARN  main            d.u.i.k.p.NodeInfo        No instantiation for #57. Probably branch label not up to date in orLeft 
26046      WARN  main            d.u.i.k.p.NodeInfo        No instantiation for #106. Probably branch label not up to date in orLeft 
26046      WARN  main            d.u.i.k.p.NodeInfo        No instantiation for #106. Probably branch label not up to date in orLeft 
26046      WARN  main            d.u.i.k.p.NodeInfo        No instantiation for #106. Probably branch label not up to date in orLeft 
26046      WARN  main            d.u.i.k.p.NodeInfo        No instantiation for #106. Probably branch label not up to date in orLeft 
26046      WARN  main            d.u.i.k.p.NodeInfo        No instantiation for #107. Probably branch label not up to date in orLeft 
26046      WARN  main            d.u.i.k.p.NodeInfo        No instantiation for #107. Probably branch label not up to date in orLeft 
26046      WARN  main            d.u.i.k.p.NodeInfo        No instantiation for #108. Probably branch label not up to date in orLeft 
26046      WARN  main            d.u.i.k.p.NodeInfo        No instantiation for #108. Probably branch label not up to date in orLeft 
26046      WARN  main            d.u.i.k.p.NodeInfo        No instantiation for #109. Probably branch label not up to date in orLeft 
26046      WARN  main            d.u.i.k.p.NodeInfo        No instantiation for #109. Probably branch label not up to date in orLeft 
26046      WARN  main            d.u.i.k.p.NodeInfo        No instantiation for #110. Probably branch label not up to date in orLeft 
26046      WARN  main            d.u.i.k.p.NodeInfo        No instantiation for #110. Probably branch label not up to date in orLeft 
26046      WARN  main            d.u.i.k.p.NodeInfo        No instantiation for #110. Probably branch label not up to date in orLeft 
26046      WARN  main            d.u.i.k.p.NodeInfo        No instantiation for #110. Probably branch label not up to date in orLeft 
26046      WARN  main            d.u.i.k.p.NodeInfo        No instantiation for #110. Probably branch label not up to date in orLeft 
26046      WARN  main            d.u.i.k.p.NodeInfo        No instantiation for #111. Probably branch label not up to date in orLeft 
26046      WARN  main            d.u.i.k.p.NodeInfo        No instantiation for #111. Probably branch label not up to date in orLeft 
26046      WARN  main            d.u.i.k.p.NodeInfo        No instantiation for #112. Probably branch label not up to date in orLeft 
26046      WARN  main            d.u.i.k.p.NodeInfo        No instantiation for #112. Probably branch label not up to date in orLeft 
26046      WARN  main            d.u.i.k.p.NodeInfo        No instantiation for #113. Probably branch label not up to date in orLeft 
26046      WARN  main            d.u.i.k.p.NodeInfo        No instantiation for #113. Probably branch label not up to date in orLeft 
26046      WARN  main            d.u.i.k.p.NodeInfo        No instantiation for #106. Probably branch label not up to date in orLeft 
26046      WARN  main            d.u.i.k.p.NodeInfo        No instantiation for #106. Probably branch label not up to date in orLeft 
26046      WARN  main            d.u.i.k.p.NodeInfo        No instantiation for #106. Probably branch label not up to date in orLeft 
26046      WARN  main            d.u.i.k.p.NodeInfo        No instantiation for #106. Probably branch label not up to date in orLeft 
26046      WARN  main            d.u.i.k.p.NodeInfo        No instantiation for #107. Probably branch label not up to date in orLeft 
26046      WARN  main            d.u.i.k.p.NodeInfo        No instantiation for #107. Probably branch label not up to date in orLeft 
26047      WARN  main            d.u.i.k.p.NodeInfo        No instantiation for #108. Probably branch label not up to date in orLeft 
26047      WARN  main            d.u.i.k.p.NodeInfo        No instantiation for #108. Probably branch label not up to date in orLeft 
26047      WARN  main            d.u.i.k.p.NodeInfo        No instantiation for #109. Probably branch label not up to date in orLeft 
26047      WARN  main            d.u.i.k.p.NodeInfo        No instantiation for #109. Probably branch label not up to date in orLeft 
26047      WARN  main            d.u.i.k.p.NodeInfo        No instantiation for #110. Probably branch label not up to date in orLeft 
26047      WARN  main            d.u.i.k.p.NodeInfo        No instantiation for #110. Probably branch label not up to date in orLeft 
26047      WARN  main            d.u.i.k.p.NodeInfo        No instantiation for #110. Probably branch label not up to date in orLeft 
26047      WARN  main            d.u.i.k.p.NodeInfo        No instantiation for #110. Probably branch label not up to date in orLeft 
26047      WARN  main            d.u.i.k.p.NodeInfo        No instantiation for #110. Probably branch label not up to date in orLeft 
26047      WARN  main            d.u.i.k.p.NodeInfo        No instantiation for #111. Probably branch label not up to date in orLeft 
26047      WARN  main            d.u.i.k.p.NodeInfo        No instantiation for #111. Probably branch label not up to date in orLeft 
26047      WARN  main            d.u.i.k.p.NodeInfo        No instantiation for #112. Probably branch label not up to date in orLeft 
26047      WARN  main            d.u.i.k.p.NodeInfo        No instantiation for #112. Probably branch label not up to date in orLeft 
26047      WARN  main            d.u.i.k.p.NodeInfo        No instantiation for #113. Probably branch label not up to date in orLeft 
26047      WARN  main            d.u.i.k.p.NodeInfo        No instantiation for #113. Probably branch label not up to date in orLeft 
26063      WARN  main            d.u.i.k.p.NodeInfo        No instantiation for #106. Probably branch label not up to date in orLeft 
26063      WARN  main            d.u.i.k.p.NodeInfo        No instantiation for #106. Probably branch label not up to date in orLeft 
26063      WARN  main            d.u.i.k.p.NodeInfo        No instantiation for #106. Probably branch label not up to date in orLeft 
26063      WARN  main            d.u.i.k.p.NodeInfo        No instantiation for #106. Probably branch label not up to date in orLeft 
26063      WARN  main            d.u.i.k.p.NodeInfo        No instantiation for #107. Probably branch label not up to date in orLeft 
26063      WARN  main            d.u.i.k.p.NodeInfo        No instantiation for #107. Probably branch label not up to date in orLeft 
26063      WARN  main            d.u.i.k.p.NodeInfo        No instantiation for #108. Probably branch label not up to date in orLeft 
26063      WARN  main            d.u.i.k.p.NodeInfo        No instantiation for #108. Probably branch label not up to date in orLeft 
26063      WARN  main            d.u.i.k.p.NodeInfo        No instantiation for #109. Probably branch label not up to date in orLeft 
26063      WARN  main            d.u.i.k.p.NodeInfo        No instantiation for #109. Probably branch label not up to date in orLeft 
26063      WARN  main            d.u.i.k.p.NodeInfo        No instantiation for #110. Probably branch label not up to date in orLeft 
26063      WARN  main            d.u.i.k.p.NodeInfo        No instantiation for #110. Probably branch label not up to date in orLeft 
26063      WARN  main            d.u.i.k.p.NodeInfo        No instantiation for #110. Probably branch label not up to date in orLeft 
26063      WARN  main            d.u.i.k.p.NodeInfo        No instantiation for #110. Probably branch label not up to date in orLeft 
26063      WARN  main            d.u.i.k.p.NodeInfo        No instantiation for #110. Probably branch label not up to date in orLeft 
26063      WARN  main            d.u.i.k.p.NodeInfo        No instantiation for #55. Probably branch label not up to date in orLeft 
26063      WARN  main            d.u.i.k.p.NodeInfo        No instantiation for #55. Probably branch label not up to date in orLeft 
26063      WARN  main            d.u.i.k.p.NodeInfo        No instantiation for #56. Probably branch label not up to date in orLeft 
26063      WARN  main            d.u.i.k.p.NodeInfo        No instantiation for #56. Probably branch label not up to date in orLeft 
26063      WARN  main            d.u.i.k.p.NodeInfo        No instantiation for #57. Probably branch label not up to date in orLeft 
26063      WARN  main            d.u.i.k.p.NodeInfo        No instantiation for #57. Probably branch label not up to date in orLeft 
26063      WARN  main            d.u.i.k.p.NodeInfo        No instantiation for #106. Probably branch label not up to date in orLeft 
26063      WARN  main            d.u.i.k.p.NodeInfo        No instantiation for #106. Probably branch label not up to date in orLeft 
26063      WARN  main            d.u.i.k.p.NodeInfo        No instantiation for #106. Probably branch label not up to date in orLeft 
26063      WARN  main            d.u.i.k.p.NodeInfo        No instantiation for #106. Probably branch label not up to date in orLeft 
26063      WARN  main            d.u.i.k.p.NodeInfo        No instantiation for #107. Probably branch label not up to date in orLeft 
26063      WARN  main            d.u.i.k.p.NodeInfo        No instantiation for #107. Probably branch label not up to date in orLeft 
26068      WARN  main            d.u.i.k.p.NodeInfo        No instantiation for #108. Probably branch label not up to date in orLeft 
26069      WARN  main            d.u.i.k.p.NodeInfo        No instantiation for #108. Probably branch label not up to date in orLeft 
26069      WARN  main            d.u.i.k.p.NodeInfo        No instantiation for #109. Probably branch label not up to date in orLeft 
26069      WARN  main            d.u.i.k.p.NodeInfo        No instantiation for #109. Probably branch label not up to date in orLeft 
26069      WARN  main            d.u.i.k.p.NodeInfo        No instantiation for #110. Probably branch label not up to date in orLeft 
26069      WARN  main            d.u.i.k.p.NodeInfo        No instantiation for #110. Probably branch label not up to date in orLeft 
26069      WARN  main            d.u.i.k.p.NodeInfo        No instantiation for #110. Probably branch label not up to date in orLeft 
26069      WARN  main            d.u.i.k.p.NodeInfo        No instantiation for #110. Probably branch label not up to date in orLeft 
26069      WARN  main            d.u.i.k.p.NodeInfo        No instantiation for #110. Probably branch label not up to date in orLeft 
26069      WARN  main            d.u.i.k.p.NodeInfo        No instantiation for #55. Probably branch label not up to date in orLeft 
26069      WARN  main            d.u.i.k.p.NodeInfo        No instantiation for #55. Probably branch label not up to date in orLeft 
26069      WARN  main            d.u.i.k.p.NodeInfo        No instantiation for #56. Probably branch label not up to date in orLeft 
26069      WARN  main            d.u.i.k.p.NodeInfo        No instantiation for #56. Probably branch label not up to date in orLeft 
26069      WARN  main            d.u.i.k.p.NodeInfo        No instantiation for #57. Probably branch label not up to date in orLeft 
26069      WARN  main            d.u.i.k.p.NodeInfo        No instantiation for #57. Probably branch label not up to date in orLeft 
26069      WARN  main            d.u.i.k.p.NodeInfo        No instantiation for #106. Probably branch label not up to date in orLeft 
26069      WARN  main            d.u.i.k.p.NodeInfo        No instantiation for #106. Probably branch label not up to date in orLeft 
26069      WARN  main            d.u.i.k.p.NodeInfo        No instantiation for #106. Probably branch label not up to date in orLeft 
26069      WARN  main            d.u.i.k.p.NodeInfo        No instantiation for #106. Probably branch label not up to date in orLeft 
26069      WARN  main            d.u.i.k.p.NodeInfo        No instantiation for #107. Probably branch label not up to date in orLeft 
26069      WARN  main            d.u.i.k.p.NodeInfo        No instantiation for #107. Probably branch label not up to date in orLeft 
26076      WARN  main            d.u.i.k.p.NodeInfo        No instantiation for #108. Probably branch label not up to date in orLeft 
26076      WARN  main            d.u.i.k.p.NodeInfo        No instantiation for #108. Probably branch label not up to date in orLeft 
26077      WARN  main            d.u.i.k.p.NodeInfo        No instantiation for #109. Probably branch label not up to date in orLeft 
26077      WARN  main            d.u.i.k.p.NodeInfo        No instantiation for #109. Probably branch label not up to date in orLeft 
26077      WARN  main            d.u.i.k.p.NodeInfo        No instantiation for #110. Probably branch label not up to date in orLeft 
26077      WARN  main            d.u.i.k.p.NodeInfo        No instantiation for #110. Probably branch label not up to date in orLeft 
26077      WARN  main            d.u.i.k.p.NodeInfo        No instantiation for #110. Probably branch label not up to date in orLeft 
26077      WARN  main            d.u.i.k.p.NodeInfo        No instantiation for #110. Probably branch label not up to date in orLeft 
26077      WARN  main            d.u.i.k.p.NodeInfo        No instantiation for #110. Probably branch label not up to date in orLeft 
26077      WARN  main            d.u.i.k.p.NodeInfo        No instantiation for #55. Probably branch label not up to date in orLeft 
26077      WARN  main            d.u.i.k.p.NodeInfo        No instantiation for #55. Probably branch label not up to date in orLeft 
26077      WARN  main            d.u.i.k.p.NodeInfo        No instantiation for #56. Probably branch label not up to date in orLeft 
26077      WARN  main            d.u.i.k.p.NodeInfo        No instantiation for #56. Probably branch label not up to date in orLeft 
26077      WARN  main            d.u.i.k.p.NodeInfo        No instantiation for #57. Probably branch label not up to date in orLeft 
26077      WARN  main            d.u.i.k.p.NodeInfo        No instantiation for #57. Probably branch label not up to date in orLeft 
26077      WARN  main            d.u.i.k.p.NodeInfo        No instantiation for #106. Probably branch label not up to date in orLeft 
26077      WARN  main            d.u.i.k.p.NodeInfo        No instantiation for #106. Probably branch label not up to date in orLeft 
26077      WARN  main            d.u.i.k.p.NodeInfo        No instantiation for #106. Probably branch label not up to date in orLeft 
26077      WARN  main            d.u.i.k.p.NodeInfo        No instantiation for #106. Probably branch label not up to date in orLeft 
26077      WARN  main            d.u.i.k.p.NodeInfo        No instantiation for #107. Probably branch label not up to date in orLeft 
26077      WARN  main            d.u.i.k.p.NodeInfo        No instantiation for #107. Probably branch label not up to date in orLeft 
26077      WARN  main            d.u.i.k.p.NodeInfo        No instantiation for #108. Probably branch label not up to date in orLeft 
26077      WARN  main            d.u.i.k.p.NodeInfo        No instantiation for #108. Probably branch label not up to date in orLeft 
26077      WARN  main            d.u.i.k.p.NodeInfo        No instantiation for #109. Probably branch label not up to date in orLeft 
26077      WARN  main            d.u.i.k.p.NodeInfo        No instantiation for #109. Probably branch label not up to date in orLeft 
26077      WARN  main            d.u.i.k.p.NodeInfo        No instantiation for #110. Probably branch label not up to date in orLeft 
26077      WARN  main            d.u.i.k.p.NodeInfo        No instantiation for #110. Probably branch label not up to date in orLeft 
26077      WARN  main            d.u.i.k.p.NodeInfo        No instantiation for #110. Probably branch label not up to date in orLeft 
26077      WARN  main            d.u.i.k.p.NodeInfo        No instantiation for #110. Probably branch label not up to date in orLeft 
26077      WARN  main            d.u.i.k.p.NodeInfo        No instantiation for #110. Probably branch label not up to date in orLeft 
26077      WARN  main            d.u.i.k.p.NodeInfo        No instantiation for #87. Probably branch label not up to date in orLeft 
26077      WARN  main            d.u.i.k.p.NodeInfo        No instantiation for #87. Probably branch label not up to date in orLeft 
26077      WARN  main            d.u.i.k.p.NodeInfo        No instantiation for #88. Probably branch label not up to date in orLeft 
26077      WARN  main            d.u.i.k.p.NodeInfo        No instantiation for #88. Probably branch label not up to date in orLeft 
26077      WARN  main            d.u.i.k.p.NodeInfo        No instantiation for #89. Probably branch label not up to date in orLeft 
26077      WARN  main            d.u.i.k.p.NodeInfo        No instantiation for #89. Probably branch label not up to date in orLeft 
26077      WARN  main            d.u.i.k.p.NodeInfo        No instantiation for #106. Probably branch label not up to date in orLeft 
26077      WARN  main            d.u.i.k.p.NodeInfo        No instantiation for #106. Probably branch label not up to date in orLeft 
26077      WARN  main            d.u.i.k.p.NodeInfo        No instantiation for #106. Probably branch label not up to date in orLeft 
26077      WARN  main            d.u.i.k.p.NodeInfo        No instantiation for #106. Probably branch label not up to date in orLeft 
26077      WARN  main            d.u.i.k.p.NodeInfo        No instantiation for #107. Probably branch label not up to date in orLeft 
26077      WARN  main            d.u.i.k.p.NodeInfo        No instantiation for #107. Probably branch label not up to date in orLeft 
26077      WARN  main            d.u.i.k.p.NodeInfo        No instantiation for #108. Probably branch label not up to date in orLeft 
26077      WARN  main            d.u.i.k.p.NodeInfo        No instantiation for #108. Probably branch label not up to date in orLeft 
26077      WARN  main            d.u.i.k.p.NodeInfo        No instantiation for #109. Probably branch label not up to date in orLeft 
26077      WARN  main            d.u.i.k.p.NodeInfo        No instantiation for #109. Probably branch label not up to date in orLeft 
26077      WARN  main            d.u.i.k.p.NodeInfo        No instantiation for #110. Probably branch label not up to date in orLeft 
26077      WARN  main            d.u.i.k.p.NodeInfo        No instantiation for #110. Probably branch label not up to date in orLeft 
26077      WARN  main            d.u.i.k.p.NodeInfo        No instantiation for #110. Probably branch label not up to date in orLeft 
26077      WARN  main            d.u.i.k.p.NodeInfo        No instantiation for #110. Probably branch label not up to date in orLeft 
26077      WARN  main            d.u.i.k.p.NodeInfo        No instantiation for #110. Probably branch label not up to date in orLeft 
26077      WARN  main            d.u.i.k.p.NodeInfo        No instantiation for #55. Probably branch label not up to date in orLeft 
26077      WARN  main            d.u.i.k.p.NodeInfo        No instantiation for #55. Probably branch label not up to date in orLeft 
26077      WARN  main            d.u.i.k.p.NodeInfo        No instantiation for #56. Probably branch label not up to date in orLeft 
26077      WARN  main            d.u.i.k.p.NodeInfo        No instantiation for #56. Probably branch label not up to date in orLeft 
26077      WARN  main            d.u.i.k.p.NodeInfo        No instantiation for #57. Probably branch label not up to date in orLeft 
26077      WARN  main            d.u.i.k.p.NodeInfo        No instantiation for #57. Probably branch label not up to date in orLeft 
26077      WARN  main            d.u.i.k.p.NodeInfo        No instantiation for #106. Probably branch label not up to date in orLeft 
26078      WARN  main            d.u.i.k.p.NodeInfo        No instantiation for #106. Probably branch label not up to date in orLeft 
26078      WARN  main            d.u.i.k.p.NodeInfo        No instantiation for #106. Probably branch label not up to date in orLeft 
26078      WARN  main            d.u.i.k.p.NodeInfo        No instantiation for #106. Probably branch label not up to date in orLeft 
26078      WARN  main            d.u.i.k.p.NodeInfo        No instantiation for #107. Probably branch label not up to date in orLeft 
26078      WARN  main            d.u.i.k.p.NodeInfo        No instantiation for #107. Probably branch label not up to date in orLeft 
26078      WARN  main            d.u.i.k.p.NodeInfo        No instantiation for #108. Probably branch label not up to date in orLeft 
26078      WARN  main            d.u.i.k.p.NodeInfo        No instantiation for #108. Probably branch label not up to date in orLeft 
26078      WARN  main            d.u.i.k.p.NodeInfo        No instantiation for #109. Probably branch label not up to date in orLeft 
26078      WARN  main            d.u.i.k.p.NodeInfo        No instantiation for #109. Probably branch label not up to date in orLeft 
26078      WARN  main            d.u.i.k.p.NodeInfo        No instantiation for #110. Probably branch label not up to date in orLeft 
26078      WARN  main            d.u.i.k.p.NodeInfo        No instantiation for #110. Probably branch label not up to date in orLeft 
26078      WARN  main            d.u.i.k.p.NodeInfo        No instantiation for #110. Probably branch label not up to date in orLeft 
26078      WARN  main            d.u.i.k.p.NodeInfo        No instantiation for #110. Probably branch label not up to date in orLeft 
26078      WARN  main            d.u.i.k.p.NodeInfo        No instantiation for #110. Probably branch label not up to date in orLeft 
26078      WARN  main            d.u.i.k.p.NodeInfo        No instantiation for #111. Probably branch label not up to date in orLeft 
26078      WARN  main            d.u.i.k.p.NodeInfo        No instantiation for #111. Probably branch label not up to date in orLeft 
26078      WARN  main            d.u.i.k.p.NodeInfo        No instantiation for #112. Probably branch label not up to date in orLeft 
26078      WARN  main            d.u.i.k.p.NodeInfo        No instantiation for #112. Probably branch label not up to date in orLeft 
26078      WARN  main            d.u.i.k.p.NodeInfo        No instantiation for #113. Probably branch label not up to date in orLeft 
26078      WARN  main            d.u.i.k.p.NodeInfo        No instantiation for #113. Probably branch label not up to date in orLeft 
26078      WARN  main            d.u.i.k.p.NodeInfo        No instantiation for #106. Probably branch label not up to date in orLeft 
26078      WARN  main            d.u.i.k.p.NodeInfo        No instantiation for #106. Probably branch label not up to date in orLeft 
26078      WARN  main            d.u.i.k.p.NodeInfo        No instantiation for #106. Probably branch label not up to date in orLeft 
26078      WARN  main            d.u.i.k.p.NodeInfo        No instantiation for #106. Probably branch label not up to date in orLeft 
26078      WARN  main            d.u.i.k.p.NodeInfo        No instantiation for #107. Probably branch label not up to date in orLeft 
26078      WARN  main            d.u.i.k.p.NodeInfo        No instantiation for #107. Probably branch label not up to date in orLeft 
26078      WARN  main            d.u.i.k.p.NodeInfo        No instantiation for #108. Probably branch label not up to date in orLeft 
26078      WARN  main            d.u.i.k.p.NodeInfo        No instantiation for #108. Probably branch label not up to date in orLeft 
26078      WARN  main            d.u.i.k.p.NodeInfo        No instantiation for #109. Probably branch label not up to date in orLeft 
26078      WARN  main            d.u.i.k.p.NodeInfo        No instantiation for #109. Probably branch label not up to date in orLeft 
26078      WARN  main            d.u.i.k.p.NodeInfo        No instantiation for #110. Probably branch label not up to date in orLeft 
26078      WARN  main            d.u.i.k.p.NodeInfo        No instantiation for #110. Probably branch label not up to date in orLeft 
26078      WARN  main            d.u.i.k.p.NodeInfo        No instantiation for #110. Probably branch label not up to date in orLeft 
26078      WARN  main            d.u.i.k.p.NodeInfo        No instantiation for #110. Probably branch label not up to date in orLeft 
26078      WARN  main            d.u.i.k.p.NodeInfo        No instantiation for #110. Probably branch label not up to date in orLeft 
26078      WARN  main            d.u.i.k.p.NodeInfo        No instantiation for #87. Probably branch label not up to date in orLeft 
26078      WARN  main            d.u.i.k.p.NodeInfo        No instantiation for #87. Probably branch label not up to date in orLeft 
26078      WARN  main            d.u.i.k.p.NodeInfo        No instantiation for #88. Probably branch label not up to date in orLeft 
26078      WARN  main            d.u.i.k.p.NodeInfo        No instantiation for #88. Probably branch label not up to date in orLeft 
26079      WARN  main            d.u.i.k.p.NodeInfo        No instantiation for #89. Probably branch label not up to date in orLeft 
26079      WARN  main            d.u.i.k.p.NodeInfo        No instantiation for #89. Probably branch label not up to date in orLeft 
26079      WARN  main            d.u.i.k.p.NodeInfo        No instantiation for #106. Probably branch label not up to date in orLeft 
26079      WARN  main            d.u.i.k.p.NodeInfo        No instantiation for #106. Probably branch label not up to date in orLeft 
26079      WARN  main            d.u.i.k.p.NodeInfo        No instantiation for #106. Probably branch label not up to date in orLeft 
26079      WARN  main            d.u.i.k.p.NodeInfo        No instantiation for #106. Probably branch label not up to date in orLeft 
26079      WARN  main            d.u.i.k.p.NodeInfo        No instantiation for #107. Probably branch label not up to date in orLeft 
26079      WARN  main            d.u.i.k.p.NodeInfo        No instantiation for #107. Probably branch label not up to date in orLeft 
26079      WARN  main            d.u.i.k.p.NodeInfo        No instantiation for #108. Probably branch label not up to date in orLeft 
26079      WARN  main            d.u.i.k.p.NodeInfo        No instantiation for #108. Probably branch label not up to date in orLeft 
26079      WARN  main            d.u.i.k.p.NodeInfo        No instantiation for #109. Probably branch label not up to date in orLeft 
26079      WARN  main            d.u.i.k.p.NodeInfo        No instantiation for #109. Probably branch label not up to date in orLeft 
26079      WARN  main            d.u.i.k.p.NodeInfo        No instantiation for #110. Probably branch label not up to date in orLeft 
26079      WARN  main            d.u.i.k.p.NodeInfo        No instantiation for #110. Probably branch label not up to date in orLeft 
26079      WARN  main            d.u.i.k.p.NodeInfo        No instantiation for #110. Probably branch label not up to date in orLeft 
26079      WARN  main            d.u.i.k.p.NodeInfo        No instantiation for #110. Probably branch label not up to date in orLeft 
26079      WARN  main            d.u.i.k.p.NodeInfo        No instantiation for #110. Probably branch label not up to date in orLeft 
26079      WARN  main            d.u.i.k.p.NodeInfo        No instantiation for #87. Probably branch label not up to date in orLeft 
26079      WARN  main            d.u.i.k.p.NodeInfo        No instantiation for #87. Probably branch label not up to date in orLeft 
26079      WARN  main            d.u.i.k.p.NodeInfo        No instantiation for #88. Probably branch label not up to date in orLeft 
26079      WARN  main            d.u.i.k.p.NodeInfo        No instantiation for #88. Probably branch label not up to date in orLeft 
26079      WARN  main            d.u.i.k.p.NodeInfo        No instantiation for #89. Probably branch label not up to date in orLeft 
26079      WARN  main            d.u.i.k.p.NodeInfo        No instantiation for #89. Probably branch label not up to date in orLeft 
26079      WARN  main            d.u.i.k.p.NodeInfo        No instantiation for #106. Probably branch label not up to date in orLeft 
26079      WARN  main            d.u.i.k.p.NodeInfo        No instantiation for #106. Probably branch label not up to date in orLeft 
26079      WARN  main            d.u.i.k.p.NodeInfo        No instantiation for #106. Probably branch label not up to date in orLeft 
26079      WARN  main            d.u.i.k.p.NodeInfo        No instantiation for #106. Probably branch label not up to date in orLeft 
26079      WARN  main            d.u.i.k.p.NodeInfo        No instantiation for #107. Probably branch label not up to date in orLeft 
26079      WARN  main            d.u.i.k.p.NodeInfo        No instantiation for #107. Probably branch label not up to date in orLeft 
26079      WARN  main            d.u.i.k.p.NodeInfo        No instantiation for #108. Probably branch label not up to date in orLeft 
26079      WARN  main            d.u.i.k.p.NodeInfo        No instantiation for #108. Probably branch label not up to date in orLeft 
26079      WARN  main            d.u.i.k.p.NodeInfo        No instantiation for #109. Probably branch label not up to date in orLeft 
26079      WARN  main            d.u.i.k.p.NodeInfo        No instantiation for #109. Probably branch label not up to date in orLeft 
26079      WARN  main            d.u.i.k.p.NodeInfo        No instantiation for #110. Probably branch label not up to date in orLeft 
26079      WARN  main            d.u.i.k.p.NodeInfo        No instantiation for #110. Probably branch label not up to date in orLeft 
26079      WARN  main            d.u.i.k.p.NodeInfo        No instantiation for #110. Probably branch label not up to date in orLeft 
26079      WARN  main            d.u.i.k.p.NodeInfo        No instantiation for #110. Probably branch label not up to date in orLeft 
26079      WARN  main            d.u.i.k.p.NodeInfo        No instantiation for #110. Probably branch label not up to date in orLeft 
26079      WARN  main            d.u.i.k.p.NodeInfo        No instantiation for #87. Probably branch label not up to date in orLeft 
26079      WARN  main            d.u.i.k.p.NodeInfo        No instantiation for #87. Probably branch label not up to date in orLeft 
26079      WARN  main            d.u.i.k.p.NodeInfo        No instantiation for #88. Probably branch label not up to date in orLeft 
26079      WARN  main            d.u.i.k.p.NodeInfo        No instantiation for #88. Probably branch label not up to date in orLeft 
26079      WARN  main            d.u.i.k.p.NodeInfo        No instantiation for #89. Probably branch label not up to date in orLeft 
26079      WARN  main            d.u.i.k.p.NodeInfo        No instantiation for #89. Probably branch label not up to date in orLeft 
26079      WARN  main            d.u.i.k.p.NodeInfo        No instantiation for #106. Probably branch label not up to date in orLeft 
26079      WARN  main            d.u.i.k.p.NodeInfo        No instantiation for #106. Probably branch label not up to date in orLeft 
26079      WARN  main            d.u.i.k.p.NodeInfo        No instantiation for #106. Probably branch label not up to date in orLeft 
26079      WARN  main            d.u.i.k.p.NodeInfo        No instantiation for #106. Probably branch label not up to date in orLeft 
26079      WARN  main            d.u.i.k.p.NodeInfo        No instantiation for #107. Probably branch label not up to date in orLeft 
26079      WARN  main            d.u.i.k.p.NodeInfo        No instantiation for #107. Probably branch label not up to date in orLeft 
26079      WARN  main            d.u.i.k.p.NodeInfo        No instantiation for #108. Probably branch label not up to date in orLeft 
26079      WARN  main            d.u.i.k.p.NodeInfo        No instantiation for #108. Probably branch label not up to date in orLeft 
26079      WARN  main            d.u.i.k.p.NodeInfo        No instantiation for #109. Probably branch label not up to date in orLeft 
26079      WARN  main            d.u.i.k.p.NodeInfo        No instantiation for #109. Probably branch label not up to date in orLeft 
26079      WARN  main            d.u.i.k.p.NodeInfo        No instantiation for #110. Probably branch label not up to date in orLeft 
26079      WARN  main            d.u.i.k.p.NodeInfo        No instantiation for #110. Probably branch label not up to date in orLeft 
26079      WARN  main            d.u.i.k.p.NodeInfo        No instantiation for #110. Probably branch label not up to date in orLeft 
26079      WARN  main            d.u.i.k.p.NodeInfo        No instantiation for #110. Probably branch label not up to date in orLeft 
26079      WARN  main            d.u.i.k.p.NodeInfo        No instantiation for #110. Probably branch label not up to date in orLeft 
26079      WARN  main            d.u.i.k.p.NodeInfo        No instantiation for #111. Probably branch label not up to date in orLeft 
26079      WARN  main            d.u.i.k.p.NodeInfo        No instantiation for #111. Probably branch label not up to date in orLeft 
26079      WARN  main            d.u.i.k.p.NodeInfo        No instantiation for #112. Probably branch label not up to date in orLeft 
26079      WARN  main            d.u.i.k.p.NodeInfo        No instantiation for #112. Probably branch label not up to date in orLeft 
26080      WARN  main            d.u.i.k.p.NodeInfo        No instantiation for #113. Probably branch label not up to date in orLeft 
26080      WARN  main            d.u.i.k.p.NodeInfo        No instantiation for #113. Probably branch label not up to date in orLeft 
26089      WARN  main            d.u.i.k.p.NodeInfo        No instantiation for #106. Probably branch label not up to date in orLeft 
26089      WARN  main            d.u.i.k.p.NodeInfo        No instantiation for #106. Probably branch label not up to date in orLeft 
26089      WARN  main            d.u.i.k.p.NodeInfo        No instantiation for #106. Probably branch label not up to date in orLeft 
26089      WARN  main            d.u.i.k.p.NodeInfo        No instantiation for #106. Probably branch label not up to date in orLeft 
26089      WARN  main            d.u.i.k.p.NodeInfo        No instantiation for #107. Probably branch label not up to date in orLeft 
26089      WARN  main            d.u.i.k.p.NodeInfo        No instantiation for #107. Probably branch label not up to date in orLeft 
26089      WARN  main            d.u.i.k.p.NodeInfo        No instantiation for #108. Probably branch label not up to date in orLeft 
26089      WARN  main            d.u.i.k.p.NodeInfo        No instantiation for #108. Probably branch label not up to date in orLeft 
26089      WARN  main            d.u.i.k.p.NodeInfo        No instantiation for #109. Probably branch label not up to date in orLeft 
26089      WARN  main            d.u.i.k.p.NodeInfo        No instantiation for #109. Probably branch label not up to date in orLeft 
26089      WARN  main            d.u.i.k.p.NodeInfo        No instantiation for #110. Probably branch label not up to date in orLeft 
26089      WARN  main            d.u.i.k.p.NodeInfo        No instantiation for #110. Probably branch label not up to date in orLeft 
26089      WARN  main            d.u.i.k.p.NodeInfo        No instantiation for #110. Probably branch label not up to date in orLeft 
26089      WARN  main            d.u.i.k.p.NodeInfo        No instantiation for #110. Probably branch label not up to date in orLeft 
26089      WARN  main            d.u.i.k.p.NodeInfo        No instantiation for #110. Probably branch label not up to date in orLeft 
26089      WARN  main            d.u.i.k.p.NodeInfo        No instantiation for #87. Probably branch label not up to date in orLeft 
26089      WARN  main            d.u.i.k.p.NodeInfo        No instantiation for #87. Probably branch label not up to date in orLeft 
26089      WARN  main            d.u.i.k.p.NodeInfo        No instantiation for #88. Probably branch label not up to date in orLeft 
26089      WARN  main            d.u.i.k.p.NodeInfo        No instantiation for #88. Probably branch label not up to date in orLeft 
26089      WARN  main            d.u.i.k.p.NodeInfo        No instantiation for #89. Probably branch label not up to date in orLeft 
26089      WARN  main            d.u.i.k.p.NodeInfo        No instantiation for #89. Probably branch label not up to date in orLeft 
26089      WARN  main            d.u.i.k.p.NodeInfo        No instantiation for #106. Probably branch label not up to date in orLeft 
26089      WARN  main            d.u.i.k.p.NodeInfo        No instantiation for #106. Probably branch label not up to date in orLeft 
26089      WARN  main            d.u.i.k.p.NodeInfo        No instantiation for #106. Probably branch label not up to date in orLeft 
26089      WARN  main            d.u.i.k.p.NodeInfo        No instantiation for #106. Probably branch label not up to date in orLeft 
26089      WARN  main            d.u.i.k.p.NodeInfo        No instantiation for #107. Probably branch label not up to date in orLeft 
26089      WARN  main            d.u.i.k.p.NodeInfo        No instantiation for #107. Probably branch label not up to date in orLeft 
26089      WARN  main            d.u.i.k.p.NodeInfo        No instantiation for #108. Probably branch label not up to date in orLeft 
26089      WARN  main            d.u.i.k.p.NodeInfo        No instantiation for #108. Probably branch label not up to date in orLeft 
26089      WARN  main            d.u.i.k.p.NodeInfo        No instantiation for #109. Probably branch label not up to date in orLeft 
26089      WARN  main            d.u.i.k.p.NodeInfo        No instantiation for #109. Probably branch label not up to date in orLeft 
26089      WARN  main            d.u.i.k.p.NodeInfo        No instantiation for #110. Probably branch label not up to date in orLeft 
26089      WARN  main            d.u.i.k.p.NodeInfo        No instantiation for #110. Probably branch label not up to date in orLeft 
26089      WARN  main            d.u.i.k.p.NodeInfo        No instantiation for #110. Probably branch label not up to date in orLeft 
26089      WARN  main            d.u.i.k.p.NodeInfo        No instantiation for #110. Probably branch label not up to date in orLeft 
26089      WARN  main            d.u.i.k.p.NodeInfo        No instantiation for #110. Probably branch label not up to date in orLeft 
26089      WARN  main            d.u.i.k.p.NodeInfo        No instantiation for #111. Probably branch label not up to date in orLeft 
26089      WARN  main            d.u.i.k.p.NodeInfo        No instantiation for #111. Probably branch label not up to date in orLeft 
26089      WARN  main            d.u.i.k.p.NodeInfo        No instantiation for #112. Probably branch label not up to date in orLeft 
26089      WARN  main            d.u.i.k.p.NodeInfo        No instantiation for #112. Probably branch label not up to date in orLeft 
26089      WARN  main            d.u.i.k.p.NodeInfo        No instantiation for #113. Probably branch label not up to date in orLeft 
26089      WARN  main            d.u.i.k.p.NodeInfo        No instantiation for #113. Probably branch label not up to date in orLeft 
26105      WARN  main            d.u.i.k.p.NodeInfo        No instantiation for #106. Probably branch label not up to date in orLeft 
26105      WARN  main            d.u.i.k.p.NodeInfo        No instantiation for #106. Probably branch label not up to date in orLeft 
26105      WARN  main            d.u.i.k.p.NodeInfo        No instantiation for #106. Probably branch label not up to date in orLeft 
26105      WARN  main            d.u.i.k.p.NodeInfo        No instantiation for #106. Probably branch label not up to date in orLeft 
26105      WARN  main            d.u.i.k.p.NodeInfo        No instantiation for #107. Probably branch label not up to date in orLeft 
26105      WARN  main            d.u.i.k.p.NodeInfo        No instantiation for #107. Probably branch label not up to date in orLeft 
26105      WARN  main            d.u.i.k.p.NodeInfo        No instantiation for #108. Probably branch label not up to date in orLeft 
26105      WARN  main            d.u.i.k.p.NodeInfo        No instantiation for #108. Probably branch label not up to date in orLeft 
26105      WARN  main            d.u.i.k.p.NodeInfo        No instantiation for #109. Probably branch label not up to date in orLeft 
26105      WARN  main            d.u.i.k.p.NodeInfo        No instantiation for #109. Probably branch label not up to date in orLeft 
26105      WARN  main            d.u.i.k.p.NodeInfo        No instantiation for #110. Probably branch label not up to date in orLeft 
26105      WARN  main            d.u.i.k.p.NodeInfo        No instantiation for #110. Probably branch label not up to date in orLeft 
26105      WARN  main            d.u.i.k.p.NodeInfo        No instantiation for #110. Probably branch label not up to date in orLeft 
26105      WARN  main            d.u.i.k.p.NodeInfo        No instantiation for #110. Probably branch label not up to date in orLeft 
26105      WARN  main            d.u.i.k.p.NodeInfo        No instantiation for #110. Probably branch label not up to date in orLeft 
26105      WARN  main            d.u.i.k.p.NodeInfo        No instantiation for #55. Probably branch label not up to date in orLeft 
26105      WARN  main            d.u.i.k.p.NodeInfo        No instantiation for #55. Probably branch label not up to date in orLeft 
26105      WARN  main            d.u.i.k.p.NodeInfo        No instantiation for #56. Probably branch label not up to date in orLeft 
26105      WARN  main            d.u.i.k.p.NodeInfo        No instantiation for #56. Probably branch label not up to date in orLeft 
26105      WARN  main            d.u.i.k.p.NodeInfo        No instantiation for #57. Probably branch label not up to date in orLeft 
26105      WARN  main            d.u.i.k.p.NodeInfo        No instantiation for #57. Probably branch label not up to date in orLeft 
26105      WARN  main            d.u.i.k.p.NodeInfo        No instantiation for #106. Probably branch label not up to date in orLeft 
26105      WARN  main            d.u.i.k.p.NodeInfo        No instantiation for #106. Probably branch label not up to date in orLeft 
26105      WARN  main            d.u.i.k.p.NodeInfo        No instantiation for #106. Probably branch label not up to date in orLeft 
26105      WARN  main            d.u.i.k.p.NodeInfo        No instantiation for #106. Probably branch label not up to date in orLeft 
26105      WARN  main            d.u.i.k.p.NodeInfo        No instantiation for #107. Probably branch label not up to date in orLeft 
26105      WARN  main            d.u.i.k.p.NodeInfo        No instantiation for #107. Probably branch label not up to date in orLeft 
26105      WARN  main            d.u.i.k.p.NodeInfo        No instantiation for #108. Probably branch label not up to date in orLeft 
26105      WARN  main            d.u.i.k.p.NodeInfo        No instantiation for #108. Probably branch label not up to date in orLeft 
26105      WARN  main            d.u.i.k.p.NodeInfo        No instantiation for #109. Probably branch label not up to date in orLeft 
26105      WARN  main            d.u.i.k.p.NodeInfo        No instantiation for #109. Probably branch label not up to date in orLeft 
26105      WARN  main            d.u.i.k.p.NodeInfo        No instantiation for #110. Probably branch label not up to date in orLeft 
26105      WARN  main            d.u.i.k.p.NodeInfo        No instantiation for #110. Probably branch label not up to date in orLeft 
26105      WARN  main            d.u.i.k.p.NodeInfo        No instantiation for #110. Probably branch label not up to date in orLeft 
26105      WARN  main            d.u.i.k.p.NodeInfo        No instantiation for #110. Probably branch label not up to date in orLeft 
26105      WARN  main            d.u.i.k.p.NodeInfo        No instantiation for #110. Probably branch label not up to date in orLeft 
26105      WARN  main            d.u.i.k.p.NodeInfo        No instantiation for #55. Probably branch label not up to date in orLeft 
26105      WARN  main            d.u.i.k.p.NodeInfo        No instantiation for #55. Probably branch label not up to date in orLeft 
26105      WARN  main            d.u.i.k.p.NodeInfo        No instantiation for #56. Probably branch label not up to date in orLeft 
26105      WARN  main            d.u.i.k.p.NodeInfo        No instantiation for #56. Probably branch label not up to date in orLeft 
26105      WARN  main            d.u.i.k.p.NodeInfo        No instantiation for #57. Probably branch label not up to date in orLeft 
26105      WARN  main            d.u.i.k.p.NodeInfo        No instantiation for #57. Probably branch label not up to date in orLeft 
26105      WARN  main            d.u.i.k.p.NodeInfo        No instantiation for #106. Probably branch label not up to date in orLeft 
26105      WARN  main            d.u.i.k.p.NodeInfo        No instantiation for #106. Probably branch label not up to date in orLeft 
26105      WARN  main            d.u.i.k.p.NodeInfo        No instantiation for #106. Probably branch label not up to date in orLeft 
26105      WARN  main            d.u.i.k.p.NodeInfo        No instantiation for #106. Probably branch label not up to date in orLeft 
26105      WARN  main            d.u.i.k.p.NodeInfo        No instantiation for #107. Probably branch label not up to date in orLeft 
26105      WARN  main            d.u.i.k.p.NodeInfo        No instantiation for #107. Probably branch label not up to date in orLeft 
26105      WARN  main            d.u.i.k.p.NodeInfo        No instantiation for #108. Probably branch label not up to date in orLeft 
26105      WARN  main            d.u.i.k.p.NodeInfo        No instantiation for #108. Probably branch label not up to date in orLeft 
26105      WARN  main            d.u.i.k.p.NodeInfo        No instantiation for #109. Probably branch label not up to date in orLeft 
26105      WARN  main            d.u.i.k.p.NodeInfo        No instantiation for #109. Probably branch label not up to date in orLeft 
26105      WARN  main            d.u.i.k.p.NodeInfo        No instantiation for #110. Probably branch label not up to date in orLeft 
26105      WARN  main            d.u.i.k.p.NodeInfo        No instantiation for #110. Probably branch label not up to date in orLeft 
26105      WARN  main            d.u.i.k.p.NodeInfo        No instantiation for #110. Probably branch label not up to date in orLeft 
26105      WARN  main            d.u.i.k.p.NodeInfo        No instantiation for #110. Probably branch label not up to date in orLeft 
26105      WARN  main            d.u.i.k.p.NodeInfo        No instantiation for #110. Probably branch label not up to date in orLeft 
26105      WARN  main            d.u.i.k.p.NodeInfo        No instantiation for #55. Probably branch label not up to date in orLeft 
26105      WARN  main            d.u.i.k.p.NodeInfo        No instantiation for #55. Probably branch label not up to date in orLeft 
26105      WARN  main            d.u.i.k.p.NodeInfo        No instantiation for #56. Probably branch label not up to date in orLeft 
26105      WARN  main            d.u.i.k.p.NodeInfo        No instantiation for #56. Probably branch label not up to date in orLeft 
26105      WARN  main            d.u.i.k.p.NodeInfo        No instantiation for #57. Probably branch label not up to date in orLeft 
26105      WARN  main            d.u.i.k.p.NodeInfo        No instantiation for #57. Probably branch label not up to date in orLeft 
26105      WARN  main            d.u.i.k.p.NodeInfo        No instantiation for #106. Probably branch label not up to date in orLeft 
26105      WARN  main            d.u.i.k.p.NodeInfo        No instantiation for #106. Probably branch label not up to date in orLeft 
26105      WARN  main            d.u.i.k.p.NodeInfo        No instantiation for #106. Probably branch label not up to date in orLeft 
26105      WARN  main            d.u.i.k.p.NodeInfo        No instantiation for #106. Probably branch label not up to date in orLeft 
26105      WARN  main            d.u.i.k.p.NodeInfo        No instantiation for #107. Probably branch label not up to date in orLeft 
26105      WARN  main            d.u.i.k.p.NodeInfo        No instantiation for #107. Probably branch label not up to date in orLeft 
26110      WARN  main            d.u.i.k.p.NodeInfo        No instantiation for #108. Probably branch label not up to date in orLeft 
26110      WARN  main            d.u.i.k.p.NodeInfo        No instantiation for #108. Probably branch label not up to date in orLeft 
26110      WARN  main            d.u.i.k.p.NodeInfo        No instantiation for #109. Probably branch label not up to date in orLeft 
26110      WARN  main            d.u.i.k.p.NodeInfo        No instantiation for #109. Probably branch label not up to date in orLeft 
26110      WARN  main            d.u.i.k.p.NodeInfo        No instantiation for #110. Probably branch label not up to date in orLeft 
26110      WARN  main            d.u.i.k.p.NodeInfo        No instantiation for #110. Probably branch label not up to date in orLeft 
26110      WARN  main            d.u.i.k.p.NodeInfo        No instantiation for #110. Probably branch label not up to date in orLeft 
26110      WARN  main            d.u.i.k.p.NodeInfo        No instantiation for #110. Probably branch label not up to date in orLeft 
26110      WARN  main            d.u.i.k.p.NodeInfo        No instantiation for #110. Probably branch label not up to date in orLeft 
26110      WARN  main            d.u.i.k.p.NodeInfo        No instantiation for #87. Probably branch label not up to date in orLeft 
26110      WARN  main            d.u.i.k.p.NodeInfo        No instantiation for #87. Probably branch label not up to date in orLeft 
26110      WARN  main            d.u.i.k.p.NodeInfo        No instantiation for #88. Probably branch label not up to date in orLeft 
26110      WARN  main            d.u.i.k.p.NodeInfo        No instantiation for #88. Probably branch label not up to date in orLeft 
26110      WARN  main            d.u.i.k.p.NodeInfo        No instantiation for #89. Probably branch label not up to date in orLeft 
26110      WARN  main            d.u.i.k.p.NodeInfo        No instantiation for #89. Probably branch label not up to date in orLeft 
26110      WARN  main            d.u.i.k.p.NodeInfo        No instantiation for #106. Probably branch label not up to date in orLeft 
26110      WARN  main            d.u.i.k.p.NodeInfo        No instantiation for #106. Probably branch label not up to date in orLeft 
26110      WARN  main            d.u.i.k.p.NodeInfo        No instantiation for #106. Probably branch label not up to date in orLeft 
26110      WARN  main            d.u.i.k.p.NodeInfo        No instantiation for #106. Probably branch label not up to date in orLeft 
26110      WARN  main            d.u.i.k.p.NodeInfo        No instantiation for #107. Probably branch label not up to date in orLeft 
26110      WARN  main            d.u.i.k.p.NodeInfo        No instantiation for #107. Probably branch label not up to date in orLeft 
26110      WARN  main            d.u.i.k.p.NodeInfo        No instantiation for #108. Probably branch label not up to date in orLeft 
26110      WARN  main            d.u.i.k.p.NodeInfo        No instantiation for #108. Probably branch label not up to date in orLeft 
26110      WARN  main            d.u.i.k.p.NodeInfo        No instantiation for #109. Probably branch label not up to date in orLeft 
26110      WARN  main            d.u.i.k.p.NodeInfo        No instantiation for #109. Probably branch label not up to date in orLeft 
26110      WARN  main            d.u.i.k.p.NodeInfo        No instantiation for #110. Probably branch label not up to date in orLeft 
26110      WARN  main            d.u.i.k.p.NodeInfo        No instantiation for #110. Probably branch label not up to date in orLeft 
26110      WARN  main            d.u.i.k.p.NodeInfo        No instantiation for #110. Probably branch label not up to date in orLeft 
26110      WARN  main            d.u.i.k.p.NodeInfo        No instantiation for #110. Probably branch label not up to date in orLeft 
26110      WARN  main            d.u.i.k.p.NodeInfo        No instantiation for #110. Probably branch label not up to date in orLeft 
26110      WARN  main            d.u.i.k.p.NodeInfo        No instantiation for #55. Probably branch label not up to date in orLeft 
26110      WARN  main            d.u.i.k.p.NodeInfo        No instantiation for #55. Probably branch label not up to date in orLeft 
26110      WARN  main            d.u.i.k.p.NodeInfo        No instantiation for #56. Probably branch label not up to date in orLeft 
26110      WARN  main            d.u.i.k.p.NodeInfo        No instantiation for #56. Probably branch label not up to date in orLeft 
26110      WARN  main            d.u.i.k.p.NodeInfo        No instantiation for #57. Probably branch label not up to date in orLeft 
26110      WARN  main            d.u.i.k.p.NodeInfo        No instantiation for #57. Probably branch label not up to date in orLeft 
26110      WARN  main            d.u.i.k.p.NodeInfo        No instantiation for #106. Probably branch label not up to date in orLeft 
26110      WARN  main            d.u.i.k.p.NodeInfo        No instantiation for #106. Probably branch label not up to date in orLeft 
26110      WARN  main            d.u.i.k.p.NodeInfo        No instantiation for #106. Probably branch label not up to date in orLeft 
26111      WARN  main            d.u.i.k.p.NodeInfo        No instantiation for #106. Probably branch label not up to date in orLeft 
26111      WARN  main            d.u.i.k.p.NodeInfo        No instantiation for #107. Probably branch label not up to date in orLeft 
26111      WARN  main            d.u.i.k.p.NodeInfo        No instantiation for #107. Probably branch label not up to date in orLeft 
26111      WARN  main            d.u.i.k.p.NodeInfo        No instantiation for #108. Probably branch label not up to date in orLeft 
26111      WARN  main            d.u.i.k.p.NodeInfo        No instantiation for #108. Probably branch label not up to date in orLeft 
26111      WARN  main            d.u.i.k.p.NodeInfo        No instantiation for #109. Probably branch label not up to date in orLeft 
26111      WARN  main            d.u.i.k.p.NodeInfo        No instantiation for #109. Probably branch label not up to date in orLeft 
26111      WARN  main            d.u.i.k.p.NodeInfo        No instantiation for #110. Probably branch label not up to date in orLeft 
26111      WARN  main            d.u.i.k.p.NodeInfo        No instantiation for #110. Probably branch label not up to date in orLeft 
26111      WARN  main            d.u.i.k.p.NodeInfo        No instantiation for #110. Probably branch label not up to date in orLeft 
26111      WARN  main            d.u.i.k.p.NodeInfo        No instantiation for #110. Probably branch label not up to date in orLeft 
26111      WARN  main            d.u.i.k.p.NodeInfo        No instantiation for #110. Probably branch label not up to date in orLeft 
26111      WARN  main            d.u.i.k.p.NodeInfo        No instantiation for #111. Probably branch label not up to date in orLeft 
26111      WARN  main            d.u.i.k.p.NodeInfo        No instantiation for #111. Probably branch label not up to date in orLeft 
26111      WARN  main            d.u.i.k.p.NodeInfo        No instantiation for #112. Probably branch label not up to date in orLeft 
26111      WARN  main            d.u.i.k.p.NodeInfo        No instantiation for #112. Probably branch label not up to date in orLeft 
26111      WARN  main            d.u.i.k.p.NodeInfo        No instantiation for #113. Probably branch label not up to date in orLeft 
26111      WARN  main            d.u.i.k.p.NodeInfo        No instantiation for #113. Probably branch label not up to date in orLeft 
26111      WARN  main            d.u.i.k.p.NodeInfo        No instantiation for #106. Probably branch label not up to date in orLeft 
26111      WARN  main            d.u.i.k.p.NodeInfo        No instantiation for #106. Probably branch label not up to date in orLeft 
26111      WARN  main            d.u.i.k.p.NodeInfo        No instantiation for #106. Probably branch label not up to date in orLeft 
26111      WARN  main            d.u.i.k.p.NodeInfo        No instantiation for #106. Probably branch label not up to date in orLeft 
26111      WARN  main            d.u.i.k.p.NodeInfo        No instantiation for #107. Probably branch label not up to date in orLeft 
26111      WARN  main            d.u.i.k.p.NodeInfo        No instantiation for #107. Probably branch label not up to date in orLeft 
26111      WARN  main            d.u.i.k.p.NodeInfo        No instantiation for #108. Probably branch label not up to date in orLeft 
26111      WARN  main            d.u.i.k.p.NodeInfo        No instantiation for #108. Probably branch label not up to date in orLeft 
26111      WARN  main            d.u.i.k.p.NodeInfo        No instantiation for #109. Probably branch label not up to date in orLeft 
26111      WARN  main            d.u.i.k.p.NodeInfo        No instantiation for #109. Probably branch label not up to date in orLeft 
26111      WARN  main            d.u.i.k.p.NodeInfo        No instantiation for #110. Probably branch label not up to date in orLeft 
26111      WARN  main            d.u.i.k.p.NodeInfo        No instantiation for #110. Probably branch label not up to date in orLeft 
26111      WARN  main            d.u.i.k.p.NodeInfo        No instantiation for #110. Probably branch label not up to date in orLeft 
26111      WARN  main            d.u.i.k.p.NodeInfo        No instantiation for #110. Probably branch label not up to date in orLeft 
26111      WARN  main            d.u.i.k.p.NodeInfo        No instantiation for #110. Probably branch label not up to date in orLeft 
26111      WARN  main            d.u.i.k.p.NodeInfo        No instantiation for #87. Probably branch label not up to date in orLeft 
26111      WARN  main            d.u.i.k.p.NodeInfo        No instantiation for #87. Probably branch label not up to date in orLeft 
26111      WARN  main            d.u.i.k.p.NodeInfo        No instantiation for #88. Probably branch label not up to date in orLeft 
26111      WARN  main            d.u.i.k.p.NodeInfo        No instantiation for #88. Probably branch label not up to date in orLeft 
26111      WARN  main            d.u.i.k.p.NodeInfo        No instantiation for #89. Probably branch label not up to date in orLeft 
26111      WARN  main            d.u.i.k.p.NodeInfo        No instantiation for #89. Probably branch label not up to date in orLeft 
26111      WARN  main            d.u.i.k.p.NodeInfo        No instantiation for #106. Probably branch label not up to date in orLeft 
26111      WARN  main            d.u.i.k.p.NodeInfo        No instantiation for #106. Probably branch label not up to date in orLeft 
26111      WARN  main            d.u.i.k.p.NodeInfo        No instantiation for #106. Probably branch label not up to date in orLeft 
26111      WARN  main            d.u.i.k.p.NodeInfo        No instantiation for #106. Probably branch label not up to date in orLeft 
26111      WARN  main            d.u.i.k.p.NodeInfo        No instantiation for #107. Probably branch label not up to date in orLeft 
26111      WARN  main            d.u.i.k.p.NodeInfo        No instantiation for #107. Probably branch label not up to date in orLeft 
26111      WARN  main            d.u.i.k.p.NodeInfo        No instantiation for #108. Probably branch label not up to date in orLeft 
26111      WARN  main            d.u.i.k.p.NodeInfo        No instantiation for #108. Probably branch label not up to date in orLeft 
26111      WARN  main            d.u.i.k.p.NodeInfo        No instantiation for #109. Probably branch label not up to date in orLeft 
26111      WARN  main            d.u.i.k.p.NodeInfo        No instantiation for #109. Probably branch label not up to date in orLeft 
26111      WARN  main            d.u.i.k.p.NodeInfo        No instantiation for #110. Probably branch label not up to date in orLeft 
26111      WARN  main            d.u.i.k.p.NodeInfo        No instantiation for #110. Probably branch label not up to date in orLeft 
26111      WARN  main            d.u.i.k.p.NodeInfo        No instantiation for #110. Probably branch label not up to date in orLeft 
26111      WARN  main            d.u.i.k.p.NodeInfo        No instantiation for #110. Probably branch label not up to date in orLeft 
26111      WARN  main            d.u.i.k.p.NodeInfo        No instantiation for #110. Probably branch label not up to date in orLeft 
26111      WARN  main            d.u.i.k.p.NodeInfo        No instantiation for #87. Probably branch label not up to date in orLeft 
26111      WARN  main            d.u.i.k.p.NodeInfo        No instantiation for #87. Probably branch label not up to date in orLeft 
26111      WARN  main            d.u.i.k.p.NodeInfo        No instantiation for #88. Probably branch label not up to date in orLeft 
26111      WARN  main            d.u.i.k.p.NodeInfo        No instantiation for #88. Probably branch label not up to date in orLeft 
26111      WARN  main            d.u.i.k.p.NodeInfo        No instantiation for #89. Probably branch label not up to date in orLeft 
26111      WARN  main            d.u.i.k.p.NodeInfo        No instantiation for #89. Probably branch label not up to date in orLeft 
26122      WARN  main            d.u.i.k.p.NodeInfo        No instantiation for #106. Probably branch label not up to date in orLeft 
26122      WARN  main            d.u.i.k.p.NodeInfo        No instantiation for #106. Probably branch label not up to date in orLeft 
26122      WARN  main            d.u.i.k.p.NodeInfo        No instantiation for #106. Probably branch label not up to date in orLeft 
26122      WARN  main            d.u.i.k.p.NodeInfo        No instantiation for #106. Probably branch label not up to date in orLeft 
26122      WARN  main            d.u.i.k.p.NodeInfo        No instantiation for #107. Probably branch label not up to date in orLeft 
26122      WARN  main            d.u.i.k.p.NodeInfo        No instantiation for #107. Probably branch label not up to date in orLeft 
26122      WARN  main            d.u.i.k.p.NodeInfo        No instantiation for #108. Probably branch label not up to date in orLeft 
26122      WARN  main            d.u.i.k.p.NodeInfo        No instantiation for #108. Probably branch label not up to date in orLeft 
26122      WARN  main            d.u.i.k.p.NodeInfo        No instantiation for #109. Probably branch label not up to date in orLeft 
26122      WARN  main            d.u.i.k.p.NodeInfo        No instantiation for #109. Probably branch label not up to date in orLeft 
26122      WARN  main            d.u.i.k.p.NodeInfo        No instantiation for #110. Probably branch label not up to date in orLeft 
26122      WARN  main            d.u.i.k.p.NodeInfo        No instantiation for #110. Probably branch label not up to date in orLeft 
26122      WARN  main            d.u.i.k.p.NodeInfo        No instantiation for #110. Probably branch label not up to date in orLeft 
26122      WARN  main            d.u.i.k.p.NodeInfo        No instantiation for #110. Probably branch label not up to date in orLeft 
26122      WARN  main            d.u.i.k.p.NodeInfo        No instantiation for #110. Probably branch label not up to date in orLeft 
26122      WARN  main            d.u.i.k.p.NodeInfo        No instantiation for #87. Probably branch label not up to date in orLeft 
26122      WARN  main            d.u.i.k.p.NodeInfo        No instantiation for #87. Probably branch label not up to date in orLeft 
26122      WARN  main            d.u.i.k.p.NodeInfo        No instantiation for #88. Probably branch label not up to date in orLeft 
26122      WARN  main            d.u.i.k.p.NodeInfo        No instantiation for #88. Probably branch label not up to date in orLeft 
26122      WARN  main            d.u.i.k.p.NodeInfo        No instantiation for #89. Probably branch label not up to date in orLeft 
26122      WARN  main            d.u.i.k.p.NodeInfo        No instantiation for #89. Probably branch label not up to date in orLeft 
26122      WARN  main            d.u.i.k.p.NodeInfo        No instantiation for #106. Probably branch label not up to date in orLeft 
26122      WARN  main            d.u.i.k.p.NodeInfo        No instantiation for #106. Probably branch label not up to date in orLeft 
26122      WARN  main            d.u.i.k.p.NodeInfo        No instantiation for #106. Probably branch label not up to date in orLeft 
26122      WARN  main            d.u.i.k.p.NodeInfo        No instantiation for #106. Probably branch label not up to date in orLeft 
26122      WARN  main            d.u.i.k.p.NodeInfo        No instantiation for #107. Probably branch label not up to date in orLeft 
26122      WARN  main            d.u.i.k.p.NodeInfo        No instantiation for #107. Probably branch label not up to date in orLeft 
26122      WARN  main            d.u.i.k.p.NodeInfo        No instantiation for #108. Probably branch label not up to date in orLeft 
26122      WARN  main            d.u.i.k.p.NodeInfo        No instantiation for #108. Probably branch label not up to date in orLeft 
26122      WARN  main            d.u.i.k.p.NodeInfo        No instantiation for #109. Probably branch label not up to date in orLeft 
26122      WARN  main            d.u.i.k.p.NodeInfo        No instantiation for #109. Probably branch label not up to date in orLeft 
26122      WARN  main            d.u.i.k.p.NodeInfo        No instantiation for #110. Probably branch label not up to date in orLeft 
26122      WARN  main            d.u.i.k.p.NodeInfo        No instantiation for #110. Probably branch label not up to date in orLeft 
26122      WARN  main            d.u.i.k.p.NodeInfo        No instantiation for #110. Probably branch label not up to date in orLeft 
26122      WARN  main            d.u.i.k.p.NodeInfo        No instantiation for #110. Probably branch label not up to date in orLeft 
26122      WARN  main            d.u.i.k.p.NodeInfo        No instantiation for #110. Probably branch label not up to date in orLeft 
26122      WARN  main            d.u.i.k.p.NodeInfo        No instantiation for #87. Probably branch label not up to date in orLeft 
26122      WARN  main            d.u.i.k.p.NodeInfo        No instantiation for #87. Probably branch label not up to date in orLeft 
26122      WARN  main            d.u.i.k.p.NodeInfo        No instantiation for #88. Probably branch label not up to date in orLeft 
26122      WARN  main            d.u.i.k.p.NodeInfo        No instantiation for #88. Probably branch label not up to date in orLeft 
26122      WARN  main            d.u.i.k.p.NodeInfo        No instantiation for #89. Probably branch label not up to date in orLeft 
26122      WARN  main            d.u.i.k.p.NodeInfo        No instantiation for #89. Probably branch label not up to date in orLeft 
26134      WARN  main            d.u.i.k.p.NodeInfo        No instantiation for #106. Probably branch label not up to date in orLeft 
26134      WARN  main            d.u.i.k.p.NodeInfo        No instantiation for #106. Probably branch label not up to date in orLeft 
26134      WARN  main            d.u.i.k.p.NodeInfo        No instantiation for #106. Probably branch label not up to date in orLeft 
26134      WARN  main            d.u.i.k.p.NodeInfo        No instantiation for #106. Probably branch label not up to date in orLeft 
26134      WARN  main            d.u.i.k.p.NodeInfo        No instantiation for #107. Probably branch label not up to date in orLeft 
26134      WARN  main            d.u.i.k.p.NodeInfo        No instantiation for #107. Probably branch label not up to date in orLeft 
26134      WARN  main            d.u.i.k.p.NodeInfo        No instantiation for #108. Probably branch label not up to date in orLeft 
26134      WARN  main            d.u.i.k.p.NodeInfo        No instantiation for #108. Probably branch label not up to date in orLeft 
26134      WARN  main            d.u.i.k.p.NodeInfo        No instantiation for #109. Probably branch label not up to date in orLeft 
26134      WARN  main            d.u.i.k.p.NodeInfo        No instantiation for #109. Probably branch label not up to date in orLeft 
26134      WARN  main            d.u.i.k.p.NodeInfo        No instantiation for #110. Probably branch label not up to date in orLeft 
26134      WARN  main            d.u.i.k.p.NodeInfo        No instantiation for #110. Probably branch label not up to date in orLeft 
26134      WARN  main            d.u.i.k.p.NodeInfo        No instantiation for #110. Probably branch label not up to date in orLeft 
26134      WARN  main            d.u.i.k.p.NodeInfo        No instantiation for #110. Probably branch label not up to date in orLeft 
26134      WARN  main            d.u.i.k.p.NodeInfo        No instantiation for #110. Probably branch label not up to date in orLeft 
26134      WARN  main            d.u.i.k.p.NodeInfo        No instantiation for #55. Probably branch label not up to date in orLeft 
26134      WARN  main            d.u.i.k.p.NodeInfo        No instantiation for #55. Probably branch label not up to date in orLeft 
26134      WARN  main            d.u.i.k.p.NodeInfo        No instantiation for #56. Probably branch label not up to date in orLeft 
26134      WARN  main            d.u.i.k.p.NodeInfo        No instantiation for #56. Probably branch label not up to date in orLeft 
26134      WARN  main            d.u.i.k.p.NodeInfo        No instantiation for #57. Probably branch label not up to date in orLeft 
26134      WARN  main            d.u.i.k.p.NodeInfo        No instantiation for #57. Probably branch label not up to date in orLeft 
26134      WARN  main            d.u.i.k.p.NodeInfo        No instantiation for #106. Probably branch label not up to date in orLeft 
26134      WARN  main            d.u.i.k.p.NodeInfo        No instantiation for #106. Probably branch label not up to date in orLeft 
26134      WARN  main            d.u.i.k.p.NodeInfo        No instantiation for #106. Probably branch label not up to date in orLeft 
26134      WARN  main            d.u.i.k.p.NodeInfo        No instantiation for #106. Probably branch label not up to date in orLeft 
26134      WARN  main            d.u.i.k.p.NodeInfo        No instantiation for #107. Probably branch label not up to date in orLeft 
26134      WARN  main            d.u.i.k.p.NodeInfo        No instantiation for #107. Probably branch label not up to date in orLeft 
26134      WARN  main            d.u.i.k.p.NodeInfo        No instantiation for #108. Probably branch label not up to date in orLeft 
26134      WARN  main            d.u.i.k.p.NodeInfo        No instantiation for #108. Probably branch label not up to date in orLeft 
26136      WARN  main            d.u.i.k.p.NodeInfo        No instantiation for #109. Probably branch label not up to date in orLeft 
26136      WARN  main            d.u.i.k.p.NodeInfo        No instantiation for #109. Probably branch label not up to date in orLeft 
26136      WARN  main            d.u.i.k.p.NodeInfo        No instantiation for #110. Probably branch label not up to date in orLeft 
26136      WARN  main            d.u.i.k.p.NodeInfo        No instantiation for #110. Probably branch label not up to date in orLeft 
26136      WARN  main            d.u.i.k.p.NodeInfo        No instantiation for #110. Probably branch label not up to date in orLeft 
26136      WARN  main            d.u.i.k.p.NodeInfo        No instantiation for #110. Probably branch label not up to date in orLeft 
26136      WARN  main            d.u.i.k.p.NodeInfo        No instantiation for #110. Probably branch label not up to date in orLeft 
26136      WARN  main            d.u.i.k.p.NodeInfo        No instantiation for #55. Probably branch label not up to date in orLeft 
26136      WARN  main            d.u.i.k.p.NodeInfo        No instantiation for #55. Probably branch label not up to date in orLeft 
26136      WARN  main            d.u.i.k.p.NodeInfo        No instantiation for #56. Probably branch label not up to date in orLeft 
26136      WARN  main            d.u.i.k.p.NodeInfo        No instantiation for #56. Probably branch label not up to date in orLeft 
26136      WARN  main            d.u.i.k.p.NodeInfo        No instantiation for #57. Probably branch label not up to date in orLeft 
26136      WARN  main            d.u.i.k.p.NodeInfo        No instantiation for #57. Probably branch label not up to date in orLeft 
26136      WARN  main            d.u.i.k.p.NodeInfo        No instantiation for #106. Probably branch label not up to date in orLeft 
26136      WARN  main            d.u.i.k.p.NodeInfo        No instantiation for #106. Probably branch label not up to date in orLeft 
26136      WARN  main            d.u.i.k.p.NodeInfo        No instantiation for #106. Probably branch label not up to date in orLeft 
26136      WARN  main            d.u.i.k.p.NodeInfo        No instantiation for #106. Probably branch label not up to date in orLeft 
26136      WARN  main            d.u.i.k.p.NodeInfo        No instantiation for #107. Probably branch label not up to date in orLeft 
26136      WARN  main            d.u.i.k.p.NodeInfo        No instantiation for #107. Probably branch label not up to date in orLeft 
26136      WARN  main            d.u.i.k.p.NodeInfo        No instantiation for #108. Probably branch label not up to date in orLeft 
26136      WARN  main            d.u.i.k.p.NodeInfo        No instantiation for #108. Probably branch label not up to date in orLeft 
26136      WARN  main            d.u.i.k.p.NodeInfo        No instantiation for #109. Probably branch label not up to date in orLeft 
26136      WARN  main            d.u.i.k.p.NodeInfo        No instantiation for #109. Probably branch label not up to date in orLeft 
26136      WARN  main            d.u.i.k.p.NodeInfo        No instantiation for #110. Probably branch label not up to date in orLeft 
26136      WARN  main            d.u.i.k.p.NodeInfo        No instantiation for #110. Probably branch label not up to date in orLeft 
26136      WARN  main            d.u.i.k.p.NodeInfo        No instantiation for #110. Probably branch label not up to date in orLeft 
26136      WARN  main            d.u.i.k.p.NodeInfo        No instantiation for #110. Probably branch label not up to date in orLeft 
26136      WARN  main            d.u.i.k.p.NodeInfo        No instantiation for #110. Probably branch label not up to date in orLeft 
26136      WARN  main            d.u.i.k.p.NodeInfo        No instantiation for #55. Probably branch label not up to date in orLeft 
26136      WARN  main            d.u.i.k.p.NodeInfo        No instantiation for #55. Probably branch label not up to date in orLeft 
26136      WARN  main            d.u.i.k.p.NodeInfo        No instantiation for #56. Probably branch label not up to date in orLeft 
26136      WARN  main            d.u.i.k.p.NodeInfo        No instantiation for #56. Probably branch label not up to date in orLeft 
26136      WARN  main            d.u.i.k.p.NodeInfo        No instantiation for #57. Probably branch label not up to date in orLeft 
26136      WARN  main            d.u.i.k.p.NodeInfo        No instantiation for #57. Probably branch label not up to date in orLeft 
26137      WARN  main            d.u.i.k.p.NodeInfo        No instantiation for #106. Probably branch label not up to date in orLeft 
26137      WARN  main            d.u.i.k.p.NodeInfo        No instantiation for #106. Probably branch label not up to date in orLeft 
26137      WARN  main            d.u.i.k.p.NodeInfo        No instantiation for #106. Probably branch label not up to date in orLeft 
26137      WARN  main            d.u.i.k.p.NodeInfo        No instantiation for #106. Probably branch label not up to date in orLeft 
26137      WARN  main            d.u.i.k.p.NodeInfo        No instantiation for #107. Probably branch label not up to date in orLeft 
26137      WARN  main            d.u.i.k.p.NodeInfo        No instantiation for #107. Probably branch label not up to date in orLeft 
26137      WARN  main            d.u.i.k.p.NodeInfo        No instantiation for #108. Probably branch label not up to date in orLeft 
26137      WARN  main            d.u.i.k.p.NodeInfo        No instantiation for #108. Probably branch label not up to date in orLeft 
26137      WARN  main            d.u.i.k.p.NodeInfo        No instantiation for #109. Probably branch label not up to date in orLeft 
26137      WARN  main            d.u.i.k.p.NodeInfo        No instantiation for #109. Probably branch label not up to date in orLeft 
26137      WARN  main            d.u.i.k.p.NodeInfo        No instantiation for #110. Probably branch label not up to date in orLeft 
26137      WARN  main            d.u.i.k.p.NodeInfo        No instantiation for #110. Probably branch label not up to date in orLeft 
26137      WARN  main            d.u.i.k.p.NodeInfo        No instantiation for #110. Probably branch label not up to date in orLeft 
26137      WARN  main            d.u.i.k.p.NodeInfo        No instantiation for #110. Probably branch label not up to date in orLeft 
26137      WARN  main            d.u.i.k.p.NodeInfo        No instantiation for #110. Probably branch label not up to date in orLeft 
26137      WARN  main            d.u.i.k.p.NodeInfo        No instantiation for #87. Probably branch label not up to date in orLeft 
26137      WARN  main            d.u.i.k.p.NodeInfo        No instantiation for #87. Probably branch label not up to date in orLeft 
26137      WARN  main            d.u.i.k.p.NodeInfo        No instantiation for #88. Probably branch label not up to date in orLeft 
26137      WARN  main            d.u.i.k.p.NodeInfo        No instantiation for #88. Probably branch label not up to date in orLeft 
26137      WARN  main            d.u.i.k.p.NodeInfo        No instantiation for #89. Probably branch label not up to date in orLeft 
26137      WARN  main            d.u.i.k.p.NodeInfo        No instantiation for #89. Probably branch label not up to date in orLeft 
26137      WARN  main            d.u.i.k.p.NodeInfo        No instantiation for #106. Probably branch label not up to date in orLeft 
26137      WARN  main            d.u.i.k.p.NodeInfo        No instantiation for #106. Probably branch label not up to date in orLeft 
26137      WARN  main            d.u.i.k.p.NodeInfo        No instantiation for #106. Probably branch label not up to date in orLeft 
26137      WARN  main            d.u.i.k.p.NodeInfo        No instantiation for #106. Probably branch label not up to date in orLeft 
26137      WARN  main            d.u.i.k.p.NodeInfo        No instantiation for #107. Probably branch label not up to date in orLeft 
26137      WARN  main            d.u.i.k.p.NodeInfo        No instantiation for #107. Probably branch label not up to date in orLeft 
26137      WARN  main            d.u.i.k.p.NodeInfo        No instantiation for #108. Probably branch label not up to date in orLeft 
26137      WARN  main            d.u.i.k.p.NodeInfo        No instantiation for #108. Probably branch label not up to date in orLeft 
26137      WARN  main            d.u.i.k.p.NodeInfo        No instantiation for #109. Probably branch label not up to date in orLeft 
26137      WARN  main            d.u.i.k.p.NodeInfo        No instantiation for #109. Probably branch label not up to date in orLeft 
26137      WARN  main            d.u.i.k.p.NodeInfo        No instantiation for #110. Probably branch label not up to date in orLeft 
26137      WARN  main            d.u.i.k.p.NodeInfo        No instantiation for #110. Probably branch label not up to date in orLeft 
26137      WARN  main            d.u.i.k.p.NodeInfo        No instantiation for #110. Probably branch label not up to date in orLeft 
26137      WARN  main            d.u.i.k.p.NodeInfo        No instantiation for #110. Probably branch label not up to date in orLeft 
26137      WARN  main            d.u.i.k.p.NodeInfo        No instantiation for #110. Probably branch label not up to date in orLeft 
26137      WARN  main            d.u.i.k.p.NodeInfo        No instantiation for #55. Probably branch label not up to date in orLeft 
26137      WARN  main            d.u.i.k.p.NodeInfo        No instantiation for #55. Probably branch label not up to date in orLeft 
26137      WARN  main            d.u.i.k.p.NodeInfo        No instantiation for #56. Probably branch label not up to date in orLeft 
26137      WARN  main            d.u.i.k.p.NodeInfo        No instantiation for #56. Probably branch label not up to date in orLeft 
26137      WARN  main            d.u.i.k.p.NodeInfo        No instantiation for #57. Probably branch label not up to date in orLeft 
26137      WARN  main            d.u.i.k.p.NodeInfo        No instantiation for #57. Probably branch label not up to date in orLeft 
26137      WARN  main            d.u.i.k.p.NodeInfo        No instantiation for #106. Probably branch label not up to date in orLeft 
26137      WARN  main            d.u.i.k.p.NodeInfo        No instantiation for #106. Probably branch label not up to date in orLeft 
26137      WARN  main            d.u.i.k.p.NodeInfo        No instantiation for #106. Probably branch label not up to date in orLeft 
26137      WARN  main            d.u.i.k.p.NodeInfo        No instantiation for #106. Probably branch label not up to date in orLeft 
26137      WARN  main            d.u.i.k.p.NodeInfo        No instantiation for #107. Probably branch label not up to date in orLeft 
26137      WARN  main            d.u.i.k.p.NodeInfo        No instantiation for #107. Probably branch label not up to date in orLeft 
26137      WARN  main            d.u.i.k.p.NodeInfo        No instantiation for #108. Probably branch label not up to date in orLeft 
26137      WARN  main            d.u.i.k.p.NodeInfo        No instantiation for #108. Probably branch label not up to date in orLeft 
26137      WARN  main            d.u.i.k.p.NodeInfo        No instantiation for #109. Probably branch label not up to date in orLeft 
26137      WARN  main            d.u.i.k.p.NodeInfo        No instantiation for #109. Probably branch label not up to date in orLeft 
26137      WARN  main            d.u.i.k.p.NodeInfo        No instantiation for #110. Probably branch label not up to date in orLeft 
26137      WARN  main            d.u.i.k.p.NodeInfo        No instantiation for #110. Probably branch label not up to date in orLeft 
26137      WARN  main            d.u.i.k.p.NodeInfo        No instantiation for #110. Probably branch label not up to date in orLeft 
26137      WARN  main            d.u.i.k.p.NodeInfo        No instantiation for #110. Probably branch label not up to date in orLeft 
26137      WARN  main            d.u.i.k.p.NodeInfo        No instantiation for #110. Probably branch label not up to date in orLeft 
26137      WARN  main            d.u.i.k.p.NodeInfo        No instantiation for #111. Probably branch label not up to date in orLeft 
26137      WARN  main            d.u.i.k.p.NodeInfo        No instantiation for #111. Probably branch label not up to date in orLeft 
26137      WARN  main            d.u.i.k.p.NodeInfo        No instantiation for #112. Probably branch label not up to date in orLeft 
26137      WARN  main            d.u.i.k.p.NodeInfo        No instantiation for #112. Probably branch label not up to date in orLeft 
26137      WARN  main            d.u.i.k.p.NodeInfo        No instantiation for #113. Probably branch label not up to date in orLeft 
26137      WARN  main            d.u.i.k.p.NodeInfo        No instantiation for #113. Probably branch label not up to date in orLeft 
26164      WARN  main            d.u.i.k.p.NodeInfo        No instantiation for #106. Probably branch label not up to date in orLeft 
26164      WARN  main            d.u.i.k.p.NodeInfo        No instantiation for #106. Probably branch label not up to date in orLeft 
26164      WARN  main            d.u.i.k.p.NodeInfo        No instantiation for #106. Probably branch label not up to date in orLeft 
26164      WARN  main            d.u.i.k.p.NodeInfo        No instantiation for #106. Probably branch label not up to date in orLeft 
26164      WARN  main            d.u.i.k.p.NodeInfo        No instantiation for #107. Probably branch label not up to date in orLeft 
26164      WARN  main            d.u.i.k.p.NodeInfo        No instantiation for #107. Probably branch label not up to date in orLeft 
26164      WARN  main            d.u.i.k.p.NodeInfo        No instantiation for #108. Probably branch label not up to date in orLeft 
26164      WARN  main            d.u.i.k.p.NodeInfo        No instantiation for #108. Probably branch label not up to date in orLeft 
26164      WARN  main            d.u.i.k.p.NodeInfo        No instantiation for #109. Probably branch label not up to date in orLeft 
26164      WARN  main            d.u.i.k.p.NodeInfo        No instantiation for #109. Probably branch label not up to date in orLeft 
26164      WARN  main            d.u.i.k.p.NodeInfo        No instantiation for #110. Probably branch label not up to date in orLeft 
26164      WARN  main            d.u.i.k.p.NodeInfo        No instantiation for #110. Probably branch label not up to date in orLeft 
26164      WARN  main            d.u.i.k.p.NodeInfo        No instantiation for #110. Probably branch label not up to date in orLeft 
26164      WARN  main            d.u.i.k.p.NodeInfo        No instantiation for #110. Probably branch label not up to date in orLeft 
26164      WARN  main            d.u.i.k.p.NodeInfo        No instantiation for #110. Probably branch label not up to date in orLeft 
26164      WARN  main            d.u.i.k.p.NodeInfo        No instantiation for #55. Probably branch label not up to date in orLeft 
26164      WARN  main            d.u.i.k.p.NodeInfo        No instantiation for #55. Probably branch label not up to date in orLeft 
26164      WARN  main            d.u.i.k.p.NodeInfo        No instantiation for #56. Probably branch label not up to date in orLeft 
26164      WARN  main            d.u.i.k.p.NodeInfo        No instantiation for #56. Probably branch label not up to date in orLeft 
26164      WARN  main            d.u.i.k.p.NodeInfo        No instantiation for #57. Probably branch label not up to date in orLeft 
26164      WARN  main            d.u.i.k.p.NodeInfo        No instantiation for #57. Probably branch label not up to date in orLeft 
26164      WARN  main            d.u.i.k.p.NodeInfo        No instantiation for #106. Probably branch label not up to date in orLeft 
26164      WARN  main            d.u.i.k.p.NodeInfo        No instantiation for #106. Probably branch label not up to date in orLeft 
26164      WARN  main            d.u.i.k.p.NodeInfo        No instantiation for #106. Probably branch label not up to date in orLeft 
26164      WARN  main            d.u.i.k.p.NodeInfo        No instantiation for #106. Probably branch label not up to date in orLeft 
26164      WARN  main            d.u.i.k.p.NodeInfo        No instantiation for #107. Probably branch label not up to date in orLeft 
26164      WARN  main            d.u.i.k.p.NodeInfo        No instantiation for #107. Probably branch label not up to date in orLeft 
26164      WARN  main            d.u.i.k.p.NodeInfo        No instantiation for #108. Probably branch label not up to date in orLeft 
26164      WARN  main            d.u.i.k.p.NodeInfo        No instantiation for #108. Probably branch label not up to date in orLeft 
26164      WARN  main            d.u.i.k.p.NodeInfo        No instantiation for #109. Probably branch label not up to date in orLeft 
26164      WARN  main            d.u.i.k.p.NodeInfo        No instantiation for #109. Probably branch label not up to date in orLeft 
26164      WARN  main            d.u.i.k.p.NodeInfo        No instantiation for #110. Probably branch label not up to date in orLeft 
26164      WARN  main            d.u.i.k.p.NodeInfo        No instantiation for #110. Probably branch label not up to date in orLeft 
26164      WARN  main            d.u.i.k.p.NodeInfo        No instantiation for #110. Probably branch label not up to date in orLeft 
26164      WARN  main            d.u.i.k.p.NodeInfo        No instantiation for #110. Probably branch label not up to date in orLeft 
26164      WARN  main            d.u.i.k.p.NodeInfo        No instantiation for #110. Probably branch label not up to date in orLeft 
26164      WARN  main            d.u.i.k.p.NodeInfo        No instantiation for #111. Probably branch label not up to date in orLeft 
26164      WARN  main            d.u.i.k.p.NodeInfo        No instantiation for #111. Probably branch label not up to date in orLeft 
26164      WARN  main            d.u.i.k.p.NodeInfo        No instantiation for #112. Probably branch label not up to date in orLeft 
26164      WARN  main            d.u.i.k.p.NodeInfo        No instantiation for #112. Probably branch label not up to date in orLeft 
26164      WARN  main            d.u.i.k.p.NodeInfo        No instantiation for #113. Probably branch label not up to date in orLeft 
26164      WARN  main            d.u.i.k.p.NodeInfo        No instantiation for #113. Probably branch label not up to date in orLeft 
26177      WARN  main            d.u.i.k.p.NodeInfo        No instantiation for #106. Probably branch label not up to date in orLeft 
26177      WARN  main            d.u.i.k.p.NodeInfo        No instantiation for #106. Probably branch label not up to date in orLeft 
26177      WARN  main            d.u.i.k.p.NodeInfo        No instantiation for #106. Probably branch label not up to date in orLeft 
26177      WARN  main            d.u.i.k.p.NodeInfo        No instantiation for #106. Probably branch label not up to date in orLeft 
26177      WARN  main            d.u.i.k.p.NodeInfo        No instantiation for #107. Probably branch label not up to date in orLeft 
26177      WARN  main            d.u.i.k.p.NodeInfo        No instantiation for #107. Probably branch label not up to date in orLeft 
26177      WARN  main            d.u.i.k.p.NodeInfo        No instantiation for #108. Probably branch label not up to date in orLeft 
26177      WARN  main            d.u.i.k.p.NodeInfo        No instantiation for #108. Probably branch label not up to date in orLeft 
26177      WARN  main            d.u.i.k.p.NodeInfo        No instantiation for #109. Probably branch label not up to date in orLeft 
26177      WARN  main            d.u.i.k.p.NodeInfo        No instantiation for #109. Probably branch label not up to date in orLeft 
26177      WARN  main            d.u.i.k.p.NodeInfo        No instantiation for #110. Probably branch label not up to date in orLeft 
26177      WARN  main            d.u.i.k.p.NodeInfo        No instantiation for #110. Probably branch label not up to date in orLeft 
26177      WARN  main            d.u.i.k.p.NodeInfo        No instantiation for #110. Probably branch label not up to date in orLeft 
26177      WARN  main            d.u.i.k.p.NodeInfo        No instantiation for #110. Probably branch label not up to date in orLeft 
26177      WARN  main            d.u.i.k.p.NodeInfo        No instantiation for #110. Probably branch label not up to date in orLeft 
26177      WARN  main            d.u.i.k.p.NodeInfo        No instantiation for #55. Probably branch label not up to date in orLeft 
26177      WARN  main            d.u.i.k.p.NodeInfo        No instantiation for #55. Probably branch label not up to date in orLeft 
26177      WARN  main            d.u.i.k.p.NodeInfo        No instantiation for #56. Probably branch label not up to date in orLeft 
26177      WARN  main            d.u.i.k.p.NodeInfo        No instantiation for #56. Probably branch label not up to date in orLeft 
26177      WARN  main            d.u.i.k.p.NodeInfo        No instantiation for #57. Probably branch label not up to date in orLeft 
26177      WARN  main            d.u.i.k.p.NodeInfo        No instantiation for #57. Probably branch label not up to date in orLeft 
26177      WARN  main            d.u.i.k.p.NodeInfo        No instantiation for #106. Probably branch label not up to date in orLeft 
26177      WARN  main            d.u.i.k.p.NodeInfo        No instantiation for #106. Probably branch label not up to date in orLeft 
26177      WARN  main            d.u.i.k.p.NodeInfo        No instantiation for #106. Probably branch label not up to date in orLeft 
26177      WARN  main            d.u.i.k.p.NodeInfo        No instantiation for #106. Probably branch label not up to date in orLeft 
26177      WARN  main            d.u.i.k.p.NodeInfo        No instantiation for #107. Probably branch label not up to date in orLeft 
26177      WARN  main            d.u.i.k.p.NodeInfo        No instantiation for #107. Probably branch label not up to date in orLeft 
26177      WARN  main            d.u.i.k.p.NodeInfo        No instantiation for #108. Probably branch label not up to date in orLeft 
26177      WARN  main            d.u.i.k.p.NodeInfo        No instantiation for #108. Probably branch label not up to date in orLeft 
26177      WARN  main            d.u.i.k.p.NodeInfo        No instantiation for #109. Probably branch label not up to date in orLeft 
26177      WARN  main            d.u.i.k.p.NodeInfo        No instantiation for #109. Probably branch label not up to date in orLeft 
26177      WARN  main            d.u.i.k.p.NodeInfo        No instantiation for #110. Probably branch label not up to date in orLeft 
26177      WARN  main            d.u.i.k.p.NodeInfo        No instantiation for #110. Probably branch label not up to date in orLeft 
26177      WARN  main            d.u.i.k.p.NodeInfo        No instantiation for #110. Probably branch label not up to date in orLeft 
26177      WARN  main            d.u.i.k.p.NodeInfo        No instantiation for #110. Probably branch label not up to date in orLeft 
26177      WARN  main            d.u.i.k.p.NodeInfo        No instantiation for #110. Probably branch label not up to date in orLeft 
26177      WARN  main            d.u.i.k.p.NodeInfo        No instantiation for #55. Probably branch label not up to date in orLeft 
26177      WARN  main            d.u.i.k.p.NodeInfo        No instantiation for #55. Probably branch label not up to date in orLeft 
26177      WARN  main            d.u.i.k.p.NodeInfo        No instantiation for #56. Probably branch label not up to date in orLeft 
26177      WARN  main            d.u.i.k.p.NodeInfo        No instantiation for #56. Probably branch label not up to date in orLeft 
26177      WARN  main            d.u.i.k.p.NodeInfo        No instantiation for #57. Probably branch label not up to date in orLeft 
26177      WARN  main            d.u.i.k.p.NodeInfo        No instantiation for #57. Probably branch label not up to date in orLeft 
26177      WARN  main            d.u.i.k.p.NodeInfo        No instantiation for #106. Probably branch label not up to date in orLeft 
26177      WARN  main            d.u.i.k.p.NodeInfo        No instantiation for #106. Probably branch label not up to date in orLeft 
26177      WARN  main            d.u.i.k.p.NodeInfo        No instantiation for #106. Probably branch label not up to date in orLeft 
26177      WARN  main            d.u.i.k.p.NodeInfo        No instantiation for #106. Probably branch label not up to date in orLeft 
26177      WARN  main            d.u.i.k.p.NodeInfo        No instantiation for #107. Probably branch label not up to date in orLeft 
26177      WARN  main            d.u.i.k.p.NodeInfo        No instantiation for #107. Probably branch label not up to date in orLeft 
26183      WARN  main            d.u.i.k.p.NodeInfo        No instantiation for #108. Probably branch label not up to date in orLeft 
26183      WARN  main            d.u.i.k.p.NodeInfo        No instantiation for #108. Probably branch label not up to date in orLeft 
26183      WARN  main            d.u.i.k.p.NodeInfo        No instantiation for #109. Probably branch label not up to date in orLeft 
26183      WARN  main            d.u.i.k.p.NodeInfo        No instantiation for #109. Probably branch label not up to date in orLeft 
26183      WARN  main            d.u.i.k.p.NodeInfo        No instantiation for #110. Probably branch label not up to date in orLeft 
26183      WARN  main            d.u.i.k.p.NodeInfo        No instantiation for #110. Probably branch label not up to date in orLeft 
26183      WARN  main            d.u.i.k.p.NodeInfo        No instantiation for #110. Probably branch label not up to date in orLeft 
26183      WARN  main            d.u.i.k.p.NodeInfo        No instantiation for #110. Probably branch label not up to date in orLeft 
26183      WARN  main            d.u.i.k.p.NodeInfo        No instantiation for #110. Probably branch label not up to date in orLeft 
26183      WARN  main            d.u.i.k.p.NodeInfo        No instantiation for #55. Probably branch label not up to date in orLeft 
26183      WARN  main            d.u.i.k.p.NodeInfo        No instantiation for #55. Probably branch label not up to date in orLeft 
26183      WARN  main            d.u.i.k.p.NodeInfo        No instantiation for #56. Probably branch label not up to date in orLeft 
26183      WARN  main            d.u.i.k.p.NodeInfo        No instantiation for #56. Probably branch label not up to date in orLeft 
26183      WARN  main            d.u.i.k.p.NodeInfo        No instantiation for #57. Probably branch label not up to date in orLeft 
26183      WARN  main            d.u.i.k.p.NodeInfo        No instantiation for #57. Probably branch label not up to date in orLeft 
26183      WARN  main            d.u.i.k.p.NodeInfo        No instantiation for #106. Probably branch label not up to date in orLeft 
26183      WARN  main            d.u.i.k.p.NodeInfo        No instantiation for #106. Probably branch label not up to date in orLeft 
26184      WARN  main            d.u.i.k.p.NodeInfo        No instantiation for #106. Probably branch label not up to date in orLeft 
26184      WARN  main            d.u.i.k.p.NodeInfo        No instantiation for #106. Probably branch label not up to date in orLeft 
26184      WARN  main            d.u.i.k.p.NodeInfo        No instantiation for #107. Probably branch label not up to date in orLeft 
26184      WARN  main            d.u.i.k.p.NodeInfo        No instantiation for #107. Probably branch label not up to date in orLeft 
26184      WARN  main            d.u.i.k.p.NodeInfo        No instantiation for #108. Probably branch label not up to date in orLeft 
26184      WARN  main            d.u.i.k.p.NodeInfo        No instantiation for #108. Probably branch label not up to date in orLeft 
26184      WARN  main            d.u.i.k.p.NodeInfo        No instantiation for #109. Probably branch label not up to date in orLeft 
26184      WARN  main            d.u.i.k.p.NodeInfo        No instantiation for #109. Probably branch label not up to date in orLeft 
26184      WARN  main            d.u.i.k.p.NodeInfo        No instantiation for #110. Probably branch label not up to date in orLeft 
26184      WARN  main            d.u.i.k.p.NodeInfo        No instantiation for #110. Probably branch label not up to date in orLeft 
26184      WARN  main            d.u.i.k.p.NodeInfo        No instantiation for #110. Probably branch label not up to date in orLeft 
26184      WARN  main            d.u.i.k.p.NodeInfo        No instantiation for #110. Probably branch label not up to date in orLeft 
26184      WARN  main            d.u.i.k.p.NodeInfo        No instantiation for #110. Probably branch label not up to date in orLeft 
26184      WARN  main            d.u.i.k.p.NodeInfo        No instantiation for #87. Probably branch label not up to date in orLeft 
26184      WARN  main            d.u.i.k.p.NodeInfo        No instantiation for #87. Probably branch label not up to date in orLeft 
26184      WARN  main            d.u.i.k.p.NodeInfo        No instantiation for #88. Probably branch label not up to date in orLeft 
26184      WARN  main            d.u.i.k.p.NodeInfo        No instantiation for #88. Probably branch label not up to date in orLeft 
26184      WARN  main            d.u.i.k.p.NodeInfo        No instantiation for #89. Probably branch label not up to date in orLeft 
26184      WARN  main            d.u.i.k.p.NodeInfo        No instantiation for #89. Probably branch label not up to date in orLeft 
26202      WARN  main            d.u.i.k.p.NodeInfo        No instantiation for #106. Probably branch label not up to date in orLeft 
26203      WARN  main            d.u.i.k.p.NodeInfo        No instantiation for #106. Probably branch label not up to date in orLeft 
26204      WARN  main            d.u.i.k.p.NodeInfo        No instantiation for #106. Probably branch label not up to date in orLeft 
26204      WARN  main            d.u.i.k.p.NodeInfo        No instantiation for #106. Probably branch label not up to date in orLeft 
26204      WARN  main            d.u.i.k.p.NodeInfo        No instantiation for #107. Probably branch label not up to date in orLeft 
26204      WARN  main            d.u.i.k.p.NodeInfo        No instantiation for #107. Probably branch label not up to date in orLeft 
26204      WARN  main            d.u.i.k.p.NodeInfo        No instantiation for #108. Probably branch label not up to date in orLeft 
26204      WARN  main            d.u.i.k.p.NodeInfo        No instantiation for #108. Probably branch label not up to date in orLeft 
26204      WARN  main            d.u.i.k.p.NodeInfo        No instantiation for #109. Probably branch label not up to date in orLeft 
26204      WARN  main            d.u.i.k.p.NodeInfo        No instantiation for #109. Probably branch label not up to date in orLeft 
26204      WARN  main            d.u.i.k.p.NodeInfo        No instantiation for #110. Probably branch label not up to date in orLeft 
26205      WARN  main            d.u.i.k.p.NodeInfo        No instantiation for #110. Probably branch label not up to date in orLeft 
26205      WARN  main            d.u.i.k.p.NodeInfo        No instantiation for #110. Probably branch label not up to date in orLeft 
26205      WARN  main            d.u.i.k.p.NodeInfo        No instantiation for #110. Probably branch label not up to date in orLeft 
26205      WARN  main            d.u.i.k.p.NodeInfo        No instantiation for #110. Probably branch label not up to date in orLeft 
26205      WARN  main            d.u.i.k.p.NodeInfo        No instantiation for #55. Probably branch label not up to date in orLeft 
26205      WARN  main            d.u.i.k.p.NodeInfo        No instantiation for #55. Probably branch label not up to date in orLeft 
26205      WARN  main            d.u.i.k.p.NodeInfo        No instantiation for #56. Probably branch label not up to date in orLeft 
26205      WARN  main            d.u.i.k.p.NodeInfo        No instantiation for #56. Probably branch label not up to date in orLeft 
26205      WARN  main            d.u.i.k.p.NodeInfo        No instantiation for #57. Probably branch label not up to date in orLeft 
26206      WARN  main            d.u.i.k.p.NodeInfo        No instantiation for #57. Probably branch label not up to date in orLeft 
26206      WARN  main            d.u.i.k.p.NodeInfo        No instantiation for #106. Probably branch label not up to date in orLeft 
26206      WARN  main            d.u.i.k.p.NodeInfo        No instantiation for #106. Probably branch label not up to date in orLeft 
26206      WARN  main            d.u.i.k.p.NodeInfo        No instantiation for #106. Probably branch label not up to date in orLeft 
26206      WARN  main            d.u.i.k.p.NodeInfo        No instantiation for #106. Probably branch label not up to date in orLeft 
26206      WARN  main            d.u.i.k.p.NodeInfo        No instantiation for #107. Probably branch label not up to date in orLeft 
26206      WARN  main            d.u.i.k.p.NodeInfo        No instantiation for #107. Probably branch label not up to date in orLeft 
26206      WARN  main            d.u.i.k.p.NodeInfo        No instantiation for #108. Probably branch label not up to date in orLeft 
26206      WARN  main            d.u.i.k.p.NodeInfo        No instantiation for #108. Probably branch label not up to date in orLeft 
26206      WARN  main            d.u.i.k.p.NodeInfo        No instantiation for #109. Probably branch label not up to date in orLeft 
26207      WARN  main            d.u.i.k.p.NodeInfo        No instantiation for #109. Probably branch label not up to date in orLeft 
26207      WARN  main            d.u.i.k.p.NodeInfo        No instantiation for #110. Probably branch label not up to date in orLeft 
26207      WARN  main            d.u.i.k.p.NodeInfo        No instantiation for #110. Probably branch label not up to date in orLeft 
26207      WARN  main            d.u.i.k.p.NodeInfo        No instantiation for #110. Probably branch label not up to date in orLeft 
26207      WARN  main            d.u.i.k.p.NodeInfo        No instantiation for #110. Probably branch label not up to date in orLeft 
26207      WARN  main            d.u.i.k.p.NodeInfo        No instantiation for #110. Probably branch label not up to date in orLeft 
26207      WARN  main            d.u.i.k.p.NodeInfo        No instantiation for #87. Probably branch label not up to date in orLeft 
26207      WARN  main            d.u.i.k.p.NodeInfo        No instantiation for #87. Probably branch label not up to date in orLeft 
26207      WARN  main            d.u.i.k.p.NodeInfo        No instantiation for #88. Probably branch label not up to date in orLeft 
26208      WARN  main            d.u.i.k.p.NodeInfo        No instantiation for #88. Probably branch label not up to date in orLeft 
26208      WARN  main            d.u.i.k.p.NodeInfo        No instantiation for #89. Probably branch label not up to date in orLeft 
26208      WARN  main            d.u.i.k.p.NodeInfo        No instantiation for #89. Probably branch label not up to date in orLeft 
26224      WARN  main            d.u.i.k.p.NodeInfo        No instantiation for #106. Probably branch label not up to date in orLeft 
26225      WARN  main            d.u.i.k.p.NodeInfo        No instantiation for #106. Probably branch label not up to date in orLeft 
26225      WARN  main            d.u.i.k.p.NodeInfo        No instantiation for #106. Probably branch label not up to date in orLeft 
26225      WARN  main            d.u.i.k.p.NodeInfo        No instantiation for #106. Probably branch label not up to date in orLeft 
26225      WARN  main            d.u.i.k.p.NodeInfo        No instantiation for #107. Probably branch label not up to date in orLeft 
26225      WARN  main            d.u.i.k.p.NodeInfo        No instantiation for #107. Probably branch label not up to date in orLeft 
26225      WARN  main            d.u.i.k.p.NodeInfo        No instantiation for #108. Probably branch label not up to date in orLeft 
26226      WARN  main            d.u.i.k.p.NodeInfo        No instantiation for #108. Probably branch label not up to date in orLeft 
26226      WARN  main            d.u.i.k.p.NodeInfo        No instantiation for #109. Probably branch label not up to date in orLeft 
26226      WARN  main            d.u.i.k.p.NodeInfo        No instantiation for #109. Probably branch label not up to date in orLeft 
26226      WARN  main            d.u.i.k.p.NodeInfo        No instantiation for #110. Probably branch label not up to date in orLeft 
26226      WARN  main            d.u.i.k.p.NodeInfo        No instantiation for #110. Probably branch label not up to date in orLeft 
26227      WARN  main            d.u.i.k.p.NodeInfo        No instantiation for #110. Probably branch label not up to date in orLeft 
26227      WARN  main            d.u.i.k.p.NodeInfo        No instantiation for #110. Probably branch label not up to date in orLeft 
26227      WARN  main            d.u.i.k.p.NodeInfo        No instantiation for #110. Probably branch label not up to date in orLeft 
26227      WARN  main            d.u.i.k.p.NodeInfo        No instantiation for #55. Probably branch label not up to date in orLeft 
26227      WARN  main            d.u.i.k.p.NodeInfo        No instantiation for #55. Probably branch label not up to date in orLeft 
26227      WARN  main            d.u.i.k.p.NodeInfo        No instantiation for #56. Probably branch label not up to date in orLeft 
26227      WARN  main            d.u.i.k.p.NodeInfo        No instantiation for #56. Probably branch label not up to date in orLeft 
26228      WARN  main            d.u.i.k.p.NodeInfo        No instantiation for #57. Probably branch label not up to date in orLeft 
26228      WARN  main            d.u.i.k.p.NodeInfo        No instantiation for #57. Probably branch label not up to date in orLeft 
26228      WARN  main            d.u.i.k.p.NodeInfo        No instantiation for #106. Probably branch label not up to date in orLeft 
26228      WARN  main            d.u.i.k.p.NodeInfo        No instantiation for #106. Probably branch label not up to date in orLeft 
26228      WARN  main            d.u.i.k.p.NodeInfo        No instantiation for #106. Probably branch label not up to date in orLeft 
26228      WARN  main            d.u.i.k.p.NodeInfo        No instantiation for #106. Probably branch label not up to date in orLeft 
26228      WARN  main            d.u.i.k.p.NodeInfo        No instantiation for #107. Probably branch label not up to date in orLeft 
26228      WARN  main            d.u.i.k.p.NodeInfo        No instantiation for #107. Probably branch label not up to date in orLeft 
26228      WARN  main            d.u.i.k.p.NodeInfo        No instantiation for #108. Probably branch label not up to date in orLeft 
26229      WARN  main            d.u.i.k.p.NodeInfo        No instantiation for #108. Probably branch label not up to date in orLeft 
26229      WARN  main            d.u.i.k.p.NodeInfo        No instantiation for #109. Probably branch label not up to date in orLeft 
26229      WARN  main            d.u.i.k.p.NodeInfo        No instantiation for #109. Probably branch label not up to date in orLeft 
26229      WARN  main            d.u.i.k.p.NodeInfo        No instantiation for #110. Probably branch label not up to date in orLeft 
26229      WARN  main            d.u.i.k.p.NodeInfo        No instantiation for #110. Probably branch label not up to date in orLeft 
26229      WARN  main            d.u.i.k.p.NodeInfo        No instantiation for #110. Probably branch label not up to date in orLeft 
26229      WARN  main            d.u.i.k.p.NodeInfo        No instantiation for #110. Probably branch label not up to date in orLeft 
26229      WARN  main            d.u.i.k.p.NodeInfo        No instantiation for #110. Probably branch label not up to date in orLeft 
26229      WARN  main            d.u.i.k.p.NodeInfo        No instantiation for #55. Probably branch label not up to date in orLeft 
26230      WARN  main            d.u.i.k.p.NodeInfo        No instantiation for #55. Probably branch label not up to date in orLeft 
26230      WARN  main            d.u.i.k.p.NodeInfo        No instantiation for #56. Probably branch label not up to date in orLeft 
26230      WARN  main            d.u.i.k.p.NodeInfo        No instantiation for #56. Probably branch label not up to date in orLeft 
26230      WARN  main            d.u.i.k.p.NodeInfo        No instantiation for #57. Probably branch label not up to date in orLeft 
26230      WARN  main            d.u.i.k.p.NodeInfo        No instantiation for #57. Probably branch label not up to date in orLeft 
85834      WARN  main            d.u.i.k.p.NodeInfo        No instantiation for #104. Probably branch label not up to date in orLeft 
85834      WARN  main            d.u.i.k.p.NodeInfo        No instantiation for #104. Probably branch label not up to date in orLeft 
85834      WARN  main            d.u.i.k.p.NodeInfo        No instantiation for #104. Probably branch label not up to date in orLeft 
85834      WARN  main            d.u.i.k.p.NodeInfo        No instantiation for #104. Probably branch label not up to date in orLeft 
85834      WARN  main            d.u.i.k.p.NodeInfo        No instantiation for #105. Probably branch label not up to date in orLeft 
85834      WARN  main            d.u.i.k.p.NodeInfo        No instantiation for #105. Probably branch label not up to date in orLeft 
85834      WARN  main            d.u.i.k.p.NodeInfo        No instantiation for #105. Probably branch label not up to date in orLeft 
85834      WARN  main            d.u.i.k.p.NodeInfo        No instantiation for #105. Probably branch label not up to date in orLeft 
85834      WARN  main            d.u.i.k.p.NodeInfo        No instantiation for #106. Probably branch label not up to date in orLeft 
85834      WARN  main            d.u.i.k.p.NodeInfo        No instantiation for #106. Probably branch label not up to date in orLeft 
85834      WARN  main            d.u.i.k.p.NodeInfo        No instantiation for #106. Probably branch label not up to date in orLeft 
85835      WARN  main            d.u.i.k.p.NodeInfo        No instantiation for #107. Probably branch label not up to date in orLeft 
85835      WARN  main            d.u.i.k.p.NodeInfo        No instantiation for #107. Probably branch label not up to date in orLeft 
85835      WARN  main            d.u.i.k.p.NodeInfo        No instantiation for #107. Probably branch label not up to date in orLeft 
85835      WARN  main            d.u.i.k.p.NodeInfo        No instantiation for #106. Probably branch label not up to date in orLeft 
85835      WARN  main            d.u.i.k.p.NodeInfo        No instantiation for #107. Probably branch label not up to date in orLeft 
85835      WARN  main            d.u.i.k.p.NodeInfo        No instantiation for #106. Probably branch label not up to date in orLeft 
85835      WARN  main            d.u.i.k.p.NodeInfo        No instantiation for #104. Probably branch label not up to date in orLeft 
85835      WARN  main            d.u.i.k.p.NodeInfo        No instantiation for #104. Probably branch label not up to date in orLeft 
85835      WARN  main            d.u.i.k.p.NodeInfo        No instantiation for #104. Probably branch label not up to date in orLeft 
85835      WARN  main            d.u.i.k.p.NodeInfo        No instantiation for #104. Probably branch label not up to date in orLeft 
85835      WARN  main            d.u.i.k.p.NodeInfo        No instantiation for #105. Probably branch label not up to date in orLeft 
85835      WARN  main            d.u.i.k.p.NodeInfo        No instantiation for #105. Probably branch label not up to date in orLeft 
85835      WARN  main            d.u.i.k.p.NodeInfo        No instantiation for #105. Probably branch label not up to date in orLeft 
85835      WARN  main            d.u.i.k.p.NodeInfo        No instantiation for #105. Probably branch label not up to date in orLeft 
85835      WARN  main            d.u.i.k.p.NodeInfo        No instantiation for #106. Probably branch label not up to date in orLeft 
85835      WARN  main            d.u.i.k.p.NodeInfo        No instantiation for #106. Probably branch label not up to date in orLeft 
85835      WARN  main            d.u.i.k.p.NodeInfo        No instantiation for #106. Probably branch label not up to date in orLeft 
85835      WARN  main            d.u.i.k.p.NodeInfo        No instantiation for #107. Probably branch label not up to date in orLeft 
85835      WARN  main            d.u.i.k.p.NodeInfo        No instantiation for #107. Probably branch label not up to date in orLeft 
85835      WARN  main            d.u.i.k.p.NodeInfo        No instantiation for #107. Probably branch label not up to date in orLeft 
85835      WARN  main            d.u.i.k.p.NodeInfo        No instantiation for #106. Probably branch label not up to date in orLeft 
85835      WARN  main            d.u.i.k.p.NodeInfo        No instantiation for #107. Probably branch label not up to date in orLeft 
85835      WARN  main            d.u.i.k.p.NodeInfo        No instantiation for #106. Probably branch label not up to date in orLeft 
85857      WARN  main            d.u.i.k.p.NodeInfo        No instantiation for #104. Probably branch label not up to date in orLeft 
85857      WARN  main            d.u.i.k.p.NodeInfo        No instantiation for #104. Probably branch label not up to date in orLeft 
85857      WARN  main            d.u.i.k.p.NodeInfo        No instantiation for #104. Probably branch label not up to date in orLeft 
85857      WARN  main            d.u.i.k.p.NodeInfo        No instantiation for #104. Probably branch label not up to date in orLeft 
85857      WARN  main            d.u.i.k.p.NodeInfo        No instantiation for #105. Probably branch label not up to date in orLeft 
85857      WARN  main            d.u.i.k.p.NodeInfo        No instantiation for #105. Probably branch label not up to date in orLeft 
85857      WARN  main            d.u.i.k.p.NodeInfo        No instantiation for #105. Probably branch label not up to date in orLeft 
85857      WARN  main            d.u.i.k.p.NodeInfo        No instantiation for #105. Probably branch label not up to date in orLeft 
85857      WARN  main            d.u.i.k.p.NodeInfo        No instantiation for #106. Probably branch label not up to date in orLeft 
85857      WARN  main            d.u.i.k.p.NodeInfo        No instantiation for #106. Probably branch label not up to date in orLeft 
85857      WARN  main            d.u.i.k.p.NodeInfo        No instantiation for #106. Probably branch label not up to date in orLeft 
85857      WARN  main            d.u.i.k.p.NodeInfo        No instantiation for #107. Probably branch label not up to date in orLeft 
85857      WARN  main            d.u.i.k.p.NodeInfo        No instantiation for #107. Probably branch label not up to date in orLeft 
85857      WARN  main            d.u.i.k.p.NodeInfo        No instantiation for #107. Probably branch label not up to date in orLeft 
85857      WARN  main            d.u.i.k.p.NodeInfo        No instantiation for #106. Probably branch label not up to date in orLeft 
85857      WARN  main            d.u.i.k.p.NodeInfo        No instantiation for #107. Probably branch label not up to date in orLeft 
85857      WARN  main            d.u.i.k.p.NodeInfo        No instantiation for #106. Probably branch label not up to date in orLeft 
85857      WARN  main            d.u.i.k.p.NodeInfo        No instantiation for #79. Probably branch label not up to date in orLeft 
85857      WARN  main            d.u.i.k.p.NodeInfo        No instantiation for #79. Probably branch label not up to date in orLeft 
85857      WARN  main            d.u.i.k.p.NodeInfo        No instantiation for #79. Probably branch label not up to date in orLeft 
85857      WARN  main            d.u.i.k.p.NodeInfo        No instantiation for #79. Probably branch label not up to date in orLeft 
85857      WARN  main            d.u.i.k.p.NodeInfo        No instantiation for #79. Probably branch label not up to date in orLeft 
85857      WARN  main            d.u.i.k.p.NodeInfo        No instantiation for #104. Probably branch label not up to date in orLeft 
85857      WARN  main            d.u.i.k.p.NodeInfo        No instantiation for #104. Probably branch label not up to date in orLeft 
85857      WARN  main            d.u.i.k.p.NodeInfo        No instantiation for #104. Probably branch label not up to date in orLeft 
85857      WARN  main            d.u.i.k.p.NodeInfo        No instantiation for #104. Probably branch label not up to date in orLeft 
85857      WARN  main            d.u.i.k.p.NodeInfo        No instantiation for #105. Probably branch label not up to date in orLeft 
85857      WARN  main            d.u.i.k.p.NodeInfo        No instantiation for #105. Probably branch label not up to date in orLeft 
85857      WARN  main            d.u.i.k.p.NodeInfo        No instantiation for #105. Probably branch label not up to date in orLeft 
85857      WARN  main            d.u.i.k.p.NodeInfo        No instantiation for #105. Probably branch label not up to date in orLeft 
85857      WARN  main            d.u.i.k.p.NodeInfo        No instantiation for #106. Probably branch label not up to date in orLeft 
85857      WARN  main            d.u.i.k.p.NodeInfo        No instantiation for #106. Probably branch label not up to date in orLeft 
85857      WARN  main            d.u.i.k.p.NodeInfo        No instantiation for #106. Probably branch label not up to date in orLeft 
85857      WARN  main            d.u.i.k.p.NodeInfo        No instantiation for #107. Probably branch label not up to date in orLeft 
85857      WARN  main            d.u.i.k.p.NodeInfo        No instantiation for #107. Probably branch label not up to date in orLeft 
85857      WARN  main            d.u.i.k.p.NodeInfo        No instantiation for #107. Probably branch label not up to date in orLeft 
85857      WARN  main            d.u.i.k.p.NodeInfo        No instantiation for #106. Probably branch label not up to date in orLeft 
85857      WARN  main            d.u.i.k.p.NodeInfo        No instantiation for #107. Probably branch label not up to date in orLeft 
85857      WARN  main            d.u.i.k.p.NodeInfo        No instantiation for #106. Probably branch label not up to date in orLeft 
85857      WARN  main            d.u.i.k.p.NodeInfo        No instantiation for #79. Probably branch label not up to date in orLeft 
85857      WARN  main            d.u.i.k.p.NodeInfo        No instantiation for #79. Probably branch label not up to date in orLeft 
85857      WARN  main            d.u.i.k.p.NodeInfo        No instantiation for #79. Probably branch label not up to date in orLeft 
85857      WARN  main            d.u.i.k.p.NodeInfo        No instantiation for #79. Probably branch label not up to date in orLeft 
85857      WARN  main            d.u.i.k.p.NodeInfo        No instantiation for #79. Probably branch label not up to date in orLeft 
85857      WARN  main            d.u.i.k.p.NodeInfo        No instantiation for #104. Probably branch label not up to date in orLeft 
85857      WARN  main            d.u.i.k.p.NodeInfo        No instantiation for #104. Probably branch label not up to date in orLeft 
85857      WARN  main            d.u.i.k.p.NodeInfo        No instantiation for #104. Probably branch label not up to date in orLeft 
85857      WARN  main            d.u.i.k.p.NodeInfo        No instantiation for #104. Probably branch label not up to date in orLeft 
85857      WARN  main            d.u.i.k.p.NodeInfo        No instantiation for #105. Probably branch label not up to date in orLeft 
85857      WARN  main            d.u.i.k.p.NodeInfo        No instantiation for #105. Probably branch label not up to date in orLeft 
85857      WARN  main            d.u.i.k.p.NodeInfo        No instantiation for #105. Probably branch label not up to date in orLeft 
85857      WARN  main            d.u.i.k.p.NodeInfo        No instantiation for #105. Probably branch label not up to date in orLeft 
85857      WARN  main            d.u.i.k.p.NodeInfo        No instantiation for #106. Probably branch label not up to date in orLeft 
85857      WARN  main            d.u.i.k.p.NodeInfo        No instantiation for #106. Probably branch label not up to date in orLeft 
85857      WARN  main            d.u.i.k.p.NodeInfo        No instantiation for #106. Probably branch label not up to date in orLeft 
85857      WARN  main            d.u.i.k.p.NodeInfo        No instantiation for #107. Probably branch label not up to date in orLeft 
85857      WARN  main            d.u.i.k.p.NodeInfo        No instantiation for #107. Probably branch label not up to date in orLeft 
85857      WARN  main            d.u.i.k.p.NodeInfo        No instantiation for #107. Probably branch label not up to date in orLeft 
85857      WARN  main            d.u.i.k.p.NodeInfo        No instantiation for #106. Probably branch label not up to date in orLeft 
85857      WARN  main            d.u.i.k.p.NodeInfo        No instantiation for #107. Probably branch label not up to date in orLeft 
85857      WARN  main            d.u.i.k.p.NodeInfo        No instantiation for #106. Probably branch label not up to date in orLeft 
85857      WARN  main            d.u.i.k.p.NodeInfo        No instantiation for #79. Probably branch label not up to date in orLeft 
85857      WARN  main            d.u.i.k.p.NodeInfo        No instantiation for #79. Probably branch label not up to date in orLeft 
85857      WARN  main            d.u.i.k.p.NodeInfo        No instantiation for #79. Probably branch label not up to date in orLeft 
85857      WARN  main            d.u.i.k.p.NodeInfo        No instantiation for #79. Probably branch label not up to date in orLeft 
85857      WARN  main            d.u.i.k.p.NodeInfo        No instantiation for #79. Probably branch label not up to date in orLeft 
85857      WARN  main            d.u.i.k.p.NodeInfo        No instantiation for #104. Probably branch label not up to date in orLeft 
85857      WARN  main            d.u.i.k.p.NodeInfo        No instantiation for #104. Probably branch label not up to date in orLeft 
85857      WARN  main            d.u.i.k.p.NodeInfo        No instantiation for #104. Probably branch label not up to date in orLeft 
85857      WARN  main            d.u.i.k.p.NodeInfo        No instantiation for #104. Probably branch label not up to date in orLeft 
85857      WARN  main            d.u.i.k.p.NodeInfo        No instantiation for #105. Probably branch label not up to date in orLeft 
85857      WARN  main            d.u.i.k.p.NodeInfo        No instantiation for #105. Probably branch label not up to date in orLeft 
85857      WARN  main            d.u.i.k.p.NodeInfo        No instantiation for #105. Probably branch label not up to date in orLeft 
85857      WARN  main            d.u.i.k.p.NodeInfo        No instantiation for #105. Probably branch label not up to date in orLeft 
85857      WARN  main            d.u.i.k.p.NodeInfo        No instantiation for #106. Probably branch label not up to date in orLeft 
85857      WARN  main            d.u.i.k.p.NodeInfo        No instantiation for #106. Probably branch label not up to date in orLeft 
85857      WARN  main            d.u.i.k.p.NodeInfo        No instantiation for #106. Probably branch label not up to date in orLeft 
85857      WARN  main            d.u.i.k.p.NodeInfo        No instantiation for #107. Probably branch label not up to date in orLeft 
85857      WARN  main            d.u.i.k.p.NodeInfo        No instantiation for #107. Probably branch label not up to date in orLeft 
85857      WARN  main            d.u.i.k.p.NodeInfo        No instantiation for #107. Probably branch label not up to date in orLeft 
85857      WARN  main            d.u.i.k.p.NodeInfo        No instantiation for #106. Probably branch label not up to date in orLeft 
85857      WARN  main            d.u.i.k.p.NodeInfo        No instantiation for #107. Probably branch label not up to date in orLeft 
85857      WARN  main            d.u.i.k.p.NodeInfo        No instantiation for #106. Probably branch label not up to date in orLeft 
85857      WARN  main            d.u.i.k.p.NodeInfo        No instantiation for #79. Probably branch label not up to date in orLeft 
85857      WARN  main            d.u.i.k.p.NodeInfo        No instantiation for #79. Probably branch label not up to date in orLeft 
85857      WARN  main            d.u.i.k.p.NodeInfo        No instantiation for #79. Probably branch label not up to date in orLeft 
85857      WARN  main            d.u.i.k.p.NodeInfo        No instantiation for #79. Probably branch label not up to date in orLeft 
85857      WARN  main            d.u.i.k.p.NodeInfo        No instantiation for #79. Probably branch label not up to date in orLeft 
85857      WARN  main            d.u.i.k.p.NodeInfo        No instantiation for #104. Probably branch label not up to date in orLeft 
85857      WARN  main            d.u.i.k.p.NodeInfo        No instantiation for #104. Probably branch label not up to date in orLeft 
85857      WARN  main            d.u.i.k.p.NodeInfo        No instantiation for #104. Probably branch label not up to date in orLeft 
85857      WARN  main            d.u.i.k.p.NodeInfo        No instantiation for #104. Probably branch label not up to date in orLeft 
85857      WARN  main            d.u.i.k.p.NodeInfo        No instantiation for #105. Probably branch label not up to date in orLeft 
85858      WARN  main            d.u.i.k.p.NodeInfo        No instantiation for #105. Probably branch label not up to date in orLeft 
85858      WARN  main            d.u.i.k.p.NodeInfo        No instantiation for #105. Probably branch label not up to date in orLeft 
85858      WARN  main            d.u.i.k.p.NodeInfo        No instantiation for #105. Probably branch label not up to date in orLeft 
85858      WARN  main            d.u.i.k.p.NodeInfo        No instantiation for #106. Probably branch label not up to date in orLeft 
85858      WARN  main            d.u.i.k.p.NodeInfo        No instantiation for #106. Probably branch label not up to date in orLeft 
85858      WARN  main            d.u.i.k.p.NodeInfo        No instantiation for #106. Probably branch label not up to date in orLeft 
85858      WARN  main            d.u.i.k.p.NodeInfo        No instantiation for #107. Probably branch label not up to date in orLeft 
85858      WARN  main            d.u.i.k.p.NodeInfo        No instantiation for #107. Probably branch label not up to date in orLeft 
85858      WARN  main            d.u.i.k.p.NodeInfo        No instantiation for #107. Probably branch label not up to date in orLeft 
85858      WARN  main            d.u.i.k.p.NodeInfo        No instantiation for #106. Probably branch label not up to date in orLeft 
85858      WARN  main            d.u.i.k.p.NodeInfo        No instantiation for #107. Probably branch label not up to date in orLeft 
85858      WARN  main            d.u.i.k.p.NodeInfo        No instantiation for #106. Probably branch label not up to date in orLeft 
85858      WARN  main            d.u.i.k.p.NodeInfo        No instantiation for #79. Probably branch label not up to date in orLeft 
85858      WARN  main            d.u.i.k.p.NodeInfo        No instantiation for #79. Probably branch label not up to date in orLeft 
85858      WARN  main            d.u.i.k.p.NodeInfo        No instantiation for #79. Probably branch label not up to date in orLeft 
85858      WARN  main            d.u.i.k.p.NodeInfo        No instantiation for #79. Probably branch label not up to date in orLeft 
85858      WARN  main            d.u.i.k.p.NodeInfo        No instantiation for #79. Probably branch label not up to date in orLeft 
85858      WARN  main            d.u.i.k.p.NodeInfo        No instantiation for #104. Probably branch label not up to date in orLeft 
85858      WARN  main            d.u.i.k.p.NodeInfo        No instantiation for #104. Probably branch label not up to date in orLeft 
85858      WARN  main            d.u.i.k.p.NodeInfo        No instantiation for #104. Probably branch label not up to date in orLeft 
85858      WARN  main            d.u.i.k.p.NodeInfo        No instantiation for #104. Probably branch label not up to date in orLeft 
85858      WARN  main            d.u.i.k.p.NodeInfo        No instantiation for #105. Probably branch label not up to date in orLeft 
85858      WARN  main            d.u.i.k.p.NodeInfo        No instantiation for #105. Probably branch label not up to date in orLeft 
85858      WARN  main            d.u.i.k.p.NodeInfo        No instantiation for #105. Probably branch label not up to date in orLeft 
85858      WARN  main            d.u.i.k.p.NodeInfo        No instantiation for #105. Probably branch label not up to date in orLeft 
85858      WARN  main            d.u.i.k.p.NodeInfo        No instantiation for #106. Probably branch label not up to date in orLeft 
85858      WARN  main            d.u.i.k.p.NodeInfo        No instantiation for #106. Probably branch label not up to date in orLeft 
85858      WARN  main            d.u.i.k.p.NodeInfo        No instantiation for #106. Probably branch label not up to date in orLeft 
85858      WARN  main            d.u.i.k.p.NodeInfo        No instantiation for #107. Probably branch label not up to date in orLeft 
85858      WARN  main            d.u.i.k.p.NodeInfo        No instantiation for #107. Probably branch label not up to date in orLeft 
85858      WARN  main            d.u.i.k.p.NodeInfo        No instantiation for #107. Probably branch label not up to date in orLeft 
85858      WARN  main            d.u.i.k.p.NodeInfo        No instantiation for #106. Probably branch label not up to date in orLeft 
85858      WARN  main            d.u.i.k.p.NodeInfo        No instantiation for #107. Probably branch label not up to date in orLeft 
85858      WARN  main            d.u.i.k.p.NodeInfo        No instantiation for #106. Probably branch label not up to date in orLeft 
85858      WARN  main            d.u.i.k.p.NodeInfo        No instantiation for #104. Probably branch label not up to date in orLeft 
85858      WARN  main            d.u.i.k.p.NodeInfo        No instantiation for #104. Probably branch label not up to date in orLeft 
85858      WARN  main            d.u.i.k.p.NodeInfo        No instantiation for #104. Probably branch label not up to date in orLeft 
85858      WARN  main            d.u.i.k.p.NodeInfo        No instantiation for #104. Probably branch label not up to date in orLeft 
85858      WARN  main            d.u.i.k.p.NodeInfo        No instantiation for #105. Probably branch label not up to date in orLeft 
85858      WARN  main            d.u.i.k.p.NodeInfo        No instantiation for #105. Probably branch label not up to date in orLeft 
85858      WARN  main            d.u.i.k.p.NodeInfo        No instantiation for #105. Probably branch label not up to date in orLeft 
85858      WARN  main            d.u.i.k.p.NodeInfo        No instantiation for #105. Probably branch label not up to date in orLeft 
85858      WARN  main            d.u.i.k.p.NodeInfo        No instantiation for #106. Probably branch label not up to date in orLeft 
85858      WARN  main            d.u.i.k.p.NodeInfo        No instantiation for #106. Probably branch label not up to date in orLeft 
85858      WARN  main            d.u.i.k.p.NodeInfo        No instantiation for #106. Probably branch label not up to date in orLeft 
85858      WARN  main            d.u.i.k.p.NodeInfo        No instantiation for #107. Probably branch label not up to date in orLeft 
85858      WARN  main            d.u.i.k.p.NodeInfo        No instantiation for #107. Probably branch label not up to date in orLeft 
85858      WARN  main            d.u.i.k.p.NodeInfo        No instantiation for #107. Probably branch label not up to date in orLeft 
85858      WARN  main            d.u.i.k.p.NodeInfo        No instantiation for #106. Probably branch label not up to date in orLeft 
85858      WARN  main            d.u.i.k.p.NodeInfo        No instantiation for #107. Probably branch label not up to date in orLeft 
85858      WARN  main            d.u.i.k.p.NodeInfo        No instantiation for #106. Probably branch label not up to date in orLeft 
85858      WARN  main            d.u.i.k.p.NodeInfo        No instantiation for #79. Probably branch label not up to date in orLeft 
85858      WARN  main            d.u.i.k.p.NodeInfo        No instantiation for #79. Probably branch label not up to date in orLeft 
85858      WARN  main            d.u.i.k.p.NodeInfo        No instantiation for #79. Probably branch label not up to date in orLeft 
85858      WARN  main            d.u.i.k.p.NodeInfo        No instantiation for #79. Probably branch label not up to date in orLeft 
85858      WARN  main            d.u.i.k.p.NodeInfo        No instantiation for #79. Probably branch label not up to date in orLeft 
85858      WARN  main            d.u.i.k.p.NodeInfo        No instantiation for #104. Probably branch label not up to date in orLeft 
85858      WARN  main            d.u.i.k.p.NodeInfo        No instantiation for #104. Probably branch label not up to date in orLeft 
85858      WARN  main            d.u.i.k.p.NodeInfo        No instantiation for #104. Probably branch label not up to date in orLeft 
85858      WARN  main            d.u.i.k.p.NodeInfo        No instantiation for #104. Probably branch label not up to date in orLeft 
85858      WARN  main            d.u.i.k.p.NodeInfo        No instantiation for #105. Probably branch label not up to date in orLeft 
85858      WARN  main            d.u.i.k.p.NodeInfo        No instantiation for #105. Probably branch label not up to date in orLeft 
85858      WARN  main            d.u.i.k.p.NodeInfo        No instantiation for #105. Probably branch label not up to date in orLeft 
85858      WARN  main            d.u.i.k.p.NodeInfo        No instantiation for #105. Probably branch label not up to date in orLeft 
85858      WARN  main            d.u.i.k.p.NodeInfo        No instantiation for #106. Probably branch label not up to date in orLeft 
85858      WARN  main            d.u.i.k.p.NodeInfo        No instantiation for #106. Probably branch label not up to date in orLeft 
85858      WARN  main            d.u.i.k.p.NodeInfo        No instantiation for #106. Probably branch label not up to date in orLeft 
85858      WARN  main            d.u.i.k.p.NodeInfo        No instantiation for #107. Probably branch label not up to date in orLeft 
85858      WARN  main            d.u.i.k.p.NodeInfo        No instantiation for #107. Probably branch label not up to date in orLeft 
85858      WARN  main            d.u.i.k.p.NodeInfo        No instantiation for #107. Probably branch label not up to date in orLeft 
85858      WARN  main            d.u.i.k.p.NodeInfo        No instantiation for #106. Probably branch label not up to date in orLeft 
85858      WARN  main            d.u.i.k.p.NodeInfo        No instantiation for #107. Probably branch label not up to date in orLeft 
85858      WARN  main            d.u.i.k.p.NodeInfo        No instantiation for #106. Probably branch label not up to date in orLeft 
85858      WARN  main            d.u.i.k.p.NodeInfo        No instantiation for #104. Probably branch label not up to date in orLeft 
85858      WARN  main            d.u.i.k.p.NodeInfo        No instantiation for #104. Probably branch label not up to date in orLeft 
85858      WARN  main            d.u.i.k.p.NodeInfo        No instantiation for #104. Probably branch label not up to date in orLeft 
85858      WARN  main            d.u.i.k.p.NodeInfo        No instantiation for #104. Probably branch label not up to date in orLeft 
85858      WARN  main            d.u.i.k.p.NodeInfo        No instantiation for #105. Probably branch label not up to date in orLeft 
85858      WARN  main            d.u.i.k.p.NodeInfo        No instantiation for #105. Probably branch label not up to date in orLeft 
85858      WARN  main            d.u.i.k.p.NodeInfo        No instantiation for #105. Probably branch label not up to date in orLeft 
85858      WARN  main            d.u.i.k.p.NodeInfo        No instantiation for #105. Probably branch label not up to date in orLeft 
85858      WARN  main            d.u.i.k.p.NodeInfo        No instantiation for #106. Probably branch label not up to date in orLeft 
85858      WARN  main            d.u.i.k.p.NodeInfo        No instantiation for #106. Probably branch label not up to date in orLeft 
85858      WARN  main            d.u.i.k.p.NodeInfo        No instantiation for #106. Probably branch label not up to date in orLeft 
85858      WARN  main            d.u.i.k.p.NodeInfo        No instantiation for #107. Probably branch label not up to date in orLeft 
85858      WARN  main            d.u.i.k.p.NodeInfo        No instantiation for #107. Probably branch label not up to date in orLeft 
85858      WARN  main            d.u.i.k.p.NodeInfo        No instantiation for #107. Probably branch label not up to date in orLeft 
85858      WARN  main            d.u.i.k.p.NodeInfo        No instantiation for #106. Probably branch label not up to date in orLeft 
85858      WARN  main            d.u.i.k.p.NodeInfo        No instantiation for #107. Probably branch label not up to date in orLeft 
85858      WARN  main            d.u.i.k.p.NodeInfo        No instantiation for #106. Probably branch label not up to date in orLeft 
85858      WARN  main            d.u.i.k.p.NodeInfo        No instantiation for #79. Probably branch label not up to date in orLeft 
85858      WARN  main            d.u.i.k.p.NodeInfo        No instantiation for #79. Probably branch label not up to date in orLeft 
85858      WARN  main            d.u.i.k.p.NodeInfo        No instantiation for #79. Probably branch label not up to date in orLeft 
85858      WARN  main            d.u.i.k.p.NodeInfo        No instantiation for #79. Probably branch label not up to date in orLeft 
85858      WARN  main            d.u.i.k.p.NodeInfo        No instantiation for #79. Probably branch label not up to date in orLeft 
85858      WARN  main            d.u.i.k.p.NodeInfo        No instantiation for #104. Probably branch label not up to date in orLeft 
85858      WARN  main            d.u.i.k.p.NodeInfo        No instantiation for #104. Probably branch label not up to date in orLeft 
85858      WARN  main            d.u.i.k.p.NodeInfo        No instantiation for #104. Probably branch label not up to date in orLeft 
85858      WARN  main            d.u.i.k.p.NodeInfo        No instantiation for #104. Probably branch label not up to date in orLeft 
85858      WARN  main            d.u.i.k.p.NodeInfo        No instantiation for #105. Probably branch label not up to date in orLeft 
85858      WARN  main            d.u.i.k.p.NodeInfo        No instantiation for #105. Probably branch label not up to date in orLeft 
85858      WARN  main            d.u.i.k.p.NodeInfo        No instantiation for #105. Probably branch label not up to date in orLeft 
85858      WARN  main            d.u.i.k.p.NodeInfo        No instantiation for #105. Probably branch label not up to date in orLeft 
85858      WARN  main            d.u.i.k.p.NodeInfo        No instantiation for #106. Probably branch label not up to date in orLeft 
85858      WARN  main            d.u.i.k.p.NodeInfo        No instantiation for #106. Probably branch label not up to date in orLeft 
85858      WARN  main            d.u.i.k.p.NodeInfo        No instantiation for #106. Probably branch label not up to date in orLeft 
85858      WARN  main            d.u.i.k.p.NodeInfo        No instantiation for #107. Probably branch label not up to date in orLeft 
85858      WARN  main            d.u.i.k.p.NodeInfo        No instantiation for #107. Probably branch label not up to date in orLeft 
85858      WARN  main            d.u.i.k.p.NodeInfo        No instantiation for #107. Probably branch label not up to date in orLeft 
85858      WARN  main            d.u.i.k.p.NodeInfo        No instantiation for #106. Probably branch label not up to date in orLeft 
85858      WARN  main            d.u.i.k.p.NodeInfo        No instantiation for #107. Probably branch label not up to date in orLeft 
85858      WARN  main            d.u.i.k.p.NodeInfo        No instantiation for #106. Probably branch label not up to date in orLeft 
85858      WARN  main            d.u.i.k.p.NodeInfo        No instantiation for #79. Probably branch label not up to date in orLeft 
85858      WARN  main            d.u.i.k.p.NodeInfo        No instantiation for #79. Probably branch label not up to date in orLeft 
85858      WARN  main            d.u.i.k.p.NodeInfo        No instantiation for #79. Probably branch label not up to date in orLeft 
85858      WARN  main            d.u.i.k.p.NodeInfo        No instantiation for #79. Probably branch label not up to date in orLeft 
85858      WARN  main            d.u.i.k.p.NodeInfo        No instantiation for #79. Probably branch label not up to date in orLeft 
85858      WARN  main            d.u.i.k.p.NodeInfo        No instantiation for #104. Probably branch label not up to date in orLeft 
85858      WARN  main            d.u.i.k.p.NodeInfo        No instantiation for #104. Probably branch label not up to date in orLeft 
85858      WARN  main            d.u.i.k.p.NodeInfo        No instantiation for #104. Probably branch label not up to date in orLeft 
85858      WARN  main            d.u.i.k.p.NodeInfo        No instantiation for #104. Probably branch label not up to date in orLeft 
85858      WARN  main            d.u.i.k.p.NodeInfo        No instantiation for #105. Probably branch label not up to date in orLeft 
85858      WARN  main            d.u.i.k.p.NodeInfo        No instantiation for #105. Probably branch label not up to date in orLeft 
85858      WARN  main            d.u.i.k.p.NodeInfo        No instantiation for #105. Probably branch label not up to date in orLeft 
85858      WARN  main            d.u.i.k.p.NodeInfo        No instantiation for #105. Probably branch label not up to date in orLeft 
85858      WARN  main            d.u.i.k.p.NodeInfo        No instantiation for #106. Probably branch label not up to date in orLeft 
85858      WARN  main            d.u.i.k.p.NodeInfo        No instantiation for #106. Probably branch label not up to date in orLeft 
85858      WARN  main            d.u.i.k.p.NodeInfo        No instantiation for #106. Probably branch label not up to date in orLeft 
85858      WARN  main            d.u.i.k.p.NodeInfo        No instantiation for #107. Probably branch label not up to date in orLeft 
85858      WARN  main            d.u.i.k.p.NodeInfo        No instantiation for #107. Probably branch label not up to date in orLeft 
85858      WARN  main            d.u.i.k.p.NodeInfo        No instantiation for #107. Probably branch label not up to date in orLeft 
85858      WARN  main            d.u.i.k.p.NodeInfo        No instantiation for #106. Probably branch label not up to date in orLeft 
85858      WARN  main            d.u.i.k.p.NodeInfo        No instantiation for #107. Probably branch label not up to date in orLeft 
85858      WARN  main            d.u.i.k.p.NodeInfo        No instantiation for #106. Probably branch label not up to date in orLeft 
85858      WARN  main            d.u.i.k.p.NodeInfo        No instantiation for #79. Probably branch label not up to date in orLeft 
85858      WARN  main            d.u.i.k.p.NodeInfo        No instantiation for #79. Probably branch label not up to date in orLeft 
85858      WARN  main            d.u.i.k.p.NodeInfo        No instantiation for #79. Probably branch label not up to date in orLeft 
85858      WARN  main            d.u.i.k.p.NodeInfo        No instantiation for #79. Probably branch label not up to date in orLeft 
85858      WARN  main            d.u.i.k.p.NodeInfo        No instantiation for #79. Probably branch label not up to date in orLeft 
85858      WARN  main            d.u.i.k.p.NodeInfo        No instantiation for #104. Probably branch label not up to date in orLeft 
85858      WARN  main            d.u.i.k.p.NodeInfo        No instantiation for #104. Probably branch label not up to date in orLeft 
85858      WARN  main            d.u.i.k.p.NodeInfo        No instantiation for #104. Probably branch label not up to date in orLeft 
85858      WARN  main            d.u.i.k.p.NodeInfo        No instantiation for #104. Probably branch label not up to date in orLeft 
85858      WARN  main            d.u.i.k.p.NodeInfo        No instantiation for #105. Probably branch label not up to date in orLeft 
85858      WARN  main            d.u.i.k.p.NodeInfo        No instantiation for #105. Probably branch label not up to date in orLeft 
85858      WARN  main            d.u.i.k.p.NodeInfo        No instantiation for #105. Probably branch label not up to date in orLeft 
85858      WARN  main            d.u.i.k.p.NodeInfo        No instantiation for #105. Probably branch label not up to date in orLeft 
85858      WARN  main            d.u.i.k.p.NodeInfo        No instantiation for #106. Probably branch label not up to date in orLeft 
85858      WARN  main            d.u.i.k.p.NodeInfo        No instantiation for #106. Probably branch label not up to date in orLeft 
85858      WARN  main            d.u.i.k.p.NodeInfo        No instantiation for #106. Probably branch label not up to date in orLeft 
85858      WARN  main            d.u.i.k.p.NodeInfo        No instantiation for #107. Probably branch label not up to date in orLeft 
85858      WARN  main            d.u.i.k.p.NodeInfo        No instantiation for #107. Probably branch label not up to date in orLeft 
85858      WARN  main            d.u.i.k.p.NodeInfo        No instantiation for #107. Probably branch label not up to date in orLeft 
85858      WARN  main            d.u.i.k.p.NodeInfo        No instantiation for #106. Probably branch label not up to date in orLeft 
85858      WARN  main            d.u.i.k.p.NodeInfo        No instantiation for #107. Probably branch label not up to date in orLeft 
85858      WARN  main            d.u.i.k.p.NodeInfo        No instantiation for #106. Probably branch label not up to date in orLeft 
85859      WARN  main            d.u.i.k.p.NodeInfo        No instantiation for #104. Probably branch label not up to date in orLeft 
85859      WARN  main            d.u.i.k.p.NodeInfo        No instantiation for #104. Probably branch label not up to date in orLeft 
85859      WARN  main            d.u.i.k.p.NodeInfo        No instantiation for #104. Probably branch label not up to date in orLeft 
85859      WARN  main            d.u.i.k.p.NodeInfo        No instantiation for #104. Probably branch label not up to date in orLeft 
85859      WARN  main            d.u.i.k.p.NodeInfo        No instantiation for #105. Probably branch label not up to date in orLeft 
85859      WARN  main            d.u.i.k.p.NodeInfo        No instantiation for #105. Probably branch label not up to date in orLeft 
85859      WARN  main            d.u.i.k.p.NodeInfo        No instantiation for #105. Probably branch label not up to date in orLeft 
85859      WARN  main            d.u.i.k.p.NodeInfo        No instantiation for #105. Probably branch label not up to date in orLeft 
85859      WARN  main            d.u.i.k.p.NodeInfo        No instantiation for #106. Probably branch label not up to date in orLeft 
85859      WARN  main            d.u.i.k.p.NodeInfo        No instantiation for #106. Probably branch label not up to date in orLeft 
85859      WARN  main            d.u.i.k.p.NodeInfo        No instantiation for #106. Probably branch label not up to date in orLeft 
85859      WARN  main            d.u.i.k.p.NodeInfo        No instantiation for #107. Probably branch label not up to date in orLeft 
85859      WARN  main            d.u.i.k.p.NodeInfo        No instantiation for #107. Probably branch label not up to date in orLeft 
85859      WARN  main            d.u.i.k.p.NodeInfo        No instantiation for #107. Probably branch label not up to date in orLeft 
85859      WARN  main            d.u.i.k.p.NodeInfo        No instantiation for #106. Probably branch label not up to date in orLeft 
85859      WARN  main            d.u.i.k.p.NodeInfo        No instantiation for #107. Probably branch label not up to date in orLeft 
85859      WARN  main            d.u.i.k.p.NodeInfo        No instantiation for #106. Probably branch label not up to date in orLeft 
85859      WARN  main            d.u.i.k.p.NodeInfo        No instantiation for #79. Probably branch label not up to date in orLeft 
85859      WARN  main            d.u.i.k.p.NodeInfo        No instantiation for #79. Probably branch label not up to date in orLeft 
85859      WARN  main            d.u.i.k.p.NodeInfo        No instantiation for #79. Probably branch label not up to date in orLeft 
85859      WARN  main            d.u.i.k.p.NodeInfo        No instantiation for #79. Probably branch label not up to date in orLeft 
85859      WARN  main            d.u.i.k.p.NodeInfo        No instantiation for #79. Probably branch label not up to date in orLeft 
85859      WARN  main            d.u.i.k.p.NodeInfo        No instantiation for #104. Probably branch label not up to date in orLeft 
85859      WARN  main            d.u.i.k.p.NodeInfo        No instantiation for #104. Probably branch label not up to date in orLeft 
85859      WARN  main            d.u.i.k.p.NodeInfo        No instantiation for #104. Probably branch label not up to date in orLeft 
85859      WARN  main            d.u.i.k.p.NodeInfo        No instantiation for #104. Probably branch label not up to date in orLeft 
85859      WARN  main            d.u.i.k.p.NodeInfo        No instantiation for #105. Probably branch label not up to date in orLeft 
85859      WARN  main            d.u.i.k.p.NodeInfo        No instantiation for #105. Probably branch label not up to date in orLeft 
85859      WARN  main            d.u.i.k.p.NodeInfo        No instantiation for #105. Probably branch label not up to date in orLeft 
85859      WARN  main            d.u.i.k.p.NodeInfo        No instantiation for #105. Probably branch label not up to date in orLeft 
85859      WARN  main            d.u.i.k.p.NodeInfo        No instantiation for #106. Probably branch label not up to date in orLeft 
85859      WARN  main            d.u.i.k.p.NodeInfo        No instantiation for #106. Probably branch label not up to date in orLeft 
85859      WARN  main            d.u.i.k.p.NodeInfo        No instantiation for #106. Probably branch label not up to date in orLeft 
85859      WARN  main            d.u.i.k.p.NodeInfo        No instantiation for #107. Probably branch label not up to date in orLeft 
85859      WARN  main            d.u.i.k.p.NodeInfo        No instantiation for #107. Probably branch label not up to date in orLeft 
85859      WARN  main            d.u.i.k.p.NodeInfo        No instantiation for #107. Probably branch label not up to date in orLeft 
85859      WARN  main            d.u.i.k.p.NodeInfo        No instantiation for #106. Probably branch label not up to date in orLeft 
85859      WARN  main            d.u.i.k.p.NodeInfo        No instantiation for #107. Probably branch label not up to date in orLeft 
85859      WARN  main            d.u.i.k.p.NodeInfo        No instantiation for #106. Probably branch label not up to date in orLeft 
85859      WARN  main            d.u.i.k.p.NodeInfo        No instantiation for #104. Probably branch label not up to date in orLeft 
85859      WARN  main            d.u.i.k.p.NodeInfo        No instantiation for #104. Probably branch label not up to date in orLeft 
85859      WARN  main            d.u.i.k.p.NodeInfo        No instantiation for #104. Probably branch label not up to date in orLeft 
85859      WARN  main            d.u.i.k.p.NodeInfo        No instantiation for #104. Probably branch label not up to date in orLeft 
85859      WARN  main            d.u.i.k.p.NodeInfo        No instantiation for #105. Probably branch label not up to date in orLeft 
85859      WARN  main            d.u.i.k.p.NodeInfo        No instantiation for #105. Probably branch label not up to date in orLeft 
85859      WARN  main            d.u.i.k.p.NodeInfo        No instantiation for #105. Probably branch label not up to date in orLeft 
85859      WARN  main            d.u.i.k.p.NodeInfo        No instantiation for #105. Probably branch label not up to date in orLeft 
85859      WARN  main            d.u.i.k.p.NodeInfo        No instantiation for #106. Probably branch label not up to date in orLeft 
85859      WARN  main            d.u.i.k.p.NodeInfo        No instantiation for #106. Probably branch label not up to date in orLeft 
85859      WARN  main            d.u.i.k.p.NodeInfo        No instantiation for #106. Probably branch label not up to date in orLeft 
85859      WARN  main            d.u.i.k.p.NodeInfo        No instantiation for #107. Probably branch label not up to date in orLeft 
85859      WARN  main            d.u.i.k.p.NodeInfo        No instantiation for #107. Probably branch label not up to date in orLeft 
85859      WARN  main            d.u.i.k.p.NodeInfo        No instantiation for #107. Probably branch label not up to date in orLeft 
85859      WARN  main            d.u.i.k.p.NodeInfo        No instantiation for #106. Probably branch label not up to date in orLeft 
85859      WARN  main            d.u.i.k.p.NodeInfo        No instantiation for #107. Probably branch label not up to date in orLeft 
85859      WARN  main            d.u.i.k.p.NodeInfo        No instantiation for #106. Probably branch label not up to date in orLeft 
85859      WARN  main            d.u.i.k.p.NodeInfo        No instantiation for #104. Probably branch label not up to date in orLeft 
85859      WARN  main            d.u.i.k.p.NodeInfo        No instantiation for #104. Probably branch label not up to date in orLeft 
85859      WARN  main            d.u.i.k.p.NodeInfo        No instantiation for #104. Probably branch label not up to date in orLeft 
85859      WARN  main            d.u.i.k.p.NodeInfo        No instantiation for #104. Probably branch label not up to date in orLeft 
85859      WARN  main            d.u.i.k.p.NodeInfo        No instantiation for #105. Probably branch label not up to date in orLeft 
85859      WARN  main            d.u.i.k.p.NodeInfo        No instantiation for #105. Probably branch label not up to date in orLeft 
85859      WARN  main            d.u.i.k.p.NodeInfo        No instantiation for #105. Probably branch label not up to date in orLeft 
85859      WARN  main            d.u.i.k.p.NodeInfo        No instantiation for #105. Probably branch label not up to date in orLeft 
85859      WARN  main            d.u.i.k.p.NodeInfo        No instantiation for #106. Probably branch label not up to date in orLeft 
85859      WARN  main            d.u.i.k.p.NodeInfo        No instantiation for #106. Probably branch label not up to date in orLeft 
85859      WARN  main            d.u.i.k.p.NodeInfo        No instantiation for #106. Probably branch label not up to date in orLeft 
85859      WARN  main            d.u.i.k.p.NodeInfo        No instantiation for #107. Probably branch label not up to date in orLeft 
85859      WARN  main            d.u.i.k.p.NodeInfo        No instantiation for #107. Probably branch label not up to date in orLeft 
85859      WARN  main            d.u.i.k.p.NodeInfo        No instantiation for #107. Probably branch label not up to date in orLeft 
85859      WARN  main            d.u.i.k.p.NodeInfo        No instantiation for #106. Probably branch label not up to date in orLeft 
85859      WARN  main            d.u.i.k.p.NodeInfo        No instantiation for #107. Probably branch label not up to date in orLeft 
85859      WARN  main            d.u.i.k.p.NodeInfo        No instantiation for #106. Probably branch label not up to date in orLeft 
85859      WARN  main            d.u.i.k.p.NodeInfo        No instantiation for #104. Probably branch label not up to date in orLeft 
85859      WARN  main            d.u.i.k.p.NodeInfo        No instantiation for #104. Probably branch label not up to date in orLeft 
85859      WARN  main            d.u.i.k.p.NodeInfo        No instantiation for #104. Probably branch label not up to date in orLeft 
85859      WARN  main            d.u.i.k.p.NodeInfo        No instantiation for #104. Probably branch label not up to date in orLeft 
85859      WARN  main            d.u.i.k.p.NodeInfo        No instantiation for #105. Probably branch label not up to date in orLeft 
85859      WARN  main            d.u.i.k.p.NodeInfo        No instantiation for #105. Probably branch label not up to date in orLeft 
85859      WARN  main            d.u.i.k.p.NodeInfo        No instantiation for #105. Probably branch label not up to date in orLeft 
85859      WARN  main            d.u.i.k.p.NodeInfo        No instantiation for #105. Probably branch label not up to date in orLeft 
85859      WARN  main            d.u.i.k.p.NodeInfo        No instantiation for #106. Probably branch label not up to date in orLeft 
85859      WARN  main            d.u.i.k.p.NodeInfo        No instantiation for #106. Probably branch label not up to date in orLeft 
85859      WARN  main            d.u.i.k.p.NodeInfo        No instantiation for #106. Probably branch label not up to date in orLeft 
85859      WARN  main            d.u.i.k.p.NodeInfo        No instantiation for #107. Probably branch label not up to date in orLeft 
85859      WARN  main            d.u.i.k.p.NodeInfo        No instantiation for #107. Probably branch label not up to date in orLeft 
85859      WARN  main            d.u.i.k.p.NodeInfo        No instantiation for #107. Probably branch label not up to date in orLeft 
85859      WARN  main            d.u.i.k.p.NodeInfo        No instantiation for #106. Probably branch label not up to date in orLeft 
85859      WARN  main            d.u.i.k.p.NodeInfo        No instantiation for #107. Probably branch label not up to date in orLeft 
85859      WARN  main            d.u.i.k.p.NodeInfo        No instantiation for #106. Probably branch label not up to date in orLeft 
85859      WARN  main            d.u.i.k.p.NodeInfo        No instantiation for #104. Probably branch label not up to date in orLeft 
85859      WARN  main            d.u.i.k.p.NodeInfo        No instantiation for #104. Probably branch label not up to date in orLeft 
85859      WARN  main            d.u.i.k.p.NodeInfo        No instantiation for #104. Probably branch label not up to date in orLeft 
85859      WARN  main            d.u.i.k.p.NodeInfo        No instantiation for #104. Probably branch label not up to date in orLeft 
85859      WARN  main            d.u.i.k.p.NodeInfo        No instantiation for #105. Probably branch label not up to date in orLeft 
85859      WARN  main            d.u.i.k.p.NodeInfo        No instantiation for #105. Probably branch label not up to date in orLeft 
85859      WARN  main            d.u.i.k.p.NodeInfo        No instantiation for #105. Probably branch label not up to date in orLeft 
85859      WARN  main            d.u.i.k.p.NodeInfo        No instantiation for #105. Probably branch label not up to date in orLeft 
85859      WARN  main            d.u.i.k.p.NodeInfo        No instantiation for #106. Probably branch label not up to date in orLeft 
85859      WARN  main            d.u.i.k.p.NodeInfo        No instantiation for #106. Probably branch label not up to date in orLeft 
85859      WARN  main            d.u.i.k.p.NodeInfo        No instantiation for #106. Probably branch label not up to date in orLeft 
85859      WARN  main            d.u.i.k.p.NodeInfo        No instantiation for #107. Probably branch label not up to date in orLeft 
85859      WARN  main            d.u.i.k.p.NodeInfo        No instantiation for #107. Probably branch label not up to date in orLeft 
85859      WARN  main            d.u.i.k.p.NodeInfo        No instantiation for #107. Probably branch label not up to date in orLeft 
85859      WARN  main            d.u.i.k.p.NodeInfo        No instantiation for #106. Probably branch label not up to date in orLeft 
85859      WARN  main            d.u.i.k.p.NodeInfo        No instantiation for #107. Probably branch label not up to date in orLeft 
85859      WARN  main            d.u.i.k.p.NodeInfo        No instantiation for #106. Probably branch label not up to date in orLeft 
85901      WARN  main            d.u.i.k.p.NodeInfo        No instantiation for #104. Probably branch label not up to date in orLeft 
85901      WARN  main            d.u.i.k.p.NodeInfo        No instantiation for #104. Probably branch label not up to date in orLeft 
85901      WARN  main            d.u.i.k.p.NodeInfo        No instantiation for #104. Probably branch label not up to date in orLeft 
85901      WARN  main            d.u.i.k.p.NodeInfo        No instantiation for #104. Probably branch label not up to date in orLeft 
85901      WARN  main            d.u.i.k.p.NodeInfo        No instantiation for #105. Probably branch label not up to date in orLeft 
85901      WARN  main            d.u.i.k.p.NodeInfo        No instantiation for #105. Probably branch label not up to date in orLeft 
85901      WARN  main            d.u.i.k.p.NodeInfo        No instantiation for #105. Probably branch label not up to date in orLeft 
85901      WARN  main            d.u.i.k.p.NodeInfo        No instantiation for #105. Probably branch label not up to date in orLeft 
85901      WARN  main            d.u.i.k.p.NodeInfo        No instantiation for #106. Probably branch label not up to date in orLeft 
85901      WARN  main            d.u.i.k.p.NodeInfo        No instantiation for #106. Probably branch label not up to date in orLeft 
85901      WARN  main            d.u.i.k.p.NodeInfo        No instantiation for #106. Probably branch label not up to date in orLeft 
85901      WARN  main            d.u.i.k.p.NodeInfo        No instantiation for #107. Probably branch label not up to date in orLeft 
85901      WARN  main            d.u.i.k.p.NodeInfo        No instantiation for #107. Probably branch label not up to date in orLeft 
85901      WARN  main            d.u.i.k.p.NodeInfo        No instantiation for #107. Probably branch label not up to date in orLeft 
85901      WARN  main            d.u.i.k.p.NodeInfo        No instantiation for #106. Probably branch label not up to date in orLeft 
85901      WARN  main            d.u.i.k.p.NodeInfo        No instantiation for #107. Probably branch label not up to date in orLeft 
85901      WARN  main            d.u.i.k.p.NodeInfo        No instantiation for #106. Probably branch label not up to date in orLeft 
85901      WARN  main            d.u.i.k.p.NodeInfo        No instantiation for #104. Probably branch label not up to date in orLeft 
85901      WARN  main            d.u.i.k.p.NodeInfo        No instantiation for #104. Probably branch label not up to date in orLeft 
85901      WARN  main            d.u.i.k.p.NodeInfo        No instantiation for #104. Probably branch label not up to date in orLeft 
85901      WARN  main            d.u.i.k.p.NodeInfo        No instantiation for #104. Probably branch label not up to date in orLeft 
85901      WARN  main            d.u.i.k.p.NodeInfo        No instantiation for #105. Probably branch label not up to date in orLeft 
85901      WARN  main            d.u.i.k.p.NodeInfo        No instantiation for #105. Probably branch label not up to date in orLeft 
85901      WARN  main            d.u.i.k.p.NodeInfo        No instantiation for #105. Probably branch label not up to date in orLeft 
85901      WARN  main            d.u.i.k.p.NodeInfo        No instantiation for #105. Probably branch label not up to date in orLeft 
85901      WARN  main            d.u.i.k.p.NodeInfo        No instantiation for #106. Probably branch label not up to date in orLeft 
85901      WARN  main            d.u.i.k.p.NodeInfo        No instantiation for #106. Probably branch label not up to date in orLeft 
85901      WARN  main            d.u.i.k.p.NodeInfo        No instantiation for #106. Probably branch label not up to date in orLeft 
85901      WARN  main            d.u.i.k.p.NodeInfo        No instantiation for #107. Probably branch label not up to date in orLeft 
85901      WARN  main            d.u.i.k.p.NodeInfo        No instantiation for #107. Probably branch label not up to date in orLeft 
85901      WARN  main            d.u.i.k.p.NodeInfo        No instantiation for #107. Probably branch label not up to date in orLeft 
85901      WARN  main            d.u.i.k.p.NodeInfo        No instantiation for #106. Probably branch label not up to date in orLeft 
85901      WARN  main            d.u.i.k.p.NodeInfo        No instantiation for #107. Probably branch label not up to date in orLeft 
85901      WARN  main            d.u.i.k.p.NodeInfo        No instantiation for #106. Probably branch label not up to date in orLeft 
85922      WARN  main            d.u.i.k.p.NodeInfo        No instantiation for #104. Probably branch label not up to date in orLeft 
85922      WARN  main            d.u.i.k.p.NodeInfo        No instantiation for #104. Probably branch label not up to date in orLeft 
85922      WARN  main            d.u.i.k.p.NodeInfo        No instantiation for #104. Probably branch label not up to date in orLeft 
85922      WARN  main            d.u.i.k.p.NodeInfo        No instantiation for #104. Probably branch label not up to date in orLeft 
85922      WARN  main            d.u.i.k.p.NodeInfo        No instantiation for #105. Probably branch label not up to date in orLeft 
85922      WARN  main            d.u.i.k.p.NodeInfo        No instantiation for #105. Probably branch label not up to date in orLeft 
85922      WARN  main            d.u.i.k.p.NodeInfo        No instantiation for #105. Probably branch label not up to date in orLeft 
85922      WARN  main            d.u.i.k.p.NodeInfo        No instantiation for #105. Probably branch label not up to date in orLeft 
85922      WARN  main            d.u.i.k.p.NodeInfo        No instantiation for #106. Probably branch label not up to date in orLeft 
85922      WARN  main            d.u.i.k.p.NodeInfo        No instantiation for #106. Probably branch label not up to date in orLeft 
85922      WARN  main            d.u.i.k.p.NodeInfo        No instantiation for #106. Probably branch label not up to date in orLeft 
85922      WARN  main            d.u.i.k.p.NodeInfo        No instantiation for #107. Probably branch label not up to date in orLeft 
85922      WARN  main            d.u.i.k.p.NodeInfo        No instantiation for #107. Probably branch label not up to date in orLeft 
85922      WARN  main            d.u.i.k.p.NodeInfo        No instantiation for #107. Probably branch label not up to date in orLeft 
85922      WARN  main            d.u.i.k.p.NodeInfo        No instantiation for #106. Probably branch label not up to date in orLeft 
85922      WARN  main            d.u.i.k.p.NodeInfo        No instantiation for #107. Probably branch label not up to date in orLeft 
85922      WARN  main            d.u.i.k.p.NodeInfo        No instantiation for #106. Probably branch label not up to date in orLeft 
85922      WARN  main            d.u.i.k.p.NodeInfo        No instantiation for #79. Probably branch label not up to date in orLeft 
85922      WARN  main            d.u.i.k.p.NodeInfo        No instantiation for #79. Probably branch label not up to date in orLeft 
85922      WARN  main            d.u.i.k.p.NodeInfo        No instantiation for #79. Probably branch label not up to date in orLeft 
85922      WARN  main            d.u.i.k.p.NodeInfo        No instantiation for #79. Probably branch label not up to date in orLeft 
85922      WARN  main            d.u.i.k.p.NodeInfo        No instantiation for #79. Probably branch label not up to date in orLeft 
85922      WARN  main            d.u.i.k.p.NodeInfo        No instantiation for #104. Probably branch label not up to date in orLeft 
85922      WARN  main            d.u.i.k.p.NodeInfo        No instantiation for #104. Probably branch label not up to date in orLeft 
85922      WARN  main            d.u.i.k.p.NodeInfo        No instantiation for #104. Probably branch label not up to date in orLeft 
85922      WARN  main            d.u.i.k.p.NodeInfo        No instantiation for #104. Probably branch label not up to date in orLeft 
85922      WARN  main            d.u.i.k.p.NodeInfo        No instantiation for #105. Probably branch label not up to date in orLeft 
85922      WARN  main            d.u.i.k.p.NodeInfo        No instantiation for #105. Probably branch label not up to date in orLeft 
85922      WARN  main            d.u.i.k.p.NodeInfo        No instantiation for #105. Probably branch label not up to date in orLeft 
85922      WARN  main            d.u.i.k.p.NodeInfo        No instantiation for #105. Probably branch label not up to date in orLeft 
85922      WARN  main            d.u.i.k.p.NodeInfo        No instantiation for #106. Probably branch label not up to date in orLeft 
85922      WARN  main            d.u.i.k.p.NodeInfo        No instantiation for #106. Probably branch label not up to date in orLeft 
85922      WARN  main            d.u.i.k.p.NodeInfo        No instantiation for #106. Probably branch label not up to date in orLeft 
85922      WARN  main            d.u.i.k.p.NodeInfo        No instantiation for #107. Probably branch label not up to date in orLeft 
85922      WARN  main            d.u.i.k.p.NodeInfo        No instantiation for #107. Probably branch label not up to date in orLeft 
85922      WARN  main            d.u.i.k.p.NodeInfo        No instantiation for #107. Probably branch label not up to date in orLeft 
85922      WARN  main            d.u.i.k.p.NodeInfo        No instantiation for #106. Probably branch label not up to date in orLeft 
85922      WARN  main            d.u.i.k.p.NodeInfo        No instantiation for #107. Probably branch label not up to date in orLeft 
85922      WARN  main            d.u.i.k.p.NodeInfo        No instantiation for #106. Probably branch label not up to date in orLeft 
85922      WARN  main            d.u.i.k.p.NodeInfo        No instantiation for #79. Probably branch label not up to date in orLeft 
85922      WARN  main            d.u.i.k.p.NodeInfo        No instantiation for #79. Probably branch label not up to date in orLeft 
85922      WARN  main            d.u.i.k.p.NodeInfo        No instantiation for #79. Probably branch label not up to date in orLeft 
85922      WARN  main            d.u.i.k.p.NodeInfo        No instantiation for #79. Probably branch label not up to date in orLeft 
85922      WARN  main            d.u.i.k.p.NodeInfo        No instantiation for #79. Probably branch label not up to date in orLeft 
85922      WARN  main            d.u.i.k.p.NodeInfo        No instantiation for #104. Probably branch label not up to date in orLeft 
85922      WARN  main            d.u.i.k.p.NodeInfo        No instantiation for #104. Probably branch label not up to date in orLeft 
85922      WARN  main            d.u.i.k.p.NodeInfo        No instantiation for #104. Probably branch label not up to date in orLeft 
85922      WARN  main            d.u.i.k.p.NodeInfo        No instantiation for #104. Probably branch label not up to date in orLeft 
85922      WARN  main            d.u.i.k.p.NodeInfo        No instantiation for #105. Probably branch label not up to date in orLeft 
85922      WARN  main            d.u.i.k.p.NodeInfo        No instantiation for #105. Probably branch label not up to date in orLeft 
85922      WARN  main            d.u.i.k.p.NodeInfo        No instantiation for #105. Probably branch label not up to date in orLeft 
85922      WARN  main            d.u.i.k.p.NodeInfo        No instantiation for #105. Probably branch label not up to date in orLeft 
85922      WARN  main            d.u.i.k.p.NodeInfo        No instantiation for #106. Probably branch label not up to date in orLeft 
85922      WARN  main            d.u.i.k.p.NodeInfo        No instantiation for #106. Probably branch label not up to date in orLeft 
85922      WARN  main            d.u.i.k.p.NodeInfo        No instantiation for #106. Probably branch label not up to date in orLeft 
85922      WARN  main            d.u.i.k.p.NodeInfo        No instantiation for #107. Probably branch label not up to date in orLeft 
85922      WARN  main            d.u.i.k.p.NodeInfo        No instantiation for #107. Probably branch label not up to date in orLeft 
85922      WARN  main            d.u.i.k.p.NodeInfo        No instantiation for #107. Probably branch label not up to date in orLeft 
85922      WARN  main            d.u.i.k.p.NodeInfo        No instantiation for #106. Probably branch label not up to date in orLeft 
85922      WARN  main            d.u.i.k.p.NodeInfo        No instantiation for #107. Probably branch label not up to date in orLeft 
85922      WARN  main            d.u.i.k.p.NodeInfo        No instantiation for #106. Probably branch label not up to date in orLeft 
85922      WARN  main            d.u.i.k.p.NodeInfo        No instantiation for #79. Probably branch label not up to date in orLeft 
85922      WARN  main            d.u.i.k.p.NodeInfo        No instantiation for #79. Probably branch label not up to date in orLeft 
85922      WARN  main            d.u.i.k.p.NodeInfo        No instantiation for #79. Probably branch label not up to date in orLeft 
85922      WARN  main            d.u.i.k.p.NodeInfo        No instantiation for #79. Probably branch label not up to date in orLeft 
85922      WARN  main            d.u.i.k.p.NodeInfo        No instantiation for #79. Probably branch label not up to date in orLeft 
85922      WARN  main            d.u.i.k.p.NodeInfo        No instantiation for #104. Probably branch label not up to date in orLeft 
85922      WARN  main            d.u.i.k.p.NodeInfo        No instantiation for #104. Probably branch label not up to date in orLeft 
85922      WARN  main            d.u.i.k.p.NodeInfo        No instantiation for #104. Probably branch label not up to date in orLeft 
85922      WARN  main            d.u.i.k.p.NodeInfo        No instantiation for #104. Probably branch label not up to date in orLeft 
85922      WARN  main            d.u.i.k.p.NodeInfo        No instantiation for #105. Probably branch label not up to date in orLeft 
85922      WARN  main            d.u.i.k.p.NodeInfo        No instantiation for #105. Probably branch label not up to date in orLeft 
85922      WARN  main            d.u.i.k.p.NodeInfo        No instantiation for #105. Probably branch label not up to date in orLeft 
85922      WARN  main            d.u.i.k.p.NodeInfo        No instantiation for #105. Probably branch label not up to date in orLeft 
85922      WARN  main            d.u.i.k.p.NodeInfo        No instantiation for #106. Probably branch label not up to date in orLeft 
85922      WARN  main            d.u.i.k.p.NodeInfo        No instantiation for #106. Probably branch label not up to date in orLeft 
85922      WARN  main            d.u.i.k.p.NodeInfo        No instantiation for #106. Probably branch label not up to date in orLeft 
85922      WARN  main            d.u.i.k.p.NodeInfo        No instantiation for #107. Probably branch label not up to date in orLeft 
85922      WARN  main            d.u.i.k.p.NodeInfo        No instantiation for #107. Probably branch label not up to date in orLeft 
85922      WARN  main            d.u.i.k.p.NodeInfo        No instantiation for #107. Probably branch label not up to date in orLeft 
85922      WARN  main            d.u.i.k.p.NodeInfo        No instantiation for #106. Probably branch label not up to date in orLeft 
85922      WARN  main            d.u.i.k.p.NodeInfo        No instantiation for #107. Probably branch label not up to date in orLeft 
85922      WARN  main            d.u.i.k.p.NodeInfo        No instantiation for #106. Probably branch label not up to date in orLeft 
85922      WARN  main            d.u.i.k.p.NodeInfo        No instantiation for #79. Probably branch label not up to date in orLeft 
85922      WARN  main            d.u.i.k.p.NodeInfo        No instantiation for #79. Probably branch label not up to date in orLeft 
85922      WARN  main            d.u.i.k.p.NodeInfo        No instantiation for #79. Probably branch label not up to date in orLeft 
85922      WARN  main            d.u.i.k.p.NodeInfo        No instantiation for #79. Probably branch label not up to date in orLeft 
85922      WARN  main            d.u.i.k.p.NodeInfo        No instantiation for #79. Probably branch label not up to date in orLeft 
85922      WARN  main            d.u.i.k.p.NodeInfo        No instantiation for #104. Probably branch label not up to date in orLeft 
85922      WARN  main            d.u.i.k.p.NodeInfo        No instantiation for #104. Probably branch label not up to date in orLeft 
85922      WARN  main            d.u.i.k.p.NodeInfo        No instantiation for #104. Probably branch label not up to date in orLeft 
85922      WARN  main            d.u.i.k.p.NodeInfo        No instantiation for #104. Probably branch label not up to date in orLeft 
85922      WARN  main            d.u.i.k.p.NodeInfo        No instantiation for #105. Probably branch label not up to date in orLeft 
85922      WARN  main            d.u.i.k.p.NodeInfo        No instantiation for #105. Probably branch label not up to date in orLeft 
85922      WARN  main            d.u.i.k.p.NodeInfo        No instantiation for #105. Probably branch label not up to date in orLeft 
85922      WARN  main            d.u.i.k.p.NodeInfo        No instantiation for #105. Probably branch label not up to date in orLeft 
85922      WARN  main            d.u.i.k.p.NodeInfo        No instantiation for #106. Probably branch label not up to date in orLeft 
85923      WARN  main            d.u.i.k.p.NodeInfo        No instantiation for #106. Probably branch label not up to date in orLeft 
85923      WARN  main            d.u.i.k.p.NodeInfo        No instantiation for #106. Probably branch label not up to date in orLeft 
85923      WARN  main            d.u.i.k.p.NodeInfo        No instantiation for #107. Probably branch label not up to date in orLeft 
85923      WARN  main            d.u.i.k.p.NodeInfo        No instantiation for #107. Probably branch label not up to date in orLeft 
85923      WARN  main            d.u.i.k.p.NodeInfo        No instantiation for #107. Probably branch label not up to date in orLeft 
85923      WARN  main            d.u.i.k.p.NodeInfo        No instantiation for #106. Probably branch label not up to date in orLeft 
85923      WARN  main            d.u.i.k.p.NodeInfo        No instantiation for #107. Probably branch label not up to date in orLeft 
85923      WARN  main            d.u.i.k.p.NodeInfo        No instantiation for #106. Probably branch label not up to date in orLeft 
85923      WARN  main            d.u.i.k.p.NodeInfo        No instantiation for #79. Probably branch label not up to date in orLeft 
85923      WARN  main            d.u.i.k.p.NodeInfo        No instantiation for #79. Probably branch label not up to date in orLeft 
85923      WARN  main            d.u.i.k.p.NodeInfo        No instantiation for #79. Probably branch label not up to date in orLeft 
85923      WARN  main            d.u.i.k.p.NodeInfo        No instantiation for #79. Probably branch label not up to date in orLeft 
85923      WARN  main            d.u.i.k.p.NodeInfo        No instantiation for #79. Probably branch label not up to date in orLeft 
85923      WARN  main            d.u.i.k.p.NodeInfo        No instantiation for #104. Probably branch label not up to date in orLeft 
85923      WARN  main            d.u.i.k.p.NodeInfo        No instantiation for #104. Probably branch label not up to date in orLeft 
85923      WARN  main            d.u.i.k.p.NodeInfo        No instantiation for #104. Probably branch label not up to date in orLeft 
85923      WARN  main            d.u.i.k.p.NodeInfo        No instantiation for #104. Probably branch label not up to date in orLeft 
85923      WARN  main            d.u.i.k.p.NodeInfo        No instantiation for #105. Probably branch label not up to date in orLeft 
85923      WARN  main            d.u.i.k.p.NodeInfo        No instantiation for #105. Probably branch label not up to date in orLeft 
85923      WARN  main            d.u.i.k.p.NodeInfo        No instantiation for #105. Probably branch label not up to date in orLeft 
85923      WARN  main            d.u.i.k.p.NodeInfo        No instantiation for #105. Probably branch label not up to date in orLeft 
85923      WARN  main            d.u.i.k.p.NodeInfo        No instantiation for #106. Probably branch label not up to date in orLeft 
85923      WARN  main            d.u.i.k.p.NodeInfo        No instantiation for #106. Probably branch label not up to date in orLeft 
85923      WARN  main            d.u.i.k.p.NodeInfo        No instantiation for #106. Probably branch label not up to date in orLeft 
85923      WARN  main            d.u.i.k.p.NodeInfo        No instantiation for #107. Probably branch label not up to date in orLeft 
85923      WARN  main            d.u.i.k.p.NodeInfo        No instantiation for #107. Probably branch label not up to date in orLeft 
85923      WARN  main            d.u.i.k.p.NodeInfo        No instantiation for #107. Probably branch label not up to date in orLeft 
85923      WARN  main            d.u.i.k.p.NodeInfo        No instantiation for #106. Probably branch label not up to date in orLeft 
85923      WARN  main            d.u.i.k.p.NodeInfo        No instantiation for #107. Probably branch label not up to date in orLeft 
85923      WARN  main            d.u.i.k.p.NodeInfo        No instantiation for #106. Probably branch label not up to date in orLeft 
85923      WARN  main            d.u.i.k.p.NodeInfo        No instantiation for #104. Probably branch label not up to date in orLeft 
85923      WARN  main            d.u.i.k.p.NodeInfo        No instantiation for #104. Probably branch label not up to date in orLeft 
85923      WARN  main            d.u.i.k.p.NodeInfo        No instantiation for #104. Probably branch label not up to date in orLeft 
85923      WARN  main            d.u.i.k.p.NodeInfo        No instantiation for #104. Probably branch label not up to date in orLeft 
85923      WARN  main            d.u.i.k.p.NodeInfo        No instantiation for #105. Probably branch label not up to date in orLeft 
85923      WARN  main            d.u.i.k.p.NodeInfo        No instantiation for #105. Probably branch label not up to date in orLeft 
85923      WARN  main            d.u.i.k.p.NodeInfo        No instantiation for #105. Probably branch label not up to date in orLeft 
85923      WARN  main            d.u.i.k.p.NodeInfo        No instantiation for #105. Probably branch label not up to date in orLeft 
85923      WARN  main            d.u.i.k.p.NodeInfo        No instantiation for #106. Probably branch label not up to date in orLeft 
85923      WARN  main            d.u.i.k.p.NodeInfo        No instantiation for #106. Probably branch label not up to date in orLeft 
85923      WARN  main            d.u.i.k.p.NodeInfo        No instantiation for #106. Probably branch label not up to date in orLeft 
85923      WARN  main            d.u.i.k.p.NodeInfo        No instantiation for #107. Probably branch label not up to date in orLeft 
85923      WARN  main            d.u.i.k.p.NodeInfo        No instantiation for #107. Probably branch label not up to date in orLeft 
85923      WARN  main            d.u.i.k.p.NodeInfo        No instantiation for #107. Probably branch label not up to date in orLeft 
85923      WARN  main            d.u.i.k.p.NodeInfo        No instantiation for #106. Probably branch label not up to date in orLeft 
85923      WARN  main            d.u.i.k.p.NodeInfo        No instantiation for #107. Probably branch label not up to date in orLeft 
85923      WARN  main            d.u.i.k.p.NodeInfo        No instantiation for #106. Probably branch label not up to date in orLeft 
85923      WARN  main            d.u.i.k.p.NodeInfo        No instantiation for #79. Probably branch label not up to date in orLeft 
85923      WARN  main            d.u.i.k.p.NodeInfo        No instantiation for #79. Probably branch label not up to date in orLeft 
85923      WARN  main            d.u.i.k.p.NodeInfo        No instantiation for #79. Probably branch label not up to date in orLeft 
85923      WARN  main            d.u.i.k.p.NodeInfo        No instantiation for #79. Probably branch label not up to date in orLeft 
85923      WARN  main            d.u.i.k.p.NodeInfo        No instantiation for #79. Probably branch label not up to date in orLeft 
85923      WARN  main            d.u.i.k.p.NodeInfo        No instantiation for #104. Probably branch label not up to date in orLeft 
85923      WARN  main            d.u.i.k.p.NodeInfo        No instantiation for #104. Probably branch label not up to date in orLeft 
85923      WARN  main            d.u.i.k.p.NodeInfo        No instantiation for #104. Probably branch label not up to date in orLeft 
85923      WARN  main            d.u.i.k.p.NodeInfo        No instantiation for #104. Probably branch label not up to date in orLeft 
85923      WARN  main            d.u.i.k.p.NodeInfo        No instantiation for #105. Probably branch label not up to date in orLeft 
85923      WARN  main            d.u.i.k.p.NodeInfo        No instantiation for #105. Probably branch label not up to date in orLeft 
85923      WARN  main            d.u.i.k.p.NodeInfo        No instantiation for #105. Probably branch label not up to date in orLeft 
85923      WARN  main            d.u.i.k.p.NodeInfo        No instantiation for #105. Probably branch label not up to date in orLeft 
85923      WARN  main            d.u.i.k.p.NodeInfo        No instantiation for #106. Probably branch label not up to date in orLeft 
85923      WARN  main            d.u.i.k.p.NodeInfo        No instantiation for #106. Probably branch label not up to date in orLeft 
85923      WARN  main            d.u.i.k.p.NodeInfo        No instantiation for #106. Probably branch label not up to date in orLeft 
85923      WARN  main            d.u.i.k.p.NodeInfo        No instantiation for #107. Probably branch label not up to date in orLeft 
85923      WARN  main            d.u.i.k.p.NodeInfo        No instantiation for #107. Probably branch label not up to date in orLeft 
85923      WARN  main            d.u.i.k.p.NodeInfo        No instantiation for #107. Probably branch label not up to date in orLeft 
85923      WARN  main            d.u.i.k.p.NodeInfo        No instantiation for #106. Probably branch label not up to date in orLeft 
85923      WARN  main            d.u.i.k.p.NodeInfo        No instantiation for #107. Probably branch label not up to date in orLeft 
85923      WARN  main            d.u.i.k.p.NodeInfo        No instantiation for #106. Probably branch label not up to date in orLeft 
85923      WARN  main            d.u.i.k.p.NodeInfo        No instantiation for #104. Probably branch label not up to date in orLeft 
85923      WARN  main            d.u.i.k.p.NodeInfo        No instantiation for #104. Probably branch label not up to date in orLeft 
85923      WARN  main            d.u.i.k.p.NodeInfo        No instantiation for #104. Probably branch label not up to date in orLeft 
85923      WARN  main            d.u.i.k.p.NodeInfo        No instantiation for #104. Probably branch label not up to date in orLeft 
85923      WARN  main            d.u.i.k.p.NodeInfo        No instantiation for #105. Probably branch label not up to date in orLeft 
85923      WARN  main            d.u.i.k.p.NodeInfo        No instantiation for #105. Probably branch label not up to date in orLeft 
85923      WARN  main            d.u.i.k.p.NodeInfo        No instantiation for #105. Probably branch label not up to date in orLeft 
85923      WARN  main            d.u.i.k.p.NodeInfo        No instantiation for #105. Probably branch label not up to date in orLeft 
85923      WARN  main            d.u.i.k.p.NodeInfo        No instantiation for #106. Probably branch label not up to date in orLeft 
85923      WARN  main            d.u.i.k.p.NodeInfo        No instantiation for #106. Probably branch label not up to date in orLeft 
85923      WARN  main            d.u.i.k.p.NodeInfo        No instantiation for #106. Probably branch label not up to date in orLeft 
85923      WARN  main            d.u.i.k.p.NodeInfo        No instantiation for #107. Probably branch label not up to date in orLeft 
85923      WARN  main            d.u.i.k.p.NodeInfo        No instantiation for #107. Probably branch label not up to date in orLeft 
85923      WARN  main            d.u.i.k.p.NodeInfo        No instantiation for #107. Probably branch label not up to date in orLeft 
85923      WARN  main            d.u.i.k.p.NodeInfo        No instantiation for #106. Probably branch label not up to date in orLeft 
85923      WARN  main            d.u.i.k.p.NodeInfo        No instantiation for #107. Probably branch label not up to date in orLeft 
85923      WARN  main            d.u.i.k.p.NodeInfo        No instantiation for #106. Probably branch label not up to date in orLeft 
85923      WARN  main            d.u.i.k.p.NodeInfo        No instantiation for #79. Probably branch label not up to date in orLeft 
85923      WARN  main            d.u.i.k.p.NodeInfo        No instantiation for #79. Probably branch label not up to date in orLeft 
85923      WARN  main            d.u.i.k.p.NodeInfo        No instantiation for #79. Probably branch label not up to date in orLeft 
85923      WARN  main            d.u.i.k.p.NodeInfo        No instantiation for #79. Probably branch label not up to date in orLeft 
85923      WARN  main            d.u.i.k.p.NodeInfo        No instantiation for #79. Probably branch label not up to date in orLeft 
85923      WARN  main            d.u.i.k.p.NodeInfo        No instantiation for #104. Probably branch label not up to date in orLeft 
85923      WARN  main            d.u.i.k.p.NodeInfo        No instantiation for #104. Probably branch label not up to date in orLeft 
85923      WARN  main            d.u.i.k.p.NodeInfo        No instantiation for #104. Probably branch label not up to date in orLeft 
85923      WARN  main            d.u.i.k.p.NodeInfo        No instantiation for #104. Probably branch label not up to date in orLeft 
85923      WARN  main            d.u.i.k.p.NodeInfo        No instantiation for #105. Probably branch label not up to date in orLeft 
85923      WARN  main            d.u.i.k.p.NodeInfo        No instantiation for #105. Probably branch label not up to date in orLeft 
85923      WARN  main            d.u.i.k.p.NodeInfo        No instantiation for #105. Probably branch label not up to date in orLeft 
85923      WARN  main            d.u.i.k.p.NodeInfo        No instantiation for #105. Probably branch label not up to date in orLeft 
85924      WARN  main            d.u.i.k.p.NodeInfo        No instantiation for #106. Probably branch label not up to date in orLeft 
85924      WARN  main            d.u.i.k.p.NodeInfo        No instantiation for #106. Probably branch label not up to date in orLeft 
85924      WARN  main            d.u.i.k.p.NodeInfo        No instantiation for #106. Probably branch label not up to date in orLeft 
85924      WARN  main            d.u.i.k.p.NodeInfo        No instantiation for #107. Probably branch label not up to date in orLeft 
85924      WARN  main            d.u.i.k.p.NodeInfo        No instantiation for #107. Probably branch label not up to date in orLeft 
85924      WARN  main            d.u.i.k.p.NodeInfo        No instantiation for #107. Probably branch label not up to date in orLeft 
85924      WARN  main            d.u.i.k.p.NodeInfo        No instantiation for #106. Probably branch label not up to date in orLeft 
85924      WARN  main            d.u.i.k.p.NodeInfo        No instantiation for #107. Probably branch label not up to date in orLeft 
85924      WARN  main            d.u.i.k.p.NodeInfo        No instantiation for #106. Probably branch label not up to date in orLeft 
85924      WARN  main            d.u.i.k.p.NodeInfo        No instantiation for #79. Probably branch label not up to date in orLeft 
85924      WARN  main            d.u.i.k.p.NodeInfo        No instantiation for #79. Probably branch label not up to date in orLeft 
85924      WARN  main            d.u.i.k.p.NodeInfo        No instantiation for #79. Probably branch label not up to date in orLeft 
85924      WARN  main            d.u.i.k.p.NodeInfo        No instantiation for #79. Probably branch label not up to date in orLeft 
85924      WARN  main            d.u.i.k.p.NodeInfo        No instantiation for #79. Probably branch label not up to date in orLeft 
85924      WARN  main            d.u.i.k.p.NodeInfo        No instantiation for #104. Probably branch label not up to date in orLeft 
85924      WARN  main            d.u.i.k.p.NodeInfo        No instantiation for #104. Probably branch label not up to date in orLeft 
85924      WARN  main            d.u.i.k.p.NodeInfo        No instantiation for #104. Probably branch label not up to date in orLeft 
85924      WARN  main            d.u.i.k.p.NodeInfo        No instantiation for #104. Probably branch label not up to date in orLeft 
85924      WARN  main            d.u.i.k.p.NodeInfo        No instantiation for #105. Probably branch label not up to date in orLeft 
85924      WARN  main            d.u.i.k.p.NodeInfo        No instantiation for #105. Probably branch label not up to date in orLeft 
85924      WARN  main            d.u.i.k.p.NodeInfo        No instantiation for #105. Probably branch label not up to date in orLeft 
85924      WARN  main            d.u.i.k.p.NodeInfo        No instantiation for #105. Probably branch label not up to date in orLeft 
85924      WARN  main            d.u.i.k.p.NodeInfo        No instantiation for #106. Probably branch label not up to date in orLeft 
85924      WARN  main            d.u.i.k.p.NodeInfo        No instantiation for #106. Probably branch label not up to date in orLeft 
85924      WARN  main            d.u.i.k.p.NodeInfo        No instantiation for #106. Probably branch label not up to date in orLeft 
85924      WARN  main            d.u.i.k.p.NodeInfo        No instantiation for #107. Probably branch label not up to date in orLeft 
85924      WARN  main            d.u.i.k.p.NodeInfo        No instantiation for #107. Probably branch label not up to date in orLeft 
85924      WARN  main            d.u.i.k.p.NodeInfo        No instantiation for #107. Probably branch label not up to date in orLeft 
85924      WARN  main            d.u.i.k.p.NodeInfo        No instantiation for #106. Probably branch label not up to date in orLeft 
85924      WARN  main            d.u.i.k.p.NodeInfo        No instantiation for #107. Probably branch label not up to date in orLeft 
85924      WARN  main            d.u.i.k.p.NodeInfo        No instantiation for #106. Probably branch label not up to date in orLeft 
85924      WARN  main            d.u.i.k.p.NodeInfo        No instantiation for #79. Probably branch label not up to date in orLeft 
85924      WARN  main            d.u.i.k.p.NodeInfo        No instantiation for #79. Probably branch label not up to date in orLeft 
85924      WARN  main            d.u.i.k.p.NodeInfo        No instantiation for #79. Probably branch label not up to date in orLeft 
85924      WARN  main            d.u.i.k.p.NodeInfo        No instantiation for #79. Probably branch label not up to date in orLeft 
85924      WARN  main            d.u.i.k.p.NodeInfo        No instantiation for #79. Probably branch label not up to date in orLeft 
85924      WARN  main            d.u.i.k.p.NodeInfo        No instantiation for #104. Probably branch label not up to date in orLeft 
85924      WARN  main            d.u.i.k.p.NodeInfo        No instantiation for #104. Probably branch label not up to date in orLeft 
85924      WARN  main            d.u.i.k.p.NodeInfo        No instantiation for #104. Probably branch label not up to date in orLeft 
85924      WARN  main            d.u.i.k.p.NodeInfo        No instantiation for #104. Probably branch label not up to date in orLeft 
85924      WARN  main            d.u.i.k.p.NodeInfo        No instantiation for #105. Probably branch label not up to date in orLeft 
85924      WARN  main            d.u.i.k.p.NodeInfo        No instantiation for #105. Probably branch label not up to date in orLeft 
85924      WARN  main            d.u.i.k.p.NodeInfo        No instantiation for #105. Probably branch label not up to date in orLeft 
85924      WARN  main            d.u.i.k.p.NodeInfo        No instantiation for #105. Probably branch label not up to date in orLeft 
85924      WARN  main            d.u.i.k.p.NodeInfo        No instantiation for #106. Probably branch label not up to date in orLeft 
85924      WARN  main            d.u.i.k.p.NodeInfo        No instantiation for #106. Probably branch label not up to date in orLeft 
85924      WARN  main            d.u.i.k.p.NodeInfo        No instantiation for #106. Probably branch label not up to date in orLeft 
85924      WARN  main            d.u.i.k.p.NodeInfo        No instantiation for #107. Probably branch label not up to date in orLeft 
85924      WARN  main            d.u.i.k.p.NodeInfo        No instantiation for #107. Probably branch label not up to date in orLeft 
85924      WARN  main            d.u.i.k.p.NodeInfo        No instantiation for #107. Probably branch label not up to date in orLeft 
85924      WARN  main            d.u.i.k.p.NodeInfo        No instantiation for #106. Probably branch label not up to date in orLeft 
85924      WARN  main            d.u.i.k.p.NodeInfo        No instantiation for #107. Probably branch label not up to date in orLeft 
85924      WARN  main            d.u.i.k.p.NodeInfo        No instantiation for #106. Probably branch label not up to date in orLeft 
85924      WARN  main            d.u.i.k.p.NodeInfo        No instantiation for #104. Probably branch label not up to date in orLeft 
85924      WARN  main            d.u.i.k.p.NodeInfo        No instantiation for #104. Probably branch label not up to date in orLeft 
85924      WARN  main            d.u.i.k.p.NodeInfo        No instantiation for #104. Probably branch label not up to date in orLeft 
85924      WARN  main            d.u.i.k.p.NodeInfo        No instantiation for #104. Probably branch label not up to date in orLeft 
85924      WARN  main            d.u.i.k.p.NodeInfo        No instantiation for #105. Probably branch label not up to date in orLeft 
85924      WARN  main            d.u.i.k.p.NodeInfo        No instantiation for #105. Probably branch label not up to date in orLeft 
85924      WARN  main            d.u.i.k.p.NodeInfo        No instantiation for #105. Probably branch label not up to date in orLeft 
85924      WARN  main            d.u.i.k.p.NodeInfo        No instantiation for #105. Probably branch label not up to date in orLeft 
85924      WARN  main            d.u.i.k.p.NodeInfo        No instantiation for #106. Probably branch label not up to date in orLeft 
85924      WARN  main            d.u.i.k.p.NodeInfo        No instantiation for #106. Probably branch label not up to date in orLeft 
85924      WARN  main            d.u.i.k.p.NodeInfo        No instantiation for #106. Probably branch label not up to date in orLeft 
85924      WARN  main            d.u.i.k.p.NodeInfo        No instantiation for #107. Probably branch label not up to date in orLeft 
85924      WARN  main            d.u.i.k.p.NodeInfo        No instantiation for #107. Probably branch label not up to date in orLeft 
85924      WARN  main            d.u.i.k.p.NodeInfo        No instantiation for #107. Probably branch label not up to date in orLeft 
85924      WARN  main            d.u.i.k.p.NodeInfo        No instantiation for #106. Probably branch label not up to date in orLeft 
85924      WARN  main            d.u.i.k.p.NodeInfo        No instantiation for #107. Probably branch label not up to date in orLeft 
85924      WARN  main            d.u.i.k.p.NodeInfo        No instantiation for #106. Probably branch label not up to date in orLeft 
85924      WARN  main            d.u.i.k.p.NodeInfo        No instantiation for #79. Probably branch label not up to date in orLeft 
85924      WARN  main            d.u.i.k.p.NodeInfo        No instantiation for #79. Probably branch label not up to date in orLeft 
85924      WARN  main            d.u.i.k.p.NodeInfo        No instantiation for #79. Probably branch label not up to date in orLeft 
85924      WARN  main            d.u.i.k.p.NodeInfo        No instantiation for #79. Probably branch label not up to date in orLeft 
85924      WARN  main            d.u.i.k.p.NodeInfo        No instantiation for #79. Probably branch label not up to date in orLeft 
85924      WARN  main            d.u.i.k.p.NodeInfo        No instantiation for #104. Probably branch label not up to date in orLeft 
85924      WARN  main            d.u.i.k.p.NodeInfo        No instantiation for #104. Probably branch label not up to date in orLeft 
85924      WARN  main            d.u.i.k.p.NodeInfo        No instantiation for #104. Probably branch label not up to date in orLeft 
85924      WARN  main            d.u.i.k.p.NodeInfo        No instantiation for #104. Probably branch label not up to date in orLeft 
85924      WARN  main            d.u.i.k.p.NodeInfo        No instantiation for #105. Probably branch label not up to date in orLeft 
85924      WARN  main            d.u.i.k.p.NodeInfo        No instantiation for #105. Probably branch label not up to date in orLeft 
85924      WARN  main            d.u.i.k.p.NodeInfo        No instantiation for #105. Probably branch label not up to date in orLeft 
85924      WARN  main            d.u.i.k.p.NodeInfo        No instantiation for #105. Probably branch label not up to date in orLeft 
85924      WARN  main            d.u.i.k.p.NodeInfo        No instantiation for #106. Probably branch label not up to date in orLeft 
85924      WARN  main            d.u.i.k.p.NodeInfo        No instantiation for #106. Probably branch label not up to date in orLeft 
85924      WARN  main            d.u.i.k.p.NodeInfo        No instantiation for #106. Probably branch label not up to date in orLeft 
85924      WARN  main            d.u.i.k.p.NodeInfo        No instantiation for #107. Probably branch label not up to date in orLeft 
85924      WARN  main            d.u.i.k.p.NodeInfo        No instantiation for #107. Probably branch label not up to date in orLeft 
85924      WARN  main            d.u.i.k.p.NodeInfo        No instantiation for #107. Probably branch label not up to date in orLeft 
85924      WARN  main            d.u.i.k.p.NodeInfo        No instantiation for #106. Probably branch label not up to date in orLeft 
85924      WARN  main            d.u.i.k.p.NodeInfo        No instantiation for #107. Probably branch label not up to date in orLeft 
85924      WARN  main            d.u.i.k.p.NodeInfo        No instantiation for #106. Probably branch label not up to date in orLeft 
85924      WARN  main            d.u.i.k.p.NodeInfo        No instantiation for #104. Probably branch label not up to date in orLeft 
85924      WARN  main            d.u.i.k.p.NodeInfo        No instantiation for #104. Probably branch label not up to date in orLeft 
85924      WARN  main            d.u.i.k.p.NodeInfo        No instantiation for #104. Probably branch label not up to date in orLeft 
85924      WARN  main            d.u.i.k.p.NodeInfo        No instantiation for #104. Probably branch label not up to date in orLeft 
85924      WARN  main            d.u.i.k.p.NodeInfo        No instantiation for #105. Probably branch label not up to date in orLeft 
85924      WARN  main            d.u.i.k.p.NodeInfo        No instantiation for #105. Probably branch label not up to date in orLeft 
85924      WARN  main            d.u.i.k.p.NodeInfo        No instantiation for #105. Probably branch label not up to date in orLeft 
85924      WARN  main            d.u.i.k.p.NodeInfo        No instantiation for #105. Probably branch label not up to date in orLeft 
85924      WARN  main            d.u.i.k.p.NodeInfo        No instantiation for #106. Probably branch label not up to date in orLeft 
85924      WARN  main            d.u.i.k.p.NodeInfo        No instantiation for #106. Probably branch label not up to date in orLeft 
85924      WARN  main            d.u.i.k.p.NodeInfo        No instantiation for #106. Probably branch label not up to date in orLeft 
85924      WARN  main            d.u.i.k.p.NodeInfo        No instantiation for #107. Probably branch label not up to date in orLeft 
85924      WARN  main            d.u.i.k.p.NodeInfo        No instantiation for #107. Probably branch label not up to date in orLeft 
85924      WARN  main            d.u.i.k.p.NodeInfo        No instantiation for #107. Probably branch label not up to date in orLeft 
85924      WARN  main            d.u.i.k.p.NodeInfo        No instantiation for #106. Probably branch label not up to date in orLeft 
85924      WARN  main            d.u.i.k.p.NodeInfo        No instantiation for #107. Probably branch label not up to date in orLeft 
85924      WARN  main            d.u.i.k.p.NodeInfo        No instantiation for #106. Probably branch label not up to date in orLeft 
85924      WARN  main            d.u.i.k.p.NodeInfo        No instantiation for #104. Probably branch label not up to date in orLeft 
85924      WARN  main            d.u.i.k.p.NodeInfo        No instantiation for #104. Probably branch label not up to date in orLeft 
85924      WARN  main            d.u.i.k.p.NodeInfo        No instantiation for #104. Probably branch label not up to date in orLeft 
85924      WARN  main            d.u.i.k.p.NodeInfo        No instantiation for #104. Probably branch label not up to date in orLeft 
85924      WARN  main            d.u.i.k.p.NodeInfo        No instantiation for #105. Probably branch label not up to date in orLeft 
85924      WARN  main            d.u.i.k.p.NodeInfo        No instantiation for #105. Probably branch label not up to date in orLeft 
85924      WARN  main            d.u.i.k.p.NodeInfo        No instantiation for #105. Probably branch label not up to date in orLeft 
85924      WARN  main            d.u.i.k.p.NodeInfo        No instantiation for #105. Probably branch label not up to date in orLeft 
85924      WARN  main            d.u.i.k.p.NodeInfo        No instantiation for #106. Probably branch label not up to date in orLeft 
85924      WARN  main            d.u.i.k.p.NodeInfo        No instantiation for #106. Probably branch label not up to date in orLeft 
85924      WARN  main            d.u.i.k.p.NodeInfo        No instantiation for #106. Probably branch label not up to date in orLeft 
85924      WARN  main            d.u.i.k.p.NodeInfo        No instantiation for #107. Probably branch label not up to date in orLeft 
85924      WARN  main            d.u.i.k.p.NodeInfo        No instantiation for #107. Probably branch label not up to date in orLeft 
85924      WARN  main            d.u.i.k.p.NodeInfo        No instantiation for #107. Probably branch label not up to date in orLeft 
85924      WARN  main            d.u.i.k.p.NodeInfo        No instantiation for #106. Probably branch label not up to date in orLeft 
85924      WARN  main            d.u.i.k.p.NodeInfo        No instantiation for #107. Probably branch label not up to date in orLeft 
85924      WARN  main            d.u.i.k.p.NodeInfo        No instantiation for #106. Probably branch label not up to date in orLeft 
85963      WARN  main            d.u.i.k.p.NodeInfo        No instantiation for #104. Probably branch label not up to date in orLeft 
85963      WARN  main            d.u.i.k.p.NodeInfo        No instantiation for #104. Probably branch label not up to date in orLeft 
85963      WARN  main            d.u.i.k.p.NodeInfo        No instantiation for #104. Probably branch label not up to date in orLeft 
85963      WARN  main            d.u.i.k.p.NodeInfo        No instantiation for #104. Probably branch label not up to date in orLeft 
85963      WARN  main            d.u.i.k.p.NodeInfo        No instantiation for #105. Probably branch label not up to date in orLeft 
85963      WARN  main            d.u.i.k.p.NodeInfo        No instantiation for #105. Probably branch label not up to date in orLeft 
85963      WARN  main            d.u.i.k.p.NodeInfo        No instantiation for #105. Probably branch label not up to date in orLeft 
85963      WARN  main            d.u.i.k.p.NodeInfo        No instantiation for #105. Probably branch label not up to date in orLeft 
85963      WARN  main            d.u.i.k.p.NodeInfo        No instantiation for #106. Probably branch label not up to date in orLeft 
85963      WARN  main            d.u.i.k.p.NodeInfo        No instantiation for #106. Probably branch label not up to date in orLeft 
85963      WARN  main            d.u.i.k.p.NodeInfo        No instantiation for #106. Probably branch label not up to date in orLeft 
85963      WARN  main            d.u.i.k.p.NodeInfo        No instantiation for #107. Probably branch label not up to date in orLeft 
85963      WARN  main            d.u.i.k.p.NodeInfo        No instantiation for #107. Probably branch label not up to date in orLeft 
85963      WARN  main            d.u.i.k.p.NodeInfo        No instantiation for #107. Probably branch label not up to date in orLeft 
85963      WARN  main            d.u.i.k.p.NodeInfo        No instantiation for #106. Probably branch label not up to date in orLeft 
85963      WARN  main            d.u.i.k.p.NodeInfo        No instantiation for #107. Probably branch label not up to date in orLeft 
85963      WARN  main            d.u.i.k.p.NodeInfo        No instantiation for #106. Probably branch label not up to date in orLeft 
85963      WARN  main            d.u.i.k.p.NodeInfo        No instantiation for #104. Probably branch label not up to date in orLeft 
85963      WARN  main            d.u.i.k.p.NodeInfo        No instantiation for #104. Probably branch label not up to date in orLeft 
85963      WARN  main            d.u.i.k.p.NodeInfo        No instantiation for #104. Probably branch label not up to date in orLeft 
85963      WARN  main            d.u.i.k.p.NodeInfo        No instantiation for #104. Probably branch label not up to date in orLeft 
85963      WARN  main            d.u.i.k.p.NodeInfo        No instantiation for #105. Probably branch label not up to date in orLeft 
85963      WARN  main            d.u.i.k.p.NodeInfo        No instantiation for #105. Probably branch label not up to date in orLeft 
85963      WARN  main            d.u.i.k.p.NodeInfo        No instantiation for #105. Probably branch label not up to date in orLeft 
85963      WARN  main            d.u.i.k.p.NodeInfo        No instantiation for #105. Probably branch label not up to date in orLeft 
85963      WARN  main            d.u.i.k.p.NodeInfo        No instantiation for #106. Probably branch label not up to date in orLeft 
85963      WARN  main            d.u.i.k.p.NodeInfo        No instantiation for #106. Probably branch label not up to date in orLeft 
85963      WARN  main            d.u.i.k.p.NodeInfo        No instantiation for #106. Probably branch label not up to date in orLeft 
85963      WARN  main            d.u.i.k.p.NodeInfo        No instantiation for #107. Probably branch label not up to date in orLeft 
85963      WARN  main            d.u.i.k.p.NodeInfo        No instantiation for #107. Probably branch label not up to date in orLeft 
85963      WARN  main            d.u.i.k.p.NodeInfo        No instantiation for #107. Probably branch label not up to date in orLeft 
85963      WARN  main            d.u.i.k.p.NodeInfo        No instantiation for #106. Probably branch label not up to date in orLeft 
85963      WARN  main            d.u.i.k.p.NodeInfo        No instantiation for #107. Probably branch label not up to date in orLeft 
85963      WARN  main            d.u.i.k.p.NodeInfo        No instantiation for #106. Probably branch label not up to date in orLeft 
85981      WARN  main            d.u.i.k.p.NodeInfo        No instantiation for #104. Probably branch label not up to date in orLeft 
85982      WARN  main            d.u.i.k.p.NodeInfo        No instantiation for #104. Probably branch label not up to date in orLeft 
85982      WARN  main            d.u.i.k.p.NodeInfo        No instantiation for #104. Probably branch label not up to date in orLeft 
85982      WARN  main            d.u.i.k.p.NodeInfo        No instantiation for #104. Probably branch label not up to date in orLeft 
85982      WARN  main            d.u.i.k.p.NodeInfo        No instantiation for #105. Probably branch label not up to date in orLeft 
85982      WARN  main            d.u.i.k.p.NodeInfo        No instantiation for #105. Probably branch label not up to date in orLeft 
85982      WARN  main            d.u.i.k.p.NodeInfo        No instantiation for #105. Probably branch label not up to date in orLeft 
85982      WARN  main            d.u.i.k.p.NodeInfo        No instantiation for #105. Probably branch label not up to date in orLeft 
85982      WARN  main            d.u.i.k.p.NodeInfo        No instantiation for #106. Probably branch label not up to date in orLeft 
85982      WARN  main            d.u.i.k.p.NodeInfo        No instantiation for #106. Probably branch label not up to date in orLeft 
85982      WARN  main            d.u.i.k.p.NodeInfo        No instantiation for #106. Probably branch label not up to date in orLeft 
85982      WARN  main            d.u.i.k.p.NodeInfo        No instantiation for #107. Probably branch label not up to date in orLeft 
85982      WARN  main            d.u.i.k.p.NodeInfo        No instantiation for #107. Probably branch label not up to date in orLeft 
85982      WARN  main            d.u.i.k.p.NodeInfo        No instantiation for #107. Probably branch label not up to date in orLeft 
85982      WARN  main            d.u.i.k.p.NodeInfo        No instantiation for #106. Probably branch label not up to date in orLeft 
85982      WARN  main            d.u.i.k.p.NodeInfo        No instantiation for #107. Probably branch label not up to date in orLeft 
85982      WARN  main            d.u.i.k.p.NodeInfo        No instantiation for #106. Probably branch label not up to date in orLeft 
85982      WARN  main            d.u.i.k.p.NodeInfo        No instantiation for #79. Probably branch label not up to date in orLeft 
85982      WARN  main            d.u.i.k.p.NodeInfo        No instantiation for #79. Probably branch label not up to date in orLeft 
85982      WARN  main            d.u.i.k.p.NodeInfo        No instantiation for #79. Probably branch label not up to date in orLeft 
85982      WARN  main            d.u.i.k.p.NodeInfo        No instantiation for #79. Probably branch label not up to date in orLeft 
85982      WARN  main            d.u.i.k.p.NodeInfo        No instantiation for #79. Probably branch label not up to date in orLeft 
85982      WARN  main            d.u.i.k.p.NodeInfo        No instantiation for #104. Probably branch label not up to date in orLeft 
85982      WARN  main            d.u.i.k.p.NodeInfo        No instantiation for #104. Probably branch label not up to date in orLeft 
85982      WARN  main            d.u.i.k.p.NodeInfo        No instantiation for #104. Probably branch label not up to date in orLeft 
85982      WARN  main            d.u.i.k.p.NodeInfo        No instantiation for #104. Probably branch label not up to date in orLeft 
85982      WARN  main            d.u.i.k.p.NodeInfo        No instantiation for #105. Probably branch label not up to date in orLeft 
85982      WARN  main            d.u.i.k.p.NodeInfo        No instantiation for #105. Probably branch label not up to date in orLeft 
85982      WARN  main            d.u.i.k.p.NodeInfo        No instantiation for #105. Probably branch label not up to date in orLeft 
85982      WARN  main            d.u.i.k.p.NodeInfo        No instantiation for #105. Probably branch label not up to date in orLeft 
85982      WARN  main            d.u.i.k.p.NodeInfo        No instantiation for #106. Probably branch label not up to date in orLeft 
85982      WARN  main            d.u.i.k.p.NodeInfo        No instantiation for #106. Probably branch label not up to date in orLeft 
85982      WARN  main            d.u.i.k.p.NodeInfo        No instantiation for #106. Probably branch label not up to date in orLeft 
85982      WARN  main            d.u.i.k.p.NodeInfo        No instantiation for #107. Probably branch label not up to date in orLeft 
85982      WARN  main            d.u.i.k.p.NodeInfo        No instantiation for #107. Probably branch label not up to date in orLeft 
85982      WARN  main            d.u.i.k.p.NodeInfo        No instantiation for #107. Probably branch label not up to date in orLeft 
85982      WARN  main            d.u.i.k.p.NodeInfo        No instantiation for #106. Probably branch label not up to date in orLeft 
85982      WARN  main            d.u.i.k.p.NodeInfo        No instantiation for #107. Probably branch label not up to date in orLeft 
85982      WARN  main            d.u.i.k.p.NodeInfo        No instantiation for #106. Probably branch label not up to date in orLeft 
85982      WARN  main            d.u.i.k.p.NodeInfo        No instantiation for #79. Probably branch label not up to date in orLeft 
85982      WARN  main            d.u.i.k.p.NodeInfo        No instantiation for #79. Probably branch label not up to date in orLeft 
85982      WARN  main            d.u.i.k.p.NodeInfo        No instantiation for #79. Probably branch label not up to date in orLeft 
85982      WARN  main            d.u.i.k.p.NodeInfo        No instantiation for #79. Probably branch label not up to date in orLeft 
85982      WARN  main            d.u.i.k.p.NodeInfo        No instantiation for #79. Probably branch label not up to date in orLeft 
85982      WARN  main            d.u.i.k.p.NodeInfo        No instantiation for #104. Probably branch label not up to date in orLeft 
85982      WARN  main            d.u.i.k.p.NodeInfo        No instantiation for #104. Probably branch label not up to date in orLeft 
85982      WARN  main            d.u.i.k.p.NodeInfo        No instantiation for #104. Probably branch label not up to date in orLeft 
85982      WARN  main            d.u.i.k.p.NodeInfo        No instantiation for #104. Probably branch label not up to date in orLeft 
85982      WARN  main            d.u.i.k.p.NodeInfo        No instantiation for #105. Probably branch label not up to date in orLeft 
85982      WARN  main            d.u.i.k.p.NodeInfo        No instantiation for #105. Probably branch label not up to date in orLeft 
85982      WARN  main            d.u.i.k.p.NodeInfo        No instantiation for #105. Probably branch label not up to date in orLeft 
85982      WARN  main            d.u.i.k.p.NodeInfo        No instantiation for #105. Probably branch label not up to date in orLeft 
85982      WARN  main            d.u.i.k.p.NodeInfo        No instantiation for #106. Probably branch label not up to date in orLeft 
85982      WARN  main            d.u.i.k.p.NodeInfo        No instantiation for #106. Probably branch label not up to date in orLeft 
85982      WARN  main            d.u.i.k.p.NodeInfo        No instantiation for #106. Probably branch label not up to date in orLeft 
85982      WARN  main            d.u.i.k.p.NodeInfo        No instantiation for #107. Probably branch label not up to date in orLeft 
85982      WARN  main            d.u.i.k.p.NodeInfo        No instantiation for #107. Probably branch label not up to date in orLeft 
85982      WARN  main            d.u.i.k.p.NodeInfo        No instantiation for #107. Probably branch label not up to date in orLeft 
85982      WARN  main            d.u.i.k.p.NodeInfo        No instantiation for #106. Probably branch label not up to date in orLeft 
85982      WARN  main            d.u.i.k.p.NodeInfo        No instantiation for #107. Probably branch label not up to date in orLeft 
85982      WARN  main            d.u.i.k.p.NodeInfo        No instantiation for #106. Probably branch label not up to date in orLeft 
85982      WARN  main            d.u.i.k.p.NodeInfo        No instantiation for #79. Probably branch label not up to date in orLeft 
85982      WARN  main            d.u.i.k.p.NodeInfo        No instantiation for #79. Probably branch label not up to date in orLeft 
85982      WARN  main            d.u.i.k.p.NodeInfo        No instantiation for #79. Probably branch label not up to date in orLeft 
85982      WARN  main            d.u.i.k.p.NodeInfo        No instantiation for #79. Probably branch label not up to date in orLeft 
85982      WARN  main            d.u.i.k.p.NodeInfo        No instantiation for #79. Probably branch label not up to date in orLeft 
85982      WARN  main            d.u.i.k.p.NodeInfo        No instantiation for #104. Probably branch label not up to date in orLeft 
85982      WARN  main            d.u.i.k.p.NodeInfo        No instantiation for #104. Probably branch label not up to date in orLeft 
85982      WARN  main            d.u.i.k.p.NodeInfo        No instantiation for #104. Probably branch label not up to date in orLeft 
85982      WARN  main            d.u.i.k.p.NodeInfo        No instantiation for #104. Probably branch label not up to date in orLeft 
85982      WARN  main            d.u.i.k.p.NodeInfo        No instantiation for #105. Probably branch label not up to date in orLeft 
85982      WARN  main            d.u.i.k.p.NodeInfo        No instantiation for #105. Probably branch label not up to date in orLeft 
85982      WARN  main            d.u.i.k.p.NodeInfo        No instantiation for #105. Probably branch label not up to date in orLeft 
85982      WARN  main            d.u.i.k.p.NodeInfo        No instantiation for #105. Probably branch label not up to date in orLeft 
85982      WARN  main            d.u.i.k.p.NodeInfo        No instantiation for #106. Probably branch label not up to date in orLeft 
85982      WARN  main            d.u.i.k.p.NodeInfo        No instantiation for #106. Probably branch label not up to date in orLeft 
85982      WARN  main            d.u.i.k.p.NodeInfo        No instantiation for #106. Probably branch label not up to date in orLeft 
85982      WARN  main            d.u.i.k.p.NodeInfo        No instantiation for #107. Probably branch label not up to date in orLeft 
85982      WARN  main            d.u.i.k.p.NodeInfo        No instantiation for #107. Probably branch label not up to date in orLeft 
85982      WARN  main            d.u.i.k.p.NodeInfo        No instantiation for #107. Probably branch label not up to date in orLeft 
85982      WARN  main            d.u.i.k.p.NodeInfo        No instantiation for #106. Probably branch label not up to date in orLeft 
85982      WARN  main            d.u.i.k.p.NodeInfo        No instantiation for #107. Probably branch label not up to date in orLeft 
85982      WARN  main            d.u.i.k.p.NodeInfo        No instantiation for #106. Probably branch label not up to date in orLeft 
85982      WARN  main            d.u.i.k.p.NodeInfo        No instantiation for #79. Probably branch label not up to date in orLeft 
85982      WARN  main            d.u.i.k.p.NodeInfo        No instantiation for #79. Probably branch label not up to date in orLeft 
85982      WARN  main            d.u.i.k.p.NodeInfo        No instantiation for #79. Probably branch label not up to date in orLeft 
85982      WARN  main            d.u.i.k.p.NodeInfo        No instantiation for #79. Probably branch label not up to date in orLeft 
85982      WARN  main            d.u.i.k.p.NodeInfo        No instantiation for #79. Probably branch label not up to date in orLeft 
85982      WARN  main            d.u.i.k.p.NodeInfo        No instantiation for #104. Probably branch label not up to date in orLeft 
85982      WARN  main            d.u.i.k.p.NodeInfo        No instantiation for #104. Probably branch label not up to date in orLeft 
85982      WARN  main            d.u.i.k.p.NodeInfo        No instantiation for #104. Probably branch label not up to date in orLeft 
85982      WARN  main            d.u.i.k.p.NodeInfo        No instantiation for #104. Probably branch label not up to date in orLeft 
85982      WARN  main            d.u.i.k.p.NodeInfo        No instantiation for #105. Probably branch label not up to date in orLeft 
85982      WARN  main            d.u.i.k.p.NodeInfo        No instantiation for #105. Probably branch label not up to date in orLeft 
85982      WARN  main            d.u.i.k.p.NodeInfo        No instantiation for #105. Probably branch label not up to date in orLeft 
85982      WARN  main            d.u.i.k.p.NodeInfo        No instantiation for #105. Probably branch label not up to date in orLeft 
85982      WARN  main            d.u.i.k.p.NodeInfo        No instantiation for #106. Probably branch label not up to date in orLeft 
85982      WARN  main            d.u.i.k.p.NodeInfo        No instantiation for #106. Probably branch label not up to date in orLeft 
85983      WARN  main            d.u.i.k.p.NodeInfo        No instantiation for #106. Probably branch label not up to date in orLeft 
85983      WARN  main            d.u.i.k.p.NodeInfo        No instantiation for #107. Probably branch label not up to date in orLeft 
85983      WARN  main            d.u.i.k.p.NodeInfo        No instantiation for #107. Probably branch label not up to date in orLeft 
85983      WARN  main            d.u.i.k.p.NodeInfo        No instantiation for #107. Probably branch label not up to date in orLeft 
85983      WARN  main            d.u.i.k.p.NodeInfo        No instantiation for #106. Probably branch label not up to date in orLeft 
85983      WARN  main            d.u.i.k.p.NodeInfo        No instantiation for #107. Probably branch label not up to date in orLeft 
85983      WARN  main            d.u.i.k.p.NodeInfo        No instantiation for #106. Probably branch label not up to date in orLeft 
85983      WARN  main            d.u.i.k.p.NodeInfo        No instantiation for #79. Probably branch label not up to date in orLeft 
85983      WARN  main            d.u.i.k.p.NodeInfo        No instantiation for #79. Probably branch label not up to date in orLeft 
85983      WARN  main            d.u.i.k.p.NodeInfo        No instantiation for #79. Probably branch label not up to date in orLeft 
85983      WARN  main            d.u.i.k.p.NodeInfo        No instantiation for #79. Probably branch label not up to date in orLeft 
85983      WARN  main            d.u.i.k.p.NodeInfo        No instantiation for #79. Probably branch label not up to date in orLeft 
85983      WARN  main            d.u.i.k.p.NodeInfo        No instantiation for #104. Probably branch label not up to date in orLeft 
85983      WARN  main            d.u.i.k.p.NodeInfo        No instantiation for #104. Probably branch label not up to date in orLeft 
85983      WARN  main            d.u.i.k.p.NodeInfo        No instantiation for #104. Probably branch label not up to date in orLeft 
85983      WARN  main            d.u.i.k.p.NodeInfo        No instantiation for #104. Probably branch label not up to date in orLeft 
85983      WARN  main            d.u.i.k.p.NodeInfo        No instantiation for #105. Probably branch label not up to date in orLeft 
85983      WARN  main            d.u.i.k.p.NodeInfo        No instantiation for #105. Probably branch label not up to date in orLeft 
85983      WARN  main            d.u.i.k.p.NodeInfo        No instantiation for #105. Probably branch label not up to date in orLeft 
85983      WARN  main            d.u.i.k.p.NodeInfo        No instantiation for #105. Probably branch label not up to date in orLeft 
85983      WARN  main            d.u.i.k.p.NodeInfo        No instantiation for #106. Probably branch label not up to date in orLeft 
85983      WARN  main            d.u.i.k.p.NodeInfo        No instantiation for #106. Probably branch label not up to date in orLeft 
85983      WARN  main            d.u.i.k.p.NodeInfo        No instantiation for #106. Probably branch label not up to date in orLeft 
85983      WARN  main            d.u.i.k.p.NodeInfo        No instantiation for #107. Probably branch label not up to date in orLeft 
85983      WARN  main            d.u.i.k.p.NodeInfo        No instantiation for #107. Probably branch label not up to date in orLeft 
85983      WARN  main            d.u.i.k.p.NodeInfo        No instantiation for #107. Probably branch label not up to date in orLeft 
85983      WARN  main            d.u.i.k.p.NodeInfo        No instantiation for #106. Probably branch label not up to date in orLeft 
85983      WARN  main            d.u.i.k.p.NodeInfo        No instantiation for #107. Probably branch label not up to date in orLeft 
85983      WARN  main            d.u.i.k.p.NodeInfo        No instantiation for #106. Probably branch label not up to date in orLeft 
85983      WARN  main            d.u.i.k.p.NodeInfo        No instantiation for #104. Probably branch label not up to date in orLeft 
85983      WARN  main            d.u.i.k.p.NodeInfo        No instantiation for #104. Probably branch label not up to date in orLeft 
85983      WARN  main            d.u.i.k.p.NodeInfo        No instantiation for #104. Probably branch label not up to date in orLeft 
85983      WARN  main            d.u.i.k.p.NodeInfo        No instantiation for #104. Probably branch label not up to date in orLeft 
85983      WARN  main            d.u.i.k.p.NodeInfo        No instantiation for #105. Probably branch label not up to date in orLeft 
85983      WARN  main            d.u.i.k.p.NodeInfo        No instantiation for #105. Probably branch label not up to date in orLeft 
85983      WARN  main            d.u.i.k.p.NodeInfo        No instantiation for #105. Probably branch label not up to date in orLeft 
85983      WARN  main            d.u.i.k.p.NodeInfo        No instantiation for #105. Probably branch label not up to date in orLeft 
85983      WARN  main            d.u.i.k.p.NodeInfo        No instantiation for #106. Probably branch label not up to date in orLeft 
85983      WARN  main            d.u.i.k.p.NodeInfo        No instantiation for #106. Probably branch label not up to date in orLeft 
85983      WARN  main            d.u.i.k.p.NodeInfo        No instantiation for #106. Probably branch label not up to date in orLeft 
85983      WARN  main            d.u.i.k.p.NodeInfo        No instantiation for #107. Probably branch label not up to date in orLeft 
85983      WARN  main            d.u.i.k.p.NodeInfo        No instantiation for #107. Probably branch label not up to date in orLeft 
85983      WARN  main            d.u.i.k.p.NodeInfo        No instantiation for #107. Probably branch label not up to date in orLeft 
85983      WARN  main            d.u.i.k.p.NodeInfo        No instantiation for #106. Probably branch label not up to date in orLeft 
85983      WARN  main            d.u.i.k.p.NodeInfo        No instantiation for #107. Probably branch label not up to date in orLeft 
85983      WARN  main            d.u.i.k.p.NodeInfo        No instantiation for #106. Probably branch label not up to date in orLeft 
85983      WARN  main            d.u.i.k.p.NodeInfo        No instantiation for #79. Probably branch label not up to date in orLeft 
85983      WARN  main            d.u.i.k.p.NodeInfo        No instantiation for #79. Probably branch label not up to date in orLeft 
85983      WARN  main            d.u.i.k.p.NodeInfo        No instantiation for #79. Probably branch label not up to date in orLeft 
85983      WARN  main            d.u.i.k.p.NodeInfo        No instantiation for #79. Probably branch label not up to date in orLeft 
85983      WARN  main            d.u.i.k.p.NodeInfo        No instantiation for #79. Probably branch label not up to date in orLeft 
85983      WARN  main            d.u.i.k.p.NodeInfo        No instantiation for #104. Probably branch label not up to date in orLeft 
85983      WARN  main            d.u.i.k.p.NodeInfo        No instantiation for #104. Probably branch label not up to date in orLeft 
85983      WARN  main            d.u.i.k.p.NodeInfo        No instantiation for #104. Probably branch label not up to date in orLeft 
85983      WARN  main            d.u.i.k.p.NodeInfo        No instantiation for #104. Probably branch label not up to date in orLeft 
85983      WARN  main            d.u.i.k.p.NodeInfo        No instantiation for #105. Probably branch label not up to date in orLeft 
85983      WARN  main            d.u.i.k.p.NodeInfo        No instantiation for #105. Probably branch label not up to date in orLeft 
85983      WARN  main            d.u.i.k.p.NodeInfo        No instantiation for #105. Probably branch label not up to date in orLeft 
85983      WARN  main            d.u.i.k.p.NodeInfo        No instantiation for #105. Probably branch label not up to date in orLeft 
85983      WARN  main            d.u.i.k.p.NodeInfo        No instantiation for #106. Probably branch label not up to date in orLeft 
85983      WARN  main            d.u.i.k.p.NodeInfo        No instantiation for #106. Probably branch label not up to date in orLeft 
85983      WARN  main            d.u.i.k.p.NodeInfo        No instantiation for #106. Probably branch label not up to date in orLeft 
85983      WARN  main            d.u.i.k.p.NodeInfo        No instantiation for #107. Probably branch label not up to date in orLeft 
85983      WARN  main            d.u.i.k.p.NodeInfo        No instantiation for #107. Probably branch label not up to date in orLeft 
85983      WARN  main            d.u.i.k.p.NodeInfo        No instantiation for #107. Probably branch label not up to date in orLeft 
85983      WARN  main            d.u.i.k.p.NodeInfo        No instantiation for #106. Probably branch label not up to date in orLeft 
85983      WARN  main            d.u.i.k.p.NodeInfo        No instantiation for #107. Probably branch label not up to date in orLeft 
85983      WARN  main            d.u.i.k.p.NodeInfo        No instantiation for #106. Probably branch label not up to date in orLeft 
85983      WARN  main            d.u.i.k.p.NodeInfo        No instantiation for #104. Probably branch label not up to date in orLeft 
85983      WARN  main            d.u.i.k.p.NodeInfo        No instantiation for #104. Probably branch label not up to date in orLeft 
85983      WARN  main            d.u.i.k.p.NodeInfo        No instantiation for #104. Probably branch label not up to date in orLeft 
85983      WARN  main            d.u.i.k.p.NodeInfo        No instantiation for #104. Probably branch label not up to date in orLeft 
85983      WARN  main            d.u.i.k.p.NodeInfo        No instantiation for #105. Probably branch label not up to date in orLeft 
85983      WARN  main            d.u.i.k.p.NodeInfo        No instantiation for #105. Probably branch label not up to date in orLeft 
85983      WARN  main            d.u.i.k.p.NodeInfo        No instantiation for #105. Probably branch label not up to date in orLeft 
85983      WARN  main            d.u.i.k.p.NodeInfo        No instantiation for #105. Probably branch label not up to date in orLeft 
85983      WARN  main            d.u.i.k.p.NodeInfo        No instantiation for #106. Probably branch label not up to date in orLeft 
85983      WARN  main            d.u.i.k.p.NodeInfo        No instantiation for #106. Probably branch label not up to date in orLeft 
85983      WARN  main            d.u.i.k.p.NodeInfo        No instantiation for #106. Probably branch label not up to date in orLeft 
85983      WARN  main            d.u.i.k.p.NodeInfo        No instantiation for #107. Probably branch label not up to date in orLeft 
85983      WARN  main            d.u.i.k.p.NodeInfo        No instantiation for #107. Probably branch label not up to date in orLeft 
85983      WARN  main            d.u.i.k.p.NodeInfo        No instantiation for #107. Probably branch label not up to date in orLeft 
85983      WARN  main            d.u.i.k.p.NodeInfo        No instantiation for #106. Probably branch label not up to date in orLeft 
85983      WARN  main            d.u.i.k.p.NodeInfo        No instantiation for #107. Probably branch label not up to date in orLeft 
85983      WARN  main            d.u.i.k.p.NodeInfo        No instantiation for #106. Probably branch label not up to date in orLeft 
85983      WARN  main            d.u.i.k.p.NodeInfo        No instantiation for #79. Probably branch label not up to date in orLeft 
85983      WARN  main            d.u.i.k.p.NodeInfo        No instantiation for #79. Probably branch label not up to date in orLeft 
85983      WARN  main            d.u.i.k.p.NodeInfo        No instantiation for #79. Probably branch label not up to date in orLeft 
85983      WARN  main            d.u.i.k.p.NodeInfo        No instantiation for #79. Probably branch label not up to date in orLeft 
85983      WARN  main            d.u.i.k.p.NodeInfo        No instantiation for #79. Probably branch label not up to date in orLeft 
85983      WARN  main            d.u.i.k.p.NodeInfo        No instantiation for #104. Probably branch label not up to date in orLeft 
85983      WARN  main            d.u.i.k.p.NodeInfo        No instantiation for #104. Probably branch label not up to date in orLeft 
85983      WARN  main            d.u.i.k.p.NodeInfo        No instantiation for #104. Probably branch label not up to date in orLeft 
85983      WARN  main            d.u.i.k.p.NodeInfo        No instantiation for #104. Probably branch label not up to date in orLeft 
85983      WARN  main            d.u.i.k.p.NodeInfo        No instantiation for #105. Probably branch label not up to date in orLeft 
85983      WARN  main            d.u.i.k.p.NodeInfo        No instantiation for #105. Probably branch label not up to date in orLeft 
85983      WARN  main            d.u.i.k.p.NodeInfo        No instantiation for #105. Probably branch label not up to date in orLeft 
85983      WARN  main            d.u.i.k.p.NodeInfo        No instantiation for #105. Probably branch label not up to date in orLeft 
85983      WARN  main            d.u.i.k.p.NodeInfo        No instantiation for #106. Probably branch label not up to date in orLeft 
85983      WARN  main            d.u.i.k.p.NodeInfo        No instantiation for #106. Probably branch label not up to date in orLeft 
85983      WARN  main            d.u.i.k.p.NodeInfo        No instantiation for #106. Probably branch label not up to date in orLeft 
85983      WARN  main            d.u.i.k.p.NodeInfo        No instantiation for #107. Probably branch label not up to date in orLeft 
85983      WARN  main            d.u.i.k.p.NodeInfo        No instantiation for #107. Probably branch label not up to date in orLeft 
85983      WARN  main            d.u.i.k.p.NodeInfo        No instantiation for #107. Probably branch label not up to date in orLeft 
85983      WARN  main            d.u.i.k.p.NodeInfo        No instantiation for #106. Probably branch label not up to date in orLeft 
85983      WARN  main            d.u.i.k.p.NodeInfo        No instantiation for #107. Probably branch label not up to date in orLeft 
85983      WARN  main            d.u.i.k.p.NodeInfo        No instantiation for #106. Probably branch label not up to date in orLeft 
85983      WARN  main            d.u.i.k.p.NodeInfo        No instantiation for #79. Probably branch label not up to date in orLeft 
85983      WARN  main            d.u.i.k.p.NodeInfo        No instantiation for #79. Probably branch label not up to date in orLeft 
85983      WARN  main            d.u.i.k.p.NodeInfo        No instantiation for #79. Probably branch label not up to date in orLeft 
85983      WARN  main            d.u.i.k.p.NodeInfo        No instantiation for #79. Probably branch label not up to date in orLeft 
85983      WARN  main            d.u.i.k.p.NodeInfo        No instantiation for #79. Probably branch label not up to date in orLeft 
85983      WARN  main            d.u.i.k.p.NodeInfo        No instantiation for #104. Probably branch label not up to date in orLeft 
85983      WARN  main            d.u.i.k.p.NodeInfo        No instantiation for #104. Probably branch label not up to date in orLeft 
85983      WARN  main            d.u.i.k.p.NodeInfo        No instantiation for #104. Probably branch label not up to date in orLeft 
85983      WARN  main            d.u.i.k.p.NodeInfo        No instantiation for #104. Probably branch label not up to date in orLeft 
85983      WARN  main            d.u.i.k.p.NodeInfo        No instantiation for #105. Probably branch label not up to date in orLeft 
85983      WARN  main            d.u.i.k.p.NodeInfo        No instantiation for #105. Probably branch label not up to date in orLeft 
85984      WARN  main            d.u.i.k.p.NodeInfo        No instantiation for #105. Probably branch label not up to date in orLeft 
85984      WARN  main            d.u.i.k.p.NodeInfo        No instantiation for #105. Probably branch label not up to date in orLeft 
85984      WARN  main            d.u.i.k.p.NodeInfo        No instantiation for #106. Probably branch label not up to date in orLeft 
85984      WARN  main            d.u.i.k.p.NodeInfo        No instantiation for #106. Probably branch label not up to date in orLeft 
85984      WARN  main            d.u.i.k.p.NodeInfo        No instantiation for #106. Probably branch label not up to date in orLeft 
85984      WARN  main            d.u.i.k.p.NodeInfo        No instantiation for #107. Probably branch label not up to date in orLeft 
85984      WARN  main            d.u.i.k.p.NodeInfo        No instantiation for #107. Probably branch label not up to date in orLeft 
85984      WARN  main            d.u.i.k.p.NodeInfo        No instantiation for #107. Probably branch label not up to date in orLeft 
85984      WARN  main            d.u.i.k.p.NodeInfo        No instantiation for #106. Probably branch label not up to date in orLeft 
85984      WARN  main            d.u.i.k.p.NodeInfo        No instantiation for #107. Probably branch label not up to date in orLeft 
85984      WARN  main            d.u.i.k.p.NodeInfo        No instantiation for #106. Probably branch label not up to date in orLeft 
85984      WARN  main            d.u.i.k.p.NodeInfo        No instantiation for #79. Probably branch label not up to date in orLeft 
85984      WARN  main            d.u.i.k.p.NodeInfo        No instantiation for #79. Probably branch label not up to date in orLeft 
85984      WARN  main            d.u.i.k.p.NodeInfo        No instantiation for #79. Probably branch label not up to date in orLeft 
85984      WARN  main            d.u.i.k.p.NodeInfo        No instantiation for #79. Probably branch label not up to date in orLeft 
85984      WARN  main            d.u.i.k.p.NodeInfo        No instantiation for #79. Probably branch label not up to date in orLeft 
85984      WARN  main            d.u.i.k.p.NodeInfo        No instantiation for #104. Probably branch label not up to date in orLeft 
85984      WARN  main            d.u.i.k.p.NodeInfo        No instantiation for #104. Probably branch label not up to date in orLeft 
85984      WARN  main            d.u.i.k.p.NodeInfo        No instantiation for #104. Probably branch label not up to date in orLeft 
85984      WARN  main            d.u.i.k.p.NodeInfo        No instantiation for #104. Probably branch label not up to date in orLeft 
85984      WARN  main            d.u.i.k.p.NodeInfo        No instantiation for #105. Probably branch label not up to date in orLeft 
85984      WARN  main            d.u.i.k.p.NodeInfo        No instantiation for #105. Probably branch label not up to date in orLeft 
85984      WARN  main            d.u.i.k.p.NodeInfo        No instantiation for #105. Probably branch label not up to date in orLeft 
85984      WARN  main            d.u.i.k.p.NodeInfo        No instantiation for #105. Probably branch label not up to date in orLeft 
85984      WARN  main            d.u.i.k.p.NodeInfo        No instantiation for #106. Probably branch label not up to date in orLeft 
85984      WARN  main            d.u.i.k.p.NodeInfo        No instantiation for #106. Probably branch label not up to date in orLeft 
85984      WARN  main            d.u.i.k.p.NodeInfo        No instantiation for #106. Probably branch label not up to date in orLeft 
85984      WARN  main            d.u.i.k.p.NodeInfo        No instantiation for #107. Probably branch label not up to date in orLeft 
85984      WARN  main            d.u.i.k.p.NodeInfo        No instantiation for #107. Probably branch label not up to date in orLeft 
85984      WARN  main            d.u.i.k.p.NodeInfo        No instantiation for #107. Probably branch label not up to date in orLeft 
85984      WARN  main            d.u.i.k.p.NodeInfo        No instantiation for #106. Probably branch label not up to date in orLeft 
85984      WARN  main            d.u.i.k.p.NodeInfo        No instantiation for #107. Probably branch label not up to date in orLeft 
85984      WARN  main            d.u.i.k.p.NodeInfo        No instantiation for #106. Probably branch label not up to date in orLeft 
85984      WARN  main            d.u.i.k.p.NodeInfo        No instantiation for #104. Probably branch label not up to date in orLeft 
85984      WARN  main            d.u.i.k.p.NodeInfo        No instantiation for #104. Probably branch label not up to date in orLeft 
85984      WARN  main            d.u.i.k.p.NodeInfo        No instantiation for #104. Probably branch label not up to date in orLeft 
85984      WARN  main            d.u.i.k.p.NodeInfo        No instantiation for #104. Probably branch label not up to date in orLeft 
85984      WARN  main            d.u.i.k.p.NodeInfo        No instantiation for #105. Probably branch label not up to date in orLeft 
85984      WARN  main            d.u.i.k.p.NodeInfo        No instantiation for #105. Probably branch label not up to date in orLeft 
85984      WARN  main            d.u.i.k.p.NodeInfo        No instantiation for #105. Probably branch label not up to date in orLeft 
85984      WARN  main            d.u.i.k.p.NodeInfo        No instantiation for #105. Probably branch label not up to date in orLeft 
85984      WARN  main            d.u.i.k.p.NodeInfo        No instantiation for #106. Probably branch label not up to date in orLeft 
85984      WARN  main            d.u.i.k.p.NodeInfo        No instantiation for #106. Probably branch label not up to date in orLeft 
85984      WARN  main            d.u.i.k.p.NodeInfo        No instantiation for #106. Probably branch label not up to date in orLeft 
85984      WARN  main            d.u.i.k.p.NodeInfo        No instantiation for #107. Probably branch label not up to date in orLeft 
85984      WARN  main            d.u.i.k.p.NodeInfo        No instantiation for #107. Probably branch label not up to date in orLeft 
85984      WARN  main            d.u.i.k.p.NodeInfo        No instantiation for #107. Probably branch label not up to date in orLeft 
85984      WARN  main            d.u.i.k.p.NodeInfo        No instantiation for #106. Probably branch label not up to date in orLeft 
85984      WARN  main            d.u.i.k.p.NodeInfo        No instantiation for #107. Probably branch label not up to date in orLeft 
85984      WARN  main            d.u.i.k.p.NodeInfo        No instantiation for #106. Probably branch label not up to date in orLeft 
85984      WARN  main            d.u.i.k.p.NodeInfo        No instantiation for #79. Probably branch label not up to date in orLeft 
85984      WARN  main            d.u.i.k.p.NodeInfo        No instantiation for #79. Probably branch label not up to date in orLeft 
85984      WARN  main            d.u.i.k.p.NodeInfo        No instantiation for #79. Probably branch label not up to date in orLeft 
85984      WARN  main            d.u.i.k.p.NodeInfo        No instantiation for #79. Probably branch label not up to date in orLeft 
85984      WARN  main            d.u.i.k.p.NodeInfo        No instantiation for #79. Probably branch label not up to date in orLeft 
85984      WARN  main            d.u.i.k.p.NodeInfo        No instantiation for #104. Probably branch label not up to date in orLeft 
85984      WARN  main            d.u.i.k.p.NodeInfo        No instantiation for #104. Probably branch label not up to date in orLeft 
85984      WARN  main            d.u.i.k.p.NodeInfo        No instantiation for #104. Probably branch label not up to date in orLeft 
85984      WARN  main            d.u.i.k.p.NodeInfo        No instantiation for #104. Probably branch label not up to date in orLeft 
85984      WARN  main            d.u.i.k.p.NodeInfo        No instantiation for #105. Probably branch label not up to date in orLeft 
85984      WARN  main            d.u.i.k.p.NodeInfo        No instantiation for #105. Probably branch label not up to date in orLeft 
85984      WARN  main            d.u.i.k.p.NodeInfo        No instantiation for #105. Probably branch label not up to date in orLeft 
85984      WARN  main            d.u.i.k.p.NodeInfo        No instantiation for #105. Probably branch label not up to date in orLeft 
85984      WARN  main            d.u.i.k.p.NodeInfo        No instantiation for #106. Probably branch label not up to date in orLeft 
85984      WARN  main            d.u.i.k.p.NodeInfo        No instantiation for #106. Probably branch label not up to date in orLeft 
85984      WARN  main            d.u.i.k.p.NodeInfo        No instantiation for #106. Probably branch label not up to date in orLeft 
85984      WARN  main            d.u.i.k.p.NodeInfo        No instantiation for #107. Probably branch label not up to date in orLeft 
85984      WARN  main            d.u.i.k.p.NodeInfo        No instantiation for #107. Probably branch label not up to date in orLeft 
85984      WARN  main            d.u.i.k.p.NodeInfo        No instantiation for #107. Probably branch label not up to date in orLeft 
85984      WARN  main            d.u.i.k.p.NodeInfo        No instantiation for #106. Probably branch label not up to date in orLeft 
85984      WARN  main            d.u.i.k.p.NodeInfo        No instantiation for #107. Probably branch label not up to date in orLeft 
85984      WARN  main            d.u.i.k.p.NodeInfo        No instantiation for #106. Probably branch label not up to date in orLeft 
86017      WARN  main            d.u.i.k.p.NodeInfo        No instantiation for #104. Probably branch label not up to date in orLeft 
86017      WARN  main            d.u.i.k.p.NodeInfo        No instantiation for #104. Probably branch label not up to date in orLeft 
86017      WARN  main            d.u.i.k.p.NodeInfo        No instantiation for #104. Probably branch label not up to date in orLeft 
86017      WARN  main            d.u.i.k.p.NodeInfo        No instantiation for #104. Probably branch label not up to date in orLeft 
86017      WARN  main            d.u.i.k.p.NodeInfo        No instantiation for #105. Probably branch label not up to date in orLeft 
86017      WARN  main            d.u.i.k.p.NodeInfo        No instantiation for #105. Probably branch label not up to date in orLeft 
86017      WARN  main            d.u.i.k.p.NodeInfo        No instantiation for #105. Probably branch label not up to date in orLeft 
86017      WARN  main            d.u.i.k.p.NodeInfo        No instantiation for #105. Probably branch label not up to date in orLeft 
86017      WARN  main            d.u.i.k.p.NodeInfo        No instantiation for #106. Probably branch label not up to date in orLeft 
86017      WARN  main            d.u.i.k.p.NodeInfo        No instantiation for #106. Probably branch label not up to date in orLeft 
86017      WARN  main            d.u.i.k.p.NodeInfo        No instantiation for #106. Probably branch label not up to date in orLeft 
86017      WARN  main            d.u.i.k.p.NodeInfo        No instantiation for #107. Probably branch label not up to date in orLeft 
86017      WARN  main            d.u.i.k.p.NodeInfo        No instantiation for #107. Probably branch label not up to date in orLeft 
86017      WARN  main            d.u.i.k.p.NodeInfo        No instantiation for #107. Probably branch label not up to date in orLeft 
86017      WARN  main            d.u.i.k.p.NodeInfo        No instantiation for #106. Probably branch label not up to date in orLeft 
86017      WARN  main            d.u.i.k.p.NodeInfo        No instantiation for #107. Probably branch label not up to date in orLeft 
86017      WARN  main            d.u.i.k.p.NodeInfo        No instantiation for #106. Probably branch label not up to date in orLeft 
86017      WARN  main            d.u.i.k.p.NodeInfo        No instantiation for #79. Probably branch label not up to date in orLeft 
86017      WARN  main            d.u.i.k.p.NodeInfo        No instantiation for #79. Probably branch label not up to date in orLeft 
86017      WARN  main            d.u.i.k.p.NodeInfo        No instantiation for #79. Probably branch label not up to date in orLeft 
86017      WARN  main            d.u.i.k.p.NodeInfo        No instantiation for #79. Probably branch label not up to date in orLeft 
86017      WARN  main            d.u.i.k.p.NodeInfo        No instantiation for #79. Probably branch label not up to date in orLeft 
86017      WARN  main            d.u.i.k.p.NodeInfo        No instantiation for #104. Probably branch label not up to date in orLeft 
86017      WARN  main            d.u.i.k.p.NodeInfo        No instantiation for #104. Probably branch label not up to date in orLeft 
86017      WARN  main            d.u.i.k.p.NodeInfo        No instantiation for #104. Probably branch label not up to date in orLeft 
86017      WARN  main            d.u.i.k.p.NodeInfo        No instantiation for #104. Probably branch label not up to date in orLeft 
86017      WARN  main            d.u.i.k.p.NodeInfo        No instantiation for #105. Probably branch label not up to date in orLeft 
86017      WARN  main            d.u.i.k.p.NodeInfo        No instantiation for #105. Probably branch label not up to date in orLeft 
86017      WARN  main            d.u.i.k.p.NodeInfo        No instantiation for #105. Probably branch label not up to date in orLeft 
86017      WARN  main            d.u.i.k.p.NodeInfo        No instantiation for #105. Probably branch label not up to date in orLeft 
86017      WARN  main            d.u.i.k.p.NodeInfo        No instantiation for #106. Probably branch label not up to date in orLeft 
86017      WARN  main            d.u.i.k.p.NodeInfo        No instantiation for #106. Probably branch label not up to date in orLeft 
86017      WARN  main            d.u.i.k.p.NodeInfo        No instantiation for #106. Probably branch label not up to date in orLeft 
86017      WARN  main            d.u.i.k.p.NodeInfo        No instantiation for #107. Probably branch label not up to date in orLeft 
86017      WARN  main            d.u.i.k.p.NodeInfo        No instantiation for #107. Probably branch label not up to date in orLeft 
86017      WARN  main            d.u.i.k.p.NodeInfo        No instantiation for #107. Probably branch label not up to date in orLeft 
86017      WARN  main            d.u.i.k.p.NodeInfo        No instantiation for #106. Probably branch label not up to date in orLeft 
86017      WARN  main            d.u.i.k.p.NodeInfo        No instantiation for #107. Probably branch label not up to date in orLeft 
86018      WARN  main            d.u.i.k.p.NodeInfo        No instantiation for #106. Probably branch label not up to date in orLeft 
86036      WARN  main            d.u.i.k.p.NodeInfo        No instantiation for #104. Probably branch label not up to date in orLeft 
86036      WARN  main            d.u.i.k.p.NodeInfo        No instantiation for #104. Probably branch label not up to date in orLeft 
86036      WARN  main            d.u.i.k.p.NodeInfo        No instantiation for #104. Probably branch label not up to date in orLeft 
86036      WARN  main            d.u.i.k.p.NodeInfo        No instantiation for #104. Probably branch label not up to date in orLeft 
86036      WARN  main            d.u.i.k.p.NodeInfo        No instantiation for #105. Probably branch label not up to date in orLeft 
86036      WARN  main            d.u.i.k.p.NodeInfo        No instantiation for #105. Probably branch label not up to date in orLeft 
86036      WARN  main            d.u.i.k.p.NodeInfo        No instantiation for #105. Probably branch label not up to date in orLeft 
86037      WARN  main            d.u.i.k.p.NodeInfo        No instantiation for #105. Probably branch label not up to date in orLeft 
86037      WARN  main            d.u.i.k.p.NodeInfo        No instantiation for #106. Probably branch label not up to date in orLeft 
86037      WARN  main            d.u.i.k.p.NodeInfo        No instantiation for #106. Probably branch label not up to date in orLeft 
86037      WARN  main            d.u.i.k.p.NodeInfo        No instantiation for #106. Probably branch label not up to date in orLeft 
86037      WARN  main            d.u.i.k.p.NodeInfo        No instantiation for #107. Probably branch label not up to date in orLeft 
86037      WARN  main            d.u.i.k.p.NodeInfo        No instantiation for #107. Probably branch label not up to date in orLeft 
86037      WARN  main            d.u.i.k.p.NodeInfo        No instantiation for #107. Probably branch label not up to date in orLeft 
86037      WARN  main            d.u.i.k.p.NodeInfo        No instantiation for #106. Probably branch label not up to date in orLeft 
86037      WARN  main            d.u.i.k.p.NodeInfo        No instantiation for #107. Probably branch label not up to date in orLeft 
86037      WARN  main            d.u.i.k.p.NodeInfo        No instantiation for #106. Probably branch label not up to date in orLeft 
86037      WARN  main            d.u.i.k.p.NodeInfo        No instantiation for #79. Probably branch label not up to date in orLeft 
86037      WARN  main            d.u.i.k.p.NodeInfo        No instantiation for #79. Probably branch label not up to date in orLeft 
86037      WARN  main            d.u.i.k.p.NodeInfo        No instantiation for #79. Probably branch label not up to date in orLeft 
86037      WARN  main            d.u.i.k.p.NodeInfo        No instantiation for #79. Probably branch label not up to date in orLeft 
86037      WARN  main            d.u.i.k.p.NodeInfo        No instantiation for #79. Probably branch label not up to date in orLeft 
86037      WARN  main            d.u.i.k.p.NodeInfo        No instantiation for #104. Probably branch label not up to date in orLeft 
86037      WARN  main            d.u.i.k.p.NodeInfo        No instantiation for #104. Probably branch label not up to date in orLeft 
86037      WARN  main            d.u.i.k.p.NodeInfo        No instantiation for #104. Probably branch label not up to date in orLeft 
86037      WARN  main            d.u.i.k.p.NodeInfo        No instantiation for #104. Probably branch label not up to date in orLeft 
86037      WARN  main            d.u.i.k.p.NodeInfo        No instantiation for #105. Probably branch label not up to date in orLeft 
86037      WARN  main            d.u.i.k.p.NodeInfo        No instantiation for #105. Probably branch label not up to date in orLeft 
86037      WARN  main            d.u.i.k.p.NodeInfo        No instantiation for #105. Probably branch label not up to date in orLeft 
86037      WARN  main            d.u.i.k.p.NodeInfo        No instantiation for #105. Probably branch label not up to date in orLeft 
86037      WARN  main            d.u.i.k.p.NodeInfo        No instantiation for #106. Probably branch label not up to date in orLeft 
86037      WARN  main            d.u.i.k.p.NodeInfo        No instantiation for #106. Probably branch label not up to date in orLeft 
86037      WARN  main            d.u.i.k.p.NodeInfo        No instantiation for #106. Probably branch label not up to date in orLeft 
86037      WARN  main            d.u.i.k.p.NodeInfo        No instantiation for #107. Probably branch label not up to date in orLeft 
86037      WARN  main            d.u.i.k.p.NodeInfo        No instantiation for #107. Probably branch label not up to date in orLeft 
86037      WARN  main            d.u.i.k.p.NodeInfo        No instantiation for #107. Probably branch label not up to date in orLeft 
86037      WARN  main            d.u.i.k.p.NodeInfo        No instantiation for #106. Probably branch label not up to date in orLeft 
86037      WARN  main            d.u.i.k.p.NodeInfo        No instantiation for #107. Probably branch label not up to date in orLeft 
86037      WARN  main            d.u.i.k.p.NodeInfo        No instantiation for #106. Probably branch label not up to date in orLeft 
86037      WARN  main            d.u.i.k.p.NodeInfo        No instantiation for #79. Probably branch label not up to date in orLeft 
86037      WARN  main            d.u.i.k.p.NodeInfo        No instantiation for #79. Probably branch label not up to date in orLeft 
86037      WARN  main            d.u.i.k.p.NodeInfo        No instantiation for #79. Probably branch label not up to date in orLeft 
86037      WARN  main            d.u.i.k.p.NodeInfo        No instantiation for #79. Probably branch label not up to date in orLeft 
86037      WARN  main            d.u.i.k.p.NodeInfo        No instantiation for #79. Probably branch label not up to date in orLeft 
86037      WARN  main            d.u.i.k.p.NodeInfo        No instantiation for #104. Probably branch label not up to date in orLeft 
86037      WARN  main            d.u.i.k.p.NodeInfo        No instantiation for #104. Probably branch label not up to date in orLeft 
86037      WARN  main            d.u.i.k.p.NodeInfo        No instantiation for #104. Probably branch label not up to date in orLeft 
86037      WARN  main            d.u.i.k.p.NodeInfo        No instantiation for #104. Probably branch label not up to date in orLeft 
86037      WARN  main            d.u.i.k.p.NodeInfo        No instantiation for #105. Probably branch label not up to date in orLeft 
86037      WARN  main            d.u.i.k.p.NodeInfo        No instantiation for #105. Probably branch label not up to date in orLeft 
86037      WARN  main            d.u.i.k.p.NodeInfo        No instantiation for #105. Probably branch label not up to date in orLeft 
86037      WARN  main            d.u.i.k.p.NodeInfo        No instantiation for #105. Probably branch label not up to date in orLeft 
86037      WARN  main            d.u.i.k.p.NodeInfo        No instantiation for #106. Probably branch label not up to date in orLeft 
86037      WARN  main            d.u.i.k.p.NodeInfo        No instantiation for #106. Probably branch label not up to date in orLeft 
86037      WARN  main            d.u.i.k.p.NodeInfo        No instantiation for #106. Probably branch label not up to date in orLeft 
86037      WARN  main            d.u.i.k.p.NodeInfo        No instantiation for #107. Probably branch label not up to date in orLeft 
86037      WARN  main            d.u.i.k.p.NodeInfo        No instantiation for #107. Probably branch label not up to date in orLeft 
86037      WARN  main            d.u.i.k.p.NodeInfo        No instantiation for #107. Probably branch label not up to date in orLeft 
86037      WARN  main            d.u.i.k.p.NodeInfo        No instantiation for #106. Probably branch label not up to date in orLeft 
86037      WARN  main            d.u.i.k.p.NodeInfo        No instantiation for #107. Probably branch label not up to date in orLeft 
86037      WARN  main            d.u.i.k.p.NodeInfo        No instantiation for #106. Probably branch label not up to date in orLeft 
86037      WARN  main            d.u.i.k.p.NodeInfo        No instantiation for #79. Probably branch label not up to date in orLeft 
86037      WARN  main            d.u.i.k.p.NodeInfo        No instantiation for #79. Probably branch label not up to date in orLeft 
86037      WARN  main            d.u.i.k.p.NodeInfo        No instantiation for #79. Probably branch label not up to date in orLeft 
86037      WARN  main            d.u.i.k.p.NodeInfo        No instantiation for #79. Probably branch label not up to date in orLeft 
86037      WARN  main            d.u.i.k.p.NodeInfo        No instantiation for #79. Probably branch label not up to date in orLeft 
86037      WARN  main            d.u.i.k.p.NodeInfo        No instantiation for #104. Probably branch label not up to date in orLeft 
86037      WARN  main            d.u.i.k.p.NodeInfo        No instantiation for #104. Probably branch label not up to date in orLeft 
86037      WARN  main            d.u.i.k.p.NodeInfo        No instantiation for #104. Probably branch label not up to date in orLeft 
86037      WARN  main            d.u.i.k.p.NodeInfo        No instantiation for #104. Probably branch label not up to date in orLeft 
86037      WARN  main            d.u.i.k.p.NodeInfo        No instantiation for #105. Probably branch label not up to date in orLeft 
86037      WARN  main            d.u.i.k.p.NodeInfo        No instantiation for #105. Probably branch label not up to date in orLeft 
86037      WARN  main            d.u.i.k.p.NodeInfo        No instantiation for #105. Probably branch label not up to date in orLeft 
86037      WARN  main            d.u.i.k.p.NodeInfo        No instantiation for #105. Probably branch label not up to date in orLeft 
86037      WARN  main            d.u.i.k.p.NodeInfo        No instantiation for #106. Probably branch label not up to date in orLeft 
86037      WARN  main            d.u.i.k.p.NodeInfo        No instantiation for #106. Probably branch label not up to date in orLeft 
86037      WARN  main            d.u.i.k.p.NodeInfo        No instantiation for #106. Probably branch label not up to date in orLeft 
86037      WARN  main            d.u.i.k.p.NodeInfo        No instantiation for #107. Probably branch label not up to date in orLeft 
86037      WARN  main            d.u.i.k.p.NodeInfo        No instantiation for #107. Probably branch label not up to date in orLeft 
86037      WARN  main            d.u.i.k.p.NodeInfo        No instantiation for #107. Probably branch label not up to date in orLeft 
86037      WARN  main            d.u.i.k.p.NodeInfo        No instantiation for #106. Probably branch label not up to date in orLeft 
86037      WARN  main            d.u.i.k.p.NodeInfo        No instantiation for #107. Probably branch label not up to date in orLeft 
86037      WARN  main            d.u.i.k.p.NodeInfo        No instantiation for #106. Probably branch label not up to date in orLeft 
86037      WARN  main            d.u.i.k.p.NodeInfo        No instantiation for #79. Probably branch label not up to date in orLeft 
86037      WARN  main            d.u.i.k.p.NodeInfo        No instantiation for #79. Probably branch label not up to date in orLeft 
86037      WARN  main            d.u.i.k.p.NodeInfo        No instantiation for #79. Probably branch label not up to date in orLeft 
86037      WARN  main            d.u.i.k.p.NodeInfo        No instantiation for #79. Probably branch label not up to date in orLeft 
86037      WARN  main            d.u.i.k.p.NodeInfo        No instantiation for #79. Probably branch label not up to date in orLeft 
86037      WARN  main            d.u.i.k.p.NodeInfo        No instantiation for #104. Probably branch label not up to date in orLeft 
86037      WARN  main            d.u.i.k.p.NodeInfo        No instantiation for #104. Probably branch label not up to date in orLeft 
86037      WARN  main            d.u.i.k.p.NodeInfo        No instantiation for #104. Probably branch label not up to date in orLeft 
86037      WARN  main            d.u.i.k.p.NodeInfo        No instantiation for #104. Probably branch label not up to date in orLeft 
86037      WARN  main            d.u.i.k.p.NodeInfo        No instantiation for #105. Probably branch label not up to date in orLeft 
86037      WARN  main            d.u.i.k.p.NodeInfo        No instantiation for #105. Probably branch label not up to date in orLeft 
86037      WARN  main            d.u.i.k.p.NodeInfo        No instantiation for #105. Probably branch label not up to date in orLeft 
86037      WARN  main            d.u.i.k.p.NodeInfo        No instantiation for #105. Probably branch label not up to date in orLeft 
86037      WARN  main            d.u.i.k.p.NodeInfo        No instantiation for #106. Probably branch label not up to date in orLeft 
86037      WARN  main            d.u.i.k.p.NodeInfo        No instantiation for #106. Probably branch label not up to date in orLeft 
86037      WARN  main            d.u.i.k.p.NodeInfo        No instantiation for #106. Probably branch label not up to date in orLeft 
86037      WARN  main            d.u.i.k.p.NodeInfo        No instantiation for #107. Probably branch label not up to date in orLeft 
86037      WARN  main            d.u.i.k.p.NodeInfo        No instantiation for #107. Probably branch label not up to date in orLeft 
86037      WARN  main            d.u.i.k.p.NodeInfo        No instantiation for #107. Probably branch label not up to date in orLeft 
86037      WARN  main            d.u.i.k.p.NodeInfo        No instantiation for #106. Probably branch label not up to date in orLeft 
86037      WARN  main            d.u.i.k.p.NodeInfo        No instantiation for #107. Probably branch label not up to date in orLeft 
86037      WARN  main            d.u.i.k.p.NodeInfo        No instantiation for #106. Probably branch label not up to date in orLeft 
86038      WARN  main            d.u.i.k.p.NodeInfo        No instantiation for #79. Probably branch label not up to date in orLeft 
86038      WARN  main            d.u.i.k.p.NodeInfo        No instantiation for #79. Probably branch label not up to date in orLeft 
86038      WARN  main            d.u.i.k.p.NodeInfo        No instantiation for #79. Probably branch label not up to date in orLeft 
86038      WARN  main            d.u.i.k.p.NodeInfo        No instantiation for #79. Probably branch label not up to date in orLeft 
86038      WARN  main            d.u.i.k.p.NodeInfo        No instantiation for #79. Probably branch label not up to date in orLeft 
86038      WARN  main            d.u.i.k.p.NodeInfo        No instantiation for #104. Probably branch label not up to date in orLeft 
86038      WARN  main            d.u.i.k.p.NodeInfo        No instantiation for #104. Probably branch label not up to date in orLeft 
86038      WARN  main            d.u.i.k.p.NodeInfo        No instantiation for #104. Probably branch label not up to date in orLeft 
86038      WARN  main            d.u.i.k.p.NodeInfo        No instantiation for #104. Probably branch label not up to date in orLeft 
86038      WARN  main            d.u.i.k.p.NodeInfo        No instantiation for #105. Probably branch label not up to date in orLeft 
86038      WARN  main            d.u.i.k.p.NodeInfo        No instantiation for #105. Probably branch label not up to date in orLeft 
86038      WARN  main            d.u.i.k.p.NodeInfo        No instantiation for #105. Probably branch label not up to date in orLeft 
86038      WARN  main            d.u.i.k.p.NodeInfo        No instantiation for #105. Probably branch label not up to date in orLeft 
86038      WARN  main            d.u.i.k.p.NodeInfo        No instantiation for #106. Probably branch label not up to date in orLeft 
86038      WARN  main            d.u.i.k.p.NodeInfo        No instantiation for #106. Probably branch label not up to date in orLeft 
86038      WARN  main            d.u.i.k.p.NodeInfo        No instantiation for #106. Probably branch label not up to date in orLeft 
86038      WARN  main            d.u.i.k.p.NodeInfo        No instantiation for #107. Probably branch label not up to date in orLeft 
86038      WARN  main            d.u.i.k.p.NodeInfo        No instantiation for #107. Probably branch label not up to date in orLeft 
86038      WARN  main            d.u.i.k.p.NodeInfo        No instantiation for #107. Probably branch label not up to date in orLeft 
86038      WARN  main            d.u.i.k.p.NodeInfo        No instantiation for #106. Probably branch label not up to date in orLeft 
86038      WARN  main            d.u.i.k.p.NodeInfo        No instantiation for #107. Probably branch label not up to date in orLeft 
86038      WARN  main            d.u.i.k.p.NodeInfo        No instantiation for #106. Probably branch label not up to date in orLeft 
86038      WARN  main            d.u.i.k.p.NodeInfo        No instantiation for #104. Probably branch label not up to date in orLeft 
86038      WARN  main            d.u.i.k.p.NodeInfo        No instantiation for #104. Probably branch label not up to date in orLeft 
86038      WARN  main            d.u.i.k.p.NodeInfo        No instantiation for #104. Probably branch label not up to date in orLeft 
86038      WARN  main            d.u.i.k.p.NodeInfo        No instantiation for #104. Probably branch label not up to date in orLeft 
86038      WARN  main            d.u.i.k.p.NodeInfo        No instantiation for #105. Probably branch label not up to date in orLeft 
86038      WARN  main            d.u.i.k.p.NodeInfo        No instantiation for #105. Probably branch label not up to date in orLeft 
86038      WARN  main            d.u.i.k.p.NodeInfo        No instantiation for #105. Probably branch label not up to date in orLeft 
86038      WARN  main            d.u.i.k.p.NodeInfo        No instantiation for #105. Probably branch label not up to date in orLeft 
86038      WARN  main            d.u.i.k.p.NodeInfo        No instantiation for #106. Probably branch label not up to date in orLeft 
86038      WARN  main            d.u.i.k.p.NodeInfo        No instantiation for #106. Probably branch label not up to date in orLeft 
86038      WARN  main            d.u.i.k.p.NodeInfo        No instantiation for #106. Probably branch label not up to date in orLeft 
86038      WARN  main            d.u.i.k.p.NodeInfo        No instantiation for #107. Probably branch label not up to date in orLeft 
86038      WARN  main            d.u.i.k.p.NodeInfo        No instantiation for #107. Probably branch label not up to date in orLeft 
86038      WARN  main            d.u.i.k.p.NodeInfo        No instantiation for #107. Probably branch label not up to date in orLeft 
86038      WARN  main            d.u.i.k.p.NodeInfo        No instantiation for #106. Probably branch label not up to date in orLeft 
86038      WARN  main            d.u.i.k.p.NodeInfo        No instantiation for #107. Probably branch label not up to date in orLeft 
86038      WARN  main            d.u.i.k.p.NodeInfo        No instantiation for #106. Probably branch label not up to date in orLeft 
86038      WARN  main            d.u.i.k.p.NodeInfo        No instantiation for #79. Probably branch label not up to date in orLeft 
86038      WARN  main            d.u.i.k.p.NodeInfo        No instantiation for #79. Probably branch label not up to date in orLeft 
86038      WARN  main            d.u.i.k.p.NodeInfo        No instantiation for #79. Probably branch label not up to date in orLeft 
86038      WARN  main            d.u.i.k.p.NodeInfo        No instantiation for #79. Probably branch label not up to date in orLeft 
86038      WARN  main            d.u.i.k.p.NodeInfo        No instantiation for #79. Probably branch label not up to date in orLeft 
86038      WARN  main            d.u.i.k.p.NodeInfo        No instantiation for #104. Probably branch label not up to date in orLeft 
86038      WARN  main            d.u.i.k.p.NodeInfo        No instantiation for #104. Probably branch label not up to date in orLeft 
86038      WARN  main            d.u.i.k.p.NodeInfo        No instantiation for #104. Probably branch label not up to date in orLeft 
86038      WARN  main            d.u.i.k.p.NodeInfo        No instantiation for #104. Probably branch label not up to date in orLeft 
86038      WARN  main            d.u.i.k.p.NodeInfo        No instantiation for #105. Probably branch label not up to date in orLeft 
86038      WARN  main            d.u.i.k.p.NodeInfo        No instantiation for #105. Probably branch label not up to date in orLeft 
86038      WARN  main            d.u.i.k.p.NodeInfo        No instantiation for #105. Probably branch label not up to date in orLeft 
86038      WARN  main            d.u.i.k.p.NodeInfo        No instantiation for #105. Probably branch label not up to date in orLeft 
86038      WARN  main            d.u.i.k.p.NodeInfo        No instantiation for #106. Probably branch label not up to date in orLeft 
86038      WARN  main            d.u.i.k.p.NodeInfo        No instantiation for #106. Probably branch label not up to date in orLeft 
86038      WARN  main            d.u.i.k.p.NodeInfo        No instantiation for #106. Probably branch label not up to date in orLeft 
86038      WARN  main            d.u.i.k.p.NodeInfo        No instantiation for #107. Probably branch label not up to date in orLeft 
86038      WARN  main            d.u.i.k.p.NodeInfo        No instantiation for #107. Probably branch label not up to date in orLeft 
86038      WARN  main            d.u.i.k.p.NodeInfo        No instantiation for #107. Probably branch label not up to date in orLeft 
86038      WARN  main            d.u.i.k.p.NodeInfo        No instantiation for #106. Probably branch label not up to date in orLeft 
86038      WARN  main            d.u.i.k.p.NodeInfo        No instantiation for #107. Probably branch label not up to date in orLeft 
86038      WARN  main            d.u.i.k.p.NodeInfo        No instantiation for #106. Probably branch label not up to date in orLeft 
86038      WARN  main            d.u.i.k.p.NodeInfo        No instantiation for #104. Probably branch label not up to date in orLeft 
86038      WARN  main            d.u.i.k.p.NodeInfo        No instantiation for #104. Probably branch label not up to date in orLeft 
86038      WARN  main            d.u.i.k.p.NodeInfo        No instantiation for #104. Probably branch label not up to date in orLeft 
86038      WARN  main            d.u.i.k.p.NodeInfo        No instantiation for #104. Probably branch label not up to date in orLeft 
86038      WARN  main            d.u.i.k.p.NodeInfo        No instantiation for #105. Probably branch label not up to date in orLeft 
86038      WARN  main            d.u.i.k.p.NodeInfo        No instantiation for #105. Probably branch label not up to date in orLeft 
86038      WARN  main            d.u.i.k.p.NodeInfo        No instantiation for #105. Probably branch label not up to date in orLeft 
86038      WARN  main            d.u.i.k.p.NodeInfo        No instantiation for #105. Probably branch label not up to date in orLeft 
86038      WARN  main            d.u.i.k.p.NodeInfo        No instantiation for #106. Probably branch label not up to date in orLeft 
86038      WARN  main            d.u.i.k.p.NodeInfo        No instantiation for #106. Probably branch label not up to date in orLeft 
86038      WARN  main            d.u.i.k.p.NodeInfo        No instantiation for #106. Probably branch label not up to date in orLeft 
86038      WARN  main            d.u.i.k.p.NodeInfo        No instantiation for #107. Probably branch label not up to date in orLeft 
86038      WARN  main            d.u.i.k.p.NodeInfo        No instantiation for #107. Probably branch label not up to date in orLeft 
86038      WARN  main            d.u.i.k.p.NodeInfo        No instantiation for #107. Probably branch label not up to date in orLeft 
86038      WARN  main            d.u.i.k.p.NodeInfo        No instantiation for #106. Probably branch label not up to date in orLeft 
86038      WARN  main            d.u.i.k.p.NodeInfo        No instantiation for #107. Probably branch label not up to date in orLeft 
86038      WARN  main            d.u.i.k.p.NodeInfo        No instantiation for #106. Probably branch label not up to date in orLeft 
86038      WARN  main            d.u.i.k.p.NodeInfo        No instantiation for #79. Probably branch label not up to date in orLeft 
86038      WARN  main            d.u.i.k.p.NodeInfo        No instantiation for #79. Probably branch label not up to date in orLeft 
86038      WARN  main            d.u.i.k.p.NodeInfo        No instantiation for #79. Probably branch label not up to date in orLeft 
86038      WARN  main            d.u.i.k.p.NodeInfo        No instantiation for #79. Probably branch label not up to date in orLeft 
86038      WARN  main            d.u.i.k.p.NodeInfo        No instantiation for #79. Probably branch label not up to date in orLeft 
86038      WARN  main            d.u.i.k.p.NodeInfo        No instantiation for #104. Probably branch label not up to date in orLeft 
86038      WARN  main            d.u.i.k.p.NodeInfo        No instantiation for #104. Probably branch label not up to date in orLeft 
86038      WARN  main            d.u.i.k.p.NodeInfo        No instantiation for #104. Probably branch label not up to date in orLeft 
86038      WARN  main            d.u.i.k.p.NodeInfo        No instantiation for #104. Probably branch label not up to date in orLeft 
86038      WARN  main            d.u.i.k.p.NodeInfo        No instantiation for #105. Probably branch label not up to date in orLeft 
86038      WARN  main            d.u.i.k.p.NodeInfo        No instantiation for #105. Probably branch label not up to date in orLeft 
86038      WARN  main            d.u.i.k.p.NodeInfo        No instantiation for #105. Probably branch label not up to date in orLeft 
86038      WARN  main            d.u.i.k.p.NodeInfo        No instantiation for #105. Probably branch label not up to date in orLeft 
86038      WARN  main            d.u.i.k.p.NodeInfo        No instantiation for #106. Probably branch label not up to date in orLeft 
86038      WARN  main            d.u.i.k.p.NodeInfo        No instantiation for #106. Probably branch label not up to date in orLeft 
86038      WARN  main            d.u.i.k.p.NodeInfo        No instantiation for #106. Probably branch label not up to date in orLeft 
86038      WARN  main            d.u.i.k.p.NodeInfo        No instantiation for #107. Probably branch label not up to date in orLeft 
86038      WARN  main            d.u.i.k.p.NodeInfo        No instantiation for #107. Probably branch label not up to date in orLeft 
86038      WARN  main            d.u.i.k.p.NodeInfo        No instantiation for #107. Probably branch label not up to date in orLeft 
86038      WARN  main            d.u.i.k.p.NodeInfo        No instantiation for #106. Probably branch label not up to date in orLeft 
86038      WARN  main            d.u.i.k.p.NodeInfo        No instantiation for #107. Probably branch label not up to date in orLeft 
86038      WARN  main            d.u.i.k.p.NodeInfo        No instantiation for #106. Probably branch label not up to date in orLeft 
86038      WARN  main            d.u.i.k.p.NodeInfo        No instantiation for #79. Probably branch label not up to date in orLeft 
86038      WARN  main            d.u.i.k.p.NodeInfo        No instantiation for #79. Probably branch label not up to date in orLeft 
86038      WARN  main            d.u.i.k.p.NodeInfo        No instantiation for #79. Probably branch label not up to date in orLeft 
86038      WARN  main            d.u.i.k.p.NodeInfo        No instantiation for #79. Probably branch label not up to date in orLeft 
86039      WARN  main            d.u.i.k.p.NodeInfo        No instantiation for #79. Probably branch label not up to date in orLeft 
86039      WARN  main            d.u.i.k.p.NodeInfo        No instantiation for #104. Probably branch label not up to date in orLeft 
86039      WARN  main            d.u.i.k.p.NodeInfo        No instantiation for #104. Probably branch label not up to date in orLeft 
86039      WARN  main            d.u.i.k.p.NodeInfo        No instantiation for #104. Probably branch label not up to date in orLeft 
86039      WARN  main            d.u.i.k.p.NodeInfo        No instantiation for #104. Probably branch label not up to date in orLeft 
86039      WARN  main            d.u.i.k.p.NodeInfo        No instantiation for #105. Probably branch label not up to date in orLeft 
86039      WARN  main            d.u.i.k.p.NodeInfo        No instantiation for #105. Probably branch label not up to date in orLeft 
86039      WARN  main            d.u.i.k.p.NodeInfo        No instantiation for #105. Probably branch label not up to date in orLeft 
86039      WARN  main            d.u.i.k.p.NodeInfo        No instantiation for #105. Probably branch label not up to date in orLeft 
86039      WARN  main            d.u.i.k.p.NodeInfo        No instantiation for #106. Probably branch label not up to date in orLeft 
86039      WARN  main            d.u.i.k.p.NodeInfo        No instantiation for #106. Probably branch label not up to date in orLeft 
86039      WARN  main            d.u.i.k.p.NodeInfo        No instantiation for #106. Probably branch label not up to date in orLeft 
86039      WARN  main            d.u.i.k.p.NodeInfo        No instantiation for #107. Probably branch label not up to date in orLeft 
86039      WARN  main            d.u.i.k.p.NodeInfo        No instantiation for #107. Probably branch label not up to date in orLeft 
86039      WARN  main            d.u.i.k.p.NodeInfo        No instantiation for #107. Probably branch label not up to date in orLeft 
86039      WARN  main            d.u.i.k.p.NodeInfo        No instantiation for #106. Probably branch label not up to date in orLeft 
86039      WARN  main            d.u.i.k.p.NodeInfo        No instantiation for #107. Probably branch label not up to date in orLeft 
86039      WARN  main            d.u.i.k.p.NodeInfo        No instantiation for #106. Probably branch label not up to date in orLeft 
86039      WARN  main            d.u.i.k.p.NodeInfo        No instantiation for #79. Probably branch label not up to date in orLeft 
86039      WARN  main            d.u.i.k.p.NodeInfo        No instantiation for #79. Probably branch label not up to date in orLeft 
86039      WARN  main            d.u.i.k.p.NodeInfo        No instantiation for #79. Probably branch label not up to date in orLeft 
86039      WARN  main            d.u.i.k.p.NodeInfo        No instantiation for #79. Probably branch label not up to date in orLeft 
86039      WARN  main            d.u.i.k.p.NodeInfo        No instantiation for #79. Probably branch label not up to date in orLeft 
86039      WARN  main            d.u.i.k.p.NodeInfo        No instantiation for #104. Probably branch label not up to date in orLeft 
86039      WARN  main            d.u.i.k.p.NodeInfo        No instantiation for #104. Probably branch label not up to date in orLeft 
86039      WARN  main            d.u.i.k.p.NodeInfo        No instantiation for #104. Probably branch label not up to date in orLeft 
86039      WARN  main            d.u.i.k.p.NodeInfo        No instantiation for #104. Probably branch label not up to date in orLeft 
86039      WARN  main            d.u.i.k.p.NodeInfo        No instantiation for #105. Probably branch label not up to date in orLeft 
86039      WARN  main            d.u.i.k.p.NodeInfo        No instantiation for #105. Probably branch label not up to date in orLeft 
86039      WARN  main            d.u.i.k.p.NodeInfo        No instantiation for #105. Probably branch label not up to date in orLeft 
86039      WARN  main            d.u.i.k.p.NodeInfo        No instantiation for #105. Probably branch label not up to date in orLeft 
86039      WARN  main            d.u.i.k.p.NodeInfo        No instantiation for #106. Probably branch label not up to date in orLeft 
86039      WARN  main            d.u.i.k.p.NodeInfo        No instantiation for #106. Probably branch label not up to date in orLeft 
86039      WARN  main            d.u.i.k.p.NodeInfo        No instantiation for #106. Probably branch label not up to date in orLeft 
86039      WARN  main            d.u.i.k.p.NodeInfo        No instantiation for #107. Probably branch label not up to date in orLeft 
86039      WARN  main            d.u.i.k.p.NodeInfo        No instantiation for #107. Probably branch label not up to date in orLeft 
86039      WARN  main            d.u.i.k.p.NodeInfo        No instantiation for #107. Probably branch label not up to date in orLeft 
86039      WARN  main            d.u.i.k.p.NodeInfo        No instantiation for #106. Probably branch label not up to date in orLeft 
86039      WARN  main            d.u.i.k.p.NodeInfo        No instantiation for #107. Probably branch label not up to date in orLeft 
86039      WARN  main            d.u.i.k.p.NodeInfo        No instantiation for #106. Probably branch label not up to date in orLeft 
86080      WARN  main            d.u.i.k.p.NodeInfo        No instantiation for #104. Probably branch label not up to date in orLeft 
86080      WARN  main            d.u.i.k.p.NodeInfo        No instantiation for #104. Probably branch label not up to date in orLeft 
86080      WARN  main            d.u.i.k.p.NodeInfo        No instantiation for #104. Probably branch label not up to date in orLeft 
86080      WARN  main            d.u.i.k.p.NodeInfo        No instantiation for #104. Probably branch label not up to date in orLeft 
86080      WARN  main            d.u.i.k.p.NodeInfo        No instantiation for #105. Probably branch label not up to date in orLeft 
86080      WARN  main            d.u.i.k.p.NodeInfo        No instantiation for #105. Probably branch label not up to date in orLeft 
86080      WARN  main            d.u.i.k.p.NodeInfo        No instantiation for #105. Probably branch label not up to date in orLeft 
86080      WARN  main            d.u.i.k.p.NodeInfo        No instantiation for #105. Probably branch label not up to date in orLeft 
86080      WARN  main            d.u.i.k.p.NodeInfo        No instantiation for #106. Probably branch label not up to date in orLeft 
86080      WARN  main            d.u.i.k.p.NodeInfo        No instantiation for #106. Probably branch label not up to date in orLeft 
86080      WARN  main            d.u.i.k.p.NodeInfo        No instantiation for #106. Probably branch label not up to date in orLeft 
86080      WARN  main            d.u.i.k.p.NodeInfo        No instantiation for #107. Probably branch label not up to date in orLeft 
86080      WARN  main            d.u.i.k.p.NodeInfo        No instantiation for #107. Probably branch label not up to date in orLeft 
86080      WARN  main            d.u.i.k.p.NodeInfo        No instantiation for #107. Probably branch label not up to date in orLeft 
86080      WARN  main            d.u.i.k.p.NodeInfo        No instantiation for #106. Probably branch label not up to date in orLeft 
86080      WARN  main            d.u.i.k.p.NodeInfo        No instantiation for #107. Probably branch label not up to date in orLeft 
86080      WARN  main            d.u.i.k.p.NodeInfo        No instantiation for #106. Probably branch label not up to date in orLeft 
86080      WARN  main            d.u.i.k.p.NodeInfo        No instantiation for #79. Probably branch label not up to date in orLeft 
86080      WARN  main            d.u.i.k.p.NodeInfo        No instantiation for #79. Probably branch label not up to date in orLeft 
86080      WARN  main            d.u.i.k.p.NodeInfo        No instantiation for #79. Probably branch label not up to date in orLeft 
86080      WARN  main            d.u.i.k.p.NodeInfo        No instantiation for #79. Probably branch label not up to date in orLeft 
86080      WARN  main            d.u.i.k.p.NodeInfo        No instantiation for #79. Probably branch label not up to date in orLeft 
86080      WARN  main            d.u.i.k.p.NodeInfo        No instantiation for #104. Probably branch label not up to date in orLeft 
86080      WARN  main            d.u.i.k.p.NodeInfo        No instantiation for #104. Probably branch label not up to date in orLeft 
86080      WARN  main            d.u.i.k.p.NodeInfo        No instantiation for #104. Probably branch label not up to date in orLeft 
86080      WARN  main            d.u.i.k.p.NodeInfo        No instantiation for #104. Probably branch label not up to date in orLeft 
86080      WARN  main            d.u.i.k.p.NodeInfo        No instantiation for #105. Probably branch label not up to date in orLeft 
86080      WARN  main            d.u.i.k.p.NodeInfo        No instantiation for #105. Probably branch label not up to date in orLeft 
86080      WARN  main            d.u.i.k.p.NodeInfo        No instantiation for #105. Probably branch label not up to date in orLeft 
86080      WARN  main            d.u.i.k.p.NodeInfo        No instantiation for #105. Probably branch label not up to date in orLeft 
86080      WARN  main            d.u.i.k.p.NodeInfo        No instantiation for #106. Probably branch label not up to date in orLeft 
86080      WARN  main            d.u.i.k.p.NodeInfo        No instantiation for #106. Probably branch label not up to date in orLeft 
86080      WARN  main            d.u.i.k.p.NodeInfo        No instantiation for #106. Probably branch label not up to date in orLeft 
86080      WARN  main            d.u.i.k.p.NodeInfo        No instantiation for #107. Probably branch label not up to date in orLeft 
86080      WARN  main            d.u.i.k.p.NodeInfo        No instantiation for #107. Probably branch label not up to date in orLeft 
86080      WARN  main            d.u.i.k.p.NodeInfo        No instantiation for #107. Probably branch label not up to date in orLeft 
86080      WARN  main            d.u.i.k.p.NodeInfo        No instantiation for #106. Probably branch label not up to date in orLeft 
86080      WARN  main            d.u.i.k.p.NodeInfo        No instantiation for #107. Probably branch label not up to date in orLeft 
86080      WARN  main            d.u.i.k.p.NodeInfo        No instantiation for #106. Probably branch label not up to date in orLeft 
86093      WARN  main            d.u.i.k.p.NodeInfo        No instantiation for #104. Probably branch label not up to date in orLeft 
86093      WARN  main            d.u.i.k.p.NodeInfo        No instantiation for #104. Probably branch label not up to date in orLeft 
86093      WARN  main            d.u.i.k.p.NodeInfo        No instantiation for #104. Probably branch label not up to date in orLeft 
86093      WARN  main            d.u.i.k.p.NodeInfo        No instantiation for #104. Probably branch label not up to date in orLeft 
86093      WARN  main            d.u.i.k.p.NodeInfo        No instantiation for #105. Probably branch label not up to date in orLeft 
86093      WARN  main            d.u.i.k.p.NodeInfo        No instantiation for #105. Probably branch label not up to date in orLeft 
86093      WARN  main            d.u.i.k.p.NodeInfo        No instantiation for #105. Probably branch label not up to date in orLeft 
86093      WARN  main            d.u.i.k.p.NodeInfo        No instantiation for #105. Probably branch label not up to date in orLeft 
86093      WARN  main            d.u.i.k.p.NodeInfo        No instantiation for #106. Probably branch label not up to date in orLeft 
86093      WARN  main            d.u.i.k.p.NodeInfo        No instantiation for #106. Probably branch label not up to date in orLeft 
86093      WARN  main            d.u.i.k.p.NodeInfo        No instantiation for #106. Probably branch label not up to date in orLeft 
86093      WARN  main            d.u.i.k.p.NodeInfo        No instantiation for #107. Probably branch label not up to date in orLeft 
86093      WARN  main            d.u.i.k.p.NodeInfo        No instantiation for #107. Probably branch label not up to date in orLeft 
86093      WARN  main            d.u.i.k.p.NodeInfo        No instantiation for #107. Probably branch label not up to date in orLeft 
86093      WARN  main            d.u.i.k.p.NodeInfo        No instantiation for #106. Probably branch label not up to date in orLeft 
86093      WARN  main            d.u.i.k.p.NodeInfo        No instantiation for #107. Probably branch label not up to date in orLeft 
86093      WARN  main            d.u.i.k.p.NodeInfo        No instantiation for #106. Probably branch label not up to date in orLeft 
86093      WARN  main            d.u.i.k.p.NodeInfo        No instantiation for #79. Probably branch label not up to date in orLeft 
86093      WARN  main            d.u.i.k.p.NodeInfo        No instantiation for #79. Probably branch label not up to date in orLeft 
86093      WARN  main            d.u.i.k.p.NodeInfo        No instantiation for #79. Probably branch label not up to date in orLeft 
86093      WARN  main            d.u.i.k.p.NodeInfo        No instantiation for #79. Probably branch label not up to date in orLeft 
86093      WARN  main            d.u.i.k.p.NodeInfo        No instantiation for #79. Probably branch label not up to date in orLeft 
86093      WARN  main            d.u.i.k.p.NodeInfo        No instantiation for #104. Probably branch label not up to date in orLeft 
86093      WARN  main            d.u.i.k.p.NodeInfo        No instantiation for #104. Probably branch label not up to date in orLeft 
86093      WARN  main            d.u.i.k.p.NodeInfo        No instantiation for #104. Probably branch label not up to date in orLeft 
86093      WARN  main            d.u.i.k.p.NodeInfo        No instantiation for #104. Probably branch label not up to date in orLeft 
86093      WARN  main            d.u.i.k.p.NodeInfo        No instantiation for #105. Probably branch label not up to date in orLeft 
86093      WARN  main            d.u.i.k.p.NodeInfo        No instantiation for #105. Probably branch label not up to date in orLeft 
86093      WARN  main            d.u.i.k.p.NodeInfo        No instantiation for #105. Probably branch label not up to date in orLeft 
86093      WARN  main            d.u.i.k.p.NodeInfo        No instantiation for #105. Probably branch label not up to date in orLeft 
86093      WARN  main            d.u.i.k.p.NodeInfo        No instantiation for #106. Probably branch label not up to date in orLeft 
86093      WARN  main            d.u.i.k.p.NodeInfo        No instantiation for #106. Probably branch label not up to date in orLeft 
86093      WARN  main            d.u.i.k.p.NodeInfo        No instantiation for #106. Probably branch label not up to date in orLeft 
86093      WARN  main            d.u.i.k.p.NodeInfo        No instantiation for #107. Probably branch label not up to date in orLeft 
86093      WARN  main            d.u.i.k.p.NodeInfo        No instantiation for #107. Probably branch label not up to date in orLeft 
86093      WARN  main            d.u.i.k.p.NodeInfo        No instantiation for #107. Probably branch label not up to date in orLeft 
86093      WARN  main            d.u.i.k.p.NodeInfo        No instantiation for #106. Probably branch label not up to date in orLeft 
86093      WARN  main            d.u.i.k.p.NodeInfo        No instantiation for #107. Probably branch label not up to date in orLeft 
86093      WARN  main            d.u.i.k.p.NodeInfo        No instantiation for #106. Probably branch label not up to date in orLeft 
86093      WARN  main            d.u.i.k.p.NodeInfo        No instantiation for #79. Probably branch label not up to date in orLeft 
86093      WARN  main            d.u.i.k.p.NodeInfo        No instantiation for #79. Probably branch label not up to date in orLeft 
86093      WARN  main            d.u.i.k.p.NodeInfo        No instantiation for #79. Probably branch label not up to date in orLeft 
86093      WARN  main            d.u.i.k.p.NodeInfo        No instantiation for #79. Probably branch label not up to date in orLeft 
86093      WARN  main            d.u.i.k.p.NodeInfo        No instantiation for #79. Probably branch label not up to date in orLeft 
86093      WARN  main            d.u.i.k.p.NodeInfo        No instantiation for #104. Probably branch label not up to date in orLeft 
86093      WARN  main            d.u.i.k.p.NodeInfo        No instantiation for #104. Probably branch label not up to date in orLeft 
86093      WARN  main            d.u.i.k.p.NodeInfo        No instantiation for #104. Probably branch label not up to date in orLeft 
86093      WARN  main            d.u.i.k.p.NodeInfo        No instantiation for #104. Probably branch label not up to date in orLeft 
86093      WARN  main            d.u.i.k.p.NodeInfo        No instantiation for #105. Probably branch label not up to date in orLeft 
86093      WARN  main            d.u.i.k.p.NodeInfo        No instantiation for #105. Probably branch label not up to date in orLeft 
86093      WARN  main            d.u.i.k.p.NodeInfo        No instantiation for #105. Probably branch label not up to date in orLeft 
86093      WARN  main            d.u.i.k.p.NodeInfo        No instantiation for #105. Probably branch label not up to date in orLeft 
86093      WARN  main            d.u.i.k.p.NodeInfo        No instantiation for #106. Probably branch label not up to date in orLeft 
86093      WARN  main            d.u.i.k.p.NodeInfo        No instantiation for #106. Probably branch label not up to date in orLeft 
86093      WARN  main            d.u.i.k.p.NodeInfo        No instantiation for #106. Probably branch label not up to date in orLeft 
86093      WARN  main            d.u.i.k.p.NodeInfo        No instantiation for #107. Probably branch label not up to date in orLeft 
86093      WARN  main            d.u.i.k.p.NodeInfo        No instantiation for #107. Probably branch label not up to date in orLeft 
86093      WARN  main            d.u.i.k.p.NodeInfo        No instantiation for #107. Probably branch label not up to date in orLeft 
86093      WARN  main            d.u.i.k.p.NodeInfo        No instantiation for #106. Probably branch label not up to date in orLeft 
86093      WARN  main            d.u.i.k.p.NodeInfo        No instantiation for #107. Probably branch label not up to date in orLeft 
86093      WARN  main            d.u.i.k.p.NodeInfo        No instantiation for #106. Probably branch label not up to date in orLeft 
86093      WARN  main            d.u.i.k.p.NodeInfo        No instantiation for #79. Probably branch label not up to date in orLeft 
86093      WARN  main            d.u.i.k.p.NodeInfo        No instantiation for #79. Probably branch label not up to date in orLeft 
86093      WARN  main            d.u.i.k.p.NodeInfo        No instantiation for #79. Probably branch label not up to date in orLeft 
86093      WARN  main            d.u.i.k.p.NodeInfo        No instantiation for #79. Probably branch label not up to date in orLeft 
86093      WARN  main            d.u.i.k.p.NodeInfo        No instantiation for #79. Probably branch label not up to date in orLeft 
86093      WARN  main            d.u.i.k.p.NodeInfo        No instantiation for #104. Probably branch label not up to date in orLeft 
86093      WARN  main            d.u.i.k.p.NodeInfo        No instantiation for #104. Probably branch label not up to date in orLeft 
86093      WARN  main            d.u.i.k.p.NodeInfo        No instantiation for #104. Probably branch label not up to date in orLeft 
86093      WARN  main            d.u.i.k.p.NodeInfo        No instantiation for #104. Probably branch label not up to date in orLeft 
86093      WARN  main            d.u.i.k.p.NodeInfo        No instantiation for #105. Probably branch label not up to date in orLeft 
86093      WARN  main            d.u.i.k.p.NodeInfo        No instantiation for #105. Probably branch label not up to date in orLeft 
86093      WARN  main            d.u.i.k.p.NodeInfo        No instantiation for #105. Probably branch label not up to date in orLeft 
86093      WARN  main            d.u.i.k.p.NodeInfo        No instantiation for #105. Probably branch label not up to date in orLeft 
86093      WARN  main            d.u.i.k.p.NodeInfo        No instantiation for #106. Probably branch label not up to date in orLeft 
86093      WARN  main            d.u.i.k.p.NodeInfo        No instantiation for #106. Probably branch label not up to date in orLeft 
86093      WARN  main            d.u.i.k.p.NodeInfo        No instantiation for #106. Probably branch label not up to date in orLeft 
86093      WARN  main            d.u.i.k.p.NodeInfo        No instantiation for #107. Probably branch label not up to date in orLeft 
86093      WARN  main            d.u.i.k.p.NodeInfo        No instantiation for #107. Probably branch label not up to date in orLeft 
86093      WARN  main            d.u.i.k.p.NodeInfo        No instantiation for #107. Probably branch label not up to date in orLeft 
86093      WARN  main            d.u.i.k.p.NodeInfo        No instantiation for #106. Probably branch label not up to date in orLeft 
86093      WARN  main            d.u.i.k.p.NodeInfo        No instantiation for #107. Probably branch label not up to date in orLeft 
86093      WARN  main            d.u.i.k.p.NodeInfo        No instantiation for #106. Probably branch label not up to date in orLeft 
86093      WARN  main            d.u.i.k.p.NodeInfo        No instantiation for #79. Probably branch label not up to date in orLeft 
86093      WARN  main            d.u.i.k.p.NodeInfo        No instantiation for #79. Probably branch label not up to date in orLeft 
86093      WARN  main            d.u.i.k.p.NodeInfo        No instantiation for #79. Probably branch label not up to date in orLeft 
86093      WARN  main            d.u.i.k.p.NodeInfo        No instantiation for #79. Probably branch label not up to date in orLeft 
86093      WARN  main            d.u.i.k.p.NodeInfo        No instantiation for #79. Probably branch label not up to date in orLeft 
86093      WARN  main            d.u.i.k.p.NodeInfo        No instantiation for #104. Probably branch label not up to date in orLeft 
86094      WARN  main            d.u.i.k.p.NodeInfo        No instantiation for #104. Probably branch label not up to date in orLeft 
86094      WARN  main            d.u.i.k.p.NodeInfo        No instantiation for #104. Probably branch label not up to date in orLeft 
86094      WARN  main            d.u.i.k.p.NodeInfo        No instantiation for #104. Probably branch label not up to date in orLeft 
86094      WARN  main            d.u.i.k.p.NodeInfo        No instantiation for #105. Probably branch label not up to date in orLeft 
86094      WARN  main            d.u.i.k.p.NodeInfo        No instantiation for #105. Probably branch label not up to date in orLeft 
86094      WARN  main            d.u.i.k.p.NodeInfo        No instantiation for #105. Probably branch label not up to date in orLeft 
86094      WARN  main            d.u.i.k.p.NodeInfo        No instantiation for #105. Probably branch label not up to date in orLeft 
86094      WARN  main            d.u.i.k.p.NodeInfo        No instantiation for #106. Probably branch label not up to date in orLeft 
86094      WARN  main            d.u.i.k.p.NodeInfo        No instantiation for #106. Probably branch label not up to date in orLeft 
86094      WARN  main            d.u.i.k.p.NodeInfo        No instantiation for #106. Probably branch label not up to date in orLeft 
86094      WARN  main            d.u.i.k.p.NodeInfo        No instantiation for #107. Probably branch label not up to date in orLeft 
86094      WARN  main            d.u.i.k.p.NodeInfo        No instantiation for #107. Probably branch label not up to date in orLeft 
86094      WARN  main            d.u.i.k.p.NodeInfo        No instantiation for #107. Probably branch label not up to date in orLeft 
86094      WARN  main            d.u.i.k.p.NodeInfo        No instantiation for #106. Probably branch label not up to date in orLeft 
86094      WARN  main            d.u.i.k.p.NodeInfo        No instantiation for #107. Probably branch label not up to date in orLeft 
86094      WARN  main            d.u.i.k.p.NodeInfo        No instantiation for #106. Probably branch label not up to date in orLeft 
86094      WARN  main            d.u.i.k.p.NodeInfo        No instantiation for #79. Probably branch label not up to date in orLeft 
86094      WARN  main            d.u.i.k.p.NodeInfo        No instantiation for #79. Probably branch label not up to date in orLeft 
86094      WARN  main            d.u.i.k.p.NodeInfo        No instantiation for #79. Probably branch label not up to date in orLeft 
86094      WARN  main            d.u.i.k.p.NodeInfo        No instantiation for #79. Probably branch label not up to date in orLeft 
86094      WARN  main            d.u.i.k.p.NodeInfo        No instantiation for #79. Probably branch label not up to date in orLeft 
86094      WARN  main            d.u.i.k.p.NodeInfo        No instantiation for #104. Probably branch label not up to date in orLeft 
86094      WARN  main            d.u.i.k.p.NodeInfo        No instantiation for #104. Probably branch label not up to date in orLeft 
86094      WARN  main            d.u.i.k.p.NodeInfo        No instantiation for #104. Probably branch label not up to date in orLeft 
86094      WARN  main            d.u.i.k.p.NodeInfo        No instantiation for #104. Probably branch label not up to date in orLeft 
86094      WARN  main            d.u.i.k.p.NodeInfo        No instantiation for #105. Probably branch label not up to date in orLeft 
86094      WARN  main            d.u.i.k.p.NodeInfo        No instantiation for #105. Probably branch label not up to date in orLeft 
86094      WARN  main            d.u.i.k.p.NodeInfo        No instantiation for #105. Probably branch label not up to date in orLeft 
86094      WARN  main            d.u.i.k.p.NodeInfo        No instantiation for #105. Probably branch label not up to date in orLeft 
86094      WARN  main            d.u.i.k.p.NodeInfo        No instantiation for #106. Probably branch label not up to date in orLeft 
86094      WARN  main            d.u.i.k.p.NodeInfo        No instantiation for #106. Probably branch label not up to date in orLeft 
86094      WARN  main            d.u.i.k.p.NodeInfo        No instantiation for #106. Probably branch label not up to date in orLeft 
86094      WARN  main            d.u.i.k.p.NodeInfo        No instantiation for #107. Probably branch label not up to date in orLeft 
86094      WARN  main            d.u.i.k.p.NodeInfo        No instantiation for #107. Probably branch label not up to date in orLeft 
86094      WARN  main            d.u.i.k.p.NodeInfo        No instantiation for #107. Probably branch label not up to date in orLeft 
86094      WARN  main            d.u.i.k.p.NodeInfo        No instantiation for #106. Probably branch label not up to date in orLeft 
86094      WARN  main            d.u.i.k.p.NodeInfo        No instantiation for #107. Probably branch label not up to date in orLeft 
86094      WARN  main            d.u.i.k.p.NodeInfo        No instantiation for #106. Probably branch label not up to date in orLeft 
86094      WARN  main            d.u.i.k.p.NodeInfo        No instantiation for #104. Probably branch label not up to date in orLeft 
86094      WARN  main            d.u.i.k.p.NodeInfo        No instantiation for #104. Probably branch label not up to date in orLeft 
86094      WARN  main            d.u.i.k.p.NodeInfo        No instantiation for #104. Probably branch label not up to date in orLeft 
86094      WARN  main            d.u.i.k.p.NodeInfo        No instantiation for #104. Probably branch label not up to date in orLeft 
86094      WARN  main            d.u.i.k.p.NodeInfo        No instantiation for #105. Probably branch label not up to date in orLeft 
86094      WARN  main            d.u.i.k.p.NodeInfo        No instantiation for #105. Probably branch label not up to date in orLeft 
86094      WARN  main            d.u.i.k.p.NodeInfo        No instantiation for #105. Probably branch label not up to date in orLeft 
86094      WARN  main            d.u.i.k.p.NodeInfo        No instantiation for #105. Probably branch label not up to date in orLeft 
86094      WARN  main            d.u.i.k.p.NodeInfo        No instantiation for #106. Probably branch label not up to date in orLeft 
86094      WARN  main            d.u.i.k.p.NodeInfo        No instantiation for #106. Probably branch label not up to date in orLeft 
86094      WARN  main            d.u.i.k.p.NodeInfo        No instantiation for #106. Probably branch label not up to date in orLeft 
86094      WARN  main            d.u.i.k.p.NodeInfo        No instantiation for #107. Probably branch label not up to date in orLeft 
86094      WARN  main            d.u.i.k.p.NodeInfo        No instantiation for #107. Probably branch label not up to date in orLeft 
86094      WARN  main            d.u.i.k.p.NodeInfo        No instantiation for #107. Probably branch label not up to date in orLeft 
86094      WARN  main            d.u.i.k.p.NodeInfo        No instantiation for #106. Probably branch label not up to date in orLeft 
86094      WARN  main            d.u.i.k.p.NodeInfo        No instantiation for #107. Probably branch label not up to date in orLeft 
86094      WARN  main            d.u.i.k.p.NodeInfo        No instantiation for #106. Probably branch label not up to date in orLeft 
86094      WARN  main            d.u.i.k.p.NodeInfo        No instantiation for #79. Probably branch label not up to date in orLeft 
86094      WARN  main            d.u.i.k.p.NodeInfo        No instantiation for #79. Probably branch label not up to date in orLeft 
86094      WARN  main            d.u.i.k.p.NodeInfo        No instantiation for #79. Probably branch label not up to date in orLeft 
86094      WARN  main            d.u.i.k.p.NodeInfo        No instantiation for #79. Probably branch label not up to date in orLeft 
86094      WARN  main            d.u.i.k.p.NodeInfo        No instantiation for #79. Probably branch label not up to date in orLeft 
86094      WARN  main            d.u.i.k.p.NodeInfo        No instantiation for #104. Probably branch label not up to date in orLeft 
86094      WARN  main            d.u.i.k.p.NodeInfo        No instantiation for #104. Probably branch label not up to date in orLeft 
86094      WARN  main            d.u.i.k.p.NodeInfo        No instantiation for #104. Probably branch label not up to date in orLeft 
86094      WARN  main            d.u.i.k.p.NodeInfo        No instantiation for #104. Probably branch label not up to date in orLeft 
86094      WARN  main            d.u.i.k.p.NodeInfo        No instantiation for #105. Probably branch label not up to date in orLeft 
86094      WARN  main            d.u.i.k.p.NodeInfo        No instantiation for #105. Probably branch label not up to date in orLeft 
86094      WARN  main            d.u.i.k.p.NodeInfo        No instantiation for #105. Probably branch label not up to date in orLeft 
86094      WARN  main            d.u.i.k.p.NodeInfo        No instantiation for #105. Probably branch label not up to date in orLeft 
86094      WARN  main            d.u.i.k.p.NodeInfo        No instantiation for #106. Probably branch label not up to date in orLeft 
86094      WARN  main            d.u.i.k.p.NodeInfo        No instantiation for #106. Probably branch label not up to date in orLeft 
86094      WARN  main            d.u.i.k.p.NodeInfo        No instantiation for #106. Probably branch label not up to date in orLeft 
86094      WARN  main            d.u.i.k.p.NodeInfo        No instantiation for #107. Probably branch label not up to date in orLeft 
86094      WARN  main            d.u.i.k.p.NodeInfo        No instantiation for #107. Probably branch label not up to date in orLeft 
86094      WARN  main            d.u.i.k.p.NodeInfo        No instantiation for #107. Probably branch label not up to date in orLeft 
86094      WARN  main            d.u.i.k.p.NodeInfo        No instantiation for #106. Probably branch label not up to date in orLeft 
86094      WARN  main            d.u.i.k.p.NodeInfo        No instantiation for #107. Probably branch label not up to date in orLeft 
86094      WARN  main            d.u.i.k.p.NodeInfo        No instantiation for #106. Probably branch label not up to date in orLeft 
86094      WARN  main            d.u.i.k.p.NodeInfo        No instantiation for #104. Probably branch label not up to date in orLeft 
86094      WARN  main            d.u.i.k.p.NodeInfo        No instantiation for #104. Probably branch label not up to date in orLeft 
86094      WARN  main            d.u.i.k.p.NodeInfo        No instantiation for #104. Probably branch label not up to date in orLeft 
86094      WARN  main            d.u.i.k.p.NodeInfo        No instantiation for #104. Probably branch label not up to date in orLeft 
86094      WARN  main            d.u.i.k.p.NodeInfo        No instantiation for #105. Probably branch label not up to date in orLeft 
86094      WARN  main            d.u.i.k.p.NodeInfo        No instantiation for #105. Probably branch label not up to date in orLeft 
86094      WARN  main            d.u.i.k.p.NodeInfo        No instantiation for #105. Probably branch label not up to date in orLeft 
86094      WARN  main            d.u.i.k.p.NodeInfo        No instantiation for #105. Probably branch label not up to date in orLeft 
86094      WARN  main            d.u.i.k.p.NodeInfo        No instantiation for #106. Probably branch label not up to date in orLeft 
86094      WARN  main            d.u.i.k.p.NodeInfo        No instantiation for #106. Probably branch label not up to date in orLeft 
86094      WARN  main            d.u.i.k.p.NodeInfo        No instantiation for #106. Probably branch label not up to date in orLeft 
86094      WARN  main            d.u.i.k.p.NodeInfo        No instantiation for #107. Probably branch label not up to date in orLeft 
86094      WARN  main            d.u.i.k.p.NodeInfo        No instantiation for #107. Probably branch label not up to date in orLeft 
86094      WARN  main            d.u.i.k.p.NodeInfo        No instantiation for #107. Probably branch label not up to date in orLeft 
86094      WARN  main            d.u.i.k.p.NodeInfo        No instantiation for #106. Probably branch label not up to date in orLeft 
86094      WARN  main            d.u.i.k.p.NodeInfo        No instantiation for #107. Probably branch label not up to date in orLeft 
86094      WARN  main            d.u.i.k.p.NodeInfo        No instantiation for #106. Probably branch label not up to date in orLeft 
86094      WARN  main            d.u.i.k.p.NodeInfo        No instantiation for #79. Probably branch label not up to date in orLeft 
86094      WARN  main            d.u.i.k.p.NodeInfo        No instantiation for #79. Probably branch label not up to date in orLeft 
86094      WARN  main            d.u.i.k.p.NodeInfo        No instantiation for #79. Probably branch label not up to date in orLeft 
86094      WARN  main            d.u.i.k.p.NodeInfo        No instantiation for #79. Probably branch label not up to date in orLeft 
86094      WARN  main            d.u.i.k.p.NodeInfo        No instantiation for #79. Probably branch label not up to date in orLeft 
86094      WARN  main            d.u.i.k.p.NodeInfo        No instantiation for #104. Probably branch label not up to date in orLeft 
86094      WARN  main            d.u.i.k.p.NodeInfo        No instantiation for #104. Probably branch label not up to date in orLeft 
86094      WARN  main            d.u.i.k.p.NodeInfo        No instantiation for #104. Probably branch label not up to date in orLeft 
86094      WARN  main            d.u.i.k.p.NodeInfo        No instantiation for #104. Probably branch label not up to date in orLeft 
86094      WARN  main            d.u.i.k.p.NodeInfo        No instantiation for #105. Probably branch label not up to date in orLeft 
86094      WARN  main            d.u.i.k.p.NodeInfo        No instantiation for #105. Probably branch label not up to date in orLeft 
86094      WARN  main            d.u.i.k.p.NodeInfo        No instantiation for #105. Probably branch label not up to date in orLeft 
86094      WARN  main            d.u.i.k.p.NodeInfo        No instantiation for #105. Probably branch label not up to date in orLeft 
86094      WARN  main            d.u.i.k.p.NodeInfo        No instantiation for #106. Probably branch label not up to date in orLeft 
86094      WARN  main            d.u.i.k.p.NodeInfo        No instantiation for #106. Probably branch label not up to date in orLeft 
86095      WARN  main            d.u.i.k.p.NodeInfo        No instantiation for #106. Probably branch label not up to date in orLeft 
86095      WARN  main            d.u.i.k.p.NodeInfo        No instantiation for #107. Probably branch label not up to date in orLeft 
86095      WARN  main            d.u.i.k.p.NodeInfo        No instantiation for #107. Probably branch label not up to date in orLeft 
86095      WARN  main            d.u.i.k.p.NodeInfo        No instantiation for #107. Probably branch label not up to date in orLeft 
86095      WARN  main            d.u.i.k.p.NodeInfo        No instantiation for #106. Probably branch label not up to date in orLeft 
86095      WARN  main            d.u.i.k.p.NodeInfo        No instantiation for #107. Probably branch label not up to date in orLeft 
86095      WARN  main            d.u.i.k.p.NodeInfo        No instantiation for #106. Probably branch label not up to date in orLeft 
86095      WARN  main            d.u.i.k.p.NodeInfo        No instantiation for #79. Probably branch label not up to date in orLeft 
86095      WARN  main            d.u.i.k.p.NodeInfo        No instantiation for #79. Probably branch label not up to date in orLeft 
86095      WARN  main            d.u.i.k.p.NodeInfo        No instantiation for #79. Probably branch label not up to date in orLeft 
86095      WARN  main            d.u.i.k.p.NodeInfo        No instantiation for #79. Probably branch label not up to date in orLeft 
86095      WARN  main            d.u.i.k.p.NodeInfo        No instantiation for #79. Probably branch label not up to date in orLeft 
86122      WARN  main            d.u.i.k.p.NodeInfo        No instantiation for #104. Probably branch label not up to date in orLeft 
86122      WARN  main            d.u.i.k.p.NodeInfo        No instantiation for #104. Probably branch label not up to date in orLeft 
86122      WARN  main            d.u.i.k.p.NodeInfo        No instantiation for #104. Probably branch label not up to date in orLeft 
86122      WARN  main            d.u.i.k.p.NodeInfo        No instantiation for #104. Probably branch label not up to date in orLeft 
86122      WARN  main            d.u.i.k.p.NodeInfo        No instantiation for #105. Probably branch label not up to date in orLeft 
86122      WARN  main            d.u.i.k.p.NodeInfo        No instantiation for #105. Probably branch label not up to date in orLeft 
86122      WARN  main            d.u.i.k.p.NodeInfo        No instantiation for #105. Probably branch label not up to date in orLeft 
86122      WARN  main            d.u.i.k.p.NodeInfo        No instantiation for #105. Probably branch label not up to date in orLeft 
86122      WARN  main            d.u.i.k.p.NodeInfo        No instantiation for #106. Probably branch label not up to date in orLeft 
86122      WARN  main            d.u.i.k.p.NodeInfo        No instantiation for #106. Probably branch label not up to date in orLeft 
86122      WARN  main            d.u.i.k.p.NodeInfo        No instantiation for #106. Probably branch label not up to date in orLeft 
86122      WARN  main            d.u.i.k.p.NodeInfo        No instantiation for #107. Probably branch label not up to date in orLeft 
86122      WARN  main            d.u.i.k.p.NodeInfo        No instantiation for #107. Probably branch label not up to date in orLeft 
86122      WARN  main            d.u.i.k.p.NodeInfo        No instantiation for #107. Probably branch label not up to date in orLeft 
86122      WARN  main            d.u.i.k.p.NodeInfo        No instantiation for #106. Probably branch label not up to date in orLeft 
86122      WARN  main            d.u.i.k.p.NodeInfo        No instantiation for #107. Probably branch label not up to date in orLeft 
86122      WARN  main            d.u.i.k.p.NodeInfo        No instantiation for #106. Probably branch label not up to date in orLeft 
86122      WARN  main            d.u.i.k.p.NodeInfo        No instantiation for #79. Probably branch label not up to date in orLeft 
86122      WARN  main            d.u.i.k.p.NodeInfo        No instantiation for #79. Probably branch label not up to date in orLeft 
86122      WARN  main            d.u.i.k.p.NodeInfo        No instantiation for #79. Probably branch label not up to date in orLeft 
86122      WARN  main            d.u.i.k.p.NodeInfo        No instantiation for #79. Probably branch label not up to date in orLeft 
86122      WARN  main            d.u.i.k.p.NodeInfo        No instantiation for #79. Probably branch label not up to date in orLeft 
86122      WARN  main            d.u.i.k.p.NodeInfo        No instantiation for #104. Probably branch label not up to date in orLeft 
86122      WARN  main            d.u.i.k.p.NodeInfo        No instantiation for #104. Probably branch label not up to date in orLeft 
86122      WARN  main            d.u.i.k.p.NodeInfo        No instantiation for #104. Probably branch label not up to date in orLeft 
86122      WARN  main            d.u.i.k.p.NodeInfo        No instantiation for #104. Probably branch label not up to date in orLeft 
86122      WARN  main            d.u.i.k.p.NodeInfo        No instantiation for #105. Probably branch label not up to date in orLeft 
86122      WARN  main            d.u.i.k.p.NodeInfo        No instantiation for #105. Probably branch label not up to date in orLeft 
86122      WARN  main            d.u.i.k.p.NodeInfo        No instantiation for #105. Probably branch label not up to date in orLeft 
86122      WARN  main            d.u.i.k.p.NodeInfo        No instantiation for #105. Probably branch label not up to date in orLeft 
86122      WARN  main            d.u.i.k.p.NodeInfo        No instantiation for #106. Probably branch label not up to date in orLeft 
86122      WARN  main            d.u.i.k.p.NodeInfo        No instantiation for #106. Probably branch label not up to date in orLeft 
86122      WARN  main            d.u.i.k.p.NodeInfo        No instantiation for #106. Probably branch label not up to date in orLeft 
86122      WARN  main            d.u.i.k.p.NodeInfo        No instantiation for #107. Probably branch label not up to date in orLeft 
86122      WARN  main            d.u.i.k.p.NodeInfo        No instantiation for #107. Probably branch label not up to date in orLeft 
86122      WARN  main            d.u.i.k.p.NodeInfo        No instantiation for #107. Probably branch label not up to date in orLeft 
86122      WARN  main            d.u.i.k.p.NodeInfo        No instantiation for #106. Probably branch label not up to date in orLeft 
86122      WARN  main            d.u.i.k.p.NodeInfo        No instantiation for #107. Probably branch label not up to date in orLeft 
86122      WARN  main            d.u.i.k.p.NodeInfo        No instantiation for #106. Probably branch label not up to date in orLeft 
86122      WARN  main            d.u.i.k.p.NodeInfo        No instantiation for #79. Probably branch label not up to date in orLeft 
86122      WARN  main            d.u.i.k.p.NodeInfo        No instantiation for #79. Probably branch label not up to date in orLeft 
86122      WARN  main            d.u.i.k.p.NodeInfo        No instantiation for #79. Probably branch label not up to date in orLeft 
86122      WARN  main            d.u.i.k.p.NodeInfo        No instantiation for #79. Probably branch label not up to date in orLeft 
86122      WARN  main            d.u.i.k.p.NodeInfo        No instantiation for #79. Probably branch label not up to date in orLeft 
86132      WARN  main            d.u.i.k.p.NodeInfo        No instantiation for #104. Probably branch label not up to date in orLeft 
86132      WARN  main            d.u.i.k.p.NodeInfo        No instantiation for #104. Probably branch label not up to date in orLeft 
86132      WARN  main            d.u.i.k.p.NodeInfo        No instantiation for #104. Probably branch label not up to date in orLeft 
86132      WARN  main            d.u.i.k.p.NodeInfo        No instantiation for #104. Probably branch label not up to date in orLeft 
86132      WARN  main            d.u.i.k.p.NodeInfo        No instantiation for #105. Probably branch label not up to date in orLeft 
86132      WARN  main            d.u.i.k.p.NodeInfo        No instantiation for #105. Probably branch label not up to date in orLeft 
86132      WARN  main            d.u.i.k.p.NodeInfo        No instantiation for #105. Probably branch label not up to date in orLeft 
86132      WARN  main            d.u.i.k.p.NodeInfo        No instantiation for #105. Probably branch label not up to date in orLeft 
86132      WARN  main            d.u.i.k.p.NodeInfo        No instantiation for #106. Probably branch label not up to date in orLeft 
86132      WARN  main            d.u.i.k.p.NodeInfo        No instantiation for #106. Probably branch label not up to date in orLeft 
86132      WARN  main            d.u.i.k.p.NodeInfo        No instantiation for #106. Probably branch label not up to date in orLeft 
86132      WARN  main            d.u.i.k.p.NodeInfo        No instantiation for #107. Probably branch label not up to date in orLeft 
86132      WARN  main            d.u.i.k.p.NodeInfo        No instantiation for #107. Probably branch label not up to date in orLeft 
86132      WARN  main            d.u.i.k.p.NodeInfo        No instantiation for #107. Probably branch label not up to date in orLeft 
86132      WARN  main            d.u.i.k.p.NodeInfo        No instantiation for #106. Probably branch label not up to date in orLeft 
86132      WARN  main            d.u.i.k.p.NodeInfo        No instantiation for #107. Probably branch label not up to date in orLeft 
86132      WARN  main            d.u.i.k.p.NodeInfo        No instantiation for #106. Probably branch label not up to date in orLeft 
86132      WARN  main            d.u.i.k.p.NodeInfo        No instantiation for #79. Probably branch label not up to date in orLeft 
86132      WARN  main            d.u.i.k.p.NodeInfo        No instantiation for #79. Probably branch label not up to date in orLeft 
86132      WARN  main            d.u.i.k.p.NodeInfo        No instantiation for #79. Probably branch label not up to date in orLeft 
86132      WARN  main            d.u.i.k.p.NodeInfo        No instantiation for #79. Probably branch label not up to date in orLeft 
86132      WARN  main            d.u.i.k.p.NodeInfo        No instantiation for #79. Probably branch label not up to date in orLeft 
86132      WARN  main            d.u.i.k.p.NodeInfo        No instantiation for #104. Probably branch label not up to date in orLeft 
86132      WARN  main            d.u.i.k.p.NodeInfo        No instantiation for #104. Probably branch label not up to date in orLeft 
86132      WARN  main            d.u.i.k.p.NodeInfo        No instantiation for #104. Probably branch label not up to date in orLeft 
86132      WARN  main            d.u.i.k.p.NodeInfo        No instantiation for #104. Probably branch label not up to date in orLeft 
86132      WARN  main            d.u.i.k.p.NodeInfo        No instantiation for #105. Probably branch label not up to date in orLeft 
86132      WARN  main            d.u.i.k.p.NodeInfo        No instantiation for #105. Probably branch label not up to date in orLeft 
86132      WARN  main            d.u.i.k.p.NodeInfo        No instantiation for #105. Probably branch label not up to date in orLeft 
86132      WARN  main            d.u.i.k.p.NodeInfo        No instantiation for #105. Probably branch label not up to date in orLeft 
86132      WARN  main            d.u.i.k.p.NodeInfo        No instantiation for #106. Probably branch label not up to date in orLeft 
86132      WARN  main            d.u.i.k.p.NodeInfo        No instantiation for #106. Probably branch label not up to date in orLeft 
86132      WARN  main            d.u.i.k.p.NodeInfo        No instantiation for #106. Probably branch label not up to date in orLeft 
86132      WARN  main            d.u.i.k.p.NodeInfo        No instantiation for #107. Probably branch label not up to date in orLeft 
86132      WARN  main            d.u.i.k.p.NodeInfo        No instantiation for #107. Probably branch label not up to date in orLeft 
86132      WARN  main            d.u.i.k.p.NodeInfo        No instantiation for #107. Probably branch label not up to date in orLeft 
86132      WARN  main            d.u.i.k.p.NodeInfo        No instantiation for #106. Probably branch label not up to date in orLeft 
86132      WARN  main            d.u.i.k.p.NodeInfo        No instantiation for #107. Probably branch label not up to date in orLeft 
86132      WARN  main            d.u.i.k.p.NodeInfo        No instantiation for #106. Probably branch label not up to date in orLeft 
86132      WARN  main            d.u.i.k.p.NodeInfo        No instantiation for #79. Probably branch label not up to date in orLeft 
86132      WARN  main            d.u.i.k.p.NodeInfo        No instantiation for #79. Probably branch label not up to date in orLeft 
86132      WARN  main            d.u.i.k.p.NodeInfo        No instantiation for #79. Probably branch label not up to date in orLeft 
86132      WARN  main            d.u.i.k.p.NodeInfo        No instantiation for #79. Probably branch label not up to date in orLeft 
86139      WARN  main            d.u.i.k.p.NodeInfo        No instantiation for #79. Probably branch label not up to date in orLeft 
86139      WARN  main            d.u.i.k.p.NodeInfo        No instantiation for #104. Probably branch label not up to date in orLeft 
86139      WARN  main            d.u.i.k.p.NodeInfo        No instantiation for #104. Probably branch label not up to date in orLeft 
86139      WARN  main            d.u.i.k.p.NodeInfo        No instantiation for #104. Probably branch label not up to date in orLeft 
86139      WARN  main            d.u.i.k.p.NodeInfo        No instantiation for #104. Probably branch label not up to date in orLeft 
86139      WARN  main            d.u.i.k.p.NodeInfo        No instantiation for #105. Probably branch label not up to date in orLeft 
86139      WARN  main            d.u.i.k.p.NodeInfo        No instantiation for #105. Probably branch label not up to date in orLeft 
86139      WARN  main            d.u.i.k.p.NodeInfo        No instantiation for #105. Probably branch label not up to date in orLeft 
86139      WARN  main            d.u.i.k.p.NodeInfo        No instantiation for #105. Probably branch label not up to date in orLeft 
86139      WARN  main            d.u.i.k.p.NodeInfo        No instantiation for #106. Probably branch label not up to date in orLeft 
86139      WARN  main            d.u.i.k.p.NodeInfo        No instantiation for #106. Probably branch label not up to date in orLeft 
86139      WARN  main            d.u.i.k.p.NodeInfo        No instantiation for #106. Probably branch label not up to date in orLeft 
86139      WARN  main            d.u.i.k.p.NodeInfo        No instantiation for #107. Probably branch label not up to date in orLeft 
86139      WARN  main            d.u.i.k.p.NodeInfo        No instantiation for #107. Probably branch label not up to date in orLeft 
86139      WARN  main            d.u.i.k.p.NodeInfo        No instantiation for #107. Probably branch label not up to date in orLeft 
86139      WARN  main            d.u.i.k.p.NodeInfo        No instantiation for #106. Probably branch label not up to date in orLeft 
86139      WARN  main            d.u.i.k.p.NodeInfo        No instantiation for #107. Probably branch label not up to date in orLeft 
86139      WARN  main            d.u.i.k.p.NodeInfo        No instantiation for #106. Probably branch label not up to date in orLeft 
86139      WARN  main            d.u.i.k.p.NodeInfo        No instantiation for #79. Probably branch label not up to date in orLeft 
86139      WARN  main            d.u.i.k.p.NodeInfo        No instantiation for #79. Probably branch label not up to date in orLeft 
86139      WARN  main            d.u.i.k.p.NodeInfo        No instantiation for #79. Probably branch label not up to date in orLeft 
86139      WARN  main            d.u.i.k.p.NodeInfo        No instantiation for #79. Probably branch label not up to date in orLeft 
86139      WARN  main            d.u.i.k.p.NodeInfo        No instantiation for #79. Probably branch label not up to date in orLeft 
86140      WARN  main            d.u.i.k.p.NodeInfo        No instantiation for #104. Probably branch label not up to date in orLeft 
86140      WARN  main            d.u.i.k.p.NodeInfo        No instantiation for #104. Probably branch label not up to date in orLeft 
86140      WARN  main            d.u.i.k.p.NodeInfo        No instantiation for #104. Probably branch label not up to date in orLeft 
86140      WARN  main            d.u.i.k.p.NodeInfo        No instantiation for #104. Probably branch label not up to date in orLeft 
86140      WARN  main            d.u.i.k.p.NodeInfo        No instantiation for #105. Probably branch label not up to date in orLeft 
86140      WARN  main            d.u.i.k.p.NodeInfo        No instantiation for #105. Probably branch label not up to date in orLeft 
86140      WARN  main            d.u.i.k.p.NodeInfo        No instantiation for #105. Probably branch label not up to date in orLeft 
86140      WARN  main            d.u.i.k.p.NodeInfo        No instantiation for #105. Probably branch label not up to date in orLeft 
86140      WARN  main            d.u.i.k.p.NodeInfo        No instantiation for #106. Probably branch label not up to date in orLeft 
86140      WARN  main            d.u.i.k.p.NodeInfo        No instantiation for #106. Probably branch label not up to date in orLeft 
86140      WARN  main            d.u.i.k.p.NodeInfo        No instantiation for #106. Probably branch label not up to date in orLeft 
86140      WARN  main            d.u.i.k.p.NodeInfo        No instantiation for #107. Probably branch label not up to date in orLeft 
86140      WARN  main            d.u.i.k.p.NodeInfo        No instantiation for #107. Probably branch label not up to date in orLeft 
86140      WARN  main            d.u.i.k.p.NodeInfo        No instantiation for #107. Probably branch label not up to date in orLeft 
86140      WARN  main            d.u.i.k.p.NodeInfo        No instantiation for #106. Probably branch label not up to date in orLeft 
86140      WARN  main            d.u.i.k.p.NodeInfo        No instantiation for #107. Probably branch label not up to date in orLeft 
86140      WARN  main            d.u.i.k.p.NodeInfo        No instantiation for #106. Probably branch label not up to date in orLeft 
86140      WARN  main            d.u.i.k.p.NodeInfo        No instantiation for #79. Probably branch label not up to date in orLeft 
86140      WARN  main            d.u.i.k.p.NodeInfo        No instantiation for #79. Probably branch label not up to date in orLeft 
86140      WARN  main            d.u.i.k.p.NodeInfo        No instantiation for #79. Probably branch label not up to date in orLeft 
86140      WARN  main            d.u.i.k.p.NodeInfo        No instantiation for #79. Probably branch label not up to date in orLeft 
86140      WARN  main            d.u.i.k.p.NodeInfo        No instantiation for #79. Probably branch label not up to date in orLeft 
86140      WARN  main            d.u.i.k.p.NodeInfo        No instantiation for #104. Probably branch label not up to date in orLeft 
86140      WARN  main            d.u.i.k.p.NodeInfo        No instantiation for #104. Probably branch label not up to date in orLeft 
86140      WARN  main            d.u.i.k.p.NodeInfo        No instantiation for #104. Probably branch label not up to date in orLeft 
86140      WARN  main            d.u.i.k.p.NodeInfo        No instantiation for #104. Probably branch label not up to date in orLeft 
86140      WARN  main            d.u.i.k.p.NodeInfo        No instantiation for #105. Probably branch label not up to date in orLeft 
86140      WARN  main            d.u.i.k.p.NodeInfo        No instantiation for #105. Probably branch label not up to date in orLeft 
86140      WARN  main            d.u.i.k.p.NodeInfo        No instantiation for #105. Probably branch label not up to date in orLeft 
86140      WARN  main            d.u.i.k.p.NodeInfo        No instantiation for #105. Probably branch label not up to date in orLeft 
86140      WARN  main            d.u.i.k.p.NodeInfo        No instantiation for #106. Probably branch label not up to date in orLeft 
86140      WARN  main            d.u.i.k.p.NodeInfo        No instantiation for #106. Probably branch label not up to date in orLeft 
86140      WARN  main            d.u.i.k.p.NodeInfo        No instantiation for #106. Probably branch label not up to date in orLeft 
86140      WARN  main            d.u.i.k.p.NodeInfo        No instantiation for #107. Probably branch label not up to date in orLeft 
86140      WARN  main            d.u.i.k.p.NodeInfo        No instantiation for #107. Probably branch label not up to date in orLeft 
86140      WARN  main            d.u.i.k.p.NodeInfo        No instantiation for #107. Probably branch label not up to date in orLeft 
86140      WARN  main            d.u.i.k.p.NodeInfo        No instantiation for #106. Probably branch label not up to date in orLeft 
86140      WARN  main            d.u.i.k.p.NodeInfo        No instantiation for #107. Probably branch label not up to date in orLeft 
86140      WARN  main            d.u.i.k.p.NodeInfo        No instantiation for #106. Probably branch label not up to date in orLeft 
86140      WARN  main            d.u.i.k.p.NodeInfo        No instantiation for #79. Probably branch label not up to date in orLeft 
86140      WARN  main            d.u.i.k.p.NodeInfo        No instantiation for #79. Probably branch label not up to date in orLeft 
86140      WARN  main            d.u.i.k.p.NodeInfo        No instantiation for #79. Probably branch label not up to date in orLeft 
86140      WARN  main            d.u.i.k.p.NodeInfo        No instantiation for #79. Probably branch label not up to date in orLeft 
86140      WARN  main            d.u.i.k.p.NodeInfo        No instantiation for #79. Probably branch label not up to date in orLeft 
86140      WARN  main            d.u.i.k.p.NodeInfo        No instantiation for #104. Probably branch label not up to date in orLeft 
86140      WARN  main            d.u.i.k.p.NodeInfo        No instantiation for #104. Probably branch label not up to date in orLeft 
86140      WARN  main            d.u.i.k.p.NodeInfo        No instantiation for #104. Probably branch label not up to date in orLeft 
86140      WARN  main            d.u.i.k.p.NodeInfo        No instantiation for #104. Probably branch label not up to date in orLeft 
86147      WARN  main            d.u.i.k.p.NodeInfo        No instantiation for #105. Probably branch label not up to date in orLeft 
86147      WARN  main            d.u.i.k.p.NodeInfo        No instantiation for #105. Probably branch label not up to date in orLeft 
86147      WARN  main            d.u.i.k.p.NodeInfo        No instantiation for #105. Probably branch label not up to date in orLeft 
86147      WARN  main            d.u.i.k.p.NodeInfo        No instantiation for #105. Probably branch label not up to date in orLeft 
86147      WARN  main            d.u.i.k.p.NodeInfo        No instantiation for #106. Probably branch label not up to date in orLeft 
86147      WARN  main            d.u.i.k.p.NodeInfo        No instantiation for #106. Probably branch label not up to date in orLeft 
86147      WARN  main            d.u.i.k.p.NodeInfo        No instantiation for #106. Probably branch label not up to date in orLeft 
86147      WARN  main            d.u.i.k.p.NodeInfo        No instantiation for #107. Probably branch label not up to date in orLeft 
86147      WARN  main            d.u.i.k.p.NodeInfo        No instantiation for #107. Probably branch label not up to date in orLeft 
86147      WARN  main            d.u.i.k.p.NodeInfo        No instantiation for #107. Probably branch label not up to date in orLeft 
86147      WARN  main            d.u.i.k.p.NodeInfo        No instantiation for #106. Probably branch label not up to date in orLeft 
86147      WARN  main            d.u.i.k.p.NodeInfo        No instantiation for #107. Probably branch label not up to date in orLeft 
86147      WARN  main            d.u.i.k.p.NodeInfo        No instantiation for #106. Probably branch label not up to date in orLeft 
86147      WARN  main            d.u.i.k.p.NodeInfo        No instantiation for #104. Probably branch label not up to date in orLeft 
86147      WARN  main            d.u.i.k.p.NodeInfo        No instantiation for #104. Probably branch label not up to date in orLeft 
86147      WARN  main            d.u.i.k.p.NodeInfo        No instantiation for #104. Probably branch label not up to date in orLeft 
86147      WARN  main            d.u.i.k.p.NodeInfo        No instantiation for #104. Probably branch label not up to date in orLeft 
86147      WARN  main            d.u.i.k.p.NodeInfo        No instantiation for #105. Probably branch label not up to date in orLeft 
86147      WARN  main            d.u.i.k.p.NodeInfo        No instantiation for #105. Probably branch label not up to date in orLeft 
86147      WARN  main            d.u.i.k.p.NodeInfo        No instantiation for #105. Probably branch label not up to date in orLeft 
86147      WARN  main            d.u.i.k.p.NodeInfo        No instantiation for #105. Probably branch label not up to date in orLeft 
86147      WARN  main            d.u.i.k.p.NodeInfo        No instantiation for #106. Probably branch label not up to date in orLeft 
86147      WARN  main            d.u.i.k.p.NodeInfo        No instantiation for #106. Probably branch label not up to date in orLeft 
86147      WARN  main            d.u.i.k.p.NodeInfo        No instantiation for #106. Probably branch label not up to date in orLeft 
86147      WARN  main            d.u.i.k.p.NodeInfo        No instantiation for #107. Probably branch label not up to date in orLeft 
86147      WARN  main            d.u.i.k.p.NodeInfo        No instantiation for #107. Probably branch label not up to date in orLeft 
86147      WARN  main            d.u.i.k.p.NodeInfo        No instantiation for #107. Probably branch label not up to date in orLeft 
86147      WARN  main            d.u.i.k.p.NodeInfo        No instantiation for #106. Probably branch label not up to date in orLeft 
86147      WARN  main            d.u.i.k.p.NodeInfo        No instantiation for #107. Probably branch label not up to date in orLeft 
86147      WARN  main            d.u.i.k.p.NodeInfo        No instantiation for #106. Probably branch label not up to date in orLeft 
86147      WARN  main            d.u.i.k.p.NodeInfo        No instantiation for #79. Probably branch label not up to date in orLeft 
86147      WARN  main            d.u.i.k.p.NodeInfo        No instantiation for #79. Probably branch label not up to date in orLeft 
86147      WARN  main            d.u.i.k.p.NodeInfo        No instantiation for #79. Probably branch label not up to date in orLeft 
86147      WARN  main            d.u.i.k.p.NodeInfo        No instantiation for #79. Probably branch label not up to date in orLeft 
86147      WARN  main            d.u.i.k.p.NodeInfo        No instantiation for #79. Probably branch label not up to date in orLeft 
86147      WARN  main            d.u.i.k.p.NodeInfo        No instantiation for #104. Probably branch label not up to date in orLeft 
86147      WARN  main            d.u.i.k.p.NodeInfo        No instantiation for #104. Probably branch label not up to date in orLeft 
86147      WARN  main            d.u.i.k.p.NodeInfo        No instantiation for #104. Probably branch label not up to date in orLeft 
86147      WARN  main            d.u.i.k.p.NodeInfo        No instantiation for #104. Probably branch label not up to date in orLeft 
86147      WARN  main            d.u.i.k.p.NodeInfo        No instantiation for #105. Probably branch label not up to date in orLeft 
86147      WARN  main            d.u.i.k.p.NodeInfo        No instantiation for #105. Probably branch label not up to date in orLeft 
86147      WARN  main            d.u.i.k.p.NodeInfo        No instantiation for #105. Probably branch label not up to date in orLeft 
86147      WARN  main            d.u.i.k.p.NodeInfo        No instantiation for #105. Probably branch label not up to date in orLeft 
86147      WARN  main            d.u.i.k.p.NodeInfo        No instantiation for #106. Probably branch label not up to date in orLeft 
86147      WARN  main            d.u.i.k.p.NodeInfo        No instantiation for #106. Probably branch label not up to date in orLeft 
86147      WARN  main            d.u.i.k.p.NodeInfo        No instantiation for #106. Probably branch label not up to date in orLeft 
86147      WARN  main            d.u.i.k.p.NodeInfo        No instantiation for #107. Probably branch label not up to date in orLeft 
86147      WARN  main            d.u.i.k.p.NodeInfo        No instantiation for #107. Probably branch label not up to date in orLeft 
86147      WARN  main            d.u.i.k.p.NodeInfo        No instantiation for #107. Probably branch label not up to date in orLeft 
86147      WARN  main            d.u.i.k.p.NodeInfo        No instantiation for #106. Probably branch label not up to date in orLeft 
86147      WARN  main            d.u.i.k.p.NodeInfo        No instantiation for #107. Probably branch label not up to date in orLeft 
86147      WARN  main            d.u.i.k.p.NodeInfo        No instantiation for #106. Probably branch label not up to date in orLeft 
86196      WARN  main            d.u.i.k.p.NodeInfo        No instantiation for #104. Probably branch label not up to date in orLeft 
86196      WARN  main            d.u.i.k.p.NodeInfo        No instantiation for #104. Probably branch label not up to date in orLeft 
86196      WARN  main            d.u.i.k.p.NodeInfo        No instantiation for #104. Probably branch label not up to date in orLeft 
86196      WARN  main            d.u.i.k.p.NodeInfo        No instantiation for #104. Probably branch label not up to date in orLeft 
86196      WARN  main            d.u.i.k.p.NodeInfo        No instantiation for #105. Probably branch label not up to date in orLeft 
86196      WARN  main            d.u.i.k.p.NodeInfo        No instantiation for #105. Probably branch label not up to date in orLeft 
86196      WARN  main            d.u.i.k.p.NodeInfo        No instantiation for #105. Probably branch label not up to date in orLeft 
86196      WARN  main            d.u.i.k.p.NodeInfo        No instantiation for #105. Probably branch label not up to date in orLeft 
86196      WARN  main            d.u.i.k.p.NodeInfo        No instantiation for #106. Probably branch label not up to date in orLeft 
86196      WARN  main            d.u.i.k.p.NodeInfo        No instantiation for #106. Probably branch label not up to date in orLeft 
86196      WARN  main            d.u.i.k.p.NodeInfo        No instantiation for #106. Probably branch label not up to date in orLeft 
86196      WARN  main            d.u.i.k.p.NodeInfo        No instantiation for #107. Probably branch label not up to date in orLeft 
86196      WARN  main            d.u.i.k.p.NodeInfo        No instantiation for #107. Probably branch label not up to date in orLeft 
86196      WARN  main            d.u.i.k.p.NodeInfo        No instantiation for #107. Probably branch label not up to date in orLeft 
86196      WARN  main            d.u.i.k.p.NodeInfo        No instantiation for #106. Probably branch label not up to date in orLeft 
86196      WARN  main            d.u.i.k.p.NodeInfo        No instantiation for #107. Probably branch label not up to date in orLeft 
86196      WARN  main            d.u.i.k.p.NodeInfo        No instantiation for #106. Probably branch label not up to date in orLeft 
86196      WARN  main            d.u.i.k.p.NodeInfo        No instantiation for #79. Probably branch label not up to date in orLeft 
86196      WARN  main            d.u.i.k.p.NodeInfo        No instantiation for #79. Probably branch label not up to date in orLeft 
86196      WARN  main            d.u.i.k.p.NodeInfo        No instantiation for #79. Probably branch label not up to date in orLeft 
86196      WARN  main            d.u.i.k.p.NodeInfo        No instantiation for #79. Probably branch label not up to date in orLeft 
86196      WARN  main            d.u.i.k.p.NodeInfo        No instantiation for #79. Probably branch label not up to date in orLeft 
86196      WARN  main            d.u.i.k.p.NodeInfo        No instantiation for #104. Probably branch label not up to date in orLeft 
86196      WARN  main            d.u.i.k.p.NodeInfo        No instantiation for #104. Probably branch label not up to date in orLeft 
86196      WARN  main            d.u.i.k.p.NodeInfo        No instantiation for #104. Probably branch label not up to date in orLeft 
86196      WARN  main            d.u.i.k.p.NodeInfo        No instantiation for #104. Probably branch label not up to date in orLeft 
86196      WARN  main            d.u.i.k.p.NodeInfo        No instantiation for #105. Probably branch label not up to date in orLeft 
86196      WARN  main            d.u.i.k.p.NodeInfo        No instantiation for #105. Probably branch label not up to date in orLeft 
86196      WARN  main            d.u.i.k.p.NodeInfo        No instantiation for #105. Probably branch label not up to date in orLeft 
86196      WARN  main            d.u.i.k.p.NodeInfo        No instantiation for #105. Probably branch label not up to date in orLeft 
86196      WARN  main            d.u.i.k.p.NodeInfo        No instantiation for #106. Probably branch label not up to date in orLeft 
86196      WARN  main            d.u.i.k.p.NodeInfo        No instantiation for #106. Probably branch label not up to date in orLeft 
86196      WARN  main            d.u.i.k.p.NodeInfo        No instantiation for #106. Probably branch label not up to date in orLeft 
86196      WARN  main            d.u.i.k.p.NodeInfo        No instantiation for #107. Probably branch label not up to date in orLeft 
86196      WARN  main            d.u.i.k.p.NodeInfo        No instantiation for #107. Probably branch label not up to date in orLeft 
86196      WARN  main            d.u.i.k.p.NodeInfo        No instantiation for #107. Probably branch label not up to date in orLeft 
86196      WARN  main            d.u.i.k.p.NodeInfo        No instantiation for #106. Probably branch label not up to date in orLeft 
86196      WARN  main            d.u.i.k.p.NodeInfo        No instantiation for #107. Probably branch label not up to date in orLeft 
86196      WARN  main            d.u.i.k.p.NodeInfo        No instantiation for #106. Probably branch label not up to date in orLeft 
86204      WARN  main            d.u.i.k.p.NodeInfo        No instantiation for #104. Probably branch label not up to date in orLeft 
86204      WARN  main            d.u.i.k.p.NodeInfo        No instantiation for #104. Probably branch label not up to date in orLeft 
86204      WARN  main            d.u.i.k.p.NodeInfo        No instantiation for #104. Probably branch label not up to date in orLeft 
86204      WARN  main            d.u.i.k.p.NodeInfo        No instantiation for #104. Probably branch label not up to date in orLeft 
86204      WARN  main            d.u.i.k.p.NodeInfo        No instantiation for #105. Probably branch label not up to date in orLeft 
86204      WARN  main            d.u.i.k.p.NodeInfo        No instantiation for #105. Probably branch label not up to date in orLeft 
86204      WARN  main            d.u.i.k.p.NodeInfo        No instantiation for #105. Probably branch label not up to date in orLeft 
86204      WARN  main            d.u.i.k.p.NodeInfo        No instantiation for #105. Probably branch label not up to date in orLeft 
86204      WARN  main            d.u.i.k.p.NodeInfo        No instantiation for #106. Probably branch label not up to date in orLeft 
86204      WARN  main            d.u.i.k.p.NodeInfo        No instantiation for #106. Probably branch label not up to date in orLeft 
86204      WARN  main            d.u.i.k.p.NodeInfo        No instantiation for #106. Probably branch label not up to date in orLeft 
86204      WARN  main            d.u.i.k.p.NodeInfo        No instantiation for #107. Probably branch label not up to date in orLeft 
86204      WARN  main            d.u.i.k.p.NodeInfo        No instantiation for #107. Probably branch label not up to date in orLeft 
86204      WARN  main            d.u.i.k.p.NodeInfo        No instantiation for #107. Probably branch label not up to date in orLeft 
86204      WARN  main            d.u.i.k.p.NodeInfo        No instantiation for #106. Probably branch label not up to date in orLeft 
86204      WARN  main            d.u.i.k.p.NodeInfo        No instantiation for #107. Probably branch label not up to date in orLeft 
86204      WARN  main            d.u.i.k.p.NodeInfo        No instantiation for #106. Probably branch label not up to date in orLeft 
86204      WARN  main            d.u.i.k.p.NodeInfo        No instantiation for #79. Probably branch label not up to date in orLeft 
86204      WARN  main            d.u.i.k.p.NodeInfo        No instantiation for #79. Probably branch label not up to date in orLeft 
86204      WARN  main            d.u.i.k.p.NodeInfo        No instantiation for #79. Probably branch label not up to date in orLeft 
86204      WARN  main            d.u.i.k.p.NodeInfo        No instantiation for #79. Probably branch label not up to date in orLeft 
86204      WARN  main            d.u.i.k.p.NodeInfo        No instantiation for #79. Probably branch label not up to date in orLeft 
86204      WARN  main            d.u.i.k.p.NodeInfo        No instantiation for #104. Probably branch label not up to date in orLeft 
86204      WARN  main            d.u.i.k.p.NodeInfo        No instantiation for #104. Probably branch label not up to date in orLeft 
86204      WARN  main            d.u.i.k.p.NodeInfo        No instantiation for #104. Probably branch label not up to date in orLeft 
86204      WARN  main            d.u.i.k.p.NodeInfo        No instantiation for #104. Probably branch label not up to date in orLeft 
86204      WARN  main            d.u.i.k.p.NodeInfo        No instantiation for #105. Probably branch label not up to date in orLeft 
86204      WARN  main            d.u.i.k.p.NodeInfo        No instantiation for #105. Probably branch label not up to date in orLeft 
86204      WARN  main            d.u.i.k.p.NodeInfo        No instantiation for #105. Probably branch label not up to date in orLeft 
86204      WARN  main            d.u.i.k.p.NodeInfo        No instantiation for #105. Probably branch label not up to date in orLeft 
86204      WARN  main            d.u.i.k.p.NodeInfo        No instantiation for #106. Probably branch label not up to date in orLeft 
86204      WARN  main            d.u.i.k.p.NodeInfo        No instantiation for #106. Probably branch label not up to date in orLeft 
86204      WARN  main            d.u.i.k.p.NodeInfo        No instantiation for #106. Probably branch label not up to date in orLeft 
86204      WARN  main            d.u.i.k.p.NodeInfo        No instantiation for #107. Probably branch label not up to date in orLeft 
86204      WARN  main            d.u.i.k.p.NodeInfo        No instantiation for #107. Probably branch label not up to date in orLeft 
86204      WARN  main            d.u.i.k.p.NodeInfo        No instantiation for #107. Probably branch label not up to date in orLeft 
86204      WARN  main            d.u.i.k.p.NodeInfo        No instantiation for #106. Probably branch label not up to date in orLeft 
86204      WARN  main            d.u.i.k.p.NodeInfo        No instantiation for #107. Probably branch label not up to date in orLeft 
86204      WARN  main            d.u.i.k.p.NodeInfo        No instantiation for #106. Probably branch label not up to date in orLeft 
86205      WARN  main            d.u.i.k.p.NodeInfo        No instantiation for #79. Probably branch label not up to date in orLeft 
86205      WARN  main            d.u.i.k.p.NodeInfo        No instantiation for #79. Probably branch label not up to date in orLeft 
86205      WARN  main            d.u.i.k.p.NodeInfo        No instantiation for #79. Probably branch label not up to date in orLeft 
86205      WARN  main            d.u.i.k.p.NodeInfo        No instantiation for #79. Probably branch label not up to date in orLeft 
86205      WARN  main            d.u.i.k.p.NodeInfo        No instantiation for #79. Probably branch label not up to date in orLeft 
86205      WARN  main            d.u.i.k.p.NodeInfo        No instantiation for #104. Probably branch label not up to date in orLeft 
86205      WARN  main            d.u.i.k.p.NodeInfo        No instantiation for #104. Probably branch label not up to date in orLeft 
86205      WARN  main            d.u.i.k.p.NodeInfo        No instantiation for #104. Probably branch label not up to date in orLeft 
86205      WARN  main            d.u.i.k.p.NodeInfo        No instantiation for #104. Probably branch label not up to date in orLeft 
86205      WARN  main            d.u.i.k.p.NodeInfo        No instantiation for #105. Probably branch label not up to date in orLeft 
86205      WARN  main            d.u.i.k.p.NodeInfo        No instantiation for #105. Probably branch label not up to date in orLeft 
86205      WARN  main            d.u.i.k.p.NodeInfo        No instantiation for #105. Probably branch label not up to date in orLeft 
86205      WARN  main            d.u.i.k.p.NodeInfo        No instantiation for #105. Probably branch label not up to date in orLeft 
86205      WARN  main            d.u.i.k.p.NodeInfo        No instantiation for #106. Probably branch label not up to date in orLeft 
86205      WARN  main            d.u.i.k.p.NodeInfo        No instantiation for #106. Probably branch label not up to date in orLeft 
86205      WARN  main            d.u.i.k.p.NodeInfo        No instantiation for #106. Probably branch label not up to date in orLeft 
86205      WARN  main            d.u.i.k.p.NodeInfo        No instantiation for #107. Probably branch label not up to date in orLeft 
86205      WARN  main            d.u.i.k.p.NodeInfo        No instantiation for #107. Probably branch label not up to date in orLeft 
86205      WARN  main            d.u.i.k.p.NodeInfo        No instantiation for #107. Probably branch label not up to date in orLeft 
86205      WARN  main            d.u.i.k.p.NodeInfo        No instantiation for #106. Probably branch label not up to date in orLeft 
86205      WARN  main            d.u.i.k.p.NodeInfo        No instantiation for #107. Probably branch label not up to date in orLeft 
86205      WARN  main            d.u.i.k.p.NodeInfo        No instantiation for #106. Probably branch label not up to date in orLeft 
86205      WARN  main            d.u.i.k.p.NodeInfo        No instantiation for #79. Probably branch label not up to date in orLeft 
86205      WARN  main            d.u.i.k.p.NodeInfo        No instantiation for #79. Probably branch label not up to date in orLeft 
86205      WARN  main            d.u.i.k.p.NodeInfo        No instantiation for #79. Probably branch label not up to date in orLeft 
86205      WARN  main            d.u.i.k.p.NodeInfo        No instantiation for #79. Probably branch label not up to date in orLeft 
86205      WARN  main            d.u.i.k.p.NodeInfo        No instantiation for #79. Probably branch label not up to date in orLeft 
86205      WARN  main            d.u.i.k.p.NodeInfo        No instantiation for #104. Probably branch label not up to date in orLeft 
86205      WARN  main            d.u.i.k.p.NodeInfo        No instantiation for #104. Probably branch label not up to date in orLeft 
86205      WARN  main            d.u.i.k.p.NodeInfo        No instantiation for #104. Probably branch label not up to date in orLeft 
86205      WARN  main            d.u.i.k.p.NodeInfo        No instantiation for #104. Probably branch label not up to date in orLeft 
86205      WARN  main            d.u.i.k.p.NodeInfo        No instantiation for #105. Probably branch label not up to date in orLeft 
86205      WARN  main            d.u.i.k.p.NodeInfo        No instantiation for #105. Probably branch label not up to date in orLeft 
86205      WARN  main            d.u.i.k.p.NodeInfo        No instantiation for #105. Probably branch label not up to date in orLeft 
86205      WARN  main            d.u.i.k.p.NodeInfo        No instantiation for #105. Probably branch label not up to date in orLeft 
86205      WARN  main            d.u.i.k.p.NodeInfo        No instantiation for #106. Probably branch label not up to date in orLeft 
86205      WARN  main            d.u.i.k.p.NodeInfo        No instantiation for #106. Probably branch label not up to date in orLeft 
86205      WARN  main            d.u.i.k.p.NodeInfo        No instantiation for #106. Probably branch label not up to date in orLeft 
86205      WARN  main            d.u.i.k.p.NodeInfo        No instantiation for #107. Probably branch label not up to date in orLeft 
86205      WARN  main            d.u.i.k.p.NodeInfo        No instantiation for #107. Probably branch label not up to date in orLeft 
86205      WARN  main            d.u.i.k.p.NodeInfo        No instantiation for #107. Probably branch label not up to date in orLeft 
86205      WARN  main            d.u.i.k.p.NodeInfo        No instantiation for #106. Probably branch label not up to date in orLeft 
86205      WARN  main            d.u.i.k.p.NodeInfo        No instantiation for #107. Probably branch label not up to date in orLeft 
86205      WARN  main            d.u.i.k.p.NodeInfo        No instantiation for #106. Probably branch label not up to date in orLeft 
86205      WARN  main            d.u.i.k.p.NodeInfo        No instantiation for #79. Probably branch label not up to date in orLeft 
86205      WARN  main            d.u.i.k.p.NodeInfo        No instantiation for #79. Probably branch label not up to date in orLeft 
86205      WARN  main            d.u.i.k.p.NodeInfo        No instantiation for #79. Probably branch label not up to date in orLeft 
86205      WARN  main            d.u.i.k.p.NodeInfo        No instantiation for #79. Probably branch label not up to date in orLeft 
86205      WARN  main            d.u.i.k.p.NodeInfo        No instantiation for #79. Probably branch label not up to date in orLeft 
86205      WARN  main            d.u.i.k.p.NodeInfo        No instantiation for #104. Probably branch label not up to date in orLeft 
86205      WARN  main            d.u.i.k.p.NodeInfo        No instantiation for #104. Probably branch label not up to date in orLeft 
86205      WARN  main            d.u.i.k.p.NodeInfo        No instantiation for #104. Probably branch label not up to date in orLeft 
86205      WARN  main            d.u.i.k.p.NodeInfo        No instantiation for #104. Probably branch label not up to date in orLeft 
86205      WARN  main            d.u.i.k.p.NodeInfo        No instantiation for #105. Probably branch label not up to date in orLeft 
86205      WARN  main            d.u.i.k.p.NodeInfo        No instantiation for #105. Probably branch label not up to date in orLeft 
86205      WARN  main            d.u.i.k.p.NodeInfo        No instantiation for #105. Probably branch label not up to date in orLeft 
86205      WARN  main            d.u.i.k.p.NodeInfo        No instantiation for #105. Probably branch label not up to date in orLeft 
86205      WARN  main            d.u.i.k.p.NodeInfo        No instantiation for #106. Probably branch label not up to date in orLeft 
86205      WARN  main            d.u.i.k.p.NodeInfo        No instantiation for #106. Probably branch label not up to date in orLeft 
86205      WARN  main            d.u.i.k.p.NodeInfo        No instantiation for #106. Probably branch label not up to date in orLeft 
86205      WARN  main            d.u.i.k.p.NodeInfo        No instantiation for #107. Probably branch label not up to date in orLeft 
86205      WARN  main            d.u.i.k.p.NodeInfo        No instantiation for #107. Probably branch label not up to date in orLeft 
86205      WARN  main            d.u.i.k.p.NodeInfo        No instantiation for #107. Probably branch label not up to date in orLeft 
86205      WARN  main            d.u.i.k.p.NodeInfo        No instantiation for #106. Probably branch label not up to date in orLeft 
86205      WARN  main            d.u.i.k.p.NodeInfo        No instantiation for #107. Probably branch label not up to date in orLeft 
86205      WARN  main            d.u.i.k.p.NodeInfo        No instantiation for #106. Probably branch label not up to date in orLeft 
86205      WARN  main            d.u.i.k.p.NodeInfo        No instantiation for #79. Probably branch label not up to date in orLeft 
86205      WARN  main            d.u.i.k.p.NodeInfo        No instantiation for #79. Probably branch label not up to date in orLeft 
86205      WARN  main            d.u.i.k.p.NodeInfo        No instantiation for #79. Probably branch label not up to date in orLeft 
86205      WARN  main            d.u.i.k.p.NodeInfo        No instantiation for #79. Probably branch label not up to date in orLeft 
86205      WARN  main            d.u.i.k.p.NodeInfo        No instantiation for #79. Probably branch label not up to date in orLeft 
86205      WARN  main            d.u.i.k.p.NodeInfo        No instantiation for #104. Probably branch label not up to date in orLeft 
86205      WARN  main            d.u.i.k.p.NodeInfo        No instantiation for #104. Probably branch label not up to date in orLeft 
86205      WARN  main            d.u.i.k.p.NodeInfo        No instantiation for #104. Probably branch label not up to date in orLeft 
86205      WARN  main            d.u.i.k.p.NodeInfo        No instantiation for #104. Probably branch label not up to date in orLeft 
86205      WARN  main            d.u.i.k.p.NodeInfo        No instantiation for #105. Probably branch label not up to date in orLeft 
86205      WARN  main            d.u.i.k.p.NodeInfo        No instantiation for #105. Probably branch label not up to date in orLeft 
86205      WARN  main            d.u.i.k.p.NodeInfo        No instantiation for #105. Probably branch label not up to date in orLeft 
86205      WARN  main            d.u.i.k.p.NodeInfo        No instantiation for #105. Probably branch label not up to date in orLeft 
86205      WARN  main            d.u.i.k.p.NodeInfo        No instantiation for #106. Probably branch label not up to date in orLeft 
86205      WARN  main            d.u.i.k.p.NodeInfo        No instantiation for #106. Probably branch label not up to date in orLeft 
86205      WARN  main            d.u.i.k.p.NodeInfo        No instantiation for #106. Probably branch label not up to date in orLeft 
86205      WARN  main            d.u.i.k.p.NodeInfo        No instantiation for #107. Probably branch label not up to date in orLeft 
86205      WARN  main            d.u.i.k.p.NodeInfo        No instantiation for #107. Probably branch label not up to date in orLeft 
86205      WARN  main            d.u.i.k.p.NodeInfo        No instantiation for #107. Probably branch label not up to date in orLeft 
86205      WARN  main            d.u.i.k.p.NodeInfo        No instantiation for #106. Probably branch label not up to date in orLeft 
86205      WARN  main            d.u.i.k.p.NodeInfo        No instantiation for #107. Probably branch label not up to date in orLeft 
86205      WARN  main            d.u.i.k.p.NodeInfo        No instantiation for #106. Probably branch label not up to date in orLeft 
86243      WARN  main            d.u.i.k.p.NodeInfo        No instantiation for #104. Probably branch label not up to date in orLeft 
86243      WARN  main            d.u.i.k.p.NodeInfo        No instantiation for #104. Probably branch label not up to date in orLeft 
86243      WARN  main            d.u.i.k.p.NodeInfo        No instantiation for #104. Probably branch label not up to date in orLeft 
86243      WARN  main            d.u.i.k.p.NodeInfo        No instantiation for #104. Probably branch label not up to date in orLeft 
86243      WARN  main            d.u.i.k.p.NodeInfo        No instantiation for #105. Probably branch label not up to date in orLeft 
86243      WARN  main            d.u.i.k.p.NodeInfo        No instantiation for #105. Probably branch label not up to date in orLeft 
86243      WARN  main            d.u.i.k.p.NodeInfo        No instantiation for #105. Probably branch label not up to date in orLeft 
86243      WARN  main            d.u.i.k.p.NodeInfo        No instantiation for #105. Probably branch label not up to date in orLeft 
86243      WARN  main            d.u.i.k.p.NodeInfo        No instantiation for #106. Probably branch label not up to date in orLeft 
86243      WARN  main            d.u.i.k.p.NodeInfo        No instantiation for #106. Probably branch label not up to date in orLeft 
86243      WARN  main            d.u.i.k.p.NodeInfo        No instantiation for #106. Probably branch label not up to date in orLeft 
86243      WARN  main            d.u.i.k.p.NodeInfo        No instantiation for #107. Probably branch label not up to date in orLeft 
86243      WARN  main            d.u.i.k.p.NodeInfo        No instantiation for #107. Probably branch label not up to date in orLeft 
86243      WARN  main            d.u.i.k.p.NodeInfo        No instantiation for #107. Probably branch label not up to date in orLeft 
86243      WARN  main            d.u.i.k.p.NodeInfo        No instantiation for #106. Probably branch label not up to date in orLeft 
86243      WARN  main            d.u.i.k.p.NodeInfo        No instantiation for #107. Probably branch label not up to date in orLeft 
86243      WARN  main            d.u.i.k.p.NodeInfo        No instantiation for #106. Probably branch label not up to date in orLeft 
86243      WARN  main            d.u.i.k.p.NodeInfo        No instantiation for #79. Probably branch label not up to date in orLeft 
86243      WARN  main            d.u.i.k.p.NodeInfo        No instantiation for #79. Probably branch label not up to date in orLeft 
86243      WARN  main            d.u.i.k.p.NodeInfo        No instantiation for #79. Probably branch label not up to date in orLeft 
86243      WARN  main            d.u.i.k.p.NodeInfo        No instantiation for #79. Probably branch label not up to date in orLeft 
86243      WARN  main            d.u.i.k.p.NodeInfo        No instantiation for #79. Probably branch label not up to date in orLeft 
86243      WARN  main            d.u.i.k.p.NodeInfo        No instantiation for #104. Probably branch label not up to date in orLeft 
86243      WARN  main            d.u.i.k.p.NodeInfo        No instantiation for #104. Probably branch label not up to date in orLeft 
86243      WARN  main            d.u.i.k.p.NodeInfo        No instantiation for #104. Probably branch label not up to date in orLeft 
86243      WARN  main            d.u.i.k.p.NodeInfo        No instantiation for #104. Probably branch label not up to date in orLeft 
86243      WARN  main            d.u.i.k.p.NodeInfo        No instantiation for #105. Probably branch label not up to date in orLeft 
86243      WARN  main            d.u.i.k.p.NodeInfo        No instantiation for #105. Probably branch label not up to date in orLeft 
86243      WARN  main            d.u.i.k.p.NodeInfo        No instantiation for #105. Probably branch label not up to date in orLeft 
86243      WARN  main            d.u.i.k.p.NodeInfo        No instantiation for #105. Probably branch label not up to date in orLeft 
86243      WARN  main            d.u.i.k.p.NodeInfo        No instantiation for #106. Probably branch label not up to date in orLeft 
86243      WARN  main            d.u.i.k.p.NodeInfo        No instantiation for #106. Probably branch label not up to date in orLeft 
86243      WARN  main            d.u.i.k.p.NodeInfo        No instantiation for #106. Probably branch label not up to date in orLeft 
86243      WARN  main            d.u.i.k.p.NodeInfo        No instantiation for #107. Probably branch label not up to date in orLeft 
86243      WARN  main            d.u.i.k.p.NodeInfo        No instantiation for #107. Probably branch label not up to date in orLeft 
86243      WARN  main            d.u.i.k.p.NodeInfo        No instantiation for #107. Probably branch label not up to date in orLeft 
86243      WARN  main            d.u.i.k.p.NodeInfo        No instantiation for #106. Probably branch label not up to date in orLeft 
86243      WARN  main            d.u.i.k.p.NodeInfo        No instantiation for #107. Probably branch label not up to date in orLeft 
86243      WARN  main            d.u.i.k.p.NodeInfo        No instantiation for #106. Probably branch label not up to date in orLeft 
86250      WARN  main            d.u.i.k.p.NodeInfo        No instantiation for #104. Probably branch label not up to date in orLeft 
86250      WARN  main            d.u.i.k.p.NodeInfo        No instantiation for #104. Probably branch label not up to date in orLeft 
86250      WARN  main            d.u.i.k.p.NodeInfo        No instantiation for #104. Probably branch label not up to date in orLeft 
86250      WARN  main            d.u.i.k.p.NodeInfo        No instantiation for #104. Probably branch label not up to date in orLeft 
86250      WARN  main            d.u.i.k.p.NodeInfo        No instantiation for #105. Probably branch label not up to date in orLeft 
86250      WARN  main            d.u.i.k.p.NodeInfo        No instantiation for #105. Probably branch label not up to date in orLeft 
86250      WARN  main            d.u.i.k.p.NodeInfo        No instantiation for #105. Probably branch label not up to date in orLeft 
86250      WARN  main            d.u.i.k.p.NodeInfo        No instantiation for #105. Probably branch label not up to date in orLeft 
86250      WARN  main            d.u.i.k.p.NodeInfo        No instantiation for #106. Probably branch label not up to date in orLeft 
86250      WARN  main            d.u.i.k.p.NodeInfo        No instantiation for #106. Probably branch label not up to date in orLeft 
86250      WARN  main            d.u.i.k.p.NodeInfo        No instantiation for #106. Probably branch label not up to date in orLeft 
86250      WARN  main            d.u.i.k.p.NodeInfo        No instantiation for #107. Probably branch label not up to date in orLeft 
86250      WARN  main            d.u.i.k.p.NodeInfo        No instantiation for #107. Probably branch label not up to date in orLeft 
86250      WARN  main            d.u.i.k.p.NodeInfo        No instantiation for #107. Probably branch label not up to date in orLeft 
86250      WARN  main            d.u.i.k.p.NodeInfo        No instantiation for #106. Probably branch label not up to date in orLeft 
86250      WARN  main            d.u.i.k.p.NodeInfo        No instantiation for #107. Probably branch label not up to date in orLeft 
86250      WARN  main            d.u.i.k.p.NodeInfo        No instantiation for #106. Probably branch label not up to date in orLeft 
86250      WARN  main            d.u.i.k.p.NodeInfo        No instantiation for #79. Probably branch label not up to date in orLeft 
86250      WARN  main            d.u.i.k.p.NodeInfo        No instantiation for #79. Probably branch label not up to date in orLeft 
86250      WARN  main            d.u.i.k.p.NodeInfo        No instantiation for #79. Probably branch label not up to date in orLeft 
86250      WARN  main            d.u.i.k.p.NodeInfo        No instantiation for #79. Probably branch label not up to date in orLeft 
86250      WARN  main            d.u.i.k.p.NodeInfo        No instantiation for #79. Probably branch label not up to date in orLeft 
86250      WARN  main            d.u.i.k.p.NodeInfo        No instantiation for #104. Probably branch label not up to date in orLeft 
86250      WARN  main            d.u.i.k.p.NodeInfo        No instantiation for #104. Probably branch label not up to date in orLeft 
86250      WARN  main            d.u.i.k.p.NodeInfo        No instantiation for #104. Probably branch label not up to date in orLeft 
86250      WARN  main            d.u.i.k.p.NodeInfo        No instantiation for #104. Probably branch label not up to date in orLeft 
86250      WARN  main            d.u.i.k.p.NodeInfo        No instantiation for #105. Probably branch label not up to date in orLeft 
86250      WARN  main            d.u.i.k.p.NodeInfo        No instantiation for #105. Probably branch label not up to date in orLeft 
86250      WARN  main            d.u.i.k.p.NodeInfo        No instantiation for #105. Probably branch label not up to date in orLeft 
86250      WARN  main            d.u.i.k.p.NodeInfo        No instantiation for #105. Probably branch label not up to date in orLeft 
86250      WARN  main            d.u.i.k.p.NodeInfo        No instantiation for #106. Probably branch label not up to date in orLeft 
86250      WARN  main            d.u.i.k.p.NodeInfo        No instantiation for #106. Probably branch label not up to date in orLeft 
86250      WARN  main            d.u.i.k.p.NodeInfo        No instantiation for #106. Probably branch label not up to date in orLeft 
86250      WARN  main            d.u.i.k.p.NodeInfo        No instantiation for #107. Probably branch label not up to date in orLeft 
86250      WARN  main            d.u.i.k.p.NodeInfo        No instantiation for #107. Probably branch label not up to date in orLeft 
86250      WARN  main            d.u.i.k.p.NodeInfo        No instantiation for #107. Probably branch label not up to date in orLeft 
86250      WARN  main            d.u.i.k.p.NodeInfo        No instantiation for #106. Probably branch label not up to date in orLeft 
86250      WARN  main            d.u.i.k.p.NodeInfo        No instantiation for #107. Probably branch label not up to date in orLeft 
86250      WARN  main            d.u.i.k.p.NodeInfo        No instantiation for #106. Probably branch label not up to date in orLeft 
86250      WARN  main            d.u.i.k.p.NodeInfo        No instantiation for #79. Probably branch label not up to date in orLeft 
86250      WARN  main            d.u.i.k.p.NodeInfo        No instantiation for #79. Probably branch label not up to date in orLeft 
86251      WARN  main            d.u.i.k.p.NodeInfo        No instantiation for #79. Probably branch label not up to date in orLeft 
86251      WARN  main            d.u.i.k.p.NodeInfo        No instantiation for #79. Probably branch label not up to date in orLeft 
86251      WARN  main            d.u.i.k.p.NodeInfo        No instantiation for #79. Probably branch label not up to date in orLeft 
86251      WARN  main            d.u.i.k.p.NodeInfo        No instantiation for #104. Probably branch label not up to date in orLeft 
86251      WARN  main            d.u.i.k.p.NodeInfo        No instantiation for #104. Probably branch label not up to date in orLeft 
86251      WARN  main            d.u.i.k.p.NodeInfo        No instantiation for #104. Probably branch label not up to date in orLeft 
86251      WARN  main            d.u.i.k.p.NodeInfo        No instantiation for #104. Probably branch label not up to date in orLeft 
86251      WARN  main            d.u.i.k.p.NodeInfo        No instantiation for #105. Probably branch label not up to date in orLeft 
86251      WARN  main            d.u.i.k.p.NodeInfo        No instantiation for #105. Probably branch label not up to date in orLeft 
86251      WARN  main            d.u.i.k.p.NodeInfo        No instantiation for #105. Probably branch label not up to date in orLeft 
86251      WARN  main            d.u.i.k.p.NodeInfo        No instantiation for #105. Probably branch label not up to date in orLeft 
86251      WARN  main            d.u.i.k.p.NodeInfo        No instantiation for #106. Probably branch label not up to date in orLeft 
86251      WARN  main            d.u.i.k.p.NodeInfo        No instantiation for #106. Probably branch label not up to date in orLeft 
86251      WARN  main            d.u.i.k.p.NodeInfo        No instantiation for #106. Probably branch label not up to date in orLeft 
86251      WARN  main            d.u.i.k.p.NodeInfo        No instantiation for #107. Probably branch label not up to date in orLeft 
86251      WARN  main            d.u.i.k.p.NodeInfo        No instantiation for #107. Probably branch label not up to date in orLeft 
86251      WARN  main            d.u.i.k.p.NodeInfo        No instantiation for #107. Probably branch label not up to date in orLeft 
86251      WARN  main            d.u.i.k.p.NodeInfo        No instantiation for #106. Probably branch label not up to date in orLeft 
86251      WARN  main            d.u.i.k.p.NodeInfo        No instantiation for #107. Probably branch label not up to date in orLeft 
86251      WARN  main            d.u.i.k.p.NodeInfo        No instantiation for #106. Probably branch label not up to date in orLeft 
86251      WARN  main            d.u.i.k.p.NodeInfo        No instantiation for #79. Probably branch label not up to date in orLeft 
86251      WARN  main            d.u.i.k.p.NodeInfo        No instantiation for #79. Probably branch label not up to date in orLeft 
86251      WARN  main            d.u.i.k.p.NodeInfo        No instantiation for #79. Probably branch label not up to date in orLeft 
86251      WARN  main            d.u.i.k.p.NodeInfo        No instantiation for #79. Probably branch label not up to date in orLeft 
86251      WARN  main            d.u.i.k.p.NodeInfo        No instantiation for #79. Probably branch label not up to date in orLeft 
86251      WARN  main            d.u.i.k.p.NodeInfo        No instantiation for #104. Probably branch label not up to date in orLeft 
86251      WARN  main            d.u.i.k.p.NodeInfo        No instantiation for #104. Probably branch label not up to date in orLeft 
86251      WARN  main            d.u.i.k.p.NodeInfo        No instantiation for #104. Probably branch label not up to date in orLeft 
86251      WARN  main            d.u.i.k.p.NodeInfo        No instantiation for #104. Probably branch label not up to date in orLeft 
86251      WARN  main            d.u.i.k.p.NodeInfo        No instantiation for #105. Probably branch label not up to date in orLeft 
86251      WARN  main            d.u.i.k.p.NodeInfo        No instantiation for #105. Probably branch label not up to date in orLeft 
86251      WARN  main            d.u.i.k.p.NodeInfo        No instantiation for #105. Probably branch label not up to date in orLeft 
86251      WARN  main            d.u.i.k.p.NodeInfo        No instantiation for #105. Probably branch label not up to date in orLeft 
86251      WARN  main            d.u.i.k.p.NodeInfo        No instantiation for #106. Probably branch label not up to date in orLeft 
86251      WARN  main            d.u.i.k.p.NodeInfo        No instantiation for #106. Probably branch label not up to date in orLeft 
86251      WARN  main            d.u.i.k.p.NodeInfo        No instantiation for #106. Probably branch label not up to date in orLeft 
86251      WARN  main            d.u.i.k.p.NodeInfo        No instantiation for #107. Probably branch label not up to date in orLeft 
86251      WARN  main            d.u.i.k.p.NodeInfo        No instantiation for #107. Probably branch label not up to date in orLeft 
86251      WARN  main            d.u.i.k.p.NodeInfo        No instantiation for #107. Probably branch label not up to date in orLeft 
86251      WARN  main            d.u.i.k.p.NodeInfo        No instantiation for #106. Probably branch label not up to date in orLeft 
86251      WARN  main            d.u.i.k.p.NodeInfo        No instantiation for #107. Probably branch label not up to date in orLeft 
86251      WARN  main            d.u.i.k.p.NodeInfo        No instantiation for #106. Probably branch label not up to date in orLeft 
86251      WARN  main            d.u.i.k.p.NodeInfo        No instantiation for #79. Probably branch label not up to date in orLeft 
86251      WARN  main            d.u.i.k.p.NodeInfo        No instantiation for #79. Probably branch label not up to date in orLeft 
86251      WARN  main            d.u.i.k.p.NodeInfo        No instantiation for #79. Probably branch label not up to date in orLeft 
86251      WARN  main            d.u.i.k.p.NodeInfo        No instantiation for #79. Probably branch label not up to date in orLeft 
86251      WARN  main            d.u.i.k.p.NodeInfo        No instantiation for #79. Probably branch label not up to date in orLeft 
86277      WARN  main            d.u.i.k.p.NodeInfo        No instantiation for #104. Probably branch label not up to date in orLeft 
86277      WARN  main            d.u.i.k.p.NodeInfo        No instantiation for #104. Probably branch label not up to date in orLeft 
86277      WARN  main            d.u.i.k.p.NodeInfo        No instantiation for #104. Probably branch label not up to date in orLeft 
86277      WARN  main            d.u.i.k.p.NodeInfo        No instantiation for #104. Probably branch label not up to date in orLeft 
86277      WARN  main            d.u.i.k.p.NodeInfo        No instantiation for #105. Probably branch label not up to date in orLeft 
86277      WARN  main            d.u.i.k.p.NodeInfo        No instantiation for #105. Probably branch label not up to date in orLeft 
86277      WARN  main            d.u.i.k.p.NodeInfo        No instantiation for #105. Probably branch label not up to date in orLeft 
86277      WARN  main            d.u.i.k.p.NodeInfo        No instantiation for #105. Probably branch label not up to date in orLeft 
86277      WARN  main            d.u.i.k.p.NodeInfo        No instantiation for #106. Probably branch label not up to date in orLeft 
86277      WARN  main            d.u.i.k.p.NodeInfo        No instantiation for #106. Probably branch label not up to date in orLeft 
86277      WARN  main            d.u.i.k.p.NodeInfo        No instantiation for #106. Probably branch label not up to date in orLeft 
86277      WARN  main            d.u.i.k.p.NodeInfo        No instantiation for #107. Probably branch label not up to date in orLeft 
86277      WARN  main            d.u.i.k.p.NodeInfo        No instantiation for #107. Probably branch label not up to date in orLeft 
86277      WARN  main            d.u.i.k.p.NodeInfo        No instantiation for #107. Probably branch label not up to date in orLeft 
86277      WARN  main            d.u.i.k.p.NodeInfo        No instantiation for #106. Probably branch label not up to date in orLeft 
86277      WARN  main            d.u.i.k.p.NodeInfo        No instantiation for #107. Probably branch label not up to date in orLeft 
86277      WARN  main            d.u.i.k.p.NodeInfo        No instantiation for #106. Probably branch label not up to date in orLeft 
86277      WARN  main            d.u.i.k.p.NodeInfo        No instantiation for #79. Probably branch label not up to date in orLeft 
86277      WARN  main            d.u.i.k.p.NodeInfo        No instantiation for #79. Probably branch label not up to date in orLeft 
86277      WARN  main            d.u.i.k.p.NodeInfo        No instantiation for #79. Probably branch label not up to date in orLeft 
86277      WARN  main            d.u.i.k.p.NodeInfo        No instantiation for #79. Probably branch label not up to date in orLeft 
86277      WARN  main            d.u.i.k.p.NodeInfo        No instantiation for #79. Probably branch label not up to date in orLeft 
86277      WARN  main            d.u.i.k.p.NodeInfo        No instantiation for #104. Probably branch label not up to date in orLeft 
86278      WARN  main            d.u.i.k.p.NodeInfo        No instantiation for #104. Probably branch label not up to date in orLeft 
86278      WARN  main            d.u.i.k.p.NodeInfo        No instantiation for #104. Probably branch label not up to date in orLeft 
86278      WARN  main            d.u.i.k.p.NodeInfo        No instantiation for #104. Probably branch label not up to date in orLeft 
86278      WARN  main            d.u.i.k.p.NodeInfo        No instantiation for #105. Probably branch label not up to date in orLeft 
86278      WARN  main            d.u.i.k.p.NodeInfo        No instantiation for #105. Probably branch label not up to date in orLeft 
86278      WARN  main            d.u.i.k.p.NodeInfo        No instantiation for #105. Probably branch label not up to date in orLeft 
86278      WARN  main            d.u.i.k.p.NodeInfo        No instantiation for #105. Probably branch label not up to date in orLeft 
86278      WARN  main            d.u.i.k.p.NodeInfo        No instantiation for #106. Probably branch label not up to date in orLeft 
86278      WARN  main            d.u.i.k.p.NodeInfo        No instantiation for #106. Probably branch label not up to date in orLeft 
86278      WARN  main            d.u.i.k.p.NodeInfo        No instantiation for #106. Probably branch label not up to date in orLeft 
86278      WARN  main            d.u.i.k.p.NodeInfo        No instantiation for #107. Probably branch label not up to date in orLeft 
86278      WARN  main            d.u.i.k.p.NodeInfo        No instantiation for #107. Probably branch label not up to date in orLeft 
86278      WARN  main            d.u.i.k.p.NodeInfo        No instantiation for #107. Probably branch label not up to date in orLeft 
86278      WARN  main            d.u.i.k.p.NodeInfo        No instantiation for #106. Probably branch label not up to date in orLeft 
86278      WARN  main            d.u.i.k.p.NodeInfo        No instantiation for #107. Probably branch label not up to date in orLeft 
86278      WARN  main            d.u.i.k.p.NodeInfo        No instantiation for #106. Probably branch label not up to date in orLeft 
86278      WARN  main            d.u.i.k.p.NodeInfo        No instantiation for #79. Probably branch label not up to date in orLeft 
86278      WARN  main            d.u.i.k.p.NodeInfo        No instantiation for #79. Probably branch label not up to date in orLeft 
86278      WARN  main            d.u.i.k.p.NodeInfo        No instantiation for #79. Probably branch label not up to date in orLeft 
86278      WARN  main            d.u.i.k.p.NodeInfo        No instantiation for #79. Probably branch label not up to date in orLeft 
86278      WARN  main            d.u.i.k.p.NodeInfo        No instantiation for #79. Probably branch label not up to date in orLeft 
86326      WARN  main            d.u.i.k.p.NodeInfo        No instantiation for #104. Probably branch label not up to date in orLeft 
86326      WARN  main            d.u.i.k.p.NodeInfo        No instantiation for #104. Probably branch label not up to date in orLeft 
86326      WARN  main            d.u.i.k.p.NodeInfo        No instantiation for #104. Probably branch label not up to date in orLeft 
86326      WARN  main            d.u.i.k.p.NodeInfo        No instantiation for #104. Probably branch label not up to date in orLeft 
86326      WARN  main            d.u.i.k.p.NodeInfo        No instantiation for #105. Probably branch label not up to date in orLeft 
86326      WARN  main            d.u.i.k.p.NodeInfo        No instantiation for #105. Probably branch label not up to date in orLeft 
86326      WARN  main            d.u.i.k.p.NodeInfo        No instantiation for #105. Probably branch label not up to date in orLeft 
86326      WARN  main            d.u.i.k.p.NodeInfo        No instantiation for #105. Probably branch label not up to date in orLeft 
86326      WARN  main            d.u.i.k.p.NodeInfo        No instantiation for #106. Probably branch label not up to date in orLeft 
86326      WARN  main            d.u.i.k.p.NodeInfo        No instantiation for #106. Probably branch label not up to date in orLeft 
86326      WARN  main            d.u.i.k.p.NodeInfo        No instantiation for #106. Probably branch label not up to date in orLeft 
86326      WARN  main            d.u.i.k.p.NodeInfo        No instantiation for #107. Probably branch label not up to date in orLeft 
86326      WARN  main            d.u.i.k.p.NodeInfo        No instantiation for #107. Probably branch label not up to date in orLeft 
86326      WARN  main            d.u.i.k.p.NodeInfo        No instantiation for #107. Probably branch label not up to date in orLeft 
86326      WARN  main            d.u.i.k.p.NodeInfo        No instantiation for #106. Probably branch label not up to date in orLeft 
86326      WARN  main            d.u.i.k.p.NodeInfo        No instantiation for #107. Probably branch label not up to date in orLeft 
86326      WARN  main            d.u.i.k.p.NodeInfo        No instantiation for #106. Probably branch label not up to date in orLeft 
86326      WARN  main            d.u.i.k.p.NodeInfo        No instantiation for #79. Probably branch label not up to date in orLeft 
86326      WARN  main            d.u.i.k.p.NodeInfo        No instantiation for #79. Probably branch label not up to date in orLeft 
86326      WARN  main            d.u.i.k.p.NodeInfo        No instantiation for #79. Probably branch label not up to date in orLeft 
86326      WARN  main            d.u.i.k.p.NodeInfo        No instantiation for #79. Probably branch label not up to date in orLeft 
86326      WARN  main            d.u.i.k.p.NodeInfo        No instantiation for #79. Probably branch label not up to date in orLeft 
86326      WARN  main            d.u.i.k.p.NodeInfo        No instantiation for #104. Probably branch label not up to date in orLeft 
86326      WARN  main            d.u.i.k.p.NodeInfo        No instantiation for #104. Probably branch label not up to date in orLeft 
86326      WARN  main            d.u.i.k.p.NodeInfo        No instantiation for #104. Probably branch label not up to date in orLeft 
86326      WARN  main            d.u.i.k.p.NodeInfo        No instantiation for #104. Probably branch label not up to date in orLeft 
86326      WARN  main            d.u.i.k.p.NodeInfo        No instantiation for #105. Probably branch label not up to date in orLeft 
86326      WARN  main            d.u.i.k.p.NodeInfo        No instantiation for #105. Probably branch label not up to date in orLeft 
86326      WARN  main            d.u.i.k.p.NodeInfo        No instantiation for #105. Probably branch label not up to date in orLeft 
86326      WARN  main            d.u.i.k.p.NodeInfo        No instantiation for #105. Probably branch label not up to date in orLeft 
86326      WARN  main            d.u.i.k.p.NodeInfo        No instantiation for #106. Probably branch label not up to date in orLeft 
86326      WARN  main            d.u.i.k.p.NodeInfo        No instantiation for #106. Probably branch label not up to date in orLeft 
86326      WARN  main            d.u.i.k.p.NodeInfo        No instantiation for #106. Probably branch label not up to date in orLeft 
86326      WARN  main            d.u.i.k.p.NodeInfo        No instantiation for #107. Probably branch label not up to date in orLeft 
86326      WARN  main            d.u.i.k.p.NodeInfo        No instantiation for #107. Probably branch label not up to date in orLeft 
86326      WARN  main            d.u.i.k.p.NodeInfo        No instantiation for #107. Probably branch label not up to date in orLeft 
86326      WARN  main            d.u.i.k.p.NodeInfo        No instantiation for #106. Probably branch label not up to date in orLeft 
86326      WARN  main            d.u.i.k.p.NodeInfo        No instantiation for #107. Probably branch label not up to date in orLeft 
86326      WARN  main            d.u.i.k.p.NodeInfo        No instantiation for #106. Probably branch label not up to date in orLeft 
86326      WARN  main            d.u.i.k.p.NodeInfo        No instantiation for #79. Probably branch label not up to date in orLeft 
86326      WARN  main            d.u.i.k.p.NodeInfo        No instantiation for #79. Probably branch label not up to date in orLeft 
86326      WARN  main            d.u.i.k.p.NodeInfo        No instantiation for #79. Probably branch label not up to date in orLeft 
86326      WARN  main            d.u.i.k.p.NodeInfo        No instantiation for #79. Probably branch label not up to date in orLeft 
86326      WARN  main            d.u.i.k.p.NodeInfo        No instantiation for #79. Probably branch label not up to date in orLeft 
232746     WARN  main            d.u.i.k.p.NodeInfo        No instantiation for #60. Probably branch label not up to date in orLeft 
232746     WARN  main            d.u.i.k.p.NodeInfo        No instantiation for #60. Probably branch label not up to date in orLeft 
232746     WARN  main            d.u.i.k.p.NodeInfo        No instantiation for #60. Probably branch label not up to date in orLeft 
232746     WARN  main            d.u.i.k.p.NodeInfo        No instantiation for #60. Probably branch label not up to date in orLeft 
232746     WARN  main            d.u.i.k.p.NodeInfo        No instantiation for #61. Probably branch label not up to date in orLeft 
232746     WARN  main            d.u.i.k.p.NodeInfo        No instantiation for #61. Probably branch label not up to date in orLeft 
232746     WARN  main            d.u.i.k.p.NodeInfo        No instantiation for #62. Probably branch label not up to date in orLeft 
232746     WARN  main            d.u.i.k.p.NodeInfo        No instantiation for #62. Probably branch label not up to date in orLeft 
232746     WARN  main            d.u.i.k.p.NodeInfo        No instantiation for #63. Probably branch label not up to date in orLeft 
232746     WARN  main            d.u.i.k.p.NodeInfo        No instantiation for #63. Probably branch label not up to date in orLeft 
232746     WARN  main            d.u.i.k.p.NodeInfo        No instantiation for #60. Probably branch label not up to date in orLeft 
232746     WARN  main            d.u.i.k.p.NodeInfo        No instantiation for #60. Probably branch label not up to date in orLeft 
232746     WARN  main            d.u.i.k.p.NodeInfo        No instantiation for #60. Probably branch label not up to date in orLeft 
232746     WARN  main            d.u.i.k.p.NodeInfo        No instantiation for #60. Probably branch label not up to date in orLeft 
232746     WARN  main            d.u.i.k.p.NodeInfo        No instantiation for #61. Probably branch label not up to date in orLeft 
232746     WARN  main            d.u.i.k.p.NodeInfo        No instantiation for #61. Probably branch label not up to date in orLeft 
232746     WARN  main            d.u.i.k.p.NodeInfo        No instantiation for #62. Probably branch label not up to date in orLeft 
232746     WARN  main            d.u.i.k.p.NodeInfo        No instantiation for #62. Probably branch label not up to date in orLeft 
232746     WARN  main            d.u.i.k.p.NodeInfo        No instantiation for #63. Probably branch label not up to date in orLeft 
232746     WARN  main            d.u.i.k.p.NodeInfo        No instantiation for #63. Probably branch label not up to date in orLeft 
232753     WARN  main            d.u.i.k.p.NodeInfo        No instantiation for #60. Probably branch label not up to date in orLeft 
232753     WARN  main            d.u.i.k.p.NodeInfo        No instantiation for #60. Probably branch label not up to date in orLeft 
232753     WARN  main            d.u.i.k.p.NodeInfo        No instantiation for #60. Probably branch label not up to date in orLeft 
232753     WARN  main            d.u.i.k.p.NodeInfo        No instantiation for #60. Probably branch label not up to date in orLeft 
232753     WARN  main            d.u.i.k.p.NodeInfo        No instantiation for #61. Probably branch label not up to date in orLeft 
232753     WARN  main            d.u.i.k.p.NodeInfo        No instantiation for #61. Probably branch label not up to date in orLeft 
232753     WARN  main            d.u.i.k.p.NodeInfo        No instantiation for #62. Probably branch label not up to date in orLeft 
232753     WARN  main            d.u.i.k.p.NodeInfo        No instantiation for #62. Probably branch label not up to date in orLeft 
232753     WARN  main            d.u.i.k.p.NodeInfo        No instantiation for #63. Probably branch label not up to date in orLeft 
232753     WARN  main            d.u.i.k.p.NodeInfo        No instantiation for #63. Probably branch label not up to date in orLeft 
232753     WARN  main            d.u.i.k.p.NodeInfo        No instantiation for #60. Probably branch label not up to date in orLeft 
232753     WARN  main            d.u.i.k.p.NodeInfo        No instantiation for #60. Probably branch label not up to date in orLeft 
232753     WARN  main            d.u.i.k.p.NodeInfo        No instantiation for #60. Probably branch label not up to date in orLeft 
232753     WARN  main            d.u.i.k.p.NodeInfo        No instantiation for #60. Probably branch label not up to date in orLeft 
232753     WARN  main            d.u.i.k.p.NodeInfo        No instantiation for #61. Probably branch label not up to date in orLeft 
232753     WARN  main            d.u.i.k.p.NodeInfo        No instantiation for #61. Probably branch label not up to date in orLeft 
232753     WARN  main            d.u.i.k.p.NodeInfo        No instantiation for #62. Probably branch label not up to date in orLeft 
232753     WARN  main            d.u.i.k.p.NodeInfo        No instantiation for #62. Probably branch label not up to date in orLeft 
232753     WARN  main            d.u.i.k.p.NodeInfo        No instantiation for #63. Probably branch label not up to date in orLeft 
232753     WARN  main            d.u.i.k.p.NodeInfo        No instantiation for #63. Probably branch label not up to date in orLeft 
232753     WARN  main            d.u.i.k.p.NodeInfo        No instantiation for #60. Probably branch label not up to date in orLeft 
232753     WARN  main            d.u.i.k.p.NodeInfo        No instantiation for #60. Probably branch label not up to date in orLeft 
232753     WARN  main            d.u.i.k.p.NodeInfo        No instantiation for #60. Probably branch label not up to date in orLeft 
232753     WARN  main            d.u.i.k.p.NodeInfo        No instantiation for #60. Probably branch label not up to date in orLeft 
232753     WARN  main            d.u.i.k.p.NodeInfo        No instantiation for #61. Probably branch label not up to date in orLeft 
232753     WARN  main            d.u.i.k.p.NodeInfo        No instantiation for #61. Probably branch label not up to date in orLeft 
232753     WARN  main            d.u.i.k.p.NodeInfo        No instantiation for #62. Probably branch label not up to date in orLeft 
232754     WARN  main            d.u.i.k.p.NodeInfo        No instantiation for #62. Probably branch label not up to date in orLeft 
232754     WARN  main            d.u.i.k.p.NodeInfo        No instantiation for #63. Probably branch label not up to date in orLeft 
232754     WARN  main            d.u.i.k.p.NodeInfo        No instantiation for #63. Probably branch label not up to date in orLeft 
232754     WARN  main            d.u.i.k.p.NodeInfo        No instantiation for #60. Probably branch label not up to date in orLeft 
232754     WARN  main            d.u.i.k.p.NodeInfo        No instantiation for #60. Probably branch label not up to date in orLeft 
232754     WARN  main            d.u.i.k.p.NodeInfo        No instantiation for #60. Probably branch label not up to date in orLeft 
232754     WARN  main            d.u.i.k.p.NodeInfo        No instantiation for #60. Probably branch label not up to date in orLeft 
232754     WARN  main            d.u.i.k.p.NodeInfo        No instantiation for #61. Probably branch label not up to date in orLeft 
232754     WARN  main            d.u.i.k.p.NodeInfo        No instantiation for #61. Probably branch label not up to date in orLeft 
232754     WARN  main            d.u.i.k.p.NodeInfo        No instantiation for #62. Probably branch label not up to date in orLeft 
232754     WARN  main            d.u.i.k.p.NodeInfo        No instantiation for #62. Probably branch label not up to date in orLeft 
232754     WARN  main            d.u.i.k.p.NodeInfo        No instantiation for #63. Probably branch label not up to date in orLeft 
232754     WARN  main            d.u.i.k.p.NodeInfo        No instantiation for #63. Probably branch label not up to date in orLeft 
232754     WARN  main            d.u.i.k.p.NodeInfo        No instantiation for #60. Probably branch label not up to date in orLeft 
232754     WARN  main            d.u.i.k.p.NodeInfo        No instantiation for #60. Probably branch label not up to date in orLeft 
232754     WARN  main            d.u.i.k.p.NodeInfo        No instantiation for #60. Probably branch label not up to date in orLeft 
232754     WARN  main            d.u.i.k.p.NodeInfo        No instantiation for #60. Probably branch label not up to date in orLeft 
232754     WARN  main            d.u.i.k.p.NodeInfo        No instantiation for #61. Probably branch label not up to date in orLeft 
232754     WARN  main            d.u.i.k.p.NodeInfo        No instantiation for #61. Probably branch label not up to date in orLeft 
232754     WARN  main            d.u.i.k.p.NodeInfo        No instantiation for #62. Probably branch label not up to date in orLeft 
232754     WARN  main            d.u.i.k.p.NodeInfo        No instantiation for #62. Probably branch label not up to date in orLeft 
232754     WARN  main            d.u.i.k.p.NodeInfo        No instantiation for #63. Probably branch label not up to date in orLeft 
232754     WARN  main            d.u.i.k.p.NodeInfo        No instantiation for #63. Probably branch label not up to date in orLeft 
232754     WARN  main            d.u.i.k.p.NodeInfo        No instantiation for #60. Probably branch label not up to date in orLeft 
232754     WARN  main            d.u.i.k.p.NodeInfo        No instantiation for #60. Probably branch label not up to date in orLeft 
232754     WARN  main            d.u.i.k.p.NodeInfo        No instantiation for #60. Probably branch label not up to date in orLeft 
232754     WARN  main            d.u.i.k.p.NodeInfo        No instantiation for #60. Probably branch label not up to date in orLeft 
232754     WARN  main            d.u.i.k.p.NodeInfo        No instantiation for #61. Probably branch label not up to date in orLeft 
232754     WARN  main            d.u.i.k.p.NodeInfo        No instantiation for #61. Probably branch label not up to date in orLeft 
232754     WARN  main            d.u.i.k.p.NodeInfo        No instantiation for #62. Probably branch label not up to date in orLeft 
232754     WARN  main            d.u.i.k.p.NodeInfo        No instantiation for #62. Probably branch label not up to date in orLeft 
232754     WARN  main            d.u.i.k.p.NodeInfo        No instantiation for #63. Probably branch label not up to date in orLeft 
232754     WARN  main            d.u.i.k.p.NodeInfo        No instantiation for #63. Probably branch label not up to date in orLeft 
232754     WARN  main            d.u.i.k.p.NodeInfo        No instantiation for #60. Probably branch label not up to date in orLeft 
232754     WARN  main            d.u.i.k.p.NodeInfo        No instantiation for #60. Probably branch label not up to date in orLeft 
232754     WARN  main            d.u.i.k.p.NodeInfo        No instantiation for #60. Probably branch label not up to date in orLeft 
232754     WARN  main            d.u.i.k.p.NodeInfo        No instantiation for #60. Probably branch label not up to date in orLeft 
232754     WARN  main            d.u.i.k.p.NodeInfo        No instantiation for #61. Probably branch label not up to date in orLeft 
232754     WARN  main            d.u.i.k.p.NodeInfo        No instantiation for #61. Probably branch label not up to date in orLeft 
232754     WARN  main            d.u.i.k.p.NodeInfo        No instantiation for #62. Probably branch label not up to date in orLeft 
232754     WARN  main            d.u.i.k.p.NodeInfo        No instantiation for #62. Probably branch label not up to date in orLeft 
232754     WARN  main            d.u.i.k.p.NodeInfo        No instantiation for #63. Probably branch label not up to date in orLeft 
232754     WARN  main            d.u.i.k.p.NodeInfo        No instantiation for #63. Probably branch label not up to date in orLeft 
232754     WARN  main            d.u.i.k.p.NodeInfo        No instantiation for #60. Probably branch label not up to date in orLeft 
232754     WARN  main            d.u.i.k.p.NodeInfo        No instantiation for #60. Probably branch label not up to date in orLeft 
232754     WARN  main            d.u.i.k.p.NodeInfo        No instantiation for #60. Probably branch label not up to date in orLeft 
232754     WARN  main            d.u.i.k.p.NodeInfo        No instantiation for #60. Probably branch label not up to date in orLeft 
232754     WARN  main            d.u.i.k.p.NodeInfo        No instantiation for #61. Probably branch label not up to date in orLeft 
232754     WARN  main            d.u.i.k.p.NodeInfo        No instantiation for #61. Probably branch label not up to date in orLeft 
232754     WARN  main            d.u.i.k.p.NodeInfo        No instantiation for #62. Probably branch label not up to date in orLeft 
232754     WARN  main            d.u.i.k.p.NodeInfo        No instantiation for #62. Probably branch label not up to date in orLeft 
232754     WARN  main            d.u.i.k.p.NodeInfo        No instantiation for #63. Probably branch label not up to date in orLeft 
232754     WARN  main            d.u.i.k.p.NodeInfo        No instantiation for #63. Probably branch label not up to date in orLeft 
232754     WARN  main            d.u.i.k.p.NodeInfo        No instantiation for #60. Probably branch label not up to date in orLeft 
232754     WARN  main            d.u.i.k.p.NodeInfo        No instantiation for #60. Probably branch label not up to date in orLeft 
232754     WARN  main            d.u.i.k.p.NodeInfo        No instantiation for #60. Probably branch label not up to date in orLeft 
232754     WARN  main            d.u.i.k.p.NodeInfo        No instantiation for #60. Probably branch label not up to date in orLeft 
232754     WARN  main            d.u.i.k.p.NodeInfo        No instantiation for #61. Probably branch label not up to date in orLeft 
232754     WARN  main            d.u.i.k.p.NodeInfo        No instantiation for #61. Probably branch label not up to date in orLeft 
232754     WARN  main            d.u.i.k.p.NodeInfo        No instantiation for #62. Probably branch label not up to date in orLeft 
232754     WARN  main            d.u.i.k.p.NodeInfo        No instantiation for #62. Probably branch label not up to date in orLeft 
232754     WARN  main            d.u.i.k.p.NodeInfo        No instantiation for #63. Probably branch label not up to date in orLeft 
232754     WARN  main            d.u.i.k.p.NodeInfo        No instantiation for #63. Probably branch label not up to date in orLeft 
232754     WARN  main            d.u.i.k.p.NodeInfo        No instantiation for #60. Probably branch label not up to date in orLeft 
232754     WARN  main            d.u.i.k.p.NodeInfo        No instantiation for #60. Probably branch label not up to date in orLeft 
232754     WARN  main            d.u.i.k.p.NodeInfo        No instantiation for #60. Probably branch label not up to date in orLeft 
232754     WARN  main            d.u.i.k.p.NodeInfo        No instantiation for #60. Probably branch label not up to date in orLeft 
232754     WARN  main            d.u.i.k.p.NodeInfo        No instantiation for #61. Probably branch label not up to date in orLeft 
232754     WARN  main            d.u.i.k.p.NodeInfo        No instantiation for #61. Probably branch label not up to date in orLeft 
232754     WARN  main            d.u.i.k.p.NodeInfo        No instantiation for #62. Probably branch label not up to date in orLeft 
232754     WARN  main            d.u.i.k.p.NodeInfo        No instantiation for #62. Probably branch label not up to date in orLeft 
232754     WARN  main            d.u.i.k.p.NodeInfo        No instantiation for #63. Probably branch label not up to date in orLeft 
232754     WARN  main            d.u.i.k.p.NodeInfo        No instantiation for #63. Probably branch label not up to date in orLeft 
232770     WARN  main            d.u.i.k.p.NodeInfo        No instantiation for #60. Probably branch label not up to date in orLeft 
232770     WARN  main            d.u.i.k.p.NodeInfo        No instantiation for #60. Probably branch label not up to date in orLeft 
232770     WARN  main            d.u.i.k.p.NodeInfo        No instantiation for #60. Probably branch label not up to date in orLeft 
232770     WARN  main            d.u.i.k.p.NodeInfo        No instantiation for #60. Probably branch label not up to date in orLeft 
232770     WARN  main            d.u.i.k.p.NodeInfo        No instantiation for #61. Probably branch label not up to date in orLeft 
232770     WARN  main            d.u.i.k.p.NodeInfo        No instantiation for #61. Probably branch label not up to date in orLeft 
232770     WARN  main            d.u.i.k.p.NodeInfo        No instantiation for #62. Probably branch label not up to date in orLeft 
232770     WARN  main            d.u.i.k.p.NodeInfo        No instantiation for #62. Probably branch label not up to date in orLeft 
232770     WARN  main            d.u.i.k.p.NodeInfo        No instantiation for #63. Probably branch label not up to date in orLeft 
232770     WARN  main            d.u.i.k.p.NodeInfo        No instantiation for #63. Probably branch label not up to date in orLeft 
232770     WARN  main            d.u.i.k.p.NodeInfo        No instantiation for #60. Probably branch label not up to date in orLeft 
232770     WARN  main            d.u.i.k.p.NodeInfo        No instantiation for #60. Probably branch label not up to date in orLeft 
232770     WARN  main            d.u.i.k.p.NodeInfo        No instantiation for #60. Probably branch label not up to date in orLeft 
232770     WARN  main            d.u.i.k.p.NodeInfo        No instantiation for #60. Probably branch label not up to date in orLeft 
232770     WARN  main            d.u.i.k.p.NodeInfo        No instantiation for #61. Probably branch label not up to date in orLeft 
232770     WARN  main            d.u.i.k.p.NodeInfo        No instantiation for #61. Probably branch label not up to date in orLeft 
232770     WARN  main            d.u.i.k.p.NodeInfo        No instantiation for #62. Probably branch label not up to date in orLeft 
232770     WARN  main            d.u.i.k.p.NodeInfo        No instantiation for #62. Probably branch label not up to date in orLeft 
232770     WARN  main            d.u.i.k.p.NodeInfo        No instantiation for #63. Probably branch label not up to date in orLeft 
232770     WARN  main            d.u.i.k.p.NodeInfo        No instantiation for #63. Probably branch label not up to date in orLeft 
232777     WARN  main            d.u.i.k.p.NodeInfo        No instantiation for #60. Probably branch label not up to date in orLeft 
232777     WARN  main            d.u.i.k.p.NodeInfo        No instantiation for #60. Probably branch label not up to date in orLeft 
232777     WARN  main            d.u.i.k.p.NodeInfo        No instantiation for #60. Probably branch label not up to date in orLeft 
232777     WARN  main            d.u.i.k.p.NodeInfo        No instantiation for #60. Probably branch label not up to date in orLeft 
232777     WARN  main            d.u.i.k.p.NodeInfo        No instantiation for #61. Probably branch label not up to date in orLeft 
232777     WARN  main            d.u.i.k.p.NodeInfo        No instantiation for #61. Probably branch label not up to date in orLeft 
232777     WARN  main            d.u.i.k.p.NodeInfo        No instantiation for #62. Probably branch label not up to date in orLeft 
232777     WARN  main            d.u.i.k.p.NodeInfo        No instantiation for #62. Probably branch label not up to date in orLeft 
232777     WARN  main            d.u.i.k.p.NodeInfo        No instantiation for #63. Probably branch label not up to date in orLeft 
232777     WARN  main            d.u.i.k.p.NodeInfo        No instantiation for #63. Probably branch label not up to date in orLeft 
232777     WARN  main            d.u.i.k.p.NodeInfo        No instantiation for #60. Probably branch label not up to date in orLeft 
232777     WARN  main            d.u.i.k.p.NodeInfo        No instantiation for #60. Probably branch label not up to date in orLeft 
232777     WARN  main            d.u.i.k.p.NodeInfo        No instantiation for #60. Probably branch label not up to date in orLeft 
232777     WARN  main            d.u.i.k.p.NodeInfo        No instantiation for #60. Probably branch label not up to date in orLeft 
232777     WARN  main            d.u.i.k.p.NodeInfo        No instantiation for #61. Probably branch label not up to date in orLeft 
232777     WARN  main            d.u.i.k.p.NodeInfo        No instantiation for #61. Probably branch label not up to date in orLeft 
232777     WARN  main            d.u.i.k.p.NodeInfo        No instantiation for #62. Probably branch label not up to date in orLeft 
232777     WARN  main            d.u.i.k.p.NodeInfo        No instantiation for #62. Probably branch label not up to date in orLeft 
232777     WARN  main            d.u.i.k.p.NodeInfo        No instantiation for #63. Probably branch label not up to date in orLeft 
232777     WARN  main            d.u.i.k.p.NodeInfo        No instantiation for #63. Probably branch label not up to date in orLeft 
232777     WARN  main            d.u.i.k.p.NodeInfo        No instantiation for #60. Probably branch label not up to date in orLeft 
232777     WARN  main            d.u.i.k.p.NodeInfo        No instantiation for #60. Probably branch label not up to date in orLeft 
232777     WARN  main            d.u.i.k.p.NodeInfo        No instantiation for #60. Probably branch label not up to date in orLeft 
232777     WARN  main            d.u.i.k.p.NodeInfo        No instantiation for #60. Probably branch label not up to date in orLeft 
232777     WARN  main            d.u.i.k.p.NodeInfo        No instantiation for #61. Probably branch label not up to date in orLeft 
232777     WARN  main            d.u.i.k.p.NodeInfo        No instantiation for #61. Probably branch label not up to date in orLeft 
232777     WARN  main            d.u.i.k.p.NodeInfo        No instantiation for #62. Probably branch label not up to date in orLeft 
232777     WARN  main            d.u.i.k.p.NodeInfo        No instantiation for #62. Probably branch label not up to date in orLeft 
232777     WARN  main            d.u.i.k.p.NodeInfo        No instantiation for #63. Probably branch label not up to date in orLeft 
232777     WARN  main            d.u.i.k.p.NodeInfo        No instantiation for #63. Probably branch label not up to date in orLeft 
232777     WARN  main            d.u.i.k.p.NodeInfo        No instantiation for #60. Probably branch label not up to date in orLeft 
232777     WARN  main            d.u.i.k.p.NodeInfo        No instantiation for #60. Probably branch label not up to date in orLeft 
232777     WARN  main            d.u.i.k.p.NodeInfo        No instantiation for #60. Probably branch label not up to date in orLeft 
232777     WARN  main            d.u.i.k.p.NodeInfo        No instantiation for #60. Probably branch label not up to date in orLeft 
232777     WARN  main            d.u.i.k.p.NodeInfo        No instantiation for #61. Probably branch label not up to date in orLeft 
232777     WARN  main            d.u.i.k.p.NodeInfo        No instantiation for #61. Probably branch label not up to date in orLeft 
232777     WARN  main            d.u.i.k.p.NodeInfo        No instantiation for #62. Probably branch label not up to date in orLeft 
232777     WARN  main            d.u.i.k.p.NodeInfo        No instantiation for #62. Probably branch label not up to date in orLeft 
232777     WARN  main            d.u.i.k.p.NodeInfo        No instantiation for #63. Probably branch label not up to date in orLeft 
232777     WARN  main            d.u.i.k.p.NodeInfo        No instantiation for #63. Probably branch label not up to date in orLeft 
232777     WARN  main            d.u.i.k.p.NodeInfo        No instantiation for #60. Probably branch label not up to date in orLeft 
232777     WARN  main            d.u.i.k.p.NodeInfo        No instantiation for #60. Probably branch label not up to date in orLeft 
232777     WARN  main            d.u.i.k.p.NodeInfo        No instantiation for #60. Probably branch label not up to date in orLeft 
232777     WARN  main            d.u.i.k.p.NodeInfo        No instantiation for #60. Probably branch label not up to date in orLeft 
232777     WARN  main            d.u.i.k.p.NodeInfo        No instantiation for #61. Probably branch label not up to date in orLeft 
232777     WARN  main            d.u.i.k.p.NodeInfo        No instantiation for #61. Probably branch label not up to date in orLeft 
232777     WARN  main            d.u.i.k.p.NodeInfo        No instantiation for #62. Probably branch label not up to date in orLeft 
232777     WARN  main            d.u.i.k.p.NodeInfo        No instantiation for #62. Probably branch label not up to date in orLeft 
232777     WARN  main            d.u.i.k.p.NodeInfo        No instantiation for #63. Probably branch label not up to date in orLeft 
232777     WARN  main            d.u.i.k.p.NodeInfo        No instantiation for #63. Probably branch label not up to date in orLeft 
232777     WARN  main            d.u.i.k.p.NodeInfo        No instantiation for #60. Probably branch label not up to date in orLeft 
232777     WARN  main            d.u.i.k.p.NodeInfo        No instantiation for #60. Probably branch label not up to date in orLeft 
232777     WARN  main            d.u.i.k.p.NodeInfo        No instantiation for #60. Probably branch label not up to date in orLeft 
232777     WARN  main            d.u.i.k.p.NodeInfo        No instantiation for #60. Probably branch label not up to date in orLeft 
232777     WARN  main            d.u.i.k.p.NodeInfo        No instantiation for #61. Probably branch label not up to date in orLeft 
232777     WARN  main            d.u.i.k.p.NodeInfo        No instantiation for #61. Probably branch label not up to date in orLeft 
232777     WARN  main            d.u.i.k.p.NodeInfo        No instantiation for #62. Probably branch label not up to date in orLeft 
232777     WARN  main            d.u.i.k.p.NodeInfo        No instantiation for #62. Probably branch label not up to date in orLeft 
232777     WARN  main            d.u.i.k.p.NodeInfo        No instantiation for #63. Probably branch label not up to date in orLeft 
232777     WARN  main            d.u.i.k.p.NodeInfo        No instantiation for #63. Probably branch label not up to date in orLeft 
232777     WARN  main            d.u.i.k.p.NodeInfo        No instantiation for #60. Probably branch label not up to date in orLeft 
232777     WARN  main            d.u.i.k.p.NodeInfo        No instantiation for #60. Probably branch label not up to date in orLeft 
232777     WARN  main            d.u.i.k.p.NodeInfo        No instantiation for #60. Probably branch label not up to date in orLeft 
232777     WARN  main            d.u.i.k.p.NodeInfo        No instantiation for #60. Probably branch label not up to date in orLeft 
232777     WARN  main            d.u.i.k.p.NodeInfo        No instantiation for #61. Probably branch label not up to date in orLeft 
232777     WARN  main            d.u.i.k.p.NodeInfo        No instantiation for #61. Probably branch label not up to date in orLeft 
232777     WARN  main            d.u.i.k.p.NodeInfo        No instantiation for #62. Probably branch label not up to date in orLeft 
232777     WARN  main            d.u.i.k.p.NodeInfo        No instantiation for #62. Probably branch label not up to date in orLeft 
232777     WARN  main            d.u.i.k.p.NodeInfo        No instantiation for #63. Probably branch label not up to date in orLeft 
232777     WARN  main            d.u.i.k.p.NodeInfo        No instantiation for #63. Probably branch label not up to date in orLeft 
232777     WARN  main            d.u.i.k.p.NodeInfo        No instantiation for #60. Probably branch label not up to date in orLeft 
232777     WARN  main            d.u.i.k.p.NodeInfo        No instantiation for #60. Probably branch label not up to date in orLeft 
232777     WARN  main            d.u.i.k.p.NodeInfo        No instantiation for #60. Probably branch label not up to date in orLeft 
232777     WARN  main            d.u.i.k.p.NodeInfo        No instantiation for #60. Probably branch label not up to date in orLeft 
232777     WARN  main            d.u.i.k.p.NodeInfo        No instantiation for #61. Probably branch label not up to date in orLeft 
232777     WARN  main            d.u.i.k.p.NodeInfo        No instantiation for #61. Probably branch label not up to date in orLeft 
232777     WARN  main            d.u.i.k.p.NodeInfo        No instantiation for #62. Probably branch label not up to date in orLeft 
232777     WARN  main            d.u.i.k.p.NodeInfo        No instantiation for #62. Probably branch label not up to date in orLeft 
232777     WARN  main            d.u.i.k.p.NodeInfo        No instantiation for #63. Probably branch label not up to date in orLeft 
232777     WARN  main            d.u.i.k.p.NodeInfo        No instantiation for #63. Probably branch label not up to date in orLeft 
232787     WARN  main            d.u.i.k.p.NodeInfo        No instantiation for #60. Probably branch label not up to date in orLeft 
232788     WARN  main            d.u.i.k.p.NodeInfo        No instantiation for #60. Probably branch label not up to date in orLeft 
232788     WARN  main            d.u.i.k.p.NodeInfo        No instantiation for #60. Probably branch label not up to date in orLeft 
232788     WARN  main            d.u.i.k.p.NodeInfo        No instantiation for #60. Probably branch label not up to date in orLeft 
232788     WARN  main            d.u.i.k.p.NodeInfo        No instantiation for #61. Probably branch label not up to date in orLeft 
232788     WARN  main            d.u.i.k.p.NodeInfo        No instantiation for #61. Probably branch label not up to date in orLeft 
232788     WARN  main            d.u.i.k.p.NodeInfo        No instantiation for #62. Probably branch label not up to date in orLeft 
232788     WARN  main            d.u.i.k.p.NodeInfo        No instantiation for #62. Probably branch label not up to date in orLeft 
232788     WARN  main            d.u.i.k.p.NodeInfo        No instantiation for #63. Probably branch label not up to date in orLeft 
232788     WARN  main            d.u.i.k.p.NodeInfo        No instantiation for #63. Probably branch label not up to date in orLeft 
232788     WARN  main            d.u.i.k.p.NodeInfo        No instantiation for #60. Probably branch label not up to date in orLeft 
232788     WARN  main            d.u.i.k.p.NodeInfo        No instantiation for #60. Probably branch label not up to date in orLeft 
232788     WARN  main            d.u.i.k.p.NodeInfo        No instantiation for #60. Probably branch label not up to date in orLeft 
232788     WARN  main            d.u.i.k.p.NodeInfo        No instantiation for #60. Probably branch label not up to date in orLeft 
232788     WARN  main            d.u.i.k.p.NodeInfo        No instantiation for #61. Probably branch label not up to date in orLeft 
232788     WARN  main            d.u.i.k.p.NodeInfo        No instantiation for #61. Probably branch label not up to date in orLeft 
232788     WARN  main            d.u.i.k.p.NodeInfo        No instantiation for #62. Probably branch label not up to date in orLeft 
232788     WARN  main            d.u.i.k.p.NodeInfo        No instantiation for #62. Probably branch label not up to date in orLeft 
232788     WARN  main            d.u.i.k.p.NodeInfo        No instantiation for #63. Probably branch label not up to date in orLeft 
232788     WARN  main            d.u.i.k.p.NodeInfo        No instantiation for #63. Probably branch label not up to date in orLeft 
232793     WARN  main            d.u.i.k.p.NodeInfo        No instantiation for #60. Probably branch label not up to date in orLeft 
232793     WARN  main            d.u.i.k.p.NodeInfo        No instantiation for #60. Probably branch label not up to date in orLeft 
232793     WARN  main            d.u.i.k.p.NodeInfo        No instantiation for #60. Probably branch label not up to date in orLeft 
232793     WARN  main            d.u.i.k.p.NodeInfo        No instantiation for #60. Probably branch label not up to date in orLeft 
232793     WARN  main            d.u.i.k.p.NodeInfo        No instantiation for #61. Probably branch label not up to date in orLeft 
232793     WARN  main            d.u.i.k.p.NodeInfo        No instantiation for #61. Probably branch label not up to date in orLeft 
232793     WARN  main            d.u.i.k.p.NodeInfo        No instantiation for #62. Probably branch label not up to date in orLeft 
232793     WARN  main            d.u.i.k.p.NodeInfo        No instantiation for #62. Probably branch label not up to date in orLeft 
232793     WARN  main            d.u.i.k.p.NodeInfo        No instantiation for #63. Probably branch label not up to date in orLeft 
232793     WARN  main            d.u.i.k.p.NodeInfo        No instantiation for #63. Probably branch label not up to date in orLeft 
232793     WARN  main            d.u.i.k.p.NodeInfo        No instantiation for #60. Probably branch label not up to date in orLeft 
232793     WARN  main            d.u.i.k.p.NodeInfo        No instantiation for #60. Probably branch label not up to date in orLeft 
232793     WARN  main            d.u.i.k.p.NodeInfo        No instantiation for #60. Probably branch label not up to date in orLeft 
232793     WARN  main            d.u.i.k.p.NodeInfo        No instantiation for #60. Probably branch label not up to date in orLeft 
232793     WARN  main            d.u.i.k.p.NodeInfo        No instantiation for #61. Probably branch label not up to date in orLeft 
232793     WARN  main            d.u.i.k.p.NodeInfo        No instantiation for #61. Probably branch label not up to date in orLeft 
232793     WARN  main            d.u.i.k.p.NodeInfo        No instantiation for #62. Probably branch label not up to date in orLeft 
232793     WARN  main            d.u.i.k.p.NodeInfo        No instantiation for #62. Probably branch label not up to date in orLeft 
232793     WARN  main            d.u.i.k.p.NodeInfo        No instantiation for #63. Probably branch label not up to date in orLeft 
232793     WARN  main            d.u.i.k.p.NodeInfo        No instantiation for #63. Probably branch label not up to date in orLeft 
232793     WARN  main            d.u.i.k.p.NodeInfo        No instantiation for #60. Probably branch label not up to date in orLeft 
232793     WARN  main            d.u.i.k.p.NodeInfo        No instantiation for #60. Probably branch label not up to date in orLeft 
232793     WARN  main            d.u.i.k.p.NodeInfo        No instantiation for #60. Probably branch label not up to date in orLeft 
232793     WARN  main            d.u.i.k.p.NodeInfo        No instantiation for #60. Probably branch label not up to date in orLeft 
232793     WARN  main            d.u.i.k.p.NodeInfo        No instantiation for #61. Probably branch label not up to date in orLeft 
232793     WARN  main            d.u.i.k.p.NodeInfo        No instantiation for #61. Probably branch label not up to date in orLeft 
232793     WARN  main            d.u.i.k.p.NodeInfo        No instantiation for #62. Probably branch label not up to date in orLeft 
232793     WARN  main            d.u.i.k.p.NodeInfo        No instantiation for #62. Probably branch label not up to date in orLeft 
232793     WARN  main            d.u.i.k.p.NodeInfo        No instantiation for #63. Probably branch label not up to date in orLeft 
232793     WARN  main            d.u.i.k.p.NodeInfo        No instantiation for #63. Probably branch label not up to date in orLeft 
232793     WARN  main            d.u.i.k.p.NodeInfo        No instantiation for #60. Probably branch label not up to date in orLeft 
232793     WARN  main            d.u.i.k.p.NodeInfo        No instantiation for #60. Probably branch label not up to date in orLeft 
232793     WARN  main            d.u.i.k.p.NodeInfo        No instantiation for #60. Probably branch label not up to date in orLeft 
232793     WARN  main            d.u.i.k.p.NodeInfo        No instantiation for #60. Probably branch label not up to date in orLeft 
232793     WARN  main            d.u.i.k.p.NodeInfo        No instantiation for #61. Probably branch label not up to date in orLeft 
232793     WARN  main            d.u.i.k.p.NodeInfo        No instantiation for #61. Probably branch label not up to date in orLeft 
232793     WARN  main            d.u.i.k.p.NodeInfo        No instantiation for #62. Probably branch label not up to date in orLeft 
232793     WARN  main            d.u.i.k.p.NodeInfo        No instantiation for #62. Probably branch label not up to date in orLeft 
232793     WARN  main            d.u.i.k.p.NodeInfo        No instantiation for #63. Probably branch label not up to date in orLeft 
232793     WARN  main            d.u.i.k.p.NodeInfo        No instantiation for #63. Probably branch label not up to date in orLeft 
232793     WARN  main            d.u.i.k.p.NodeInfo        No instantiation for #60. Probably branch label not up to date in orLeft 
232793     WARN  main            d.u.i.k.p.NodeInfo        No instantiation for #60. Probably branch label not up to date in orLeft 
232793     WARN  main            d.u.i.k.p.NodeInfo        No instantiation for #60. Probably branch label not up to date in orLeft 
232793     WARN  main            d.u.i.k.p.NodeInfo        No instantiation for #60. Probably branch label not up to date in orLeft 
232793     WARN  main            d.u.i.k.p.NodeInfo        No instantiation for #61. Probably branch label not up to date in orLeft 
232793     WARN  main            d.u.i.k.p.NodeInfo        No instantiation for #61. Probably branch label not up to date in orLeft 
232793     WARN  main            d.u.i.k.p.NodeInfo        No instantiation for #62. Probably branch label not up to date in orLeft 
232793     WARN  main            d.u.i.k.p.NodeInfo        No instantiation for #62. Probably branch label not up to date in orLeft 
232793     WARN  main            d.u.i.k.p.NodeInfo        No instantiation for #63. Probably branch label not up to date in orLeft 
232793     WARN  main            d.u.i.k.p.NodeInfo        No instantiation for #63. Probably branch label not up to date in orLeft 
232793     WARN  main            d.u.i.k.p.NodeInfo        No instantiation for #60. Probably branch label not up to date in orLeft 
232793     WARN  main            d.u.i.k.p.NodeInfo        No instantiation for #60. Probably branch label not up to date in orLeft 
232793     WARN  main            d.u.i.k.p.NodeInfo        No instantiation for #60. Probably branch label not up to date in orLeft 
232793     WARN  main            d.u.i.k.p.NodeInfo        No instantiation for #60. Probably branch label not up to date in orLeft 
232793     WARN  main            d.u.i.k.p.NodeInfo        No instantiation for #61. Probably branch label not up to date in orLeft 
232793     WARN  main            d.u.i.k.p.NodeInfo        No instantiation for #61. Probably branch label not up to date in orLeft 
232793     WARN  main            d.u.i.k.p.NodeInfo        No instantiation for #62. Probably branch label not up to date in orLeft 
232793     WARN  main            d.u.i.k.p.NodeInfo        No instantiation for #62. Probably branch label not up to date in orLeft 
232793     WARN  main            d.u.i.k.p.NodeInfo        No instantiation for #63. Probably branch label not up to date in orLeft 
232793     WARN  main            d.u.i.k.p.NodeInfo        No instantiation for #63. Probably branch label not up to date in orLeft 
232803     WARN  main            d.u.i.k.p.NodeInfo        No instantiation for #60. Probably branch label not up to date in orLeft 
232803     WARN  main            d.u.i.k.p.NodeInfo        No instantiation for #60. Probably branch label not up to date in orLeft 
232803     WARN  main            d.u.i.k.p.NodeInfo        No instantiation for #60. Probably branch label not up to date in orLeft 
232803     WARN  main            d.u.i.k.p.NodeInfo        No instantiation for #60. Probably branch label not up to date in orLeft 
232803     WARN  main            d.u.i.k.p.NodeInfo        No instantiation for #61. Probably branch label not up to date in orLeft 
232803     WARN  main            d.u.i.k.p.NodeInfo        No instantiation for #61. Probably branch label not up to date in orLeft 
232803     WARN  main            d.u.i.k.p.NodeInfo        No instantiation for #62. Probably branch label not up to date in orLeft 
232803     WARN  main            d.u.i.k.p.NodeInfo        No instantiation for #62. Probably branch label not up to date in orLeft 
232803     WARN  main            d.u.i.k.p.NodeInfo        No instantiation for #63. Probably branch label not up to date in orLeft 
232803     WARN  main            d.u.i.k.p.NodeInfo        No instantiation for #63. Probably branch label not up to date in orLeft 
232803     WARN  main            d.u.i.k.p.NodeInfo        No instantiation for #60. Probably branch label not up to date in orLeft 
232803     WARN  main            d.u.i.k.p.NodeInfo        No instantiation for #60. Probably branch label not up to date in orLeft 
232803     WARN  main            d.u.i.k.p.NodeInfo        No instantiation for #60. Probably branch label not up to date in orLeft 
232803     WARN  main            d.u.i.k.p.NodeInfo        No instantiation for #60. Probably branch label not up to date in orLeft 
232803     WARN  main            d.u.i.k.p.NodeInfo        No instantiation for #61. Probably branch label not up to date in orLeft 
232803     WARN  main            d.u.i.k.p.NodeInfo        No instantiation for #61. Probably branch label not up to date in orLeft 
232803     WARN  main            d.u.i.k.p.NodeInfo        No instantiation for #62. Probably branch label not up to date in orLeft 
232803     WARN  main            d.u.i.k.p.NodeInfo        No instantiation for #62. Probably branch label not up to date in orLeft 
232803     WARN  main            d.u.i.k.p.NodeInfo        No instantiation for #63. Probably branch label not up to date in orLeft 
232803     WARN  main            d.u.i.k.p.NodeInfo        No instantiation for #63. Probably branch label not up to date in orLeft 
232817     WARN  main            d.u.i.k.p.NodeInfo        No instantiation for #60. Probably branch label not up to date in orLeft 
232817     WARN  main            d.u.i.k.p.NodeInfo        No instantiation for #60. Probably branch label not up to date in orLeft 
232817     WARN  main            d.u.i.k.p.NodeInfo        No instantiation for #60. Probably branch label not up to date in orLeft 
232817     WARN  main            d.u.i.k.p.NodeInfo        No instantiation for #60. Probably branch label not up to date in orLeft 
232817     WARN  main            d.u.i.k.p.NodeInfo        No instantiation for #61. Probably branch label not up to date in orLeft 
232817     WARN  main            d.u.i.k.p.NodeInfo        No instantiation for #61. Probably branch label not up to date in orLeft 
232817     WARN  main            d.u.i.k.p.NodeInfo        No instantiation for #62. Probably branch label not up to date in orLeft 
232817     WARN  main            d.u.i.k.p.NodeInfo        No instantiation for #62. Probably branch label not up to date in orLeft 
232817     WARN  main            d.u.i.k.p.NodeInfo        No instantiation for #63. Probably branch label not up to date in orLeft 
232817     WARN  main            d.u.i.k.p.NodeInfo        No instantiation for #63. Probably branch label not up to date in orLeft 
232817     WARN  main            d.u.i.k.p.NodeInfo        No instantiation for #60. Probably branch label not up to date in orLeft 
232817     WARN  main            d.u.i.k.p.NodeInfo        No instantiation for #60. Probably branch label not up to date in orLeft 
232817     WARN  main            d.u.i.k.p.NodeInfo        No instantiation for #60. Probably branch label not up to date in orLeft 
232817     WARN  main            d.u.i.k.p.NodeInfo        No instantiation for #60. Probably branch label not up to date in orLeft 
232817     WARN  main            d.u.i.k.p.NodeInfo        No instantiation for #61. Probably branch label not up to date in orLeft 
232817     WARN  main            d.u.i.k.p.NodeInfo        No instantiation for #61. Probably branch label not up to date in orLeft 
232817     WARN  main            d.u.i.k.p.NodeInfo        No instantiation for #62. Probably branch label not up to date in orLeft 
232817     WARN  main            d.u.i.k.p.NodeInfo        No instantiation for #62. Probably branch label not up to date in orLeft 
232817     WARN  main            d.u.i.k.p.NodeInfo        No instantiation for #63. Probably branch label not up to date in orLeft 
232817     WARN  main            d.u.i.k.p.NodeInfo        No instantiation for #63. Probably branch label not up to date in orLeft 
232817     WARN  main            d.u.i.k.p.NodeInfo        No instantiation for #60. Probably branch label not up to date in orLeft 
232817     WARN  main            d.u.i.k.p.NodeInfo        No instantiation for #60. Probably branch label not up to date in orLeft 
232817     WARN  main            d.u.i.k.p.NodeInfo        No instantiation for #60. Probably branch label not up to date in orLeft 
232817     WARN  main            d.u.i.k.p.NodeInfo        No instantiation for #60. Probably branch label not up to date in orLeft 
232817     WARN  main            d.u.i.k.p.NodeInfo        No instantiation for #61. Probably branch label not up to date in orLeft 
232817     WARN  main            d.u.i.k.p.NodeInfo        No instantiation for #61. Probably branch label not up to date in orLeft 
232817     WARN  main            d.u.i.k.p.NodeInfo        No instantiation for #62. Probably branch label not up to date in orLeft 
232817     WARN  main            d.u.i.k.p.NodeInfo        No instantiation for #62. Probably branch label not up to date in orLeft 
232817     WARN  main            d.u.i.k.p.NodeInfo        No instantiation for #63. Probably branch label not up to date in orLeft 
232817     WARN  main            d.u.i.k.p.NodeInfo        No instantiation for #63. Probably branch label not up to date in orLeft 
232818     WARN  main            d.u.i.k.p.NodeInfo        No instantiation for #60. Probably branch label not up to date in orLeft 
232818     WARN  main            d.u.i.k.p.NodeInfo        No instantiation for #60. Probably branch label not up to date in orLeft 
232818     WARN  main            d.u.i.k.p.NodeInfo        No instantiation for #60. Probably branch label not up to date in orLeft 
232818     WARN  main            d.u.i.k.p.NodeInfo        No instantiation for #60. Probably branch label not up to date in orLeft 
232818     WARN  main            d.u.i.k.p.NodeInfo        No instantiation for #61. Probably branch label not up to date in orLeft 
232818     WARN  main            d.u.i.k.p.NodeInfo        No instantiation for #61. Probably branch label not up to date in orLeft 
232818     WARN  main            d.u.i.k.p.NodeInfo        No instantiation for #62. Probably branch label not up to date in orLeft 
232818     WARN  main            d.u.i.k.p.NodeInfo        No instantiation for #62. Probably branch label not up to date in orLeft 
232818     WARN  main            d.u.i.k.p.NodeInfo        No instantiation for #63. Probably branch label not up to date in orLeft 
232818     WARN  main            d.u.i.k.p.NodeInfo        No instantiation for #63. Probably branch label not up to date in orLeft 
232841     WARN  main            d.u.i.k.p.NodeInfo        No instantiation for #60. Probably branch label not up to date in orLeft 
232841     WARN  main            d.u.i.k.p.NodeInfo        No instantiation for #60. Probably branch label not up to date in orLeft 
232841     WARN  main            d.u.i.k.p.NodeInfo        No instantiation for #60. Probably branch label not up to date in orLeft 
232841     WARN  main            d.u.i.k.p.NodeInfo        No instantiation for #60. Probably branch label not up to date in orLeft 
232841     WARN  main            d.u.i.k.p.NodeInfo        No instantiation for #61. Probably branch label not up to date in orLeft 
232841     WARN  main            d.u.i.k.p.NodeInfo        No instantiation for #61. Probably branch label not up to date in orLeft 
232841     WARN  main            d.u.i.k.p.NodeInfo        No instantiation for #62. Probably branch label not up to date in orLeft 
232841     WARN  main            d.u.i.k.p.NodeInfo        No instantiation for #62. Probably branch label not up to date in orLeft 
232841     WARN  main            d.u.i.k.p.NodeInfo        No instantiation for #63. Probably branch label not up to date in orLeft 
232841     WARN  main            d.u.i.k.p.NodeInfo        No instantiation for #63. Probably branch label not up to date in orLeft 
232841     WARN  main            d.u.i.k.p.NodeInfo        No instantiation for #60. Probably branch label not up to date in orLeft 
232841     WARN  main            d.u.i.k.p.NodeInfo        No instantiation for #60. Probably branch label not up to date in orLeft 
232841     WARN  main            d.u.i.k.p.NodeInfo        No instantiation for #60. Probably branch label not up to date in orLeft 
232841     WARN  main            d.u.i.k.p.NodeInfo        No instantiation for #60. Probably branch label not up to date in orLeft 
232841     WARN  main            d.u.i.k.p.NodeInfo        No instantiation for #61. Probably branch label not up to date in orLeft 
232841     WARN  main            d.u.i.k.p.NodeInfo        No instantiation for #61. Probably branch label not up to date in orLeft 
232841     WARN  main            d.u.i.k.p.NodeInfo        No instantiation for #62. Probably branch label not up to date in orLeft 
232841     WARN  main            d.u.i.k.p.NodeInfo        No instantiation for #62. Probably branch label not up to date in orLeft 
232841     WARN  main            d.u.i.k.p.NodeInfo        No instantiation for #63. Probably branch label not up to date in orLeft 
232841     WARN  main            d.u.i.k.p.NodeInfo        No instantiation for #63. Probably branch label not up to date in orLeft 
232845     WARN  main            d.u.i.k.p.NodeInfo        No instantiation for #60. Probably branch label not up to date in orLeft 
232845     WARN  main            d.u.i.k.p.NodeInfo        No instantiation for #60. Probably branch label not up to date in orLeft 
232845     WARN  main            d.u.i.k.p.NodeInfo        No instantiation for #60. Probably branch label not up to date in orLeft 
232845     WARN  main            d.u.i.k.p.NodeInfo        No instantiation for #60. Probably branch label not up to date in orLeft 
232845     WARN  main            d.u.i.k.p.NodeInfo        No instantiation for #61. Probably branch label not up to date in orLeft 
232845     WARN  main            d.u.i.k.p.NodeInfo        No instantiation for #61. Probably branch label not up to date in orLeft 
232845     WARN  main            d.u.i.k.p.NodeInfo        No instantiation for #62. Probably branch label not up to date in orLeft 
232846     WARN  main            d.u.i.k.p.NodeInfo        No instantiation for #62. Probably branch label not up to date in orLeft 
232846     WARN  main            d.u.i.k.p.NodeInfo        No instantiation for #63. Probably branch label not up to date in orLeft 
232846     WARN  main            d.u.i.k.p.NodeInfo        No instantiation for #63. Probably branch label not up to date in orLeft 
232846     WARN  main            d.u.i.k.p.NodeInfo        No instantiation for #60. Probably branch label not up to date in orLeft 
232846     WARN  main            d.u.i.k.p.NodeInfo        No instantiation for #60. Probably branch label not up to date in orLeft 
232846     WARN  main            d.u.i.k.p.NodeInfo        No instantiation for #60. Probably branch label not up to date in orLeft 
232846     WARN  main            d.u.i.k.p.NodeInfo        No instantiation for #60. Probably branch label not up to date in orLeft 
232846     WARN  main            d.u.i.k.p.NodeInfo        No instantiation for #61. Probably branch label not up to date in orLeft 
232846     WARN  main            d.u.i.k.p.NodeInfo        No instantiation for #61. Probably branch label not up to date in orLeft 
232846     WARN  main            d.u.i.k.p.NodeInfo        No instantiation for #62. Probably branch label not up to date in orLeft 
232846     WARN  main            d.u.i.k.p.NodeInfo        No instantiation for #62. Probably branch label not up to date in orLeft 
232846     WARN  main            d.u.i.k.p.NodeInfo        No instantiation for #63. Probably branch label not up to date in orLeft 
232846     WARN  main            d.u.i.k.p.NodeInfo        No instantiation for #63. Probably branch label not up to date in orLeft 
232864     WARN  main            d.u.i.k.p.NodeInfo        No instantiation for #60. Probably branch label not up to date in orLeft 
232865     WARN  main            d.u.i.k.p.NodeInfo        No instantiation for #60. Probably branch label not up to date in orLeft 
232865     WARN  main            d.u.i.k.p.NodeInfo        No instantiation for #60. Probably branch label not up to date in orLeft 
232865     WARN  main            d.u.i.k.p.NodeInfo        No instantiation for #60. Probably branch label not up to date in orLeft 
232865     WARN  main            d.u.i.k.p.NodeInfo        No instantiation for #61. Probably branch label not up to date in orLeft 
232865     WARN  main            d.u.i.k.p.NodeInfo        No instantiation for #61. Probably branch label not up to date in orLeft 
232865     WARN  main            d.u.i.k.p.NodeInfo        No instantiation for #62. Probably branch label not up to date in orLeft 
232865     WARN  main            d.u.i.k.p.NodeInfo        No instantiation for #62. Probably branch label not up to date in orLeft 
232865     WARN  main            d.u.i.k.p.NodeInfo        No instantiation for #63. Probably branch label not up to date in orLeft 
232865     WARN  main            d.u.i.k.p.NodeInfo        No instantiation for #63. Probably branch label not up to date in orLeft 
232865     WARN  main            d.u.i.k.p.NodeInfo        No instantiation for #60. Probably branch label not up to date in orLeft 
232865     WARN  main            d.u.i.k.p.NodeInfo        No instantiation for #60. Probably branch label not up to date in orLeft 
232865     WARN  main            d.u.i.k.p.NodeInfo        No instantiation for #60. Probably branch label not up to date in orLeft 
232865     WARN  main            d.u.i.k.p.NodeInfo        No instantiation for #60. Probably branch label not up to date in orLeft 
232865     WARN  main            d.u.i.k.p.NodeInfo        No instantiation for #61. Probably branch label not up to date in orLeft 
232865     WARN  main            d.u.i.k.p.NodeInfo        No instantiation for #61. Probably branch label not up to date in orLeft 
232865     WARN  main            d.u.i.k.p.NodeInfo        No instantiation for #62. Probably branch label not up to date in orLeft 
232865     WARN  main            d.u.i.k.p.NodeInfo        No instantiation for #62. Probably branch label not up to date in orLeft 
232865     WARN  main            d.u.i.k.p.NodeInfo        No instantiation for #63. Probably branch label not up to date in orLeft 
232865     WARN  main            d.u.i.k.p.NodeInfo        No instantiation for #63. Probably branch label not up to date in orLeft 
232873     WARN  main            d.u.i.k.p.NodeInfo        No instantiation for #60. Probably branch label not up to date in orLeft 
232873     WARN  main            d.u.i.k.p.NodeInfo        No instantiation for #60. Probably branch label not up to date in orLeft 
232873     WARN  main            d.u.i.k.p.NodeInfo        No instantiation for #60. Probably branch label not up to date in orLeft 
232873     WARN  main            d.u.i.k.p.NodeInfo        No instantiation for #60. Probably branch label not up to date in orLeft 
232873     WARN  main            d.u.i.k.p.NodeInfo        No instantiation for #61. Probably branch label not up to date in orLeft 
232873     WARN  main            d.u.i.k.p.NodeInfo        No instantiation for #61. Probably branch label not up to date in orLeft 
232873     WARN  main            d.u.i.k.p.NodeInfo        No instantiation for #62. Probably branch label not up to date in orLeft 
232873     WARN  main            d.u.i.k.p.NodeInfo        No instantiation for #62. Probably branch label not up to date in orLeft 
232873     WARN  main            d.u.i.k.p.NodeInfo        No instantiation for #63. Probably branch label not up to date in orLeft 
232873     WARN  main            d.u.i.k.p.NodeInfo        No instantiation for #63. Probably branch label not up to date in orLeft 
232873     WARN  main            d.u.i.k.p.NodeInfo        No instantiation for #60. Probably branch label not up to date in orLeft 
232873     WARN  main            d.u.i.k.p.NodeInfo        No instantiation for #60. Probably branch label not up to date in orLeft 
232873     WARN  main            d.u.i.k.p.NodeInfo        No instantiation for #60. Probably branch label not up to date in orLeft 
232873     WARN  main            d.u.i.k.p.NodeInfo        No instantiation for #60. Probably branch label not up to date in orLeft 
232873     WARN  main            d.u.i.k.p.NodeInfo        No instantiation for #61. Probably branch label not up to date in orLeft 
232873     WARN  main            d.u.i.k.p.NodeInfo        No instantiation for #61. Probably branch label not up to date in orLeft 
232873     WARN  main            d.u.i.k.p.NodeInfo        No instantiation for #62. Probably branch label not up to date in orLeft 
232873     WARN  main            d.u.i.k.p.NodeInfo        No instantiation for #62. Probably branch label not up to date in orLeft 
232873     WARN  main            d.u.i.k.p.NodeInfo        No instantiation for #63. Probably branch label not up to date in orLeft 
232873     WARN  main            d.u.i.k.p.NodeInfo        No instantiation for #63. Probably branch label not up to date in orLeft 
232873     WARN  main            d.u.i.k.p.NodeInfo        No instantiation for #60. Probably branch label not up to date in orLeft 
232873     WARN  main            d.u.i.k.p.NodeInfo        No instantiation for #60. Probably branch label not up to date in orLeft 
232873     WARN  main            d.u.i.k.p.NodeInfo        No instantiation for #60. Probably branch label not up to date in orLeft 
232873     WARN  main            d.u.i.k.p.NodeInfo        No instantiation for #60. Probably branch label not up to date in orLeft 
232873     WARN  main            d.u.i.k.p.NodeInfo        No instantiation for #61. Probably branch label not up to date in orLeft 
232873     WARN  main            d.u.i.k.p.NodeInfo        No instantiation for #61. Probably branch label not up to date in orLeft 
232873     WARN  main            d.u.i.k.p.NodeInfo        No instantiation for #62. Probably branch label not up to date in orLeft 
232873     WARN  main            d.u.i.k.p.NodeInfo        No instantiation for #62. Probably branch label not up to date in orLeft 
232873     WARN  main            d.u.i.k.p.NodeInfo        No instantiation for #63. Probably branch label not up to date in orLeft 
232873     WARN  main            d.u.i.k.p.NodeInfo        No instantiation for #63. Probably branch label not up to date in orLeft 
232873     WARN  main            d.u.i.k.p.NodeInfo        No instantiation for #60. Probably branch label not up to date in orLeft 
232873     WARN  main            d.u.i.k.p.NodeInfo        No instantiation for #60. Probably branch label not up to date in orLeft 
232873     WARN  main            d.u.i.k.p.NodeInfo        No instantiation for #60. Probably branch label not up to date in orLeft 
232873     WARN  main            d.u.i.k.p.NodeInfo        No instantiation for #60. Probably branch label not up to date in orLeft 
232873     WARN  main            d.u.i.k.p.NodeInfo        No instantiation for #61. Probably branch label not up to date in orLeft 
232873     WARN  main            d.u.i.k.p.NodeInfo        No instantiation for #61. Probably branch label not up to date in orLeft 
232873     WARN  main            d.u.i.k.p.NodeInfo        No instantiation for #62. Probably branch label not up to date in orLeft 
232873     WARN  main            d.u.i.k.p.NodeInfo        No instantiation for #62. Probably branch label not up to date in orLeft 
232873     WARN  main            d.u.i.k.p.NodeInfo        No instantiation for #63. Probably branch label not up to date in orLeft 
232873     WARN  main            d.u.i.k.p.NodeInfo        No instantiation for #63. Probably branch label not up to date in orLeft 
232873     WARN  main            d.u.i.k.p.NodeInfo        No instantiation for #60. Probably branch label not up to date in orLeft 
232873     WARN  main            d.u.i.k.p.NodeInfo        No instantiation for #60. Probably branch label not up to date in orLeft 
232873     WARN  main            d.u.i.k.p.NodeInfo        No instantiation for #60. Probably branch label not up to date in orLeft 
232873     WARN  main            d.u.i.k.p.NodeInfo        No instantiation for #60. Probably branch label not up to date in orLeft 
232873     WARN  main            d.u.i.k.p.NodeInfo        No instantiation for #61. Probably branch label not up to date in orLeft 
232873     WARN  main            d.u.i.k.p.NodeInfo        No instantiation for #61. Probably branch label not up to date in orLeft 
232873     WARN  main            d.u.i.k.p.NodeInfo        No instantiation for #62. Probably branch label not up to date in orLeft 
232873     WARN  main            d.u.i.k.p.NodeInfo        No instantiation for #62. Probably branch label not up to date in orLeft 
232873     WARN  main            d.u.i.k.p.NodeInfo        No instantiation for #63. Probably branch label not up to date in orLeft 
232873     WARN  main            d.u.i.k.p.NodeInfo        No instantiation for #63. Probably branch label not up to date in orLeft 
232873     WARN  main            d.u.i.k.p.NodeInfo        No instantiation for #60. Probably branch label not up to date in orLeft 
232873     WARN  main            d.u.i.k.p.NodeInfo        No instantiation for #60. Probably branch label not up to date in orLeft 
232873     WARN  main            d.u.i.k.p.NodeInfo        No instantiation for #60. Probably branch label not up to date in orLeft 
232873     WARN  main            d.u.i.k.p.NodeInfo        No instantiation for #60. Probably branch label not up to date in orLeft 
232873     WARN  main            d.u.i.k.p.NodeInfo        No instantiation for #61. Probably branch label not up to date in orLeft 
232873     WARN  main            d.u.i.k.p.NodeInfo        No instantiation for #61. Probably branch label not up to date in orLeft 
232873     WARN  main            d.u.i.k.p.NodeInfo        No instantiation for #62. Probably branch label not up to date in orLeft 
232873     WARN  main            d.u.i.k.p.NodeInfo        No instantiation for #62. Probably branch label not up to date in orLeft 
232873     WARN  main            d.u.i.k.p.NodeInfo        No instantiation for #63. Probably branch label not up to date in orLeft 
232873     WARN  main            d.u.i.k.p.NodeInfo        No instantiation for #63. Probably branch label not up to date in orLeft 
232873     WARN  main            d.u.i.k.p.NodeInfo        No instantiation for #60. Probably branch label not up to date in orLeft 
232873     WARN  main            d.u.i.k.p.NodeInfo        No instantiation for #60. Probably branch label not up to date in orLeft 
232873     WARN  main            d.u.i.k.p.NodeInfo        No instantiation for #60. Probably branch label not up to date in orLeft 
232873     WARN  main            d.u.i.k.p.NodeInfo        No instantiation for #60. Probably branch label not up to date in orLeft 
232873     WARN  main            d.u.i.k.p.NodeInfo        No instantiation for #61. Probably branch label not up to date in orLeft 
232873     WARN  main            d.u.i.k.p.NodeInfo        No instantiation for #61. Probably branch label not up to date in orLeft 
232873     WARN  main            d.u.i.k.p.NodeInfo        No instantiation for #62. Probably branch label not up to date in orLeft 
232873     WARN  main            d.u.i.k.p.NodeInfo        No instantiation for #62. Probably branch label not up to date in orLeft 
232873     WARN  main            d.u.i.k.p.NodeInfo        No instantiation for #63. Probably branch label not up to date in orLeft 
232873     WARN  main            d.u.i.k.p.NodeInfo        No instantiation for #63. Probably branch label not up to date in orLeft 
232873     WARN  main            d.u.i.k.p.NodeInfo        No instantiation for #60. Probably branch label not up to date in orLeft 
232873     WARN  main            d.u.i.k.p.NodeInfo        No instantiation for #60. Probably branch label not up to date in orLeft 
232873     WARN  main            d.u.i.k.p.NodeInfo        No instantiation for #60. Probably branch label not up to date in orLeft 
232873     WARN  main            d.u.i.k.p.NodeInfo        No instantiation for #60. Probably branch label not up to date in orLeft 
232873     WARN  main            d.u.i.k.p.NodeInfo        No instantiation for #61. Probably branch label not up to date in orLeft 
232873     WARN  main            d.u.i.k.p.NodeInfo        No instantiation for #61. Probably branch label not up to date in orLeft 
232873     WARN  main            d.u.i.k.p.NodeInfo        No instantiation for #62. Probably branch label not up to date in orLeft 
232873     WARN  main            d.u.i.k.p.NodeInfo        No instantiation for #62. Probably branch label not up to date in orLeft 
232873     WARN  main            d.u.i.k.p.NodeInfo        No instantiation for #63. Probably branch label not up to date in orLeft 
232873     WARN  main            d.u.i.k.p.NodeInfo        No instantiation for #63. Probably branch label not up to date in orLeft 
232873     WARN  main            d.u.i.k.p.NodeInfo        No instantiation for #60. Probably branch label not up to date in orLeft 
232873     WARN  main            d.u.i.k.p.NodeInfo        No instantiation for #60. Probably branch label not up to date in orLeft 
232873     WARN  main            d.u.i.k.p.NodeInfo        No instantiation for #60. Probably branch label not up to date in orLeft 
232874     WARN  main            d.u.i.k.p.NodeInfo        No instantiation for #60. Probably branch label not up to date in orLeft 
232874     WARN  main            d.u.i.k.p.NodeInfo        No instantiation for #61. Probably branch label not up to date in orLeft 
232874     WARN  main            d.u.i.k.p.NodeInfo        No instantiation for #61. Probably branch label not up to date in orLeft 
232874     WARN  main            d.u.i.k.p.NodeInfo        No instantiation for #62. Probably branch label not up to date in orLeft 
232874     WARN  main            d.u.i.k.p.NodeInfo        No instantiation for #62. Probably branch label not up to date in orLeft 
232874     WARN  main            d.u.i.k.p.NodeInfo        No instantiation for #63. Probably branch label not up to date in orLeft 
232874     WARN  main            d.u.i.k.p.NodeInfo        No instantiation for #63. Probably branch label not up to date in orLeft 
232874     WARN  main            d.u.i.k.p.NodeInfo        No instantiation for #60. Probably branch label not up to date in orLeft 
232874     WARN  main            d.u.i.k.p.NodeInfo        No instantiation for #60. Probably branch label not up to date in orLeft 
232874     WARN  main            d.u.i.k.p.NodeInfo        No instantiation for #60. Probably branch label not up to date in orLeft 
232874     WARN  main            d.u.i.k.p.NodeInfo        No instantiation for #60. Probably branch label not up to date in orLeft 
232874     WARN  main            d.u.i.k.p.NodeInfo        No instantiation for #61. Probably branch label not up to date in orLeft 
232874     WARN  main            d.u.i.k.p.NodeInfo        No instantiation for #61. Probably branch label not up to date in orLeft 
232874     WARN  main            d.u.i.k.p.NodeInfo        No instantiation for #62. Probably branch label not up to date in orLeft 
232874     WARN  main            d.u.i.k.p.NodeInfo        No instantiation for #62. Probably branch label not up to date in orLeft 
232874     WARN  main            d.u.i.k.p.NodeInfo        No instantiation for #63. Probably branch label not up to date in orLeft 
232874     WARN  main            d.u.i.k.p.NodeInfo        No instantiation for #63. Probably branch label not up to date in orLeft 
232879     WARN  main            d.u.i.k.p.NodeInfo        No instantiation for #60. Probably branch label not up to date in orLeft 
232879     WARN  main            d.u.i.k.p.NodeInfo        No instantiation for #60. Probably branch label not up to date in orLeft 
232879     WARN  main            d.u.i.k.p.NodeInfo        No instantiation for #60. Probably branch label not up to date in orLeft 
232879     WARN  main            d.u.i.k.p.NodeInfo        No instantiation for #60. Probably branch label not up to date in orLeft 
232879     WARN  main            d.u.i.k.p.NodeInfo        No instantiation for #61. Probably branch label not up to date in orLeft 
232879     WARN  main            d.u.i.k.p.NodeInfo        No instantiation for #61. Probably branch label not up to date in orLeft 
232879     WARN  main            d.u.i.k.p.NodeInfo        No instantiation for #62. Probably branch label not up to date in orLeft 
232879     WARN  main            d.u.i.k.p.NodeInfo        No instantiation for #62. Probably branch label not up to date in orLeft 
232879     WARN  main            d.u.i.k.p.NodeInfo        No instantiation for #63. Probably branch label not up to date in orLeft 
232879     WARN  main            d.u.i.k.p.NodeInfo        No instantiation for #63. Probably branch label not up to date in orLeft 
232879     WARN  main            d.u.i.k.p.NodeInfo        No instantiation for #60. Probably branch label not up to date in orLeft 
232879     WARN  main            d.u.i.k.p.NodeInfo        No instantiation for #60. Probably branch label not up to date in orLeft 
232879     WARN  main            d.u.i.k.p.NodeInfo        No instantiation for #60. Probably branch label not up to date in orLeft 
232879     WARN  main            d.u.i.k.p.NodeInfo        No instantiation for #60. Probably branch label not up to date in orLeft 
232879     WARN  main            d.u.i.k.p.NodeInfo        No instantiation for #61. Probably branch label not up to date in orLeft 
232879     WARN  main            d.u.i.k.p.NodeInfo        No instantiation for #61. Probably branch label not up to date in orLeft 
232879     WARN  main            d.u.i.k.p.NodeInfo        No instantiation for #62. Probably branch label not up to date in orLeft 
232879     WARN  main            d.u.i.k.p.NodeInfo        No instantiation for #62. Probably branch label not up to date in orLeft 
232879     WARN  main            d.u.i.k.p.NodeInfo        No instantiation for #63. Probably branch label not up to date in orLeft 
232879     WARN  main            d.u.i.k.p.NodeInfo        No instantiation for #63. Probably branch label not up to date in orLeft 
232885     WARN  main            d.u.i.k.p.NodeInfo        No instantiation for #60. Probably branch label not up to date in orLeft 
232885     WARN  main            d.u.i.k.p.NodeInfo        No instantiation for #60. Probably branch label not up to date in orLeft 
232885     WARN  main            d.u.i.k.p.NodeInfo        No instantiation for #60. Probably branch label not up to date in orLeft 
232885     WARN  main            d.u.i.k.p.NodeInfo        No instantiation for #60. Probably branch label not up to date in orLeft 
232885     WARN  main            d.u.i.k.p.NodeInfo        No instantiation for #61. Probably branch label not up to date in orLeft 
232885     WARN  main            d.u.i.k.p.NodeInfo        No instantiation for #61. Probably branch label not up to date in orLeft 
232885     WARN  main            d.u.i.k.p.NodeInfo        No instantiation for #62. Probably branch label not up to date in orLeft 
232885     WARN  main            d.u.i.k.p.NodeInfo        No instantiation for #62. Probably branch label not up to date in orLeft 
232885     WARN  main            d.u.i.k.p.NodeInfo        No instantiation for #63. Probably branch label not up to date in orLeft 
232885     WARN  main            d.u.i.k.p.NodeInfo        No instantiation for #63. Probably branch label not up to date in orLeft 
232885     WARN  main            d.u.i.k.p.NodeInfo        No instantiation for #60. Probably branch label not up to date in orLeft 
232885     WARN  main            d.u.i.k.p.NodeInfo        No instantiation for #60. Probably branch label not up to date in orLeft 
232885     WARN  main            d.u.i.k.p.NodeInfo        No instantiation for #60. Probably branch label not up to date in orLeft 
232885     WARN  main            d.u.i.k.p.NodeInfo        No instantiation for #60. Probably branch label not up to date in orLeft 
232885     WARN  main            d.u.i.k.p.NodeInfo        No instantiation for #61. Probably branch label not up to date in orLeft 
232885     WARN  main            d.u.i.k.p.NodeInfo        No instantiation for #61. Probably branch label not up to date in orLeft 
232885     WARN  main            d.u.i.k.p.NodeInfo        No instantiation for #62. Probably branch label not up to date in orLeft 
232885     WARN  main            d.u.i.k.p.NodeInfo        No instantiation for #62. Probably branch label not up to date in orLeft 
232885     WARN  main            d.u.i.k.p.NodeInfo        No instantiation for #63. Probably branch label not up to date in orLeft 
232885     WARN  main            d.u.i.k.p.NodeInfo        No instantiation for #63. Probably branch label not up to date in orLeft 
232885     WARN  main            d.u.i.k.p.NodeInfo        No instantiation for #60. Probably branch label not up to date in orLeft 
232885     WARN  main            d.u.i.k.p.NodeInfo        No instantiation for #60. Probably branch label not up to date in orLeft 
232885     WARN  main            d.u.i.k.p.NodeInfo        No instantiation for #60. Probably branch label not up to date in orLeft 
232885     WARN  main            d.u.i.k.p.NodeInfo        No instantiation for #60. Probably branch label not up to date in orLeft 
232885     WARN  main            d.u.i.k.p.NodeInfo        No instantiation for #61. Probably branch label not up to date in orLeft 
232885     WARN  main            d.u.i.k.p.NodeInfo        No instantiation for #61. Probably branch label not up to date in orLeft 
232885     WARN  main            d.u.i.k.p.NodeInfo        No instantiation for #62. Probably branch label not up to date in orLeft 
232885     WARN  main            d.u.i.k.p.NodeInfo        No instantiation for #62. Probably branch label not up to date in orLeft 
232885     WARN  main            d.u.i.k.p.NodeInfo        No instantiation for #63. Probably branch label not up to date in orLeft 
232885     WARN  main            d.u.i.k.p.NodeInfo        No instantiation for #63. Probably branch label not up to date in orLeft 
232885     WARN  main            d.u.i.k.p.NodeInfo        No instantiation for #60. Probably branch label not up to date in orLeft 
232885     WARN  main            d.u.i.k.p.NodeInfo        No instantiation for #60. Probably branch label not up to date in orLeft 
232885     WARN  main            d.u.i.k.p.NodeInfo        No instantiation for #60. Probably branch label not up to date in orLeft 
232885     WARN  main            d.u.i.k.p.NodeInfo        No instantiation for #60. Probably branch label not up to date in orLeft 
232885     WARN  main            d.u.i.k.p.NodeInfo        No instantiation for #61. Probably branch label not up to date in orLeft 
232885     WARN  main            d.u.i.k.p.NodeInfo        No instantiation for #61. Probably branch label not up to date in orLeft 
232885     WARN  main            d.u.i.k.p.NodeInfo        No instantiation for #62. Probably branch label not up to date in orLeft 
232885     WARN  main            d.u.i.k.p.NodeInfo        No instantiation for #62. Probably branch label not up to date in orLeft 
232885     WARN  main            d.u.i.k.p.NodeInfo        No instantiation for #63. Probably branch label not up to date in orLeft 
232885     WARN  main            d.u.i.k.p.NodeInfo        No instantiation for #63. Probably branch label not up to date in orLeft 
232885     WARN  main            d.u.i.k.p.NodeInfo        No instantiation for #60. Probably branch label not up to date in orLeft 
232885     WARN  main            d.u.i.k.p.NodeInfo        No instantiation for #60. Probably branch label not up to date in orLeft 
232885     WARN  main            d.u.i.k.p.NodeInfo        No instantiation for #60. Probably branch label not up to date in orLeft 
232885     WARN  main            d.u.i.k.p.NodeInfo        No instantiation for #60. Probably branch label not up to date in orLeft 
232885     WARN  main            d.u.i.k.p.NodeInfo        No instantiation for #61. Probably branch label not up to date in orLeft 
232885     WARN  main            d.u.i.k.p.NodeInfo        No instantiation for #61. Probably branch label not up to date in orLeft 
232885     WARN  main            d.u.i.k.p.NodeInfo        No instantiation for #62. Probably branch label not up to date in orLeft 
232885     WARN  main            d.u.i.k.p.NodeInfo        No instantiation for #62. Probably branch label not up to date in orLeft 
232885     WARN  main            d.u.i.k.p.NodeInfo        No instantiation for #63. Probably branch label not up to date in orLeft 
232885     WARN  main            d.u.i.k.p.NodeInfo        No instantiation for #63. Probably branch label not up to date in orLeft 
232885     WARN  main            d.u.i.k.p.NodeInfo        No instantiation for #60. Probably branch label not up to date in orLeft 
232885     WARN  main            d.u.i.k.p.NodeInfo        No instantiation for #60. Probably branch label not up to date in orLeft 
232885     WARN  main            d.u.i.k.p.NodeInfo        No instantiation for #60. Probably branch label not up to date in orLeft 
232885     WARN  main            d.u.i.k.p.NodeInfo        No instantiation for #60. Probably branch label not up to date in orLeft 
232885     WARN  main            d.u.i.k.p.NodeInfo        No instantiation for #61. Probably branch label not up to date in orLeft 
232885     WARN  main            d.u.i.k.p.NodeInfo        No instantiation for #61. Probably branch label not up to date in orLeft 
232885     WARN  main            d.u.i.k.p.NodeInfo        No instantiation for #62. Probably branch label not up to date in orLeft 
232885     WARN  main            d.u.i.k.p.NodeInfo        No instantiation for #62. Probably branch label not up to date in orLeft 
232885     WARN  main            d.u.i.k.p.NodeInfo        No instantiation for #63. Probably branch label not up to date in orLeft 
232885     WARN  main            d.u.i.k.p.NodeInfo        No instantiation for #63. Probably branch label not up to date in orLeft 
232885     WARN  main            d.u.i.k.p.NodeInfo        No instantiation for #60. Probably branch label not up to date in orLeft 
232885     WARN  main            d.u.i.k.p.NodeInfo        No instantiation for #60. Probably branch label not up to date in orLeft 
232885     WARN  main            d.u.i.k.p.NodeInfo        No instantiation for #60. Probably branch label not up to date in orLeft 
232885     WARN  main            d.u.i.k.p.NodeInfo        No instantiation for #60. Probably branch label not up to date in orLeft 
232885     WARN  main            d.u.i.k.p.NodeInfo        No instantiation for #61. Probably branch label not up to date in orLeft 
232885     WARN  main            d.u.i.k.p.NodeInfo        No instantiation for #61. Probably branch label not up to date in orLeft 
232885     WARN  main            d.u.i.k.p.NodeInfo        No instantiation for #62. Probably branch label not up to date in orLeft 
232885     WARN  main            d.u.i.k.p.NodeInfo        No instantiation for #62. Probably branch label not up to date in orLeft 
232885     WARN  main            d.u.i.k.p.NodeInfo        No instantiation for #63. Probably branch label not up to date in orLeft 
232885     WARN  main            d.u.i.k.p.NodeInfo        No instantiation for #63. Probably branch label not up to date in orLeft 
232885     WARN  main            d.u.i.k.p.NodeInfo        No instantiation for #60. Probably branch label not up to date in orLeft 
232885     WARN  main            d.u.i.k.p.NodeInfo        No instantiation for #60. Probably branch label not up to date in orLeft 
232885     WARN  main            d.u.i.k.p.NodeInfo        No instantiation for #60. Probably branch label not up to date in orLeft 
232885     WARN  main            d.u.i.k.p.NodeInfo        No instantiation for #60. Probably branch label not up to date in orLeft 
232885     WARN  main            d.u.i.k.p.NodeInfo        No instantiation for #61. Probably branch label not up to date in orLeft 
232885     WARN  main            d.u.i.k.p.NodeInfo        No instantiation for #61. Probably branch label not up to date in orLeft 
232885     WARN  main            d.u.i.k.p.NodeInfo        No instantiation for #62. Probably branch label not up to date in orLeft 
232885     WARN  main            d.u.i.k.p.NodeInfo        No instantiation for #62. Probably branch label not up to date in orLeft 
232885     WARN  main            d.u.i.k.p.NodeInfo        No instantiation for #63. Probably branch label not up to date in orLeft 
232885     WARN  main            d.u.i.k.p.NodeInfo        No instantiation for #63. Probably branch label not up to date in orLeft 
232890     WARN  main            d.u.i.k.p.NodeInfo        No instantiation for #60. Probably branch label not up to date in orLeft 
232890     WARN  main            d.u.i.k.p.NodeInfo        No instantiation for #60. Probably branch label not up to date in orLeft 
232890     WARN  main            d.u.i.k.p.NodeInfo        No instantiation for #60. Probably branch label not up to date in orLeft 
232890     WARN  main            d.u.i.k.p.NodeInfo        No instantiation for #60. Probably branch label not up to date in orLeft 
232890     WARN  main            d.u.i.k.p.NodeInfo        No instantiation for #61. Probably branch label not up to date in orLeft 
232890     WARN  main            d.u.i.k.p.NodeInfo        No instantiation for #61. Probably branch label not up to date in orLeft 
232890     WARN  main            d.u.i.k.p.NodeInfo        No instantiation for #62. Probably branch label not up to date in orLeft 
232890     WARN  main            d.u.i.k.p.NodeInfo        No instantiation for #62. Probably branch label not up to date in orLeft 
232890     WARN  main            d.u.i.k.p.NodeInfo        No instantiation for #63. Probably branch label not up to date in orLeft 
232890     WARN  main            d.u.i.k.p.NodeInfo        No instantiation for #63. Probably branch label not up to date in orLeft 
232890     WARN  main            d.u.i.k.p.NodeInfo        No instantiation for #60. Probably branch label not up to date in orLeft 
232890     WARN  main            d.u.i.k.p.NodeInfo        No instantiation for #60. Probably branch label not up to date in orLeft 
232890     WARN  main            d.u.i.k.p.NodeInfo        No instantiation for #60. Probably branch label not up to date in orLeft 
232890     WARN  main            d.u.i.k.p.NodeInfo        No instantiation for #60. Probably branch label not up to date in orLeft 
232890     WARN  main            d.u.i.k.p.NodeInfo        No instantiation for #61. Probably branch label not up to date in orLeft 
232890     WARN  main            d.u.i.k.p.NodeInfo        No instantiation for #61. Probably branch label not up to date in orLeft 
232890     WARN  main            d.u.i.k.p.NodeInfo        No instantiation for #62. Probably branch label not up to date in orLeft 
232890     WARN  main            d.u.i.k.p.NodeInfo        No instantiation for #62. Probably branch label not up to date in orLeft 
232890     WARN  main            d.u.i.k.p.NodeInfo        No instantiation for #63. Probably branch label not up to date in orLeft 
232890     WARN  main            d.u.i.k.p.NodeInfo        No instantiation for #63. Probably branch label not up to date in orLeft 
232894     WARN  main            d.u.i.k.p.NodeInfo        No instantiation for #60. Probably branch label not up to date in orLeft 
232894     WARN  main            d.u.i.k.p.NodeInfo        No instantiation for #60. Probably branch label not up to date in orLeft 
232894     WARN  main            d.u.i.k.p.NodeInfo        No instantiation for #60. Probably branch label not up to date in orLeft 
232894     WARN  main            d.u.i.k.p.NodeInfo        No instantiation for #60. Probably branch label not up to date in orLeft 
232894     WARN  main            d.u.i.k.p.NodeInfo        No instantiation for #61. Probably branch label not up to date in orLeft 
232894     WARN  main            d.u.i.k.p.NodeInfo        No instantiation for #61. Probably branch label not up to date in orLeft 
232894     WARN  main            d.u.i.k.p.NodeInfo        No instantiation for #62. Probably branch label not up to date in orLeft 
232894     WARN  main            d.u.i.k.p.NodeInfo        No instantiation for #62. Probably branch label not up to date in orLeft 
232894     WARN  main            d.u.i.k.p.NodeInfo        No instantiation for #63. Probably branch label not up to date in orLeft 
232894     WARN  main            d.u.i.k.p.NodeInfo        No instantiation for #63. Probably branch label not up to date in orLeft 
232894     WARN  main            d.u.i.k.p.NodeInfo        No instantiation for #60. Probably branch label not up to date in orLeft 
232894     WARN  main            d.u.i.k.p.NodeInfo        No instantiation for #60. Probably branch label not up to date in orLeft 
232894     WARN  main            d.u.i.k.p.NodeInfo        No instantiation for #60. Probably branch label not up to date in orLeft 
232894     WARN  main            d.u.i.k.p.NodeInfo        No instantiation for #60. Probably branch label not up to date in orLeft 
232894     WARN  main            d.u.i.k.p.NodeInfo        No instantiation for #61. Probably branch label not up to date in orLeft 
232894     WARN  main            d.u.i.k.p.NodeInfo        No instantiation for #61. Probably branch label not up to date in orLeft 
232894     WARN  main            d.u.i.k.p.NodeInfo        No instantiation for #62. Probably branch label not up to date in orLeft 
232894     WARN  main            d.u.i.k.p.NodeInfo        No instantiation for #62. Probably branch label not up to date in orLeft 
232894     WARN  main            d.u.i.k.p.NodeInfo        No instantiation for #63. Probably branch label not up to date in orLeft 
232894     WARN  main            d.u.i.k.p.NodeInfo        No instantiation for #63. Probably branch label not up to date in orLeft 
232894     WARN  main            d.u.i.k.p.NodeInfo        No instantiation for #60. Probably branch label not up to date in orLeft 
232894     WARN  main            d.u.i.k.p.NodeInfo        No instantiation for #60. Probably branch label not up to date in orLeft 
232894     WARN  main            d.u.i.k.p.NodeInfo        No instantiation for #60. Probably branch label not up to date in orLeft 
232894     WARN  main            d.u.i.k.p.NodeInfo        No instantiation for #60. Probably branch label not up to date in orLeft 
232894     WARN  main            d.u.i.k.p.NodeInfo        No instantiation for #61. Probably branch label not up to date in orLeft 
232895     WARN  main            d.u.i.k.p.NodeInfo        No instantiation for #61. Probably branch label not up to date in orLeft 
232895     WARN  main            d.u.i.k.p.NodeInfo        No instantiation for #62. Probably branch label not up to date in orLeft 
232895     WARN  main            d.u.i.k.p.NodeInfo        No instantiation for #62. Probably branch label not up to date in orLeft 
232895     WARN  main            d.u.i.k.p.NodeInfo        No instantiation for #63. Probably branch label not up to date in orLeft 
232895     WARN  main            d.u.i.k.p.NodeInfo        No instantiation for #63. Probably branch label not up to date in orLeft 
232895     WARN  main            d.u.i.k.p.NodeInfo        No instantiation for #60. Probably branch label not up to date in orLeft 
232895     WARN  main            d.u.i.k.p.NodeInfo        No instantiation for #60. Probably branch label not up to date in orLeft 
232895     WARN  main            d.u.i.k.p.NodeInfo        No instantiation for #60. Probably branch label not up to date in orLeft 
232895     WARN  main            d.u.i.k.p.NodeInfo        No instantiation for #60. Probably branch label not up to date in orLeft 
232895     WARN  main            d.u.i.k.p.NodeInfo        No instantiation for #61. Probably branch label not up to date in orLeft 
232895     WARN  main            d.u.i.k.p.NodeInfo        No instantiation for #61. Probably branch label not up to date in orLeft 
232895     WARN  main            d.u.i.k.p.NodeInfo        No instantiation for #62. Probably branch label not up to date in orLeft 
232895     WARN  main            d.u.i.k.p.NodeInfo        No instantiation for #62. Probably branch label not up to date in orLeft 
232895     WARN  main            d.u.i.k.p.NodeInfo        No instantiation for #63. Probably branch label not up to date in orLeft 
232895     WARN  main            d.u.i.k.p.NodeInfo        No instantiation for #63. Probably branch label not up to date in orLeft 
232895     WARN  main            d.u.i.k.p.NodeInfo        No instantiation for #60. Probably branch label not up to date in orLeft 
232895     WARN  main            d.u.i.k.p.NodeInfo        No instantiation for #60. Probably branch label not up to date in orLeft 
232895     WARN  main            d.u.i.k.p.NodeInfo        No instantiation for #60. Probably branch label not up to date in orLeft 
232895     WARN  main            d.u.i.k.p.NodeInfo        No instantiation for #60. Probably branch label not up to date in orLeft 
232895     WARN  main            d.u.i.k.p.NodeInfo        No instantiation for #61. Probably branch label not up to date in orLeft 
232895     WARN  main            d.u.i.k.p.NodeInfo        No instantiation for #61. Probably branch label not up to date in orLeft 
232895     WARN  main            d.u.i.k.p.NodeInfo        No instantiation for #62. Probably branch label not up to date in orLeft 
232895     WARN  main            d.u.i.k.p.NodeInfo        No instantiation for #62. Probably branch label not up to date in orLeft 
232895     WARN  main            d.u.i.k.p.NodeInfo        No instantiation for #63. Probably branch label not up to date in orLeft 
232895     WARN  main            d.u.i.k.p.NodeInfo        No instantiation for #63. Probably branch label not up to date in orLeft 
232895     WARN  main            d.u.i.k.p.NodeInfo        No instantiation for #60. Probably branch label not up to date in orLeft 
232895     WARN  main            d.u.i.k.p.NodeInfo        No instantiation for #60. Probably branch label not up to date in orLeft 
232895     WARN  main            d.u.i.k.p.NodeInfo        No instantiation for #60. Probably branch label not up to date in orLeft 
232895     WARN  main            d.u.i.k.p.NodeInfo        No instantiation for #60. Probably branch label not up to date in orLeft 
232895     WARN  main            d.u.i.k.p.NodeInfo        No instantiation for #61. Probably branch label not up to date in orLeft 
232895     WARN  main            d.u.i.k.p.NodeInfo        No instantiation for #61. Probably branch label not up to date in orLeft 
232895     WARN  main            d.u.i.k.p.NodeInfo        No instantiation for #62. Probably branch label not up to date in orLeft 
232895     WARN  main            d.u.i.k.p.NodeInfo        No instantiation for #62. Probably branch label not up to date in orLeft 
232895     WARN  main            d.u.i.k.p.NodeInfo        No instantiation for #63. Probably branch label not up to date in orLeft 
232895     WARN  main            d.u.i.k.p.NodeInfo        No instantiation for #63. Probably branch label not up to date in orLeft 
232899     WARN  main            d.u.i.k.p.NodeInfo        No instantiation for #60. Probably branch label not up to date in orLeft 
232899     WARN  main            d.u.i.k.p.NodeInfo        No instantiation for #60. Probably branch label not up to date in orLeft 
232899     WARN  main            d.u.i.k.p.NodeInfo        No instantiation for #60. Probably branch label not up to date in orLeft 
232899     WARN  main            d.u.i.k.p.NodeInfo        No instantiation for #60. Probably branch label not up to date in orLeft 
232899     WARN  main            d.u.i.k.p.NodeInfo        No instantiation for #61. Probably branch label not up to date in orLeft 
232899     WARN  main            d.u.i.k.p.NodeInfo        No instantiation for #61. Probably branch label not up to date in orLeft 
232899     WARN  main            d.u.i.k.p.NodeInfo        No instantiation for #62. Probably branch label not up to date in orLeft 
232899     WARN  main            d.u.i.k.p.NodeInfo        No instantiation for #62. Probably branch label not up to date in orLeft 
232899     WARN  main            d.u.i.k.p.NodeInfo        No instantiation for #63. Probably branch label not up to date in orLeft 
232899     WARN  main            d.u.i.k.p.NodeInfo        No instantiation for #63. Probably branch label not up to date in orLeft 
232899     WARN  main            d.u.i.k.p.NodeInfo        No instantiation for #60. Probably branch label not up to date in orLeft 
232899     WARN  main            d.u.i.k.p.NodeInfo        No instantiation for #60. Probably branch label not up to date in orLeft 
232899     WARN  main            d.u.i.k.p.NodeInfo        No instantiation for #60. Probably branch label not up to date in orLeft 
232899     WARN  main            d.u.i.k.p.NodeInfo        No instantiation for #60. Probably branch label not up to date in orLeft 
232899     WARN  main            d.u.i.k.p.NodeInfo        No instantiation for #61. Probably branch label not up to date in orLeft 
232899     WARN  main            d.u.i.k.p.NodeInfo        No instantiation for #61. Probably branch label not up to date in orLeft 
232899     WARN  main            d.u.i.k.p.NodeInfo        No instantiation for #62. Probably branch label not up to date in orLeft 
232899     WARN  main            d.u.i.k.p.NodeInfo        No instantiation for #62. Probably branch label not up to date in orLeft 
232899     WARN  main            d.u.i.k.p.NodeInfo        No instantiation for #63. Probably branch label not up to date in orLeft 
232899     WARN  main            d.u.i.k.p.NodeInfo        No instantiation for #63. Probably branch label not up to date in orLeft 
232902     WARN  main            d.u.i.k.p.NodeInfo        No instantiation for #60. Probably branch label not up to date in orLeft 
232902     WARN  main            d.u.i.k.p.NodeInfo        No instantiation for #60. Probably branch label not up to date in orLeft 
232902     WARN  main            d.u.i.k.p.NodeInfo        No instantiation for #60. Probably branch label not up to date in orLeft 
232902     WARN  main            d.u.i.k.p.NodeInfo        No instantiation for #60. Probably branch label not up to date in orLeft 
232902     WARN  main            d.u.i.k.p.NodeInfo        No instantiation for #61. Probably branch label not up to date in orLeft 
232902     WARN  main            d.u.i.k.p.NodeInfo        No instantiation for #61. Probably branch label not up to date in orLeft 
232902     WARN  main            d.u.i.k.p.NodeInfo        No instantiation for #62. Probably branch label not up to date in orLeft 
232902     WARN  main            d.u.i.k.p.NodeInfo        No instantiation for #62. Probably branch label not up to date in orLeft 
232902     WARN  main            d.u.i.k.p.NodeInfo        No instantiation for #63. Probably branch label not up to date in orLeft 
232902     WARN  main            d.u.i.k.p.NodeInfo        No instantiation for #63. Probably branch label not up to date in orLeft 
232902     WARN  main            d.u.i.k.p.NodeInfo        No instantiation for #60. Probably branch label not up to date in orLeft 
232902     WARN  main            d.u.i.k.p.NodeInfo        No instantiation for #60. Probably branch label not up to date in orLeft 
232902     WARN  main            d.u.i.k.p.NodeInfo        No instantiation for #60. Probably branch label not up to date in orLeft 
232902     WARN  main            d.u.i.k.p.NodeInfo        No instantiation for #60. Probably branch label not up to date in orLeft 
232902     WARN  main            d.u.i.k.p.NodeInfo        No instantiation for #61. Probably branch label not up to date in orLeft 
232902     WARN  main            d.u.i.k.p.NodeInfo        No instantiation for #61. Probably branch label not up to date in orLeft 
232903     WARN  main            d.u.i.k.p.NodeInfo        No instantiation for #62. Probably branch label not up to date in orLeft 
232903     WARN  main            d.u.i.k.p.NodeInfo        No instantiation for #62. Probably branch label not up to date in orLeft 
232903     WARN  main            d.u.i.k.p.NodeInfo        No instantiation for #63. Probably branch label not up to date in orLeft 
232903     WARN  main            d.u.i.k.p.NodeInfo        No instantiation for #63. Probably branch label not up to date in orLeft 
232903     WARN  main            d.u.i.k.p.NodeInfo        No instantiation for #60. Probably branch label not up to date in orLeft 
232903     WARN  main            d.u.i.k.p.NodeInfo        No instantiation for #60. Probably branch label not up to date in orLeft 
232903     WARN  main            d.u.i.k.p.NodeInfo        No instantiation for #60. Probably branch label not up to date in orLeft 
232903     WARN  main            d.u.i.k.p.NodeInfo        No instantiation for #60. Probably branch label not up to date in orLeft 
232903     WARN  main            d.u.i.k.p.NodeInfo        No instantiation for #61. Probably branch label not up to date in orLeft 
232903     WARN  main            d.u.i.k.p.NodeInfo        No instantiation for #61. Probably branch label not up to date in orLeft 
232903     WARN  main            d.u.i.k.p.NodeInfo        No instantiation for #62. Probably branch label not up to date in orLeft 
232903     WARN  main            d.u.i.k.p.NodeInfo        No instantiation for #62. Probably branch label not up to date in orLeft 
232903     WARN  main            d.u.i.k.p.NodeInfo        No instantiation for #63. Probably branch label not up to date in orLeft 
232903     WARN  main            d.u.i.k.p.NodeInfo        No instantiation for #63. Probably branch label not up to date in orLeft 
232903     WARN  main            d.u.i.k.p.NodeInfo        No instantiation for #60. Probably branch label not up to date in orLeft 
232903     WARN  main            d.u.i.k.p.NodeInfo        No instantiation for #60. Probably branch label not up to date in orLeft 
232903     WARN  main            d.u.i.k.p.NodeInfo        No instantiation for #60. Probably branch label not up to date in orLeft 
232903     WARN  main            d.u.i.k.p.NodeInfo        No instantiation for #60. Probably branch label not up to date in orLeft 
232903     WARN  main            d.u.i.k.p.NodeInfo        No instantiation for #61. Probably branch label not up to date in orLeft 
232903     WARN  main            d.u.i.k.p.NodeInfo        No instantiation for #61. Probably branch label not up to date in orLeft 
232903     WARN  main            d.u.i.k.p.NodeInfo        No instantiation for #62. Probably branch label not up to date in orLeft 
232903     WARN  main            d.u.i.k.p.NodeInfo        No instantiation for #62. Probably branch label not up to date in orLeft 
232903     WARN  main            d.u.i.k.p.NodeInfo        No instantiation for #63. Probably branch label not up to date in orLeft 
232903     WARN  main            d.u.i.k.p.NodeInfo        No instantiation for #63. Probably branch label not up to date in orLeft 
232906     WARN  main            d.u.i.k.p.NodeInfo        No instantiation for #60. Probably branch label not up to date in orLeft 
232906     WARN  main            d.u.i.k.p.NodeInfo        No instantiation for #60. Probably branch label not up to date in orLeft 
232906     WARN  main            d.u.i.k.p.NodeInfo        No instantiation for #60. Probably branch label not up to date in orLeft 
232906     WARN  main            d.u.i.k.p.NodeInfo        No instantiation for #60. Probably branch label not up to date in orLeft 
232906     WARN  main            d.u.i.k.p.NodeInfo        No instantiation for #61. Probably branch label not up to date in orLeft 
232906     WARN  main            d.u.i.k.p.NodeInfo        No instantiation for #61. Probably branch label not up to date in orLeft 
232907     WARN  main            d.u.i.k.p.NodeInfo        No instantiation for #62. Probably branch label not up to date in orLeft 
232907     WARN  main            d.u.i.k.p.NodeInfo        No instantiation for #62. Probably branch label not up to date in orLeft 
232907     WARN  main            d.u.i.k.p.NodeInfo        No instantiation for #63. Probably branch label not up to date in orLeft 
232907     WARN  main            d.u.i.k.p.NodeInfo        No instantiation for #63. Probably branch label not up to date in orLeft 
232907     WARN  main            d.u.i.k.p.NodeInfo        No instantiation for #60. Probably branch label not up to date in orLeft 
232907     WARN  main            d.u.i.k.p.NodeInfo        No instantiation for #60. Probably branch label not up to date in orLeft 
232907     WARN  main            d.u.i.k.p.NodeInfo        No instantiation for #60. Probably branch label not up to date in orLeft 
232907     WARN  main            d.u.i.k.p.NodeInfo        No instantiation for #60. Probably branch label not up to date in orLeft 
232907     WARN  main            d.u.i.k.p.NodeInfo        No instantiation for #61. Probably branch label not up to date in orLeft 
232907     WARN  main            d.u.i.k.p.NodeInfo        No instantiation for #61. Probably branch label not up to date in orLeft 
232907     WARN  main            d.u.i.k.p.NodeInfo        No instantiation for #62. Probably branch label not up to date in orLeft 
232907     WARN  main            d.u.i.k.p.NodeInfo        No instantiation for #62. Probably branch label not up to date in orLeft 
232907     WARN  main            d.u.i.k.p.NodeInfo        No instantiation for #63. Probably branch label not up to date in orLeft 
232907     WARN  main            d.u.i.k.p.NodeInfo        No instantiation for #63. Probably branch label not up to date in orLeft 
232909     WARN  main            d.u.i.k.p.NodeInfo        No instantiation for #60. Probably branch label not up to date in orLeft 
232909     WARN  main            d.u.i.k.p.NodeInfo        No instantiation for #60. Probably branch label not up to date in orLeft 
232909     WARN  main            d.u.i.k.p.NodeInfo        No instantiation for #60. Probably branch label not up to date in orLeft 
232909     WARN  main            d.u.i.k.p.NodeInfo        No instantiation for #60. Probably branch label not up to date in orLeft 
232909     WARN  main            d.u.i.k.p.NodeInfo        No instantiation for #61. Probably branch label not up to date in orLeft 
232909     WARN  main            d.u.i.k.p.NodeInfo        No instantiation for #61. Probably branch label not up to date in orLeft 
232909     WARN  main            d.u.i.k.p.NodeInfo        No instantiation for #62. Probably branch label not up to date in orLeft 
232909     WARN  main            d.u.i.k.p.NodeInfo        No instantiation for #62. Probably branch label not up to date in orLeft 
232909     WARN  main            d.u.i.k.p.NodeInfo        No instantiation for #63. Probably branch label not up to date in orLeft 
232909     WARN  main            d.u.i.k.p.NodeInfo        No instantiation for #63. Probably branch label not up to date in orLeft 
232909     WARN  main            d.u.i.k.p.NodeInfo        No instantiation for #60. Probably branch label not up to date in orLeft 
232909     WARN  main            d.u.i.k.p.NodeInfo        No instantiation for #60. Probably branch label not up to date in orLeft 
232909     WARN  main            d.u.i.k.p.NodeInfo        No instantiation for #60. Probably branch label not up to date in orLeft 
232909     WARN  main            d.u.i.k.p.NodeInfo        No instantiation for #60. Probably branch label not up to date in orLeft 
232909     WARN  main            d.u.i.k.p.NodeInfo        No instantiation for #61. Probably branch label not up to date in orLeft 
232909     WARN  main            d.u.i.k.p.NodeInfo        No instantiation for #61. Probably branch label not up to date in orLeft 
232909     WARN  main            d.u.i.k.p.NodeInfo        No instantiation for #62. Probably branch label not up to date in orLeft 
232909     WARN  main            d.u.i.k.p.NodeInfo        No instantiation for #62. Probably branch label not up to date in orLeft 
232909     WARN  main            d.u.i.k.p.NodeInfo        No instantiation for #63. Probably branch label not up to date in orLeft 
232909     WARN  main            d.u.i.k.p.NodeInfo        No instantiation for #63. Probably branch label not up to date in orLeft 
244178     WARN  main            d.u.i.k.p.NodeInfo        No instantiation for #106. Probably branch label not up to date in orLeft 
244179     WARN  main            d.u.i.k.p.NodeInfo        No instantiation for #106. Probably branch label not up to date in orLeft 
244179     WARN  main            d.u.i.k.p.NodeInfo        No instantiation for #106. Probably branch label not up to date in orLeft 
244179     WARN  main            d.u.i.k.p.NodeInfo        No instantiation for #106. Probably branch label not up to date in orLeft 
244179     WARN  main            d.u.i.k.p.NodeInfo        No instantiation for #107. Probably branch label not up to date in orLeft 
244179     WARN  main            d.u.i.k.p.NodeInfo        No instantiation for #107. Probably branch label not up to date in orLeft 
244180     WARN  main            d.u.i.k.p.NodeInfo        No instantiation for #108. Probably branch label not up to date in orLeft 
244180     WARN  main            d.u.i.k.p.NodeInfo        No instantiation for #108. Probably branch label not up to date in orLeft 
244180     WARN  main            d.u.i.k.p.NodeInfo        No instantiation for #109. Probably branch label not up to date in orLeft 
244180     WARN  main            d.u.i.k.p.NodeInfo        No instantiation for #109. Probably branch label not up to date in orLeft 
244180     WARN  main            d.u.i.k.p.NodeInfo        No instantiation for #110. Probably branch label not up to date in orLeft 
244180     WARN  main            d.u.i.k.p.NodeInfo        No instantiation for #110. Probably branch label not up to date in orLeft 
244180     WARN  main            d.u.i.k.p.NodeInfo        No instantiation for #110. Probably branch label not up to date in orLeft 
244180     WARN  main            d.u.i.k.p.NodeInfo        No instantiation for #110. Probably branch label not up to date in orLeft 
244180     WARN  main            d.u.i.k.p.NodeInfo        No instantiation for #110. Probably branch label not up to date in orLeft 
244180     WARN  main            d.u.i.k.p.NodeInfo        No instantiation for #111. Probably branch label not up to date in orLeft 
244180     WARN  main            d.u.i.k.p.NodeInfo        No instantiation for #111. Probably branch label not up to date in orLeft 
244181     WARN  main            d.u.i.k.p.NodeInfo        No instantiation for #112. Probably branch label not up to date in orLeft 
244181     WARN  main            d.u.i.k.p.NodeInfo        No instantiation for #112. Probably branch label not up to date in orLeft 
244181     WARN  main            d.u.i.k.p.NodeInfo        No instantiation for #113. Probably branch label not up to date in orLeft 
244181     WARN  main            d.u.i.k.p.NodeInfo        No instantiation for #113. Probably branch label not up to date in orLeft 
244181     WARN  main            d.u.i.k.p.NodeInfo        No instantiation for #106. Probably branch label not up to date in orLeft 
244181     WARN  main            d.u.i.k.p.NodeInfo        No instantiation for #106. Probably branch label not up to date in orLeft 
244181     WARN  main            d.u.i.k.p.NodeInfo        No instantiation for #106. Probably branch label not up to date in orLeft 
244181     WARN  main            d.u.i.k.p.NodeInfo        No instantiation for #106. Probably branch label not up to date in orLeft 
244181     WARN  main            d.u.i.k.p.NodeInfo        No instantiation for #107. Probably branch label not up to date in orLeft 
244181     WARN  main            d.u.i.k.p.NodeInfo        No instantiation for #107. Probably branch label not up to date in orLeft 
244182     WARN  main            d.u.i.k.p.NodeInfo        No instantiation for #108. Probably branch label not up to date in orLeft 
244182     WARN  main            d.u.i.k.p.NodeInfo        No instantiation for #108. Probably branch label not up to date in orLeft 
244182     WARN  main            d.u.i.k.p.NodeInfo        No instantiation for #109. Probably branch label not up to date in orLeft 
244182     WARN  main            d.u.i.k.p.NodeInfo        No instantiation for #109. Probably branch label not up to date in orLeft 
244182     WARN  main            d.u.i.k.p.NodeInfo        No instantiation for #110. Probably branch label not up to date in orLeft 
244182     WARN  main            d.u.i.k.p.NodeInfo        No instantiation for #110. Probably branch label not up to date in orLeft 
244182     WARN  main            d.u.i.k.p.NodeInfo        No instantiation for #110. Probably branch label not up to date in orLeft 
244182     WARN  main            d.u.i.k.p.NodeInfo        No instantiation for #110. Probably branch label not up to date in orLeft 
244182     WARN  main            d.u.i.k.p.NodeInfo        No instantiation for #110. Probably branch label not up to date in orLeft 
244182     WARN  main            d.u.i.k.p.NodeInfo        No instantiation for #111. Probably branch label not up to date in orLeft 
244183     WARN  main            d.u.i.k.p.NodeInfo        No instantiation for #111. Probably branch label not up to date in orLeft 
244183     WARN  main            d.u.i.k.p.NodeInfo        No instantiation for #112. Probably branch label not up to date in orLeft 
244183     WARN  main            d.u.i.k.p.NodeInfo        No instantiation for #112. Probably branch label not up to date in orLeft 
244183     WARN  main            d.u.i.k.p.NodeInfo        No instantiation for #113. Probably branch label not up to date in orLeft 
244183     WARN  main            d.u.i.k.p.NodeInfo        No instantiation for #113. Probably branch label not up to date in orLeft 
244200     WARN  main            d.u.i.k.p.NodeInfo        No instantiation for #106. Probably branch label not up to date in orLeft 
244200     WARN  main            d.u.i.k.p.NodeInfo        No instantiation for #106. Probably branch label not up to date in orLeft 
244200     WARN  main            d.u.i.k.p.NodeInfo        No instantiation for #106. Probably branch label not up to date in orLeft 
244200     WARN  main            d.u.i.k.p.NodeInfo        No instantiation for #106. Probably branch label not up to date in orLeft 
244200     WARN  main            d.u.i.k.p.NodeInfo        No instantiation for #107. Probably branch label not up to date in orLeft 
244200     WARN  main            d.u.i.k.p.NodeInfo        No instantiation for #107. Probably branch label not up to date in orLeft 
244200     WARN  main            d.u.i.k.p.NodeInfo        No instantiation for #108. Probably branch label not up to date in orLeft 
244200     WARN  main            d.u.i.k.p.NodeInfo        No instantiation for #108. Probably branch label not up to date in orLeft 
244200     WARN  main            d.u.i.k.p.NodeInfo        No instantiation for #109. Probably branch label not up to date in orLeft 
244200     WARN  main            d.u.i.k.p.NodeInfo        No instantiation for #109. Probably branch label not up to date in orLeft 
244200     WARN  main            d.u.i.k.p.NodeInfo        No instantiation for #110. Probably branch label not up to date in orLeft 
244200     WARN  main            d.u.i.k.p.NodeInfo        No instantiation for #110. Probably branch label not up to date in orLeft 
244200     WARN  main            d.u.i.k.p.NodeInfo        No instantiation for #110. Probably branch label not up to date in orLeft 
244200     WARN  main            d.u.i.k.p.NodeInfo        No instantiation for #110. Probably branch label not up to date in orLeft 
244200     WARN  main            d.u.i.k.p.NodeInfo        No instantiation for #110. Probably branch label not up to date in orLeft 
244200     WARN  main            d.u.i.k.p.NodeInfo        No instantiation for #55. Probably branch label not up to date in orLeft 
244200     WARN  main            d.u.i.k.p.NodeInfo        No instantiation for #55. Probably branch label not up to date in orLeft 
244200     WARN  main            d.u.i.k.p.NodeInfo        No instantiation for #56. Probably branch label not up to date in orLeft 
244200     WARN  main            d.u.i.k.p.NodeInfo        No instantiation for #56. Probably branch label not up to date in orLeft 
244200     WARN  main            d.u.i.k.p.NodeInfo        No instantiation for #57. Probably branch label not up to date in orLeft 
244200     WARN  main            d.u.i.k.p.NodeInfo        No instantiation for #57. Probably branch label not up to date in orLeft 
244200     WARN  main            d.u.i.k.p.NodeInfo        No instantiation for #106. Probably branch label not up to date in orLeft 
244200     WARN  main            d.u.i.k.p.NodeInfo        No instantiation for #106. Probably branch label not up to date in orLeft 
244200     WARN  main            d.u.i.k.p.NodeInfo        No instantiation for #106. Probably branch label not up to date in orLeft 
244200     WARN  main            d.u.i.k.p.NodeInfo        No instantiation for #106. Probably branch label not up to date in orLeft 
244200     WARN  main            d.u.i.k.p.NodeInfo        No instantiation for #107. Probably branch label not up to date in orLeft 
244200     WARN  main            d.u.i.k.p.NodeInfo        No instantiation for #107. Probably branch label not up to date in orLeft 
244200     WARN  main            d.u.i.k.p.NodeInfo        No instantiation for #108. Probably branch label not up to date in orLeft 
244200     WARN  main            d.u.i.k.p.NodeInfo        No instantiation for #108. Probably branch label not up to date in orLeft 
244200     WARN  main            d.u.i.k.p.NodeInfo        No instantiation for #109. Probably branch label not up to date in orLeft 
244200     WARN  main            d.u.i.k.p.NodeInfo        No instantiation for #109. Probably branch label not up to date in orLeft 
244200     WARN  main            d.u.i.k.p.NodeInfo        No instantiation for #110. Probably branch label not up to date in orLeft 
244200     WARN  main            d.u.i.k.p.NodeInfo        No instantiation for #110. Probably branch label not up to date in orLeft 
244200     WARN  main            d.u.i.k.p.NodeInfo        No instantiation for #110. Probably branch label not up to date in orLeft 
244200     WARN  main            d.u.i.k.p.NodeInfo        No instantiation for #110. Probably branch label not up to date in orLeft 
244200     WARN  main            d.u.i.k.p.NodeInfo        No instantiation for #110. Probably branch label not up to date in orLeft 
244201     WARN  main            d.u.i.k.p.NodeInfo        No instantiation for #55. Probably branch label not up to date in orLeft 
244201     WARN  main            d.u.i.k.p.NodeInfo        No instantiation for #55. Probably branch label not up to date in orLeft 
244201     WARN  main            d.u.i.k.p.NodeInfo        No instantiation for #56. Probably branch label not up to date in orLeft 
244201     WARN  main            d.u.i.k.p.NodeInfo        No instantiation for #56. Probably branch label not up to date in orLeft 
244201     WARN  main            d.u.i.k.p.NodeInfo        No instantiation for #57. Probably branch label not up to date in orLeft 
244201     WARN  main            d.u.i.k.p.NodeInfo        No instantiation for #57. Probably branch label not up to date in orLeft 
244201     WARN  main            d.u.i.k.p.NodeInfo        No instantiation for #106. Probably branch label not up to date in orLeft 
244201     WARN  main            d.u.i.k.p.NodeInfo        No instantiation for #106. Probably branch label not up to date in orLeft 
244201     WARN  main            d.u.i.k.p.NodeInfo        No instantiation for #106. Probably branch label not up to date in orLeft 
244201     WARN  main            d.u.i.k.p.NodeInfo        No instantiation for #106. Probably branch label not up to date in orLeft 
244201     WARN  main            d.u.i.k.p.NodeInfo        No instantiation for #107. Probably branch label not up to date in orLeft 
244201     WARN  main            d.u.i.k.p.NodeInfo        No instantiation for #107. Probably branch label not up to date in orLeft 
244201     WARN  main            d.u.i.k.p.NodeInfo        No instantiation for #108. Probably branch label not up to date in orLeft 
244201     WARN  main            d.u.i.k.p.NodeInfo        No instantiation for #108. Probably branch label not up to date in orLeft 
244201     WARN  main            d.u.i.k.p.NodeInfo        No instantiation for #109. Probably branch label not up to date in orLeft 
244201     WARN  main            d.u.i.k.p.NodeInfo        No instantiation for #109. Probably branch label not up to date in orLeft 
244201     WARN  main            d.u.i.k.p.NodeInfo        No instantiation for #110. Probably branch label not up to date in orLeft 
244201     WARN  main            d.u.i.k.p.NodeInfo        No instantiation for #110. Probably branch label not up to date in orLeft 
244201     WARN  main            d.u.i.k.p.NodeInfo        No instantiation for #110. Probably branch label not up to date in orLeft 
244201     WARN  main            d.u.i.k.p.NodeInfo        No instantiation for #110. Probably branch label not up to date in orLeft 
244201     WARN  main            d.u.i.k.p.NodeInfo        No instantiation for #110. Probably branch label not up to date in orLeft 
244201     WARN  main            d.u.i.k.p.NodeInfo        No instantiation for #55. Probably branch label not up to date in orLeft 
244201     WARN  main            d.u.i.k.p.NodeInfo        No instantiation for #55. Probably branch label not up to date in orLeft 
244201     WARN  main            d.u.i.k.p.NodeInfo        No instantiation for #56. Probably branch label not up to date in orLeft 
244201     WARN  main            d.u.i.k.p.NodeInfo        No instantiation for #56. Probably branch label not up to date in orLeft 
244201     WARN  main            d.u.i.k.p.NodeInfo        No instantiation for #57. Probably branch label not up to date in orLeft 
244201     WARN  main            d.u.i.k.p.NodeInfo        No instantiation for #57. Probably branch label not up to date in orLeft 
244201     WARN  main            d.u.i.k.p.NodeInfo        No instantiation for #106. Probably branch label not up to date in orLeft 
244201     WARN  main            d.u.i.k.p.NodeInfo        No instantiation for #106. Probably branch label not up to date in orLeft 
244201     WARN  main            d.u.i.k.p.NodeInfo        No instantiation for #106. Probably branch label not up to date in orLeft 
244201     WARN  main            d.u.i.k.p.NodeInfo        No instantiation for #106. Probably branch label not up to date in orLeft 
244201     WARN  main            d.u.i.k.p.NodeInfo        No instantiation for #107. Probably branch label not up to date in orLeft 
244201     WARN  main            d.u.i.k.p.NodeInfo        No instantiation for #107. Probably branch label not up to date in orLeft 
244201     WARN  main            d.u.i.k.p.NodeInfo        No instantiation for #108. Probably branch label not up to date in orLeft 
244201     WARN  main            d.u.i.k.p.NodeInfo        No instantiation for #108. Probably branch label not up to date in orLeft 
244201     WARN  main            d.u.i.k.p.NodeInfo        No instantiation for #109. Probably branch label not up to date in orLeft 
244201     WARN  main            d.u.i.k.p.NodeInfo        No instantiation for #109. Probably branch label not up to date in orLeft 
244201     WARN  main            d.u.i.k.p.NodeInfo        No instantiation for #110. Probably branch label not up to date in orLeft 
244201     WARN  main            d.u.i.k.p.NodeInfo        No instantiation for #110. Probably branch label not up to date in orLeft 
244201     WARN  main            d.u.i.k.p.NodeInfo        No instantiation for #110. Probably branch label not up to date in orLeft 
244201     WARN  main            d.u.i.k.p.NodeInfo        No instantiation for #110. Probably branch label not up to date in orLeft 
244201     WARN  main            d.u.i.k.p.NodeInfo        No instantiation for #110. Probably branch label not up to date in orLeft 
244201     WARN  main            d.u.i.k.p.NodeInfo        No instantiation for #87. Probably branch label not up to date in orLeft 
244201     WARN  main            d.u.i.k.p.NodeInfo        No instantiation for #87. Probably branch label not up to date in orLeft 
244201     WARN  main            d.u.i.k.p.NodeInfo        No instantiation for #88. Probably branch label not up to date in orLeft 
244201     WARN  main            d.u.i.k.p.NodeInfo        No instantiation for #88. Probably branch label not up to date in orLeft 
244201     WARN  main            d.u.i.k.p.NodeInfo        No instantiation for #89. Probably branch label not up to date in orLeft 
244201     WARN  main            d.u.i.k.p.NodeInfo        No instantiation for #89. Probably branch label not up to date in orLeft 
244201     WARN  main            d.u.i.k.p.NodeInfo        No instantiation for #106. Probably branch label not up to date in orLeft 
244201     WARN  main            d.u.i.k.p.NodeInfo        No instantiation for #106. Probably branch label not up to date in orLeft 
244201     WARN  main            d.u.i.k.p.NodeInfo        No instantiation for #106. Probably branch label not up to date in orLeft 
244201     WARN  main            d.u.i.k.p.NodeInfo        No instantiation for #106. Probably branch label not up to date in orLeft 
244201     WARN  main            d.u.i.k.p.NodeInfo        No instantiation for #107. Probably branch label not up to date in orLeft 
244201     WARN  main            d.u.i.k.p.NodeInfo        No instantiation for #107. Probably branch label not up to date in orLeft 
244201     WARN  main            d.u.i.k.p.NodeInfo        No instantiation for #108. Probably branch label not up to date in orLeft 
244201     WARN  main            d.u.i.k.p.NodeInfo        No instantiation for #108. Probably branch label not up to date in orLeft 
244201     WARN  main            d.u.i.k.p.NodeInfo        No instantiation for #109. Probably branch label not up to date in orLeft 
244201     WARN  main            d.u.i.k.p.NodeInfo        No instantiation for #109. Probably branch label not up to date in orLeft 
244201     WARN  main            d.u.i.k.p.NodeInfo        No instantiation for #110. Probably branch label not up to date in orLeft 
244201     WARN  main            d.u.i.k.p.NodeInfo        No instantiation for #110. Probably branch label not up to date in orLeft 
244201     WARN  main            d.u.i.k.p.NodeInfo        No instantiation for #110. Probably branch label not up to date in orLeft 
244201     WARN  main            d.u.i.k.p.NodeInfo        No instantiation for #110. Probably branch label not up to date in orLeft 
244201     WARN  main            d.u.i.k.p.NodeInfo        No instantiation for #110. Probably branch label not up to date in orLeft 
244201     WARN  main            d.u.i.k.p.NodeInfo        No instantiation for #55. Probably branch label not up to date in orLeft 
244201     WARN  main            d.u.i.k.p.NodeInfo        No instantiation for #55. Probably branch label not up to date in orLeft 
244201     WARN  main            d.u.i.k.p.NodeInfo        No instantiation for #56. Probably branch label not up to date in orLeft 
244201     WARN  main            d.u.i.k.p.NodeInfo        No instantiation for #56. Probably branch label not up to date in orLeft 
244201     WARN  main            d.u.i.k.p.NodeInfo        No instantiation for #57. Probably branch label not up to date in orLeft 
244201     WARN  main            d.u.i.k.p.NodeInfo        No instantiation for #57. Probably branch label not up to date in orLeft 
244201     WARN  main            d.u.i.k.p.NodeInfo        No instantiation for #106. Probably branch label not up to date in orLeft 
244201     WARN  main            d.u.i.k.p.NodeInfo        No instantiation for #106. Probably branch label not up to date in orLeft 
244201     WARN  main            d.u.i.k.p.NodeInfo        No instantiation for #106. Probably branch label not up to date in orLeft 
244201     WARN  main            d.u.i.k.p.NodeInfo        No instantiation for #106. Probably branch label not up to date in orLeft 
244201     WARN  main            d.u.i.k.p.NodeInfo        No instantiation for #107. Probably branch label not up to date in orLeft 
244201     WARN  main            d.u.i.k.p.NodeInfo        No instantiation for #107. Probably branch label not up to date in orLeft 
244201     WARN  main            d.u.i.k.p.NodeInfo        No instantiation for #108. Probably branch label not up to date in orLeft 
244201     WARN  main            d.u.i.k.p.NodeInfo        No instantiation for #108. Probably branch label not up to date in orLeft 
244201     WARN  main            d.u.i.k.p.NodeInfo        No instantiation for #109. Probably branch label not up to date in orLeft 
244201     WARN  main            d.u.i.k.p.NodeInfo        No instantiation for #109. Probably branch label not up to date in orLeft 
244201     WARN  main            d.u.i.k.p.NodeInfo        No instantiation for #110. Probably branch label not up to date in orLeft 
244201     WARN  main            d.u.i.k.p.NodeInfo        No instantiation for #110. Probably branch label not up to date in orLeft 
244201     WARN  main            d.u.i.k.p.NodeInfo        No instantiation for #110. Probably branch label not up to date in orLeft 
244201     WARN  main            d.u.i.k.p.NodeInfo        No instantiation for #110. Probably branch label not up to date in orLeft 
244201     WARN  main            d.u.i.k.p.NodeInfo        No instantiation for #110. Probably branch label not up to date in orLeft 
244201     WARN  main            d.u.i.k.p.NodeInfo        No instantiation for #111. Probably branch label not up to date in orLeft 
244201     WARN  main            d.u.i.k.p.NodeInfo        No instantiation for #111. Probably branch label not up to date in orLeft 
244201     WARN  main            d.u.i.k.p.NodeInfo        No instantiation for #112. Probably branch label not up to date in orLeft 
244201     WARN  main            d.u.i.k.p.NodeInfo        No instantiation for #112. Probably branch label not up to date in orLeft 
244201     WARN  main            d.u.i.k.p.NodeInfo        No instantiation for #113. Probably branch label not up to date in orLeft 
244201     WARN  main            d.u.i.k.p.NodeInfo        No instantiation for #113. Probably branch label not up to date in orLeft 
244202     WARN  main            d.u.i.k.p.NodeInfo        No instantiation for #106. Probably branch label not up to date in orLeft 
244202     WARN  main            d.u.i.k.p.NodeInfo        No instantiation for #106. Probably branch label not up to date in orLeft 
244202     WARN  main            d.u.i.k.p.NodeInfo        No instantiation for #106. Probably branch label not up to date in orLeft 
244202     WARN  main            d.u.i.k.p.NodeInfo        No instantiation for #106. Probably branch label not up to date in orLeft 
244202     WARN  main            d.u.i.k.p.NodeInfo        No instantiation for #107. Probably branch label not up to date in orLeft 
244202     WARN  main            d.u.i.k.p.NodeInfo        No instantiation for #107. Probably branch label not up to date in orLeft 
244202     WARN  main            d.u.i.k.p.NodeInfo        No instantiation for #108. Probably branch label not up to date in orLeft 
244202     WARN  main            d.u.i.k.p.NodeInfo        No instantiation for #108. Probably branch label not up to date in orLeft 
244202     WARN  main            d.u.i.k.p.NodeInfo        No instantiation for #109. Probably branch label not up to date in orLeft 
244202     WARN  main            d.u.i.k.p.NodeInfo        No instantiation for #109. Probably branch label not up to date in orLeft 
244202     WARN  main            d.u.i.k.p.NodeInfo        No instantiation for #110. Probably branch label not up to date in orLeft 
244202     WARN  main            d.u.i.k.p.NodeInfo        No instantiation for #110. Probably branch label not up to date in orLeft 
244202     WARN  main            d.u.i.k.p.NodeInfo        No instantiation for #110. Probably branch label not up to date in orLeft 
244202     WARN  main            d.u.i.k.p.NodeInfo        No instantiation for #110. Probably branch label not up to date in orLeft 
244202     WARN  main            d.u.i.k.p.NodeInfo        No instantiation for #110. Probably branch label not up to date in orLeft 
244202     WARN  main            d.u.i.k.p.NodeInfo        No instantiation for #87. Probably branch label not up to date in orLeft 
244202     WARN  main            d.u.i.k.p.NodeInfo        No instantiation for #87. Probably branch label not up to date in orLeft 
244202     WARN  main            d.u.i.k.p.NodeInfo        No instantiation for #88. Probably branch label not up to date in orLeft 
244202     WARN  main            d.u.i.k.p.NodeInfo        No instantiation for #88. Probably branch label not up to date in orLeft 
244202     WARN  main            d.u.i.k.p.NodeInfo        No instantiation for #89. Probably branch label not up to date in orLeft 
244202     WARN  main            d.u.i.k.p.NodeInfo        No instantiation for #89. Probably branch label not up to date in orLeft 
244202     WARN  main            d.u.i.k.p.NodeInfo        No instantiation for #106. Probably branch label not up to date in orLeft 
244202     WARN  main            d.u.i.k.p.NodeInfo        No instantiation for #106. Probably branch label not up to date in orLeft 
244202     WARN  main            d.u.i.k.p.NodeInfo        No instantiation for #106. Probably branch label not up to date in orLeft 
244202     WARN  main            d.u.i.k.p.NodeInfo        No instantiation for #106. Probably branch label not up to date in orLeft 
244202     WARN  main            d.u.i.k.p.NodeInfo        No instantiation for #107. Probably branch label not up to date in orLeft 
244202     WARN  main            d.u.i.k.p.NodeInfo        No instantiation for #107. Probably branch label not up to date in orLeft 
244202     WARN  main            d.u.i.k.p.NodeInfo        No instantiation for #108. Probably branch label not up to date in orLeft 
244202     WARN  main            d.u.i.k.p.NodeInfo        No instantiation for #108. Probably branch label not up to date in orLeft 
244202     WARN  main            d.u.i.k.p.NodeInfo        No instantiation for #109. Probably branch label not up to date in orLeft 
244202     WARN  main            d.u.i.k.p.NodeInfo        No instantiation for #109. Probably branch label not up to date in orLeft 
244202     WARN  main            d.u.i.k.p.NodeInfo        No instantiation for #110. Probably branch label not up to date in orLeft 
244202     WARN  main            d.u.i.k.p.NodeInfo        No instantiation for #110. Probably branch label not up to date in orLeft 
244202     WARN  main            d.u.i.k.p.NodeInfo        No instantiation for #110. Probably branch label not up to date in orLeft 
244202     WARN  main            d.u.i.k.p.NodeInfo        No instantiation for #110. Probably branch label not up to date in orLeft 
244202     WARN  main            d.u.i.k.p.NodeInfo        No instantiation for #110. Probably branch label not up to date in orLeft 
244202     WARN  main            d.u.i.k.p.NodeInfo        No instantiation for #87. Probably branch label not up to date in orLeft 
244202     WARN  main            d.u.i.k.p.NodeInfo        No instantiation for #87. Probably branch label not up to date in orLeft 
244202     WARN  main            d.u.i.k.p.NodeInfo        No instantiation for #88. Probably branch label not up to date in orLeft 
244202     WARN  main            d.u.i.k.p.NodeInfo        No instantiation for #88. Probably branch label not up to date in orLeft 
244202     WARN  main            d.u.i.k.p.NodeInfo        No instantiation for #89. Probably branch label not up to date in orLeft 
244202     WARN  main            d.u.i.k.p.NodeInfo        No instantiation for #89. Probably branch label not up to date in orLeft 
244202     WARN  main            d.u.i.k.p.NodeInfo        No instantiation for #106. Probably branch label not up to date in orLeft 
244202     WARN  main            d.u.i.k.p.NodeInfo        No instantiation for #106. Probably branch label not up to date in orLeft 
244202     WARN  main            d.u.i.k.p.NodeInfo        No instantiation for #106. Probably branch label not up to date in orLeft 
244202     WARN  main            d.u.i.k.p.NodeInfo        No instantiation for #106. Probably branch label not up to date in orLeft 
244202     WARN  main            d.u.i.k.p.NodeInfo        No instantiation for #107. Probably branch label not up to date in orLeft 
244202     WARN  main            d.u.i.k.p.NodeInfo        No instantiation for #107. Probably branch label not up to date in orLeft 
244202     WARN  main            d.u.i.k.p.NodeInfo        No instantiation for #108. Probably branch label not up to date in orLeft 
244202     WARN  main            d.u.i.k.p.NodeInfo        No instantiation for #108. Probably branch label not up to date in orLeft 
244202     WARN  main            d.u.i.k.p.NodeInfo        No instantiation for #109. Probably branch label not up to date in orLeft 
244202     WARN  main            d.u.i.k.p.NodeInfo        No instantiation for #109. Probably branch label not up to date in orLeft 
244202     WARN  main            d.u.i.k.p.NodeInfo        No instantiation for #110. Probably branch label not up to date in orLeft 
244202     WARN  main            d.u.i.k.p.NodeInfo        No instantiation for #110. Probably branch label not up to date in orLeft 
244202     WARN  main            d.u.i.k.p.NodeInfo        No instantiation for #110. Probably branch label not up to date in orLeft 
244202     WARN  main            d.u.i.k.p.NodeInfo        No instantiation for #110. Probably branch label not up to date in orLeft 
244202     WARN  main            d.u.i.k.p.NodeInfo        No instantiation for #110. Probably branch label not up to date in orLeft 
244202     WARN  main            d.u.i.k.p.NodeInfo        No instantiation for #87. Probably branch label not up to date in orLeft 
244202     WARN  main            d.u.i.k.p.NodeInfo        No instantiation for #87. Probably branch label not up to date in orLeft 
244202     WARN  main            d.u.i.k.p.NodeInfo        No instantiation for #88. Probably branch label not up to date in orLeft 
244202     WARN  main            d.u.i.k.p.NodeInfo        No instantiation for #88. Probably branch label not up to date in orLeft 
244202     WARN  main            d.u.i.k.p.NodeInfo        No instantiation for #89. Probably branch label not up to date in orLeft 
244202     WARN  main            d.u.i.k.p.NodeInfo        No instantiation for #89. Probably branch label not up to date in orLeft 
244202     WARN  main            d.u.i.k.p.NodeInfo        No instantiation for #106. Probably branch label not up to date in orLeft 
244202     WARN  main            d.u.i.k.p.NodeInfo        No instantiation for #106. Probably branch label not up to date in orLeft 
244202     WARN  main            d.u.i.k.p.NodeInfo        No instantiation for #106. Probably branch label not up to date in orLeft 
244202     WARN  main            d.u.i.k.p.NodeInfo        No instantiation for #106. Probably branch label not up to date in orLeft 
244202     WARN  main            d.u.i.k.p.NodeInfo        No instantiation for #107. Probably branch label not up to date in orLeft 
244202     WARN  main            d.u.i.k.p.NodeInfo        No instantiation for #107. Probably branch label not up to date in orLeft 
244202     WARN  main            d.u.i.k.p.NodeInfo        No instantiation for #108. Probably branch label not up to date in orLeft 
244202     WARN  main            d.u.i.k.p.NodeInfo        No instantiation for #108. Probably branch label not up to date in orLeft 
244202     WARN  main            d.u.i.k.p.NodeInfo        No instantiation for #109. Probably branch label not up to date in orLeft 
244202     WARN  main            d.u.i.k.p.NodeInfo        No instantiation for #109. Probably branch label not up to date in orLeft 
244202     WARN  main            d.u.i.k.p.NodeInfo        No instantiation for #110. Probably branch label not up to date in orLeft 
244202     WARN  main            d.u.i.k.p.NodeInfo        No instantiation for #110. Probably branch label not up to date in orLeft 
244202     WARN  main            d.u.i.k.p.NodeInfo        No instantiation for #110. Probably branch label not up to date in orLeft 
244202     WARN  main            d.u.i.k.p.NodeInfo        No instantiation for #110. Probably branch label not up to date in orLeft 
244202     WARN  main            d.u.i.k.p.NodeInfo        No instantiation for #110. Probably branch label not up to date in orLeft 
244202     WARN  main            d.u.i.k.p.NodeInfo        No instantiation for #111. Probably branch label not up to date in orLeft 
244202     WARN  main            d.u.i.k.p.NodeInfo        No instantiation for #111. Probably branch label not up to date in orLeft 
244202     WARN  main            d.u.i.k.p.NodeInfo        No instantiation for #112. Probably branch label not up to date in orLeft 
244202     WARN  main            d.u.i.k.p.NodeInfo        No instantiation for #112. Probably branch label not up to date in orLeft 
244202     WARN  main            d.u.i.k.p.NodeInfo        No instantiation for #113. Probably branch label not up to date in orLeft 
244202     WARN  main            d.u.i.k.p.NodeInfo        No instantiation for #113. Probably branch label not up to date in orLeft 
244237     WARN  main            d.u.i.k.p.NodeInfo        No instantiation for #106. Probably branch label not up to date in orLeft 
244237     WARN  main            d.u.i.k.p.NodeInfo        No instantiation for #106. Probably branch label not up to date in orLeft 
244237     WARN  main            d.u.i.k.p.NodeInfo        No instantiation for #106. Probably branch label not up to date in orLeft 
244237     WARN  main            d.u.i.k.p.NodeInfo        No instantiation for #106. Probably branch label not up to date in orLeft 
244237     WARN  main            d.u.i.k.p.NodeInfo        No instantiation for #107. Probably branch label not up to date in orLeft 
244237     WARN  main            d.u.i.k.p.NodeInfo        No instantiation for #107. Probably branch label not up to date in orLeft 
244237     WARN  main            d.u.i.k.p.NodeInfo        No instantiation for #108. Probably branch label not up to date in orLeft 
244237     WARN  main            d.u.i.k.p.NodeInfo        No instantiation for #108. Probably branch label not up to date in orLeft 
244237     WARN  main            d.u.i.k.p.NodeInfo        No instantiation for #109. Probably branch label not up to date in orLeft 
244237     WARN  main            d.u.i.k.p.NodeInfo        No instantiation for #109. Probably branch label not up to date in orLeft 
244237     WARN  main            d.u.i.k.p.NodeInfo        No instantiation for #110. Probably branch label not up to date in orLeft 
244237     WARN  main            d.u.i.k.p.NodeInfo        No instantiation for #110. Probably branch label not up to date in orLeft 
244237     WARN  main            d.u.i.k.p.NodeInfo        No instantiation for #110. Probably branch label not up to date in orLeft 
244237     WARN  main            d.u.i.k.p.NodeInfo        No instantiation for #110. Probably branch label not up to date in orLeft 
244237     WARN  main            d.u.i.k.p.NodeInfo        No instantiation for #110. Probably branch label not up to date in orLeft 
244237     WARN  main            d.u.i.k.p.NodeInfo        No instantiation for #87. Probably branch label not up to date in orLeft 
244237     WARN  main            d.u.i.k.p.NodeInfo        No instantiation for #87. Probably branch label not up to date in orLeft 
244237     WARN  main            d.u.i.k.p.NodeInfo        No instantiation for #88. Probably branch label not up to date in orLeft 
244237     WARN  main            d.u.i.k.p.NodeInfo        No instantiation for #88. Probably branch label not up to date in orLeft 
244237     WARN  main            d.u.i.k.p.NodeInfo        No instantiation for #89. Probably branch label not up to date in orLeft 
244237     WARN  main            d.u.i.k.p.NodeInfo        No instantiation for #89. Probably branch label not up to date in orLeft 
244237     WARN  main            d.u.i.k.p.NodeInfo        No instantiation for #106. Probably branch label not up to date in orLeft 
244237     WARN  main            d.u.i.k.p.NodeInfo        No instantiation for #106. Probably branch label not up to date in orLeft 
244237     WARN  main            d.u.i.k.p.NodeInfo        No instantiation for #106. Probably branch label not up to date in orLeft 
244237     WARN  main            d.u.i.k.p.NodeInfo        No instantiation for #106. Probably branch label not up to date in orLeft 
244237     WARN  main            d.u.i.k.p.NodeInfo        No instantiation for #107. Probably branch label not up to date in orLeft 
244237     WARN  main            d.u.i.k.p.NodeInfo        No instantiation for #107. Probably branch label not up to date in orLeft 
244237     WARN  main            d.u.i.k.p.NodeInfo        No instantiation for #108. Probably branch label not up to date in orLeft 
244237     WARN  main            d.u.i.k.p.NodeInfo        No instantiation for #108. Probably branch label not up to date in orLeft 
244237     WARN  main            d.u.i.k.p.NodeInfo        No instantiation for #109. Probably branch label not up to date in orLeft 
244237     WARN  main            d.u.i.k.p.NodeInfo        No instantiation for #109. Probably branch label not up to date in orLeft 
244237     WARN  main            d.u.i.k.p.NodeInfo        No instantiation for #110. Probably branch label not up to date in orLeft 
244237     WARN  main            d.u.i.k.p.NodeInfo        No instantiation for #110. Probably branch label not up to date in orLeft 
244237     WARN  main            d.u.i.k.p.NodeInfo        No instantiation for #110. Probably branch label not up to date in orLeft 
244237     WARN  main            d.u.i.k.p.NodeInfo        No instantiation for #110. Probably branch label not up to date in orLeft 
244237     WARN  main            d.u.i.k.p.NodeInfo        No instantiation for #110. Probably branch label not up to date in orLeft 
244237     WARN  main            d.u.i.k.p.NodeInfo        No instantiation for #111. Probably branch label not up to date in orLeft 
244237     WARN  main            d.u.i.k.p.NodeInfo        No instantiation for #111. Probably branch label not up to date in orLeft 
244237     WARN  main            d.u.i.k.p.NodeInfo        No instantiation for #112. Probably branch label not up to date in orLeft 
244237     WARN  main            d.u.i.k.p.NodeInfo        No instantiation for #112. Probably branch label not up to date in orLeft 
244237     WARN  main            d.u.i.k.p.NodeInfo        No instantiation for #113. Probably branch label not up to date in orLeft 
244237     WARN  main            d.u.i.k.p.NodeInfo        No instantiation for #113. Probably branch label not up to date in orLeft 
244251     WARN  main            d.u.i.k.p.NodeInfo        No instantiation for #106. Probably branch label not up to date in orLeft 
244252     WARN  main            d.u.i.k.p.NodeInfo        No instantiation for #106. Probably branch label not up to date in orLeft 
244252     WARN  main            d.u.i.k.p.NodeInfo        No instantiation for #106. Probably branch label not up to date in orLeft 
244252     WARN  main            d.u.i.k.p.NodeInfo        No instantiation for #106. Probably branch label not up to date in orLeft 
244252     WARN  main            d.u.i.k.p.NodeInfo        No instantiation for #107. Probably branch label not up to date in orLeft 
244252     WARN  main            d.u.i.k.p.NodeInfo        No instantiation for #107. Probably branch label not up to date in orLeft 
244252     WARN  main            d.u.i.k.p.NodeInfo        No instantiation for #108. Probably branch label not up to date in orLeft 
244252     WARN  main            d.u.i.k.p.NodeInfo        No instantiation for #108. Probably branch label not up to date in orLeft 
244252     WARN  main            d.u.i.k.p.NodeInfo        No instantiation for #109. Probably branch label not up to date in orLeft 
244252     WARN  main            d.u.i.k.p.NodeInfo        No instantiation for #109. Probably branch label not up to date in orLeft 
244252     WARN  main            d.u.i.k.p.NodeInfo        No instantiation for #110. Probably branch label not up to date in orLeft 
244252     WARN  main            d.u.i.k.p.NodeInfo        No instantiation for #110. Probably branch label not up to date in orLeft 
244252     WARN  main            d.u.i.k.p.NodeInfo        No instantiation for #110. Probably branch label not up to date in orLeft 
244252     WARN  main            d.u.i.k.p.NodeInfo        No instantiation for #110. Probably branch label not up to date in orLeft 
244252     WARN  main            d.u.i.k.p.NodeInfo        No instantiation for #110. Probably branch label not up to date in orLeft 
244252     WARN  main            d.u.i.k.p.NodeInfo        No instantiation for #55. Probably branch label not up to date in orLeft 
244252     WARN  main            d.u.i.k.p.NodeInfo        No instantiation for #55. Probably branch label not up to date in orLeft 
244252     WARN  main            d.u.i.k.p.NodeInfo        No instantiation for #56. Probably branch label not up to date in orLeft 
244252     WARN  main            d.u.i.k.p.NodeInfo        No instantiation for #56. Probably branch label not up to date in orLeft 
244252     WARN  main            d.u.i.k.p.NodeInfo        No instantiation for #57. Probably branch label not up to date in orLeft 
244252     WARN  main            d.u.i.k.p.NodeInfo        No instantiation for #57. Probably branch label not up to date in orLeft 
244252     WARN  main            d.u.i.k.p.NodeInfo        No instantiation for #106. Probably branch label not up to date in orLeft 
244252     WARN  main            d.u.i.k.p.NodeInfo        No instantiation for #106. Probably branch label not up to date in orLeft 
244252     WARN  main            d.u.i.k.p.NodeInfo        No instantiation for #106. Probably branch label not up to date in orLeft 
244252     WARN  main            d.u.i.k.p.NodeInfo        No instantiation for #106. Probably branch label not up to date in orLeft 
244252     WARN  main            d.u.i.k.p.NodeInfo        No instantiation for #107. Probably branch label not up to date in orLeft 
244252     WARN  main            d.u.i.k.p.NodeInfo        No instantiation for #107. Probably branch label not up to date in orLeft 
244252     WARN  main            d.u.i.k.p.NodeInfo        No instantiation for #108. Probably branch label not up to date in orLeft 
244252     WARN  main            d.u.i.k.p.NodeInfo        No instantiation for #108. Probably branch label not up to date in orLeft 
244252     WARN  main            d.u.i.k.p.NodeInfo        No instantiation for #109. Probably branch label not up to date in orLeft 
244252     WARN  main            d.u.i.k.p.NodeInfo        No instantiation for #109. Probably branch label not up to date in orLeft 
244252     WARN  main            d.u.i.k.p.NodeInfo        No instantiation for #110. Probably branch label not up to date in orLeft 
244252     WARN  main            d.u.i.k.p.NodeInfo        No instantiation for #110. Probably branch label not up to date in orLeft 
244252     WARN  main            d.u.i.k.p.NodeInfo        No instantiation for #110. Probably branch label not up to date in orLeft 
244252     WARN  main            d.u.i.k.p.NodeInfo        No instantiation for #110. Probably branch label not up to date in orLeft 
244252     WARN  main            d.u.i.k.p.NodeInfo        No instantiation for #110. Probably branch label not up to date in orLeft 
244252     WARN  main            d.u.i.k.p.NodeInfo        No instantiation for #55. Probably branch label not up to date in orLeft 
244252     WARN  main            d.u.i.k.p.NodeInfo        No instantiation for #55. Probably branch label not up to date in orLeft 
244252     WARN  main            d.u.i.k.p.NodeInfo        No instantiation for #56. Probably branch label not up to date in orLeft 
244252     WARN  main            d.u.i.k.p.NodeInfo        No instantiation for #56. Probably branch label not up to date in orLeft 
244252     WARN  main            d.u.i.k.p.NodeInfo        No instantiation for #57. Probably branch label not up to date in orLeft 
244252     WARN  main            d.u.i.k.p.NodeInfo        No instantiation for #57. Probably branch label not up to date in orLeft 
244252     WARN  main            d.u.i.k.p.NodeInfo        No instantiation for #106. Probably branch label not up to date in orLeft 
244252     WARN  main            d.u.i.k.p.NodeInfo        No instantiation for #106. Probably branch label not up to date in orLeft 
244252     WARN  main            d.u.i.k.p.NodeInfo        No instantiation for #106. Probably branch label not up to date in orLeft 
244252     WARN  main            d.u.i.k.p.NodeInfo        No instantiation for #106. Probably branch label not up to date in orLeft 
244252     WARN  main            d.u.i.k.p.NodeInfo        No instantiation for #107. Probably branch label not up to date in orLeft 
244252     WARN  main            d.u.i.k.p.NodeInfo        No instantiation for #107. Probably branch label not up to date in orLeft 
244252     WARN  main            d.u.i.k.p.NodeInfo        No instantiation for #108. Probably branch label not up to date in orLeft 
244252     WARN  main            d.u.i.k.p.NodeInfo        No instantiation for #108. Probably branch label not up to date in orLeft 
244252     WARN  main            d.u.i.k.p.NodeInfo        No instantiation for #109. Probably branch label not up to date in orLeft 
244252     WARN  main            d.u.i.k.p.NodeInfo        No instantiation for #109. Probably branch label not up to date in orLeft 
244252     WARN  main            d.u.i.k.p.NodeInfo        No instantiation for #110. Probably branch label not up to date in orLeft 
244252     WARN  main            d.u.i.k.p.NodeInfo        No instantiation for #110. Probably branch label not up to date in orLeft 
244252     WARN  main            d.u.i.k.p.NodeInfo        No instantiation for #110. Probably branch label not up to date in orLeft 
244252     WARN  main            d.u.i.k.p.NodeInfo        No instantiation for #110. Probably branch label not up to date in orLeft 
244252     WARN  main            d.u.i.k.p.NodeInfo        No instantiation for #110. Probably branch label not up to date in orLeft 
244252     WARN  main            d.u.i.k.p.NodeInfo        No instantiation for #55. Probably branch label not up to date in orLeft 
244252     WARN  main            d.u.i.k.p.NodeInfo        No instantiation for #55. Probably branch label not up to date in orLeft 
244252     WARN  main            d.u.i.k.p.NodeInfo        No instantiation for #56. Probably branch label not up to date in orLeft 
244252     WARN  main            d.u.i.k.p.NodeInfo        No instantiation for #56. Probably branch label not up to date in orLeft 
244252     WARN  main            d.u.i.k.p.NodeInfo        No instantiation for #57. Probably branch label not up to date in orLeft 
244252     WARN  main            d.u.i.k.p.NodeInfo        No instantiation for #57. Probably branch label not up to date in orLeft 
244252     WARN  main            d.u.i.k.p.NodeInfo        No instantiation for #106. Probably branch label not up to date in orLeft 
244252     WARN  main            d.u.i.k.p.NodeInfo        No instantiation for #106. Probably branch label not up to date in orLeft 
244252     WARN  main            d.u.i.k.p.NodeInfo        No instantiation for #106. Probably branch label not up to date in orLeft 
244252     WARN  main            d.u.i.k.p.NodeInfo        No instantiation for #106. Probably branch label not up to date in orLeft 
244252     WARN  main            d.u.i.k.p.NodeInfo        No instantiation for #107. Probably branch label not up to date in orLeft 
244252     WARN  main            d.u.i.k.p.NodeInfo        No instantiation for #107. Probably branch label not up to date in orLeft 
244252     WARN  main            d.u.i.k.p.NodeInfo        No instantiation for #108. Probably branch label not up to date in orLeft 
244252     WARN  main            d.u.i.k.p.NodeInfo        No instantiation for #108. Probably branch label not up to date in orLeft 
244252     WARN  main            d.u.i.k.p.NodeInfo        No instantiation for #109. Probably branch label not up to date in orLeft 
244252     WARN  main            d.u.i.k.p.NodeInfo        No instantiation for #109. Probably branch label not up to date in orLeft 
244252     WARN  main            d.u.i.k.p.NodeInfo        No instantiation for #110. Probably branch label not up to date in orLeft 
244252     WARN  main            d.u.i.k.p.NodeInfo        No instantiation for #110. Probably branch label not up to date in orLeft 
244252     WARN  main            d.u.i.k.p.NodeInfo        No instantiation for #110. Probably branch label not up to date in orLeft 
244252     WARN  main            d.u.i.k.p.NodeInfo        No instantiation for #110. Probably branch label not up to date in orLeft 
244252     WARN  main            d.u.i.k.p.NodeInfo        No instantiation for #110. Probably branch label not up to date in orLeft 
244252     WARN  main            d.u.i.k.p.NodeInfo        No instantiation for #87. Probably branch label not up to date in orLeft 
244252     WARN  main            d.u.i.k.p.NodeInfo        No instantiation for #87. Probably branch label not up to date in orLeft 
244252     WARN  main            d.u.i.k.p.NodeInfo        No instantiation for #88. Probably branch label not up to date in orLeft 
244252     WARN  main            d.u.i.k.p.NodeInfo        No instantiation for #88. Probably branch label not up to date in orLeft 
244252     WARN  main            d.u.i.k.p.NodeInfo        No instantiation for #89. Probably branch label not up to date in orLeft 
244252     WARN  main            d.u.i.k.p.NodeInfo        No instantiation for #89. Probably branch label not up to date in orLeft 
244252     WARN  main            d.u.i.k.p.NodeInfo        No instantiation for #106. Probably branch label not up to date in orLeft 
244252     WARN  main            d.u.i.k.p.NodeInfo        No instantiation for #106. Probably branch label not up to date in orLeft 
244252     WARN  main            d.u.i.k.p.NodeInfo        No instantiation for #106. Probably branch label not up to date in orLeft 
244252     WARN  main            d.u.i.k.p.NodeInfo        No instantiation for #106. Probably branch label not up to date in orLeft 
244252     WARN  main            d.u.i.k.p.NodeInfo        No instantiation for #107. Probably branch label not up to date in orLeft 
244252     WARN  main            d.u.i.k.p.NodeInfo        No instantiation for #107. Probably branch label not up to date in orLeft 
244252     WARN  main            d.u.i.k.p.NodeInfo        No instantiation for #108. Probably branch label not up to date in orLeft 
244252     WARN  main            d.u.i.k.p.NodeInfo        No instantiation for #108. Probably branch label not up to date in orLeft 
244252     WARN  main            d.u.i.k.p.NodeInfo        No instantiation for #109. Probably branch label not up to date in orLeft 
244252     WARN  main            d.u.i.k.p.NodeInfo        No instantiation for #109. Probably branch label not up to date in orLeft 
244252     WARN  main            d.u.i.k.p.NodeInfo        No instantiation for #110. Probably branch label not up to date in orLeft 
244252     WARN  main            d.u.i.k.p.NodeInfo        No instantiation for #110. Probably branch label not up to date in orLeft 
244252     WARN  main            d.u.i.k.p.NodeInfo        No instantiation for #110. Probably branch label not up to date in orLeft 
244252     WARN  main            d.u.i.k.p.NodeInfo        No instantiation for #110. Probably branch label not up to date in orLeft 
244252     WARN  main            d.u.i.k.p.NodeInfo        No instantiation for #110. Probably branch label not up to date in orLeft 
244252     WARN  main            d.u.i.k.p.NodeInfo        No instantiation for #55. Probably branch label not up to date in orLeft 
244252     WARN  main            d.u.i.k.p.NodeInfo        No instantiation for #55. Probably branch label not up to date in orLeft 
244252     WARN  main            d.u.i.k.p.NodeInfo        No instantiation for #56. Probably branch label not up to date in orLeft 
244252     WARN  main            d.u.i.k.p.NodeInfo        No instantiation for #56. Probably branch label not up to date in orLeft 
244252     WARN  main            d.u.i.k.p.NodeInfo        No instantiation for #57. Probably branch label not up to date in orLeft 
244252     WARN  main            d.u.i.k.p.NodeInfo        No instantiation for #57. Probably branch label not up to date in orLeft 
244252     WARN  main            d.u.i.k.p.NodeInfo        No instantiation for #106. Probably branch label not up to date in orLeft 
244252     WARN  main            d.u.i.k.p.NodeInfo        No instantiation for #106. Probably branch label not up to date in orLeft 
244252     WARN  main            d.u.i.k.p.NodeInfo        No instantiation for #106. Probably branch label not up to date in orLeft 
244252     WARN  main            d.u.i.k.p.NodeInfo        No instantiation for #106. Probably branch label not up to date in orLeft 
244252     WARN  main            d.u.i.k.p.NodeInfo        No instantiation for #107. Probably branch label not up to date in orLeft 
244252     WARN  main            d.u.i.k.p.NodeInfo        No instantiation for #107. Probably branch label not up to date in orLeft 
244252     WARN  main            d.u.i.k.p.NodeInfo        No instantiation for #108. Probably branch label not up to date in orLeft 
244252     WARN  main            d.u.i.k.p.NodeInfo        No instantiation for #108. Probably branch label not up to date in orLeft 
244252     WARN  main            d.u.i.k.p.NodeInfo        No instantiation for #109. Probably branch label not up to date in orLeft 
244252     WARN  main            d.u.i.k.p.NodeInfo        No instantiation for #109. Probably branch label not up to date in orLeft 
244252     WARN  main            d.u.i.k.p.NodeInfo        No instantiation for #110. Probably branch label not up to date in orLeft 
244252     WARN  main            d.u.i.k.p.NodeInfo        No instantiation for #110. Probably branch label not up to date in orLeft 
244252     WARN  main            d.u.i.k.p.NodeInfo        No instantiation for #110. Probably branch label not up to date in orLeft 
244252     WARN  main            d.u.i.k.p.NodeInfo        No instantiation for #110. Probably branch label not up to date in orLeft 
244252     WARN  main            d.u.i.k.p.NodeInfo        No instantiation for #110. Probably branch label not up to date in orLeft 
244252     WARN  main            d.u.i.k.p.NodeInfo        No instantiation for #111. Probably branch label not up to date in orLeft 
244252     WARN  main            d.u.i.k.p.NodeInfo        No instantiation for #111. Probably branch label not up to date in orLeft 
244252     WARN  main            d.u.i.k.p.NodeInfo        No instantiation for #112. Probably branch label not up to date in orLeft 
244252     WARN  main            d.u.i.k.p.NodeInfo        No instantiation for #112. Probably branch label not up to date in orLeft 
244252     WARN  main            d.u.i.k.p.NodeInfo        No instantiation for #113. Probably branch label not up to date in orLeft 
244252     WARN  main            d.u.i.k.p.NodeInfo        No instantiation for #113. Probably branch label not up to date in orLeft 
244252     WARN  main            d.u.i.k.p.NodeInfo        No instantiation for #106. Probably branch label not up to date in orLeft 
244252     WARN  main            d.u.i.k.p.NodeInfo        No instantiation for #106. Probably branch label not up to date in orLeft 
244252     WARN  main            d.u.i.k.p.NodeInfo        No instantiation for #106. Probably branch label not up to date in orLeft 
244252     WARN  main            d.u.i.k.p.NodeInfo        No instantiation for #106. Probably branch label not up to date in orLeft 
244252     WARN  main            d.u.i.k.p.NodeInfo        No instantiation for #107. Probably branch label not up to date in orLeft 
244252     WARN  main            d.u.i.k.p.NodeInfo        No instantiation for #107. Probably branch label not up to date in orLeft 
244252     WARN  main            d.u.i.k.p.NodeInfo        No instantiation for #108. Probably branch label not up to date in orLeft 
244252     WARN  main            d.u.i.k.p.NodeInfo        No instantiation for #108. Probably branch label not up to date in orLeft 
244252     WARN  main            d.u.i.k.p.NodeInfo        No instantiation for #109. Probably branch label not up to date in orLeft 
244253     WARN  main            d.u.i.k.p.NodeInfo        No instantiation for #109. Probably branch label not up to date in orLeft 
244253     WARN  main            d.u.i.k.p.NodeInfo        No instantiation for #110. Probably branch label not up to date in orLeft 
244253     WARN  main            d.u.i.k.p.NodeInfo        No instantiation for #110. Probably branch label not up to date in orLeft 
244253     WARN  main            d.u.i.k.p.NodeInfo        No instantiation for #110. Probably branch label not up to date in orLeft 
244253     WARN  main            d.u.i.k.p.NodeInfo        No instantiation for #110. Probably branch label not up to date in orLeft 
244253     WARN  main            d.u.i.k.p.NodeInfo        No instantiation for #110. Probably branch label not up to date in orLeft 
244253     WARN  main            d.u.i.k.p.NodeInfo        No instantiation for #87. Probably branch label not up to date in orLeft 
244253     WARN  main            d.u.i.k.p.NodeInfo        No instantiation for #87. Probably branch label not up to date in orLeft 
244253     WARN  main            d.u.i.k.p.NodeInfo        No instantiation for #88. Probably branch label not up to date in orLeft 
244253     WARN  main            d.u.i.k.p.NodeInfo        No instantiation for #88. Probably branch label not up to date in orLeft 
244253     WARN  main            d.u.i.k.p.NodeInfo        No instantiation for #89. Probably branch label not up to date in orLeft 
244253     WARN  main            d.u.i.k.p.NodeInfo        No instantiation for #89. Probably branch label not up to date in orLeft 
244253     WARN  main            d.u.i.k.p.NodeInfo        No instantiation for #106. Probably branch label not up to date in orLeft 
244253     WARN  main            d.u.i.k.p.NodeInfo        No instantiation for #106. Probably branch label not up to date in orLeft 
244253     WARN  main            d.u.i.k.p.NodeInfo        No instantiation for #106. Probably branch label not up to date in orLeft 
244253     WARN  main            d.u.i.k.p.NodeInfo        No instantiation for #106. Probably branch label not up to date in orLeft 
244253     WARN  main            d.u.i.k.p.NodeInfo        No instantiation for #107. Probably branch label not up to date in orLeft 
244253     WARN  main            d.u.i.k.p.NodeInfo        No instantiation for #107. Probably branch label not up to date in orLeft 
244253     WARN  main            d.u.i.k.p.NodeInfo        No instantiation for #108. Probably branch label not up to date in orLeft 
244253     WARN  main            d.u.i.k.p.NodeInfo        No instantiation for #108. Probably branch label not up to date in orLeft 
244253     WARN  main            d.u.i.k.p.NodeInfo        No instantiation for #109. Probably branch label not up to date in orLeft 
244253     WARN  main            d.u.i.k.p.NodeInfo        No instantiation for #109. Probably branch label not up to date in orLeft 
244253     WARN  main            d.u.i.k.p.NodeInfo        No instantiation for #110. Probably branch label not up to date in orLeft 
244253     WARN  main            d.u.i.k.p.NodeInfo        No instantiation for #110. Probably branch label not up to date in orLeft 
244253     WARN  main            d.u.i.k.p.NodeInfo        No instantiation for #110. Probably branch label not up to date in orLeft 
244253     WARN  main            d.u.i.k.p.NodeInfo        No instantiation for #110. Probably branch label not up to date in orLeft 
244253     WARN  main            d.u.i.k.p.NodeInfo        No instantiation for #110. Probably branch label not up to date in orLeft 
244253     WARN  main            d.u.i.k.p.NodeInfo        No instantiation for #87. Probably branch label not up to date in orLeft 
244253     WARN  main            d.u.i.k.p.NodeInfo        No instantiation for #87. Probably branch label not up to date in orLeft 
244253     WARN  main            d.u.i.k.p.NodeInfo        No instantiation for #88. Probably branch label not up to date in orLeft 
244253     WARN  main            d.u.i.k.p.NodeInfo        No instantiation for #88. Probably branch label not up to date in orLeft 
244253     WARN  main            d.u.i.k.p.NodeInfo        No instantiation for #89. Probably branch label not up to date in orLeft 
244253     WARN  main            d.u.i.k.p.NodeInfo        No instantiation for #89. Probably branch label not up to date in orLeft 
244275     WARN  main            d.u.i.k.p.NodeInfo        No instantiation for #106. Probably branch label not up to date in orLeft 
244275     WARN  main            d.u.i.k.p.NodeInfo        No instantiation for #106. Probably branch label not up to date in orLeft 
244275     WARN  main            d.u.i.k.p.NodeInfo        No instantiation for #106. Probably branch label not up to date in orLeft 
244275     WARN  main            d.u.i.k.p.NodeInfo        No instantiation for #106. Probably branch label not up to date in orLeft 
244275     WARN  main            d.u.i.k.p.NodeInfo        No instantiation for #107. Probably branch label not up to date in orLeft 
244275     WARN  main            d.u.i.k.p.NodeInfo        No instantiation for #107. Probably branch label not up to date in orLeft 
244275     WARN  main            d.u.i.k.p.NodeInfo        No instantiation for #108. Probably branch label not up to date in orLeft 
244275     WARN  main            d.u.i.k.p.NodeInfo        No instantiation for #108. Probably branch label not up to date in orLeft 
244275     WARN  main            d.u.i.k.p.NodeInfo        No instantiation for #109. Probably branch label not up to date in orLeft 
244275     WARN  main            d.u.i.k.p.NodeInfo        No instantiation for #109. Probably branch label not up to date in orLeft 
244275     WARN  main            d.u.i.k.p.NodeInfo        No instantiation for #110. Probably branch label not up to date in orLeft 
244275     WARN  main            d.u.i.k.p.NodeInfo        No instantiation for #110. Probably branch label not up to date in orLeft 
244275     WARN  main            d.u.i.k.p.NodeInfo        No instantiation for #110. Probably branch label not up to date in orLeft 
244275     WARN  main            d.u.i.k.p.NodeInfo        No instantiation for #110. Probably branch label not up to date in orLeft 
244275     WARN  main            d.u.i.k.p.NodeInfo        No instantiation for #110. Probably branch label not up to date in orLeft 
244275     WARN  main            d.u.i.k.p.NodeInfo        No instantiation for #87. Probably branch label not up to date in orLeft 
244275     WARN  main            d.u.i.k.p.NodeInfo        No instantiation for #87. Probably branch label not up to date in orLeft 
244283     WARN  main            d.u.i.k.p.NodeInfo        No instantiation for #88. Probably branch label not up to date in orLeft 
244283     WARN  main            d.u.i.k.p.NodeInfo        No instantiation for #88. Probably branch label not up to date in orLeft 
244283     WARN  main            d.u.i.k.p.NodeInfo        No instantiation for #89. Probably branch label not up to date in orLeft 
244283     WARN  main            d.u.i.k.p.NodeInfo        No instantiation for #89. Probably branch label not up to date in orLeft 
244283     WARN  main            d.u.i.k.p.NodeInfo        No instantiation for #106. Probably branch label not up to date in orLeft 
244283     WARN  main            d.u.i.k.p.NodeInfo        No instantiation for #106. Probably branch label not up to date in orLeft 
244283     WARN  main            d.u.i.k.p.NodeInfo        No instantiation for #106. Probably branch label not up to date in orLeft 
244283     WARN  main            d.u.i.k.p.NodeInfo        No instantiation for #106. Probably branch label not up to date in orLeft 
244283     WARN  main            d.u.i.k.p.NodeInfo        No instantiation for #107. Probably branch label not up to date in orLeft 
244283     WARN  main            d.u.i.k.p.NodeInfo        No instantiation for #107. Probably branch label not up to date in orLeft 
244283     WARN  main            d.u.i.k.p.NodeInfo        No instantiation for #108. Probably branch label not up to date in orLeft 
244283     WARN  main            d.u.i.k.p.NodeInfo        No instantiation for #108. Probably branch label not up to date in orLeft 
244283     WARN  main            d.u.i.k.p.NodeInfo        No instantiation for #109. Probably branch label not up to date in orLeft 
244283     WARN  main            d.u.i.k.p.NodeInfo        No instantiation for #109. Probably branch label not up to date in orLeft 
244283     WARN  main            d.u.i.k.p.NodeInfo        No instantiation for #110. Probably branch label not up to date in orLeft 
244283     WARN  main            d.u.i.k.p.NodeInfo        No instantiation for #110. Probably branch label not up to date in orLeft 
244283     WARN  main            d.u.i.k.p.NodeInfo        No instantiation for #110. Probably branch label not up to date in orLeft 
244283     WARN  main            d.u.i.k.p.NodeInfo        No instantiation for #110. Probably branch label not up to date in orLeft 
244283     WARN  main            d.u.i.k.p.NodeInfo        No instantiation for #110. Probably branch label not up to date in orLeft 
244283     WARN  main            d.u.i.k.p.NodeInfo        No instantiation for #87. Probably branch label not up to date in orLeft 
244283     WARN  main            d.u.i.k.p.NodeInfo        No instantiation for #87. Probably branch label not up to date in orLeft 
244283     WARN  main            d.u.i.k.p.NodeInfo        No instantiation for #88. Probably branch label not up to date in orLeft 
244283     WARN  main            d.u.i.k.p.NodeInfo        No instantiation for #88. Probably branch label not up to date in orLeft 
244283     WARN  main            d.u.i.k.p.NodeInfo        No instantiation for #89. Probably branch label not up to date in orLeft 
244283     WARN  main            d.u.i.k.p.NodeInfo        No instantiation for #89. Probably branch label not up to date in orLeft 
244299     WARN  main            d.u.i.k.p.NodeInfo        No instantiation for #106. Probably branch label not up to date in orLeft 
244299     WARN  main            d.u.i.k.p.NodeInfo        No instantiation for #106. Probably branch label not up to date in orLeft 
244299     WARN  main            d.u.i.k.p.NodeInfo        No instantiation for #106. Probably branch label not up to date in orLeft 
244299     WARN  main            d.u.i.k.p.NodeInfo        No instantiation for #106. Probably branch label not up to date in orLeft 
244299     WARN  main            d.u.i.k.p.NodeInfo        No instantiation for #107. Probably branch label not up to date in orLeft 
244299     WARN  main            d.u.i.k.p.NodeInfo        No instantiation for #107. Probably branch label not up to date in orLeft 
244299     WARN  main            d.u.i.k.p.NodeInfo        No instantiation for #108. Probably branch label not up to date in orLeft 
244299     WARN  main            d.u.i.k.p.NodeInfo        No instantiation for #108. Probably branch label not up to date in orLeft 
244299     WARN  main            d.u.i.k.p.NodeInfo        No instantiation for #109. Probably branch label not up to date in orLeft 
244299     WARN  main            d.u.i.k.p.NodeInfo        No instantiation for #109. Probably branch label not up to date in orLeft 
244299     WARN  main            d.u.i.k.p.NodeInfo        No instantiation for #110. Probably branch label not up to date in orLeft 
244299     WARN  main            d.u.i.k.p.NodeInfo        No instantiation for #110. Probably branch label not up to date in orLeft 
244299     WARN  main            d.u.i.k.p.NodeInfo        No instantiation for #110. Probably branch label not up to date in orLeft 
244299     WARN  main            d.u.i.k.p.NodeInfo        No instantiation for #110. Probably branch label not up to date in orLeft 
244299     WARN  main            d.u.i.k.p.NodeInfo        No instantiation for #110. Probably branch label not up to date in orLeft 
244299     WARN  main            d.u.i.k.p.NodeInfo        No instantiation for #55. Probably branch label not up to date in orLeft 
244299     WARN  main            d.u.i.k.p.NodeInfo        No instantiation for #55. Probably branch label not up to date in orLeft 
244299     WARN  main            d.u.i.k.p.NodeInfo        No instantiation for #56. Probably branch label not up to date in orLeft 
244299     WARN  main            d.u.i.k.p.NodeInfo        No instantiation for #56. Probably branch label not up to date in orLeft 
244299     WARN  main            d.u.i.k.p.NodeInfo        No instantiation for #57. Probably branch label not up to date in orLeft 
244299     WARN  main            d.u.i.k.p.NodeInfo        No instantiation for #57. Probably branch label not up to date in orLeft 
244299     WARN  main            d.u.i.k.p.NodeInfo        No instantiation for #106. Probably branch label not up to date in orLeft 
244299     WARN  main            d.u.i.k.p.NodeInfo        No instantiation for #106. Probably branch label not up to date in orLeft 
244299     WARN  main            d.u.i.k.p.NodeInfo        No instantiation for #106. Probably branch label not up to date in orLeft 
244299     WARN  main            d.u.i.k.p.NodeInfo        No instantiation for #106. Probably branch label not up to date in orLeft 
244299     WARN  main            d.u.i.k.p.NodeInfo        No instantiation for #107. Probably branch label not up to date in orLeft 
244299     WARN  main            d.u.i.k.p.NodeInfo        No instantiation for #107. Probably branch label not up to date in orLeft 
244299     WARN  main            d.u.i.k.p.NodeInfo        No instantiation for #108. Probably branch label not up to date in orLeft 
244299     WARN  main            d.u.i.k.p.NodeInfo        No instantiation for #108. Probably branch label not up to date in orLeft 
244299     WARN  main            d.u.i.k.p.NodeInfo        No instantiation for #109. Probably branch label not up to date in orLeft 
244299     WARN  main            d.u.i.k.p.NodeInfo        No instantiation for #109. Probably branch label not up to date in orLeft 
244299     WARN  main            d.u.i.k.p.NodeInfo        No instantiation for #110. Probably branch label not up to date in orLeft 
244299     WARN  main            d.u.i.k.p.NodeInfo        No instantiation for #110. Probably branch label not up to date in orLeft 
244299     WARN  main            d.u.i.k.p.NodeInfo        No instantiation for #110. Probably branch label not up to date in orLeft 
244299     WARN  main            d.u.i.k.p.NodeInfo        No instantiation for #110. Probably branch label not up to date in orLeft 
244299     WARN  main            d.u.i.k.p.NodeInfo        No instantiation for #110. Probably branch label not up to date in orLeft 
244299     WARN  main            d.u.i.k.p.NodeInfo        No instantiation for #55. Probably branch label not up to date in orLeft 
244299     WARN  main            d.u.i.k.p.NodeInfo        No instantiation for #55. Probably branch label not up to date in orLeft 
244299     WARN  main            d.u.i.k.p.NodeInfo        No instantiation for #56. Probably branch label not up to date in orLeft 
244299     WARN  main            d.u.i.k.p.NodeInfo        No instantiation for #56. Probably branch label not up to date in orLeft 
244299     WARN  main            d.u.i.k.p.NodeInfo        No instantiation for #57. Probably branch label not up to date in orLeft 
244299     WARN  main            d.u.i.k.p.NodeInfo        No instantiation for #57. Probably branch label not up to date in orLeft 
244299     WARN  main            d.u.i.k.p.NodeInfo        No instantiation for #106. Probably branch label not up to date in orLeft 
244299     WARN  main            d.u.i.k.p.NodeInfo        No instantiation for #106. Probably branch label not up to date in orLeft 
244299     WARN  main            d.u.i.k.p.NodeInfo        No instantiation for #106. Probably branch label not up to date in orLeft 
244299     WARN  main            d.u.i.k.p.NodeInfo        No instantiation for #106. Probably branch label not up to date in orLeft 
244299     WARN  main            d.u.i.k.p.NodeInfo        No instantiation for #107. Probably branch label not up to date in orLeft 
244299     WARN  main            d.u.i.k.p.NodeInfo        No instantiation for #107. Probably branch label not up to date in orLeft 
244299     WARN  main            d.u.i.k.p.NodeInfo        No instantiation for #108. Probably branch label not up to date in orLeft 
244299     WARN  main            d.u.i.k.p.NodeInfo        No instantiation for #108. Probably branch label not up to date in orLeft 
244299     WARN  main            d.u.i.k.p.NodeInfo        No instantiation for #109. Probably branch label not up to date in orLeft 
244299     WARN  main            d.u.i.k.p.NodeInfo        No instantiation for #109. Probably branch label not up to date in orLeft 
244299     WARN  main            d.u.i.k.p.NodeInfo        No instantiation for #110. Probably branch label not up to date in orLeft 
244299     WARN  main            d.u.i.k.p.NodeInfo        No instantiation for #110. Probably branch label not up to date in orLeft 
244299     WARN  main            d.u.i.k.p.NodeInfo        No instantiation for #110. Probably branch label not up to date in orLeft 
244299     WARN  main            d.u.i.k.p.NodeInfo        No instantiation for #110. Probably branch label not up to date in orLeft 
244299     WARN  main            d.u.i.k.p.NodeInfo        No instantiation for #110. Probably branch label not up to date in orLeft 
244299     WARN  main            d.u.i.k.p.NodeInfo        No instantiation for #55. Probably branch label not up to date in orLeft 
244299     WARN  main            d.u.i.k.p.NodeInfo        No instantiation for #55. Probably branch label not up to date in orLeft 
244299     WARN  main            d.u.i.k.p.NodeInfo        No instantiation for #56. Probably branch label not up to date in orLeft 
244299     WARN  main            d.u.i.k.p.NodeInfo        No instantiation for #56. Probably branch label not up to date in orLeft 
244299     WARN  main            d.u.i.k.p.NodeInfo        No instantiation for #57. Probably branch label not up to date in orLeft 
244299     WARN  main            d.u.i.k.p.NodeInfo        No instantiation for #57. Probably branch label not up to date in orLeft 
244299     WARN  main            d.u.i.k.p.NodeInfo        No instantiation for #106. Probably branch label not up to date in orLeft 
244299     WARN  main            d.u.i.k.p.NodeInfo        No instantiation for #106. Probably branch label not up to date in orLeft 
244299     WARN  main            d.u.i.k.p.NodeInfo        No instantiation for #106. Probably branch label not up to date in orLeft 
244299     WARN  main            d.u.i.k.p.NodeInfo        No instantiation for #106. Probably branch label not up to date in orLeft 
244299     WARN  main            d.u.i.k.p.NodeInfo        No instantiation for #107. Probably branch label not up to date in orLeft 
244299     WARN  main            d.u.i.k.p.NodeInfo        No instantiation for #107. Probably branch label not up to date in orLeft 
244299     WARN  main            d.u.i.k.p.NodeInfo        No instantiation for #108. Probably branch label not up to date in orLeft 
244299     WARN  main            d.u.i.k.p.NodeInfo        No instantiation for #108. Probably branch label not up to date in orLeft 
244299     WARN  main            d.u.i.k.p.NodeInfo        No instantiation for #109. Probably branch label not up to date in orLeft 
244299     WARN  main            d.u.i.k.p.NodeInfo        No instantiation for #109. Probably branch label not up to date in orLeft 
244299     WARN  main            d.u.i.k.p.NodeInfo        No instantiation for #110. Probably branch label not up to date in orLeft 
244299     WARN  main            d.u.i.k.p.NodeInfo        No instantiation for #110. Probably branch label not up to date in orLeft 
244299     WARN  main            d.u.i.k.p.NodeInfo        No instantiation for #110. Probably branch label not up to date in orLeft 
244299     WARN  main            d.u.i.k.p.NodeInfo        No instantiation for #110. Probably branch label not up to date in orLeft 
244299     WARN  main            d.u.i.k.p.NodeInfo        No instantiation for #110. Probably branch label not up to date in orLeft 
244299     WARN  main            d.u.i.k.p.NodeInfo        No instantiation for #87. Probably branch label not up to date in orLeft 
244299     WARN  main            d.u.i.k.p.NodeInfo        No instantiation for #87. Probably branch label not up to date in orLeft 
244299     WARN  main            d.u.i.k.p.NodeInfo        No instantiation for #88. Probably branch label not up to date in orLeft 
244299     WARN  main            d.u.i.k.p.NodeInfo        No instantiation for #88. Probably branch label not up to date in orLeft 
244299     WARN  main            d.u.i.k.p.NodeInfo        No instantiation for #89. Probably branch label not up to date in orLeft 
244299     WARN  main            d.u.i.k.p.NodeInfo        No instantiation for #89. Probably branch label not up to date in orLeft 
244299     WARN  main            d.u.i.k.p.NodeInfo        No instantiation for #106. Probably branch label not up to date in orLeft 
244299     WARN  main            d.u.i.k.p.NodeInfo        No instantiation for #106. Probably branch label not up to date in orLeft 
244299     WARN  main            d.u.i.k.p.NodeInfo        No instantiation for #106. Probably branch label not up to date in orLeft 
244299     WARN  main            d.u.i.k.p.NodeInfo        No instantiation for #106. Probably branch label not up to date in orLeft 
244299     WARN  main            d.u.i.k.p.NodeInfo        No instantiation for #107. Probably branch label not up to date in orLeft 
244299     WARN  main            d.u.i.k.p.NodeInfo        No instantiation for #107. Probably branch label not up to date in orLeft 
244299     WARN  main            d.u.i.k.p.NodeInfo        No instantiation for #108. Probably branch label not up to date in orLeft 
244299     WARN  main            d.u.i.k.p.NodeInfo        No instantiation for #108. Probably branch label not up to date in orLeft 
244299     WARN  main            d.u.i.k.p.NodeInfo        No instantiation for #109. Probably branch label not up to date in orLeft 
244299     WARN  main            d.u.i.k.p.NodeInfo        No instantiation for #109. Probably branch label not up to date in orLeft 
244299     WARN  main            d.u.i.k.p.NodeInfo        No instantiation for #110. Probably branch label not up to date in orLeft 
244299     WARN  main            d.u.i.k.p.NodeInfo        No instantiation for #110. Probably branch label not up to date in orLeft 
244299     WARN  main            d.u.i.k.p.NodeInfo        No instantiation for #110. Probably branch label not up to date in orLeft 
244299     WARN  main            d.u.i.k.p.NodeInfo        No instantiation for #110. Probably branch label not up to date in orLeft 
244299     WARN  main            d.u.i.k.p.NodeInfo        No instantiation for #110. Probably branch label not up to date in orLeft 
244299     WARN  main            d.u.i.k.p.NodeInfo        No instantiation for #55. Probably branch label not up to date in orLeft 
244299     WARN  main            d.u.i.k.p.NodeInfo        No instantiation for #55. Probably branch label not up to date in orLeft 
244299     WARN  main            d.u.i.k.p.NodeInfo        No instantiation for #56. Probably branch label not up to date in orLeft 
244299     WARN  main            d.u.i.k.p.NodeInfo        No instantiation for #56. Probably branch label not up to date in orLeft 
244299     WARN  main            d.u.i.k.p.NodeInfo        No instantiation for #57. Probably branch label not up to date in orLeft 
244299     WARN  main            d.u.i.k.p.NodeInfo        No instantiation for #57. Probably branch label not up to date in orLeft 
244299     WARN  main            d.u.i.k.p.NodeInfo        No instantiation for #106. Probably branch label not up to date in orLeft 
244299     WARN  main            d.u.i.k.p.NodeInfo        No instantiation for #106. Probably branch label not up to date in orLeft 
244300     WARN  main            d.u.i.k.p.NodeInfo        No instantiation for #106. Probably branch label not up to date in orLeft 
244300     WARN  main            d.u.i.k.p.NodeInfo        No instantiation for #106. Probably branch label not up to date in orLeft 
244300     WARN  main            d.u.i.k.p.NodeInfo        No instantiation for #107. Probably branch label not up to date in orLeft 
244300     WARN  main            d.u.i.k.p.NodeInfo        No instantiation for #107. Probably branch label not up to date in orLeft 
244300     WARN  main            d.u.i.k.p.NodeInfo        No instantiation for #108. Probably branch label not up to date in orLeft 
244300     WARN  main            d.u.i.k.p.NodeInfo        No instantiation for #108. Probably branch label not up to date in orLeft 
244300     WARN  main            d.u.i.k.p.NodeInfo        No instantiation for #109. Probably branch label not up to date in orLeft 
244300     WARN  main            d.u.i.k.p.NodeInfo        No instantiation for #109. Probably branch label not up to date in orLeft 
244300     WARN  main            d.u.i.k.p.NodeInfo        No instantiation for #110. Probably branch label not up to date in orLeft 
244300     WARN  main            d.u.i.k.p.NodeInfo        No instantiation for #110. Probably branch label not up to date in orLeft 
244300     WARN  main            d.u.i.k.p.NodeInfo        No instantiation for #110. Probably branch label not up to date in orLeft 
244300     WARN  main            d.u.i.k.p.NodeInfo        No instantiation for #110. Probably branch label not up to date in orLeft 
244300     WARN  main            d.u.i.k.p.NodeInfo        No instantiation for #110. Probably branch label not up to date in orLeft 
244300     WARN  main            d.u.i.k.p.NodeInfo        No instantiation for #111. Probably branch label not up to date in orLeft 
244300     WARN  main            d.u.i.k.p.NodeInfo        No instantiation for #111. Probably branch label not up to date in orLeft 
244300     WARN  main            d.u.i.k.p.NodeInfo        No instantiation for #112. Probably branch label not up to date in orLeft 
244300     WARN  main            d.u.i.k.p.NodeInfo        No instantiation for #112. Probably branch label not up to date in orLeft 
244300     WARN  main            d.u.i.k.p.NodeInfo        No instantiation for #113. Probably branch label not up to date in orLeft 
244300     WARN  main            d.u.i.k.p.NodeInfo        No instantiation for #113. Probably branch label not up to date in orLeft 
244323     WARN  main            d.u.i.k.p.NodeInfo        No instantiation for #106. Probably branch label not up to date in orLeft 
244323     WARN  main            d.u.i.k.p.NodeInfo        No instantiation for #106. Probably branch label not up to date in orLeft 
244323     WARN  main            d.u.i.k.p.NodeInfo        No instantiation for #106. Probably branch label not up to date in orLeft 
244323     WARN  main            d.u.i.k.p.NodeInfo        No instantiation for #106. Probably branch label not up to date in orLeft 
244323     WARN  main            d.u.i.k.p.NodeInfo        No instantiation for #107. Probably branch label not up to date in orLeft 
244323     WARN  main            d.u.i.k.p.NodeInfo        No instantiation for #107. Probably branch label not up to date in orLeft 
244323     WARN  main            d.u.i.k.p.NodeInfo        No instantiation for #108. Probably branch label not up to date in orLeft 
244323     WARN  main            d.u.i.k.p.NodeInfo        No instantiation for #108. Probably branch label not up to date in orLeft 
244323     WARN  main            d.u.i.k.p.NodeInfo        No instantiation for #109. Probably branch label not up to date in orLeft 
244323     WARN  main            d.u.i.k.p.NodeInfo        No instantiation for #109. Probably branch label not up to date in orLeft 
244323     WARN  main            d.u.i.k.p.NodeInfo        No instantiation for #110. Probably branch label not up to date in orLeft 
244323     WARN  main            d.u.i.k.p.NodeInfo        No instantiation for #110. Probably branch label not up to date in orLeft 
244323     WARN  main            d.u.i.k.p.NodeInfo        No instantiation for #110. Probably branch label not up to date in orLeft 
244323     WARN  main            d.u.i.k.p.NodeInfo        No instantiation for #110. Probably branch label not up to date in orLeft 
244323     WARN  main            d.u.i.k.p.NodeInfo        No instantiation for #110. Probably branch label not up to date in orLeft 
244323     WARN  main            d.u.i.k.p.NodeInfo        No instantiation for #55. Probably branch label not up to date in orLeft 
244323     WARN  main            d.u.i.k.p.NodeInfo        No instantiation for #55. Probably branch label not up to date in orLeft 
244323     WARN  main            d.u.i.k.p.NodeInfo        No instantiation for #56. Probably branch label not up to date in orLeft 
244323     WARN  main            d.u.i.k.p.NodeInfo        No instantiation for #56. Probably branch label not up to date in orLeft 
244323     WARN  main            d.u.i.k.p.NodeInfo        No instantiation for #57. Probably branch label not up to date in orLeft 
244323     WARN  main            d.u.i.k.p.NodeInfo        No instantiation for #57. Probably branch label not up to date in orLeft 
244323     WARN  main            d.u.i.k.p.NodeInfo        No instantiation for #106. Probably branch label not up to date in orLeft 
244323     WARN  main            d.u.i.k.p.NodeInfo        No instantiation for #106. Probably branch label not up to date in orLeft 
244323     WARN  main            d.u.i.k.p.NodeInfo        No instantiation for #106. Probably branch label not up to date in orLeft 
244323     WARN  main            d.u.i.k.p.NodeInfo        No instantiation for #106. Probably branch label not up to date in orLeft 
244323     WARN  main            d.u.i.k.p.NodeInfo        No instantiation for #107. Probably branch label not up to date in orLeft 
244323     WARN  main            d.u.i.k.p.NodeInfo        No instantiation for #107. Probably branch label not up to date in orLeft 
244323     WARN  main            d.u.i.k.p.NodeInfo        No instantiation for #108. Probably branch label not up to date in orLeft 
244323     WARN  main            d.u.i.k.p.NodeInfo        No instantiation for #108. Probably branch label not up to date in orLeft 
244323     WARN  main            d.u.i.k.p.NodeInfo        No instantiation for #109. Probably branch label not up to date in orLeft 
244323     WARN  main            d.u.i.k.p.NodeInfo        No instantiation for #109. Probably branch label not up to date in orLeft 
244323     WARN  main            d.u.i.k.p.NodeInfo        No instantiation for #110. Probably branch label not up to date in orLeft 
244323     WARN  main            d.u.i.k.p.NodeInfo        No instantiation for #110. Probably branch label not up to date in orLeft 
244323     WARN  main            d.u.i.k.p.NodeInfo        No instantiation for #110. Probably branch label not up to date in orLeft 
244323     WARN  main            d.u.i.k.p.NodeInfo        No instantiation for #110. Probably branch label not up to date in orLeft 
244323     WARN  main            d.u.i.k.p.NodeInfo        No instantiation for #110. Probably branch label not up to date in orLeft 
244323     WARN  main            d.u.i.k.p.NodeInfo        No instantiation for #111. Probably branch label not up to date in orLeft 
244323     WARN  main            d.u.i.k.p.NodeInfo        No instantiation for #111. Probably branch label not up to date in orLeft 
244323     WARN  main            d.u.i.k.p.NodeInfo        No instantiation for #112. Probably branch label not up to date in orLeft 
244323     WARN  main            d.u.i.k.p.NodeInfo        No instantiation for #112. Probably branch label not up to date in orLeft 
244323     WARN  main            d.u.i.k.p.NodeInfo        No instantiation for #113. Probably branch label not up to date in orLeft 
244323     WARN  main            d.u.i.k.p.NodeInfo        No instantiation for #113. Probably branch label not up to date in orLeft 
244331     WARN  main            d.u.i.k.p.NodeInfo        No instantiation for #106. Probably branch label not up to date in orLeft 
244331     WARN  main            d.u.i.k.p.NodeInfo        No instantiation for #106. Probably branch label not up to date in orLeft 
244331     WARN  main            d.u.i.k.p.NodeInfo        No instantiation for #106. Probably branch label not up to date in orLeft 
244331     WARN  main            d.u.i.k.p.NodeInfo        No instantiation for #106. Probably branch label not up to date in orLeft 
244331     WARN  main            d.u.i.k.p.NodeInfo        No instantiation for #107. Probably branch label not up to date in orLeft 
244331     WARN  main            d.u.i.k.p.NodeInfo        No instantiation for #107. Probably branch label not up to date in orLeft 
244331     WARN  main            d.u.i.k.p.NodeInfo        No instantiation for #108. Probably branch label not up to date in orLeft 
244332     WARN  main            d.u.i.k.p.NodeInfo        No instantiation for #108. Probably branch label not up to date in orLeft 
244332     WARN  main            d.u.i.k.p.NodeInfo        No instantiation for #109. Probably branch label not up to date in orLeft 
244332     WARN  main            d.u.i.k.p.NodeInfo        No instantiation for #109. Probably branch label not up to date in orLeft 
244332     WARN  main            d.u.i.k.p.NodeInfo        No instantiation for #110. Probably branch label not up to date in orLeft 
244332     WARN  main            d.u.i.k.p.NodeInfo        No instantiation for #110. Probably branch label not up to date in orLeft 
244332     WARN  main            d.u.i.k.p.NodeInfo        No instantiation for #110. Probably branch label not up to date in orLeft 
244332     WARN  main            d.u.i.k.p.NodeInfo        No instantiation for #110. Probably branch label not up to date in orLeft 
244332     WARN  main            d.u.i.k.p.NodeInfo        No instantiation for #110. Probably branch label not up to date in orLeft 
244332     WARN  main            d.u.i.k.p.NodeInfo        No instantiation for #55. Probably branch label not up to date in orLeft 
244332     WARN  main            d.u.i.k.p.NodeInfo        No instantiation for #55. Probably branch label not up to date in orLeft 
244332     WARN  main            d.u.i.k.p.NodeInfo        No instantiation for #56. Probably branch label not up to date in orLeft 
244332     WARN  main            d.u.i.k.p.NodeInfo        No instantiation for #56. Probably branch label not up to date in orLeft 
244332     WARN  main            d.u.i.k.p.NodeInfo        No instantiation for #57. Probably branch label not up to date in orLeft 
244332     WARN  main            d.u.i.k.p.NodeInfo        No instantiation for #57. Probably branch label not up to date in orLeft 
244332     WARN  main            d.u.i.k.p.NodeInfo        No instantiation for #106. Probably branch label not up to date in orLeft 
244332     WARN  main            d.u.i.k.p.NodeInfo        No instantiation for #106. Probably branch label not up to date in orLeft 
244332     WARN  main            d.u.i.k.p.NodeInfo        No instantiation for #106. Probably branch label not up to date in orLeft 
244332     WARN  main            d.u.i.k.p.NodeInfo        No instantiation for #106. Probably branch label not up to date in orLeft 
244332     WARN  main            d.u.i.k.p.NodeInfo        No instantiation for #107. Probably branch label not up to date in orLeft 
244332     WARN  main            d.u.i.k.p.NodeInfo        No instantiation for #107. Probably branch label not up to date in orLeft 
244332     WARN  main            d.u.i.k.p.NodeInfo        No instantiation for #108. Probably branch label not up to date in orLeft 
244332     WARN  main            d.u.i.k.p.NodeInfo        No instantiation for #108. Probably branch label not up to date in orLeft 
244332     WARN  main            d.u.i.k.p.NodeInfo        No instantiation for #109. Probably branch label not up to date in orLeft 
244332     WARN  main            d.u.i.k.p.NodeInfo        No instantiation for #109. Probably branch label not up to date in orLeft 
244332     WARN  main            d.u.i.k.p.NodeInfo        No instantiation for #110. Probably branch label not up to date in orLeft 
244332     WARN  main            d.u.i.k.p.NodeInfo        No instantiation for #110. Probably branch label not up to date in orLeft 
244332     WARN  main            d.u.i.k.p.NodeInfo        No instantiation for #110. Probably branch label not up to date in orLeft 
244332     WARN  main            d.u.i.k.p.NodeInfo        No instantiation for #110. Probably branch label not up to date in orLeft 
244332     WARN  main            d.u.i.k.p.NodeInfo        No instantiation for #110. Probably branch label not up to date in orLeft 
244332     WARN  main            d.u.i.k.p.NodeInfo        No instantiation for #55. Probably branch label not up to date in orLeft 
244332     WARN  main            d.u.i.k.p.NodeInfo        No instantiation for #55. Probably branch label not up to date in orLeft 
244332     WARN  main            d.u.i.k.p.NodeInfo        No instantiation for #56. Probably branch label not up to date in orLeft 
244332     WARN  main            d.u.i.k.p.NodeInfo        No instantiation for #56. Probably branch label not up to date in orLeft 
244332     WARN  main            d.u.i.k.p.NodeInfo        No instantiation for #57. Probably branch label not up to date in orLeft 
244332     WARN  main            d.u.i.k.p.NodeInfo        No instantiation for #57. Probably branch label not up to date in orLeft 
244332     WARN  main            d.u.i.k.p.NodeInfo        No instantiation for #106. Probably branch label not up to date in orLeft 
244332     WARN  main            d.u.i.k.p.NodeInfo        No instantiation for #106. Probably branch label not up to date in orLeft 
244332     WARN  main            d.u.i.k.p.NodeInfo        No instantiation for #106. Probably branch label not up to date in orLeft 
244332     WARN  main            d.u.i.k.p.NodeInfo        No instantiation for #106. Probably branch label not up to date in orLeft 
244332     WARN  main            d.u.i.k.p.NodeInfo        No instantiation for #107. Probably branch label not up to date in orLeft 
244332     WARN  main            d.u.i.k.p.NodeInfo        No instantiation for #107. Probably branch label not up to date in orLeft 
244332     WARN  main            d.u.i.k.p.NodeInfo        No instantiation for #108. Probably branch label not up to date in orLeft 
244332     WARN  main            d.u.i.k.p.NodeInfo        No instantiation for #108. Probably branch label not up to date in orLeft 
244332     WARN  main            d.u.i.k.p.NodeInfo        No instantiation for #109. Probably branch label not up to date in orLeft 
244332     WARN  main            d.u.i.k.p.NodeInfo        No instantiation for #109. Probably branch label not up to date in orLeft 
244332     WARN  main            d.u.i.k.p.NodeInfo        No instantiation for #110. Probably branch label not up to date in orLeft 
244332     WARN  main            d.u.i.k.p.NodeInfo        No instantiation for #110. Probably branch label not up to date in orLeft 
244332     WARN  main            d.u.i.k.p.NodeInfo        No instantiation for #110. Probably branch label not up to date in orLeft 
244332     WARN  main            d.u.i.k.p.NodeInfo        No instantiation for #110. Probably branch label not up to date in orLeft 
244332     WARN  main            d.u.i.k.p.NodeInfo        No instantiation for #110. Probably branch label not up to date in orLeft 
244332     WARN  main            d.u.i.k.p.NodeInfo        No instantiation for #55. Probably branch label not up to date in orLeft 
244332     WARN  main            d.u.i.k.p.NodeInfo        No instantiation for #55. Probably branch label not up to date in orLeft 
244332     WARN  main            d.u.i.k.p.NodeInfo        No instantiation for #56. Probably branch label not up to date in orLeft 
244332     WARN  main            d.u.i.k.p.NodeInfo        No instantiation for #56. Probably branch label not up to date in orLeft 
244332     WARN  main            d.u.i.k.p.NodeInfo        No instantiation for #57. Probably branch label not up to date in orLeft 
244332     WARN  main            d.u.i.k.p.NodeInfo        No instantiation for #57. Probably branch label not up to date in orLeft 
244336     WARN  main            d.u.i.k.p.NodeInfo        No instantiation for #106. Probably branch label not up to date in orLeft 
244336     WARN  main            d.u.i.k.p.NodeInfo        No instantiation for #106. Probably branch label not up to date in orLeft 
244336     WARN  main            d.u.i.k.p.NodeInfo        No instantiation for #106. Probably branch label not up to date in orLeft 
244336     WARN  main            d.u.i.k.p.NodeInfo        No instantiation for #106. Probably branch label not up to date in orLeft 
244336     WARN  main            d.u.i.k.p.NodeInfo        No instantiation for #107. Probably branch label not up to date in orLeft 
244336     WARN  main            d.u.i.k.p.NodeInfo        No instantiation for #107. Probably branch label not up to date in orLeft 
244336     WARN  main            d.u.i.k.p.NodeInfo        No instantiation for #108. Probably branch label not up to date in orLeft 
244336     WARN  main            d.u.i.k.p.NodeInfo        No instantiation for #108. Probably branch label not up to date in orLeft 
244336     WARN  main            d.u.i.k.p.NodeInfo        No instantiation for #109. Probably branch label not up to date in orLeft 
244336     WARN  main            d.u.i.k.p.NodeInfo        No instantiation for #109. Probably branch label not up to date in orLeft 
244336     WARN  main            d.u.i.k.p.NodeInfo        No instantiation for #110. Probably branch label not up to date in orLeft 
244336     WARN  main            d.u.i.k.p.NodeInfo        No instantiation for #110. Probably branch label not up to date in orLeft 
244336     WARN  main            d.u.i.k.p.NodeInfo        No instantiation for #110. Probably branch label not up to date in orLeft 
244336     WARN  main            d.u.i.k.p.NodeInfo        No instantiation for #110. Probably branch label not up to date in orLeft 
244336     WARN  main            d.u.i.k.p.NodeInfo        No instantiation for #110. Probably branch label not up to date in orLeft 
244336     WARN  main            d.u.i.k.p.NodeInfo        No instantiation for #87. Probably branch label not up to date in orLeft 
244336     WARN  main            d.u.i.k.p.NodeInfo        No instantiation for #87. Probably branch label not up to date in orLeft 
244336     WARN  main            d.u.i.k.p.NodeInfo        No instantiation for #88. Probably branch label not up to date in orLeft 
244336     WARN  main            d.u.i.k.p.NodeInfo        No instantiation for #88. Probably branch label not up to date in orLeft 
244336     WARN  main            d.u.i.k.p.NodeInfo        No instantiation for #89. Probably branch label not up to date in orLeft 
244336     WARN  main            d.u.i.k.p.NodeInfo        No instantiation for #89. Probably branch label not up to date in orLeft 
244359     WARN  main            d.u.i.k.p.NodeInfo        No instantiation for #106. Probably branch label not up to date in orLeft 
244359     WARN  main            d.u.i.k.p.NodeInfo        No instantiation for #106. Probably branch label not up to date in orLeft 
244359     WARN  main            d.u.i.k.p.NodeInfo        No instantiation for #106. Probably branch label not up to date in orLeft 
244359     WARN  main            d.u.i.k.p.NodeInfo        No instantiation for #106. Probably branch label not up to date in orLeft 
244359     WARN  main            d.u.i.k.p.NodeInfo        No instantiation for #107. Probably branch label not up to date in orLeft 
244359     WARN  main            d.u.i.k.p.NodeInfo        No instantiation for #107. Probably branch label not up to date in orLeft 
244359     WARN  main            d.u.i.k.p.NodeInfo        No instantiation for #108. Probably branch label not up to date in orLeft 
244359     WARN  main            d.u.i.k.p.NodeInfo        No instantiation for #108. Probably branch label not up to date in orLeft 
244359     WARN  main            d.u.i.k.p.NodeInfo        No instantiation for #109. Probably branch label not up to date in orLeft 
244359     WARN  main            d.u.i.k.p.NodeInfo        No instantiation for #109. Probably branch label not up to date in orLeft 
244359     WARN  main            d.u.i.k.p.NodeInfo        No instantiation for #110. Probably branch label not up to date in orLeft 
244359     WARN  main            d.u.i.k.p.NodeInfo        No instantiation for #110. Probably branch label not up to date in orLeft 
244359     WARN  main            d.u.i.k.p.NodeInfo        No instantiation for #110. Probably branch label not up to date in orLeft 
244359     WARN  main            d.u.i.k.p.NodeInfo        No instantiation for #110. Probably branch label not up to date in orLeft 
244359     WARN  main            d.u.i.k.p.NodeInfo        No instantiation for #110. Probably branch label not up to date in orLeft 
244359     WARN  main            d.u.i.k.p.NodeInfo        No instantiation for #55. Probably branch label not up to date in orLeft 
244359     WARN  main            d.u.i.k.p.NodeInfo        No instantiation for #55. Probably branch label not up to date in orLeft 
244359     WARN  main            d.u.i.k.p.NodeInfo        No instantiation for #56. Probably branch label not up to date in orLeft 
244359     WARN  main            d.u.i.k.p.NodeInfo        No instantiation for #56. Probably branch label not up to date in orLeft 
244359     WARN  main            d.u.i.k.p.NodeInfo        No instantiation for #57. Probably branch label not up to date in orLeft 
244359     WARN  main            d.u.i.k.p.NodeInfo        No instantiation for #57. Probably branch label not up to date in orLeft 
244359     WARN  main            d.u.i.k.p.NodeInfo        No instantiation for #106. Probably branch label not up to date in orLeft 
244359     WARN  main            d.u.i.k.p.NodeInfo        No instantiation for #106. Probably branch label not up to date in orLeft 
244359     WARN  main            d.u.i.k.p.NodeInfo        No instantiation for #106. Probably branch label not up to date in orLeft 
244359     WARN  main            d.u.i.k.p.NodeInfo        No instantiation for #106. Probably branch label not up to date in orLeft 
244359     WARN  main            d.u.i.k.p.NodeInfo        No instantiation for #107. Probably branch label not up to date in orLeft 
244359     WARN  main            d.u.i.k.p.NodeInfo        No instantiation for #107. Probably branch label not up to date in orLeft 
244359     WARN  main            d.u.i.k.p.NodeInfo        No instantiation for #108. Probably branch label not up to date in orLeft 
244359     WARN  main            d.u.i.k.p.NodeInfo        No instantiation for #108. Probably branch label not up to date in orLeft 
244359     WARN  main            d.u.i.k.p.NodeInfo        No instantiation for #109. Probably branch label not up to date in orLeft 
244359     WARN  main            d.u.i.k.p.NodeInfo        No instantiation for #109. Probably branch label not up to date in orLeft 
244359     WARN  main            d.u.i.k.p.NodeInfo        No instantiation for #110. Probably branch label not up to date in orLeft 
244359     WARN  main            d.u.i.k.p.NodeInfo        No instantiation for #110. Probably branch label not up to date in orLeft 
244359     WARN  main            d.u.i.k.p.NodeInfo        No instantiation for #110. Probably branch label not up to date in orLeft 
244359     WARN  main            d.u.i.k.p.NodeInfo        No instantiation for #110. Probably branch label not up to date in orLeft 
244359     WARN  main            d.u.i.k.p.NodeInfo        No instantiation for #110. Probably branch label not up to date in orLeft 
244359     WARN  main            d.u.i.k.p.NodeInfo        No instantiation for #87. Probably branch label not up to date in orLeft 
244359     WARN  main            d.u.i.k.p.NodeInfo        No instantiation for #87. Probably branch label not up to date in orLeft 
244359     WARN  main            d.u.i.k.p.NodeInfo        No instantiation for #88. Probably branch label not up to date in orLeft 
244359     WARN  main            d.u.i.k.p.NodeInfo        No instantiation for #88. Probably branch label not up to date in orLeft 
244359     WARN  main            d.u.i.k.p.NodeInfo        No instantiation for #89. Probably branch label not up to date in orLeft 
244359     WARN  main            d.u.i.k.p.NodeInfo        No instantiation for #89. Probably branch label not up to date in orLeft 
244365     WARN  main            d.u.i.k.p.NodeInfo        No instantiation for #106. Probably branch label not up to date in orLeft 
244365     WARN  main            d.u.i.k.p.NodeInfo        No instantiation for #106. Probably branch label not up to date in orLeft 
244365     WARN  main            d.u.i.k.p.NodeInfo        No instantiation for #106. Probably branch label not up to date in orLeft 
244365     WARN  main            d.u.i.k.p.NodeInfo        No instantiation for #106. Probably branch label not up to date in orLeft 
244365     WARN  main            d.u.i.k.p.NodeInfo        No instantiation for #107. Probably branch label not up to date in orLeft 
244365     WARN  main            d.u.i.k.p.NodeInfo        No instantiation for #107. Probably branch label not up to date in orLeft 
244365     WARN  main            d.u.i.k.p.NodeInfo        No instantiation for #108. Probably branch label not up to date in orLeft 
244365     WARN  main            d.u.i.k.p.NodeInfo        No instantiation for #108. Probably branch label not up to date in orLeft 
244365     WARN  main            d.u.i.k.p.NodeInfo        No instantiation for #109. Probably branch label not up to date in orLeft 
244365     WARN  main            d.u.i.k.p.NodeInfo        No instantiation for #109. Probably branch label not up to date in orLeft 
244365     WARN  main            d.u.i.k.p.NodeInfo        No instantiation for #110. Probably branch label not up to date in orLeft 
244365     WARN  main            d.u.i.k.p.NodeInfo        No instantiation for #110. Probably branch label not up to date in orLeft 
244365     WARN  main            d.u.i.k.p.NodeInfo        No instantiation for #110. Probably branch label not up to date in orLeft 
244365     WARN  main            d.u.i.k.p.NodeInfo        No instantiation for #110. Probably branch label not up to date in orLeft 
244365     WARN  main            d.u.i.k.p.NodeInfo        No instantiation for #110. Probably branch label not up to date in orLeft 
244365     WARN  main            d.u.i.k.p.NodeInfo        No instantiation for #55. Probably branch label not up to date in orLeft 
244365     WARN  main            d.u.i.k.p.NodeInfo        No instantiation for #55. Probably branch label not up to date in orLeft 
244365     WARN  main            d.u.i.k.p.NodeInfo        No instantiation for #56. Probably branch label not up to date in orLeft 
244365     WARN  main            d.u.i.k.p.NodeInfo        No instantiation for #56. Probably branch label not up to date in orLeft 
244365     WARN  main            d.u.i.k.p.NodeInfo        No instantiation for #57. Probably branch label not up to date in orLeft 
244365     WARN  main            d.u.i.k.p.NodeInfo        No instantiation for #57. Probably branch label not up to date in orLeft 
244365     WARN  main            d.u.i.k.p.NodeInfo        No instantiation for #106. Probably branch label not up to date in orLeft 
244365     WARN  main            d.u.i.k.p.NodeInfo        No instantiation for #106. Probably branch label not up to date in orLeft 
244365     WARN  main            d.u.i.k.p.NodeInfo        No instantiation for #106. Probably branch label not up to date in orLeft 
244365     WARN  main            d.u.i.k.p.NodeInfo        No instantiation for #106. Probably branch label not up to date in orLeft 
244365     WARN  main            d.u.i.k.p.NodeInfo        No instantiation for #107. Probably branch label not up to date in orLeft 
244365     WARN  main            d.u.i.k.p.NodeInfo        No instantiation for #107. Probably branch label not up to date in orLeft 
244365     WARN  main            d.u.i.k.p.NodeInfo        No instantiation for #108. Probably branch label not up to date in orLeft 
244365     WARN  main            d.u.i.k.p.NodeInfo        No instantiation for #108. Probably branch label not up to date in orLeft 
244365     WARN  main            d.u.i.k.p.NodeInfo        No instantiation for #109. Probably branch label not up to date in orLeft 
244365     WARN  main            d.u.i.k.p.NodeInfo        No instantiation for #109. Probably branch label not up to date in orLeft 
244365     WARN  main            d.u.i.k.p.NodeInfo        No instantiation for #110. Probably branch label not up to date in orLeft 
244365     WARN  main            d.u.i.k.p.NodeInfo        No instantiation for #110. Probably branch label not up to date in orLeft 
244365     WARN  main            d.u.i.k.p.NodeInfo        No instantiation for #110. Probably branch label not up to date in orLeft 
244365     WARN  main            d.u.i.k.p.NodeInfo        No instantiation for #110. Probably branch label not up to date in orLeft 
244365     WARN  main            d.u.i.k.p.NodeInfo        No instantiation for #110. Probably branch label not up to date in orLeft 
244365     WARN  main            d.u.i.k.p.NodeInfo        No instantiation for #55. Probably branch label not up to date in orLeft 
244365     WARN  main            d.u.i.k.p.NodeInfo        No instantiation for #55. Probably branch label not up to date in orLeft 
244365     WARN  main            d.u.i.k.p.NodeInfo        No instantiation for #56. Probably branch label not up to date in orLeft 
244365     WARN  main            d.u.i.k.p.NodeInfo        No instantiation for #56. Probably branch label not up to date in orLeft 
244365     WARN  main            d.u.i.k.p.NodeInfo        No instantiation for #57. Probably branch label not up to date in orLeft 
244365     WARN  main            d.u.i.k.p.NodeInfo        No instantiation for #57. Probably branch label not up to date in orLeft 
Returning from test ToyBanking_fullmacro
Running test BlockContracts_fullmacro
18:06:06,852 |-INFO in ch.qos.logback.classic.LoggerContext[default] - This is logback-classic version 1.4.6
18:06:06,877 |-INFO in ch.qos.logback.classic.LoggerContext[default] - Could NOT find resource [logback-test.xml]
18:06:06,896 |-INFO in ch.qos.logback.classic.LoggerContext[default] - Found resource [logback.xml] at [file:/home/runner/work/key/key/key.core/build/resources/test/logback.xml]
18:06:07,077 |-INFO in ch.qos.logback.core.model.processor.AppenderModelHandler - Processing appender named [STDOUT]
18:06:07,077 |-INFO in ch.qos.logback.core.model.processor.AppenderModelHandler - About to instantiate appender of type [ch.qos.logback.core.ConsoleAppender]
18:06:07,092 |-WARN in ch.qos.logback.core.model.processor.ImplicitModelHandler - Ignoring unknown property [file] in [ch.qos.logback.core.ConsoleAppender]
18:06:07,092 |-WARN in ch.qos.logback.core.model.processor.ImplicitModelHandler - Ignoring unknown property [append] in [ch.qos.logback.core.ConsoleAppender]
18:06:07,093 |-INFO in ch.qos.logback.core.model.processor.ImplicitModelHandler - Assuming default type [ch.qos.logback.classic.encoder.PatternLayoutEncoder] for [encoder] property
18:06:07,112 |-INFO in ch.qos.logback.classic.model.processor.RootLoggerModelHandler - Setting level of ROOT logger to WARN
18:06:07,117 |-INFO in ch.qos.logback.core.model.processor.AppenderRefModelHandler - Attaching appender named [STDOUT] to Logger[ROOT]
18:06:07,118 |-INFO in ch.qos.logback.core.model.processor.DefaultProcessor@710f4dc7 - End of configuration.
18:06:07,118 |-INFO in ch.qos.logback.classic.joran.JoranConfigurator@1ff4931d - Registering current configuration as safe fallback point

388        WARN  main            d.u.i.k.s.ProofSettings   The settings in /home/runner/.key/proof-settings.props are *not* read. 
Returning from test BlockContracts_fullmacro
Running test MethodContracts_fullmacro
18:07:30,160 |-INFO in ch.qos.logback.classic.LoggerContext[default] - This is logback-classic version 1.4.6
18:07:30,197 |-INFO in ch.qos.logback.classic.LoggerContext[default] - Could NOT find resource [logback-test.xml]
18:07:30,222 |-INFO in ch.qos.logback.classic.LoggerContext[default] - Found resource [logback.xml] at [file:/home/runner/work/key/key/key.core/build/resources/test/logback.xml]
18:07:30,364 |-INFO in ch.qos.logback.core.model.processor.AppenderModelHandler - Processing appender named [STDOUT]
18:07:30,365 |-INFO in ch.qos.logback.core.model.processor.AppenderModelHandler - About to instantiate appender of type [ch.qos.logback.core.ConsoleAppender]
18:07:30,393 |-WARN in ch.qos.logback.core.model.processor.ImplicitModelHandler - Ignoring unknown property [file] in [ch.qos.logback.core.ConsoleAppender]
18:07:30,393 |-WARN in ch.qos.logback.core.model.processor.ImplicitModelHandler - Ignoring unknown property [append] in [ch.qos.logback.core.ConsoleAppender]
18:07:30,396 |-INFO in ch.qos.logback.core.model.processor.ImplicitModelHandler - Assuming default type [ch.qos.logback.classic.encoder.PatternLayoutEncoder] for [encoder] property
18:07:30,427 |-INFO in ch.qos.logback.classic.model.processor.RootLoggerModelHandler - Setting level of ROOT logger to WARN
18:07:30,441 |-INFO in ch.qos.logback.core.model.processor.AppenderRefModelHandler - Attaching appender named [STDOUT] to Logger[ROOT]
18:07:30,442 |-INFO in ch.qos.logback.core.model.processor.DefaultProcessor@710f4dc7 - End of configuration.
18:07:30,442 |-INFO in ch.qos.logback.classic.joran.JoranConfigurator@1ff4931d - Registering current configuration as safe fallback point

437        WARN  main            d.u.i.k.s.ProofSettings   The settings in /home/runner/.key/proof-settings.props are *not* read. 
Returning from test MethodContracts_fullmacro
Running test InformationFlow_fullmacro
18:08:44,193 |-INFO in ch.qos.logback.classic.LoggerContext[default] - This is logback-classic version 1.4.6
18:08:44,227 |-INFO in ch.qos.logback.classic.LoggerContext[default] - Could NOT find resource [logback-test.xml]
18:08:44,249 |-INFO in ch.qos.logback.classic.LoggerContext[default] - Found resource [logback.xml] at [file:/home/runner/work/key/key/key.core/build/resources/test/logback.xml]
18:08:44,403 |-INFO in ch.qos.logback.core.model.processor.AppenderModelHandler - Processing appender named [STDOUT]
18:08:44,404 |-INFO in ch.qos.logback.core.model.processor.AppenderModelHandler - About to instantiate appender of type [ch.qos.logback.core.ConsoleAppender]
18:08:44,418 |-WARN in ch.qos.logback.core.model.processor.ImplicitModelHandler - Ignoring unknown property [file] in [ch.qos.logback.core.ConsoleAppender]
18:08:44,419 |-WARN in ch.qos.logback.core.model.processor.ImplicitModelHandler - Ignoring unknown property [append] in [ch.qos.logback.core.ConsoleAppender]
18:08:44,419 |-INFO in ch.qos.logback.core.model.processor.ImplicitModelHandler - Assuming default type [ch.qos.logback.classic.encoder.PatternLayoutEncoder] for [encoder] property
18:08:44,439 |-INFO in ch.qos.logback.classic.model.processor.RootLoggerModelHandler - Setting level of ROOT logger to WARN
18:08:44,444 |-INFO in ch.qos.logback.core.model.processor.AppenderRefModelHandler - Attaching appender named [STDOUT] to Logger[ROOT]
18:08:44,444 |-INFO in ch.qos.logback.core.model.processor.DefaultProcessor@710f4dc7 - End of configuration.
18:08:44,445 |-INFO in ch.qos.logback.classic.joran.JoranConfigurator@1ff4931d - Registering current configuration as safe fallback point

383        WARN  main            d.u.i.k.s.ProofSettings   The settings in /home/runner/.key/proof-settings.props are *not* read. 
Returning from test InformationFlow_fullmacro
Running test MiniExamples_fullmacro
18:14:17,971 |-INFO in ch.qos.logback.classic.LoggerContext[default] - This is logback-classic version 1.4.6
18:14:17,999 |-INFO in ch.qos.logback.classic.LoggerContext[default] - Could NOT find resource [logback-test.xml]
18:14:18,015 |-INFO in ch.qos.logback.classic.LoggerContext[default] - Found resource [logback.xml] at [file:/home/runner/work/key/key/key.core/build/resources/test/logback.xml]
18:14:18,202 |-INFO in ch.qos.logback.core.model.processor.AppenderModelHandler - Processing appender named [STDOUT]
18:14:18,202 |-INFO in ch.qos.logback.core.model.processor.AppenderModelHandler - About to instantiate appender of type [ch.qos.logback.core.ConsoleAppender]
18:14:18,216 |-WARN in ch.qos.logback.core.model.processor.ImplicitModelHandler - Ignoring unknown property [file] in [ch.qos.logback.core.ConsoleAppender]
18:14:18,216 |-WARN in ch.qos.logback.core.model.processor.ImplicitModelHandler - Ignoring unknown property [append] in [ch.qos.logback.core.ConsoleAppender]
18:14:18,217 |-INFO in ch.qos.logback.core.model.processor.ImplicitModelHandler - Assuming default type [ch.qos.logback.classic.encoder.PatternLayoutEncoder] for [encoder] property
18:14:18,237 |-INFO in ch.qos.logback.classic.model.processor.RootLoggerModelHandler - Setting level of ROOT logger to WARN
18:14:18,241 |-INFO in ch.qos.logback.core.model.processor.AppenderRefModelHandler - Attaching appender named [STDOUT] to Logger[ROOT]
18:14:18,242 |-INFO in ch.qos.logback.core.model.processor.DefaultProcessor@710f4dc7 - End of configuration.
18:14:18,242 |-INFO in ch.qos.logback.classic.joran.JoranConfigurator@1ff4931d - Registering current configuration as safe fallback point

378        WARN  main            d.u.i.k.s.ProofSettings   The settings in /home/runner/.key/proof-settings.props are *not* read. 
Returning from test MiniExamples_fullmacro
Running test NewObjects_fullmacro
18:15:59,263 |-INFO in ch.qos.logback.classic.LoggerContext[default] - This is logback-classic version 1.4.6
18:15:59,289 |-INFO in ch.qos.logback.classic.LoggerContext[default] - Could NOT find resource [logback-test.xml]
18:15:59,307 |-INFO in ch.qos.logback.classic.LoggerContext[default] - Found resource [logback.xml] at [file:/home/runner/work/key/key/key.core/build/resources/test/logback.xml]
18:15:59,457 |-INFO in ch.qos.logback.core.model.processor.AppenderModelHandler - Processing appender named [STDOUT]
18:15:59,457 |-INFO in ch.qos.logback.core.model.processor.AppenderModelHandler - About to instantiate appender of type [ch.qos.logback.core.ConsoleAppender]
18:15:59,473 |-WARN in ch.qos.logback.core.model.processor.ImplicitModelHandler - Ignoring unknown property [file] in [ch.qos.logback.core.ConsoleAppender]
18:15:59,473 |-WARN in ch.qos.logback.core.model.processor.ImplicitModelHandler - Ignoring unknown property [append] in [ch.qos.logback.core.ConsoleAppender]
18:15:59,474 |-INFO in ch.qos.logback.core.model.processor.ImplicitModelHandler - Assuming default type [ch.qos.logback.classic.encoder.PatternLayoutEncoder] for [encoder] property
18:15:59,495 |-INFO in ch.qos.logback.classic.model.processor.RootLoggerModelHandler - Setting level of ROOT logger to WARN
18:15:59,501 |-INFO in ch.qos.logback.core.model.processor.AppenderRefModelHandler - Attaching appender named [STDOUT] to Logger[ROOT]
18:15:59,501 |-INFO in ch.qos.logback.core.model.processor.DefaultProcessor@710f4dc7 - End of configuration.
18:15:59,502 |-INFO in ch.qos.logback.classic.joran.JoranConfigurator@1ff4931d - Registering current configuration as safe fallback point

374        WARN  main            d.u.i.k.s.ProofSettings   The settings in /home/runner/.key/proof-settings.props are *not* read. 
38212      WARN  main            d.u.i.k.p.NodeInfo        No instantiation for #42. Probably branch label not up to date in andRight 
38212      WARN  main            d.u.i.k.p.NodeInfo        No instantiation for #42. Probably branch label not up to date in andRight 
38212      WARN  main            d.u.i.k.p.NodeInfo        No instantiation for #42. Probably branch label not up to date in andRight 
38212      WARN  main            d.u.i.k.p.NodeInfo        No instantiation for #42. Probably branch label not up to date in andRight 
38213      WARN  main            d.u.i.k.p.NodeInfo        No instantiation for #44. Probably branch label not up to date in andRight 
38213      WARN  main            d.u.i.k.p.NodeInfo        No instantiation for #44. Probably branch label not up to date in andRight 
38213      WARN  main            d.u.i.k.p.NodeInfo        No instantiation for #44. Probably branch label not up to date in andRight 
38213      WARN  main            d.u.i.k.p.NodeInfo        No instantiation for #44. Probably branch label not up to date in andRight 
38213      WARN  main            d.u.i.k.p.NodeInfo        No instantiation for #44. Probably branch label not up to date in andRight 
38213      WARN  main            d.u.i.k.p.NodeInfo        No instantiation for #44. Probably branch label not up to date in andRight 
38213      WARN  main            d.u.i.k.p.NodeInfo        No instantiation for #44. Probably branch label not up to date in andRight 
38213      WARN  main            d.u.i.k.p.NodeInfo        No instantiation for #44. Probably branch label not up to date in andRight 
38214      WARN  main            d.u.i.k.p.NodeInfo        No instantiation for #42. Probably branch label not up to date in andRight 
38214      WARN  main            d.u.i.k.p.NodeInfo        No instantiation for #42. Probably branch label not up to date in andRight 
38214      WARN  main            d.u.i.k.p.NodeInfo        No instantiation for #42. Probably branch label not up to date in andRight 
38214      WARN  main            d.u.i.k.p.NodeInfo        No instantiation for #42. Probably branch label not up to date in andRight 
38214      WARN  main            d.u.i.k.p.NodeInfo        No instantiation for #42. Probably branch label not up to date in andRight 
38214      WARN  main            d.u.i.k.p.NodeInfo        No instantiation for #42. Probably branch label not up to date in andRight 
38214      WARN  main            d.u.i.k.p.NodeInfo        No instantiation for #42. Probably branch label not up to date in andRight 
38214      WARN  main            d.u.i.k.p.NodeInfo        No instantiation for #42. Probably branch label not up to date in andRight 
47993      WARN  main            d.u.i.k.p.NodeInfo        No instantiation for #27. Probably branch label not up to date in andRight 
47994      WARN  main            d.u.i.k.p.NodeInfo        No instantiation for #27. Probably branch label not up to date in andRight 
47994      WARN  main            d.u.i.k.p.NodeInfo        No instantiation for #27. Probably branch label not up to date in andRight 
47994      WARN  main            d.u.i.k.p.NodeInfo        No instantiation for #27. Probably branch label not up to date in andRight 
47995      WARN  main            d.u.i.k.p.NodeInfo        No instantiation for #27. Probably branch label not up to date in andRight 
47995      WARN  main            d.u.i.k.p.NodeInfo        No instantiation for #27. Probably branch label not up to date in andRight 
47995      WARN  main            d.u.i.k.p.NodeInfo        No instantiation for #27. Probably branch label not up to date in andRight 
47995      WARN  main            d.u.i.k.p.NodeInfo        No instantiation for #27. Probably branch label not up to date in andRight 
Returning from test NewObjects_fullmacro
Running test SimpleEvoting_fullmacro
18:19:14,325 |-INFO in ch.qos.logback.classic.LoggerContext[default] - This is logback-classic version 1.4.6
18:19:14,352 |-INFO in ch.qos.logback.classic.LoggerContext[default] - Could NOT find resource [logback-test.xml]
18:19:14,370 |-INFO in ch.qos.logback.classic.LoggerContext[default] - Found resource [logback.xml] at [file:/home/runner/work/key/key/key.core/build/resources/test/logback.xml]
18:19:14,524 |-INFO in ch.qos.logback.core.model.processor.AppenderModelHandler - Processing appender named [STDOUT]
18:19:14,524 |-INFO in ch.qos.logback.core.model.processor.AppenderModelHandler - About to instantiate appender of type [ch.qos.logback.core.ConsoleAppender]
18:19:14,556 |-WARN in ch.qos.logback.core.model.processor.ImplicitModelHandler - Ignoring unknown property [file] in [ch.qos.logback.core.ConsoleAppender]
18:19:14,560 |-WARN in ch.qos.logback.core.model.processor.ImplicitModelHandler - Ignoring unknown property [append] in [ch.qos.logback.core.ConsoleAppender]
18:19:14,562 |-INFO in ch.qos.logback.core.model.processor.ImplicitModelHandler - Assuming default type [ch.qos.logback.classic.encoder.PatternLayoutEncoder] for [encoder] property
18:19:14,586 |-INFO in ch.qos.logback.classic.model.processor.RootLoggerModelHandler - Setting level of ROOT logger to WARN
18:19:14,591 |-INFO in ch.qos.logback.core.model.processor.AppenderRefModelHandler - Attaching appender named [STDOUT] to Logger[ROOT]
18:19:14,592 |-INFO in ch.qos.logback.core.model.processor.DefaultProcessor@710f4dc7 - End of configuration.
18:19:14,592 |-INFO in ch.qos.logback.classic.joran.JoranConfigurator@1ff4931d - Registering current configuration as safe fallback point

404        WARN  main            d.u.i.k.s.ProofSettings   The settings in /home/runner/.key/proof-settings.props are *not* read. 
Returning from test SimpleEvoting_fullmacro
]]></system-out>
  <system-err><![CDATA[Timeout watcher launched (1000 secs.)
Timeout watcher launched (1000 secs.)
Timeout watcher launched (1000 secs.)
Timeout watcher launched (1000 secs.)
Timeout watcher launched (1000 secs.)
Timeout watcher launched (1000 secs.)
Timeout watcher launched (1000 secs.)
Timeout watcher launched (1000 secs.)
Timeout watcher launched (1000 secs.)
Timeout watcher launched (1000 secs.)
Contract not found: passwordfile.SecurePasswordFile[passwordfile.SecurePasswordFile::$userIndex()].JML accessible clause.0 (file: /home/runner/work/key/key/key.core/../key.ui/examples/index/../InformationFlow/PasswordFile/passwordfile.SecurePasswordFile(passwordfile.SecurePasswordFile___userIndex()).JML accessible clause.0.key; caused by: java.lang.RuntimeException: Contract not found: passwordfile.SecurePasswordFile[passwordfile.SecurePasswordFile::$userIndex()].JML accessible clause.0)
	at de.uka.ilkd.key.control.AbstractUserInterfaceControl.load(AbstractUserInterfaceControl.java:228)
	at de.uka.ilkd.key.control.KeYEnvironment.load(KeYEnvironment.java:283)
	at de.uka.ilkd.key.control.KeYEnvironment.load(KeYEnvironment.java:252)
	at de.uka.ilkd.key.control.KeYEnvironment.load(KeYEnvironment.java:226)
	at de.uka.ilkd.key.control.KeYEnvironment.load(KeYEnvironment.java:186)
	at de.uka.ilkd.key.control.KeYEnvironment.load(KeYEnvironment.java:293)
	at de.uka.ilkd.key.proof.runallproofs.proofcollection.TestFile.load(TestFile.java:270)
	at de.uka.ilkd.key.proof.runallproofs.proofcollection.TestFile.runKey(TestFile.java:160)
	at de.uka.ilkd.key.proof.runallproofs.proofcollection.ForkedTestFileRunner.main(ForkedTestFileRunner.java:171)
Caused by: java.lang.RuntimeException: Contract not found: passwordfile.SecurePasswordFile[passwordfile.SecurePasswordFile::$userIndex()].JML accessible clause.0
	at de.uka.ilkd.key.proof.init.DependencyContractPO.loadFrom(DependencyContractPO.java:325)
	at java.base/jdk.internal.reflect.NativeMethodAccessorImpl.invoke0(Native Method)
	at java.base/jdk.internal.reflect.NativeMethodAccessorImpl.invoke(NativeMethodAccessorImpl.java:62)
	at java.base/jdk.internal.reflect.DelegatingMethodAccessorImpl.invoke(DelegatingMethodAccessorImpl.java:43)
	at java.base/java.lang.reflect.Method.invoke(Method.java:566)
	at de.uka.ilkd.key.proof.io.AbstractProblemLoader.createProofObligationContainer(AbstractProblemLoader.java:618)
	at de.uka.ilkd.key.proof.io.AbstractProblemLoader.load(AbstractProblemLoader.java:279)
	at de.uka.ilkd.key.proof.io.AbstractProblemLoader.load(AbstractProblemLoader.java:258)
	at de.uka.ilkd.key.control.AbstractUserInterfaceControl.load(AbstractUserInterfaceControl.java:215)
	... 8 more
Exception in thread "main" org.opentest4j.AssertionFailedError: Exception during the execution of proofs. See log for more details.
	at org.junit.jupiter.api.AssertionUtils.fail(AssertionUtils.java:38)
	at org.junit.jupiter.api.Assertions.fail(Assertions.java:135)
	at de.uka.ilkd.key.proof.runallproofs.proofcollection.ForkedTestFileRunner.main(ForkedTestFileRunner.java:192)
Timeout watcher launched (1000 secs.)
Contract not found: simple_evoting.Environment[simple_evoting.Environment::$rep()].JML accessible clause.0 (file: /home/runner/work/key/key/key.core/../key.ui/examples/index/../InformationFlow/SimpleEvoting/simple_evoting.Environment(simple_evoting.Environment___rep()).JML accessible clause.0.key; caused by: java.lang.RuntimeException: Contract not found: simple_evoting.Environment[simple_evoting.Environment::$rep()].JML accessible clause.0)
	at de.uka.ilkd.key.control.AbstractUserInterfaceControl.load(AbstractUserInterfaceControl.java:228)
	at de.uka.ilkd.key.control.KeYEnvironment.load(KeYEnvironment.java:283)
	at de.uka.ilkd.key.control.KeYEnvironment.load(KeYEnvironment.java:252)
	at de.uka.ilkd.key.control.KeYEnvironment.load(KeYEnvironment.java:226)
	at de.uka.ilkd.key.control.KeYEnvironment.load(KeYEnvironment.java:186)
	at de.uka.ilkd.key.control.KeYEnvironment.load(KeYEnvironment.java:293)
	at de.uka.ilkd.key.proof.runallproofs.proofcollection.TestFile.load(TestFile.java:270)
	at de.uka.ilkd.key.proof.runallproofs.proofcollection.TestFile.runKey(TestFile.java:160)
	at de.uka.ilkd.key.proof.runallproofs.proofcollection.ForkedTestFileRunner.main(ForkedTestFileRunner.java:171)
Caused by: java.lang.RuntimeException: Contract not found: simple_evoting.Environment[simple_evoting.Environment::$rep()].JML accessible clause.0
	at de.uka.ilkd.key.proof.init.DependencyContractPO.loadFrom(DependencyContractPO.java:325)
	at java.base/jdk.internal.reflect.NativeMethodAccessorImpl.invoke0(Native Method)
	at java.base/jdk.internal.reflect.NativeMethodAccessorImpl.invoke(NativeMethodAccessorImpl.java:62)
	at java.base/jdk.internal.reflect.DelegatingMethodAccessorImpl.invoke(DelegatingMethodAccessorImpl.java:43)
	at java.base/java.lang.reflect.Method.invoke(Method.java:566)
	at de.uka.ilkd.key.proof.io.AbstractProblemLoader.createProofObligationContainer(AbstractProblemLoader.java:618)
	at de.uka.ilkd.key.proof.io.AbstractProblemLoader.load(AbstractProblemLoader.java:279)
	at de.uka.ilkd.key.proof.io.AbstractProblemLoader.load(AbstractProblemLoader.java:258)
	at de.uka.ilkd.key.control.AbstractUserInterfaceControl.load(AbstractUserInterfaceControl.java:215)
	... 8 more
Exception in thread "main" org.opentest4j.AssertionFailedError: Exception during the execution of proofs. See log for more details.
	at org.junit.jupiter.api.AssertionUtils.fail(AssertionUtils.java:38)
	at org.junit.jupiter.api.Assertions.fail(Assertions.java:135)
	at de.uka.ilkd.key.proof.runallproofs.proofcollection.ForkedTestFileRunner.main(ForkedTestFileRunner.java:192)
Timeout watcher launched (1000 secs.)
Timeout watcher launched (1000 secs.)
Timeout watcher launched (1000 secs.)
Timeout watcher launched (1000 secs.)
Timeout watcher launched (1000 secs.)
Timeout watcher launched (1000 secs.)
Timeout watcher launched (1000 secs.)
Timeout watcher launched (1000 secs.)
Timeout watcher launched (1000 secs.)
Timeout watcher launched (1000 secs.)
Timeout watcher launched (1000 secs.)
Timeout watcher launched (1000 secs.)
Timeout watcher launched (1000 secs.)
Timeout watcher launched (1000 secs.)
Timeout watcher launched (1000 secs.)
Timeout watcher launched (1000 secs.)
Timeout watcher launched (1000 secs.)
Timeout watcher launched (1000 secs.)
]]></system-err>
</testsuite>
