<?xml version="1.0" encoding="UTF-8"?>
<testsuite name="de.uka.ilkd.key.symbolic_execution.testcase.strategy.TestJavaWatchpointStopConditionWithHitCount" tests="1" skipped="0" failures="0" errors="0" timestamp="2023-04-02T13:38:34" hostname="fv-az203-458" time="6.636">
  <properties/>
  <testcase name="testBreakpointStopCondition()" classname="de.uka.ilkd.key.symbolic_execution.testcase.strategy.TestJavaWatchpointStopConditionWithHitCount" time="6.636"/>
  <system-out><![CDATA[]]></system-out>
  <system-err><![CDATA[]]></system-err>
</testsuite>
