<?xml version="1.0" encoding="UTF-8"?>
<testsuite name="de.uka.ilkd.key.logic.TestClashFreeSubst" tests="14" skipped="2" failures="0" errors="0" timestamp="2023-04-04T15:08:13" hostname="fv-az470-997" time="55.454">
  <properties/>
  <testcase name="testMultiShareBound()" classname="de.uka.ilkd.key.logic.TestClashFreeSubst" time="1.033"/>
  <testcase name="testClash()" classname="de.uka.ilkd.key.logic.TestClashFreeSubst" time="1.042"/>
  <testcase name="testShare()" classname="de.uka.ilkd.key.logic.TestClashFreeSubst" time="1.016"/>
  <testcase name="testSubst()" classname="de.uka.ilkd.key.logic.TestClashFreeSubst" time="1.001"/>
  <testcase name="testWary0()" classname="de.uka.ilkd.key.logic.TestClashFreeSubst" time="1.07"/>
  <testcase name="testWary1()" classname="de.uka.ilkd.key.logic.TestClashFreeSubst" time="1.018"/>
  <testcase name="testWary2()" classname="de.uka.ilkd.key.logic.TestClashFreeSubst" time="1.009"/>
  <testcase name="testClashInSubstTerm()" classname="de.uka.ilkd.key.logic.TestClashFreeSubst" time="1.011"/>
  <testcase name="testShareWary()" classname="de.uka.ilkd.key.logic.TestClashFreeSubst" time="1.057"/>
  <testcase name="testMultiSubst()" classname="de.uka.ilkd.key.logic.TestClashFreeSubst" time="1.034"/>
  <testcase name="xtestMultiClash()" classname="de.uka.ilkd.key.logic.TestClashFreeSubst" time="0.0">
    <skipped/>
  </testcase>
  <testcase name="testSubstInSubstTerm()" classname="de.uka.ilkd.key.logic.TestClashFreeSubst" time="1.102"/>
  <testcase name="testSubstWary()" classname="de.uka.ilkd.key.logic.TestClashFreeSubst" time="1.047"/>
  <testcase name="xtestMultiClash1()" classname="de.uka.ilkd.key.logic.TestClashFreeSubst" time="0.0">
    <skipped/>
  </testcase>
  <system-out><![CDATA[39746      INFO  Test worker     d.u.i.k.n.KeyIO           Parsing took 0 ms 
39747      INFO  Test worker     d.u.i.k.n.KeyIO           MODE: declarations took 1 ms 
40773      INFO  Test worker     d.u.i.k.n.KeyIO           Parsing took 0 ms 
40773      INFO  Test worker     d.u.i.k.n.KeyIO           MODE: declarations took 0 ms 
44189      INFO  Test worker     d.u.i.k.n.KeyIO           Parsing took 0 ms 
44190      INFO  Test worker     d.u.i.k.n.KeyIO           MODE: declarations took 1 ms 
45223      INFO  Test worker     d.u.i.k.n.KeyIO           Parsing took 0 ms 
45224      INFO  Test worker     d.u.i.k.n.KeyIO           MODE: declarations took 0 ms 
48514      INFO  Test worker     d.u.i.k.n.KeyIO           Parsing took 0 ms 
48515      INFO  Test worker     d.u.i.k.n.KeyIO           MODE: declarations took 0 ms 
49525      INFO  Test worker     d.u.i.k.n.KeyIO           Parsing took 0 ms 
49526      INFO  Test worker     d.u.i.k.n.KeyIO           MODE: declarations took 0 ms 
52863      INFO  Test worker     d.u.i.k.n.KeyIO           Parsing took 1 ms 
52863      INFO  Test worker     d.u.i.k.n.KeyIO           MODE: declarations took 0 ms 
53858      INFO  Test worker     d.u.i.k.n.KeyIO           Parsing took 0 ms 
53859      INFO  Test worker     d.u.i.k.n.KeyIO           MODE: declarations took 0 ms 
57202      INFO  Test worker     d.u.i.k.n.KeyIO           Parsing took 0 ms 
57202      INFO  Test worker     d.u.i.k.n.KeyIO           MODE: declarations took 0 ms 
58268      INFO  Test worker     d.u.i.k.n.KeyIO           Parsing took 0 ms 
58268      INFO  Test worker     d.u.i.k.n.KeyIO           MODE: declarations took 0 ms 
61545      INFO  Test worker     d.u.i.k.n.KeyIO           Parsing took 0 ms 
61546      INFO  Test worker     d.u.i.k.n.KeyIO           MODE: declarations took 0 ms 
62558      INFO  Test worker     d.u.i.k.n.KeyIO           Parsing took 0 ms 
62560      INFO  Test worker     d.u.i.k.n.KeyIO           MODE: declarations took 0 ms 
65884      INFO  Test worker     d.u.i.k.n.KeyIO           Parsing took 0 ms 
65885      INFO  Test worker     d.u.i.k.n.KeyIO           MODE: declarations took 1 ms 
66888      INFO  Test worker     d.u.i.k.n.KeyIO           Parsing took 0 ms 
66890      INFO  Test worker     d.u.i.k.n.KeyIO           MODE: declarations took 0 ms 
70191      INFO  Test worker     d.u.i.k.n.KeyIO           Parsing took 0 ms 
70192      INFO  Test worker     d.u.i.k.n.KeyIO           MODE: declarations took 0 ms 
71196      INFO  Test worker     d.u.i.k.n.KeyIO           Parsing took 0 ms 
71197      INFO  Test worker     d.u.i.k.n.KeyIO           MODE: declarations took 0 ms 
74486      INFO  Test worker     d.u.i.k.n.KeyIO           Parsing took 0 ms 
74487      INFO  Test worker     d.u.i.k.n.KeyIO           MODE: declarations took 0 ms 
75540      INFO  Test worker     d.u.i.k.n.KeyIO           Parsing took 0 ms 
75540      INFO  Test worker     d.u.i.k.n.KeyIO           MODE: declarations took 0 ms 
78844      INFO  Test worker     d.u.i.k.n.KeyIO           Parsing took 0 ms 
78845      INFO  Test worker     d.u.i.k.n.KeyIO           MODE: declarations took 0 ms 
79873      INFO  Test worker     d.u.i.k.n.KeyIO           Parsing took 0 ms 
79874      INFO  Test worker     d.u.i.k.n.KeyIO           MODE: declarations took 0 ms 
86414      INFO  Test worker     d.u.i.k.n.KeyIO           Parsing took 0 ms 
86414      INFO  Test worker     d.u.i.k.n.KeyIO           MODE: declarations took 0 ms 
87511      INFO  Test worker     d.u.i.k.n.KeyIO           Parsing took 0 ms 
87513      INFO  Test worker     d.u.i.k.n.KeyIO           MODE: declarations took 0 ms 
90862      INFO  Test worker     d.u.i.k.n.KeyIO           Parsing took 0 ms 
90863      INFO  Test worker     d.u.i.k.n.KeyIO           MODE: declarations took 0 ms 
91905      INFO  Test worker     d.u.i.k.n.KeyIO           Parsing took 2 ms 
91905      INFO  Test worker     d.u.i.k.n.KeyIO           MODE: declarations took 0 ms 
]]></system-out>
  <system-err><![CDATA[]]></system-err>
</testsuite>
