<?xml version="1.0" encoding="UTF-8"?>
<testsuite name="de.uka.ilkd.key.parser.TestTermParserSorts" tests="2" skipped="0" failures="0" errors="0" timestamp="2023-04-04T15:15:29" hostname="fv-az470-997" time="3.309">
  <properties/>
  <testcase name="testParseIntegerArgs()" classname="de.uka.ilkd.key.parser.TestTermParserSorts" time="0.021"/>
  <testcase name="testParseSequencePrettySyntax()" classname="de.uka.ilkd.key.parser.TestTermParserSorts" time="0.002"/>
  <system-out><![CDATA[475715     INFO  Test worker     d.u.i.k.n.KeyIO           Parsing took 0 ms 
475716     INFO  Test worker     d.u.i.k.n.KeyIO           MODE: declarations took 1 ms 
475716     INFO  Test worker     d.u.i.k.n.KeyIO           Parsing took 0 ms 
475716     INFO  Test worker     d.u.i.k.n.KeyIO           MODE: declarations took 0 ms 
475716     INFO  Test worker     d.u.i.k.n.KeyIO           Parsing took 0 ms 
475716     INFO  Test worker     d.u.i.k.n.KeyIO           MODE: declarations took 0 ms 
479022     INFO  Test worker     d.u.i.k.n.KeyIO           Parsing took 0 ms 
479022     INFO  Test worker     d.u.i.k.n.KeyIO           MODE: declarations took 0 ms 
479022     INFO  Test worker     d.u.i.k.n.KeyIO           Parsing took 0 ms 
479022     INFO  Test worker     d.u.i.k.n.KeyIO           MODE: declarations took 0 ms 
479022     INFO  Test worker     d.u.i.k.n.KeyIO           Parsing took 0 ms 
479023     INFO  Test worker     d.u.i.k.n.KeyIO           MODE: declarations took 1 ms 
]]></system-out>
  <system-err><![CDATA[]]></system-err>
</testsuite>
