<?xml version="1.0" encoding="UTF-8"?>
<testsuite name="de.uka.ilkd.key.taclettranslation.TestTacletTranslator" tests="5" skipped="0" failures="0" errors="0" timestamp="2023-04-04T15:22:42" hostname="fv-az470-997" time="0.011">
  <properties/>
  <testcase name="testPropositional1()" classname="de.uka.ilkd.key.taclettranslation.TestTacletTranslator" time="0.005"/>
  <testcase name="testPropositional2()" classname="de.uka.ilkd.key.taclettranslation.TestTacletTranslator" time="0.002"/>
  <testcase name="testNegativePolarity()" classname="de.uka.ilkd.key.taclettranslation.TestTacletTranslator" time="0.001"/>
  <testcase name="testNoPolarity()" classname="de.uka.ilkd.key.taclettranslation.TestTacletTranslator" time="0.002"/>
  <testcase name="testPositivePolarity()" classname="de.uka.ilkd.key.taclettranslation.TestTacletTranslator" time="0.001"/>
  <system-out><![CDATA[908967     INFO  Test worker     d.u.i.k.n.KeyIO           Parsing took 0 ms 
908967     INFO  Test worker     d.u.i.k.n.KeyIO           MODE: declarations took 0 ms 
908971     INFO  Test worker     d.u.i.k.n.KeyIO           Parsing took 0 ms 
908971     INFO  Test worker     d.u.i.k.n.KeyIO           MODE: declarations took 0 ms 
908973     INFO  Test worker     d.u.i.k.n.KeyIO           Parsing took 0 ms 
908973     INFO  Test worker     d.u.i.k.n.KeyIO           MODE: declarations took 0 ms 
908974     INFO  Test worker     d.u.i.k.n.KeyIO           Parsing took 0 ms 
908974     INFO  Test worker     d.u.i.k.n.KeyIO           MODE: declarations took 0 ms 
908975     INFO  Test worker     d.u.i.k.n.KeyIO           Parsing took 0 ms 
908975     INFO  Test worker     d.u.i.k.n.KeyIO           MODE: declarations took 0 ms 
]]></system-out>
  <system-err><![CDATA[]]></system-err>
</testsuite>
