<?xml version="1.0" encoding="UTF-8"?>
<testsuite name="de.uka.ilkd.key.nparser.ExprTest" tests="23" skipped="0" failures="0" errors="0" timestamp="2023-04-04T15:11:16" hostname="fv-az470-997" time="2.493">
  <properties/>
  <testcase name="[1] (bprod{int y;}(1, 2, y) = 0)" classname="de.uka.ilkd.key.nparser.ExprTest" time="0.019"/>
  <testcase name="[2] 1 = 1 -&gt; 2 = 2" classname="de.uka.ilkd.key.nparser.ExprTest" time="0.016"/>
  <testcase name="[3] \&lt; { int x = 1; } \&gt; x=1" classname="de.uka.ilkd.key.nparser.ExprTest" time="1.01"/>
  <testcase name="[4] \&lt;{ int x = 1; {int s = 2;} }\&gt; x=x" classname="de.uka.ilkd.key.nparser.ExprTest" time="1.129"/>
  <testcase name="[5] true" classname="de.uka.ilkd.key.nparser.ExprTest" time="0.014"/>
  <testcase name="[6] true &amp; false" classname="de.uka.ilkd.key.nparser.ExprTest" time="0.016"/>
  <testcase name="[7] 0" classname="de.uka.ilkd.key.nparser.ExprTest" time="0.017"/>
  <testcase name="[8] 1" classname="de.uka.ilkd.key.nparser.ExprTest" time="0.015"/>
  <testcase name="[9] 42" classname="de.uka.ilkd.key.nparser.ExprTest" time="0.013"/>
  <testcase name="[10] -5" classname="de.uka.ilkd.key.nparser.ExprTest" time="0.013"/>
  <testcase name="[11] 1 + 1 = 2" classname="de.uka.ilkd.key.nparser.ExprTest" time="0.014"/>
  <testcase name="[12] \if (3=4) \then (1) \else (2)" classname="de.uka.ilkd.key.nparser.ExprTest" time="0.016"/>
  <testcase name="[13] \if (3=4 &amp; 1=1) \then (\if (3=4) \then (1) \else (2)) \else (2)" classname="de.uka.ilkd.key.nparser.ExprTest" time="0.014"/>
  <testcase name="[14] aa + bb*cc" classname="de.uka.ilkd.key.nparser.ExprTest" time="0.014"/>
  <testcase name="[15] aa%bb*cc &lt; -123" classname="de.uka.ilkd.key.nparser.ExprTest" time="0.015"/>
  <testcase name="[16] \forall int x; true" classname="de.uka.ilkd.key.nparser.ExprTest" time="0.015"/>
  <testcase name="[17] \forall numbers x; x = x" classname="de.uka.ilkd.key.nparser.ExprTest" time="0.014"/>
  <testcase name="[18] (int)3+2" classname="de.uka.ilkd.key.nparser.ExprTest" time="0.017"/>
  <testcase name="[19] 1.f + 1f = 20e-1f * (2f-1f)" classname="de.uka.ilkd.key.nparser.ExprTest" time="0.017"/>
  <testcase name="[20] 1.d + 1d &lt;= 20e+1d * .01d" classname="de.uka.ilkd.key.nparser.ExprTest" time="0.018"/>
  <testcase name="[21] 1f &lt;= 2f" classname="de.uka.ilkd.key.nparser.ExprTest" time="0.014"/>
  <testcase name="[22] 2d &gt; 1d" classname="de.uka.ilkd.key.nparser.ExprTest" time="0.016"/>
  <testcase name="[23] seqEmpty + seqEmpty" classname="de.uka.ilkd.key.nparser.ExprTest" time="0.019"/>
  <system-out><![CDATA[222771     INFO  Test worker     d.u.i.k.n.KeyIO           Parsing took 10 ms 
222773     INFO  Test worker     d.u.i.k.n.KeyIO           MODE: declarations took 1 ms 
222777     INFO  Test worker     d.u.i.k.n.ExprTest        Term: equals(bprod{y:int}(Z(1(#)),Z(2(#)),y),Z(0(#))) 
222789     INFO  Test worker     d.u.i.k.n.KeyIO           Parsing took 9 ms 
222790     INFO  Test worker     d.u.i.k.n.KeyIO           MODE: declarations took 1 ms 
222793     INFO  Test worker     d.u.i.k.n.ExprTest        Term: imp(equals(Z(1(#)),Z(1(#))),equals(Z(2(#)),Z(2(#)))) 
222805     INFO  Test worker     d.u.i.k.n.KeyIO           Parsing took 9 ms 
222807     INFO  Test worker     d.u.i.k.n.KeyIO           MODE: declarations took 1 ms 
223805     INFO  Test worker     d.u.i.k.n.ExprTest        Term: \<{
  int x = 1;
}\> (equals(x,Z(1(#)))) 
223816     INFO  Test worker     d.u.i.k.n.KeyIO           Parsing took 8 ms 
223818     INFO  Test worker     d.u.i.k.n.KeyIO           MODE: declarations took 1 ms 
224934     INFO  Test worker     d.u.i.k.n.ExprTest        Term: \<{
  int x = 1;
  {
    int s = 2;
  }
}\> (equals(x,x)) 
224946     INFO  Test worker     d.u.i.k.n.KeyIO           Parsing took 8 ms 
224948     INFO  Test worker     d.u.i.k.n.KeyIO           MODE: declarations took 1 ms 
224950     INFO  Test worker     d.u.i.k.n.ExprTest        Term: true 
224962     INFO  Test worker     d.u.i.k.n.KeyIO           Parsing took 9 ms 
224964     INFO  Test worker     d.u.i.k.n.KeyIO           MODE: declarations took 1 ms 
224967     INFO  Test worker     d.u.i.k.n.ExprTest        Term: and(true,false) 
224981     INFO  Test worker     d.u.i.k.n.KeyIO           Parsing took 11 ms 
224982     INFO  Test worker     d.u.i.k.n.KeyIO           MODE: declarations took 1 ms 
224985     INFO  Test worker     d.u.i.k.n.ExprTest        Term: Z(0(#)) 
224997     INFO  Test worker     d.u.i.k.n.KeyIO           Parsing took 9 ms 
224999     INFO  Test worker     d.u.i.k.n.KeyIO           MODE: declarations took 1 ms 
225001     INFO  Test worker     d.u.i.k.n.ExprTest        Term: Z(1(#)) 
225011     INFO  Test worker     d.u.i.k.n.KeyIO           Parsing took 7 ms 
225012     INFO  Test worker     d.u.i.k.n.KeyIO           MODE: declarations took 0 ms 
225015     INFO  Test worker     d.u.i.k.n.ExprTest        Term: Z(2(4(#))) 
225025     INFO  Test worker     d.u.i.k.n.KeyIO           Parsing took 8 ms 
225026     INFO  Test worker     d.u.i.k.n.KeyIO           MODE: declarations took 1 ms 
225029     INFO  Test worker     d.u.i.k.n.ExprTest        Term: Z(neglit(5(#))) 
225039     INFO  Test worker     d.u.i.k.n.KeyIO           Parsing took 7 ms 
225041     INFO  Test worker     d.u.i.k.n.KeyIO           MODE: declarations took 1 ms 
225043     INFO  Test worker     d.u.i.k.n.ExprTest        Term: equals(add(Z(1(#)),Z(1(#))),Z(2(#))) 
225057     INFO  Test worker     d.u.i.k.n.KeyIO           Parsing took 8 ms 
225058     INFO  Test worker     d.u.i.k.n.KeyIO           MODE: declarations took 1 ms 
225061     INFO  Test worker     d.u.i.k.n.ExprTest        Term: if-then-else(equals(Z(3(#)),Z(4(#))),Z(1(#)),Z(2(#))) 
225072     INFO  Test worker     d.u.i.k.n.KeyIO           Parsing took 8 ms 
225074     INFO  Test worker     d.u.i.k.n.KeyIO           MODE: declarations took 1 ms 
225076     INFO  Test worker     d.u.i.k.n.ExprTest        Term: if-then-else(and(equals(Z(3(#)),Z(4(#))),equals(Z(1(#)),Z(1(#)))),if-then-else(equals(Z(3(#)),Z(4(#))),Z(1(#)),Z(2(#))),Z(2(#))) 
225087     INFO  Test worker     d.u.i.k.n.KeyIO           Parsing took 8 ms 
225089     INFO  Test worker     d.u.i.k.n.KeyIO           MODE: declarations took 1 ms 
225091     INFO  Test worker     d.u.i.k.n.ExprTest        Term: add(aa,mul(bb,cc)) 
225103     INFO  Test worker     d.u.i.k.n.KeyIO           Parsing took 8 ms 
225104     INFO  Test worker     d.u.i.k.n.KeyIO           MODE: declarations took 1 ms 
225107     INFO  Test worker     d.u.i.k.n.ExprTest        Term: lt(mul(mod(aa,bb),cc),Z(neglit(3(2(1(#)))))) 
225119     INFO  Test worker     d.u.i.k.n.KeyIO           Parsing took 8 ms 
225121     INFO  Test worker     d.u.i.k.n.KeyIO           MODE: declarations took 1 ms 
225123     INFO  Test worker     d.u.i.k.n.ExprTest        Term: all{x:int}(true) 
225136     INFO  Test worker     d.u.i.k.n.KeyIO           Parsing took 8 ms 
225137     INFO  Test worker     d.u.i.k.n.KeyIO           MODE: declarations took 1 ms 
225140     INFO  Test worker     d.u.i.k.n.ExprTest        Term: all{x:numbers}(equals(x,x)) 
225153     INFO  Test worker     d.u.i.k.n.KeyIO           Parsing took 10 ms 
225155     INFO  Test worker     d.u.i.k.n.KeyIO           MODE: declarations took 1 ms 
225157     INFO  Test worker     d.u.i.k.n.ExprTest        Term: add(int::cast(Z(3(#))),Z(2(#))) 
225172     INFO  Test worker     d.u.i.k.n.KeyIO           Parsing took 8 ms 
225174     INFO  Test worker     d.u.i.k.n.KeyIO           MODE: declarations took 1 ms 
225177     INFO  Test worker     d.u.i.k.n.ExprTest        Term: equals(addFloat(FP(6(1(2(3(5(3(5(6(0(1(#))))))))))),FP(6(1(2(3(5(3(5(6(0(1(#)))))))))))),mulFloat(FP(4(2(8(1(4(7(3(7(0(1(#))))))))))),subFloat(FP(4(2(8(1(4(7(3(7(0(1(#))))))))))),FP(6(1(2(3(5(3(5(6(0(1(#)))))))))))))) 
225188     INFO  Test worker     d.u.i.k.n.KeyIO           Parsing took 8 ms 
225190     INFO  Test worker     d.u.i.k.n.KeyIO           MODE: declarations took 1 ms 
225194     INFO  Test worker     d.u.i.k.n.ExprTest        Term: leqDouble(addDouble(DFP(8(0(4(7(1(0(0(0(8(8(1(4(2(8(1(7(0(6(4(#)))))))))))))))))))),DFP(8(0(4(7(1(0(0(0(8(8(1(4(2(8(1(7(0(6(4(#))))))))))))))))))))),mulDouble(DFP(4(8(7(6(0(0(2(8(9(0(9(8(0(4(2(1(4(6(4(#)))))))))))))))))))),DFP(5(7(6(7(8(0(4(0(3(9(2(2(8(1(9(6(7(5(4(#)))))))))))))))))))))) 
225209     INFO  Test worker     d.u.i.k.n.KeyIO           Parsing took 8 ms 
225210     INFO  Test worker     d.u.i.k.n.KeyIO           MODE: declarations took 1 ms 
225213     INFO  Test worker     d.u.i.k.n.ExprTest        Term: leqFloat(FP(6(1(2(3(5(3(5(6(0(1(#))))))))))),FP(4(2(8(1(4(7(3(7(0(1(#)))))))))))) 
225225     INFO  Test worker     d.u.i.k.n.KeyIO           Parsing took 8 ms 
225227     INFO  Test worker     d.u.i.k.n.KeyIO           MODE: declarations took 1 ms 
225230     INFO  Test worker     d.u.i.k.n.ExprTest        Term: gtDouble(DFP(4(0(9(7(8(3(7(2(4(8(1(0(6(8(6(1(1(6(4(#)))))))))))))))))))),DFP(8(0(4(7(1(0(0(0(8(8(1(4(2(8(1(7(0(6(4(#))))))))))))))))))))) 
225241     INFO  Test worker     d.u.i.k.n.KeyIO           Parsing took 8 ms 
225247     INFO  Test worker     d.u.i.k.n.KeyIO           MODE: declarations took 1 ms 
225250     INFO  Test worker     d.u.i.k.n.ExprTest        Term: seqConcat(seqEmpty,seqEmpty) 
]]></system-out>
  <system-err><![CDATA[]]></system-err>
</testsuite>
