<?xml version="1.0" encoding="UTF-8"?>
<testsuite name="de.uka.ilkd.key.nparser.ParseLDTsTests" tests="2" skipped="0" failures="0" errors="0" timestamp="2023-04-04T15:11:18" hostname="fv-az470-997" time="1.246">
  <properties/>
  <testcase name="testLDT()" classname="de.uka.ilkd.key.nparser.ParseLDTsTests" time="0.017"/>
  <testcase name="testSR()" classname="de.uka.ilkd.key.nparser.ParseLDTsTests" time="1.229"/>
  <system-out><![CDATA[225263     INFO  Test worker     d.u.i.k.n.KeyIO           Parsing took 8 ms 
225264     INFO  Test worker     d.u.i.k.n.KeyIO           MODE: declarations took 1 ms 
225646     INFO  Test worker     d.u.i.k.n.KeyIO           Parsing took 374 ms 
225650     INFO  Test worker     d.u.i.k.n.KeyIO           MODE: declarations took 2 ms 
]]></system-out>
  <system-err><![CDATA[]]></system-err>
</testsuite>
