<?xml version="1.0" encoding="UTF-8"?>
<testsuite name="de.uka.ilkd.key.parser.TestTermParser" tests="47" skipped="4" failures="0" errors="0" timestamp="2023-04-04T15:13:12" hostname="fv-az470-997" time="3.412">
  <properties/>
  <testcase name="testNotEqual()" classname="de.uka.ilkd.key.parser.TestTermParser" time="0.002"/>
  <testcase name="testProgramVariables()" classname="de.uka.ilkd.key.parser.TestTermParser" time="0.055"/>
  <testcase name="testAttributeWithSpecifiedSortOnObject()" classname="de.uka.ilkd.key.parser.TestTermParser" time="0.012"/>
  <testcase name="testCast()" classname="de.uka.ilkd.key.parser.TestTermParser" time="0.001"/>
  <testcase name="testJavaQueryAndAttribute_all()" classname="de.uka.ilkd.key.parser.TestTermParser" time="0.0">
    <skipped/>
  </testcase>
  <testcase name="test10()" classname="de.uka.ilkd.key.parser.TestTermParser" time="0.003"/>
  <testcase name="test11()" classname="de.uka.ilkd.key.parser.TestTermParser" time="0.002"/>
  <testcase name="test12()" classname="de.uka.ilkd.key.parser.TestTermParser" time="0.001">
    <skipped/>
  </testcase>
  <testcase name="test13()" classname="de.uka.ilkd.key.parser.TestTermParser" time="0.013"/>
  <testcase name="test14()" classname="de.uka.ilkd.key.parser.TestTermParser" time="0.006"/>
  <testcase name="test1a()" classname="de.uka.ilkd.key.parser.TestTermParser" time="0.005"/>
  <testcase name="testJavaAttributeAccess_4()" classname="de.uka.ilkd.key.parser.TestTermParser" time="0.005"/>
  <testcase name="testAttributeOnObject()" classname="de.uka.ilkd.key.parser.TestTermParser" time="0.004"/>
  <testcase name="testNegativeLiteralParsing1()" classname="de.uka.ilkd.key.parser.TestTermParser" time="0.002"/>
  <testcase name="testNegativeLiteralParsing2()" classname="de.uka.ilkd.key.parser.TestTermParser" time="0.002"/>
  <testcase name="testNegativeLiteralParsing3()" classname="de.uka.ilkd.key.parser.TestTermParser" time="0.003"/>
  <testcase name="xtestParsingArrayWithSpaces()" classname="de.uka.ilkd.key.parser.TestTermParser" time="0.0">
    <skipped/>
  </testcase>
  <testcase name="testAmbigiousFuncVarPred()" classname="de.uka.ilkd.key.parser.TestTermParser" time="0.001"/>
  <testcase name="test1()" classname="de.uka.ilkd.key.parser.TestTermParser" time="0.001"/>
  <testcase name="test2()" classname="de.uka.ilkd.key.parser.TestTermParser" time="0.002"/>
  <testcase name="test3()" classname="de.uka.ilkd.key.parser.TestTermParser" time="0.001"/>
  <testcase name="test5()" classname="de.uka.ilkd.key.parser.TestTermParser" time="0.002"/>
  <testcase name="test6()" classname="de.uka.ilkd.key.parser.TestTermParser" time="0.002"/>
  <testcase name="test7()" classname="de.uka.ilkd.key.parser.TestTermParser" time="0.002"/>
  <testcase name="test8()" classname="de.uka.ilkd.key.parser.TestTermParser" time="0.002"/>
  <testcase name="test9()" classname="de.uka.ilkd.key.parser.TestTermParser" time="0.002"/>
  <testcase name="testBindingUpdateTerm()" classname="de.uka.ilkd.key.parser.TestTermParser" time="0.003"/>
  <testcase name="testJavaStaticQuery()" classname="de.uka.ilkd.key.parser.TestTermParser" time="0.003"/>
  <testcase name="testInfix1()" classname="de.uka.ilkd.key.parser.TestTermParser" time="0.002"/>
  <testcase name="testInfix2()" classname="de.uka.ilkd.key.parser.TestTermParser" time="0.001"/>
  <testcase name="testInfix3()" classname="de.uka.ilkd.key.parser.TestTermParser" time="0.003"/>
  <testcase name="testInfix4()" classname="de.uka.ilkd.key.parser.TestTermParser" time="0.003"/>
  <testcase name="testIfThenElse()" classname="de.uka.ilkd.key.parser.TestTermParser" time="0.002"/>
  <testcase name="testJavaAttributeAccessBoth_1()" classname="de.uka.ilkd.key.parser.TestTermParser" time="0.003"/>
  <testcase name="testJavaAttributeAccessBoth_2()" classname="de.uka.ilkd.key.parser.TestTermParser" time="0.005"/>
  <testcase name="testJavaAttributeAccessBoth_3()" classname="de.uka.ilkd.key.parser.TestTermParser" time="0.008"/>
  <testcase name="testBindingUpdateTerm_1()" classname="de.uka.ilkd.key.parser.TestTermParser" time="0.004"/>
  <testcase name="testBindingUpdateTerm_3()" classname="de.uka.ilkd.key.parser.TestTermParser" time="0.003"/>
  <testcase name="testBindingUpdateTerm_4()" classname="de.uka.ilkd.key.parser.TestTermParser" time="0.001"/>
  <testcase name="testBindingUpdateTerm_5()" classname="de.uka.ilkd.key.parser.TestTermParser" time="0.002"/>
  <testcase name="testBindingUpdateTerm_6()" classname="de.uka.ilkd.key.parser.TestTermParser" time="0.002"/>
  <testcase name="testBindingUpdateTerm_7()" classname="de.uka.ilkd.key.parser.TestTermParser" time="0.002"/>
  <testcase name="testBindingUpdateTerm_8()" classname="de.uka.ilkd.key.parser.TestTermParser" time="0.002"/>
  <testcase name="testParsingArray()" classname="de.uka.ilkd.key.parser.TestTermParser" time="0.003"/>
  <testcase name="xtestBindingUpdateTermOldBindingAlternative()" classname="de.uka.ilkd.key.parser.TestTermParser" time="0.0">
    <skipped/>
  </testcase>
  <testcase name="testJavaStaticQueryWithParameter()" classname="de.uka.ilkd.key.parser.TestTermParser" time="0.01"/>
  <testcase name="testParsingArrayCombination()" classname="de.uka.ilkd.key.parser.TestTermParser" time="0.003"/>
  <system-out><![CDATA[339494     INFO  Test worker     d.u.i.k.n.KeyIO           Parsing took 0 ms 
339494     INFO  Test worker     d.u.i.k.n.KeyIO           MODE: declarations took 0 ms 
339496     WARN  Test worker     d.u.i.k.j.r.KeYCrossReferenceNameInfo Datatype T declared twice: Once in UNKNOWN:unknown and once in UNKNOWN:unknown, Keeping one from UNKNOWN:unknown 
339572     INFO  Test worker     d.u.i.k.n.KeyIO           Parsing took 0 ms 
339573     INFO  Test worker     d.u.i.k.n.KeyIO           MODE: declarations took 0 ms 
339628     WARN  Test worker     d.u.i.k.j.r.KeYCrossReferenceNameInfo Datatype T declared twice: Once in UNKNOWN:unknown and once in UNKNOWN:unknown, Keeping one from UNKNOWN:unknown 
339699     INFO  Test worker     d.u.i.k.n.KeyIO           Parsing took 1 ms 
339703     INFO  Test worker     d.u.i.k.n.KeyIO           MODE: declarations took 0 ms 
339711     WARN  Test worker     d.u.i.k.j.r.KeYCrossReferenceNameInfo Datatype T declared twice: Once in UNKNOWN:unknown and once in UNKNOWN:unknown, Keeping one from UNKNOWN:unknown 
339784     INFO  Test worker     d.u.i.k.n.KeyIO           Parsing took 0 ms 
339784     INFO  Test worker     d.u.i.k.n.KeyIO           MODE: declarations took 0 ms 
339785     WARN  Test worker     d.u.i.k.j.r.KeYCrossReferenceNameInfo Datatype T declared twice: Once in UNKNOWN:unknown and once in UNKNOWN:unknown, Keeping one from UNKNOWN:unknown 
339855     WARN  Test worker     d.u.i.k.j.r.KeYCrossReferenceNameInfo Datatype T declared twice: Once in UNKNOWN:unknown and once in UNKNOWN:unknown, Keeping one from UNKNOWN:unknown 
339922     INFO  Test worker     d.u.i.k.n.KeyIO           Parsing took 0 ms 
339922     INFO  Test worker     d.u.i.k.n.KeyIO           MODE: declarations took 0 ms 
339924     INFO  Test worker     d.u.i.k.p.TestTermParser  Out: \<{
  int x = 1;
  {
    int s = 2;
  }
}\> (equals(x,x)) 
339925     WARN  Test worker     d.u.i.k.j.r.KeYCrossReferenceNameInfo Datatype T declared twice: Once in UNKNOWN:unknown and once in UNKNOWN:unknown, Keeping one from UNKNOWN:unknown 
339994     INFO  Test worker     d.u.i.k.n.KeyIO           Parsing took 0 ms 
339994     INFO  Test worker     d.u.i.k.n.KeyIO           MODE: declarations took 0 ms 
339995     INFO  Test worker     d.u.i.k.p.TestTermParser  Out: \[{
  int x = 2;
  {
    String s = ""}";
  }
}\] (true) 
339997     WARN  Test worker     d.u.i.k.j.r.KeYCrossReferenceNameInfo Datatype T declared twice: Once in UNKNOWN:unknown and once in UNKNOWN:unknown, Keeping one from UNKNOWN:unknown 
340068     WARN  Test worker     d.u.i.k.j.r.KeYCrossReferenceNameInfo Datatype T declared twice: Once in UNKNOWN:unknown and once in UNKNOWN:unknown, Keeping one from UNKNOWN:unknown 
340138     INFO  Test worker     d.u.i.k.n.KeyIO           Parsing took 0 ms 
340138     INFO  Test worker     d.u.i.k.n.KeyIO           MODE: declarations took 0 ms 
340151     WARN  Test worker     d.u.i.k.j.r.KeYCrossReferenceNameInfo Datatype T declared twice: Once in UNKNOWN:unknown and once in UNKNOWN:unknown, Keeping one from UNKNOWN:unknown 
340223     INFO  Test worker     d.u.i.k.n.KeyIO           Parsing took 0 ms 
340224     INFO  Test worker     d.u.i.k.n.KeyIO           MODE: declarations took 0 ms 
340227     INFO  Test worker     d.u.i.k.p.TestTermParser  Out: \<{
  int[] i;
}\> (diamond(true)) 
340229     WARN  Test worker     d.u.i.k.j.r.KeYCrossReferenceNameInfo Datatype T declared twice: Once in UNKNOWN:unknown and once in UNKNOWN:unknown, Keeping one from UNKNOWN:unknown 
340320     INFO  Test worker     d.u.i.k.n.KeyIO           Parsing took 0 ms 
340320     INFO  Test worker     d.u.i.k.n.KeyIO           MODE: declarations took 0 ms 
340324     WARN  Test worker     d.u.i.k.j.r.KeYCrossReferenceNameInfo Datatype T declared twice: Once in UNKNOWN:unknown and once in UNKNOWN:unknown, Keeping one from UNKNOWN:unknown 
340414     INFO  Test worker     d.u.i.k.n.KeyIO           Parsing took 0 ms 
340414     INFO  Test worker     d.u.i.k.n.KeyIO           MODE: declarations took 0 ms 
340418     WARN  Test worker     d.u.i.k.j.r.KeYCrossReferenceNameInfo Datatype T declared twice: Once in UNKNOWN:unknown and once in UNKNOWN:unknown, Keeping one from UNKNOWN:unknown 
340500     INFO  Test worker     d.u.i.k.n.KeyIO           Parsing took 0 ms 
340501     INFO  Test worker     d.u.i.k.n.KeyIO           MODE: declarations took 0 ms 
340504     WARN  Test worker     d.u.i.k.j.r.KeYCrossReferenceNameInfo Datatype T declared twice: Once in UNKNOWN:unknown and once in UNKNOWN:unknown, Keeping one from UNKNOWN:unknown 
340576     INFO  Test worker     d.u.i.k.n.KeyIO           Parsing took 1 ms 
340576     INFO  Test worker     d.u.i.k.n.KeyIO           MODE: declarations took 0 ms 
340577     WARN  Test worker     d.u.i.k.j.r.KeYCrossReferenceNameInfo Datatype T declared twice: Once in UNKNOWN:unknown and once in UNKNOWN:unknown, Keeping one from UNKNOWN:unknown 
340646     INFO  Test worker     d.u.i.k.n.KeyIO           Parsing took 0 ms 
340647     INFO  Test worker     d.u.i.k.n.KeyIO           MODE: declarations took 1 ms 
340648     WARN  Test worker     d.u.i.k.j.r.KeYCrossReferenceNameInfo Datatype T declared twice: Once in UNKNOWN:unknown and once in UNKNOWN:unknown, Keeping one from UNKNOWN:unknown 
340718     INFO  Test worker     d.u.i.k.n.KeyIO           Parsing took 0 ms 
340718     INFO  Test worker     d.u.i.k.n.KeyIO           MODE: declarations took 0 ms 
340721     WARN  Test worker     d.u.i.k.j.r.KeYCrossReferenceNameInfo Datatype T declared twice: Once in UNKNOWN:unknown and once in UNKNOWN:unknown, Keeping one from UNKNOWN:unknown 
340788     WARN  Test worker     d.u.i.k.j.r.KeYCrossReferenceNameInfo Datatype T declared twice: Once in UNKNOWN:unknown and once in UNKNOWN:unknown, Keeping one from UNKNOWN:unknown 
340855     INFO  Test worker     d.u.i.k.n.KeyIO           Parsing took 1 ms 
340855     INFO  Test worker     d.u.i.k.n.KeyIO           MODE: declarations took 0 ms 
340856     WARN  Test worker     d.u.i.k.j.r.KeYCrossReferenceNameInfo Datatype T declared twice: Once in UNKNOWN:unknown and once in UNKNOWN:unknown, Keeping one from UNKNOWN:unknown 
340923     INFO  Test worker     d.u.i.k.n.KeyIO           Parsing took 0 ms 
340923     INFO  Test worker     d.u.i.k.n.KeyIO           MODE: declarations took 0 ms 
340925     WARN  Test worker     d.u.i.k.j.r.KeYCrossReferenceNameInfo Datatype T declared twice: Once in UNKNOWN:unknown and once in UNKNOWN:unknown, Keeping one from UNKNOWN:unknown 
340991     INFO  Test worker     d.u.i.k.n.KeyIO           Parsing took 0 ms 
340992     INFO  Test worker     d.u.i.k.n.KeyIO           MODE: declarations took 0 ms 
340993     WARN  Test worker     d.u.i.k.j.r.KeYCrossReferenceNameInfo Datatype T declared twice: Once in UNKNOWN:unknown and once in UNKNOWN:unknown, Keeping one from UNKNOWN:unknown 
341059     INFO  Test worker     d.u.i.k.n.KeyIO           Parsing took 0 ms 
341059     INFO  Test worker     d.u.i.k.n.KeyIO           MODE: declarations took 0 ms 
341060     WARN  Test worker     d.u.i.k.j.r.KeYCrossReferenceNameInfo Datatype T declared twice: Once in UNKNOWN:unknown and once in UNKNOWN:unknown, Keeping one from UNKNOWN:unknown 
341125     INFO  Test worker     d.u.i.k.n.KeyIO           Parsing took 0 ms 
341125     INFO  Test worker     d.u.i.k.n.KeyIO           MODE: declarations took 0 ms 
341127     WARN  Test worker     d.u.i.k.j.r.KeYCrossReferenceNameInfo Datatype T declared twice: Once in UNKNOWN:unknown and once in UNKNOWN:unknown, Keeping one from UNKNOWN:unknown 
341193     INFO  Test worker     d.u.i.k.n.KeyIO           Parsing took 0 ms 
341193     INFO  Test worker     d.u.i.k.n.KeyIO           MODE: declarations took 0 ms 
341195     WARN  Test worker     d.u.i.k.j.r.KeYCrossReferenceNameInfo Datatype T declared twice: Once in UNKNOWN:unknown and once in UNKNOWN:unknown, Keeping one from UNKNOWN:unknown 
341267     INFO  Test worker     d.u.i.k.n.KeyIO           Parsing took 1 ms 
341267     INFO  Test worker     d.u.i.k.n.KeyIO           MODE: declarations took 0 ms 
341269     WARN  Test worker     d.u.i.k.j.r.KeYCrossReferenceNameInfo Datatype T declared twice: Once in UNKNOWN:unknown and once in UNKNOWN:unknown, Keeping one from UNKNOWN:unknown 
341338     INFO  Test worker     d.u.i.k.n.KeyIO           Parsing took 0 ms 
341339     INFO  Test worker     d.u.i.k.n.KeyIO           MODE: declarations took 0 ms 
341340     WARN  Test worker     d.u.i.k.j.r.KeYCrossReferenceNameInfo Datatype T declared twice: Once in UNKNOWN:unknown and once in UNKNOWN:unknown, Keeping one from UNKNOWN:unknown 
341410     INFO  Test worker     d.u.i.k.n.KeyIO           Parsing took 0 ms 
341411     INFO  Test worker     d.u.i.k.n.KeyIO           MODE: declarations took 0 ms 
341412     WARN  Test worker     d.u.i.k.j.r.KeYCrossReferenceNameInfo Datatype T declared twice: Once in UNKNOWN:unknown and once in UNKNOWN:unknown, Keeping one from UNKNOWN:unknown 
341479     INFO  Test worker     d.u.i.k.n.KeyIO           Parsing took 0 ms 
341480     INFO  Test worker     d.u.i.k.n.KeyIO           MODE: declarations took 0 ms 
341482     WARN  Test worker     d.u.i.k.j.r.KeYCrossReferenceNameInfo Datatype T declared twice: Once in UNKNOWN:unknown and once in UNKNOWN:unknown, Keeping one from UNKNOWN:unknown 
341549     INFO  Test worker     d.u.i.k.n.KeyIO           Parsing took 0 ms 
341549     INFO  Test worker     d.u.i.k.n.KeyIO           MODE: declarations took 0 ms 
341552     WARN  Test worker     d.u.i.k.j.r.KeYCrossReferenceNameInfo Datatype T declared twice: Once in UNKNOWN:unknown and once in UNKNOWN:unknown, Keeping one from UNKNOWN:unknown 
341619     INFO  Test worker     d.u.i.k.n.KeyIO           Parsing took 0 ms 
341619     INFO  Test worker     d.u.i.k.n.KeyIO           MODE: declarations took 0 ms 
341621     WARN  Test worker     d.u.i.k.j.r.KeYCrossReferenceNameInfo Datatype T declared twice: Once in UNKNOWN:unknown and once in UNKNOWN:unknown, Keeping one from UNKNOWN:unknown 
341688     INFO  Test worker     d.u.i.k.n.KeyIO           Parsing took 0 ms 
341688     INFO  Test worker     d.u.i.k.n.KeyIO           MODE: declarations took 0 ms 
341690     WARN  Test worker     d.u.i.k.j.r.KeYCrossReferenceNameInfo Datatype T declared twice: Once in UNKNOWN:unknown and once in UNKNOWN:unknown, Keeping one from UNKNOWN:unknown 
341758     INFO  Test worker     d.u.i.k.n.KeyIO           Parsing took 1 ms 
341758     INFO  Test worker     d.u.i.k.n.KeyIO           MODE: declarations took 0 ms 
341760     WARN  Test worker     d.u.i.k.j.r.KeYCrossReferenceNameInfo Datatype T declared twice: Once in UNKNOWN:unknown and once in UNKNOWN:unknown, Keeping one from UNKNOWN:unknown 
341827     INFO  Test worker     d.u.i.k.n.KeyIO           Parsing took 1 ms 
341827     INFO  Test worker     d.u.i.k.n.KeyIO           MODE: declarations took 0 ms 
341829     WARN  Test worker     d.u.i.k.j.r.KeYCrossReferenceNameInfo Datatype T declared twice: Once in UNKNOWN:unknown and once in UNKNOWN:unknown, Keeping one from UNKNOWN:unknown 
341896     INFO  Test worker     d.u.i.k.n.KeyIO           Parsing took 0 ms 
341897     INFO  Test worker     d.u.i.k.n.KeyIO           MODE: declarations took 1 ms 
341898     WARN  Test worker     d.u.i.k.j.r.KeYCrossReferenceNameInfo Datatype T declared twice: Once in UNKNOWN:unknown and once in UNKNOWN:unknown, Keeping one from UNKNOWN:unknown 
341965     INFO  Test worker     d.u.i.k.n.KeyIO           Parsing took 0 ms 
341965     INFO  Test worker     d.u.i.k.n.KeyIO           MODE: declarations took 0 ms 
341968     WARN  Test worker     d.u.i.k.j.r.KeYCrossReferenceNameInfo Datatype T declared twice: Once in UNKNOWN:unknown and once in UNKNOWN:unknown, Keeping one from UNKNOWN:unknown 
342034     INFO  Test worker     d.u.i.k.n.KeyIO           Parsing took 0 ms 
342034     INFO  Test worker     d.u.i.k.n.KeyIO           MODE: declarations took 0 ms 
342039     WARN  Test worker     d.u.i.k.j.r.KeYCrossReferenceNameInfo Datatype T declared twice: Once in UNKNOWN:unknown and once in UNKNOWN:unknown, Keeping one from UNKNOWN:unknown 
342109     INFO  Test worker     d.u.i.k.n.KeyIO           Parsing took 0 ms 
342109     INFO  Test worker     d.u.i.k.n.KeyIO           MODE: declarations took 0 ms 
342117     WARN  Test worker     d.u.i.k.j.r.KeYCrossReferenceNameInfo Datatype T declared twice: Once in UNKNOWN:unknown and once in UNKNOWN:unknown, Keeping one from UNKNOWN:unknown 
342192     INFO  Test worker     d.u.i.k.n.KeyIO           Parsing took 1 ms 
342192     INFO  Test worker     d.u.i.k.n.KeyIO           MODE: declarations took 0 ms 
342194     WARN  Test worker     d.u.i.k.j.r.KeYCrossReferenceNameInfo Datatype T declared twice: Once in UNKNOWN:unknown and once in UNKNOWN:unknown, Keeping one from UNKNOWN:unknown 
342261     INFO  Test worker     d.u.i.k.n.KeyIO           Parsing took 0 ms 
342261     INFO  Test worker     d.u.i.k.n.KeyIO           MODE: declarations took 0 ms 
342264     WARN  Test worker     d.u.i.k.j.r.KeYCrossReferenceNameInfo Datatype T declared twice: Once in UNKNOWN:unknown and once in UNKNOWN:unknown, Keeping one from UNKNOWN:unknown 
342337     INFO  Test worker     d.u.i.k.n.KeyIO           Parsing took 1 ms 
342337     INFO  Test worker     d.u.i.k.n.KeyIO           MODE: declarations took 0 ms 
342338     WARN  Test worker     d.u.i.k.j.r.KeYCrossReferenceNameInfo Datatype T declared twice: Once in UNKNOWN:unknown and once in UNKNOWN:unknown, Keeping one from UNKNOWN:unknown 
342405     INFO  Test worker     d.u.i.k.n.KeyIO           Parsing took 0 ms 
342405     INFO  Test worker     d.u.i.k.n.KeyIO           MODE: declarations took 0 ms 
342407     WARN  Test worker     d.u.i.k.j.r.KeYCrossReferenceNameInfo Datatype T declared twice: Once in UNKNOWN:unknown and once in UNKNOWN:unknown, Keeping one from UNKNOWN:unknown 
342472     INFO  Test worker     d.u.i.k.n.KeyIO           Parsing took 0 ms 
342472     INFO  Test worker     d.u.i.k.n.KeyIO           MODE: declarations took 0 ms 
342474     WARN  Test worker     d.u.i.k.j.r.KeYCrossReferenceNameInfo Datatype T declared twice: Once in UNKNOWN:unknown and once in UNKNOWN:unknown, Keeping one from UNKNOWN:unknown 
342541     INFO  Test worker     d.u.i.k.n.KeyIO           Parsing took 0 ms 
342542     INFO  Test worker     d.u.i.k.n.KeyIO           MODE: declarations took 0 ms 
342543     WARN  Test worker     d.u.i.k.j.r.KeYCrossReferenceNameInfo Datatype T declared twice: Once in UNKNOWN:unknown and once in UNKNOWN:unknown, Keeping one from UNKNOWN:unknown 
342610     INFO  Test worker     d.u.i.k.n.KeyIO           Parsing took 0 ms 
342610     INFO  Test worker     d.u.i.k.n.KeyIO           MODE: declarations took 0 ms 
342613     WARN  Test worker     d.u.i.k.j.r.KeYCrossReferenceNameInfo Datatype T declared twice: Once in UNKNOWN:unknown and once in UNKNOWN:unknown, Keeping one from UNKNOWN:unknown 
342679     INFO  Test worker     d.u.i.k.n.KeyIO           Parsing took 0 ms 
342679     INFO  Test worker     d.u.i.k.n.KeyIO           MODE: declarations took 0 ms 
342682     WARN  Test worker     d.u.i.k.j.r.KeYCrossReferenceNameInfo Datatype T declared twice: Once in UNKNOWN:unknown and once in UNKNOWN:unknown, Keeping one from UNKNOWN:unknown 
342750     WARN  Test worker     d.u.i.k.j.r.KeYCrossReferenceNameInfo Datatype T declared twice: Once in UNKNOWN:unknown and once in UNKNOWN:unknown, Keeping one from UNKNOWN:unknown 
342815     INFO  Test worker     d.u.i.k.n.KeyIO           Parsing took 1 ms 
342815     INFO  Test worker     d.u.i.k.n.KeyIO           MODE: declarations took 0 ms 
342825     WARN  Test worker     d.u.i.k.j.r.KeYCrossReferenceNameInfo Datatype T declared twice: Once in UNKNOWN:unknown and once in UNKNOWN:unknown, Keeping one from UNKNOWN:unknown 
342903     INFO  Test worker     d.u.i.k.n.KeyIO           Parsing took 0 ms 
342903     INFO  Test worker     d.u.i.k.n.KeyIO           MODE: declarations took 0 ms 
]]></system-out>
  <system-err><![CDATA[]]></system-err>
</testsuite>
