<?xml version="1.0" encoding="UTF-8"?>
<testsuite name="de.uka.ilkd.key.logic.TestPosInTerm" tests="7" skipped="0" failures="0" errors="0" timestamp="2023-04-04T15:09:14" hostname="fv-az470-997" time="0.015">
  <properties/>
  <testcase name="testParseReverseString()" classname="de.uka.ilkd.key.logic.TestPosInTerm" time="0.001"/>
  <testcase name="testUpDownWithoutCopyExceptForTopLevelChange()" classname="de.uka.ilkd.key.logic.TestPosInTerm" time="0.0"/>
  <testcase name="testUpDownWithCopy()" classname="de.uka.ilkd.key.logic.TestPosInTerm" time="0.001"/>
  <testcase name="testIntegerList()" classname="de.uka.ilkd.key.logic.TestPosInTerm" time="0.0"/>
  <testcase name="testCopyFlag()" classname="de.uka.ilkd.key.logic.TestPosInTerm" time="0.0"/>
  <testcase name="testEquals()" classname="de.uka.ilkd.key.logic.TestPosInTerm" time="0.0"/>
  <testcase name="testFirstN()" classname="de.uka.ilkd.key.logic.TestPosInTerm" time="0.006"/>
  <system-out><![CDATA[]]></system-out>
  <system-err><![CDATA[]]></system-err>
</testsuite>
