<?xml version="1.0" encoding="UTF-8"?>
<testsuite name="de.uka.ilkd.key.parser.TestDeclParser" tests="14" skipped="2" failures="0" errors="0" timestamp="2023-04-04T15:11:29" hostname="fv-az470-997" time="12.659">
  <properties/>
  <testcase name="testGenericSortDecl1()" classname="de.uka.ilkd.key.parser.TestDeclParser" time="1.09"/>
  <testcase name="testGenericSortDecl2()" classname="de.uka.ilkd.key.parser.TestDeclParser" time="1.059"/>
  <testcase name="testGenericSortDecl3()" classname="de.uka.ilkd.key.parser.TestDeclParser" time="1.082"/>
  <testcase name="testGenericSortDecl4()" classname="de.uka.ilkd.key.parser.TestDeclParser" time="1.005"/>
  <testcase name="testGenericSortDecl5()" classname="de.uka.ilkd.key.parser.TestDeclParser" time="0.0">
    <skipped/>
  </testcase>
  <testcase name="testGenericSortDecl6()" classname="de.uka.ilkd.key.parser.TestDeclParser" time="1.066"/>
  <testcase name="testSortDecl()" classname="de.uka.ilkd.key.parser.TestDeclParser" time="1.056"/>
  <testcase name="testProxySortDecl()" classname="de.uka.ilkd.key.parser.TestDeclParser" time="1.058"/>
  <testcase name="testArrayDecl()" classname="de.uka.ilkd.key.parser.TestDeclParser" time="1.073"/>
  <testcase name="testAmbiguousDecls()" classname="de.uka.ilkd.key.parser.TestDeclParser" time="0.0">
    <skipped/>
  </testcase>
  <testcase name="testHeurDecl()" classname="de.uka.ilkd.key.parser.TestDeclParser" time="1.003"/>
  <testcase name="testFunctionDecl()" classname="de.uka.ilkd.key.parser.TestDeclParser" time="1.057"/>
  <testcase name="testPredicateDecl()" classname="de.uka.ilkd.key.parser.TestDeclParser" time="1.053"/>
  <testcase name="testSVDecl()" classname="de.uka.ilkd.key.parser.TestDeclParser" time="1.053"/>
  <system-out><![CDATA[237313     INFO  Test worker     d.u.i.k.n.KeyIO           Parsing took 0 ms 
237313     INFO  Test worker     d.u.i.k.n.KeyIO           MODE: declarations took 0 ms 
238373     INFO  Test worker     d.u.i.k.n.KeyIO           Parsing took 0 ms 
238373     INFO  Test worker     d.u.i.k.n.KeyIO           MODE: declarations took 0 ms 
239454     INFO  Test worker     d.u.i.k.n.KeyIO           Parsing took 0 ms 
239455     INFO  Test worker     d.u.i.k.n.KeyIO           MODE: declarations took 1 ms 
240459     INFO  Test worker     d.u.i.k.n.KeyIO           Parsing took 0 ms 
240460     INFO  Test worker     d.u.i.k.n.KeyIO           MODE: declarations took 0 ms 
241523     INFO  Test worker     d.u.i.k.n.KeyIO           Parsing took 0 ms 
241527     INFO  Test worker     d.u.i.k.n.KeyIO           MODE: declarations took 3 ms 
242582     INFO  Test worker     d.u.i.k.n.KeyIO           Parsing took 0 ms 
242583     INFO  Test worker     d.u.i.k.n.KeyIO           MODE: declarations took 1 ms 
243640     INFO  Test worker     d.u.i.k.n.KeyIO           Parsing took 0 ms 
243641     INFO  Test worker     d.u.i.k.n.KeyIO           MODE: declarations took 0 ms 
244714     INFO  Test worker     d.u.i.k.n.KeyIO           Parsing took 0 ms 
244714     INFO  Test worker     d.u.i.k.n.KeyIO           MODE: declarations took 0 ms 
245718     INFO  Test worker     d.u.i.k.n.KeyIO           Parsing took 0 ms 
245719     INFO  Test worker     d.u.i.k.n.KeyIO           MODE: declarations took 0 ms 
246776     INFO  Test worker     d.u.i.k.n.KeyIO           Parsing took 0 ms 
246776     INFO  Test worker     d.u.i.k.n.KeyIO           MODE: declarations took 0 ms 
247830     INFO  Test worker     d.u.i.k.n.KeyIO           Parsing took 0 ms 
247830     INFO  Test worker     d.u.i.k.n.KeyIO           MODE: declarations took 0 ms 
248881     INFO  Test worker     d.u.i.k.n.KeyIO           Parsing took 1 ms 
248881     INFO  Test worker     d.u.i.k.n.KeyIO           MODE: declarations took 0 ms 
]]></system-out>
  <system-err><![CDATA[]]></system-err>
</testsuite>
