<?xml version="1.0" encoding="UTF-8"?>
<testsuite name="de.uka.ilkd.key.parser.TestTermParserHeap" tests="39" skipped="0" failures="0" errors="0" timestamp="2023-04-04T15:13:19" hostname="fv-az470-997" time="125.871">
  <properties/>
  <testcase name="testBracketHeapUpdate()" classname="de.uka.ilkd.key.parser.TestTermParserHeap" time="0.027"/>
  <testcase name="testStore()" classname="de.uka.ilkd.key.parser.TestTermParserHeap" time="0.022"/>
  <testcase name="testUnknownConstant()" classname="de.uka.ilkd.key.parser.TestTermParserHeap" time="0.009"/>
  <testcase name="testAllFieldsSelector()" classname="de.uka.ilkd.key.parser.TestTermParserHeap" time="0.001"/>
  <testcase name="testParsePrettyPrintedSelect()" classname="de.uka.ilkd.key.parser.TestTermParserHeap" time="0.002"/>
  <testcase name="testAccessStaticMembers()" classname="de.uka.ilkd.key.parser.TestTermParserHeap" time="0.012"/>
  <testcase name="testAtOperator_1()" classname="de.uka.ilkd.key.parser.TestTermParserHeap" time="0.006"/>
  <testcase name="testAtOperator_2()" classname="de.uka.ilkd.key.parser.TestTermParserHeap" time="0.001"/>
  <testcase name="testAtOperator_3()" classname="de.uka.ilkd.key.parser.TestTermParserHeap" time="0.001"/>
  <testcase name="testAtOperator_4()" classname="de.uka.ilkd.key.parser.TestTermParserHeap" time="0.005"/>
  <testcase name="testAtOperator_5()" classname="de.uka.ilkd.key.parser.TestTermParserHeap" time="0.002"/>
  <testcase name="testAtOperator_6()" classname="de.uka.ilkd.key.parser.TestTermParserHeap" time="0.002"/>
  <testcase name="testAtOperator_7()" classname="de.uka.ilkd.key.parser.TestTermParserHeap" time="0.002"/>
  <testcase name="testAtOperator_8()" classname="de.uka.ilkd.key.parser.TestTermParserHeap" time="0.002"/>
  <testcase name="testVerifyExceptionIfAtOperatorNotPreceededBySelectTerm()" classname="de.uka.ilkd.key.parser.TestTermParserHeap" time="0.004"/>
  <testcase name="testBugResettingCounter()" classname="de.uka.ilkd.key.parser.TestTermParserHeap" time="0.002"/>
  <testcase name="testLocationSets()" classname="de.uka.ilkd.key.parser.TestTermParserHeap" time="0.014"/>
  <testcase name="testQuantifiedSelect()" classname="de.uka.ilkd.key.parser.TestTermParserHeap" time="0.002"/>
  <testcase name="testGenericObjectProperties()" classname="de.uka.ilkd.key.parser.TestTermParserHeap" time="0.006"/>
  <testcase name="testQueryInheritance_1()" classname="de.uka.ilkd.key.parser.TestTermParserHeap" time="0.002"/>
  <testcase name="testQueryInheritance_2()" classname="de.uka.ilkd.key.parser.TestTermParserHeap" time="0.002"/>
  <testcase name="testQueryInheritance_3()" classname="de.uka.ilkd.key.parser.TestTermParserHeap" time="0.002"/>
  <testcase name="testQueryInheritance_4()" classname="de.uka.ilkd.key.parser.TestTermParserHeap" time="0.002"/>
  <testcase name="testQueryInheritance_5()" classname="de.uka.ilkd.key.parser.TestTermParserHeap" time="0.001"/>
  <testcase name="testQueryInheritance_6()" classname="de.uka.ilkd.key.parser.TestTermParserHeap" time="0.002"/>
  <testcase name="testQueryInheritance_7()" classname="de.uka.ilkd.key.parser.TestTermParserHeap" time="0.001"/>
  <testcase name="testQueryInheritance_8()" classname="de.uka.ilkd.key.parser.TestTermParserHeap" time="0.002"/>
  <testcase name="testQueryInheritance_9()" classname="de.uka.ilkd.key.parser.TestTermParserHeap" time="0.001"/>
  <testcase name="testQueryBasic_10()" classname="de.uka.ilkd.key.parser.TestTermParserHeap" time="0.001"/>
  <testcase name="testQueryBasic_11()" classname="de.uka.ilkd.key.parser.TestTermParserHeap" time="0.002"/>
  <testcase name="testQueryBasic_1()" classname="de.uka.ilkd.key.parser.TestTermParserHeap" time="0.001"/>
  <testcase name="testQueryBasic_2()" classname="de.uka.ilkd.key.parser.TestTermParserHeap" time="0.001"/>
  <testcase name="testQueryBasic_3()" classname="de.uka.ilkd.key.parser.TestTermParserHeap" time="0.002"/>
  <testcase name="testQueryBasic_4()" classname="de.uka.ilkd.key.parser.TestTermParserHeap" time="0.002"/>
  <testcase name="testQueryBasic_5()" classname="de.uka.ilkd.key.parser.TestTermParserHeap" time="0.002"/>
  <testcase name="testQueryBasic_6()" classname="de.uka.ilkd.key.parser.TestTermParserHeap" time="0.003"/>
  <testcase name="testQueryBasic_7()" classname="de.uka.ilkd.key.parser.TestTermParserHeap" time="0.002"/>
  <testcase name="testQueryBasic_8()" classname="de.uka.ilkd.key.parser.TestTermParserHeap" time="0.006"/>
  <testcase name="testQueryBasic_9()" classname="de.uka.ilkd.key.parser.TestTermParserHeap" time="0.001"/>
  <system-out><![CDATA[346509     INFO  Test worker     d.u.i.k.n.KeyIO           Parsing took 0 ms 
346510     INFO  Test worker     d.u.i.k.n.KeyIO           MODE: declarations took 0 ms 
346510     INFO  Test worker     d.u.i.k.n.KeyIO           Parsing took 0 ms 
346511     INFO  Test worker     d.u.i.k.n.KeyIO           MODE: declarations took 0 ms 
346511     INFO  Test worker     d.u.i.k.n.KeyIO           Parsing took 0 ms 
346511     INFO  Test worker     d.u.i.k.n.KeyIO           MODE: declarations took 0 ms 
346512     INFO  Test worker     d.u.i.k.n.KeyIO           Parsing took 0 ms 
346512     INFO  Test worker     d.u.i.k.n.KeyIO           MODE: declarations took 0 ms 
346512     INFO  Test worker     d.u.i.k.n.KeyIO           Parsing took 0 ms 
346513     INFO  Test worker     d.u.i.k.n.KeyIO           MODE: declarations took 1 ms 
349881     INFO  Test worker     d.u.i.k.n.KeyIO           Parsing took 0 ms 
349881     INFO  Test worker     d.u.i.k.n.KeyIO           MODE: declarations took 0 ms 
349881     INFO  Test worker     d.u.i.k.n.KeyIO           Parsing took 0 ms 
349881     INFO  Test worker     d.u.i.k.n.KeyIO           MODE: declarations took 0 ms 
349881     INFO  Test worker     d.u.i.k.n.KeyIO           Parsing took 0 ms 
349881     INFO  Test worker     d.u.i.k.n.KeyIO           MODE: declarations took 0 ms 
349881     INFO  Test worker     d.u.i.k.n.KeyIO           Parsing took 0 ms 
349881     INFO  Test worker     d.u.i.k.n.KeyIO           MODE: declarations took 0 ms 
349881     INFO  Test worker     d.u.i.k.n.KeyIO           Parsing took 0 ms 
349881     INFO  Test worker     d.u.i.k.n.KeyIO           MODE: declarations took 0 ms 
353310     INFO  Test worker     d.u.i.k.n.KeyIO           Parsing took 0 ms 
353312     INFO  Test worker     d.u.i.k.n.KeyIO           MODE: declarations took 1 ms 
353312     INFO  Test worker     d.u.i.k.n.KeyIO           Parsing took 0 ms 
353312     INFO  Test worker     d.u.i.k.n.KeyIO           MODE: declarations took 0 ms 
353313     INFO  Test worker     d.u.i.k.n.KeyIO           Parsing took 0 ms 
353313     INFO  Test worker     d.u.i.k.n.KeyIO           MODE: declarations took 0 ms 
353314     INFO  Test worker     d.u.i.k.n.KeyIO           Parsing took 0 ms 
353314     INFO  Test worker     d.u.i.k.n.KeyIO           MODE: declarations took 0 ms 
353315     INFO  Test worker     d.u.i.k.n.KeyIO           Parsing took 0 ms 
353315     INFO  Test worker     d.u.i.k.n.KeyIO           MODE: declarations took 0 ms 
353316     INFO  Test worker     d.u.i.k.n.KeyIO           Parsing took 0 ms 
353316     INFO  Test worker     d.u.i.k.n.KeyIO           MODE: declarations took 0 ms 
356703     INFO  Test worker     d.u.i.k.n.KeyIO           Parsing took 0 ms 
356703     INFO  Test worker     d.u.i.k.n.KeyIO           MODE: declarations took 0 ms 
356703     INFO  Test worker     d.u.i.k.n.KeyIO           Parsing took 0 ms 
356703     INFO  Test worker     d.u.i.k.n.KeyIO           MODE: declarations took 0 ms 
356703     INFO  Test worker     d.u.i.k.n.KeyIO           Parsing took 0 ms 
356703     INFO  Test worker     d.u.i.k.n.KeyIO           MODE: declarations took 0 ms 
356703     INFO  Test worker     d.u.i.k.n.KeyIO           Parsing took 0 ms 
356703     INFO  Test worker     d.u.i.k.n.KeyIO           MODE: declarations took 0 ms 
356704     INFO  Test worker     d.u.i.k.n.KeyIO           Parsing took 0 ms 
356704     INFO  Test worker     d.u.i.k.n.KeyIO           MODE: declarations took 0 ms 
360078     INFO  Test worker     d.u.i.k.n.KeyIO           Parsing took 0 ms 
360078     INFO  Test worker     d.u.i.k.n.KeyIO           MODE: declarations took 0 ms 
360078     INFO  Test worker     d.u.i.k.n.KeyIO           Parsing took 0 ms 
360078     INFO  Test worker     d.u.i.k.n.KeyIO           MODE: declarations took 0 ms 
360078     INFO  Test worker     d.u.i.k.n.KeyIO           Parsing took 0 ms 
360078     INFO  Test worker     d.u.i.k.n.KeyIO           MODE: declarations took 0 ms 
360078     INFO  Test worker     d.u.i.k.n.KeyIO           Parsing took 0 ms 
360078     INFO  Test worker     d.u.i.k.n.KeyIO           MODE: declarations took 0 ms 
360078     INFO  Test worker     d.u.i.k.n.KeyIO           Parsing took 0 ms 
360078     INFO  Test worker     d.u.i.k.n.KeyIO           MODE: declarations took 0 ms 
363402     INFO  Test worker     d.u.i.k.n.KeyIO           Parsing took 0 ms 
363403     INFO  Test worker     d.u.i.k.n.KeyIO           MODE: declarations took 0 ms 
363403     INFO  Test worker     d.u.i.k.n.KeyIO           Parsing took 0 ms 
363403     INFO  Test worker     d.u.i.k.n.KeyIO           MODE: declarations took 0 ms 
363404     INFO  Test worker     d.u.i.k.n.KeyIO           Parsing took 1 ms 
363404     INFO  Test worker     d.u.i.k.n.KeyIO           MODE: declarations took 0 ms 
363404     INFO  Test worker     d.u.i.k.n.KeyIO           Parsing took 0 ms 
363404     INFO  Test worker     d.u.i.k.n.KeyIO           MODE: declarations took 0 ms 
363411     INFO  Test worker     d.u.i.k.n.KeyIO           Parsing took 0 ms 
363411     INFO  Test worker     d.u.i.k.n.KeyIO           MODE: declarations took 0 ms 
366765     INFO  Test worker     d.u.i.k.n.KeyIO           Parsing took 0 ms 
366765     INFO  Test worker     d.u.i.k.n.KeyIO           MODE: declarations took 0 ms 
366766     INFO  Test worker     d.u.i.k.n.KeyIO           Parsing took 0 ms 
366766     INFO  Test worker     d.u.i.k.n.KeyIO           MODE: declarations took 0 ms 
366766     INFO  Test worker     d.u.i.k.n.KeyIO           Parsing took 0 ms 
366766     INFO  Test worker     d.u.i.k.n.KeyIO           MODE: declarations took 0 ms 
366767     INFO  Test worker     d.u.i.k.n.KeyIO           Parsing took 0 ms 
366767     INFO  Test worker     d.u.i.k.n.KeyIO           MODE: declarations took 0 ms 
366769     INFO  Test worker     d.u.i.k.n.KeyIO           Parsing took 0 ms 
366769     INFO  Test worker     d.u.i.k.n.KeyIO           MODE: declarations took 0 ms 
370120     INFO  Test worker     d.u.i.k.n.KeyIO           Parsing took 0 ms 
370120     INFO  Test worker     d.u.i.k.n.KeyIO           MODE: declarations took 0 ms 
370120     INFO  Test worker     d.u.i.k.n.KeyIO           Parsing took 0 ms 
370120     INFO  Test worker     d.u.i.k.n.KeyIO           MODE: declarations took 0 ms 
370120     INFO  Test worker     d.u.i.k.n.KeyIO           Parsing took 0 ms 
370120     INFO  Test worker     d.u.i.k.n.KeyIO           MODE: declarations took 0 ms 
370120     INFO  Test worker     d.u.i.k.n.KeyIO           Parsing took 0 ms 
370120     INFO  Test worker     d.u.i.k.n.KeyIO           MODE: declarations took 0 ms 
370120     INFO  Test worker     d.u.i.k.n.KeyIO           Parsing took 0 ms 
370120     INFO  Test worker     d.u.i.k.n.KeyIO           MODE: declarations took 0 ms 
373410     INFO  Test worker     d.u.i.k.n.KeyIO           Parsing took 0 ms 
373410     INFO  Test worker     d.u.i.k.n.KeyIO           MODE: declarations took 0 ms 
373410     INFO  Test worker     d.u.i.k.n.KeyIO           Parsing took 0 ms 
373410     INFO  Test worker     d.u.i.k.n.KeyIO           MODE: declarations took 0 ms 
373410     INFO  Test worker     d.u.i.k.n.KeyIO           Parsing took 0 ms 
373410     INFO  Test worker     d.u.i.k.n.KeyIO           MODE: declarations took 0 ms 
373410     INFO  Test worker     d.u.i.k.n.KeyIO           Parsing took 0 ms 
373410     INFO  Test worker     d.u.i.k.n.KeyIO           MODE: declarations took 0 ms 
373411     INFO  Test worker     d.u.i.k.n.KeyIO           Parsing took 1 ms 
373411     INFO  Test worker     d.u.i.k.n.KeyIO           MODE: declarations took 0 ms 
376683     INFO  Test worker     d.u.i.k.n.KeyIO           Parsing took 0 ms 
376684     INFO  Test worker     d.u.i.k.n.KeyIO           MODE: declarations took 0 ms 
376684     INFO  Test worker     d.u.i.k.n.KeyIO           Parsing took 0 ms 
376684     INFO  Test worker     d.u.i.k.n.KeyIO           MODE: declarations took 0 ms 
376684     INFO  Test worker     d.u.i.k.n.KeyIO           Parsing took 0 ms 
376684     INFO  Test worker     d.u.i.k.n.KeyIO           MODE: declarations took 0 ms 
376684     INFO  Test worker     d.u.i.k.n.KeyIO           Parsing took 0 ms 
376684     INFO  Test worker     d.u.i.k.n.KeyIO           MODE: declarations took 0 ms 
376684     INFO  Test worker     d.u.i.k.n.KeyIO           Parsing took 0 ms 
376684     INFO  Test worker     d.u.i.k.n.KeyIO           MODE: declarations took 0 ms 
379971     INFO  Test worker     d.u.i.k.n.KeyIO           Parsing took 0 ms 
379971     INFO  Test worker     d.u.i.k.n.KeyIO           MODE: declarations took 0 ms 
379971     INFO  Test worker     d.u.i.k.n.KeyIO           Parsing took 0 ms 
379971     INFO  Test worker     d.u.i.k.n.KeyIO           MODE: declarations took 0 ms 
379971     INFO  Test worker     d.u.i.k.n.KeyIO           Parsing took 0 ms 
379971     INFO  Test worker     d.u.i.k.n.KeyIO           MODE: declarations took 0 ms 
379971     INFO  Test worker     d.u.i.k.n.KeyIO           Parsing took 0 ms 
379971     INFO  Test worker     d.u.i.k.n.KeyIO           MODE: declarations took 0 ms 
379971     INFO  Test worker     d.u.i.k.n.KeyIO           Parsing took 0 ms 
379971     INFO  Test worker     d.u.i.k.n.KeyIO           MODE: declarations took 0 ms 
383258     INFO  Test worker     d.u.i.k.n.KeyIO           Parsing took 0 ms 
383258     INFO  Test worker     d.u.i.k.n.KeyIO           MODE: declarations took 0 ms 
383258     INFO  Test worker     d.u.i.k.n.KeyIO           Parsing took 0 ms 
383258     INFO  Test worker     d.u.i.k.n.KeyIO           MODE: declarations took 0 ms 
383258     INFO  Test worker     d.u.i.k.n.KeyIO           Parsing took 0 ms 
383258     INFO  Test worker     d.u.i.k.n.KeyIO           MODE: declarations took 0 ms 
383258     INFO  Test worker     d.u.i.k.n.KeyIO           Parsing took 0 ms 
383258     INFO  Test worker     d.u.i.k.n.KeyIO           MODE: declarations took 0 ms 
383258     INFO  Test worker     d.u.i.k.n.KeyIO           Parsing took 0 ms 
383258     INFO  Test worker     d.u.i.k.n.KeyIO           MODE: declarations took 0 ms 
386556     INFO  Test worker     d.u.i.k.n.KeyIO           Parsing took 0 ms 
386556     INFO  Test worker     d.u.i.k.n.KeyIO           MODE: declarations took 0 ms 
386556     INFO  Test worker     d.u.i.k.n.KeyIO           Parsing took 0 ms 
386556     INFO  Test worker     d.u.i.k.n.KeyIO           MODE: declarations took 0 ms 
386556     INFO  Test worker     d.u.i.k.n.KeyIO           Parsing took 0 ms 
386556     INFO  Test worker     d.u.i.k.n.KeyIO           MODE: declarations took 0 ms 
386556     INFO  Test worker     d.u.i.k.n.KeyIO           Parsing took 0 ms 
386557     INFO  Test worker     d.u.i.k.n.KeyIO           MODE: declarations took 0 ms 
386557     INFO  Test worker     d.u.i.k.n.KeyIO           Parsing took 0 ms 
386557     INFO  Test worker     d.u.i.k.n.KeyIO           MODE: declarations took 0 ms 
389853     INFO  Test worker     d.u.i.k.n.KeyIO           Parsing took 0 ms 
389853     INFO  Test worker     d.u.i.k.n.KeyIO           MODE: declarations took 0 ms 
389854     INFO  Test worker     d.u.i.k.n.KeyIO           Parsing took 1 ms 
389854     INFO  Test worker     d.u.i.k.n.KeyIO           MODE: declarations took 0 ms 
389854     INFO  Test worker     d.u.i.k.n.KeyIO           Parsing took 0 ms 
389854     INFO  Test worker     d.u.i.k.n.KeyIO           MODE: declarations took 0 ms 
389854     INFO  Test worker     d.u.i.k.n.KeyIO           Parsing took 0 ms 
389854     INFO  Test worker     d.u.i.k.n.KeyIO           MODE: declarations took 0 ms 
389854     INFO  Test worker     d.u.i.k.n.KeyIO           Parsing took 0 ms 
389854     INFO  Test worker     d.u.i.k.n.KeyIO           MODE: declarations took 0 ms 
393174     INFO  Test worker     d.u.i.k.n.KeyIO           Parsing took 0 ms 
393174     INFO  Test worker     d.u.i.k.n.KeyIO           MODE: declarations took 0 ms 
393175     INFO  Test worker     d.u.i.k.n.KeyIO           Parsing took 1 ms 
393175     INFO  Test worker     d.u.i.k.n.KeyIO           MODE: declarations took 0 ms 
393175     INFO  Test worker     d.u.i.k.n.KeyIO           Parsing took 0 ms 
393175     INFO  Test worker     d.u.i.k.n.KeyIO           MODE: declarations took 0 ms 
393175     INFO  Test worker     d.u.i.k.n.KeyIO           Parsing took 0 ms 
393175     INFO  Test worker     d.u.i.k.n.KeyIO           MODE: declarations took 0 ms 
393175     INFO  Test worker     d.u.i.k.n.KeyIO           Parsing took 0 ms 
393175     INFO  Test worker     d.u.i.k.n.KeyIO           MODE: declarations took 0 ms 
393178     WARN  Test worker     d.u.i.k.n.KeYParser       [syntax-error] <unknown>:1:11: mismatched input '@' expecting {'/', ':=', '.', '(', ')', '{', '[', '@', PARALLEL, OR, AND, IMP, '=', NOT_EQUALS, '%', '*', '-', '+', '>', GREATEREQUAL, '<', LESSEQUAL, LGUILLEMETS, EQV} [@11,11:11='@',<153>,1:11] (termEOF) 
396484     INFO  Test worker     d.u.i.k.n.KeyIO           Parsing took 0 ms 
396484     INFO  Test worker     d.u.i.k.n.KeyIO           MODE: declarations took 0 ms 
396484     INFO  Test worker     d.u.i.k.n.KeyIO           Parsing took 0 ms 
396484     INFO  Test worker     d.u.i.k.n.KeyIO           MODE: declarations took 0 ms 
396484     INFO  Test worker     d.u.i.k.n.KeyIO           Parsing took 0 ms 
396484     INFO  Test worker     d.u.i.k.n.KeyIO           MODE: declarations took 0 ms 
396484     INFO  Test worker     d.u.i.k.n.KeyIO           Parsing took 0 ms 
396484     INFO  Test worker     d.u.i.k.n.KeyIO           MODE: declarations took 0 ms 
396484     INFO  Test worker     d.u.i.k.n.KeyIO           Parsing took 0 ms 
396484     INFO  Test worker     d.u.i.k.n.KeyIO           MODE: declarations took 0 ms 
399807     INFO  Test worker     d.u.i.k.n.KeyIO           Parsing took 0 ms 
399807     INFO  Test worker     d.u.i.k.n.KeyIO           MODE: declarations took 0 ms 
399807     INFO  Test worker     d.u.i.k.n.KeyIO           Parsing took 0 ms 
399807     INFO  Test worker     d.u.i.k.n.KeyIO           MODE: declarations took 0 ms 
399807     INFO  Test worker     d.u.i.k.n.KeyIO           Parsing took 0 ms 
399807     INFO  Test worker     d.u.i.k.n.KeyIO           MODE: declarations took 0 ms 
399809     INFO  Test worker     d.u.i.k.n.KeyIO           Parsing took 0 ms 
399809     INFO  Test worker     d.u.i.k.n.KeyIO           MODE: declarations took 0 ms 
399809     INFO  Test worker     d.u.i.k.n.KeyIO           Parsing took 0 ms 
399809     INFO  Test worker     d.u.i.k.n.KeyIO           MODE: declarations took 0 ms 
403103     INFO  Test worker     d.u.i.k.n.KeyIO           Parsing took 0 ms 
403104     INFO  Test worker     d.u.i.k.n.KeyIO           MODE: declarations took 1 ms 
403104     INFO  Test worker     d.u.i.k.n.KeyIO           Parsing took 0 ms 
403104     INFO  Test worker     d.u.i.k.n.KeyIO           MODE: declarations took 0 ms 
403104     INFO  Test worker     d.u.i.k.n.KeyIO           Parsing took 0 ms 
403104     INFO  Test worker     d.u.i.k.n.KeyIO           MODE: declarations took 0 ms 
403104     INFO  Test worker     d.u.i.k.n.KeyIO           Parsing took 0 ms 
403104     INFO  Test worker     d.u.i.k.n.KeyIO           MODE: declarations took 0 ms 
403104     INFO  Test worker     d.u.i.k.n.KeyIO           Parsing took 0 ms 
403104     INFO  Test worker     d.u.i.k.n.KeyIO           MODE: declarations took 0 ms 
406432     INFO  Test worker     d.u.i.k.n.KeyIO           Parsing took 0 ms 
406433     INFO  Test worker     d.u.i.k.n.KeyIO           MODE: declarations took 0 ms 
406433     INFO  Test worker     d.u.i.k.n.KeyIO           Parsing took 0 ms 
406433     INFO  Test worker     d.u.i.k.n.KeyIO           MODE: declarations took 0 ms 
406434     INFO  Test worker     d.u.i.k.n.KeyIO           Parsing took 0 ms 
406434     INFO  Test worker     d.u.i.k.n.KeyIO           MODE: declarations took 0 ms 
406434     INFO  Test worker     d.u.i.k.n.KeyIO           Parsing took 0 ms 
406434     INFO  Test worker     d.u.i.k.n.KeyIO           MODE: declarations took 0 ms 
406435     INFO  Test worker     d.u.i.k.n.KeyIO           Parsing took 0 ms 
406435     INFO  Test worker     d.u.i.k.n.KeyIO           MODE: declarations took 0 ms 
409774     INFO  Test worker     d.u.i.k.n.KeyIO           Parsing took 0 ms 
409774     INFO  Test worker     d.u.i.k.n.KeyIO           MODE: declarations took 0 ms 
409774     INFO  Test worker     d.u.i.k.n.KeyIO           Parsing took 0 ms 
409774     INFO  Test worker     d.u.i.k.n.KeyIO           MODE: declarations took 0 ms 
409774     INFO  Test worker     d.u.i.k.n.KeyIO           Parsing took 0 ms 
409774     INFO  Test worker     d.u.i.k.n.KeyIO           MODE: declarations took 0 ms 
409774     INFO  Test worker     d.u.i.k.n.KeyIO           Parsing took 0 ms 
409774     INFO  Test worker     d.u.i.k.n.KeyIO           MODE: declarations took 0 ms 
409774     INFO  Test worker     d.u.i.k.n.KeyIO           Parsing took 0 ms 
409774     INFO  Test worker     d.u.i.k.n.KeyIO           MODE: declarations took 0 ms 
413167     INFO  Test worker     d.u.i.k.n.KeyIO           Parsing took 0 ms 
413167     INFO  Test worker     d.u.i.k.n.KeyIO           MODE: declarations took 0 ms 
413167     INFO  Test worker     d.u.i.k.n.KeyIO           Parsing took 0 ms 
413167     INFO  Test worker     d.u.i.k.n.KeyIO           MODE: declarations took 0 ms 
413167     INFO  Test worker     d.u.i.k.n.KeyIO           Parsing took 0 ms 
413167     INFO  Test worker     d.u.i.k.n.KeyIO           MODE: declarations took 0 ms 
413167     INFO  Test worker     d.u.i.k.n.KeyIO           Parsing took 0 ms 
413167     INFO  Test worker     d.u.i.k.n.KeyIO           MODE: declarations took 0 ms 
413167     INFO  Test worker     d.u.i.k.n.KeyIO           Parsing took 0 ms 
413167     INFO  Test worker     d.u.i.k.n.KeyIO           MODE: declarations took 0 ms 
416451     INFO  Test worker     d.u.i.k.n.KeyIO           Parsing took 0 ms 
416451     INFO  Test worker     d.u.i.k.n.KeyIO           MODE: declarations took 0 ms 
416452     INFO  Test worker     d.u.i.k.n.KeyIO           Parsing took 0 ms 
416452     INFO  Test worker     d.u.i.k.n.KeyIO           MODE: declarations took 0 ms 
416452     INFO  Test worker     d.u.i.k.n.KeyIO           Parsing took 0 ms 
416452     INFO  Test worker     d.u.i.k.n.KeyIO           MODE: declarations took 0 ms 
416452     INFO  Test worker     d.u.i.k.n.KeyIO           Parsing took 0 ms 
416452     INFO  Test worker     d.u.i.k.n.KeyIO           MODE: declarations took 0 ms 
416452     INFO  Test worker     d.u.i.k.n.KeyIO           Parsing took 0 ms 
416452     INFO  Test worker     d.u.i.k.n.KeyIO           MODE: declarations took 0 ms 
419779     INFO  Test worker     d.u.i.k.n.KeyIO           Parsing took 0 ms 
419780     INFO  Test worker     d.u.i.k.n.KeyIO           MODE: declarations took 0 ms 
419780     INFO  Test worker     d.u.i.k.n.KeyIO           Parsing took 0 ms 
419780     INFO  Test worker     d.u.i.k.n.KeyIO           MODE: declarations took 0 ms 
419780     INFO  Test worker     d.u.i.k.n.KeyIO           Parsing took 0 ms 
419781     INFO  Test worker     d.u.i.k.n.KeyIO           MODE: declarations took 0 ms 
419781     INFO  Test worker     d.u.i.k.n.KeyIO           Parsing took 0 ms 
419781     INFO  Test worker     d.u.i.k.n.KeyIO           MODE: declarations took 0 ms 
419781     INFO  Test worker     d.u.i.k.n.KeyIO           Parsing took 0 ms 
419781     INFO  Test worker     d.u.i.k.n.KeyIO           MODE: declarations took 0 ms 
423030     INFO  Test worker     d.u.i.k.n.KeyIO           Parsing took 0 ms 
423030     INFO  Test worker     d.u.i.k.n.KeyIO           MODE: declarations took 0 ms 
423030     INFO  Test worker     d.u.i.k.n.KeyIO           Parsing took 0 ms 
423030     INFO  Test worker     d.u.i.k.n.KeyIO           MODE: declarations took 0 ms 
423030     INFO  Test worker     d.u.i.k.n.KeyIO           Parsing took 0 ms 
423030     INFO  Test worker     d.u.i.k.n.KeyIO           MODE: declarations took 0 ms 
423030     INFO  Test worker     d.u.i.k.n.KeyIO           Parsing took 0 ms 
423030     INFO  Test worker     d.u.i.k.n.KeyIO           MODE: declarations took 0 ms 
423030     INFO  Test worker     d.u.i.k.n.KeyIO           Parsing took 0 ms 
423030     INFO  Test worker     d.u.i.k.n.KeyIO           MODE: declarations took 0 ms 
426333     INFO  Test worker     d.u.i.k.n.KeyIO           Parsing took 0 ms 
426333     INFO  Test worker     d.u.i.k.n.KeyIO           MODE: declarations took 0 ms 
426333     INFO  Test worker     d.u.i.k.n.KeyIO           Parsing took 0 ms 
426333     INFO  Test worker     d.u.i.k.n.KeyIO           MODE: declarations took 0 ms 
426333     INFO  Test worker     d.u.i.k.n.KeyIO           Parsing took 0 ms 
426334     INFO  Test worker     d.u.i.k.n.KeyIO           MODE: declarations took 0 ms 
426334     INFO  Test worker     d.u.i.k.n.KeyIO           Parsing took 0 ms 
426334     INFO  Test worker     d.u.i.k.n.KeyIO           MODE: declarations took 0 ms 
426334     INFO  Test worker     d.u.i.k.n.KeyIO           Parsing took 0 ms 
426334     INFO  Test worker     d.u.i.k.n.KeyIO           MODE: declarations took 0 ms 
429624     INFO  Test worker     d.u.i.k.n.KeyIO           Parsing took 1 ms 
429624     INFO  Test worker     d.u.i.k.n.KeyIO           MODE: declarations took 0 ms 
429624     INFO  Test worker     d.u.i.k.n.KeyIO           Parsing took 0 ms 
429624     INFO  Test worker     d.u.i.k.n.KeyIO           MODE: declarations took 0 ms 
429624     INFO  Test worker     d.u.i.k.n.KeyIO           Parsing took 0 ms 
429624     INFO  Test worker     d.u.i.k.n.KeyIO           MODE: declarations took 0 ms 
429624     INFO  Test worker     d.u.i.k.n.KeyIO           Parsing took 0 ms 
429624     INFO  Test worker     d.u.i.k.n.KeyIO           MODE: declarations took 0 ms 
429624     INFO  Test worker     d.u.i.k.n.KeyIO           Parsing took 0 ms 
429624     INFO  Test worker     d.u.i.k.n.KeyIO           MODE: declarations took 0 ms 
432966     INFO  Test worker     d.u.i.k.n.KeyIO           Parsing took 0 ms 
432967     INFO  Test worker     d.u.i.k.n.KeyIO           MODE: declarations took 0 ms 
432967     INFO  Test worker     d.u.i.k.n.KeyIO           Parsing took 0 ms 
432967     INFO  Test worker     d.u.i.k.n.KeyIO           MODE: declarations took 0 ms 
432967     INFO  Test worker     d.u.i.k.n.KeyIO           Parsing took 0 ms 
432967     INFO  Test worker     d.u.i.k.n.KeyIO           MODE: declarations took 0 ms 
432967     INFO  Test worker     d.u.i.k.n.KeyIO           Parsing took 0 ms 
432967     INFO  Test worker     d.u.i.k.n.KeyIO           MODE: declarations took 0 ms 
432967     INFO  Test worker     d.u.i.k.n.KeyIO           Parsing took 0 ms 
432967     INFO  Test worker     d.u.i.k.n.KeyIO           MODE: declarations took 0 ms 
436206     INFO  Test worker     d.u.i.k.n.KeyIO           Parsing took 1 ms 
436206     INFO  Test worker     d.u.i.k.n.KeyIO           MODE: declarations took 0 ms 
436206     INFO  Test worker     d.u.i.k.n.KeyIO           Parsing took 0 ms 
436206     INFO  Test worker     d.u.i.k.n.KeyIO           MODE: declarations took 0 ms 
436206     INFO  Test worker     d.u.i.k.n.KeyIO           Parsing took 0 ms 
436206     INFO  Test worker     d.u.i.k.n.KeyIO           MODE: declarations took 0 ms 
436206     INFO  Test worker     d.u.i.k.n.KeyIO           Parsing took 0 ms 
436206     INFO  Test worker     d.u.i.k.n.KeyIO           MODE: declarations took 0 ms 
436206     INFO  Test worker     d.u.i.k.n.KeyIO           Parsing took 0 ms 
436206     INFO  Test worker     d.u.i.k.n.KeyIO           MODE: declarations took 0 ms 
439480     INFO  Test worker     d.u.i.k.n.KeyIO           Parsing took 0 ms 
439480     INFO  Test worker     d.u.i.k.n.KeyIO           MODE: declarations took 0 ms 
439480     INFO  Test worker     d.u.i.k.n.KeyIO           Parsing took 0 ms 
439480     INFO  Test worker     d.u.i.k.n.KeyIO           MODE: declarations took 0 ms 
439480     INFO  Test worker     d.u.i.k.n.KeyIO           Parsing took 0 ms 
439480     INFO  Test worker     d.u.i.k.n.KeyIO           MODE: declarations took 0 ms 
439480     INFO  Test worker     d.u.i.k.n.KeyIO           Parsing took 0 ms 
439480     INFO  Test worker     d.u.i.k.n.KeyIO           MODE: declarations took 0 ms 
439480     INFO  Test worker     d.u.i.k.n.KeyIO           Parsing took 0 ms 
439480     INFO  Test worker     d.u.i.k.n.KeyIO           MODE: declarations took 0 ms 
442741     INFO  Test worker     d.u.i.k.n.KeyIO           Parsing took 0 ms 
442741     INFO  Test worker     d.u.i.k.n.KeyIO           MODE: declarations took 0 ms 
442741     INFO  Test worker     d.u.i.k.n.KeyIO           Parsing took 0 ms 
442741     INFO  Test worker     d.u.i.k.n.KeyIO           MODE: declarations took 0 ms 
442741     INFO  Test worker     d.u.i.k.n.KeyIO           Parsing took 0 ms 
442741     INFO  Test worker     d.u.i.k.n.KeyIO           MODE: declarations took 0 ms 
442741     INFO  Test worker     d.u.i.k.n.KeyIO           Parsing took 0 ms 
442741     INFO  Test worker     d.u.i.k.n.KeyIO           MODE: declarations took 0 ms 
442741     INFO  Test worker     d.u.i.k.n.KeyIO           Parsing took 0 ms 
442741     INFO  Test worker     d.u.i.k.n.KeyIO           MODE: declarations took 0 ms 
446004     INFO  Test worker     d.u.i.k.n.KeyIO           Parsing took 0 ms 
446004     INFO  Test worker     d.u.i.k.n.KeyIO           MODE: declarations took 0 ms 
446004     INFO  Test worker     d.u.i.k.n.KeyIO           Parsing took 0 ms 
446004     INFO  Test worker     d.u.i.k.n.KeyIO           MODE: declarations took 0 ms 
446004     INFO  Test worker     d.u.i.k.n.KeyIO           Parsing took 0 ms 
446004     INFO  Test worker     d.u.i.k.n.KeyIO           MODE: declarations took 0 ms 
446004     INFO  Test worker     d.u.i.k.n.KeyIO           Parsing took 0 ms 
446004     INFO  Test worker     d.u.i.k.n.KeyIO           MODE: declarations took 0 ms 
446004     INFO  Test worker     d.u.i.k.n.KeyIO           Parsing took 0 ms 
446004     INFO  Test worker     d.u.i.k.n.KeyIO           MODE: declarations took 0 ms 
449336     INFO  Test worker     d.u.i.k.n.KeyIO           Parsing took 0 ms 
449337     INFO  Test worker     d.u.i.k.n.KeyIO           MODE: declarations took 1 ms 
449337     INFO  Test worker     d.u.i.k.n.KeyIO           Parsing took 0 ms 
449337     INFO  Test worker     d.u.i.k.n.KeyIO           MODE: declarations took 0 ms 
449337     INFO  Test worker     d.u.i.k.n.KeyIO           Parsing took 0 ms 
449337     INFO  Test worker     d.u.i.k.n.KeyIO           MODE: declarations took 0 ms 
449337     INFO  Test worker     d.u.i.k.n.KeyIO           Parsing took 0 ms 
449337     INFO  Test worker     d.u.i.k.n.KeyIO           MODE: declarations took 0 ms 
449337     INFO  Test worker     d.u.i.k.n.KeyIO           Parsing took 0 ms 
449337     INFO  Test worker     d.u.i.k.n.KeyIO           MODE: declarations took 0 ms 
452593     INFO  Test worker     d.u.i.k.n.KeyIO           Parsing took 0 ms 
452593     INFO  Test worker     d.u.i.k.n.KeyIO           MODE: declarations took 0 ms 
452594     INFO  Test worker     d.u.i.k.n.KeyIO           Parsing took 0 ms 
452594     INFO  Test worker     d.u.i.k.n.KeyIO           MODE: declarations took 0 ms 
452594     INFO  Test worker     d.u.i.k.n.KeyIO           Parsing took 0 ms 
452594     INFO  Test worker     d.u.i.k.n.KeyIO           MODE: declarations took 0 ms 
452594     INFO  Test worker     d.u.i.k.n.KeyIO           Parsing took 0 ms 
452594     INFO  Test worker     d.u.i.k.n.KeyIO           MODE: declarations took 0 ms 
452594     INFO  Test worker     d.u.i.k.n.KeyIO           Parsing took 0 ms 
452594     INFO  Test worker     d.u.i.k.n.KeyIO           MODE: declarations took 0 ms 
455891     INFO  Test worker     d.u.i.k.n.KeyIO           Parsing took 0 ms 
455891     INFO  Test worker     d.u.i.k.n.KeyIO           MODE: declarations took 0 ms 
455891     INFO  Test worker     d.u.i.k.n.KeyIO           Parsing took 0 ms 
455891     INFO  Test worker     d.u.i.k.n.KeyIO           MODE: declarations took 0 ms 
455891     INFO  Test worker     d.u.i.k.n.KeyIO           Parsing took 0 ms 
455891     INFO  Test worker     d.u.i.k.n.KeyIO           MODE: declarations took 0 ms 
455891     INFO  Test worker     d.u.i.k.n.KeyIO           Parsing took 0 ms 
455891     INFO  Test worker     d.u.i.k.n.KeyIO           MODE: declarations took 0 ms 
455891     INFO  Test worker     d.u.i.k.n.KeyIO           Parsing took 0 ms 
455892     INFO  Test worker     d.u.i.k.n.KeyIO           MODE: declarations took 0 ms 
459175     INFO  Test worker     d.u.i.k.n.KeyIO           Parsing took 0 ms 
459175     INFO  Test worker     d.u.i.k.n.KeyIO           MODE: declarations took 0 ms 
459175     INFO  Test worker     d.u.i.k.n.KeyIO           Parsing took 0 ms 
459175     INFO  Test worker     d.u.i.k.n.KeyIO           MODE: declarations took 0 ms 
459175     INFO  Test worker     d.u.i.k.n.KeyIO           Parsing took 0 ms 
459175     INFO  Test worker     d.u.i.k.n.KeyIO           MODE: declarations took 0 ms 
459175     INFO  Test worker     d.u.i.k.n.KeyIO           Parsing took 0 ms 
459175     INFO  Test worker     d.u.i.k.n.KeyIO           MODE: declarations took 0 ms 
459175     INFO  Test worker     d.u.i.k.n.KeyIO           Parsing took 0 ms 
459176     INFO  Test worker     d.u.i.k.n.KeyIO           MODE: declarations took 1 ms 
462483     INFO  Test worker     d.u.i.k.n.KeyIO           Parsing took 0 ms 
462483     INFO  Test worker     d.u.i.k.n.KeyIO           MODE: declarations took 0 ms 
462483     INFO  Test worker     d.u.i.k.n.KeyIO           Parsing took 0 ms 
462483     INFO  Test worker     d.u.i.k.n.KeyIO           MODE: declarations took 0 ms 
462483     INFO  Test worker     d.u.i.k.n.KeyIO           Parsing took 0 ms 
462483     INFO  Test worker     d.u.i.k.n.KeyIO           MODE: declarations took 0 ms 
462483     INFO  Test worker     d.u.i.k.n.KeyIO           Parsing took 0 ms 
462483     INFO  Test worker     d.u.i.k.n.KeyIO           MODE: declarations took 0 ms 
462483     INFO  Test worker     d.u.i.k.n.KeyIO           Parsing took 0 ms 
462483     INFO  Test worker     d.u.i.k.n.KeyIO           MODE: declarations took 0 ms 
465762     INFO  Test worker     d.u.i.k.n.KeyIO           Parsing took 0 ms 
465762     INFO  Test worker     d.u.i.k.n.KeyIO           MODE: declarations took 0 ms 
465763     INFO  Test worker     d.u.i.k.n.KeyIO           Parsing took 1 ms 
465763     INFO  Test worker     d.u.i.k.n.KeyIO           MODE: declarations took 0 ms 
465763     INFO  Test worker     d.u.i.k.n.KeyIO           Parsing took 0 ms 
465763     INFO  Test worker     d.u.i.k.n.KeyIO           MODE: declarations took 0 ms 
465763     INFO  Test worker     d.u.i.k.n.KeyIO           Parsing took 0 ms 
465763     INFO  Test worker     d.u.i.k.n.KeyIO           MODE: declarations took 0 ms 
465763     INFO  Test worker     d.u.i.k.n.KeyIO           Parsing took 0 ms 
465763     INFO  Test worker     d.u.i.k.n.KeyIO           MODE: declarations took 0 ms 
469069     INFO  Test worker     d.u.i.k.n.KeyIO           Parsing took 0 ms 
469070     INFO  Test worker     d.u.i.k.n.KeyIO           MODE: declarations took 0 ms 
469070     INFO  Test worker     d.u.i.k.n.KeyIO           Parsing took 0 ms 
469070     INFO  Test worker     d.u.i.k.n.KeyIO           MODE: declarations took 0 ms 
469072     INFO  Test worker     d.u.i.k.n.KeyIO           Parsing took 0 ms 
469072     INFO  Test worker     d.u.i.k.n.KeyIO           MODE: declarations took 0 ms 
469072     INFO  Test worker     d.u.i.k.n.KeyIO           Parsing took 0 ms 
469073     INFO  Test worker     d.u.i.k.n.KeyIO           MODE: declarations took 0 ms 
469073     INFO  Test worker     d.u.i.k.n.KeyIO           Parsing took 0 ms 
469073     INFO  Test worker     d.u.i.k.n.KeyIO           MODE: declarations took 0 ms 
472379     INFO  Test worker     d.u.i.k.n.KeyIO           Parsing took 0 ms 
472380     INFO  Test worker     d.u.i.k.n.KeyIO           MODE: declarations took 1 ms 
472380     INFO  Test worker     d.u.i.k.n.KeyIO           Parsing took 0 ms 
472380     INFO  Test worker     d.u.i.k.n.KeyIO           MODE: declarations took 0 ms 
472380     INFO  Test worker     d.u.i.k.n.KeyIO           Parsing took 0 ms 
472380     INFO  Test worker     d.u.i.k.n.KeyIO           MODE: declarations took 0 ms 
472380     INFO  Test worker     d.u.i.k.n.KeyIO           Parsing took 0 ms 
472380     INFO  Test worker     d.u.i.k.n.KeyIO           MODE: declarations took 0 ms 
472380     INFO  Test worker     d.u.i.k.n.KeyIO           Parsing took 0 ms 
472380     INFO  Test worker     d.u.i.k.n.KeyIO           MODE: declarations took 0 ms 
]]></system-out>
  <system-err><![CDATA[]]></system-err>
</testsuite>
