<?xml version="1.0" encoding="UTF-8"?>
<testsuite name="de.uka.ilkd.key.logic.LabeledTermImplTest" tests="2" skipped="0" failures="0" errors="0" timestamp="2023-03-11T21:58:12" hostname="fv-az502-812" time="0.015">
  <properties/>
  <testcase name="testGetHasAndContainsLabels()" classname="de.uka.ilkd.key.logic.LabeledTermImplTest" time="0.012"/>
  <testcase name="testEqualsLabelOnTop()" classname="de.uka.ilkd.key.logic.LabeledTermImplTest" time="0.001"/>
  <system-out><![CDATA[]]></system-out>
  <system-err><![CDATA[]]></system-err>
</testsuite>
