<?xml version="1.0" encoding="UTF-8"?>
<testsuite name="org.key_project.util.collection.TestDirectedGraph" tests="2" skipped="0" failures="0" errors="0" timestamp="2023-03-31T20:20:09" hostname="fv-az401-679" time="0.05">
  <properties/>
  <testcase name="insertAndRemove()" classname="org.key_project.util.collection.TestDirectedGraph" time="0.046"/>
  <testcase name="insertAndRemoveEdges()" classname="org.key_project.util.collection.TestDirectedGraph" time="0.002"/>
  <system-out><![CDATA[]]></system-out>
  <system-err><![CDATA[]]></system-err>
</testsuite>
