<?xml version="1.0" encoding="UTF-8"?>
<testsuite name="de.uka.ilkd.key.proof.TestOneStepSimplifier" tests="1" skipped="0" failures="0" errors="0" timestamp="2023-06-08T14:58:42" hostname="fv-az456-655" time="6.326">
  <properties/>
  <testcase name="loadWithRestriction()" classname="de.uka.ilkd.key.proof.TestOneStepSimplifier" time="6.326"/>
  <system-out><![CDATA[723596     INFO  Test worker     d.u.i.k.p.i.AbstractProblemLoader Loading environment from src\test\resources\testcase\ossRestriction.proof 
723596     DEBUG Test worker     d.u.i.k.p.i.AbstractProblemLoader Environment load took 161.4ns 
723612     INFO  Test worker     d.u.i.k.p.i.AbstractProblemLoader Creating init config 
723784     DEBUG Test worker     d.u.i.k.j.TypeConverter   No LDT found for Meta 
723784     DEBUG Test worker     d.u.i.k.j.TypeConverter   No LDT found for Meta 
723784     DEBUG Test worker     d.u.i.k.j.TypeConverter   No LDT found for Meta 
723784     DEBUG Test worker     d.u.i.k.j.TypeConverter   No LDT found for Meta 
724650     DEBUG Test worker     d.u.i.k.j.TypeConverter   No LDT found for JavaBigintExpression 
729901     DEBUG Test worker     d.u.i.k.p.i.AbstractProblemLoader Init config took 6.29s 
729916     INFO  Test worker     d.u.i.k.p.i.AbstractProblemLoader Replaying proof ossRestriction.proof 
729932     DEBUG Test worker     d.u.i.k.p.i.IntermediateProofReplayer Proof replay took 1.29ms 
]]></system-out>
  <system-err><![CDATA[]]></system-err>
</testsuite>
