<?xml version="1.0" encoding="UTF-8"?>
<testsuite name="de.uka.ilkd.key.rule.merge.PredicateAbstractionLatticeTests" tests="3" skipped="0" failures="0" errors="0" timestamp="2023-06-08T15:01:23" hostname="fv-az456-655" time="10.176">
  <properties/>
  <testcase name="testToAndFromString()" classname="de.uka.ilkd.key.rule.merge.PredicateAbstractionLatticeTests" time="5.09"/>
  <testcase name="testCreateSignLatticeWithPredicates()" classname="de.uka.ilkd.key.rule.merge.PredicateAbstractionLatticeTests" time="5.086"/>
  <testcase name="testTrivialPredicatesLattice()" classname="de.uka.ilkd.key.rule.merge.PredicateAbstractionLatticeTests" time="0.0"/>
  <system-out><![CDATA[885084     INFO  Test worker     d.u.i.k.p.i.AbstractProblemLoader Loading environment from src\test\resources\testcase\merge\dummy.key 
885084     DEBUG Test worker     d.u.i.k.p.i.AbstractProblemLoader Environment load took 137ns 
885084     INFO  Test worker     d.u.i.k.p.i.AbstractProblemLoader Creating init config 
890129     DEBUG Test worker     d.u.i.k.p.i.AbstractProblemLoader Init config took 5.05s 
890160     INFO  Test worker     d.u.i.k.p.i.AbstractProblemLoader Replaying proof dummy.key 
890160     DEBUG Test worker     d.u.i.k.p.i.IntermediateProofReplayer Proof replay took 11.3ns 
890160     INFO  Test worker     d.u.i.k.p.i.AbstractProblemLoader Loading environment from src\test\resources\testcase\merge\dummy.key 
890160     DEBUG Test worker     d.u.i.k.p.i.AbstractProblemLoader Environment load took 234.1ns 
890160     INFO  Test worker     d.u.i.k.p.i.AbstractProblemLoader Creating init config 
895230     DEBUG Test worker     d.u.i.k.p.i.AbstractProblemLoader Init config took 5.07s 
895246     INFO  Test worker     d.u.i.k.p.i.AbstractProblemLoader Replaying proof dummy.key 
895246     DEBUG Test worker     d.u.i.k.p.i.IntermediateProofReplayer Proof replay took 10.6ns 
]]></system-out>
  <system-err><![CDATA[]]></system-err>
</testsuite>
