<?xml version="1.0" encoding="UTF-8"?>
<testsuite name="de.uka.ilkd.key.logic.TestClashFreeSubst" tests="14" skipped="2" failures="0" errors="0" timestamp="2023-06-08T14:47:42" hostname="fv-az456-655" time="84.922">
  <properties/>
  <testcase name="testMultiShareBound()" classname="de.uka.ilkd.key.logic.TestClashFreeSubst" time="1.645"/>
  <testcase name="testClash()" classname="de.uka.ilkd.key.logic.TestClashFreeSubst" time="1.574"/>
  <testcase name="testShare()" classname="de.uka.ilkd.key.logic.TestClashFreeSubst" time="1.558"/>
  <testcase name="testSubst()" classname="de.uka.ilkd.key.logic.TestClashFreeSubst" time="1.58"/>
  <testcase name="testWary0()" classname="de.uka.ilkd.key.logic.TestClashFreeSubst" time="1.589"/>
  <testcase name="testWary1()" classname="de.uka.ilkd.key.logic.TestClashFreeSubst" time="1.529"/>
  <testcase name="testWary2()" classname="de.uka.ilkd.key.logic.TestClashFreeSubst" time="1.547"/>
  <testcase name="testClashInSubstTerm()" classname="de.uka.ilkd.key.logic.TestClashFreeSubst" time="1.559"/>
  <testcase name="testShareWary()" classname="de.uka.ilkd.key.logic.TestClashFreeSubst" time="1.563"/>
  <testcase name="testMultiSubst()" classname="de.uka.ilkd.key.logic.TestClashFreeSubst" time="1.582"/>
  <testcase name="xtestMultiClash()" classname="de.uka.ilkd.key.logic.TestClashFreeSubst" time="0.0">
    <skipped/>
  </testcase>
  <testcase name="testSubstInSubstTerm()" classname="de.uka.ilkd.key.logic.TestClashFreeSubst" time="1.696"/>
  <testcase name="testSubstWary()" classname="de.uka.ilkd.key.logic.TestClashFreeSubst" time="1.579"/>
  <testcase name="xtestMultiClash1()" classname="de.uka.ilkd.key.logic.TestClashFreeSubst" time="0.0">
    <skipped/>
  </testcase>
  <system-out><![CDATA[63872      INFO  Test worker     d.u.i.k.n.KeyIO           Parsing took 0 ms 
63872      DEBUG Test worker     d.u.i.k.n.KeyIO           Load declarations of de.uka.ilkd.key.nparser.KeyAst$File:  <unknown>:1#1 
63872      INFO  Test worker     d.u.i.k.n.KeyIO           MODE: declarations took 0 ms 
63872      DEBUG Test worker     d.u.i.k.n.KeyIO           MODE: 2nd degree decls took 0 
65501      INFO  Test worker     d.u.i.k.n.KeyIO           Parsing took 0 ms 
65501      DEBUG Test worker     d.u.i.k.n.KeyIO           Load declarations of de.uka.ilkd.key.nparser.KeyAst$File:  <unknown>:1#1 
65501      INFO  Test worker     d.u.i.k.n.KeyIO           MODE: declarations took 0 ms 
65501      DEBUG Test worker     d.u.i.k.n.KeyIO           MODE: 2nd degree decls took 0 
70664      INFO  Test worker     d.u.i.k.n.KeyIO           Parsing took 0 ms 
70664      DEBUG Test worker     d.u.i.k.n.KeyIO           Load declarations of de.uka.ilkd.key.nparser.KeyAst$File:  <unknown>:1#1 
70664      INFO  Test worker     d.u.i.k.n.KeyIO           MODE: declarations took 0 ms 
70664      DEBUG Test worker     d.u.i.k.n.KeyIO           MODE: 2nd degree decls took 0 
72229      INFO  Test worker     d.u.i.k.n.KeyIO           Parsing took 0 ms 
72229      DEBUG Test worker     d.u.i.k.n.KeyIO           Load declarations of de.uka.ilkd.key.nparser.KeyAst$File:  <unknown>:1#1 
72229      INFO  Test worker     d.u.i.k.n.KeyIO           MODE: declarations took 0 ms 
72229      DEBUG Test worker     d.u.i.k.n.KeyIO           MODE: 2nd degree decls took 0 
77302      INFO  Test worker     d.u.i.k.n.KeyIO           Parsing took 0 ms 
77302      DEBUG Test worker     d.u.i.k.n.KeyIO           Load declarations of de.uka.ilkd.key.nparser.KeyAst$File:  <unknown>:1#1 
77302      INFO  Test worker     d.u.i.k.n.KeyIO           MODE: declarations took 0 ms 
77302      DEBUG Test worker     d.u.i.k.n.KeyIO           MODE: 2nd degree decls took 0 
78852      INFO  Test worker     d.u.i.k.n.KeyIO           Parsing took 0 ms 
78852      DEBUG Test worker     d.u.i.k.n.KeyIO           Load declarations of de.uka.ilkd.key.nparser.KeyAst$File:  <unknown>:1#1 
78852      INFO  Test worker     d.u.i.k.n.KeyIO           MODE: declarations took 0 ms 
78852      DEBUG Test worker     d.u.i.k.n.KeyIO           MODE: 2nd degree decls took 0 
83943      INFO  Test worker     d.u.i.k.n.KeyIO           Parsing took 0 ms 
83943      DEBUG Test worker     d.u.i.k.n.KeyIO           Load declarations of de.uka.ilkd.key.nparser.KeyAst$File:  <unknown>:1#1 
83943      INFO  Test worker     d.u.i.k.n.KeyIO           MODE: declarations took 0 ms 
83943      DEBUG Test worker     d.u.i.k.n.KeyIO           MODE: 2nd degree decls took 0 
85512      INFO  Test worker     d.u.i.k.n.KeyIO           Parsing took 0 ms 
85512      DEBUG Test worker     d.u.i.k.n.KeyIO           Load declarations of de.uka.ilkd.key.nparser.KeyAst$File:  <unknown>:1#1 
85512      INFO  Test worker     d.u.i.k.n.KeyIO           MODE: declarations took 0 ms 
85512      DEBUG Test worker     d.u.i.k.n.KeyIO           MODE: 2nd degree decls took 0 
90660      INFO  Test worker     d.u.i.k.n.KeyIO           Parsing took 0 ms 
90660      DEBUG Test worker     d.u.i.k.n.KeyIO           Load declarations of de.uka.ilkd.key.nparser.KeyAst$File:  <unknown>:1#1 
90660      INFO  Test worker     d.u.i.k.n.KeyIO           MODE: declarations took 0 ms 
90660      DEBUG Test worker     d.u.i.k.n.KeyIO           MODE: 2nd degree decls took 0 
92249      INFO  Test worker     d.u.i.k.n.KeyIO           Parsing took 1 ms 
92249      DEBUG Test worker     d.u.i.k.n.KeyIO           Load declarations of de.uka.ilkd.key.nparser.KeyAst$File:  <unknown>:1#1 
92249      INFO  Test worker     d.u.i.k.n.KeyIO           MODE: declarations took 0 ms 
92250      DEBUG Test worker     d.u.i.k.n.KeyIO           MODE: 2nd degree decls took 1 
97335      INFO  Test worker     d.u.i.k.n.KeyIO           Parsing took 0 ms 
97335      DEBUG Test worker     d.u.i.k.n.KeyIO           Load declarations of de.uka.ilkd.key.nparser.KeyAst$File:  <unknown>:1#1 
97335      INFO  Test worker     d.u.i.k.n.KeyIO           MODE: declarations took 0 ms 
97335      DEBUG Test worker     d.u.i.k.n.KeyIO           MODE: 2nd degree decls took 0 
98861      INFO  Test worker     d.u.i.k.n.KeyIO           Parsing took 0 ms 
98861      DEBUG Test worker     d.u.i.k.n.KeyIO           Load declarations of de.uka.ilkd.key.nparser.KeyAst$File:  <unknown>:1#1 
98861      INFO  Test worker     d.u.i.k.n.KeyIO           MODE: declarations took 0 ms 
98861      DEBUG Test worker     d.u.i.k.n.KeyIO           MODE: 2nd degree decls took 0 
103835     INFO  Test worker     d.u.i.k.n.KeyIO           Parsing took 0 ms 
103835     DEBUG Test worker     d.u.i.k.n.KeyIO           Load declarations of de.uka.ilkd.key.nparser.KeyAst$File:  <unknown>:1#1 
103835     INFO  Test worker     d.u.i.k.n.KeyIO           MODE: declarations took 0 ms 
103835     DEBUG Test worker     d.u.i.k.n.KeyIO           MODE: 2nd degree decls took 0 
105377     INFO  Test worker     d.u.i.k.n.KeyIO           Parsing took 0 ms 
105377     DEBUG Test worker     d.u.i.k.n.KeyIO           Load declarations of de.uka.ilkd.key.nparser.KeyAst$File:  <unknown>:1#1 
105377     INFO  Test worker     d.u.i.k.n.KeyIO           MODE: declarations took 0 ms 
105377     DEBUG Test worker     d.u.i.k.n.KeyIO           MODE: 2nd degree decls took 0 
110493     INFO  Test worker     d.u.i.k.n.KeyIO           Parsing took 0 ms 
110493     DEBUG Test worker     d.u.i.k.n.KeyIO           Load declarations of de.uka.ilkd.key.nparser.KeyAst$File:  <unknown>:1#1 
110493     INFO  Test worker     d.u.i.k.n.KeyIO           MODE: declarations took 0 ms 
110493     DEBUG Test worker     d.u.i.k.n.KeyIO           MODE: 2nd degree decls took 0 
112046     INFO  Test worker     d.u.i.k.n.KeyIO           Parsing took 0 ms 
112046     DEBUG Test worker     d.u.i.k.n.KeyIO           Load declarations of de.uka.ilkd.key.nparser.KeyAst$File:  <unknown>:1#1 
112046     INFO  Test worker     d.u.i.k.n.KeyIO           MODE: declarations took 0 ms 
112046     DEBUG Test worker     d.u.i.k.n.KeyIO           MODE: 2nd degree decls took 0 
117128     INFO  Test worker     d.u.i.k.n.KeyIO           Parsing took 0 ms 
117128     DEBUG Test worker     d.u.i.k.n.KeyIO           Load declarations of de.uka.ilkd.key.nparser.KeyAst$File:  <unknown>:1#1 
117128     INFO  Test worker     d.u.i.k.n.KeyIO           MODE: declarations took 0 ms 
117128     DEBUG Test worker     d.u.i.k.n.KeyIO           MODE: 2nd degree decls took 0 
118690     INFO  Test worker     d.u.i.k.n.KeyIO           Parsing took 15 ms 
118690     DEBUG Test worker     d.u.i.k.n.KeyIO           Load declarations of de.uka.ilkd.key.nparser.KeyAst$File:  <unknown>:1#1 
118690     INFO  Test worker     d.u.i.k.n.KeyIO           MODE: declarations took 0 ms 
118690     DEBUG Test worker     d.u.i.k.n.KeyIO           MODE: 2nd degree decls took 0 
123705     INFO  Test worker     d.u.i.k.n.KeyIO           Parsing took 0 ms 
123705     DEBUG Test worker     d.u.i.k.n.KeyIO           Load declarations of de.uka.ilkd.key.nparser.KeyAst$File:  <unknown>:1#1 
123705     INFO  Test worker     d.u.i.k.n.KeyIO           MODE: declarations took 0 ms 
123705     DEBUG Test worker     d.u.i.k.n.KeyIO           MODE: 2nd degree decls took 0 
125268     INFO  Test worker     d.u.i.k.n.KeyIO           Parsing took 0 ms 
125268     DEBUG Test worker     d.u.i.k.n.KeyIO           Load declarations of de.uka.ilkd.key.nparser.KeyAst$File:  <unknown>:1#1 
125268     INFO  Test worker     d.u.i.k.n.KeyIO           MODE: declarations took 0 ms 
125268     DEBUG Test worker     d.u.i.k.n.KeyIO           MODE: 2nd degree decls took 0 
135397     INFO  Test worker     d.u.i.k.n.KeyIO           Parsing took 0 ms 
135397     DEBUG Test worker     d.u.i.k.n.KeyIO           Load declarations of de.uka.ilkd.key.nparser.KeyAst$File:  <unknown>:1#1 
135413     INFO  Test worker     d.u.i.k.n.KeyIO           MODE: declarations took 16 ms 
135413     DEBUG Test worker     d.u.i.k.n.KeyIO           MODE: 2nd degree decls took 0 
137092     INFO  Test worker     d.u.i.k.n.KeyIO           Parsing took 0 ms 
137092     DEBUG Test worker     d.u.i.k.n.KeyIO           Load declarations of de.uka.ilkd.key.nparser.KeyAst$File:  <unknown>:1#1 
137092     INFO  Test worker     d.u.i.k.n.KeyIO           MODE: declarations took 0 ms 
137092     DEBUG Test worker     d.u.i.k.n.KeyIO           MODE: 2nd degree decls took 0 
142150     INFO  Test worker     d.u.i.k.n.KeyIO           Parsing took 0 ms 
142150     DEBUG Test worker     d.u.i.k.n.KeyIO           Load declarations of de.uka.ilkd.key.nparser.KeyAst$File:  <unknown>:1#1 
142150     INFO  Test worker     d.u.i.k.n.KeyIO           MODE: declarations took 0 ms 
142150     DEBUG Test worker     d.u.i.k.n.KeyIO           MODE: 2nd degree decls took 0 
143721     INFO  Test worker     d.u.i.k.n.KeyIO           Parsing took 0 ms 
143721     DEBUG Test worker     d.u.i.k.n.KeyIO           Load declarations of de.uka.ilkd.key.nparser.KeyAst$File:  <unknown>:1#1 
143721     INFO  Test worker     d.u.i.k.n.KeyIO           MODE: declarations took 0 ms 
143721     DEBUG Test worker     d.u.i.k.n.KeyIO           MODE: 2nd degree decls took 0 
]]></system-out>
  <system-err><![CDATA[]]></system-err>
</testsuite>
