<?xml version="1.0" encoding="UTF-8"?>
<testsuite name="de.uka.ilkd.key.parser.TestDeclParser" tests="14" skipped="2" failures="0" errors="0" timestamp="2023-06-08T14:52:37" hostname="fv-az456-655" time="18.932">
  <properties/>
  <testcase name="testGenericSortDecl1()" classname="de.uka.ilkd.key.parser.TestDeclParser" time="1.615"/>
  <testcase name="testGenericSortDecl2()" classname="de.uka.ilkd.key.parser.TestDeclParser" time="1.595"/>
  <testcase name="testGenericSortDecl3()" classname="de.uka.ilkd.key.parser.TestDeclParser" time="1.587"/>
  <testcase name="testGenericSortDecl4()" classname="de.uka.ilkd.key.parser.TestDeclParser" time="1.652"/>
  <testcase name="testGenericSortDecl5()" classname="de.uka.ilkd.key.parser.TestDeclParser" time="0.0">
    <skipped/>
  </testcase>
  <testcase name="testGenericSortDecl6()" classname="de.uka.ilkd.key.parser.TestDeclParser" time="1.563"/>
  <testcase name="testSortDecl()" classname="de.uka.ilkd.key.parser.TestDeclParser" time="1.54"/>
  <testcase name="testProxySortDecl()" classname="de.uka.ilkd.key.parser.TestDeclParser" time="1.58"/>
  <testcase name="testArrayDecl()" classname="de.uka.ilkd.key.parser.TestDeclParser" time="1.592"/>
  <testcase name="testAmbiguousDecls()" classname="de.uka.ilkd.key.parser.TestDeclParser" time="0.0">
    <skipped/>
  </testcase>
  <testcase name="testHeurDecl()" classname="de.uka.ilkd.key.parser.TestDeclParser" time="1.557"/>
  <testcase name="testFunctionDecl()" classname="de.uka.ilkd.key.parser.TestDeclParser" time="1.55"/>
  <testcase name="testPredicateDecl()" classname="de.uka.ilkd.key.parser.TestDeclParser" time="1.561"/>
  <testcase name="testSVDecl()" classname="de.uka.ilkd.key.parser.TestDeclParser" time="1.537"/>
  <system-out><![CDATA[359950     INFO  Test worker     d.u.i.k.n.KeyIO           Parsing took 0 ms 
359950     DEBUG Test worker     d.u.i.k.n.KeyIO           Load declarations of de.uka.ilkd.key.nparser.KeyAst$File:  <unknown>:1#1 
359950     INFO  Test worker     d.u.i.k.n.KeyIO           MODE: declarations took 0 ms 
359950     DEBUG Test worker     d.u.i.k.n.KeyIO           MODE: 2nd degree decls took 0 
359950     DEBUG Test worker     d.u.i.k.n.KeyIO           MODE: taclets took 0ms 
361554     INFO  Test worker     d.u.i.k.n.KeyIO           Parsing took 0 ms 
361554     DEBUG Test worker     d.u.i.k.n.KeyIO           Load declarations of de.uka.ilkd.key.nparser.KeyAst$File:  <unknown>:1#1 
361554     INFO  Test worker     d.u.i.k.n.KeyIO           MODE: declarations took 0 ms 
361554     DEBUG Test worker     d.u.i.k.n.KeyIO           MODE: 2nd degree decls took 0 
361554     DEBUG Test worker     d.u.i.k.n.KeyIO           MODE: taclets took 0ms 
363152     INFO  Test worker     d.u.i.k.n.KeyIO           Parsing took 0 ms 
363152     DEBUG Test worker     d.u.i.k.n.KeyIO           Load declarations of de.uka.ilkd.key.nparser.KeyAst$File:  <unknown>:1#1 
363152     INFO  Test worker     d.u.i.k.n.KeyIO           MODE: declarations took 0 ms 
363152     DEBUG Test worker     d.u.i.k.n.KeyIO           MODE: 2nd degree decls took 0 
363152     DEBUG Test worker     d.u.i.k.n.KeyIO           MODE: taclets took 0ms 
364793     INFO  Test worker     d.u.i.k.n.KeyIO           Parsing took 0 ms 
364793     DEBUG Test worker     d.u.i.k.n.KeyIO           Load declarations of de.uka.ilkd.key.nparser.KeyAst$File:  <unknown>:1#1 
364793     INFO  Test worker     d.u.i.k.n.KeyIO           MODE: declarations took 0 ms 
364793     DEBUG Test worker     d.u.i.k.n.KeyIO           MODE: 2nd degree decls took 0 
364793     DEBUG Test worker     d.u.i.k.n.KeyIO           MODE: taclets took 0ms 
366371     INFO  Test worker     d.u.i.k.n.KeyIO           Parsing took 0 ms 
366371     DEBUG Test worker     d.u.i.k.n.KeyIO           Load declarations of de.uka.ilkd.key.nparser.KeyAst$File:  <unknown>:1#1 
366371     INFO  Test worker     d.u.i.k.n.KeyIO           MODE: declarations took 0 ms 
366371     DEBUG Test worker     d.u.i.k.n.KeyIO           MODE: 2nd degree decls took 0 
366371     DEBUG Test worker     d.u.i.k.n.KeyIO           MODE: taclets took 0ms 
367898     INFO  Test worker     d.u.i.k.n.KeyIO           Parsing took 0 ms 
367898     DEBUG Test worker     d.u.i.k.n.KeyIO           Load declarations of de.uka.ilkd.key.nparser.KeyAst$File:  <unknown>:1#1 
367898     INFO  Test worker     d.u.i.k.n.KeyIO           MODE: declarations took 0 ms 
367898     DEBUG Test worker     d.u.i.k.n.KeyIO           MODE: 2nd degree decls took 0 
367898     DEBUG Test worker     d.u.i.k.n.KeyIO           MODE: taclets took 0ms 
369488     INFO  Test worker     d.u.i.k.n.KeyIO           Parsing took 0 ms 
369488     DEBUG Test worker     d.u.i.k.n.KeyIO           Load declarations of de.uka.ilkd.key.nparser.KeyAst$File:  <unknown>:1#1 
369488     INFO  Test worker     d.u.i.k.n.KeyIO           MODE: declarations took 0 ms 
369488     DEBUG Test worker     d.u.i.k.n.KeyIO           MODE: 2nd degree decls took 0 
369488     DEBUG Test worker     d.u.i.k.n.KeyIO           MODE: taclets took 0ms 
371071     INFO  Test worker     d.u.i.k.n.KeyIO           Parsing took 0 ms 
371071     DEBUG Test worker     d.u.i.k.n.KeyIO           Load declarations of de.uka.ilkd.key.nparser.KeyAst$File:  <unknown>:1#1 
371071     INFO  Test worker     d.u.i.k.n.KeyIO           MODE: declarations took 0 ms 
371071     DEBUG Test worker     d.u.i.k.n.KeyIO           MODE: 2nd degree decls took 0 
371071     DEBUG Test worker     d.u.i.k.n.KeyIO           MODE: taclets took 0ms 
372627     INFO  Test worker     d.u.i.k.n.KeyIO           Parsing took 0 ms 
372627     DEBUG Test worker     d.u.i.k.n.KeyIO           Load declarations of de.uka.ilkd.key.nparser.KeyAst$File:  <unknown>:1#1 
372627     INFO  Test worker     d.u.i.k.n.KeyIO           MODE: declarations took 0 ms 
372627     DEBUG Test worker     d.u.i.k.n.KeyIO           MODE: 2nd degree decls took 0 
372627     DEBUG Test worker     d.u.i.k.n.KeyIO           MODE: taclets took 0ms 
374163     INFO  Test worker     d.u.i.k.n.KeyIO           Parsing took 0 ms 
374163     DEBUG Test worker     d.u.i.k.n.KeyIO           Load declarations of de.uka.ilkd.key.nparser.KeyAst$File:  <unknown>:1#1 
374163     INFO  Test worker     d.u.i.k.n.KeyIO           MODE: declarations took 0 ms 
374163     DEBUG Test worker     d.u.i.k.n.KeyIO           MODE: 2nd degree decls took 0 
374178     DEBUG Test worker     d.u.i.k.n.KeyIO           MODE: taclets took 0ms 
375728     INFO  Test worker     d.u.i.k.n.KeyIO           Parsing took 0 ms 
375728     DEBUG Test worker     d.u.i.k.n.KeyIO           Load declarations of de.uka.ilkd.key.nparser.KeyAst$File:  <unknown>:1#1 
375728     INFO  Test worker     d.u.i.k.n.KeyIO           MODE: declarations took 0 ms 
375728     DEBUG Test worker     d.u.i.k.n.KeyIO           MODE: 2nd degree decls took 0 
375728     DEBUG Test worker     d.u.i.k.n.KeyIO           MODE: taclets took 0ms 
377276     INFO  Test worker     d.u.i.k.n.KeyIO           Parsing took 0 ms 
377276     DEBUG Test worker     d.u.i.k.n.KeyIO           Load declarations of de.uka.ilkd.key.nparser.KeyAst$File:  <unknown>:1#1 
377276     INFO  Test worker     d.u.i.k.n.KeyIO           MODE: declarations took 0 ms 
377276     DEBUG Test worker     d.u.i.k.n.KeyIO           MODE: 2nd degree decls took 0 
377276     DEBUG Test worker     d.u.i.k.n.KeyIO           MODE: taclets took 0ms 
]]></system-out>
  <system-err><![CDATA[]]></system-err>
</testsuite>
