<?xml version="1.0" encoding="UTF-8"?>
<testsuite name="de.uka.ilkd.key.java.TestContextStatementBlock" tests="1" skipped="0" failures="0" errors="0" timestamp="2023-05-12T07:47:43" hostname="fv-az252-451" time="1.154">
  <properties/>
  <testcase name="testContextTermInstantiation()" classname="de.uka.ilkd.key.java.TestContextStatementBlock" time="1.154"/>
  <system-out><![CDATA[26398      INFO  Test worker     d.u.i.k.n.KeyIO           Parsing took 15 ms 
26398      DEBUG Test worker     d.u.i.k.n.KeyIO           Load declarations of de.uka.ilkd.key.nparser.KeyAst$File:  D:\a\key\key\key.core\src\test\resources\testcase\testrules.key:9#1 
26398      INFO  Test worker     d.u.i.k.n.KeyIO           MODE: declarations took 0 ms 
26398      DEBUG Test worker     d.u.i.k.n.KeyIO           MODE: 2nd degree decls took 0 
26518      DEBUG Test worker     d.u.i.k.n.KeyIO           MODE: taclets took 120ms 
]]></system-out>
  <system-err><![CDATA[]]></system-err>
</testsuite>
