<?xml version="1.0" encoding="UTF-8"?>
<testsuite name="de.uka.ilkd.key.parser.TestTermParserHeap" tests="39" skipped="0" failures="0" errors="0" timestamp="2023-05-12T07:52:19" hostname="fv-az252-451" time="107.079">
  <properties/>
  <testcase name="testBracketHeapUpdate()" classname="de.uka.ilkd.key.parser.TestTermParserHeap" time="0.018"/>
  <testcase name="testStore()" classname="de.uka.ilkd.key.parser.TestTermParserHeap" time="0.011"/>
  <testcase name="testUnknownConstant()" classname="de.uka.ilkd.key.parser.TestTermParserHeap" time="0.008"/>
  <testcase name="testAllFieldsSelector()" classname="de.uka.ilkd.key.parser.TestTermParserHeap" time="0.005"/>
  <testcase name="testParsePrettyPrintedSelect()" classname="de.uka.ilkd.key.parser.TestTermParserHeap" time="0.004"/>
  <testcase name="testAccessStaticMembers()" classname="de.uka.ilkd.key.parser.TestTermParserHeap" time="0.009"/>
  <testcase name="testAtOperator_1()" classname="de.uka.ilkd.key.parser.TestTermParserHeap" time="0.003"/>
  <testcase name="testAtOperator_2()" classname="de.uka.ilkd.key.parser.TestTermParserHeap" time="0.006"/>
  <testcase name="testAtOperator_3()" classname="de.uka.ilkd.key.parser.TestTermParserHeap" time="0.005"/>
  <testcase name="testAtOperator_4()" classname="de.uka.ilkd.key.parser.TestTermParserHeap" time="0.009"/>
  <testcase name="testAtOperator_5()" classname="de.uka.ilkd.key.parser.TestTermParserHeap" time="0.004"/>
  <testcase name="testAtOperator_6()" classname="de.uka.ilkd.key.parser.TestTermParserHeap" time="0.005"/>
  <testcase name="testAtOperator_7()" classname="de.uka.ilkd.key.parser.TestTermParserHeap" time="0.007"/>
  <testcase name="testAtOperator_8()" classname="de.uka.ilkd.key.parser.TestTermParserHeap" time="0.003"/>
  <testcase name="testVerifyExceptionIfAtOperatorNotPreceededBySelectTerm()" classname="de.uka.ilkd.key.parser.TestTermParserHeap" time="0.016"/>
  <testcase name="testBugResettingCounter()" classname="de.uka.ilkd.key.parser.TestTermParserHeap" time="0.003"/>
  <testcase name="testLocationSets()" classname="de.uka.ilkd.key.parser.TestTermParserHeap" time="0.01"/>
  <testcase name="testQuantifiedSelect()" classname="de.uka.ilkd.key.parser.TestTermParserHeap" time="0.003"/>
  <testcase name="testGenericObjectProperties()" classname="de.uka.ilkd.key.parser.TestTermParserHeap" time="0.005"/>
  <testcase name="testQueryInheritance_1()" classname="de.uka.ilkd.key.parser.TestTermParserHeap" time="0.005"/>
  <testcase name="testQueryInheritance_2()" classname="de.uka.ilkd.key.parser.TestTermParserHeap" time="0.007"/>
  <testcase name="testQueryInheritance_3()" classname="de.uka.ilkd.key.parser.TestTermParserHeap" time="0.01"/>
  <testcase name="testQueryInheritance_4()" classname="de.uka.ilkd.key.parser.TestTermParserHeap" time="0.006"/>
  <testcase name="testQueryInheritance_5()" classname="de.uka.ilkd.key.parser.TestTermParserHeap" time="0.003"/>
  <testcase name="testQueryInheritance_6()" classname="de.uka.ilkd.key.parser.TestTermParserHeap" time="0.004"/>
  <testcase name="testQueryInheritance_7()" classname="de.uka.ilkd.key.parser.TestTermParserHeap" time="0.004"/>
  <testcase name="testQueryInheritance_8()" classname="de.uka.ilkd.key.parser.TestTermParserHeap" time="0.004"/>
  <testcase name="testQueryInheritance_9()" classname="de.uka.ilkd.key.parser.TestTermParserHeap" time="0.004"/>
  <testcase name="testQueryBasic_10()" classname="de.uka.ilkd.key.parser.TestTermParserHeap" time="0.003"/>
  <testcase name="testQueryBasic_11()" classname="de.uka.ilkd.key.parser.TestTermParserHeap" time="0.003"/>
  <testcase name="testQueryBasic_1()" classname="de.uka.ilkd.key.parser.TestTermParserHeap" time="0.005"/>
  <testcase name="testQueryBasic_2()" classname="de.uka.ilkd.key.parser.TestTermParserHeap" time="0.005"/>
  <testcase name="testQueryBasic_3()" classname="de.uka.ilkd.key.parser.TestTermParserHeap" time="0.005"/>
  <testcase name="testQueryBasic_4()" classname="de.uka.ilkd.key.parser.TestTermParserHeap" time="0.004"/>
  <testcase name="testQueryBasic_5()" classname="de.uka.ilkd.key.parser.TestTermParserHeap" time="0.003"/>
  <testcase name="testQueryBasic_6()" classname="de.uka.ilkd.key.parser.TestTermParserHeap" time="0.002"/>
  <testcase name="testQueryBasic_7()" classname="de.uka.ilkd.key.parser.TestTermParserHeap" time="0.007"/>
  <testcase name="testQueryBasic_8()" classname="de.uka.ilkd.key.parser.TestTermParserHeap" time="0.007"/>
  <testcase name="testQueryBasic_9()" classname="de.uka.ilkd.key.parser.TestTermParserHeap" time="0.003"/>
  <system-out><![CDATA[301510     INFO  Test worker     d.u.i.k.n.KeyIO           Parsing took 0 ms 
301510     DEBUG Test worker     d.u.i.k.n.KeyIO           Load declarations of de.uka.ilkd.key.nparser.KeyAst$File:  <unknown>:1#1 
301510     INFO  Test worker     d.u.i.k.n.KeyIO           MODE: declarations took 0 ms 
301510     DEBUG Test worker     d.u.i.k.n.KeyIO           MODE: 2nd degree decls took 0 
301510     INFO  Test worker     d.u.i.k.n.KeyIO           Parsing took 0 ms 
301510     DEBUG Test worker     d.u.i.k.n.KeyIO           Load declarations of de.uka.ilkd.key.nparser.KeyAst$File:  <unknown>:1#1 
301510     INFO  Test worker     d.u.i.k.n.KeyIO           MODE: declarations took 0 ms 
301510     DEBUG Test worker     d.u.i.k.n.KeyIO           MODE: 2nd degree decls took 0 
301510     INFO  Test worker     d.u.i.k.n.KeyIO           Parsing took 0 ms 
301510     DEBUG Test worker     d.u.i.k.n.KeyIO           Load declarations of de.uka.ilkd.key.nparser.KeyAst$File:  <unknown>:1#1 
301510     INFO  Test worker     d.u.i.k.n.KeyIO           MODE: declarations took 0 ms 
301510     DEBUG Test worker     d.u.i.k.n.KeyIO           MODE: 2nd degree decls took 0 
301510     INFO  Test worker     d.u.i.k.n.KeyIO           Parsing took 0 ms 
301510     DEBUG Test worker     d.u.i.k.n.KeyIO           Load declarations of de.uka.ilkd.key.nparser.KeyAst$File:  <unknown>:1#1 
301510     INFO  Test worker     d.u.i.k.n.KeyIO           MODE: declarations took 0 ms 
301510     DEBUG Test worker     d.u.i.k.n.KeyIO           MODE: 2nd degree decls took 0 
301510     INFO  Test worker     d.u.i.k.n.KeyIO           Parsing took 0 ms 
301510     DEBUG Test worker     d.u.i.k.n.KeyIO           Load declarations of de.uka.ilkd.key.nparser.KeyAst$File:  <unknown>:1#1 
301510     INFO  Test worker     d.u.i.k.n.KeyIO           MODE: declarations took 0 ms 
301510     DEBUG Test worker     d.u.i.k.n.KeyIO           MODE: 2nd degree decls took 0 
304455     INFO  Test worker     d.u.i.k.n.KeyIO           Parsing took 0 ms 
304455     DEBUG Test worker     d.u.i.k.n.KeyIO           Load declarations of de.uka.ilkd.key.nparser.KeyAst$File:  <unknown>:1#1 
304455     INFO  Test worker     d.u.i.k.n.KeyIO           MODE: declarations took 0 ms 
304455     DEBUG Test worker     d.u.i.k.n.KeyIO           MODE: 2nd degree decls took 0 
304455     INFO  Test worker     d.u.i.k.n.KeyIO           Parsing took 0 ms 
304455     DEBUG Test worker     d.u.i.k.n.KeyIO           Load declarations of de.uka.ilkd.key.nparser.KeyAst$File:  <unknown>:1#1 
304455     INFO  Test worker     d.u.i.k.n.KeyIO           MODE: declarations took 0 ms 
304455     DEBUG Test worker     d.u.i.k.n.KeyIO           MODE: 2nd degree decls took 0 
304455     INFO  Test worker     d.u.i.k.n.KeyIO           Parsing took 0 ms 
304455     DEBUG Test worker     d.u.i.k.n.KeyIO           Load declarations of de.uka.ilkd.key.nparser.KeyAst$File:  <unknown>:1#1 
304455     INFO  Test worker     d.u.i.k.n.KeyIO           MODE: declarations took 0 ms 
304455     DEBUG Test worker     d.u.i.k.n.KeyIO           MODE: 2nd degree decls took 0 
304455     INFO  Test worker     d.u.i.k.n.KeyIO           Parsing took 0 ms 
304455     DEBUG Test worker     d.u.i.k.n.KeyIO           Load declarations of de.uka.ilkd.key.nparser.KeyAst$File:  <unknown>:1#1 
304455     INFO  Test worker     d.u.i.k.n.KeyIO           MODE: declarations took 0 ms 
304455     DEBUG Test worker     d.u.i.k.n.KeyIO           MODE: 2nd degree decls took 0 
304455     INFO  Test worker     d.u.i.k.n.KeyIO           Parsing took 0 ms 
304455     DEBUG Test worker     d.u.i.k.n.KeyIO           Load declarations of de.uka.ilkd.key.nparser.KeyAst$File:  <unknown>:1#1 
304455     INFO  Test worker     d.u.i.k.n.KeyIO           MODE: declarations took 0 ms 
304455     DEBUG Test worker     d.u.i.k.n.KeyIO           MODE: 2nd degree decls took 0 
307358     INFO  Test worker     d.u.i.k.n.KeyIO           Parsing took 0 ms 
307358     DEBUG Test worker     d.u.i.k.n.KeyIO           Load declarations of de.uka.ilkd.key.nparser.KeyAst$File:  <unknown>:1#1 
307358     INFO  Test worker     d.u.i.k.n.KeyIO           MODE: declarations took 0 ms 
307358     DEBUG Test worker     d.u.i.k.n.KeyIO           MODE: 2nd degree decls took 0 
307358     INFO  Test worker     d.u.i.k.n.KeyIO           Parsing took 0 ms 
307358     DEBUG Test worker     d.u.i.k.n.KeyIO           Load declarations of de.uka.ilkd.key.nparser.KeyAst$File:  <unknown>:1#1 
307358     INFO  Test worker     d.u.i.k.n.KeyIO           MODE: declarations took 0 ms 
307358     DEBUG Test worker     d.u.i.k.n.KeyIO           MODE: 2nd degree decls took 0 
307358     INFO  Test worker     d.u.i.k.n.KeyIO           Parsing took 0 ms 
307358     DEBUG Test worker     d.u.i.k.n.KeyIO           Load declarations of de.uka.ilkd.key.nparser.KeyAst$File:  <unknown>:1#1 
307358     INFO  Test worker     d.u.i.k.n.KeyIO           MODE: declarations took 0 ms 
307358     DEBUG Test worker     d.u.i.k.n.KeyIO           MODE: 2nd degree decls took 0 
307358     INFO  Test worker     d.u.i.k.n.KeyIO           Parsing took 0 ms 
307358     DEBUG Test worker     d.u.i.k.n.KeyIO           Load declarations of de.uka.ilkd.key.nparser.KeyAst$File:  <unknown>:1#1 
307358     INFO  Test worker     d.u.i.k.n.KeyIO           MODE: declarations took 0 ms 
307358     DEBUG Test worker     d.u.i.k.n.KeyIO           MODE: 2nd degree decls took 0 
307358     INFO  Test worker     d.u.i.k.n.KeyIO           Parsing took 0 ms 
307358     DEBUG Test worker     d.u.i.k.n.KeyIO           Load declarations of de.uka.ilkd.key.nparser.KeyAst$File:  <unknown>:1#1 
307358     INFO  Test worker     d.u.i.k.n.KeyIO           MODE: declarations took 0 ms 
307358     DEBUG Test worker     d.u.i.k.n.KeyIO           MODE: 2nd degree decls took 0 
307358     INFO  Test worker     d.u.i.k.n.KeyIO           Parsing took 0 ms 
307358     DEBUG Test worker     d.u.i.k.n.KeyIO           Load declarations of de.uka.ilkd.key.nparser.KeyAst$File:  <unknown>:1#1 
307358     INFO  Test worker     d.u.i.k.n.KeyIO           MODE: declarations took 0 ms 
307358     DEBUG Test worker     d.u.i.k.n.KeyIO           MODE: 2nd degree decls took 0 
310213     INFO  Test worker     d.u.i.k.n.KeyIO           Parsing took 0 ms 
310213     DEBUG Test worker     d.u.i.k.n.KeyIO           Load declarations of de.uka.ilkd.key.nparser.KeyAst$File:  <unknown>:1#1 
310213     INFO  Test worker     d.u.i.k.n.KeyIO           MODE: declarations took 0 ms 
310213     DEBUG Test worker     d.u.i.k.n.KeyIO           MODE: 2nd degree decls took 0 
310213     INFO  Test worker     d.u.i.k.n.KeyIO           Parsing took 0 ms 
310213     DEBUG Test worker     d.u.i.k.n.KeyIO           Load declarations of de.uka.ilkd.key.nparser.KeyAst$File:  <unknown>:1#1 
310213     INFO  Test worker     d.u.i.k.n.KeyIO           MODE: declarations took 0 ms 
310213     DEBUG Test worker     d.u.i.k.n.KeyIO           MODE: 2nd degree decls took 0 
310213     INFO  Test worker     d.u.i.k.n.KeyIO           Parsing took 0 ms 
310213     DEBUG Test worker     d.u.i.k.n.KeyIO           Load declarations of de.uka.ilkd.key.nparser.KeyAst$File:  <unknown>:1#1 
310213     INFO  Test worker     d.u.i.k.n.KeyIO           MODE: declarations took 0 ms 
310213     DEBUG Test worker     d.u.i.k.n.KeyIO           MODE: 2nd degree decls took 0 
310213     INFO  Test worker     d.u.i.k.n.KeyIO           Parsing took 0 ms 
310213     DEBUG Test worker     d.u.i.k.n.KeyIO           Load declarations of de.uka.ilkd.key.nparser.KeyAst$File:  <unknown>:1#1 
310213     INFO  Test worker     d.u.i.k.n.KeyIO           MODE: declarations took 0 ms 
310213     DEBUG Test worker     d.u.i.k.n.KeyIO           MODE: 2nd degree decls took 0 
310213     INFO  Test worker     d.u.i.k.n.KeyIO           Parsing took 0 ms 
310213     DEBUG Test worker     d.u.i.k.n.KeyIO           Load declarations of de.uka.ilkd.key.nparser.KeyAst$File:  <unknown>:1#1 
310213     INFO  Test worker     d.u.i.k.n.KeyIO           MODE: declarations took 0 ms 
310213     DEBUG Test worker     d.u.i.k.n.KeyIO           MODE: 2nd degree decls took 0 
313037     INFO  Test worker     d.u.i.k.n.KeyIO           Parsing took 0 ms 
313037     DEBUG Test worker     d.u.i.k.n.KeyIO           Load declarations of de.uka.ilkd.key.nparser.KeyAst$File:  <unknown>:1#1 
313037     INFO  Test worker     d.u.i.k.n.KeyIO           MODE: declarations took 0 ms 
313037     DEBUG Test worker     d.u.i.k.n.KeyIO           MODE: 2nd degree decls took 0 
313037     INFO  Test worker     d.u.i.k.n.KeyIO           Parsing took 0 ms 
313037     DEBUG Test worker     d.u.i.k.n.KeyIO           Load declarations of de.uka.ilkd.key.nparser.KeyAst$File:  <unknown>:1#1 
313037     INFO  Test worker     d.u.i.k.n.KeyIO           MODE: declarations took 0 ms 
313037     DEBUG Test worker     d.u.i.k.n.KeyIO           MODE: 2nd degree decls took 0 
313037     INFO  Test worker     d.u.i.k.n.KeyIO           Parsing took 0 ms 
313037     DEBUG Test worker     d.u.i.k.n.KeyIO           Load declarations of de.uka.ilkd.key.nparser.KeyAst$File:  <unknown>:1#1 
313037     INFO  Test worker     d.u.i.k.n.KeyIO           MODE: declarations took 0 ms 
313037     DEBUG Test worker     d.u.i.k.n.KeyIO           MODE: 2nd degree decls took 0 
313037     INFO  Test worker     d.u.i.k.n.KeyIO           Parsing took 0 ms 
313037     DEBUG Test worker     d.u.i.k.n.KeyIO           Load declarations of de.uka.ilkd.key.nparser.KeyAst$File:  <unknown>:1#1 
313037     INFO  Test worker     d.u.i.k.n.KeyIO           MODE: declarations took 0 ms 
313037     DEBUG Test worker     d.u.i.k.n.KeyIO           MODE: 2nd degree decls took 0 
313037     INFO  Test worker     d.u.i.k.n.KeyIO           Parsing took 0 ms 
313037     DEBUG Test worker     d.u.i.k.n.KeyIO           Load declarations of de.uka.ilkd.key.nparser.KeyAst$File:  <unknown>:1#1 
313037     INFO  Test worker     d.u.i.k.n.KeyIO           MODE: declarations took 0 ms 
313037     DEBUG Test worker     d.u.i.k.n.KeyIO           MODE: 2nd degree decls took 0 
315915     INFO  Test worker     d.u.i.k.n.KeyIO           Parsing took 0 ms 
315915     DEBUG Test worker     d.u.i.k.n.KeyIO           Load declarations of de.uka.ilkd.key.nparser.KeyAst$File:  <unknown>:1#1 
315931     INFO  Test worker     d.u.i.k.n.KeyIO           MODE: declarations took 16 ms 
315931     DEBUG Test worker     d.u.i.k.n.KeyIO           MODE: 2nd degree decls took 0 
315931     INFO  Test worker     d.u.i.k.n.KeyIO           Parsing took 0 ms 
315931     DEBUG Test worker     d.u.i.k.n.KeyIO           Load declarations of de.uka.ilkd.key.nparser.KeyAst$File:  <unknown>:1#1 
315931     INFO  Test worker     d.u.i.k.n.KeyIO           MODE: declarations took 0 ms 
315931     DEBUG Test worker     d.u.i.k.n.KeyIO           MODE: 2nd degree decls took 0 
315931     INFO  Test worker     d.u.i.k.n.KeyIO           Parsing took 0 ms 
315931     DEBUG Test worker     d.u.i.k.n.KeyIO           Load declarations of de.uka.ilkd.key.nparser.KeyAst$File:  <unknown>:1#1 
315931     INFO  Test worker     d.u.i.k.n.KeyIO           MODE: declarations took 0 ms 
315931     DEBUG Test worker     d.u.i.k.n.KeyIO           MODE: 2nd degree decls took 0 
315931     INFO  Test worker     d.u.i.k.n.KeyIO           Parsing took 0 ms 
315931     DEBUG Test worker     d.u.i.k.n.KeyIO           Load declarations of de.uka.ilkd.key.nparser.KeyAst$File:  <unknown>:1#1 
315931     INFO  Test worker     d.u.i.k.n.KeyIO           MODE: declarations took 0 ms 
315931     DEBUG Test worker     d.u.i.k.n.KeyIO           MODE: 2nd degree decls took 0 
315931     INFO  Test worker     d.u.i.k.n.KeyIO           Parsing took 0 ms 
315931     DEBUG Test worker     d.u.i.k.n.KeyIO           Load declarations of de.uka.ilkd.key.nparser.KeyAst$File:  <unknown>:1#1 
315931     INFO  Test worker     d.u.i.k.n.KeyIO           MODE: declarations took 0 ms 
315931     DEBUG Test worker     d.u.i.k.n.KeyIO           MODE: 2nd degree decls took 0 
318825     INFO  Test worker     d.u.i.k.n.KeyIO           Parsing took 0 ms 
318825     DEBUG Test worker     d.u.i.k.n.KeyIO           Load declarations of de.uka.ilkd.key.nparser.KeyAst$File:  <unknown>:1#1 
318825     INFO  Test worker     d.u.i.k.n.KeyIO           MODE: declarations took 0 ms 
318825     DEBUG Test worker     d.u.i.k.n.KeyIO           MODE: 2nd degree decls took 0 
318825     INFO  Test worker     d.u.i.k.n.KeyIO           Parsing took 0 ms 
318825     DEBUG Test worker     d.u.i.k.n.KeyIO           Load declarations of de.uka.ilkd.key.nparser.KeyAst$File:  <unknown>:1#1 
318825     INFO  Test worker     d.u.i.k.n.KeyIO           MODE: declarations took 0 ms 
318825     DEBUG Test worker     d.u.i.k.n.KeyIO           MODE: 2nd degree decls took 0 
318825     INFO  Test worker     d.u.i.k.n.KeyIO           Parsing took 0 ms 
318825     DEBUG Test worker     d.u.i.k.n.KeyIO           Load declarations of de.uka.ilkd.key.nparser.KeyAst$File:  <unknown>:1#1 
318825     INFO  Test worker     d.u.i.k.n.KeyIO           MODE: declarations took 0 ms 
318825     DEBUG Test worker     d.u.i.k.n.KeyIO           MODE: 2nd degree decls took 0 
318825     INFO  Test worker     d.u.i.k.n.KeyIO           Parsing took 0 ms 
318825     DEBUG Test worker     d.u.i.k.n.KeyIO           Load declarations of de.uka.ilkd.key.nparser.KeyAst$File:  <unknown>:1#1 
318825     INFO  Test worker     d.u.i.k.n.KeyIO           MODE: declarations took 0 ms 
318825     DEBUG Test worker     d.u.i.k.n.KeyIO           MODE: 2nd degree decls took 0 
318825     INFO  Test worker     d.u.i.k.n.KeyIO           Parsing took 0 ms 
318825     DEBUG Test worker     d.u.i.k.n.KeyIO           Load declarations of de.uka.ilkd.key.nparser.KeyAst$File:  <unknown>:1#1 
318825     INFO  Test worker     d.u.i.k.n.KeyIO           MODE: declarations took 0 ms 
318825     DEBUG Test worker     d.u.i.k.n.KeyIO           MODE: 2nd degree decls took 0 
321684     INFO  Test worker     d.u.i.k.n.KeyIO           Parsing took 0 ms 
321684     DEBUG Test worker     d.u.i.k.n.KeyIO           Load declarations of de.uka.ilkd.key.nparser.KeyAst$File:  <unknown>:1#1 
321684     INFO  Test worker     d.u.i.k.n.KeyIO           MODE: declarations took 0 ms 
321684     DEBUG Test worker     d.u.i.k.n.KeyIO           MODE: 2nd degree decls took 0 
321684     INFO  Test worker     d.u.i.k.n.KeyIO           Parsing took 0 ms 
321684     DEBUG Test worker     d.u.i.k.n.KeyIO           Load declarations of de.uka.ilkd.key.nparser.KeyAst$File:  <unknown>:1#1 
321684     INFO  Test worker     d.u.i.k.n.KeyIO           MODE: declarations took 0 ms 
321684     DEBUG Test worker     d.u.i.k.n.KeyIO           MODE: 2nd degree decls took 0 
321684     INFO  Test worker     d.u.i.k.n.KeyIO           Parsing took 0 ms 
321684     DEBUG Test worker     d.u.i.k.n.KeyIO           Load declarations of de.uka.ilkd.key.nparser.KeyAst$File:  <unknown>:1#1 
321684     INFO  Test worker     d.u.i.k.n.KeyIO           MODE: declarations took 0 ms 
321684     DEBUG Test worker     d.u.i.k.n.KeyIO           MODE: 2nd degree decls took 0 
321684     INFO  Test worker     d.u.i.k.n.KeyIO           Parsing took 0 ms 
321684     DEBUG Test worker     d.u.i.k.n.KeyIO           Load declarations of de.uka.ilkd.key.nparser.KeyAst$File:  <unknown>:1#1 
321684     INFO  Test worker     d.u.i.k.n.KeyIO           MODE: declarations took 0 ms 
321684     DEBUG Test worker     d.u.i.k.n.KeyIO           MODE: 2nd degree decls took 0 
321684     INFO  Test worker     d.u.i.k.n.KeyIO           Parsing took 0 ms 
321684     DEBUG Test worker     d.u.i.k.n.KeyIO           Load declarations of de.uka.ilkd.key.nparser.KeyAst$File:  <unknown>:1#1 
321684     INFO  Test worker     d.u.i.k.n.KeyIO           MODE: declarations took 0 ms 
321684     DEBUG Test worker     d.u.i.k.n.KeyIO           MODE: 2nd degree decls took 0 
324483     INFO  Test worker     d.u.i.k.n.KeyIO           Parsing took 0 ms 
324483     DEBUG Test worker     d.u.i.k.n.KeyIO           Load declarations of de.uka.ilkd.key.nparser.KeyAst$File:  <unknown>:1#1 
324483     INFO  Test worker     d.u.i.k.n.KeyIO           MODE: declarations took 0 ms 
324483     DEBUG Test worker     d.u.i.k.n.KeyIO           MODE: 2nd degree decls took 0 
324483     INFO  Test worker     d.u.i.k.n.KeyIO           Parsing took 0 ms 
324483     DEBUG Test worker     d.u.i.k.n.KeyIO           Load declarations of de.uka.ilkd.key.nparser.KeyAst$File:  <unknown>:1#1 
324483     INFO  Test worker     d.u.i.k.n.KeyIO           MODE: declarations took 0 ms 
324483     DEBUG Test worker     d.u.i.k.n.KeyIO           MODE: 2nd degree decls took 0 
324483     INFO  Test worker     d.u.i.k.n.KeyIO           Parsing took 0 ms 
324483     DEBUG Test worker     d.u.i.k.n.KeyIO           Load declarations of de.uka.ilkd.key.nparser.KeyAst$File:  <unknown>:1#1 
324483     INFO  Test worker     d.u.i.k.n.KeyIO           MODE: declarations took 0 ms 
324483     DEBUG Test worker     d.u.i.k.n.KeyIO           MODE: 2nd degree decls took 0 
324483     INFO  Test worker     d.u.i.k.n.KeyIO           Parsing took 0 ms 
324483     DEBUG Test worker     d.u.i.k.n.KeyIO           Load declarations of de.uka.ilkd.key.nparser.KeyAst$File:  <unknown>:1#1 
324483     INFO  Test worker     d.u.i.k.n.KeyIO           MODE: declarations took 0 ms 
324483     DEBUG Test worker     d.u.i.k.n.KeyIO           MODE: 2nd degree decls took 0 
324483     INFO  Test worker     d.u.i.k.n.KeyIO           Parsing took 0 ms 
324483     DEBUG Test worker     d.u.i.k.n.KeyIO           Load declarations of de.uka.ilkd.key.nparser.KeyAst$File:  <unknown>:1#1 
324483     INFO  Test worker     d.u.i.k.n.KeyIO           MODE: declarations took 0 ms 
324483     DEBUG Test worker     d.u.i.k.n.KeyIO           MODE: 2nd degree decls took 0 
327280     INFO  Test worker     d.u.i.k.n.KeyIO           Parsing took 0 ms 
327280     DEBUG Test worker     d.u.i.k.n.KeyIO           Load declarations of de.uka.ilkd.key.nparser.KeyAst$File:  <unknown>:1#1 
327280     INFO  Test worker     d.u.i.k.n.KeyIO           MODE: declarations took 0 ms 
327280     DEBUG Test worker     d.u.i.k.n.KeyIO           MODE: 2nd degree decls took 0 
327280     INFO  Test worker     d.u.i.k.n.KeyIO           Parsing took 0 ms 
327280     DEBUG Test worker     d.u.i.k.n.KeyIO           Load declarations of de.uka.ilkd.key.nparser.KeyAst$File:  <unknown>:1#1 
327280     INFO  Test worker     d.u.i.k.n.KeyIO           MODE: declarations took 0 ms 
327280     DEBUG Test worker     d.u.i.k.n.KeyIO           MODE: 2nd degree decls took 0 
327280     INFO  Test worker     d.u.i.k.n.KeyIO           Parsing took 0 ms 
327280     DEBUG Test worker     d.u.i.k.n.KeyIO           Load declarations of de.uka.ilkd.key.nparser.KeyAst$File:  <unknown>:1#1 
327280     INFO  Test worker     d.u.i.k.n.KeyIO           MODE: declarations took 0 ms 
327280     DEBUG Test worker     d.u.i.k.n.KeyIO           MODE: 2nd degree decls took 0 
327280     INFO  Test worker     d.u.i.k.n.KeyIO           Parsing took 0 ms 
327280     DEBUG Test worker     d.u.i.k.n.KeyIO           Load declarations of de.uka.ilkd.key.nparser.KeyAst$File:  <unknown>:1#1 
327280     INFO  Test worker     d.u.i.k.n.KeyIO           MODE: declarations took 0 ms 
327280     DEBUG Test worker     d.u.i.k.n.KeyIO           MODE: 2nd degree decls took 0 
327280     INFO  Test worker     d.u.i.k.n.KeyIO           Parsing took 0 ms 
327280     DEBUG Test worker     d.u.i.k.n.KeyIO           Load declarations of de.uka.ilkd.key.nparser.KeyAst$File:  <unknown>:1#1 
327280     INFO  Test worker     d.u.i.k.n.KeyIO           MODE: declarations took 0 ms 
327280     DEBUG Test worker     d.u.i.k.n.KeyIO           MODE: 2nd degree decls took 0 
330130     INFO  Test worker     d.u.i.k.n.KeyIO           Parsing took 0 ms 
330130     DEBUG Test worker     d.u.i.k.n.KeyIO           Load declarations of de.uka.ilkd.key.nparser.KeyAst$File:  <unknown>:1#1 
330130     INFO  Test worker     d.u.i.k.n.KeyIO           MODE: declarations took 0 ms 
330130     DEBUG Test worker     d.u.i.k.n.KeyIO           MODE: 2nd degree decls took 0 
330130     INFO  Test worker     d.u.i.k.n.KeyIO           Parsing took 0 ms 
330130     DEBUG Test worker     d.u.i.k.n.KeyIO           Load declarations of de.uka.ilkd.key.nparser.KeyAst$File:  <unknown>:1#1 
330130     INFO  Test worker     d.u.i.k.n.KeyIO           MODE: declarations took 0 ms 
330130     DEBUG Test worker     d.u.i.k.n.KeyIO           MODE: 2nd degree decls took 0 
330130     INFO  Test worker     d.u.i.k.n.KeyIO           Parsing took 0 ms 
330130     DEBUG Test worker     d.u.i.k.n.KeyIO           Load declarations of de.uka.ilkd.key.nparser.KeyAst$File:  <unknown>:1#1 
330130     INFO  Test worker     d.u.i.k.n.KeyIO           MODE: declarations took 0 ms 
330130     DEBUG Test worker     d.u.i.k.n.KeyIO           MODE: 2nd degree decls took 0 
330130     INFO  Test worker     d.u.i.k.n.KeyIO           Parsing took 0 ms 
330130     DEBUG Test worker     d.u.i.k.n.KeyIO           Load declarations of de.uka.ilkd.key.nparser.KeyAst$File:  <unknown>:1#1 
330130     INFO  Test worker     d.u.i.k.n.KeyIO           MODE: declarations took 0 ms 
330145     DEBUG Test worker     d.u.i.k.n.KeyIO           MODE: 2nd degree decls took 0 
330145     INFO  Test worker     d.u.i.k.n.KeyIO           Parsing took 0 ms 
330145     DEBUG Test worker     d.u.i.k.n.KeyIO           Load declarations of de.uka.ilkd.key.nparser.KeyAst$File:  <unknown>:1#1 
330145     INFO  Test worker     d.u.i.k.n.KeyIO           MODE: declarations took 0 ms 
330145     DEBUG Test worker     d.u.i.k.n.KeyIO           MODE: 2nd degree decls took 0 
333020     INFO  Test worker     d.u.i.k.n.KeyIO           Parsing took 0 ms 
333020     DEBUG Test worker     d.u.i.k.n.KeyIO           Load declarations of de.uka.ilkd.key.nparser.KeyAst$File:  <unknown>:1#1 
333020     INFO  Test worker     d.u.i.k.n.KeyIO           MODE: declarations took 0 ms 
333020     DEBUG Test worker     d.u.i.k.n.KeyIO           MODE: 2nd degree decls took 0 
333020     INFO  Test worker     d.u.i.k.n.KeyIO           Parsing took 0 ms 
333020     DEBUG Test worker     d.u.i.k.n.KeyIO           Load declarations of de.uka.ilkd.key.nparser.KeyAst$File:  <unknown>:1#1 
333020     INFO  Test worker     d.u.i.k.n.KeyIO           MODE: declarations took 0 ms 
333020     DEBUG Test worker     d.u.i.k.n.KeyIO           MODE: 2nd degree decls took 0 
333020     INFO  Test worker     d.u.i.k.n.KeyIO           Parsing took 0 ms 
333020     DEBUG Test worker     d.u.i.k.n.KeyIO           Load declarations of de.uka.ilkd.key.nparser.KeyAst$File:  <unknown>:1#1 
333020     INFO  Test worker     d.u.i.k.n.KeyIO           MODE: declarations took 0 ms 
333020     DEBUG Test worker     d.u.i.k.n.KeyIO           MODE: 2nd degree decls took 0 
333020     INFO  Test worker     d.u.i.k.n.KeyIO           Parsing took 0 ms 
333020     DEBUG Test worker     d.u.i.k.n.KeyIO           Load declarations of de.uka.ilkd.key.nparser.KeyAst$File:  <unknown>:1#1 
333020     INFO  Test worker     d.u.i.k.n.KeyIO           MODE: declarations took 0 ms 
333020     DEBUG Test worker     d.u.i.k.n.KeyIO           MODE: 2nd degree decls took 0 
333020     INFO  Test worker     d.u.i.k.n.KeyIO           Parsing took 0 ms 
333020     DEBUG Test worker     d.u.i.k.n.KeyIO           Load declarations of de.uka.ilkd.key.nparser.KeyAst$File:  <unknown>:1#1 
333020     INFO  Test worker     d.u.i.k.n.KeyIO           MODE: declarations took 0 ms 
333020     DEBUG Test worker     d.u.i.k.n.KeyIO           MODE: 2nd degree decls took 0 
335881     INFO  Test worker     d.u.i.k.n.KeyIO           Parsing took 0 ms 
335881     DEBUG Test worker     d.u.i.k.n.KeyIO           Load declarations of de.uka.ilkd.key.nparser.KeyAst$File:  <unknown>:1#1 
335881     INFO  Test worker     d.u.i.k.n.KeyIO           MODE: declarations took 0 ms 
335881     DEBUG Test worker     d.u.i.k.n.KeyIO           MODE: 2nd degree decls took 0 
335881     INFO  Test worker     d.u.i.k.n.KeyIO           Parsing took 0 ms 
335881     DEBUG Test worker     d.u.i.k.n.KeyIO           Load declarations of de.uka.ilkd.key.nparser.KeyAst$File:  <unknown>:1#1 
335881     INFO  Test worker     d.u.i.k.n.KeyIO           MODE: declarations took 0 ms 
335881     DEBUG Test worker     d.u.i.k.n.KeyIO           MODE: 2nd degree decls took 0 
335881     INFO  Test worker     d.u.i.k.n.KeyIO           Parsing took 0 ms 
335881     DEBUG Test worker     d.u.i.k.n.KeyIO           Load declarations of de.uka.ilkd.key.nparser.KeyAst$File:  <unknown>:1#1 
335881     INFO  Test worker     d.u.i.k.n.KeyIO           MODE: declarations took 0 ms 
335881     DEBUG Test worker     d.u.i.k.n.KeyIO           MODE: 2nd degree decls took 0 
335881     INFO  Test worker     d.u.i.k.n.KeyIO           Parsing took 0 ms 
335881     DEBUG Test worker     d.u.i.k.n.KeyIO           Load declarations of de.uka.ilkd.key.nparser.KeyAst$File:  <unknown>:1#1 
335881     INFO  Test worker     d.u.i.k.n.KeyIO           MODE: declarations took 0 ms 
335881     DEBUG Test worker     d.u.i.k.n.KeyIO           MODE: 2nd degree decls took 0 
335881     INFO  Test worker     d.u.i.k.n.KeyIO           Parsing took 0 ms 
335881     DEBUG Test worker     d.u.i.k.n.KeyIO           Load declarations of de.uka.ilkd.key.nparser.KeyAst$File:  <unknown>:1#1 
335881     INFO  Test worker     d.u.i.k.n.KeyIO           MODE: declarations took 0 ms 
335881     DEBUG Test worker     d.u.i.k.n.KeyIO           MODE: 2nd degree decls took 0 
338726     INFO  Test worker     d.u.i.k.n.KeyIO           Parsing took 0 ms 
338726     DEBUG Test worker     d.u.i.k.n.KeyIO           Load declarations of de.uka.ilkd.key.nparser.KeyAst$File:  <unknown>:1#1 
338726     INFO  Test worker     d.u.i.k.n.KeyIO           MODE: declarations took 0 ms 
338726     DEBUG Test worker     d.u.i.k.n.KeyIO           MODE: 2nd degree decls took 0 
338726     INFO  Test worker     d.u.i.k.n.KeyIO           Parsing took 0 ms 
338726     DEBUG Test worker     d.u.i.k.n.KeyIO           Load declarations of de.uka.ilkd.key.nparser.KeyAst$File:  <unknown>:1#1 
338726     INFO  Test worker     d.u.i.k.n.KeyIO           MODE: declarations took 0 ms 
338726     DEBUG Test worker     d.u.i.k.n.KeyIO           MODE: 2nd degree decls took 0 
338726     INFO  Test worker     d.u.i.k.n.KeyIO           Parsing took 0 ms 
338726     DEBUG Test worker     d.u.i.k.n.KeyIO           Load declarations of de.uka.ilkd.key.nparser.KeyAst$File:  <unknown>:1#1 
338726     INFO  Test worker     d.u.i.k.n.KeyIO           MODE: declarations took 0 ms 
338726     DEBUG Test worker     d.u.i.k.n.KeyIO           MODE: 2nd degree decls took 0 
338726     INFO  Test worker     d.u.i.k.n.KeyIO           Parsing took 0 ms 
338726     DEBUG Test worker     d.u.i.k.n.KeyIO           Load declarations of de.uka.ilkd.key.nparser.KeyAst$File:  <unknown>:1#1 
338726     INFO  Test worker     d.u.i.k.n.KeyIO           MODE: declarations took 0 ms 
338726     DEBUG Test worker     d.u.i.k.n.KeyIO           MODE: 2nd degree decls took 0 
338726     INFO  Test worker     d.u.i.k.n.KeyIO           Parsing took 0 ms 
338726     DEBUG Test worker     d.u.i.k.n.KeyIO           Load declarations of de.uka.ilkd.key.nparser.KeyAst$File:  <unknown>:1#1 
338726     INFO  Test worker     d.u.i.k.n.KeyIO           MODE: declarations took 0 ms 
338726     DEBUG Test worker     d.u.i.k.n.KeyIO           MODE: 2nd degree decls took 0 
341493     INFO  Test worker     d.u.i.k.n.KeyIO           Parsing took 0 ms 
341493     DEBUG Test worker     d.u.i.k.n.KeyIO           Load declarations of de.uka.ilkd.key.nparser.KeyAst$File:  <unknown>:1#1 
341509     INFO  Test worker     d.u.i.k.n.KeyIO           MODE: declarations took 16 ms 
341509     DEBUG Test worker     d.u.i.k.n.KeyIO           MODE: 2nd degree decls took 0 
341509     INFO  Test worker     d.u.i.k.n.KeyIO           Parsing took 0 ms 
341509     DEBUG Test worker     d.u.i.k.n.KeyIO           Load declarations of de.uka.ilkd.key.nparser.KeyAst$File:  <unknown>:1#1 
341509     INFO  Test worker     d.u.i.k.n.KeyIO           MODE: declarations took 0 ms 
341509     DEBUG Test worker     d.u.i.k.n.KeyIO           MODE: 2nd degree decls took 0 
341509     INFO  Test worker     d.u.i.k.n.KeyIO           Parsing took 0 ms 
341509     DEBUG Test worker     d.u.i.k.n.KeyIO           Load declarations of de.uka.ilkd.key.nparser.KeyAst$File:  <unknown>:1#1 
341509     INFO  Test worker     d.u.i.k.n.KeyIO           MODE: declarations took 0 ms 
341509     DEBUG Test worker     d.u.i.k.n.KeyIO           MODE: 2nd degree decls took 0 
341509     INFO  Test worker     d.u.i.k.n.KeyIO           Parsing took 0 ms 
341509     DEBUG Test worker     d.u.i.k.n.KeyIO           Load declarations of de.uka.ilkd.key.nparser.KeyAst$File:  <unknown>:1#1 
341509     INFO  Test worker     d.u.i.k.n.KeyIO           MODE: declarations took 0 ms 
341509     DEBUG Test worker     d.u.i.k.n.KeyIO           MODE: 2nd degree decls took 0 
341509     INFO  Test worker     d.u.i.k.n.KeyIO           Parsing took 0 ms 
341509     DEBUG Test worker     d.u.i.k.n.KeyIO           Load declarations of de.uka.ilkd.key.nparser.KeyAst$File:  <unknown>:1#1 
341509     INFO  Test worker     d.u.i.k.n.KeyIO           MODE: declarations took 0 ms 
341509     DEBUG Test worker     d.u.i.k.n.KeyIO           MODE: 2nd degree decls took 0 
341509     WARN  Test worker     d.u.i.k.n.KeYParser       [syntax-error] <unknown>:1:11: mismatched input '@' expecting {'/', ':=', '.', '(', ')', '{', '[', '@', PARALLEL, OR, AND, IMP, '=', NOT_EQUALS, '%', '*', '-', '+', '>', GREATEREQUAL, '<', LESSEQUAL, LGUILLEMETS, EQV} [@11,11:11='@',<153>,1:11] (termEOF) 
344345     INFO  Test worker     d.u.i.k.n.KeyIO           Parsing took 0 ms 
344345     DEBUG Test worker     d.u.i.k.n.KeyIO           Load declarations of de.uka.ilkd.key.nparser.KeyAst$File:  <unknown>:1#1 
344345     INFO  Test worker     d.u.i.k.n.KeyIO           MODE: declarations took 0 ms 
344345     DEBUG Test worker     d.u.i.k.n.KeyIO           MODE: 2nd degree decls took 0 
344345     INFO  Test worker     d.u.i.k.n.KeyIO           Parsing took 0 ms 
344345     DEBUG Test worker     d.u.i.k.n.KeyIO           Load declarations of de.uka.ilkd.key.nparser.KeyAst$File:  <unknown>:1#1 
344345     INFO  Test worker     d.u.i.k.n.KeyIO           MODE: declarations took 0 ms 
344345     DEBUG Test worker     d.u.i.k.n.KeyIO           MODE: 2nd degree decls took 0 
344345     INFO  Test worker     d.u.i.k.n.KeyIO           Parsing took 0 ms 
344345     DEBUG Test worker     d.u.i.k.n.KeyIO           Load declarations of de.uka.ilkd.key.nparser.KeyAst$File:  <unknown>:1#1 
344345     INFO  Test worker     d.u.i.k.n.KeyIO           MODE: declarations took 0 ms 
344345     DEBUG Test worker     d.u.i.k.n.KeyIO           MODE: 2nd degree decls took 0 
344345     INFO  Test worker     d.u.i.k.n.KeyIO           Parsing took 0 ms 
344345     DEBUG Test worker     d.u.i.k.n.KeyIO           Load declarations of de.uka.ilkd.key.nparser.KeyAst$File:  <unknown>:1#1 
344345     INFO  Test worker     d.u.i.k.n.KeyIO           MODE: declarations took 0 ms 
344345     DEBUG Test worker     d.u.i.k.n.KeyIO           MODE: 2nd degree decls took 0 
344345     INFO  Test worker     d.u.i.k.n.KeyIO           Parsing took 0 ms 
344345     DEBUG Test worker     d.u.i.k.n.KeyIO           Load declarations of de.uka.ilkd.key.nparser.KeyAst$File:  <unknown>:1#1 
344345     INFO  Test worker     d.u.i.k.n.KeyIO           MODE: declarations took 0 ms 
344345     DEBUG Test worker     d.u.i.k.n.KeyIO           MODE: 2nd degree decls took 0 
347160     INFO  Test worker     d.u.i.k.n.KeyIO           Parsing took 0 ms 
347160     DEBUG Test worker     d.u.i.k.n.KeyIO           Load declarations of de.uka.ilkd.key.nparser.KeyAst$File:  <unknown>:1#1 
347160     INFO  Test worker     d.u.i.k.n.KeyIO           MODE: declarations took 0 ms 
347160     DEBUG Test worker     d.u.i.k.n.KeyIO           MODE: 2nd degree decls took 0 
347160     INFO  Test worker     d.u.i.k.n.KeyIO           Parsing took 0 ms 
347160     DEBUG Test worker     d.u.i.k.n.KeyIO           Load declarations of de.uka.ilkd.key.nparser.KeyAst$File:  <unknown>:1#1 
347160     INFO  Test worker     d.u.i.k.n.KeyIO           MODE: declarations took 0 ms 
347160     DEBUG Test worker     d.u.i.k.n.KeyIO           MODE: 2nd degree decls took 0 
347160     INFO  Test worker     d.u.i.k.n.KeyIO           Parsing took 0 ms 
347160     DEBUG Test worker     d.u.i.k.n.KeyIO           Load declarations of de.uka.ilkd.key.nparser.KeyAst$File:  <unknown>:1#1 
347160     INFO  Test worker     d.u.i.k.n.KeyIO           MODE: declarations took 0 ms 
347160     DEBUG Test worker     d.u.i.k.n.KeyIO           MODE: 2nd degree decls took 0 
347160     INFO  Test worker     d.u.i.k.n.KeyIO           Parsing took 0 ms 
347160     DEBUG Test worker     d.u.i.k.n.KeyIO           Load declarations of de.uka.ilkd.key.nparser.KeyAst$File:  <unknown>:1#1 
347160     INFO  Test worker     d.u.i.k.n.KeyIO           MODE: declarations took 0 ms 
347160     DEBUG Test worker     d.u.i.k.n.KeyIO           MODE: 2nd degree decls took 0 
347160     INFO  Test worker     d.u.i.k.n.KeyIO           Parsing took 0 ms 
347160     DEBUG Test worker     d.u.i.k.n.KeyIO           Load declarations of de.uka.ilkd.key.nparser.KeyAst$File:  <unknown>:1#1 
347160     INFO  Test worker     d.u.i.k.n.KeyIO           MODE: declarations took 0 ms 
347160     DEBUG Test worker     d.u.i.k.n.KeyIO           MODE: 2nd degree decls took 0 
349995     INFO  Test worker     d.u.i.k.n.KeyIO           Parsing took 0 ms 
349995     DEBUG Test worker     d.u.i.k.n.KeyIO           Load declarations of de.uka.ilkd.key.nparser.KeyAst$File:  <unknown>:1#1 
349995     INFO  Test worker     d.u.i.k.n.KeyIO           MODE: declarations took 0 ms 
349995     DEBUG Test worker     d.u.i.k.n.KeyIO           MODE: 2nd degree decls took 0 
349995     INFO  Test worker     d.u.i.k.n.KeyIO           Parsing took 0 ms 
349995     DEBUG Test worker     d.u.i.k.n.KeyIO           Load declarations of de.uka.ilkd.key.nparser.KeyAst$File:  <unknown>:1#1 
349995     INFO  Test worker     d.u.i.k.n.KeyIO           MODE: declarations took 0 ms 
349995     DEBUG Test worker     d.u.i.k.n.KeyIO           MODE: 2nd degree decls took 0 
349995     INFO  Test worker     d.u.i.k.n.KeyIO           Parsing took 0 ms 
349995     DEBUG Test worker     d.u.i.k.n.KeyIO           Load declarations of de.uka.ilkd.key.nparser.KeyAst$File:  <unknown>:1#1 
349995     INFO  Test worker     d.u.i.k.n.KeyIO           MODE: declarations took 0 ms 
349995     DEBUG Test worker     d.u.i.k.n.KeyIO           MODE: 2nd degree decls took 0 
349995     INFO  Test worker     d.u.i.k.n.KeyIO           Parsing took 0 ms 
349995     DEBUG Test worker     d.u.i.k.n.KeyIO           Load declarations of de.uka.ilkd.key.nparser.KeyAst$File:  <unknown>:1#1 
349995     INFO  Test worker     d.u.i.k.n.KeyIO           MODE: declarations took 0 ms 
349995     DEBUG Test worker     d.u.i.k.n.KeyIO           MODE: 2nd degree decls took 0 
349995     INFO  Test worker     d.u.i.k.n.KeyIO           Parsing took 0 ms 
349995     DEBUG Test worker     d.u.i.k.n.KeyIO           Load declarations of de.uka.ilkd.key.nparser.KeyAst$File:  <unknown>:1#1 
349995     INFO  Test worker     d.u.i.k.n.KeyIO           MODE: declarations took 0 ms 
349995     DEBUG Test worker     d.u.i.k.n.KeyIO           MODE: 2nd degree decls took 0 
352792     INFO  Test worker     d.u.i.k.n.KeyIO           Parsing took 0 ms 
352792     DEBUG Test worker     d.u.i.k.n.KeyIO           Load declarations of de.uka.ilkd.key.nparser.KeyAst$File:  <unknown>:1#1 
352792     INFO  Test worker     d.u.i.k.n.KeyIO           MODE: declarations took 0 ms 
352792     DEBUG Test worker     d.u.i.k.n.KeyIO           MODE: 2nd degree decls took 0 
352792     INFO  Test worker     d.u.i.k.n.KeyIO           Parsing took 0 ms 
352792     DEBUG Test worker     d.u.i.k.n.KeyIO           Load declarations of de.uka.ilkd.key.nparser.KeyAst$File:  <unknown>:1#1 
352792     INFO  Test worker     d.u.i.k.n.KeyIO           MODE: declarations took 0 ms 
352792     DEBUG Test worker     d.u.i.k.n.KeyIO           MODE: 2nd degree decls took 0 
352792     INFO  Test worker     d.u.i.k.n.KeyIO           Parsing took 0 ms 
352792     DEBUG Test worker     d.u.i.k.n.KeyIO           Load declarations of de.uka.ilkd.key.nparser.KeyAst$File:  <unknown>:1#1 
352792     INFO  Test worker     d.u.i.k.n.KeyIO           MODE: declarations took 0 ms 
352792     DEBUG Test worker     d.u.i.k.n.KeyIO           MODE: 2nd degree decls took 0 
352792     INFO  Test worker     d.u.i.k.n.KeyIO           Parsing took 0 ms 
352792     DEBUG Test worker     d.u.i.k.n.KeyIO           Load declarations of de.uka.ilkd.key.nparser.KeyAst$File:  <unknown>:1#1 
352792     INFO  Test worker     d.u.i.k.n.KeyIO           MODE: declarations took 0 ms 
352792     DEBUG Test worker     d.u.i.k.n.KeyIO           MODE: 2nd degree decls took 0 
352792     INFO  Test worker     d.u.i.k.n.KeyIO           Parsing took 0 ms 
352792     DEBUG Test worker     d.u.i.k.n.KeyIO           Load declarations of de.uka.ilkd.key.nparser.KeyAst$File:  <unknown>:1#1 
352792     INFO  Test worker     d.u.i.k.n.KeyIO           MODE: declarations took 0 ms 
352792     DEBUG Test worker     d.u.i.k.n.KeyIO           MODE: 2nd degree decls took 0 
355629     INFO  Test worker     d.u.i.k.n.KeyIO           Parsing took 0 ms 
355629     DEBUG Test worker     d.u.i.k.n.KeyIO           Load declarations of de.uka.ilkd.key.nparser.KeyAst$File:  <unknown>:1#1 
355629     INFO  Test worker     d.u.i.k.n.KeyIO           MODE: declarations took 0 ms 
355629     DEBUG Test worker     d.u.i.k.n.KeyIO           MODE: 2nd degree decls took 0 
355629     INFO  Test worker     d.u.i.k.n.KeyIO           Parsing took 0 ms 
355629     DEBUG Test worker     d.u.i.k.n.KeyIO           Load declarations of de.uka.ilkd.key.nparser.KeyAst$File:  <unknown>:1#1 
355629     INFO  Test worker     d.u.i.k.n.KeyIO           MODE: declarations took 0 ms 
355629     DEBUG Test worker     d.u.i.k.n.KeyIO           MODE: 2nd degree decls took 0 
355629     INFO  Test worker     d.u.i.k.n.KeyIO           Parsing took 0 ms 
355629     DEBUG Test worker     d.u.i.k.n.KeyIO           Load declarations of de.uka.ilkd.key.nparser.KeyAst$File:  <unknown>:1#1 
355629     INFO  Test worker     d.u.i.k.n.KeyIO           MODE: declarations took 0 ms 
355629     DEBUG Test worker     d.u.i.k.n.KeyIO           MODE: 2nd degree decls took 0 
355629     INFO  Test worker     d.u.i.k.n.KeyIO           Parsing took 0 ms 
355629     DEBUG Test worker     d.u.i.k.n.KeyIO           Load declarations of de.uka.ilkd.key.nparser.KeyAst$File:  <unknown>:1#1 
355629     INFO  Test worker     d.u.i.k.n.KeyIO           MODE: declarations took 0 ms 
355629     DEBUG Test worker     d.u.i.k.n.KeyIO           MODE: 2nd degree decls took 0 
355629     INFO  Test worker     d.u.i.k.n.KeyIO           Parsing took 0 ms 
355629     DEBUG Test worker     d.u.i.k.n.KeyIO           Load declarations of de.uka.ilkd.key.nparser.KeyAst$File:  <unknown>:1#1 
355629     INFO  Test worker     d.u.i.k.n.KeyIO           MODE: declarations took 0 ms 
355629     DEBUG Test worker     d.u.i.k.n.KeyIO           MODE: 2nd degree decls took 0 
358378     INFO  Test worker     d.u.i.k.n.KeyIO           Parsing took 0 ms 
358378     DEBUG Test worker     d.u.i.k.n.KeyIO           Load declarations of de.uka.ilkd.key.nparser.KeyAst$File:  <unknown>:1#1 
358378     INFO  Test worker     d.u.i.k.n.KeyIO           MODE: declarations took 0 ms 
358378     DEBUG Test worker     d.u.i.k.n.KeyIO           MODE: 2nd degree decls took 0 
358378     INFO  Test worker     d.u.i.k.n.KeyIO           Parsing took 0 ms 
358378     DEBUG Test worker     d.u.i.k.n.KeyIO           Load declarations of de.uka.ilkd.key.nparser.KeyAst$File:  <unknown>:1#1 
358378     INFO  Test worker     d.u.i.k.n.KeyIO           MODE: declarations took 0 ms 
358378     DEBUG Test worker     d.u.i.k.n.KeyIO           MODE: 2nd degree decls took 0 
358378     INFO  Test worker     d.u.i.k.n.KeyIO           Parsing took 0 ms 
358378     DEBUG Test worker     d.u.i.k.n.KeyIO           Load declarations of de.uka.ilkd.key.nparser.KeyAst$File:  <unknown>:1#1 
358378     INFO  Test worker     d.u.i.k.n.KeyIO           MODE: declarations took 0 ms 
358378     DEBUG Test worker     d.u.i.k.n.KeyIO           MODE: 2nd degree decls took 0 
358378     INFO  Test worker     d.u.i.k.n.KeyIO           Parsing took 0 ms 
358378     DEBUG Test worker     d.u.i.k.n.KeyIO           Load declarations of de.uka.ilkd.key.nparser.KeyAst$File:  <unknown>:1#1 
358378     INFO  Test worker     d.u.i.k.n.KeyIO           MODE: declarations took 0 ms 
358378     DEBUG Test worker     d.u.i.k.n.KeyIO           MODE: 2nd degree decls took 0 
358378     INFO  Test worker     d.u.i.k.n.KeyIO           Parsing took 0 ms 
358378     DEBUG Test worker     d.u.i.k.n.KeyIO           Load declarations of de.uka.ilkd.key.nparser.KeyAst$File:  <unknown>:1#1 
358378     INFO  Test worker     d.u.i.k.n.KeyIO           MODE: declarations took 0 ms 
358378     DEBUG Test worker     d.u.i.k.n.KeyIO           MODE: 2nd degree decls took 0 
361349     INFO  Test worker     d.u.i.k.n.KeyIO           Parsing took 0 ms 
361349     DEBUG Test worker     d.u.i.k.n.KeyIO           Load declarations of de.uka.ilkd.key.nparser.KeyAst$File:  <unknown>:1#1 
361349     INFO  Test worker     d.u.i.k.n.KeyIO           MODE: declarations took 0 ms 
361349     DEBUG Test worker     d.u.i.k.n.KeyIO           MODE: 2nd degree decls took 0 
361349     INFO  Test worker     d.u.i.k.n.KeyIO           Parsing took 0 ms 
361349     DEBUG Test worker     d.u.i.k.n.KeyIO           Load declarations of de.uka.ilkd.key.nparser.KeyAst$File:  <unknown>:1#1 
361349     INFO  Test worker     d.u.i.k.n.KeyIO           MODE: declarations took 0 ms 
361349     DEBUG Test worker     d.u.i.k.n.KeyIO           MODE: 2nd degree decls took 0 
361349     INFO  Test worker     d.u.i.k.n.KeyIO           Parsing took 0 ms 
361349     DEBUG Test worker     d.u.i.k.n.KeyIO           Load declarations of de.uka.ilkd.key.nparser.KeyAst$File:  <unknown>:1#1 
361349     INFO  Test worker     d.u.i.k.n.KeyIO           MODE: declarations took 0 ms 
361349     DEBUG Test worker     d.u.i.k.n.KeyIO           MODE: 2nd degree decls took 0 
361349     INFO  Test worker     d.u.i.k.n.KeyIO           Parsing took 0 ms 
361349     DEBUG Test worker     d.u.i.k.n.KeyIO           Load declarations of de.uka.ilkd.key.nparser.KeyAst$File:  <unknown>:1#1 
361349     INFO  Test worker     d.u.i.k.n.KeyIO           MODE: declarations took 0 ms 
361349     DEBUG Test worker     d.u.i.k.n.KeyIO           MODE: 2nd degree decls took 0 
361349     INFO  Test worker     d.u.i.k.n.KeyIO           Parsing took 0 ms 
361349     DEBUG Test worker     d.u.i.k.n.KeyIO           Load declarations of de.uka.ilkd.key.nparser.KeyAst$File:  <unknown>:1#1 
361349     INFO  Test worker     d.u.i.k.n.KeyIO           MODE: declarations took 0 ms 
361349     DEBUG Test worker     d.u.i.k.n.KeyIO           MODE: 2nd degree decls took 0 
364181     INFO  Test worker     d.u.i.k.n.KeyIO           Parsing took 0 ms 
364181     DEBUG Test worker     d.u.i.k.n.KeyIO           Load declarations of de.uka.ilkd.key.nparser.KeyAst$File:  <unknown>:1#1 
364181     INFO  Test worker     d.u.i.k.n.KeyIO           MODE: declarations took 0 ms 
364181     DEBUG Test worker     d.u.i.k.n.KeyIO           MODE: 2nd degree decls took 0 
364181     INFO  Test worker     d.u.i.k.n.KeyIO           Parsing took 0 ms 
364181     DEBUG Test worker     d.u.i.k.n.KeyIO           Load declarations of de.uka.ilkd.key.nparser.KeyAst$File:  <unknown>:1#1 
364181     INFO  Test worker     d.u.i.k.n.KeyIO           MODE: declarations took 0 ms 
364181     DEBUG Test worker     d.u.i.k.n.KeyIO           MODE: 2nd degree decls took 0 
364181     INFO  Test worker     d.u.i.k.n.KeyIO           Parsing took 0 ms 
364181     DEBUG Test worker     d.u.i.k.n.KeyIO           Load declarations of de.uka.ilkd.key.nparser.KeyAst$File:  <unknown>:1#1 
364181     INFO  Test worker     d.u.i.k.n.KeyIO           MODE: declarations took 0 ms 
364181     DEBUG Test worker     d.u.i.k.n.KeyIO           MODE: 2nd degree decls took 0 
364181     INFO  Test worker     d.u.i.k.n.KeyIO           Parsing took 0 ms 
364181     DEBUG Test worker     d.u.i.k.n.KeyIO           Load declarations of de.uka.ilkd.key.nparser.KeyAst$File:  <unknown>:1#1 
364181     INFO  Test worker     d.u.i.k.n.KeyIO           MODE: declarations took 0 ms 
364181     DEBUG Test worker     d.u.i.k.n.KeyIO           MODE: 2nd degree decls took 0 
364181     INFO  Test worker     d.u.i.k.n.KeyIO           Parsing took 0 ms 
364181     DEBUG Test worker     d.u.i.k.n.KeyIO           Load declarations of de.uka.ilkd.key.nparser.KeyAst$File:  <unknown>:1#1 
364181     INFO  Test worker     d.u.i.k.n.KeyIO           MODE: declarations took 0 ms 
364181     DEBUG Test worker     d.u.i.k.n.KeyIO           MODE: 2nd degree decls took 0 
366982     INFO  Test worker     d.u.i.k.n.KeyIO           Parsing took 0 ms 
366982     DEBUG Test worker     d.u.i.k.n.KeyIO           Load declarations of de.uka.ilkd.key.nparser.KeyAst$File:  <unknown>:1#1 
366982     INFO  Test worker     d.u.i.k.n.KeyIO           MODE: declarations took 0 ms 
366982     DEBUG Test worker     d.u.i.k.n.KeyIO           MODE: 2nd degree decls took 0 
366982     INFO  Test worker     d.u.i.k.n.KeyIO           Parsing took 0 ms 
366982     DEBUG Test worker     d.u.i.k.n.KeyIO           Load declarations of de.uka.ilkd.key.nparser.KeyAst$File:  <unknown>:1#1 
366982     INFO  Test worker     d.u.i.k.n.KeyIO           MODE: declarations took 0 ms 
366982     DEBUG Test worker     d.u.i.k.n.KeyIO           MODE: 2nd degree decls took 0 
366982     INFO  Test worker     d.u.i.k.n.KeyIO           Parsing took 0 ms 
366982     DEBUG Test worker     d.u.i.k.n.KeyIO           Load declarations of de.uka.ilkd.key.nparser.KeyAst$File:  <unknown>:1#1 
366982     INFO  Test worker     d.u.i.k.n.KeyIO           MODE: declarations took 0 ms 
366982     DEBUG Test worker     d.u.i.k.n.KeyIO           MODE: 2nd degree decls took 0 
366982     INFO  Test worker     d.u.i.k.n.KeyIO           Parsing took 0 ms 
366982     DEBUG Test worker     d.u.i.k.n.KeyIO           Load declarations of de.uka.ilkd.key.nparser.KeyAst$File:  <unknown>:1#1 
366982     INFO  Test worker     d.u.i.k.n.KeyIO           MODE: declarations took 0 ms 
366982     DEBUG Test worker     d.u.i.k.n.KeyIO           MODE: 2nd degree decls took 0 
366982     INFO  Test worker     d.u.i.k.n.KeyIO           Parsing took 0 ms 
366982     DEBUG Test worker     d.u.i.k.n.KeyIO           Load declarations of de.uka.ilkd.key.nparser.KeyAst$File:  <unknown>:1#1 
366982     INFO  Test worker     d.u.i.k.n.KeyIO           MODE: declarations took 0 ms 
366982     DEBUG Test worker     d.u.i.k.n.KeyIO           MODE: 2nd degree decls took 0 
369771     INFO  Test worker     d.u.i.k.n.KeyIO           Parsing took 0 ms 
369771     DEBUG Test worker     d.u.i.k.n.KeyIO           Load declarations of de.uka.ilkd.key.nparser.KeyAst$File:  <unknown>:1#1 
369771     INFO  Test worker     d.u.i.k.n.KeyIO           MODE: declarations took 0 ms 
369771     DEBUG Test worker     d.u.i.k.n.KeyIO           MODE: 2nd degree decls took 0 
369771     INFO  Test worker     d.u.i.k.n.KeyIO           Parsing took 0 ms 
369771     DEBUG Test worker     d.u.i.k.n.KeyIO           Load declarations of de.uka.ilkd.key.nparser.KeyAst$File:  <unknown>:1#1 
369771     INFO  Test worker     d.u.i.k.n.KeyIO           MODE: declarations took 0 ms 
369771     DEBUG Test worker     d.u.i.k.n.KeyIO           MODE: 2nd degree decls took 0 
369771     INFO  Test worker     d.u.i.k.n.KeyIO           Parsing took 0 ms 
369771     DEBUG Test worker     d.u.i.k.n.KeyIO           Load declarations of de.uka.ilkd.key.nparser.KeyAst$File:  <unknown>:1#1 
369771     INFO  Test worker     d.u.i.k.n.KeyIO           MODE: declarations took 0 ms 
369771     DEBUG Test worker     d.u.i.k.n.KeyIO           MODE: 2nd degree decls took 0 
369771     INFO  Test worker     d.u.i.k.n.KeyIO           Parsing took 0 ms 
369771     DEBUG Test worker     d.u.i.k.n.KeyIO           Load declarations of de.uka.ilkd.key.nparser.KeyAst$File:  <unknown>:1#1 
369771     INFO  Test worker     d.u.i.k.n.KeyIO           MODE: declarations took 0 ms 
369771     DEBUG Test worker     d.u.i.k.n.KeyIO           MODE: 2nd degree decls took 0 
369771     INFO  Test worker     d.u.i.k.n.KeyIO           Parsing took 0 ms 
369771     DEBUG Test worker     d.u.i.k.n.KeyIO           Load declarations of de.uka.ilkd.key.nparser.KeyAst$File:  <unknown>:1#1 
369771     INFO  Test worker     d.u.i.k.n.KeyIO           MODE: declarations took 0 ms 
369771     DEBUG Test worker     d.u.i.k.n.KeyIO           MODE: 2nd degree decls took 0 
372521     INFO  Test worker     d.u.i.k.n.KeyIO           Parsing took 0 ms 
372521     DEBUG Test worker     d.u.i.k.n.KeyIO           Load declarations of de.uka.ilkd.key.nparser.KeyAst$File:  <unknown>:1#1 
372521     INFO  Test worker     d.u.i.k.n.KeyIO           MODE: declarations took 0 ms 
372521     DEBUG Test worker     d.u.i.k.n.KeyIO           MODE: 2nd degree decls took 0 
372521     INFO  Test worker     d.u.i.k.n.KeyIO           Parsing took 0 ms 
372521     DEBUG Test worker     d.u.i.k.n.KeyIO           Load declarations of de.uka.ilkd.key.nparser.KeyAst$File:  <unknown>:1#1 
372521     INFO  Test worker     d.u.i.k.n.KeyIO           MODE: declarations took 0 ms 
372521     DEBUG Test worker     d.u.i.k.n.KeyIO           MODE: 2nd degree decls took 0 
372521     INFO  Test worker     d.u.i.k.n.KeyIO           Parsing took 0 ms 
372521     DEBUG Test worker     d.u.i.k.n.KeyIO           Load declarations of de.uka.ilkd.key.nparser.KeyAst$File:  <unknown>:1#1 
372521     INFO  Test worker     d.u.i.k.n.KeyIO           MODE: declarations took 0 ms 
372521     DEBUG Test worker     d.u.i.k.n.KeyIO           MODE: 2nd degree decls took 0 
372521     INFO  Test worker     d.u.i.k.n.KeyIO           Parsing took 0 ms 
372521     DEBUG Test worker     d.u.i.k.n.KeyIO           Load declarations of de.uka.ilkd.key.nparser.KeyAst$File:  <unknown>:1#1 
372521     INFO  Test worker     d.u.i.k.n.KeyIO           MODE: declarations took 0 ms 
372521     DEBUG Test worker     d.u.i.k.n.KeyIO           MODE: 2nd degree decls took 0 
372521     INFO  Test worker     d.u.i.k.n.KeyIO           Parsing took 0 ms 
372521     DEBUG Test worker     d.u.i.k.n.KeyIO           Load declarations of de.uka.ilkd.key.nparser.KeyAst$File:  <unknown>:1#1 
372521     INFO  Test worker     d.u.i.k.n.KeyIO           MODE: declarations took 0 ms 
372521     DEBUG Test worker     d.u.i.k.n.KeyIO           MODE: 2nd degree decls took 0 
375312     INFO  Test worker     d.u.i.k.n.KeyIO           Parsing took 0 ms 
375312     DEBUG Test worker     d.u.i.k.n.KeyIO           Load declarations of de.uka.ilkd.key.nparser.KeyAst$File:  <unknown>:1#1 
375312     INFO  Test worker     d.u.i.k.n.KeyIO           MODE: declarations took 0 ms 
375312     DEBUG Test worker     d.u.i.k.n.KeyIO           MODE: 2nd degree decls took 0 
375312     INFO  Test worker     d.u.i.k.n.KeyIO           Parsing took 0 ms 
375312     DEBUG Test worker     d.u.i.k.n.KeyIO           Load declarations of de.uka.ilkd.key.nparser.KeyAst$File:  <unknown>:1#1 
375312     INFO  Test worker     d.u.i.k.n.KeyIO           MODE: declarations took 0 ms 
375312     DEBUG Test worker     d.u.i.k.n.KeyIO           MODE: 2nd degree decls took 0 
375312     INFO  Test worker     d.u.i.k.n.KeyIO           Parsing took 0 ms 
375312     DEBUG Test worker     d.u.i.k.n.KeyIO           Load declarations of de.uka.ilkd.key.nparser.KeyAst$File:  <unknown>:1#1 
375312     INFO  Test worker     d.u.i.k.n.KeyIO           MODE: declarations took 0 ms 
375312     DEBUG Test worker     d.u.i.k.n.KeyIO           MODE: 2nd degree decls took 0 
375312     INFO  Test worker     d.u.i.k.n.KeyIO           Parsing took 0 ms 
375312     DEBUG Test worker     d.u.i.k.n.KeyIO           Load declarations of de.uka.ilkd.key.nparser.KeyAst$File:  <unknown>:1#1 
375312     INFO  Test worker     d.u.i.k.n.KeyIO           MODE: declarations took 0 ms 
375312     DEBUG Test worker     d.u.i.k.n.KeyIO           MODE: 2nd degree decls took 0 
375312     INFO  Test worker     d.u.i.k.n.KeyIO           Parsing took 0 ms 
375312     DEBUG Test worker     d.u.i.k.n.KeyIO           Load declarations of de.uka.ilkd.key.nparser.KeyAst$File:  <unknown>:1#1 
375312     INFO  Test worker     d.u.i.k.n.KeyIO           MODE: declarations took 0 ms 
375312     DEBUG Test worker     d.u.i.k.n.KeyIO           MODE: 2nd degree decls took 0 
378142     INFO  Test worker     d.u.i.k.n.KeyIO           Parsing took 0 ms 
378142     DEBUG Test worker     d.u.i.k.n.KeyIO           Load declarations of de.uka.ilkd.key.nparser.KeyAst$File:  <unknown>:1#1 
378142     INFO  Test worker     d.u.i.k.n.KeyIO           MODE: declarations took 0 ms 
378142     DEBUG Test worker     d.u.i.k.n.KeyIO           MODE: 2nd degree decls took 0 
378142     INFO  Test worker     d.u.i.k.n.KeyIO           Parsing took 0 ms 
378142     DEBUG Test worker     d.u.i.k.n.KeyIO           Load declarations of de.uka.ilkd.key.nparser.KeyAst$File:  <unknown>:1#1 
378142     INFO  Test worker     d.u.i.k.n.KeyIO           MODE: declarations took 0 ms 
378142     DEBUG Test worker     d.u.i.k.n.KeyIO           MODE: 2nd degree decls took 0 
378142     INFO  Test worker     d.u.i.k.n.KeyIO           Parsing took 0 ms 
378142     DEBUG Test worker     d.u.i.k.n.KeyIO           Load declarations of de.uka.ilkd.key.nparser.KeyAst$File:  <unknown>:1#1 
378142     INFO  Test worker     d.u.i.k.n.KeyIO           MODE: declarations took 0 ms 
378142     DEBUG Test worker     d.u.i.k.n.KeyIO           MODE: 2nd degree decls took 0 
378142     INFO  Test worker     d.u.i.k.n.KeyIO           Parsing took 0 ms 
378142     DEBUG Test worker     d.u.i.k.n.KeyIO           Load declarations of de.uka.ilkd.key.nparser.KeyAst$File:  <unknown>:1#1 
378142     INFO  Test worker     d.u.i.k.n.KeyIO           MODE: declarations took 0 ms 
378142     DEBUG Test worker     d.u.i.k.n.KeyIO           MODE: 2nd degree decls took 0 
378142     INFO  Test worker     d.u.i.k.n.KeyIO           Parsing took 0 ms 
378142     DEBUG Test worker     d.u.i.k.n.KeyIO           Load declarations of de.uka.ilkd.key.nparser.KeyAst$File:  <unknown>:1#1 
378142     INFO  Test worker     d.u.i.k.n.KeyIO           MODE: declarations took 0 ms 
378142     DEBUG Test worker     d.u.i.k.n.KeyIO           MODE: 2nd degree decls took 0 
380904     INFO  Test worker     d.u.i.k.n.KeyIO           Parsing took 0 ms 
380904     DEBUG Test worker     d.u.i.k.n.KeyIO           Load declarations of de.uka.ilkd.key.nparser.KeyAst$File:  <unknown>:1#1 
380904     INFO  Test worker     d.u.i.k.n.KeyIO           MODE: declarations took 0 ms 
380904     DEBUG Test worker     d.u.i.k.n.KeyIO           MODE: 2nd degree decls took 0 
380904     INFO  Test worker     d.u.i.k.n.KeyIO           Parsing took 0 ms 
380904     DEBUG Test worker     d.u.i.k.n.KeyIO           Load declarations of de.uka.ilkd.key.nparser.KeyAst$File:  <unknown>:1#1 
380904     INFO  Test worker     d.u.i.k.n.KeyIO           MODE: declarations took 0 ms 
380904     DEBUG Test worker     d.u.i.k.n.KeyIO           MODE: 2nd degree decls took 0 
380904     INFO  Test worker     d.u.i.k.n.KeyIO           Parsing took 0 ms 
380904     DEBUG Test worker     d.u.i.k.n.KeyIO           Load declarations of de.uka.ilkd.key.nparser.KeyAst$File:  <unknown>:1#1 
380904     INFO  Test worker     d.u.i.k.n.KeyIO           MODE: declarations took 0 ms 
380904     DEBUG Test worker     d.u.i.k.n.KeyIO           MODE: 2nd degree decls took 0 
380904     INFO  Test worker     d.u.i.k.n.KeyIO           Parsing took 0 ms 
380904     DEBUG Test worker     d.u.i.k.n.KeyIO           Load declarations of de.uka.ilkd.key.nparser.KeyAst$File:  <unknown>:1#1 
380904     INFO  Test worker     d.u.i.k.n.KeyIO           MODE: declarations took 0 ms 
380904     DEBUG Test worker     d.u.i.k.n.KeyIO           MODE: 2nd degree decls took 0 
380904     INFO  Test worker     d.u.i.k.n.KeyIO           Parsing took 0 ms 
380904     DEBUG Test worker     d.u.i.k.n.KeyIO           Load declarations of de.uka.ilkd.key.nparser.KeyAst$File:  <unknown>:1#1 
380904     INFO  Test worker     d.u.i.k.n.KeyIO           MODE: declarations took 0 ms 
380904     DEBUG Test worker     d.u.i.k.n.KeyIO           MODE: 2nd degree decls took 0 
383687     INFO  Test worker     d.u.i.k.n.KeyIO           Parsing took 0 ms 
383687     DEBUG Test worker     d.u.i.k.n.KeyIO           Load declarations of de.uka.ilkd.key.nparser.KeyAst$File:  <unknown>:1#1 
383687     INFO  Test worker     d.u.i.k.n.KeyIO           MODE: declarations took 0 ms 
383687     DEBUG Test worker     d.u.i.k.n.KeyIO           MODE: 2nd degree decls took 0 
383687     INFO  Test worker     d.u.i.k.n.KeyIO           Parsing took 0 ms 
383687     DEBUG Test worker     d.u.i.k.n.KeyIO           Load declarations of de.uka.ilkd.key.nparser.KeyAst$File:  <unknown>:1#1 
383687     INFO  Test worker     d.u.i.k.n.KeyIO           MODE: declarations took 0 ms 
383687     DEBUG Test worker     d.u.i.k.n.KeyIO           MODE: 2nd degree decls took 0 
383687     INFO  Test worker     d.u.i.k.n.KeyIO           Parsing took 0 ms 
383687     DEBUG Test worker     d.u.i.k.n.KeyIO           Load declarations of de.uka.ilkd.key.nparser.KeyAst$File:  <unknown>:1#1 
383687     INFO  Test worker     d.u.i.k.n.KeyIO           MODE: declarations took 0 ms 
383687     DEBUG Test worker     d.u.i.k.n.KeyIO           MODE: 2nd degree decls took 0 
383687     INFO  Test worker     d.u.i.k.n.KeyIO           Parsing took 0 ms 
383687     DEBUG Test worker     d.u.i.k.n.KeyIO           Load declarations of de.uka.ilkd.key.nparser.KeyAst$File:  <unknown>:1#1 
383687     INFO  Test worker     d.u.i.k.n.KeyIO           MODE: declarations took 0 ms 
383687     DEBUG Test worker     d.u.i.k.n.KeyIO           MODE: 2nd degree decls took 0 
383687     INFO  Test worker     d.u.i.k.n.KeyIO           Parsing took 0 ms 
383687     DEBUG Test worker     d.u.i.k.n.KeyIO           Load declarations of de.uka.ilkd.key.nparser.KeyAst$File:  <unknown>:1#1 
383687     INFO  Test worker     d.u.i.k.n.KeyIO           MODE: declarations took 0 ms 
383687     DEBUG Test worker     d.u.i.k.n.KeyIO           MODE: 2nd degree decls took 0 
386498     INFO  Test worker     d.u.i.k.n.KeyIO           Parsing took 0 ms 
386498     DEBUG Test worker     d.u.i.k.n.KeyIO           Load declarations of de.uka.ilkd.key.nparser.KeyAst$File:  <unknown>:1#1 
386498     INFO  Test worker     d.u.i.k.n.KeyIO           MODE: declarations took 0 ms 
386498     DEBUG Test worker     d.u.i.k.n.KeyIO           MODE: 2nd degree decls took 0 
386498     INFO  Test worker     d.u.i.k.n.KeyIO           Parsing took 0 ms 
386498     DEBUG Test worker     d.u.i.k.n.KeyIO           Load declarations of de.uka.ilkd.key.nparser.KeyAst$File:  <unknown>:1#1 
386498     INFO  Test worker     d.u.i.k.n.KeyIO           MODE: declarations took 0 ms 
386498     DEBUG Test worker     d.u.i.k.n.KeyIO           MODE: 2nd degree decls took 0 
386498     INFO  Test worker     d.u.i.k.n.KeyIO           Parsing took 0 ms 
386498     DEBUG Test worker     d.u.i.k.n.KeyIO           Load declarations of de.uka.ilkd.key.nparser.KeyAst$File:  <unknown>:1#1 
386498     INFO  Test worker     d.u.i.k.n.KeyIO           MODE: declarations took 0 ms 
386498     DEBUG Test worker     d.u.i.k.n.KeyIO           MODE: 2nd degree decls took 0 
386498     INFO  Test worker     d.u.i.k.n.KeyIO           Parsing took 0 ms 
386498     DEBUG Test worker     d.u.i.k.n.KeyIO           Load declarations of de.uka.ilkd.key.nparser.KeyAst$File:  <unknown>:1#1 
386498     INFO  Test worker     d.u.i.k.n.KeyIO           MODE: declarations took 0 ms 
386498     DEBUG Test worker     d.u.i.k.n.KeyIO           MODE: 2nd degree decls took 0 
386498     INFO  Test worker     d.u.i.k.n.KeyIO           Parsing took 0 ms 
386498     DEBUG Test worker     d.u.i.k.n.KeyIO           Load declarations of de.uka.ilkd.key.nparser.KeyAst$File:  <unknown>:1#1 
386498     INFO  Test worker     d.u.i.k.n.KeyIO           MODE: declarations took 0 ms 
386498     DEBUG Test worker     d.u.i.k.n.KeyIO           MODE: 2nd degree decls took 0 
389197     INFO  Test worker     d.u.i.k.n.KeyIO           Parsing took 0 ms 
389197     DEBUG Test worker     d.u.i.k.n.KeyIO           Load declarations of de.uka.ilkd.key.nparser.KeyAst$File:  <unknown>:1#1 
389197     INFO  Test worker     d.u.i.k.n.KeyIO           MODE: declarations took 0 ms 
389197     DEBUG Test worker     d.u.i.k.n.KeyIO           MODE: 2nd degree decls took 0 
389197     INFO  Test worker     d.u.i.k.n.KeyIO           Parsing took 0 ms 
389197     DEBUG Test worker     d.u.i.k.n.KeyIO           Load declarations of de.uka.ilkd.key.nparser.KeyAst$File:  <unknown>:1#1 
389197     INFO  Test worker     d.u.i.k.n.KeyIO           MODE: declarations took 0 ms 
389197     DEBUG Test worker     d.u.i.k.n.KeyIO           MODE: 2nd degree decls took 0 
389197     INFO  Test worker     d.u.i.k.n.KeyIO           Parsing took 0 ms 
389197     DEBUG Test worker     d.u.i.k.n.KeyIO           Load declarations of de.uka.ilkd.key.nparser.KeyAst$File:  <unknown>:1#1 
389197     INFO  Test worker     d.u.i.k.n.KeyIO           MODE: declarations took 0 ms 
389197     DEBUG Test worker     d.u.i.k.n.KeyIO           MODE: 2nd degree decls took 0 
389197     INFO  Test worker     d.u.i.k.n.KeyIO           Parsing took 0 ms 
389197     DEBUG Test worker     d.u.i.k.n.KeyIO           Load declarations of de.uka.ilkd.key.nparser.KeyAst$File:  <unknown>:1#1 
389213     INFO  Test worker     d.u.i.k.n.KeyIO           MODE: declarations took 16 ms 
389213     DEBUG Test worker     d.u.i.k.n.KeyIO           MODE: 2nd degree decls took 0 
389213     INFO  Test worker     d.u.i.k.n.KeyIO           Parsing took 0 ms 
389213     DEBUG Test worker     d.u.i.k.n.KeyIO           Load declarations of de.uka.ilkd.key.nparser.KeyAst$File:  <unknown>:1#1 
389213     INFO  Test worker     d.u.i.k.n.KeyIO           MODE: declarations took 0 ms 
389213     DEBUG Test worker     d.u.i.k.n.KeyIO           MODE: 2nd degree decls took 0 
391984     INFO  Test worker     d.u.i.k.n.KeyIO           Parsing took 0 ms 
391984     DEBUG Test worker     d.u.i.k.n.KeyIO           Load declarations of de.uka.ilkd.key.nparser.KeyAst$File:  <unknown>:1#1 
391984     INFO  Test worker     d.u.i.k.n.KeyIO           MODE: declarations took 0 ms 
391984     DEBUG Test worker     d.u.i.k.n.KeyIO           MODE: 2nd degree decls took 0 
391984     INFO  Test worker     d.u.i.k.n.KeyIO           Parsing took 0 ms 
391984     DEBUG Test worker     d.u.i.k.n.KeyIO           Load declarations of de.uka.ilkd.key.nparser.KeyAst$File:  <unknown>:1#1 
391984     INFO  Test worker     d.u.i.k.n.KeyIO           MODE: declarations took 0 ms 
391984     DEBUG Test worker     d.u.i.k.n.KeyIO           MODE: 2nd degree decls took 0 
391984     INFO  Test worker     d.u.i.k.n.KeyIO           Parsing took 0 ms 
391984     DEBUG Test worker     d.u.i.k.n.KeyIO           Load declarations of de.uka.ilkd.key.nparser.KeyAst$File:  <unknown>:1#1 
391984     INFO  Test worker     d.u.i.k.n.KeyIO           MODE: declarations took 0 ms 
391984     DEBUG Test worker     d.u.i.k.n.KeyIO           MODE: 2nd degree decls took 0 
391984     INFO  Test worker     d.u.i.k.n.KeyIO           Parsing took 0 ms 
391984     DEBUG Test worker     d.u.i.k.n.KeyIO           Load declarations of de.uka.ilkd.key.nparser.KeyAst$File:  <unknown>:1#1 
391984     INFO  Test worker     d.u.i.k.n.KeyIO           MODE: declarations took 0 ms 
391984     DEBUG Test worker     d.u.i.k.n.KeyIO           MODE: 2nd degree decls took 0 
391984     INFO  Test worker     d.u.i.k.n.KeyIO           Parsing took 0 ms 
391984     DEBUG Test worker     d.u.i.k.n.KeyIO           Load declarations of de.uka.ilkd.key.nparser.KeyAst$File:  <unknown>:1#1 
391984     INFO  Test worker     d.u.i.k.n.KeyIO           MODE: declarations took 0 ms 
391984     DEBUG Test worker     d.u.i.k.n.KeyIO           MODE: 2nd degree decls took 0 
394779     INFO  Test worker     d.u.i.k.n.KeyIO           Parsing took 0 ms 
394779     DEBUG Test worker     d.u.i.k.n.KeyIO           Load declarations of de.uka.ilkd.key.nparser.KeyAst$File:  <unknown>:1#1 
394779     INFO  Test worker     d.u.i.k.n.KeyIO           MODE: declarations took 0 ms 
394779     DEBUG Test worker     d.u.i.k.n.KeyIO           MODE: 2nd degree decls took 0 
394779     INFO  Test worker     d.u.i.k.n.KeyIO           Parsing took 0 ms 
394779     DEBUG Test worker     d.u.i.k.n.KeyIO           Load declarations of de.uka.ilkd.key.nparser.KeyAst$File:  <unknown>:1#1 
394779     INFO  Test worker     d.u.i.k.n.KeyIO           MODE: declarations took 0 ms 
394779     DEBUG Test worker     d.u.i.k.n.KeyIO           MODE: 2nd degree decls took 0 
394779     INFO  Test worker     d.u.i.k.n.KeyIO           Parsing took 0 ms 
394779     DEBUG Test worker     d.u.i.k.n.KeyIO           Load declarations of de.uka.ilkd.key.nparser.KeyAst$File:  <unknown>:1#1 
394779     INFO  Test worker     d.u.i.k.n.KeyIO           MODE: declarations took 0 ms 
394779     DEBUG Test worker     d.u.i.k.n.KeyIO           MODE: 2nd degree decls took 0 
394779     INFO  Test worker     d.u.i.k.n.KeyIO           Parsing took 0 ms 
394779     DEBUG Test worker     d.u.i.k.n.KeyIO           Load declarations of de.uka.ilkd.key.nparser.KeyAst$File:  <unknown>:1#1 
394779     INFO  Test worker     d.u.i.k.n.KeyIO           MODE: declarations took 0 ms 
394779     DEBUG Test worker     d.u.i.k.n.KeyIO           MODE: 2nd degree decls took 0 
394779     INFO  Test worker     d.u.i.k.n.KeyIO           Parsing took 0 ms 
394779     DEBUG Test worker     d.u.i.k.n.KeyIO           Load declarations of de.uka.ilkd.key.nparser.KeyAst$File:  <unknown>:1#1 
394779     INFO  Test worker     d.u.i.k.n.KeyIO           MODE: declarations took 0 ms 
394779     DEBUG Test worker     d.u.i.k.n.KeyIO           MODE: 2nd degree decls took 0 
397541     INFO  Test worker     d.u.i.k.n.KeyIO           Parsing took 0 ms 
397541     DEBUG Test worker     d.u.i.k.n.KeyIO           Load declarations of de.uka.ilkd.key.nparser.KeyAst$File:  <unknown>:1#1 
397541     INFO  Test worker     d.u.i.k.n.KeyIO           MODE: declarations took 0 ms 
397541     DEBUG Test worker     d.u.i.k.n.KeyIO           MODE: 2nd degree decls took 0 
397541     INFO  Test worker     d.u.i.k.n.KeyIO           Parsing took 0 ms 
397541     DEBUG Test worker     d.u.i.k.n.KeyIO           Load declarations of de.uka.ilkd.key.nparser.KeyAst$File:  <unknown>:1#1 
397541     INFO  Test worker     d.u.i.k.n.KeyIO           MODE: declarations took 0 ms 
397541     DEBUG Test worker     d.u.i.k.n.KeyIO           MODE: 2nd degree decls took 0 
397541     INFO  Test worker     d.u.i.k.n.KeyIO           Parsing took 0 ms 
397541     DEBUG Test worker     d.u.i.k.n.KeyIO           Load declarations of de.uka.ilkd.key.nparser.KeyAst$File:  <unknown>:1#1 
397541     INFO  Test worker     d.u.i.k.n.KeyIO           MODE: declarations took 0 ms 
397541     DEBUG Test worker     d.u.i.k.n.KeyIO           MODE: 2nd degree decls took 0 
397541     INFO  Test worker     d.u.i.k.n.KeyIO           Parsing took 0 ms 
397541     DEBUG Test worker     d.u.i.k.n.KeyIO           Load declarations of de.uka.ilkd.key.nparser.KeyAst$File:  <unknown>:1#1 
397541     INFO  Test worker     d.u.i.k.n.KeyIO           MODE: declarations took 0 ms 
397541     DEBUG Test worker     d.u.i.k.n.KeyIO           MODE: 2nd degree decls took 0 
397541     INFO  Test worker     d.u.i.k.n.KeyIO           Parsing took 0 ms 
397541     DEBUG Test worker     d.u.i.k.n.KeyIO           Load declarations of de.uka.ilkd.key.nparser.KeyAst$File:  <unknown>:1#1 
397541     INFO  Test worker     d.u.i.k.n.KeyIO           MODE: declarations took 0 ms 
397541     DEBUG Test worker     d.u.i.k.n.KeyIO           MODE: 2nd degree decls took 0 
400319     INFO  Test worker     d.u.i.k.n.KeyIO           Parsing took 0 ms 
400319     DEBUG Test worker     d.u.i.k.n.KeyIO           Load declarations of de.uka.ilkd.key.nparser.KeyAst$File:  <unknown>:1#1 
400319     INFO  Test worker     d.u.i.k.n.KeyIO           MODE: declarations took 0 ms 
400319     DEBUG Test worker     d.u.i.k.n.KeyIO           MODE: 2nd degree decls took 0 
400319     INFO  Test worker     d.u.i.k.n.KeyIO           Parsing took 0 ms 
400319     DEBUG Test worker     d.u.i.k.n.KeyIO           Load declarations of de.uka.ilkd.key.nparser.KeyAst$File:  <unknown>:1#1 
400319     INFO  Test worker     d.u.i.k.n.KeyIO           MODE: declarations took 0 ms 
400319     DEBUG Test worker     d.u.i.k.n.KeyIO           MODE: 2nd degree decls took 0 
400319     INFO  Test worker     d.u.i.k.n.KeyIO           Parsing took 0 ms 
400319     DEBUG Test worker     d.u.i.k.n.KeyIO           Load declarations of de.uka.ilkd.key.nparser.KeyAst$File:  <unknown>:1#1 
400319     INFO  Test worker     d.u.i.k.n.KeyIO           MODE: declarations took 0 ms 
400319     DEBUG Test worker     d.u.i.k.n.KeyIO           MODE: 2nd degree decls took 0 
400319     INFO  Test worker     d.u.i.k.n.KeyIO           Parsing took 0 ms 
400319     DEBUG Test worker     d.u.i.k.n.KeyIO           Load declarations of de.uka.ilkd.key.nparser.KeyAst$File:  <unknown>:1#1 
400319     INFO  Test worker     d.u.i.k.n.KeyIO           MODE: declarations took 0 ms 
400319     DEBUG Test worker     d.u.i.k.n.KeyIO           MODE: 2nd degree decls took 0 
400319     INFO  Test worker     d.u.i.k.n.KeyIO           Parsing took 0 ms 
400319     DEBUG Test worker     d.u.i.k.n.KeyIO           Load declarations of de.uka.ilkd.key.nparser.KeyAst$File:  <unknown>:1#1 
400319     INFO  Test worker     d.u.i.k.n.KeyIO           MODE: declarations took 0 ms 
400319     DEBUG Test worker     d.u.i.k.n.KeyIO           MODE: 2nd degree decls took 0 
403052     INFO  Test worker     d.u.i.k.n.KeyIO           Parsing took 0 ms 
403052     DEBUG Test worker     d.u.i.k.n.KeyIO           Load declarations of de.uka.ilkd.key.nparser.KeyAst$File:  <unknown>:1#1 
403052     INFO  Test worker     d.u.i.k.n.KeyIO           MODE: declarations took 0 ms 
403052     DEBUG Test worker     d.u.i.k.n.KeyIO           MODE: 2nd degree decls took 0 
403052     INFO  Test worker     d.u.i.k.n.KeyIO           Parsing took 0 ms 
403052     DEBUG Test worker     d.u.i.k.n.KeyIO           Load declarations of de.uka.ilkd.key.nparser.KeyAst$File:  <unknown>:1#1 
403052     INFO  Test worker     d.u.i.k.n.KeyIO           MODE: declarations took 0 ms 
403052     DEBUG Test worker     d.u.i.k.n.KeyIO           MODE: 2nd degree decls took 0 
403052     INFO  Test worker     d.u.i.k.n.KeyIO           Parsing took 0 ms 
403052     DEBUG Test worker     d.u.i.k.n.KeyIO           Load declarations of de.uka.ilkd.key.nparser.KeyAst$File:  <unknown>:1#1 
403052     INFO  Test worker     d.u.i.k.n.KeyIO           MODE: declarations took 0 ms 
403052     DEBUG Test worker     d.u.i.k.n.KeyIO           MODE: 2nd degree decls took 0 
403052     INFO  Test worker     d.u.i.k.n.KeyIO           Parsing took 0 ms 
403052     DEBUG Test worker     d.u.i.k.n.KeyIO           Load declarations of de.uka.ilkd.key.nparser.KeyAst$File:  <unknown>:1#1 
403052     INFO  Test worker     d.u.i.k.n.KeyIO           MODE: declarations took 0 ms 
403052     DEBUG Test worker     d.u.i.k.n.KeyIO           MODE: 2nd degree decls took 0 
403052     INFO  Test worker     d.u.i.k.n.KeyIO           Parsing took 0 ms 
403052     DEBUG Test worker     d.u.i.k.n.KeyIO           Load declarations of de.uka.ilkd.key.nparser.KeyAst$File:  <unknown>:1#1 
403052     INFO  Test worker     d.u.i.k.n.KeyIO           MODE: declarations took 0 ms 
403052     DEBUG Test worker     d.u.i.k.n.KeyIO           MODE: 2nd degree decls took 0 
405825     INFO  Test worker     d.u.i.k.n.KeyIO           Parsing took 0 ms 
405825     DEBUG Test worker     d.u.i.k.n.KeyIO           Load declarations of de.uka.ilkd.key.nparser.KeyAst$File:  <unknown>:1#1 
405825     INFO  Test worker     d.u.i.k.n.KeyIO           MODE: declarations took 0 ms 
405825     DEBUG Test worker     d.u.i.k.n.KeyIO           MODE: 2nd degree decls took 0 
405825     INFO  Test worker     d.u.i.k.n.KeyIO           Parsing took 0 ms 
405825     DEBUG Test worker     d.u.i.k.n.KeyIO           Load declarations of de.uka.ilkd.key.nparser.KeyAst$File:  <unknown>:1#1 
405825     INFO  Test worker     d.u.i.k.n.KeyIO           MODE: declarations took 0 ms 
405825     DEBUG Test worker     d.u.i.k.n.KeyIO           MODE: 2nd degree decls took 0 
405825     INFO  Test worker     d.u.i.k.n.KeyIO           Parsing took 0 ms 
405825     DEBUG Test worker     d.u.i.k.n.KeyIO           Load declarations of de.uka.ilkd.key.nparser.KeyAst$File:  <unknown>:1#1 
405825     INFO  Test worker     d.u.i.k.n.KeyIO           MODE: declarations took 0 ms 
405825     DEBUG Test worker     d.u.i.k.n.KeyIO           MODE: 2nd degree decls took 0 
405825     INFO  Test worker     d.u.i.k.n.KeyIO           Parsing took 0 ms 
405825     DEBUG Test worker     d.u.i.k.n.KeyIO           Load declarations of de.uka.ilkd.key.nparser.KeyAst$File:  <unknown>:1#1 
405825     INFO  Test worker     d.u.i.k.n.KeyIO           MODE: declarations took 0 ms 
405825     DEBUG Test worker     d.u.i.k.n.KeyIO           MODE: 2nd degree decls took 0 
405825     INFO  Test worker     d.u.i.k.n.KeyIO           Parsing took 0 ms 
405825     DEBUG Test worker     d.u.i.k.n.KeyIO           Load declarations of de.uka.ilkd.key.nparser.KeyAst$File:  <unknown>:1#1 
405825     INFO  Test worker     d.u.i.k.n.KeyIO           MODE: declarations took 0 ms 
405825     DEBUG Test worker     d.u.i.k.n.KeyIO           MODE: 2nd degree decls took 0 
408586     INFO  Test worker     d.u.i.k.n.KeyIO           Parsing took 0 ms 
408586     DEBUG Test worker     d.u.i.k.n.KeyIO           Load declarations of de.uka.ilkd.key.nparser.KeyAst$File:  <unknown>:1#1 
408586     INFO  Test worker     d.u.i.k.n.KeyIO           MODE: declarations took 0 ms 
408586     DEBUG Test worker     d.u.i.k.n.KeyIO           MODE: 2nd degree decls took 0 
408586     INFO  Test worker     d.u.i.k.n.KeyIO           Parsing took 0 ms 
408586     DEBUG Test worker     d.u.i.k.n.KeyIO           Load declarations of de.uka.ilkd.key.nparser.KeyAst$File:  <unknown>:1#1 
408586     INFO  Test worker     d.u.i.k.n.KeyIO           MODE: declarations took 0 ms 
408586     DEBUG Test worker     d.u.i.k.n.KeyIO           MODE: 2nd degree decls took 0 
408586     INFO  Test worker     d.u.i.k.n.KeyIO           Parsing took 0 ms 
408586     DEBUG Test worker     d.u.i.k.n.KeyIO           Load declarations of de.uka.ilkd.key.nparser.KeyAst$File:  <unknown>:1#1 
408586     INFO  Test worker     d.u.i.k.n.KeyIO           MODE: declarations took 0 ms 
408586     DEBUG Test worker     d.u.i.k.n.KeyIO           MODE: 2nd degree decls took 0 
408586     INFO  Test worker     d.u.i.k.n.KeyIO           Parsing took 0 ms 
408586     DEBUG Test worker     d.u.i.k.n.KeyIO           Load declarations of de.uka.ilkd.key.nparser.KeyAst$File:  <unknown>:1#1 
408586     INFO  Test worker     d.u.i.k.n.KeyIO           MODE: declarations took 0 ms 
408586     DEBUG Test worker     d.u.i.k.n.KeyIO           MODE: 2nd degree decls took 0 
408586     INFO  Test worker     d.u.i.k.n.KeyIO           Parsing took 0 ms 
408586     DEBUG Test worker     d.u.i.k.n.KeyIO           Load declarations of de.uka.ilkd.key.nparser.KeyAst$File:  <unknown>:1#1 
408586     INFO  Test worker     d.u.i.k.n.KeyIO           MODE: declarations took 0 ms 
408586     DEBUG Test worker     d.u.i.k.n.KeyIO           MODE: 2nd degree decls took 0 
]]></system-out>
  <system-err><![CDATA[]]></system-err>
</testsuite>
