<?xml version="1.0" encoding="UTF-8"?>
<testsuite name="de.uka.ilkd.key.rule.merge.MergeRuleTests" tests="11" skipped="0" failures="0" errors="0" timestamp="2023-05-12T07:55:06" hostname="fv-az252-451" time="78.569">
  <properties/>
  <testcase name="testDoManualGcdProof()" classname="de.uka.ilkd.key.rule.merge.MergeRuleTests" time="22.379"/>
  <testcase name="testLoadProofWithDiffVarsWithSameNameAndMPS()" classname="de.uka.ilkd.key.rule.merge.MergeRuleTests" time="3.322"/>
  <testcase name="testDoAutomaticGcdProofWithMergePointStatementAndBlockContract()" classname="de.uka.ilkd.key.rule.merge.MergeRuleTests" time="13.275"/>
  <testcase name="testLoadGcdProofWithPredAbstrAndUserChoices()" classname="de.uka.ilkd.key.rule.merge.MergeRuleTests" time="3.604"/>
  <testcase name="testLoadGcdProofWithPredAbstr()" classname="de.uka.ilkd.key.rule.merge.MergeRuleTests" time="4.669"/>
  <testcase name="testMergeThreeIndistinguishablePathConditionsWithITE()" classname="de.uka.ilkd.key.rule.merge.MergeRuleTests" time="3.121"/>
  <testcase name="testMergeIndistinguishablePathConditionsWithFullAnonymization()" classname="de.uka.ilkd.key.rule.merge.MergeRuleTests" time="2.764"/>
  <testcase name="testLoadClosedGcdProofWithMergePointStatements()" classname="de.uka.ilkd.key.rule.merge.MergeRuleTests" time="5.139"/>
  <testcase name="testMergeIndistinguishablePathConditionsWithITE()" classname="de.uka.ilkd.key.rule.merge.MergeRuleTests" time="3.021"/>
  <testcase name="testDoAutomaticGcdProofWithMergePointStatements()" classname="de.uka.ilkd.key.rule.merge.MergeRuleTests" time="13.077"/>
  <testcase name="testLoadGcdProof()" classname="de.uka.ilkd.key.rule.merge.MergeRuleTests" time="4.182"/>
  <system-out><![CDATA[468306     INFO  Test worker     d.u.i.k.p.i.AbstractProblemLoader Loading environment from src\test\resources\testcase\merge\gcd.key 
468306     DEBUG Test worker     d.u.i.k.p.i.AbstractProblemLoader Environment load took 187.8ns 
468306     INFO  Test worker     d.u.i.k.p.i.AbstractProblemLoader Creating init config 
468431     DEBUG Test worker     d.u.i.k.j.TypeConverter   No LDT found for Meta 
468431     DEBUG Test worker     d.u.i.k.j.TypeConverter   No LDT found for Meta 
468431     DEBUG Test worker     d.u.i.k.j.TypeConverter   No LDT found for Meta 
468431     DEBUG Test worker     d.u.i.k.j.TypeConverter   No LDT found for Meta 
468996     DEBUG Test worker     d.u.i.k.j.TypeConverter   No LDT found for JavaBigintExpression 
472388     DEBUG Test worker     d.u.i.k.p.i.AbstractProblemLoader Init config took 4.08s 
472435     INFO  Test worker     d.u.i.k.p.i.AbstractProblemLoader Replaying proof Gcd[Gcd::gcd(int,int)].JML normal_behavior operation contract.0 
472451     DEBUG Test worker     d.u.i.k.p.i.IntermediateProofReplayer Proof replay took 14.3ns 
490692     INFO  Test worker     d.u.i.k.p.i.AbstractProblemLoader Loading environment from src\test\resources\testcase\merge\A.differentVarsWithSameName.MPS.cut.closed.proof 
490692     DEBUG Test worker     d.u.i.k.p.i.AbstractProblemLoader Environment load took 319.5ns 
490708     INFO  Test worker     d.u.i.k.p.i.AbstractProblemLoader Creating init config 
493644     DEBUG Test worker     d.u.i.k.p.i.AbstractProblemLoader Init config took 2.94s 
493691     INFO  Test worker     d.u.i.k.p.i.AbstractProblemLoader Replaying proof A[A::m(boolean)].JML operation contract.0 
494014     DEBUG Test worker     d.u.i.k.p.i.IntermediateProofReplayer Proof replay took 315.13ms 
494014     INFO  Test worker     d.u.i.k.p.i.AbstractProblemLoader Loading environment from src\test\resources\testcase\merge\gcd.MPSAndBlockContract.key 
494014     DEBUG Test worker     d.u.i.k.p.i.AbstractProblemLoader Environment load took 148ns 
494014     INFO  Test worker     d.u.i.k.p.i.AbstractProblemLoader Creating init config 
497323     DEBUG Test worker     d.u.i.k.p.i.AbstractProblemLoader Init config took 3.3s 
497371     INFO  Test worker     d.u.i.k.p.i.AbstractProblemLoader Replaying proof Gcd[Gcd::gcdMPSAndBlockContract(int,int)].JML normal_behavior operation contract.0 
497371     DEBUG Test worker     d.u.i.k.p.i.IntermediateProofReplayer Proof replay took 32.7ns 
507291     INFO  Test worker     d.u.i.k.p.i.AbstractProblemLoader Loading environment from src\test\resources\testcase\merge\gcd.closed.predicateAbstractionWithUserChoices.proof 
507291     DEBUG Test worker     d.u.i.k.p.i.AbstractProblemLoader Environment load took 204ns 
507293     INFO  Test worker     d.u.i.k.p.i.AbstractProblemLoader Creating init config 
510189     DEBUG Test worker     d.u.i.k.p.i.AbstractProblemLoader Init config took 2.9s 
510236     INFO  Test worker     d.u.i.k.p.i.AbstractProblemLoader Replaying proof Gcd[Gcd::gcd(int,int)].JML normal_behavior operation contract.0 
510893     DEBUG Test worker     d.u.i.k.p.i.IntermediateProofReplayer Proof replay took 636.98ms 
510909     INFO  Test worker     d.u.i.k.p.i.AbstractProblemLoader Loading environment from src\test\resources\testcase\merge\gcd.closed.predicateabstraction.proof 
510909     DEBUG Test worker     d.u.i.k.p.i.AbstractProblemLoader Environment load took 476.5ns 
510909     INFO  Test worker     d.u.i.k.p.i.AbstractProblemLoader Creating init config 
513985     DEBUG Test worker     d.u.i.k.p.i.AbstractProblemLoader Init config took 3.08s 
514095     INFO  Test worker     d.u.i.k.p.i.AbstractProblemLoader Replaying proof Gcd[Gcd::gcd(int,int)].JML normal_behavior operation contract.0 
515565     DEBUG Test worker     d.u.i.k.p.i.IntermediateProofReplayer Proof replay took 1.32s 
515580     INFO  Test worker     d.u.i.k.p.i.AbstractProblemLoader Loading environment from src\test\resources\testcase\merge\IndistinguishablePathConditions.twoJoins.proof 
515580     DEBUG Test worker     d.u.i.k.p.i.AbstractProblemLoader Environment load took 468.7ns 
515580     INFO  Test worker     d.u.i.k.p.i.AbstractProblemLoader Creating init config 
518666     DEBUG Test worker     d.u.i.k.p.i.AbstractProblemLoader Init config took 3.07s 
518681     INFO  Test worker     d.u.i.k.p.i.AbstractProblemLoader Replaying proof IndistinguishablePathConditions.twoJoins.proof 
518697     DEBUG Test worker     d.u.i.k.p.i.IntermediateProofReplayer Proof replay took 938ns 
518697     INFO  Test worker     d.u.i.k.p.i.AbstractProblemLoader Loading environment from src\test\resources\testcase\merge\IndistinguishablePathConditions.proof 
518697     DEBUG Test worker     d.u.i.k.p.i.AbstractProblemLoader Environment load took 151.3ns 
518697     INFO  Test worker     d.u.i.k.p.i.AbstractProblemLoader Creating init config 
521416     DEBUG Test worker     d.u.i.k.p.i.AbstractProblemLoader Init config took 2.71s 
521433     INFO  Test worker     d.u.i.k.p.i.AbstractProblemLoader Replaying proof IndistinguishablePathConditions.proof 
521433     DEBUG Test worker     d.u.i.k.p.i.IntermediateProofReplayer Proof replay took 773.5ns 
521464     INFO  Test worker     d.u.i.k.p.i.AbstractProblemLoader Loading environment from src\test\resources\testcase\merge\gcd.mergePointStatements.closed.proof 
521464     DEBUG Test worker     d.u.i.k.p.i.AbstractProblemLoader Environment load took 249.1ns 
521464     INFO  Test worker     d.u.i.k.p.i.AbstractProblemLoader Creating init config 
524523     DEBUG Test worker     d.u.i.k.p.i.AbstractProblemLoader Init config took 3.06s 
524616     INFO  Test worker     d.u.i.k.p.i.AbstractProblemLoader Replaying proof Gcd[Gcd::gcdMPS(int,int)].JML normal_behavior operation contract.0 
526554     DEBUG Test worker     d.u.i.k.p.i.IntermediateProofReplayer Proof replay took 1.85s 
526601     INFO  Test worker     d.u.i.k.p.i.AbstractProblemLoader Loading environment from src\test\resources\testcase\merge\IndistinguishablePathConditions.proof 
526601     DEBUG Test worker     d.u.i.k.p.i.AbstractProblemLoader Environment load took 760.8ns 
526601     INFO  Test worker     d.u.i.k.p.i.AbstractProblemLoader Creating init config 
529592     DEBUG Test worker     d.u.i.k.p.i.AbstractProblemLoader Init config took 2.99s 
529608     INFO  Test worker     d.u.i.k.p.i.AbstractProblemLoader Replaying proof IndistinguishablePathConditions.proof 
529623     DEBUG Test worker     d.u.i.k.p.i.IntermediateProofReplayer Proof replay took 713ns 
529623     INFO  Test worker     d.u.i.k.p.i.AbstractProblemLoader Loading environment from src\test\resources\testcase\merge\gcd.mergePointStatements.key 
529623     DEBUG Test worker     d.u.i.k.p.i.AbstractProblemLoader Environment load took 409.2ns 
529623     INFO  Test worker     d.u.i.k.p.i.AbstractProblemLoader Creating init config 
532533     DEBUG Test worker     d.u.i.k.p.i.AbstractProblemLoader Init config took 2.9s 
532565     INFO  Test worker     d.u.i.k.p.i.AbstractProblemLoader Replaying proof Gcd[Gcd::gcdMPS(int,int)].JML normal_behavior operation contract.0 
532580     DEBUG Test worker     d.u.i.k.p.i.IntermediateProofReplayer Proof replay took 33.4ns 
542700     INFO  Test worker     d.u.i.k.p.i.AbstractProblemLoader Loading environment from src\test\resources\testcase\merge\gcd.closed.proof 
542700     DEBUG Test worker     d.u.i.k.p.i.AbstractProblemLoader Environment load took 273.1ns 
542700     INFO  Test worker     d.u.i.k.p.i.AbstractProblemLoader Creating init config 
545859     DEBUG Test worker     d.u.i.k.p.i.AbstractProblemLoader Init config took 3.15s 
545911     INFO  Test worker     d.u.i.k.p.i.AbstractProblemLoader Replaying proof Gcd[Gcd::gcd(int,int)].JML normal_behavior operation contract.0 
546882     DEBUG Test worker     d.u.i.k.p.i.IntermediateProofReplayer Proof replay took 945.97ms 
]]></system-out>
  <system-err><![CDATA[]]></system-err>
</testsuite>
