<?xml version="1.0" encoding="UTF-8"?>
<testsuite name="de.uka.ilkd.key.taclettranslation.TestTacletTranslator" tests="5" skipped="0" failures="0" errors="0" timestamp="2023-05-12T08:00:48" hostname="fv-az252-451" time="0.049">
  <properties/>
  <testcase name="testPropositional1()" classname="de.uka.ilkd.key.taclettranslation.TestTacletTranslator" time="0.036"/>
  <testcase name="testPropositional2()" classname="de.uka.ilkd.key.taclettranslation.TestTacletTranslator" time="0.003"/>
  <testcase name="testNegativePolarity()" classname="de.uka.ilkd.key.taclettranslation.TestTacletTranslator" time="0.004"/>
  <testcase name="testNoPolarity()" classname="de.uka.ilkd.key.taclettranslation.TestTacletTranslator" time="0.002"/>
  <testcase name="testPositivePolarity()" classname="de.uka.ilkd.key.taclettranslation.TestTacletTranslator" time="0.003"/>
  <system-out><![CDATA[810762     INFO  Test worker     d.u.i.k.n.KeyIO           Parsing took 0 ms 
810762     DEBUG Test worker     d.u.i.k.n.KeyIO           Load declarations of de.uka.ilkd.key.nparser.KeyAst$File:  <unknown>:1#1 
810762     INFO  Test worker     d.u.i.k.n.KeyIO           MODE: declarations took 0 ms 
810762     DEBUG Test worker     d.u.i.k.n.KeyIO           MODE: 2nd degree decls took 0 
810762     DEBUG Test worker     d.u.i.k.n.KeyIO           MODE: taclets took 0ms 
810812     INFO  Test worker     d.u.i.k.n.KeyIO           Parsing took 0 ms 
810812     DEBUG Test worker     d.u.i.k.n.KeyIO           Load declarations of de.uka.ilkd.key.nparser.KeyAst$File:  <unknown>:1#1 
810812     INFO  Test worker     d.u.i.k.n.KeyIO           MODE: declarations took 0 ms 
810812     DEBUG Test worker     d.u.i.k.n.KeyIO           MODE: 2nd degree decls took 0 
810812     DEBUG Test worker     d.u.i.k.n.KeyIO           MODE: taclets took 0ms 
810814     INFO  Test worker     d.u.i.k.n.KeyIO           Parsing took 0 ms 
810814     DEBUG Test worker     d.u.i.k.n.KeyIO           Load declarations of de.uka.ilkd.key.nparser.KeyAst$File:  <unknown>:1#1 
810814     INFO  Test worker     d.u.i.k.n.KeyIO           MODE: declarations took 0 ms 
810814     DEBUG Test worker     d.u.i.k.n.KeyIO           MODE: 2nd degree decls took 0 
810814     DEBUG Test worker     d.u.i.k.n.KeyIO           MODE: taclets took 0ms 
810814     INFO  Test worker     d.u.i.k.n.KeyIO           Parsing took 0 ms 
810814     DEBUG Test worker     d.u.i.k.n.KeyIO           Load declarations of de.uka.ilkd.key.nparser.KeyAst$File:  <unknown>:1#1 
810814     INFO  Test worker     d.u.i.k.n.KeyIO           MODE: declarations took 0 ms 
810814     DEBUG Test worker     d.u.i.k.n.KeyIO           MODE: 2nd degree decls took 0 
810814     DEBUG Test worker     d.u.i.k.n.KeyIO           MODE: taclets took 0ms 
810814     INFO  Test worker     d.u.i.k.n.KeyIO           Parsing took 0 ms 
810814     DEBUG Test worker     d.u.i.k.n.KeyIO           Load declarations of de.uka.ilkd.key.nparser.KeyAst$File:  <unknown>:1#1 
810814     INFO  Test worker     d.u.i.k.n.KeyIO           MODE: declarations took 0 ms 
810814     DEBUG Test worker     d.u.i.k.n.KeyIO           MODE: 2nd degree decls took 0 
810814     DEBUG Test worker     d.u.i.k.n.KeyIO           MODE: taclets took 0ms 
]]></system-out>
  <system-err><![CDATA[]]></system-err>
</testsuite>
