<?xml version="1.0" encoding="UTF-8"?>
<testsuite name="de.uka.ilkd.key.parser.TestTermParserSorts" tests="2" skipped="0" failures="0" errors="0" timestamp="2023-05-12T07:54:09" hostname="fv-az252-451" time="2.762">
  <properties/>
  <testcase name="testParseIntegerArgs()" classname="de.uka.ilkd.key.parser.TestTermParserSorts" time="0.021"/>
  <testcase name="testParseSequencePrettySyntax()" classname="de.uka.ilkd.key.parser.TestTermParserSorts" time="0.003"/>
  <system-out><![CDATA[411350     INFO  Test worker     d.u.i.k.n.KeyIO           Parsing took 0 ms 
411350     DEBUG Test worker     d.u.i.k.n.KeyIO           Load declarations of de.uka.ilkd.key.nparser.KeyAst$File:  <unknown>:1#1 
411350     INFO  Test worker     d.u.i.k.n.KeyIO           MODE: declarations took 0 ms 
411350     DEBUG Test worker     d.u.i.k.n.KeyIO           MODE: 2nd degree decls took 0 
411350     INFO  Test worker     d.u.i.k.n.KeyIO           Parsing took 0 ms 
411350     DEBUG Test worker     d.u.i.k.n.KeyIO           Load declarations of de.uka.ilkd.key.nparser.KeyAst$File:  <unknown>:1#1 
411350     INFO  Test worker     d.u.i.k.n.KeyIO           MODE: declarations took 0 ms 
411350     DEBUG Test worker     d.u.i.k.n.KeyIO           MODE: 2nd degree decls took 0 
411350     INFO  Test worker     d.u.i.k.n.KeyIO           Parsing took 0 ms 
411350     DEBUG Test worker     d.u.i.k.n.KeyIO           Load declarations of de.uka.ilkd.key.nparser.KeyAst$File:  <unknown>:1#1 
411350     INFO  Test worker     d.u.i.k.n.KeyIO           MODE: declarations took 0 ms 
411350     DEBUG Test worker     d.u.i.k.n.KeyIO           MODE: 2nd degree decls took 0 
414116     INFO  Test worker     d.u.i.k.n.KeyIO           Parsing took 0 ms 
414116     DEBUG Test worker     d.u.i.k.n.KeyIO           Load declarations of de.uka.ilkd.key.nparser.KeyAst$File:  <unknown>:1#1 
414116     INFO  Test worker     d.u.i.k.n.KeyIO           MODE: declarations took 0 ms 
414116     DEBUG Test worker     d.u.i.k.n.KeyIO           MODE: 2nd degree decls took 0 
414116     INFO  Test worker     d.u.i.k.n.KeyIO           Parsing took 0 ms 
414116     DEBUG Test worker     d.u.i.k.n.KeyIO           Load declarations of de.uka.ilkd.key.nparser.KeyAst$File:  <unknown>:1#1 
414116     INFO  Test worker     d.u.i.k.n.KeyIO           MODE: declarations took 0 ms 
414116     DEBUG Test worker     d.u.i.k.n.KeyIO           MODE: 2nd degree decls took 0 
414116     INFO  Test worker     d.u.i.k.n.KeyIO           Parsing took 0 ms 
414116     DEBUG Test worker     d.u.i.k.n.KeyIO           Load declarations of de.uka.ilkd.key.nparser.KeyAst$File:  <unknown>:1#1 
414116     INFO  Test worker     d.u.i.k.n.KeyIO           MODE: declarations took 0 ms 
414116     DEBUG Test worker     d.u.i.k.n.KeyIO           MODE: 2nd degree decls took 0 
]]></system-out>
  <system-err><![CDATA[]]></system-err>
</testsuite>
