<?xml version="1.0" encoding="UTF-8"?>
<testsuite name="de.uka.ilkd.key.proof.reference.TestReferenceSearcher" tests="1" skipped="0" failures="0" errors="0" timestamp="2023-05-12T07:54:32" hostname="fv-az252-451" time="7.423">
  <properties/>
  <testcase name="testFindsReferenceInSameProof()" classname="de.uka.ilkd.key.proof.reference.TestReferenceSearcher" time="7.423"/>
  <system-out><![CDATA[434546     INFO  Test worker     d.u.i.k.p.i.AbstractProblemLoader Loading environment from src\test\resources\testcase\..\..\..\..\..\key.ui\examples\heap\verifyThis15_1_RelaxedPrefix\relax.proof 
434546     DEBUG Test worker     d.u.i.k.p.i.AbstractProblemLoader Environment load took 212.3ns 
434561     INFO  Test worker     d.u.i.k.p.i.AbstractProblemLoader Creating init config 
437485     DEBUG Test worker     d.u.i.k.p.i.AbstractProblemLoader Init config took 2.92s 
437531     INFO  Test worker     d.u.i.k.p.i.AbstractProblemLoader Replaying proof Relaxed[Relaxed::isRelaxedPrefix([I,[I)].JML operation contract.0 
438329     DEBUG Test worker     d.u.i.k.p.i.IntermediateProofReplayer Proof replay took 728.09ms 
438329     INFO  Test worker     d.u.i.k.p.i.AbstractProblemLoader Loading environment from src\test\resources\testcase\..\..\..\..\..\key.ui\examples\heap\verifyThis15_1_RelaxedPrefix\relax.proof 
438329     DEBUG Test worker     d.u.i.k.p.i.AbstractProblemLoader Environment load took 649.4ns 
438329     INFO  Test worker     d.u.i.k.p.i.AbstractProblemLoader Creating init config 
441284     DEBUG Test worker     d.u.i.k.p.i.AbstractProblemLoader Init config took 2.95s 
441330     INFO  Test worker     d.u.i.k.p.i.AbstractProblemLoader Replaying proof Relaxed[Relaxed::isRelaxedPrefix([I,[I)].JML operation contract.0 
441893     DEBUG Test worker     d.u.i.k.p.i.IntermediateProofReplayer Proof replay took 540.79ms 
]]></system-out>
  <system-err><![CDATA[]]></system-err>
</testsuite>
