<?xml version="1.0" encoding="UTF-8"?>
<testsuite name="de.uka.ilkd.key.rule.merge.PredicateAbstractionLatticeTests" tests="3" skipped="0" failures="0" errors="0" timestamp="2023-05-12T07:56:24" hostname="fv-az252-451" time="5.655">
  <properties/>
  <testcase name="testToAndFromString()" classname="de.uka.ilkd.key.rule.merge.PredicateAbstractionLatticeTests" time="2.771"/>
  <testcase name="testCreateSignLatticeWithPredicates()" classname="de.uka.ilkd.key.rule.merge.PredicateAbstractionLatticeTests" time="2.883"/>
  <testcase name="testTrivialPredicatesLattice()" classname="de.uka.ilkd.key.rule.merge.PredicateAbstractionLatticeTests" time="0.001"/>
  <system-out><![CDATA[546898     INFO  Test worker     d.u.i.k.p.i.AbstractProblemLoader Loading environment from src\test\resources\testcase\merge\dummy.key 
546898     DEBUG Test worker     d.u.i.k.p.i.AbstractProblemLoader Environment load took 217.6ns 
546898     INFO  Test worker     d.u.i.k.p.i.AbstractProblemLoader Creating init config 
549636     DEBUG Test worker     d.u.i.k.p.i.AbstractProblemLoader Init config took 2.75s 
549652     INFO  Test worker     d.u.i.k.p.i.AbstractProblemLoader Replaying proof dummy.key 
549668     DEBUG Test worker     d.u.i.k.p.i.IntermediateProofReplayer Proof replay took 80ns 
549668     INFO  Test worker     d.u.i.k.p.i.AbstractProblemLoader Loading environment from src\test\resources\testcase\merge\dummy.key 
549668     DEBUG Test worker     d.u.i.k.p.i.AbstractProblemLoader Environment load took 147.4ns 
549668     INFO  Test worker     d.u.i.k.p.i.AbstractProblemLoader Creating init config 
552507     DEBUG Test worker     d.u.i.k.p.i.AbstractProblemLoader Init config took 2.84s 
552523     INFO  Test worker     d.u.i.k.p.i.AbstractProblemLoader Replaying proof dummy.key 
552538     DEBUG Test worker     d.u.i.k.p.i.IntermediateProofReplayer Proof replay took 6.6ns 
]]></system-out>
  <system-err><![CDATA[]]></system-err>
</testsuite>
