<?xml version="1.0" encoding="UTF-8"?>
<testsuite name="de.uka.ilkd.key.parser.TestDeclParser" tests="14" skipped="2" failures="0" errors="0" timestamp="2023-05-12T07:50:46" hostname="fv-az252-451" time="10.775">
  <properties/>
  <testcase name="testGenericSortDecl1()" classname="de.uka.ilkd.key.parser.TestDeclParser" time="0.947"/>
  <testcase name="testGenericSortDecl2()" classname="de.uka.ilkd.key.parser.TestDeclParser" time="0.829"/>
  <testcase name="testGenericSortDecl3()" classname="de.uka.ilkd.key.parser.TestDeclParser" time="0.891"/>
  <testcase name="testGenericSortDecl4()" classname="de.uka.ilkd.key.parser.TestDeclParser" time="0.825"/>
  <testcase name="testGenericSortDecl5()" classname="de.uka.ilkd.key.parser.TestDeclParser" time="0.0">
    <skipped/>
  </testcase>
  <testcase name="testGenericSortDecl6()" classname="de.uka.ilkd.key.parser.TestDeclParser" time="0.897"/>
  <testcase name="testSortDecl()" classname="de.uka.ilkd.key.parser.TestDeclParser" time="0.907"/>
  <testcase name="testProxySortDecl()" classname="de.uka.ilkd.key.parser.TestDeclParser" time="0.825"/>
  <testcase name="testArrayDecl()" classname="de.uka.ilkd.key.parser.TestDeclParser" time="0.915"/>
  <testcase name="testAmbiguousDecls()" classname="de.uka.ilkd.key.parser.TestDeclParser" time="0.001">
    <skipped/>
  </testcase>
  <testcase name="testHeurDecl()" classname="de.uka.ilkd.key.parser.TestDeclParser" time="0.931"/>
  <testcase name="testFunctionDecl()" classname="de.uka.ilkd.key.parser.TestDeclParser" time="0.847"/>
  <testcase name="testPredicateDecl()" classname="de.uka.ilkd.key.parser.TestDeclParser" time="1.042"/>
  <testcase name="testSVDecl()" classname="de.uka.ilkd.key.parser.TestDeclParser" time="0.915"/>
  <system-out><![CDATA[209887     INFO  Test worker     d.u.i.k.n.KeyIO           Parsing took 0 ms 
209887     DEBUG Test worker     d.u.i.k.n.KeyIO           Load declarations of de.uka.ilkd.key.nparser.KeyAst$File:  <unknown>:1#1 
209887     INFO  Test worker     d.u.i.k.n.KeyIO           MODE: declarations took 0 ms 
209887     DEBUG Test worker     d.u.i.k.n.KeyIO           MODE: 2nd degree decls took 0 
209887     DEBUG Test worker     d.u.i.k.n.KeyIO           MODE: taclets took 0ms 
210716     INFO  Test worker     d.u.i.k.n.KeyIO           Parsing took 0 ms 
210716     DEBUG Test worker     d.u.i.k.n.KeyIO           Load declarations of de.uka.ilkd.key.nparser.KeyAst$File:  <unknown>:1#1 
210716     INFO  Test worker     d.u.i.k.n.KeyIO           MODE: declarations took 0 ms 
210716     DEBUG Test worker     d.u.i.k.n.KeyIO           MODE: 2nd degree decls took 0 
210716     DEBUG Test worker     d.u.i.k.n.KeyIO           MODE: taclets took 0ms 
211610     INFO  Test worker     d.u.i.k.n.KeyIO           Parsing took 0 ms 
211610     DEBUG Test worker     d.u.i.k.n.KeyIO           Load declarations of de.uka.ilkd.key.nparser.KeyAst$File:  <unknown>:1#1 
211610     INFO  Test worker     d.u.i.k.n.KeyIO           MODE: declarations took 0 ms 
211610     DEBUG Test worker     d.u.i.k.n.KeyIO           MODE: 2nd degree decls took 0 
211610     DEBUG Test worker     d.u.i.k.n.KeyIO           MODE: taclets took 0ms 
212438     INFO  Test worker     d.u.i.k.n.KeyIO           Parsing took 0 ms 
212438     DEBUG Test worker     d.u.i.k.n.KeyIO           Load declarations of de.uka.ilkd.key.nparser.KeyAst$File:  <unknown>:1#1 
212438     INFO  Test worker     d.u.i.k.n.KeyIO           MODE: declarations took 0 ms 
212438     DEBUG Test worker     d.u.i.k.n.KeyIO           MODE: 2nd degree decls took 0 
212438     DEBUG Test worker     d.u.i.k.n.KeyIO           MODE: taclets took 0ms 
213345     INFO  Test worker     d.u.i.k.n.KeyIO           Parsing took 0 ms 
213345     DEBUG Test worker     d.u.i.k.n.KeyIO           Load declarations of de.uka.ilkd.key.nparser.KeyAst$File:  <unknown>:1#1 
213345     INFO  Test worker     d.u.i.k.n.KeyIO           MODE: declarations took 0 ms 
213345     DEBUG Test worker     d.u.i.k.n.KeyIO           MODE: 2nd degree decls took 0 
213345     DEBUG Test worker     d.u.i.k.n.KeyIO           MODE: taclets took 0ms 
214252     INFO  Test worker     d.u.i.k.n.KeyIO           Parsing took 0 ms 
214252     DEBUG Test worker     d.u.i.k.n.KeyIO           Load declarations of de.uka.ilkd.key.nparser.KeyAst$File:  <unknown>:1#1 
214252     INFO  Test worker     d.u.i.k.n.KeyIO           MODE: declarations took 0 ms 
214252     DEBUG Test worker     d.u.i.k.n.KeyIO           MODE: 2nd degree decls took 0 
214252     DEBUG Test worker     d.u.i.k.n.KeyIO           MODE: taclets took 0ms 
215065     INFO  Test worker     d.u.i.k.n.KeyIO           Parsing took 0 ms 
215065     DEBUG Test worker     d.u.i.k.n.KeyIO           Load declarations of de.uka.ilkd.key.nparser.KeyAst$File:  <unknown>:1#1 
215065     INFO  Test worker     d.u.i.k.n.KeyIO           MODE: declarations took 0 ms 
215065     DEBUG Test worker     d.u.i.k.n.KeyIO           MODE: 2nd degree decls took 0 
215065     DEBUG Test worker     d.u.i.k.n.KeyIO           MODE: taclets took 0ms 
215981     INFO  Test worker     d.u.i.k.n.KeyIO           Parsing took 0 ms 
215981     DEBUG Test worker     d.u.i.k.n.KeyIO           Load declarations of de.uka.ilkd.key.nparser.KeyAst$File:  <unknown>:1#1 
215981     INFO  Test worker     d.u.i.k.n.KeyIO           MODE: declarations took 0 ms 
215981     DEBUG Test worker     d.u.i.k.n.KeyIO           MODE: 2nd degree decls took 0 
215981     DEBUG Test worker     d.u.i.k.n.KeyIO           MODE: taclets took 0ms 
216913     INFO  Test worker     d.u.i.k.n.KeyIO           Parsing took 0 ms 
216913     DEBUG Test worker     d.u.i.k.n.KeyIO           Load declarations of de.uka.ilkd.key.nparser.KeyAst$File:  <unknown>:1#1 
216913     INFO  Test worker     d.u.i.k.n.KeyIO           MODE: declarations took 0 ms 
216913     DEBUG Test worker     d.u.i.k.n.KeyIO           MODE: 2nd degree decls took 0 
216913     DEBUG Test worker     d.u.i.k.n.KeyIO           MODE: taclets took 0ms 
217756     INFO  Test worker     d.u.i.k.n.KeyIO           Parsing took 0 ms 
217756     DEBUG Test worker     d.u.i.k.n.KeyIO           Load declarations of de.uka.ilkd.key.nparser.KeyAst$File:  <unknown>:1#1 
217756     INFO  Test worker     d.u.i.k.n.KeyIO           MODE: declarations took 0 ms 
217756     DEBUG Test worker     d.u.i.k.n.KeyIO           MODE: 2nd degree decls took 0 
217756     DEBUG Test worker     d.u.i.k.n.KeyIO           MODE: taclets took 0ms 
218803     INFO  Test worker     d.u.i.k.n.KeyIO           Parsing took 0 ms 
218803     DEBUG Test worker     d.u.i.k.n.KeyIO           Load declarations of de.uka.ilkd.key.nparser.KeyAst$File:  <unknown>:1#1 
218803     INFO  Test worker     d.u.i.k.n.KeyIO           MODE: declarations took 0 ms 
218803     DEBUG Test worker     d.u.i.k.n.KeyIO           MODE: 2nd degree decls took 0 
218803     DEBUG Test worker     d.u.i.k.n.KeyIO           MODE: taclets took 0ms 
219712     INFO  Test worker     d.u.i.k.n.KeyIO           Parsing took 0 ms 
219712     DEBUG Test worker     d.u.i.k.n.KeyIO           Load declarations of de.uka.ilkd.key.nparser.KeyAst$File:  <unknown>:1#1 
219712     INFO  Test worker     d.u.i.k.n.KeyIO           MODE: declarations took 0 ms 
219712     DEBUG Test worker     d.u.i.k.n.KeyIO           MODE: 2nd degree decls took 0 
219712     DEBUG Test worker     d.u.i.k.n.KeyIO           MODE: taclets took 0ms 
]]></system-out>
  <system-err><![CDATA[]]></system-err>
</testsuite>
