<?xml version="1.0" encoding="UTF-8"?>
<testsuite name="de.uka.ilkd.key.util.TestProofStarter" tests="2" skipped="0" failures="0" errors="0" timestamp="2023-05-12T08:01:03" hostname="fv-az252-451" time="60.488">
  <properties/>
  <testcase name="testDirectProofWithOneStepSimplification()" classname="de.uka.ilkd.key.util.TestProofStarter" time="30.598"/>
  <testcase name="testDirectProof()" classname="de.uka.ilkd.key.util.TestProofStarter" time="29.889"/>
  <system-out><![CDATA[825062     INFO  Test worker     d.u.i.k.p.i.AbstractProblemLoader Loading environment from src\test\resources\testcase\proofStarter\CC\project.key 
825062     DEBUG Test worker     d.u.i.k.p.i.AbstractProblemLoader Environment load took 274.1ns 
825062     INFO  Test worker     d.u.i.k.p.i.AbstractProblemLoader Creating init config 
828042     DEBUG Test worker     d.u.i.k.p.i.AbstractProblemLoader Init config took 2.98s 
828105     INFO  Test worker     d.u.i.k.p.i.AbstractProblemLoader Replaying proof CC[CC::calcCoinIndex([I,[I)].JML normal_behavior operation contract.0 
828105     DEBUG Test worker     d.u.i.k.p.i.IntermediateProofReplayer Proof replay took 5.5ns 
855665     INFO  Test worker     d.u.i.k.p.i.AbstractProblemLoader Loading environment from src\test\resources\testcase\proofStarter\CC\project.key 
855665     DEBUG Test worker     d.u.i.k.p.i.AbstractProblemLoader Environment load took 707.6ns 
855665     INFO  Test worker     d.u.i.k.p.i.AbstractProblemLoader Creating init config 
858933     DEBUG Test worker     d.u.i.k.p.i.AbstractProblemLoader Init config took 3.27s 
858980     INFO  Test worker     d.u.i.k.p.i.AbstractProblemLoader Replaying proof CC[CC::calcCoinIndex([I,[I)].JML normal_behavior operation contract.0 
858995     DEBUG Test worker     d.u.i.k.p.i.IntermediateProofReplayer Proof replay took 4.7ns 
]]></system-out>
  <system-err><![CDATA[]]></system-err>
</testsuite>
