<?xml version="1.0" encoding="UTF-8"?>
<testsuite name="de.uka.ilkd.key.gui.KeyboardTacletTest" tests="1" skipped="0" failures="0" errors="0" timestamp="2023-02-15T13:48:29" hostname="fv-az408-917" time="0.02">
  <properties/>
  <testcase name="prefixTest()" classname="de.uka.ilkd.key.gui.KeyboardTacletTest" time="0.02"/>
  <system-out><![CDATA[]]></system-out>
  <system-err><![CDATA[]]></system-err>
</testsuite>
