<?xml version="1.0" encoding="UTF-8"?>
<testsuite name="de.uka.ilkd.key.gui.plugins.javac.JavaCompilerCheckFacadeTest" tests="1" skipped="0" failures="0" errors="0" timestamp="2023-04-03T11:48:15" hostname="fv-az571-892" time="0.803">
  <properties/>
  <testcase name="compile1()" classname="de.uka.ilkd.key.gui.plugins.javac.JavaCompilerCheckFacadeTest" time="0.803"/>
  <system-out><![CDATA[/home/runner/work/key/key/key.ui/examples/firstTouch/06-BinarySearch/src
11:48:15,466 |-INFO in ch.qos.logback.classic.LoggerContext[default] - This is logback-classic version 1.4.6
11:48:15,489 |-INFO in ch.qos.logback.classic.LoggerContext[default] - Could NOT find resource [logback-test.xml]
11:48:15,492 |-INFO in ch.qos.logback.classic.LoggerContext[default] - Found resource [logback.xml] at [file:/home/runner/work/key/key/key.ui/build/resources/test/logback.xml]
11:48:15,493 |-WARN in ch.qos.logback.classic.util.DefaultJoranConfigurator@2d1dee39 - Resource [logback.xml] occurs multiple times on the classpath.
11:48:15,493 |-WARN in ch.qos.logback.classic.util.DefaultJoranConfigurator@2d1dee39 - Resource [logback.xml] occurs at [file:/home/runner/work/key/key/key.ui/build/resources/test/logback.xml]
11:48:15,493 |-WARN in ch.qos.logback.classic.util.DefaultJoranConfigurator@2d1dee39 - Resource [logback.xml] occurs at [jar:file:/home/runner/work/key/key/key.ui/build/libs/key.ui-2.11.0.jar!/logback.xml]
11:48:15,493 |-WARN in ch.qos.logback.classic.util.DefaultJoranConfigurator@2d1dee39 - Resource [logback.xml] occurs at [file:/home/runner/work/key/key/key.ui/build/resources/main/logback.xml]
11:48:15,597 |-INFO in ch.qos.logback.core.model.processor.AppenderModelHandler - Processing appender named [STDOUT]
11:48:15,597 |-INFO in ch.qos.logback.core.model.processor.AppenderModelHandler - About to instantiate appender of type [ch.qos.logback.core.ConsoleAppender]
11:48:15,603 |-WARN in ch.qos.logback.core.model.processor.ImplicitModelHandler - Ignoring unknown property [file] in [ch.qos.logback.core.ConsoleAppender]
11:48:15,603 |-WARN in ch.qos.logback.core.model.processor.ImplicitModelHandler - Ignoring unknown property [append] in [ch.qos.logback.core.ConsoleAppender]
11:48:15,604 |-INFO in ch.qos.logback.core.model.processor.ImplicitModelHandler - Assuming default type [ch.qos.logback.classic.encoder.PatternLayoutEncoder] for [encoder] property
11:48:15,623 |-INFO in ch.qos.logback.classic.model.processor.RootLoggerModelHandler - Setting level of ROOT logger to WARN
11:48:15,623 |-INFO in ch.qos.logback.core.model.processor.AppenderRefModelHandler - Attaching appender named [STDOUT] to Logger[ROOT]
11:48:15,624 |-INFO in ch.qos.logback.core.model.processor.DefaultProcessor@48d5f34e - End of configuration.
11:48:15,624 |-INFO in ch.qos.logback.classic.joran.JoranConfigurator@fc258b1 - Registering current configuration as safe fallback point

]]></system-out>
  <system-err><![CDATA[]]></system-err>
</testsuite>
