<?xml version="1.0" encoding="UTF-8"?>
<testsuite name="de.uka.ilkd.key.macros.scripts.meta.RewriteTest" tests="2" skipped="0" failures="0" errors="0" timestamp="2023-03-31T13:29:48" hostname="fv-az339-530" time="5.269">
  <properties/>
  <testcase name="testLessTransitive()" classname="de.uka.ilkd.key.macros.scripts.meta.RewriteTest" time="2.641"/>
  <testcase name="testTransitive()" classname="de.uka.ilkd.key.macros.scripts.meta.RewriteTest" time="2.628"/>
  <system-out><![CDATA[174012     INFO  Test worker     d.u.i.k.m.s.ProofScriptEngine 1: 'rewrite find="f < x" replace="x > f"' 
176642     INFO  Test worker     d.u.i.k.m.s.ProofScriptEngine 1: 'rule impRight' 
176645     INFO  Test worker     d.u.i.k.m.s.ProofScriptEngine 2: 'rule andLeft' 
176646     INFO  Test worker     d.u.i.k.m.s.ProofScriptEngine 3: 'rewrite find="f = x" replace="x = f"' 
]]></system-out>
  <system-err><![CDATA[]]></system-err>
</testsuite>
