<?xml version="1.0" encoding="UTF-8"?>
<testsuite name="de.uka.ilkd.key.parser.TestTacletParser" tests="20" skipped="0" failures="0" errors="0" timestamp="2023-03-31T13:31:25" hostname="fv-az339-530" time="0.09">
  <properties/>
  <testcase name="testAllRight()" classname="de.uka.ilkd.key.parser.TestTacletParser" time="0.003"/>
  <testcase name="testSchemaJava0()" classname="de.uka.ilkd.key.parser.TestTacletParser" time="0.002"/>
  <testcase name="testSchemaJava1()" classname="de.uka.ilkd.key.parser.TestTacletParser" time="0.008"/>
  <testcase name="testSchemaJava2()" classname="de.uka.ilkd.key.parser.TestTacletParser" time="0.007"/>
  <testcase name="testSchemaJava4()" classname="de.uka.ilkd.key.parser.TestTacletParser" time="0.005"/>
  <testcase name="testSchemaJava6()" classname="de.uka.ilkd.key.parser.TestTacletParser" time="0.009"/>
  <testcase name="testSchemaJava8()" classname="de.uka.ilkd.key.parser.TestTacletParser" time="0.001"/>
  <testcase name="testCut()" classname="de.uka.ilkd.key.parser.TestTacletParser" time="0.006"/>
  <testcase name="testMakeInsertEq()" classname="de.uka.ilkd.key.parser.TestTacletParser" time="0.002"/>
  <testcase name="testAllLeft()" classname="de.uka.ilkd.key.parser.TestTacletParser" time="0.002"/>
  <testcase name="testClose()" classname="de.uka.ilkd.key.parser.TestTacletParser" time="0.001"/>
  <testcase name="testSchemaJava10()" classname="de.uka.ilkd.key.parser.TestTacletParser" time="0.002"/>
  <testcase name="testSchemaJava11()" classname="de.uka.ilkd.key.parser.TestTacletParser" time="0.01"/>
  <testcase name="testFIdempotent()" classname="de.uka.ilkd.key.parser.TestTacletParser" time="0.008"/>
  <testcase name="testImpRight()" classname="de.uka.ilkd.key.parser.TestTacletParser" time="0.002"/>
  <testcase name="testVarcondNew()" classname="de.uka.ilkd.key.parser.TestTacletParser" time="0.009"/>
  <testcase name="testFreeReplacewithVariables()" classname="de.uka.ilkd.key.parser.TestTacletParser" time="0.002"/>
  <testcase name="testImpLeft()" classname="de.uka.ilkd.key.parser.TestTacletParser" time="0.001"/>
  <testcase name="testContraposition()" classname="de.uka.ilkd.key.parser.TestTacletParser" time="0.001"/>
  <testcase name="testExConjSplit()" classname="de.uka.ilkd.key.parser.TestTacletParser" time="0.002"/>
  <system-out><![CDATA[268941     INFO  Test worker     d.u.i.k.n.KeyIO           Parsing took 0 ms 
268941     INFO  Test worker     d.u.i.k.n.KeyIO           MODE: declarations took 0 ms 
268942     INFO  Test worker     d.u.i.k.n.KeyIO           Parsing took 0 ms 
268943     INFO  Test worker     d.u.i.k.n.KeyIO           MODE: declarations took 0 ms 
268944     INFO  Test worker     d.u.i.k.n.KeyIO           Parsing took 1 ms 
268944     INFO  Test worker     d.u.i.k.n.KeyIO           MODE: declarations took 0 ms 
268944     INFO  Test worker     d.u.i.k.n.KeyIO           Parsing took 0 ms 
268944     INFO  Test worker     d.u.i.k.n.KeyIO           MODE: declarations took 0 ms 
268946     INFO  Test worker     d.u.i.k.n.KeyIO           Parsing took 1 ms 
268946     INFO  Test worker     d.u.i.k.n.KeyIO           MODE: declarations took 0 ms 
268947     WARN  Test worker     d.u.i.k.n.KeYParser       [syntax-error] <unknown>:2:21: extraneous input '<' expecting {MODALITY, FORALL, EXISTS, '\if', '\ifEx', 'true', 'false', '(', ')', '{', '@', NOT, '-', STRING_LITERAL, CHAR_LITERAL, BIN_LITERAL, HEX_LITERAL, IDENT, INT_LITERAL, FLOAT_LITERAL, DOUBLE_LITERAL, REAL_LITERAL} [@12,22:22='<',<173>,2:21] (argument_list, call, accessterm, primitive_term, primitive_labeled_term, bracket_term, atom_prefix, strong_arith_term_2, strong_arith_term_1, weak_arith_term, comparison_term, equality_term, term60, conjunction_term, disjunction_term, implication_term, equivalence_term, elementary_update_term, parallel_term, term, taclet, rulesOrAxioms, decls, file) 
268951     WARN  Test worker     d.u.i.k.n.KeYParser       [syntax-error] <unknown>:2:23: no viable alternative at input '{..' [@14,24:25='..',<144>,2:23] (atom_prefix, strong_arith_term_2, strong_arith_term_1, weak_arith_term, comparison_term, equality_term, term60, conjunction_term, disjunction_term, implication_term, equivalence_term, elementary_update_term, parallel_term, term, argument_list, call, accessterm, primitive_term, primitive_labeled_term, bracket_term, atom_prefix, strong_arith_term_2, strong_arith_term_1, weak_arith_term, comparison_term, equality_term, term60, conjunction_term, disjunction_term, implication_term, equivalence_term, elementary_update_term, parallel_term, term, taclet, rulesOrAxioms, decls, file) 
268951     WARN  Test worker     d.u.i.k.n.KeYParser       [syntax-error] <unknown>:2:33: mismatched input ';' expecting {',', ')'} [@21,34:34=';',<138>,2:33] (argument_list, call, accessterm, primitive_term, primitive_labeled_term, bracket_term, atom_prefix, strong_arith_term_2, strong_arith_term_1, weak_arith_term, comparison_term, equality_term, term60, conjunction_term, disjunction_term, implication_term, equivalence_term, elementary_update_term, parallel_term, term, taclet, rulesOrAxioms, decls, file) 
268952     WARN  Test worker     d.u.i.k.n.KeYParser       [syntax-error] <unknown>:2:41: no viable alternative at input '#i;' [@26,42:42=';',<138>,2:41] (option_list, taclet, rulesOrAxioms, decls, file) 
268952     WARN  Test worker     d.u.i.k.n.KeYParser       [syntax-error] <unknown>:2:43: mismatched input '<' expecting {'(', '{'} [@28,44:44='<',<173>,2:43] (taclet, rulesOrAxioms, decls, file) 
268952     WARN  Test worker     d.u.i.k.n.KeYParser       [syntax-error] <unknown>:2:47: mismatched input '+' expecting {'(', '{'} [@32,48:48='+',<167>,2:47] (taclet, rulesOrAxioms, decls, file) 
268953     WARN  Test worker     d.u.i.k.n.KeYParser       [syntax-error] <unknown>:2:52: extraneous input '..' expecting {'\lemma', '}', IDENT, '/*!'} [@37,53:54='..',<144>,2:52] (rulesOrAxioms, decls, file) 
268953     WARN  Test worker     d.u.i.k.n.KeYParser       [syntax-error] <unknown>:2:56: mismatched input '>' expecting {<EOF>, '\problem', '\chooseContract', '\proofObligation', '\proof'} [@40,57:57='>',<168>,2:56] (file) 
268954     INFO  Test worker     d.u.i.k.n.KeyIO           Parsing took 1 ms 
268954     INFO  Test worker     d.u.i.k.n.KeyIO           MODE: declarations took 0 ms 
268955     WARN  Test worker     d.u.i.k.n.KeYParser       [syntax-error] <unknown>:2:21: extraneous input '<' expecting {MODALITY, FORALL, EXISTS, '\if', '\ifEx', 'true', 'false', '(', ')', '{', '@', NOT, '-', STRING_LITERAL, CHAR_LITERAL, BIN_LITERAL, HEX_LITERAL, IDENT, INT_LITERAL, FLOAT_LITERAL, DOUBLE_LITERAL, REAL_LITERAL} [@12,22:22='<',<173>,2:21] (argument_list, call, accessterm, primitive_term, primitive_labeled_term, bracket_term, atom_prefix, strong_arith_term_2, strong_arith_term_1, weak_arith_term, comparison_term, equality_term, term60, conjunction_term, disjunction_term, implication_term, equivalence_term, elementary_update_term, parallel_term, term, taclet, rulesOrAxioms, decls, file) 
268959     WARN  Test worker     d.u.i.k.n.KeYParser       [syntax-error] <unknown>:2:23: no viable alternative at input '{..' [@14,24:25='..',<144>,2:23] (atom_prefix, strong_arith_term_2, strong_arith_term_1, weak_arith_term, comparison_term, equality_term, term60, conjunction_term, disjunction_term, implication_term, equivalence_term, elementary_update_term, parallel_term, term, argument_list, call, accessterm, primitive_term, primitive_labeled_term, bracket_term, atom_prefix, strong_arith_term_2, strong_arith_term_1, weak_arith_term, comparison_term, equality_term, term60, conjunction_term, disjunction_term, implication_term, equivalence_term, elementary_update_term, parallel_term, term, taclet, rulesOrAxioms, decls, file) 
268959     WARN  Test worker     d.u.i.k.n.KeYParser       [syntax-error] <unknown>:2:33: mismatched input ';' expecting {',', ')'} [@21,34:34=';',<138>,2:33] (argument_list, call, accessterm, primitive_term, primitive_labeled_term, bracket_term, atom_prefix, strong_arith_term_2, strong_arith_term_1, weak_arith_term, comparison_term, equality_term, term60, conjunction_term, disjunction_term, implication_term, equivalence_term, elementary_update_term, parallel_term, term, taclet, rulesOrAxioms, decls, file) 
268960     WARN  Test worker     d.u.i.k.n.KeYParser       [syntax-error] <unknown>:2:43: no viable alternative at input '#lab;' [@26,44:44=';',<138>,2:43] (option_list, taclet, rulesOrAxioms, decls, file) 
268960     WARN  Test worker     d.u.i.k.n.KeYParser       [syntax-error] <unknown>:2:45: mismatched input '<' expecting {'(', '{'} [@28,46:46='<',<173>,2:45] (taclet, rulesOrAxioms, decls, file) 
268960     WARN  Test worker     d.u.i.k.n.KeYParser       [syntax-error] <unknown>:2:50: mismatched input '+' expecting {'(', '{'} [@32,51:51='+',<167>,2:50] (taclet, rulesOrAxioms, decls, file) 
268960     WARN  Test worker     d.u.i.k.n.KeYParser       [syntax-error] <unknown>:2:56: extraneous input '..' expecting {'\lemma', '}', IDENT, '/*!'} [@38,57:58='..',<144>,2:56] (rulesOrAxioms, decls, file) 
268960     WARN  Test worker     d.u.i.k.n.KeYParser       [syntax-error] <unknown>:2:60: mismatched input '>' expecting {<EOF>, '\problem', '\chooseContract', '\proofObligation', '\proof'} [@41,61:61='>',<168>,2:60] (file) 
268962     INFO  Test worker     d.u.i.k.n.KeyIO           Parsing took 1 ms 
268963     INFO  Test worker     d.u.i.k.n.KeyIO           MODE: declarations took 0 ms 
268965     INFO  Test worker     d.u.i.k.n.KeyIO           Parsing took 1 ms 
268965     INFO  Test worker     d.u.i.k.n.KeyIO           MODE: declarations took 0 ms 
268972     INFO  Test worker     d.u.i.k.n.KeyIO           Parsing took 0 ms 
268972     INFO  Test worker     d.u.i.k.n.KeyIO           MODE: declarations took 0 ms 
268974     INFO  Test worker     d.u.i.k.n.KeyIO           Parsing took 1 ms 
268974     INFO  Test worker     d.u.i.k.n.KeyIO           MODE: declarations took 0 ms 
268976     INFO  Test worker     d.u.i.k.n.KeyIO           Parsing took 0 ms 
268976     INFO  Test worker     d.u.i.k.n.KeyIO           MODE: declarations took 0 ms 
268977     INFO  Test worker     d.u.i.k.n.KeyIO           Parsing took 0 ms 
268977     INFO  Test worker     d.u.i.k.n.KeyIO           MODE: declarations took 0 ms 
268983     INFO  Test worker     d.u.i.k.n.KeyIO           Parsing took 0 ms 
268983     INFO  Test worker     d.u.i.k.n.KeyIO           MODE: declarations took 0 ms 
268984     INFO  Test worker     d.u.i.k.n.KeyIO           Parsing took 0 ms 
268984     INFO  Test worker     d.u.i.k.n.KeyIO           MODE: declarations took 0 ms 
268985     INFO  Test worker     d.u.i.k.n.KeyIO           Parsing took 1 ms 
268985     INFO  Test worker     d.u.i.k.n.KeyIO           MODE: declarations took 0 ms 
268985     INFO  Test worker     d.u.i.k.n.KeyIO           Parsing took 0 ms 
268985     INFO  Test worker     d.u.i.k.n.KeyIO           MODE: declarations took 0 ms 
268986     INFO  Test worker     d.u.i.k.n.KeyIO           Parsing took 0 ms 
268986     INFO  Test worker     d.u.i.k.n.KeyIO           MODE: declarations took 0 ms 
268987     INFO  Test worker     d.u.i.k.n.KeyIO           Parsing took 0 ms 
268988     INFO  Test worker     d.u.i.k.n.KeyIO           MODE: declarations took 1 ms 
268989     INFO  Test worker     d.u.i.k.n.KeyIO           Parsing took 0 ms 
268989     INFO  Test worker     d.u.i.k.n.KeyIO           MODE: declarations took 0 ms 
268989     INFO  Test worker     d.u.i.k.n.KeyIO           Parsing took 0 ms 
268989     INFO  Test worker     d.u.i.k.n.KeyIO           MODE: declarations took 0 ms 
268990     INFO  Test worker     d.u.i.k.n.KeyIO           Parsing took 0 ms 
268991     INFO  Test worker     d.u.i.k.n.KeyIO           MODE: declarations took 0 ms 
268991     INFO  Test worker     d.u.i.k.n.KeyIO           Parsing took 0 ms 
268991     INFO  Test worker     d.u.i.k.n.KeyIO           MODE: declarations took 0 ms 
268992     INFO  Test worker     d.u.i.k.n.KeyIO           Parsing took 0 ms 
268992     INFO  Test worker     d.u.i.k.n.KeyIO           MODE: declarations took 0 ms 
269000     INFO  Test worker     d.u.i.k.n.KeyIO           Parsing took 6 ms 
269000     INFO  Test worker     d.u.i.k.n.KeyIO           MODE: declarations took 0 ms 
269003     INFO  Test worker     d.u.i.k.n.KeyIO           Parsing took 0 ms 
269009     INFO  Test worker     d.u.i.k.n.KeyIO           MODE: declarations took 0 ms 
269011     INFO  Test worker     d.u.i.k.n.KeyIO           Parsing took 0 ms 
269011     INFO  Test worker     d.u.i.k.n.KeyIO           MODE: declarations took 0 ms 
269012     INFO  Test worker     d.u.i.k.n.KeyIO           Parsing took 0 ms 
269012     INFO  Test worker     d.u.i.k.n.KeyIO           MODE: declarations took 0 ms 
269013     INFO  Test worker     d.u.i.k.n.KeyIO           Parsing took 1 ms 
269013     INFO  Test worker     d.u.i.k.n.KeyIO           MODE: declarations took 0 ms 
269015     INFO  Test worker     d.u.i.k.n.KeyIO           Parsing took 0 ms 
269016     INFO  Test worker     d.u.i.k.n.KeyIO           MODE: declarations took 0 ms 
269020     INFO  Test worker     d.u.i.k.n.KeyIO           Parsing took 0 ms 
269022     INFO  Test worker     d.u.i.k.n.KeyIO           MODE: declarations took 0 ms 
269022     INFO  Test worker     d.u.i.k.n.KeyIO           Parsing took 0 ms 
269022     INFO  Test worker     d.u.i.k.n.KeyIO           MODE: declarations took 0 ms 
269023     INFO  Test worker     d.u.i.k.n.KeyIO           Parsing took 0 ms 
269023     INFO  Test worker     d.u.i.k.n.KeyIO           MODE: declarations took 0 ms 
269024     INFO  Test worker     d.u.i.k.n.KeyIO           Parsing took 0 ms 
269024     INFO  Test worker     d.u.i.k.n.KeyIO           MODE: declarations took 0 ms 
269025     INFO  Test worker     d.u.i.k.n.KeyIO           Parsing took 0 ms 
269025     INFO  Test worker     d.u.i.k.n.KeyIO           MODE: declarations took 0 ms 
269026     INFO  Test worker     d.u.i.k.n.KeyIO           Parsing took 0 ms 
269026     INFO  Test worker     d.u.i.k.n.KeyIO           MODE: declarations took 0 ms 
269027     INFO  Test worker     d.u.i.k.n.KeyIO           Parsing took 0 ms 
269027     INFO  Test worker     d.u.i.k.n.KeyIO           MODE: declarations took 0 ms 
269027     INFO  Test worker     d.u.i.k.n.KeyIO           Parsing took 0 ms 
269027     INFO  Test worker     d.u.i.k.n.KeyIO           MODE: declarations took 0 ms 
269029     INFO  Test worker     d.u.i.k.n.KeyIO           Parsing took 1 ms 
269029     INFO  Test worker     d.u.i.k.n.KeyIO           MODE: declarations took 0 ms 
269030     INFO  Test worker     d.u.i.k.n.KeyIO           Parsing took 0 ms 
269030     INFO  Test worker     d.u.i.k.n.KeyIO           MODE: declarations took 0 ms 
]]></system-out>
  <system-err><![CDATA[]]></system-err>
</testsuite>
