<?xml version="1.0" encoding="UTF-8"?>
<testsuite name="de.uka.ilkd.key.logic.TestClashFreeSubst" tests="14" skipped="2" failures="0" errors="0" timestamp="2023-03-31T13:27:29" hostname="fv-az339-530" time="44.104">
  <properties/>
  <testcase name="testMultiShareBound()" classname="de.uka.ilkd.key.logic.TestClashFreeSubst" time="0.843"/>
  <testcase name="testClash()" classname="de.uka.ilkd.key.logic.TestClashFreeSubst" time="0.861"/>
  <testcase name="testShare()" classname="de.uka.ilkd.key.logic.TestClashFreeSubst" time="0.82"/>
  <testcase name="testSubst()" classname="de.uka.ilkd.key.logic.TestClashFreeSubst" time="0.81"/>
  <testcase name="testWary0()" classname="de.uka.ilkd.key.logic.TestClashFreeSubst" time="0.811"/>
  <testcase name="testWary1()" classname="de.uka.ilkd.key.logic.TestClashFreeSubst" time="0.794"/>
  <testcase name="testWary2()" classname="de.uka.ilkd.key.logic.TestClashFreeSubst" time="0.801"/>
  <testcase name="testClashInSubstTerm()" classname="de.uka.ilkd.key.logic.TestClashFreeSubst" time="0.802"/>
  <testcase name="testShareWary()" classname="de.uka.ilkd.key.logic.TestClashFreeSubst" time="0.782"/>
  <testcase name="testMultiSubst()" classname="de.uka.ilkd.key.logic.TestClashFreeSubst" time="0.798"/>
  <testcase name="xtestMultiClash()" classname="de.uka.ilkd.key.logic.TestClashFreeSubst" time="0.001">
    <skipped/>
  </testcase>
  <testcase name="testSubstInSubstTerm()" classname="de.uka.ilkd.key.logic.TestClashFreeSubst" time="0.772"/>
  <testcase name="testSubstWary()" classname="de.uka.ilkd.key.logic.TestClashFreeSubst" time="0.81"/>
  <testcase name="xtestMultiClash1()" classname="de.uka.ilkd.key.logic.TestClashFreeSubst" time="0.0">
    <skipped/>
  </testcase>
  <system-out><![CDATA[32464      INFO  Test worker     d.u.i.k.n.KeyIO           Parsing took 0 ms 
32465      INFO  Test worker     d.u.i.k.n.KeyIO           MODE: declarations took 0 ms 
33303      INFO  Test worker     d.u.i.k.n.KeyIO           Parsing took 0 ms 
33303      INFO  Test worker     d.u.i.k.n.KeyIO           MODE: declarations took 0 ms 
36038      INFO  Test worker     d.u.i.k.n.KeyIO           Parsing took 0 ms 
36038      INFO  Test worker     d.u.i.k.n.KeyIO           MODE: declarations took 0 ms 
36891      INFO  Test worker     d.u.i.k.n.KeyIO           Parsing took 0 ms 
36893      INFO  Test worker     d.u.i.k.n.KeyIO           MODE: declarations took 0 ms 
39659      INFO  Test worker     d.u.i.k.n.KeyIO           Parsing took 0 ms 
39668      INFO  Test worker     d.u.i.k.n.KeyIO           MODE: declarations took 0 ms 
40473      INFO  Test worker     d.u.i.k.n.KeyIO           Parsing took 0 ms 
40475      INFO  Test worker     d.u.i.k.n.KeyIO           MODE: declarations took 0 ms 
43165      INFO  Test worker     d.u.i.k.n.KeyIO           Parsing took 0 ms 
43166      INFO  Test worker     d.u.i.k.n.KeyIO           MODE: declarations took 0 ms 
43969      INFO  Test worker     d.u.i.k.n.KeyIO           Parsing took 0 ms 
43970      INFO  Test worker     d.u.i.k.n.KeyIO           MODE: declarations took 0 ms 
46637      INFO  Test worker     d.u.i.k.n.KeyIO           Parsing took 0 ms 
46638      INFO  Test worker     d.u.i.k.n.KeyIO           MODE: declarations took 0 ms 
47443      INFO  Test worker     d.u.i.k.n.KeyIO           Parsing took 0 ms 
47444      INFO  Test worker     d.u.i.k.n.KeyIO           MODE: declarations took 0 ms 
50084      INFO  Test worker     d.u.i.k.n.KeyIO           Parsing took 0 ms 
50085      INFO  Test worker     d.u.i.k.n.KeyIO           MODE: declarations took 1 ms 
50875      INFO  Test worker     d.u.i.k.n.KeyIO           Parsing took 0 ms 
50876      INFO  Test worker     d.u.i.k.n.KeyIO           MODE: declarations took 0 ms 
53508      INFO  Test worker     d.u.i.k.n.KeyIO           Parsing took 0 ms 
53512      INFO  Test worker     d.u.i.k.n.KeyIO           MODE: declarations took 0 ms 
54301      INFO  Test worker     d.u.i.k.n.KeyIO           Parsing took 0 ms 
54302      INFO  Test worker     d.u.i.k.n.KeyIO           MODE: declarations took 0 ms 
56932      INFO  Test worker     d.u.i.k.n.KeyIO           Parsing took 0 ms 
56933      INFO  Test worker     d.u.i.k.n.KeyIO           MODE: declarations took 1 ms 
57728      INFO  Test worker     d.u.i.k.n.KeyIO           Parsing took 0 ms 
57729      INFO  Test worker     d.u.i.k.n.KeyIO           MODE: declarations took 0 ms 
60363      INFO  Test worker     d.u.i.k.n.KeyIO           Parsing took 0 ms 
60364      INFO  Test worker     d.u.i.k.n.KeyIO           MODE: declarations took 1 ms 
61139      INFO  Test worker     d.u.i.k.n.KeyIO           Parsing took 0 ms 
61140      INFO  Test worker     d.u.i.k.n.KeyIO           MODE: declarations took 0 ms 
63753      INFO  Test worker     d.u.i.k.n.KeyIO           Parsing took 0 ms 
63754      INFO  Test worker     d.u.i.k.n.KeyIO           MODE: declarations took 0 ms 
64546      INFO  Test worker     d.u.i.k.n.KeyIO           Parsing took 0 ms 
64547      INFO  Test worker     d.u.i.k.n.KeyIO           MODE: declarations took 0 ms 
69754      INFO  Test worker     d.u.i.k.n.KeyIO           Parsing took 0 ms 
69754      INFO  Test worker     d.u.i.k.n.KeyIO           MODE: declarations took 0 ms 
70524      INFO  Test worker     d.u.i.k.n.KeyIO           Parsing took 0 ms 
70524      INFO  Test worker     d.u.i.k.n.KeyIO           MODE: declarations took 0 ms 
73144      INFO  Test worker     d.u.i.k.n.KeyIO           Parsing took 0 ms 
73145      INFO  Test worker     d.u.i.k.n.KeyIO           MODE: declarations took 0 ms 
73950      INFO  Test worker     d.u.i.k.n.KeyIO           Parsing took 0 ms 
73951      INFO  Test worker     d.u.i.k.n.KeyIO           MODE: declarations took 1 ms 
]]></system-out>
  <system-err><![CDATA[]]></system-err>
</testsuite>
