<?xml version="1.0" encoding="UTF-8"?>
<testsuite name="de.uka.ilkd.key.nparser.ExprTest" tests="23" skipped="0" failures="0" errors="0" timestamp="2023-03-31T13:29:53" hostname="fv-az339-530" time="2.101">
  <properties/>
  <testcase name="[1] (bprod{int y;}(1, 2, y) = 0)" classname="de.uka.ilkd.key.nparser.ExprTest" time="0.015"/>
  <testcase name="[2] 1 = 1 -&gt; 2 = 2" classname="de.uka.ilkd.key.nparser.ExprTest" time="0.014"/>
  <testcase name="[3] \&lt; { int x = 1; } \&gt; x=1" classname="de.uka.ilkd.key.nparser.ExprTest" time="0.865"/>
  <testcase name="[4] \&lt;{ int x = 1; {int s = 2;} }\&gt; x=x" classname="de.uka.ilkd.key.nparser.ExprTest" time="0.879"/>
  <testcase name="[5] true" classname="de.uka.ilkd.key.nparser.ExprTest" time="0.017"/>
  <testcase name="[6] true &amp; false" classname="de.uka.ilkd.key.nparser.ExprTest" time="0.022"/>
  <testcase name="[7] 0" classname="de.uka.ilkd.key.nparser.ExprTest" time="0.014"/>
  <testcase name="[8] 1" classname="de.uka.ilkd.key.nparser.ExprTest" time="0.013"/>
  <testcase name="[9] 42" classname="de.uka.ilkd.key.nparser.ExprTest" time="0.013"/>
  <testcase name="[10] -5" classname="de.uka.ilkd.key.nparser.ExprTest" time="0.014"/>
  <testcase name="[11] 1 + 1 = 2" classname="de.uka.ilkd.key.nparser.ExprTest" time="0.022"/>
  <testcase name="[12] \if (3=4) \then (1) \else (2)" classname="de.uka.ilkd.key.nparser.ExprTest" time="0.026"/>
  <testcase name="[13] \if (3=4 &amp; 1=1) \then (\if (3=4) \then (1) \else (2)) \else (2)" classname="de.uka.ilkd.key.nparser.ExprTest" time="0.015"/>
  <testcase name="[14] aa + bb*cc" classname="de.uka.ilkd.key.nparser.ExprTest" time="0.012"/>
  <testcase name="[15] aa%bb*cc &lt; -123" classname="de.uka.ilkd.key.nparser.ExprTest" time="0.013"/>
  <testcase name="[16] \forall int x; true" classname="de.uka.ilkd.key.nparser.ExprTest" time="0.014"/>
  <testcase name="[17] \forall numbers x; x = x" classname="de.uka.ilkd.key.nparser.ExprTest" time="0.02"/>
  <testcase name="[18] (int)3+2" classname="de.uka.ilkd.key.nparser.ExprTest" time="0.014"/>
  <testcase name="[19] 1.f + 1f = 20e-1f * (2f-1f)" classname="de.uka.ilkd.key.nparser.ExprTest" time="0.016"/>
  <testcase name="[20] 1.d + 1d &lt;= 20e+1d * .01d" classname="de.uka.ilkd.key.nparser.ExprTest" time="0.015"/>
  <testcase name="[21] 1f &lt;= 2f" classname="de.uka.ilkd.key.nparser.ExprTest" time="0.013"/>
  <testcase name="[22] 2d &gt; 1d" classname="de.uka.ilkd.key.nparser.ExprTest" time="0.015"/>
  <testcase name="[23] seqEmpty + seqEmpty" classname="de.uka.ilkd.key.nparser.ExprTest" time="0.013"/>
  <system-out><![CDATA[176686     INFO  Test worker     d.u.i.k.n.KeyIO           Parsing took 10 ms 
176687     INFO  Test worker     d.u.i.k.n.KeyIO           MODE: declarations took 1 ms 
176689     INFO  Test worker     d.u.i.k.n.ExprTest        Term: equals(bprod{y:int}(Z(1(#)),Z(2(#)),y),Z(0(#))) 
176700     INFO  Test worker     d.u.i.k.n.KeyIO           Parsing took 8 ms 
176701     INFO  Test worker     d.u.i.k.n.KeyIO           MODE: declarations took 1 ms 
176703     INFO  Test worker     d.u.i.k.n.ExprTest        Term: imp(equals(Z(1(#)),Z(1(#))),equals(Z(2(#)),Z(2(#)))) 
176714     INFO  Test worker     d.u.i.k.n.KeyIO           Parsing took 8 ms 
176716     INFO  Test worker     d.u.i.k.n.KeyIO           MODE: declarations took 1 ms 
177568     INFO  Test worker     d.u.i.k.n.ExprTest        Term: \<{
  int x = 1;
}\> (equals(x,Z(1(#)))) 
177579     INFO  Test worker     d.u.i.k.n.KeyIO           Parsing took 8 ms 
177585     INFO  Test worker     d.u.i.k.n.KeyIO           MODE: declarations took 6 ms 
178447     INFO  Test worker     d.u.i.k.n.ExprTest        Term: \<{
  int x = 1;
  {
    int s = 2;
  }
}\> (equals(x,x)) 
178460     INFO  Test worker     d.u.i.k.n.KeyIO           Parsing took 10 ms 
178462     INFO  Test worker     d.u.i.k.n.KeyIO           MODE: declarations took 1 ms 
178464     INFO  Test worker     d.u.i.k.n.ExprTest        Term: true 
178475     INFO  Test worker     d.u.i.k.n.KeyIO           Parsing took 8 ms 
178484     INFO  Test worker     d.u.i.k.n.KeyIO           MODE: declarations took 1 ms 
178487     INFO  Test worker     d.u.i.k.n.ExprTest        Term: and(true,false) 
178498     INFO  Test worker     d.u.i.k.n.KeyIO           Parsing took 7 ms 
178500     INFO  Test worker     d.u.i.k.n.KeyIO           MODE: declarations took 1 ms 
178502     INFO  Test worker     d.u.i.k.n.ExprTest        Term: Z(0(#)) 
178515     INFO  Test worker     d.u.i.k.n.KeyIO           Parsing took 8 ms 
178516     INFO  Test worker     d.u.i.k.n.KeyIO           MODE: declarations took 1 ms 
178519     INFO  Test worker     d.u.i.k.n.ExprTest        Term: Z(1(#)) 
178529     INFO  Test worker     d.u.i.k.n.KeyIO           Parsing took 7 ms 
178531     INFO  Test worker     d.u.i.k.n.KeyIO           MODE: declarations took 1 ms 
178533     INFO  Test worker     d.u.i.k.n.ExprTest        Term: Z(2(4(#))) 
178544     INFO  Test worker     d.u.i.k.n.KeyIO           Parsing took 7 ms 
178545     INFO  Test worker     d.u.i.k.n.KeyIO           MODE: declarations took 1 ms 
178548     INFO  Test worker     d.u.i.k.n.ExprTest        Term: Z(neglit(5(#))) 
178559     INFO  Test worker     d.u.i.k.n.KeyIO           Parsing took 8 ms 
178560     INFO  Test worker     d.u.i.k.n.KeyIO           MODE: declarations took 1 ms 
178563     INFO  Test worker     d.u.i.k.n.ExprTest        Term: equals(add(Z(1(#)),Z(1(#))),Z(2(#))) 
178593     INFO  Test worker     d.u.i.k.n.KeyIO           Parsing took 18 ms 
178595     INFO  Test worker     d.u.i.k.n.KeyIO           MODE: declarations took 1 ms 
178598     INFO  Test worker     d.u.i.k.n.ExprTest        Term: if-then-else(equals(Z(3(#)),Z(4(#))),Z(1(#)),Z(2(#))) 
178611     INFO  Test worker     d.u.i.k.n.KeyIO           Parsing took 9 ms 
178613     INFO  Test worker     d.u.i.k.n.KeyIO           MODE: declarations took 1 ms 
178615     INFO  Test worker     d.u.i.k.n.ExprTest        Term: if-then-else(and(equals(Z(3(#)),Z(4(#))),equals(Z(1(#)),Z(1(#)))),if-then-else(equals(Z(3(#)),Z(4(#))),Z(1(#)),Z(2(#))),Z(2(#))) 
178625     INFO  Test worker     d.u.i.k.n.KeyIO           Parsing took 7 ms 
178626     INFO  Test worker     d.u.i.k.n.KeyIO           MODE: declarations took 0 ms 
178629     INFO  Test worker     d.u.i.k.n.ExprTest        Term: add(aa,mul(bb,cc)) 
178639     INFO  Test worker     d.u.i.k.n.KeyIO           Parsing took 7 ms 
178640     INFO  Test worker     d.u.i.k.n.KeyIO           MODE: declarations took 1 ms 
178643     INFO  Test worker     d.u.i.k.n.ExprTest        Term: lt(mul(mod(aa,bb),cc),Z(neglit(3(2(1(#)))))) 
178653     INFO  Test worker     d.u.i.k.n.KeyIO           Parsing took 7 ms 
178655     INFO  Test worker     d.u.i.k.n.KeyIO           MODE: declarations took 1 ms 
178658     INFO  Test worker     d.u.i.k.n.ExprTest        Term: all{x:int}(true) 
178669     INFO  Test worker     d.u.i.k.n.KeyIO           Parsing took 8 ms 
178670     INFO  Test worker     d.u.i.k.n.KeyIO           MODE: declarations took 1 ms 
178679     INFO  Test worker     d.u.i.k.n.ExprTest        Term: all{x:numbers}(equals(x,x)) 
178690     INFO  Test worker     d.u.i.k.n.KeyIO           Parsing took 8 ms 
178691     INFO  Test worker     d.u.i.k.n.KeyIO           MODE: declarations took 1 ms 
178694     INFO  Test worker     d.u.i.k.n.ExprTest        Term: add(int::cast(Z(3(#))),Z(2(#))) 
178706     INFO  Test worker     d.u.i.k.n.KeyIO           Parsing took 8 ms 
178708     INFO  Test worker     d.u.i.k.n.KeyIO           MODE: declarations took 1 ms 
178712     INFO  Test worker     d.u.i.k.n.ExprTest        Term: equals(addFloat(FP(6(1(2(3(5(3(5(6(0(1(#))))))))))),FP(6(1(2(3(5(3(5(6(0(1(#)))))))))))),mulFloat(FP(4(2(8(1(4(7(3(7(0(1(#))))))))))),subFloat(FP(4(2(8(1(4(7(3(7(0(1(#))))))))))),FP(6(1(2(3(5(3(5(6(0(1(#)))))))))))))) 
178725     INFO  Test worker     d.u.i.k.n.KeyIO           Parsing took 7 ms 
178727     INFO  Test worker     d.u.i.k.n.KeyIO           MODE: declarations took 1 ms 
178730     INFO  Test worker     d.u.i.k.n.ExprTest        Term: leqDouble(addDouble(DFP(8(0(4(7(1(0(0(0(8(8(1(4(2(8(1(7(0(6(4(#)))))))))))))))))))),DFP(8(0(4(7(1(0(0(0(8(8(1(4(2(8(1(7(0(6(4(#))))))))))))))))))))),mulDouble(DFP(4(8(7(6(0(0(2(8(9(0(9(8(0(4(2(1(4(6(4(#)))))))))))))))))))),DFP(5(7(6(7(8(0(4(0(3(9(2(2(8(1(9(6(7(5(4(#)))))))))))))))))))))) 
178740     INFO  Test worker     d.u.i.k.n.KeyIO           Parsing took 7 ms 
178741     INFO  Test worker     d.u.i.k.n.KeyIO           MODE: declarations took 1 ms 
178744     INFO  Test worker     d.u.i.k.n.ExprTest        Term: leqFloat(FP(6(1(2(3(5(3(5(6(0(1(#))))))))))),FP(4(2(8(1(4(7(3(7(0(1(#)))))))))))) 
178754     INFO  Test worker     d.u.i.k.n.KeyIO           Parsing took 7 ms 
178758     INFO  Test worker     d.u.i.k.n.KeyIO           MODE: declarations took 1 ms 
178760     INFO  Test worker     d.u.i.k.n.ExprTest        Term: gtDouble(DFP(4(0(9(7(8(3(7(2(4(8(1(0(6(8(6(1(1(6(4(#)))))))))))))))))))),DFP(8(0(4(7(1(0(0(0(8(8(1(4(2(8(1(7(0(6(4(#))))))))))))))))))))) 
178771     INFO  Test worker     d.u.i.k.n.KeyIO           Parsing took 7 ms 
178772     INFO  Test worker     d.u.i.k.n.KeyIO           MODE: declarations took 1 ms 
178775     INFO  Test worker     d.u.i.k.n.ExprTest        Term: seqConcat(seqEmpty,seqEmpty) 
]]></system-out>
  <system-err><![CDATA[]]></system-err>
</testsuite>
