<?xml version="1.0" encoding="UTF-8"?>
<testsuite name="de.uka.ilkd.key.taclettranslation.TestTacletTranslator" tests="5" skipped="0" failures="0" errors="0" timestamp="2023-03-31T13:39:07" hostname="fv-az339-530" time="0.009">
  <properties/>
  <testcase name="testPropositional1()" classname="de.uka.ilkd.key.taclettranslation.TestTacletTranslator" time="0.003"/>
  <testcase name="testPropositional2()" classname="de.uka.ilkd.key.taclettranslation.TestTacletTranslator" time="0.001"/>
  <testcase name="testNegativePolarity()" classname="de.uka.ilkd.key.taclettranslation.TestTacletTranslator" time="0.002"/>
  <testcase name="testNoPolarity()" classname="de.uka.ilkd.key.taclettranslation.TestTacletTranslator" time="0.001"/>
  <testcase name="testPositivePolarity()" classname="de.uka.ilkd.key.taclettranslation.TestTacletTranslator" time="0.001"/>
  <system-out><![CDATA[731301     INFO  Test worker     d.u.i.k.n.KeyIO           Parsing took 0 ms 
731301     INFO  Test worker     d.u.i.k.n.KeyIO           MODE: declarations took 0 ms 
731304     INFO  Test worker     d.u.i.k.n.KeyIO           Parsing took 0 ms 
731304     INFO  Test worker     d.u.i.k.n.KeyIO           MODE: declarations took 0 ms 
731306     INFO  Test worker     d.u.i.k.n.KeyIO           Parsing took 1 ms 
731306     INFO  Test worker     d.u.i.k.n.KeyIO           MODE: declarations took 0 ms 
731307     INFO  Test worker     d.u.i.k.n.KeyIO           Parsing took 0 ms 
731307     INFO  Test worker     d.u.i.k.n.KeyIO           MODE: declarations took 0 ms 
731308     INFO  Test worker     d.u.i.k.n.KeyIO           Parsing took 0 ms 
731308     INFO  Test worker     d.u.i.k.n.KeyIO           MODE: declarations took 0 ms 
]]></system-out>
  <system-err><![CDATA[]]></system-err>
</testsuite>
