<?xml version="1.0" encoding="UTF-8"?>
<testsuite name="de.uka.ilkd.key.nparser.ParseLDTsTests" tests="2" skipped="0" failures="0" errors="0" timestamp="2023-03-31T13:29:55" hostname="fv-az339-530" time="0.823">
  <properties/>
  <testcase name="testLDT()" classname="de.uka.ilkd.key.nparser.ParseLDTsTests" time="0.015"/>
  <testcase name="testSR()" classname="de.uka.ilkd.key.nparser.ParseLDTsTests" time="0.807"/>
  <system-out><![CDATA[178786     INFO  Test worker     d.u.i.k.n.KeyIO           Parsing took 7 ms 
178787     INFO  Test worker     d.u.i.k.n.KeyIO           MODE: declarations took 1 ms 
179123     INFO  Test worker     d.u.i.k.n.KeyIO           Parsing took 322 ms 
179126     INFO  Test worker     d.u.i.k.n.KeyIO           MODE: declarations took 2 ms 
]]></system-out>
  <system-err><![CDATA[]]></system-err>
</testsuite>
