<?xml version="1.0" encoding="UTF-8"?>
<testsuite name="de.uka.ilkd.key.parser.TestTermParserHeap" tests="39" skipped="0" failures="0" errors="0" timestamp="2023-03-31T13:31:31" hostname="fv-az339-530" time="99.619">
  <properties/>
  <testcase name="testBracketHeapUpdate()" classname="de.uka.ilkd.key.parser.TestTermParserHeap" time="0.021"/>
  <testcase name="testStore()" classname="de.uka.ilkd.key.parser.TestTermParserHeap" time="0.006"/>
  <testcase name="testUnknownConstant()" classname="de.uka.ilkd.key.parser.TestTermParserHeap" time="0.001"/>
  <testcase name="testAllFieldsSelector()" classname="de.uka.ilkd.key.parser.TestTermParserHeap" time="0.001"/>
  <testcase name="testParsePrettyPrintedSelect()" classname="de.uka.ilkd.key.parser.TestTermParserHeap" time="0.002"/>
  <testcase name="testAccessStaticMembers()" classname="de.uka.ilkd.key.parser.TestTermParserHeap" time="0.004"/>
  <testcase name="testAtOperator_1()" classname="de.uka.ilkd.key.parser.TestTermParserHeap" time="0.001"/>
  <testcase name="testAtOperator_2()" classname="de.uka.ilkd.key.parser.TestTermParserHeap" time="0.001"/>
  <testcase name="testAtOperator_3()" classname="de.uka.ilkd.key.parser.TestTermParserHeap" time="0.001"/>
  <testcase name="testAtOperator_4()" classname="de.uka.ilkd.key.parser.TestTermParserHeap" time="0.005"/>
  <testcase name="testAtOperator_5()" classname="de.uka.ilkd.key.parser.TestTermParserHeap" time="0.002"/>
  <testcase name="testAtOperator_6()" classname="de.uka.ilkd.key.parser.TestTermParserHeap" time="0.002"/>
  <testcase name="testAtOperator_7()" classname="de.uka.ilkd.key.parser.TestTermParserHeap" time="0.006"/>
  <testcase name="testAtOperator_8()" classname="de.uka.ilkd.key.parser.TestTermParserHeap" time="0.004"/>
  <testcase name="testVerifyExceptionIfAtOperatorNotPreceededBySelectTerm()" classname="de.uka.ilkd.key.parser.TestTermParserHeap" time="0.004"/>
  <testcase name="testBugResettingCounter()" classname="de.uka.ilkd.key.parser.TestTermParserHeap" time="0.002"/>
  <testcase name="testLocationSets()" classname="de.uka.ilkd.key.parser.TestTermParserHeap" time="0.002"/>
  <testcase name="testQuantifiedSelect()" classname="de.uka.ilkd.key.parser.TestTermParserHeap" time="0.002"/>
  <testcase name="testGenericObjectProperties()" classname="de.uka.ilkd.key.parser.TestTermParserHeap" time="0.001"/>
  <testcase name="testQueryInheritance_1()" classname="de.uka.ilkd.key.parser.TestTermParserHeap" time="0.002"/>
  <testcase name="testQueryInheritance_2()" classname="de.uka.ilkd.key.parser.TestTermParserHeap" time="0.001"/>
  <testcase name="testQueryInheritance_3()" classname="de.uka.ilkd.key.parser.TestTermParserHeap" time="0.003"/>
  <testcase name="testQueryInheritance_4()" classname="de.uka.ilkd.key.parser.TestTermParserHeap" time="0.002"/>
  <testcase name="testQueryInheritance_5()" classname="de.uka.ilkd.key.parser.TestTermParserHeap" time="0.002"/>
  <testcase name="testQueryInheritance_6()" classname="de.uka.ilkd.key.parser.TestTermParserHeap" time="0.001"/>
  <testcase name="testQueryInheritance_7()" classname="de.uka.ilkd.key.parser.TestTermParserHeap" time="0.001"/>
  <testcase name="testQueryInheritance_8()" classname="de.uka.ilkd.key.parser.TestTermParserHeap" time="0.001"/>
  <testcase name="testQueryInheritance_9()" classname="de.uka.ilkd.key.parser.TestTermParserHeap" time="0.002"/>
  <testcase name="testQueryBasic_10()" classname="de.uka.ilkd.key.parser.TestTermParserHeap" time="0.001"/>
  <testcase name="testQueryBasic_11()" classname="de.uka.ilkd.key.parser.TestTermParserHeap" time="0.003"/>
  <testcase name="testQueryBasic_1()" classname="de.uka.ilkd.key.parser.TestTermParserHeap" time="0.001"/>
  <testcase name="testQueryBasic_2()" classname="de.uka.ilkd.key.parser.TestTermParserHeap" time="0.002"/>
  <testcase name="testQueryBasic_3()" classname="de.uka.ilkd.key.parser.TestTermParserHeap" time="0.001"/>
  <testcase name="testQueryBasic_4()" classname="de.uka.ilkd.key.parser.TestTermParserHeap" time="0.002"/>
  <testcase name="testQueryBasic_5()" classname="de.uka.ilkd.key.parser.TestTermParserHeap" time="0.001"/>
  <testcase name="testQueryBasic_6()" classname="de.uka.ilkd.key.parser.TestTermParserHeap" time="0.003"/>
  <testcase name="testQueryBasic_7()" classname="de.uka.ilkd.key.parser.TestTermParserHeap" time="0.002"/>
  <testcase name="testQueryBasic_8()" classname="de.uka.ilkd.key.parser.TestTermParserHeap" time="0.002"/>
  <testcase name="testQueryBasic_9()" classname="de.uka.ilkd.key.parser.TestTermParserHeap" time="0.001"/>
  <system-out><![CDATA[274925     INFO  Test worker     d.u.i.k.n.KeyIO           Parsing took 0 ms 
274926     INFO  Test worker     d.u.i.k.n.KeyIO           MODE: declarations took 0 ms 
274926     INFO  Test worker     d.u.i.k.n.KeyIO           Parsing took 0 ms 
274927     INFO  Test worker     d.u.i.k.n.KeyIO           MODE: declarations took 1 ms 
274927     INFO  Test worker     d.u.i.k.n.KeyIO           Parsing took 0 ms 
274927     INFO  Test worker     d.u.i.k.n.KeyIO           MODE: declarations took 0 ms 
274927     INFO  Test worker     d.u.i.k.n.KeyIO           Parsing took 0 ms 
274927     INFO  Test worker     d.u.i.k.n.KeyIO           MODE: declarations took 0 ms 
274928     INFO  Test worker     d.u.i.k.n.KeyIO           Parsing took 0 ms 
274928     INFO  Test worker     d.u.i.k.n.KeyIO           MODE: declarations took 0 ms 
277689     INFO  Test worker     d.u.i.k.n.KeyIO           Parsing took 0 ms 
277689     INFO  Test worker     d.u.i.k.n.KeyIO           MODE: declarations took 0 ms 
277689     INFO  Test worker     d.u.i.k.n.KeyIO           Parsing took 0 ms 
277689     INFO  Test worker     d.u.i.k.n.KeyIO           MODE: declarations took 0 ms 
277689     INFO  Test worker     d.u.i.k.n.KeyIO           Parsing took 0 ms 
277689     INFO  Test worker     d.u.i.k.n.KeyIO           MODE: declarations took 0 ms 
277689     INFO  Test worker     d.u.i.k.n.KeyIO           Parsing took 0 ms 
277690     INFO  Test worker     d.u.i.k.n.KeyIO           MODE: declarations took 0 ms 
277690     INFO  Test worker     d.u.i.k.n.KeyIO           Parsing took 0 ms 
277690     INFO  Test worker     d.u.i.k.n.KeyIO           MODE: declarations took 0 ms 
280325     INFO  Test worker     d.u.i.k.n.KeyIO           Parsing took 0 ms 
280325     INFO  Test worker     d.u.i.k.n.KeyIO           MODE: declarations took 0 ms 
280325     INFO  Test worker     d.u.i.k.n.KeyIO           Parsing took 0 ms 
280325     INFO  Test worker     d.u.i.k.n.KeyIO           MODE: declarations took 0 ms 
280325     INFO  Test worker     d.u.i.k.n.KeyIO           Parsing took 0 ms 
280325     INFO  Test worker     d.u.i.k.n.KeyIO           MODE: declarations took 0 ms 
280325     INFO  Test worker     d.u.i.k.n.KeyIO           Parsing took 0 ms 
280325     INFO  Test worker     d.u.i.k.n.KeyIO           MODE: declarations took 0 ms 
280325     INFO  Test worker     d.u.i.k.n.KeyIO           Parsing took 0 ms 
280325     INFO  Test worker     d.u.i.k.n.KeyIO           MODE: declarations took 0 ms 
280326     INFO  Test worker     d.u.i.k.n.KeyIO           Parsing took 0 ms 
280326     INFO  Test worker     d.u.i.k.n.KeyIO           MODE: declarations took 0 ms 
282973     INFO  Test worker     d.u.i.k.n.KeyIO           Parsing took 0 ms 
282973     INFO  Test worker     d.u.i.k.n.KeyIO           MODE: declarations took 0 ms 
282973     INFO  Test worker     d.u.i.k.n.KeyIO           Parsing took 0 ms 
282973     INFO  Test worker     d.u.i.k.n.KeyIO           MODE: declarations took 0 ms 
282973     INFO  Test worker     d.u.i.k.n.KeyIO           Parsing took 0 ms 
282973     INFO  Test worker     d.u.i.k.n.KeyIO           MODE: declarations took 0 ms 
282973     INFO  Test worker     d.u.i.k.n.KeyIO           Parsing took 0 ms 
282973     INFO  Test worker     d.u.i.k.n.KeyIO           MODE: declarations took 0 ms 
282973     INFO  Test worker     d.u.i.k.n.KeyIO           Parsing took 0 ms 
282973     INFO  Test worker     d.u.i.k.n.KeyIO           MODE: declarations took 0 ms 
285607     INFO  Test worker     d.u.i.k.n.KeyIO           Parsing took 0 ms 
285607     INFO  Test worker     d.u.i.k.n.KeyIO           MODE: declarations took 0 ms 
285607     INFO  Test worker     d.u.i.k.n.KeyIO           Parsing took 0 ms 
285607     INFO  Test worker     d.u.i.k.n.KeyIO           MODE: declarations took 0 ms 
285607     INFO  Test worker     d.u.i.k.n.KeyIO           Parsing took 0 ms 
285607     INFO  Test worker     d.u.i.k.n.KeyIO           MODE: declarations took 0 ms 
285607     INFO  Test worker     d.u.i.k.n.KeyIO           Parsing took 0 ms 
285607     INFO  Test worker     d.u.i.k.n.KeyIO           MODE: declarations took 0 ms 
285607     INFO  Test worker     d.u.i.k.n.KeyIO           Parsing took 0 ms 
285607     INFO  Test worker     d.u.i.k.n.KeyIO           MODE: declarations took 0 ms 
288214     INFO  Test worker     d.u.i.k.n.KeyIO           Parsing took 0 ms 
288215     INFO  Test worker     d.u.i.k.n.KeyIO           MODE: declarations took 0 ms 
288215     INFO  Test worker     d.u.i.k.n.KeyIO           Parsing took 0 ms 
288215     INFO  Test worker     d.u.i.k.n.KeyIO           MODE: declarations took 0 ms 
288215     INFO  Test worker     d.u.i.k.n.KeyIO           Parsing took 0 ms 
288215     INFO  Test worker     d.u.i.k.n.KeyIO           MODE: declarations took 0 ms 
288215     INFO  Test worker     d.u.i.k.n.KeyIO           Parsing took 0 ms 
288215     INFO  Test worker     d.u.i.k.n.KeyIO           MODE: declarations took 0 ms 
288215     INFO  Test worker     d.u.i.k.n.KeyIO           Parsing took 0 ms 
288215     INFO  Test worker     d.u.i.k.n.KeyIO           MODE: declarations took 0 ms 
290836     INFO  Test worker     d.u.i.k.n.KeyIO           Parsing took 0 ms 
290836     INFO  Test worker     d.u.i.k.n.KeyIO           MODE: declarations took 0 ms 
290836     INFO  Test worker     d.u.i.k.n.KeyIO           Parsing took 0 ms 
290836     INFO  Test worker     d.u.i.k.n.KeyIO           MODE: declarations took 0 ms 
290836     INFO  Test worker     d.u.i.k.n.KeyIO           Parsing took 0 ms 
290836     INFO  Test worker     d.u.i.k.n.KeyIO           MODE: declarations took 0 ms 
290836     INFO  Test worker     d.u.i.k.n.KeyIO           Parsing took 0 ms 
290836     INFO  Test worker     d.u.i.k.n.KeyIO           MODE: declarations took 0 ms 
290836     INFO  Test worker     d.u.i.k.n.KeyIO           Parsing took 0 ms 
290836     INFO  Test worker     d.u.i.k.n.KeyIO           MODE: declarations took 0 ms 
293431     INFO  Test worker     d.u.i.k.n.KeyIO           Parsing took 0 ms 
293431     INFO  Test worker     d.u.i.k.n.KeyIO           MODE: declarations took 0 ms 
293431     INFO  Test worker     d.u.i.k.n.KeyIO           Parsing took 0 ms 
293431     INFO  Test worker     d.u.i.k.n.KeyIO           MODE: declarations took 0 ms 
293431     INFO  Test worker     d.u.i.k.n.KeyIO           Parsing took 0 ms 
293431     INFO  Test worker     d.u.i.k.n.KeyIO           MODE: declarations took 0 ms 
293431     INFO  Test worker     d.u.i.k.n.KeyIO           Parsing took 0 ms 
293431     INFO  Test worker     d.u.i.k.n.KeyIO           MODE: declarations took 0 ms 
293431     INFO  Test worker     d.u.i.k.n.KeyIO           Parsing took 0 ms 
293431     INFO  Test worker     d.u.i.k.n.KeyIO           MODE: declarations took 0 ms 
296029     INFO  Test worker     d.u.i.k.n.KeyIO           Parsing took 0 ms 
296029     INFO  Test worker     d.u.i.k.n.KeyIO           MODE: declarations took 0 ms 
296029     INFO  Test worker     d.u.i.k.n.KeyIO           Parsing took 0 ms 
296029     INFO  Test worker     d.u.i.k.n.KeyIO           MODE: declarations took 0 ms 
296029     INFO  Test worker     d.u.i.k.n.KeyIO           Parsing took 0 ms 
296029     INFO  Test worker     d.u.i.k.n.KeyIO           MODE: declarations took 0 ms 
296029     INFO  Test worker     d.u.i.k.n.KeyIO           Parsing took 0 ms 
296029     INFO  Test worker     d.u.i.k.n.KeyIO           MODE: declarations took 0 ms 
296029     INFO  Test worker     d.u.i.k.n.KeyIO           Parsing took 0 ms 
296029     INFO  Test worker     d.u.i.k.n.KeyIO           MODE: declarations took 0 ms 
298623     INFO  Test worker     d.u.i.k.n.KeyIO           Parsing took 0 ms 
298623     INFO  Test worker     d.u.i.k.n.KeyIO           MODE: declarations took 0 ms 
298623     INFO  Test worker     d.u.i.k.n.KeyIO           Parsing took 0 ms 
298623     INFO  Test worker     d.u.i.k.n.KeyIO           MODE: declarations took 0 ms 
298623     INFO  Test worker     d.u.i.k.n.KeyIO           Parsing took 0 ms 
298623     INFO  Test worker     d.u.i.k.n.KeyIO           MODE: declarations took 0 ms 
298623     INFO  Test worker     d.u.i.k.n.KeyIO           Parsing took 0 ms 
298623     INFO  Test worker     d.u.i.k.n.KeyIO           MODE: declarations took 0 ms 
298624     INFO  Test worker     d.u.i.k.n.KeyIO           Parsing took 1 ms 
298624     INFO  Test worker     d.u.i.k.n.KeyIO           MODE: declarations took 0 ms 
301243     INFO  Test worker     d.u.i.k.n.KeyIO           Parsing took 0 ms 
301243     INFO  Test worker     d.u.i.k.n.KeyIO           MODE: declarations took 0 ms 
301243     INFO  Test worker     d.u.i.k.n.KeyIO           Parsing took 0 ms 
301243     INFO  Test worker     d.u.i.k.n.KeyIO           MODE: declarations took 0 ms 
301243     INFO  Test worker     d.u.i.k.n.KeyIO           Parsing took 0 ms 
301243     INFO  Test worker     d.u.i.k.n.KeyIO           MODE: declarations took 0 ms 
301243     INFO  Test worker     d.u.i.k.n.KeyIO           Parsing took 0 ms 
301243     INFO  Test worker     d.u.i.k.n.KeyIO           MODE: declarations took 0 ms 
301243     INFO  Test worker     d.u.i.k.n.KeyIO           Parsing took 0 ms 
301243     INFO  Test worker     d.u.i.k.n.KeyIO           MODE: declarations took 0 ms 
303822     INFO  Test worker     d.u.i.k.n.KeyIO           Parsing took 0 ms 
303822     INFO  Test worker     d.u.i.k.n.KeyIO           MODE: declarations took 0 ms 
303822     INFO  Test worker     d.u.i.k.n.KeyIO           Parsing took 0 ms 
303822     INFO  Test worker     d.u.i.k.n.KeyIO           MODE: declarations took 0 ms 
303822     INFO  Test worker     d.u.i.k.n.KeyIO           Parsing took 0 ms 
303822     INFO  Test worker     d.u.i.k.n.KeyIO           MODE: declarations took 0 ms 
303822     INFO  Test worker     d.u.i.k.n.KeyIO           Parsing took 0 ms 
303822     INFO  Test worker     d.u.i.k.n.KeyIO           MODE: declarations took 0 ms 
303822     INFO  Test worker     d.u.i.k.n.KeyIO           Parsing took 0 ms 
303822     INFO  Test worker     d.u.i.k.n.KeyIO           MODE: declarations took 0 ms 
306426     INFO  Test worker     d.u.i.k.n.KeyIO           Parsing took 0 ms 
306427     INFO  Test worker     d.u.i.k.n.KeyIO           MODE: declarations took 0 ms 
306427     INFO  Test worker     d.u.i.k.n.KeyIO           Parsing took 0 ms 
306427     INFO  Test worker     d.u.i.k.n.KeyIO           MODE: declarations took 0 ms 
306427     INFO  Test worker     d.u.i.k.n.KeyIO           Parsing took 0 ms 
306427     INFO  Test worker     d.u.i.k.n.KeyIO           MODE: declarations took 0 ms 
306427     INFO  Test worker     d.u.i.k.n.KeyIO           Parsing took 0 ms 
306427     INFO  Test worker     d.u.i.k.n.KeyIO           MODE: declarations took 0 ms 
306427     INFO  Test worker     d.u.i.k.n.KeyIO           Parsing took 0 ms 
306427     INFO  Test worker     d.u.i.k.n.KeyIO           MODE: declarations took 0 ms 
309058     INFO  Test worker     d.u.i.k.n.KeyIO           Parsing took 0 ms 
309058     INFO  Test worker     d.u.i.k.n.KeyIO           MODE: declarations took 0 ms 
309058     INFO  Test worker     d.u.i.k.n.KeyIO           Parsing took 0 ms 
309058     INFO  Test worker     d.u.i.k.n.KeyIO           MODE: declarations took 0 ms 
309058     INFO  Test worker     d.u.i.k.n.KeyIO           Parsing took 0 ms 
309058     INFO  Test worker     d.u.i.k.n.KeyIO           MODE: declarations took 0 ms 
309058     INFO  Test worker     d.u.i.k.n.KeyIO           Parsing took 0 ms 
309058     INFO  Test worker     d.u.i.k.n.KeyIO           MODE: declarations took 0 ms 
309058     INFO  Test worker     d.u.i.k.n.KeyIO           Parsing took 0 ms 
309058     INFO  Test worker     d.u.i.k.n.KeyIO           MODE: declarations took 0 ms 
311678     INFO  Test worker     d.u.i.k.n.KeyIO           Parsing took 0 ms 
311678     INFO  Test worker     d.u.i.k.n.KeyIO           MODE: declarations took 0 ms 
311678     INFO  Test worker     d.u.i.k.n.KeyIO           Parsing took 0 ms 
311678     INFO  Test worker     d.u.i.k.n.KeyIO           MODE: declarations took 0 ms 
311678     INFO  Test worker     d.u.i.k.n.KeyIO           Parsing took 0 ms 
311678     INFO  Test worker     d.u.i.k.n.KeyIO           MODE: declarations took 0 ms 
311678     INFO  Test worker     d.u.i.k.n.KeyIO           Parsing took 0 ms 
311678     INFO  Test worker     d.u.i.k.n.KeyIO           MODE: declarations took 0 ms 
311679     INFO  Test worker     d.u.i.k.n.KeyIO           Parsing took 1 ms 
311679     INFO  Test worker     d.u.i.k.n.KeyIO           MODE: declarations took 0 ms 
311681     WARN  Test worker     d.u.i.k.n.KeYParser       [syntax-error] <unknown>:1:11: mismatched input '@' expecting {'/', ':=', '.', '(', ')', '{', '[', '@', PARALLEL, OR, AND, IMP, '=', NOT_EQUALS, '%', '*', '-', '+', '>', GREATEREQUAL, '<', LESSEQUAL, LGUILLEMETS, EQV} [@11,11:11='@',<153>,1:11] (termEOF) 
314294     INFO  Test worker     d.u.i.k.n.KeyIO           Parsing took 0 ms 
314294     INFO  Test worker     d.u.i.k.n.KeyIO           MODE: declarations took 0 ms 
314294     INFO  Test worker     d.u.i.k.n.KeyIO           Parsing took 0 ms 
314294     INFO  Test worker     d.u.i.k.n.KeyIO           MODE: declarations took 0 ms 
314294     INFO  Test worker     d.u.i.k.n.KeyIO           Parsing took 0 ms 
314294     INFO  Test worker     d.u.i.k.n.KeyIO           MODE: declarations took 0 ms 
314294     INFO  Test worker     d.u.i.k.n.KeyIO           Parsing took 0 ms 
314294     INFO  Test worker     d.u.i.k.n.KeyIO           MODE: declarations took 0 ms 
314294     INFO  Test worker     d.u.i.k.n.KeyIO           Parsing took 0 ms 
314294     INFO  Test worker     d.u.i.k.n.KeyIO           MODE: declarations took 0 ms 
316874     INFO  Test worker     d.u.i.k.n.KeyIO           Parsing took 0 ms 
316874     INFO  Test worker     d.u.i.k.n.KeyIO           MODE: declarations took 0 ms 
316874     INFO  Test worker     d.u.i.k.n.KeyIO           Parsing took 0 ms 
316874     INFO  Test worker     d.u.i.k.n.KeyIO           MODE: declarations took 0 ms 
316874     INFO  Test worker     d.u.i.k.n.KeyIO           Parsing took 0 ms 
316874     INFO  Test worker     d.u.i.k.n.KeyIO           MODE: declarations took 0 ms 
316874     INFO  Test worker     d.u.i.k.n.KeyIO           Parsing took 0 ms 
316874     INFO  Test worker     d.u.i.k.n.KeyIO           MODE: declarations took 0 ms 
316874     INFO  Test worker     d.u.i.k.n.KeyIO           Parsing took 0 ms 
316874     INFO  Test worker     d.u.i.k.n.KeyIO           MODE: declarations took 0 ms 
319619     INFO  Test worker     d.u.i.k.n.KeyIO           Parsing took 0 ms 
319619     INFO  Test worker     d.u.i.k.n.KeyIO           MODE: declarations took 0 ms 
319619     INFO  Test worker     d.u.i.k.n.KeyIO           Parsing took 0 ms 
319620     INFO  Test worker     d.u.i.k.n.KeyIO           MODE: declarations took 0 ms 
319620     INFO  Test worker     d.u.i.k.n.KeyIO           Parsing took 0 ms 
319620     INFO  Test worker     d.u.i.k.n.KeyIO           MODE: declarations took 0 ms 
319620     INFO  Test worker     d.u.i.k.n.KeyIO           Parsing took 0 ms 
319620     INFO  Test worker     d.u.i.k.n.KeyIO           MODE: declarations took 0 ms 
319620     INFO  Test worker     d.u.i.k.n.KeyIO           Parsing took 0 ms 
319620     INFO  Test worker     d.u.i.k.n.KeyIO           MODE: declarations took 0 ms 
322222     INFO  Test worker     d.u.i.k.n.KeyIO           Parsing took 0 ms 
322222     INFO  Test worker     d.u.i.k.n.KeyIO           MODE: declarations took 0 ms 
322222     INFO  Test worker     d.u.i.k.n.KeyIO           Parsing took 0 ms 
322222     INFO  Test worker     d.u.i.k.n.KeyIO           MODE: declarations took 0 ms 
322222     INFO  Test worker     d.u.i.k.n.KeyIO           Parsing took 0 ms 
322222     INFO  Test worker     d.u.i.k.n.KeyIO           MODE: declarations took 0 ms 
322222     INFO  Test worker     d.u.i.k.n.KeyIO           Parsing took 0 ms 
322222     INFO  Test worker     d.u.i.k.n.KeyIO           MODE: declarations took 0 ms 
322222     INFO  Test worker     d.u.i.k.n.KeyIO           Parsing took 0 ms 
322222     INFO  Test worker     d.u.i.k.n.KeyIO           MODE: declarations took 0 ms 
324849     INFO  Test worker     d.u.i.k.n.KeyIO           Parsing took 0 ms 
324850     INFO  Test worker     d.u.i.k.n.KeyIO           MODE: declarations took 0 ms 
324850     INFO  Test worker     d.u.i.k.n.KeyIO           Parsing took 0 ms 
324850     INFO  Test worker     d.u.i.k.n.KeyIO           MODE: declarations took 0 ms 
324850     INFO  Test worker     d.u.i.k.n.KeyIO           Parsing took 0 ms 
324850     INFO  Test worker     d.u.i.k.n.KeyIO           MODE: declarations took 0 ms 
324850     INFO  Test worker     d.u.i.k.n.KeyIO           Parsing took 0 ms 
324850     INFO  Test worker     d.u.i.k.n.KeyIO           MODE: declarations took 0 ms 
324850     INFO  Test worker     d.u.i.k.n.KeyIO           Parsing took 0 ms 
324850     INFO  Test worker     d.u.i.k.n.KeyIO           MODE: declarations took 0 ms 
327450     INFO  Test worker     d.u.i.k.n.KeyIO           Parsing took 0 ms 
327450     INFO  Test worker     d.u.i.k.n.KeyIO           MODE: declarations took 0 ms 
327450     INFO  Test worker     d.u.i.k.n.KeyIO           Parsing took 0 ms 
327450     INFO  Test worker     d.u.i.k.n.KeyIO           MODE: declarations took 0 ms 
327450     INFO  Test worker     d.u.i.k.n.KeyIO           Parsing took 0 ms 
327450     INFO  Test worker     d.u.i.k.n.KeyIO           MODE: declarations took 0 ms 
327450     INFO  Test worker     d.u.i.k.n.KeyIO           Parsing took 0 ms 
327450     INFO  Test worker     d.u.i.k.n.KeyIO           MODE: declarations took 0 ms 
327450     INFO  Test worker     d.u.i.k.n.KeyIO           Parsing took 0 ms 
327451     INFO  Test worker     d.u.i.k.n.KeyIO           MODE: declarations took 0 ms 
330013     INFO  Test worker     d.u.i.k.n.KeyIO           Parsing took 0 ms 
330014     INFO  Test worker     d.u.i.k.n.KeyIO           MODE: declarations took 1 ms 
330014     INFO  Test worker     d.u.i.k.n.KeyIO           Parsing took 0 ms 
330014     INFO  Test worker     d.u.i.k.n.KeyIO           MODE: declarations took 0 ms 
330014     INFO  Test worker     d.u.i.k.n.KeyIO           Parsing took 0 ms 
330014     INFO  Test worker     d.u.i.k.n.KeyIO           MODE: declarations took 0 ms 
330014     INFO  Test worker     d.u.i.k.n.KeyIO           Parsing took 0 ms 
330014     INFO  Test worker     d.u.i.k.n.KeyIO           MODE: declarations took 0 ms 
330014     INFO  Test worker     d.u.i.k.n.KeyIO           Parsing took 0 ms 
330014     INFO  Test worker     d.u.i.k.n.KeyIO           MODE: declarations took 0 ms 
332592     INFO  Test worker     d.u.i.k.n.KeyIO           Parsing took 0 ms 
332593     INFO  Test worker     d.u.i.k.n.KeyIO           MODE: declarations took 0 ms 
332593     INFO  Test worker     d.u.i.k.n.KeyIO           Parsing took 0 ms 
332593     INFO  Test worker     d.u.i.k.n.KeyIO           MODE: declarations took 0 ms 
332593     INFO  Test worker     d.u.i.k.n.KeyIO           Parsing took 0 ms 
332593     INFO  Test worker     d.u.i.k.n.KeyIO           MODE: declarations took 0 ms 
332593     INFO  Test worker     d.u.i.k.n.KeyIO           Parsing took 0 ms 
332593     INFO  Test worker     d.u.i.k.n.KeyIO           MODE: declarations took 0 ms 
332593     INFO  Test worker     d.u.i.k.n.KeyIO           Parsing took 0 ms 
332593     INFO  Test worker     d.u.i.k.n.KeyIO           MODE: declarations took 0 ms 
335227     INFO  Test worker     d.u.i.k.n.KeyIO           Parsing took 0 ms 
335228     INFO  Test worker     d.u.i.k.n.KeyIO           MODE: declarations took 0 ms 
335228     INFO  Test worker     d.u.i.k.n.KeyIO           Parsing took 0 ms 
335228     INFO  Test worker     d.u.i.k.n.KeyIO           MODE: declarations took 0 ms 
335228     INFO  Test worker     d.u.i.k.n.KeyIO           Parsing took 0 ms 
335228     INFO  Test worker     d.u.i.k.n.KeyIO           MODE: declarations took 0 ms 
335228     INFO  Test worker     d.u.i.k.n.KeyIO           Parsing took 0 ms 
335228     INFO  Test worker     d.u.i.k.n.KeyIO           MODE: declarations took 0 ms 
335228     INFO  Test worker     d.u.i.k.n.KeyIO           Parsing took 0 ms 
335228     INFO  Test worker     d.u.i.k.n.KeyIO           MODE: declarations took 0 ms 
337818     INFO  Test worker     d.u.i.k.n.KeyIO           Parsing took 0 ms 
337819     INFO  Test worker     d.u.i.k.n.KeyIO           MODE: declarations took 0 ms 
337819     INFO  Test worker     d.u.i.k.n.KeyIO           Parsing took 0 ms 
337819     INFO  Test worker     d.u.i.k.n.KeyIO           MODE: declarations took 0 ms 
337819     INFO  Test worker     d.u.i.k.n.KeyIO           Parsing took 0 ms 
337819     INFO  Test worker     d.u.i.k.n.KeyIO           MODE: declarations took 0 ms 
337819     INFO  Test worker     d.u.i.k.n.KeyIO           Parsing took 0 ms 
337819     INFO  Test worker     d.u.i.k.n.KeyIO           MODE: declarations took 0 ms 
337819     INFO  Test worker     d.u.i.k.n.KeyIO           Parsing took 0 ms 
337819     INFO  Test worker     d.u.i.k.n.KeyIO           MODE: declarations took 0 ms 
340436     INFO  Test worker     d.u.i.k.n.KeyIO           Parsing took 0 ms 
340436     INFO  Test worker     d.u.i.k.n.KeyIO           MODE: declarations took 0 ms 
340436     INFO  Test worker     d.u.i.k.n.KeyIO           Parsing took 0 ms 
340436     INFO  Test worker     d.u.i.k.n.KeyIO           MODE: declarations took 0 ms 
340436     INFO  Test worker     d.u.i.k.n.KeyIO           Parsing took 0 ms 
340436     INFO  Test worker     d.u.i.k.n.KeyIO           MODE: declarations took 0 ms 
340436     INFO  Test worker     d.u.i.k.n.KeyIO           Parsing took 0 ms 
340436     INFO  Test worker     d.u.i.k.n.KeyIO           MODE: declarations took 0 ms 
340436     INFO  Test worker     d.u.i.k.n.KeyIO           Parsing took 0 ms 
340436     INFO  Test worker     d.u.i.k.n.KeyIO           MODE: declarations took 0 ms 
343137     INFO  Test worker     d.u.i.k.n.KeyIO           Parsing took 0 ms 
343138     INFO  Test worker     d.u.i.k.n.KeyIO           MODE: declarations took 0 ms 
343138     INFO  Test worker     d.u.i.k.n.KeyIO           Parsing took 0 ms 
343138     INFO  Test worker     d.u.i.k.n.KeyIO           MODE: declarations took 0 ms 
343138     INFO  Test worker     d.u.i.k.n.KeyIO           Parsing took 0 ms 
343138     INFO  Test worker     d.u.i.k.n.KeyIO           MODE: declarations took 0 ms 
343138     INFO  Test worker     d.u.i.k.n.KeyIO           Parsing took 0 ms 
343138     INFO  Test worker     d.u.i.k.n.KeyIO           MODE: declarations took 0 ms 
343138     INFO  Test worker     d.u.i.k.n.KeyIO           Parsing took 0 ms 
343138     INFO  Test worker     d.u.i.k.n.KeyIO           MODE: declarations took 0 ms 
345724     INFO  Test worker     d.u.i.k.n.KeyIO           Parsing took 0 ms 
345724     INFO  Test worker     d.u.i.k.n.KeyIO           MODE: declarations took 0 ms 
345724     INFO  Test worker     d.u.i.k.n.KeyIO           Parsing took 0 ms 
345724     INFO  Test worker     d.u.i.k.n.KeyIO           MODE: declarations took 0 ms 
345724     INFO  Test worker     d.u.i.k.n.KeyIO           Parsing took 0 ms 
345724     INFO  Test worker     d.u.i.k.n.KeyIO           MODE: declarations took 0 ms 
345724     INFO  Test worker     d.u.i.k.n.KeyIO           Parsing took 0 ms 
345724     INFO  Test worker     d.u.i.k.n.KeyIO           MODE: declarations took 0 ms 
345724     INFO  Test worker     d.u.i.k.n.KeyIO           Parsing took 0 ms 
345724     INFO  Test worker     d.u.i.k.n.KeyIO           MODE: declarations took 0 ms 
348330     INFO  Test worker     d.u.i.k.n.KeyIO           Parsing took 0 ms 
348330     INFO  Test worker     d.u.i.k.n.KeyIO           MODE: declarations took 0 ms 
348330     INFO  Test worker     d.u.i.k.n.KeyIO           Parsing took 0 ms 
348330     INFO  Test worker     d.u.i.k.n.KeyIO           MODE: declarations took 0 ms 
348330     INFO  Test worker     d.u.i.k.n.KeyIO           Parsing took 0 ms 
348330     INFO  Test worker     d.u.i.k.n.KeyIO           MODE: declarations took 0 ms 
348331     INFO  Test worker     d.u.i.k.n.KeyIO           Parsing took 1 ms 
348331     INFO  Test worker     d.u.i.k.n.KeyIO           MODE: declarations took 0 ms 
348331     INFO  Test worker     d.u.i.k.n.KeyIO           Parsing took 0 ms 
348331     INFO  Test worker     d.u.i.k.n.KeyIO           MODE: declarations took 0 ms 
350951     INFO  Test worker     d.u.i.k.n.KeyIO           Parsing took 0 ms 
350952     INFO  Test worker     d.u.i.k.n.KeyIO           MODE: declarations took 1 ms 
350952     INFO  Test worker     d.u.i.k.n.KeyIO           Parsing took 0 ms 
350952     INFO  Test worker     d.u.i.k.n.KeyIO           MODE: declarations took 0 ms 
350952     INFO  Test worker     d.u.i.k.n.KeyIO           Parsing took 0 ms 
350952     INFO  Test worker     d.u.i.k.n.KeyIO           MODE: declarations took 0 ms 
350952     INFO  Test worker     d.u.i.k.n.KeyIO           Parsing took 0 ms 
350952     INFO  Test worker     d.u.i.k.n.KeyIO           MODE: declarations took 0 ms 
350952     INFO  Test worker     d.u.i.k.n.KeyIO           Parsing took 0 ms 
350953     INFO  Test worker     d.u.i.k.n.KeyIO           MODE: declarations took 0 ms 
353582     INFO  Test worker     d.u.i.k.n.KeyIO           Parsing took 0 ms 
353583     INFO  Test worker     d.u.i.k.n.KeyIO           MODE: declarations took 0 ms 
353583     INFO  Test worker     d.u.i.k.n.KeyIO           Parsing took 0 ms 
353583     INFO  Test worker     d.u.i.k.n.KeyIO           MODE: declarations took 0 ms 
353583     INFO  Test worker     d.u.i.k.n.KeyIO           Parsing took 0 ms 
353583     INFO  Test worker     d.u.i.k.n.KeyIO           MODE: declarations took 0 ms 
353583     INFO  Test worker     d.u.i.k.n.KeyIO           Parsing took 0 ms 
353583     INFO  Test worker     d.u.i.k.n.KeyIO           MODE: declarations took 0 ms 
353583     INFO  Test worker     d.u.i.k.n.KeyIO           Parsing took 0 ms 
353583     INFO  Test worker     d.u.i.k.n.KeyIO           MODE: declarations took 0 ms 
356221     INFO  Test worker     d.u.i.k.n.KeyIO           Parsing took 0 ms 
356221     INFO  Test worker     d.u.i.k.n.KeyIO           MODE: declarations took 0 ms 
356221     INFO  Test worker     d.u.i.k.n.KeyIO           Parsing took 0 ms 
356221     INFO  Test worker     d.u.i.k.n.KeyIO           MODE: declarations took 0 ms 
356221     INFO  Test worker     d.u.i.k.n.KeyIO           Parsing took 0 ms 
356221     INFO  Test worker     d.u.i.k.n.KeyIO           MODE: declarations took 0 ms 
356222     INFO  Test worker     d.u.i.k.n.KeyIO           Parsing took 1 ms 
356222     INFO  Test worker     d.u.i.k.n.KeyIO           MODE: declarations took 0 ms 
356222     INFO  Test worker     d.u.i.k.n.KeyIO           Parsing took 0 ms 
356222     INFO  Test worker     d.u.i.k.n.KeyIO           MODE: declarations took 0 ms 
358818     INFO  Test worker     d.u.i.k.n.KeyIO           Parsing took 0 ms 
358818     INFO  Test worker     d.u.i.k.n.KeyIO           MODE: declarations took 0 ms 
358818     INFO  Test worker     d.u.i.k.n.KeyIO           Parsing took 0 ms 
358818     INFO  Test worker     d.u.i.k.n.KeyIO           MODE: declarations took 0 ms 
358818     INFO  Test worker     d.u.i.k.n.KeyIO           Parsing took 0 ms 
358818     INFO  Test worker     d.u.i.k.n.KeyIO           MODE: declarations took 0 ms 
358818     INFO  Test worker     d.u.i.k.n.KeyIO           Parsing took 0 ms 
358818     INFO  Test worker     d.u.i.k.n.KeyIO           MODE: declarations took 0 ms 
358818     INFO  Test worker     d.u.i.k.n.KeyIO           Parsing took 0 ms 
358818     INFO  Test worker     d.u.i.k.n.KeyIO           MODE: declarations took 0 ms 
361403     INFO  Test worker     d.u.i.k.n.KeyIO           Parsing took 0 ms 
361404     INFO  Test worker     d.u.i.k.n.KeyIO           MODE: declarations took 1 ms 
361404     INFO  Test worker     d.u.i.k.n.KeyIO           Parsing took 0 ms 
361404     INFO  Test worker     d.u.i.k.n.KeyIO           MODE: declarations took 0 ms 
361404     INFO  Test worker     d.u.i.k.n.KeyIO           Parsing took 0 ms 
361404     INFO  Test worker     d.u.i.k.n.KeyIO           MODE: declarations took 0 ms 
361404     INFO  Test worker     d.u.i.k.n.KeyIO           Parsing took 0 ms 
361404     INFO  Test worker     d.u.i.k.n.KeyIO           MODE: declarations took 0 ms 
361404     INFO  Test worker     d.u.i.k.n.KeyIO           Parsing took 0 ms 
361404     INFO  Test worker     d.u.i.k.n.KeyIO           MODE: declarations took 0 ms 
363989     INFO  Test worker     d.u.i.k.n.KeyIO           Parsing took 0 ms 
363989     INFO  Test worker     d.u.i.k.n.KeyIO           MODE: declarations took 0 ms 
363990     INFO  Test worker     d.u.i.k.n.KeyIO           Parsing took 0 ms 
363990     INFO  Test worker     d.u.i.k.n.KeyIO           MODE: declarations took 0 ms 
363990     INFO  Test worker     d.u.i.k.n.KeyIO           Parsing took 0 ms 
363990     INFO  Test worker     d.u.i.k.n.KeyIO           MODE: declarations took 0 ms 
363990     INFO  Test worker     d.u.i.k.n.KeyIO           Parsing took 0 ms 
363990     INFO  Test worker     d.u.i.k.n.KeyIO           MODE: declarations took 0 ms 
363990     INFO  Test worker     d.u.i.k.n.KeyIO           Parsing took 0 ms 
363990     INFO  Test worker     d.u.i.k.n.KeyIO           MODE: declarations took 0 ms 
366598     INFO  Test worker     d.u.i.k.n.KeyIO           Parsing took 1 ms 
366598     INFO  Test worker     d.u.i.k.n.KeyIO           MODE: declarations took 0 ms 
366598     INFO  Test worker     d.u.i.k.n.KeyIO           Parsing took 0 ms 
366598     INFO  Test worker     d.u.i.k.n.KeyIO           MODE: declarations took 0 ms 
366598     INFO  Test worker     d.u.i.k.n.KeyIO           Parsing took 0 ms 
366598     INFO  Test worker     d.u.i.k.n.KeyIO           MODE: declarations took 0 ms 
366598     INFO  Test worker     d.u.i.k.n.KeyIO           Parsing took 0 ms 
366598     INFO  Test worker     d.u.i.k.n.KeyIO           MODE: declarations took 0 ms 
366599     INFO  Test worker     d.u.i.k.n.KeyIO           Parsing took 1 ms 
366599     INFO  Test worker     d.u.i.k.n.KeyIO           MODE: declarations took 0 ms 
369316     INFO  Test worker     d.u.i.k.n.KeyIO           Parsing took 0 ms 
369316     INFO  Test worker     d.u.i.k.n.KeyIO           MODE: declarations took 0 ms 
369316     INFO  Test worker     d.u.i.k.n.KeyIO           Parsing took 0 ms 
369316     INFO  Test worker     d.u.i.k.n.KeyIO           MODE: declarations took 0 ms 
369317     INFO  Test worker     d.u.i.k.n.KeyIO           Parsing took 1 ms 
369317     INFO  Test worker     d.u.i.k.n.KeyIO           MODE: declarations took 0 ms 
369317     INFO  Test worker     d.u.i.k.n.KeyIO           Parsing took 0 ms 
369317     INFO  Test worker     d.u.i.k.n.KeyIO           MODE: declarations took 0 ms 
369317     INFO  Test worker     d.u.i.k.n.KeyIO           Parsing took 0 ms 
369317     INFO  Test worker     d.u.i.k.n.KeyIO           MODE: declarations took 0 ms 
371939     INFO  Test worker     d.u.i.k.n.KeyIO           Parsing took 0 ms 
371939     INFO  Test worker     d.u.i.k.n.KeyIO           MODE: declarations took 0 ms 
371939     INFO  Test worker     d.u.i.k.n.KeyIO           Parsing took 0 ms 
371939     INFO  Test worker     d.u.i.k.n.KeyIO           MODE: declarations took 0 ms 
371939     INFO  Test worker     d.u.i.k.n.KeyIO           Parsing took 0 ms 
371939     INFO  Test worker     d.u.i.k.n.KeyIO           MODE: declarations took 0 ms 
371939     INFO  Test worker     d.u.i.k.n.KeyIO           Parsing took 0 ms 
371939     INFO  Test worker     d.u.i.k.n.KeyIO           MODE: declarations took 0 ms 
371939     INFO  Test worker     d.u.i.k.n.KeyIO           Parsing took 0 ms 
371939     INFO  Test worker     d.u.i.k.n.KeyIO           MODE: declarations took 0 ms 
374543     INFO  Test worker     d.u.i.k.n.KeyIO           Parsing took 0 ms 
374543     INFO  Test worker     d.u.i.k.n.KeyIO           MODE: declarations took 0 ms 
374543     INFO  Test worker     d.u.i.k.n.KeyIO           Parsing took 0 ms 
374543     INFO  Test worker     d.u.i.k.n.KeyIO           MODE: declarations took 0 ms 
374543     INFO  Test worker     d.u.i.k.n.KeyIO           Parsing took 0 ms 
374543     INFO  Test worker     d.u.i.k.n.KeyIO           MODE: declarations took 0 ms 
374543     INFO  Test worker     d.u.i.k.n.KeyIO           Parsing took 0 ms 
374543     INFO  Test worker     d.u.i.k.n.KeyIO           MODE: declarations took 0 ms 
374543     INFO  Test worker     d.u.i.k.n.KeyIO           Parsing took 0 ms 
374543     INFO  Test worker     d.u.i.k.n.KeyIO           MODE: declarations took 0 ms 
]]></system-out>
  <system-err><![CDATA[]]></system-err>
</testsuite>
