<?xml version="1.0" encoding="UTF-8"?>
<testsuite name="de.uka.ilkd.key.parser.TestDeclParser" tests="14" skipped="2" failures="0" errors="0" timestamp="2023-03-31T13:30:04" hostname="fv-az339-530" time="9.928">
  <properties/>
  <testcase name="testGenericSortDecl1()" classname="de.uka.ilkd.key.parser.TestDeclParser" time="0.795"/>
  <testcase name="testGenericSortDecl2()" classname="de.uka.ilkd.key.parser.TestDeclParser" time="0.877"/>
  <testcase name="testGenericSortDecl3()" classname="de.uka.ilkd.key.parser.TestDeclParser" time="0.839"/>
  <testcase name="testGenericSortDecl4()" classname="de.uka.ilkd.key.parser.TestDeclParser" time="0.767"/>
  <testcase name="testGenericSortDecl5()" classname="de.uka.ilkd.key.parser.TestDeclParser" time="0.0">
    <skipped/>
  </testcase>
  <testcase name="testGenericSortDecl6()" classname="de.uka.ilkd.key.parser.TestDeclParser" time="0.845"/>
  <testcase name="testSortDecl()" classname="de.uka.ilkd.key.parser.TestDeclParser" time="0.862"/>
  <testcase name="testProxySortDecl()" classname="de.uka.ilkd.key.parser.TestDeclParser" time="0.841"/>
  <testcase name="testArrayDecl()" classname="de.uka.ilkd.key.parser.TestDeclParser" time="0.778"/>
  <testcase name="testAmbiguousDecls()" classname="de.uka.ilkd.key.parser.TestDeclParser" time="0.0">
    <skipped/>
  </testcase>
  <testcase name="testHeurDecl()" classname="de.uka.ilkd.key.parser.TestDeclParser" time="0.843"/>
  <testcase name="testFunctionDecl()" classname="de.uka.ilkd.key.parser.TestDeclParser" time="0.839"/>
  <testcase name="testPredicateDecl()" classname="de.uka.ilkd.key.parser.TestDeclParser" time="0.782"/>
  <testcase name="testSVDecl()" classname="de.uka.ilkd.key.parser.TestDeclParser" time="0.855"/>
  <system-out><![CDATA[188613     INFO  Test worker     d.u.i.k.n.KeyIO           Parsing took 0 ms 
188613     INFO  Test worker     d.u.i.k.n.KeyIO           MODE: declarations took 0 ms 
189491     INFO  Test worker     d.u.i.k.n.KeyIO           Parsing took 0 ms 
189491     INFO  Test worker     d.u.i.k.n.KeyIO           MODE: declarations took 0 ms 
190331     INFO  Test worker     d.u.i.k.n.KeyIO           Parsing took 0 ms 
190331     INFO  Test worker     d.u.i.k.n.KeyIO           MODE: declarations took 0 ms 
191097     INFO  Test worker     d.u.i.k.n.KeyIO           Parsing took 0 ms 
191098     INFO  Test worker     d.u.i.k.n.KeyIO           MODE: declarations took 0 ms 
191943     INFO  Test worker     d.u.i.k.n.KeyIO           Parsing took 0 ms 
191943     INFO  Test worker     d.u.i.k.n.KeyIO           MODE: declarations took 0 ms 
192805     INFO  Test worker     d.u.i.k.n.KeyIO           Parsing took 1 ms 
192805     INFO  Test worker     d.u.i.k.n.KeyIO           MODE: declarations took 0 ms 
193646     INFO  Test worker     d.u.i.k.n.KeyIO           Parsing took 0 ms 
193646     INFO  Test worker     d.u.i.k.n.KeyIO           MODE: declarations took 0 ms 
194423     INFO  Test worker     d.u.i.k.n.KeyIO           Parsing took 0 ms 
194424     INFO  Test worker     d.u.i.k.n.KeyIO           MODE: declarations took 0 ms 
195268     INFO  Test worker     d.u.i.k.n.KeyIO           Parsing took 0 ms 
195269     INFO  Test worker     d.u.i.k.n.KeyIO           MODE: declarations took 1 ms 
196107     INFO  Test worker     d.u.i.k.n.KeyIO           Parsing took 0 ms 
196108     INFO  Test worker     d.u.i.k.n.KeyIO           MODE: declarations took 1 ms 
196890     INFO  Test worker     d.u.i.k.n.KeyIO           Parsing took 0 ms 
196891     INFO  Test worker     d.u.i.k.n.KeyIO           MODE: declarations took 1 ms 
197740     INFO  Test worker     d.u.i.k.n.KeyIO           Parsing took 0 ms 
197741     INFO  Test worker     d.u.i.k.n.KeyIO           MODE: declarations took 0 ms 
]]></system-out>
  <system-err><![CDATA[]]></system-err>
</testsuite>
