<?xml version="1.0" encoding="UTF-8"?>
<testsuite name="de.uka.ilkd.key.parser.TestParser" tests="5" skipped="1" failures="0" errors="0" timestamp="2023-03-31T13:31:21" hostname="fv-az339-530" time="4.328">
  <properties/>
  <testcase name="testConstantEvaluationError()" classname="de.uka.ilkd.key.parser.TestParser" time="0.824"/>
  <testcase name="testGenericSort()" classname="de.uka.ilkd.key.parser.TestParser" time="0.002"/>
  <testcase name="testIssue1566()" classname="de.uka.ilkd.key.parser.TestParser" time="2.678"/>
  <testcase name="testIssue39()" classname="de.uka.ilkd.key.parser.TestParser" time="0.822"/>
  <testcase name="testRelativeInclude()" classname="de.uka.ilkd.key.parser.TestParser" time="0.002">
    <skipped/>
  </testcase>
  <system-out><![CDATA[265437     INFO  Test worker     d.u.i.k.n.KeyIO           Parsing took 0 ms 
265438     INFO  Test worker     d.u.i.k.n.KeyIO           MODE: declarations took 0 ms 
]]></system-out>
  <system-err><![CDATA[]]></system-err>
</testsuite>
