<?xml version="1.0" encoding="UTF-8"?>
<testsuite name="de.uka.ilkd.key.parser.TestTermParserSorts" tests="2" skipped="0" failures="0" errors="0" timestamp="2023-03-31T13:33:13" hostname="fv-az339-530" time="2.623">
  <properties/>
  <testcase name="testParseIntegerArgs()" classname="de.uka.ilkd.key.parser.TestTermParserSorts" time="0.015"/>
  <testcase name="testParseSequencePrettySyntax()" classname="de.uka.ilkd.key.parser.TestTermParserSorts" time="0.001"/>
  <system-out><![CDATA[377154     INFO  Test worker     d.u.i.k.n.KeyIO           Parsing took 0 ms 
377155     INFO  Test worker     d.u.i.k.n.KeyIO           MODE: declarations took 1 ms 
377155     INFO  Test worker     d.u.i.k.n.KeyIO           Parsing took 0 ms 
377155     INFO  Test worker     d.u.i.k.n.KeyIO           MODE: declarations took 0 ms 
377155     INFO  Test worker     d.u.i.k.n.KeyIO           Parsing took 0 ms 
377155     INFO  Test worker     d.u.i.k.n.KeyIO           MODE: declarations took 0 ms 
379777     INFO  Test worker     d.u.i.k.n.KeyIO           Parsing took 0 ms 
379777     INFO  Test worker     d.u.i.k.n.KeyIO           MODE: declarations took 0 ms 
379777     INFO  Test worker     d.u.i.k.n.KeyIO           Parsing took 0 ms 
379777     INFO  Test worker     d.u.i.k.n.KeyIO           MODE: declarations took 0 ms 
379777     INFO  Test worker     d.u.i.k.n.KeyIO           Parsing took 0 ms 
379777     INFO  Test worker     d.u.i.k.n.KeyIO           MODE: declarations took 0 ms 
]]></system-out>
  <system-err><![CDATA[]]></system-err>
</testsuite>
