<?xml version="1.0" encoding="UTF-8"?>
<testsuite name="recoder.testsuite.basic.analysis.PackageXReferenceCompletenessTest" tests="1" skipped="0" failures="0" errors="0" timestamp="2023-04-20T11:09:11" hostname="fv-az479-470" time="0.002">
  <properties/>
  <testcase name="testPackageXReferenceCompleteness" classname="recoder.testsuite.basic.analysis.PackageXReferenceCompletenessTest" time="0.002"/>
  <system-out><![CDATA[]]></system-out>
  <system-err><![CDATA[]]></system-err>
</testsuite>
