<?xml version="1.0" encoding="UTF-8"?>
<testsuite name="de.uka.ilkd.key.proof.TestOneStepSimplifier" tests="1" skipped="0" failures="0" errors="0" timestamp="2023-06-12T18:50:08" hostname="fv-az479-130" time="6.511">
  <properties/>
  <testcase name="loadWithRestriction()" classname="de.uka.ilkd.key.proof.TestOneStepSimplifier" time="6.511"/>
  <system-out><![CDATA[732997     INFO  Test worker     d.u.i.k.p.i.AbstractProblemLoader Loading environment from src\test\resources\testcase\ossRestriction.proof 
732997     DEBUG Test worker     d.u.i.k.p.i.AbstractProblemLoader Environment load took 183.8ns 
733001     INFO  Test worker     d.u.i.k.p.i.AbstractProblemLoader Creating init config 
733261     DEBUG Test worker     d.u.i.k.j.TypeConverter   No LDT found for Meta 
733261     DEBUG Test worker     d.u.i.k.j.TypeConverter   No LDT found for Meta 
733261     DEBUG Test worker     d.u.i.k.j.TypeConverter   No LDT found for Meta 
733261     DEBUG Test worker     d.u.i.k.j.TypeConverter   No LDT found for Meta 
734124     DEBUG Test worker     d.u.i.k.j.TypeConverter   No LDT found for JavaBigintExpression 
739460     DEBUG Test worker     d.u.i.k.p.i.AbstractProblemLoader Init config took 6.47s 
739492     INFO  Test worker     d.u.i.k.p.i.AbstractProblemLoader Replaying proof ossRestriction.proof 
739492     DEBUG Test worker     d.u.i.k.p.i.IntermediateProofReplayer Proof replay took 1.33ms 
]]></system-out>
  <system-err><![CDATA[]]></system-err>
</testsuite>
