<?xml version="1.0" encoding="UTF-8"?>
<testsuite name="de.uka.ilkd.key.rule.TestCollisionResolving" tests="7" skipped="0" failures="0" errors="0" timestamp="2023-06-12T18:50:46" hostname="fv-az479-130" time="0.055">
  <properties/>
  <testcase name="testVarNamespaceCreationWithPrefix()" classname="de.uka.ilkd.key.rule.TestCollisionResolving" time="0.01"/>
  <testcase name="testNameConflictAfterInput()" classname="de.uka.ilkd.key.rule.TestCollisionResolving" time="0.004"/>
  <testcase name="testNameConflict1()" classname="de.uka.ilkd.key.rule.TestCollisionResolving" time="0.006"/>
  <testcase name="testVarNamespaceCreationWithContext()" classname="de.uka.ilkd.key.rule.TestCollisionResolving" time="0.025"/>
  <testcase name="testCollisionResolvingOfSchemaVariable()" classname="de.uka.ilkd.key.rule.TestCollisionResolving" time="0.003"/>
  <testcase name="testNameConflictWithContextAfterInput()" classname="de.uka.ilkd.key.rule.TestCollisionResolving" time="0.003"/>
  <testcase name="testCollisionResolvingWithContext()" classname="de.uka.ilkd.key.rule.TestCollisionResolving" time="0.003"/>
  <system-out><![CDATA[]]></system-out>
  <system-err><![CDATA[]]></system-err>
</testsuite>
