<?xml version="1.0" encoding="UTF-8"?>
<testsuite name="de.uka.ilkd.key.parser.TestTermParserSorts" tests="2" skipped="0" failures="0" errors="0" timestamp="2023-06-12T18:50:03" hostname="fv-az479-130" time="4.976">
  <properties/>
  <testcase name="testParseIntegerArgs()" classname="de.uka.ilkd.key.parser.TestTermParserSorts" time="0.019"/>
  <testcase name="testParseSequencePrettySyntax()" classname="de.uka.ilkd.key.parser.TestTermParserSorts" time="0.004"/>
  <system-out><![CDATA[727930     INFO  Test worker     d.u.i.k.n.KeyIO           Parsing took 0 ms 
727930     DEBUG Test worker     d.u.i.k.n.KeyIO           Load declarations of de.uka.ilkd.key.nparser.KeyAst$File:  <unknown>:1#1 
727930     INFO  Test worker     d.u.i.k.n.KeyIO           MODE: declarations took 0 ms 
727930     DEBUG Test worker     d.u.i.k.n.KeyIO           MODE: 2nd degree decls took 0 
727930     INFO  Test worker     d.u.i.k.n.KeyIO           Parsing took 0 ms 
727930     DEBUG Test worker     d.u.i.k.n.KeyIO           Load declarations of de.uka.ilkd.key.nparser.KeyAst$File:  <unknown>:1#1 
727930     INFO  Test worker     d.u.i.k.n.KeyIO           MODE: declarations took 0 ms 
727930     DEBUG Test worker     d.u.i.k.n.KeyIO           MODE: 2nd degree decls took 0 
727945     INFO  Test worker     d.u.i.k.n.KeyIO           Parsing took 0 ms 
727945     DEBUG Test worker     d.u.i.k.n.KeyIO           Load declarations of de.uka.ilkd.key.nparser.KeyAst$File:  <unknown>:1#1 
727945     INFO  Test worker     d.u.i.k.n.KeyIO           MODE: declarations took 0 ms 
727945     DEBUG Test worker     d.u.i.k.n.KeyIO           MODE: 2nd degree decls took 0 
732902     INFO  Test worker     d.u.i.k.n.KeyIO           Parsing took 0 ms 
732902     DEBUG Test worker     d.u.i.k.n.KeyIO           Load declarations of de.uka.ilkd.key.nparser.KeyAst$File:  <unknown>:1#1 
732918     INFO  Test worker     d.u.i.k.n.KeyIO           MODE: declarations took 16 ms 
732918     DEBUG Test worker     d.u.i.k.n.KeyIO           MODE: 2nd degree decls took 0 
732918     INFO  Test worker     d.u.i.k.n.KeyIO           Parsing took 0 ms 
732918     DEBUG Test worker     d.u.i.k.n.KeyIO           Load declarations of de.uka.ilkd.key.nparser.KeyAst$File:  <unknown>:1#1 
732918     INFO  Test worker     d.u.i.k.n.KeyIO           MODE: declarations took 0 ms 
732918     DEBUG Test worker     d.u.i.k.n.KeyIO           MODE: 2nd degree decls took 0 
732918     INFO  Test worker     d.u.i.k.n.KeyIO           Parsing took 0 ms 
732918     DEBUG Test worker     d.u.i.k.n.KeyIO           Load declarations of de.uka.ilkd.key.nparser.KeyAst$File:  <unknown>:1#1 
732918     INFO  Test worker     d.u.i.k.n.KeyIO           MODE: declarations took 0 ms 
732918     DEBUG Test worker     d.u.i.k.n.KeyIO           MODE: 2nd degree decls took 0 
]]></system-out>
  <system-err><![CDATA[]]></system-err>
</testsuite>
