<?xml version="1.0" encoding="UTF-8"?>
<testsuite name="de.uka.ilkd.key.rule.loop.LoopScopeInvRuleTests" tests="1" skipped="0" failures="0" errors="0" timestamp="2023-06-12T18:50:49" hostname="fv-az479-130" time="7.631">
  <properties/>
  <testcase name="testDoAutomaticProofOfBenchmarkWithLabeledBreaksAndContinues()" classname="de.uka.ilkd.key.rule.loop.LoopScopeInvRuleTests" time="7.631"/>
  <system-out><![CDATA[774544     INFO  Test worker     d.u.i.k.p.i.AbstractProblemLoader Loading environment from src\test\resources\testcase\loopScopeInvRule\Test.key 
774544     DEBUG Test worker     d.u.i.k.p.i.AbstractProblemLoader Environment load took 193.3ns 
774544     INFO  Test worker     d.u.i.k.p.i.AbstractProblemLoader Creating init config 
774857     DEBUG Test worker     d.u.i.k.j.TypeConverter   No LDT found for Meta 
774857     DEBUG Test worker     d.u.i.k.j.TypeConverter   No LDT found for Meta 
774872     DEBUG Test worker     d.u.i.k.j.TypeConverter   No LDT found for Meta 
774872     DEBUG Test worker     d.u.i.k.j.TypeConverter   No LDT found for Meta 
775671     DEBUG Test worker     d.u.i.k.j.TypeConverter   No LDT found for JavaBigintExpression 
781271     DEBUG Test worker     d.u.i.k.p.i.AbstractProblemLoader Init config took 6.73s 
781319     INFO  Test worker     d.u.i.k.p.i.AbstractProblemLoader Replaying proof Test[Test::loopScopeRuleBenchmark(int,boolean)].JML normal_behavior operation contract.0 
781335     DEBUG Test worker     d.u.i.k.p.i.IntermediateProofReplayer Proof replay took 62.1ns 
]]></system-out>
  <system-err><![CDATA[]]></system-err>
</testsuite>
