<?xml version="1.0" encoding="UTF-8"?>
<testsuite name="de.uka.ilkd.key.parser.TestDeclParser" tests="14" skipped="2" failures="0" errors="0" timestamp="2023-06-12T18:44:07" hostname="fv-az479-130" time="18.833">
  <properties/>
  <testcase name="testGenericSortDecl1()" classname="de.uka.ilkd.key.parser.TestDeclParser" time="1.675"/>
  <testcase name="testGenericSortDecl2()" classname="de.uka.ilkd.key.parser.TestDeclParser" time="1.589"/>
  <testcase name="testGenericSortDecl3()" classname="de.uka.ilkd.key.parser.TestDeclParser" time="1.575"/>
  <testcase name="testGenericSortDecl4()" classname="de.uka.ilkd.key.parser.TestDeclParser" time="1.565"/>
  <testcase name="testGenericSortDecl5()" classname="de.uka.ilkd.key.parser.TestDeclParser" time="0.0">
    <skipped/>
  </testcase>
  <testcase name="testGenericSortDecl6()" classname="de.uka.ilkd.key.parser.TestDeclParser" time="1.57"/>
  <testcase name="testSortDecl()" classname="de.uka.ilkd.key.parser.TestDeclParser" time="1.523"/>
  <testcase name="testProxySortDecl()" classname="de.uka.ilkd.key.parser.TestDeclParser" time="1.552"/>
  <testcase name="testArrayDecl()" classname="de.uka.ilkd.key.parser.TestDeclParser" time="1.546"/>
  <testcase name="testAmbiguousDecls()" classname="de.uka.ilkd.key.parser.TestDeclParser" time="0.001">
    <skipped/>
  </testcase>
  <testcase name="testHeurDecl()" classname="de.uka.ilkd.key.parser.TestDeclParser" time="1.551"/>
  <testcase name="testFunctionDecl()" classname="de.uka.ilkd.key.parser.TestDeclParser" time="1.554"/>
  <testcase name="testPredicateDecl()" classname="de.uka.ilkd.key.parser.TestDeclParser" time="1.569"/>
  <testcase name="testSVDecl()" classname="de.uka.ilkd.key.parser.TestDeclParser" time="1.559"/>
  <system-out><![CDATA[374284     INFO  Test worker     d.u.i.k.n.KeyIO           Parsing took 0 ms 
374284     DEBUG Test worker     d.u.i.k.n.KeyIO           Load declarations of de.uka.ilkd.key.nparser.KeyAst$File:  <unknown>:1#1 
374284     INFO  Test worker     d.u.i.k.n.KeyIO           MODE: declarations took 0 ms 
374284     DEBUG Test worker     d.u.i.k.n.KeyIO           MODE: 2nd degree decls took 0 
374284     DEBUG Test worker     d.u.i.k.n.KeyIO           MODE: taclets took 0ms 
375873     INFO  Test worker     d.u.i.k.n.KeyIO           Parsing took 0 ms 
375873     DEBUG Test worker     d.u.i.k.n.KeyIO           Load declarations of de.uka.ilkd.key.nparser.KeyAst$File:  <unknown>:1#1 
375873     INFO  Test worker     d.u.i.k.n.KeyIO           MODE: declarations took 0 ms 
375873     DEBUG Test worker     d.u.i.k.n.KeyIO           MODE: 2nd degree decls took 0 
375873     DEBUG Test worker     d.u.i.k.n.KeyIO           MODE: taclets took 0ms 
377434     INFO  Test worker     d.u.i.k.n.KeyIO           Parsing took 0 ms 
377449     DEBUG Test worker     d.u.i.k.n.KeyIO           Load declarations of de.uka.ilkd.key.nparser.KeyAst$File:  <unknown>:1#1 
377449     INFO  Test worker     d.u.i.k.n.KeyIO           MODE: declarations took 0 ms 
377449     DEBUG Test worker     d.u.i.k.n.KeyIO           MODE: 2nd degree decls took 0 
377449     DEBUG Test worker     d.u.i.k.n.KeyIO           MODE: taclets took 0ms 
379012     INFO  Test worker     d.u.i.k.n.KeyIO           Parsing took 0 ms 
379012     DEBUG Test worker     d.u.i.k.n.KeyIO           Load declarations of de.uka.ilkd.key.nparser.KeyAst$File:  <unknown>:1#1 
379012     INFO  Test worker     d.u.i.k.n.KeyIO           MODE: declarations took 0 ms 
379012     DEBUG Test worker     d.u.i.k.n.KeyIO           MODE: 2nd degree decls took 0 
379012     DEBUG Test worker     d.u.i.k.n.KeyIO           MODE: taclets took 0ms 
380585     INFO  Test worker     d.u.i.k.n.KeyIO           Parsing took 0 ms 
380585     DEBUG Test worker     d.u.i.k.n.KeyIO           Load declarations of de.uka.ilkd.key.nparser.KeyAst$File:  <unknown>:1#1 
380585     INFO  Test worker     d.u.i.k.n.KeyIO           MODE: declarations took 0 ms 
380585     DEBUG Test worker     d.u.i.k.n.KeyIO           MODE: 2nd degree decls took 0 
380585     DEBUG Test worker     d.u.i.k.n.KeyIO           MODE: taclets took 0ms 
382110     INFO  Test worker     d.u.i.k.n.KeyIO           Parsing took 0 ms 
382110     DEBUG Test worker     d.u.i.k.n.KeyIO           Load declarations of de.uka.ilkd.key.nparser.KeyAst$File:  <unknown>:1#1 
382110     INFO  Test worker     d.u.i.k.n.KeyIO           MODE: declarations took 0 ms 
382110     DEBUG Test worker     d.u.i.k.n.KeyIO           MODE: 2nd degree decls took 0 
382110     DEBUG Test worker     d.u.i.k.n.KeyIO           MODE: taclets took 0ms 
383661     INFO  Test worker     d.u.i.k.n.KeyIO           Parsing took 0 ms 
383661     DEBUG Test worker     d.u.i.k.n.KeyIO           Load declarations of de.uka.ilkd.key.nparser.KeyAst$File:  <unknown>:1#1 
383661     INFO  Test worker     d.u.i.k.n.KeyIO           MODE: declarations took 0 ms 
383661     DEBUG Test worker     d.u.i.k.n.KeyIO           MODE: 2nd degree decls took 0 
383661     DEBUG Test worker     d.u.i.k.n.KeyIO           MODE: taclets took 0ms 
385209     INFO  Test worker     d.u.i.k.n.KeyIO           Parsing took 0 ms 
385209     DEBUG Test worker     d.u.i.k.n.KeyIO           Load declarations of de.uka.ilkd.key.nparser.KeyAst$File:  <unknown>:1#1 
385209     INFO  Test worker     d.u.i.k.n.KeyIO           MODE: declarations took 0 ms 
385209     DEBUG Test worker     d.u.i.k.n.KeyIO           MODE: 2nd degree decls took 0 
385209     DEBUG Test worker     d.u.i.k.n.KeyIO           MODE: taclets took 0ms 
386760     INFO  Test worker     d.u.i.k.n.KeyIO           Parsing took 0 ms 
386760     DEBUG Test worker     d.u.i.k.n.KeyIO           Load declarations of de.uka.ilkd.key.nparser.KeyAst$File:  <unknown>:1#1 
386760     INFO  Test worker     d.u.i.k.n.KeyIO           MODE: declarations took 0 ms 
386760     DEBUG Test worker     d.u.i.k.n.KeyIO           MODE: 2nd degree decls took 0 
386760     DEBUG Test worker     d.u.i.k.n.KeyIO           MODE: taclets took 0ms 
388310     INFO  Test worker     d.u.i.k.n.KeyIO           Parsing took 0 ms 
388310     DEBUG Test worker     d.u.i.k.n.KeyIO           Load declarations of de.uka.ilkd.key.nparser.KeyAst$File:  <unknown>:1#1 
388310     INFO  Test worker     d.u.i.k.n.KeyIO           MODE: declarations took 0 ms 
388310     DEBUG Test worker     d.u.i.k.n.KeyIO           MODE: 2nd degree decls took 0 
388310     DEBUG Test worker     d.u.i.k.n.KeyIO           MODE: taclets took 0ms 
389883     INFO  Test worker     d.u.i.k.n.KeyIO           Parsing took 0 ms 
389883     DEBUG Test worker     d.u.i.k.n.KeyIO           Load declarations of de.uka.ilkd.key.nparser.KeyAst$File:  <unknown>:1#1 
389883     INFO  Test worker     d.u.i.k.n.KeyIO           MODE: declarations took 0 ms 
389883     DEBUG Test worker     d.u.i.k.n.KeyIO           MODE: 2nd degree decls took 0 
389883     DEBUG Test worker     d.u.i.k.n.KeyIO           MODE: taclets took 0ms 
391433     INFO  Test worker     d.u.i.k.n.KeyIO           Parsing took 0 ms 
391433     DEBUG Test worker     d.u.i.k.n.KeyIO           Load declarations of de.uka.ilkd.key.nparser.KeyAst$File:  <unknown>:1#1 
391433     INFO  Test worker     d.u.i.k.n.KeyIO           MODE: declarations took 0 ms 
391433     DEBUG Test worker     d.u.i.k.n.KeyIO           MODE: 2nd degree decls took 0 
391433     DEBUG Test worker     d.u.i.k.n.KeyIO           MODE: taclets took 0ms 
]]></system-out>
  <system-err><![CDATA[]]></system-err>
</testsuite>
