<?xml version="1.0" encoding="UTF-8"?>
<testsuite name="de.uka.ilkd.key.parser.TestParser" tests="5" skipped="1" failures="0" errors="0" timestamp="2023-06-12T18:46:33" hostname="fv-az479-130" time="8.083">
  <properties/>
  <testcase name="testConstantEvaluationError()" classname="de.uka.ilkd.key.parser.TestParser" time="1.587"/>
  <testcase name="testGenericSort()" classname="de.uka.ilkd.key.parser.TestParser" time="0.003"/>
  <testcase name="testIssue1566()" classname="de.uka.ilkd.key.parser.TestParser" time="4.94"/>
  <testcase name="testIssue39()" classname="de.uka.ilkd.key.parser.TestParser" time="1.549"/>
  <testcase name="testRelativeInclude()" classname="de.uka.ilkd.key.parser.TestParser" time="0.003">
    <skipped/>
  </testcase>
  <system-out><![CDATA[517771     INFO  Test worker     d.u.i.k.p.i.AbstractProblemLoader Loading environment from src\test\resources\testcase\parserErrorTest\AssignToArray.java 
517771     DEBUG Test worker     d.u.i.k.p.i.AbstractProblemLoader Environment load took 117.4ns 
517771     INFO  Test worker     d.u.i.k.p.i.AbstractProblemLoader Creating init config 
519360     INFO  Test worker     d.u.i.k.n.KeyIO           Parsing took 0 ms 
519360     DEBUG Test worker     d.u.i.k.n.KeyIO           Load declarations of de.uka.ilkd.key.nparser.KeyAst$File:  <unknown>:1#1 
519360     INFO  Test worker     d.u.i.k.n.KeyIO           MODE: declarations took 0 ms 
519360     DEBUG Test worker     d.u.i.k.n.KeyIO           MODE: 2nd degree decls took 0 
519360     DEBUG Test worker     d.u.i.k.n.KeyIO           MODE: taclets took 0ms 
519360     INFO  Test worker     d.u.i.k.p.i.AbstractProblemLoader Loading environment from src\test\resources\testcase\issues\1566\a.key 
519360     DEBUG Test worker     d.u.i.k.p.i.AbstractProblemLoader Environment load took 190.1ns 
519360     INFO  Test worker     d.u.i.k.p.i.AbstractProblemLoader Creating init config 
524270     DEBUG Test worker     d.u.i.k.p.i.AbstractProblemLoader Init config took 4.91s 
524302     INFO  Test worker     d.u.i.k.p.i.AbstractProblemLoader Replaying proof a.key 
524302     DEBUG Test worker     d.u.i.k.p.i.IntermediateProofReplayer Proof replay took 10.5ns 
524302     INFO  Test worker     d.u.i.k.p.i.AbstractProblemLoader Loading environment from src\test\resources\testcase\issues\39\A.java 
524302     DEBUG Test worker     d.u.i.k.p.i.AbstractProblemLoader Environment load took 179.3ns 
524302     INFO  Test worker     d.u.i.k.p.i.AbstractProblemLoader Creating init config 
]]></system-out>
  <system-err><![CDATA[]]></system-err>
</testsuite>
