<?xml version="1.0" encoding="UTF-8"?>
<testsuite name="de.uka.ilkd.key.logic.TestClashFreeSubst" tests="14" skipped="2" failures="0" errors="0" timestamp="2023-06-12T18:39:03" hostname="fv-az479-130" time="87.825">
  <properties/>
  <testcase name="testMultiShareBound()" classname="de.uka.ilkd.key.logic.TestClashFreeSubst" time="1.679"/>
  <testcase name="testClash()" classname="de.uka.ilkd.key.logic.TestClashFreeSubst" time="1.631"/>
  <testcase name="testShare()" classname="de.uka.ilkd.key.logic.TestClashFreeSubst" time="1.809"/>
  <testcase name="testSubst()" classname="de.uka.ilkd.key.logic.TestClashFreeSubst" time="1.578"/>
  <testcase name="testWary0()" classname="de.uka.ilkd.key.logic.TestClashFreeSubst" time="1.544"/>
  <testcase name="testWary1()" classname="de.uka.ilkd.key.logic.TestClashFreeSubst" time="1.577"/>
  <testcase name="testWary2()" classname="de.uka.ilkd.key.logic.TestClashFreeSubst" time="1.597"/>
  <testcase name="testClashInSubstTerm()" classname="de.uka.ilkd.key.logic.TestClashFreeSubst" time="1.684"/>
  <testcase name="testShareWary()" classname="de.uka.ilkd.key.logic.TestClashFreeSubst" time="1.552"/>
  <testcase name="testMultiSubst()" classname="de.uka.ilkd.key.logic.TestClashFreeSubst" time="1.56"/>
  <testcase name="xtestMultiClash()" classname="de.uka.ilkd.key.logic.TestClashFreeSubst" time="0.0">
    <skipped/>
  </testcase>
  <testcase name="testSubstInSubstTerm()" classname="de.uka.ilkd.key.logic.TestClashFreeSubst" time="1.684"/>
  <testcase name="testSubstWary()" classname="de.uka.ilkd.key.logic.TestClashFreeSubst" time="1.536"/>
  <testcase name="xtestMultiClash1()" classname="de.uka.ilkd.key.logic.TestClashFreeSubst" time="0.0">
    <skipped/>
  </testcase>
  <system-out><![CDATA[68197      INFO  Test worker     d.u.i.k.n.KeyIO           Parsing took 0 ms 
68197      DEBUG Test worker     d.u.i.k.n.KeyIO           Load declarations of de.uka.ilkd.key.nparser.KeyAst$File:  <unknown>:1#1 
68197      INFO  Test worker     d.u.i.k.n.KeyIO           MODE: declarations took 0 ms 
68197      DEBUG Test worker     d.u.i.k.n.KeyIO           MODE: 2nd degree decls took 0 
69866      INFO  Test worker     d.u.i.k.n.KeyIO           Parsing took 0 ms 
69866      DEBUG Test worker     d.u.i.k.n.KeyIO           Load declarations of de.uka.ilkd.key.nparser.KeyAst$File:  <unknown>:1#1 
69866      INFO  Test worker     d.u.i.k.n.KeyIO           MODE: declarations took 0 ms 
69866      DEBUG Test worker     d.u.i.k.n.KeyIO           MODE: 2nd degree decls took 0 
75093      INFO  Test worker     d.u.i.k.n.KeyIO           Parsing took 0 ms 
75093      DEBUG Test worker     d.u.i.k.n.KeyIO           Load declarations of de.uka.ilkd.key.nparser.KeyAst$File:  <unknown>:1#1 
75093      INFO  Test worker     d.u.i.k.n.KeyIO           MODE: declarations took 0 ms 
75093      DEBUG Test worker     d.u.i.k.n.KeyIO           MODE: 2nd degree decls took 0 
76713      INFO  Test worker     d.u.i.k.n.KeyIO           Parsing took 0 ms 
76713      DEBUG Test worker     d.u.i.k.n.KeyIO           Load declarations of de.uka.ilkd.key.nparser.KeyAst$File:  <unknown>:1#1 
76713      INFO  Test worker     d.u.i.k.n.KeyIO           MODE: declarations took 0 ms 
76713      DEBUG Test worker     d.u.i.k.n.KeyIO           MODE: 2nd degree decls took 0 
82095      INFO  Test worker     d.u.i.k.n.KeyIO           Parsing took 0 ms 
82095      DEBUG Test worker     d.u.i.k.n.KeyIO           Load declarations of de.uka.ilkd.key.nparser.KeyAst$File:  <unknown>:1#1 
82095      INFO  Test worker     d.u.i.k.n.KeyIO           MODE: declarations took 0 ms 
82095      DEBUG Test worker     d.u.i.k.n.KeyIO           MODE: 2nd degree decls took 0 
83889      INFO  Test worker     d.u.i.k.n.KeyIO           Parsing took 0 ms 
83889      DEBUG Test worker     d.u.i.k.n.KeyIO           Load declarations of de.uka.ilkd.key.nparser.KeyAst$File:  <unknown>:1#1 
83889      INFO  Test worker     d.u.i.k.n.KeyIO           MODE: declarations took 0 ms 
83889      DEBUG Test worker     d.u.i.k.n.KeyIO           MODE: 2nd degree decls took 0 
89348      INFO  Test worker     d.u.i.k.n.KeyIO           Parsing took 0 ms 
89348      DEBUG Test worker     d.u.i.k.n.KeyIO           Load declarations of de.uka.ilkd.key.nparser.KeyAst$File:  <unknown>:1#1 
89348      INFO  Test worker     d.u.i.k.n.KeyIO           MODE: declarations took 0 ms 
89348      DEBUG Test worker     d.u.i.k.n.KeyIO           MODE: 2nd degree decls took 0 
90917      INFO  Test worker     d.u.i.k.n.KeyIO           Parsing took 0 ms 
90917      DEBUG Test worker     d.u.i.k.n.KeyIO           Load declarations of de.uka.ilkd.key.nparser.KeyAst$File:  <unknown>:1#1 
90917      INFO  Test worker     d.u.i.k.n.KeyIO           MODE: declarations took 0 ms 
90917      DEBUG Test worker     d.u.i.k.n.KeyIO           MODE: 2nd degree decls took 0 
95991      INFO  Test worker     d.u.i.k.n.KeyIO           Parsing took 0 ms 
95991      DEBUG Test worker     d.u.i.k.n.KeyIO           Load declarations of de.uka.ilkd.key.nparser.KeyAst$File:  <unknown>:1#1 
95991      INFO  Test worker     d.u.i.k.n.KeyIO           MODE: declarations took 0 ms 
95991      DEBUG Test worker     d.u.i.k.n.KeyIO           MODE: 2nd degree decls took 0 
97521      INFO  Test worker     d.u.i.k.n.KeyIO           Parsing took 0 ms 
97521      DEBUG Test worker     d.u.i.k.n.KeyIO           Load declarations of de.uka.ilkd.key.nparser.KeyAst$File:  <unknown>:1#1 
97521      INFO  Test worker     d.u.i.k.n.KeyIO           MODE: declarations took 0 ms 
97521      DEBUG Test worker     d.u.i.k.n.KeyIO           MODE: 2nd degree decls took 0 
102822     INFO  Test worker     d.u.i.k.n.KeyIO           Parsing took 0 ms 
102822     DEBUG Test worker     d.u.i.k.n.KeyIO           Load declarations of de.uka.ilkd.key.nparser.KeyAst$File:  <unknown>:1#1 
102823     INFO  Test worker     d.u.i.k.n.KeyIO           MODE: declarations took 1 ms 
102823     DEBUG Test worker     d.u.i.k.n.KeyIO           MODE: 2nd degree decls took 0 
104389     INFO  Test worker     d.u.i.k.n.KeyIO           Parsing took 0 ms 
104389     DEBUG Test worker     d.u.i.k.n.KeyIO           Load declarations of de.uka.ilkd.key.nparser.KeyAst$File:  <unknown>:1#1 
104389     INFO  Test worker     d.u.i.k.n.KeyIO           MODE: declarations took 0 ms 
104389     DEBUG Test worker     d.u.i.k.n.KeyIO           MODE: 2nd degree decls took 0 
109633     INFO  Test worker     d.u.i.k.n.KeyIO           Parsing took 0 ms 
109633     DEBUG Test worker     d.u.i.k.n.KeyIO           Load declarations of de.uka.ilkd.key.nparser.KeyAst$File:  <unknown>:1#1 
109633     INFO  Test worker     d.u.i.k.n.KeyIO           MODE: declarations took 0 ms 
109633     DEBUG Test worker     d.u.i.k.n.KeyIO           MODE: 2nd degree decls took 0 
111219     INFO  Test worker     d.u.i.k.n.KeyIO           Parsing took 0 ms 
111219     DEBUG Test worker     d.u.i.k.n.KeyIO           Load declarations of de.uka.ilkd.key.nparser.KeyAst$File:  <unknown>:1#1 
111219     INFO  Test worker     d.u.i.k.n.KeyIO           MODE: declarations took 0 ms 
111219     DEBUG Test worker     d.u.i.k.n.KeyIO           MODE: 2nd degree decls took 0 
116824     INFO  Test worker     d.u.i.k.n.KeyIO           Parsing took 0 ms 
116824     DEBUG Test worker     d.u.i.k.n.KeyIO           Load declarations of de.uka.ilkd.key.nparser.KeyAst$File:  <unknown>:1#1 
116824     INFO  Test worker     d.u.i.k.n.KeyIO           MODE: declarations took 0 ms 
116824     DEBUG Test worker     d.u.i.k.n.KeyIO           MODE: 2nd degree decls took 0 
118488     INFO  Test worker     d.u.i.k.n.KeyIO           Parsing took 0 ms 
118488     DEBUG Test worker     d.u.i.k.n.KeyIO           Load declarations of de.uka.ilkd.key.nparser.KeyAst$File:  <unknown>:1#1 
118488     INFO  Test worker     d.u.i.k.n.KeyIO           MODE: declarations took 0 ms 
118488     DEBUG Test worker     d.u.i.k.n.KeyIO           MODE: 2nd degree decls took 0 
123924     INFO  Test worker     d.u.i.k.n.KeyIO           Parsing took 0 ms 
123924     DEBUG Test worker     d.u.i.k.n.KeyIO           Load declarations of de.uka.ilkd.key.nparser.KeyAst$File:  <unknown>:1#1 
123924     INFO  Test worker     d.u.i.k.n.KeyIO           MODE: declarations took 0 ms 
123924     DEBUG Test worker     d.u.i.k.n.KeyIO           MODE: 2nd degree decls took 0 
125459     INFO  Test worker     d.u.i.k.n.KeyIO           Parsing took 0 ms 
125459     DEBUG Test worker     d.u.i.k.n.KeyIO           Load declarations of de.uka.ilkd.key.nparser.KeyAst$File:  <unknown>:1#1 
125459     INFO  Test worker     d.u.i.k.n.KeyIO           MODE: declarations took 0 ms 
125459     DEBUG Test worker     d.u.i.k.n.KeyIO           MODE: 2nd degree decls took 0 
130606     INFO  Test worker     d.u.i.k.n.KeyIO           Parsing took 0 ms 
130606     DEBUG Test worker     d.u.i.k.n.KeyIO           Load declarations of de.uka.ilkd.key.nparser.KeyAst$File:  <unknown>:1#1 
130606     INFO  Test worker     d.u.i.k.n.KeyIO           MODE: declarations took 0 ms 
130606     DEBUG Test worker     d.u.i.k.n.KeyIO           MODE: 2nd degree decls took 0 
132159     INFO  Test worker     d.u.i.k.n.KeyIO           Parsing took 0 ms 
132159     DEBUG Test worker     d.u.i.k.n.KeyIO           Load declarations of de.uka.ilkd.key.nparser.KeyAst$File:  <unknown>:1#1 
132159     INFO  Test worker     d.u.i.k.n.KeyIO           MODE: declarations took 0 ms 
132159     DEBUG Test worker     d.u.i.k.n.KeyIO           MODE: 2nd degree decls took 0 
142442     INFO  Test worker     d.u.i.k.n.KeyIO           Parsing took 0 ms 
142442     DEBUG Test worker     d.u.i.k.n.KeyIO           Load declarations of de.uka.ilkd.key.nparser.KeyAst$File:  <unknown>:1#1 
142442     INFO  Test worker     d.u.i.k.n.KeyIO           MODE: declarations took 0 ms 
142442     DEBUG Test worker     d.u.i.k.n.KeyIO           MODE: 2nd degree decls took 0 
144119     INFO  Test worker     d.u.i.k.n.KeyIO           Parsing took 0 ms 
144119     DEBUG Test worker     d.u.i.k.n.KeyIO           Load declarations of de.uka.ilkd.key.nparser.KeyAst$File:  <unknown>:1#1 
144119     INFO  Test worker     d.u.i.k.n.KeyIO           MODE: declarations took 0 ms 
144119     DEBUG Test worker     d.u.i.k.n.KeyIO           MODE: 2nd degree decls took 0 
149228     INFO  Test worker     d.u.i.k.n.KeyIO           Parsing took 0 ms 
149228     DEBUG Test worker     d.u.i.k.n.KeyIO           Load declarations of de.uka.ilkd.key.nparser.KeyAst$File:  <unknown>:1#1 
149228     INFO  Test worker     d.u.i.k.n.KeyIO           MODE: declarations took 0 ms 
149228     DEBUG Test worker     d.u.i.k.n.KeyIO           MODE: 2nd degree decls took 0 
150761     INFO  Test worker     d.u.i.k.n.KeyIO           Parsing took 0 ms 
150761     DEBUG Test worker     d.u.i.k.n.KeyIO           Load declarations of de.uka.ilkd.key.nparser.KeyAst$File:  <unknown>:1#1 
150762     INFO  Test worker     d.u.i.k.n.KeyIO           MODE: declarations took 1 ms 
150762     DEBUG Test worker     d.u.i.k.n.KeyIO           MODE: 2nd degree decls took 0 
]]></system-out>
  <system-err><![CDATA[]]></system-err>
</testsuite>
