<?xml version="1.0" encoding="UTF-8"?>
<testsuite name="de.uka.ilkd.key.rule.merge.PredicateAbstractionLatticeTests" tests="3" skipped="0" failures="0" errors="0" timestamp="2023-06-12T18:52:53" hostname="fv-az479-130" time="10.052">
  <properties/>
  <testcase name="testToAndFromString()" classname="de.uka.ilkd.key.rule.merge.PredicateAbstractionLatticeTests" time="5.002"/>
  <testcase name="testCreateSignLatticeWithPredicates()" classname="de.uka.ilkd.key.rule.merge.PredicateAbstractionLatticeTests" time="5.05"/>
  <testcase name="testTrivialPredicatesLattice()" classname="de.uka.ilkd.key.rule.merge.PredicateAbstractionLatticeTests" time="0.0"/>
  <system-out><![CDATA[897864     INFO  Test worker     d.u.i.k.p.i.AbstractProblemLoader Loading environment from src\test\resources\testcase\merge\dummy.key 
897879     DEBUG Test worker     d.u.i.k.p.i.AbstractProblemLoader Environment load took 244.8ns 
897879     INFO  Test worker     d.u.i.k.p.i.AbstractProblemLoader Creating init config 
902836     DEBUG Test worker     d.u.i.k.p.i.AbstractProblemLoader Init config took 4.96s 
902852     INFO  Test worker     d.u.i.k.p.i.AbstractProblemLoader Replaying proof dummy.key 
902852     DEBUG Test worker     d.u.i.k.p.i.IntermediateProofReplayer Proof replay took 10.1ns 
902867     INFO  Test worker     d.u.i.k.p.i.AbstractProblemLoader Loading environment from src\test\resources\testcase\merge\dummy.key 
902867     DEBUG Test worker     d.u.i.k.p.i.AbstractProblemLoader Environment load took 121.9ns 
902867     INFO  Test worker     d.u.i.k.p.i.AbstractProblemLoader Creating init config 
907902     DEBUG Test worker     d.u.i.k.p.i.AbstractProblemLoader Init config took 5.03s 
907917     INFO  Test worker     d.u.i.k.p.i.AbstractProblemLoader Replaying proof dummy.key 
907917     DEBUG Test worker     d.u.i.k.p.i.IntermediateProofReplayer Proof replay took 10.3ns 
]]></system-out>
  <system-err><![CDATA[]]></system-err>
</testsuite>
