<?xml version="1.0" encoding="UTF-8"?>
<testsuite name="de.uka.ilkd.key.taclettranslation.TestTacletTranslator" tests="5" skipped="0" failures="0" errors="0" timestamp="2023-06-12T19:00:30" hostname="fv-az479-130" time="0.029">
  <properties/>
  <testcase name="testPropositional1()" classname="de.uka.ilkd.key.taclettranslation.TestTacletTranslator" time="0.012"/>
  <testcase name="testPropositional2()" classname="de.uka.ilkd.key.taclettranslation.TestTacletTranslator" time="0.004"/>
  <testcase name="testNegativePolarity()" classname="de.uka.ilkd.key.taclettranslation.TestTacletTranslator" time="0.004"/>
  <testcase name="testNoPolarity()" classname="de.uka.ilkd.key.taclettranslation.TestTacletTranslator" time="0.004"/>
  <testcase name="testPositivePolarity()" classname="de.uka.ilkd.key.taclettranslation.TestTacletTranslator" time="0.004"/>
  <system-out><![CDATA[1355060    INFO  Test worker     d.u.i.k.n.KeyIO           Parsing took 0 ms 
1355060    DEBUG Test worker     d.u.i.k.n.KeyIO           Load declarations of de.uka.ilkd.key.nparser.KeyAst$File:  <unknown>:1#1 
1355060    INFO  Test worker     d.u.i.k.n.KeyIO           MODE: declarations took 0 ms 
1355060    DEBUG Test worker     d.u.i.k.n.KeyIO           MODE: 2nd degree decls took 0 
1355060    DEBUG Test worker     d.u.i.k.n.KeyIO           MODE: taclets took 0ms 
1355075    INFO  Test worker     d.u.i.k.n.KeyIO           Parsing took 0 ms 
1355075    DEBUG Test worker     d.u.i.k.n.KeyIO           Load declarations of de.uka.ilkd.key.nparser.KeyAst$File:  <unknown>:1#1 
1355075    INFO  Test worker     d.u.i.k.n.KeyIO           MODE: declarations took 0 ms 
1355075    DEBUG Test worker     d.u.i.k.n.KeyIO           MODE: 2nd degree decls took 0 
1355075    DEBUG Test worker     d.u.i.k.n.KeyIO           MODE: taclets took 0ms 
1355075    INFO  Test worker     d.u.i.k.n.KeyIO           Parsing took 0 ms 
1355075    DEBUG Test worker     d.u.i.k.n.KeyIO           Load declarations of de.uka.ilkd.key.nparser.KeyAst$File:  <unknown>:1#1 
1355075    INFO  Test worker     d.u.i.k.n.KeyIO           MODE: declarations took 0 ms 
1355075    DEBUG Test worker     d.u.i.k.n.KeyIO           MODE: 2nd degree decls took 0 
1355075    DEBUG Test worker     d.u.i.k.n.KeyIO           MODE: taclets took 0ms 
1355091    INFO  Test worker     d.u.i.k.n.KeyIO           Parsing took 0 ms 
1355091    DEBUG Test worker     d.u.i.k.n.KeyIO           Load declarations of de.uka.ilkd.key.nparser.KeyAst$File:  <unknown>:1#1 
1355091    INFO  Test worker     d.u.i.k.n.KeyIO           MODE: declarations took 0 ms 
1355091    DEBUG Test worker     d.u.i.k.n.KeyIO           MODE: 2nd degree decls took 0 
1355091    DEBUG Test worker     d.u.i.k.n.KeyIO           MODE: taclets took 0ms 
1355091    INFO  Test worker     d.u.i.k.n.KeyIO           Parsing took 0 ms 
1355091    DEBUG Test worker     d.u.i.k.n.KeyIO           Load declarations of de.uka.ilkd.key.nparser.KeyAst$File:  <unknown>:1#1 
1355091    INFO  Test worker     d.u.i.k.n.KeyIO           MODE: declarations took 0 ms 
1355091    DEBUG Test worker     d.u.i.k.n.KeyIO           MODE: 2nd degree decls took 0 
1355091    DEBUG Test worker     d.u.i.k.n.KeyIO           MODE: taclets took 0ms 
]]></system-out>
  <system-err><![CDATA[]]></system-err>
</testsuite>
