<?xml version="1.0" encoding="UTF-8"?>
<testsuite name="de.uka.ilkd.key.util.TestProofUserManager" tests="3" skipped="1" failures="0" errors="0" timestamp="2023-06-12T19:01:55" hostname="fv-az479-130" time="0.015">
  <properties/>
  <testcase name="testUserManagement_Environment()" classname="de.uka.ilkd.key.util.TestProofUserManager" time="0.014"/>
  <testcase name="testGetInstance()" classname="de.uka.ilkd.key.util.TestProofUserManager" time="0.0"/>
  <testcase name="testUserManagement_NoEnvironment()" classname="de.uka.ilkd.key.util.TestProofUserManager" time="0.0">
    <skipped/>
  </testcase>
  <system-out><![CDATA[]]></system-out>
  <system-err><![CDATA[]]></system-err>
</testsuite>
