<?xml version="1.0" encoding="UTF-8"?>
<testsuite name="de.uka.ilkd.key.java.TestContextStatementBlock" tests="1" skipped="0" failures="0" errors="0" timestamp="2023-06-08T14:40:42" hostname="fv-az795-885" time="1.606">
  <properties/>
  <testcase name="testContextTermInstantiation()" classname="de.uka.ilkd.key.java.TestContextStatementBlock" time="1.606"/>
  <system-out><![CDATA[32204      INFO  Test worker     d.u.i.k.n.KeyIO           Parsing took 4 ms 
32218      DEBUG Test worker     d.u.i.k.n.KeyIO           Load declarations of de.uka.ilkd.key.nparser.KeyAst$File:  /home/runner/work/key/key/key.core/src/test/resources/testcase/testrules.key:9#1 
32227      INFO  Test worker     d.u.i.k.n.KeyIO           MODE: declarations took 9 ms 
32227      DEBUG Test worker     d.u.i.k.n.KeyIO           MODE: 2nd degree decls took 0 
32318      DEBUG Test worker     d.u.i.k.n.KeyIO           MODE: taclets took 90ms 
]]></system-out>
  <system-err><![CDATA[]]></system-err>
</testsuite>
