<?xml version="1.0" encoding="UTF-8"?>
<testsuite name="de.uka.ilkd.key.proof.TestOneStepSimplifier" tests="1" skipped="0" failures="0" errors="0" timestamp="2023-06-08T14:50:24" hostname="fv-az795-885" time="5.63">
  <properties/>
  <testcase name="loadWithRestriction()" classname="de.uka.ilkd.key.proof.TestOneStepSimplifier" time="5.63"/>
  <system-out><![CDATA[612504     INFO  Test worker     d.u.i.k.p.i.AbstractProblemLoader Loading environment from src/test/resources/testcase/ossRestriction.proof 
612505     DEBUG Test worker     d.u.i.k.p.i.AbstractProblemLoader Environment load took 94.91ns 
612505     INFO  Test worker     d.u.i.k.p.i.AbstractProblemLoader Creating init config 
612678     DEBUG Test worker     d.u.i.k.j.TypeConverter   No LDT found for Meta 
612678     DEBUG Test worker     d.u.i.k.j.TypeConverter   No LDT found for Meta 
612679     DEBUG Test worker     d.u.i.k.j.TypeConverter   No LDT found for Meta 
612679     DEBUG Test worker     d.u.i.k.j.TypeConverter   No LDT found for Meta 
613327     DEBUG Test worker     d.u.i.k.j.TypeConverter   No LDT found for JavaBigintExpression 
618094     DEBUG Test worker     d.u.i.k.p.i.AbstractProblemLoader Init config took 5.59s 
618123     INFO  Test worker     d.u.i.k.p.i.AbstractProblemLoader Replaying proof ossRestriction.proof 
618127     DEBUG Test worker     d.u.i.k.p.i.IntermediateProofReplayer Proof replay took 799.25ns 
]]></system-out>
  <system-err><![CDATA[]]></system-err>
</testsuite>
