<?xml version="1.0" encoding="UTF-8"?>
<testsuite name="de.uka.ilkd.key.macros.scripts.SMTCommandTest" tests="1" skipped="0" failures="0" errors="0" timestamp="2023-06-08T14:44:17" hostname="fv-az795-885" time="0.002">
  <properties/>
  <testcase name="testInstantiation()" classname="de.uka.ilkd.key.macros.scripts.SMTCommandTest" time="0.002"/>
  <system-out><![CDATA[]]></system-out>
  <system-err><![CDATA[]]></system-err>
</testsuite>
