<?xml version="1.0" encoding="UTF-8"?>
<testsuite name="de.uka.ilkd.key.rule.merge.PredicateAbstractionLatticeTests" tests="3" skipped="0" failures="0" errors="0" timestamp="2023-06-08T14:52:48" hostname="fv-az795-885" time="8.657">
  <properties/>
  <testcase name="testToAndFromString()" classname="de.uka.ilkd.key.rule.merge.PredicateAbstractionLatticeTests" time="4.466"/>
  <testcase name="testCreateSignLatticeWithPredicates()" classname="de.uka.ilkd.key.rule.merge.PredicateAbstractionLatticeTests" time="4.191"/>
  <testcase name="testTrivialPredicatesLattice()" classname="de.uka.ilkd.key.rule.merge.PredicateAbstractionLatticeTests" time="0.0"/>
  <system-out><![CDATA[756850     INFO  Test worker     d.u.i.k.p.i.AbstractProblemLoader Loading environment from src/test/resources/testcase/merge/dummy.key 
756850     DEBUG Test worker     d.u.i.k.p.i.AbstractProblemLoader Environment load took 382.12ns 
756851     INFO  Test worker     d.u.i.k.p.i.AbstractProblemLoader Creating init config 
761296     DEBUG Test worker     d.u.i.k.p.i.AbstractProblemLoader Init config took 4.44s 
761313     INFO  Test worker     d.u.i.k.p.i.AbstractProblemLoader Replaying proof dummy.key 
761314     DEBUG Test worker     d.u.i.k.p.i.IntermediateProofReplayer Proof replay took 8.7ns 
761316     INFO  Test worker     d.u.i.k.p.i.AbstractProblemLoader Loading environment from src/test/resources/testcase/merge/dummy.key 
761316     DEBUG Test worker     d.u.i.k.p.i.AbstractProblemLoader Environment load took 75.5ns 
761316     INFO  Test worker     d.u.i.k.p.i.AbstractProblemLoader Creating init config 
765485     DEBUG Test worker     d.u.i.k.p.i.AbstractProblemLoader Init config took 4.17s 
765502     INFO  Test worker     d.u.i.k.p.i.AbstractProblemLoader Replaying proof dummy.key 
765505     DEBUG Test worker     d.u.i.k.p.i.IntermediateProofReplayer Proof replay took 9.1ns 
]]></system-out>
  <system-err><![CDATA[]]></system-err>
</testsuite>
