<?xml version="1.0" encoding="UTF-8"?>
<testsuite name="de.uka.ilkd.key.rule.loop.LoopScopeInvRuleTests" tests="1" skipped="0" failures="0" errors="0" timestamp="2023-06-08T14:50:59" hostname="fv-az795-885" time="6.739">
  <properties/>
  <testcase name="testDoAutomaticProofOfBenchmarkWithLabeledBreaksAndContinues()" classname="de.uka.ilkd.key.rule.loop.LoopScopeInvRuleTests" time="6.739"/>
  <system-out><![CDATA[647655     INFO  Test worker     d.u.i.k.p.i.AbstractProblemLoader Loading environment from src/test/resources/testcase/loopScopeInvRule/Test.key 
647655     DEBUG Test worker     d.u.i.k.p.i.AbstractProblemLoader Environment load took 108.41ns 
647656     INFO  Test worker     d.u.i.k.p.i.AbstractProblemLoader Creating init config 
647814     DEBUG Test worker     d.u.i.k.j.TypeConverter   No LDT found for Meta 
647814     DEBUG Test worker     d.u.i.k.j.TypeConverter   No LDT found for Meta 
647815     DEBUG Test worker     d.u.i.k.j.TypeConverter   No LDT found for Meta 
647815     DEBUG Test worker     d.u.i.k.j.TypeConverter   No LDT found for Meta 
648847     DEBUG Test worker     d.u.i.k.j.TypeConverter   No LDT found for JavaBigintExpression 
653692     DEBUG Test worker     d.u.i.k.p.i.AbstractProblemLoader Init config took 6.04s 
653737     INFO  Test worker     d.u.i.k.p.i.AbstractProblemLoader Replaying proof Test[Test::loopScopeRuleBenchmark(int,boolean)].JML normal_behavior operation contract.0 
653739     DEBUG Test worker     d.u.i.k.p.i.IntermediateProofReplayer Proof replay took 16.8ns 
]]></system-out>
  <system-err><![CDATA[]]></system-err>
</testsuite>
