<?xml version="1.0" encoding="UTF-8"?>
<testsuite name="de.uka.ilkd.key.taclettranslation.TestTacletTranslator" tests="5" skipped="0" failures="0" errors="0" timestamp="2023-06-08T14:59:23" hostname="fv-az795-885" time="0.012">
  <properties/>
  <testcase name="testPropositional1()" classname="de.uka.ilkd.key.taclettranslation.TestTacletTranslator" time="0.005"/>
  <testcase name="testPropositional2()" classname="de.uka.ilkd.key.taclettranslation.TestTacletTranslator" time="0.001"/>
  <testcase name="testNegativePolarity()" classname="de.uka.ilkd.key.taclettranslation.TestTacletTranslator" time="0.002"/>
  <testcase name="testNoPolarity()" classname="de.uka.ilkd.key.taclettranslation.TestTacletTranslator" time="0.001"/>
  <testcase name="testPositivePolarity()" classname="de.uka.ilkd.key.taclettranslation.TestTacletTranslator" time="0.002"/>
  <system-out><![CDATA[1151141    INFO  Test worker     d.u.i.k.n.KeyIO           Parsing took 1 ms 
1151141    DEBUG Test worker     d.u.i.k.n.KeyIO           Load declarations of de.uka.ilkd.key.nparser.KeyAst$File:  <unknown>:1#1 
1151141    INFO  Test worker     d.u.i.k.n.KeyIO           MODE: declarations took 0 ms 
1151141    DEBUG Test worker     d.u.i.k.n.KeyIO           MODE: 2nd degree decls took 0 
1151141    DEBUG Test worker     d.u.i.k.n.KeyIO           MODE: taclets took 0ms 
1151145    INFO  Test worker     d.u.i.k.n.KeyIO           Parsing took 0 ms 
1151145    DEBUG Test worker     d.u.i.k.n.KeyIO           Load declarations of de.uka.ilkd.key.nparser.KeyAst$File:  <unknown>:1#1 
1151146    INFO  Test worker     d.u.i.k.n.KeyIO           MODE: declarations took 1 ms 
1151146    DEBUG Test worker     d.u.i.k.n.KeyIO           MODE: 2nd degree decls took 0 
1151146    DEBUG Test worker     d.u.i.k.n.KeyIO           MODE: taclets took 0ms 
1151147    INFO  Test worker     d.u.i.k.n.KeyIO           Parsing took 0 ms 
1151147    DEBUG Test worker     d.u.i.k.n.KeyIO           Load declarations of de.uka.ilkd.key.nparser.KeyAst$File:  <unknown>:1#1 
1151147    INFO  Test worker     d.u.i.k.n.KeyIO           MODE: declarations took 0 ms 
1151147    DEBUG Test worker     d.u.i.k.n.KeyIO           MODE: 2nd degree decls took 0 
1151147    DEBUG Test worker     d.u.i.k.n.KeyIO           MODE: taclets took 0ms 
1151149    INFO  Test worker     d.u.i.k.n.KeyIO           Parsing took 1 ms 
1151149    DEBUG Test worker     d.u.i.k.n.KeyIO           Load declarations of de.uka.ilkd.key.nparser.KeyAst$File:  <unknown>:1#1 
1151149    INFO  Test worker     d.u.i.k.n.KeyIO           MODE: declarations took 0 ms 
1151149    DEBUG Test worker     d.u.i.k.n.KeyIO           MODE: 2nd degree decls took 0 
1151149    DEBUG Test worker     d.u.i.k.n.KeyIO           MODE: taclets took 0ms 
1151150    INFO  Test worker     d.u.i.k.n.KeyIO           Parsing took 0 ms 
1151150    DEBUG Test worker     d.u.i.k.n.KeyIO           Load declarations of de.uka.ilkd.key.nparser.KeyAst$File:  <unknown>:1#1 
1151150    INFO  Test worker     d.u.i.k.n.KeyIO           MODE: declarations took 0 ms 
1151150    DEBUG Test worker     d.u.i.k.n.KeyIO           MODE: 2nd degree decls took 0 
1151150    DEBUG Test worker     d.u.i.k.n.KeyIO           MODE: taclets took 0ms 
]]></system-out>
  <system-err><![CDATA[]]></system-err>
</testsuite>
