<?xml version="1.0" encoding="UTF-8"?>
<testsuite name="de.uka.ilkd.key.nparser.ParseLDTsTests" tests="2" skipped="0" failures="0" errors="0" timestamp="2023-06-08T14:44:59" hostname="fv-az795-885" time="1.21">
  <properties/>
  <testcase name="testLDT()" classname="de.uka.ilkd.key.nparser.ParseLDTsTests" time="0.038"/>
  <testcase name="testSR()" classname="de.uka.ilkd.key.nparser.ParseLDTsTests" time="1.171"/>
  <system-out><![CDATA[287353     DEBUG Test worker     d.u.i.k.n.ParsingFacade   PARSING file:/home/runner/work/key/key/key.core/build/resources/main/de/uka/ilkd/key/proof/rules/ldt.key took 0 ms 
287354     DEBUG Test worker     d.u.i.k.n.ParsingFacade   PARSING file:/home/runner/work/key/key/key.core/build/resources/main/de/uka/ilkd/key/proof/rules/charListHeader.key took 0 ms 
287354     DEBUG Test worker     d.u.i.k.n.ParsingFacade   PARSING file:/home/runner/work/key/key/key.core/build/resources/main/de/uka/ilkd/key/proof/rules/wellfound.key took 0 ms 
287354     DEBUG Test worker     d.u.i.k.n.ParsingFacade   PARSING file:/home/runner/work/key/key/key.core/build/resources/main/de/uka/ilkd/key/proof/rules/freeADT.key took 0 ms 
287359     DEBUG Test worker     d.u.i.k.n.ParsingFacade   PARSING file:/home/runner/work/key/key/key.core/build/resources/main/de/uka/ilkd/key/proof/rules/map.key took 5 ms 
287360     DEBUG Test worker     d.u.i.k.n.ParsingFacade   PARSING file:/home/runner/work/key/key/key.core/build/resources/main/de/uka/ilkd/key/proof/rules/seq.key took 0 ms 
287360     DEBUG Test worker     d.u.i.k.n.ParsingFacade   PARSING file:/home/runner/work/key/key/key.core/build/resources/main/de/uka/ilkd/key/proof/rules/reach.key took 0 ms 
287361     DEBUG Test worker     d.u.i.k.n.ParsingFacade   PARSING file:/home/runner/work/key/key/key.core/build/resources/main/de/uka/ilkd/key/proof/rules/permission.key took 0 ms 
287361     DEBUG Test worker     d.u.i.k.n.ParsingFacade   PARSING file:/home/runner/work/key/key/key.core/build/resources/main/de/uka/ilkd/key/proof/rules/locSets.key took 0 ms 
287362     DEBUG Test worker     d.u.i.k.n.ParsingFacade   PARSING file:/home/runner/work/key/key/key.core/build/resources/main/de/uka/ilkd/key/proof/rules/heap.key took 1 ms 
287362     DEBUG Test worker     d.u.i.k.n.ParsingFacade   PARSING file:/home/runner/work/key/key/key.core/build/resources/main/de/uka/ilkd/key/proof/rules/floatHeader.key took 0 ms 
287364     DEBUG Test worker     d.u.i.k.n.ParsingFacade   PARSING file:/home/runner/work/key/key/key.core/build/resources/main/de/uka/ilkd/key/proof/rules/integerHeader.key took 1 ms 
287366     DEBUG Test worker     d.u.i.k.n.ParsingFacade   PARSING file:/home/runner/work/key/key/key.core/build/resources/main/de/uka/ilkd/key/proof/rules/ruleSetsDeclarations.key took 2 ms 
287367     DEBUG Test worker     d.u.i.k.n.ParsingFacade   PARSING file:/home/runner/work/key/key/key.core/build/resources/main/de/uka/ilkd/key/proof/rules/boolean.key took 0 ms 
287367     INFO  Test worker     d.u.i.k.n.KeyIO           Parsing took 14 ms 
287367     DEBUG Test worker     d.u.i.k.n.KeyIO           Load declarations of de.uka.ilkd.key.nparser.KeyAst$File:  file:/home/runner/work/key/key/key.core/build/resources/main/de/uka/ilkd/key/proof/rules/boolean.key:1#1 
287378     DEBUG Test worker     d.u.i.k.n.KeyIO           Load declarations of de.uka.ilkd.key.nparser.KeyAst$File:  file:/home/runner/work/key/key/key.core/build/resources/main/de/uka/ilkd/key/proof/rules/ruleSetsDeclarations.key:5#1 
287381     DEBUG Test worker     d.u.i.k.n.KeyIO           Load declarations of de.uka.ilkd.key.nparser.KeyAst$File:  file:/home/runner/work/key/key/key.core/build/resources/main/de/uka/ilkd/key/proof/rules/integerHeader.key:1#1 
287381     DEBUG Test worker     d.u.i.k.n.KeyIO           Load declarations of de.uka.ilkd.key.nparser.KeyAst$File:  file:/home/runner/work/key/key/key.core/build/resources/main/de/uka/ilkd/key/proof/rules/floatHeader.key:14#1 
287381     DEBUG Test worker     d.u.i.k.n.KeyIO           Load declarations of de.uka.ilkd.key.nparser.KeyAst$File:  file:/home/runner/work/key/key/key.core/build/resources/main/de/uka/ilkd/key/proof/rules/heap.key:4#1 
287381     DEBUG Test worker     d.u.i.k.n.KeyIO           Load declarations of de.uka.ilkd.key.nparser.KeyAst$File:  file:/home/runner/work/key/key/key.core/build/resources/main/de/uka/ilkd/key/proof/rules/locSets.key:4#1 
287382     DEBUG Test worker     d.u.i.k.n.KeyIO           Load declarations of de.uka.ilkd.key.nparser.KeyAst$File:  file:/home/runner/work/key/key/key.core/build/resources/main/de/uka/ilkd/key/proof/rules/permission.key:1#1 
287382     DEBUG Test worker     d.u.i.k.n.KeyIO           Load declarations of de.uka.ilkd.key.nparser.KeyAst$File:  file:/home/runner/work/key/key/key.core/build/resources/main/de/uka/ilkd/key/proof/rules/reach.key:3#1 
287382     DEBUG Test worker     d.u.i.k.n.KeyIO           Load declarations of de.uka.ilkd.key.nparser.KeyAst$File:  file:/home/runner/work/key/key/key.core/build/resources/main/de/uka/ilkd/key/proof/rules/seq.key:11#1 
287382     DEBUG Test worker     d.u.i.k.n.KeyIO           Load declarations of de.uka.ilkd.key.nparser.KeyAst$File:  file:/home/runner/work/key/key/key.core/build/resources/main/de/uka/ilkd/key/proof/rules/map.key:1#1 
287382     DEBUG Test worker     d.u.i.k.n.KeyIO           Load declarations of de.uka.ilkd.key.nparser.KeyAst$File:  file:/home/runner/work/key/key/key.core/build/resources/main/de/uka/ilkd/key/proof/rules/freeADT.key:17#1 
287382     DEBUG Test worker     d.u.i.k.n.KeyIO           Load declarations of de.uka.ilkd.key.nparser.KeyAst$File:  file:/home/runner/work/key/key/key.core/build/resources/main/de/uka/ilkd/key/proof/rules/wellfound.key:19#1 
287382     DEBUG Test worker     d.u.i.k.n.KeyIO           Load declarations of de.uka.ilkd.key.nparser.KeyAst$File:  file:/home/runner/work/key/key/key.core/build/resources/main/de/uka/ilkd/key/proof/rules/charListHeader.key:1#1 
287383     DEBUG Test worker     d.u.i.k.n.KeyIO           Load declarations of de.uka.ilkd.key.nparser.KeyAst$File:  file:/home/runner/work/key/key/key.core/build/resources/main/de/uka/ilkd/key/proof/rules/ldt.key:10#1 
287383     INFO  Test worker     d.u.i.k.n.KeyIO           MODE: declarations took 16 ms 
287385     DEBUG Test worker     d.u.i.k.n.KeyIO           MODE: 2nd degree decls took 2 
287389     DEBUG Test worker     d.u.i.k.n.KeyIO           MODE: taclets took 3ms 
287392     DEBUG Test worker     d.u.i.k.n.ParsingFacade   PARSING file:/home/runner/work/key/key/key.core/build/resources/main/de/uka/ilkd/key/proof/rules/standardRules.key took 1 ms 
287404     DEBUG Test worker     d.u.i.k.n.ParsingFacade   PARSING file:/home/runner/work/key/key/key.core/build/resources/main/de/uka/ilkd/key/proof/rules/loopScopeRules.key took 10 ms 
287410     DEBUG Test worker     d.u.i.k.n.ParsingFacade   PARSING file:/home/runner/work/key/key/key.core/build/resources/main/de/uka/ilkd/key/proof/rules/execRules.key took 5 ms 
287411     DEBUG Test worker     d.u.i.k.n.ParsingFacade   PARSING file:/home/runner/work/key/key/key.core/build/resources/main/de/uka/ilkd/key/proof/rules/forLoopRules.key took 0 ms 
287413     DEBUG Test worker     d.u.i.k.n.ParsingFacade   PARSING file:/home/runner/work/key/key/key.core/build/resources/main/de/uka/ilkd/key/proof/rules/loopInvariantRules.key took 2 ms 
287413     DEBUG Test worker     d.u.i.k.n.ParsingFacade   PARSING file:/home/runner/work/key/key/key.core/build/resources/main/de/uka/ilkd/key/proof/rules/wd.key took 0 ms 
287431     DEBUG Test worker     d.u.i.k.n.ParsingFacade   PARSING file:/home/runner/work/key/key/key.core/build/resources/main/de/uka/ilkd/key/proof/rules/wdFormulaRules.key took 12 ms 
287433     DEBUG Test worker     d.u.i.k.n.ParsingFacade   PARSING file:/home/runner/work/key/key/key.core/build/resources/main/de/uka/ilkd/key/proof/rules/wdRegExRules.key took 0 ms 
287435     DEBUG Test worker     d.u.i.k.n.ParsingFacade   PARSING file:/home/runner/work/key/key/key.core/build/resources/main/de/uka/ilkd/key/proof/rules/wdStringRules.key took 1 ms 
287437     DEBUG Test worker     d.u.i.k.n.ParsingFacade   PARSING file:/home/runner/work/key/key/key.core/build/resources/main/de/uka/ilkd/key/proof/rules/wdSeqRules.key took 2 ms 
287438     DEBUG Test worker     d.u.i.k.n.ParsingFacade   PARSING file:/home/runner/work/key/key/key.core/build/resources/main/de/uka/ilkd/key/proof/rules/wdReachRules.key took 1 ms 
287440     DEBUG Test worker     d.u.i.k.n.ParsingFacade   PARSING file:/home/runner/work/key/key/key.core/build/resources/main/de/uka/ilkd/key/proof/rules/wdHeapRules.key took 2 ms 
287443     DEBUG Test worker     d.u.i.k.n.ParsingFacade   PARSING file:/home/runner/work/key/key/key.core/build/resources/main/de/uka/ilkd/key/proof/rules/wdLocSetRules.key took 3 ms 
287453     DEBUG Test worker     d.u.i.k.n.ParsingFacade   PARSING file:/home/runner/work/key/key/key.core/build/resources/main/de/uka/ilkd/key/proof/rules/wdNumericalRules.key took 10 ms 
287456     DEBUG Test worker     d.u.i.k.n.ParsingFacade   PARSING file:/home/runner/work/key/key/key.core/build/resources/main/de/uka/ilkd/key/proof/rules/wdGeneralRules.key took 2 ms 
287457     DEBUG Test worker     d.u.i.k.n.ParsingFacade   PARSING file:/home/runner/work/key/key/key.core/build/resources/main/de/uka/ilkd/key/proof/rules/wdHeader.key took 1 ms 
287458     DEBUG Test worker     d.u.i.k.n.ParsingFacade   PARSING file:/home/runner/work/key/key/key.core/build/resources/main/de/uka/ilkd/key/proof/rules/mapSize.key took 1 ms 
287462     DEBUG Test worker     d.u.i.k.n.ParsingFacade   PARSING file:/home/runner/work/key/key/key.core/build/resources/main/de/uka/ilkd/key/proof/rules/infFlow.key took 3 ms 
287468     DEBUG Test worker     d.u.i.k.n.ParsingFacade   PARSING file:/home/runner/work/key/key/key.core/build/resources/main/de/uka/ilkd/key/proof/rules/seqEq.key took 5 ms 
287469     DEBUG Test worker     d.u.i.k.n.ParsingFacade   PARSING file:/home/runner/work/key/key/key.core/build/resources/main/de/uka/ilkd/key/proof/rules/regExTheory.key took 1 ms 
287472     DEBUG Test worker     d.u.i.k.n.ParsingFacade   PARSING file:/home/runner/work/key/key/key.core/build/resources/main/de/uka/ilkd/key/proof/rules/regExLemmaProven.key took 3 ms 
287476     DEBUG Test worker     d.u.i.k.n.ParsingFacade   PARSING file:/home/runner/work/key/key/key.core/build/resources/main/de/uka/ilkd/key/proof/rules/regExAxioms.key took 3 ms 
287476     DEBUG Test worker     d.u.i.k.n.ParsingFacade   PARSING file:/home/runner/work/key/key/key.core/build/resources/main/de/uka/ilkd/key/proof/rules/regExHeader.key took 0 ms 
287486     DEBUG Test worker     d.u.i.k.n.ParsingFacade   PARSING file:/home/runner/work/key/key/key.core/build/resources/main/de/uka/ilkd/key/proof/rules/charListRules.key took 10 ms 
287489     DEBUG Test worker     d.u.i.k.n.ParsingFacade   PARSING file:/home/runner/work/key/key/key.core/build/resources/main/de/uka/ilkd/key/proof/rules/precRules.key took 2 ms 
287494     DEBUG Test worker     d.u.i.k.n.ParsingFacade   PARSING file:/home/runner/work/key/key/key.core/build/resources/main/de/uka/ilkd/key/proof/rules/adtProgramDecompositionRules.key took 5 ms 
287499     DEBUG Test worker     d.u.i.k.n.ParsingFacade   PARSING file:/home/runner/work/key/key/key.core/build/resources/main/de/uka/ilkd/key/proof/rules/bigint.key took 4 ms 
287504     DEBUG Test worker     d.u.i.k.n.ParsingFacade   PARSING file:/home/runner/work/key/key/key.core/build/resources/main/de/uka/ilkd/key/proof/rules/floatAssignment2UpdateRules.key took 4 ms 
287512     DEBUG Test worker     d.u.i.k.n.ParsingFacade   PARSING file:/home/runner/work/key/key/key.core/build/resources/main/de/uka/ilkd/key/proof/rules/integerAssignment2UpdateRules.key took 7 ms 
287514     DEBUG Test worker     d.u.i.k.n.ParsingFacade   PARSING file:/home/runner/work/key/key/key.core/build/resources/main/de/uka/ilkd/key/proof/rules/java5.key took 1 ms 
287518     DEBUG Test worker     d.u.i.k.n.ParsingFacade   PARSING file:/home/runner/work/key/key/key.core/build/resources/main/de/uka/ilkd/key/proof/rules/instanceAllocation.key took 4 ms 
287536     DEBUG Test worker     d.u.i.k.n.ParsingFacade   PARSING file:/home/runner/work/key/key/key.core/build/resources/main/de/uka/ilkd/key/proof/rules/activeUse.key took 18 ms 
287538     DEBUG Test worker     d.u.i.k.n.ParsingFacade   PARSING file:/home/runner/work/key/key/key.core/build/resources/main/de/uka/ilkd/key/proof/rules/loopRules.key took 1 ms 
287611     DEBUG Test worker     d.u.i.k.n.ParsingFacade   PARSING file:/home/runner/work/key/key/key.core/build/resources/main/de/uka/ilkd/key/proof/rules/javaRules.key took 73 ms 
287618     DEBUG Test worker     d.u.i.k.n.ParsingFacade   PARSING file:/home/runner/work/key/key/key.core/build/resources/main/de/uka/ilkd/key/proof/rules/assertions.key took 2 ms 
287622     DEBUG Test worker     d.u.i.k.n.ParsingFacade   PARSING file:/home/runner/work/key/key/key.core/build/resources/main/de/uka/ilkd/key/proof/rules/seqPerm2.key took 3 ms 
287636     DEBUG Test worker     d.u.i.k.n.ParsingFacade   PARSING file:/home/runner/work/key/key/key.core/build/resources/main/de/uka/ilkd/key/proof/rules/seqPerm.key took 13 ms 
287656     DEBUG Test worker     d.u.i.k.n.ParsingFacade   PARSING file:/home/runner/work/key/key/key.core/build/resources/main/de/uka/ilkd/key/proof/rules/seqRules.key took 18 ms 
287659     DEBUG Test worker     d.u.i.k.n.ParsingFacade   PARSING file:/home/runner/work/key/key/key.core/build/resources/main/de/uka/ilkd/key/proof/rules/seqCoreRules.key took 1 ms 
287675     DEBUG Test worker     d.u.i.k.n.ParsingFacade   PARSING file:/home/runner/work/key/key/key.core/build/resources/main/de/uka/ilkd/key/proof/rules/reachRules.key took 15 ms 
287684     DEBUG Test worker     d.u.i.k.n.ParsingFacade   PARSING file:/home/runner/work/key/key/key.core/build/resources/main/de/uka/ilkd/key/proof/rules/permissionRules.key took 7 ms 
287702     DEBUG Test worker     d.u.i.k.n.ParsingFacade   PARSING file:/home/runner/work/key/key/key.core/build/resources/main/de/uka/ilkd/key/proof/rules/heapRules.key took 17 ms 
287724     DEBUG Test worker     d.u.i.k.n.ParsingFacade   PARSING file:/home/runner/work/key/key/key.core/build/resources/main/de/uka/ilkd/key/proof/rules/locSetsRules.key took 21 ms 
287728     DEBUG Test worker     d.u.i.k.n.ParsingFacade   PARSING file:/home/runner/work/key/key/key.core/build/resources/main/de/uka/ilkd/key/proof/rules/epsilon.key took 2 ms 
287730     DEBUG Test worker     d.u.i.k.n.ParsingFacade   PARSING file:/home/runner/work/key/key/key.core/build/resources/main/de/uka/ilkd/key/proof/rules/booleanRules.key took 2 ms 
287735     DEBUG Test worker     d.u.i.k.n.ParsingFacade   PARSING file:/home/runner/work/key/key/key.core/build/resources/main/de/uka/ilkd/key/proof/rules/genericRules.key took 5 ms 
287744     DEBUG Test worker     d.u.i.k.n.ParsingFacade   PARSING file:/home/runner/work/key/key/key.core/build/resources/main/de/uka/ilkd/key/proof/rules/floatRulesAssumeStrictfp.key took 8 ms 
287745     DEBUG Test worker     d.u.i.k.n.ParsingFacade   PARSING file:/home/runner/work/key/key/key.core/build/resources/main/de/uka/ilkd/key/proof/rules/floatRulesVerifyNormal.key took 0 ms 
287745     DEBUG Test worker     d.u.i.k.n.ParsingFacade   PARSING file:/home/runner/work/key/key/key.core/build/resources/main/de/uka/ilkd/key/proof/rules/floatRules.key took 0 ms 
287751     DEBUG Test worker     d.u.i.k.n.ParsingFacade   PARSING file:/home/runner/work/key/key/key.core/build/resources/main/de/uka/ilkd/key/proof/rules/floatRulesCommon.key took 6 ms 
287757     DEBUG Test worker     d.u.i.k.n.ParsingFacade   PARSING file:/home/runner/work/key/key/key.core/build/resources/main/de/uka/ilkd/key/proof/rules/intPow.key took 5 ms 
287759     DEBUG Test worker     d.u.i.k.n.ParsingFacade   PARSING file:/home/runner/work/key/key/key.core/build/resources/main/de/uka/ilkd/key/proof/rules/binaryLemmas.key took 1 ms 
287761     DEBUG Test worker     d.u.i.k.n.ParsingFacade   PARSING file:/home/runner/work/key/key/key.core/build/resources/main/de/uka/ilkd/key/proof/rules/binaryAxioms.key took 1 ms 
287778     DEBUG Test worker     d.u.i.k.n.ParsingFacade   PARSING file:/home/runner/work/key/key/key.core/build/resources/main/de/uka/ilkd/key/proof/rules/bprod.key took 17 ms 
287823     DEBUG Test worker     d.u.i.k.n.ParsingFacade   PARSING file:/home/runner/work/key/key/key.core/build/resources/main/de/uka/ilkd/key/proof/rules/bsum.key took 44 ms 
287835     DEBUG Test worker     d.u.i.k.n.ParsingFacade   PARSING file:/home/runner/work/key/key/key.core/build/resources/main/de/uka/ilkd/key/proof/rules/intDiv.key took 9 ms 
287886     DEBUG Test worker     d.u.i.k.n.ParsingFacade   PARSING file:/home/runner/work/key/key/key.core/build/resources/main/de/uka/ilkd/key/proof/rules/integerSimplificationRules.key took 50 ms 
287895     DEBUG Test worker     d.u.i.k.n.ParsingFacade   PARSING file:/home/runner/work/key/key/key.core/build/resources/main/de/uka/ilkd/key/proof/rules/intRulesJavaSemantics.key took 3 ms 
287897     DEBUG Test worker     d.u.i.k.n.ParsingFacade   PARSING file:/home/runner/work/key/key/key.core/build/resources/main/de/uka/ilkd/key/proof/rules/intRulesCheckedSemantics.key took 1 ms 
287899     DEBUG Test worker     d.u.i.k.n.ParsingFacade   PARSING file:/home/runner/work/key/key/key.core/build/resources/main/de/uka/ilkd/key/proof/rules/intRulesUncheckedSemantics.key took 2 ms 
287904     DEBUG Test worker     d.u.i.k.n.ParsingFacade   PARSING file:/home/runner/work/key/key/key.core/build/resources/main/de/uka/ilkd/key/proof/rules/intRules.key took 4 ms 
287905     DEBUG Test worker     d.u.i.k.n.ParsingFacade   PARSING file:/home/runner/work/key/key/key.core/build/resources/main/de/uka/ilkd/key/proof/rules/integerRulesCommon.key took 1 ms 
287910     DEBUG Test worker     d.u.i.k.n.ParsingFacade   PARSING file:/home/runner/work/key/key/key.core/build/resources/main/de/uka/ilkd/key/proof/rules/updateRules.key took 4 ms 
287930     DEBUG Test worker     d.u.i.k.n.ParsingFacade   PARSING file:/home/runner/work/key/key/key.core/build/resources/main/de/uka/ilkd/key/proof/rules/formulaNormalisationRules.key took 19 ms 
287939     DEBUG Test worker     d.u.i.k.n.ParsingFacade   PARSING file:/home/runner/work/key/key/key.core/build/resources/main/de/uka/ilkd/key/proof/rules/ifThenElseRules.key took 6 ms 
287943     DEBUG Test worker     d.u.i.k.n.ParsingFacade   PARSING file:/home/runner/work/key/key/key.core/build/resources/main/de/uka/ilkd/key/proof/rules/firstOrderRules.key took 3 ms 
287946     DEBUG Test worker     d.u.i.k.n.ParsingFacade   PARSING file:/home/runner/work/key/key/key.core/build/resources/main/de/uka/ilkd/key/proof/rules/propRule.key took 3 ms 
287947     DEBUG Test worker     d.u.i.k.n.ParsingFacade   PARSING file:/home/runner/work/key/key/key.core/build/resources/main/de/uka/ilkd/key/proof/rules/ldt.key took 0 ms 
287947     DEBUG Test worker     d.u.i.k.n.ParsingFacade   PARSING file:/home/runner/work/key/key/key.core/build/resources/main/de/uka/ilkd/key/proof/rules/charListHeader.key took 0 ms 
287947     DEBUG Test worker     d.u.i.k.n.ParsingFacade   PARSING file:/home/runner/work/key/key/key.core/build/resources/main/de/uka/ilkd/key/proof/rules/wellfound.key took 0 ms 
287948     DEBUG Test worker     d.u.i.k.n.ParsingFacade   PARSING file:/home/runner/work/key/key/key.core/build/resources/main/de/uka/ilkd/key/proof/rules/freeADT.key took 1 ms 
287952     DEBUG Test worker     d.u.i.k.n.ParsingFacade   PARSING file:/home/runner/work/key/key/key.core/build/resources/main/de/uka/ilkd/key/proof/rules/map.key took 4 ms 
287953     DEBUG Test worker     d.u.i.k.n.ParsingFacade   PARSING file:/home/runner/work/key/key/key.core/build/resources/main/de/uka/ilkd/key/proof/rules/seq.key took 0 ms 
287954     DEBUG Test worker     d.u.i.k.n.ParsingFacade   PARSING file:/home/runner/work/key/key/key.core/build/resources/main/de/uka/ilkd/key/proof/rules/reach.key took 0 ms 
287954     DEBUG Test worker     d.u.i.k.n.ParsingFacade   PARSING file:/home/runner/work/key/key/key.core/build/resources/main/de/uka/ilkd/key/proof/rules/permission.key took 0 ms 
287954     DEBUG Test worker     d.u.i.k.n.ParsingFacade   PARSING file:/home/runner/work/key/key/key.core/build/resources/main/de/uka/ilkd/key/proof/rules/locSets.key took 0 ms 
287955     DEBUG Test worker     d.u.i.k.n.ParsingFacade   PARSING file:/home/runner/work/key/key/key.core/build/resources/main/de/uka/ilkd/key/proof/rules/heap.key took 1 ms 
287955     DEBUG Test worker     d.u.i.k.n.ParsingFacade   PARSING file:/home/runner/work/key/key/key.core/build/resources/main/de/uka/ilkd/key/proof/rules/floatHeader.key took 0 ms 
287957     DEBUG Test worker     d.u.i.k.n.ParsingFacade   PARSING file:/home/runner/work/key/key/key.core/build/resources/main/de/uka/ilkd/key/proof/rules/integerHeader.key took 2 ms 
287959     DEBUG Test worker     d.u.i.k.n.ParsingFacade   PARSING file:/home/runner/work/key/key/key.core/build/resources/main/de/uka/ilkd/key/proof/rules/ruleSetsDeclarations.key took 2 ms 
287959     DEBUG Test worker     d.u.i.k.n.ParsingFacade   PARSING file:/home/runner/work/key/key/key.core/build/resources/main/de/uka/ilkd/key/proof/rules/boolean.key took 0 ms 
287959     INFO  Test worker     d.u.i.k.n.KeyIO           Parsing took 568 ms 
287959     DEBUG Test worker     d.u.i.k.n.KeyIO           Load declarations of de.uka.ilkd.key.nparser.KeyAst$File:  file:/home/runner/work/key/key/key.core/build/resources/main/de/uka/ilkd/key/proof/rules/boolean.key:1#1 
287959     DEBUG Test worker     d.u.i.k.n.KeyIO           Load declarations of de.uka.ilkd.key.nparser.KeyAst$File:  file:/home/runner/work/key/key/key.core/build/resources/main/de/uka/ilkd/key/proof/rules/ruleSetsDeclarations.key:5#1 
287960     DEBUG Test worker     d.u.i.k.n.KeyIO           Load declarations of de.uka.ilkd.key.nparser.KeyAst$File:  file:/home/runner/work/key/key/key.core/build/resources/main/de/uka/ilkd/key/proof/rules/integerHeader.key:1#1 
287960     DEBUG Test worker     d.u.i.k.n.KeyIO           Load declarations of de.uka.ilkd.key.nparser.KeyAst$File:  file:/home/runner/work/key/key/key.core/build/resources/main/de/uka/ilkd/key/proof/rules/floatHeader.key:14#1 
287960     DEBUG Test worker     d.u.i.k.n.KeyIO           Load declarations of de.uka.ilkd.key.nparser.KeyAst$File:  file:/home/runner/work/key/key/key.core/build/resources/main/de/uka/ilkd/key/proof/rules/heap.key:4#1 
287960     DEBUG Test worker     d.u.i.k.n.KeyIO           Load declarations of de.uka.ilkd.key.nparser.KeyAst$File:  file:/home/runner/work/key/key/key.core/build/resources/main/de/uka/ilkd/key/proof/rules/locSets.key:4#1 
287960     DEBUG Test worker     d.u.i.k.n.KeyIO           Load declarations of de.uka.ilkd.key.nparser.KeyAst$File:  file:/home/runner/work/key/key/key.core/build/resources/main/de/uka/ilkd/key/proof/rules/permission.key:1#1 
287960     DEBUG Test worker     d.u.i.k.n.KeyIO           Load declarations of de.uka.ilkd.key.nparser.KeyAst$File:  file:/home/runner/work/key/key/key.core/build/resources/main/de/uka/ilkd/key/proof/rules/reach.key:3#1 
287960     DEBUG Test worker     d.u.i.k.n.KeyIO           Load declarations of de.uka.ilkd.key.nparser.KeyAst$File:  file:/home/runner/work/key/key/key.core/build/resources/main/de/uka/ilkd/key/proof/rules/seq.key:11#1 
287960     DEBUG Test worker     d.u.i.k.n.KeyIO           Load declarations of de.uka.ilkd.key.nparser.KeyAst$File:  file:/home/runner/work/key/key/key.core/build/resources/main/de/uka/ilkd/key/proof/rules/map.key:1#1 
287960     DEBUG Test worker     d.u.i.k.n.KeyIO           Load declarations of de.uka.ilkd.key.nparser.KeyAst$File:  file:/home/runner/work/key/key/key.core/build/resources/main/de/uka/ilkd/key/proof/rules/freeADT.key:17#1 
287960     DEBUG Test worker     d.u.i.k.n.KeyIO           Load declarations of de.uka.ilkd.key.nparser.KeyAst$File:  file:/home/runner/work/key/key/key.core/build/resources/main/de/uka/ilkd/key/proof/rules/wellfound.key:19#1 
287960     DEBUG Test worker     d.u.i.k.n.KeyIO           Load declarations of de.uka.ilkd.key.nparser.KeyAst$File:  file:/home/runner/work/key/key/key.core/build/resources/main/de/uka/ilkd/key/proof/rules/charListHeader.key:1#1 
287960     DEBUG Test worker     d.u.i.k.n.KeyIO           Load declarations of de.uka.ilkd.key.nparser.KeyAst$File:  file:/home/runner/work/key/key/key.core/build/resources/main/de/uka/ilkd/key/proof/rules/ldt.key:10#1 
287960     DEBUG Test worker     d.u.i.k.n.KeyIO           Load declarations of de.uka.ilkd.key.nparser.KeyAst$File:  file:/home/runner/work/key/key/key.core/build/resources/main/de/uka/ilkd/key/proof/rules/propRule.key:9#1 
287960     DEBUG Test worker     d.u.i.k.n.KeyIO           Load declarations of de.uka.ilkd.key.nparser.KeyAst$File:  file:/home/runner/work/key/key/key.core/build/resources/main/de/uka/ilkd/key/proof/rules/firstOrderRules.key:3#1 
287960     DEBUG Test worker     d.u.i.k.n.KeyIO           Load declarations of de.uka.ilkd.key.nparser.KeyAst$File:  file:/home/runner/work/key/key/key.core/build/resources/main/de/uka/ilkd/key/proof/rules/ifThenElseRules.key:5#1 
287960     DEBUG Test worker     d.u.i.k.n.KeyIO           Load declarations of de.uka.ilkd.key.nparser.KeyAst$File:  file:/home/runner/work/key/key/key.core/build/resources/main/de/uka/ilkd/key/proof/rules/formulaNormalisationRules.key:5#1 
287960     DEBUG Test worker     d.u.i.k.n.KeyIO           Load declarations of de.uka.ilkd.key.nparser.KeyAst$File:  file:/home/runner/work/key/key/key.core/build/resources/main/de/uka/ilkd/key/proof/rules/updateRules.key:1#1 
287960     DEBUG Test worker     d.u.i.k.n.KeyIO           Load declarations of de.uka.ilkd.key.nparser.KeyAst$File:  file:/home/runner/work/key/key/key.core/build/resources/main/de/uka/ilkd/key/proof/rules/integerRulesCommon.key:7#1 
287960     DEBUG Test worker     d.u.i.k.n.KeyIO           Load declarations of de.uka.ilkd.key.nparser.KeyAst$File:  file:/home/runner/work/key/key/key.core/build/resources/main/de/uka/ilkd/key/proof/rules/intRules.key:34#1 
287960     DEBUG Test worker     d.u.i.k.n.KeyIO           Load declarations of de.uka.ilkd.key.nparser.KeyAst$File:  file:/home/runner/work/key/key/key.core/build/resources/main/de/uka/ilkd/key/proof/rules/intRulesUncheckedSemantics.key:9#1 
287960     DEBUG Test worker     d.u.i.k.n.KeyIO           Load declarations of de.uka.ilkd.key.nparser.KeyAst$File:  file:/home/runner/work/key/key/key.core/build/resources/main/de/uka/ilkd/key/proof/rules/intRulesCheckedSemantics.key:7#1 
287960     DEBUG Test worker     d.u.i.k.n.KeyIO           Load declarations of de.uka.ilkd.key.nparser.KeyAst$File:  file:/home/runner/work/key/key/key.core/build/resources/main/de/uka/ilkd/key/proof/rules/intRulesJavaSemantics.key:7#1 
287961     DEBUG Test worker     d.u.i.k.n.KeyIO           Load declarations of de.uka.ilkd.key.nparser.KeyAst$File:  file:/home/runner/work/key/key/key.core/build/resources/main/de/uka/ilkd/key/proof/rules/integerSimplificationRules.key:7#1 
287970     DEBUG Test worker     d.u.i.k.n.KeyIO           Load declarations of de.uka.ilkd.key.nparser.KeyAst$File:  file:/home/runner/work/key/key/key.core/build/resources/main/de/uka/ilkd/key/proof/rules/intDiv.key:11#1 
287970     DEBUG Test worker     d.u.i.k.n.KeyIO           Load declarations of de.uka.ilkd.key.nparser.KeyAst$File:  file:/home/runner/work/key/key/key.core/build/resources/main/de/uka/ilkd/key/proof/rules/bsum.key:5#1 
287970     DEBUG Test worker     d.u.i.k.n.KeyIO           Load declarations of de.uka.ilkd.key.nparser.KeyAst$File:  file:/home/runner/work/key/key/key.core/build/resources/main/de/uka/ilkd/key/proof/rules/bprod.key:5#1 
287970     DEBUG Test worker     d.u.i.k.n.KeyIO           Load declarations of de.uka.ilkd.key.nparser.KeyAst$File:  file:/home/runner/work/key/key/key.core/build/resources/main/de/uka/ilkd/key/proof/rules/binaryAxioms.key:1#1 
287970     DEBUG Test worker     d.u.i.k.n.KeyIO           Load declarations of de.uka.ilkd.key.nparser.KeyAst$File:  file:/home/runner/work/key/key/key.core/build/resources/main/de/uka/ilkd/key/proof/rules/binaryLemmas.key:1#1 
287970     DEBUG Test worker     d.u.i.k.n.KeyIO           Load declarations of de.uka.ilkd.key.nparser.KeyAst$File:  file:/home/runner/work/key/key/key.core/build/resources/main/de/uka/ilkd/key/proof/rules/intPow.key:5#1 
287970     DEBUG Test worker     d.u.i.k.n.KeyIO           Load declarations of de.uka.ilkd.key.nparser.KeyAst$File:  file:/home/runner/work/key/key/key.core/build/resources/main/de/uka/ilkd/key/proof/rules/floatRulesCommon.key:15#1 
287970     DEBUG Test worker     d.u.i.k.n.KeyIO           Load declarations of de.uka.ilkd.key.nparser.KeyAst$File:  file:/home/runner/work/key/key/key.core/build/resources/main/de/uka/ilkd/key/proof/rules/floatRules.key:15#1 
287970     DEBUG Test worker     d.u.i.k.n.KeyIO           Load declarations of de.uka.ilkd.key.nparser.KeyAst$File:  file:/home/runner/work/key/key/key.core/build/resources/main/de/uka/ilkd/key/proof/rules/floatRulesVerifyNormal.key:60#1 
287970     DEBUG Test worker     d.u.i.k.n.KeyIO           Load declarations of de.uka.ilkd.key.nparser.KeyAst$File:  file:/home/runner/work/key/key/key.core/build/resources/main/de/uka/ilkd/key/proof/rules/floatRulesAssumeStrictfp.key:15#1 
287970     DEBUG Test worker     d.u.i.k.n.KeyIO           Load declarations of de.uka.ilkd.key.nparser.KeyAst$File:  file:/home/runner/work/key/key/key.core/build/resources/main/de/uka/ilkd/key/proof/rules/genericRules.key:5#1 
287970     DEBUG Test worker     d.u.i.k.n.KeyIO           Load declarations of de.uka.ilkd.key.nparser.KeyAst$File:  file:/home/runner/work/key/key/key.core/build/resources/main/de/uka/ilkd/key/proof/rules/booleanRules.key:1#1 
287970     DEBUG Test worker     d.u.i.k.n.KeyIO           Load declarations of de.uka.ilkd.key.nparser.KeyAst$File:  file:/home/runner/work/key/key/key.core/build/resources/main/de/uka/ilkd/key/proof/rules/epsilon.key:1#1 
287970     DEBUG Test worker     d.u.i.k.n.KeyIO           Load declarations of de.uka.ilkd.key.nparser.KeyAst$File:  file:/home/runner/work/key/key/key.core/build/resources/main/de/uka/ilkd/key/proof/rules/locSetsRules.key:4#1 
287970     DEBUG Test worker     d.u.i.k.n.KeyIO           Load declarations of de.uka.ilkd.key.nparser.KeyAst$File:  file:/home/runner/work/key/key/key.core/build/resources/main/de/uka/ilkd/key/proof/rules/heapRules.key:5#1 
287970     DEBUG Test worker     d.u.i.k.n.KeyIO           Load declarations of de.uka.ilkd.key.nparser.KeyAst$File:  file:/home/runner/work/key/key/key.core/build/resources/main/de/uka/ilkd/key/proof/rules/permissionRules.key:1#1 
287970     DEBUG Test worker     d.u.i.k.n.KeyIO           Load declarations of de.uka.ilkd.key.nparser.KeyAst$File:  file:/home/runner/work/key/key/key.core/build/resources/main/de/uka/ilkd/key/proof/rules/reachRules.key:1#1 
287970     DEBUG Test worker     d.u.i.k.n.KeyIO           Load declarations of de.uka.ilkd.key.nparser.KeyAst$File:  file:/home/runner/work/key/key/key.core/build/resources/main/de/uka/ilkd/key/proof/rules/seqCoreRules.key:8#1 
287970     DEBUG Test worker     d.u.i.k.n.KeyIO           Load declarations of de.uka.ilkd.key.nparser.KeyAst$File:  file:/home/runner/work/key/key/key.core/build/resources/main/de/uka/ilkd/key/proof/rules/seqRules.key:7#1 
287970     DEBUG Test worker     d.u.i.k.n.KeyIO           Load declarations of de.uka.ilkd.key.nparser.KeyAst$File:  file:/home/runner/work/key/key/key.core/build/resources/main/de/uka/ilkd/key/proof/rules/seqPerm.key:12#1 
287970     DEBUG Test worker     d.u.i.k.n.KeyIO           Load declarations of de.uka.ilkd.key.nparser.KeyAst$File:  file:/home/runner/work/key/key/key.core/build/resources/main/de/uka/ilkd/key/proof/rules/seqPerm2.key:9#1 
287970     DEBUG Test worker     d.u.i.k.n.KeyIO           Load declarations of de.uka.ilkd.key.nparser.KeyAst$File:  file:/home/runner/work/key/key/key.core/build/resources/main/de/uka/ilkd/key/proof/rules/assertions.key:1#1 
287970     DEBUG Test worker     d.u.i.k.n.KeyIO           Load declarations of de.uka.ilkd.key.nparser.KeyAst$File:  file:/home/runner/work/key/key/key.core/build/resources/main/de/uka/ilkd/key/proof/rules/javaRules.key:4#1 
287970     DEBUG Test worker     d.u.i.k.n.KeyIO           Load declarations of de.uka.ilkd.key.nparser.KeyAst$File:  file:/home/runner/work/key/key/key.core/build/resources/main/de/uka/ilkd/key/proof/rules/loopRules.key:2#1 
287971     DEBUG Test worker     d.u.i.k.n.KeyIO           Load declarations of de.uka.ilkd.key.nparser.KeyAst$File:  file:/home/runner/work/key/key/key.core/build/resources/main/de/uka/ilkd/key/proof/rules/activeUse.key:1#1 
287971     DEBUG Test worker     d.u.i.k.n.KeyIO           Load declarations of de.uka.ilkd.key.nparser.KeyAst$File:  file:/home/runner/work/key/key/key.core/build/resources/main/de/uka/ilkd/key/proof/rules/instanceAllocation.key:1#1 
287971     DEBUG Test worker     d.u.i.k.n.KeyIO           Load declarations of de.uka.ilkd.key.nparser.KeyAst$File:  file:/home/runner/work/key/key/key.core/build/resources/main/de/uka/ilkd/key/proof/rules/java5.key:1#1 
287971     DEBUG Test worker     d.u.i.k.n.KeyIO           Load declarations of de.uka.ilkd.key.nparser.KeyAst$File:  file:/home/runner/work/key/key/key.core/build/resources/main/de/uka/ilkd/key/proof/rules/integerAssignment2UpdateRules.key:12#1 
287971     DEBUG Test worker     d.u.i.k.n.KeyIO           Load declarations of de.uka.ilkd.key.nparser.KeyAst$File:  file:/home/runner/work/key/key/key.core/build/resources/main/de/uka/ilkd/key/proof/rules/floatAssignment2UpdateRules.key:15#1 
287971     DEBUG Test worker     d.u.i.k.n.KeyIO           Load declarations of de.uka.ilkd.key.nparser.KeyAst$File:  file:/home/runner/work/key/key/key.core/build/resources/main/de/uka/ilkd/key/proof/rules/bigint.key:7#1 
287971     DEBUG Test worker     d.u.i.k.n.KeyIO           Load declarations of de.uka.ilkd.key.nparser.KeyAst$File:  file:/home/runner/work/key/key/key.core/build/resources/main/de/uka/ilkd/key/proof/rules/adtProgramDecompositionRules.key:1#1 
287971     DEBUG Test worker     d.u.i.k.n.KeyIO           Load declarations of de.uka.ilkd.key.nparser.KeyAst$File:  file:/home/runner/work/key/key/key.core/build/resources/main/de/uka/ilkd/key/proof/rules/precRules.key:1#1 
287971     DEBUG Test worker     d.u.i.k.n.KeyIO           Load declarations of de.uka.ilkd.key.nparser.KeyAst$File:  file:/home/runner/work/key/key/key.core/build/resources/main/de/uka/ilkd/key/proof/rules/charListRules.key:1#1 
287971     DEBUG Test worker     d.u.i.k.n.KeyIO           Load declarations of de.uka.ilkd.key.nparser.KeyAst$File:  file:/home/runner/work/key/key/key.core/build/resources/main/de/uka/ilkd/key/proof/rules/regExHeader.key:1#1 
287971     DEBUG Test worker     d.u.i.k.n.KeyIO           Load declarations of de.uka.ilkd.key.nparser.KeyAst$File:  file:/home/runner/work/key/key/key.core/build/resources/main/de/uka/ilkd/key/proof/rules/regExAxioms.key:1#1 
287971     DEBUG Test worker     d.u.i.k.n.KeyIO           Load declarations of de.uka.ilkd.key.nparser.KeyAst$File:  file:/home/runner/work/key/key/key.core/build/resources/main/de/uka/ilkd/key/proof/rules/regExLemmaProven.key:1#1 
287971     DEBUG Test worker     d.u.i.k.n.KeyIO           Load declarations of de.uka.ilkd.key.nparser.KeyAst$File:  file:/home/runner/work/key/key/key.core/build/resources/main/de/uka/ilkd/key/proof/rules/regExTheory.key:1#1 
287971     DEBUG Test worker     d.u.i.k.n.KeyIO           Load declarations of de.uka.ilkd.key.nparser.KeyAst$File:  file:/home/runner/work/key/key/key.core/build/resources/main/de/uka/ilkd/key/proof/rules/seqEq.key:1#1 
287971     DEBUG Test worker     d.u.i.k.n.KeyIO           Load declarations of de.uka.ilkd.key.nparser.KeyAst$File:  file:/home/runner/work/key/key/key.core/build/resources/main/de/uka/ilkd/key/proof/rules/infFlow.key:6#1 
287971     DEBUG Test worker     d.u.i.k.n.KeyIO           Load declarations of de.uka.ilkd.key.nparser.KeyAst$File:  file:/home/runner/work/key/key/key.core/build/resources/main/de/uka/ilkd/key/proof/rules/mapSize.key:5#1 
287971     DEBUG Test worker     d.u.i.k.n.KeyIO           Load declarations of de.uka.ilkd.key.nparser.KeyAst$File:  file:/home/runner/work/key/key/key.core/build/resources/main/de/uka/ilkd/key/proof/rules/wdHeader.key:1#1 
287971     DEBUG Test worker     d.u.i.k.n.KeyIO           Load declarations of de.uka.ilkd.key.nparser.KeyAst$File:  file:/home/runner/work/key/key/key.core/build/resources/main/de/uka/ilkd/key/proof/rules/wdGeneralRules.key:1#1 
287971     DEBUG Test worker     d.u.i.k.n.KeyIO           Load declarations of de.uka.ilkd.key.nparser.KeyAst$File:  file:/home/runner/work/key/key/key.core/build/resources/main/de/uka/ilkd/key/proof/rules/wdNumericalRules.key:1#1 
287971     DEBUG Test worker     d.u.i.k.n.KeyIO           Load declarations of de.uka.ilkd.key.nparser.KeyAst$File:  file:/home/runner/work/key/key/key.core/build/resources/main/de/uka/ilkd/key/proof/rules/wdLocSetRules.key:1#1 
287971     DEBUG Test worker     d.u.i.k.n.KeyIO           Load declarations of de.uka.ilkd.key.nparser.KeyAst$File:  file:/home/runner/work/key/key/key.core/build/resources/main/de/uka/ilkd/key/proof/rules/wdHeapRules.key:1#1 
287971     DEBUG Test worker     d.u.i.k.n.KeyIO           Load declarations of de.uka.ilkd.key.nparser.KeyAst$File:  file:/home/runner/work/key/key/key.core/build/resources/main/de/uka/ilkd/key/proof/rules/wdReachRules.key:1#1 
287971     DEBUG Test worker     d.u.i.k.n.KeyIO           Load declarations of de.uka.ilkd.key.nparser.KeyAst$File:  file:/home/runner/work/key/key/key.core/build/resources/main/de/uka/ilkd/key/proof/rules/wdSeqRules.key:1#1 
287971     DEBUG Test worker     d.u.i.k.n.KeyIO           Load declarations of de.uka.ilkd.key.nparser.KeyAst$File:  file:/home/runner/work/key/key/key.core/build/resources/main/de/uka/ilkd/key/proof/rules/wdStringRules.key:1#1 
287971     DEBUG Test worker     d.u.i.k.n.KeyIO           Load declarations of de.uka.ilkd.key.nparser.KeyAst$File:  file:/home/runner/work/key/key/key.core/build/resources/main/de/uka/ilkd/key/proof/rules/wdRegExRules.key:1#1 
287971     DEBUG Test worker     d.u.i.k.n.KeyIO           Load declarations of de.uka.ilkd.key.nparser.KeyAst$File:  file:/home/runner/work/key/key/key.core/build/resources/main/de/uka/ilkd/key/proof/rules/wdFormulaRules.key:1#1 
287971     DEBUG Test worker     d.u.i.k.n.KeyIO           Load declarations of de.uka.ilkd.key.nparser.KeyAst$File:  file:/home/runner/work/key/key/key.core/build/resources/main/de/uka/ilkd/key/proof/rules/wd.key:14#1 
287971     DEBUG Test worker     d.u.i.k.n.KeyIO           Load declarations of de.uka.ilkd.key.nparser.KeyAst$File:  file:/home/runner/work/key/key/key.core/build/resources/main/de/uka/ilkd/key/proof/rules/loopInvariantRules.key:3#1 
287971     DEBUG Test worker     d.u.i.k.n.KeyIO           Load declarations of de.uka.ilkd.key.nparser.KeyAst$File:  file:/home/runner/work/key/key/key.core/build/resources/main/de/uka/ilkd/key/proof/rules/forLoopRules.key:1#1 
287971     DEBUG Test worker     d.u.i.k.n.KeyIO           Load declarations of de.uka.ilkd.key.nparser.KeyAst$File:  file:/home/runner/work/key/key/key.core/build/resources/main/de/uka/ilkd/key/proof/rules/execRules.key:2#1 
287971     DEBUG Test worker     d.u.i.k.n.KeyIO           Load declarations of de.uka.ilkd.key.nparser.KeyAst$File:  file:/home/runner/work/key/key/key.core/build/resources/main/de/uka/ilkd/key/proof/rules/loopScopeRules.key:1#1 
287971     DEBUG Test worker     d.u.i.k.n.KeyIO           Load declarations of de.uka.ilkd.key.nparser.KeyAst$File:  file:/home/runner/work/key/key/key.core/build/resources/main/de/uka/ilkd/key/proof/rules/standardRules.key:1#1 
287971     INFO  Test worker     d.u.i.k.n.KeyIO           MODE: declarations took 12 ms 
287973     DEBUG Test worker     d.u.i.k.n.KeyIO           MODE: 2nd degree decls took 2 
288156     DEBUG Test worker     d.u.i.k.j.TypeConverter   No LDT found for JavaBigintExpression 
288520     DEBUG Test worker     d.u.i.k.j.TypeConverter   No LDT found for Meta 
288521     DEBUG Test worker     d.u.i.k.j.TypeConverter   No LDT found for Meta 
288521     DEBUG Test worker     d.u.i.k.j.TypeConverter   No LDT found for Meta 
288522     DEBUG Test worker     d.u.i.k.j.TypeConverter   No LDT found for Meta 
288561     DEBUG Test worker     d.u.i.k.n.KeyIO           MODE: taclets took 587ms 
]]></system-out>
  <system-err><![CDATA[]]></system-err>
</testsuite>
