<?xml version="1.0" encoding="UTF-8"?>
<testsuite name="de.uka.ilkd.key.parser.TestTacletParser" tests="20" skipped="0" failures="0" errors="0" timestamp="2023-06-08T14:47:23" hostname="fv-az795-885" time="0.113">
  <properties/>
  <testcase name="testAllRight()" classname="de.uka.ilkd.key.parser.TestTacletParser" time="0.011"/>
  <testcase name="testSchemaJava0()" classname="de.uka.ilkd.key.parser.TestTacletParser" time="0.004"/>
  <testcase name="testSchemaJava1()" classname="de.uka.ilkd.key.parser.TestTacletParser" time="0.01"/>
  <testcase name="testSchemaJava2()" classname="de.uka.ilkd.key.parser.TestTacletParser" time="0.007"/>
  <testcase name="testSchemaJava4()" classname="de.uka.ilkd.key.parser.TestTacletParser" time="0.005"/>
  <testcase name="testSchemaJava6()" classname="de.uka.ilkd.key.parser.TestTacletParser" time="0.005"/>
  <testcase name="testSchemaJava8()" classname="de.uka.ilkd.key.parser.TestTacletParser" time="0.004"/>
  <testcase name="testCut()" classname="de.uka.ilkd.key.parser.TestTacletParser" time="0.004"/>
  <testcase name="testMakeInsertEq()" classname="de.uka.ilkd.key.parser.TestTacletParser" time="0.004"/>
  <testcase name="testAllLeft()" classname="de.uka.ilkd.key.parser.TestTacletParser" time="0.004"/>
  <testcase name="testClose()" classname="de.uka.ilkd.key.parser.TestTacletParser" time="0.003"/>
  <testcase name="testSchemaJava10()" classname="de.uka.ilkd.key.parser.TestTacletParser" time="0.006"/>
  <testcase name="testSchemaJava11()" classname="de.uka.ilkd.key.parser.TestTacletParser" time="0.007"/>
  <testcase name="testFIdempotent()" classname="de.uka.ilkd.key.parser.TestTacletParser" time="0.005"/>
  <testcase name="testImpRight()" classname="de.uka.ilkd.key.parser.TestTacletParser" time="0.004"/>
  <testcase name="testVarcondNew()" classname="de.uka.ilkd.key.parser.TestTacletParser" time="0.006"/>
  <testcase name="testFreeReplacewithVariables()" classname="de.uka.ilkd.key.parser.TestTacletParser" time="0.005"/>
  <testcase name="testImpLeft()" classname="de.uka.ilkd.key.parser.TestTacletParser" time="0.004"/>
  <testcase name="testContraposition()" classname="de.uka.ilkd.key.parser.TestTacletParser" time="0.005"/>
  <testcase name="testExConjSplit()" classname="de.uka.ilkd.key.parser.TestTacletParser" time="0.005"/>
  <system-out><![CDATA[431226     INFO  Test worker     d.u.i.k.n.KeyIO           Parsing took 0 ms 
431226     DEBUG Test worker     d.u.i.k.n.KeyIO           Load declarations of de.uka.ilkd.key.nparser.KeyAst$File:  <unknown>:1#1 
431227     INFO  Test worker     d.u.i.k.n.KeyIO           MODE: declarations took 1 ms 
431227     DEBUG Test worker     d.u.i.k.n.KeyIO           MODE: 2nd degree decls took 0 
431228     DEBUG Test worker     d.u.i.k.n.KeyIO           MODE: taclets took 1ms 
431229     INFO  Test worker     d.u.i.k.n.KeyIO           Parsing took 1 ms 
431229     DEBUG Test worker     d.u.i.k.n.KeyIO           Load declarations of de.uka.ilkd.key.nparser.KeyAst$File:  <unknown>:2#1 
431229     INFO  Test worker     d.u.i.k.n.KeyIO           MODE: declarations took 0 ms 
431229     DEBUG Test worker     d.u.i.k.n.KeyIO           MODE: 2nd degree decls took 0 
431230     DEBUG Test worker     d.u.i.k.n.KeyIO           MODE: taclets took 0ms 
431231     INFO  Test worker     d.u.i.k.n.KeyIO           Parsing took 0 ms 
431232     DEBUG Test worker     d.u.i.k.n.KeyIO           Load declarations of de.uka.ilkd.key.nparser.KeyAst$File:  <unknown>:1#1 
431232     INFO  Test worker     d.u.i.k.n.KeyIO           MODE: declarations took 0 ms 
431232     DEBUG Test worker     d.u.i.k.n.KeyIO           MODE: 2nd degree decls took 0 
431233     DEBUG Test worker     d.u.i.k.n.KeyIO           MODE: taclets took 0ms 
431233     INFO  Test worker     d.u.i.k.n.KeyIO           Parsing took 0 ms 
431233     DEBUG Test worker     d.u.i.k.n.KeyIO           Load declarations of de.uka.ilkd.key.nparser.KeyAst$File:  <unknown>:2#1 
431233     INFO  Test worker     d.u.i.k.n.KeyIO           MODE: declarations took 0 ms 
431234     DEBUG Test worker     d.u.i.k.n.KeyIO           MODE: 2nd degree decls took 0 
431235     DEBUG Test worker     d.u.i.k.n.KeyIO           MODE: taclets took 1ms 
431236     INFO  Test worker     d.u.i.k.n.KeyIO           Parsing took 0 ms 
431236     DEBUG Test worker     d.u.i.k.n.KeyIO           Load declarations of de.uka.ilkd.key.nparser.KeyAst$File:  <unknown>:1#1 
431237     INFO  Test worker     d.u.i.k.n.KeyIO           MODE: declarations took 1 ms 
431237     DEBUG Test worker     d.u.i.k.n.KeyIO           MODE: 2nd degree decls took 0 
431237     DEBUG Test worker     d.u.i.k.n.KeyIO           MODE: taclets took 0ms 
431239     WARN  Test worker     d.u.i.k.n.KeYParser       [syntax-error] <unknown>:2:21: extraneous input '<' expecting {MODALITY, FORALL, EXISTS, '\if', '\ifEx', 'true', 'false', '(', ')', '{', '@', NOT, '-', STRING_LITERAL, CHAR_LITERAL, BIN_LITERAL, HEX_LITERAL, IDENT, INT_LITERAL, FLOAT_LITERAL, DOUBLE_LITERAL, REAL_LITERAL} [@12,22:22='<',<175>,2:21] (argument_list, call, accessterm, primitive_term, primitive_labeled_term, bracket_term, atom_prefix, strong_arith_term_2, strong_arith_term_1, weak_arith_term, comparison_term, equality_term, term60, conjunction_term, disjunction_term, implication_term, equivalence_term, elementary_update_term, parallel_term, term, taclet, rulesOrAxioms, decls, file) 
431242     WARN  Test worker     d.u.i.k.n.KeYParser       [syntax-error] <unknown>:2:23: no viable alternative at input '{..' [@14,24:25='..',<146>,2:23] (atom_prefix, strong_arith_term_2, strong_arith_term_1, weak_arith_term, comparison_term, equality_term, term60, conjunction_term, disjunction_term, implication_term, equivalence_term, elementary_update_term, parallel_term, term, argument_list, call, accessterm, primitive_term, primitive_labeled_term, bracket_term, atom_prefix, strong_arith_term_2, strong_arith_term_1, weak_arith_term, comparison_term, equality_term, term60, conjunction_term, disjunction_term, implication_term, equivalence_term, elementary_update_term, parallel_term, term, taclet, rulesOrAxioms, decls, file) 
431243     WARN  Test worker     d.u.i.k.n.KeYParser       [syntax-error] <unknown>:2:33: mismatched input ';' expecting {',', ')'} [@21,34:34=';',<140>,2:33] (argument_list, call, accessterm, primitive_term, primitive_labeled_term, bracket_term, atom_prefix, strong_arith_term_2, strong_arith_term_1, weak_arith_term, comparison_term, equality_term, term60, conjunction_term, disjunction_term, implication_term, equivalence_term, elementary_update_term, parallel_term, term, taclet, rulesOrAxioms, decls, file) 
431244     WARN  Test worker     d.u.i.k.n.KeYParser       [syntax-error] <unknown>:2:41: no viable alternative at input '#i;' [@26,42:42=';',<140>,2:41] (option_list, taclet, rulesOrAxioms, decls, file) 
431244     WARN  Test worker     d.u.i.k.n.KeYParser       [syntax-error] <unknown>:2:43: mismatched input '<' expecting {'(', '{'} [@28,44:44='<',<175>,2:43] (taclet, rulesOrAxioms, decls, file) 
431245     WARN  Test worker     d.u.i.k.n.KeYParser       [syntax-error] <unknown>:2:47: mismatched input '+' expecting {'(', '{'} [@32,48:48='+',<169>,2:47] (taclet, rulesOrAxioms, decls, file) 
431245     WARN  Test worker     d.u.i.k.n.KeYParser       [syntax-error] <unknown>:2:52: extraneous input '..' expecting {'\lemma', '}', IDENT, '/*!'} [@37,53:54='..',<146>,2:52] (rulesOrAxioms, decls, file) 
431245     WARN  Test worker     d.u.i.k.n.KeYParser       [syntax-error] <unknown>:2:56: mismatched input '>' expecting {<EOF>, '\problem', '\chooseContract', '\proofObligation', '\proof'} [@40,57:57='>',<170>,2:56] (file) 
431247     INFO  Test worker     d.u.i.k.n.KeyIO           Parsing took 0 ms 
431248     DEBUG Test worker     d.u.i.k.n.KeyIO           Load declarations of de.uka.ilkd.key.nparser.KeyAst$File:  <unknown>:1#1 
431248     INFO  Test worker     d.u.i.k.n.KeyIO           MODE: declarations took 0 ms 
431248     DEBUG Test worker     d.u.i.k.n.KeyIO           MODE: 2nd degree decls took 0 
431249     DEBUG Test worker     d.u.i.k.n.KeyIO           MODE: taclets took 0ms 
431249     WARN  Test worker     d.u.i.k.n.KeYParser       [syntax-error] <unknown>:2:21: extraneous input '<' expecting {MODALITY, FORALL, EXISTS, '\if', '\ifEx', 'true', 'false', '(', ')', '{', '@', NOT, '-', STRING_LITERAL, CHAR_LITERAL, BIN_LITERAL, HEX_LITERAL, IDENT, INT_LITERAL, FLOAT_LITERAL, DOUBLE_LITERAL, REAL_LITERAL} [@12,22:22='<',<175>,2:21] (argument_list, call, accessterm, primitive_term, primitive_labeled_term, bracket_term, atom_prefix, strong_arith_term_2, strong_arith_term_1, weak_arith_term, comparison_term, equality_term, term60, conjunction_term, disjunction_term, implication_term, equivalence_term, elementary_update_term, parallel_term, term, taclet, rulesOrAxioms, decls, file) 
431250     WARN  Test worker     d.u.i.k.n.KeYParser       [syntax-error] <unknown>:2:23: no viable alternative at input '{..' [@14,24:25='..',<146>,2:23] (atom_prefix, strong_arith_term_2, strong_arith_term_1, weak_arith_term, comparison_term, equality_term, term60, conjunction_term, disjunction_term, implication_term, equivalence_term, elementary_update_term, parallel_term, term, argument_list, call, accessterm, primitive_term, primitive_labeled_term, bracket_term, atom_prefix, strong_arith_term_2, strong_arith_term_1, weak_arith_term, comparison_term, equality_term, term60, conjunction_term, disjunction_term, implication_term, equivalence_term, elementary_update_term, parallel_term, term, taclet, rulesOrAxioms, decls, file) 
431250     WARN  Test worker     d.u.i.k.n.KeYParser       [syntax-error] <unknown>:2:33: mismatched input ';' expecting {',', ')'} [@21,34:34=';',<140>,2:33] (argument_list, call, accessterm, primitive_term, primitive_labeled_term, bracket_term, atom_prefix, strong_arith_term_2, strong_arith_term_1, weak_arith_term, comparison_term, equality_term, term60, conjunction_term, disjunction_term, implication_term, equivalence_term, elementary_update_term, parallel_term, term, taclet, rulesOrAxioms, decls, file) 
431251     WARN  Test worker     d.u.i.k.n.KeYParser       [syntax-error] <unknown>:2:43: no viable alternative at input '#lab;' [@26,44:44=';',<140>,2:43] (option_list, taclet, rulesOrAxioms, decls, file) 
431252     WARN  Test worker     d.u.i.k.n.KeYParser       [syntax-error] <unknown>:2:45: mismatched input '<' expecting {'(', '{'} [@28,46:46='<',<175>,2:45] (taclet, rulesOrAxioms, decls, file) 
431252     WARN  Test worker     d.u.i.k.n.KeYParser       [syntax-error] <unknown>:2:50: mismatched input '+' expecting {'(', '{'} [@32,51:51='+',<169>,2:50] (taclet, rulesOrAxioms, decls, file) 
431253     WARN  Test worker     d.u.i.k.n.KeYParser       [syntax-error] <unknown>:2:56: extraneous input '..' expecting {'\lemma', '}', IDENT, '/*!'} [@38,57:58='..',<146>,2:56] (rulesOrAxioms, decls, file) 
431253     WARN  Test worker     d.u.i.k.n.KeYParser       [syntax-error] <unknown>:2:60: mismatched input '>' expecting {<EOF>, '\problem', '\chooseContract', '\proofObligation', '\proof'} [@41,61:61='>',<170>,2:60] (file) 
431255     INFO  Test worker     d.u.i.k.n.KeyIO           Parsing took 1 ms 
431255     DEBUG Test worker     d.u.i.k.n.KeyIO           Load declarations of de.uka.ilkd.key.nparser.KeyAst$File:  <unknown>:1#1 
431255     INFO  Test worker     d.u.i.k.n.KeyIO           MODE: declarations took 0 ms 
431255     DEBUG Test worker     d.u.i.k.n.KeyIO           MODE: 2nd degree decls took 0 
431256     DEBUG Test worker     d.u.i.k.n.KeyIO           MODE: taclets took 0ms 
431257     INFO  Test worker     d.u.i.k.n.KeyIO           Parsing took 1 ms 
431257     DEBUG Test worker     d.u.i.k.n.KeyIO           Load declarations of de.uka.ilkd.key.nparser.KeyAst$File:  <unknown>:2#1 
431257     INFO  Test worker     d.u.i.k.n.KeyIO           MODE: declarations took 0 ms 
431257     DEBUG Test worker     d.u.i.k.n.KeyIO           MODE: 2nd degree decls took 0 
431258     DEBUG Test worker     d.u.i.k.n.KeyIO           MODE: taclets took 1ms 
431260     INFO  Test worker     d.u.i.k.n.KeyIO           Parsing took 1 ms 
431260     DEBUG Test worker     d.u.i.k.n.KeyIO           Load declarations of de.uka.ilkd.key.nparser.KeyAst$File:  <unknown>:1#1 
431260     INFO  Test worker     d.u.i.k.n.KeyIO           MODE: declarations took 0 ms 
431261     DEBUG Test worker     d.u.i.k.n.KeyIO           MODE: 2nd degree decls took 1 
431261     DEBUG Test worker     d.u.i.k.n.KeyIO           MODE: taclets took 0ms 
431262     INFO  Test worker     d.u.i.k.n.KeyIO           Parsing took 1 ms 
431262     DEBUG Test worker     d.u.i.k.n.KeyIO           Load declarations of de.uka.ilkd.key.nparser.KeyAst$File:  <unknown>:2#1 
431262     INFO  Test worker     d.u.i.k.n.KeyIO           MODE: declarations took 0 ms 
431262     DEBUG Test worker     d.u.i.k.n.KeyIO           MODE: 2nd degree decls took 0 
431264     DEBUG Test worker     d.u.i.k.n.KeyIO           MODE: taclets took 2ms 
431265     INFO  Test worker     d.u.i.k.n.KeyIO           Parsing took 0 ms 
431265     DEBUG Test worker     d.u.i.k.n.KeyIO           Load declarations of de.uka.ilkd.key.nparser.KeyAst$File:  <unknown>:1#1 
431265     INFO  Test worker     d.u.i.k.n.KeyIO           MODE: declarations took 0 ms 
431266     DEBUG Test worker     d.u.i.k.n.KeyIO           MODE: 2nd degree decls took 0 
431266     DEBUG Test worker     d.u.i.k.n.KeyIO           MODE: taclets took 0ms 
431267     INFO  Test worker     d.u.i.k.n.KeyIO           Parsing took 1 ms 
431267     DEBUG Test worker     d.u.i.k.n.KeyIO           Load declarations of de.uka.ilkd.key.nparser.KeyAst$File:  <unknown>:2#1 
431267     INFO  Test worker     d.u.i.k.n.KeyIO           MODE: declarations took 0 ms 
431267     DEBUG Test worker     d.u.i.k.n.KeyIO           MODE: 2nd degree decls took 0 
431268     DEBUG Test worker     d.u.i.k.n.KeyIO           MODE: taclets took 1ms 
431269     INFO  Test worker     d.u.i.k.n.KeyIO           Parsing took 0 ms 
431269     DEBUG Test worker     d.u.i.k.n.KeyIO           Load declarations of de.uka.ilkd.key.nparser.KeyAst$File:  <unknown>:1#1 
431269     INFO  Test worker     d.u.i.k.n.KeyIO           MODE: declarations took 0 ms 
431270     DEBUG Test worker     d.u.i.k.n.KeyIO           MODE: 2nd degree decls took 0 
431270     DEBUG Test worker     d.u.i.k.n.KeyIO           MODE: taclets took 0ms 
431271     INFO  Test worker     d.u.i.k.n.KeyIO           Parsing took 0 ms 
431271     DEBUG Test worker     d.u.i.k.n.KeyIO           Load declarations of de.uka.ilkd.key.nparser.KeyAst$File:  <unknown>:2#1 
431271     INFO  Test worker     d.u.i.k.n.KeyIO           MODE: declarations took 0 ms 
431271     DEBUG Test worker     d.u.i.k.n.KeyIO           MODE: 2nd degree decls took 0 
431272     DEBUG Test worker     d.u.i.k.n.KeyIO           MODE: taclets took 0ms 
431273     INFO  Test worker     d.u.i.k.n.KeyIO           Parsing took 0 ms 
431273     DEBUG Test worker     d.u.i.k.n.KeyIO           Load declarations of de.uka.ilkd.key.nparser.KeyAst$File:  <unknown>:1#1 
431273     INFO  Test worker     d.u.i.k.n.KeyIO           MODE: declarations took 0 ms 
431274     DEBUG Test worker     d.u.i.k.n.KeyIO           MODE: 2nd degree decls took 0 
431274     DEBUG Test worker     d.u.i.k.n.KeyIO           MODE: taclets took 0ms 
431275     INFO  Test worker     d.u.i.k.n.KeyIO           Parsing took 0 ms 
431275     DEBUG Test worker     d.u.i.k.n.KeyIO           Load declarations of de.uka.ilkd.key.nparser.KeyAst$File:  <unknown>:2#1 
431275     INFO  Test worker     d.u.i.k.n.KeyIO           MODE: declarations took 0 ms 
431275     DEBUG Test worker     d.u.i.k.n.KeyIO           MODE: 2nd degree decls took 0 
431276     DEBUG Test worker     d.u.i.k.n.KeyIO           MODE: taclets took 0ms 
431277     INFO  Test worker     d.u.i.k.n.KeyIO           Parsing took 0 ms 
431277     DEBUG Test worker     d.u.i.k.n.KeyIO           Load declarations of de.uka.ilkd.key.nparser.KeyAst$File:  <unknown>:1#1 
431278     INFO  Test worker     d.u.i.k.n.KeyIO           MODE: declarations took 1 ms 
431278     DEBUG Test worker     d.u.i.k.n.KeyIO           MODE: 2nd degree decls took 0 
431278     DEBUG Test worker     d.u.i.k.n.KeyIO           MODE: taclets took 0ms 
431279     INFO  Test worker     d.u.i.k.n.KeyIO           Parsing took 0 ms 
431279     DEBUG Test worker     d.u.i.k.n.KeyIO           Load declarations of de.uka.ilkd.key.nparser.KeyAst$File:  <unknown>:2#1 
431279     INFO  Test worker     d.u.i.k.n.KeyIO           MODE: declarations took 0 ms 
431280     DEBUG Test worker     d.u.i.k.n.KeyIO           MODE: 2nd degree decls took 0 
431280     DEBUG Test worker     d.u.i.k.n.KeyIO           MODE: taclets took 0ms 
431281     INFO  Test worker     d.u.i.k.n.KeyIO           Parsing took 0 ms 
431282     DEBUG Test worker     d.u.i.k.n.KeyIO           Load declarations of de.uka.ilkd.key.nparser.KeyAst$File:  <unknown>:1#1 
431282     INFO  Test worker     d.u.i.k.n.KeyIO           MODE: declarations took 0 ms 
431282     DEBUG Test worker     d.u.i.k.n.KeyIO           MODE: 2nd degree decls took 0 
431282     DEBUG Test worker     d.u.i.k.n.KeyIO           MODE: taclets took 0ms 
431283     INFO  Test worker     d.u.i.k.n.KeyIO           Parsing took 0 ms 
431283     DEBUG Test worker     d.u.i.k.n.KeyIO           Load declarations of de.uka.ilkd.key.nparser.KeyAst$File:  <unknown>:2#1 
431283     INFO  Test worker     d.u.i.k.n.KeyIO           MODE: declarations took 0 ms 
431283     DEBUG Test worker     d.u.i.k.n.KeyIO           MODE: 2nd degree decls took 0 
431284     DEBUG Test worker     d.u.i.k.n.KeyIO           MODE: taclets took 0ms 
431285     INFO  Test worker     d.u.i.k.n.KeyIO           Parsing took 0 ms 
431285     DEBUG Test worker     d.u.i.k.n.KeyIO           Load declarations of de.uka.ilkd.key.nparser.KeyAst$File:  <unknown>:1#1 
431285     INFO  Test worker     d.u.i.k.n.KeyIO           MODE: declarations took 0 ms 
431286     DEBUG Test worker     d.u.i.k.n.KeyIO           MODE: 2nd degree decls took 0 
431286     DEBUG Test worker     d.u.i.k.n.KeyIO           MODE: taclets took 0ms 
431287     INFO  Test worker     d.u.i.k.n.KeyIO           Parsing took 1 ms 
431287     DEBUG Test worker     d.u.i.k.n.KeyIO           Load declarations of de.uka.ilkd.key.nparser.KeyAst$File:  <unknown>:2#1 
431287     INFO  Test worker     d.u.i.k.n.KeyIO           MODE: declarations took 0 ms 
431287     DEBUG Test worker     d.u.i.k.n.KeyIO           MODE: 2nd degree decls took 0 
431288     DEBUG Test worker     d.u.i.k.n.KeyIO           MODE: taclets took 1ms 
431291     INFO  Test worker     d.u.i.k.n.KeyIO           Parsing took 0 ms 
431291     DEBUG Test worker     d.u.i.k.n.KeyIO           Load declarations of de.uka.ilkd.key.nparser.KeyAst$File:  <unknown>:1#1 
431291     INFO  Test worker     d.u.i.k.n.KeyIO           MODE: declarations took 0 ms 
431292     DEBUG Test worker     d.u.i.k.n.KeyIO           MODE: 2nd degree decls took 0 
431292     DEBUG Test worker     d.u.i.k.n.KeyIO           MODE: taclets took 0ms 
431293     INFO  Test worker     d.u.i.k.n.KeyIO           Parsing took 1 ms 
431293     DEBUG Test worker     d.u.i.k.n.KeyIO           Load declarations of de.uka.ilkd.key.nparser.KeyAst$File:  <unknown>:2#1 
431294     INFO  Test worker     d.u.i.k.n.KeyIO           MODE: declarations took 1 ms 
431294     DEBUG Test worker     d.u.i.k.n.KeyIO           MODE: 2nd degree decls took 0 
431296     DEBUG Test worker     d.u.i.k.n.KeyIO           MODE: taclets took 2ms 
431298     INFO  Test worker     d.u.i.k.n.KeyIO           Parsing took 1 ms 
431299     DEBUG Test worker     d.u.i.k.n.KeyIO           Load declarations of de.uka.ilkd.key.nparser.KeyAst$File:  <unknown>:1#1 
431299     INFO  Test worker     d.u.i.k.n.KeyIO           MODE: declarations took 0 ms 
431299     DEBUG Test worker     d.u.i.k.n.KeyIO           MODE: 2nd degree decls took 0 
431300     DEBUG Test worker     d.u.i.k.n.KeyIO           MODE: taclets took 1ms 
431300     INFO  Test worker     d.u.i.k.n.KeyIO           Parsing took 0 ms 
431300     DEBUG Test worker     d.u.i.k.n.KeyIO           Load declarations of de.uka.ilkd.key.nparser.KeyAst$File:  <unknown>:2#1 
431301     INFO  Test worker     d.u.i.k.n.KeyIO           MODE: declarations took 1 ms 
431301     DEBUG Test worker     d.u.i.k.n.KeyIO           MODE: 2nd degree decls took 0 
431302     DEBUG Test worker     d.u.i.k.n.KeyIO           MODE: taclets took 1ms 
431303     INFO  Test worker     d.u.i.k.n.KeyIO           Parsing took 0 ms 
431303     DEBUG Test worker     d.u.i.k.n.KeyIO           Load declarations of de.uka.ilkd.key.nparser.KeyAst$File:  <unknown>:1#1 
431303     INFO  Test worker     d.u.i.k.n.KeyIO           MODE: declarations took 0 ms 
431303     DEBUG Test worker     d.u.i.k.n.KeyIO           MODE: 2nd degree decls took 0 
431304     DEBUG Test worker     d.u.i.k.n.KeyIO           MODE: taclets took 0ms 
431304     INFO  Test worker     d.u.i.k.n.KeyIO           Parsing took 0 ms 
431305     DEBUG Test worker     d.u.i.k.n.KeyIO           Load declarations of de.uka.ilkd.key.nparser.KeyAst$File:  <unknown>:2#1 
431305     INFO  Test worker     d.u.i.k.n.KeyIO           MODE: declarations took 0 ms 
431305     DEBUG Test worker     d.u.i.k.n.KeyIO           MODE: 2nd degree decls took 0 
431305     DEBUG Test worker     d.u.i.k.n.KeyIO           MODE: taclets took 0ms 
431308     INFO  Test worker     d.u.i.k.n.KeyIO           Parsing took 0 ms 
431308     DEBUG Test worker     d.u.i.k.n.KeyIO           Load declarations of de.uka.ilkd.key.nparser.KeyAst$File:  <unknown>:1#1 
431308     INFO  Test worker     d.u.i.k.n.KeyIO           MODE: declarations took 0 ms 
431309     DEBUG Test worker     d.u.i.k.n.KeyIO           MODE: 2nd degree decls took 1 
431310     DEBUG Test worker     d.u.i.k.n.KeyIO           MODE: taclets took 1ms 
431310     INFO  Test worker     d.u.i.k.n.KeyIO           Parsing took 0 ms 
431310     DEBUG Test worker     d.u.i.k.n.KeyIO           Load declarations of de.uka.ilkd.key.nparser.KeyAst$File:  <unknown>:2#1 
431311     INFO  Test worker     d.u.i.k.n.KeyIO           MODE: declarations took 1 ms 
431311     DEBUG Test worker     d.u.i.k.n.KeyIO           MODE: 2nd degree decls took 0 
431311     DEBUG Test worker     d.u.i.k.n.KeyIO           MODE: taclets took 0ms 
431312     INFO  Test worker     d.u.i.k.n.KeyIO           Parsing took 1 ms 
431312     DEBUG Test worker     d.u.i.k.n.KeyIO           Load declarations of de.uka.ilkd.key.nparser.KeyAst$File:  <unknown>:2#1 
431312     INFO  Test worker     d.u.i.k.n.KeyIO           MODE: declarations took 0 ms 
431312     DEBUG Test worker     d.u.i.k.n.KeyIO           MODE: 2nd degree decls took 0 
431313     DEBUG Test worker     d.u.i.k.n.KeyIO           MODE: taclets took 0ms 
431314     INFO  Test worker     d.u.i.k.n.KeyIO           Parsing took 0 ms 
431314     DEBUG Test worker     d.u.i.k.n.KeyIO           Load declarations of de.uka.ilkd.key.nparser.KeyAst$File:  <unknown>:1#1 
431314     INFO  Test worker     d.u.i.k.n.KeyIO           MODE: declarations took 0 ms 
431314     DEBUG Test worker     d.u.i.k.n.KeyIO           MODE: 2nd degree decls took 0 
431315     DEBUG Test worker     d.u.i.k.n.KeyIO           MODE: taclets took 0ms 
431315     INFO  Test worker     d.u.i.k.n.KeyIO           Parsing took 0 ms 
431316     DEBUG Test worker     d.u.i.k.n.KeyIO           Load declarations of de.uka.ilkd.key.nparser.KeyAst$File:  <unknown>:2#1 
431316     INFO  Test worker     d.u.i.k.n.KeyIO           MODE: declarations took 0 ms 
431316     DEBUG Test worker     d.u.i.k.n.KeyIO           MODE: 2nd degree decls took 0 
431319     INFO  Test worker     d.u.i.k.n.KeyIO           Parsing took 0 ms 
431319     DEBUG Test worker     d.u.i.k.n.KeyIO           Load declarations of de.uka.ilkd.key.nparser.KeyAst$File:  <unknown>:1#1 
431320     INFO  Test worker     d.u.i.k.n.KeyIO           MODE: declarations took 1 ms 
431320     DEBUG Test worker     d.u.i.k.n.KeyIO           MODE: 2nd degree decls took 0 
431320     DEBUG Test worker     d.u.i.k.n.KeyIO           MODE: taclets took 0ms 
431321     INFO  Test worker     d.u.i.k.n.KeyIO           Parsing took 0 ms 
431321     DEBUG Test worker     d.u.i.k.n.KeyIO           Load declarations of de.uka.ilkd.key.nparser.KeyAst$File:  <unknown>:2#1 
431321     INFO  Test worker     d.u.i.k.n.KeyIO           MODE: declarations took 0 ms 
431321     DEBUG Test worker     d.u.i.k.n.KeyIO           MODE: 2nd degree decls took 0 
431322     DEBUG Test worker     d.u.i.k.n.KeyIO           MODE: taclets took 0ms 
431323     INFO  Test worker     d.u.i.k.n.KeyIO           Parsing took 0 ms 
431324     DEBUG Test worker     d.u.i.k.n.KeyIO           Load declarations of de.uka.ilkd.key.nparser.KeyAst$File:  <unknown>:1#1 
431324     INFO  Test worker     d.u.i.k.n.KeyIO           MODE: declarations took 0 ms 
431324     DEBUG Test worker     d.u.i.k.n.KeyIO           MODE: 2nd degree decls took 0 
431325     DEBUG Test worker     d.u.i.k.n.KeyIO           MODE: taclets took 1ms 
431326     INFO  Test worker     d.u.i.k.n.KeyIO           Parsing took 1 ms 
431326     DEBUG Test worker     d.u.i.k.n.KeyIO           Load declarations of de.uka.ilkd.key.nparser.KeyAst$File:  <unknown>:2#1 
431326     INFO  Test worker     d.u.i.k.n.KeyIO           MODE: declarations took 0 ms 
431326     DEBUG Test worker     d.u.i.k.n.KeyIO           MODE: 2nd degree decls took 0 
431327     DEBUG Test worker     d.u.i.k.n.KeyIO           MODE: taclets took 1ms 
431328     INFO  Test worker     d.u.i.k.n.KeyIO           Parsing took 1 ms 
431328     DEBUG Test worker     d.u.i.k.n.KeyIO           Load declarations of de.uka.ilkd.key.nparser.KeyAst$File:  <unknown>:1#1 
431328     INFO  Test worker     d.u.i.k.n.KeyIO           MODE: declarations took 0 ms 
431328     DEBUG Test worker     d.u.i.k.n.KeyIO           MODE: 2nd degree decls took 0 
431329     DEBUG Test worker     d.u.i.k.n.KeyIO           MODE: taclets took 0ms 
431330     INFO  Test worker     d.u.i.k.n.KeyIO           Parsing took 0 ms 
431331     DEBUG Test worker     d.u.i.k.n.KeyIO           Load declarations of de.uka.ilkd.key.nparser.KeyAst$File:  <unknown>:2#1 
431331     INFO  Test worker     d.u.i.k.n.KeyIO           MODE: declarations took 0 ms 
431331     DEBUG Test worker     d.u.i.k.n.KeyIO           MODE: 2nd degree decls took 0 
431331     DEBUG Test worker     d.u.i.k.n.KeyIO           MODE: taclets took 0ms 
]]></system-out>
  <system-err><![CDATA[]]></system-err>
</testsuite>
