<?xml version="1.0" encoding="UTF-8"?>
<testsuite name="de.uka.ilkd.key.parser.TestDeclParser" tests="14" skipped="2" failures="0" errors="0" timestamp="2023-06-08T14:45:11" hostname="fv-az795-885" time="16.161">
  <properties/>
  <testcase name="testGenericSortDecl1()" classname="de.uka.ilkd.key.parser.TestDeclParser" time="1.432"/>
  <testcase name="testGenericSortDecl2()" classname="de.uka.ilkd.key.parser.TestDeclParser" time="1.408"/>
  <testcase name="testGenericSortDecl3()" classname="de.uka.ilkd.key.parser.TestDeclParser" time="1.329"/>
  <testcase name="testGenericSortDecl4()" classname="de.uka.ilkd.key.parser.TestDeclParser" time="1.277"/>
  <testcase name="testGenericSortDecl5()" classname="de.uka.ilkd.key.parser.TestDeclParser" time="0.0">
    <skipped/>
  </testcase>
  <testcase name="testGenericSortDecl6()" classname="de.uka.ilkd.key.parser.TestDeclParser" time="1.328"/>
  <testcase name="testSortDecl()" classname="de.uka.ilkd.key.parser.TestDeclParser" time="1.314"/>
  <testcase name="testProxySortDecl()" classname="de.uka.ilkd.key.parser.TestDeclParser" time="1.319"/>
  <testcase name="testArrayDecl()" classname="de.uka.ilkd.key.parser.TestDeclParser" time="1.45"/>
  <testcase name="testAmbiguousDecls()" classname="de.uka.ilkd.key.parser.TestDeclParser" time="0.001">
    <skipped/>
  </testcase>
  <testcase name="testHeurDecl()" classname="de.uka.ilkd.key.parser.TestDeclParser" time="1.358"/>
  <testcase name="testFunctionDecl()" classname="de.uka.ilkd.key.parser.TestDeclParser" time="1.277"/>
  <testcase name="testPredicateDecl()" classname="de.uka.ilkd.key.parser.TestDeclParser" time="1.327"/>
  <testcase name="testSVDecl()" classname="de.uka.ilkd.key.parser.TestDeclParser" time="1.336"/>
  <system-out><![CDATA[300784     INFO  Test worker     d.u.i.k.n.KeyIO           Parsing took 1 ms 
300784     DEBUG Test worker     d.u.i.k.n.KeyIO           Load declarations of de.uka.ilkd.key.nparser.KeyAst$File:  <unknown>:1#1 
300784     INFO  Test worker     d.u.i.k.n.KeyIO           MODE: declarations took 0 ms 
300784     DEBUG Test worker     d.u.i.k.n.KeyIO           MODE: 2nd degree decls took 0 
300784     DEBUG Test worker     d.u.i.k.n.KeyIO           MODE: taclets took 0ms 
302194     INFO  Test worker     d.u.i.k.n.KeyIO           Parsing took 0 ms 
302194     DEBUG Test worker     d.u.i.k.n.KeyIO           Load declarations of de.uka.ilkd.key.nparser.KeyAst$File:  <unknown>:1#1 
302194     INFO  Test worker     d.u.i.k.n.KeyIO           MODE: declarations took 0 ms 
302194     DEBUG Test worker     d.u.i.k.n.KeyIO           MODE: 2nd degree decls took 0 
302194     DEBUG Test worker     d.u.i.k.n.KeyIO           MODE: taclets took 0ms 
303524     INFO  Test worker     d.u.i.k.n.KeyIO           Parsing took 1 ms 
303524     DEBUG Test worker     d.u.i.k.n.KeyIO           Load declarations of de.uka.ilkd.key.nparser.KeyAst$File:  <unknown>:1#1 
303524     INFO  Test worker     d.u.i.k.n.KeyIO           MODE: declarations took 0 ms 
303524     DEBUG Test worker     d.u.i.k.n.KeyIO           MODE: 2nd degree decls took 0 
303524     DEBUG Test worker     d.u.i.k.n.KeyIO           MODE: taclets took 0ms 
304799     INFO  Test worker     d.u.i.k.n.KeyIO           Parsing took 0 ms 
304799     DEBUG Test worker     d.u.i.k.n.KeyIO           Load declarations of de.uka.ilkd.key.nparser.KeyAst$File:  <unknown>:1#1 
304800     INFO  Test worker     d.u.i.k.n.KeyIO           MODE: declarations took 1 ms 
304800     DEBUG Test worker     d.u.i.k.n.KeyIO           MODE: 2nd degree decls took 0 
304800     DEBUG Test worker     d.u.i.k.n.KeyIO           MODE: taclets took 0ms 
306128     INFO  Test worker     d.u.i.k.n.KeyIO           Parsing took 0 ms 
306128     DEBUG Test worker     d.u.i.k.n.KeyIO           Load declarations of de.uka.ilkd.key.nparser.KeyAst$File:  <unknown>:1#1 
306129     INFO  Test worker     d.u.i.k.n.KeyIO           MODE: declarations took 1 ms 
306129     DEBUG Test worker     d.u.i.k.n.KeyIO           MODE: 2nd degree decls took 0 
306129     DEBUG Test worker     d.u.i.k.n.KeyIO           MODE: taclets took 0ms 
307443     INFO  Test worker     d.u.i.k.n.KeyIO           Parsing took 0 ms 
307443     DEBUG Test worker     d.u.i.k.n.KeyIO           Load declarations of de.uka.ilkd.key.nparser.KeyAst$File:  <unknown>:1#1 
307443     INFO  Test worker     d.u.i.k.n.KeyIO           MODE: declarations took 0 ms 
307443     DEBUG Test worker     d.u.i.k.n.KeyIO           MODE: 2nd degree decls took 0 
307443     DEBUG Test worker     d.u.i.k.n.KeyIO           MODE: taclets took 0ms 
308762     INFO  Test worker     d.u.i.k.n.KeyIO           Parsing took 0 ms 
308762     DEBUG Test worker     d.u.i.k.n.KeyIO           Load declarations of de.uka.ilkd.key.nparser.KeyAst$File:  <unknown>:1#1 
308762     INFO  Test worker     d.u.i.k.n.KeyIO           MODE: declarations took 0 ms 
308763     DEBUG Test worker     d.u.i.k.n.KeyIO           MODE: 2nd degree decls took 0 
308763     DEBUG Test worker     d.u.i.k.n.KeyIO           MODE: taclets took 0ms 
310212     INFO  Test worker     d.u.i.k.n.KeyIO           Parsing took 0 ms 
310212     DEBUG Test worker     d.u.i.k.n.KeyIO           Load declarations of de.uka.ilkd.key.nparser.KeyAst$File:  <unknown>:1#1 
310212     INFO  Test worker     d.u.i.k.n.KeyIO           MODE: declarations took 0 ms 
310213     DEBUG Test worker     d.u.i.k.n.KeyIO           MODE: 2nd degree decls took 1 
310213     DEBUG Test worker     d.u.i.k.n.KeyIO           MODE: taclets took 0ms 
311571     INFO  Test worker     d.u.i.k.n.KeyIO           Parsing took 0 ms 
311572     DEBUG Test worker     d.u.i.k.n.KeyIO           Load declarations of de.uka.ilkd.key.nparser.KeyAst$File:  <unknown>:1#1 
311572     INFO  Test worker     d.u.i.k.n.KeyIO           MODE: declarations took 0 ms 
311573     DEBUG Test worker     d.u.i.k.n.KeyIO           MODE: 2nd degree decls took 0 
311573     DEBUG Test worker     d.u.i.k.n.KeyIO           MODE: taclets took 0ms 
312848     INFO  Test worker     d.u.i.k.n.KeyIO           Parsing took 1 ms 
312848     DEBUG Test worker     d.u.i.k.n.KeyIO           Load declarations of de.uka.ilkd.key.nparser.KeyAst$File:  <unknown>:1#1 
312848     INFO  Test worker     d.u.i.k.n.KeyIO           MODE: declarations took 0 ms 
312849     DEBUG Test worker     d.u.i.k.n.KeyIO           MODE: 2nd degree decls took 0 
312850     DEBUG Test worker     d.u.i.k.n.KeyIO           MODE: taclets took 0ms 
314178     INFO  Test worker     d.u.i.k.n.KeyIO           Parsing took 1 ms 
314178     DEBUG Test worker     d.u.i.k.n.KeyIO           Load declarations of de.uka.ilkd.key.nparser.KeyAst$File:  <unknown>:1#1 
314178     INFO  Test worker     d.u.i.k.n.KeyIO           MODE: declarations took 0 ms 
314178     DEBUG Test worker     d.u.i.k.n.KeyIO           MODE: 2nd degree decls took 0 
314178     DEBUG Test worker     d.u.i.k.n.KeyIO           MODE: taclets took 0ms 
315514     INFO  Test worker     d.u.i.k.n.KeyIO           Parsing took 0 ms 
315514     DEBUG Test worker     d.u.i.k.n.KeyIO           Load declarations of de.uka.ilkd.key.nparser.KeyAst$File:  <unknown>:1#1 
315514     INFO  Test worker     d.u.i.k.n.KeyIO           MODE: declarations took 0 ms 
315514     DEBUG Test worker     d.u.i.k.n.KeyIO           MODE: 2nd degree decls took 0 
315514     DEBUG Test worker     d.u.i.k.n.KeyIO           MODE: taclets took 0ms 
]]></system-out>
  <system-err><![CDATA[]]></system-err>
</testsuite>
