<?xml version="1.0" encoding="UTF-8"?>
<testsuite name="de.uka.ilkd.key.proof.TestTermTacletAppIndex" tests="2" skipped="0" failures="0" errors="0" timestamp="2023-06-08T14:50:31" hostname="fv-az795-885" time="0.012">
  <properties/>
  <testcase name="testIndex0()" classname="de.uka.ilkd.key.proof.TestTermTacletAppIndex" time="0.007"/>
  <testcase name="testIndex0WithCache()" classname="de.uka.ilkd.key.proof.TestTermTacletAppIndex" time="0.004"/>
  <system-out><![CDATA[]]></system-out>
  <system-err><![CDATA[]]></system-err>
</testsuite>
