<?xml version="1.0" encoding="UTF-8"?>
<testsuite name="de.uka.ilkd.key.smt.newsmt2.ProveSMTLemmasTest" tests="25" skipped="0" failures="0" errors="0" timestamp="2023-06-08T14:56:28" hostname="fv-az795-885" time="109.806">
  <properties/>
  <testcase name="[1] seqSub.dl, &#10;    \forall Seq seq;&#10;    \forall int from;&#10;    \forall int to;&#10;    \forall int idx;&#10;        any::seqGet(seqSub(seq, from, to)&lt;&lt;Trigger&gt;&gt;, idx)&#10;      = \if(0 &lt;= idx &amp; idx &lt; (to - from))&#10;        \then(any::seqGet(seq, idx + from))&#10;        \else(seqGetOutside)&#10;" classname="de.uka.ilkd.key.smt.newsmt2.ProveSMTLemmasTest" time="4.307"/>
  <testcase name="[2] jmod.dl, &#10;\forall int divNum; \forall int divDenom;&#10;  jmod(divNum,divDenom) =&#10;    divNum + jdiv(divNum,divDenom)*(-1)*divDenom&#10;" classname="de.uka.ilkd.key.smt.newsmt2.ProveSMTLemmasTest" time="4.367"/>
  <testcase name="[3] seqGetOutside.dl, &#10;    \forall int i; \forall Seq s; ( i &lt; 0 | i &gt;= seqLen(s) -&gt; any::seqGet(s, i)&lt;&lt;Trigger&gt;&gt; = seqGetOutside )&#10;" classname="de.uka.ilkd.key.smt.newsmt2.ProveSMTLemmasTest" time="4.417"/>
  <testcase name="[4] singleton.dl, &#10;  \forall Object o; \forall Field f; \forall Object o2; \forall Field f2;&#10;    ( elementOf(o,f, singleton(o2,f2))&lt;&lt;Trigger&gt;&gt; &lt;-&gt;&#10;      o = o2 &amp; f = f2 )&#10;" classname="de.uka.ilkd.key.smt.newsmt2.ProveSMTLemmasTest" time="4.312"/>
  <testcase name="[5] allFields.dl, &#10;  \forall Object o; \forall Field f; \forall Object o2;&#10;    ( elementOf(o,f, allFields(o2))&lt;&lt;Trigger&gt;&gt; &lt;-&gt;&#10;       o = o2 )&#10;" classname="de.uka.ilkd.key.smt.newsmt2.ProveSMTLemmasTest" time="4.283"/>
  <testcase name="[6] create.dl, &#10;  \forall Heap h; \forall Object o; \forall Object o2; \forall Field f;&#10;      any::select(create(h, o), o2, f)&lt;&lt;Trigger&gt;&gt; =&#10;         \if(o = o2 &amp; o != null &amp; f = java.lang.Object::&lt;created&gt;)&#10;         \then(TRUE)&#10;         \else(any::select(h, o2, f))&#10;" classname="de.uka.ilkd.key.smt.newsmt2.ProveSMTLemmasTest" time="4.456"/>
  <testcase name="[7] seqEmpty.dl, &#10;    seqLen(seqEmpty) = 0&#10;&#10;" classname="de.uka.ilkd.key.smt.newsmt2.ProveSMTLemmasTest" time="4.297"/>
  <testcase name="[8] union.dl, &#10;  \forall Object o; \forall Field f; \forall LocSet l1; \forall LocSet l2;&#10;     ( elementOf(o, f, union(l1, l2))&lt;&lt;Trigger&gt;&gt; &lt;-&gt; elementOf(o,f,l1) | elementOf(o,f,l2) )&#10;" classname="de.uka.ilkd.key.smt.newsmt2.ProveSMTLemmasTest" time="4.436"/>
  <testcase name="[9] seqConcat.dl.2, &#10;    \forall Seq s1; \forall Seq s2; seqLen(seqConcat(s1,s2)&lt;&lt;Trigger&gt;&gt;) = seqLen(s1) + seqLen(s2)&#10;&#10;" classname="de.uka.ilkd.key.smt.newsmt2.ProveSMTLemmasTest" time="4.317"/>
  <testcase name="[10] wellFormed.dl, &#10;  \forall Heap h; \forall Object o; \forall Field f; (wellFormed(h) -&gt;&#10;      boolean::select(h, (java.lang.Object::select(h, o, f))&lt;&lt;Trigger&gt;&gt;, java.lang.Object::&lt;created&gt;) = TRUE&#10;    | (java.lang.Object::select(h, o, f)) = null)&#10;" classname="de.uka.ilkd.key.smt.newsmt2.ProveSMTLemmasTest" time="4.514"/>
  <testcase name="[11] jdiv.dl, &#10;\forall int divNum; \forall int divDenom;&#10;  jdiv(divNum,divDenom) =&#10;         \if (divNum &gt;= 0)&#10;         \then (div(divNum,divDenom))&#10;         \else (div(divNum*(-1),divDenom)*(-1))&#10;" classname="de.uka.ilkd.key.smt.newsmt2.ProveSMTLemmasTest" time="4.495"/>
  <testcase name="[12] empty.dl, &#10;  \forall Object o; \forall Field f; ( elementOf(o,f,empty)&lt;&lt;Trigger&gt;&gt; &lt;-&gt; false )&#10;" classname="de.uka.ilkd.key.smt.newsmt2.ProveSMTLemmasTest" time="4.374"/>
  <testcase name="[13] allLocs.dl, &#10;  \forall Object o; \forall Field f; ( elementOf(o,f,allLocs)&lt;&lt;Trigger&gt;&gt; &lt;-&gt; true )&#10;" classname="de.uka.ilkd.key.smt.newsmt2.ProveSMTLemmasTest" time="4.372"/>
  <testcase name="[14] arrayRange.dl, &#10;  \forall Object o; \forall Object o2; \forall Field f; \forall int lo; \forall int hi;&#10;    (elementOf(o,f, arrayRange(o2, lo, hi))&lt;&lt;Trigger&gt;&gt; &lt;-&gt;&#10;      o = o2 &amp; \exists int iv; (f = arr(iv) &amp; lo &lt;= iv &amp; iv &lt;= hi))&#10;" classname="de.uka.ilkd.key.smt.newsmt2.ProveSMTLemmasTest" time="4.42"/>
  <testcase name="[15] seqConcat.dl, &#10;    \forall int i; \forall Seq s1; \forall Seq s2; ( 0 &lt;= i &amp; i &lt; seqLen(s1) + seqLen(s2) -&gt;&#10;        any::seqGet(seqConcat(s1, s2), i) =&#10;            \if (i &lt; seqLen(s1)) \then (any::seqGet(s1, i)) \else (any::seqGet(s2, i-seqLen(s1))))&#10;&#10;" classname="de.uka.ilkd.key.smt.newsmt2.ProveSMTLemmasTest" time="4.357"/>
  <testcase name="[16] seqLen.dl, &#10;    \forall Seq s; seqLen(s)&lt;&lt;Trigger&gt;&gt; &gt;= 0&#10;" classname="de.uka.ilkd.key.smt.newsmt2.ProveSMTLemmasTest" time="4.408"/>
  <testcase name="[17] length.dl, &#10;    \forall Object o; length(o) &gt;= 0&#10;" classname="de.uka.ilkd.key.smt.newsmt2.ProveSMTLemmasTest" time="4.451"/>
  <testcase name="[18] freshLocs.dl, &#10;  \forall Heap h; \forall Object o; \forall Field f;&#10;     ( elementOf(o,f,freshLocs(h))&lt;&lt;Trigger&gt;&gt; &lt;-&gt;&#10;        o != null &amp; !boolean::select(h,o,java.lang.Object::&lt;created&gt;)=TRUE )&#10;" classname="de.uka.ilkd.key.smt.newsmt2.ProveSMTLemmasTest" time="4.434"/>
  <testcase name="[19] anon.dl, &#10;    \forall Heap h; \forall Object o; \forall Field f; \forall Heap h2; \forall LocSet ls;&#10;      any::select(anon(h, ls, h2), o, f)&lt;&lt;Trigger&gt;&gt; =&#10;         \if(elementOf(o, f, ls) &amp; f != java.lang.Object::&lt;created&gt;&#10;           | elementOf(o, f, freshLocs(h)))&#10;         \then(any::select(h2, o, f))&#10;         \else(any::select(h, o, f))&#10;" classname="de.uka.ilkd.key.smt.newsmt2.ProveSMTLemmasTest" time="4.389"/>
  <testcase name="[20] memset.dl, &#10;    \forall Heap h; \forall LocSet s; \forall any x; \forall Object o; \forall Field f;&#10;      any::select(memset(h, s, x), o, f)&lt;&lt;Trigger&gt;&gt; =&#10;         \if(elementOf(o, f, s) &amp; f != java.lang.Object::&lt;created&gt;)&#10;         \then(x)&#10;         \else(any::select(h, o, f))&#10;" classname="de.uka.ilkd.key.smt.newsmt2.ProveSMTLemmasTest" time="4.317"/>
  <testcase name="[21] store.dl, &#10;    \forall Heap h; \forall Object o; \forall Field f; \forall Object o2; \forall Field f2; \forall any v;&#10;      any::select(store(h,o,f,v), o2, f2)&lt;&lt;Trigger&gt;&gt; =&#10;         \if(o = o2 &amp; f = f2 &amp; f != java.lang.Object::&lt;created&gt;)&#10;         \then(v)&#10;         \else(any::select(h, o2, f2))&#10;" classname="de.uka.ilkd.key.smt.newsmt2.ProveSMTLemmasTest" time="4.37"/>
  <testcase name="[22] seqSub.dl.2, &#10;    \forall Seq seq;&#10;    \forall int from;&#10;    \forall int to;&#10;        seqLen(seqSub(seq, from, to)&lt;&lt;Trigger&gt;&gt;)&#10;      = \if(from &lt; to)\then(to - from)\else(0)&#10;" classname="de.uka.ilkd.key.smt.newsmt2.ProveSMTLemmasTest" time="4.566"/>
  <testcase name="[23] seqSingleton.dl, &#10;    \forall any x; any::seqGet(seqSingleton(x)&lt;&lt;Trigger&gt;&gt;, 0) = x&#10;&#10;" classname="de.uka.ilkd.key.smt.newsmt2.ProveSMTLemmasTest" time="4.344"/>
  <testcase name="[24] seqSingleton.dl.2, &#10;    \forall any x; seqLen(seqSingleton(x)&lt;&lt;Trigger&gt;&gt;) = 1&#10;&#10;" classname="de.uka.ilkd.key.smt.newsmt2.ProveSMTLemmasTest" time="4.388"/>
  <testcase name="[25] null.dl, &#10;     \forall any x; ((Null::instance(x))&lt;&lt;Trigger&gt;&gt; = TRUE -&gt; x = null) &#10;" classname="de.uka.ilkd.key.smt.newsmt2.ProveSMTLemmasTest" time="4.406"/>
  <system-out><![CDATA[976565     INFO  Test worker     d.u.i.k.s.n.ProveSMTLemmasTest Now processing file /tmp/SMT_lemma_seqSub.dl_9354579765910624776.key 
976565     INFO  Test worker     d.u.i.k.p.i.AbstractProblemLoader Loading environment from /tmp/SMT_lemma_seqSub.dl_9354579765910624776.key 
976566     DEBUG Test worker     d.u.i.k.p.i.AbstractProblemLoader Environment load took 276.12ns 
976567     INFO  Test worker     d.u.i.k.p.i.AbstractProblemLoader Creating init config 
980749     DEBUG Test worker     d.u.i.k.p.i.AbstractProblemLoader Init config took 4.18s 
980767     INFO  Test worker     d.u.i.k.p.i.AbstractProblemLoader Replaying proof SMT_lemma_seqSub.dl_9354579765910624776.key 
980768     DEBUG Test worker     d.u.i.k.p.i.IntermediateProofReplayer Proof replay took 8ns 
980871     INFO  Test worker     d.u.i.k.s.n.ProveSMTLemmasTest Now processing file /home/runner/work/key/key/key.core/build/resources/test/de/uka/ilkd/key/smt/newsmt2/SMT_lemma_jmod.dl.proof 
980872     INFO  Test worker     d.u.i.k.p.i.AbstractProblemLoader Loading environment from /home/runner/work/key/key/key.core/build/resources/test/de/uka/ilkd/key/smt/newsmt2/SMT_lemma_jmod.dl.proof 
980872     DEBUG Test worker     d.u.i.k.p.i.AbstractProblemLoader Environment load took 121.51ns 
980873     INFO  Test worker     d.u.i.k.p.i.AbstractProblemLoader Creating init config 
985110     DEBUG Test worker     d.u.i.k.p.i.AbstractProblemLoader Init config took 4.24s 
985130     INFO  Test worker     d.u.i.k.p.i.AbstractProblemLoader Replaying proof SMT_lemma_jmod.dl.proof 
985135     DEBUG Test worker     d.u.i.k.p.i.IntermediateProofReplayer Proof replay took 2.72ms 
985238     INFO  Test worker     d.u.i.k.s.n.ProveSMTLemmasTest Now processing file /home/runner/work/key/key/key.core/build/resources/test/de/uka/ilkd/key/smt/newsmt2/SMT_lemma_seqGetOutside.dl.proof 
985238     INFO  Test worker     d.u.i.k.p.i.AbstractProblemLoader Loading environment from /home/runner/work/key/key/key.core/build/resources/test/de/uka/ilkd/key/smt/newsmt2/SMT_lemma_seqGetOutside.dl.proof 
985239     DEBUG Test worker     d.u.i.k.p.i.AbstractProblemLoader Environment load took 65.6ns 
985240     INFO  Test worker     d.u.i.k.p.i.AbstractProblemLoader Creating init config 
989516     DEBUG Test worker     d.u.i.k.p.i.AbstractProblemLoader Init config took 4.28s 
989534     INFO  Test worker     d.u.i.k.p.i.AbstractProblemLoader Replaying proof SMT_lemma_seqGetOutside.dl.proof 
989552     DEBUG Test worker     d.u.i.k.p.i.IntermediateProofReplayer Proof replay took 15.4ms 
989655     INFO  Test worker     d.u.i.k.s.n.ProveSMTLemmasTest Now processing file /tmp/SMT_lemma_singleton.dl_7924268814553105728.key 
989656     INFO  Test worker     d.u.i.k.p.i.AbstractProblemLoader Loading environment from /tmp/SMT_lemma_singleton.dl_7924268814553105728.key 
989656     DEBUG Test worker     d.u.i.k.p.i.AbstractProblemLoader Environment load took 62.2ns 
989658     INFO  Test worker     d.u.i.k.p.i.AbstractProblemLoader Creating init config 
993846     DEBUG Test worker     d.u.i.k.p.i.AbstractProblemLoader Init config took 4.19s 
993863     INFO  Test worker     d.u.i.k.p.i.AbstractProblemLoader Replaying proof SMT_lemma_singleton.dl_7924268814553105728.key 
993864     DEBUG Test worker     d.u.i.k.p.i.IntermediateProofReplayer Proof replay took 8.9ns 
993968     INFO  Test worker     d.u.i.k.s.n.ProveSMTLemmasTest Now processing file /tmp/SMT_lemma_allFields.dl_17224590561354567207.key 
993968     INFO  Test worker     d.u.i.k.p.i.AbstractProblemLoader Loading environment from /tmp/SMT_lemma_allFields.dl_17224590561354567207.key 
993969     DEBUG Test worker     d.u.i.k.p.i.AbstractProblemLoader Environment load took 213.61ns 
993970     INFO  Test worker     d.u.i.k.p.i.AbstractProblemLoader Creating init config 
998129     DEBUG Test worker     d.u.i.k.p.i.AbstractProblemLoader Init config took 4.16s 
998146     INFO  Test worker     d.u.i.k.p.i.AbstractProblemLoader Replaying proof SMT_lemma_allFields.dl_17224590561354567207.key 
998147     DEBUG Test worker     d.u.i.k.p.i.IntermediateProofReplayer Proof replay took 8.8ns 
998252     INFO  Test worker     d.u.i.k.s.n.ProveSMTLemmasTest Now processing file /tmp/SMT_lemma_create.dl_6547125543630426310.key 
998253     INFO  Test worker     d.u.i.k.p.i.AbstractProblemLoader Loading environment from /tmp/SMT_lemma_create.dl_6547125543630426310.key 
998253     DEBUG Test worker     d.u.i.k.p.i.AbstractProblemLoader Environment load took 282.92ns 
998259     INFO  Test worker     d.u.i.k.p.i.AbstractProblemLoader Creating init config 
1002583    DEBUG Test worker     d.u.i.k.p.i.AbstractProblemLoader Init config took 4.32s 
1002601    INFO  Test worker     d.u.i.k.p.i.AbstractProblemLoader Replaying proof SMT_lemma_create.dl_6547125543630426310.key 
1002602    DEBUG Test worker     d.u.i.k.p.i.IntermediateProofReplayer Proof replay took 7.6ns 
1002707    INFO  Test worker     d.u.i.k.s.n.ProveSMTLemmasTest Now processing file /tmp/SMT_lemma_seqEmpty.dl_3613450295733668672.key 
1002707    INFO  Test worker     d.u.i.k.p.i.AbstractProblemLoader Loading environment from /tmp/SMT_lemma_seqEmpty.dl_3613450295733668672.key 
1002707    DEBUG Test worker     d.u.i.k.p.i.AbstractProblemLoader Environment load took 66.5ns 
1002708    INFO  Test worker     d.u.i.k.p.i.AbstractProblemLoader Creating init config 
1006884    DEBUG Test worker     d.u.i.k.p.i.AbstractProblemLoader Init config took 4.18s 
1006901    INFO  Test worker     d.u.i.k.p.i.AbstractProblemLoader Replaying proof SMT_lemma_seqEmpty.dl_3613450295733668672.key 
1006902    DEBUG Test worker     d.u.i.k.p.i.IntermediateProofReplayer Proof replay took 8.1ns 
1007005    INFO  Test worker     d.u.i.k.s.n.ProveSMTLemmasTest Now processing file /tmp/SMT_lemma_union.dl_16940742174341920595.key 
1007005    INFO  Test worker     d.u.i.k.p.i.AbstractProblemLoader Loading environment from /tmp/SMT_lemma_union.dl_16940742174341920595.key 
1007005    DEBUG Test worker     d.u.i.k.p.i.AbstractProblemLoader Environment load took 70.2ns 
1007006    INFO  Test worker     d.u.i.k.p.i.AbstractProblemLoader Creating init config 
1011317    DEBUG Test worker     d.u.i.k.p.i.AbstractProblemLoader Init config took 4.31s 
1011336    INFO  Test worker     d.u.i.k.p.i.AbstractProblemLoader Replaying proof SMT_lemma_union.dl_16940742174341920595.key 
1011338    DEBUG Test worker     d.u.i.k.p.i.IntermediateProofReplayer Proof replay took 9.3ns 
1011440    INFO  Test worker     d.u.i.k.s.n.ProveSMTLemmasTest Now processing file /tmp/SMT_lemma_seqConcat.dl.2_12026430182800705699.key 
1011440    INFO  Test worker     d.u.i.k.p.i.AbstractProblemLoader Loading environment from /tmp/SMT_lemma_seqConcat.dl.2_12026430182800705699.key 
1011441    DEBUG Test worker     d.u.i.k.p.i.AbstractProblemLoader Environment load took 73.61ns 
1011442    INFO  Test worker     d.u.i.k.p.i.AbstractProblemLoader Creating init config 
1015614    DEBUG Test worker     d.u.i.k.p.i.AbstractProblemLoader Init config took 4.17s 
1015653    INFO  Test worker     d.u.i.k.p.i.AbstractProblemLoader Replaying proof SMT_lemma_seqConcat.dl.2_12026430182800705699.key 
1015654    DEBUG Test worker     d.u.i.k.p.i.IntermediateProofReplayer Proof replay took 8.9ns 
1015757    INFO  Test worker     d.u.i.k.s.n.ProveSMTLemmasTest Now processing file /tmp/SMT_lemma_wellFormed.dl_5882280899618688352.key 
1015757    INFO  Test worker     d.u.i.k.p.i.AbstractProblemLoader Loading environment from /tmp/SMT_lemma_wellFormed.dl_5882280899618688352.key 
1015757    DEBUG Test worker     d.u.i.k.p.i.AbstractProblemLoader Environment load took 70.5ns 
1015759    INFO  Test worker     d.u.i.k.p.i.AbstractProblemLoader Creating init config 
1020146    DEBUG Test worker     d.u.i.k.p.i.AbstractProblemLoader Init config took 4.39s 
1020164    INFO  Test worker     d.u.i.k.p.i.AbstractProblemLoader Replaying proof SMT_lemma_wellFormed.dl_5882280899618688352.key 
1020165    DEBUG Test worker     d.u.i.k.p.i.IntermediateProofReplayer Proof replay took 8.3ns 
1020271    INFO  Test worker     d.u.i.k.s.n.ProveSMTLemmasTest Now processing file /home/runner/work/key/key/key.core/build/resources/test/de/uka/ilkd/key/smt/newsmt2/SMT_lemma_jdiv.dl.proof 
1020271    INFO  Test worker     d.u.i.k.p.i.AbstractProblemLoader Loading environment from /home/runner/work/key/key/key.core/build/resources/test/de/uka/ilkd/key/smt/newsmt2/SMT_lemma_jdiv.dl.proof 
1020271    DEBUG Test worker     d.u.i.k.p.i.AbstractProblemLoader Environment load took 74.8ns 
1020273    INFO  Test worker     d.u.i.k.p.i.AbstractProblemLoader Creating init config 
1024642    DEBUG Test worker     d.u.i.k.p.i.AbstractProblemLoader Init config took 4.37s 
1024660    INFO  Test worker     d.u.i.k.p.i.AbstractProblemLoader Replaying proof SMT_lemma_jdiv.dl.proof 
1024663    DEBUG Test worker     d.u.i.k.p.i.IntermediateProofReplayer Proof replay took 1.09ms 
1024766    INFO  Test worker     d.u.i.k.s.n.ProveSMTLemmasTest Now processing file /tmp/SMT_lemma_empty.dl_2092467977810734005.key 
1024766    INFO  Test worker     d.u.i.k.p.i.AbstractProblemLoader Loading environment from /tmp/SMT_lemma_empty.dl_2092467977810734005.key 
1024767    DEBUG Test worker     d.u.i.k.p.i.AbstractProblemLoader Environment load took 70.5ns 
1024767    INFO  Test worker     d.u.i.k.p.i.AbstractProblemLoader Creating init config 
1029019    DEBUG Test worker     d.u.i.k.p.i.AbstractProblemLoader Init config took 4.25s 
1029036    INFO  Test worker     d.u.i.k.p.i.AbstractProblemLoader Replaying proof SMT_lemma_empty.dl_2092467977810734005.key 
1029037    DEBUG Test worker     d.u.i.k.p.i.IntermediateProofReplayer Proof replay took 8.9ns 
1029140    INFO  Test worker     d.u.i.k.s.n.ProveSMTLemmasTest Now processing file /tmp/SMT_lemma_allLocs.dl_9163849812485488925.key 
1029140    INFO  Test worker     d.u.i.k.p.i.AbstractProblemLoader Loading environment from /tmp/SMT_lemma_allLocs.dl_9163849812485488925.key 
1029140    DEBUG Test worker     d.u.i.k.p.i.AbstractProblemLoader Environment load took 71ns 
1029141    INFO  Test worker     d.u.i.k.p.i.AbstractProblemLoader Creating init config 
1033391    DEBUG Test worker     d.u.i.k.p.i.AbstractProblemLoader Init config took 4.25s 
1033408    INFO  Test worker     d.u.i.k.p.i.AbstractProblemLoader Replaying proof SMT_lemma_allLocs.dl_9163849812485488925.key 
1033409    DEBUG Test worker     d.u.i.k.p.i.IntermediateProofReplayer Proof replay took 8.2ns 
1033512    INFO  Test worker     d.u.i.k.s.n.ProveSMTLemmasTest Now processing file /tmp/SMT_lemma_arrayRange.dl_6992146764392519819.key 
1033512    INFO  Test worker     d.u.i.k.p.i.AbstractProblemLoader Loading environment from /tmp/SMT_lemma_arrayRange.dl_6992146764392519819.key 
1033512    DEBUG Test worker     d.u.i.k.p.i.AbstractProblemLoader Environment load took 74.4ns 
1033514    INFO  Test worker     d.u.i.k.p.i.AbstractProblemLoader Creating init config 
1037808    DEBUG Test worker     d.u.i.k.p.i.AbstractProblemLoader Init config took 4.29s 
1037826    INFO  Test worker     d.u.i.k.p.i.AbstractProblemLoader Replaying proof SMT_lemma_arrayRange.dl_6992146764392519819.key 
1037828    DEBUG Test worker     d.u.i.k.p.i.IntermediateProofReplayer Proof replay took 8.3ns 
1037932    INFO  Test worker     d.u.i.k.s.n.ProveSMTLemmasTest Now processing file /tmp/SMT_lemma_seqConcat.dl_12477244600922463506.key 
1037933    INFO  Test worker     d.u.i.k.p.i.AbstractProblemLoader Loading environment from /tmp/SMT_lemma_seqConcat.dl_12477244600922463506.key 
1037933    DEBUG Test worker     d.u.i.k.p.i.AbstractProblemLoader Environment load took 83.2ns 
1037934    INFO  Test worker     d.u.i.k.p.i.AbstractProblemLoader Creating init config 
1042168    DEBUG Test worker     d.u.i.k.p.i.AbstractProblemLoader Init config took 4.23s 
1042185    INFO  Test worker     d.u.i.k.p.i.AbstractProblemLoader Replaying proof SMT_lemma_seqConcat.dl_12477244600922463506.key 
1042187    DEBUG Test worker     d.u.i.k.p.i.IntermediateProofReplayer Proof replay took 9.6ns 
1042290    INFO  Test worker     d.u.i.k.s.n.ProveSMTLemmasTest Now processing file /tmp/SMT_lemma_seqLen.dl_405868255065194510.key 
1042291    INFO  Test worker     d.u.i.k.p.i.AbstractProblemLoader Loading environment from /tmp/SMT_lemma_seqLen.dl_405868255065194510.key 
1042291    DEBUG Test worker     d.u.i.k.p.i.AbstractProblemLoader Environment load took 73.2ns 
1042291    INFO  Test worker     d.u.i.k.p.i.AbstractProblemLoader Creating init config 
1046573    DEBUG Test worker     d.u.i.k.p.i.AbstractProblemLoader Init config took 4.28s 
1046590    INFO  Test worker     d.u.i.k.p.i.AbstractProblemLoader Replaying proof SMT_lemma_seqLen.dl_405868255065194510.key 
1046594    DEBUG Test worker     d.u.i.k.p.i.IntermediateProofReplayer Proof replay took 9.5ns 
1046697    INFO  Test worker     d.u.i.k.s.n.ProveSMTLemmasTest Now processing file /tmp/SMT_lemma_length.dl_16243496633026185976.key 
1046698    INFO  Test worker     d.u.i.k.p.i.AbstractProblemLoader Loading environment from /tmp/SMT_lemma_length.dl_16243496633026185976.key 
1046698    DEBUG Test worker     d.u.i.k.p.i.AbstractProblemLoader Environment load took 95.61ns 
1046699    INFO  Test worker     d.u.i.k.p.i.AbstractProblemLoader Creating init config 
1051027    DEBUG Test worker     d.u.i.k.p.i.AbstractProblemLoader Init config took 4.33s 
1051044    INFO  Test worker     d.u.i.k.p.i.AbstractProblemLoader Replaying proof SMT_lemma_length.dl_16243496633026185976.key 
1051046    DEBUG Test worker     d.u.i.k.p.i.IntermediateProofReplayer Proof replay took 8.8ns 
1051151    INFO  Test worker     d.u.i.k.s.n.ProveSMTLemmasTest Now processing file /tmp/SMT_lemma_freshLocs.dl_14442718163219373207.key 
1051152    INFO  Test worker     d.u.i.k.p.i.AbstractProblemLoader Loading environment from /tmp/SMT_lemma_freshLocs.dl_14442718163219373207.key 
1051152    DEBUG Test worker     d.u.i.k.p.i.AbstractProblemLoader Environment load took 317.72ns 
1051153    INFO  Test worker     d.u.i.k.p.i.AbstractProblemLoader Creating init config 
1055460    DEBUG Test worker     d.u.i.k.p.i.AbstractProblemLoader Init config took 4.31s 
1055480    INFO  Test worker     d.u.i.k.p.i.AbstractProblemLoader Replaying proof SMT_lemma_freshLocs.dl_14442718163219373207.key 
1055482    DEBUG Test worker     d.u.i.k.p.i.IntermediateProofReplayer Proof replay took 14ns 
1055584    INFO  Test worker     d.u.i.k.s.n.ProveSMTLemmasTest Now processing file /tmp/SMT_lemma_anon.dl_6643831159479660144.key 
1055584    INFO  Test worker     d.u.i.k.p.i.AbstractProblemLoader Loading environment from /tmp/SMT_lemma_anon.dl_6643831159479660144.key 
1055585    DEBUG Test worker     d.u.i.k.p.i.AbstractProblemLoader Environment load took 71ns 
1055586    INFO  Test worker     d.u.i.k.p.i.AbstractProblemLoader Creating init config 
1059852    DEBUG Test worker     d.u.i.k.p.i.AbstractProblemLoader Init config took 4.27s 
1059869    INFO  Test worker     d.u.i.k.p.i.AbstractProblemLoader Replaying proof SMT_lemma_anon.dl_6643831159479660144.key 
1059871    DEBUG Test worker     d.u.i.k.p.i.IntermediateProofReplayer Proof replay took 9.1ns 
1059973    INFO  Test worker     d.u.i.k.s.n.ProveSMTLemmasTest Now processing file /tmp/SMT_lemma_memset.dl_5170630662317120263.key 
1059974    INFO  Test worker     d.u.i.k.p.i.AbstractProblemLoader Loading environment from /tmp/SMT_lemma_memset.dl_5170630662317120263.key 
1059974    DEBUG Test worker     d.u.i.k.p.i.AbstractProblemLoader Environment load took 101.11ns 
1059975    INFO  Test worker     d.u.i.k.p.i.AbstractProblemLoader Creating init config 
1064169    DEBUG Test worker     d.u.i.k.p.i.AbstractProblemLoader Init config took 4.19s 
1064186    INFO  Test worker     d.u.i.k.p.i.AbstractProblemLoader Replaying proof SMT_lemma_memset.dl_5170630662317120263.key 
1064187    DEBUG Test worker     d.u.i.k.p.i.IntermediateProofReplayer Proof replay took 8.6ns 
1064290    INFO  Test worker     d.u.i.k.s.n.ProveSMTLemmasTest Now processing file /tmp/SMT_lemma_store.dl_3574781488524026414.key 
1064290    INFO  Test worker     d.u.i.k.p.i.AbstractProblemLoader Loading environment from /tmp/SMT_lemma_store.dl_3574781488524026414.key 
1064290    DEBUG Test worker     d.u.i.k.p.i.AbstractProblemLoader Environment load took 71.6ns 
1064291    INFO  Test worker     d.u.i.k.p.i.AbstractProblemLoader Creating init config 
1068539    DEBUG Test worker     d.u.i.k.p.i.AbstractProblemLoader Init config took 4.25s 
1068556    INFO  Test worker     d.u.i.k.p.i.AbstractProblemLoader Replaying proof SMT_lemma_store.dl_3574781488524026414.key 
1068557    DEBUG Test worker     d.u.i.k.p.i.IntermediateProofReplayer Proof replay took 8.8ns 
1068660    INFO  Test worker     d.u.i.k.s.n.ProveSMTLemmasTest Now processing file /tmp/SMT_lemma_seqSub.dl.2_11559294953253082293.key 
1068660    INFO  Test worker     d.u.i.k.p.i.AbstractProblemLoader Loading environment from /tmp/SMT_lemma_seqSub.dl.2_11559294953253082293.key 
1068660    DEBUG Test worker     d.u.i.k.p.i.AbstractProblemLoader Environment load took 59.7ns 
1068663    INFO  Test worker     d.u.i.k.p.i.AbstractProblemLoader Creating init config 
1073102    DEBUG Test worker     d.u.i.k.p.i.AbstractProblemLoader Init config took 4.44s 
1073122    INFO  Test worker     d.u.i.k.p.i.AbstractProblemLoader Replaying proof SMT_lemma_seqSub.dl.2_11559294953253082293.key 
1073123    DEBUG Test worker     d.u.i.k.p.i.IntermediateProofReplayer Proof replay took 8.8ns 
1073226    INFO  Test worker     d.u.i.k.s.n.ProveSMTLemmasTest Now processing file /tmp/SMT_lemma_seqSingleton.dl_4972891720023955291.key 
1073227    INFO  Test worker     d.u.i.k.p.i.AbstractProblemLoader Loading environment from /tmp/SMT_lemma_seqSingleton.dl_4972891720023955291.key 
1073227    DEBUG Test worker     d.u.i.k.p.i.AbstractProblemLoader Environment load took 102.11ns 
1073228    INFO  Test worker     d.u.i.k.p.i.AbstractProblemLoader Creating init config 
1077449    DEBUG Test worker     d.u.i.k.p.i.AbstractProblemLoader Init config took 4.22s 
1077466    INFO  Test worker     d.u.i.k.p.i.AbstractProblemLoader Replaying proof SMT_lemma_seqSingleton.dl_4972891720023955291.key 
1077468    DEBUG Test worker     d.u.i.k.p.i.IntermediateProofReplayer Proof replay took 8.6ns 
1077575    INFO  Test worker     d.u.i.k.s.n.ProveSMTLemmasTest Now processing file /tmp/SMT_lemma_seqSingleton.dl.2_5572931406893346879.key 
1077575    INFO  Test worker     d.u.i.k.p.i.AbstractProblemLoader Loading environment from /tmp/SMT_lemma_seqSingleton.dl.2_5572931406893346879.key 
1077576    DEBUG Test worker     d.u.i.k.p.i.AbstractProblemLoader Environment load took 67.1ns 
1077577    INFO  Test worker     d.u.i.k.p.i.AbstractProblemLoader Creating init config 
1081842    DEBUG Test worker     d.u.i.k.p.i.AbstractProblemLoader Init config took 4.27s 
1081859    INFO  Test worker     d.u.i.k.p.i.AbstractProblemLoader Replaying proof SMT_lemma_seqSingleton.dl.2_5572931406893346879.key 
1081860    DEBUG Test worker     d.u.i.k.p.i.IntermediateProofReplayer Proof replay took 7.8ns 
1081964    INFO  Test worker     d.u.i.k.s.n.ProveSMTLemmasTest Now processing file /tmp/SMT_lemma_null.dl_9477766083953146625.key 
1081964    INFO  Test worker     d.u.i.k.p.i.AbstractProblemLoader Loading environment from /tmp/SMT_lemma_null.dl_9477766083953146625.key 
1081964    DEBUG Test worker     d.u.i.k.p.i.AbstractProblemLoader Environment load took 79.4ns 
1081965    INFO  Test worker     d.u.i.k.p.i.AbstractProblemLoader Creating init config 
1086248    DEBUG Test worker     d.u.i.k.p.i.AbstractProblemLoader Init config took 4.28s 
1086265    INFO  Test worker     d.u.i.k.p.i.AbstractProblemLoader Replaying proof SMT_lemma_null.dl_9477766083953146625.key 
1086266    DEBUG Test worker     d.u.i.k.p.i.IntermediateProofReplayer Proof replay took 8.2ns 
]]></system-out>
  <system-err><![CDATA[]]></system-err>
</testsuite>
