<?xml version="1.0" encoding="UTF-8"?>
<testsuite name="org.key_project.slicing.EndToEndTests" tests="11" skipped="0" failures="0" errors="0" timestamp="2023-04-02T13:24:07" hostname="fv-az507-313" time="279.335">
  <properties/>
  <testcase name="sliceIfThenElseSplit()" classname="org.key_project.slicing.EndToEndTests" time="60.436"/>
  <testcase name="deduplicateChecksMergabilityCorrectly()" classname="org.key_project.slicing.EndToEndTests" time="9.473"/>
  <testcase name="sliceDuplicatesAway()" classname="org.key_project.slicing.EndToEndTests" time="36.819"/>
  <testcase name="sliceMultipleIterations()" classname="org.key_project.slicing.EndToEndTests" time="73.834"/>
  <testcase name="sliceDuplicatesAwayOpenGoals()" classname="org.key_project.slicing.EndToEndTests" time="38.943"/>
  <testcase name="sliceCutExample()" classname="org.key_project.slicing.EndToEndTests" time="9.196"/>
  <testcase name="sliceAgathaWithOpenGoal()" classname="org.key_project.slicing.EndToEndTests" time="9.557"/>
  <testcase name="sliceSimpleSMT()" classname="org.key_project.slicing.EndToEndTests" time="0.001"/>
  <testcase name="sliceWithOpenGoal()" classname="org.key_project.slicing.EndToEndTests" time="18.949"/>
  <testcase name="sliceAgatha()" classname="org.key_project.slicing.EndToEndTests" time="9.449"/>
  <testcase name="sliceJavaProof()" classname="org.key_project.slicing.EndToEndTests" time="12.667"/>
  <system-out><![CDATA[loading /home/runner/work/key/key/keyext.slicing/src/test/resources/testcase/ifThenElseSplit.proof
[13:24:08.037] ?[31mWARN ?[0;39m ?[36mProofIndependentSettings?[0;39m - The settings in /home/runner/.key/proofIndependentSettings.props are *not* read due to flag 'key.disregardSettings'
[13:24:08.229] ?[31mWARN ?[0;39m ?[36mProofSettings?[0;39m - The settings in /home/runner/.key/proof-settings.props are *not* read.
[13:24:22.176] ?[34mINFO ?[0;39m ?[36mKeyStrokeSettings?[0;39m - Save keyboard shortcuts to: /home/runner/.key/keystrokes.properties
loading /home/runner/work/key/key/keyext.slicing/src/test/resources/testcase/ifThenElseSplit.proof
[13:24:33.011] ?[34mINFO ?[0;39m ?[36mDependencyAnalyzer?[0;39m - merging 2 and 3
loading /tmp/KeYslice17530214466609530875/ifThenElseSplit_slice1.proof
[13:24:42.930] ?[34mINFO ?[0;39m ?[36mDependencyAnalyzer?[0;39m - merging 3 and 4
loading /tmp/KeYslice552828842088339780/ifThenElseSplit_slice2.proof
[13:24:52.435] ?[34mINFO ?[0;39m ?[36mDependencyAnalyzer?[0;39m - merging 4 and 5
loading /tmp/KeYslice11120858489329946852/ifThenElseSplit_slice3.proof
[13:25:01.905] ?[34mINFO ?[0;39m ?[36mDependencyAnalyzer?[0;39m - merging 5 and 6
loading /home/runner/work/key/key/keyext.slicing/src/test/resources/testcase/deduplicateCheck4.proof
loading /home/runner/work/key/key/keyext.slicing/src/test/resources/testcase/exampleDuplicate.proof
[13:25:20.921] ?[34mINFO ?[0;39m ?[36mDependencyAnalyzer?[0;39m - merging 2 and 3
loading /tmp/KeYslice10905820456791660914/exampleDuplicate_slice1.proof
[13:25:30.080] ?[34mINFO ?[0;39m ?[36mDependencyAnalyzer?[0;39m - merging 3 and 4
loading /tmp/KeYslice8952240140539465627/exampleDuplicate_slice2.proof
[13:25:39.339] ?[34mINFO ?[0;39m ?[36mDependencyAnalyzer?[0;39m - merging 4 and 5
loading /tmp/KeYslice14174848718293958335/exampleDuplicate_slice3.proof
loading /home/runner/work/key/key/keyext.slicing/src/test/resources/testcase/../../../../../key.ui/examples/firstTouch/05-ReverseArray/reverseArray.proof
[13:26:01.141] ?[34mINFO ?[0;39m ?[36mDependencyAnalyzer?[0;39m - merging 1010 and 4663
[13:26:01.148] ?[34mINFO ?[0;39m ?[36mDependencyAnalyzer?[0;39m - merging 3958 and 4306
[13:26:01.151] ?[34mINFO ?[0;39m ?[36mDependencyAnalyzer?[0;39m - merging 2591 and 3795
[13:26:01.175] ?[34mINFO ?[0;39m ?[36mDependencyAnalyzer?[0;39m - merging 1354 and 4678
loading /tmp/KeYslice8825945478093185748/reverseArray_slice1.proof
[13:26:16.401] ?[34mINFO ?[0;39m ?[36mDependencyAnalyzer?[0;39m - merging 2219 and 2914
[13:26:16.405] ?[34mINFO ?[0;39m ?[36mDependencyAnalyzer?[0;39m - merging 2973 and 3148
[13:26:16.408] ?[34mINFO ?[0;39m ?[36mDependencyAnalyzer?[0;39m - merging 947 and 3782
[13:26:16.410] ?[34mINFO ?[0;39m ?[36mDependencyAnalyzer?[0;39m - merging 943 and 3370
[13:26:16.421] ?[34mINFO ?[0;39m ?[36mDependencyAnalyzer?[0;39m - merging 880 and 3479
[13:26:16.425] ?[34mINFO ?[0;39m ?[36mDependencyAnalyzer?[0;39m - merging 879 and 3473
[13:26:16.443] ?[34mINFO ?[0;39m ?[36mDependencyAnalyzer?[0;39m - merging 1281 and 3384
loading /tmp/KeYslice16832233035775245315/reverseArray_slice2.proof
[13:26:30.847] ?[34mINFO ?[0;39m ?[36mDependencyAnalyzer?[0;39m - merging 782 and 3554
[13:26:30.853] ?[34mINFO ?[0;39m ?[36mDependencyAnalyzer?[0;39m - merging 883 and 3474
[13:26:30.856] ?[34mINFO ?[0;39m ?[36mDependencyAnalyzer?[0;39m - merging 949 and 3776
[13:26:30.857] ?[34mINFO ?[0;39m ?[36mDependencyAnalyzer?[0;39m - merging 2220 and 2914
[13:26:30.860] ?[34mINFO ?[0;39m ?[36mDependencyAnalyzer?[0;39m - merging 2973 and 3147
[13:26:30.869] ?[34mINFO ?[0;39m ?[36mDependencyAnalyzer?[0;39m - merging 1301 and 3381
[13:26:30.872] ?[34mINFO ?[0;39m ?[36mDependencyAnalyzer?[0;39m - merging 882 and 3469
[13:26:30.877] ?[34mINFO ?[0;39m ?[36mDependencyAnalyzer?[0;39m - merging 781 and 3569
[13:26:30.880] ?[34mINFO ?[0;39m ?[36mDependencyAnalyzer?[0;39m - merging 946 and 3368
loading /tmp/KeYslice2770404368151829003/reverseArray_slice3.proof
[13:26:45.540] ?[34mINFO ?[0;39m ?[36mDependencyAnalyzer?[0;39m - merging 885 and 3469
[13:26:45.545] ?[34mINFO ?[0;39m ?[36mDependencyAnalyzer?[0;39m - merging 886 and 3465
[13:26:45.549] ?[34mINFO ?[0;39m ?[36mDependencyAnalyzer?[0;39m - merging 757 and 3657
[13:26:45.552] ?[34mINFO ?[0;39m ?[36mDependencyAnalyzer?[0;39m - merging 756 and 3651
[13:26:45.557] ?[34mINFO ?[0;39m ?[36mDependencyAnalyzer?[0;39m - merging 1296 and 3803
[13:26:45.559] ?[34mINFO ?[0;39m ?[36mDependencyAnalyzer?[0;39m - merging 784 and 3562
[13:26:45.560] ?[34mINFO ?[0;39m ?[36mDependencyAnalyzer?[0;39m - merging 2221 and 2914
[13:26:45.563] ?[34mINFO ?[0;39m ?[36mDependencyAnalyzer?[0;39m - merging 2973 and 3146
[13:26:45.570] ?[34mINFO ?[0;39m ?[36mDependencyAnalyzer?[0;39m - merging 1302 and 3378
[13:26:45.571] ?[34mINFO ?[0;39m ?[36mDependencyAnalyzer?[0;39m - merging 1285 and 3379
[13:26:45.574] ?[34mINFO ?[0;39m ?[36mDependencyAnalyzer?[0;39m - merging 785 and 3548
loading /tmp/KeYslice7680825860868526687/reverseArray_slice4.proof
[13:26:59.392] ?[34mINFO ?[0;39m ?[36mDependencyAnalyzer?[0;39m - merging 759 and 3648
[13:26:59.395] ?[34mINFO ?[0;39m ?[36mDependencyAnalyzer?[0;39m - merging 788 and 3542
[13:26:59.399] ?[34mINFO ?[0;39m ?[36mDependencyAnalyzer?[0;39m - merging 889 and 3465
[13:26:59.400] ?[34mINFO ?[0;39m ?[36mDependencyAnalyzer?[0;39m - merging 2973 and 3145
[13:26:59.406] ?[34mINFO ?[0;39m ?[36mDependencyAnalyzer?[0;39m - merging 760 and 3643
[13:26:59.410] ?[34mINFO ?[0;39m ?[36mDependencyAnalyzer?[0;39m - merging 1298 and 3793
[13:26:59.412] ?[34mINFO ?[0;39m ?[36mDependencyAnalyzer?[0;39m - merging 787 and 3555
[13:26:59.423] ?[34mINFO ?[0;39m ?[36mDependencyAnalyzer?[0;39m - merging 888 and 3464
[13:26:59.425] ?[34mINFO ?[0;39m ?[36mDependencyAnalyzer?[0;39m - merging 1396 and 3388
[13:26:59.430] ?[34mINFO ?[0;39m ?[36mDependencyAnalyzer?[0;39m - merging 621 and 3786
[13:26:59.442] ?[34mINFO ?[0;39m ?[36mDependencyAnalyzer?[0;39m - merging 2222 and 2914
[13:26:59.446] ?[34mINFO ?[0;39m ?[36mDependencyAnalyzer?[0;39m - merging 1288 and 3376
loading /home/runner/work/key/key/keyext.slicing/src/test/resources/testcase/exampleDuplicateOpen.proof
[13:27:11.642] ?[34mINFO ?[0;39m ?[36mDependencyAnalyzer?[0;39m - merging 2 and 3
loading /tmp/KeYslice5776455055184566364/exampleDuplicateOpen_slice1.proof
[13:27:21.343] ?[34mINFO ?[0;39m ?[36mDependencyAnalyzer?[0;39m - merging 3 and 4
loading /tmp/KeYslice2918947313212336176/exampleDuplicateOpen_slice2.proof
[13:27:31.023] ?[34mINFO ?[0;39m ?[36mDependencyAnalyzer?[0;39m - merging 4 and 5
loading /tmp/KeYslice3635137469824605691/exampleDuplicateOpen_slice3.proof
loading /home/runner/work/key/key/keyext.slicing/src/test/resources/testcase/cutExample.proof
loading /home/runner/work/key/key/keyext.slicing/src/test/resources/testcase/agathaOpenGoal.proof
loading /home/runner/work/key/key/keyext.slicing/src/test/resources/testcase/openGoal1.proof
loading /home/runner/work/key/key/keyext.slicing/src/test/resources/testcase/openGoal2.proof
loading /home/runner/work/key/key/keyext.slicing/src/test/resources/testcase/agatha.proof
loading /home/runner/work/key/key/keyext.slicing/src/test/resources/testcase/../../../../../key.ui/examples/heap/verifyThis15_2_ParallelGcd/parallelGcd.proof
]]></system-out>
  <system-err><![CDATA[]]></system-err>
</testsuite>
