<?xml version="1.0" encoding="UTF-8"?>
<testsuite name="de.uka.ilkd.key.parser.TestDeclParser" tests="14" skipped="2" failures="0" errors="0" timestamp="2023-04-06T17:58:20" hostname="fv-az1028-301" time="9.678">
  <properties/>
  <testcase name="testGenericSortDecl1()" classname="de.uka.ilkd.key.parser.TestDeclParser" time="0.783"/>
  <testcase name="testGenericSortDecl2()" classname="de.uka.ilkd.key.parser.TestDeclParser" time="0.857"/>
  <testcase name="testGenericSortDecl3()" classname="de.uka.ilkd.key.parser.TestDeclParser" time="0.848"/>
  <testcase name="testGenericSortDecl4()" classname="de.uka.ilkd.key.parser.TestDeclParser" time="0.759"/>
  <testcase name="testGenericSortDecl5()" classname="de.uka.ilkd.key.parser.TestDeclParser" time="0.0">
    <skipped/>
  </testcase>
  <testcase name="testGenericSortDecl6()" classname="de.uka.ilkd.key.parser.TestDeclParser" time="0.822"/>
  <testcase name="testSortDecl()" classname="de.uka.ilkd.key.parser.TestDeclParser" time="0.814"/>
  <testcase name="testProxySortDecl()" classname="de.uka.ilkd.key.parser.TestDeclParser" time="0.755"/>
  <testcase name="testArrayDecl()" classname="de.uka.ilkd.key.parser.TestDeclParser" time="0.814"/>
  <testcase name="testAmbiguousDecls()" classname="de.uka.ilkd.key.parser.TestDeclParser" time="0.0">
    <skipped/>
  </testcase>
  <testcase name="testHeurDecl()" classname="de.uka.ilkd.key.parser.TestDeclParser" time="0.83"/>
  <testcase name="testFunctionDecl()" classname="de.uka.ilkd.key.parser.TestDeclParser" time="0.755"/>
  <testcase name="testPredicateDecl()" classname="de.uka.ilkd.key.parser.TestDeclParser" time="0.814"/>
  <testcase name="testSVDecl()" classname="de.uka.ilkd.key.parser.TestDeclParser" time="0.82"/>
  <system-out><![CDATA[179993     INFO  Test worker     d.u.i.k.n.KeyIO           Parsing took 0 ms 
179995     INFO  Test worker     d.u.i.k.n.KeyIO           MODE: declarations took 1 ms 
180852     INFO  Test worker     d.u.i.k.n.KeyIO           Parsing took 0 ms 
180852     INFO  Test worker     d.u.i.k.n.KeyIO           MODE: declarations took 0 ms 
181701     INFO  Test worker     d.u.i.k.n.KeyIO           Parsing took 0 ms 
181702     INFO  Test worker     d.u.i.k.n.KeyIO           MODE: declarations took 1 ms 
182461     INFO  Test worker     d.u.i.k.n.KeyIO           Parsing took 0 ms 
182461     INFO  Test worker     d.u.i.k.n.KeyIO           MODE: declarations took 0 ms 
183285     INFO  Test worker     d.u.i.k.n.KeyIO           Parsing took 0 ms 
183285     INFO  Test worker     d.u.i.k.n.KeyIO           MODE: declarations took 0 ms 
184099     INFO  Test worker     d.u.i.k.n.KeyIO           Parsing took 0 ms 
184100     INFO  Test worker     d.u.i.k.n.KeyIO           MODE: declarations took 1 ms 
184855     INFO  Test worker     d.u.i.k.n.KeyIO           Parsing took 0 ms 
184856     INFO  Test worker     d.u.i.k.n.KeyIO           MODE: declarations took 1 ms 
185668     INFO  Test worker     d.u.i.k.n.KeyIO           Parsing took 0 ms 
185669     INFO  Test worker     d.u.i.k.n.KeyIO           MODE: declarations took 0 ms 
186498     INFO  Test worker     d.u.i.k.n.KeyIO           Parsing took 0 ms 
186499     INFO  Test worker     d.u.i.k.n.KeyIO           MODE: declarations took 0 ms 
187254     INFO  Test worker     d.u.i.k.n.KeyIO           Parsing took 0 ms 
187254     INFO  Test worker     d.u.i.k.n.KeyIO           MODE: declarations took 0 ms 
188069     INFO  Test worker     d.u.i.k.n.KeyIO           Parsing took 0 ms 
188069     INFO  Test worker     d.u.i.k.n.KeyIO           MODE: declarations took 0 ms 
188890     INFO  Test worker     d.u.i.k.n.KeyIO           Parsing took 0 ms 
188890     INFO  Test worker     d.u.i.k.n.KeyIO           MODE: declarations took 0 ms 
]]></system-out>
  <system-err><![CDATA[]]></system-err>
</testsuite>
