<?xml version="1.0" encoding="UTF-8"?>
<testsuite name="de.uka.ilkd.key.parser.TestTermParserHeap" tests="39" skipped="0" failures="0" errors="0" timestamp="2023-04-06T17:59:43" hostname="fv-az1028-301" time="95.846">
  <properties/>
  <testcase name="testBracketHeapUpdate()" classname="de.uka.ilkd.key.parser.TestTermParserHeap" time="0.016"/>
  <testcase name="testStore()" classname="de.uka.ilkd.key.parser.TestTermParserHeap" time="0.006"/>
  <testcase name="testUnknownConstant()" classname="de.uka.ilkd.key.parser.TestTermParserHeap" time="0.001"/>
  <testcase name="testAllFieldsSelector()" classname="de.uka.ilkd.key.parser.TestTermParserHeap" time="0.001"/>
  <testcase name="testParsePrettyPrintedSelect()" classname="de.uka.ilkd.key.parser.TestTermParserHeap" time="0.001"/>
  <testcase name="testAccessStaticMembers()" classname="de.uka.ilkd.key.parser.TestTermParserHeap" time="0.002"/>
  <testcase name="testAtOperator_1()" classname="de.uka.ilkd.key.parser.TestTermParserHeap" time="0.001"/>
  <testcase name="testAtOperator_2()" classname="de.uka.ilkd.key.parser.TestTermParserHeap" time="0.002"/>
  <testcase name="testAtOperator_3()" classname="de.uka.ilkd.key.parser.TestTermParserHeap" time="0.001"/>
  <testcase name="testAtOperator_4()" classname="de.uka.ilkd.key.parser.TestTermParserHeap" time="0.004"/>
  <testcase name="testAtOperator_5()" classname="de.uka.ilkd.key.parser.TestTermParserHeap" time="0.001"/>
  <testcase name="testAtOperator_6()" classname="de.uka.ilkd.key.parser.TestTermParserHeap" time="0.003"/>
  <testcase name="testAtOperator_7()" classname="de.uka.ilkd.key.parser.TestTermParserHeap" time="0.001"/>
  <testcase name="testAtOperator_8()" classname="de.uka.ilkd.key.parser.TestTermParserHeap" time="0.002"/>
  <testcase name="testVerifyExceptionIfAtOperatorNotPreceededBySelectTerm()" classname="de.uka.ilkd.key.parser.TestTermParserHeap" time="0.001"/>
  <testcase name="testBugResettingCounter()" classname="de.uka.ilkd.key.parser.TestTermParserHeap" time="0.002"/>
  <testcase name="testLocationSets()" classname="de.uka.ilkd.key.parser.TestTermParserHeap" time="0.002"/>
  <testcase name="testQuantifiedSelect()" classname="de.uka.ilkd.key.parser.TestTermParserHeap" time="0.009"/>
  <testcase name="testGenericObjectProperties()" classname="de.uka.ilkd.key.parser.TestTermParserHeap" time="0.001"/>
  <testcase name="testQueryInheritance_1()" classname="de.uka.ilkd.key.parser.TestTermParserHeap" time="0.002"/>
  <testcase name="testQueryInheritance_2()" classname="de.uka.ilkd.key.parser.TestTermParserHeap" time="0.004"/>
  <testcase name="testQueryInheritance_3()" classname="de.uka.ilkd.key.parser.TestTermParserHeap" time="0.002"/>
  <testcase name="testQueryInheritance_4()" classname="de.uka.ilkd.key.parser.TestTermParserHeap" time="0.001"/>
  <testcase name="testQueryInheritance_5()" classname="de.uka.ilkd.key.parser.TestTermParserHeap" time="0.009"/>
  <testcase name="testQueryInheritance_6()" classname="de.uka.ilkd.key.parser.TestTermParserHeap" time="0.001"/>
  <testcase name="testQueryInheritance_7()" classname="de.uka.ilkd.key.parser.TestTermParserHeap" time="0.001"/>
  <testcase name="testQueryInheritance_8()" classname="de.uka.ilkd.key.parser.TestTermParserHeap" time="0.001"/>
  <testcase name="testQueryInheritance_9()" classname="de.uka.ilkd.key.parser.TestTermParserHeap" time="0.002"/>
  <testcase name="testQueryBasic_10()" classname="de.uka.ilkd.key.parser.TestTermParserHeap" time="0.003"/>
  <testcase name="testQueryBasic_11()" classname="de.uka.ilkd.key.parser.TestTermParserHeap" time="0.004"/>
  <testcase name="testQueryBasic_1()" classname="de.uka.ilkd.key.parser.TestTermParserHeap" time="0.001"/>
  <testcase name="testQueryBasic_2()" classname="de.uka.ilkd.key.parser.TestTermParserHeap" time="0.001"/>
  <testcase name="testQueryBasic_3()" classname="de.uka.ilkd.key.parser.TestTermParserHeap" time="0.001"/>
  <testcase name="testQueryBasic_4()" classname="de.uka.ilkd.key.parser.TestTermParserHeap" time="0.005"/>
  <testcase name="testQueryBasic_5()" classname="de.uka.ilkd.key.parser.TestTermParserHeap" time="0.001"/>
  <testcase name="testQueryBasic_6()" classname="de.uka.ilkd.key.parser.TestTermParserHeap" time="0.001"/>
  <testcase name="testQueryBasic_7()" classname="de.uka.ilkd.key.parser.TestTermParserHeap" time="0.001"/>
  <testcase name="testQueryBasic_8()" classname="de.uka.ilkd.key.parser.TestTermParserHeap" time="0.002"/>
  <testcase name="testQueryBasic_9()" classname="de.uka.ilkd.key.parser.TestTermParserHeap" time="0.001"/>
  <system-out><![CDATA[262867     INFO  Test worker     d.u.i.k.n.KeyIO           Parsing took 0 ms 
262867     INFO  Test worker     d.u.i.k.n.KeyIO           MODE: declarations took 0 ms 
262867     INFO  Test worker     d.u.i.k.n.KeyIO           Parsing took 0 ms 
262867     INFO  Test worker     d.u.i.k.n.KeyIO           MODE: declarations took 0 ms 
262867     INFO  Test worker     d.u.i.k.n.KeyIO           Parsing took 0 ms 
262867     INFO  Test worker     d.u.i.k.n.KeyIO           MODE: declarations took 0 ms 
262867     INFO  Test worker     d.u.i.k.n.KeyIO           Parsing took 0 ms 
262868     INFO  Test worker     d.u.i.k.n.KeyIO           MODE: declarations took 1 ms 
262868     INFO  Test worker     d.u.i.k.n.KeyIO           Parsing took 0 ms 
262868     INFO  Test worker     d.u.i.k.n.KeyIO           MODE: declarations took 0 ms 
265489     INFO  Test worker     d.u.i.k.n.KeyIO           Parsing took 0 ms 
265490     INFO  Test worker     d.u.i.k.n.KeyIO           MODE: declarations took 0 ms 
265490     INFO  Test worker     d.u.i.k.n.KeyIO           Parsing took 0 ms 
265490     INFO  Test worker     d.u.i.k.n.KeyIO           MODE: declarations took 0 ms 
265490     INFO  Test worker     d.u.i.k.n.KeyIO           Parsing took 0 ms 
265490     INFO  Test worker     d.u.i.k.n.KeyIO           MODE: declarations took 0 ms 
265490     INFO  Test worker     d.u.i.k.n.KeyIO           Parsing took 0 ms 
265490     INFO  Test worker     d.u.i.k.n.KeyIO           MODE: declarations took 0 ms 
265490     INFO  Test worker     d.u.i.k.n.KeyIO           Parsing took 0 ms 
265490     INFO  Test worker     d.u.i.k.n.KeyIO           MODE: declarations took 0 ms 
268075     INFO  Test worker     d.u.i.k.n.KeyIO           Parsing took 0 ms 
268075     INFO  Test worker     d.u.i.k.n.KeyIO           MODE: declarations took 0 ms 
268075     INFO  Test worker     d.u.i.k.n.KeyIO           Parsing took 0 ms 
268075     INFO  Test worker     d.u.i.k.n.KeyIO           MODE: declarations took 0 ms 
268075     INFO  Test worker     d.u.i.k.n.KeyIO           Parsing took 0 ms 
268075     INFO  Test worker     d.u.i.k.n.KeyIO           MODE: declarations took 0 ms 
268075     INFO  Test worker     d.u.i.k.n.KeyIO           Parsing took 0 ms 
268075     INFO  Test worker     d.u.i.k.n.KeyIO           MODE: declarations took 0 ms 
268075     INFO  Test worker     d.u.i.k.n.KeyIO           Parsing took 0 ms 
268075     INFO  Test worker     d.u.i.k.n.KeyIO           MODE: declarations took 0 ms 
268075     INFO  Test worker     d.u.i.k.n.KeyIO           Parsing took 0 ms 
268076     INFO  Test worker     d.u.i.k.n.KeyIO           MODE: declarations took 1 ms 
270610     INFO  Test worker     d.u.i.k.n.KeyIO           Parsing took 0 ms 
270610     INFO  Test worker     d.u.i.k.n.KeyIO           MODE: declarations took 0 ms 
270610     INFO  Test worker     d.u.i.k.n.KeyIO           Parsing took 0 ms 
270610     INFO  Test worker     d.u.i.k.n.KeyIO           MODE: declarations took 0 ms 
270610     INFO  Test worker     d.u.i.k.n.KeyIO           Parsing took 0 ms 
270610     INFO  Test worker     d.u.i.k.n.KeyIO           MODE: declarations took 0 ms 
270610     INFO  Test worker     d.u.i.k.n.KeyIO           Parsing took 0 ms 
270610     INFO  Test worker     d.u.i.k.n.KeyIO           MODE: declarations took 0 ms 
270610     INFO  Test worker     d.u.i.k.n.KeyIO           Parsing took 0 ms 
270610     INFO  Test worker     d.u.i.k.n.KeyIO           MODE: declarations took 0 ms 
273186     INFO  Test worker     d.u.i.k.n.KeyIO           Parsing took 0 ms 
273186     INFO  Test worker     d.u.i.k.n.KeyIO           MODE: declarations took 0 ms 
273186     INFO  Test worker     d.u.i.k.n.KeyIO           Parsing took 0 ms 
273186     INFO  Test worker     d.u.i.k.n.KeyIO           MODE: declarations took 0 ms 
273186     INFO  Test worker     d.u.i.k.n.KeyIO           Parsing took 0 ms 
273186     INFO  Test worker     d.u.i.k.n.KeyIO           MODE: declarations took 0 ms 
273186     INFO  Test worker     d.u.i.k.n.KeyIO           Parsing took 0 ms 
273186     INFO  Test worker     d.u.i.k.n.KeyIO           MODE: declarations took 0 ms 
273186     INFO  Test worker     d.u.i.k.n.KeyIO           Parsing took 0 ms 
273186     INFO  Test worker     d.u.i.k.n.KeyIO           MODE: declarations took 0 ms 
275727     INFO  Test worker     d.u.i.k.n.KeyIO           Parsing took 0 ms 
275727     INFO  Test worker     d.u.i.k.n.KeyIO           MODE: declarations took 0 ms 
275727     INFO  Test worker     d.u.i.k.n.KeyIO           Parsing took 0 ms 
275727     INFO  Test worker     d.u.i.k.n.KeyIO           MODE: declarations took 0 ms 
275727     INFO  Test worker     d.u.i.k.n.KeyIO           Parsing took 0 ms 
275727     INFO  Test worker     d.u.i.k.n.KeyIO           MODE: declarations took 0 ms 
275727     INFO  Test worker     d.u.i.k.n.KeyIO           Parsing took 0 ms 
275727     INFO  Test worker     d.u.i.k.n.KeyIO           MODE: declarations took 0 ms 
275727     INFO  Test worker     d.u.i.k.n.KeyIO           Parsing took 0 ms 
275727     INFO  Test worker     d.u.i.k.n.KeyIO           MODE: declarations took 0 ms 
278223     INFO  Test worker     d.u.i.k.n.KeyIO           Parsing took 0 ms 
278223     INFO  Test worker     d.u.i.k.n.KeyIO           MODE: declarations took 0 ms 
278223     INFO  Test worker     d.u.i.k.n.KeyIO           Parsing took 0 ms 
278223     INFO  Test worker     d.u.i.k.n.KeyIO           MODE: declarations took 0 ms 
278223     INFO  Test worker     d.u.i.k.n.KeyIO           Parsing took 0 ms 
278223     INFO  Test worker     d.u.i.k.n.KeyIO           MODE: declarations took 0 ms 
278223     INFO  Test worker     d.u.i.k.n.KeyIO           Parsing took 0 ms 
278224     INFO  Test worker     d.u.i.k.n.KeyIO           MODE: declarations took 1 ms 
278224     INFO  Test worker     d.u.i.k.n.KeyIO           Parsing took 0 ms 
278224     INFO  Test worker     d.u.i.k.n.KeyIO           MODE: declarations took 0 ms 
280737     INFO  Test worker     d.u.i.k.n.KeyIO           Parsing took 0 ms 
280737     INFO  Test worker     d.u.i.k.n.KeyIO           MODE: declarations took 0 ms 
280737     INFO  Test worker     d.u.i.k.n.KeyIO           Parsing took 0 ms 
280737     INFO  Test worker     d.u.i.k.n.KeyIO           MODE: declarations took 0 ms 
280737     INFO  Test worker     d.u.i.k.n.KeyIO           Parsing took 0 ms 
280737     INFO  Test worker     d.u.i.k.n.KeyIO           MODE: declarations took 0 ms 
280737     INFO  Test worker     d.u.i.k.n.KeyIO           Parsing took 0 ms 
280737     INFO  Test worker     d.u.i.k.n.KeyIO           MODE: declarations took 0 ms 
280737     INFO  Test worker     d.u.i.k.n.KeyIO           Parsing took 0 ms 
280737     INFO  Test worker     d.u.i.k.n.KeyIO           MODE: declarations took 0 ms 
283264     INFO  Test worker     d.u.i.k.n.KeyIO           Parsing took 0 ms 
283264     INFO  Test worker     d.u.i.k.n.KeyIO           MODE: declarations took 0 ms 
283264     INFO  Test worker     d.u.i.k.n.KeyIO           Parsing took 0 ms 
283264     INFO  Test worker     d.u.i.k.n.KeyIO           MODE: declarations took 0 ms 
283264     INFO  Test worker     d.u.i.k.n.KeyIO           Parsing took 0 ms 
283264     INFO  Test worker     d.u.i.k.n.KeyIO           MODE: declarations took 0 ms 
283264     INFO  Test worker     d.u.i.k.n.KeyIO           Parsing took 0 ms 
283264     INFO  Test worker     d.u.i.k.n.KeyIO           MODE: declarations took 0 ms 
283264     INFO  Test worker     d.u.i.k.n.KeyIO           Parsing took 0 ms 
283264     INFO  Test worker     d.u.i.k.n.KeyIO           MODE: declarations took 0 ms 
285778     INFO  Test worker     d.u.i.k.n.KeyIO           Parsing took 0 ms 
285778     INFO  Test worker     d.u.i.k.n.KeyIO           MODE: declarations took 0 ms 
285778     INFO  Test worker     d.u.i.k.n.KeyIO           Parsing took 0 ms 
285778     INFO  Test worker     d.u.i.k.n.KeyIO           MODE: declarations took 0 ms 
285778     INFO  Test worker     d.u.i.k.n.KeyIO           Parsing took 0 ms 
285778     INFO  Test worker     d.u.i.k.n.KeyIO           MODE: declarations took 0 ms 
285778     INFO  Test worker     d.u.i.k.n.KeyIO           Parsing took 0 ms 
285779     INFO  Test worker     d.u.i.k.n.KeyIO           MODE: declarations took 1 ms 
285779     INFO  Test worker     d.u.i.k.n.KeyIO           Parsing took 0 ms 
285779     INFO  Test worker     d.u.i.k.n.KeyIO           MODE: declarations took 0 ms 
288302     INFO  Test worker     d.u.i.k.n.KeyIO           Parsing took 0 ms 
288302     INFO  Test worker     d.u.i.k.n.KeyIO           MODE: declarations took 0 ms 
288302     INFO  Test worker     d.u.i.k.n.KeyIO           Parsing took 0 ms 
288302     INFO  Test worker     d.u.i.k.n.KeyIO           MODE: declarations took 0 ms 
288302     INFO  Test worker     d.u.i.k.n.KeyIO           Parsing took 0 ms 
288302     INFO  Test worker     d.u.i.k.n.KeyIO           MODE: declarations took 0 ms 
288302     INFO  Test worker     d.u.i.k.n.KeyIO           Parsing took 0 ms 
288302     INFO  Test worker     d.u.i.k.n.KeyIO           MODE: declarations took 0 ms 
288302     INFO  Test worker     d.u.i.k.n.KeyIO           Parsing took 0 ms 
288303     INFO  Test worker     d.u.i.k.n.KeyIO           MODE: declarations took 0 ms 
290818     INFO  Test worker     d.u.i.k.n.KeyIO           Parsing took 0 ms 
290818     INFO  Test worker     d.u.i.k.n.KeyIO           MODE: declarations took 0 ms 
290818     INFO  Test worker     d.u.i.k.n.KeyIO           Parsing took 0 ms 
290818     INFO  Test worker     d.u.i.k.n.KeyIO           MODE: declarations took 0 ms 
290818     INFO  Test worker     d.u.i.k.n.KeyIO           Parsing took 0 ms 
290818     INFO  Test worker     d.u.i.k.n.KeyIO           MODE: declarations took 0 ms 
290818     INFO  Test worker     d.u.i.k.n.KeyIO           Parsing took 0 ms 
290818     INFO  Test worker     d.u.i.k.n.KeyIO           MODE: declarations took 0 ms 
290818     INFO  Test worker     d.u.i.k.n.KeyIO           Parsing took 0 ms 
290818     INFO  Test worker     d.u.i.k.n.KeyIO           MODE: declarations took 0 ms 
293320     INFO  Test worker     d.u.i.k.n.KeyIO           Parsing took 0 ms 
293320     INFO  Test worker     d.u.i.k.n.KeyIO           MODE: declarations took 0 ms 
293320     INFO  Test worker     d.u.i.k.n.KeyIO           Parsing took 0 ms 
293320     INFO  Test worker     d.u.i.k.n.KeyIO           MODE: declarations took 0 ms 
293320     INFO  Test worker     d.u.i.k.n.KeyIO           Parsing took 0 ms 
293320     INFO  Test worker     d.u.i.k.n.KeyIO           MODE: declarations took 0 ms 
293320     INFO  Test worker     d.u.i.k.n.KeyIO           Parsing took 0 ms 
293321     INFO  Test worker     d.u.i.k.n.KeyIO           MODE: declarations took 1 ms 
293321     INFO  Test worker     d.u.i.k.n.KeyIO           Parsing took 0 ms 
293321     INFO  Test worker     d.u.i.k.n.KeyIO           MODE: declarations took 0 ms 
295827     INFO  Test worker     d.u.i.k.n.KeyIO           Parsing took 0 ms 
295827     INFO  Test worker     d.u.i.k.n.KeyIO           MODE: declarations took 0 ms 
295827     INFO  Test worker     d.u.i.k.n.KeyIO           Parsing took 0 ms 
295827     INFO  Test worker     d.u.i.k.n.KeyIO           MODE: declarations took 0 ms 
295827     INFO  Test worker     d.u.i.k.n.KeyIO           Parsing took 0 ms 
295827     INFO  Test worker     d.u.i.k.n.KeyIO           MODE: declarations took 0 ms 
295827     INFO  Test worker     d.u.i.k.n.KeyIO           Parsing took 0 ms 
295827     INFO  Test worker     d.u.i.k.n.KeyIO           MODE: declarations took 0 ms 
295828     INFO  Test worker     d.u.i.k.n.KeyIO           Parsing took 1 ms 
295828     INFO  Test worker     d.u.i.k.n.KeyIO           MODE: declarations took 0 ms 
298345     INFO  Test worker     d.u.i.k.n.KeyIO           Parsing took 0 ms 
298345     INFO  Test worker     d.u.i.k.n.KeyIO           MODE: declarations took 0 ms 
298345     INFO  Test worker     d.u.i.k.n.KeyIO           Parsing took 0 ms 
298345     INFO  Test worker     d.u.i.k.n.KeyIO           MODE: declarations took 0 ms 
298345     INFO  Test worker     d.u.i.k.n.KeyIO           Parsing took 0 ms 
298345     INFO  Test worker     d.u.i.k.n.KeyIO           MODE: declarations took 0 ms 
298346     INFO  Test worker     d.u.i.k.n.KeyIO           Parsing took 0 ms 
298346     INFO  Test worker     d.u.i.k.n.KeyIO           MODE: declarations took 0 ms 
298346     INFO  Test worker     d.u.i.k.n.KeyIO           Parsing took 0 ms 
298346     INFO  Test worker     d.u.i.k.n.KeyIO           MODE: declarations took 0 ms 
298347     WARN  Test worker     d.u.i.k.n.KeYParser       [syntax-error] <unknown>:1:11: mismatched input '@' expecting {'/', ':=', '.', '(', ')', '{', '[', '@', PARALLEL, OR, AND, IMP, '=', NOT_EQUALS, '%', '*', '-', '+', '>', GREATEREQUAL, '<', LESSEQUAL, LGUILLEMETS, EQV} [@11,11:11='@',<153>,1:11] (termEOF) 
300849     INFO  Test worker     d.u.i.k.n.KeyIO           Parsing took 0 ms 
300849     INFO  Test worker     d.u.i.k.n.KeyIO           MODE: declarations took 0 ms 
300849     INFO  Test worker     d.u.i.k.n.KeyIO           Parsing took 0 ms 
300849     INFO  Test worker     d.u.i.k.n.KeyIO           MODE: declarations took 0 ms 
300849     INFO  Test worker     d.u.i.k.n.KeyIO           Parsing took 0 ms 
300849     INFO  Test worker     d.u.i.k.n.KeyIO           MODE: declarations took 0 ms 
300849     INFO  Test worker     d.u.i.k.n.KeyIO           Parsing took 0 ms 
300849     INFO  Test worker     d.u.i.k.n.KeyIO           MODE: declarations took 0 ms 
300850     INFO  Test worker     d.u.i.k.n.KeyIO           Parsing took 1 ms 
300850     INFO  Test worker     d.u.i.k.n.KeyIO           MODE: declarations took 0 ms 
303359     INFO  Test worker     d.u.i.k.n.KeyIO           Parsing took 0 ms 
303360     INFO  Test worker     d.u.i.k.n.KeyIO           MODE: declarations took 1 ms 
303360     INFO  Test worker     d.u.i.k.n.KeyIO           Parsing took 0 ms 
303360     INFO  Test worker     d.u.i.k.n.KeyIO           MODE: declarations took 0 ms 
303360     INFO  Test worker     d.u.i.k.n.KeyIO           Parsing took 0 ms 
303360     INFO  Test worker     d.u.i.k.n.KeyIO           MODE: declarations took 0 ms 
303360     INFO  Test worker     d.u.i.k.n.KeyIO           Parsing took 0 ms 
303360     INFO  Test worker     d.u.i.k.n.KeyIO           MODE: declarations took 0 ms 
303360     INFO  Test worker     d.u.i.k.n.KeyIO           Parsing took 0 ms 
303360     INFO  Test worker     d.u.i.k.n.KeyIO           MODE: declarations took 0 ms 
305879     INFO  Test worker     d.u.i.k.n.KeyIO           Parsing took 0 ms 
305879     INFO  Test worker     d.u.i.k.n.KeyIO           MODE: declarations took 0 ms 
305879     INFO  Test worker     d.u.i.k.n.KeyIO           Parsing took 0 ms 
305879     INFO  Test worker     d.u.i.k.n.KeyIO           MODE: declarations took 0 ms 
305879     INFO  Test worker     d.u.i.k.n.KeyIO           Parsing took 0 ms 
305886     INFO  Test worker     d.u.i.k.n.KeyIO           MODE: declarations took 0 ms 
305886     INFO  Test worker     d.u.i.k.n.KeyIO           Parsing took 0 ms 
305886     INFO  Test worker     d.u.i.k.n.KeyIO           MODE: declarations took 0 ms 
305886     INFO  Test worker     d.u.i.k.n.KeyIO           Parsing took 0 ms 
305886     INFO  Test worker     d.u.i.k.n.KeyIO           MODE: declarations took 0 ms 
308612     INFO  Test worker     d.u.i.k.n.KeyIO           Parsing took 0 ms 
308612     INFO  Test worker     d.u.i.k.n.KeyIO           MODE: declarations took 0 ms 
308612     INFO  Test worker     d.u.i.k.n.KeyIO           Parsing took 0 ms 
308612     INFO  Test worker     d.u.i.k.n.KeyIO           MODE: declarations took 0 ms 
308612     INFO  Test worker     d.u.i.k.n.KeyIO           Parsing took 0 ms 
308612     INFO  Test worker     d.u.i.k.n.KeyIO           MODE: declarations took 0 ms 
308613     INFO  Test worker     d.u.i.k.n.KeyIO           Parsing took 0 ms 
308613     INFO  Test worker     d.u.i.k.n.KeyIO           MODE: declarations took 0 ms 
308613     INFO  Test worker     d.u.i.k.n.KeyIO           Parsing took 0 ms 
308613     INFO  Test worker     d.u.i.k.n.KeyIO           MODE: declarations took 0 ms 
311121     INFO  Test worker     d.u.i.k.n.KeyIO           Parsing took 0 ms 
311121     INFO  Test worker     d.u.i.k.n.KeyIO           MODE: declarations took 0 ms 
311121     INFO  Test worker     d.u.i.k.n.KeyIO           Parsing took 0 ms 
311121     INFO  Test worker     d.u.i.k.n.KeyIO           MODE: declarations took 0 ms 
311121     INFO  Test worker     d.u.i.k.n.KeyIO           Parsing took 0 ms 
311121     INFO  Test worker     d.u.i.k.n.KeyIO           MODE: declarations took 0 ms 
311121     INFO  Test worker     d.u.i.k.n.KeyIO           Parsing took 0 ms 
311121     INFO  Test worker     d.u.i.k.n.KeyIO           MODE: declarations took 0 ms 
311122     INFO  Test worker     d.u.i.k.n.KeyIO           Parsing took 1 ms 
311122     INFO  Test worker     d.u.i.k.n.KeyIO           MODE: declarations took 0 ms 
313618     INFO  Test worker     d.u.i.k.n.KeyIO           Parsing took 0 ms 
313618     INFO  Test worker     d.u.i.k.n.KeyIO           MODE: declarations took 0 ms 
313618     INFO  Test worker     d.u.i.k.n.KeyIO           Parsing took 0 ms 
313618     INFO  Test worker     d.u.i.k.n.KeyIO           MODE: declarations took 0 ms 
313619     INFO  Test worker     d.u.i.k.n.KeyIO           Parsing took 0 ms 
313619     INFO  Test worker     d.u.i.k.n.KeyIO           MODE: declarations took 0 ms 
313619     INFO  Test worker     d.u.i.k.n.KeyIO           Parsing took 0 ms 
313619     INFO  Test worker     d.u.i.k.n.KeyIO           MODE: declarations took 0 ms 
313619     INFO  Test worker     d.u.i.k.n.KeyIO           Parsing took 0 ms 
313620     INFO  Test worker     d.u.i.k.n.KeyIO           MODE: declarations took 1 ms 
316129     INFO  Test worker     d.u.i.k.n.KeyIO           Parsing took 0 ms 
316129     INFO  Test worker     d.u.i.k.n.KeyIO           MODE: declarations took 0 ms 
316130     INFO  Test worker     d.u.i.k.n.KeyIO           Parsing took 1 ms 
316130     INFO  Test worker     d.u.i.k.n.KeyIO           MODE: declarations took 0 ms 
316130     INFO  Test worker     d.u.i.k.n.KeyIO           Parsing took 0 ms 
316130     INFO  Test worker     d.u.i.k.n.KeyIO           MODE: declarations took 0 ms 
316130     INFO  Test worker     d.u.i.k.n.KeyIO           Parsing took 0 ms 
316130     INFO  Test worker     d.u.i.k.n.KeyIO           MODE: declarations took 0 ms 
316130     INFO  Test worker     d.u.i.k.n.KeyIO           Parsing took 0 ms 
316130     INFO  Test worker     d.u.i.k.n.KeyIO           MODE: declarations took 0 ms 
318625     INFO  Test worker     d.u.i.k.n.KeyIO           Parsing took 0 ms 
318625     INFO  Test worker     d.u.i.k.n.KeyIO           MODE: declarations took 0 ms 
318625     INFO  Test worker     d.u.i.k.n.KeyIO           Parsing took 0 ms 
318625     INFO  Test worker     d.u.i.k.n.KeyIO           MODE: declarations took 0 ms 
318625     INFO  Test worker     d.u.i.k.n.KeyIO           Parsing took 0 ms 
318625     INFO  Test worker     d.u.i.k.n.KeyIO           MODE: declarations took 0 ms 
318625     INFO  Test worker     d.u.i.k.n.KeyIO           Parsing took 0 ms 
318625     INFO  Test worker     d.u.i.k.n.KeyIO           MODE: declarations took 0 ms 
318625     INFO  Test worker     d.u.i.k.n.KeyIO           Parsing took 0 ms 
318625     INFO  Test worker     d.u.i.k.n.KeyIO           MODE: declarations took 0 ms 
321117     INFO  Test worker     d.u.i.k.n.KeyIO           Parsing took 0 ms 
321118     INFO  Test worker     d.u.i.k.n.KeyIO           MODE: declarations took 1 ms 
321118     INFO  Test worker     d.u.i.k.n.KeyIO           Parsing took 0 ms 
321118     INFO  Test worker     d.u.i.k.n.KeyIO           MODE: declarations took 0 ms 
321118     INFO  Test worker     d.u.i.k.n.KeyIO           Parsing took 0 ms 
321118     INFO  Test worker     d.u.i.k.n.KeyIO           MODE: declarations took 0 ms 
321119     INFO  Test worker     d.u.i.k.n.KeyIO           Parsing took 0 ms 
321125     INFO  Test worker     d.u.i.k.n.KeyIO           MODE: declarations took 1 ms 
321125     INFO  Test worker     d.u.i.k.n.KeyIO           Parsing took 0 ms 
321125     INFO  Test worker     d.u.i.k.n.KeyIO           MODE: declarations took 0 ms 
323632     INFO  Test worker     d.u.i.k.n.KeyIO           Parsing took 0 ms 
323632     INFO  Test worker     d.u.i.k.n.KeyIO           MODE: declarations took 0 ms 
323632     INFO  Test worker     d.u.i.k.n.KeyIO           Parsing took 0 ms 
323632     INFO  Test worker     d.u.i.k.n.KeyIO           MODE: declarations took 0 ms 
323632     INFO  Test worker     d.u.i.k.n.KeyIO           Parsing took 0 ms 
323632     INFO  Test worker     d.u.i.k.n.KeyIO           MODE: declarations took 0 ms 
323632     INFO  Test worker     d.u.i.k.n.KeyIO           Parsing took 0 ms 
323632     INFO  Test worker     d.u.i.k.n.KeyIO           MODE: declarations took 0 ms 
323632     INFO  Test worker     d.u.i.k.n.KeyIO           Parsing took 0 ms 
323632     INFO  Test worker     d.u.i.k.n.KeyIO           MODE: declarations took 0 ms 
326128     INFO  Test worker     d.u.i.k.n.KeyIO           Parsing took 0 ms 
326129     INFO  Test worker     d.u.i.k.n.KeyIO           MODE: declarations took 1 ms 
326129     INFO  Test worker     d.u.i.k.n.KeyIO           Parsing took 0 ms 
326129     INFO  Test worker     d.u.i.k.n.KeyIO           MODE: declarations took 0 ms 
326129     INFO  Test worker     d.u.i.k.n.KeyIO           Parsing took 0 ms 
326129     INFO  Test worker     d.u.i.k.n.KeyIO           MODE: declarations took 0 ms 
326129     INFO  Test worker     d.u.i.k.n.KeyIO           Parsing took 0 ms 
326129     INFO  Test worker     d.u.i.k.n.KeyIO           MODE: declarations took 0 ms 
326129     INFO  Test worker     d.u.i.k.n.KeyIO           Parsing took 0 ms 
326129     INFO  Test worker     d.u.i.k.n.KeyIO           MODE: declarations took 0 ms 
328635     INFO  Test worker     d.u.i.k.n.KeyIO           Parsing took 1 ms 
328635     INFO  Test worker     d.u.i.k.n.KeyIO           MODE: declarations took 0 ms 
328635     INFO  Test worker     d.u.i.k.n.KeyIO           Parsing took 0 ms 
328635     INFO  Test worker     d.u.i.k.n.KeyIO           MODE: declarations took 0 ms 
328635     INFO  Test worker     d.u.i.k.n.KeyIO           Parsing took 0 ms 
328635     INFO  Test worker     d.u.i.k.n.KeyIO           MODE: declarations took 0 ms 
328635     INFO  Test worker     d.u.i.k.n.KeyIO           Parsing took 0 ms 
328635     INFO  Test worker     d.u.i.k.n.KeyIO           MODE: declarations took 0 ms 
328635     INFO  Test worker     d.u.i.k.n.KeyIO           Parsing took 0 ms 
328635     INFO  Test worker     d.u.i.k.n.KeyIO           MODE: declarations took 0 ms 
331140     INFO  Test worker     d.u.i.k.n.KeyIO           Parsing took 0 ms 
331140     INFO  Test worker     d.u.i.k.n.KeyIO           MODE: declarations took 0 ms 
331140     INFO  Test worker     d.u.i.k.n.KeyIO           Parsing took 0 ms 
331140     INFO  Test worker     d.u.i.k.n.KeyIO           MODE: declarations took 0 ms 
331140     INFO  Test worker     d.u.i.k.n.KeyIO           Parsing took 0 ms 
331140     INFO  Test worker     d.u.i.k.n.KeyIO           MODE: declarations took 0 ms 
331140     INFO  Test worker     d.u.i.k.n.KeyIO           Parsing took 0 ms 
331140     INFO  Test worker     d.u.i.k.n.KeyIO           MODE: declarations took 0 ms 
331140     INFO  Test worker     d.u.i.k.n.KeyIO           Parsing took 0 ms 
331141     INFO  Test worker     d.u.i.k.n.KeyIO           MODE: declarations took 1 ms 
333668     INFO  Test worker     d.u.i.k.n.KeyIO           Parsing took 0 ms 
333668     INFO  Test worker     d.u.i.k.n.KeyIO           MODE: declarations took 0 ms 
333669     INFO  Test worker     d.u.i.k.n.KeyIO           Parsing took 0 ms 
333669     INFO  Test worker     d.u.i.k.n.KeyIO           MODE: declarations took 0 ms 
333669     INFO  Test worker     d.u.i.k.n.KeyIO           Parsing took 0 ms 
333669     INFO  Test worker     d.u.i.k.n.KeyIO           MODE: declarations took 0 ms 
333669     INFO  Test worker     d.u.i.k.n.KeyIO           Parsing took 0 ms 
333670     INFO  Test worker     d.u.i.k.n.KeyIO           MODE: declarations took 0 ms 
333670     INFO  Test worker     d.u.i.k.n.KeyIO           Parsing took 0 ms 
333670     INFO  Test worker     d.u.i.k.n.KeyIO           MODE: declarations took 0 ms 
336170     INFO  Test worker     d.u.i.k.n.KeyIO           Parsing took 0 ms 
336170     INFO  Test worker     d.u.i.k.n.KeyIO           MODE: declarations took 0 ms 
336170     INFO  Test worker     d.u.i.k.n.KeyIO           Parsing took 0 ms 
336171     INFO  Test worker     d.u.i.k.n.KeyIO           MODE: declarations took 0 ms 
336171     INFO  Test worker     d.u.i.k.n.KeyIO           Parsing took 0 ms 
336171     INFO  Test worker     d.u.i.k.n.KeyIO           MODE: declarations took 0 ms 
336171     INFO  Test worker     d.u.i.k.n.KeyIO           Parsing took 0 ms 
336171     INFO  Test worker     d.u.i.k.n.KeyIO           MODE: declarations took 0 ms 
336171     INFO  Test worker     d.u.i.k.n.KeyIO           Parsing took 0 ms 
336172     INFO  Test worker     d.u.i.k.n.KeyIO           MODE: declarations took 0 ms 
338672     INFO  Test worker     d.u.i.k.n.KeyIO           Parsing took 0 ms 
338672     INFO  Test worker     d.u.i.k.n.KeyIO           MODE: declarations took 0 ms 
338672     INFO  Test worker     d.u.i.k.n.KeyIO           Parsing took 0 ms 
338672     INFO  Test worker     d.u.i.k.n.KeyIO           MODE: declarations took 0 ms 
338672     INFO  Test worker     d.u.i.k.n.KeyIO           Parsing took 0 ms 
338672     INFO  Test worker     d.u.i.k.n.KeyIO           MODE: declarations took 0 ms 
338672     INFO  Test worker     d.u.i.k.n.KeyIO           Parsing took 0 ms 
338672     INFO  Test worker     d.u.i.k.n.KeyIO           MODE: declarations took 0 ms 
338672     INFO  Test worker     d.u.i.k.n.KeyIO           Parsing took 0 ms 
338672     INFO  Test worker     d.u.i.k.n.KeyIO           MODE: declarations took 0 ms 
341174     INFO  Test worker     d.u.i.k.n.KeyIO           Parsing took 1 ms 
341174     INFO  Test worker     d.u.i.k.n.KeyIO           MODE: declarations took 0 ms 
341174     INFO  Test worker     d.u.i.k.n.KeyIO           Parsing took 0 ms 
341174     INFO  Test worker     d.u.i.k.n.KeyIO           MODE: declarations took 0 ms 
341174     INFO  Test worker     d.u.i.k.n.KeyIO           Parsing took 0 ms 
341174     INFO  Test worker     d.u.i.k.n.KeyIO           MODE: declarations took 0 ms 
341174     INFO  Test worker     d.u.i.k.n.KeyIO           Parsing took 0 ms 
341174     INFO  Test worker     d.u.i.k.n.KeyIO           MODE: declarations took 0 ms 
341174     INFO  Test worker     d.u.i.k.n.KeyIO           Parsing took 0 ms 
341174     INFO  Test worker     d.u.i.k.n.KeyIO           MODE: declarations took 0 ms 
343666     INFO  Test worker     d.u.i.k.n.KeyIO           Parsing took 0 ms 
343666     INFO  Test worker     d.u.i.k.n.KeyIO           MODE: declarations took 0 ms 
343666     INFO  Test worker     d.u.i.k.n.KeyIO           Parsing took 0 ms 
343667     INFO  Test worker     d.u.i.k.n.KeyIO           MODE: declarations took 1 ms 
343667     INFO  Test worker     d.u.i.k.n.KeyIO           Parsing took 0 ms 
343667     INFO  Test worker     d.u.i.k.n.KeyIO           MODE: declarations took 0 ms 
343667     INFO  Test worker     d.u.i.k.n.KeyIO           Parsing took 0 ms 
343667     INFO  Test worker     d.u.i.k.n.KeyIO           MODE: declarations took 0 ms 
343667     INFO  Test worker     d.u.i.k.n.KeyIO           Parsing took 0 ms 
343667     INFO  Test worker     d.u.i.k.n.KeyIO           MODE: declarations took 0 ms 
346161     INFO  Test worker     d.u.i.k.n.KeyIO           Parsing took 0 ms 
346162     INFO  Test worker     d.u.i.k.n.KeyIO           MODE: declarations took 0 ms 
346163     INFO  Test worker     d.u.i.k.n.KeyIO           Parsing took 0 ms 
346163     INFO  Test worker     d.u.i.k.n.KeyIO           MODE: declarations took 0 ms 
346163     INFO  Test worker     d.u.i.k.n.KeyIO           Parsing took 0 ms 
346163     INFO  Test worker     d.u.i.k.n.KeyIO           MODE: declarations took 0 ms 
346163     INFO  Test worker     d.u.i.k.n.KeyIO           Parsing took 0 ms 
346164     INFO  Test worker     d.u.i.k.n.KeyIO           MODE: declarations took 0 ms 
346164     INFO  Test worker     d.u.i.k.n.KeyIO           Parsing took 0 ms 
346164     INFO  Test worker     d.u.i.k.n.KeyIO           MODE: declarations took 0 ms 
348669     INFO  Test worker     d.u.i.k.n.KeyIO           Parsing took 0 ms 
348669     INFO  Test worker     d.u.i.k.n.KeyIO           MODE: declarations took 0 ms 
348670     INFO  Test worker     d.u.i.k.n.KeyIO           Parsing took 0 ms 
348670     INFO  Test worker     d.u.i.k.n.KeyIO           MODE: declarations took 0 ms 
348670     INFO  Test worker     d.u.i.k.n.KeyIO           Parsing took 0 ms 
348670     INFO  Test worker     d.u.i.k.n.KeyIO           MODE: declarations took 0 ms 
348670     INFO  Test worker     d.u.i.k.n.KeyIO           Parsing took 0 ms 
348670     INFO  Test worker     d.u.i.k.n.KeyIO           MODE: declarations took 0 ms 
348670     INFO  Test worker     d.u.i.k.n.KeyIO           Parsing took 0 ms 
348670     INFO  Test worker     d.u.i.k.n.KeyIO           MODE: declarations took 0 ms 
351168     INFO  Test worker     d.u.i.k.n.KeyIO           Parsing took 0 ms 
351168     INFO  Test worker     d.u.i.k.n.KeyIO           MODE: declarations took 0 ms 
351168     INFO  Test worker     d.u.i.k.n.KeyIO           Parsing took 0 ms 
351168     INFO  Test worker     d.u.i.k.n.KeyIO           MODE: declarations took 0 ms 
351168     INFO  Test worker     d.u.i.k.n.KeyIO           Parsing took 0 ms 
351168     INFO  Test worker     d.u.i.k.n.KeyIO           MODE: declarations took 0 ms 
351168     INFO  Test worker     d.u.i.k.n.KeyIO           Parsing took 0 ms 
351168     INFO  Test worker     d.u.i.k.n.KeyIO           MODE: declarations took 0 ms 
351168     INFO  Test worker     d.u.i.k.n.KeyIO           Parsing took 0 ms 
351168     INFO  Test worker     d.u.i.k.n.KeyIO           MODE: declarations took 0 ms 
353690     INFO  Test worker     d.u.i.k.n.KeyIO           Parsing took 0 ms 
353690     INFO  Test worker     d.u.i.k.n.KeyIO           MODE: declarations took 0 ms 
353690     INFO  Test worker     d.u.i.k.n.KeyIO           Parsing took 0 ms 
353690     INFO  Test worker     d.u.i.k.n.KeyIO           MODE: declarations took 0 ms 
353690     INFO  Test worker     d.u.i.k.n.KeyIO           Parsing took 0 ms 
353690     INFO  Test worker     d.u.i.k.n.KeyIO           MODE: declarations took 0 ms 
353690     INFO  Test worker     d.u.i.k.n.KeyIO           Parsing took 0 ms 
353690     INFO  Test worker     d.u.i.k.n.KeyIO           MODE: declarations took 0 ms 
353690     INFO  Test worker     d.u.i.k.n.KeyIO           Parsing took 0 ms 
353690     INFO  Test worker     d.u.i.k.n.KeyIO           MODE: declarations took 0 ms 
356190     INFO  Test worker     d.u.i.k.n.KeyIO           Parsing took 0 ms 
356190     INFO  Test worker     d.u.i.k.n.KeyIO           MODE: declarations took 0 ms 
356190     INFO  Test worker     d.u.i.k.n.KeyIO           Parsing took 0 ms 
356190     INFO  Test worker     d.u.i.k.n.KeyIO           MODE: declarations took 0 ms 
356190     INFO  Test worker     d.u.i.k.n.KeyIO           Parsing took 0 ms 
356190     INFO  Test worker     d.u.i.k.n.KeyIO           MODE: declarations took 0 ms 
356190     INFO  Test worker     d.u.i.k.n.KeyIO           Parsing took 0 ms 
356191     INFO  Test worker     d.u.i.k.n.KeyIO           MODE: declarations took 1 ms 
356191     INFO  Test worker     d.u.i.k.n.KeyIO           Parsing took 0 ms 
356191     INFO  Test worker     d.u.i.k.n.KeyIO           MODE: declarations took 0 ms 
358712     INFO  Test worker     d.u.i.k.n.KeyIO           Parsing took 0 ms 
358712     INFO  Test worker     d.u.i.k.n.KeyIO           MODE: declarations took 0 ms 
358713     INFO  Test worker     d.u.i.k.n.KeyIO           Parsing took 0 ms 
358713     INFO  Test worker     d.u.i.k.n.KeyIO           MODE: declarations took 0 ms 
358713     INFO  Test worker     d.u.i.k.n.KeyIO           Parsing took 0 ms 
358713     INFO  Test worker     d.u.i.k.n.KeyIO           MODE: declarations took 0 ms 
358713     INFO  Test worker     d.u.i.k.n.KeyIO           Parsing took 0 ms 
358713     INFO  Test worker     d.u.i.k.n.KeyIO           MODE: declarations took 0 ms 
358713     INFO  Test worker     d.u.i.k.n.KeyIO           Parsing took 0 ms 
358713     INFO  Test worker     d.u.i.k.n.KeyIO           MODE: declarations took 0 ms 
]]></system-out>
  <system-err><![CDATA[]]></system-err>
</testsuite>
