<?xml version="1.0" encoding="UTF-8"?>
<testsuite name="de.uka.ilkd.key.nparser.ExprTest" tests="23" skipped="0" failures="0" errors="0" timestamp="2023-04-06T17:58:10" hostname="fv-az1028-301" time="1.91">
  <properties/>
  <testcase name="[1] (bprod{int y;}(1, 2, y) = 0)" classname="de.uka.ilkd.key.nparser.ExprTest" time="0.015"/>
  <testcase name="[2] 1 = 1 -&gt; 2 = 2" classname="de.uka.ilkd.key.nparser.ExprTest" time="0.02"/>
  <testcase name="[3] \&lt; { int x = 1; } \&gt; x=1" classname="de.uka.ilkd.key.nparser.ExprTest" time="0.77"/>
  <testcase name="[4] \&lt;{ int x = 1; {int s = 2;} }\&gt; x=x" classname="de.uka.ilkd.key.nparser.ExprTest" time="0.827"/>
  <testcase name="[5] true" classname="de.uka.ilkd.key.nparser.ExprTest" time="0.021"/>
  <testcase name="[6] true &amp; false" classname="de.uka.ilkd.key.nparser.ExprTest" time="0.011"/>
  <testcase name="[7] 0" classname="de.uka.ilkd.key.nparser.ExprTest" time="0.01"/>
  <testcase name="[8] 1" classname="de.uka.ilkd.key.nparser.ExprTest" time="0.012"/>
  <testcase name="[9] 42" classname="de.uka.ilkd.key.nparser.ExprTest" time="0.011"/>
  <testcase name="[10] -5" classname="de.uka.ilkd.key.nparser.ExprTest" time="0.012"/>
  <testcase name="[11] 1 + 1 = 2" classname="de.uka.ilkd.key.nparser.ExprTest" time="0.013"/>
  <testcase name="[12] \if (3=4) \then (1) \else (2)" classname="de.uka.ilkd.key.nparser.ExprTest" time="0.015"/>
  <testcase name="[13] \if (3=4 &amp; 1=1) \then (\if (3=4) \then (1) \else (2)) \else (2)" classname="de.uka.ilkd.key.nparser.ExprTest" time="0.013"/>
  <testcase name="[14] aa + bb*cc" classname="de.uka.ilkd.key.nparser.ExprTest" time="0.017"/>
  <testcase name="[15] aa%bb*cc &lt; -123" classname="de.uka.ilkd.key.nparser.ExprTest" time="0.013"/>
  <testcase name="[16] \forall int x; true" classname="de.uka.ilkd.key.nparser.ExprTest" time="0.011"/>
  <testcase name="[17] \forall numbers x; x = x" classname="de.uka.ilkd.key.nparser.ExprTest" time="0.014"/>
  <testcase name="[18] (int)3+2" classname="de.uka.ilkd.key.nparser.ExprTest" time="0.011"/>
  <testcase name="[19] 1.f + 1f = 20e-1f * (2f-1f)" classname="de.uka.ilkd.key.nparser.ExprTest" time="0.016"/>
  <testcase name="[20] 1.d + 1d &lt;= 20e+1d * .01d" classname="de.uka.ilkd.key.nparser.ExprTest" time="0.012"/>
  <testcase name="[21] 1f &lt;= 2f" classname="de.uka.ilkd.key.nparser.ExprTest" time="0.012"/>
  <testcase name="[22] 2d &gt; 1d" classname="de.uka.ilkd.key.nparser.ExprTest" time="0.011"/>
  <testcase name="[23] seqEmpty + seqEmpty" classname="de.uka.ilkd.key.nparser.ExprTest" time="0.015"/>
  <system-out><![CDATA[169069     INFO  Test worker     d.u.i.k.n.KeyIO           Parsing took 10 ms 
169070     INFO  Test worker     d.u.i.k.n.KeyIO           MODE: declarations took 1 ms 
169072     INFO  Test worker     d.u.i.k.n.ExprTest        Term: equals(bprod{y:int}(Z(1(#)),Z(2(#)),y),Z(0(#))) 
169090     INFO  Test worker     d.u.i.k.n.KeyIO           Parsing took 16 ms 
169091     INFO  Test worker     d.u.i.k.n.KeyIO           MODE: declarations took 1 ms 
169093     INFO  Test worker     d.u.i.k.n.ExprTest        Term: imp(equals(Z(1(#)),Z(1(#))),equals(Z(2(#)),Z(2(#)))) 
169102     INFO  Test worker     d.u.i.k.n.KeyIO           Parsing took 6 ms 
169104     INFO  Test worker     d.u.i.k.n.KeyIO           MODE: declarations took 1 ms 
169862     INFO  Test worker     d.u.i.k.n.ExprTest        Term: \<{
  int x = 1;
}\> (equals(x,Z(1(#)))) 
169873     INFO  Test worker     d.u.i.k.n.KeyIO           Parsing took 7 ms 
169874     INFO  Test worker     d.u.i.k.n.KeyIO           MODE: declarations took 1 ms 
170691     INFO  Test worker     d.u.i.k.n.ExprTest        Term: \<{
  int x = 1;
  {
    int s = 2;
  }
}\> (equals(x,x)) 
170711     INFO  Test worker     d.u.i.k.n.KeyIO           Parsing took 17 ms 
170712     INFO  Test worker     d.u.i.k.n.KeyIO           MODE: declarations took 1 ms 
170714     INFO  Test worker     d.u.i.k.n.ExprTest        Term: true 
170722     INFO  Test worker     d.u.i.k.n.KeyIO           Parsing took 6 ms 
170723     INFO  Test worker     d.u.i.k.n.KeyIO           MODE: declarations took 0 ms 
170725     INFO  Test worker     d.u.i.k.n.ExprTest        Term: and(true,false) 
170733     INFO  Test worker     d.u.i.k.n.KeyIO           Parsing took 6 ms 
170734     INFO  Test worker     d.u.i.k.n.KeyIO           MODE: declarations took 0 ms 
170736     INFO  Test worker     d.u.i.k.n.ExprTest        Term: Z(0(#)) 
170744     INFO  Test worker     d.u.i.k.n.KeyIO           Parsing took 6 ms 
170745     INFO  Test worker     d.u.i.k.n.KeyIO           MODE: declarations took 0 ms 
170748     INFO  Test worker     d.u.i.k.n.ExprTest        Term: Z(1(#)) 
170757     INFO  Test worker     d.u.i.k.n.KeyIO           Parsing took 7 ms 
170758     INFO  Test worker     d.u.i.k.n.KeyIO           MODE: declarations took 1 ms 
170760     INFO  Test worker     d.u.i.k.n.ExprTest        Term: Z(2(4(#))) 
170769     INFO  Test worker     d.u.i.k.n.KeyIO           Parsing took 7 ms 
170770     INFO  Test worker     d.u.i.k.n.KeyIO           MODE: declarations took 0 ms 
170773     INFO  Test worker     d.u.i.k.n.ExprTest        Term: Z(neglit(5(#))) 
170783     INFO  Test worker     d.u.i.k.n.KeyIO           Parsing took 8 ms 
170784     INFO  Test worker     d.u.i.k.n.KeyIO           MODE: declarations took 1 ms 
170786     INFO  Test worker     d.u.i.k.n.ExprTest        Term: equals(add(Z(1(#)),Z(1(#))),Z(2(#))) 
170797     INFO  Test worker     d.u.i.k.n.KeyIO           Parsing took 8 ms 
170798     INFO  Test worker     d.u.i.k.n.KeyIO           MODE: declarations took 0 ms 
170802     INFO  Test worker     d.u.i.k.n.ExprTest        Term: if-then-else(equals(Z(3(#)),Z(4(#))),Z(1(#)),Z(2(#))) 
170811     INFO  Test worker     d.u.i.k.n.KeyIO           Parsing took 7 ms 
170812     INFO  Test worker     d.u.i.k.n.KeyIO           MODE: declarations took 1 ms 
170815     INFO  Test worker     d.u.i.k.n.ExprTest        Term: if-then-else(and(equals(Z(3(#)),Z(4(#))),equals(Z(1(#)),Z(1(#)))),if-then-else(equals(Z(3(#)),Z(4(#))),Z(1(#)),Z(2(#))),Z(2(#))) 
170829     INFO  Test worker     d.u.i.k.n.KeyIO           Parsing took 10 ms 
170830     INFO  Test worker     d.u.i.k.n.KeyIO           MODE: declarations took 0 ms 
170833     INFO  Test worker     d.u.i.k.n.ExprTest        Term: add(aa,mul(bb,cc)) 
170843     INFO  Test worker     d.u.i.k.n.KeyIO           Parsing took 7 ms 
170844     INFO  Test worker     d.u.i.k.n.KeyIO           MODE: declarations took 1 ms 
170846     INFO  Test worker     d.u.i.k.n.ExprTest        Term: lt(mul(mod(aa,bb),cc),Z(neglit(3(2(1(#)))))) 
170856     INFO  Test worker     d.u.i.k.n.KeyIO           Parsing took 6 ms 
170857     INFO  Test worker     d.u.i.k.n.KeyIO           MODE: declarations took 1 ms 
170859     INFO  Test worker     d.u.i.k.n.ExprTest        Term: all{x:int}(true) 
170868     INFO  Test worker     d.u.i.k.n.KeyIO           Parsing took 6 ms 
170870     INFO  Test worker     d.u.i.k.n.KeyIO           MODE: declarations took 1 ms 
170874     INFO  Test worker     d.u.i.k.n.ExprTest        Term: all{x:numbers}(equals(x,x)) 
170885     INFO  Test worker     d.u.i.k.n.KeyIO           Parsing took 7 ms 
170886     INFO  Test worker     d.u.i.k.n.KeyIO           MODE: declarations took 0 ms 
170888     INFO  Test worker     d.u.i.k.n.ExprTest        Term: add(int::cast(Z(3(#))),Z(2(#))) 
170898     INFO  Test worker     d.u.i.k.n.KeyIO           Parsing took 7 ms 
170899     INFO  Test worker     d.u.i.k.n.KeyIO           MODE: declarations took 0 ms 
170902     INFO  Test worker     d.u.i.k.n.ExprTest        Term: equals(addFloat(FP(6(1(2(3(5(3(5(6(0(1(#))))))))))),FP(6(1(2(3(5(3(5(6(0(1(#)))))))))))),mulFloat(FP(4(2(8(1(4(7(3(7(0(1(#))))))))))),subFloat(FP(4(2(8(1(4(7(3(7(0(1(#))))))))))),FP(6(1(2(3(5(3(5(6(0(1(#)))))))))))))) 
170918     INFO  Test worker     d.u.i.k.n.KeyIO           Parsing took 6 ms 
170919     INFO  Test worker     d.u.i.k.n.KeyIO           MODE: declarations took 1 ms 
170922     INFO  Test worker     d.u.i.k.n.ExprTest        Term: leqDouble(addDouble(DFP(8(0(4(7(1(0(0(0(8(8(1(4(2(8(1(7(0(6(4(#)))))))))))))))))))),DFP(8(0(4(7(1(0(0(0(8(8(1(4(2(8(1(7(0(6(4(#))))))))))))))))))))),mulDouble(DFP(4(8(7(6(0(0(2(8(9(0(9(8(0(4(2(1(4(6(4(#)))))))))))))))))))),DFP(5(7(6(7(8(0(4(0(3(9(2(2(8(1(9(6(7(5(4(#)))))))))))))))))))))) 
170932     INFO  Test worker     d.u.i.k.n.KeyIO           Parsing took 6 ms 
170934     INFO  Test worker     d.u.i.k.n.KeyIO           MODE: declarations took 0 ms 
170936     INFO  Test worker     d.u.i.k.n.ExprTest        Term: leqFloat(FP(6(1(2(3(5(3(5(6(0(1(#))))))))))),FP(4(2(8(1(4(7(3(7(0(1(#)))))))))))) 
170946     INFO  Test worker     d.u.i.k.n.KeyIO           Parsing took 7 ms 
170947     INFO  Test worker     d.u.i.k.n.KeyIO           MODE: declarations took 0 ms 
170949     INFO  Test worker     d.u.i.k.n.ExprTest        Term: gtDouble(DFP(4(0(9(7(8(3(7(2(4(8(1(0(6(8(6(1(1(6(4(#)))))))))))))))))))),DFP(8(0(4(7(1(0(0(0(8(8(1(4(2(8(1(7(0(6(4(#))))))))))))))))))))) 
170960     INFO  Test worker     d.u.i.k.n.KeyIO           Parsing took 7 ms 
170963     INFO  Test worker     d.u.i.k.n.KeyIO           MODE: declarations took 1 ms 
170966     INFO  Test worker     d.u.i.k.n.ExprTest        Term: seqConcat(seqEmpty,seqEmpty) 
]]></system-out>
  <system-err><![CDATA[]]></system-err>
</testsuite>
