<?xml version="1.0" encoding="UTF-8"?>
<testsuite name="de.uka.ilkd.key.logic.TestClashFreeSubst" tests="14" skipped="2" failures="0" errors="0" timestamp="2023-04-06T17:55:51" hostname="fv-az1028-301" time="42.672">
  <properties/>
  <testcase name="testMultiShareBound()" classname="de.uka.ilkd.key.logic.TestClashFreeSubst" time="0.828"/>
  <testcase name="testClash()" classname="de.uka.ilkd.key.logic.TestClashFreeSubst" time="0.806"/>
  <testcase name="testShare()" classname="de.uka.ilkd.key.logic.TestClashFreeSubst" time="0.795"/>
  <testcase name="testSubst()" classname="de.uka.ilkd.key.logic.TestClashFreeSubst" time="0.793"/>
  <testcase name="testWary0()" classname="de.uka.ilkd.key.logic.TestClashFreeSubst" time="0.784"/>
  <testcase name="testWary1()" classname="de.uka.ilkd.key.logic.TestClashFreeSubst" time="0.779"/>
  <testcase name="testWary2()" classname="de.uka.ilkd.key.logic.TestClashFreeSubst" time="0.803"/>
  <testcase name="testClashInSubstTerm()" classname="de.uka.ilkd.key.logic.TestClashFreeSubst" time="0.779"/>
  <testcase name="testShareWary()" classname="de.uka.ilkd.key.logic.TestClashFreeSubst" time="0.811"/>
  <testcase name="testMultiSubst()" classname="de.uka.ilkd.key.logic.TestClashFreeSubst" time="0.797"/>
  <testcase name="xtestMultiClash()" classname="de.uka.ilkd.key.logic.TestClashFreeSubst" time="0.0">
    <skipped/>
  </testcase>
  <testcase name="testSubstInSubstTerm()" classname="de.uka.ilkd.key.logic.TestClashFreeSubst" time="0.776"/>
  <testcase name="testSubstWary()" classname="de.uka.ilkd.key.logic.TestClashFreeSubst" time="0.775"/>
  <testcase name="xtestMultiClash1()" classname="de.uka.ilkd.key.logic.TestClashFreeSubst" time="0.0">
    <skipped/>
  </testcase>
  <system-out><![CDATA[30913      INFO  Test worker     d.u.i.k.n.KeyIO           Parsing took 0 ms 
30913      INFO  Test worker     d.u.i.k.n.KeyIO           MODE: declarations took 0 ms 
31735      INFO  Test worker     d.u.i.k.n.KeyIO           Parsing took 0 ms 
31736      INFO  Test worker     d.u.i.k.n.KeyIO           MODE: declarations took 0 ms 
34362      INFO  Test worker     d.u.i.k.n.KeyIO           Parsing took 0 ms 
34363      INFO  Test worker     d.u.i.k.n.KeyIO           MODE: declarations took 0 ms 
35161      INFO  Test worker     d.u.i.k.n.KeyIO           Parsing took 0 ms 
35162      INFO  Test worker     d.u.i.k.n.KeyIO           MODE: declarations took 0 ms 
37735      INFO  Test worker     d.u.i.k.n.KeyIO           Parsing took 0 ms 
37736      INFO  Test worker     d.u.i.k.n.KeyIO           MODE: declarations took 0 ms 
38526      INFO  Test worker     d.u.i.k.n.KeyIO           Parsing took 0 ms 
38527      INFO  Test worker     d.u.i.k.n.KeyIO           MODE: declarations took 0 ms 
41122      INFO  Test worker     d.u.i.k.n.KeyIO           Parsing took 0 ms 
41122      INFO  Test worker     d.u.i.k.n.KeyIO           MODE: declarations took 0 ms 
41913      INFO  Test worker     d.u.i.k.n.KeyIO           Parsing took 1 ms 
41913      INFO  Test worker     d.u.i.k.n.KeyIO           MODE: declarations took 0 ms 
44517      INFO  Test worker     d.u.i.k.n.KeyIO           Parsing took 0 ms 
44517      INFO  Test worker     d.u.i.k.n.KeyIO           MODE: declarations took 0 ms 
45298      INFO  Test worker     d.u.i.k.n.KeyIO           Parsing took 0 ms 
45299      INFO  Test worker     d.u.i.k.n.KeyIO           MODE: declarations took 0 ms 
47836      INFO  Test worker     d.u.i.k.n.KeyIO           Parsing took 0 ms 
47836      INFO  Test worker     d.u.i.k.n.KeyIO           MODE: declarations took 0 ms 
48613      INFO  Test worker     d.u.i.k.n.KeyIO           Parsing took 0 ms 
48613      INFO  Test worker     d.u.i.k.n.KeyIO           MODE: declarations took 0 ms 
51164      INFO  Test worker     d.u.i.k.n.KeyIO           Parsing took 0 ms 
51167      INFO  Test worker     d.u.i.k.n.KeyIO           MODE: declarations took 0 ms 
51960      INFO  Test worker     d.u.i.k.n.KeyIO           Parsing took 0 ms 
51963      INFO  Test worker     d.u.i.k.n.KeyIO           MODE: declarations took 0 ms 
54513      INFO  Test worker     d.u.i.k.n.KeyIO           Parsing took 0 ms 
54514      INFO  Test worker     d.u.i.k.n.KeyIO           MODE: declarations took 0 ms 
55289      INFO  Test worker     d.u.i.k.n.KeyIO           Parsing took 0 ms 
55290      INFO  Test worker     d.u.i.k.n.KeyIO           MODE: declarations took 0 ms 
57813      INFO  Test worker     d.u.i.k.n.KeyIO           Parsing took 0 ms 
57814      INFO  Test worker     d.u.i.k.n.KeyIO           MODE: declarations took 0 ms 
58620      INFO  Test worker     d.u.i.k.n.KeyIO           Parsing took 0 ms 
58621      INFO  Test worker     d.u.i.k.n.KeyIO           MODE: declarations took 0 ms 
61147      INFO  Test worker     d.u.i.k.n.KeyIO           Parsing took 0 ms 
61147      INFO  Test worker     d.u.i.k.n.KeyIO           MODE: declarations took 0 ms 
61941      INFO  Test worker     d.u.i.k.n.KeyIO           Parsing took 0 ms 
61941      INFO  Test worker     d.u.i.k.n.KeyIO           MODE: declarations took 0 ms 
66978      INFO  Test worker     d.u.i.k.n.KeyIO           Parsing took 0 ms 
66979      INFO  Test worker     d.u.i.k.n.KeyIO           MODE: declarations took 1 ms 
67752      INFO  Test worker     d.u.i.k.n.KeyIO           Parsing took 0 ms 
67752      INFO  Test worker     d.u.i.k.n.KeyIO           MODE: declarations took 0 ms 
70262      INFO  Test worker     d.u.i.k.n.KeyIO           Parsing took 0 ms 
70262      INFO  Test worker     d.u.i.k.n.KeyIO           MODE: declarations took 0 ms 
71033      INFO  Test worker     d.u.i.k.n.KeyIO           Parsing took 0 ms 
71034      INFO  Test worker     d.u.i.k.n.KeyIO           MODE: declarations took 0 ms 
]]></system-out>
  <system-err><![CDATA[]]></system-err>
</testsuite>
