<?xml version="1.0" encoding="UTF-8"?>
<testsuite name="de.uka.ilkd.key.logic.TestTermBuilder" tests="6" skipped="0" failures="0" errors="0" timestamp="2023-04-06T17:56:38" hostname="fv-az1028-301" time="14.89">
  <properties/>
  <testcase name="testNumberIsVeryBigPositiveInteger()" classname="de.uka.ilkd.key.logic.TestTermBuilder" time="2.519"/>
  <testcase name="testNumberIsVerySmallNegativeInteger()" classname="de.uka.ilkd.key.logic.TestTermBuilder" time="2.48"/>
  <testcase name="testDoubleLongPatterns()" classname="de.uka.ilkd.key.logic.TestTermBuilder" time="2.502"/>
  <testcase name="testFloatPatterns()" classname="de.uka.ilkd.key.logic.TestTermBuilder" time="2.469"/>
  <testcase name="testNumberIsPositiveInt()" classname="de.uka.ilkd.key.logic.TestTermBuilder" time="2.46"/>
  <testcase name="testNumberIsNegativeInt()" classname="de.uka.ilkd.key.logic.TestTermBuilder" time="2.453"/>
  <system-out><![CDATA[]]></system-out>
  <system-err><![CDATA[]]></system-err>
</testsuite>
