<?xml version="1.0" encoding="UTF-8"?>
<testsuite name="de.uka.ilkd.key.parser.TestTermParserSorts" tests="2" skipped="0" failures="0" errors="0" timestamp="2023-04-06T18:01:22" hostname="fv-az1028-301" time="2.505">
  <properties/>
  <testcase name="testParseIntegerArgs()" classname="de.uka.ilkd.key.parser.TestTermParserSorts" time="0.013"/>
  <testcase name="testParseSequencePrettySyntax()" classname="de.uka.ilkd.key.parser.TestTermParserSorts" time="0.001"/>
  <system-out><![CDATA[361206     INFO  Test worker     d.u.i.k.n.KeyIO           Parsing took 0 ms 
361207     INFO  Test worker     d.u.i.k.n.KeyIO           MODE: declarations took 0 ms 
361207     INFO  Test worker     d.u.i.k.n.KeyIO           Parsing took 0 ms 
361207     INFO  Test worker     d.u.i.k.n.KeyIO           MODE: declarations took 0 ms 
361207     INFO  Test worker     d.u.i.k.n.KeyIO           Parsing took 0 ms 
361207     INFO  Test worker     d.u.i.k.n.KeyIO           MODE: declarations took 0 ms 
363710     INFO  Test worker     d.u.i.k.n.KeyIO           Parsing took 0 ms 
363710     INFO  Test worker     d.u.i.k.n.KeyIO           MODE: declarations took 0 ms 
363710     INFO  Test worker     d.u.i.k.n.KeyIO           Parsing took 0 ms 
363711     INFO  Test worker     d.u.i.k.n.KeyIO           MODE: declarations took 1 ms 
363711     INFO  Test worker     d.u.i.k.n.KeyIO           Parsing took 0 ms 
363711     INFO  Test worker     d.u.i.k.n.KeyIO           MODE: declarations took 0 ms 
]]></system-out>
  <system-err><![CDATA[]]></system-err>
</testsuite>
