<?xml version="1.0" encoding="UTF-8"?>
<testsuite name="de.uka.ilkd.key.nparser.ParseLDTsTests" tests="2" skipped="0" failures="0" errors="0" timestamp="2023-04-06T17:58:11" hostname="fv-az1028-301" time="0.76">
  <properties/>
  <testcase name="testLDT()" classname="de.uka.ilkd.key.nparser.ParseLDTsTests" time="0.014"/>
  <testcase name="testSR()" classname="de.uka.ilkd.key.nparser.ParseLDTsTests" time="0.746"/>
  <system-out><![CDATA[170978     INFO  Test worker     d.u.i.k.n.KeyIO           Parsing took 6 ms 
170979     INFO  Test worker     d.u.i.k.n.KeyIO           MODE: declarations took 1 ms 
171272     INFO  Test worker     d.u.i.k.n.KeyIO           Parsing took 284 ms 
171283     INFO  Test worker     d.u.i.k.n.KeyIO           MODE: declarations took 1 ms 
]]></system-out>
  <system-err><![CDATA[]]></system-err>
</testsuite>
