<?xml version="1.0" encoding="UTF-8"?>
<testsuite name="de.uka.ilkd.key.symbolic_execution.testcase.po.TestFunctionalOperationContractPO" tests="1" skipped="0" failures="0" errors="0" timestamp="2023-04-05T09:37:38" hostname="fv-az255-849" time="7.195">
  <properties/>
  <testcase name="testDoubleValue()" classname="de.uka.ilkd.key.symbolic_execution.testcase.po.TestFunctionalOperationContractPO" time="7.195"/>
  <system-out><![CDATA[]]></system-out>
  <system-err><![CDATA[]]></system-err>
</testsuite>
