<?xml version="1.0" encoding="UTF-8"?>
<testsuite name="de.uka.ilkd.key.testcase.smt.testgen.TestTestgen" tests="1" skipped="0" failures="0" errors="0" timestamp="2023-05-11T10:17:50" hostname="fv-az448-277" time="4.061">
  <properties/>
  <testcase name="testMiddle()" classname="de.uka.ilkd.key.testcase.smt.testgen.TestTestgen" time="4.061"/>
  <system-out><![CDATA[13520      WARN  Test worker     d.u.i.k.t.s.t.TestTestgen Warning: Z3_CE is not installed, tests skipped. 
13520      WARN  Test worker     d.u.i.k.t.s.t.TestTestgen Maybe use JVM system property "z3SolverPath" to define the path to the Z3 command. 
13567      INFO  Test worker     d.u.i.k.p.i.AbstractProblemLoader Loading environment from src\test\resources\testcase\smt\tg\middle.key 
13567      DEBUG Test worker     d.u.i.k.p.i.AbstractProblemLoader Environment load took 1.15ms 
13583      INFO  Test worker     d.u.i.k.p.i.AbstractProblemLoader Creating init config 
16867      DEBUG Test worker     d.u.i.k.p.i.AbstractProblemLoader Init config took 3.29s 
16976      INFO  Test worker     d.u.i.k.p.i.AbstractProblemLoader Replaying proof Middle[Middle::middle(int,int,int)].JML normal_behavior operation contract.0 
16976      DEBUG Test worker     d.u.i.k.p.i.IntermediateProofReplayer Proof replay took 16.3ns 
]]></system-out>
  <system-err><![CDATA[]]></system-err>
</testsuite>
