<?xml version="1.0" encoding="UTF-8"?>
<testsuite name="recoder.testsuite.basic.analysis.GetAllRelatedMethodsTest" tests="1" skipped="1" failures="0" errors="0" timestamp="2023-02-21T17:05:29" hostname="fv-az216-718" time="0.002">
  <properties/>
  <testcase name="testGetAllRelatedMethodsTest" classname="recoder.testsuite.basic.analysis.GetAllRelatedMethodsTest" time="0.002">
    <skipped/>
  </testcase>
  <system-out><![CDATA[]]></system-out>
  <system-err><![CDATA[]]></system-err>
</testsuite>
