<?xml version="1.0" encoding="UTF-8"?>
<testsuite name="de.uka.ilkd.key.parser.TestTermParserSorts" tests="2" skipped="0" failures="0" errors="0" timestamp="2023-04-04T10:43:57" hostname="fv-az221-216" time="2.419">
  <properties/>
  <testcase name="testParseIntegerArgs()" classname="de.uka.ilkd.key.parser.TestTermParserSorts" time="0.01"/>
  <testcase name="testParseSequencePrettySyntax()" classname="de.uka.ilkd.key.parser.TestTermParserSorts" time="0.001"/>
  <system-out><![CDATA[346162     INFO  Test worker     d.u.i.k.n.KeyIO           Parsing took 0 ms 
346162     INFO  Test worker     d.u.i.k.n.KeyIO           MODE: declarations took 0 ms 
346163     INFO  Test worker     d.u.i.k.n.KeyIO           Parsing took 1 ms 
346163     INFO  Test worker     d.u.i.k.n.KeyIO           MODE: declarations took 0 ms 
346163     INFO  Test worker     d.u.i.k.n.KeyIO           Parsing took 0 ms 
346163     INFO  Test worker     d.u.i.k.n.KeyIO           MODE: declarations took 0 ms 
348580     INFO  Test worker     d.u.i.k.n.KeyIO           Parsing took 0 ms 
348580     INFO  Test worker     d.u.i.k.n.KeyIO           MODE: declarations took 0 ms 
348580     INFO  Test worker     d.u.i.k.n.KeyIO           Parsing took 0 ms 
348580     INFO  Test worker     d.u.i.k.n.KeyIO           MODE: declarations took 0 ms 
348580     INFO  Test worker     d.u.i.k.n.KeyIO           Parsing took 0 ms 
348581     INFO  Test worker     d.u.i.k.n.KeyIO           MODE: declarations took 1 ms 
]]></system-out>
  <system-err><![CDATA[]]></system-err>
</testsuite>
