<?xml version="1.0" encoding="UTF-8"?>
<testsuite name="de.uka.ilkd.key.parser.TestDeclParser" tests="14" skipped="2" failures="0" errors="0" timestamp="2023-04-04T10:41:03" hostname="fv-az221-216" time="9.046">
  <properties/>
  <testcase name="testGenericSortDecl1()" classname="de.uka.ilkd.key.parser.TestDeclParser" time="0.753"/>
  <testcase name="testGenericSortDecl2()" classname="de.uka.ilkd.key.parser.TestDeclParser" time="0.772"/>
  <testcase name="testGenericSortDecl3()" classname="de.uka.ilkd.key.parser.TestDeclParser" time="0.778"/>
  <testcase name="testGenericSortDecl4()" classname="de.uka.ilkd.key.parser.TestDeclParser" time="0.724"/>
  <testcase name="testGenericSortDecl5()" classname="de.uka.ilkd.key.parser.TestDeclParser" time="0.0">
    <skipped/>
  </testcase>
  <testcase name="testGenericSortDecl6()" classname="de.uka.ilkd.key.parser.TestDeclParser" time="0.767"/>
  <testcase name="testSortDecl()" classname="de.uka.ilkd.key.parser.TestDeclParser" time="0.762"/>
  <testcase name="testProxySortDecl()" classname="de.uka.ilkd.key.parser.TestDeclParser" time="0.725"/>
  <testcase name="testArrayDecl()" classname="de.uka.ilkd.key.parser.TestDeclParser" time="0.766"/>
  <testcase name="testAmbiguousDecls()" classname="de.uka.ilkd.key.parser.TestDeclParser" time="0.0">
    <skipped/>
  </testcase>
  <testcase name="testHeurDecl()" classname="de.uka.ilkd.key.parser.TestDeclParser" time="0.78"/>
  <testcase name="testFunctionDecl()" classname="de.uka.ilkd.key.parser.TestDeclParser" time="0.724"/>
  <testcase name="testPredicateDecl()" classname="de.uka.ilkd.key.parser.TestDeclParser" time="0.765"/>
  <testcase name="testSVDecl()" classname="de.uka.ilkd.key.parser.TestDeclParser" time="0.727"/>
  <system-out><![CDATA[172537     INFO  Test worker     d.u.i.k.n.KeyIO           Parsing took 0 ms 
172537     INFO  Test worker     d.u.i.k.n.KeyIO           MODE: declarations took 0 ms 
173310     INFO  Test worker     d.u.i.k.n.KeyIO           Parsing took 0 ms 
173310     INFO  Test worker     d.u.i.k.n.KeyIO           MODE: declarations took 0 ms 
174088     INFO  Test worker     d.u.i.k.n.KeyIO           Parsing took 0 ms 
174088     INFO  Test worker     d.u.i.k.n.KeyIO           MODE: declarations took 0 ms 
174811     INFO  Test worker     d.u.i.k.n.KeyIO           Parsing took 0 ms 
174812     INFO  Test worker     d.u.i.k.n.KeyIO           MODE: declarations took 0 ms 
175579     INFO  Test worker     d.u.i.k.n.KeyIO           Parsing took 0 ms 
175579     INFO  Test worker     d.u.i.k.n.KeyIO           MODE: declarations took 0 ms 
176341     INFO  Test worker     d.u.i.k.n.KeyIO           Parsing took 0 ms 
176342     INFO  Test worker     d.u.i.k.n.KeyIO           MODE: declarations took 0 ms 
177066     INFO  Test worker     d.u.i.k.n.KeyIO           Parsing took 0 ms 
177067     INFO  Test worker     d.u.i.k.n.KeyIO           MODE: declarations took 0 ms 
177830     INFO  Test worker     d.u.i.k.n.KeyIO           Parsing took 0 ms 
177830     INFO  Test worker     d.u.i.k.n.KeyIO           MODE: declarations took 0 ms 
178615     INFO  Test worker     d.u.i.k.n.KeyIO           Parsing took 0 ms 
178615     INFO  Test worker     d.u.i.k.n.KeyIO           MODE: declarations took 0 ms 
179339     INFO  Test worker     d.u.i.k.n.KeyIO           Parsing took 0 ms 
179339     INFO  Test worker     d.u.i.k.n.KeyIO           MODE: declarations took 0 ms 
180104     INFO  Test worker     d.u.i.k.n.KeyIO           Parsing took 0 ms 
180105     INFO  Test worker     d.u.i.k.n.KeyIO           MODE: declarations took 0 ms 
180831     INFO  Test worker     d.u.i.k.n.KeyIO           Parsing took 0 ms 
180831     INFO  Test worker     d.u.i.k.n.KeyIO           MODE: declarations took 0 ms 
]]></system-out>
  <system-err><![CDATA[]]></system-err>
</testsuite>
