<?xml version="1.0" encoding="UTF-8"?>
<testsuite name="de.uka.ilkd.key.proof_references.testcase.analyst.TestMethodBodyExpandProofReferencesAnalyst" tests="1" skipped="0" failures="0" errors="0" timestamp="2023-02-02T15:31:10" hostname="fv-az470-859" time="3.471">
  <properties/>
  <testcase name="testMethodBodyExpand()" classname="de.uka.ilkd.key.proof_references.testcase.analyst.TestMethodBodyExpandProofReferencesAnalyst" time="3.471"/>
  <system-out><![CDATA[]]></system-out>
  <system-err><![CDATA[]]></system-err>
</testsuite>
