<?xml version="1.0" encoding="UTF-8"?>
<testsuite name="de.uka.ilkd.key.proof.runallproofs.RunAllProofsFunctional" tests="34" skipped="0" failures="0" errors="0" timestamp="2023-05-01T13:51:38" hostname="fv-az403-627" time="5345.907">
  <properties/>
  <testcase name="newBook" classname="de.uka.ilkd.key.proof.runallproofs.RunAllProofsFunctional" time="62.462"/>
  <testcase name="oldBook" classname="de.uka.ilkd.key.proof.runallproofs.RunAllProofsFunctional" time="17.413"/>
  <testcase name="comprehensions" classname="de.uka.ilkd.key.proof.runallproofs.RunAllProofsFunctional" time="64.697"/>
  <testcase name="performance" classname="de.uka.ilkd.key.proof.runallproofs.RunAllProofsFunctional" time="219.523"/>
  <testcase name="performancePOConstruction" classname="de.uka.ilkd.key.proof.runallproofs.RunAllProofsFunctional" time="77.446"/>
  <testcase name="applicationRestrictions" classname="de.uka.ilkd.key.proof.runallproofs.RunAllProofsFunctional" time="51.43"/>
  <testcase name="blockContracts" classname="de.uka.ilkd.key.proof.runallproofs.RunAllProofsFunctional" time="137.317"/>
  <testcase name="jmlAsserts" classname="de.uka.ilkd.key.proof.runallproofs.RunAllProofsFunctional" time="89.191"/>
  <testcase name="javaCard" classname="de.uka.ilkd.key.proof.runallproofs.RunAllProofsFunctional" time="132.999"/>
  <testcase name="list" classname="de.uka.ilkd.key.proof.runallproofs.RunAllProofsFunctional" time="264.913"/>
  <testcase name="list_ghost" classname="de.uka.ilkd.key.proof.runallproofs.RunAllProofsFunctional" time="67.787"/>
  <testcase name="list_recursive" classname="de.uka.ilkd.key.proof.runallproofs.RunAllProofsFunctional" time="22.177"/>
  <testcase name="list_seq" classname="de.uka.ilkd.key.proof.runallproofs.RunAllProofsFunctional" time="188.039"/>
  <testcase name="observer" classname="de.uka.ilkd.key.proof.runallproofs.RunAllProofsFunctional" time="94.623"/>
  <testcase name="removeDups" classname="de.uka.ilkd.key.proof.runallproofs.RunAllProofsFunctional" time="150.178"/>
  <testcase name="quicksort" classname="de.uka.ilkd.key.proof.runallproofs.RunAllProofsFunctional" time="112.696"/>
  <testcase name="simpleTests" classname="de.uka.ilkd.key.proof.runallproofs.RunAllProofsFunctional" time="160.592"/>
  <testcase name="SmansEtAl" classname="de.uka.ilkd.key.proof.runallproofs.RunAllProofsFunctional" time="196.454"/>
  <testcase name="VACID0" classname="de.uka.ilkd.key.proof.runallproofs.RunAllProofsFunctional" time="78.163"/>
  <testcase name="VSTTE10" classname="de.uka.ilkd.key.proof.runallproofs.RunAllProofsFunctional" time="186.961"/>
  <testcase name="WeideEtAl" classname="de.uka.ilkd.key.proof.runallproofs.RunAllProofsFunctional" time="29.062"/>
  <testcase name="arithmetic" classname="de.uka.ilkd.key.proof.runallproofs.RunAllProofsFunctional" time="497.98"/>
  <testcase name="arrays" classname="de.uka.ilkd.key.proof.runallproofs.RunAllProofsFunctional" time="56.479"/>
  <testcase name="javadl" classname="de.uka.ilkd.key.proof.runallproofs.RunAllProofsFunctional" time="626.098"/>
  <testcase name="FOL" classname="de.uka.ilkd.key.proof.runallproofs.RunAllProofsFunctional" time="274.91"/>
  <testcase name="strings" classname="de.uka.ilkd.key.proof.runallproofs.RunAllProofsFunctional" time="156.085"/>
  <testcase name="simple_info_flow" classname="de.uka.ilkd.key.proof.runallproofs.RunAllProofsFunctional" time="12.959"/>
  <testcase name="modelMethods" classname="de.uka.ilkd.key.proof.runallproofs.RunAllProofsFunctional" time="183.747"/>
  <testcase name="permissionHeap" classname="de.uka.ilkd.key.proof.runallproofs.RunAllProofsFunctional" time="829.274"/>
  <testcase name="completionScopes" classname="de.uka.ilkd.key.proof.runallproofs.RunAllProofsFunctional" time="52.833"/>
  <testcase name="reload_examples" classname="de.uka.ilkd.key.proof.runallproofs.RunAllProofsFunctional" time="43.561"/>
  <testcase name="proofLoadRepair" classname="de.uka.ilkd.key.proof.runallproofs.RunAllProofsFunctional" time="18.359"/>
  <testcase name="switch" classname="de.uka.ilkd.key.proof.runallproofs.RunAllProofsFunctional" time="64.101"/>
  <testcase name="redux" classname="de.uka.ilkd.key.proof.runallproofs.RunAllProofsFunctional" time="125.389"/>
  <system-out><![CDATA[272        INFO  Test worker     d.u.i.k.p.r.RunAllProofsTestUnit Running test newBook 
359        INFO  Timeout watchdog d.u.i.k.p.r.p.ForkedTestFileRunner Timeout watcher launched (2000 secs.) 
364        WARN  main            d.u.i.k.s.ProofSettings   No proof-settings could be loaded, using defaults java.io.FileNotFoundException: /home/runner/.key/proof-settings.props (No such file or directory)
	at java.base/java.io.FileInputStream.open0(Native Method)

393        INFO  main            d.u.i.k.p.r.p.TestFile    Now processing file /home/runner/work/key/key/key.core/../key.ui/examples/newBook/09.list_modelfield/ArrayList.add.key 
531        INFO  main            d.u.i.k.p.i.AbstractProblemLoader Loading environment from /home/runner/work/key/key/key.core/../key.ui/examples/newBook/09.list_modelfield/ArrayList.add.key 
548        DEBUG main            d.u.i.k.p.i.AbstractProblemLoader Environment load took 2.19ms 
764        INFO  main            d.u.i.k.p.i.AbstractProblemLoader Creating init config 
1576       DEBUG main            d.u.i.k.j.TypeConverter   No LDT found for Meta 
1577       DEBUG main            d.u.i.k.j.TypeConverter   No LDT found for Meta 
1578       DEBUG main            d.u.i.k.j.TypeConverter   No LDT found for Meta 
1580       DEBUG main            d.u.i.k.j.TypeConverter   No LDT found for Meta 
3176       DEBUG main            d.u.i.k.j.TypeConverter   No LDT found for JavaBigintExpression 
8291       DEBUG main            d.u.i.k.p.i.AbstractProblemLoader Init config took 7.53s 
8472       INFO  main            d.u.i.k.p.i.AbstractProblemLoader Replaying proof ArrayList[List::add(int)].JML normal_behavior operation contract.0 
8504       DEBUG main            d.u.i.k.p.i.IntermediateProofReplayer Proof replay took 31.7ns 
26667      INFO  main            d.u.i.k.p.r.p.TestFile    ... finished proof: closed. 
26923      INFO  main            d.u.i.k.p.i.AbstractProblemLoader Loading environment from /home/runner/work/key/key/key.core/../key.ui/examples/newBook/09.list_modelfield/ArrayList.add.key.proof 
26924      DEBUG main            d.u.i.k.p.i.AbstractProblemLoader Environment load took 594.1ns 
26933      INFO  main            d.u.i.k.p.i.AbstractProblemLoader Creating init config 
29729      DEBUG main            d.u.i.k.p.i.AbstractProblemLoader Init config took 2.8s 
29791      INFO  main            d.u.i.k.p.i.AbstractProblemLoader Replaying proof ArrayList[List::add(int)].JML normal_behavior operation contract.0 
31227      DEBUG main            d.u.i.k.p.i.IntermediateProofReplayer Proof replay took 1.37s 
31238      DEBUG main            d.u.i.k.p.r.p.TestFile    ... success: reloaded. 
31240      INFO  main            d.u.i.k.p.r.p.TestFile    Now processing file /home/runner/work/key/key/key.core/../key.ui/examples/newBook/09.list_modelfield/ArrayList.remFirst.key 
31240      INFO  main            d.u.i.k.p.i.AbstractProblemLoader Loading environment from /home/runner/work/key/key/key.core/../key.ui/examples/newBook/09.list_modelfield/ArrayList.remFirst.key 
31240      DEBUG main            d.u.i.k.p.i.AbstractProblemLoader Environment load took 83.1ns 
31242      INFO  main            d.u.i.k.p.i.AbstractProblemLoader Creating init config 
34107      DEBUG main            d.u.i.k.p.i.AbstractProblemLoader Init config took 2.86s 
34184      INFO  main            d.u.i.k.p.i.AbstractProblemLoader Replaying proof ArrayList[List::remFirst()].JML normal_behavior operation contract.0 
34188      DEBUG main            d.u.i.k.p.i.IntermediateProofReplayer Proof replay took 6.5ns 
39087      INFO  main            d.u.i.k.p.r.p.TestFile    ... finished proof: closed. 
39266      INFO  main            d.u.i.k.p.i.AbstractProblemLoader Loading environment from /home/runner/work/key/key/key.core/../key.ui/examples/newBook/09.list_modelfield/ArrayList.remFirst.key.proof 
39266      DEBUG main            d.u.i.k.p.i.AbstractProblemLoader Environment load took 136.6ns 
39269      INFO  main            d.u.i.k.p.i.AbstractProblemLoader Creating init config 
41962      DEBUG main            d.u.i.k.p.i.AbstractProblemLoader Init config took 2.69s 
42013      INFO  main            d.u.i.k.p.i.AbstractProblemLoader Replaying proof ArrayList[List::remFirst()].JML normal_behavior operation contract.0 
42657      DEBUG main            d.u.i.k.p.i.IntermediateProofReplayer Proof replay took 624.68ms 
42658      DEBUG main            d.u.i.k.p.r.p.TestFile    ... success: reloaded. 
42659      INFO  main            d.u.i.k.p.r.p.TestFile    Now processing file /home/runner/work/key/key/key.core/../key.ui/examples/newBook/09.list_modelfield/ArrayList.empty.key 
42659      INFO  main            d.u.i.k.p.i.AbstractProblemLoader Loading environment from /home/runner/work/key/key/key.core/../key.ui/examples/newBook/09.list_modelfield/ArrayList.empty.key 
42660      DEBUG main            d.u.i.k.p.i.AbstractProblemLoader Environment load took 66ns 
42660      INFO  main            d.u.i.k.p.i.AbstractProblemLoader Creating init config 
45265      DEBUG main            d.u.i.k.p.i.AbstractProblemLoader Init config took 2.6s 
45314      INFO  main            d.u.i.k.p.i.AbstractProblemLoader Replaying proof ArrayList[List::empty()].JML normal_behavior operation contract.0 
45315      DEBUG main            d.u.i.k.p.i.IntermediateProofReplayer Proof replay took 6.2ns 
46364      INFO  main            d.u.i.k.p.r.p.TestFile    ... finished proof: closed. 
46526      INFO  main            d.u.i.k.p.i.AbstractProblemLoader Loading environment from /home/runner/work/key/key/key.core/../key.ui/examples/newBook/09.list_modelfield/ArrayList.empty.key.proof 
46529      DEBUG main            d.u.i.k.p.i.AbstractProblemLoader Environment load took 2.96ms 
46530      INFO  main            d.u.i.k.p.i.AbstractProblemLoader Creating init config 
49141      DEBUG main            d.u.i.k.p.i.AbstractProblemLoader Init config took 2.61s 
49207      INFO  main            d.u.i.k.p.i.AbstractProblemLoader Replaying proof ArrayList[List::empty()].JML normal_behavior operation contract.0 
49365      DEBUG main            d.u.i.k.p.i.IntermediateProofReplayer Proof replay took 147.41ms 
49368      DEBUG main            d.u.i.k.p.r.p.TestFile    ... success: reloaded. 
49369      INFO  main            d.u.i.k.p.r.p.TestFile    Now processing file /home/runner/work/key/key/key.core/../key.ui/examples/newBook/09.list_modelfield/ArrayList.size.key 
49378      INFO  main            d.u.i.k.p.i.AbstractProblemLoader Loading environment from /home/runner/work/key/key/key.core/../key.ui/examples/newBook/09.list_modelfield/ArrayList.size.key 
49379      DEBUG main            d.u.i.k.p.i.AbstractProblemLoader Environment load took 1.07ms 
49381      INFO  main            d.u.i.k.p.i.AbstractProblemLoader Creating init config 
52102      DEBUG main            d.u.i.k.p.i.AbstractProblemLoader Init config took 2.72s 
52151      INFO  main            d.u.i.k.p.i.AbstractProblemLoader Replaying proof ArrayList[List::size()].JML normal_behavior operation contract.0 
52152      DEBUG main            d.u.i.k.p.i.IntermediateProofReplayer Proof replay took 5.3ns 
52659      INFO  main            d.u.i.k.p.r.p.TestFile    ... finished proof: closed. 
52872      INFO  main            d.u.i.k.p.i.AbstractProblemLoader Loading environment from /home/runner/work/key/key/key.core/../key.ui/examples/newBook/09.list_modelfield/ArrayList.size.key.proof 
52872      DEBUG main            d.u.i.k.p.i.AbstractProblemLoader Environment load took 128.4ns 
52874      INFO  main            d.u.i.k.p.i.AbstractProblemLoader Creating init config 
55466      DEBUG main            d.u.i.k.p.i.AbstractProblemLoader Init config took 2.59s 
55524      INFO  main            d.u.i.k.p.i.AbstractProblemLoader Replaying proof ArrayList[List::size()].JML normal_behavior operation contract.0 
55584      DEBUG main            d.u.i.k.p.i.IntermediateProofReplayer Proof replay took 55.67ms 
55585      DEBUG main            d.u.i.k.p.r.p.TestFile    ... success: reloaded. 
55587      INFO  main            d.u.i.k.p.r.p.TestFile    Now processing file /home/runner/work/key/key/key.core/../key.ui/examples/newBook/09.list_modelfield/ArrayList.get.key 
55587      INFO  main            d.u.i.k.p.i.AbstractProblemLoader Loading environment from /home/runner/work/key/key/key.core/../key.ui/examples/newBook/09.list_modelfield/ArrayList.get.key 
55588      DEBUG main            d.u.i.k.p.i.AbstractProblemLoader Environment load took 405.3ns 
55589      INFO  main            d.u.i.k.p.i.AbstractProblemLoader Creating init config 
58246      DEBUG main            d.u.i.k.p.i.AbstractProblemLoader Init config took 2.66s 
58292      INFO  main            d.u.i.k.p.i.AbstractProblemLoader Replaying proof ArrayList[List::get(int)].JML normal_behavior operation contract.0 
58293      DEBUG main            d.u.i.k.p.i.IntermediateProofReplayer Proof replay took 6ns 
59299      INFO  main            d.u.i.k.p.r.p.TestFile    ... finished proof: closed. 
59458      INFO  main            d.u.i.k.p.i.AbstractProblemLoader Loading environment from /home/runner/work/key/key/key.core/../key.ui/examples/newBook/09.list_modelfield/ArrayList.get.key.proof 
59460      DEBUG main            d.u.i.k.p.i.AbstractProblemLoader Environment load took 2.57ms 
59462      INFO  main            d.u.i.k.p.i.AbstractProblemLoader Creating init config 
62032      DEBUG main            d.u.i.k.p.i.AbstractProblemLoader Init config took 2.57s 
62079      INFO  main            d.u.i.k.p.i.AbstractProblemLoader Replaying proof ArrayList[List::get(int)].JML normal_behavior operation contract.0 
62214      DEBUG main            d.u.i.k.p.i.IntermediateProofReplayer Proof replay took 129.15ms 
62215      DEBUG main            d.u.i.k.p.r.p.TestFile    ... success: reloaded. 
62728      INFO  Test worker     d.u.i.k.p.r.RunAllProofsTestUnit Returning from test newBook 
62732      INFO  Test worker     d.u.i.k.p.r.RunAllProofsTestUnit Running test oldBook 
395        INFO  Timeout watchdog d.u.i.k.p.r.p.ForkedTestFileRunner Timeout watcher launched (2000 secs.) 
416        WARN  main            d.u.i.k.s.ProofSettings   The settings in /home/runner/.key/proof-settings.props are *not* read. 
467        INFO  main            d.u.i.k.p.r.p.TestFile    Now processing file /home/runner/work/key/key/key.core/../key.ui/examples/standard_key/BookExamples/02FirstOrderLogic/Ex2.58.key 
596        INFO  main            d.u.i.k.p.i.AbstractProblemLoader Loading environment from /home/runner/work/key/key/key.core/../key.ui/examples/standard_key/BookExamples/02FirstOrderLogic/Ex2.58.key 
613        DEBUG main            d.u.i.k.p.i.AbstractProblemLoader Environment load took 2.88ms 
857        INFO  main            d.u.i.k.p.i.AbstractProblemLoader Creating init config 
1883       DEBUG main            d.u.i.k.j.TypeConverter   No LDT found for Meta 
1884       DEBUG main            d.u.i.k.j.TypeConverter   No LDT found for Meta 
1887       DEBUG main            d.u.i.k.j.TypeConverter   No LDT found for Meta 
1888       DEBUG main            d.u.i.k.j.TypeConverter   No LDT found for Meta 
3242       DEBUG main            d.u.i.k.j.TypeConverter   No LDT found for JavaBigintExpression 
8403       DEBUG main            d.u.i.k.p.i.AbstractProblemLoader Init config took 7.55s 
8462       INFO  main            d.u.i.k.p.i.AbstractProblemLoader Replaying proof Ex2.58.key 
8496       DEBUG main            d.u.i.k.p.i.IntermediateProofReplayer Proof replay took 34.8ns 
8674       INFO  main            d.u.i.k.p.r.p.TestFile    ... finished proof: closed. 
8772       INFO  main            d.u.i.k.p.i.AbstractProblemLoader Loading environment from /home/runner/work/key/key/key.core/../key.ui/examples/standard_key/BookExamples/02FirstOrderLogic/Ex2.58.key.proof 
8772       DEBUG main            d.u.i.k.p.i.AbstractProblemLoader Environment load took 136.2ns 
8778       INFO  main            d.u.i.k.p.i.AbstractProblemLoader Creating init config 
11492      DEBUG main            d.u.i.k.p.i.AbstractProblemLoader Init config took 2.71s 
11525      INFO  main            d.u.i.k.p.i.AbstractProblemLoader Replaying proof Ex2.58.key.proof 
11533      DEBUG main            d.u.i.k.p.i.IntermediateProofReplayer Proof replay took 4.16ms 
11544      DEBUG main            d.u.i.k.p.r.p.TestFile    ... success: reloaded. 
11546      INFO  main            d.u.i.k.p.r.p.TestFile    Now processing file /home/runner/work/key/key/key.core/../key.ui/examples/standard_key/BookExamples/03DynamicLogic/Sect3.3.1.key 
11546      INFO  main            d.u.i.k.p.i.AbstractProblemLoader Loading environment from /home/runner/work/key/key/key.core/../key.ui/examples/standard_key/BookExamples/03DynamicLogic/Sect3.3.1.key 
11546      DEBUG main            d.u.i.k.p.i.AbstractProblemLoader Environment load took 80.5ns 
11547      INFO  main            d.u.i.k.p.i.AbstractProblemLoader Creating init config 
14085      DEBUG main            d.u.i.k.p.i.AbstractProblemLoader Init config took 2.54s 
14119      INFO  main            d.u.i.k.p.i.AbstractProblemLoader Replaying proof Sect3.3.1.key 
14124      DEBUG main            d.u.i.k.p.i.IntermediateProofReplayer Proof replay took 6.6ns 
14530      INFO  main            d.u.i.k.p.r.p.TestFile    ... finished proof: closed. 
14664      INFO  main            d.u.i.k.p.i.AbstractProblemLoader Loading environment from /home/runner/work/key/key/key.core/../key.ui/examples/standard_key/BookExamples/03DynamicLogic/Sect3.3.1.key.proof 
14665      DEBUG main            d.u.i.k.p.i.AbstractProblemLoader Environment load took 726.71ns 
14667      INFO  main            d.u.i.k.p.i.AbstractProblemLoader Creating init config 
17108      DEBUG main            d.u.i.k.p.i.AbstractProblemLoader Init config took 2.44s 
17134      INFO  main            d.u.i.k.p.i.AbstractProblemLoader Replaying proof Sect3.3.1.key.proof 
17191      DEBUG main            d.u.i.k.p.i.IntermediateProofReplayer Proof replay took 51.9ms 
17193      DEBUG main            d.u.i.k.p.r.p.TestFile    ... success: reloaded. 
80144      INFO  Test worker     d.u.i.k.p.r.RunAllProofsTestUnit Returning from test oldBook 
80145      INFO  Test worker     d.u.i.k.p.r.RunAllProofsTestUnit Running test comprehensions 
336        INFO  Timeout watchdog d.u.i.k.p.r.p.ForkedTestFileRunner Timeout watcher launched (2000 secs.) 
355        WARN  main            d.u.i.k.s.ProofSettings   The settings in /home/runner/.key/proof-settings.props are *not* read. 
390        INFO  main            d.u.i.k.p.r.p.TestFile    Now processing file /home/runner/work/key/key/key.core/../key.ui/examples/heap/comprehensions/general_sum.key 
503        INFO  main            d.u.i.k.p.i.AbstractProblemLoader Loading environment from /home/runner/work/key/key/key.core/../key.ui/examples/heap/comprehensions/general_sum.key 
520        DEBUG main            d.u.i.k.p.i.AbstractProblemLoader Environment load took 2.41ms 
751        INFO  main            d.u.i.k.p.i.AbstractProblemLoader Creating init config 
1733       DEBUG main            d.u.i.k.j.TypeConverter   No LDT found for Meta 
1735       DEBUG main            d.u.i.k.j.TypeConverter   No LDT found for Meta 
1739       DEBUG main            d.u.i.k.j.TypeConverter   No LDT found for Meta 
1739       DEBUG main            d.u.i.k.j.TypeConverter   No LDT found for Meta 
3424       DEBUG main            d.u.i.k.j.TypeConverter   No LDT found for JavaBigintExpression 
8064       DEBUG main            d.u.i.k.p.i.AbstractProblemLoader Init config took 7.31s 
8212       INFO  main            d.u.i.k.p.i.AbstractProblemLoader Replaying proof GSum[GSum::doNothing()].JML operation contract.0 
8246       DEBUG main            d.u.i.k.p.i.IntermediateProofReplayer Proof replay took 35.2ns 
8679       INFO  main            d.u.i.k.p.r.p.TestFile    ... finished proof: closed. 
8788       INFO  main            d.u.i.k.p.i.AbstractProblemLoader Loading environment from /home/runner/work/key/key/key.core/../key.ui/examples/heap/comprehensions/general_sum.key.proof 
8789       DEBUG main            d.u.i.k.p.i.AbstractProblemLoader Environment load took 139.3ns 
8791       INFO  main            d.u.i.k.p.i.AbstractProblemLoader Creating init config 
11614      DEBUG main            d.u.i.k.p.i.AbstractProblemLoader Init config took 2.82s 
11696      INFO  main            d.u.i.k.p.i.AbstractProblemLoader Replaying proof GSum[GSum::doNothing()].JML operation contract.0 
11732      DEBUG main            d.u.i.k.p.i.IntermediateProofReplayer Proof replay took 25.61ms 
11739      DEBUG main            d.u.i.k.p.r.p.TestFile    ... success: reloaded. 
11740      INFO  main            d.u.i.k.p.r.p.TestFile    Now processing file /home/runner/work/key/key/key.core/../key.ui/examples/heap/comprehensions/sum0.key 
11741      INFO  main            d.u.i.k.p.i.AbstractProblemLoader Loading environment from /home/runner/work/key/key/key.core/../key.ui/examples/heap/comprehensions/sum0.key 
11741      DEBUG main            d.u.i.k.p.i.AbstractProblemLoader Environment load took 360.1ns 
11743      INFO  main            d.u.i.k.p.i.AbstractProblemLoader Creating init config 
14445      DEBUG main            d.u.i.k.p.i.AbstractProblemLoader Init config took 2.7s 
14502      INFO  main            d.u.i.k.p.i.AbstractProblemLoader Replaying proof Sum[Sum::sum0([I)].JML normal_behavior operation contract.0 
14505      DEBUG main            d.u.i.k.p.i.IntermediateProofReplayer Proof replay took 7.4ns 
14603      DEBUG Thread-4        d.u.i.k.l.l.OriginTermLabel commonFileName is null! 
14603      DEBUG Thread-4        d.u.i.k.l.l.OriginTermLabel commonFileName is null! 
14786      DEBUG Thread-4        d.u.i.k.l.l.OriginTermLabel commonFileName is null! 
14787      DEBUG Thread-4        d.u.i.k.l.l.OriginTermLabel commonFileName is null! 
14994      DEBUG Thread-4        d.u.i.k.l.l.OriginTermLabel commonFileName is null! 
15213      INFO  main            d.u.i.k.p.r.p.TestFile    ... finished proof: closed. 
15366      INFO  main            d.u.i.k.p.i.AbstractProblemLoader Loading environment from /home/runner/work/key/key/key.core/../key.ui/examples/heap/comprehensions/sum0.key.proof 
15366      DEBUG main            d.u.i.k.p.i.AbstractProblemLoader Environment load took 146.2ns 
15370      INFO  main            d.u.i.k.p.i.AbstractProblemLoader Creating init config 
17989      DEBUG main            d.u.i.k.p.i.AbstractProblemLoader Init config took 2.62s 
18039      INFO  main            d.u.i.k.p.i.AbstractProblemLoader Replaying proof Sum[Sum::sum0([I)].JML normal_behavior operation contract.0 
18070      DEBUG main            d.u.i.k.l.l.OriginTermLabel commonFileName is null! 
18070      DEBUG main            d.u.i.k.l.l.OriginTermLabel commonFileName is null! 
18144      DEBUG main            d.u.i.k.l.l.OriginTermLabel commonFileName is null! 
18181      DEBUG main            d.u.i.k.l.l.OriginTermLabel commonFileName is null! 
18181      DEBUG main            d.u.i.k.l.l.OriginTermLabel commonFileName is null! 
18184      DEBUG main            d.u.i.k.p.i.IntermediateProofReplayer Proof replay took 139.97ms 
18185      DEBUG main            d.u.i.k.p.r.p.TestFile    ... success: reloaded. 
18186      INFO  main            d.u.i.k.p.r.p.TestFile    Now processing file /home/runner/work/key/key/key.core/../key.ui/examples/heap/comprehensions/sum1.key 
18187      INFO  main            d.u.i.k.p.i.AbstractProblemLoader Loading environment from /home/runner/work/key/key/key.core/../key.ui/examples/heap/comprehensions/sum1.key 
18187      DEBUG main            d.u.i.k.p.i.AbstractProblemLoader Environment load took 75.3ns 
18188      INFO  main            d.u.i.k.p.i.AbstractProblemLoader Creating init config 
20793      DEBUG main            d.u.i.k.p.i.AbstractProblemLoader Init config took 2.6s 
20845      INFO  main            d.u.i.k.p.i.AbstractProblemLoader Replaying proof Sum[Sum::sum1([I)].JML normal_behavior operation contract.0 
20847      DEBUG main            d.u.i.k.p.i.IntermediateProofReplayer Proof replay took 7.5ns 
20926      DEBUG Thread-7        d.u.i.k.l.l.OriginTermLabel commonFileName is null! 
20928      DEBUG Thread-7        d.u.i.k.l.l.OriginTermLabel commonFileName is null! 
21096      DEBUG Thread-7        d.u.i.k.l.l.OriginTermLabel commonFileName is null! 
21097      DEBUG Thread-7        d.u.i.k.l.l.OriginTermLabel commonFileName is null! 
21253      DEBUG Thread-7        d.u.i.k.l.l.OriginTermLabel commonFileName is null! 
21452      INFO  main            d.u.i.k.p.r.p.TestFile    ... finished proof: closed. 
21620      INFO  main            d.u.i.k.p.i.AbstractProblemLoader Loading environment from /home/runner/work/key/key/key.core/../key.ui/examples/heap/comprehensions/sum1.key.proof 
21621      DEBUG main            d.u.i.k.p.i.AbstractProblemLoader Environment load took 706.71ns 
21623      INFO  main            d.u.i.k.p.i.AbstractProblemLoader Creating init config 
24116      DEBUG main            d.u.i.k.p.i.AbstractProblemLoader Init config took 2.49s 
24166      INFO  main            d.u.i.k.p.i.AbstractProblemLoader Replaying proof Sum[Sum::sum1([I)].JML normal_behavior operation contract.0 
24194      DEBUG main            d.u.i.k.l.l.OriginTermLabel commonFileName is null! 
24195      DEBUG main            d.u.i.k.l.l.OriginTermLabel commonFileName is null! 
24265      DEBUG main            d.u.i.k.l.l.OriginTermLabel commonFileName is null! 
24296      DEBUG main            d.u.i.k.l.l.OriginTermLabel commonFileName is null! 
24297      DEBUG main            d.u.i.k.l.l.OriginTermLabel commonFileName is null! 
24300      DEBUG main            d.u.i.k.p.i.IntermediateProofReplayer Proof replay took 129.06ms 
24301      DEBUG main            d.u.i.k.p.r.p.TestFile    ... success: reloaded. 
24304      INFO  main            d.u.i.k.p.r.p.TestFile    Now processing file /home/runner/work/key/key/key.core/../key.ui/examples/heap/comprehensions/sum2.key 
24305      INFO  main            d.u.i.k.p.i.AbstractProblemLoader Loading environment from /home/runner/work/key/key/key.core/../key.ui/examples/heap/comprehensions/sum2.key 
24305      DEBUG main            d.u.i.k.p.i.AbstractProblemLoader Environment load took 367.2ns 
24307      INFO  main            d.u.i.k.p.i.AbstractProblemLoader Creating init config 
26866      DEBUG main            d.u.i.k.p.i.AbstractProblemLoader Init config took 2.56s 
26909      INFO  main            d.u.i.k.p.i.AbstractProblemLoader Replaying proof Sum[Sum::sum2([I)].JML normal_behavior operation contract.0 
26914      DEBUG main            d.u.i.k.p.i.IntermediateProofReplayer Proof replay took 8.7ns 
26964      DEBUG Thread-10       d.u.i.k.l.l.OriginTermLabel commonFileName is null! 
26965      DEBUG Thread-10       d.u.i.k.l.l.OriginTermLabel commonFileName is null! 
27077      DEBUG Thread-10       d.u.i.k.l.l.OriginTermLabel commonFileName is null! 
27078      DEBUG Thread-10       d.u.i.k.l.l.OriginTermLabel commonFileName is null! 
27155      DEBUG Thread-10       d.u.i.k.l.l.OriginTermLabel commonFileName is null! 
27318      INFO  main            d.u.i.k.p.r.p.TestFile    ... finished proof: closed. 
27479      INFO  main            d.u.i.k.p.i.AbstractProblemLoader Loading environment from /home/runner/work/key/key/key.core/../key.ui/examples/heap/comprehensions/sum2.key.proof 
27480      DEBUG main            d.u.i.k.p.i.AbstractProblemLoader Environment load took 695.81ns 
27481      INFO  main            d.u.i.k.p.i.AbstractProblemLoader Creating init config 
30061      DEBUG main            d.u.i.k.p.i.AbstractProblemLoader Init config took 2.58s 
30116      INFO  main            d.u.i.k.p.i.AbstractProblemLoader Replaying proof Sum[Sum::sum2([I)].JML normal_behavior operation contract.0 
30144      DEBUG main            d.u.i.k.l.l.OriginTermLabel commonFileName is null! 
30144      DEBUG main            d.u.i.k.l.l.OriginTermLabel commonFileName is null! 
30182      DEBUG main            d.u.i.k.l.l.OriginTermLabel commonFileName is null! 
30209      DEBUG main            d.u.i.k.l.l.OriginTermLabel commonFileName is null! 
30210      DEBUG main            d.u.i.k.l.l.OriginTermLabel commonFileName is null! 
30212      DEBUG main            d.u.i.k.p.i.IntermediateProofReplayer Proof replay took 91.38ms 
30214      DEBUG main            d.u.i.k.p.r.p.TestFile    ... success: reloaded. 
30215      INFO  main            d.u.i.k.p.r.p.TestFile    Now processing file /home/runner/work/key/key/key.core/../key.ui/examples/heap/comprehensions/sum3.key 
30215      INFO  main            d.u.i.k.p.i.AbstractProblemLoader Loading environment from /home/runner/work/key/key/key.core/../key.ui/examples/heap/comprehensions/sum3.key 
30216      DEBUG main            d.u.i.k.p.i.AbstractProblemLoader Environment load took 344.4ns 
30217      INFO  main            d.u.i.k.p.i.AbstractProblemLoader Creating init config 
32772      DEBUG main            d.u.i.k.p.i.AbstractProblemLoader Init config took 2.55s 
32815      INFO  main            d.u.i.k.p.i.AbstractProblemLoader Replaying proof Sum[Sum::sum3([I)].JML normal_behavior operation contract.0 
32817      DEBUG main            d.u.i.k.p.i.IntermediateProofReplayer Proof replay took 6.8ns 
32865      DEBUG Thread-13       d.u.i.k.l.l.OriginTermLabel commonFileName is null! 
32866      DEBUG Thread-13       d.u.i.k.l.l.OriginTermLabel commonFileName is null! 
32991      DEBUG Thread-13       d.u.i.k.l.l.OriginTermLabel commonFileName is null! 
32992      DEBUG Thread-13       d.u.i.k.l.l.OriginTermLabel commonFileName is null! 
33064      DEBUG Thread-13       d.u.i.k.l.l.OriginTermLabel commonFileName is null! 
33220      INFO  main            d.u.i.k.p.r.p.TestFile    ... finished proof: closed. 
33401      INFO  main            d.u.i.k.p.i.AbstractProblemLoader Loading environment from /home/runner/work/key/key/key.core/../key.ui/examples/heap/comprehensions/sum3.key.proof 
33406      DEBUG main            d.u.i.k.p.i.AbstractProblemLoader Environment load took 4.3ms 
33410      INFO  main            d.u.i.k.p.i.AbstractProblemLoader Creating init config 
35964      DEBUG main            d.u.i.k.p.i.AbstractProblemLoader Init config took 2.55s 
36021      INFO  main            d.u.i.k.p.i.AbstractProblemLoader Replaying proof Sum[Sum::sum3([I)].JML normal_behavior operation contract.0 
36050      DEBUG main            d.u.i.k.l.l.OriginTermLabel commonFileName is null! 
36051      DEBUG main            d.u.i.k.l.l.OriginTermLabel commonFileName is null! 
36089      DEBUG main            d.u.i.k.l.l.OriginTermLabel commonFileName is null! 
36117      DEBUG main            d.u.i.k.l.l.OriginTermLabel commonFileName is null! 
36118      DEBUG main            d.u.i.k.l.l.OriginTermLabel commonFileName is null! 
36122      DEBUG main            d.u.i.k.p.i.IntermediateProofReplayer Proof replay took 96.47ms 
36123      DEBUG main            d.u.i.k.p.r.p.TestFile    ... success: reloaded. 
36126      INFO  main            d.u.i.k.p.r.p.TestFile    Now processing file /home/runner/work/key/key/key.core/../key.ui/examples/heap/comprehensions/segsum.key 
36127      INFO  main            d.u.i.k.p.i.AbstractProblemLoader Loading environment from /home/runner/work/key/key/key.core/../key.ui/examples/heap/comprehensions/segsum.key 
36127      DEBUG main            d.u.i.k.p.i.AbstractProblemLoader Environment load took 327.4ns 
36129      INFO  main            d.u.i.k.p.i.AbstractProblemLoader Creating init config 
38686      DEBUG main            d.u.i.k.p.i.AbstractProblemLoader Init config took 2.56s 
38727      INFO  main            d.u.i.k.p.i.AbstractProblemLoader Replaying proof SegSum[SegSum::segSum([I,int,int)].JML normal_behavior operation contract.0 
38730      DEBUG main            d.u.i.k.p.i.IntermediateProofReplayer Proof replay took 7.7ns 
39140      INFO  main            d.u.i.k.p.r.p.TestFile    ... finished proof: closed. 
39303      INFO  main            d.u.i.k.p.i.AbstractProblemLoader Loading environment from /home/runner/work/key/key/key.core/../key.ui/examples/heap/comprehensions/segsum.key.proof 
39305      DEBUG main            d.u.i.k.p.i.AbstractProblemLoader Environment load took 1.87ms 
39306      INFO  main            d.u.i.k.p.i.AbstractProblemLoader Creating init config 
41770      DEBUG main            d.u.i.k.p.i.AbstractProblemLoader Init config took 2.46s 
41830      INFO  main            d.u.i.k.p.i.AbstractProblemLoader Replaying proof SegSum[SegSum::segSum([I,int,int)].JML normal_behavior operation contract.0 
41928      DEBUG main            d.u.i.k.p.i.IntermediateProofReplayer Proof replay took 85.04ms 
41929      DEBUG main            d.u.i.k.p.r.p.TestFile    ... success: reloaded. 
41930      INFO  main            d.u.i.k.p.r.p.TestFile    Now processing file /home/runner/work/key/key/key.core/../key.ui/examples/heap/comprehensions/bsum_negative.key 
41930      INFO  main            d.u.i.k.p.i.AbstractProblemLoader Loading environment from /home/runner/work/key/key/key.core/../key.ui/examples/heap/comprehensions/bsum_negative.key 
41931      DEBUG main            d.u.i.k.p.i.AbstractProblemLoader Environment load took 87.1ns 
41932      INFO  main            d.u.i.k.p.i.AbstractProblemLoader Creating init config 
44282      DEBUG main            d.u.i.k.p.i.AbstractProblemLoader Init config took 2.35s 
44316      INFO  main            d.u.i.k.p.i.AbstractProblemLoader Replaying proof bsum_negative.key 
44317      DEBUG main            d.u.i.k.p.i.IntermediateProofReplayer Proof replay took 7.8ns 
44419      INFO  main            d.u.i.k.p.r.p.TestFile    ... finished proof: closed. 
44578      INFO  main            d.u.i.k.p.i.AbstractProblemLoader Loading environment from /home/runner/work/key/key/key.core/../key.ui/examples/heap/comprehensions/bsum_negative.key.proof 
44578      DEBUG main            d.u.i.k.p.i.AbstractProblemLoader Environment load took 119.7ns 
44579      INFO  main            d.u.i.k.p.i.AbstractProblemLoader Creating init config 
46890      DEBUG main            d.u.i.k.p.i.AbstractProblemLoader Init config took 2.31s 
46909      INFO  main            d.u.i.k.p.i.AbstractProblemLoader Replaying proof bsum_negative.key.proof 
46913      DEBUG main            d.u.i.k.p.i.IntermediateProofReplayer Proof replay took 1.88ms 
46915      DEBUG main            d.u.i.k.p.r.p.TestFile    ... success: reloaded. 
46916      INFO  main            d.u.i.k.p.r.p.TestFile    Now processing file /home/runner/work/key/key/key.core/../key.ui/examples/heap/comprehensions/bsum_neg2.key 
46916      INFO  main            d.u.i.k.p.i.AbstractProblemLoader Loading environment from /home/runner/work/key/key/key.core/../key.ui/examples/heap/comprehensions/bsum_neg2.key 
46917      DEBUG main            d.u.i.k.p.i.AbstractProblemLoader Environment load took 320.8ns 
46918      INFO  main            d.u.i.k.p.i.AbstractProblemLoader Creating init config 
49248      DEBUG main            d.u.i.k.p.i.AbstractProblemLoader Init config took 2.33s 
49264      INFO  main            d.u.i.k.p.i.AbstractProblemLoader Replaying proof bsum_neg2.key 
49266      DEBUG main            d.u.i.k.p.i.IntermediateProofReplayer Proof replay took 7.8ns 
49371      INFO  main            d.u.i.k.p.r.p.TestFile    ... finished proof: closed. 
49535      INFO  main            d.u.i.k.p.i.AbstractProblemLoader Loading environment from /home/runner/work/key/key/key.core/../key.ui/examples/heap/comprehensions/bsum_neg2.key.proof 
49536      DEBUG main            d.u.i.k.p.i.AbstractProblemLoader Environment load took 133.5ns 
49537      INFO  main            d.u.i.k.p.i.AbstractProblemLoader Creating init config 
51838      DEBUG main            d.u.i.k.p.i.AbstractProblemLoader Init config took 2.3s 
51854      INFO  main            d.u.i.k.p.i.AbstractProblemLoader Replaying proof bsum_neg2.key.proof 
51857      DEBUG main            d.u.i.k.p.i.IntermediateProofReplayer Proof replay took 853.88ns 
51857      DEBUG main            d.u.i.k.p.r.p.TestFile    ... success: reloaded. 
51858      INFO  main            d.u.i.k.p.r.p.TestFile    Now processing file /home/runner/work/key/key/key.core/../key.ui/examples/heap/comprehensions/bsumSplit.key 
51858      INFO  main            d.u.i.k.p.i.AbstractProblemLoader Loading environment from /home/runner/work/key/key/key.core/../key.ui/examples/heap/comprehensions/bsumSplit.key 
51858      DEBUG main            d.u.i.k.p.i.AbstractProblemLoader Environment load took 120.01ns 
51860      INFO  main            d.u.i.k.p.i.AbstractProblemLoader Creating init config 
54220      DEBUG main            d.u.i.k.p.i.AbstractProblemLoader Init config took 2.36s 
54237      INFO  main            d.u.i.k.p.i.AbstractProblemLoader Replaying proof bsumSplit.key 
54239      DEBUG main            d.u.i.k.p.i.IntermediateProofReplayer Proof replay took 7.2ns 
54343      INFO  main            d.u.i.k.p.r.p.TestFile    ... finished proof: closed. 
54552      INFO  main            d.u.i.k.p.i.AbstractProblemLoader Loading environment from /home/runner/work/key/key/key.core/../key.ui/examples/heap/comprehensions/bsumSplit.key.proof 
54552      DEBUG main            d.u.i.k.p.i.AbstractProblemLoader Environment load took 115.2ns 
54557      INFO  main            d.u.i.k.p.i.AbstractProblemLoader Creating init config 
56852      DEBUG main            d.u.i.k.p.i.AbstractProblemLoader Init config took 2.29s 
56868      INFO  main            d.u.i.k.p.i.AbstractProblemLoader Replaying proof bsumSplit.key.proof 
56873      DEBUG main            d.u.i.k.p.i.IntermediateProofReplayer Proof replay took 3.72ms 
56874      DEBUG main            d.u.i.k.p.r.p.TestFile    ... success: reloaded. 
56875      INFO  main            d.u.i.k.p.r.p.TestFile    Now processing file /home/runner/work/key/key/key.core/../key.ui/examples/heap/comprehensions/bprodSplit.key 
56875      INFO  main            d.u.i.k.p.i.AbstractProblemLoader Loading environment from /home/runner/work/key/key/key.core/../key.ui/examples/heap/comprehensions/bprodSplit.key 
56875      DEBUG main            d.u.i.k.p.i.AbstractProblemLoader Environment load took 117.6ns 
56876      INFO  main            d.u.i.k.p.i.AbstractProblemLoader Creating init config 
59215      DEBUG main            d.u.i.k.p.i.AbstractProblemLoader Init config took 2.34s 
59232      INFO  main            d.u.i.k.p.i.AbstractProblemLoader Replaying proof bprodSplit.key 
59234      DEBUG main            d.u.i.k.p.i.IntermediateProofReplayer Proof replay took 7.8ns 
59339      INFO  main            d.u.i.k.p.r.p.TestFile    ... finished proof: closed. 
59520      INFO  main            d.u.i.k.p.i.AbstractProblemLoader Loading environment from /home/runner/work/key/key/key.core/../key.ui/examples/heap/comprehensions/bprodSplit.key.proof 
59520      DEBUG main            d.u.i.k.p.i.AbstractProblemLoader Environment load took 117.2ns 
59521      INFO  main            d.u.i.k.p.i.AbstractProblemLoader Creating init config 
61815      DEBUG main            d.u.i.k.p.i.AbstractProblemLoader Init config took 2.29s 
61832      INFO  main            d.u.i.k.p.i.AbstractProblemLoader Replaying proof bprodSplit.key.proof 
61836      DEBUG main            d.u.i.k.p.i.IntermediateProofReplayer Proof replay took 2.29ms 
61837      DEBUG main            d.u.i.k.p.r.p.TestFile    ... success: reloaded. 
61838      INFO  main            d.u.i.k.p.r.p.TestFile    Now processing file /home/runner/work/key/key/key.core/../key.ui/examples/heap/comprehensions/bsumSplitInvalid.key 
61838      INFO  main            d.u.i.k.p.i.AbstractProblemLoader Loading environment from /home/runner/work/key/key/key.core/../key.ui/examples/heap/comprehensions/bsumSplitInvalid.key 
61839      DEBUG main            d.u.i.k.p.i.AbstractProblemLoader Environment load took 250.91ns 
61840      INFO  main            d.u.i.k.p.i.AbstractProblemLoader Creating init config 
64195      DEBUG main            d.u.i.k.p.i.AbstractProblemLoader Init config took 2.36s 
64211      INFO  main            d.u.i.k.p.i.AbstractProblemLoader Replaying proof bsumSplitInvalid.key 
64212      DEBUG main            d.u.i.k.p.i.IntermediateProofReplayer Proof replay took 7.1ns 
64319      INFO  main            d.u.i.k.p.r.p.TestFile    ... finished proof: open goal(s) 
144841     INFO  Test worker     d.u.i.k.p.r.RunAllProofsTestUnit Returning from test comprehensions 
144843     INFO  Test worker     d.u.i.k.p.r.RunAllProofsTestUnit Running test performance 
353        INFO  Timeout watchdog d.u.i.k.p.r.p.ForkedTestFileRunner Timeout watcher launched (2000 secs.) 
366        WARN  main            d.u.i.k.s.ProofSettings   The settings in /home/runner/.key/proof-settings.props are *not* read. 
397        INFO  main            d.u.i.k.p.r.p.TestFile    Now processing file /home/runner/work/key/key/key.core/../key.ui/examples/performance-test/Disjoint(Disjoint__disjoint_08()).JML_operation_contract.0.key 
561        INFO  main            d.u.i.k.p.i.AbstractProblemLoader Loading environment from /home/runner/work/key/key/key.core/../key.ui/examples/performance-test/Disjoint(Disjoint__disjoint_08()).JML_operation_contract.0.key 
586        DEBUG main            d.u.i.k.p.i.AbstractProblemLoader Environment load took 2.13ms 
822        INFO  main            d.u.i.k.p.i.AbstractProblemLoader Creating init config 
1704       DEBUG main            d.u.i.k.j.TypeConverter   No LDT found for Meta 
1705       DEBUG main            d.u.i.k.j.TypeConverter   No LDT found for Meta 
1706       DEBUG main            d.u.i.k.j.TypeConverter   No LDT found for Meta 
1707       DEBUG main            d.u.i.k.j.TypeConverter   No LDT found for Meta 
3187       DEBUG main            d.u.i.k.j.TypeConverter   No LDT found for JavaBigintExpression 
8638       DEBUG main            d.u.i.k.j.r.ClassPreparationMethodBuilder clPrepBuilder: Inner Class detected. Reject building class initialisation methods. 
16733      DEBUG main            d.u.i.k.p.i.AbstractProblemLoader Init config took 15.91s 
16931      INFO  main            d.u.i.k.p.i.AbstractProblemLoader Replaying proof Disjoint[Disjoint::disjoint_8()].JML operation contract.0 
16995      DEBUG main            d.u.i.k.p.i.IntermediateProofReplayer Proof replay took 359.51ns 
19590      INFO  main            d.u.i.k.p.r.p.TestFile    ... finished proof: closed. 
19816      INFO  main            d.u.i.k.p.i.AbstractProblemLoader Loading environment from /home/runner/work/key/key/key.core/../key.ui/examples/performance-test/Disjoint(Disjoint__disjoint_08()).JML_operation_contract.0.key.proof 
19817      DEBUG main            d.u.i.k.p.i.AbstractProblemLoader Environment load took 727.81ns 
19822      INFO  main            d.u.i.k.p.i.AbstractProblemLoader Creating init config 
22873      DEBUG main            d.u.i.k.j.r.ClassPreparationMethodBuilder clPrepBuilder: Inner Class detected. Reject building class initialisation methods. 
30044      DEBUG main            d.u.i.k.p.i.AbstractProblemLoader Init config took 10.22s 
30177      INFO  main            d.u.i.k.p.i.AbstractProblemLoader Replaying proof Disjoint[Disjoint::disjoint_8()].JML operation contract.0 
30636      DEBUG main            d.u.i.k.p.i.IntermediateProofReplayer Proof replay took 436.93ms 
30653      DEBUG main            d.u.i.k.p.r.p.TestFile    ... success: reloaded. 
30659      INFO  main            d.u.i.k.p.r.p.TestFile    Now processing file /home/runner/work/key/key/key.core/../key.ui/examples/performance-test/Disjoint(Disjoint__disjoint2_08()).JML_operation_contract.0.key 
30659      INFO  main            d.u.i.k.p.i.AbstractProblemLoader Loading environment from /home/runner/work/key/key/key.core/../key.ui/examples/performance-test/Disjoint(Disjoint__disjoint2_08()).JML_operation_contract.0.key 
30659      DEBUG main            d.u.i.k.p.i.AbstractProblemLoader Environment load took 185ns 
30661      INFO  main            d.u.i.k.p.i.AbstractProblemLoader Creating init config 
33681      DEBUG main            d.u.i.k.j.r.ClassPreparationMethodBuilder clPrepBuilder: Inner Class detected. Reject building class initialisation methods. 
40643      DEBUG main            d.u.i.k.p.i.AbstractProblemLoader Init config took 9.98s 
40749      INFO  main            d.u.i.k.p.i.AbstractProblemLoader Replaying proof Disjoint[Disjoint::disjoint2_8()].JML operation contract.0 
40751      DEBUG main            d.u.i.k.p.i.IntermediateProofReplayer Proof replay took 12.6ns 
41757      INFO  main            d.u.i.k.p.r.p.TestFile    ... finished proof: closed. 
42024      INFO  main            d.u.i.k.p.i.AbstractProblemLoader Loading environment from /home/runner/work/key/key/key.core/../key.ui/examples/performance-test/Disjoint(Disjoint__disjoint2_08()).JML_operation_contract.0.key.proof 
42025      DEBUG main            d.u.i.k.p.i.AbstractProblemLoader Environment load took 651.71ns 
42026      INFO  main            d.u.i.k.p.i.AbstractProblemLoader Creating init config 
44904      DEBUG main            d.u.i.k.j.r.ClassPreparationMethodBuilder clPrepBuilder: Inner Class detected. Reject building class initialisation methods. 
51674      DEBUG main            d.u.i.k.p.i.AbstractProblemLoader Init config took 9.65s 
51805      INFO  main            d.u.i.k.p.i.AbstractProblemLoader Replaying proof Disjoint[Disjoint::disjoint2_8()].JML operation contract.0 
51897      DEBUG main            d.u.i.k.p.i.IntermediateProofReplayer Proof replay took 88.63ms 
51899      DEBUG main            d.u.i.k.p.r.p.TestFile    ... success: reloaded. 
51900      INFO  main            d.u.i.k.p.r.p.TestFile    Now processing file /home/runner/work/key/key/key.core/../key.ui/examples/performance-test/AccessChain1(AccessChain1__foo_08()).JML_operation_contract.0.key 
51900      INFO  main            d.u.i.k.p.i.AbstractProblemLoader Loading environment from /home/runner/work/key/key/key.core/../key.ui/examples/performance-test/AccessChain1(AccessChain1__foo_08()).JML_operation_contract.0.key 
51900      DEBUG main            d.u.i.k.p.i.AbstractProblemLoader Environment load took 58.3ns 
51901      INFO  main            d.u.i.k.p.i.AbstractProblemLoader Creating init config 
54816      DEBUG main            d.u.i.k.j.r.ClassPreparationMethodBuilder clPrepBuilder: Inner Class detected. Reject building class initialisation methods. 
61628      DEBUG main            d.u.i.k.p.i.AbstractProblemLoader Init config took 9.73s 
61745      INFO  main            d.u.i.k.p.i.AbstractProblemLoader Replaying proof AccessChain1[AccessChain1::foo_8()].JML operation contract.0 
61750      DEBUG main            d.u.i.k.p.i.IntermediateProofReplayer Proof replay took 12.5ns 
64496      INFO  main            d.u.i.k.p.r.p.TestFile    ... finished proof: closed. 
64826      INFO  main            d.u.i.k.p.i.AbstractProblemLoader Loading environment from /home/runner/work/key/key/key.core/../key.ui/examples/performance-test/AccessChain1(AccessChain1__foo_08()).JML_operation_contract.0.key.proof 
64828      DEBUG main            d.u.i.k.p.i.AbstractProblemLoader Environment load took 2ms 
64831      INFO  main            d.u.i.k.p.i.AbstractProblemLoader Creating init config 
67659      DEBUG main            d.u.i.k.j.r.ClassPreparationMethodBuilder clPrepBuilder: Inner Class detected. Reject building class initialisation methods. 
74329      DEBUG main            d.u.i.k.p.i.AbstractProblemLoader Init config took 9.5s 
74437      INFO  main            d.u.i.k.p.i.AbstractProblemLoader Replaying proof AccessChain1[AccessChain1::foo_8()].JML operation contract.0 
74938      DEBUG main            d.u.i.k.p.i.IntermediateProofReplayer Proof replay took 485.43ms 
74940      DEBUG main            d.u.i.k.p.r.p.TestFile    ... success: reloaded. 
74943      INFO  main            d.u.i.k.p.r.p.TestFile    Now processing file /home/runner/work/key/key/key.core/../key.ui/examples/performance-test/AccessChain4(AccessChain4__foo_08()).JML_operation_contract.0.key 
74944      INFO  main            d.u.i.k.p.i.AbstractProblemLoader Loading environment from /home/runner/work/key/key/key.core/../key.ui/examples/performance-test/AccessChain4(AccessChain4__foo_08()).JML_operation_contract.0.key 
74944      DEBUG main            d.u.i.k.p.i.AbstractProblemLoader Environment load took 316.31ns 
74945      INFO  main            d.u.i.k.p.i.AbstractProblemLoader Creating init config 
77856      DEBUG main            d.u.i.k.j.r.ClassPreparationMethodBuilder clPrepBuilder: Inner Class detected. Reject building class initialisation methods. 
84603      DEBUG main            d.u.i.k.p.i.AbstractProblemLoader Init config took 9.66s 
84697      INFO  main            d.u.i.k.p.i.AbstractProblemLoader Replaying proof AccessChain4[AccessChain4::foo_8()].JML operation contract.0 
84699      DEBUG main            d.u.i.k.p.i.IntermediateProofReplayer Proof replay took 12.5ns 
91122      INFO  main            d.u.i.k.p.r.p.TestFile    ... finished proof: closed. 
91516      INFO  main            d.u.i.k.p.i.AbstractProblemLoader Loading environment from /home/runner/work/key/key/key.core/../key.ui/examples/performance-test/AccessChain4(AccessChain4__foo_08()).JML_operation_contract.0.key.proof 
91525      DEBUG main            d.u.i.k.p.i.AbstractProblemLoader Environment load took 8.39ms 
91527      INFO  main            d.u.i.k.p.i.AbstractProblemLoader Creating init config 
94336      DEBUG main            d.u.i.k.j.r.ClassPreparationMethodBuilder clPrepBuilder: Inner Class detected. Reject building class initialisation methods. 
101047     DEBUG main            d.u.i.k.p.i.AbstractProblemLoader Init config took 9.52s 
101137     INFO  main            d.u.i.k.p.i.AbstractProblemLoader Replaying proof AccessChain4[AccessChain4::foo_8()].JML operation contract.0 
102213     DEBUG main            d.u.i.k.p.i.IntermediateProofReplayer Proof replay took 1.05s 
102216     DEBUG main            d.u.i.k.p.r.p.TestFile    ... success: reloaded. 
102217     INFO  main            d.u.i.k.p.r.p.TestFile    Now processing file /home/runner/work/key/key/key.core/../key.ui/examples/performance-test/Disjoint(Disjoint__xZero_08()).JML_operation_contract.0.key 
102217     INFO  main            d.u.i.k.p.i.AbstractProblemLoader Loading environment from /home/runner/work/key/key/key.core/../key.ui/examples/performance-test/Disjoint(Disjoint__xZero_08()).JML_operation_contract.0.key 
102218     DEBUG main            d.u.i.k.p.i.AbstractProblemLoader Environment load took 348.51ns 
102219     INFO  main            d.u.i.k.p.i.AbstractProblemLoader Creating init config 
105154     DEBUG main            d.u.i.k.j.r.ClassPreparationMethodBuilder clPrepBuilder: Inner Class detected. Reject building class initialisation methods. 
111936     DEBUG main            d.u.i.k.p.i.AbstractProblemLoader Init config took 9.72s 
112026     INFO  main            d.u.i.k.p.i.AbstractProblemLoader Replaying proof Disjoint[Disjoint::xZero_8()].JML operation contract.0 
112028     DEBUG main            d.u.i.k.p.i.IntermediateProofReplayer Proof replay took 12ns 
113037     INFO  main            d.u.i.k.p.r.p.TestFile    ... finished proof: closed. 
113419     INFO  main            d.u.i.k.p.i.AbstractProblemLoader Loading environment from /home/runner/work/key/key/key.core/../key.ui/examples/performance-test/Disjoint(Disjoint__xZero_08()).JML_operation_contract.0.key.proof 
113424     DEBUG main            d.u.i.k.p.i.AbstractProblemLoader Environment load took 5.34ms 
113426     INFO  main            d.u.i.k.p.i.AbstractProblemLoader Creating init config 
116221     DEBUG main            d.u.i.k.j.r.ClassPreparationMethodBuilder clPrepBuilder: Inner Class detected. Reject building class initialisation methods. 
122896     DEBUG main            d.u.i.k.p.i.AbstractProblemLoader Init config took 9.47s 
122985     INFO  main            d.u.i.k.p.i.AbstractProblemLoader Replaying proof Disjoint[Disjoint::xZero_8()].JML operation contract.0 
123183     DEBUG main            d.u.i.k.p.i.IntermediateProofReplayer Proof replay took 190.94ms 
123185     DEBUG main            d.u.i.k.p.r.p.TestFile    ... success: reloaded. 
123187     INFO  main            d.u.i.k.p.r.p.TestFile    Now processing file /home/runner/work/key/key/key.core/../key.ui/examples/performance-test/Dynamic(Dynamic__foo_08()).JML_operation_contract.0.key 
123188     INFO  main            d.u.i.k.p.i.AbstractProblemLoader Loading environment from /home/runner/work/key/key/key.core/../key.ui/examples/performance-test/Dynamic(Dynamic__foo_08()).JML_operation_contract.0.key 
123188     DEBUG main            d.u.i.k.p.i.AbstractProblemLoader Environment load took 309.11ns 
123189     INFO  main            d.u.i.k.p.i.AbstractProblemLoader Creating init config 
126097     DEBUG main            d.u.i.k.j.r.ClassPreparationMethodBuilder clPrepBuilder: Inner Class detected. Reject building class initialisation methods. 
132777     DEBUG main            d.u.i.k.p.i.AbstractProblemLoader Init config took 9.59s 
132876     INFO  main            d.u.i.k.p.i.AbstractProblemLoader Replaying proof Dynamic[Dynamic::foo_8()].JML operation contract.0 
132878     DEBUG main            d.u.i.k.p.i.IntermediateProofReplayer Proof replay took 14.1ns 
138628     INFO  main            d.u.i.k.p.r.p.TestFile    ... finished proof: closed. 
139021     INFO  main            d.u.i.k.p.i.AbstractProblemLoader Loading environment from /home/runner/work/key/key/key.core/../key.ui/examples/performance-test/Dynamic(Dynamic__foo_08()).JML_operation_contract.0.key.proof 
139021     DEBUG main            d.u.i.k.p.i.AbstractProblemLoader Environment load took 225.7ns 
139023     INFO  main            d.u.i.k.p.i.AbstractProblemLoader Creating init config 
141819     DEBUG main            d.u.i.k.j.r.ClassPreparationMethodBuilder clPrepBuilder: Inner Class detected. Reject building class initialisation methods. 
148483     DEBUG main            d.u.i.k.p.i.AbstractProblemLoader Init config took 9.46s 
148571     INFO  main            d.u.i.k.p.i.AbstractProblemLoader Replaying proof Dynamic[Dynamic::foo_8()].JML operation contract.0 
149156     DEBUG main            d.u.i.k.p.i.IntermediateProofReplayer Proof replay took 557.13ms 
149159     DEBUG main            d.u.i.k.p.r.p.TestFile    ... success: reloaded. 
149161     INFO  main            d.u.i.k.p.r.p.TestFile    Now processing file /home/runner/work/key/key/key.core/../key.ui/examples/performance-test/DynamicGhost(DynamicGhost__dynamicGhost_08()).JML_normal_behavior_operation_contract.0.key 
149162     INFO  main            d.u.i.k.p.i.AbstractProblemLoader Loading environment from /home/runner/work/key/key/key.core/../key.ui/examples/performance-test/DynamicGhost(DynamicGhost__dynamicGhost_08()).JML_normal_behavior_operation_contract.0.key 
149162     DEBUG main            d.u.i.k.p.i.AbstractProblemLoader Environment load took 280.1ns 
149163     INFO  main            d.u.i.k.p.i.AbstractProblemLoader Creating init config 
152100     DEBUG main            d.u.i.k.j.r.ClassPreparationMethodBuilder clPrepBuilder: Inner Class detected. Reject building class initialisation methods. 
158870     DEBUG main            d.u.i.k.p.i.AbstractProblemLoader Init config took 9.71s 
158960     INFO  main            d.u.i.k.p.i.AbstractProblemLoader Replaying proof DynamicGhost[DynamicGhost::dynamicGhost_8()].JML normal_behavior operation contract.0 
158962     DEBUG main            d.u.i.k.p.i.IntermediateProofReplayer Proof replay took 28.4ns 
163498     INFO  main            d.u.i.k.p.r.p.TestFile    ... finished proof: closed. 
163904     INFO  main            d.u.i.k.p.i.AbstractProblemLoader Loading environment from /home/runner/work/key/key/key.core/../key.ui/examples/performance-test/DynamicGhost(DynamicGhost__dynamicGhost_08()).JML_normal_behavior_operation_contract.0.key.proof 
163904     DEBUG main            d.u.i.k.p.i.AbstractProblemLoader Environment load took 610.31ns 
163907     INFO  main            d.u.i.k.p.i.AbstractProblemLoader Creating init config 
166677     DEBUG main            d.u.i.k.j.r.ClassPreparationMethodBuilder clPrepBuilder: Inner Class detected. Reject building class initialisation methods. 
173351     DEBUG main            d.u.i.k.p.i.AbstractProblemLoader Init config took 9.44s 
173440     INFO  main            d.u.i.k.p.i.AbstractProblemLoader Replaying proof DynamicGhost[DynamicGhost::dynamicGhost_8()].JML normal_behavior operation contract.0 
174024     DEBUG main            d.u.i.k.p.i.IntermediateProofReplayer Proof replay took 563.71ms 
174027     DEBUG main            d.u.i.k.p.r.p.TestFile    ... success: reloaded. 
174031     INFO  main            d.u.i.k.p.r.p.TestFile    Now processing file /home/runner/work/key/key/key.core/../key.ui/examples/performance-test/GhostFrame(GhostFrame__foo_08()).JML_operation_contract.0.key 
174031     INFO  main            d.u.i.k.p.i.AbstractProblemLoader Loading environment from /home/runner/work/key/key/key.core/../key.ui/examples/performance-test/GhostFrame(GhostFrame__foo_08()).JML_operation_contract.0.key 
174031     DEBUG main            d.u.i.k.p.i.AbstractProblemLoader Environment load took 83.5ns 
174032     INFO  main            d.u.i.k.p.i.AbstractProblemLoader Creating init config 
176961     DEBUG main            d.u.i.k.j.r.ClassPreparationMethodBuilder clPrepBuilder: Inner Class detected. Reject building class initialisation methods. 
183695     DEBUG main            d.u.i.k.p.i.AbstractProblemLoader Init config took 9.66s 
183780     INFO  main            d.u.i.k.p.i.AbstractProblemLoader Replaying proof GhostFrame[GhostFrame::foo_8()].JML operation contract.0 
183782     DEBUG main            d.u.i.k.p.i.IntermediateProofReplayer Proof replay took 12.3ns 
185798     INFO  main            d.u.i.k.p.r.p.TestFile    ... finished proof: closed. 
186217     INFO  main            d.u.i.k.p.i.AbstractProblemLoader Loading environment from /home/runner/work/key/key/key.core/../key.ui/examples/performance-test/GhostFrame(GhostFrame__foo_08()).JML_operation_contract.0.key.proof 
186217     DEBUG main            d.u.i.k.p.i.AbstractProblemLoader Environment load took 256.6ns 
186223     INFO  main            d.u.i.k.p.i.AbstractProblemLoader Creating init config 
188984     DEBUG main            d.u.i.k.j.r.ClassPreparationMethodBuilder clPrepBuilder: Inner Class detected. Reject building class initialisation methods. 
195667     DEBUG main            d.u.i.k.p.i.AbstractProblemLoader Init config took 9.44s 
195753     INFO  main            d.u.i.k.p.i.AbstractProblemLoader Replaying proof GhostFrame[GhostFrame::foo_8()].JML operation contract.0 
196131     DEBUG main            d.u.i.k.p.i.IntermediateProofReplayer Proof replay took 369.27ms 
196132     DEBUG main            d.u.i.k.p.r.p.TestFile    ... success: reloaded. 
196134     INFO  main            d.u.i.k.p.r.p.TestFile    Now processing file /home/runner/work/key/key/key.core/../key.ui/examples/performance-test/Modelfield(Modelfield__foo_08()).JML_operation_contract.0.key 
196134     INFO  main            d.u.i.k.p.i.AbstractProblemLoader Loading environment from /home/runner/work/key/key/key.core/../key.ui/examples/performance-test/Modelfield(Modelfield__foo_08()).JML_operation_contract.0.key 
196134     DEBUG main            d.u.i.k.p.i.AbstractProblemLoader Environment load took 134.2ns 
196135     INFO  main            d.u.i.k.p.i.AbstractProblemLoader Creating init config 
198980     DEBUG main            d.u.i.k.j.r.ClassPreparationMethodBuilder clPrepBuilder: Inner Class detected. Reject building class initialisation methods. 
205696     DEBUG main            d.u.i.k.p.i.AbstractProblemLoader Init config took 9.56s 
205782     INFO  main            d.u.i.k.p.i.AbstractProblemLoader Replaying proof Modelfield[Modelfield::foo_8()].JML operation contract.0 
205784     DEBUG main            d.u.i.k.p.i.IntermediateProofReplayer Proof replay took 6.4ns 
208995     INFO  main            d.u.i.k.p.r.p.TestFile    ... finished proof: closed. 
209431     INFO  main            d.u.i.k.p.i.AbstractProblemLoader Loading environment from /home/runner/work/key/key/key.core/../key.ui/examples/performance-test/Modelfield(Modelfield__foo_08()).JML_operation_contract.0.key.proof 
209432     DEBUG main            d.u.i.k.p.i.AbstractProblemLoader Environment load took 554.21ns 
209434     INFO  main            d.u.i.k.p.i.AbstractProblemLoader Creating init config 
212176     DEBUG main            d.u.i.k.j.r.ClassPreparationMethodBuilder clPrepBuilder: Inner Class detected. Reject building class initialisation methods. 
218851     DEBUG main            d.u.i.k.p.i.AbstractProblemLoader Init config took 9.42s 
218936     INFO  main            d.u.i.k.p.i.AbstractProblemLoader Replaying proof Modelfield[Modelfield::foo_8()].JML operation contract.0 
219346     DEBUG main            d.u.i.k.p.i.IntermediateProofReplayer Proof replay took 396.74ms 
219348     DEBUG main            d.u.i.k.p.r.p.TestFile    ... success: reloaded. 
364364     INFO  Test worker     d.u.i.k.p.r.RunAllProofsTestUnit Returning from test performance 
364366     INFO  Test worker     d.u.i.k.p.r.RunAllProofsTestUnit Running test performancePOConstruction 
365        INFO  Timeout watchdog d.u.i.k.p.r.p.ForkedTestFileRunner Timeout watcher launched (2000 secs.) 
371        WARN  main            d.u.i.k.s.ProofSettings   The settings in /home/runner/.key/proof-settings.props are *not* read. 
421        INFO  main            d.u.i.k.p.r.p.TestFile    Now processing file /home/runner/work/key/key/key.core/../key.ui/examples/performance-test/Test(Test__a0(int)).JML_normal_behavior_operation_contract.0.key 
524        INFO  main            d.u.i.k.p.i.AbstractProblemLoader Loading environment from /home/runner/work/key/key/key.core/../key.ui/examples/performance-test/Test(Test__a0(int)).JML_normal_behavior_operation_contract.0.key 
541        DEBUG main            d.u.i.k.p.i.AbstractProblemLoader Environment load took 1.9ms 
777        INFO  main            d.u.i.k.p.i.AbstractProblemLoader Creating init config 
1641       DEBUG main            d.u.i.k.j.TypeConverter   No LDT found for Meta 
1646       DEBUG main            d.u.i.k.j.TypeConverter   No LDT found for Meta 
1648       DEBUG main            d.u.i.k.j.TypeConverter   No LDT found for Meta 
1648       DEBUG main            d.u.i.k.j.TypeConverter   No LDT found for Meta 
3045       DEBUG main            d.u.i.k.j.TypeConverter   No LDT found for JavaBigintExpression 
8902       DEBUG main            d.u.i.k.j.r.ClassPreparationMethodBuilder clPrepBuilder: Inner Class detected. Reject building class initialisation methods. 
17401      DEBUG main            d.u.i.k.p.i.AbstractProblemLoader Init config took 16.62s 
18455      INFO  main            d.u.i.k.p.i.AbstractProblemLoader Replaying proof Test[Test::a0(int)].JML normal_behavior operation contract.0 
18512      DEBUG main            d.u.i.k.p.i.IntermediateProofReplayer Proof replay took 33.7ns 
18953      INFO  main            d.u.i.k.p.r.p.TestFile    ... finished proof: closed. 
19111      INFO  main            d.u.i.k.p.i.AbstractProblemLoader Loading environment from /home/runner/work/key/key/key.core/../key.ui/examples/performance-test/Test(Test__a0(int)).JML_normal_behavior_operation_contract.0.key.proof 
19116      DEBUG main            d.u.i.k.p.i.AbstractProblemLoader Environment load took 4.81ms 
19120      INFO  main            d.u.i.k.p.i.AbstractProblemLoader Creating init config 
22480      DEBUG main            d.u.i.k.j.r.ClassPreparationMethodBuilder clPrepBuilder: Inner Class detected. Reject building class initialisation methods. 
30115      DEBUG main            d.u.i.k.p.i.AbstractProblemLoader Init config took 10.99s 
30972      INFO  main            d.u.i.k.p.i.AbstractProblemLoader Replaying proof Test[Test::a0(int)].JML normal_behavior operation contract.0 
30996      DEBUG main            d.u.i.k.p.i.IntermediateProofReplayer Proof replay took 20.44ms 
31004      DEBUG main            d.u.i.k.p.r.p.TestFile    ... success: reloaded. 
31006      INFO  main            d.u.i.k.p.r.p.TestFile    Now processing file /home/runner/work/key/key/key.core/../key.ui/examples/performance-test/Test(Test__a1(int)).JML_normal_behavior_operation_contract.0.key 
31006      INFO  main            d.u.i.k.p.i.AbstractProblemLoader Loading environment from /home/runner/work/key/key/key.core/../key.ui/examples/performance-test/Test(Test__a1(int)).JML_normal_behavior_operation_contract.0.key 
31006      DEBUG main            d.u.i.k.p.i.AbstractProblemLoader Environment load took 267.9ns 
31008      INFO  main            d.u.i.k.p.i.AbstractProblemLoader Creating init config 
34204      DEBUG main            d.u.i.k.j.r.ClassPreparationMethodBuilder clPrepBuilder: Inner Class detected. Reject building class initialisation methods. 
41607      DEBUG main            d.u.i.k.p.i.AbstractProblemLoader Init config took 10.6s 
42498      INFO  main            d.u.i.k.p.i.AbstractProblemLoader Replaying proof Test[Test::a1(int)].JML normal_behavior operation contract.0 
42500      DEBUG main            d.u.i.k.p.i.IntermediateProofReplayer Proof replay took 6.3ns 
42908      INFO  main            d.u.i.k.p.r.p.TestFile    ... finished proof: closed. 
43160      INFO  main            d.u.i.k.p.i.AbstractProblemLoader Loading environment from /home/runner/work/key/key/key.core/../key.ui/examples/performance-test/Test(Test__a1(int)).JML_normal_behavior_operation_contract.0.key.proof 
43162      DEBUG main            d.u.i.k.p.i.AbstractProblemLoader Environment load took 2.25ms 
43165      INFO  main            d.u.i.k.p.i.AbstractProblemLoader Creating init config 
46262      DEBUG main            d.u.i.k.j.r.ClassPreparationMethodBuilder clPrepBuilder: Inner Class detected. Reject building class initialisation methods. 
53454      DEBUG main            d.u.i.k.p.i.AbstractProblemLoader Init config took 10.29s 
54332      INFO  main            d.u.i.k.p.i.AbstractProblemLoader Replaying proof Test[Test::a1(int)].JML normal_behavior operation contract.0 
54403      DEBUG main            d.u.i.k.p.i.IntermediateProofReplayer Proof replay took 67.97ms 
54405      DEBUG main            d.u.i.k.p.r.p.TestFile    ... success: reloaded. 
54409      INFO  main            d.u.i.k.p.r.p.TestFile    Now processing file /home/runner/work/key/key/key.core/../key.ui/examples/performance-test/Test(Test__f1(int)).JML_normal_behavior_operation_contract.0.key 
54421      INFO  main            d.u.i.k.p.i.AbstractProblemLoader Loading environment from /home/runner/work/key/key/key.core/../key.ui/examples/performance-test/Test(Test__f1(int)).JML_normal_behavior_operation_contract.0.key 
54422      DEBUG main            d.u.i.k.p.i.AbstractProblemLoader Environment load took 421.4ns 
54423      INFO  main            d.u.i.k.p.i.AbstractProblemLoader Creating init config 
57527      DEBUG main            d.u.i.k.j.r.ClassPreparationMethodBuilder clPrepBuilder: Inner Class detected. Reject building class initialisation methods. 
64699      DEBUG main            d.u.i.k.p.i.AbstractProblemLoader Init config took 10.28s 
65560      INFO  main            d.u.i.k.p.i.AbstractProblemLoader Replaying proof Test[Test::f1(int)].JML normal_behavior operation contract.0 
65562      DEBUG main            d.u.i.k.p.i.IntermediateProofReplayer Proof replay took 5.9ns 
65865      INFO  main            d.u.i.k.p.r.p.TestFile    ... finished proof: closed. 
66152      INFO  main            d.u.i.k.p.i.AbstractProblemLoader Loading environment from /home/runner/work/key/key/key.core/../key.ui/examples/performance-test/Test(Test__f1(int)).JML_normal_behavior_operation_contract.0.key.proof 
66152      DEBUG main            d.u.i.k.p.i.AbstractProblemLoader Environment load took 492.71ns 
66154      INFO  main            d.u.i.k.p.i.AbstractProblemLoader Creating init config 
69185      DEBUG main            d.u.i.k.j.r.ClassPreparationMethodBuilder clPrepBuilder: Inner Class detected. Reject building class initialisation methods. 
76395      DEBUG main            d.u.i.k.p.i.AbstractProblemLoader Init config took 10.24s 
77206      INFO  main            d.u.i.k.p.i.AbstractProblemLoader Replaying proof Test[Test::f1(int)].JML normal_behavior operation contract.0 
77256      DEBUG main            d.u.i.k.p.i.IntermediateProofReplayer Proof replay took 46.68ms 
77257      DEBUG main            d.u.i.k.p.r.p.TestFile    ... success: reloaded. 
441811     INFO  Test worker     d.u.i.k.p.r.RunAllProofsTestUnit Returning from test performancePOConstruction 
441815     INFO  Test worker     d.u.i.k.p.r.RunAllProofsTestUnit Running test applicationRestrictions 
416        INFO  Timeout watchdog d.u.i.k.p.r.p.ForkedTestFileRunner Timeout watcher launched (2000 secs.) 
434        WARN  main            d.u.i.k.s.ProofSettings   The settings in /home/runner/.key/proof-settings.props are *not* read. 
472        INFO  main            d.u.i.k.p.r.p.TestFile    Now processing file /home/runner/work/key/key/key.core/../key.ui/examples/heap/polarity_tests/wellformed1.key 
584        INFO  main            d.u.i.k.p.i.AbstractProblemLoader Loading environment from /home/runner/work/key/key/key.core/../key.ui/examples/heap/polarity_tests/wellformed1.key 
600        DEBUG main            d.u.i.k.p.i.AbstractProblemLoader Environment load took 1.98ms 
828        INFO  main            d.u.i.k.p.i.AbstractProblemLoader Creating init config 
1724       DEBUG main            d.u.i.k.j.TypeConverter   No LDT found for Meta 
1725       DEBUG main            d.u.i.k.j.TypeConverter   No LDT found for Meta 
1726       DEBUG main            d.u.i.k.j.TypeConverter   No LDT found for Meta 
1726       DEBUG main            d.u.i.k.j.TypeConverter   No LDT found for Meta 
3418       DEBUG main            d.u.i.k.j.TypeConverter   No LDT found for JavaBigintExpression 
8434       DEBUG main            d.u.i.k.p.i.AbstractProblemLoader Init config took 7.61s 
8496       INFO  main            d.u.i.k.p.i.AbstractProblemLoader Replaying proof wellformed1.key 
8530       DEBUG main            d.u.i.k.p.i.IntermediateProofReplayer Proof replay took 37ns 
8706       INFO  main            d.u.i.k.p.r.p.TestFile    ... finished proof: closed. 
8822       INFO  main            d.u.i.k.p.i.AbstractProblemLoader Loading environment from /home/runner/work/key/key/key.core/../key.ui/examples/heap/polarity_tests/wellformed1.key.proof 
8822       DEBUG main            d.u.i.k.p.i.AbstractProblemLoader Environment load took 141.3ns 
8826       INFO  main            d.u.i.k.p.i.AbstractProblemLoader Creating init config 
11604      DEBUG main            d.u.i.k.p.i.AbstractProblemLoader Init config took 2.78s 
11637      INFO  main            d.u.i.k.p.i.AbstractProblemLoader Replaying proof wellformed1.key.proof 
11647      DEBUG main            d.u.i.k.p.i.IntermediateProofReplayer Proof replay took 3.28ms 
11661      DEBUG main            d.u.i.k.p.r.p.TestFile    ... success: reloaded. 
11667      INFO  main            d.u.i.k.p.r.p.TestFile    Now processing file /home/runner/work/key/key/key.core/../key.ui/examples/heap/polarity_tests/wellformed2.key 
11667      INFO  main            d.u.i.k.p.i.AbstractProblemLoader Loading environment from /home/runner/work/key/key/key.core/../key.ui/examples/heap/polarity_tests/wellformed2.key 
11667      DEBUG main            d.u.i.k.p.i.AbstractProblemLoader Environment load took 145.3ns 
11670      INFO  main            d.u.i.k.p.i.AbstractProblemLoader Creating init config 
14466      DEBUG main            d.u.i.k.p.i.AbstractProblemLoader Init config took 2.8s 
14495      INFO  main            d.u.i.k.p.i.AbstractProblemLoader Replaying proof wellformed2.key 
14497      DEBUG main            d.u.i.k.p.i.IntermediateProofReplayer Proof replay took 6.8ns 
14601      INFO  main            d.u.i.k.p.r.p.TestFile    ... finished proof: open goal(s) 
14720      INFO  main            d.u.i.k.p.r.p.TestFile    Now processing file /home/runner/work/key/key/key.core/../key.ui/examples/heap/polarity_tests/wellformed3.key 
14720      INFO  main            d.u.i.k.p.i.AbstractProblemLoader Loading environment from /home/runner/work/key/key/key.core/../key.ui/examples/heap/polarity_tests/wellformed3.key 
14720      DEBUG main            d.u.i.k.p.i.AbstractProblemLoader Environment load took 101.4ns 
14722      INFO  main            d.u.i.k.p.i.AbstractProblemLoader Creating init config 
17454      DEBUG main            d.u.i.k.p.i.AbstractProblemLoader Init config took 2.73s 
17478      INFO  main            d.u.i.k.p.i.AbstractProblemLoader Replaying proof wellformed3.key 
17480      DEBUG main            d.u.i.k.p.i.IntermediateProofReplayer Proof replay took 6.4ns 
17583      INFO  main            d.u.i.k.p.r.p.TestFile    ... finished proof: closed. 
17695      INFO  main            d.u.i.k.p.i.AbstractProblemLoader Loading environment from /home/runner/work/key/key/key.core/../key.ui/examples/heap/polarity_tests/wellformed3.key.proof 
17696      DEBUG main            d.u.i.k.p.i.AbstractProblemLoader Environment load took 577.11ns 
17697      INFO  main            d.u.i.k.p.i.AbstractProblemLoader Creating init config 
20326      DEBUG main            d.u.i.k.p.i.AbstractProblemLoader Init config took 2.63s 
20347      INFO  main            d.u.i.k.p.i.AbstractProblemLoader Replaying proof wellformed3.key.proof 
20352      DEBUG main            d.u.i.k.p.i.IntermediateProofReplayer Proof replay took 2.31ms 
20354      DEBUG main            d.u.i.k.p.r.p.TestFile    ... success: reloaded. 
20355      INFO  main            d.u.i.k.p.r.p.TestFile    Now processing file /home/runner/work/key/key/key.core/../key.ui/examples/heap/polarity_tests/wellformed4.key 
20355      INFO  main            d.u.i.k.p.i.AbstractProblemLoader Loading environment from /home/runner/work/key/key/key.core/../key.ui/examples/heap/polarity_tests/wellformed4.key 
20355      DEBUG main            d.u.i.k.p.i.AbstractProblemLoader Environment load took 299.1ns 
20357      INFO  main            d.u.i.k.p.i.AbstractProblemLoader Creating init config 
23086      DEBUG main            d.u.i.k.p.i.AbstractProblemLoader Init config took 2.73s 
23108      INFO  main            d.u.i.k.p.i.AbstractProblemLoader Replaying proof wellformed4.key 
23109      DEBUG main            d.u.i.k.p.i.IntermediateProofReplayer Proof replay took 6.7ns 
23213      INFO  main            d.u.i.k.p.r.p.TestFile    ... finished proof: open goal(s) 
23347      INFO  main            d.u.i.k.p.r.p.TestFile    Now processing file /home/runner/work/key/key/key.core/../key.ui/examples/heap/polarity_tests/wellformed5.key 
23347      INFO  main            d.u.i.k.p.i.AbstractProblemLoader Loading environment from /home/runner/work/key/key/key.core/../key.ui/examples/heap/polarity_tests/wellformed5.key 
23348      DEBUG main            d.u.i.k.p.i.AbstractProblemLoader Environment load took 666.21ns 
23349      INFO  main            d.u.i.k.p.i.AbstractProblemLoader Creating init config 
25967      DEBUG main            d.u.i.k.p.i.AbstractProblemLoader Init config took 2.62s 
25988      INFO  main            d.u.i.k.p.i.AbstractProblemLoader Replaying proof wellformed5.key 
25989      DEBUG main            d.u.i.k.p.i.IntermediateProofReplayer Proof replay took 14.2ns 
26093      INFO  main            d.u.i.k.p.r.p.TestFile    ... finished proof: closed. 
26225      INFO  main            d.u.i.k.p.i.AbstractProblemLoader Loading environment from /home/runner/work/key/key/key.core/../key.ui/examples/heap/polarity_tests/wellformed5.key.proof 
26225      DEBUG main            d.u.i.k.p.i.AbstractProblemLoader Environment load took 122.8ns 
26226      INFO  main            d.u.i.k.p.i.AbstractProblemLoader Creating init config 
28841      DEBUG main            d.u.i.k.p.i.AbstractProblemLoader Init config took 2.61s 
28861      INFO  main            d.u.i.k.p.i.AbstractProblemLoader Replaying proof wellformed5.key.proof 
28864      DEBUG main            d.u.i.k.p.i.IntermediateProofReplayer Proof replay took 1.28ms 
28865      DEBUG main            d.u.i.k.p.r.p.TestFile    ... success: reloaded. 
28866      INFO  main            d.u.i.k.p.r.p.TestFile    Now processing file /home/runner/work/key/key/key.core/../key.ui/examples/heap/polarity_tests/wellformed6.key 
28866      INFO  main            d.u.i.k.p.i.AbstractProblemLoader Loading environment from /home/runner/work/key/key/key.core/../key.ui/examples/heap/polarity_tests/wellformed6.key 
28866      DEBUG main            d.u.i.k.p.i.AbstractProblemLoader Environment load took 92ns 
28867      INFO  main            d.u.i.k.p.i.AbstractProblemLoader Creating init config 
31470      DEBUG main            d.u.i.k.p.i.AbstractProblemLoader Init config took 2.6s 
31490      INFO  main            d.u.i.k.p.i.AbstractProblemLoader Replaying proof wellformed6.key 
31491      DEBUG main            d.u.i.k.p.i.IntermediateProofReplayer Proof replay took 7.3ns 
31597      INFO  main            d.u.i.k.p.r.p.TestFile    ... finished proof: open goal(s) 
31743      INFO  main            d.u.i.k.p.r.p.TestFile    Now processing file /home/runner/work/key/key/key.core/../key.ui/examples/heap/polarity_tests/wellformed7.key 
31743      INFO  main            d.u.i.k.p.i.AbstractProblemLoader Loading environment from /home/runner/work/key/key/key.core/../key.ui/examples/heap/polarity_tests/wellformed7.key 
31743      DEBUG main            d.u.i.k.p.i.AbstractProblemLoader Environment load took 70.8ns 
31744      INFO  main            d.u.i.k.p.i.AbstractProblemLoader Creating init config 
34338      DEBUG main            d.u.i.k.p.i.AbstractProblemLoader Init config took 2.59s 
34357      INFO  main            d.u.i.k.p.i.AbstractProblemLoader Replaying proof wellformed7.key 
34358      DEBUG main            d.u.i.k.p.i.IntermediateProofReplayer Proof replay took 7ns 
34461      INFO  main            d.u.i.k.p.r.p.TestFile    ... finished proof: closed. 
34611      INFO  main            d.u.i.k.p.i.AbstractProblemLoader Loading environment from /home/runner/work/key/key/key.core/../key.ui/examples/heap/polarity_tests/wellformed7.key.proof 
34612      DEBUG main            d.u.i.k.p.i.AbstractProblemLoader Environment load took 121ns 
34613      INFO  main            d.u.i.k.p.i.AbstractProblemLoader Creating init config 
37190      DEBUG main            d.u.i.k.p.i.AbstractProblemLoader Init config took 2.58s 
37212      INFO  main            d.u.i.k.p.i.AbstractProblemLoader Replaying proof wellformed7.key.proof 
37219      DEBUG main            d.u.i.k.p.i.IntermediateProofReplayer Proof replay took 3.04ms 
37220      DEBUG main            d.u.i.k.p.r.p.TestFile    ... success: reloaded. 
37221      INFO  main            d.u.i.k.p.r.p.TestFile    Now processing file /home/runner/work/key/key/key.core/../key.ui/examples/heap/polarity_tests/wellformed8.key 
37222      INFO  main            d.u.i.k.p.i.AbstractProblemLoader Loading environment from /home/runner/work/key/key/key.core/../key.ui/examples/heap/polarity_tests/wellformed8.key 
37222      DEBUG main            d.u.i.k.p.i.AbstractProblemLoader Environment load took 528.81ns 
37223      INFO  main            d.u.i.k.p.i.AbstractProblemLoader Creating init config 
39872      DEBUG main            d.u.i.k.p.i.AbstractProblemLoader Init config took 2.65s 
39889      INFO  main            d.u.i.k.p.i.AbstractProblemLoader Replaying proof wellformed8.key 
39890      DEBUG main            d.u.i.k.p.i.IntermediateProofReplayer Proof replay took 7.9ns 
39998      INFO  main            d.u.i.k.p.r.p.TestFile    ... finished proof: open goal(s) 
40148      INFO  main            d.u.i.k.p.r.p.TestFile    Now processing file /home/runner/work/key/key/key.core/../key.ui/examples/heap/polarity_tests/wellformed9.key 
40148      INFO  main            d.u.i.k.p.i.AbstractProblemLoader Loading environment from /home/runner/work/key/key/key.core/../key.ui/examples/heap/polarity_tests/wellformed9.key 
40148      DEBUG main            d.u.i.k.p.i.AbstractProblemLoader Environment load took 80.7ns 
40149      INFO  main            d.u.i.k.p.i.AbstractProblemLoader Creating init config 
42667      DEBUG main            d.u.i.k.p.i.AbstractProblemLoader Init config took 2.52s 
42683      INFO  main            d.u.i.k.p.i.AbstractProblemLoader Replaying proof wellformed9.key 
42684      DEBUG main            d.u.i.k.p.i.IntermediateProofReplayer Proof replay took 6.9ns 
42789      INFO  main            d.u.i.k.p.r.p.TestFile    ... finished proof: closed. 
42977      INFO  main            d.u.i.k.p.i.AbstractProblemLoader Loading environment from /home/runner/work/key/key/key.core/../key.ui/examples/heap/polarity_tests/wellformed9.key.proof 
42977      DEBUG main            d.u.i.k.p.i.AbstractProblemLoader Environment load took 121.3ns 
42979      INFO  main            d.u.i.k.p.i.AbstractProblemLoader Creating init config 
45496      DEBUG main            d.u.i.k.p.i.AbstractProblemLoader Init config took 2.52s 
45513      INFO  main            d.u.i.k.p.i.AbstractProblemLoader Replaying proof wellformed9.key.proof 
45516      DEBUG main            d.u.i.k.p.i.IntermediateProofReplayer Proof replay took 1.48ms 
45519      DEBUG main            d.u.i.k.p.r.p.TestFile    ... success: reloaded. 
45519      INFO  main            d.u.i.k.p.r.p.TestFile    Now processing file /home/runner/work/key/key/key.core/../key.ui/examples/heap/polarity_tests/wellformed10.key 
45520      INFO  main            d.u.i.k.p.i.AbstractProblemLoader Loading environment from /home/runner/work/key/key/key.core/../key.ui/examples/heap/polarity_tests/wellformed10.key 
45521      DEBUG main            d.u.i.k.p.i.AbstractProblemLoader Environment load took 342.4ns 
45522      INFO  main            d.u.i.k.p.i.AbstractProblemLoader Creating init config 
48169      DEBUG main            d.u.i.k.p.i.AbstractProblemLoader Init config took 2.65s 
48188      INFO  main            d.u.i.k.p.i.AbstractProblemLoader Replaying proof wellformed10.key 
48190      DEBUG main            d.u.i.k.p.i.IntermediateProofReplayer Proof replay took 8.4ns 
48292      INFO  main            d.u.i.k.p.r.p.TestFile    ... finished proof: open goal(s) 
48460      INFO  main            d.u.i.k.p.r.p.TestFile    Now processing file /home/runner/work/key/key/key.core/../key.ui/examples/heap/polarity_tests/wellformed11.key 
48461      INFO  main            d.u.i.k.p.i.AbstractProblemLoader Loading environment from /home/runner/work/key/key/key.core/../key.ui/examples/heap/polarity_tests/wellformed11.key 
48461      DEBUG main            d.u.i.k.p.i.AbstractProblemLoader Environment load took 83.4ns 
48462      INFO  main            d.u.i.k.p.i.AbstractProblemLoader Creating init config 
50960      DEBUG main            d.u.i.k.p.i.AbstractProblemLoader Init config took 2.5s 
50987      INFO  main            d.u.i.k.p.i.AbstractProblemLoader Replaying proof wellformed11.key 
50992      DEBUG main            d.u.i.k.p.i.IntermediateProofReplayer Proof replay took 7.5ns 
51095      INFO  main            d.u.i.k.p.r.p.TestFile    ... finished proof: open goal(s) 
493242     INFO  Test worker     d.u.i.k.p.r.RunAllProofsTestUnit Returning from test applicationRestrictions 
493243     INFO  Test worker     d.u.i.k.p.r.RunAllProofsTestUnit Running test blockContracts 
340        INFO  Timeout watchdog d.u.i.k.p.r.p.ForkedTestFileRunner Timeout watcher launched (2000 secs.) 
357        WARN  main            d.u.i.k.s.ProofSettings   The settings in /home/runner/.key/proof-settings.props are *not* read. 
404        INFO  main            d.u.i.k.p.r.p.TestFile    Now processing file /home/runner/work/key/key/key.core/../key.ui/examples/heap/block_contracts/Simple__add.key 
577        INFO  main            d.u.i.k.p.i.AbstractProblemLoader Loading environment from /home/runner/work/key/key/key.core/../key.ui/examples/heap/block_contracts/Simple__add.key 
593        DEBUG main            d.u.i.k.p.i.AbstractProblemLoader Environment load took 2.01ms 
826        INFO  main            d.u.i.k.p.i.AbstractProblemLoader Creating init config 
1835       DEBUG main            d.u.i.k.j.TypeConverter   No LDT found for Meta 
1835       DEBUG main            d.u.i.k.j.TypeConverter   No LDT found for Meta 
1838       DEBUG main            d.u.i.k.j.TypeConverter   No LDT found for Meta 
1838       DEBUG main            d.u.i.k.j.TypeConverter   No LDT found for Meta 
3169       DEBUG main            d.u.i.k.j.TypeConverter   No LDT found for JavaBigintExpression 
8700       DEBUG main            d.u.i.k.p.i.AbstractProblemLoader Init config took 7.87s 
8830       INFO  main            d.u.i.k.p.i.AbstractProblemLoader Replaying proof Simple[Simple::add(int,int)].JML operation contract.0 
8898       DEBUG main            d.u.i.k.p.i.IntermediateProofReplayer Proof replay took 412.61ns 
9846       INFO  main            d.u.i.k.p.r.p.TestFile    ... finished proof: closed. 
9963       INFO  main            d.u.i.k.p.i.AbstractProblemLoader Loading environment from /home/runner/work/key/key/key.core/../key.ui/examples/heap/block_contracts/Simple__add.key.proof 
9964       DEBUG main            d.u.i.k.p.i.AbstractProblemLoader Environment load took 1.67ms 
9968       INFO  main            d.u.i.k.p.i.AbstractProblemLoader Creating init config 
13284      DEBUG main            d.u.i.k.p.i.AbstractProblemLoader Init config took 3.32s 
13367      INFO  main            d.u.i.k.p.i.AbstractProblemLoader Replaying proof Simple[Simple::add(int,int)].JML operation contract.0 
13453      DEBUG main            d.u.i.k.p.i.IntermediateProofReplayer Proof replay took 80.85ms 
13460      DEBUG main            d.u.i.k.p.r.p.TestFile    ... success: reloaded. 
13462      INFO  main            d.u.i.k.p.r.p.TestFile    Now processing file /home/runner/work/key/key/key.core/../key.ui/examples/heap/block_contracts/Simple__addAbsoluteValues.key 
13463      INFO  main            d.u.i.k.p.i.AbstractProblemLoader Loading environment from /home/runner/work/key/key/key.core/../key.ui/examples/heap/block_contracts/Simple__addAbsoluteValues.key 
13463      DEBUG main            d.u.i.k.p.i.AbstractProblemLoader Environment load took 264ns 
13465      INFO  main            d.u.i.k.p.i.AbstractProblemLoader Creating init config 
16712      DEBUG main            d.u.i.k.p.i.AbstractProblemLoader Init config took 3.25s 
16790      INFO  main            d.u.i.k.p.i.AbstractProblemLoader Replaying proof Simple[Simple::addAbsoluteValues(int,int)].JML normal_behavior operation contract.0 
16797      DEBUG main            d.u.i.k.p.i.IntermediateProofReplayer Proof replay took 16.6ns 
18115      INFO  main            d.u.i.k.p.r.p.TestFile    ... finished proof: closed. 
18300      INFO  main            d.u.i.k.p.i.AbstractProblemLoader Loading environment from /home/runner/work/key/key/key.core/../key.ui/examples/heap/block_contracts/Simple__addAbsoluteValues.key.proof 
18300      DEBUG main            d.u.i.k.p.i.AbstractProblemLoader Environment load took 169.3ns 
18302      INFO  main            d.u.i.k.p.i.AbstractProblemLoader Creating init config 
21328      DEBUG main            d.u.i.k.p.i.AbstractProblemLoader Init config took 3.03s 
21405      INFO  main            d.u.i.k.p.i.AbstractProblemLoader Replaying proof Simple[Simple::addAbsoluteValues(int,int)].JML normal_behavior operation contract.0 
21603      DEBUG main            d.u.i.k.p.i.IntermediateProofReplayer Proof replay took 188.92ms 
21605      DEBUG main            d.u.i.k.p.r.p.TestFile    ... success: reloaded. 
21607      INFO  main            d.u.i.k.p.r.p.TestFile    Now processing file /home/runner/work/key/key/key.core/../key.ui/examples/heap/block_contracts/Simple__addWithJump.key 
21607      INFO  main            d.u.i.k.p.i.AbstractProblemLoader Loading environment from /home/runner/work/key/key/key.core/../key.ui/examples/heap/block_contracts/Simple__addWithJump.key 
21607      DEBUG main            d.u.i.k.p.i.AbstractProblemLoader Environment load took 247.2ns 
21609      INFO  main            d.u.i.k.p.i.AbstractProblemLoader Creating init config 
24765      DEBUG main            d.u.i.k.p.i.AbstractProblemLoader Init config took 3.16s 
24815      INFO  main            d.u.i.k.p.i.AbstractProblemLoader Replaying proof Simple[Simple::addWithJump(int,int,int)].JML operation contract.0 
24818      DEBUG main            d.u.i.k.p.i.IntermediateProofReplayer Proof replay took 12.8ns 
25022      INFO  main            d.u.i.k.p.r.p.TestFile    ... finished proof: closed. 
25210      INFO  main            d.u.i.k.p.i.AbstractProblemLoader Loading environment from /home/runner/work/key/key/key.core/../key.ui/examples/heap/block_contracts/Simple__addWithJump.key.proof 
25211      DEBUG main            d.u.i.k.p.i.AbstractProblemLoader Environment load took 139.8ns 
25212      INFO  main            d.u.i.k.p.i.AbstractProblemLoader Creating init config 
28282      DEBUG main            d.u.i.k.p.i.AbstractProblemLoader Init config took 3.07s 
28330      INFO  main            d.u.i.k.p.i.AbstractProblemLoader Replaying proof Simple[Simple::addWithJump(int,int,int)].JML operation contract.0 
28376      DEBUG main            d.u.i.k.p.i.IntermediateProofReplayer Proof replay took 42.56ms 
28377      DEBUG main            d.u.i.k.p.r.p.TestFile    ... success: reloaded. 
28378      INFO  main            d.u.i.k.p.r.p.TestFile    Now processing file /home/runner/work/key/key/key.core/../key.ui/examples/heap/block_contracts/Simple__addWithTwoBlockContracts.key 
28379      INFO  main            d.u.i.k.p.i.AbstractProblemLoader Loading environment from /home/runner/work/key/key/key.core/../key.ui/examples/heap/block_contracts/Simple__addWithTwoBlockContracts.key 
28380      DEBUG main            d.u.i.k.p.i.AbstractProblemLoader Environment load took 283.7ns 
28381      INFO  main            d.u.i.k.p.i.AbstractProblemLoader Creating init config 
31469      DEBUG main            d.u.i.k.p.i.AbstractProblemLoader Init config took 3.09s 
31517      INFO  main            d.u.i.k.p.i.AbstractProblemLoader Replaying proof Simple[Simple::addWithTwoBlockContracts(int,int,int)].JML operation contract.0 
31521      DEBUG main            d.u.i.k.p.i.IntermediateProofReplayer Proof replay took 12.8ns 
31728      INFO  main            d.u.i.k.p.r.p.TestFile    ... finished proof: closed. 
31914      INFO  main            d.u.i.k.p.i.AbstractProblemLoader Loading environment from /home/runner/work/key/key/key.core/../key.ui/examples/heap/block_contracts/Simple__addWithTwoBlockContracts.key.proof 
31914      DEBUG main            d.u.i.k.p.i.AbstractProblemLoader Environment load took 133.5ns 
31915      INFO  main            d.u.i.k.p.i.AbstractProblemLoader Creating init config 
35008      DEBUG main            d.u.i.k.p.i.AbstractProblemLoader Init config took 3.09s 
35056      INFO  main            d.u.i.k.p.i.AbstractProblemLoader Replaying proof Simple[Simple::addWithTwoBlockContracts(int,int,int)].JML operation contract.0 
35117      DEBUG main            d.u.i.k.p.i.IntermediateProofReplayer Proof replay took 57.7ms 
35118      DEBUG main            d.u.i.k.p.r.p.TestFile    ... success: reloaded. 
35120      INFO  main            d.u.i.k.p.r.p.TestFile    Now processing file /home/runner/work/key/key/key.core/../key.ui/examples/heap/block_contracts/Simple__generateByteArray.key 
35120      INFO  main            d.u.i.k.p.i.AbstractProblemLoader Loading environment from /home/runner/work/key/key/key.core/../key.ui/examples/heap/block_contracts/Simple__generateByteArray.key 
35120      DEBUG main            d.u.i.k.p.i.AbstractProblemLoader Environment load took 267.9ns 
35121      INFO  main            d.u.i.k.p.i.AbstractProblemLoader Creating init config 
38160      DEBUG main            d.u.i.k.p.i.AbstractProblemLoader Init config took 3.04s 
38221      INFO  main            d.u.i.k.p.i.AbstractProblemLoader Replaying proof Simple[Simple::generateByteArray()].JML normal_behavior operation contract.0 
38223      DEBUG main            d.u.i.k.p.i.IntermediateProofReplayer Proof replay took 13.3ns 
40567      INFO  main            d.u.i.k.p.r.p.TestFile    ... finished proof: closed. 
40789      INFO  main            d.u.i.k.p.i.AbstractProblemLoader Loading environment from /home/runner/work/key/key/key.core/../key.ui/examples/heap/block_contracts/Simple__generateByteArray.key.proof 
40790      DEBUG main            d.u.i.k.p.i.AbstractProblemLoader Environment load took 231ns 
40793      INFO  main            d.u.i.k.p.i.AbstractProblemLoader Creating init config 
43757      DEBUG main            d.u.i.k.p.i.AbstractProblemLoader Init config took 2.96s 
43805      INFO  main            d.u.i.k.p.i.AbstractProblemLoader Replaying proof Simple[Simple::generateByteArray()].JML normal_behavior operation contract.0 
44109      DEBUG main            d.u.i.k.p.i.IntermediateProofReplayer Proof replay took 288.49ms 
44111      DEBUG main            d.u.i.k.p.r.p.TestFile    ... success: reloaded. 
44113      INFO  main            d.u.i.k.p.r.p.TestFile    Now processing file /home/runner/work/key/key/key.core/../key.ui/examples/heap/block_contracts/Simple__getLength.key 
44113      INFO  main            d.u.i.k.p.i.AbstractProblemLoader Loading environment from /home/runner/work/key/key/key.core/../key.ui/examples/heap/block_contracts/Simple__getLength.key 
44114      DEBUG main            d.u.i.k.p.i.AbstractProblemLoader Environment load took 262.6ns 
44115      INFO  main            d.u.i.k.p.i.AbstractProblemLoader Creating init config 
47163      DEBUG main            d.u.i.k.p.i.AbstractProblemLoader Init config took 3.05s 
47215      INFO  main            d.u.i.k.p.i.AbstractProblemLoader Replaying proof Simple[Simple::getLength()].JML normal_behavior operation contract.0 
47217      DEBUG main            d.u.i.k.p.i.IntermediateProofReplayer Proof replay took 12.2ns 
47320      INFO  main            d.u.i.k.p.r.p.TestFile    ... finished proof: closed. 
47541      INFO  main            d.u.i.k.p.i.AbstractProblemLoader Loading environment from /home/runner/work/key/key/key.core/../key.ui/examples/heap/block_contracts/Simple__getLength.key.proof 
47542      DEBUG main            d.u.i.k.p.i.AbstractProblemLoader Environment load took 136.8ns 
47543      INFO  main            d.u.i.k.p.i.AbstractProblemLoader Creating init config 
50444      DEBUG main            d.u.i.k.p.i.AbstractProblemLoader Init config took 2.9s 
50506      INFO  main            d.u.i.k.p.i.AbstractProblemLoader Replaying proof Simple[Simple::getLength()].JML normal_behavior operation contract.0 
50517      DEBUG main            d.u.i.k.p.i.IntermediateProofReplayer Proof replay took 8.27ms 
50518      DEBUG main            d.u.i.k.p.r.p.TestFile    ... success: reloaded. 
50519      INFO  main            d.u.i.k.p.r.p.TestFile    Now processing file /home/runner/work/key/key/key.core/../key.ui/examples/heap/block_contracts/Simple__square.key 
50519      INFO  main            d.u.i.k.p.i.AbstractProblemLoader Loading environment from /home/runner/work/key/key/key.core/../key.ui/examples/heap/block_contracts/Simple__square.key 
50519      DEBUG main            d.u.i.k.p.i.AbstractProblemLoader Environment load took 134.5ns 
50520      INFO  main            d.u.i.k.p.i.AbstractProblemLoader Creating init config 
53481      DEBUG main            d.u.i.k.p.i.AbstractProblemLoader Init config took 2.96s 
53524      INFO  main            d.u.i.k.p.i.AbstractProblemLoader Replaying proof Simple[Simple::square(int)].JML operation contract.0 
53527      DEBUG main            d.u.i.k.p.i.IntermediateProofReplayer Proof replay took 14.7ns 
53930      INFO  main            d.u.i.k.p.r.p.TestFile    ... finished proof: closed. 
54124      INFO  main            d.u.i.k.p.i.AbstractProblemLoader Loading environment from /home/runner/work/key/key/key.core/../key.ui/examples/heap/block_contracts/Simple__square.key.proof 
54125      DEBUG main            d.u.i.k.p.i.AbstractProblemLoader Environment load took 495.51ns 
54126      INFO  main            d.u.i.k.p.i.AbstractProblemLoader Creating init config 
57051      DEBUG main            d.u.i.k.p.i.AbstractProblemLoader Init config took 2.93s 
57109      INFO  main            d.u.i.k.p.i.AbstractProblemLoader Replaying proof Simple[Simple::square(int)].JML operation contract.0 
57216      DEBUG main            d.u.i.k.p.i.IntermediateProofReplayer Proof replay took 102.36ms 
57218      DEBUG main            d.u.i.k.p.r.p.TestFile    ... success: reloaded. 
57219      INFO  main            d.u.i.k.p.r.p.TestFile    Now processing file /home/runner/work/key/key/key.core/../key.ui/examples/heap/block_contracts/Simple__unnecessaryBlockContract.key 
57220      INFO  main            d.u.i.k.p.i.AbstractProblemLoader Loading environment from /home/runner/work/key/key/key.core/../key.ui/examples/heap/block_contracts/Simple__unnecessaryBlockContract.key 
57221      DEBUG main            d.u.i.k.p.i.AbstractProblemLoader Environment load took 234.3ns 
57222      INFO  main            d.u.i.k.p.i.AbstractProblemLoader Creating init config 
60152      DEBUG main            d.u.i.k.p.i.AbstractProblemLoader Init config took 2.93s 
60192      INFO  main            d.u.i.k.p.i.AbstractProblemLoader Replaying proof Simple[Simple::unnecessaryBlockContract()].JML operation contract.0 
60194      DEBUG main            d.u.i.k.p.i.IntermediateProofReplayer Proof replay took 15.9ns 
60298      INFO  main            d.u.i.k.p.r.p.TestFile    ... finished proof: closed. 
60503      INFO  main            d.u.i.k.p.i.AbstractProblemLoader Loading environment from /home/runner/work/key/key/key.core/../key.ui/examples/heap/block_contracts/Simple__unnecessaryBlockContract.key.proof 
60504      DEBUG main            d.u.i.k.p.i.AbstractProblemLoader Environment load took 135.1ns 
60506      INFO  main            d.u.i.k.p.i.AbstractProblemLoader Creating init config 
63379      DEBUG main            d.u.i.k.p.i.AbstractProblemLoader Init config took 2.87s 
63432      INFO  main            d.u.i.k.p.i.AbstractProblemLoader Replaying proof Simple[Simple::unnecessaryBlockContract()].JML operation contract.0 
63456      DEBUG main            d.u.i.k.p.i.IntermediateProofReplayer Proof replay took 22.47ms 
63458      DEBUG main            d.u.i.k.p.r.p.TestFile    ... success: reloaded. 
63459      INFO  main            d.u.i.k.p.r.p.TestFile    Now processing file /home/runner/work/key/key/key.core/../key.ui/examples/heap/block_contracts/Simple__unnecessaryLoopInvariant.key 
63459      INFO  main            d.u.i.k.p.i.AbstractProblemLoader Loading environment from /home/runner/work/key/key/key.core/../key.ui/examples/heap/block_contracts/Simple__unnecessaryLoopInvariant.key 
63460      DEBUG main            d.u.i.k.p.i.AbstractProblemLoader Environment load took 248ns 
63461      INFO  main            d.u.i.k.p.i.AbstractProblemLoader Creating init config 
66395      DEBUG main            d.u.i.k.p.i.AbstractProblemLoader Init config took 2.93s 
66436      INFO  main            d.u.i.k.p.i.AbstractProblemLoader Replaying proof Simple[Simple::unnecessaryLoopInvariant()].JML operation contract.0 
66438      DEBUG main            d.u.i.k.p.i.IntermediateProofReplayer Proof replay took 13.5ns 
66539      INFO  main            d.u.i.k.p.r.p.TestFile    ... finished proof: closed. 
66747      INFO  main            d.u.i.k.p.i.AbstractProblemLoader Loading environment from /home/runner/work/key/key/key.core/../key.ui/examples/heap/block_contracts/Simple__unnecessaryLoopInvariant.key.proof 
66747      DEBUG main            d.u.i.k.p.i.AbstractProblemLoader Environment load took 124.4ns 
66749      INFO  main            d.u.i.k.p.i.AbstractProblemLoader Creating init config 
69648      DEBUG main            d.u.i.k.p.i.AbstractProblemLoader Init config took 2.9s 
69687      INFO  main            d.u.i.k.p.i.AbstractProblemLoader Replaying proof Simple[Simple::unnecessaryLoopInvariant()].JML operation contract.0 
69700      DEBUG main            d.u.i.k.p.i.IntermediateProofReplayer Proof replay took 11.44ms 
69701      DEBUG main            d.u.i.k.p.r.p.TestFile    ... success: reloaded. 
69704      INFO  main            d.u.i.k.p.r.p.TestFile    Now processing file /home/runner/work/key/key/key.core/../key.ui/examples/standard_key/java_dl/jml-assert/assert.key 
69705      INFO  main            d.u.i.k.p.i.AbstractProblemLoader Loading environment from /home/runner/work/key/key/key.core/../key.ui/examples/standard_key/java_dl/jml-assert/assert.key 
69705      DEBUG main            d.u.i.k.p.i.AbstractProblemLoader Environment load took 536.71ns 
69706      INFO  main            d.u.i.k.p.i.AbstractProblemLoader Creating init config 
72295      DEBUG main            d.u.i.k.p.i.AbstractProblemLoader Init config took 2.59s 
72335      INFO  main            d.u.i.k.p.i.AbstractProblemLoader Replaying proof Assert[Assert::createArray(int)].JML normal_behavior operation contract.0 
72337      DEBUG main            d.u.i.k.p.i.IntermediateProofReplayer Proof replay took 8ns 
72539      INFO  main            d.u.i.k.p.r.p.TestFile    ... finished proof: closed. 
72738      INFO  main            d.u.i.k.p.i.AbstractProblemLoader Loading environment from /home/runner/work/key/key/key.core/../key.ui/examples/standard_key/java_dl/jml-assert/assert.key.proof 
72738      DEBUG main            d.u.i.k.p.i.AbstractProblemLoader Environment load took 126.1ns 
72739      INFO  main            d.u.i.k.p.i.AbstractProblemLoader Creating init config 
75257      DEBUG main            d.u.i.k.p.i.AbstractProblemLoader Init config took 2.52s 
75305      INFO  main            d.u.i.k.p.i.AbstractProblemLoader Replaying proof Assert[Assert::createArray(int)].JML normal_behavior operation contract.0 
75362      DEBUG main            d.u.i.k.p.i.IntermediateProofReplayer Proof replay took 54.74ms 
75364      DEBUG main            d.u.i.k.p.r.p.TestFile    ... success: reloaded. 
75366      INFO  main            d.u.i.k.p.r.p.TestFile    Now processing file /home/runner/work/key/key/key.core/../key.ui/examples/standard_key/java_dl/jml-assert/assert_assume_order.key 
75366      INFO  main            d.u.i.k.p.i.AbstractProblemLoader Loading environment from /home/runner/work/key/key/key.core/../key.ui/examples/standard_key/java_dl/jml-assert/assert_assume_order.key 
75366      DEBUG main            d.u.i.k.p.i.AbstractProblemLoader Environment load took 103.9ns 
75367      INFO  main            d.u.i.k.p.i.AbstractProblemLoader Creating init config 
77978      DEBUG main            d.u.i.k.p.i.AbstractProblemLoader Init config took 2.61s 
78016      INFO  main            d.u.i.k.p.i.AbstractProblemLoader Replaying proof AssertAssume[AssertAssume::singleAssumeAssert(int)].JML normal_behavior operation contract.0 
78018      DEBUG main            d.u.i.k.p.i.IntermediateProofReplayer Proof replay took 8.1ns 
78121      INFO  main            d.u.i.k.p.r.p.TestFile    ... finished proof: closed. 
78315      INFO  main            d.u.i.k.p.i.AbstractProblemLoader Loading environment from /home/runner/work/key/key/key.core/../key.ui/examples/standard_key/java_dl/jml-assert/assert_assume_order.key.proof 
78315      DEBUG main            d.u.i.k.p.i.AbstractProblemLoader Environment load took 131ns 
78317      INFO  main            d.u.i.k.p.i.AbstractProblemLoader Creating init config 
80795      DEBUG main            d.u.i.k.p.i.AbstractProblemLoader Init config took 2.48s 
80833      INFO  main            d.u.i.k.p.i.AbstractProblemLoader Replaying proof AssertAssume[AssertAssume::singleAssumeAssert(int)].JML normal_behavior operation contract.0 
80843      DEBUG main            d.u.i.k.p.i.IntermediateProofReplayer Proof replay took 8.01ms 
80845      DEBUG main            d.u.i.k.p.r.p.TestFile    ... success: reloaded. 
80846      INFO  main            d.u.i.k.p.r.p.TestFile    Now processing file /home/runner/work/key/key/key.core/../key.ui/examples/heap/block_loop_contracts/SimpleVariants/sum_onBlock_external.key 
80847      INFO  main            d.u.i.k.p.i.AbstractProblemLoader Loading environment from /home/runner/work/key/key/key.core/../key.ui/examples/heap/block_loop_contracts/SimpleVariants/sum_onBlock_external.key 
80847      DEBUG main            d.u.i.k.p.i.AbstractProblemLoader Environment load took 255.7ns 
80848      INFO  main            d.u.i.k.p.i.AbstractProblemLoader Creating init config 
83724      DEBUG main            d.u.i.k.p.i.AbstractProblemLoader Init config took 2.88s 
83760      INFO  main            d.u.i.k.p.i.AbstractProblemLoader Replaying proof LoopContractExamplesAll[LoopContractExamplesAll::sum_loopContract_onBlock([I)].JML normal_behavior operation contract.0 
83763      DEBUG main            d.u.i.k.p.i.IntermediateProofReplayer Proof replay took 15.2ns 
83865      INFO  main            d.u.i.k.p.r.p.TestFile    ... finished proof: closed. 
84094      INFO  main            d.u.i.k.p.i.AbstractProblemLoader Loading environment from /home/runner/work/key/key/key.core/../key.ui/examples/heap/block_loop_contracts/SimpleVariants/sum_onBlock_external.key.proof 
84094      DEBUG main            d.u.i.k.p.i.AbstractProblemLoader Environment load took 129.7ns 
84095      INFO  main            d.u.i.k.p.i.AbstractProblemLoader Creating init config 
86783      DEBUG main            d.u.i.k.p.i.AbstractProblemLoader Init config took 2.69s 
86819      INFO  main            d.u.i.k.p.i.AbstractProblemLoader Replaying proof LoopContractExamplesAll[LoopContractExamplesAll::sum_loopContract_onBlock([I)].JML normal_behavior operation contract.0 
86853      DEBUG main            d.u.i.k.p.i.IntermediateProofReplayer Proof replay took 31.85ms 
86854      DEBUG main            d.u.i.k.p.r.p.TestFile    ... success: reloaded. 
86856      INFO  main            d.u.i.k.p.r.p.TestFile    Now processing file /home/runner/work/key/key/key.core/../key.ui/examples/heap/block_loop_contracts/SimpleVariants/sum_onBlock_internal.key 
86856      INFO  main            d.u.i.k.p.i.AbstractProblemLoader Loading environment from /home/runner/work/key/key/key.core/../key.ui/examples/heap/block_loop_contracts/SimpleVariants/sum_onBlock_internal.key 
86856      DEBUG main            d.u.i.k.p.i.AbstractProblemLoader Environment load took 234.4ns 
86857      INFO  main            d.u.i.k.p.i.AbstractProblemLoader Creating init config 
89640      DEBUG main            d.u.i.k.p.i.AbstractProblemLoader Init config took 2.78s 
89676      INFO  main            d.u.i.k.p.i.AbstractProblemLoader Replaying proof LoopContractExamplesAll[LoopContractExamplesAll::sum_loopContract_onBlock([I)].JML normal_behavior operation contract.0 
89678      DEBUG main            d.u.i.k.p.i.IntermediateProofReplayer Proof replay took 14.6ns 
90387      INFO  main            d.u.i.k.p.r.p.TestFile    ... finished proof: closed. 
90655      INFO  main            d.u.i.k.p.i.AbstractProblemLoader Loading environment from /home/runner/work/key/key/key.core/../key.ui/examples/heap/block_loop_contracts/SimpleVariants/sum_onBlock_internal.key.proof 
90655      DEBUG main            d.u.i.k.p.i.AbstractProblemLoader Environment load took 138.9ns 
90656      INFO  main            d.u.i.k.p.i.AbstractProblemLoader Creating init config 
93383      DEBUG main            d.u.i.k.p.i.AbstractProblemLoader Init config took 2.73s 
93419      INFO  main            d.u.i.k.p.i.AbstractProblemLoader Replaying proof LoopContractExamplesAll[LoopContractExamplesAll::sum_loopContract_onBlock([I)].JML normal_behavior operation contract.0 
93661      DEBUG main            d.u.i.k.p.i.IntermediateProofReplayer Proof replay took 238.14ms 
93663      DEBUG main            d.u.i.k.p.r.p.TestFile    ... success: reloaded. 
93664      INFO  main            d.u.i.k.p.r.p.TestFile    Now processing file /home/runner/work/key/key/key.core/../key.ui/examples/heap/block_loop_contracts/SimpleVariants/sum_onBlock_loop.key 
93664      INFO  main            d.u.i.k.p.i.AbstractProblemLoader Loading environment from /home/runner/work/key/key/key.core/../key.ui/examples/heap/block_loop_contracts/SimpleVariants/sum_onBlock_loop.key 
93665      DEBUG main            d.u.i.k.p.i.AbstractProblemLoader Environment load took 229.8ns 
93666      INFO  main            d.u.i.k.p.i.AbstractProblemLoader Creating init config 
96472      DEBUG main            d.u.i.k.p.i.AbstractProblemLoader Init config took 2.81s 
96510      INFO  main            d.u.i.k.p.i.AbstractProblemLoader Replaying proof LoopContractExamplesAll[LoopContractExamplesAll::sum_loopContract_onBlock([I)].JML normal_behavior loop contract.0 
96512      DEBUG main            d.u.i.k.p.i.IntermediateProofReplayer Proof replay took 31.2ns 
97319      INFO  main            d.u.i.k.p.r.p.TestFile    ... finished proof: closed. 
97694      INFO  main            d.u.i.k.p.i.AbstractProblemLoader Loading environment from /home/runner/work/key/key/key.core/../key.ui/examples/heap/block_loop_contracts/SimpleVariants/sum_onBlock_loop.key.proof 
97695      DEBUG main            d.u.i.k.p.i.AbstractProblemLoader Environment load took 516.61ns 
97696      INFO  main            d.u.i.k.p.i.AbstractProblemLoader Creating init config 
100405     DEBUG main            d.u.i.k.p.i.AbstractProblemLoader Init config took 2.71s 
100461     INFO  main            d.u.i.k.p.i.AbstractProblemLoader Replaying proof LoopContractExamplesAll[LoopContractExamplesAll::sum_loopContract_onBlock([I)].JML normal_behavior loop contract.0 
100735     DEBUG main            d.u.i.k.p.i.IntermediateProofReplayer Proof replay took 263.27ms 
100736     DEBUG main            d.u.i.k.p.r.p.TestFile    ... success: reloaded. 
100738     INFO  main            d.u.i.k.p.r.p.TestFile    Now processing file /home/runner/work/key/key/key.core/../key.ui/examples/heap/block_loop_contracts/SimpleVariants/sum_onLoop_external.key 
100738     INFO  main            d.u.i.k.p.i.AbstractProblemLoader Loading environment from /home/runner/work/key/key/key.core/../key.ui/examples/heap/block_loop_contracts/SimpleVariants/sum_onLoop_external.key 
100738     DEBUG main            d.u.i.k.p.i.AbstractProblemLoader Environment load took 219.5ns 
100739     INFO  main            d.u.i.k.p.i.AbstractProblemLoader Creating init config 
103527     DEBUG main            d.u.i.k.p.i.AbstractProblemLoader Init config took 2.79s 
103562     INFO  main            d.u.i.k.p.i.AbstractProblemLoader Replaying proof LoopContractExamplesAll[LoopContractExamplesAll::sum_loopContract_onLoop([I)].JML normal_behavior operation contract.0 
103564     DEBUG main            d.u.i.k.p.i.IntermediateProofReplayer Proof replay took 13.7ns 
103666     INFO  main            d.u.i.k.p.r.p.TestFile    ... finished proof: closed. 
103939     INFO  main            d.u.i.k.p.i.AbstractProblemLoader Loading environment from /home/runner/work/key/key/key.core/../key.ui/examples/heap/block_loop_contracts/SimpleVariants/sum_onLoop_external.key.proof 
103939     DEBUG main            d.u.i.k.p.i.AbstractProblemLoader Environment load took 127ns 
103940     INFO  main            d.u.i.k.p.i.AbstractProblemLoader Creating init config 
106585     DEBUG main            d.u.i.k.p.i.AbstractProblemLoader Init config took 2.65s 
106619     INFO  main            d.u.i.k.p.i.AbstractProblemLoader Replaying proof LoopContractExamplesAll[LoopContractExamplesAll::sum_loopContract_onLoop([I)].JML normal_behavior operation contract.0 
106649     DEBUG main            d.u.i.k.p.i.IntermediateProofReplayer Proof replay took 27.34ms 
106649     DEBUG main            d.u.i.k.p.r.p.TestFile    ... success: reloaded. 
106650     INFO  main            d.u.i.k.p.r.p.TestFile    Now processing file /home/runner/work/key/key/key.core/../key.ui/examples/heap/block_loop_contracts/SimpleVariants/sum_onLoop_internal.key 
106651     INFO  main            d.u.i.k.p.i.AbstractProblemLoader Loading environment from /home/runner/work/key/key/key.core/../key.ui/examples/heap/block_loop_contracts/SimpleVariants/sum_onLoop_internal.key 
106651     DEBUG main            d.u.i.k.p.i.AbstractProblemLoader Environment load took 102.7ns 
106652     INFO  main            d.u.i.k.p.i.AbstractProblemLoader Creating init config 
109400     DEBUG main            d.u.i.k.p.i.AbstractProblemLoader Init config took 2.75s 
109435     INFO  main            d.u.i.k.p.i.AbstractProblemLoader Replaying proof LoopContractExamplesAll[LoopContractExamplesAll::sum_loopContract_onLoop([I)].JML normal_behavior operation contract.0 
109438     DEBUG main            d.u.i.k.p.i.IntermediateProofReplayer Proof replay took 13.2ns 
110041     INFO  main            d.u.i.k.p.r.p.TestFile    ... finished proof: closed. 
110317     INFO  main            d.u.i.k.p.i.AbstractProblemLoader Loading environment from /home/runner/work/key/key/key.core/../key.ui/examples/heap/block_loop_contracts/SimpleVariants/sum_onLoop_internal.key.proof 
110318     DEBUG main            d.u.i.k.p.i.AbstractProblemLoader Environment load took 497.61ns 
110319     INFO  main            d.u.i.k.p.i.AbstractProblemLoader Creating init config 
113030     DEBUG main            d.u.i.k.p.i.AbstractProblemLoader Init config took 2.71s 
113074     INFO  main            d.u.i.k.p.i.AbstractProblemLoader Replaying proof LoopContractExamplesAll[LoopContractExamplesAll::sum_loopContract_onLoop([I)].JML normal_behavior operation contract.0 
113358     DEBUG main            d.u.i.k.p.i.IntermediateProofReplayer Proof replay took 277.56ms 
113362     DEBUG main            d.u.i.k.p.r.p.TestFile    ... success: reloaded. 
113364     INFO  main            d.u.i.k.p.r.p.TestFile    Now processing file /home/runner/work/key/key/key.core/../key.ui/examples/heap/block_loop_contracts/SimpleVariants/sum_onLoop_loop.key 
113365     INFO  main            d.u.i.k.p.i.AbstractProblemLoader Loading environment from /home/runner/work/key/key/key.core/../key.ui/examples/heap/block_loop_contracts/SimpleVariants/sum_onLoop_loop.key 
113365     DEBUG main            d.u.i.k.p.i.AbstractProblemLoader Environment load took 120.5ns 
113366     INFO  main            d.u.i.k.p.i.AbstractProblemLoader Creating init config 
116119     DEBUG main            d.u.i.k.p.i.AbstractProblemLoader Init config took 2.75s 
116154     INFO  main            d.u.i.k.p.i.AbstractProblemLoader Replaying proof LoopContractExamplesAll[LoopContractExamplesAll::sum_loopContract_onLoop([I)].JML normal_behavior loop contract.0 
116157     DEBUG main            d.u.i.k.p.i.IntermediateProofReplayer Proof replay took 14.7ns 
116961     INFO  main            d.u.i.k.p.r.p.TestFile    ... finished proof: closed. 
117242     INFO  main            d.u.i.k.p.i.AbstractProblemLoader Loading environment from /home/runner/work/key/key/key.core/../key.ui/examples/heap/block_loop_contracts/SimpleVariants/sum_onLoop_loop.key.proof 
117243     DEBUG main            d.u.i.k.p.i.AbstractProblemLoader Environment load took 163.3ns 
117244     INFO  main            d.u.i.k.p.i.AbstractProblemLoader Creating init config 
119900     DEBUG main            d.u.i.k.p.i.AbstractProblemLoader Init config took 2.66s 
119947     INFO  main            d.u.i.k.p.i.AbstractProblemLoader Replaying proof LoopContractExamplesAll[LoopContractExamplesAll::sum_loopContract_onLoop([I)].JML normal_behavior loop contract.0 
120194     DEBUG main            d.u.i.k.p.i.IntermediateProofReplayer Proof replay took 242.86ms 
120195     DEBUG main            d.u.i.k.p.r.p.TestFile    ... success: reloaded. 
120196     INFO  main            d.u.i.k.p.r.p.TestFile    Now processing file /home/runner/work/key/key/key.core/../key.ui/examples/heap/block_loop_contracts/Free/blockContracts0.key 
120197     INFO  main            d.u.i.k.p.i.AbstractProblemLoader Loading environment from /home/runner/work/key/key/key.core/../key.ui/examples/heap/block_loop_contracts/Free/blockContracts0.key 
120197     DEBUG main            d.u.i.k.p.i.AbstractProblemLoader Environment load took 147.1ns 
120198     INFO  main            d.u.i.k.p.i.AbstractProblemLoader Creating init config 
122601     DEBUG main            d.u.i.k.p.i.AbstractProblemLoader Init config took 2.4s 
122634     INFO  main            d.u.i.k.p.i.AbstractProblemLoader Replaying proof FreeConditions[FreeConditions::blockContract0()].JML normal_behavior operation contract.0 
122636     DEBUG main            d.u.i.k.p.i.IntermediateProofReplayer Proof replay took 12.8ns 
122740     INFO  main            d.u.i.k.p.r.p.TestFile    ... finished proof: closed. 
122997     INFO  main            d.u.i.k.p.i.AbstractProblemLoader Loading environment from /home/runner/work/key/key/key.core/../key.ui/examples/heap/block_loop_contracts/Free/blockContracts0.key.proof 
122997     DEBUG main            d.u.i.k.p.i.AbstractProblemLoader Environment load took 118.8ns 
122998     INFO  main            d.u.i.k.p.i.AbstractProblemLoader Creating init config 
125310     DEBUG main            d.u.i.k.p.i.AbstractProblemLoader Init config took 2.31s 
125344     INFO  main            d.u.i.k.p.i.AbstractProblemLoader Replaying proof FreeConditions[FreeConditions::blockContract0()].JML normal_behavior operation contract.0 
125367     DEBUG main            d.u.i.k.p.i.IntermediateProofReplayer Proof replay took 20.35ms 
125368     DEBUG main            d.u.i.k.p.r.p.TestFile    ... success: reloaded. 
125369     INFO  main            d.u.i.k.p.r.p.TestFile    Now processing file /home/runner/work/key/key/key.core/../key.ui/examples/heap/block_loop_contracts/Free/blockContracts1.key 
125369     INFO  main            d.u.i.k.p.i.AbstractProblemLoader Loading environment from /home/runner/work/key/key/key.core/../key.ui/examples/heap/block_loop_contracts/Free/blockContracts1.key 
125369     DEBUG main            d.u.i.k.p.i.AbstractProblemLoader Environment load took 88.2ns 
125370     INFO  main            d.u.i.k.p.i.AbstractProblemLoader Creating init config 
127734     DEBUG main            d.u.i.k.p.i.AbstractProblemLoader Init config took 2.36s 
127767     INFO  main            d.u.i.k.p.i.AbstractProblemLoader Replaying proof FreeConditions[FreeConditions::blockContract1()].JML normal_behavior operation contract.0 
127769     DEBUG main            d.u.i.k.p.i.IntermediateProofReplayer Proof replay took 13.4ns 
127873     INFO  main            d.u.i.k.p.r.p.TestFile    ... finished proof: closed. 
128140     INFO  main            d.u.i.k.p.i.AbstractProblemLoader Loading environment from /home/runner/work/key/key/key.core/../key.ui/examples/heap/block_loop_contracts/Free/blockContracts1.key.proof 
128140     DEBUG main            d.u.i.k.p.i.AbstractProblemLoader Environment load took 120.3ns 
128141     INFO  main            d.u.i.k.p.i.AbstractProblemLoader Creating init config 
130479     DEBUG main            d.u.i.k.p.i.AbstractProblemLoader Init config took 2.34s 
130514     INFO  main            d.u.i.k.p.i.AbstractProblemLoader Replaying proof FreeConditions[FreeConditions::blockContract1()].JML normal_behavior operation contract.0 
130535     DEBUG main            d.u.i.k.p.i.IntermediateProofReplayer Proof replay took 17.88ms 
130536     DEBUG main            d.u.i.k.p.r.p.TestFile    ... success: reloaded. 
130537     INFO  main            d.u.i.k.p.r.p.TestFile    Now processing file /home/runner/work/key/key/key.core/../key.ui/examples/heap/block_loop_contracts/Finally/block_finally.key 
130537     INFO  main            d.u.i.k.p.i.AbstractProblemLoader Loading environment from /home/runner/work/key/key/key.core/../key.ui/examples/heap/block_loop_contracts/Finally/block_finally.key 
130537     DEBUG main            d.u.i.k.p.i.AbstractProblemLoader Environment load took 103.2ns 
130538     INFO  main            d.u.i.k.p.i.AbstractProblemLoader Creating init config 
132958     DEBUG main            d.u.i.k.p.i.AbstractProblemLoader Init config took 2.42s 
132994     INFO  main            d.u.i.k.p.i.AbstractProblemLoader Replaying proof AuxiliaryContractsFinally[AuxiliaryContractsFinally::breakThrowContinueBlockContract(java.lang.Exception)].JML block contract.0 
132996     DEBUG main            d.u.i.k.p.i.IntermediateProofReplayer Proof replay took 15ns 
133600     INFO  main            d.u.i.k.p.r.p.TestFile    ... finished proof: open goal(s) 
133871     INFO  main            d.u.i.k.p.r.p.TestFile    Now processing file /home/runner/work/key/key/key.core/../key.ui/examples/heap/block_loop_contracts/Finally/loop_finally.key 
133872     INFO  main            d.u.i.k.p.i.AbstractProblemLoader Loading environment from /home/runner/work/key/key/key.core/../key.ui/examples/heap/block_loop_contracts/Finally/loop_finally.key 
133872     DEBUG main            d.u.i.k.p.i.AbstractProblemLoader Environment load took 75.9ns 
133873     INFO  main            d.u.i.k.p.i.AbstractProblemLoader Creating init config 
136202     DEBUG main            d.u.i.k.p.i.AbstractProblemLoader Init config took 2.33s 
136240     INFO  main            d.u.i.k.p.i.AbstractProblemLoader Replaying proof AuxiliaryContractsFinally[AuxiliaryContractsFinally::breakThrowContinueLoopContract(java.lang.Exception)].JML normal_behavior loop contract.0 
136241     DEBUG main            d.u.i.k.p.i.IntermediateProofReplayer Proof replay took 13.4ns 
136875     INFO  main            d.u.i.k.p.r.p.TestFile    ... finished proof: open goal(s) 
630559     INFO  Test worker     d.u.i.k.p.r.RunAllProofsTestUnit Returning from test blockContracts 
630560     INFO  Test worker     d.u.i.k.p.r.RunAllProofsTestUnit Running test jmlAsserts 
336        INFO  Timeout watchdog d.u.i.k.p.r.p.ForkedTestFileRunner Timeout watcher launched (2000 secs.) 
339        WARN  main            d.u.i.k.s.ProofSettings   The settings in /home/runner/.key/proof-settings.props are *not* read. 
365        INFO  main            d.u.i.k.p.r.p.TestFile    Now processing file /home/runner/work/key/key/key.core/../key.ui/examples/standard_key/java_dl/jml-assert/assert.key 
492        INFO  main            d.u.i.k.p.i.AbstractProblemLoader Loading environment from /home/runner/work/key/key/key.core/../key.ui/examples/standard_key/java_dl/jml-assert/assert.key 
508        DEBUG main            d.u.i.k.p.i.AbstractProblemLoader Environment load took 1.95ms 
728        INFO  main            d.u.i.k.p.i.AbstractProblemLoader Creating init config 
1593       DEBUG main            d.u.i.k.j.TypeConverter   No LDT found for Meta 
1598       DEBUG main            d.u.i.k.j.TypeConverter   No LDT found for Meta 
1600       DEBUG main            d.u.i.k.j.TypeConverter   No LDT found for Meta 
1602       DEBUG main            d.u.i.k.j.TypeConverter   No LDT found for Meta 
2809       DEBUG main            d.u.i.k.j.TypeConverter   No LDT found for JavaBigintExpression 
7639       DEBUG main            d.u.i.k.p.i.AbstractProblemLoader Init config took 6.91s 
7798       INFO  main            d.u.i.k.p.i.AbstractProblemLoader Replaying proof Assert[Assert::createArray(int)].JML normal_behavior operation contract.0 
7838       DEBUG main            d.u.i.k.p.i.IntermediateProofReplayer Proof replay took 33.9ns 
8776       INFO  main            d.u.i.k.p.r.p.TestFile    ... finished proof: closed. 
8895       INFO  main            d.u.i.k.p.i.AbstractProblemLoader Loading environment from /home/runner/work/key/key/key.core/../key.ui/examples/standard_key/java_dl/jml-assert/assert.key.proof 
8895       DEBUG main            d.u.i.k.p.i.AbstractProblemLoader Environment load took 193.8ns 
8897       INFO  main            d.u.i.k.p.i.AbstractProblemLoader Creating init config 
11745      DEBUG main            d.u.i.k.p.i.AbstractProblemLoader Init config took 2.85s 
11813      INFO  main            d.u.i.k.p.i.AbstractProblemLoader Replaying proof Assert[Assert::createArray(int)].JML normal_behavior operation contract.0 
11929      DEBUG main            d.u.i.k.p.i.IntermediateProofReplayer Proof replay took 109.26ms 
11936      DEBUG main            d.u.i.k.p.r.p.TestFile    ... success: reloaded. 
11938      INFO  main            d.u.i.k.p.r.p.TestFile    Now processing file /home/runner/work/key/key/key.core/../key.ui/examples/heap/block_loop_contracts/Free/assertions0.key 
11939      INFO  main            d.u.i.k.p.i.AbstractProblemLoader Loading environment from /home/runner/work/key/key/key.core/../key.ui/examples/heap/block_loop_contracts/Free/assertions0.key 
11939      DEBUG main            d.u.i.k.p.i.AbstractProblemLoader Environment load took 287.3ns 
11941      INFO  main            d.u.i.k.p.i.AbstractProblemLoader Creating init config 
14577      DEBUG main            d.u.i.k.p.i.AbstractProblemLoader Init config took 2.64s 
14632      INFO  main            d.u.i.k.p.i.AbstractProblemLoader Replaying proof FreeConditions[FreeConditions::assertions0()].JML normal_behavior operation contract.0 
14636      DEBUG main            d.u.i.k.p.i.IntermediateProofReplayer Proof replay took 13.6ns 
14839      INFO  main            d.u.i.k.p.r.p.TestFile    ... finished proof: closed. 
14978      INFO  main            d.u.i.k.p.i.AbstractProblemLoader Loading environment from /home/runner/work/key/key/key.core/../key.ui/examples/heap/block_loop_contracts/Free/assertions0.key.proof 
14979      DEBUG main            d.u.i.k.p.i.AbstractProblemLoader Environment load took 644.11ns 
14982      INFO  main            d.u.i.k.p.i.AbstractProblemLoader Creating init config 
17638      DEBUG main            d.u.i.k.p.i.AbstractProblemLoader Init config took 2.66s 
17687      INFO  main            d.u.i.k.p.i.AbstractProblemLoader Replaying proof FreeConditions[FreeConditions::assertions0()].JML normal_behavior operation contract.0 
17728      DEBUG main            d.u.i.k.p.i.IntermediateProofReplayer Proof replay took 38.56ms 
17733      DEBUG main            d.u.i.k.p.r.p.TestFile    ... success: reloaded. 
17735      INFO  main            d.u.i.k.p.r.p.TestFile    Now processing file /home/runner/work/key/key/key.core/../key.ui/examples/heap/block_loop_contracts/Free/assertions1.key 
17735      INFO  main            d.u.i.k.p.i.AbstractProblemLoader Loading environment from /home/runner/work/key/key/key.core/../key.ui/examples/heap/block_loop_contracts/Free/assertions1.key 
17736      DEBUG main            d.u.i.k.p.i.AbstractProblemLoader Environment load took 131.3ns 
17739      INFO  main            d.u.i.k.p.i.AbstractProblemLoader Creating init config 
20400      DEBUG main            d.u.i.k.p.i.AbstractProblemLoader Init config took 2.66s 
20445      INFO  main            d.u.i.k.p.i.AbstractProblemLoader Replaying proof FreeConditions[FreeConditions::assertions1()].JML normal_behavior operation contract.0 
20448      DEBUG main            d.u.i.k.p.i.IntermediateProofReplayer Proof replay took 13.5ns 
20550      INFO  main            d.u.i.k.p.r.p.TestFile    ... finished proof: closed. 
20712      INFO  main            d.u.i.k.p.i.AbstractProblemLoader Loading environment from /home/runner/work/key/key/key.core/../key.ui/examples/heap/block_loop_contracts/Free/assertions1.key.proof 
20712      DEBUG main            d.u.i.k.p.i.AbstractProblemLoader Environment load took 138.1ns 
20715      INFO  main            d.u.i.k.p.i.AbstractProblemLoader Creating init config 
23249      DEBUG main            d.u.i.k.p.i.AbstractProblemLoader Init config took 2.53s 
23295      INFO  main            d.u.i.k.p.i.AbstractProblemLoader Replaying proof FreeConditions[FreeConditions::assertions1()].JML normal_behavior operation contract.0 
23303      DEBUG main            d.u.i.k.p.i.IntermediateProofReplayer Proof replay took 5.71ms 
23304      DEBUG main            d.u.i.k.p.r.p.TestFile    ... success: reloaded. 
23306      INFO  main            d.u.i.k.p.r.p.TestFile    Now processing file /home/runner/work/key/key/key.core/../key.ui/examples/standard_key/java_dl/jml-assert/recursion-assert.key 
23306      INFO  main            d.u.i.k.p.i.AbstractProblemLoader Loading environment from /home/runner/work/key/key/key.core/../key.ui/examples/standard_key/java_dl/jml-assert/recursion-assert.key 
23306      DEBUG main            d.u.i.k.p.i.AbstractProblemLoader Environment load took 245.1ns 
23307      INFO  main            d.u.i.k.p.i.AbstractProblemLoader Creating init config 
25908      DEBUG main            d.u.i.k.p.i.AbstractProblemLoader Init config took 2.6s 
25955      INFO  main            d.u.i.k.p.i.AbstractProblemLoader Replaying proof RecursiveMethod[RecursiveMethod::fac1(int)].JML normal_behavior operation contract.0 
25957      DEBUG main            d.u.i.k.p.i.IntermediateProofReplayer Proof replay took 7.5ns 
26161      INFO  main            d.u.i.k.p.r.p.TestFile    ... finished proof: closed. 
26317      INFO  main            d.u.i.k.p.i.AbstractProblemLoader Loading environment from /home/runner/work/key/key/key.core/../key.ui/examples/standard_key/java_dl/jml-assert/recursion-assert.key.proof 
26317      DEBUG main            d.u.i.k.p.i.AbstractProblemLoader Environment load took 134.4ns 
26318      INFO  main            d.u.i.k.p.i.AbstractProblemLoader Creating init config 
28914      DEBUG main            d.u.i.k.p.i.AbstractProblemLoader Init config took 2.6s 
28969      INFO  main            d.u.i.k.p.i.AbstractProblemLoader Replaying proof RecursiveMethod[RecursiveMethod::fac1(int)].JML normal_behavior operation contract.0 
29038      DEBUG main            d.u.i.k.p.i.IntermediateProofReplayer Proof replay took 61.92ms 
29040      DEBUG main            d.u.i.k.p.r.p.TestFile    ... success: reloaded. 
29041      INFO  main            d.u.i.k.p.r.p.TestFile    Now processing file /home/runner/work/key/key/key.core/../key.ui/examples/standard_key/java_dl/jml-assert/recursion-assume.key 
29042      INFO  main            d.u.i.k.p.i.AbstractProblemLoader Loading environment from /home/runner/work/key/key/key.core/../key.ui/examples/standard_key/java_dl/jml-assert/recursion-assume.key 
29042      DEBUG main            d.u.i.k.p.i.AbstractProblemLoader Environment load took 249.5ns 
29043      INFO  main            d.u.i.k.p.i.AbstractProblemLoader Creating init config 
31722      DEBUG main            d.u.i.k.p.i.AbstractProblemLoader Init config took 2.68s 
31768      INFO  main            d.u.i.k.p.i.AbstractProblemLoader Replaying proof RecursiveMethod[RecursiveMethod::fac2(int)].JML normal_behavior operation contract.0 
31769      DEBUG main            d.u.i.k.p.i.IntermediateProofReplayer Proof replay took 6.5ns 
31977      INFO  main            d.u.i.k.p.r.p.TestFile    ... finished proof: closed. 
32155      INFO  main            d.u.i.k.p.i.AbstractProblemLoader Loading environment from /home/runner/work/key/key/key.core/../key.ui/examples/standard_key/java_dl/jml-assert/recursion-assume.key.proof 
32156      DEBUG main            d.u.i.k.p.i.AbstractProblemLoader Environment load took 514.71ns 
32157      INFO  main            d.u.i.k.p.i.AbstractProblemLoader Creating init config 
34703      DEBUG main            d.u.i.k.p.i.AbstractProblemLoader Init config took 2.55s 
34746      INFO  main            d.u.i.k.p.i.AbstractProblemLoader Replaying proof RecursiveMethod[RecursiveMethod::fac2(int)].JML normal_behavior operation contract.0 
34789      DEBUG main            d.u.i.k.p.i.IntermediateProofReplayer Proof replay took 39.45ms 
34790      DEBUG main            d.u.i.k.p.r.p.TestFile    ... success: reloaded. 
34791      INFO  main            d.u.i.k.p.r.p.TestFile    Now processing file /home/runner/work/key/key/key.core/../key.ui/examples/standard_key/java_dl/jml-assert/quantor-assert.key 
34792      INFO  main            d.u.i.k.p.i.AbstractProblemLoader Loading environment from /home/runner/work/key/key/key.core/../key.ui/examples/standard_key/java_dl/jml-assert/quantor-assert.key 
34792      DEBUG main            d.u.i.k.p.i.AbstractProblemLoader Environment load took 252.7ns 
34793      INFO  main            d.u.i.k.p.i.AbstractProblemLoader Creating init config 
37402      DEBUG main            d.u.i.k.p.i.AbstractProblemLoader Init config took 2.61s 
37444      INFO  main            d.u.i.k.p.i.AbstractProblemLoader Replaying proof Quantor[Quantor::square1(int)].JML normal_behavior operation contract.0 
37446      DEBUG main            d.u.i.k.p.i.IntermediateProofReplayer Proof replay took 6.5ns 
37548      INFO  main            d.u.i.k.p.r.p.TestFile    ... finished proof: closed. 
37768      INFO  main            d.u.i.k.p.i.AbstractProblemLoader Loading environment from /home/runner/work/key/key/key.core/../key.ui/examples/standard_key/java_dl/jml-assert/quantor-assert.key.proof 
37769      DEBUG main            d.u.i.k.p.i.AbstractProblemLoader Environment load took 130ns 
37770      INFO  main            d.u.i.k.p.i.AbstractProblemLoader Creating init config 
40334      DEBUG main            d.u.i.k.p.i.AbstractProblemLoader Init config took 2.56s 
40377      INFO  main            d.u.i.k.p.i.AbstractProblemLoader Replaying proof Quantor[Quantor::square1(int)].JML normal_behavior operation contract.0 
40397      DEBUG main            d.u.i.k.p.i.IntermediateProofReplayer Proof replay took 16.98ms 
40398      DEBUG main            d.u.i.k.p.r.p.TestFile    ... success: reloaded. 
40399      INFO  main            d.u.i.k.p.r.p.TestFile    Now processing file /home/runner/work/key/key/key.core/../key.ui/examples/standard_key/java_dl/jml-assert/quantor-assume.key 
40399      INFO  main            d.u.i.k.p.i.AbstractProblemLoader Loading environment from /home/runner/work/key/key/key.core/../key.ui/examples/standard_key/java_dl/jml-assert/quantor-assume.key 
40399      DEBUG main            d.u.i.k.p.i.AbstractProblemLoader Environment load took 141.1ns 
40400      INFO  main            d.u.i.k.p.i.AbstractProblemLoader Creating init config 
42933      DEBUG main            d.u.i.k.p.i.AbstractProblemLoader Init config took 2.53s 
42976      INFO  main            d.u.i.k.p.i.AbstractProblemLoader Replaying proof Quantor[Quantor::square2(int)].JML normal_behavior operation contract.0 
42977      DEBUG main            d.u.i.k.p.i.IntermediateProofReplayer Proof replay took 7.6ns 
43080      INFO  main            d.u.i.k.p.r.p.TestFile    ... finished proof: closed. 
43249      INFO  main            d.u.i.k.p.i.AbstractProblemLoader Loading environment from /home/runner/work/key/key/key.core/../key.ui/examples/standard_key/java_dl/jml-assert/quantor-assume.key.proof 
43249      DEBUG main            d.u.i.k.p.i.AbstractProblemLoader Environment load took 123.3ns 
43250      INFO  main            d.u.i.k.p.i.AbstractProblemLoader Creating init config 
45759      DEBUG main            d.u.i.k.p.i.AbstractProblemLoader Init config took 2.51s 
45799      INFO  main            d.u.i.k.p.i.AbstractProblemLoader Replaying proof Quantor[Quantor::square2(int)].JML normal_behavior operation contract.0 
45817      DEBUG main            d.u.i.k.p.i.IntermediateProofReplayer Proof replay took 15.16ms 
45818      DEBUG main            d.u.i.k.p.r.p.TestFile    ... success: reloaded. 
45819      INFO  main            d.u.i.k.p.r.p.TestFile    Now processing file /home/runner/work/key/key/key.core/../key.ui/examples/standard_key/java_dl/jml-assert/model-methods-static-static.key 
45820      INFO  main            d.u.i.k.p.i.AbstractProblemLoader Loading environment from /home/runner/work/key/key/key.core/../key.ui/examples/standard_key/java_dl/jml-assert/model-methods-static-static.key 
45820      DEBUG main            d.u.i.k.p.i.AbstractProblemLoader Environment load took 236.6ns 
45821      INFO  main            d.u.i.k.p.i.AbstractProblemLoader Creating init config 
48406      DEBUG main            d.u.i.k.p.i.AbstractProblemLoader Init config took 2.59s 
48472      INFO  main            d.u.i.k.p.i.AbstractProblemLoader Replaying proof ModelMethods[ModelMethods::test1()].JML normal_behavior operation contract.0 
48474      DEBUG main            d.u.i.k.p.i.IntermediateProofReplayer Proof replay took 8ns 
48576      INFO  main            d.u.i.k.p.r.p.TestFile    ... finished proof: closed. 
48764      INFO  main            d.u.i.k.p.i.AbstractProblemLoader Loading environment from /home/runner/work/key/key/key.core/../key.ui/examples/standard_key/java_dl/jml-assert/model-methods-static-static.key.proof 
48764      DEBUG main            d.u.i.k.p.i.AbstractProblemLoader Environment load took 122.1ns 
48765      INFO  main            d.u.i.k.p.i.AbstractProblemLoader Creating init config 
51266      DEBUG main            d.u.i.k.p.i.AbstractProblemLoader Init config took 2.5s 
51305      INFO  main            d.u.i.k.p.i.AbstractProblemLoader Replaying proof ModelMethods[ModelMethods::test1()].JML normal_behavior operation contract.0 
51313      DEBUG main            d.u.i.k.p.i.IntermediateProofReplayer Proof replay took 6.78ms 
51315      DEBUG main            d.u.i.k.p.r.p.TestFile    ... success: reloaded. 
51316      INFO  main            d.u.i.k.p.r.p.TestFile    Now processing file /home/runner/work/key/key/key.core/../key.ui/examples/standard_key/java_dl/jml-assert/model-methods-instance-static.key 
51316      INFO  main            d.u.i.k.p.i.AbstractProblemLoader Loading environment from /home/runner/work/key/key/key.core/../key.ui/examples/standard_key/java_dl/jml-assert/model-methods-instance-static.key 
51316      DEBUG main            d.u.i.k.p.i.AbstractProblemLoader Environment load took 157.1ns 
51317      INFO  main            d.u.i.k.p.i.AbstractProblemLoader Creating init config 
53881      DEBUG main            d.u.i.k.p.i.AbstractProblemLoader Init config took 2.56s 
53922      INFO  main            d.u.i.k.p.i.AbstractProblemLoader Replaying proof ModelMethods[ModelMethods::test2()].JML normal_behavior operation contract.0 
53923      DEBUG main            d.u.i.k.p.i.IntermediateProofReplayer Proof replay took 7.8ns 
54028      INFO  main            d.u.i.k.p.r.p.TestFile    ... finished proof: closed. 
54228      INFO  main            d.u.i.k.p.i.AbstractProblemLoader Loading environment from /home/runner/work/key/key/key.core/../key.ui/examples/standard_key/java_dl/jml-assert/model-methods-instance-static.key.proof 
54228      DEBUG main            d.u.i.k.p.i.AbstractProblemLoader Environment load took 130.9ns 
54229      INFO  main            d.u.i.k.p.i.AbstractProblemLoader Creating init config 
56704      DEBUG main            d.u.i.k.p.i.AbstractProblemLoader Init config took 2.48s 
56743      INFO  main            d.u.i.k.p.i.AbstractProblemLoader Replaying proof ModelMethods[ModelMethods::test2()].JML normal_behavior operation contract.0 
56756      DEBUG main            d.u.i.k.p.i.IntermediateProofReplayer Proof replay took 11.93ms 
56757      DEBUG main            d.u.i.k.p.r.p.TestFile    ... success: reloaded. 
56758      INFO  main            d.u.i.k.p.r.p.TestFile    Now processing file /home/runner/work/key/key/key.core/../key.ui/examples/standard_key/java_dl/jml-assert/model-methods-instance-instance.key 
56759      INFO  main            d.u.i.k.p.i.AbstractProblemLoader Loading environment from /home/runner/work/key/key/key.core/../key.ui/examples/standard_key/java_dl/jml-assert/model-methods-instance-instance.key 
56759      DEBUG main            d.u.i.k.p.i.AbstractProblemLoader Environment load took 108.6ns 
56760      INFO  main            d.u.i.k.p.i.AbstractProblemLoader Creating init config 
59338      DEBUG main            d.u.i.k.p.i.AbstractProblemLoader Init config took 2.58s 
59382      INFO  main            d.u.i.k.p.i.AbstractProblemLoader Replaying proof ModelMethods[ModelMethods::test3()].JML normal_behavior operation contract.0 
59384      DEBUG main            d.u.i.k.p.i.IntermediateProofReplayer Proof replay took 7.6ns 
59487      INFO  main            d.u.i.k.p.r.p.TestFile    ... finished proof: closed. 
59726      INFO  main            d.u.i.k.p.i.AbstractProblemLoader Loading environment from /home/runner/work/key/key/key.core/../key.ui/examples/standard_key/java_dl/jml-assert/model-methods-instance-instance.key.proof 
59726      DEBUG main            d.u.i.k.p.i.AbstractProblemLoader Environment load took 122.1ns 
59729      INFO  main            d.u.i.k.p.i.AbstractProblemLoader Creating init config 
62217      DEBUG main            d.u.i.k.p.i.AbstractProblemLoader Init config took 2.49s 
62255      INFO  main            d.u.i.k.p.i.AbstractProblemLoader Replaying proof ModelMethods[ModelMethods::test3()].JML normal_behavior operation contract.0 
62268      DEBUG main            d.u.i.k.p.i.IntermediateProofReplayer Proof replay took 11.11ms 
62269      DEBUG main            d.u.i.k.p.r.p.TestFile    ... success: reloaded. 
62271      INFO  main            d.u.i.k.p.r.p.TestFile    Now processing file /home/runner/work/key/key/key.core/../key.ui/examples/standard_key/java_dl/jml-assert/model-methods-static-instance.key 
62271      INFO  main            d.u.i.k.p.i.AbstractProblemLoader Loading environment from /home/runner/work/key/key/key.core/../key.ui/examples/standard_key/java_dl/jml-assert/model-methods-static-instance.key 
62271      DEBUG main            d.u.i.k.p.i.AbstractProblemLoader Environment load took 239.1ns 
62272      INFO  main            d.u.i.k.p.i.AbstractProblemLoader Creating init config 
64795      DEBUG main            d.u.i.k.p.i.AbstractProblemLoader Init config took 2.52s 
64834      INFO  main            d.u.i.k.p.i.AbstractProblemLoader Replaying proof ModelMethods[ModelMethods::test4()].JML normal_behavior operation contract.0 
64836      DEBUG main            d.u.i.k.p.i.IntermediateProofReplayer Proof replay took 7.9ns 
64937      INFO  main            d.u.i.k.p.r.p.TestFile    ... finished proof: closed. 
65143      INFO  main            d.u.i.k.p.i.AbstractProblemLoader Loading environment from /home/runner/work/key/key/key.core/../key.ui/examples/standard_key/java_dl/jml-assert/model-methods-static-instance.key.proof 
65143      DEBUG main            d.u.i.k.p.i.AbstractProblemLoader Environment load took 132ns 
65145      INFO  main            d.u.i.k.p.i.AbstractProblemLoader Creating init config 
67622      DEBUG main            d.u.i.k.p.i.AbstractProblemLoader Init config took 2.48s 
67668      INFO  main            d.u.i.k.p.i.AbstractProblemLoader Replaying proof ModelMethods[ModelMethods::test4()].JML normal_behavior operation contract.0 
67704      DEBUG main            d.u.i.k.p.i.IntermediateProofReplayer Proof replay took 33.62ms 
67706      DEBUG main            d.u.i.k.p.r.p.TestFile    ... success: reloaded. 
67707      INFO  main            d.u.i.k.p.r.p.TestFile    Now processing file /home/runner/work/key/key/key.core/../key.ui/examples/standard_key/java_dl/jml-assert/assert-old/inc-field.key 
67707      INFO  main            d.u.i.k.p.i.AbstractProblemLoader Loading environment from /home/runner/work/key/key/key.core/../key.ui/examples/standard_key/java_dl/jml-assert/assert-old/inc-field.key 
67708      DEBUG main            d.u.i.k.p.i.AbstractProblemLoader Environment load took 288.9ns 
67709      INFO  main            d.u.i.k.p.i.AbstractProblemLoader Creating init config 
70144      DEBUG main            d.u.i.k.p.i.AbstractProblemLoader Init config took 2.44s 
70180      INFO  main            d.u.i.k.p.i.AbstractProblemLoader Replaying proof Inc[Inc::inc_field()].JML normal_behavior operation contract.0 
70181      DEBUG main            d.u.i.k.p.i.IntermediateProofReplayer Proof replay took 7.2ns 
70385      INFO  main            d.u.i.k.p.r.p.TestFile    ... finished proof: closed. 
70587      INFO  main            d.u.i.k.p.i.AbstractProblemLoader Loading environment from /home/runner/work/key/key/key.core/../key.ui/examples/standard_key/java_dl/jml-assert/assert-old/inc-field.key.proof 
70587      DEBUG main            d.u.i.k.p.i.AbstractProblemLoader Environment load took 175.7ns 
70588      INFO  main            d.u.i.k.p.i.AbstractProblemLoader Creating init config 
72979      DEBUG main            d.u.i.k.p.i.AbstractProblemLoader Init config took 2.39s 
73014      INFO  main            d.u.i.k.p.i.AbstractProblemLoader Replaying proof Inc[Inc::inc_field()].JML normal_behavior operation contract.0 
73067      DEBUG main            d.u.i.k.p.i.IntermediateProofReplayer Proof replay took 51.39ms 
73068      DEBUG main            d.u.i.k.p.r.p.TestFile    ... success: reloaded. 
73069      INFO  main            d.u.i.k.p.r.p.TestFile    Now processing file /home/runner/work/key/key/key.core/../key.ui/examples/standard_key/java_dl/jml-assert/assert-old/inc-parameter.key 
73069      INFO  main            d.u.i.k.p.i.AbstractProblemLoader Loading environment from /home/runner/work/key/key/key.core/../key.ui/examples/standard_key/java_dl/jml-assert/assert-old/inc-parameter.key 
73069      DEBUG main            d.u.i.k.p.i.AbstractProblemLoader Environment load took 108.2ns 
73070      INFO  main            d.u.i.k.p.i.AbstractProblemLoader Creating init config 
75487      DEBUG main            d.u.i.k.p.i.AbstractProblemLoader Init config took 2.42s 
75521      INFO  main            d.u.i.k.p.i.AbstractProblemLoader Replaying proof Inc[Inc::inc_parameter(int)].JML normal_behavior operation contract.0 
75523      DEBUG main            d.u.i.k.p.i.IntermediateProofReplayer Proof replay took 7.5ns 
75628      INFO  main            d.u.i.k.p.r.p.TestFile    ... finished proof: closed. 
75854      INFO  main            d.u.i.k.p.i.AbstractProblemLoader Loading environment from /home/runner/work/key/key/key.core/../key.ui/examples/standard_key/java_dl/jml-assert/assert-old/inc-parameter.key.proof 
75854      DEBUG main            d.u.i.k.p.i.AbstractProblemLoader Environment load took 126.8ns 
75855      INFO  main            d.u.i.k.p.i.AbstractProblemLoader Creating init config 
78245      DEBUG main            d.u.i.k.p.i.AbstractProblemLoader Init config took 2.39s 
78279      INFO  main            d.u.i.k.p.i.AbstractProblemLoader Replaying proof Inc[Inc::inc_parameter(int)].JML normal_behavior operation contract.0 
78296      DEBUG main            d.u.i.k.p.i.IntermediateProofReplayer Proof replay took 14.5ms 
78298      DEBUG main            d.u.i.k.p.r.p.TestFile    ... success: reloaded. 
78299      INFO  main            d.u.i.k.p.r.p.TestFile    Now processing file /home/runner/work/key/key/key.core/../key.ui/examples/standard_key/java_dl/jml-assert/assert-old/inc-parameter-field.key 
78299      INFO  main            d.u.i.k.p.i.AbstractProblemLoader Loading environment from /home/runner/work/key/key/key.core/../key.ui/examples/standard_key/java_dl/jml-assert/assert-old/inc-parameter-field.key 
78300      DEBUG main            d.u.i.k.p.i.AbstractProblemLoader Environment load took 228.2ns 
78301      INFO  main            d.u.i.k.p.i.AbstractProblemLoader Creating init config 
80727      DEBUG main            d.u.i.k.p.i.AbstractProblemLoader Init config took 2.43s 
80767      INFO  main            d.u.i.k.p.i.AbstractProblemLoader Replaying proof Inc[Inc::inc_parameter_field(Inc)].JML normal_behavior operation contract.0 
80772      DEBUG main            d.u.i.k.p.i.IntermediateProofReplayer Proof replay took 7.9ns 
80975      INFO  main            d.u.i.k.p.r.p.TestFile    ... finished proof: closed. 
81204      INFO  main            d.u.i.k.p.i.AbstractProblemLoader Loading environment from /home/runner/work/key/key/key.core/../key.ui/examples/standard_key/java_dl/jml-assert/assert-old/inc-parameter-field.key.proof 
81204      DEBUG main            d.u.i.k.p.i.AbstractProblemLoader Environment load took 128.3ns 
81205      INFO  main            d.u.i.k.p.i.AbstractProblemLoader Creating init config 
83577      DEBUG main            d.u.i.k.p.i.AbstractProblemLoader Init config took 2.37s 
83610      INFO  main            d.u.i.k.p.i.AbstractProblemLoader Replaying proof Inc[Inc::inc_parameter_field(Inc)].JML normal_behavior operation contract.0 
83652      DEBUG main            d.u.i.k.p.i.IntermediateProofReplayer Proof replay took 39.15ms 
83653      DEBUG main            d.u.i.k.p.r.p.TestFile    ... success: reloaded. 
83654      INFO  main            d.u.i.k.p.r.p.TestFile    Now processing file /home/runner/work/key/key/key.core/../key.ui/examples/standard_key/java_dl/jml-assert/assert-old/inc-ghost-field.key 
83655      INFO  main            d.u.i.k.p.i.AbstractProblemLoader Loading environment from /home/runner/work/key/key/key.core/../key.ui/examples/standard_key/java_dl/jml-assert/assert-old/inc-ghost-field.key 
83655      DEBUG main            d.u.i.k.p.i.AbstractProblemLoader Environment load took 226.1ns 
83656      INFO  main            d.u.i.k.p.i.AbstractProblemLoader Creating init config 
86089      DEBUG main            d.u.i.k.p.i.AbstractProblemLoader Init config took 2.43s 
86147      INFO  main            d.u.i.k.p.i.AbstractProblemLoader Replaying proof Inc[Inc::inc_ghost_field()].JML normal_behavior operation contract.0 
86150      DEBUG main            d.u.i.k.p.i.IntermediateProofReplayer Proof replay took 7.8ns 
86352      INFO  main            d.u.i.k.p.r.p.TestFile    ... finished proof: closed. 
86581      INFO  main            d.u.i.k.p.i.AbstractProblemLoader Loading environment from /home/runner/work/key/key/key.core/../key.ui/examples/standard_key/java_dl/jml-assert/assert-old/inc-ghost-field.key.proof 
86581      DEBUG main            d.u.i.k.p.i.AbstractProblemLoader Environment load took 135.3ns 
86582      INFO  main            d.u.i.k.p.i.AbstractProblemLoader Creating init config 
88936      DEBUG main            d.u.i.k.p.i.AbstractProblemLoader Init config took 2.35s 
88970      INFO  main            d.u.i.k.p.i.AbstractProblemLoader Replaying proof Inc[Inc::inc_ghost_field()].JML normal_behavior operation contract.0 
88999      DEBUG main            d.u.i.k.p.i.IntermediateProofReplayer Proof replay took 27.58ms 
89000      DEBUG main            d.u.i.k.p.r.p.TestFile    ... success: reloaded. 
719749     INFO  Test worker     d.u.i.k.p.r.RunAllProofsTestUnit Returning from test jmlAsserts 
719750     INFO  Test worker     d.u.i.k.p.r.RunAllProofsTestUnit Running test javaCard 
336        WARN  main            d.u.i.k.s.ProofSettings   The settings in /home/runner/.key/proof-settings.props are *not* read. 
339        INFO  Timeout watchdog d.u.i.k.p.r.p.ForkedTestFileRunner Timeout watcher launched (2000 secs.) 
381        INFO  main            d.u.i.k.p.r.p.TestFile    Now processing file /home/runner/work/key/key/key.core/../key.ui/examples/heap/javacard/updateBalance0.key 
539        INFO  main            d.u.i.k.p.i.AbstractProblemLoader Loading environment from /home/runner/work/key/key/key.core/../key.ui/examples/heap/javacard/updateBalance0.key 
565        DEBUG main            d.u.i.k.p.i.AbstractProblemLoader Environment load took 1.88ms 
823        INFO  main            d.u.i.k.p.i.AbstractProblemLoader Creating init config 
1757       DEBUG main            d.u.i.k.j.TypeConverter   No LDT found for Meta 
1758       DEBUG main            d.u.i.k.j.TypeConverter   No LDT found for Meta 
1761       DEBUG main            d.u.i.k.j.TypeConverter   No LDT found for Meta 
1762       DEBUG main            d.u.i.k.j.TypeConverter   No LDT found for Meta 
3235       DEBUG main            d.u.i.k.j.TypeConverter   No LDT found for JavaBigintExpression 
6872       DEBUG main            d.u.i.k.p.i.AbstractProblemLoader Init config took 6.05s 
7049       INFO  main            d.u.i.k.p.i.AbstractProblemLoader Replaying proof Examples[Examples::updateBalance(short)].JML normal_behavior operation contract.0 
7085       DEBUG main            d.u.i.k.p.i.IntermediateProofReplayer Proof replay took 33.7ns 
8322       INFO  main            d.u.i.k.p.r.p.TestFile    ... finished proof: closed. 
8448       INFO  main            d.u.i.k.p.i.AbstractProblemLoader Loading environment from /home/runner/work/key/key/key.core/../key.ui/examples/heap/javacard/updateBalance0.key.proof 
8448       DEBUG main            d.u.i.k.p.i.AbstractProblemLoader Environment load took 533.41ns 
8450       INFO  main            d.u.i.k.p.i.AbstractProblemLoader Creating init config 
10244      DEBUG main            d.u.i.k.p.i.AbstractProblemLoader Init config took 1.79s 
10319      INFO  main            d.u.i.k.p.i.AbstractProblemLoader Replaying proof Examples[Examples::updateBalance(short)].JML normal_behavior operation contract.0 
10512      DEBUG main            d.u.i.k.p.i.IntermediateProofReplayer Proof replay took 184.75ms 
10520      DEBUG main            d.u.i.k.p.r.p.TestFile    ... success: reloaded. 
10522      INFO  main            d.u.i.k.p.r.p.TestFile    Now processing file /home/runner/work/key/key/key.core/../key.ui/examples/heap/javacard/updateBalance1.key 
10523      INFO  main            d.u.i.k.p.i.AbstractProblemLoader Loading environment from /home/runner/work/key/key/key.core/../key.ui/examples/heap/javacard/updateBalance1.key 
10523      DEBUG main            d.u.i.k.p.i.AbstractProblemLoader Environment load took 281.3ns 
10525      INFO  main            d.u.i.k.p.i.AbstractProblemLoader Creating init config 
12162      DEBUG main            d.u.i.k.p.i.AbstractProblemLoader Init config took 1.64s 
12214      INFO  main            d.u.i.k.p.i.AbstractProblemLoader Replaying proof Examples[Examples::updateBalance(short)].JML normal_behavior operation contract.1 
12217      DEBUG main            d.u.i.k.p.i.IntermediateProofReplayer Proof replay took 7.7ns 
12928      INFO  main            d.u.i.k.p.r.p.TestFile    ... finished proof: closed. 
13057      INFO  main            d.u.i.k.p.i.AbstractProblemLoader Loading environment from /home/runner/work/key/key/key.core/../key.ui/examples/heap/javacard/updateBalance1.key.proof 
13057      DEBUG main            d.u.i.k.p.i.AbstractProblemLoader Environment load took 142.2ns 
13058      INFO  main            d.u.i.k.p.i.AbstractProblemLoader Creating init config 
14653      DEBUG main            d.u.i.k.p.i.AbstractProblemLoader Init config took 1.59s 
14697      INFO  main            d.u.i.k.p.i.AbstractProblemLoader Replaying proof Examples[Examples::updateBalance(short)].JML normal_behavior operation contract.1 
14843      DEBUG main            d.u.i.k.p.i.IntermediateProofReplayer Proof replay took 141.13ms 
14845      DEBUG main            d.u.i.k.p.r.p.TestFile    ... success: reloaded. 
14849      INFO  main            d.u.i.k.p.r.p.TestFile    Now processing file /home/runner/work/key/key/key.core/../key.ui/examples/heap/javacard/setArray1.key 
14849      INFO  main            d.u.i.k.p.i.AbstractProblemLoader Loading environment from /home/runner/work/key/key/key.core/../key.ui/examples/heap/javacard/setArray1.key 
14850      DEBUG main            d.u.i.k.p.i.AbstractProblemLoader Environment load took 300.2ns 
14851      INFO  main            d.u.i.k.p.i.AbstractProblemLoader Creating init config 
16407      DEBUG main            d.u.i.k.p.i.AbstractProblemLoader Init config took 1.56s 
16448      INFO  main            d.u.i.k.p.i.AbstractProblemLoader Replaying proof Examples[Examples::setArray1([B)].JML normal_behavior operation contract.0 
16451      DEBUG main            d.u.i.k.p.i.IntermediateProofReplayer Proof replay took 6.8ns 
17657      INFO  main            d.u.i.k.p.r.p.TestFile    ... finished proof: closed. 
17785      INFO  main            d.u.i.k.p.i.AbstractProblemLoader Loading environment from /home/runner/work/key/key/key.core/../key.ui/examples/heap/javacard/setArray1.key.proof 
17789      DEBUG main            d.u.i.k.p.i.AbstractProblemLoader Environment load took 4.15ms 
17791      INFO  main            d.u.i.k.p.i.AbstractProblemLoader Creating init config 
19336      DEBUG main            d.u.i.k.p.i.AbstractProblemLoader Init config took 1.54s 
19376      INFO  main            d.u.i.k.p.i.AbstractProblemLoader Replaying proof Examples[Examples::setArray1([B)].JML normal_behavior operation contract.0 
19602      DEBUG main            d.u.i.k.p.i.IntermediateProofReplayer Proof replay took 221.71ms 
19605      DEBUG main            d.u.i.k.p.r.p.TestFile    ... success: reloaded. 
19607      INFO  main            d.u.i.k.p.r.p.TestFile    Now processing file /home/runner/work/key/key/key.core/../key.ui/examples/heap/javacard/setArray2.key 
19608      INFO  main            d.u.i.k.p.i.AbstractProblemLoader Loading environment from /home/runner/work/key/key/key.core/../key.ui/examples/heap/javacard/setArray2.key 
19608      DEBUG main            d.u.i.k.p.i.AbstractProblemLoader Environment load took 250ns 
19609      INFO  main            d.u.i.k.p.i.AbstractProblemLoader Creating init config 
21186      DEBUG main            d.u.i.k.p.i.AbstractProblemLoader Init config took 1.58s 
21237      INFO  main            d.u.i.k.p.i.AbstractProblemLoader Replaying proof Examples[Examples::setArray2([B)].JML normal_behavior operation contract.0 
21239      DEBUG main            d.u.i.k.p.i.IntermediateProofReplayer Proof replay took 5.7ns 
22445      INFO  main            d.u.i.k.p.r.p.TestFile    ... finished proof: closed. 
22647      INFO  main            d.u.i.k.p.i.AbstractProblemLoader Loading environment from /home/runner/work/key/key/key.core/../key.ui/examples/heap/javacard/setArray2.key.proof 
22647      DEBUG main            d.u.i.k.p.i.AbstractProblemLoader Environment load took 687.01ns 
22649      INFO  main            d.u.i.k.p.i.AbstractProblemLoader Creating init config 
24145      DEBUG main            d.u.i.k.p.i.AbstractProblemLoader Init config took 1.5s 
24185      INFO  main            d.u.i.k.p.i.AbstractProblemLoader Replaying proof Examples[Examples::setArray2([B)].JML normal_behavior operation contract.0 
24396      DEBUG main            d.u.i.k.p.i.IntermediateProofReplayer Proof replay took 205.19ms 
24398      DEBUG main            d.u.i.k.p.r.p.TestFile    ... success: reloaded. 
24400      INFO  main            d.u.i.k.p.r.p.TestFile    Now processing file /home/runner/work/key/key/key.core/../key.ui/examples/heap/javacard/arrayFillNonAtomic.key 
24401      INFO  main            d.u.i.k.p.i.AbstractProblemLoader Loading environment from /home/runner/work/key/key/key.core/../key.ui/examples/heap/javacard/arrayFillNonAtomic.key 
24401      DEBUG main            d.u.i.k.p.i.AbstractProblemLoader Environment load took 234.5ns 
24402      INFO  main            d.u.i.k.p.i.AbstractProblemLoader Creating init config 
25935      DEBUG main            d.u.i.k.p.i.AbstractProblemLoader Init config took 1.53s 
25991      INFO  main            d.u.i.k.p.i.AbstractProblemLoader Replaying proof javacard.framework.Util[javacard.framework.Util::arrayFillNonAtomic([B,short,short,byte)].JML behavior operation contract.0.transaction_inactive 
25993      DEBUG main            d.u.i.k.p.i.IntermediateProofReplayer Proof replay took 6.6ns 
26876      DEBUG Thread-13       d.u.i.k.l.o.ProgramSV     Match failed: Former match of  SchemaVariable incompatible with  the current match. 
26877      DEBUG Thread-13       d.u.i.k.l.o.ProgramSV     Match failed: Former match of  SchemaVariable incompatible with  the current match. 
28179      DEBUG Thread-13       d.u.i.k.l.o.ProgramSV     Match failed: Former match of  SchemaVariable incompatible with  the current match. 
28179      DEBUG Thread-13       d.u.i.k.l.o.ProgramSV     Match failed: Former match of  SchemaVariable incompatible with  the current match. 
29826      INFO  main            d.u.i.k.p.r.p.TestFile    ... finished proof: closed. 
29982      INFO  main            d.u.i.k.p.i.AbstractProblemLoader Loading environment from /home/runner/work/key/key/key.core/../key.ui/examples/heap/javacard/arrayFillNonAtomic.key.proof 
29983      DEBUG main            d.u.i.k.p.i.AbstractProblemLoader Environment load took 137.1ns 
29984      INFO  main            d.u.i.k.p.i.AbstractProblemLoader Creating init config 
31484      DEBUG main            d.u.i.k.p.i.AbstractProblemLoader Init config took 1.5s 
31539      INFO  main            d.u.i.k.p.i.AbstractProblemLoader Replaying proof javacard.framework.Util[javacard.framework.Util::arrayFillNonAtomic([B,short,short,byte)].JML behavior operation contract.0.transaction_inactive 
32397      DEBUG main            d.u.i.k.p.i.IntermediateProofReplayer Proof replay took 841.68ms 
32399      DEBUG main            d.u.i.k.p.r.p.TestFile    ... success: reloaded. 
32400      INFO  main            d.u.i.k.p.r.p.TestFile    Now processing file /home/runner/work/key/key/key.core/../key.ui/examples/heap/coincidence_count/project.key 
32400      INFO  main            d.u.i.k.p.i.AbstractProblemLoader Loading environment from /home/runner/work/key/key/key.core/../key.ui/examples/heap/coincidence_count/project.key 
32401      DEBUG main            d.u.i.k.p.i.AbstractProblemLoader Environment load took 244.5ns 
32402      INFO  main            d.u.i.k.p.i.AbstractProblemLoader Creating init config 
35758      DEBUG main            d.u.i.k.p.i.AbstractProblemLoader Init config took 3.36s 
35810      INFO  main            d.u.i.k.p.i.AbstractProblemLoader Replaying proof CC[CC::calcCoinIndex([I,[I)].JML normal_behavior operation contract.0 
35814      DEBUG main            d.u.i.k.p.i.IntermediateProofReplayer Proof replay took 6.6ns 
54903      INFO  main            d.u.i.k.p.r.p.TestFile    ... finished proof: closed. 
55197      INFO  main            d.u.i.k.p.i.AbstractProblemLoader Loading environment from /home/runner/work/key/key/key.core/../key.ui/examples/heap/coincidence_count/project.key.proof 
55198      DEBUG main            d.u.i.k.p.i.AbstractProblemLoader Environment load took 219ns 
55202      INFO  main            d.u.i.k.p.i.AbstractProblemLoader Creating init config 
57729      DEBUG main            d.u.i.k.p.i.AbstractProblemLoader Init config took 2.53s 
57779      INFO  main            d.u.i.k.p.i.AbstractProblemLoader Replaying proof CC[CC::calcCoinIndex([I,[I)].JML normal_behavior operation contract.0 
58831      DEBUG main            d.u.i.k.p.i.IntermediateProofReplayer Proof replay took 983.37ms 
58835      DEBUG main            d.u.i.k.p.r.p.TestFile    ... success: reloaded. 
58836      INFO  main            d.u.i.k.p.r.p.TestFile    Now processing file /home/runner/work/key/key/key.core/../key.ui/examples/heap/verifyThis11_1_Maximum/project.key 
58837      INFO  main            d.u.i.k.p.i.AbstractProblemLoader Loading environment from /home/runner/work/key/key/key.core/../key.ui/examples/heap/verifyThis11_1_Maximum/project.key 
58837      DEBUG main            d.u.i.k.p.i.AbstractProblemLoader Environment load took 274.3ns 
58838      INFO  main            d.u.i.k.p.i.AbstractProblemLoader Creating init config 
61518      DEBUG main            d.u.i.k.p.i.AbstractProblemLoader Init config took 2.68s 
61561      INFO  main            d.u.i.k.p.i.AbstractProblemLoader Replaying proof Maximum[Maximum::maxIndex([I)].JML normal_behavior operation contract.0 
61563      DEBUG main            d.u.i.k.p.i.IntermediateProofReplayer Proof replay took 6.8ns 
62596      INFO  main            d.u.i.k.p.r.p.TestFile    ... finished proof: closed. 
62841      INFO  main            d.u.i.k.p.i.AbstractProblemLoader Loading environment from /home/runner/work/key/key/key.core/../key.ui/examples/heap/verifyThis11_1_Maximum/project.key.proof 
62841      DEBUG main            d.u.i.k.p.i.AbstractProblemLoader Environment load took 484.9ns 
62843      INFO  main            d.u.i.k.p.i.AbstractProblemLoader Creating init config 
65267      DEBUG main            d.u.i.k.p.i.AbstractProblemLoader Init config took 2.42s 
65311      INFO  main            d.u.i.k.p.i.AbstractProblemLoader Replaying proof Maximum[Maximum::maxIndex([I)].JML normal_behavior operation contract.0 
65511      DEBUG main            d.u.i.k.p.i.IntermediateProofReplayer Proof replay took 193.01ms 
65513      DEBUG main            d.u.i.k.p.r.p.TestFile    ... success: reloaded. 
65514      INFO  main            d.u.i.k.p.r.p.TestFile    Now processing file /home/runner/work/key/key/key.core/../key.ui/examples/heap/fm12_01_LRS/lcp.key 
65514      INFO  main            d.u.i.k.p.i.AbstractProblemLoader Loading environment from /home/runner/work/key/key/key.core/../key.ui/examples/heap/fm12_01_LRS/lcp.key 
65514      DEBUG main            d.u.i.k.p.i.AbstractProblemLoader Environment load took 240ns 
65516      INFO  main            d.u.i.k.p.i.AbstractProblemLoader Creating init config 
68649      DEBUG main            d.u.i.k.p.i.AbstractProblemLoader Init config took 3.13s 
68703      INFO  main            d.u.i.k.p.i.AbstractProblemLoader Replaying proof LCP[LCP::lcp([I,int,int)].JML normal_behavior operation contract.0 
68706      DEBUG main            d.u.i.k.p.i.IntermediateProofReplayer Proof replay took 6.2ns 
69715      INFO  main            d.u.i.k.p.r.p.TestFile    ... finished proof: closed. 
69981      INFO  main            d.u.i.k.p.i.AbstractProblemLoader Loading environment from /home/runner/work/key/key/key.core/../key.ui/examples/heap/fm12_01_LRS/lcp.key.proof 
69981      DEBUG main            d.u.i.k.p.i.AbstractProblemLoader Environment load took 137.9ns 
69982      INFO  main            d.u.i.k.p.i.AbstractProblemLoader Creating init config 
72846      DEBUG main            d.u.i.k.p.i.AbstractProblemLoader Init config took 2.86s 
72900      INFO  main            d.u.i.k.p.i.AbstractProblemLoader Replaying proof LCP[LCP::lcp([I,int,int)].JML normal_behavior operation contract.0 
73122      DEBUG main            d.u.i.k.p.i.IntermediateProofReplayer Proof replay took 215.73ms 
73124      DEBUG main            d.u.i.k.p.r.p.TestFile    ... success: reloaded. 
73125      INFO  main            d.u.i.k.p.r.p.TestFile    Now processing file /home/runner/work/key/key/key.core/../key.ui/examples/heap/SemanticSlicing/project.key 
73125      INFO  main            d.u.i.k.p.i.AbstractProblemLoader Loading environment from /home/runner/work/key/key/key.core/../key.ui/examples/heap/SemanticSlicing/project.key 
73125      DEBUG main            d.u.i.k.p.i.AbstractProblemLoader Environment load took 108.6ns 
73126      INFO  main            d.u.i.k.p.i.AbstractProblemLoader Creating init config 
75788      DEBUG main            d.u.i.k.p.i.AbstractProblemLoader Init config took 2.66s 
75838      INFO  main            d.u.i.k.p.i.AbstractProblemLoader Replaying proof unsatcore_after.competition.postcond5.scope333.LRS[unsatcore_after.competition.postcond5.scope333.LRS::doLRS()].JML operation contract.0 
75840      DEBUG main            d.u.i.k.p.i.IntermediateProofReplayer Proof replay took 6.1ns 
79965      INFO  main            d.u.i.k.p.r.p.TestFile    ... finished proof: closed. 
80255      INFO  main            d.u.i.k.p.i.AbstractProblemLoader Loading environment from /home/runner/work/key/key/key.core/../key.ui/examples/heap/SemanticSlicing/project.key.proof 
80255      DEBUG main            d.u.i.k.p.i.AbstractProblemLoader Environment load took 511.61ns 
80257      INFO  main            d.u.i.k.p.i.AbstractProblemLoader Creating init config 
82789      DEBUG main            d.u.i.k.p.i.AbstractProblemLoader Init config took 2.53s 
82838      INFO  main            d.u.i.k.p.i.AbstractProblemLoader Replaying proof unsatcore_after.competition.postcond5.scope333.LRS[unsatcore_after.competition.postcond5.scope333.LRS::doLRS()].JML operation contract.0 
83670      DEBUG main            d.u.i.k.p.i.IntermediateProofReplayer Proof replay took 820.23ms 
83672      DEBUG main            d.u.i.k.p.r.p.TestFile    ... success: reloaded. 
83673      INFO  main            d.u.i.k.p.r.p.TestFile    Now processing file /home/runner/work/key/key/key.core/../key.ui/examples/heap/information_flow/ArrayList_contains.key 
83674      INFO  main            d.u.i.k.p.i.AbstractProblemLoader Loading environment from /home/runner/work/key/key/key.core/../key.ui/examples/heap/information_flow/ArrayList_contains.key 
83674      DEBUG main            d.u.i.k.p.i.AbstractProblemLoader Environment load took 239.3ns 
83675      INFO  main            d.u.i.k.p.i.AbstractProblemLoader Creating init config 
86448      DEBUG main            d.u.i.k.p.i.AbstractProblemLoader Init config took 2.77s 
86488      INFO  main            d.u.i.k.p.i.AbstractProblemLoader Replaying proof ArrayList[ArrayList::get(int)].JML normal_behavior operation contract.0 
86491      DEBUG main            d.u.i.k.p.i.IntermediateProofReplayer Proof replay took 6.5ns 
86794      INFO  main            d.u.i.k.p.r.p.TestFile    ... finished proof: closed. 
87141      INFO  main            d.u.i.k.p.i.AbstractProblemLoader Loading environment from /home/runner/work/key/key/key.core/../key.ui/examples/heap/information_flow/ArrayList_contains.key.proof 
87141      DEBUG main            d.u.i.k.p.i.AbstractProblemLoader Environment load took 133.3ns 
87143      INFO  main            d.u.i.k.p.i.AbstractProblemLoader Creating init config 
89833      DEBUG main            d.u.i.k.p.i.AbstractProblemLoader Init config took 2.69s 
89872      INFO  main            d.u.i.k.p.i.AbstractProblemLoader Replaying proof ArrayList[ArrayList::get(int)].JML normal_behavior operation contract.0 
89945      DEBUG main            d.u.i.k.p.i.IntermediateProofReplayer Proof replay took 70.54ms 
89946      DEBUG main            d.u.i.k.p.r.p.TestFile    ... success: reloaded. 
89947      INFO  main            d.u.i.k.p.r.p.TestFile    Now processing file /home/runner/work/key/key/key.core/../key.ui/examples/heap/information_flow/ArrayList_get.key 
89947      INFO  main            d.u.i.k.p.i.AbstractProblemLoader Loading environment from /home/runner/work/key/key/key.core/../key.ui/examples/heap/information_flow/ArrayList_get.key 
89948      DEBUG main            d.u.i.k.p.i.AbstractProblemLoader Environment load took 264.4ns 
89949      INFO  main            d.u.i.k.p.i.AbstractProblemLoader Creating init config 
92599      DEBUG main            d.u.i.k.p.i.AbstractProblemLoader Init config took 2.65s 
92665      INFO  main            d.u.i.k.p.i.AbstractProblemLoader Replaying proof ArrayList[ArrayList::contains(java.lang.Object)].JML normal_behavior operation contract.0 
92666      DEBUG main            d.u.i.k.p.i.IntermediateProofReplayer Proof replay took 6.6ns 
93570      INFO  main            d.u.i.k.p.r.p.TestFile    ... finished proof: closed. 
93845      INFO  main            d.u.i.k.p.i.AbstractProblemLoader Loading environment from /home/runner/work/key/key/key.core/../key.ui/examples/heap/information_flow/ArrayList_get.key.proof 
93846      DEBUG main            d.u.i.k.p.i.AbstractProblemLoader Environment load took 1.29ms 
93848      INFO  main            d.u.i.k.p.i.AbstractProblemLoader Creating init config 
96537      DEBUG main            d.u.i.k.p.i.AbstractProblemLoader Init config took 2.69s 
96575      INFO  main            d.u.i.k.p.i.AbstractProblemLoader Replaying proof ArrayList[ArrayList::contains(java.lang.Object)].JML normal_behavior operation contract.0 
96736      DEBUG main            d.u.i.k.p.i.IntermediateProofReplayer Proof replay took 156.11ms 
96738      DEBUG main            d.u.i.k.p.r.p.TestFile    ... success: reloaded. 
96739      INFO  main            d.u.i.k.p.r.p.TestFile    Now processing file /home/runner/work/key/key/key.core/../key.ui/examples/heap/information_flow/ArrayList_size.key 
96740      INFO  main            d.u.i.k.p.i.AbstractProblemLoader Loading environment from /home/runner/work/key/key/key.core/../key.ui/examples/heap/information_flow/ArrayList_size.key 
96740      DEBUG main            d.u.i.k.p.i.AbstractProblemLoader Environment load took 257.8ns 
96741      INFO  main            d.u.i.k.p.i.AbstractProblemLoader Creating init config 
99450      DEBUG main            d.u.i.k.p.i.AbstractProblemLoader Init config took 2.71s 
99488      INFO  main            d.u.i.k.p.i.AbstractProblemLoader Replaying proof ArrayList[ArrayList::size()].JML normal_behavior operation contract.0 
99489      DEBUG main            d.u.i.k.p.i.IntermediateProofReplayer Proof replay took 6.4ns 
99593      INFO  main            d.u.i.k.p.r.p.TestFile    ... finished proof: closed. 
99904      INFO  main            d.u.i.k.p.i.AbstractProblemLoader Loading environment from /home/runner/work/key/key/key.core/../key.ui/examples/heap/information_flow/ArrayList_size.key.proof 
99904      DEBUG main            d.u.i.k.p.i.AbstractProblemLoader Environment load took 126.7ns 
99905      INFO  main            d.u.i.k.p.i.AbstractProblemLoader Creating init config 
102510     DEBUG main            d.u.i.k.p.i.AbstractProblemLoader Init config took 2.61s 
102547     INFO  main            d.u.i.k.p.i.AbstractProblemLoader Replaying proof ArrayList[ArrayList::size()].JML normal_behavior operation contract.0 
102563     DEBUG main            d.u.i.k.p.i.IntermediateProofReplayer Proof replay took 13.21ms 
102564     DEBUG main            d.u.i.k.p.r.p.TestFile    ... success: reloaded. 
102565     INFO  main            d.u.i.k.p.r.p.TestFile    Now processing file /home/runner/work/key/key/key.core/../key.ui/examples/heap/information_flow/UpdateAbstraction_ex7_3_secure.key 
102565     INFO  main            d.u.i.k.p.i.AbstractProblemLoader Loading environment from /home/runner/work/key/key/key.core/../key.ui/examples/heap/information_flow/UpdateAbstraction_ex7_3_secure.key 
102565     DEBUG main            d.u.i.k.p.i.AbstractProblemLoader Environment load took 235.7ns 
102566     INFO  main            d.u.i.k.p.i.AbstractProblemLoader Creating init config 
105264     DEBUG main            d.u.i.k.p.i.AbstractProblemLoader Init config took 2.7s 
105300     INFO  main            d.u.i.k.p.i.AbstractProblemLoader Replaying proof UpdateAbstraction[UpdateAbstraction::ex7_3_secure()].JML operation contract.0 
105301     DEBUG main            d.u.i.k.p.i.IntermediateProofReplayer Proof replay took 6ns 
105509     INFO  main            d.u.i.k.p.r.p.TestFile    ... finished proof: closed. 
105782     INFO  main            d.u.i.k.p.i.AbstractProblemLoader Loading environment from /home/runner/work/key/key/key.core/../key.ui/examples/heap/information_flow/UpdateAbstraction_ex7_3_secure.key.proof 
105782     DEBUG main            d.u.i.k.p.i.AbstractProblemLoader Environment load took 125.1ns 
105783     INFO  main            d.u.i.k.p.i.AbstractProblemLoader Creating init config 
108397     DEBUG main            d.u.i.k.p.i.AbstractProblemLoader Init config took 2.61s 
108432     INFO  main            d.u.i.k.p.i.AbstractProblemLoader Replaying proof UpdateAbstraction[UpdateAbstraction::ex7_3_secure()].JML operation contract.0 
108463     DEBUG main            d.u.i.k.p.i.IntermediateProofReplayer Proof replay took 29.1ms 
108464     DEBUG main            d.u.i.k.p.r.p.TestFile    ... success: reloaded. 
108465     INFO  main            d.u.i.k.p.r.p.TestFile    Now processing file /home/runner/work/key/key/key.core/../key.ui/examples/heap/information_flow/UpdateAbstraction_ex7_4_secure.key 
108465     INFO  main            d.u.i.k.p.i.AbstractProblemLoader Loading environment from /home/runner/work/key/key/key.core/../key.ui/examples/heap/information_flow/UpdateAbstraction_ex7_4_secure.key 
108465     DEBUG main            d.u.i.k.p.i.AbstractProblemLoader Environment load took 105.5ns 
108466     INFO  main            d.u.i.k.p.i.AbstractProblemLoader Creating init config 
111153     DEBUG main            d.u.i.k.p.i.AbstractProblemLoader Init config took 2.69s 
111195     INFO  main            d.u.i.k.p.i.AbstractProblemLoader Replaying proof UpdateAbstraction[UpdateAbstraction::ex7_4_secure()].JML operation contract.0 
111197     DEBUG main            d.u.i.k.p.i.IntermediateProofReplayer Proof replay took 6.2ns 
111400     INFO  main            d.u.i.k.p.r.p.TestFile    ... finished proof: closed. 
111678     INFO  main            d.u.i.k.p.i.AbstractProblemLoader Loading environment from /home/runner/work/key/key/key.core/../key.ui/examples/heap/information_flow/UpdateAbstraction_ex7_4_secure.key.proof 
111678     DEBUG main            d.u.i.k.p.i.AbstractProblemLoader Environment load took 123.1ns 
111679     INFO  main            d.u.i.k.p.i.AbstractProblemLoader Creating init config 
114281     DEBUG main            d.u.i.k.p.i.AbstractProblemLoader Init config took 2.6s 
114316     INFO  main            d.u.i.k.p.i.AbstractProblemLoader Replaying proof UpdateAbstraction[UpdateAbstraction::ex7_4_secure()].JML operation contract.0 
114379     DEBUG main            d.u.i.k.p.i.IntermediateProofReplayer Proof replay took 60.37ms 
114381     DEBUG main            d.u.i.k.p.r.p.TestFile    ... success: reloaded. 
114382     INFO  main            d.u.i.k.p.r.p.TestFile    Now processing file /home/runner/work/key/key/key.core/../key.ui/examples/heap/information_flow/UpdateAbstraction_ex7_5_secure.key 
114382     INFO  main            d.u.i.k.p.i.AbstractProblemLoader Loading environment from /home/runner/work/key/key/key.core/../key.ui/examples/heap/information_flow/UpdateAbstraction_ex7_5_secure.key 
114383     DEBUG main            d.u.i.k.p.i.AbstractProblemLoader Environment load took 247.9ns 
114384     INFO  main            d.u.i.k.p.i.AbstractProblemLoader Creating init config 
117025     DEBUG main            d.u.i.k.p.i.AbstractProblemLoader Init config took 2.64s 
117059     INFO  main            d.u.i.k.p.i.AbstractProblemLoader Replaying proof UpdateAbstraction[UpdateAbstraction::ex7_5_secure()].JML operation contract.0 
117060     DEBUG main            d.u.i.k.p.i.IntermediateProofReplayer Proof replay took 6.4ns 
117162     INFO  main            d.u.i.k.p.r.p.TestFile    ... finished proof: closed. 
117443     INFO  main            d.u.i.k.p.i.AbstractProblemLoader Loading environment from /home/runner/work/key/key/key.core/../key.ui/examples/heap/information_flow/UpdateAbstraction_ex7_5_secure.key.proof 
117443     DEBUG main            d.u.i.k.p.i.AbstractProblemLoader Environment load took 131.9ns 
117444     INFO  main            d.u.i.k.p.i.AbstractProblemLoader Creating init config 
120041     DEBUG main            d.u.i.k.p.i.AbstractProblemLoader Init config took 2.6s 
120075     INFO  main            d.u.i.k.p.i.AbstractProblemLoader Replaying proof UpdateAbstraction[UpdateAbstraction::ex7_5_secure()].JML operation contract.0 
120094     DEBUG main            d.u.i.k.p.i.IntermediateProofReplayer Proof replay took 17.31ms 
120095     DEBUG main            d.u.i.k.p.r.p.TestFile    ... success: reloaded. 
120095     INFO  main            d.u.i.k.p.r.p.TestFile    Now processing file /home/runner/work/key/key/key.core/../key.ui/examples/heap/information_flow/UpdateAbstraction_ex7_6_secure.key 
120096     INFO  main            d.u.i.k.p.i.AbstractProblemLoader Loading environment from /home/runner/work/key/key/key.core/../key.ui/examples/heap/information_flow/UpdateAbstraction_ex7_6_secure.key 
120096     DEBUG main            d.u.i.k.p.i.AbstractProblemLoader Environment load took 121.3ns 
120096     INFO  main            d.u.i.k.p.i.AbstractProblemLoader Creating init config 
122753     DEBUG main            d.u.i.k.p.i.AbstractProblemLoader Init config took 2.66s 
122786     INFO  main            d.u.i.k.p.i.AbstractProblemLoader Replaying proof UpdateAbstraction[UpdateAbstraction::ex7_6_secure()].JML operation contract.0 
122787     DEBUG main            d.u.i.k.p.i.IntermediateProofReplayer Proof replay took 5.8ns 
123118     INFO  main            d.u.i.k.p.r.p.TestFile    ... finished proof: closed. 
123401     INFO  main            d.u.i.k.p.i.AbstractProblemLoader Loading environment from /home/runner/work/key/key/key.core/../key.ui/examples/heap/information_flow/UpdateAbstraction_ex7_6_secure.key.proof 
123401     DEBUG main            d.u.i.k.p.i.AbstractProblemLoader Environment load took 118.5ns 
123402     INFO  main            d.u.i.k.p.i.AbstractProblemLoader Creating init config 
125972     DEBUG main            d.u.i.k.p.i.AbstractProblemLoader Init config took 2.57s 
126005     INFO  main            d.u.i.k.p.i.AbstractProblemLoader Replaying proof UpdateAbstraction[UpdateAbstraction::ex7_6_secure()].JML operation contract.0 
126067     DEBUG main            d.u.i.k.p.i.IntermediateProofReplayer Proof replay took 58.22ms 
126068     DEBUG main            d.u.i.k.p.r.p.TestFile    ... success: reloaded. 
126069     INFO  main            d.u.i.k.p.r.p.TestFile    Now processing file /home/runner/work/key/key/key.core/../key.ui/examples/heap/information_flow/UpdateAbstraction_ex9_secure.key 
126069     INFO  main            d.u.i.k.p.i.AbstractProblemLoader Loading environment from /home/runner/work/key/key/key.core/../key.ui/examples/heap/information_flow/UpdateAbstraction_ex9_secure.key 
126069     DEBUG main            d.u.i.k.p.i.AbstractProblemLoader Environment load took 85.6ns 
126070     INFO  main            d.u.i.k.p.i.AbstractProblemLoader Creating init config 
128714     DEBUG main            d.u.i.k.p.i.AbstractProblemLoader Init config took 2.64s 
128749     INFO  main            d.u.i.k.p.i.AbstractProblemLoader Replaying proof UpdateAbstraction[UpdateAbstraction::ex9_secure()].JML operation contract.0 
128750     DEBUG main            d.u.i.k.p.i.IntermediateProofReplayer Proof replay took 6.3ns 
129672     INFO  main            d.u.i.k.p.r.p.TestFile    ... finished proof: closed. 
129986     INFO  main            d.u.i.k.p.i.AbstractProblemLoader Loading environment from /home/runner/work/key/key/key.core/../key.ui/examples/heap/information_flow/UpdateAbstraction_ex9_secure.key.proof 
129986     DEBUG main            d.u.i.k.p.i.AbstractProblemLoader Environment load took 129.8ns 
129987     INFO  main            d.u.i.k.p.i.AbstractProblemLoader Creating init config 
132575     DEBUG main            d.u.i.k.p.i.AbstractProblemLoader Init config took 2.59s 
132610     INFO  main            d.u.i.k.p.i.AbstractProblemLoader Replaying proof UpdateAbstraction[UpdateAbstraction::ex9_secure()].JML operation contract.0 
132813     DEBUG main            d.u.i.k.p.i.IntermediateProofReplayer Proof replay took 197.99ms 
132814     DEBUG main            d.u.i.k.p.r.p.TestFile    ... success: reloaded. 
852748     INFO  Test worker     d.u.i.k.p.r.RunAllProofsTestUnit Returning from test javaCard 
852750     INFO  Test worker     d.u.i.k.p.r.RunAllProofsTestUnit Running test list 
354        INFO  Timeout watchdog d.u.i.k.p.r.p.ForkedTestFileRunner Timeout watcher launched (2000 secs.) 
372        WARN  main            d.u.i.k.s.ProofSettings   The settings in /home/runner/.key/proof-settings.props are *not* read. 
399        INFO  main            d.u.i.k.p.r.p.TestFile    Now processing file /home/runner/work/key/key/key.core/../key.ui/examples/heap/list/ArrayList_add.key 
515        INFO  main            d.u.i.k.p.i.AbstractProblemLoader Loading environment from /home/runner/work/key/key/key.core/../key.ui/examples/heap/list/ArrayList_add.key 
536        DEBUG main            d.u.i.k.p.i.AbstractProblemLoader Environment load took 1.91ms 
755        INFO  main            d.u.i.k.p.i.AbstractProblemLoader Creating init config 
1651       DEBUG main            d.u.i.k.j.TypeConverter   No LDT found for Meta 
1652       DEBUG main            d.u.i.k.j.TypeConverter   No LDT found for Meta 
1653       DEBUG main            d.u.i.k.j.TypeConverter   No LDT found for Meta 
1653       DEBUG main            d.u.i.k.j.TypeConverter   No LDT found for Meta 
3096       DEBUG main            d.u.i.k.j.TypeConverter   No LDT found for JavaBigintExpression 
6125       DEBUG main            d.u.i.k.j.r.ClassPreparationMethodBuilder clPrepBuilder: Inner Class detected. Reject building class initialisation methods. 
8738       DEBUG main            d.u.i.k.p.i.AbstractProblemLoader Init config took 7.98s 
8945       INFO  main            d.u.i.k.p.i.AbstractProblemLoader Replaying proof ArrayList[List::add(java.lang.Object)].JML normal_behavior operation contract.0 
8985       DEBUG main            d.u.i.k.p.i.IntermediateProofReplayer Proof replay took 31.8ns 
14975      INFO  main            d.u.i.k.p.r.p.TestFile    ... finished proof: closed. 
15231      INFO  main            d.u.i.k.p.i.AbstractProblemLoader Loading environment from /home/runner/work/key/key/key.core/../key.ui/examples/heap/list/ArrayList_add.key.proof 
15235      DEBUG main            d.u.i.k.p.i.AbstractProblemLoader Environment load took 4.27ms 
15241      INFO  main            d.u.i.k.p.i.AbstractProblemLoader Creating init config 
16420      DEBUG main            d.u.i.k.j.r.ClassPreparationMethodBuilder clPrepBuilder: Inner Class detected. Reject building class initialisation methods. 
18675      DEBUG main            d.u.i.k.p.i.AbstractProblemLoader Init config took 3.43s 
18765      INFO  main            d.u.i.k.p.i.AbstractProblemLoader Replaying proof ArrayList[List::add(java.lang.Object)].JML normal_behavior operation contract.0 
19958      DEBUG main            d.u.i.k.p.i.IntermediateProofReplayer Proof replay took 1.15s 
19972      DEBUG main            d.u.i.k.p.r.p.TestFile    ... success: reloaded. 
19977      INFO  main            d.u.i.k.p.r.p.TestFile    Now processing file /home/runner/work/key/key/key.core/../key.ui/examples/heap/list/ArrayList_ArrayList.key 
19978      INFO  main            d.u.i.k.p.i.AbstractProblemLoader Loading environment from /home/runner/work/key/key/key.core/../key.ui/examples/heap/list/ArrayList_ArrayList.key 
19978      DEBUG main            d.u.i.k.p.i.AbstractProblemLoader Environment load took 330.7ns 
19982      INFO  main            d.u.i.k.p.i.AbstractProblemLoader Creating init config 
21079      DEBUG main            d.u.i.k.j.r.ClassPreparationMethodBuilder clPrepBuilder: Inner Class detected. Reject building class initialisation methods. 
23342      DEBUG main            d.u.i.k.p.i.AbstractProblemLoader Init config took 3.36s 
23409      INFO  main            d.u.i.k.p.i.AbstractProblemLoader Replaying proof ArrayList[ArrayList::ArrayList()].JML normal_behavior operation contract.0 
23412      DEBUG main            d.u.i.k.p.i.IntermediateProofReplayer Proof replay took 5.7ns 
25029      INFO  main            d.u.i.k.p.r.p.TestFile    ... finished proof: closed. 
25196      INFO  main            d.u.i.k.p.i.AbstractProblemLoader Loading environment from /home/runner/work/key/key/key.core/../key.ui/examples/heap/list/ArrayList_ArrayList.key.proof 
25196      DEBUG main            d.u.i.k.p.i.AbstractProblemLoader Environment load took 157.3ns 
25197      INFO  main            d.u.i.k.p.i.AbstractProblemLoader Creating init config 
26268      DEBUG main            d.u.i.k.j.r.ClassPreparationMethodBuilder clPrepBuilder: Inner Class detected. Reject building class initialisation methods. 
28329      DEBUG main            d.u.i.k.p.i.AbstractProblemLoader Init config took 3.13s 
28412      INFO  main            d.u.i.k.p.i.AbstractProblemLoader Replaying proof ArrayList[ArrayList::ArrayList()].JML normal_behavior operation contract.0 
28666      DEBUG main            d.u.i.k.p.i.IntermediateProofReplayer Proof replay took 242.71ms 
28668      DEBUG main            d.u.i.k.p.r.p.TestFile    ... success: reloaded. 
28670      INFO  main            d.u.i.k.p.r.p.TestFile    Now processing file /home/runner/work/key/key/key.core/../key.ui/examples/heap/list/ArrayList_concatenate.key 
28670      INFO  main            d.u.i.k.p.i.AbstractProblemLoader Loading environment from /home/runner/work/key/key/key.core/../key.ui/examples/heap/list/ArrayList_concatenate.key 
28671      DEBUG main            d.u.i.k.p.i.AbstractProblemLoader Environment load took 244.8ns 
28672      INFO  main            d.u.i.k.p.i.AbstractProblemLoader Creating init config 
29670      DEBUG main            d.u.i.k.j.r.ClassPreparationMethodBuilder clPrepBuilder: Inner Class detected. Reject building class initialisation methods. 
31783      DEBUG main            d.u.i.k.p.i.AbstractProblemLoader Init config took 3.11s 
31842      INFO  main            d.u.i.k.p.i.AbstractProblemLoader Replaying proof ArrayList[List::concatenate(List)].JML normal_behavior operation contract.0 
31844      DEBUG main            d.u.i.k.p.i.IntermediateProofReplayer Proof replay took 7.2ns 
58538      INFO  main            d.u.i.k.p.r.p.TestFile    ... finished proof: closed. 
58798      INFO  main            d.u.i.k.p.i.AbstractProblemLoader Loading environment from /home/runner/work/key/key/key.core/../key.ui/examples/heap/list/ArrayList_concatenate.key.proof 
58799      DEBUG main            d.u.i.k.p.i.AbstractProblemLoader Environment load took 540.71ns 
58804      INFO  main            d.u.i.k.p.i.AbstractProblemLoader Creating init config 
59780      DEBUG main            d.u.i.k.j.r.ClassPreparationMethodBuilder clPrepBuilder: Inner Class detected. Reject building class initialisation methods. 
61839      DEBUG main            d.u.i.k.p.i.AbstractProblemLoader Init config took 3.03s 
61909      INFO  main            d.u.i.k.p.i.AbstractProblemLoader Replaying proof ArrayList[List::concatenate(List)].JML normal_behavior operation contract.0 
64246      DEBUG main            d.u.i.k.p.i.IntermediateProofReplayer Proof replay took 2.27s 
64250      DEBUG main            d.u.i.k.p.r.p.TestFile    ... success: reloaded. 
64252      INFO  main            d.u.i.k.p.r.p.TestFile    Now processing file /home/runner/work/key/key/key.core/../key.ui/examples/heap/list/ArrayList_contains_dep.key 
64253      INFO  main            d.u.i.k.p.i.AbstractProblemLoader Loading environment from /home/runner/work/key/key/key.core/../key.ui/examples/heap/list/ArrayList_contains_dep.key 
64253      DEBUG main            d.u.i.k.p.i.AbstractProblemLoader Environment load took 244.7ns 
64254      INFO  main            d.u.i.k.p.i.AbstractProblemLoader Creating init config 
65296      DEBUG main            d.u.i.k.j.r.ClassPreparationMethodBuilder clPrepBuilder: Inner Class detected. Reject building class initialisation methods. 
67446      DEBUG main            d.u.i.k.p.i.AbstractProblemLoader Init config took 3.19s 
67501      INFO  main            d.u.i.k.p.i.AbstractProblemLoader Replaying proof ArrayList[List::contains(java.lang.Object)].JML accessible clause.0 
67503      DEBUG main            d.u.i.k.p.i.IntermediateProofReplayer Proof replay took 6.2ns 
70429      INFO  main            d.u.i.k.p.r.p.TestFile    ... finished proof: closed. 
70697      INFO  main            d.u.i.k.p.i.AbstractProblemLoader Loading environment from /home/runner/work/key/key/key.core/../key.ui/examples/heap/list/ArrayList_contains_dep.key.proof 
70697      DEBUG main            d.u.i.k.p.i.AbstractProblemLoader Environment load took 497.11ns 
70699      INFO  main            d.u.i.k.p.i.AbstractProblemLoader Creating init config 
71713      DEBUG main            d.u.i.k.j.r.ClassPreparationMethodBuilder clPrepBuilder: Inner Class detected. Reject building class initialisation methods. 
73744      DEBUG main            d.u.i.k.p.i.AbstractProblemLoader Init config took 3.04s 
73797      INFO  main            d.u.i.k.p.i.AbstractProblemLoader Replaying proof ArrayList[List::contains(java.lang.Object)].JML accessible clause.0 
74290      DEBUG main            d.u.i.k.p.i.IntermediateProofReplayer Proof replay took 482.49ms 
74292      DEBUG main            d.u.i.k.p.r.p.TestFile    ... success: reloaded. 
74294      INFO  main            d.u.i.k.p.r.p.TestFile    Now processing file /home/runner/work/key/key/key.core/../key.ui/examples/heap/list/ArrayList_enlarge.key 
74294      INFO  main            d.u.i.k.p.i.AbstractProblemLoader Loading environment from /home/runner/work/key/key/key.core/../key.ui/examples/heap/list/ArrayList_enlarge.key 
74294      DEBUG main            d.u.i.k.p.i.AbstractProblemLoader Environment load took 236ns 
74295      INFO  main            d.u.i.k.p.i.AbstractProblemLoader Creating init config 
75255      DEBUG main            d.u.i.k.j.r.ClassPreparationMethodBuilder clPrepBuilder: Inner Class detected. Reject building class initialisation methods. 
77308      DEBUG main            d.u.i.k.p.i.AbstractProblemLoader Init config took 3.01s 
77392      INFO  main            d.u.i.k.p.i.AbstractProblemLoader Replaying proof ArrayList[ArrayList::enlarge()].JML normal_behavior operation contract.0 
77395      DEBUG main            d.u.i.k.p.i.IntermediateProofReplayer Proof replay took 6ns 
79902      INFO  main            d.u.i.k.p.r.p.TestFile    ... finished proof: closed. 
80094      INFO  main            d.u.i.k.p.i.AbstractProblemLoader Loading environment from /home/runner/work/key/key/key.core/../key.ui/examples/heap/list/ArrayList_enlarge.key.proof 
80096      DEBUG main            d.u.i.k.p.i.AbstractProblemLoader Environment load took 1.79ms 
80098      INFO  main            d.u.i.k.p.i.AbstractProblemLoader Creating init config 
81038      DEBUG main            d.u.i.k.j.r.ClassPreparationMethodBuilder clPrepBuilder: Inner Class detected. Reject building class initialisation methods. 
83120      DEBUG main            d.u.i.k.p.i.AbstractProblemLoader Init config took 3.02s 
83183      INFO  main            d.u.i.k.p.i.AbstractProblemLoader Replaying proof ArrayList[ArrayList::enlarge()].JML normal_behavior operation contract.0 
83585      DEBUG main            d.u.i.k.p.i.IntermediateProofReplayer Proof replay took 393.15ms 
83587      DEBUG main            d.u.i.k.p.r.p.TestFile    ... success: reloaded. 
83588      INFO  main            d.u.i.k.p.r.p.TestFile    Now processing file /home/runner/work/key/key/key.core/../key.ui/examples/heap/list/ArrayList_footprint.key 
83589      INFO  main            d.u.i.k.p.i.AbstractProblemLoader Loading environment from /home/runner/work/key/key/key.core/../key.ui/examples/heap/list/ArrayList_footprint.key 
83589      DEBUG main            d.u.i.k.p.i.AbstractProblemLoader Environment load took 260.7ns 
83590      INFO  main            d.u.i.k.p.i.AbstractProblemLoader Creating init config 
84552      DEBUG main            d.u.i.k.j.r.ClassPreparationMethodBuilder clPrepBuilder: Inner Class detected. Reject building class initialisation methods. 
86618      DEBUG main            d.u.i.k.p.i.AbstractProblemLoader Init config took 3.03s 
86663      INFO  main            d.u.i.k.p.i.AbstractProblemLoader Replaying proof List[List::$footprint()].JML accessible clause.0 
86665      DEBUG main            d.u.i.k.p.i.IntermediateProofReplayer Proof replay took 5.8ns 
86769      INFO  main            d.u.i.k.p.r.p.TestFile    ... finished proof: closed. 
86948      INFO  main            d.u.i.k.p.i.AbstractProblemLoader Loading environment from /home/runner/work/key/key/key.core/../key.ui/examples/heap/list/ArrayList_footprint.key.proof 
86948      DEBUG main            d.u.i.k.p.i.AbstractProblemLoader Environment load took 121.4ns 
86949      INFO  main            d.u.i.k.p.i.AbstractProblemLoader Creating init config 
87898      DEBUG main            d.u.i.k.j.r.ClassPreparationMethodBuilder clPrepBuilder: Inner Class detected. Reject building class initialisation methods. 
89927      DEBUG main            d.u.i.k.p.i.AbstractProblemLoader Init config took 2.98s 
89971      INFO  main            d.u.i.k.p.i.AbstractProblemLoader Replaying proof List[List::$footprint()].JML accessible clause.0 
89973      DEBUG main            d.u.i.k.p.i.IntermediateProofReplayer Proof replay took 1.16ms 
89974      DEBUG main            d.u.i.k.p.r.p.TestFile    ... success: reloaded. 
89975      INFO  main            d.u.i.k.p.r.p.TestFile    Now processing file /home/runner/work/key/key/key.core/../key.ui/examples/heap/list/ArrayList_get_dep.key 
89976      INFO  main            d.u.i.k.p.i.AbstractProblemLoader Loading environment from /home/runner/work/key/key/key.core/../key.ui/examples/heap/list/ArrayList_get_dep.key 
89976      DEBUG main            d.u.i.k.p.i.AbstractProblemLoader Environment load took 106.8ns 
89977      INFO  main            d.u.i.k.p.i.AbstractProblemLoader Creating init config 
90949      DEBUG main            d.u.i.k.j.r.ClassPreparationMethodBuilder clPrepBuilder: Inner Class detected. Reject building class initialisation methods. 
93030      DEBUG main            d.u.i.k.p.i.AbstractProblemLoader Init config took 3.05s 
93081      INFO  main            d.u.i.k.p.i.AbstractProblemLoader Replaying proof ArrayList[List::get(int)].JML accessible clause.0 
93083      DEBUG main            d.u.i.k.p.i.IntermediateProofReplayer Proof replay took 6ns 
93495      INFO  main            d.u.i.k.p.r.p.TestFile    ... finished proof: closed. 
93709      INFO  main            d.u.i.k.p.i.AbstractProblemLoader Loading environment from /home/runner/work/key/key/key.core/../key.ui/examples/heap/list/ArrayList_get_dep.key.proof 
93710      DEBUG main            d.u.i.k.p.i.AbstractProblemLoader Environment load took 970.91ns 
93711      INFO  main            d.u.i.k.p.i.AbstractProblemLoader Creating init config 
94661      DEBUG main            d.u.i.k.j.r.ClassPreparationMethodBuilder clPrepBuilder: Inner Class detected. Reject building class initialisation methods. 
96645      DEBUG main            d.u.i.k.p.i.AbstractProblemLoader Init config took 2.93s 
96709      INFO  main            d.u.i.k.p.i.AbstractProblemLoader Replaying proof ArrayList[List::get(int)].JML accessible clause.0 
96790      DEBUG main            d.u.i.k.p.i.IntermediateProofReplayer Proof replay took 77.88ms 
96791      DEBUG main            d.u.i.k.p.r.p.TestFile    ... success: reloaded. 
96792      INFO  main            d.u.i.k.p.r.p.TestFile    Now processing file /home/runner/work/key/key/key.core/../key.ui/examples/heap/list/ArrayList_get_exceptional.key 
96793      INFO  main            d.u.i.k.p.i.AbstractProblemLoader Loading environment from /home/runner/work/key/key/key.core/../key.ui/examples/heap/list/ArrayList_get_exceptional.key 
96793      DEBUG main            d.u.i.k.p.i.AbstractProblemLoader Environment load took 182.8ns 
96794      INFO  main            d.u.i.k.p.i.AbstractProblemLoader Creating init config 
97768      DEBUG main            d.u.i.k.j.r.ClassPreparationMethodBuilder clPrepBuilder: Inner Class detected. Reject building class initialisation methods. 
99862      DEBUG main            d.u.i.k.p.i.AbstractProblemLoader Init config took 3.07s 
99910      INFO  main            d.u.i.k.p.i.AbstractProblemLoader Replaying proof ArrayList[List::get(int)].JML exceptional_behavior operation contract.0 
99912      DEBUG main            d.u.i.k.p.i.IntermediateProofReplayer Proof replay took 6.2ns 
101219     INFO  main            d.u.i.k.p.r.p.TestFile    ... finished proof: closed. 
101430     INFO  main            d.u.i.k.p.i.AbstractProblemLoader Loading environment from /home/runner/work/key/key/key.core/../key.ui/examples/heap/list/ArrayList_get_exceptional.key.proof 
101430     DEBUG main            d.u.i.k.p.i.AbstractProblemLoader Environment load took 576.5ns 
101432     INFO  main            d.u.i.k.p.i.AbstractProblemLoader Creating init config 
102365     DEBUG main            d.u.i.k.j.r.ClassPreparationMethodBuilder clPrepBuilder: Inner Class detected. Reject building class initialisation methods. 
104405     DEBUG main            d.u.i.k.p.i.AbstractProblemLoader Init config took 2.97s 
104451     INFO  main            d.u.i.k.p.i.AbstractProblemLoader Replaying proof ArrayList[List::get(int)].JML exceptional_behavior operation contract.0 
104689     DEBUG main            d.u.i.k.p.i.IntermediateProofReplayer Proof replay took 230.76ms 
104690     DEBUG main            d.u.i.k.p.r.p.TestFile    ... success: reloaded. 
104691     INFO  main            d.u.i.k.p.r.p.TestFile    Now processing file /home/runner/work/key/key/key.core/../key.ui/examples/heap/list/ArrayList_get_normal.key 
104691     INFO  main            d.u.i.k.p.i.AbstractProblemLoader Loading environment from /home/runner/work/key/key/key.core/../key.ui/examples/heap/list/ArrayList_get_normal.key 
104692     DEBUG main            d.u.i.k.p.i.AbstractProblemLoader Environment load took 100.6ns 
104692     INFO  main            d.u.i.k.p.i.AbstractProblemLoader Creating init config 
105637     DEBUG main            d.u.i.k.j.r.ClassPreparationMethodBuilder clPrepBuilder: Inner Class detected. Reject building class initialisation methods. 
107659     DEBUG main            d.u.i.k.p.i.AbstractProblemLoader Init config took 2.97s 
107706     INFO  main            d.u.i.k.p.i.AbstractProblemLoader Replaying proof ArrayList[List::get(int)].JML normal_behavior operation contract.0 
107707     DEBUG main            d.u.i.k.p.i.IntermediateProofReplayer Proof replay took 6.3ns 
108219     INFO  main            d.u.i.k.p.r.p.TestFile    ... finished proof: closed. 
108413     INFO  main            d.u.i.k.p.i.AbstractProblemLoader Loading environment from /home/runner/work/key/key/key.core/../key.ui/examples/heap/list/ArrayList_get_normal.key.proof 
108413     DEBUG main            d.u.i.k.p.i.AbstractProblemLoader Environment load took 126.9ns 
108414     INFO  main            d.u.i.k.p.i.AbstractProblemLoader Creating init config 
109347     DEBUG main            d.u.i.k.j.r.ClassPreparationMethodBuilder clPrepBuilder: Inner Class detected. Reject building class initialisation methods. 
111404     DEBUG main            d.u.i.k.p.i.AbstractProblemLoader Init config took 2.99s 
111451     INFO  main            d.u.i.k.p.i.AbstractProblemLoader Replaying proof ArrayList[List::get(int)].JML normal_behavior operation contract.0 
111531     DEBUG main            d.u.i.k.p.i.IntermediateProofReplayer Proof replay took 76.75ms 
111532     DEBUG main            d.u.i.k.p.r.p.TestFile    ... success: reloaded. 
111533     INFO  main            d.u.i.k.p.r.p.TestFile    Now processing file /home/runner/work/key/key/key.core/../key.ui/examples/heap/list/ArrayList_inv.key 
111534     INFO  main            d.u.i.k.p.i.AbstractProblemLoader Loading environment from /home/runner/work/key/key/key.core/../key.ui/examples/heap/list/ArrayList_inv.key 
111534     DEBUG main            d.u.i.k.p.i.AbstractProblemLoader Environment load took 108.2ns 
111535     INFO  main            d.u.i.k.p.i.AbstractProblemLoader Creating init config 
112473     DEBUG main            d.u.i.k.j.r.ClassPreparationMethodBuilder clPrepBuilder: Inner Class detected. Reject building class initialisation methods. 
114492     DEBUG main            d.u.i.k.p.i.AbstractProblemLoader Init config took 2.96s 
114538     INFO  main            d.u.i.k.p.i.AbstractProblemLoader Replaying proof ArrayList[java.lang.Object::<inv>()].JML accessible clause.0 
114540     DEBUG main            d.u.i.k.p.i.IntermediateProofReplayer Proof replay took 7.6ns 
114942     INFO  main            d.u.i.k.p.r.p.TestFile    ... finished proof: closed. 
115155     INFO  main            d.u.i.k.p.i.AbstractProblemLoader Loading environment from /home/runner/work/key/key/key.core/../key.ui/examples/heap/list/ArrayList_inv.key.proof 
115155     DEBUG main            d.u.i.k.p.i.AbstractProblemLoader Environment load took 126.9ns 
115157     INFO  main            d.u.i.k.p.i.AbstractProblemLoader Creating init config 
116090     DEBUG main            d.u.i.k.j.r.ClassPreparationMethodBuilder clPrepBuilder: Inner Class detected. Reject building class initialisation methods. 
118137     DEBUG main            d.u.i.k.p.i.AbstractProblemLoader Init config took 2.98s 
118182     INFO  main            d.u.i.k.p.i.AbstractProblemLoader Replaying proof ArrayList[java.lang.Object::<inv>()].JML accessible clause.0 
118226     DEBUG main            d.u.i.k.p.i.IntermediateProofReplayer Proof replay took 41.36ms 
118227     DEBUG main            d.u.i.k.p.r.p.TestFile    ... success: reloaded. 
118228     INFO  main            d.u.i.k.p.r.p.TestFile    Now processing file /home/runner/work/key/key/key.core/../key.ui/examples/heap/list/ArrayList_iterator.key 
118228     INFO  main            d.u.i.k.p.i.AbstractProblemLoader Loading environment from /home/runner/work/key/key/key.core/../key.ui/examples/heap/list/ArrayList_iterator.key 
118229     DEBUG main            d.u.i.k.p.i.AbstractProblemLoader Environment load took 103ns 
118229     INFO  main            d.u.i.k.p.i.AbstractProblemLoader Creating init config 
119166     DEBUG main            d.u.i.k.j.r.ClassPreparationMethodBuilder clPrepBuilder: Inner Class detected. Reject building class initialisation methods. 
121216     DEBUG main            d.u.i.k.p.i.AbstractProblemLoader Init config took 2.99s 
121262     INFO  main            d.u.i.k.p.i.AbstractProblemLoader Replaying proof ArrayList[List::iterator()].JML normal_behavior operation contract.0 
121263     DEBUG main            d.u.i.k.p.i.IntermediateProofReplayer Proof replay took 7.1ns 
121867     INFO  main            d.u.i.k.p.r.p.TestFile    ... finished proof: closed. 
122079     INFO  main            d.u.i.k.p.i.AbstractProblemLoader Loading environment from /home/runner/work/key/key/key.core/../key.ui/examples/heap/list/ArrayList_iterator.key.proof 
122080     DEBUG main            d.u.i.k.p.i.AbstractProblemLoader Environment load took 502ns 
122081     INFO  main            d.u.i.k.p.i.AbstractProblemLoader Creating init config 
123025     DEBUG main            d.u.i.k.j.r.ClassPreparationMethodBuilder clPrepBuilder: Inner Class detected. Reject building class initialisation methods. 
125025     DEBUG main            d.u.i.k.p.i.AbstractProblemLoader Init config took 2.94s 
125071     INFO  main            d.u.i.k.p.i.AbstractProblemLoader Replaying proof ArrayList[List::iterator()].JML normal_behavior operation contract.0 
125158     DEBUG main            d.u.i.k.p.i.IntermediateProofReplayer Proof replay took 82.82ms 
125159     DEBUG main            d.u.i.k.p.r.p.TestFile    ... success: reloaded. 
125160     INFO  main            d.u.i.k.p.r.p.TestFile    Now processing file /home/runner/work/key/key/key.core/../key.ui/examples/heap/list/ArrayList_size_dep.key 
125161     INFO  main            d.u.i.k.p.i.AbstractProblemLoader Loading environment from /home/runner/work/key/key/key.core/../key.ui/examples/heap/list/ArrayList_size_dep.key 
125161     DEBUG main            d.u.i.k.p.i.AbstractProblemLoader Environment load took 107ns 
125162     INFO  main            d.u.i.k.p.i.AbstractProblemLoader Creating init config 
126152     DEBUG main            d.u.i.k.j.r.ClassPreparationMethodBuilder clPrepBuilder: Inner Class detected. Reject building class initialisation methods. 
128216     DEBUG main            d.u.i.k.p.i.AbstractProblemLoader Init config took 3.05s 
128261     INFO  main            d.u.i.k.p.i.AbstractProblemLoader Replaying proof ArrayList[List::size()].JML accessible clause.0 
128263     DEBUG main            d.u.i.k.p.i.IntermediateProofReplayer Proof replay took 6.7ns 
128466     INFO  main            d.u.i.k.p.r.p.TestFile    ... finished proof: closed. 
128690     INFO  main            d.u.i.k.p.i.AbstractProblemLoader Loading environment from /home/runner/work/key/key/key.core/../key.ui/examples/heap/list/ArrayList_size_dep.key.proof 
128691     DEBUG main            d.u.i.k.p.i.AbstractProblemLoader Environment load took 129.1ns 
128692     INFO  main            d.u.i.k.p.i.AbstractProblemLoader Creating init config 
129624     DEBUG main            d.u.i.k.j.r.ClassPreparationMethodBuilder clPrepBuilder: Inner Class detected. Reject building class initialisation methods. 
131682     DEBUG main            d.u.i.k.p.i.AbstractProblemLoader Init config took 2.99s 
131742     INFO  main            d.u.i.k.p.i.AbstractProblemLoader Replaying proof ArrayList[List::size()].JML accessible clause.0 
131779     DEBUG main            d.u.i.k.p.i.IntermediateProofReplayer Proof replay took 32.2ms 
131780     DEBUG main            d.u.i.k.p.r.p.TestFile    ... success: reloaded. 
131783     INFO  main            d.u.i.k.p.r.p.TestFile    Now processing file /home/runner/work/key/key/key.core/../key.ui/examples/heap/list/ArrayList_size.key 
131784     INFO  main            d.u.i.k.p.i.AbstractProblemLoader Loading environment from /home/runner/work/key/key/key.core/../key.ui/examples/heap/list/ArrayList_size.key 
131784     DEBUG main            d.u.i.k.p.i.AbstractProblemLoader Environment load took 240ns 
131786     INFO  main            d.u.i.k.p.i.AbstractProblemLoader Creating init config 
132754     DEBUG main            d.u.i.k.j.r.ClassPreparationMethodBuilder clPrepBuilder: Inner Class detected. Reject building class initialisation methods. 
134782     DEBUG main            d.u.i.k.p.i.AbstractProblemLoader Init config took 3s 
134830     INFO  main            d.u.i.k.p.i.AbstractProblemLoader Replaying proof ArrayList[List::size()].JML normal_behavior operation contract.0 
134831     DEBUG main            d.u.i.k.p.i.IntermediateProofReplayer Proof replay took 6.6ns 
135134     INFO  main            d.u.i.k.p.r.p.TestFile    ... finished proof: closed. 
135382     INFO  main            d.u.i.k.p.i.AbstractProblemLoader Loading environment from /home/runner/work/key/key/key.core/../key.ui/examples/heap/list/ArrayList_size.key.proof 
135382     DEBUG main            d.u.i.k.p.i.AbstractProblemLoader Environment load took 123.1ns 
135383     INFO  main            d.u.i.k.p.i.AbstractProblemLoader Creating init config 
136315     DEBUG main            d.u.i.k.j.r.ClassPreparationMethodBuilder clPrepBuilder: Inner Class detected. Reject building class initialisation methods. 
138340     DEBUG main            d.u.i.k.p.i.AbstractProblemLoader Init config took 2.96s 
138387     INFO  main            d.u.i.k.p.i.AbstractProblemLoader Replaying proof ArrayList[List::size()].JML normal_behavior operation contract.0 
138425     DEBUG main            d.u.i.k.p.i.IntermediateProofReplayer Proof replay took 35.36ms 
138427     DEBUG main            d.u.i.k.p.r.p.TestFile    ... success: reloaded. 
138428     INFO  main            d.u.i.k.p.r.p.TestFile    Now processing file /home/runner/work/key/key/key.core/../key.ui/examples/heap/list/ArrayList.ArrayListIterator_ArrayListIterator.key 
138428     INFO  main            d.u.i.k.p.i.AbstractProblemLoader Loading environment from /home/runner/work/key/key/key.core/../key.ui/examples/heap/list/ArrayList.ArrayListIterator_ArrayListIterator.key 
138429     DEBUG main            d.u.i.k.p.i.AbstractProblemLoader Environment load took 274.3ns 
138430     INFO  main            d.u.i.k.p.i.AbstractProblemLoader Creating init config 
139383     DEBUG main            d.u.i.k.j.r.ClassPreparationMethodBuilder clPrepBuilder: Inner Class detected. Reject building class initialisation methods. 
141408     DEBUG main            d.u.i.k.p.i.AbstractProblemLoader Init config took 2.98s 
141462     INFO  main            d.u.i.k.p.i.AbstractProblemLoader Replaying proof ArrayList.ArrayListIterator[ArrayList.ArrayListIterator::ArrayListIterator(ArrayList)].JML normal_behavior operation contract.0 
141463     DEBUG main            d.u.i.k.p.i.IntermediateProofReplayer Proof replay took 6.2ns 
142167     INFO  main            d.u.i.k.p.r.p.TestFile    ... finished proof: closed. 
142411     INFO  main            d.u.i.k.p.i.AbstractProblemLoader Loading environment from /home/runner/work/key/key/key.core/../key.ui/examples/heap/list/ArrayList.ArrayListIterator_ArrayListIterator.key.proof 
142412     DEBUG main            d.u.i.k.p.i.AbstractProblemLoader Environment load took 495.1ns 
142413     INFO  main            d.u.i.k.p.i.AbstractProblemLoader Creating init config 
143331     DEBUG main            d.u.i.k.j.r.ClassPreparationMethodBuilder clPrepBuilder: Inner Class detected. Reject building class initialisation methods. 
145372     DEBUG main            d.u.i.k.p.i.AbstractProblemLoader Init config took 2.96s 
145425     INFO  main            d.u.i.k.p.i.AbstractProblemLoader Replaying proof ArrayList.ArrayListIterator[ArrayList.ArrayListIterator::ArrayListIterator(ArrayList)].JML normal_behavior operation contract.0 
145538     DEBUG main            d.u.i.k.p.i.IntermediateProofReplayer Proof replay took 108.05ms 
145539     DEBUG main            d.u.i.k.p.r.p.TestFile    ... success: reloaded. 
145540     INFO  main            d.u.i.k.p.r.p.TestFile    Now processing file /home/runner/work/key/key/key.core/../key.ui/examples/heap/list/ArrayList.ArrayListIterator_hasNext_dep.key 
145541     INFO  main            d.u.i.k.p.i.AbstractProblemLoader Loading environment from /home/runner/work/key/key/key.core/../key.ui/examples/heap/list/ArrayList.ArrayListIterator_hasNext_dep.key 
145541     DEBUG main            d.u.i.k.p.i.AbstractProblemLoader Environment load took 124ns 
145542     INFO  main            d.u.i.k.p.i.AbstractProblemLoader Creating init config 
146511     DEBUG main            d.u.i.k.j.r.ClassPreparationMethodBuilder clPrepBuilder: Inner Class detected. Reject building class initialisation methods. 
148513     DEBUG main            d.u.i.k.p.i.AbstractProblemLoader Init config took 2.97s 
148566     INFO  main            d.u.i.k.p.i.AbstractProblemLoader Replaying proof ArrayList.ArrayListIterator[ListIterator::hasNext()].JML accessible clause.0 
148568     DEBUG main            d.u.i.k.p.i.IntermediateProofReplayer Proof replay took 6.2ns 
148973     INFO  main            d.u.i.k.p.r.p.TestFile    ... finished proof: closed. 
149210     INFO  main            d.u.i.k.p.i.AbstractProblemLoader Loading environment from /home/runner/work/key/key/key.core/../key.ui/examples/heap/list/ArrayList.ArrayListIterator_hasNext_dep.key.proof 
149211     DEBUG main            d.u.i.k.p.i.AbstractProblemLoader Environment load took 131.7ns 
149212     INFO  main            d.u.i.k.p.i.AbstractProblemLoader Creating init config 
150132     DEBUG main            d.u.i.k.j.r.ClassPreparationMethodBuilder clPrepBuilder: Inner Class detected. Reject building class initialisation methods. 
152130     DEBUG main            d.u.i.k.p.i.AbstractProblemLoader Init config took 2.92s 
152186     INFO  main            d.u.i.k.p.i.AbstractProblemLoader Replaying proof ArrayList.ArrayListIterator[ListIterator::hasNext()].JML accessible clause.0 
152242     DEBUG main            d.u.i.k.p.i.IntermediateProofReplayer Proof replay took 53.07ms 
152243     DEBUG main            d.u.i.k.p.r.p.TestFile    ... success: reloaded. 
152245     INFO  main            d.u.i.k.p.r.p.TestFile    Now processing file /home/runner/work/key/key/key.core/../key.ui/examples/heap/list/ArrayList.ArrayListIterator_hasNext.key 
152245     INFO  main            d.u.i.k.p.i.AbstractProblemLoader Loading environment from /home/runner/work/key/key/key.core/../key.ui/examples/heap/list/ArrayList.ArrayListIterator_hasNext.key 
152245     DEBUG main            d.u.i.k.p.i.AbstractProblemLoader Environment load took 239.4ns 
152246     INFO  main            d.u.i.k.p.i.AbstractProblemLoader Creating init config 
153194     DEBUG main            d.u.i.k.j.r.ClassPreparationMethodBuilder clPrepBuilder: Inner Class detected. Reject building class initialisation methods. 
155239     DEBUG main            d.u.i.k.p.i.AbstractProblemLoader Init config took 2.99s 
155292     INFO  main            d.u.i.k.p.i.AbstractProblemLoader Replaying proof ArrayList.ArrayListIterator[ListIterator::hasNext()].JML normal_behavior operation contract.0 
155293     DEBUG main            d.u.i.k.p.i.IntermediateProofReplayer Proof replay took 6.2ns 
155696     INFO  main            d.u.i.k.p.r.p.TestFile    ... finished proof: closed. 
155956     INFO  main            d.u.i.k.p.i.AbstractProblemLoader Loading environment from /home/runner/work/key/key/key.core/../key.ui/examples/heap/list/ArrayList.ArrayListIterator_hasNext.key.proof 
155957     DEBUG main            d.u.i.k.p.i.AbstractProblemLoader Environment load took 121.5ns 
155958     INFO  main            d.u.i.k.p.i.AbstractProblemLoader Creating init config 
156894     DEBUG main            d.u.i.k.j.r.ClassPreparationMethodBuilder clPrepBuilder: Inner Class detected. Reject building class initialisation methods. 
158877     DEBUG main            d.u.i.k.p.i.AbstractProblemLoader Init config took 2.92s 
158940     INFO  main            d.u.i.k.p.i.AbstractProblemLoader Replaying proof ArrayList.ArrayListIterator[ListIterator::hasNext()].JML normal_behavior operation contract.0 
158998     DEBUG main            d.u.i.k.p.i.IntermediateProofReplayer Proof replay took 55.55ms 
159002     DEBUG main            d.u.i.k.p.r.p.TestFile    ... success: reloaded. 
159003     INFO  main            d.u.i.k.p.r.p.TestFile    Now processing file /home/runner/work/key/key/key.core/../key.ui/examples/heap/list/ArrayList.ArrayListIterator_inv.key 
159003     INFO  main            d.u.i.k.p.i.AbstractProblemLoader Loading environment from /home/runner/work/key/key/key.core/../key.ui/examples/heap/list/ArrayList.ArrayListIterator_inv.key 
159003     DEBUG main            d.u.i.k.p.i.AbstractProblemLoader Environment load took 121.3ns 
159005     INFO  main            d.u.i.k.p.i.AbstractProblemLoader Creating init config 
159952     DEBUG main            d.u.i.k.j.r.ClassPreparationMethodBuilder clPrepBuilder: Inner Class detected. Reject building class initialisation methods. 
161957     DEBUG main            d.u.i.k.p.i.AbstractProblemLoader Init config took 2.95s 
162027     INFO  main            d.u.i.k.p.i.AbstractProblemLoader Replaying proof ArrayList.ArrayListIterator[java.lang.Object::<inv>()].JML accessible clause.0 
162029     DEBUG main            d.u.i.k.p.i.IntermediateProofReplayer Proof replay took 6.6ns 
163033     INFO  main            d.u.i.k.p.r.p.TestFile    ... finished proof: closed. 
163313     INFO  main            d.u.i.k.p.i.AbstractProblemLoader Loading environment from /home/runner/work/key/key/key.core/../key.ui/examples/heap/list/ArrayList.ArrayListIterator_inv.key.proof 
163313     DEBUG main            d.u.i.k.p.i.AbstractProblemLoader Environment load took 116.2ns 
163314     INFO  main            d.u.i.k.p.i.AbstractProblemLoader Creating init config 
164232     DEBUG main            d.u.i.k.j.r.ClassPreparationMethodBuilder clPrepBuilder: Inner Class detected. Reject building class initialisation methods. 
166233     DEBUG main            d.u.i.k.p.i.AbstractProblemLoader Init config took 2.92s 
166297     INFO  main            d.u.i.k.p.i.AbstractProblemLoader Replaying proof ArrayList.ArrayListIterator[java.lang.Object::<inv>()].JML accessible clause.0 
166397     DEBUG main            d.u.i.k.p.i.IntermediateProofReplayer Proof replay took 94.83ms 
166399     DEBUG main            d.u.i.k.p.r.p.TestFile    ... success: reloaded. 
166400     INFO  main            d.u.i.k.p.r.p.TestFile    Now processing file /home/runner/work/key/key/key.core/../key.ui/examples/heap/list/ArrayList.ArrayListIterator_list.key 
166401     INFO  main            d.u.i.k.p.i.AbstractProblemLoader Loading environment from /home/runner/work/key/key/key.core/../key.ui/examples/heap/list/ArrayList.ArrayListIterator_list.key 
166401     DEBUG main            d.u.i.k.p.i.AbstractProblemLoader Environment load took 215.9ns 
166402     INFO  main            d.u.i.k.p.i.AbstractProblemLoader Creating init config 
167346     DEBUG main            d.u.i.k.j.r.ClassPreparationMethodBuilder clPrepBuilder: Inner Class detected. Reject building class initialisation methods. 
169361     DEBUG main            d.u.i.k.p.i.AbstractProblemLoader Init config took 2.96s 
169400     INFO  main            d.u.i.k.p.i.AbstractProblemLoader Replaying proof ListIterator[ListIterator::$list()].JML accessible clause.0 
169402     DEBUG main            d.u.i.k.p.i.IntermediateProofReplayer Proof replay took 7ns 
169504     INFO  main            d.u.i.k.p.r.p.TestFile    ... finished proof: closed. 
169761     INFO  main            d.u.i.k.p.i.AbstractProblemLoader Loading environment from /home/runner/work/key/key/key.core/../key.ui/examples/heap/list/ArrayList.ArrayListIterator_list.key.proof 
169761     DEBUG main            d.u.i.k.p.i.AbstractProblemLoader Environment load took 127.3ns 
169762     INFO  main            d.u.i.k.p.i.AbstractProblemLoader Creating init config 
170694     DEBUG main            d.u.i.k.j.r.ClassPreparationMethodBuilder clPrepBuilder: Inner Class detected. Reject building class initialisation methods. 
172645     DEBUG main            d.u.i.k.p.i.AbstractProblemLoader Init config took 2.88s 
172683     INFO  main            d.u.i.k.p.i.AbstractProblemLoader Replaying proof ListIterator[ListIterator::$list()].JML accessible clause.0 
172686     DEBUG main            d.u.i.k.p.i.IntermediateProofReplayer Proof replay took 1.07ms 
172686     DEBUG main            d.u.i.k.p.r.p.TestFile    ... success: reloaded. 
172687     INFO  main            d.u.i.k.p.r.p.TestFile    Now processing file /home/runner/work/key/key/key.core/../key.ui/examples/heap/list/ArrayList.ArrayListIterator_next_exceptional.key 
172687     INFO  main            d.u.i.k.p.i.AbstractProblemLoader Loading environment from /home/runner/work/key/key/key.core/../key.ui/examples/heap/list/ArrayList.ArrayListIterator_next_exceptional.key 
172688     DEBUG main            d.u.i.k.p.i.AbstractProblemLoader Environment load took 63.1ns 
172688     INFO  main            d.u.i.k.p.i.AbstractProblemLoader Creating init config 
173635     DEBUG main            d.u.i.k.j.r.ClassPreparationMethodBuilder clPrepBuilder: Inner Class detected. Reject building class initialisation methods. 
175655     DEBUG main            d.u.i.k.p.i.AbstractProblemLoader Init config took 2.97s 
175706     INFO  main            d.u.i.k.p.i.AbstractProblemLoader Replaying proof ArrayList.ArrayListIterator[ListIterator::next()].JML exceptional_behavior operation contract.0 
175708     DEBUG main            d.u.i.k.p.i.IntermediateProofReplayer Proof replay took 5.8ns 
176613     INFO  main            d.u.i.k.p.r.p.TestFile    ... finished proof: closed. 
176874     INFO  main            d.u.i.k.p.i.AbstractProblemLoader Loading environment from /home/runner/work/key/key/key.core/../key.ui/examples/heap/list/ArrayList.ArrayListIterator_next_exceptional.key.proof 
176874     DEBUG main            d.u.i.k.p.i.AbstractProblemLoader Environment load took 119.8ns 
176875     INFO  main            d.u.i.k.p.i.AbstractProblemLoader Creating init config 
177811     DEBUG main            d.u.i.k.j.r.ClassPreparationMethodBuilder clPrepBuilder: Inner Class detected. Reject building class initialisation methods. 
179761     DEBUG main            d.u.i.k.p.i.AbstractProblemLoader Init config took 2.89s 
179812     INFO  main            d.u.i.k.p.i.AbstractProblemLoader Replaying proof ArrayList.ArrayListIterator[ListIterator::next()].JML exceptional_behavior operation contract.0 
179971     DEBUG main            d.u.i.k.p.i.IntermediateProofReplayer Proof replay took 153.34ms 
179973     DEBUG main            d.u.i.k.p.r.p.TestFile    ... success: reloaded. 
179974     INFO  main            d.u.i.k.p.r.p.TestFile    Now processing file /home/runner/work/key/key/key.core/../key.ui/examples/heap/list/ArrayList.ArrayListIterator_next_normal.key 
179974     INFO  main            d.u.i.k.p.i.AbstractProblemLoader Loading environment from /home/runner/work/key/key/key.core/../key.ui/examples/heap/list/ArrayList.ArrayListIterator_next_normal.key 
179974     DEBUG main            d.u.i.k.p.i.AbstractProblemLoader Environment load took 94.2ns 
179975     INFO  main            d.u.i.k.p.i.AbstractProblemLoader Creating init config 
180951     DEBUG main            d.u.i.k.j.r.ClassPreparationMethodBuilder clPrepBuilder: Inner Class detected. Reject building class initialisation methods. 
182980     DEBUG main            d.u.i.k.p.i.AbstractProblemLoader Init config took 3s 
183035     INFO  main            d.u.i.k.p.i.AbstractProblemLoader Replaying proof ArrayList.ArrayListIterator[ListIterator::next()].JML normal_behavior operation contract.0 
183037     DEBUG main            d.u.i.k.p.i.IntermediateProofReplayer Proof replay took 7.1ns 
184041     INFO  main            d.u.i.k.p.r.p.TestFile    ... finished proof: closed. 
184320     INFO  main            d.u.i.k.p.i.AbstractProblemLoader Loading environment from /home/runner/work/key/key/key.core/../key.ui/examples/heap/list/ArrayList.ArrayListIterator_next_normal.key.proof 
184320     DEBUG main            d.u.i.k.p.i.AbstractProblemLoader Environment load took 167ns 
184322     INFO  main            d.u.i.k.p.i.AbstractProblemLoader Creating init config 
185255     DEBUG main            d.u.i.k.j.r.ClassPreparationMethodBuilder clPrepBuilder: Inner Class detected. Reject building class initialisation methods. 
187242     DEBUG main            d.u.i.k.p.i.AbstractProblemLoader Init config took 2.92s 
187292     INFO  main            d.u.i.k.p.i.AbstractProblemLoader Replaying proof ArrayList.ArrayListIterator[ListIterator::next()].JML normal_behavior operation contract.0 
187490     DEBUG main            d.u.i.k.p.i.IntermediateProofReplayer Proof replay took 193.73ms 
187492     DEBUG main            d.u.i.k.p.r.p.TestFile    ... success: reloaded. 
187492     INFO  main            d.u.i.k.p.r.p.TestFile    Now processing file /home/runner/work/key/key/key.core/../key.ui/examples/heap/list/ArrayList.ArrayListIterator_pos.key 
187493     INFO  main            d.u.i.k.p.i.AbstractProblemLoader Loading environment from /home/runner/work/key/key/key.core/../key.ui/examples/heap/list/ArrayList.ArrayListIterator_pos.key 
187493     DEBUG main            d.u.i.k.p.i.AbstractProblemLoader Environment load took 98.5ns 
187494     INFO  main            d.u.i.k.p.i.AbstractProblemLoader Creating init config 
188485     DEBUG main            d.u.i.k.j.r.ClassPreparationMethodBuilder clPrepBuilder: Inner Class detected. Reject building class initialisation methods. 
190687     DEBUG main            d.u.i.k.p.i.AbstractProblemLoader Init config took 3.19s 
190726     INFO  main            d.u.i.k.p.i.AbstractProblemLoader Replaying proof ListIterator[ListIterator::$pos()].JML accessible clause.0 
190727     DEBUG main            d.u.i.k.p.i.IntermediateProofReplayer Proof replay took 6.2ns 
190832     INFO  main            d.u.i.k.p.r.p.TestFile    ... finished proof: closed. 
191106     INFO  main            d.u.i.k.p.i.AbstractProblemLoader Loading environment from /home/runner/work/key/key/key.core/../key.ui/examples/heap/list/ArrayList.ArrayListIterator_pos.key.proof 
191106     DEBUG main            d.u.i.k.p.i.AbstractProblemLoader Environment load took 113.2ns 
191107     INFO  main            d.u.i.k.p.i.AbstractProblemLoader Creating init config 
192045     DEBUG main            d.u.i.k.j.r.ClassPreparationMethodBuilder clPrepBuilder: Inner Class detected. Reject building class initialisation methods. 
194142     DEBUG main            d.u.i.k.p.i.AbstractProblemLoader Init config took 3.04s 
194180     INFO  main            d.u.i.k.p.i.AbstractProblemLoader Replaying proof ListIterator[ListIterator::$pos()].JML accessible clause.0 
194186     DEBUG main            d.u.i.k.p.i.IntermediateProofReplayer Proof replay took 1.04ms 
194189     DEBUG main            d.u.i.k.p.r.p.TestFile    ... success: reloaded. 
194190     INFO  main            d.u.i.k.p.r.p.TestFile    Now processing file /home/runner/work/key/key/key.core/../key.ui/examples/heap/list/Client_m.key 
194191     INFO  main            d.u.i.k.p.i.AbstractProblemLoader Loading environment from /home/runner/work/key/key/key.core/../key.ui/examples/heap/list/Client_m.key 
194191     DEBUG main            d.u.i.k.p.i.AbstractProblemLoader Environment load took 275.4ns 
194192     INFO  main            d.u.i.k.p.i.AbstractProblemLoader Creating init config 
195146     DEBUG main            d.u.i.k.j.r.ClassPreparationMethodBuilder clPrepBuilder: Inner Class detected. Reject building class initialisation methods. 
197135     DEBUG main            d.u.i.k.p.i.AbstractProblemLoader Init config took 2.94s 
197192     INFO  main            d.u.i.k.p.i.AbstractProblemLoader Replaying proof Client[Client::m(List)].JML normal_behavior operation contract.0 
197194     DEBUG main            d.u.i.k.p.i.IntermediateProofReplayer Proof replay took 6.6ns 
197499     INFO  main            d.u.i.k.p.r.p.TestFile    ... finished proof: closed. 
197786     INFO  main            d.u.i.k.p.i.AbstractProblemLoader Loading environment from /home/runner/work/key/key/key.core/../key.ui/examples/heap/list/Client_m.key.proof 
197786     DEBUG main            d.u.i.k.p.i.AbstractProblemLoader Environment load took 121.9ns 
197787     INFO  main            d.u.i.k.p.i.AbstractProblemLoader Creating init config 
198705     DEBUG main            d.u.i.k.j.r.ClassPreparationMethodBuilder clPrepBuilder: Inner Class detected. Reject building class initialisation methods. 
200671     DEBUG main            d.u.i.k.p.i.AbstractProblemLoader Init config took 2.88s 
200710     INFO  main            d.u.i.k.p.i.AbstractProblemLoader Replaying proof Client[Client::m(List)].JML normal_behavior operation contract.0 
200773     DEBUG main            d.u.i.k.p.i.IntermediateProofReplayer Proof replay took 59.93ms 
200774     DEBUG main            d.u.i.k.p.r.p.TestFile    ... success: reloaded. 
200775     INFO  main            d.u.i.k.p.r.p.TestFile    Now processing file /home/runner/work/key/key/key.core/../key.ui/examples/heap/list/Client_n.key 
200775     INFO  main            d.u.i.k.p.i.AbstractProblemLoader Loading environment from /home/runner/work/key/key/key.core/../key.ui/examples/heap/list/Client_n.key 
200775     DEBUG main            d.u.i.k.p.i.AbstractProblemLoader Environment load took 108.8ns 
200776     INFO  main            d.u.i.k.p.i.AbstractProblemLoader Creating init config 
201721     DEBUG main            d.u.i.k.j.r.ClassPreparationMethodBuilder clPrepBuilder: Inner Class detected. Reject building class initialisation methods. 
203771     DEBUG main            d.u.i.k.p.i.AbstractProblemLoader Init config took 3s 
203818     INFO  main            d.u.i.k.p.i.AbstractProblemLoader Replaying proof Client[Client::n(List)].JML normal_behavior operation contract.0 
203820     DEBUG main            d.u.i.k.p.i.IntermediateProofReplayer Proof replay took 6.8ns 
203922     INFO  main            d.u.i.k.p.r.p.TestFile    ... finished proof: closed. 
204220     INFO  main            d.u.i.k.p.i.AbstractProblemLoader Loading environment from /home/runner/work/key/key/key.core/../key.ui/examples/heap/list/Client_n.key.proof 
204220     DEBUG main            d.u.i.k.p.i.AbstractProblemLoader Environment load took 116.2ns 
204221     INFO  main            d.u.i.k.p.i.AbstractProblemLoader Creating init config 
205147     DEBUG main            d.u.i.k.j.r.ClassPreparationMethodBuilder clPrepBuilder: Inner Class detected. Reject building class initialisation methods. 
207112     DEBUG main            d.u.i.k.p.i.AbstractProblemLoader Init config took 2.89s 
207152     INFO  main            d.u.i.k.p.i.AbstractProblemLoader Replaying proof Client[Client::n(List)].JML normal_behavior operation contract.0 
207172     DEBUG main            d.u.i.k.p.i.IntermediateProofReplayer Proof replay took 18.53ms 
207173     DEBUG main            d.u.i.k.p.r.p.TestFile    ... success: reloaded. 
207174     INFO  main            d.u.i.k.p.r.p.TestFile    Now processing file /home/runner/work/key/key/key.core/../key.ui/examples/heap/list/LinkedList_get_exceptional.key 
207174     INFO  main            d.u.i.k.p.i.AbstractProblemLoader Loading environment from /home/runner/work/key/key/key.core/../key.ui/examples/heap/list/LinkedList_get_exceptional.key 
207174     DEBUG main            d.u.i.k.p.i.AbstractProblemLoader Environment load took 115.5ns 
207175     INFO  main            d.u.i.k.p.i.AbstractProblemLoader Creating init config 
208128     DEBUG main            d.u.i.k.j.r.ClassPreparationMethodBuilder clPrepBuilder: Inner Class detected. Reject building class initialisation methods. 
210163     DEBUG main            d.u.i.k.p.i.AbstractProblemLoader Init config took 2.99s 
210207     INFO  main            d.u.i.k.p.i.AbstractProblemLoader Replaying proof LinkedList[List::get(int)].JML exceptional_behavior operation contract.0 
210209     DEBUG main            d.u.i.k.p.i.IntermediateProofReplayer Proof replay took 7.2ns 
212517     INFO  main            d.u.i.k.p.r.p.TestFile    ... finished proof: closed. 
212843     INFO  main            d.u.i.k.p.i.AbstractProblemLoader Loading environment from /home/runner/work/key/key/key.core/../key.ui/examples/heap/list/LinkedList_get_exceptional.key.proof 
212844     DEBUG main            d.u.i.k.p.i.AbstractProblemLoader Environment load took 472ns 
212845     INFO  main            d.u.i.k.p.i.AbstractProblemLoader Creating init config 
213767     DEBUG main            d.u.i.k.j.r.ClassPreparationMethodBuilder clPrepBuilder: Inner Class detected. Reject building class initialisation methods. 
215721     DEBUG main            d.u.i.k.p.i.AbstractProblemLoader Init config took 2.88s 
215782     INFO  main            d.u.i.k.p.i.AbstractProblemLoader Replaying proof LinkedList[List::get(int)].JML exceptional_behavior operation contract.0 
216092     DEBUG main            d.u.i.k.p.i.IntermediateProofReplayer Proof replay took 300.6ms 
216094     DEBUG main            d.u.i.k.p.r.p.TestFile    ... success: reloaded. 
216095     INFO  main            d.u.i.k.p.r.p.TestFile    Now processing file /home/runner/work/key/key/key.core/../key.ui/examples/heap/list/LinkedList_get_normal.key 
216095     INFO  main            d.u.i.k.p.i.AbstractProblemLoader Loading environment from /home/runner/work/key/key/key.core/../key.ui/examples/heap/list/LinkedList_get_normal.key 
216095     DEBUG main            d.u.i.k.p.i.AbstractProblemLoader Environment load took 74.8ns 
216096     INFO  main            d.u.i.k.p.i.AbstractProblemLoader Creating init config 
217035     DEBUG main            d.u.i.k.j.r.ClassPreparationMethodBuilder clPrepBuilder: Inner Class detected. Reject building class initialisation methods. 
219038     DEBUG main            d.u.i.k.p.i.AbstractProblemLoader Init config took 2.94s 
219083     INFO  main            d.u.i.k.p.i.AbstractProblemLoader Replaying proof LinkedList[List::get(int)].JML normal_behavior operation contract.0 
219085     DEBUG main            d.u.i.k.p.i.IntermediateProofReplayer Proof replay took 6.9ns 
224814     INFO  main            d.u.i.k.p.r.p.TestFile    ... finished proof: closed. 
225203     INFO  main            d.u.i.k.p.i.AbstractProblemLoader Loading environment from /home/runner/work/key/key/key.core/../key.ui/examples/heap/list/LinkedList_get_normal.key.proof 
225204     DEBUG main            d.u.i.k.p.i.AbstractProblemLoader Environment load took 458.2ns 
225206     INFO  main            d.u.i.k.p.i.AbstractProblemLoader Creating init config 
226147     DEBUG main            d.u.i.k.j.r.ClassPreparationMethodBuilder clPrepBuilder: Inner Class detected. Reject building class initialisation methods. 
228123     DEBUG main            d.u.i.k.p.i.AbstractProblemLoader Init config took 2.92s 
228169     INFO  main            d.u.i.k.p.i.AbstractProblemLoader Replaying proof LinkedList[List::get(int)].JML normal_behavior operation contract.0 
228621     DEBUG main            d.u.i.k.p.i.IntermediateProofReplayer Proof replay took 430.47ms 
228623     DEBUG main            d.u.i.k.p.r.p.TestFile    ... success: reloaded. 
228624     INFO  main            d.u.i.k.p.r.p.TestFile    Now processing file /home/runner/work/key/key/key.core/../key.ui/examples/heap/list/LinkedList_LinkedList.key 
228624     INFO  main            d.u.i.k.p.i.AbstractProblemLoader Loading environment from /home/runner/work/key/key/key.core/../key.ui/examples/heap/list/LinkedList_LinkedList.key 
228624     DEBUG main            d.u.i.k.p.i.AbstractProblemLoader Environment load took 77.7ns 
228625     INFO  main            d.u.i.k.p.i.AbstractProblemLoader Creating init config 
229564     DEBUG main            d.u.i.k.j.r.ClassPreparationMethodBuilder clPrepBuilder: Inner Class detected. Reject building class initialisation methods. 
231587     DEBUG main            d.u.i.k.p.i.AbstractProblemLoader Init config took 2.96s 
231630     INFO  main            d.u.i.k.p.i.AbstractProblemLoader Replaying proof LinkedList[LinkedList::LinkedList()].JML normal_behavior operation contract.0 
231634     DEBUG main            d.u.i.k.p.i.IntermediateProofReplayer Proof replay took 7.5ns 
232137     INFO  main            d.u.i.k.p.r.p.TestFile    ... finished proof: closed. 
232474     INFO  main            d.u.i.k.p.i.AbstractProblemLoader Loading environment from /home/runner/work/key/key/key.core/../key.ui/examples/heap/list/LinkedList_LinkedList.key.proof 
232474     DEBUG main            d.u.i.k.p.i.AbstractProblemLoader Environment load took 112.9ns 
232475     INFO  main            d.u.i.k.p.i.AbstractProblemLoader Creating init config 
233399     DEBUG main            d.u.i.k.j.r.ClassPreparationMethodBuilder clPrepBuilder: Inner Class detected. Reject building class initialisation methods. 
235347     DEBUG main            d.u.i.k.p.i.AbstractProblemLoader Init config took 2.87s 
235390     INFO  main            d.u.i.k.p.i.AbstractProblemLoader Replaying proof LinkedList[LinkedList::LinkedList()].JML normal_behavior operation contract.0 
235489     DEBUG main            d.u.i.k.p.i.IntermediateProofReplayer Proof replay took 94.88ms 
235490     DEBUG main            d.u.i.k.p.r.p.TestFile    ... success: reloaded. 
235491     INFO  main            d.u.i.k.p.r.p.TestFile    Now processing file /home/runner/work/key/key/key.core/../key.ui/examples/heap/list/LinkedList_size_dep.key 
235491     INFO  main            d.u.i.k.p.i.AbstractProblemLoader Loading environment from /home/runner/work/key/key/key.core/../key.ui/examples/heap/list/LinkedList_size_dep.key 
235491     DEBUG main            d.u.i.k.p.i.AbstractProblemLoader Environment load took 88.9ns 
235492     INFO  main            d.u.i.k.p.i.AbstractProblemLoader Creating init config 
236421     DEBUG main            d.u.i.k.j.r.ClassPreparationMethodBuilder clPrepBuilder: Inner Class detected. Reject building class initialisation methods. 
238419     DEBUG main            d.u.i.k.p.i.AbstractProblemLoader Init config took 2.93s 
238461     INFO  main            d.u.i.k.p.i.AbstractProblemLoader Replaying proof LinkedList[List::size()].JML accessible clause.0 
238463     DEBUG main            d.u.i.k.p.i.IntermediateProofReplayer Proof replay took 7.6ns 
239065     INFO  main            d.u.i.k.p.r.p.TestFile    ... finished proof: closed. 
239367     INFO  main            d.u.i.k.p.i.AbstractProblemLoader Loading environment from /home/runner/work/key/key/key.core/../key.ui/examples/heap/list/LinkedList_size_dep.key.proof 
239368     DEBUG main            d.u.i.k.p.i.AbstractProblemLoader Environment load took 120.7ns 
239368     INFO  main            d.u.i.k.p.i.AbstractProblemLoader Creating init config 
240284     DEBUG main            d.u.i.k.j.r.ClassPreparationMethodBuilder clPrepBuilder: Inner Class detected. Reject building class initialisation methods. 
242217     DEBUG main            d.u.i.k.p.i.AbstractProblemLoader Init config took 2.85s 
242259     INFO  main            d.u.i.k.p.i.AbstractProblemLoader Replaying proof LinkedList[List::size()].JML accessible clause.0 
242309     DEBUG main            d.u.i.k.p.i.IntermediateProofReplayer Proof replay took 46.65ms 
242310     DEBUG main            d.u.i.k.p.r.p.TestFile    ... success: reloaded. 
242312     INFO  main            d.u.i.k.p.r.p.TestFile    Now processing file /home/runner/work/key/key/key.core/../key.ui/examples/heap/list/LinkedList_size.key 
242312     INFO  main            d.u.i.k.p.i.AbstractProblemLoader Loading environment from /home/runner/work/key/key/key.core/../key.ui/examples/heap/list/LinkedList_size.key 
242312     DEBUG main            d.u.i.k.p.i.AbstractProblemLoader Environment load took 256ns 
242313     INFO  main            d.u.i.k.p.i.AbstractProblemLoader Creating init config 
243253     DEBUG main            d.u.i.k.j.r.ClassPreparationMethodBuilder clPrepBuilder: Inner Class detected. Reject building class initialisation methods. 
245261     DEBUG main            d.u.i.k.p.i.AbstractProblemLoader Init config took 2.95s 
245304     INFO  main            d.u.i.k.p.i.AbstractProblemLoader Replaying proof LinkedList[List::size()].JML normal_behavior operation contract.0 
245306     DEBUG main            d.u.i.k.p.i.IntermediateProofReplayer Proof replay took 7.3ns 
245809     INFO  main            d.u.i.k.p.r.p.TestFile    ... finished proof: closed. 
246115     INFO  main            d.u.i.k.p.i.AbstractProblemLoader Loading environment from /home/runner/work/key/key/key.core/../key.ui/examples/heap/list/LinkedList_size.key.proof 
246115     DEBUG main            d.u.i.k.p.i.AbstractProblemLoader Environment load took 136.6ns 
246116     INFO  main            d.u.i.k.p.i.AbstractProblemLoader Creating init config 
247033     DEBUG main            d.u.i.k.j.r.ClassPreparationMethodBuilder clPrepBuilder: Inner Class detected. Reject building class initialisation methods. 
248965     DEBUG main            d.u.i.k.p.i.AbstractProblemLoader Init config took 2.85s 
249008     INFO  main            d.u.i.k.p.i.AbstractProblemLoader Replaying proof LinkedList[List::size()].JML normal_behavior operation contract.0 
249051     DEBUG main            d.u.i.k.p.i.IntermediateProofReplayer Proof replay took 40.58ms 
249052     DEBUG main            d.u.i.k.p.r.p.TestFile    ... success: reloaded. 
249053     INFO  main            d.u.i.k.p.r.p.TestFile    Now processing file /home/runner/work/key/key/key.core/../key.ui/examples/heap/list/MySet_footprint.key 
249053     INFO  main            d.u.i.k.p.i.AbstractProblemLoader Loading environment from /home/runner/work/key/key/key.core/../key.ui/examples/heap/list/MySet_footprint.key 
249053     DEBUG main            d.u.i.k.p.i.AbstractProblemLoader Environment load took 49.7ns 
249054     INFO  main            d.u.i.k.p.i.AbstractProblemLoader Creating init config 
249993     DEBUG main            d.u.i.k.j.r.ClassPreparationMethodBuilder clPrepBuilder: Inner Class detected. Reject building class initialisation methods. 
251959     DEBUG main            d.u.i.k.p.i.AbstractProblemLoader Init config took 2.9s 
252024     INFO  main            d.u.i.k.p.i.AbstractProblemLoader Replaying proof MySet[MySet::$footprint()].JML accessible clause.0 
252025     DEBUG main            d.u.i.k.p.i.IntermediateProofReplayer Proof replay took 7.2ns 
252331     INFO  main            d.u.i.k.p.r.p.TestFile    ... finished proof: closed. 
252658     INFO  main            d.u.i.k.p.i.AbstractProblemLoader Loading environment from /home/runner/work/key/key/key.core/../key.ui/examples/heap/list/MySet_footprint.key.proof 
252659     DEBUG main            d.u.i.k.p.i.AbstractProblemLoader Environment load took 108ns 
252660     INFO  main            d.u.i.k.p.i.AbstractProblemLoader Creating init config 
253579     DEBUG main            d.u.i.k.j.r.ClassPreparationMethodBuilder clPrepBuilder: Inner Class detected. Reject building class initialisation methods. 
255516     DEBUG main            d.u.i.k.p.i.AbstractProblemLoader Init config took 2.86s 
255561     INFO  main            d.u.i.k.p.i.AbstractProblemLoader Replaying proof MySet[MySet::$footprint()].JML accessible clause.0 
255608     DEBUG main            d.u.i.k.p.i.IntermediateProofReplayer Proof replay took 44.84ms 
255609     DEBUG main            d.u.i.k.p.r.p.TestFile    ... success: reloaded. 
255610     INFO  main            d.u.i.k.p.r.p.TestFile    Now processing file /home/runner/work/key/key/key.core/../key.ui/examples/heap/list/MySet_MySet.key 
255610     INFO  main            d.u.i.k.p.i.AbstractProblemLoader Loading environment from /home/runner/work/key/key/key.core/../key.ui/examples/heap/list/MySet_MySet.key 
255610     DEBUG main            d.u.i.k.p.i.AbstractProblemLoader Environment load took 73.5ns 
255611     INFO  main            d.u.i.k.p.i.AbstractProblemLoader Creating init config 
256543     DEBUG main            d.u.i.k.j.r.ClassPreparationMethodBuilder clPrepBuilder: Inner Class detected. Reject building class initialisation methods. 
258518     DEBUG main            d.u.i.k.p.i.AbstractProblemLoader Init config took 2.91s 
258563     INFO  main            d.u.i.k.p.i.AbstractProblemLoader Replaying proof MySet[MySet::MySet()].JML normal_behavior operation contract.0 
258564     DEBUG main            d.u.i.k.p.i.IntermediateProofReplayer Proof replay took 7.8ns 
261080     INFO  main            d.u.i.k.p.r.p.TestFile    ... finished proof: closed. 
261426     INFO  main            d.u.i.k.p.i.AbstractProblemLoader Loading environment from /home/runner/work/key/key/key.core/../key.ui/examples/heap/list/MySet_MySet.key.proof 
261427     DEBUG main            d.u.i.k.p.i.AbstractProblemLoader Environment load took 531.21ns 
261429     INFO  main            d.u.i.k.p.i.AbstractProblemLoader Creating init config 
262349     DEBUG main            d.u.i.k.j.r.ClassPreparationMethodBuilder clPrepBuilder: Inner Class detected. Reject building class initialisation methods. 
264301     DEBUG main            d.u.i.k.p.i.AbstractProblemLoader Init config took 2.87s 
264347     INFO  main            d.u.i.k.p.i.AbstractProblemLoader Replaying proof MySet[MySet::MySet()].JML normal_behavior operation contract.0 
264718     DEBUG main            d.u.i.k.p.i.IntermediateProofReplayer Proof replay took 358.84ms 
264719     DEBUG main            d.u.i.k.p.r.p.TestFile    ... success: reloaded. 
1117661    INFO  Test worker     d.u.i.k.p.r.RunAllProofsTestUnit Returning from test list 
1117663    INFO  Test worker     d.u.i.k.p.r.RunAllProofsTestUnit Running test list_ghost 
322        WARN  main            d.u.i.k.s.ProofSettings   The settings in /home/runner/.key/proof-settings.props are *not* read. 
318        INFO  Timeout watchdog d.u.i.k.p.r.p.ForkedTestFileRunner Timeout watcher launched (2000 secs.) 
373        INFO  main            d.u.i.k.p.r.p.TestFile    Now processing file /home/runner/work/key/key/key.core/../key.ui/examples/heap/list_ghost/ArrayList_add.key 
543        INFO  main            d.u.i.k.p.i.AbstractProblemLoader Loading environment from /home/runner/work/key/key/key.core/../key.ui/examples/heap/list_ghost/ArrayList_add.key 
560        DEBUG main            d.u.i.k.p.i.AbstractProblemLoader Environment load took 2.32ms 
783        INFO  main            d.u.i.k.p.i.AbstractProblemLoader Creating init config 
1835       DEBUG main            d.u.i.k.j.TypeConverter   No LDT found for Meta 
1836       DEBUG main            d.u.i.k.j.TypeConverter   No LDT found for Meta 
1837       DEBUG main            d.u.i.k.j.TypeConverter   No LDT found for Meta 
1838       DEBUG main            d.u.i.k.j.TypeConverter   No LDT found for Meta 
3210       DEBUG main            d.u.i.k.j.TypeConverter   No LDT found for JavaBigintExpression 
8422       DEBUG main            d.u.i.k.p.i.AbstractProblemLoader Init config took 7.64s 
8608       INFO  main            d.u.i.k.p.i.AbstractProblemLoader Replaying proof ArrayList[List::add(java.lang.Object)].JML normal_behavior operation contract.0 
8644       DEBUG main            d.u.i.k.p.i.IntermediateProofReplayer Proof replay took 33.9ns 
13725      INFO  main            d.u.i.k.p.r.p.TestFile    ... finished proof: closed. 
13901      INFO  main            d.u.i.k.p.i.AbstractProblemLoader Loading environment from /home/runner/work/key/key/key.core/../key.ui/examples/heap/list_ghost/ArrayList_add.key.proof 
13904      DEBUG main            d.u.i.k.p.i.AbstractProblemLoader Environment load took 3.52ms 
13907      INFO  main            d.u.i.k.p.i.AbstractProblemLoader Creating init config 
16831      DEBUG main            d.u.i.k.p.i.AbstractProblemLoader Init config took 2.92s 
16895      INFO  main            d.u.i.k.p.i.AbstractProblemLoader Replaying proof ArrayList[List::add(java.lang.Object)].JML normal_behavior operation contract.0 
17649      DEBUG main            d.u.i.k.p.i.IntermediateProofReplayer Proof replay took 715.93ms 
17658      DEBUG main            d.u.i.k.p.r.p.TestFile    ... success: reloaded. 
17660      INFO  main            d.u.i.k.p.r.p.TestFile    Now processing file /home/runner/work/key/key/key.core/../key.ui/examples/heap/list_ghost/ArrayList_ArrayList.key 
17661      INFO  main            d.u.i.k.p.i.AbstractProblemLoader Loading environment from /home/runner/work/key/key/key.core/../key.ui/examples/heap/list_ghost/ArrayList_ArrayList.key 
17661      DEBUG main            d.u.i.k.p.i.AbstractProblemLoader Environment load took 280.21ns 
17663      INFO  main            d.u.i.k.p.i.AbstractProblemLoader Creating init config 
20401      DEBUG main            d.u.i.k.p.i.AbstractProblemLoader Init config took 2.74s 
20476      INFO  main            d.u.i.k.p.i.AbstractProblemLoader Replaying proof ArrayList[ArrayList::ArrayList()].JML normal_behavior operation contract.0 
20482      DEBUG main            d.u.i.k.p.i.IntermediateProofReplayer Proof replay took 7ns 
21588      INFO  main            d.u.i.k.p.r.p.TestFile    ... finished proof: closed. 
21745      INFO  main            d.u.i.k.p.i.AbstractProblemLoader Loading environment from /home/runner/work/key/key/key.core/../key.ui/examples/heap/list_ghost/ArrayList_ArrayList.key.proof 
21745      DEBUG main            d.u.i.k.p.i.AbstractProblemLoader Environment load took 496.2ns 
21748      INFO  main            d.u.i.k.p.i.AbstractProblemLoader Creating init config 
24390      DEBUG main            d.u.i.k.p.i.AbstractProblemLoader Init config took 2.64s 
24459      INFO  main            d.u.i.k.p.i.AbstractProblemLoader Replaying proof ArrayList[ArrayList::ArrayList()].JML normal_behavior operation contract.0 
24634      DEBUG main            d.u.i.k.p.i.IntermediateProofReplayer Proof replay took 166.33ms 
24636      DEBUG main            d.u.i.k.p.r.p.TestFile    ... success: reloaded. 
24637      INFO  main            d.u.i.k.p.r.p.TestFile    Now processing file /home/runner/work/key/key/key.core/../key.ui/examples/heap/list_ghost/ArrayList_enlarge.key 
24638      INFO  main            d.u.i.k.p.i.AbstractProblemLoader Loading environment from /home/runner/work/key/key/key.core/../key.ui/examples/heap/list_ghost/ArrayList_enlarge.key 
24638      DEBUG main            d.u.i.k.p.i.AbstractProblemLoader Environment load took 253.62ns 
24639      INFO  main            d.u.i.k.p.i.AbstractProblemLoader Creating init config 
27292      DEBUG main            d.u.i.k.p.i.AbstractProblemLoader Init config took 2.65s 
27341      INFO  main            d.u.i.k.p.i.AbstractProblemLoader Replaying proof ArrayList[ArrayList::enlarge()].JML normal_behavior operation contract.0 
27344      DEBUG main            d.u.i.k.p.i.IntermediateProofReplayer Proof replay took 6.7ns 
29450      INFO  main            d.u.i.k.p.r.p.TestFile    ... finished proof: closed. 
29660      INFO  main            d.u.i.k.p.i.AbstractProblemLoader Loading environment from /home/runner/work/key/key/key.core/../key.ui/examples/heap/list_ghost/ArrayList_enlarge.key.proof 
29661      DEBUG main            d.u.i.k.p.i.AbstractProblemLoader Environment load took 1.2ms 
29665      INFO  main            d.u.i.k.p.i.AbstractProblemLoader Creating init config 
32322      DEBUG main            d.u.i.k.p.i.AbstractProblemLoader Init config took 2.66s 
32370      INFO  main            d.u.i.k.p.i.AbstractProblemLoader Replaying proof ArrayList[ArrayList::enlarge()].JML normal_behavior operation contract.0 
32825      DEBUG main            d.u.i.k.p.i.IntermediateProofReplayer Proof replay took 443.72ms 
32826      DEBUG main            d.u.i.k.p.r.p.TestFile    ... success: reloaded. 
32828      INFO  main            d.u.i.k.p.r.p.TestFile    Now processing file /home/runner/work/key/key/key.core/../key.ui/examples/heap/list_ghost/ArrayList_get_dep.key 
32828      INFO  main            d.u.i.k.p.i.AbstractProblemLoader Loading environment from /home/runner/work/key/key/key.core/../key.ui/examples/heap/list_ghost/ArrayList_get_dep.key 
32829      DEBUG main            d.u.i.k.p.i.AbstractProblemLoader Environment load took 262ns 
32830      INFO  main            d.u.i.k.p.i.AbstractProblemLoader Creating init config 
35458      DEBUG main            d.u.i.k.p.i.AbstractProblemLoader Init config took 2.63s 
35508      INFO  main            d.u.i.k.p.i.AbstractProblemLoader Replaying proof ArrayList[List::get(int)].JML accessible clause.0 
35510      DEBUG main            d.u.i.k.p.i.IntermediateProofReplayer Proof replay took 6.3ns 
35913      INFO  main            d.u.i.k.p.r.p.TestFile    ... finished proof: closed. 
36082      INFO  main            d.u.i.k.p.i.AbstractProblemLoader Loading environment from /home/runner/work/key/key/key.core/../key.ui/examples/heap/list_ghost/ArrayList_get_dep.key.proof 
36082      DEBUG main            d.u.i.k.p.i.AbstractProblemLoader Environment load took 482.91ns 
36084      INFO  main            d.u.i.k.p.i.AbstractProblemLoader Creating init config 
38660      DEBUG main            d.u.i.k.p.i.AbstractProblemLoader Init config took 2.58s 
38706      INFO  main            d.u.i.k.p.i.AbstractProblemLoader Replaying proof ArrayList[List::get(int)].JML accessible clause.0 
38773      DEBUG main            d.u.i.k.p.i.IntermediateProofReplayer Proof replay took 62.96ms 
38774      DEBUG main            d.u.i.k.p.r.p.TestFile    ... success: reloaded. 
38775      INFO  main            d.u.i.k.p.r.p.TestFile    Now processing file /home/runner/work/key/key/key.core/../key.ui/examples/heap/list_ghost/ArrayList_get_exceptional.key 
38776      INFO  main            d.u.i.k.p.i.AbstractProblemLoader Loading environment from /home/runner/work/key/key/key.core/../key.ui/examples/heap/list_ghost/ArrayList_get_exceptional.key 
38776      DEBUG main            d.u.i.k.p.i.AbstractProblemLoader Environment load took 210.4ns 
38777      INFO  main            d.u.i.k.p.i.AbstractProblemLoader Creating init config 
41374      DEBUG main            d.u.i.k.p.i.AbstractProblemLoader Init config took 2.6s 
41420      INFO  main            d.u.i.k.p.i.AbstractProblemLoader Replaying proof ArrayList[List::get(int)].JML exceptional_behavior operation contract.0 
41422      DEBUG main            d.u.i.k.p.i.IntermediateProofReplayer Proof replay took 6.7ns 
42227      INFO  main            d.u.i.k.p.r.p.TestFile    ... finished proof: closed. 
42388      INFO  main            d.u.i.k.p.i.AbstractProblemLoader Loading environment from /home/runner/work/key/key/key.core/../key.ui/examples/heap/list_ghost/ArrayList_get_exceptional.key.proof 
42388      DEBUG main            d.u.i.k.p.i.AbstractProblemLoader Environment load took 140.6ns 
42389      INFO  main            d.u.i.k.p.i.AbstractProblemLoader Creating init config 
44978      DEBUG main            d.u.i.k.p.i.AbstractProblemLoader Init config took 2.59s 
45040      INFO  main            d.u.i.k.p.i.AbstractProblemLoader Replaying proof ArrayList[List::get(int)].JML exceptional_behavior operation contract.0 
45218      DEBUG main            d.u.i.k.p.i.IntermediateProofReplayer Proof replay took 168.64ms 
45219      DEBUG main            d.u.i.k.p.r.p.TestFile    ... success: reloaded. 
45220      INFO  main            d.u.i.k.p.r.p.TestFile    Now processing file /home/runner/work/key/key/key.core/../key.ui/examples/heap/list_ghost/ArrayList_get_normal.key 
45221      INFO  main            d.u.i.k.p.i.AbstractProblemLoader Loading environment from /home/runner/work/key/key/key.core/../key.ui/examples/heap/list_ghost/ArrayList_get_normal.key 
45221      DEBUG main            d.u.i.k.p.i.AbstractProblemLoader Environment load took 621.41ns 
45222      INFO  main            d.u.i.k.p.i.AbstractProblemLoader Creating init config 
47963      DEBUG main            d.u.i.k.p.i.AbstractProblemLoader Init config took 2.74s 
48008      INFO  main            d.u.i.k.p.i.AbstractProblemLoader Replaying proof ArrayList[List::get(int)].JML normal_behavior operation contract.0 
48010      DEBUG main            d.u.i.k.p.i.IntermediateProofReplayer Proof replay took 7.1ns 
48314      INFO  main            d.u.i.k.p.r.p.TestFile    ... finished proof: closed. 
48581      INFO  main            d.u.i.k.p.i.AbstractProblemLoader Loading environment from /home/runner/work/key/key/key.core/../key.ui/examples/heap/list_ghost/ArrayList_get_normal.key.proof 
48581      DEBUG main            d.u.i.k.p.i.AbstractProblemLoader Environment load took 125.2ns 
48582      INFO  main            d.u.i.k.p.i.AbstractProblemLoader Creating init config 
51141      DEBUG main            d.u.i.k.p.i.AbstractProblemLoader Init config took 2.56s 
51196      INFO  main            d.u.i.k.p.i.AbstractProblemLoader Replaying proof ArrayList[List::get(int)].JML normal_behavior operation contract.0 
51253      DEBUG main            d.u.i.k.p.i.IntermediateProofReplayer Proof replay took 53.5ms 
51254      DEBUG main            d.u.i.k.p.r.p.TestFile    ... success: reloaded. 
51255      INFO  main            d.u.i.k.p.r.p.TestFile    Now processing file /home/runner/work/key/key/key.core/../key.ui/examples/heap/list_ghost/ArrayList_inv.key 
51256      INFO  main            d.u.i.k.p.i.AbstractProblemLoader Loading environment from /home/runner/work/key/key/key.core/../key.ui/examples/heap/list_ghost/ArrayList_inv.key 
51256      DEBUG main            d.u.i.k.p.i.AbstractProblemLoader Environment load took 255.5ns 
51257      INFO  main            d.u.i.k.p.i.AbstractProblemLoader Creating init config 
53837      DEBUG main            d.u.i.k.p.i.AbstractProblemLoader Init config took 2.58s 
53880      INFO  main            d.u.i.k.p.i.AbstractProblemLoader Replaying proof ArrayList[java.lang.Object::<inv>()].JML accessible clause.0 
53881      DEBUG main            d.u.i.k.p.i.IntermediateProofReplayer Proof replay took 6.8ns 
53984      INFO  main            d.u.i.k.p.r.p.TestFile    ... finished proof: closed. 
54155      INFO  main            d.u.i.k.p.i.AbstractProblemLoader Loading environment from /home/runner/work/key/key/key.core/../key.ui/examples/heap/list_ghost/ArrayList_inv.key.proof 
54156      DEBUG main            d.u.i.k.p.i.AbstractProblemLoader Environment load took 122.7ns 
54158      INFO  main            d.u.i.k.p.i.AbstractProblemLoader Creating init config 
56652      DEBUG main            d.u.i.k.p.i.AbstractProblemLoader Init config took 2.49s 
56694      INFO  main            d.u.i.k.p.i.AbstractProblemLoader Replaying proof ArrayList[java.lang.Object::<inv>()].JML accessible clause.0 
56719      DEBUG main            d.u.i.k.p.i.IntermediateProofReplayer Proof replay took 22.36ms 
56720      DEBUG main            d.u.i.k.p.r.p.TestFile    ... success: reloaded. 
56722      INFO  main            d.u.i.k.p.r.p.TestFile    Now processing file /home/runner/work/key/key/key.core/../key.ui/examples/heap/list_ghost/ArrayList_size_dep.key 
56722      INFO  main            d.u.i.k.p.i.AbstractProblemLoader Loading environment from /home/runner/work/key/key/key.core/../key.ui/examples/heap/list_ghost/ArrayList_size_dep.key 
56722      DEBUG main            d.u.i.k.p.i.AbstractProblemLoader Environment load took 223.5ns 
56723      INFO  main            d.u.i.k.p.i.AbstractProblemLoader Creating init config 
59252      DEBUG main            d.u.i.k.p.i.AbstractProblemLoader Init config took 2.53s 
59293      INFO  main            d.u.i.k.p.i.AbstractProblemLoader Replaying proof ArrayList[List::size()].JML accessible clause.0 
59295      DEBUG main            d.u.i.k.p.i.IntermediateProofReplayer Proof replay took 6.4ns 
59398      INFO  main            d.u.i.k.p.r.p.TestFile    ... finished proof: closed. 
59576      INFO  main            d.u.i.k.p.i.AbstractProblemLoader Loading environment from /home/runner/work/key/key/key.core/../key.ui/examples/heap/list_ghost/ArrayList_size_dep.key.proof 
59576      DEBUG main            d.u.i.k.p.i.AbstractProblemLoader Environment load took 128.4ns 
59577      INFO  main            d.u.i.k.p.i.AbstractProblemLoader Creating init config 
62083      DEBUG main            d.u.i.k.p.i.AbstractProblemLoader Init config took 2.51s 
62122      INFO  main            d.u.i.k.p.i.AbstractProblemLoader Replaying proof ArrayList[List::size()].JML accessible clause.0 
62137      DEBUG main            d.u.i.k.p.i.IntermediateProofReplayer Proof replay took 13.17ms 
62139      DEBUG main            d.u.i.k.p.r.p.TestFile    ... success: reloaded. 
62140      INFO  main            d.u.i.k.p.r.p.TestFile    Now processing file /home/runner/work/key/key/key.core/../key.ui/examples/heap/list_ghost/ArrayList_size.key 
62140      INFO  main            d.u.i.k.p.i.AbstractProblemLoader Loading environment from /home/runner/work/key/key/key.core/../key.ui/examples/heap/list_ghost/ArrayList_size.key 
62140      DEBUG main            d.u.i.k.p.i.AbstractProblemLoader Environment load took 220.3ns 
62141      INFO  main            d.u.i.k.p.i.AbstractProblemLoader Creating init config 
64668      DEBUG main            d.u.i.k.p.i.AbstractProblemLoader Init config took 2.53s 
64707      INFO  main            d.u.i.k.p.i.AbstractProblemLoader Replaying proof ArrayList[List::size()].JML normal_behavior operation contract.0 
64708      DEBUG main            d.u.i.k.p.i.IntermediateProofReplayer Proof replay took 7.1ns 
64810      INFO  main            d.u.i.k.p.r.p.TestFile    ... finished proof: closed. 
65041      INFO  main            d.u.i.k.p.i.AbstractProblemLoader Loading environment from /home/runner/work/key/key/key.core/../key.ui/examples/heap/list_ghost/ArrayList_size.key.proof 
65041      DEBUG main            d.u.i.k.p.i.AbstractProblemLoader Environment load took 125.2ns 
65042      INFO  main            d.u.i.k.p.i.AbstractProblemLoader Creating init config 
67547      DEBUG main            d.u.i.k.p.i.AbstractProblemLoader Init config took 2.5s 
67588      INFO  main            d.u.i.k.p.i.AbstractProblemLoader Replaying proof ArrayList[List::size()].JML normal_behavior operation contract.0 
67604      DEBUG main            d.u.i.k.p.i.IntermediateProofReplayer Proof replay took 14.19ms 
67605      DEBUG main            d.u.i.k.p.r.p.TestFile    ... success: reloaded. 
1185449    INFO  Test worker     d.u.i.k.p.r.RunAllProofsTestUnit Returning from test list_ghost 
1185450    INFO  Test worker     d.u.i.k.p.r.RunAllProofsTestUnit Running test list_recursive 
347        INFO  Timeout watchdog d.u.i.k.p.r.p.ForkedTestFileRunner Timeout watcher launched (2000 secs.) 
360        WARN  main            d.u.i.k.s.ProofSettings   The settings in /home/runner/.key/proof-settings.props are *not* read. 
409        INFO  main            d.u.i.k.p.r.p.TestFile    Now processing file /home/runner/work/key/key/key.core/../key.ui/examples/heap/list_recursiveSpec/ListOperationsNonNull_getNextNN_normal_behavior.key 
536        INFO  main            d.u.i.k.p.i.AbstractProblemLoader Loading environment from /home/runner/work/key/key/key.core/../key.ui/examples/heap/list_recursiveSpec/ListOperationsNonNull_getNextNN_normal_behavior.key 
559        DEBUG main            d.u.i.k.p.i.AbstractProblemLoader Environment load took 1.95ms 
784        INFO  main            d.u.i.k.p.i.AbstractProblemLoader Creating init config 
1687       DEBUG main            d.u.i.k.j.TypeConverter   No LDT found for Meta 
1688       DEBUG main            d.u.i.k.j.TypeConverter   No LDT found for Meta 
1691       DEBUG main            d.u.i.k.j.TypeConverter   No LDT found for Meta 
1692       DEBUG main            d.u.i.k.j.TypeConverter   No LDT found for Meta 
3210       DEBUG main            d.u.i.k.j.TypeConverter   No LDT found for JavaBigintExpression 
8300       DEBUG main            d.u.i.k.p.i.AbstractProblemLoader Init config took 7.52s 
8428       INFO  main            d.u.i.k.p.i.AbstractProblemLoader Replaying proof ListOperationsNonNull[ListOperationsNonNull::getNextNN(ListNN,int)].JML normal_behavior operation contract.0 
8461       DEBUG main            d.u.i.k.p.i.IntermediateProofReplayer Proof replay took 32ns 
9729       INFO  main            d.u.i.k.p.r.p.TestFile    ... finished proof: closed. 
9868       INFO  main            d.u.i.k.p.i.AbstractProblemLoader Loading environment from /home/runner/work/key/key/key.core/../key.ui/examples/heap/list_recursiveSpec/ListOperationsNonNull_getNextNN_normal_behavior.key.proof 
9868       DEBUG main            d.u.i.k.p.i.AbstractProblemLoader Environment load took 492.11ns 
9870       INFO  main            d.u.i.k.p.i.AbstractProblemLoader Creating init config 
12801      DEBUG main            d.u.i.k.p.i.AbstractProblemLoader Init config took 2.93s 
12880      INFO  main            d.u.i.k.p.i.AbstractProblemLoader Replaying proof ListOperationsNonNull[ListOperationsNonNull::getNextNN(ListNN,int)].JML normal_behavior operation contract.0 
13119      DEBUG main            d.u.i.k.p.i.IntermediateProofReplayer Proof replay took 229.73ms 
13128      DEBUG main            d.u.i.k.p.r.p.TestFile    ... success: reloaded. 
13131      INFO  main            d.u.i.k.p.r.p.TestFile    Now processing file /home/runner/work/key/key/key.core/../key.ui/examples/heap/list_recursiveSpec/ListOperationsNonNull_setValueAt_normal_behavior.key 
13132      INFO  main            d.u.i.k.p.i.AbstractProblemLoader Loading environment from /home/runner/work/key/key/key.core/../key.ui/examples/heap/list_recursiveSpec/ListOperationsNonNull_setValueAt_normal_behavior.key 
13132      DEBUG main            d.u.i.k.p.i.AbstractProblemLoader Environment load took 251.41ns 
13137      INFO  main            d.u.i.k.p.i.AbstractProblemLoader Creating init config 
16104      DEBUG main            d.u.i.k.p.i.AbstractProblemLoader Init config took 2.97s 
16169      INFO  main            d.u.i.k.p.i.AbstractProblemLoader Replaying proof ListOperationsNonNull[ListOperationsNonNull::setValueAt_NN(ListNN,int,int)].JML normal_behavior operation contract.0 
16172      DEBUG main            d.u.i.k.p.i.IntermediateProofReplayer Proof replay took 5.9ns 
16198      DEBUG main            d.u.i.k.m.s.ProofScriptEngine 1: 'macro autopilot' 
18784      DEBUG main            d.u.i.k.m.s.ProofScriptEngine 2: 'macro simp-upd' 
18791      DEBUG main            d.u.i.k.m.s.ProofScriptEngine 3: 'rule observerDependencyEQ' 
18814      DEBUG main            d.u.i.k.m.s.ProofScriptEngine 4: 'tryclose' 
18844      INFO  main            d.u.i.k.p.r.p.TestFile    ... finished proof: closed. 
19006      INFO  main            d.u.i.k.p.i.AbstractProblemLoader Loading environment from /home/runner/work/key/key/key.core/../key.ui/examples/heap/list_recursiveSpec/ListOperationsNonNull_setValueAt_normal_behavior.key.proof 
19007      DEBUG main            d.u.i.k.p.i.AbstractProblemLoader Environment load took 1.24ms 
19011      INFO  main            d.u.i.k.p.i.AbstractProblemLoader Creating init config 
21755      DEBUG main            d.u.i.k.p.i.AbstractProblemLoader Init config took 2.74s 
21811      INFO  main            d.u.i.k.p.i.AbstractProblemLoader Replaying proof ListOperationsNonNull[ListOperationsNonNull::setValueAt_NN(ListNN,int,int)].JML normal_behavior operation contract.0 
21952      DEBUG main            d.u.i.k.p.i.IntermediateProofReplayer Proof replay took 134.56ms 
21953      DEBUG main            d.u.i.k.p.r.p.TestFile    ... success: reloaded. 
1207625    INFO  Test worker     d.u.i.k.p.r.RunAllProofsTestUnit Returning from test list_recursive 
1207627    INFO  Test worker     d.u.i.k.p.r.RunAllProofsTestUnit Running test list_seq 
376        INFO  Timeout watchdog d.u.i.k.p.r.p.ForkedTestFileRunner Timeout watcher launched (2000 secs.) 
383        WARN  main            d.u.i.k.s.ProofSettings   The settings in /home/runner/.key/proof-settings.props are *not* read. 
432        INFO  main            d.u.i.k.p.r.p.TestFile    Now processing file /home/runner/work/key/key/key.core/../key.ui/examples/heap/list_seq/SimplifiedLinkedList.remove.key 
552        INFO  main            d.u.i.k.p.i.AbstractProblemLoader Loading environment from /home/runner/work/key/key/key.core/../key.ui/examples/heap/list_seq/SimplifiedLinkedList.remove.key 
568        DEBUG main            d.u.i.k.p.i.AbstractProblemLoader Environment load took 1.83ms 
785        INFO  main            d.u.i.k.p.i.AbstractProblemLoader Creating init config 
1613       DEBUG main            d.u.i.k.j.TypeConverter   No LDT found for Meta 
1613       DEBUG main            d.u.i.k.j.TypeConverter   No LDT found for Meta 
1615       DEBUG main            d.u.i.k.j.TypeConverter   No LDT found for Meta 
1616       DEBUG main            d.u.i.k.j.TypeConverter   No LDT found for Meta 
2981       DEBUG main            d.u.i.k.j.TypeConverter   No LDT found for JavaBigintExpression 
8743       DEBUG main            d.u.i.k.p.i.AbstractProblemLoader Init config took 7.96s 
8908       INFO  main            d.u.i.k.p.i.AbstractProblemLoader Replaying proof SimplifiedLinkedList[SimplifiedLinkedList::remove(int)].JML normal_behavior operation contract.0 
8998       DEBUG main            d.u.i.k.p.i.IntermediateProofReplayer Proof replay took 33.3ns 
101809     INFO  main            d.u.i.k.p.r.p.TestFile    ... finished proof: closed. 
102222     INFO  main            d.u.i.k.p.i.AbstractProblemLoader Loading environment from /home/runner/work/key/key/key.core/../key.ui/examples/heap/list_seq/SimplifiedLinkedList.remove.key.proof 
102222     DEBUG main            d.u.i.k.p.i.AbstractProblemLoader Environment load took 491.71ns 
102245     INFO  main            d.u.i.k.p.i.AbstractProblemLoader Creating init config 
105551     DEBUG main            d.u.i.k.p.i.AbstractProblemLoader Init config took 3.31s 
105648     INFO  main            d.u.i.k.p.i.AbstractProblemLoader Replaying proof SimplifiedLinkedList[SimplifiedLinkedList::remove(int)].JML normal_behavior operation contract.0 
109919     DEBUG main            d.u.i.k.p.i.IntermediateProofReplayer Proof replay took 3.99s 
109938     DEBUG main            d.u.i.k.p.r.p.TestFile    ... success: reloaded. 
109940     INFO  main            d.u.i.k.p.r.p.TestFile    Now processing file /home/runner/work/key/key/key.core/../key.ui/examples/heap/list_seq/ArrayList.ArrayList.key 
109941     INFO  main            d.u.i.k.p.i.AbstractProblemLoader Loading environment from /home/runner/work/key/key/key.core/../key.ui/examples/heap/list_seq/ArrayList.ArrayList.key 
109941     DEBUG main            d.u.i.k.p.i.AbstractProblemLoader Environment load took 282.81ns 
109942     INFO  main            d.u.i.k.p.i.AbstractProblemLoader Creating init config 
113188     DEBUG main            d.u.i.k.p.i.AbstractProblemLoader Init config took 3.25s 
113298     INFO  main            d.u.i.k.p.i.AbstractProblemLoader Replaying proof ArrayList[ArrayList::ArrayList()].JML normal_behavior operation contract.0 
113304     DEBUG main            d.u.i.k.p.i.IntermediateProofReplayer Proof replay took 7ns 
114209     INFO  main            d.u.i.k.p.r.p.TestFile    ... finished proof: closed. 
114395     INFO  main            d.u.i.k.p.i.AbstractProblemLoader Loading environment from /home/runner/work/key/key/key.core/../key.ui/examples/heap/list_seq/ArrayList.ArrayList.key.proof 
114397     DEBUG main            d.u.i.k.p.i.AbstractProblemLoader Environment load took 1.76ms 
114400     INFO  main            d.u.i.k.p.i.AbstractProblemLoader Creating init config 
117581     DEBUG main            d.u.i.k.p.i.AbstractProblemLoader Init config took 3.18s 
117661     INFO  main            d.u.i.k.p.i.AbstractProblemLoader Replaying proof ArrayList[ArrayList::ArrayList()].JML normal_behavior operation contract.0 
117806     DEBUG main            d.u.i.k.p.i.IntermediateProofReplayer Proof replay took 140.73ms 
117808     DEBUG main            d.u.i.k.p.r.p.TestFile    ... success: reloaded. 
117809     INFO  main            d.u.i.k.p.r.p.TestFile    Now processing file /home/runner/work/key/key/key.core/../key.ui/examples/heap/list_seq/ArrayList.add.key 
117810     INFO  main            d.u.i.k.p.i.AbstractProblemLoader Loading environment from /home/runner/work/key/key/key.core/../key.ui/examples/heap/list_seq/ArrayList.add.key 
117810     DEBUG main            d.u.i.k.p.i.AbstractProblemLoader Environment load took 250ns 
117811     INFO  main            d.u.i.k.p.i.AbstractProblemLoader Creating init config 
120946     DEBUG main            d.u.i.k.p.i.AbstractProblemLoader Init config took 3.13s 
121041     INFO  main            d.u.i.k.p.i.AbstractProblemLoader Replaying proof ArrayList[List::add(java.lang.Object)].JML normal_behavior operation contract.0 
121042     DEBUG main            d.u.i.k.p.i.IntermediateProofReplayer Proof replay took 5.5ns 
124478     INFO  main            d.u.i.k.p.r.p.TestFile    ... finished proof: closed. 
124659     INFO  main            d.u.i.k.p.i.AbstractProblemLoader Loading environment from /home/runner/work/key/key/key.core/../key.ui/examples/heap/list_seq/ArrayList.add.key.proof 
124659     DEBUG main            d.u.i.k.p.i.AbstractProblemLoader Environment load took 468.41ns 
124663     INFO  main            d.u.i.k.p.i.AbstractProblemLoader Creating init config 
127722     DEBUG main            d.u.i.k.p.i.AbstractProblemLoader Init config took 3.06s 
127796     INFO  main            d.u.i.k.p.i.AbstractProblemLoader Replaying proof ArrayList[List::add(java.lang.Object)].JML normal_behavior operation contract.0 
128269     DEBUG main            d.u.i.k.p.i.IntermediateProofReplayer Proof replay took 456.89ms 
128270     DEBUG main            d.u.i.k.p.r.p.TestFile    ... success: reloaded. 
128272     INFO  main            d.u.i.k.p.r.p.TestFile    Now processing file /home/runner/work/key/key/key.core/../key.ui/examples/heap/list_seq/ArrayList.contains.key 
128272     INFO  main            d.u.i.k.p.i.AbstractProblemLoader Loading environment from /home/runner/work/key/key/key.core/../key.ui/examples/heap/list_seq/ArrayList.contains.key 
128274     DEBUG main            d.u.i.k.p.i.AbstractProblemLoader Environment load took 1.97ms 
128275     INFO  main            d.u.i.k.p.i.AbstractProblemLoader Creating init config 
131443     DEBUG main            d.u.i.k.p.i.AbstractProblemLoader Init config took 3.17s 
131540     INFO  main            d.u.i.k.p.i.AbstractProblemLoader Replaying proof ArrayList[List::contains(java.lang.Object)].JML normal_behavior operation contract.0 
131541     DEBUG main            d.u.i.k.p.i.IntermediateProofReplayer Proof replay took 6.3ns 
133159     INFO  main            d.u.i.k.p.r.p.TestFile    ... finished proof: closed. 
133349     INFO  main            d.u.i.k.p.i.AbstractProblemLoader Loading environment from /home/runner/work/key/key/key.core/../key.ui/examples/heap/list_seq/ArrayList.contains.key.proof 
133350     DEBUG main            d.u.i.k.p.i.AbstractProblemLoader Environment load took 524.21ns 
133351     INFO  main            d.u.i.k.p.i.AbstractProblemLoader Creating init config 
136386     DEBUG main            d.u.i.k.p.i.AbstractProblemLoader Init config took 3.03s 
136459     INFO  main            d.u.i.k.p.i.AbstractProblemLoader Replaying proof ArrayList[List::contains(java.lang.Object)].JML normal_behavior operation contract.0 
136737     DEBUG main            d.u.i.k.p.i.IntermediateProofReplayer Proof replay took 270.81ms 
136739     DEBUG main            d.u.i.k.p.r.p.TestFile    ... success: reloaded. 
136740     INFO  main            d.u.i.k.p.r.p.TestFile    Now processing file /home/runner/work/key/key/key.core/../key.ui/examples/heap/list_seq/ArrayList.enlarge.key 
136740     INFO  main            d.u.i.k.p.i.AbstractProblemLoader Loading environment from /home/runner/work/key/key/key.core/../key.ui/examples/heap/list_seq/ArrayList.enlarge.key 
136740     DEBUG main            d.u.i.k.p.i.AbstractProblemLoader Environment load took 228.4ns 
136741     INFO  main            d.u.i.k.p.i.AbstractProblemLoader Creating init config 
139769     DEBUG main            d.u.i.k.p.i.AbstractProblemLoader Init config took 3.03s 
139840     INFO  main            d.u.i.k.p.i.AbstractProblemLoader Replaying proof ArrayList[ArrayList::enlarge()].JML normal_behavior operation contract.0 
139842     DEBUG main            d.u.i.k.p.i.IntermediateProofReplayer Proof replay took 5.9ns 
141949     INFO  main            d.u.i.k.p.r.p.TestFile    ... finished proof: closed. 
142163     INFO  main            d.u.i.k.p.i.AbstractProblemLoader Loading environment from /home/runner/work/key/key/key.core/../key.ui/examples/heap/list_seq/ArrayList.enlarge.key.proof 
142163     DEBUG main            d.u.i.k.p.i.AbstractProblemLoader Environment load took 541.4ns 
142165     INFO  main            d.u.i.k.p.i.AbstractProblemLoader Creating init config 
145236     DEBUG main            d.u.i.k.p.i.AbstractProblemLoader Init config took 3.07s 
145309     INFO  main            d.u.i.k.p.i.AbstractProblemLoader Replaying proof ArrayList[ArrayList::enlarge()].JML normal_behavior operation contract.0 
145662     DEBUG main            d.u.i.k.p.i.IntermediateProofReplayer Proof replay took 343.99ms 
145663     DEBUG main            d.u.i.k.p.r.p.TestFile    ... success: reloaded. 
145665     INFO  main            d.u.i.k.p.r.p.TestFile    Now processing file /home/runner/work/key/key/key.core/../key.ui/examples/heap/list_seq/ArrayList.get.key 
145665     INFO  main            d.u.i.k.p.i.AbstractProblemLoader Loading environment from /home/runner/work/key/key/key.core/../key.ui/examples/heap/list_seq/ArrayList.get.key 
145665     DEBUG main            d.u.i.k.p.i.AbstractProblemLoader Environment load took 247.8ns 
145666     INFO  main            d.u.i.k.p.i.AbstractProblemLoader Creating init config 
148795     DEBUG main            d.u.i.k.p.i.AbstractProblemLoader Init config took 3.13s 
148864     INFO  main            d.u.i.k.p.i.AbstractProblemLoader Replaying proof ArrayList[List::get(int)].JML normal_behavior operation contract.0 
148866     DEBUG main            d.u.i.k.p.i.IntermediateProofReplayer Proof replay took 6.4ns 
149469     INFO  main            d.u.i.k.p.r.p.TestFile    ... finished proof: closed. 
149645     INFO  main            d.u.i.k.p.i.AbstractProblemLoader Loading environment from /home/runner/work/key/key/key.core/../key.ui/examples/heap/list_seq/ArrayList.get.key.proof 
149645     DEBUG main            d.u.i.k.p.i.AbstractProblemLoader Environment load took 128.5ns 
149646     INFO  main            d.u.i.k.p.i.AbstractProblemLoader Creating init config 
152639     DEBUG main            d.u.i.k.p.i.AbstractProblemLoader Init config took 2.99s 
152708     INFO  main            d.u.i.k.p.i.AbstractProblemLoader Replaying proof ArrayList[List::get(int)].JML normal_behavior operation contract.0 
152775     DEBUG main            d.u.i.k.p.i.IntermediateProofReplayer Proof replay took 62.97ms 
152777     DEBUG main            d.u.i.k.p.r.p.TestFile    ... success: reloaded. 
152778     INFO  main            d.u.i.k.p.r.p.TestFile    Now processing file /home/runner/work/key/key/key.core/../key.ui/examples/heap/list_seq/ArrayList.newArray.key 
152778     INFO  main            d.u.i.k.p.i.AbstractProblemLoader Loading environment from /home/runner/work/key/key/key.core/../key.ui/examples/heap/list_seq/ArrayList.newArray.key 
152778     DEBUG main            d.u.i.k.p.i.AbstractProblemLoader Environment load took 231.9ns 
152779     INFO  main            d.u.i.k.p.i.AbstractProblemLoader Creating init config 
155763     DEBUG main            d.u.i.k.p.i.AbstractProblemLoader Init config took 2.98s 
155832     INFO  main            d.u.i.k.p.i.AbstractProblemLoader Replaying proof ArrayList[ArrayList::newArray(int)].JML normal_behavior operation contract.0 
155834     DEBUG main            d.u.i.k.p.i.IntermediateProofReplayer Proof replay took 6.1ns 
156138     INFO  main            d.u.i.k.p.r.p.TestFile    ... finished proof: closed. 
156334     INFO  main            d.u.i.k.p.i.AbstractProblemLoader Loading environment from /home/runner/work/key/key/key.core/../key.ui/examples/heap/list_seq/ArrayList.newArray.key.proof 
156334     DEBUG main            d.u.i.k.p.i.AbstractProblemLoader Environment load took 134.5ns 
156335     INFO  main            d.u.i.k.p.i.AbstractProblemLoader Creating init config 
159292     DEBUG main            d.u.i.k.p.i.AbstractProblemLoader Init config took 2.96s 
159371     INFO  main            d.u.i.k.p.i.AbstractProblemLoader Replaying proof ArrayList[ArrayList::newArray(int)].JML normal_behavior operation contract.0 
159424     DEBUG main            d.u.i.k.p.i.IntermediateProofReplayer Proof replay took 50.72ms 
159426     DEBUG main            d.u.i.k.p.r.p.TestFile    ... success: reloaded. 
159427     INFO  main            d.u.i.k.p.r.p.TestFile    Now processing file /home/runner/work/key/key/key.core/../key.ui/examples/heap/list_seq/ArrayList.remove.0.key 
159427     INFO  main            d.u.i.k.p.i.AbstractProblemLoader Loading environment from /home/runner/work/key/key/key.core/../key.ui/examples/heap/list_seq/ArrayList.remove.0.key 
159427     DEBUG main            d.u.i.k.p.i.AbstractProblemLoader Environment load took 213ns 
159428     INFO  main            d.u.i.k.p.i.AbstractProblemLoader Creating init config 
162459     DEBUG main            d.u.i.k.p.i.AbstractProblemLoader Init config took 3.03s 
162526     INFO  main            d.u.i.k.p.i.AbstractProblemLoader Replaying proof ArrayList[List::remove(java.lang.Object)].JML normal_behavior operation contract.0 
162527     DEBUG main            d.u.i.k.p.i.IntermediateProofReplayer Proof replay took 5.7ns 
164439     INFO  main            d.u.i.k.p.r.p.TestFile    ... finished proof: closed. 
164666     INFO  main            d.u.i.k.p.i.AbstractProblemLoader Loading environment from /home/runner/work/key/key/key.core/../key.ui/examples/heap/list_seq/ArrayList.remove.0.key.proof 
164668     DEBUG main            d.u.i.k.p.i.AbstractProblemLoader Environment load took 1.51ms 
164669     INFO  main            d.u.i.k.p.i.AbstractProblemLoader Creating init config 
167649     DEBUG main            d.u.i.k.p.i.AbstractProblemLoader Init config took 2.98s 
167718     INFO  main            d.u.i.k.p.i.AbstractProblemLoader Replaying proof ArrayList[List::remove(java.lang.Object)].JML normal_behavior operation contract.0 
168215     DEBUG main            d.u.i.k.p.i.IntermediateProofReplayer Proof replay took 488.31ms 
168216     DEBUG main            d.u.i.k.p.r.p.TestFile    ... success: reloaded. 
168217     INFO  main            d.u.i.k.p.r.p.TestFile    Now processing file /home/runner/work/key/key/key.core/../key.ui/examples/heap/list_seq/ArrayList.remove.1.key 
168217     INFO  main            d.u.i.k.p.i.AbstractProblemLoader Loading environment from /home/runner/work/key/key/key.core/../key.ui/examples/heap/list_seq/ArrayList.remove.1.key 
168217     DEBUG main            d.u.i.k.p.i.AbstractProblemLoader Environment load took 107.9ns 
168218     INFO  main            d.u.i.k.p.i.AbstractProblemLoader Creating init config 
171256     DEBUG main            d.u.i.k.p.i.AbstractProblemLoader Init config took 3.04s 
171322     INFO  main            d.u.i.k.p.i.AbstractProblemLoader Replaying proof ArrayList[List::remove(java.lang.Object)].JML normal_behavior operation contract.1 
171324     DEBUG main            d.u.i.k.p.i.IntermediateProofReplayer Proof replay took 6.5ns 
183199     INFO  main            d.u.i.k.p.r.p.TestFile    ... finished proof: closed. 
183459     INFO  main            d.u.i.k.p.i.AbstractProblemLoader Loading environment from /home/runner/work/key/key/key.core/../key.ui/examples/heap/list_seq/ArrayList.remove.1.key.proof 
183460     DEBUG main            d.u.i.k.p.i.AbstractProblemLoader Environment load took 212.7ns 
183462     INFO  main            d.u.i.k.p.i.AbstractProblemLoader Creating init config 
186364     DEBUG main            d.u.i.k.p.i.AbstractProblemLoader Init config took 2.9s 
186442     INFO  main            d.u.i.k.p.i.AbstractProblemLoader Replaying proof ArrayList[List::remove(java.lang.Object)].JML normal_behavior operation contract.1 
187850     DEBUG main            d.u.i.k.p.i.IntermediateProofReplayer Proof replay took 1.37s 
187853     DEBUG main            d.u.i.k.p.r.p.TestFile    ... success: reloaded. 
1395665    INFO  Test worker     d.u.i.k.p.r.RunAllProofsTestUnit Returning from test list_seq 
1395667    INFO  Test worker     d.u.i.k.p.r.RunAllProofsTestUnit Running test observer 
369        INFO  Timeout watchdog d.u.i.k.p.r.p.ForkedTestFileRunner Timeout watcher launched (2000 secs.) 
400        WARN  main            d.u.i.k.s.ProofSettings   The settings in /home/runner/.key/proof-settings.props are *not* read. 
447        INFO  main            d.u.i.k.p.r.p.TestFile    Now processing file /home/runner/work/key/key/key.core/../key.ui/examples/heap/observer/ExampleObserver_ExampleObserver.key 
586        INFO  main            d.u.i.k.p.i.AbstractProblemLoader Loading environment from /home/runner/work/key/key/key.core/../key.ui/examples/heap/observer/ExampleObserver_ExampleObserver.key 
606        DEBUG main            d.u.i.k.p.i.AbstractProblemLoader Environment load took 2.11ms 
832        INFO  main            d.u.i.k.p.i.AbstractProblemLoader Creating init config 
1788       DEBUG main            d.u.i.k.j.TypeConverter   No LDT found for Meta 
1789       DEBUG main            d.u.i.k.j.TypeConverter   No LDT found for Meta 
1792       DEBUG main            d.u.i.k.j.TypeConverter   No LDT found for Meta 
1793       DEBUG main            d.u.i.k.j.TypeConverter   No LDT found for Meta 
3101       DEBUG main            d.u.i.k.j.TypeConverter   No LDT found for JavaBigintExpression 
8246       DEBUG main            d.u.i.k.p.i.AbstractProblemLoader Init config took 7.41s 
8405       INFO  main            d.u.i.k.p.i.AbstractProblemLoader Replaying proof ExampleObserver[ExampleObserver::ExampleObserver(ExampleSubject)].JML normal_behavior operation contract.0 
8442       DEBUG main            d.u.i.k.p.i.IntermediateProofReplayer Proof replay took 34.8ns 
9368       INFO  main            d.u.i.k.p.r.p.TestFile    ... finished proof: closed. 
9504       INFO  main            d.u.i.k.p.i.AbstractProblemLoader Loading environment from /home/runner/work/key/key/key.core/../key.ui/examples/heap/observer/ExampleObserver_ExampleObserver.key.proof 
9504       DEBUG main            d.u.i.k.p.i.AbstractProblemLoader Environment load took 493.71ns 
9506       INFO  main            d.u.i.k.p.i.AbstractProblemLoader Creating init config 
12466      DEBUG main            d.u.i.k.p.i.AbstractProblemLoader Init config took 2.96s 
12561      INFO  main            d.u.i.k.p.i.AbstractProblemLoader Replaying proof ExampleObserver[ExampleObserver::ExampleObserver(ExampleSubject)].JML normal_behavior operation contract.0 
12751      DEBUG main            d.u.i.k.p.i.IntermediateProofReplayer Proof replay took 174.43ms 
12768      DEBUG main            d.u.i.k.p.r.p.TestFile    ... success: reloaded. 
12770      INFO  main            d.u.i.k.p.r.p.TestFile    Now processing file /home/runner/work/key/key/key.core/../key.ui/examples/heap/observer/ExampleObserver_inv.key 
12770      INFO  main            d.u.i.k.p.i.AbstractProblemLoader Loading environment from /home/runner/work/key/key/key.core/../key.ui/examples/heap/observer/ExampleObserver_inv.key 
12770      DEBUG main            d.u.i.k.p.i.AbstractProblemLoader Environment load took 237ns 
12772      INFO  main            d.u.i.k.p.i.AbstractProblemLoader Creating init config 
15484      DEBUG main            d.u.i.k.p.i.AbstractProblemLoader Init config took 2.71s 
15548      INFO  main            d.u.i.k.p.i.AbstractProblemLoader Replaying proof ExampleObserver[java.lang.Object::<inv>()].JML accessible clause.0 
15551      DEBUG main            d.u.i.k.p.i.IntermediateProofReplayer Proof replay took 5.7ns 
15653      INFO  main            d.u.i.k.p.r.p.TestFile    ... finished proof: closed. 
15793      INFO  main            d.u.i.k.p.i.AbstractProblemLoader Loading environment from /home/runner/work/key/key/key.core/../key.ui/examples/heap/observer/ExampleObserver_inv.key.proof 
15794      DEBUG main            d.u.i.k.p.i.AbstractProblemLoader Environment load took 133ns 
15796      INFO  main            d.u.i.k.p.i.AbstractProblemLoader Creating init config 
18448      DEBUG main            d.u.i.k.p.i.AbstractProblemLoader Init config took 2.65s 
18502      INFO  main            d.u.i.k.p.i.AbstractProblemLoader Replaying proof ExampleObserver[java.lang.Object::<inv>()].JML accessible clause.0 
18519      DEBUG main            d.u.i.k.p.i.IntermediateProofReplayer Proof replay took 14.23ms 
18520      DEBUG main            d.u.i.k.p.r.p.TestFile    ... success: reloaded. 
18521      INFO  main            d.u.i.k.p.r.p.TestFile    Now processing file /home/runner/work/key/key/key.core/../key.ui/examples/heap/observer/ExampleObserver_subject.key 
18522      INFO  main            d.u.i.k.p.i.AbstractProblemLoader Loading environment from /home/runner/work/key/key/key.core/../key.ui/examples/heap/observer/ExampleObserver_subject.key 
18522      DEBUG main            d.u.i.k.p.i.AbstractProblemLoader Environment load took 230.41ns 
18523      INFO  main            d.u.i.k.p.i.AbstractProblemLoader Creating init config 
21226      DEBUG main            d.u.i.k.p.i.AbstractProblemLoader Init config took 2.7s 
21274      INFO  main            d.u.i.k.p.i.AbstractProblemLoader Replaying proof Observer[Observer::$subject()].JML accessible clause.0 
21276      DEBUG main            d.u.i.k.p.i.IntermediateProofReplayer Proof replay took 6.2ns 
21378      INFO  main            d.u.i.k.p.r.p.TestFile    ... finished proof: closed. 
21523      INFO  main            d.u.i.k.p.i.AbstractProblemLoader Loading environment from /home/runner/work/key/key/key.core/../key.ui/examples/heap/observer/ExampleObserver_subject.key.proof 
21523      DEBUG main            d.u.i.k.p.i.AbstractProblemLoader Environment load took 148.1ns 
21525      INFO  main            d.u.i.k.p.i.AbstractProblemLoader Creating init config 
24130      DEBUG main            d.u.i.k.p.i.AbstractProblemLoader Init config took 2.61s 
24176      INFO  main            d.u.i.k.p.i.AbstractProblemLoader Replaying proof Observer[Observer::$subject()].JML accessible clause.0 
24180      DEBUG main            d.u.i.k.p.i.IntermediateProofReplayer Proof replay took 1.94ms 
24181      DEBUG main            d.u.i.k.p.r.p.TestFile    ... success: reloaded. 
24183      INFO  main            d.u.i.k.p.r.p.TestFile    Now processing file /home/runner/work/key/key/key.core/../key.ui/examples/heap/observer/ExampleObserver_update.key 
24183      INFO  main            d.u.i.k.p.i.AbstractProblemLoader Loading environment from /home/runner/work/key/key/key.core/../key.ui/examples/heap/observer/ExampleObserver_update.key 
24183      DEBUG main            d.u.i.k.p.i.AbstractProblemLoader Environment load took 231.8ns 
24184      INFO  main            d.u.i.k.p.i.AbstractProblemLoader Creating init config 
26872      DEBUG main            d.u.i.k.p.i.AbstractProblemLoader Init config took 2.69s 
26942      INFO  main            d.u.i.k.p.i.AbstractProblemLoader Replaying proof ExampleObserver[Observer::update()].JML normal_behavior operation contract.0 
26945      DEBUG main            d.u.i.k.p.i.IntermediateProofReplayer Proof replay took 6.3ns 
27248      INFO  main            d.u.i.k.p.r.p.TestFile    ... finished proof: closed. 
27418      INFO  main            d.u.i.k.p.i.AbstractProblemLoader Loading environment from /home/runner/work/key/key/key.core/../key.ui/examples/heap/observer/ExampleObserver_update.key.proof 
27419      DEBUG main            d.u.i.k.p.i.AbstractProblemLoader Environment load took 984.92ns 
27421      INFO  main            d.u.i.k.p.i.AbstractProblemLoader Creating init config 
30001      DEBUG main            d.u.i.k.p.i.AbstractProblemLoader Init config took 2.58s 
30047      INFO  main            d.u.i.k.p.i.AbstractProblemLoader Replaying proof ExampleObserver[Observer::update()].JML normal_behavior operation contract.0 
30111      DEBUG main            d.u.i.k.p.i.IntermediateProofReplayer Proof replay took 60.35ms 
30112      DEBUG main            d.u.i.k.p.r.p.TestFile    ... success: reloaded. 
30114      INFO  main            d.u.i.k.p.r.p.TestFile    Now processing file /home/runner/work/key/key/key.core/../key.ui/examples/heap/observer/ExampleObserver_upToDate.key 
30114      INFO  main            d.u.i.k.p.i.AbstractProblemLoader Loading environment from /home/runner/work/key/key/key.core/../key.ui/examples/heap/observer/ExampleObserver_upToDate.key 
30114      DEBUG main            d.u.i.k.p.i.AbstractProblemLoader Environment load took 224.8ns 
30115      INFO  main            d.u.i.k.p.i.AbstractProblemLoader Creating init config 
32747      DEBUG main            d.u.i.k.p.i.AbstractProblemLoader Init config took 2.63s 
32793      INFO  main            d.u.i.k.p.i.AbstractProblemLoader Replaying proof ExampleObserver[Observer::$upToDate()].JML accessible clause.0 
32797      DEBUG main            d.u.i.k.p.i.IntermediateProofReplayer Proof replay took 7.4ns 
33000      INFO  main            d.u.i.k.p.r.p.TestFile    ... finished proof: closed. 
33154      INFO  main            d.u.i.k.p.i.AbstractProblemLoader Loading environment from /home/runner/work/key/key/key.core/../key.ui/examples/heap/observer/ExampleObserver_upToDate.key.proof 
33154      DEBUG main            d.u.i.k.p.i.AbstractProblemLoader Environment load took 134ns 
33157      INFO  main            d.u.i.k.p.i.AbstractProblemLoader Creating init config 
35735      DEBUG main            d.u.i.k.p.i.AbstractProblemLoader Init config took 2.58s 
35788      INFO  main            d.u.i.k.p.i.AbstractProblemLoader Replaying proof ExampleObserver[Observer::$upToDate()].JML accessible clause.0 
35811      DEBUG main            d.u.i.k.p.i.IntermediateProofReplayer Proof replay took 19.49ms 
35812      DEBUG main            d.u.i.k.p.r.p.TestFile    ... success: reloaded. 
35813      INFO  main            d.u.i.k.p.r.p.TestFile    Now processing file /home/runner/work/key/key/key.core/../key.ui/examples/heap/observer/ExampleObserver_value.key 
35813      INFO  main            d.u.i.k.p.i.AbstractProblemLoader Loading environment from /home/runner/work/key/key/key.core/../key.ui/examples/heap/observer/ExampleObserver_value.key 
35813      DEBUG main            d.u.i.k.p.i.AbstractProblemLoader Environment load took 124.1ns 
35814      INFO  main            d.u.i.k.p.i.AbstractProblemLoader Creating init config 
38415      DEBUG main            d.u.i.k.p.i.AbstractProblemLoader Init config took 2.6s 
38459      INFO  main            d.u.i.k.p.i.AbstractProblemLoader Replaying proof ExampleObserver[ExampleObserver::value()].JML normal_behavior operation contract.0 
38461      DEBUG main            d.u.i.k.p.i.IntermediateProofReplayer Proof replay took 7.2ns 
38564      INFO  main            d.u.i.k.p.r.p.TestFile    ... finished proof: closed. 
38756      INFO  main            d.u.i.k.p.i.AbstractProblemLoader Loading environment from /home/runner/work/key/key/key.core/../key.ui/examples/heap/observer/ExampleObserver_value.key.proof 
38756      DEBUG main            d.u.i.k.p.i.AbstractProblemLoader Environment load took 144.2ns 
38757      INFO  main            d.u.i.k.p.i.AbstractProblemLoader Creating init config 
41325      DEBUG main            d.u.i.k.p.i.AbstractProblemLoader Init config took 2.57s 
41370      INFO  main            d.u.i.k.p.i.AbstractProblemLoader Replaying proof ExampleObserver[ExampleObserver::value()].JML normal_behavior operation contract.0 
41390      DEBUG main            d.u.i.k.p.i.IntermediateProofReplayer Proof replay took 17.39ms 
41391      DEBUG main            d.u.i.k.p.r.p.TestFile    ... success: reloaded. 
41392      INFO  main            d.u.i.k.p.r.p.TestFile    Now processing file /home/runner/work/key/key/key.core/../key.ui/examples/heap/observer/ExampleSubject_addObserver.key 
41393      INFO  main            d.u.i.k.p.i.AbstractProblemLoader Loading environment from /home/runner/work/key/key/key.core/../key.ui/examples/heap/observer/ExampleSubject_addObserver.key 
41393      DEBUG main            d.u.i.k.p.i.AbstractProblemLoader Environment load took 214.39ns 
41394      INFO  main            d.u.i.k.p.i.AbstractProblemLoader Creating init config 
43938      DEBUG main            d.u.i.k.p.i.AbstractProblemLoader Init config took 2.54s 
43987      INFO  main            d.u.i.k.p.i.AbstractProblemLoader Replaying proof ExampleSubject[Subject::addObserver(Observer)].JML normal_behavior operation contract.0 
43989      DEBUG main            d.u.i.k.p.i.IntermediateProofReplayer Proof replay took 7.1ns 
49630      INFO  main            d.u.i.k.p.r.p.TestFile    ... finished proof: closed. 
49863      INFO  main            d.u.i.k.p.i.AbstractProblemLoader Loading environment from /home/runner/work/key/key/key.core/../key.ui/examples/heap/observer/ExampleSubject_addObserver.key.proof 
49870      DEBUG main            d.u.i.k.p.i.AbstractProblemLoader Environment load took 6.98ms 
49872      INFO  main            d.u.i.k.p.i.AbstractProblemLoader Creating init config 
52422      DEBUG main            d.u.i.k.p.i.AbstractProblemLoader Init config took 2.55s 
52476      INFO  main            d.u.i.k.p.i.AbstractProblemLoader Replaying proof ExampleSubject[Subject::addObserver(Observer)].JML normal_behavior operation contract.0 
53222      DEBUG main            d.u.i.k.p.i.IntermediateProofReplayer Proof replay took 724.01ms 
53224      DEBUG main            d.u.i.k.p.r.p.TestFile    ... success: reloaded. 
53225      INFO  main            d.u.i.k.p.r.p.TestFile    Now processing file /home/runner/work/key/key/key.core/../key.ui/examples/heap/observer/ExampleSubject_change.key 
53226      INFO  main            d.u.i.k.p.i.AbstractProblemLoader Loading environment from /home/runner/work/key/key/key.core/../key.ui/examples/heap/observer/ExampleSubject_change.key 
53226      DEBUG main            d.u.i.k.p.i.AbstractProblemLoader Environment load took 225.1ns 
53227      INFO  main            d.u.i.k.p.i.AbstractProblemLoader Creating init config 
55802      DEBUG main            d.u.i.k.p.i.AbstractProblemLoader Init config took 2.57s 
55847      INFO  main            d.u.i.k.p.i.AbstractProblemLoader Replaying proof ExampleSubject[ExampleSubject::change()].JML normal_behavior operation contract.0 
55849      DEBUG main            d.u.i.k.p.i.IntermediateProofReplayer Proof replay took 7.4ns 
56353      INFO  main            d.u.i.k.p.r.p.TestFile    ... finished proof: closed. 
56560      INFO  main            d.u.i.k.p.i.AbstractProblemLoader Loading environment from /home/runner/work/key/key/key.core/../key.ui/examples/heap/observer/ExampleSubject_change.key.proof 
56560      DEBUG main            d.u.i.k.p.i.AbstractProblemLoader Environment load took 475.71ns 
56561      INFO  main            d.u.i.k.p.i.AbstractProblemLoader Creating init config 
59061      DEBUG main            d.u.i.k.p.i.AbstractProblemLoader Init config took 2.5s 
59106      INFO  main            d.u.i.k.p.i.AbstractProblemLoader Replaying proof ExampleSubject[ExampleSubject::change()].JML normal_behavior operation contract.0 
59207      DEBUG main            d.u.i.k.p.i.IntermediateProofReplayer Proof replay took 96.89ms 
59208      DEBUG main            d.u.i.k.p.r.p.TestFile    ... success: reloaded. 
59209      INFO  main            d.u.i.k.p.r.p.TestFile    Now processing file /home/runner/work/key/key/key.core/../key.ui/examples/heap/observer/ExampleSubject_ExampleSubject.key 
59210      INFO  main            d.u.i.k.p.i.AbstractProblemLoader Loading environment from /home/runner/work/key/key/key.core/../key.ui/examples/heap/observer/ExampleSubject_ExampleSubject.key 
59210      DEBUG main            d.u.i.k.p.i.AbstractProblemLoader Environment load took 156.5ns 
59211      INFO  main            d.u.i.k.p.i.AbstractProblemLoader Creating init config 
61733      DEBUG main            d.u.i.k.p.i.AbstractProblemLoader Init config took 2.52s 
61776      INFO  main            d.u.i.k.p.i.AbstractProblemLoader Replaying proof ExampleSubject[ExampleSubject::ExampleSubject()].JML normal_behavior operation contract.0 
61778      DEBUG main            d.u.i.k.p.i.IntermediateProofReplayer Proof replay took 6.1ns 
62815      INFO  main            d.u.i.k.p.r.p.TestFile    ... finished proof: closed. 
63026      INFO  main            d.u.i.k.p.i.AbstractProblemLoader Loading environment from /home/runner/work/key/key/key.core/../key.ui/examples/heap/observer/ExampleSubject_ExampleSubject.key.proof 
63027      DEBUG main            d.u.i.k.p.i.AbstractProblemLoader Environment load took 473.31ns 
63028      INFO  main            d.u.i.k.p.i.AbstractProblemLoader Creating init config 
65579      DEBUG main            d.u.i.k.p.i.AbstractProblemLoader Init config took 2.55s 
65630      INFO  main            d.u.i.k.p.i.AbstractProblemLoader Replaying proof ExampleSubject[ExampleSubject::ExampleSubject()].JML normal_behavior operation contract.0 
65826      DEBUG main            d.u.i.k.p.i.IntermediateProofReplayer Proof replay took 187.89ms 
65828      DEBUG main            d.u.i.k.p.r.p.TestFile    ... success: reloaded. 
65830      INFO  main            d.u.i.k.p.r.p.TestFile    Now processing file /home/runner/work/key/key/key.core/../key.ui/examples/heap/observer/ExampleSubject_footprint.key 
65831      INFO  main            d.u.i.k.p.i.AbstractProblemLoader Loading environment from /home/runner/work/key/key/key.core/../key.ui/examples/heap/observer/ExampleSubject_footprint.key 
65831      DEBUG main            d.u.i.k.p.i.AbstractProblemLoader Environment load took 245.4ns 
65832      INFO  main            d.u.i.k.p.i.AbstractProblemLoader Creating init config 
68354      DEBUG main            d.u.i.k.p.i.AbstractProblemLoader Init config took 2.52s 
68396      INFO  main            d.u.i.k.p.i.AbstractProblemLoader Replaying proof ExampleSubject[Subject::$footprint()].JML accessible clause.0 
68398      DEBUG main            d.u.i.k.p.i.IntermediateProofReplayer Proof replay took 6.4ns 
68500      INFO  main            d.u.i.k.p.r.p.TestFile    ... finished proof: closed. 
68704      INFO  main            d.u.i.k.p.i.AbstractProblemLoader Loading environment from /home/runner/work/key/key/key.core/../key.ui/examples/heap/observer/ExampleSubject_footprint.key.proof 
68704      DEBUG main            d.u.i.k.p.i.AbstractProblemLoader Environment load took 123.7ns 
68705      INFO  main            d.u.i.k.p.i.AbstractProblemLoader Creating init config 
71181      DEBUG main            d.u.i.k.p.i.AbstractProblemLoader Init config took 2.48s 
71224      INFO  main            d.u.i.k.p.i.AbstractProblemLoader Replaying proof ExampleSubject[Subject::$footprint()].JML accessible clause.0 
71241      DEBUG main            d.u.i.k.p.i.IntermediateProofReplayer Proof replay took 15.14ms 
71242      DEBUG main            d.u.i.k.p.r.p.TestFile    ... success: reloaded. 
71243      INFO  main            d.u.i.k.p.r.p.TestFile    Now processing file /home/runner/work/key/key/key.core/../key.ui/examples/heap/observer/ExampleSubject_inv.key 
71244      INFO  main            d.u.i.k.p.i.AbstractProblemLoader Loading environment from /home/runner/work/key/key/key.core/../key.ui/examples/heap/observer/ExampleSubject_inv.key 
71244      DEBUG main            d.u.i.k.p.i.AbstractProblemLoader Environment load took 161.1ns 
71245      INFO  main            d.u.i.k.p.i.AbstractProblemLoader Creating init config 
73852      DEBUG main            d.u.i.k.p.i.AbstractProblemLoader Init config took 2.61s 
73903      INFO  main            d.u.i.k.p.i.AbstractProblemLoader Replaying proof ExampleSubject[java.lang.Object::<inv>()].JML accessible clause.0 
73905      DEBUG main            d.u.i.k.p.i.IntermediateProofReplayer Proof replay took 8.4ns 
75124      INFO  main            d.u.i.k.p.r.p.TestFile    ... finished proof: closed. 
75330      INFO  main            d.u.i.k.p.i.AbstractProblemLoader Loading environment from /home/runner/work/key/key/key.core/../key.ui/examples/heap/observer/ExampleSubject_inv.key.proof 
75331      DEBUG main            d.u.i.k.p.i.AbstractProblemLoader Environment load took 135.8ns 
75332      INFO  main            d.u.i.k.p.i.AbstractProblemLoader Creating init config 
77830      DEBUG main            d.u.i.k.p.i.AbstractProblemLoader Init config took 2.5s 
77887      INFO  main            d.u.i.k.p.i.AbstractProblemLoader Replaying proof ExampleSubject[java.lang.Object::<inv>()].JML accessible clause.0 
78012      DEBUG main            d.u.i.k.p.i.IntermediateProofReplayer Proof replay took 117.39ms 
78013      DEBUG main            d.u.i.k.p.r.p.TestFile    ... success: reloaded. 
78015      INFO  main            d.u.i.k.p.r.p.TestFile    Now processing file /home/runner/work/key/key/key.core/../key.ui/examples/heap/observer/ExampleSubject_notifyObservers.key 
78016      INFO  main            d.u.i.k.p.i.AbstractProblemLoader Loading environment from /home/runner/work/key/key/key.core/../key.ui/examples/heap/observer/ExampleSubject_notifyObservers.key 
78016      DEBUG main            d.u.i.k.p.i.AbstractProblemLoader Environment load took 262.8ns 
78017      INFO  main            d.u.i.k.p.i.AbstractProblemLoader Creating init config 
80624      DEBUG main            d.u.i.k.p.i.AbstractProblemLoader Init config took 2.61s 
80671      INFO  main            d.u.i.k.p.i.AbstractProblemLoader Replaying proof Subject[Subject::notifyObservers()].JML normal_behavior operation contract.0 
80673      DEBUG main            d.u.i.k.p.i.IntermediateProofReplayer Proof replay took 7ns 
80775      INFO  main            d.u.i.k.p.r.p.TestFile    ... finished proof: closed. 
80973      INFO  main            d.u.i.k.p.i.AbstractProblemLoader Loading environment from /home/runner/work/key/key/key.core/../key.ui/examples/heap/observer/ExampleSubject_notifyObservers.key.proof 
80973      DEBUG main            d.u.i.k.p.i.AbstractProblemLoader Environment load took 155.9ns 
80974      INFO  main            d.u.i.k.p.i.AbstractProblemLoader Creating init config 
83447      DEBUG main            d.u.i.k.p.i.AbstractProblemLoader Init config took 2.47s 
83489      INFO  main            d.u.i.k.p.i.AbstractProblemLoader Replaying proof Subject[Subject::notifyObservers()].JML normal_behavior operation contract.0 
83493      DEBUG main            d.u.i.k.p.i.IntermediateProofReplayer Proof replay took 2.67ms 
83494      DEBUG main            d.u.i.k.p.r.p.TestFile    ... success: reloaded. 
83495      INFO  main            d.u.i.k.p.r.p.TestFile    Now processing file /home/runner/work/key/key/key.core/../key.ui/examples/heap/observer/ExampleSubject_value_dep.key 
83496      INFO  main            d.u.i.k.p.i.AbstractProblemLoader Loading environment from /home/runner/work/key/key/key.core/../key.ui/examples/heap/observer/ExampleSubject_value_dep.key 
83496      DEBUG main            d.u.i.k.p.i.AbstractProblemLoader Environment load took 90.9ns 
83497      INFO  main            d.u.i.k.p.i.AbstractProblemLoader Creating init config 
86064      DEBUG main            d.u.i.k.p.i.AbstractProblemLoader Init config took 2.57s 
86108      INFO  main            d.u.i.k.p.i.AbstractProblemLoader Replaying proof ExampleSubject[ExampleSubject::value()].JML accessible clause.0 
86109      DEBUG main            d.u.i.k.p.i.IntermediateProofReplayer Proof replay took 6.4ns 
86211      INFO  main            d.u.i.k.p.r.p.TestFile    ... finished proof: closed. 
86468      INFO  main            d.u.i.k.p.i.AbstractProblemLoader Loading environment from /home/runner/work/key/key/key.core/../key.ui/examples/heap/observer/ExampleSubject_value_dep.key.proof 
86469      DEBUG main            d.u.i.k.p.i.AbstractProblemLoader Environment load took 120.1ns 
86470      INFO  main            d.u.i.k.p.i.AbstractProblemLoader Creating init config 
88933      DEBUG main            d.u.i.k.p.i.AbstractProblemLoader Init config took 2.46s 
88974      INFO  main            d.u.i.k.p.i.AbstractProblemLoader Replaying proof ExampleSubject[ExampleSubject::value()].JML accessible clause.0 
88989      DEBUG main            d.u.i.k.p.i.IntermediateProofReplayer Proof replay took 12.7ms 
88990      DEBUG main            d.u.i.k.p.r.p.TestFile    ... success: reloaded. 
88991      INFO  main            d.u.i.k.p.r.p.TestFile    Now processing file /home/runner/work/key/key/key.core/../key.ui/examples/heap/observer/ExampleSubject_value.key 
88991      INFO  main            d.u.i.k.p.i.AbstractProblemLoader Loading environment from /home/runner/work/key/key/key.core/../key.ui/examples/heap/observer/ExampleSubject_value.key 
88994      DEBUG main            d.u.i.k.p.i.AbstractProblemLoader Environment load took 2.99ms 
88995      INFO  main            d.u.i.k.p.i.AbstractProblemLoader Creating init config 
91568      DEBUG main            d.u.i.k.p.i.AbstractProblemLoader Init config took 2.57s 
91609      INFO  main            d.u.i.k.p.i.AbstractProblemLoader Replaying proof ExampleSubject[ExampleSubject::value()].JML normal_behavior operation contract.0 
91610      DEBUG main            d.u.i.k.p.i.IntermediateProofReplayer Proof replay took 6ns 
91712      INFO  main            d.u.i.k.p.r.p.TestFile    ... finished proof: closed. 
91930      INFO  main            d.u.i.k.p.i.AbstractProblemLoader Loading environment from /home/runner/work/key/key/key.core/../key.ui/examples/heap/observer/ExampleSubject_value.key.proof 
91930      DEBUG main            d.u.i.k.p.i.AbstractProblemLoader Environment load took 126.9ns 
91931      INFO  main            d.u.i.k.p.i.AbstractProblemLoader Creating init config 
94385      DEBUG main            d.u.i.k.p.i.AbstractProblemLoader Init config took 2.45s 
94437      INFO  main            d.u.i.k.p.i.AbstractProblemLoader Replaying proof ExampleSubject[ExampleSubject::value()].JML normal_behavior operation contract.0 
94449      DEBUG main            d.u.i.k.p.i.IntermediateProofReplayer Proof replay took 9.92ms 
94450      DEBUG main            d.u.i.k.p.r.p.TestFile    ... success: reloaded. 
1490287    INFO  Test worker     d.u.i.k.p.r.RunAllProofsTestUnit Returning from test observer 
1490289    INFO  Test worker     d.u.i.k.p.r.RunAllProofsTestUnit Running test removeDups 
315        INFO  Timeout watchdog d.u.i.k.p.r.p.ForkedTestFileRunner Timeout watcher launched (2000 secs.) 
332        WARN  main            d.u.i.k.s.ProofSettings   The settings in /home/runner/.key/proof-settings.props are *not* read. 
378        INFO  main            d.u.i.k.p.r.p.TestFile    Now processing file /home/runner/work/key/key/key.core/../key.ui/examples/heap/removeDups/arrayPart.key 
510        INFO  main            d.u.i.k.p.i.AbstractProblemLoader Loading environment from /home/runner/work/key/key/key.core/../key.ui/examples/heap/removeDups/arrayPart.key 
526        DEBUG main            d.u.i.k.p.i.AbstractProblemLoader Environment load took 2.22ms 
760        INFO  main            d.u.i.k.p.i.AbstractProblemLoader Creating init config 
1734       DEBUG main            d.u.i.k.j.TypeConverter   No LDT found for Meta 
1734       DEBUG main            d.u.i.k.j.TypeConverter   No LDT found for Meta 
1737       DEBUG main            d.u.i.k.j.TypeConverter   No LDT found for Meta 
1737       DEBUG main            d.u.i.k.j.TypeConverter   No LDT found for Meta 
3397       DEBUG main            d.u.i.k.j.TypeConverter   No LDT found for JavaBigintExpression 
8478       DEBUG main            d.u.i.k.p.i.AbstractProblemLoader Init config took 7.72s 
8601       INFO  main            d.u.i.k.p.i.AbstractProblemLoader Replaying proof RemoveDup[RemoveDup::arrayPart([I,int)].JML normal_behavior operation contract.0 
8633       DEBUG main            d.u.i.k.p.i.IntermediateProofReplayer Proof replay took 33.9ns 
11434      INFO  main            d.u.i.k.p.r.p.TestFile    ... finished proof: closed. 
11585      INFO  main            d.u.i.k.p.i.AbstractProblemLoader Loading environment from /home/runner/work/key/key/key.core/../key.ui/examples/heap/removeDups/arrayPart.key.proof 
11585      DEBUG main            d.u.i.k.p.i.AbstractProblemLoader Environment load took 492.91ns 
11591      INFO  main            d.u.i.k.p.i.AbstractProblemLoader Creating init config 
14421      DEBUG main            d.u.i.k.p.i.AbstractProblemLoader Init config took 2.83s 
14483      INFO  main            d.u.i.k.p.i.AbstractProblemLoader Replaying proof RemoveDup[RemoveDup::arrayPart([I,int)].JML normal_behavior operation contract.0 
14850      DEBUG main            d.u.i.k.p.i.IntermediateProofReplayer Proof replay took 355.09ms 
14858      DEBUG main            d.u.i.k.p.r.p.TestFile    ... success: reloaded. 
14861      INFO  main            d.u.i.k.p.r.p.TestFile    Now processing file /home/runner/work/key/key/key.core/../key.ui/examples/heap/removeDups/contains.key 
14861      INFO  main            d.u.i.k.p.i.AbstractProblemLoader Loading environment from /home/runner/work/key/key/key.core/../key.ui/examples/heap/removeDups/contains.key 
14862      DEBUG main            d.u.i.k.p.i.AbstractProblemLoader Environment load took 262.1ns 
14863      INFO  main            d.u.i.k.p.i.AbstractProblemLoader Creating init config 
17669      DEBUG main            d.u.i.k.p.i.AbstractProblemLoader Init config took 2.81s 
17745      INFO  main            d.u.i.k.p.i.AbstractProblemLoader Replaying proof RemoveDup[RemoveDup::contains([I,int,int)].JML normal_behavior operation contract.0 
17747      DEBUG main            d.u.i.k.p.i.IntermediateProofReplayer Proof replay took 7.3ns 
18352      INFO  main            d.u.i.k.p.r.p.TestFile    ... finished proof: closed. 
18513      INFO  main            d.u.i.k.p.i.AbstractProblemLoader Loading environment from /home/runner/work/key/key/key.core/../key.ui/examples/heap/removeDups/contains.key.proof 
18516      DEBUG main            d.u.i.k.p.i.AbstractProblemLoader Environment load took 2.78ms 
18518      INFO  main            d.u.i.k.p.i.AbstractProblemLoader Creating init config 
21157      DEBUG main            d.u.i.k.p.i.AbstractProblemLoader Init config took 2.64s 
21228      INFO  main            d.u.i.k.p.i.AbstractProblemLoader Replaying proof RemoveDup[RemoveDup::contains([I,int,int)].JML normal_behavior operation contract.0 
21362      DEBUG main            d.u.i.k.p.i.IntermediateProofReplayer Proof replay took 127.74ms 
21363      DEBUG main            d.u.i.k.p.r.p.TestFile    ... success: reloaded. 
21366      INFO  main            d.u.i.k.p.r.p.TestFile    Now processing file /home/runner/work/key/key/key.core/../key.ui/examples/heap/removeDups/removeDup.key 
21367      INFO  main            d.u.i.k.p.i.AbstractProblemLoader Loading environment from /home/runner/work/key/key/key.core/../key.ui/examples/heap/removeDups/removeDup.key 
21367      DEBUG main            d.u.i.k.p.i.AbstractProblemLoader Environment load took 118.6ns 
21369      INFO  main            d.u.i.k.p.i.AbstractProblemLoader Creating init config 
24026      DEBUG main            d.u.i.k.p.i.AbstractProblemLoader Init config took 2.66s 
24087      INFO  main            d.u.i.k.p.i.AbstractProblemLoader Replaying proof RemoveDup[RemoveDup::removeDup([I)].JML normal_behavior operation contract.0 
24089      DEBUG main            d.u.i.k.p.i.IntermediateProofReplayer Proof replay took 6.8ns 
29417      DEBUG Thread-7        d.u.i.k.j.d.VariableSpecification Program match. Variables have different dimension (template #v0 = #vi;, source a#11[] = var;) 
51807      INFO  main            d.u.i.k.p.r.p.TestFile    ... finished proof: closed. 
52078      INFO  main            d.u.i.k.p.i.AbstractProblemLoader Loading environment from /home/runner/work/key/key/key.core/../key.ui/examples/heap/removeDups/removeDup.key.proof 
52078      DEBUG main            d.u.i.k.p.i.AbstractProblemLoader Environment load took 455.7ns 
52083      INFO  main            d.u.i.k.p.i.AbstractProblemLoader Creating init config 
54646      DEBUG main            d.u.i.k.p.i.AbstractProblemLoader Init config took 2.56s 
54693      INFO  main            d.u.i.k.p.i.AbstractProblemLoader Replaying proof RemoveDup[RemoveDup::removeDup([I)].JML normal_behavior operation contract.0 
56708      DEBUG main            d.u.i.k.p.i.IntermediateProofReplayer Proof replay took 1.94s 
56713      DEBUG main            d.u.i.k.p.r.p.TestFile    ... success: reloaded. 
56714      INFO  main            d.u.i.k.p.r.p.TestFile    Now processing file /home/runner/work/key/key/key.core/../key.ui/examples/heap/saddleback_search/Saddleback_search.key 
56715      INFO  main            d.u.i.k.p.i.AbstractProblemLoader Loading environment from /home/runner/work/key/key/key.core/../key.ui/examples/heap/saddleback_search/Saddleback_search.key 
56715      DEBUG main            d.u.i.k.p.i.AbstractProblemLoader Environment load took 221ns 
56716      INFO  main            d.u.i.k.p.i.AbstractProblemLoader Creating init config 
59369      DEBUG main            d.u.i.k.p.i.AbstractProblemLoader Init config took 2.65s 
59410      INFO  main            d.u.i.k.p.i.AbstractProblemLoader Replaying proof Saddleback[Saddleback::search([[I,int)].JML normal_behavior operation contract.0 
59419      DEBUG main            d.u.i.k.p.i.IntermediateProofReplayer Proof replay took 5.5ns 
144473     INFO  main            d.u.i.k.p.r.p.TestFile    ... finished proof: closed. 
144853     INFO  main            d.u.i.k.p.i.AbstractProblemLoader Loading environment from /home/runner/work/key/key/key.core/../key.ui/examples/heap/saddleback_search/Saddleback_search.key.proof 
144854     DEBUG main            d.u.i.k.p.i.AbstractProblemLoader Environment load took 477.51ns 
144864     INFO  main            d.u.i.k.p.i.AbstractProblemLoader Creating init config 
147321     DEBUG main            d.u.i.k.p.i.AbstractProblemLoader Init config took 2.46s 
147361     INFO  main            d.u.i.k.p.i.AbstractProblemLoader Replaying proof Saddleback[Saddleback::search([[I,int)].JML normal_behavior operation contract.0 
149995     DEBUG main            d.u.i.k.p.i.IntermediateProofReplayer Proof replay took 2.48s 
150005     DEBUG main            d.u.i.k.p.r.p.TestFile    ... success: reloaded. 
1640466    INFO  Test worker     d.u.i.k.p.r.RunAllProofsTestUnit Returning from test removeDups 
1640467    INFO  Test worker     d.u.i.k.p.r.RunAllProofsTestUnit Running test quicksort 
337        INFO  Timeout watchdog d.u.i.k.p.r.p.ForkedTestFileRunner Timeout watcher launched (2000 secs.) 
365        WARN  main            d.u.i.k.s.ProofSettings   The settings in /home/runner/.key/proof-settings.props are *not* read. 
416        INFO  main            d.u.i.k.p.r.p.TestFile    Now processing file /home/runner/work/key/key/key.core/../key.ui/examples/heap/quicksort/toplevel.key 
539        INFO  main            d.u.i.k.p.i.AbstractProblemLoader Loading environment from /home/runner/work/key/key/key.core/../key.ui/examples/heap/quicksort/toplevel.key 
556        DEBUG main            d.u.i.k.p.i.AbstractProblemLoader Environment load took 2.28ms 
783        INFO  main            d.u.i.k.p.i.AbstractProblemLoader Creating init config 
1662       DEBUG main            d.u.i.k.j.TypeConverter   No LDT found for Meta 
1663       DEBUG main            d.u.i.k.j.TypeConverter   No LDT found for Meta 
1665       DEBUG main            d.u.i.k.j.TypeConverter   No LDT found for Meta 
1665       DEBUG main            d.u.i.k.j.TypeConverter   No LDT found for Meta 
3077       DEBUG main            d.u.i.k.j.TypeConverter   No LDT found for JavaBigintExpression 
8095       DEBUG main            d.u.i.k.p.i.AbstractProblemLoader Init config took 7.31s 
8260       INFO  main            d.u.i.k.p.i.AbstractProblemLoader Replaying proof Quicksort[Quicksort::sort([I)].JML normal_behavior operation contract.0 
8296       DEBUG main            d.u.i.k.p.i.IntermediateProofReplayer Proof replay took 34.5ns 
9638       INFO  main            d.u.i.k.p.r.p.TestFile    ... finished proof: closed. 
9777       INFO  main            d.u.i.k.p.i.AbstractProblemLoader Loading environment from /home/runner/work/key/key/key.core/../key.ui/examples/heap/quicksort/toplevel.key.proof 
9780       DEBUG main            d.u.i.k.p.i.AbstractProblemLoader Environment load took 3.38ms 
9783       INFO  main            d.u.i.k.p.i.AbstractProblemLoader Creating init config 
12795      DEBUG main            d.u.i.k.p.i.AbstractProblemLoader Init config took 3.01s 
12880      INFO  main            d.u.i.k.p.i.AbstractProblemLoader Replaying proof Quicksort[Quicksort::sort([I)].JML normal_behavior operation contract.0 
13069      DEBUG main            d.u.i.k.p.i.IntermediateProofReplayer Proof replay took 181.45ms 
13077      DEBUG main            d.u.i.k.p.r.p.TestFile    ... success: reloaded. 
13083      INFO  main            d.u.i.k.p.r.p.TestFile    Now processing file /home/runner/work/key/key/key.core/../key.ui/examples/heap/quicksort/sort.key 
13083      INFO  main            d.u.i.k.p.i.AbstractProblemLoader Loading environment from /home/runner/work/key/key/key.core/../key.ui/examples/heap/quicksort/sort.key 
13084      DEBUG main            d.u.i.k.p.i.AbstractProblemLoader Environment load took 146.3ns 
13087      INFO  main            d.u.i.k.p.i.AbstractProblemLoader Creating init config 
16002      DEBUG main            d.u.i.k.p.i.AbstractProblemLoader Init config took 2.91s 
16063      INFO  main            d.u.i.k.p.i.AbstractProblemLoader Replaying proof Quicksort[Quicksort::sort([I,int,int)].JML normal_behavior operation contract.0 
16067      DEBUG main            d.u.i.k.p.i.IntermediateProofReplayer Proof replay took 5.8ns 
16096      DEBUG main            d.u.i.k.m.s.ProofScriptEngine 1: 'script 'sort.script'' 
16099      INFO  main            d.u.i.k.m.s.ProofScriptCommand Included script /home/runner/work/key/key/key.core/../key.ui/examples/heap/quicksort/sort.script 
16100      DEBUG main            d.u.i.k.m.s.ProofScriptEngine 1: 'macro autopilot-prep' 
17247      DEBUG main            d.u.i.k.m.s.ProofScriptEngine 2: 'select formula="{heapAtPre:=heap || exc:=null || heap:=heapAfter_sort_0}
   seq ...' 
17251      DEBUG main            d.u.i.k.m.s.ProofScriptEngine 3: 'macro simp-upd' 
17260      DEBUG main            d.u.i.k.m.s.ProofScriptEngine 4: 'let   @seqPre="seqDef{int u;}(0, array.length, array[u])"
    @seqSplit="seqDef ...' 
17262      DEBUG main            d.u.i.k.m.s.ProofScriptEngine 5: 'rule seqPermSym 
  formula="seqPerm(@seqSplit, @seqPre)"' 
17278      DEBUG main            d.u.i.k.m.s.ProofScriptEngine 6: 'rule seqPermSym
  formula="seqPerm(@seqSort, @seqSplit)"' 
17279      DEBUG main            d.u.i.k.m.s.ProofScriptEngine 7: 'rule seqPermSym
  formula="seqPerm(@seqSort0, @seqSort)"' 
17281      DEBUG main            d.u.i.k.m.s.ProofScriptEngine 8: 'rule seqPermTrans
  formula="seqPerm(@seqPre, @seqSplit)"' 
17282      DEBUG main            d.u.i.k.m.s.ProofScriptEngine 9: 'rule seqPermTrans
  formula="seqPerm(@seqPre, @seqSort)"' 
17291      DEBUG main            d.u.i.k.m.s.ProofScriptEngine 10: 'rule seqPermSym
  formula="seqPerm(@seqPre, @seqSort0)"' 
17301      DEBUG main            d.u.i.k.m.s.ProofScriptEngine 11: 'tryclose' 
44472      INFO  main            d.u.i.k.p.r.p.TestFile    ... finished proof: closed. 
44738      INFO  main            d.u.i.k.p.i.AbstractProblemLoader Loading environment from /home/runner/work/key/key/key.core/../key.ui/examples/heap/quicksort/sort.key.proof 
44739      DEBUG main            d.u.i.k.p.i.AbstractProblemLoader Environment load took 512.71ns 
44746      INFO  main            d.u.i.k.p.i.AbstractProblemLoader Creating init config 
47518      DEBUG main            d.u.i.k.p.i.AbstractProblemLoader Init config took 2.77s 
47568      INFO  main            d.u.i.k.p.i.AbstractProblemLoader Replaying proof Quicksort[Quicksort::sort([I,int,int)].JML normal_behavior operation contract.0 
49956      DEBUG main            d.u.i.k.p.i.IntermediateProofReplayer Proof replay took 2.26s 
49962      DEBUG main            d.u.i.k.p.r.p.TestFile    ... success: reloaded. 
49981      INFO  main            d.u.i.k.p.r.p.TestFile    Now processing file /home/runner/work/key/key/key.core/../key.ui/examples/heap/quicksort/split.key 
49981      INFO  main            d.u.i.k.p.i.AbstractProblemLoader Loading environment from /home/runner/work/key/key/key.core/../key.ui/examples/heap/quicksort/split.key 
49982      DEBUG main            d.u.i.k.p.i.AbstractProblemLoader Environment load took 308.8ns 
49983      INFO  main            d.u.i.k.p.i.AbstractProblemLoader Creating init config 
52837      DEBUG main            d.u.i.k.p.i.AbstractProblemLoader Init config took 2.85s 
52884      INFO  main            d.u.i.k.p.i.AbstractProblemLoader Replaying proof Quicksort[Quicksort::split([I,int,int)].JML normal_behavior operation contract.0 
52888      DEBUG main            d.u.i.k.p.i.IntermediateProofReplayer Proof replay took 5.4ns 
52888      DEBUG main            d.u.i.k.m.s.ProofScriptEngine 1: 'macro autopilot-prep' 
54185      DEBUG main            d.u.i.k.m.s.ProofScriptEngine 2: 'tryclose' 
93102      DEBUG main            d.u.i.k.m.s.ProofScriptEngine 3: 'macro simp-upd' 
93214      DEBUG main            d.u.i.k.m.s.ProofScriptEngine 4: 'rule seqPermFromSwap' 
93237      DEBUG main            d.u.i.k.m.s.ProofScriptEngine 5: 'rule andRight' 
93241      DEBUG main            d.u.i.k.m.s.ProofScriptEngine 6: 'auto' 
93270      DEBUG main            d.u.i.k.m.s.ProofScriptEngine 7: 'instantiate hide var=iv with=i_0' 
93276      DEBUG main            d.u.i.k.m.s.ProofScriptEngine 8: 'instantiate hide var=jv with=j_0' 
93278      DEBUG main            d.u.i.k.m.s.ProofScriptEngine 9: 'auto' 
100062     DEBUG main            d.u.i.k.m.s.ProofScriptEngine 10: 'macro simp-upd' 
100140     DEBUG main            d.u.i.k.m.s.ProofScriptEngine 11: 'rule seqPermFromSwap' 
100144     DEBUG main            d.u.i.k.m.s.ProofScriptEngine 12: 'rule andRight' 
100146     DEBUG main            d.u.i.k.m.s.ProofScriptEngine 13: 'auto' 
100163     DEBUG main            d.u.i.k.m.s.ProofScriptEngine 14: 'instantiate hide var=iv with=i_0' 
100166     DEBUG main            d.u.i.k.m.s.ProofScriptEngine 15: 'instantiate hide var=jv with=to' 
100168     DEBUG main            d.u.i.k.m.s.ProofScriptEngine 16: 'auto' 
105382     INFO  main            d.u.i.k.p.r.p.TestFile    ... finished proof: closed. 
105895     INFO  main            d.u.i.k.p.i.AbstractProblemLoader Loading environment from /home/runner/work/key/key/key.core/../key.ui/examples/heap/quicksort/split.key.proof 
105895     DEBUG main            d.u.i.k.p.i.AbstractProblemLoader Environment load took 234.4ns 
105906     INFO  main            d.u.i.k.p.i.AbstractProblemLoader Creating init config 
108479     DEBUG main            d.u.i.k.p.i.AbstractProblemLoader Init config took 2.57s 
108537     INFO  main            d.u.i.k.p.i.AbstractProblemLoader Replaying proof Quicksort[Quicksort::split([I,int,int)].JML normal_behavior operation contract.0 
112499     DEBUG main            d.u.i.k.p.i.IntermediateProofReplayer Proof replay took 3.67s 
112517     DEBUG main            d.u.i.k.p.r.p.TestFile    ... success: reloaded. 
1753161    INFO  Test worker     d.u.i.k.p.r.RunAllProofsTestUnit Returning from test quicksort 
1753163    INFO  Test worker     d.u.i.k.p.r.RunAllProofsTestUnit Running test simpleTests 
407        INFO  Timeout watchdog d.u.i.k.p.r.p.ForkedTestFileRunner Timeout watcher launched (2000 secs.) 
428        WARN  main            d.u.i.k.s.ProofSettings   The settings in /home/runner/.key/proof-settings.props are *not* read. 
458        INFO  main            d.u.i.k.p.r.p.TestFile    Now processing file /home/runner/work/key/key/key.core/../key.ui/examples/heap/simple/anonymise_datagroup.key 
572        INFO  main            d.u.i.k.p.i.AbstractProblemLoader Loading environment from /home/runner/work/key/key/key.core/../key.ui/examples/heap/simple/anonymise_datagroup.key 
588        DEBUG main            d.u.i.k.p.i.AbstractProblemLoader Environment load took 1.95ms 
838        INFO  main            d.u.i.k.p.i.AbstractProblemLoader Creating init config 
1809       DEBUG main            d.u.i.k.j.TypeConverter   No LDT found for Meta 
1810       DEBUG main            d.u.i.k.j.TypeConverter   No LDT found for Meta 
1814       DEBUG main            d.u.i.k.j.TypeConverter   No LDT found for Meta 
1814       DEBUG main            d.u.i.k.j.TypeConverter   No LDT found for Meta 
3305       DEBUG main            d.u.i.k.j.TypeConverter   No LDT found for JavaBigintExpression 
7800       DEBUG main            d.u.i.k.p.i.AbstractProblemLoader Init config took 6.96s 
7863       INFO  main            d.u.i.k.p.i.AbstractProblemLoader Replaying proof anonymise_datagroup.key 
7896       DEBUG main            d.u.i.k.p.i.IntermediateProofReplayer Proof replay took 36ns 
8158       INFO  main            d.u.i.k.p.r.p.TestFile    ... finished proof: closed. 
8257       INFO  main            d.u.i.k.p.i.AbstractProblemLoader Loading environment from /home/runner/work/key/key/key.core/../key.ui/examples/heap/simple/anonymise_datagroup.key.proof 
8258       DEBUG main            d.u.i.k.p.i.AbstractProblemLoader Environment load took 516.01ns 
8262       INFO  main            d.u.i.k.p.i.AbstractProblemLoader Creating init config 
11009      DEBUG main            d.u.i.k.p.i.AbstractProblemLoader Init config took 2.75s 
11046      INFO  main            d.u.i.k.p.i.AbstractProblemLoader Replaying proof anonymise_datagroup.key.proof 
11078      DEBUG main            d.u.i.k.p.i.IntermediateProofReplayer Proof replay took 24.51ms 
11093      DEBUG main            d.u.i.k.p.r.p.TestFile    ... success: reloaded. 
11095      INFO  main            d.u.i.k.p.r.p.TestFile    Now processing file /home/runner/work/key/key/key.core/../key.ui/examples/heap/simple/array_creation.key 
11095      INFO  main            d.u.i.k.p.i.AbstractProblemLoader Loading environment from /home/runner/work/key/key/key.core/../key.ui/examples/heap/simple/array_creation.key 
11095      DEBUG main            d.u.i.k.p.i.AbstractProblemLoader Environment load took 142.8ns 
11099      INFO  main            d.u.i.k.p.i.AbstractProblemLoader Creating init config 
13727      DEBUG main            d.u.i.k.p.i.AbstractProblemLoader Init config took 2.63s 
13771      INFO  main            d.u.i.k.p.i.AbstractProblemLoader Replaying proof array_creation.key 
13775      DEBUG main            d.u.i.k.p.i.IntermediateProofReplayer Proof replay took 6.2ns 
14485      INFO  main            d.u.i.k.p.r.p.TestFile    ... finished proof: closed. 
14627      INFO  main            d.u.i.k.p.i.AbstractProblemLoader Loading environment from /home/runner/work/key/key/key.core/../key.ui/examples/heap/simple/array_creation.key.proof 
14629      DEBUG main            d.u.i.k.p.i.AbstractProblemLoader Environment load took 2.33ms 
14631      INFO  main            d.u.i.k.p.i.AbstractProblemLoader Creating init config 
17174      DEBUG main            d.u.i.k.p.i.AbstractProblemLoader Init config took 2.54s 
17228      INFO  main            d.u.i.k.p.i.AbstractProblemLoader Replaying proof array_creation.key.proof 
17381      DEBUG main            d.u.i.k.p.i.IntermediateProofReplayer Proof replay took 143.25ms 
17382      DEBUG main            d.u.i.k.p.r.p.TestFile    ... success: reloaded. 
17384      INFO  main            d.u.i.k.p.r.p.TestFile    Now processing file /home/runner/work/key/key/key.core/../key.ui/examples/heap/simple/arrays_with_disjoint_sorts.key 
17384      INFO  main            d.u.i.k.p.i.AbstractProblemLoader Loading environment from /home/runner/work/key/key/key.core/../key.ui/examples/heap/simple/arrays_with_disjoint_sorts.key 
17385      DEBUG main            d.u.i.k.p.i.AbstractProblemLoader Environment load took 120.9ns 
17387      INFO  main            d.u.i.k.p.i.AbstractProblemLoader Creating init config 
19980      DEBUG main            d.u.i.k.p.i.AbstractProblemLoader Init config took 2.59s 
20003      INFO  main            d.u.i.k.p.i.AbstractProblemLoader Replaying proof arrays_with_disjoint_sorts.key 
20005      DEBUG main            d.u.i.k.p.i.IntermediateProofReplayer Proof replay took 5.9ns 
20211      INFO  main            d.u.i.k.p.r.p.TestFile    ... finished proof: closed. 
20362      INFO  main            d.u.i.k.p.i.AbstractProblemLoader Loading environment from /home/runner/work/key/key/key.core/../key.ui/examples/heap/simple/arrays_with_disjoint_sorts.key.proof 
20362      DEBUG main            d.u.i.k.p.i.AbstractProblemLoader Environment load took 453ns 
20364      INFO  main            d.u.i.k.p.i.AbstractProblemLoader Creating init config 
22843      DEBUG main            d.u.i.k.p.i.AbstractProblemLoader Init config took 2.48s 
22867      INFO  main            d.u.i.k.p.i.AbstractProblemLoader Replaying proof arrays_with_disjoint_sorts.key.proof 
22891      DEBUG main            d.u.i.k.p.i.IntermediateProofReplayer Proof replay took 20.4ms 
22893      DEBUG main            d.u.i.k.p.r.p.TestFile    ... success: reloaded. 
22894      INFO  main            d.u.i.k.p.r.p.TestFile    Now processing file /home/runner/work/key/key/key.core/../key.ui/examples/heap/simple/arrays.key 
22894      INFO  main            d.u.i.k.p.i.AbstractProblemLoader Loading environment from /home/runner/work/key/key/key.core/../key.ui/examples/heap/simple/arrays.key 
22894      DEBUG main            d.u.i.k.p.i.AbstractProblemLoader Environment load took 215.8ns 
22896      INFO  main            d.u.i.k.p.i.AbstractProblemLoader Creating init config 
25396      DEBUG main            d.u.i.k.p.i.AbstractProblemLoader Init config took 2.5s 
25418      INFO  main            d.u.i.k.p.i.AbstractProblemLoader Replaying proof arrays.key 
25421      DEBUG main            d.u.i.k.p.i.IntermediateProofReplayer Proof replay took 6.6ns 
25524      INFO  main            d.u.i.k.p.r.p.TestFile    ... finished proof: closed. 
25683      INFO  main            d.u.i.k.p.i.AbstractProblemLoader Loading environment from /home/runner/work/key/key/key.core/../key.ui/examples/heap/simple/arrays.key.proof 
25685      DEBUG main            d.u.i.k.p.i.AbstractProblemLoader Environment load took 1.72ms 
25686      INFO  main            d.u.i.k.p.i.AbstractProblemLoader Creating init config 
28124      DEBUG main            d.u.i.k.p.i.AbstractProblemLoader Init config took 2.44s 
28146      INFO  main            d.u.i.k.p.i.AbstractProblemLoader Replaying proof arrays.key.proof 
28167      DEBUG main            d.u.i.k.p.i.IntermediateProofReplayer Proof replay took 17.77ms 
28170      DEBUG main            d.u.i.k.p.r.p.TestFile    ... success: reloaded. 
28172      INFO  main            d.u.i.k.p.r.p.TestFile    Now processing file /home/runner/work/key/key/key.core/../key.ui/examples/heap/simple/attributes.key 
28173      INFO  main            d.u.i.k.p.i.AbstractProblemLoader Loading environment from /home/runner/work/key/key/key.core/../key.ui/examples/heap/simple/attributes.key 
28173      DEBUG main            d.u.i.k.p.i.AbstractProblemLoader Environment load took 251.1ns 
28174      INFO  main            d.u.i.k.p.i.AbstractProblemLoader Creating init config 
30595      DEBUG main            d.u.i.k.p.i.AbstractProblemLoader Init config took 2.42s 
30616      INFO  main            d.u.i.k.p.i.AbstractProblemLoader Replaying proof attributes.key 
30618      DEBUG main            d.u.i.k.p.i.IntermediateProofReplayer Proof replay took 7.1ns 
30722      INFO  main            d.u.i.k.p.r.p.TestFile    ... finished proof: closed. 
30873      INFO  main            d.u.i.k.p.i.AbstractProblemLoader Loading environment from /home/runner/work/key/key/key.core/../key.ui/examples/heap/simple/attributes.key.proof 
30873      DEBUG main            d.u.i.k.p.i.AbstractProblemLoader Environment load took 125.7ns 
30874      INFO  main            d.u.i.k.p.i.AbstractProblemLoader Creating init config 
33300      DEBUG main            d.u.i.k.p.i.AbstractProblemLoader Init config took 2.43s 
33321      INFO  main            d.u.i.k.p.i.AbstractProblemLoader Replaying proof attributes.key.proof 
33325      DEBUG main            d.u.i.k.p.i.IntermediateProofReplayer Proof replay took 1.84ms 
33326      DEBUG main            d.u.i.k.p.r.p.TestFile    ... success: reloaded. 
33327      INFO  main            d.u.i.k.p.r.p.TestFile    Now processing file /home/runner/work/key/key/key.core/../key.ui/examples/heap/simple/constructor_contracts.key 
33327      INFO  main            d.u.i.k.p.i.AbstractProblemLoader Loading environment from /home/runner/work/key/key/key.core/../key.ui/examples/heap/simple/constructor_contracts.key 
33328      DEBUG main            d.u.i.k.p.i.AbstractProblemLoader Environment load took 230.3ns 
33330      INFO  main            d.u.i.k.p.i.AbstractProblemLoader Creating init config 
36193      DEBUG main            d.u.i.k.p.i.AbstractProblemLoader Init config took 2.86s 
36214      INFO  main            d.u.i.k.p.i.AbstractProblemLoader Replaying proof constructor_contracts.key 
36216      DEBUG main            d.u.i.k.p.i.IntermediateProofReplayer Proof replay took 6.6ns 
36928      INFO  main            d.u.i.k.p.r.p.TestFile    ... finished proof: closed. 
37113      INFO  main            d.u.i.k.p.i.AbstractProblemLoader Loading environment from /home/runner/work/key/key/key.core/../key.ui/examples/heap/simple/constructor_contracts.key.proof 
37115      DEBUG main            d.u.i.k.p.i.AbstractProblemLoader Environment load took 2.49ms 
37117      INFO  main            d.u.i.k.p.i.AbstractProblemLoader Creating init config 
39853      DEBUG main            d.u.i.k.p.i.AbstractProblemLoader Init config took 2.74s 
39874      INFO  main            d.u.i.k.p.i.AbstractProblemLoader Replaying proof constructor_contracts.key.proof 
40011      DEBUG main            d.u.i.k.p.i.IntermediateProofReplayer Proof replay took 131.95ms 
40013      DEBUG main            d.u.i.k.p.r.p.TestFile    ... success: reloaded. 
40015      INFO  main            d.u.i.k.p.r.p.TestFile    Now processing file /home/runner/work/key/key/key.core/../key.ui/examples/heap/simple/dependencies.key 
40016      INFO  main            d.u.i.k.p.i.AbstractProblemLoader Loading environment from /home/runner/work/key/key/key.core/../key.ui/examples/heap/simple/dependencies.key 
40016      DEBUG main            d.u.i.k.p.i.AbstractProblemLoader Environment load took 222.5ns 
40017      INFO  main            d.u.i.k.p.i.AbstractProblemLoader Creating init config 
42505      DEBUG main            d.u.i.k.p.i.AbstractProblemLoader Init config took 2.49s 
42524      INFO  main            d.u.i.k.p.i.AbstractProblemLoader Replaying proof dependencies.key 
42526      DEBUG main            d.u.i.k.p.i.IntermediateProofReplayer Proof replay took 7.6ns 
42628      INFO  main            d.u.i.k.p.r.p.TestFile    ... finished proof: closed. 
42810      INFO  main            d.u.i.k.p.i.AbstractProblemLoader Loading environment from /home/runner/work/key/key/key.core/../key.ui/examples/heap/simple/dependencies.key.proof 
42811      DEBUG main            d.u.i.k.p.i.AbstractProblemLoader Environment load took 130.3ns 
42815      INFO  main            d.u.i.k.p.i.AbstractProblemLoader Creating init config 
45246      DEBUG main            d.u.i.k.p.i.AbstractProblemLoader Init config took 2.43s 
45265      INFO  main            d.u.i.k.p.i.AbstractProblemLoader Replaying proof dependencies.key.proof 
45277      DEBUG main            d.u.i.k.p.i.IntermediateProofReplayer Proof replay took 8.16ms 
45278      DEBUG main            d.u.i.k.p.r.p.TestFile    ... success: reloaded. 
45279      INFO  main            d.u.i.k.p.r.p.TestFile    Now processing file /home/runner/work/key/key/key.core/../key.ui/examples/heap/simple/dependency_contracts.key 
45279      INFO  main            d.u.i.k.p.i.AbstractProblemLoader Loading environment from /home/runner/work/key/key/key.core/../key.ui/examples/heap/simple/dependency_contracts.key 
45279      DEBUG main            d.u.i.k.p.i.AbstractProblemLoader Environment load took 210.8ns 
45281      INFO  main            d.u.i.k.p.i.AbstractProblemLoader Creating init config 
48001      DEBUG main            d.u.i.k.p.i.AbstractProblemLoader Init config took 2.72s 
48021      INFO  main            d.u.i.k.p.i.AbstractProblemLoader Replaying proof dependency_contracts.key 
48023      DEBUG main            d.u.i.k.p.i.IntermediateProofReplayer Proof replay took 7.2ns 
49433      INFO  main            d.u.i.k.p.r.p.TestFile    ... finished proof: closed. 
49662      INFO  main            d.u.i.k.p.i.AbstractProblemLoader Loading environment from /home/runner/work/key/key/key.core/../key.ui/examples/heap/simple/dependency_contracts.key.proof 
49662      DEBUG main            d.u.i.k.p.i.AbstractProblemLoader Environment load took 461.61ns 
49665      INFO  main            d.u.i.k.p.i.AbstractProblemLoader Creating init config 
52332      DEBUG main            d.u.i.k.p.i.AbstractProblemLoader Init config took 2.67s 
52354      INFO  main            d.u.i.k.p.i.AbstractProblemLoader Replaying proof dependency_contracts.key.proof 
52574      DEBUG main            d.u.i.k.p.i.IntermediateProofReplayer Proof replay took 208.69ms 
52577      DEBUG main            d.u.i.k.p.r.p.TestFile    ... success: reloaded. 
52578      INFO  main            d.u.i.k.p.r.p.TestFile    Now processing file /home/runner/work/key/key/key.core/../key.ui/examples/heap/simple/invariant_preservation.key 
52580      INFO  main            d.u.i.k.p.i.AbstractProblemLoader Loading environment from /home/runner/work/key/key/key.core/../key.ui/examples/heap/simple/invariant_preservation.key 
52581      DEBUG main            d.u.i.k.p.i.AbstractProblemLoader Environment load took 263.9ns 
52583      INFO  main            d.u.i.k.p.i.AbstractProblemLoader Creating init config 
55230      DEBUG main            d.u.i.k.p.i.AbstractProblemLoader Init config took 2.65s 
55248      INFO  main            d.u.i.k.p.i.AbstractProblemLoader Replaying proof invariant_preservation.key 
55250      DEBUG main            d.u.i.k.p.i.IntermediateProofReplayer Proof replay took 7.2ns 
55453      INFO  main            d.u.i.k.p.r.p.TestFile    ... finished proof: closed. 
55662      INFO  main            d.u.i.k.p.i.AbstractProblemLoader Loading environment from /home/runner/work/key/key/key.core/../key.ui/examples/heap/simple/invariant_preservation.key.proof 
55662      DEBUG main            d.u.i.k.p.i.AbstractProblemLoader Environment load took 125.4ns 
55664      INFO  main            d.u.i.k.p.i.AbstractProblemLoader Creating init config 
58267      DEBUG main            d.u.i.k.p.i.AbstractProblemLoader Init config took 2.6s 
58286      INFO  main            d.u.i.k.p.i.AbstractProblemLoader Replaying proof invariant_preservation.key.proof 
58316      DEBUG main            d.u.i.k.p.i.IntermediateProofReplayer Proof replay took 27.53ms 
58318      DEBUG main            d.u.i.k.p.r.p.TestFile    ... success: reloaded. 
58319      INFO  main            d.u.i.k.p.r.p.TestFile    Now processing file /home/runner/work/key/key/key.core/../key.ui/examples/heap/simple/locsets.key 
58320      INFO  main            d.u.i.k.p.i.AbstractProblemLoader Loading environment from /home/runner/work/key/key/key.core/../key.ui/examples/heap/simple/locsets.key 
58320      DEBUG main            d.u.i.k.p.i.AbstractProblemLoader Environment load took 216.5ns 
58321      INFO  main            d.u.i.k.p.i.AbstractProblemLoader Creating init config 
60722      DEBUG main            d.u.i.k.p.i.AbstractProblemLoader Init config took 2.4s 
60739      INFO  main            d.u.i.k.p.i.AbstractProblemLoader Replaying proof locsets.key 
60740      DEBUG main            d.u.i.k.p.i.IntermediateProofReplayer Proof replay took 7.5ns 
60842      INFO  main            d.u.i.k.p.r.p.TestFile    ... finished proof: closed. 
61026      INFO  main            d.u.i.k.p.i.AbstractProblemLoader Loading environment from /home/runner/work/key/key/key.core/../key.ui/examples/heap/simple/locsets.key.proof 
61026      DEBUG main            d.u.i.k.p.i.AbstractProblemLoader Environment load took 122.8ns 
61027      INFO  main            d.u.i.k.p.i.AbstractProblemLoader Creating init config 
63392      DEBUG main            d.u.i.k.p.i.AbstractProblemLoader Init config took 2.37s 
63420      INFO  main            d.u.i.k.p.i.AbstractProblemLoader Replaying proof locsets.key.proof 
63427      DEBUG main            d.u.i.k.p.i.IntermediateProofReplayer Proof replay took 4.09ms 
63428      DEBUG main            d.u.i.k.p.r.p.TestFile    ... success: reloaded. 
63429      INFO  main            d.u.i.k.p.r.p.TestFile    Now processing file /home/runner/work/key/key/key.core/../key.ui/examples/heap/simple/loop1.key 
63429      INFO  main            d.u.i.k.p.i.AbstractProblemLoader Loading environment from /home/runner/work/key/key/key.core/../key.ui/examples/heap/simple/loop1.key 
63430      DEBUG main            d.u.i.k.p.i.AbstractProblemLoader Environment load took 246.4ns 
63432      INFO  main            d.u.i.k.p.i.AbstractProblemLoader Creating init config 
66105      DEBUG main            d.u.i.k.p.i.AbstractProblemLoader Init config took 2.67s 
66122      INFO  main            d.u.i.k.p.i.AbstractProblemLoader Replaying proof loop1.key 
66123      DEBUG main            d.u.i.k.p.i.IntermediateProofReplayer Proof replay took 7.3ns 
66326      INFO  main            d.u.i.k.p.r.p.TestFile    ... finished proof: closed. 
66515      INFO  main            d.u.i.k.p.i.AbstractProblemLoader Loading environment from /home/runner/work/key/key/key.core/../key.ui/examples/heap/simple/loop1.key.proof 
66516      DEBUG main            d.u.i.k.p.i.AbstractProblemLoader Environment load took 122ns 
66517      INFO  main            d.u.i.k.p.i.AbstractProblemLoader Creating init config 
69130      DEBUG main            d.u.i.k.p.i.AbstractProblemLoader Init config took 2.61s 
69147      INFO  main            d.u.i.k.p.i.AbstractProblemLoader Replaying proof loop1.key.proof 
69215      DEBUG main            d.u.i.k.p.i.IntermediateProofReplayer Proof replay took 65.47ms 
69218      DEBUG main            d.u.i.k.p.r.p.TestFile    ... success: reloaded. 
69219      INFO  main            d.u.i.k.p.r.p.TestFile    Now processing file /home/runner/work/key/key/key.core/../key.ui/examples/heap/simple/loop2.key 
69220      INFO  main            d.u.i.k.p.i.AbstractProblemLoader Loading environment from /home/runner/work/key/key/key.core/../key.ui/examples/heap/simple/loop2.key 
69220      DEBUG main            d.u.i.k.p.i.AbstractProblemLoader Environment load took 269.1ns 
69221      INFO  main            d.u.i.k.p.i.AbstractProblemLoader Creating init config 
71891      DEBUG main            d.u.i.k.p.i.AbstractProblemLoader Init config took 2.67s 
71908      INFO  main            d.u.i.k.p.i.AbstractProblemLoader Replaying proof loop2.key 
71910      DEBUG main            d.u.i.k.p.i.IntermediateProofReplayer Proof replay took 8.5ns 
72617      INFO  main            d.u.i.k.p.r.p.TestFile    ... finished proof: closed. 
72839      INFO  main            d.u.i.k.p.i.AbstractProblemLoader Loading environment from /home/runner/work/key/key/key.core/../key.ui/examples/heap/simple/loop2.key.proof 
72840      DEBUG main            d.u.i.k.p.i.AbstractProblemLoader Environment load took 743.21ns 
72841      INFO  main            d.u.i.k.p.i.AbstractProblemLoader Creating init config 
75472      DEBUG main            d.u.i.k.p.i.AbstractProblemLoader Init config took 2.63s 
75490      INFO  main            d.u.i.k.p.i.AbstractProblemLoader Replaying proof loop2.key.proof 
75620      DEBUG main            d.u.i.k.p.i.IntermediateProofReplayer Proof replay took 124.47ms 
75621      DEBUG main            d.u.i.k.p.r.p.TestFile    ... success: reloaded. 
75623      INFO  main            d.u.i.k.p.r.p.TestFile    Now processing file /home/runner/work/key/key/key.core/../key.ui/examples/heap/simple/modifies_datagroup.key 
75623      INFO  main            d.u.i.k.p.i.AbstractProblemLoader Loading environment from /home/runner/work/key/key/key.core/../key.ui/examples/heap/simple/modifies_datagroup.key 
75624      DEBUG main            d.u.i.k.p.i.AbstractProblemLoader Environment load took 221ns 
75625      INFO  main            d.u.i.k.p.i.AbstractProblemLoader Creating init config 
78011      DEBUG main            d.u.i.k.p.i.AbstractProblemLoader Init config took 2.39s 
78026      INFO  main            d.u.i.k.p.i.AbstractProblemLoader Replaying proof modifies_datagroup.key 
78027      DEBUG main            d.u.i.k.p.i.IntermediateProofReplayer Proof replay took 7.3ns 
78129      INFO  main            d.u.i.k.p.r.p.TestFile    ... finished proof: closed. 
78342      INFO  main            d.u.i.k.p.i.AbstractProblemLoader Loading environment from /home/runner/work/key/key/key.core/../key.ui/examples/heap/simple/modifies_datagroup.key.proof 
78343      DEBUG main            d.u.i.k.p.i.AbstractProblemLoader Environment load took 124.1ns 
78344      INFO  main            d.u.i.k.p.i.AbstractProblemLoader Creating init config 
80723      DEBUG main            d.u.i.k.p.i.AbstractProblemLoader Init config took 2.38s 
80739      INFO  main            d.u.i.k.p.i.AbstractProblemLoader Replaying proof modifies_datagroup.key.proof 
80748      DEBUG main            d.u.i.k.p.i.IntermediateProofReplayer Proof replay took 6.46ms 
80749      DEBUG main            d.u.i.k.p.r.p.TestFile    ... success: reloaded. 
80750      INFO  main            d.u.i.k.p.r.p.TestFile    Now processing file /home/runner/work/key/key/key.core/../key.ui/examples/heap/simple/modifies.key 
80750      INFO  main            d.u.i.k.p.i.AbstractProblemLoader Loading environment from /home/runner/work/key/key/key.core/../key.ui/examples/heap/simple/modifies.key 
80750      DEBUG main            d.u.i.k.p.i.AbstractProblemLoader Environment load took 111.7ns 
80752      INFO  main            d.u.i.k.p.i.AbstractProblemLoader Creating init config 
83189      DEBUG main            d.u.i.k.p.i.AbstractProblemLoader Init config took 2.44s 
83204      INFO  main            d.u.i.k.p.i.AbstractProblemLoader Replaying proof modifies.key 
83206      DEBUG main            d.u.i.k.p.i.IntermediateProofReplayer Proof replay took 7.1ns 
83309      INFO  main            d.u.i.k.p.r.p.TestFile    ... finished proof: closed. 
83517      INFO  main            d.u.i.k.p.i.AbstractProblemLoader Loading environment from /home/runner/work/key/key/key.core/../key.ui/examples/heap/simple/modifies.key.proof 
83517      DEBUG main            d.u.i.k.p.i.AbstractProblemLoader Environment load took 129ns 
83520      INFO  main            d.u.i.k.p.i.AbstractProblemLoader Creating init config 
85901      DEBUG main            d.u.i.k.p.i.AbstractProblemLoader Init config took 2.38s 
85916      INFO  main            d.u.i.k.p.i.AbstractProblemLoader Replaying proof modifies.key.proof 
85934      DEBUG main            d.u.i.k.p.i.IntermediateProofReplayer Proof replay took 16.71ms 
85935      DEBUG main            d.u.i.k.p.r.p.TestFile    ... success: reloaded. 
85936      INFO  main            d.u.i.k.p.r.p.TestFile    Now processing file /home/runner/work/key/key/key.core/../key.ui/examples/heap/simple/object_creation.key 
85937      INFO  main            d.u.i.k.p.i.AbstractProblemLoader Loading environment from /home/runner/work/key/key/key.core/../key.ui/examples/heap/simple/object_creation.key 
85937      DEBUG main            d.u.i.k.p.i.AbstractProblemLoader Environment load took 97.5ns 
85938      INFO  main            d.u.i.k.p.i.AbstractProblemLoader Creating init config 
88363      DEBUG main            d.u.i.k.p.i.AbstractProblemLoader Init config took 2.43s 
88379      INFO  main            d.u.i.k.p.i.AbstractProblemLoader Replaying proof object_creation.key 
88380      DEBUG main            d.u.i.k.p.i.IntermediateProofReplayer Proof replay took 7.5ns 
88684      INFO  main            d.u.i.k.p.r.p.TestFile    ... finished proof: closed. 
88914      INFO  main            d.u.i.k.p.i.AbstractProblemLoader Loading environment from /home/runner/work/key/key/key.core/../key.ui/examples/heap/simple/object_creation.key.proof 
88914      DEBUG main            d.u.i.k.p.i.AbstractProblemLoader Environment load took 139.8ns 
88915      INFO  main            d.u.i.k.p.i.AbstractProblemLoader Creating init config 
91267      DEBUG main            d.u.i.k.p.i.AbstractProblemLoader Init config took 2.35s 
91283      INFO  main            d.u.i.k.p.i.AbstractProblemLoader Replaying proof object_creation.key.proof 
91333      DEBUG main            d.u.i.k.p.i.IntermediateProofReplayer Proof replay took 47.11ms 
91335      DEBUG main            d.u.i.k.p.r.p.TestFile    ... success: reloaded. 
91335      INFO  main            d.u.i.k.p.r.p.TestFile    Now processing file /home/runner/work/key/key/key.core/../key.ui/examples/heap/simple/operation_contracts.key 
91336      INFO  main            d.u.i.k.p.i.AbstractProblemLoader Loading environment from /home/runner/work/key/key/key.core/../key.ui/examples/heap/simple/operation_contracts.key 
91336      DEBUG main            d.u.i.k.p.i.AbstractProblemLoader Environment load took 212.2ns 
91338      INFO  main            d.u.i.k.p.i.AbstractProblemLoader Creating init config 
93996      DEBUG main            d.u.i.k.p.i.AbstractProblemLoader Init config took 2.66s 
94013      INFO  main            d.u.i.k.p.i.AbstractProblemLoader Replaying proof operation_contracts.key 
94014      DEBUG main            d.u.i.k.p.i.IntermediateProofReplayer Proof replay took 7.7ns 
94923      INFO  main            d.u.i.k.p.r.p.TestFile    ... finished proof: closed. 
95155      INFO  main            d.u.i.k.p.i.AbstractProblemLoader Loading environment from /home/runner/work/key/key/key.core/../key.ui/examples/heap/simple/operation_contracts.key.proof 
95156      DEBUG main            d.u.i.k.p.i.AbstractProblemLoader Environment load took 451.6ns 
95158      INFO  main            d.u.i.k.p.i.AbstractProblemLoader Creating init config 
97765      DEBUG main            d.u.i.k.p.i.AbstractProblemLoader Init config took 2.61s 
97781      INFO  main            d.u.i.k.p.i.AbstractProblemLoader Replaying proof operation_contracts.key.proof 
97918      DEBUG main            d.u.i.k.p.i.IntermediateProofReplayer Proof replay took 120.78ms 
97920      DEBUG main            d.u.i.k.p.r.p.TestFile    ... success: reloaded. 
97922      INFO  main            d.u.i.k.p.r.p.TestFile    Now processing file /home/runner/work/key/key/key.core/../key.ui/examples/heap/simple/select_store.key 
97922      INFO  main            d.u.i.k.p.i.AbstractProblemLoader Loading environment from /home/runner/work/key/key/key.core/../key.ui/examples/heap/simple/select_store.key 
97922      DEBUG main            d.u.i.k.p.i.AbstractProblemLoader Environment load took 223.3ns 
97924      INFO  main            d.u.i.k.p.i.AbstractProblemLoader Creating init config 
100399     DEBUG main            d.u.i.k.p.i.AbstractProblemLoader Init config took 2.48s 
100415     INFO  main            d.u.i.k.p.i.AbstractProblemLoader Replaying proof select_store.key 
100416     DEBUG main            d.u.i.k.p.i.IntermediateProofReplayer Proof replay took 8.1ns 
100518     INFO  main            d.u.i.k.p.r.p.TestFile    ... finished proof: closed. 
100764     INFO  main            d.u.i.k.p.i.AbstractProblemLoader Loading environment from /home/runner/work/key/key/key.core/../key.ui/examples/heap/simple/select_store.key.proof 
100765     DEBUG main            d.u.i.k.p.i.AbstractProblemLoader Environment load took 213.6ns 
100767     INFO  main            d.u.i.k.p.i.AbstractProblemLoader Creating init config 
103105     DEBUG main            d.u.i.k.p.i.AbstractProblemLoader Init config took 2.34s 
103120     INFO  main            d.u.i.k.p.i.AbstractProblemLoader Replaying proof select_store.key.proof 
103124     DEBUG main            d.u.i.k.p.i.IntermediateProofReplayer Proof replay took 2.06ms 
103125     DEBUG main            d.u.i.k.p.r.p.TestFile    ... success: reloaded. 
103125     INFO  main            d.u.i.k.p.r.p.TestFile    Now processing file /home/runner/work/key/key/key.core/../key.ui/examples/heap/simple/selection_sort.key 
103125     INFO  main            d.u.i.k.p.i.AbstractProblemLoader Loading environment from /home/runner/work/key/key/key.core/../key.ui/examples/heap/simple/selection_sort.key 
103126     DEBUG main            d.u.i.k.p.i.AbstractProblemLoader Environment load took 74ns 
103127     INFO  main            d.u.i.k.p.i.AbstractProblemLoader Creating init config 
105845     DEBUG main            d.u.i.k.p.i.AbstractProblemLoader Init config took 2.72s 
105860     INFO  main            d.u.i.k.p.i.AbstractProblemLoader Replaying proof selection_sort.key 
105863     DEBUG main            d.u.i.k.p.i.IntermediateProofReplayer Proof replay took 7.3ns 
109713     INFO  main            d.u.i.k.p.r.p.TestFile    ... finished proof: closed. 
109988     INFO  main            d.u.i.k.p.i.AbstractProblemLoader Loading environment from /home/runner/work/key/key/key.core/../key.ui/examples/heap/simple/selection_sort.key.proof 
109989     DEBUG main            d.u.i.k.p.i.AbstractProblemLoader Environment load took 463.81ns 
109991     INFO  main            d.u.i.k.p.i.AbstractProblemLoader Creating init config 
112559     DEBUG main            d.u.i.k.p.i.AbstractProblemLoader Init config took 2.57s 
112575     INFO  main            d.u.i.k.p.i.AbstractProblemLoader Replaying proof selection_sort.key.proof 
113268     DEBUG main            d.u.i.k.p.i.IntermediateProofReplayer Proof replay took 666.86ms 
113271     DEBUG main            d.u.i.k.p.r.p.TestFile    ... success: reloaded. 
113274     INFO  main            d.u.i.k.p.r.p.TestFile    Now processing file /home/runner/work/key/key/key.core/../key.ui/examples/heap/simple/seq.key 
113275     INFO  main            d.u.i.k.p.i.AbstractProblemLoader Loading environment from /home/runner/work/key/key/key.core/../key.ui/examples/heap/simple/seq.key 
113275     DEBUG main            d.u.i.k.p.i.AbstractProblemLoader Environment load took 233.8ns 
113277     INFO  main            d.u.i.k.p.i.AbstractProblemLoader Creating init config 
115730     DEBUG main            d.u.i.k.p.i.AbstractProblemLoader Init config took 2.45s 
115746     INFO  main            d.u.i.k.p.i.AbstractProblemLoader Replaying proof seq.key 
115747     DEBUG main            d.u.i.k.p.i.IntermediateProofReplayer Proof replay took 7.1ns 
116152     INFO  main            d.u.i.k.p.r.p.TestFile    ... finished proof: closed. 
116462     INFO  main            d.u.i.k.p.i.AbstractProblemLoader Loading environment from /home/runner/work/key/key/key.core/../key.ui/examples/heap/simple/seq.key.proof 
116463     DEBUG main            d.u.i.k.p.i.AbstractProblemLoader Environment load took 588.51ns 
116464     INFO  main            d.u.i.k.p.i.AbstractProblemLoader Creating init config 
118783     DEBUG main            d.u.i.k.p.i.AbstractProblemLoader Init config took 2.32s 
118798     INFO  main            d.u.i.k.p.i.AbstractProblemLoader Replaying proof seq.key.proof 
118849     DEBUG main            d.u.i.k.p.i.IntermediateProofReplayer Proof replay took 46.46ms 
118851     DEBUG main            d.u.i.k.p.r.p.TestFile    ... success: reloaded. 
118852     INFO  main            d.u.i.k.p.r.p.TestFile    Now processing file /home/runner/work/key/key/key.core/../key.ui/examples/heap/simple/oldForParams.key 
118852     INFO  main            d.u.i.k.p.i.AbstractProblemLoader Loading environment from /home/runner/work/key/key/key.core/../key.ui/examples/heap/simple/oldForParams.key 
118852     DEBUG main            d.u.i.k.p.i.AbstractProblemLoader Environment load took 207.9ns 
118853     INFO  main            d.u.i.k.p.i.AbstractProblemLoader Creating init config 
121464     DEBUG main            d.u.i.k.p.i.AbstractProblemLoader Init config took 2.61s 
121529     INFO  main            d.u.i.k.p.i.AbstractProblemLoader Replaying proof OldForParameters[OldForParameters::method(int)].JML operation contract.0 
121531     DEBUG main            d.u.i.k.p.i.IntermediateProofReplayer Proof replay took 7.8ns 
121734     INFO  main            d.u.i.k.p.r.p.TestFile    ... finished proof: closed. 
122033     INFO  main            d.u.i.k.p.i.AbstractProblemLoader Loading environment from /home/runner/work/key/key/key.core/../key.ui/examples/heap/simple/oldForParams.key.proof 
122033     DEBUG main            d.u.i.k.p.i.AbstractProblemLoader Environment load took 114.7ns 
122034     INFO  main            d.u.i.k.p.i.AbstractProblemLoader Creating init config 
124589     DEBUG main            d.u.i.k.p.i.AbstractProblemLoader Init config took 2.55s 
124630     INFO  main            d.u.i.k.p.i.AbstractProblemLoader Replaying proof OldForParameters[OldForParameters::method(int)].JML operation contract.0 
124676     DEBUG main            d.u.i.k.p.i.IntermediateProofReplayer Proof replay took 44.04ms 
124677     DEBUG main            d.u.i.k.p.r.p.TestFile    ... success: reloaded. 
124679     INFO  main            d.u.i.k.p.r.p.TestFile    Now processing file /home/runner/work/key/key/key.core/../key.ui/examples/heap/simple/parse_lmtd.key 
124679     INFO  main            d.u.i.k.p.i.AbstractProblemLoader Loading environment from /home/runner/work/key/key/key.core/../key.ui/examples/heap/simple/parse_lmtd.key 
124679     DEBUG main            d.u.i.k.p.i.AbstractProblemLoader Environment load took 92.9ns 
124680     INFO  main            d.u.i.k.p.i.AbstractProblemLoader Creating init config 
127322     DEBUG main            d.u.i.k.p.i.AbstractProblemLoader Init config took 2.64s 
127383     INFO  main            d.u.i.k.p.i.AbstractProblemLoader Replaying proof ParseLmtd[ParseLmtd::simple(int)].JML normal_behavior operation contract.0 
127384     DEBUG main            d.u.i.k.p.i.IntermediateProofReplayer Proof replay took 7.4ns 
127489     INFO  main            d.u.i.k.p.r.p.TestFile    ... finished proof: closed. 
127750     INFO  main            d.u.i.k.p.i.AbstractProblemLoader Loading environment from /home/runner/work/key/key/key.core/../key.ui/examples/heap/simple/parse_lmtd.key.proof 
127750     DEBUG main            d.u.i.k.p.i.AbstractProblemLoader Environment load took 125.5ns 
127751     INFO  main            d.u.i.k.p.i.AbstractProblemLoader Creating init config 
130336     DEBUG main            d.u.i.k.p.i.AbstractProblemLoader Init config took 2.59s 
130378     INFO  main            d.u.i.k.p.i.AbstractProblemLoader Replaying proof ParseLmtd[ParseLmtd::simple(int)].JML normal_behavior operation contract.0 
130406     DEBUG main            d.u.i.k.p.i.IntermediateProofReplayer Proof replay took 24.85ms 
130407     DEBUG main            d.u.i.k.p.r.p.TestFile    ... success: reloaded. 
130407     INFO  main            d.u.i.k.p.r.p.TestFile    Now processing file /home/runner/work/key/key/key.core/../key.ui/examples/heap/strictly_pure/strictlyPureMethod.key 
130408     INFO  main            d.u.i.k.p.i.AbstractProblemLoader Loading environment from /home/runner/work/key/key/key.core/../key.ui/examples/heap/strictly_pure/strictlyPureMethod.key 
130408     DEBUG main            d.u.i.k.p.i.AbstractProblemLoader Environment load took 84ns 
130409     INFO  main            d.u.i.k.p.i.AbstractProblemLoader Creating init config 
132910     DEBUG main            d.u.i.k.p.i.AbstractProblemLoader Init config took 2.5s 
132948     INFO  main            d.u.i.k.p.i.AbstractProblemLoader Replaying proof StrictlyPure[StrictlyPure::strictlyPureMethod()].JML operation contract.0 
132949     DEBUG main            d.u.i.k.p.i.IntermediateProofReplayer Proof replay took 7.2ns 
133151     INFO  main            d.u.i.k.p.r.p.TestFile    ... finished proof: closed. 
133413     INFO  main            d.u.i.k.p.i.AbstractProblemLoader Loading environment from /home/runner/work/key/key/key.core/../key.ui/examples/heap/strictly_pure/strictlyPureMethod.key.proof 
133413     DEBUG main            d.u.i.k.p.i.AbstractProblemLoader Environment load took 114.7ns 
133414     INFO  main            d.u.i.k.p.i.AbstractProblemLoader Creating init config 
135830     DEBUG main            d.u.i.k.p.i.AbstractProblemLoader Init config took 2.42s 
135877     INFO  main            d.u.i.k.p.i.AbstractProblemLoader Replaying proof StrictlyPure[StrictlyPure::strictlyPureMethod()].JML operation contract.0 
135917     DEBUG main            d.u.i.k.p.i.IntermediateProofReplayer Proof replay took 37.93ms 
135918     DEBUG main            d.u.i.k.p.r.p.TestFile    ... success: reloaded. 
135919     INFO  main            d.u.i.k.p.r.p.TestFile    Now processing file /home/runner/work/key/key/key.core/../key.ui/examples/heap/strictly_pure/useStrictlyPureMethod.key 
135919     INFO  main            d.u.i.k.p.i.AbstractProblemLoader Loading environment from /home/runner/work/key/key/key.core/../key.ui/examples/heap/strictly_pure/useStrictlyPureMethod.key 
135919     DEBUG main            d.u.i.k.p.i.AbstractProblemLoader Environment load took 101.1ns 
135920     INFO  main            d.u.i.k.p.i.AbstractProblemLoader Creating init config 
138383     DEBUG main            d.u.i.k.p.i.AbstractProblemLoader Init config took 2.46s 
138418     INFO  main            d.u.i.k.p.i.AbstractProblemLoader Replaying proof StrictlyPure[StrictlyPure::useStrictlyPureMethod(StrictlyPureClass)].JML operation contract.0 
138420     DEBUG main            d.u.i.k.p.i.IntermediateProofReplayer Proof replay took 7ns 
138636     INFO  main            d.u.i.k.p.r.p.TestFile    ... finished proof: closed. 
138894     INFO  main            d.u.i.k.p.i.AbstractProblemLoader Loading environment from /home/runner/work/key/key/key.core/../key.ui/examples/heap/strictly_pure/useStrictlyPureMethod.key.proof 
138894     DEBUG main            d.u.i.k.p.i.AbstractProblemLoader Environment load took 117.1ns 
138895     INFO  main            d.u.i.k.p.i.AbstractProblemLoader Creating init config 
141273     DEBUG main            d.u.i.k.p.i.AbstractProblemLoader Init config took 2.38s 
141309     INFO  main            d.u.i.k.p.i.AbstractProblemLoader Replaying proof StrictlyPure[StrictlyPure::useStrictlyPureMethod(StrictlyPureClass)].JML operation contract.0 
141364     DEBUG main            d.u.i.k.p.i.IntermediateProofReplayer Proof replay took 52.54ms 
141365     DEBUG main            d.u.i.k.p.r.p.TestFile    ... success: reloaded. 
141366     INFO  main            d.u.i.k.p.r.p.TestFile    Now processing file /home/runner/work/key/key/key.core/../key.ui/examples/heap/Wellfounded/ackermann.key 
141366     INFO  main            d.u.i.k.p.i.AbstractProblemLoader Loading environment from /home/runner/work/key/key/key.core/../key.ui/examples/heap/Wellfounded/ackermann.key 
141367     DEBUG main            d.u.i.k.p.i.AbstractProblemLoader Environment load took 96.4ns 
141367     INFO  main            d.u.i.k.p.i.AbstractProblemLoader Creating init config 
143865     DEBUG main            d.u.i.k.p.i.AbstractProblemLoader Init config took 2.5s 
143901     INFO  main            d.u.i.k.p.i.AbstractProblemLoader Replaying proof Ackermann[Ackermann::a(int,int)].JML normal_behavior operation contract.0 
143903     DEBUG main            d.u.i.k.p.i.IntermediateProofReplayer Proof replay took 6.7ns 
144206     INFO  main            d.u.i.k.p.r.p.TestFile    ... finished proof: closed. 
144566     INFO  main            d.u.i.k.p.i.AbstractProblemLoader Loading environment from /home/runner/work/key/key/key.core/../key.ui/examples/heap/Wellfounded/ackermann.key.proof 
144566     DEBUG main            d.u.i.k.p.i.AbstractProblemLoader Environment load took 112.9ns 
144567     INFO  main            d.u.i.k.p.i.AbstractProblemLoader Creating init config 
146984     DEBUG main            d.u.i.k.p.i.AbstractProblemLoader Init config took 2.42s 
147020     INFO  main            d.u.i.k.p.i.AbstractProblemLoader Replaying proof Ackermann[Ackermann::a(int,int)].JML normal_behavior operation contract.0 
147090     DEBUG main            d.u.i.k.p.i.IntermediateProofReplayer Proof replay took 66.06ms 
147091     DEBUG main            d.u.i.k.p.r.p.TestFile    ... success: reloaded. 
147093     INFO  main            d.u.i.k.p.r.p.TestFile    Now processing file /home/runner/work/key/key/key.core/../key.ui/examples/standard_key/unicode_test.key 
147093     INFO  main            d.u.i.k.p.i.AbstractProblemLoader Loading environment from /home/runner/work/key/key/key.core/../key.ui/examples/standard_key/unicode_test.key 
147093     DEBUG main            d.u.i.k.p.i.AbstractProblemLoader Environment load took 93.6ns 
147095     INFO  main            d.u.i.k.p.i.AbstractProblemLoader Creating init config 
149529     DEBUG main            d.u.i.k.p.i.AbstractProblemLoader Init config took 2.43s 
149543     INFO  main            d.u.i.k.p.i.AbstractProblemLoader Replaying proof unicode_test.key 
149544     DEBUG main            d.u.i.k.p.i.IntermediateProofReplayer Proof replay took 6.3ns 
149648     INFO  main            d.u.i.k.p.r.p.TestFile    ... finished proof: closed. 
149921     INFO  main            d.u.i.k.p.i.AbstractProblemLoader Loading environment from /home/runner/work/key/key/key.core/../key.ui/examples/standard_key/unicode_test.key.proof 
149921     DEBUG main            d.u.i.k.p.i.AbstractProblemLoader Environment load took 115.5ns 
149922     INFO  main            d.u.i.k.p.i.AbstractProblemLoader Creating init config 
152238     DEBUG main            d.u.i.k.p.i.AbstractProblemLoader Init config took 2.32s 
152251     INFO  main            d.u.i.k.p.i.AbstractProblemLoader Replaying proof unicode_test.key.proof 
152253     DEBUG main            d.u.i.k.p.i.IntermediateProofReplayer Proof replay took 429.6ns 
152254     DEBUG main            d.u.i.k.p.r.p.TestFile    ... success: reloaded. 
152254     INFO  main            d.u.i.k.p.r.p.TestFile    Now processing file /home/runner/work/key/key/key.core/../key.ui/examples/heap/strictlyModular/mayExpand.key 
152255     INFO  main            d.u.i.k.p.i.AbstractProblemLoader Loading environment from /home/runner/work/key/key/key.core/../key.ui/examples/heap/strictlyModular/mayExpand.key 
152255     DEBUG main            d.u.i.k.p.i.AbstractProblemLoader Environment load took 223.2ns 
152256     INFO  main            d.u.i.k.p.i.AbstractProblemLoader Creating init config 
154699     DEBUG main            d.u.i.k.p.i.AbstractProblemLoader Init config took 2.44s 
154734     INFO  main            d.u.i.k.p.i.AbstractProblemLoader Replaying proof Modular[Modular::m()].JML operation contract.0 
154736     DEBUG main            d.u.i.k.p.i.IntermediateProofReplayer Proof replay took 6.5ns 
154838     INFO  main            d.u.i.k.p.r.p.TestFile    ... finished proof: closed. 
155127     INFO  main            d.u.i.k.p.i.AbstractProblemLoader Loading environment from /home/runner/work/key/key/key.core/../key.ui/examples/heap/strictlyModular/mayExpand.key.proof 
155127     DEBUG main            d.u.i.k.p.i.AbstractProblemLoader Environment load took 104.3ns 
155128     INFO  main            d.u.i.k.p.i.AbstractProblemLoader Creating init config 
157493     DEBUG main            d.u.i.k.p.i.AbstractProblemLoader Init config took 2.37s 
157529     INFO  main            d.u.i.k.p.i.AbstractProblemLoader Replaying proof Modular[Modular::m()].JML operation contract.0 
157546     DEBUG main            d.u.i.k.p.i.IntermediateProofReplayer Proof replay took 15.3ms 
157547     DEBUG main            d.u.i.k.p.r.p.TestFile    ... success: reloaded. 
157548     INFO  main            d.u.i.k.p.r.p.TestFile    Now processing file /home/runner/work/key/key/key.core/../key.ui/examples/heap/strictlyModular/modularOnly.key 
157548     INFO  main            d.u.i.k.p.i.AbstractProblemLoader Loading environment from /home/runner/work/key/key/key.core/../key.ui/examples/heap/strictlyModular/modularOnly.key 
157548     DEBUG main            d.u.i.k.p.i.AbstractProblemLoader Environment load took 112.4ns 
157549     INFO  main            d.u.i.k.p.i.AbstractProblemLoader Creating init config 
159977     DEBUG main            d.u.i.k.p.i.AbstractProblemLoader Init config took 2.43s 
160032     INFO  main            d.u.i.k.p.i.AbstractProblemLoader Replaying proof Modular[Modular::m()].JML operation contract.0 
160033     DEBUG main            d.u.i.k.p.i.IntermediateProofReplayer Proof replay took 7.5ns 
160138     INFO  main            d.u.i.k.p.r.p.TestFile    ... finished proof: open goal(s) 
1913754    INFO  Test worker     d.u.i.k.p.r.RunAllProofsTestUnit Returning from test simpleTests 
1913755    INFO  Test worker     d.u.i.k.p.r.RunAllProofsTestUnit Running test SmansEtAl 
320        INFO  Timeout watchdog d.u.i.k.p.r.p.ForkedTestFileRunner Timeout watcher launched (2000 secs.) 
341        WARN  main            d.u.i.k.s.ProofSettings   The settings in /home/runner/.key/proof-settings.props are *not* read. 
389        INFO  main            d.u.i.k.p.r.p.TestFile    Now processing file /home/runner/work/key/key/key.core/../key.ui/examples/heap/SmansEtAl/ArrayList_add.key 
507        INFO  main            d.u.i.k.p.i.AbstractProblemLoader Loading environment from /home/runner/work/key/key/key.core/../key.ui/examples/heap/SmansEtAl/ArrayList_add.key 
528        DEBUG main            d.u.i.k.p.i.AbstractProblemLoader Environment load took 2.1ms 
744        INFO  main            d.u.i.k.p.i.AbstractProblemLoader Creating init config 
1783       DEBUG main            d.u.i.k.j.TypeConverter   No LDT found for Meta 
1783       DEBUG main            d.u.i.k.j.TypeConverter   No LDT found for Meta 
1786       DEBUG main            d.u.i.k.j.TypeConverter   No LDT found for Meta 
1787       DEBUG main            d.u.i.k.j.TypeConverter   No LDT found for Meta 
3157       DEBUG main            d.u.i.k.j.TypeConverter   No LDT found for JavaBigintExpression 
8590       DEBUG main            d.u.i.k.p.i.AbstractProblemLoader Init config took 7.85s 
8721       INFO  main            d.u.i.k.p.i.AbstractProblemLoader Replaying proof ArrayList[ArrayList::add(java.lang.Object)].JML normal_behavior operation contract.0 
8755       DEBUG main            d.u.i.k.p.i.IntermediateProofReplayer Proof replay took 33.7ns 
16049      INFO  main            d.u.i.k.p.r.p.TestFile    ... finished proof: closed. 
16238      INFO  main            d.u.i.k.p.i.AbstractProblemLoader Loading environment from /home/runner/work/key/key/key.core/../key.ui/examples/heap/SmansEtAl/ArrayList_add.key.proof 
16239      DEBUG main            d.u.i.k.p.i.AbstractProblemLoader Environment load took 458.7ns 
16242      INFO  main            d.u.i.k.p.i.AbstractProblemLoader Creating init config 
19333      DEBUG main            d.u.i.k.p.i.AbstractProblemLoader Init config took 3.09s 
19406      INFO  main            d.u.i.k.p.i.AbstractProblemLoader Replaying proof ArrayList[ArrayList::add(java.lang.Object)].JML normal_behavior operation contract.0 
20523      DEBUG main            d.u.i.k.p.i.IntermediateProofReplayer Proof replay took 1.09s 
20534      DEBUG main            d.u.i.k.p.r.p.TestFile    ... success: reloaded. 
20537      INFO  main            d.u.i.k.p.r.p.TestFile    Now processing file /home/runner/work/key/key/key.core/../key.ui/examples/heap/SmansEtAl/ArrayList_ArrayList.key 
20538      INFO  main            d.u.i.k.p.i.AbstractProblemLoader Loading environment from /home/runner/work/key/key/key.core/../key.ui/examples/heap/SmansEtAl/ArrayList_ArrayList.key 
20538      DEBUG main            d.u.i.k.p.i.AbstractProblemLoader Environment load took 225.9ns 
20542      INFO  main            d.u.i.k.p.i.AbstractProblemLoader Creating init config 
23439      DEBUG main            d.u.i.k.p.i.AbstractProblemLoader Init config took 2.9s 
23494      INFO  main            d.u.i.k.p.i.AbstractProblemLoader Replaying proof ArrayList[ArrayList::ArrayList()].JML normal_behavior operation contract.0 
23498      DEBUG main            d.u.i.k.p.i.IntermediateProofReplayer Proof replay took 8.2ns 
24521      INFO  main            d.u.i.k.p.r.p.TestFile    ... finished proof: closed. 
24678      INFO  main            d.u.i.k.p.i.AbstractProblemLoader Loading environment from /home/runner/work/key/key/key.core/../key.ui/examples/heap/SmansEtAl/ArrayList_ArrayList.key.proof 
24678      DEBUG main            d.u.i.k.p.i.AbstractProblemLoader Environment load took 478ns 
24681      INFO  main            d.u.i.k.p.i.AbstractProblemLoader Creating init config 
27545      DEBUG main            d.u.i.k.p.i.AbstractProblemLoader Init config took 2.86s 
27595      INFO  main            d.u.i.k.p.i.AbstractProblemLoader Replaying proof ArrayList[ArrayList::ArrayList()].JML normal_behavior operation contract.0 
27767      DEBUG main            d.u.i.k.p.i.IntermediateProofReplayer Proof replay took 163.52ms 
27768      DEBUG main            d.u.i.k.p.r.p.TestFile    ... success: reloaded. 
27770      INFO  main            d.u.i.k.p.r.p.TestFile    Now processing file /home/runner/work/key/key/key.core/../key.ui/examples/heap/SmansEtAl/ArrayList_footprint.key 
27770      INFO  main            d.u.i.k.p.i.AbstractProblemLoader Loading environment from /home/runner/work/key/key/key.core/../key.ui/examples/heap/SmansEtAl/ArrayList_footprint.key 
27771      DEBUG main            d.u.i.k.p.i.AbstractProblemLoader Environment load took 219.7ns 
27772      INFO  main            d.u.i.k.p.i.AbstractProblemLoader Creating init config 
30563      DEBUG main            d.u.i.k.p.i.AbstractProblemLoader Init config took 2.79s 
30617      INFO  main            d.u.i.k.p.i.AbstractProblemLoader Replaying proof ArrayList[ArrayList::$footprint()].JML accessible clause.0 
30620      DEBUG main            d.u.i.k.p.i.IntermediateProofReplayer Proof replay took 6.7ns 
30723      INFO  main            d.u.i.k.p.r.p.TestFile    ... finished proof: closed. 
30870      INFO  main            d.u.i.k.p.i.AbstractProblemLoader Loading environment from /home/runner/work/key/key/key.core/../key.ui/examples/heap/SmansEtAl/ArrayList_footprint.key.proof 
30871      DEBUG main            d.u.i.k.p.i.AbstractProblemLoader Environment load took 130.7ns 
30872      INFO  main            d.u.i.k.p.i.AbstractProblemLoader Creating init config 
33609      DEBUG main            d.u.i.k.p.i.AbstractProblemLoader Init config took 2.74s 
33654      INFO  main            d.u.i.k.p.i.AbstractProblemLoader Replaying proof ArrayList[ArrayList::$footprint()].JML accessible clause.0 
33666      DEBUG main            d.u.i.k.p.i.IntermediateProofReplayer Proof replay took 9.9ms 
33667      DEBUG main            d.u.i.k.p.r.p.TestFile    ... success: reloaded. 
33669      INFO  main            d.u.i.k.p.r.p.TestFile    Now processing file /home/runner/work/key/key/key.core/../key.ui/examples/heap/SmansEtAl/ArrayList_get_dep.key 
33669      INFO  main            d.u.i.k.p.i.AbstractProblemLoader Loading environment from /home/runner/work/key/key/key.core/../key.ui/examples/heap/SmansEtAl/ArrayList_get_dep.key 
33669      DEBUG main            d.u.i.k.p.i.AbstractProblemLoader Environment load took 260ns 
33670      INFO  main            d.u.i.k.p.i.AbstractProblemLoader Creating init config 
36446      DEBUG main            d.u.i.k.p.i.AbstractProblemLoader Init config took 2.78s 
36489      INFO  main            d.u.i.k.p.i.AbstractProblemLoader Replaying proof ArrayList[ArrayList::get(int)].JML accessible clause.0 
36491      DEBUG main            d.u.i.k.p.i.IntermediateProofReplayer Proof replay took 6.4ns 
36797      INFO  main            d.u.i.k.p.r.p.TestFile    ... finished proof: closed. 
36962      INFO  main            d.u.i.k.p.i.AbstractProblemLoader Loading environment from /home/runner/work/key/key/key.core/../key.ui/examples/heap/SmansEtAl/ArrayList_get_dep.key.proof 
36962      DEBUG main            d.u.i.k.p.i.AbstractProblemLoader Environment load took 130.1ns 
36965      INFO  main            d.u.i.k.p.i.AbstractProblemLoader Creating init config 
39774      DEBUG main            d.u.i.k.p.i.AbstractProblemLoader Init config took 2.81s 
39851      INFO  main            d.u.i.k.p.i.AbstractProblemLoader Replaying proof ArrayList[ArrayList::get(int)].JML accessible clause.0 
39921      DEBUG main            d.u.i.k.p.i.IntermediateProofReplayer Proof replay took 61.48ms 
39923      DEBUG main            d.u.i.k.p.r.p.TestFile    ... success: reloaded. 
39924      INFO  main            d.u.i.k.p.r.p.TestFile    Now processing file /home/runner/work/key/key/key.core/../key.ui/examples/heap/SmansEtAl/ArrayList_get.key 
39924      INFO  main            d.u.i.k.p.i.AbstractProblemLoader Loading environment from /home/runner/work/key/key/key.core/../key.ui/examples/heap/SmansEtAl/ArrayList_get.key 
39925      DEBUG main            d.u.i.k.p.i.AbstractProblemLoader Environment load took 215.5ns 
39926      INFO  main            d.u.i.k.p.i.AbstractProblemLoader Creating init config 
42656      DEBUG main            d.u.i.k.p.i.AbstractProblemLoader Init config took 2.73s 
42706      INFO  main            d.u.i.k.p.i.AbstractProblemLoader Replaying proof ArrayList[ArrayList::get(int)].JML normal_behavior operation contract.0 
42708      DEBUG main            d.u.i.k.p.i.IntermediateProofReplayer Proof replay took 6.7ns 
42911      INFO  main            d.u.i.k.p.r.p.TestFile    ... finished proof: closed. 
43081      INFO  main            d.u.i.k.p.i.AbstractProblemLoader Loading environment from /home/runner/work/key/key/key.core/../key.ui/examples/heap/SmansEtAl/ArrayList_get.key.proof 
43081      DEBUG main            d.u.i.k.p.i.AbstractProblemLoader Environment load took 123.5ns 
43082      INFO  main            d.u.i.k.p.i.AbstractProblemLoader Creating init config 
45761      DEBUG main            d.u.i.k.p.i.AbstractProblemLoader Init config took 2.68s 
45805      INFO  main            d.u.i.k.p.i.AbstractProblemLoader Replaying proof ArrayList[ArrayList::get(int)].JML normal_behavior operation contract.0 
45837      DEBUG main            d.u.i.k.p.i.IntermediateProofReplayer Proof replay took 29.16ms 
45838      DEBUG main            d.u.i.k.p.r.p.TestFile    ... success: reloaded. 
45840      INFO  main            d.u.i.k.p.r.p.TestFile    Now processing file /home/runner/work/key/key/key.core/../key.ui/examples/heap/SmansEtAl/ArrayList_inv.key 
45840      INFO  main            d.u.i.k.p.i.AbstractProblemLoader Loading environment from /home/runner/work/key/key/key.core/../key.ui/examples/heap/SmansEtAl/ArrayList_inv.key 
45840      DEBUG main            d.u.i.k.p.i.AbstractProblemLoader Environment load took 222.3ns 
45841      INFO  main            d.u.i.k.p.i.AbstractProblemLoader Creating init config 
48590      DEBUG main            d.u.i.k.p.i.AbstractProblemLoader Init config took 2.75s 
48635      INFO  main            d.u.i.k.p.i.AbstractProblemLoader Replaying proof ArrayList[java.lang.Object::<inv>()].JML accessible clause.0 
48637      DEBUG main            d.u.i.k.p.i.IntermediateProofReplayer Proof replay took 6.8ns 
48742      INFO  main            d.u.i.k.p.r.p.TestFile    ... finished proof: closed. 
48913      INFO  main            d.u.i.k.p.i.AbstractProblemLoader Loading environment from /home/runner/work/key/key/key.core/../key.ui/examples/heap/SmansEtAl/ArrayList_inv.key.proof 
48913      DEBUG main            d.u.i.k.p.i.AbstractProblemLoader Environment load took 141.6ns 
48914      INFO  main            d.u.i.k.p.i.AbstractProblemLoader Creating init config 
51591      DEBUG main            d.u.i.k.p.i.AbstractProblemLoader Init config took 2.68s 
51632      INFO  main            d.u.i.k.p.i.AbstractProblemLoader Replaying proof ArrayList[java.lang.Object::<inv>()].JML accessible clause.0 
51644      DEBUG main            d.u.i.k.p.i.IntermediateProofReplayer Proof replay took 10.08ms 
51645      DEBUG main            d.u.i.k.p.r.p.TestFile    ... success: reloaded. 
51646      INFO  main            d.u.i.k.p.r.p.TestFile    Now processing file /home/runner/work/key/key/key.core/../key.ui/examples/heap/SmansEtAl/ArrayList_size_dep.key 
51646      INFO  main            d.u.i.k.p.i.AbstractProblemLoader Loading environment from /home/runner/work/key/key/key.core/../key.ui/examples/heap/SmansEtAl/ArrayList_size_dep.key 
51647      DEBUG main            d.u.i.k.p.i.AbstractProblemLoader Environment load took 97.8ns 
51647      INFO  main            d.u.i.k.p.i.AbstractProblemLoader Creating init config 
54363      DEBUG main            d.u.i.k.p.i.AbstractProblemLoader Init config took 2.72s 
54403      INFO  main            d.u.i.k.p.i.AbstractProblemLoader Replaying proof ArrayList[ArrayList::size()].JML accessible clause.0 
54405      DEBUG main            d.u.i.k.p.i.IntermediateProofReplayer Proof replay took 6.4ns 
54508      INFO  main            d.u.i.k.p.r.p.TestFile    ... finished proof: closed. 
54703      INFO  main            d.u.i.k.p.i.AbstractProblemLoader Loading environment from /home/runner/work/key/key/key.core/../key.ui/examples/heap/SmansEtAl/ArrayList_size_dep.key.proof 
54703      DEBUG main            d.u.i.k.p.i.AbstractProblemLoader Environment load took 126.8ns 
54704      INFO  main            d.u.i.k.p.i.AbstractProblemLoader Creating init config 
57359      DEBUG main            d.u.i.k.p.i.AbstractProblemLoader Init config took 2.66s 
57398      INFO  main            d.u.i.k.p.i.AbstractProblemLoader Replaying proof ArrayList[ArrayList::size()].JML accessible clause.0 
57416      DEBUG main            d.u.i.k.p.i.IntermediateProofReplayer Proof replay took 15.89ms 
57417      DEBUG main            d.u.i.k.p.r.p.TestFile    ... success: reloaded. 
57418      INFO  main            d.u.i.k.p.r.p.TestFile    Now processing file /home/runner/work/key/key/key.core/../key.ui/examples/heap/SmansEtAl/ArrayList_size.key 
57418      INFO  main            d.u.i.k.p.i.AbstractProblemLoader Loading environment from /home/runner/work/key/key/key.core/../key.ui/examples/heap/SmansEtAl/ArrayList_size.key 
57418      DEBUG main            d.u.i.k.p.i.AbstractProblemLoader Environment load took 109.4ns 
57419      INFO  main            d.u.i.k.p.i.AbstractProblemLoader Creating init config 
60148      DEBUG main            d.u.i.k.p.i.AbstractProblemLoader Init config took 2.73s 
60186      INFO  main            d.u.i.k.p.i.AbstractProblemLoader Replaying proof ArrayList[ArrayList::size()].JML normal_behavior operation contract.0 
60188      DEBUG main            d.u.i.k.p.i.IntermediateProofReplayer Proof replay took 6.3ns 
60292      INFO  main            d.u.i.k.p.r.p.TestFile    ... finished proof: closed. 
60475      INFO  main            d.u.i.k.p.i.AbstractProblemLoader Loading environment from /home/runner/work/key/key/key.core/../key.ui/examples/heap/SmansEtAl/ArrayList_size.key.proof 
60476      DEBUG main            d.u.i.k.p.i.AbstractProblemLoader Environment load took 130.3ns 
60477      INFO  main            d.u.i.k.p.i.AbstractProblemLoader Creating init config 
63100      DEBUG main            d.u.i.k.p.i.AbstractProblemLoader Init config took 2.62s 
63138      INFO  main            d.u.i.k.p.i.AbstractProblemLoader Replaying proof ArrayList[ArrayList::size()].JML normal_behavior operation contract.0 
63154      DEBUG main            d.u.i.k.p.i.IntermediateProofReplayer Proof replay took 13.52ms 
63155      DEBUG main            d.u.i.k.p.r.p.TestFile    ... success: reloaded. 
63156      INFO  main            d.u.i.k.p.r.p.TestFile    Now processing file /home/runner/work/key/key/key.core/../key.ui/examples/heap/SmansEtAl/Cell_Cell.key 
63156      INFO  main            d.u.i.k.p.i.AbstractProblemLoader Loading environment from /home/runner/work/key/key/key.core/../key.ui/examples/heap/SmansEtAl/Cell_Cell.key 
63156      DEBUG main            d.u.i.k.p.i.AbstractProblemLoader Environment load took 121ns 
63157      INFO  main            d.u.i.k.p.i.AbstractProblemLoader Creating init config 
65815      DEBUG main            d.u.i.k.p.i.AbstractProblemLoader Init config took 2.66s 
65851      INFO  main            d.u.i.k.p.i.AbstractProblemLoader Replaying proof Cell[Cell::Cell()].JML normal_behavior operation contract.0 
65853      DEBUG main            d.u.i.k.p.i.IntermediateProofReplayer Proof replay took 5.9ns 
66055      INFO  main            d.u.i.k.p.r.p.TestFile    ... finished proof: closed. 
66235      INFO  main            d.u.i.k.p.i.AbstractProblemLoader Loading environment from /home/runner/work/key/key/key.core/../key.ui/examples/heap/SmansEtAl/Cell_Cell.key.proof 
66235      DEBUG main            d.u.i.k.p.i.AbstractProblemLoader Environment load took 124.8ns 
66237      INFO  main            d.u.i.k.p.i.AbstractProblemLoader Creating init config 
68860      DEBUG main            d.u.i.k.p.i.AbstractProblemLoader Init config took 2.62s 
68895      INFO  main            d.u.i.k.p.i.AbstractProblemLoader Replaying proof Cell[Cell::Cell()].JML normal_behavior operation contract.0 
68935      DEBUG main            d.u.i.k.p.i.IntermediateProofReplayer Proof replay took 37.64ms 
68936      DEBUG main            d.u.i.k.p.r.p.TestFile    ... success: reloaded. 
68937      INFO  main            d.u.i.k.p.r.p.TestFile    Now processing file /home/runner/work/key/key/key.core/../key.ui/examples/heap/SmansEtAl/Cell_footprint.key 
68938      INFO  main            d.u.i.k.p.i.AbstractProblemLoader Loading environment from /home/runner/work/key/key/key.core/../key.ui/examples/heap/SmansEtAl/Cell_footprint.key 
68938      DEBUG main            d.u.i.k.p.i.AbstractProblemLoader Environment load took 109.8ns 
68939      INFO  main            d.u.i.k.p.i.AbstractProblemLoader Creating init config 
71596      DEBUG main            d.u.i.k.p.i.AbstractProblemLoader Init config took 2.66s 
71631      INFO  main            d.u.i.k.p.i.AbstractProblemLoader Replaying proof Cell[Cell::$footprint()].JML accessible clause.0 
71633      DEBUG main            d.u.i.k.p.i.IntermediateProofReplayer Proof replay took 6.9ns 
71736      INFO  main            d.u.i.k.p.r.p.TestFile    ... finished proof: closed. 
71925      INFO  main            d.u.i.k.p.i.AbstractProblemLoader Loading environment from /home/runner/work/key/key/key.core/../key.ui/examples/heap/SmansEtAl/Cell_footprint.key.proof 
71925      DEBUG main            d.u.i.k.p.i.AbstractProblemLoader Environment load took 130.4ns 
71927      INFO  main            d.u.i.k.p.i.AbstractProblemLoader Creating init config 
74579      DEBUG main            d.u.i.k.p.i.AbstractProblemLoader Init config took 2.65s 
74615      INFO  main            d.u.i.k.p.i.AbstractProblemLoader Replaying proof Cell[Cell::$footprint()].JML accessible clause.0 
74622      DEBUG main            d.u.i.k.p.i.IntermediateProofReplayer Proof replay took 4.13ms 
74624      DEBUG main            d.u.i.k.p.r.p.TestFile    ... success: reloaded. 
74627      INFO  main            d.u.i.k.p.r.p.TestFile    Now processing file /home/runner/work/key/key/key.core/../key.ui/examples/heap/SmansEtAl/Cell_getX_dep.key 
74627      INFO  main            d.u.i.k.p.i.AbstractProblemLoader Loading environment from /home/runner/work/key/key/key.core/../key.ui/examples/heap/SmansEtAl/Cell_getX_dep.key 
74627      DEBUG main            d.u.i.k.p.i.AbstractProblemLoader Environment load took 142.4ns 
74628      INFO  main            d.u.i.k.p.i.AbstractProblemLoader Creating init config 
77306      DEBUG main            d.u.i.k.p.i.AbstractProblemLoader Init config took 2.68s 
77341      INFO  main            d.u.i.k.p.i.AbstractProblemLoader Replaying proof Cell[Cell::getX()].JML accessible clause.0 
77342      DEBUG main            d.u.i.k.p.i.IntermediateProofReplayer Proof replay took 6.7ns 
77444      INFO  main            d.u.i.k.p.r.p.TestFile    ... finished proof: closed. 
77666      INFO  main            d.u.i.k.p.i.AbstractProblemLoader Loading environment from /home/runner/work/key/key/key.core/../key.ui/examples/heap/SmansEtAl/Cell_getX_dep.key.proof 
77667      DEBUG main            d.u.i.k.p.i.AbstractProblemLoader Environment load took 121.1ns 
77668      INFO  main            d.u.i.k.p.i.AbstractProblemLoader Creating init config 
80296      DEBUG main            d.u.i.k.p.i.AbstractProblemLoader Init config took 2.63s 
80340      INFO  main            d.u.i.k.p.i.AbstractProblemLoader Replaying proof Cell[Cell::getX()].JML accessible clause.0 
80355      DEBUG main            d.u.i.k.p.i.IntermediateProofReplayer Proof replay took 12.91ms 
80356      DEBUG main            d.u.i.k.p.r.p.TestFile    ... success: reloaded. 
80357      INFO  main            d.u.i.k.p.r.p.TestFile    Now processing file /home/runner/work/key/key/key.core/../key.ui/examples/heap/SmansEtAl/Cell_getX.key 
80358      INFO  main            d.u.i.k.p.i.AbstractProblemLoader Loading environment from /home/runner/work/key/key/key.core/../key.ui/examples/heap/SmansEtAl/Cell_getX.key 
80358      DEBUG main            d.u.i.k.p.i.AbstractProblemLoader Environment load took 116.4ns 
80359      INFO  main            d.u.i.k.p.i.AbstractProblemLoader Creating init config 
83019      DEBUG main            d.u.i.k.p.i.AbstractProblemLoader Init config took 2.66s 
83054      INFO  main            d.u.i.k.p.i.AbstractProblemLoader Replaying proof Cell[Cell::getX()].JML normal_behavior operation contract.0 
83056      DEBUG main            d.u.i.k.p.i.IntermediateProofReplayer Proof replay took 7ns 
83158      INFO  main            d.u.i.k.p.r.p.TestFile    ... finished proof: closed. 
83347      INFO  main            d.u.i.k.p.i.AbstractProblemLoader Loading environment from /home/runner/work/key/key/key.core/../key.ui/examples/heap/SmansEtAl/Cell_getX.key.proof 
83347      DEBUG main            d.u.i.k.p.i.AbstractProblemLoader Environment load took 133.7ns 
83348      INFO  main            d.u.i.k.p.i.AbstractProblemLoader Creating init config 
85977      DEBUG main            d.u.i.k.p.i.AbstractProblemLoader Init config took 2.63s 
86019      INFO  main            d.u.i.k.p.i.AbstractProblemLoader Replaying proof Cell[Cell::getX()].JML normal_behavior operation contract.0 
86035      DEBUG main            d.u.i.k.p.i.IntermediateProofReplayer Proof replay took 13.2ms 
86036      DEBUG main            d.u.i.k.p.r.p.TestFile    ... success: reloaded. 
86037      INFO  main            d.u.i.k.p.r.p.TestFile    Now processing file /home/runner/work/key/key/key.core/../key.ui/examples/heap/SmansEtAl/Cell_inv.key 
86038      INFO  main            d.u.i.k.p.i.AbstractProblemLoader Loading environment from /home/runner/work/key/key/key.core/../key.ui/examples/heap/SmansEtAl/Cell_inv.key 
86038      DEBUG main            d.u.i.k.p.i.AbstractProblemLoader Environment load took 257.5ns 
86039      INFO  main            d.u.i.k.p.i.AbstractProblemLoader Creating init config 
88704      DEBUG main            d.u.i.k.p.i.AbstractProblemLoader Init config took 2.66s 
88739      INFO  main            d.u.i.k.p.i.AbstractProblemLoader Replaying proof Cell[java.lang.Object::<inv>()].JML accessible clause.0 
88741      DEBUG main            d.u.i.k.p.i.IntermediateProofReplayer Proof replay took 6ns 
88845      INFO  main            d.u.i.k.p.r.p.TestFile    ... finished proof: closed. 
89057      INFO  main            d.u.i.k.p.i.AbstractProblemLoader Loading environment from /home/runner/work/key/key/key.core/../key.ui/examples/heap/SmansEtAl/Cell_inv.key.proof 
89058      DEBUG main            d.u.i.k.p.i.AbstractProblemLoader Environment load took 138.2ns 
89059      INFO  main            d.u.i.k.p.i.AbstractProblemLoader Creating init config 
91665      DEBUG main            d.u.i.k.p.i.AbstractProblemLoader Init config took 2.61s 
91701      INFO  main            d.u.i.k.p.i.AbstractProblemLoader Replaying proof Cell[java.lang.Object::<inv>()].JML accessible clause.0 
91705      DEBUG main            d.u.i.k.p.i.IntermediateProofReplayer Proof replay took 1.73ms 
91706      DEBUG main            d.u.i.k.p.r.p.TestFile    ... success: reloaded. 
91707      INFO  main            d.u.i.k.p.r.p.TestFile    Now processing file /home/runner/work/key/key/key.core/../key.ui/examples/heap/SmansEtAl/Cell_setX.key 
91707      INFO  main            d.u.i.k.p.i.AbstractProblemLoader Loading environment from /home/runner/work/key/key/key.core/../key.ui/examples/heap/SmansEtAl/Cell_setX.key 
91707      DEBUG main            d.u.i.k.p.i.AbstractProblemLoader Environment load took 69.1ns 
91708      INFO  main            d.u.i.k.p.i.AbstractProblemLoader Creating init config 
94410      DEBUG main            d.u.i.k.p.i.AbstractProblemLoader Init config took 2.7s 
94444      INFO  main            d.u.i.k.p.i.AbstractProblemLoader Replaying proof Cell[Cell::setX(int)].JML normal_behavior operation contract.0 
94445      DEBUG main            d.u.i.k.p.i.IntermediateProofReplayer Proof replay took 6.3ns 
94549      INFO  main            d.u.i.k.p.r.p.TestFile    ... finished proof: closed. 
94769      INFO  main            d.u.i.k.p.i.AbstractProblemLoader Loading environment from /home/runner/work/key/key/key.core/../key.ui/examples/heap/SmansEtAl/Cell_setX.key.proof 
94769      DEBUG main            d.u.i.k.p.i.AbstractProblemLoader Environment load took 129.5ns 
94770      INFO  main            d.u.i.k.p.i.AbstractProblemLoader Creating init config 
97370      DEBUG main            d.u.i.k.p.i.AbstractProblemLoader Init config took 2.6s 
97404      INFO  main            d.u.i.k.p.i.AbstractProblemLoader Replaying proof Cell[Cell::setX(int)].JML normal_behavior operation contract.0 
97439      DEBUG main            d.u.i.k.p.i.IntermediateProofReplayer Proof replay took 33.18ms 
97440      DEBUG main            d.u.i.k.p.r.p.TestFile    ... success: reloaded. 
97441      INFO  main            d.u.i.k.p.r.p.TestFile    Now processing file /home/runner/work/key/key/key.core/../key.ui/examples/heap/SmansEtAl/CellClient_m.key 
97442      INFO  main            d.u.i.k.p.i.AbstractProblemLoader Loading environment from /home/runner/work/key/key/key.core/../key.ui/examples/heap/SmansEtAl/CellClient_m.key 
97442      DEBUG main            d.u.i.k.p.i.AbstractProblemLoader Environment load took 200.7ns 
97443      INFO  main            d.u.i.k.p.i.AbstractProblemLoader Creating init config 
100110     DEBUG main            d.u.i.k.p.i.AbstractProblemLoader Init config took 2.67s 
100144     INFO  main            d.u.i.k.p.i.AbstractProblemLoader Replaying proof CellClient[CellClient::m()].JML operation contract.0 
100146     DEBUG main            d.u.i.k.p.i.IntermediateProofReplayer Proof replay took 7.2ns 
100649     INFO  main            d.u.i.k.p.r.p.TestFile    ... finished proof: closed. 
100898     INFO  main            d.u.i.k.p.i.AbstractProblemLoader Loading environment from /home/runner/work/key/key/key.core/../key.ui/examples/heap/SmansEtAl/CellClient_m.key.proof 
100898     DEBUG main            d.u.i.k.p.i.AbstractProblemLoader Environment load took 437.9ns 
100899     INFO  main            d.u.i.k.p.i.AbstractProblemLoader Creating init config 
103483     DEBUG main            d.u.i.k.p.i.AbstractProblemLoader Init config took 2.58s 
103517     INFO  main            d.u.i.k.p.i.AbstractProblemLoader Replaying proof CellClient[CellClient::m()].JML operation contract.0 
103618     DEBUG main            d.u.i.k.p.i.IntermediateProofReplayer Proof replay took 97.63ms 
103619     DEBUG main            d.u.i.k.p.r.p.TestFile    ... success: reloaded. 
103620     INFO  main            d.u.i.k.p.r.p.TestFile    Now processing file /home/runner/work/key/key/key.core/../key.ui/examples/heap/SmansEtAl/Iterator_footprint.key 
103620     INFO  main            d.u.i.k.p.i.AbstractProblemLoader Loading environment from /home/runner/work/key/key/key.core/../key.ui/examples/heap/SmansEtAl/Iterator_footprint.key 
103620     DEBUG main            d.u.i.k.p.i.AbstractProblemLoader Environment load took 117.6ns 
103621     INFO  main            d.u.i.k.p.i.AbstractProblemLoader Creating init config 
106313     DEBUG main            d.u.i.k.p.i.AbstractProblemLoader Init config took 2.69s 
106372     INFO  main            d.u.i.k.p.i.AbstractProblemLoader Replaying proof Iterator[Iterator::$footprint()].JML accessible clause.0 
106374     DEBUG main            d.u.i.k.p.i.IntermediateProofReplayer Proof replay took 7.1ns 
106477     INFO  main            d.u.i.k.p.r.p.TestFile    ... finished proof: closed. 
106703     INFO  main            d.u.i.k.p.i.AbstractProblemLoader Loading environment from /home/runner/work/key/key/key.core/../key.ui/examples/heap/SmansEtAl/Iterator_footprint.key.proof 
106703     DEBUG main            d.u.i.k.p.i.AbstractProblemLoader Environment load took 147ns 
106704     INFO  main            d.u.i.k.p.i.AbstractProblemLoader Creating init config 
109289     DEBUG main            d.u.i.k.p.i.AbstractProblemLoader Init config took 2.59s 
109325     INFO  main            d.u.i.k.p.i.AbstractProblemLoader Replaying proof Iterator[Iterator::$footprint()].JML accessible clause.0 
109333     DEBUG main            d.u.i.k.p.i.IntermediateProofReplayer Proof replay took 6.37ms 
109334     DEBUG main            d.u.i.k.p.r.p.TestFile    ... success: reloaded. 
109335     INFO  main            d.u.i.k.p.r.p.TestFile    Now processing file /home/runner/work/key/key/key.core/../key.ui/examples/heap/SmansEtAl/Iterator_hasNext_dep.key 
109336     INFO  main            d.u.i.k.p.i.AbstractProblemLoader Loading environment from /home/runner/work/key/key/key.core/../key.ui/examples/heap/SmansEtAl/Iterator_hasNext_dep.key 
109336     DEBUG main            d.u.i.k.p.i.AbstractProblemLoader Environment load took 103.5ns 
109337     INFO  main            d.u.i.k.p.i.AbstractProblemLoader Creating init config 
112016     DEBUG main            d.u.i.k.p.i.AbstractProblemLoader Init config took 2.68s 
112052     INFO  main            d.u.i.k.p.i.AbstractProblemLoader Replaying proof Iterator[Iterator::hasNext()].JML accessible clause.0 
112054     DEBUG main            d.u.i.k.p.i.IntermediateProofReplayer Proof replay took 7.4ns 
112658     INFO  main            d.u.i.k.p.r.p.TestFile    ... finished proof: closed. 
112926     INFO  main            d.u.i.k.p.i.AbstractProblemLoader Loading environment from /home/runner/work/key/key/key.core/../key.ui/examples/heap/SmansEtAl/Iterator_hasNext_dep.key.proof 
112929     DEBUG main            d.u.i.k.p.i.AbstractProblemLoader Environment load took 3.16ms 
112932     INFO  main            d.u.i.k.p.i.AbstractProblemLoader Creating init config 
115503     DEBUG main            d.u.i.k.p.i.AbstractProblemLoader Init config took 2.57s 
115539     INFO  main            d.u.i.k.p.i.AbstractProblemLoader Replaying proof Iterator[Iterator::hasNext()].JML accessible clause.0 
115643     DEBUG main            d.u.i.k.p.i.IntermediateProofReplayer Proof replay took 98.46ms 
115646     DEBUG main            d.u.i.k.p.r.p.TestFile    ... success: reloaded. 
115648     INFO  main            d.u.i.k.p.r.p.TestFile    Now processing file /home/runner/work/key/key/key.core/../key.ui/examples/heap/SmansEtAl/Iterator_hasNext.key 
115649     INFO  main            d.u.i.k.p.i.AbstractProblemLoader Loading environment from /home/runner/work/key/key/key.core/../key.ui/examples/heap/SmansEtAl/Iterator_hasNext.key 
115649     DEBUG main            d.u.i.k.p.i.AbstractProblemLoader Environment load took 254ns 
115650     INFO  main            d.u.i.k.p.i.AbstractProblemLoader Creating init config 
118298     DEBUG main            d.u.i.k.p.i.AbstractProblemLoader Init config took 2.65s 
118335     INFO  main            d.u.i.k.p.i.AbstractProblemLoader Replaying proof Iterator[Iterator::hasNext()].JML normal_behavior operation contract.0 
118336     DEBUG main            d.u.i.k.p.i.IntermediateProofReplayer Proof replay took 6.9ns 
118940     INFO  main            d.u.i.k.p.r.p.TestFile    ... finished proof: closed. 
119233     INFO  main            d.u.i.k.p.i.AbstractProblemLoader Loading environment from /home/runner/work/key/key/key.core/../key.ui/examples/heap/SmansEtAl/Iterator_hasNext.key.proof 
119234     DEBUG main            d.u.i.k.p.i.AbstractProblemLoader Environment load took 486.5ns 
119235     INFO  main            d.u.i.k.p.i.AbstractProblemLoader Creating init config 
121846     DEBUG main            d.u.i.k.p.i.AbstractProblemLoader Init config took 2.61s 
121882     INFO  main            d.u.i.k.p.i.AbstractProblemLoader Replaying proof Iterator[Iterator::hasNext()].JML normal_behavior operation contract.0 
121966     DEBUG main            d.u.i.k.p.i.IntermediateProofReplayer Proof replay took 78.82ms 
121967     DEBUG main            d.u.i.k.p.r.p.TestFile    ... success: reloaded. 
121968     INFO  main            d.u.i.k.p.r.p.TestFile    Now processing file /home/runner/work/key/key/key.core/../key.ui/examples/heap/SmansEtAl/Iterator_inv.key 
121968     INFO  main            d.u.i.k.p.i.AbstractProblemLoader Loading environment from /home/runner/work/key/key/key.core/../key.ui/examples/heap/SmansEtAl/Iterator_inv.key 
121968     DEBUG main            d.u.i.k.p.i.AbstractProblemLoader Environment load took 104.1ns 
121969     INFO  main            d.u.i.k.p.i.AbstractProblemLoader Creating init config 
124584     DEBUG main            d.u.i.k.p.i.AbstractProblemLoader Init config took 2.61s 
124622     INFO  main            d.u.i.k.p.i.AbstractProblemLoader Replaying proof Iterator[java.lang.Object::<inv>()].JML accessible clause.0 
124624     DEBUG main            d.u.i.k.p.i.IntermediateProofReplayer Proof replay took 6.1ns 
124827     INFO  main            d.u.i.k.p.r.p.TestFile    ... finished proof: closed. 
125086     INFO  main            d.u.i.k.p.i.AbstractProblemLoader Loading environment from /home/runner/work/key/key/key.core/../key.ui/examples/heap/SmansEtAl/Iterator_inv.key.proof 
125086     DEBUG main            d.u.i.k.p.i.AbstractProblemLoader Environment load took 111.5ns 
125087     INFO  main            d.u.i.k.p.i.AbstractProblemLoader Creating init config 
127657     DEBUG main            d.u.i.k.p.i.AbstractProblemLoader Init config took 2.57s 
127695     INFO  main            d.u.i.k.p.i.AbstractProblemLoader Replaying proof Iterator[java.lang.Object::<inv>()].JML accessible clause.0 
127720     DEBUG main            d.u.i.k.p.i.IntermediateProofReplayer Proof replay took 22.98ms 
127721     DEBUG main            d.u.i.k.p.r.p.TestFile    ... success: reloaded. 
127722     INFO  main            d.u.i.k.p.r.p.TestFile    Now processing file /home/runner/work/key/key/key.core/../key.ui/examples/heap/SmansEtAl/Iterator_Iterator.key 
127723     INFO  main            d.u.i.k.p.i.AbstractProblemLoader Loading environment from /home/runner/work/key/key/key.core/../key.ui/examples/heap/SmansEtAl/Iterator_Iterator.key 
127723     DEBUG main            d.u.i.k.p.i.AbstractProblemLoader Environment load took 84.5ns 
127723     INFO  main            d.u.i.k.p.i.AbstractProblemLoader Creating init config 
130371     DEBUG main            d.u.i.k.p.i.AbstractProblemLoader Init config took 2.65s 
130407     INFO  main            d.u.i.k.p.i.AbstractProblemLoader Replaying proof Iterator[Iterator::Iterator(ArrayList)].JML normal_behavior operation contract.0 
130409     DEBUG main            d.u.i.k.p.i.IntermediateProofReplayer Proof replay took 6.3ns 
131819     INFO  main            d.u.i.k.p.r.p.TestFile    ... finished proof: closed. 
132087     INFO  main            d.u.i.k.p.i.AbstractProblemLoader Loading environment from /home/runner/work/key/key/key.core/../key.ui/examples/heap/SmansEtAl/Iterator_Iterator.key.proof 
132087     DEBUG main            d.u.i.k.p.i.AbstractProblemLoader Environment load took 456.9ns 
132089     INFO  main            d.u.i.k.p.i.AbstractProblemLoader Creating init config 
134655     DEBUG main            d.u.i.k.p.i.AbstractProblemLoader Init config took 2.57s 
134692     INFO  main            d.u.i.k.p.i.AbstractProblemLoader Replaying proof Iterator[Iterator::Iterator(ArrayList)].JML normal_behavior operation contract.0 
134881     DEBUG main            d.u.i.k.p.i.IntermediateProofReplayer Proof replay took 177.68ms 
134883     DEBUG main            d.u.i.k.p.r.p.TestFile    ... success: reloaded. 
134884     INFO  main            d.u.i.k.p.r.p.TestFile    Now processing file /home/runner/work/key/key/key.core/../key.ui/examples/heap/SmansEtAl/Iterator_list_dep.key 
134885     INFO  main            d.u.i.k.p.i.AbstractProblemLoader Loading environment from /home/runner/work/key/key/key.core/../key.ui/examples/heap/SmansEtAl/Iterator_list_dep.key 
134885     DEBUG main            d.u.i.k.p.i.AbstractProblemLoader Environment load took 219.2ns 
134886     INFO  main            d.u.i.k.p.i.AbstractProblemLoader Creating init config 
137530     DEBUG main            d.u.i.k.p.i.AbstractProblemLoader Init config took 2.64s 
137565     INFO  main            d.u.i.k.p.i.AbstractProblemLoader Replaying proof Iterator[Iterator::list()].JML accessible clause.0 
137566     DEBUG main            d.u.i.k.p.i.IntermediateProofReplayer Proof replay took 5.9ns 
137669     INFO  main            d.u.i.k.p.r.p.TestFile    ... finished proof: closed. 
137934     INFO  main            d.u.i.k.p.i.AbstractProblemLoader Loading environment from /home/runner/work/key/key/key.core/../key.ui/examples/heap/SmansEtAl/Iterator_list_dep.key.proof 
137935     DEBUG main            d.u.i.k.p.i.AbstractProblemLoader Environment load took 109.4ns 
137936     INFO  main            d.u.i.k.p.i.AbstractProblemLoader Creating init config 
140504     DEBUG main            d.u.i.k.p.i.AbstractProblemLoader Init config took 2.57s 
140540     INFO  main            d.u.i.k.p.i.AbstractProblemLoader Replaying proof Iterator[Iterator::list()].JML accessible clause.0 
140559     DEBUG main            d.u.i.k.p.i.IntermediateProofReplayer Proof replay took 17.07ms 
140560     DEBUG main            d.u.i.k.p.r.p.TestFile    ... success: reloaded. 
140561     INFO  main            d.u.i.k.p.r.p.TestFile    Now processing file /home/runner/work/key/key/key.core/../key.ui/examples/heap/SmansEtAl/Iterator_list.key 
140561     INFO  main            d.u.i.k.p.i.AbstractProblemLoader Loading environment from /home/runner/work/key/key/key.core/../key.ui/examples/heap/SmansEtAl/Iterator_list.key 
140561     DEBUG main            d.u.i.k.p.i.AbstractProblemLoader Environment load took 110.2ns 
140562     INFO  main            d.u.i.k.p.i.AbstractProblemLoader Creating init config 
143185     DEBUG main            d.u.i.k.p.i.AbstractProblemLoader Init config took 2.62s 
143221     INFO  main            d.u.i.k.p.i.AbstractProblemLoader Replaying proof Iterator[Iterator::list()].JML normal_behavior operation contract.0 
143222     DEBUG main            d.u.i.k.p.i.IntermediateProofReplayer Proof replay took 5.9ns 
143324     INFO  main            d.u.i.k.p.r.p.TestFile    ... finished proof: closed. 
143587     INFO  main            d.u.i.k.p.i.AbstractProblemLoader Loading environment from /home/runner/work/key/key/key.core/../key.ui/examples/heap/SmansEtAl/Iterator_list.key.proof 
143587     DEBUG main            d.u.i.k.p.i.AbstractProblemLoader Environment load took 148.6ns 
143588     INFO  main            d.u.i.k.p.i.AbstractProblemLoader Creating init config 
146148     DEBUG main            d.u.i.k.p.i.AbstractProblemLoader Init config took 2.56s 
146184     INFO  main            d.u.i.k.p.i.AbstractProblemLoader Replaying proof Iterator[Iterator::list()].JML normal_behavior operation contract.0 
146201     DEBUG main            d.u.i.k.p.i.IntermediateProofReplayer Proof replay took 14.31ms 
146202     DEBUG main            d.u.i.k.p.r.p.TestFile    ... success: reloaded. 
146203     INFO  main            d.u.i.k.p.r.p.TestFile    Now processing file /home/runner/work/key/key/key.core/../key.ui/examples/heap/SmansEtAl/Iterator_next.key 
146203     INFO  main            d.u.i.k.p.i.AbstractProblemLoader Loading environment from /home/runner/work/key/key/key.core/../key.ui/examples/heap/SmansEtAl/Iterator_next.key 
146203     DEBUG main            d.u.i.k.p.i.AbstractProblemLoader Environment load took 105ns 
146204     INFO  main            d.u.i.k.p.i.AbstractProblemLoader Creating init config 
148856     DEBUG main            d.u.i.k.p.i.AbstractProblemLoader Init config took 2.65s 
148892     INFO  main            d.u.i.k.p.i.AbstractProblemLoader Replaying proof Iterator[Iterator::next()].JML normal_behavior operation contract.0 
148893     DEBUG main            d.u.i.k.p.i.IntermediateProofReplayer Proof replay took 6.4ns 
151803     INFO  main            d.u.i.k.p.r.p.TestFile    ... finished proof: closed. 
152097     INFO  main            d.u.i.k.p.i.AbstractProblemLoader Loading environment from /home/runner/work/key/key/key.core/../key.ui/examples/heap/SmansEtAl/Iterator_next.key.proof 
152097     DEBUG main            d.u.i.k.p.i.AbstractProblemLoader Environment load took 315.3ns 
152099     INFO  main            d.u.i.k.p.i.AbstractProblemLoader Creating init config 
154650     DEBUG main            d.u.i.k.p.i.AbstractProblemLoader Init config took 2.55s 
154686     INFO  main            d.u.i.k.p.i.AbstractProblemLoader Replaying proof Iterator[Iterator::next()].JML normal_behavior operation contract.0 
154976     DEBUG main            d.u.i.k.p.i.IntermediateProofReplayer Proof replay took 273.85ms 
154978     DEBUG main            d.u.i.k.p.r.p.TestFile    ... success: reloaded. 
154979     INFO  main            d.u.i.k.p.r.p.TestFile    Now processing file /home/runner/work/key/key/key.core/../key.ui/examples/heap/SmansEtAl/Stack_footprint.key 
154979     INFO  main            d.u.i.k.p.i.AbstractProblemLoader Loading environment from /home/runner/work/key/key/key.core/../key.ui/examples/heap/SmansEtAl/Stack_footprint.key 
154979     DEBUG main            d.u.i.k.p.i.AbstractProblemLoader Environment load took 104.6ns 
154980     INFO  main            d.u.i.k.p.i.AbstractProblemLoader Creating init config 
157608     DEBUG main            d.u.i.k.p.i.AbstractProblemLoader Init config took 2.63s 
157663     INFO  main            d.u.i.k.p.i.AbstractProblemLoader Replaying proof Stack[Stack::$footprint()].JML accessible clause.0 
157665     DEBUG main            d.u.i.k.p.i.IntermediateProofReplayer Proof replay took 7.4ns 
157869     INFO  main            d.u.i.k.p.r.p.TestFile    ... finished proof: closed. 
158156     INFO  main            d.u.i.k.p.i.AbstractProblemLoader Loading environment from /home/runner/work/key/key/key.core/../key.ui/examples/heap/SmansEtAl/Stack_footprint.key.proof 
158156     DEBUG main            d.u.i.k.p.i.AbstractProblemLoader Environment load took 114.5ns 
158157     INFO  main            d.u.i.k.p.i.AbstractProblemLoader Creating init config 
160703     DEBUG main            d.u.i.k.p.i.AbstractProblemLoader Init config took 2.55s 
160737     INFO  main            d.u.i.k.p.i.AbstractProblemLoader Replaying proof Stack[Stack::$footprint()].JML accessible clause.0 
160764     DEBUG main            d.u.i.k.p.i.IntermediateProofReplayer Proof replay took 23.63ms 
160765     DEBUG main            d.u.i.k.p.r.p.TestFile    ... success: reloaded. 
160766     INFO  main            d.u.i.k.p.r.p.TestFile    Now processing file /home/runner/work/key/key/key.core/../key.ui/examples/heap/SmansEtAl/Stack_inv.key 
160766     INFO  main            d.u.i.k.p.i.AbstractProblemLoader Loading environment from /home/runner/work/key/key/key.core/../key.ui/examples/heap/SmansEtAl/Stack_inv.key 
160767     DEBUG main            d.u.i.k.p.i.AbstractProblemLoader Environment load took 207ns 
160768     INFO  main            d.u.i.k.p.i.AbstractProblemLoader Creating init config 
163393     DEBUG main            d.u.i.k.p.i.AbstractProblemLoader Init config took 2.63s 
163427     INFO  main            d.u.i.k.p.i.AbstractProblemLoader Replaying proof Stack[java.lang.Object::<inv>()].JML accessible clause.0 
163432     DEBUG main            d.u.i.k.p.i.IntermediateProofReplayer Proof replay took 6.9ns 
163536     INFO  main            d.u.i.k.p.r.p.TestFile    ... finished proof: closed. 
163816     INFO  main            d.u.i.k.p.i.AbstractProblemLoader Loading environment from /home/runner/work/key/key/key.core/../key.ui/examples/heap/SmansEtAl/Stack_inv.key.proof 
163816     DEBUG main            d.u.i.k.p.i.AbstractProblemLoader Environment load took 116.8ns 
163817     INFO  main            d.u.i.k.p.i.AbstractProblemLoader Creating init config 
166366     DEBUG main            d.u.i.k.p.i.AbstractProblemLoader Init config took 2.55s 
166399     INFO  main            d.u.i.k.p.i.AbstractProblemLoader Replaying proof Stack[java.lang.Object::<inv>()].JML accessible clause.0 
166410     DEBUG main            d.u.i.k.p.i.IntermediateProofReplayer Proof replay took 9.71ms 
166411     DEBUG main            d.u.i.k.p.r.p.TestFile    ... success: reloaded. 
166412     INFO  main            d.u.i.k.p.r.p.TestFile    Now processing file /home/runner/work/key/key/key.core/../key.ui/examples/heap/SmansEtAl/Stack_push.key 
166413     INFO  main            d.u.i.k.p.i.AbstractProblemLoader Loading environment from /home/runner/work/key/key/key.core/../key.ui/examples/heap/SmansEtAl/Stack_push.key 
166413     DEBUG main            d.u.i.k.p.i.AbstractProblemLoader Environment load took 105.9ns 
166413     INFO  main            d.u.i.k.p.i.AbstractProblemLoader Creating init config 
169022     DEBUG main            d.u.i.k.p.i.AbstractProblemLoader Init config took 2.61s 
169057     INFO  main            d.u.i.k.p.i.AbstractProblemLoader Replaying proof Stack[Stack::push(java.lang.Object)].JML normal_behavior operation contract.0 
169058     DEBUG main            d.u.i.k.p.i.IntermediateProofReplayer Proof replay took 6.2ns 
169763     INFO  main            d.u.i.k.p.r.p.TestFile    ... finished proof: closed. 
170050     INFO  main            d.u.i.k.p.i.AbstractProblemLoader Loading environment from /home/runner/work/key/key/key.core/../key.ui/examples/heap/SmansEtAl/Stack_push.key.proof 
170050     DEBUG main            d.u.i.k.p.i.AbstractProblemLoader Environment load took 142.2ns 
170052     INFO  main            d.u.i.k.p.i.AbstractProblemLoader Creating init config 
172629     DEBUG main            d.u.i.k.p.i.AbstractProblemLoader Init config took 2.58s 
172664     INFO  main            d.u.i.k.p.i.AbstractProblemLoader Replaying proof Stack[Stack::push(java.lang.Object)].JML normal_behavior operation contract.0 
172781     DEBUG main            d.u.i.k.p.i.IntermediateProofReplayer Proof replay took 112.23ms 
172782     DEBUG main            d.u.i.k.p.r.p.TestFile    ... success: reloaded. 
172785     INFO  main            d.u.i.k.p.r.p.TestFile    Now processing file /home/runner/work/key/key/key.core/../key.ui/examples/heap/SmansEtAl/Stack_size.key 
172785     INFO  main            d.u.i.k.p.i.AbstractProblemLoader Loading environment from /home/runner/work/key/key/key.core/../key.ui/examples/heap/SmansEtAl/Stack_size.key 
172785     DEBUG main            d.u.i.k.p.i.AbstractProblemLoader Environment load took 231.5ns 
172786     INFO  main            d.u.i.k.p.i.AbstractProblemLoader Creating init config 
175421     DEBUG main            d.u.i.k.p.i.AbstractProblemLoader Init config took 2.63s 
175474     INFO  main            d.u.i.k.p.i.AbstractProblemLoader Replaying proof Stack[Stack::size()].JML accessible clause.0 
175476     DEBUG main            d.u.i.k.p.i.IntermediateProofReplayer Proof replay took 6.2ns 
175678     INFO  main            d.u.i.k.p.r.p.TestFile    ... finished proof: closed. 
175978     INFO  main            d.u.i.k.p.i.AbstractProblemLoader Loading environment from /home/runner/work/key/key/key.core/../key.ui/examples/heap/SmansEtAl/Stack_size.key.proof 
175978     DEBUG main            d.u.i.k.p.i.AbstractProblemLoader Environment load took 108ns 
175979     INFO  main            d.u.i.k.p.i.AbstractProblemLoader Creating init config 
178529     DEBUG main            d.u.i.k.p.i.AbstractProblemLoader Init config took 2.55s 
178563     INFO  main            d.u.i.k.p.i.AbstractProblemLoader Replaying proof Stack[Stack::size()].JML accessible clause.0 
178607     DEBUG main            d.u.i.k.p.i.IntermediateProofReplayer Proof replay took 41.38ms 
178608     DEBUG main            d.u.i.k.p.r.p.TestFile    ... success: reloaded. 
178610     INFO  main            d.u.i.k.p.r.p.TestFile    Now processing file /home/runner/work/key/key/key.core/../key.ui/examples/heap/SmansEtAl/Stack_Stack.key 
178610     INFO  main            d.u.i.k.p.i.AbstractProblemLoader Loading environment from /home/runner/work/key/key/key.core/../key.ui/examples/heap/SmansEtAl/Stack_Stack.key 
178610     DEBUG main            d.u.i.k.p.i.AbstractProblemLoader Environment load took 241.3ns 
178611     INFO  main            d.u.i.k.p.i.AbstractProblemLoader Creating init config 
181272     DEBUG main            d.u.i.k.p.i.AbstractProblemLoader Init config took 2.66s 
181308     INFO  main            d.u.i.k.p.i.AbstractProblemLoader Replaying proof Stack[Stack::Stack()].JML normal_behavior operation contract.0 
181310     DEBUG main            d.u.i.k.p.i.IntermediateProofReplayer Proof replay took 7.2ns 
182415     INFO  main            d.u.i.k.p.r.p.TestFile    ... finished proof: closed. 
182738     INFO  main            d.u.i.k.p.i.AbstractProblemLoader Loading environment from /home/runner/work/key/key/key.core/../key.ui/examples/heap/SmansEtAl/Stack_Stack.key.proof 
182738     DEBUG main            d.u.i.k.p.i.AbstractProblemLoader Environment load took 377.6ns 
182740     INFO  main            d.u.i.k.p.i.AbstractProblemLoader Creating init config 
185282     DEBUG main            d.u.i.k.p.i.AbstractProblemLoader Init config took 2.54s 
185330     INFO  main            d.u.i.k.p.i.AbstractProblemLoader Replaying proof Stack[Stack::Stack()].JML normal_behavior operation contract.0 
185519     DEBUG main            d.u.i.k.p.i.IntermediateProofReplayer Proof replay took 179.38ms 
185523     DEBUG main            d.u.i.k.p.r.p.TestFile    ... success: reloaded. 
185524     INFO  main            d.u.i.k.p.r.p.TestFile    Now processing file /home/runner/work/key/key/key.core/../key.ui/examples/heap/SmansEtAl/Stack_switchContents.key 
185525     INFO  main            d.u.i.k.p.i.AbstractProblemLoader Loading environment from /home/runner/work/key/key/key.core/../key.ui/examples/heap/SmansEtAl/Stack_switchContents.key 
185525     DEBUG main            d.u.i.k.p.i.AbstractProblemLoader Environment load took 215ns 
185526     INFO  main            d.u.i.k.p.i.AbstractProblemLoader Creating init config 
188125     DEBUG main            d.u.i.k.p.i.AbstractProblemLoader Init config took 2.6s 
188160     INFO  main            d.u.i.k.p.i.AbstractProblemLoader Replaying proof Stack[Stack::switchContents(Stack)].JML normal_behavior operation contract.0 
188161     DEBUG main            d.u.i.k.p.i.IntermediateProofReplayer Proof replay took 7ns 
192881     INFO  main            d.u.i.k.p.r.p.TestFile    ... finished proof: closed. 
193215     INFO  main            d.u.i.k.p.i.AbstractProblemLoader Loading environment from /home/runner/work/key/key/key.core/../key.ui/examples/heap/SmansEtAl/Stack_switchContents.key.proof 
193215     DEBUG main            d.u.i.k.p.i.AbstractProblemLoader Environment load took 220.9ns 
193218     INFO  main            d.u.i.k.p.i.AbstractProblemLoader Creating init config 
195763     DEBUG main            d.u.i.k.p.i.AbstractProblemLoader Init config took 2.54s 
195797     INFO  main            d.u.i.k.p.i.AbstractProblemLoader Replaying proof Stack[Stack::switchContents(Stack)].JML normal_behavior operation contract.0 
196275     DEBUG main            d.u.i.k.p.i.IntermediateProofReplayer Proof replay took 462.75ms 
196277     DEBUG main            d.u.i.k.p.r.p.TestFile    ... success: reloaded. 
2110208    INFO  Test worker     d.u.i.k.p.r.RunAllProofsTestUnit Returning from test SmansEtAl 
2110209    INFO  Test worker     d.u.i.k.p.r.RunAllProofsTestUnit Running test VACID0 
338        INFO  Timeout watchdog d.u.i.k.p.r.p.ForkedTestFileRunner Timeout watcher launched (2000 secs.) 
349        WARN  main            d.u.i.k.s.ProofSettings   The settings in /home/runner/.key/proof-settings.props are *not* read. 
396        INFO  main            d.u.i.k.p.r.p.TestFile    Now processing file /home/runner/work/key/key/key.core/../key.ui/examples/heap/vacid0_01_SparseArray/Harness_sparseArrayTestHarness1.key 
529        INFO  main            d.u.i.k.p.i.AbstractProblemLoader Loading environment from /home/runner/work/key/key/key.core/../key.ui/examples/heap/vacid0_01_SparseArray/Harness_sparseArrayTestHarness1.key 
546        DEBUG main            d.u.i.k.p.i.AbstractProblemLoader Environment load took 2.25ms 
775        INFO  main            d.u.i.k.p.i.AbstractProblemLoader Creating init config 
1693       DEBUG main            d.u.i.k.j.TypeConverter   No LDT found for Meta 
1694       DEBUG main            d.u.i.k.j.TypeConverter   No LDT found for Meta 
1695       DEBUG main            d.u.i.k.j.TypeConverter   No LDT found for Meta 
1696       DEBUG main            d.u.i.k.j.TypeConverter   No LDT found for Meta 
2964       DEBUG main            d.u.i.k.j.TypeConverter   No LDT found for JavaBigintExpression 
8307       DEBUG main            d.u.i.k.p.i.AbstractProblemLoader Init config took 7.53s 
8524       INFO  main            d.u.i.k.p.i.AbstractProblemLoader Replaying proof Harness[Harness::sparseArrayTestHarness1()].JML normal_behavior operation contract.0 
8560       DEBUG main            d.u.i.k.p.i.IntermediateProofReplayer Proof replay took 36.7ns 
10249      INFO  main            d.u.i.k.p.r.p.TestFile    ... finished proof: closed. 
10407      INFO  main            d.u.i.k.p.i.AbstractProblemLoader Loading environment from /home/runner/work/key/key/key.core/../key.ui/examples/heap/vacid0_01_SparseArray/Harness_sparseArrayTestHarness1.key.proof 
10407      DEBUG main            d.u.i.k.p.i.AbstractProblemLoader Environment load took 173.4ns 
10416      INFO  main            d.u.i.k.p.i.AbstractProblemLoader Creating init config 
13339      DEBUG main            d.u.i.k.p.i.AbstractProblemLoader Init config took 2.92s 
13405      INFO  main            d.u.i.k.p.i.AbstractProblemLoader Replaying proof Harness[Harness::sparseArrayTestHarness1()].JML normal_behavior operation contract.0 
13586      DEBUG main            d.u.i.k.p.i.IntermediateProofReplayer Proof replay took 171.91ms 
13593      DEBUG main            d.u.i.k.p.r.p.TestFile    ... success: reloaded. 
13594      INFO  main            d.u.i.k.p.r.p.TestFile    Now processing file /home/runner/work/key/key/key.core/../key.ui/examples/heap/vacid0_01_SparseArray/Harness_sparseArrayTestHarness2.key 
13595      INFO  main            d.u.i.k.p.i.AbstractProblemLoader Loading environment from /home/runner/work/key/key/key.core/../key.ui/examples/heap/vacid0_01_SparseArray/Harness_sparseArrayTestHarness2.key 
13595      DEBUG main            d.u.i.k.p.i.AbstractProblemLoader Environment load took 246.1ns 
13597      INFO  main            d.u.i.k.p.i.AbstractProblemLoader Creating init config 
16462      DEBUG main            d.u.i.k.p.i.AbstractProblemLoader Init config took 2.86s 
16519      INFO  main            d.u.i.k.p.i.AbstractProblemLoader Replaying proof Harness[Harness::sparseArrayTestHarness2()].JML normal_behavior operation contract.0 
16522      DEBUG main            d.u.i.k.p.i.IntermediateProofReplayer Proof replay took 6.6ns 
26460      INFO  main            d.u.i.k.p.r.p.TestFile    ... finished proof: closed. 
26661      INFO  main            d.u.i.k.p.i.AbstractProblemLoader Loading environment from /home/runner/work/key/key/key.core/../key.ui/examples/heap/vacid0_01_SparseArray/Harness_sparseArrayTestHarness2.key.proof 
26665      DEBUG main            d.u.i.k.p.i.AbstractProblemLoader Environment load took 4.18ms 
26670      INFO  main            d.u.i.k.p.i.AbstractProblemLoader Creating init config 
29391      DEBUG main            d.u.i.k.p.i.AbstractProblemLoader Init config took 2.72s 
29451      INFO  main            d.u.i.k.p.i.AbstractProblemLoader Replaying proof Harness[Harness::sparseArrayTestHarness2()].JML normal_behavior operation contract.0 
30650      DEBUG main            d.u.i.k.p.i.IntermediateProofReplayer Proof replay took 1.15s 
30653      DEBUG main            d.u.i.k.p.r.p.TestFile    ... success: reloaded. 
30654      INFO  main            d.u.i.k.p.r.p.TestFile    Now processing file /home/runner/work/key/key/key.core/../key.ui/examples/heap/vacid0_01_SparseArray/MemoryAllocator_alloc_unsigned.key 
30655      INFO  main            d.u.i.k.p.i.AbstractProblemLoader Loading environment from /home/runner/work/key/key/key.core/../key.ui/examples/heap/vacid0_01_SparseArray/MemoryAllocator_alloc_unsigned.key 
30655      DEBUG main            d.u.i.k.p.i.AbstractProblemLoader Environment load took 247.7ns 
30656      INFO  main            d.u.i.k.p.i.AbstractProblemLoader Creating init config 
33353      DEBUG main            d.u.i.k.p.i.AbstractProblemLoader Init config took 2.7s 
33401      INFO  main            d.u.i.k.p.i.AbstractProblemLoader Replaying proof MemoryAllocator[MemoryAllocator::alloc_unsigned(int)].JML normal_behavior operation contract.0 
33405      DEBUG main            d.u.i.k.p.i.IntermediateProofReplayer Proof replay took 7.6ns 
34427      INFO  main            d.u.i.k.p.r.p.TestFile    ... finished proof: closed. 
34594      INFO  main            d.u.i.k.p.i.AbstractProblemLoader Loading environment from /home/runner/work/key/key/key.core/../key.ui/examples/heap/vacid0_01_SparseArray/MemoryAllocator_alloc_unsigned.key.proof 
34594      DEBUG main            d.u.i.k.p.i.AbstractProblemLoader Environment load took 481.1ns 
34598      INFO  main            d.u.i.k.p.i.AbstractProblemLoader Creating init config 
37316      DEBUG main            d.u.i.k.p.i.AbstractProblemLoader Init config took 2.72s 
37359      INFO  main            d.u.i.k.p.i.AbstractProblemLoader Replaying proof MemoryAllocator[MemoryAllocator::alloc_unsigned(int)].JML normal_behavior operation contract.0 
37568      DEBUG main            d.u.i.k.p.i.IntermediateProofReplayer Proof replay took 203.12ms 
37569      DEBUG main            d.u.i.k.p.r.p.TestFile    ... success: reloaded. 
37571      INFO  main            d.u.i.k.p.r.p.TestFile    Now processing file /home/runner/work/key/key/key.core/../key.ui/examples/heap/vacid0_01_SparseArray/MemoryAllocator_alloc.key 
37571      INFO  main            d.u.i.k.p.i.AbstractProblemLoader Loading environment from /home/runner/work/key/key/key.core/../key.ui/examples/heap/vacid0_01_SparseArray/MemoryAllocator_alloc.key 
37571      DEBUG main            d.u.i.k.p.i.AbstractProblemLoader Environment load took 215.7ns 
37572      INFO  main            d.u.i.k.p.i.AbstractProblemLoader Creating init config 
40251      DEBUG main            d.u.i.k.p.i.AbstractProblemLoader Init config took 2.68s 
40292      INFO  main            d.u.i.k.p.i.AbstractProblemLoader Replaying proof MemoryAllocator[MemoryAllocator::alloc(int)].JML normal_behavior operation contract.0 
40294      DEBUG main            d.u.i.k.p.i.IntermediateProofReplayer Proof replay took 14ns 
40899      INFO  main            d.u.i.k.p.r.p.TestFile    ... finished proof: closed. 
41094      INFO  main            d.u.i.k.p.i.AbstractProblemLoader Loading environment from /home/runner/work/key/key/key.core/../key.ui/examples/heap/vacid0_01_SparseArray/MemoryAllocator_alloc.key.proof 
41095      DEBUG main            d.u.i.k.p.i.AbstractProblemLoader Environment load took 429.2ns 
41096      INFO  main            d.u.i.k.p.i.AbstractProblemLoader Creating init config 
43707      DEBUG main            d.u.i.k.p.i.AbstractProblemLoader Init config took 2.61s 
43748      INFO  main            d.u.i.k.p.i.AbstractProblemLoader Replaying proof MemoryAllocator[MemoryAllocator::alloc(int)].JML normal_behavior operation contract.0 
43884      DEBUG main            d.u.i.k.p.i.IntermediateProofReplayer Proof replay took 131.4ms 
43885      DEBUG main            d.u.i.k.p.r.p.TestFile    ... success: reloaded. 
43886      INFO  main            d.u.i.k.p.r.p.TestFile    Now processing file /home/runner/work/key/key/key.core/../key.ui/examples/heap/vacid0_01_SparseArray/SparseArray_get_dep.key 
43886      INFO  main            d.u.i.k.p.i.AbstractProblemLoader Loading environment from /home/runner/work/key/key/key.core/../key.ui/examples/heap/vacid0_01_SparseArray/SparseArray_get_dep.key 
43887      DEBUG main            d.u.i.k.p.i.AbstractProblemLoader Environment load took 108.1ns 
43887      INFO  main            d.u.i.k.p.i.AbstractProblemLoader Creating init config 
46538      DEBUG main            d.u.i.k.p.i.AbstractProblemLoader Init config took 2.65s 
46614      INFO  main            d.u.i.k.p.i.AbstractProblemLoader Replaying proof SparseArray[SparseArray::get(int)].JML accessible clause.0 
46617      DEBUG main            d.u.i.k.p.i.IntermediateProofReplayer Proof replay took 6.1ns 
49850      INFO  main            d.u.i.k.p.r.p.TestFile    ... finished proof: closed. 
50044      INFO  main            d.u.i.k.p.i.AbstractProblemLoader Loading environment from /home/runner/work/key/key/key.core/../key.ui/examples/heap/vacid0_01_SparseArray/SparseArray_get_dep.key.proof 
50045      DEBUG main            d.u.i.k.p.i.AbstractProblemLoader Environment load took 1.12ms 
50046      INFO  main            d.u.i.k.p.i.AbstractProblemLoader Creating init config 
52711      DEBUG main            d.u.i.k.p.i.AbstractProblemLoader Init config took 2.66s 
52769      INFO  main            d.u.i.k.p.i.AbstractProblemLoader Replaying proof SparseArray[SparseArray::get(int)].JML accessible clause.0 
53117      DEBUG main            d.u.i.k.p.i.IntermediateProofReplayer Proof replay took 337.09ms 
53118      DEBUG main            d.u.i.k.p.r.p.TestFile    ... success: reloaded. 
53119      INFO  main            d.u.i.k.p.r.p.TestFile    Now processing file /home/runner/work/key/key/key.core/../key.ui/examples/heap/vacid0_01_SparseArray/SparseArray_get.key 
53120      INFO  main            d.u.i.k.p.i.AbstractProblemLoader Loading environment from /home/runner/work/key/key/key.core/../key.ui/examples/heap/vacid0_01_SparseArray/SparseArray_get.key 
53120      DEBUG main            d.u.i.k.p.i.AbstractProblemLoader Environment load took 274.2ns 
53121      INFO  main            d.u.i.k.p.i.AbstractProblemLoader Creating init config 
55755      DEBUG main            d.u.i.k.p.i.AbstractProblemLoader Init config took 2.63s 
55811      INFO  main            d.u.i.k.p.i.AbstractProblemLoader Replaying proof SparseArray[SparseArray::get(int)].JML normal_behavior operation contract.0 
55813      DEBUG main            d.u.i.k.p.i.IntermediateProofReplayer Proof replay took 6.5ns 
58026      INFO  main            d.u.i.k.p.r.p.TestFile    ... finished proof: closed. 
58208      INFO  main            d.u.i.k.p.i.AbstractProblemLoader Loading environment from /home/runner/work/key/key/key.core/../key.ui/examples/heap/vacid0_01_SparseArray/SparseArray_get.key.proof 
58209      DEBUG main            d.u.i.k.p.i.AbstractProblemLoader Environment load took 1.43ms 
58211      INFO  main            d.u.i.k.p.i.AbstractProblemLoader Creating init config 
60788      DEBUG main            d.u.i.k.p.i.AbstractProblemLoader Init config took 2.58s 
60845      INFO  main            d.u.i.k.p.i.AbstractProblemLoader Replaying proof SparseArray[SparseArray::get(int)].JML normal_behavior operation contract.0 
61125      DEBUG main            d.u.i.k.p.i.IntermediateProofReplayer Proof replay took 270.99ms 
61127      DEBUG main            d.u.i.k.p.r.p.TestFile    ... success: reloaded. 
61128      INFO  main            d.u.i.k.p.r.p.TestFile    Now processing file /home/runner/work/key/key/key.core/../key.ui/examples/heap/vacid0_01_SparseArray/SparseArray_inv.key 
61129      INFO  main            d.u.i.k.p.i.AbstractProblemLoader Loading environment from /home/runner/work/key/key/key.core/../key.ui/examples/heap/vacid0_01_SparseArray/SparseArray_inv.key 
61129      DEBUG main            d.u.i.k.p.i.AbstractProblemLoader Environment load took 218.9ns 
61130      INFO  main            d.u.i.k.p.i.AbstractProblemLoader Creating init config 
63787      DEBUG main            d.u.i.k.p.i.AbstractProblemLoader Init config took 2.66s 
63840      INFO  main            d.u.i.k.p.i.AbstractProblemLoader Replaying proof SparseArray[java.lang.Object::<inv>()].JML accessible clause.0 
63842      DEBUG main            d.u.i.k.p.i.IntermediateProofReplayer Proof replay took 6.1ns 
65674      INFO  main            d.u.i.k.p.r.p.TestFile    ... finished proof: closed. 
65861      INFO  main            d.u.i.k.p.i.AbstractProblemLoader Loading environment from /home/runner/work/key/key/key.core/../key.ui/examples/heap/vacid0_01_SparseArray/SparseArray_inv.key.proof 
65861      DEBUG main            d.u.i.k.p.i.AbstractProblemLoader Environment load took 457.51ns 
65862      INFO  main            d.u.i.k.p.i.AbstractProblemLoader Creating init config 
68401      DEBUG main            d.u.i.k.p.i.AbstractProblemLoader Init config took 2.54s 
68454      INFO  main            d.u.i.k.p.i.AbstractProblemLoader Replaying proof SparseArray[java.lang.Object::<inv>()].JML accessible clause.0 
68579      DEBUG main            d.u.i.k.p.i.IntermediateProofReplayer Proof replay took 120.23ms 
68580      DEBUG main            d.u.i.k.p.r.p.TestFile    ... success: reloaded. 
68581      INFO  main            d.u.i.k.p.r.p.TestFile    Now processing file /home/runner/work/key/key/key.core/../key.ui/examples/heap/vacid0_01_SparseArray/SparseArray_SparseArray.key 
68582      INFO  main            d.u.i.k.p.i.AbstractProblemLoader Loading environment from /home/runner/work/key/key/key.core/../key.ui/examples/heap/vacid0_01_SparseArray/SparseArray_SparseArray.key 
68582      DEBUG main            d.u.i.k.p.i.AbstractProblemLoader Environment load took 98.5ns 
68583      INFO  main            d.u.i.k.p.i.AbstractProblemLoader Creating init config 
71187      DEBUG main            d.u.i.k.p.i.AbstractProblemLoader Init config took 2.6s 
71246      INFO  main            d.u.i.k.p.i.AbstractProblemLoader Replaying proof SparseArray[SparseArray::SparseArray(int)].JML normal_behavior operation contract.0 
71251      DEBUG main            d.u.i.k.p.i.IntermediateProofReplayer Proof replay took 6ns 
74696      INFO  main            d.u.i.k.p.r.p.TestFile    ... finished proof: closed. 
74905      INFO  main            d.u.i.k.p.i.AbstractProblemLoader Loading environment from /home/runner/work/key/key/key.core/../key.ui/examples/heap/vacid0_01_SparseArray/SparseArray_SparseArray.key.proof 
74905      DEBUG main            d.u.i.k.p.i.AbstractProblemLoader Environment load took 453.71ns 
74907      INFO  main            d.u.i.k.p.i.AbstractProblemLoader Creating init config 
77426      DEBUG main            d.u.i.k.p.i.AbstractProblemLoader Init config took 2.52s 
77479      INFO  main            d.u.i.k.p.i.AbstractProblemLoader Replaying proof SparseArray[SparseArray::SparseArray(int)].JML normal_behavior operation contract.0 
77983      DEBUG main            d.u.i.k.p.i.IntermediateProofReplayer Proof replay took 495.42ms 
77985      DEBUG main            d.u.i.k.p.r.p.TestFile    ... success: reloaded. 
2188370    INFO  Test worker     d.u.i.k.p.r.RunAllProofsTestUnit Returning from test VACID0 
2188371    INFO  Test worker     d.u.i.k.p.r.RunAllProofsTestUnit Running test VSTTE10 
324        INFO  Timeout watchdog d.u.i.k.p.r.p.ForkedTestFileRunner Timeout watcher launched (2000 secs.) 
343        WARN  main            d.u.i.k.s.ProofSettings   The settings in /home/runner/.key/proof-settings.props are *not* read. 
390        INFO  main            d.u.i.k.p.r.p.TestFile    Now processing file /home/runner/work/key/key/key.core/../key.ui/examples/heap/vstte10_01_SumAndMax/SumAndMax_sumAndMax.key 
514        INFO  main            d.u.i.k.p.i.AbstractProblemLoader Loading environment from /home/runner/work/key/key/key.core/../key.ui/examples/heap/vstte10_01_SumAndMax/SumAndMax_sumAndMax.key 
537        DEBUG main            d.u.i.k.p.i.AbstractProblemLoader Environment load took 2.04ms 
756        INFO  main            d.u.i.k.p.i.AbstractProblemLoader Creating init config 
1703       DEBUG main            d.u.i.k.j.TypeConverter   No LDT found for Meta 
1703       DEBUG main            d.u.i.k.j.TypeConverter   No LDT found for Meta 
1710       DEBUG main            d.u.i.k.j.TypeConverter   No LDT found for Meta 
1710       DEBUG main            d.u.i.k.j.TypeConverter   No LDT found for Meta 
3060       DEBUG main            d.u.i.k.j.TypeConverter   No LDT found for JavaBigintExpression 
8008       DEBUG main            d.u.i.k.p.i.AbstractProblemLoader Init config took 7.25s 
8132       INFO  main            d.u.i.k.p.i.AbstractProblemLoader Replaying proof SumAndMax[SumAndMax::sumAndMax([I)].JML normal_behavior operation contract.0 
8166       DEBUG main            d.u.i.k.p.i.IntermediateProofReplayer Proof replay took 33.9ns 
13446      INFO  main            d.u.i.k.p.r.p.TestFile    ... finished proof: closed. 
13633      INFO  main            d.u.i.k.p.i.AbstractProblemLoader Loading environment from /home/runner/work/key/key/key.core/../key.ui/examples/heap/vstte10_01_SumAndMax/SumAndMax_sumAndMax.key.proof 
13635      DEBUG main            d.u.i.k.p.i.AbstractProblemLoader Environment load took 2.52ms 
13638      INFO  main            d.u.i.k.p.i.AbstractProblemLoader Creating init config 
16524      DEBUG main            d.u.i.k.p.i.AbstractProblemLoader Init config took 2.89s 
16583      INFO  main            d.u.i.k.p.i.AbstractProblemLoader Replaying proof SumAndMax[SumAndMax::sumAndMax([I)].JML normal_behavior operation contract.0 
17286      DEBUG main            d.u.i.k.p.i.IntermediateProofReplayer Proof replay took 679.13ms 
17295      DEBUG main            d.u.i.k.p.r.p.TestFile    ... success: reloaded. 
17297      INFO  main            d.u.i.k.p.r.p.TestFile    Now processing file /home/runner/work/key/key/key.core/../key.ui/examples/heap/vstte10_03_LinkedList/Node_cons.key 
17297      INFO  main            d.u.i.k.p.i.AbstractProblemLoader Loading environment from /home/runner/work/key/key/key.core/../key.ui/examples/heap/vstte10_03_LinkedList/Node_cons.key 
17298      DEBUG main            d.u.i.k.p.i.AbstractProblemLoader Environment load took 244.71ns 
17299      INFO  main            d.u.i.k.p.i.AbstractProblemLoader Creating init config 
20218      DEBUG main            d.u.i.k.p.i.AbstractProblemLoader Init config took 2.92s 
20280      INFO  main            d.u.i.k.p.i.AbstractProblemLoader Replaying proof Node[Node::cons(int,Node)].JML normal_behavior operation contract.0 
20283      DEBUG main            d.u.i.k.p.i.IntermediateProofReplayer Proof replay took 7.8ns 
21990      INFO  main            d.u.i.k.p.r.p.TestFile    ... finished proof: closed. 
22168      INFO  main            d.u.i.k.p.i.AbstractProblemLoader Loading environment from /home/runner/work/key/key/key.core/../key.ui/examples/heap/vstte10_03_LinkedList/Node_cons.key.proof 
22169      DEBUG main            d.u.i.k.p.i.AbstractProblemLoader Environment load took 775.01ns 
22171      INFO  main            d.u.i.k.p.i.AbstractProblemLoader Creating init config 
24849      DEBUG main            d.u.i.k.p.i.AbstractProblemLoader Init config took 2.68s 
24911      INFO  main            d.u.i.k.p.i.AbstractProblemLoader Replaying proof Node[Node::cons(int,Node)].JML normal_behavior operation contract.0 
25197      DEBUG main            d.u.i.k.p.i.IntermediateProofReplayer Proof replay took 272.51ms 
25198      DEBUG main            d.u.i.k.p.r.p.TestFile    ... success: reloaded. 
25200      INFO  main            d.u.i.k.p.r.p.TestFile    Now processing file /home/runner/work/key/key/key.core/../key.ui/examples/heap/vstte10_03_LinkedList/Node_inv.key 
25200      INFO  main            d.u.i.k.p.i.AbstractProblemLoader Loading environment from /home/runner/work/key/key/key.core/../key.ui/examples/heap/vstte10_03_LinkedList/Node_inv.key 
25201      DEBUG main            d.u.i.k.p.i.AbstractProblemLoader Environment load took 234.9ns 
25202      INFO  main            d.u.i.k.p.i.AbstractProblemLoader Creating init config 
27846      DEBUG main            d.u.i.k.p.i.AbstractProblemLoader Init config took 2.64s 
27899      INFO  main            d.u.i.k.p.i.AbstractProblemLoader Replaying proof Node[java.lang.Object::<inv>()].JML accessible clause.0 
27901      DEBUG main            d.u.i.k.p.i.IntermediateProofReplayer Proof replay took 7.5ns 
28307      INFO  main            d.u.i.k.p.r.p.TestFile    ... finished proof: closed. 
28460      INFO  main            d.u.i.k.p.i.AbstractProblemLoader Loading environment from /home/runner/work/key/key/key.core/../key.ui/examples/heap/vstte10_03_LinkedList/Node_inv.key.proof 
28461      DEBUG main            d.u.i.k.p.i.AbstractProblemLoader Environment load took 1.07ms 
28462      INFO  main            d.u.i.k.p.i.AbstractProblemLoader Creating init config 
31131      DEBUG main            d.u.i.k.p.i.AbstractProblemLoader Init config took 2.67s 
31180      INFO  main            d.u.i.k.p.i.AbstractProblemLoader Replaying proof Node[java.lang.Object::<inv>()].JML accessible clause.0 
31218      DEBUG main            d.u.i.k.p.i.IntermediateProofReplayer Proof replay took 34.15ms 
31220      DEBUG main            d.u.i.k.p.r.p.TestFile    ... success: reloaded. 
31221      INFO  main            d.u.i.k.p.r.p.TestFile    Now processing file /home/runner/work/key/key/key.core/../key.ui/examples/heap/vstte10_03_LinkedList/Node_search.key 
31221      INFO  main            d.u.i.k.p.i.AbstractProblemLoader Loading environment from /home/runner/work/key/key/key.core/../key.ui/examples/heap/vstte10_03_LinkedList/Node_search.key 
31222      DEBUG main            d.u.i.k.p.i.AbstractProblemLoader Environment load took 212.1ns 
31223      INFO  main            d.u.i.k.p.i.AbstractProblemLoader Creating init config 
33916      DEBUG main            d.u.i.k.p.i.AbstractProblemLoader Init config took 2.69s 
33965      INFO  main            d.u.i.k.p.i.AbstractProblemLoader Replaying proof Node[Node::search()].JML normal_behavior operation contract.0 
33967      DEBUG main            d.u.i.k.p.i.IntermediateProofReplayer Proof replay took 6.4ns 
40623      INFO  main            d.u.i.k.p.r.p.TestFile    ... finished proof: closed. 
40826      INFO  main            d.u.i.k.p.i.AbstractProblemLoader Loading environment from /home/runner/work/key/key/key.core/../key.ui/examples/heap/vstte10_03_LinkedList/Node_search.key.proof 
40827      DEBUG main            d.u.i.k.p.i.AbstractProblemLoader Environment load took 504.51ns 
40830      INFO  main            d.u.i.k.p.i.AbstractProblemLoader Creating init config 
43451      DEBUG main            d.u.i.k.p.i.AbstractProblemLoader Init config took 2.62s 
43500      INFO  main            d.u.i.k.p.i.AbstractProblemLoader Replaying proof Node[Node::search()].JML normal_behavior operation contract.0 
44176      DEBUG main            d.u.i.k.p.i.IntermediateProofReplayer Proof replay took 627.34ms 
44179      DEBUG main            d.u.i.k.p.r.p.TestFile    ... success: reloaded. 
44180      INFO  main            d.u.i.k.p.r.p.TestFile    Now processing file /home/runner/work/key/key/key.core/../key.ui/examples/heap/vstte10_04_Queens/Queens_isConsistent.key 
44180      INFO  main            d.u.i.k.p.i.AbstractProblemLoader Loading environment from /home/runner/work/key/key/key.core/../key.ui/examples/heap/vstte10_04_Queens/Queens_isConsistent.key 
44180      DEBUG main            d.u.i.k.p.i.AbstractProblemLoader Environment load took 227.31ns 
44182      INFO  main            d.u.i.k.p.i.AbstractProblemLoader Creating init config 
47123      DEBUG main            d.u.i.k.p.i.AbstractProblemLoader Init config took 2.94s 
47164      INFO  main            d.u.i.k.p.i.AbstractProblemLoader Replaying proof Queens[Queens::isConsistent([I,int)].JML normal_behavior operation contract.0 
47166      DEBUG main            d.u.i.k.p.i.IntermediateProofReplayer Proof replay took 6.4ns 
49039      INFO  main            d.u.i.k.p.r.p.TestFile    ... finished proof: closed. 
49253      INFO  main            d.u.i.k.p.i.AbstractProblemLoader Loading environment from /home/runner/work/key/key/key.core/../key.ui/examples/heap/vstte10_04_Queens/Queens_isConsistent.key.proof 
49253      DEBUG main            d.u.i.k.p.i.AbstractProblemLoader Environment load took 443.31ns 
49255      INFO  main            d.u.i.k.p.i.AbstractProblemLoader Creating init config 
51914      DEBUG main            d.u.i.k.p.i.AbstractProblemLoader Init config took 2.66s 
51955      INFO  main            d.u.i.k.p.i.AbstractProblemLoader Replaying proof Queens[Queens::isConsistent([I,int)].JML normal_behavior operation contract.0 
52329      DEBUG main            d.u.i.k.p.i.IntermediateProofReplayer Proof replay took 364.84ms 
52331      DEBUG main            d.u.i.k.p.r.p.TestFile    ... success: reloaded. 
52332      INFO  main            d.u.i.k.p.r.p.TestFile    Now processing file /home/runner/work/key/key/key.core/../key.ui/examples/heap/vstte10_04_Queens/Queens_nQueens.key 
52333      INFO  main            d.u.i.k.p.i.AbstractProblemLoader Loading environment from /home/runner/work/key/key/key.core/../key.ui/examples/heap/vstte10_04_Queens/Queens_nQueens.key 
52333      DEBUG main            d.u.i.k.p.i.AbstractProblemLoader Environment load took 231.71ns 
52334      INFO  main            d.u.i.k.p.i.AbstractProblemLoader Creating init config 
55031      DEBUG main            d.u.i.k.p.i.AbstractProblemLoader Init config took 2.7s 
55073      INFO  main            d.u.i.k.p.i.AbstractProblemLoader Replaying proof Queens[Queens::nQueens(int)].JML normal_behavior operation contract.0 
55075      DEBUG main            d.u.i.k.p.i.IntermediateProofReplayer Proof replay took 7.6ns 
68841      INFO  main            d.u.i.k.p.r.p.TestFile    ... finished proof: closed. 
69075      INFO  main            d.u.i.k.p.i.AbstractProblemLoader Loading environment from /home/runner/work/key/key/key.core/../key.ui/examples/heap/vstte10_04_Queens/Queens_nQueens.key.proof 
69076      DEBUG main            d.u.i.k.p.i.AbstractProblemLoader Environment load took 910.92ns 
69081      INFO  main            d.u.i.k.p.i.AbstractProblemLoader Creating init config 
71715      DEBUG main            d.u.i.k.p.i.AbstractProblemLoader Init config took 2.63s 
71769      INFO  main            d.u.i.k.p.i.AbstractProblemLoader Replaying proof Queens[Queens::nQueens(int)].JML normal_behavior operation contract.0 
72778      DEBUG main            d.u.i.k.p.i.IntermediateProofReplayer Proof replay took 973.38ms 
72780      DEBUG main            d.u.i.k.p.r.p.TestFile    ... success: reloaded. 
72781      INFO  main            d.u.i.k.p.r.p.TestFile    Now processing file /home/runner/work/key/key/key.core/../key.ui/examples/heap/vstte10_05_Queue/AmortizedQueue_AmortizedQueue.key 
72782      INFO  main            d.u.i.k.p.i.AbstractProblemLoader Loading environment from /home/runner/work/key/key/key.core/../key.ui/examples/heap/vstte10_05_Queue/AmortizedQueue_AmortizedQueue.key 
72782      DEBUG main            d.u.i.k.p.i.AbstractProblemLoader Environment load took 218.9ns 
72783      INFO  main            d.u.i.k.p.i.AbstractProblemLoader Creating init config 
75541      DEBUG main            d.u.i.k.p.i.AbstractProblemLoader Init config took 2.76s 
75588      INFO  main            d.u.i.k.p.i.AbstractProblemLoader Replaying proof AmortizedQueue[AmortizedQueue::AmortizedQueue()].JML normal_behavior operation contract.0 
75590      DEBUG main            d.u.i.k.p.i.IntermediateProofReplayer Proof replay took 7.1ns 
77101      INFO  main            d.u.i.k.p.r.p.TestFile    ... finished proof: closed. 
77319      INFO  main            d.u.i.k.p.i.AbstractProblemLoader Loading environment from /home/runner/work/key/key/key.core/../key.ui/examples/heap/vstte10_05_Queue/AmortizedQueue_AmortizedQueue.key.proof 
77319      DEBUG main            d.u.i.k.p.i.AbstractProblemLoader Environment load took 136.5ns 
77320      INFO  main            d.u.i.k.p.i.AbstractProblemLoader Creating init config 
79948      DEBUG main            d.u.i.k.p.i.AbstractProblemLoader Init config took 2.63s 
79995      INFO  main            d.u.i.k.p.i.AbstractProblemLoader Replaying proof AmortizedQueue[AmortizedQueue::AmortizedQueue()].JML normal_behavior operation contract.0 
80261      DEBUG main            d.u.i.k.p.i.IntermediateProofReplayer Proof replay took 257.94ms 
80262      DEBUG main            d.u.i.k.p.r.p.TestFile    ... success: reloaded. 
80264      INFO  main            d.u.i.k.p.r.p.TestFile    Now processing file /home/runner/work/key/key/key.core/../key.ui/examples/heap/vstte10_05_Queue/AmortizedQueue_front.key 
80264      INFO  main            d.u.i.k.p.i.AbstractProblemLoader Loading environment from /home/runner/work/key/key/key.core/../key.ui/examples/heap/vstte10_05_Queue/AmortizedQueue_front.key 
80264      DEBUG main            d.u.i.k.p.i.AbstractProblemLoader Environment load took 209.4ns 
80265      INFO  main            d.u.i.k.p.i.AbstractProblemLoader Creating init config 
83040      DEBUG main            d.u.i.k.p.i.AbstractProblemLoader Init config took 2.77s 
83085      INFO  main            d.u.i.k.p.i.AbstractProblemLoader Replaying proof AmortizedQueue[AmortizedQueue::front()].JML normal_behavior operation contract.0 
83087      DEBUG main            d.u.i.k.p.i.IntermediateProofReplayer Proof replay took 6.9ns 
83592      INFO  main            d.u.i.k.p.r.p.TestFile    ... finished proof: closed. 
83800      INFO  main            d.u.i.k.p.i.AbstractProblemLoader Loading environment from /home/runner/work/key/key/key.core/../key.ui/examples/heap/vstte10_05_Queue/AmortizedQueue_front.key.proof 
83800      DEBUG main            d.u.i.k.p.i.AbstractProblemLoader Environment load took 127.5ns 
83802      INFO  main            d.u.i.k.p.i.AbstractProblemLoader Creating init config 
86415      DEBUG main            d.u.i.k.p.i.AbstractProblemLoader Init config took 2.61s 
86456      INFO  main            d.u.i.k.p.i.AbstractProblemLoader Replaying proof AmortizedQueue[AmortizedQueue::front()].JML normal_behavior operation contract.0 
86510      DEBUG main            d.u.i.k.p.i.IntermediateProofReplayer Proof replay took 49.95ms 
86511      DEBUG main            d.u.i.k.p.r.p.TestFile    ... success: reloaded. 
86512      INFO  main            d.u.i.k.p.r.p.TestFile    Now processing file /home/runner/work/key/key/key.core/../key.ui/examples/heap/vstte10_05_Queue/LinkedList_concat.key 
86513      INFO  main            d.u.i.k.p.i.AbstractProblemLoader Loading environment from /home/runner/work/key/key/key.core/../key.ui/examples/heap/vstte10_05_Queue/LinkedList_concat.key 
86513      DEBUG main            d.u.i.k.p.i.AbstractProblemLoader Environment load took 207.7ns 
86514      INFO  main            d.u.i.k.p.i.AbstractProblemLoader Creating init config 
89221      DEBUG main            d.u.i.k.p.i.AbstractProblemLoader Init config took 2.71s 
89266      INFO  main            d.u.i.k.p.i.AbstractProblemLoader Replaying proof LinkedList[LinkedList::concat(LinkedList)].JML normal_behavior operation contract.0 
89268      DEBUG main            d.u.i.k.p.i.IntermediateProofReplayer Proof replay took 7.2ns 
98462      INFO  main            d.u.i.k.p.r.p.TestFile    ... finished proof: closed. 
98735      INFO  main            d.u.i.k.p.i.AbstractProblemLoader Loading environment from /home/runner/work/key/key/key.core/../key.ui/examples/heap/vstte10_05_Queue/LinkedList_concat.key.proof 
98735      DEBUG main            d.u.i.k.p.i.AbstractProblemLoader Environment load took 215ns 
98738      INFO  main            d.u.i.k.p.i.AbstractProblemLoader Creating init config 
101349     DEBUG main            d.u.i.k.p.i.AbstractProblemLoader Init config took 2.61s 
101397     INFO  main            d.u.i.k.p.i.AbstractProblemLoader Replaying proof LinkedList[LinkedList::concat(LinkedList)].JML normal_behavior operation contract.0 
102217     DEBUG main            d.u.i.k.p.i.IntermediateProofReplayer Proof replay took 778.2ms 
102225     DEBUG main            d.u.i.k.p.r.p.TestFile    ... success: reloaded. 
102226     INFO  main            d.u.i.k.p.r.p.TestFile    Now processing file /home/runner/work/key/key/key.core/../key.ui/examples/heap/vstte10_05_Queue/LinkedList_cons.key 
102226     INFO  main            d.u.i.k.p.i.AbstractProblemLoader Loading environment from /home/runner/work/key/key/key.core/../key.ui/examples/heap/vstte10_05_Queue/LinkedList_cons.key 
102226     DEBUG main            d.u.i.k.p.i.AbstractProblemLoader Environment load took 197.9ns 
102228     INFO  main            d.u.i.k.p.i.AbstractProblemLoader Creating init config 
104915     DEBUG main            d.u.i.k.p.i.AbstractProblemLoader Init config took 2.69s 
104974     INFO  main            d.u.i.k.p.i.AbstractProblemLoader Replaying proof LinkedList[LinkedList::cons(int)].JML normal_behavior operation contract.0 
104976     DEBUG main            d.u.i.k.p.i.IntermediateProofReplayer Proof replay took 6.1ns 
107391     INFO  main            d.u.i.k.p.r.p.TestFile    ... finished proof: closed. 
107640     INFO  main            d.u.i.k.p.i.AbstractProblemLoader Loading environment from /home/runner/work/key/key/key.core/../key.ui/examples/heap/vstte10_05_Queue/LinkedList_cons.key.proof 
107641     DEBUG main            d.u.i.k.p.i.AbstractProblemLoader Environment load took 1.07ms 
107643     INFO  main            d.u.i.k.p.i.AbstractProblemLoader Creating init config 
110237     DEBUG main            d.u.i.k.p.i.AbstractProblemLoader Init config took 2.59s 
110280     INFO  main            d.u.i.k.p.i.AbstractProblemLoader Replaying proof LinkedList[LinkedList::cons(int)].JML normal_behavior operation contract.0 
110579     DEBUG main            d.u.i.k.p.i.IntermediateProofReplayer Proof replay took 287.93ms 
110581     DEBUG main            d.u.i.k.p.r.p.TestFile    ... success: reloaded. 
110582     INFO  main            d.u.i.k.p.r.p.TestFile    Now processing file /home/runner/work/key/key/key.core/../key.ui/examples/heap/vstte10_05_Queue/LinkedList_head.key 
110582     INFO  main            d.u.i.k.p.i.AbstractProblemLoader Loading environment from /home/runner/work/key/key/key.core/../key.ui/examples/heap/vstte10_05_Queue/LinkedList_head.key 
110583     DEBUG main            d.u.i.k.p.i.AbstractProblemLoader Environment load took 221.3ns 
110584     INFO  main            d.u.i.k.p.i.AbstractProblemLoader Creating init config 
113284     DEBUG main            d.u.i.k.p.i.AbstractProblemLoader Init config took 2.7s 
113327     INFO  main            d.u.i.k.p.i.AbstractProblemLoader Replaying proof LinkedList[LinkedList::head()].JML normal_behavior operation contract.0 
113329     DEBUG main            d.u.i.k.p.i.IntermediateProofReplayer Proof replay took 7.2ns 
113431     INFO  main            d.u.i.k.p.r.p.TestFile    ... finished proof: closed. 
113642     INFO  main            d.u.i.k.p.i.AbstractProblemLoader Loading environment from /home/runner/work/key/key/key.core/../key.ui/examples/heap/vstte10_05_Queue/LinkedList_head.key.proof 
113642     DEBUG main            d.u.i.k.p.i.AbstractProblemLoader Environment load took 128.5ns 
113643     INFO  main            d.u.i.k.p.i.AbstractProblemLoader Creating init config 
116291     DEBUG main            d.u.i.k.p.i.AbstractProblemLoader Init config took 2.65s 
116333     INFO  main            d.u.i.k.p.i.AbstractProblemLoader Replaying proof LinkedList[LinkedList::head()].JML normal_behavior operation contract.0 
116348     DEBUG main            d.u.i.k.p.i.IntermediateProofReplayer Proof replay took 12.99ms 
116349     DEBUG main            d.u.i.k.p.r.p.TestFile    ... success: reloaded. 
116350     INFO  main            d.u.i.k.p.r.p.TestFile    Now processing file /home/runner/work/key/key/key.core/../key.ui/examples/heap/vstte10_05_Queue/LinkedList_inv.key 
116351     INFO  main            d.u.i.k.p.i.AbstractProblemLoader Loading environment from /home/runner/work/key/key/key.core/../key.ui/examples/heap/vstte10_05_Queue/LinkedList_inv.key 
116351     DEBUG main            d.u.i.k.p.i.AbstractProblemLoader Environment load took 203.8ns 
116352     INFO  main            d.u.i.k.p.i.AbstractProblemLoader Creating init config 
118993     DEBUG main            d.u.i.k.p.i.AbstractProblemLoader Init config took 2.64s 
119033     INFO  main            d.u.i.k.p.i.AbstractProblemLoader Replaying proof LinkedList[java.lang.Object::<inv>()].JML accessible clause.0 
119035     DEBUG main            d.u.i.k.p.i.IntermediateProofReplayer Proof replay took 7ns 
119338     INFO  main            d.u.i.k.p.r.p.TestFile    ... finished proof: closed. 
119574     INFO  main            d.u.i.k.p.i.AbstractProblemLoader Loading environment from /home/runner/work/key/key/key.core/../key.ui/examples/heap/vstte10_05_Queue/LinkedList_inv.key.proof 
119574     DEBUG main            d.u.i.k.p.i.AbstractProblemLoader Environment load took 122.8ns 
119575     INFO  main            d.u.i.k.p.i.AbstractProblemLoader Creating init config 
122158     DEBUG main            d.u.i.k.p.i.AbstractProblemLoader Init config took 2.58s 
122199     INFO  main            d.u.i.k.p.i.AbstractProblemLoader Replaying proof LinkedList[java.lang.Object::<inv>()].JML accessible clause.0 
122228     DEBUG main            d.u.i.k.p.i.IntermediateProofReplayer Proof replay took 25.73ms 
122230     DEBUG main            d.u.i.k.p.r.p.TestFile    ... success: reloaded. 
122231     INFO  main            d.u.i.k.p.r.p.TestFile    Now processing file /home/runner/work/key/key/key.core/../key.ui/examples/heap/vstte10_05_Queue/LinkedList_length.key 
122231     INFO  main            d.u.i.k.p.i.AbstractProblemLoader Loading environment from /home/runner/work/key/key/key.core/../key.ui/examples/heap/vstte10_05_Queue/LinkedList_length.key 
122231     DEBUG main            d.u.i.k.p.i.AbstractProblemLoader Environment load took 202.7ns 
122232     INFO  main            d.u.i.k.p.i.AbstractProblemLoader Creating init config 
124888     DEBUG main            d.u.i.k.p.i.AbstractProblemLoader Init config took 2.66s 
124929     INFO  main            d.u.i.k.p.i.AbstractProblemLoader Replaying proof LinkedList[LinkedList::length()].JML normal_behavior operation contract.0 
124937     DEBUG main            d.u.i.k.p.i.IntermediateProofReplayer Proof replay took 6.4ns 
125041     INFO  main            d.u.i.k.p.r.p.TestFile    ... finished proof: closed. 
125265     INFO  main            d.u.i.k.p.i.AbstractProblemLoader Loading environment from /home/runner/work/key/key/key.core/../key.ui/examples/heap/vstte10_05_Queue/LinkedList_length.key.proof 
125265     DEBUG main            d.u.i.k.p.i.AbstractProblemLoader Environment load took 168.3ns 
125266     INFO  main            d.u.i.k.p.i.AbstractProblemLoader Creating init config 
127837     DEBUG main            d.u.i.k.p.i.AbstractProblemLoader Init config took 2.57s 
127882     INFO  main            d.u.i.k.p.i.AbstractProblemLoader Replaying proof LinkedList[LinkedList::length()].JML normal_behavior operation contract.0 
127896     DEBUG main            d.u.i.k.p.i.IntermediateProofReplayer Proof replay took 12.48ms 
127898     DEBUG main            d.u.i.k.p.r.p.TestFile    ... success: reloaded. 
127899     INFO  main            d.u.i.k.p.r.p.TestFile    Now processing file /home/runner/work/key/key/key.core/../key.ui/examples/heap/vstte10_05_Queue/LinkedList_LinkedList1.key 
127899     INFO  main            d.u.i.k.p.i.AbstractProblemLoader Loading environment from /home/runner/work/key/key/key.core/../key.ui/examples/heap/vstte10_05_Queue/LinkedList_LinkedList1.key 
127900     DEBUG main            d.u.i.k.p.i.AbstractProblemLoader Environment load took 263ns 
127901     INFO  main            d.u.i.k.p.i.AbstractProblemLoader Creating init config 
130542     DEBUG main            d.u.i.k.p.i.AbstractProblemLoader Init config took 2.64s 
130583     INFO  main            d.u.i.k.p.i.AbstractProblemLoader Replaying proof LinkedList[LinkedList::LinkedList(int,LinkedList)].JML normal_behavior operation contract.0 
130584     DEBUG main            d.u.i.k.p.i.IntermediateProofReplayer Proof replay took 5.8ns 
132591     INFO  main            d.u.i.k.p.r.p.TestFile    ... finished proof: closed. 
132853     INFO  main            d.u.i.k.p.i.AbstractProblemLoader Loading environment from /home/runner/work/key/key/key.core/../key.ui/examples/heap/vstte10_05_Queue/LinkedList_LinkedList1.key.proof 
132854     DEBUG main            d.u.i.k.p.i.AbstractProblemLoader Environment load took 458.91ns 
132855     INFO  main            d.u.i.k.p.i.AbstractProblemLoader Creating init config 
135428     DEBUG main            d.u.i.k.p.i.AbstractProblemLoader Init config took 2.57s 
135469     INFO  main            d.u.i.k.p.i.AbstractProblemLoader Replaying proof LinkedList[LinkedList::LinkedList(int,LinkedList)].JML normal_behavior operation contract.0 
135719     DEBUG main            d.u.i.k.p.i.IntermediateProofReplayer Proof replay took 243.78ms 
135721     DEBUG main            d.u.i.k.p.r.p.TestFile    ... success: reloaded. 
135722     INFO  main            d.u.i.k.p.r.p.TestFile    Now processing file /home/runner/work/key/key/key.core/../key.ui/examples/heap/vstte10_05_Queue/LinkedList_LinkedList2.key 
135722     INFO  main            d.u.i.k.p.i.AbstractProblemLoader Loading environment from /home/runner/work/key/key/key.core/../key.ui/examples/heap/vstte10_05_Queue/LinkedList_LinkedList2.key 
135722     DEBUG main            d.u.i.k.p.i.AbstractProblemLoader Environment load took 117.4ns 
135723     INFO  main            d.u.i.k.p.i.AbstractProblemLoader Creating init config 
138383     DEBUG main            d.u.i.k.p.i.AbstractProblemLoader Init config took 2.66s 
138444     INFO  main            d.u.i.k.p.i.AbstractProblemLoader Replaying proof LinkedList[LinkedList::LinkedList(int,LinkedList)].JML normal_behavior operation contract.0 
138448     DEBUG main            d.u.i.k.p.i.IntermediateProofReplayer Proof replay took 8.2ns 
140455     INFO  main            d.u.i.k.p.r.p.TestFile    ... finished proof: closed. 
140716     INFO  main            d.u.i.k.p.i.AbstractProblemLoader Loading environment from /home/runner/work/key/key/key.core/../key.ui/examples/heap/vstte10_05_Queue/LinkedList_LinkedList2.key.proof 
140717     DEBUG main            d.u.i.k.p.i.AbstractProblemLoader Environment load took 430.51ns 
140718     INFO  main            d.u.i.k.p.i.AbstractProblemLoader Creating init config 
143296     DEBUG main            d.u.i.k.p.i.AbstractProblemLoader Init config took 2.58s 
143338     INFO  main            d.u.i.k.p.i.AbstractProblemLoader Replaying proof LinkedList[LinkedList::LinkedList(int,LinkedList)].JML normal_behavior operation contract.0 
143586     DEBUG main            d.u.i.k.p.i.IntermediateProofReplayer Proof replay took 240.55ms 
143587     DEBUG main            d.u.i.k.p.r.p.TestFile    ... success: reloaded. 
143588     INFO  main            d.u.i.k.p.r.p.TestFile    Now processing file /home/runner/work/key/key/key.core/../key.ui/examples/heap/vstte10_05_Queue/LinkedList_LinkedList3.key 
143588     INFO  main            d.u.i.k.p.i.AbstractProblemLoader Loading environment from /home/runner/work/key/key/key.core/../key.ui/examples/heap/vstte10_05_Queue/LinkedList_LinkedList3.key 
143588     DEBUG main            d.u.i.k.p.i.AbstractProblemLoader Environment load took 66.9ns 
143589     INFO  main            d.u.i.k.p.i.AbstractProblemLoader Creating init config 
146237     DEBUG main            d.u.i.k.p.i.AbstractProblemLoader Init config took 2.65s 
146279     INFO  main            d.u.i.k.p.i.AbstractProblemLoader Replaying proof LinkedList[LinkedList::LinkedList(int,LinkedList)].JML normal_behavior operation contract.0 
146281     DEBUG main            d.u.i.k.p.i.IntermediateProofReplayer Proof replay took 7.4ns 
160453     INFO  main            d.u.i.k.p.r.p.TestFile    ... finished proof: closed. 
160786     INFO  main            d.u.i.k.p.i.AbstractProblemLoader Loading environment from /home/runner/work/key/key/key.core/../key.ui/examples/heap/vstte10_05_Queue/LinkedList_LinkedList3.key.proof 
160786     DEBUG main            d.u.i.k.p.i.AbstractProblemLoader Environment load took 491.01ns 
160793     INFO  main            d.u.i.k.p.i.AbstractProblemLoader Creating init config 
163330     DEBUG main            d.u.i.k.p.i.AbstractProblemLoader Init config took 2.54s 
163373     INFO  main            d.u.i.k.p.i.AbstractProblemLoader Replaying proof LinkedList[LinkedList::LinkedList(int,LinkedList)].JML normal_behavior operation contract.0 
164570     DEBUG main            d.u.i.k.p.i.IntermediateProofReplayer Proof replay took 1.1s 
164577     DEBUG main            d.u.i.k.p.r.p.TestFile    ... success: reloaded. 
164581     INFO  main            d.u.i.k.p.r.p.TestFile    Now processing file /home/runner/work/key/key/key.core/../key.ui/examples/heap/vstte10_05_Queue/LinkedList_reverse.key 
164582     INFO  main            d.u.i.k.p.i.AbstractProblemLoader Loading environment from /home/runner/work/key/key/key.core/../key.ui/examples/heap/vstte10_05_Queue/LinkedList_reverse.key 
164582     DEBUG main            d.u.i.k.p.i.AbstractProblemLoader Environment load took 291.1ns 
164584     INFO  main            d.u.i.k.p.i.AbstractProblemLoader Creating init config 
167355     DEBUG main            d.u.i.k.p.i.AbstractProblemLoader Init config took 2.77s 
167396     INFO  main            d.u.i.k.p.i.AbstractProblemLoader Replaying proof LinkedList[LinkedList::reverse()].JML normal_behavior operation contract.0 
167398     DEBUG main            d.u.i.k.p.i.IntermediateProofReplayer Proof replay took 7.3ns 
176989     INFO  main            d.u.i.k.p.r.p.TestFile    ... finished proof: closed. 
177290     INFO  main            d.u.i.k.p.i.AbstractProblemLoader Loading environment from /home/runner/work/key/key/key.core/../key.ui/examples/heap/vstte10_05_Queue/LinkedList_reverse.key.proof 
177291     DEBUG main            d.u.i.k.p.i.AbstractProblemLoader Environment load took 562.51ns 
177294     INFO  main            d.u.i.k.p.i.AbstractProblemLoader Creating init config 
179864     DEBUG main            d.u.i.k.p.i.AbstractProblemLoader Init config took 2.57s 
179910     INFO  main            d.u.i.k.p.i.AbstractProblemLoader Replaying proof LinkedList[LinkedList::reverse()].JML normal_behavior operation contract.0 
180661     DEBUG main            d.u.i.k.p.i.IntermediateProofReplayer Proof replay took 720.05ms 
180664     DEBUG main            d.u.i.k.p.r.p.TestFile    ... success: reloaded. 
180665     INFO  main            d.u.i.k.p.r.p.TestFile    Now processing file /home/runner/work/key/key/key.core/../key.ui/examples/heap/vstte10_05_Queue/LinkedList_tail.key 
180665     INFO  main            d.u.i.k.p.i.AbstractProblemLoader Loading environment from /home/runner/work/key/key/key.core/../key.ui/examples/heap/vstte10_05_Queue/LinkedList_tail.key 
180665     DEBUG main            d.u.i.k.p.i.AbstractProblemLoader Environment load took 110.8ns 
180666     INFO  main            d.u.i.k.p.i.AbstractProblemLoader Creating init config 
183299     DEBUG main            d.u.i.k.p.i.AbstractProblemLoader Init config took 2.63s 
183340     INFO  main            d.u.i.k.p.i.AbstractProblemLoader Replaying proof LinkedList[LinkedList::tail()].JML normal_behavior operation contract.0 
183341     DEBUG main            d.u.i.k.p.i.IntermediateProofReplayer Proof replay took 42.8ns 
183850     INFO  main            d.u.i.k.p.r.p.TestFile    ... finished proof: closed. 
184105     INFO  main            d.u.i.k.p.i.AbstractProblemLoader Loading environment from /home/runner/work/key/key/key.core/../key.ui/examples/heap/vstte10_05_Queue/LinkedList_tail.key.proof 
184106     DEBUG main            d.u.i.k.p.i.AbstractProblemLoader Environment load took 863.31ns 
184107     INFO  main            d.u.i.k.p.i.AbstractProblemLoader Creating init config 
186646     DEBUG main            d.u.i.k.p.i.AbstractProblemLoader Init config took 2.54s 
186689     INFO  main            d.u.i.k.p.i.AbstractProblemLoader Replaying proof LinkedList[LinkedList::tail()].JML normal_behavior operation contract.0 
186787     DEBUG main            d.u.i.k.p.i.IntermediateProofReplayer Proof replay took 94ms 
186788     DEBUG main            d.u.i.k.p.r.p.TestFile    ... success: reloaded. 
2375331    INFO  Test worker     d.u.i.k.p.r.RunAllProofsTestUnit Returning from test VSTTE10 
2375332    INFO  Test worker     d.u.i.k.p.r.RunAllProofsTestUnit Running test WeideEtAl 
371        INFO  Timeout watchdog d.u.i.k.p.r.p.ForkedTestFileRunner Timeout watcher launched (2000 secs.) 
379        WARN  main            d.u.i.k.s.ProofSettings   The settings in /home/runner/.key/proof-settings.props are *not* read. 
423        INFO  main            d.u.i.k.p.r.p.TestFile    Now processing file /home/runner/work/key/key/key.core/../key.ui/examples/heap/WeideEtAl_01_AddAndMultiply/AddAndMultiply_add.key 
541        INFO  main            d.u.i.k.p.i.AbstractProblemLoader Loading environment from /home/runner/work/key/key/key.core/../key.ui/examples/heap/WeideEtAl_01_AddAndMultiply/AddAndMultiply_add.key 
568        DEBUG main            d.u.i.k.p.i.AbstractProblemLoader Environment load took 1.91ms 
782        INFO  main            d.u.i.k.p.i.AbstractProblemLoader Creating init config 
1588       DEBUG main            d.u.i.k.j.TypeConverter   No LDT found for Meta 
1589       DEBUG main            d.u.i.k.j.TypeConverter   No LDT found for Meta 
1590       DEBUG main            d.u.i.k.j.TypeConverter   No LDT found for Meta 
1590       DEBUG main            d.u.i.k.j.TypeConverter   No LDT found for Meta 
2985       DEBUG main            d.u.i.k.j.TypeConverter   No LDT found for JavaBigintExpression 
7950       DEBUG main            d.u.i.k.p.i.AbstractProblemLoader Init config took 7.17s 
8146       INFO  main            d.u.i.k.p.i.AbstractProblemLoader Replaying proof AddAndMultiply[AddAndMultiply::add(int,int)].JML normal_behavior operation contract.0 
8183       DEBUG main            d.u.i.k.p.i.IntermediateProofReplayer Proof replay took 34.5ns 
9930       INFO  main            d.u.i.k.p.r.p.TestFile    ... finished proof: closed. 
10067      INFO  main            d.u.i.k.p.i.AbstractProblemLoader Loading environment from /home/runner/work/key/key/key.core/../key.ui/examples/heap/WeideEtAl_01_AddAndMultiply/AddAndMultiply_add.key.proof 
10070      DEBUG main            d.u.i.k.p.i.AbstractProblemLoader Environment load took 3.47ms 
10073      INFO  main            d.u.i.k.p.i.AbstractProblemLoader Creating init config 
13000      DEBUG main            d.u.i.k.p.i.AbstractProblemLoader Init config took 2.93s 
13062      INFO  main            d.u.i.k.p.i.AbstractProblemLoader Replaying proof AddAndMultiply[AddAndMultiply::add(int,int)].JML normal_behavior operation contract.0 
13318      DEBUG main            d.u.i.k.p.i.IntermediateProofReplayer Proof replay took 245.39ms 
13325      DEBUG main            d.u.i.k.p.r.p.TestFile    ... success: reloaded. 
13326      INFO  main            d.u.i.k.p.r.p.TestFile    Now processing file /home/runner/work/key/key/key.core/../key.ui/examples/heap/WeideEtAl_01_AddAndMultiply/AddAndMultiply_mul.key 
13327      INFO  main            d.u.i.k.p.i.AbstractProblemLoader Loading environment from /home/runner/work/key/key/key.core/../key.ui/examples/heap/WeideEtAl_01_AddAndMultiply/AddAndMultiply_mul.key 
13327      DEBUG main            d.u.i.k.p.i.AbstractProblemLoader Environment load took 256.5ns 
13329      INFO  main            d.u.i.k.p.i.AbstractProblemLoader Creating init config 
16030      DEBUG main            d.u.i.k.p.i.AbstractProblemLoader Init config took 2.7s 
16087      INFO  main            d.u.i.k.p.i.AbstractProblemLoader Replaying proof AddAndMultiply[AddAndMultiply::mul(int,int)].JML normal_behavior operation contract.0 
16090      DEBUG main            d.u.i.k.p.i.IntermediateProofReplayer Proof replay took 6.3ns 
16594      INFO  main            d.u.i.k.p.r.p.TestFile    ... finished proof: closed. 
16753      INFO  main            d.u.i.k.p.i.AbstractProblemLoader Loading environment from /home/runner/work/key/key/key.core/../key.ui/examples/heap/WeideEtAl_01_AddAndMultiply/AddAndMultiply_mul.key.proof 
16754      DEBUG main            d.u.i.k.p.i.AbstractProblemLoader Environment load took 139.8ns 
16758      INFO  main            d.u.i.k.p.i.AbstractProblemLoader Creating init config 
19456      DEBUG main            d.u.i.k.p.i.AbstractProblemLoader Init config took 2.7s 
19506      INFO  main            d.u.i.k.p.i.AbstractProblemLoader Replaying proof AddAndMultiply[AddAndMultiply::mul(int,int)].JML normal_behavior operation contract.0 
19616      DEBUG main            d.u.i.k.p.i.IntermediateProofReplayer Proof replay took 104.62ms 
19618      DEBUG main            d.u.i.k.p.r.p.TestFile    ... success: reloaded. 
19619      INFO  main            d.u.i.k.p.r.p.TestFile    Now processing file /home/runner/work/key/key/key.core/../key.ui/examples/heap/WeideEtAl_02_BinarySearch/BinarySearch_search.key 
19619      INFO  main            d.u.i.k.p.i.AbstractProblemLoader Loading environment from /home/runner/work/key/key/key.core/../key.ui/examples/heap/WeideEtAl_02_BinarySearch/BinarySearch_search.key 
19620      DEBUG main            d.u.i.k.p.i.AbstractProblemLoader Environment load took 233.3ns 
19621      INFO  main            d.u.i.k.p.i.AbstractProblemLoader Creating init config 
22280      DEBUG main            d.u.i.k.p.i.AbstractProblemLoader Init config took 2.66s 
22328      INFO  main            d.u.i.k.p.i.AbstractProblemLoader Replaying proof BinarySearch[BinarySearch::search([I,int)].JML normal_behavior operation contract.0 
22332      DEBUG main            d.u.i.k.p.i.IntermediateProofReplayer Proof replay took 7.1ns 
25595      INFO  main            d.u.i.k.p.r.p.TestFile    ... finished proof: closed. 
25772      INFO  main            d.u.i.k.p.i.AbstractProblemLoader Loading environment from /home/runner/work/key/key/key.core/../key.ui/examples/heap/WeideEtAl_02_BinarySearch/BinarySearch_search.key.proof 
25772      DEBUG main            d.u.i.k.p.i.AbstractProblemLoader Environment load took 502.81ns 
25774      INFO  main            d.u.i.k.p.i.AbstractProblemLoader Creating init config 
28316      DEBUG main            d.u.i.k.p.i.AbstractProblemLoader Init config took 2.54s 
28361      INFO  main            d.u.i.k.p.i.AbstractProblemLoader Replaying proof BinarySearch[BinarySearch::search([I,int)].JML normal_behavior operation contract.0 
28889      DEBUG main            d.u.i.k.p.i.IntermediateProofReplayer Proof replay took 508.61ms 
28891      DEBUG main            d.u.i.k.p.r.p.TestFile    ... success: reloaded. 
2404394    INFO  Test worker     d.u.i.k.p.r.RunAllProofsTestUnit Returning from test WeideEtAl 
2404395    INFO  Test worker     d.u.i.k.p.r.RunAllProofsTestUnit Running test arithmetic 
399        INFO  Timeout watchdog d.u.i.k.p.r.p.ForkedTestFileRunner Timeout watcher launched (2000 secs.) 
409        WARN  main            d.u.i.k.s.ProofSettings   The settings in /home/runner/.key/proof-settings.props are *not* read. 
441        INFO  main            d.u.i.k.p.r.p.TestFile    Now processing file /home/runner/work/key/key/key.core/../key.ui/examples/standard_key/arith/binomial1.key 
559        INFO  main            d.u.i.k.p.i.AbstractProblemLoader Loading environment from /home/runner/work/key/key/key.core/../key.ui/examples/standard_key/arith/binomial1.key 
577        DEBUG main            d.u.i.k.p.i.AbstractProblemLoader Environment load took 1.87ms 
828        INFO  main            d.u.i.k.p.i.AbstractProblemLoader Creating init config 
1862       DEBUG main            d.u.i.k.j.TypeConverter   No LDT found for Meta 
1863       DEBUG main            d.u.i.k.j.TypeConverter   No LDT found for Meta 
1867       DEBUG main            d.u.i.k.j.TypeConverter   No LDT found for Meta 
1867       DEBUG main            d.u.i.k.j.TypeConverter   No LDT found for Meta 
3322       DEBUG main            d.u.i.k.j.TypeConverter   No LDT found for JavaBigintExpression 
8324       DEBUG main            d.u.i.k.p.i.AbstractProblemLoader Init config took 7.5s 
8382       INFO  main            d.u.i.k.p.i.AbstractProblemLoader Replaying proof binomial1.key 
8414       DEBUG main            d.u.i.k.p.i.IntermediateProofReplayer Proof replay took 36.8ns 
8688       INFO  main            d.u.i.k.p.r.p.TestFile    ... finished proof: closed. 
8786       INFO  main            d.u.i.k.p.i.AbstractProblemLoader Loading environment from /home/runner/work/key/key/key.core/../key.ui/examples/standard_key/arith/binomial1.key.proof 
8789       DEBUG main            d.u.i.k.p.i.AbstractProblemLoader Environment load took 2.64ms 
8793       INFO  main            d.u.i.k.p.i.AbstractProblemLoader Creating init config 
11533      DEBUG main            d.u.i.k.p.i.AbstractProblemLoader Init config took 2.74s 
11563      INFO  main            d.u.i.k.p.i.AbstractProblemLoader Replaying proof binomial1.key.proof 
11581      DEBUG main            d.u.i.k.p.i.IntermediateProofReplayer Proof replay took 13.04ms 
11592      DEBUG main            d.u.i.k.p.r.p.TestFile    ... success: reloaded. 
11593      INFO  main            d.u.i.k.p.r.p.TestFile    Now processing file /home/runner/work/key/key/key.core/../key.ui/examples/standard_key/arith/binomial2.key 
11594      INFO  main            d.u.i.k.p.i.AbstractProblemLoader Loading environment from /home/runner/work/key/key/key.core/../key.ui/examples/standard_key/arith/binomial2.key 
11594      DEBUG main            d.u.i.k.p.i.AbstractProblemLoader Environment load took 243.1ns 
11596      INFO  main            d.u.i.k.p.i.AbstractProblemLoader Creating init config 
14227      DEBUG main            d.u.i.k.p.i.AbstractProblemLoader Init config took 2.63s 
14265      INFO  main            d.u.i.k.p.i.AbstractProblemLoader Replaying proof binomial2.key 
14276      DEBUG main            d.u.i.k.p.i.IntermediateProofReplayer Proof replay took 7.4ns 
14382      INFO  main            d.u.i.k.p.r.p.TestFile    ... finished proof: closed. 
14521      INFO  main            d.u.i.k.p.i.AbstractProblemLoader Loading environment from /home/runner/work/key/key/key.core/../key.ui/examples/standard_key/arith/binomial2.key.proof 
14521      DEBUG main            d.u.i.k.p.i.AbstractProblemLoader Environment load took 142.9ns 
14525      INFO  main            d.u.i.k.p.i.AbstractProblemLoader Creating init config 
17066      DEBUG main            d.u.i.k.p.i.AbstractProblemLoader Init config took 2.54s 
17089      INFO  main            d.u.i.k.p.i.AbstractProblemLoader Replaying proof binomial2.key.proof 
17101      DEBUG main            d.u.i.k.p.i.IntermediateProofReplayer Proof replay took 9.38ms 
17102      DEBUG main            d.u.i.k.p.r.p.TestFile    ... success: reloaded. 
17104      INFO  main            d.u.i.k.p.r.p.TestFile    Now processing file /home/runner/work/key/key/key.core/../key.ui/examples/standard_key/arith/check_jdiv.key 
17104      INFO  main            d.u.i.k.p.i.AbstractProblemLoader Loading environment from /home/runner/work/key/key/key.core/../key.ui/examples/standard_key/arith/check_jdiv.key 
17104      DEBUG main            d.u.i.k.p.i.AbstractProblemLoader Environment load took 216.9ns 
17106      INFO  main            d.u.i.k.p.i.AbstractProblemLoader Creating init config 
19581      DEBUG main            d.u.i.k.p.i.AbstractProblemLoader Init config took 2.47s 
19602      INFO  main            d.u.i.k.p.i.AbstractProblemLoader Replaying proof check_jdiv.key 
19606      DEBUG main            d.u.i.k.p.i.IntermediateProofReplayer Proof replay took 6.8ns 
24887      INFO  main            d.u.i.k.p.r.p.TestFile    ... finished proof: closed. 
25092      INFO  main            d.u.i.k.p.i.AbstractProblemLoader Loading environment from /home/runner/work/key/key/key.core/../key.ui/examples/standard_key/arith/check_jdiv.key.proof 
25092      DEBUG main            d.u.i.k.p.i.AbstractProblemLoader Environment load took 476.91ns 
25095      INFO  main            d.u.i.k.p.i.AbstractProblemLoader Creating init config 
27530      DEBUG main            d.u.i.k.p.i.AbstractProblemLoader Init config took 2.44s 
27551      INFO  main            d.u.i.k.p.i.AbstractProblemLoader Replaying proof check_jdiv.key.proof 
27949      DEBUG main            d.u.i.k.p.i.IntermediateProofReplayer Proof replay took 358.06ms 
27952      DEBUG main            d.u.i.k.p.r.p.TestFile    ... success: reloaded. 
27953      INFO  main            d.u.i.k.p.r.p.TestFile    Now processing file /home/runner/work/key/key/key.core/../key.ui/examples/standard_key/arith/check_jdiv_concrete.key 
27954      INFO  main            d.u.i.k.p.i.AbstractProblemLoader Loading environment from /home/runner/work/key/key/key.core/../key.ui/examples/standard_key/arith/check_jdiv_concrete.key 
27954      DEBUG main            d.u.i.k.p.i.AbstractProblemLoader Environment load took 218.8ns 
27955      INFO  main            d.u.i.k.p.i.AbstractProblemLoader Creating init config 
30394      DEBUG main            d.u.i.k.p.i.AbstractProblemLoader Init config took 2.44s 
30413      INFO  main            d.u.i.k.p.i.AbstractProblemLoader Replaying proof check_jdiv_concrete.key 
30416      DEBUG main            d.u.i.k.p.i.IntermediateProofReplayer Proof replay took 7.3ns 
30519      INFO  main            d.u.i.k.p.r.p.TestFile    ... finished proof: closed. 
30731      INFO  main            d.u.i.k.p.i.AbstractProblemLoader Loading environment from /home/runner/work/key/key/key.core/../key.ui/examples/standard_key/arith/check_jdiv_concrete.key.proof 
30731      DEBUG main            d.u.i.k.p.i.AbstractProblemLoader Environment load took 123.7ns 
30734      INFO  main            d.u.i.k.p.i.AbstractProblemLoader Creating init config 
33157      DEBUG main            d.u.i.k.p.i.AbstractProblemLoader Init config took 2.42s 
33177      INFO  main            d.u.i.k.p.i.AbstractProblemLoader Replaying proof check_jdiv_concrete.key.proof 
33182      DEBUG main            d.u.i.k.p.i.IntermediateProofReplayer Proof replay took 3.53ms 
33184      DEBUG main            d.u.i.k.p.r.p.TestFile    ... success: reloaded. 
33185      INFO  main            d.u.i.k.p.r.p.TestFile    Now processing file /home/runner/work/key/key/key.core/../key.ui/examples/standard_key/arith/check_jdiv_instantiated.key 
33185      INFO  main            d.u.i.k.p.i.AbstractProblemLoader Loading environment from /home/runner/work/key/key/key.core/../key.ui/examples/standard_key/arith/check_jdiv_instantiated.key 
33186      DEBUG main            d.u.i.k.p.i.AbstractProblemLoader Environment load took 219.8ns 
33187      INFO  main            d.u.i.k.p.i.AbstractProblemLoader Creating init config 
35674      DEBUG main            d.u.i.k.p.i.AbstractProblemLoader Init config took 2.49s 
35694      INFO  main            d.u.i.k.p.i.AbstractProblemLoader Replaying proof check_jdiv_instantiated.key 
35697      DEBUG main            d.u.i.k.p.i.IntermediateProofReplayer Proof replay took 7.1ns 
39230      INFO  main            d.u.i.k.p.r.p.TestFile    ... finished proof: closed. 
39444      INFO  main            d.u.i.k.p.i.AbstractProblemLoader Loading environment from /home/runner/work/key/key/key.core/../key.ui/examples/standard_key/arith/check_jdiv_instantiated.key.proof 
39445      DEBUG main            d.u.i.k.p.i.AbstractProblemLoader Environment load took 463.81ns 
39447      INFO  main            d.u.i.k.p.i.AbstractProblemLoader Creating init config 
41879      DEBUG main            d.u.i.k.p.i.AbstractProblemLoader Init config took 2.43s 
41900      INFO  main            d.u.i.k.p.i.AbstractProblemLoader Replaying proof check_jdiv_instantiated.key.proof 
42142      DEBUG main            d.u.i.k.p.i.IntermediateProofReplayer Proof replay took 216.18ms 
42144      DEBUG main            d.u.i.k.p.r.p.TestFile    ... success: reloaded. 
42146      INFO  main            d.u.i.k.p.r.p.TestFile    Now processing file /home/runner/work/key/key/key.core/../key.ui/examples/standard_key/arith/check_jmod.key 
42147      INFO  main            d.u.i.k.p.i.AbstractProblemLoader Loading environment from /home/runner/work/key/key/key.core/../key.ui/examples/standard_key/arith/check_jmod.key 
42147      DEBUG main            d.u.i.k.p.i.AbstractProblemLoader Environment load took 292.1ns 
42148      INFO  main            d.u.i.k.p.i.AbstractProblemLoader Creating init config 
44633      DEBUG main            d.u.i.k.p.i.AbstractProblemLoader Init config took 2.48s 
44654      INFO  main            d.u.i.k.p.i.AbstractProblemLoader Replaying proof check_jmod.key 
44656      DEBUG main            d.u.i.k.p.i.IntermediateProofReplayer Proof replay took 7.5ns 
45267      INFO  main            d.u.i.k.p.r.p.TestFile    ... finished proof: closed. 
45490      INFO  main            d.u.i.k.p.i.AbstractProblemLoader Loading environment from /home/runner/work/key/key/key.core/../key.ui/examples/standard_key/arith/check_jmod.key.proof 
45491      DEBUG main            d.u.i.k.p.i.AbstractProblemLoader Environment load took 588.51ns 
45493      INFO  main            d.u.i.k.p.i.AbstractProblemLoader Creating init config 
47852      DEBUG main            d.u.i.k.p.i.AbstractProblemLoader Init config took 2.36s 
47871      INFO  main            d.u.i.k.p.i.AbstractProblemLoader Replaying proof check_jmod.key.proof 
47919      DEBUG main            d.u.i.k.p.i.IntermediateProofReplayer Proof replay took 41.69ms 
47920      DEBUG main            d.u.i.k.p.r.p.TestFile    ... success: reloaded. 
47921      INFO  main            d.u.i.k.p.r.p.TestFile    Now processing file /home/runner/work/key/key/key.core/../key.ui/examples/standard_key/arith/complexExpressions.key 
47922      INFO  main            d.u.i.k.p.i.AbstractProblemLoader Loading environment from /home/runner/work/key/key/key.core/../key.ui/examples/standard_key/arith/complexExpressions.key 
47922      DEBUG main            d.u.i.k.p.i.AbstractProblemLoader Environment load took 229.5ns 
47923      INFO  main            d.u.i.k.p.i.AbstractProblemLoader Creating init config 
50397      DEBUG main            d.u.i.k.p.i.AbstractProblemLoader Init config took 2.47s 
50420      INFO  main            d.u.i.k.p.i.AbstractProblemLoader Replaying proof complexExpressions.key 
50422      DEBUG main            d.u.i.k.p.i.IntermediateProofReplayer Proof replay took 7.2ns 
50528      INFO  main            d.u.i.k.p.r.p.TestFile    ... finished proof: closed. 
50699      INFO  main            d.u.i.k.p.i.AbstractProblemLoader Loading environment from /home/runner/work/key/key/key.core/../key.ui/examples/standard_key/arith/complexExpressions.key.proof 
50699      DEBUG main            d.u.i.k.p.i.AbstractProblemLoader Environment load took 128.6ns 
50700      INFO  main            d.u.i.k.p.i.AbstractProblemLoader Creating init config 
53071      DEBUG main            d.u.i.k.p.i.AbstractProblemLoader Init config took 2.37s 
53091      INFO  main            d.u.i.k.p.i.AbstractProblemLoader Replaying proof complexExpressions.key.proof 
53102      DEBUG main            d.u.i.k.p.i.IntermediateProofReplayer Proof replay took 8.94ms 
53103      DEBUG main            d.u.i.k.p.r.p.TestFile    ... success: reloaded. 
53103      INFO  main            d.u.i.k.p.r.p.TestFile    Now processing file /home/runner/work/key/key/key.core/../key.ui/examples/standard_key/arith/compound_unaryMinus.key 
53104      INFO  main            d.u.i.k.p.i.AbstractProblemLoader Loading environment from /home/runner/work/key/key/key.core/../key.ui/examples/standard_key/arith/compound_unaryMinus.key 
53104      DEBUG main            d.u.i.k.p.i.AbstractProblemLoader Environment load took 95.7ns 
53105      INFO  main            d.u.i.k.p.i.AbstractProblemLoader Creating init config 
55504      DEBUG main            d.u.i.k.p.i.AbstractProblemLoader Init config took 2.4s 
55527      INFO  main            d.u.i.k.p.i.AbstractProblemLoader Replaying proof compound_unaryMinus.key 
55530      DEBUG main            d.u.i.k.p.i.IntermediateProofReplayer Proof replay took 7ns 
55632      INFO  main            d.u.i.k.p.r.p.TestFile    ... finished proof: closed. 
55845      INFO  main            d.u.i.k.p.i.AbstractProblemLoader Loading environment from /home/runner/work/key/key/key.core/../key.ui/examples/standard_key/arith/compound_unaryMinus.key.proof 
55845      DEBUG main            d.u.i.k.p.i.AbstractProblemLoader Environment load took 134ns 
55847      INFO  main            d.u.i.k.p.i.AbstractProblemLoader Creating init config 
58191      DEBUG main            d.u.i.k.p.i.AbstractProblemLoader Init config took 2.34s 
58209      INFO  main            d.u.i.k.p.i.AbstractProblemLoader Replaying proof compound_unaryMinus.key.proof 
58226      DEBUG main            d.u.i.k.p.i.IntermediateProofReplayer Proof replay took 5.02ms 
58227      DEBUG main            d.u.i.k.p.r.p.TestFile    ... success: reloaded. 
58227      INFO  main            d.u.i.k.p.r.p.TestFile    Now processing file /home/runner/work/key/key/key.core/../key.ui/examples/standard_key/arith/computation.key 
58228      INFO  main            d.u.i.k.p.i.AbstractProblemLoader Loading environment from /home/runner/work/key/key/key.core/../key.ui/examples/standard_key/arith/computation.key 
58228      DEBUG main            d.u.i.k.p.i.AbstractProblemLoader Environment load took 85.1ns 
58229      INFO  main            d.u.i.k.p.i.AbstractProblemLoader Creating init config 
60614      DEBUG main            d.u.i.k.p.i.AbstractProblemLoader Init config took 2.39s 
60633      INFO  main            d.u.i.k.p.i.AbstractProblemLoader Replaying proof computation.key 
60635      DEBUG main            d.u.i.k.p.i.IntermediateProofReplayer Proof replay took 5.9ns 
62073      INFO  main            d.u.i.k.p.r.p.TestFile    ... finished proof: closed. 
62307      INFO  main            d.u.i.k.p.i.AbstractProblemLoader Loading environment from /home/runner/work/key/key/key.core/../key.ui/examples/standard_key/arith/computation.key.proof 
62307      DEBUG main            d.u.i.k.p.i.AbstractProblemLoader Environment load took 471.51ns 
62309      INFO  main            d.u.i.k.p.i.AbstractProblemLoader Creating init config 
64617      DEBUG main            d.u.i.k.p.i.AbstractProblemLoader Init config took 2.31s 
64636      INFO  main            d.u.i.k.p.i.AbstractProblemLoader Replaying proof computation.key.proof 
64778      DEBUG main            d.u.i.k.p.i.IntermediateProofReplayer Proof replay took 136.98ms 
64779      DEBUG main            d.u.i.k.p.r.p.TestFile    ... success: reloaded. 
64780      INFO  main            d.u.i.k.p.r.p.TestFile    Now processing file /home/runner/work/key/key/key.core/../key.ui/examples/standard_key/arith/cubicSum.key 
64780      INFO  main            d.u.i.k.p.i.AbstractProblemLoader Loading environment from /home/runner/work/key/key/key.core/../key.ui/examples/standard_key/arith/cubicSum.key 
64781      DEBUG main            d.u.i.k.p.i.AbstractProblemLoader Environment load took 228ns 
64782      INFO  main            d.u.i.k.p.i.AbstractProblemLoader Creating init config 
67312      DEBUG main            d.u.i.k.p.i.AbstractProblemLoader Init config took 2.53s 
67331      INFO  main            d.u.i.k.p.i.AbstractProblemLoader Replaying proof cubicSum.key 
67333      DEBUG main            d.u.i.k.p.i.IntermediateProofReplayer Proof replay took 6.4ns 
68742      INFO  main            d.u.i.k.p.r.p.TestFile    ... finished proof: closed. 
69091      INFO  main            d.u.i.k.p.i.AbstractProblemLoader Loading environment from /home/runner/work/key/key/key.core/../key.ui/examples/standard_key/arith/cubicSum.key.proof 
69093      DEBUG main            d.u.i.k.p.i.AbstractProblemLoader Environment load took 1.59ms 
69094      INFO  main            d.u.i.k.p.i.AbstractProblemLoader Creating init config 
71545      DEBUG main            d.u.i.k.p.i.AbstractProblemLoader Init config took 2.45s 
71565      INFO  main            d.u.i.k.p.i.AbstractProblemLoader Replaying proof cubicSum.key.proof 
71717      DEBUG main            d.u.i.k.p.i.IntermediateProofReplayer Proof replay took 147.81ms 
71718      DEBUG main            d.u.i.k.p.r.p.TestFile    ... success: reloaded. 
71720      INFO  main            d.u.i.k.p.r.p.TestFile    Now processing file /home/runner/work/key/key/key.core/../key.ui/examples/standard_key/arith/divByZero.key 
71720      INFO  main            d.u.i.k.p.i.AbstractProblemLoader Loading environment from /home/runner/work/key/key/key.core/../key.ui/examples/standard_key/arith/divByZero.key 
71723      DEBUG main            d.u.i.k.p.i.AbstractProblemLoader Environment load took 226.5ns 
71724      INFO  main            d.u.i.k.p.i.AbstractProblemLoader Creating init config 
74175      DEBUG main            d.u.i.k.p.i.AbstractProblemLoader Init config took 2.45s 
74212      INFO  main            d.u.i.k.p.i.AbstractProblemLoader Replaying proof divByZero.key 
74215      DEBUG main            d.u.i.k.p.i.IntermediateProofReplayer Proof replay took 8.5ns 
74418      INFO  main            d.u.i.k.p.r.p.TestFile    ... finished proof: closed. 
74642      INFO  main            d.u.i.k.p.i.AbstractProblemLoader Loading environment from /home/runner/work/key/key/key.core/../key.ui/examples/standard_key/arith/divByZero.key.proof 
74642      DEBUG main            d.u.i.k.p.i.AbstractProblemLoader Environment load took 132.7ns 
74644      INFO  main            d.u.i.k.p.i.AbstractProblemLoader Creating init config 
77006      DEBUG main            d.u.i.k.p.i.AbstractProblemLoader Init config took 2.36s 
77023      INFO  main            d.u.i.k.p.i.AbstractProblemLoader Replaying proof divByZero.key.proof 
77061      DEBUG main            d.u.i.k.p.i.IntermediateProofReplayer Proof replay took 35.51ms 
77062      DEBUG main            d.u.i.k.p.r.p.TestFile    ... success: reloaded. 
77064      INFO  main            d.u.i.k.p.r.p.TestFile    Now processing file /home/runner/work/key/key/key.core/../key.ui/examples/standard_key/arith/divisionAssoc.key 
77064      INFO  main            d.u.i.k.p.i.AbstractProblemLoader Loading environment from /home/runner/work/key/key/key.core/../key.ui/examples/standard_key/arith/divisionAssoc.key 
77064      DEBUG main            d.u.i.k.p.i.AbstractProblemLoader Environment load took 215.2ns 
77065      INFO  main            d.u.i.k.p.i.AbstractProblemLoader Creating init config 
79427      DEBUG main            d.u.i.k.p.i.AbstractProblemLoader Init config took 2.36s 
79442      INFO  main            d.u.i.k.p.i.AbstractProblemLoader Replaying proof divisionAssoc.key 
79444      DEBUG main            d.u.i.k.p.i.IntermediateProofReplayer Proof replay took 7.6ns 
80269      INFO  main            d.u.i.k.p.r.p.TestFile    ... finished proof: closed. 
80518      INFO  main            d.u.i.k.p.i.AbstractProblemLoader Loading environment from /home/runner/work/key/key/key.core/../key.ui/examples/standard_key/arith/divisionAssoc.key.proof 
80519      DEBUG main            d.u.i.k.p.i.AbstractProblemLoader Environment load took 429.91ns 
80520      INFO  main            d.u.i.k.p.i.AbstractProblemLoader Creating init config 
82812      DEBUG main            d.u.i.k.p.i.AbstractProblemLoader Init config took 2.29s 
82826      INFO  main            d.u.i.k.p.i.AbstractProblemLoader Replaying proof divisionAssoc.key.proof 
82886      DEBUG main            d.u.i.k.p.i.IntermediateProofReplayer Proof replay took 54.29ms 
82887      DEBUG main            d.u.i.k.p.r.p.TestFile    ... success: reloaded. 
82888      INFO  main            d.u.i.k.p.r.p.TestFile    Now processing file /home/runner/work/key/key/key.core/../key.ui/examples/standard_key/arith/divisionBy2.key 
82889      INFO  main            d.u.i.k.p.i.AbstractProblemLoader Loading environment from /home/runner/work/key/key/key.core/../key.ui/examples/standard_key/arith/divisionBy2.key 
82889      DEBUG main            d.u.i.k.p.i.AbstractProblemLoader Environment load took 220.4ns 
82890      INFO  main            d.u.i.k.p.i.AbstractProblemLoader Creating init config 
85289      DEBUG main            d.u.i.k.p.i.AbstractProblemLoader Init config took 2.4s 
85303      INFO  main            d.u.i.k.p.i.AbstractProblemLoader Replaying proof divisionBy2.key 
85304      DEBUG main            d.u.i.k.p.i.IntermediateProofReplayer Proof replay took 19.1ns 
85407      INFO  main            d.u.i.k.p.r.p.TestFile    ... finished proof: closed. 
85634      INFO  main            d.u.i.k.p.i.AbstractProblemLoader Loading environment from /home/runner/work/key/key/key.core/../key.ui/examples/standard_key/arith/divisionBy2.key.proof 
85634      DEBUG main            d.u.i.k.p.i.AbstractProblemLoader Environment load took 118.3ns 
85635      INFO  main            d.u.i.k.p.i.AbstractProblemLoader Creating init config 
87947      DEBUG main            d.u.i.k.p.i.AbstractProblemLoader Init config took 2.31s 
87962      INFO  main            d.u.i.k.p.i.AbstractProblemLoader Replaying proof divisionBy2.key.proof 
87973      DEBUG main            d.u.i.k.p.i.IntermediateProofReplayer Proof replay took 6.52ms 
87974      DEBUG main            d.u.i.k.p.r.p.TestFile    ... success: reloaded. 
87975      INFO  main            d.u.i.k.p.r.p.TestFile    Now processing file /home/runner/work/key/key/key.core/../key.ui/examples/standard_key/arith/euclidean/gcdHelp-post.key 
87975      INFO  main            d.u.i.k.p.i.AbstractProblemLoader Loading environment from /home/runner/work/key/key/key.core/../key.ui/examples/standard_key/arith/euclidean/gcdHelp-post.key 
87976      DEBUG main            d.u.i.k.p.i.AbstractProblemLoader Environment load took 465.51ns 
87977      INFO  main            d.u.i.k.p.i.AbstractProblemLoader Creating init config 
90489      DEBUG main            d.u.i.k.p.i.AbstractProblemLoader Init config took 2.51s 
90504      INFO  main            d.u.i.k.p.i.AbstractProblemLoader Replaying proof gcdHelp-post.key 
90506      DEBUG main            d.u.i.k.p.i.IntermediateProofReplayer Proof replay took 7.3ns 
93868      INFO  main            d.u.i.k.p.r.p.TestFile    ... finished proof: closed. 
94136      INFO  main            d.u.i.k.p.i.AbstractProblemLoader Loading environment from /home/runner/work/key/key/key.core/../key.ui/examples/standard_key/arith/euclidean/gcdHelp-post.key.proof 
94136      DEBUG main            d.u.i.k.p.i.AbstractProblemLoader Environment load took 519.5ns 
94138      INFO  main            d.u.i.k.p.i.AbstractProblemLoader Creating init config 
96560      DEBUG main            d.u.i.k.p.i.AbstractProblemLoader Init config took 2.42s 
96577      INFO  main            d.u.i.k.p.i.AbstractProblemLoader Replaying proof gcdHelp-post.key.proof 
96796      DEBUG main            d.u.i.k.p.i.IntermediateProofReplayer Proof replay took 209.61ms 
96798      DEBUG main            d.u.i.k.p.r.p.TestFile    ... success: reloaded. 
96799      INFO  main            d.u.i.k.p.r.p.TestFile    Now processing file /home/runner/work/key/key/key.core/../key.ui/examples/standard_key/arith/gemplusDecimal/add.key 
96800      INFO  main            d.u.i.k.p.i.AbstractProblemLoader Loading environment from /home/runner/work/key/key/key.core/../key.ui/examples/standard_key/arith/gemplusDecimal/add.key 
96800      DEBUG main            d.u.i.k.p.i.AbstractProblemLoader Environment load took 225.8ns 
96802      INFO  main            d.u.i.k.p.i.AbstractProblemLoader Creating init config 
99259      DEBUG main            d.u.i.k.p.i.AbstractProblemLoader Init config took 2.46s 
99275      INFO  main            d.u.i.k.p.i.AbstractProblemLoader Replaying proof add.key 
99277      DEBUG main            d.u.i.k.p.i.IntermediateProofReplayer Proof replay took 6.2ns 
142901     INFO  main            d.u.i.k.p.r.p.TestFile    ... finished proof: closed. 
143266     INFO  main            d.u.i.k.p.i.AbstractProblemLoader Loading environment from /home/runner/work/key/key/key.core/../key.ui/examples/standard_key/arith/gemplusDecimal/add.key.proof 
143266     DEBUG main            d.u.i.k.p.i.AbstractProblemLoader Environment load took 448.9ns 
143274     INFO  main            d.u.i.k.p.i.AbstractProblemLoader Creating init config 
145639     DEBUG main            d.u.i.k.p.i.AbstractProblemLoader Init config took 2.37s 
145656     INFO  main            d.u.i.k.p.i.AbstractProblemLoader Replaying proof add.key.proof 
149495     DEBUG main            d.u.i.k.p.i.IntermediateProofReplayer Proof replay took 3.69s 
149503     DEBUG main            d.u.i.k.p.r.p.TestFile    ... success: reloaded. 
149504     INFO  main            d.u.i.k.p.r.p.TestFile    Now processing file /home/runner/work/key/key/key.core/../key.ui/examples/standard_key/arith/jdivevenodd.key 
149505     INFO  main            d.u.i.k.p.i.AbstractProblemLoader Loading environment from /home/runner/work/key/key/key.core/../key.ui/examples/standard_key/arith/jdivevenodd.key 
149505     DEBUG main            d.u.i.k.p.i.AbstractProblemLoader Environment load took 119.5ns 
149506     INFO  main            d.u.i.k.p.i.AbstractProblemLoader Creating init config 
151993     DEBUG main            d.u.i.k.p.i.AbstractProblemLoader Init config took 2.49s 
152044     INFO  main            d.u.i.k.p.i.AbstractProblemLoader Replaying proof jdivevenodd.key 
152046     DEBUG main            d.u.i.k.p.i.IntermediateProofReplayer Proof replay took 6.1ns 
152249     INFO  main            d.u.i.k.p.r.p.TestFile    ... finished proof: closed. 
152586     INFO  main            d.u.i.k.p.i.AbstractProblemLoader Loading environment from /home/runner/work/key/key/key.core/../key.ui/examples/standard_key/arith/jdivevenodd.key.proof 
152587     DEBUG main            d.u.i.k.p.i.AbstractProblemLoader Environment load took 832.11ns 
152589     INFO  main            d.u.i.k.p.i.AbstractProblemLoader Creating init config 
154849     DEBUG main            d.u.i.k.p.i.AbstractProblemLoader Init config took 2.26s 
154863     INFO  main            d.u.i.k.p.i.AbstractProblemLoader Replaying proof jdivevenodd.key.proof 
154878     DEBUG main            d.u.i.k.p.i.IntermediateProofReplayer Proof replay took 13.43ms 
154879     DEBUG main            d.u.i.k.p.r.p.TestFile    ... success: reloaded. 
154880     INFO  main            d.u.i.k.p.r.p.TestFile    Now processing file /home/runner/work/key/key/key.core/../key.ui/examples/standard_key/arith/median.key 
154881     INFO  main            d.u.i.k.p.i.AbstractProblemLoader Loading environment from /home/runner/work/key/key/key.core/../key.ui/examples/standard_key/arith/median.key 
154881     DEBUG main            d.u.i.k.p.i.AbstractProblemLoader Environment load took 95.4ns 
154882     INFO  main            d.u.i.k.p.i.AbstractProblemLoader Creating init config 
157217     DEBUG main            d.u.i.k.p.i.AbstractProblemLoader Init config took 2.34s 
157232     INFO  main            d.u.i.k.p.i.AbstractProblemLoader Replaying proof median.key 
157234     DEBUG main            d.u.i.k.p.i.IntermediateProofReplayer Proof replay took 6.5ns 
172994     INFO  main            d.u.i.k.p.r.p.TestFile    ... finished proof: closed. 
173303     INFO  main            d.u.i.k.p.i.AbstractProblemLoader Loading environment from /home/runner/work/key/key/key.core/../key.ui/examples/standard_key/arith/median.key.proof 
173308     DEBUG main            d.u.i.k.p.i.AbstractProblemLoader Environment load took 5.76ms 
173312     INFO  main            d.u.i.k.p.i.AbstractProblemLoader Creating init config 
175576     DEBUG main            d.u.i.k.p.i.AbstractProblemLoader Init config took 2.26s 
175591     INFO  main            d.u.i.k.p.i.AbstractProblemLoader Replaying proof median.key.proof 
176714     DEBUG main            d.u.i.k.p.i.IntermediateProofReplayer Proof replay took 1.06s 
176717     DEBUG main            d.u.i.k.p.r.p.TestFile    ... success: reloaded. 
176719     INFO  main            d.u.i.k.p.r.p.TestFile    Now processing file /home/runner/work/key/key/key.core/../key.ui/examples/standard_key/arith/mod1.key 
176720     INFO  main            d.u.i.k.p.i.AbstractProblemLoader Loading environment from /home/runner/work/key/key/key.core/../key.ui/examples/standard_key/arith/mod1.key 
176720     DEBUG main            d.u.i.k.p.i.AbstractProblemLoader Environment load took 138.2ns 
176723     INFO  main            d.u.i.k.p.i.AbstractProblemLoader Creating init config 
179120     DEBUG main            d.u.i.k.p.i.AbstractProblemLoader Init config took 2.4s 
179136     INFO  main            d.u.i.k.p.i.AbstractProblemLoader Replaying proof mod1.key 
179139     DEBUG main            d.u.i.k.p.i.IntermediateProofReplayer Proof replay took 6.4ns 
179242     INFO  main            d.u.i.k.p.r.p.TestFile    ... finished proof: closed. 
179548     INFO  main            d.u.i.k.p.i.AbstractProblemLoader Loading environment from /home/runner/work/key/key/key.core/../key.ui/examples/standard_key/arith/mod1.key.proof 
179548     DEBUG main            d.u.i.k.p.i.AbstractProblemLoader Environment load took 106.6ns 
179549     INFO  main            d.u.i.k.p.i.AbstractProblemLoader Creating init config 
181828     DEBUG main            d.u.i.k.p.i.AbstractProblemLoader Init config took 2.28s 
181845     INFO  main            d.u.i.k.p.i.AbstractProblemLoader Replaying proof mod1.key.proof 
181849     DEBUG main            d.u.i.k.p.i.IntermediateProofReplayer Proof replay took 2.21ms 
181850     DEBUG main            d.u.i.k.p.r.p.TestFile    ... success: reloaded. 
181851     INFO  main            d.u.i.k.p.r.p.TestFile    Now processing file /home/runner/work/key/key/key.core/../key.ui/examples/standard_key/arith/mod2.key 
181851     INFO  main            d.u.i.k.p.i.AbstractProblemLoader Loading environment from /home/runner/work/key/key/key.core/../key.ui/examples/standard_key/arith/mod2.key 
181851     DEBUG main            d.u.i.k.p.i.AbstractProblemLoader Environment load took 100.5ns 
181852     INFO  main            d.u.i.k.p.i.AbstractProblemLoader Creating init config 
184171     DEBUG main            d.u.i.k.p.i.AbstractProblemLoader Init config took 2.32s 
184184     INFO  main            d.u.i.k.p.i.AbstractProblemLoader Replaying proof mod2.key 
184187     DEBUG main            d.u.i.k.p.i.IntermediateProofReplayer Proof replay took 6.9ns 
184289     INFO  main            d.u.i.k.p.r.p.TestFile    ... finished proof: closed. 
184517     INFO  main            d.u.i.k.p.i.AbstractProblemLoader Loading environment from /home/runner/work/key/key/key.core/../key.ui/examples/standard_key/arith/mod2.key.proof 
184517     DEBUG main            d.u.i.k.p.i.AbstractProblemLoader Environment load took 135.6ns 
184519     INFO  main            d.u.i.k.p.i.AbstractProblemLoader Creating init config 
186792     DEBUG main            d.u.i.k.p.i.AbstractProblemLoader Init config took 2.27s 
186805     INFO  main            d.u.i.k.p.i.AbstractProblemLoader Replaying proof mod2.key.proof 
186808     DEBUG main            d.u.i.k.p.i.IntermediateProofReplayer Proof replay took 1.44ms 
186808     DEBUG main            d.u.i.k.p.r.p.TestFile    ... success: reloaded. 
186809     INFO  main            d.u.i.k.p.r.p.TestFile    Now processing file /home/runner/work/key/key/key.core/../key.ui/examples/standard_key/arith/mod7.key 
186809     INFO  main            d.u.i.k.p.i.AbstractProblemLoader Loading environment from /home/runner/work/key/key/key.core/../key.ui/examples/standard_key/arith/mod7.key 
186810     DEBUG main            d.u.i.k.p.i.AbstractProblemLoader Environment load took 88.8ns 
186810     INFO  main            d.u.i.k.p.i.AbstractProblemLoader Creating init config 
189143     DEBUG main            d.u.i.k.p.i.AbstractProblemLoader Init config took 2.33s 
189159     INFO  main            d.u.i.k.p.i.AbstractProblemLoader Replaying proof mod7.key 
189160     DEBUG main            d.u.i.k.p.i.IntermediateProofReplayer Proof replay took 7.5ns 
189265     INFO  main            d.u.i.k.p.r.p.TestFile    ... finished proof: closed. 
189500     INFO  main            d.u.i.k.p.i.AbstractProblemLoader Loading environment from /home/runner/work/key/key/key.core/../key.ui/examples/standard_key/arith/mod7.key.proof 
189500     DEBUG main            d.u.i.k.p.i.AbstractProblemLoader Environment load took 108.5ns 
189502     INFO  main            d.u.i.k.p.i.AbstractProblemLoader Creating init config 
191766     DEBUG main            d.u.i.k.p.i.AbstractProblemLoader Init config took 2.26s 
191779     INFO  main            d.u.i.k.p.i.AbstractProblemLoader Replaying proof mod7.key.proof 
191786     DEBUG main            d.u.i.k.p.i.IntermediateProofReplayer Proof replay took 4.99ms 
191786     DEBUG main            d.u.i.k.p.r.p.TestFile    ... success: reloaded. 
191787     INFO  main            d.u.i.k.p.r.p.TestFile    Now processing file /home/runner/work/key/key/key.core/../key.ui/examples/standard_key/arith/overflow_hija.key 
191787     INFO  main            d.u.i.k.p.i.AbstractProblemLoader Loading environment from /home/runner/work/key/key/key.core/../key.ui/examples/standard_key/arith/overflow_hija.key 
191787     DEBUG main            d.u.i.k.p.i.AbstractProblemLoader Environment load took 88.6ns 
191789     INFO  main            d.u.i.k.p.i.AbstractProblemLoader Creating init config 
194120     DEBUG main            d.u.i.k.p.i.AbstractProblemLoader Init config took 2.33s 
194136     INFO  main            d.u.i.k.p.i.AbstractProblemLoader Replaying proof overflow_hija.key 
194138     DEBUG main            d.u.i.k.p.i.IntermediateProofReplayer Proof replay took 6.1ns 
198775     INFO  main            d.u.i.k.p.r.p.TestFile    ... finished proof: closed. 
199067     INFO  main            d.u.i.k.p.i.AbstractProblemLoader Loading environment from /home/runner/work/key/key/key.core/../key.ui/examples/standard_key/arith/overflow_hija.key.proof 
199068     DEBUG main            d.u.i.k.p.i.AbstractProblemLoader Environment load took 508.91ns 
199070     INFO  main            d.u.i.k.p.i.AbstractProblemLoader Creating init config 
201376     DEBUG main            d.u.i.k.p.i.AbstractProblemLoader Init config took 2.31s 
201393     INFO  main            d.u.i.k.p.i.AbstractProblemLoader Replaying proof overflow_hija.key.proof 
201745     DEBUG main            d.u.i.k.p.i.IntermediateProofReplayer Proof replay took 341.14ms 
201748     DEBUG main            d.u.i.k.p.r.p.TestFile    ... success: reloaded. 
201749     INFO  main            d.u.i.k.p.r.p.TestFile    Now processing file /home/runner/work/key/key/key.core/../key.ui/examples/standard_key/arith/poly_division0.key 
201749     INFO  main            d.u.i.k.p.i.AbstractProblemLoader Loading environment from /home/runner/work/key/key/key.core/../key.ui/examples/standard_key/arith/poly_division0.key 
201749     DEBUG main            d.u.i.k.p.i.AbstractProblemLoader Environment load took 83.6ns 
201750     INFO  main            d.u.i.k.p.i.AbstractProblemLoader Creating init config 
204092     DEBUG main            d.u.i.k.p.i.AbstractProblemLoader Init config took 2.34s 
204106     INFO  main            d.u.i.k.p.i.AbstractProblemLoader Replaying proof poly_division0.key 
204107     DEBUG main            d.u.i.k.p.i.IntermediateProofReplayer Proof replay took 6.3ns 
204213     INFO  main            d.u.i.k.p.r.p.TestFile    ... finished proof: closed. 
204525     INFO  main            d.u.i.k.p.i.AbstractProblemLoader Loading environment from /home/runner/work/key/key/key.core/../key.ui/examples/standard_key/arith/poly_division0.key.proof 
204526     DEBUG main            d.u.i.k.p.i.AbstractProblemLoader Environment load took 108.4ns 
204527     INFO  main            d.u.i.k.p.i.AbstractProblemLoader Creating init config 
206776     DEBUG main            d.u.i.k.p.i.AbstractProblemLoader Init config took 2.25s 
206790     INFO  main            d.u.i.k.p.i.AbstractProblemLoader Replaying proof poly_division0.key.proof 
206799     DEBUG main            d.u.i.k.p.i.IntermediateProofReplayer Proof replay took 7.34ms 
206800     DEBUG main            d.u.i.k.p.r.p.TestFile    ... success: reloaded. 
206801     INFO  main            d.u.i.k.p.r.p.TestFile    Now processing file /home/runner/work/key/key/key.core/../key.ui/examples/standard_key/arith/poly_division1.key 
206801     INFO  main            d.u.i.k.p.i.AbstractProblemLoader Loading environment from /home/runner/work/key/key/key.core/../key.ui/examples/standard_key/arith/poly_division1.key 
206801     DEBUG main            d.u.i.k.p.i.AbstractProblemLoader Environment load took 80.4ns 
206802     INFO  main            d.u.i.k.p.i.AbstractProblemLoader Creating init config 
209109     DEBUG main            d.u.i.k.p.i.AbstractProblemLoader Init config took 2.31s 
209122     INFO  main            d.u.i.k.p.i.AbstractProblemLoader Replaying proof poly_division1.key 
209123     DEBUG main            d.u.i.k.p.i.IntermediateProofReplayer Proof replay took 5.9ns 
209225     INFO  main            d.u.i.k.p.r.p.TestFile    ... finished proof: closed. 
209477     INFO  main            d.u.i.k.p.i.AbstractProblemLoader Loading environment from /home/runner/work/key/key/key.core/../key.ui/examples/standard_key/arith/poly_division1.key.proof 
209477     DEBUG main            d.u.i.k.p.i.AbstractProblemLoader Environment load took 122.4ns 
209478     INFO  main            d.u.i.k.p.i.AbstractProblemLoader Creating init config 
211772     DEBUG main            d.u.i.k.p.i.AbstractProblemLoader Init config took 2.29s 
211786     INFO  main            d.u.i.k.p.i.AbstractProblemLoader Replaying proof poly_division1.key.proof 
211793     DEBUG main            d.u.i.k.p.i.IntermediateProofReplayer Proof replay took 5.61ms 
211794     DEBUG main            d.u.i.k.p.r.p.TestFile    ... success: reloaded. 
211794     INFO  main            d.u.i.k.p.r.p.TestFile    Now processing file /home/runner/work/key/key/key.core/../key.ui/examples/standard_key/inEqSimp/division.key 
211795     INFO  main            d.u.i.k.p.i.AbstractProblemLoader Loading environment from /home/runner/work/key/key/key.core/../key.ui/examples/standard_key/inEqSimp/division.key 
211795     DEBUG main            d.u.i.k.p.i.AbstractProblemLoader Environment load took 110.1ns 
211796     INFO  main            d.u.i.k.p.i.AbstractProblemLoader Creating init config 
214128     DEBUG main            d.u.i.k.p.i.AbstractProblemLoader Init config took 2.33s 
214144     INFO  main            d.u.i.k.p.i.AbstractProblemLoader Replaying proof division.key 
214146     DEBUG main            d.u.i.k.p.i.IntermediateProofReplayer Proof replay took 7.4ns 
216152     INFO  main            d.u.i.k.p.r.p.TestFile    ... finished proof: closed. 
216430     INFO  main            d.u.i.k.p.i.AbstractProblemLoader Loading environment from /home/runner/work/key/key/key.core/../key.ui/examples/standard_key/inEqSimp/division.key.proof 
216431     DEBUG main            d.u.i.k.p.i.AbstractProblemLoader Environment load took 882.01ns 
216433     INFO  main            d.u.i.k.p.i.AbstractProblemLoader Creating init config 
218706     DEBUG main            d.u.i.k.p.i.AbstractProblemLoader Init config took 2.27s 
218721     INFO  main            d.u.i.k.p.i.AbstractProblemLoader Replaying proof division.key.proof 
218807     DEBUG main            d.u.i.k.p.i.IntermediateProofReplayer Proof replay took 77.32ms 
218809     DEBUG main            d.u.i.k.p.r.p.TestFile    ... success: reloaded. 
218810     INFO  main            d.u.i.k.p.r.p.TestFile    Now processing file /home/runner/work/key/key/key.core/../key.ui/examples/standard_key/inEqSimp/inequations0.key 
218810     INFO  main            d.u.i.k.p.i.AbstractProblemLoader Loading environment from /home/runner/work/key/key/key.core/../key.ui/examples/standard_key/inEqSimp/inequations0.key 
218810     DEBUG main            d.u.i.k.p.i.AbstractProblemLoader Environment load took 218.8ns 
218812     INFO  main            d.u.i.k.p.i.AbstractProblemLoader Creating init config 
221157     DEBUG main            d.u.i.k.p.i.AbstractProblemLoader Init config took 2.35s 
221170     INFO  main            d.u.i.k.p.i.AbstractProblemLoader Replaying proof inequations0.key 
221171     DEBUG main            d.u.i.k.p.i.IntermediateProofReplayer Proof replay took 38.6ns 
221274     INFO  main            d.u.i.k.p.r.p.TestFile    ... finished proof: closed. 
221570     INFO  main            d.u.i.k.p.i.AbstractProblemLoader Loading environment from /home/runner/work/key/key/key.core/../key.ui/examples/standard_key/inEqSimp/inequations0.key.proof 
221570     DEBUG main            d.u.i.k.p.i.AbstractProblemLoader Environment load took 109.4ns 
221571     INFO  main            d.u.i.k.p.i.AbstractProblemLoader Creating init config 
223816     DEBUG main            d.u.i.k.p.i.AbstractProblemLoader Init config took 2.25s 
223830     INFO  main            d.u.i.k.p.i.AbstractProblemLoader Replaying proof inequations0.key.proof 
223833     DEBUG main            d.u.i.k.p.i.IntermediateProofReplayer Proof replay took 2ms 
223834     DEBUG main            d.u.i.k.p.r.p.TestFile    ... success: reloaded. 
223835     INFO  main            d.u.i.k.p.r.p.TestFile    Now processing file /home/runner/work/key/key/key.core/../key.ui/examples/standard_key/inEqSimp/inequations1.key 
223835     INFO  main            d.u.i.k.p.i.AbstractProblemLoader Loading environment from /home/runner/work/key/key/key.core/../key.ui/examples/standard_key/inEqSimp/inequations1.key 
223835     DEBUG main            d.u.i.k.p.i.AbstractProblemLoader Environment load took 98.7ns 
223836     INFO  main            d.u.i.k.p.i.AbstractProblemLoader Creating init config 
226126     DEBUG main            d.u.i.k.p.i.AbstractProblemLoader Init config took 2.29s 
226139     INFO  main            d.u.i.k.p.i.AbstractProblemLoader Replaying proof inequations1.key 
226140     DEBUG main            d.u.i.k.p.i.IntermediateProofReplayer Proof replay took 2.8ns 
226242     INFO  main            d.u.i.k.p.r.p.TestFile    ... finished proof: closed. 
226516     INFO  main            d.u.i.k.p.i.AbstractProblemLoader Loading environment from /home/runner/work/key/key/key.core/../key.ui/examples/standard_key/inEqSimp/inequations1.key.proof 
226516     DEBUG main            d.u.i.k.p.i.AbstractProblemLoader Environment load took 108ns 
226517     INFO  main            d.u.i.k.p.i.AbstractProblemLoader Creating init config 
228773     DEBUG main            d.u.i.k.p.i.AbstractProblemLoader Init config took 2.26s 
228786     INFO  main            d.u.i.k.p.i.AbstractProblemLoader Replaying proof inequations1.key.proof 
228789     DEBUG main            d.u.i.k.p.i.IntermediateProofReplayer Proof replay took 1.23ms 
228790     DEBUG main            d.u.i.k.p.r.p.TestFile    ... success: reloaded. 
228790     INFO  main            d.u.i.k.p.r.p.TestFile    Now processing file /home/runner/work/key/key/key.core/../key.ui/examples/standard_key/inEqSimp/inequations2.key 
228791     INFO  main            d.u.i.k.p.i.AbstractProblemLoader Loading environment from /home/runner/work/key/key/key.core/../key.ui/examples/standard_key/inEqSimp/inequations2.key 
228791     DEBUG main            d.u.i.k.p.i.AbstractProblemLoader Environment load took 83.4ns 
228791     INFO  main            d.u.i.k.p.i.AbstractProblemLoader Creating init config 
231105     DEBUG main            d.u.i.k.p.i.AbstractProblemLoader Init config took 2.31s 
231118     INFO  main            d.u.i.k.p.i.AbstractProblemLoader Replaying proof inequations2.key 
231119     DEBUG main            d.u.i.k.p.i.IntermediateProofReplayer Proof replay took 2.8ns 
231221     INFO  main            d.u.i.k.p.r.p.TestFile    ... finished proof: closed. 
231490     INFO  main            d.u.i.k.p.i.AbstractProblemLoader Loading environment from /home/runner/work/key/key/key.core/../key.ui/examples/standard_key/inEqSimp/inequations2.key.proof 
231490     DEBUG main            d.u.i.k.p.i.AbstractProblemLoader Environment load took 91.9ns 
231491     INFO  main            d.u.i.k.p.i.AbstractProblemLoader Creating init config 
233751     DEBUG main            d.u.i.k.p.i.AbstractProblemLoader Init config took 2.26s 
233764     INFO  main            d.u.i.k.p.i.AbstractProblemLoader Replaying proof inequations2.key.proof 
233767     DEBUG main            d.u.i.k.p.i.IntermediateProofReplayer Proof replay took 1.36ms 
233768     DEBUG main            d.u.i.k.p.r.p.TestFile    ... success: reloaded. 
233768     INFO  main            d.u.i.k.p.r.p.TestFile    Now processing file /home/runner/work/key/key/key.core/../key.ui/examples/standard_key/inEqSimp/linApprox.key 
233769     INFO  main            d.u.i.k.p.i.AbstractProblemLoader Loading environment from /home/runner/work/key/key/key.core/../key.ui/examples/standard_key/inEqSimp/linApprox.key 
233769     DEBUG main            d.u.i.k.p.i.AbstractProblemLoader Environment load took 194.5ns 
233770     INFO  main            d.u.i.k.p.i.AbstractProblemLoader Creating init config 
236089     DEBUG main            d.u.i.k.p.i.AbstractProblemLoader Init config took 2.32s 
236105     INFO  main            d.u.i.k.p.i.AbstractProblemLoader Replaying proof linApprox.key 
236107     DEBUG main            d.u.i.k.p.i.IntermediateProofReplayer Proof replay took 2.7ns 
236209     INFO  main            d.u.i.k.p.r.p.TestFile    ... finished proof: closed. 
236489     INFO  main            d.u.i.k.p.i.AbstractProblemLoader Loading environment from /home/runner/work/key/key/key.core/../key.ui/examples/standard_key/inEqSimp/linApprox.key.proof 
236489     DEBUG main            d.u.i.k.p.i.AbstractProblemLoader Environment load took 93.9ns 
236490     INFO  main            d.u.i.k.p.i.AbstractProblemLoader Creating init config 
238751     DEBUG main            d.u.i.k.p.i.AbstractProblemLoader Init config took 2.26s 
238765     INFO  main            d.u.i.k.p.i.AbstractProblemLoader Replaying proof linApprox.key.proof 
238768     DEBUG main            d.u.i.k.p.i.IntermediateProofReplayer Proof replay took 2.41ms 
238769     DEBUG main            d.u.i.k.p.r.p.TestFile    ... success: reloaded. 
238770     INFO  main            d.u.i.k.p.r.p.TestFile    Now processing file /home/runner/work/key/key/key.core/../key.ui/examples/standard_key/inEqSimp/nonLinInEqExample0.key 
238770     INFO  main            d.u.i.k.p.i.AbstractProblemLoader Loading environment from /home/runner/work/key/key/key.core/../key.ui/examples/standard_key/inEqSimp/nonLinInEqExample0.key 
238770     DEBUG main            d.u.i.k.p.i.AbstractProblemLoader Environment load took 52.8ns 
238771     INFO  main            d.u.i.k.p.i.AbstractProblemLoader Creating init config 
241072     DEBUG main            d.u.i.k.p.i.AbstractProblemLoader Init config took 2.3s 
241085     INFO  main            d.u.i.k.p.i.AbstractProblemLoader Replaying proof nonLinInEqExample0.key 
241086     DEBUG main            d.u.i.k.p.i.IntermediateProofReplayer Proof replay took 3.5ns 
241188     INFO  main            d.u.i.k.p.r.p.TestFile    ... finished proof: closed. 
241469     INFO  main            d.u.i.k.p.i.AbstractProblemLoader Loading environment from /home/runner/work/key/key/key.core/../key.ui/examples/standard_key/inEqSimp/nonLinInEqExample0.key.proof 
241469     DEBUG main            d.u.i.k.p.i.AbstractProblemLoader Environment load took 92.2ns 
241470     INFO  main            d.u.i.k.p.i.AbstractProblemLoader Creating init config 
243709     DEBUG main            d.u.i.k.p.i.AbstractProblemLoader Init config took 2.24s 
243722     INFO  main            d.u.i.k.p.i.AbstractProblemLoader Replaying proof nonLinInEqExample0.key.proof 
243725     DEBUG main            d.u.i.k.p.i.IntermediateProofReplayer Proof replay took 896.61ns 
243725     DEBUG main            d.u.i.k.p.r.p.TestFile    ... success: reloaded. 
243726     INFO  main            d.u.i.k.p.r.p.TestFile    Now processing file /home/runner/work/key/key/key.core/../key.ui/examples/standard_key/inEqSimp/nonLinInEqExample2.key 
243726     INFO  main            d.u.i.k.p.i.AbstractProblemLoader Loading environment from /home/runner/work/key/key/key.core/../key.ui/examples/standard_key/inEqSimp/nonLinInEqExample2.key 
243726     DEBUG main            d.u.i.k.p.i.AbstractProblemLoader Environment load took 50.2ns 
243727     INFO  main            d.u.i.k.p.i.AbstractProblemLoader Creating init config 
246047     DEBUG main            d.u.i.k.p.i.AbstractProblemLoader Init config took 2.32s 
246060     INFO  main            d.u.i.k.p.i.AbstractProblemLoader Replaying proof nonLinInEqExample2.key 
246062     DEBUG main            d.u.i.k.p.i.IntermediateProofReplayer Proof replay took 3.7ns 
246365     INFO  main            d.u.i.k.p.r.p.TestFile    ... finished proof: closed. 
246654     INFO  main            d.u.i.k.p.i.AbstractProblemLoader Loading environment from /home/runner/work/key/key/key.core/../key.ui/examples/standard_key/inEqSimp/nonLinInEqExample2.key.proof 
246654     DEBUG main            d.u.i.k.p.i.AbstractProblemLoader Environment load took 98.8ns 
246655     INFO  main            d.u.i.k.p.i.AbstractProblemLoader Creating init config 
248902     DEBUG main            d.u.i.k.p.i.AbstractProblemLoader Init config took 2.25s 
248915     INFO  main            d.u.i.k.p.i.AbstractProblemLoader Replaying proof nonLinInEqExample2.key.proof 
248956     DEBUG main            d.u.i.k.p.i.IntermediateProofReplayer Proof replay took 37.18ms 
248957     DEBUG main            d.u.i.k.p.r.p.TestFile    ... success: reloaded. 
248958     INFO  main            d.u.i.k.p.r.p.TestFile    Now processing file /home/runner/work/key/key/key.core/../key.ui/examples/standard_key/inEqSimp/nonLinInEqExample3.key 
248958     INFO  main            d.u.i.k.p.i.AbstractProblemLoader Loading environment from /home/runner/work/key/key/key.core/../key.ui/examples/standard_key/inEqSimp/nonLinInEqExample3.key 
248958     DEBUG main            d.u.i.k.p.i.AbstractProblemLoader Environment load took 80.1ns 
248959     INFO  main            d.u.i.k.p.i.AbstractProblemLoader Creating init config 
251270     DEBUG main            d.u.i.k.p.i.AbstractProblemLoader Init config took 2.31s 
251283     INFO  main            d.u.i.k.p.i.AbstractProblemLoader Replaying proof nonLinInEqExample3.key 
251285     DEBUG main            d.u.i.k.p.i.IntermediateProofReplayer Proof replay took 3ns 
251487     INFO  main            d.u.i.k.p.r.p.TestFile    ... finished proof: closed. 
251801     INFO  main            d.u.i.k.p.i.AbstractProblemLoader Loading environment from /home/runner/work/key/key/key.core/../key.ui/examples/standard_key/inEqSimp/nonLinInEqExample3.key.proof 
251801     DEBUG main            d.u.i.k.p.i.AbstractProblemLoader Environment load took 98.6ns 
251802     INFO  main            d.u.i.k.p.i.AbstractProblemLoader Creating init config 
254081     DEBUG main            d.u.i.k.p.i.AbstractProblemLoader Init config took 2.28s 
254094     INFO  main            d.u.i.k.p.i.AbstractProblemLoader Replaying proof nonLinInEqExample3.key.proof 
254112     DEBUG main            d.u.i.k.p.i.IntermediateProofReplayer Proof replay took 15.74ms 
254113     DEBUG main            d.u.i.k.p.r.p.TestFile    ... success: reloaded. 
254114     INFO  main            d.u.i.k.p.r.p.TestFile    Now processing file /home/runner/work/key/key/key.core/../key.ui/examples/standard_key/inEqSimp/nonLinInEqExample4.key 
254114     INFO  main            d.u.i.k.p.i.AbstractProblemLoader Loading environment from /home/runner/work/key/key/key.core/../key.ui/examples/standard_key/inEqSimp/nonLinInEqExample4.key 
254114     DEBUG main            d.u.i.k.p.i.AbstractProblemLoader Environment load took 92.7ns 
254115     INFO  main            d.u.i.k.p.i.AbstractProblemLoader Creating init config 
256433     DEBUG main            d.u.i.k.p.i.AbstractProblemLoader Init config took 2.32s 
256445     INFO  main            d.u.i.k.p.i.AbstractProblemLoader Replaying proof nonLinInEqExample4.key 
256447     DEBUG main            d.u.i.k.p.i.IntermediateProofReplayer Proof replay took 2.9ns 
256549     INFO  main            d.u.i.k.p.r.p.TestFile    ... finished proof: closed. 
256860     INFO  main            d.u.i.k.p.i.AbstractProblemLoader Loading environment from /home/runner/work/key/key/key.core/../key.ui/examples/standard_key/inEqSimp/nonLinInEqExample4.key.proof 
256860     DEBUG main            d.u.i.k.p.i.AbstractProblemLoader Environment load took 98.4ns 
256861     INFO  main            d.u.i.k.p.i.AbstractProblemLoader Creating init config 
259133     DEBUG main            d.u.i.k.p.i.AbstractProblemLoader Init config took 2.27s 
259147     INFO  main            d.u.i.k.p.i.AbstractProblemLoader Replaying proof nonLinInEqExample4.key.proof 
259151     DEBUG main            d.u.i.k.p.i.IntermediateProofReplayer Proof replay took 3.35ms 
259152     DEBUG main            d.u.i.k.p.r.p.TestFile    ... success: reloaded. 
259153     INFO  main            d.u.i.k.p.r.p.TestFile    Now processing file /home/runner/work/key/key/key.core/../key.ui/examples/standard_key/inEqSimp/quadraticInEq.key 
259153     INFO  main            d.u.i.k.p.i.AbstractProblemLoader Loading environment from /home/runner/work/key/key/key.core/../key.ui/examples/standard_key/inEqSimp/quadraticInEq.key 
259153     DEBUG main            d.u.i.k.p.i.AbstractProblemLoader Environment load took 52.9ns 
259155     INFO  main            d.u.i.k.p.i.AbstractProblemLoader Creating init config 
261466     DEBUG main            d.u.i.k.p.i.AbstractProblemLoader Init config took 2.31s 
261479     INFO  main            d.u.i.k.p.i.AbstractProblemLoader Replaying proof quadraticInEq.key 
261481     DEBUG main            d.u.i.k.p.i.IntermediateProofReplayer Proof replay took 3.1ns 
261785     INFO  main            d.u.i.k.p.r.p.TestFile    ... finished proof: closed. 
262110     INFO  main            d.u.i.k.p.i.AbstractProblemLoader Loading environment from /home/runner/work/key/key/key.core/../key.ui/examples/standard_key/inEqSimp/quadraticInEq.key.proof 
262110     DEBUG main            d.u.i.k.p.i.AbstractProblemLoader Environment load took 110.8ns 
262112     INFO  main            d.u.i.k.p.i.AbstractProblemLoader Creating init config 
264391     DEBUG main            d.u.i.k.p.i.AbstractProblemLoader Init config took 2.28s 
264404     INFO  main            d.u.i.k.p.i.AbstractProblemLoader Replaying proof quadraticInEq.key.proof 
264443     DEBUG main            d.u.i.k.p.i.IntermediateProofReplayer Proof replay took 34.06ms 
264445     DEBUG main            d.u.i.k.p.r.p.TestFile    ... success: reloaded. 
264445     INFO  main            d.u.i.k.p.r.p.TestFile    Now processing file /home/runner/work/key/key/key.core/../key.ui/examples/standard_key/inEqSimp/quadraticInEq10.key 
264446     INFO  main            d.u.i.k.p.i.AbstractProblemLoader Loading environment from /home/runner/work/key/key/key.core/../key.ui/examples/standard_key/inEqSimp/quadraticInEq10.key 
264446     DEBUG main            d.u.i.k.p.i.AbstractProblemLoader Environment load took 139.3ns 
264447     INFO  main            d.u.i.k.p.i.AbstractProblemLoader Creating init config 
266757     DEBUG main            d.u.i.k.p.i.AbstractProblemLoader Init config took 2.31s 
266770     INFO  main            d.u.i.k.p.i.AbstractProblemLoader Replaying proof quadraticInEq10.key 
266772     DEBUG main            d.u.i.k.p.i.IntermediateProofReplayer Proof replay took 3.5ns 
266978     INFO  main            d.u.i.k.p.r.p.TestFile    ... finished proof: closed. 
267306     INFO  main            d.u.i.k.p.i.AbstractProblemLoader Loading environment from /home/runner/work/key/key/key.core/../key.ui/examples/standard_key/inEqSimp/quadraticInEq10.key.proof 
267307     DEBUG main            d.u.i.k.p.i.AbstractProblemLoader Environment load took 1.05ms 
267308     INFO  main            d.u.i.k.p.i.AbstractProblemLoader Creating init config 
269563     DEBUG main            d.u.i.k.p.i.AbstractProblemLoader Init config took 2.25s 
269576     INFO  main            d.u.i.k.p.i.AbstractProblemLoader Replaying proof quadraticInEq10.key.proof 
269596     DEBUG main            d.u.i.k.p.i.IntermediateProofReplayer Proof replay took 17.37ms 
269598     DEBUG main            d.u.i.k.p.r.p.TestFile    ... success: reloaded. 
269599     INFO  main            d.u.i.k.p.r.p.TestFile    Now processing file /home/runner/work/key/key/key.core/../key.ui/examples/standard_key/inEqSimp/quadraticInEq13.key 
269599     INFO  main            d.u.i.k.p.i.AbstractProblemLoader Loading environment from /home/runner/work/key/key/key.core/../key.ui/examples/standard_key/inEqSimp/quadraticInEq13.key 
269599     DEBUG main            d.u.i.k.p.i.AbstractProblemLoader Environment load took 204.6ns 
269601     INFO  main            d.u.i.k.p.i.AbstractProblemLoader Creating init config 
271920     DEBUG main            d.u.i.k.p.i.AbstractProblemLoader Init config took 2.32s 
271933     INFO  main            d.u.i.k.p.i.AbstractProblemLoader Replaying proof quadraticInEq13.key 
271935     DEBUG main            d.u.i.k.p.i.IntermediateProofReplayer Proof replay took 3ns 
272137     INFO  main            d.u.i.k.p.r.p.TestFile    ... finished proof: closed. 
272460     INFO  main            d.u.i.k.p.i.AbstractProblemLoader Loading environment from /home/runner/work/key/key/key.core/../key.ui/examples/standard_key/inEqSimp/quadraticInEq13.key.proof 
272460     DEBUG main            d.u.i.k.p.i.AbstractProblemLoader Environment load took 88.9ns 
272462     INFO  main            d.u.i.k.p.i.AbstractProblemLoader Creating init config 
274722     DEBUG main            d.u.i.k.p.i.AbstractProblemLoader Init config took 2.26s 
274735     INFO  main            d.u.i.k.p.i.AbstractProblemLoader Replaying proof quadraticInEq13.key.proof 
274752     DEBUG main            d.u.i.k.p.i.IntermediateProofReplayer Proof replay took 14.8ms 
274753     DEBUG main            d.u.i.k.p.r.p.TestFile    ... success: reloaded. 
274754     INFO  main            d.u.i.k.p.r.p.TestFile    Now processing file /home/runner/work/key/key/key.core/../key.ui/examples/standard_key/inEqSimp/quadraticInEq14.key 
274754     INFO  main            d.u.i.k.p.i.AbstractProblemLoader Loading environment from /home/runner/work/key/key/key.core/../key.ui/examples/standard_key/inEqSimp/quadraticInEq14.key 
274754     DEBUG main            d.u.i.k.p.i.AbstractProblemLoader Environment load took 71.3ns 
274755     INFO  main            d.u.i.k.p.i.AbstractProblemLoader Creating init config 
277091     DEBUG main            d.u.i.k.p.i.AbstractProblemLoader Init config took 2.34s 
277103     INFO  main            d.u.i.k.p.i.AbstractProblemLoader Replaying proof quadraticInEq14.key 
277105     DEBUG main            d.u.i.k.p.i.IntermediateProofReplayer Proof replay took 3.3ns 
277408     INFO  main            d.u.i.k.p.r.p.TestFile    ... finished proof: closed. 
277768     INFO  main            d.u.i.k.p.i.AbstractProblemLoader Loading environment from /home/runner/work/key/key/key.core/../key.ui/examples/standard_key/inEqSimp/quadraticInEq14.key.proof 
277768     DEBUG main            d.u.i.k.p.i.AbstractProblemLoader Environment load took 93.9ns 
277769     INFO  main            d.u.i.k.p.i.AbstractProblemLoader Creating init config 
280008     DEBUG main            d.u.i.k.p.i.AbstractProblemLoader Init config took 2.24s 
280021     INFO  main            d.u.i.k.p.i.AbstractProblemLoader Replaying proof quadraticInEq14.key.proof 
280041     DEBUG main            d.u.i.k.p.i.IntermediateProofReplayer Proof replay took 17.56ms 
280042     DEBUG main            d.u.i.k.p.r.p.TestFile    ... success: reloaded. 
280042     INFO  main            d.u.i.k.p.r.p.TestFile    Now processing file /home/runner/work/key/key/key.core/../key.ui/examples/standard_key/inEqSimp/quadraticInEq2.key 
280043     INFO  main            d.u.i.k.p.i.AbstractProblemLoader Loading environment from /home/runner/work/key/key/key.core/../key.ui/examples/standard_key/inEqSimp/quadraticInEq2.key 
280043     DEBUG main            d.u.i.k.p.i.AbstractProblemLoader Environment load took 84.7ns 
280044     INFO  main            d.u.i.k.p.i.AbstractProblemLoader Creating init config 
282325     DEBUG main            d.u.i.k.p.i.AbstractProblemLoader Init config took 2.28s 
282338     INFO  main            d.u.i.k.p.i.AbstractProblemLoader Replaying proof quadraticInEq2.key 
282340     DEBUG main            d.u.i.k.p.i.IntermediateProofReplayer Proof replay took 3.5ns 
282444     INFO  main            d.u.i.k.p.r.p.TestFile    ... finished proof: closed. 
282790     INFO  main            d.u.i.k.p.i.AbstractProblemLoader Loading environment from /home/runner/work/key/key/key.core/../key.ui/examples/standard_key/inEqSimp/quadraticInEq2.key.proof 
282790     DEBUG main            d.u.i.k.p.i.AbstractProblemLoader Environment load took 102.29ns 
282791     INFO  main            d.u.i.k.p.i.AbstractProblemLoader Creating init config 
285041     DEBUG main            d.u.i.k.p.i.AbstractProblemLoader Init config took 2.25s 
285054     INFO  main            d.u.i.k.p.i.AbstractProblemLoader Replaying proof quadraticInEq2.key.proof 
285058     DEBUG main            d.u.i.k.p.i.IntermediateProofReplayer Proof replay took 2.01ms 
285058     DEBUG main            d.u.i.k.p.r.p.TestFile    ... success: reloaded. 
285059     INFO  main            d.u.i.k.p.r.p.TestFile    Now processing file /home/runner/work/key/key/key.core/../key.ui/examples/standard_key/inEqSimp/quadraticInEq3.key 
285059     INFO  main            d.u.i.k.p.i.AbstractProblemLoader Loading environment from /home/runner/work/key/key/key.core/../key.ui/examples/standard_key/inEqSimp/quadraticInEq3.key 
285059     DEBUG main            d.u.i.k.p.i.AbstractProblemLoader Environment load took 46.4ns 
285060     INFO  main            d.u.i.k.p.i.AbstractProblemLoader Creating init config 
287347     DEBUG main            d.u.i.k.p.i.AbstractProblemLoader Init config took 2.29s 
287360     INFO  main            d.u.i.k.p.i.AbstractProblemLoader Replaying proof quadraticInEq3.key 
287361     DEBUG main            d.u.i.k.p.i.IntermediateProofReplayer Proof replay took 3.7ns 
287463     INFO  main            d.u.i.k.p.r.p.TestFile    ... finished proof: closed. 
287797     INFO  main            d.u.i.k.p.i.AbstractProblemLoader Loading environment from /home/runner/work/key/key/key.core/../key.ui/examples/standard_key/inEqSimp/quadraticInEq3.key.proof 
287797     DEBUG main            d.u.i.k.p.i.AbstractProblemLoader Environment load took 85.8ns 
287798     INFO  main            d.u.i.k.p.i.AbstractProblemLoader Creating init config 
290052     DEBUG main            d.u.i.k.p.i.AbstractProblemLoader Init config took 2.25s 
290066     INFO  main            d.u.i.k.p.i.AbstractProblemLoader Replaying proof quadraticInEq3.key.proof 
290073     DEBUG main            d.u.i.k.p.i.IntermediateProofReplayer Proof replay took 5.38ms 
290073     DEBUG main            d.u.i.k.p.r.p.TestFile    ... success: reloaded. 
290074     INFO  main            d.u.i.k.p.r.p.TestFile    Now processing file /home/runner/work/key/key/key.core/../key.ui/examples/standard_key/inEqSimp/quadraticInEq4.key 
290074     INFO  main            d.u.i.k.p.i.AbstractProblemLoader Loading environment from /home/runner/work/key/key/key.core/../key.ui/examples/standard_key/inEqSimp/quadraticInEq4.key 
290074     DEBUG main            d.u.i.k.p.i.AbstractProblemLoader Environment load took 94.3ns 
290075     INFO  main            d.u.i.k.p.i.AbstractProblemLoader Creating init config 
292364     DEBUG main            d.u.i.k.p.i.AbstractProblemLoader Init config took 2.29s 
292377     INFO  main            d.u.i.k.p.i.AbstractProblemLoader Replaying proof quadraticInEq4.key 
292378     DEBUG main            d.u.i.k.p.i.IntermediateProofReplayer Proof replay took 3.3ns 
292480     INFO  main            d.u.i.k.p.r.p.TestFile    ... finished proof: closed. 
292821     INFO  main            d.u.i.k.p.i.AbstractProblemLoader Loading environment from /home/runner/work/key/key/key.core/../key.ui/examples/standard_key/inEqSimp/quadraticInEq4.key.proof 
292821     DEBUG main            d.u.i.k.p.i.AbstractProblemLoader Environment load took 88.1ns 
292822     INFO  main            d.u.i.k.p.i.AbstractProblemLoader Creating init config 
295068     DEBUG main            d.u.i.k.p.i.AbstractProblemLoader Init config took 2.25s 
295081     INFO  main            d.u.i.k.p.i.AbstractProblemLoader Replaying proof quadraticInEq4.key.proof 
295086     DEBUG main            d.u.i.k.p.i.IntermediateProofReplayer Proof replay took 3.92ms 
295087     DEBUG main            d.u.i.k.p.r.p.TestFile    ... success: reloaded. 
295088     INFO  main            d.u.i.k.p.r.p.TestFile    Now processing file /home/runner/work/key/key/key.core/../key.ui/examples/standard_key/inEqSimp/quadraticInEq5.key 
295088     INFO  main            d.u.i.k.p.i.AbstractProblemLoader Loading environment from /home/runner/work/key/key/key.core/../key.ui/examples/standard_key/inEqSimp/quadraticInEq5.key 
295088     DEBUG main            d.u.i.k.p.i.AbstractProblemLoader Environment load took 111.9ns 
295089     INFO  main            d.u.i.k.p.i.AbstractProblemLoader Creating init config 
297373     DEBUG main            d.u.i.k.p.i.AbstractProblemLoader Init config took 2.28s 
297386     INFO  main            d.u.i.k.p.i.AbstractProblemLoader Replaying proof quadraticInEq5.key 
297387     DEBUG main            d.u.i.k.p.i.IntermediateProofReplayer Proof replay took 4ns 
297489     INFO  main            d.u.i.k.p.r.p.TestFile    ... finished proof: closed. 
297840     INFO  main            d.u.i.k.p.i.AbstractProblemLoader Loading environment from /home/runner/work/key/key/key.core/../key.ui/examples/standard_key/inEqSimp/quadraticInEq5.key.proof 
297840     DEBUG main            d.u.i.k.p.i.AbstractProblemLoader Environment load took 86.6ns 
297841     INFO  main            d.u.i.k.p.i.AbstractProblemLoader Creating init config 
300073     DEBUG main            d.u.i.k.p.i.AbstractProblemLoader Init config took 2.23s 
300086     INFO  main            d.u.i.k.p.i.AbstractProblemLoader Replaying proof quadraticInEq5.key.proof 
300092     DEBUG main            d.u.i.k.p.i.IntermediateProofReplayer Proof replay took 3.83ms 
300092     DEBUG main            d.u.i.k.p.r.p.TestFile    ... success: reloaded. 
300093     INFO  main            d.u.i.k.p.r.p.TestFile    Now processing file /home/runner/work/key/key/key.core/../key.ui/examples/standard_key/inEqSimp/quadraticInEq6.key 
300093     INFO  main            d.u.i.k.p.i.AbstractProblemLoader Loading environment from /home/runner/work/key/key/key.core/../key.ui/examples/standard_key/inEqSimp/quadraticInEq6.key 
300093     DEBUG main            d.u.i.k.p.i.AbstractProblemLoader Environment load took 49.6ns 
300094     INFO  main            d.u.i.k.p.i.AbstractProblemLoader Creating init config 
302379     DEBUG main            d.u.i.k.p.i.AbstractProblemLoader Init config took 2.28s 
302392     INFO  main            d.u.i.k.p.i.AbstractProblemLoader Replaying proof quadraticInEq6.key 
302394     DEBUG main            d.u.i.k.p.i.IntermediateProofReplayer Proof replay took 3ns 
302496     INFO  main            d.u.i.k.p.r.p.TestFile    ... finished proof: closed. 
302848     INFO  main            d.u.i.k.p.i.AbstractProblemLoader Loading environment from /home/runner/work/key/key/key.core/../key.ui/examples/standard_key/inEqSimp/quadraticInEq6.key.proof 
302848     DEBUG main            d.u.i.k.p.i.AbstractProblemLoader Environment load took 83.5ns 
302849     INFO  main            d.u.i.k.p.i.AbstractProblemLoader Creating init config 
305106     DEBUG main            d.u.i.k.p.i.AbstractProblemLoader Init config took 2.26s 
305119     INFO  main            d.u.i.k.p.i.AbstractProblemLoader Replaying proof quadraticInEq6.key.proof 
305125     DEBUG main            d.u.i.k.p.i.IntermediateProofReplayer Proof replay took 3.82ms 
305125     DEBUG main            d.u.i.k.p.r.p.TestFile    ... success: reloaded. 
305126     INFO  main            d.u.i.k.p.r.p.TestFile    Now processing file /home/runner/work/key/key/key.core/../key.ui/examples/standard_key/inEqSimp/quadraticInEq7.key 
305127     INFO  main            d.u.i.k.p.i.AbstractProblemLoader Loading environment from /home/runner/work/key/key/key.core/../key.ui/examples/standard_key/inEqSimp/quadraticInEq7.key 
305127     DEBUG main            d.u.i.k.p.i.AbstractProblemLoader Environment load took 78.4ns 
305128     INFO  main            d.u.i.k.p.i.AbstractProblemLoader Creating init config 
307427     DEBUG main            d.u.i.k.p.i.AbstractProblemLoader Init config took 2.3s 
307440     INFO  main            d.u.i.k.p.i.AbstractProblemLoader Replaying proof quadraticInEq7.key 
307442     DEBUG main            d.u.i.k.p.i.IntermediateProofReplayer Proof replay took 2.9ns 
307544     INFO  main            d.u.i.k.p.r.p.TestFile    ... finished proof: closed. 
307895     INFO  main            d.u.i.k.p.i.AbstractProblemLoader Loading environment from /home/runner/work/key/key/key.core/../key.ui/examples/standard_key/inEqSimp/quadraticInEq7.key.proof 
307895     DEBUG main            d.u.i.k.p.i.AbstractProblemLoader Environment load took 90.2ns 
307896     INFO  main            d.u.i.k.p.i.AbstractProblemLoader Creating init config 
310167     DEBUG main            d.u.i.k.p.i.AbstractProblemLoader Init config took 2.27s 
310180     INFO  main            d.u.i.k.p.i.AbstractProblemLoader Replaying proof quadraticInEq7.key.proof 
310184     DEBUG main            d.u.i.k.p.i.IntermediateProofReplayer Proof replay took 1.97ms 
310186     DEBUG main            d.u.i.k.p.r.p.TestFile    ... success: reloaded. 
310187     INFO  main            d.u.i.k.p.r.p.TestFile    Now processing file /home/runner/work/key/key/key.core/../key.ui/examples/standard_key/inEqSimp/quadraticInEq8.key 
310187     INFO  main            d.u.i.k.p.i.AbstractProblemLoader Loading environment from /home/runner/work/key/key/key.core/../key.ui/examples/standard_key/inEqSimp/quadraticInEq8.key 
310187     DEBUG main            d.u.i.k.p.i.AbstractProblemLoader Environment load took 71.9ns 
310188     INFO  main            d.u.i.k.p.i.AbstractProblemLoader Creating init config 
312482     DEBUG main            d.u.i.k.p.i.AbstractProblemLoader Init config took 2.29s 
312495     INFO  main            d.u.i.k.p.i.AbstractProblemLoader Replaying proof quadraticInEq8.key 
312497     DEBUG main            d.u.i.k.p.i.IntermediateProofReplayer Proof replay took 3.9ns 
312599     INFO  main            d.u.i.k.p.r.p.TestFile    ... finished proof: closed. 
312963     INFO  main            d.u.i.k.p.i.AbstractProblemLoader Loading environment from /home/runner/work/key/key/key.core/../key.ui/examples/standard_key/inEqSimp/quadraticInEq8.key.proof 
312963     DEBUG main            d.u.i.k.p.i.AbstractProblemLoader Environment load took 114.5ns 
312964     INFO  main            d.u.i.k.p.i.AbstractProblemLoader Creating init config 
315226     DEBUG main            d.u.i.k.p.i.AbstractProblemLoader Init config took 2.26s 
315239     INFO  main            d.u.i.k.p.i.AbstractProblemLoader Replaying proof quadraticInEq8.key.proof 
315247     DEBUG main            d.u.i.k.p.i.IntermediateProofReplayer Proof replay took 6.27ms 
315248     DEBUG main            d.u.i.k.p.r.p.TestFile    ... success: reloaded. 
315249     INFO  main            d.u.i.k.p.r.p.TestFile    Now processing file /home/runner/work/key/key/key.core/../key.ui/examples/standard_key/inEqSimp/simplify0.key 
315249     INFO  main            d.u.i.k.p.i.AbstractProblemLoader Loading environment from /home/runner/work/key/key/key.core/../key.ui/examples/standard_key/inEqSimp/simplify0.key 
315249     DEBUG main            d.u.i.k.p.i.AbstractProblemLoader Environment load took 71.4ns 
315250     INFO  main            d.u.i.k.p.i.AbstractProblemLoader Creating init config 
317570     DEBUG main            d.u.i.k.p.i.AbstractProblemLoader Init config took 2.32s 
317584     INFO  main            d.u.i.k.p.i.AbstractProblemLoader Replaying proof simplify0.key 
317585     DEBUG main            d.u.i.k.p.i.IntermediateProofReplayer Proof replay took 3.2ns 
317687     INFO  main            d.u.i.k.p.r.p.TestFile    ... finished proof: closed. 
318067     INFO  main            d.u.i.k.p.i.AbstractProblemLoader Loading environment from /home/runner/work/key/key/key.core/../key.ui/examples/standard_key/inEqSimp/simplify0.key.proof 
318067     DEBUG main            d.u.i.k.p.i.AbstractProblemLoader Environment load took 105.9ns 
318068     INFO  main            d.u.i.k.p.i.AbstractProblemLoader Creating init config 
320336     DEBUG main            d.u.i.k.p.i.AbstractProblemLoader Init config took 2.27s 
320349     INFO  main            d.u.i.k.p.i.AbstractProblemLoader Replaying proof simplify0.key.proof 
320353     DEBUG main            d.u.i.k.p.i.IntermediateProofReplayer Proof replay took 2.23ms 
320354     DEBUG main            d.u.i.k.p.r.p.TestFile    ... success: reloaded. 
320354     INFO  main            d.u.i.k.p.r.p.TestFile    Now processing file /home/runner/work/key/key/key.core/../key.ui/examples/standard_key/inEqSimp/simplify1.key 
320355     INFO  main            d.u.i.k.p.i.AbstractProblemLoader Loading environment from /home/runner/work/key/key/key.core/../key.ui/examples/standard_key/inEqSimp/simplify1.key 
320355     DEBUG main            d.u.i.k.p.i.AbstractProblemLoader Environment load took 63.8ns 
320356     INFO  main            d.u.i.k.p.i.AbstractProblemLoader Creating init config 
322698     DEBUG main            d.u.i.k.p.i.AbstractProblemLoader Init config took 2.34s 
322712     INFO  main            d.u.i.k.p.i.AbstractProblemLoader Replaying proof simplify1.key 
322713     DEBUG main            d.u.i.k.p.i.IntermediateProofReplayer Proof replay took 3.9ns 
322815     INFO  main            d.u.i.k.p.r.p.TestFile    ... finished proof: closed. 
323187     INFO  main            d.u.i.k.p.i.AbstractProblemLoader Loading environment from /home/runner/work/key/key/key.core/../key.ui/examples/standard_key/inEqSimp/simplify1.key.proof 
323187     DEBUG main            d.u.i.k.p.i.AbstractProblemLoader Environment load took 84.2ns 
323188     INFO  main            d.u.i.k.p.i.AbstractProblemLoader Creating init config 
325448     DEBUG main            d.u.i.k.p.i.AbstractProblemLoader Init config took 2.26s 
325461     INFO  main            d.u.i.k.p.i.AbstractProblemLoader Replaying proof simplify1.key.proof 
325464     DEBUG main            d.u.i.k.p.i.IntermediateProofReplayer Proof replay took 1.22ms 
325465     DEBUG main            d.u.i.k.p.r.p.TestFile    ... success: reloaded. 
325465     INFO  main            d.u.i.k.p.r.p.TestFile    Now processing file /home/runner/work/key/key/key.core/../key.ui/examples/standard_key/inEqSimp/simplify2.key 
325465     INFO  main            d.u.i.k.p.i.AbstractProblemLoader Loading environment from /home/runner/work/key/key/key.core/../key.ui/examples/standard_key/inEqSimp/simplify2.key 
325465     DEBUG main            d.u.i.k.p.i.AbstractProblemLoader Environment load took 46.7ns 
325466     INFO  main            d.u.i.k.p.i.AbstractProblemLoader Creating init config 
327765     DEBUG main            d.u.i.k.p.i.AbstractProblemLoader Init config took 2.3s 
327778     INFO  main            d.u.i.k.p.i.AbstractProblemLoader Replaying proof simplify2.key 
327779     DEBUG main            d.u.i.k.p.i.IntermediateProofReplayer Proof replay took 3.3ns 
327883     INFO  main            d.u.i.k.p.r.p.TestFile    ... finished proof: closed. 
328267     INFO  main            d.u.i.k.p.i.AbstractProblemLoader Loading environment from /home/runner/work/key/key/key.core/../key.ui/examples/standard_key/inEqSimp/simplify2.key.proof 
328267     DEBUG main            d.u.i.k.p.i.AbstractProblemLoader Environment load took 82.9ns 
328269     INFO  main            d.u.i.k.p.i.AbstractProblemLoader Creating init config 
330530     DEBUG main            d.u.i.k.p.i.AbstractProblemLoader Init config took 2.26s 
330543     INFO  main            d.u.i.k.p.i.AbstractProblemLoader Replaying proof simplify2.key.proof 
330555     DEBUG main            d.u.i.k.p.i.IntermediateProofReplayer Proof replay took 9.71ms 
330555     DEBUG main            d.u.i.k.p.r.p.TestFile    ... success: reloaded. 
330556     INFO  main            d.u.i.k.p.r.p.TestFile    Now processing file /home/runner/work/key/key/key.core/../key.ui/examples/standard_key/inEqSimp/simplify3.key 
330556     INFO  main            d.u.i.k.p.i.AbstractProblemLoader Loading environment from /home/runner/work/key/key/key.core/../key.ui/examples/standard_key/inEqSimp/simplify3.key 
330556     DEBUG main            d.u.i.k.p.i.AbstractProblemLoader Environment load took 79.9ns 
330557     INFO  main            d.u.i.k.p.i.AbstractProblemLoader Creating init config 
332850     DEBUG main            d.u.i.k.p.i.AbstractProblemLoader Init config took 2.29s 
332863     INFO  main            d.u.i.k.p.i.AbstractProblemLoader Replaying proof simplify3.key 
332864     DEBUG main            d.u.i.k.p.i.IntermediateProofReplayer Proof replay took 3.3ns 
332965     INFO  main            d.u.i.k.p.r.p.TestFile    ... finished proof: closed. 
333354     INFO  main            d.u.i.k.p.i.AbstractProblemLoader Loading environment from /home/runner/work/key/key/key.core/../key.ui/examples/standard_key/inEqSimp/simplify3.key.proof 
333354     DEBUG main            d.u.i.k.p.i.AbstractProblemLoader Environment load took 84.4ns 
333355     INFO  main            d.u.i.k.p.i.AbstractProblemLoader Creating init config 
335617     DEBUG main            d.u.i.k.p.i.AbstractProblemLoader Init config took 2.26s 
335630     INFO  main            d.u.i.k.p.i.AbstractProblemLoader Replaying proof simplify3.key.proof 
335633     DEBUG main            d.u.i.k.p.i.IntermediateProofReplayer Proof replay took 1.71ms 
335634     DEBUG main            d.u.i.k.p.r.p.TestFile    ... success: reloaded. 
335634     INFO  main            d.u.i.k.p.r.p.TestFile    Now processing file /home/runner/work/key/key/key.core/../key.ui/examples/standard_key/inEqSimp/simplify4.key 
335634     INFO  main            d.u.i.k.p.i.AbstractProblemLoader Loading environment from /home/runner/work/key/key/key.core/../key.ui/examples/standard_key/inEqSimp/simplify4.key 
335634     DEBUG main            d.u.i.k.p.i.AbstractProblemLoader Environment load took 44.7ns 
335635     INFO  main            d.u.i.k.p.i.AbstractProblemLoader Creating init config 
337928     DEBUG main            d.u.i.k.p.i.AbstractProblemLoader Init config took 2.29s 
337943     INFO  main            d.u.i.k.p.i.AbstractProblemLoader Replaying proof simplify4.key 
337944     DEBUG main            d.u.i.k.p.i.IntermediateProofReplayer Proof replay took 2.9ns 
338046     INFO  main            d.u.i.k.p.r.p.TestFile    ... finished proof: closed. 
338447     INFO  main            d.u.i.k.p.i.AbstractProblemLoader Loading environment from /home/runner/work/key/key/key.core/../key.ui/examples/standard_key/inEqSimp/simplify4.key.proof 
338447     DEBUG main            d.u.i.k.p.i.AbstractProblemLoader Environment load took 83.1ns 
338448     INFO  main            d.u.i.k.p.i.AbstractProblemLoader Creating init config 
340701     DEBUG main            d.u.i.k.p.i.AbstractProblemLoader Init config took 2.25s 
340715     INFO  main            d.u.i.k.p.i.AbstractProblemLoader Replaying proof simplify4.key.proof 
340729     DEBUG main            d.u.i.k.p.i.IntermediateProofReplayer Proof replay took 11.75ms 
340731     DEBUG main            d.u.i.k.p.r.p.TestFile    ... success: reloaded. 
340731     INFO  main            d.u.i.k.p.r.p.TestFile    Now processing file /home/runner/work/key/key/key.core/../key.ui/examples/standard_key/inEqSimp/simplify5.key 
340731     INFO  main            d.u.i.k.p.i.AbstractProblemLoader Loading environment from /home/runner/work/key/key/key.core/../key.ui/examples/standard_key/inEqSimp/simplify5.key 
340732     DEBUG main            d.u.i.k.p.i.AbstractProblemLoader Environment load took 180.6ns 
340733     INFO  main            d.u.i.k.p.i.AbstractProblemLoader Creating init config 
343044     DEBUG main            d.u.i.k.p.i.AbstractProblemLoader Init config took 2.31s 
343057     INFO  main            d.u.i.k.p.i.AbstractProblemLoader Replaying proof simplify5.key 
343059     DEBUG main            d.u.i.k.p.i.IntermediateProofReplayer Proof replay took 4ns 
343663     INFO  main            d.u.i.k.p.r.p.TestFile    ... finished proof: closed. 
344063     INFO  main            d.u.i.k.p.i.AbstractProblemLoader Loading environment from /home/runner/work/key/key/key.core/../key.ui/examples/standard_key/inEqSimp/simplify5.key.proof 
344063     DEBUG main            d.u.i.k.p.i.AbstractProblemLoader Environment load took 388ns 
344065     INFO  main            d.u.i.k.p.i.AbstractProblemLoader Creating init config 
346322     DEBUG main            d.u.i.k.p.i.AbstractProblemLoader Init config took 2.26s 
346339     INFO  main            d.u.i.k.p.i.AbstractProblemLoader Replaying proof simplify5.key.proof 
346387     DEBUG main            d.u.i.k.p.i.IntermediateProofReplayer Proof replay took 43.59ms 
346388     DEBUG main            d.u.i.k.p.r.p.TestFile    ... success: reloaded. 
346389     INFO  main            d.u.i.k.p.r.p.TestFile    Now processing file /home/runner/work/key/key/key.core/../key.ui/examples/standard_key/inEqSimp/subsumptionExample.key 
346389     INFO  main            d.u.i.k.p.i.AbstractProblemLoader Loading environment from /home/runner/work/key/key/key.core/../key.ui/examples/standard_key/inEqSimp/subsumptionExample.key 
346389     DEBUG main            d.u.i.k.p.i.AbstractProblemLoader Environment load took 68.4ns 
346390     INFO  main            d.u.i.k.p.i.AbstractProblemLoader Creating init config 
348681     DEBUG main            d.u.i.k.p.i.AbstractProblemLoader Init config took 2.29s 
348694     INFO  main            d.u.i.k.p.i.AbstractProblemLoader Replaying proof subsumptionExample.key 
348695     DEBUG main            d.u.i.k.p.i.IntermediateProofReplayer Proof replay took 4.1ns 
348796     INFO  main            d.u.i.k.p.r.p.TestFile    ... finished proof: closed. 
349221     INFO  main            d.u.i.k.p.i.AbstractProblemLoader Loading environment from /home/runner/work/key/key/key.core/../key.ui/examples/standard_key/inEqSimp/subsumptionExample.key.proof 
349221     DEBUG main            d.u.i.k.p.i.AbstractProblemLoader Environment load took 85.5ns 
349222     INFO  main            d.u.i.k.p.i.AbstractProblemLoader Creating init config 
351480     DEBUG main            d.u.i.k.p.i.AbstractProblemLoader Init config took 2.26s 
351493     INFO  main            d.u.i.k.p.i.AbstractProblemLoader Replaying proof subsumptionExample.key.proof 
351495     DEBUG main            d.u.i.k.p.i.IntermediateProofReplayer Proof replay took 813.11ns 
351495     DEBUG main            d.u.i.k.p.r.p.TestFile    ... success: reloaded. 
351496     INFO  main            d.u.i.k.p.r.p.TestFile    Now processing file /home/runner/work/key/key/key.core/../key.ui/examples/standard_key/polySimp/simplify0.key 
351496     INFO  main            d.u.i.k.p.i.AbstractProblemLoader Loading environment from /home/runner/work/key/key/key.core/../key.ui/examples/standard_key/polySimp/simplify0.key 
351496     DEBUG main            d.u.i.k.p.i.AbstractProblemLoader Environment load took 81ns 
351497     INFO  main            d.u.i.k.p.i.AbstractProblemLoader Creating init config 
353795     DEBUG main            d.u.i.k.p.i.AbstractProblemLoader Init config took 2.3s 
353810     INFO  main            d.u.i.k.p.i.AbstractProblemLoader Replaying proof simplify0.key 
353811     DEBUG main            d.u.i.k.p.i.IntermediateProofReplayer Proof replay took 2.8ns 
354013     INFO  main            d.u.i.k.p.r.p.TestFile    ... finished proof: closed. 
354424     INFO  main            d.u.i.k.p.i.AbstractProblemLoader Loading environment from /home/runner/work/key/key/key.core/../key.ui/examples/standard_key/polySimp/simplify0.key.proof 
354424     DEBUG main            d.u.i.k.p.i.AbstractProblemLoader Environment load took 84.6ns 
354425     INFO  main            d.u.i.k.p.i.AbstractProblemLoader Creating init config 
356685     DEBUG main            d.u.i.k.p.i.AbstractProblemLoader Init config took 2.26s 
356699     INFO  main            d.u.i.k.p.i.AbstractProblemLoader Replaying proof simplify0.key.proof 
356716     DEBUG main            d.u.i.k.p.i.IntermediateProofReplayer Proof replay took 14.31ms 
356718     DEBUG main            d.u.i.k.p.r.p.TestFile    ... success: reloaded. 
356719     INFO  main            d.u.i.k.p.r.p.TestFile    Now processing file /home/runner/work/key/key/key.core/../key.ui/examples/standard_key/polySimp/simplify1.key 
356719     INFO  main            d.u.i.k.p.i.AbstractProblemLoader Loading environment from /home/runner/work/key/key/key.core/../key.ui/examples/standard_key/polySimp/simplify1.key 
356719     DEBUG main            d.u.i.k.p.i.AbstractProblemLoader Environment load took 98.9ns 
356720     INFO  main            d.u.i.k.p.i.AbstractProblemLoader Creating init config 
359020     DEBUG main            d.u.i.k.p.i.AbstractProblemLoader Init config took 2.3s 
359033     INFO  main            d.u.i.k.p.i.AbstractProblemLoader Replaying proof simplify1.key 
359034     DEBUG main            d.u.i.k.p.i.IntermediateProofReplayer Proof replay took 2.8ns 
359358     INFO  main            d.u.i.k.p.r.p.TestFile    ... finished proof: closed. 
359784     INFO  main            d.u.i.k.p.i.AbstractProblemLoader Loading environment from /home/runner/work/key/key/key.core/../key.ui/examples/standard_key/polySimp/simplify1.key.proof 
359784     DEBUG main            d.u.i.k.p.i.AbstractProblemLoader Environment load took 412.8ns 
359786     INFO  main            d.u.i.k.p.i.AbstractProblemLoader Creating init config 
362046     DEBUG main            d.u.i.k.p.i.AbstractProblemLoader Init config took 2.26s 
362060     INFO  main            d.u.i.k.p.i.AbstractProblemLoader Replaying proof simplify1.key.proof 
362083     DEBUG main            d.u.i.k.p.i.IntermediateProofReplayer Proof replay took 19.82ms 
362084     DEBUG main            d.u.i.k.p.r.p.TestFile    ... success: reloaded. 
362085     INFO  main            d.u.i.k.p.r.p.TestFile    Now processing file /home/runner/work/key/key/key.core/../key.ui/examples/standard_key/polySimp/simplify10.key 
362085     INFO  main            d.u.i.k.p.i.AbstractProblemLoader Loading environment from /home/runner/work/key/key/key.core/../key.ui/examples/standard_key/polySimp/simplify10.key 
362085     DEBUG main            d.u.i.k.p.i.AbstractProblemLoader Environment load took 48.4ns 
362086     INFO  main            d.u.i.k.p.i.AbstractProblemLoader Creating init config 
364400     DEBUG main            d.u.i.k.p.i.AbstractProblemLoader Init config took 2.31s 
364415     INFO  main            d.u.i.k.p.i.AbstractProblemLoader Replaying proof simplify10.key 
364416     DEBUG main            d.u.i.k.p.i.IntermediateProofReplayer Proof replay took 2.7ns 
364722     INFO  main            d.u.i.k.p.r.p.TestFile    ... finished proof: closed. 
365178     INFO  main            d.u.i.k.p.i.AbstractProblemLoader Loading environment from /home/runner/work/key/key/key.core/../key.ui/examples/standard_key/polySimp/simplify10.key.proof 
365178     DEBUG main            d.u.i.k.p.i.AbstractProblemLoader Environment load took 101.8ns 
365180     INFO  main            d.u.i.k.p.i.AbstractProblemLoader Creating init config 
367439     DEBUG main            d.u.i.k.p.i.AbstractProblemLoader Init config took 2.26s 
367455     INFO  main            d.u.i.k.p.i.AbstractProblemLoader Replaying proof simplify10.key.proof 
367484     DEBUG main            d.u.i.k.p.i.IntermediateProofReplayer Proof replay took 27.02ms 
367486     DEBUG main            d.u.i.k.p.r.p.TestFile    ... success: reloaded. 
367486     INFO  main            d.u.i.k.p.r.p.TestFile    Now processing file /home/runner/work/key/key/key.core/../key.ui/examples/standard_key/polySimp/simplify11.key 
367486     INFO  main            d.u.i.k.p.i.AbstractProblemLoader Loading environment from /home/runner/work/key/key/key.core/../key.ui/examples/standard_key/polySimp/simplify11.key 
367486     DEBUG main            d.u.i.k.p.i.AbstractProblemLoader Environment load took 54.2ns 
367487     INFO  main            d.u.i.k.p.i.AbstractProblemLoader Creating init config 
369802     DEBUG main            d.u.i.k.p.i.AbstractProblemLoader Init config took 2.31s 
369815     INFO  main            d.u.i.k.p.i.AbstractProblemLoader Replaying proof simplify11.key 
369816     DEBUG main            d.u.i.k.p.i.IntermediateProofReplayer Proof replay took 3.1ns 
370021     INFO  main            d.u.i.k.p.r.p.TestFile    ... finished proof: closed. 
370475     INFO  main            d.u.i.k.p.i.AbstractProblemLoader Loading environment from /home/runner/work/key/key/key.core/../key.ui/examples/standard_key/polySimp/simplify11.key.proof 
370475     DEBUG main            d.u.i.k.p.i.AbstractProblemLoader Environment load took 87.9ns 
370476     INFO  main            d.u.i.k.p.i.AbstractProblemLoader Creating init config 
372751     DEBUG main            d.u.i.k.p.i.AbstractProblemLoader Init config took 2.27s 
372765     INFO  main            d.u.i.k.p.i.AbstractProblemLoader Replaying proof simplify11.key.proof 
372784     DEBUG main            d.u.i.k.p.i.IntermediateProofReplayer Proof replay took 17.61ms 
372786     DEBUG main            d.u.i.k.p.r.p.TestFile    ... success: reloaded. 
372786     INFO  main            d.u.i.k.p.r.p.TestFile    Now processing file /home/runner/work/key/key/key.core/../key.ui/examples/standard_key/polySimp/simplify12.key 
372786     INFO  main            d.u.i.k.p.i.AbstractProblemLoader Loading environment from /home/runner/work/key/key/key.core/../key.ui/examples/standard_key/polySimp/simplify12.key 
372786     DEBUG main            d.u.i.k.p.i.AbstractProblemLoader Environment load took 47.5ns 
372787     INFO  main            d.u.i.k.p.i.AbstractProblemLoader Creating init config 
375110     DEBUG main            d.u.i.k.p.i.AbstractProblemLoader Init config took 2.32s 
375123     INFO  main            d.u.i.k.p.i.AbstractProblemLoader Replaying proof simplify12.key 
375124     DEBUG main            d.u.i.k.p.i.IntermediateProofReplayer Proof replay took 3.3ns 
375226     INFO  main            d.u.i.k.p.r.p.TestFile    ... finished proof: closed. 
375670     INFO  main            d.u.i.k.p.i.AbstractProblemLoader Loading environment from /home/runner/work/key/key/key.core/../key.ui/examples/standard_key/polySimp/simplify12.key.proof 
375670     DEBUG main            d.u.i.k.p.i.AbstractProblemLoader Environment load took 82.5ns 
375671     INFO  main            d.u.i.k.p.i.AbstractProblemLoader Creating init config 
377951     DEBUG main            d.u.i.k.p.i.AbstractProblemLoader Init config took 2.28s 
377964     INFO  main            d.u.i.k.p.i.AbstractProblemLoader Replaying proof simplify12.key.proof 
377975     DEBUG main            d.u.i.k.p.i.IntermediateProofReplayer Proof replay took 8.78ms 
377976     DEBUG main            d.u.i.k.p.r.p.TestFile    ... success: reloaded. 
377977     INFO  main            d.u.i.k.p.r.p.TestFile    Now processing file /home/runner/work/key/key/key.core/../key.ui/examples/standard_key/polySimp/simplify13.key 
377977     INFO  main            d.u.i.k.p.i.AbstractProblemLoader Loading environment from /home/runner/work/key/key/key.core/../key.ui/examples/standard_key/polySimp/simplify13.key 
377977     DEBUG main            d.u.i.k.p.i.AbstractProblemLoader Environment load took 132ns 
377978     INFO  main            d.u.i.k.p.i.AbstractProblemLoader Creating init config 
380308     DEBUG main            d.u.i.k.p.i.AbstractProblemLoader Init config took 2.33s 
380323     INFO  main            d.u.i.k.p.i.AbstractProblemLoader Replaying proof simplify13.key 
380324     DEBUG main            d.u.i.k.p.i.IntermediateProofReplayer Proof replay took 3.6ns 
380426     INFO  main            d.u.i.k.p.r.p.TestFile    ... finished proof: closed. 
380871     INFO  main            d.u.i.k.p.i.AbstractProblemLoader Loading environment from /home/runner/work/key/key/key.core/../key.ui/examples/standard_key/polySimp/simplify13.key.proof 
380871     DEBUG main            d.u.i.k.p.i.AbstractProblemLoader Environment load took 80.6ns 
380873     INFO  main            d.u.i.k.p.i.AbstractProblemLoader Creating init config 
383144     DEBUG main            d.u.i.k.p.i.AbstractProblemLoader Init config took 2.27s 
383159     INFO  main            d.u.i.k.p.i.AbstractProblemLoader Replaying proof simplify13.key.proof 
383166     DEBUG main            d.u.i.k.p.i.IntermediateProofReplayer Proof replay took 4.83ms 
383167     DEBUG main            d.u.i.k.p.r.p.TestFile    ... success: reloaded. 
383167     INFO  main            d.u.i.k.p.r.p.TestFile    Now processing file /home/runner/work/key/key/key.core/../key.ui/examples/standard_key/polySimp/simplify14.key 
383167     INFO  main            d.u.i.k.p.i.AbstractProblemLoader Loading environment from /home/runner/work/key/key/key.core/../key.ui/examples/standard_key/polySimp/simplify14.key 
383167     DEBUG main            d.u.i.k.p.i.AbstractProblemLoader Environment load took 58ns 
383168     INFO  main            d.u.i.k.p.i.AbstractProblemLoader Creating init config 
385480     DEBUG main            d.u.i.k.p.i.AbstractProblemLoader Init config took 2.31s 
385494     INFO  main            d.u.i.k.p.i.AbstractProblemLoader Replaying proof simplify14.key 
385495     DEBUG main            d.u.i.k.p.i.IntermediateProofReplayer Proof replay took 2.8ns 
385597     INFO  main            d.u.i.k.p.r.p.TestFile    ... finished proof: closed. 
386032     INFO  main            d.u.i.k.p.i.AbstractProblemLoader Loading environment from /home/runner/work/key/key/key.core/../key.ui/examples/standard_key/polySimp/simplify14.key.proof 
386032     DEBUG main            d.u.i.k.p.i.AbstractProblemLoader Environment load took 92.9ns 
386033     INFO  main            d.u.i.k.p.i.AbstractProblemLoader Creating init config 
388290     DEBUG main            d.u.i.k.p.i.AbstractProblemLoader Init config took 2.26s 
388304     INFO  main            d.u.i.k.p.i.AbstractProblemLoader Replaying proof simplify14.key.proof 
388307     DEBUG main            d.u.i.k.p.i.IntermediateProofReplayer Proof replay took 1.28ms 
388309     DEBUG main            d.u.i.k.p.r.p.TestFile    ... success: reloaded. 
388309     INFO  main            d.u.i.k.p.r.p.TestFile    Now processing file /home/runner/work/key/key/key.core/../key.ui/examples/standard_key/polySimp/simplify15.key 
388309     INFO  main            d.u.i.k.p.i.AbstractProblemLoader Loading environment from /home/runner/work/key/key/key.core/../key.ui/examples/standard_key/polySimp/simplify15.key 
388309     DEBUG main            d.u.i.k.p.i.AbstractProblemLoader Environment load took 81ns 
388310     INFO  main            d.u.i.k.p.i.AbstractProblemLoader Creating init config 
390618     DEBUG main            d.u.i.k.p.i.AbstractProblemLoader Init config took 2.31s 
390632     INFO  main            d.u.i.k.p.i.AbstractProblemLoader Replaying proof simplify15.key 
390633     DEBUG main            d.u.i.k.p.i.IntermediateProofReplayer Proof replay took 3ns 
390735     INFO  main            d.u.i.k.p.r.p.TestFile    ... finished proof: closed. 
391174     INFO  main            d.u.i.k.p.i.AbstractProblemLoader Loading environment from /home/runner/work/key/key/key.core/../key.ui/examples/standard_key/polySimp/simplify15.key.proof 
391174     DEBUG main            d.u.i.k.p.i.AbstractProblemLoader Environment load took 87.3ns 
391175     INFO  main            d.u.i.k.p.i.AbstractProblemLoader Creating init config 
393434     DEBUG main            d.u.i.k.p.i.AbstractProblemLoader Init config took 2.26s 
393447     INFO  main            d.u.i.k.p.i.AbstractProblemLoader Replaying proof simplify15.key.proof 
393449     DEBUG main            d.u.i.k.p.i.IntermediateProofReplayer Proof replay took 608.11ns 
393450     DEBUG main            d.u.i.k.p.r.p.TestFile    ... success: reloaded. 
393451     INFO  main            d.u.i.k.p.r.p.TestFile    Now processing file /home/runner/work/key/key/key.core/../key.ui/examples/standard_key/polySimp/simplify16.key 
393451     INFO  main            d.u.i.k.p.i.AbstractProblemLoader Loading environment from /home/runner/work/key/key/key.core/../key.ui/examples/standard_key/polySimp/simplify16.key 
393451     DEBUG main            d.u.i.k.p.i.AbstractProblemLoader Environment load took 63.1ns 
393452     INFO  main            d.u.i.k.p.i.AbstractProblemLoader Creating init config 
395744     DEBUG main            d.u.i.k.p.i.AbstractProblemLoader Init config took 2.29s 
395758     INFO  main            d.u.i.k.p.i.AbstractProblemLoader Replaying proof simplify16.key 
395759     DEBUG main            d.u.i.k.p.i.IntermediateProofReplayer Proof replay took 3.7ns 
395860     INFO  main            d.u.i.k.p.r.p.TestFile    ... finished proof: closed. 
396313     INFO  main            d.u.i.k.p.i.AbstractProblemLoader Loading environment from /home/runner/work/key/key/key.core/../key.ui/examples/standard_key/polySimp/simplify16.key.proof 
396313     DEBUG main            d.u.i.k.p.i.AbstractProblemLoader Environment load took 78.4ns 
396313     INFO  main            d.u.i.k.p.i.AbstractProblemLoader Creating init config 
398604     DEBUG main            d.u.i.k.p.i.AbstractProblemLoader Init config took 2.29s 
398617     INFO  main            d.u.i.k.p.i.AbstractProblemLoader Replaying proof simplify16.key.proof 
398618     DEBUG main            d.u.i.k.p.i.IntermediateProofReplayer Proof replay took 456.81ns 
398619     DEBUG main            d.u.i.k.p.r.p.TestFile    ... success: reloaded. 
398619     INFO  main            d.u.i.k.p.r.p.TestFile    Now processing file /home/runner/work/key/key/key.core/../key.ui/examples/standard_key/polySimp/simplify17.key 
398620     INFO  main            d.u.i.k.p.i.AbstractProblemLoader Loading environment from /home/runner/work/key/key/key.core/../key.ui/examples/standard_key/polySimp/simplify17.key 
398620     DEBUG main            d.u.i.k.p.i.AbstractProblemLoader Environment load took 46.2ns 
398621     INFO  main            d.u.i.k.p.i.AbstractProblemLoader Creating init config 
400941     DEBUG main            d.u.i.k.p.i.AbstractProblemLoader Init config took 2.32s 
400954     INFO  main            d.u.i.k.p.i.AbstractProblemLoader Replaying proof simplify17.key 
400955     DEBUG main            d.u.i.k.p.i.IntermediateProofReplayer Proof replay took 3.4ns 
401057     INFO  main            d.u.i.k.p.r.p.TestFile    ... finished proof: closed. 
401527     INFO  main            d.u.i.k.p.i.AbstractProblemLoader Loading environment from /home/runner/work/key/key/key.core/../key.ui/examples/standard_key/polySimp/simplify17.key.proof 
401527     DEBUG main            d.u.i.k.p.i.AbstractProblemLoader Environment load took 87.3ns 
401528     INFO  main            d.u.i.k.p.i.AbstractProblemLoader Creating init config 
403820     DEBUG main            d.u.i.k.p.i.AbstractProblemLoader Init config took 2.29s 
403833     INFO  main            d.u.i.k.p.i.AbstractProblemLoader Replaying proof simplify17.key.proof 
403851     DEBUG main            d.u.i.k.p.i.IntermediateProofReplayer Proof replay took 17.08ms 
403852     DEBUG main            d.u.i.k.p.r.p.TestFile    ... success: reloaded. 
403852     INFO  main            d.u.i.k.p.r.p.TestFile    Now processing file /home/runner/work/key/key/key.core/../key.ui/examples/standard_key/polySimp/simplify18.key 
403853     INFO  main            d.u.i.k.p.i.AbstractProblemLoader Loading environment from /home/runner/work/key/key/key.core/../key.ui/examples/standard_key/polySimp/simplify18.key 
403853     DEBUG main            d.u.i.k.p.i.AbstractProblemLoader Environment load took 51.8ns 
403854     INFO  main            d.u.i.k.p.i.AbstractProblemLoader Creating init config 
406209     DEBUG main            d.u.i.k.p.i.AbstractProblemLoader Init config took 2.36s 
406223     INFO  main            d.u.i.k.p.i.AbstractProblemLoader Replaying proof simplify18.key 
406224     DEBUG main            d.u.i.k.p.i.IntermediateProofReplayer Proof replay took 3ns 
406426     INFO  main            d.u.i.k.p.r.p.TestFile    ... finished proof: closed. 
406906     INFO  main            d.u.i.k.p.i.AbstractProblemLoader Loading environment from /home/runner/work/key/key/key.core/../key.ui/examples/standard_key/polySimp/simplify18.key.proof 
406906     DEBUG main            d.u.i.k.p.i.AbstractProblemLoader Environment load took 88.1ns 
406907     INFO  main            d.u.i.k.p.i.AbstractProblemLoader Creating init config 
409222     DEBUG main            d.u.i.k.p.i.AbstractProblemLoader Init config took 2.31s 
409236     INFO  main            d.u.i.k.p.i.AbstractProblemLoader Replaying proof simplify18.key.proof 
409251     DEBUG main            d.u.i.k.p.i.IntermediateProofReplayer Proof replay took 13.41ms 
409252     DEBUG main            d.u.i.k.p.r.p.TestFile    ... success: reloaded. 
409252     INFO  main            d.u.i.k.p.r.p.TestFile    Now processing file /home/runner/work/key/key/key.core/../key.ui/examples/standard_key/polySimp/simplify19.key 
409253     INFO  main            d.u.i.k.p.i.AbstractProblemLoader Loading environment from /home/runner/work/key/key/key.core/../key.ui/examples/standard_key/polySimp/simplify19.key 
409253     DEBUG main            d.u.i.k.p.i.AbstractProblemLoader Environment load took 70.7ns 
409254     INFO  main            d.u.i.k.p.i.AbstractProblemLoader Creating init config 
411606     DEBUG main            d.u.i.k.p.i.AbstractProblemLoader Init config took 2.35s 
411620     INFO  main            d.u.i.k.p.i.AbstractProblemLoader Replaying proof simplify19.key 
411621     DEBUG main            d.u.i.k.p.i.IntermediateProofReplayer Proof replay took 2.9ns 
414790     INFO  main            d.u.i.k.p.r.p.TestFile    ... finished proof: closed. 
415297     INFO  main            d.u.i.k.p.i.AbstractProblemLoader Loading environment from /home/runner/work/key/key/key.core/../key.ui/examples/standard_key/polySimp/simplify19.key.proof 
415298     DEBUG main            d.u.i.k.p.i.AbstractProblemLoader Environment load took 433.81ns 
415300     INFO  main            d.u.i.k.p.i.AbstractProblemLoader Creating init config 
417616     DEBUG main            d.u.i.k.p.i.AbstractProblemLoader Init config took 2.32s 
417630     INFO  main            d.u.i.k.p.i.AbstractProblemLoader Replaying proof simplify19.key.proof 
417875     DEBUG main            d.u.i.k.p.i.IntermediateProofReplayer Proof replay took 220.82ms 
417877     DEBUG main            d.u.i.k.p.r.p.TestFile    ... success: reloaded. 
417877     INFO  main            d.u.i.k.p.r.p.TestFile    Now processing file /home/runner/work/key/key/key.core/../key.ui/examples/standard_key/polySimp/simplify2.key 
417877     INFO  main            d.u.i.k.p.i.AbstractProblemLoader Loading environment from /home/runner/work/key/key/key.core/../key.ui/examples/standard_key/polySimp/simplify2.key 
417877     DEBUG main            d.u.i.k.p.i.AbstractProblemLoader Environment load took 69.3ns 
417878     INFO  main            d.u.i.k.p.i.AbstractProblemLoader Creating init config 
420224     DEBUG main            d.u.i.k.p.i.AbstractProblemLoader Init config took 2.35s 
420237     INFO  main            d.u.i.k.p.i.AbstractProblemLoader Replaying proof simplify2.key 
420238     DEBUG main            d.u.i.k.p.i.IntermediateProofReplayer Proof replay took 2.7ns 
420340     INFO  main            d.u.i.k.p.r.p.TestFile    ... finished proof: closed. 
420850     INFO  main            d.u.i.k.p.i.AbstractProblemLoader Loading environment from /home/runner/work/key/key/key.core/../key.ui/examples/standard_key/polySimp/simplify2.key.proof 
420850     DEBUG main            d.u.i.k.p.i.AbstractProblemLoader Environment load took 83.5ns 
420851     INFO  main            d.u.i.k.p.i.AbstractProblemLoader Creating init config 
423120     DEBUG main            d.u.i.k.p.i.AbstractProblemLoader Init config took 2.27s 
423133     INFO  main            d.u.i.k.p.i.AbstractProblemLoader Replaying proof simplify2.key.proof 
423135     DEBUG main            d.u.i.k.p.i.IntermediateProofReplayer Proof replay took 753.01ns 
423135     DEBUG main            d.u.i.k.p.r.p.TestFile    ... success: reloaded. 
423136     INFO  main            d.u.i.k.p.r.p.TestFile    Now processing file /home/runner/work/key/key/key.core/../key.ui/examples/standard_key/polySimp/simplify20.key 
423136     INFO  main            d.u.i.k.p.i.AbstractProblemLoader Loading environment from /home/runner/work/key/key/key.core/../key.ui/examples/standard_key/polySimp/simplify20.key 
423136     DEBUG main            d.u.i.k.p.i.AbstractProblemLoader Environment load took 43ns 
423137     INFO  main            d.u.i.k.p.i.AbstractProblemLoader Creating init config 
425446     DEBUG main            d.u.i.k.p.i.AbstractProblemLoader Init config took 2.31s 
425459     INFO  main            d.u.i.k.p.i.AbstractProblemLoader Replaying proof simplify20.key 
425461     DEBUG main            d.u.i.k.p.i.IntermediateProofReplayer Proof replay took 3ns 
426165     INFO  main            d.u.i.k.p.r.p.TestFile    ... finished proof: closed. 
426669     INFO  main            d.u.i.k.p.i.AbstractProblemLoader Loading environment from /home/runner/work/key/key/key.core/../key.ui/examples/standard_key/polySimp/simplify20.key.proof 
426670     DEBUG main            d.u.i.k.p.i.AbstractProblemLoader Environment load took 394.4ns 
426671     INFO  main            d.u.i.k.p.i.AbstractProblemLoader Creating init config 
428928     DEBUG main            d.u.i.k.p.i.AbstractProblemLoader Init config took 2.26s 
428942     INFO  main            d.u.i.k.p.i.AbstractProblemLoader Replaying proof simplify20.key.proof 
429003     DEBUG main            d.u.i.k.p.i.IntermediateProofReplayer Proof replay took 55.95ms 
429004     DEBUG main            d.u.i.k.p.r.p.TestFile    ... success: reloaded. 
429005     INFO  main            d.u.i.k.p.r.p.TestFile    Now processing file /home/runner/work/key/key/key.core/../key.ui/examples/standard_key/polySimp/simplify21.key 
429005     INFO  main            d.u.i.k.p.i.AbstractProblemLoader Loading environment from /home/runner/work/key/key/key.core/../key.ui/examples/standard_key/polySimp/simplify21.key 
429005     DEBUG main            d.u.i.k.p.i.AbstractProblemLoader Environment load took 82.8ns 
429008     INFO  main            d.u.i.k.p.i.AbstractProblemLoader Creating init config 
431330     DEBUG main            d.u.i.k.p.i.AbstractProblemLoader Init config took 2.32s 
431344     INFO  main            d.u.i.k.p.i.AbstractProblemLoader Replaying proof simplify21.key 
431345     DEBUG main            d.u.i.k.p.i.IntermediateProofReplayer Proof replay took 3.5ns 
431950     INFO  main            d.u.i.k.p.r.p.TestFile    ... finished proof: closed. 
432486     INFO  main            d.u.i.k.p.i.AbstractProblemLoader Loading environment from /home/runner/work/key/key/key.core/../key.ui/examples/standard_key/polySimp/simplify21.key.proof 
432487     DEBUG main            d.u.i.k.p.i.AbstractProblemLoader Environment load took 87.4ns 
432489     INFO  main            d.u.i.k.p.i.AbstractProblemLoader Creating init config 
434762     DEBUG main            d.u.i.k.p.i.AbstractProblemLoader Init config took 2.27s 
434778     INFO  main            d.u.i.k.p.i.AbstractProblemLoader Replaying proof simplify21.key.proof 
434853     DEBUG main            d.u.i.k.p.i.IntermediateProofReplayer Proof replay took 71.61ms 
434855     DEBUG main            d.u.i.k.p.r.p.TestFile    ... success: reloaded. 
434855     INFO  main            d.u.i.k.p.r.p.TestFile    Now processing file /home/runner/work/key/key/key.core/../key.ui/examples/standard_key/polySimp/simplify22.key 
434856     INFO  main            d.u.i.k.p.i.AbstractProblemLoader Loading environment from /home/runner/work/key/key/key.core/../key.ui/examples/standard_key/polySimp/simplify22.key 
434856     DEBUG main            d.u.i.k.p.i.AbstractProblemLoader Environment load took 49.4ns 
434856     INFO  main            d.u.i.k.p.i.AbstractProblemLoader Creating init config 
437172     DEBUG main            d.u.i.k.p.i.AbstractProblemLoader Init config took 2.32s 
437185     INFO  main            d.u.i.k.p.i.AbstractProblemLoader Replaying proof simplify22.key 
437186     DEBUG main            d.u.i.k.p.i.IntermediateProofReplayer Proof replay took 6.8ns 
437288     INFO  main            d.u.i.k.p.r.p.TestFile    ... finished proof: closed. 
437802     INFO  main            d.u.i.k.p.i.AbstractProblemLoader Loading environment from /home/runner/work/key/key/key.core/../key.ui/examples/standard_key/polySimp/simplify22.key.proof 
437802     DEBUG main            d.u.i.k.p.i.AbstractProblemLoader Environment load took 82.2ns 
437803     INFO  main            d.u.i.k.p.i.AbstractProblemLoader Creating init config 
440062     DEBUG main            d.u.i.k.p.i.AbstractProblemLoader Init config took 2.26s 
440075     INFO  main            d.u.i.k.p.i.AbstractProblemLoader Replaying proof simplify22.key.proof 
440082     DEBUG main            d.u.i.k.p.i.IntermediateProofReplayer Proof replay took 2.3ms 
440083     DEBUG main            d.u.i.k.p.r.p.TestFile    ... success: reloaded. 
440083     INFO  main            d.u.i.k.p.r.p.TestFile    Now processing file /home/runner/work/key/key/key.core/../key.ui/examples/standard_key/polySimp/simplify23.key 
440084     INFO  main            d.u.i.k.p.i.AbstractProblemLoader Loading environment from /home/runner/work/key/key/key.core/../key.ui/examples/standard_key/polySimp/simplify23.key 
440084     DEBUG main            d.u.i.k.p.i.AbstractProblemLoader Environment load took 81ns 
440085     INFO  main            d.u.i.k.p.i.AbstractProblemLoader Creating init config 
442396     DEBUG main            d.u.i.k.p.i.AbstractProblemLoader Init config took 2.31s 
442409     INFO  main            d.u.i.k.p.i.AbstractProblemLoader Replaying proof simplify23.key 
442410     DEBUG main            d.u.i.k.p.i.IntermediateProofReplayer Proof replay took 3.1ns 
442512     INFO  main            d.u.i.k.p.r.p.TestFile    ... finished proof: closed. 
443005     INFO  main            d.u.i.k.p.i.AbstractProblemLoader Loading environment from /home/runner/work/key/key/key.core/../key.ui/examples/standard_key/polySimp/simplify23.key.proof 
443005     DEBUG main            d.u.i.k.p.i.AbstractProblemLoader Environment load took 87.1ns 
443006     INFO  main            d.u.i.k.p.i.AbstractProblemLoader Creating init config 
445258     DEBUG main            d.u.i.k.p.i.AbstractProblemLoader Init config took 2.25s 
445272     INFO  main            d.u.i.k.p.i.AbstractProblemLoader Replaying proof simplify23.key.proof 
445288     DEBUG main            d.u.i.k.p.i.IntermediateProofReplayer Proof replay took 11.49ms 
445289     DEBUG main            d.u.i.k.p.r.p.TestFile    ... success: reloaded. 
445289     INFO  main            d.u.i.k.p.r.p.TestFile    Now processing file /home/runner/work/key/key/key.core/../key.ui/examples/standard_key/polySimp/simplify24.key 
445290     INFO  main            d.u.i.k.p.i.AbstractProblemLoader Loading environment from /home/runner/work/key/key/key.core/../key.ui/examples/standard_key/polySimp/simplify24.key 
445290     DEBUG main            d.u.i.k.p.i.AbstractProblemLoader Environment load took 46.8ns 
445290     INFO  main            d.u.i.k.p.i.AbstractProblemLoader Creating init config 
447600     DEBUG main            d.u.i.k.p.i.AbstractProblemLoader Init config took 2.31s 
447612     INFO  main            d.u.i.k.p.i.AbstractProblemLoader Replaying proof simplify24.key 
447613     DEBUG main            d.u.i.k.p.i.IntermediateProofReplayer Proof replay took 3.1ns 
447715     INFO  main            d.u.i.k.p.r.p.TestFile    ... finished proof: closed. 
448213     INFO  main            d.u.i.k.p.i.AbstractProblemLoader Loading environment from /home/runner/work/key/key/key.core/../key.ui/examples/standard_key/polySimp/simplify24.key.proof 
448213     DEBUG main            d.u.i.k.p.i.AbstractProblemLoader Environment load took 81.6ns 
448214     INFO  main            d.u.i.k.p.i.AbstractProblemLoader Creating init config 
450483     DEBUG main            d.u.i.k.p.i.AbstractProblemLoader Init config took 2.27s 
450496     INFO  main            d.u.i.k.p.i.AbstractProblemLoader Replaying proof simplify24.key.proof 
450500     DEBUG main            d.u.i.k.p.i.IntermediateProofReplayer Proof replay took 2.3ms 
450501     DEBUG main            d.u.i.k.p.r.p.TestFile    ... success: reloaded. 
450501     INFO  main            d.u.i.k.p.r.p.TestFile    Now processing file /home/runner/work/key/key/key.core/../key.ui/examples/standard_key/polySimp/simplify25.key 
450502     INFO  main            d.u.i.k.p.i.AbstractProblemLoader Loading environment from /home/runner/work/key/key/key.core/../key.ui/examples/standard_key/polySimp/simplify25.key 
450502     DEBUG main            d.u.i.k.p.i.AbstractProblemLoader Environment load took 78.6ns 
450502     INFO  main            d.u.i.k.p.i.AbstractProblemLoader Creating init config 
452855     DEBUG main            d.u.i.k.p.i.AbstractProblemLoader Init config took 2.35s 
452868     INFO  main            d.u.i.k.p.i.AbstractProblemLoader Replaying proof simplify25.key 
452869     DEBUG main            d.u.i.k.p.i.IntermediateProofReplayer Proof replay took 2.8ns 
452972     INFO  main            d.u.i.k.p.r.p.TestFile    ... finished proof: closed. 
453485     INFO  main            d.u.i.k.p.i.AbstractProblemLoader Loading environment from /home/runner/work/key/key/key.core/../key.ui/examples/standard_key/polySimp/simplify25.key.proof 
453485     DEBUG main            d.u.i.k.p.i.AbstractProblemLoader Environment load took 84.1ns 
453486     INFO  main            d.u.i.k.p.i.AbstractProblemLoader Creating init config 
455745     DEBUG main            d.u.i.k.p.i.AbstractProblemLoader Init config took 2.26s 
455758     INFO  main            d.u.i.k.p.i.AbstractProblemLoader Replaying proof simplify25.key.proof 
455761     DEBUG main            d.u.i.k.p.i.IntermediateProofReplayer Proof replay took 2.32ms 
455762     DEBUG main            d.u.i.k.p.r.p.TestFile    ... success: reloaded. 
455763     INFO  main            d.u.i.k.p.r.p.TestFile    Now processing file /home/runner/work/key/key/key.core/../key.ui/examples/standard_key/polySimp/simplify3.key 
455763     INFO  main            d.u.i.k.p.i.AbstractProblemLoader Loading environment from /home/runner/work/key/key/key.core/../key.ui/examples/standard_key/polySimp/simplify3.key 
455763     DEBUG main            d.u.i.k.p.i.AbstractProblemLoader Environment load took 50.3ns 
455764     INFO  main            d.u.i.k.p.i.AbstractProblemLoader Creating init config 
458073     DEBUG main            d.u.i.k.p.i.AbstractProblemLoader Init config took 2.31s 
458086     INFO  main            d.u.i.k.p.i.AbstractProblemLoader Replaying proof simplify3.key 
458087     DEBUG main            d.u.i.k.p.i.IntermediateProofReplayer Proof replay took 3.7ns 
458189     INFO  main            d.u.i.k.p.r.p.TestFile    ... finished proof: closed. 
458710     INFO  main            d.u.i.k.p.i.AbstractProblemLoader Loading environment from /home/runner/work/key/key/key.core/../key.ui/examples/standard_key/polySimp/simplify3.key.proof 
458710     DEBUG main            d.u.i.k.p.i.AbstractProblemLoader Environment load took 84.3ns 
458711     INFO  main            d.u.i.k.p.i.AbstractProblemLoader Creating init config 
461097     DEBUG main            d.u.i.k.p.i.AbstractProblemLoader Init config took 2.39s 
461113     INFO  main            d.u.i.k.p.i.AbstractProblemLoader Replaying proof simplify3.key.proof 
461116     DEBUG main            d.u.i.k.p.i.IntermediateProofReplayer Proof replay took 979.71ns 
461117     DEBUG main            d.u.i.k.p.r.p.TestFile    ... success: reloaded. 
461118     INFO  main            d.u.i.k.p.r.p.TestFile    Now processing file /home/runner/work/key/key/key.core/../key.ui/examples/standard_key/polySimp/simplify4.key 
461118     INFO  main            d.u.i.k.p.i.AbstractProblemLoader Loading environment from /home/runner/work/key/key/key.core/../key.ui/examples/standard_key/polySimp/simplify4.key 
461118     DEBUG main            d.u.i.k.p.i.AbstractProblemLoader Environment load took 183.4ns 
461119     INFO  main            d.u.i.k.p.i.AbstractProblemLoader Creating init config 
463548     DEBUG main            d.u.i.k.p.i.AbstractProblemLoader Init config took 2.43s 
463561     INFO  main            d.u.i.k.p.i.AbstractProblemLoader Replaying proof simplify4.key 
463562     DEBUG main            d.u.i.k.p.i.IntermediateProofReplayer Proof replay took 3.1ns 
463664     INFO  main            d.u.i.k.p.r.p.TestFile    ... finished proof: closed. 
464173     INFO  main            d.u.i.k.p.i.AbstractProblemLoader Loading environment from /home/runner/work/key/key/key.core/../key.ui/examples/standard_key/polySimp/simplify4.key.proof 
464173     DEBUG main            d.u.i.k.p.i.AbstractProblemLoader Environment load took 84ns 
464174     INFO  main            d.u.i.k.p.i.AbstractProblemLoader Creating init config 
466446     DEBUG main            d.u.i.k.p.i.AbstractProblemLoader Init config took 2.27s 
466459     INFO  main            d.u.i.k.p.i.AbstractProblemLoader Replaying proof simplify4.key.proof 
466461     DEBUG main            d.u.i.k.p.i.IntermediateProofReplayer Proof replay took 1.06ms 
466462     DEBUG main            d.u.i.k.p.r.p.TestFile    ... success: reloaded. 
466463     INFO  main            d.u.i.k.p.r.p.TestFile    Now processing file /home/runner/work/key/key/key.core/../key.ui/examples/standard_key/polySimp/simplify5.key 
466463     INFO  main            d.u.i.k.p.i.AbstractProblemLoader Loading environment from /home/runner/work/key/key/key.core/../key.ui/examples/standard_key/polySimp/simplify5.key 
466463     DEBUG main            d.u.i.k.p.i.AbstractProblemLoader Environment load took 63.4ns 
466464     INFO  main            d.u.i.k.p.i.AbstractProblemLoader Creating init config 
468792     DEBUG main            d.u.i.k.p.i.AbstractProblemLoader Init config took 2.33s 
468805     INFO  main            d.u.i.k.p.i.AbstractProblemLoader Replaying proof simplify5.key 
468806     DEBUG main            d.u.i.k.p.i.IntermediateProofReplayer Proof replay took 3.9ns 
468908     INFO  main            d.u.i.k.p.r.p.TestFile    ... finished proof: closed. 
469433     INFO  main            d.u.i.k.p.i.AbstractProblemLoader Loading environment from /home/runner/work/key/key/key.core/../key.ui/examples/standard_key/polySimp/simplify5.key.proof 
469433     DEBUG main            d.u.i.k.p.i.AbstractProblemLoader Environment load took 77.5ns 
469434     INFO  main            d.u.i.k.p.i.AbstractProblemLoader Creating init config 
471792     DEBUG main            d.u.i.k.p.i.AbstractProblemLoader Init config took 2.36s 
471816     INFO  main            d.u.i.k.p.i.AbstractProblemLoader Replaying proof simplify5.key.proof 
471825     DEBUG main            d.u.i.k.p.i.IntermediateProofReplayer Proof replay took 6.7ms 
471826     DEBUG main            d.u.i.k.p.r.p.TestFile    ... success: reloaded. 
471826     INFO  main            d.u.i.k.p.r.p.TestFile    Now processing file /home/runner/work/key/key/key.core/../key.ui/examples/standard_key/polySimp/simplify6.key 
471826     INFO  main            d.u.i.k.p.i.AbstractProblemLoader Loading environment from /home/runner/work/key/key/key.core/../key.ui/examples/standard_key/polySimp/simplify6.key 
471826     DEBUG main            d.u.i.k.p.i.AbstractProblemLoader Environment load took 48.9ns 
471827     INFO  main            d.u.i.k.p.i.AbstractProblemLoader Creating init config 
474235     DEBUG main            d.u.i.k.p.i.AbstractProblemLoader Init config took 2.41s 
474249     INFO  main            d.u.i.k.p.i.AbstractProblemLoader Replaying proof simplify6.key 
474250     DEBUG main            d.u.i.k.p.i.IntermediateProofReplayer Proof replay took 3.1ns 
474351     INFO  main            d.u.i.k.p.r.p.TestFile    ... finished proof: closed. 
474869     INFO  main            d.u.i.k.p.i.AbstractProblemLoader Loading environment from /home/runner/work/key/key/key.core/../key.ui/examples/standard_key/polySimp/simplify6.key.proof 
474869     DEBUG main            d.u.i.k.p.i.AbstractProblemLoader Environment load took 76.5ns 
474870     INFO  main            d.u.i.k.p.i.AbstractProblemLoader Creating init config 
477235     DEBUG main            d.u.i.k.p.i.AbstractProblemLoader Init config took 2.37s 
477251     INFO  main            d.u.i.k.p.i.AbstractProblemLoader Replaying proof simplify6.key.proof 
477253     DEBUG main            d.u.i.k.p.i.IntermediateProofReplayer Proof replay took 380.9ns 
477254     DEBUG main            d.u.i.k.p.r.p.TestFile    ... success: reloaded. 
477255     INFO  main            d.u.i.k.p.r.p.TestFile    Now processing file /home/runner/work/key/key/key.core/../key.ui/examples/standard_key/polySimp/simplify7.key 
477255     INFO  main            d.u.i.k.p.i.AbstractProblemLoader Loading environment from /home/runner/work/key/key/key.core/../key.ui/examples/standard_key/polySimp/simplify7.key 
477255     DEBUG main            d.u.i.k.p.i.AbstractProblemLoader Environment load took 174.3ns 
477256     INFO  main            d.u.i.k.p.i.AbstractProblemLoader Creating init config 
479667     DEBUG main            d.u.i.k.p.i.AbstractProblemLoader Init config took 2.41s 
479680     INFO  main            d.u.i.k.p.i.AbstractProblemLoader Replaying proof simplify7.key 
479682     DEBUG main            d.u.i.k.p.i.IntermediateProofReplayer Proof replay took 3.9ns 
479783     INFO  main            d.u.i.k.p.r.p.TestFile    ... finished proof: closed. 
480305     INFO  main            d.u.i.k.p.i.AbstractProblemLoader Loading environment from /home/runner/work/key/key/key.core/../key.ui/examples/standard_key/polySimp/simplify7.key.proof 
480305     DEBUG main            d.u.i.k.p.i.AbstractProblemLoader Environment load took 78.6ns 
480305     INFO  main            d.u.i.k.p.i.AbstractProblemLoader Creating init config 
482660     DEBUG main            d.u.i.k.p.i.AbstractProblemLoader Init config took 2.35s 
482676     INFO  main            d.u.i.k.p.i.AbstractProblemLoader Replaying proof simplify7.key.proof 
482685     DEBUG main            d.u.i.k.p.i.IntermediateProofReplayer Proof replay took 660.31ns 
482693     DEBUG main            d.u.i.k.p.r.p.TestFile    ... success: reloaded. 
482694     INFO  main            d.u.i.k.p.r.p.TestFile    Now processing file /home/runner/work/key/key/key.core/../key.ui/examples/standard_key/polySimp/simplify8.key 
482694     INFO  main            d.u.i.k.p.i.AbstractProblemLoader Loading environment from /home/runner/work/key/key/key.core/../key.ui/examples/standard_key/polySimp/simplify8.key 
482694     DEBUG main            d.u.i.k.p.i.AbstractProblemLoader Environment load took 190.9ns 
482699     INFO  main            d.u.i.k.p.i.AbstractProblemLoader Creating init config 
485142     DEBUG main            d.u.i.k.p.i.AbstractProblemLoader Init config took 2.44s 
485155     INFO  main            d.u.i.k.p.i.AbstractProblemLoader Replaying proof simplify8.key 
485156     DEBUG main            d.u.i.k.p.i.IntermediateProofReplayer Proof replay took 3.6ns 
489252     INFO  main            d.u.i.k.p.r.p.TestFile    ... finished proof: closed. 
489793     INFO  main            d.u.i.k.p.i.AbstractProblemLoader Loading environment from /home/runner/work/key/key/key.core/../key.ui/examples/standard_key/polySimp/simplify8.key.proof 
489793     DEBUG main            d.u.i.k.p.i.AbstractProblemLoader Environment load took 84.8ns 
489795     INFO  main            d.u.i.k.p.i.AbstractProblemLoader Creating init config 
492187     DEBUG main            d.u.i.k.p.i.AbstractProblemLoader Init config took 2.39s 
492207     INFO  main            d.u.i.k.p.i.AbstractProblemLoader Replaying proof simplify8.key.proof 
492398     DEBUG main            d.u.i.k.p.i.IntermediateProofReplayer Proof replay took 185.82ms 
492401     DEBUG main            d.u.i.k.p.r.p.TestFile    ... success: reloaded. 
492401     INFO  main            d.u.i.k.p.r.p.TestFile    Now processing file /home/runner/work/key/key/key.core/../key.ui/examples/standard_key/polySimp/simplify9.key 
492401     INFO  main            d.u.i.k.p.i.AbstractProblemLoader Loading environment from /home/runner/work/key/key/key.core/../key.ui/examples/standard_key/polySimp/simplify9.key 
492401     DEBUG main            d.u.i.k.p.i.AbstractProblemLoader Environment load took 80.7ns 
492403     INFO  main            d.u.i.k.p.i.AbstractProblemLoader Creating init config 
494726     DEBUG main            d.u.i.k.p.i.AbstractProblemLoader Init config took 2.32s 
494740     INFO  main            d.u.i.k.p.i.AbstractProblemLoader Replaying proof simplify9.key 
494740     DEBUG main            d.u.i.k.p.i.IntermediateProofReplayer Proof replay took 3.6ns 
494943     INFO  main            d.u.i.k.p.r.p.TestFile    ... finished proof: closed. 
495521     INFO  main            d.u.i.k.p.i.AbstractProblemLoader Loading environment from /home/runner/work/key/key/key.core/../key.ui/examples/standard_key/polySimp/simplify9.key.proof 
495521     DEBUG main            d.u.i.k.p.i.AbstractProblemLoader Environment load took 99.6ns 
495523     INFO  main            d.u.i.k.p.i.AbstractProblemLoader Creating init config 
497758     DEBUG main            d.u.i.k.p.i.AbstractProblemLoader Init config took 2.24s 
497772     INFO  main            d.u.i.k.p.i.AbstractProblemLoader Replaying proof simplify9.key.proof 
497783     DEBUG main            d.u.i.k.p.i.IntermediateProofReplayer Proof replay took 8.85ms 
497784     DEBUG main            d.u.i.k.p.r.p.TestFile    ... success: reloaded. 
2902374    INFO  Test worker     d.u.i.k.p.r.RunAllProofsTestUnit Returning from test arithmetic 
2902375    INFO  Test worker     d.u.i.k.p.r.RunAllProofsTestUnit Running test arrays 
327        INFO  Timeout watchdog d.u.i.k.p.r.p.ForkedTestFileRunner Timeout watcher launched (2000 secs.) 
344        WARN  main            d.u.i.k.s.ProofSettings   The settings in /home/runner/.key/proof-settings.props are *not* read. 
384        INFO  main            d.u.i.k.p.r.p.TestFile    Now processing file /home/runner/work/key/key/key.core/../key.ui/examples/standard_key/arrays/arrayStoreException/array2DimPrim.key 
538        INFO  main            d.u.i.k.p.i.AbstractProblemLoader Loading environment from /home/runner/work/key/key/key.core/../key.ui/examples/standard_key/arrays/arrayStoreException/array2DimPrim.key 
556        DEBUG main            d.u.i.k.p.i.AbstractProblemLoader Environment load took 2.17ms 
867        INFO  main            d.u.i.k.p.i.AbstractProblemLoader Creating init config 
1708       DEBUG main            d.u.i.k.j.TypeConverter   No LDT found for Meta 
1712       DEBUG main            d.u.i.k.j.TypeConverter   No LDT found for Meta 
1715       DEBUG main            d.u.i.k.j.TypeConverter   No LDT found for Meta 
1716       DEBUG main            d.u.i.k.j.TypeConverter   No LDT found for Meta 
3181       DEBUG main            d.u.i.k.j.TypeConverter   No LDT found for JavaBigintExpression 
7844       DEBUG main            d.u.i.k.p.i.AbstractProblemLoader Init config took 6.98s 
7918       INFO  main            d.u.i.k.p.i.AbstractProblemLoader Replaying proof array2DimPrim.key 
7952       DEBUG main            d.u.i.k.p.i.IntermediateProofReplayer Proof replay took 33.2ns 
11738      INFO  main            d.u.i.k.p.r.p.TestFile    ... finished proof: closed. 
11935      INFO  main            d.u.i.k.p.i.AbstractProblemLoader Loading environment from /home/runner/work/key/key/key.core/../key.ui/examples/standard_key/arrays/arrayStoreException/array2DimPrim.key.proof 
11941      DEBUG main            d.u.i.k.p.i.AbstractProblemLoader Environment load took 5.99ms 
11948      INFO  main            d.u.i.k.p.i.AbstractProblemLoader Creating init config 
14720      DEBUG main            d.u.i.k.p.i.AbstractProblemLoader Init config took 2.77s 
14766      INFO  main            d.u.i.k.p.i.AbstractProblemLoader Replaying proof array2DimPrim.key.proof 
15417      DEBUG main            d.u.i.k.p.i.IntermediateProofReplayer Proof replay took 619.1ms 
15432      DEBUG main            d.u.i.k.p.r.p.TestFile    ... success: reloaded. 
15435      INFO  main            d.u.i.k.p.r.p.TestFile    Now processing file /home/runner/work/key/key/key.core/../key.ui/examples/standard_key/arrays/arrayStoreException/arrayStoreKnownDynType.key 
15435      INFO  main            d.u.i.k.p.i.AbstractProblemLoader Loading environment from /home/runner/work/key/key/key.core/../key.ui/examples/standard_key/arrays/arrayStoreException/arrayStoreKnownDynType.key 
15436      DEBUG main            d.u.i.k.p.i.AbstractProblemLoader Environment load took 233.3ns 
15440      INFO  main            d.u.i.k.p.i.AbstractProblemLoader Creating init config 
18005      DEBUG main            d.u.i.k.p.i.AbstractProblemLoader Init config took 2.57s 
18036      INFO  main            d.u.i.k.p.i.AbstractProblemLoader Replaying proof arrayStoreKnownDynType.key 
18039      DEBUG main            d.u.i.k.p.i.IntermediateProofReplayer Proof replay took 6.6ns 
18242      INFO  main            d.u.i.k.p.r.p.TestFile    ... finished proof: closed. 
18485      INFO  main            d.u.i.k.p.i.AbstractProblemLoader Loading environment from /home/runner/work/key/key/key.core/../key.ui/examples/standard_key/arrays/arrayStoreException/arrayStoreKnownDynType.key.proof 
18486      DEBUG main            d.u.i.k.p.i.AbstractProblemLoader Environment load took 697.21ns 
18488      INFO  main            d.u.i.k.p.i.AbstractProblemLoader Creating init config 
21006      DEBUG main            d.u.i.k.p.i.AbstractProblemLoader Init config took 2.52s 
21033      INFO  main            d.u.i.k.p.i.AbstractProblemLoader Replaying proof arrayStoreKnownDynType.key.proof 
21078      DEBUG main            d.u.i.k.p.i.IntermediateProofReplayer Proof replay took 41.78ms 
21079      DEBUG main            d.u.i.k.p.r.p.TestFile    ... success: reloaded. 
21081      INFO  main            d.u.i.k.p.r.p.TestFile    Now processing file /home/runner/work/key/key/key.core/../key.ui/examples/standard_key/arrays/arrayStoreException/reverseArray.key 
21081      INFO  main            d.u.i.k.p.i.AbstractProblemLoader Loading environment from /home/runner/work/key/key/key.core/../key.ui/examples/standard_key/arrays/arrayStoreException/reverseArray.key 
21081      DEBUG main            d.u.i.k.p.i.AbstractProblemLoader Environment load took 238.9ns 
21083      INFO  main            d.u.i.k.p.i.AbstractProblemLoader Creating init config 
23524      DEBUG main            d.u.i.k.p.i.AbstractProblemLoader Init config took 2.44s 
23548      INFO  main            d.u.i.k.p.i.AbstractProblemLoader Replaying proof reverseArray.key 
23551      DEBUG main            d.u.i.k.p.i.IntermediateProofReplayer Proof replay took 6.2ns 
24158      INFO  main            d.u.i.k.p.r.p.TestFile    ... finished proof: closed. 
24333      INFO  main            d.u.i.k.p.i.AbstractProblemLoader Loading environment from /home/runner/work/key/key/key.core/../key.ui/examples/standard_key/arrays/arrayStoreException/reverseArray.key.proof 
24334      DEBUG main            d.u.i.k.p.i.AbstractProblemLoader Environment load took 570.21ns 
24335      INFO  main            d.u.i.k.p.i.AbstractProblemLoader Creating init config 
26773      DEBUG main            d.u.i.k.p.i.AbstractProblemLoader Init config took 2.44s 
26796      INFO  main            d.u.i.k.p.i.AbstractProblemLoader Replaying proof reverseArray.key.proof 
26931      DEBUG main            d.u.i.k.p.i.IntermediateProofReplayer Proof replay took 129.43ms 
26933      DEBUG main            d.u.i.k.p.r.p.TestFile    ... success: reloaded. 
26935      INFO  main            d.u.i.k.p.r.p.TestFile    Now processing file /home/runner/work/key/key/key.core/../key.ui/examples/standard_key/arrays/arrayStoreException/throwArrayStoreException.key 
26935      INFO  main            d.u.i.k.p.i.AbstractProblemLoader Loading environment from /home/runner/work/key/key/key.core/../key.ui/examples/standard_key/arrays/arrayStoreException/throwArrayStoreException.key 
26935      DEBUG main            d.u.i.k.p.i.AbstractProblemLoader Environment load took 235.7ns 
26937      INFO  main            d.u.i.k.p.i.AbstractProblemLoader Creating init config 
29438      DEBUG main            d.u.i.k.p.i.AbstractProblemLoader Init config took 2.5s 
29461      INFO  main            d.u.i.k.p.i.AbstractProblemLoader Replaying proof throwArrayStoreException.key 
29463      DEBUG main            d.u.i.k.p.i.IntermediateProofReplayer Proof replay took 6.5ns 
29882      INFO  main            d.u.i.k.p.r.p.TestFile    ... finished proof: closed. 
30086      INFO  main            d.u.i.k.p.i.AbstractProblemLoader Loading environment from /home/runner/work/key/key/key.core/../key.ui/examples/standard_key/arrays/arrayStoreException/throwArrayStoreException.key.proof 
30086      DEBUG main            d.u.i.k.p.i.AbstractProblemLoader Environment load took 697.61ns 
30088      INFO  main            d.u.i.k.p.i.AbstractProblemLoader Creating init config 
32491      DEBUG main            d.u.i.k.p.i.AbstractProblemLoader Init config took 2.4s 
32518      INFO  main            d.u.i.k.p.i.AbstractProblemLoader Replaying proof throwArrayStoreException.key.proof 
32622      DEBUG main            d.u.i.k.p.i.IntermediateProofReplayer Proof replay took 97.17ms 
32624      DEBUG main            d.u.i.k.p.r.p.TestFile    ... success: reloaded. 
32625      INFO  main            d.u.i.k.p.r.p.TestFile    Now processing file /home/runner/work/key/key/key.core/../key.ui/examples/standard_key/arrays/creation/arrayCreation1.key 
32625      INFO  main            d.u.i.k.p.i.AbstractProblemLoader Loading environment from /home/runner/work/key/key/key.core/../key.ui/examples/standard_key/arrays/creation/arrayCreation1.key 
32626      DEBUG main            d.u.i.k.p.i.AbstractProblemLoader Environment load took 222.3ns 
32627      INFO  main            d.u.i.k.p.i.AbstractProblemLoader Creating init config 
35063      DEBUG main            d.u.i.k.p.i.AbstractProblemLoader Init config took 2.44s 
35084      INFO  main            d.u.i.k.p.i.AbstractProblemLoader Replaying proof arrayCreation1.key 
35086      DEBUG main            d.u.i.k.p.i.IntermediateProofReplayer Proof replay took 6.7ns 
35289      INFO  main            d.u.i.k.p.r.p.TestFile    ... finished proof: closed. 
35472      INFO  main            d.u.i.k.p.i.AbstractProblemLoader Loading environment from /home/runner/work/key/key/key.core/../key.ui/examples/standard_key/arrays/creation/arrayCreation1.key.proof 
35472      DEBUG main            d.u.i.k.p.i.AbstractProblemLoader Environment load took 132.1ns 
35473      INFO  main            d.u.i.k.p.i.AbstractProblemLoader Creating init config 
37840      DEBUG main            d.u.i.k.p.i.AbstractProblemLoader Init config took 2.37s 
37862      INFO  main            d.u.i.k.p.i.AbstractProblemLoader Replaying proof arrayCreation1.key.proof 
37889      DEBUG main            d.u.i.k.p.i.IntermediateProofReplayer Proof replay took 24ms 
37891      DEBUG main            d.u.i.k.p.r.p.TestFile    ... success: reloaded. 
37892      INFO  main            d.u.i.k.p.r.p.TestFile    Now processing file /home/runner/work/key/key/key.core/../key.ui/examples/standard_key/arrays/arrayStoreException/array2Dim.key 
37892      INFO  main            d.u.i.k.p.i.AbstractProblemLoader Loading environment from /home/runner/work/key/key/key.core/../key.ui/examples/standard_key/arrays/arrayStoreException/array2Dim.key 
37893      DEBUG main            d.u.i.k.p.i.AbstractProblemLoader Environment load took 578.61ns 
37894      INFO  main            d.u.i.k.p.i.AbstractProblemLoader Creating init config 
40339      DEBUG main            d.u.i.k.p.i.AbstractProblemLoader Init config took 2.45s 
40362      INFO  main            d.u.i.k.p.i.AbstractProblemLoader Replaying proof array2Dim.key 
40364      DEBUG main            d.u.i.k.p.i.IntermediateProofReplayer Proof replay took 7ns 
43711      INFO  main            d.u.i.k.p.r.p.TestFile    ... finished proof: open goal(s) 
44077      INFO  main            d.u.i.k.p.r.p.TestFile    Now processing file /home/runner/work/key/key/key.core/../key.ui/examples/standard_key/arrays/arrayStoreException/array2DimClose.key 
44077      INFO  main            d.u.i.k.p.i.AbstractProblemLoader Loading environment from /home/runner/work/key/key/key.core/../key.ui/examples/standard_key/arrays/arrayStoreException/array2DimClose.key 
44078      DEBUG main            d.u.i.k.p.i.AbstractProblemLoader Environment load took 74.8ns 
44079      INFO  main            d.u.i.k.p.i.AbstractProblemLoader Creating init config 
46395      DEBUG main            d.u.i.k.p.i.AbstractProblemLoader Init config took 2.32s 
46416      INFO  main            d.u.i.k.p.i.AbstractProblemLoader Replaying proof array2DimClose.key 
46418      DEBUG main            d.u.i.k.p.i.IntermediateProofReplayer Proof replay took 13.7ns 
48790      INFO  main            d.u.i.k.p.r.p.TestFile    ... finished proof: open goal(s) 
49135      INFO  main            d.u.i.k.p.r.p.TestFile    Now processing file /home/runner/work/key/key/key.core/../key.ui/examples/standard_key/arrays/arrayStoreException/throwASEForPrim.key 
49136      INFO  main            d.u.i.k.p.i.AbstractProblemLoader Loading environment from /home/runner/work/key/key/key.core/../key.ui/examples/standard_key/arrays/arrayStoreException/throwASEForPrim.key 
49136      DEBUG main            d.u.i.k.p.i.AbstractProblemLoader Environment load took 94.3ns 
49138      INFO  main            d.u.i.k.p.i.AbstractProblemLoader Creating init config 
51520      DEBUG main            d.u.i.k.p.i.AbstractProblemLoader Init config took 2.38s 
51538      INFO  main            d.u.i.k.p.i.AbstractProblemLoader Replaying proof throwASEForPrim.key 
51540      DEBUG main            d.u.i.k.p.i.IntermediateProofReplayer Proof replay took 6.7ns 
56008      INFO  main            d.u.i.k.p.r.p.TestFile    ... finished proof: open goal(s) 
2958853    INFO  Test worker     d.u.i.k.p.r.RunAllProofsTestUnit Returning from test arrays 
2958856    INFO  Test worker     d.u.i.k.p.r.RunAllProofsTestUnit Running test javadl 
334        INFO  Timeout watchdog d.u.i.k.p.r.p.ForkedTestFileRunner Timeout watcher launched (2000 secs.) 
349        WARN  main            d.u.i.k.s.ProofSettings   The settings in /home/runner/.key/proof-settings.props are *not* read. 
377        INFO  main            d.u.i.k.p.r.p.TestFile    Now processing file /home/runner/work/key/key/key.core/../key.ui/examples/standard_key/instanceCreation/instanceCreation1.key 
485        INFO  main            d.u.i.k.p.i.AbstractProblemLoader Loading environment from /home/runner/work/key/key/key.core/../key.ui/examples/standard_key/instanceCreation/instanceCreation1.key 
507        DEBUG main            d.u.i.k.p.i.AbstractProblemLoader Environment load took 2.19ms 
752        INFO  main            d.u.i.k.p.i.AbstractProblemLoader Creating init config 
1647       DEBUG main            d.u.i.k.j.TypeConverter   No LDT found for Meta 
1647       DEBUG main            d.u.i.k.j.TypeConverter   No LDT found for Meta 
1651       DEBUG main            d.u.i.k.j.TypeConverter   No LDT found for Meta 
1651       DEBUG main            d.u.i.k.j.TypeConverter   No LDT found for Meta 
3283       DEBUG main            d.u.i.k.j.TypeConverter   No LDT found for JavaBigintExpression 
7980       DEBUG main            d.u.i.k.p.i.AbstractProblemLoader Init config took 7.23s 
8044       INFO  main            d.u.i.k.p.i.AbstractProblemLoader Replaying proof instanceCreation1.key 
8077       DEBUG main            d.u.i.k.p.i.IntermediateProofReplayer Proof replay took 34.8ns 
9114       INFO  main            d.u.i.k.p.r.p.TestFile    ... finished proof: closed. 
9233       INFO  main            d.u.i.k.p.i.AbstractProblemLoader Loading environment from /home/runner/work/key/key/key.core/../key.ui/examples/standard_key/instanceCreation/instanceCreation1.key.proof 
9233       DEBUG main            d.u.i.k.p.i.AbstractProblemLoader Environment load took 216.2ns 
9238       INFO  main            d.u.i.k.p.i.AbstractProblemLoader Creating init config 
11932      DEBUG main            d.u.i.k.p.i.AbstractProblemLoader Init config took 2.69s 
11964      INFO  main            d.u.i.k.p.i.AbstractProblemLoader Replaying proof instanceCreation1.key.proof 
12128      DEBUG main            d.u.i.k.p.i.IntermediateProofReplayer Proof replay took 157.44ms 
12143      DEBUG main            d.u.i.k.p.r.p.TestFile    ... success: reloaded. 
12145      INFO  main            d.u.i.k.p.r.p.TestFile    Now processing file /home/runner/work/key/key/key.core/../key.ui/examples/standard_key/instanceCreation/instanceCreation2.key 
12145      INFO  main            d.u.i.k.p.i.AbstractProblemLoader Loading environment from /home/runner/work/key/key/key.core/../key.ui/examples/standard_key/instanceCreation/instanceCreation2.key 
12145      DEBUG main            d.u.i.k.p.i.AbstractProblemLoader Environment load took 102.8ns 
12154      INFO  main            d.u.i.k.p.i.AbstractProblemLoader Creating init config 
14863      DEBUG main            d.u.i.k.p.i.AbstractProblemLoader Init config took 2.71s 
14893      INFO  main            d.u.i.k.p.i.AbstractProblemLoader Replaying proof instanceCreation2.key 
14895      DEBUG main            d.u.i.k.p.i.IntermediateProofReplayer Proof replay took 7.4ns 
15505      INFO  main            d.u.i.k.p.r.p.TestFile    ... finished proof: closed. 
15676      INFO  main            d.u.i.k.p.i.AbstractProblemLoader Loading environment from /home/runner/work/key/key/key.core/../key.ui/examples/standard_key/instanceCreation/instanceCreation2.key.proof 
15676      DEBUG main            d.u.i.k.p.i.AbstractProblemLoader Environment load took 148.4ns 
15678      INFO  main            d.u.i.k.p.i.AbstractProblemLoader Creating init config 
18275      DEBUG main            d.u.i.k.p.i.AbstractProblemLoader Init config took 2.6s 
18301      INFO  main            d.u.i.k.p.i.AbstractProblemLoader Replaying proof instanceCreation2.key.proof 
18455      DEBUG main            d.u.i.k.p.i.IntermediateProofReplayer Proof replay took 142.58ms 
18456      DEBUG main            d.u.i.k.p.r.p.TestFile    ... success: reloaded. 
18458      INFO  main            d.u.i.k.p.r.p.TestFile    Now processing file /home/runner/work/key/key/key.core/../key.ui/examples/standard_key/instanceCreation/interfacesAndAbstractClassesHaveNoInstances.key 
18459      INFO  main            d.u.i.k.p.i.AbstractProblemLoader Loading environment from /home/runner/work/key/key/key.core/../key.ui/examples/standard_key/instanceCreation/interfacesAndAbstractClassesHaveNoInstances.key 
18459      DEBUG main            d.u.i.k.p.i.AbstractProblemLoader Environment load took 134.3ns 
18461      INFO  main            d.u.i.k.p.i.AbstractProblemLoader Creating init config 
21054      DEBUG main            d.u.i.k.p.i.AbstractProblemLoader Init config took 2.59s 
21076      INFO  main            d.u.i.k.p.i.AbstractProblemLoader Replaying proof interfacesAndAbstractClassesHaveNoInstances.key 
21078      DEBUG main            d.u.i.k.p.i.IntermediateProofReplayer Proof replay took 6.8ns 
21181      INFO  main            d.u.i.k.p.r.p.TestFile    ... finished proof: closed. 
21332      INFO  main            d.u.i.k.p.i.AbstractProblemLoader Loading environment from /home/runner/work/key/key/key.core/../key.ui/examples/standard_key/instanceCreation/interfacesAndAbstractClassesHaveNoInstances.key.proof 
21332      DEBUG main            d.u.i.k.p.i.AbstractProblemLoader Environment load took 124.8ns 
21334      INFO  main            d.u.i.k.p.i.AbstractProblemLoader Creating init config 
23799      DEBUG main            d.u.i.k.p.i.AbstractProblemLoader Init config took 2.47s 
23820      INFO  main            d.u.i.k.p.i.AbstractProblemLoader Replaying proof interfacesAndAbstractClassesHaveNoInstances.key.proof 
23823      DEBUG main            d.u.i.k.p.i.IntermediateProofReplayer Proof replay took 1.31ms 
23824      DEBUG main            d.u.i.k.p.r.p.TestFile    ... success: reloaded. 
23825      INFO  main            d.u.i.k.p.r.p.TestFile    Now processing file /home/runner/work/key/key/key.core/../key.ui/examples/standard_key/instanceCreation/successiveCreatedObjectsAreDistinct.key 
23825      INFO  main            d.u.i.k.p.i.AbstractProblemLoader Loading environment from /home/runner/work/key/key/key.core/../key.ui/examples/standard_key/instanceCreation/successiveCreatedObjectsAreDistinct.key 
23825      DEBUG main            d.u.i.k.p.i.AbstractProblemLoader Environment load took 99.2ns 
23826      INFO  main            d.u.i.k.p.i.AbstractProblemLoader Creating init config 
26324      DEBUG main            d.u.i.k.p.i.AbstractProblemLoader Init config took 2.5s 
26366      INFO  main            d.u.i.k.p.i.AbstractProblemLoader Replaying proof successiveCreatedObjectsAreDistinct.key 
26368      DEBUG main            d.u.i.k.p.i.IntermediateProofReplayer Proof replay took 7.1ns 
26672      INFO  main            d.u.i.k.p.r.p.TestFile    ... finished proof: closed. 
26920      INFO  main            d.u.i.k.p.i.AbstractProblemLoader Loading environment from /home/runner/work/key/key/key.core/../key.ui/examples/standard_key/instanceCreation/successiveCreatedObjectsAreDistinct.key.proof 
26921      DEBUG main            d.u.i.k.p.i.AbstractProblemLoader Environment load took 422.2ns 
26922      INFO  main            d.u.i.k.p.i.AbstractProblemLoader Creating init config 
29440      DEBUG main            d.u.i.k.p.i.AbstractProblemLoader Init config took 2.52s 
29462      INFO  main            d.u.i.k.p.i.AbstractProblemLoader Replaying proof successiveCreatedObjectsAreDistinct.key.proof 
29517      DEBUG main            d.u.i.k.p.i.IntermediateProofReplayer Proof replay took 51.53ms 
29518      DEBUG main            d.u.i.k.p.r.p.TestFile    ... success: reloaded. 
29519      INFO  main            d.u.i.k.p.r.p.TestFile    Now processing file /home/runner/work/key/key/key.core/../key.ui/examples/standard_key/instanceCreation/testOverloadingConstructors.key 
29519      INFO  main            d.u.i.k.p.i.AbstractProblemLoader Loading environment from /home/runner/work/key/key/key.core/../key.ui/examples/standard_key/instanceCreation/testOverloadingConstructors.key 
29520      DEBUG main            d.u.i.k.p.i.AbstractProblemLoader Environment load took 249.5ns 
29521      INFO  main            d.u.i.k.p.i.AbstractProblemLoader Creating init config 
32000      DEBUG main            d.u.i.k.p.i.AbstractProblemLoader Init config took 2.48s 
32021      INFO  main            d.u.i.k.p.i.AbstractProblemLoader Replaying proof testOverloadingConstructors.key 
32023      DEBUG main            d.u.i.k.p.i.IntermediateProofReplayer Proof replay took 6.8ns 
32329      INFO  main            d.u.i.k.p.r.p.TestFile    ... finished proof: closed. 
32501      INFO  main            d.u.i.k.p.i.AbstractProblemLoader Loading environment from /home/runner/work/key/key/key.core/../key.ui/examples/standard_key/instanceCreation/testOverloadingConstructors.key.proof 
32501      DEBUG main            d.u.i.k.p.i.AbstractProblemLoader Environment load took 134.1ns 
32502      INFO  main            d.u.i.k.p.i.AbstractProblemLoader Creating init config 
34963      DEBUG main            d.u.i.k.p.i.AbstractProblemLoader Init config took 2.46s 
34985      INFO  main            d.u.i.k.p.i.AbstractProblemLoader Replaying proof testOverloadingConstructors.key.proof 
35039      DEBUG main            d.u.i.k.p.i.IntermediateProofReplayer Proof replay took 50.62ms 
35040      DEBUG main            d.u.i.k.p.r.p.TestFile    ... success: reloaded. 
35044      INFO  main            d.u.i.k.p.r.p.TestFile    Now processing file /home/runner/work/key/key/key.core/../key.ui/examples/standard_key/java_dl/SimpleAttributes.key 
35045      INFO  main            d.u.i.k.p.i.AbstractProblemLoader Loading environment from /home/runner/work/key/key/key.core/../key.ui/examples/standard_key/java_dl/SimpleAttributes.key 
35045      DEBUG main            d.u.i.k.p.i.AbstractProblemLoader Environment load took 238.4ns 
35046      INFO  main            d.u.i.k.p.i.AbstractProblemLoader Creating init config 
37481      DEBUG main            d.u.i.k.p.i.AbstractProblemLoader Init config took 2.43s 
37502      INFO  main            d.u.i.k.p.i.AbstractProblemLoader Replaying proof SimpleAttributes.key 
37504      DEBUG main            d.u.i.k.p.i.IntermediateProofReplayer Proof replay took 6.8ns 
37607      INFO  main            d.u.i.k.p.r.p.TestFile    ... finished proof: closed. 
37780      INFO  main            d.u.i.k.p.i.AbstractProblemLoader Loading environment from /home/runner/work/key/key/key.core/../key.ui/examples/standard_key/java_dl/SimpleAttributes.key.proof 
37780      DEBUG main            d.u.i.k.p.i.AbstractProblemLoader Environment load took 125.7ns 
37781      INFO  main            d.u.i.k.p.i.AbstractProblemLoader Creating init config 
40147      DEBUG main            d.u.i.k.p.i.AbstractProblemLoader Init config took 2.37s 
40166      INFO  main            d.u.i.k.p.i.AbstractProblemLoader Replaying proof SimpleAttributes.key.proof 
40190      DEBUG main            d.u.i.k.p.i.IntermediateProofReplayer Proof replay took 21.54ms 
40191      DEBUG main            d.u.i.k.p.r.p.TestFile    ... success: reloaded. 
40208      INFO  main            d.u.i.k.p.r.p.TestFile    Now processing file /home/runner/work/key/key/key.core/../key.ui/examples/standard_key/java_dl/arrayMax.key 
40208      INFO  main            d.u.i.k.p.i.AbstractProblemLoader Loading environment from /home/runner/work/key/key/key.core/../key.ui/examples/standard_key/java_dl/arrayMax.key 
40208      DEBUG main            d.u.i.k.p.i.AbstractProblemLoader Environment load took 71.1ns 
40211      INFO  main            d.u.i.k.p.i.AbstractProblemLoader Creating init config 
42621      DEBUG main            d.u.i.k.p.i.AbstractProblemLoader Init config took 2.41s 
42640      INFO  main            d.u.i.k.p.i.AbstractProblemLoader Replaying proof arrayMax.key 
42642      DEBUG main            d.u.i.k.p.i.IntermediateProofReplayer Proof replay took 6.8ns 
43955      INFO  main            d.u.i.k.p.r.p.TestFile    ... finished proof: closed. 
44150      INFO  main            d.u.i.k.p.i.AbstractProblemLoader Loading environment from /home/runner/work/key/key/key.core/../key.ui/examples/standard_key/java_dl/arrayMax.key.proof 
44152      DEBUG main            d.u.i.k.p.i.AbstractProblemLoader Environment load took 2.1ms 
44155      INFO  main            d.u.i.k.p.i.AbstractProblemLoader Creating init config 
46561      DEBUG main            d.u.i.k.p.i.AbstractProblemLoader Init config took 2.41s 
46592      INFO  main            d.u.i.k.p.i.AbstractProblemLoader Replaying proof arrayMax.key.proof 
46854      DEBUG main            d.u.i.k.p.i.IntermediateProofReplayer Proof replay took 253.45ms 
46856      DEBUG main            d.u.i.k.p.r.p.TestFile    ... success: reloaded. 
46857      INFO  main            d.u.i.k.p.r.p.TestFile    Now processing file /home/runner/work/key/key/key.core/../key.ui/examples/standard_key/java_dl/arrayUpdateSimp.key 
46857      INFO  main            d.u.i.k.p.i.AbstractProblemLoader Loading environment from /home/runner/work/key/key/key.core/../key.ui/examples/standard_key/java_dl/arrayUpdateSimp.key 
46857      DEBUG main            d.u.i.k.p.i.AbstractProblemLoader Environment load took 200.2ns 
46860      INFO  main            d.u.i.k.p.i.AbstractProblemLoader Creating init config 
46888      WARN  main            d.u.i.k.j.r.KeYCrossReferenceNameInfo Datatype java.lang.System declared twice: Once in FILE:/home/runner/work/key/key/key.core/../key.ui/examples/standard_key/java_dl/./classpath/System.java and once in URL:file:/home/runner/work/key/key/key.core/build/resources/main/de/uka/ilkd/key/java/JavaRedux/java/lang/System.java, Keeping one from URL:file:/home/runner/work/key/key/key.core/build/resources/main/de/uka/ilkd/key/java/JavaRedux/java/lang/System.java 
46888      WARN  main            d.u.i.k.j.r.KeYCrossReferenceNameInfo Datatype java.io.InputStream declared twice: Once in FILE:/home/runner/work/key/key/key.core/../key.ui/examples/standard_key/java_dl/./classpath/InputStream.java and once in URL:file:/home/runner/work/key/key/key.core/build/resources/main/de/uka/ilkd/key/java/JavaRedux/java/io/InputStream.java, Keeping one from URL:file:/home/runner/work/key/key/key.core/build/resources/main/de/uka/ilkd/key/java/JavaRedux/java/io/InputStream.java 
46888      WARN  main            d.u.i.k.j.r.KeYCrossReferenceNameInfo Datatype java.io.PrintStream declared twice: Once in FILE:/home/runner/work/key/key/key.core/../key.ui/examples/standard_key/java_dl/./classpath/PrintStream.java and once in URL:file:/home/runner/work/key/key/key.core/build/resources/main/de/uka/ilkd/key/java/JavaRedux/java/io/PrintStream.java, Keeping one from URL:file:/home/runner/work/key/key/key.core/build/resources/main/de/uka/ilkd/key/java/JavaRedux/java/io/PrintStream.java 
46897      DEBUG main            d.u.i.k.j.r.ClassFileDeclarationBuilder Parsing: package java.io; public class Closeable { } 
46897      DEBUG main            r.s.KeYCrossReferenceSourceInfo Dynamically created class: java.io.Closeable 
49399      DEBUG main            d.u.i.k.p.i.AbstractProblemLoader Init config took 2.54s 
49438      INFO  main            d.u.i.k.p.i.AbstractProblemLoader Replaying proof arrayUpdateSimp.key 
49439      DEBUG main            d.u.i.k.p.i.IntermediateProofReplayer Proof replay took 5.9ns 
49548      INFO  main            d.u.i.k.p.r.p.TestFile    ... finished proof: closed. 
49755      INFO  main            d.u.i.k.p.i.AbstractProblemLoader Loading environment from /home/runner/work/key/key/key.core/../key.ui/examples/standard_key/java_dl/arrayUpdateSimp.key.proof 
49755      DEBUG main            d.u.i.k.p.i.AbstractProblemLoader Environment load took 132.4ns 
49760      INFO  main            d.u.i.k.p.i.AbstractProblemLoader Creating init config 
49791      WARN  main            d.u.i.k.j.r.KeYCrossReferenceNameInfo Datatype java.lang.System declared twice: Once in FILE:/home/runner/work/key/key/key.core/../key.ui/examples/standard_key/java_dl/classpath/System.java and once in URL:file:/home/runner/work/key/key/key.core/build/resources/main/de/uka/ilkd/key/java/JavaRedux/java/lang/System.java, Keeping one from URL:file:/home/runner/work/key/key/key.core/build/resources/main/de/uka/ilkd/key/java/JavaRedux/java/lang/System.java 
49791      WARN  main            d.u.i.k.j.r.KeYCrossReferenceNameInfo Datatype java.io.InputStream declared twice: Once in FILE:/home/runner/work/key/key/key.core/../key.ui/examples/standard_key/java_dl/classpath/InputStream.java and once in URL:file:/home/runner/work/key/key/key.core/build/resources/main/de/uka/ilkd/key/java/JavaRedux/java/io/InputStream.java, Keeping one from URL:file:/home/runner/work/key/key/key.core/build/resources/main/de/uka/ilkd/key/java/JavaRedux/java/io/InputStream.java 
49792      WARN  main            d.u.i.k.j.r.KeYCrossReferenceNameInfo Datatype java.io.PrintStream declared twice: Once in FILE:/home/runner/work/key/key/key.core/../key.ui/examples/standard_key/java_dl/classpath/PrintStream.java and once in URL:file:/home/runner/work/key/key/key.core/build/resources/main/de/uka/ilkd/key/java/JavaRedux/java/io/PrintStream.java, Keeping one from URL:file:/home/runner/work/key/key/key.core/build/resources/main/de/uka/ilkd/key/java/JavaRedux/java/io/PrintStream.java 
49795      DEBUG main            d.u.i.k.j.r.ClassFileDeclarationBuilder Parsing: package java.io; public class Closeable { } 
49796      DEBUG main            r.s.KeYCrossReferenceSourceInfo Dynamically created class: java.io.Closeable 
52232      DEBUG main            d.u.i.k.p.i.AbstractProblemLoader Init config took 2.47s 
52256      INFO  main            d.u.i.k.p.i.AbstractProblemLoader Replaying proof arrayUpdateSimp.key.proof 
52259      DEBUG main            d.u.i.k.p.i.IntermediateProofReplayer Proof replay took 764.71ns 
52263      DEBUG main            d.u.i.k.p.r.p.TestFile    ... success: reloaded. 
52264      INFO  main            d.u.i.k.p.r.p.TestFile    Now processing file /home/runner/work/key/key/key.core/../key.ui/examples/standard_key/java_dl/attributes.key 
52264      INFO  main            d.u.i.k.p.i.AbstractProblemLoader Loading environment from /home/runner/work/key/key/key.core/../key.ui/examples/standard_key/java_dl/attributes.key 
52265      DEBUG main            d.u.i.k.p.i.AbstractProblemLoader Environment load took 223.3ns 
52266      INFO  main            d.u.i.k.p.i.AbstractProblemLoader Creating init config 
54678      DEBUG main            d.u.i.k.p.i.AbstractProblemLoader Init config took 2.41s 
54700      INFO  main            d.u.i.k.p.i.AbstractProblemLoader Replaying proof attributes.key 
54702      DEBUG main            d.u.i.k.p.i.IntermediateProofReplayer Proof replay took 6.7ns 
54905      INFO  main            d.u.i.k.p.r.p.TestFile    ... finished proof: closed. 
55109      INFO  main            d.u.i.k.p.i.AbstractProblemLoader Loading environment from /home/runner/work/key/key/key.core/../key.ui/examples/standard_key/java_dl/attributes.key.proof 
55110      DEBUG main            d.u.i.k.p.i.AbstractProblemLoader Environment load took 120.4ns 
55111      INFO  main            d.u.i.k.p.i.AbstractProblemLoader Creating init config 
57469      DEBUG main            d.u.i.k.p.i.AbstractProblemLoader Init config took 2.36s 
57485      INFO  main            d.u.i.k.p.i.AbstractProblemLoader Replaying proof attributes.key.proof 
57525      DEBUG main            d.u.i.k.p.i.IntermediateProofReplayer Proof replay took 37.53ms 
57526      DEBUG main            d.u.i.k.p.r.p.TestFile    ... success: reloaded. 
57527      INFO  main            d.u.i.k.p.r.p.TestFile    Now processing file /home/runner/work/key/key/key.core/../key.ui/examples/standard_key/java_dl/break.key 
57527      INFO  main            d.u.i.k.p.i.AbstractProblemLoader Loading environment from /home/runner/work/key/key/key.core/../key.ui/examples/standard_key/java_dl/break.key 
57528      DEBUG main            d.u.i.k.p.i.AbstractProblemLoader Environment load took 90.8ns 
57529      INFO  main            d.u.i.k.p.i.AbstractProblemLoader Creating init config 
57550      WARN  main            d.u.i.k.j.r.KeYCrossReferenceNameInfo Datatype java.lang.System declared twice: Once in FILE:/home/runner/work/key/key/key.core/../key.ui/examples/standard_key/java_dl/classpath/System.java and once in URL:file:/home/runner/work/key/key/key.core/build/resources/main/de/uka/ilkd/key/java/JavaRedux/java/lang/System.java, Keeping one from URL:file:/home/runner/work/key/key/key.core/build/resources/main/de/uka/ilkd/key/java/JavaRedux/java/lang/System.java 
57551      WARN  main            d.u.i.k.j.r.KeYCrossReferenceNameInfo Datatype java.io.InputStream declared twice: Once in FILE:/home/runner/work/key/key/key.core/../key.ui/examples/standard_key/java_dl/classpath/InputStream.java and once in URL:file:/home/runner/work/key/key/key.core/build/resources/main/de/uka/ilkd/key/java/JavaRedux/java/io/InputStream.java, Keeping one from URL:file:/home/runner/work/key/key/key.core/build/resources/main/de/uka/ilkd/key/java/JavaRedux/java/io/InputStream.java 
57551      WARN  main            d.u.i.k.j.r.KeYCrossReferenceNameInfo Datatype java.io.PrintStream declared twice: Once in FILE:/home/runner/work/key/key/key.core/../key.ui/examples/standard_key/java_dl/classpath/PrintStream.java and once in URL:file:/home/runner/work/key/key/key.core/build/resources/main/de/uka/ilkd/key/java/JavaRedux/java/io/PrintStream.java, Keeping one from URL:file:/home/runner/work/key/key/key.core/build/resources/main/de/uka/ilkd/key/java/JavaRedux/java/io/PrintStream.java 
57554      DEBUG main            d.u.i.k.j.r.ClassFileDeclarationBuilder Parsing: package java.io; public class Closeable { } 
57554      DEBUG main            r.s.KeYCrossReferenceSourceInfo Dynamically created class: java.io.Closeable 
59925      DEBUG main            d.u.i.k.p.i.AbstractProblemLoader Init config took 2.4s 
59941      INFO  main            d.u.i.k.p.i.AbstractProblemLoader Replaying proof break.key 
59943      DEBUG main            d.u.i.k.p.i.IntermediateProofReplayer Proof replay took 7.1ns 
60045      INFO  main            d.u.i.k.p.r.p.TestFile    ... finished proof: closed. 
60235      INFO  main            d.u.i.k.p.i.AbstractProblemLoader Loading environment from /home/runner/work/key/key/key.core/../key.ui/examples/standard_key/java_dl/break.key.proof 
60235      DEBUG main            d.u.i.k.p.i.AbstractProblemLoader Environment load took 126.5ns 
60236      INFO  main            d.u.i.k.p.i.AbstractProblemLoader Creating init config 
60259      WARN  main            d.u.i.k.j.r.KeYCrossReferenceNameInfo Datatype java.lang.System declared twice: Once in FILE:/home/runner/work/key/key/key.core/../key.ui/examples/standard_key/java_dl/classpath/System.java and once in URL:file:/home/runner/work/key/key/key.core/build/resources/main/de/uka/ilkd/key/java/JavaRedux/java/lang/System.java, Keeping one from URL:file:/home/runner/work/key/key/key.core/build/resources/main/de/uka/ilkd/key/java/JavaRedux/java/lang/System.java 
60259      WARN  main            d.u.i.k.j.r.KeYCrossReferenceNameInfo Datatype java.io.InputStream declared twice: Once in FILE:/home/runner/work/key/key/key.core/../key.ui/examples/standard_key/java_dl/classpath/InputStream.java and once in URL:file:/home/runner/work/key/key/key.core/build/resources/main/de/uka/ilkd/key/java/JavaRedux/java/io/InputStream.java, Keeping one from URL:file:/home/runner/work/key/key/key.core/build/resources/main/de/uka/ilkd/key/java/JavaRedux/java/io/InputStream.java 
60260      WARN  main            d.u.i.k.j.r.KeYCrossReferenceNameInfo Datatype java.io.PrintStream declared twice: Once in FILE:/home/runner/work/key/key/key.core/../key.ui/examples/standard_key/java_dl/classpath/PrintStream.java and once in URL:file:/home/runner/work/key/key/key.core/build/resources/main/de/uka/ilkd/key/java/JavaRedux/java/io/PrintStream.java, Keeping one from URL:file:/home/runner/work/key/key/key.core/build/resources/main/de/uka/ilkd/key/java/JavaRedux/java/io/PrintStream.java 
60263      DEBUG main            d.u.i.k.j.r.ClassFileDeclarationBuilder Parsing: package java.io; public class Closeable { } 
60263      DEBUG main            r.s.KeYCrossReferenceSourceInfo Dynamically created class: java.io.Closeable 
62587      DEBUG main            d.u.i.k.p.i.AbstractProblemLoader Init config took 2.35s 
62604      INFO  main            d.u.i.k.p.i.AbstractProblemLoader Replaying proof break.key.proof 
62614      DEBUG main            d.u.i.k.p.i.IntermediateProofReplayer Proof replay took 7.79ms 
62616      DEBUG main            d.u.i.k.p.r.p.TestFile    ... success: reloaded. 
62617      INFO  main            d.u.i.k.p.r.p.TestFile    Now processing file /home/runner/work/key/key/key.core/../key.ui/examples/standard_key/java_dl/char.key 
62623      INFO  main            d.u.i.k.p.i.AbstractProblemLoader Loading environment from /home/runner/work/key/key/key.core/../key.ui/examples/standard_key/java_dl/char.key 
62642      DEBUG main            d.u.i.k.p.i.AbstractProblemLoader Environment load took 18.34ms 
62643      INFO  main            d.u.i.k.p.i.AbstractProblemLoader Creating init config 
65019      DEBUG main            d.u.i.k.p.i.AbstractProblemLoader Init config took 2.38s 
65038      INFO  main            d.u.i.k.p.i.AbstractProblemLoader Replaying proof char.key 
65041      DEBUG main            d.u.i.k.p.i.IntermediateProofReplayer Proof replay took 7.2ns 
65143      INFO  main            d.u.i.k.p.r.p.TestFile    ... finished proof: closed. 
65341      INFO  main            d.u.i.k.p.i.AbstractProblemLoader Loading environment from /home/runner/work/key/key/key.core/../key.ui/examples/standard_key/java_dl/char.key.proof 
65341      DEBUG main            d.u.i.k.p.i.AbstractProblemLoader Environment load took 129.5ns 
65342      INFO  main            d.u.i.k.p.i.AbstractProblemLoader Creating init config 
67669      DEBUG main            d.u.i.k.p.i.AbstractProblemLoader Init config took 2.33s 
67690      INFO  main            d.u.i.k.p.i.AbstractProblemLoader Replaying proof char.key.proof 
67697      DEBUG main            d.u.i.k.p.i.IntermediateProofReplayer Proof replay took 2.68ms 
67697      DEBUG main            d.u.i.k.p.r.p.TestFile    ... success: reloaded. 
67699      INFO  main            d.u.i.k.p.r.p.TestFile    Now processing file /home/runner/work/key/key/key.core/../key.ui/examples/standard_key/java_dl/compileTimeConstants.key 
67700      INFO  main            d.u.i.k.p.i.AbstractProblemLoader Loading environment from /home/runner/work/key/key/key.core/../key.ui/examples/standard_key/java_dl/compileTimeConstants.key 
67700      DEBUG main            d.u.i.k.p.i.AbstractProblemLoader Environment load took 111.3ns 
67701      INFO  main            d.u.i.k.p.i.AbstractProblemLoader Creating init config 
70096      DEBUG main            d.u.i.k.p.i.AbstractProblemLoader Init config took 2.4s 
70112      INFO  main            d.u.i.k.p.i.AbstractProblemLoader Replaying proof compileTimeConstants.key 
70113      DEBUG main            d.u.i.k.p.i.IntermediateProofReplayer Proof replay took 7.1ns 
70216      INFO  main            d.u.i.k.p.r.p.TestFile    ... finished proof: closed. 
70418      INFO  main            d.u.i.k.p.i.AbstractProblemLoader Loading environment from /home/runner/work/key/key/key.core/../key.ui/examples/standard_key/java_dl/compileTimeConstants.key.proof 
70418      DEBUG main            d.u.i.k.p.i.AbstractProblemLoader Environment load took 123.2ns 
70419      INFO  main            d.u.i.k.p.i.AbstractProblemLoader Creating init config 
72764      DEBUG main            d.u.i.k.p.i.AbstractProblemLoader Init config took 2.35s 
72782      INFO  main            d.u.i.k.p.i.AbstractProblemLoader Replaying proof compileTimeConstants.key.proof 
72800      DEBUG main            d.u.i.k.p.i.IntermediateProofReplayer Proof replay took 11.87ms 
72802      DEBUG main            d.u.i.k.p.r.p.TestFile    ... success: reloaded. 
72803      INFO  main            d.u.i.k.p.r.p.TestFile    Now processing file /home/runner/work/key/key/key.core/../key.ui/examples/standard_key/java_dl/constructorException/test.key 
72803      INFO  main            d.u.i.k.p.i.AbstractProblemLoader Loading environment from /home/runner/work/key/key/key.core/../key.ui/examples/standard_key/java_dl/constructorException/test.key 
72803      DEBUG main            d.u.i.k.p.i.AbstractProblemLoader Environment load took 196.1ns 
72804      INFO  main            d.u.i.k.p.i.AbstractProblemLoader Creating init config 
75190      DEBUG main            d.u.i.k.p.i.AbstractProblemLoader Init config took 2.39s 
75277      INFO  main            d.u.i.k.p.i.AbstractProblemLoader Replaying proof Test[Test::Test(int)].JML operation contract.0 
75278      DEBUG main            d.u.i.k.p.i.IntermediateProofReplayer Proof replay took 6.7ns 
75481      INFO  main            d.u.i.k.p.r.p.TestFile    ... finished proof: closed. 
75702      INFO  main            d.u.i.k.p.i.AbstractProblemLoader Loading environment from /home/runner/work/key/key/key.core/../key.ui/examples/standard_key/java_dl/constructorException/test.key.proof 
75703      DEBUG main            d.u.i.k.p.i.AbstractProblemLoader Environment load took 125.5ns 
75704      INFO  main            d.u.i.k.p.i.AbstractProblemLoader Creating init config 
78091      DEBUG main            d.u.i.k.p.i.AbstractProblemLoader Init config took 2.39s 
78132      INFO  main            d.u.i.k.p.i.AbstractProblemLoader Replaying proof Test[Test::Test(int)].JML operation contract.0 
78188      DEBUG main            d.u.i.k.p.i.IntermediateProofReplayer Proof replay took 53.54ms 
78189      DEBUG main            d.u.i.k.p.r.p.TestFile    ... success: reloaded. 
78190      INFO  main            d.u.i.k.p.r.p.TestFile    Now processing file /home/runner/work/key/key/key.core/../key.ui/examples/standard_key/java_dl/constructorException/regressionTestBug1333.key 
78190      INFO  main            d.u.i.k.p.i.AbstractProblemLoader Loading environment from /home/runner/work/key/key/key.core/../key.ui/examples/standard_key/java_dl/constructorException/regressionTestBug1333.key 
78191      DEBUG main            d.u.i.k.p.i.AbstractProblemLoader Environment load took 214.2ns 
78192      INFO  main            d.u.i.k.p.i.AbstractProblemLoader Creating init config 
80537      DEBUG main            d.u.i.k.p.i.AbstractProblemLoader Init config took 2.35s 
80575      INFO  main            d.u.i.k.p.i.AbstractProblemLoader Replaying proof False[False::False()].JML normal_behavior operation contract.0 
80578      DEBUG main            d.u.i.k.p.i.IntermediateProofReplayer Proof replay took 6.3ns 
80682      INFO  main            d.u.i.k.p.r.p.TestFile    ... finished proof: open goal(s) 
80928      INFO  main            d.u.i.k.p.r.p.TestFile    Now processing file /home/runner/work/key/key/key.core/../key.ui/examples/standard_key/java_dl/continue1.key 
80928      INFO  main            d.u.i.k.p.i.AbstractProblemLoader Loading environment from /home/runner/work/key/key/key.core/../key.ui/examples/standard_key/java_dl/continue1.key 
80928      DEBUG main            d.u.i.k.p.i.AbstractProblemLoader Environment load took 63.8ns 
80929      INFO  main            d.u.i.k.p.i.AbstractProblemLoader Creating init config 
80951      WARN  main            d.u.i.k.j.r.KeYCrossReferenceNameInfo Datatype java.lang.System declared twice: Once in FILE:/home/runner/work/key/key/key.core/../key.ui/examples/standard_key/java_dl/classpath/System.java and once in URL:file:/home/runner/work/key/key/key.core/build/resources/main/de/uka/ilkd/key/java/JavaRedux/java/lang/System.java, Keeping one from URL:file:/home/runner/work/key/key/key.core/build/resources/main/de/uka/ilkd/key/java/JavaRedux/java/lang/System.java 
80952      WARN  main            d.u.i.k.j.r.KeYCrossReferenceNameInfo Datatype java.io.InputStream declared twice: Once in FILE:/home/runner/work/key/key/key.core/../key.ui/examples/standard_key/java_dl/classpath/InputStream.java and once in URL:file:/home/runner/work/key/key/key.core/build/resources/main/de/uka/ilkd/key/java/JavaRedux/java/io/InputStream.java, Keeping one from URL:file:/home/runner/work/key/key/key.core/build/resources/main/de/uka/ilkd/key/java/JavaRedux/java/io/InputStream.java 
80952      WARN  main            d.u.i.k.j.r.KeYCrossReferenceNameInfo Datatype java.io.PrintStream declared twice: Once in FILE:/home/runner/work/key/key/key.core/../key.ui/examples/standard_key/java_dl/classpath/PrintStream.java and once in URL:file:/home/runner/work/key/key/key.core/build/resources/main/de/uka/ilkd/key/java/JavaRedux/java/io/PrintStream.java, Keeping one from URL:file:/home/runner/work/key/key/key.core/build/resources/main/de/uka/ilkd/key/java/JavaRedux/java/io/PrintStream.java 
80955      DEBUG main            d.u.i.k.j.r.ClassFileDeclarationBuilder Parsing: package java.io; public class Closeable { } 
80955      DEBUG main            r.s.KeYCrossReferenceSourceInfo Dynamically created class: java.io.Closeable 
83292      DEBUG main            d.u.i.k.p.i.AbstractProblemLoader Init config took 2.36s 
83308      INFO  main            d.u.i.k.p.i.AbstractProblemLoader Replaying proof continue1.key 
83310      DEBUG main            d.u.i.k.p.i.IntermediateProofReplayer Proof replay took 6.7ns 
83412      INFO  main            d.u.i.k.p.r.p.TestFile    ... finished proof: closed. 
83615      INFO  main            d.u.i.k.p.i.AbstractProblemLoader Loading environment from /home/runner/work/key/key/key.core/../key.ui/examples/standard_key/java_dl/continue1.key.proof 
83615      DEBUG main            d.u.i.k.p.i.AbstractProblemLoader Environment load took 156ns 
83616      INFO  main            d.u.i.k.p.i.AbstractProblemLoader Creating init config 
83638      WARN  main            d.u.i.k.j.r.KeYCrossReferenceNameInfo Datatype java.lang.System declared twice: Once in FILE:/home/runner/work/key/key/key.core/../key.ui/examples/standard_key/java_dl/classpath/System.java and once in URL:file:/home/runner/work/key/key/key.core/build/resources/main/de/uka/ilkd/key/java/JavaRedux/java/lang/System.java, Keeping one from URL:file:/home/runner/work/key/key/key.core/build/resources/main/de/uka/ilkd/key/java/JavaRedux/java/lang/System.java 
83638      WARN  main            d.u.i.k.j.r.KeYCrossReferenceNameInfo Datatype java.io.InputStream declared twice: Once in FILE:/home/runner/work/key/key/key.core/../key.ui/examples/standard_key/java_dl/classpath/InputStream.java and once in URL:file:/home/runner/work/key/key/key.core/build/resources/main/de/uka/ilkd/key/java/JavaRedux/java/io/InputStream.java, Keeping one from URL:file:/home/runner/work/key/key/key.core/build/resources/main/de/uka/ilkd/key/java/JavaRedux/java/io/InputStream.java 
83638      WARN  main            d.u.i.k.j.r.KeYCrossReferenceNameInfo Datatype java.io.PrintStream declared twice: Once in FILE:/home/runner/work/key/key/key.core/../key.ui/examples/standard_key/java_dl/classpath/PrintStream.java and once in URL:file:/home/runner/work/key/key/key.core/build/resources/main/de/uka/ilkd/key/java/JavaRedux/java/io/PrintStream.java, Keeping one from URL:file:/home/runner/work/key/key/key.core/build/resources/main/de/uka/ilkd/key/java/JavaRedux/java/io/PrintStream.java 
83641      DEBUG main            d.u.i.k.j.r.ClassFileDeclarationBuilder Parsing: package java.io; public class Closeable { } 
83641      DEBUG main            r.s.KeYCrossReferenceSourceInfo Dynamically created class: java.io.Closeable 
85967      DEBUG main            d.u.i.k.p.i.AbstractProblemLoader Init config took 2.35s 
85982      INFO  main            d.u.i.k.p.i.AbstractProblemLoader Replaying proof continue1.key.proof 
86004      DEBUG main            d.u.i.k.p.i.IntermediateProofReplayer Proof replay took 19.24ms 
86005      DEBUG main            d.u.i.k.p.r.p.TestFile    ... success: reloaded. 
86007      INFO  main            d.u.i.k.p.r.p.TestFile    Now processing file /home/runner/work/key/key/key.core/../key.ui/examples/standard_key/java_dl/continue2.key 
86007      INFO  main            d.u.i.k.p.i.AbstractProblemLoader Loading environment from /home/runner/work/key/key/key.core/../key.ui/examples/standard_key/java_dl/continue2.key 
86007      DEBUG main            d.u.i.k.p.i.AbstractProblemLoader Environment load took 195.9ns 
86009      INFO  main            d.u.i.k.p.i.AbstractProblemLoader Creating init config 
86030      WARN  main            d.u.i.k.j.r.KeYCrossReferenceNameInfo Datatype java.lang.System declared twice: Once in FILE:/home/runner/work/key/key/key.core/../key.ui/examples/standard_key/java_dl/classpath/System.java and once in URL:file:/home/runner/work/key/key/key.core/build/resources/main/de/uka/ilkd/key/java/JavaRedux/java/lang/System.java, Keeping one from URL:file:/home/runner/work/key/key/key.core/build/resources/main/de/uka/ilkd/key/java/JavaRedux/java/lang/System.java 
86030      WARN  main            d.u.i.k.j.r.KeYCrossReferenceNameInfo Datatype java.io.InputStream declared twice: Once in FILE:/home/runner/work/key/key/key.core/../key.ui/examples/standard_key/java_dl/classpath/InputStream.java and once in URL:file:/home/runner/work/key/key/key.core/build/resources/main/de/uka/ilkd/key/java/JavaRedux/java/io/InputStream.java, Keeping one from URL:file:/home/runner/work/key/key/key.core/build/resources/main/de/uka/ilkd/key/java/JavaRedux/java/io/InputStream.java 
86030      WARN  main            d.u.i.k.j.r.KeYCrossReferenceNameInfo Datatype java.io.PrintStream declared twice: Once in FILE:/home/runner/work/key/key/key.core/../key.ui/examples/standard_key/java_dl/classpath/PrintStream.java and once in URL:file:/home/runner/work/key/key/key.core/build/resources/main/de/uka/ilkd/key/java/JavaRedux/java/io/PrintStream.java, Keeping one from URL:file:/home/runner/work/key/key/key.core/build/resources/main/de/uka/ilkd/key/java/JavaRedux/java/io/PrintStream.java 
86033      DEBUG main            d.u.i.k.j.r.ClassFileDeclarationBuilder Parsing: package java.io; public class Closeable { } 
86034      DEBUG main            r.s.KeYCrossReferenceSourceInfo Dynamically created class: java.io.Closeable 
88343      DEBUG main            d.u.i.k.p.i.AbstractProblemLoader Init config took 2.33s 
88357      INFO  main            d.u.i.k.p.i.AbstractProblemLoader Replaying proof continue2.key 
88359      DEBUG main            d.u.i.k.p.i.IntermediateProofReplayer Proof replay took 10.4ns 
88561      INFO  main            d.u.i.k.p.r.p.TestFile    ... finished proof: closed. 
88801      INFO  main            d.u.i.k.p.i.AbstractProblemLoader Loading environment from /home/runner/work/key/key/key.core/../key.ui/examples/standard_key/java_dl/continue2.key.proof 
88801      DEBUG main            d.u.i.k.p.i.AbstractProblemLoader Environment load took 122.7ns 
88803      INFO  main            d.u.i.k.p.i.AbstractProblemLoader Creating init config 
88826      WARN  main            d.u.i.k.j.r.KeYCrossReferenceNameInfo Datatype java.lang.System declared twice: Once in FILE:/home/runner/work/key/key/key.core/../key.ui/examples/standard_key/java_dl/classpath/System.java and once in URL:file:/home/runner/work/key/key/key.core/build/resources/main/de/uka/ilkd/key/java/JavaRedux/java/lang/System.java, Keeping one from URL:file:/home/runner/work/key/key/key.core/build/resources/main/de/uka/ilkd/key/java/JavaRedux/java/lang/System.java 
88826      WARN  main            d.u.i.k.j.r.KeYCrossReferenceNameInfo Datatype java.io.InputStream declared twice: Once in FILE:/home/runner/work/key/key/key.core/../key.ui/examples/standard_key/java_dl/classpath/InputStream.java and once in URL:file:/home/runner/work/key/key/key.core/build/resources/main/de/uka/ilkd/key/java/JavaRedux/java/io/InputStream.java, Keeping one from URL:file:/home/runner/work/key/key/key.core/build/resources/main/de/uka/ilkd/key/java/JavaRedux/java/io/InputStream.java 
88826      WARN  main            d.u.i.k.j.r.KeYCrossReferenceNameInfo Datatype java.io.PrintStream declared twice: Once in FILE:/home/runner/work/key/key/key.core/../key.ui/examples/standard_key/java_dl/classpath/PrintStream.java and once in URL:file:/home/runner/work/key/key/key.core/build/resources/main/de/uka/ilkd/key/java/JavaRedux/java/io/PrintStream.java, Keeping one from URL:file:/home/runner/work/key/key/key.core/build/resources/main/de/uka/ilkd/key/java/JavaRedux/java/io/PrintStream.java 
88829      DEBUG main            d.u.i.k.j.r.ClassFileDeclarationBuilder Parsing: package java.io; public class Closeable { } 
88829      DEBUG main            r.s.KeYCrossReferenceSourceInfo Dynamically created class: java.io.Closeable 
91116      DEBUG main            d.u.i.k.p.i.AbstractProblemLoader Init config took 2.31s 
91132      INFO  main            d.u.i.k.p.i.AbstractProblemLoader Replaying proof continue2.key.proof 
91208      DEBUG main            d.u.i.k.p.i.IntermediateProofReplayer Proof replay took 72.77ms 
91211      DEBUG main            d.u.i.k.p.r.p.TestFile    ... success: reloaded. 
91212      INFO  main            d.u.i.k.p.r.p.TestFile    Now processing file /home/runner/work/key/key/key.core/../key.ui/examples/standard_key/java_dl/complexAssignment.key 
91213      INFO  main            d.u.i.k.p.i.AbstractProblemLoader Loading environment from /home/runner/work/key/key/key.core/../key.ui/examples/standard_key/java_dl/complexAssignment.key 
91213      DEBUG main            d.u.i.k.p.i.AbstractProblemLoader Environment load took 91.4ns 
91214      INFO  main            d.u.i.k.p.i.AbstractProblemLoader Creating init config 
93499      DEBUG main            d.u.i.k.p.i.AbstractProblemLoader Init config took 2.28s 
93513      INFO  main            d.u.i.k.p.i.AbstractProblemLoader Replaying proof complexAssignment.key 
93515      DEBUG main            d.u.i.k.p.i.IntermediateProofReplayer Proof replay took 6.9ns 
93620      INFO  main            d.u.i.k.p.r.p.TestFile    ... finished proof: closed. 
93854      INFO  main            d.u.i.k.p.i.AbstractProblemLoader Loading environment from /home/runner/work/key/key/key.core/../key.ui/examples/standard_key/java_dl/complexAssignment.key.proof 
93854      DEBUG main            d.u.i.k.p.i.AbstractProblemLoader Environment load took 118.1ns 
93856      INFO  main            d.u.i.k.p.i.AbstractProblemLoader Creating init config 
96110      DEBUG main            d.u.i.k.p.i.AbstractProblemLoader Init config took 2.25s 
96125      INFO  main            d.u.i.k.p.i.AbstractProblemLoader Replaying proof complexAssignment.key.proof 
96138      DEBUG main            d.u.i.k.p.i.IntermediateProofReplayer Proof replay took 10.61ms 
96139      DEBUG main            d.u.i.k.p.r.p.TestFile    ... success: reloaded. 
96141      INFO  main            d.u.i.k.p.r.p.TestFile    Now processing file /home/runner/work/key/key/key.core/../key.ui/examples/standard_key/java_dl/danglingElseSolution1.key 
96141      INFO  main            d.u.i.k.p.i.AbstractProblemLoader Loading environment from /home/runner/work/key/key/key.core/../key.ui/examples/standard_key/java_dl/danglingElseSolution1.key 
96141      DEBUG main            d.u.i.k.p.i.AbstractProblemLoader Environment load took 96.5ns 
96142      INFO  main            d.u.i.k.p.i.AbstractProblemLoader Creating init config 
98461      DEBUG main            d.u.i.k.p.i.AbstractProblemLoader Init config took 2.32s 
98476      INFO  main            d.u.i.k.p.i.AbstractProblemLoader Replaying proof danglingElseSolution1.key 
98477      DEBUG main            d.u.i.k.p.i.IntermediateProofReplayer Proof replay took 7.6ns 
98581      INFO  main            d.u.i.k.p.r.p.TestFile    ... finished proof: closed. 
98812      INFO  main            d.u.i.k.p.i.AbstractProblemLoader Loading environment from /home/runner/work/key/key/key.core/../key.ui/examples/standard_key/java_dl/danglingElseSolution1.key.proof 
98813      DEBUG main            d.u.i.k.p.i.AbstractProblemLoader Environment load took 115.4ns 
98814      INFO  main            d.u.i.k.p.i.AbstractProblemLoader Creating init config 
101063     DEBUG main            d.u.i.k.p.i.AbstractProblemLoader Init config took 2.25s 
101079     INFO  main            d.u.i.k.p.i.AbstractProblemLoader Replaying proof danglingElseSolution1.key.proof 
101097     DEBUG main            d.u.i.k.p.i.IntermediateProofReplayer Proof replay took 15.53ms 
101099     DEBUG main            d.u.i.k.p.r.p.TestFile    ... success: reloaded. 
101099     INFO  main            d.u.i.k.p.r.p.TestFile    Now processing file /home/runner/work/key/key/key.core/../key.ui/examples/standard_key/java_dl/danglingElseSolution2.key 
101100     INFO  main            d.u.i.k.p.i.AbstractProblemLoader Loading environment from /home/runner/work/key/key/key.core/../key.ui/examples/standard_key/java_dl/danglingElseSolution2.key 
101100     DEBUG main            d.u.i.k.p.i.AbstractProblemLoader Environment load took 180.9ns 
101101     INFO  main            d.u.i.k.p.i.AbstractProblemLoader Creating init config 
103434     DEBUG main            d.u.i.k.p.i.AbstractProblemLoader Init config took 2.33s 
103448     INFO  main            d.u.i.k.p.i.AbstractProblemLoader Replaying proof danglingElseSolution2.key 
103450     DEBUG main            d.u.i.k.p.i.IntermediateProofReplayer Proof replay took 8.1ns 
103553     INFO  main            d.u.i.k.p.r.p.TestFile    ... finished proof: closed. 
103792     INFO  main            d.u.i.k.p.i.AbstractProblemLoader Loading environment from /home/runner/work/key/key/key.core/../key.ui/examples/standard_key/java_dl/danglingElseSolution2.key.proof 
103792     DEBUG main            d.u.i.k.p.i.AbstractProblemLoader Environment load took 113.3ns 
103794     INFO  main            d.u.i.k.p.i.AbstractProblemLoader Creating init config 
106047     DEBUG main            d.u.i.k.p.i.AbstractProblemLoader Init config took 2.25s 
106064     INFO  main            d.u.i.k.p.i.AbstractProblemLoader Replaying proof danglingElseSolution2.key.proof 
106077     DEBUG main            d.u.i.k.p.i.IntermediateProofReplayer Proof replay took 9.62ms 
106079     DEBUG main            d.u.i.k.p.r.p.TestFile    ... success: reloaded. 
106080     INFO  main            d.u.i.k.p.r.p.TestFile    Now processing file /home/runner/work/key/key/key.core/../key.ui/examples/standard_key/java_dl/deepNonNull/deepNonNull0.key 
106092     INFO  main            d.u.i.k.p.i.AbstractProblemLoader Loading environment from /home/runner/work/key/key/key.core/../key.ui/examples/standard_key/java_dl/deepNonNull/deepNonNull0.key 
106092     DEBUG main            d.u.i.k.p.i.AbstractProblemLoader Environment load took 325.2ns 
106093     INFO  main            d.u.i.k.p.i.AbstractProblemLoader Creating init config 
108485     DEBUG main            d.u.i.k.p.i.AbstractProblemLoader Init config took 2.39s 
108526     INFO  main            d.u.i.k.p.i.AbstractProblemLoader Replaying proof Arrays[Arrays::get()].JML operation contract.0 
108527     DEBUG main            d.u.i.k.p.i.IntermediateProofReplayer Proof replay took 7ns 
108742     INFO  main            d.u.i.k.p.r.p.TestFile    ... finished proof: closed. 
108988     INFO  main            d.u.i.k.p.i.AbstractProblemLoader Loading environment from /home/runner/work/key/key/key.core/../key.ui/examples/standard_key/java_dl/deepNonNull/deepNonNull0.key.proof 
108989     DEBUG main            d.u.i.k.p.i.AbstractProblemLoader Environment load took 413.61ns 
108990     INFO  main            d.u.i.k.p.i.AbstractProblemLoader Creating init config 
111290     DEBUG main            d.u.i.k.p.i.AbstractProblemLoader Init config took 2.3s 
111326     INFO  main            d.u.i.k.p.i.AbstractProblemLoader Replaying proof Arrays[Arrays::get()].JML operation contract.0 
111357     DEBUG main            d.u.i.k.p.i.IntermediateProofReplayer Proof replay took 28.65ms 
111358     DEBUG main            d.u.i.k.p.r.p.TestFile    ... success: reloaded. 
111359     INFO  main            d.u.i.k.p.r.p.TestFile    Now processing file /home/runner/work/key/key/key.core/../key.ui/examples/standard_key/java_dl/deepNonNull/deepNonNull1.key 
111359     INFO  main            d.u.i.k.p.i.AbstractProblemLoader Loading environment from /home/runner/work/key/key/key.core/../key.ui/examples/standard_key/java_dl/deepNonNull/deepNonNull1.key 
111360     DEBUG main            d.u.i.k.p.i.AbstractProblemLoader Environment load took 174ns 
111360     INFO  main            d.u.i.k.p.i.AbstractProblemLoader Creating init config 
113705     DEBUG main            d.u.i.k.p.i.AbstractProblemLoader Init config took 2.34s 
113763     INFO  main            d.u.i.k.p.i.AbstractProblemLoader Replaying proof Arrays[Arrays::head()].JML operation contract.0 
113764     DEBUG main            d.u.i.k.p.i.IntermediateProofReplayer Proof replay took 7.1ns 
113969     INFO  main            d.u.i.k.p.r.p.TestFile    ... finished proof: closed. 
114223     INFO  main            d.u.i.k.p.i.AbstractProblemLoader Loading environment from /home/runner/work/key/key/key.core/../key.ui/examples/standard_key/java_dl/deepNonNull/deepNonNull1.key.proof 
114223     DEBUG main            d.u.i.k.p.i.AbstractProblemLoader Environment load took 124.7ns 
114224     INFO  main            d.u.i.k.p.i.AbstractProblemLoader Creating init config 
116510     DEBUG main            d.u.i.k.p.i.AbstractProblemLoader Init config took 2.29s 
116560     INFO  main            d.u.i.k.p.i.AbstractProblemLoader Replaying proof Arrays[Arrays::head()].JML operation contract.0 
116586     DEBUG main            d.u.i.k.p.i.IntermediateProofReplayer Proof replay took 22.69ms 
116587     DEBUG main            d.u.i.k.p.r.p.TestFile    ... success: reloaded. 
116587     INFO  main            d.u.i.k.p.r.p.TestFile    Now processing file /home/runner/work/key/key/key.core/../key.ui/examples/standard_key/java_dl/deepNonNull/deepNonNull2.key 
116588     INFO  main            d.u.i.k.p.i.AbstractProblemLoader Loading environment from /home/runner/work/key/key/key.core/../key.ui/examples/standard_key/java_dl/deepNonNull/deepNonNull2.key 
116588     DEBUG main            d.u.i.k.p.i.AbstractProblemLoader Environment load took 220.5ns 
116589     INFO  main            d.u.i.k.p.i.AbstractProblemLoader Creating init config 
118932     DEBUG main            d.u.i.k.p.i.AbstractProblemLoader Init config took 2.34s 
118967     INFO  main            d.u.i.k.p.i.AbstractProblemLoader Replaying proof Arrays[Arrays::unprovable(java.lang.Object)].JML operation contract.0 
118969     DEBUG main            d.u.i.k.p.i.IntermediateProofReplayer Proof replay took 7.3ns 
119075     INFO  main            d.u.i.k.p.r.p.TestFile    ... finished proof: open goal(s) 
119326     INFO  main            d.u.i.k.p.r.p.TestFile    Now processing file /home/runner/work/key/key/key.core/../key.ui/examples/standard_key/java_dl/deepNonNull/deepNonNull3.key 
119326     INFO  main            d.u.i.k.p.i.AbstractProblemLoader Loading environment from /home/runner/work/key/key/key.core/../key.ui/examples/standard_key/java_dl/deepNonNull/deepNonNull3.key 
119327     DEBUG main            d.u.i.k.p.i.AbstractProblemLoader Environment load took 63.7ns 
119328     INFO  main            d.u.i.k.p.i.AbstractProblemLoader Creating init config 
121632     DEBUG main            d.u.i.k.p.i.AbstractProblemLoader Init config took 2.3s 
121668     INFO  main            d.u.i.k.p.i.AbstractProblemLoader Replaying proof Arrays[Arrays::head([[[[Ljava.lang.Object)].JML operation contract.0 
121669     DEBUG main            d.u.i.k.p.i.IntermediateProofReplayer Proof replay took 7.1ns 
122576     INFO  main            d.u.i.k.p.r.p.TestFile    ... finished proof: closed. 
122888     INFO  main            d.u.i.k.p.i.AbstractProblemLoader Loading environment from /home/runner/work/key/key/key.core/../key.ui/examples/standard_key/java_dl/deepNonNull/deepNonNull3.key.proof 
122889     DEBUG main            d.u.i.k.p.i.AbstractProblemLoader Environment load took 389.5ns 
122890     INFO  main            d.u.i.k.p.i.AbstractProblemLoader Creating init config 
125181     DEBUG main            d.u.i.k.p.i.AbstractProblemLoader Init config took 2.29s 
125217     INFO  main            d.u.i.k.p.i.AbstractProblemLoader Replaying proof Arrays[Arrays::head([[[[Ljava.lang.Object)].JML operation contract.0 
125323     DEBUG main            d.u.i.k.p.i.IntermediateProofReplayer Proof replay took 101.05ms 
125324     DEBUG main            d.u.i.k.p.r.p.TestFile    ... success: reloaded. 
125324     INFO  main            d.u.i.k.p.r.p.TestFile    Now processing file /home/runner/work/key/key/key.core/../key.ui/examples/standard_key/java_dl/exceptions.key 
125325     INFO  main            d.u.i.k.p.i.AbstractProblemLoader Loading environment from /home/runner/work/key/key/key.core/../key.ui/examples/standard_key/java_dl/exceptions.key 
125325     DEBUG main            d.u.i.k.p.i.AbstractProblemLoader Environment load took 65.9ns 
125325     INFO  main            d.u.i.k.p.i.AbstractProblemLoader Creating init config 
125346     WARN  main            d.u.i.k.j.r.KeYCrossReferenceNameInfo Datatype java.lang.System declared twice: Once in FILE:/home/runner/work/key/key/key.core/../key.ui/examples/standard_key/java_dl/classpath/System.java and once in URL:file:/home/runner/work/key/key/key.core/build/resources/main/de/uka/ilkd/key/java/JavaRedux/java/lang/System.java, Keeping one from URL:file:/home/runner/work/key/key/key.core/build/resources/main/de/uka/ilkd/key/java/JavaRedux/java/lang/System.java 
125346     WARN  main            d.u.i.k.j.r.KeYCrossReferenceNameInfo Datatype java.io.InputStream declared twice: Once in FILE:/home/runner/work/key/key/key.core/../key.ui/examples/standard_key/java_dl/classpath/InputStream.java and once in URL:file:/home/runner/work/key/key/key.core/build/resources/main/de/uka/ilkd/key/java/JavaRedux/java/io/InputStream.java, Keeping one from URL:file:/home/runner/work/key/key/key.core/build/resources/main/de/uka/ilkd/key/java/JavaRedux/java/io/InputStream.java 
125346     WARN  main            d.u.i.k.j.r.KeYCrossReferenceNameInfo Datatype java.io.PrintStream declared twice: Once in FILE:/home/runner/work/key/key/key.core/../key.ui/examples/standard_key/java_dl/classpath/PrintStream.java and once in URL:file:/home/runner/work/key/key/key.core/build/resources/main/de/uka/ilkd/key/java/JavaRedux/java/io/PrintStream.java, Keeping one from URL:file:/home/runner/work/key/key/key.core/build/resources/main/de/uka/ilkd/key/java/JavaRedux/java/io/PrintStream.java 
125349     DEBUG main            d.u.i.k.j.r.ClassFileDeclarationBuilder Parsing: package java.io; public class Closeable { } 
125349     DEBUG main            r.s.KeYCrossReferenceSourceInfo Dynamically created class: java.io.Closeable 
127672     DEBUG main            d.u.i.k.p.i.AbstractProblemLoader Init config took 2.35s 
127692     INFO  main            d.u.i.k.p.i.AbstractProblemLoader Replaying proof exceptions.key 
127694     DEBUG main            d.u.i.k.p.i.IntermediateProofReplayer Proof replay took 7.3ns 
127897     INFO  main            d.u.i.k.p.r.p.TestFile    ... finished proof: closed. 
128158     INFO  main            d.u.i.k.p.i.AbstractProblemLoader Loading environment from /home/runner/work/key/key/key.core/../key.ui/examples/standard_key/java_dl/exceptions.key.proof 
128158     DEBUG main            d.u.i.k.p.i.AbstractProblemLoader Environment load took 108.4ns 
128159     INFO  main            d.u.i.k.p.i.AbstractProblemLoader Creating init config 
128180     WARN  main            d.u.i.k.j.r.KeYCrossReferenceNameInfo Datatype java.lang.System declared twice: Once in FILE:/home/runner/work/key/key/key.core/../key.ui/examples/standard_key/java_dl/classpath/System.java and once in URL:file:/home/runner/work/key/key/key.core/build/resources/main/de/uka/ilkd/key/java/JavaRedux/java/lang/System.java, Keeping one from URL:file:/home/runner/work/key/key/key.core/build/resources/main/de/uka/ilkd/key/java/JavaRedux/java/lang/System.java 
128180     WARN  main            d.u.i.k.j.r.KeYCrossReferenceNameInfo Datatype java.io.InputStream declared twice: Once in FILE:/home/runner/work/key/key/key.core/../key.ui/examples/standard_key/java_dl/classpath/InputStream.java and once in URL:file:/home/runner/work/key/key/key.core/build/resources/main/de/uka/ilkd/key/java/JavaRedux/java/io/InputStream.java, Keeping one from URL:file:/home/runner/work/key/key/key.core/build/resources/main/de/uka/ilkd/key/java/JavaRedux/java/io/InputStream.java 
128181     WARN  main            d.u.i.k.j.r.KeYCrossReferenceNameInfo Datatype java.io.PrintStream declared twice: Once in FILE:/home/runner/work/key/key/key.core/../key.ui/examples/standard_key/java_dl/classpath/PrintStream.java and once in URL:file:/home/runner/work/key/key/key.core/build/resources/main/de/uka/ilkd/key/java/JavaRedux/java/io/PrintStream.java, Keeping one from URL:file:/home/runner/work/key/key/key.core/build/resources/main/de/uka/ilkd/key/java/JavaRedux/java/io/PrintStream.java 
128183     DEBUG main            d.u.i.k.j.r.ClassFileDeclarationBuilder Parsing: package java.io; public class Closeable { } 
128184     DEBUG main            r.s.KeYCrossReferenceSourceInfo Dynamically created class: java.io.Closeable 
130501     DEBUG main            d.u.i.k.p.i.AbstractProblemLoader Init config took 2.34s 
130518     INFO  main            d.u.i.k.p.i.AbstractProblemLoader Replaying proof exceptions.key.proof 
130567     DEBUG main            d.u.i.k.p.i.IntermediateProofReplayer Proof replay took 45.74ms 
130568     DEBUG main            d.u.i.k.p.r.p.TestFile    ... success: reloaded. 
130569     INFO  main            d.u.i.k.p.r.p.TestFile    Now processing file /home/runner/work/key/key/key.core/../key.ui/examples/standard_key/java_dl/exceptions1.key 
130569     INFO  main            d.u.i.k.p.i.AbstractProblemLoader Loading environment from /home/runner/work/key/key/key.core/../key.ui/examples/standard_key/java_dl/exceptions1.key 
130570     DEBUG main            d.u.i.k.p.i.AbstractProblemLoader Environment load took 200.2ns 
130571     INFO  main            d.u.i.k.p.i.AbstractProblemLoader Creating init config 
132874     DEBUG main            d.u.i.k.p.i.AbstractProblemLoader Init config took 2.3s 
132892     INFO  main            d.u.i.k.p.i.AbstractProblemLoader Replaying proof exceptions1.key 
132894     DEBUG main            d.u.i.k.p.i.IntermediateProofReplayer Proof replay took 17.9ns 
132997     INFO  main            d.u.i.k.p.r.p.TestFile    ... finished proof: closed. 
133269     INFO  main            d.u.i.k.p.i.AbstractProblemLoader Loading environment from /home/runner/work/key/key/key.core/../key.ui/examples/standard_key/java_dl/exceptions1.key.proof 
133269     DEBUG main            d.u.i.k.p.i.AbstractProblemLoader Environment load took 112.1ns 
133270     INFO  main            d.u.i.k.p.i.AbstractProblemLoader Creating init config 
135498     DEBUG main            d.u.i.k.p.i.AbstractProblemLoader Init config took 2.23s 
135513     INFO  main            d.u.i.k.p.i.AbstractProblemLoader Replaying proof exceptions1.key.proof 
135543     DEBUG main            d.u.i.k.p.i.IntermediateProofReplayer Proof replay took 27.57ms 
135545     DEBUG main            d.u.i.k.p.r.p.TestFile    ... success: reloaded. 
135546     INFO  main            d.u.i.k.p.r.p.TestFile    Now processing file /home/runner/work/key/key/key.core/../key.ui/examples/standard_key/java_dl/exceptions2.key 
135547     INFO  main            d.u.i.k.p.i.AbstractProblemLoader Loading environment from /home/runner/work/key/key/key.core/../key.ui/examples/standard_key/java_dl/exceptions2.key 
135547     DEBUG main            d.u.i.k.p.i.AbstractProblemLoader Environment load took 190.2ns 
135548     INFO  main            d.u.i.k.p.i.AbstractProblemLoader Creating init config 
137857     DEBUG main            d.u.i.k.p.i.AbstractProblemLoader Init config took 2.31s 
137871     INFO  main            d.u.i.k.p.i.AbstractProblemLoader Replaying proof exceptions2.key 
137874     DEBUG main            d.u.i.k.p.i.IntermediateProofReplayer Proof replay took 7.4ns 
138076     INFO  main            d.u.i.k.p.r.p.TestFile    ... finished proof: closed. 
138356     INFO  main            d.u.i.k.p.i.AbstractProblemLoader Loading environment from /home/runner/work/key/key/key.core/../key.ui/examples/standard_key/java_dl/exceptions2.key.proof 
138356     DEBUG main            d.u.i.k.p.i.AbstractProblemLoader Environment load took 110.6ns 
138357     INFO  main            d.u.i.k.p.i.AbstractProblemLoader Creating init config 
140580     DEBUG main            d.u.i.k.p.i.AbstractProblemLoader Init config took 2.22s 
140595     INFO  main            d.u.i.k.p.i.AbstractProblemLoader Replaying proof exceptions2.key.proof 
140637     DEBUG main            d.u.i.k.p.i.IntermediateProofReplayer Proof replay took 39.7ms 
140641     DEBUG main            d.u.i.k.p.r.p.TestFile    ... success: reloaded. 
140642     INFO  main            d.u.i.k.p.r.p.TestFile    Now processing file /home/runner/work/key/key/key.core/../key.ui/examples/standard_key/java_dl/exceptions3.key 
140643     INFO  main            d.u.i.k.p.i.AbstractProblemLoader Loading environment from /home/runner/work/key/key/key.core/../key.ui/examples/standard_key/java_dl/exceptions3.key 
140643     DEBUG main            d.u.i.k.p.i.AbstractProblemLoader Environment load took 98.3ns 
140644     INFO  main            d.u.i.k.p.i.AbstractProblemLoader Creating init config 
140664     WARN  main            d.u.i.k.j.r.KeYCrossReferenceNameInfo Datatype java.lang.System declared twice: Once in FILE:/home/runner/work/key/key/key.core/../key.ui/examples/standard_key/java_dl/classpath/System.java and once in URL:file:/home/runner/work/key/key/key.core/build/resources/main/de/uka/ilkd/key/java/JavaRedux/java/lang/System.java, Keeping one from URL:file:/home/runner/work/key/key/key.core/build/resources/main/de/uka/ilkd/key/java/JavaRedux/java/lang/System.java 
140664     WARN  main            d.u.i.k.j.r.KeYCrossReferenceNameInfo Datatype java.io.InputStream declared twice: Once in FILE:/home/runner/work/key/key/key.core/../key.ui/examples/standard_key/java_dl/classpath/InputStream.java and once in URL:file:/home/runner/work/key/key/key.core/build/resources/main/de/uka/ilkd/key/java/JavaRedux/java/io/InputStream.java, Keeping one from URL:file:/home/runner/work/key/key/key.core/build/resources/main/de/uka/ilkd/key/java/JavaRedux/java/io/InputStream.java 
140664     WARN  main            d.u.i.k.j.r.KeYCrossReferenceNameInfo Datatype java.io.PrintStream declared twice: Once in FILE:/home/runner/work/key/key/key.core/../key.ui/examples/standard_key/java_dl/classpath/PrintStream.java and once in URL:file:/home/runner/work/key/key/key.core/build/resources/main/de/uka/ilkd/key/java/JavaRedux/java/io/PrintStream.java, Keeping one from URL:file:/home/runner/work/key/key/key.core/build/resources/main/de/uka/ilkd/key/java/JavaRedux/java/io/PrintStream.java 
140667     DEBUG main            d.u.i.k.j.r.ClassFileDeclarationBuilder Parsing: package java.io; public class Closeable { } 
140667     DEBUG main            r.s.KeYCrossReferenceSourceInfo Dynamically created class: java.io.Closeable 
142961     DEBUG main            d.u.i.k.p.i.AbstractProblemLoader Init config took 2.32s 
142975     INFO  main            d.u.i.k.p.i.AbstractProblemLoader Replaying proof exceptions3.key 
142977     DEBUG main            d.u.i.k.p.i.IntermediateProofReplayer Proof replay took 7ns 
143081     INFO  main            d.u.i.k.p.r.p.TestFile    ... finished proof: closed. 
143358     INFO  main            d.u.i.k.p.i.AbstractProblemLoader Loading environment from /home/runner/work/key/key/key.core/../key.ui/examples/standard_key/java_dl/exceptions3.key.proof 
143358     DEBUG main            d.u.i.k.p.i.AbstractProblemLoader Environment load took 101ns 
143359     INFO  main            d.u.i.k.p.i.AbstractProblemLoader Creating init config 
143402     WARN  main            d.u.i.k.j.r.KeYCrossReferenceNameInfo Datatype java.lang.System declared twice: Once in FILE:/home/runner/work/key/key/key.core/../key.ui/examples/standard_key/java_dl/classpath/System.java and once in URL:file:/home/runner/work/key/key/key.core/build/resources/main/de/uka/ilkd/key/java/JavaRedux/java/lang/System.java, Keeping one from URL:file:/home/runner/work/key/key/key.core/build/resources/main/de/uka/ilkd/key/java/JavaRedux/java/lang/System.java 
143402     WARN  main            d.u.i.k.j.r.KeYCrossReferenceNameInfo Datatype java.io.InputStream declared twice: Once in FILE:/home/runner/work/key/key/key.core/../key.ui/examples/standard_key/java_dl/classpath/InputStream.java and once in URL:file:/home/runner/work/key/key/key.core/build/resources/main/de/uka/ilkd/key/java/JavaRedux/java/io/InputStream.java, Keeping one from URL:file:/home/runner/work/key/key/key.core/build/resources/main/de/uka/ilkd/key/java/JavaRedux/java/io/InputStream.java 
143402     WARN  main            d.u.i.k.j.r.KeYCrossReferenceNameInfo Datatype java.io.PrintStream declared twice: Once in FILE:/home/runner/work/key/key/key.core/../key.ui/examples/standard_key/java_dl/classpath/PrintStream.java and once in URL:file:/home/runner/work/key/key/key.core/build/resources/main/de/uka/ilkd/key/java/JavaRedux/java/io/PrintStream.java, Keeping one from URL:file:/home/runner/work/key/key/key.core/build/resources/main/de/uka/ilkd/key/java/JavaRedux/java/io/PrintStream.java 
143405     DEBUG main            d.u.i.k.j.r.ClassFileDeclarationBuilder Parsing: package java.io; public class Closeable { } 
143405     DEBUG main            r.s.KeYCrossReferenceSourceInfo Dynamically created class: java.io.Closeable 
145636     DEBUG main            d.u.i.k.p.i.AbstractProblemLoader Init config took 2.28s 
145650     INFO  main            d.u.i.k.p.i.AbstractProblemLoader Replaying proof exceptions3.key.proof 
145655     DEBUG main            d.u.i.k.p.i.IntermediateProofReplayer Proof replay took 3.54ms 
145656     DEBUG main            d.u.i.k.p.r.p.TestFile    ... success: reloaded. 
145657     INFO  main            d.u.i.k.p.r.p.TestFile    Now processing file /home/runner/work/key/key/key.core/../key.ui/examples/standard_key/java_dl/exchange.key 
145657     INFO  main            d.u.i.k.p.i.AbstractProblemLoader Loading environment from /home/runner/work/key/key/key.core/../key.ui/examples/standard_key/java_dl/exchange.key 
145657     DEBUG main            d.u.i.k.p.i.AbstractProblemLoader Environment load took 84.8ns 
145658     INFO  main            d.u.i.k.p.i.AbstractProblemLoader Creating init config 
147891     DEBUG main            d.u.i.k.p.i.AbstractProblemLoader Init config took 2.23s 
147905     INFO  main            d.u.i.k.p.i.AbstractProblemLoader Replaying proof exchange.key 
147907     DEBUG main            d.u.i.k.p.i.IntermediateProofReplayer Proof replay took 8.5ns 
148012     INFO  main            d.u.i.k.p.r.p.TestFile    ... finished proof: closed. 
148296     INFO  main            d.u.i.k.p.i.AbstractProblemLoader Loading environment from /home/runner/work/key/key/key.core/../key.ui/examples/standard_key/java_dl/exchange.key.proof 
148296     DEBUG main            d.u.i.k.p.i.AbstractProblemLoader Environment load took 115.4ns 
148297     INFO  main            d.u.i.k.p.i.AbstractProblemLoader Creating init config 
150499     DEBUG main            d.u.i.k.p.i.AbstractProblemLoader Init config took 2.2s 
150514     INFO  main            d.u.i.k.p.i.AbstractProblemLoader Replaying proof exchange.key.proof 
150521     DEBUG main            d.u.i.k.p.i.IntermediateProofReplayer Proof replay took 5.47ms 
150522     DEBUG main            d.u.i.k.p.r.p.TestFile    ... success: reloaded. 
150522     INFO  main            d.u.i.k.p.r.p.TestFile    Now processing file /home/runner/work/key/key/key.core/../key.ui/examples/standard_key/java_dl/if.key 
150522     INFO  main            d.u.i.k.p.i.AbstractProblemLoader Loading environment from /home/runner/work/key/key/key.core/../key.ui/examples/standard_key/java_dl/if.key 
150523     DEBUG main            d.u.i.k.p.i.AbstractProblemLoader Environment load took 102ns 
150523     INFO  main            d.u.i.k.p.i.AbstractProblemLoader Creating init config 
152759     DEBUG main            d.u.i.k.p.i.AbstractProblemLoader Init config took 2.24s 
152773     INFO  main            d.u.i.k.p.i.AbstractProblemLoader Replaying proof if.key 
152774     DEBUG main            d.u.i.k.p.i.IntermediateProofReplayer Proof replay took 7.9ns 
152877     INFO  main            d.u.i.k.p.r.p.TestFile    ... finished proof: closed. 
153191     INFO  main            d.u.i.k.p.i.AbstractProblemLoader Loading environment from /home/runner/work/key/key/key.core/../key.ui/examples/standard_key/java_dl/if.key.proof 
153192     DEBUG main            d.u.i.k.p.i.AbstractProblemLoader Environment load took 108ns 
153192     INFO  main            d.u.i.k.p.i.AbstractProblemLoader Creating init config 
155387     DEBUG main            d.u.i.k.p.i.AbstractProblemLoader Init config took 2.19s 
155401     INFO  main            d.u.i.k.p.i.AbstractProblemLoader Replaying proof if.key.proof 
155406     DEBUG main            d.u.i.k.p.i.IntermediateProofReplayer Proof replay took 2.74ms 
155406     DEBUG main            d.u.i.k.p.r.p.TestFile    ... success: reloaded. 
155407     INFO  main            d.u.i.k.p.r.p.TestFile    Now processing file /home/runner/work/key/key/key.core/../key.ui/examples/standard_key/java_dl/incrementcounter.key 
155407     INFO  main            d.u.i.k.p.i.AbstractProblemLoader Loading environment from /home/runner/work/key/key/key.core/../key.ui/examples/standard_key/java_dl/incrementcounter.key 
155407     DEBUG main            d.u.i.k.p.i.AbstractProblemLoader Environment load took 52.2ns 
155408     INFO  main            d.u.i.k.p.i.AbstractProblemLoader Creating init config 
157651     DEBUG main            d.u.i.k.p.i.AbstractProblemLoader Init config took 2.24s 
157666     INFO  main            d.u.i.k.p.i.AbstractProblemLoader Replaying proof incrementcounter.key 
157667     DEBUG main            d.u.i.k.p.i.IntermediateProofReplayer Proof replay took 7.1ns 
157770     INFO  main            d.u.i.k.p.r.p.TestFile    ... finished proof: closed. 
158059     INFO  main            d.u.i.k.p.i.AbstractProblemLoader Loading environment from /home/runner/work/key/key/key.core/../key.ui/examples/standard_key/java_dl/incrementcounter.key.proof 
158060     DEBUG main            d.u.i.k.p.i.AbstractProblemLoader Environment load took 99.1ns 
158060     INFO  main            d.u.i.k.p.i.AbstractProblemLoader Creating init config 
160258     DEBUG main            d.u.i.k.p.i.AbstractProblemLoader Init config took 2.2s 
160281     INFO  main            d.u.i.k.p.i.AbstractProblemLoader Replaying proof incrementcounter.key.proof 
160284     DEBUG main            d.u.i.k.p.i.IntermediateProofReplayer Proof replay took 1.81ms 
160285     DEBUG main            d.u.i.k.p.r.p.TestFile    ... success: reloaded. 
160285     INFO  main            d.u.i.k.p.r.p.TestFile    Now processing file /home/runner/work/key/key/key.core/../key.ui/examples/standard_key/java_dl/danglingElse.key 
160285     INFO  main            d.u.i.k.p.i.AbstractProblemLoader Loading environment from /home/runner/work/key/key/key.core/../key.ui/examples/standard_key/java_dl/danglingElse.key 
160285     DEBUG main            d.u.i.k.p.i.AbstractProblemLoader Environment load took 49.9ns 
160286     INFO  main            d.u.i.k.p.i.AbstractProblemLoader Creating init config 
162541     DEBUG main            d.u.i.k.p.i.AbstractProblemLoader Init config took 2.25s 
162556     INFO  main            d.u.i.k.p.i.AbstractProblemLoader Replaying proof danglingElse.key 
162557     DEBUG main            d.u.i.k.p.i.IntermediateProofReplayer Proof replay took 7.2ns 
162660     INFO  main            d.u.i.k.p.r.p.TestFile    ... finished proof: open goal(s) 
162965     INFO  main            d.u.i.k.p.r.p.TestFile    Now processing file /home/runner/work/key/key/key.core/../key.ui/examples/standard_key/java_dl/iteratedAssignment.key 
162967     INFO  main            d.u.i.k.p.i.AbstractProblemLoader Loading environment from /home/runner/work/key/key/key.core/../key.ui/examples/standard_key/java_dl/iteratedAssignment.key 
162967     DEBUG main            d.u.i.k.p.i.AbstractProblemLoader Environment load took 154.8ns 
162968     INFO  main            d.u.i.k.p.i.AbstractProblemLoader Creating init config 
165184     DEBUG main            d.u.i.k.p.i.AbstractProblemLoader Init config took 2.22s 
165199     INFO  main            d.u.i.k.p.i.AbstractProblemLoader Replaying proof iteratedAssignment.key 
165201     DEBUG main            d.u.i.k.p.i.IntermediateProofReplayer Proof replay took 7.8ns 
165504     INFO  main            d.u.i.k.p.r.p.TestFile    ... finished proof: closed. 
165815     INFO  main            d.u.i.k.p.i.AbstractProblemLoader Loading environment from /home/runner/work/key/key/key.core/../key.ui/examples/standard_key/java_dl/iteratedAssignment.key.proof 
165815     DEBUG main            d.u.i.k.p.i.AbstractProblemLoader Environment load took 102.2ns 
165817     INFO  main            d.u.i.k.p.i.AbstractProblemLoader Creating init config 
168022     DEBUG main            d.u.i.k.p.i.AbstractProblemLoader Init config took 2.21s 
168037     INFO  main            d.u.i.k.p.i.AbstractProblemLoader Replaying proof iteratedAssignment.key.proof 
168099     DEBUG main            d.u.i.k.p.i.IntermediateProofReplayer Proof replay took 58.37ms 
168100     DEBUG main            d.u.i.k.p.r.p.TestFile    ... success: reloaded. 
168101     INFO  main            d.u.i.k.p.r.p.TestFile    Now processing file /home/runner/work/key/key/key.core/../key.ui/examples/standard_key/java_dl/assert/assert1.key 
168101     INFO  main            d.u.i.k.p.i.AbstractProblemLoader Loading environment from /home/runner/work/key/key/key.core/../key.ui/examples/standard_key/java_dl/assert/assert1.key 
168101     DEBUG main            d.u.i.k.p.i.AbstractProblemLoader Environment load took 81.3ns 
168102     INFO  main            d.u.i.k.p.i.AbstractProblemLoader Creating init config 
170393     DEBUG main            d.u.i.k.p.i.AbstractProblemLoader Init config took 2.29s 
170426     INFO  main            d.u.i.k.p.i.AbstractProblemLoader Replaying proof C[C::foo()].JML normal_behavior operation contract.0 
170428     DEBUG main            d.u.i.k.p.i.IntermediateProofReplayer Proof replay took 8ns 
170630     INFO  main            d.u.i.k.p.r.p.TestFile    ... finished proof: open goal(s) 
170948     INFO  main            d.u.i.k.p.r.p.TestFile    Now processing file /home/runner/work/key/key/key.core/../key.ui/examples/standard_key/java_dl/assert/assert2.key 
170948     INFO  main            d.u.i.k.p.i.AbstractProblemLoader Loading environment from /home/runner/work/key/key/key.core/../key.ui/examples/standard_key/java_dl/assert/assert2.key 
170948     DEBUG main            d.u.i.k.p.i.AbstractProblemLoader Environment load took 67ns 
170949     INFO  main            d.u.i.k.p.i.AbstractProblemLoader Creating init config 
173186     DEBUG main            d.u.i.k.p.i.AbstractProblemLoader Init config took 2.24s 
173217     INFO  main            d.u.i.k.p.i.AbstractProblemLoader Replaying proof C[C::bar()].JML exceptional_behavior operation contract.0 
173219     DEBUG main            d.u.i.k.p.i.IntermediateProofReplayer Proof replay took 6.7ns 
173425     INFO  main            d.u.i.k.p.r.p.TestFile    ... finished proof: closed. 
173732     INFO  main            d.u.i.k.p.i.AbstractProblemLoader Loading environment from /home/runner/work/key/key/key.core/../key.ui/examples/standard_key/java_dl/assert/assert2.key.proof 
173732     DEBUG main            d.u.i.k.p.i.AbstractProblemLoader Environment load took 97ns 
173733     INFO  main            d.u.i.k.p.i.AbstractProblemLoader Creating init config 
175993     DEBUG main            d.u.i.k.p.i.AbstractProblemLoader Init config took 2.26s 
176034     INFO  main            d.u.i.k.p.i.AbstractProblemLoader Replaying proof C[C::bar()].JML exceptional_behavior operation contract.0 
176093     DEBUG main            d.u.i.k.p.i.IntermediateProofReplayer Proof replay took 46.68ms 
176094     DEBUG main            d.u.i.k.p.r.p.TestFile    ... success: reloaded. 
176095     INFO  main            d.u.i.k.p.r.p.TestFile    Now processing file /home/runner/work/key/key/key.core/../key.ui/examples/standard_key/java_dl/assert/assert3.key 
176095     INFO  main            d.u.i.k.p.i.AbstractProblemLoader Loading environment from /home/runner/work/key/key/key.core/../key.ui/examples/standard_key/java_dl/assert/assert3.key 
176096     DEBUG main            d.u.i.k.p.i.AbstractProblemLoader Environment load took 169.5ns 
176097     INFO  main            d.u.i.k.p.i.AbstractProblemLoader Creating init config 
178359     DEBUG main            d.u.i.k.p.i.AbstractProblemLoader Init config took 2.26s 
178391     INFO  main            d.u.i.k.p.i.AbstractProblemLoader Replaying proof C[C::foo()].JML normal_behavior operation contract.0 
178393     DEBUG main            d.u.i.k.p.i.IntermediateProofReplayer Proof replay took 7.4ns 
178495     INFO  main            d.u.i.k.p.r.p.TestFile    ... finished proof: open goal(s) 
178807     INFO  main            d.u.i.k.p.r.p.TestFile    Now processing file /home/runner/work/key/key/key.core/../key.ui/examples/standard_key/java_dl/java5/vararg.key 
178807     INFO  main            d.u.i.k.p.i.AbstractProblemLoader Loading environment from /home/runner/work/key/key/key.core/../key.ui/examples/standard_key/java_dl/java5/vararg.key 
178807     DEBUG main            d.u.i.k.p.i.AbstractProblemLoader Environment load took 99.7ns 
178808     INFO  main            d.u.i.k.p.i.AbstractProblemLoader Creating init config 
179609     DEBUG main            d.u.i.k.j.r.ClassPreparationMethodBuilder clPrepBuilder: Inner Class detected. Reject building class initialisation methods. 
181335     DEBUG main            d.u.i.k.p.i.AbstractProblemLoader Init config took 2.53s 
181361     INFO  main            d.u.i.k.p.i.AbstractProblemLoader Replaying proof vararg.key 
181362     DEBUG main            d.u.i.k.p.i.IntermediateProofReplayer Proof replay took 7.7ns 
181633     DEBUG Thread-101      d.u.i.k.j.d.VariableSpecification Program match. Variables have different dimension (template #v0 = #vi;, source var#17[] = new java.lang.Object[]{d1, d2};) 
181795     DEBUG Thread-101      d.u.i.k.j.d.VariableSpecification Program match. Variables have different dimension (template #v0 = #vi;, source var#24[] = new java.lang.Object[]{d1, d2};) 
181947     DEBUG Thread-101      d.u.i.k.j.d.VariableSpecification Program match. Variables have different dimension (template #v0 = #vi;, source var#33[] = new java.lang.Object[]{var_1};) 
181948     DEBUG Thread-101      d.u.i.k.j.d.VariableSpecification Program match. Variables have different dimension (template #v0 = #vi;, source var#33[] = new java.lang.Object[]{var_1};) 
182073     DEBUG Thread-101      d.u.i.k.j.d.VariableSpecification Program match. Variables have different dimension (template #v0 = #vi;, source var#39[] = new java.lang.Object[]{null, null};) 
182252     DEBUG Thread-101      d.u.i.k.j.d.VariableSpecification Program match. Variables have different dimension (template #v0 = #vi;, source var#46[] = new java.lang.Object[]{};) 
182670     INFO  main            d.u.i.k.p.r.p.TestFile    ... finished proof: closed. 
183030     INFO  main            d.u.i.k.p.i.AbstractProblemLoader Loading environment from /home/runner/work/key/key/key.core/../key.ui/examples/standard_key/java_dl/java5/vararg.key.proof 
183031     DEBUG main            d.u.i.k.p.i.AbstractProblemLoader Environment load took 365.9ns 
183032     INFO  main            d.u.i.k.p.i.AbstractProblemLoader Creating init config 
183846     DEBUG main            d.u.i.k.j.r.ClassPreparationMethodBuilder clPrepBuilder: Inner Class detected. Reject building class initialisation methods. 
185543     DEBUG main            d.u.i.k.p.i.AbstractProblemLoader Init config took 2.51s 
185570     INFO  main            d.u.i.k.p.i.AbstractProblemLoader Replaying proof vararg.key.proof 
185929     DEBUG main            d.u.i.k.p.i.IntermediateProofReplayer Proof replay took 344.12ms 
185931     DEBUG main            d.u.i.k.p.r.p.TestFile    ... success: reloaded. 
185931     INFO  main            d.u.i.k.p.r.p.TestFile    Now processing file /home/runner/work/key/key/key.core/../key.ui/examples/standard_key/java_dl/java5/for_Array.key 
185932     INFO  main            d.u.i.k.p.i.AbstractProblemLoader Loading environment from /home/runner/work/key/key/key.core/../key.ui/examples/standard_key/java_dl/java5/for_Array.key 
185932     DEBUG main            d.u.i.k.p.i.AbstractProblemLoader Environment load took 166.6ns 
185933     INFO  main            d.u.i.k.p.i.AbstractProblemLoader Creating init config 
186745     DEBUG main            d.u.i.k.j.r.ClassPreparationMethodBuilder clPrepBuilder: Inner Class detected. Reject building class initialisation methods. 
188436     DEBUG main            d.u.i.k.p.i.AbstractProblemLoader Init config took 2.5s 
188509     INFO  main            d.u.i.k.p.i.AbstractProblemLoader Replaying proof For[For::sum([I)].JML operation contract.0 
188511     DEBUG main            d.u.i.k.p.i.IntermediateProofReplayer Proof replay took 7.7ns 
188818     INFO  main            d.u.i.k.p.r.p.TestFile    ... finished proof: closed. 
189218     INFO  main            d.u.i.k.p.i.AbstractProblemLoader Loading environment from /home/runner/work/key/key/key.core/../key.ui/examples/standard_key/java_dl/java5/for_Array.key.proof 
189218     DEBUG main            d.u.i.k.p.i.AbstractProblemLoader Environment load took 97.3ns 
189220     INFO  main            d.u.i.k.p.i.AbstractProblemLoader Creating init config 
189975     DEBUG main            d.u.i.k.j.r.ClassPreparationMethodBuilder clPrepBuilder: Inner Class detected. Reject building class initialisation methods. 
191602     DEBUG main            d.u.i.k.p.i.AbstractProblemLoader Init config took 2.38s 
191649     INFO  main            d.u.i.k.p.i.AbstractProblemLoader Replaying proof For[For::sum([I)].JML operation contract.0 
191750     DEBUG main            d.u.i.k.p.i.IntermediateProofReplayer Proof replay took 98.06ms 
191751     DEBUG main            d.u.i.k.p.r.p.TestFile    ... success: reloaded. 
191752     INFO  main            d.u.i.k.p.r.p.TestFile    Now processing file /home/runner/work/key/key/key.core/../key.ui/examples/standard_key/java_dl/java5/for_Iterable.key 
191752     INFO  main            d.u.i.k.p.i.AbstractProblemLoader Loading environment from /home/runner/work/key/key/key.core/../key.ui/examples/standard_key/java_dl/java5/for_Iterable.key 
191752     DEBUG main            d.u.i.k.p.i.AbstractProblemLoader Environment load took 70.7ns 
191753     INFO  main            d.u.i.k.p.i.AbstractProblemLoader Creating init config 
192526     DEBUG main            d.u.i.k.j.r.ClassPreparationMethodBuilder clPrepBuilder: Inner Class detected. Reject building class initialisation methods. 
194211     DEBUG main            d.u.i.k.p.i.AbstractProblemLoader Init config took 2.46s 
194258     INFO  main            d.u.i.k.p.i.AbstractProblemLoader Replaying proof For[For::infiniteLoop(For)].JML operation contract.0 
194259     DEBUG main            d.u.i.k.p.i.IntermediateProofReplayer Proof replay took 7.1ns 
194461     INFO  main            d.u.i.k.p.r.p.TestFile    ... finished proof: closed. 
194814     INFO  main            d.u.i.k.p.i.AbstractProblemLoader Loading environment from /home/runner/work/key/key/key.core/../key.ui/examples/standard_key/java_dl/java5/for_Iterable.key.proof 
194814     DEBUG main            d.u.i.k.p.i.AbstractProblemLoader Environment load took 103.3ns 
194815     INFO  main            d.u.i.k.p.i.AbstractProblemLoader Creating init config 
195578     DEBUG main            d.u.i.k.j.r.ClassPreparationMethodBuilder clPrepBuilder: Inner Class detected. Reject building class initialisation methods. 
197215     DEBUG main            d.u.i.k.p.i.AbstractProblemLoader Init config took 2.4s 
197264     INFO  main            d.u.i.k.p.i.AbstractProblemLoader Replaying proof For[For::infiniteLoop(For)].JML operation contract.0 
197325     DEBUG main            d.u.i.k.p.i.IntermediateProofReplayer Proof replay took 56.84ms 
197326     DEBUG main            d.u.i.k.p.r.p.TestFile    ... success: reloaded. 
197329     INFO  main            d.u.i.k.p.r.p.TestFile    Now processing file /home/runner/work/key/key/key.core/../key.ui/examples/standard_key/java_dl/java5/for_ReferenceArray.key 
197329     INFO  main            d.u.i.k.p.i.AbstractProblemLoader Loading environment from /home/runner/work/key/key/key.core/../key.ui/examples/standard_key/java_dl/java5/for_ReferenceArray.key 
197329     DEBUG main            d.u.i.k.p.i.AbstractProblemLoader Environment load took 184.9ns 
197330     INFO  main            d.u.i.k.p.i.AbstractProblemLoader Creating init config 
198118     DEBUG main            d.u.i.k.j.r.ClassPreparationMethodBuilder clPrepBuilder: Inner Class detected. Reject building class initialisation methods. 
199784     DEBUG main            d.u.i.k.p.i.AbstractProblemLoader Init config took 2.45s 
199831     INFO  main            d.u.i.k.p.i.AbstractProblemLoader Replaying proof ForReferenceArray[ForReferenceArray::foo([Ljava.lang.Object)].JML operation contract.0 
199833     DEBUG main            d.u.i.k.p.i.IntermediateProofReplayer Proof replay took 8.9ns 
200137     INFO  main            d.u.i.k.p.r.p.TestFile    ... finished proof: closed. 
200486     INFO  main            d.u.i.k.p.i.AbstractProblemLoader Loading environment from /home/runner/work/key/key/key.core/../key.ui/examples/standard_key/java_dl/java5/for_ReferenceArray.key.proof 
200486     DEBUG main            d.u.i.k.p.i.AbstractProblemLoader Environment load took 109.7ns 
200487     INFO  main            d.u.i.k.p.i.AbstractProblemLoader Creating init config 
201260     DEBUG main            d.u.i.k.j.r.ClassPreparationMethodBuilder clPrepBuilder: Inner Class detected. Reject building class initialisation methods. 
202885     DEBUG main            d.u.i.k.p.i.AbstractProblemLoader Init config took 2.4s 
202932     INFO  main            d.u.i.k.p.i.AbstractProblemLoader Replaying proof ForReferenceArray[ForReferenceArray::foo([Ljava.lang.Object)].JML operation contract.0 
202989     DEBUG main            d.u.i.k.p.i.IntermediateProofReplayer Proof replay took 53.79ms 
202989     DEBUG main            d.u.i.k.p.r.p.TestFile    ... success: reloaded. 
202990     INFO  main            d.u.i.k.p.r.p.TestFile    Now processing file /home/runner/work/key/key/key.core/../key.ui/examples/standard_key/java_dl/jml-bigint/cast.key 
202991     INFO  main            d.u.i.k.p.i.AbstractProblemLoader Loading environment from /home/runner/work/key/key/key.core/../key.ui/examples/standard_key/java_dl/jml-bigint/cast.key 
202991     DEBUG main            d.u.i.k.p.i.AbstractProblemLoader Environment load took 102.9ns 
202991     INFO  main            d.u.i.k.p.i.AbstractProblemLoader Creating init config 
205358     DEBUG main            d.u.i.k.p.i.AbstractProblemLoader Init config took 2.37s 
205390     INFO  main            d.u.i.k.p.i.AbstractProblemLoader Replaying proof Mult[Mult::cast()].JML operation contract.0 
205392     DEBUG main            d.u.i.k.p.i.IntermediateProofReplayer Proof replay took 7.4ns 
205495     INFO  main            d.u.i.k.p.r.p.TestFile    ... finished proof: closed. 
205907     INFO  main            d.u.i.k.p.i.AbstractProblemLoader Loading environment from /home/runner/work/key/key/key.core/../key.ui/examples/standard_key/java_dl/jml-bigint/cast.key.proof 
205907     DEBUG main            d.u.i.k.p.i.AbstractProblemLoader Environment load took 111.7ns 
205908     INFO  main            d.u.i.k.p.i.AbstractProblemLoader Creating init config 
208190     DEBUG main            d.u.i.k.p.i.AbstractProblemLoader Init config took 2.28s 
208222     INFO  main            d.u.i.k.p.i.AbstractProblemLoader Replaying proof Mult[Mult::cast()].JML operation contract.0 
208235     DEBUG main            d.u.i.k.p.i.IntermediateProofReplayer Proof replay took 11.1ms 
208236     DEBUG main            d.u.i.k.p.r.p.TestFile    ... success: reloaded. 
208237     INFO  main            d.u.i.k.p.r.p.TestFile    Now processing file /home/runner/work/key/key/key.core/../key.ui/examples/standard_key/java_dl/jml-free/loopInvFree.key 
208237     INFO  main            d.u.i.k.p.i.AbstractProblemLoader Loading environment from /home/runner/work/key/key/key.core/../key.ui/examples/standard_key/java_dl/jml-free/loopInvFree.key 
208238     DEBUG main            d.u.i.k.p.i.AbstractProblemLoader Environment load took 158.9ns 
208238     INFO  main            d.u.i.k.p.i.AbstractProblemLoader Creating init config 
210536     DEBUG main            d.u.i.k.p.i.AbstractProblemLoader Init config took 2.3s 
210569     INFO  main            d.u.i.k.p.i.AbstractProblemLoader Replaying proof LoopInvFree[LoopInvFree::test()].JML operation contract.0 
210570     DEBUG main            d.u.i.k.p.i.IntermediateProofReplayer Proof replay took 7.7ns 
210772     INFO  main            d.u.i.k.p.r.p.TestFile    ... finished proof: closed. 
211141     INFO  main            d.u.i.k.p.i.AbstractProblemLoader Loading environment from /home/runner/work/key/key/key.core/../key.ui/examples/standard_key/java_dl/jml-free/loopInvFree.key.proof 
211141     DEBUG main            d.u.i.k.p.i.AbstractProblemLoader Environment load took 104.6ns 
211141     INFO  main            d.u.i.k.p.i.AbstractProblemLoader Creating init config 
213382     DEBUG main            d.u.i.k.p.i.AbstractProblemLoader Init config took 2.24s 
213413     INFO  main            d.u.i.k.p.i.AbstractProblemLoader Replaying proof LoopInvFree[LoopInvFree::test()].JML operation contract.0 
213455     DEBUG main            d.u.i.k.p.i.IntermediateProofReplayer Proof replay took 39.12ms 
213456     DEBUG main            d.u.i.k.p.r.p.TestFile    ... success: reloaded. 
213457     INFO  main            d.u.i.k.p.r.p.TestFile    Now processing file /home/runner/work/key/key/key.core/../key.ui/examples/standard_key/java_dl/jml-free/ensuresFree.key 
213457     INFO  main            d.u.i.k.p.i.AbstractProblemLoader Loading environment from /home/runner/work/key/key/key.core/../key.ui/examples/standard_key/java_dl/jml-free/ensuresFree.key 
213457     DEBUG main            d.u.i.k.p.i.AbstractProblemLoader Environment load took 166.1ns 
213458     INFO  main            d.u.i.k.p.i.AbstractProblemLoader Creating init config 
215758     DEBUG main            d.u.i.k.p.i.AbstractProblemLoader Init config took 2.3s 
215795     INFO  main            d.u.i.k.p.i.AbstractProblemLoader Replaying proof EnsuresFree[EnsuresFree::test()].JML operation contract.0 
215796     DEBUG main            d.u.i.k.p.i.IntermediateProofReplayer Proof replay took 7.2ns 
215897     INFO  main            d.u.i.k.p.r.p.TestFile    ... finished proof: closed. 
216254     INFO  main            d.u.i.k.p.i.AbstractProblemLoader Loading environment from /home/runner/work/key/key/key.core/../key.ui/examples/standard_key/java_dl/jml-free/ensuresFree.key.proof 
216254     DEBUG main            d.u.i.k.p.i.AbstractProblemLoader Environment load took 92.1ns 
216257     INFO  main            d.u.i.k.p.i.AbstractProblemLoader Creating init config 
218501     DEBUG main            d.u.i.k.p.i.AbstractProblemLoader Init config took 2.24s 
218534     INFO  main            d.u.i.k.p.i.AbstractProblemLoader Replaying proof EnsuresFree[EnsuresFree::test()].JML operation contract.0 
218551     DEBUG main            d.u.i.k.p.i.IntermediateProofReplayer Proof replay took 15.37ms 
218552     DEBUG main            d.u.i.k.p.r.p.TestFile    ... success: reloaded. 
218553     INFO  main            d.u.i.k.p.r.p.TestFile    Now processing file /home/runner/work/key/key/key.core/../key.ui/examples/standard_key/java_dl/jml-information-flow.key 
218553     INFO  main            d.u.i.k.p.i.AbstractProblemLoader Loading environment from /home/runner/work/key/key/key.core/../key.ui/examples/standard_key/java_dl/jml-information-flow.key 
218553     DEBUG main            d.u.i.k.p.i.AbstractProblemLoader Environment load took 80.2ns 
218558     INFO  main            d.u.i.k.p.i.AbstractProblemLoader Creating init config 
221026     DEBUG main            d.u.i.k.p.i.AbstractProblemLoader Init config took 2.47s 
221053     INFO  main            d.u.i.k.p.i.AbstractProblemLoader Replaying proof jml-information-flow.key 
221055     DEBUG main            d.u.i.k.p.i.IntermediateProofReplayer Proof replay took 7.6ns 
341922     INFO  main            d.u.i.k.p.r.p.TestFile    ... finished proof: closed. 
342450     INFO  main            d.u.i.k.p.i.AbstractProblemLoader Loading environment from /home/runner/work/key/key/key.core/../key.ui/examples/standard_key/java_dl/jml-information-flow.key.proof 
342450     DEBUG main            d.u.i.k.p.i.AbstractProblemLoader Environment load took 174.6ns 
342458     INFO  main            d.u.i.k.p.i.AbstractProblemLoader Creating init config 
344828     DEBUG main            d.u.i.k.p.i.AbstractProblemLoader Init config took 2.37s 
344847     INFO  main            d.u.i.k.p.i.AbstractProblemLoader Replaying proof jml-information-flow.key.proof 
348413     DEBUG main            d.u.i.k.p.i.IntermediateProofReplayer Proof replay took 3.46s 
348422     DEBUG main            d.u.i.k.p.r.p.TestFile    ... success: reloaded. 
348423     INFO  main            d.u.i.k.p.r.p.TestFile    Now processing file /home/runner/work/key/key/key.core/../key.ui/examples/standard_key/java_dl/jml-min/min-unprovable1.key 
348423     INFO  main            d.u.i.k.p.i.AbstractProblemLoader Loading environment from /home/runner/work/key/key/key.core/../key.ui/examples/standard_key/java_dl/jml-min/min-unprovable1.key 
348423     DEBUG main            d.u.i.k.p.i.AbstractProblemLoader Environment load took 84.5ns 
348424     INFO  main            d.u.i.k.p.i.AbstractProblemLoader Creating init config 
350839     DEBUG main            d.u.i.k.p.i.AbstractProblemLoader Init config took 2.42s 
350871     INFO  main            d.u.i.k.p.i.AbstractProblemLoader Replaying proof Min[Min::foo()].JML operation contract.0 
350872     DEBUG main            d.u.i.k.p.i.IntermediateProofReplayer Proof replay took 6.8ns 
350974     INFO  main            d.u.i.k.p.r.p.TestFile    ... finished proof: open goal(s) 
351494     INFO  main            d.u.i.k.p.r.p.TestFile    Now processing file /home/runner/work/key/key/key.core/../key.ui/examples/standard_key/java_dl/jml-min/min-unprovable2.key 
351494     INFO  main            d.u.i.k.p.i.AbstractProblemLoader Loading environment from /home/runner/work/key/key/key.core/../key.ui/examples/standard_key/java_dl/jml-min/min-unprovable2.key 
351494     DEBUG main            d.u.i.k.p.i.AbstractProblemLoader Environment load took 51.1ns 
351495     INFO  main            d.u.i.k.p.i.AbstractProblemLoader Creating init config 
353735     DEBUG main            d.u.i.k.p.i.AbstractProblemLoader Init config took 2.24s 
353768     INFO  main            d.u.i.k.p.i.AbstractProblemLoader Replaying proof Min[Min::foo2()].JML operation contract.0 
353769     DEBUG main            d.u.i.k.p.i.IntermediateProofReplayer Proof replay took 6.6ns 
353872     INFO  main            d.u.i.k.p.r.p.TestFile    ... finished proof: open goal(s) 
354250     INFO  main            d.u.i.k.p.r.p.TestFile    Now processing file /home/runner/work/key/key/key.core/../key.ui/examples/standard_key/java_dl/methodCall.key 
354251     INFO  main            d.u.i.k.p.i.AbstractProblemLoader Loading environment from /home/runner/work/key/key/key.core/../key.ui/examples/standard_key/java_dl/methodCall.key 
354251     DEBUG main            d.u.i.k.p.i.AbstractProblemLoader Environment load took 57.3ns 
354252     INFO  main            d.u.i.k.p.i.AbstractProblemLoader Creating init config 
356533     DEBUG main            d.u.i.k.p.i.AbstractProblemLoader Init config took 2.28s 
356547     INFO  main            d.u.i.k.p.i.AbstractProblemLoader Replaying proof methodCall.key 
356548     DEBUG main            d.u.i.k.p.i.IntermediateProofReplayer Proof replay took 6.8ns 
356650     INFO  main            d.u.i.k.p.r.p.TestFile    ... finished proof: closed. 
357032     INFO  main            d.u.i.k.p.i.AbstractProblemLoader Loading environment from /home/runner/work/key/key/key.core/../key.ui/examples/standard_key/java_dl/methodCall.key.proof 
357032     DEBUG main            d.u.i.k.p.i.AbstractProblemLoader Environment load took 97ns 
357033     INFO  main            d.u.i.k.p.i.AbstractProblemLoader Creating init config 
359345     DEBUG main            d.u.i.k.p.i.AbstractProblemLoader Init config took 2.31s 
359359     INFO  main            d.u.i.k.p.i.AbstractProblemLoader Replaying proof methodCall.key.proof 
359363     DEBUG main            d.u.i.k.p.i.IntermediateProofReplayer Proof replay took 1.79ms 
359363     DEBUG main            d.u.i.k.p.r.p.TestFile    ... success: reloaded. 
359364     INFO  main            d.u.i.k.p.r.p.TestFile    Now processing file /home/runner/work/key/key/key.core/../key.ui/examples/standard_key/java_dl/methodCall1.key 
359364     INFO  main            d.u.i.k.p.i.AbstractProblemLoader Loading environment from /home/runner/work/key/key/key.core/../key.ui/examples/standard_key/java_dl/methodCall1.key 
359364     DEBUG main            d.u.i.k.p.i.AbstractProblemLoader Environment load took 55.1ns 
359365     INFO  main            d.u.i.k.p.i.AbstractProblemLoader Creating init config 
361638     DEBUG main            d.u.i.k.p.i.AbstractProblemLoader Init config took 2.27s 
361652     INFO  main            d.u.i.k.p.i.AbstractProblemLoader Replaying proof methodCall1.key 
361653     DEBUG main            d.u.i.k.p.i.IntermediateProofReplayer Proof replay took 6.8ns 
361755     INFO  main            d.u.i.k.p.r.p.TestFile    ... finished proof: closed. 
362151     INFO  main            d.u.i.k.p.i.AbstractProblemLoader Loading environment from /home/runner/work/key/key/key.core/../key.ui/examples/standard_key/java_dl/methodCall1.key.proof 
362151     DEBUG main            d.u.i.k.p.i.AbstractProblemLoader Environment load took 90.1ns 
362152     INFO  main            d.u.i.k.p.i.AbstractProblemLoader Creating init config 
364401     DEBUG main            d.u.i.k.p.i.AbstractProblemLoader Init config took 2.25s 
364415     INFO  main            d.u.i.k.p.i.AbstractProblemLoader Replaying proof methodCall1.key.proof 
364429     DEBUG main            d.u.i.k.p.i.IntermediateProofReplayer Proof replay took 11.91ms 
364430     DEBUG main            d.u.i.k.p.r.p.TestFile    ... success: reloaded. 
364431     INFO  main            d.u.i.k.p.r.p.TestFile    Now processing file /home/runner/work/key/key/key.core/../key.ui/examples/standard_key/java_dl/methodCall1box.key 
364431     INFO  main            d.u.i.k.p.i.AbstractProblemLoader Loading environment from /home/runner/work/key/key/key.core/../key.ui/examples/standard_key/java_dl/methodCall1box.key 
364431     DEBUG main            d.u.i.k.p.i.AbstractProblemLoader Environment load took 67.2ns 
364432     INFO  main            d.u.i.k.p.i.AbstractProblemLoader Creating init config 
366715     DEBUG main            d.u.i.k.p.i.AbstractProblemLoader Init config took 2.28s 
366729     INFO  main            d.u.i.k.p.i.AbstractProblemLoader Replaying proof methodCall1box.key 
366731     DEBUG main            d.u.i.k.p.i.IntermediateProofReplayer Proof replay took 9.1ns 
366833     INFO  main            d.u.i.k.p.r.p.TestFile    ... finished proof: closed. 
367229     INFO  main            d.u.i.k.p.i.AbstractProblemLoader Loading environment from /home/runner/work/key/key/key.core/../key.ui/examples/standard_key/java_dl/methodCall1box.key.proof 
367229     DEBUG main            d.u.i.k.p.i.AbstractProblemLoader Environment load took 96.7ns 
367230     INFO  main            d.u.i.k.p.i.AbstractProblemLoader Creating init config 
369459     DEBUG main            d.u.i.k.p.i.AbstractProblemLoader Init config took 2.23s 
369473     INFO  main            d.u.i.k.p.i.AbstractProblemLoader Replaying proof methodCall1box.key.proof 
369487     DEBUG main            d.u.i.k.p.i.IntermediateProofReplayer Proof replay took 12.07ms 
369488     DEBUG main            d.u.i.k.p.r.p.TestFile    ... success: reloaded. 
369488     INFO  main            d.u.i.k.p.r.p.TestFile    Now processing file /home/runner/work/key/key/key.core/../key.ui/examples/standard_key/java_dl/methodCall3.key 
369488     INFO  main            d.u.i.k.p.i.AbstractProblemLoader Loading environment from /home/runner/work/key/key/key.core/../key.ui/examples/standard_key/java_dl/methodCall3.key 
369489     DEBUG main            d.u.i.k.p.i.AbstractProblemLoader Environment load took 52.1ns 
369489     INFO  main            d.u.i.k.p.i.AbstractProblemLoader Creating init config 
371768     DEBUG main            d.u.i.k.p.i.AbstractProblemLoader Init config took 2.28s 
371782     INFO  main            d.u.i.k.p.i.AbstractProblemLoader Replaying proof methodCall3.key 
371783     DEBUG main            d.u.i.k.p.i.IntermediateProofReplayer Proof replay took 7ns 
371885     INFO  main            d.u.i.k.p.r.p.TestFile    ... finished proof: closed. 
372283     INFO  main            d.u.i.k.p.i.AbstractProblemLoader Loading environment from /home/runner/work/key/key/key.core/../key.ui/examples/standard_key/java_dl/methodCall3.key.proof 
372283     DEBUG main            d.u.i.k.p.i.AbstractProblemLoader Environment load took 112.1ns 
372284     INFO  main            d.u.i.k.p.i.AbstractProblemLoader Creating init config 
374519     DEBUG main            d.u.i.k.p.i.AbstractProblemLoader Init config took 2.23s 
374533     INFO  main            d.u.i.k.p.i.AbstractProblemLoader Replaying proof methodCall3.key.proof 
374545     DEBUG main            d.u.i.k.p.i.IntermediateProofReplayer Proof replay took 9.28ms 
374548     DEBUG main            d.u.i.k.p.r.p.TestFile    ... success: reloaded. 
374549     INFO  main            d.u.i.k.p.r.p.TestFile    Now processing file /home/runner/work/key/key/key.core/../key.ui/examples/standard_key/java_dl/polishFlagSort.key 
374552     INFO  main            d.u.i.k.p.i.AbstractProblemLoader Loading environment from /home/runner/work/key/key/key.core/../key.ui/examples/standard_key/java_dl/polishFlagSort.key 
374552     DEBUG main            d.u.i.k.p.i.AbstractProblemLoader Environment load took 137.4ns 
374553     INFO  main            d.u.i.k.p.i.AbstractProblemLoader Creating init config 
376916     DEBUG main            d.u.i.k.p.i.AbstractProblemLoader Init config took 2.36s 
376932     INFO  main            d.u.i.k.p.i.AbstractProblemLoader Replaying proof polishFlagSort.key 
376933     DEBUG main            d.u.i.k.p.i.IntermediateProofReplayer Proof replay took 7.4ns 
379150     INFO  main            d.u.i.k.p.r.p.TestFile    ... finished proof: closed. 
379602     INFO  main            d.u.i.k.p.i.AbstractProblemLoader Loading environment from /home/runner/work/key/key/key.core/../key.ui/examples/standard_key/java_dl/polishFlagSort.key.proof 
379602     DEBUG main            d.u.i.k.p.i.AbstractProblemLoader Environment load took 327.8ns 
379604     INFO  main            d.u.i.k.p.i.AbstractProblemLoader Creating init config 
381874     DEBUG main            d.u.i.k.p.i.AbstractProblemLoader Init config took 2.27s 
381890     INFO  main            d.u.i.k.p.i.AbstractProblemLoader Replaying proof polishFlagSort.key.proof 
382234     DEBUG main            d.u.i.k.p.i.IntermediateProofReplayer Proof replay took 333.5ms 
382236     DEBUG main            d.u.i.k.p.r.p.TestFile    ... success: reloaded. 
382236     INFO  main            d.u.i.k.p.r.p.TestFile    Now processing file /home/runner/work/key/key/key.core/../key.ui/examples/standard_key/java_dl/postConditionTaclets1.key 
382237     INFO  main            d.u.i.k.p.i.AbstractProblemLoader Loading environment from /home/runner/work/key/key/key.core/../key.ui/examples/standard_key/java_dl/postConditionTaclets1.key 
382237     DEBUG main            d.u.i.k.p.i.AbstractProblemLoader Environment load took 159.1ns 
382238     INFO  main            d.u.i.k.p.i.AbstractProblemLoader Creating init config 
384467     DEBUG main            d.u.i.k.p.i.AbstractProblemLoader Init config took 2.23s 
384481     INFO  main            d.u.i.k.p.i.AbstractProblemLoader Replaying proof postConditionTaclets1.key 
384482     DEBUG main            d.u.i.k.p.i.IntermediateProofReplayer Proof replay took 6.9ns 
384584     INFO  main            d.u.i.k.p.r.p.TestFile    ... finished proof: closed. 
385033     INFO  main            d.u.i.k.p.i.AbstractProblemLoader Loading environment from /home/runner/work/key/key/key.core/../key.ui/examples/standard_key/java_dl/postConditionTaclets1.key.proof 
385033     DEBUG main            d.u.i.k.p.i.AbstractProblemLoader Environment load took 87.8ns 
385034     INFO  main            d.u.i.k.p.i.AbstractProblemLoader Creating init config 
387218     DEBUG main            d.u.i.k.p.i.AbstractProblemLoader Init config took 2.18s 
387232     INFO  main            d.u.i.k.p.i.AbstractProblemLoader Replaying proof postConditionTaclets1.key.proof 
387234     DEBUG main            d.u.i.k.p.i.IntermediateProofReplayer Proof replay took 389.71ns 
387235     DEBUG main            d.u.i.k.p.r.p.TestFile    ... success: reloaded. 
387235     INFO  main            d.u.i.k.p.r.p.TestFile    Now processing file /home/runner/work/key/key/key.core/../key.ui/examples/standard_key/java_dl/postConditionTaclets2.key 
387236     INFO  main            d.u.i.k.p.i.AbstractProblemLoader Loading environment from /home/runner/work/key/key/key.core/../key.ui/examples/standard_key/java_dl/postConditionTaclets2.key 
387236     DEBUG main            d.u.i.k.p.i.AbstractProblemLoader Environment load took 92.1ns 
387237     INFO  main            d.u.i.k.p.i.AbstractProblemLoader Creating init config 
389455     DEBUG main            d.u.i.k.p.i.AbstractProblemLoader Init config took 2.22s 
389469     INFO  main            d.u.i.k.p.i.AbstractProblemLoader Replaying proof postConditionTaclets2.key 
389470     DEBUG main            d.u.i.k.p.i.IntermediateProofReplayer Proof replay took 6.7ns 
389572     INFO  main            d.u.i.k.p.r.p.TestFile    ... finished proof: closed. 
389996     INFO  main            d.u.i.k.p.i.AbstractProblemLoader Loading environment from /home/runner/work/key/key/key.core/../key.ui/examples/standard_key/java_dl/postConditionTaclets2.key.proof 
389996     DEBUG main            d.u.i.k.p.i.AbstractProblemLoader Environment load took 85.6ns 
389997     INFO  main            d.u.i.k.p.i.AbstractProblemLoader Creating init config 
392181     DEBUG main            d.u.i.k.p.i.AbstractProblemLoader Init config took 2.18s 
392195     INFO  main            d.u.i.k.p.i.AbstractProblemLoader Replaying proof postConditionTaclets2.key.proof 
392196     DEBUG main            d.u.i.k.p.i.IntermediateProofReplayer Proof replay took 603.41ns 
392197     DEBUG main            d.u.i.k.p.r.p.TestFile    ... success: reloaded. 
392198     INFO  main            d.u.i.k.p.r.p.TestFile    Now processing file /home/runner/work/key/key/key.core/../key.ui/examples/standard_key/java_dl/quantifiedQuery.key 
392198     INFO  main            d.u.i.k.p.i.AbstractProblemLoader Loading environment from /home/runner/work/key/key/key.core/../key.ui/examples/standard_key/java_dl/quantifiedQuery.key 
392198     DEBUG main            d.u.i.k.p.i.AbstractProblemLoader Environment load took 47.1ns 
392199     INFO  main            d.u.i.k.p.i.AbstractProblemLoader Creating init config 
394479     DEBUG main            d.u.i.k.p.i.AbstractProblemLoader Init config took 2.28s 
394493     INFO  main            d.u.i.k.p.i.AbstractProblemLoader Replaying proof quantifiedQuery.key 
394495     DEBUG main            d.u.i.k.p.i.IntermediateProofReplayer Proof replay took 13.1ns 
394597     INFO  main            d.u.i.k.p.r.p.TestFile    ... finished proof: closed. 
395016     INFO  main            d.u.i.k.p.i.AbstractProblemLoader Loading environment from /home/runner/work/key/key/key.core/../key.ui/examples/standard_key/java_dl/quantifiedQuery.key.proof 
395016     DEBUG main            d.u.i.k.p.i.AbstractProblemLoader Environment load took 84.6ns 
395017     INFO  main            d.u.i.k.p.i.AbstractProblemLoader Creating init config 
397267     DEBUG main            d.u.i.k.p.i.AbstractProblemLoader Init config took 2.25s 
397281     INFO  main            d.u.i.k.p.i.AbstractProblemLoader Replaying proof quantifiedQuery.key.proof 
397292     DEBUG main            d.u.i.k.p.i.IntermediateProofReplayer Proof replay took 9.2ms 
397293     DEBUG main            d.u.i.k.p.r.p.TestFile    ... success: reloaded. 
397294     INFO  main            d.u.i.k.p.r.p.TestFile    Now processing file /home/runner/work/key/key/key.core/../key.ui/examples/standard_key/java_dl/recursion/triangular.key 
397294     INFO  main            d.u.i.k.p.i.AbstractProblemLoader Loading environment from /home/runner/work/key/key/key.core/../key.ui/examples/standard_key/java_dl/recursion/triangular.key 
397294     DEBUG main            d.u.i.k.p.i.AbstractProblemLoader Environment load took 95.9ns 
397295     INFO  main            d.u.i.k.p.i.AbstractProblemLoader Creating init config 
399556     DEBUG main            d.u.i.k.p.i.AbstractProblemLoader Init config took 2.26s 
399588     INFO  main            d.u.i.k.p.i.AbstractProblemLoader Replaying proof Triangular[Triangular::tria(int)].JML normal_behavior operation contract.0 
399589     DEBUG main            d.u.i.k.p.i.IntermediateProofReplayer Proof replay took 7.1ns 
399793     INFO  main            d.u.i.k.p.r.p.TestFile    ... finished proof: closed. 
400255     INFO  main            d.u.i.k.p.i.AbstractProblemLoader Loading environment from /home/runner/work/key/key/key.core/../key.ui/examples/standard_key/java_dl/recursion/triangular.key.proof 
400255     DEBUG main            d.u.i.k.p.i.AbstractProblemLoader Environment load took 86.8ns 
400256     INFO  main            d.u.i.k.p.i.AbstractProblemLoader Creating init config 
402493     DEBUG main            d.u.i.k.p.i.AbstractProblemLoader Init config took 2.24s 
402525     INFO  main            d.u.i.k.p.i.AbstractProblemLoader Replaying proof Triangular[Triangular::tria(int)].JML normal_behavior operation contract.0 
402557     DEBUG main            d.u.i.k.p.i.IntermediateProofReplayer Proof replay took 29.61ms 
402558     DEBUG main            d.u.i.k.p.r.p.TestFile    ... success: reloaded. 
402558     INFO  main            d.u.i.k.p.r.p.TestFile    Now processing file /home/runner/work/key/key/key.core/../key.ui/examples/standard_key/java_dl/reverseArray.key 
402559     INFO  main            d.u.i.k.p.i.AbstractProblemLoader Loading environment from /home/runner/work/key/key/key.core/../key.ui/examples/standard_key/java_dl/reverseArray.key 
402559     DEBUG main            d.u.i.k.p.i.AbstractProblemLoader Environment load took 78.6ns 
402561     INFO  main            d.u.i.k.p.i.AbstractProblemLoader Creating init config 
402580     WARN  main            d.u.i.k.j.r.KeYCrossReferenceNameInfo Datatype java.lang.System declared twice: Once in FILE:/home/runner/work/key/key/key.core/../key.ui/examples/standard_key/java_dl/./classpath/System.java and once in URL:file:/home/runner/work/key/key/key.core/build/resources/main/de/uka/ilkd/key/java/JavaRedux/java/lang/System.java, Keeping one from URL:file:/home/runner/work/key/key/key.core/build/resources/main/de/uka/ilkd/key/java/JavaRedux/java/lang/System.java 
402580     WARN  main            d.u.i.k.j.r.KeYCrossReferenceNameInfo Datatype java.io.InputStream declared twice: Once in FILE:/home/runner/work/key/key/key.core/../key.ui/examples/standard_key/java_dl/./classpath/InputStream.java and once in URL:file:/home/runner/work/key/key/key.core/build/resources/main/de/uka/ilkd/key/java/JavaRedux/java/io/InputStream.java, Keeping one from URL:file:/home/runner/work/key/key/key.core/build/resources/main/de/uka/ilkd/key/java/JavaRedux/java/io/InputStream.java 
402580     WARN  main            d.u.i.k.j.r.KeYCrossReferenceNameInfo Datatype java.io.PrintStream declared twice: Once in FILE:/home/runner/work/key/key/key.core/../key.ui/examples/standard_key/java_dl/./classpath/PrintStream.java and once in URL:file:/home/runner/work/key/key/key.core/build/resources/main/de/uka/ilkd/key/java/JavaRedux/java/io/PrintStream.java, Keeping one from URL:file:/home/runner/work/key/key/key.core/build/resources/main/de/uka/ilkd/key/java/JavaRedux/java/io/PrintStream.java 
402583     DEBUG main            d.u.i.k.j.r.ClassFileDeclarationBuilder Parsing: package java.io; public class Closeable { } 
402583     DEBUG main            r.s.KeYCrossReferenceSourceInfo Dynamically created class: java.io.Closeable 
404946     DEBUG main            d.u.i.k.p.i.AbstractProblemLoader Init config took 2.39s 
404962     INFO  main            d.u.i.k.p.i.AbstractProblemLoader Replaying proof reverseArray.key 
404964     DEBUG main            d.u.i.k.p.i.IntermediateProofReplayer Proof replay took 6.7ns 
409305     INFO  main            d.u.i.k.p.r.p.TestFile    ... finished proof: closed. 
409800     INFO  main            d.u.i.k.p.i.AbstractProblemLoader Loading environment from /home/runner/work/key/key/key.core/../key.ui/examples/standard_key/java_dl/reverseArray.key.proof 
409800     DEBUG main            d.u.i.k.p.i.AbstractProblemLoader Environment load took 149.4ns 
409802     INFO  main            d.u.i.k.p.i.AbstractProblemLoader Creating init config 
409822     WARN  main            d.u.i.k.j.r.KeYCrossReferenceNameInfo Datatype java.lang.System declared twice: Once in FILE:/home/runner/work/key/key/key.core/../key.ui/examples/standard_key/java_dl/classpath/System.java and once in URL:file:/home/runner/work/key/key/key.core/build/resources/main/de/uka/ilkd/key/java/JavaRedux/java/lang/System.java, Keeping one from URL:file:/home/runner/work/key/key/key.core/build/resources/main/de/uka/ilkd/key/java/JavaRedux/java/lang/System.java 
409823     WARN  main            d.u.i.k.j.r.KeYCrossReferenceNameInfo Datatype java.io.InputStream declared twice: Once in FILE:/home/runner/work/key/key/key.core/../key.ui/examples/standard_key/java_dl/classpath/InputStream.java and once in URL:file:/home/runner/work/key/key/key.core/build/resources/main/de/uka/ilkd/key/java/JavaRedux/java/io/InputStream.java, Keeping one from URL:file:/home/runner/work/key/key/key.core/build/resources/main/de/uka/ilkd/key/java/JavaRedux/java/io/InputStream.java 
409823     WARN  main            d.u.i.k.j.r.KeYCrossReferenceNameInfo Datatype java.io.PrintStream declared twice: Once in FILE:/home/runner/work/key/key/key.core/../key.ui/examples/standard_key/java_dl/classpath/PrintStream.java and once in URL:file:/home/runner/work/key/key/key.core/build/resources/main/de/uka/ilkd/key/java/JavaRedux/java/io/PrintStream.java, Keeping one from URL:file:/home/runner/work/key/key/key.core/build/resources/main/de/uka/ilkd/key/java/JavaRedux/java/io/PrintStream.java 
409825     DEBUG main            d.u.i.k.j.r.ClassFileDeclarationBuilder Parsing: package java.io; public class Closeable { } 
409826     DEBUG main            r.s.KeYCrossReferenceSourceInfo Dynamically created class: java.io.Closeable 
412209     DEBUG main            d.u.i.k.p.i.AbstractProblemLoader Init config took 2.41s 
412230     INFO  main            d.u.i.k.p.i.AbstractProblemLoader Replaying proof reverseArray.key.proof 
412862     DEBUG main            d.u.i.k.p.i.IntermediateProofReplayer Proof replay took 620.01ms 
412864     DEBUG main            d.u.i.k.p.r.p.TestFile    ... success: reloaded. 
412865     INFO  main            d.u.i.k.p.r.p.TestFile    Now processing file /home/runner/work/key/key/key.core/../key.ui/examples/standard_key/java_dl/reverseArray2.key 
412865     INFO  main            d.u.i.k.p.i.AbstractProblemLoader Loading environment from /home/runner/work/key/key/key.core/../key.ui/examples/standard_key/java_dl/reverseArray2.key 
412866     DEBUG main            d.u.i.k.p.i.AbstractProblemLoader Environment load took 63.7ns 
412867     INFO  main            d.u.i.k.p.i.AbstractProblemLoader Creating init config 
412905     WARN  main            d.u.i.k.j.r.KeYCrossReferenceNameInfo Datatype java.lang.System declared twice: Once in FILE:/home/runner/work/key/key/key.core/../key.ui/examples/standard_key/java_dl/classpath/System.java and once in URL:file:/home/runner/work/key/key/key.core/build/resources/main/de/uka/ilkd/key/java/JavaRedux/java/lang/System.java, Keeping one from URL:file:/home/runner/work/key/key/key.core/build/resources/main/de/uka/ilkd/key/java/JavaRedux/java/lang/System.java 
412906     WARN  main            d.u.i.k.j.r.KeYCrossReferenceNameInfo Datatype java.io.InputStream declared twice: Once in FILE:/home/runner/work/key/key/key.core/../key.ui/examples/standard_key/java_dl/classpath/InputStream.java and once in URL:file:/home/runner/work/key/key/key.core/build/resources/main/de/uka/ilkd/key/java/JavaRedux/java/io/InputStream.java, Keeping one from URL:file:/home/runner/work/key/key/key.core/build/resources/main/de/uka/ilkd/key/java/JavaRedux/java/io/InputStream.java 
412906     WARN  main            d.u.i.k.j.r.KeYCrossReferenceNameInfo Datatype java.io.PrintStream declared twice: Once in FILE:/home/runner/work/key/key/key.core/../key.ui/examples/standard_key/java_dl/classpath/PrintStream.java and once in URL:file:/home/runner/work/key/key/key.core/build/resources/main/de/uka/ilkd/key/java/JavaRedux/java/io/PrintStream.java, Keeping one from URL:file:/home/runner/work/key/key/key.core/build/resources/main/de/uka/ilkd/key/java/JavaRedux/java/io/PrintStream.java 
412908     DEBUG main            d.u.i.k.j.r.ClassFileDeclarationBuilder Parsing: package java.io; public class Closeable { } 
412908     DEBUG main            r.s.KeYCrossReferenceSourceInfo Dynamically created class: java.io.Closeable 
415344     DEBUG main            d.u.i.k.p.i.AbstractProblemLoader Init config took 2.48s 
415359     INFO  main            d.u.i.k.p.i.AbstractProblemLoader Replaying proof reverseArray2.key 
415361     DEBUG main            d.u.i.k.p.i.IntermediateProofReplayer Proof replay took 45.3ns 
416804     INFO  main            d.u.i.k.p.r.p.TestFile    ... finished proof: closed. 
417330     INFO  main            d.u.i.k.p.i.AbstractProblemLoader Loading environment from /home/runner/work/key/key/key.core/../key.ui/examples/standard_key/java_dl/reverseArray2.key.proof 
417331     DEBUG main            d.u.i.k.p.i.AbstractProblemLoader Environment load took 96.3ns 
417333     INFO  main            d.u.i.k.p.i.AbstractProblemLoader Creating init config 
417354     WARN  main            d.u.i.k.j.r.KeYCrossReferenceNameInfo Datatype java.lang.System declared twice: Once in FILE:/home/runner/work/key/key/key.core/../key.ui/examples/standard_key/java_dl/classpath/System.java and once in URL:file:/home/runner/work/key/key/key.core/build/resources/main/de/uka/ilkd/key/java/JavaRedux/java/lang/System.java, Keeping one from URL:file:/home/runner/work/key/key/key.core/build/resources/main/de/uka/ilkd/key/java/JavaRedux/java/lang/System.java 
417354     WARN  main            d.u.i.k.j.r.KeYCrossReferenceNameInfo Datatype java.io.InputStream declared twice: Once in FILE:/home/runner/work/key/key/key.core/../key.ui/examples/standard_key/java_dl/classpath/InputStream.java and once in URL:file:/home/runner/work/key/key/key.core/build/resources/main/de/uka/ilkd/key/java/JavaRedux/java/io/InputStream.java, Keeping one from URL:file:/home/runner/work/key/key/key.core/build/resources/main/de/uka/ilkd/key/java/JavaRedux/java/io/InputStream.java 
417354     WARN  main            d.u.i.k.j.r.KeYCrossReferenceNameInfo Datatype java.io.PrintStream declared twice: Once in FILE:/home/runner/work/key/key/key.core/../key.ui/examples/standard_key/java_dl/classpath/PrintStream.java and once in URL:file:/home/runner/work/key/key/key.core/build/resources/main/de/uka/ilkd/key/java/JavaRedux/java/io/PrintStream.java, Keeping one from URL:file:/home/runner/work/key/key/key.core/build/resources/main/de/uka/ilkd/key/java/JavaRedux/java/io/PrintStream.java 
417359     DEBUG main            d.u.i.k.j.r.ClassFileDeclarationBuilder Parsing: package java.io; public class Closeable { } 
417359     DEBUG main            r.s.KeYCrossReferenceSourceInfo Dynamically created class: java.io.Closeable 
419716     DEBUG main            d.u.i.k.p.i.AbstractProblemLoader Init config took 2.38s 
419732     INFO  main            d.u.i.k.p.i.AbstractProblemLoader Replaying proof reverseArray2.key.proof 
419959     DEBUG main            d.u.i.k.p.i.IntermediateProofReplayer Proof replay took 222.51ms 
419961     DEBUG main            d.u.i.k.p.r.p.TestFile    ... success: reloaded. 
419962     INFO  main            d.u.i.k.p.r.p.TestFile    Now processing file /home/runner/work/key/key/key.core/../key.ui/examples/standard_key/java_dl/simpleAssignment.key 
419962     INFO  main            d.u.i.k.p.i.AbstractProblemLoader Loading environment from /home/runner/work/key/key/key.core/../key.ui/examples/standard_key/java_dl/simpleAssignment.key 
419962     DEBUG main            d.u.i.k.p.i.AbstractProblemLoader Environment load took 79.5ns 
419963     INFO  main            d.u.i.k.p.i.AbstractProblemLoader Creating init config 
422220     DEBUG main            d.u.i.k.p.i.AbstractProblemLoader Init config took 2.26s 
422233     INFO  main            d.u.i.k.p.i.AbstractProblemLoader Replaying proof simpleAssignment.key 
422235     DEBUG main            d.u.i.k.p.i.IntermediateProofReplayer Proof replay took 3.4ns 
422336     INFO  main            d.u.i.k.p.r.p.TestFile    ... finished proof: closed. 
422845     INFO  main            d.u.i.k.p.i.AbstractProblemLoader Loading environment from /home/runner/work/key/key/key.core/../key.ui/examples/standard_key/java_dl/simpleAssignment.key.proof 
422845     DEBUG main            d.u.i.k.p.i.AbstractProblemLoader Environment load took 89.7ns 
422846     INFO  main            d.u.i.k.p.i.AbstractProblemLoader Creating init config 
425041     DEBUG main            d.u.i.k.p.i.AbstractProblemLoader Init config took 2.19s 
425055     INFO  main            d.u.i.k.p.i.AbstractProblemLoader Replaying proof simpleAssignment.key.proof 
425057     DEBUG main            d.u.i.k.p.i.IntermediateProofReplayer Proof replay took 690.81ns 
425057     DEBUG main            d.u.i.k.p.r.p.TestFile    ... success: reloaded. 
425058     INFO  main            d.u.i.k.p.r.p.TestFile    Now processing file /home/runner/work/key/key/key.core/../key.ui/examples/standard_key/java_dl/simpleAssignment2.key 
425058     INFO  main            d.u.i.k.p.i.AbstractProblemLoader Loading environment from /home/runner/work/key/key/key.core/../key.ui/examples/standard_key/java_dl/simpleAssignment2.key 
425058     DEBUG main            d.u.i.k.p.i.AbstractProblemLoader Environment load took 64.5ns 
425059     INFO  main            d.u.i.k.p.i.AbstractProblemLoader Creating init config 
427298     DEBUG main            d.u.i.k.p.i.AbstractProblemLoader Init config took 2.24s 
427312     INFO  main            d.u.i.k.p.i.AbstractProblemLoader Replaying proof simpleAssignment2.key 
427314     DEBUG main            d.u.i.k.p.i.IntermediateProofReplayer Proof replay took 3.4ns 
427417     INFO  main            d.u.i.k.p.r.p.TestFile    ... finished proof: closed. 
427890     INFO  main            d.u.i.k.p.i.AbstractProblemLoader Loading environment from /home/runner/work/key/key/key.core/../key.ui/examples/standard_key/java_dl/simpleAssignment2.key.proof 
427890     DEBUG main            d.u.i.k.p.i.AbstractProblemLoader Environment load took 93.1ns 
427891     INFO  main            d.u.i.k.p.i.AbstractProblemLoader Creating init config 
430101     DEBUG main            d.u.i.k.p.i.AbstractProblemLoader Init config took 2.21s 
430114     INFO  main            d.u.i.k.p.i.AbstractProblemLoader Replaying proof simpleAssignment2.key.proof 
430116     DEBUG main            d.u.i.k.p.i.IntermediateProofReplayer Proof replay took 399.11ns 
430116     DEBUG main            d.u.i.k.p.r.p.TestFile    ... success: reloaded. 
430117     INFO  main            d.u.i.k.p.r.p.TestFile    Now processing file /home/runner/work/key/key/key.core/../key.ui/examples/standard_key/java_dl/splittingWithQueries.key 
430117     INFO  main            d.u.i.k.p.i.AbstractProblemLoader Loading environment from /home/runner/work/key/key/key.core/../key.ui/examples/standard_key/java_dl/splittingWithQueries.key 
430117     DEBUG main            d.u.i.k.p.i.AbstractProblemLoader Environment load took 47.5ns 
430118     INFO  main            d.u.i.k.p.i.AbstractProblemLoader Creating init config 
432406     DEBUG main            d.u.i.k.p.i.AbstractProblemLoader Init config took 2.29s 
432418     INFO  main            d.u.i.k.p.i.AbstractProblemLoader Replaying proof splittingWithQueries.key 
432420     DEBUG main            d.u.i.k.p.i.IntermediateProofReplayer Proof replay took 3.7ns 
432522     INFO  main            d.u.i.k.p.r.p.TestFile    ... finished proof: closed. 
432980     INFO  main            d.u.i.k.p.i.AbstractProblemLoader Loading environment from /home/runner/work/key/key/key.core/../key.ui/examples/standard_key/java_dl/splittingWithQueries.key.proof 
432980     DEBUG main            d.u.i.k.p.i.AbstractProblemLoader Environment load took 88.2ns 
432981     INFO  main            d.u.i.k.p.i.AbstractProblemLoader Creating init config 
435236     DEBUG main            d.u.i.k.p.i.AbstractProblemLoader Init config took 2.25s 
435252     INFO  main            d.u.i.k.p.i.AbstractProblemLoader Replaying proof splittingWithQueries.key.proof 
435256     DEBUG main            d.u.i.k.p.i.IntermediateProofReplayer Proof replay took 2.64ms 
435256     DEBUG main            d.u.i.k.p.r.p.TestFile    ... success: reloaded. 
435257     INFO  main            d.u.i.k.p.r.p.TestFile    Now processing file /home/runner/work/key/key/key.core/../key.ui/examples/standard_key/java_dl/strassen/strassen.key 
435257     INFO  main            d.u.i.k.p.i.AbstractProblemLoader Loading environment from /home/runner/work/key/key/key.core/../key.ui/examples/standard_key/java_dl/strassen/strassen.key 
435257     DEBUG main            d.u.i.k.p.i.AbstractProblemLoader Environment load took 62.7ns 
435258     INFO  main            d.u.i.k.p.i.AbstractProblemLoader Creating init config 
437638     DEBUG main            d.u.i.k.p.i.AbstractProblemLoader Init config took 2.38s 
437673     INFO  main            d.u.i.k.p.i.AbstractProblemLoader Replaying proof Matrix22[Matrix22::strassen(Matrix22,Matrix22)].JML normal_behavior operation contract.0 
437674     DEBUG main            d.u.i.k.p.i.IntermediateProofReplayer Proof replay took 2.9ns 
442589     INFO  main            d.u.i.k.p.r.p.TestFile    ... finished proof: closed. 
443199     INFO  main            d.u.i.k.p.i.AbstractProblemLoader Loading environment from /home/runner/work/key/key/key.core/../key.ui/examples/standard_key/java_dl/strassen/strassen.key.proof 
443199     DEBUG main            d.u.i.k.p.i.AbstractProblemLoader Environment load took 101.9ns 
443201     INFO  main            d.u.i.k.p.i.AbstractProblemLoader Creating init config 
445532     DEBUG main            d.u.i.k.p.i.AbstractProblemLoader Init config took 2.33s 
445566     INFO  main            d.u.i.k.p.i.AbstractProblemLoader Replaying proof Matrix22[Matrix22::strassen(Matrix22,Matrix22)].JML normal_behavior operation contract.0 
446296     DEBUG main            d.u.i.k.p.i.IntermediateProofReplayer Proof replay took 719.57ms 
446298     DEBUG main            d.u.i.k.p.r.p.TestFile    ... success: reloaded. 
446298     INFO  main            d.u.i.k.p.r.p.TestFile    Now processing file /home/runner/work/key/key/key.core/../key.ui/examples/standard_key/java_dl/symmArray.key 
446299     INFO  main            d.u.i.k.p.i.AbstractProblemLoader Loading environment from /home/runner/work/key/key/key.core/../key.ui/examples/standard_key/java_dl/symmArray.key 
446299     DEBUG main            d.u.i.k.p.i.AbstractProblemLoader Environment load took 77.4ns 
446302     INFO  main            d.u.i.k.p.i.AbstractProblemLoader Creating init config 
448714     DEBUG main            d.u.i.k.p.i.AbstractProblemLoader Init config took 2.41s 
448729     INFO  main            d.u.i.k.p.i.AbstractProblemLoader Replaying proof symmArray.key 
448730     DEBUG main            d.u.i.k.p.i.IntermediateProofReplayer Proof replay took 2.6ns 
546887     INFO  main            d.u.i.k.p.r.p.TestFile    ... finished proof: closed. 
547478     INFO  main            d.u.i.k.p.i.AbstractProblemLoader Loading environment from /home/runner/work/key/key/key.core/../key.ui/examples/standard_key/java_dl/symmArray.key.proof 
547478     DEBUG main            d.u.i.k.p.i.AbstractProblemLoader Environment load took 166.9ns 
547484     INFO  main            d.u.i.k.p.i.AbstractProblemLoader Creating init config 
549786     DEBUG main            d.u.i.k.p.i.AbstractProblemLoader Init config took 2.3s 
549803     INFO  main            d.u.i.k.p.i.AbstractProblemLoader Replaying proof symmArray.key.proof 
550918     DEBUG main            d.u.i.k.p.i.IntermediateProofReplayer Proof replay took 1.06s 
550923     DEBUG main            d.u.i.k.p.r.p.TestFile    ... success: reloaded. 
550924     INFO  main            d.u.i.k.p.r.p.TestFile    Now processing file /home/runner/work/key/key/key.core/../key.ui/examples/standard_key/java_dl/testcontext.key 
550924     INFO  main            d.u.i.k.p.i.AbstractProblemLoader Loading environment from /home/runner/work/key/key/key.core/../key.ui/examples/standard_key/java_dl/testcontext.key 
550924     DEBUG main            d.u.i.k.p.i.AbstractProblemLoader Environment load took 52.5ns 
550925     INFO  main            d.u.i.k.p.i.AbstractProblemLoader Creating init config 
550944     WARN  main            d.u.i.k.j.r.KeYCrossReferenceNameInfo Datatype java.lang.System declared twice: Once in FILE:/home/runner/work/key/key/key.core/../key.ui/examples/standard_key/java_dl/classpath/System.java and once in URL:file:/home/runner/work/key/key/key.core/build/resources/main/de/uka/ilkd/key/java/JavaRedux/java/lang/System.java, Keeping one from URL:file:/home/runner/work/key/key/key.core/build/resources/main/de/uka/ilkd/key/java/JavaRedux/java/lang/System.java 
550944     WARN  main            d.u.i.k.j.r.KeYCrossReferenceNameInfo Datatype java.io.InputStream declared twice: Once in FILE:/home/runner/work/key/key/key.core/../key.ui/examples/standard_key/java_dl/classpath/InputStream.java and once in URL:file:/home/runner/work/key/key/key.core/build/resources/main/de/uka/ilkd/key/java/JavaRedux/java/io/InputStream.java, Keeping one from URL:file:/home/runner/work/key/key/key.core/build/resources/main/de/uka/ilkd/key/java/JavaRedux/java/io/InputStream.java 
550944     WARN  main            d.u.i.k.j.r.KeYCrossReferenceNameInfo Datatype java.io.PrintStream declared twice: Once in FILE:/home/runner/work/key/key/key.core/../key.ui/examples/standard_key/java_dl/classpath/PrintStream.java and once in URL:file:/home/runner/work/key/key/key.core/build/resources/main/de/uka/ilkd/key/java/JavaRedux/java/io/PrintStream.java, Keeping one from URL:file:/home/runner/work/key/key/key.core/build/resources/main/de/uka/ilkd/key/java/JavaRedux/java/io/PrintStream.java 
550947     DEBUG main            d.u.i.k.j.r.ClassFileDeclarationBuilder Parsing: package java.io; public class Closeable { } 
550947     DEBUG main            r.s.KeYCrossReferenceSourceInfo Dynamically created class: java.io.Closeable 
553256     DEBUG main            d.u.i.k.p.i.AbstractProblemLoader Init config took 2.33s 
553270     INFO  main            d.u.i.k.p.i.AbstractProblemLoader Replaying proof testcontext.key 
553272     DEBUG main            d.u.i.k.p.i.IntermediateProofReplayer Proof replay took 3.7ns 
553574     INFO  main            d.u.i.k.p.r.p.TestFile    ... finished proof: closed. 
554161     INFO  main            d.u.i.k.p.i.AbstractProblemLoader Loading environment from /home/runner/work/key/key/key.core/../key.ui/examples/standard_key/java_dl/testcontext.key.proof 
554161     DEBUG main            d.u.i.k.p.i.AbstractProblemLoader Environment load took 93.1ns 
554162     INFO  main            d.u.i.k.p.i.AbstractProblemLoader Creating init config 
554181     WARN  main            d.u.i.k.j.r.KeYCrossReferenceNameInfo Datatype java.lang.System declared twice: Once in FILE:/home/runner/work/key/key/key.core/../key.ui/examples/standard_key/java_dl/classpath/System.java and once in URL:file:/home/runner/work/key/key/key.core/build/resources/main/de/uka/ilkd/key/java/JavaRedux/java/lang/System.java, Keeping one from URL:file:/home/runner/work/key/key/key.core/build/resources/main/de/uka/ilkd/key/java/JavaRedux/java/lang/System.java 
554181     WARN  main            d.u.i.k.j.r.KeYCrossReferenceNameInfo Datatype java.io.InputStream declared twice: Once in FILE:/home/runner/work/key/key/key.core/../key.ui/examples/standard_key/java_dl/classpath/InputStream.java and once in URL:file:/home/runner/work/key/key/key.core/build/resources/main/de/uka/ilkd/key/java/JavaRedux/java/io/InputStream.java, Keeping one from URL:file:/home/runner/work/key/key/key.core/build/resources/main/de/uka/ilkd/key/java/JavaRedux/java/io/InputStream.java 
554181     WARN  main            d.u.i.k.j.r.KeYCrossReferenceNameInfo Datatype java.io.PrintStream declared twice: Once in FILE:/home/runner/work/key/key/key.core/../key.ui/examples/standard_key/java_dl/classpath/PrintStream.java and once in URL:file:/home/runner/work/key/key/key.core/build/resources/main/de/uka/ilkd/key/java/JavaRedux/java/io/PrintStream.java, Keeping one from URL:file:/home/runner/work/key/key/key.core/build/resources/main/de/uka/ilkd/key/java/JavaRedux/java/io/PrintStream.java 
554184     DEBUG main            d.u.i.k.j.r.ClassFileDeclarationBuilder Parsing: package java.io; public class Closeable { } 
554184     DEBUG main            r.s.KeYCrossReferenceSourceInfo Dynamically created class: java.io.Closeable 
556382     DEBUG main            d.u.i.k.p.i.AbstractProblemLoader Init config took 2.22s 
556396     INFO  main            d.u.i.k.p.i.AbstractProblemLoader Replaying proof testcontext.key.proof 
556451     DEBUG main            d.u.i.k.p.i.IntermediateProofReplayer Proof replay took 51.48ms 
556452     DEBUG main            d.u.i.k.p.r.p.TestFile    ... success: reloaded. 
556452     INFO  main            d.u.i.k.p.r.p.TestFile    Now processing file /home/runner/work/key/key/key.core/../key.ui/examples/standard_key/staticInitialisation/cascadeStaticInitialisation.key 
556453     INFO  main            d.u.i.k.p.i.AbstractProblemLoader Loading environment from /home/runner/work/key/key/key.core/../key.ui/examples/standard_key/staticInitialisation/cascadeStaticInitialisation.key 
556453     DEBUG main            d.u.i.k.p.i.AbstractProblemLoader Environment load took 50.9ns 
556455     INFO  main            d.u.i.k.p.i.AbstractProblemLoader Creating init config 
556473     WARN  main            d.u.i.k.j.r.KeYCrossReferenceNameInfo Datatype java.lang.System declared twice: Once in FILE:/home/runner/work/key/key/key.core/../key.ui/examples/standard_key/staticInitialisation/classpath/System.java and once in URL:file:/home/runner/work/key/key/key.core/build/resources/main/de/uka/ilkd/key/java/JavaRedux/java/lang/System.java, Keeping one from URL:file:/home/runner/work/key/key/key.core/build/resources/main/de/uka/ilkd/key/java/JavaRedux/java/lang/System.java 
556473     WARN  main            d.u.i.k.j.r.KeYCrossReferenceNameInfo Datatype java.io.PrintStream declared twice: Once in FILE:/home/runner/work/key/key/key.core/../key.ui/examples/standard_key/staticInitialisation/classpath/PrintStream.java and once in URL:file:/home/runner/work/key/key/key.core/build/resources/main/de/uka/ilkd/key/java/JavaRedux/java/io/PrintStream.java, Keeping one from URL:file:/home/runner/work/key/key/key.core/build/resources/main/de/uka/ilkd/key/java/JavaRedux/java/io/PrintStream.java 
558757     DEBUG main            d.u.i.k.p.i.AbstractProblemLoader Init config took 2.3s 
558772     INFO  main            d.u.i.k.p.i.AbstractProblemLoader Replaying proof cascadeStaticInitialisation.key 
558773     DEBUG main            d.u.i.k.p.i.IntermediateProofReplayer Proof replay took 3.9ns 
559478     INFO  main            d.u.i.k.p.r.p.TestFile    ... finished proof: closed. 
559990     INFO  main            d.u.i.k.p.i.AbstractProblemLoader Loading environment from /home/runner/work/key/key/key.core/../key.ui/examples/standard_key/staticInitialisation/cascadeStaticInitialisation.key.proof 
559990     DEBUG main            d.u.i.k.p.i.AbstractProblemLoader Environment load took 95.8ns 
559991     INFO  main            d.u.i.k.p.i.AbstractProblemLoader Creating init config 
560010     WARN  main            d.u.i.k.j.r.KeYCrossReferenceNameInfo Datatype java.lang.System declared twice: Once in FILE:/home/runner/work/key/key/key.core/../key.ui/examples/standard_key/staticInitialisation/classpath/System.java and once in URL:file:/home/runner/work/key/key/key.core/build/resources/main/de/uka/ilkd/key/java/JavaRedux/java/lang/System.java, Keeping one from URL:file:/home/runner/work/key/key/key.core/build/resources/main/de/uka/ilkd/key/java/JavaRedux/java/lang/System.java 
560011     WARN  main            d.u.i.k.j.r.KeYCrossReferenceNameInfo Datatype java.io.PrintStream declared twice: Once in FILE:/home/runner/work/key/key/key.core/../key.ui/examples/standard_key/staticInitialisation/classpath/PrintStream.java and once in URL:file:/home/runner/work/key/key/key.core/build/resources/main/de/uka/ilkd/key/java/JavaRedux/java/io/PrintStream.java, Keeping one from URL:file:/home/runner/work/key/key/key.core/build/resources/main/de/uka/ilkd/key/java/JavaRedux/java/io/PrintStream.java 
562297     DEBUG main            d.u.i.k.p.i.AbstractProblemLoader Init config took 2.31s 
562311     INFO  main            d.u.i.k.p.i.AbstractProblemLoader Replaying proof cascadeStaticInitialisation.key.proof 
562451     DEBUG main            d.u.i.k.p.i.IntermediateProofReplayer Proof replay took 136.46ms 
562452     DEBUG main            d.u.i.k.p.r.p.TestFile    ... success: reloaded. 
562453     INFO  main            d.u.i.k.p.r.p.TestFile    Now processing file /home/runner/work/key/key/key.core/../key.ui/examples/standard_key/staticInitialisation/erroneousClassImpliesErroneousSubclass.key 
562453     INFO  main            d.u.i.k.p.i.AbstractProblemLoader Loading environment from /home/runner/work/key/key/key.core/../key.ui/examples/standard_key/staticInitialisation/erroneousClassImpliesErroneousSubclass.key 
562453     DEBUG main            d.u.i.k.p.i.AbstractProblemLoader Environment load took 64.2ns 
562454     INFO  main            d.u.i.k.p.i.AbstractProblemLoader Creating init config 
562473     WARN  main            d.u.i.k.j.r.KeYCrossReferenceNameInfo Datatype java.lang.System declared twice: Once in FILE:/home/runner/work/key/key/key.core/../key.ui/examples/standard_key/staticInitialisation/classpath/System.java and once in URL:file:/home/runner/work/key/key/key.core/build/resources/main/de/uka/ilkd/key/java/JavaRedux/java/lang/System.java, Keeping one from URL:file:/home/runner/work/key/key/key.core/build/resources/main/de/uka/ilkd/key/java/JavaRedux/java/lang/System.java 
562473     WARN  main            d.u.i.k.j.r.KeYCrossReferenceNameInfo Datatype java.io.PrintStream declared twice: Once in FILE:/home/runner/work/key/key/key.core/../key.ui/examples/standard_key/staticInitialisation/classpath/PrintStream.java and once in URL:file:/home/runner/work/key/key/key.core/build/resources/main/de/uka/ilkd/key/java/JavaRedux/java/io/PrintStream.java, Keeping one from URL:file:/home/runner/work/key/key/key.core/build/resources/main/de/uka/ilkd/key/java/JavaRedux/java/io/PrintStream.java 
564746     DEBUG main            d.u.i.k.p.i.AbstractProblemLoader Init config took 2.29s 
564759     INFO  main            d.u.i.k.p.i.AbstractProblemLoader Replaying proof erroneousClassImpliesErroneousSubclass.key 
564760     DEBUG main            d.u.i.k.p.i.IntermediateProofReplayer Proof replay took 3.8ns 
564863     INFO  main            d.u.i.k.p.r.p.TestFile    ... finished proof: closed. 
565391     INFO  main            d.u.i.k.p.i.AbstractProblemLoader Loading environment from /home/runner/work/key/key/key.core/../key.ui/examples/standard_key/staticInitialisation/erroneousClassImpliesErroneousSubclass.key.proof 
565391     DEBUG main            d.u.i.k.p.i.AbstractProblemLoader Environment load took 92.4ns 
565392     INFO  main            d.u.i.k.p.i.AbstractProblemLoader Creating init config 
565411     WARN  main            d.u.i.k.j.r.KeYCrossReferenceNameInfo Datatype java.lang.System declared twice: Once in FILE:/home/runner/work/key/key/key.core/../key.ui/examples/standard_key/staticInitialisation/classpath/System.java and once in URL:file:/home/runner/work/key/key/key.core/build/resources/main/de/uka/ilkd/key/java/JavaRedux/java/lang/System.java, Keeping one from URL:file:/home/runner/work/key/key/key.core/build/resources/main/de/uka/ilkd/key/java/JavaRedux/java/lang/System.java 
565411     WARN  main            d.u.i.k.j.r.KeYCrossReferenceNameInfo Datatype java.io.PrintStream declared twice: Once in FILE:/home/runner/work/key/key/key.core/../key.ui/examples/standard_key/staticInitialisation/classpath/PrintStream.java and once in URL:file:/home/runner/work/key/key/key.core/build/resources/main/de/uka/ilkd/key/java/JavaRedux/java/io/PrintStream.java, Keeping one from URL:file:/home/runner/work/key/key/key.core/build/resources/main/de/uka/ilkd/key/java/JavaRedux/java/io/PrintStream.java 
567623     DEBUG main            d.u.i.k.p.i.AbstractProblemLoader Init config took 2.23s 
567636     INFO  main            d.u.i.k.p.i.AbstractProblemLoader Replaying proof erroneousClassImpliesErroneousSubclass.key.proof 
567638     DEBUG main            d.u.i.k.p.i.IntermediateProofReplayer Proof replay took 472ns 
567639     DEBUG main            d.u.i.k.p.r.p.TestFile    ... success: reloaded. 
567639     INFO  main            d.u.i.k.p.r.p.TestFile    Now processing file /home/runner/work/key/key/key.core/../key.ui/examples/standard_key/staticInitialisation/initializedSubclassImpliesInitializedSuperclass.key 
567640     INFO  main            d.u.i.k.p.i.AbstractProblemLoader Loading environment from /home/runner/work/key/key/key.core/../key.ui/examples/standard_key/staticInitialisation/initializedSubclassImpliesInitializedSuperclass.key 
567640     DEBUG main            d.u.i.k.p.i.AbstractProblemLoader Environment load took 63.1ns 
567641     INFO  main            d.u.i.k.p.i.AbstractProblemLoader Creating init config 
567658     WARN  main            d.u.i.k.j.r.KeYCrossReferenceNameInfo Datatype java.lang.System declared twice: Once in FILE:/home/runner/work/key/key/key.core/../key.ui/examples/standard_key/staticInitialisation/classpath/System.java and once in URL:file:/home/runner/work/key/key/key.core/build/resources/main/de/uka/ilkd/key/java/JavaRedux/java/lang/System.java, Keeping one from URL:file:/home/runner/work/key/key/key.core/build/resources/main/de/uka/ilkd/key/java/JavaRedux/java/lang/System.java 
567658     WARN  main            d.u.i.k.j.r.KeYCrossReferenceNameInfo Datatype java.io.PrintStream declared twice: Once in FILE:/home/runner/work/key/key/key.core/../key.ui/examples/standard_key/staticInitialisation/classpath/PrintStream.java and once in URL:file:/home/runner/work/key/key/key.core/build/resources/main/de/uka/ilkd/key/java/JavaRedux/java/io/PrintStream.java, Keeping one from URL:file:/home/runner/work/key/key/key.core/build/resources/main/de/uka/ilkd/key/java/JavaRedux/java/io/PrintStream.java 
569882     DEBUG main            d.u.i.k.p.i.AbstractProblemLoader Init config took 2.24s 
569895     INFO  main            d.u.i.k.p.i.AbstractProblemLoader Replaying proof initializedSubclassImpliesInitializedSuperclass.key 
569896     DEBUG main            d.u.i.k.p.i.IntermediateProofReplayer Proof replay took 3ns 
569997     INFO  main            d.u.i.k.p.r.p.TestFile    ... finished proof: closed. 
570496     INFO  main            d.u.i.k.p.i.AbstractProblemLoader Loading environment from /home/runner/work/key/key/key.core/../key.ui/examples/standard_key/staticInitialisation/initializedSubclassImpliesInitializedSuperclass.key.proof 
570496     DEBUG main            d.u.i.k.p.i.AbstractProblemLoader Environment load took 91ns 
570497     INFO  main            d.u.i.k.p.i.AbstractProblemLoader Creating init config 
570516     WARN  main            d.u.i.k.j.r.KeYCrossReferenceNameInfo Datatype java.lang.System declared twice: Once in FILE:/home/runner/work/key/key/key.core/../key.ui/examples/standard_key/staticInitialisation/classpath/System.java and once in URL:file:/home/runner/work/key/key/key.core/build/resources/main/de/uka/ilkd/key/java/JavaRedux/java/lang/System.java, Keeping one from URL:file:/home/runner/work/key/key/key.core/build/resources/main/de/uka/ilkd/key/java/JavaRedux/java/lang/System.java 
570516     WARN  main            d.u.i.k.j.r.KeYCrossReferenceNameInfo Datatype java.io.PrintStream declared twice: Once in FILE:/home/runner/work/key/key/key.core/../key.ui/examples/standard_key/staticInitialisation/classpath/PrintStream.java and once in URL:file:/home/runner/work/key/key/key.core/build/resources/main/de/uka/ilkd/key/java/JavaRedux/java/io/PrintStream.java, Keeping one from URL:file:/home/runner/work/key/key/key.core/build/resources/main/de/uka/ilkd/key/java/JavaRedux/java/io/PrintStream.java 
572727     DEBUG main            d.u.i.k.p.i.AbstractProblemLoader Init config took 2.23s 
572740     INFO  main            d.u.i.k.p.i.AbstractProblemLoader Replaying proof initializedSubclassImpliesInitializedSuperclass.key.proof 
572741     DEBUG main            d.u.i.k.p.i.IntermediateProofReplayer Proof replay took 404.7ns 
572742     DEBUG main            d.u.i.k.p.r.p.TestFile    ... success: reloaded. 
572743     INFO  main            d.u.i.k.p.r.p.TestFile    Now processing file /home/runner/work/key/key/key.core/../key.ui/examples/standard_key/staticInitialisation/localDeclared.key 
572743     INFO  main            d.u.i.k.p.i.AbstractProblemLoader Loading environment from /home/runner/work/key/key/key.core/../key.ui/examples/standard_key/staticInitialisation/localDeclared.key 
572743     DEBUG main            d.u.i.k.p.i.AbstractProblemLoader Environment load took 73.8ns 
572745     INFO  main            d.u.i.k.p.i.AbstractProblemLoader Creating init config 
572763     WARN  main            d.u.i.k.j.r.KeYCrossReferenceNameInfo Datatype java.lang.System declared twice: Once in FILE:/home/runner/work/key/key/key.core/../key.ui/examples/standard_key/staticInitialisation/classpath/System.java and once in URL:file:/home/runner/work/key/key/key.core/build/resources/main/de/uka/ilkd/key/java/JavaRedux/java/lang/System.java, Keeping one from URL:file:/home/runner/work/key/key/key.core/build/resources/main/de/uka/ilkd/key/java/JavaRedux/java/lang/System.java 
572763     WARN  main            d.u.i.k.j.r.KeYCrossReferenceNameInfo Datatype java.io.PrintStream declared twice: Once in FILE:/home/runner/work/key/key/key.core/../key.ui/examples/standard_key/staticInitialisation/classpath/PrintStream.java and once in URL:file:/home/runner/work/key/key/key.core/build/resources/main/de/uka/ilkd/key/java/JavaRedux/java/io/PrintStream.java, Keeping one from URL:file:/home/runner/work/key/key/key.core/build/resources/main/de/uka/ilkd/key/java/JavaRedux/java/io/PrintStream.java 
574994     DEBUG main            d.u.i.k.p.i.AbstractProblemLoader Init config took 2.25s 
575008     INFO  main            d.u.i.k.p.i.AbstractProblemLoader Replaying proof localDeclared.key 
575009     DEBUG main            d.u.i.k.p.i.IntermediateProofReplayer Proof replay took 3.4ns 
575313     INFO  main            d.u.i.k.p.r.p.TestFile    ... finished proof: closed. 
575823     INFO  main            d.u.i.k.p.i.AbstractProblemLoader Loading environment from /home/runner/work/key/key/key.core/../key.ui/examples/standard_key/staticInitialisation/localDeclared.key.proof 
575823     DEBUG main            d.u.i.k.p.i.AbstractProblemLoader Environment load took 89ns 
575824     INFO  main            d.u.i.k.p.i.AbstractProblemLoader Creating init config 
575842     WARN  main            d.u.i.k.j.r.KeYCrossReferenceNameInfo Datatype java.lang.System declared twice: Once in FILE:/home/runner/work/key/key/key.core/../key.ui/examples/standard_key/staticInitialisation/classpath/System.java and once in URL:file:/home/runner/work/key/key/key.core/build/resources/main/de/uka/ilkd/key/java/JavaRedux/java/lang/System.java, Keeping one from URL:file:/home/runner/work/key/key/key.core/build/resources/main/de/uka/ilkd/key/java/JavaRedux/java/lang/System.java 
575842     WARN  main            d.u.i.k.j.r.KeYCrossReferenceNameInfo Datatype java.io.PrintStream declared twice: Once in FILE:/home/runner/work/key/key/key.core/../key.ui/examples/standard_key/staticInitialisation/classpath/PrintStream.java and once in URL:file:/home/runner/work/key/key/key.core/build/resources/main/de/uka/ilkd/key/java/JavaRedux/java/io/PrintStream.java, Keeping one from URL:file:/home/runner/work/key/key/key.core/build/resources/main/de/uka/ilkd/key/java/JavaRedux/java/io/PrintStream.java 
578050     DEBUG main            d.u.i.k.p.i.AbstractProblemLoader Init config took 2.23s 
578064     INFO  main            d.u.i.k.p.i.AbstractProblemLoader Replaying proof localDeclared.key.proof 
578119     DEBUG main            d.u.i.k.p.i.IntermediateProofReplayer Proof replay took 52.46ms 
578120     DEBUG main            d.u.i.k.p.r.p.TestFile    ... success: reloaded. 
578121     INFO  main            d.u.i.k.p.r.p.TestFile    Now processing file /home/runner/work/key/key/key.core/../key.ui/examples/standard_key/staticInitialisation/localDeclaredMethod.key 
578121     INFO  main            d.u.i.k.p.i.AbstractProblemLoader Loading environment from /home/runner/work/key/key/key.core/../key.ui/examples/standard_key/staticInitialisation/localDeclaredMethod.key 
578121     DEBUG main            d.u.i.k.p.i.AbstractProblemLoader Environment load took 92.9ns 
578123     INFO  main            d.u.i.k.p.i.AbstractProblemLoader Creating init config 
578141     WARN  main            d.u.i.k.j.r.KeYCrossReferenceNameInfo Datatype java.lang.System declared twice: Once in FILE:/home/runner/work/key/key/key.core/../key.ui/examples/standard_key/staticInitialisation/classpath/System.java and once in URL:file:/home/runner/work/key/key/key.core/build/resources/main/de/uka/ilkd/key/java/JavaRedux/java/lang/System.java, Keeping one from URL:file:/home/runner/work/key/key/key.core/build/resources/main/de/uka/ilkd/key/java/JavaRedux/java/lang/System.java 
578141     WARN  main            d.u.i.k.j.r.KeYCrossReferenceNameInfo Datatype java.io.PrintStream declared twice: Once in FILE:/home/runner/work/key/key/key.core/../key.ui/examples/standard_key/staticInitialisation/classpath/PrintStream.java and once in URL:file:/home/runner/work/key/key/key.core/build/resources/main/de/uka/ilkd/key/java/JavaRedux/java/io/PrintStream.java, Keeping one from URL:file:/home/runner/work/key/key/key.core/build/resources/main/de/uka/ilkd/key/java/JavaRedux/java/io/PrintStream.java 
580429     DEBUG main            d.u.i.k.p.i.AbstractProblemLoader Init config took 2.31s 
580443     INFO  main            d.u.i.k.p.i.AbstractProblemLoader Replaying proof localDeclaredMethod.key 
580444     DEBUG main            d.u.i.k.p.i.IntermediateProofReplayer Proof replay took 2.6ns 
580747     INFO  main            d.u.i.k.p.r.p.TestFile    ... finished proof: closed. 
581271     INFO  main            d.u.i.k.p.i.AbstractProblemLoader Loading environment from /home/runner/work/key/key/key.core/../key.ui/examples/standard_key/staticInitialisation/localDeclaredMethod.key.proof 
581271     DEBUG main            d.u.i.k.p.i.AbstractProblemLoader Environment load took 112.2ns 
581272     INFO  main            d.u.i.k.p.i.AbstractProblemLoader Creating init config 
581291     WARN  main            d.u.i.k.j.r.KeYCrossReferenceNameInfo Datatype java.lang.System declared twice: Once in FILE:/home/runner/work/key/key/key.core/../key.ui/examples/standard_key/staticInitialisation/classpath/System.java and once in URL:file:/home/runner/work/key/key/key.core/build/resources/main/de/uka/ilkd/key/java/JavaRedux/java/lang/System.java, Keeping one from URL:file:/home/runner/work/key/key/key.core/build/resources/main/de/uka/ilkd/key/java/JavaRedux/java/lang/System.java 
581292     WARN  main            d.u.i.k.j.r.KeYCrossReferenceNameInfo Datatype java.io.PrintStream declared twice: Once in FILE:/home/runner/work/key/key/key.core/../key.ui/examples/standard_key/staticInitialisation/classpath/PrintStream.java and once in URL:file:/home/runner/work/key/key/key.core/build/resources/main/de/uka/ilkd/key/java/JavaRedux/java/io/PrintStream.java, Keeping one from URL:file:/home/runner/work/key/key/key.core/build/resources/main/de/uka/ilkd/key/java/JavaRedux/java/io/PrintStream.java 
583493     DEBUG main            d.u.i.k.p.i.AbstractProblemLoader Init config took 2.22s 
583507     INFO  main            d.u.i.k.p.i.AbstractProblemLoader Replaying proof localDeclaredMethod.key.proof 
583558     DEBUG main            d.u.i.k.p.i.IntermediateProofReplayer Proof replay took 48.55ms 
583559     DEBUG main            d.u.i.k.p.r.p.TestFile    ... success: reloaded. 
583560     INFO  main            d.u.i.k.p.r.p.TestFile    Now processing file /home/runner/work/key/key/key.core/../key.ui/examples/standard_key/staticInitialisation/objectOfErroneousClass.key 
583560     INFO  main            d.u.i.k.p.i.AbstractProblemLoader Loading environment from /home/runner/work/key/key/key.core/../key.ui/examples/standard_key/staticInitialisation/objectOfErroneousClass.key 
583560     DEBUG main            d.u.i.k.p.i.AbstractProblemLoader Environment load took 67.5ns 
583561     INFO  main            d.u.i.k.p.i.AbstractProblemLoader Creating init config 
583579     WARN  main            d.u.i.k.j.r.KeYCrossReferenceNameInfo Datatype java.lang.System declared twice: Once in FILE:/home/runner/work/key/key/key.core/../key.ui/examples/standard_key/staticInitialisation/classpath/System.java and once in URL:file:/home/runner/work/key/key/key.core/build/resources/main/de/uka/ilkd/key/java/JavaRedux/java/lang/System.java, Keeping one from URL:file:/home/runner/work/key/key/key.core/build/resources/main/de/uka/ilkd/key/java/JavaRedux/java/lang/System.java 
583580     WARN  main            d.u.i.k.j.r.KeYCrossReferenceNameInfo Datatype java.io.PrintStream declared twice: Once in FILE:/home/runner/work/key/key/key.core/../key.ui/examples/standard_key/staticInitialisation/classpath/PrintStream.java and once in URL:file:/home/runner/work/key/key/key.core/build/resources/main/de/uka/ilkd/key/java/JavaRedux/java/io/PrintStream.java, Keeping one from URL:file:/home/runner/work/key/key/key.core/build/resources/main/de/uka/ilkd/key/java/JavaRedux/java/io/PrintStream.java 
585880     DEBUG main            d.u.i.k.p.i.AbstractProblemLoader Init config took 2.32s 
585896     INFO  main            d.u.i.k.p.i.AbstractProblemLoader Replaying proof objectOfErroneousClass.key 
585898     DEBUG main            d.u.i.k.p.i.IntermediateProofReplayer Proof replay took 3.6ns 
599093     INFO  main            d.u.i.k.p.r.p.TestFile    ... finished proof: closed. 
599697     INFO  main            d.u.i.k.p.i.AbstractProblemLoader Loading environment from /home/runner/work/key/key/key.core/../key.ui/examples/standard_key/staticInitialisation/objectOfErroneousClass.key.proof 
599697     DEBUG main            d.u.i.k.p.i.AbstractProblemLoader Environment load took 107.6ns 
599700     INFO  main            d.u.i.k.p.i.AbstractProblemLoader Creating init config 
599719     WARN  main            d.u.i.k.j.r.KeYCrossReferenceNameInfo Datatype java.lang.System declared twice: Once in FILE:/home/runner/work/key/key/key.core/../key.ui/examples/standard_key/staticInitialisation/classpath/System.java and once in URL:file:/home/runner/work/key/key/key.core/build/resources/main/de/uka/ilkd/key/java/JavaRedux/java/lang/System.java, Keeping one from URL:file:/home/runner/work/key/key/key.core/build/resources/main/de/uka/ilkd/key/java/JavaRedux/java/lang/System.java 
599719     WARN  main            d.u.i.k.j.r.KeYCrossReferenceNameInfo Datatype java.io.PrintStream declared twice: Once in FILE:/home/runner/work/key/key/key.core/../key.ui/examples/standard_key/staticInitialisation/classpath/PrintStream.java and once in URL:file:/home/runner/work/key/key/key.core/build/resources/main/de/uka/ilkd/key/java/JavaRedux/java/io/PrintStream.java, Keeping one from URL:file:/home/runner/work/key/key/key.core/build/resources/main/de/uka/ilkd/key/java/JavaRedux/java/io/PrintStream.java 
601924     DEBUG main            d.u.i.k.p.i.AbstractProblemLoader Init config took 2.22s 
601939     INFO  main            d.u.i.k.p.i.AbstractProblemLoader Replaying proof objectOfErroneousClass.key.proof 
604022     DEBUG main            d.u.i.k.p.i.IntermediateProofReplayer Proof replay took 2.05s 
604025     DEBUG main            d.u.i.k.p.r.p.TestFile    ... success: reloaded. 
604026     INFO  main            d.u.i.k.p.r.p.TestFile    Now processing file /home/runner/work/key/key/key.core/../key.ui/examples/standard_key/staticInitialisation/staticInitialisersAreNonSimple.key 
604026     INFO  main            d.u.i.k.p.i.AbstractProblemLoader Loading environment from /home/runner/work/key/key/key.core/../key.ui/examples/standard_key/staticInitialisation/staticInitialisersAreNonSimple.key 
604026     DEBUG main            d.u.i.k.p.i.AbstractProblemLoader Environment load took 87.6ns 
604028     INFO  main            d.u.i.k.p.i.AbstractProblemLoader Creating init config 
604046     WARN  main            d.u.i.k.j.r.KeYCrossReferenceNameInfo Datatype java.lang.System declared twice: Once in FILE:/home/runner/work/key/key/key.core/../key.ui/examples/standard_key/staticInitialisation/classpath/System.java and once in URL:file:/home/runner/work/key/key/key.core/build/resources/main/de/uka/ilkd/key/java/JavaRedux/java/lang/System.java, Keeping one from URL:file:/home/runner/work/key/key/key.core/build/resources/main/de/uka/ilkd/key/java/JavaRedux/java/lang/System.java 
604046     WARN  main            d.u.i.k.j.r.KeYCrossReferenceNameInfo Datatype java.io.PrintStream declared twice: Once in FILE:/home/runner/work/key/key/key.core/../key.ui/examples/standard_key/staticInitialisation/classpath/PrintStream.java and once in URL:file:/home/runner/work/key/key/key.core/build/resources/main/de/uka/ilkd/key/java/JavaRedux/java/io/PrintStream.java, Keeping one from URL:file:/home/runner/work/key/key/key.core/build/resources/main/de/uka/ilkd/key/java/JavaRedux/java/io/PrintStream.java 
606318     DEBUG main            d.u.i.k.p.i.AbstractProblemLoader Init config took 2.29s 
606333     INFO  main            d.u.i.k.p.i.AbstractProblemLoader Replaying proof staticInitialisersAreNonSimple.key 
606334     DEBUG main            d.u.i.k.p.i.IntermediateProofReplayer Proof replay took 3.7ns 
606637     INFO  main            d.u.i.k.p.r.p.TestFile    ... finished proof: closed. 
607244     INFO  main            d.u.i.k.p.i.AbstractProblemLoader Loading environment from /home/runner/work/key/key/key.core/../key.ui/examples/standard_key/staticInitialisation/staticInitialisersAreNonSimple.key.proof 
607244     DEBUG main            d.u.i.k.p.i.AbstractProblemLoader Environment load took 92ns 
607246     INFO  main            d.u.i.k.p.i.AbstractProblemLoader Creating init config 
607265     WARN  main            d.u.i.k.j.r.KeYCrossReferenceNameInfo Datatype java.lang.System declared twice: Once in FILE:/home/runner/work/key/key/key.core/../key.ui/examples/standard_key/staticInitialisation/classpath/System.java and once in URL:file:/home/runner/work/key/key/key.core/build/resources/main/de/uka/ilkd/key/java/JavaRedux/java/lang/System.java, Keeping one from URL:file:/home/runner/work/key/key/key.core/build/resources/main/de/uka/ilkd/key/java/JavaRedux/java/lang/System.java 
607265     WARN  main            d.u.i.k.j.r.KeYCrossReferenceNameInfo Datatype java.io.PrintStream declared twice: Once in FILE:/home/runner/work/key/key/key.core/../key.ui/examples/standard_key/staticInitialisation/classpath/PrintStream.java and once in URL:file:/home/runner/work/key/key/key.core/build/resources/main/de/uka/ilkd/key/java/JavaRedux/java/io/PrintStream.java, Keeping one from URL:file:/home/runner/work/key/key/key.core/build/resources/main/de/uka/ilkd/key/java/JavaRedux/java/io/PrintStream.java 
609546     DEBUG main            d.u.i.k.p.i.AbstractProblemLoader Init config took 2.3s 
609561     INFO  main            d.u.i.k.p.i.AbstractProblemLoader Replaying proof staticInitialisersAreNonSimple.key.proof 
609635     DEBUG main            d.u.i.k.p.i.IntermediateProofReplayer Proof replay took 72.58ms 
609637     DEBUG main            d.u.i.k.p.r.p.TestFile    ... success: reloaded. 
609638     INFO  main            d.u.i.k.p.r.p.TestFile    Now processing file /home/runner/work/key/key/key.core/../key.ui/examples/standard_key/types/disjoint.key 
609638     INFO  main            d.u.i.k.p.i.AbstractProblemLoader Loading environment from /home/runner/work/key/key/key.core/../key.ui/examples/standard_key/types/disjoint.key 
609638     DEBUG main            d.u.i.k.p.i.AbstractProblemLoader Environment load took 49.9ns 
609639     INFO  main            d.u.i.k.p.i.AbstractProblemLoader Creating init config 
611842     DEBUG main            d.u.i.k.p.i.AbstractProblemLoader Init config took 2.2s 
611855     INFO  main            d.u.i.k.p.i.AbstractProblemLoader Replaying proof disjoint.key 
611856     DEBUG main            d.u.i.k.p.i.IntermediateProofReplayer Proof replay took 2.8ns 
611959     INFO  main            d.u.i.k.p.r.p.TestFile    ... finished proof: closed. 
612504     INFO  main            d.u.i.k.p.i.AbstractProblemLoader Loading environment from /home/runner/work/key/key/key.core/../key.ui/examples/standard_key/types/disjoint.key.proof 
612504     DEBUG main            d.u.i.k.p.i.AbstractProblemLoader Environment load took 96.3ns 
612505     INFO  main            d.u.i.k.p.i.AbstractProblemLoader Creating init config 
614667     DEBUG main            d.u.i.k.p.i.AbstractProblemLoader Init config took 2.16s 
614680     INFO  main            d.u.i.k.p.i.AbstractProblemLoader Replaying proof disjoint.key.proof 
614682     DEBUG main            d.u.i.k.p.i.IntermediateProofReplayer Proof replay took 452.31ns 
614682     DEBUG main            d.u.i.k.p.r.p.TestFile    ... success: reloaded. 
614683     INFO  main            d.u.i.k.p.r.p.TestFile    Now processing file /home/runner/work/key/key/key.core/../key.ui/examples/../../key.core/src/test/resources/testcase/classpath/classpath.key 
614683     INFO  main            d.u.i.k.p.i.AbstractProblemLoader Loading environment from /home/runner/work/key/key/key.core/../key.ui/examples/../../key.core/src/test/resources/testcase/classpath/classpath.key 
614683     DEBUG main            d.u.i.k.p.i.AbstractProblemLoader Environment load took 106.5ns 
614684     INFO  main            d.u.i.k.p.i.AbstractProblemLoader Creating init config 
614704     WARN  main            d.u.i.k.j.r.KeYCrossReferenceNameInfo Datatype cp.C declared twice: Once in FILE:/home/runner/work/key/key/key.core/../key.ui/examples/../../key.core/src/test/resources/testcase/classpath/classpath/C.class and once in FILE:/home/runner/work/key/key/key.core/../key.ui/examples/../../key.core/src/test/resources/testcase/classpath/classpath/C.jml, Keeping one from FILE:/home/runner/work/key/key/key.core/../key.ui/examples/../../key.core/src/test/resources/testcase/classpath/classpath/C.jml 
614707     DEBUG main            d.u.i.k.j.r.ClassFileDeclarationBuilder Parsing: package cp; public class Unresolved1 { } 
614708     DEBUG main            r.s.KeYCrossReferenceSourceInfo Dynamically created class: cp.Unresolved1 
614708     DEBUG main            d.u.i.k.j.r.ClassFileDeclarationBuilder Parsing: package cp; public class Unresolved2 { } 
614708     DEBUG main            r.s.KeYCrossReferenceSourceInfo Dynamically created class: cp.Unresolved2 
617032     DEBUG main            d.u.i.k.p.i.AbstractProblemLoader Init config took 2.35s 
617047     INFO  main            d.u.i.k.p.i.AbstractProblemLoader Replaying proof classpath.key 
617048     DEBUG main            d.u.i.k.p.i.IntermediateProofReplayer Proof replay took 3.3ns 
617149     INFO  main            d.u.i.k.p.r.p.TestFile    ... finished proof: closed. 
617686     INFO  main            d.u.i.k.p.i.AbstractProblemLoader Loading environment from /home/runner/work/key/key/key.core/../key.ui/examples/../../key.core/src/test/resources/testcase/classpath/classpath.key.proof 
617687     DEBUG main            d.u.i.k.p.i.AbstractProblemLoader Environment load took 84ns 
617687     INFO  main            d.u.i.k.p.i.AbstractProblemLoader Creating init config 
617713     WARN  main            d.u.i.k.j.r.KeYCrossReferenceNameInfo Datatype cp.C declared twice: Once in FILE:/home/runner/work/key/key/key.core/../key.ui/examples/../../key.core/src/test/resources/testcase/classpath/classpath/C.class and once in FILE:/home/runner/work/key/key/key.core/../key.ui/examples/../../key.core/src/test/resources/testcase/classpath/classpath/C.jml, Keeping one from FILE:/home/runner/work/key/key/key.core/../key.ui/examples/../../key.core/src/test/resources/testcase/classpath/classpath/C.jml 
617723     DEBUG main            d.u.i.k.j.r.ClassFileDeclarationBuilder Parsing: package cp; public class Unresolved1 { } 
617724     DEBUG main            r.s.KeYCrossReferenceSourceInfo Dynamically created class: cp.Unresolved1 
617724     DEBUG main            d.u.i.k.j.r.ClassFileDeclarationBuilder Parsing: package cp; public class Unresolved2 { } 
617724     DEBUG main            r.s.KeYCrossReferenceSourceInfo Dynamically created class: cp.Unresolved2 
620000     DEBUG main            d.u.i.k.p.i.AbstractProblemLoader Init config took 2.31s 
620014     INFO  main            d.u.i.k.p.i.AbstractProblemLoader Replaying proof classpath.key.proof 
620016     DEBUG main            d.u.i.k.p.i.IntermediateProofReplayer Proof replay took 519.31ns 
620017     DEBUG main            d.u.i.k.p.r.p.TestFile    ... success: reloaded. 
620018     INFO  main            d.u.i.k.p.r.p.TestFile    Now processing file /home/runner/work/key/key/key.core/../key.ui/examples/heap/inconsistent_represents/MyClass_m.key 
620018     INFO  main            d.u.i.k.p.i.AbstractProblemLoader Loading environment from /home/runner/work/key/key/key.core/../key.ui/examples/heap/inconsistent_represents/MyClass_m.key 
620018     DEBUG main            d.u.i.k.p.i.AbstractProblemLoader Environment load took 46.1ns 
620019     INFO  main            d.u.i.k.p.i.AbstractProblemLoader Creating init config 
622283     DEBUG main            d.u.i.k.p.i.AbstractProblemLoader Init config took 2.26s 
622317     INFO  main            d.u.i.k.p.i.AbstractProblemLoader Replaying proof MyClass[MyClass::m()].JML operation contract.0 
622318     DEBUG main            d.u.i.k.p.i.IntermediateProofReplayer Proof replay took 2.7ns 
622420     INFO  main            d.u.i.k.p.r.p.TestFile    ... finished proof: open goal(s) 
622973     INFO  main            d.u.i.k.p.r.p.TestFile    Now processing file /home/runner/work/key/key/key.core/../key.ui/examples/heap/inconsistent_represents/MyClass_n.key 
622973     INFO  main            d.u.i.k.p.i.AbstractProblemLoader Loading environment from /home/runner/work/key/key/key.core/../key.ui/examples/heap/inconsistent_represents/MyClass_n.key 
622973     DEBUG main            d.u.i.k.p.i.AbstractProblemLoader Environment load took 51.4ns 
622974     INFO  main            d.u.i.k.p.i.AbstractProblemLoader Creating init config 
625221     DEBUG main            d.u.i.k.p.i.AbstractProblemLoader Init config took 2.25s 
625254     INFO  main            d.u.i.k.p.i.AbstractProblemLoader Replaying proof MyClass[MyClass::n()].JML operation contract.0 
625255     DEBUG main            d.u.i.k.p.i.IntermediateProofReplayer Proof replay took 3.2ns 
625360     INFO  main            d.u.i.k.p.r.p.TestFile    ... finished proof: open goal(s) 
3584952    INFO  Test worker     d.u.i.k.p.r.RunAllProofsTestUnit Returning from test javadl 
3584957    INFO  Test worker     d.u.i.k.p.r.RunAllProofsTestUnit Running test FOL 
321        WARN  main            d.u.i.k.s.ProofSettings   The settings in /home/runner/.key/proof-settings.props are *not* read. 
326        INFO  Timeout watchdog d.u.i.k.p.r.p.ForkedTestFileRunner Timeout watcher launched (2000 secs.) 
350        INFO  main            d.u.i.k.p.r.p.TestFile    Now processing file /home/runner/work/key/key/key.core/../key.ui/examples/standard_key/pred_log/count.key 
459        INFO  main            d.u.i.k.p.i.AbstractProblemLoader Loading environment from /home/runner/work/key/key/key.core/../key.ui/examples/standard_key/pred_log/count.key 
483        DEBUG main            d.u.i.k.p.i.AbstractProblemLoader Environment load took 1.94ms 
715        INFO  main            d.u.i.k.p.i.AbstractProblemLoader Creating init config 
1614       DEBUG main            d.u.i.k.j.TypeConverter   No LDT found for Meta 
1615       DEBUG main            d.u.i.k.j.TypeConverter   No LDT found for Meta 
1616       DEBUG main            d.u.i.k.j.TypeConverter   No LDT found for Meta 
1616       DEBUG main            d.u.i.k.j.TypeConverter   No LDT found for Meta 
2976       DEBUG main            d.u.i.k.j.TypeConverter   No LDT found for JavaBigintExpression 
7346       DEBUG main            d.u.i.k.p.i.AbstractProblemLoader Init config took 6.63s 
7406       INFO  main            d.u.i.k.p.i.AbstractProblemLoader Replaying proof count.key 
7439       DEBUG main            d.u.i.k.p.i.IntermediateProofReplayer Proof replay took 34.1ns 
7600       INFO  main            d.u.i.k.p.r.p.TestFile    ... finished proof: closed. 
7700       INFO  main            d.u.i.k.p.i.AbstractProblemLoader Loading environment from /home/runner/work/key/key/key.core/../key.ui/examples/standard_key/pred_log/count.key.proof 
7701       DEBUG main            d.u.i.k.p.i.AbstractProblemLoader Environment load took 149.2ns 
7704       INFO  main            d.u.i.k.p.i.AbstractProblemLoader Creating init config 
10344      DEBUG main            d.u.i.k.p.i.AbstractProblemLoader Init config took 2.64s 
10374      INFO  main            d.u.i.k.p.i.AbstractProblemLoader Replaying proof count.key.proof 
10385      DEBUG main            d.u.i.k.p.i.IntermediateProofReplayer Proof replay took 6.97ms 
10394      DEBUG main            d.u.i.k.p.r.p.TestFile    ... success: reloaded. 
10395      INFO  main            d.u.i.k.p.r.p.TestFile    Now processing file /home/runner/work/key/key/key.core/../key.ui/examples/standard_key/pred_log/count2.key 
10396      INFO  main            d.u.i.k.p.i.AbstractProblemLoader Loading environment from /home/runner/work/key/key/key.core/../key.ui/examples/standard_key/pred_log/count2.key 
10396      DEBUG main            d.u.i.k.p.i.AbstractProblemLoader Environment load took 186.9ns 
10397      INFO  main            d.u.i.k.p.i.AbstractProblemLoader Creating init config 
12970      DEBUG main            d.u.i.k.p.i.AbstractProblemLoader Init config took 2.57s 
13012      INFO  main            d.u.i.k.p.i.AbstractProblemLoader Replaying proof count2.key 
13014      DEBUG main            d.u.i.k.p.i.IntermediateProofReplayer Proof replay took 7ns 
13116      INFO  main            d.u.i.k.p.r.p.TestFile    ... finished proof: closed. 
13237      INFO  main            d.u.i.k.p.i.AbstractProblemLoader Loading environment from /home/runner/work/key/key/key.core/../key.ui/examples/standard_key/pred_log/count2.key.proof 
13238      DEBUG main            d.u.i.k.p.i.AbstractProblemLoader Environment load took 155.8ns 
13240      INFO  main            d.u.i.k.p.i.AbstractProblemLoader Creating init config 
15704      DEBUG main            d.u.i.k.p.i.AbstractProblemLoader Init config took 2.46s 
15728      INFO  main            d.u.i.k.p.i.AbstractProblemLoader Replaying proof count2.key.proof 
15735      DEBUG main            d.u.i.k.p.i.IntermediateProofReplayer Proof replay took 3.8ms 
15736      DEBUG main            d.u.i.k.p.r.p.TestFile    ... success: reloaded. 
15737      INFO  main            d.u.i.k.p.r.p.TestFile    Now processing file /home/runner/work/key/key/key.core/../key.ui/examples/standard_key/pred_log/count3.key 
15737      INFO  main            d.u.i.k.p.i.AbstractProblemLoader Loading environment from /home/runner/work/key/key/key.core/../key.ui/examples/standard_key/pred_log/count3.key 
15737      DEBUG main            d.u.i.k.p.i.AbstractProblemLoader Environment load took 197.8ns 
15739      INFO  main            d.u.i.k.p.i.AbstractProblemLoader Creating init config 
18225      DEBUG main            d.u.i.k.p.i.AbstractProblemLoader Init config took 2.49s 
18248      INFO  main            d.u.i.k.p.i.AbstractProblemLoader Replaying proof count3.key 
18250      DEBUG main            d.u.i.k.p.i.IntermediateProofReplayer Proof replay took 7.5ns 
18353      INFO  main            d.u.i.k.p.r.p.TestFile    ... finished proof: closed. 
18485      INFO  main            d.u.i.k.p.i.AbstractProblemLoader Loading environment from /home/runner/work/key/key/key.core/../key.ui/examples/standard_key/pred_log/count3.key.proof 
18485      DEBUG main            d.u.i.k.p.i.AbstractProblemLoader Environment load took 137ns 
18495      INFO  main            d.u.i.k.p.i.AbstractProblemLoader Creating init config 
20922      DEBUG main            d.u.i.k.p.i.AbstractProblemLoader Init config took 2.43s 
20943      INFO  main            d.u.i.k.p.i.AbstractProblemLoader Replaying proof count3.key.proof 
20947      DEBUG main            d.u.i.k.p.i.IntermediateProofReplayer Proof replay took 2.88ms 
20948      DEBUG main            d.u.i.k.p.r.p.TestFile    ... success: reloaded. 
20949      INFO  main            d.u.i.k.p.r.p.TestFile    Now processing file /home/runner/work/key/key/key.core/../key.ui/examples/standard_key/pred_log/equalities.key 
20950      INFO  main            d.u.i.k.p.i.AbstractProblemLoader Loading environment from /home/runner/work/key/key/key.core/../key.ui/examples/standard_key/pred_log/equalities.key 
20950      DEBUG main            d.u.i.k.p.i.AbstractProblemLoader Environment load took 185ns 
20951      INFO  main            d.u.i.k.p.i.AbstractProblemLoader Creating init config 
23400      DEBUG main            d.u.i.k.p.i.AbstractProblemLoader Init config took 2.45s 
23423      INFO  main            d.u.i.k.p.i.AbstractProblemLoader Replaying proof equalities.key 
23426      DEBUG main            d.u.i.k.p.i.IntermediateProofReplayer Proof replay took 7.4ns 
23529      INFO  main            d.u.i.k.p.r.p.TestFile    ... finished proof: closed. 
23675      INFO  main            d.u.i.k.p.i.AbstractProblemLoader Loading environment from /home/runner/work/key/key/key.core/../key.ui/examples/standard_key/pred_log/equalities.key.proof 
23675      DEBUG main            d.u.i.k.p.i.AbstractProblemLoader Environment load took 131ns 
23677      INFO  main            d.u.i.k.p.i.AbstractProblemLoader Creating init config 
26094      DEBUG main            d.u.i.k.p.i.AbstractProblemLoader Init config took 2.42s 
26115      INFO  main            d.u.i.k.p.i.AbstractProblemLoader Replaying proof equalities.key.proof 
26118      DEBUG main            d.u.i.k.p.i.IntermediateProofReplayer Proof replay took 1.56ms 
26119      DEBUG main            d.u.i.k.p.r.p.TestFile    ... success: reloaded. 
26120      INFO  main            d.u.i.k.p.r.p.TestFile    Now processing file /home/runner/work/key/key/key.core/../key.ui/examples/standard_key/pred_log/equalities2.key 
26120      INFO  main            d.u.i.k.p.i.AbstractProblemLoader Loading environment from /home/runner/work/key/key/key.core/../key.ui/examples/standard_key/pred_log/equalities2.key 
26120      DEBUG main            d.u.i.k.p.i.AbstractProblemLoader Environment load took 92.5ns 
26121      INFO  main            d.u.i.k.p.i.AbstractProblemLoader Creating init config 
28469      DEBUG main            d.u.i.k.p.i.AbstractProblemLoader Init config took 2.35s 
28489      INFO  main            d.u.i.k.p.i.AbstractProblemLoader Replaying proof equalities2.key 
28491      DEBUG main            d.u.i.k.p.i.IntermediateProofReplayer Proof replay took 7.4ns 
28593      INFO  main            d.u.i.k.p.r.p.TestFile    ... finished proof: closed. 
28791      INFO  main            d.u.i.k.p.i.AbstractProblemLoader Loading environment from /home/runner/work/key/key/key.core/../key.ui/examples/standard_key/pred_log/equalities2.key.proof 
28791      DEBUG main            d.u.i.k.p.i.AbstractProblemLoader Environment load took 127ns 
28794      INFO  main            d.u.i.k.p.i.AbstractProblemLoader Creating init config 
31134      DEBUG main            d.u.i.k.p.i.AbstractProblemLoader Init config took 2.34s 
31154      INFO  main            d.u.i.k.p.i.AbstractProblemLoader Replaying proof equalities2.key.proof 
31160      DEBUG main            d.u.i.k.p.i.IntermediateProofReplayer Proof replay took 3.89ms 
31162      DEBUG main            d.u.i.k.p.r.p.TestFile    ... success: reloaded. 
31163      INFO  main            d.u.i.k.p.r.p.TestFile    Now processing file /home/runner/work/key/key/key.core/../key.ui/examples/standard_key/pred_log/equalities3.key 
31163      INFO  main            d.u.i.k.p.i.AbstractProblemLoader Loading environment from /home/runner/work/key/key/key.core/../key.ui/examples/standard_key/pred_log/equalities3.key 
31163      DEBUG main            d.u.i.k.p.i.AbstractProblemLoader Environment load took 177.6ns 
31164      INFO  main            d.u.i.k.p.i.AbstractProblemLoader Creating init config 
33593      DEBUG main            d.u.i.k.p.i.AbstractProblemLoader Init config took 2.43s 
33614      INFO  main            d.u.i.k.p.i.AbstractProblemLoader Replaying proof equalities3.key 
33615      DEBUG main            d.u.i.k.p.i.IntermediateProofReplayer Proof replay took 7.4ns 
33721      INFO  main            d.u.i.k.p.r.p.TestFile    ... finished proof: closed. 
33913      INFO  main            d.u.i.k.p.i.AbstractProblemLoader Loading environment from /home/runner/work/key/key/key.core/../key.ui/examples/standard_key/pred_log/equalities3.key.proof 
33913      DEBUG main            d.u.i.k.p.i.AbstractProblemLoader Environment load took 125.6ns 
33914      INFO  main            d.u.i.k.p.i.AbstractProblemLoader Creating init config 
36285      DEBUG main            d.u.i.k.p.i.AbstractProblemLoader Init config took 2.37s 
36304      INFO  main            d.u.i.k.p.i.AbstractProblemLoader Replaying proof equalities3.key.proof 
36313      DEBUG main            d.u.i.k.p.i.IntermediateProofReplayer Proof replay took 6.11ms 
36314      DEBUG main            d.u.i.k.p.r.p.TestFile    ... success: reloaded. 
36315      INFO  main            d.u.i.k.p.r.p.TestFile    Now processing file /home/runner/work/key/key/key.core/../key.ui/examples/standard_key/pred_log/functions.key 
36315      INFO  main            d.u.i.k.p.i.AbstractProblemLoader Loading environment from /home/runner/work/key/key/key.core/../key.ui/examples/standard_key/pred_log/functions.key 
36315      DEBUG main            d.u.i.k.p.i.AbstractProblemLoader Environment load took 192.1ns 
36316      INFO  main            d.u.i.k.p.i.AbstractProblemLoader Creating init config 
38678      DEBUG main            d.u.i.k.p.i.AbstractProblemLoader Init config took 2.36s 
38697      INFO  main            d.u.i.k.p.i.AbstractProblemLoader Replaying proof functions.key 
38698      DEBUG main            d.u.i.k.p.i.IntermediateProofReplayer Proof replay took 6.7ns 
38801      INFO  main            d.u.i.k.p.r.p.TestFile    ... finished proof: closed. 
39015      INFO  main            d.u.i.k.p.i.AbstractProblemLoader Loading environment from /home/runner/work/key/key/key.core/../key.ui/examples/standard_key/pred_log/functions.key.proof 
39015      DEBUG main            d.u.i.k.p.i.AbstractProblemLoader Environment load took 121.4ns 
39016      INFO  main            d.u.i.k.p.i.AbstractProblemLoader Creating init config 
41343      DEBUG main            d.u.i.k.p.i.AbstractProblemLoader Init config took 2.33s 
41360      INFO  main            d.u.i.k.p.i.AbstractProblemLoader Replaying proof functions.key.proof 
41365      DEBUG main            d.u.i.k.p.i.IntermediateProofReplayer Proof replay took 2.51ms 
41366      DEBUG main            d.u.i.k.p.r.p.TestFile    ... success: reloaded. 
41367      INFO  main            d.u.i.k.p.r.p.TestFile    Now processing file /home/runner/work/key/key/key.core/../key.ui/examples/standard_key/pred_log/mv1.key 
41367      INFO  main            d.u.i.k.p.i.AbstractProblemLoader Loading environment from /home/runner/work/key/key/key.core/../key.ui/examples/standard_key/pred_log/mv1.key 
41368      DEBUG main            d.u.i.k.p.i.AbstractProblemLoader Environment load took 173.2ns 
41369      INFO  main            d.u.i.k.p.i.AbstractProblemLoader Creating init config 
43749      DEBUG main            d.u.i.k.p.i.AbstractProblemLoader Init config took 2.38s 
43765      INFO  main            d.u.i.k.p.i.AbstractProblemLoader Replaying proof mv1.key 
43767      DEBUG main            d.u.i.k.p.i.IntermediateProofReplayer Proof replay took 7ns 
43869      INFO  main            d.u.i.k.p.r.p.TestFile    ... finished proof: closed. 
44023      INFO  main            d.u.i.k.p.i.AbstractProblemLoader Loading environment from /home/runner/work/key/key/key.core/../key.ui/examples/standard_key/pred_log/mv1.key.proof 
44023      DEBUG main            d.u.i.k.p.i.AbstractProblemLoader Environment load took 121.6ns 
44024      INFO  main            d.u.i.k.p.i.AbstractProblemLoader Creating init config 
46329      DEBUG main            d.u.i.k.p.i.AbstractProblemLoader Init config took 2.3s 
46345      INFO  main            d.u.i.k.p.i.AbstractProblemLoader Replaying proof mv1.key.proof 
46348      DEBUG main            d.u.i.k.p.i.IntermediateProofReplayer Proof replay took 1.04ms 
46349      DEBUG main            d.u.i.k.p.r.p.TestFile    ... success: reloaded. 
46349      INFO  main            d.u.i.k.p.r.p.TestFile    Now processing file /home/runner/work/key/key/key.core/../key.ui/examples/standard_key/pred_log/mv2.key 
46350      INFO  main            d.u.i.k.p.i.AbstractProblemLoader Loading environment from /home/runner/work/key/key/key.core/../key.ui/examples/standard_key/pred_log/mv2.key 
46350      DEBUG main            d.u.i.k.p.i.AbstractProblemLoader Environment load took 88.3ns 
46350      INFO  main            d.u.i.k.p.i.AbstractProblemLoader Creating init config 
48696      DEBUG main            d.u.i.k.p.i.AbstractProblemLoader Init config took 2.35s 
48718      INFO  main            d.u.i.k.p.i.AbstractProblemLoader Replaying proof mv2.key 
48719      DEBUG main            d.u.i.k.p.i.IntermediateProofReplayer Proof replay took 7.3ns 
48821      INFO  main            d.u.i.k.p.r.p.TestFile    ... finished proof: closed. 
48979      INFO  main            d.u.i.k.p.i.AbstractProblemLoader Loading environment from /home/runner/work/key/key/key.core/../key.ui/examples/standard_key/pred_log/mv2.key.proof 
48980      DEBUG main            d.u.i.k.p.i.AbstractProblemLoader Environment load took 123.9ns 
48981      INFO  main            d.u.i.k.p.i.AbstractProblemLoader Creating init config 
51310      DEBUG main            d.u.i.k.p.i.AbstractProblemLoader Init config took 2.33s 
51326      INFO  main            d.u.i.k.p.i.AbstractProblemLoader Replaying proof mv2.key.proof 
51329      DEBUG main            d.u.i.k.p.i.IntermediateProofReplayer Proof replay took 1.53ms 
51330      DEBUG main            d.u.i.k.p.r.p.TestFile    ... success: reloaded. 
51331      INFO  main            d.u.i.k.p.r.p.TestFile    Now processing file /home/runner/work/key/key/key.core/../key.ui/examples/standard_key/pred_log/quantifiers.key 
51331      INFO  main            d.u.i.k.p.i.AbstractProblemLoader Loading environment from /home/runner/work/key/key/key.core/../key.ui/examples/standard_key/pred_log/quantifiers.key 
51332      DEBUG main            d.u.i.k.p.i.AbstractProblemLoader Environment load took 184.3ns 
51332      INFO  main            d.u.i.k.p.i.AbstractProblemLoader Creating init config 
53672      DEBUG main            d.u.i.k.p.i.AbstractProblemLoader Init config took 2.34s 
53687      INFO  main            d.u.i.k.p.i.AbstractProblemLoader Replaying proof quantifiers.key 
53688      DEBUG main            d.u.i.k.p.i.IntermediateProofReplayer Proof replay took 6.9ns 
53793      INFO  main            d.u.i.k.p.r.p.TestFile    ... finished proof: closed. 
53959      INFO  main            d.u.i.k.p.i.AbstractProblemLoader Loading environment from /home/runner/work/key/key/key.core/../key.ui/examples/standard_key/pred_log/quantifiers.key.proof 
53959      DEBUG main            d.u.i.k.p.i.AbstractProblemLoader Environment load took 123.7ns 
53960      INFO  main            d.u.i.k.p.i.AbstractProblemLoader Creating init config 
56236      DEBUG main            d.u.i.k.p.i.AbstractProblemLoader Init config took 2.28s 
56251      INFO  main            d.u.i.k.p.i.AbstractProblemLoader Replaying proof quantifiers.key.proof 
56255      DEBUG main            d.u.i.k.p.i.IntermediateProofReplayer Proof replay took 2.26ms 
56256      DEBUG main            d.u.i.k.p.r.p.TestFile    ... success: reloaded. 
56256      INFO  main            d.u.i.k.p.r.p.TestFile    Now processing file /home/runner/work/key/key/key.core/../key.ui/examples/standard_key/pred_log/simpleEps.key 
56256      INFO  main            d.u.i.k.p.i.AbstractProblemLoader Loading environment from /home/runner/work/key/key/key.core/../key.ui/examples/standard_key/pred_log/simpleEps.key 
56256      DEBUG main            d.u.i.k.p.i.AbstractProblemLoader Environment load took 72.4ns 
56257      INFO  main            d.u.i.k.p.i.AbstractProblemLoader Creating init config 
58664      DEBUG main            d.u.i.k.p.i.AbstractProblemLoader Init config took 2.41s 
58679      INFO  main            d.u.i.k.p.i.AbstractProblemLoader Replaying proof simpleEps.key 
58680      DEBUG main            d.u.i.k.p.i.IntermediateProofReplayer Proof replay took 7.4ns 
58784      INFO  main            d.u.i.k.p.r.p.TestFile    ... finished proof: closed. 
58966      INFO  main            d.u.i.k.p.i.AbstractProblemLoader Loading environment from /home/runner/work/key/key/key.core/../key.ui/examples/standard_key/pred_log/simpleEps.key.proof 
58966      DEBUG main            d.u.i.k.p.i.AbstractProblemLoader Environment load took 123.4ns 
58968      INFO  main            d.u.i.k.p.i.AbstractProblemLoader Creating init config 
61280      DEBUG main            d.u.i.k.p.i.AbstractProblemLoader Init config took 2.31s 
61296      INFO  main            d.u.i.k.p.i.AbstractProblemLoader Replaying proof simpleEps.key.proof 
61299      DEBUG main            d.u.i.k.p.i.IntermediateProofReplayer Proof replay took 1.46ms 
61300      DEBUG main            d.u.i.k.p.r.p.TestFile    ... success: reloaded. 
61300      INFO  main            d.u.i.k.p.r.p.TestFile    Now processing file /home/runner/work/key/key/key.core/../key.ui/examples/standard_key/pred_log/steam1.key 
61301      INFO  main            d.u.i.k.p.i.AbstractProblemLoader Loading environment from /home/runner/work/key/key/key.core/../key.ui/examples/standard_key/pred_log/steam1.key 
61301      DEBUG main            d.u.i.k.p.i.AbstractProblemLoader Environment load took 89.4ns 
61303      INFO  main            d.u.i.k.p.i.AbstractProblemLoader Creating init config 
63610      DEBUG main            d.u.i.k.p.i.AbstractProblemLoader Init config took 2.31s 
63629      INFO  main            d.u.i.k.p.i.AbstractProblemLoader Replaying proof steam1.key 
63630      DEBUG main            d.u.i.k.p.i.IntermediateProofReplayer Proof replay took 7ns 
64140      INFO  main            d.u.i.k.p.r.p.TestFile    ... finished proof: closed. 
64336      INFO  main            d.u.i.k.p.i.AbstractProblemLoader Loading environment from /home/runner/work/key/key/key.core/../key.ui/examples/standard_key/pred_log/steam1.key.proof 
64336      DEBUG main            d.u.i.k.p.i.AbstractProblemLoader Environment load took 365ns 
64338      INFO  main            d.u.i.k.p.i.AbstractProblemLoader Creating init config 
66623      DEBUG main            d.u.i.k.p.i.AbstractProblemLoader Init config took 2.28s 
66644      INFO  main            d.u.i.k.p.i.AbstractProblemLoader Replaying proof steam1.key.proof 
66665      DEBUG main            d.u.i.k.p.i.IntermediateProofReplayer Proof replay took 17.36ms 
66667      DEBUG main            d.u.i.k.p.r.p.TestFile    ... success: reloaded. 
66668      INFO  main            d.u.i.k.p.r.p.TestFile    Now processing file /home/runner/work/key/key/key.core/../key.ui/examples/standard_key/pred_log/tptp/PUZ/PUZ001p1.key 
66668      INFO  main            d.u.i.k.p.i.AbstractProblemLoader Loading environment from /home/runner/work/key/key/key.core/../key.ui/examples/standard_key/pred_log/tptp/PUZ/PUZ001p1.key 
66669      DEBUG main            d.u.i.k.p.i.AbstractProblemLoader Environment load took 217.1ns 
66670      INFO  main            d.u.i.k.p.i.AbstractProblemLoader Creating init config 
69010      DEBUG main            d.u.i.k.p.i.AbstractProblemLoader Init config took 2.34s 
69027      INFO  main            d.u.i.k.p.i.AbstractProblemLoader Replaying proof PUZ001p1.key 
69029      DEBUG main            d.u.i.k.p.i.IntermediateProofReplayer Proof replay took 7.7ns 
72205      INFO  main            d.u.i.k.p.r.p.TestFile    ... finished proof: closed. 
72417      INFO  main            d.u.i.k.p.i.AbstractProblemLoader Loading environment from /home/runner/work/key/key/key.core/../key.ui/examples/standard_key/pred_log/tptp/PUZ/PUZ001p1.key.proof 
72419      DEBUG main            d.u.i.k.p.i.AbstractProblemLoader Environment load took 1.93ms 
72421      INFO  main            d.u.i.k.p.i.AbstractProblemLoader Creating init config 
74693      DEBUG main            d.u.i.k.p.i.AbstractProblemLoader Init config took 2.27s 
74710      INFO  main            d.u.i.k.p.i.AbstractProblemLoader Replaying proof PUZ001p1.key.proof 
74837      DEBUG main            d.u.i.k.p.i.IntermediateProofReplayer Proof replay took 117.82ms 
74839      DEBUG main            d.u.i.k.p.r.p.TestFile    ... success: reloaded. 
74840      INFO  main            d.u.i.k.p.r.p.TestFile    Now processing file /home/runner/work/key/key/key.core/../key.ui/examples/standard_key/pred_log/tptp/PUZ/PUZ001p1-eq.key 
74840      INFO  main            d.u.i.k.p.i.AbstractProblemLoader Loading environment from /home/runner/work/key/key/key.core/../key.ui/examples/standard_key/pred_log/tptp/PUZ/PUZ001p1-eq.key 
74840      DEBUG main            d.u.i.k.p.i.AbstractProblemLoader Environment load took 183ns 
74841      INFO  main            d.u.i.k.p.i.AbstractProblemLoader Creating init config 
77188      DEBUG main            d.u.i.k.p.i.AbstractProblemLoader Init config took 2.35s 
77203      INFO  main            d.u.i.k.p.i.AbstractProblemLoader Replaying proof PUZ001p1-eq.key 
77205      DEBUG main            d.u.i.k.p.i.IntermediateProofReplayer Proof replay took 7.9ns 
77408      INFO  main            d.u.i.k.p.r.p.TestFile    ... finished proof: closed. 
77637      INFO  main            d.u.i.k.p.i.AbstractProblemLoader Loading environment from /home/runner/work/key/key/key.core/../key.ui/examples/standard_key/pred_log/tptp/PUZ/PUZ001p1-eq.key.proof 
77637      DEBUG main            d.u.i.k.p.i.AbstractProblemLoader Environment load took 121.1ns 
77638      INFO  main            d.u.i.k.p.i.AbstractProblemLoader Creating init config 
79907      DEBUG main            d.u.i.k.p.i.AbstractProblemLoader Init config took 2.27s 
79923      INFO  main            d.u.i.k.p.i.AbstractProblemLoader Replaying proof PUZ001p1-eq.key.proof 
79939      DEBUG main            d.u.i.k.p.i.IntermediateProofReplayer Proof replay took 13.09ms 
79940      DEBUG main            d.u.i.k.p.r.p.TestFile    ... success: reloaded. 
79941      INFO  main            d.u.i.k.p.r.p.TestFile    Now processing file /home/runner/work/key/key/key.core/../key.ui/examples/standard_key/pred_log/tptp/PUZ/PUZ031p1.key 
79941      INFO  main            d.u.i.k.p.i.AbstractProblemLoader Loading environment from /home/runner/work/key/key/key.core/../key.ui/examples/standard_key/pred_log/tptp/PUZ/PUZ031p1.key 
79942      DEBUG main            d.u.i.k.p.i.AbstractProblemLoader Environment load took 172.5ns 
79943      INFO  main            d.u.i.k.p.i.AbstractProblemLoader Creating init config 
82215      DEBUG main            d.u.i.k.p.i.AbstractProblemLoader Init config took 2.27s 
82230      INFO  main            d.u.i.k.p.i.AbstractProblemLoader Replaying proof PUZ031p1.key 
82231      DEBUG main            d.u.i.k.p.i.IntermediateProofReplayer Proof replay took 7.2ns 
90186      INFO  main            d.u.i.k.p.r.p.TestFile    ... finished proof: closed. 
90388      INFO  main            d.u.i.k.p.i.AbstractProblemLoader Loading environment from /home/runner/work/key/key/key.core/../key.ui/examples/standard_key/pred_log/tptp/PUZ/PUZ031p1.key.proof 
90388      DEBUG main            d.u.i.k.p.i.AbstractProblemLoader Environment load took 379.4ns 
90390      INFO  main            d.u.i.k.p.i.AbstractProblemLoader Creating init config 
92651      DEBUG main            d.u.i.k.p.i.AbstractProblemLoader Init config took 2.26s 
92667      INFO  main            d.u.i.k.p.i.AbstractProblemLoader Replaying proof PUZ031p1.key.proof 
92728      DEBUG main            d.u.i.k.p.i.IntermediateProofReplayer Proof replay took 55.55ms 
92729      DEBUG main            d.u.i.k.p.r.p.TestFile    ... success: reloaded. 
92730      INFO  main            d.u.i.k.p.r.p.TestFile    Now processing file /home/runner/work/key/key/key.core/../key.ui/examples/standard_key/pred_log/tptp/SET/SET027p3.key 
92730      INFO  main            d.u.i.k.p.i.AbstractProblemLoader Loading environment from /home/runner/work/key/key/key.core/../key.ui/examples/standard_key/pred_log/tptp/SET/SET027p3.key 
92731      DEBUG main            d.u.i.k.p.i.AbstractProblemLoader Environment load took 181.9ns 
92732      INFO  main            d.u.i.k.p.i.AbstractProblemLoader Creating init config 
95048      DEBUG main            d.u.i.k.p.i.AbstractProblemLoader Init config took 2.32s 
95063      INFO  main            d.u.i.k.p.i.AbstractProblemLoader Replaying proof SET027p3.key 
95064      DEBUG main            d.u.i.k.p.i.IntermediateProofReplayer Proof replay took 7.2ns 
95166      INFO  main            d.u.i.k.p.r.p.TestFile    ... finished proof: closed. 
95382      INFO  main            d.u.i.k.p.i.AbstractProblemLoader Loading environment from /home/runner/work/key/key/key.core/../key.ui/examples/standard_key/pred_log/tptp/SET/SET027p3.key.proof 
95382      DEBUG main            d.u.i.k.p.i.AbstractProblemLoader Environment load took 121.6ns 
95383      INFO  main            d.u.i.k.p.i.AbstractProblemLoader Creating init config 
97662      DEBUG main            d.u.i.k.p.i.AbstractProblemLoader Init config took 2.28s 
97677      INFO  main            d.u.i.k.p.i.AbstractProblemLoader Replaying proof SET027p3.key.proof 
97684      DEBUG main            d.u.i.k.p.i.IntermediateProofReplayer Proof replay took 5.53ms 
97685      DEBUG main            d.u.i.k.p.r.p.TestFile    ... success: reloaded. 
97686      INFO  main            d.u.i.k.p.r.p.TestFile    Now processing file /home/runner/work/key/key/key.core/../key.ui/examples/standard_key/pred_log/tptp/SET/SET043p1.key 
97687      INFO  main            d.u.i.k.p.i.AbstractProblemLoader Loading environment from /home/runner/work/key/key/key.core/../key.ui/examples/standard_key/pred_log/tptp/SET/SET043p1.key 
97687      DEBUG main            d.u.i.k.p.i.AbstractProblemLoader Environment load took 211.5ns 
97688      INFO  main            d.u.i.k.p.i.AbstractProblemLoader Creating init config 
99981      DEBUG main            d.u.i.k.p.i.AbstractProblemLoader Init config took 2.29s 
99995      INFO  main            d.u.i.k.p.i.AbstractProblemLoader Replaying proof SET043p1.key 
99996      DEBUG main            d.u.i.k.p.i.IntermediateProofReplayer Proof replay took 8.1ns 
100098     INFO  main            d.u.i.k.p.r.p.TestFile    ... finished proof: closed. 
100307     INFO  main            d.u.i.k.p.i.AbstractProblemLoader Loading environment from /home/runner/work/key/key/key.core/../key.ui/examples/standard_key/pred_log/tptp/SET/SET043p1.key.proof 
100307     DEBUG main            d.u.i.k.p.i.AbstractProblemLoader Environment load took 200.1ns 
100308     INFO  main            d.u.i.k.p.i.AbstractProblemLoader Creating init config 
102568     DEBUG main            d.u.i.k.p.i.AbstractProblemLoader Init config took 2.26s 
102583     INFO  main            d.u.i.k.p.i.AbstractProblemLoader Replaying proof SET043p1.key.proof 
102585     DEBUG main            d.u.i.k.p.i.IntermediateProofReplayer Proof replay took 1.26ms 
102586     DEBUG main            d.u.i.k.p.r.p.TestFile    ... success: reloaded. 
102587     INFO  main            d.u.i.k.p.r.p.TestFile    Now processing file /home/runner/work/key/key/key.core/../key.ui/examples/standard_key/pred_log/tptp/SET/SET045p1.key 
102587     INFO  main            d.u.i.k.p.i.AbstractProblemLoader Loading environment from /home/runner/work/key/key/key.core/../key.ui/examples/standard_key/pred_log/tptp/SET/SET045p1.key 
102587     DEBUG main            d.u.i.k.p.i.AbstractProblemLoader Environment load took 131ns 
102588     INFO  main            d.u.i.k.p.i.AbstractProblemLoader Creating init config 
104914     DEBUG main            d.u.i.k.p.i.AbstractProblemLoader Init config took 2.33s 
104928     INFO  main            d.u.i.k.p.i.AbstractProblemLoader Replaying proof SET045p1.key 
104929     DEBUG main            d.u.i.k.p.i.IntermediateProofReplayer Proof replay took 7.2ns 
105036     INFO  main            d.u.i.k.p.r.p.TestFile    ... finished proof: closed. 
105296     INFO  main            d.u.i.k.p.i.AbstractProblemLoader Loading environment from /home/runner/work/key/key/key.core/../key.ui/examples/standard_key/pred_log/tptp/SET/SET045p1.key.proof 
105296     DEBUG main            d.u.i.k.p.i.AbstractProblemLoader Environment load took 109.3ns 
105297     INFO  main            d.u.i.k.p.i.AbstractProblemLoader Creating init config 
107533     DEBUG main            d.u.i.k.p.i.AbstractProblemLoader Init config took 2.24s 
107548     INFO  main            d.u.i.k.p.i.AbstractProblemLoader Replaying proof SET045p1.key.proof 
107554     DEBUG main            d.u.i.k.p.i.IntermediateProofReplayer Proof replay took 4.51ms 
107555     DEBUG main            d.u.i.k.p.r.p.TestFile    ... success: reloaded. 
107556     INFO  main            d.u.i.k.p.r.p.TestFile    Now processing file /home/runner/work/key/key/key.core/../key.ui/examples/standard_key/pred_log/tptp/SET/SET062p3.key 
107556     INFO  main            d.u.i.k.p.i.AbstractProblemLoader Loading environment from /home/runner/work/key/key/key.core/../key.ui/examples/standard_key/pred_log/tptp/SET/SET062p3.key 
107563     DEBUG main            d.u.i.k.p.i.AbstractProblemLoader Environment load took 6.9ms 
107564     INFO  main            d.u.i.k.p.i.AbstractProblemLoader Creating init config 
109912     DEBUG main            d.u.i.k.p.i.AbstractProblemLoader Init config took 2.35s 
109926     INFO  main            d.u.i.k.p.i.AbstractProblemLoader Replaying proof SET062p3.key 
109927     DEBUG main            d.u.i.k.p.i.IntermediateProofReplayer Proof replay took 8ns 
110031     INFO  main            d.u.i.k.p.r.p.TestFile    ... finished proof: closed. 
110265     INFO  main            d.u.i.k.p.i.AbstractProblemLoader Loading environment from /home/runner/work/key/key/key.core/../key.ui/examples/standard_key/pred_log/tptp/SET/SET062p3.key.proof 
110266     DEBUG main            d.u.i.k.p.i.AbstractProblemLoader Environment load took 114.8ns 
110267     INFO  main            d.u.i.k.p.i.AbstractProblemLoader Creating init config 
112508     DEBUG main            d.u.i.k.p.i.AbstractProblemLoader Init config took 2.24s 
112522     INFO  main            d.u.i.k.p.i.AbstractProblemLoader Replaying proof SET062p3.key.proof 
112528     DEBUG main            d.u.i.k.p.i.IntermediateProofReplayer Proof replay took 3.86ms 
112530     DEBUG main            d.u.i.k.p.r.p.TestFile    ... success: reloaded. 
112531     INFO  main            d.u.i.k.p.r.p.TestFile    Now processing file /home/runner/work/key/key/key.core/../key.ui/examples/standard_key/pred_log/tptp/SET/SET063p3.key 
112532     INFO  main            d.u.i.k.p.i.AbstractProblemLoader Loading environment from /home/runner/work/key/key/key.core/../key.ui/examples/standard_key/pred_log/tptp/SET/SET063p3.key 
112532     DEBUG main            d.u.i.k.p.i.AbstractProblemLoader Environment load took 187.8ns 
112534     INFO  main            d.u.i.k.p.i.AbstractProblemLoader Creating init config 
114856     DEBUG main            d.u.i.k.p.i.AbstractProblemLoader Init config took 2.32s 
114871     INFO  main            d.u.i.k.p.i.AbstractProblemLoader Replaying proof SET063p3.key 
114872     DEBUG main            d.u.i.k.p.i.IntermediateProofReplayer Proof replay took 7.2ns 
114974     INFO  main            d.u.i.k.p.r.p.TestFile    ... finished proof: closed. 
115203     INFO  main            d.u.i.k.p.i.AbstractProblemLoader Loading environment from /home/runner/work/key/key/key.core/../key.ui/examples/standard_key/pred_log/tptp/SET/SET063p3.key.proof 
115203     DEBUG main            d.u.i.k.p.i.AbstractProblemLoader Environment load took 110.3ns 
115204     INFO  main            d.u.i.k.p.i.AbstractProblemLoader Creating init config 
117445     DEBUG main            d.u.i.k.p.i.AbstractProblemLoader Init config took 2.24s 
117462     INFO  main            d.u.i.k.p.i.AbstractProblemLoader Replaying proof SET063p3.key.proof 
117470     DEBUG main            d.u.i.k.p.i.IntermediateProofReplayer Proof replay took 5.49ms 
117472     DEBUG main            d.u.i.k.p.r.p.TestFile    ... success: reloaded. 
117472     INFO  main            d.u.i.k.p.r.p.TestFile    Now processing file /home/runner/work/key/key/key.core/../key.ui/examples/standard_key/pred_log/tptp/SYN/SYN036p2.key 
117473     INFO  main            d.u.i.k.p.i.AbstractProblemLoader Loading environment from /home/runner/work/key/key/key.core/../key.ui/examples/standard_key/pred_log/tptp/SYN/SYN036p2.key 
117473     DEBUG main            d.u.i.k.p.i.AbstractProblemLoader Environment load took 163.1ns 
117475     INFO  main            d.u.i.k.p.i.AbstractProblemLoader Creating init config 
119783     DEBUG main            d.u.i.k.p.i.AbstractProblemLoader Init config took 2.31s 
119802     INFO  main            d.u.i.k.p.i.AbstractProblemLoader Replaying proof SYN036p2.key 
119804     DEBUG main            d.u.i.k.p.i.IntermediateProofReplayer Proof replay took 7.4ns 
120109     INFO  main            d.u.i.k.p.r.p.TestFile    ... finished proof: closed. 
120352     INFO  main            d.u.i.k.p.i.AbstractProblemLoader Loading environment from /home/runner/work/key/key/key.core/../key.ui/examples/standard_key/pred_log/tptp/SYN/SYN036p2.key.proof 
120352     DEBUG main            d.u.i.k.p.i.AbstractProblemLoader Environment load took 358.5ns 
120354     INFO  main            d.u.i.k.p.i.AbstractProblemLoader Creating init config 
122591     DEBUG main            d.u.i.k.p.i.AbstractProblemLoader Init config took 2.24s 
122605     INFO  main            d.u.i.k.p.i.AbstractProblemLoader Replaying proof SYN036p2.key.proof 
122676     DEBUG main            d.u.i.k.p.i.IntermediateProofReplayer Proof replay took 62.33ms 
122677     DEBUG main            d.u.i.k.p.r.p.TestFile    ... success: reloaded. 
122678     INFO  main            d.u.i.k.p.r.p.TestFile    Now processing file /home/runner/work/key/key/key.core/../key.ui/examples/standard_key/pred_log/tptp/SYN/SYN550p1.key 
122678     INFO  main            d.u.i.k.p.i.AbstractProblemLoader Loading environment from /home/runner/work/key/key/key.core/../key.ui/examples/standard_key/pred_log/tptp/SYN/SYN550p1.key 
122678     DEBUG main            d.u.i.k.p.i.AbstractProblemLoader Environment load took 179.8ns 
122680     INFO  main            d.u.i.k.p.i.AbstractProblemLoader Creating init config 
124950     DEBUG main            d.u.i.k.p.i.AbstractProblemLoader Init config took 2.27s 
124964     INFO  main            d.u.i.k.p.i.AbstractProblemLoader Replaying proof SYN550p1.key 
124965     DEBUG main            d.u.i.k.p.i.IntermediateProofReplayer Proof replay took 6.6ns 
127702     INFO  main            d.u.i.k.p.r.p.TestFile    ... finished proof: closed. 
127950     INFO  main            d.u.i.k.p.i.AbstractProblemLoader Loading environment from /home/runner/work/key/key/key.core/../key.ui/examples/standard_key/pred_log/tptp/SYN/SYN550p1.key.proof 
127951     DEBUG main            d.u.i.k.p.i.AbstractProblemLoader Environment load took 877.9ns 
127961     INFO  main            d.u.i.k.p.i.AbstractProblemLoader Creating init config 
130189     DEBUG main            d.u.i.k.p.i.AbstractProblemLoader Init config took 2.23s 
130203     INFO  main            d.u.i.k.p.i.AbstractProblemLoader Replaying proof SYN550p1.key.proof 
130289     DEBUG main            d.u.i.k.p.i.IntermediateProofReplayer Proof replay took 78.4ms 
130290     DEBUG main            d.u.i.k.p.r.p.TestFile    ... success: reloaded. 
130290     INFO  main            d.u.i.k.p.r.p.TestFile    Now processing file /home/runner/work/key/key/key.core/../key.ui/examples/standard_key/prop_log/reallySimple.key 
130290     INFO  main            d.u.i.k.p.i.AbstractProblemLoader Loading environment from /home/runner/work/key/key/key.core/../key.ui/examples/standard_key/prop_log/reallySimple.key 
130291     DEBUG main            d.u.i.k.p.i.AbstractProblemLoader Environment load took 85.6ns 
130291     INFO  main            d.u.i.k.p.i.AbstractProblemLoader Creating init config 
132563     DEBUG main            d.u.i.k.p.i.AbstractProblemLoader Init config took 2.27s 
132594     INFO  main            d.u.i.k.p.i.AbstractProblemLoader Replaying proof reallySimple.key 
132597     DEBUG main            d.u.i.k.p.i.IntermediateProofReplayer Proof replay took 7ns 
132698     INFO  main            d.u.i.k.p.r.p.TestFile    ... finished proof: open goal(s) 
132948     INFO  main            d.u.i.k.p.r.p.TestFile    Now processing file /home/runner/work/key/key/key.core/../key.ui/examples/standard_key/pred_log/sameName1.key 
132948     INFO  main            d.u.i.k.p.i.AbstractProblemLoader Loading environment from /home/runner/work/key/key/key.core/../key.ui/examples/standard_key/pred_log/sameName1.key 
132948     DEBUG main            d.u.i.k.p.i.AbstractProblemLoader Environment load took 56.7ns 
132949     INFO  main            d.u.i.k.p.i.AbstractProblemLoader Creating init config 
135197     DEBUG main            d.u.i.k.p.i.AbstractProblemLoader Init config took 2.25s 
135211     INFO  main            d.u.i.k.p.i.AbstractProblemLoader Replaying proof sameName1.key 
135212     DEBUG main            d.u.i.k.p.i.IntermediateProofReplayer Proof replay took 7.2ns 
135314     INFO  main            d.u.i.k.p.r.p.TestFile    ... finished proof: open goal(s) 
135549     INFO  main            d.u.i.k.p.r.p.TestFile    Now processing file /home/runner/work/key/key/key.core/../key.ui/examples/standard_key/pred_log/jbyteIfEx.key 
135549     INFO  main            d.u.i.k.p.i.AbstractProblemLoader Loading environment from /home/runner/work/key/key/key.core/../key.ui/examples/standard_key/pred_log/jbyteIfEx.key 
135550     DEBUG main            d.u.i.k.p.i.AbstractProblemLoader Environment load took 66.5ns 
135551     INFO  main            d.u.i.k.p.i.AbstractProblemLoader Creating init config 
137813     DEBUG main            d.u.i.k.p.i.AbstractProblemLoader Init config took 2.26s 
137826     INFO  main            d.u.i.k.p.i.AbstractProblemLoader Replaying proof jbyteIfEx.key 
137828     DEBUG main            d.u.i.k.p.i.IntermediateProofReplayer Proof replay took 7.4ns 
137930     INFO  main            d.u.i.k.p.r.p.TestFile    ... finished proof: closed. 
138169     INFO  main            d.u.i.k.p.i.AbstractProblemLoader Loading environment from /home/runner/work/key/key/key.core/../key.ui/examples/standard_key/pred_log/jbyteIfEx.key.proof 
138169     DEBUG main            d.u.i.k.p.i.AbstractProblemLoader Environment load took 110.5ns 
138170     INFO  main            d.u.i.k.p.i.AbstractProblemLoader Creating init config 
140408     DEBUG main            d.u.i.k.p.i.AbstractProblemLoader Init config took 2.24s 
140423     INFO  main            d.u.i.k.p.i.AbstractProblemLoader Replaying proof jbyteIfEx.key.proof 
140434     DEBUG main            d.u.i.k.p.i.IntermediateProofReplayer Proof replay took 9.02ms 
140436     DEBUG main            d.u.i.k.p.r.p.TestFile    ... success: reloaded. 
140436     INFO  main            d.u.i.k.p.r.p.TestFile    Now processing file /home/runner/work/key/key/key.core/../key.ui/examples/standard_key/prop_log/allClausesLength4.key 
140437     INFO  main            d.u.i.k.p.i.AbstractProblemLoader Loading environment from /home/runner/work/key/key/key.core/../key.ui/examples/standard_key/prop_log/allClausesLength4.key 
140437     DEBUG main            d.u.i.k.p.i.AbstractProblemLoader Environment load took 169.5ns 
140438     INFO  main            d.u.i.k.p.i.AbstractProblemLoader Creating init config 
142771     DEBUG main            d.u.i.k.p.i.AbstractProblemLoader Init config took 2.33s 
142784     INFO  main            d.u.i.k.p.i.AbstractProblemLoader Replaying proof allClausesLength4.key 
142786     DEBUG main            d.u.i.k.p.i.IntermediateProofReplayer Proof replay took 7.2ns 
142888     INFO  main            d.u.i.k.p.r.p.TestFile    ... finished proof: closed. 
143140     INFO  main            d.u.i.k.p.i.AbstractProblemLoader Loading environment from /home/runner/work/key/key/key.core/../key.ui/examples/standard_key/prop_log/allClausesLength4.key.proof 
143141     DEBUG main            d.u.i.k.p.i.AbstractProblemLoader Environment load took 120.6ns 
143142     INFO  main            d.u.i.k.p.i.AbstractProblemLoader Creating init config 
145363     DEBUG main            d.u.i.k.p.i.AbstractProblemLoader Init config took 2.22s 
145376     INFO  main            d.u.i.k.p.i.AbstractProblemLoader Replaying proof allClausesLength4.key.proof 
145389     DEBUG main            d.u.i.k.p.i.IntermediateProofReplayer Proof replay took 9.79ms 
145390     DEBUG main            d.u.i.k.p.r.p.TestFile    ... success: reloaded. 
145391     INFO  main            d.u.i.k.p.r.p.TestFile    Now processing file /home/runner/work/key/key/key.core/../key.ui/examples/standard_key/prop_log/allClausesLength5.key 
145392     INFO  main            d.u.i.k.p.i.AbstractProblemLoader Loading environment from /home/runner/work/key/key/key.core/../key.ui/examples/standard_key/prop_log/allClausesLength5.key 
145392     DEBUG main            d.u.i.k.p.i.AbstractProblemLoader Environment load took 169.4ns 
145393     INFO  main            d.u.i.k.p.i.AbstractProblemLoader Creating init config 
147686     DEBUG main            d.u.i.k.p.i.AbstractProblemLoader Init config took 2.29s 
147701     INFO  main            d.u.i.k.p.i.AbstractProblemLoader Replaying proof allClausesLength5.key 
147702     DEBUG main            d.u.i.k.p.i.IntermediateProofReplayer Proof replay took 7.2ns 
147909     INFO  main            d.u.i.k.p.r.p.TestFile    ... finished proof: closed. 
148191     INFO  main            d.u.i.k.p.i.AbstractProblemLoader Loading environment from /home/runner/work/key/key/key.core/../key.ui/examples/standard_key/prop_log/allClausesLength5.key.proof 
148192     DEBUG main            d.u.i.k.p.i.AbstractProblemLoader Environment load took 333.3ns 
148193     INFO  main            d.u.i.k.p.i.AbstractProblemLoader Creating init config 
150413     DEBUG main            d.u.i.k.p.i.AbstractProblemLoader Init config took 2.22s 
150427     INFO  main            d.u.i.k.p.i.AbstractProblemLoader Replaying proof allClausesLength5.key.proof 
150463     DEBUG main            d.u.i.k.p.i.IntermediateProofReplayer Proof replay took 31.11ms 
150465     DEBUG main            d.u.i.k.p.r.p.TestFile    ... success: reloaded. 
150466     INFO  main            d.u.i.k.p.r.p.TestFile    Now processing file /home/runner/work/key/key/key.core/../key.ui/examples/standard_key/prop_log/doubleNeg.key 
150466     INFO  main            d.u.i.k.p.i.AbstractProblemLoader Loading environment from /home/runner/work/key/key/key.core/../key.ui/examples/standard_key/prop_log/doubleNeg.key 
150466     DEBUG main            d.u.i.k.p.i.AbstractProblemLoader Environment load took 164.8ns 
150467     INFO  main            d.u.i.k.p.i.AbstractProblemLoader Creating init config 
152804     DEBUG main            d.u.i.k.p.i.AbstractProblemLoader Init config took 2.34s 
152817     INFO  main            d.u.i.k.p.i.AbstractProblemLoader Replaying proof doubleNeg.key 
152818     DEBUG main            d.u.i.k.p.i.IntermediateProofReplayer Proof replay took 7ns 
152919     INFO  main            d.u.i.k.p.r.p.TestFile    ... finished proof: closed. 
153189     INFO  main            d.u.i.k.p.i.AbstractProblemLoader Loading environment from /home/runner/work/key/key/key.core/../key.ui/examples/standard_key/prop_log/doubleNeg.key.proof 
153189     DEBUG main            d.u.i.k.p.i.AbstractProblemLoader Environment load took 100.4ns 
153190     INFO  main            d.u.i.k.p.i.AbstractProblemLoader Creating init config 
155414     DEBUG main            d.u.i.k.p.i.AbstractProblemLoader Init config took 2.22s 
155428     INFO  main            d.u.i.k.p.i.AbstractProblemLoader Replaying proof doubleNeg.key.proof 
155430     DEBUG main            d.u.i.k.p.i.IntermediateProofReplayer Proof replay took 362.3ns 
155430     DEBUG main            d.u.i.k.p.r.p.TestFile    ... success: reloaded. 
155431     INFO  main            d.u.i.k.p.r.p.TestFile    Now processing file /home/runner/work/key/key/key.core/../key.ui/examples/standard_key/prop_log/liarsville.key 
155431     INFO  main            d.u.i.k.p.i.AbstractProblemLoader Loading environment from /home/runner/work/key/key/key.core/../key.ui/examples/standard_key/prop_log/liarsville.key 
155431     DEBUG main            d.u.i.k.p.i.AbstractProblemLoader Environment load took 155.1ns 
155432     INFO  main            d.u.i.k.p.i.AbstractProblemLoader Creating init config 
157692     DEBUG main            d.u.i.k.p.i.AbstractProblemLoader Init config took 2.26s 
157705     INFO  main            d.u.i.k.p.i.AbstractProblemLoader Replaying proof liarsville.key 
157706     DEBUG main            d.u.i.k.p.i.IntermediateProofReplayer Proof replay took 7ns 
157808     INFO  main            d.u.i.k.p.r.p.TestFile    ... finished proof: closed. 
158074     INFO  main            d.u.i.k.p.i.AbstractProblemLoader Loading environment from /home/runner/work/key/key/key.core/../key.ui/examples/standard_key/prop_log/liarsville.key.proof 
158074     DEBUG main            d.u.i.k.p.i.AbstractProblemLoader Environment load took 100.3ns 
158075     INFO  main            d.u.i.k.p.i.AbstractProblemLoader Creating init config 
160292     DEBUG main            d.u.i.k.p.i.AbstractProblemLoader Init config took 2.22s 
160305     INFO  main            d.u.i.k.p.i.AbstractProblemLoader Replaying proof liarsville.key.proof 
160307     DEBUG main            d.u.i.k.p.i.IntermediateProofReplayer Proof replay took 1.04ms 
160308     DEBUG main            d.u.i.k.p.r.p.TestFile    ... success: reloaded. 
160309     INFO  main            d.u.i.k.p.r.p.TestFile    Now processing file /home/runner/work/key/key/key.core/../key.ui/examples/standard_key/prop_log/simplest.key 
160309     INFO  main            d.u.i.k.p.i.AbstractProblemLoader Loading environment from /home/runner/work/key/key/key.core/../key.ui/examples/standard_key/prop_log/simplest.key 
160309     DEBUG main            d.u.i.k.p.i.AbstractProblemLoader Environment load took 61.7ns 
160310     INFO  main            d.u.i.k.p.i.AbstractProblemLoader Creating init config 
162579     DEBUG main            d.u.i.k.p.i.AbstractProblemLoader Init config took 2.27s 
162592     INFO  main            d.u.i.k.p.i.AbstractProblemLoader Replaying proof simplest.key 
162593     DEBUG main            d.u.i.k.p.i.IntermediateProofReplayer Proof replay took 7ns 
162695     INFO  main            d.u.i.k.p.r.p.TestFile    ... finished proof: closed. 
162966     INFO  main            d.u.i.k.p.i.AbstractProblemLoader Loading environment from /home/runner/work/key/key/key.core/../key.ui/examples/standard_key/prop_log/simplest.key.proof 
162966     DEBUG main            d.u.i.k.p.i.AbstractProblemLoader Environment load took 93.7ns 
162967     INFO  main            d.u.i.k.p.i.AbstractProblemLoader Creating init config 
165186     DEBUG main            d.u.i.k.p.i.AbstractProblemLoader Init config took 2.22s 
165199     INFO  main            d.u.i.k.p.i.AbstractProblemLoader Replaying proof simplest.key.proof 
165201     DEBUG main            d.u.i.k.p.i.IntermediateProofReplayer Proof replay took 90.8ns 
165201     DEBUG main            d.u.i.k.p.r.p.TestFile    ... success: reloaded. 
165202     INFO  main            d.u.i.k.p.r.p.TestFile    Now processing file /home/runner/work/key/key/key.core/../key.ui/examples/standard_key/prop_log/contraposition.key 
165202     INFO  main            d.u.i.k.p.i.AbstractProblemLoader Loading environment from /home/runner/work/key/key/key.core/../key.ui/examples/standard_key/prop_log/contraposition.key 
165202     DEBUG main            d.u.i.k.p.i.AbstractProblemLoader Environment load took 48.8ns 
165203     INFO  main            d.u.i.k.p.i.AbstractProblemLoader Creating init config 
167457     DEBUG main            d.u.i.k.p.i.AbstractProblemLoader Init config took 2.25s 
167470     INFO  main            d.u.i.k.p.i.AbstractProblemLoader Replaying proof contraposition.key 
167471     DEBUG main            d.u.i.k.p.i.IntermediateProofReplayer Proof replay took 7ns 
167575     INFO  main            d.u.i.k.p.r.p.TestFile    ... finished proof: closed. 
167848     INFO  main            d.u.i.k.p.i.AbstractProblemLoader Loading environment from /home/runner/work/key/key/key.core/../key.ui/examples/standard_key/prop_log/contraposition.key.proof 
167848     DEBUG main            d.u.i.k.p.i.AbstractProblemLoader Environment load took 98ns 
167849     INFO  main            d.u.i.k.p.i.AbstractProblemLoader Creating init config 
170068     DEBUG main            d.u.i.k.p.i.AbstractProblemLoader Init config took 2.22s 
170081     INFO  main            d.u.i.k.p.i.AbstractProblemLoader Replaying proof contraposition.key.proof 
170083     DEBUG main            d.u.i.k.p.i.IntermediateProofReplayer Proof replay took 464.9ns 
170084     DEBUG main            d.u.i.k.p.r.p.TestFile    ... success: reloaded. 
170084     INFO  main            d.u.i.k.p.r.p.TestFile    Now processing file /home/runner/work/key/key/key.core/../key.ui/examples/standard_key/quantifiers/elimination0.key 
170085     INFO  main            d.u.i.k.p.i.AbstractProblemLoader Loading environment from /home/runner/work/key/key/key.core/../key.ui/examples/standard_key/quantifiers/elimination0.key 
170085     DEBUG main            d.u.i.k.p.i.AbstractProblemLoader Environment load took 158ns 
170086     INFO  main            d.u.i.k.p.i.AbstractProblemLoader Creating init config 
172335     DEBUG main            d.u.i.k.p.i.AbstractProblemLoader Init config took 2.25s 
172347     INFO  main            d.u.i.k.p.i.AbstractProblemLoader Replaying proof elimination0.key 
172349     DEBUG main            d.u.i.k.p.i.IntermediateProofReplayer Proof replay took 6.7ns 
172451     INFO  main            d.u.i.k.p.r.p.TestFile    ... finished proof: closed. 
172732     INFO  main            d.u.i.k.p.i.AbstractProblemLoader Loading environment from /home/runner/work/key/key/key.core/../key.ui/examples/standard_key/quantifiers/elimination0.key.proof 
172732     DEBUG main            d.u.i.k.p.i.AbstractProblemLoader Environment load took 95.6ns 
172733     INFO  main            d.u.i.k.p.i.AbstractProblemLoader Creating init config 
174956     DEBUG main            d.u.i.k.p.i.AbstractProblemLoader Init config took 2.22s 
174970     INFO  main            d.u.i.k.p.i.AbstractProblemLoader Replaying proof elimination0.key.proof 
174973     DEBUG main            d.u.i.k.p.i.IntermediateProofReplayer Proof replay took 1.16ms 
174973     DEBUG main            d.u.i.k.p.r.p.TestFile    ... success: reloaded. 
174974     INFO  main            d.u.i.k.p.r.p.TestFile    Now processing file /home/runner/work/key/key/key.core/../key.ui/examples/standard_key/quantifiers/heuristic_PUZ001p1-eq.key 
174975     INFO  main            d.u.i.k.p.i.AbstractProblemLoader Loading environment from /home/runner/work/key/key/key.core/../key.ui/examples/standard_key/quantifiers/heuristic_PUZ001p1-eq.key 
174975     DEBUG main            d.u.i.k.p.i.AbstractProblemLoader Environment load took 140.2ns 
174976     INFO  main            d.u.i.k.p.i.AbstractProblemLoader Creating init config 
177268     DEBUG main            d.u.i.k.p.i.AbstractProblemLoader Init config took 2.29s 
177282     INFO  main            d.u.i.k.p.i.AbstractProblemLoader Replaying proof heuristic_PUZ001p1-eq.key 
177283     DEBUG main            d.u.i.k.p.i.IntermediateProofReplayer Proof replay took 6.5ns 
177385     INFO  main            d.u.i.k.p.r.p.TestFile    ... finished proof: closed. 
177666     INFO  main            d.u.i.k.p.i.AbstractProblemLoader Loading environment from /home/runner/work/key/key/key.core/../key.ui/examples/standard_key/quantifiers/heuristic_PUZ001p1-eq.key.proof 
177666     DEBUG main            d.u.i.k.p.i.AbstractProblemLoader Environment load took 102.8ns 
177667     INFO  main            d.u.i.k.p.i.AbstractProblemLoader Creating init config 
179902     DEBUG main            d.u.i.k.p.i.AbstractProblemLoader Init config took 2.23s 
179916     INFO  main            d.u.i.k.p.i.AbstractProblemLoader Replaying proof heuristic_PUZ001p1-eq.key.proof 
179927     DEBUG main            d.u.i.k.p.i.IntermediateProofReplayer Proof replay took 8.97ms 
179928     DEBUG main            d.u.i.k.p.r.p.TestFile    ... success: reloaded. 
179929     INFO  main            d.u.i.k.p.r.p.TestFile    Now processing file /home/runner/work/key/key/key.core/../key.ui/examples/standard_key/quantifiers/heuristic_PUZ001p1.key 
179929     INFO  main            d.u.i.k.p.i.AbstractProblemLoader Loading environment from /home/runner/work/key/key/key.core/../key.ui/examples/standard_key/quantifiers/heuristic_PUZ001p1.key 
179929     DEBUG main            d.u.i.k.p.i.AbstractProblemLoader Environment load took 71ns 
179930     INFO  main            d.u.i.k.p.i.AbstractProblemLoader Creating init config 
182205     DEBUG main            d.u.i.k.p.i.AbstractProblemLoader Init config took 2.27s 
182219     INFO  main            d.u.i.k.p.i.AbstractProblemLoader Replaying proof heuristic_PUZ001p1.key 
182221     DEBUG main            d.u.i.k.p.i.IntermediateProofReplayer Proof replay took 6.8ns 
183526     INFO  main            d.u.i.k.p.r.p.TestFile    ... finished proof: closed. 
183838     INFO  main            d.u.i.k.p.i.AbstractProblemLoader Loading environment from /home/runner/work/key/key/key.core/../key.ui/examples/standard_key/quantifiers/heuristic_PUZ001p1.key.proof 
183839     DEBUG main            d.u.i.k.p.i.AbstractProblemLoader Environment load took 332.6ns 
183840     INFO  main            d.u.i.k.p.i.AbstractProblemLoader Creating init config 
186056     DEBUG main            d.u.i.k.p.i.AbstractProblemLoader Init config took 2.22s 
186071     INFO  main            d.u.i.k.p.i.AbstractProblemLoader Replaying proof heuristic_PUZ001p1.key.proof 
186115     DEBUG main            d.u.i.k.p.i.IntermediateProofReplayer Proof replay took 39.62ms 
186116     DEBUG main            d.u.i.k.p.r.p.TestFile    ... success: reloaded. 
186117     INFO  main            d.u.i.k.p.r.p.TestFile    Now processing file /home/runner/work/key/key/key.core/../key.ui/examples/standard_key/quantifiers/heuristic_PUZ031p1.key 
186117     INFO  main            d.u.i.k.p.i.AbstractProblemLoader Loading environment from /home/runner/work/key/key/key.core/../key.ui/examples/standard_key/quantifiers/heuristic_PUZ031p1.key 
186117     DEBUG main            d.u.i.k.p.i.AbstractProblemLoader Environment load took 84.2ns 
186119     INFO  main            d.u.i.k.p.i.AbstractProblemLoader Creating init config 
188417     DEBUG main            d.u.i.k.p.i.AbstractProblemLoader Init config took 2.3s 
188432     INFO  main            d.u.i.k.p.i.AbstractProblemLoader Replaying proof heuristic_PUZ031p1.key 
188433     DEBUG main            d.u.i.k.p.i.IntermediateProofReplayer Proof replay took 7.2ns 
192951     INFO  main            d.u.i.k.p.r.p.TestFile    ... finished proof: closed. 
193278     INFO  main            d.u.i.k.p.i.AbstractProblemLoader Loading environment from /home/runner/work/key/key/key.core/../key.ui/examples/standard_key/quantifiers/heuristic_PUZ031p1.key.proof 
193279     DEBUG main            d.u.i.k.p.i.AbstractProblemLoader Environment load took 449.6ns 
193281     INFO  main            d.u.i.k.p.i.AbstractProblemLoader Creating init config 
195481     DEBUG main            d.u.i.k.p.i.AbstractProblemLoader Init config took 2.2s 
195500     INFO  main            d.u.i.k.p.i.AbstractProblemLoader Replaying proof heuristic_PUZ031p1.key.proof 
195560     DEBUG main            d.u.i.k.p.i.IntermediateProofReplayer Proof replay took 44.98ms 
195561     DEBUG main            d.u.i.k.p.r.p.TestFile    ... success: reloaded. 
195562     INFO  main            d.u.i.k.p.r.p.TestFile    Now processing file /home/runner/work/key/key/key.core/../key.ui/examples/standard_key/quantifiers/heuristic_SYN036p2.key 
195562     INFO  main            d.u.i.k.p.i.AbstractProblemLoader Loading environment from /home/runner/work/key/key/key.core/../key.ui/examples/standard_key/quantifiers/heuristic_SYN036p2.key 
195562     DEBUG main            d.u.i.k.p.i.AbstractProblemLoader Environment load took 78.5ns 
195563     INFO  main            d.u.i.k.p.i.AbstractProblemLoader Creating init config 
197806     DEBUG main            d.u.i.k.p.i.AbstractProblemLoader Init config took 2.24s 
197819     INFO  main            d.u.i.k.p.i.AbstractProblemLoader Replaying proof heuristic_SYN036p2.key 
197820     DEBUG main            d.u.i.k.p.i.IntermediateProofReplayer Proof replay took 7ns 
198025     INFO  main            d.u.i.k.p.r.p.TestFile    ... finished proof: closed. 
198360     INFO  main            d.u.i.k.p.i.AbstractProblemLoader Loading environment from /home/runner/work/key/key/key.core/../key.ui/examples/standard_key/quantifiers/heuristic_SYN036p2.key.proof 
198361     DEBUG main            d.u.i.k.p.i.AbstractProblemLoader Environment load took 321.1ns 
198362     INFO  main            d.u.i.k.p.i.AbstractProblemLoader Creating init config 
200566     DEBUG main            d.u.i.k.p.i.AbstractProblemLoader Init config took 2.2s 
200580     INFO  main            d.u.i.k.p.i.AbstractProblemLoader Replaying proof heuristic_SYN036p2.key.proof 
200633     DEBUG main            d.u.i.k.p.i.IntermediateProofReplayer Proof replay took 46.02ms 
200634     DEBUG main            d.u.i.k.p.r.p.TestFile    ... success: reloaded. 
200635     INFO  main            d.u.i.k.p.r.p.TestFile    Now processing file /home/runner/work/key/key/key.core/../key.ui/examples/standard_key/quantifiers/injectivity.key 
200635     INFO  main            d.u.i.k.p.i.AbstractProblemLoader Loading environment from /home/runner/work/key/key/key.core/../key.ui/examples/standard_key/quantifiers/injectivity.key 
200635     DEBUG main            d.u.i.k.p.i.AbstractProblemLoader Environment load took 81.3ns 
200636     INFO  main            d.u.i.k.p.i.AbstractProblemLoader Creating init config 
202879     DEBUG main            d.u.i.k.p.i.AbstractProblemLoader Init config took 2.24s 
202892     INFO  main            d.u.i.k.p.i.AbstractProblemLoader Replaying proof injectivity.key 
202893     DEBUG main            d.u.i.k.p.i.IntermediateProofReplayer Proof replay took 7.2ns 
202995     INFO  main            d.u.i.k.p.r.p.TestFile    ... finished proof: closed. 
203311     INFO  main            d.u.i.k.p.i.AbstractProblemLoader Loading environment from /home/runner/work/key/key/key.core/../key.ui/examples/standard_key/quantifiers/injectivity.key.proof 
203311     DEBUG main            d.u.i.k.p.i.AbstractProblemLoader Environment load took 98.7ns 
203312     INFO  main            d.u.i.k.p.i.AbstractProblemLoader Creating init config 
205508     DEBUG main            d.u.i.k.p.i.AbstractProblemLoader Init config took 2.2s 
205521     INFO  main            d.u.i.k.p.i.AbstractProblemLoader Replaying proof injectivity.key.proof 
205524     DEBUG main            d.u.i.k.p.i.IntermediateProofReplayer Proof replay took 1.69ms 
205525     DEBUG main            d.u.i.k.p.r.p.TestFile    ... success: reloaded. 
205526     INFO  main            d.u.i.k.p.r.p.TestFile    Now processing file /home/runner/work/key/key/key.core/../key.ui/examples/standard_key/quantifiers/normalisation0.key 
205526     INFO  main            d.u.i.k.p.i.AbstractProblemLoader Loading environment from /home/runner/work/key/key/key.core/../key.ui/examples/standard_key/quantifiers/normalisation0.key 
205526     DEBUG main            d.u.i.k.p.i.AbstractProblemLoader Environment load took 109.3ns 
205527     INFO  main            d.u.i.k.p.i.AbstractProblemLoader Creating init config 
207770     DEBUG main            d.u.i.k.p.i.AbstractProblemLoader Init config took 2.24s 
207783     INFO  main            d.u.i.k.p.i.AbstractProblemLoader Replaying proof normalisation0.key 
207785     DEBUG main            d.u.i.k.p.i.IntermediateProofReplayer Proof replay took 8.5ns 
207890     INFO  main            d.u.i.k.p.r.p.TestFile    ... finished proof: closed. 
208215     INFO  main            d.u.i.k.p.i.AbstractProblemLoader Loading environment from /home/runner/work/key/key/key.core/../key.ui/examples/standard_key/quantifiers/normalisation0.key.proof 
208215     DEBUG main            d.u.i.k.p.i.AbstractProblemLoader Environment load took 91.2ns 
208216     INFO  main            d.u.i.k.p.i.AbstractProblemLoader Creating init config 
210416     DEBUG main            d.u.i.k.p.i.AbstractProblemLoader Init config took 2.2s 
210429     INFO  main            d.u.i.k.p.i.AbstractProblemLoader Replaying proof normalisation0.key.proof 
210432     DEBUG main            d.u.i.k.p.i.IntermediateProofReplayer Proof replay took 2.15ms 
210433     DEBUG main            d.u.i.k.p.r.p.TestFile    ... success: reloaded. 
210434     INFO  main            d.u.i.k.p.r.p.TestFile    Now processing file /home/runner/work/key/key/key.core/../key.ui/examples/standard_key/quantifiers/normalisation1.key 
210434     INFO  main            d.u.i.k.p.i.AbstractProblemLoader Loading environment from /home/runner/work/key/key/key.core/../key.ui/examples/standard_key/quantifiers/normalisation1.key 
210434     DEBUG main            d.u.i.k.p.i.AbstractProblemLoader Environment load took 101.3ns 
210435     INFO  main            d.u.i.k.p.i.AbstractProblemLoader Creating init config 
212689     DEBUG main            d.u.i.k.p.i.AbstractProblemLoader Init config took 2.25s 
212705     INFO  main            d.u.i.k.p.i.AbstractProblemLoader Replaying proof normalisation1.key 
212706     DEBUG main            d.u.i.k.p.i.IntermediateProofReplayer Proof replay took 7.1ns 
212812     INFO  main            d.u.i.k.p.r.p.TestFile    ... finished proof: closed. 
213138     INFO  main            d.u.i.k.p.i.AbstractProblemLoader Loading environment from /home/runner/work/key/key/key.core/../key.ui/examples/standard_key/quantifiers/normalisation1.key.proof 
213138     DEBUG main            d.u.i.k.p.i.AbstractProblemLoader Environment load took 89ns 
213140     INFO  main            d.u.i.k.p.i.AbstractProblemLoader Creating init config 
215349     DEBUG main            d.u.i.k.p.i.AbstractProblemLoader Init config took 2.21s 
215372     INFO  main            d.u.i.k.p.i.AbstractProblemLoader Replaying proof normalisation1.key.proof 
215377     DEBUG main            d.u.i.k.p.i.IntermediateProofReplayer Proof replay took 3.41ms 
215378     DEBUG main            d.u.i.k.p.r.p.TestFile    ... success: reloaded. 
215383     INFO  main            d.u.i.k.p.r.p.TestFile    Now processing file /home/runner/work/key/key/key.core/../key.ui/examples/standard_key/quantifiers/normalisation2.key 
215383     INFO  main            d.u.i.k.p.i.AbstractProblemLoader Loading environment from /home/runner/work/key/key/key.core/../key.ui/examples/standard_key/quantifiers/normalisation2.key 
215384     DEBUG main            d.u.i.k.p.i.AbstractProblemLoader Environment load took 166.1ns 
215385     INFO  main            d.u.i.k.p.i.AbstractProblemLoader Creating init config 
217627     DEBUG main            d.u.i.k.p.i.AbstractProblemLoader Init config took 2.24s 
217640     INFO  main            d.u.i.k.p.i.AbstractProblemLoader Replaying proof normalisation2.key 
217642     DEBUG main            d.u.i.k.p.i.IntermediateProofReplayer Proof replay took 7.6ns 
217743     INFO  main            d.u.i.k.p.r.p.TestFile    ... finished proof: closed. 
218064     INFO  main            d.u.i.k.p.i.AbstractProblemLoader Loading environment from /home/runner/work/key/key/key.core/../key.ui/examples/standard_key/quantifiers/normalisation2.key.proof 
218065     DEBUG main            d.u.i.k.p.i.AbstractProblemLoader Environment load took 107.3ns 
218066     INFO  main            d.u.i.k.p.i.AbstractProblemLoader Creating init config 
220279     DEBUG main            d.u.i.k.p.i.AbstractProblemLoader Init config took 2.21s 
220293     INFO  main            d.u.i.k.p.i.AbstractProblemLoader Replaying proof normalisation2.key.proof 
220297     DEBUG main            d.u.i.k.p.i.IntermediateProofReplayer Proof replay took 1.89ms 
220297     DEBUG main            d.u.i.k.p.r.p.TestFile    ... success: reloaded. 
220298     INFO  main            d.u.i.k.p.r.p.TestFile    Now processing file /home/runner/work/key/key/key.core/../key.ui/examples/standard_key/quantifiers/normalisation3.key 
220298     INFO  main            d.u.i.k.p.i.AbstractProblemLoader Loading environment from /home/runner/work/key/key/key.core/../key.ui/examples/standard_key/quantifiers/normalisation3.key 
220298     DEBUG main            d.u.i.k.p.i.AbstractProblemLoader Environment load took 77.6ns 
220299     INFO  main            d.u.i.k.p.i.AbstractProblemLoader Creating init config 
222569     DEBUG main            d.u.i.k.p.i.AbstractProblemLoader Init config took 2.27s 
222582     INFO  main            d.u.i.k.p.i.AbstractProblemLoader Replaying proof normalisation3.key 
222584     DEBUG main            d.u.i.k.p.i.IntermediateProofReplayer Proof replay took 6.7ns 
222685     INFO  main            d.u.i.k.p.r.p.TestFile    ... finished proof: closed. 
223011     INFO  main            d.u.i.k.p.i.AbstractProblemLoader Loading environment from /home/runner/work/key/key/key.core/../key.ui/examples/standard_key/quantifiers/normalisation3.key.proof 
223011     DEBUG main            d.u.i.k.p.i.AbstractProblemLoader Environment load took 94.8ns 
223012     INFO  main            d.u.i.k.p.i.AbstractProblemLoader Creating init config 
225219     DEBUG main            d.u.i.k.p.i.AbstractProblemLoader Init config took 2.21s 
225233     INFO  main            d.u.i.k.p.i.AbstractProblemLoader Replaying proof normalisation3.key.proof 
225236     DEBUG main            d.u.i.k.p.i.IntermediateProofReplayer Proof replay took 2.14ms 
225237     DEBUG main            d.u.i.k.p.r.p.TestFile    ... success: reloaded. 
225237     INFO  main            d.u.i.k.p.r.p.TestFile    Now processing file /home/runner/work/key/key/key.core/../key.ui/examples/standard_key/quantifiers/normalisation4.key 
225238     INFO  main            d.u.i.k.p.i.AbstractProblemLoader Loading environment from /home/runner/work/key/key/key.core/../key.ui/examples/standard_key/quantifiers/normalisation4.key 
225238     DEBUG main            d.u.i.k.p.i.AbstractProblemLoader Environment load took 63ns 
225239     INFO  main            d.u.i.k.p.i.AbstractProblemLoader Creating init config 
227482     DEBUG main            d.u.i.k.p.i.AbstractProblemLoader Init config took 2.24s 
227495     INFO  main            d.u.i.k.p.i.AbstractProblemLoader Replaying proof normalisation4.key 
227496     DEBUG main            d.u.i.k.p.i.IntermediateProofReplayer Proof replay took 7.4ns 
227598     INFO  main            d.u.i.k.p.r.p.TestFile    ... finished proof: closed. 
227928     INFO  main            d.u.i.k.p.i.AbstractProblemLoader Loading environment from /home/runner/work/key/key/key.core/../key.ui/examples/standard_key/quantifiers/normalisation4.key.proof 
227928     DEBUG main            d.u.i.k.p.i.AbstractProblemLoader Environment load took 92ns 
227930     INFO  main            d.u.i.k.p.i.AbstractProblemLoader Creating init config 
230165     DEBUG main            d.u.i.k.p.i.AbstractProblemLoader Init config took 2.24s 
230178     INFO  main            d.u.i.k.p.i.AbstractProblemLoader Replaying proof normalisation4.key.proof 
230184     DEBUG main            d.u.i.k.p.i.IntermediateProofReplayer Proof replay took 4.41ms 
230185     DEBUG main            d.u.i.k.p.r.p.TestFile    ... success: reloaded. 
230186     INFO  main            d.u.i.k.p.r.p.TestFile    Now processing file /home/runner/work/key/key/key.core/../key.ui/examples/standard_key/quantifiers/normalisation5.key 
230186     INFO  main            d.u.i.k.p.i.AbstractProblemLoader Loading environment from /home/runner/work/key/key/key.core/../key.ui/examples/standard_key/quantifiers/normalisation5.key 
230186     DEBUG main            d.u.i.k.p.i.AbstractProblemLoader Environment load took 104.2ns 
230187     INFO  main            d.u.i.k.p.i.AbstractProblemLoader Creating init config 
232433     DEBUG main            d.u.i.k.p.i.AbstractProblemLoader Init config took 2.25s 
232447     INFO  main            d.u.i.k.p.i.AbstractProblemLoader Replaying proof normalisation5.key 
232448     DEBUG main            d.u.i.k.p.i.IntermediateProofReplayer Proof replay took 7.5ns 
232550     INFO  main            d.u.i.k.p.r.p.TestFile    ... finished proof: closed. 
232894     INFO  main            d.u.i.k.p.i.AbstractProblemLoader Loading environment from /home/runner/work/key/key/key.core/../key.ui/examples/standard_key/quantifiers/normalisation5.key.proof 
232894     DEBUG main            d.u.i.k.p.i.AbstractProblemLoader Environment load took 92ns 
232895     INFO  main            d.u.i.k.p.i.AbstractProblemLoader Creating init config 
235108     DEBUG main            d.u.i.k.p.i.AbstractProblemLoader Init config took 2.21s 
235121     INFO  main            d.u.i.k.p.i.AbstractProblemLoader Replaying proof normalisation5.key.proof 
235126     DEBUG main            d.u.i.k.p.i.IntermediateProofReplayer Proof replay took 3.48ms 
235127     DEBUG main            d.u.i.k.p.r.p.TestFile    ... success: reloaded. 
235127     INFO  main            d.u.i.k.p.r.p.TestFile    Now processing file /home/runner/work/key/key/key.core/../key.ui/examples/standard_key/quantifiers/normalisation6.key 
235128     INFO  main            d.u.i.k.p.i.AbstractProblemLoader Loading environment from /home/runner/work/key/key/key.core/../key.ui/examples/standard_key/quantifiers/normalisation6.key 
235128     DEBUG main            d.u.i.k.p.i.AbstractProblemLoader Environment load took 95ns 
235129     INFO  main            d.u.i.k.p.i.AbstractProblemLoader Creating init config 
237374     DEBUG main            d.u.i.k.p.i.AbstractProblemLoader Init config took 2.25s 
237388     INFO  main            d.u.i.k.p.i.AbstractProblemLoader Replaying proof normalisation6.key 
237389     DEBUG main            d.u.i.k.p.i.IntermediateProofReplayer Proof replay took 7.7ns 
237492     INFO  main            d.u.i.k.p.r.p.TestFile    ... finished proof: closed. 
237840     INFO  main            d.u.i.k.p.i.AbstractProblemLoader Loading environment from /home/runner/work/key/key/key.core/../key.ui/examples/standard_key/quantifiers/normalisation6.key.proof 
237840     DEBUG main            d.u.i.k.p.i.AbstractProblemLoader Environment load took 89.6ns 
237841     INFO  main            d.u.i.k.p.i.AbstractProblemLoader Creating init config 
240053     DEBUG main            d.u.i.k.p.i.AbstractProblemLoader Init config took 2.21s 
240067     INFO  main            d.u.i.k.p.i.AbstractProblemLoader Replaying proof normalisation6.key.proof 
240070     DEBUG main            d.u.i.k.p.i.IntermediateProofReplayer Proof replay took 2.1ms 
240071     DEBUG main            d.u.i.k.p.r.p.TestFile    ... success: reloaded. 
240072     INFO  main            d.u.i.k.p.r.p.TestFile    Now processing file /home/runner/work/key/key/key.core/../key.ui/examples/standard_key/quantifiers/normalisation7.key 
240072     INFO  main            d.u.i.k.p.i.AbstractProblemLoader Loading environment from /home/runner/work/key/key/key.core/../key.ui/examples/standard_key/quantifiers/normalisation7.key 
240072     DEBUG main            d.u.i.k.p.i.AbstractProblemLoader Environment load took 108ns 
240073     INFO  main            d.u.i.k.p.i.AbstractProblemLoader Creating init config 
242314     DEBUG main            d.u.i.k.p.i.AbstractProblemLoader Init config took 2.24s 
242327     INFO  main            d.u.i.k.p.i.AbstractProblemLoader Replaying proof normalisation7.key 
242328     DEBUG main            d.u.i.k.p.i.IntermediateProofReplayer Proof replay took 7.3ns 
242430     INFO  main            d.u.i.k.p.r.p.TestFile    ... finished proof: closed. 
242786     INFO  main            d.u.i.k.p.i.AbstractProblemLoader Loading environment from /home/runner/work/key/key/key.core/../key.ui/examples/standard_key/quantifiers/normalisation7.key.proof 
242786     DEBUG main            d.u.i.k.p.i.AbstractProblemLoader Environment load took 105.2ns 
242787     INFO  main            d.u.i.k.p.i.AbstractProblemLoader Creating init config 
244977     DEBUG main            d.u.i.k.p.i.AbstractProblemLoader Init config took 2.19s 
244991     INFO  main            d.u.i.k.p.i.AbstractProblemLoader Replaying proof normalisation7.key.proof 
244995     DEBUG main            d.u.i.k.p.i.IntermediateProofReplayer Proof replay took 2.13ms 
244995     DEBUG main            d.u.i.k.p.r.p.TestFile    ... success: reloaded. 
244996     INFO  main            d.u.i.k.p.r.p.TestFile    Now processing file /home/runner/work/key/key/key.core/../key.ui/examples/standard_key/quantifiers/normalisation8.key 
244996     INFO  main            d.u.i.k.p.i.AbstractProblemLoader Loading environment from /home/runner/work/key/key/key.core/../key.ui/examples/standard_key/quantifiers/normalisation8.key 
244996     DEBUG main            d.u.i.k.p.i.AbstractProblemLoader Environment load took 85ns 
244997     INFO  main            d.u.i.k.p.i.AbstractProblemLoader Creating init config 
247231     DEBUG main            d.u.i.k.p.i.AbstractProblemLoader Init config took 2.23s 
247246     INFO  main            d.u.i.k.p.i.AbstractProblemLoader Replaying proof normalisation8.key 
247247     DEBUG main            d.u.i.k.p.i.IntermediateProofReplayer Proof replay took 7.7ns 
247352     INFO  main            d.u.i.k.p.r.p.TestFile    ... finished proof: closed. 
247706     INFO  main            d.u.i.k.p.i.AbstractProblemLoader Loading environment from /home/runner/work/key/key/key.core/../key.ui/examples/standard_key/quantifiers/normalisation8.key.proof 
247706     DEBUG main            d.u.i.k.p.i.AbstractProblemLoader Environment load took 100.2ns 
247707     INFO  main            d.u.i.k.p.i.AbstractProblemLoader Creating init config 
249915     DEBUG main            d.u.i.k.p.i.AbstractProblemLoader Init config took 2.21s 
249929     INFO  main            d.u.i.k.p.i.AbstractProblemLoader Replaying proof normalisation8.key.proof 
249935     DEBUG main            d.u.i.k.p.i.IntermediateProofReplayer Proof replay took 4.49ms 
249936     DEBUG main            d.u.i.k.p.r.p.TestFile    ... success: reloaded. 
249936     INFO  main            d.u.i.k.p.r.p.TestFile    Now processing file /home/runner/work/key/key/key.core/../key.ui/examples/standard_key/quantifiers/normalisation9.key 
249937     INFO  main            d.u.i.k.p.i.AbstractProblemLoader Loading environment from /home/runner/work/key/key/key.core/../key.ui/examples/standard_key/quantifiers/normalisation9.key 
249937     DEBUG main            d.u.i.k.p.i.AbstractProblemLoader Environment load took 76.3ns 
249938     INFO  main            d.u.i.k.p.i.AbstractProblemLoader Creating init config 
252174     DEBUG main            d.u.i.k.p.i.AbstractProblemLoader Init config took 2.24s 
252187     INFO  main            d.u.i.k.p.i.AbstractProblemLoader Replaying proof normalisation9.key 
252188     DEBUG main            d.u.i.k.p.i.IntermediateProofReplayer Proof replay took 8ns 
252290     INFO  main            d.u.i.k.p.r.p.TestFile    ... finished proof: closed. 
252659     INFO  main            d.u.i.k.p.i.AbstractProblemLoader Loading environment from /home/runner/work/key/key/key.core/../key.ui/examples/standard_key/quantifiers/normalisation9.key.proof 
252659     DEBUG main            d.u.i.k.p.i.AbstractProblemLoader Environment load took 110.2ns 
252661     INFO  main            d.u.i.k.p.i.AbstractProblemLoader Creating init config 
254865     DEBUG main            d.u.i.k.p.i.AbstractProblemLoader Init config took 2.2s 
254878     INFO  main            d.u.i.k.p.i.AbstractProblemLoader Replaying proof normalisation9.key.proof 
254885     DEBUG main            d.u.i.k.p.i.IntermediateProofReplayer Proof replay took 5.74ms 
254886     DEBUG main            d.u.i.k.p.r.p.TestFile    ... success: reloaded. 
254887     INFO  main            d.u.i.k.p.r.p.TestFile    Now processing file /home/runner/work/key/key/key.core/../key.ui/examples/standard_key/quantifiers/normalisation10.key 
254887     INFO  main            d.u.i.k.p.i.AbstractProblemLoader Loading environment from /home/runner/work/key/key/key.core/../key.ui/examples/standard_key/quantifiers/normalisation10.key 
254887     DEBUG main            d.u.i.k.p.i.AbstractProblemLoader Environment load took 51.7ns 
254888     INFO  main            d.u.i.k.p.i.AbstractProblemLoader Creating init config 
257133     DEBUG main            d.u.i.k.p.i.AbstractProblemLoader Init config took 2.24s 
257146     INFO  main            d.u.i.k.p.i.AbstractProblemLoader Replaying proof normalisation10.key 
257148     DEBUG main            d.u.i.k.p.i.IntermediateProofReplayer Proof replay took 6.9ns 
257250     INFO  main            d.u.i.k.p.r.p.TestFile    ... finished proof: closed. 
257619     INFO  main            d.u.i.k.p.i.AbstractProblemLoader Loading environment from /home/runner/work/key/key/key.core/../key.ui/examples/standard_key/quantifiers/normalisation10.key.proof 
257620     DEBUG main            d.u.i.k.p.i.AbstractProblemLoader Environment load took 98.1ns 
257621     INFO  main            d.u.i.k.p.i.AbstractProblemLoader Creating init config 
259817     DEBUG main            d.u.i.k.p.i.AbstractProblemLoader Init config took 2.2s 
259831     INFO  main            d.u.i.k.p.i.AbstractProblemLoader Replaying proof normalisation10.key.proof 
259837     DEBUG main            d.u.i.k.p.i.IntermediateProofReplayer Proof replay took 4.41ms 
259838     DEBUG main            d.u.i.k.p.r.p.TestFile    ... success: reloaded. 
259839     INFO  main            d.u.i.k.p.r.p.TestFile    Now processing file /home/runner/work/key/key/key.core/../key.ui/examples/standard_key/quantifiers/normalisation12.key 
259839     INFO  main            d.u.i.k.p.i.AbstractProblemLoader Loading environment from /home/runner/work/key/key/key.core/../key.ui/examples/standard_key/quantifiers/normalisation12.key 
259840     DEBUG main            d.u.i.k.p.i.AbstractProblemLoader Environment load took 149.7ns 
259841     INFO  main            d.u.i.k.p.i.AbstractProblemLoader Creating init config 
262089     DEBUG main            d.u.i.k.p.i.AbstractProblemLoader Init config took 2.25s 
262103     INFO  main            d.u.i.k.p.i.AbstractProblemLoader Replaying proof normalisation12.key 
262104     DEBUG main            d.u.i.k.p.i.IntermediateProofReplayer Proof replay took 9ns 
262206     INFO  main            d.u.i.k.p.r.p.TestFile    ... finished proof: closed. 
262582     INFO  main            d.u.i.k.p.i.AbstractProblemLoader Loading environment from /home/runner/work/key/key/key.core/../key.ui/examples/standard_key/quantifiers/normalisation12.key.proof 
262582     DEBUG main            d.u.i.k.p.i.AbstractProblemLoader Environment load took 89.9ns 
262583     INFO  main            d.u.i.k.p.i.AbstractProblemLoader Creating init config 
264783     DEBUG main            d.u.i.k.p.i.AbstractProblemLoader Init config took 2.2s 
264796     INFO  main            d.u.i.k.p.i.AbstractProblemLoader Replaying proof normalisation12.key.proof 
264798     DEBUG main            d.u.i.k.p.i.IntermediateProofReplayer Proof replay took 1.13ms 
264799     DEBUG main            d.u.i.k.p.r.p.TestFile    ... success: reloaded. 
264800     INFO  main            d.u.i.k.p.r.p.TestFile    Now processing file /home/runner/work/key/key/key.core/../key.ui/examples/standard_key/quantifiers/normalisation13.key 
264800     INFO  main            d.u.i.k.p.i.AbstractProblemLoader Loading environment from /home/runner/work/key/key/key.core/../key.ui/examples/standard_key/quantifiers/normalisation13.key 
264800     DEBUG main            d.u.i.k.p.i.AbstractProblemLoader Environment load took 44.6ns 
264801     INFO  main            d.u.i.k.p.i.AbstractProblemLoader Creating init config 
267052     DEBUG main            d.u.i.k.p.i.AbstractProblemLoader Init config took 2.25s 
267065     INFO  main            d.u.i.k.p.i.AbstractProblemLoader Replaying proof normalisation13.key 
267066     DEBUG main            d.u.i.k.p.i.IntermediateProofReplayer Proof replay took 6.8ns 
267168     INFO  main            d.u.i.k.p.r.p.TestFile    ... finished proof: closed. 
267546     INFO  main            d.u.i.k.p.i.AbstractProblemLoader Loading environment from /home/runner/work/key/key/key.core/../key.ui/examples/standard_key/quantifiers/normalisation13.key.proof 
267547     DEBUG main            d.u.i.k.p.i.AbstractProblemLoader Environment load took 94.6ns 
267548     INFO  main            d.u.i.k.p.i.AbstractProblemLoader Creating init config 
269765     DEBUG main            d.u.i.k.p.i.AbstractProblemLoader Init config took 2.22s 
269778     INFO  main            d.u.i.k.p.i.AbstractProblemLoader Replaying proof normalisation13.key.proof 
269780     DEBUG main            d.u.i.k.p.i.IntermediateProofReplayer Proof replay took 557.11ns 
269780     DEBUG main            d.u.i.k.p.r.p.TestFile    ... success: reloaded. 
269781     INFO  main            d.u.i.k.p.r.p.TestFile    Now processing file /home/runner/work/key/key/key.core/../key.ui/examples/standard_key/quantifiers/triggers0.key 
269781     INFO  main            d.u.i.k.p.i.AbstractProblemLoader Loading environment from /home/runner/work/key/key/key.core/../key.ui/examples/standard_key/quantifiers/triggers0.key 
269781     DEBUG main            d.u.i.k.p.i.AbstractProblemLoader Environment load took 47.1ns 
269782     INFO  main            d.u.i.k.p.i.AbstractProblemLoader Creating init config 
272025     DEBUG main            d.u.i.k.p.i.AbstractProblemLoader Init config took 2.24s 
272039     INFO  main            d.u.i.k.p.i.AbstractProblemLoader Replaying proof triggers0.key 
272040     DEBUG main            d.u.i.k.p.i.IntermediateProofReplayer Proof replay took 8.1ns 
272142     INFO  main            d.u.i.k.p.r.p.TestFile    ... finished proof: closed. 
272529     INFO  main            d.u.i.k.p.i.AbstractProblemLoader Loading environment from /home/runner/work/key/key/key.core/../key.ui/examples/standard_key/quantifiers/triggers0.key.proof 
272529     DEBUG main            d.u.i.k.p.i.AbstractProblemLoader Environment load took 92.2ns 
272530     INFO  main            d.u.i.k.p.i.AbstractProblemLoader Creating init config 
274727     DEBUG main            d.u.i.k.p.i.AbstractProblemLoader Init config took 2.2s 
274740     INFO  main            d.u.i.k.p.i.AbstractProblemLoader Replaying proof triggers0.key.proof 
274742     DEBUG main            d.u.i.k.p.i.IntermediateProofReplayer Proof replay took 1.46ms 
274743     DEBUG main            d.u.i.k.p.r.p.TestFile    ... success: reloaded. 
3859866    INFO  Test worker     d.u.i.k.p.r.RunAllProofsTestUnit Returning from test FOL 
3859867    INFO  Test worker     d.u.i.k.p.r.RunAllProofsTestUnit Running test strings 
370        INFO  Timeout watchdog d.u.i.k.p.r.p.ForkedTestFileRunner Timeout watcher launched (2000 secs.) 
384        WARN  main            d.u.i.k.s.ProofSettings   The settings in /home/runner/.key/proof-settings.props are *not* read. 
422        INFO  main            d.u.i.k.p.r.p.TestFile    Now processing file /home/runner/work/key/key/key.core/../key.ui/examples/standard_key/strings/charAt0.key 
529        INFO  main            d.u.i.k.p.i.AbstractProblemLoader Loading environment from /home/runner/work/key/key/key.core/../key.ui/examples/standard_key/strings/charAt0.key 
550        DEBUG main            d.u.i.k.p.i.AbstractProblemLoader Environment load took 1.94ms 
795        INFO  main            d.u.i.k.p.i.AbstractProblemLoader Creating init config 
1689       DEBUG main            d.u.i.k.j.TypeConverter   No LDT found for Meta 
1690       DEBUG main            d.u.i.k.j.TypeConverter   No LDT found for Meta 
1693       DEBUG main            d.u.i.k.j.TypeConverter   No LDT found for Meta 
1694       DEBUG main            d.u.i.k.j.TypeConverter   No LDT found for Meta 
3089       DEBUG main            d.u.i.k.j.TypeConverter   No LDT found for JavaBigintExpression 
7995       DEBUG main            d.u.i.k.p.i.AbstractProblemLoader Init config took 7.2s 
8071       INFO  main            d.u.i.k.p.i.AbstractProblemLoader Replaying proof charAt0.key 
8105       DEBUG main            d.u.i.k.p.i.IntermediateProofReplayer Proof replay took 36.7ns 
8456       INFO  main            d.u.i.k.p.r.p.TestFile    ... finished proof: closed. 
8560       INFO  main            d.u.i.k.p.i.AbstractProblemLoader Loading environment from /home/runner/work/key/key/key.core/../key.ui/examples/standard_key/strings/charAt0.key.proof 
8560       DEBUG main            d.u.i.k.p.i.AbstractProblemLoader Environment load took 155.4ns 
8566       INFO  main            d.u.i.k.p.i.AbstractProblemLoader Creating init config 
11368      DEBUG main            d.u.i.k.p.i.AbstractProblemLoader Init config took 2.8s 
11411      INFO  main            d.u.i.k.p.i.AbstractProblemLoader Replaying proof charAt0.key.proof 
11439      DEBUG main            d.u.i.k.p.i.IntermediateProofReplayer Proof replay took 23.28ms 
11455      DEBUG main            d.u.i.k.p.r.p.TestFile    ... success: reloaded. 
11458      INFO  main            d.u.i.k.p.r.p.TestFile    Now processing file /home/runner/work/key/key/key.core/../key.ui/examples/standard_key/strings/charAt1.key 
11459      INFO  main            d.u.i.k.p.i.AbstractProblemLoader Loading environment from /home/runner/work/key/key/key.core/../key.ui/examples/standard_key/strings/charAt1.key 
11459      DEBUG main            d.u.i.k.p.i.AbstractProblemLoader Environment load took 125.3ns 
11461      INFO  main            d.u.i.k.p.i.AbstractProblemLoader Creating init config 
14152      DEBUG main            d.u.i.k.p.i.AbstractProblemLoader Init config took 2.69s 
14179      INFO  main            d.u.i.k.p.i.AbstractProblemLoader Replaying proof charAt1.key 
14181      DEBUG main            d.u.i.k.p.i.IntermediateProofReplayer Proof replay took 6.7ns 
14284      INFO  main            d.u.i.k.p.r.p.TestFile    ... finished proof: closed. 
14424      INFO  main            d.u.i.k.p.i.AbstractProblemLoader Loading environment from /home/runner/work/key/key/key.core/../key.ui/examples/standard_key/strings/charAt1.key.proof 
14426      DEBUG main            d.u.i.k.p.i.AbstractProblemLoader Environment load took 1.16ms 
14428      INFO  main            d.u.i.k.p.i.AbstractProblemLoader Creating init config 
17038      DEBUG main            d.u.i.k.p.i.AbstractProblemLoader Init config took 2.61s 
17060      INFO  main            d.u.i.k.p.i.AbstractProblemLoader Replaying proof charAt1.key.proof 
17079      DEBUG main            d.u.i.k.p.i.IntermediateProofReplayer Proof replay took 15.45ms 
17081      DEBUG main            d.u.i.k.p.r.p.TestFile    ... success: reloaded. 
17082      INFO  main            d.u.i.k.p.r.p.TestFile    Now processing file /home/runner/work/key/key/key.core/../key.ui/examples/standard_key/strings/concat1.key 
17082      INFO  main            d.u.i.k.p.i.AbstractProblemLoader Loading environment from /home/runner/work/key/key/key.core/../key.ui/examples/standard_key/strings/concat1.key 
17082      DEBUG main            d.u.i.k.p.i.AbstractProblemLoader Environment load took 191.7ns 
17084      INFO  main            d.u.i.k.p.i.AbstractProblemLoader Creating init config 
19675      DEBUG main            d.u.i.k.p.i.AbstractProblemLoader Init config took 2.59s 
19695      INFO  main            d.u.i.k.p.i.AbstractProblemLoader Replaying proof concat1.key 
19697      DEBUG main            d.u.i.k.p.i.IntermediateProofReplayer Proof replay took 5.9ns 
19800      INFO  main            d.u.i.k.p.r.p.TestFile    ... finished proof: closed. 
19929      INFO  main            d.u.i.k.p.i.AbstractProblemLoader Loading environment from /home/runner/work/key/key/key.core/../key.ui/examples/standard_key/strings/concat1.key.proof 
19930      DEBUG main            d.u.i.k.p.i.AbstractProblemLoader Environment load took 136.6ns 
19931      INFO  main            d.u.i.k.p.i.AbstractProblemLoader Creating init config 
22497      DEBUG main            d.u.i.k.p.i.AbstractProblemLoader Init config took 2.57s 
22516      INFO  main            d.u.i.k.p.i.AbstractProblemLoader Replaying proof concat1.key.proof 
22524      DEBUG main            d.u.i.k.p.i.IntermediateProofReplayer Proof replay took 2.22ms 
22525      DEBUG main            d.u.i.k.p.r.p.TestFile    ... success: reloaded. 
22528      INFO  main            d.u.i.k.p.r.p.TestFile    Now processing file /home/runner/work/key/key/key.core/../key.ui/examples/standard_key/strings/concat2.key 
22528      INFO  main            d.u.i.k.p.i.AbstractProblemLoader Loading environment from /home/runner/work/key/key/key.core/../key.ui/examples/standard_key/strings/concat2.key 
22528      DEBUG main            d.u.i.k.p.i.AbstractProblemLoader Environment load took 201.4ns 
22530      INFO  main            d.u.i.k.p.i.AbstractProblemLoader Creating init config 
25097      DEBUG main            d.u.i.k.p.i.AbstractProblemLoader Init config took 2.57s 
25120      INFO  main            d.u.i.k.p.i.AbstractProblemLoader Replaying proof concat2.key 
25121      DEBUG main            d.u.i.k.p.i.IntermediateProofReplayer Proof replay took 6.8ns 
25228      INFO  main            d.u.i.k.p.r.p.TestFile    ... finished proof: closed. 
25363      INFO  main            d.u.i.k.p.i.AbstractProblemLoader Loading environment from /home/runner/work/key/key/key.core/../key.ui/examples/standard_key/strings/concat2.key.proof 
25363      DEBUG main            d.u.i.k.p.i.AbstractProblemLoader Environment load took 119.4ns 
25364      INFO  main            d.u.i.k.p.i.AbstractProblemLoader Creating init config 
27915      DEBUG main            d.u.i.k.p.i.AbstractProblemLoader Init config took 2.55s 
27935      INFO  main            d.u.i.k.p.i.AbstractProblemLoader Replaying proof concat2.key.proof 
27947      DEBUG main            d.u.i.k.p.i.IntermediateProofReplayer Proof replay took 8.91ms 
27948      DEBUG main            d.u.i.k.p.r.p.TestFile    ... success: reloaded. 
27949      INFO  main            d.u.i.k.p.r.p.TestFile    Now processing file /home/runner/work/key/key/key.core/../key.ui/examples/standard_key/strings/deriveLength1.key 
27949      INFO  main            d.u.i.k.p.i.AbstractProblemLoader Loading environment from /home/runner/work/key/key/key.core/../key.ui/examples/standard_key/strings/deriveLength1.key 
27950      DEBUG main            d.u.i.k.p.i.AbstractProblemLoader Environment load took 200.4ns 
27951      INFO  main            d.u.i.k.p.i.AbstractProblemLoader Creating init config 
30487      DEBUG main            d.u.i.k.p.i.AbstractProblemLoader Init config took 2.54s 
30506      INFO  main            d.u.i.k.p.i.AbstractProblemLoader Replaying proof deriveLength1.key 
30508      DEBUG main            d.u.i.k.p.i.IntermediateProofReplayer Proof replay took 6.4ns 
30611      INFO  main            d.u.i.k.p.r.p.TestFile    ... finished proof: closed. 
30759      INFO  main            d.u.i.k.p.i.AbstractProblemLoader Loading environment from /home/runner/work/key/key/key.core/../key.ui/examples/standard_key/strings/deriveLength1.key.proof 
30760      DEBUG main            d.u.i.k.p.i.AbstractProblemLoader Environment load took 143.6ns 
30761      INFO  main            d.u.i.k.p.i.AbstractProblemLoader Creating init config 
33267      DEBUG main            d.u.i.k.p.i.AbstractProblemLoader Init config took 2.51s 
33286      INFO  main            d.u.i.k.p.i.AbstractProblemLoader Replaying proof deriveLength1.key.proof 
33298      DEBUG main            d.u.i.k.p.i.IntermediateProofReplayer Proof replay took 8.82ms 
33299      DEBUG main            d.u.i.k.p.r.p.TestFile    ... success: reloaded. 
33300      INFO  main            d.u.i.k.p.r.p.TestFile    Now processing file /home/runner/work/key/key/key.core/../key.ui/examples/standard_key/strings/emptyStringLengthZero.key 
33300      INFO  main            d.u.i.k.p.i.AbstractProblemLoader Loading environment from /home/runner/work/key/key/key.core/../key.ui/examples/standard_key/strings/emptyStringLengthZero.key 
33300      DEBUG main            d.u.i.k.p.i.AbstractProblemLoader Environment load took 175.6ns 
33301      INFO  main            d.u.i.k.p.i.AbstractProblemLoader Creating init config 
35803      DEBUG main            d.u.i.k.p.i.AbstractProblemLoader Init config took 2.5s 
35825      INFO  main            d.u.i.k.p.i.AbstractProblemLoader Replaying proof emptyStringLengthZero.key 
35828      DEBUG main            d.u.i.k.p.i.IntermediateProofReplayer Proof replay took 7.7ns 
35932      INFO  main            d.u.i.k.p.r.p.TestFile    ... finished proof: closed. 
36099      INFO  main            d.u.i.k.p.i.AbstractProblemLoader Loading environment from /home/runner/work/key/key/key.core/../key.ui/examples/standard_key/strings/emptyStringLengthZero.key.proof 
36099      DEBUG main            d.u.i.k.p.i.AbstractProblemLoader Environment load took 136.8ns 
36100      INFO  main            d.u.i.k.p.i.AbstractProblemLoader Creating init config 
38569      DEBUG main            d.u.i.k.p.i.AbstractProblemLoader Init config took 2.47s 
38586      INFO  main            d.u.i.k.p.i.AbstractProblemLoader Replaying proof emptyStringLengthZero.key.proof 
38592      DEBUG main            d.u.i.k.p.i.IntermediateProofReplayer Proof replay took 3.4ms 
38593      DEBUG main            d.u.i.k.p.r.p.TestFile    ... success: reloaded. 
38594      INFO  main            d.u.i.k.p.r.p.TestFile    Now processing file /home/runner/work/key/key/key.core/../key.ui/examples/standard_key/strings/implicitBooleanStringConversion.key 
38594      INFO  main            d.u.i.k.p.i.AbstractProblemLoader Loading environment from /home/runner/work/key/key/key.core/../key.ui/examples/standard_key/strings/implicitBooleanStringConversion.key 
38594      DEBUG main            d.u.i.k.p.i.AbstractProblemLoader Environment load took 177.9ns 
38595      INFO  main            d.u.i.k.p.i.AbstractProblemLoader Creating init config 
41096      DEBUG main            d.u.i.k.p.i.AbstractProblemLoader Init config took 2.5s 
41117      INFO  main            d.u.i.k.p.i.AbstractProblemLoader Replaying proof implicitBooleanStringConversion.key 
41118      DEBUG main            d.u.i.k.p.i.IntermediateProofReplayer Proof replay took 7.5ns 
42037      INFO  main            d.u.i.k.p.r.p.TestFile    ... finished proof: closed. 
42212      INFO  main            d.u.i.k.p.i.AbstractProblemLoader Loading environment from /home/runner/work/key/key/key.core/../key.ui/examples/standard_key/strings/implicitBooleanStringConversion.key.proof 
42212      DEBUG main            d.u.i.k.p.i.AbstractProblemLoader Environment load took 352ns 
42214      INFO  main            d.u.i.k.p.i.AbstractProblemLoader Creating init config 
44773      DEBUG main            d.u.i.k.p.i.AbstractProblemLoader Init config took 2.56s 
44795      INFO  main            d.u.i.k.p.i.AbstractProblemLoader Replaying proof implicitBooleanStringConversion.key.proof 
44915      DEBUG main            d.u.i.k.p.i.IntermediateProofReplayer Proof replay took 114.38ms 
44916      DEBUG main            d.u.i.k.p.r.p.TestFile    ... success: reloaded. 
44917      INFO  main            d.u.i.k.p.r.p.TestFile    Now processing file /home/runner/work/key/key/key.core/../key.ui/examples/standard_key/strings/implicitBooleanStringConversion2.key 
44918      INFO  main            d.u.i.k.p.i.AbstractProblemLoader Loading environment from /home/runner/work/key/key/key.core/../key.ui/examples/standard_key/strings/implicitBooleanStringConversion2.key 
44918      DEBUG main            d.u.i.k.p.i.AbstractProblemLoader Environment load took 111ns 
44919      INFO  main            d.u.i.k.p.i.AbstractProblemLoader Creating init config 
47378      DEBUG main            d.u.i.k.p.i.AbstractProblemLoader Init config took 2.46s 
47397      INFO  main            d.u.i.k.p.i.AbstractProblemLoader Replaying proof implicitBooleanStringConversion2.key 
47399      DEBUG main            d.u.i.k.p.i.IntermediateProofReplayer Proof replay took 7.5ns 
47728      INFO  main            d.u.i.k.p.r.p.TestFile    ... finished proof: closed. 
47908      INFO  main            d.u.i.k.p.i.AbstractProblemLoader Loading environment from /home/runner/work/key/key/key.core/../key.ui/examples/standard_key/strings/implicitBooleanStringConversion2.key.proof 
47908      DEBUG main            d.u.i.k.p.i.AbstractProblemLoader Environment load took 127.7ns 
47909      INFO  main            d.u.i.k.p.i.AbstractProblemLoader Creating init config 
50374      DEBUG main            d.u.i.k.p.i.AbstractProblemLoader Init config took 2.47s 
50393      INFO  main            d.u.i.k.p.i.AbstractProblemLoader Replaying proof implicitBooleanStringConversion2.key.proof 
50429      DEBUG main            d.u.i.k.p.i.IntermediateProofReplayer Proof replay took 32.55ms 
50430      DEBUG main            d.u.i.k.p.r.p.TestFile    ... success: reloaded. 
50435      INFO  main            d.u.i.k.p.r.p.TestFile    Now processing file /home/runner/work/key/key/key.core/../key.ui/examples/standard_key/strings/implicitIntStringConversion.key 
50436      INFO  main            d.u.i.k.p.i.AbstractProblemLoader Loading environment from /home/runner/work/key/key/key.core/../key.ui/examples/standard_key/strings/implicitIntStringConversion.key 
50436      DEBUG main            d.u.i.k.p.i.AbstractProblemLoader Environment load took 201.3ns 
50437      INFO  main            d.u.i.k.p.i.AbstractProblemLoader Creating init config 
52951      DEBUG main            d.u.i.k.p.i.AbstractProblemLoader Init config took 2.51s 
52970      INFO  main            d.u.i.k.p.i.AbstractProblemLoader Replaying proof implicitIntStringConversion.key 
52972      DEBUG main            d.u.i.k.p.i.IntermediateProofReplayer Proof replay took 7.9ns 
53576      INFO  main            d.u.i.k.p.r.p.TestFile    ... finished proof: closed. 
53775      INFO  main            d.u.i.k.p.i.AbstractProblemLoader Loading environment from /home/runner/work/key/key/key.core/../key.ui/examples/standard_key/strings/implicitIntStringConversion.key.proof 
53779      DEBUG main            d.u.i.k.p.i.AbstractProblemLoader Environment load took 3.38ms 
53780      INFO  main            d.u.i.k.p.i.AbstractProblemLoader Creating init config 
56233      DEBUG main            d.u.i.k.p.i.AbstractProblemLoader Init config took 2.45s 
56250      INFO  main            d.u.i.k.p.i.AbstractProblemLoader Replaying proof implicitIntStringConversion.key.proof 
56316      DEBUG main            d.u.i.k.p.i.IntermediateProofReplayer Proof replay took 60.64ms 
56317      DEBUG main            d.u.i.k.p.r.p.TestFile    ... success: reloaded. 
56318      INFO  main            d.u.i.k.p.r.p.TestFile    Now processing file /home/runner/work/key/key/key.core/../key.ui/examples/standard_key/strings/implicitNullStringConversion.key 
56318      INFO  main            d.u.i.k.p.i.AbstractProblemLoader Loading environment from /home/runner/work/key/key/key.core/../key.ui/examples/standard_key/strings/implicitNullStringConversion.key 
56318      DEBUG main            d.u.i.k.p.i.AbstractProblemLoader Environment load took 178.5ns 
56319      INFO  main            d.u.i.k.p.i.AbstractProblemLoader Creating init config 
58828      DEBUG main            d.u.i.k.p.i.AbstractProblemLoader Init config took 2.51s 
58845      INFO  main            d.u.i.k.p.i.AbstractProblemLoader Replaying proof implicitNullStringConversion.key 
58846      DEBUG main            d.u.i.k.p.i.IntermediateProofReplayer Proof replay took 8.1ns 
59150      INFO  main            d.u.i.k.p.r.p.TestFile    ... finished proof: closed. 
59350      INFO  main            d.u.i.k.p.i.AbstractProblemLoader Loading environment from /home/runner/work/key/key/key.core/../key.ui/examples/standard_key/strings/implicitNullStringConversion.key.proof 
59350      DEBUG main            d.u.i.k.p.i.AbstractProblemLoader Environment load took 134ns 
59357      INFO  main            d.u.i.k.p.i.AbstractProblemLoader Creating init config 
61797      DEBUG main            d.u.i.k.p.i.AbstractProblemLoader Init config took 2.44s 
61817      INFO  main            d.u.i.k.p.i.AbstractProblemLoader Replaying proof implicitNullStringConversion.key.proof 
61861      DEBUG main            d.u.i.k.p.i.IntermediateProofReplayer Proof replay took 36.82ms 
61862      DEBUG main            d.u.i.k.p.r.p.TestFile    ... success: reloaded. 
61862      INFO  main            d.u.i.k.p.r.p.TestFile    Now processing file /home/runner/work/key/key/key.core/../key.ui/examples/standard_key/strings/implicitNullStringConversion2.key 
61863      INFO  main            d.u.i.k.p.i.AbstractProblemLoader Loading environment from /home/runner/work/key/key/key.core/../key.ui/examples/standard_key/strings/implicitNullStringConversion2.key 
61863      DEBUG main            d.u.i.k.p.i.AbstractProblemLoader Environment load took 142.9ns 
61864      INFO  main            d.u.i.k.p.i.AbstractProblemLoader Creating init config 
64380      DEBUG main            d.u.i.k.p.i.AbstractProblemLoader Init config took 2.52s 
64397      INFO  main            d.u.i.k.p.i.AbstractProblemLoader Replaying proof implicitNullStringConversion2.key 
64398      DEBUG main            d.u.i.k.p.i.IntermediateProofReplayer Proof replay took 6.7ns 
64601      INFO  main            d.u.i.k.p.r.p.TestFile    ... finished proof: closed. 
64794      INFO  main            d.u.i.k.p.i.AbstractProblemLoader Loading environment from /home/runner/work/key/key/key.core/../key.ui/examples/standard_key/strings/implicitNullStringConversion2.key.proof 
64795      DEBUG main            d.u.i.k.p.i.AbstractProblemLoader Environment load took 131.7ns 
64796      INFO  main            d.u.i.k.p.i.AbstractProblemLoader Creating init config 
67247      DEBUG main            d.u.i.k.p.i.AbstractProblemLoader Init config took 2.45s 
67263      INFO  main            d.u.i.k.p.i.AbstractProblemLoader Replaying proof implicitNullStringConversion2.key.proof 
67287      DEBUG main            d.u.i.k.p.i.IntermediateProofReplayer Proof replay took 20.79ms 
67288      DEBUG main            d.u.i.k.p.r.p.TestFile    ... success: reloaded. 
67289      INFO  main            d.u.i.k.p.r.p.TestFile    Now processing file /home/runner/work/key/key/key.core/../key.ui/examples/standard_key/strings/implicitObjectStringConversion.key 
67289      INFO  main            d.u.i.k.p.i.AbstractProblemLoader Loading environment from /home/runner/work/key/key/key.core/../key.ui/examples/standard_key/strings/implicitObjectStringConversion.key 
67289      DEBUG main            d.u.i.k.p.i.AbstractProblemLoader Environment load took 99.3ns 
67290      INFO  main            d.u.i.k.p.i.AbstractProblemLoader Creating init config 
69967      DEBUG main            d.u.i.k.p.i.AbstractProblemLoader Init config took 2.68s 
69984      INFO  main            d.u.i.k.p.i.AbstractProblemLoader Replaying proof implicitObjectStringConversion.key 
69985      DEBUG main            d.u.i.k.p.i.IntermediateProofReplayer Proof replay took 7.4ns 
70494      INFO  main            d.u.i.k.p.r.p.TestFile    ... finished proof: closed. 
70693      INFO  main            d.u.i.k.p.i.AbstractProblemLoader Loading environment from /home/runner/work/key/key/key.core/../key.ui/examples/standard_key/strings/implicitObjectStringConversion.key.proof 
70693      DEBUG main            d.u.i.k.p.i.AbstractProblemLoader Environment load took 504.2ns 
70695      INFO  main            d.u.i.k.p.i.AbstractProblemLoader Creating init config 
73342      DEBUG main            d.u.i.k.p.i.AbstractProblemLoader Init config took 2.65s 
73360      INFO  main            d.u.i.k.p.i.AbstractProblemLoader Replaying proof implicitObjectStringConversion.key.proof 
73415      DEBUG main            d.u.i.k.p.i.IntermediateProofReplayer Proof replay took 52.22ms 
73417      DEBUG main            d.u.i.k.p.r.p.TestFile    ... success: reloaded. 
73418      INFO  main            d.u.i.k.p.r.p.TestFile    Now processing file /home/runner/work/key/key/key.core/../key.ui/examples/standard_key/strings/literalEquality.key 
73418      INFO  main            d.u.i.k.p.i.AbstractProblemLoader Loading environment from /home/runner/work/key/key/key.core/../key.ui/examples/standard_key/strings/literalEquality.key 
73418      DEBUG main            d.u.i.k.p.i.AbstractProblemLoader Environment load took 171.5ns 
73419      INFO  main            d.u.i.k.p.i.AbstractProblemLoader Creating init config 
75931      DEBUG main            d.u.i.k.p.i.AbstractProblemLoader Init config took 2.51s 
75946      INFO  main            d.u.i.k.p.i.AbstractProblemLoader Replaying proof literalEquality.key 
75948      DEBUG main            d.u.i.k.p.i.IntermediateProofReplayer Proof replay took 7.8ns 
76050      INFO  main            d.u.i.k.p.r.p.TestFile    ... finished proof: closed. 
76253      INFO  main            d.u.i.k.p.i.AbstractProblemLoader Loading environment from /home/runner/work/key/key/key.core/../key.ui/examples/standard_key/strings/literalEquality.key.proof 
76253      DEBUG main            d.u.i.k.p.i.AbstractProblemLoader Environment load took 129.5ns 
76254      INFO  main            d.u.i.k.p.i.AbstractProblemLoader Creating init config 
78708      DEBUG main            d.u.i.k.p.i.AbstractProblemLoader Init config took 2.45s 
78726      INFO  main            d.u.i.k.p.i.AbstractProblemLoader Replaying proof literalEquality.key.proof 
78734      DEBUG main            d.u.i.k.p.i.IntermediateProofReplayer Proof replay took 2.83ms 
78734      DEBUG main            d.u.i.k.p.r.p.TestFile    ... success: reloaded. 
78735      INFO  main            d.u.i.k.p.r.p.TestFile    Now processing file /home/runner/work/key/key/key.core/../key.ui/examples/standard_key/strings/replace0.key 
78735      INFO  main            d.u.i.k.p.i.AbstractProblemLoader Loading environment from /home/runner/work/key/key/key.core/../key.ui/examples/standard_key/strings/replace0.key 
78736      DEBUG main            d.u.i.k.p.i.AbstractProblemLoader Environment load took 227.9ns 
78737      INFO  main            d.u.i.k.p.i.AbstractProblemLoader Creating init config 
81206      DEBUG main            d.u.i.k.p.i.AbstractProblemLoader Init config took 2.47s 
81220      INFO  main            d.u.i.k.p.i.AbstractProblemLoader Replaying proof replace0.key 
81221      DEBUG main            d.u.i.k.p.i.IntermediateProofReplayer Proof replay took 7.9ns 
81323      INFO  main            d.u.i.k.p.r.p.TestFile    ... finished proof: closed. 
81528      INFO  main            d.u.i.k.p.i.AbstractProblemLoader Loading environment from /home/runner/work/key/key/key.core/../key.ui/examples/standard_key/strings/replace0.key.proof 
81528      DEBUG main            d.u.i.k.p.i.AbstractProblemLoader Environment load took 123.5ns 
81531      INFO  main            d.u.i.k.p.i.AbstractProblemLoader Creating init config 
83970      DEBUG main            d.u.i.k.p.i.AbstractProblemLoader Init config took 2.44s 
83984      INFO  main            d.u.i.k.p.i.AbstractProblemLoader Replaying proof replace0.key.proof 
83990      DEBUG main            d.u.i.k.p.i.IntermediateProofReplayer Proof replay took 3.94ms 
83991      DEBUG main            d.u.i.k.p.r.p.TestFile    ... success: reloaded. 
83993      INFO  main            d.u.i.k.p.r.p.TestFile    Now processing file /home/runner/work/key/key/key.core/../key.ui/examples/standard_key/strings/replace1.key 
83994      INFO  main            d.u.i.k.p.i.AbstractProblemLoader Loading environment from /home/runner/work/key/key/key.core/../key.ui/examples/standard_key/strings/replace1.key 
83994      DEBUG main            d.u.i.k.p.i.AbstractProblemLoader Environment load took 172.1ns 
83995      INFO  main            d.u.i.k.p.i.AbstractProblemLoader Creating init config 
86408      DEBUG main            d.u.i.k.p.i.AbstractProblemLoader Init config took 2.41s 
86422      INFO  main            d.u.i.k.p.i.AbstractProblemLoader Replaying proof replace1.key 
86423      DEBUG main            d.u.i.k.p.i.IntermediateProofReplayer Proof replay took 7.4ns 
86526      INFO  main            d.u.i.k.p.r.p.TestFile    ... finished proof: closed. 
86738      INFO  main            d.u.i.k.p.i.AbstractProblemLoader Loading environment from /home/runner/work/key/key/key.core/../key.ui/examples/standard_key/strings/replace1.key.proof 
86739      DEBUG main            d.u.i.k.p.i.AbstractProblemLoader Environment load took 132.8ns 
86740      INFO  main            d.u.i.k.p.i.AbstractProblemLoader Creating init config 
89137      DEBUG main            d.u.i.k.p.i.AbstractProblemLoader Init config took 2.4s 
89151      INFO  main            d.u.i.k.p.i.AbstractProblemLoader Replaying proof replace1.key.proof 
89158      DEBUG main            d.u.i.k.p.i.IntermediateProofReplayer Proof replay took 4.81ms 
89159      DEBUG main            d.u.i.k.p.r.p.TestFile    ... success: reloaded. 
89160      INFO  main            d.u.i.k.p.r.p.TestFile    Now processing file /home/runner/work/key/key/key.core/../key.ui/examples/standard_key/strings/simpleAssignment.key 
89160      INFO  main            d.u.i.k.p.i.AbstractProblemLoader Loading environment from /home/runner/work/key/key/key.core/../key.ui/examples/standard_key/strings/simpleAssignment.key 
89160      DEBUG main            d.u.i.k.p.i.AbstractProblemLoader Environment load took 93.3ns 
89161      INFO  main            d.u.i.k.p.i.AbstractProblemLoader Creating init config 
91641      DEBUG main            d.u.i.k.p.i.AbstractProblemLoader Init config took 2.48s 
91656      INFO  main            d.u.i.k.p.i.AbstractProblemLoader Replaying proof simpleAssignment.key 
91658      DEBUG main            d.u.i.k.p.i.IntermediateProofReplayer Proof replay took 7.1ns 
91759      INFO  main            d.u.i.k.p.r.p.TestFile    ... finished proof: closed. 
91970      INFO  main            d.u.i.k.p.i.AbstractProblemLoader Loading environment from /home/runner/work/key/key/key.core/../key.ui/examples/standard_key/strings/simpleAssignment.key.proof 
91970      DEBUG main            d.u.i.k.p.i.AbstractProblemLoader Environment load took 115.1ns 
91972      INFO  main            d.u.i.k.p.i.AbstractProblemLoader Creating init config 
94410      DEBUG main            d.u.i.k.p.i.AbstractProblemLoader Init config took 2.44s 
94425      INFO  main            d.u.i.k.p.i.AbstractProblemLoader Replaying proof simpleAssignment.key.proof 
94428      DEBUG main            d.u.i.k.p.i.IntermediateProofReplayer Proof replay took 1.32ms 
94429      DEBUG main            d.u.i.k.p.r.p.TestFile    ... success: reloaded. 
94430      INFO  main            d.u.i.k.p.r.p.TestFile    Now processing file /home/runner/work/key/key/key.core/../key.ui/examples/standard_key/strings/simpleLengthComp.key 
94430      INFO  main            d.u.i.k.p.i.AbstractProblemLoader Loading environment from /home/runner/work/key/key/key.core/../key.ui/examples/standard_key/strings/simpleLengthComp.key 
94430      DEBUG main            d.u.i.k.p.i.AbstractProblemLoader Environment load took 92ns 
94431      INFO  main            d.u.i.k.p.i.AbstractProblemLoader Creating init config 
96931      DEBUG main            d.u.i.k.p.i.AbstractProblemLoader Init config took 2.5s 
96948      INFO  main            d.u.i.k.p.i.AbstractProblemLoader Replaying proof simpleLengthComp.key 
96951      DEBUG main            d.u.i.k.p.i.IntermediateProofReplayer Proof replay took 8ns 
97154      INFO  main            d.u.i.k.p.r.p.TestFile    ... finished proof: closed. 
97373      INFO  main            d.u.i.k.p.i.AbstractProblemLoader Loading environment from /home/runner/work/key/key/key.core/../key.ui/examples/standard_key/strings/simpleLengthComp.key.proof 
97373      DEBUG main            d.u.i.k.p.i.AbstractProblemLoader Environment load took 515.21ns 
97375      INFO  main            d.u.i.k.p.i.AbstractProblemLoader Creating init config 
99765      DEBUG main            d.u.i.k.p.i.AbstractProblemLoader Init config took 2.39s 
99780      INFO  main            d.u.i.k.p.i.AbstractProblemLoader Replaying proof simpleLengthComp.key.proof 
99805      DEBUG main            d.u.i.k.p.i.IntermediateProofReplayer Proof replay took 22.81ms 
99807      DEBUG main            d.u.i.k.p.r.p.TestFile    ... success: reloaded. 
99808      INFO  main            d.u.i.k.p.r.p.TestFile    Now processing file /home/runner/work/key/key/key.core/../key.ui/examples/standard_key/strings/stringCompileTimeConstant1.key 
99808      INFO  main            d.u.i.k.p.i.AbstractProblemLoader Loading environment from /home/runner/work/key/key/key.core/../key.ui/examples/standard_key/strings/stringCompileTimeConstant1.key 
99809      DEBUG main            d.u.i.k.p.i.AbstractProblemLoader Environment load took 173.9ns 
99810      INFO  main            d.u.i.k.p.i.AbstractProblemLoader Creating init config 
102284     DEBUG main            d.u.i.k.p.i.AbstractProblemLoader Init config took 2.47s 
102299     INFO  main            d.u.i.k.p.i.AbstractProblemLoader Replaying proof stringCompileTimeConstant1.key 
102301     DEBUG main            d.u.i.k.p.i.IntermediateProofReplayer Proof replay took 7.3ns 
102405     INFO  main            d.u.i.k.p.r.p.TestFile    ... finished proof: closed. 
102619     INFO  main            d.u.i.k.p.i.AbstractProblemLoader Loading environment from /home/runner/work/key/key/key.core/../key.ui/examples/standard_key/strings/stringCompileTimeConstant1.key.proof 
102619     DEBUG main            d.u.i.k.p.i.AbstractProblemLoader Environment load took 106.4ns 
102621     INFO  main            d.u.i.k.p.i.AbstractProblemLoader Creating init config 
104988     DEBUG main            d.u.i.k.p.i.AbstractProblemLoader Init config took 2.37s 
105003     INFO  main            d.u.i.k.p.i.AbstractProblemLoader Replaying proof stringCompileTimeConstant1.key.proof 
105010     DEBUG main            d.u.i.k.p.i.IntermediateProofReplayer Proof replay took 5.32ms 
105011     DEBUG main            d.u.i.k.p.r.p.TestFile    ... success: reloaded. 
105011     INFO  main            d.u.i.k.p.r.p.TestFile    Now processing file /home/runner/work/key/key/key.core/../key.ui/examples/standard_key/strings/stringCompileTimeConstant2.key 
105011     INFO  main            d.u.i.k.p.i.AbstractProblemLoader Loading environment from /home/runner/work/key/key/key.core/../key.ui/examples/standard_key/strings/stringCompileTimeConstant2.key 
105012     DEBUG main            d.u.i.k.p.i.AbstractProblemLoader Environment load took 89.9ns 
105012     INFO  main            d.u.i.k.p.i.AbstractProblemLoader Creating init config 
107614     DEBUG main            d.u.i.k.p.i.AbstractProblemLoader Init config took 2.6s 
107649     INFO  main            d.u.i.k.p.i.AbstractProblemLoader Replaying proof stringCompileTimeConstant2.key 
107651     DEBUG main            d.u.i.k.p.i.IntermediateProofReplayer Proof replay took 8.4ns 
110388     INFO  main            d.u.i.k.p.r.p.TestFile    ... finished proof: closed. 
110682     INFO  main            d.u.i.k.p.i.AbstractProblemLoader Loading environment from /home/runner/work/key/key/key.core/../key.ui/examples/standard_key/strings/stringCompileTimeConstant2.key.proof 
110682     DEBUG main            d.u.i.k.p.i.AbstractProblemLoader Environment load took 359.9ns 
110684     INFO  main            d.u.i.k.p.i.AbstractProblemLoader Creating init config 
113205     DEBUG main            d.u.i.k.p.i.AbstractProblemLoader Init config took 2.52s 
113220     INFO  main            d.u.i.k.p.i.AbstractProblemLoader Replaying proof stringCompileTimeConstant2.key.proof 
113566     DEBUG main            d.u.i.k.p.i.IntermediateProofReplayer Proof replay took 334.86ms 
113567     DEBUG main            d.u.i.k.p.r.p.TestFile    ... success: reloaded. 
113569     INFO  main            d.u.i.k.p.r.p.TestFile    Now processing file /home/runner/work/key/key/key.core/../key.ui/examples/standard_key/strings/stringEquality1.key 
113569     INFO  main            d.u.i.k.p.i.AbstractProblemLoader Loading environment from /home/runner/work/key/key/key.core/../key.ui/examples/standard_key/strings/stringEquality1.key 
113569     DEBUG main            d.u.i.k.p.i.AbstractProblemLoader Environment load took 245.6ns 
113570     INFO  main            d.u.i.k.p.i.AbstractProblemLoader Creating init config 
116028     DEBUG main            d.u.i.k.p.i.AbstractProblemLoader Init config took 2.46s 
116042     INFO  main            d.u.i.k.p.i.AbstractProblemLoader Replaying proof stringEquality1.key 
116043     DEBUG main            d.u.i.k.p.i.IntermediateProofReplayer Proof replay took 7.5ns 
116147     INFO  main            d.u.i.k.p.r.p.TestFile    ... finished proof: closed. 
116422     INFO  main            d.u.i.k.p.i.AbstractProblemLoader Loading environment from /home/runner/work/key/key/key.core/../key.ui/examples/standard_key/strings/stringEquality1.key.proof 
116422     DEBUG main            d.u.i.k.p.i.AbstractProblemLoader Environment load took 119ns 
116423     INFO  main            d.u.i.k.p.i.AbstractProblemLoader Creating init config 
118826     DEBUG main            d.u.i.k.p.i.AbstractProblemLoader Init config took 2.4s 
118841     INFO  main            d.u.i.k.p.i.AbstractProblemLoader Replaying proof stringEquality1.key.proof 
118853     DEBUG main            d.u.i.k.p.i.IntermediateProofReplayer Proof replay took 9.45ms 
118854     DEBUG main            d.u.i.k.p.r.p.TestFile    ... success: reloaded. 
118854     INFO  main            d.u.i.k.p.r.p.TestFile    Now processing file /home/runner/work/key/key/key.core/../key.ui/examples/standard_key/strings/stringEquality2.key 
118855     INFO  main            d.u.i.k.p.i.AbstractProblemLoader Loading environment from /home/runner/work/key/key/key.core/../key.ui/examples/standard_key/strings/stringEquality2.key 
118855     DEBUG main            d.u.i.k.p.i.AbstractProblemLoader Environment load took 90.6ns 
118856     INFO  main            d.u.i.k.p.i.AbstractProblemLoader Creating init config 
121257     DEBUG main            d.u.i.k.p.i.AbstractProblemLoader Init config took 2.4s 
121271     INFO  main            d.u.i.k.p.i.AbstractProblemLoader Replaying proof stringEquality2.key 
121272     DEBUG main            d.u.i.k.p.i.IntermediateProofReplayer Proof replay took 7.3ns 
121675     INFO  main            d.u.i.k.p.r.p.TestFile    ... finished proof: closed. 
121930     INFO  main            d.u.i.k.p.i.AbstractProblemLoader Loading environment from /home/runner/work/key/key/key.core/../key.ui/examples/standard_key/strings/stringEquality2.key.proof 
121931     DEBUG main            d.u.i.k.p.i.AbstractProblemLoader Environment load took 342.2ns 
121932     INFO  main            d.u.i.k.p.i.AbstractProblemLoader Creating init config 
124333     DEBUG main            d.u.i.k.p.i.AbstractProblemLoader Init config took 2.4s 
124347     INFO  main            d.u.i.k.p.i.AbstractProblemLoader Replaying proof stringEquality2.key.proof 
124403     DEBUG main            d.u.i.k.p.i.IntermediateProofReplayer Proof replay took 52.3ms 
124405     DEBUG main            d.u.i.k.p.r.p.TestFile    ... success: reloaded. 
124408     INFO  main            d.u.i.k.p.r.p.TestFile    Now processing file /home/runner/work/key/key/key.core/../key.ui/examples/standard_key/strings/substring0.key 
124408     INFO  main            d.u.i.k.p.i.AbstractProblemLoader Loading environment from /home/runner/work/key/key/key.core/../key.ui/examples/standard_key/strings/substring0.key 
124409     DEBUG main            d.u.i.k.p.i.AbstractProblemLoader Environment load took 179.6ns 
124410     INFO  main            d.u.i.k.p.i.AbstractProblemLoader Creating init config 
126858     DEBUG main            d.u.i.k.p.i.AbstractProblemLoader Init config took 2.45s 
126872     INFO  main            d.u.i.k.p.i.AbstractProblemLoader Replaying proof substring0.key 
126873     DEBUG main            d.u.i.k.p.i.IntermediateProofReplayer Proof replay took 8.7ns 
126978     INFO  main            d.u.i.k.p.r.p.TestFile    ... finished proof: closed. 
127233     INFO  main            d.u.i.k.p.i.AbstractProblemLoader Loading environment from /home/runner/work/key/key/key.core/../key.ui/examples/standard_key/strings/substring0.key.proof 
127233     DEBUG main            d.u.i.k.p.i.AbstractProblemLoader Environment load took 115.8ns 
127235     INFO  main            d.u.i.k.p.i.AbstractProblemLoader Creating init config 
129612     DEBUG main            d.u.i.k.p.i.AbstractProblemLoader Init config took 2.38s 
129626     INFO  main            d.u.i.k.p.i.AbstractProblemLoader Replaying proof substring0.key.proof 
129628     DEBUG main            d.u.i.k.p.i.IntermediateProofReplayer Proof replay took 433.4ns 
129630     DEBUG main            d.u.i.k.p.r.p.TestFile    ... success: reloaded. 
129630     INFO  main            d.u.i.k.p.r.p.TestFile    Now processing file /home/runner/work/key/key/key.core/../key.ui/examples/standard_key/strings/substring1.key 
129630     INFO  main            d.u.i.k.p.i.AbstractProblemLoader Loading environment from /home/runner/work/key/key/key.core/../key.ui/examples/standard_key/strings/substring1.key 
129630     DEBUG main            d.u.i.k.p.i.AbstractProblemLoader Environment load took 84.3ns 
129631     INFO  main            d.u.i.k.p.i.AbstractProblemLoader Creating init config 
132074     DEBUG main            d.u.i.k.p.i.AbstractProblemLoader Init config took 2.44s 
132087     INFO  main            d.u.i.k.p.i.AbstractProblemLoader Replaying proof substring1.key 
132088     DEBUG main            d.u.i.k.p.i.IntermediateProofReplayer Proof replay took 7.5ns 
132194     INFO  main            d.u.i.k.p.r.p.TestFile    ... finished proof: closed. 
132447     INFO  main            d.u.i.k.p.i.AbstractProblemLoader Loading environment from /home/runner/work/key/key/key.core/../key.ui/examples/standard_key/strings/substring1.key.proof 
132447     DEBUG main            d.u.i.k.p.i.AbstractProblemLoader Environment load took 113.7ns 
132448     INFO  main            d.u.i.k.p.i.AbstractProblemLoader Creating init config 
134818     DEBUG main            d.u.i.k.p.i.AbstractProblemLoader Init config took 2.37s 
134831     INFO  main            d.u.i.k.p.i.AbstractProblemLoader Replaying proof substring1.key.proof 
134833     DEBUG main            d.u.i.k.p.i.IntermediateProofReplayer Proof replay took 426.81ns 
134834     DEBUG main            d.u.i.k.p.r.p.TestFile    ... success: reloaded. 
134834     INFO  main            d.u.i.k.p.r.p.TestFile    Now processing file /home/runner/work/key/key/key.core/../key.ui/examples/standard_key/strings/substring2.key 
134834     INFO  main            d.u.i.k.p.i.AbstractProblemLoader Loading environment from /home/runner/work/key/key/key.core/../key.ui/examples/standard_key/strings/substring2.key 
134835     DEBUG main            d.u.i.k.p.i.AbstractProblemLoader Environment load took 86.7ns 
134836     INFO  main            d.u.i.k.p.i.AbstractProblemLoader Creating init config 
137292     DEBUG main            d.u.i.k.p.i.AbstractProblemLoader Init config took 2.46s 
137305     INFO  main            d.u.i.k.p.i.AbstractProblemLoader Replaying proof substring2.key 
137306     DEBUG main            d.u.i.k.p.i.IntermediateProofReplayer Proof replay took 8.3ns 
137408     INFO  main            d.u.i.k.p.r.p.TestFile    ... finished proof: closed. 
137656     INFO  main            d.u.i.k.p.i.AbstractProblemLoader Loading environment from /home/runner/work/key/key/key.core/../key.ui/examples/standard_key/strings/substring2.key.proof 
137656     DEBUG main            d.u.i.k.p.i.AbstractProblemLoader Environment load took 110.7ns 
137658     INFO  main            d.u.i.k.p.i.AbstractProblemLoader Creating init config 
140030     DEBUG main            d.u.i.k.p.i.AbstractProblemLoader Init config took 2.37s 
140043     INFO  main            d.u.i.k.p.i.AbstractProblemLoader Replaying proof substring2.key.proof 
140046     DEBUG main            d.u.i.k.p.i.IntermediateProofReplayer Proof replay took 863.41ns 
140047     DEBUG main            d.u.i.k.p.r.p.TestFile    ... success: reloaded. 
140047     INFO  main            d.u.i.k.p.r.p.TestFile    Now processing file /home/runner/work/key/key/key.core/../key.ui/examples/standard_key/strings/substring3.key 
140047     INFO  main            d.u.i.k.p.i.AbstractProblemLoader Loading environment from /home/runner/work/key/key/key.core/../key.ui/examples/standard_key/strings/substring3.key 
140047     DEBUG main            d.u.i.k.p.i.AbstractProblemLoader Environment load took 70.7ns 
140048     INFO  main            d.u.i.k.p.i.AbstractProblemLoader Creating init config 
142503     DEBUG main            d.u.i.k.p.i.AbstractProblemLoader Init config took 2.45s 
142516     INFO  main            d.u.i.k.p.i.AbstractProblemLoader Replaying proof substring3.key 
142517     DEBUG main            d.u.i.k.p.i.IntermediateProofReplayer Proof replay took 7.6ns 
142620     INFO  main            d.u.i.k.p.r.p.TestFile    ... finished proof: closed. 
142875     INFO  main            d.u.i.k.p.i.AbstractProblemLoader Loading environment from /home/runner/work/key/key/key.core/../key.ui/examples/standard_key/strings/substring3.key.proof 
142875     DEBUG main            d.u.i.k.p.i.AbstractProblemLoader Environment load took 118.6ns 
142876     INFO  main            d.u.i.k.p.i.AbstractProblemLoader Creating init config 
145243     DEBUG main            d.u.i.k.p.i.AbstractProblemLoader Init config took 2.37s 
145256     INFO  main            d.u.i.k.p.i.AbstractProblemLoader Replaying proof substring3.key.proof 
145260     DEBUG main            d.u.i.k.p.i.IntermediateProofReplayer Proof replay took 2.27ms 
145261     DEBUG main            d.u.i.k.p.r.p.TestFile    ... success: reloaded. 
145262     INFO  main            d.u.i.k.p.r.p.TestFile    Now processing file /home/runner/work/key/key/key.core/../key.ui/examples/standard_key/strings/substring4.key 
145262     INFO  main            d.u.i.k.p.i.AbstractProblemLoader Loading environment from /home/runner/work/key/key/key.core/../key.ui/examples/standard_key/strings/substring4.key 
145262     DEBUG main            d.u.i.k.p.i.AbstractProblemLoader Environment load took 211.2ns 
145263     INFO  main            d.u.i.k.p.i.AbstractProblemLoader Creating init config 
147653     DEBUG main            d.u.i.k.p.i.AbstractProblemLoader Init config took 2.39s 
147666     INFO  main            d.u.i.k.p.i.AbstractProblemLoader Replaying proof substring4.key 
147667     DEBUG main            d.u.i.k.p.i.IntermediateProofReplayer Proof replay took 8.6ns 
147769     INFO  main            d.u.i.k.p.r.p.TestFile    ... finished proof: closed. 
148034     INFO  main            d.u.i.k.p.i.AbstractProblemLoader Loading environment from /home/runner/work/key/key/key.core/../key.ui/examples/standard_key/strings/substring4.key.proof 
148034     DEBUG main            d.u.i.k.p.i.AbstractProblemLoader Environment load took 105.5ns 
148035     INFO  main            d.u.i.k.p.i.AbstractProblemLoader Creating init config 
150409     DEBUG main            d.u.i.k.p.i.AbstractProblemLoader Init config took 2.37s 
150423     INFO  main            d.u.i.k.p.i.AbstractProblemLoader Replaying proof substring4.key.proof 
150429     DEBUG main            d.u.i.k.p.i.IntermediateProofReplayer Proof replay took 3.41ms 
150430     DEBUG main            d.u.i.k.p.r.p.TestFile    ... success: reloaded. 
150431     INFO  main            d.u.i.k.p.r.p.TestFile    Now processing file /home/runner/work/key/key/key.core/../key.ui/examples/standard_key/strings/substring5.key 
150431     INFO  main            d.u.i.k.p.i.AbstractProblemLoader Loading environment from /home/runner/work/key/key/key.core/../key.ui/examples/standard_key/strings/substring5.key 
150432     DEBUG main            d.u.i.k.p.i.AbstractProblemLoader Environment load took 189.2ns 
150433     INFO  main            d.u.i.k.p.i.AbstractProblemLoader Creating init config 
152855     DEBUG main            d.u.i.k.p.i.AbstractProblemLoader Init config took 2.42s 
152869     INFO  main            d.u.i.k.p.i.AbstractProblemLoader Replaying proof substring5.key 
152870     DEBUG main            d.u.i.k.p.i.IntermediateProofReplayer Proof replay took 8.3ns 
153173     INFO  main            d.u.i.k.p.r.p.TestFile    ... finished proof: closed. 
153446     INFO  main            d.u.i.k.p.i.AbstractProblemLoader Loading environment from /home/runner/work/key/key/key.core/../key.ui/examples/standard_key/strings/substring5.key.proof 
153446     DEBUG main            d.u.i.k.p.i.AbstractProblemLoader Environment load took 117.4ns 
153447     INFO  main            d.u.i.k.p.i.AbstractProblemLoader Creating init config 
155807     DEBUG main            d.u.i.k.p.i.AbstractProblemLoader Init config took 2.36s 
155821     INFO  main            d.u.i.k.p.i.AbstractProblemLoader Replaying proof substring5.key.proof 
155865     DEBUG main            d.u.i.k.p.i.IntermediateProofReplayer Proof replay took 40.24ms 
155866     DEBUG main            d.u.i.k.p.r.p.TestFile    ... success: reloaded. 
4015951    INFO  Test worker     d.u.i.k.p.r.RunAllProofsTestUnit Returning from test strings 
4015951    INFO  Test worker     d.u.i.k.p.r.RunAllProofsTestUnit Running test simple_info_flow 
324        INFO  Timeout watchdog d.u.i.k.p.r.p.ForkedTestFileRunner Timeout watcher launched (2000 secs.) 
330        WARN  main            d.u.i.k.s.ProofSettings   The settings in /home/runner/.key/proof-settings.props are *not* read. 
356        INFO  main            d.u.i.k.p.r.p.TestFile    Now processing file /home/runner/work/key/key/key.core/../key.ui/examples/heap/information_flow/UpdateAbstraction_ex7_1_insecure.key 
463        INFO  main            d.u.i.k.p.i.AbstractProblemLoader Loading environment from /home/runner/work/key/key/key.core/../key.ui/examples/heap/information_flow/UpdateAbstraction_ex7_1_insecure.key 
490        DEBUG main            d.u.i.k.p.i.AbstractProblemLoader Environment load took 2.11ms 
720        INFO  main            d.u.i.k.p.i.AbstractProblemLoader Creating init config 
1698       DEBUG main            d.u.i.k.j.TypeConverter   No LDT found for Meta 
1720       DEBUG main            d.u.i.k.j.TypeConverter   No LDT found for Meta 
1721       DEBUG main            d.u.i.k.j.TypeConverter   No LDT found for Meta 
1721       DEBUG main            d.u.i.k.j.TypeConverter   No LDT found for Meta 
3041       DEBUG main            d.u.i.k.j.TypeConverter   No LDT found for JavaBigintExpression 
8310       DEBUG main            d.u.i.k.p.i.AbstractProblemLoader Init config took 7.59s 
8438       INFO  main            d.u.i.k.p.i.AbstractProblemLoader Replaying proof UpdateAbstraction[UpdateAbstraction::ex7_1_insecure()].JML operation contract.0 
8506       DEBUG main            d.u.i.k.p.i.IntermediateProofReplayer Proof replay took 34.2ns 
9073       INFO  main            d.u.i.k.p.r.p.TestFile    ... finished proof: open goal(s) 
9189       INFO  main            d.u.i.k.p.r.p.TestFile    Now processing file /home/runner/work/key/key/key.core/../key.ui/examples/heap/information_flow/UpdateAbstraction_ex7_2_insecure.key 
9191       INFO  main            d.u.i.k.p.i.AbstractProblemLoader Loading environment from /home/runner/work/key/key/key.core/../key.ui/examples/heap/information_flow/UpdateAbstraction_ex7_2_insecure.key 
9191       DEBUG main            d.u.i.k.p.i.AbstractProblemLoader Environment load took 354.5ns 
9193       INFO  main            d.u.i.k.p.i.AbstractProblemLoader Creating init config 
12276      DEBUG main            d.u.i.k.p.i.AbstractProblemLoader Init config took 3.08s 
12360      INFO  main            d.u.i.k.p.i.AbstractProblemLoader Replaying proof UpdateAbstraction[UpdateAbstraction::ex7_2_insecure()].JML operation contract.0 
12362      DEBUG main            d.u.i.k.p.i.IntermediateProofReplayer Proof replay took 7.2ns 
12668      INFO  main            d.u.i.k.p.r.p.TestFile    ... finished proof: open goal(s) 
4028910    INFO  Test worker     d.u.i.k.p.r.RunAllProofsTestUnit Returning from test simple_info_flow 
4028911    INFO  Test worker     d.u.i.k.p.r.RunAllProofsTestUnit Running test modelMethods 
316        INFO  Timeout watchdog d.u.i.k.p.r.p.ForkedTestFileRunner Timeout watcher launched (2000 secs.) 
330        WARN  main            d.u.i.k.s.ProofSettings   The settings in /home/runner/.key/proof-settings.props are *not* read. 
359        INFO  main            d.u.i.k.p.r.p.TestFile    Now processing file /home/runner/work/key/key/key.core/../key.ui/examples/heap/model_methods/Cell_footprint_acc.key 
469        INFO  main            d.u.i.k.p.i.AbstractProblemLoader Loading environment from /home/runner/work/key/key/key.core/../key.ui/examples/heap/model_methods/Cell_footprint_acc.key 
485        DEBUG main            d.u.i.k.p.i.AbstractProblemLoader Environment load took 1.99ms 
728        INFO  main            d.u.i.k.p.i.AbstractProblemLoader Creating init config 
1723       DEBUG main            d.u.i.k.j.TypeConverter   No LDT found for Meta 
1724       DEBUG main            d.u.i.k.j.TypeConverter   No LDT found for Meta 
1727       DEBUG main            d.u.i.k.j.TypeConverter   No LDT found for Meta 
1727       DEBUG main            d.u.i.k.j.TypeConverter   No LDT found for Meta 
3295       DEBUG main            d.u.i.k.j.TypeConverter   No LDT found for JavaBigintExpression 
8554       DEBUG main            d.u.i.k.p.i.AbstractProblemLoader Init config took 7.83s 
8685       INFO  main            d.u.i.k.p.i.AbstractProblemLoader Replaying proof Cell[Cell::footprint()].JML accessible clause.0 
8722       DEBUG main            d.u.i.k.p.i.IntermediateProofReplayer Proof replay took 34.4ns 
9267       INFO  main            d.u.i.k.p.r.p.TestFile    ... finished proof: closed. 
9373       INFO  main            d.u.i.k.p.i.AbstractProblemLoader Loading environment from /home/runner/work/key/key/key.core/../key.ui/examples/heap/model_methods/Cell_footprint_acc.key.proof 
9373       DEBUG main            d.u.i.k.p.i.AbstractProblemLoader Environment load took 490.4ns 
9375       INFO  main            d.u.i.k.p.i.AbstractProblemLoader Creating init config 
12418      DEBUG main            d.u.i.k.p.i.AbstractProblemLoader Init config took 3.04s 
12501      INFO  main            d.u.i.k.p.i.AbstractProblemLoader Replaying proof Cell[Cell::footprint()].JML accessible clause.0 
12544      DEBUG main            d.u.i.k.p.i.IntermediateProofReplayer Proof replay took 38.47ms 
12551      DEBUG main            d.u.i.k.p.r.p.TestFile    ... success: reloaded. 
12553      INFO  main            d.u.i.k.p.r.p.TestFile    Now processing file /home/runner/work/key/key/key.core/../key.ui/examples/heap/model_methods/Cell_footprint.key 
12553      INFO  main            d.u.i.k.p.i.AbstractProblemLoader Loading environment from /home/runner/work/key/key/key.core/../key.ui/examples/heap/model_methods/Cell_footprint.key 
12553      DEBUG main            d.u.i.k.p.i.AbstractProblemLoader Environment load took 192.8ns 
12555      INFO  main            d.u.i.k.p.i.AbstractProblemLoader Creating init config 
15432      DEBUG main            d.u.i.k.p.i.AbstractProblemLoader Init config took 2.88s 
15498      INFO  main            d.u.i.k.p.i.AbstractProblemLoader Replaying proof Cell[Cell::footprint()].JML model_behavior operation contract.0 
15501      DEBUG main            d.u.i.k.p.i.IntermediateProofReplayer Proof replay took 6.9ns 
15603      INFO  main            d.u.i.k.p.r.p.TestFile    ... finished proof: closed. 
15742      INFO  main            d.u.i.k.p.i.AbstractProblemLoader Loading environment from /home/runner/work/key/key/key.core/../key.ui/examples/heap/model_methods/Cell_footprint.key.proof 
15742      DEBUG main            d.u.i.k.p.i.AbstractProblemLoader Environment load took 136.5ns 
15744      INFO  main            d.u.i.k.p.i.AbstractProblemLoader Creating init config 
18549      DEBUG main            d.u.i.k.p.i.AbstractProblemLoader Init config took 2.81s 
18604      INFO  main            d.u.i.k.p.i.AbstractProblemLoader Replaying proof Cell[Cell::footprint()].JML model_behavior operation contract.0 
18613      DEBUG main            d.u.i.k.p.i.IntermediateProofReplayer Proof replay took 7ms 
18615      DEBUG main            d.u.i.k.p.r.p.TestFile    ... success: reloaded. 
18616      INFO  main            d.u.i.k.p.r.p.TestFile    Now processing file /home/runner/work/key/key/key.core/../key.ui/examples/heap/model_methods/Cell_get_acc.key 
18617      INFO  main            d.u.i.k.p.i.AbstractProblemLoader Loading environment from /home/runner/work/key/key/key.core/../key.ui/examples/heap/model_methods/Cell_get_acc.key 
18617      DEBUG main            d.u.i.k.p.i.AbstractProblemLoader Environment load took 194.1ns 
18618      INFO  main            d.u.i.k.p.i.AbstractProblemLoader Creating init config 
21359      DEBUG main            d.u.i.k.p.i.AbstractProblemLoader Init config took 2.74s 
21407      INFO  main            d.u.i.k.p.i.AbstractProblemLoader Replaying proof Cell[Cell::get()].JML accessible clause.0 
21413      DEBUG main            d.u.i.k.p.i.IntermediateProofReplayer Proof replay took 7.3ns 
21726      INFO  main            d.u.i.k.p.r.p.TestFile    ... finished proof: closed. 
21872      INFO  main            d.u.i.k.p.i.AbstractProblemLoader Loading environment from /home/runner/work/key/key/key.core/../key.ui/examples/heap/model_methods/Cell_get_acc.key.proof 
21872      DEBUG main            d.u.i.k.p.i.AbstractProblemLoader Environment load took 126.4ns 
21873      INFO  main            d.u.i.k.p.i.AbstractProblemLoader Creating init config 
24581      DEBUG main            d.u.i.k.p.i.AbstractProblemLoader Init config took 2.71s 
24630      INFO  main            d.u.i.k.p.i.AbstractProblemLoader Replaying proof Cell[Cell::get()].JML accessible clause.0 
24665      DEBUG main            d.u.i.k.p.i.IntermediateProofReplayer Proof replay took 32.45ms 
24667      DEBUG main            d.u.i.k.p.r.p.TestFile    ... success: reloaded. 
24668      INFO  main            d.u.i.k.p.r.p.TestFile    Now processing file /home/runner/work/key/key/key.core/../key.ui/examples/heap/model_methods/Cell_get.key 
24669      INFO  main            d.u.i.k.p.i.AbstractProblemLoader Loading environment from /home/runner/work/key/key/key.core/../key.ui/examples/heap/model_methods/Cell_get.key 
24669      DEBUG main            d.u.i.k.p.i.AbstractProblemLoader Environment load took 177.6ns 
24670      INFO  main            d.u.i.k.p.i.AbstractProblemLoader Creating init config 
27501      DEBUG main            d.u.i.k.p.i.AbstractProblemLoader Init config took 2.83s 
27572      INFO  main            d.u.i.k.p.i.AbstractProblemLoader Replaying proof Cell[Cell::get()].JML operation contract.0 
27575      DEBUG main            d.u.i.k.p.i.IntermediateProofReplayer Proof replay took 6.8ns 
27677      INFO  main            d.u.i.k.p.r.p.TestFile    ... finished proof: closed. 
27823      INFO  main            d.u.i.k.p.i.AbstractProblemLoader Loading environment from /home/runner/work/key/key/key.core/../key.ui/examples/heap/model_methods/Cell_get.key.proof 
27824      DEBUG main            d.u.i.k.p.i.AbstractProblemLoader Environment load took 122ns 
27825      INFO  main            d.u.i.k.p.i.AbstractProblemLoader Creating init config 
30495      DEBUG main            d.u.i.k.p.i.AbstractProblemLoader Init config took 2.67s 
30553      INFO  main            d.u.i.k.p.i.AbstractProblemLoader Replaying proof Cell[Cell::get()].JML operation contract.0 
30571      DEBUG main            d.u.i.k.p.i.IntermediateProofReplayer Proof replay took 15.84ms 
30572      DEBUG main            d.u.i.k.p.r.p.TestFile    ... success: reloaded. 
30573      INFO  main            d.u.i.k.p.r.p.TestFile    Now processing file /home/runner/work/key/key/key.core/../key.ui/examples/heap/model_methods/Cell_post_set.key 
30574      INFO  main            d.u.i.k.p.i.AbstractProblemLoader Loading environment from /home/runner/work/key/key/key.core/../key.ui/examples/heap/model_methods/Cell_post_set.key 
30574      DEBUG main            d.u.i.k.p.i.AbstractProblemLoader Environment load took 114.9ns 
30575      INFO  main            d.u.i.k.p.i.AbstractProblemLoader Creating init config 
33279      DEBUG main            d.u.i.k.p.i.AbstractProblemLoader Init config took 2.7s 
33324      INFO  main            d.u.i.k.p.i.AbstractProblemLoader Replaying proof Cell[Cell::post_set(int)].JML model_behavior operation contract.0 
33326      DEBUG main            d.u.i.k.p.i.IntermediateProofReplayer Proof replay took 7ns 
33428      INFO  main            d.u.i.k.p.r.p.TestFile    ... finished proof: closed. 
33612      INFO  main            d.u.i.k.p.i.AbstractProblemLoader Loading environment from /home/runner/work/key/key/key.core/../key.ui/examples/heap/model_methods/Cell_post_set.key.proof 
33612      DEBUG main            d.u.i.k.p.i.AbstractProblemLoader Environment load took 153.2ns 
33613      INFO  main            d.u.i.k.p.i.AbstractProblemLoader Creating init config 
36249      DEBUG main            d.u.i.k.p.i.AbstractProblemLoader Init config took 2.64s 
36298      INFO  main            d.u.i.k.p.i.AbstractProblemLoader Replaying proof Cell[Cell::post_set(int)].JML model_behavior operation contract.0 
36305      DEBUG main            d.u.i.k.p.i.IntermediateProofReplayer Proof replay took 5.08ms 
36306      DEBUG main            d.u.i.k.p.r.p.TestFile    ... success: reloaded. 
36308      INFO  main            d.u.i.k.p.r.p.TestFile    Now processing file /home/runner/work/key/key/key.core/../key.ui/examples/heap/model_methods/Cell_set.key 
36308      INFO  main            d.u.i.k.p.i.AbstractProblemLoader Loading environment from /home/runner/work/key/key/key.core/../key.ui/examples/heap/model_methods/Cell_set.key 
36309      DEBUG main            d.u.i.k.p.i.AbstractProblemLoader Environment load took 452ns 
36310      INFO  main            d.u.i.k.p.i.AbstractProblemLoader Creating init config 
39053      DEBUG main            d.u.i.k.p.i.AbstractProblemLoader Init config took 2.74s 
39106      INFO  main            d.u.i.k.p.i.AbstractProblemLoader Replaying proof Cell[Cell::set(int)].JML operation contract.0 
39108      DEBUG main            d.u.i.k.p.i.IntermediateProofReplayer Proof replay took 7.3ns 
45281      INFO  main            d.u.i.k.p.r.p.TestFile    ... finished proof: closed. 
45497      INFO  main            d.u.i.k.p.i.AbstractProblemLoader Loading environment from /home/runner/work/key/key/key.core/../key.ui/examples/heap/model_methods/Cell_set.key.proof 
45498      DEBUG main            d.u.i.k.p.i.AbstractProblemLoader Environment load took 134.1ns 
45499      INFO  main            d.u.i.k.p.i.AbstractProblemLoader Creating init config 
48168      DEBUG main            d.u.i.k.p.i.AbstractProblemLoader Init config took 2.67s 
48211      INFO  main            d.u.i.k.p.i.AbstractProblemLoader Replaying proof Cell[Cell::set(int)].JML operation contract.0 
48786      DEBUG main            d.u.i.k.p.i.IntermediateProofReplayer Proof replay took 560.04ms 
48789      DEBUG main            d.u.i.k.p.r.p.TestFile    ... success: reloaded. 
48790      INFO  main            d.u.i.k.p.r.p.TestFile    Now processing file /home/runner/work/key/key/key.core/../key.ui/examples/heap/model_methods/CellTest_callSet.key 
48790      INFO  main            d.u.i.k.p.i.AbstractProblemLoader Loading environment from /home/runner/work/key/key/key.core/../key.ui/examples/heap/model_methods/CellTest_callSet.key 
48790      DEBUG main            d.u.i.k.p.i.AbstractProblemLoader Environment load took 99.8ns 
48791      INFO  main            d.u.i.k.p.i.AbstractProblemLoader Creating init config 
51486      DEBUG main            d.u.i.k.p.i.AbstractProblemLoader Init config took 2.69s 
51528      INFO  main            d.u.i.k.p.i.AbstractProblemLoader Replaying proof CellTest[CellTest::callSet(Cell,int)].JML operation contract.0 
51530      DEBUG main            d.u.i.k.p.i.IntermediateProofReplayer Proof replay took 6.5ns 
51736      INFO  main            d.u.i.k.p.r.p.TestFile    ... finished proof: closed. 
51933      INFO  main            d.u.i.k.p.i.AbstractProblemLoader Loading environment from /home/runner/work/key/key/key.core/../key.ui/examples/heap/model_methods/CellTest_callSet.key.proof 
51934      DEBUG main            d.u.i.k.p.i.AbstractProblemLoader Environment load took 120.7ns 
51935      INFO  main            d.u.i.k.p.i.AbstractProblemLoader Creating init config 
54537      DEBUG main            d.u.i.k.p.i.AbstractProblemLoader Init config took 2.6s 
54579      INFO  main            d.u.i.k.p.i.AbstractProblemLoader Replaying proof CellTest[CellTest::callSet(Cell,int)].JML operation contract.0 
54622      DEBUG main            d.u.i.k.p.i.IntermediateProofReplayer Proof replay took 41.06ms 
54624      DEBUG main            d.u.i.k.p.r.p.TestFile    ... success: reloaded. 
54625      INFO  main            d.u.i.k.p.r.p.TestFile    Now processing file /home/runner/work/key/key/key.core/../key.ui/examples/heap/model_methods/CellTest_test2.key 
54625      INFO  main            d.u.i.k.p.i.AbstractProblemLoader Loading environment from /home/runner/work/key/key/key.core/../key.ui/examples/heap/model_methods/CellTest_test2.key 
54625      DEBUG main            d.u.i.k.p.i.AbstractProblemLoader Environment load took 95.7ns 
54626      INFO  main            d.u.i.k.p.i.AbstractProblemLoader Creating init config 
57284      DEBUG main            d.u.i.k.p.i.AbstractProblemLoader Init config took 2.66s 
57325      INFO  main            d.u.i.k.p.i.AbstractProblemLoader Replaying proof CellTest[CellTest::test2(Cell)].JML operation contract.0 
57326      DEBUG main            d.u.i.k.p.i.IntermediateProofReplayer Proof replay took 6.5ns 
57630      INFO  main            d.u.i.k.p.r.p.TestFile    ... finished proof: closed. 
57801      INFO  main            d.u.i.k.p.i.AbstractProblemLoader Loading environment from /home/runner/work/key/key/key.core/../key.ui/examples/heap/model_methods/CellTest_test2.key.proof 
57802      DEBUG main            d.u.i.k.p.i.AbstractProblemLoader Environment load took 120.4ns 
57803      INFO  main            d.u.i.k.p.i.AbstractProblemLoader Creating init config 
60417      DEBUG main            d.u.i.k.p.i.AbstractProblemLoader Init config took 2.61s 
60459      INFO  main            d.u.i.k.p.i.AbstractProblemLoader Replaying proof CellTest[CellTest::test2(Cell)].JML operation contract.0 
60538      DEBUG main            d.u.i.k.p.i.IntermediateProofReplayer Proof replay took 75.42ms 
60539      DEBUG main            d.u.i.k.p.r.p.TestFile    ... success: reloaded. 
60540      INFO  main            d.u.i.k.p.r.p.TestFile    Now processing file /home/runner/work/key/key/key.core/../key.ui/examples/heap/model_methods/CellTest_test.key 
60540      INFO  main            d.u.i.k.p.i.AbstractProblemLoader Loading environment from /home/runner/work/key/key/key.core/../key.ui/examples/heap/model_methods/CellTest_test.key 
60541      DEBUG main            d.u.i.k.p.i.AbstractProblemLoader Environment load took 158ns 
60542      INFO  main            d.u.i.k.p.i.AbstractProblemLoader Creating init config 
63184      DEBUG main            d.u.i.k.p.i.AbstractProblemLoader Init config took 2.64s 
63242      INFO  main            d.u.i.k.p.i.AbstractProblemLoader Replaying proof CellTest[CellTest::test(Recell)].JML operation contract.0 
63244      DEBUG main            d.u.i.k.p.i.IntermediateProofReplayer Proof replay took 7.5ns 
65856      INFO  main            d.u.i.k.p.r.p.TestFile    ... finished proof: closed. 
66085      INFO  main            d.u.i.k.p.i.AbstractProblemLoader Loading environment from /home/runner/work/key/key/key.core/../key.ui/examples/heap/model_methods/CellTest_test.key.proof 
66086      DEBUG main            d.u.i.k.p.i.AbstractProblemLoader Environment load took 1.04ms 
66087      INFO  main            d.u.i.k.p.i.AbstractProblemLoader Creating init config 
68700      DEBUG main            d.u.i.k.p.i.AbstractProblemLoader Init config took 2.61s 
68754      INFO  main            d.u.i.k.p.i.AbstractProblemLoader Replaying proof CellTest[CellTest::test(Recell)].JML operation contract.0 
69294      DEBUG main            d.u.i.k.p.i.IntermediateProofReplayer Proof replay took 522.94ms 
69296      DEBUG main            d.u.i.k.p.r.p.TestFile    ... success: reloaded. 
69297      INFO  main            d.u.i.k.p.r.p.TestFile    Now processing file /home/runner/work/key/key/key.core/../key.ui/examples/heap/model_methods/Coll1_add.key 
69297      INFO  main            d.u.i.k.p.i.AbstractProblemLoader Loading environment from /home/runner/work/key/key/key.core/../key.ui/examples/heap/model_methods/Coll1_add.key 
69297      DEBUG main            d.u.i.k.p.i.AbstractProblemLoader Environment load took 169.7ns 
69299      INFO  main            d.u.i.k.p.i.AbstractProblemLoader Creating init config 
71934      DEBUG main            d.u.i.k.p.i.AbstractProblemLoader Init config took 2.63s 
71973      INFO  main            d.u.i.k.p.i.AbstractProblemLoader Replaying proof Coll1[Coll::add(int)].JML operation contract.0 
71974      DEBUG main            d.u.i.k.p.i.IntermediateProofReplayer Proof replay took 6.7ns 
72080      INFO  main            d.u.i.k.p.r.p.TestFile    ... finished proof: closed. 
72263      INFO  main            d.u.i.k.p.i.AbstractProblemLoader Loading environment from /home/runner/work/key/key/key.core/../key.ui/examples/heap/model_methods/Coll1_add.key.proof 
72263      DEBUG main            d.u.i.k.p.i.AbstractProblemLoader Environment load took 120.1ns 
72264      INFO  main            d.u.i.k.p.i.AbstractProblemLoader Creating init config 
74878      DEBUG main            d.u.i.k.p.i.AbstractProblemLoader Init config took 2.61s 
74918      INFO  main            d.u.i.k.p.i.AbstractProblemLoader Replaying proof Coll1[Coll::add(int)].JML operation contract.0 
74926      DEBUG main            d.u.i.k.p.i.IntermediateProofReplayer Proof replay took 6.61ms 
74927      DEBUG main            d.u.i.k.p.r.p.TestFile    ... success: reloaded. 
74928      INFO  main            d.u.i.k.p.r.p.TestFile    Now processing file /home/runner/work/key/key/key.core/../key.ui/examples/heap/model_methods/Coll1_Coll1_add_pre.key 
74928      INFO  main            d.u.i.k.p.i.AbstractProblemLoader Loading environment from /home/runner/work/key/key/key.core/../key.ui/examples/heap/model_methods/Coll1_Coll1_add_pre.key 
74928      DEBUG main            d.u.i.k.p.i.AbstractProblemLoader Environment load took 92.7ns 
74929      INFO  main            d.u.i.k.p.i.AbstractProblemLoader Creating init config 
77585      DEBUG main            d.u.i.k.p.i.AbstractProblemLoader Init config took 2.66s 
77629      INFO  main            d.u.i.k.p.i.AbstractProblemLoader Replaying proof Coll1[Coll1::add_pre(int)].JML model_behavior operation contract.0 
77631      DEBUG main            d.u.i.k.p.i.IntermediateProofReplayer Proof replay took 6.9ns 
77732      INFO  main            d.u.i.k.p.r.p.TestFile    ... finished proof: closed. 
77925      INFO  main            d.u.i.k.p.i.AbstractProblemLoader Loading environment from /home/runner/work/key/key/key.core/../key.ui/examples/heap/model_methods/Coll1_Coll1_add_pre.key.proof 
77926      DEBUG main            d.u.i.k.p.i.AbstractProblemLoader Environment load took 136.2ns 
77927      INFO  main            d.u.i.k.p.i.AbstractProblemLoader Creating init config 
80532      DEBUG main            d.u.i.k.p.i.AbstractProblemLoader Init config took 2.6s 
80577      INFO  main            d.u.i.k.p.i.AbstractProblemLoader Replaying proof Coll1[Coll1::add_pre(int)].JML model_behavior operation contract.0 
80587      DEBUG main            d.u.i.k.p.i.IntermediateProofReplayer Proof replay took 1.36ms 
80589      DEBUG main            d.u.i.k.p.r.p.TestFile    ... success: reloaded. 
80592      INFO  main            d.u.i.k.p.r.p.TestFile    Now processing file /home/runner/work/key/key/key.core/../key.ui/examples/heap/model_methods/Coll1_Coll_add_pre.key 
80593      INFO  main            d.u.i.k.p.i.AbstractProblemLoader Loading environment from /home/runner/work/key/key/key.core/../key.ui/examples/heap/model_methods/Coll1_Coll_add_pre.key 
80593      DEBUG main            d.u.i.k.p.i.AbstractProblemLoader Environment load took 175.9ns 
80594      INFO  main            d.u.i.k.p.i.AbstractProblemLoader Creating init config 
83254      DEBUG main            d.u.i.k.p.i.AbstractProblemLoader Init config took 2.66s 
83293      INFO  main            d.u.i.k.p.i.AbstractProblemLoader Replaying proof Coll1[Coll::add_pre(int)].JML model_behavior operation contract.0 
83294      DEBUG main            d.u.i.k.p.i.IntermediateProofReplayer Proof replay took 7.2ns 
83399      INFO  main            d.u.i.k.p.r.p.TestFile    ... finished proof: closed. 
83595      INFO  main            d.u.i.k.p.i.AbstractProblemLoader Loading environment from /home/runner/work/key/key/key.core/../key.ui/examples/heap/model_methods/Coll1_Coll_add_pre.key.proof 
83595      DEBUG main            d.u.i.k.p.i.AbstractProblemLoader Environment load took 124.1ns 
83596      INFO  main            d.u.i.k.p.i.AbstractProblemLoader Creating init config 
86188      DEBUG main            d.u.i.k.p.i.AbstractProblemLoader Init config took 2.59s 
86227      INFO  main            d.u.i.k.p.i.AbstractProblemLoader Replaying proof Coll1[Coll::add_pre(int)].JML model_behavior operation contract.0 
86230      DEBUG main            d.u.i.k.p.i.IntermediateProofReplayer Proof replay took 2.01ms 
86231      DEBUG main            d.u.i.k.p.r.p.TestFile    ... success: reloaded. 
86232      INFO  main            d.u.i.k.p.r.p.TestFile    Now processing file /home/runner/work/key/key/key.core/../key.ui/examples/heap/model_methods/Coll2_add.key 
86233      INFO  main            d.u.i.k.p.i.AbstractProblemLoader Loading environment from /home/runner/work/key/key/key.core/../key.ui/examples/heap/model_methods/Coll2_add.key 
86233      DEBUG main            d.u.i.k.p.i.AbstractProblemLoader Environment load took 201.2ns 
86234      INFO  main            d.u.i.k.p.i.AbstractProblemLoader Creating init config 
88897      DEBUG main            d.u.i.k.p.i.AbstractProblemLoader Init config took 2.66s 
88940      INFO  main            d.u.i.k.p.i.AbstractProblemLoader Replaying proof Coll2[Coll::add(int)].JML operation contract.0 
88942      DEBUG main            d.u.i.k.p.i.IntermediateProofReplayer Proof replay took 7.5ns 
89047      INFO  main            d.u.i.k.p.r.p.TestFile    ... finished proof: closed. 
89254      INFO  main            d.u.i.k.p.i.AbstractProblemLoader Loading environment from /home/runner/work/key/key/key.core/../key.ui/examples/heap/model_methods/Coll2_add.key.proof 
89254      DEBUG main            d.u.i.k.p.i.AbstractProblemLoader Environment load took 125.2ns 
89255      INFO  main            d.u.i.k.p.i.AbstractProblemLoader Creating init config 
91828      DEBUG main            d.u.i.k.p.i.AbstractProblemLoader Init config took 2.57s 
91867      INFO  main            d.u.i.k.p.i.AbstractProblemLoader Replaying proof Coll2[Coll::add(int)].JML operation contract.0 
91875      DEBUG main            d.u.i.k.p.i.IntermediateProofReplayer Proof replay took 6.46ms 
91876      DEBUG main            d.u.i.k.p.r.p.TestFile    ... success: reloaded. 
91877      INFO  main            d.u.i.k.p.r.p.TestFile    Now processing file /home/runner/work/key/key/key.core/../key.ui/examples/heap/model_methods/Coll2_Coll2_add_pre.key 
91877      INFO  main            d.u.i.k.p.i.AbstractProblemLoader Loading environment from /home/runner/work/key/key/key.core/../key.ui/examples/heap/model_methods/Coll2_Coll2_add_pre.key 
91878      DEBUG main            d.u.i.k.p.i.AbstractProblemLoader Environment load took 178.2ns 
91879      INFO  main            d.u.i.k.p.i.AbstractProblemLoader Creating init config 
94522      DEBUG main            d.u.i.k.p.i.AbstractProblemLoader Init config took 2.64s 
94563      INFO  main            d.u.i.k.p.i.AbstractProblemLoader Replaying proof Coll2[Coll2::add_pre(int)].JML model_behavior operation contract.0 
94566      DEBUG main            d.u.i.k.p.i.IntermediateProofReplayer Proof replay took 6.8ns 
94667      INFO  main            d.u.i.k.p.r.p.TestFile    ... finished proof: closed. 
94882      INFO  main            d.u.i.k.p.i.AbstractProblemLoader Loading environment from /home/runner/work/key/key/key.core/../key.ui/examples/heap/model_methods/Coll2_Coll2_add_pre.key.proof 
94882      DEBUG main            d.u.i.k.p.i.AbstractProblemLoader Environment load took 129.2ns 
94883      INFO  main            d.u.i.k.p.i.AbstractProblemLoader Creating init config 
97435      DEBUG main            d.u.i.k.p.i.AbstractProblemLoader Init config took 2.55s 
97487      INFO  main            d.u.i.k.p.i.AbstractProblemLoader Replaying proof Coll2[Coll2::add_pre(int)].JML model_behavior operation contract.0 
97490      DEBUG main            d.u.i.k.p.i.IntermediateProofReplayer Proof replay took 1.36ms 
97491      DEBUG main            d.u.i.k.p.r.p.TestFile    ... success: reloaded. 
97492      INFO  main            d.u.i.k.p.r.p.TestFile    Now processing file /home/runner/work/key/key/key.core/../key.ui/examples/heap/model_methods/Coll2_Coll_add_pre.key 
97492      INFO  main            d.u.i.k.p.i.AbstractProblemLoader Loading environment from /home/runner/work/key/key/key.core/../key.ui/examples/heap/model_methods/Coll2_Coll_add_pre.key 
97492      DEBUG main            d.u.i.k.p.i.AbstractProblemLoader Environment load took 96.1ns 
97493      INFO  main            d.u.i.k.p.i.AbstractProblemLoader Creating init config 
100104     DEBUG main            d.u.i.k.p.i.AbstractProblemLoader Init config took 2.61s 
100141     INFO  main            d.u.i.k.p.i.AbstractProblemLoader Replaying proof Coll2[Coll::add_pre(int)].JML model_behavior operation contract.0 
100143     DEBUG main            d.u.i.k.p.i.IntermediateProofReplayer Proof replay took 6.6ns 
100246     INFO  main            d.u.i.k.p.r.p.TestFile    ... finished proof: closed. 
100465     INFO  main            d.u.i.k.p.i.AbstractProblemLoader Loading environment from /home/runner/work/key/key/key.core/../key.ui/examples/heap/model_methods/Coll2_Coll_add_pre.key.proof 
100465     DEBUG main            d.u.i.k.p.i.AbstractProblemLoader Environment load took 142.9ns 
100466     INFO  main            d.u.i.k.p.i.AbstractProblemLoader Creating init config 
103012     DEBUG main            d.u.i.k.p.i.AbstractProblemLoader Init config took 2.55s 
103051     INFO  main            d.u.i.k.p.i.AbstractProblemLoader Replaying proof Coll2[Coll::add_pre(int)].JML model_behavior operation contract.0 
103054     DEBUG main            d.u.i.k.p.i.IntermediateProofReplayer Proof replay took 1.87ms 
103055     DEBUG main            d.u.i.k.p.r.p.TestFile    ... success: reloaded. 
103056     INFO  main            d.u.i.k.p.r.p.TestFile    Now processing file /home/runner/work/key/key/key.core/../key.ui/examples/heap/model_methods/Coll_add.key 
103056     INFO  main            d.u.i.k.p.i.AbstractProblemLoader Loading environment from /home/runner/work/key/key/key.core/../key.ui/examples/heap/model_methods/Coll_add.key 
103056     DEBUG main            d.u.i.k.p.i.AbstractProblemLoader Environment load took 96.3ns 
103057     INFO  main            d.u.i.k.p.i.AbstractProblemLoader Creating init config 
105716     DEBUG main            d.u.i.k.p.i.AbstractProblemLoader Init config took 2.66s 
105755     INFO  main            d.u.i.k.p.i.AbstractProblemLoader Replaying proof Coll[Coll::add(int)].JML operation contract.0 
105757     DEBUG main            d.u.i.k.p.i.IntermediateProofReplayer Proof replay took 7ns 
105859     INFO  main            d.u.i.k.p.r.p.TestFile    ... finished proof: closed. 
106089     INFO  main            d.u.i.k.p.i.AbstractProblemLoader Loading environment from /home/runner/work/key/key/key.core/../key.ui/examples/heap/model_methods/Coll_add.key.proof 
106089     DEBUG main            d.u.i.k.p.i.AbstractProblemLoader Environment load took 143ns 
106090     INFO  main            d.u.i.k.p.i.AbstractProblemLoader Creating init config 
108656     DEBUG main            d.u.i.k.p.i.AbstractProblemLoader Init config took 2.57s 
108703     INFO  main            d.u.i.k.p.i.AbstractProblemLoader Replaying proof Coll[Coll::add(int)].JML operation contract.0 
108710     DEBUG main            d.u.i.k.p.i.IntermediateProofReplayer Proof replay took 3.56ms 
108711     DEBUG main            d.u.i.k.p.r.p.TestFile    ... success: reloaded. 
108713     INFO  main            d.u.i.k.p.r.p.TestFile    Now processing file /home/runner/work/key/key/key.core/../key.ui/examples/heap/model_methods/Coll_add_pre.key 
108713     INFO  main            d.u.i.k.p.i.AbstractProblemLoader Loading environment from /home/runner/work/key/key/key.core/../key.ui/examples/heap/model_methods/Coll_add_pre.key 
108713     DEBUG main            d.u.i.k.p.i.AbstractProblemLoader Environment load took 182.7ns 
108714     INFO  main            d.u.i.k.p.i.AbstractProblemLoader Creating init config 
111377     DEBUG main            d.u.i.k.p.i.AbstractProblemLoader Init config took 2.66s 
111414     INFO  main            d.u.i.k.p.i.AbstractProblemLoader Replaying proof Coll[Coll::add_pre(int)].JML model_behavior operation contract.0 
111415     DEBUG main            d.u.i.k.p.i.IntermediateProofReplayer Proof replay took 6.8ns 
111517     INFO  main            d.u.i.k.p.r.p.TestFile    ... finished proof: closed. 
111740     INFO  main            d.u.i.k.p.i.AbstractProblemLoader Loading environment from /home/runner/work/key/key/key.core/../key.ui/examples/heap/model_methods/Coll_add_pre.key.proof 
111741     DEBUG main            d.u.i.k.p.i.AbstractProblemLoader Environment load took 418.2ns 
111742     INFO  main            d.u.i.k.p.i.AbstractProblemLoader Creating init config 
114301     DEBUG main            d.u.i.k.p.i.AbstractProblemLoader Init config took 2.56s 
114343     INFO  main            d.u.i.k.p.i.AbstractProblemLoader Replaying proof Coll[Coll::add_pre(int)].JML model_behavior operation contract.0 
114347     DEBUG main            d.u.i.k.p.i.IntermediateProofReplayer Proof replay took 2.31ms 
114348     DEBUG main            d.u.i.k.p.r.p.TestFile    ... success: reloaded. 
114349     INFO  main            d.u.i.k.p.r.p.TestFile    Now processing file /home/runner/work/key/key/key.core/../key.ui/examples/heap/model_methods/Indirect_callAdd.key 
114350     INFO  main            d.u.i.k.p.i.AbstractProblemLoader Loading environment from /home/runner/work/key/key/key.core/../key.ui/examples/heap/model_methods/Indirect_callAdd.key 
114350     DEBUG main            d.u.i.k.p.i.AbstractProblemLoader Environment load took 169.8ns 
114351     INFO  main            d.u.i.k.p.i.AbstractProblemLoader Creating init config 
116972     DEBUG main            d.u.i.k.p.i.AbstractProblemLoader Init config took 2.62s 
117008     INFO  main            d.u.i.k.p.i.AbstractProblemLoader Replaying proof Indirect[Indirect::callAdd(Coll,int)].JML operation contract.0 
117010     DEBUG main            d.u.i.k.p.i.IntermediateProofReplayer Proof replay took 18.7ns 
117116     INFO  main            d.u.i.k.p.r.p.TestFile    ... finished proof: closed. 
117371     INFO  main            d.u.i.k.p.i.AbstractProblemLoader Loading environment from /home/runner/work/key/key/key.core/../key.ui/examples/heap/model_methods/Indirect_callAdd.key.proof 
117371     DEBUG main            d.u.i.k.p.i.AbstractProblemLoader Environment load took 118.5ns 
117372     INFO  main            d.u.i.k.p.i.AbstractProblemLoader Creating init config 
119925     DEBUG main            d.u.i.k.p.i.AbstractProblemLoader Init config took 2.55s 
119963     INFO  main            d.u.i.k.p.i.AbstractProblemLoader Replaying proof Indirect[Indirect::callAdd(Coll,int)].JML operation contract.0 
119987     DEBUG main            d.u.i.k.p.i.IntermediateProofReplayer Proof replay took 22.73ms 
119988     DEBUG main            d.u.i.k.p.r.p.TestFile    ... success: reloaded. 
119989     INFO  main            d.u.i.k.p.r.p.TestFile    Now processing file /home/runner/work/key/key/key.core/../key.ui/examples/heap/model_methods/Indirect_test.key 
119990     INFO  main            d.u.i.k.p.i.AbstractProblemLoader Loading environment from /home/runner/work/key/key/key.core/../key.ui/examples/heap/model_methods/Indirect_test.key 
119990     DEBUG main            d.u.i.k.p.i.AbstractProblemLoader Environment load took 122ns 
119991     INFO  main            d.u.i.k.p.i.AbstractProblemLoader Creating init config 
122648     DEBUG main            d.u.i.k.p.i.AbstractProblemLoader Init config took 2.66s 
122707     INFO  main            d.u.i.k.p.i.AbstractProblemLoader Replaying proof Indirect[Indirect::test(Coll1,Coll2)].JML operation contract.0 
122711     DEBUG main            d.u.i.k.p.i.IntermediateProofReplayer Proof replay took 8.9ns 
122913     INFO  main            d.u.i.k.p.r.p.TestFile    ... finished proof: closed. 
123161     INFO  main            d.u.i.k.p.i.AbstractProblemLoader Loading environment from /home/runner/work/key/key/key.core/../key.ui/examples/heap/model_methods/Indirect_test.key.proof 
123161     DEBUG main            d.u.i.k.p.i.AbstractProblemLoader Environment load took 122.5ns 
123163     INFO  main            d.u.i.k.p.i.AbstractProblemLoader Creating init config 
125718     DEBUG main            d.u.i.k.p.i.AbstractProblemLoader Init config took 2.56s 
125756     INFO  main            d.u.i.k.p.i.AbstractProblemLoader Replaying proof Indirect[Indirect::test(Coll1,Coll2)].JML operation contract.0 
125808     DEBUG main            d.u.i.k.p.i.IntermediateProofReplayer Proof replay took 48.73ms 
125809     DEBUG main            d.u.i.k.p.r.p.TestFile    ... success: reloaded. 
125810     INFO  main            d.u.i.k.p.r.p.TestFile    Now processing file /home/runner/work/key/key/key.core/../key.ui/examples/heap/model_methods/Recell_Cell_footprint.key 
125810     INFO  main            d.u.i.k.p.i.AbstractProblemLoader Loading environment from /home/runner/work/key/key/key.core/../key.ui/examples/heap/model_methods/Recell_Cell_footprint.key 
125810     DEBUG main            d.u.i.k.p.i.AbstractProblemLoader Environment load took 130.5ns 
125811     INFO  main            d.u.i.k.p.i.AbstractProblemLoader Creating init config 
128477     DEBUG main            d.u.i.k.p.i.AbstractProblemLoader Init config took 2.67s 
128533     INFO  main            d.u.i.k.p.i.AbstractProblemLoader Replaying proof Recell[Cell::footprint()].JML model_behavior operation contract.0 
128535     DEBUG main            d.u.i.k.p.i.IntermediateProofReplayer Proof replay took 7ns 
128637     INFO  main            d.u.i.k.p.r.p.TestFile    ... finished proof: closed. 
128880     INFO  main            d.u.i.k.p.i.AbstractProblemLoader Loading environment from /home/runner/work/key/key/key.core/../key.ui/examples/heap/model_methods/Recell_Cell_footprint.key.proof 
128880     DEBUG main            d.u.i.k.p.i.AbstractProblemLoader Environment load took 116.9ns 
128881     INFO  main            d.u.i.k.p.i.AbstractProblemLoader Creating init config 
131445     DEBUG main            d.u.i.k.p.i.AbstractProblemLoader Init config took 2.56s 
131488     INFO  main            d.u.i.k.p.i.AbstractProblemLoader Replaying proof Recell[Cell::footprint()].JML model_behavior operation contract.0 
131492     DEBUG main            d.u.i.k.p.i.IntermediateProofReplayer Proof replay took 2.49ms 
131493     DEBUG main            d.u.i.k.p.r.p.TestFile    ... success: reloaded. 
131494     INFO  main            d.u.i.k.p.r.p.TestFile    Now processing file /home/runner/work/key/key/key.core/../key.ui/examples/heap/model_methods/Recell_Cell_post_set.key 
131494     INFO  main            d.u.i.k.p.i.AbstractProblemLoader Loading environment from /home/runner/work/key/key/key.core/../key.ui/examples/heap/model_methods/Recell_Cell_post_set.key 
131494     DEBUG main            d.u.i.k.p.i.AbstractProblemLoader Environment load took 70.5ns 
131495     INFO  main            d.u.i.k.p.i.AbstractProblemLoader Creating init config 
134074     DEBUG main            d.u.i.k.p.i.AbstractProblemLoader Init config took 2.58s 
134110     INFO  main            d.u.i.k.p.i.AbstractProblemLoader Replaying proof Recell[Cell::post_set(int)].JML model_behavior operation contract.0 
134111     DEBUG main            d.u.i.k.p.i.IntermediateProofReplayer Proof replay took 6.5ns 
134213     INFO  main            d.u.i.k.p.r.p.TestFile    ... finished proof: closed. 
134469     INFO  main            d.u.i.k.p.i.AbstractProblemLoader Loading environment from /home/runner/work/key/key/key.core/../key.ui/examples/heap/model_methods/Recell_Cell_post_set.key.proof 
134469     DEBUG main            d.u.i.k.p.i.AbstractProblemLoader Environment load took 114.8ns 
134470     INFO  main            d.u.i.k.p.i.AbstractProblemLoader Creating init config 
137028     DEBUG main            d.u.i.k.p.i.AbstractProblemLoader Init config took 2.56s 
137065     INFO  main            d.u.i.k.p.i.AbstractProblemLoader Replaying proof Recell[Cell::post_set(int)].JML model_behavior operation contract.0 
137071     DEBUG main            d.u.i.k.p.i.IntermediateProofReplayer Proof replay took 4.53ms 
137072     DEBUG main            d.u.i.k.p.r.p.TestFile    ... success: reloaded. 
137073     INFO  main            d.u.i.k.p.r.p.TestFile    Now processing file /home/runner/work/key/key/key.core/../key.ui/examples/heap/model_methods/Recell_footprint_acc.key 
137073     INFO  main            d.u.i.k.p.i.AbstractProblemLoader Loading environment from /home/runner/work/key/key/key.core/../key.ui/examples/heap/model_methods/Recell_footprint_acc.key 
137073     DEBUG main            d.u.i.k.p.i.AbstractProblemLoader Environment load took 61.9ns 
137074     INFO  main            d.u.i.k.p.i.AbstractProblemLoader Creating init config 
139704     DEBUG main            d.u.i.k.p.i.AbstractProblemLoader Init config took 2.63s 
139740     INFO  main            d.u.i.k.p.i.AbstractProblemLoader Replaying proof Recell[Cell::footprint()].JML accessible clause.0 
139742     DEBUG main            d.u.i.k.p.i.IntermediateProofReplayer Proof replay took 8.4ns 
139847     INFO  main            d.u.i.k.p.r.p.TestFile    ... finished proof: closed. 
140101     INFO  main            d.u.i.k.p.i.AbstractProblemLoader Loading environment from /home/runner/work/key/key/key.core/../key.ui/examples/heap/model_methods/Recell_footprint_acc.key.proof 
140101     DEBUG main            d.u.i.k.p.i.AbstractProblemLoader Environment load took 110.2ns 
140102     INFO  main            d.u.i.k.p.i.AbstractProblemLoader Creating init config 
142654     DEBUG main            d.u.i.k.p.i.AbstractProblemLoader Init config took 2.55s 
142692     INFO  main            d.u.i.k.p.i.AbstractProblemLoader Replaying proof Recell[Cell::footprint()].JML accessible clause.0 
142711     DEBUG main            d.u.i.k.p.i.IntermediateProofReplayer Proof replay took 17.32ms 
142712     DEBUG main            d.u.i.k.p.r.p.TestFile    ... success: reloaded. 
142713     INFO  main            d.u.i.k.p.r.p.TestFile    Now processing file /home/runner/work/key/key/key.core/../key.ui/examples/heap/model_methods/Recell_get_acc.key 
142713     INFO  main            d.u.i.k.p.i.AbstractProblemLoader Loading environment from /home/runner/work/key/key/key.core/../key.ui/examples/heap/model_methods/Recell_get_acc.key 
142714     DEBUG main            d.u.i.k.p.i.AbstractProblemLoader Environment load took 120.4ns 
142714     INFO  main            d.u.i.k.p.i.AbstractProblemLoader Creating init config 
145306     DEBUG main            d.u.i.k.p.i.AbstractProblemLoader Init config took 2.59s 
145341     INFO  main            d.u.i.k.p.i.AbstractProblemLoader Replaying proof Recell[Cell::get()].JML accessible clause.0 
145343     DEBUG main            d.u.i.k.p.i.IntermediateProofReplayer Proof replay took 6.9ns 
145447     INFO  main            d.u.i.k.p.r.p.TestFile    ... finished proof: closed. 
145730     INFO  main            d.u.i.k.p.i.AbstractProblemLoader Loading environment from /home/runner/work/key/key/key.core/../key.ui/examples/heap/model_methods/Recell_get_acc.key.proof 
145730     DEBUG main            d.u.i.k.p.i.AbstractProblemLoader Environment load took 113.6ns 
145731     INFO  main            d.u.i.k.p.i.AbstractProblemLoader Creating init config 
148277     DEBUG main            d.u.i.k.p.i.AbstractProblemLoader Init config took 2.55s 
148313     INFO  main            d.u.i.k.p.i.AbstractProblemLoader Replaying proof Recell[Cell::get()].JML accessible clause.0 
148331     DEBUG main            d.u.i.k.p.i.IntermediateProofReplayer Proof replay took 15.66ms 
148331     DEBUG main            d.u.i.k.p.r.p.TestFile    ... success: reloaded. 
148332     INFO  main            d.u.i.k.p.r.p.TestFile    Now processing file /home/runner/work/key/key/key.core/../key.ui/examples/heap/model_methods/Recell_get.key 
148333     INFO  main            d.u.i.k.p.i.AbstractProblemLoader Loading environment from /home/runner/work/key/key/key.core/../key.ui/examples/heap/model_methods/Recell_get.key 
148333     DEBUG main            d.u.i.k.p.i.AbstractProblemLoader Environment load took 87.9ns 
148334     INFO  main            d.u.i.k.p.i.AbstractProblemLoader Creating init config 
150933     DEBUG main            d.u.i.k.p.i.AbstractProblemLoader Init config took 2.6s 
150970     INFO  main            d.u.i.k.p.i.AbstractProblemLoader Replaying proof Recell[Cell::get()].JML operation contract.0 
150972     DEBUG main            d.u.i.k.p.i.IntermediateProofReplayer Proof replay took 7.7ns 
151074     INFO  main            d.u.i.k.p.r.p.TestFile    ... finished proof: closed. 
151344     INFO  main            d.u.i.k.p.i.AbstractProblemLoader Loading environment from /home/runner/work/key/key/key.core/../key.ui/examples/heap/model_methods/Recell_get.key.proof 
151344     DEBUG main            d.u.i.k.p.i.AbstractProblemLoader Environment load took 121.9ns 
151345     INFO  main            d.u.i.k.p.i.AbstractProblemLoader Creating init config 
153891     DEBUG main            d.u.i.k.p.i.AbstractProblemLoader Init config took 2.55s 
153927     INFO  main            d.u.i.k.p.i.AbstractProblemLoader Replaying proof Recell[Cell::get()].JML operation contract.0 
153936     DEBUG main            d.u.i.k.p.i.IntermediateProofReplayer Proof replay took 7.95ms 
153937     DEBUG main            d.u.i.k.p.r.p.TestFile    ... success: reloaded. 
153938     INFO  main            d.u.i.k.p.r.p.TestFile    Now processing file /home/runner/work/key/key/key.core/../key.ui/examples/heap/model_methods/Recell_Recell_footprint.key 
153938     INFO  main            d.u.i.k.p.i.AbstractProblemLoader Loading environment from /home/runner/work/key/key/key.core/../key.ui/examples/heap/model_methods/Recell_Recell_footprint.key 
153938     DEBUG main            d.u.i.k.p.i.AbstractProblemLoader Environment load took 53.6ns 
153939     INFO  main            d.u.i.k.p.i.AbstractProblemLoader Creating init config 
156536     DEBUG main            d.u.i.k.p.i.AbstractProblemLoader Init config took 2.6s 
156572     INFO  main            d.u.i.k.p.i.AbstractProblemLoader Replaying proof Recell[Recell::footprint()].JML model_behavior operation contract.0 
156573     DEBUG main            d.u.i.k.p.i.IntermediateProofReplayer Proof replay took 7.1ns 
156675     INFO  main            d.u.i.k.p.r.p.TestFile    ... finished proof: closed. 
156989     INFO  main            d.u.i.k.p.i.AbstractProblemLoader Loading environment from /home/runner/work/key/key/key.core/../key.ui/examples/heap/model_methods/Recell_Recell_footprint.key.proof 
156989     DEBUG main            d.u.i.k.p.i.AbstractProblemLoader Environment load took 105.1ns 
156990     INFO  main            d.u.i.k.p.i.AbstractProblemLoader Creating init config 
159526     DEBUG main            d.u.i.k.p.i.AbstractProblemLoader Init config took 2.54s 
159562     INFO  main            d.u.i.k.p.i.AbstractProblemLoader Replaying proof Recell[Recell::footprint()].JML model_behavior operation contract.0 
159565     DEBUG main            d.u.i.k.p.i.IntermediateProofReplayer Proof replay took 1.26ms 
159566     DEBUG main            d.u.i.k.p.r.p.TestFile    ... success: reloaded. 
159567     INFO  main            d.u.i.k.p.r.p.TestFile    Now processing file /home/runner/work/key/key/key.core/../key.ui/examples/heap/model_methods/Recell_Recell_post_set.key 
159567     INFO  main            d.u.i.k.p.i.AbstractProblemLoader Loading environment from /home/runner/work/key/key/key.core/../key.ui/examples/heap/model_methods/Recell_Recell_post_set.key 
159567     DEBUG main            d.u.i.k.p.i.AbstractProblemLoader Environment load took 194ns 
159568     INFO  main            d.u.i.k.p.i.AbstractProblemLoader Creating init config 
162149     DEBUG main            d.u.i.k.p.i.AbstractProblemLoader Init config took 2.58s 
162185     INFO  main            d.u.i.k.p.i.AbstractProblemLoader Replaying proof Recell[Recell::post_set(int)].JML model_behavior operation contract.0 
162186     DEBUG main            d.u.i.k.p.i.IntermediateProofReplayer Proof replay took 6.9ns 
162288     INFO  main            d.u.i.k.p.r.p.TestFile    ... finished proof: closed. 
162569     INFO  main            d.u.i.k.p.i.AbstractProblemLoader Loading environment from /home/runner/work/key/key/key.core/../key.ui/examples/heap/model_methods/Recell_Recell_post_set.key.proof 
162569     DEBUG main            d.u.i.k.p.i.AbstractProblemLoader Environment load took 102.8ns 
162570     INFO  main            d.u.i.k.p.i.AbstractProblemLoader Creating init config 
165108     DEBUG main            d.u.i.k.p.i.AbstractProblemLoader Init config took 2.54s 
165144     INFO  main            d.u.i.k.p.i.AbstractProblemLoader Replaying proof Recell[Recell::post_set(int)].JML model_behavior operation contract.0 
165147     DEBUG main            d.u.i.k.p.i.IntermediateProofReplayer Proof replay took 2.18ms 
165148     DEBUG main            d.u.i.k.p.r.p.TestFile    ... success: reloaded. 
165149     INFO  main            d.u.i.k.p.r.p.TestFile    Now processing file /home/runner/work/key/key/key.core/../key.ui/examples/heap/model_methods/Recell_set.key 
165149     INFO  main            d.u.i.k.p.i.AbstractProblemLoader Loading environment from /home/runner/work/key/key/key.core/../key.ui/examples/heap/model_methods/Recell_set.key 
165149     DEBUG main            d.u.i.k.p.i.AbstractProblemLoader Environment load took 75.8ns 
165150     INFO  main            d.u.i.k.p.i.AbstractProblemLoader Creating init config 
167744     DEBUG main            d.u.i.k.p.i.AbstractProblemLoader Init config took 2.59s 
167780     INFO  main            d.u.i.k.p.i.AbstractProblemLoader Replaying proof Recell[Cell::set(int)].JML operation contract.0 
167782     DEBUG main            d.u.i.k.p.i.IntermediateProofReplayer Proof replay took 9ns 
174443     INFO  main            d.u.i.k.p.r.p.TestFile    ... finished proof: closed. 
174759     INFO  main            d.u.i.k.p.i.AbstractProblemLoader Loading environment from /home/runner/work/key/key/key.core/../key.ui/examples/heap/model_methods/Recell_set.key.proof 
174759     DEBUG main            d.u.i.k.p.i.AbstractProblemLoader Environment load took 120.2ns 
174761     INFO  main            d.u.i.k.p.i.AbstractProblemLoader Creating init config 
177290     DEBUG main            d.u.i.k.p.i.AbstractProblemLoader Init config took 2.53s 
177343     INFO  main            d.u.i.k.p.i.AbstractProblemLoader Replaying proof Recell[Cell::set(int)].JML operation contract.0 
177803     DEBUG main            d.u.i.k.p.i.IntermediateProofReplayer Proof replay took 444.05ms 
177805     DEBUG main            d.u.i.k.p.r.p.TestFile    ... success: reloaded. 
177806     INFO  main            d.u.i.k.p.r.p.TestFile    Now processing file /home/runner/work/key/key/key.core/../key.ui/examples/heap/model_methods/Recell_undo.key 
177806     INFO  main            d.u.i.k.p.i.AbstractProblemLoader Loading environment from /home/runner/work/key/key/key.core/../key.ui/examples/heap/model_methods/Recell_undo.key 
177806     DEBUG main            d.u.i.k.p.i.AbstractProblemLoader Environment load took 169.3ns 
177807     INFO  main            d.u.i.k.p.i.AbstractProblemLoader Creating init config 
180429     DEBUG main            d.u.i.k.p.i.AbstractProblemLoader Init config took 2.62s 
180465     INFO  main            d.u.i.k.p.i.AbstractProblemLoader Replaying proof Recell[Recell::undo()].JML operation contract.0 
180467     DEBUG main            d.u.i.k.p.i.IntermediateProofReplayer Proof replay took 7.1ns 
180669     INFO  main            d.u.i.k.p.r.p.TestFile    ... finished proof: closed. 
180948     INFO  main            d.u.i.k.p.i.AbstractProblemLoader Loading environment from /home/runner/work/key/key/key.core/../key.ui/examples/heap/model_methods/Recell_undo.key.proof 
180948     DEBUG main            d.u.i.k.p.i.AbstractProblemLoader Environment load took 111.8ns 
180949     INFO  main            d.u.i.k.p.i.AbstractProblemLoader Creating init config 
183488     DEBUG main            d.u.i.k.p.i.AbstractProblemLoader Init config took 2.54s 
183527     INFO  main            d.u.i.k.p.i.AbstractProblemLoader Replaying proof Recell[Recell::undo()].JML operation contract.0 
183562     DEBUG main            d.u.i.k.p.i.IntermediateProofReplayer Proof replay took 30.48ms 
183563     DEBUG main            d.u.i.k.p.r.p.TestFile    ... success: reloaded. 
4212656    INFO  Test worker     d.u.i.k.p.r.RunAllProofsTestUnit Returning from test modelMethods 
4212657    INFO  Test worker     d.u.i.k.p.r.RunAllProofsTestUnit Running test permissionHeap 
360        INFO  Timeout watchdog d.u.i.k.p.r.p.ForkedTestFileRunner Timeout watcher launched (2000 secs.) 
380        WARN  main            d.u.i.k.s.ProofSettings   The settings in /home/runner/.key/proof-settings.props are *not* read. 
427        INFO  main            d.u.i.k.p.r.p.TestFile    Now processing file /home/runner/work/key/key/key.core/../key.ui/examples/heap/permissions/permissions_method0.key 
545        INFO  main            d.u.i.k.p.i.AbstractProblemLoader Loading environment from /home/runner/work/key/key/key.core/../key.ui/examples/heap/permissions/permissions_method0.key 
567        DEBUG main            d.u.i.k.p.i.AbstractProblemLoader Environment load took 1.92ms 
778        INFO  main            d.u.i.k.p.i.AbstractProblemLoader Creating init config 
1677       DEBUG main            d.u.i.k.j.TypeConverter   No LDT found for Meta 
1677       DEBUG main            d.u.i.k.j.TypeConverter   No LDT found for Meta 
1680       DEBUG main            d.u.i.k.j.TypeConverter   No LDT found for Meta 
1681       DEBUG main            d.u.i.k.j.TypeConverter   No LDT found for Meta 
3154       DEBUG main            d.u.i.k.j.TypeConverter   No LDT found for JavaBigintExpression 
8128       DEBUG main            d.u.i.k.p.i.AbstractProblemLoader Init config took 7.35s 
8252       INFO  main            d.u.i.k.p.i.AbstractProblemLoader Replaying proof MyClass[MyClass::method0()].JML normal_behavior operation contract.0 
8286       DEBUG main            d.u.i.k.p.i.IntermediateProofReplayer Proof replay took 34.1ns 
9312       INFO  main            d.u.i.k.p.r.p.TestFile    ... finished proof: closed. 
9435       INFO  main            d.u.i.k.p.i.AbstractProblemLoader Loading environment from /home/runner/work/key/key/key.core/../key.ui/examples/heap/permissions/permissions_method0.key.proof 
9437       DEBUG main            d.u.i.k.p.i.AbstractProblemLoader Environment load took 1.69ms 
9440       INFO  main            d.u.i.k.p.i.AbstractProblemLoader Creating init config 
12410      DEBUG main            d.u.i.k.p.i.AbstractProblemLoader Init config took 2.97s 
12498      INFO  main            d.u.i.k.p.i.AbstractProblemLoader Replaying proof MyClass[MyClass::method0()].JML normal_behavior operation contract.0 
12677      DEBUG main            d.u.i.k.p.i.IntermediateProofReplayer Proof replay took 166.28ms 
12685      DEBUG main            d.u.i.k.p.r.p.TestFile    ... success: reloaded. 
12688      INFO  main            d.u.i.k.p.r.p.TestFile    Now processing file /home/runner/work/key/key/key.core/../key.ui/examples/heap/permissions/permissions_method1.key 
12688      INFO  main            d.u.i.k.p.i.AbstractProblemLoader Loading environment from /home/runner/work/key/key/key.core/../key.ui/examples/heap/permissions/permissions_method1.key 
12688      DEBUG main            d.u.i.k.p.i.AbstractProblemLoader Environment load took 140.52ns 
12691      INFO  main            d.u.i.k.p.i.AbstractProblemLoader Creating init config 
15517      DEBUG main            d.u.i.k.p.i.AbstractProblemLoader Init config took 2.83s 
15579      INFO  main            d.u.i.k.p.i.AbstractProblemLoader Replaying proof MyClass[MyClass::method1()].JML normal_behavior operation contract.0 
15581      DEBUG main            d.u.i.k.p.i.IntermediateProofReplayer Proof replay took 7.1ns 
15885      INFO  main            d.u.i.k.p.r.p.TestFile    ... finished proof: closed. 
16051      INFO  main            d.u.i.k.p.i.AbstractProblemLoader Loading environment from /home/runner/work/key/key/key.core/../key.ui/examples/heap/permissions/permissions_method1.key.proof 
16052      DEBUG main            d.u.i.k.p.i.AbstractProblemLoader Environment load took 589.81ns 
16054      INFO  main            d.u.i.k.p.i.AbstractProblemLoader Creating init config 
18711      DEBUG main            d.u.i.k.p.i.AbstractProblemLoader Init config took 2.66s 
18767      INFO  main            d.u.i.k.p.i.AbstractProblemLoader Replaying proof MyClass[MyClass::method1()].JML normal_behavior operation contract.0 
18850      DEBUG main            d.u.i.k.p.i.IntermediateProofReplayer Proof replay took 76.18ms 
18851      DEBUG main            d.u.i.k.p.r.p.TestFile    ... success: reloaded. 
18853      INFO  main            d.u.i.k.p.r.p.TestFile    Now processing file /home/runner/work/key/key/key.core/../key.ui/examples/heap/permissions/permissions_method3.key 
18853      INFO  main            d.u.i.k.p.i.AbstractProblemLoader Loading environment from /home/runner/work/key/key/key.core/../key.ui/examples/heap/permissions/permissions_method3.key 
18854      DEBUG main            d.u.i.k.p.i.AbstractProblemLoader Environment load took 248.7ns 
18856      INFO  main            d.u.i.k.p.i.AbstractProblemLoader Creating init config 
21558      DEBUG main            d.u.i.k.p.i.AbstractProblemLoader Init config took 2.7s 
21609      INFO  main            d.u.i.k.p.i.AbstractProblemLoader Replaying proof MyClass[MyClass::method3()].JML normal_behavior operation contract.0 
21612      DEBUG main            d.u.i.k.p.i.IntermediateProofReplayer Proof replay took 6.4ns 
22927      INFO  main            d.u.i.k.p.r.p.TestFile    ... finished proof: closed. 
23129      INFO  main            d.u.i.k.p.i.AbstractProblemLoader Loading environment from /home/runner/work/key/key/key.core/../key.ui/examples/heap/permissions/permissions_method3.key.proof 
23131      DEBUG main            d.u.i.k.p.i.AbstractProblemLoader Environment load took 1.51ms 
23133      INFO  main            d.u.i.k.p.i.AbstractProblemLoader Creating init config 
25688      DEBUG main            d.u.i.k.p.i.AbstractProblemLoader Init config took 2.55s 
25735      INFO  main            d.u.i.k.p.i.AbstractProblemLoader Replaying proof MyClass[MyClass::method3()].JML normal_behavior operation contract.0 
26005      DEBUG main            d.u.i.k.p.i.IntermediateProofReplayer Proof replay took 262.02ms 
26006      DEBUG main            d.u.i.k.p.r.p.TestFile    ... success: reloaded. 
26007      INFO  main            d.u.i.k.p.r.p.TestFile    Now processing file /home/runner/work/key/key/key.core/../key.ui/examples/heap/permissions/permissions_setAB.key 
26008      INFO  main            d.u.i.k.p.i.AbstractProblemLoader Loading environment from /home/runner/work/key/key/key.core/../key.ui/examples/heap/permissions/permissions_setAB.key 
26008      DEBUG main            d.u.i.k.p.i.AbstractProblemLoader Environment load took 179.8ns 
26009      INFO  main            d.u.i.k.p.i.AbstractProblemLoader Creating init config 
28625      DEBUG main            d.u.i.k.p.i.AbstractProblemLoader Init config took 2.62s 
28671      INFO  main            d.u.i.k.p.i.AbstractProblemLoader Replaying proof MyClass[MyClass::setAB()].JML normal_behavior operation contract.0 
28673      DEBUG main            d.u.i.k.p.i.IntermediateProofReplayer Proof replay took 14.4ns 
30180      INFO  main            d.u.i.k.p.r.p.TestFile    ... finished proof: closed. 
30389      INFO  main            d.u.i.k.p.i.AbstractProblemLoader Loading environment from /home/runner/work/key/key/key.core/../key.ui/examples/heap/permissions/permissions_setAB.key.proof 
30390      DEBUG main            d.u.i.k.p.i.AbstractProblemLoader Environment load took 367.31ns 
30391      INFO  main            d.u.i.k.p.i.AbstractProblemLoader Creating init config 
32973      DEBUG main            d.u.i.k.p.i.AbstractProblemLoader Init config took 2.58s 
33032      INFO  main            d.u.i.k.p.i.AbstractProblemLoader Replaying proof MyClass[MyClass::setAB()].JML normal_behavior operation contract.0 
33297      DEBUG main            d.u.i.k.p.i.IntermediateProofReplayer Proof replay took 255.68ms 
33298      DEBUG main            d.u.i.k.p.r.p.TestFile    ... success: reloaded. 
33300      INFO  main            d.u.i.k.p.r.p.TestFile    Now processing file /home/runner/work/key/key/key.core/../key.ui/examples/heap/permissions/permissionProperties.key 
33300      INFO  main            d.u.i.k.p.i.AbstractProblemLoader Loading environment from /home/runner/work/key/key/key.core/../key.ui/examples/heap/permissions/permissionProperties.key 
33300      DEBUG main            d.u.i.k.p.i.AbstractProblemLoader Environment load took 171.5ns 
33302      INFO  main            d.u.i.k.p.i.AbstractProblemLoader Creating init config 
33461      DEBUG main            d.u.i.k.j.TypeConverter   No LDT found for Meta 
33461      DEBUG main            d.u.i.k.j.TypeConverter   No LDT found for Meta 
33462      DEBUG main            d.u.i.k.j.TypeConverter   No LDT found for Meta 
33462      DEBUG main            d.u.i.k.j.TypeConverter   No LDT found for Meta 
34161      DEBUG main            d.u.i.k.j.TypeConverter   No LDT found for JavaBigintExpression 
36777      DEBUG main            d.u.i.k.p.i.AbstractProblemLoader Init config took 3.48s 
36798      INFO  main            d.u.i.k.p.i.AbstractProblemLoader Replaying proof permissionProperties.key 
36800      DEBUG main            d.u.i.k.p.i.IntermediateProofReplayer Proof replay took 7.7ns 
36903      INFO  main            d.u.i.k.p.r.p.TestFile    ... finished proof: closed. 
37056      INFO  main            d.u.i.k.p.i.AbstractProblemLoader Loading environment from /home/runner/work/key/key/key.core/../key.ui/examples/heap/permissions/permissionProperties.key.proof 
37056      DEBUG main            d.u.i.k.p.i.AbstractProblemLoader Environment load took 129.6ns 
37057      INFO  main            d.u.i.k.p.i.AbstractProblemLoader Creating init config 
39434      DEBUG main            d.u.i.k.p.i.AbstractProblemLoader Init config took 2.38s 
39454      INFO  main            d.u.i.k.p.i.AbstractProblemLoader Replaying proof permissionProperties.key.proof 
39473      DEBUG main            d.u.i.k.p.i.IntermediateProofReplayer Proof replay took 16.26ms 
39475      DEBUG main            d.u.i.k.p.r.p.TestFile    ... success: reloaded. 
39476      INFO  main            d.u.i.k.p.r.p.TestFile    Now processing file /home/runner/work/key/key/key.core/../key.ui/examples/heap/permissions/threads/AFilter_AFilter.key 
39476      INFO  main            d.u.i.k.p.i.AbstractProblemLoader Loading environment from /home/runner/work/key/key/key.core/../key.ui/examples/heap/permissions/threads/AFilter_AFilter.key 
39476      DEBUG main            d.u.i.k.p.i.AbstractProblemLoader Environment load took 186.8ns 
39477      INFO  main            d.u.i.k.p.i.AbstractProblemLoader Creating init config 
39604      DEBUG main            d.u.i.k.j.TypeConverter   No LDT found for Meta 
39604      DEBUG main            d.u.i.k.j.TypeConverter   No LDT found for Meta 
39605      DEBUG main            d.u.i.k.j.TypeConverter   No LDT found for Meta 
39605      DEBUG main            d.u.i.k.j.TypeConverter   No LDT found for Meta 
40148      DEBUG main            d.u.i.k.j.TypeConverter   No LDT found for JavaBigintExpression 
45207      DEBUG main            d.u.i.k.p.i.AbstractProblemLoader Init config took 5.73s 
45305      INFO  main            d.u.i.k.p.i.AbstractProblemLoader Replaying proof AFilter[AFilter::AFilter(Sampler,Buffer)].JML normal_behavior operation contract.0 
45307      DEBUG main            d.u.i.k.p.i.IntermediateProofReplayer Proof replay took 7.4ns 
46412      INFO  main            d.u.i.k.p.r.p.TestFile    ... finished proof: closed. 
46648      INFO  main            d.u.i.k.p.i.AbstractProblemLoader Loading environment from /home/runner/work/key/key/key.core/../key.ui/examples/heap/permissions/threads/AFilter_AFilter.key.proof 
46648      DEBUG main            d.u.i.k.p.i.AbstractProblemLoader Environment load took 449.61ns 
46649      INFO  main            d.u.i.k.p.i.AbstractProblemLoader Creating init config 
51155      DEBUG main            d.u.i.k.p.i.AbstractProblemLoader Init config took 4.51s 
51246      INFO  main            d.u.i.k.p.i.AbstractProblemLoader Replaying proof AFilter[AFilter::AFilter(Sampler,Buffer)].JML normal_behavior operation contract.0 
51412      DEBUG main            d.u.i.k.p.i.IntermediateProofReplayer Proof replay took 161.17ms 
51413      DEBUG main            d.u.i.k.p.r.p.TestFile    ... success: reloaded. 
51415      INFO  main            d.u.i.k.p.r.p.TestFile    Now processing file /home/runner/work/key/key/key.core/../key.ui/examples/heap/permissions/threads/AFilter_initPost_accessible.key 
51415      INFO  main            d.u.i.k.p.i.AbstractProblemLoader Loading environment from /home/runner/work/key/key/key.core/../key.ui/examples/heap/permissions/threads/AFilter_initPost_accessible.key 
51415      DEBUG main            d.u.i.k.p.i.AbstractProblemLoader Environment load took 188.8ns 
51416      INFO  main            d.u.i.k.p.i.AbstractProblemLoader Creating init config 
55934      DEBUG main            d.u.i.k.p.i.AbstractProblemLoader Init config took 4.52s 
56044      INFO  main            d.u.i.k.p.i.AbstractProblemLoader Replaying proof AFilter[ThreadSpec2::initPost()].JML accessible clause.0 
56047      DEBUG main            d.u.i.k.p.i.IntermediateProofReplayer Proof replay took 7ns 
56149      INFO  main            d.u.i.k.p.r.p.TestFile    ... finished proof: closed. 
56360      INFO  main            d.u.i.k.p.i.AbstractProblemLoader Loading environment from /home/runner/work/key/key/key.core/../key.ui/examples/heap/permissions/threads/AFilter_initPost_accessible.key.proof 
56360      DEBUG main            d.u.i.k.p.i.AbstractProblemLoader Environment load took 139.5ns 
56361      INFO  main            d.u.i.k.p.i.AbstractProblemLoader Creating init config 
60801      DEBUG main            d.u.i.k.p.i.AbstractProblemLoader Init config took 4.44s 
60897      INFO  main            d.u.i.k.p.i.AbstractProblemLoader Replaying proof AFilter[ThreadSpec2::initPost()].JML accessible clause.0 
60911      DEBUG main            d.u.i.k.p.i.IntermediateProofReplayer Proof replay took 12.5ms 
60912      DEBUG main            d.u.i.k.p.r.p.TestFile    ... success: reloaded. 
60914      INFO  main            d.u.i.k.p.r.p.TestFile    Now processing file /home/runner/work/key/key/key.core/../key.ui/examples/heap/permissions/threads/AFilter_inv_accessible1.key 
60914      INFO  main            d.u.i.k.p.i.AbstractProblemLoader Loading environment from /home/runner/work/key/key/key.core/../key.ui/examples/heap/permissions/threads/AFilter_inv_accessible1.key 
60914      DEBUG main            d.u.i.k.p.i.AbstractProblemLoader Environment load took 103ns 
60915      INFO  main            d.u.i.k.p.i.AbstractProblemLoader Creating init config 
65408      DEBUG main            d.u.i.k.p.i.AbstractProblemLoader Init config took 4.49s 
65507      INFO  main            d.u.i.k.p.i.AbstractProblemLoader Replaying proof AFilter[java.lang.Object::<inv>()].JML accessible clause.0 
65509      DEBUG main            d.u.i.k.p.i.IntermediateProofReplayer Proof replay took 7.6ns 
65613      INFO  main            d.u.i.k.p.r.p.TestFile    ... finished proof: closed. 
65819      INFO  main            d.u.i.k.p.i.AbstractProblemLoader Loading environment from /home/runner/work/key/key/key.core/../key.ui/examples/heap/permissions/threads/AFilter_inv_accessible1.key.proof 
65819      DEBUG main            d.u.i.k.p.i.AbstractProblemLoader Environment load took 138ns 
65820      INFO  main            d.u.i.k.p.i.AbstractProblemLoader Creating init config 
70284      DEBUG main            d.u.i.k.p.i.AbstractProblemLoader Init config took 4.46s 
70382      INFO  main            d.u.i.k.p.i.AbstractProblemLoader Replaying proof AFilter[java.lang.Object::<inv>()].JML accessible clause.0 
70387      DEBUG main            d.u.i.k.p.i.IntermediateProofReplayer Proof replay took 2.52ms 
70388      DEBUG main            d.u.i.k.p.r.p.TestFile    ... success: reloaded. 
70389      INFO  main            d.u.i.k.p.r.p.TestFile    Now processing file /home/runner/work/key/key/key.core/../key.ui/examples/heap/permissions/threads/AFilter_inv_accessible2.key 
70389      INFO  main            d.u.i.k.p.i.AbstractProblemLoader Loading environment from /home/runner/work/key/key/key.core/../key.ui/examples/heap/permissions/threads/AFilter_inv_accessible2.key 
70390      DEBUG main            d.u.i.k.p.i.AbstractProblemLoader Environment load took 165.2ns 
70390      INFO  main            d.u.i.k.p.i.AbstractProblemLoader Creating init config 
74892      DEBUG main            d.u.i.k.p.i.AbstractProblemLoader Init config took 4.5s 
74977      INFO  main            d.u.i.k.p.i.AbstractProblemLoader Replaying proof AFilter[java.lang.Object::<inv>()].JML accessible clause.1 
74979      DEBUG main            d.u.i.k.p.i.IntermediateProofReplayer Proof replay took 7.4ns 
75081      INFO  main            d.u.i.k.p.r.p.TestFile    ... finished proof: closed. 
75298      INFO  main            d.u.i.k.p.i.AbstractProblemLoader Loading environment from /home/runner/work/key/key/key.core/../key.ui/examples/heap/permissions/threads/AFilter_inv_accessible2.key.proof 
75298      DEBUG main            d.u.i.k.p.i.AbstractProblemLoader Environment load took 117.8ns 
75299      INFO  main            d.u.i.k.p.i.AbstractProblemLoader Creating init config 
79768      DEBUG main            d.u.i.k.p.i.AbstractProblemLoader Init config took 4.47s 
79858      INFO  main            d.u.i.k.p.i.AbstractProblemLoader Replaying proof AFilter[java.lang.Object::<inv>()].JML accessible clause.1 
79865      DEBUG main            d.u.i.k.p.i.IntermediateProofReplayer Proof replay took 2.76ms 
79867      DEBUG main            d.u.i.k.p.r.p.TestFile    ... success: reloaded. 
79869      INFO  main            d.u.i.k.p.r.p.TestFile    Now processing file /home/runner/work/key/key/key.core/../key.ui/examples/heap/permissions/threads/AFilter_joinTransfer_accessible.key 
79870      INFO  main            d.u.i.k.p.i.AbstractProblemLoader Loading environment from /home/runner/work/key/key/key.core/../key.ui/examples/heap/permissions/threads/AFilter_joinTransfer_accessible.key 
79870      DEBUG main            d.u.i.k.p.i.AbstractProblemLoader Environment load took 164.6ns 
79871      INFO  main            d.u.i.k.p.i.AbstractProblemLoader Creating init config 
84390      DEBUG main            d.u.i.k.p.i.AbstractProblemLoader Init config took 4.52s 
84474      INFO  main            d.u.i.k.p.i.AbstractProblemLoader Replaying proof AFilter[ThreadSpec2::joinTransfer()].JML accessible clause.0 
84476      DEBUG main            d.u.i.k.p.i.IntermediateProofReplayer Proof replay took 7.5ns 
85580      INFO  main            d.u.i.k.p.r.p.TestFile    ... finished proof: closed. 
85848      INFO  main            d.u.i.k.p.i.AbstractProblemLoader Loading environment from /home/runner/work/key/key/key.core/../key.ui/examples/heap/permissions/threads/AFilter_joinTransfer_accessible.key.proof 
85849      DEBUG main            d.u.i.k.p.i.AbstractProblemLoader Environment load took 637.11ns 
85850      INFO  main            d.u.i.k.p.i.AbstractProblemLoader Creating init config 
90317      DEBUG main            d.u.i.k.p.i.AbstractProblemLoader Init config took 4.47s 
90418      INFO  main            d.u.i.k.p.i.AbstractProblemLoader Replaying proof AFilter[ThreadSpec2::joinTransfer()].JML accessible clause.0 
90558      DEBUG main            d.u.i.k.p.i.IntermediateProofReplayer Proof replay took 134.45ms 
90559      DEBUG main            d.u.i.k.p.r.p.TestFile    ... success: reloaded. 
90562      INFO  main            d.u.i.k.p.r.p.TestFile    Now processing file /home/runner/work/key/key/key.core/../key.ui/examples/heap/permissions/threads/AFilter_joinTransfer_contract.key 
90562      INFO  main            d.u.i.k.p.i.AbstractProblemLoader Loading environment from /home/runner/work/key/key/key.core/../key.ui/examples/heap/permissions/threads/AFilter_joinTransfer_contract.key 
90562      DEBUG main            d.u.i.k.p.i.AbstractProblemLoader Environment load took 94.3ns 
90563      INFO  main            d.u.i.k.p.i.AbstractProblemLoader Creating init config 
95044      DEBUG main            d.u.i.k.p.i.AbstractProblemLoader Init config took 4.48s 
95142      INFO  main            d.u.i.k.p.i.AbstractProblemLoader Replaying proof AFilter[ThreadSpec2::joinTransfer()].JML model_behavior operation contract.0 
95144      DEBUG main            d.u.i.k.p.i.IntermediateProofReplayer Proof replay took 7.5ns 
95249      INFO  main            d.u.i.k.p.r.p.TestFile    ... finished proof: closed. 
95477      INFO  main            d.u.i.k.p.i.AbstractProblemLoader Loading environment from /home/runner/work/key/key/key.core/../key.ui/examples/heap/permissions/threads/AFilter_joinTransfer_contract.key.proof 
95477      DEBUG main            d.u.i.k.p.i.AbstractProblemLoader Environment load took 126.6ns 
95478      INFO  main            d.u.i.k.p.i.AbstractProblemLoader Creating init config 
99896      DEBUG main            d.u.i.k.p.i.AbstractProblemLoader Init config took 4.42s 
99990      INFO  main            d.u.i.k.p.i.AbstractProblemLoader Replaying proof AFilter[ThreadSpec2::joinTransfer()].JML model_behavior operation contract.0 
100000     DEBUG main            d.u.i.k.p.i.IntermediateProofReplayer Proof replay took 7.28ms 
100001     DEBUG main            d.u.i.k.p.r.p.TestFile    ... success: reloaded. 
100002     INFO  main            d.u.i.k.p.r.p.TestFile    Now processing file /home/runner/work/key/key/key.core/../key.ui/examples/heap/permissions/threads/AFilter_postJoin_accessible.key 
100002     INFO  main            d.u.i.k.p.i.AbstractProblemLoader Loading environment from /home/runner/work/key/key/key.core/../key.ui/examples/heap/permissions/threads/AFilter_postJoin_accessible.key 
100003     DEBUG main            d.u.i.k.p.i.AbstractProblemLoader Environment load took 176.5ns 
100004     INFO  main            d.u.i.k.p.i.AbstractProblemLoader Creating init config 
104490     DEBUG main            d.u.i.k.p.i.AbstractProblemLoader Init config took 4.49s 
104586     INFO  main            d.u.i.k.p.i.AbstractProblemLoader Replaying proof AFilter[ThreadSpec2::postJoin(java.lang.Object)].JML accessible clause.0 
104587     DEBUG main            d.u.i.k.p.i.IntermediateProofReplayer Proof replay took 6.8ns 
104689     INFO  main            d.u.i.k.p.r.p.TestFile    ... finished proof: closed. 
104938     INFO  main            d.u.i.k.p.i.AbstractProblemLoader Loading environment from /home/runner/work/key/key/key.core/../key.ui/examples/heap/permissions/threads/AFilter_postJoin_accessible.key.proof 
104938     DEBUG main            d.u.i.k.p.i.AbstractProblemLoader Environment load took 120.1ns 
104939     INFO  main            d.u.i.k.p.i.AbstractProblemLoader Creating init config 
109409     DEBUG main            d.u.i.k.p.i.AbstractProblemLoader Init config took 4.47s 
109492     INFO  main            d.u.i.k.p.i.AbstractProblemLoader Replaying proof AFilter[ThreadSpec2::postJoin(java.lang.Object)].JML accessible clause.0 
109502     DEBUG main            d.u.i.k.p.i.IntermediateProofReplayer Proof replay took 7.04ms 
109503     DEBUG main            d.u.i.k.p.r.p.TestFile    ... success: reloaded. 
109504     INFO  main            d.u.i.k.p.r.p.TestFile    Now processing file /home/runner/work/key/key/key.core/../key.ui/examples/heap/permissions/threads/AFilter_preStart_accessible.key 
109505     INFO  main            d.u.i.k.p.i.AbstractProblemLoader Loading environment from /home/runner/work/key/key/key.core/../key.ui/examples/heap/permissions/threads/AFilter_preStart_accessible.key 
109505     DEBUG main            d.u.i.k.p.i.AbstractProblemLoader Environment load took 177.6ns 
109506     INFO  main            d.u.i.k.p.i.AbstractProblemLoader Creating init config 
114014     DEBUG main            d.u.i.k.p.i.AbstractProblemLoader Init config took 4.51s 
114094     INFO  main            d.u.i.k.p.i.AbstractProblemLoader Replaying proof AFilter[ThreadSpec2::preStart(java.lang.Object)].JML accessible clause.0 
114096     DEBUG main            d.u.i.k.p.i.IntermediateProofReplayer Proof replay took 6.9ns 
114398     INFO  main            d.u.i.k.p.r.p.TestFile    ... finished proof: closed. 
114635     INFO  main            d.u.i.k.p.i.AbstractProblemLoader Loading environment from /home/runner/work/key/key/key.core/../key.ui/examples/heap/permissions/threads/AFilter_preStart_accessible.key.proof 
114636     DEBUG main            d.u.i.k.p.i.AbstractProblemLoader Environment load took 351.11ns 
114637     INFO  main            d.u.i.k.p.i.AbstractProblemLoader Creating init config 
119073     DEBUG main            d.u.i.k.p.i.AbstractProblemLoader Init config took 4.44s 
119154     INFO  main            d.u.i.k.p.i.AbstractProblemLoader Replaying proof AFilter[ThreadSpec2::preStart(java.lang.Object)].JML accessible clause.0 
119199     DEBUG main            d.u.i.k.p.i.IntermediateProofReplayer Proof replay took 40.96ms 
119200     DEBUG main            d.u.i.k.p.r.p.TestFile    ... success: reloaded. 
119202     INFO  main            d.u.i.k.p.r.p.TestFile    Now processing file /home/runner/work/key/key/key.core/../key.ui/examples/heap/permissions/threads/AFilter_startTransfer_accessible.key 
119202     INFO  main            d.u.i.k.p.i.AbstractProblemLoader Loading environment from /home/runner/work/key/key/key.core/../key.ui/examples/heap/permissions/threads/AFilter_startTransfer_accessible.key 
119202     DEBUG main            d.u.i.k.p.i.AbstractProblemLoader Environment load took 171.9ns 
119203     INFO  main            d.u.i.k.p.i.AbstractProblemLoader Creating init config 
123675     DEBUG main            d.u.i.k.p.i.AbstractProblemLoader Init config took 4.47s 
123759     INFO  main            d.u.i.k.p.i.AbstractProblemLoader Replaying proof AFilter[ThreadSpec2::startTransfer()].JML accessible clause.0 
123761     DEBUG main            d.u.i.k.p.i.IntermediateProofReplayer Proof replay took 6.8ns 
133585     INFO  main            d.u.i.k.p.r.p.TestFile    ... finished proof: closed. 
133871     INFO  main            d.u.i.k.p.i.AbstractProblemLoader Loading environment from /home/runner/work/key/key/key.core/../key.ui/examples/heap/permissions/threads/AFilter_startTransfer_accessible.key.proof 
133872     DEBUG main            d.u.i.k.p.i.AbstractProblemLoader Environment load took 361.5ns 
133873     INFO  main            d.u.i.k.p.i.AbstractProblemLoader Creating init config 
138272     DEBUG main            d.u.i.k.p.i.AbstractProblemLoader Init config took 4.4s 
138353     INFO  main            d.u.i.k.p.i.AbstractProblemLoader Replaying proof AFilter[ThreadSpec2::startTransfer()].JML accessible clause.0 
139131     DEBUG main            d.u.i.k.p.i.IntermediateProofReplayer Proof replay took 753.63ms 
139133     DEBUG main            d.u.i.k.p.r.p.TestFile    ... success: reloaded. 
139135     INFO  main            d.u.i.k.p.r.p.TestFile    Now processing file /home/runner/work/key/key/key.core/../key.ui/examples/heap/permissions/threads/AFilter_startTransfer_contract.key 
139135     INFO  main            d.u.i.k.p.i.AbstractProblemLoader Loading environment from /home/runner/work/key/key/key.core/../key.ui/examples/heap/permissions/threads/AFilter_startTransfer_contract.key 
139135     DEBUG main            d.u.i.k.p.i.AbstractProblemLoader Environment load took 177.2ns 
139136     INFO  main            d.u.i.k.p.i.AbstractProblemLoader Creating init config 
143633     DEBUG main            d.u.i.k.p.i.AbstractProblemLoader Init config took 4.5s 
143735     INFO  main            d.u.i.k.p.i.AbstractProblemLoader Replaying proof AFilter[ThreadSpec2::startTransfer()].JML model_behavior operation contract.0 
143736     DEBUG main            d.u.i.k.p.i.IntermediateProofReplayer Proof replay took 8.8ns 
144142     INFO  main            d.u.i.k.p.r.p.TestFile    ... finished proof: closed. 
144490     INFO  main            d.u.i.k.p.i.AbstractProblemLoader Loading environment from /home/runner/work/key/key/key.core/../key.ui/examples/heap/permissions/threads/AFilter_startTransfer_contract.key.proof 
144490     DEBUG main            d.u.i.k.p.i.AbstractProblemLoader Environment load took 352.91ns 
144491     INFO  main            d.u.i.k.p.i.AbstractProblemLoader Creating init config 
148903     DEBUG main            d.u.i.k.p.i.AbstractProblemLoader Init config took 4.41s 
149022     INFO  main            d.u.i.k.p.i.AbstractProblemLoader Replaying proof AFilter[ThreadSpec2::startTransfer()].JML model_behavior operation contract.0 
149078     DEBUG main            d.u.i.k.p.i.IntermediateProofReplayer Proof replay took 50.71ms 
149080     DEBUG main            d.u.i.k.p.r.p.TestFile    ... success: reloaded. 
149085     INFO  main            d.u.i.k.p.r.p.TestFile    Now processing file /home/runner/work/key/key/key.core/../key.ui/examples/heap/permissions/threads/AFilter_stateInv_accessible.key 
149086     INFO  main            d.u.i.k.p.i.AbstractProblemLoader Loading environment from /home/runner/work/key/key/key.core/../key.ui/examples/heap/permissions/threads/AFilter_stateInv_accessible.key 
149086     DEBUG main            d.u.i.k.p.i.AbstractProblemLoader Environment load took 219.7ns 
149087     INFO  main            d.u.i.k.p.i.AbstractProblemLoader Creating init config 
153571     DEBUG main            d.u.i.k.p.i.AbstractProblemLoader Init config took 4.48s 
153668     INFO  main            d.u.i.k.p.i.AbstractProblemLoader Replaying proof AFilter[ThreadSpec2::stateInv()].JML accessible clause.0 
153669     DEBUG main            d.u.i.k.p.i.IntermediateProofReplayer Proof replay took 7.5ns 
153975     INFO  main            d.u.i.k.p.r.p.TestFile    ... finished proof: closed. 
154249     INFO  main            d.u.i.k.p.i.AbstractProblemLoader Loading environment from /home/runner/work/key/key/key.core/../key.ui/examples/heap/permissions/threads/AFilter_stateInv_accessible.key.proof 
154250     DEBUG main            d.u.i.k.p.i.AbstractProblemLoader Environment load took 128.2ns 
154250     INFO  main            d.u.i.k.p.i.AbstractProblemLoader Creating init config 
158654     DEBUG main            d.u.i.k.p.i.AbstractProblemLoader Init config took 4.4s 
158735     INFO  main            d.u.i.k.p.i.AbstractProblemLoader Replaying proof AFilter[ThreadSpec2::stateInv()].JML accessible clause.0 
158775     DEBUG main            d.u.i.k.p.i.IntermediateProofReplayer Proof replay took 36.6ms 
158776     DEBUG main            d.u.i.k.p.r.p.TestFile    ... success: reloaded. 
158777     INFO  main            d.u.i.k.p.r.p.TestFile    Now processing file /home/runner/work/key/key/key.core/../key.ui/examples/heap/permissions/threads/AFilter_staticPermissions_accessible.key 
158777     INFO  main            d.u.i.k.p.i.AbstractProblemLoader Loading environment from /home/runner/work/key/key/key.core/../key.ui/examples/heap/permissions/threads/AFilter_staticPermissions_accessible.key 
158777     DEBUG main            d.u.i.k.p.i.AbstractProblemLoader Environment load took 91.5ns 
158778     INFO  main            d.u.i.k.p.i.AbstractProblemLoader Creating init config 
163260     DEBUG main            d.u.i.k.p.i.AbstractProblemLoader Init config took 4.48s 
163340     INFO  main            d.u.i.k.p.i.AbstractProblemLoader Replaying proof AFilter[ThreadSpec2::staticPermissions()].JML accessible clause.0 
163341     DEBUG main            d.u.i.k.p.i.IntermediateProofReplayer Proof replay took 6.2ns 
163443     INFO  main            d.u.i.k.p.r.p.TestFile    ... finished proof: closed. 
163709     INFO  main            d.u.i.k.p.i.AbstractProblemLoader Loading environment from /home/runner/work/key/key/key.core/../key.ui/examples/heap/permissions/threads/AFilter_staticPermissions_accessible.key.proof 
163709     DEBUG main            d.u.i.k.p.i.AbstractProblemLoader Environment load took 111.8ns 
163710     INFO  main            d.u.i.k.p.i.AbstractProblemLoader Creating init config 
168094     DEBUG main            d.u.i.k.p.i.AbstractProblemLoader Init config took 4.38s 
168174     INFO  main            d.u.i.k.p.i.AbstractProblemLoader Replaying proof AFilter[ThreadSpec2::staticPermissions()].JML accessible clause.0 
168186     DEBUG main            d.u.i.k.p.i.IntermediateProofReplayer Proof replay took 9.82ms 
168187     DEBUG main            d.u.i.k.p.r.p.TestFile    ... success: reloaded. 
168188     INFO  main            d.u.i.k.p.r.p.TestFile    Now processing file /home/runner/work/key/key/key.core/../key.ui/examples/heap/permissions/threads/AFilter_workingPermissions_accessible.key 
168188     INFO  main            d.u.i.k.p.i.AbstractProblemLoader Loading environment from /home/runner/work/key/key/key.core/../key.ui/examples/heap/permissions/threads/AFilter_workingPermissions_accessible.key 
168188     DEBUG main            d.u.i.k.p.i.AbstractProblemLoader Environment load took 73.8ns 
168189     INFO  main            d.u.i.k.p.i.AbstractProblemLoader Creating init config 
172663     DEBUG main            d.u.i.k.p.i.AbstractProblemLoader Init config took 4.47s 
172744     INFO  main            d.u.i.k.p.i.AbstractProblemLoader Replaying proof AFilter[ThreadSpec2::workingPermissions()].JML accessible clause.0 
172746     DEBUG main            d.u.i.k.p.i.IntermediateProofReplayer Proof replay took 7.1ns 
172849     INFO  main            d.u.i.k.p.r.p.TestFile    ... finished proof: closed. 
173127     INFO  main            d.u.i.k.p.i.AbstractProblemLoader Loading environment from /home/runner/work/key/key/key.core/../key.ui/examples/heap/permissions/threads/AFilter_workingPermissions_accessible.key.proof 
173127     DEBUG main            d.u.i.k.p.i.AbstractProblemLoader Environment load took 115.2ns 
173128     INFO  main            d.u.i.k.p.i.AbstractProblemLoader Creating init config 
177546     DEBUG main            d.u.i.k.p.i.AbstractProblemLoader Init config took 4.42s 
177625     INFO  main            d.u.i.k.p.i.AbstractProblemLoader Replaying proof AFilter[ThreadSpec2::workingPermissions()].JML accessible clause.0 
177635     DEBUG main            d.u.i.k.p.i.IntermediateProofReplayer Proof replay took 8.15ms 
177636     DEBUG main            d.u.i.k.p.r.p.TestFile    ... success: reloaded. 
177637     INFO  main            d.u.i.k.p.r.p.TestFile    Now processing file /home/runner/work/key/key/key.core/../key.ui/examples/heap/permissions/threads/BFilter_BFilter.key 
177638     INFO  main            d.u.i.k.p.i.AbstractProblemLoader Loading environment from /home/runner/work/key/key/key.core/../key.ui/examples/heap/permissions/threads/BFilter_BFilter.key 
177638     DEBUG main            d.u.i.k.p.i.AbstractProblemLoader Environment load took 96.5ns 
177639     INFO  main            d.u.i.k.p.i.AbstractProblemLoader Creating init config 
182057     DEBUG main            d.u.i.k.p.i.AbstractProblemLoader Init config took 4.42s 
182157     INFO  main            d.u.i.k.p.i.AbstractProblemLoader Replaying proof BFilter[BFilter::BFilter(Sampler,Buffer)].JML normal_behavior operation contract.0 
182158     DEBUG main            d.u.i.k.p.i.IntermediateProofReplayer Proof replay took 6.9ns 
183163     INFO  main            d.u.i.k.p.r.p.TestFile    ... finished proof: closed. 
183495     INFO  main            d.u.i.k.p.i.AbstractProblemLoader Loading environment from /home/runner/work/key/key/key.core/../key.ui/examples/heap/permissions/threads/BFilter_BFilter.key.proof 
183495     DEBUG main            d.u.i.k.p.i.AbstractProblemLoader Environment load took 335ns 
183496     INFO  main            d.u.i.k.p.i.AbstractProblemLoader Creating init config 
187866     DEBUG main            d.u.i.k.p.i.AbstractProblemLoader Init config took 4.37s 
187946     INFO  main            d.u.i.k.p.i.AbstractProblemLoader Replaying proof BFilter[BFilter::BFilter(Sampler,Buffer)].JML normal_behavior operation contract.0 
188091     DEBUG main            d.u.i.k.p.i.IntermediateProofReplayer Proof replay took 140.01ms 
188092     DEBUG main            d.u.i.k.p.r.p.TestFile    ... success: reloaded. 
188093     INFO  main            d.u.i.k.p.r.p.TestFile    Now processing file /home/runner/work/key/key/key.core/../key.ui/examples/heap/permissions/threads/BFilter_initPost_accessible.key 
188094     INFO  main            d.u.i.k.p.i.AbstractProblemLoader Loading environment from /home/runner/work/key/key/key.core/../key.ui/examples/heap/permissions/threads/BFilter_initPost_accessible.key 
188094     DEBUG main            d.u.i.k.p.i.AbstractProblemLoader Environment load took 198.5ns 
188095     INFO  main            d.u.i.k.p.i.AbstractProblemLoader Creating init config 
192536     DEBUG main            d.u.i.k.p.i.AbstractProblemLoader Init config took 4.44s 
192631     INFO  main            d.u.i.k.p.i.AbstractProblemLoader Replaying proof BFilter[ThreadSpec2::initPost()].JML accessible clause.0 
192632     DEBUG main            d.u.i.k.p.i.IntermediateProofReplayer Proof replay took 7.2ns 
192734     INFO  main            d.u.i.k.p.r.p.TestFile    ... finished proof: closed. 
193017     INFO  main            d.u.i.k.p.i.AbstractProblemLoader Loading environment from /home/runner/work/key/key/key.core/../key.ui/examples/heap/permissions/threads/BFilter_initPost_accessible.key.proof 
193017     DEBUG main            d.u.i.k.p.i.AbstractProblemLoader Environment load took 137.3ns 
193018     INFO  main            d.u.i.k.p.i.AbstractProblemLoader Creating init config 
197376     DEBUG main            d.u.i.k.p.i.AbstractProblemLoader Init config took 4.36s 
197454     INFO  main            d.u.i.k.p.i.AbstractProblemLoader Replaying proof BFilter[ThreadSpec2::initPost()].JML accessible clause.0 
197466     DEBUG main            d.u.i.k.p.i.IntermediateProofReplayer Proof replay took 9.53ms 
197467     DEBUG main            d.u.i.k.p.r.p.TestFile    ... success: reloaded. 
197468     INFO  main            d.u.i.k.p.r.p.TestFile    Now processing file /home/runner/work/key/key/key.core/../key.ui/examples/heap/permissions/threads/BFilter_inv_accessible1.key 
197468     INFO  main            d.u.i.k.p.i.AbstractProblemLoader Loading environment from /home/runner/work/key/key/key.core/../key.ui/examples/heap/permissions/threads/BFilter_inv_accessible1.key 
197468     DEBUG main            d.u.i.k.p.i.AbstractProblemLoader Environment load took 87ns 
197469     INFO  main            d.u.i.k.p.i.AbstractProblemLoader Creating init config 
201896     DEBUG main            d.u.i.k.p.i.AbstractProblemLoader Init config took 4.43s 
201975     INFO  main            d.u.i.k.p.i.AbstractProblemLoader Replaying proof BFilter[java.lang.Object::<inv>()].JML accessible clause.0 
201976     DEBUG main            d.u.i.k.p.i.IntermediateProofReplayer Proof replay took 7.7ns 
202082     INFO  main            d.u.i.k.p.r.p.TestFile    ... finished proof: closed. 
202373     INFO  main            d.u.i.k.p.i.AbstractProblemLoader Loading environment from /home/runner/work/key/key/key.core/../key.ui/examples/heap/permissions/threads/BFilter_inv_accessible1.key.proof 
202373     DEBUG main            d.u.i.k.p.i.AbstractProblemLoader Environment load took 112.5ns 
202374     INFO  main            d.u.i.k.p.i.AbstractProblemLoader Creating init config 
206748     DEBUG main            d.u.i.k.p.i.AbstractProblemLoader Init config took 4.37s 
206828     INFO  main            d.u.i.k.p.i.AbstractProblemLoader Replaying proof BFilter[java.lang.Object::<inv>()].JML accessible clause.0 
206831     DEBUG main            d.u.i.k.p.i.IntermediateProofReplayer Proof replay took 1.66ms 
206832     DEBUG main            d.u.i.k.p.r.p.TestFile    ... success: reloaded. 
206833     INFO  main            d.u.i.k.p.r.p.TestFile    Now processing file /home/runner/work/key/key/key.core/../key.ui/examples/heap/permissions/threads/BFilter_inv_accessible2.key 
206833     INFO  main            d.u.i.k.p.i.AbstractProblemLoader Loading environment from /home/runner/work/key/key/key.core/../key.ui/examples/heap/permissions/threads/BFilter_inv_accessible2.key 
206833     DEBUG main            d.u.i.k.p.i.AbstractProblemLoader Environment load took 89ns 
206834     INFO  main            d.u.i.k.p.i.AbstractProblemLoader Creating init config 
211292     DEBUG main            d.u.i.k.p.i.AbstractProblemLoader Init config took 4.46s 
211372     INFO  main            d.u.i.k.p.i.AbstractProblemLoader Replaying proof BFilter[java.lang.Object::<inv>()].JML accessible clause.1 
211379     DEBUG main            d.u.i.k.p.i.IntermediateProofReplayer Proof replay took 8.2ns 
211481     INFO  main            d.u.i.k.p.r.p.TestFile    ... finished proof: closed. 
211776     INFO  main            d.u.i.k.p.i.AbstractProblemLoader Loading environment from /home/runner/work/key/key/key.core/../key.ui/examples/heap/permissions/threads/BFilter_inv_accessible2.key.proof 
211776     DEBUG main            d.u.i.k.p.i.AbstractProblemLoader Environment load took 119.5ns 
211777     INFO  main            d.u.i.k.p.i.AbstractProblemLoader Creating init config 
216168     DEBUG main            d.u.i.k.p.i.AbstractProblemLoader Init config took 4.39s 
216261     INFO  main            d.u.i.k.p.i.AbstractProblemLoader Replaying proof BFilter[java.lang.Object::<inv>()].JML accessible clause.1 
216264     DEBUG main            d.u.i.k.p.i.IntermediateProofReplayer Proof replay took 1.72ms 
216265     DEBUG main            d.u.i.k.p.r.p.TestFile    ... success: reloaded. 
216266     INFO  main            d.u.i.k.p.r.p.TestFile    Now processing file /home/runner/work/key/key/key.core/../key.ui/examples/heap/permissions/threads/BFilter_joinTransfer_accessible.key 
216266     INFO  main            d.u.i.k.p.i.AbstractProblemLoader Loading environment from /home/runner/work/key/key/key.core/../key.ui/examples/heap/permissions/threads/BFilter_joinTransfer_accessible.key 
216266     DEBUG main            d.u.i.k.p.i.AbstractProblemLoader Environment load took 82.5ns 
216267     INFO  main            d.u.i.k.p.i.AbstractProblemLoader Creating init config 
220658     DEBUG main            d.u.i.k.p.i.AbstractProblemLoader Init config took 4.39s 
220739     INFO  main            d.u.i.k.p.i.AbstractProblemLoader Replaying proof BFilter[ThreadSpec2::joinTransfer()].JML accessible clause.0 
220741     DEBUG main            d.u.i.k.p.i.IntermediateProofReplayer Proof replay took 7.3ns 
221845     INFO  main            d.u.i.k.p.r.p.TestFile    ... finished proof: closed. 
222181     INFO  main            d.u.i.k.p.i.AbstractProblemLoader Loading environment from /home/runner/work/key/key/key.core/../key.ui/examples/heap/permissions/threads/BFilter_joinTransfer_accessible.key.proof 
222181     DEBUG main            d.u.i.k.p.i.AbstractProblemLoader Environment load took 355.9ns 
222182     INFO  main            d.u.i.k.p.i.AbstractProblemLoader Creating init config 
226518     DEBUG main            d.u.i.k.p.i.AbstractProblemLoader Init config took 4.34s 
226597     INFO  main            d.u.i.k.p.i.AbstractProblemLoader Replaying proof BFilter[ThreadSpec2::joinTransfer()].JML accessible clause.0 
226723     DEBUG main            d.u.i.k.p.i.IntermediateProofReplayer Proof replay took 120.61ms 
226725     DEBUG main            d.u.i.k.p.r.p.TestFile    ... success: reloaded. 
226726     INFO  main            d.u.i.k.p.r.p.TestFile    Now processing file /home/runner/work/key/key/key.core/../key.ui/examples/heap/permissions/threads/BFilter_joinTransfer_contract.key 
226726     INFO  main            d.u.i.k.p.i.AbstractProblemLoader Loading environment from /home/runner/work/key/key/key.core/../key.ui/examples/heap/permissions/threads/BFilter_joinTransfer_contract.key 
226726     DEBUG main            d.u.i.k.p.i.AbstractProblemLoader Environment load took 98.2ns 
226727     INFO  main            d.u.i.k.p.i.AbstractProblemLoader Creating init config 
231172     DEBUG main            d.u.i.k.p.i.AbstractProblemLoader Init config took 4.45s 
231252     INFO  main            d.u.i.k.p.i.AbstractProblemLoader Replaying proof BFilter[ThreadSpec2::joinTransfer()].JML model_behavior operation contract.0 
231254     DEBUG main            d.u.i.k.p.i.IntermediateProofReplayer Proof replay took 6.8ns 
231355     INFO  main            d.u.i.k.p.r.p.TestFile    ... finished proof: closed. 
231666     INFO  main            d.u.i.k.p.i.AbstractProblemLoader Loading environment from /home/runner/work/key/key/key.core/../key.ui/examples/heap/permissions/threads/BFilter_joinTransfer_contract.key.proof 
231666     DEBUG main            d.u.i.k.p.i.AbstractProblemLoader Environment load took 111.1ns 
231667     INFO  main            d.u.i.k.p.i.AbstractProblemLoader Creating init config 
236007     DEBUG main            d.u.i.k.p.i.AbstractProblemLoader Init config took 4.34s 
236106     INFO  main            d.u.i.k.p.i.AbstractProblemLoader Replaying proof BFilter[ThreadSpec2::joinTransfer()].JML model_behavior operation contract.0 
236114     DEBUG main            d.u.i.k.p.i.IntermediateProofReplayer Proof replay took 6.84ms 
236116     DEBUG main            d.u.i.k.p.r.p.TestFile    ... success: reloaded. 
236117     INFO  main            d.u.i.k.p.r.p.TestFile    Now processing file /home/runner/work/key/key/key.core/../key.ui/examples/heap/permissions/threads/BFilter_postJoin_accessible.key 
236117     INFO  main            d.u.i.k.p.i.AbstractProblemLoader Loading environment from /home/runner/work/key/key/key.core/../key.ui/examples/heap/permissions/threads/BFilter_postJoin_accessible.key 
236117     DEBUG main            d.u.i.k.p.i.AbstractProblemLoader Environment load took 182.6ns 
236118     INFO  main            d.u.i.k.p.i.AbstractProblemLoader Creating init config 
240546     DEBUG main            d.u.i.k.p.i.AbstractProblemLoader Init config took 4.43s 
240625     INFO  main            d.u.i.k.p.i.AbstractProblemLoader Replaying proof BFilter[ThreadSpec2::postJoin(java.lang.Object)].JML accessible clause.0 
240626     DEBUG main            d.u.i.k.p.i.IntermediateProofReplayer Proof replay took 7.7ns 
240728     INFO  main            d.u.i.k.p.r.p.TestFile    ... finished proof: closed. 
241043     INFO  main            d.u.i.k.p.i.AbstractProblemLoader Loading environment from /home/runner/work/key/key/key.core/../key.ui/examples/heap/permissions/threads/BFilter_postJoin_accessible.key.proof 
241044     DEBUG main            d.u.i.k.p.i.AbstractProblemLoader Environment load took 113.2ns 
241044     INFO  main            d.u.i.k.p.i.AbstractProblemLoader Creating init config 
245431     DEBUG main            d.u.i.k.p.i.AbstractProblemLoader Init config took 4.39s 
245522     INFO  main            d.u.i.k.p.i.AbstractProblemLoader Replaying proof BFilter[ThreadSpec2::postJoin(java.lang.Object)].JML accessible clause.0 
245531     DEBUG main            d.u.i.k.p.i.IntermediateProofReplayer Proof replay took 6.51ms 
245533     DEBUG main            d.u.i.k.p.r.p.TestFile    ... success: reloaded. 
245534     INFO  main            d.u.i.k.p.r.p.TestFile    Now processing file /home/runner/work/key/key/key.core/../key.ui/examples/heap/permissions/threads/BFilter_preStart_accessible.key 
245535     INFO  main            d.u.i.k.p.i.AbstractProblemLoader Loading environment from /home/runner/work/key/key/key.core/../key.ui/examples/heap/permissions/threads/BFilter_preStart_accessible.key 
245535     DEBUG main            d.u.i.k.p.i.AbstractProblemLoader Environment load took 170.3ns 
245536     INFO  main            d.u.i.k.p.i.AbstractProblemLoader Creating init config 
249959     DEBUG main            d.u.i.k.p.i.AbstractProblemLoader Init config took 4.42s 
250036     INFO  main            d.u.i.k.p.i.AbstractProblemLoader Replaying proof BFilter[ThreadSpec2::preStart(java.lang.Object)].JML accessible clause.0 
250038     DEBUG main            d.u.i.k.p.i.IntermediateProofReplayer Proof replay took 6.8ns 
250341     INFO  main            d.u.i.k.p.r.p.TestFile    ... finished proof: closed. 
250675     INFO  main            d.u.i.k.p.i.AbstractProblemLoader Loading environment from /home/runner/work/key/key/key.core/../key.ui/examples/heap/permissions/threads/BFilter_preStart_accessible.key.proof 
250675     DEBUG main            d.u.i.k.p.i.AbstractProblemLoader Environment load took 106.9ns 
250676     INFO  main            d.u.i.k.p.i.AbstractProblemLoader Creating init config 
255029     DEBUG main            d.u.i.k.p.i.AbstractProblemLoader Init config took 4.35s 
255107     INFO  main            d.u.i.k.p.i.AbstractProblemLoader Replaying proof BFilter[ThreadSpec2::preStart(java.lang.Object)].JML accessible clause.0 
255139     DEBUG main            d.u.i.k.p.i.IntermediateProofReplayer Proof replay took 29.11ms 
255141     DEBUG main            d.u.i.k.p.r.p.TestFile    ... success: reloaded. 
255142     INFO  main            d.u.i.k.p.r.p.TestFile    Now processing file /home/runner/work/key/key/key.core/../key.ui/examples/heap/permissions/threads/BFilter_startTransfer_accessible.key 
255142     INFO  main            d.u.i.k.p.i.AbstractProblemLoader Loading environment from /home/runner/work/key/key/key.core/../key.ui/examples/heap/permissions/threads/BFilter_startTransfer_accessible.key 
255142     DEBUG main            d.u.i.k.p.i.AbstractProblemLoader Environment load took 170.2ns 
255143     INFO  main            d.u.i.k.p.i.AbstractProblemLoader Creating init config 
259570     DEBUG main            d.u.i.k.p.i.AbstractProblemLoader Init config took 4.43s 
259648     INFO  main            d.u.i.k.p.i.AbstractProblemLoader Replaying proof BFilter[ThreadSpec2::startTransfer()].JML accessible clause.0 
259650     DEBUG main            d.u.i.k.p.i.IntermediateProofReplayer Proof replay took 6.7ns 
269716     INFO  main            d.u.i.k.p.r.p.TestFile    ... finished proof: closed. 
270079     INFO  main            d.u.i.k.p.i.AbstractProblemLoader Loading environment from /home/runner/work/key/key/key.core/../key.ui/examples/heap/permissions/threads/BFilter_startTransfer_accessible.key.proof 
270079     DEBUG main            d.u.i.k.p.i.AbstractProblemLoader Environment load took 126.4ns 
270081     INFO  main            d.u.i.k.p.i.AbstractProblemLoader Creating init config 
274448     DEBUG main            d.u.i.k.p.i.AbstractProblemLoader Init config took 4.37s 
274529     INFO  main            d.u.i.k.p.i.AbstractProblemLoader Replaying proof BFilter[ThreadSpec2::startTransfer()].JML accessible clause.0 
275379     DEBUG main            d.u.i.k.p.i.IntermediateProofReplayer Proof replay took 829.73ms 
275381     DEBUG main            d.u.i.k.p.r.p.TestFile    ... success: reloaded. 
275383     INFO  main            d.u.i.k.p.r.p.TestFile    Now processing file /home/runner/work/key/key/key.core/../key.ui/examples/heap/permissions/threads/BFilter_startTransfer_contract.key 
275384     INFO  main            d.u.i.k.p.i.AbstractProblemLoader Loading environment from /home/runner/work/key/key/key.core/../key.ui/examples/heap/permissions/threads/BFilter_startTransfer_contract.key 
275384     DEBUG main            d.u.i.k.p.i.AbstractProblemLoader Environment load took 174.7ns 
275385     INFO  main            d.u.i.k.p.i.AbstractProblemLoader Creating init config 
279863     DEBUG main            d.u.i.k.p.i.AbstractProblemLoader Init config took 4.48s 
279942     INFO  main            d.u.i.k.p.i.AbstractProblemLoader Replaying proof BFilter[ThreadSpec2::startTransfer()].JML model_behavior operation contract.0 
279944     DEBUG main            d.u.i.k.p.i.IntermediateProofReplayer Proof replay took 7.8ns 
281049     INFO  main            d.u.i.k.p.r.p.TestFile    ... finished proof: closed. 
281379     INFO  main            d.u.i.k.p.i.AbstractProblemLoader Loading environment from /home/runner/work/key/key/key.core/../key.ui/examples/heap/permissions/threads/BFilter_startTransfer_contract.key.proof 
281379     DEBUG main            d.u.i.k.p.i.AbstractProblemLoader Environment load took 113.9ns 
281382     INFO  main            d.u.i.k.p.i.AbstractProblemLoader Creating init config 
285753     DEBUG main            d.u.i.k.p.i.AbstractProblemLoader Init config took 4.37s 
285846     INFO  main            d.u.i.k.p.i.AbstractProblemLoader Replaying proof BFilter[ThreadSpec2::startTransfer()].JML model_behavior operation contract.0 
285939     DEBUG main            d.u.i.k.p.i.IntermediateProofReplayer Proof replay took 88.06ms 
285941     DEBUG main            d.u.i.k.p.r.p.TestFile    ... success: reloaded. 
285942     INFO  main            d.u.i.k.p.r.p.TestFile    Now processing file /home/runner/work/key/key/key.core/../key.ui/examples/heap/permissions/threads/BFilter_stateInv_accessible.key 
285942     INFO  main            d.u.i.k.p.i.AbstractProblemLoader Loading environment from /home/runner/work/key/key/key.core/../key.ui/examples/heap/permissions/threads/BFilter_stateInv_accessible.key 
285942     DEBUG main            d.u.i.k.p.i.AbstractProblemLoader Environment load took 72.7ns 
285943     INFO  main            d.u.i.k.p.i.AbstractProblemLoader Creating init config 
290381     DEBUG main            d.u.i.k.p.i.AbstractProblemLoader Init config took 4.44s 
290461     INFO  main            d.u.i.k.p.i.AbstractProblemLoader Replaying proof BFilter[ThreadSpec2::stateInv()].JML accessible clause.0 
290463     DEBUG main            d.u.i.k.p.i.IntermediateProofReplayer Proof replay took 6.7ns 
290766     INFO  main            d.u.i.k.p.r.p.TestFile    ... finished proof: closed. 
291118     INFO  main            d.u.i.k.p.i.AbstractProblemLoader Loading environment from /home/runner/work/key/key/key.core/../key.ui/examples/heap/permissions/threads/BFilter_stateInv_accessible.key.proof 
291118     DEBUG main            d.u.i.k.p.i.AbstractProblemLoader Environment load took 106ns 
291119     INFO  main            d.u.i.k.p.i.AbstractProblemLoader Creating init config 
295459     DEBUG main            d.u.i.k.p.i.AbstractProblemLoader Init config took 4.34s 
295557     INFO  main            d.u.i.k.p.i.AbstractProblemLoader Replaying proof BFilter[ThreadSpec2::stateInv()].JML accessible clause.0 
295596     DEBUG main            d.u.i.k.p.i.IntermediateProofReplayer Proof replay took 36.81ms 
295597     DEBUG main            d.u.i.k.p.r.p.TestFile    ... success: reloaded. 
295598     INFO  main            d.u.i.k.p.r.p.TestFile    Now processing file /home/runner/work/key/key/key.core/../key.ui/examples/heap/permissions/threads/BFilter_staticPermissions_accessible.key 
295599     INFO  main            d.u.i.k.p.i.AbstractProblemLoader Loading environment from /home/runner/work/key/key/key.core/../key.ui/examples/heap/permissions/threads/BFilter_staticPermissions_accessible.key 
295599     DEBUG main            d.u.i.k.p.i.AbstractProblemLoader Environment load took 166.8ns 
295600     INFO  main            d.u.i.k.p.i.AbstractProblemLoader Creating init config 
300034     DEBUG main            d.u.i.k.p.i.AbstractProblemLoader Init config took 4.43s 
300114     INFO  main            d.u.i.k.p.i.AbstractProblemLoader Replaying proof BFilter[ThreadSpec2::staticPermissions()].JML accessible clause.0 
300115     DEBUG main            d.u.i.k.p.i.IntermediateProofReplayer Proof replay took 6.5ns 
300219     INFO  main            d.u.i.k.p.r.p.TestFile    ... finished proof: closed. 
300565     INFO  main            d.u.i.k.p.i.AbstractProblemLoader Loading environment from /home/runner/work/key/key/key.core/../key.ui/examples/heap/permissions/threads/BFilter_staticPermissions_accessible.key.proof 
300565     DEBUG main            d.u.i.k.p.i.AbstractProblemLoader Environment load took 106.5ns 
300565     INFO  main            d.u.i.k.p.i.AbstractProblemLoader Creating init config 
304921     DEBUG main            d.u.i.k.p.i.AbstractProblemLoader Init config took 4.36s 
305012     INFO  main            d.u.i.k.p.i.AbstractProblemLoader Replaying proof BFilter[ThreadSpec2::staticPermissions()].JML accessible clause.0 
305022     DEBUG main            d.u.i.k.p.i.IntermediateProofReplayer Proof replay took 8.63ms 
305023     DEBUG main            d.u.i.k.p.r.p.TestFile    ... success: reloaded. 
305024     INFO  main            d.u.i.k.p.r.p.TestFile    Now processing file /home/runner/work/key/key/key.core/../key.ui/examples/heap/permissions/threads/BFilter_workingPermissions_accessible.key 
305024     INFO  main            d.u.i.k.p.i.AbstractProblemLoader Loading environment from /home/runner/work/key/key/key.core/../key.ui/examples/heap/permissions/threads/BFilter_workingPermissions_accessible.key 
305024     DEBUG main            d.u.i.k.p.i.AbstractProblemLoader Environment load took 91.3ns 
305025     INFO  main            d.u.i.k.p.i.AbstractProblemLoader Creating init config 
309457     DEBUG main            d.u.i.k.p.i.AbstractProblemLoader Init config took 4.43s 
309534     INFO  main            d.u.i.k.p.i.AbstractProblemLoader Replaying proof BFilter[ThreadSpec2::workingPermissions()].JML accessible clause.0 
309536     DEBUG main            d.u.i.k.p.i.IntermediateProofReplayer Proof replay took 8.3ns 
309637     INFO  main            d.u.i.k.p.r.p.TestFile    ... finished proof: closed. 
309995     INFO  main            d.u.i.k.p.i.AbstractProblemLoader Loading environment from /home/runner/work/key/key/key.core/../key.ui/examples/heap/permissions/threads/BFilter_workingPermissions_accessible.key.proof 
309995     DEBUG main            d.u.i.k.p.i.AbstractProblemLoader Environment load took 106.6ns 
309996     INFO  main            d.u.i.k.p.i.AbstractProblemLoader Creating init config 
314340     DEBUG main            d.u.i.k.p.i.AbstractProblemLoader Init config took 4.34s 
314419     INFO  main            d.u.i.k.p.i.AbstractProblemLoader Replaying proof BFilter[ThreadSpec2::workingPermissions()].JML accessible clause.0 
314428     DEBUG main            d.u.i.k.p.i.IntermediateProofReplayer Proof replay took 7.49ms 
314429     DEBUG main            d.u.i.k.p.r.p.TestFile    ... success: reloaded. 
314430     INFO  main            d.u.i.k.p.r.p.TestFile    Now processing file /home/runner/work/key/key/key.core/../key.ui/examples/heap/permissions/threads/Fib_Fib.key 
314430     INFO  main            d.u.i.k.p.i.AbstractProblemLoader Loading environment from /home/runner/work/key/key/key.core/../key.ui/examples/heap/permissions/threads/Fib_Fib.key 
314430     DEBUG main            d.u.i.k.p.i.AbstractProblemLoader Environment load took 86.9ns 
314431     INFO  main            d.u.i.k.p.i.AbstractProblemLoader Creating init config 
318882     DEBUG main            d.u.i.k.p.i.AbstractProblemLoader Init config took 4.45s 
318962     INFO  main            d.u.i.k.p.i.AbstractProblemLoader Replaying proof Fib[Fib::Fib(int)].JML normal_behavior operation contract.0 
318963     DEBUG main            d.u.i.k.p.i.IntermediateProofReplayer Proof replay took 6.7ns 
319571     INFO  main            d.u.i.k.p.r.p.TestFile    ... finished proof: closed. 
319947     INFO  main            d.u.i.k.p.i.AbstractProblemLoader Loading environment from /home/runner/work/key/key/key.core/../key.ui/examples/heap/permissions/threads/Fib_Fib.key.proof 
319947     DEBUG main            d.u.i.k.p.i.AbstractProblemLoader Environment load took 111.6ns 
319948     INFO  main            d.u.i.k.p.i.AbstractProblemLoader Creating init config 
324314     DEBUG main            d.u.i.k.p.i.AbstractProblemLoader Init config took 4.37s 
324393     INFO  main            d.u.i.k.p.i.AbstractProblemLoader Replaying proof Fib[Fib::Fib(int)].JML normal_behavior operation contract.0 
324487     DEBUG main            d.u.i.k.p.i.IntermediateProofReplayer Proof replay took 91.17ms 
324488     DEBUG main            d.u.i.k.p.r.p.TestFile    ... success: reloaded. 
324489     INFO  main            d.u.i.k.p.r.p.TestFile    Now processing file /home/runner/work/key/key/key.core/../key.ui/examples/heap/permissions/threads/Fib_initPost_accessible.key 
324489     INFO  main            d.u.i.k.p.i.AbstractProblemLoader Loading environment from /home/runner/work/key/key/key.core/../key.ui/examples/heap/permissions/threads/Fib_initPost_accessible.key 
324489     DEBUG main            d.u.i.k.p.i.AbstractProblemLoader Environment load took 56.5ns 
324490     INFO  main            d.u.i.k.p.i.AbstractProblemLoader Creating init config 
328934     DEBUG main            d.u.i.k.p.i.AbstractProblemLoader Init config took 4.44s 
329013     INFO  main            d.u.i.k.p.i.AbstractProblemLoader Replaying proof Fib[ThreadSpec::initPost()].JML accessible clause.0 
329015     DEBUG main            d.u.i.k.p.i.IntermediateProofReplayer Proof replay took 7ns 
329118     INFO  main            d.u.i.k.p.r.p.TestFile    ... finished proof: closed. 
329485     INFO  main            d.u.i.k.p.i.AbstractProblemLoader Loading environment from /home/runner/work/key/key/key.core/../key.ui/examples/heap/permissions/threads/Fib_initPost_accessible.key.proof 
329485     DEBUG main            d.u.i.k.p.i.AbstractProblemLoader Environment load took 109.5ns 
329486     INFO  main            d.u.i.k.p.i.AbstractProblemLoader Creating init config 
333846     DEBUG main            d.u.i.k.p.i.AbstractProblemLoader Init config took 4.36s 
333924     INFO  main            d.u.i.k.p.i.AbstractProblemLoader Replaying proof Fib[ThreadSpec::initPost()].JML accessible clause.0 
333931     DEBUG main            d.u.i.k.p.i.IntermediateProofReplayer Proof replay took 4.81ms 
333932     DEBUG main            d.u.i.k.p.r.p.TestFile    ... success: reloaded. 
333933     INFO  main            d.u.i.k.p.r.p.TestFile    Now processing file /home/runner/work/key/key/key.core/../key.ui/examples/heap/permissions/threads/Fib_inv1_accessible.key 
333933     INFO  main            d.u.i.k.p.i.AbstractProblemLoader Loading environment from /home/runner/work/key/key/key.core/../key.ui/examples/heap/permissions/threads/Fib_inv1_accessible.key 
333933     DEBUG main            d.u.i.k.p.i.AbstractProblemLoader Environment load took 79.4ns 
333934     INFO  main            d.u.i.k.p.i.AbstractProblemLoader Creating init config 
338377     DEBUG main            d.u.i.k.p.i.AbstractProblemLoader Init config took 4.44s 
338461     INFO  main            d.u.i.k.p.i.AbstractProblemLoader Replaying proof Fib[java.lang.Object::<inv>()].JML accessible clause.0 
338463     DEBUG main            d.u.i.k.p.i.IntermediateProofReplayer Proof replay took 6.7ns 
338564     INFO  main            d.u.i.k.p.r.p.TestFile    ... finished proof: closed. 
338937     INFO  main            d.u.i.k.p.i.AbstractProblemLoader Loading environment from /home/runner/work/key/key/key.core/../key.ui/examples/heap/permissions/threads/Fib_inv1_accessible.key.proof 
338937     DEBUG main            d.u.i.k.p.i.AbstractProblemLoader Environment load took 97.1ns 
338938     INFO  main            d.u.i.k.p.i.AbstractProblemLoader Creating init config 
343277     DEBUG main            d.u.i.k.p.i.AbstractProblemLoader Init config took 4.34s 
343357     INFO  main            d.u.i.k.p.i.AbstractProblemLoader Replaying proof Fib[java.lang.Object::<inv>()].JML accessible clause.0 
343360     DEBUG main            d.u.i.k.p.i.IntermediateProofReplayer Proof replay took 1.6ms 
343360     DEBUG main            d.u.i.k.p.r.p.TestFile    ... success: reloaded. 
343361     INFO  main            d.u.i.k.p.r.p.TestFile    Now processing file /home/runner/work/key/key/key.core/../key.ui/examples/heap/permissions/threads/Fib_inv2_accessible.key 
343361     INFO  main            d.u.i.k.p.i.AbstractProblemLoader Loading environment from /home/runner/work/key/key/key.core/../key.ui/examples/heap/permissions/threads/Fib_inv2_accessible.key 
343361     DEBUG main            d.u.i.k.p.i.AbstractProblemLoader Environment load took 53.2ns 
343362     INFO  main            d.u.i.k.p.i.AbstractProblemLoader Creating init config 
347803     DEBUG main            d.u.i.k.p.i.AbstractProblemLoader Init config took 4.44s 
347880     INFO  main            d.u.i.k.p.i.AbstractProblemLoader Replaying proof Fib[java.lang.Object::<inv>()].JML accessible clause.1 
347881     DEBUG main            d.u.i.k.p.i.IntermediateProofReplayer Proof replay took 6.7ns 
347983     INFO  main            d.u.i.k.p.r.p.TestFile    ... finished proof: closed. 
348355     INFO  main            d.u.i.k.p.i.AbstractProblemLoader Loading environment from /home/runner/work/key/key/key.core/../key.ui/examples/heap/permissions/threads/Fib_inv2_accessible.key.proof 
348355     DEBUG main            d.u.i.k.p.i.AbstractProblemLoader Environment load took 91.8ns 
348356     INFO  main            d.u.i.k.p.i.AbstractProblemLoader Creating init config 
352698     DEBUG main            d.u.i.k.p.i.AbstractProblemLoader Init config took 4.34s 
352776     INFO  main            d.u.i.k.p.i.AbstractProblemLoader Replaying proof Fib[java.lang.Object::<inv>()].JML accessible clause.1 
352779     DEBUG main            d.u.i.k.p.i.IntermediateProofReplayer Proof replay took 1.61ms 
352780     DEBUG main            d.u.i.k.p.r.p.TestFile    ... success: reloaded. 
352781     INFO  main            d.u.i.k.p.r.p.TestFile    Now processing file /home/runner/work/key/key/key.core/../key.ui/examples/heap/permissions/threads/Fib_joinTransfer_accessible.key 
352781     INFO  main            d.u.i.k.p.i.AbstractProblemLoader Loading environment from /home/runner/work/key/key/key.core/../key.ui/examples/heap/permissions/threads/Fib_joinTransfer_accessible.key 
352781     DEBUG main            d.u.i.k.p.i.AbstractProblemLoader Environment load took 72.7ns 
352782     INFO  main            d.u.i.k.p.i.AbstractProblemLoader Creating init config 
357217     DEBUG main            d.u.i.k.p.i.AbstractProblemLoader Init config took 4.43s 
357310     INFO  main            d.u.i.k.p.i.AbstractProblemLoader Replaying proof Fib[ThreadSpec::joinTransfer()].JML accessible clause.0 
357311     DEBUG main            d.u.i.k.p.i.IntermediateProofReplayer Proof replay took 7.6ns 
357513     INFO  main            d.u.i.k.p.r.p.TestFile    ... finished proof: closed. 
357903     INFO  main            d.u.i.k.p.i.AbstractProblemLoader Loading environment from /home/runner/work/key/key/key.core/../key.ui/examples/heap/permissions/threads/Fib_joinTransfer_accessible.key.proof 
357903     DEBUG main            d.u.i.k.p.i.AbstractProblemLoader Environment load took 113.3ns 
357904     INFO  main            d.u.i.k.p.i.AbstractProblemLoader Creating init config 
362264     DEBUG main            d.u.i.k.p.i.AbstractProblemLoader Init config took 4.36s 
362354     INFO  main            d.u.i.k.p.i.AbstractProblemLoader Replaying proof Fib[ThreadSpec::joinTransfer()].JML accessible clause.0 
362379     DEBUG main            d.u.i.k.p.i.IntermediateProofReplayer Proof replay took 22.46ms 
362379     DEBUG main            d.u.i.k.p.r.p.TestFile    ... success: reloaded. 
362380     INFO  main            d.u.i.k.p.r.p.TestFile    Now processing file /home/runner/work/key/key/key.core/../key.ui/examples/heap/permissions/threads/Fib_joinTransfer_contract.key 
362380     INFO  main            d.u.i.k.p.i.AbstractProblemLoader Loading environment from /home/runner/work/key/key/key.core/../key.ui/examples/heap/permissions/threads/Fib_joinTransfer_contract.key 
362381     DEBUG main            d.u.i.k.p.i.AbstractProblemLoader Environment load took 53.1ns 
362381     INFO  main            d.u.i.k.p.i.AbstractProblemLoader Creating init config 
366823     DEBUG main            d.u.i.k.p.i.AbstractProblemLoader Init config took 4.44s 
366901     INFO  main            d.u.i.k.p.i.AbstractProblemLoader Replaying proof Fib[ThreadSpec::joinTransfer()].JML model_behavior operation contract.0 
366903     DEBUG main            d.u.i.k.p.i.IntermediateProofReplayer Proof replay took 6.9ns 
367004     INFO  main            d.u.i.k.p.r.p.TestFile    ... finished proof: closed. 
367406     INFO  main            d.u.i.k.p.i.AbstractProblemLoader Loading environment from /home/runner/work/key/key/key.core/../key.ui/examples/heap/permissions/threads/Fib_joinTransfer_contract.key.proof 
367406     DEBUG main            d.u.i.k.p.i.AbstractProblemLoader Environment load took 115.1ns 
367407     INFO  main            d.u.i.k.p.i.AbstractProblemLoader Creating init config 
371794     DEBUG main            d.u.i.k.p.i.AbstractProblemLoader Init config took 4.39s 
371886     INFO  main            d.u.i.k.p.i.AbstractProblemLoader Replaying proof Fib[ThreadSpec::joinTransfer()].JML model_behavior operation contract.0 
371894     DEBUG main            d.u.i.k.p.i.IntermediateProofReplayer Proof replay took 6.43ms 
371895     DEBUG main            d.u.i.k.p.r.p.TestFile    ... success: reloaded. 
371896     INFO  main            d.u.i.k.p.r.p.TestFile    Now processing file /home/runner/work/key/key/key.core/../key.ui/examples/heap/permissions/threads/Fib_postJoin_accessible.key 
371896     INFO  main            d.u.i.k.p.i.AbstractProblemLoader Loading environment from /home/runner/work/key/key/key.core/../key.ui/examples/heap/permissions/threads/Fib_postJoin_accessible.key 
371896     DEBUG main            d.u.i.k.p.i.AbstractProblemLoader Environment load took 76.2ns 
371897     INFO  main            d.u.i.k.p.i.AbstractProblemLoader Creating init config 
376355     DEBUG main            d.u.i.k.p.i.AbstractProblemLoader Init config took 4.46s 
376433     INFO  main            d.u.i.k.p.i.AbstractProblemLoader Replaying proof Fib[ThreadSpec::postJoin(java.lang.Object)].JML accessible clause.0 
376436     DEBUG main            d.u.i.k.p.i.IntermediateProofReplayer Proof replay took 9.1ns 
376538     INFO  main            d.u.i.k.p.r.p.TestFile    ... finished proof: closed. 
376937     INFO  main            d.u.i.k.p.i.AbstractProblemLoader Loading environment from /home/runner/work/key/key/key.core/../key.ui/examples/heap/permissions/threads/Fib_postJoin_accessible.key.proof 
376937     DEBUG main            d.u.i.k.p.i.AbstractProblemLoader Environment load took 102.6ns 
376938     INFO  main            d.u.i.k.p.i.AbstractProblemLoader Creating init config 
381305     DEBUG main            d.u.i.k.p.i.AbstractProblemLoader Init config took 4.37s 
381396     INFO  main            d.u.i.k.p.i.AbstractProblemLoader Replaying proof Fib[ThreadSpec::postJoin(java.lang.Object)].JML accessible clause.0 
381402     DEBUG main            d.u.i.k.p.i.IntermediateProofReplayer Proof replay took 4.91ms 
381403     DEBUG main            d.u.i.k.p.r.p.TestFile    ... success: reloaded. 
381404     INFO  main            d.u.i.k.p.r.p.TestFile    Now processing file /home/runner/work/key/key/key.core/../key.ui/examples/heap/permissions/threads/Fib_preStart_accessible.key 
381404     INFO  main            d.u.i.k.p.i.AbstractProblemLoader Loading environment from /home/runner/work/key/key/key.core/../key.ui/examples/heap/permissions/threads/Fib_preStart_accessible.key 
381404     DEBUG main            d.u.i.k.p.i.AbstractProblemLoader Environment load took 70.2ns 
381405     INFO  main            d.u.i.k.p.i.AbstractProblemLoader Creating init config 
385852     DEBUG main            d.u.i.k.p.i.AbstractProblemLoader Init config took 4.45s 
385931     INFO  main            d.u.i.k.p.i.AbstractProblemLoader Replaying proof Fib[ThreadSpec::preStart(java.lang.Object)].JML accessible clause.0 
385932     DEBUG main            d.u.i.k.p.i.IntermediateProofReplayer Proof replay took 7.5ns 
386034     INFO  main            d.u.i.k.p.r.p.TestFile    ... finished proof: closed. 
386443     INFO  main            d.u.i.k.p.i.AbstractProblemLoader Loading environment from /home/runner/work/key/key/key.core/../key.ui/examples/heap/permissions/threads/Fib_preStart_accessible.key.proof 
386443     DEBUG main            d.u.i.k.p.i.AbstractProblemLoader Environment load took 99.1ns 
386443     INFO  main            d.u.i.k.p.i.AbstractProblemLoader Creating init config 
390866     DEBUG main            d.u.i.k.p.i.AbstractProblemLoader Init config took 4.42s 
390945     INFO  main            d.u.i.k.p.i.AbstractProblemLoader Replaying proof Fib[ThreadSpec::preStart(java.lang.Object)].JML accessible clause.0 
390952     DEBUG main            d.u.i.k.p.i.IntermediateProofReplayer Proof replay took 4.98ms 
390953     DEBUG main            d.u.i.k.p.r.p.TestFile    ... success: reloaded. 
390954     INFO  main            d.u.i.k.p.r.p.TestFile    Now processing file /home/runner/work/key/key/key.core/../key.ui/examples/heap/permissions/threads/Fib_startTransfer_accessible.key 
390954     INFO  main            d.u.i.k.p.i.AbstractProblemLoader Loading environment from /home/runner/work/key/key/key.core/../key.ui/examples/heap/permissions/threads/Fib_startTransfer_accessible.key 
390954     DEBUG main            d.u.i.k.p.i.AbstractProblemLoader Environment load took 119ns 
390955     INFO  main            d.u.i.k.p.i.AbstractProblemLoader Creating init config 
395398     DEBUG main            d.u.i.k.p.i.AbstractProblemLoader Init config took 4.44s 
395475     INFO  main            d.u.i.k.p.i.AbstractProblemLoader Replaying proof Fib[ThreadSpec::startTransfer()].JML accessible clause.0 
395477     DEBUG main            d.u.i.k.p.i.IntermediateProofReplayer Proof replay took 14.6ns 
395679     INFO  main            d.u.i.k.p.r.p.TestFile    ... finished proof: closed. 
396100     INFO  main            d.u.i.k.p.i.AbstractProblemLoader Loading environment from /home/runner/work/key/key/key.core/../key.ui/examples/heap/permissions/threads/Fib_startTransfer_accessible.key.proof 
396100     DEBUG main            d.u.i.k.p.i.AbstractProblemLoader Environment load took 97.2ns 
396101     INFO  main            d.u.i.k.p.i.AbstractProblemLoader Creating init config 
400464     DEBUG main            d.u.i.k.p.i.AbstractProblemLoader Init config took 4.36s 
400542     INFO  main            d.u.i.k.p.i.AbstractProblemLoader Replaying proof Fib[ThreadSpec::startTransfer()].JML accessible clause.0 
400580     DEBUG main            d.u.i.k.p.i.IntermediateProofReplayer Proof replay took 35.46ms 
400581     DEBUG main            d.u.i.k.p.r.p.TestFile    ... success: reloaded. 
400582     INFO  main            d.u.i.k.p.r.p.TestFile    Now processing file /home/runner/work/key/key/key.core/../key.ui/examples/heap/permissions/threads/Fib_startTransfer_contract.key 
400582     INFO  main            d.u.i.k.p.i.AbstractProblemLoader Loading environment from /home/runner/work/key/key/key.core/../key.ui/examples/heap/permissions/threads/Fib_startTransfer_contract.key 
400582     DEBUG main            d.u.i.k.p.i.AbstractProblemLoader Environment load took 55ns 
400583     INFO  main            d.u.i.k.p.i.AbstractProblemLoader Creating init config 
405022     DEBUG main            d.u.i.k.p.i.AbstractProblemLoader Init config took 4.44s 
405100     INFO  main            d.u.i.k.p.i.AbstractProblemLoader Replaying proof Fib[ThreadSpec::startTransfer()].JML model_behavior operation contract.0 
405101     DEBUG main            d.u.i.k.p.i.IntermediateProofReplayer Proof replay took 6.7ns 
405203     INFO  main            d.u.i.k.p.r.p.TestFile    ... finished proof: closed. 
405623     INFO  main            d.u.i.k.p.i.AbstractProblemLoader Loading environment from /home/runner/work/key/key/key.core/../key.ui/examples/heap/permissions/threads/Fib_startTransfer_contract.key.proof 
405623     DEBUG main            d.u.i.k.p.i.AbstractProblemLoader Environment load took 124.1ns 
405624     INFO  main            d.u.i.k.p.i.AbstractProblemLoader Creating init config 
410007     DEBUG main            d.u.i.k.p.i.AbstractProblemLoader Init config took 4.38s 
410086     INFO  main            d.u.i.k.p.i.AbstractProblemLoader Replaying proof Fib[ThreadSpec::startTransfer()].JML model_behavior operation contract.0 
410096     DEBUG main            d.u.i.k.p.i.IntermediateProofReplayer Proof replay took 6.99ms 
410097     DEBUG main            d.u.i.k.p.r.p.TestFile    ... success: reloaded. 
410098     INFO  main            d.u.i.k.p.r.p.TestFile    Now processing file /home/runner/work/key/key/key.core/../key.ui/examples/heap/permissions/threads/Fib_workingPermissions_accessible.key 
410098     INFO  main            d.u.i.k.p.i.AbstractProblemLoader Loading environment from /home/runner/work/key/key/key.core/../key.ui/examples/heap/permissions/threads/Fib_workingPermissions_accessible.key 
410098     DEBUG main            d.u.i.k.p.i.AbstractProblemLoader Environment load took 50.6ns 
410099     INFO  main            d.u.i.k.p.i.AbstractProblemLoader Creating init config 
414542     DEBUG main            d.u.i.k.p.i.AbstractProblemLoader Init config took 4.44s 
414634     INFO  main            d.u.i.k.p.i.AbstractProblemLoader Replaying proof Fib[ThreadSpec::workingPermissions()].JML accessible clause.0 
414635     DEBUG main            d.u.i.k.p.i.IntermediateProofReplayer Proof replay took 6.8ns 
414737     INFO  main            d.u.i.k.p.r.p.TestFile    ... finished proof: closed. 
415165     INFO  main            d.u.i.k.p.i.AbstractProblemLoader Loading environment from /home/runner/work/key/key/key.core/../key.ui/examples/heap/permissions/threads/Fib_workingPermissions_accessible.key.proof 
415165     DEBUG main            d.u.i.k.p.i.AbstractProblemLoader Environment load took 136ns 
415166     INFO  main            d.u.i.k.p.i.AbstractProblemLoader Creating init config 
419531     DEBUG main            d.u.i.k.p.i.AbstractProblemLoader Init config took 4.36s 
419608     INFO  main            d.u.i.k.p.i.AbstractProblemLoader Replaying proof Fib[ThreadSpec::workingPermissions()].JML accessible clause.0 
419611     DEBUG main            d.u.i.k.p.i.IntermediateProofReplayer Proof replay took 2ms 
419612     DEBUG main            d.u.i.k.p.r.p.TestFile    ... success: reloaded. 
419613     INFO  main            d.u.i.k.p.r.p.TestFile    Now processing file /home/runner/work/key/key/key.core/../key.ui/examples/heap/permissions/threads/Plotter_initPost_accessible.key 
419613     INFO  main            d.u.i.k.p.i.AbstractProblemLoader Loading environment from /home/runner/work/key/key/key.core/../key.ui/examples/heap/permissions/threads/Plotter_initPost_accessible.key 
419613     DEBUG main            d.u.i.k.p.i.AbstractProblemLoader Environment load took 49.5ns 
419614     INFO  main            d.u.i.k.p.i.AbstractProblemLoader Creating init config 
424068     DEBUG main            d.u.i.k.p.i.AbstractProblemLoader Init config took 4.45s 
424147     INFO  main            d.u.i.k.p.i.AbstractProblemLoader Replaying proof Plotter[ThreadSpec2::initPost()].JML accessible clause.0 
424148     DEBUG main            d.u.i.k.p.i.IntermediateProofReplayer Proof replay took 7.4ns 
424250     INFO  main            d.u.i.k.p.r.p.TestFile    ... finished proof: closed. 
424688     INFO  main            d.u.i.k.p.i.AbstractProblemLoader Loading environment from /home/runner/work/key/key/key.core/../key.ui/examples/heap/permissions/threads/Plotter_initPost_accessible.key.proof 
424688     DEBUG main            d.u.i.k.p.i.AbstractProblemLoader Environment load took 94.5ns 
424689     INFO  main            d.u.i.k.p.i.AbstractProblemLoader Creating init config 
429042     DEBUG main            d.u.i.k.p.i.AbstractProblemLoader Init config took 4.35s 
429131     INFO  main            d.u.i.k.p.i.AbstractProblemLoader Replaying proof Plotter[ThreadSpec2::initPost()].JML accessible clause.0 
429146     DEBUG main            d.u.i.k.p.i.IntermediateProofReplayer Proof replay took 12.25ms 
429147     DEBUG main            d.u.i.k.p.r.p.TestFile    ... success: reloaded. 
429148     INFO  main            d.u.i.k.p.r.p.TestFile    Now processing file /home/runner/work/key/key/key.core/../key.ui/examples/heap/permissions/threads/Plotter_inv_accessible1.key 
429148     INFO  main            d.u.i.k.p.i.AbstractProblemLoader Loading environment from /home/runner/work/key/key/key.core/../key.ui/examples/heap/permissions/threads/Plotter_inv_accessible1.key 
429148     DEBUG main            d.u.i.k.p.i.AbstractProblemLoader Environment load took 50.4ns 
429149     INFO  main            d.u.i.k.p.i.AbstractProblemLoader Creating init config 
433583     DEBUG main            d.u.i.k.p.i.AbstractProblemLoader Init config took 4.43s 
433659     INFO  main            d.u.i.k.p.i.AbstractProblemLoader Replaying proof Plotter[java.lang.Object::<inv>()].JML accessible clause.0 
433661     DEBUG main            d.u.i.k.p.i.IntermediateProofReplayer Proof replay took 7.2ns 
433763     INFO  main            d.u.i.k.p.r.p.TestFile    ... finished proof: closed. 
434297     INFO  main            d.u.i.k.p.i.AbstractProblemLoader Loading environment from /home/runner/work/key/key/key.core/../key.ui/examples/heap/permissions/threads/Plotter_inv_accessible1.key.proof 
434297     DEBUG main            d.u.i.k.p.i.AbstractProblemLoader Environment load took 97.4ns 
434298     INFO  main            d.u.i.k.p.i.AbstractProblemLoader Creating init config 
438654     DEBUG main            d.u.i.k.p.i.AbstractProblemLoader Init config took 4.36s 
438734     INFO  main            d.u.i.k.p.i.AbstractProblemLoader Replaying proof Plotter[java.lang.Object::<inv>()].JML accessible clause.0 
438737     DEBUG main            d.u.i.k.p.i.IntermediateProofReplayer Proof replay took 1.66ms 
438738     DEBUG main            d.u.i.k.p.r.p.TestFile    ... success: reloaded. 
438739     INFO  main            d.u.i.k.p.r.p.TestFile    Now processing file /home/runner/work/key/key/key.core/../key.ui/examples/heap/permissions/threads/Plotter_inv_accessible2.key 
438739     INFO  main            d.u.i.k.p.i.AbstractProblemLoader Loading environment from /home/runner/work/key/key/key.core/../key.ui/examples/heap/permissions/threads/Plotter_inv_accessible2.key 
438739     DEBUG main            d.u.i.k.p.i.AbstractProblemLoader Environment load took 47.5ns 
438740     INFO  main            d.u.i.k.p.i.AbstractProblemLoader Creating init config 
443185     DEBUG main            d.u.i.k.p.i.AbstractProblemLoader Init config took 4.45s 
443277     INFO  main            d.u.i.k.p.i.AbstractProblemLoader Replaying proof Plotter[java.lang.Object::<inv>()].JML accessible clause.1 
443278     DEBUG main            d.u.i.k.p.i.IntermediateProofReplayer Proof replay took 8.6ns 
443380     INFO  main            d.u.i.k.p.r.p.TestFile    ... finished proof: closed. 
443832     INFO  main            d.u.i.k.p.i.AbstractProblemLoader Loading environment from /home/runner/work/key/key/key.core/../key.ui/examples/heap/permissions/threads/Plotter_inv_accessible2.key.proof 
443832     DEBUG main            d.u.i.k.p.i.AbstractProblemLoader Environment load took 109.8ns 
443833     INFO  main            d.u.i.k.p.i.AbstractProblemLoader Creating init config 
448220     DEBUG main            d.u.i.k.p.i.AbstractProblemLoader Init config took 4.39s 
448297     INFO  main            d.u.i.k.p.i.AbstractProblemLoader Replaying proof Plotter[java.lang.Object::<inv>()].JML accessible clause.1 
448300     DEBUG main            d.u.i.k.p.i.IntermediateProofReplayer Proof replay took 1.62ms 
448301     DEBUG main            d.u.i.k.p.r.p.TestFile    ... success: reloaded. 
448302     INFO  main            d.u.i.k.p.r.p.TestFile    Now processing file /home/runner/work/key/key/key.core/../key.ui/examples/heap/permissions/threads/Plotter_joinTransfer_contract.key 
448302     INFO  main            d.u.i.k.p.i.AbstractProblemLoader Loading environment from /home/runner/work/key/key/key.core/../key.ui/examples/heap/permissions/threads/Plotter_joinTransfer_contract.key 
448302     DEBUG main            d.u.i.k.p.i.AbstractProblemLoader Environment load took 55.9ns 
448303     INFO  main            d.u.i.k.p.i.AbstractProblemLoader Creating init config 
452750     DEBUG main            d.u.i.k.p.i.AbstractProblemLoader Init config took 4.45s 
452828     INFO  main            d.u.i.k.p.i.AbstractProblemLoader Replaying proof Plotter[ThreadSpec2::joinTransfer()].JML model_behavior operation contract.0 
452829     DEBUG main            d.u.i.k.p.i.IntermediateProofReplayer Proof replay took 8ns 
452931     INFO  main            d.u.i.k.p.r.p.TestFile    ... finished proof: closed. 
453380     INFO  main            d.u.i.k.p.i.AbstractProblemLoader Loading environment from /home/runner/work/key/key/key.core/../key.ui/examples/heap/permissions/threads/Plotter_joinTransfer_contract.key.proof 
453380     DEBUG main            d.u.i.k.p.i.AbstractProblemLoader Environment load took 112.5ns 
453381     INFO  main            d.u.i.k.p.i.AbstractProblemLoader Creating init config 
457729     DEBUG main            d.u.i.k.p.i.AbstractProblemLoader Init config took 4.35s 
457807     INFO  main            d.u.i.k.p.i.AbstractProblemLoader Replaying proof Plotter[ThreadSpec2::joinTransfer()].JML model_behavior operation contract.0 
457815     DEBUG main            d.u.i.k.p.i.IntermediateProofReplayer Proof replay took 7.04ms 
457816     DEBUG main            d.u.i.k.p.r.p.TestFile    ... success: reloaded. 
457817     INFO  main            d.u.i.k.p.r.p.TestFile    Now processing file /home/runner/work/key/key/key.core/../key.ui/examples/heap/permissions/threads/Plotter_Plotter.key 
457817     INFO  main            d.u.i.k.p.i.AbstractProblemLoader Loading environment from /home/runner/work/key/key/key.core/../key.ui/examples/heap/permissions/threads/Plotter_Plotter.key 
457817     DEBUG main            d.u.i.k.p.i.AbstractProblemLoader Environment load took 47.9ns 
457818     INFO  main            d.u.i.k.p.i.AbstractProblemLoader Creating init config 
462240     DEBUG main            d.u.i.k.p.i.AbstractProblemLoader Init config took 4.42s 
462317     INFO  main            d.u.i.k.p.i.AbstractProblemLoader Replaying proof Plotter[Plotter::Plotter(AFilter,BFilter,Buffer)].JML normal_behavior operation contract.0 
462319     DEBUG main            d.u.i.k.p.i.IntermediateProofReplayer Proof replay took 7ns 
464324     INFO  main            d.u.i.k.p.r.p.TestFile    ... finished proof: closed. 
464789     INFO  main            d.u.i.k.p.i.AbstractProblemLoader Loading environment from /home/runner/work/key/key/key.core/../key.ui/examples/heap/permissions/threads/Plotter_Plotter.key.proof 
464789     DEBUG main            d.u.i.k.p.i.AbstractProblemLoader Environment load took 143ns 
464790     INFO  main            d.u.i.k.p.i.AbstractProblemLoader Creating init config 
469196     DEBUG main            d.u.i.k.p.i.AbstractProblemLoader Init config took 4.41s 
469275     INFO  main            d.u.i.k.p.i.AbstractProblemLoader Replaying proof Plotter[Plotter::Plotter(AFilter,BFilter,Buffer)].JML normal_behavior operation contract.0 
469511     DEBUG main            d.u.i.k.p.i.IntermediateProofReplayer Proof replay took 231.06ms 
469512     DEBUG main            d.u.i.k.p.r.p.TestFile    ... success: reloaded. 
469513     INFO  main            d.u.i.k.p.r.p.TestFile    Now processing file /home/runner/work/key/key/key.core/../key.ui/examples/heap/permissions/threads/Plotter_postJoin_accessible.key 
469513     INFO  main            d.u.i.k.p.i.AbstractProblemLoader Loading environment from /home/runner/work/key/key/key.core/../key.ui/examples/heap/permissions/threads/Plotter_postJoin_accessible.key 
469513     DEBUG main            d.u.i.k.p.i.AbstractProblemLoader Environment load took 50ns 
469514     INFO  main            d.u.i.k.p.i.AbstractProblemLoader Creating init config 
473916     DEBUG main            d.u.i.k.p.i.AbstractProblemLoader Init config took 4.4s 
473993     INFO  main            d.u.i.k.p.i.AbstractProblemLoader Replaying proof Plotter[ThreadSpec2::postJoin(java.lang.Object)].JML accessible clause.0 
473994     DEBUG main            d.u.i.k.p.i.IntermediateProofReplayer Proof replay took 7.2ns 
474096     INFO  main            d.u.i.k.p.r.p.TestFile    ... finished proof: closed. 
474566     INFO  main            d.u.i.k.p.i.AbstractProblemLoader Loading environment from /home/runner/work/key/key/key.core/../key.ui/examples/heap/permissions/threads/Plotter_postJoin_accessible.key.proof 
474567     DEBUG main            d.u.i.k.p.i.AbstractProblemLoader Environment load took 91ns 
474567     INFO  main            d.u.i.k.p.i.AbstractProblemLoader Creating init config 
478907     DEBUG main            d.u.i.k.p.i.AbstractProblemLoader Init config took 4.34s 
478984     INFO  main            d.u.i.k.p.i.AbstractProblemLoader Replaying proof Plotter[ThreadSpec2::postJoin(java.lang.Object)].JML accessible clause.0 
478997     DEBUG main            d.u.i.k.p.i.IntermediateProofReplayer Proof replay took 11.33ms 
478998     DEBUG main            d.u.i.k.p.r.p.TestFile    ... success: reloaded. 
478999     INFO  main            d.u.i.k.p.r.p.TestFile    Now processing file /home/runner/work/key/key/key.core/../key.ui/examples/heap/permissions/threads/Plotter_preStart_accessible.key 
478999     INFO  main            d.u.i.k.p.i.AbstractProblemLoader Loading environment from /home/runner/work/key/key/key.core/../key.ui/examples/heap/permissions/threads/Plotter_preStart_accessible.key 
478999     DEBUG main            d.u.i.k.p.i.AbstractProblemLoader Environment load took 49ns 
479000     INFO  main            d.u.i.k.p.i.AbstractProblemLoader Creating init config 
483403     DEBUG main            d.u.i.k.p.i.AbstractProblemLoader Init config took 4.4s 
483479     INFO  main            d.u.i.k.p.i.AbstractProblemLoader Replaying proof Plotter[ThreadSpec2::preStart(java.lang.Object)].JML accessible clause.0 
483481     DEBUG main            d.u.i.k.p.i.IntermediateProofReplayer Proof replay took 7.3ns 
484591     INFO  main            d.u.i.k.p.r.p.TestFile    ... finished proof: closed. 
485066     INFO  main            d.u.i.k.p.i.AbstractProblemLoader Loading environment from /home/runner/work/key/key/key.core/../key.ui/examples/heap/permissions/threads/Plotter_preStart_accessible.key.proof 
485067     DEBUG main            d.u.i.k.p.i.AbstractProblemLoader Environment load took 96.7ns 
485068     INFO  main            d.u.i.k.p.i.AbstractProblemLoader Creating init config 
489389     DEBUG main            d.u.i.k.p.i.AbstractProblemLoader Init config took 4.32s 
489467     INFO  main            d.u.i.k.p.i.AbstractProblemLoader Replaying proof Plotter[ThreadSpec2::preStart(java.lang.Object)].JML accessible clause.0 
489547     DEBUG main            d.u.i.k.p.i.IntermediateProofReplayer Proof replay took 76.93ms 
489548     DEBUG main            d.u.i.k.p.r.p.TestFile    ... success: reloaded. 
489549     INFO  main            d.u.i.k.p.r.p.TestFile    Now processing file /home/runner/work/key/key/key.core/../key.ui/examples/heap/permissions/threads/Plotter_stateInv_accessible.key 
489549     INFO  main            d.u.i.k.p.i.AbstractProblemLoader Loading environment from /home/runner/work/key/key/key.core/../key.ui/examples/heap/permissions/threads/Plotter_stateInv_accessible.key 
489549     DEBUG main            d.u.i.k.p.i.AbstractProblemLoader Environment load took 99ns 
489550     INFO  main            d.u.i.k.p.i.AbstractProblemLoader Creating init config 
493965     DEBUG main            d.u.i.k.p.i.AbstractProblemLoader Init config took 4.42s 
494042     INFO  main            d.u.i.k.p.i.AbstractProblemLoader Replaying proof Plotter[ThreadSpec2::stateInv()].JML accessible clause.0 
494043     DEBUG main            d.u.i.k.p.i.IntermediateProofReplayer Proof replay took 7ns 
501768     INFO  main            d.u.i.k.p.r.p.TestFile    ... finished proof: closed. 
502270     INFO  main            d.u.i.k.p.i.AbstractProblemLoader Loading environment from /home/runner/work/key/key/key.core/../key.ui/examples/heap/permissions/threads/Plotter_stateInv_accessible.key.proof 
502270     DEBUG main            d.u.i.k.p.i.AbstractProblemLoader Environment load took 100ns 
502272     INFO  main            d.u.i.k.p.i.AbstractProblemLoader Creating init config 
506598     DEBUG main            d.u.i.k.p.i.AbstractProblemLoader Init config took 4.33s 
506675     INFO  main            d.u.i.k.p.i.AbstractProblemLoader Replaying proof Plotter[ThreadSpec2::stateInv()].JML accessible clause.0 
507302     DEBUG main            d.u.i.k.p.i.IntermediateProofReplayer Proof replay took 612.91ms 
507303     DEBUG main            d.u.i.k.p.r.p.TestFile    ... success: reloaded. 
507304     INFO  main            d.u.i.k.p.r.p.TestFile    Now processing file /home/runner/work/key/key/key.core/../key.ui/examples/heap/permissions/threads/Plotter_staticPermissions_accessible.key 
507307     INFO  main            d.u.i.k.p.i.AbstractProblemLoader Loading environment from /home/runner/work/key/key/key.core/../key.ui/examples/heap/permissions/threads/Plotter_staticPermissions_accessible.key 
507307     DEBUG main            d.u.i.k.p.i.AbstractProblemLoader Environment load took 105.7ns 
507308     INFO  main            d.u.i.k.p.i.AbstractProblemLoader Creating init config 
511773     DEBUG main            d.u.i.k.p.i.AbstractProblemLoader Init config took 4.46s 
511850     INFO  main            d.u.i.k.p.i.AbstractProblemLoader Replaying proof Plotter[ThreadSpec2::staticPermissions()].JML accessible clause.0 
511851     DEBUG main            d.u.i.k.p.i.IntermediateProofReplayer Proof replay took 50.2ns 
512554     INFO  main            d.u.i.k.p.r.p.TestFile    ... finished proof: closed. 
513053     INFO  main            d.u.i.k.p.i.AbstractProblemLoader Loading environment from /home/runner/work/key/key/key.core/../key.ui/examples/heap/permissions/threads/Plotter_staticPermissions_accessible.key.proof 
513053     DEBUG main            d.u.i.k.p.i.AbstractProblemLoader Environment load took 82.9ns 
513054     INFO  main            d.u.i.k.p.i.AbstractProblemLoader Creating init config 
517385     DEBUG main            d.u.i.k.p.i.AbstractProblemLoader Init config took 4.33s 
517464     INFO  main            d.u.i.k.p.i.AbstractProblemLoader Replaying proof Plotter[ThreadSpec2::staticPermissions()].JML accessible clause.0 
517525     DEBUG main            d.u.i.k.p.i.IntermediateProofReplayer Proof replay took 57.78ms 
517526     DEBUG main            d.u.i.k.p.r.p.TestFile    ... success: reloaded. 
517527     INFO  main            d.u.i.k.p.r.p.TestFile    Now processing file /home/runner/work/key/key/key.core/../key.ui/examples/heap/permissions/threads/Plotter_workingPermissions_accessible.key 
517527     INFO  main            d.u.i.k.p.i.AbstractProblemLoader Loading environment from /home/runner/work/key/key/key.core/../key.ui/examples/heap/permissions/threads/Plotter_workingPermissions_accessible.key 
517528     DEBUG main            d.u.i.k.p.i.AbstractProblemLoader Environment load took 107.9ns 
517528     INFO  main            d.u.i.k.p.i.AbstractProblemLoader Creating init config 
521939     DEBUG main            d.u.i.k.p.i.AbstractProblemLoader Init config took 4.41s 
522015     INFO  main            d.u.i.k.p.i.AbstractProblemLoader Replaying proof Plotter[ThreadSpec2::workingPermissions()].JML accessible clause.0 
522016     DEBUG main            d.u.i.k.p.i.IntermediateProofReplayer Proof replay took 2.8ns 
522218     INFO  main            d.u.i.k.p.r.p.TestFile    ... finished proof: closed. 
522717     INFO  main            d.u.i.k.p.i.AbstractProblemLoader Loading environment from /home/runner/work/key/key/key.core/../key.ui/examples/heap/permissions/threads/Plotter_workingPermissions_accessible.key.proof 
522717     DEBUG main            d.u.i.k.p.i.AbstractProblemLoader Environment load took 94.6ns 
522718     INFO  main            d.u.i.k.p.i.AbstractProblemLoader Creating init config 
527041     DEBUG main            d.u.i.k.p.i.AbstractProblemLoader Init config took 4.32s 
527119     INFO  main            d.u.i.k.p.i.AbstractProblemLoader Replaying proof Plotter[ThreadSpec2::workingPermissions()].JML accessible clause.0 
527135     DEBUG main            d.u.i.k.p.i.IntermediateProofReplayer Proof replay took 14.38ms 
527136     DEBUG main            d.u.i.k.p.r.p.TestFile    ... success: reloaded. 
527137     INFO  main            d.u.i.k.p.r.p.TestFile    Now processing file /home/runner/work/key/key/key.core/../key.ui/examples/heap/permissions/threads/Sampler_initPost_accessible.key 
527137     INFO  main            d.u.i.k.p.i.AbstractProblemLoader Loading environment from /home/runner/work/key/key/key.core/../key.ui/examples/heap/permissions/threads/Sampler_initPost_accessible.key 
527137     DEBUG main            d.u.i.k.p.i.AbstractProblemLoader Environment load took 72.5ns 
527138     INFO  main            d.u.i.k.p.i.AbstractProblemLoader Creating init config 
531534     DEBUG main            d.u.i.k.p.i.AbstractProblemLoader Init config took 4.4s 
531611     INFO  main            d.u.i.k.p.i.AbstractProblemLoader Replaying proof Sampler[ThreadSpec2::initPost()].JML accessible clause.0 
531612     DEBUG main            d.u.i.k.p.i.IntermediateProofReplayer Proof replay took 6.1ns 
531714     INFO  main            d.u.i.k.p.r.p.TestFile    ... finished proof: closed. 
532209     INFO  main            d.u.i.k.p.i.AbstractProblemLoader Loading environment from /home/runner/work/key/key/key.core/../key.ui/examples/heap/permissions/threads/Sampler_initPost_accessible.key.proof 
532209     DEBUG main            d.u.i.k.p.i.AbstractProblemLoader Environment load took 92.2ns 
532210     INFO  main            d.u.i.k.p.i.AbstractProblemLoader Creating init config 
536532     DEBUG main            d.u.i.k.p.i.AbstractProblemLoader Init config took 4.32s 
536609     INFO  main            d.u.i.k.p.i.AbstractProblemLoader Replaying proof Sampler[ThreadSpec2::initPost()].JML accessible clause.0 
536615     DEBUG main            d.u.i.k.p.i.IntermediateProofReplayer Proof replay took 5.13ms 
536616     DEBUG main            d.u.i.k.p.r.p.TestFile    ... success: reloaded. 
536617     INFO  main            d.u.i.k.p.r.p.TestFile    Now processing file /home/runner/work/key/key/key.core/../key.ui/examples/heap/permissions/threads/Sampler_inv_accessible1.key 
536617     INFO  main            d.u.i.k.p.i.AbstractProblemLoader Loading environment from /home/runner/work/key/key/key.core/../key.ui/examples/heap/permissions/threads/Sampler_inv_accessible1.key 
536617     DEBUG main            d.u.i.k.p.i.AbstractProblemLoader Environment load took 71.3ns 
536618     INFO  main            d.u.i.k.p.i.AbstractProblemLoader Creating init config 
541019     DEBUG main            d.u.i.k.p.i.AbstractProblemLoader Init config took 4.4s 
541096     INFO  main            d.u.i.k.p.i.AbstractProblemLoader Replaying proof Sampler[java.lang.Object::<inv>()].JML accessible clause.0 
541097     DEBUG main            d.u.i.k.p.i.IntermediateProofReplayer Proof replay took 3.1ns 
541199     INFO  main            d.u.i.k.p.r.p.TestFile    ... finished proof: closed. 
541712     INFO  main            d.u.i.k.p.i.AbstractProblemLoader Loading environment from /home/runner/work/key/key/key.core/../key.ui/examples/heap/permissions/threads/Sampler_inv_accessible1.key.proof 
541713     DEBUG main            d.u.i.k.p.i.AbstractProblemLoader Environment load took 86.2ns 
541713     INFO  main            d.u.i.k.p.i.AbstractProblemLoader Creating init config 
546210     DEBUG main            d.u.i.k.p.i.AbstractProblemLoader Init config took 4.5s 
546300     INFO  main            d.u.i.k.p.i.AbstractProblemLoader Replaying proof Sampler[java.lang.Object::<inv>()].JML accessible clause.0 
546303     DEBUG main            d.u.i.k.p.i.IntermediateProofReplayer Proof replay took 1.6ms 
546303     DEBUG main            d.u.i.k.p.r.p.TestFile    ... success: reloaded. 
546304     INFO  main            d.u.i.k.p.r.p.TestFile    Now processing file /home/runner/work/key/key/key.core/../key.ui/examples/heap/permissions/threads/Sampler_inv_accessible2.key 
546304     INFO  main            d.u.i.k.p.i.AbstractProblemLoader Loading environment from /home/runner/work/key/key/key.core/../key.ui/examples/heap/permissions/threads/Sampler_inv_accessible2.key 
546304     DEBUG main            d.u.i.k.p.i.AbstractProblemLoader Environment load took 50.4ns 
546305     INFO  main            d.u.i.k.p.i.AbstractProblemLoader Creating init config 
550816     DEBUG main            d.u.i.k.p.i.AbstractProblemLoader Init config took 4.51s 
550892     INFO  main            d.u.i.k.p.i.AbstractProblemLoader Replaying proof Sampler[java.lang.Object::<inv>()].JML accessible clause.1 
550894     DEBUG main            d.u.i.k.p.i.IntermediateProofReplayer Proof replay took 3.7ns 
550995     INFO  main            d.u.i.k.p.r.p.TestFile    ... finished proof: closed. 
551505     INFO  main            d.u.i.k.p.i.AbstractProblemLoader Loading environment from /home/runner/work/key/key/key.core/../key.ui/examples/heap/permissions/threads/Sampler_inv_accessible2.key.proof 
551505     DEBUG main            d.u.i.k.p.i.AbstractProblemLoader Environment load took 79.1ns 
551506     INFO  main            d.u.i.k.p.i.AbstractProblemLoader Creating init config 
555845     DEBUG main            d.u.i.k.p.i.AbstractProblemLoader Init config took 4.34s 
555922     INFO  main            d.u.i.k.p.i.AbstractProblemLoader Replaying proof Sampler[java.lang.Object::<inv>()].JML accessible clause.1 
555925     DEBUG main            d.u.i.k.p.i.IntermediateProofReplayer Proof replay took 1.6ms 
555926     DEBUG main            d.u.i.k.p.r.p.TestFile    ... success: reloaded. 
555926     INFO  main            d.u.i.k.p.r.p.TestFile    Now processing file /home/runner/work/key/key/key.core/../key.ui/examples/heap/permissions/threads/Sampler_joinTransfer_accessible.key 
555927     INFO  main            d.u.i.k.p.i.AbstractProblemLoader Loading environment from /home/runner/work/key/key/key.core/../key.ui/examples/heap/permissions/threads/Sampler_joinTransfer_accessible.key 
555927     DEBUG main            d.u.i.k.p.i.AbstractProblemLoader Environment load took 89.2ns 
555927     INFO  main            d.u.i.k.p.i.AbstractProblemLoader Creating init config 
560334     DEBUG main            d.u.i.k.p.i.AbstractProblemLoader Init config took 4.41s 
560411     INFO  main            d.u.i.k.p.i.AbstractProblemLoader Replaying proof Sampler[ThreadSpec2::joinTransfer()].JML accessible clause.0 
560412     DEBUG main            d.u.i.k.p.i.IntermediateProofReplayer Proof replay took 3.3ns 
563937     INFO  main            d.u.i.k.p.r.p.TestFile    ... finished proof: closed. 
564460     INFO  main            d.u.i.k.p.i.AbstractProblemLoader Loading environment from /home/runner/work/key/key/key.core/../key.ui/examples/heap/permissions/threads/Sampler_joinTransfer_accessible.key.proof 
564461     DEBUG main            d.u.i.k.p.i.AbstractProblemLoader Environment load took 318ns 
564462     INFO  main            d.u.i.k.p.i.AbstractProblemLoader Creating init config 
568780     DEBUG main            d.u.i.k.p.i.AbstractProblemLoader Init config took 4.32s 
568871     INFO  main            d.u.i.k.p.i.AbstractProblemLoader Replaying proof Sampler[ThreadSpec2::joinTransfer()].JML accessible clause.0 
569452     DEBUG main            d.u.i.k.p.i.IntermediateProofReplayer Proof replay took 569.6ms 
569453     DEBUG main            d.u.i.k.p.r.p.TestFile    ... success: reloaded. 
569454     INFO  main            d.u.i.k.p.r.p.TestFile    Now processing file /home/runner/work/key/key/key.core/../key.ui/examples/heap/permissions/threads/Sampler_joinTransfer_contract.key 
569454     INFO  main            d.u.i.k.p.i.AbstractProblemLoader Loading environment from /home/runner/work/key/key/key.core/../key.ui/examples/heap/permissions/threads/Sampler_joinTransfer_contract.key 
569454     DEBUG main            d.u.i.k.p.i.AbstractProblemLoader Environment load took 81.6ns 
569455     INFO  main            d.u.i.k.p.i.AbstractProblemLoader Creating init config 
573871     DEBUG main            d.u.i.k.p.i.AbstractProblemLoader Init config took 4.42s 
573966     INFO  main            d.u.i.k.p.i.AbstractProblemLoader Replaying proof Sampler[ThreadSpec2::joinTransfer()].JML model_behavior operation contract.0 
573967     DEBUG main            d.u.i.k.p.i.IntermediateProofReplayer Proof replay took 3ns 
574069     INFO  main            d.u.i.k.p.r.p.TestFile    ... finished proof: closed. 
574590     INFO  main            d.u.i.k.p.i.AbstractProblemLoader Loading environment from /home/runner/work/key/key/key.core/../key.ui/examples/heap/permissions/threads/Sampler_joinTransfer_contract.key.proof 
574590     DEBUG main            d.u.i.k.p.i.AbstractProblemLoader Environment load took 99ns 
574591     INFO  main            d.u.i.k.p.i.AbstractProblemLoader Creating init config 
578931     DEBUG main            d.u.i.k.p.i.AbstractProblemLoader Init config took 4.34s 
579021     INFO  main            d.u.i.k.p.i.AbstractProblemLoader Replaying proof Sampler[ThreadSpec2::joinTransfer()].JML model_behavior operation contract.0 
579029     DEBUG main            d.u.i.k.p.i.IntermediateProofReplayer Proof replay took 6.47ms 
579029     DEBUG main            d.u.i.k.p.r.p.TestFile    ... success: reloaded. 
579030     INFO  main            d.u.i.k.p.r.p.TestFile    Now processing file /home/runner/work/key/key/key.core/../key.ui/examples/heap/permissions/threads/Sampler_postJoin_accessible.key 
579030     INFO  main            d.u.i.k.p.i.AbstractProblemLoader Loading environment from /home/runner/work/key/key/key.core/../key.ui/examples/heap/permissions/threads/Sampler_postJoin_accessible.key 
579030     DEBUG main            d.u.i.k.p.i.AbstractProblemLoader Environment load took 45.6ns 
579031     INFO  main            d.u.i.k.p.i.AbstractProblemLoader Creating init config 
583469     DEBUG main            d.u.i.k.p.i.AbstractProblemLoader Init config took 4.44s 
583545     INFO  main            d.u.i.k.p.i.AbstractProblemLoader Replaying proof Sampler[ThreadSpec2::postJoin(java.lang.Object)].JML accessible clause.0 
583546     DEBUG main            d.u.i.k.p.i.IntermediateProofReplayer Proof replay took 3.5ns 
583648     INFO  main            d.u.i.k.p.r.p.TestFile    ... finished proof: closed. 
584184     INFO  main            d.u.i.k.p.i.AbstractProblemLoader Loading environment from /home/runner/work/key/key/key.core/../key.ui/examples/heap/permissions/threads/Sampler_postJoin_accessible.key.proof 
584184     DEBUG main            d.u.i.k.p.i.AbstractProblemLoader Environment load took 84.7ns 
584185     INFO  main            d.u.i.k.p.i.AbstractProblemLoader Creating init config 
588511     DEBUG main            d.u.i.k.p.i.AbstractProblemLoader Init config took 4.33s 
588599     INFO  main            d.u.i.k.p.i.AbstractProblemLoader Replaying proof Sampler[ThreadSpec2::postJoin(java.lang.Object)].JML accessible clause.0 
588609     DEBUG main            d.u.i.k.p.i.IntermediateProofReplayer Proof replay took 8.08ms 
588610     DEBUG main            d.u.i.k.p.r.p.TestFile    ... success: reloaded. 
588610     INFO  main            d.u.i.k.p.r.p.TestFile    Now processing file /home/runner/work/key/key/key.core/../key.ui/examples/heap/permissions/threads/Sampler_preStart_accessible.key 
588610     INFO  main            d.u.i.k.p.i.AbstractProblemLoader Loading environment from /home/runner/work/key/key/key.core/../key.ui/examples/heap/permissions/threads/Sampler_preStart_accessible.key 
588611     DEBUG main            d.u.i.k.p.i.AbstractProblemLoader Environment load took 44.6ns 
588611     INFO  main            d.u.i.k.p.i.AbstractProblemLoader Creating init config 
593014     DEBUG main            d.u.i.k.p.i.AbstractProblemLoader Init config took 4.4s 
593090     INFO  main            d.u.i.k.p.i.AbstractProblemLoader Replaying proof Sampler[ThreadSpec2::preStart(java.lang.Object)].JML accessible clause.0 
593091     DEBUG main            d.u.i.k.p.i.IntermediateProofReplayer Proof replay took 3.2ns 
593193     INFO  main            d.u.i.k.p.r.p.TestFile    ... finished proof: closed. 
593726     INFO  main            d.u.i.k.p.i.AbstractProblemLoader Loading environment from /home/runner/work/key/key/key.core/../key.ui/examples/heap/permissions/threads/Sampler_preStart_accessible.key.proof 
593726     DEBUG main            d.u.i.k.p.i.AbstractProblemLoader Environment load took 86.5ns 
593727     INFO  main            d.u.i.k.p.i.AbstractProblemLoader Creating init config 
598054     DEBUG main            d.u.i.k.p.i.AbstractProblemLoader Init config took 4.33s 
598130     INFO  main            d.u.i.k.p.i.AbstractProblemLoader Replaying proof Sampler[ThreadSpec2::preStart(java.lang.Object)].JML accessible clause.0 
598140     DEBUG main            d.u.i.k.p.i.IntermediateProofReplayer Proof replay took 7.76ms 
598140     DEBUG main            d.u.i.k.p.r.p.TestFile    ... success: reloaded. 
598141     INFO  main            d.u.i.k.p.r.p.TestFile    Now processing file /home/runner/work/key/key/key.core/../key.ui/examples/heap/permissions/threads/Sampler_run.key 
598141     INFO  main            d.u.i.k.p.i.AbstractProblemLoader Loading environment from /home/runner/work/key/key/key.core/../key.ui/examples/heap/permissions/threads/Sampler_run.key 
598141     DEBUG main            d.u.i.k.p.i.AbstractProblemLoader Environment load took 44.2ns 
598142     INFO  main            d.u.i.k.p.i.AbstractProblemLoader Creating init config 
602540     DEBUG main            d.u.i.k.p.i.AbstractProblemLoader Init config took 4.4s 
602617     INFO  main            d.u.i.k.p.i.AbstractProblemLoader Replaying proof Sampler[ThreadSpec2::run()].JML normal_behavior operation contract.0 
602618     DEBUG main            d.u.i.k.p.i.IntermediateProofReplayer Proof replay took 3.4ns 
602820     INFO  main            d.u.i.k.p.r.p.TestFile    ... finished proof: closed. 
603366     INFO  main            d.u.i.k.p.i.AbstractProblemLoader Loading environment from /home/runner/work/key/key/key.core/../key.ui/examples/heap/permissions/threads/Sampler_run.key.proof 
603366     DEBUG main            d.u.i.k.p.i.AbstractProblemLoader Environment load took 83.2ns 
603367     INFO  main            d.u.i.k.p.i.AbstractProblemLoader Creating init config 
607709     DEBUG main            d.u.i.k.p.i.AbstractProblemLoader Init config took 4.34s 
607786     INFO  main            d.u.i.k.p.i.AbstractProblemLoader Replaying proof Sampler[ThreadSpec2::run()].JML normal_behavior operation contract.0 
607823     DEBUG main            d.u.i.k.p.i.IntermediateProofReplayer Proof replay took 35.08ms 
607824     DEBUG main            d.u.i.k.p.r.p.TestFile    ... success: reloaded. 
607825     INFO  main            d.u.i.k.p.r.p.TestFile    Now processing file /home/runner/work/key/key/key.core/../key.ui/examples/heap/permissions/threads/Sampler_Sampler.key 
607825     INFO  main            d.u.i.k.p.i.AbstractProblemLoader Loading environment from /home/runner/work/key/key/key.core/../key.ui/examples/heap/permissions/threads/Sampler_Sampler.key 
607825     DEBUG main            d.u.i.k.p.i.AbstractProblemLoader Environment load took 169.1ns 
607826     INFO  main            d.u.i.k.p.i.AbstractProblemLoader Creating init config 
612261     DEBUG main            d.u.i.k.p.i.AbstractProblemLoader Init config took 4.43s 
612355     INFO  main            d.u.i.k.p.i.AbstractProblemLoader Replaying proof Sampler[Sampler::Sampler(Buffer)].JML normal_behavior operation contract.0 
612356     DEBUG main            d.u.i.k.p.i.IntermediateProofReplayer Proof replay took 3.1ns 
612958     INFO  main            d.u.i.k.p.r.p.TestFile    ... finished proof: closed. 
613530     INFO  main            d.u.i.k.p.i.AbstractProblemLoader Loading environment from /home/runner/work/key/key/key.core/../key.ui/examples/heap/permissions/threads/Sampler_Sampler.key.proof 
613530     DEBUG main            d.u.i.k.p.i.AbstractProblemLoader Environment load took 83.1ns 
613531     INFO  main            d.u.i.k.p.i.AbstractProblemLoader Creating init config 
617888     DEBUG main            d.u.i.k.p.i.AbstractProblemLoader Init config took 4.36s 
617965     INFO  main            d.u.i.k.p.i.AbstractProblemLoader Replaying proof Sampler[Sampler::Sampler(Buffer)].JML normal_behavior operation contract.0 
618049     DEBUG main            d.u.i.k.p.i.IntermediateProofReplayer Proof replay took 81.72ms 
618050     DEBUG main            d.u.i.k.p.r.p.TestFile    ... success: reloaded. 
618051     INFO  main            d.u.i.k.p.r.p.TestFile    Now processing file /home/runner/work/key/key/key.core/../key.ui/examples/heap/permissions/threads/Sampler_startTransfer_accessible.key 
618051     INFO  main            d.u.i.k.p.i.AbstractProblemLoader Loading environment from /home/runner/work/key/key/key.core/../key.ui/examples/heap/permissions/threads/Sampler_startTransfer_accessible.key 
618051     DEBUG main            d.u.i.k.p.i.AbstractProblemLoader Environment load took 49.9ns 
618052     INFO  main            d.u.i.k.p.i.AbstractProblemLoader Creating init config 
622468     DEBUG main            d.u.i.k.p.i.AbstractProblemLoader Init config took 4.42s 
622544     INFO  main            d.u.i.k.p.i.AbstractProblemLoader Replaying proof Sampler[ThreadSpec2::startTransfer()].JML accessible clause.0 
622546     DEBUG main            d.u.i.k.p.i.IntermediateProofReplayer Proof replay took 3.7ns 
626760     INFO  main            d.u.i.k.p.r.p.TestFile    ... finished proof: closed. 
627329     INFO  main            d.u.i.k.p.i.AbstractProblemLoader Loading environment from /home/runner/work/key/key/key.core/../key.ui/examples/heap/permissions/threads/Sampler_startTransfer_accessible.key.proof 
627330     DEBUG main            d.u.i.k.p.i.AbstractProblemLoader Environment load took 199ns 
627331     INFO  main            d.u.i.k.p.i.AbstractProblemLoader Creating init config 
631676     DEBUG main            d.u.i.k.p.i.AbstractProblemLoader Init config took 4.35s 
631753     INFO  main            d.u.i.k.p.i.AbstractProblemLoader Replaying proof Sampler[ThreadSpec2::startTransfer()].JML accessible clause.0 
632363     DEBUG main            d.u.i.k.p.i.IntermediateProofReplayer Proof replay took 598.62ms 
632364     DEBUG main            d.u.i.k.p.r.p.TestFile    ... success: reloaded. 
632365     INFO  main            d.u.i.k.p.r.p.TestFile    Now processing file /home/runner/work/key/key/key.core/../key.ui/examples/heap/permissions/threads/Sampler_startTransfer_contract.key 
632365     INFO  main            d.u.i.k.p.i.AbstractProblemLoader Loading environment from /home/runner/work/key/key/key.core/../key.ui/examples/heap/permissions/threads/Sampler_startTransfer_contract.key 
632365     DEBUG main            d.u.i.k.p.i.AbstractProblemLoader Environment load took 49.1ns 
632366     INFO  main            d.u.i.k.p.i.AbstractProblemLoader Creating init config 
636809     DEBUG main            d.u.i.k.p.i.AbstractProblemLoader Init config took 4.44s 
636885     INFO  main            d.u.i.k.p.i.AbstractProblemLoader Replaying proof Sampler[ThreadSpec2::startTransfer()].JML model_behavior operation contract.0 
636887     DEBUG main            d.u.i.k.p.i.IntermediateProofReplayer Proof replay took 3.4ns 
636988     INFO  main            d.u.i.k.p.r.p.TestFile    ... finished proof: closed. 
637542     INFO  main            d.u.i.k.p.i.AbstractProblemLoader Loading environment from /home/runner/work/key/key/key.core/../key.ui/examples/heap/permissions/threads/Sampler_startTransfer_contract.key.proof 
637542     DEBUG main            d.u.i.k.p.i.AbstractProblemLoader Environment load took 82.9ns 
637543     INFO  main            d.u.i.k.p.i.AbstractProblemLoader Creating init config 
641898     DEBUG main            d.u.i.k.p.i.AbstractProblemLoader Init config took 4.36s 
641975     INFO  main            d.u.i.k.p.i.AbstractProblemLoader Replaying proof Sampler[ThreadSpec2::startTransfer()].JML model_behavior operation contract.0 
641984     DEBUG main            d.u.i.k.p.i.IntermediateProofReplayer Proof replay took 6.76ms 
641984     DEBUG main            d.u.i.k.p.r.p.TestFile    ... success: reloaded. 
641985     INFO  main            d.u.i.k.p.r.p.TestFile    Now processing file /home/runner/work/key/key/key.core/../key.ui/examples/heap/permissions/threads/Sampler_stateInv_accessible.key 
641985     INFO  main            d.u.i.k.p.i.AbstractProblemLoader Loading environment from /home/runner/work/key/key/key.core/../key.ui/examples/heap/permissions/threads/Sampler_stateInv_accessible.key 
641985     DEBUG main            d.u.i.k.p.i.AbstractProblemLoader Environment load took 46.5ns 
641986     INFO  main            d.u.i.k.p.i.AbstractProblemLoader Creating init config 
646435     DEBUG main            d.u.i.k.p.i.AbstractProblemLoader Init config took 4.45s 
646514     INFO  main            d.u.i.k.p.i.AbstractProblemLoader Replaying proof Sampler[ThreadSpec2::stateInv()].JML accessible clause.0 
646515     DEBUG main            d.u.i.k.p.i.IntermediateProofReplayer Proof replay took 3.4ns 
646617     INFO  main            d.u.i.k.p.r.p.TestFile    ... finished proof: closed. 
647183     INFO  main            d.u.i.k.p.i.AbstractProblemLoader Loading environment from /home/runner/work/key/key/key.core/../key.ui/examples/heap/permissions/threads/Sampler_stateInv_accessible.key.proof 
647183     DEBUG main            d.u.i.k.p.i.AbstractProblemLoader Environment load took 97.8ns 
647184     INFO  main            d.u.i.k.p.i.AbstractProblemLoader Creating init config 
651515     DEBUG main            d.u.i.k.p.i.AbstractProblemLoader Init config took 4.33s 
651592     INFO  main            d.u.i.k.p.i.AbstractProblemLoader Replaying proof Sampler[ThreadSpec2::stateInv()].JML accessible clause.0 
651600     DEBUG main            d.u.i.k.p.i.IntermediateProofReplayer Proof replay took 5.74ms 
651604     DEBUG main            d.u.i.k.p.r.p.TestFile    ... success: reloaded. 
651605     INFO  main            d.u.i.k.p.r.p.TestFile    Now processing file /home/runner/work/key/key/key.core/../key.ui/examples/heap/permissions/threads/Sampler_staticPermissions_accessible.key 
651605     INFO  main            d.u.i.k.p.i.AbstractProblemLoader Loading environment from /home/runner/work/key/key/key.core/../key.ui/examples/heap/permissions/threads/Sampler_staticPermissions_accessible.key 
651605     DEBUG main            d.u.i.k.p.i.AbstractProblemLoader Environment load took 77.2ns 
651610     INFO  main            d.u.i.k.p.i.AbstractProblemLoader Creating init config 
656027     DEBUG main            d.u.i.k.p.i.AbstractProblemLoader Init config took 4.42s 
656103     INFO  main            d.u.i.k.p.i.AbstractProblemLoader Replaying proof Sampler[ThreadSpec2::staticPermissions()].JML accessible clause.0 
656105     DEBUG main            d.u.i.k.p.i.IntermediateProofReplayer Proof replay took 3ns 
656209     INFO  main            d.u.i.k.p.r.p.TestFile    ... finished proof: closed. 
656787     INFO  main            d.u.i.k.p.i.AbstractProblemLoader Loading environment from /home/runner/work/key/key/key.core/../key.ui/examples/heap/permissions/threads/Sampler_staticPermissions_accessible.key.proof 
656787     DEBUG main            d.u.i.k.p.i.AbstractProblemLoader Environment load took 83.1ns 
656788     INFO  main            d.u.i.k.p.i.AbstractProblemLoader Creating init config 
661129     DEBUG main            d.u.i.k.p.i.AbstractProblemLoader Init config took 4.34s 
661206     INFO  main            d.u.i.k.p.i.AbstractProblemLoader Replaying proof Sampler[ThreadSpec2::staticPermissions()].JML accessible clause.0 
661210     DEBUG main            d.u.i.k.p.i.IntermediateProofReplayer Proof replay took 3.4ms 
661211     DEBUG main            d.u.i.k.p.r.p.TestFile    ... success: reloaded. 
661212     INFO  main            d.u.i.k.p.r.p.TestFile    Now processing file /home/runner/work/key/key/key.core/../key.ui/examples/heap/permissions/threads/Sampler_workingPermissions_accessible.key 
661212     INFO  main            d.u.i.k.p.i.AbstractProblemLoader Loading environment from /home/runner/work/key/key/key.core/../key.ui/examples/heap/permissions/threads/Sampler_workingPermissions_accessible.key 
661212     DEBUG main            d.u.i.k.p.i.AbstractProblemLoader Environment load took 70ns 
661213     INFO  main            d.u.i.k.p.i.AbstractProblemLoader Creating init config 
665667     DEBUG main            d.u.i.k.p.i.AbstractProblemLoader Init config took 4.45s 
665778     INFO  main            d.u.i.k.p.i.AbstractProblemLoader Replaying proof Sampler[ThreadSpec2::workingPermissions()].JML accessible clause.0 
665781     DEBUG main            d.u.i.k.p.i.IntermediateProofReplayer Proof replay took 4ns 
665883     INFO  main            d.u.i.k.p.r.p.TestFile    ... finished proof: closed. 
666462     INFO  main            d.u.i.k.p.i.AbstractProblemLoader Loading environment from /home/runner/work/key/key/key.core/../key.ui/examples/heap/permissions/threads/Sampler_workingPermissions_accessible.key.proof 
666463     DEBUG main            d.u.i.k.p.i.AbstractProblemLoader Environment load took 79.6ns 
666463     INFO  main            d.u.i.k.p.i.AbstractProblemLoader Creating init config 
670839     DEBUG main            d.u.i.k.p.i.AbstractProblemLoader Init config took 4.38s 
670931     INFO  main            d.u.i.k.p.i.AbstractProblemLoader Replaying proof Sampler[ThreadSpec2::workingPermissions()].JML accessible clause.0 
670937     DEBUG main            d.u.i.k.p.i.IntermediateProofReplayer Proof replay took 4.93ms 
670938     DEBUG main            d.u.i.k.p.r.p.TestFile    ... success: reloaded. 
670939     INFO  main            d.u.i.k.p.r.p.TestFile    Now processing file /home/runner/work/key/key/key.core/../key.ui/examples/heap/permissions/mulleretal/ReadWrite_doRead_contract.key 
670939     INFO  main            d.u.i.k.p.i.AbstractProblemLoader Loading environment from /home/runner/work/key/key/key.core/../key.ui/examples/heap/permissions/mulleretal/ReadWrite_doRead_contract.key 
670939     DEBUG main            d.u.i.k.p.i.AbstractProblemLoader Environment load took 68.6ns 
670940     INFO  main            d.u.i.k.p.i.AbstractProblemLoader Creating init config 
673487     DEBUG main            d.u.i.k.p.i.AbstractProblemLoader Init config took 2.55s 
673519     INFO  main            d.u.i.k.p.i.AbstractProblemLoader Replaying proof ReadWrite[ReadWrite::doRead()].JML normal_behavior operation contract.0 
673521     DEBUG main            d.u.i.k.p.i.IntermediateProofReplayer Proof replay took 3.1ns 
675127     INFO  main            d.u.i.k.p.r.p.TestFile    ... finished proof: closed. 
675756     INFO  main            d.u.i.k.p.i.AbstractProblemLoader Loading environment from /home/runner/work/key/key/key.core/../key.ui/examples/heap/permissions/mulleretal/ReadWrite_doRead_contract.key.proof 
675756     DEBUG main            d.u.i.k.p.i.AbstractProblemLoader Environment load took 402.4ns 
675757     INFO  main            d.u.i.k.p.i.AbstractProblemLoader Creating init config 
678330     DEBUG main            d.u.i.k.p.i.AbstractProblemLoader Init config took 2.57s 
678366     INFO  main            d.u.i.k.p.i.AbstractProblemLoader Replaying proof ReadWrite[ReadWrite::doRead()].JML normal_behavior operation contract.0 
678873     DEBUG main            d.u.i.k.p.i.IntermediateProofReplayer Proof replay took 496.8ms 
678874     DEBUG main            d.u.i.k.p.r.p.TestFile    ... success: reloaded. 
678875     INFO  main            d.u.i.k.p.r.p.TestFile    Now processing file /home/runner/work/key/key/key.core/../key.ui/examples/heap/permissions/mulleretal/ReadWrite_doWrite_contract.key 
678875     INFO  main            d.u.i.k.p.i.AbstractProblemLoader Loading environment from /home/runner/work/key/key/key.core/../key.ui/examples/heap/permissions/mulleretal/ReadWrite_doWrite_contract.key 
678875     DEBUG main            d.u.i.k.p.i.AbstractProblemLoader Environment load took 79ns 
678883     INFO  main            d.u.i.k.p.i.AbstractProblemLoader Creating init config 
681826     DEBUG main            d.u.i.k.p.i.AbstractProblemLoader Init config took 2.94s 
681879     INFO  main            d.u.i.k.p.i.AbstractProblemLoader Replaying proof ReadWrite[ReadWrite::doWrite()].JML normal_behavior operation contract.0 
681880     DEBUG main            d.u.i.k.p.i.IntermediateProofReplayer Proof replay took 3.2ns 
683726     INFO  main            d.u.i.k.p.r.p.TestFile    ... finished proof: closed. 
684331     INFO  main            d.u.i.k.p.i.AbstractProblemLoader Loading environment from /home/runner/work/key/key/key.core/../key.ui/examples/heap/permissions/mulleretal/ReadWrite_doWrite_contract.key.proof 
684332     DEBUG main            d.u.i.k.p.i.AbstractProblemLoader Environment load took 321.8ns 
684333     INFO  main            d.u.i.k.p.i.AbstractProblemLoader Creating init config 
686926     DEBUG main            d.u.i.k.p.i.AbstractProblemLoader Init config took 2.59s 
686958     INFO  main            d.u.i.k.p.i.AbstractProblemLoader Replaying proof ReadWrite[ReadWrite::doWrite()].JML normal_behavior operation contract.0 
687437     DEBUG main            d.u.i.k.p.i.IntermediateProofReplayer Proof replay took 472.97ms 
687438     DEBUG main            d.u.i.k.p.r.p.TestFile    ... success: reloaded. 
687439     INFO  main            d.u.i.k.p.r.p.TestFile    Now processing file /home/runner/work/key/key/key.core/../key.ui/examples/heap/permissions/mulleretal/ReadWrite_read_contract.key 
687440     INFO  main            d.u.i.k.p.i.AbstractProblemLoader Loading environment from /home/runner/work/key/key/key.core/../key.ui/examples/heap/permissions/mulleretal/ReadWrite_read_contract.key 
687440     DEBUG main            d.u.i.k.p.i.AbstractProblemLoader Environment load took 152.1ns 
687441     INFO  main            d.u.i.k.p.i.AbstractProblemLoader Creating init config 
690165     DEBUG main            d.u.i.k.p.i.AbstractProblemLoader Init config took 2.72s 
690199     INFO  main            d.u.i.k.p.i.AbstractProblemLoader Replaying proof ReadWrite[ReadWrite::read()].JML normal_behavior operation contract.0 
690200     DEBUG main            d.u.i.k.p.i.IntermediateProofReplayer Proof replay took 3.2ns 
690302     INFO  main            d.u.i.k.p.r.p.TestFile    ... finished proof: closed. 
690879     INFO  main            d.u.i.k.p.i.AbstractProblemLoader Loading environment from /home/runner/work/key/key/key.core/../key.ui/examples/heap/permissions/mulleretal/ReadWrite_read_contract.key.proof 
690879     DEBUG main            d.u.i.k.p.i.AbstractProblemLoader Environment load took 82ns 
690880     INFO  main            d.u.i.k.p.i.AbstractProblemLoader Creating init config 
693399     DEBUG main            d.u.i.k.p.i.AbstractProblemLoader Init config took 2.52s 
693430     INFO  main            d.u.i.k.p.i.AbstractProblemLoader Replaying proof ReadWrite[ReadWrite::read()].JML normal_behavior operation contract.0 
693438     DEBUG main            d.u.i.k.p.i.IntermediateProofReplayer Proof replay took 6.56ms 
693439     DEBUG main            d.u.i.k.p.r.p.TestFile    ... success: reloaded. 
693439     INFO  main            d.u.i.k.p.r.p.TestFile    Now processing file /home/runner/work/key/key/key.core/../key.ui/examples/heap/permissions/mulleretal/ReadWrite_write_contract.key 
693440     INFO  main            d.u.i.k.p.i.AbstractProblemLoader Loading environment from /home/runner/work/key/key/key.core/../key.ui/examples/heap/permissions/mulleretal/ReadWrite_write_contract.key 
693440     DEBUG main            d.u.i.k.p.i.AbstractProblemLoader Environment load took 58.1ns 
693440     INFO  main            d.u.i.k.p.i.AbstractProblemLoader Creating init config 
696289     DEBUG main            d.u.i.k.p.i.AbstractProblemLoader Init config took 2.85s 
696324     INFO  main            d.u.i.k.p.i.AbstractProblemLoader Replaying proof ReadWrite[ReadWrite::write()].JML normal_behavior operation contract.0 
696330     DEBUG main            d.u.i.k.p.i.IntermediateProofReplayer Proof replay took 3.4ns 
696532     INFO  main            d.u.i.k.p.r.p.TestFile    ... finished proof: closed. 
697150     INFO  main            d.u.i.k.p.i.AbstractProblemLoader Loading environment from /home/runner/work/key/key/key.core/../key.ui/examples/heap/permissions/mulleretal/ReadWrite_write_contract.key.proof 
697150     DEBUG main            d.u.i.k.p.i.AbstractProblemLoader Environment load took 81.4ns 
697151     INFO  main            d.u.i.k.p.i.AbstractProblemLoader Creating init config 
699670     DEBUG main            d.u.i.k.p.i.AbstractProblemLoader Init config took 2.52s 
699704     INFO  main            d.u.i.k.p.i.AbstractProblemLoader Replaying proof ReadWrite[ReadWrite::write()].JML normal_behavior operation contract.0 
699731     DEBUG main            d.u.i.k.p.i.IntermediateProofReplayer Proof replay took 25.9ms 
699732     DEBUG main            d.u.i.k.p.r.p.TestFile    ... success: reloaded. 
699732     INFO  main            d.u.i.k.p.r.p.TestFile    Now processing file /home/runner/work/key/key/key.core/../key.ui/examples/heap/permissions/mulleretal/ReadWrite_inv1_accessible.key 
699733     INFO  main            d.u.i.k.p.i.AbstractProblemLoader Loading environment from /home/runner/work/key/key/key.core/../key.ui/examples/heap/permissions/mulleretal/ReadWrite_inv1_accessible.key 
699733     DEBUG main            d.u.i.k.p.i.AbstractProblemLoader Environment load took 46.6ns 
699733     INFO  main            d.u.i.k.p.i.AbstractProblemLoader Creating init config 
702356     DEBUG main            d.u.i.k.p.i.AbstractProblemLoader Init config took 2.62s 
702392     INFO  main            d.u.i.k.p.i.AbstractProblemLoader Replaying proof ReadWrite[java.lang.Object::<inv>()].JML accessible clause.0 
702394     DEBUG main            d.u.i.k.p.i.IntermediateProofReplayer Proof replay took 4.1ns 
702495     INFO  main            d.u.i.k.p.r.p.TestFile    ... finished proof: closed. 
703077     INFO  main            d.u.i.k.p.i.AbstractProblemLoader Loading environment from /home/runner/work/key/key/key.core/../key.ui/examples/heap/permissions/mulleretal/ReadWrite_inv1_accessible.key.proof 
703077     DEBUG main            d.u.i.k.p.i.AbstractProblemLoader Environment load took 79ns 
703078     INFO  main            d.u.i.k.p.i.AbstractProblemLoader Creating init config 
705583     DEBUG main            d.u.i.k.p.i.AbstractProblemLoader Init config took 2.51s 
705614     INFO  main            d.u.i.k.p.i.AbstractProblemLoader Replaying proof ReadWrite[java.lang.Object::<inv>()].JML accessible clause.0 
705617     DEBUG main            d.u.i.k.p.i.IntermediateProofReplayer Proof replay took 1.55ms 
705617     DEBUG main            d.u.i.k.p.r.p.TestFile    ... success: reloaded. 
705618     INFO  main            d.u.i.k.p.r.p.TestFile    Now processing file /home/runner/work/key/key/key.core/../key.ui/examples/heap/permissions/mulleretal/ReadWrite_inv2_accessible.key 
705618     INFO  main            d.u.i.k.p.i.AbstractProblemLoader Loading environment from /home/runner/work/key/key/key.core/../key.ui/examples/heap/permissions/mulleretal/ReadWrite_inv2_accessible.key 
705618     DEBUG main            d.u.i.k.p.i.AbstractProblemLoader Environment load took 44.1ns 
705619     INFO  main            d.u.i.k.p.i.AbstractProblemLoader Creating init config 
708231     DEBUG main            d.u.i.k.p.i.AbstractProblemLoader Init config took 2.61s 
708267     INFO  main            d.u.i.k.p.i.AbstractProblemLoader Replaying proof ReadWrite[java.lang.Object::<inv>()].JML accessible clause.1 
708268     DEBUG main            d.u.i.k.p.i.IntermediateProofReplayer Proof replay took 4.4ns 
708386     INFO  main            d.u.i.k.p.r.p.TestFile    ... finished proof: closed. 
708977     INFO  main            d.u.i.k.p.i.AbstractProblemLoader Loading environment from /home/runner/work/key/key/key.core/../key.ui/examples/heap/permissions/mulleretal/ReadWrite_inv2_accessible.key.proof 
708977     DEBUG main            d.u.i.k.p.i.AbstractProblemLoader Environment load took 82.7ns 
708978     INFO  main            d.u.i.k.p.i.AbstractProblemLoader Creating init config 
711499     DEBUG main            d.u.i.k.p.i.AbstractProblemLoader Init config took 2.52s 
711529     INFO  main            d.u.i.k.p.i.AbstractProblemLoader Replaying proof ReadWrite[java.lang.Object::<inv>()].JML accessible clause.1 
711532     DEBUG main            d.u.i.k.p.i.IntermediateProofReplayer Proof replay took 1.52ms 
711533     DEBUG main            d.u.i.k.p.r.p.TestFile    ... success: reloaded. 
711533     INFO  main            d.u.i.k.p.r.p.TestFile    Now processing file /home/runner/work/key/key/key.core/../key.ui/examples/heap/permissions/lockspec/Counter_lockConsistent_contract.key 
711534     INFO  main            d.u.i.k.p.i.AbstractProblemLoader Loading environment from /home/runner/work/key/key/key.core/../key.ui/examples/heap/permissions/lockspec/Counter_lockConsistent_contract.key 
711534     DEBUG main            d.u.i.k.p.i.AbstractProblemLoader Environment load took 43.5ns 
711534     INFO  main            d.u.i.k.p.i.AbstractProblemLoader Creating init config 
714849     DEBUG main            d.u.i.k.p.i.AbstractProblemLoader Init config took 3.32s 
714932     INFO  main            d.u.i.k.p.i.AbstractProblemLoader Replaying proof Counter[LockSpec::lockConsistent()].JML model_behavior operation contract.0 
714934     DEBUG main            d.u.i.k.p.i.IntermediateProofReplayer Proof replay took 3.1ns 
715940     INFO  main            d.u.i.k.p.r.p.TestFile    ... finished proof: closed. 
716539     INFO  main            d.u.i.k.p.i.AbstractProblemLoader Loading environment from /home/runner/work/key/key/key.core/../key.ui/examples/heap/permissions/lockspec/Counter_lockConsistent_contract.key.proof 
716539     DEBUG main            d.u.i.k.p.i.AbstractProblemLoader Environment load took 87.6ns 
716543     INFO  main            d.u.i.k.p.i.AbstractProblemLoader Creating init config 
719737     DEBUG main            d.u.i.k.p.i.AbstractProblemLoader Init config took 3.19s 
719788     INFO  main            d.u.i.k.p.i.AbstractProblemLoader Replaying proof Counter[LockSpec::lockConsistent()].JML model_behavior operation contract.0 
719970     DEBUG main            d.u.i.k.p.i.IntermediateProofReplayer Proof replay took 173.3ms 
719971     DEBUG main            d.u.i.k.p.r.p.TestFile    ... success: reloaded. 
719972     INFO  main            d.u.i.k.p.r.p.TestFile    Now processing file /home/runner/work/key/key/key.core/../key.ui/examples/heap/permissions/lockspec/Counter_increase_contract.key 
719972     INFO  main            d.u.i.k.p.i.AbstractProblemLoader Loading environment from /home/runner/work/key/key/key.core/../key.ui/examples/heap/permissions/lockspec/Counter_increase_contract.key 
719972     DEBUG main            d.u.i.k.p.i.AbstractProblemLoader Environment load took 183.6ns 
719973     INFO  main            d.u.i.k.p.i.AbstractProblemLoader Creating init config 
723288     DEBUG main            d.u.i.k.p.i.AbstractProblemLoader Init config took 3.32s 
723340     INFO  main            d.u.i.k.p.i.AbstractProblemLoader Replaying proof Counter[Counter::increase()].JML normal_behavior operation contract.0 
723347     DEBUG main            d.u.i.k.p.i.IntermediateProofReplayer Proof replay took 4.1ns 
725261     INFO  main            d.u.i.k.p.r.p.TestFile    ... finished proof: closed. 
725885     INFO  main            d.u.i.k.p.i.AbstractProblemLoader Loading environment from /home/runner/work/key/key/key.core/../key.ui/examples/heap/permissions/lockspec/Counter_increase_contract.key.proof 
725885     DEBUG main            d.u.i.k.p.i.AbstractProblemLoader Environment load took 91ns 
725886     INFO  main            d.u.i.k.p.i.AbstractProblemLoader Creating init config 
728916     DEBUG main            d.u.i.k.p.i.AbstractProblemLoader Init config took 3.03s 
728963     INFO  main            d.u.i.k.p.i.AbstractProblemLoader Replaying proof Counter[Counter::increase()].JML normal_behavior operation contract.0 
729368     DEBUG main            d.u.i.k.p.i.IntermediateProofReplayer Proof replay took 390.34ms 
729370     DEBUG main            d.u.i.k.p.r.p.TestFile    ... success: reloaded. 
729373     INFO  main            d.u.i.k.p.r.p.TestFile    Now processing file /home/runner/work/key/key/key.core/../key.ui/examples/heap/permissions/lockspec/Counter_fp_accessible.key 
729373     INFO  main            d.u.i.k.p.i.AbstractProblemLoader Loading environment from /home/runner/work/key/key/key.core/../key.ui/examples/heap/permissions/lockspec/Counter_fp_accessible.key 
729373     DEBUG main            d.u.i.k.p.i.AbstractProblemLoader Environment load took 156.1ns 
729374     INFO  main            d.u.i.k.p.i.AbstractProblemLoader Creating init config 
732419     DEBUG main            d.u.i.k.p.i.AbstractProblemLoader Init config took 3.04s 
732475     INFO  main            d.u.i.k.p.i.AbstractProblemLoader Replaying proof Counter[LockSpec::fp()].JML accessible clause.0 
732477     DEBUG main            d.u.i.k.p.i.IntermediateProofReplayer Proof replay took 3.7ns 
732578     INFO  main            d.u.i.k.p.r.p.TestFile    ... finished proof: closed. 
733188     INFO  main            d.u.i.k.p.i.AbstractProblemLoader Loading environment from /home/runner/work/key/key/key.core/../key.ui/examples/heap/permissions/lockspec/Counter_fp_accessible.key.proof 
733188     DEBUG main            d.u.i.k.p.i.AbstractProblemLoader Environment load took 79.2ns 
733189     INFO  main            d.u.i.k.p.i.AbstractProblemLoader Creating init config 
736170     DEBUG main            d.u.i.k.p.i.AbstractProblemLoader Init config took 2.98s 
736239     INFO  main            d.u.i.k.p.i.AbstractProblemLoader Replaying proof Counter[LockSpec::fp()].JML accessible clause.0 
736252     DEBUG main            d.u.i.k.p.i.IntermediateProofReplayer Proof replay took 10.85ms 
736253     DEBUG main            d.u.i.k.p.r.p.TestFile    ... success: reloaded. 
736254     INFO  main            d.u.i.k.p.r.p.TestFile    Now processing file /home/runner/work/key/key/key.core/../key.ui/examples/heap/permissions/lockspec/Counter_fpLock_accessible.key 
736254     INFO  main            d.u.i.k.p.i.AbstractProblemLoader Loading environment from /home/runner/work/key/key/key.core/../key.ui/examples/heap/permissions/lockspec/Counter_fpLock_accessible.key 
736254     DEBUG main            d.u.i.k.p.i.AbstractProblemLoader Environment load took 158ns 
736255     INFO  main            d.u.i.k.p.i.AbstractProblemLoader Creating init config 
739388     DEBUG main            d.u.i.k.p.i.AbstractProblemLoader Init config took 3.13s 
739468     INFO  main            d.u.i.k.p.i.AbstractProblemLoader Replaying proof Counter[LockSpec::fpLock()].JML accessible clause.0 
739469     DEBUG main            d.u.i.k.p.i.IntermediateProofReplayer Proof replay took 3.3ns 
739571     INFO  main            d.u.i.k.p.r.p.TestFile    ... finished proof: closed. 
740183     INFO  main            d.u.i.k.p.i.AbstractProblemLoader Loading environment from /home/runner/work/key/key/key.core/../key.ui/examples/heap/permissions/lockspec/Counter_fpLock_accessible.key.proof 
740184     DEBUG main            d.u.i.k.p.i.AbstractProblemLoader Environment load took 78.6ns 
740184     INFO  main            d.u.i.k.p.i.AbstractProblemLoader Creating init config 
743209     DEBUG main            d.u.i.k.p.i.AbstractProblemLoader Init config took 3.02s 
743276     INFO  main            d.u.i.k.p.i.AbstractProblemLoader Replaying proof Counter[LockSpec::fpLock()].JML accessible clause.0 
743287     DEBUG main            d.u.i.k.p.i.IntermediateProofReplayer Proof replay took 8.98ms 
743288     DEBUG main            d.u.i.k.p.r.p.TestFile    ... success: reloaded. 
743288     INFO  main            d.u.i.k.p.r.p.TestFile    Now processing file /home/runner/work/key/key/key.core/../key.ui/examples/heap/permissions/lockspec/Counter_fpPerm_accessible.key 
743289     INFO  main            d.u.i.k.p.i.AbstractProblemLoader Loading environment from /home/runner/work/key/key/key.core/../key.ui/examples/heap/permissions/lockspec/Counter_fpPerm_accessible.key 
743289     DEBUG main            d.u.i.k.p.i.AbstractProblemLoader Environment load took 160.4ns 
743290     INFO  main            d.u.i.k.p.i.AbstractProblemLoader Creating init config 
746414     DEBUG main            d.u.i.k.p.i.AbstractProblemLoader Init config took 3.12s 
746463     INFO  main            d.u.i.k.p.i.AbstractProblemLoader Replaying proof Counter[LockSpec::fpPerm()].JML accessible clause.0 
746464     DEBUG main            d.u.i.k.p.i.IntermediateProofReplayer Proof replay took 2.9ns 
746566     INFO  main            d.u.i.k.p.r.p.TestFile    ... finished proof: closed. 
747186     INFO  main            d.u.i.k.p.i.AbstractProblemLoader Loading environment from /home/runner/work/key/key/key.core/../key.ui/examples/heap/permissions/lockspec/Counter_fpPerm_accessible.key.proof 
747187     DEBUG main            d.u.i.k.p.i.AbstractProblemLoader Environment load took 80.3ns 
747187     INFO  main            d.u.i.k.p.i.AbstractProblemLoader Creating init config 
750218     DEBUG main            d.u.i.k.p.i.AbstractProblemLoader Init config took 3.03s 
750267     INFO  main            d.u.i.k.p.i.AbstractProblemLoader Replaying proof Counter[LockSpec::fpPerm()].JML accessible clause.0 
750277     DEBUG main            d.u.i.k.p.i.IntermediateProofReplayer Proof replay took 6.94ms 
750278     DEBUG main            d.u.i.k.p.r.p.TestFile    ... success: reloaded. 
750279     INFO  main            d.u.i.k.p.r.p.TestFile    Now processing file /home/runner/work/key/key/key.core/../key.ui/examples/heap/permissions/lockspec/Counter_inv_accessible1.key 
750279     INFO  main            d.u.i.k.p.i.AbstractProblemLoader Loading environment from /home/runner/work/key/key/key.core/../key.ui/examples/heap/permissions/lockspec/Counter_inv_accessible1.key 
750279     DEBUG main            d.u.i.k.p.i.AbstractProblemLoader Environment load took 153.2ns 
750280     INFO  main            d.u.i.k.p.i.AbstractProblemLoader Creating init config 
753460     DEBUG main            d.u.i.k.p.i.AbstractProblemLoader Init config took 3.18s 
753507     INFO  main            d.u.i.k.p.i.AbstractProblemLoader Replaying proof Counter[java.lang.Object::<inv>()].JML accessible clause.0 
753509     DEBUG main            d.u.i.k.p.i.IntermediateProofReplayer Proof replay took 3.3ns 
753610     INFO  main            d.u.i.k.p.r.p.TestFile    ... finished proof: closed. 
754241     INFO  main            d.u.i.k.p.i.AbstractProblemLoader Loading environment from /home/runner/work/key/key/key.core/../key.ui/examples/heap/permissions/lockspec/Counter_inv_accessible1.key.proof 
754241     DEBUG main            d.u.i.k.p.i.AbstractProblemLoader Environment load took 76.5ns 
754242     INFO  main            d.u.i.k.p.i.AbstractProblemLoader Creating init config 
757255     DEBUG main            d.u.i.k.p.i.AbstractProblemLoader Init config took 3.01s 
757305     INFO  main            d.u.i.k.p.i.AbstractProblemLoader Replaying proof Counter[java.lang.Object::<inv>()].JML accessible clause.0 
757316     DEBUG main            d.u.i.k.p.i.IntermediateProofReplayer Proof replay took 9.25ms 
757317     DEBUG main            d.u.i.k.p.r.p.TestFile    ... success: reloaded. 
757318     INFO  main            d.u.i.k.p.r.p.TestFile    Now processing file /home/runner/work/key/key/key.core/../key.ui/examples/heap/permissions/lockspec/Counter_inv_accessible2.key 
757318     INFO  main            d.u.i.k.p.i.AbstractProblemLoader Loading environment from /home/runner/work/key/key/key.core/../key.ui/examples/heap/permissions/lockspec/Counter_inv_accessible2.key 
757318     DEBUG main            d.u.i.k.p.i.AbstractProblemLoader Environment load took 206.6ns 
757319     INFO  main            d.u.i.k.p.i.AbstractProblemLoader Creating init config 
760319     DEBUG main            d.u.i.k.p.i.AbstractProblemLoader Init config took 3s 
760368     INFO  main            d.u.i.k.p.i.AbstractProblemLoader Replaying proof Counter[java.lang.Object::<inv>()].JML accessible clause.1 
760369     DEBUG main            d.u.i.k.p.i.IntermediateProofReplayer Proof replay took 3.2ns 
760471     INFO  main            d.u.i.k.p.r.p.TestFile    ... finished proof: closed. 
761125     INFO  main            d.u.i.k.p.i.AbstractProblemLoader Loading environment from /home/runner/work/key/key/key.core/../key.ui/examples/heap/permissions/lockspec/Counter_inv_accessible2.key.proof 
761125     DEBUG main            d.u.i.k.p.i.AbstractProblemLoader Environment load took 82.7ns 
761126     INFO  main            d.u.i.k.p.i.AbstractProblemLoader Creating init config 
764136     DEBUG main            d.u.i.k.p.i.AbstractProblemLoader Init config took 3.01s 
764186     INFO  main            d.u.i.k.p.i.AbstractProblemLoader Replaying proof Counter[java.lang.Object::<inv>()].JML accessible clause.1 
764197     DEBUG main            d.u.i.k.p.i.IntermediateProofReplayer Proof replay took 9.03ms 
764198     DEBUG main            d.u.i.k.p.r.p.TestFile    ... success: reloaded. 
764198     INFO  main            d.u.i.k.p.r.p.TestFile    Now processing file /home/runner/work/key/key/key.core/../key.ui/examples/heap/permissions/lockspec/Counter_lockRef_accessible.key 
764199     INFO  main            d.u.i.k.p.i.AbstractProblemLoader Loading environment from /home/runner/work/key/key/key.core/../key.ui/examples/heap/permissions/lockspec/Counter_lockRef_accessible.key 
764199     DEBUG main            d.u.i.k.p.i.AbstractProblemLoader Environment load took 160.9ns 
764200     INFO  main            d.u.i.k.p.i.AbstractProblemLoader Creating init config 
767200     DEBUG main            d.u.i.k.p.i.AbstractProblemLoader Init config took 3s 
767277     INFO  main            d.u.i.k.p.i.AbstractProblemLoader Replaying proof Counter[LockSpec::lockRef()].JML accessible clause.0 
767278     DEBUG main            d.u.i.k.p.i.IntermediateProofReplayer Proof replay took 4.2ns 
767581     INFO  main            d.u.i.k.p.r.p.TestFile    ... finished proof: closed. 
768225     INFO  main            d.u.i.k.p.i.AbstractProblemLoader Loading environment from /home/runner/work/key/key/key.core/../key.ui/examples/heap/permissions/lockspec/Counter_lockRef_accessible.key.proof 
768225     DEBUG main            d.u.i.k.p.i.AbstractProblemLoader Environment load took 75.5ns 
768226     INFO  main            d.u.i.k.p.i.AbstractProblemLoader Creating init config 
771198     DEBUG main            d.u.i.k.p.i.AbstractProblemLoader Init config took 2.97s 
771254     INFO  main            d.u.i.k.p.i.AbstractProblemLoader Replaying proof Counter[LockSpec::lockRef()].JML accessible clause.0 
771296     DEBUG main            d.u.i.k.p.i.IntermediateProofReplayer Proof replay took 39.11ms 
771297     DEBUG main            d.u.i.k.p.r.p.TestFile    ... success: reloaded. 
771298     INFO  main            d.u.i.k.p.r.p.TestFile    Now processing file /home/runner/work/key/key/key.core/../key.ui/examples/heap/permissions/lockspec/Counter_lockRef_contract1.key 
771299     INFO  main            d.u.i.k.p.i.AbstractProblemLoader Loading environment from /home/runner/work/key/key/key.core/../key.ui/examples/heap/permissions/lockspec/Counter_lockRef_contract1.key 
771299     DEBUG main            d.u.i.k.p.i.AbstractProblemLoader Environment load took 173.3ns 
771300     INFO  main            d.u.i.k.p.i.AbstractProblemLoader Creating init config 
774389     DEBUG main            d.u.i.k.p.i.AbstractProblemLoader Init config took 3.09s 
774438     INFO  main            d.u.i.k.p.i.AbstractProblemLoader Replaying proof Counter[LockSpec::lockRef()].JML model_behavior operation contract.0 
774439     DEBUG main            d.u.i.k.p.i.IntermediateProofReplayer Proof replay took 3ns 
774541     INFO  main            d.u.i.k.p.r.p.TestFile    ... finished proof: closed. 
775182     INFO  main            d.u.i.k.p.i.AbstractProblemLoader Loading environment from /home/runner/work/key/key/key.core/../key.ui/examples/heap/permissions/lockspec/Counter_lockRef_contract1.key.proof 
775182     DEBUG main            d.u.i.k.p.i.AbstractProblemLoader Environment load took 82.4ns 
775183     INFO  main            d.u.i.k.p.i.AbstractProblemLoader Creating init config 
778168     DEBUG main            d.u.i.k.p.i.AbstractProblemLoader Init config took 2.98s 
778225     INFO  main            d.u.i.k.p.i.AbstractProblemLoader Replaying proof Counter[LockSpec::lockRef()].JML model_behavior operation contract.0 
778230     DEBUG main            d.u.i.k.p.i.IntermediateProofReplayer Proof replay took 3.87ms 
778231     DEBUG main            d.u.i.k.p.r.p.TestFile    ... success: reloaded. 
778232     INFO  main            d.u.i.k.p.r.p.TestFile    Now processing file /home/runner/work/key/key/key.core/../key.ui/examples/heap/permissions/lockspec/Counter_lockRef_contract2.key 
778232     INFO  main            d.u.i.k.p.i.AbstractProblemLoader Loading environment from /home/runner/work/key/key/key.core/../key.ui/examples/heap/permissions/lockspec/Counter_lockRef_contract2.key 
778232     DEBUG main            d.u.i.k.p.i.AbstractProblemLoader Environment load took 159.4ns 
778233     INFO  main            d.u.i.k.p.i.AbstractProblemLoader Creating init config 
781380     DEBUG main            d.u.i.k.p.i.AbstractProblemLoader Init config took 3.15s 
781429     INFO  main            d.u.i.k.p.i.AbstractProblemLoader Replaying proof Counter[Counter::lockRef()].JML model_behavior operation contract.0 
781430     DEBUG main            d.u.i.k.p.i.IntermediateProofReplayer Proof replay took 3.5ns 
781532     INFO  main            d.u.i.k.p.r.p.TestFile    ... finished proof: closed. 
782183     INFO  main            d.u.i.k.p.i.AbstractProblemLoader Loading environment from /home/runner/work/key/key/key.core/../key.ui/examples/heap/permissions/lockspec/Counter_lockRef_contract2.key.proof 
782183     DEBUG main            d.u.i.k.p.i.AbstractProblemLoader Environment load took 81.3ns 
782184     INFO  main            d.u.i.k.p.i.AbstractProblemLoader Creating init config 
785160     DEBUG main            d.u.i.k.p.i.AbstractProblemLoader Init config took 2.98s 
785215     INFO  main            d.u.i.k.p.i.AbstractProblemLoader Replaying proof Counter[Counter::lockRef()].JML model_behavior operation contract.0 
785221     DEBUG main            d.u.i.k.p.i.IntermediateProofReplayer Proof replay took 3.89ms 
785222     DEBUG main            d.u.i.k.p.r.p.TestFile    ... success: reloaded. 
785222     INFO  main            d.u.i.k.p.r.p.TestFile    Now processing file /home/runner/work/key/key/key.core/../key.ui/examples/heap/permissions/lockspec/Counter_lockState_accessible.key 
785223     INFO  main            d.u.i.k.p.i.AbstractProblemLoader Loading environment from /home/runner/work/key/key/key.core/../key.ui/examples/heap/permissions/lockspec/Counter_lockState_accessible.key 
785223     DEBUG main            d.u.i.k.p.i.AbstractProblemLoader Environment load took 158.9ns 
785224     INFO  main            d.u.i.k.p.i.AbstractProblemLoader Creating init config 
788264     DEBUG main            d.u.i.k.p.i.AbstractProblemLoader Init config took 3.04s 
788312     INFO  main            d.u.i.k.p.i.AbstractProblemLoader Replaying proof Counter[LockSpec::lockState(boolean)].JML accessible clause.0 
788314     DEBUG main            d.u.i.k.p.i.IntermediateProofReplayer Proof replay took 3ns 
788616     INFO  main            d.u.i.k.p.r.p.TestFile    ... finished proof: closed. 
789277     INFO  main            d.u.i.k.p.i.AbstractProblemLoader Loading environment from /home/runner/work/key/key/key.core/../key.ui/examples/heap/permissions/lockspec/Counter_lockState_accessible.key.proof 
789278     DEBUG main            d.u.i.k.p.i.AbstractProblemLoader Environment load took 84.9ns 
789278     INFO  main            d.u.i.k.p.i.AbstractProblemLoader Creating init config 
792436     DEBUG main            d.u.i.k.p.i.AbstractProblemLoader Init config took 3.16s 
792492     INFO  main            d.u.i.k.p.i.AbstractProblemLoader Replaying proof Counter[LockSpec::lockState(boolean)].JML accessible clause.0 
792565     DEBUG main            d.u.i.k.p.i.IntermediateProofReplayer Proof replay took 69.59ms 
792566     DEBUG main            d.u.i.k.p.r.p.TestFile    ... success: reloaded. 
792567     INFO  main            d.u.i.k.p.r.p.TestFile    Now processing file /home/runner/work/key/key/key.core/../key.ui/examples/heap/permissions/lockspec/Counter_lockStatus_accessible.key 
792569     INFO  main            d.u.i.k.p.i.AbstractProblemLoader Loading environment from /home/runner/work/key/key/key.core/../key.ui/examples/heap/permissions/lockspec/Counter_lockStatus_accessible.key 
792570     DEBUG main            d.u.i.k.p.i.AbstractProblemLoader Environment load took 179.5ns 
792570     INFO  main            d.u.i.k.p.i.AbstractProblemLoader Creating init config 
795797     DEBUG main            d.u.i.k.p.i.AbstractProblemLoader Init config took 3.23s 
795867     INFO  main            d.u.i.k.p.i.AbstractProblemLoader Replaying proof Counter[LockSpec::lockStatus(boolean)].JML accessible clause.0 
795868     DEBUG main            d.u.i.k.p.i.IntermediateProofReplayer Proof replay took 3ns 
795970     INFO  main            d.u.i.k.p.r.p.TestFile    ... finished proof: closed. 
796633     INFO  main            d.u.i.k.p.i.AbstractProblemLoader Loading environment from /home/runner/work/key/key/key.core/../key.ui/examples/heap/permissions/lockspec/Counter_lockStatus_accessible.key.proof 
796633     DEBUG main            d.u.i.k.p.i.AbstractProblemLoader Environment load took 82.2ns 
796634     INFO  main            d.u.i.k.p.i.AbstractProblemLoader Creating init config 
799588     DEBUG main            d.u.i.k.p.i.AbstractProblemLoader Init config took 2.95s 
799648     INFO  main            d.u.i.k.p.i.AbstractProblemLoader Replaying proof Counter[LockSpec::lockStatus(boolean)].JML accessible clause.0 
799671     DEBUG main            d.u.i.k.p.i.IntermediateProofReplayer Proof replay took 20.8ms 
799672     DEBUG main            d.u.i.k.p.r.p.TestFile    ... success: reloaded. 
799673     INFO  main            d.u.i.k.p.r.p.TestFile    Now processing file /home/runner/work/key/key/key.core/../key.ui/examples/heap/permissions/lockspec/Counter_lockTransfer_accessible.key 
799673     INFO  main            d.u.i.k.p.i.AbstractProblemLoader Loading environment from /home/runner/work/key/key/key.core/../key.ui/examples/heap/permissions/lockspec/Counter_lockTransfer_accessible.key 
799673     DEBUG main            d.u.i.k.p.i.AbstractProblemLoader Environment load took 157.8ns 
799674     INFO  main            d.u.i.k.p.i.AbstractProblemLoader Creating init config 
802768     DEBUG main            d.u.i.k.p.i.AbstractProblemLoader Init config took 3.09s 
802817     INFO  main            d.u.i.k.p.i.AbstractProblemLoader Replaying proof Counter[LockSpec::lockTransfer()].JML accessible clause.0 
802819     DEBUG main            d.u.i.k.p.i.IntermediateProofReplayer Proof replay took 3.5ns 
803121     INFO  main            d.u.i.k.p.r.p.TestFile    ... finished proof: closed. 
803811     INFO  main            d.u.i.k.p.i.AbstractProblemLoader Loading environment from /home/runner/work/key/key/key.core/../key.ui/examples/heap/permissions/lockspec/Counter_lockTransfer_accessible.key.proof 
803811     DEBUG main            d.u.i.k.p.i.AbstractProblemLoader Environment load took 94.5ns 
803812     INFO  main            d.u.i.k.p.i.AbstractProblemLoader Creating init config 
806791     DEBUG main            d.u.i.k.p.i.AbstractProblemLoader Init config took 2.98s 
806856     INFO  main            d.u.i.k.p.i.AbstractProblemLoader Replaying proof Counter[LockSpec::lockTransfer()].JML accessible clause.0 
806919     DEBUG main            d.u.i.k.p.i.IntermediateProofReplayer Proof replay took 59.73ms 
806920     DEBUG main            d.u.i.k.p.r.p.TestFile    ... success: reloaded. 
806921     INFO  main            d.u.i.k.p.r.p.TestFile    Now processing file /home/runner/work/key/key/key.core/../key.ui/examples/heap/permissions/lockspec/Counter_unlockTransfer_accessible.key 
806922     INFO  main            d.u.i.k.p.i.AbstractProblemLoader Loading environment from /home/runner/work/key/key/key.core/../key.ui/examples/heap/permissions/lockspec/Counter_unlockTransfer_accessible.key 
806922     DEBUG main            d.u.i.k.p.i.AbstractProblemLoader Environment load took 162.7ns 
806923     INFO  main            d.u.i.k.p.i.AbstractProblemLoader Creating init config 
810040     DEBUG main            d.u.i.k.p.i.AbstractProblemLoader Init config took 3.12s 
810097     INFO  main            d.u.i.k.p.i.AbstractProblemLoader Replaying proof Counter[LockSpec::unlockTransfer()].JML accessible clause.0 
810099     DEBUG main            d.u.i.k.p.i.IntermediateProofReplayer Proof replay took 3.8ns 
810401     INFO  main            d.u.i.k.p.r.p.TestFile    ... finished proof: closed. 
811101     INFO  main            d.u.i.k.p.i.AbstractProblemLoader Loading environment from /home/runner/work/key/key/key.core/../key.ui/examples/heap/permissions/lockspec/Counter_unlockTransfer_accessible.key.proof 
811101     DEBUG main            d.u.i.k.p.i.AbstractProblemLoader Environment load took 81ns 
811102     INFO  main            d.u.i.k.p.i.AbstractProblemLoader Creating init config 
814094     DEBUG main            d.u.i.k.p.i.AbstractProblemLoader Init config took 2.99s 
814150     INFO  main            d.u.i.k.p.i.AbstractProblemLoader Replaying proof Counter[LockSpec::unlockTransfer()].JML accessible clause.0 
814217     DEBUG main            d.u.i.k.p.i.IntermediateProofReplayer Proof replay took 62.97ms 
814218     DEBUG main            d.u.i.k.p.r.p.TestFile    ... success: reloaded. 
814218     INFO  main            d.u.i.k.p.r.p.TestFile    Now processing file /home/runner/work/key/key/key.core/../key.ui/examples/heap/permissions/threads/Plotter_startTransfer_contract.proof 
814219     INFO  main            d.u.i.k.p.i.AbstractProblemLoader Loading environment from /home/runner/work/key/key/key.core/../key.ui/examples/heap/permissions/threads/Plotter_startTransfer_contract.proof 
814219     DEBUG main            d.u.i.k.p.i.AbstractProblemLoader Environment load took 150.8ns 
814220     INFO  main            d.u.i.k.p.i.AbstractProblemLoader Creating init config 
818856     DEBUG main            d.u.i.k.p.i.AbstractProblemLoader Init config took 4.64s 
818991     INFO  main            d.u.i.k.p.i.AbstractProblemLoader Replaying proof Plotter[ThreadSpec2::startTransfer()].JML model_behavior operation contract.0 
819087     DEBUG main            d.u.i.k.p.i.IntermediateProofReplayer Proof replay took 88.24ms 
819097     INFO  main            d.u.i.k.p.r.p.TestFile    ... success: loaded 
819098     INFO  main            d.u.i.k.p.r.p.TestFile    Now processing file /home/runner/work/key/key/key.core/../key.ui/examples/heap/permissions/threads/Plotter_startTransfer_accessible.proof 
819098     INFO  main            d.u.i.k.p.i.AbstractProblemLoader Loading environment from /home/runner/work/key/key/key.core/../key.ui/examples/heap/permissions/threads/Plotter_startTransfer_accessible.proof 
819098     DEBUG main            d.u.i.k.p.i.AbstractProblemLoader Environment load took 157.8ns 
819099     INFO  main            d.u.i.k.p.i.AbstractProblemLoader Creating init config 
823901     DEBUG main            d.u.i.k.p.i.AbstractProblemLoader Init config took 4.8s 
824018     INFO  main            d.u.i.k.p.i.AbstractProblemLoader Replaying proof Plotter[ThreadSpec2::startTransfer()].JML accessible clause.0 
824181     DEBUG main            d.u.i.k.p.i.IntermediateProofReplayer Proof replay took 151.11ms 
824182     INFO  main            d.u.i.k.p.r.p.TestFile    ... success: loaded 
824183     INFO  main            d.u.i.k.p.r.p.TestFile    Now processing file /home/runner/work/key/key/key.core/../key.ui/examples/heap/permissions/threads/Plotter_joinTransfer_accessible.proof 
824187     INFO  main            d.u.i.k.p.i.AbstractProblemLoader Loading environment from /home/runner/work/key/key/key.core/../key.ui/examples/heap/permissions/threads/Plotter_joinTransfer_accessible.proof 
824188     DEBUG main            d.u.i.k.p.i.AbstractProblemLoader Environment load took 175.5ns 
824189     INFO  main            d.u.i.k.p.i.AbstractProblemLoader Creating init config 
828888     DEBUG main            d.u.i.k.p.i.AbstractProblemLoader Init config took 4.7s 
828980     INFO  main            d.u.i.k.p.i.AbstractProblemLoader Replaying proof Plotter[ThreadSpec2::joinTransfer()].JML accessible clause.0 
828988     WARN  main            d.u.i.k.p.i.IntermediateProofReplayer Proof contains wrong number of \assumes instatiations for Definition_axiom_for_stateInv_in_Plotter 
828990     WARN  main            d.u.i.k.p.i.IntermediateProofReplayer Proof contains wrong number of \assumes instatiations for Definition_axiom_for_stateInv_in_Plotter 
828992     WARN  main            d.u.i.k.p.i.IntermediateProofReplayer Proof contains wrong number of \assumes instatiations for Definition_axiom_for_workingPermissions_in_Plotter 
828993     WARN  main            d.u.i.k.p.i.IntermediateProofReplayer Proof contains wrong number of \assumes instatiations for Definition_axiom_for_staticPermissions_in_Plotter 
828993     WARN  main            d.u.i.k.p.i.IntermediateProofReplayer Proof contains wrong number of \assumes instatiations for Definition_axiom_for_joinTransfer_in_Plotter 
828995     WARN  main            d.u.i.k.p.i.IntermediateProofReplayer Proof contains wrong number of \assumes instatiations for Definition_axiom_for_stateInv_in_BFilter 
828997     WARN  main            d.u.i.k.p.i.IntermediateProofReplayer Proof contains wrong number of \assumes instatiations for Definition_axiom_for_stateInv_in_AFilter 
828998     WARN  main            d.u.i.k.p.i.IntermediateProofReplayer Proof contains wrong number of \assumes instatiations for Definition_axiom_for_stateInv_in_BFilter 
829000     WARN  main            d.u.i.k.p.i.IntermediateProofReplayer Proof contains wrong number of \assumes instatiations for Definition_axiom_for_stateInv_in_AFilter 
829001     WARN  main            d.u.i.k.p.i.IntermediateProofReplayer Proof contains wrong number of \assumes instatiations for Definition_axiom_for_staticPermissions_in_AFilter 
829002     WARN  main            d.u.i.k.p.i.IntermediateProofReplayer Proof contains wrong number of \assumes instatiations for Definition_axiom_for_staticPermissions_in_Plotter 
829003     WARN  main            d.u.i.k.p.i.IntermediateProofReplayer Proof contains wrong number of \assumes instatiations for Definition_axiom_for_staticPermissions_in_BFilter 
829004     WARN  main            d.u.i.k.p.i.IntermediateProofReplayer Proof contains wrong number of \assumes instatiations for Definition_axiom_for_workingPermissions_in_Plotter 
829004     WARN  main            d.u.i.k.p.i.IntermediateProofReplayer Proof contains wrong number of \assumes instatiations for Definition_axiom_for_stateInv_in_Sampler 
829005     WARN  main            d.u.i.k.p.i.IntermediateProofReplayer Proof contains wrong number of \assumes instatiations for Definition_axiom_for_stateInv_in_Sampler 
829006     WARN  main            d.u.i.k.p.i.IntermediateProofReplayer Proof contains wrong number of \assumes instatiations for Definition_axiom_for_staticPermissions_in_Sampler 
829006     WARN  main            d.u.i.k.p.i.IntermediateProofReplayer Proof contains wrong number of \assumes instatiations for Definition_axiom_for_staticPermissions_in_BFilter 
829007     WARN  main            d.u.i.k.p.i.IntermediateProofReplayer Proof contains wrong number of \assumes instatiations for Definition_axiom_for_staticPermissions_in_AFilter 
829008     WARN  main            d.u.i.k.p.i.IntermediateProofReplayer Proof contains wrong number of \assumes instatiations for Definition_axiom_for_staticPermissions_in_Sampler 
829008     WARN  main            d.u.i.k.p.i.IntermediateProofReplayer Proof contains wrong number of \assumes instatiations for Definition_axiom_for_staticPermissions_in_Sampler 
829009     WARN  main            d.u.i.k.p.i.IntermediateProofReplayer Proof contains wrong number of \assumes instatiations for Definition_axiom_for_staticPermissions_in_Sampler 
829010     WARN  main            d.u.i.k.p.i.IntermediateProofReplayer Proof contains wrong number of \assumes instatiations for Definition_axiom_for_joinTransfer_in_Plotter 
829091     DEBUG main            d.u.i.k.p.i.IntermediateProofReplayer Proof replay took 106.75ms 
829092     INFO  main            d.u.i.k.p.r.p.TestFile    ... success: loaded 
5041930    INFO  Test worker     d.u.i.k.p.r.RunAllProofsTestUnit Returning from test permissionHeap 
5041933    INFO  Test worker     d.u.i.k.p.r.RunAllProofsTestUnit Running test completionScopes 
364        INFO  Timeout watchdog d.u.i.k.p.r.p.ForkedTestFileRunner Timeout watcher launched (2000 secs.) 
392        WARN  main            d.u.i.k.s.ProofSettings   The settings in /home/runner/.key/proof-settings.props are *not* read. 
437        INFO  main            d.u.i.k.p.r.p.TestFile    Now processing file /home/runner/work/key/key/key.core/../key.ui/examples/completionscopes/testCcatchReturnVal.key 
550        INFO  main            d.u.i.k.p.i.AbstractProblemLoader Loading environment from /home/runner/work/key/key/key.core/../key.ui/examples/completionscopes/testCcatchReturnVal.key 
579        DEBUG main            d.u.i.k.p.i.AbstractProblemLoader Environment load took 1.84ms 
816        INFO  main            d.u.i.k.p.i.AbstractProblemLoader Creating init config 
1687       DEBUG main            d.u.i.k.j.TypeConverter   No LDT found for Meta 
1687       DEBUG main            d.u.i.k.j.TypeConverter   No LDT found for Meta 
1691       DEBUG main            d.u.i.k.j.TypeConverter   No LDT found for Meta 
1691       DEBUG main            d.u.i.k.j.TypeConverter   No LDT found for Meta 
3239       DEBUG main            d.u.i.k.j.TypeConverter   No LDT found for JavaBigintExpression 
8600       DEBUG main            d.u.i.k.p.i.AbstractProblemLoader Init config took 7.78s 
8728       INFO  main            d.u.i.k.p.i.AbstractProblemLoader Replaying proof CompletionScopes[CompletionScopes::testCcatchReturnVal()].JML normal_behavior operation contract.0 
8761       DEBUG main            d.u.i.k.p.i.IntermediateProofReplayer Proof replay took 32.8ns 
9289       INFO  main            d.u.i.k.p.r.p.TestFile    ... finished proof: closed. 
9391       INFO  main            d.u.i.k.p.i.AbstractProblemLoader Loading environment from /home/runner/work/key/key/key.core/../key.ui/examples/completionscopes/testCcatchReturnVal.key.proof 
9391       DEBUG main            d.u.i.k.p.i.AbstractProblemLoader Environment load took 405.2ns 
9393       INFO  main            d.u.i.k.p.i.AbstractProblemLoader Creating init config 
12314      DEBUG main            d.u.i.k.p.i.AbstractProblemLoader Init config took 2.92s 
12393      INFO  main            d.u.i.k.p.i.AbstractProblemLoader Replaying proof CompletionScopes[CompletionScopes::testCcatchReturnVal()].JML normal_behavior operation contract.0 
12429      DEBUG main            d.u.i.k.p.i.IntermediateProofReplayer Proof replay took 30.65ms 
12435      DEBUG main            d.u.i.k.p.r.p.TestFile    ... success: reloaded. 
12437      INFO  main            d.u.i.k.p.r.p.TestFile    Now processing file /home/runner/work/key/key/key.core/../key.ui/examples/completionscopes/testMultCcatchClauses.key 
12437      INFO  main            d.u.i.k.p.i.AbstractProblemLoader Loading environment from /home/runner/work/key/key/key.core/../key.ui/examples/completionscopes/testMultCcatchClauses.key 
12438      DEBUG main            d.u.i.k.p.i.AbstractProblemLoader Environment load took 207ns 
12440      INFO  main            d.u.i.k.p.i.AbstractProblemLoader Creating init config 
15249      DEBUG main            d.u.i.k.p.i.AbstractProblemLoader Init config took 2.81s 
15308      INFO  main            d.u.i.k.p.i.AbstractProblemLoader Replaying proof CompletionScopes[CompletionScopes::testMultCcatchClauses()].JML normal_behavior operation contract.0 
15310      DEBUG main            d.u.i.k.p.i.IntermediateProofReplayer Proof replay took 6.2ns 
15815      INFO  main            d.u.i.k.p.r.p.TestFile    ... finished proof: closed. 
15955      INFO  main            d.u.i.k.p.i.AbstractProblemLoader Loading environment from /home/runner/work/key/key/key.core/../key.ui/examples/completionscopes/testMultCcatchClauses.key.proof 
15956      DEBUG main            d.u.i.k.p.i.AbstractProblemLoader Environment load took 1.58ms 
15959      INFO  main            d.u.i.k.p.i.AbstractProblemLoader Creating init config 
18671      DEBUG main            d.u.i.k.p.i.AbstractProblemLoader Init config took 2.71s 
18724      INFO  main            d.u.i.k.p.i.AbstractProblemLoader Replaying proof CompletionScopes[CompletionScopes::testMultCcatchClauses()].JML normal_behavior operation contract.0 
18819      DEBUG main            d.u.i.k.p.i.IntermediateProofReplayer Proof replay took 91.65ms 
18821      DEBUG main            d.u.i.k.p.r.p.TestFile    ... success: reloaded. 
18822      INFO  main            d.u.i.k.p.r.p.TestFile    Now processing file /home/runner/work/key/key/key.core/../key.ui/examples/completionscopes/testNestedExec.key 
18822      INFO  main            d.u.i.k.p.i.AbstractProblemLoader Loading environment from /home/runner/work/key/key/key.core/../key.ui/examples/completionscopes/testNestedExec.key 
18822      DEBUG main            d.u.i.k.p.i.AbstractProblemLoader Environment load took 178.6ns 
18824      INFO  main            d.u.i.k.p.i.AbstractProblemLoader Creating init config 
21511      DEBUG main            d.u.i.k.p.i.AbstractProblemLoader Init config took 2.69s 
21565      INFO  main            d.u.i.k.p.i.AbstractProblemLoader Replaying proof CompletionScopes[CompletionScopes::testMultCcatchClauses()].JML normal_behavior operation contract.0 
21569      DEBUG main            d.u.i.k.p.i.IntermediateProofReplayer Proof replay took 6.8ns 
21872      INFO  main            d.u.i.k.p.r.p.TestFile    ... finished proof: closed. 
22020      INFO  main            d.u.i.k.p.i.AbstractProblemLoader Loading environment from /home/runner/work/key/key/key.core/../key.ui/examples/completionscopes/testNestedExec.key.proof 
22021      DEBUG main            d.u.i.k.p.i.AbstractProblemLoader Environment load took 371.2ns 
22022      INFO  main            d.u.i.k.p.i.AbstractProblemLoader Creating init config 
24633      DEBUG main            d.u.i.k.p.i.AbstractProblemLoader Init config took 2.61s 
24679      INFO  main            d.u.i.k.p.i.AbstractProblemLoader Replaying proof CompletionScopes[CompletionScopes::testMultCcatchClauses()].JML normal_behavior operation contract.0 
24748      DEBUG main            d.u.i.k.p.i.IntermediateProofReplayer Proof replay took 66.62ms 
24750      DEBUG main            d.u.i.k.p.r.p.TestFile    ... success: reloaded. 
24751      INFO  main            d.u.i.k.p.r.p.TestFile    Now processing file /home/runner/work/key/key/key.core/../key.ui/examples/completionscopes/testCcatchBreakLabel.key 
24751      INFO  main            d.u.i.k.p.i.AbstractProblemLoader Loading environment from /home/runner/work/key/key/key.core/../key.ui/examples/completionscopes/testCcatchBreakLabel.key 
24751      DEBUG main            d.u.i.k.p.i.AbstractProblemLoader Environment load took 177.7ns 
24753      INFO  main            d.u.i.k.p.i.AbstractProblemLoader Creating init config 
27386      DEBUG main            d.u.i.k.p.i.AbstractProblemLoader Init config took 2.63s 
27436      INFO  main            d.u.i.k.p.i.AbstractProblemLoader Replaying proof CompletionScopes[CompletionScopes::testBreakLabel()].JML normal_behavior operation contract.0 
27438      DEBUG main            d.u.i.k.p.i.IntermediateProofReplayer Proof replay took 7.4ns 
27459      DEBUG Thread-10       d.u.i.k.l.o.ProgramSV     Match failed: Former match of  SchemaVariable incompatible with  the current match. 
27541      INFO  main            d.u.i.k.p.r.p.TestFile    ... finished proof: closed. 
27688      INFO  main            d.u.i.k.p.i.AbstractProblemLoader Loading environment from /home/runner/work/key/key/key.core/../key.ui/examples/completionscopes/testCcatchBreakLabel.key.proof 
27689      DEBUG main            d.u.i.k.p.i.AbstractProblemLoader Environment load took 132.8ns 
27690      INFO  main            d.u.i.k.p.i.AbstractProblemLoader Creating init config 
30311      DEBUG main            d.u.i.k.p.i.AbstractProblemLoader Init config took 2.62s 
30374      INFO  main            d.u.i.k.p.i.AbstractProblemLoader Replaying proof CompletionScopes[CompletionScopes::testBreakLabel()].JML normal_behavior operation contract.0 
30384      DEBUG main            d.u.i.k.p.i.IntermediateProofReplayer Proof replay took 8.14ms 
30385      DEBUG main            d.u.i.k.p.r.p.TestFile    ... success: reloaded. 
30386      INFO  main            d.u.i.k.p.r.p.TestFile    Now processing file /home/runner/work/key/key/key.core/../key.ui/examples/completionscopes/testCcatchContinueLabel.key 
30386      INFO  main            d.u.i.k.p.i.AbstractProblemLoader Loading environment from /home/runner/work/key/key/key.core/../key.ui/examples/completionscopes/testCcatchContinueLabel.key 
30386      DEBUG main            d.u.i.k.p.i.AbstractProblemLoader Environment load took 91.6ns 
30387      INFO  main            d.u.i.k.p.i.AbstractProblemLoader Creating init config 
33024      DEBUG main            d.u.i.k.p.i.AbstractProblemLoader Init config took 2.64s 
33111      INFO  main            d.u.i.k.p.i.AbstractProblemLoader Replaying proof CompletionScopes[CompletionScopes::testContinueLabel()].JML normal_behavior operation contract.0 
33124      DEBUG main            d.u.i.k.p.i.IntermediateProofReplayer Proof replay took 174.2ns 
33173      DEBUG Thread-13       d.u.i.k.l.o.ProgramSV     Match failed: Former match of  SchemaVariable incompatible with  the current match. 
33229      INFO  main            d.u.i.k.p.r.p.TestFile    ... finished proof: closed. 
33417      INFO  main            d.u.i.k.p.i.AbstractProblemLoader Loading environment from /home/runner/work/key/key/key.core/../key.ui/examples/completionscopes/testCcatchContinueLabel.key.proof 
33417      DEBUG main            d.u.i.k.p.i.AbstractProblemLoader Environment load took 147.3ns 
33418      INFO  main            d.u.i.k.p.i.AbstractProblemLoader Creating init config 
36002      DEBUG main            d.u.i.k.p.i.AbstractProblemLoader Init config took 2.58s 
36044      INFO  main            d.u.i.k.p.i.AbstractProblemLoader Replaying proof CompletionScopes[CompletionScopes::testContinueLabel()].JML normal_behavior operation contract.0 
36056      DEBUG main            d.u.i.k.p.i.IntermediateProofReplayer Proof replay took 9.05ms 
36057      DEBUG main            d.u.i.k.p.r.p.TestFile    ... success: reloaded. 
36058      INFO  main            d.u.i.k.p.r.p.TestFile    Now processing file /home/runner/work/key/key/key.core/../key.ui/examples/completionscopes/testCcatchBreakLabelWildcard.key 
36058      INFO  main            d.u.i.k.p.i.AbstractProblemLoader Loading environment from /home/runner/work/key/key/key.core/../key.ui/examples/completionscopes/testCcatchBreakLabelWildcard.key 
36059      DEBUG main            d.u.i.k.p.i.AbstractProblemLoader Environment load took 223.5ns 
36060      INFO  main            d.u.i.k.p.i.AbstractProblemLoader Creating init config 
38660      DEBUG main            d.u.i.k.p.i.AbstractProblemLoader Init config took 2.6s 
38703      INFO  main            d.u.i.k.p.i.AbstractProblemLoader Replaying proof CompletionScopes[CompletionScopes::testBreakLabelWildcard()].JML normal_behavior operation contract.0 
38706      DEBUG main            d.u.i.k.p.i.IntermediateProofReplayer Proof replay took 6.4ns 
38724      DEBUG Thread-16       d.u.i.k.l.o.ProgramSV     Match failed: Former match of  SchemaVariable incompatible with  the current match. 
38725      DEBUG Thread-16       d.u.i.k.l.o.ProgramSV     Match failed: Former match of  SchemaVariable incompatible with  the current match. 
38811      INFO  main            d.u.i.k.p.r.p.TestFile    ... finished proof: closed. 
38971      INFO  main            d.u.i.k.p.i.AbstractProblemLoader Loading environment from /home/runner/work/key/key/key.core/../key.ui/examples/completionscopes/testCcatchBreakLabelWildcard.key.proof 
38971      DEBUG main            d.u.i.k.p.i.AbstractProblemLoader Environment load took 127ns 
38972      INFO  main            d.u.i.k.p.i.AbstractProblemLoader Creating init config 
41543      DEBUG main            d.u.i.k.p.i.AbstractProblemLoader Init config took 2.57s 
41583      INFO  main            d.u.i.k.p.i.AbstractProblemLoader Replaying proof CompletionScopes[CompletionScopes::testBreakLabelWildcard()].JML normal_behavior operation contract.0 
41593      DEBUG main            d.u.i.k.p.i.IntermediateProofReplayer Proof replay took 7.83ms 
41594      DEBUG main            d.u.i.k.p.r.p.TestFile    ... success: reloaded. 
41595      INFO  main            d.u.i.k.p.r.p.TestFile    Now processing file /home/runner/work/key/key/key.core/../key.ui/examples/completionscopes/testCcatchContinueLabelWildcard.key 
41595      INFO  main            d.u.i.k.p.i.AbstractProblemLoader Loading environment from /home/runner/work/key/key/key.core/../key.ui/examples/completionscopes/testCcatchContinueLabelWildcard.key 
41595      DEBUG main            d.u.i.k.p.i.AbstractProblemLoader Environment load took 108.6ns 
41596      INFO  main            d.u.i.k.p.i.AbstractProblemLoader Creating init config 
44227      DEBUG main            d.u.i.k.p.i.AbstractProblemLoader Init config took 2.63s 
44266      INFO  main            d.u.i.k.p.i.AbstractProblemLoader Replaying proof CompletionScopes[CompletionScopes::testContinueLabelWildcard()].JML normal_behavior operation contract.0 
44268      DEBUG main            d.u.i.k.p.i.IntermediateProofReplayer Proof replay took 6.6ns 
44289      DEBUG Thread-19       d.u.i.k.l.o.ProgramSV     Match failed: Former match of  SchemaVariable incompatible with  the current match. 
44290      DEBUG Thread-19       d.u.i.k.l.o.ProgramSV     Match failed: Former match of  SchemaVariable incompatible with  the current match. 
44373      INFO  main            d.u.i.k.p.r.p.TestFile    ... finished proof: closed. 
44551      INFO  main            d.u.i.k.p.i.AbstractProblemLoader Loading environment from /home/runner/work/key/key/key.core/../key.ui/examples/completionscopes/testCcatchContinueLabelWildcard.key.proof 
44551      DEBUG main            d.u.i.k.p.i.AbstractProblemLoader Environment load took 119.3ns 
44552      INFO  main            d.u.i.k.p.i.AbstractProblemLoader Creating init config 
47099      DEBUG main            d.u.i.k.p.i.AbstractProblemLoader Init config took 2.55s 
47146      INFO  main            d.u.i.k.p.i.AbstractProblemLoader Replaying proof CompletionScopes[CompletionScopes::testContinueLabelWildcard()].JML normal_behavior operation contract.0 
47158      DEBUG main            d.u.i.k.p.i.IntermediateProofReplayer Proof replay took 9.22ms 
47160      DEBUG main            d.u.i.k.p.r.p.TestFile    ... success: reloaded. 
47161      INFO  main            d.u.i.k.p.r.p.TestFile    Now processing file /home/runner/work/key/key/key.core/../key.ui/examples/completionscopes/testCcatchBreakLabelNonmatchingNested.key 
47161      INFO  main            d.u.i.k.p.i.AbstractProblemLoader Loading environment from /home/runner/work/key/key/key.core/../key.ui/examples/completionscopes/testCcatchBreakLabelNonmatchingNested.key 
47161      DEBUG main            d.u.i.k.p.i.AbstractProblemLoader Environment load took 218.2ns 
47163      INFO  main            d.u.i.k.p.i.AbstractProblemLoader Creating init config 
49759      DEBUG main            d.u.i.k.p.i.AbstractProblemLoader Init config took 2.6s 
49797      INFO  main            d.u.i.k.p.i.AbstractProblemLoader Replaying proof CompletionScopes[CompletionScopes::testBreakLabelNonmatchingNested()].JML normal_behavior operation contract.0 
49798      DEBUG main            d.u.i.k.p.i.IntermediateProofReplayer Proof replay took 7.4ns 
49814      DEBUG Thread-22       d.u.i.k.l.o.ProgramSV     Match failed: Former match of  SchemaVariable incompatible with  the current match. 
49815      DEBUG Thread-22       d.u.i.k.l.o.ProgramSV     Match failed: Former match of  SchemaVariable incompatible with  the current match. 
49901      INFO  main            d.u.i.k.p.r.p.TestFile    ... finished proof: closed. 
50067      INFO  main            d.u.i.k.p.i.AbstractProblemLoader Loading environment from /home/runner/work/key/key/key.core/../key.ui/examples/completionscopes/testCcatchBreakLabelNonmatchingNested.key.proof 
50068      DEBUG main            d.u.i.k.p.i.AbstractProblemLoader Environment load took 165.4ns 
50069      INFO  main            d.u.i.k.p.i.AbstractProblemLoader Creating init config 
52605      DEBUG main            d.u.i.k.p.i.AbstractProblemLoader Init config took 2.54s 
52644      INFO  main            d.u.i.k.p.i.AbstractProblemLoader Replaying proof CompletionScopes[CompletionScopes::testBreakLabelNonmatchingNested()].JML normal_behavior operation contract.0 
52655      DEBUG main            d.u.i.k.p.i.IntermediateProofReplayer Proof replay took 8.84ms 
52656      DEBUG main            d.u.i.k.p.r.p.TestFile    ... success: reloaded. 
5094764    INFO  Test worker     d.u.i.k.p.r.RunAllProofsTestUnit Returning from test completionScopes 
5094766    INFO  Test worker     d.u.i.k.p.r.RunAllProofsTestUnit Running test reload_examples 
344        INFO  Timeout watchdog d.u.i.k.p.r.p.ForkedTestFileRunner Timeout watcher launched (2000 secs.) 
351        WARN  main            d.u.i.k.s.ProofSettings   The settings in /home/runner/.key/proof-settings.props are *not* read. 
378        INFO  main            d.u.i.k.p.r.p.TestFile    Now processing file /home/runner/work/key/key/key.core/../key.ui/examples/firstTouch/05-ReverseArray/reverseArray.key 
483        INFO  main            d.u.i.k.p.i.AbstractProblemLoader Loading environment from /home/runner/work/key/key/key.core/../key.ui/examples/firstTouch/05-ReverseArray/reverseArray.key 
504        DEBUG main            d.u.i.k.p.i.AbstractProblemLoader Environment load took 2.48ms 
724        INFO  main            d.u.i.k.p.i.AbstractProblemLoader Creating init config 
1608       DEBUG main            d.u.i.k.j.TypeConverter   No LDT found for Meta 
1609       DEBUG main            d.u.i.k.j.TypeConverter   No LDT found for Meta 
1613       DEBUG main            d.u.i.k.j.TypeConverter   No LDT found for Meta 
1613       DEBUG main            d.u.i.k.j.TypeConverter   No LDT found for Meta 
2985       DEBUG main            d.u.i.k.j.TypeConverter   No LDT found for JavaBigintExpression 
7977       DEBUG main            d.u.i.k.p.i.AbstractProblemLoader Init config took 7.25s 
8098       INFO  main            d.u.i.k.p.i.AbstractProblemLoader Replaying proof ReverseArray[ReverseArray::reverse()].JML normal_behavior operation contract.0 
8159       DEBUG main            d.u.i.k.p.i.IntermediateProofReplayer Proof replay took 39.7ns 
19064      INFO  main            d.u.i.k.p.r.p.TestFile    ... finished proof: closed. 
19267      INFO  main            d.u.i.k.p.i.AbstractProblemLoader Loading environment from /home/runner/work/key/key/key.core/../key.ui/examples/firstTouch/05-ReverseArray/reverseArray.key.proof 
19268      DEBUG main            d.u.i.k.p.i.AbstractProblemLoader Environment load took 380.8ns 
19271      INFO  main            d.u.i.k.p.i.AbstractProblemLoader Creating init config 
22017      DEBUG main            d.u.i.k.p.i.AbstractProblemLoader Init config took 2.75s 
22084      INFO  main            d.u.i.k.p.i.AbstractProblemLoader Replaying proof ReverseArray[ReverseArray::reverse()].JML normal_behavior operation contract.0 
23385      DEBUG main            d.u.i.k.p.i.IntermediateProofReplayer Proof replay took 1.24s 
23400      DEBUG main            d.u.i.k.p.r.p.TestFile    ... success: reloaded. 
23405      INFO  main            d.u.i.k.p.r.p.TestFile    Now processing file /home/runner/work/key/key/key.core/../key.ui/examples/standard_key/arith/saveProofTest.key.proof 
23405      INFO  main            d.u.i.k.p.i.AbstractProblemLoader Loading environment from /home/runner/work/key/key/key.core/../key.ui/examples/standard_key/arith/saveProofTest.key.proof 
23406      DEBUG main            d.u.i.k.p.i.AbstractProblemLoader Environment load took 228.3ns 
23409      INFO  main            d.u.i.k.p.i.AbstractProblemLoader Creating init config 
25863      DEBUG main            d.u.i.k.p.i.AbstractProblemLoader Init config took 2.45s 
25889      INFO  main            d.u.i.k.p.i.AbstractProblemLoader Replaying proof saveProofTest.key.proof 
25896      DEBUG main            d.u.i.k.p.i.IntermediateProofReplayer Proof replay took 3.26ms 
25897      INFO  main            d.u.i.k.p.r.p.TestFile    ... success: loaded 
25898      INFO  main            d.u.i.k.p.r.p.TestFile    Now processing file /home/runner/work/key/key/key.core/../key.ui/examples/heap/permutedSum/perm.proof 
25899      INFO  main            d.u.i.k.p.i.AbstractProblemLoader Loading environment from /home/runner/work/key/key/key.core/../key.ui/examples/heap/permutedSum/perm.proof 
25899      DEBUG main            d.u.i.k.p.i.AbstractProblemLoader Environment load took 220.7ns 
25902      INFO  main            d.u.i.k.p.i.AbstractProblemLoader Creating init config 
28534      DEBUG main            d.u.i.k.p.i.AbstractProblemLoader Init config took 2.63s 
28601      INFO  main            d.u.i.k.p.i.AbstractProblemLoader Replaying proof Perm[Perm::foo()].JML normal_behavior operation contract.0 
29710      DEBUG main            d.u.i.k.p.i.IntermediateProofReplayer Proof replay took 1.06s 
29713      INFO  main            d.u.i.k.p.r.p.TestFile    ... success: loaded 
29714      INFO  main            d.u.i.k.p.r.p.TestFile    Now processing file /home/runner/work/key/key/key.core/../key.ui/examples/firstTouch/05-ReverseArray/reverseArray.proof 
29714      INFO  main            d.u.i.k.p.i.AbstractProblemLoader Loading environment from /home/runner/work/key/key/key.core/../key.ui/examples/firstTouch/05-ReverseArray/reverseArray.proof 
29715      DEBUG main            d.u.i.k.p.i.AbstractProblemLoader Environment load took 224.6ns 
29717      INFO  main            d.u.i.k.p.i.AbstractProblemLoader Creating init config 
32278      DEBUG main            d.u.i.k.p.i.AbstractProblemLoader Init config took 2.56s 
32315      INFO  main            d.u.i.k.p.i.AbstractProblemLoader Replaying proof ReverseArray[ReverseArray::reverse()].JML normal_behavior operation contract.0 
33354      DEBUG main            d.u.i.k.p.i.IntermediateProofReplayer Proof replay took 999.76ms 
33357      INFO  main            d.u.i.k.p.r.p.TestFile    ... success: loaded 
33359      INFO  main            d.u.i.k.p.r.p.TestFile    Now processing file /home/runner/work/key/key/key.core/../key.ui/examples/heap/verifyThis15_1_RelaxedPrefix/relax.proof 
33359      INFO  main            d.u.i.k.p.i.AbstractProblemLoader Loading environment from /home/runner/work/key/key/key.core/../key.ui/examples/heap/verifyThis15_1_RelaxedPrefix/relax.proof 
33359      DEBUG main            d.u.i.k.p.i.AbstractProblemLoader Environment load took 197.5ns 
33361      INFO  main            d.u.i.k.p.i.AbstractProblemLoader Creating init config 
35939      DEBUG main            d.u.i.k.p.i.AbstractProblemLoader Init config took 2.58s 
35984      INFO  main            d.u.i.k.p.i.AbstractProblemLoader Replaying proof Relaxed[Relaxed::isRelaxedPrefix([I,[I)].JML operation contract.0 
36470      DEBUG main            d.u.i.k.p.i.IntermediateProofReplayer Proof replay took 466.55ms 
36472      INFO  main            d.u.i.k.p.r.p.TestFile    ... success: loaded 
36473      INFO  main            d.u.i.k.p.r.p.TestFile    Now processing file /home/runner/work/key/key/key.core/../key.ui/examples/heap/verifyThis15_3_DLL/doUndo.proof 
36473      INFO  main            d.u.i.k.p.i.AbstractProblemLoader Loading environment from /home/runner/work/key/key/key.core/../key.ui/examples/heap/verifyThis15_3_DLL/doUndo.proof 
36474      DEBUG main            d.u.i.k.p.i.AbstractProblemLoader Environment load took 192.3ns 
36476      INFO  main            d.u.i.k.p.i.AbstractProblemLoader Creating init config 
37409      DEBUG main            d.u.i.k.j.r.ClassPreparationMethodBuilder clPrepBuilder: Inner Class detected. Reject building class initialisation methods. 
39244      DEBUG main            d.u.i.k.p.i.AbstractProblemLoader Init config took 2.77s 
39318      INFO  main            d.u.i.k.p.i.AbstractProblemLoader Replaying proof DoubleLinkedList[DoubleLinkedList::doUndo(DoubleLinkedList.Node,int)].JML normal_behavior operation contract.0 
40100      DEBUG main            d.u.i.k.p.i.IntermediateProofReplayer Proof replay took 749.52ms 
40102      INFO  main            d.u.i.k.p.r.p.TestFile    ... success: loaded 
40104      INFO  main            d.u.i.k.p.r.p.TestFile    Now processing file /home/runner/work/key/key/key.core/../key.ui/examples/heap/verifyThis15_2_ParallelGcd/parallelGcd.proof 
40104      INFO  main            d.u.i.k.p.i.AbstractProblemLoader Loading environment from /home/runner/work/key/key/key.core/../key.ui/examples/heap/verifyThis15_2_ParallelGcd/parallelGcd.proof 
40104      DEBUG main            d.u.i.k.p.i.AbstractProblemLoader Environment load took 188.9ns 
40106      INFO  main            d.u.i.k.p.i.AbstractProblemLoader Creating init config 
42693      DEBUG main            d.u.i.k.p.i.AbstractProblemLoader Init config took 2.59s 
42746      INFO  main            d.u.i.k.p.i.AbstractProblemLoader Replaying proof ParallelGcd[ParallelGcd::parallelGcd(int,int,[Z)].JML behavior operation contract.0 
43368      DEBUG main            d.u.i.k.p.i.IntermediateProofReplayer Proof replay took 605.46ms 
43369      INFO  main            d.u.i.k.p.r.p.TestFile    ... success: loaded 
5138325    INFO  Test worker     d.u.i.k.p.r.RunAllProofsTestUnit Returning from test reload_examples 
5138327    INFO  Test worker     d.u.i.k.p.r.RunAllProofsTestUnit Running test proofLoadRepair 
330        INFO  Timeout watchdog d.u.i.k.p.r.p.ForkedTestFileRunner Timeout watcher launched (2000 secs.) 
343        WARN  main            d.u.i.k.s.ProofSettings   The settings in /home/runner/.key/proof-settings.props are *not* read. 
373        INFO  main            d.u.i.k.p.r.p.TestFile    Now processing file /home/runner/work/key/key/key.core/../key.ui/examples/proofLoadRepair/disjConj-manipulated.proof 
509        INFO  main            d.u.i.k.p.i.AbstractProblemLoader Loading environment from /home/runner/work/key/key/key.core/../key.ui/examples/proofLoadRepair/disjConj-manipulated.proof 
526        DEBUG main            d.u.i.k.p.i.AbstractProblemLoader Environment load took 2.18ms 
750        INFO  main            d.u.i.k.p.i.AbstractProblemLoader Creating init config 
1575       DEBUG main            d.u.i.k.j.TypeConverter   No LDT found for Meta 
1576       DEBUG main            d.u.i.k.j.TypeConverter   No LDT found for Meta 
1577       DEBUG main            d.u.i.k.j.TypeConverter   No LDT found for Meta 
1577       DEBUG main            d.u.i.k.j.TypeConverter   No LDT found for Meta 
3139       DEBUG main            d.u.i.k.j.TypeConverter   No LDT found for JavaBigintExpression 
7634       DEBUG main            d.u.i.k.p.i.AbstractProblemLoader Init config took 6.88s 
7693       INFO  main            d.u.i.k.p.i.AbstractProblemLoader Replaying proof disjConj-manipulated.proof 
7738       WARN  main            d.u.i.k.p.i.IntermediateProofReplayer Proof contains wrong number of \assumes instatiations for andLeft 
7739       WARN  main            d.u.i.k.p.i.IntermediateProofReplayer Proof contains wrong number of \assumes instatiations for replace_known_right 
7744       WARN  main            d.u.i.k.p.i.IntermediateProofReplayer Proof contains wrong number of \assumes instatiations for close 
7745       DEBUG main            d.u.i.k.p.i.IntermediateProofReplayer Proof replay took 18.4ms 
7750       INFO  main            d.u.i.k.p.r.p.TestFile    ... success: loaded 
7757       INFO  main            d.u.i.k.p.r.p.TestFile    Now processing file /home/runner/work/key/key/key.core/../key.ui/examples/proofLoadRepair/insufficient-manipulated.proof 
7757       INFO  main            d.u.i.k.p.i.AbstractProblemLoader Loading environment from /home/runner/work/key/key/key.core/../key.ui/examples/proofLoadRepair/insufficient-manipulated.proof 
7758       DEBUG main            d.u.i.k.p.i.AbstractProblemLoader Environment load took 113.9ns 
7762       INFO  main            d.u.i.k.p.i.AbstractProblemLoader Creating init config 
10474      DEBUG main            d.u.i.k.p.i.AbstractProblemLoader Init config took 2.71s 
10492      INFO  main            d.u.i.k.p.i.AbstractProblemLoader Replaying proof insufficient-manipulated.proof 
10511      WARN  main            d.u.i.k.p.i.IntermediateProofReplayer Proof contains wrong number of \assumes instatiations for applyEq 
10520      DEBUG main            d.u.i.k.p.i.IntermediateProofReplayer Proof replay took 11.72ms 
10522      INFO  main            d.u.i.k.p.r.p.TestFile    ... success: loading failed 
10523      INFO  main            d.u.i.k.p.r.p.TestFile    Now processing file /home/runner/work/key/key/key.core/../key.ui/examples/../../key.core/src/test/resources/testcase/issues/1716/incorrectPolarity.proof 
10523      INFO  main            d.u.i.k.p.i.AbstractProblemLoader Loading environment from /home/runner/work/key/key/key.core/../key.ui/examples/../../key.core/src/test/resources/testcase/issues/1716/incorrectPolarity.proof 
10523      DEBUG main            d.u.i.k.p.i.AbstractProblemLoader Environment load took 111.3ns 
10525      INFO  main            d.u.i.k.p.i.AbstractProblemLoader Creating init config 
13110      DEBUG main            d.u.i.k.p.i.AbstractProblemLoader Init config took 2.58s 
13138      INFO  main            d.u.i.k.p.i.AbstractProblemLoader Replaying proof incorrectPolarity.proof 
13142      DEBUG main            d.u.i.k.p.i.IntermediateProofReplayer Proof replay took 241.1ns 
13142      INFO  main            d.u.i.k.p.r.p.TestFile    ... success: loading failed 
13143      INFO  main            d.u.i.k.p.r.p.TestFile    Now processing file /home/runner/work/key/key/key.core/../key.ui/examples/../../key.core/src/test/resources/testcase/issues/1716/incorrectPolarity2.proof 
13144      INFO  main            d.u.i.k.p.i.AbstractProblemLoader Loading environment from /home/runner/work/key/key/key.core/../key.ui/examples/../../key.core/src/test/resources/testcase/issues/1716/incorrectPolarity2.proof 
13144      DEBUG main            d.u.i.k.p.i.AbstractProblemLoader Environment load took 190.9ns 
13145      INFO  main            d.u.i.k.p.i.AbstractProblemLoader Creating init config 
15719      DEBUG main            d.u.i.k.p.i.AbstractProblemLoader Init config took 2.57s 
15741      INFO  main            d.u.i.k.p.i.AbstractProblemLoader Replaying proof incorrectPolarity2.proof 
15744      DEBUG main            d.u.i.k.p.i.IntermediateProofReplayer Proof replay took 479.11ns 
15745      INFO  main            d.u.i.k.p.r.p.TestFile    ... success: loading failed 
15746      INFO  main            d.u.i.k.p.r.p.TestFile    Now processing file /home/runner/work/key/key/key.core/../key.ui/examples/../../key.core/src/test/resources/testcase/issues/1716/incorrectPolarity3.proof 
15746      INFO  main            d.u.i.k.p.i.AbstractProblemLoader Loading environment from /home/runner/work/key/key/key.core/../key.ui/examples/../../key.core/src/test/resources/testcase/issues/1716/incorrectPolarity3.proof 
15747      DEBUG main            d.u.i.k.p.i.AbstractProblemLoader Environment load took 190.4ns 
15748      INFO  main            d.u.i.k.p.i.AbstractProblemLoader Creating init config 
18133      DEBUG main            d.u.i.k.p.i.AbstractProblemLoader Init config took 2.39s 
18156      INFO  main            d.u.i.k.p.i.AbstractProblemLoader Replaying proof incorrectPolarity3.proof 
18179      DEBUG main            d.u.i.k.p.i.IntermediateProofReplayer Proof replay took 21.06ms 
18179      INFO  main            d.u.i.k.p.r.p.TestFile    ... success: loading failed 
5156685    INFO  Test worker     d.u.i.k.p.r.RunAllProofsTestUnit Returning from test proofLoadRepair 
5156686    INFO  Test worker     d.u.i.k.p.r.RunAllProofsTestUnit Running test switch 
339        INFO  Timeout watchdog d.u.i.k.p.r.p.ForkedTestFileRunner Timeout watcher launched (2000 secs.) 
352        WARN  main            d.u.i.k.s.ProofSettings   The settings in /home/runner/.key/proof-settings.props are *not* read. 
379        INFO  main            d.u.i.k.p.r.p.TestFile    Now processing file /home/runner/work/key/key/key.core/../key.ui/examples/standard_key/java_dl/switch/labeled_case.key 
519        INFO  main            d.u.i.k.p.i.AbstractProblemLoader Loading environment from /home/runner/work/key/key/key.core/../key.ui/examples/standard_key/java_dl/switch/labeled_case.key 
540        DEBUG main            d.u.i.k.p.i.AbstractProblemLoader Environment load took 2.14ms 
789        INFO  main            d.u.i.k.p.i.AbstractProblemLoader Creating init config 
1690       DEBUG main            d.u.i.k.j.TypeConverter   No LDT found for Meta 
1691       DEBUG main            d.u.i.k.j.TypeConverter   No LDT found for Meta 
1693       DEBUG main            d.u.i.k.j.TypeConverter   No LDT found for Meta 
1695       DEBUG main            d.u.i.k.j.TypeConverter   No LDT found for Meta 
3037       DEBUG main            d.u.i.k.j.TypeConverter   No LDT found for JavaBigintExpression 
8141       DEBUG main            d.u.i.k.p.i.AbstractProblemLoader Init config took 7.35s 
8321       INFO  main            d.u.i.k.p.i.AbstractProblemLoader Replaying proof LabeledCase[LabeledCase::m(int)].JML normal_behavior operation contract.0 
8358       DEBUG main            d.u.i.k.p.i.IntermediateProofReplayer Proof replay took 38.6ns 
8989       INFO  main            d.u.i.k.p.r.p.TestFile    ... finished proof: closed. 
9092       INFO  main            d.u.i.k.p.i.AbstractProblemLoader Loading environment from /home/runner/work/key/key/key.core/../key.ui/examples/standard_key/java_dl/switch/labeled_case.key.proof 
9093       DEBUG main            d.u.i.k.p.i.AbstractProblemLoader Environment load took 147.7ns 
9097       INFO  main            d.u.i.k.p.i.AbstractProblemLoader Creating init config 
12060      DEBUG main            d.u.i.k.p.i.AbstractProblemLoader Init config took 2.96s 
12124      INFO  main            d.u.i.k.p.i.AbstractProblemLoader Replaying proof LabeledCase[LabeledCase::m(int)].JML normal_behavior operation contract.0 
12222      DEBUG main            d.u.i.k.p.i.IntermediateProofReplayer Proof replay took 93.43ms 
12238      DEBUG main            d.u.i.k.p.r.p.TestFile    ... success: reloaded. 
12240      INFO  main            d.u.i.k.p.r.p.TestFile    Now processing file /home/runner/work/key/key/key.core/../key.ui/examples/standard_key/java_dl/switch/empty_switch.key 
12240      INFO  main            d.u.i.k.p.i.AbstractProblemLoader Loading environment from /home/runner/work/key/key/key.core/../key.ui/examples/standard_key/java_dl/switch/empty_switch.key 
12241      DEBUG main            d.u.i.k.p.i.AbstractProblemLoader Environment load took 211.6ns 
12242      INFO  main            d.u.i.k.p.i.AbstractProblemLoader Creating init config 
14847      DEBUG main            d.u.i.k.p.i.AbstractProblemLoader Init config took 2.6s 
14875      INFO  main            d.u.i.k.p.i.AbstractProblemLoader Replaying proof empty_switch.key 
14878      DEBUG main            d.u.i.k.p.i.IntermediateProofReplayer Proof replay took 6.7ns 
14985      INFO  main            d.u.i.k.p.r.p.TestFile    ... finished proof: closed. 
15127      INFO  main            d.u.i.k.p.i.AbstractProblemLoader Loading environment from /home/runner/work/key/key/key.core/../key.ui/examples/standard_key/java_dl/switch/empty_switch.key.proof 
15127      DEBUG main            d.u.i.k.p.i.AbstractProblemLoader Environment load took 134.5ns 
15128      INFO  main            d.u.i.k.p.i.AbstractProblemLoader Creating init config 
17673      DEBUG main            d.u.i.k.p.i.AbstractProblemLoader Init config took 2.54s 
17696      INFO  main            d.u.i.k.p.i.AbstractProblemLoader Replaying proof empty_switch.key.proof 
17701      DEBUG main            d.u.i.k.p.i.IntermediateProofReplayer Proof replay took 1.87ms 
17702      DEBUG main            d.u.i.k.p.r.p.TestFile    ... success: reloaded. 
17703      INFO  main            d.u.i.k.p.r.p.TestFile    Now processing file /home/runner/work/key/key/key.core/../key.ui/examples/standard_key/java_dl/switch/empty_switch_null.key 
17703      INFO  main            d.u.i.k.p.i.AbstractProblemLoader Loading environment from /home/runner/work/key/key/key.core/../key.ui/examples/standard_key/java_dl/switch/empty_switch_null.key 
17703      DEBUG main            d.u.i.k.p.i.AbstractProblemLoader Environment load took 184.7ns 
17704      INFO  main            d.u.i.k.p.i.AbstractProblemLoader Creating init config 
20282      DEBUG main            d.u.i.k.p.i.AbstractProblemLoader Init config took 2.58s 
20303      INFO  main            d.u.i.k.p.i.AbstractProblemLoader Replaying proof empty_switch_null.key 
20305      DEBUG main            d.u.i.k.p.i.IntermediateProofReplayer Proof replay took 5.8ns 
20512      INFO  main            d.u.i.k.p.r.p.TestFile    ... finished proof: closed. 
20659      INFO  main            d.u.i.k.p.i.AbstractProblemLoader Loading environment from /home/runner/work/key/key/key.core/../key.ui/examples/standard_key/java_dl/switch/empty_switch_null.key.proof 
20660      DEBUG main            d.u.i.k.p.i.AbstractProblemLoader Environment load took 1.23ms 
20662      INFO  main            d.u.i.k.p.i.AbstractProblemLoader Creating init config 
23187      DEBUG main            d.u.i.k.p.i.AbstractProblemLoader Init config took 2.53s 
23208      INFO  main            d.u.i.k.p.i.AbstractProblemLoader Replaying proof empty_switch_null.key.proof 
23242      DEBUG main            d.u.i.k.p.i.IntermediateProofReplayer Proof replay took 30.68ms 
23243      DEBUG main            d.u.i.k.p.r.p.TestFile    ... success: reloaded. 
23244      INFO  main            d.u.i.k.p.r.p.TestFile    Now processing file /home/runner/work/key/key/key.core/../key.ui/examples/standard_key/java_dl/switch/empty_switch_null_catch.key 
23244      INFO  main            d.u.i.k.p.i.AbstractProblemLoader Loading environment from /home/runner/work/key/key/key.core/../key.ui/examples/standard_key/java_dl/switch/empty_switch_null_catch.key 
23244      DEBUG main            d.u.i.k.p.i.AbstractProblemLoader Environment load took 193.1ns 
23246      INFO  main            d.u.i.k.p.i.AbstractProblemLoader Creating init config 
25799      DEBUG main            d.u.i.k.p.i.AbstractProblemLoader Init config took 2.55s 
25840      INFO  main            d.u.i.k.p.i.AbstractProblemLoader Replaying proof empty_switch_null_catch.key 
25843      DEBUG main            d.u.i.k.p.i.IntermediateProofReplayer Proof replay took 6.8ns 
26047      INFO  main            d.u.i.k.p.r.p.TestFile    ... finished proof: closed. 
26213      INFO  main            d.u.i.k.p.i.AbstractProblemLoader Loading environment from /home/runner/work/key/key/key.core/../key.ui/examples/standard_key/java_dl/switch/empty_switch_null_catch.key.proof 
26217      DEBUG main            d.u.i.k.p.i.AbstractProblemLoader Environment load took 3.9ms 
26222      INFO  main            d.u.i.k.p.i.AbstractProblemLoader Creating init config 
28727      DEBUG main            d.u.i.k.p.i.AbstractProblemLoader Init config took 2.51s 
28748      INFO  main            d.u.i.k.p.i.AbstractProblemLoader Replaying proof empty_switch_null_catch.key.proof 
28804      DEBUG main            d.u.i.k.p.i.IntermediateProofReplayer Proof replay took 53.42ms 
28806      DEBUG main            d.u.i.k.p.r.p.TestFile    ... success: reloaded. 
28809      INFO  main            d.u.i.k.p.r.p.TestFile    Now processing file /home/runner/work/key/key/key.core/../key.ui/examples/standard_key/java_dl/switch/empty_switch_array_out_of_bounds.key 
28810      INFO  main            d.u.i.k.p.i.AbstractProblemLoader Loading environment from /home/runner/work/key/key/key.core/../key.ui/examples/standard_key/java_dl/switch/empty_switch_array_out_of_bounds.key 
28810      DEBUG main            d.u.i.k.p.i.AbstractProblemLoader Environment load took 185.2ns 
28811      INFO  main            d.u.i.k.p.i.AbstractProblemLoader Creating init config 
31350      DEBUG main            d.u.i.k.p.i.AbstractProblemLoader Init config took 2.54s 
31370      INFO  main            d.u.i.k.p.i.AbstractProblemLoader Replaying proof empty_switch_array_out_of_bounds.key 
31374      DEBUG main            d.u.i.k.p.i.IntermediateProofReplayer Proof replay took 5.9ns 
31581      INFO  main            d.u.i.k.p.r.p.TestFile    ... finished proof: closed. 
31741      INFO  main            d.u.i.k.p.i.AbstractProblemLoader Loading environment from /home/runner/work/key/key/key.core/../key.ui/examples/standard_key/java_dl/switch/empty_switch_array_out_of_bounds.key.proof 
31741      DEBUG main            d.u.i.k.p.i.AbstractProblemLoader Environment load took 542.21ns 
31747      INFO  main            d.u.i.k.p.i.AbstractProblemLoader Creating init config 
34196      DEBUG main            d.u.i.k.p.i.AbstractProblemLoader Init config took 2.45s 
34216      INFO  main            d.u.i.k.p.i.AbstractProblemLoader Replaying proof empty_switch_array_out_of_bounds.key.proof 
34272      DEBUG main            d.u.i.k.p.i.IntermediateProofReplayer Proof replay took 53.27ms 
34273      DEBUG main            d.u.i.k.p.r.p.TestFile    ... success: reloaded. 
34275      INFO  main            d.u.i.k.p.r.p.TestFile    Now processing file /home/runner/work/key/key/key.core/../key.ui/examples/standard_key/java_dl/switch/empty_switch_array_out_of_bounds_catch.key 
34275      INFO  main            d.u.i.k.p.i.AbstractProblemLoader Loading environment from /home/runner/work/key/key/key.core/../key.ui/examples/standard_key/java_dl/switch/empty_switch_array_out_of_bounds_catch.key 
34275      DEBUG main            d.u.i.k.p.i.AbstractProblemLoader Environment load took 189ns 
34276      INFO  main            d.u.i.k.p.i.AbstractProblemLoader Creating init config 
36742      DEBUG main            d.u.i.k.p.i.AbstractProblemLoader Init config took 2.47s 
36762      INFO  main            d.u.i.k.p.i.AbstractProblemLoader Replaying proof empty_switch_array_out_of_bounds_catch.key 
36764      DEBUG main            d.u.i.k.p.i.IntermediateProofReplayer Proof replay took 6.5ns 
36969      INFO  main            d.u.i.k.p.r.p.TestFile    ... finished proof: closed. 
37132      INFO  main            d.u.i.k.p.i.AbstractProblemLoader Loading environment from /home/runner/work/key/key/key.core/../key.ui/examples/standard_key/java_dl/switch/empty_switch_array_out_of_bounds_catch.key.proof 
37132      DEBUG main            d.u.i.k.p.i.AbstractProblemLoader Environment load took 370.6ns 
37134      INFO  main            d.u.i.k.p.i.AbstractProblemLoader Creating init config 
39619      DEBUG main            d.u.i.k.p.i.AbstractProblemLoader Init config took 2.49s 
39639      INFO  main            d.u.i.k.p.i.AbstractProblemLoader Replaying proof empty_switch_array_out_of_bounds_catch.key.proof 
39691      DEBUG main            d.u.i.k.p.i.IntermediateProofReplayer Proof replay took 49.54ms 
39696      DEBUG main            d.u.i.k.p.r.p.TestFile    ... success: reloaded. 
39697      INFO  main            d.u.i.k.p.r.p.TestFile    Now processing file /home/runner/work/key/key/key.core/../key.ui/examples/standard_key/java_dl/switch/switch_in_switch.key 
39697      INFO  main            d.u.i.k.p.i.AbstractProblemLoader Loading environment from /home/runner/work/key/key/key.core/../key.ui/examples/standard_key/java_dl/switch/switch_in_switch.key 
39697      DEBUG main            d.u.i.k.p.i.AbstractProblemLoader Environment load took 113.3ns 
39701      INFO  main            d.u.i.k.p.i.AbstractProblemLoader Creating init config 
42315      DEBUG main            d.u.i.k.p.i.AbstractProblemLoader Init config took 2.61s 
42381      INFO  main            d.u.i.k.p.i.AbstractProblemLoader Replaying proof SwitchInSwitch[SwitchInSwitch::m(int)].JML normal_behavior operation contract.0 
42382      DEBUG main            d.u.i.k.p.i.IntermediateProofReplayer Proof replay took 6.4ns 
47102      INFO  main            d.u.i.k.p.r.p.TestFile    ... finished proof: closed. 
47331      INFO  main            d.u.i.k.p.i.AbstractProblemLoader Loading environment from /home/runner/work/key/key/key.core/../key.ui/examples/standard_key/java_dl/switch/switch_in_switch.key.proof 
47332      DEBUG main            d.u.i.k.p.i.AbstractProblemLoader Environment load took 371.7ns 
47334      INFO  main            d.u.i.k.p.i.AbstractProblemLoader Creating init config 
49803      DEBUG main            d.u.i.k.p.i.AbstractProblemLoader Init config took 2.47s 
49867      INFO  main            d.u.i.k.p.i.AbstractProblemLoader Replaying proof SwitchInSwitch[SwitchInSwitch::m(int)].JML normal_behavior operation contract.0 
50406      DEBUG main            d.u.i.k.p.i.IntermediateProofReplayer Proof replay took 497.12ms 
50408      DEBUG main            d.u.i.k.p.r.p.TestFile    ... success: reloaded. 
50409      INFO  main            d.u.i.k.p.r.p.TestFile    Now processing file /home/runner/work/key/key/key.core/../key.ui/examples/standard_key/java_dl/switch/while_and_switch.key 
50409      INFO  main            d.u.i.k.p.i.AbstractProblemLoader Loading environment from /home/runner/work/key/key/key.core/../key.ui/examples/standard_key/java_dl/switch/while_and_switch.key 
50410      DEBUG main            d.u.i.k.p.i.AbstractProblemLoader Environment load took 488.61ns 
50411      INFO  main            d.u.i.k.p.i.AbstractProblemLoader Creating init config 
53009      DEBUG main            d.u.i.k.p.i.AbstractProblemLoader Init config took 2.6s 
53052      INFO  main            d.u.i.k.p.i.AbstractProblemLoader Replaying proof WhileAndSwitch[WhileAndSwitch::m(int)].JML normal_behavior operation contract.0 
53055      DEBUG main            d.u.i.k.p.i.IntermediateProofReplayer Proof replay took 6.8ns 
53860      INFO  main            d.u.i.k.p.r.p.TestFile    ... finished proof: closed. 
54058      INFO  main            d.u.i.k.p.i.AbstractProblemLoader Loading environment from /home/runner/work/key/key/key.core/../key.ui/examples/standard_key/java_dl/switch/while_and_switch.key.proof 
54058      DEBUG main            d.u.i.k.p.i.AbstractProblemLoader Environment load took 533.9ns 
54060      INFO  main            d.u.i.k.p.i.AbstractProblemLoader Creating init config 
56591      DEBUG main            d.u.i.k.p.i.AbstractProblemLoader Init config took 2.53s 
56636      INFO  main            d.u.i.k.p.i.AbstractProblemLoader Replaying proof WhileAndSwitch[WhileAndSwitch::m(int)].JML normal_behavior operation contract.0 
56772      DEBUG main            d.u.i.k.p.i.IntermediateProofReplayer Proof replay took 130.43ms 
56773      DEBUG main            d.u.i.k.p.r.p.TestFile    ... success: reloaded. 
56775      INFO  main            d.u.i.k.p.r.p.TestFile    Now processing file /home/runner/work/key/key/key.core/../key.ui/examples/standard_key/java_dl/switch/large_switch.key 
56775      INFO  main            d.u.i.k.p.i.AbstractProblemLoader Loading environment from /home/runner/work/key/key/key.core/../key.ui/examples/standard_key/java_dl/switch/large_switch.key 
56775      DEBUG main            d.u.i.k.p.i.AbstractProblemLoader Environment load took 184.3ns 
56776      INFO  main            d.u.i.k.p.i.AbstractProblemLoader Creating init config 
59287      DEBUG main            d.u.i.k.p.i.AbstractProblemLoader Init config took 2.51s 
59328      INFO  main            d.u.i.k.p.i.AbstractProblemLoader Replaying proof LargeSwitch[LargeSwitch::m(int)].JML normal_behavior operation contract.0 
59329      DEBUG main            d.u.i.k.p.i.IntermediateProofReplayer Proof replay took 6.8ns 
60738      INFO  main            d.u.i.k.p.r.p.TestFile    ... finished proof: closed. 
60962      INFO  main            d.u.i.k.p.i.AbstractProblemLoader Loading environment from /home/runner/work/key/key/key.core/../key.ui/examples/standard_key/java_dl/switch/large_switch.key.proof 
60962      DEBUG main            d.u.i.k.p.i.AbstractProblemLoader Environment load took 133.5ns 
60964      INFO  main            d.u.i.k.p.i.AbstractProblemLoader Creating init config 
63511      DEBUG main            d.u.i.k.p.i.AbstractProblemLoader Init config took 2.55s 
63560      INFO  main            d.u.i.k.p.i.AbstractProblemLoader Replaying proof LargeSwitch[LargeSwitch::m(int)].JML normal_behavior operation contract.0 
63923      DEBUG main            d.u.i.k.p.i.IntermediateProofReplayer Proof replay took 348.5ms 
63925      DEBUG main            d.u.i.k.p.r.p.TestFile    ... success: reloaded. 
5220785    INFO  Test worker     d.u.i.k.p.r.RunAllProofsTestUnit Returning from test switch 
5220787    INFO  Test worker     d.u.i.k.p.r.RunAllProofsTestUnit Running test redux 
375        INFO  Timeout watchdog d.u.i.k.p.r.p.ForkedTestFileRunner Timeout watcher launched (2000 secs.) 
398        WARN  main            d.u.i.k.s.ProofSettings   The settings in /home/runner/.key/proof-settings.props are *not* read. 
446        INFO  main            d.u.i.k.p.r.p.TestFile    Now processing file /home/runner/work/key/key/key.core/../key.ui/examples/redux/arrays/Arrays.copyOf.key 
583        INFO  main            d.u.i.k.p.i.AbstractProblemLoader Loading environment from /home/runner/work/key/key/key.core/../key.ui/examples/redux/arrays/Arrays.copyOf.key 
605        DEBUG main            d.u.i.k.p.i.AbstractProblemLoader Environment load took 6.47ms 
832        INFO  main            d.u.i.k.p.i.AbstractProblemLoader Creating init config 
1719       DEBUG main            d.u.i.k.j.TypeConverter   No LDT found for Meta 
1723       DEBUG main            d.u.i.k.j.TypeConverter   No LDT found for Meta 
1726       DEBUG main            d.u.i.k.j.TypeConverter   No LDT found for Meta 
1727       DEBUG main            d.u.i.k.j.TypeConverter   No LDT found for Meta 
3282       DEBUG main            d.u.i.k.j.TypeConverter   No LDT found for JavaBigintExpression 
8684       DEBUG main            d.u.i.k.p.i.AbstractProblemLoader Init config took 7.85s 
8810       INFO  main            d.u.i.k.p.i.AbstractProblemLoader Replaying proof Arrays[Arrays::copyOf([I,int)].JML normal_behavior operation contract.0 
8844       DEBUG main            d.u.i.k.p.i.IntermediateProofReplayer Proof replay took 35.8ns 
14094      INFO  main            d.u.i.k.p.r.p.TestFile    ... finished proof: closed. 
14270      INFO  main            d.u.i.k.p.i.AbstractProblemLoader Loading environment from /home/runner/work/key/key/key.core/../key.ui/examples/redux/arrays/Arrays.copyOf.key.proof 
14270      DEBUG main            d.u.i.k.p.i.AbstractProblemLoader Environment load took 149.7ns 
14278      INFO  main            d.u.i.k.p.i.AbstractProblemLoader Creating init config 
17444      DEBUG main            d.u.i.k.p.i.AbstractProblemLoader Init config took 3.17s 
17515      INFO  main            d.u.i.k.p.i.AbstractProblemLoader Replaying proof Arrays[Arrays::copyOf([I,int)].JML normal_behavior operation contract.0 
18028      DEBUG main            d.u.i.k.p.i.IntermediateProofReplayer Proof replay took 490.48ms 
18040      DEBUG main            d.u.i.k.p.r.p.TestFile    ... success: reloaded. 
18041      INFO  main            d.u.i.k.p.r.p.TestFile    Now processing file /home/runner/work/key/key/key.core/../key.ui/examples/redux/arrays/Arrays.copyOf.float.key 
18042      INFO  main            d.u.i.k.p.i.AbstractProblemLoader Loading environment from /home/runner/work/key/key/key.core/../key.ui/examples/redux/arrays/Arrays.copyOf.float.key 
18042      DEBUG main            d.u.i.k.p.i.AbstractProblemLoader Environment load took 116.8ns 
18046      INFO  main            d.u.i.k.p.i.AbstractProblemLoader Creating init config 
21168      DEBUG main            d.u.i.k.p.i.AbstractProblemLoader Init config took 3.12s 
21222      INFO  main            d.u.i.k.p.i.AbstractProblemLoader Replaying proof Arrays[Arrays::copyOf([F,int)].JML normal_behavior operation contract.0 
21224      DEBUG main            d.u.i.k.p.i.IntermediateProofReplayer Proof replay took 6.7ns 
21251      DEBUG main            d.u.i.k.m.s.ProofScriptEngine 1: 'macro autopilot' 
25654      DEBUG main            d.u.i.k.m.s.ProofScriptEngine 2: 'smt solver=Z3' 
25756      INFO  main            d.u.i.k.m.s.SMTCommand    Finished run on goal 17 in 75ms, result is valid 
25758      DEBUG main            d.u.i.k.m.s.ProofScriptEngine 3: 'tryclose' 
27505      INFO  main            d.u.i.k.p.r.p.TestFile    ... finished proof: closed. 
27687      INFO  main            d.u.i.k.p.i.AbstractProblemLoader Loading environment from /home/runner/work/key/key/key.core/../key.ui/examples/redux/arrays/Arrays.copyOf.float.key.proof 
27687      DEBUG main            d.u.i.k.p.i.AbstractProblemLoader Environment load took 411.5ns 
27692      INFO  main            d.u.i.k.p.i.AbstractProblemLoader Creating init config 
30708      DEBUG main            d.u.i.k.p.i.AbstractProblemLoader Init config took 3.02s 
30777      INFO  main            d.u.i.k.p.i.AbstractProblemLoader Replaying proof Arrays[Arrays::copyOf([F,int)].JML normal_behavior operation contract.0 
31541      DEBUG main            d.u.i.k.p.i.IntermediateProofReplayer Proof replay took 742.71ms 
31543      DEBUG main            d.u.i.k.p.r.p.TestFile    ... success: reloaded. 
31545      INFO  main            d.u.i.k.p.r.p.TestFile    Now processing file /home/runner/work/key/key/key.core/../key.ui/examples/redux/arrays/Arrays.copyOfRange.key 
31545      INFO  main            d.u.i.k.p.i.AbstractProblemLoader Loading environment from /home/runner/work/key/key/key.core/../key.ui/examples/redux/arrays/Arrays.copyOfRange.key 
31545      DEBUG main            d.u.i.k.p.i.AbstractProblemLoader Environment load took 111.2ns 
31547      INFO  main            d.u.i.k.p.i.AbstractProblemLoader Creating init config 
34585      DEBUG main            d.u.i.k.p.i.AbstractProblemLoader Init config took 3.04s 
34654      INFO  main            d.u.i.k.p.i.AbstractProblemLoader Replaying proof Arrays[Arrays::copyOfRange([I,int,int)].JML normal_behavior operation contract.0 
34655      DEBUG main            d.u.i.k.p.i.IntermediateProofReplayer Proof replay took 6.7ns 
39065      INFO  main            d.u.i.k.p.r.p.TestFile    ... finished proof: closed. 
39334      INFO  main            d.u.i.k.p.i.AbstractProblemLoader Loading environment from /home/runner/work/key/key/key.core/../key.ui/examples/redux/arrays/Arrays.copyOfRange.key.proof 
39335      DEBUG main            d.u.i.k.p.i.AbstractProblemLoader Environment load took 375.2ns 
39336      INFO  main            d.u.i.k.p.i.AbstractProblemLoader Creating init config 
42262      DEBUG main            d.u.i.k.p.i.AbstractProblemLoader Init config took 2.93s 
42312      INFO  main            d.u.i.k.p.i.AbstractProblemLoader Replaying proof Arrays[Arrays::copyOfRange([I,int,int)].JML normal_behavior operation contract.0 
42848      DEBUG main            d.u.i.k.p.i.IntermediateProofReplayer Proof replay took 515.29ms 
42850      DEBUG main            d.u.i.k.p.r.p.TestFile    ... success: reloaded. 
42851      INFO  main            d.u.i.k.p.r.p.TestFile    Now processing file /home/runner/work/key/key/key.core/../key.ui/examples/redux/arrays/Arrays.copyOfRange.float.key 
42851      INFO  main            d.u.i.k.p.i.AbstractProblemLoader Loading environment from /home/runner/work/key/key/key.core/../key.ui/examples/redux/arrays/Arrays.copyOfRange.float.key 
42851      DEBUG main            d.u.i.k.p.i.AbstractProblemLoader Environment load took 206.2ns 
42852      INFO  main            d.u.i.k.p.i.AbstractProblemLoader Creating init config 
45803      DEBUG main            d.u.i.k.p.i.AbstractProblemLoader Init config took 2.95s 
45846      INFO  main            d.u.i.k.p.i.AbstractProblemLoader Replaying proof Arrays[Arrays::copyOfRange([F,int,int)].JML normal_behavior operation contract.0 
45847      DEBUG main            d.u.i.k.p.i.IntermediateProofReplayer Proof replay took 8ns 
45848      DEBUG main            d.u.i.k.m.s.ProofScriptEngine 1: 'macro autopilot' 
51604      DEBUG main            d.u.i.k.m.s.ProofScriptEngine 2: 'smt solver=Z3' 
51642      INFO  main            d.u.i.k.m.s.SMTCommand    Finished run on goal 27 in 34ms, result is valid 
51642      DEBUG main            d.u.i.k.m.s.ProofScriptEngine 3: 'tryclose' 
55065      INFO  main            d.u.i.k.p.r.p.TestFile    ... finished proof: closed. 
55281      INFO  main            d.u.i.k.p.i.AbstractProblemLoader Loading environment from /home/runner/work/key/key/key.core/../key.ui/examples/redux/arrays/Arrays.copyOfRange.float.key.proof 
55281      DEBUG main            d.u.i.k.p.i.AbstractProblemLoader Environment load took 370.51ns 
55284      INFO  main            d.u.i.k.p.i.AbstractProblemLoader Creating init config 
58235      DEBUG main            d.u.i.k.p.i.AbstractProblemLoader Init config took 2.95s 
58276      INFO  main            d.u.i.k.p.i.AbstractProblemLoader Replaying proof Arrays[Arrays::copyOfRange([F,int,int)].JML normal_behavior operation contract.0 
59320      DEBUG main            d.u.i.k.p.i.IntermediateProofReplayer Proof replay took 1.02s 
59322      DEBUG main            d.u.i.k.p.r.p.TestFile    ... success: reloaded. 
59323      INFO  main            d.u.i.k.p.r.p.TestFile    Now processing file /home/runner/work/key/key/key.core/../key.ui/examples/redux/arrays/Arrays.equals.key 
59323      INFO  main            d.u.i.k.p.i.AbstractProblemLoader Loading environment from /home/runner/work/key/key/key.core/../key.ui/examples/redux/arrays/Arrays.equals.key 
59324      DEBUG main            d.u.i.k.p.i.AbstractProblemLoader Environment load took 211.7ns 
59325      INFO  main            d.u.i.k.p.i.AbstractProblemLoader Creating init config 
62326      DEBUG main            d.u.i.k.p.i.AbstractProblemLoader Init config took 3s 
62385      INFO  main            d.u.i.k.p.i.AbstractProblemLoader Replaying proof Arrays[Arrays::equals([B,[B)].JML normal_behavior operation contract.0 
62387      DEBUG main            d.u.i.k.p.i.IntermediateProofReplayer Proof replay took 6.7ns 
62891      INFO  main            d.u.i.k.p.r.p.TestFile    ... finished proof: closed. 
63136      INFO  main            d.u.i.k.p.i.AbstractProblemLoader Loading environment from /home/runner/work/key/key/key.core/../key.ui/examples/redux/arrays/Arrays.equals.key.proof 
63137      DEBUG main            d.u.i.k.p.i.AbstractProblemLoader Environment load took 734.81ns 
63138      INFO  main            d.u.i.k.p.i.AbstractProblemLoader Creating init config 
66049      DEBUG main            d.u.i.k.p.i.AbstractProblemLoader Init config took 2.91s 
66103      INFO  main            d.u.i.k.p.i.AbstractProblemLoader Replaying proof Arrays[Arrays::equals([B,[B)].JML normal_behavior operation contract.0 
66245      DEBUG main            d.u.i.k.p.i.IntermediateProofReplayer Proof replay took 137.68ms 
66246      DEBUG main            d.u.i.k.p.r.p.TestFile    ... success: reloaded. 
66247      INFO  main            d.u.i.k.p.r.p.TestFile    Now processing file /home/runner/work/key/key/key.core/../key.ui/examples/redux/arrays/Arrays.fill.key 
66247      INFO  main            d.u.i.k.p.i.AbstractProblemLoader Loading environment from /home/runner/work/key/key/key.core/../key.ui/examples/redux/arrays/Arrays.fill.key 
66247      DEBUG main            d.u.i.k.p.i.AbstractProblemLoader Environment load took 140.7ns 
66248      INFO  main            d.u.i.k.p.i.AbstractProblemLoader Creating init config 
69135      DEBUG main            d.u.i.k.p.i.AbstractProblemLoader Init config took 2.89s 
69175      INFO  main            d.u.i.k.p.i.AbstractProblemLoader Replaying proof Arrays[Arrays::fill([I,int)].JML normal_behavior operation contract.0 
69176      DEBUG main            d.u.i.k.p.i.IntermediateProofReplayer Proof replay took 7ns 
69381      INFO  main            d.u.i.k.p.r.p.TestFile    ... finished proof: closed. 
69584      INFO  main            d.u.i.k.p.i.AbstractProblemLoader Loading environment from /home/runner/work/key/key/key.core/../key.ui/examples/redux/arrays/Arrays.fill.key.proof 
69584      DEBUG main            d.u.i.k.p.i.AbstractProblemLoader Environment load took 140.9ns 
69585      INFO  main            d.u.i.k.p.i.AbstractProblemLoader Creating init config 
72404      DEBUG main            d.u.i.k.p.i.AbstractProblemLoader Init config took 2.82s 
72460      INFO  main            d.u.i.k.p.i.AbstractProblemLoader Replaying proof Arrays[Arrays::fill([I,int)].JML normal_behavior operation contract.0 
72492      DEBUG main            d.u.i.k.p.i.IntermediateProofReplayer Proof replay took 29.8ms 
72493      DEBUG main            d.u.i.k.p.r.p.TestFile    ... success: reloaded. 
72494      INFO  main            d.u.i.k.p.r.p.TestFile    Now processing file /home/runner/work/key/key/key.core/../key.ui/examples/redux/arrays/Arrays.fill.float.key 
72494      INFO  main            d.u.i.k.p.i.AbstractProblemLoader Loading environment from /home/runner/work/key/key/key.core/../key.ui/examples/redux/arrays/Arrays.fill.float.key 
72494      DEBUG main            d.u.i.k.p.i.AbstractProblemLoader Environment load took 209ns 
72495      INFO  main            d.u.i.k.p.i.AbstractProblemLoader Creating init config 
75421      DEBUG main            d.u.i.k.p.i.AbstractProblemLoader Init config took 2.93s 
75460      INFO  main            d.u.i.k.p.i.AbstractProblemLoader Replaying proof Arrays[Arrays::fill([F,float)].JML normal_behavior operation contract.0 
75461      DEBUG main            d.u.i.k.p.i.IntermediateProofReplayer Proof replay took 7.1ns 
75665      INFO  main            d.u.i.k.p.r.p.TestFile    ... finished proof: closed. 
75856      INFO  main            d.u.i.k.p.i.AbstractProblemLoader Loading environment from /home/runner/work/key/key/key.core/../key.ui/examples/redux/arrays/Arrays.fill.float.key.proof 
75856      DEBUG main            d.u.i.k.p.i.AbstractProblemLoader Environment load took 142.9ns 
75857      INFO  main            d.u.i.k.p.i.AbstractProblemLoader Creating init config 
78697      DEBUG main            d.u.i.k.p.i.AbstractProblemLoader Init config took 2.84s 
78737      INFO  main            d.u.i.k.p.i.AbstractProblemLoader Replaying proof Arrays[Arrays::fill([F,float)].JML normal_behavior operation contract.0 
78781      DEBUG main            d.u.i.k.p.i.IntermediateProofReplayer Proof replay took 41.04ms 
78782      DEBUG main            d.u.i.k.p.r.p.TestFile    ... success: reloaded. 
78783      INFO  main            d.u.i.k.p.r.p.TestFile    Now processing file /home/runner/work/key/key/key.core/../key.ui/examples/redux/arrays/Arrays.fillFromTo.key 
78783      INFO  main            d.u.i.k.p.i.AbstractProblemLoader Loading environment from /home/runner/work/key/key/key.core/../key.ui/examples/redux/arrays/Arrays.fillFromTo.key 
78783      DEBUG main            d.u.i.k.p.i.AbstractProblemLoader Environment load took 103.8ns 
78784      INFO  main            d.u.i.k.p.i.AbstractProblemLoader Creating init config 
81668      DEBUG main            d.u.i.k.p.i.AbstractProblemLoader Init config took 2.88s 
81705      INFO  main            d.u.i.k.p.i.AbstractProblemLoader Replaying proof Arrays[Arrays::fill([I,int,int,int)].JML normal_behavior operation contract.0 
81706      DEBUG main            d.u.i.k.p.i.IntermediateProofReplayer Proof replay took 6.7ns 
82210      INFO  main            d.u.i.k.p.r.p.TestFile    ... finished proof: closed. 
82497      INFO  main            d.u.i.k.p.i.AbstractProblemLoader Loading environment from /home/runner/work/key/key/key.core/../key.ui/examples/redux/arrays/Arrays.fillFromTo.key.proof 
82497      DEBUG main            d.u.i.k.p.i.AbstractProblemLoader Environment load took 379.11ns 
82498      INFO  main            d.u.i.k.p.i.AbstractProblemLoader Creating init config 
85337      DEBUG main            d.u.i.k.p.i.AbstractProblemLoader Init config took 2.84s 
85373      INFO  main            d.u.i.k.p.i.AbstractProblemLoader Replaying proof Arrays[Arrays::fill([I,int,int,int)].JML normal_behavior operation contract.0 
85485      DEBUG main            d.u.i.k.p.i.IntermediateProofReplayer Proof replay took 107.33ms 
85486      DEBUG main            d.u.i.k.p.r.p.TestFile    ... success: reloaded. 
85487      INFO  main            d.u.i.k.p.r.p.TestFile    Now processing file /home/runner/work/key/key/key.core/../key.ui/examples/redux/arrays/Arrays.fillFromTo.float.key 
85487      INFO  main            d.u.i.k.p.i.AbstractProblemLoader Loading environment from /home/runner/work/key/key/key.core/../key.ui/examples/redux/arrays/Arrays.fillFromTo.float.key 
85488      DEBUG main            d.u.i.k.p.i.AbstractProblemLoader Environment load took 179.5ns 
85488      INFO  main            d.u.i.k.p.i.AbstractProblemLoader Creating init config 
88410      DEBUG main            d.u.i.k.p.i.AbstractProblemLoader Init config took 2.92s 
88446      INFO  main            d.u.i.k.p.i.AbstractProblemLoader Replaying proof Arrays[Arrays::fill([F,int,int,float)].JML normal_behavior operation contract.0 
88447      DEBUG main            d.u.i.k.p.i.IntermediateProofReplayer Proof replay took 6.4ns 
89052      INFO  main            d.u.i.k.p.r.p.TestFile    ... finished proof: closed. 
89285      INFO  main            d.u.i.k.p.i.AbstractProblemLoader Loading environment from /home/runner/work/key/key/key.core/../key.ui/examples/redux/arrays/Arrays.fillFromTo.float.key.proof 
89285      DEBUG main            d.u.i.k.p.i.AbstractProblemLoader Environment load took 133.9ns 
89286      INFO  main            d.u.i.k.p.i.AbstractProblemLoader Creating init config 
92090      DEBUG main            d.u.i.k.p.i.AbstractProblemLoader Init config took 2.8s 
92130      INFO  main            d.u.i.k.p.i.AbstractProblemLoader Replaying proof Arrays[Arrays::fill([F,int,int,float)].JML normal_behavior operation contract.0 
92269      DEBUG main            d.u.i.k.p.i.IntermediateProofReplayer Proof replay took 134.26ms 
92271      DEBUG main            d.u.i.k.p.r.p.TestFile    ... success: reloaded. 
92272      INFO  main            d.u.i.k.p.r.p.TestFile    Now processing file /home/runner/work/key/key/key.core/../key.ui/examples/redux/arrays/ArrayCopy.arraycopy.normal.0.key 
92272      INFO  main            d.u.i.k.p.i.AbstractProblemLoader Loading environment from /home/runner/work/key/key/key.core/../key.ui/examples/redux/arrays/ArrayCopy.arraycopy.normal.0.key 
92272      DEBUG main            d.u.i.k.p.i.AbstractProblemLoader Environment load took 182.1ns 
92275      INFO  main            d.u.i.k.p.i.AbstractProblemLoader Creating init config 
95180      DEBUG main            d.u.i.k.p.i.AbstractProblemLoader Init config took 2.9s 
95215      INFO  main            d.u.i.k.p.i.AbstractProblemLoader Replaying proof ArrayCopy[ArrayCopy::arraycopy(java.lang.Object,int,java.lang.Object,int,int)].JML normal_behavior operation contract.0 
95217      DEBUG main            d.u.i.k.p.i.IntermediateProofReplayer Proof replay took 7.5ns 
101315     INFO  main            d.u.i.k.p.r.p.TestFile    ... finished proof: closed. 
101548     INFO  main            d.u.i.k.p.i.AbstractProblemLoader Loading environment from /home/runner/work/key/key/key.core/../key.ui/examples/redux/arrays/ArrayCopy.arraycopy.normal.0.key.proof 
101549     DEBUG main            d.u.i.k.p.i.AbstractProblemLoader Environment load took 286.2ns 
101551     INFO  main            d.u.i.k.p.i.AbstractProblemLoader Creating init config 
104341     DEBUG main            d.u.i.k.p.i.AbstractProblemLoader Init config took 2.79s 
104375     INFO  main            d.u.i.k.p.i.AbstractProblemLoader Replaying proof ArrayCopy[ArrayCopy::arraycopy(java.lang.Object,int,java.lang.Object,int,int)].JML normal_behavior operation contract.0 
105283     DEBUG main            d.u.i.k.p.i.IntermediateProofReplayer Proof replay took 891.8ms 
105285     DEBUG main            d.u.i.k.p.r.p.TestFile    ... success: reloaded. 
105286     INFO  main            d.u.i.k.p.r.p.TestFile    Now processing file /home/runner/work/key/key/key.core/../key.ui/examples/redux/arrays/ArrayCopy.arraycopy.exceptional.0.key 
105287     INFO  main            d.u.i.k.p.i.AbstractProblemLoader Loading environment from /home/runner/work/key/key/key.core/../key.ui/examples/redux/arrays/ArrayCopy.arraycopy.exceptional.0.key 
105287     DEBUG main            d.u.i.k.p.i.AbstractProblemLoader Environment load took 200.2ns 
105288     INFO  main            d.u.i.k.p.i.AbstractProblemLoader Creating init config 
108171     DEBUG main            d.u.i.k.p.i.AbstractProblemLoader Init config took 2.88s 
108205     INFO  main            d.u.i.k.p.i.AbstractProblemLoader Replaying proof ArrayCopy[ArrayCopy::arraycopy(java.lang.Object,int,java.lang.Object,int,int)].JML exceptional_behavior operation contract.0 
108206     DEBUG main            d.u.i.k.p.i.IntermediateProofReplayer Proof replay took 8.1ns 
108609     INFO  main            d.u.i.k.p.r.p.TestFile    ... finished proof: closed. 
108805     INFO  main            d.u.i.k.p.i.AbstractProblemLoader Loading environment from /home/runner/work/key/key/key.core/../key.ui/examples/redux/arrays/ArrayCopy.arraycopy.exceptional.0.key.proof 
108805     DEBUG main            d.u.i.k.p.i.AbstractProblemLoader Environment load took 124.7ns 
108806     INFO  main            d.u.i.k.p.i.AbstractProblemLoader Creating init config 
111600     DEBUG main            d.u.i.k.p.i.AbstractProblemLoader Init config took 2.79s 
111634     INFO  main            d.u.i.k.p.i.AbstractProblemLoader Replaying proof ArrayCopy[ArrayCopy::arraycopy(java.lang.Object,int,java.lang.Object,int,int)].JML exceptional_behavior operation contract.0 
111743     DEBUG main            d.u.i.k.p.i.IntermediateProofReplayer Proof replay took 106.08ms 
111744     DEBUG main            d.u.i.k.p.r.p.TestFile    ... success: reloaded. 
111745     INFO  main            d.u.i.k.p.r.p.TestFile    Now processing file /home/runner/work/key/key/key.core/../key.ui/examples/redux/arrays/ArrayCopy.arraycopy.exceptional.1.key 
111745     INFO  main            d.u.i.k.p.i.AbstractProblemLoader Loading environment from /home/runner/work/key/key/key.core/../key.ui/examples/redux/arrays/ArrayCopy.arraycopy.exceptional.1.key 
111745     DEBUG main            d.u.i.k.p.i.AbstractProblemLoader Environment load took 182.2ns 
111746     INFO  main            d.u.i.k.p.i.AbstractProblemLoader Creating init config 
114594     DEBUG main            d.u.i.k.p.i.AbstractProblemLoader Init config took 2.85s 
114628     INFO  main            d.u.i.k.p.i.AbstractProblemLoader Replaying proof ArrayCopy[ArrayCopy::arraycopy(java.lang.Object,int,java.lang.Object,int,int)].JML exceptional_behavior operation contract.1 
114630     DEBUG main            d.u.i.k.p.i.IntermediateProofReplayer Proof replay took 7.7ns 
120559     INFO  main            d.u.i.k.p.r.p.TestFile    ... finished proof: closed. 
120809     INFO  main            d.u.i.k.p.i.AbstractProblemLoader Loading environment from /home/runner/work/key/key/key.core/../key.ui/examples/redux/arrays/ArrayCopy.arraycopy.exceptional.1.key.proof 
120809     DEBUG main            d.u.i.k.p.i.AbstractProblemLoader Environment load took 207.2ns 
120812     INFO  main            d.u.i.k.p.i.AbstractProblemLoader Creating init config 
123594     DEBUG main            d.u.i.k.p.i.AbstractProblemLoader Init config took 2.78s 
123629     INFO  main            d.u.i.k.p.i.AbstractProblemLoader Replaying proof ArrayCopy[ArrayCopy::arraycopy(java.lang.Object,int,java.lang.Object,int,int)].JML exceptional_behavior operation contract.1 
125206     DEBUG main            d.u.i.k.p.i.IntermediateProofReplayer Proof replay took 1.55s 
125209     DEBUG main            d.u.i.k.p.r.p.TestFile    ... success: reloaded. 
5346174    INFO  Test worker     d.u.i.k.p.r.RunAllProofsTestUnit Returning from test redux 
]]></system-out>
  <system-err><![CDATA[]]></system-err>
</testsuite>
