<?xml version="1.0" encoding="UTF-8"?>
<testsuite name="de.uka.ilkd.key.parser.TestTacletParser" tests="20" skipped="0" failures="0" errors="0" timestamp="2023-06-05T22:09:48" hostname="fv-az454-800" time="0.146">
  <properties/>
  <testcase name="testAllRight()" classname="de.uka.ilkd.key.parser.TestTacletParser" time="0.004"/>
  <testcase name="testSchemaJava0()" classname="de.uka.ilkd.key.parser.TestTacletParser" time="0.012"/>
  <testcase name="testSchemaJava1()" classname="de.uka.ilkd.key.parser.TestTacletParser" time="0.016"/>
  <testcase name="testSchemaJava2()" classname="de.uka.ilkd.key.parser.TestTacletParser" time="0.003"/>
  <testcase name="testSchemaJava4()" classname="de.uka.ilkd.key.parser.TestTacletParser" time="0.003"/>
  <testcase name="testSchemaJava6()" classname="de.uka.ilkd.key.parser.TestTacletParser" time="0.002"/>
  <testcase name="testSchemaJava8()" classname="de.uka.ilkd.key.parser.TestTacletParser" time="0.01"/>
  <testcase name="testCut()" classname="de.uka.ilkd.key.parser.TestTacletParser" time="0.002"/>
  <testcase name="testMakeInsertEq()" classname="de.uka.ilkd.key.parser.TestTacletParser" time="0.002"/>
  <testcase name="testAllLeft()" classname="de.uka.ilkd.key.parser.TestTacletParser" time="0.002"/>
  <testcase name="testClose()" classname="de.uka.ilkd.key.parser.TestTacletParser" time="0.01"/>
  <testcase name="testSchemaJava10()" classname="de.uka.ilkd.key.parser.TestTacletParser" time="0.003"/>
  <testcase name="testSchemaJava11()" classname="de.uka.ilkd.key.parser.TestTacletParser" time="0.013"/>
  <testcase name="testFIdempotent()" classname="de.uka.ilkd.key.parser.TestTacletParser" time="0.002"/>
  <testcase name="testImpRight()" classname="de.uka.ilkd.key.parser.TestTacletParser" time="0.002"/>
  <testcase name="testVarcondNew()" classname="de.uka.ilkd.key.parser.TestTacletParser" time="0.011"/>
  <testcase name="testFreeReplacewithVariables()" classname="de.uka.ilkd.key.parser.TestTacletParser" time="0.003"/>
  <testcase name="testImpLeft()" classname="de.uka.ilkd.key.parser.TestTacletParser" time="0.001"/>
  <testcase name="testContraposition()" classname="de.uka.ilkd.key.parser.TestTacletParser" time="0.001"/>
  <testcase name="testExConjSplit()" classname="de.uka.ilkd.key.parser.TestTacletParser" time="0.025"/>
  <system-out><![CDATA[511126     INFO  Test worker     d.u.i.k.n.KeyIO           Parsing took 0 ms 
511126     DEBUG Test worker     d.u.i.k.n.KeyIO           Load declarations of de.uka.ilkd.key.nparser.KeyAst$File:  <unknown>:1#1 
511127     INFO  Test worker     d.u.i.k.n.KeyIO           MODE: declarations took 1 ms 
511127     DEBUG Test worker     d.u.i.k.n.KeyIO           MODE: 2nd degree decls took 0 
511127     DEBUG Test worker     d.u.i.k.n.KeyIO           MODE: taclets took 0ms 
511128     INFO  Test worker     d.u.i.k.n.KeyIO           Parsing took 0 ms 
511128     DEBUG Test worker     d.u.i.k.n.KeyIO           Load declarations of de.uka.ilkd.key.nparser.KeyAst$File:  <unknown>:2#1 
511128     INFO  Test worker     d.u.i.k.n.KeyIO           MODE: declarations took 0 ms 
511128     DEBUG Test worker     d.u.i.k.n.KeyIO           MODE: 2nd degree decls took 0 
511129     DEBUG Test worker     d.u.i.k.n.KeyIO           MODE: taclets took 0ms 
511139     INFO  Test worker     d.u.i.k.n.KeyIO           Parsing took 0 ms 
511139     DEBUG Test worker     d.u.i.k.n.KeyIO           Load declarations of de.uka.ilkd.key.nparser.KeyAst$File:  <unknown>:1#1 
511140     INFO  Test worker     d.u.i.k.n.KeyIO           MODE: declarations took 1 ms 
511140     DEBUG Test worker     d.u.i.k.n.KeyIO           MODE: 2nd degree decls took 0 
511140     DEBUG Test worker     d.u.i.k.n.KeyIO           MODE: taclets took 0ms 
511140     INFO  Test worker     d.u.i.k.n.KeyIO           Parsing took 0 ms 
511140     DEBUG Test worker     d.u.i.k.n.KeyIO           Load declarations of de.uka.ilkd.key.nparser.KeyAst$File:  <unknown>:2#1 
511140     INFO  Test worker     d.u.i.k.n.KeyIO           MODE: declarations took 0 ms 
511140     DEBUG Test worker     d.u.i.k.n.KeyIO           MODE: 2nd degree decls took 0 
511142     DEBUG Test worker     d.u.i.k.n.KeyIO           MODE: taclets took 1ms 
511142     INFO  Test worker     d.u.i.k.n.KeyIO           Parsing took 0 ms 
511143     DEBUG Test worker     d.u.i.k.n.KeyIO           Load declarations of de.uka.ilkd.key.nparser.KeyAst$File:  <unknown>:1#1 
511143     INFO  Test worker     d.u.i.k.n.KeyIO           MODE: declarations took 0 ms 
511143     DEBUG Test worker     d.u.i.k.n.KeyIO           MODE: 2nd degree decls took 0 
511143     DEBUG Test worker     d.u.i.k.n.KeyIO           MODE: taclets took 0ms 
511144     WARN  Test worker     d.u.i.k.n.KeYParser       [syntax-error] null:2:21: extraneous input '<' expecting {MODALITY, FORALL, EXISTS, '\if', '\ifEx', 'true', 'false', '(', ')', '{', '@', NOT, '-', STRING_LITERAL, CHAR_LITERAL, BIN_LITERAL, HEX_LITERAL, IDENT, INT_LITERAL, FLOAT_LITERAL, DOUBLE_LITERAL, REAL_LITERAL} [@12,22:22='<',<173>,2:21] (argument_list, call, accessterm, primitive_term, primitive_labeled_term, bracket_term, atom_prefix, strong_arith_term_2, strong_arith_term_1, weak_arith_term, comparison_term, equality_term, term60, conjunction_term, disjunction_term, implication_term, equivalence_term, elementary_update_term, parallel_term, term, taclet, rulesOrAxioms, decls, file) 
511156     WARN  Test worker     d.u.i.k.n.KeYParser       [syntax-error] null:2:23: no viable alternative at input '{..' [@14,24:25='..',<144>,2:23] (atom_prefix, strong_arith_term_2, strong_arith_term_1, weak_arith_term, comparison_term, equality_term, term60, conjunction_term, disjunction_term, implication_term, equivalence_term, elementary_update_term, parallel_term, term, argument_list, call, accessterm, primitive_term, primitive_labeled_term, bracket_term, atom_prefix, strong_arith_term_2, strong_arith_term_1, weak_arith_term, comparison_term, equality_term, term60, conjunction_term, disjunction_term, implication_term, equivalence_term, elementary_update_term, parallel_term, term, taclet, rulesOrAxioms, decls, file) 
511157     WARN  Test worker     d.u.i.k.n.KeYParser       [syntax-error] null:2:33: mismatched input ';' expecting {',', ')'} [@21,34:34=';',<138>,2:33] (argument_list, call, accessterm, primitive_term, primitive_labeled_term, bracket_term, atom_prefix, strong_arith_term_2, strong_arith_term_1, weak_arith_term, comparison_term, equality_term, term60, conjunction_term, disjunction_term, implication_term, equivalence_term, elementary_update_term, parallel_term, term, taclet, rulesOrAxioms, decls, file) 
511158     WARN  Test worker     d.u.i.k.n.KeYParser       [syntax-error] null:2:41: no viable alternative at input '#i;' [@26,42:42=';',<138>,2:41] (option_list, taclet, rulesOrAxioms, decls, file) 
511158     WARN  Test worker     d.u.i.k.n.KeYParser       [syntax-error] null:2:43: mismatched input '<' expecting {'(', '{'} [@28,44:44='<',<173>,2:43] (taclet, rulesOrAxioms, decls, file) 
511158     WARN  Test worker     d.u.i.k.n.KeYParser       [syntax-error] null:2:47: mismatched input '+' expecting {'(', '{'} [@32,48:48='+',<167>,2:47] (taclet, rulesOrAxioms, decls, file) 
511158     WARN  Test worker     d.u.i.k.n.KeYParser       [syntax-error] null:2:52: extraneous input '..' expecting {'\lemma', '}', IDENT, '/*!'} [@37,53:54='..',<144>,2:52] (rulesOrAxioms, decls, file) 
511158     WARN  Test worker     d.u.i.k.n.KeYParser       [syntax-error] null:2:56: mismatched input '>' expecting {<EOF>, '\problem', '\chooseContract', '\proofObligation', '\proof'} [@40,57:57='>',<168>,2:56] (file) 
511160     INFO  Test worker     d.u.i.k.n.KeyIO           Parsing took 1 ms 
511160     DEBUG Test worker     d.u.i.k.n.KeyIO           Load declarations of de.uka.ilkd.key.nparser.KeyAst$File:  <unknown>:1#1 
511160     INFO  Test worker     d.u.i.k.n.KeyIO           MODE: declarations took 0 ms 
511160     DEBUG Test worker     d.u.i.k.n.KeyIO           MODE: 2nd degree decls took 0 
511161     DEBUG Test worker     d.u.i.k.n.KeyIO           MODE: taclets took 0ms 
511161     WARN  Test worker     d.u.i.k.n.KeYParser       [syntax-error] null:2:21: extraneous input '<' expecting {MODALITY, FORALL, EXISTS, '\if', '\ifEx', 'true', 'false', '(', ')', '{', '@', NOT, '-', STRING_LITERAL, CHAR_LITERAL, BIN_LITERAL, HEX_LITERAL, IDENT, INT_LITERAL, FLOAT_LITERAL, DOUBLE_LITERAL, REAL_LITERAL} [@12,22:22='<',<173>,2:21] (argument_list, call, accessterm, primitive_term, primitive_labeled_term, bracket_term, atom_prefix, strong_arith_term_2, strong_arith_term_1, weak_arith_term, comparison_term, equality_term, term60, conjunction_term, disjunction_term, implication_term, equivalence_term, elementary_update_term, parallel_term, term, taclet, rulesOrAxioms, decls, file) 
511161     WARN  Test worker     d.u.i.k.n.KeYParser       [syntax-error] null:2:23: no viable alternative at input '{..' [@14,24:25='..',<144>,2:23] (atom_prefix, strong_arith_term_2, strong_arith_term_1, weak_arith_term, comparison_term, equality_term, term60, conjunction_term, disjunction_term, implication_term, equivalence_term, elementary_update_term, parallel_term, term, argument_list, call, accessterm, primitive_term, primitive_labeled_term, bracket_term, atom_prefix, strong_arith_term_2, strong_arith_term_1, weak_arith_term, comparison_term, equality_term, term60, conjunction_term, disjunction_term, implication_term, equivalence_term, elementary_update_term, parallel_term, term, taclet, rulesOrAxioms, decls, file) 
511162     WARN  Test worker     d.u.i.k.n.KeYParser       [syntax-error] null:2:33: mismatched input ';' expecting {',', ')'} [@21,34:34=';',<138>,2:33] (argument_list, call, accessterm, primitive_term, primitive_labeled_term, bracket_term, atom_prefix, strong_arith_term_2, strong_arith_term_1, weak_arith_term, comparison_term, equality_term, term60, conjunction_term, disjunction_term, implication_term, equivalence_term, elementary_update_term, parallel_term, term, taclet, rulesOrAxioms, decls, file) 
511162     WARN  Test worker     d.u.i.k.n.KeYParser       [syntax-error] null:2:43: no viable alternative at input '#lab;' [@26,44:44=';',<138>,2:43] (option_list, taclet, rulesOrAxioms, decls, file) 
511162     WARN  Test worker     d.u.i.k.n.KeYParser       [syntax-error] null:2:45: mismatched input '<' expecting {'(', '{'} [@28,46:46='<',<173>,2:45] (taclet, rulesOrAxioms, decls, file) 
511162     WARN  Test worker     d.u.i.k.n.KeYParser       [syntax-error] null:2:50: mismatched input '+' expecting {'(', '{'} [@32,51:51='+',<167>,2:50] (taclet, rulesOrAxioms, decls, file) 
511162     WARN  Test worker     d.u.i.k.n.KeYParser       [syntax-error] null:2:56: extraneous input '..' expecting {'\lemma', '}', IDENT, '/*!'} [@38,57:58='..',<144>,2:56] (rulesOrAxioms, decls, file) 
511163     WARN  Test worker     d.u.i.k.n.KeYParser       [syntax-error] null:2:60: mismatched input '>' expecting {<EOF>, '\problem', '\chooseContract', '\proofObligation', '\proof'} [@41,61:61='>',<168>,2:60] (file) 
511172     INFO  Test worker     d.u.i.k.n.KeyIO           Parsing took 1 ms 
511172     DEBUG Test worker     d.u.i.k.n.KeyIO           Load declarations of de.uka.ilkd.key.nparser.KeyAst$File:  <unknown>:1#1 
511172     INFO  Test worker     d.u.i.k.n.KeyIO           MODE: declarations took 0 ms 
511172     DEBUG Test worker     d.u.i.k.n.KeyIO           MODE: 2nd degree decls took 0 
511173     DEBUG Test worker     d.u.i.k.n.KeyIO           MODE: taclets took 0ms 
511173     INFO  Test worker     d.u.i.k.n.KeyIO           Parsing took 0 ms 
511173     DEBUG Test worker     d.u.i.k.n.KeyIO           Load declarations of de.uka.ilkd.key.nparser.KeyAst$File:  <unknown>:2#1 
511173     INFO  Test worker     d.u.i.k.n.KeyIO           MODE: declarations took 0 ms 
511173     DEBUG Test worker     d.u.i.k.n.KeyIO           MODE: 2nd degree decls took 0 
511175     DEBUG Test worker     d.u.i.k.n.KeyIO           MODE: taclets took 1ms 
511175     INFO  Test worker     d.u.i.k.n.KeyIO           Parsing took 0 ms 
511176     DEBUG Test worker     d.u.i.k.n.KeyIO           Load declarations of de.uka.ilkd.key.nparser.KeyAst$File:  <unknown>:1#1 
511176     INFO  Test worker     d.u.i.k.n.KeyIO           MODE: declarations took 0 ms 
511176     DEBUG Test worker     d.u.i.k.n.KeyIO           MODE: 2nd degree decls took 0 
511176     DEBUG Test worker     d.u.i.k.n.KeyIO           MODE: taclets took 0ms 
511176     INFO  Test worker     d.u.i.k.n.KeyIO           Parsing took 0 ms 
511176     DEBUG Test worker     d.u.i.k.n.KeyIO           Load declarations of de.uka.ilkd.key.nparser.KeyAst$File:  <unknown>:2#1 
511176     INFO  Test worker     d.u.i.k.n.KeyIO           MODE: declarations took 0 ms 
511176     DEBUG Test worker     d.u.i.k.n.KeyIO           MODE: 2nd degree decls took 0 
511178     DEBUG Test worker     d.u.i.k.n.KeyIO           MODE: taclets took 1ms 
511178     INFO  Test worker     d.u.i.k.n.KeyIO           Parsing took 0 ms 
511178     DEBUG Test worker     d.u.i.k.n.KeyIO           Load declarations of de.uka.ilkd.key.nparser.KeyAst$File:  <unknown>:1#1 
511178     INFO  Test worker     d.u.i.k.n.KeyIO           MODE: declarations took 0 ms 
511178     DEBUG Test worker     d.u.i.k.n.KeyIO           MODE: 2nd degree decls took 0 
511179     DEBUG Test worker     d.u.i.k.n.KeyIO           MODE: taclets took 0ms 
511187     INFO  Test worker     d.u.i.k.n.KeyIO           Parsing took 8 ms 
511187     DEBUG Test worker     d.u.i.k.n.KeyIO           Load declarations of de.uka.ilkd.key.nparser.KeyAst$File:  <unknown>:2#1 
511187     INFO  Test worker     d.u.i.k.n.KeyIO           MODE: declarations took 0 ms 
511187     DEBUG Test worker     d.u.i.k.n.KeyIO           MODE: 2nd degree decls took 0 
511188     DEBUG Test worker     d.u.i.k.n.KeyIO           MODE: taclets took 1ms 
511189     INFO  Test worker     d.u.i.k.n.KeyIO           Parsing took 1 ms 
511189     DEBUG Test worker     d.u.i.k.n.KeyIO           Load declarations of de.uka.ilkd.key.nparser.KeyAst$File:  <unknown>:1#1 
511189     INFO  Test worker     d.u.i.k.n.KeyIO           MODE: declarations took 0 ms 
511189     DEBUG Test worker     d.u.i.k.n.KeyIO           MODE: 2nd degree decls took 0 
511189     DEBUG Test worker     d.u.i.k.n.KeyIO           MODE: taclets took 0ms 
511190     INFO  Test worker     d.u.i.k.n.KeyIO           Parsing took 1 ms 
511190     DEBUG Test worker     d.u.i.k.n.KeyIO           Load declarations of de.uka.ilkd.key.nparser.KeyAst$File:  <unknown>:2#1 
511190     INFO  Test worker     d.u.i.k.n.KeyIO           MODE: declarations took 0 ms 
511190     DEBUG Test worker     d.u.i.k.n.KeyIO           MODE: 2nd degree decls took 0 
511190     DEBUG Test worker     d.u.i.k.n.KeyIO           MODE: taclets took 0ms 
511191     INFO  Test worker     d.u.i.k.n.KeyIO           Parsing took 0 ms 
511191     DEBUG Test worker     d.u.i.k.n.KeyIO           Load declarations of de.uka.ilkd.key.nparser.KeyAst$File:  <unknown>:1#1 
511191     INFO  Test worker     d.u.i.k.n.KeyIO           MODE: declarations took 0 ms 
511191     DEBUG Test worker     d.u.i.k.n.KeyIO           MODE: 2nd degree decls took 0 
511191     DEBUG Test worker     d.u.i.k.n.KeyIO           MODE: taclets took 0ms 
511192     INFO  Test worker     d.u.i.k.n.KeyIO           Parsing took 0 ms 
511192     DEBUG Test worker     d.u.i.k.n.KeyIO           Load declarations of de.uka.ilkd.key.nparser.KeyAst$File:  <unknown>:2#1 
511192     INFO  Test worker     d.u.i.k.n.KeyIO           MODE: declarations took 0 ms 
511192     DEBUG Test worker     d.u.i.k.n.KeyIO           MODE: 2nd degree decls took 0 
511192     DEBUG Test worker     d.u.i.k.n.KeyIO           MODE: taclets took 0ms 
511193     INFO  Test worker     d.u.i.k.n.KeyIO           Parsing took 0 ms 
511193     DEBUG Test worker     d.u.i.k.n.KeyIO           Load declarations of de.uka.ilkd.key.nparser.KeyAst$File:  <unknown>:1#1 
511193     INFO  Test worker     d.u.i.k.n.KeyIO           MODE: declarations took 0 ms 
511193     DEBUG Test worker     d.u.i.k.n.KeyIO           MODE: 2nd degree decls took 0 
511194     DEBUG Test worker     d.u.i.k.n.KeyIO           MODE: taclets took 1ms 
511194     INFO  Test worker     d.u.i.k.n.KeyIO           Parsing took 0 ms 
511194     DEBUG Test worker     d.u.i.k.n.KeyIO           Load declarations of de.uka.ilkd.key.nparser.KeyAst$File:  <unknown>:2#1 
511194     INFO  Test worker     d.u.i.k.n.KeyIO           MODE: declarations took 0 ms 
511194     DEBUG Test worker     d.u.i.k.n.KeyIO           MODE: 2nd degree decls took 0 
511194     DEBUG Test worker     d.u.i.k.n.KeyIO           MODE: taclets took 0ms 
511203     INFO  Test worker     d.u.i.k.n.KeyIO           Parsing took 8 ms 
511203     DEBUG Test worker     d.u.i.k.n.KeyIO           Load declarations of de.uka.ilkd.key.nparser.KeyAst$File:  <unknown>:1#1 
511203     INFO  Test worker     d.u.i.k.n.KeyIO           MODE: declarations took 0 ms 
511203     DEBUG Test worker     d.u.i.k.n.KeyIO           MODE: 2nd degree decls took 0 
511204     DEBUG Test worker     d.u.i.k.n.KeyIO           MODE: taclets took 0ms 
511204     INFO  Test worker     d.u.i.k.n.KeyIO           Parsing took 0 ms 
511204     DEBUG Test worker     d.u.i.k.n.KeyIO           Load declarations of de.uka.ilkd.key.nparser.KeyAst$File:  <unknown>:2#1 
511204     INFO  Test worker     d.u.i.k.n.KeyIO           MODE: declarations took 0 ms 
511204     DEBUG Test worker     d.u.i.k.n.KeyIO           MODE: 2nd degree decls took 0 
511205     DEBUG Test worker     d.u.i.k.n.KeyIO           MODE: taclets took 0ms 
511205     INFO  Test worker     d.u.i.k.n.KeyIO           Parsing took 0 ms 
511205     DEBUG Test worker     d.u.i.k.n.KeyIO           Load declarations of de.uka.ilkd.key.nparser.KeyAst$File:  <unknown>:1#1 
511206     INFO  Test worker     d.u.i.k.n.KeyIO           MODE: declarations took 0 ms 
511206     DEBUG Test worker     d.u.i.k.n.KeyIO           MODE: 2nd degree decls took 0 
511206     DEBUG Test worker     d.u.i.k.n.KeyIO           MODE: taclets took 0ms 
511206     INFO  Test worker     d.u.i.k.n.KeyIO           Parsing took 0 ms 
511206     DEBUG Test worker     d.u.i.k.n.KeyIO           Load declarations of de.uka.ilkd.key.nparser.KeyAst$File:  <unknown>:2#1 
511206     INFO  Test worker     d.u.i.k.n.KeyIO           MODE: declarations took 0 ms 
511206     DEBUG Test worker     d.u.i.k.n.KeyIO           MODE: 2nd degree decls took 0 
511207     DEBUG Test worker     d.u.i.k.n.KeyIO           MODE: taclets took 1ms 
511208     INFO  Test worker     d.u.i.k.n.KeyIO           Parsing took 1 ms 
511208     DEBUG Test worker     d.u.i.k.n.KeyIO           Load declarations of de.uka.ilkd.key.nparser.KeyAst$File:  <unknown>:1#1 
511208     INFO  Test worker     d.u.i.k.n.KeyIO           MODE: declarations took 0 ms 
511208     DEBUG Test worker     d.u.i.k.n.KeyIO           MODE: 2nd degree decls took 0 
511208     DEBUG Test worker     d.u.i.k.n.KeyIO           MODE: taclets took 0ms 
511209     INFO  Test worker     d.u.i.k.n.KeyIO           Parsing took 1 ms 
511209     DEBUG Test worker     d.u.i.k.n.KeyIO           Load declarations of de.uka.ilkd.key.nparser.KeyAst$File:  <unknown>:2#1 
511209     INFO  Test worker     d.u.i.k.n.KeyIO           MODE: declarations took 0 ms 
511209     DEBUG Test worker     d.u.i.k.n.KeyIO           MODE: 2nd degree decls took 0 
511221     DEBUG Test worker     d.u.i.k.n.KeyIO           MODE: taclets took 10ms 
511221     INFO  Test worker     d.u.i.k.n.KeyIO           Parsing took 0 ms 
511221     DEBUG Test worker     d.u.i.k.n.KeyIO           Load declarations of de.uka.ilkd.key.nparser.KeyAst$File:  <unknown>:1#1 
511221     INFO  Test worker     d.u.i.k.n.KeyIO           MODE: declarations took 0 ms 
511221     DEBUG Test worker     d.u.i.k.n.KeyIO           MODE: 2nd degree decls took 0 
511222     DEBUG Test worker     d.u.i.k.n.KeyIO           MODE: taclets took 0ms 
511222     INFO  Test worker     d.u.i.k.n.KeyIO           Parsing took 0 ms 
511222     DEBUG Test worker     d.u.i.k.n.KeyIO           Load declarations of de.uka.ilkd.key.nparser.KeyAst$File:  <unknown>:2#1 
511222     INFO  Test worker     d.u.i.k.n.KeyIO           MODE: declarations took 0 ms 
511222     DEBUG Test worker     d.u.i.k.n.KeyIO           MODE: 2nd degree decls took 0 
511223     DEBUG Test worker     d.u.i.k.n.KeyIO           MODE: taclets took 0ms 
511224     INFO  Test worker     d.u.i.k.n.KeyIO           Parsing took 1 ms 
511224     DEBUG Test worker     d.u.i.k.n.KeyIO           Load declarations of de.uka.ilkd.key.nparser.KeyAst$File:  <unknown>:1#1 
511224     INFO  Test worker     d.u.i.k.n.KeyIO           MODE: declarations took 0 ms 
511224     DEBUG Test worker     d.u.i.k.n.KeyIO           MODE: 2nd degree decls took 0 
511224     DEBUG Test worker     d.u.i.k.n.KeyIO           MODE: taclets took 0ms 
511224     INFO  Test worker     d.u.i.k.n.KeyIO           Parsing took 0 ms 
511225     DEBUG Test worker     d.u.i.k.n.KeyIO           Load declarations of de.uka.ilkd.key.nparser.KeyAst$File:  <unknown>:2#1 
511225     INFO  Test worker     d.u.i.k.n.KeyIO           MODE: declarations took 0 ms 
511225     DEBUG Test worker     d.u.i.k.n.KeyIO           MODE: 2nd degree decls took 0 
511225     DEBUG Test worker     d.u.i.k.n.KeyIO           MODE: taclets took 0ms 
511226     INFO  Test worker     d.u.i.k.n.KeyIO           Parsing took 0 ms 
511226     DEBUG Test worker     d.u.i.k.n.KeyIO           Load declarations of de.uka.ilkd.key.nparser.KeyAst$File:  <unknown>:1#1 
511226     INFO  Test worker     d.u.i.k.n.KeyIO           MODE: declarations took 0 ms 
511226     DEBUG Test worker     d.u.i.k.n.KeyIO           MODE: 2nd degree decls took 0 
511227     DEBUG Test worker     d.u.i.k.n.KeyIO           MODE: taclets took 1ms 
511227     INFO  Test worker     d.u.i.k.n.KeyIO           Parsing took 0 ms 
511235     DEBUG Test worker     d.u.i.k.n.KeyIO           Load declarations of de.uka.ilkd.key.nparser.KeyAst$File:  <unknown>:2#1 
511235     INFO  Test worker     d.u.i.k.n.KeyIO           MODE: declarations took 0 ms 
511235     DEBUG Test worker     d.u.i.k.n.KeyIO           MODE: 2nd degree decls took 0 
511236     DEBUG Test worker     d.u.i.k.n.KeyIO           MODE: taclets took 1ms 
511236     INFO  Test worker     d.u.i.k.n.KeyIO           Parsing took 0 ms 
511236     DEBUG Test worker     d.u.i.k.n.KeyIO           Load declarations of de.uka.ilkd.key.nparser.KeyAst$File:  <unknown>:2#1 
511236     INFO  Test worker     d.u.i.k.n.KeyIO           MODE: declarations took 0 ms 
511236     DEBUG Test worker     d.u.i.k.n.KeyIO           MODE: 2nd degree decls took 0 
511236     DEBUG Test worker     d.u.i.k.n.KeyIO           MODE: taclets took 0ms 
511237     INFO  Test worker     d.u.i.k.n.KeyIO           Parsing took 0 ms 
511237     DEBUG Test worker     d.u.i.k.n.KeyIO           Load declarations of de.uka.ilkd.key.nparser.KeyAst$File:  <unknown>:1#1 
511237     INFO  Test worker     d.u.i.k.n.KeyIO           MODE: declarations took 0 ms 
511237     DEBUG Test worker     d.u.i.k.n.KeyIO           MODE: 2nd degree decls took 0 
511238     DEBUG Test worker     d.u.i.k.n.KeyIO           MODE: taclets took 0ms 
511238     INFO  Test worker     d.u.i.k.n.KeyIO           Parsing took 0 ms 
511238     DEBUG Test worker     d.u.i.k.n.KeyIO           Load declarations of de.uka.ilkd.key.nparser.KeyAst$File:  <unknown>:2#1 
511238     INFO  Test worker     d.u.i.k.n.KeyIO           MODE: declarations took 0 ms 
511238     DEBUG Test worker     d.u.i.k.n.KeyIO           MODE: 2nd degree decls took 0 
511240     INFO  Test worker     d.u.i.k.n.KeyIO           Parsing took 1 ms 
511240     DEBUG Test worker     d.u.i.k.n.KeyIO           Load declarations of de.uka.ilkd.key.nparser.KeyAst$File:  <unknown>:1#1 
511240     INFO  Test worker     d.u.i.k.n.KeyIO           MODE: declarations took 0 ms 
511240     DEBUG Test worker     d.u.i.k.n.KeyIO           MODE: 2nd degree decls took 0 
511240     DEBUG Test worker     d.u.i.k.n.KeyIO           MODE: taclets took 0ms 
511240     INFO  Test worker     d.u.i.k.n.KeyIO           Parsing took 0 ms 
511240     DEBUG Test worker     d.u.i.k.n.KeyIO           Load declarations of de.uka.ilkd.key.nparser.KeyAst$File:  <unknown>:2#1 
511240     INFO  Test worker     d.u.i.k.n.KeyIO           MODE: declarations took 0 ms 
511240     DEBUG Test worker     d.u.i.k.n.KeyIO           MODE: 2nd degree decls took 0 
511241     DEBUG Test worker     d.u.i.k.n.KeyIO           MODE: taclets took 0ms 
511241     INFO  Test worker     d.u.i.k.n.KeyIO           Parsing took 0 ms 
511242     DEBUG Test worker     d.u.i.k.n.KeyIO           Load declarations of de.uka.ilkd.key.nparser.KeyAst$File:  <unknown>:1#1 
511242     INFO  Test worker     d.u.i.k.n.KeyIO           MODE: declarations took 0 ms 
511242     DEBUG Test worker     d.u.i.k.n.KeyIO           MODE: 2nd degree decls took 0 
511242     DEBUG Test worker     d.u.i.k.n.KeyIO           MODE: taclets took 0ms 
511242     INFO  Test worker     d.u.i.k.n.KeyIO           Parsing took 0 ms 
511242     DEBUG Test worker     d.u.i.k.n.KeyIO           Load declarations of de.uka.ilkd.key.nparser.KeyAst$File:  <unknown>:2#1 
511242     INFO  Test worker     d.u.i.k.n.KeyIO           MODE: declarations took 0 ms 
511242     DEBUG Test worker     d.u.i.k.n.KeyIO           MODE: 2nd degree decls took 0 
511243     DEBUG Test worker     d.u.i.k.n.KeyIO           MODE: taclets took 0ms 
511247     INFO  Test worker     d.u.i.k.n.KeyIO           Parsing took 1 ms 
511251     DEBUG Test worker     d.u.i.k.n.KeyIO           Load declarations of de.uka.ilkd.key.nparser.KeyAst$File:  <unknown>:1#1 
511251     INFO  Test worker     d.u.i.k.n.KeyIO           MODE: declarations took 0 ms 
511252     DEBUG Test worker     d.u.i.k.n.KeyIO           MODE: 2nd degree decls took 0 
511252     DEBUG Test worker     d.u.i.k.n.KeyIO           MODE: taclets took 0ms 
511269     INFO  Test worker     d.u.i.k.n.KeyIO           Parsing took 16 ms 
511270     DEBUG Test worker     d.u.i.k.n.KeyIO           Load declarations of de.uka.ilkd.key.nparser.KeyAst$File:  <unknown>:2#1 
511270     INFO  Test worker     d.u.i.k.n.KeyIO           MODE: declarations took 0 ms 
511270     DEBUG Test worker     d.u.i.k.n.KeyIO           MODE: 2nd degree decls took 0 
511271     DEBUG Test worker     d.u.i.k.n.KeyIO           MODE: taclets took 0ms 
]]></system-out>
  <system-err><![CDATA[]]></system-err>
</testsuite>
