<?xml version="1.0" encoding="UTF-8"?>
<testsuite name="de.uka.ilkd.key.taclettranslation.TestTacletTranslator" tests="5" skipped="0" failures="0" errors="0" timestamp="2023-06-05T22:23:21" hostname="fv-az454-800" time="0.017">
  <properties/>
  <testcase name="testPropositional1()" classname="de.uka.ilkd.key.taclettranslation.TestTacletTranslator" time="0.006"/>
  <testcase name="testPropositional2()" classname="de.uka.ilkd.key.taclettranslation.TestTacletTranslator" time="0.003"/>
  <testcase name="testNegativePolarity()" classname="de.uka.ilkd.key.taclettranslation.TestTacletTranslator" time="0.002"/>
  <testcase name="testNoPolarity()" classname="de.uka.ilkd.key.taclettranslation.TestTacletTranslator" time="0.002"/>
  <testcase name="testPositivePolarity()" classname="de.uka.ilkd.key.taclettranslation.TestTacletTranslator" time="0.002"/>
  <system-out><![CDATA[1324141    INFO  Test worker     d.u.i.k.n.KeyIO           Parsing took 0 ms 
1324142    DEBUG Test worker     d.u.i.k.n.KeyIO           Load declarations of de.uka.ilkd.key.nparser.KeyAst$File:  <unknown>:1#1 
1324142    INFO  Test worker     d.u.i.k.n.KeyIO           MODE: declarations took 0 ms 
1324142    DEBUG Test worker     d.u.i.k.n.KeyIO           MODE: 2nd degree decls took 0 
1324143    DEBUG Test worker     d.u.i.k.n.KeyIO           MODE: taclets took 0ms 
1324147    INFO  Test worker     d.u.i.k.n.KeyIO           Parsing took 0 ms 
1324148    DEBUG Test worker     d.u.i.k.n.KeyIO           Load declarations of de.uka.ilkd.key.nparser.KeyAst$File:  <unknown>:1#1 
1324148    INFO  Test worker     d.u.i.k.n.KeyIO           MODE: declarations took 0 ms 
1324148    DEBUG Test worker     d.u.i.k.n.KeyIO           MODE: 2nd degree decls took 0 
1324148    DEBUG Test worker     d.u.i.k.n.KeyIO           MODE: taclets took 0ms 
1324150    INFO  Test worker     d.u.i.k.n.KeyIO           Parsing took 0 ms 
1324151    DEBUG Test worker     d.u.i.k.n.KeyIO           Load declarations of de.uka.ilkd.key.nparser.KeyAst$File:  <unknown>:1#1 
1324151    INFO  Test worker     d.u.i.k.n.KeyIO           MODE: declarations took 0 ms 
1324151    DEBUG Test worker     d.u.i.k.n.KeyIO           MODE: 2nd degree decls took 0 
1324151    DEBUG Test worker     d.u.i.k.n.KeyIO           MODE: taclets took 0ms 
1324153    INFO  Test worker     d.u.i.k.n.KeyIO           Parsing took 0 ms 
1324154    DEBUG Test worker     d.u.i.k.n.KeyIO           Load declarations of de.uka.ilkd.key.nparser.KeyAst$File:  <unknown>:1#1 
1324154    INFO  Test worker     d.u.i.k.n.KeyIO           MODE: declarations took 0 ms 
1324154    DEBUG Test worker     d.u.i.k.n.KeyIO           MODE: 2nd degree decls took 0 
1324154    DEBUG Test worker     d.u.i.k.n.KeyIO           MODE: taclets took 0ms 
1324156    INFO  Test worker     d.u.i.k.n.KeyIO           Parsing took 0 ms 
1324156    DEBUG Test worker     d.u.i.k.n.KeyIO           Load declarations of de.uka.ilkd.key.nparser.KeyAst$File:  <unknown>:1#1 
1324157    INFO  Test worker     d.u.i.k.n.KeyIO           MODE: declarations took 1 ms 
1324157    DEBUG Test worker     d.u.i.k.n.KeyIO           MODE: 2nd degree decls took 0 
1324157    DEBUG Test worker     d.u.i.k.n.KeyIO           MODE: taclets took 0ms 
]]></system-out>
  <system-err><![CDATA[]]></system-err>
</testsuite>
