<?xml version="1.0" encoding="UTF-8"?>
<testsuite name="de.uka.ilkd.key.parser.TestTermParserSorts" tests="2" skipped="0" failures="0" errors="0" timestamp="2023-06-05T22:13:13" hostname="fv-az454-800" time="4.987">
  <properties/>
  <testcase name="testParseIntegerArgs()" classname="de.uka.ilkd.key.parser.TestTermParserSorts" time="0.015"/>
  <testcase name="testParseSequencePrettySyntax()" classname="de.uka.ilkd.key.parser.TestTermParserSorts" time="0.002"/>
  <system-out><![CDATA[716071     INFO  Test worker     d.u.i.k.n.KeyIO           Parsing took 0 ms 
716071     DEBUG Test worker     d.u.i.k.n.KeyIO           Load declarations of de.uka.ilkd.key.nparser.KeyAst$File:  <unknown>:1#1 
716071     INFO  Test worker     d.u.i.k.n.KeyIO           MODE: declarations took 0 ms 
716071     DEBUG Test worker     d.u.i.k.n.KeyIO           MODE: 2nd degree decls took 0 
716071     INFO  Test worker     d.u.i.k.n.KeyIO           Parsing took 0 ms 
716071     DEBUG Test worker     d.u.i.k.n.KeyIO           Load declarations of de.uka.ilkd.key.nparser.KeyAst$File:  <unknown>:1#1 
716071     INFO  Test worker     d.u.i.k.n.KeyIO           MODE: declarations took 0 ms 
716071     DEBUG Test worker     d.u.i.k.n.KeyIO           MODE: 2nd degree decls took 0 
716071     INFO  Test worker     d.u.i.k.n.KeyIO           Parsing took 0 ms 
716071     DEBUG Test worker     d.u.i.k.n.KeyIO           Load declarations of de.uka.ilkd.key.nparser.KeyAst$File:  <unknown>:1#1 
716072     INFO  Test worker     d.u.i.k.n.KeyIO           MODE: declarations took 1 ms 
716072     DEBUG Test worker     d.u.i.k.n.KeyIO           MODE: 2nd degree decls took 0 
721056     INFO  Test worker     d.u.i.k.n.KeyIO           Parsing took 0 ms 
721056     DEBUG Test worker     d.u.i.k.n.KeyIO           Load declarations of de.uka.ilkd.key.nparser.KeyAst$File:  <unknown>:1#1 
721056     INFO  Test worker     d.u.i.k.n.KeyIO           MODE: declarations took 0 ms 
721056     DEBUG Test worker     d.u.i.k.n.KeyIO           MODE: 2nd degree decls took 0 
721056     INFO  Test worker     d.u.i.k.n.KeyIO           Parsing took 0 ms 
721056     DEBUG Test worker     d.u.i.k.n.KeyIO           Load declarations of de.uka.ilkd.key.nparser.KeyAst$File:  <unknown>:1#1 
721056     INFO  Test worker     d.u.i.k.n.KeyIO           MODE: declarations took 0 ms 
721056     DEBUG Test worker     d.u.i.k.n.KeyIO           MODE: 2nd degree decls took 0 
721056     INFO  Test worker     d.u.i.k.n.KeyIO           Parsing took 0 ms 
721056     DEBUG Test worker     d.u.i.k.n.KeyIO           Load declarations of de.uka.ilkd.key.nparser.KeyAst$File:  <unknown>:1#1 
721057     INFO  Test worker     d.u.i.k.n.KeyIO           MODE: declarations took 1 ms 
721057     DEBUG Test worker     d.u.i.k.n.KeyIO           MODE: 2nd degree decls took 0 
]]></system-out>
  <system-err><![CDATA[]]></system-err>
</testsuite>
