<?xml version="1.0" encoding="UTF-8"?>
<testsuite name="de.uka.ilkd.key.rule.loop.LoopScopeInvRuleTests" tests="1" skipped="0" failures="0" errors="0" timestamp="2023-06-05T22:13:58" hostname="fv-az454-800" time="7.292">
  <properties/>
  <testcase name="testDoAutomaticProofOfBenchmarkWithLabeledBreaksAndContinues()" classname="de.uka.ilkd.key.rule.loop.LoopScopeInvRuleTests" time="7.292"/>
  <system-out><![CDATA[760438     INFO  Test worker     d.u.i.k.p.i.AbstractProblemLoader Loading environment from src/test/resources/testcase/loopScopeInvRule/Test.key 
760438     DEBUG Test worker     d.u.i.k.p.i.AbstractProblemLoader Environment load took 103.4ns 
760439     INFO  Test worker     d.u.i.k.p.i.AbstractProblemLoader Creating init config 
760639     DEBUG Test worker     d.u.i.k.j.TypeConverter   No LDT found for Meta 
760639     DEBUG Test worker     d.u.i.k.j.TypeConverter   No LDT found for Meta 
760640     DEBUG Test worker     d.u.i.k.j.TypeConverter   No LDT found for Meta 
760640     DEBUG Test worker     d.u.i.k.j.TypeConverter   No LDT found for Meta 
761535     DEBUG Test worker     d.u.i.k.j.TypeConverter   No LDT found for JavaBigintExpression 
766972     DEBUG Test worker     d.u.i.k.p.i.AbstractProblemLoader Init config took 6.53s 
767018     INFO  Test worker     d.u.i.k.p.i.AbstractProblemLoader Replaying proof Test[Test::loopScopeRuleBenchmark(int,boolean)].JML normal_behavior operation contract.0 
767021     DEBUG Test worker     d.u.i.k.p.i.IntermediateProofReplayer Proof replay took 64.2ns 
]]></system-out>
  <system-err><![CDATA[]]></system-err>
</testsuite>
