<?xml version="1.0" encoding="UTF-8"?>
<testsuite name="de.uka.ilkd.key.proof.TestOneStepSimplifier" tests="1" skipped="0" failures="0" errors="0" timestamp="2023-06-05T22:13:18" hostname="fv-az454-800" time="6.335">
  <properties/>
  <testcase name="loadWithRestriction()" classname="de.uka.ilkd.key.proof.TestOneStepSimplifier" time="6.335"/>
  <system-out><![CDATA[721081     INFO  Test worker     d.u.i.k.p.i.AbstractProblemLoader Loading environment from src/test/resources/testcase/ossRestriction.proof 
721082     DEBUG Test worker     d.u.i.k.p.i.AbstractProblemLoader Environment load took 100.4ns 
721082     INFO  Test worker     d.u.i.k.p.i.AbstractProblemLoader Creating init config 
721281     DEBUG Test worker     d.u.i.k.j.TypeConverter   No LDT found for Meta 
721281     DEBUG Test worker     d.u.i.k.j.TypeConverter   No LDT found for Meta 
721282     DEBUG Test worker     d.u.i.k.j.TypeConverter   No LDT found for Meta 
721282     DEBUG Test worker     d.u.i.k.j.TypeConverter   No LDT found for Meta 
722070     DEBUG Test worker     d.u.i.k.j.TypeConverter   No LDT found for JavaBigintExpression 
727384     DEBUG Test worker     d.u.i.k.p.i.AbstractProblemLoader Init config took 6.3s 
727412     INFO  Test worker     d.u.i.k.p.i.AbstractProblemLoader Replaying proof ossRestriction.proof 
727416     DEBUG Test worker     d.u.i.k.p.i.IntermediateProofReplayer Proof replay took 1.06ms 
]]></system-out>
  <system-err><![CDATA[]]></system-err>
</testsuite>
