<?xml version="1.0" encoding="UTF-8"?>
<testsuite name="de.uka.ilkd.key.parser.TestDeclParser" tests="14" skipped="2" failures="0" errors="0" timestamp="2023-06-05T22:07:14" hostname="fv-az454-800" time="18.502">
  <properties/>
  <testcase name="testGenericSortDecl1()" classname="de.uka.ilkd.key.parser.TestDeclParser" time="1.684"/>
  <testcase name="testGenericSortDecl2()" classname="de.uka.ilkd.key.parser.TestDeclParser" time="1.613"/>
  <testcase name="testGenericSortDecl3()" classname="de.uka.ilkd.key.parser.TestDeclParser" time="1.522"/>
  <testcase name="testGenericSortDecl4()" classname="de.uka.ilkd.key.parser.TestDeclParser" time="1.508"/>
  <testcase name="testGenericSortDecl5()" classname="de.uka.ilkd.key.parser.TestDeclParser" time="0.0">
    <skipped/>
  </testcase>
  <testcase name="testGenericSortDecl6()" classname="de.uka.ilkd.key.parser.TestDeclParser" time="1.513"/>
  <testcase name="testSortDecl()" classname="de.uka.ilkd.key.parser.TestDeclParser" time="1.511"/>
  <testcase name="testProxySortDecl()" classname="de.uka.ilkd.key.parser.TestDeclParser" time="1.531"/>
  <testcase name="testArrayDecl()" classname="de.uka.ilkd.key.parser.TestDeclParser" time="1.561"/>
  <testcase name="testAmbiguousDecls()" classname="de.uka.ilkd.key.parser.TestDeclParser" time="0.0">
    <skipped/>
  </testcase>
  <testcase name="testHeurDecl()" classname="de.uka.ilkd.key.parser.TestDeclParser" time="1.503"/>
  <testcase name="testFunctionDecl()" classname="de.uka.ilkd.key.parser.TestDeclParser" time="1.529"/>
  <testcase name="testPredicateDecl()" classname="de.uka.ilkd.key.parser.TestDeclParser" time="1.518"/>
  <testcase name="testSVDecl()" classname="de.uka.ilkd.key.parser.TestDeclParser" time="1.505"/>
  <system-out><![CDATA[358214     INFO  Test worker     d.u.i.k.n.KeyIO           Parsing took 1 ms 
358214     DEBUG Test worker     d.u.i.k.n.KeyIO           Load declarations of de.uka.ilkd.key.nparser.KeyAst$File:  <unknown>:1#1 
358214     INFO  Test worker     d.u.i.k.n.KeyIO           MODE: declarations took 0 ms 
358214     DEBUG Test worker     d.u.i.k.n.KeyIO           MODE: 2nd degree decls took 0 
358216     DEBUG Test worker     d.u.i.k.n.KeyIO           MODE: taclets took 2ms 
359829     INFO  Test worker     d.u.i.k.n.KeyIO           Parsing took 0 ms 
359830     DEBUG Test worker     d.u.i.k.n.KeyIO           Load declarations of de.uka.ilkd.key.nparser.KeyAst$File:  <unknown>:1#1 
359830     INFO  Test worker     d.u.i.k.n.KeyIO           MODE: declarations took 0 ms 
359830     DEBUG Test worker     d.u.i.k.n.KeyIO           MODE: 2nd degree decls took 0 
359830     DEBUG Test worker     d.u.i.k.n.KeyIO           MODE: taclets took 0ms 
361351     INFO  Test worker     d.u.i.k.n.KeyIO           Parsing took 0 ms 
361351     DEBUG Test worker     d.u.i.k.n.KeyIO           Load declarations of de.uka.ilkd.key.nparser.KeyAst$File:  <unknown>:1#1 
361351     INFO  Test worker     d.u.i.k.n.KeyIO           MODE: declarations took 0 ms 
361352     DEBUG Test worker     d.u.i.k.n.KeyIO           MODE: 2nd degree decls took 0 
361352     DEBUG Test worker     d.u.i.k.n.KeyIO           MODE: taclets took 0ms 
362860     INFO  Test worker     d.u.i.k.n.KeyIO           Parsing took 1 ms 
362860     DEBUG Test worker     d.u.i.k.n.KeyIO           Load declarations of de.uka.ilkd.key.nparser.KeyAst$File:  <unknown>:1#1 
362860     INFO  Test worker     d.u.i.k.n.KeyIO           MODE: declarations took 0 ms 
362860     DEBUG Test worker     d.u.i.k.n.KeyIO           MODE: 2nd degree decls took 0 
362860     DEBUG Test worker     d.u.i.k.n.KeyIO           MODE: taclets took 0ms 
364374     INFO  Test worker     d.u.i.k.n.KeyIO           Parsing took 0 ms 
364374     DEBUG Test worker     d.u.i.k.n.KeyIO           Load declarations of de.uka.ilkd.key.nparser.KeyAst$File:  <unknown>:1#1 
364374     INFO  Test worker     d.u.i.k.n.KeyIO           MODE: declarations took 0 ms 
364374     DEBUG Test worker     d.u.i.k.n.KeyIO           MODE: 2nd degree decls took 0 
364374     DEBUG Test worker     d.u.i.k.n.KeyIO           MODE: taclets took 0ms 
365885     INFO  Test worker     d.u.i.k.n.KeyIO           Parsing took 0 ms 
365885     DEBUG Test worker     d.u.i.k.n.KeyIO           Load declarations of de.uka.ilkd.key.nparser.KeyAst$File:  <unknown>:1#1 
365885     INFO  Test worker     d.u.i.k.n.KeyIO           MODE: declarations took 0 ms 
365885     DEBUG Test worker     d.u.i.k.n.KeyIO           MODE: 2nd degree decls took 0 
365885     DEBUG Test worker     d.u.i.k.n.KeyIO           MODE: taclets took 0ms 
367414     INFO  Test worker     d.u.i.k.n.KeyIO           Parsing took 1 ms 
367415     DEBUG Test worker     d.u.i.k.n.KeyIO           Load declarations of de.uka.ilkd.key.nparser.KeyAst$File:  <unknown>:1#1 
367416     INFO  Test worker     d.u.i.k.n.KeyIO           MODE: declarations took 1 ms 
367416     DEBUG Test worker     d.u.i.k.n.KeyIO           MODE: 2nd degree decls took 0 
367416     DEBUG Test worker     d.u.i.k.n.KeyIO           MODE: taclets took 0ms 
368976     INFO  Test worker     d.u.i.k.n.KeyIO           Parsing took 0 ms 
368977     DEBUG Test worker     d.u.i.k.n.KeyIO           Load declarations of de.uka.ilkd.key.nparser.KeyAst$File:  <unknown>:1#1 
368977     INFO  Test worker     d.u.i.k.n.KeyIO           MODE: declarations took 0 ms 
368978     DEBUG Test worker     d.u.i.k.n.KeyIO           MODE: 2nd degree decls took 1 
368978     DEBUG Test worker     d.u.i.k.n.KeyIO           MODE: taclets took 0ms 
370480     INFO  Test worker     d.u.i.k.n.KeyIO           Parsing took 0 ms 
370481     DEBUG Test worker     d.u.i.k.n.KeyIO           Load declarations of de.uka.ilkd.key.nparser.KeyAst$File:  <unknown>:1#1 
370482     INFO  Test worker     d.u.i.k.n.KeyIO           MODE: declarations took 1 ms 
370482     DEBUG Test worker     d.u.i.k.n.KeyIO           MODE: 2nd degree decls took 0 
370482     DEBUG Test worker     d.u.i.k.n.KeyIO           MODE: taclets took 0ms 
372009     INFO  Test worker     d.u.i.k.n.KeyIO           Parsing took 0 ms 
372010     DEBUG Test worker     d.u.i.k.n.KeyIO           Load declarations of de.uka.ilkd.key.nparser.KeyAst$File:  <unknown>:1#1 
372010     INFO  Test worker     d.u.i.k.n.KeyIO           MODE: declarations took 0 ms 
372011     DEBUG Test worker     d.u.i.k.n.KeyIO           MODE: 2nd degree decls took 0 
372011     DEBUG Test worker     d.u.i.k.n.KeyIO           MODE: taclets took 0ms 
373529     INFO  Test worker     d.u.i.k.n.KeyIO           Parsing took 0 ms 
373529     DEBUG Test worker     d.u.i.k.n.KeyIO           Load declarations of de.uka.ilkd.key.nparser.KeyAst$File:  <unknown>:1#1 
373529     INFO  Test worker     d.u.i.k.n.KeyIO           MODE: declarations took 0 ms 
373530     DEBUG Test worker     d.u.i.k.n.KeyIO           MODE: 2nd degree decls took 1 
373530     DEBUG Test worker     d.u.i.k.n.KeyIO           MODE: taclets took 0ms 
375034     INFO  Test worker     d.u.i.k.n.KeyIO           Parsing took 0 ms 
375034     DEBUG Test worker     d.u.i.k.n.KeyIO           Load declarations of de.uka.ilkd.key.nparser.KeyAst$File:  <unknown>:1#1 
375034     INFO  Test worker     d.u.i.k.n.KeyIO           MODE: declarations took 0 ms 
375034     DEBUG Test worker     d.u.i.k.n.KeyIO           MODE: 2nd degree decls took 0 
375034     DEBUG Test worker     d.u.i.k.n.KeyIO           MODE: taclets took 0ms 
]]></system-out>
  <system-err><![CDATA[]]></system-err>
</testsuite>
