<?xml version="1.0" encoding="UTF-8"?>
<testsuite name="de.uka.ilkd.key.logic.TestClashFreeSubst" tests="14" skipped="2" failures="0" errors="0" timestamp="2023-06-05T22:02:20" hostname="fv-az454-800" time="85.18">
  <properties/>
  <testcase name="testMultiShareBound()" classname="de.uka.ilkd.key.logic.TestClashFreeSubst" time="1.616"/>
  <testcase name="testClash()" classname="de.uka.ilkd.key.logic.TestClashFreeSubst" time="1.579"/>
  <testcase name="testShare()" classname="de.uka.ilkd.key.logic.TestClashFreeSubst" time="1.597"/>
  <testcase name="testSubst()" classname="de.uka.ilkd.key.logic.TestClashFreeSubst" time="1.565"/>
  <testcase name="testWary0()" classname="de.uka.ilkd.key.logic.TestClashFreeSubst" time="1.548"/>
  <testcase name="testWary1()" classname="de.uka.ilkd.key.logic.TestClashFreeSubst" time="1.54"/>
  <testcase name="testWary2()" classname="de.uka.ilkd.key.logic.TestClashFreeSubst" time="1.551"/>
  <testcase name="testClashInSubstTerm()" classname="de.uka.ilkd.key.logic.TestClashFreeSubst" time="1.557"/>
  <testcase name="testShareWary()" classname="de.uka.ilkd.key.logic.TestClashFreeSubst" time="1.556"/>
  <testcase name="testMultiSubst()" classname="de.uka.ilkd.key.logic.TestClashFreeSubst" time="1.554"/>
  <testcase name="xtestMultiClash()" classname="de.uka.ilkd.key.logic.TestClashFreeSubst" time="0.0">
    <skipped/>
  </testcase>
  <testcase name="testSubstInSubstTerm()" classname="de.uka.ilkd.key.logic.TestClashFreeSubst" time="1.542"/>
  <testcase name="testSubstWary()" classname="de.uka.ilkd.key.logic.TestClashFreeSubst" time="1.533"/>
  <testcase name="xtestMultiClash1()" classname="de.uka.ilkd.key.logic.TestClashFreeSubst" time="0.0">
    <skipped/>
  </testcase>
  <system-out><![CDATA[62556      INFO  Test worker     d.u.i.k.n.KeyIO           Parsing took 0 ms 
62556      DEBUG Test worker     d.u.i.k.n.KeyIO           Load declarations of de.uka.ilkd.key.nparser.KeyAst$File:  <unknown>:1#1 
62557      INFO  Test worker     d.u.i.k.n.KeyIO           MODE: declarations took 1 ms 
62557      DEBUG Test worker     d.u.i.k.n.KeyIO           MODE: 2nd degree decls took 0 
64164      INFO  Test worker     d.u.i.k.n.KeyIO           Parsing took 0 ms 
64165      DEBUG Test worker     d.u.i.k.n.KeyIO           Load declarations of de.uka.ilkd.key.nparser.KeyAst$File:  <unknown>:1#1 
64166      INFO  Test worker     d.u.i.k.n.KeyIO           MODE: declarations took 1 ms 
64166      DEBUG Test worker     d.u.i.k.n.KeyIO           MODE: 2nd degree decls took 0 
69474      INFO  Test worker     d.u.i.k.n.KeyIO           Parsing took 0 ms 
69474      DEBUG Test worker     d.u.i.k.n.KeyIO           Load declarations of de.uka.ilkd.key.nparser.KeyAst$File:  <unknown>:1#1 
69474      INFO  Test worker     d.u.i.k.n.KeyIO           MODE: declarations took 0 ms 
69474      DEBUG Test worker     d.u.i.k.n.KeyIO           MODE: 2nd degree decls took 0 
71045      INFO  Test worker     d.u.i.k.n.KeyIO           Parsing took 0 ms 
71045      DEBUG Test worker     d.u.i.k.n.KeyIO           Load declarations of de.uka.ilkd.key.nparser.KeyAst$File:  <unknown>:1#1 
71045      INFO  Test worker     d.u.i.k.n.KeyIO           MODE: declarations took 0 ms 
71046      DEBUG Test worker     d.u.i.k.n.KeyIO           MODE: 2nd degree decls took 1 
76276      INFO  Test worker     d.u.i.k.n.KeyIO           Parsing took 0 ms 
76276      DEBUG Test worker     d.u.i.k.n.KeyIO           Load declarations of de.uka.ilkd.key.nparser.KeyAst$File:  <unknown>:1#1 
76276      INFO  Test worker     d.u.i.k.n.KeyIO           MODE: declarations took 0 ms 
76277      DEBUG Test worker     d.u.i.k.n.KeyIO           MODE: 2nd degree decls took 0 
77864      INFO  Test worker     d.u.i.k.n.KeyIO           Parsing took 0 ms 
77865      DEBUG Test worker     d.u.i.k.n.KeyIO           Load declarations of de.uka.ilkd.key.nparser.KeyAst$File:  <unknown>:1#1 
77870      INFO  Test worker     d.u.i.k.n.KeyIO           MODE: declarations took 5 ms 
77870      DEBUG Test worker     d.u.i.k.n.KeyIO           MODE: 2nd degree decls took 0 
82969      INFO  Test worker     d.u.i.k.n.KeyIO           Parsing took 0 ms 
82969      DEBUG Test worker     d.u.i.k.n.KeyIO           Load declarations of de.uka.ilkd.key.nparser.KeyAst$File:  <unknown>:1#1 
82970      INFO  Test worker     d.u.i.k.n.KeyIO           MODE: declarations took 1 ms 
82970      DEBUG Test worker     d.u.i.k.n.KeyIO           MODE: 2nd degree decls took 0 
84530      INFO  Test worker     d.u.i.k.n.KeyIO           Parsing took 0 ms 
84531      DEBUG Test worker     d.u.i.k.n.KeyIO           Load declarations of de.uka.ilkd.key.nparser.KeyAst$File:  <unknown>:1#1 
84531      INFO  Test worker     d.u.i.k.n.KeyIO           MODE: declarations took 0 ms 
84531      DEBUG Test worker     d.u.i.k.n.KeyIO           MODE: 2nd degree decls took 0 
89601      INFO  Test worker     d.u.i.k.n.KeyIO           Parsing took 0 ms 
89601      DEBUG Test worker     d.u.i.k.n.KeyIO           Load declarations of de.uka.ilkd.key.nparser.KeyAst$File:  <unknown>:1#1 
89601      INFO  Test worker     d.u.i.k.n.KeyIO           MODE: declarations took 0 ms 
89603      DEBUG Test worker     d.u.i.k.n.KeyIO           MODE: 2nd degree decls took 1 
91144      INFO  Test worker     d.u.i.k.n.KeyIO           Parsing took 0 ms 
91144      DEBUG Test worker     d.u.i.k.n.KeyIO           Load declarations of de.uka.ilkd.key.nparser.KeyAst$File:  <unknown>:1#1 
91144      INFO  Test worker     d.u.i.k.n.KeyIO           MODE: declarations took 0 ms 
91144      DEBUG Test worker     d.u.i.k.n.KeyIO           MODE: 2nd degree decls took 0 
96260      INFO  Test worker     d.u.i.k.n.KeyIO           Parsing took 0 ms 
96260      DEBUG Test worker     d.u.i.k.n.KeyIO           Load declarations of de.uka.ilkd.key.nparser.KeyAst$File:  <unknown>:1#1 
96260      INFO  Test worker     d.u.i.k.n.KeyIO           MODE: declarations took 0 ms 
96260      DEBUG Test worker     d.u.i.k.n.KeyIO           MODE: 2nd degree decls took 0 
97797      INFO  Test worker     d.u.i.k.n.KeyIO           Parsing took 1 ms 
97797      DEBUG Test worker     d.u.i.k.n.KeyIO           Load declarations of de.uka.ilkd.key.nparser.KeyAst$File:  <unknown>:1#1 
97797      INFO  Test worker     d.u.i.k.n.KeyIO           MODE: declarations took 0 ms 
97797      DEBUG Test worker     d.u.i.k.n.KeyIO           MODE: 2nd degree decls took 0 
102912     INFO  Test worker     d.u.i.k.n.KeyIO           Parsing took 0 ms 
102912     DEBUG Test worker     d.u.i.k.n.KeyIO           Load declarations of de.uka.ilkd.key.nparser.KeyAst$File:  <unknown>:1#1 
102912     INFO  Test worker     d.u.i.k.n.KeyIO           MODE: declarations took 0 ms 
102912     DEBUG Test worker     d.u.i.k.n.KeyIO           MODE: 2nd degree decls took 0 
104459     INFO  Test worker     d.u.i.k.n.KeyIO           Parsing took 0 ms 
104459     DEBUG Test worker     d.u.i.k.n.KeyIO           Load declarations of de.uka.ilkd.key.nparser.KeyAst$File:  <unknown>:1#1 
104459     INFO  Test worker     d.u.i.k.n.KeyIO           MODE: declarations took 0 ms 
104459     DEBUG Test worker     d.u.i.k.n.KeyIO           MODE: 2nd degree decls took 0 
109603     INFO  Test worker     d.u.i.k.n.KeyIO           Parsing took 1 ms 
109603     DEBUG Test worker     d.u.i.k.n.KeyIO           Load declarations of de.uka.ilkd.key.nparser.KeyAst$File:  <unknown>:1#1 
109603     INFO  Test worker     d.u.i.k.n.KeyIO           MODE: declarations took 0 ms 
109603     DEBUG Test worker     d.u.i.k.n.KeyIO           MODE: 2nd degree decls took 0 
111156     INFO  Test worker     d.u.i.k.n.KeyIO           Parsing took 0 ms 
111157     DEBUG Test worker     d.u.i.k.n.KeyIO           Load declarations of de.uka.ilkd.key.nparser.KeyAst$File:  <unknown>:1#1 
111157     INFO  Test worker     d.u.i.k.n.KeyIO           MODE: declarations took 0 ms 
111157     DEBUG Test worker     d.u.i.k.n.KeyIO           MODE: 2nd degree decls took 0 
116245     INFO  Test worker     d.u.i.k.n.KeyIO           Parsing took 0 ms 
116245     DEBUG Test worker     d.u.i.k.n.KeyIO           Load declarations of de.uka.ilkd.key.nparser.KeyAst$File:  <unknown>:1#1 
116246     INFO  Test worker     d.u.i.k.n.KeyIO           MODE: declarations took 1 ms 
116246     DEBUG Test worker     d.u.i.k.n.KeyIO           MODE: 2nd degree decls took 0 
117798     INFO  Test worker     d.u.i.k.n.KeyIO           Parsing took 0 ms 
117798     DEBUG Test worker     d.u.i.k.n.KeyIO           Load declarations of de.uka.ilkd.key.nparser.KeyAst$File:  <unknown>:1#1 
117799     INFO  Test worker     d.u.i.k.n.KeyIO           MODE: declarations took 1 ms 
117799     DEBUG Test worker     d.u.i.k.n.KeyIO           MODE: 2nd degree decls took 0 
122891     INFO  Test worker     d.u.i.k.n.KeyIO           Parsing took 0 ms 
122891     DEBUG Test worker     d.u.i.k.n.KeyIO           Load declarations of de.uka.ilkd.key.nparser.KeyAst$File:  <unknown>:1#1 
122891     INFO  Test worker     d.u.i.k.n.KeyIO           MODE: declarations took 0 ms 
122892     DEBUG Test worker     d.u.i.k.n.KeyIO           MODE: 2nd degree decls took 0 
124440     INFO  Test worker     d.u.i.k.n.KeyIO           Parsing took 0 ms 
124441     DEBUG Test worker     d.u.i.k.n.KeyIO           Load declarations of de.uka.ilkd.key.nparser.KeyAst$File:  <unknown>:1#1 
124442     INFO  Test worker     d.u.i.k.n.KeyIO           MODE: declarations took 1 ms 
124442     DEBUG Test worker     d.u.i.k.n.KeyIO           MODE: 2nd degree decls took 0 
134619     INFO  Test worker     d.u.i.k.n.KeyIO           Parsing took 0 ms 
134620     DEBUG Test worker     d.u.i.k.n.KeyIO           Load declarations of de.uka.ilkd.key.nparser.KeyAst$File:  <unknown>:1#1 
134620     INFO  Test worker     d.u.i.k.n.KeyIO           MODE: declarations took 0 ms 
134620     DEBUG Test worker     d.u.i.k.n.KeyIO           MODE: 2nd degree decls took 0 
136158     INFO  Test worker     d.u.i.k.n.KeyIO           Parsing took 0 ms 
136159     DEBUG Test worker     d.u.i.k.n.KeyIO           Load declarations of de.uka.ilkd.key.nparser.KeyAst$File:  <unknown>:1#1 
136159     INFO  Test worker     d.u.i.k.n.KeyIO           MODE: declarations took 0 ms 
136159     DEBUG Test worker     d.u.i.k.n.KeyIO           MODE: 2nd degree decls took 0 
141180     INFO  Test worker     d.u.i.k.n.KeyIO           Parsing took 0 ms 
141180     DEBUG Test worker     d.u.i.k.n.KeyIO           Load declarations of de.uka.ilkd.key.nparser.KeyAst$File:  <unknown>:1#1 
141180     INFO  Test worker     d.u.i.k.n.KeyIO           MODE: declarations took 0 ms 
141180     DEBUG Test worker     d.u.i.k.n.KeyIO           MODE: 2nd degree decls took 0 
142710     INFO  Test worker     d.u.i.k.n.KeyIO           Parsing took 0 ms 
142710     DEBUG Test worker     d.u.i.k.n.KeyIO           Load declarations of de.uka.ilkd.key.nparser.KeyAst$File:  <unknown>:1#1 
142711     INFO  Test worker     d.u.i.k.n.KeyIO           MODE: declarations took 1 ms 
142711     DEBUG Test worker     d.u.i.k.n.KeyIO           MODE: 2nd degree decls took 0 
]]></system-out>
  <system-err><![CDATA[]]></system-err>
</testsuite>
