<?xml version="1.0" encoding="UTF-8"?>
<testsuite name="de.uka.ilkd.key.proof.runallproofs.RunAllProofsFunctional" tests="34" skipped="0" failures="34" errors="0" timestamp="2023-04-16T01:53:12" hostname="fv-az741-360" time="41.611">
  <properties/>
  <testcase name="newBook" classname="de.uka.ilkd.key.proof.runallproofs.RunAllProofsFunctional" time="1.223">
    <failure message="org.opentest4j.AssertionFailedError: Executed process terminated with non-zero exit value. ==&gt; expected: &lt;0&gt; but was: &lt;1&gt;" type="org.opentest4j.AssertionFailedError">org.opentest4j.AssertionFailedError: Executed process terminated with non-zero exit value. ==&gt; expected: &lt;0&gt; but was: &lt;1&gt;
	at app//org.junit.jupiter.api.AssertionFailureBuilder.build(AssertionFailureBuilder.java:151)
	at app//org.junit.jupiter.api.AssertionFailureBuilder.buildAndThrow(AssertionFailureBuilder.java:132)
	at app//org.junit.jupiter.api.AssertEquals.failNotEqual(AssertEquals.java:197)
	at app//org.junit.jupiter.api.AssertEquals.assertEquals(AssertEquals.java:150)
	at app//org.junit.jupiter.api.Assertions.assertEquals(Assertions.java:560)
	at app//de.uka.ilkd.key.proof.runallproofs.proofcollection.ForkedTestFileRunner.processTestFiles(ForkedTestFileRunner.java:130)
	at app//de.uka.ilkd.key.proof.runallproofs.RunAllProofsTestUnit.runTest(RunAllProofsTestUnit.java:89)
	at app//de.uka.ilkd.key.proof.runallproofs.RunAllProofsTest.lambda$data$0(RunAllProofsTest.java:77)
	at app//org.junit.jupiter.engine.descriptor.DynamicTestTestDescriptor.lambda$execute$0(DynamicTestTestDescriptor.java:53)
	at app//org.junit.jupiter.engine.execution.InvocationInterceptorChain$ValidatingInvocation.proceed(InvocationInterceptorChain.java:131)
	at app//org.junit.jupiter.api.extension.InvocationInterceptor.interceptDynamicTest(InvocationInterceptor.java:167)
	at app//org.junit.jupiter.api.extension.InvocationInterceptor.interceptDynamicTest(InvocationInterceptor.java:184)
	at app//org.junit.jupiter.engine.descriptor.DynamicTestTestDescriptor.lambda$execute$1(DynamicTestTestDescriptor.java:61)
	at app//org.junit.jupiter.engine.execution.InvocationInterceptorChain$InterceptorCall.lambda$ofVoid$0(InvocationInterceptorChain.java:78)
	at app//org.junit.jupiter.engine.execution.InvocationInterceptorChain$InterceptedInvocation.proceed(InvocationInterceptorChain.java:106)
	at app//org.junit.jupiter.engine.execution.InvocationInterceptorChain.proceed(InvocationInterceptorChain.java:64)
	at app//org.junit.jupiter.engine.execution.InvocationInterceptorChain.chainAndInvoke(InvocationInterceptorChain.java:45)
	at app//org.junit.jupiter.engine.execution.InvocationInterceptorChain.invoke(InvocationInterceptorChain.java:37)
	at app//org.junit.jupiter.engine.descriptor.DynamicTestTestDescriptor.execute(DynamicTestTestDescriptor.java:60)
	at app//org.junit.jupiter.engine.descriptor.DynamicTestTestDescriptor.execute(DynamicTestTestDescriptor.java:32)
	at app//org.junit.platform.engine.support.hierarchical.NodeTestTask.lambda$executeRecursively$6(NodeTestTask.java:151)
	at app//org.junit.platform.engine.support.hierarchical.ThrowableCollector.execute(ThrowableCollector.java:73)
	at app//org.junit.platform.engine.support.hierarchical.NodeTestTask.lambda$executeRecursively$8(NodeTestTask.java:141)
	at app//org.junit.platform.engine.support.hierarchical.Node.around(Node.java:137)
	at app//org.junit.platform.engine.support.hierarchical.NodeTestTask.lambda$executeRecursively$9(NodeTestTask.java:139)
	at app//org.junit.platform.engine.support.hierarchical.ThrowableCollector.execute(ThrowableCollector.java:73)
	at app//org.junit.platform.engine.support.hierarchical.NodeTestTask.executeRecursively(NodeTestTask.java:138)
	at app//org.junit.platform.engine.support.hierarchical.NodeTestTask.execute(NodeTestTask.java:95)
	at app//org.junit.platform.engine.support.hierarchical.SameThreadHierarchicalTestExecutorService.submit(SameThreadHierarchicalTestExecutorService.java:35)
	at app//org.junit.platform.engine.support.hierarchical.NodeTestTask$DefaultDynamicTestExecutor.execute(NodeTestTask.java:226)
	at app//org.junit.platform.engine.support.hierarchical.NodeTestTask$DefaultDynamicTestExecutor.execute(NodeTestTask.java:204)
	at java.base@11.0.18/java.util.Optional.ifPresent(Optional.java:183)
	at app//org.junit.jupiter.engine.descriptor.TestFactoryTestDescriptor.lambda$invokeTestMethod$1(TestFactoryTestDescriptor.java:108)
	at app//org.junit.platform.engine.support.hierarchical.ThrowableCollector.execute(ThrowableCollector.java:73)
	at app//org.junit.jupiter.engine.descriptor.TestFactoryTestDescriptor.invokeTestMethod(TestFactoryTestDescriptor.java:95)
	at app//org.junit.jupiter.engine.descriptor.TestMethodTestDescriptor.execute(TestMethodTestDescriptor.java:138)
	at app//org.junit.jupiter.engine.descriptor.TestMethodTestDescriptor.execute(TestMethodTestDescriptor.java:68)
	at app//org.junit.platform.engine.support.hierarchical.NodeTestTask.lambda$executeRecursively$6(NodeTestTask.java:151)
	at app//org.junit.platform.engine.support.hierarchical.ThrowableCollector.execute(ThrowableCollector.java:73)
	at app//org.junit.platform.engine.support.hierarchical.NodeTestTask.lambda$executeRecursively$8(NodeTestTask.java:141)
	at app//org.junit.platform.engine.support.hierarchical.Node.around(Node.java:137)
	at app//org.junit.platform.engine.support.hierarchical.NodeTestTask.lambda$executeRecursively$9(NodeTestTask.java:139)
	at app//org.junit.platform.engine.support.hierarchical.ThrowableCollector.execute(ThrowableCollector.java:73)
	at app//org.junit.platform.engine.support.hierarchical.NodeTestTask.executeRecursively(NodeTestTask.java:138)
	at app//org.junit.platform.engine.support.hierarchical.NodeTestTask.execute(NodeTestTask.java:95)
	at java.base@11.0.18/java.util.ArrayList.forEach(ArrayList.java:1541)
	at app//org.junit.platform.engine.support.hierarchical.SameThreadHierarchicalTestExecutorService.invokeAll(SameThreadHierarchicalTestExecutorService.java:41)
	at app//org.junit.platform.engine.support.hierarchical.NodeTestTask.lambda$executeRecursively$6(NodeTestTask.java:155)
	at app//org.junit.platform.engine.support.hierarchical.ThrowableCollector.execute(ThrowableCollector.java:73)
	at app//org.junit.platform.engine.support.hierarchical.NodeTestTask.lambda$executeRecursively$8(NodeTestTask.java:141)
	at app//org.junit.platform.engine.support.hierarchical.Node.around(Node.java:137)
	at app//org.junit.platform.engine.support.hierarchical.NodeTestTask.lambda$executeRecursively$9(NodeTestTask.java:139)
	at app//org.junit.platform.engine.support.hierarchical.ThrowableCollector.execute(ThrowableCollector.java:73)
	at app//org.junit.platform.engine.support.hierarchical.NodeTestTask.executeRecursively(NodeTestTask.java:138)
	at app//org.junit.platform.engine.support.hierarchical.NodeTestTask.execute(NodeTestTask.java:95)
	at java.base@11.0.18/java.util.ArrayList.forEach(ArrayList.java:1541)
	at app//org.junit.platform.engine.support.hierarchical.SameThreadHierarchicalTestExecutorService.invokeAll(SameThreadHierarchicalTestExecutorService.java:41)
	at app//org.junit.platform.engine.support.hierarchical.NodeTestTask.lambda$executeRecursively$6(NodeTestTask.java:155)
	at app//org.junit.platform.engine.support.hierarchical.ThrowableCollector.execute(ThrowableCollector.java:73)
	at app//org.junit.platform.engine.support.hierarchical.NodeTestTask.lambda$executeRecursively$8(NodeTestTask.java:141)
	at app//org.junit.platform.engine.support.hierarchical.Node.around(Node.java:137)
	at app//org.junit.platform.engine.support.hierarchical.NodeTestTask.lambda$executeRecursively$9(NodeTestTask.java:139)
	at app//org.junit.platform.engine.support.hierarchical.ThrowableCollector.execute(ThrowableCollector.java:73)
	at app//org.junit.platform.engine.support.hierarchical.NodeTestTask.executeRecursively(NodeTestTask.java:138)
	at app//org.junit.platform.engine.support.hierarchical.NodeTestTask.execute(NodeTestTask.java:95)
	at app//org.junit.platform.engine.support.hierarchical.SameThreadHierarchicalTestExecutorService.submit(SameThreadHierarchicalTestExecutorService.java:35)
	at app//org.junit.platform.engine.support.hierarchical.HierarchicalTestExecutor.execute(HierarchicalTestExecutor.java:57)
	at app//org.junit.platform.engine.support.hierarchical.HierarchicalTestEngine.execute(HierarchicalTestEngine.java:54)
	at app//org.junit.platform.launcher.core.EngineExecutionOrchestrator.execute(EngineExecutionOrchestrator.java:107)
	at app//org.junit.platform.launcher.core.EngineExecutionOrchestrator.execute(EngineExecutionOrchestrator.java:88)
	at app//org.junit.platform.launcher.core.EngineExecutionOrchestrator.lambda$execute$0(EngineExecutionOrchestrator.java:54)
	at app//org.junit.platform.launcher.core.EngineExecutionOrchestrator.withInterceptedStreams(EngineExecutionOrchestrator.java:67)
	at app//org.junit.platform.launcher.core.EngineExecutionOrchestrator.execute(EngineExecutionOrchestrator.java:52)
	at app//org.junit.platform.launcher.core.DefaultLauncher.execute(DefaultLauncher.java:114)
	at app//org.junit.platform.launcher.core.DefaultLauncher.execute(DefaultLauncher.java:86)
	at app//org.junit.platform.launcher.core.DefaultLauncherSession$DelegatingLauncher.execute(DefaultLauncherSession.java:86)
	at org.gradle.api.internal.tasks.testing.junitplatform.JUnitPlatformTestClassProcessor$CollectAllTestClassesExecutor.processAllTestClasses(JUnitPlatformTestClassProcessor.java:110)
	at org.gradle.api.internal.tasks.testing.junitplatform.JUnitPlatformTestClassProcessor$CollectAllTestClassesExecutor.access$000(JUnitPlatformTestClassProcessor.java:90)
	at org.gradle.api.internal.tasks.testing.junitplatform.JUnitPlatformTestClassProcessor.stop(JUnitPlatformTestClassProcessor.java:85)
	at org.gradle.api.internal.tasks.testing.SuiteTestClassProcessor.stop(SuiteTestClassProcessor.java:62)
	at java.base@11.0.18/jdk.internal.reflect.NativeMethodAccessorImpl.invoke0(Native Method)
	at java.base@11.0.18/jdk.internal.reflect.NativeMethodAccessorImpl.invoke(NativeMethodAccessorImpl.java:62)
	at java.base@11.0.18/jdk.internal.reflect.DelegatingMethodAccessorImpl.invoke(DelegatingMethodAccessorImpl.java:43)
	at java.base@11.0.18/java.lang.reflect.Method.invoke(Method.java:566)
	at org.gradle.internal.dispatch.ReflectionDispatch.dispatch(ReflectionDispatch.java:36)
	at org.gradle.internal.dispatch.ReflectionDispatch.dispatch(ReflectionDispatch.java:24)
	at org.gradle.internal.dispatch.ContextClassLoaderDispatch.dispatch(ContextClassLoaderDispatch.java:33)
	at org.gradle.internal.dispatch.ProxyDispatchAdapter$DispatchingInvocationHandler.invoke(ProxyDispatchAdapter.java:94)
	at com.sun.proxy.$Proxy2.stop(Unknown Source)
	at org.gradle.api.internal.tasks.testing.worker.TestWorker$3.run(TestWorker.java:193)
	at org.gradle.api.internal.tasks.testing.worker.TestWorker.executeAndMaintainThreadName(TestWorker.java:129)
	at org.gradle.api.internal.tasks.testing.worker.TestWorker.execute(TestWorker.java:100)
	at org.gradle.api.internal.tasks.testing.worker.TestWorker.execute(TestWorker.java:60)
	at org.gradle.process.internal.worker.child.ActionExecutionWorker.execute(ActionExecutionWorker.java:56)
	at org.gradle.process.internal.worker.child.SystemApplicationClassLoaderWorker.call(SystemApplicationClassLoaderWorker.java:113)
	at org.gradle.process.internal.worker.child.SystemApplicationClassLoaderWorker.call(SystemApplicationClassLoaderWorker.java:65)
	at app//worker.org.gradle.process.internal.worker.GradleWorkerMain.run(GradleWorkerMain.java:69)
	at app//worker.org.gradle.process.internal.worker.GradleWorkerMain.main(GradleWorkerMain.java:74)
</failure>
  </testcase>
  <testcase name="oldBook" classname="de.uka.ilkd.key.proof.runallproofs.RunAllProofsFunctional" time="1.175">
    <failure message="org.opentest4j.AssertionFailedError: Executed process terminated with non-zero exit value. ==&gt; expected: &lt;0&gt; but was: &lt;1&gt;" type="org.opentest4j.AssertionFailedError">org.opentest4j.AssertionFailedError: Executed process terminated with non-zero exit value. ==&gt; expected: &lt;0&gt; but was: &lt;1&gt;
	at app//org.junit.jupiter.api.AssertionFailureBuilder.build(AssertionFailureBuilder.java:151)
	at app//org.junit.jupiter.api.AssertionFailureBuilder.buildAndThrow(AssertionFailureBuilder.java:132)
	at app//org.junit.jupiter.api.AssertEquals.failNotEqual(AssertEquals.java:197)
	at app//org.junit.jupiter.api.AssertEquals.assertEquals(AssertEquals.java:150)
	at app//org.junit.jupiter.api.Assertions.assertEquals(Assertions.java:560)
	at app//de.uka.ilkd.key.proof.runallproofs.proofcollection.ForkedTestFileRunner.processTestFiles(ForkedTestFileRunner.java:130)
	at app//de.uka.ilkd.key.proof.runallproofs.RunAllProofsTestUnit.runTest(RunAllProofsTestUnit.java:89)
	at app//de.uka.ilkd.key.proof.runallproofs.RunAllProofsTest.lambda$data$0(RunAllProofsTest.java:77)
	at app//org.junit.jupiter.engine.descriptor.DynamicTestTestDescriptor.lambda$execute$0(DynamicTestTestDescriptor.java:53)
	at app//org.junit.jupiter.engine.execution.InvocationInterceptorChain$ValidatingInvocation.proceed(InvocationInterceptorChain.java:131)
	at app//org.junit.jupiter.api.extension.InvocationInterceptor.interceptDynamicTest(InvocationInterceptor.java:167)
	at app//org.junit.jupiter.api.extension.InvocationInterceptor.interceptDynamicTest(InvocationInterceptor.java:184)
	at app//org.junit.jupiter.engine.descriptor.DynamicTestTestDescriptor.lambda$execute$1(DynamicTestTestDescriptor.java:61)
	at app//org.junit.jupiter.engine.execution.InvocationInterceptorChain$InterceptorCall.lambda$ofVoid$0(InvocationInterceptorChain.java:78)
	at app//org.junit.jupiter.engine.execution.InvocationInterceptorChain$InterceptedInvocation.proceed(InvocationInterceptorChain.java:106)
	at app//org.junit.jupiter.engine.execution.InvocationInterceptorChain.proceed(InvocationInterceptorChain.java:64)
	at app//org.junit.jupiter.engine.execution.InvocationInterceptorChain.chainAndInvoke(InvocationInterceptorChain.java:45)
	at app//org.junit.jupiter.engine.execution.InvocationInterceptorChain.invoke(InvocationInterceptorChain.java:37)
	at app//org.junit.jupiter.engine.descriptor.DynamicTestTestDescriptor.execute(DynamicTestTestDescriptor.java:60)
	at app//org.junit.jupiter.engine.descriptor.DynamicTestTestDescriptor.execute(DynamicTestTestDescriptor.java:32)
	at app//org.junit.platform.engine.support.hierarchical.NodeTestTask.lambda$executeRecursively$6(NodeTestTask.java:151)
	at app//org.junit.platform.engine.support.hierarchical.ThrowableCollector.execute(ThrowableCollector.java:73)
	at app//org.junit.platform.engine.support.hierarchical.NodeTestTask.lambda$executeRecursively$8(NodeTestTask.java:141)
	at app//org.junit.platform.engine.support.hierarchical.Node.around(Node.java:137)
	at app//org.junit.platform.engine.support.hierarchical.NodeTestTask.lambda$executeRecursively$9(NodeTestTask.java:139)
	at app//org.junit.platform.engine.support.hierarchical.ThrowableCollector.execute(ThrowableCollector.java:73)
	at app//org.junit.platform.engine.support.hierarchical.NodeTestTask.executeRecursively(NodeTestTask.java:138)
	at app//org.junit.platform.engine.support.hierarchical.NodeTestTask.execute(NodeTestTask.java:95)
	at app//org.junit.platform.engine.support.hierarchical.SameThreadHierarchicalTestExecutorService.submit(SameThreadHierarchicalTestExecutorService.java:35)
	at app//org.junit.platform.engine.support.hierarchical.NodeTestTask$DefaultDynamicTestExecutor.execute(NodeTestTask.java:226)
	at app//org.junit.platform.engine.support.hierarchical.NodeTestTask$DefaultDynamicTestExecutor.execute(NodeTestTask.java:204)
	at java.base@11.0.18/java.util.Optional.ifPresent(Optional.java:183)
	at app//org.junit.jupiter.engine.descriptor.TestFactoryTestDescriptor.lambda$invokeTestMethod$1(TestFactoryTestDescriptor.java:108)
	at app//org.junit.platform.engine.support.hierarchical.ThrowableCollector.execute(ThrowableCollector.java:73)
	at app//org.junit.jupiter.engine.descriptor.TestFactoryTestDescriptor.invokeTestMethod(TestFactoryTestDescriptor.java:95)
	at app//org.junit.jupiter.engine.descriptor.TestMethodTestDescriptor.execute(TestMethodTestDescriptor.java:138)
	at app//org.junit.jupiter.engine.descriptor.TestMethodTestDescriptor.execute(TestMethodTestDescriptor.java:68)
	at app//org.junit.platform.engine.support.hierarchical.NodeTestTask.lambda$executeRecursively$6(NodeTestTask.java:151)
	at app//org.junit.platform.engine.support.hierarchical.ThrowableCollector.execute(ThrowableCollector.java:73)
	at app//org.junit.platform.engine.support.hierarchical.NodeTestTask.lambda$executeRecursively$8(NodeTestTask.java:141)
	at app//org.junit.platform.engine.support.hierarchical.Node.around(Node.java:137)
	at app//org.junit.platform.engine.support.hierarchical.NodeTestTask.lambda$executeRecursively$9(NodeTestTask.java:139)
	at app//org.junit.platform.engine.support.hierarchical.ThrowableCollector.execute(ThrowableCollector.java:73)
	at app//org.junit.platform.engine.support.hierarchical.NodeTestTask.executeRecursively(NodeTestTask.java:138)
	at app//org.junit.platform.engine.support.hierarchical.NodeTestTask.execute(NodeTestTask.java:95)
	at java.base@11.0.18/java.util.ArrayList.forEach(ArrayList.java:1541)
	at app//org.junit.platform.engine.support.hierarchical.SameThreadHierarchicalTestExecutorService.invokeAll(SameThreadHierarchicalTestExecutorService.java:41)
	at app//org.junit.platform.engine.support.hierarchical.NodeTestTask.lambda$executeRecursively$6(NodeTestTask.java:155)
	at app//org.junit.platform.engine.support.hierarchical.ThrowableCollector.execute(ThrowableCollector.java:73)
	at app//org.junit.platform.engine.support.hierarchical.NodeTestTask.lambda$executeRecursively$8(NodeTestTask.java:141)
	at app//org.junit.platform.engine.support.hierarchical.Node.around(Node.java:137)
	at app//org.junit.platform.engine.support.hierarchical.NodeTestTask.lambda$executeRecursively$9(NodeTestTask.java:139)
	at app//org.junit.platform.engine.support.hierarchical.ThrowableCollector.execute(ThrowableCollector.java:73)
	at app//org.junit.platform.engine.support.hierarchical.NodeTestTask.executeRecursively(NodeTestTask.java:138)
	at app//org.junit.platform.engine.support.hierarchical.NodeTestTask.execute(NodeTestTask.java:95)
	at java.base@11.0.18/java.util.ArrayList.forEach(ArrayList.java:1541)
	at app//org.junit.platform.engine.support.hierarchical.SameThreadHierarchicalTestExecutorService.invokeAll(SameThreadHierarchicalTestExecutorService.java:41)
	at app//org.junit.platform.engine.support.hierarchical.NodeTestTask.lambda$executeRecursively$6(NodeTestTask.java:155)
	at app//org.junit.platform.engine.support.hierarchical.ThrowableCollector.execute(ThrowableCollector.java:73)
	at app//org.junit.platform.engine.support.hierarchical.NodeTestTask.lambda$executeRecursively$8(NodeTestTask.java:141)
	at app//org.junit.platform.engine.support.hierarchical.Node.around(Node.java:137)
	at app//org.junit.platform.engine.support.hierarchical.NodeTestTask.lambda$executeRecursively$9(NodeTestTask.java:139)
	at app//org.junit.platform.engine.support.hierarchical.ThrowableCollector.execute(ThrowableCollector.java:73)
	at app//org.junit.platform.engine.support.hierarchical.NodeTestTask.executeRecursively(NodeTestTask.java:138)
	at app//org.junit.platform.engine.support.hierarchical.NodeTestTask.execute(NodeTestTask.java:95)
	at app//org.junit.platform.engine.support.hierarchical.SameThreadHierarchicalTestExecutorService.submit(SameThreadHierarchicalTestExecutorService.java:35)
	at app//org.junit.platform.engine.support.hierarchical.HierarchicalTestExecutor.execute(HierarchicalTestExecutor.java:57)
	at app//org.junit.platform.engine.support.hierarchical.HierarchicalTestEngine.execute(HierarchicalTestEngine.java:54)
	at app//org.junit.platform.launcher.core.EngineExecutionOrchestrator.execute(EngineExecutionOrchestrator.java:107)
	at app//org.junit.platform.launcher.core.EngineExecutionOrchestrator.execute(EngineExecutionOrchestrator.java:88)
	at app//org.junit.platform.launcher.core.EngineExecutionOrchestrator.lambda$execute$0(EngineExecutionOrchestrator.java:54)
	at app//org.junit.platform.launcher.core.EngineExecutionOrchestrator.withInterceptedStreams(EngineExecutionOrchestrator.java:67)
	at app//org.junit.platform.launcher.core.EngineExecutionOrchestrator.execute(EngineExecutionOrchestrator.java:52)
	at app//org.junit.platform.launcher.core.DefaultLauncher.execute(DefaultLauncher.java:114)
	at app//org.junit.platform.launcher.core.DefaultLauncher.execute(DefaultLauncher.java:86)
	at app//org.junit.platform.launcher.core.DefaultLauncherSession$DelegatingLauncher.execute(DefaultLauncherSession.java:86)
	at org.gradle.api.internal.tasks.testing.junitplatform.JUnitPlatformTestClassProcessor$CollectAllTestClassesExecutor.processAllTestClasses(JUnitPlatformTestClassProcessor.java:110)
	at org.gradle.api.internal.tasks.testing.junitplatform.JUnitPlatformTestClassProcessor$CollectAllTestClassesExecutor.access$000(JUnitPlatformTestClassProcessor.java:90)
	at org.gradle.api.internal.tasks.testing.junitplatform.JUnitPlatformTestClassProcessor.stop(JUnitPlatformTestClassProcessor.java:85)
	at org.gradle.api.internal.tasks.testing.SuiteTestClassProcessor.stop(SuiteTestClassProcessor.java:62)
	at java.base@11.0.18/jdk.internal.reflect.NativeMethodAccessorImpl.invoke0(Native Method)
	at java.base@11.0.18/jdk.internal.reflect.NativeMethodAccessorImpl.invoke(NativeMethodAccessorImpl.java:62)
	at java.base@11.0.18/jdk.internal.reflect.DelegatingMethodAccessorImpl.invoke(DelegatingMethodAccessorImpl.java:43)
	at java.base@11.0.18/java.lang.reflect.Method.invoke(Method.java:566)
	at org.gradle.internal.dispatch.ReflectionDispatch.dispatch(ReflectionDispatch.java:36)
	at org.gradle.internal.dispatch.ReflectionDispatch.dispatch(ReflectionDispatch.java:24)
	at org.gradle.internal.dispatch.ContextClassLoaderDispatch.dispatch(ContextClassLoaderDispatch.java:33)
	at org.gradle.internal.dispatch.ProxyDispatchAdapter$DispatchingInvocationHandler.invoke(ProxyDispatchAdapter.java:94)
	at com.sun.proxy.$Proxy2.stop(Unknown Source)
	at org.gradle.api.internal.tasks.testing.worker.TestWorker$3.run(TestWorker.java:193)
	at org.gradle.api.internal.tasks.testing.worker.TestWorker.executeAndMaintainThreadName(TestWorker.java:129)
	at org.gradle.api.internal.tasks.testing.worker.TestWorker.execute(TestWorker.java:100)
	at org.gradle.api.internal.tasks.testing.worker.TestWorker.execute(TestWorker.java:60)
	at org.gradle.process.internal.worker.child.ActionExecutionWorker.execute(ActionExecutionWorker.java:56)
	at org.gradle.process.internal.worker.child.SystemApplicationClassLoaderWorker.call(SystemApplicationClassLoaderWorker.java:113)
	at org.gradle.process.internal.worker.child.SystemApplicationClassLoaderWorker.call(SystemApplicationClassLoaderWorker.java:65)
	at app//worker.org.gradle.process.internal.worker.GradleWorkerMain.run(GradleWorkerMain.java:69)
	at app//worker.org.gradle.process.internal.worker.GradleWorkerMain.main(GradleWorkerMain.java:74)
</failure>
  </testcase>
  <testcase name="comprehensions" classname="de.uka.ilkd.key.proof.runallproofs.RunAllProofsFunctional" time="1.212">
    <failure message="org.opentest4j.AssertionFailedError: Executed process terminated with non-zero exit value. ==&gt; expected: &lt;0&gt; but was: &lt;1&gt;" type="org.opentest4j.AssertionFailedError">org.opentest4j.AssertionFailedError: Executed process terminated with non-zero exit value. ==&gt; expected: &lt;0&gt; but was: &lt;1&gt;
	at app//org.junit.jupiter.api.AssertionFailureBuilder.build(AssertionFailureBuilder.java:151)
	at app//org.junit.jupiter.api.AssertionFailureBuilder.buildAndThrow(AssertionFailureBuilder.java:132)
	at app//org.junit.jupiter.api.AssertEquals.failNotEqual(AssertEquals.java:197)
	at app//org.junit.jupiter.api.AssertEquals.assertEquals(AssertEquals.java:150)
	at app//org.junit.jupiter.api.Assertions.assertEquals(Assertions.java:560)
	at app//de.uka.ilkd.key.proof.runallproofs.proofcollection.ForkedTestFileRunner.processTestFiles(ForkedTestFileRunner.java:130)
	at app//de.uka.ilkd.key.proof.runallproofs.RunAllProofsTestUnit.runTest(RunAllProofsTestUnit.java:89)
	at app//de.uka.ilkd.key.proof.runallproofs.RunAllProofsTest.lambda$data$0(RunAllProofsTest.java:77)
	at app//org.junit.jupiter.engine.descriptor.DynamicTestTestDescriptor.lambda$execute$0(DynamicTestTestDescriptor.java:53)
	at app//org.junit.jupiter.engine.execution.InvocationInterceptorChain$ValidatingInvocation.proceed(InvocationInterceptorChain.java:131)
	at app//org.junit.jupiter.api.extension.InvocationInterceptor.interceptDynamicTest(InvocationInterceptor.java:167)
	at app//org.junit.jupiter.api.extension.InvocationInterceptor.interceptDynamicTest(InvocationInterceptor.java:184)
	at app//org.junit.jupiter.engine.descriptor.DynamicTestTestDescriptor.lambda$execute$1(DynamicTestTestDescriptor.java:61)
	at app//org.junit.jupiter.engine.execution.InvocationInterceptorChain$InterceptorCall.lambda$ofVoid$0(InvocationInterceptorChain.java:78)
	at app//org.junit.jupiter.engine.execution.InvocationInterceptorChain$InterceptedInvocation.proceed(InvocationInterceptorChain.java:106)
	at app//org.junit.jupiter.engine.execution.InvocationInterceptorChain.proceed(InvocationInterceptorChain.java:64)
	at app//org.junit.jupiter.engine.execution.InvocationInterceptorChain.chainAndInvoke(InvocationInterceptorChain.java:45)
	at app//org.junit.jupiter.engine.execution.InvocationInterceptorChain.invoke(InvocationInterceptorChain.java:37)
	at app//org.junit.jupiter.engine.descriptor.DynamicTestTestDescriptor.execute(DynamicTestTestDescriptor.java:60)
	at app//org.junit.jupiter.engine.descriptor.DynamicTestTestDescriptor.execute(DynamicTestTestDescriptor.java:32)
	at app//org.junit.platform.engine.support.hierarchical.NodeTestTask.lambda$executeRecursively$6(NodeTestTask.java:151)
	at app//org.junit.platform.engine.support.hierarchical.ThrowableCollector.execute(ThrowableCollector.java:73)
	at app//org.junit.platform.engine.support.hierarchical.NodeTestTask.lambda$executeRecursively$8(NodeTestTask.java:141)
	at app//org.junit.platform.engine.support.hierarchical.Node.around(Node.java:137)
	at app//org.junit.platform.engine.support.hierarchical.NodeTestTask.lambda$executeRecursively$9(NodeTestTask.java:139)
	at app//org.junit.platform.engine.support.hierarchical.ThrowableCollector.execute(ThrowableCollector.java:73)
	at app//org.junit.platform.engine.support.hierarchical.NodeTestTask.executeRecursively(NodeTestTask.java:138)
	at app//org.junit.platform.engine.support.hierarchical.NodeTestTask.execute(NodeTestTask.java:95)
	at app//org.junit.platform.engine.support.hierarchical.SameThreadHierarchicalTestExecutorService.submit(SameThreadHierarchicalTestExecutorService.java:35)
	at app//org.junit.platform.engine.support.hierarchical.NodeTestTask$DefaultDynamicTestExecutor.execute(NodeTestTask.java:226)
	at app//org.junit.platform.engine.support.hierarchical.NodeTestTask$DefaultDynamicTestExecutor.execute(NodeTestTask.java:204)
	at java.base@11.0.18/java.util.Optional.ifPresent(Optional.java:183)
	at app//org.junit.jupiter.engine.descriptor.TestFactoryTestDescriptor.lambda$invokeTestMethod$1(TestFactoryTestDescriptor.java:108)
	at app//org.junit.platform.engine.support.hierarchical.ThrowableCollector.execute(ThrowableCollector.java:73)
	at app//org.junit.jupiter.engine.descriptor.TestFactoryTestDescriptor.invokeTestMethod(TestFactoryTestDescriptor.java:95)
	at app//org.junit.jupiter.engine.descriptor.TestMethodTestDescriptor.execute(TestMethodTestDescriptor.java:138)
	at app//org.junit.jupiter.engine.descriptor.TestMethodTestDescriptor.execute(TestMethodTestDescriptor.java:68)
	at app//org.junit.platform.engine.support.hierarchical.NodeTestTask.lambda$executeRecursively$6(NodeTestTask.java:151)
	at app//org.junit.platform.engine.support.hierarchical.ThrowableCollector.execute(ThrowableCollector.java:73)
	at app//org.junit.platform.engine.support.hierarchical.NodeTestTask.lambda$executeRecursively$8(NodeTestTask.java:141)
	at app//org.junit.platform.engine.support.hierarchical.Node.around(Node.java:137)
	at app//org.junit.platform.engine.support.hierarchical.NodeTestTask.lambda$executeRecursively$9(NodeTestTask.java:139)
	at app//org.junit.platform.engine.support.hierarchical.ThrowableCollector.execute(ThrowableCollector.java:73)
	at app//org.junit.platform.engine.support.hierarchical.NodeTestTask.executeRecursively(NodeTestTask.java:138)
	at app//org.junit.platform.engine.support.hierarchical.NodeTestTask.execute(NodeTestTask.java:95)
	at java.base@11.0.18/java.util.ArrayList.forEach(ArrayList.java:1541)
	at app//org.junit.platform.engine.support.hierarchical.SameThreadHierarchicalTestExecutorService.invokeAll(SameThreadHierarchicalTestExecutorService.java:41)
	at app//org.junit.platform.engine.support.hierarchical.NodeTestTask.lambda$executeRecursively$6(NodeTestTask.java:155)
	at app//org.junit.platform.engine.support.hierarchical.ThrowableCollector.execute(ThrowableCollector.java:73)
	at app//org.junit.platform.engine.support.hierarchical.NodeTestTask.lambda$executeRecursively$8(NodeTestTask.java:141)
	at app//org.junit.platform.engine.support.hierarchical.Node.around(Node.java:137)
	at app//org.junit.platform.engine.support.hierarchical.NodeTestTask.lambda$executeRecursively$9(NodeTestTask.java:139)
	at app//org.junit.platform.engine.support.hierarchical.ThrowableCollector.execute(ThrowableCollector.java:73)
	at app//org.junit.platform.engine.support.hierarchical.NodeTestTask.executeRecursively(NodeTestTask.java:138)
	at app//org.junit.platform.engine.support.hierarchical.NodeTestTask.execute(NodeTestTask.java:95)
	at java.base@11.0.18/java.util.ArrayList.forEach(ArrayList.java:1541)
	at app//org.junit.platform.engine.support.hierarchical.SameThreadHierarchicalTestExecutorService.invokeAll(SameThreadHierarchicalTestExecutorService.java:41)
	at app//org.junit.platform.engine.support.hierarchical.NodeTestTask.lambda$executeRecursively$6(NodeTestTask.java:155)
	at app//org.junit.platform.engine.support.hierarchical.ThrowableCollector.execute(ThrowableCollector.java:73)
	at app//org.junit.platform.engine.support.hierarchical.NodeTestTask.lambda$executeRecursively$8(NodeTestTask.java:141)
	at app//org.junit.platform.engine.support.hierarchical.Node.around(Node.java:137)
	at app//org.junit.platform.engine.support.hierarchical.NodeTestTask.lambda$executeRecursively$9(NodeTestTask.java:139)
	at app//org.junit.platform.engine.support.hierarchical.ThrowableCollector.execute(ThrowableCollector.java:73)
	at app//org.junit.platform.engine.support.hierarchical.NodeTestTask.executeRecursively(NodeTestTask.java:138)
	at app//org.junit.platform.engine.support.hierarchical.NodeTestTask.execute(NodeTestTask.java:95)
	at app//org.junit.platform.engine.support.hierarchical.SameThreadHierarchicalTestExecutorService.submit(SameThreadHierarchicalTestExecutorService.java:35)
	at app//org.junit.platform.engine.support.hierarchical.HierarchicalTestExecutor.execute(HierarchicalTestExecutor.java:57)
	at app//org.junit.platform.engine.support.hierarchical.HierarchicalTestEngine.execute(HierarchicalTestEngine.java:54)
	at app//org.junit.platform.launcher.core.EngineExecutionOrchestrator.execute(EngineExecutionOrchestrator.java:107)
	at app//org.junit.platform.launcher.core.EngineExecutionOrchestrator.execute(EngineExecutionOrchestrator.java:88)
	at app//org.junit.platform.launcher.core.EngineExecutionOrchestrator.lambda$execute$0(EngineExecutionOrchestrator.java:54)
	at app//org.junit.platform.launcher.core.EngineExecutionOrchestrator.withInterceptedStreams(EngineExecutionOrchestrator.java:67)
	at app//org.junit.platform.launcher.core.EngineExecutionOrchestrator.execute(EngineExecutionOrchestrator.java:52)
	at app//org.junit.platform.launcher.core.DefaultLauncher.execute(DefaultLauncher.java:114)
	at app//org.junit.platform.launcher.core.DefaultLauncher.execute(DefaultLauncher.java:86)
	at app//org.junit.platform.launcher.core.DefaultLauncherSession$DelegatingLauncher.execute(DefaultLauncherSession.java:86)
	at org.gradle.api.internal.tasks.testing.junitplatform.JUnitPlatformTestClassProcessor$CollectAllTestClassesExecutor.processAllTestClasses(JUnitPlatformTestClassProcessor.java:110)
	at org.gradle.api.internal.tasks.testing.junitplatform.JUnitPlatformTestClassProcessor$CollectAllTestClassesExecutor.access$000(JUnitPlatformTestClassProcessor.java:90)
	at org.gradle.api.internal.tasks.testing.junitplatform.JUnitPlatformTestClassProcessor.stop(JUnitPlatformTestClassProcessor.java:85)
	at org.gradle.api.internal.tasks.testing.SuiteTestClassProcessor.stop(SuiteTestClassProcessor.java:62)
	at java.base@11.0.18/jdk.internal.reflect.NativeMethodAccessorImpl.invoke0(Native Method)
	at java.base@11.0.18/jdk.internal.reflect.NativeMethodAccessorImpl.invoke(NativeMethodAccessorImpl.java:62)
	at java.base@11.0.18/jdk.internal.reflect.DelegatingMethodAccessorImpl.invoke(DelegatingMethodAccessorImpl.java:43)
	at java.base@11.0.18/java.lang.reflect.Method.invoke(Method.java:566)
	at org.gradle.internal.dispatch.ReflectionDispatch.dispatch(ReflectionDispatch.java:36)
	at org.gradle.internal.dispatch.ReflectionDispatch.dispatch(ReflectionDispatch.java:24)
	at org.gradle.internal.dispatch.ContextClassLoaderDispatch.dispatch(ContextClassLoaderDispatch.java:33)
	at org.gradle.internal.dispatch.ProxyDispatchAdapter$DispatchingInvocationHandler.invoke(ProxyDispatchAdapter.java:94)
	at com.sun.proxy.$Proxy2.stop(Unknown Source)
	at org.gradle.api.internal.tasks.testing.worker.TestWorker$3.run(TestWorker.java:193)
	at org.gradle.api.internal.tasks.testing.worker.TestWorker.executeAndMaintainThreadName(TestWorker.java:129)
	at org.gradle.api.internal.tasks.testing.worker.TestWorker.execute(TestWorker.java:100)
	at org.gradle.api.internal.tasks.testing.worker.TestWorker.execute(TestWorker.java:60)
	at org.gradle.process.internal.worker.child.ActionExecutionWorker.execute(ActionExecutionWorker.java:56)
	at org.gradle.process.internal.worker.child.SystemApplicationClassLoaderWorker.call(SystemApplicationClassLoaderWorker.java:113)
	at org.gradle.process.internal.worker.child.SystemApplicationClassLoaderWorker.call(SystemApplicationClassLoaderWorker.java:65)
	at app//worker.org.gradle.process.internal.worker.GradleWorkerMain.run(GradleWorkerMain.java:69)
	at app//worker.org.gradle.process.internal.worker.GradleWorkerMain.main(GradleWorkerMain.java:74)
</failure>
  </testcase>
  <testcase name="performance" classname="de.uka.ilkd.key.proof.runallproofs.RunAllProofsFunctional" time="1.158">
    <failure message="org.opentest4j.AssertionFailedError: Executed process terminated with non-zero exit value. ==&gt; expected: &lt;0&gt; but was: &lt;1&gt;" type="org.opentest4j.AssertionFailedError">org.opentest4j.AssertionFailedError: Executed process terminated with non-zero exit value. ==&gt; expected: &lt;0&gt; but was: &lt;1&gt;
	at app//org.junit.jupiter.api.AssertionFailureBuilder.build(AssertionFailureBuilder.java:151)
	at app//org.junit.jupiter.api.AssertionFailureBuilder.buildAndThrow(AssertionFailureBuilder.java:132)
	at app//org.junit.jupiter.api.AssertEquals.failNotEqual(AssertEquals.java:197)
	at app//org.junit.jupiter.api.AssertEquals.assertEquals(AssertEquals.java:150)
	at app//org.junit.jupiter.api.Assertions.assertEquals(Assertions.java:560)
	at app//de.uka.ilkd.key.proof.runallproofs.proofcollection.ForkedTestFileRunner.processTestFiles(ForkedTestFileRunner.java:130)
	at app//de.uka.ilkd.key.proof.runallproofs.RunAllProofsTestUnit.runTest(RunAllProofsTestUnit.java:89)
	at app//de.uka.ilkd.key.proof.runallproofs.RunAllProofsTest.lambda$data$0(RunAllProofsTest.java:77)
	at app//org.junit.jupiter.engine.descriptor.DynamicTestTestDescriptor.lambda$execute$0(DynamicTestTestDescriptor.java:53)
	at app//org.junit.jupiter.engine.execution.InvocationInterceptorChain$ValidatingInvocation.proceed(InvocationInterceptorChain.java:131)
	at app//org.junit.jupiter.api.extension.InvocationInterceptor.interceptDynamicTest(InvocationInterceptor.java:167)
	at app//org.junit.jupiter.api.extension.InvocationInterceptor.interceptDynamicTest(InvocationInterceptor.java:184)
	at app//org.junit.jupiter.engine.descriptor.DynamicTestTestDescriptor.lambda$execute$1(DynamicTestTestDescriptor.java:61)
	at app//org.junit.jupiter.engine.execution.InvocationInterceptorChain$InterceptorCall.lambda$ofVoid$0(InvocationInterceptorChain.java:78)
	at app//org.junit.jupiter.engine.execution.InvocationInterceptorChain$InterceptedInvocation.proceed(InvocationInterceptorChain.java:106)
	at app//org.junit.jupiter.engine.execution.InvocationInterceptorChain.proceed(InvocationInterceptorChain.java:64)
	at app//org.junit.jupiter.engine.execution.InvocationInterceptorChain.chainAndInvoke(InvocationInterceptorChain.java:45)
	at app//org.junit.jupiter.engine.execution.InvocationInterceptorChain.invoke(InvocationInterceptorChain.java:37)
	at app//org.junit.jupiter.engine.descriptor.DynamicTestTestDescriptor.execute(DynamicTestTestDescriptor.java:60)
	at app//org.junit.jupiter.engine.descriptor.DynamicTestTestDescriptor.execute(DynamicTestTestDescriptor.java:32)
	at app//org.junit.platform.engine.support.hierarchical.NodeTestTask.lambda$executeRecursively$6(NodeTestTask.java:151)
	at app//org.junit.platform.engine.support.hierarchical.ThrowableCollector.execute(ThrowableCollector.java:73)
	at app//org.junit.platform.engine.support.hierarchical.NodeTestTask.lambda$executeRecursively$8(NodeTestTask.java:141)
	at app//org.junit.platform.engine.support.hierarchical.Node.around(Node.java:137)
	at app//org.junit.platform.engine.support.hierarchical.NodeTestTask.lambda$executeRecursively$9(NodeTestTask.java:139)
	at app//org.junit.platform.engine.support.hierarchical.ThrowableCollector.execute(ThrowableCollector.java:73)
	at app//org.junit.platform.engine.support.hierarchical.NodeTestTask.executeRecursively(NodeTestTask.java:138)
	at app//org.junit.platform.engine.support.hierarchical.NodeTestTask.execute(NodeTestTask.java:95)
	at app//org.junit.platform.engine.support.hierarchical.SameThreadHierarchicalTestExecutorService.submit(SameThreadHierarchicalTestExecutorService.java:35)
	at app//org.junit.platform.engine.support.hierarchical.NodeTestTask$DefaultDynamicTestExecutor.execute(NodeTestTask.java:226)
	at app//org.junit.platform.engine.support.hierarchical.NodeTestTask$DefaultDynamicTestExecutor.execute(NodeTestTask.java:204)
	at java.base@11.0.18/java.util.Optional.ifPresent(Optional.java:183)
	at app//org.junit.jupiter.engine.descriptor.TestFactoryTestDescriptor.lambda$invokeTestMethod$1(TestFactoryTestDescriptor.java:108)
	at app//org.junit.platform.engine.support.hierarchical.ThrowableCollector.execute(ThrowableCollector.java:73)
	at app//org.junit.jupiter.engine.descriptor.TestFactoryTestDescriptor.invokeTestMethod(TestFactoryTestDescriptor.java:95)
	at app//org.junit.jupiter.engine.descriptor.TestMethodTestDescriptor.execute(TestMethodTestDescriptor.java:138)
	at app//org.junit.jupiter.engine.descriptor.TestMethodTestDescriptor.execute(TestMethodTestDescriptor.java:68)
	at app//org.junit.platform.engine.support.hierarchical.NodeTestTask.lambda$executeRecursively$6(NodeTestTask.java:151)
	at app//org.junit.platform.engine.support.hierarchical.ThrowableCollector.execute(ThrowableCollector.java:73)
	at app//org.junit.platform.engine.support.hierarchical.NodeTestTask.lambda$executeRecursively$8(NodeTestTask.java:141)
	at app//org.junit.platform.engine.support.hierarchical.Node.around(Node.java:137)
	at app//org.junit.platform.engine.support.hierarchical.NodeTestTask.lambda$executeRecursively$9(NodeTestTask.java:139)
	at app//org.junit.platform.engine.support.hierarchical.ThrowableCollector.execute(ThrowableCollector.java:73)
	at app//org.junit.platform.engine.support.hierarchical.NodeTestTask.executeRecursively(NodeTestTask.java:138)
	at app//org.junit.platform.engine.support.hierarchical.NodeTestTask.execute(NodeTestTask.java:95)
	at java.base@11.0.18/java.util.ArrayList.forEach(ArrayList.java:1541)
	at app//org.junit.platform.engine.support.hierarchical.SameThreadHierarchicalTestExecutorService.invokeAll(SameThreadHierarchicalTestExecutorService.java:41)
	at app//org.junit.platform.engine.support.hierarchical.NodeTestTask.lambda$executeRecursively$6(NodeTestTask.java:155)
	at app//org.junit.platform.engine.support.hierarchical.ThrowableCollector.execute(ThrowableCollector.java:73)
	at app//org.junit.platform.engine.support.hierarchical.NodeTestTask.lambda$executeRecursively$8(NodeTestTask.java:141)
	at app//org.junit.platform.engine.support.hierarchical.Node.around(Node.java:137)
	at app//org.junit.platform.engine.support.hierarchical.NodeTestTask.lambda$executeRecursively$9(NodeTestTask.java:139)
	at app//org.junit.platform.engine.support.hierarchical.ThrowableCollector.execute(ThrowableCollector.java:73)
	at app//org.junit.platform.engine.support.hierarchical.NodeTestTask.executeRecursively(NodeTestTask.java:138)
	at app//org.junit.platform.engine.support.hierarchical.NodeTestTask.execute(NodeTestTask.java:95)
	at java.base@11.0.18/java.util.ArrayList.forEach(ArrayList.java:1541)
	at app//org.junit.platform.engine.support.hierarchical.SameThreadHierarchicalTestExecutorService.invokeAll(SameThreadHierarchicalTestExecutorService.java:41)
	at app//org.junit.platform.engine.support.hierarchical.NodeTestTask.lambda$executeRecursively$6(NodeTestTask.java:155)
	at app//org.junit.platform.engine.support.hierarchical.ThrowableCollector.execute(ThrowableCollector.java:73)
	at app//org.junit.platform.engine.support.hierarchical.NodeTestTask.lambda$executeRecursively$8(NodeTestTask.java:141)
	at app//org.junit.platform.engine.support.hierarchical.Node.around(Node.java:137)
	at app//org.junit.platform.engine.support.hierarchical.NodeTestTask.lambda$executeRecursively$9(NodeTestTask.java:139)
	at app//org.junit.platform.engine.support.hierarchical.ThrowableCollector.execute(ThrowableCollector.java:73)
	at app//org.junit.platform.engine.support.hierarchical.NodeTestTask.executeRecursively(NodeTestTask.java:138)
	at app//org.junit.platform.engine.support.hierarchical.NodeTestTask.execute(NodeTestTask.java:95)
	at app//org.junit.platform.engine.support.hierarchical.SameThreadHierarchicalTestExecutorService.submit(SameThreadHierarchicalTestExecutorService.java:35)
	at app//org.junit.platform.engine.support.hierarchical.HierarchicalTestExecutor.execute(HierarchicalTestExecutor.java:57)
	at app//org.junit.platform.engine.support.hierarchical.HierarchicalTestEngine.execute(HierarchicalTestEngine.java:54)
	at app//org.junit.platform.launcher.core.EngineExecutionOrchestrator.execute(EngineExecutionOrchestrator.java:107)
	at app//org.junit.platform.launcher.core.EngineExecutionOrchestrator.execute(EngineExecutionOrchestrator.java:88)
	at app//org.junit.platform.launcher.core.EngineExecutionOrchestrator.lambda$execute$0(EngineExecutionOrchestrator.java:54)
	at app//org.junit.platform.launcher.core.EngineExecutionOrchestrator.withInterceptedStreams(EngineExecutionOrchestrator.java:67)
	at app//org.junit.platform.launcher.core.EngineExecutionOrchestrator.execute(EngineExecutionOrchestrator.java:52)
	at app//org.junit.platform.launcher.core.DefaultLauncher.execute(DefaultLauncher.java:114)
	at app//org.junit.platform.launcher.core.DefaultLauncher.execute(DefaultLauncher.java:86)
	at app//org.junit.platform.launcher.core.DefaultLauncherSession$DelegatingLauncher.execute(DefaultLauncherSession.java:86)
	at org.gradle.api.internal.tasks.testing.junitplatform.JUnitPlatformTestClassProcessor$CollectAllTestClassesExecutor.processAllTestClasses(JUnitPlatformTestClassProcessor.java:110)
	at org.gradle.api.internal.tasks.testing.junitplatform.JUnitPlatformTestClassProcessor$CollectAllTestClassesExecutor.access$000(JUnitPlatformTestClassProcessor.java:90)
	at org.gradle.api.internal.tasks.testing.junitplatform.JUnitPlatformTestClassProcessor.stop(JUnitPlatformTestClassProcessor.java:85)
	at org.gradle.api.internal.tasks.testing.SuiteTestClassProcessor.stop(SuiteTestClassProcessor.java:62)
	at java.base@11.0.18/jdk.internal.reflect.NativeMethodAccessorImpl.invoke0(Native Method)
	at java.base@11.0.18/jdk.internal.reflect.NativeMethodAccessorImpl.invoke(NativeMethodAccessorImpl.java:62)
	at java.base@11.0.18/jdk.internal.reflect.DelegatingMethodAccessorImpl.invoke(DelegatingMethodAccessorImpl.java:43)
	at java.base@11.0.18/java.lang.reflect.Method.invoke(Method.java:566)
	at org.gradle.internal.dispatch.ReflectionDispatch.dispatch(ReflectionDispatch.java:36)
	at org.gradle.internal.dispatch.ReflectionDispatch.dispatch(ReflectionDispatch.java:24)
	at org.gradle.internal.dispatch.ContextClassLoaderDispatch.dispatch(ContextClassLoaderDispatch.java:33)
	at org.gradle.internal.dispatch.ProxyDispatchAdapter$DispatchingInvocationHandler.invoke(ProxyDispatchAdapter.java:94)
	at com.sun.proxy.$Proxy2.stop(Unknown Source)
	at org.gradle.api.internal.tasks.testing.worker.TestWorker$3.run(TestWorker.java:193)
	at org.gradle.api.internal.tasks.testing.worker.TestWorker.executeAndMaintainThreadName(TestWorker.java:129)
	at org.gradle.api.internal.tasks.testing.worker.TestWorker.execute(TestWorker.java:100)
	at org.gradle.api.internal.tasks.testing.worker.TestWorker.execute(TestWorker.java:60)
	at org.gradle.process.internal.worker.child.ActionExecutionWorker.execute(ActionExecutionWorker.java:56)
	at org.gradle.process.internal.worker.child.SystemApplicationClassLoaderWorker.call(SystemApplicationClassLoaderWorker.java:113)
	at org.gradle.process.internal.worker.child.SystemApplicationClassLoaderWorker.call(SystemApplicationClassLoaderWorker.java:65)
	at app//worker.org.gradle.process.internal.worker.GradleWorkerMain.run(GradleWorkerMain.java:69)
	at app//worker.org.gradle.process.internal.worker.GradleWorkerMain.main(GradleWorkerMain.java:74)
</failure>
  </testcase>
  <testcase name="performancePOConstruction" classname="de.uka.ilkd.key.proof.runallproofs.RunAllProofsFunctional" time="1.119">
    <failure message="org.opentest4j.AssertionFailedError: Executed process terminated with non-zero exit value. ==&gt; expected: &lt;0&gt; but was: &lt;1&gt;" type="org.opentest4j.AssertionFailedError">org.opentest4j.AssertionFailedError: Executed process terminated with non-zero exit value. ==&gt; expected: &lt;0&gt; but was: &lt;1&gt;
	at app//org.junit.jupiter.api.AssertionFailureBuilder.build(AssertionFailureBuilder.java:151)
	at app//org.junit.jupiter.api.AssertionFailureBuilder.buildAndThrow(AssertionFailureBuilder.java:132)
	at app//org.junit.jupiter.api.AssertEquals.failNotEqual(AssertEquals.java:197)
	at app//org.junit.jupiter.api.AssertEquals.assertEquals(AssertEquals.java:150)
	at app//org.junit.jupiter.api.Assertions.assertEquals(Assertions.java:560)
	at app//de.uka.ilkd.key.proof.runallproofs.proofcollection.ForkedTestFileRunner.processTestFiles(ForkedTestFileRunner.java:130)
	at app//de.uka.ilkd.key.proof.runallproofs.RunAllProofsTestUnit.runTest(RunAllProofsTestUnit.java:89)
	at app//de.uka.ilkd.key.proof.runallproofs.RunAllProofsTest.lambda$data$0(RunAllProofsTest.java:77)
	at app//org.junit.jupiter.engine.descriptor.DynamicTestTestDescriptor.lambda$execute$0(DynamicTestTestDescriptor.java:53)
	at app//org.junit.jupiter.engine.execution.InvocationInterceptorChain$ValidatingInvocation.proceed(InvocationInterceptorChain.java:131)
	at app//org.junit.jupiter.api.extension.InvocationInterceptor.interceptDynamicTest(InvocationInterceptor.java:167)
	at app//org.junit.jupiter.api.extension.InvocationInterceptor.interceptDynamicTest(InvocationInterceptor.java:184)
	at app//org.junit.jupiter.engine.descriptor.DynamicTestTestDescriptor.lambda$execute$1(DynamicTestTestDescriptor.java:61)
	at app//org.junit.jupiter.engine.execution.InvocationInterceptorChain$InterceptorCall.lambda$ofVoid$0(InvocationInterceptorChain.java:78)
	at app//org.junit.jupiter.engine.execution.InvocationInterceptorChain$InterceptedInvocation.proceed(InvocationInterceptorChain.java:106)
	at app//org.junit.jupiter.engine.execution.InvocationInterceptorChain.proceed(InvocationInterceptorChain.java:64)
	at app//org.junit.jupiter.engine.execution.InvocationInterceptorChain.chainAndInvoke(InvocationInterceptorChain.java:45)
	at app//org.junit.jupiter.engine.execution.InvocationInterceptorChain.invoke(InvocationInterceptorChain.java:37)
	at app//org.junit.jupiter.engine.descriptor.DynamicTestTestDescriptor.execute(DynamicTestTestDescriptor.java:60)
	at app//org.junit.jupiter.engine.descriptor.DynamicTestTestDescriptor.execute(DynamicTestTestDescriptor.java:32)
	at app//org.junit.platform.engine.support.hierarchical.NodeTestTask.lambda$executeRecursively$6(NodeTestTask.java:151)
	at app//org.junit.platform.engine.support.hierarchical.ThrowableCollector.execute(ThrowableCollector.java:73)
	at app//org.junit.platform.engine.support.hierarchical.NodeTestTask.lambda$executeRecursively$8(NodeTestTask.java:141)
	at app//org.junit.platform.engine.support.hierarchical.Node.around(Node.java:137)
	at app//org.junit.platform.engine.support.hierarchical.NodeTestTask.lambda$executeRecursively$9(NodeTestTask.java:139)
	at app//org.junit.platform.engine.support.hierarchical.ThrowableCollector.execute(ThrowableCollector.java:73)
	at app//org.junit.platform.engine.support.hierarchical.NodeTestTask.executeRecursively(NodeTestTask.java:138)
	at app//org.junit.platform.engine.support.hierarchical.NodeTestTask.execute(NodeTestTask.java:95)
	at app//org.junit.platform.engine.support.hierarchical.SameThreadHierarchicalTestExecutorService.submit(SameThreadHierarchicalTestExecutorService.java:35)
	at app//org.junit.platform.engine.support.hierarchical.NodeTestTask$DefaultDynamicTestExecutor.execute(NodeTestTask.java:226)
	at app//org.junit.platform.engine.support.hierarchical.NodeTestTask$DefaultDynamicTestExecutor.execute(NodeTestTask.java:204)
	at java.base@11.0.18/java.util.Optional.ifPresent(Optional.java:183)
	at app//org.junit.jupiter.engine.descriptor.TestFactoryTestDescriptor.lambda$invokeTestMethod$1(TestFactoryTestDescriptor.java:108)
	at app//org.junit.platform.engine.support.hierarchical.ThrowableCollector.execute(ThrowableCollector.java:73)
	at app//org.junit.jupiter.engine.descriptor.TestFactoryTestDescriptor.invokeTestMethod(TestFactoryTestDescriptor.java:95)
	at app//org.junit.jupiter.engine.descriptor.TestMethodTestDescriptor.execute(TestMethodTestDescriptor.java:138)
	at app//org.junit.jupiter.engine.descriptor.TestMethodTestDescriptor.execute(TestMethodTestDescriptor.java:68)
	at app//org.junit.platform.engine.support.hierarchical.NodeTestTask.lambda$executeRecursively$6(NodeTestTask.java:151)
	at app//org.junit.platform.engine.support.hierarchical.ThrowableCollector.execute(ThrowableCollector.java:73)
	at app//org.junit.platform.engine.support.hierarchical.NodeTestTask.lambda$executeRecursively$8(NodeTestTask.java:141)
	at app//org.junit.platform.engine.support.hierarchical.Node.around(Node.java:137)
	at app//org.junit.platform.engine.support.hierarchical.NodeTestTask.lambda$executeRecursively$9(NodeTestTask.java:139)
	at app//org.junit.platform.engine.support.hierarchical.ThrowableCollector.execute(ThrowableCollector.java:73)
	at app//org.junit.platform.engine.support.hierarchical.NodeTestTask.executeRecursively(NodeTestTask.java:138)
	at app//org.junit.platform.engine.support.hierarchical.NodeTestTask.execute(NodeTestTask.java:95)
	at java.base@11.0.18/java.util.ArrayList.forEach(ArrayList.java:1541)
	at app//org.junit.platform.engine.support.hierarchical.SameThreadHierarchicalTestExecutorService.invokeAll(SameThreadHierarchicalTestExecutorService.java:41)
	at app//org.junit.platform.engine.support.hierarchical.NodeTestTask.lambda$executeRecursively$6(NodeTestTask.java:155)
	at app//org.junit.platform.engine.support.hierarchical.ThrowableCollector.execute(ThrowableCollector.java:73)
	at app//org.junit.platform.engine.support.hierarchical.NodeTestTask.lambda$executeRecursively$8(NodeTestTask.java:141)
	at app//org.junit.platform.engine.support.hierarchical.Node.around(Node.java:137)
	at app//org.junit.platform.engine.support.hierarchical.NodeTestTask.lambda$executeRecursively$9(NodeTestTask.java:139)
	at app//org.junit.platform.engine.support.hierarchical.ThrowableCollector.execute(ThrowableCollector.java:73)
	at app//org.junit.platform.engine.support.hierarchical.NodeTestTask.executeRecursively(NodeTestTask.java:138)
	at app//org.junit.platform.engine.support.hierarchical.NodeTestTask.execute(NodeTestTask.java:95)
	at java.base@11.0.18/java.util.ArrayList.forEach(ArrayList.java:1541)
	at app//org.junit.platform.engine.support.hierarchical.SameThreadHierarchicalTestExecutorService.invokeAll(SameThreadHierarchicalTestExecutorService.java:41)
	at app//org.junit.platform.engine.support.hierarchical.NodeTestTask.lambda$executeRecursively$6(NodeTestTask.java:155)
	at app//org.junit.platform.engine.support.hierarchical.ThrowableCollector.execute(ThrowableCollector.java:73)
	at app//org.junit.platform.engine.support.hierarchical.NodeTestTask.lambda$executeRecursively$8(NodeTestTask.java:141)
	at app//org.junit.platform.engine.support.hierarchical.Node.around(Node.java:137)
	at app//org.junit.platform.engine.support.hierarchical.NodeTestTask.lambda$executeRecursively$9(NodeTestTask.java:139)
	at app//org.junit.platform.engine.support.hierarchical.ThrowableCollector.execute(ThrowableCollector.java:73)
	at app//org.junit.platform.engine.support.hierarchical.NodeTestTask.executeRecursively(NodeTestTask.java:138)
	at app//org.junit.platform.engine.support.hierarchical.NodeTestTask.execute(NodeTestTask.java:95)
	at app//org.junit.platform.engine.support.hierarchical.SameThreadHierarchicalTestExecutorService.submit(SameThreadHierarchicalTestExecutorService.java:35)
	at app//org.junit.platform.engine.support.hierarchical.HierarchicalTestExecutor.execute(HierarchicalTestExecutor.java:57)
	at app//org.junit.platform.engine.support.hierarchical.HierarchicalTestEngine.execute(HierarchicalTestEngine.java:54)
	at app//org.junit.platform.launcher.core.EngineExecutionOrchestrator.execute(EngineExecutionOrchestrator.java:107)
	at app//org.junit.platform.launcher.core.EngineExecutionOrchestrator.execute(EngineExecutionOrchestrator.java:88)
	at app//org.junit.platform.launcher.core.EngineExecutionOrchestrator.lambda$execute$0(EngineExecutionOrchestrator.java:54)
	at app//org.junit.platform.launcher.core.EngineExecutionOrchestrator.withInterceptedStreams(EngineExecutionOrchestrator.java:67)
	at app//org.junit.platform.launcher.core.EngineExecutionOrchestrator.execute(EngineExecutionOrchestrator.java:52)
	at app//org.junit.platform.launcher.core.DefaultLauncher.execute(DefaultLauncher.java:114)
	at app//org.junit.platform.launcher.core.DefaultLauncher.execute(DefaultLauncher.java:86)
	at app//org.junit.platform.launcher.core.DefaultLauncherSession$DelegatingLauncher.execute(DefaultLauncherSession.java:86)
	at org.gradle.api.internal.tasks.testing.junitplatform.JUnitPlatformTestClassProcessor$CollectAllTestClassesExecutor.processAllTestClasses(JUnitPlatformTestClassProcessor.java:110)
	at org.gradle.api.internal.tasks.testing.junitplatform.JUnitPlatformTestClassProcessor$CollectAllTestClassesExecutor.access$000(JUnitPlatformTestClassProcessor.java:90)
	at org.gradle.api.internal.tasks.testing.junitplatform.JUnitPlatformTestClassProcessor.stop(JUnitPlatformTestClassProcessor.java:85)
	at org.gradle.api.internal.tasks.testing.SuiteTestClassProcessor.stop(SuiteTestClassProcessor.java:62)
	at java.base@11.0.18/jdk.internal.reflect.NativeMethodAccessorImpl.invoke0(Native Method)
	at java.base@11.0.18/jdk.internal.reflect.NativeMethodAccessorImpl.invoke(NativeMethodAccessorImpl.java:62)
	at java.base@11.0.18/jdk.internal.reflect.DelegatingMethodAccessorImpl.invoke(DelegatingMethodAccessorImpl.java:43)
	at java.base@11.0.18/java.lang.reflect.Method.invoke(Method.java:566)
	at org.gradle.internal.dispatch.ReflectionDispatch.dispatch(ReflectionDispatch.java:36)
	at org.gradle.internal.dispatch.ReflectionDispatch.dispatch(ReflectionDispatch.java:24)
	at org.gradle.internal.dispatch.ContextClassLoaderDispatch.dispatch(ContextClassLoaderDispatch.java:33)
	at org.gradle.internal.dispatch.ProxyDispatchAdapter$DispatchingInvocationHandler.invoke(ProxyDispatchAdapter.java:94)
	at com.sun.proxy.$Proxy2.stop(Unknown Source)
	at org.gradle.api.internal.tasks.testing.worker.TestWorker$3.run(TestWorker.java:193)
	at org.gradle.api.internal.tasks.testing.worker.TestWorker.executeAndMaintainThreadName(TestWorker.java:129)
	at org.gradle.api.internal.tasks.testing.worker.TestWorker.execute(TestWorker.java:100)
	at org.gradle.api.internal.tasks.testing.worker.TestWorker.execute(TestWorker.java:60)
	at org.gradle.process.internal.worker.child.ActionExecutionWorker.execute(ActionExecutionWorker.java:56)
	at org.gradle.process.internal.worker.child.SystemApplicationClassLoaderWorker.call(SystemApplicationClassLoaderWorker.java:113)
	at org.gradle.process.internal.worker.child.SystemApplicationClassLoaderWorker.call(SystemApplicationClassLoaderWorker.java:65)
	at app//worker.org.gradle.process.internal.worker.GradleWorkerMain.run(GradleWorkerMain.java:69)
	at app//worker.org.gradle.process.internal.worker.GradleWorkerMain.main(GradleWorkerMain.java:74)
</failure>
  </testcase>
  <testcase name="applicationRestrictions" classname="de.uka.ilkd.key.proof.runallproofs.RunAllProofsFunctional" time="1.114">
    <failure message="org.opentest4j.AssertionFailedError: Executed process terminated with non-zero exit value. ==&gt; expected: &lt;0&gt; but was: &lt;1&gt;" type="org.opentest4j.AssertionFailedError">org.opentest4j.AssertionFailedError: Executed process terminated with non-zero exit value. ==&gt; expected: &lt;0&gt; but was: &lt;1&gt;
	at app//org.junit.jupiter.api.AssertionFailureBuilder.build(AssertionFailureBuilder.java:151)
	at app//org.junit.jupiter.api.AssertionFailureBuilder.buildAndThrow(AssertionFailureBuilder.java:132)
	at app//org.junit.jupiter.api.AssertEquals.failNotEqual(AssertEquals.java:197)
	at app//org.junit.jupiter.api.AssertEquals.assertEquals(AssertEquals.java:150)
	at app//org.junit.jupiter.api.Assertions.assertEquals(Assertions.java:560)
	at app//de.uka.ilkd.key.proof.runallproofs.proofcollection.ForkedTestFileRunner.processTestFiles(ForkedTestFileRunner.java:130)
	at app//de.uka.ilkd.key.proof.runallproofs.RunAllProofsTestUnit.runTest(RunAllProofsTestUnit.java:89)
	at app//de.uka.ilkd.key.proof.runallproofs.RunAllProofsTest.lambda$data$0(RunAllProofsTest.java:77)
	at app//org.junit.jupiter.engine.descriptor.DynamicTestTestDescriptor.lambda$execute$0(DynamicTestTestDescriptor.java:53)
	at app//org.junit.jupiter.engine.execution.InvocationInterceptorChain$ValidatingInvocation.proceed(InvocationInterceptorChain.java:131)
	at app//org.junit.jupiter.api.extension.InvocationInterceptor.interceptDynamicTest(InvocationInterceptor.java:167)
	at app//org.junit.jupiter.api.extension.InvocationInterceptor.interceptDynamicTest(InvocationInterceptor.java:184)
	at app//org.junit.jupiter.engine.descriptor.DynamicTestTestDescriptor.lambda$execute$1(DynamicTestTestDescriptor.java:61)
	at app//org.junit.jupiter.engine.execution.InvocationInterceptorChain$InterceptorCall.lambda$ofVoid$0(InvocationInterceptorChain.java:78)
	at app//org.junit.jupiter.engine.execution.InvocationInterceptorChain$InterceptedInvocation.proceed(InvocationInterceptorChain.java:106)
	at app//org.junit.jupiter.engine.execution.InvocationInterceptorChain.proceed(InvocationInterceptorChain.java:64)
	at app//org.junit.jupiter.engine.execution.InvocationInterceptorChain.chainAndInvoke(InvocationInterceptorChain.java:45)
	at app//org.junit.jupiter.engine.execution.InvocationInterceptorChain.invoke(InvocationInterceptorChain.java:37)
	at app//org.junit.jupiter.engine.descriptor.DynamicTestTestDescriptor.execute(DynamicTestTestDescriptor.java:60)
	at app//org.junit.jupiter.engine.descriptor.DynamicTestTestDescriptor.execute(DynamicTestTestDescriptor.java:32)
	at app//org.junit.platform.engine.support.hierarchical.NodeTestTask.lambda$executeRecursively$6(NodeTestTask.java:151)
	at app//org.junit.platform.engine.support.hierarchical.ThrowableCollector.execute(ThrowableCollector.java:73)
	at app//org.junit.platform.engine.support.hierarchical.NodeTestTask.lambda$executeRecursively$8(NodeTestTask.java:141)
	at app//org.junit.platform.engine.support.hierarchical.Node.around(Node.java:137)
	at app//org.junit.platform.engine.support.hierarchical.NodeTestTask.lambda$executeRecursively$9(NodeTestTask.java:139)
	at app//org.junit.platform.engine.support.hierarchical.ThrowableCollector.execute(ThrowableCollector.java:73)
	at app//org.junit.platform.engine.support.hierarchical.NodeTestTask.executeRecursively(NodeTestTask.java:138)
	at app//org.junit.platform.engine.support.hierarchical.NodeTestTask.execute(NodeTestTask.java:95)
	at app//org.junit.platform.engine.support.hierarchical.SameThreadHierarchicalTestExecutorService.submit(SameThreadHierarchicalTestExecutorService.java:35)
	at app//org.junit.platform.engine.support.hierarchical.NodeTestTask$DefaultDynamicTestExecutor.execute(NodeTestTask.java:226)
	at app//org.junit.platform.engine.support.hierarchical.NodeTestTask$DefaultDynamicTestExecutor.execute(NodeTestTask.java:204)
	at java.base@11.0.18/java.util.Optional.ifPresent(Optional.java:183)
	at app//org.junit.jupiter.engine.descriptor.TestFactoryTestDescriptor.lambda$invokeTestMethod$1(TestFactoryTestDescriptor.java:108)
	at app//org.junit.platform.engine.support.hierarchical.ThrowableCollector.execute(ThrowableCollector.java:73)
	at app//org.junit.jupiter.engine.descriptor.TestFactoryTestDescriptor.invokeTestMethod(TestFactoryTestDescriptor.java:95)
	at app//org.junit.jupiter.engine.descriptor.TestMethodTestDescriptor.execute(TestMethodTestDescriptor.java:138)
	at app//org.junit.jupiter.engine.descriptor.TestMethodTestDescriptor.execute(TestMethodTestDescriptor.java:68)
	at app//org.junit.platform.engine.support.hierarchical.NodeTestTask.lambda$executeRecursively$6(NodeTestTask.java:151)
	at app//org.junit.platform.engine.support.hierarchical.ThrowableCollector.execute(ThrowableCollector.java:73)
	at app//org.junit.platform.engine.support.hierarchical.NodeTestTask.lambda$executeRecursively$8(NodeTestTask.java:141)
	at app//org.junit.platform.engine.support.hierarchical.Node.around(Node.java:137)
	at app//org.junit.platform.engine.support.hierarchical.NodeTestTask.lambda$executeRecursively$9(NodeTestTask.java:139)
	at app//org.junit.platform.engine.support.hierarchical.ThrowableCollector.execute(ThrowableCollector.java:73)
	at app//org.junit.platform.engine.support.hierarchical.NodeTestTask.executeRecursively(NodeTestTask.java:138)
	at app//org.junit.platform.engine.support.hierarchical.NodeTestTask.execute(NodeTestTask.java:95)
	at java.base@11.0.18/java.util.ArrayList.forEach(ArrayList.java:1541)
	at app//org.junit.platform.engine.support.hierarchical.SameThreadHierarchicalTestExecutorService.invokeAll(SameThreadHierarchicalTestExecutorService.java:41)
	at app//org.junit.platform.engine.support.hierarchical.NodeTestTask.lambda$executeRecursively$6(NodeTestTask.java:155)
	at app//org.junit.platform.engine.support.hierarchical.ThrowableCollector.execute(ThrowableCollector.java:73)
	at app//org.junit.platform.engine.support.hierarchical.NodeTestTask.lambda$executeRecursively$8(NodeTestTask.java:141)
	at app//org.junit.platform.engine.support.hierarchical.Node.around(Node.java:137)
	at app//org.junit.platform.engine.support.hierarchical.NodeTestTask.lambda$executeRecursively$9(NodeTestTask.java:139)
	at app//org.junit.platform.engine.support.hierarchical.ThrowableCollector.execute(ThrowableCollector.java:73)
	at app//org.junit.platform.engine.support.hierarchical.NodeTestTask.executeRecursively(NodeTestTask.java:138)
	at app//org.junit.platform.engine.support.hierarchical.NodeTestTask.execute(NodeTestTask.java:95)
	at java.base@11.0.18/java.util.ArrayList.forEach(ArrayList.java:1541)
	at app//org.junit.platform.engine.support.hierarchical.SameThreadHierarchicalTestExecutorService.invokeAll(SameThreadHierarchicalTestExecutorService.java:41)
	at app//org.junit.platform.engine.support.hierarchical.NodeTestTask.lambda$executeRecursively$6(NodeTestTask.java:155)
	at app//org.junit.platform.engine.support.hierarchical.ThrowableCollector.execute(ThrowableCollector.java:73)
	at app//org.junit.platform.engine.support.hierarchical.NodeTestTask.lambda$executeRecursively$8(NodeTestTask.java:141)
	at app//org.junit.platform.engine.support.hierarchical.Node.around(Node.java:137)
	at app//org.junit.platform.engine.support.hierarchical.NodeTestTask.lambda$executeRecursively$9(NodeTestTask.java:139)
	at app//org.junit.platform.engine.support.hierarchical.ThrowableCollector.execute(ThrowableCollector.java:73)
	at app//org.junit.platform.engine.support.hierarchical.NodeTestTask.executeRecursively(NodeTestTask.java:138)
	at app//org.junit.platform.engine.support.hierarchical.NodeTestTask.execute(NodeTestTask.java:95)
	at app//org.junit.platform.engine.support.hierarchical.SameThreadHierarchicalTestExecutorService.submit(SameThreadHierarchicalTestExecutorService.java:35)
	at app//org.junit.platform.engine.support.hierarchical.HierarchicalTestExecutor.execute(HierarchicalTestExecutor.java:57)
	at app//org.junit.platform.engine.support.hierarchical.HierarchicalTestEngine.execute(HierarchicalTestEngine.java:54)
	at app//org.junit.platform.launcher.core.EngineExecutionOrchestrator.execute(EngineExecutionOrchestrator.java:107)
	at app//org.junit.platform.launcher.core.EngineExecutionOrchestrator.execute(EngineExecutionOrchestrator.java:88)
	at app//org.junit.platform.launcher.core.EngineExecutionOrchestrator.lambda$execute$0(EngineExecutionOrchestrator.java:54)
	at app//org.junit.platform.launcher.core.EngineExecutionOrchestrator.withInterceptedStreams(EngineExecutionOrchestrator.java:67)
	at app//org.junit.platform.launcher.core.EngineExecutionOrchestrator.execute(EngineExecutionOrchestrator.java:52)
	at app//org.junit.platform.launcher.core.DefaultLauncher.execute(DefaultLauncher.java:114)
	at app//org.junit.platform.launcher.core.DefaultLauncher.execute(DefaultLauncher.java:86)
	at app//org.junit.platform.launcher.core.DefaultLauncherSession$DelegatingLauncher.execute(DefaultLauncherSession.java:86)
	at org.gradle.api.internal.tasks.testing.junitplatform.JUnitPlatformTestClassProcessor$CollectAllTestClassesExecutor.processAllTestClasses(JUnitPlatformTestClassProcessor.java:110)
	at org.gradle.api.internal.tasks.testing.junitplatform.JUnitPlatformTestClassProcessor$CollectAllTestClassesExecutor.access$000(JUnitPlatformTestClassProcessor.java:90)
	at org.gradle.api.internal.tasks.testing.junitplatform.JUnitPlatformTestClassProcessor.stop(JUnitPlatformTestClassProcessor.java:85)
	at org.gradle.api.internal.tasks.testing.SuiteTestClassProcessor.stop(SuiteTestClassProcessor.java:62)
	at java.base@11.0.18/jdk.internal.reflect.NativeMethodAccessorImpl.invoke0(Native Method)
	at java.base@11.0.18/jdk.internal.reflect.NativeMethodAccessorImpl.invoke(NativeMethodAccessorImpl.java:62)
	at java.base@11.0.18/jdk.internal.reflect.DelegatingMethodAccessorImpl.invoke(DelegatingMethodAccessorImpl.java:43)
	at java.base@11.0.18/java.lang.reflect.Method.invoke(Method.java:566)
	at org.gradle.internal.dispatch.ReflectionDispatch.dispatch(ReflectionDispatch.java:36)
	at org.gradle.internal.dispatch.ReflectionDispatch.dispatch(ReflectionDispatch.java:24)
	at org.gradle.internal.dispatch.ContextClassLoaderDispatch.dispatch(ContextClassLoaderDispatch.java:33)
	at org.gradle.internal.dispatch.ProxyDispatchAdapter$DispatchingInvocationHandler.invoke(ProxyDispatchAdapter.java:94)
	at com.sun.proxy.$Proxy2.stop(Unknown Source)
	at org.gradle.api.internal.tasks.testing.worker.TestWorker$3.run(TestWorker.java:193)
	at org.gradle.api.internal.tasks.testing.worker.TestWorker.executeAndMaintainThreadName(TestWorker.java:129)
	at org.gradle.api.internal.tasks.testing.worker.TestWorker.execute(TestWorker.java:100)
	at org.gradle.api.internal.tasks.testing.worker.TestWorker.execute(TestWorker.java:60)
	at org.gradle.process.internal.worker.child.ActionExecutionWorker.execute(ActionExecutionWorker.java:56)
	at org.gradle.process.internal.worker.child.SystemApplicationClassLoaderWorker.call(SystemApplicationClassLoaderWorker.java:113)
	at org.gradle.process.internal.worker.child.SystemApplicationClassLoaderWorker.call(SystemApplicationClassLoaderWorker.java:65)
	at app//worker.org.gradle.process.internal.worker.GradleWorkerMain.run(GradleWorkerMain.java:69)
	at app//worker.org.gradle.process.internal.worker.GradleWorkerMain.main(GradleWorkerMain.java:74)
</failure>
  </testcase>
  <testcase name="blockContracts" classname="de.uka.ilkd.key.proof.runallproofs.RunAllProofsFunctional" time="1.33">
    <failure message="org.opentest4j.AssertionFailedError: Executed process terminated with non-zero exit value. ==&gt; expected: &lt;0&gt; but was: &lt;1&gt;" type="org.opentest4j.AssertionFailedError">org.opentest4j.AssertionFailedError: Executed process terminated with non-zero exit value. ==&gt; expected: &lt;0&gt; but was: &lt;1&gt;
	at app//org.junit.jupiter.api.AssertionFailureBuilder.build(AssertionFailureBuilder.java:151)
	at app//org.junit.jupiter.api.AssertionFailureBuilder.buildAndThrow(AssertionFailureBuilder.java:132)
	at app//org.junit.jupiter.api.AssertEquals.failNotEqual(AssertEquals.java:197)
	at app//org.junit.jupiter.api.AssertEquals.assertEquals(AssertEquals.java:150)
	at app//org.junit.jupiter.api.Assertions.assertEquals(Assertions.java:560)
	at app//de.uka.ilkd.key.proof.runallproofs.proofcollection.ForkedTestFileRunner.processTestFiles(ForkedTestFileRunner.java:130)
	at app//de.uka.ilkd.key.proof.runallproofs.RunAllProofsTestUnit.runTest(RunAllProofsTestUnit.java:89)
	at app//de.uka.ilkd.key.proof.runallproofs.RunAllProofsTest.lambda$data$0(RunAllProofsTest.java:77)
	at app//org.junit.jupiter.engine.descriptor.DynamicTestTestDescriptor.lambda$execute$0(DynamicTestTestDescriptor.java:53)
	at app//org.junit.jupiter.engine.execution.InvocationInterceptorChain$ValidatingInvocation.proceed(InvocationInterceptorChain.java:131)
	at app//org.junit.jupiter.api.extension.InvocationInterceptor.interceptDynamicTest(InvocationInterceptor.java:167)
	at app//org.junit.jupiter.api.extension.InvocationInterceptor.interceptDynamicTest(InvocationInterceptor.java:184)
	at app//org.junit.jupiter.engine.descriptor.DynamicTestTestDescriptor.lambda$execute$1(DynamicTestTestDescriptor.java:61)
	at app//org.junit.jupiter.engine.execution.InvocationInterceptorChain$InterceptorCall.lambda$ofVoid$0(InvocationInterceptorChain.java:78)
	at app//org.junit.jupiter.engine.execution.InvocationInterceptorChain$InterceptedInvocation.proceed(InvocationInterceptorChain.java:106)
	at app//org.junit.jupiter.engine.execution.InvocationInterceptorChain.proceed(InvocationInterceptorChain.java:64)
	at app//org.junit.jupiter.engine.execution.InvocationInterceptorChain.chainAndInvoke(InvocationInterceptorChain.java:45)
	at app//org.junit.jupiter.engine.execution.InvocationInterceptorChain.invoke(InvocationInterceptorChain.java:37)
	at app//org.junit.jupiter.engine.descriptor.DynamicTestTestDescriptor.execute(DynamicTestTestDescriptor.java:60)
	at app//org.junit.jupiter.engine.descriptor.DynamicTestTestDescriptor.execute(DynamicTestTestDescriptor.java:32)
	at app//org.junit.platform.engine.support.hierarchical.NodeTestTask.lambda$executeRecursively$6(NodeTestTask.java:151)
	at app//org.junit.platform.engine.support.hierarchical.ThrowableCollector.execute(ThrowableCollector.java:73)
	at app//org.junit.platform.engine.support.hierarchical.NodeTestTask.lambda$executeRecursively$8(NodeTestTask.java:141)
	at app//org.junit.platform.engine.support.hierarchical.Node.around(Node.java:137)
	at app//org.junit.platform.engine.support.hierarchical.NodeTestTask.lambda$executeRecursively$9(NodeTestTask.java:139)
	at app//org.junit.platform.engine.support.hierarchical.ThrowableCollector.execute(ThrowableCollector.java:73)
	at app//org.junit.platform.engine.support.hierarchical.NodeTestTask.executeRecursively(NodeTestTask.java:138)
	at app//org.junit.platform.engine.support.hierarchical.NodeTestTask.execute(NodeTestTask.java:95)
	at app//org.junit.platform.engine.support.hierarchical.SameThreadHierarchicalTestExecutorService.submit(SameThreadHierarchicalTestExecutorService.java:35)
	at app//org.junit.platform.engine.support.hierarchical.NodeTestTask$DefaultDynamicTestExecutor.execute(NodeTestTask.java:226)
	at app//org.junit.platform.engine.support.hierarchical.NodeTestTask$DefaultDynamicTestExecutor.execute(NodeTestTask.java:204)
	at java.base@11.0.18/java.util.Optional.ifPresent(Optional.java:183)
	at app//org.junit.jupiter.engine.descriptor.TestFactoryTestDescriptor.lambda$invokeTestMethod$1(TestFactoryTestDescriptor.java:108)
	at app//org.junit.platform.engine.support.hierarchical.ThrowableCollector.execute(ThrowableCollector.java:73)
	at app//org.junit.jupiter.engine.descriptor.TestFactoryTestDescriptor.invokeTestMethod(TestFactoryTestDescriptor.java:95)
	at app//org.junit.jupiter.engine.descriptor.TestMethodTestDescriptor.execute(TestMethodTestDescriptor.java:138)
	at app//org.junit.jupiter.engine.descriptor.TestMethodTestDescriptor.execute(TestMethodTestDescriptor.java:68)
	at app//org.junit.platform.engine.support.hierarchical.NodeTestTask.lambda$executeRecursively$6(NodeTestTask.java:151)
	at app//org.junit.platform.engine.support.hierarchical.ThrowableCollector.execute(ThrowableCollector.java:73)
	at app//org.junit.platform.engine.support.hierarchical.NodeTestTask.lambda$executeRecursively$8(NodeTestTask.java:141)
	at app//org.junit.platform.engine.support.hierarchical.Node.around(Node.java:137)
	at app//org.junit.platform.engine.support.hierarchical.NodeTestTask.lambda$executeRecursively$9(NodeTestTask.java:139)
	at app//org.junit.platform.engine.support.hierarchical.ThrowableCollector.execute(ThrowableCollector.java:73)
	at app//org.junit.platform.engine.support.hierarchical.NodeTestTask.executeRecursively(NodeTestTask.java:138)
	at app//org.junit.platform.engine.support.hierarchical.NodeTestTask.execute(NodeTestTask.java:95)
	at java.base@11.0.18/java.util.ArrayList.forEach(ArrayList.java:1541)
	at app//org.junit.platform.engine.support.hierarchical.SameThreadHierarchicalTestExecutorService.invokeAll(SameThreadHierarchicalTestExecutorService.java:41)
	at app//org.junit.platform.engine.support.hierarchical.NodeTestTask.lambda$executeRecursively$6(NodeTestTask.java:155)
	at app//org.junit.platform.engine.support.hierarchical.ThrowableCollector.execute(ThrowableCollector.java:73)
	at app//org.junit.platform.engine.support.hierarchical.NodeTestTask.lambda$executeRecursively$8(NodeTestTask.java:141)
	at app//org.junit.platform.engine.support.hierarchical.Node.around(Node.java:137)
	at app//org.junit.platform.engine.support.hierarchical.NodeTestTask.lambda$executeRecursively$9(NodeTestTask.java:139)
	at app//org.junit.platform.engine.support.hierarchical.ThrowableCollector.execute(ThrowableCollector.java:73)
	at app//org.junit.platform.engine.support.hierarchical.NodeTestTask.executeRecursively(NodeTestTask.java:138)
	at app//org.junit.platform.engine.support.hierarchical.NodeTestTask.execute(NodeTestTask.java:95)
	at java.base@11.0.18/java.util.ArrayList.forEach(ArrayList.java:1541)
	at app//org.junit.platform.engine.support.hierarchical.SameThreadHierarchicalTestExecutorService.invokeAll(SameThreadHierarchicalTestExecutorService.java:41)
	at app//org.junit.platform.engine.support.hierarchical.NodeTestTask.lambda$executeRecursively$6(NodeTestTask.java:155)
	at app//org.junit.platform.engine.support.hierarchical.ThrowableCollector.execute(ThrowableCollector.java:73)
	at app//org.junit.platform.engine.support.hierarchical.NodeTestTask.lambda$executeRecursively$8(NodeTestTask.java:141)
	at app//org.junit.platform.engine.support.hierarchical.Node.around(Node.java:137)
	at app//org.junit.platform.engine.support.hierarchical.NodeTestTask.lambda$executeRecursively$9(NodeTestTask.java:139)
	at app//org.junit.platform.engine.support.hierarchical.ThrowableCollector.execute(ThrowableCollector.java:73)
	at app//org.junit.platform.engine.support.hierarchical.NodeTestTask.executeRecursively(NodeTestTask.java:138)
	at app//org.junit.platform.engine.support.hierarchical.NodeTestTask.execute(NodeTestTask.java:95)
	at app//org.junit.platform.engine.support.hierarchical.SameThreadHierarchicalTestExecutorService.submit(SameThreadHierarchicalTestExecutorService.java:35)
	at app//org.junit.platform.engine.support.hierarchical.HierarchicalTestExecutor.execute(HierarchicalTestExecutor.java:57)
	at app//org.junit.platform.engine.support.hierarchical.HierarchicalTestEngine.execute(HierarchicalTestEngine.java:54)
	at app//org.junit.platform.launcher.core.EngineExecutionOrchestrator.execute(EngineExecutionOrchestrator.java:107)
	at app//org.junit.platform.launcher.core.EngineExecutionOrchestrator.execute(EngineExecutionOrchestrator.java:88)
	at app//org.junit.platform.launcher.core.EngineExecutionOrchestrator.lambda$execute$0(EngineExecutionOrchestrator.java:54)
	at app//org.junit.platform.launcher.core.EngineExecutionOrchestrator.withInterceptedStreams(EngineExecutionOrchestrator.java:67)
	at app//org.junit.platform.launcher.core.EngineExecutionOrchestrator.execute(EngineExecutionOrchestrator.java:52)
	at app//org.junit.platform.launcher.core.DefaultLauncher.execute(DefaultLauncher.java:114)
	at app//org.junit.platform.launcher.core.DefaultLauncher.execute(DefaultLauncher.java:86)
	at app//org.junit.platform.launcher.core.DefaultLauncherSession$DelegatingLauncher.execute(DefaultLauncherSession.java:86)
	at org.gradle.api.internal.tasks.testing.junitplatform.JUnitPlatformTestClassProcessor$CollectAllTestClassesExecutor.processAllTestClasses(JUnitPlatformTestClassProcessor.java:110)
	at org.gradle.api.internal.tasks.testing.junitplatform.JUnitPlatformTestClassProcessor$CollectAllTestClassesExecutor.access$000(JUnitPlatformTestClassProcessor.java:90)
	at org.gradle.api.internal.tasks.testing.junitplatform.JUnitPlatformTestClassProcessor.stop(JUnitPlatformTestClassProcessor.java:85)
	at org.gradle.api.internal.tasks.testing.SuiteTestClassProcessor.stop(SuiteTestClassProcessor.java:62)
	at java.base@11.0.18/jdk.internal.reflect.NativeMethodAccessorImpl.invoke0(Native Method)
	at java.base@11.0.18/jdk.internal.reflect.NativeMethodAccessorImpl.invoke(NativeMethodAccessorImpl.java:62)
	at java.base@11.0.18/jdk.internal.reflect.DelegatingMethodAccessorImpl.invoke(DelegatingMethodAccessorImpl.java:43)
	at java.base@11.0.18/java.lang.reflect.Method.invoke(Method.java:566)
	at org.gradle.internal.dispatch.ReflectionDispatch.dispatch(ReflectionDispatch.java:36)
	at org.gradle.internal.dispatch.ReflectionDispatch.dispatch(ReflectionDispatch.java:24)
	at org.gradle.internal.dispatch.ContextClassLoaderDispatch.dispatch(ContextClassLoaderDispatch.java:33)
	at org.gradle.internal.dispatch.ProxyDispatchAdapter$DispatchingInvocationHandler.invoke(ProxyDispatchAdapter.java:94)
	at com.sun.proxy.$Proxy2.stop(Unknown Source)
	at org.gradle.api.internal.tasks.testing.worker.TestWorker$3.run(TestWorker.java:193)
	at org.gradle.api.internal.tasks.testing.worker.TestWorker.executeAndMaintainThreadName(TestWorker.java:129)
	at org.gradle.api.internal.tasks.testing.worker.TestWorker.execute(TestWorker.java:100)
	at org.gradle.api.internal.tasks.testing.worker.TestWorker.execute(TestWorker.java:60)
	at org.gradle.process.internal.worker.child.ActionExecutionWorker.execute(ActionExecutionWorker.java:56)
	at org.gradle.process.internal.worker.child.SystemApplicationClassLoaderWorker.call(SystemApplicationClassLoaderWorker.java:113)
	at org.gradle.process.internal.worker.child.SystemApplicationClassLoaderWorker.call(SystemApplicationClassLoaderWorker.java:65)
	at app//worker.org.gradle.process.internal.worker.GradleWorkerMain.run(GradleWorkerMain.java:69)
	at app//worker.org.gradle.process.internal.worker.GradleWorkerMain.main(GradleWorkerMain.java:74)
</failure>
  </testcase>
  <testcase name="jmlAsserts" classname="de.uka.ilkd.key.proof.runallproofs.RunAllProofsFunctional" time="1.358">
    <failure message="org.opentest4j.AssertionFailedError: Executed process terminated with non-zero exit value. ==&gt; expected: &lt;0&gt; but was: &lt;1&gt;" type="org.opentest4j.AssertionFailedError">org.opentest4j.AssertionFailedError: Executed process terminated with non-zero exit value. ==&gt; expected: &lt;0&gt; but was: &lt;1&gt;
	at app//org.junit.jupiter.api.AssertionFailureBuilder.build(AssertionFailureBuilder.java:151)
	at app//org.junit.jupiter.api.AssertionFailureBuilder.buildAndThrow(AssertionFailureBuilder.java:132)
	at app//org.junit.jupiter.api.AssertEquals.failNotEqual(AssertEquals.java:197)
	at app//org.junit.jupiter.api.AssertEquals.assertEquals(AssertEquals.java:150)
	at app//org.junit.jupiter.api.Assertions.assertEquals(Assertions.java:560)
	at app//de.uka.ilkd.key.proof.runallproofs.proofcollection.ForkedTestFileRunner.processTestFiles(ForkedTestFileRunner.java:130)
	at app//de.uka.ilkd.key.proof.runallproofs.RunAllProofsTestUnit.runTest(RunAllProofsTestUnit.java:89)
	at app//de.uka.ilkd.key.proof.runallproofs.RunAllProofsTest.lambda$data$0(RunAllProofsTest.java:77)
	at app//org.junit.jupiter.engine.descriptor.DynamicTestTestDescriptor.lambda$execute$0(DynamicTestTestDescriptor.java:53)
	at app//org.junit.jupiter.engine.execution.InvocationInterceptorChain$ValidatingInvocation.proceed(InvocationInterceptorChain.java:131)
	at app//org.junit.jupiter.api.extension.InvocationInterceptor.interceptDynamicTest(InvocationInterceptor.java:167)
	at app//org.junit.jupiter.api.extension.InvocationInterceptor.interceptDynamicTest(InvocationInterceptor.java:184)
	at app//org.junit.jupiter.engine.descriptor.DynamicTestTestDescriptor.lambda$execute$1(DynamicTestTestDescriptor.java:61)
	at app//org.junit.jupiter.engine.execution.InvocationInterceptorChain$InterceptorCall.lambda$ofVoid$0(InvocationInterceptorChain.java:78)
	at app//org.junit.jupiter.engine.execution.InvocationInterceptorChain$InterceptedInvocation.proceed(InvocationInterceptorChain.java:106)
	at app//org.junit.jupiter.engine.execution.InvocationInterceptorChain.proceed(InvocationInterceptorChain.java:64)
	at app//org.junit.jupiter.engine.execution.InvocationInterceptorChain.chainAndInvoke(InvocationInterceptorChain.java:45)
	at app//org.junit.jupiter.engine.execution.InvocationInterceptorChain.invoke(InvocationInterceptorChain.java:37)
	at app//org.junit.jupiter.engine.descriptor.DynamicTestTestDescriptor.execute(DynamicTestTestDescriptor.java:60)
	at app//org.junit.jupiter.engine.descriptor.DynamicTestTestDescriptor.execute(DynamicTestTestDescriptor.java:32)
	at app//org.junit.platform.engine.support.hierarchical.NodeTestTask.lambda$executeRecursively$6(NodeTestTask.java:151)
	at app//org.junit.platform.engine.support.hierarchical.ThrowableCollector.execute(ThrowableCollector.java:73)
	at app//org.junit.platform.engine.support.hierarchical.NodeTestTask.lambda$executeRecursively$8(NodeTestTask.java:141)
	at app//org.junit.platform.engine.support.hierarchical.Node.around(Node.java:137)
	at app//org.junit.platform.engine.support.hierarchical.NodeTestTask.lambda$executeRecursively$9(NodeTestTask.java:139)
	at app//org.junit.platform.engine.support.hierarchical.ThrowableCollector.execute(ThrowableCollector.java:73)
	at app//org.junit.platform.engine.support.hierarchical.NodeTestTask.executeRecursively(NodeTestTask.java:138)
	at app//org.junit.platform.engine.support.hierarchical.NodeTestTask.execute(NodeTestTask.java:95)
	at app//org.junit.platform.engine.support.hierarchical.SameThreadHierarchicalTestExecutorService.submit(SameThreadHierarchicalTestExecutorService.java:35)
	at app//org.junit.platform.engine.support.hierarchical.NodeTestTask$DefaultDynamicTestExecutor.execute(NodeTestTask.java:226)
	at app//org.junit.platform.engine.support.hierarchical.NodeTestTask$DefaultDynamicTestExecutor.execute(NodeTestTask.java:204)
	at java.base@11.0.18/java.util.Optional.ifPresent(Optional.java:183)
	at app//org.junit.jupiter.engine.descriptor.TestFactoryTestDescriptor.lambda$invokeTestMethod$1(TestFactoryTestDescriptor.java:108)
	at app//org.junit.platform.engine.support.hierarchical.ThrowableCollector.execute(ThrowableCollector.java:73)
	at app//org.junit.jupiter.engine.descriptor.TestFactoryTestDescriptor.invokeTestMethod(TestFactoryTestDescriptor.java:95)
	at app//org.junit.jupiter.engine.descriptor.TestMethodTestDescriptor.execute(TestMethodTestDescriptor.java:138)
	at app//org.junit.jupiter.engine.descriptor.TestMethodTestDescriptor.execute(TestMethodTestDescriptor.java:68)
	at app//org.junit.platform.engine.support.hierarchical.NodeTestTask.lambda$executeRecursively$6(NodeTestTask.java:151)
	at app//org.junit.platform.engine.support.hierarchical.ThrowableCollector.execute(ThrowableCollector.java:73)
	at app//org.junit.platform.engine.support.hierarchical.NodeTestTask.lambda$executeRecursively$8(NodeTestTask.java:141)
	at app//org.junit.platform.engine.support.hierarchical.Node.around(Node.java:137)
	at app//org.junit.platform.engine.support.hierarchical.NodeTestTask.lambda$executeRecursively$9(NodeTestTask.java:139)
	at app//org.junit.platform.engine.support.hierarchical.ThrowableCollector.execute(ThrowableCollector.java:73)
	at app//org.junit.platform.engine.support.hierarchical.NodeTestTask.executeRecursively(NodeTestTask.java:138)
	at app//org.junit.platform.engine.support.hierarchical.NodeTestTask.execute(NodeTestTask.java:95)
	at java.base@11.0.18/java.util.ArrayList.forEach(ArrayList.java:1541)
	at app//org.junit.platform.engine.support.hierarchical.SameThreadHierarchicalTestExecutorService.invokeAll(SameThreadHierarchicalTestExecutorService.java:41)
	at app//org.junit.platform.engine.support.hierarchical.NodeTestTask.lambda$executeRecursively$6(NodeTestTask.java:155)
	at app//org.junit.platform.engine.support.hierarchical.ThrowableCollector.execute(ThrowableCollector.java:73)
	at app//org.junit.platform.engine.support.hierarchical.NodeTestTask.lambda$executeRecursively$8(NodeTestTask.java:141)
	at app//org.junit.platform.engine.support.hierarchical.Node.around(Node.java:137)
	at app//org.junit.platform.engine.support.hierarchical.NodeTestTask.lambda$executeRecursively$9(NodeTestTask.java:139)
	at app//org.junit.platform.engine.support.hierarchical.ThrowableCollector.execute(ThrowableCollector.java:73)
	at app//org.junit.platform.engine.support.hierarchical.NodeTestTask.executeRecursively(NodeTestTask.java:138)
	at app//org.junit.platform.engine.support.hierarchical.NodeTestTask.execute(NodeTestTask.java:95)
	at java.base@11.0.18/java.util.ArrayList.forEach(ArrayList.java:1541)
	at app//org.junit.platform.engine.support.hierarchical.SameThreadHierarchicalTestExecutorService.invokeAll(SameThreadHierarchicalTestExecutorService.java:41)
	at app//org.junit.platform.engine.support.hierarchical.NodeTestTask.lambda$executeRecursively$6(NodeTestTask.java:155)
	at app//org.junit.platform.engine.support.hierarchical.ThrowableCollector.execute(ThrowableCollector.java:73)
	at app//org.junit.platform.engine.support.hierarchical.NodeTestTask.lambda$executeRecursively$8(NodeTestTask.java:141)
	at app//org.junit.platform.engine.support.hierarchical.Node.around(Node.java:137)
	at app//org.junit.platform.engine.support.hierarchical.NodeTestTask.lambda$executeRecursively$9(NodeTestTask.java:139)
	at app//org.junit.platform.engine.support.hierarchical.ThrowableCollector.execute(ThrowableCollector.java:73)
	at app//org.junit.platform.engine.support.hierarchical.NodeTestTask.executeRecursively(NodeTestTask.java:138)
	at app//org.junit.platform.engine.support.hierarchical.NodeTestTask.execute(NodeTestTask.java:95)
	at app//org.junit.platform.engine.support.hierarchical.SameThreadHierarchicalTestExecutorService.submit(SameThreadHierarchicalTestExecutorService.java:35)
	at app//org.junit.platform.engine.support.hierarchical.HierarchicalTestExecutor.execute(HierarchicalTestExecutor.java:57)
	at app//org.junit.platform.engine.support.hierarchical.HierarchicalTestEngine.execute(HierarchicalTestEngine.java:54)
	at app//org.junit.platform.launcher.core.EngineExecutionOrchestrator.execute(EngineExecutionOrchestrator.java:107)
	at app//org.junit.platform.launcher.core.EngineExecutionOrchestrator.execute(EngineExecutionOrchestrator.java:88)
	at app//org.junit.platform.launcher.core.EngineExecutionOrchestrator.lambda$execute$0(EngineExecutionOrchestrator.java:54)
	at app//org.junit.platform.launcher.core.EngineExecutionOrchestrator.withInterceptedStreams(EngineExecutionOrchestrator.java:67)
	at app//org.junit.platform.launcher.core.EngineExecutionOrchestrator.execute(EngineExecutionOrchestrator.java:52)
	at app//org.junit.platform.launcher.core.DefaultLauncher.execute(DefaultLauncher.java:114)
	at app//org.junit.platform.launcher.core.DefaultLauncher.execute(DefaultLauncher.java:86)
	at app//org.junit.platform.launcher.core.DefaultLauncherSession$DelegatingLauncher.execute(DefaultLauncherSession.java:86)
	at org.gradle.api.internal.tasks.testing.junitplatform.JUnitPlatformTestClassProcessor$CollectAllTestClassesExecutor.processAllTestClasses(JUnitPlatformTestClassProcessor.java:110)
	at org.gradle.api.internal.tasks.testing.junitplatform.JUnitPlatformTestClassProcessor$CollectAllTestClassesExecutor.access$000(JUnitPlatformTestClassProcessor.java:90)
	at org.gradle.api.internal.tasks.testing.junitplatform.JUnitPlatformTestClassProcessor.stop(JUnitPlatformTestClassProcessor.java:85)
	at org.gradle.api.internal.tasks.testing.SuiteTestClassProcessor.stop(SuiteTestClassProcessor.java:62)
	at java.base@11.0.18/jdk.internal.reflect.NativeMethodAccessorImpl.invoke0(Native Method)
	at java.base@11.0.18/jdk.internal.reflect.NativeMethodAccessorImpl.invoke(NativeMethodAccessorImpl.java:62)
	at java.base@11.0.18/jdk.internal.reflect.DelegatingMethodAccessorImpl.invoke(DelegatingMethodAccessorImpl.java:43)
	at java.base@11.0.18/java.lang.reflect.Method.invoke(Method.java:566)
	at org.gradle.internal.dispatch.ReflectionDispatch.dispatch(ReflectionDispatch.java:36)
	at org.gradle.internal.dispatch.ReflectionDispatch.dispatch(ReflectionDispatch.java:24)
	at org.gradle.internal.dispatch.ContextClassLoaderDispatch.dispatch(ContextClassLoaderDispatch.java:33)
	at org.gradle.internal.dispatch.ProxyDispatchAdapter$DispatchingInvocationHandler.invoke(ProxyDispatchAdapter.java:94)
	at com.sun.proxy.$Proxy2.stop(Unknown Source)
	at org.gradle.api.internal.tasks.testing.worker.TestWorker$3.run(TestWorker.java:193)
	at org.gradle.api.internal.tasks.testing.worker.TestWorker.executeAndMaintainThreadName(TestWorker.java:129)
	at org.gradle.api.internal.tasks.testing.worker.TestWorker.execute(TestWorker.java:100)
	at org.gradle.api.internal.tasks.testing.worker.TestWorker.execute(TestWorker.java:60)
	at org.gradle.process.internal.worker.child.ActionExecutionWorker.execute(ActionExecutionWorker.java:56)
	at org.gradle.process.internal.worker.child.SystemApplicationClassLoaderWorker.call(SystemApplicationClassLoaderWorker.java:113)
	at org.gradle.process.internal.worker.child.SystemApplicationClassLoaderWorker.call(SystemApplicationClassLoaderWorker.java:65)
	at app//worker.org.gradle.process.internal.worker.GradleWorkerMain.run(GradleWorkerMain.java:69)
	at app//worker.org.gradle.process.internal.worker.GradleWorkerMain.main(GradleWorkerMain.java:74)
</failure>
  </testcase>
  <testcase name="javaCard" classname="de.uka.ilkd.key.proof.runallproofs.RunAllProofsFunctional" time="1.278">
    <failure message="org.opentest4j.AssertionFailedError: Executed process terminated with non-zero exit value. ==&gt; expected: &lt;0&gt; but was: &lt;1&gt;" type="org.opentest4j.AssertionFailedError">org.opentest4j.AssertionFailedError: Executed process terminated with non-zero exit value. ==&gt; expected: &lt;0&gt; but was: &lt;1&gt;
	at app//org.junit.jupiter.api.AssertionFailureBuilder.build(AssertionFailureBuilder.java:151)
	at app//org.junit.jupiter.api.AssertionFailureBuilder.buildAndThrow(AssertionFailureBuilder.java:132)
	at app//org.junit.jupiter.api.AssertEquals.failNotEqual(AssertEquals.java:197)
	at app//org.junit.jupiter.api.AssertEquals.assertEquals(AssertEquals.java:150)
	at app//org.junit.jupiter.api.Assertions.assertEquals(Assertions.java:560)
	at app//de.uka.ilkd.key.proof.runallproofs.proofcollection.ForkedTestFileRunner.processTestFiles(ForkedTestFileRunner.java:130)
	at app//de.uka.ilkd.key.proof.runallproofs.RunAllProofsTestUnit.runTest(RunAllProofsTestUnit.java:89)
	at app//de.uka.ilkd.key.proof.runallproofs.RunAllProofsTest.lambda$data$0(RunAllProofsTest.java:77)
	at app//org.junit.jupiter.engine.descriptor.DynamicTestTestDescriptor.lambda$execute$0(DynamicTestTestDescriptor.java:53)
	at app//org.junit.jupiter.engine.execution.InvocationInterceptorChain$ValidatingInvocation.proceed(InvocationInterceptorChain.java:131)
	at app//org.junit.jupiter.api.extension.InvocationInterceptor.interceptDynamicTest(InvocationInterceptor.java:167)
	at app//org.junit.jupiter.api.extension.InvocationInterceptor.interceptDynamicTest(InvocationInterceptor.java:184)
	at app//org.junit.jupiter.engine.descriptor.DynamicTestTestDescriptor.lambda$execute$1(DynamicTestTestDescriptor.java:61)
	at app//org.junit.jupiter.engine.execution.InvocationInterceptorChain$InterceptorCall.lambda$ofVoid$0(InvocationInterceptorChain.java:78)
	at app//org.junit.jupiter.engine.execution.InvocationInterceptorChain$InterceptedInvocation.proceed(InvocationInterceptorChain.java:106)
	at app//org.junit.jupiter.engine.execution.InvocationInterceptorChain.proceed(InvocationInterceptorChain.java:64)
	at app//org.junit.jupiter.engine.execution.InvocationInterceptorChain.chainAndInvoke(InvocationInterceptorChain.java:45)
	at app//org.junit.jupiter.engine.execution.InvocationInterceptorChain.invoke(InvocationInterceptorChain.java:37)
	at app//org.junit.jupiter.engine.descriptor.DynamicTestTestDescriptor.execute(DynamicTestTestDescriptor.java:60)
	at app//org.junit.jupiter.engine.descriptor.DynamicTestTestDescriptor.execute(DynamicTestTestDescriptor.java:32)
	at app//org.junit.platform.engine.support.hierarchical.NodeTestTask.lambda$executeRecursively$6(NodeTestTask.java:151)
	at app//org.junit.platform.engine.support.hierarchical.ThrowableCollector.execute(ThrowableCollector.java:73)
	at app//org.junit.platform.engine.support.hierarchical.NodeTestTask.lambda$executeRecursively$8(NodeTestTask.java:141)
	at app//org.junit.platform.engine.support.hierarchical.Node.around(Node.java:137)
	at app//org.junit.platform.engine.support.hierarchical.NodeTestTask.lambda$executeRecursively$9(NodeTestTask.java:139)
	at app//org.junit.platform.engine.support.hierarchical.ThrowableCollector.execute(ThrowableCollector.java:73)
	at app//org.junit.platform.engine.support.hierarchical.NodeTestTask.executeRecursively(NodeTestTask.java:138)
	at app//org.junit.platform.engine.support.hierarchical.NodeTestTask.execute(NodeTestTask.java:95)
	at app//org.junit.platform.engine.support.hierarchical.SameThreadHierarchicalTestExecutorService.submit(SameThreadHierarchicalTestExecutorService.java:35)
	at app//org.junit.platform.engine.support.hierarchical.NodeTestTask$DefaultDynamicTestExecutor.execute(NodeTestTask.java:226)
	at app//org.junit.platform.engine.support.hierarchical.NodeTestTask$DefaultDynamicTestExecutor.execute(NodeTestTask.java:204)
	at java.base@11.0.18/java.util.Optional.ifPresent(Optional.java:183)
	at app//org.junit.jupiter.engine.descriptor.TestFactoryTestDescriptor.lambda$invokeTestMethod$1(TestFactoryTestDescriptor.java:108)
	at app//org.junit.platform.engine.support.hierarchical.ThrowableCollector.execute(ThrowableCollector.java:73)
	at app//org.junit.jupiter.engine.descriptor.TestFactoryTestDescriptor.invokeTestMethod(TestFactoryTestDescriptor.java:95)
	at app//org.junit.jupiter.engine.descriptor.TestMethodTestDescriptor.execute(TestMethodTestDescriptor.java:138)
	at app//org.junit.jupiter.engine.descriptor.TestMethodTestDescriptor.execute(TestMethodTestDescriptor.java:68)
	at app//org.junit.platform.engine.support.hierarchical.NodeTestTask.lambda$executeRecursively$6(NodeTestTask.java:151)
	at app//org.junit.platform.engine.support.hierarchical.ThrowableCollector.execute(ThrowableCollector.java:73)
	at app//org.junit.platform.engine.support.hierarchical.NodeTestTask.lambda$executeRecursively$8(NodeTestTask.java:141)
	at app//org.junit.platform.engine.support.hierarchical.Node.around(Node.java:137)
	at app//org.junit.platform.engine.support.hierarchical.NodeTestTask.lambda$executeRecursively$9(NodeTestTask.java:139)
	at app//org.junit.platform.engine.support.hierarchical.ThrowableCollector.execute(ThrowableCollector.java:73)
	at app//org.junit.platform.engine.support.hierarchical.NodeTestTask.executeRecursively(NodeTestTask.java:138)
	at app//org.junit.platform.engine.support.hierarchical.NodeTestTask.execute(NodeTestTask.java:95)
	at java.base@11.0.18/java.util.ArrayList.forEach(ArrayList.java:1541)
	at app//org.junit.platform.engine.support.hierarchical.SameThreadHierarchicalTestExecutorService.invokeAll(SameThreadHierarchicalTestExecutorService.java:41)
	at app//org.junit.platform.engine.support.hierarchical.NodeTestTask.lambda$executeRecursively$6(NodeTestTask.java:155)
	at app//org.junit.platform.engine.support.hierarchical.ThrowableCollector.execute(ThrowableCollector.java:73)
	at app//org.junit.platform.engine.support.hierarchical.NodeTestTask.lambda$executeRecursively$8(NodeTestTask.java:141)
	at app//org.junit.platform.engine.support.hierarchical.Node.around(Node.java:137)
	at app//org.junit.platform.engine.support.hierarchical.NodeTestTask.lambda$executeRecursively$9(NodeTestTask.java:139)
	at app//org.junit.platform.engine.support.hierarchical.ThrowableCollector.execute(ThrowableCollector.java:73)
	at app//org.junit.platform.engine.support.hierarchical.NodeTestTask.executeRecursively(NodeTestTask.java:138)
	at app//org.junit.platform.engine.support.hierarchical.NodeTestTask.execute(NodeTestTask.java:95)
	at java.base@11.0.18/java.util.ArrayList.forEach(ArrayList.java:1541)
	at app//org.junit.platform.engine.support.hierarchical.SameThreadHierarchicalTestExecutorService.invokeAll(SameThreadHierarchicalTestExecutorService.java:41)
	at app//org.junit.platform.engine.support.hierarchical.NodeTestTask.lambda$executeRecursively$6(NodeTestTask.java:155)
	at app//org.junit.platform.engine.support.hierarchical.ThrowableCollector.execute(ThrowableCollector.java:73)
	at app//org.junit.platform.engine.support.hierarchical.NodeTestTask.lambda$executeRecursively$8(NodeTestTask.java:141)
	at app//org.junit.platform.engine.support.hierarchical.Node.around(Node.java:137)
	at app//org.junit.platform.engine.support.hierarchical.NodeTestTask.lambda$executeRecursively$9(NodeTestTask.java:139)
	at app//org.junit.platform.engine.support.hierarchical.ThrowableCollector.execute(ThrowableCollector.java:73)
	at app//org.junit.platform.engine.support.hierarchical.NodeTestTask.executeRecursively(NodeTestTask.java:138)
	at app//org.junit.platform.engine.support.hierarchical.NodeTestTask.execute(NodeTestTask.java:95)
	at app//org.junit.platform.engine.support.hierarchical.SameThreadHierarchicalTestExecutorService.submit(SameThreadHierarchicalTestExecutorService.java:35)
	at app//org.junit.platform.engine.support.hierarchical.HierarchicalTestExecutor.execute(HierarchicalTestExecutor.java:57)
	at app//org.junit.platform.engine.support.hierarchical.HierarchicalTestEngine.execute(HierarchicalTestEngine.java:54)
	at app//org.junit.platform.launcher.core.EngineExecutionOrchestrator.execute(EngineExecutionOrchestrator.java:107)
	at app//org.junit.platform.launcher.core.EngineExecutionOrchestrator.execute(EngineExecutionOrchestrator.java:88)
	at app//org.junit.platform.launcher.core.EngineExecutionOrchestrator.lambda$execute$0(EngineExecutionOrchestrator.java:54)
	at app//org.junit.platform.launcher.core.EngineExecutionOrchestrator.withInterceptedStreams(EngineExecutionOrchestrator.java:67)
	at app//org.junit.platform.launcher.core.EngineExecutionOrchestrator.execute(EngineExecutionOrchestrator.java:52)
	at app//org.junit.platform.launcher.core.DefaultLauncher.execute(DefaultLauncher.java:114)
	at app//org.junit.platform.launcher.core.DefaultLauncher.execute(DefaultLauncher.java:86)
	at app//org.junit.platform.launcher.core.DefaultLauncherSession$DelegatingLauncher.execute(DefaultLauncherSession.java:86)
	at org.gradle.api.internal.tasks.testing.junitplatform.JUnitPlatformTestClassProcessor$CollectAllTestClassesExecutor.processAllTestClasses(JUnitPlatformTestClassProcessor.java:110)
	at org.gradle.api.internal.tasks.testing.junitplatform.JUnitPlatformTestClassProcessor$CollectAllTestClassesExecutor.access$000(JUnitPlatformTestClassProcessor.java:90)
	at org.gradle.api.internal.tasks.testing.junitplatform.JUnitPlatformTestClassProcessor.stop(JUnitPlatformTestClassProcessor.java:85)
	at org.gradle.api.internal.tasks.testing.SuiteTestClassProcessor.stop(SuiteTestClassProcessor.java:62)
	at java.base@11.0.18/jdk.internal.reflect.NativeMethodAccessorImpl.invoke0(Native Method)
	at java.base@11.0.18/jdk.internal.reflect.NativeMethodAccessorImpl.invoke(NativeMethodAccessorImpl.java:62)
	at java.base@11.0.18/jdk.internal.reflect.DelegatingMethodAccessorImpl.invoke(DelegatingMethodAccessorImpl.java:43)
	at java.base@11.0.18/java.lang.reflect.Method.invoke(Method.java:566)
	at org.gradle.internal.dispatch.ReflectionDispatch.dispatch(ReflectionDispatch.java:36)
	at org.gradle.internal.dispatch.ReflectionDispatch.dispatch(ReflectionDispatch.java:24)
	at org.gradle.internal.dispatch.ContextClassLoaderDispatch.dispatch(ContextClassLoaderDispatch.java:33)
	at org.gradle.internal.dispatch.ProxyDispatchAdapter$DispatchingInvocationHandler.invoke(ProxyDispatchAdapter.java:94)
	at com.sun.proxy.$Proxy2.stop(Unknown Source)
	at org.gradle.api.internal.tasks.testing.worker.TestWorker$3.run(TestWorker.java:193)
	at org.gradle.api.internal.tasks.testing.worker.TestWorker.executeAndMaintainThreadName(TestWorker.java:129)
	at org.gradle.api.internal.tasks.testing.worker.TestWorker.execute(TestWorker.java:100)
	at org.gradle.api.internal.tasks.testing.worker.TestWorker.execute(TestWorker.java:60)
	at org.gradle.process.internal.worker.child.ActionExecutionWorker.execute(ActionExecutionWorker.java:56)
	at org.gradle.process.internal.worker.child.SystemApplicationClassLoaderWorker.call(SystemApplicationClassLoaderWorker.java:113)
	at org.gradle.process.internal.worker.child.SystemApplicationClassLoaderWorker.call(SystemApplicationClassLoaderWorker.java:65)
	at app//worker.org.gradle.process.internal.worker.GradleWorkerMain.run(GradleWorkerMain.java:69)
	at app//worker.org.gradle.process.internal.worker.GradleWorkerMain.main(GradleWorkerMain.java:74)
</failure>
  </testcase>
  <testcase name="list" classname="de.uka.ilkd.key.proof.runallproofs.RunAllProofsFunctional" time="1.315">
    <failure message="org.opentest4j.AssertionFailedError: Executed process terminated with non-zero exit value. ==&gt; expected: &lt;0&gt; but was: &lt;1&gt;" type="org.opentest4j.AssertionFailedError">org.opentest4j.AssertionFailedError: Executed process terminated with non-zero exit value. ==&gt; expected: &lt;0&gt; but was: &lt;1&gt;
	at app//org.junit.jupiter.api.AssertionFailureBuilder.build(AssertionFailureBuilder.java:151)
	at app//org.junit.jupiter.api.AssertionFailureBuilder.buildAndThrow(AssertionFailureBuilder.java:132)
	at app//org.junit.jupiter.api.AssertEquals.failNotEqual(AssertEquals.java:197)
	at app//org.junit.jupiter.api.AssertEquals.assertEquals(AssertEquals.java:150)
	at app//org.junit.jupiter.api.Assertions.assertEquals(Assertions.java:560)
	at app//de.uka.ilkd.key.proof.runallproofs.proofcollection.ForkedTestFileRunner.processTestFiles(ForkedTestFileRunner.java:130)
	at app//de.uka.ilkd.key.proof.runallproofs.RunAllProofsTestUnit.runTest(RunAllProofsTestUnit.java:89)
	at app//de.uka.ilkd.key.proof.runallproofs.RunAllProofsTest.lambda$data$0(RunAllProofsTest.java:77)
	at app//org.junit.jupiter.engine.descriptor.DynamicTestTestDescriptor.lambda$execute$0(DynamicTestTestDescriptor.java:53)
	at app//org.junit.jupiter.engine.execution.InvocationInterceptorChain$ValidatingInvocation.proceed(InvocationInterceptorChain.java:131)
	at app//org.junit.jupiter.api.extension.InvocationInterceptor.interceptDynamicTest(InvocationInterceptor.java:167)
	at app//org.junit.jupiter.api.extension.InvocationInterceptor.interceptDynamicTest(InvocationInterceptor.java:184)
	at app//org.junit.jupiter.engine.descriptor.DynamicTestTestDescriptor.lambda$execute$1(DynamicTestTestDescriptor.java:61)
	at app//org.junit.jupiter.engine.execution.InvocationInterceptorChain$InterceptorCall.lambda$ofVoid$0(InvocationInterceptorChain.java:78)
	at app//org.junit.jupiter.engine.execution.InvocationInterceptorChain$InterceptedInvocation.proceed(InvocationInterceptorChain.java:106)
	at app//org.junit.jupiter.engine.execution.InvocationInterceptorChain.proceed(InvocationInterceptorChain.java:64)
	at app//org.junit.jupiter.engine.execution.InvocationInterceptorChain.chainAndInvoke(InvocationInterceptorChain.java:45)
	at app//org.junit.jupiter.engine.execution.InvocationInterceptorChain.invoke(InvocationInterceptorChain.java:37)
	at app//org.junit.jupiter.engine.descriptor.DynamicTestTestDescriptor.execute(DynamicTestTestDescriptor.java:60)
	at app//org.junit.jupiter.engine.descriptor.DynamicTestTestDescriptor.execute(DynamicTestTestDescriptor.java:32)
	at app//org.junit.platform.engine.support.hierarchical.NodeTestTask.lambda$executeRecursively$6(NodeTestTask.java:151)
	at app//org.junit.platform.engine.support.hierarchical.ThrowableCollector.execute(ThrowableCollector.java:73)
	at app//org.junit.platform.engine.support.hierarchical.NodeTestTask.lambda$executeRecursively$8(NodeTestTask.java:141)
	at app//org.junit.platform.engine.support.hierarchical.Node.around(Node.java:137)
	at app//org.junit.platform.engine.support.hierarchical.NodeTestTask.lambda$executeRecursively$9(NodeTestTask.java:139)
	at app//org.junit.platform.engine.support.hierarchical.ThrowableCollector.execute(ThrowableCollector.java:73)
	at app//org.junit.platform.engine.support.hierarchical.NodeTestTask.executeRecursively(NodeTestTask.java:138)
	at app//org.junit.platform.engine.support.hierarchical.NodeTestTask.execute(NodeTestTask.java:95)
	at app//org.junit.platform.engine.support.hierarchical.SameThreadHierarchicalTestExecutorService.submit(SameThreadHierarchicalTestExecutorService.java:35)
	at app//org.junit.platform.engine.support.hierarchical.NodeTestTask$DefaultDynamicTestExecutor.execute(NodeTestTask.java:226)
	at app//org.junit.platform.engine.support.hierarchical.NodeTestTask$DefaultDynamicTestExecutor.execute(NodeTestTask.java:204)
	at java.base@11.0.18/java.util.Optional.ifPresent(Optional.java:183)
	at app//org.junit.jupiter.engine.descriptor.TestFactoryTestDescriptor.lambda$invokeTestMethod$1(TestFactoryTestDescriptor.java:108)
	at app//org.junit.platform.engine.support.hierarchical.ThrowableCollector.execute(ThrowableCollector.java:73)
	at app//org.junit.jupiter.engine.descriptor.TestFactoryTestDescriptor.invokeTestMethod(TestFactoryTestDescriptor.java:95)
	at app//org.junit.jupiter.engine.descriptor.TestMethodTestDescriptor.execute(TestMethodTestDescriptor.java:138)
	at app//org.junit.jupiter.engine.descriptor.TestMethodTestDescriptor.execute(TestMethodTestDescriptor.java:68)
	at app//org.junit.platform.engine.support.hierarchical.NodeTestTask.lambda$executeRecursively$6(NodeTestTask.java:151)
	at app//org.junit.platform.engine.support.hierarchical.ThrowableCollector.execute(ThrowableCollector.java:73)
	at app//org.junit.platform.engine.support.hierarchical.NodeTestTask.lambda$executeRecursively$8(NodeTestTask.java:141)
	at app//org.junit.platform.engine.support.hierarchical.Node.around(Node.java:137)
	at app//org.junit.platform.engine.support.hierarchical.NodeTestTask.lambda$executeRecursively$9(NodeTestTask.java:139)
	at app//org.junit.platform.engine.support.hierarchical.ThrowableCollector.execute(ThrowableCollector.java:73)
	at app//org.junit.platform.engine.support.hierarchical.NodeTestTask.executeRecursively(NodeTestTask.java:138)
	at app//org.junit.platform.engine.support.hierarchical.NodeTestTask.execute(NodeTestTask.java:95)
	at java.base@11.0.18/java.util.ArrayList.forEach(ArrayList.java:1541)
	at app//org.junit.platform.engine.support.hierarchical.SameThreadHierarchicalTestExecutorService.invokeAll(SameThreadHierarchicalTestExecutorService.java:41)
	at app//org.junit.platform.engine.support.hierarchical.NodeTestTask.lambda$executeRecursively$6(NodeTestTask.java:155)
	at app//org.junit.platform.engine.support.hierarchical.ThrowableCollector.execute(ThrowableCollector.java:73)
	at app//org.junit.platform.engine.support.hierarchical.NodeTestTask.lambda$executeRecursively$8(NodeTestTask.java:141)
	at app//org.junit.platform.engine.support.hierarchical.Node.around(Node.java:137)
	at app//org.junit.platform.engine.support.hierarchical.NodeTestTask.lambda$executeRecursively$9(NodeTestTask.java:139)
	at app//org.junit.platform.engine.support.hierarchical.ThrowableCollector.execute(ThrowableCollector.java:73)
	at app//org.junit.platform.engine.support.hierarchical.NodeTestTask.executeRecursively(NodeTestTask.java:138)
	at app//org.junit.platform.engine.support.hierarchical.NodeTestTask.execute(NodeTestTask.java:95)
	at java.base@11.0.18/java.util.ArrayList.forEach(ArrayList.java:1541)
	at app//org.junit.platform.engine.support.hierarchical.SameThreadHierarchicalTestExecutorService.invokeAll(SameThreadHierarchicalTestExecutorService.java:41)
	at app//org.junit.platform.engine.support.hierarchical.NodeTestTask.lambda$executeRecursively$6(NodeTestTask.java:155)
	at app//org.junit.platform.engine.support.hierarchical.ThrowableCollector.execute(ThrowableCollector.java:73)
	at app//org.junit.platform.engine.support.hierarchical.NodeTestTask.lambda$executeRecursively$8(NodeTestTask.java:141)
	at app//org.junit.platform.engine.support.hierarchical.Node.around(Node.java:137)
	at app//org.junit.platform.engine.support.hierarchical.NodeTestTask.lambda$executeRecursively$9(NodeTestTask.java:139)
	at app//org.junit.platform.engine.support.hierarchical.ThrowableCollector.execute(ThrowableCollector.java:73)
	at app//org.junit.platform.engine.support.hierarchical.NodeTestTask.executeRecursively(NodeTestTask.java:138)
	at app//org.junit.platform.engine.support.hierarchical.NodeTestTask.execute(NodeTestTask.java:95)
	at app//org.junit.platform.engine.support.hierarchical.SameThreadHierarchicalTestExecutorService.submit(SameThreadHierarchicalTestExecutorService.java:35)
	at app//org.junit.platform.engine.support.hierarchical.HierarchicalTestExecutor.execute(HierarchicalTestExecutor.java:57)
	at app//org.junit.platform.engine.support.hierarchical.HierarchicalTestEngine.execute(HierarchicalTestEngine.java:54)
	at app//org.junit.platform.launcher.core.EngineExecutionOrchestrator.execute(EngineExecutionOrchestrator.java:107)
	at app//org.junit.platform.launcher.core.EngineExecutionOrchestrator.execute(EngineExecutionOrchestrator.java:88)
	at app//org.junit.platform.launcher.core.EngineExecutionOrchestrator.lambda$execute$0(EngineExecutionOrchestrator.java:54)
	at app//org.junit.platform.launcher.core.EngineExecutionOrchestrator.withInterceptedStreams(EngineExecutionOrchestrator.java:67)
	at app//org.junit.platform.launcher.core.EngineExecutionOrchestrator.execute(EngineExecutionOrchestrator.java:52)
	at app//org.junit.platform.launcher.core.DefaultLauncher.execute(DefaultLauncher.java:114)
	at app//org.junit.platform.launcher.core.DefaultLauncher.execute(DefaultLauncher.java:86)
	at app//org.junit.platform.launcher.core.DefaultLauncherSession$DelegatingLauncher.execute(DefaultLauncherSession.java:86)
	at org.gradle.api.internal.tasks.testing.junitplatform.JUnitPlatformTestClassProcessor$CollectAllTestClassesExecutor.processAllTestClasses(JUnitPlatformTestClassProcessor.java:110)
	at org.gradle.api.internal.tasks.testing.junitplatform.JUnitPlatformTestClassProcessor$CollectAllTestClassesExecutor.access$000(JUnitPlatformTestClassProcessor.java:90)
	at org.gradle.api.internal.tasks.testing.junitplatform.JUnitPlatformTestClassProcessor.stop(JUnitPlatformTestClassProcessor.java:85)
	at org.gradle.api.internal.tasks.testing.SuiteTestClassProcessor.stop(SuiteTestClassProcessor.java:62)
	at java.base@11.0.18/jdk.internal.reflect.NativeMethodAccessorImpl.invoke0(Native Method)
	at java.base@11.0.18/jdk.internal.reflect.NativeMethodAccessorImpl.invoke(NativeMethodAccessorImpl.java:62)
	at java.base@11.0.18/jdk.internal.reflect.DelegatingMethodAccessorImpl.invoke(DelegatingMethodAccessorImpl.java:43)
	at java.base@11.0.18/java.lang.reflect.Method.invoke(Method.java:566)
	at org.gradle.internal.dispatch.ReflectionDispatch.dispatch(ReflectionDispatch.java:36)
	at org.gradle.internal.dispatch.ReflectionDispatch.dispatch(ReflectionDispatch.java:24)
	at org.gradle.internal.dispatch.ContextClassLoaderDispatch.dispatch(ContextClassLoaderDispatch.java:33)
	at org.gradle.internal.dispatch.ProxyDispatchAdapter$DispatchingInvocationHandler.invoke(ProxyDispatchAdapter.java:94)
	at com.sun.proxy.$Proxy2.stop(Unknown Source)
	at org.gradle.api.internal.tasks.testing.worker.TestWorker$3.run(TestWorker.java:193)
	at org.gradle.api.internal.tasks.testing.worker.TestWorker.executeAndMaintainThreadName(TestWorker.java:129)
	at org.gradle.api.internal.tasks.testing.worker.TestWorker.execute(TestWorker.java:100)
	at org.gradle.api.internal.tasks.testing.worker.TestWorker.execute(TestWorker.java:60)
	at org.gradle.process.internal.worker.child.ActionExecutionWorker.execute(ActionExecutionWorker.java:56)
	at org.gradle.process.internal.worker.child.SystemApplicationClassLoaderWorker.call(SystemApplicationClassLoaderWorker.java:113)
	at org.gradle.process.internal.worker.child.SystemApplicationClassLoaderWorker.call(SystemApplicationClassLoaderWorker.java:65)
	at app//worker.org.gradle.process.internal.worker.GradleWorkerMain.run(GradleWorkerMain.java:69)
	at app//worker.org.gradle.process.internal.worker.GradleWorkerMain.main(GradleWorkerMain.java:74)
</failure>
  </testcase>
  <testcase name="list_ghost" classname="de.uka.ilkd.key.proof.runallproofs.RunAllProofsFunctional" time="1.076">
    <failure message="org.opentest4j.AssertionFailedError: Executed process terminated with non-zero exit value. ==&gt; expected: &lt;0&gt; but was: &lt;1&gt;" type="org.opentest4j.AssertionFailedError">org.opentest4j.AssertionFailedError: Executed process terminated with non-zero exit value. ==&gt; expected: &lt;0&gt; but was: &lt;1&gt;
	at app//org.junit.jupiter.api.AssertionFailureBuilder.build(AssertionFailureBuilder.java:151)
	at app//org.junit.jupiter.api.AssertionFailureBuilder.buildAndThrow(AssertionFailureBuilder.java:132)
	at app//org.junit.jupiter.api.AssertEquals.failNotEqual(AssertEquals.java:197)
	at app//org.junit.jupiter.api.AssertEquals.assertEquals(AssertEquals.java:150)
	at app//org.junit.jupiter.api.Assertions.assertEquals(Assertions.java:560)
	at app//de.uka.ilkd.key.proof.runallproofs.proofcollection.ForkedTestFileRunner.processTestFiles(ForkedTestFileRunner.java:130)
	at app//de.uka.ilkd.key.proof.runallproofs.RunAllProofsTestUnit.runTest(RunAllProofsTestUnit.java:89)
	at app//de.uka.ilkd.key.proof.runallproofs.RunAllProofsTest.lambda$data$0(RunAllProofsTest.java:77)
	at app//org.junit.jupiter.engine.descriptor.DynamicTestTestDescriptor.lambda$execute$0(DynamicTestTestDescriptor.java:53)
	at app//org.junit.jupiter.engine.execution.InvocationInterceptorChain$ValidatingInvocation.proceed(InvocationInterceptorChain.java:131)
	at app//org.junit.jupiter.api.extension.InvocationInterceptor.interceptDynamicTest(InvocationInterceptor.java:167)
	at app//org.junit.jupiter.api.extension.InvocationInterceptor.interceptDynamicTest(InvocationInterceptor.java:184)
	at app//org.junit.jupiter.engine.descriptor.DynamicTestTestDescriptor.lambda$execute$1(DynamicTestTestDescriptor.java:61)
	at app//org.junit.jupiter.engine.execution.InvocationInterceptorChain$InterceptorCall.lambda$ofVoid$0(InvocationInterceptorChain.java:78)
	at app//org.junit.jupiter.engine.execution.InvocationInterceptorChain$InterceptedInvocation.proceed(InvocationInterceptorChain.java:106)
	at app//org.junit.jupiter.engine.execution.InvocationInterceptorChain.proceed(InvocationInterceptorChain.java:64)
	at app//org.junit.jupiter.engine.execution.InvocationInterceptorChain.chainAndInvoke(InvocationInterceptorChain.java:45)
	at app//org.junit.jupiter.engine.execution.InvocationInterceptorChain.invoke(InvocationInterceptorChain.java:37)
	at app//org.junit.jupiter.engine.descriptor.DynamicTestTestDescriptor.execute(DynamicTestTestDescriptor.java:60)
	at app//org.junit.jupiter.engine.descriptor.DynamicTestTestDescriptor.execute(DynamicTestTestDescriptor.java:32)
	at app//org.junit.platform.engine.support.hierarchical.NodeTestTask.lambda$executeRecursively$6(NodeTestTask.java:151)
	at app//org.junit.platform.engine.support.hierarchical.ThrowableCollector.execute(ThrowableCollector.java:73)
	at app//org.junit.platform.engine.support.hierarchical.NodeTestTask.lambda$executeRecursively$8(NodeTestTask.java:141)
	at app//org.junit.platform.engine.support.hierarchical.Node.around(Node.java:137)
	at app//org.junit.platform.engine.support.hierarchical.NodeTestTask.lambda$executeRecursively$9(NodeTestTask.java:139)
	at app//org.junit.platform.engine.support.hierarchical.ThrowableCollector.execute(ThrowableCollector.java:73)
	at app//org.junit.platform.engine.support.hierarchical.NodeTestTask.executeRecursively(NodeTestTask.java:138)
	at app//org.junit.platform.engine.support.hierarchical.NodeTestTask.execute(NodeTestTask.java:95)
	at app//org.junit.platform.engine.support.hierarchical.SameThreadHierarchicalTestExecutorService.submit(SameThreadHierarchicalTestExecutorService.java:35)
	at app//org.junit.platform.engine.support.hierarchical.NodeTestTask$DefaultDynamicTestExecutor.execute(NodeTestTask.java:226)
	at app//org.junit.platform.engine.support.hierarchical.NodeTestTask$DefaultDynamicTestExecutor.execute(NodeTestTask.java:204)
	at java.base@11.0.18/java.util.Optional.ifPresent(Optional.java:183)
	at app//org.junit.jupiter.engine.descriptor.TestFactoryTestDescriptor.lambda$invokeTestMethod$1(TestFactoryTestDescriptor.java:108)
	at app//org.junit.platform.engine.support.hierarchical.ThrowableCollector.execute(ThrowableCollector.java:73)
	at app//org.junit.jupiter.engine.descriptor.TestFactoryTestDescriptor.invokeTestMethod(TestFactoryTestDescriptor.java:95)
	at app//org.junit.jupiter.engine.descriptor.TestMethodTestDescriptor.execute(TestMethodTestDescriptor.java:138)
	at app//org.junit.jupiter.engine.descriptor.TestMethodTestDescriptor.execute(TestMethodTestDescriptor.java:68)
	at app//org.junit.platform.engine.support.hierarchical.NodeTestTask.lambda$executeRecursively$6(NodeTestTask.java:151)
	at app//org.junit.platform.engine.support.hierarchical.ThrowableCollector.execute(ThrowableCollector.java:73)
	at app//org.junit.platform.engine.support.hierarchical.NodeTestTask.lambda$executeRecursively$8(NodeTestTask.java:141)
	at app//org.junit.platform.engine.support.hierarchical.Node.around(Node.java:137)
	at app//org.junit.platform.engine.support.hierarchical.NodeTestTask.lambda$executeRecursively$9(NodeTestTask.java:139)
	at app//org.junit.platform.engine.support.hierarchical.ThrowableCollector.execute(ThrowableCollector.java:73)
	at app//org.junit.platform.engine.support.hierarchical.NodeTestTask.executeRecursively(NodeTestTask.java:138)
	at app//org.junit.platform.engine.support.hierarchical.NodeTestTask.execute(NodeTestTask.java:95)
	at java.base@11.0.18/java.util.ArrayList.forEach(ArrayList.java:1541)
	at app//org.junit.platform.engine.support.hierarchical.SameThreadHierarchicalTestExecutorService.invokeAll(SameThreadHierarchicalTestExecutorService.java:41)
	at app//org.junit.platform.engine.support.hierarchical.NodeTestTask.lambda$executeRecursively$6(NodeTestTask.java:155)
	at app//org.junit.platform.engine.support.hierarchical.ThrowableCollector.execute(ThrowableCollector.java:73)
	at app//org.junit.platform.engine.support.hierarchical.NodeTestTask.lambda$executeRecursively$8(NodeTestTask.java:141)
	at app//org.junit.platform.engine.support.hierarchical.Node.around(Node.java:137)
	at app//org.junit.platform.engine.support.hierarchical.NodeTestTask.lambda$executeRecursively$9(NodeTestTask.java:139)
	at app//org.junit.platform.engine.support.hierarchical.ThrowableCollector.execute(ThrowableCollector.java:73)
	at app//org.junit.platform.engine.support.hierarchical.NodeTestTask.executeRecursively(NodeTestTask.java:138)
	at app//org.junit.platform.engine.support.hierarchical.NodeTestTask.execute(NodeTestTask.java:95)
	at java.base@11.0.18/java.util.ArrayList.forEach(ArrayList.java:1541)
	at app//org.junit.platform.engine.support.hierarchical.SameThreadHierarchicalTestExecutorService.invokeAll(SameThreadHierarchicalTestExecutorService.java:41)
	at app//org.junit.platform.engine.support.hierarchical.NodeTestTask.lambda$executeRecursively$6(NodeTestTask.java:155)
	at app//org.junit.platform.engine.support.hierarchical.ThrowableCollector.execute(ThrowableCollector.java:73)
	at app//org.junit.platform.engine.support.hierarchical.NodeTestTask.lambda$executeRecursively$8(NodeTestTask.java:141)
	at app//org.junit.platform.engine.support.hierarchical.Node.around(Node.java:137)
	at app//org.junit.platform.engine.support.hierarchical.NodeTestTask.lambda$executeRecursively$9(NodeTestTask.java:139)
	at app//org.junit.platform.engine.support.hierarchical.ThrowableCollector.execute(ThrowableCollector.java:73)
	at app//org.junit.platform.engine.support.hierarchical.NodeTestTask.executeRecursively(NodeTestTask.java:138)
	at app//org.junit.platform.engine.support.hierarchical.NodeTestTask.execute(NodeTestTask.java:95)
	at app//org.junit.platform.engine.support.hierarchical.SameThreadHierarchicalTestExecutorService.submit(SameThreadHierarchicalTestExecutorService.java:35)
	at app//org.junit.platform.engine.support.hierarchical.HierarchicalTestExecutor.execute(HierarchicalTestExecutor.java:57)
	at app//org.junit.platform.engine.support.hierarchical.HierarchicalTestEngine.execute(HierarchicalTestEngine.java:54)
	at app//org.junit.platform.launcher.core.EngineExecutionOrchestrator.execute(EngineExecutionOrchestrator.java:107)
	at app//org.junit.platform.launcher.core.EngineExecutionOrchestrator.execute(EngineExecutionOrchestrator.java:88)
	at app//org.junit.platform.launcher.core.EngineExecutionOrchestrator.lambda$execute$0(EngineExecutionOrchestrator.java:54)
	at app//org.junit.platform.launcher.core.EngineExecutionOrchestrator.withInterceptedStreams(EngineExecutionOrchestrator.java:67)
	at app//org.junit.platform.launcher.core.EngineExecutionOrchestrator.execute(EngineExecutionOrchestrator.java:52)
	at app//org.junit.platform.launcher.core.DefaultLauncher.execute(DefaultLauncher.java:114)
	at app//org.junit.platform.launcher.core.DefaultLauncher.execute(DefaultLauncher.java:86)
	at app//org.junit.platform.launcher.core.DefaultLauncherSession$DelegatingLauncher.execute(DefaultLauncherSession.java:86)
	at org.gradle.api.internal.tasks.testing.junitplatform.JUnitPlatformTestClassProcessor$CollectAllTestClassesExecutor.processAllTestClasses(JUnitPlatformTestClassProcessor.java:110)
	at org.gradle.api.internal.tasks.testing.junitplatform.JUnitPlatformTestClassProcessor$CollectAllTestClassesExecutor.access$000(JUnitPlatformTestClassProcessor.java:90)
	at org.gradle.api.internal.tasks.testing.junitplatform.JUnitPlatformTestClassProcessor.stop(JUnitPlatformTestClassProcessor.java:85)
	at org.gradle.api.internal.tasks.testing.SuiteTestClassProcessor.stop(SuiteTestClassProcessor.java:62)
	at java.base@11.0.18/jdk.internal.reflect.NativeMethodAccessorImpl.invoke0(Native Method)
	at java.base@11.0.18/jdk.internal.reflect.NativeMethodAccessorImpl.invoke(NativeMethodAccessorImpl.java:62)
	at java.base@11.0.18/jdk.internal.reflect.DelegatingMethodAccessorImpl.invoke(DelegatingMethodAccessorImpl.java:43)
	at java.base@11.0.18/java.lang.reflect.Method.invoke(Method.java:566)
	at org.gradle.internal.dispatch.ReflectionDispatch.dispatch(ReflectionDispatch.java:36)
	at org.gradle.internal.dispatch.ReflectionDispatch.dispatch(ReflectionDispatch.java:24)
	at org.gradle.internal.dispatch.ContextClassLoaderDispatch.dispatch(ContextClassLoaderDispatch.java:33)
	at org.gradle.internal.dispatch.ProxyDispatchAdapter$DispatchingInvocationHandler.invoke(ProxyDispatchAdapter.java:94)
	at com.sun.proxy.$Proxy2.stop(Unknown Source)
	at org.gradle.api.internal.tasks.testing.worker.TestWorker$3.run(TestWorker.java:193)
	at org.gradle.api.internal.tasks.testing.worker.TestWorker.executeAndMaintainThreadName(TestWorker.java:129)
	at org.gradle.api.internal.tasks.testing.worker.TestWorker.execute(TestWorker.java:100)
	at org.gradle.api.internal.tasks.testing.worker.TestWorker.execute(TestWorker.java:60)
	at org.gradle.process.internal.worker.child.ActionExecutionWorker.execute(ActionExecutionWorker.java:56)
	at org.gradle.process.internal.worker.child.SystemApplicationClassLoaderWorker.call(SystemApplicationClassLoaderWorker.java:113)
	at org.gradle.process.internal.worker.child.SystemApplicationClassLoaderWorker.call(SystemApplicationClassLoaderWorker.java:65)
	at app//worker.org.gradle.process.internal.worker.GradleWorkerMain.run(GradleWorkerMain.java:69)
	at app//worker.org.gradle.process.internal.worker.GradleWorkerMain.main(GradleWorkerMain.java:74)
</failure>
  </testcase>
  <testcase name="list_recursive" classname="de.uka.ilkd.key.proof.runallproofs.RunAllProofsFunctional" time="0.974">
    <failure message="org.opentest4j.AssertionFailedError: Executed process terminated with non-zero exit value. ==&gt; expected: &lt;0&gt; but was: &lt;1&gt;" type="org.opentest4j.AssertionFailedError">org.opentest4j.AssertionFailedError: Executed process terminated with non-zero exit value. ==&gt; expected: &lt;0&gt; but was: &lt;1&gt;
	at app//org.junit.jupiter.api.AssertionFailureBuilder.build(AssertionFailureBuilder.java:151)
	at app//org.junit.jupiter.api.AssertionFailureBuilder.buildAndThrow(AssertionFailureBuilder.java:132)
	at app//org.junit.jupiter.api.AssertEquals.failNotEqual(AssertEquals.java:197)
	at app//org.junit.jupiter.api.AssertEquals.assertEquals(AssertEquals.java:150)
	at app//org.junit.jupiter.api.Assertions.assertEquals(Assertions.java:560)
	at app//de.uka.ilkd.key.proof.runallproofs.proofcollection.ForkedTestFileRunner.processTestFiles(ForkedTestFileRunner.java:130)
	at app//de.uka.ilkd.key.proof.runallproofs.RunAllProofsTestUnit.runTest(RunAllProofsTestUnit.java:89)
	at app//de.uka.ilkd.key.proof.runallproofs.RunAllProofsTest.lambda$data$0(RunAllProofsTest.java:77)
	at app//org.junit.jupiter.engine.descriptor.DynamicTestTestDescriptor.lambda$execute$0(DynamicTestTestDescriptor.java:53)
	at app//org.junit.jupiter.engine.execution.InvocationInterceptorChain$ValidatingInvocation.proceed(InvocationInterceptorChain.java:131)
	at app//org.junit.jupiter.api.extension.InvocationInterceptor.interceptDynamicTest(InvocationInterceptor.java:167)
	at app//org.junit.jupiter.api.extension.InvocationInterceptor.interceptDynamicTest(InvocationInterceptor.java:184)
	at app//org.junit.jupiter.engine.descriptor.DynamicTestTestDescriptor.lambda$execute$1(DynamicTestTestDescriptor.java:61)
	at app//org.junit.jupiter.engine.execution.InvocationInterceptorChain$InterceptorCall.lambda$ofVoid$0(InvocationInterceptorChain.java:78)
	at app//org.junit.jupiter.engine.execution.InvocationInterceptorChain$InterceptedInvocation.proceed(InvocationInterceptorChain.java:106)
	at app//org.junit.jupiter.engine.execution.InvocationInterceptorChain.proceed(InvocationInterceptorChain.java:64)
	at app//org.junit.jupiter.engine.execution.InvocationInterceptorChain.chainAndInvoke(InvocationInterceptorChain.java:45)
	at app//org.junit.jupiter.engine.execution.InvocationInterceptorChain.invoke(InvocationInterceptorChain.java:37)
	at app//org.junit.jupiter.engine.descriptor.DynamicTestTestDescriptor.execute(DynamicTestTestDescriptor.java:60)
	at app//org.junit.jupiter.engine.descriptor.DynamicTestTestDescriptor.execute(DynamicTestTestDescriptor.java:32)
	at app//org.junit.platform.engine.support.hierarchical.NodeTestTask.lambda$executeRecursively$6(NodeTestTask.java:151)
	at app//org.junit.platform.engine.support.hierarchical.ThrowableCollector.execute(ThrowableCollector.java:73)
	at app//org.junit.platform.engine.support.hierarchical.NodeTestTask.lambda$executeRecursively$8(NodeTestTask.java:141)
	at app//org.junit.platform.engine.support.hierarchical.Node.around(Node.java:137)
	at app//org.junit.platform.engine.support.hierarchical.NodeTestTask.lambda$executeRecursively$9(NodeTestTask.java:139)
	at app//org.junit.platform.engine.support.hierarchical.ThrowableCollector.execute(ThrowableCollector.java:73)
	at app//org.junit.platform.engine.support.hierarchical.NodeTestTask.executeRecursively(NodeTestTask.java:138)
	at app//org.junit.platform.engine.support.hierarchical.NodeTestTask.execute(NodeTestTask.java:95)
	at app//org.junit.platform.engine.support.hierarchical.SameThreadHierarchicalTestExecutorService.submit(SameThreadHierarchicalTestExecutorService.java:35)
	at app//org.junit.platform.engine.support.hierarchical.NodeTestTask$DefaultDynamicTestExecutor.execute(NodeTestTask.java:226)
	at app//org.junit.platform.engine.support.hierarchical.NodeTestTask$DefaultDynamicTestExecutor.execute(NodeTestTask.java:204)
	at java.base@11.0.18/java.util.Optional.ifPresent(Optional.java:183)
	at app//org.junit.jupiter.engine.descriptor.TestFactoryTestDescriptor.lambda$invokeTestMethod$1(TestFactoryTestDescriptor.java:108)
	at app//org.junit.platform.engine.support.hierarchical.ThrowableCollector.execute(ThrowableCollector.java:73)
	at app//org.junit.jupiter.engine.descriptor.TestFactoryTestDescriptor.invokeTestMethod(TestFactoryTestDescriptor.java:95)
	at app//org.junit.jupiter.engine.descriptor.TestMethodTestDescriptor.execute(TestMethodTestDescriptor.java:138)
	at app//org.junit.jupiter.engine.descriptor.TestMethodTestDescriptor.execute(TestMethodTestDescriptor.java:68)
	at app//org.junit.platform.engine.support.hierarchical.NodeTestTask.lambda$executeRecursively$6(NodeTestTask.java:151)
	at app//org.junit.platform.engine.support.hierarchical.ThrowableCollector.execute(ThrowableCollector.java:73)
	at app//org.junit.platform.engine.support.hierarchical.NodeTestTask.lambda$executeRecursively$8(NodeTestTask.java:141)
	at app//org.junit.platform.engine.support.hierarchical.Node.around(Node.java:137)
	at app//org.junit.platform.engine.support.hierarchical.NodeTestTask.lambda$executeRecursively$9(NodeTestTask.java:139)
	at app//org.junit.platform.engine.support.hierarchical.ThrowableCollector.execute(ThrowableCollector.java:73)
	at app//org.junit.platform.engine.support.hierarchical.NodeTestTask.executeRecursively(NodeTestTask.java:138)
	at app//org.junit.platform.engine.support.hierarchical.NodeTestTask.execute(NodeTestTask.java:95)
	at java.base@11.0.18/java.util.ArrayList.forEach(ArrayList.java:1541)
	at app//org.junit.platform.engine.support.hierarchical.SameThreadHierarchicalTestExecutorService.invokeAll(SameThreadHierarchicalTestExecutorService.java:41)
	at app//org.junit.platform.engine.support.hierarchical.NodeTestTask.lambda$executeRecursively$6(NodeTestTask.java:155)
	at app//org.junit.platform.engine.support.hierarchical.ThrowableCollector.execute(ThrowableCollector.java:73)
	at app//org.junit.platform.engine.support.hierarchical.NodeTestTask.lambda$executeRecursively$8(NodeTestTask.java:141)
	at app//org.junit.platform.engine.support.hierarchical.Node.around(Node.java:137)
	at app//org.junit.platform.engine.support.hierarchical.NodeTestTask.lambda$executeRecursively$9(NodeTestTask.java:139)
	at app//org.junit.platform.engine.support.hierarchical.ThrowableCollector.execute(ThrowableCollector.java:73)
	at app//org.junit.platform.engine.support.hierarchical.NodeTestTask.executeRecursively(NodeTestTask.java:138)
	at app//org.junit.platform.engine.support.hierarchical.NodeTestTask.execute(NodeTestTask.java:95)
	at java.base@11.0.18/java.util.ArrayList.forEach(ArrayList.java:1541)
	at app//org.junit.platform.engine.support.hierarchical.SameThreadHierarchicalTestExecutorService.invokeAll(SameThreadHierarchicalTestExecutorService.java:41)
	at app//org.junit.platform.engine.support.hierarchical.NodeTestTask.lambda$executeRecursively$6(NodeTestTask.java:155)
	at app//org.junit.platform.engine.support.hierarchical.ThrowableCollector.execute(ThrowableCollector.java:73)
	at app//org.junit.platform.engine.support.hierarchical.NodeTestTask.lambda$executeRecursively$8(NodeTestTask.java:141)
	at app//org.junit.platform.engine.support.hierarchical.Node.around(Node.java:137)
	at app//org.junit.platform.engine.support.hierarchical.NodeTestTask.lambda$executeRecursively$9(NodeTestTask.java:139)
	at app//org.junit.platform.engine.support.hierarchical.ThrowableCollector.execute(ThrowableCollector.java:73)
	at app//org.junit.platform.engine.support.hierarchical.NodeTestTask.executeRecursively(NodeTestTask.java:138)
	at app//org.junit.platform.engine.support.hierarchical.NodeTestTask.execute(NodeTestTask.java:95)
	at app//org.junit.platform.engine.support.hierarchical.SameThreadHierarchicalTestExecutorService.submit(SameThreadHierarchicalTestExecutorService.java:35)
	at app//org.junit.platform.engine.support.hierarchical.HierarchicalTestExecutor.execute(HierarchicalTestExecutor.java:57)
	at app//org.junit.platform.engine.support.hierarchical.HierarchicalTestEngine.execute(HierarchicalTestEngine.java:54)
	at app//org.junit.platform.launcher.core.EngineExecutionOrchestrator.execute(EngineExecutionOrchestrator.java:107)
	at app//org.junit.platform.launcher.core.EngineExecutionOrchestrator.execute(EngineExecutionOrchestrator.java:88)
	at app//org.junit.platform.launcher.core.EngineExecutionOrchestrator.lambda$execute$0(EngineExecutionOrchestrator.java:54)
	at app//org.junit.platform.launcher.core.EngineExecutionOrchestrator.withInterceptedStreams(EngineExecutionOrchestrator.java:67)
	at app//org.junit.platform.launcher.core.EngineExecutionOrchestrator.execute(EngineExecutionOrchestrator.java:52)
	at app//org.junit.platform.launcher.core.DefaultLauncher.execute(DefaultLauncher.java:114)
	at app//org.junit.platform.launcher.core.DefaultLauncher.execute(DefaultLauncher.java:86)
	at app//org.junit.platform.launcher.core.DefaultLauncherSession$DelegatingLauncher.execute(DefaultLauncherSession.java:86)
	at org.gradle.api.internal.tasks.testing.junitplatform.JUnitPlatformTestClassProcessor$CollectAllTestClassesExecutor.processAllTestClasses(JUnitPlatformTestClassProcessor.java:110)
	at org.gradle.api.internal.tasks.testing.junitplatform.JUnitPlatformTestClassProcessor$CollectAllTestClassesExecutor.access$000(JUnitPlatformTestClassProcessor.java:90)
	at org.gradle.api.internal.tasks.testing.junitplatform.JUnitPlatformTestClassProcessor.stop(JUnitPlatformTestClassProcessor.java:85)
	at org.gradle.api.internal.tasks.testing.SuiteTestClassProcessor.stop(SuiteTestClassProcessor.java:62)
	at java.base@11.0.18/jdk.internal.reflect.NativeMethodAccessorImpl.invoke0(Native Method)
	at java.base@11.0.18/jdk.internal.reflect.NativeMethodAccessorImpl.invoke(NativeMethodAccessorImpl.java:62)
	at java.base@11.0.18/jdk.internal.reflect.DelegatingMethodAccessorImpl.invoke(DelegatingMethodAccessorImpl.java:43)
	at java.base@11.0.18/java.lang.reflect.Method.invoke(Method.java:566)
	at org.gradle.internal.dispatch.ReflectionDispatch.dispatch(ReflectionDispatch.java:36)
	at org.gradle.internal.dispatch.ReflectionDispatch.dispatch(ReflectionDispatch.java:24)
	at org.gradle.internal.dispatch.ContextClassLoaderDispatch.dispatch(ContextClassLoaderDispatch.java:33)
	at org.gradle.internal.dispatch.ProxyDispatchAdapter$DispatchingInvocationHandler.invoke(ProxyDispatchAdapter.java:94)
	at com.sun.proxy.$Proxy2.stop(Unknown Source)
	at org.gradle.api.internal.tasks.testing.worker.TestWorker$3.run(TestWorker.java:193)
	at org.gradle.api.internal.tasks.testing.worker.TestWorker.executeAndMaintainThreadName(TestWorker.java:129)
	at org.gradle.api.internal.tasks.testing.worker.TestWorker.execute(TestWorker.java:100)
	at org.gradle.api.internal.tasks.testing.worker.TestWorker.execute(TestWorker.java:60)
	at org.gradle.process.internal.worker.child.ActionExecutionWorker.execute(ActionExecutionWorker.java:56)
	at org.gradle.process.internal.worker.child.SystemApplicationClassLoaderWorker.call(SystemApplicationClassLoaderWorker.java:113)
	at org.gradle.process.internal.worker.child.SystemApplicationClassLoaderWorker.call(SystemApplicationClassLoaderWorker.java:65)
	at app//worker.org.gradle.process.internal.worker.GradleWorkerMain.run(GradleWorkerMain.java:69)
	at app//worker.org.gradle.process.internal.worker.GradleWorkerMain.main(GradleWorkerMain.java:74)
</failure>
  </testcase>
  <testcase name="list_seq" classname="de.uka.ilkd.key.proof.runallproofs.RunAllProofsFunctional" time="1.041">
    <failure message="org.opentest4j.AssertionFailedError: Executed process terminated with non-zero exit value. ==&gt; expected: &lt;0&gt; but was: &lt;1&gt;" type="org.opentest4j.AssertionFailedError">org.opentest4j.AssertionFailedError: Executed process terminated with non-zero exit value. ==&gt; expected: &lt;0&gt; but was: &lt;1&gt;
	at app//org.junit.jupiter.api.AssertionFailureBuilder.build(AssertionFailureBuilder.java:151)
	at app//org.junit.jupiter.api.AssertionFailureBuilder.buildAndThrow(AssertionFailureBuilder.java:132)
	at app//org.junit.jupiter.api.AssertEquals.failNotEqual(AssertEquals.java:197)
	at app//org.junit.jupiter.api.AssertEquals.assertEquals(AssertEquals.java:150)
	at app//org.junit.jupiter.api.Assertions.assertEquals(Assertions.java:560)
	at app//de.uka.ilkd.key.proof.runallproofs.proofcollection.ForkedTestFileRunner.processTestFiles(ForkedTestFileRunner.java:130)
	at app//de.uka.ilkd.key.proof.runallproofs.RunAllProofsTestUnit.runTest(RunAllProofsTestUnit.java:89)
	at app//de.uka.ilkd.key.proof.runallproofs.RunAllProofsTest.lambda$data$0(RunAllProofsTest.java:77)
	at app//org.junit.jupiter.engine.descriptor.DynamicTestTestDescriptor.lambda$execute$0(DynamicTestTestDescriptor.java:53)
	at app//org.junit.jupiter.engine.execution.InvocationInterceptorChain$ValidatingInvocation.proceed(InvocationInterceptorChain.java:131)
	at app//org.junit.jupiter.api.extension.InvocationInterceptor.interceptDynamicTest(InvocationInterceptor.java:167)
	at app//org.junit.jupiter.api.extension.InvocationInterceptor.interceptDynamicTest(InvocationInterceptor.java:184)
	at app//org.junit.jupiter.engine.descriptor.DynamicTestTestDescriptor.lambda$execute$1(DynamicTestTestDescriptor.java:61)
	at app//org.junit.jupiter.engine.execution.InvocationInterceptorChain$InterceptorCall.lambda$ofVoid$0(InvocationInterceptorChain.java:78)
	at app//org.junit.jupiter.engine.execution.InvocationInterceptorChain$InterceptedInvocation.proceed(InvocationInterceptorChain.java:106)
	at app//org.junit.jupiter.engine.execution.InvocationInterceptorChain.proceed(InvocationInterceptorChain.java:64)
	at app//org.junit.jupiter.engine.execution.InvocationInterceptorChain.chainAndInvoke(InvocationInterceptorChain.java:45)
	at app//org.junit.jupiter.engine.execution.InvocationInterceptorChain.invoke(InvocationInterceptorChain.java:37)
	at app//org.junit.jupiter.engine.descriptor.DynamicTestTestDescriptor.execute(DynamicTestTestDescriptor.java:60)
	at app//org.junit.jupiter.engine.descriptor.DynamicTestTestDescriptor.execute(DynamicTestTestDescriptor.java:32)
	at app//org.junit.platform.engine.support.hierarchical.NodeTestTask.lambda$executeRecursively$6(NodeTestTask.java:151)
	at app//org.junit.platform.engine.support.hierarchical.ThrowableCollector.execute(ThrowableCollector.java:73)
	at app//org.junit.platform.engine.support.hierarchical.NodeTestTask.lambda$executeRecursively$8(NodeTestTask.java:141)
	at app//org.junit.platform.engine.support.hierarchical.Node.around(Node.java:137)
	at app//org.junit.platform.engine.support.hierarchical.NodeTestTask.lambda$executeRecursively$9(NodeTestTask.java:139)
	at app//org.junit.platform.engine.support.hierarchical.ThrowableCollector.execute(ThrowableCollector.java:73)
	at app//org.junit.platform.engine.support.hierarchical.NodeTestTask.executeRecursively(NodeTestTask.java:138)
	at app//org.junit.platform.engine.support.hierarchical.NodeTestTask.execute(NodeTestTask.java:95)
	at app//org.junit.platform.engine.support.hierarchical.SameThreadHierarchicalTestExecutorService.submit(SameThreadHierarchicalTestExecutorService.java:35)
	at app//org.junit.platform.engine.support.hierarchical.NodeTestTask$DefaultDynamicTestExecutor.execute(NodeTestTask.java:226)
	at app//org.junit.platform.engine.support.hierarchical.NodeTestTask$DefaultDynamicTestExecutor.execute(NodeTestTask.java:204)
	at java.base@11.0.18/java.util.Optional.ifPresent(Optional.java:183)
	at app//org.junit.jupiter.engine.descriptor.TestFactoryTestDescriptor.lambda$invokeTestMethod$1(TestFactoryTestDescriptor.java:108)
	at app//org.junit.platform.engine.support.hierarchical.ThrowableCollector.execute(ThrowableCollector.java:73)
	at app//org.junit.jupiter.engine.descriptor.TestFactoryTestDescriptor.invokeTestMethod(TestFactoryTestDescriptor.java:95)
	at app//org.junit.jupiter.engine.descriptor.TestMethodTestDescriptor.execute(TestMethodTestDescriptor.java:138)
	at app//org.junit.jupiter.engine.descriptor.TestMethodTestDescriptor.execute(TestMethodTestDescriptor.java:68)
	at app//org.junit.platform.engine.support.hierarchical.NodeTestTask.lambda$executeRecursively$6(NodeTestTask.java:151)
	at app//org.junit.platform.engine.support.hierarchical.ThrowableCollector.execute(ThrowableCollector.java:73)
	at app//org.junit.platform.engine.support.hierarchical.NodeTestTask.lambda$executeRecursively$8(NodeTestTask.java:141)
	at app//org.junit.platform.engine.support.hierarchical.Node.around(Node.java:137)
	at app//org.junit.platform.engine.support.hierarchical.NodeTestTask.lambda$executeRecursively$9(NodeTestTask.java:139)
	at app//org.junit.platform.engine.support.hierarchical.ThrowableCollector.execute(ThrowableCollector.java:73)
	at app//org.junit.platform.engine.support.hierarchical.NodeTestTask.executeRecursively(NodeTestTask.java:138)
	at app//org.junit.platform.engine.support.hierarchical.NodeTestTask.execute(NodeTestTask.java:95)
	at java.base@11.0.18/java.util.ArrayList.forEach(ArrayList.java:1541)
	at app//org.junit.platform.engine.support.hierarchical.SameThreadHierarchicalTestExecutorService.invokeAll(SameThreadHierarchicalTestExecutorService.java:41)
	at app//org.junit.platform.engine.support.hierarchical.NodeTestTask.lambda$executeRecursively$6(NodeTestTask.java:155)
	at app//org.junit.platform.engine.support.hierarchical.ThrowableCollector.execute(ThrowableCollector.java:73)
	at app//org.junit.platform.engine.support.hierarchical.NodeTestTask.lambda$executeRecursively$8(NodeTestTask.java:141)
	at app//org.junit.platform.engine.support.hierarchical.Node.around(Node.java:137)
	at app//org.junit.platform.engine.support.hierarchical.NodeTestTask.lambda$executeRecursively$9(NodeTestTask.java:139)
	at app//org.junit.platform.engine.support.hierarchical.ThrowableCollector.execute(ThrowableCollector.java:73)
	at app//org.junit.platform.engine.support.hierarchical.NodeTestTask.executeRecursively(NodeTestTask.java:138)
	at app//org.junit.platform.engine.support.hierarchical.NodeTestTask.execute(NodeTestTask.java:95)
	at java.base@11.0.18/java.util.ArrayList.forEach(ArrayList.java:1541)
	at app//org.junit.platform.engine.support.hierarchical.SameThreadHierarchicalTestExecutorService.invokeAll(SameThreadHierarchicalTestExecutorService.java:41)
	at app//org.junit.platform.engine.support.hierarchical.NodeTestTask.lambda$executeRecursively$6(NodeTestTask.java:155)
	at app//org.junit.platform.engine.support.hierarchical.ThrowableCollector.execute(ThrowableCollector.java:73)
	at app//org.junit.platform.engine.support.hierarchical.NodeTestTask.lambda$executeRecursively$8(NodeTestTask.java:141)
	at app//org.junit.platform.engine.support.hierarchical.Node.around(Node.java:137)
	at app//org.junit.platform.engine.support.hierarchical.NodeTestTask.lambda$executeRecursively$9(NodeTestTask.java:139)
	at app//org.junit.platform.engine.support.hierarchical.ThrowableCollector.execute(ThrowableCollector.java:73)
	at app//org.junit.platform.engine.support.hierarchical.NodeTestTask.executeRecursively(NodeTestTask.java:138)
	at app//org.junit.platform.engine.support.hierarchical.NodeTestTask.execute(NodeTestTask.java:95)
	at app//org.junit.platform.engine.support.hierarchical.SameThreadHierarchicalTestExecutorService.submit(SameThreadHierarchicalTestExecutorService.java:35)
	at app//org.junit.platform.engine.support.hierarchical.HierarchicalTestExecutor.execute(HierarchicalTestExecutor.java:57)
	at app//org.junit.platform.engine.support.hierarchical.HierarchicalTestEngine.execute(HierarchicalTestEngine.java:54)
	at app//org.junit.platform.launcher.core.EngineExecutionOrchestrator.execute(EngineExecutionOrchestrator.java:107)
	at app//org.junit.platform.launcher.core.EngineExecutionOrchestrator.execute(EngineExecutionOrchestrator.java:88)
	at app//org.junit.platform.launcher.core.EngineExecutionOrchestrator.lambda$execute$0(EngineExecutionOrchestrator.java:54)
	at app//org.junit.platform.launcher.core.EngineExecutionOrchestrator.withInterceptedStreams(EngineExecutionOrchestrator.java:67)
	at app//org.junit.platform.launcher.core.EngineExecutionOrchestrator.execute(EngineExecutionOrchestrator.java:52)
	at app//org.junit.platform.launcher.core.DefaultLauncher.execute(DefaultLauncher.java:114)
	at app//org.junit.platform.launcher.core.DefaultLauncher.execute(DefaultLauncher.java:86)
	at app//org.junit.platform.launcher.core.DefaultLauncherSession$DelegatingLauncher.execute(DefaultLauncherSession.java:86)
	at org.gradle.api.internal.tasks.testing.junitplatform.JUnitPlatformTestClassProcessor$CollectAllTestClassesExecutor.processAllTestClasses(JUnitPlatformTestClassProcessor.java:110)
	at org.gradle.api.internal.tasks.testing.junitplatform.JUnitPlatformTestClassProcessor$CollectAllTestClassesExecutor.access$000(JUnitPlatformTestClassProcessor.java:90)
	at org.gradle.api.internal.tasks.testing.junitplatform.JUnitPlatformTestClassProcessor.stop(JUnitPlatformTestClassProcessor.java:85)
	at org.gradle.api.internal.tasks.testing.SuiteTestClassProcessor.stop(SuiteTestClassProcessor.java:62)
	at java.base@11.0.18/jdk.internal.reflect.NativeMethodAccessorImpl.invoke0(Native Method)
	at java.base@11.0.18/jdk.internal.reflect.NativeMethodAccessorImpl.invoke(NativeMethodAccessorImpl.java:62)
	at java.base@11.0.18/jdk.internal.reflect.DelegatingMethodAccessorImpl.invoke(DelegatingMethodAccessorImpl.java:43)
	at java.base@11.0.18/java.lang.reflect.Method.invoke(Method.java:566)
	at org.gradle.internal.dispatch.ReflectionDispatch.dispatch(ReflectionDispatch.java:36)
	at org.gradle.internal.dispatch.ReflectionDispatch.dispatch(ReflectionDispatch.java:24)
	at org.gradle.internal.dispatch.ContextClassLoaderDispatch.dispatch(ContextClassLoaderDispatch.java:33)
	at org.gradle.internal.dispatch.ProxyDispatchAdapter$DispatchingInvocationHandler.invoke(ProxyDispatchAdapter.java:94)
	at com.sun.proxy.$Proxy2.stop(Unknown Source)
	at org.gradle.api.internal.tasks.testing.worker.TestWorker$3.run(TestWorker.java:193)
	at org.gradle.api.internal.tasks.testing.worker.TestWorker.executeAndMaintainThreadName(TestWorker.java:129)
	at org.gradle.api.internal.tasks.testing.worker.TestWorker.execute(TestWorker.java:100)
	at org.gradle.api.internal.tasks.testing.worker.TestWorker.execute(TestWorker.java:60)
	at org.gradle.process.internal.worker.child.ActionExecutionWorker.execute(ActionExecutionWorker.java:56)
	at org.gradle.process.internal.worker.child.SystemApplicationClassLoaderWorker.call(SystemApplicationClassLoaderWorker.java:113)
	at org.gradle.process.internal.worker.child.SystemApplicationClassLoaderWorker.call(SystemApplicationClassLoaderWorker.java:65)
	at app//worker.org.gradle.process.internal.worker.GradleWorkerMain.run(GradleWorkerMain.java:69)
	at app//worker.org.gradle.process.internal.worker.GradleWorkerMain.main(GradleWorkerMain.java:74)
</failure>
  </testcase>
  <testcase name="observer" classname="de.uka.ilkd.key.proof.runallproofs.RunAllProofsFunctional" time="1.044">
    <failure message="org.opentest4j.AssertionFailedError: Executed process terminated with non-zero exit value. ==&gt; expected: &lt;0&gt; but was: &lt;1&gt;" type="org.opentest4j.AssertionFailedError">org.opentest4j.AssertionFailedError: Executed process terminated with non-zero exit value. ==&gt; expected: &lt;0&gt; but was: &lt;1&gt;
	at app//org.junit.jupiter.api.AssertionFailureBuilder.build(AssertionFailureBuilder.java:151)
	at app//org.junit.jupiter.api.AssertionFailureBuilder.buildAndThrow(AssertionFailureBuilder.java:132)
	at app//org.junit.jupiter.api.AssertEquals.failNotEqual(AssertEquals.java:197)
	at app//org.junit.jupiter.api.AssertEquals.assertEquals(AssertEquals.java:150)
	at app//org.junit.jupiter.api.Assertions.assertEquals(Assertions.java:560)
	at app//de.uka.ilkd.key.proof.runallproofs.proofcollection.ForkedTestFileRunner.processTestFiles(ForkedTestFileRunner.java:130)
	at app//de.uka.ilkd.key.proof.runallproofs.RunAllProofsTestUnit.runTest(RunAllProofsTestUnit.java:89)
	at app//de.uka.ilkd.key.proof.runallproofs.RunAllProofsTest.lambda$data$0(RunAllProofsTest.java:77)
	at app//org.junit.jupiter.engine.descriptor.DynamicTestTestDescriptor.lambda$execute$0(DynamicTestTestDescriptor.java:53)
	at app//org.junit.jupiter.engine.execution.InvocationInterceptorChain$ValidatingInvocation.proceed(InvocationInterceptorChain.java:131)
	at app//org.junit.jupiter.api.extension.InvocationInterceptor.interceptDynamicTest(InvocationInterceptor.java:167)
	at app//org.junit.jupiter.api.extension.InvocationInterceptor.interceptDynamicTest(InvocationInterceptor.java:184)
	at app//org.junit.jupiter.engine.descriptor.DynamicTestTestDescriptor.lambda$execute$1(DynamicTestTestDescriptor.java:61)
	at app//org.junit.jupiter.engine.execution.InvocationInterceptorChain$InterceptorCall.lambda$ofVoid$0(InvocationInterceptorChain.java:78)
	at app//org.junit.jupiter.engine.execution.InvocationInterceptorChain$InterceptedInvocation.proceed(InvocationInterceptorChain.java:106)
	at app//org.junit.jupiter.engine.execution.InvocationInterceptorChain.proceed(InvocationInterceptorChain.java:64)
	at app//org.junit.jupiter.engine.execution.InvocationInterceptorChain.chainAndInvoke(InvocationInterceptorChain.java:45)
	at app//org.junit.jupiter.engine.execution.InvocationInterceptorChain.invoke(InvocationInterceptorChain.java:37)
	at app//org.junit.jupiter.engine.descriptor.DynamicTestTestDescriptor.execute(DynamicTestTestDescriptor.java:60)
	at app//org.junit.jupiter.engine.descriptor.DynamicTestTestDescriptor.execute(DynamicTestTestDescriptor.java:32)
	at app//org.junit.platform.engine.support.hierarchical.NodeTestTask.lambda$executeRecursively$6(NodeTestTask.java:151)
	at app//org.junit.platform.engine.support.hierarchical.ThrowableCollector.execute(ThrowableCollector.java:73)
	at app//org.junit.platform.engine.support.hierarchical.NodeTestTask.lambda$executeRecursively$8(NodeTestTask.java:141)
	at app//org.junit.platform.engine.support.hierarchical.Node.around(Node.java:137)
	at app//org.junit.platform.engine.support.hierarchical.NodeTestTask.lambda$executeRecursively$9(NodeTestTask.java:139)
	at app//org.junit.platform.engine.support.hierarchical.ThrowableCollector.execute(ThrowableCollector.java:73)
	at app//org.junit.platform.engine.support.hierarchical.NodeTestTask.executeRecursively(NodeTestTask.java:138)
	at app//org.junit.platform.engine.support.hierarchical.NodeTestTask.execute(NodeTestTask.java:95)
	at app//org.junit.platform.engine.support.hierarchical.SameThreadHierarchicalTestExecutorService.submit(SameThreadHierarchicalTestExecutorService.java:35)
	at app//org.junit.platform.engine.support.hierarchical.NodeTestTask$DefaultDynamicTestExecutor.execute(NodeTestTask.java:226)
	at app//org.junit.platform.engine.support.hierarchical.NodeTestTask$DefaultDynamicTestExecutor.execute(NodeTestTask.java:204)
	at java.base@11.0.18/java.util.Optional.ifPresent(Optional.java:183)
	at app//org.junit.jupiter.engine.descriptor.TestFactoryTestDescriptor.lambda$invokeTestMethod$1(TestFactoryTestDescriptor.java:108)
	at app//org.junit.platform.engine.support.hierarchical.ThrowableCollector.execute(ThrowableCollector.java:73)
	at app//org.junit.jupiter.engine.descriptor.TestFactoryTestDescriptor.invokeTestMethod(TestFactoryTestDescriptor.java:95)
	at app//org.junit.jupiter.engine.descriptor.TestMethodTestDescriptor.execute(TestMethodTestDescriptor.java:138)
	at app//org.junit.jupiter.engine.descriptor.TestMethodTestDescriptor.execute(TestMethodTestDescriptor.java:68)
	at app//org.junit.platform.engine.support.hierarchical.NodeTestTask.lambda$executeRecursively$6(NodeTestTask.java:151)
	at app//org.junit.platform.engine.support.hierarchical.ThrowableCollector.execute(ThrowableCollector.java:73)
	at app//org.junit.platform.engine.support.hierarchical.NodeTestTask.lambda$executeRecursively$8(NodeTestTask.java:141)
	at app//org.junit.platform.engine.support.hierarchical.Node.around(Node.java:137)
	at app//org.junit.platform.engine.support.hierarchical.NodeTestTask.lambda$executeRecursively$9(NodeTestTask.java:139)
	at app//org.junit.platform.engine.support.hierarchical.ThrowableCollector.execute(ThrowableCollector.java:73)
	at app//org.junit.platform.engine.support.hierarchical.NodeTestTask.executeRecursively(NodeTestTask.java:138)
	at app//org.junit.platform.engine.support.hierarchical.NodeTestTask.execute(NodeTestTask.java:95)
	at java.base@11.0.18/java.util.ArrayList.forEach(ArrayList.java:1541)
	at app//org.junit.platform.engine.support.hierarchical.SameThreadHierarchicalTestExecutorService.invokeAll(SameThreadHierarchicalTestExecutorService.java:41)
	at app//org.junit.platform.engine.support.hierarchical.NodeTestTask.lambda$executeRecursively$6(NodeTestTask.java:155)
	at app//org.junit.platform.engine.support.hierarchical.ThrowableCollector.execute(ThrowableCollector.java:73)
	at app//org.junit.platform.engine.support.hierarchical.NodeTestTask.lambda$executeRecursively$8(NodeTestTask.java:141)
	at app//org.junit.platform.engine.support.hierarchical.Node.around(Node.java:137)
	at app//org.junit.platform.engine.support.hierarchical.NodeTestTask.lambda$executeRecursively$9(NodeTestTask.java:139)
	at app//org.junit.platform.engine.support.hierarchical.ThrowableCollector.execute(ThrowableCollector.java:73)
	at app//org.junit.platform.engine.support.hierarchical.NodeTestTask.executeRecursively(NodeTestTask.java:138)
	at app//org.junit.platform.engine.support.hierarchical.NodeTestTask.execute(NodeTestTask.java:95)
	at java.base@11.0.18/java.util.ArrayList.forEach(ArrayList.java:1541)
	at app//org.junit.platform.engine.support.hierarchical.SameThreadHierarchicalTestExecutorService.invokeAll(SameThreadHierarchicalTestExecutorService.java:41)
	at app//org.junit.platform.engine.support.hierarchical.NodeTestTask.lambda$executeRecursively$6(NodeTestTask.java:155)
	at app//org.junit.platform.engine.support.hierarchical.ThrowableCollector.execute(ThrowableCollector.java:73)
	at app//org.junit.platform.engine.support.hierarchical.NodeTestTask.lambda$executeRecursively$8(NodeTestTask.java:141)
	at app//org.junit.platform.engine.support.hierarchical.Node.around(Node.java:137)
	at app//org.junit.platform.engine.support.hierarchical.NodeTestTask.lambda$executeRecursively$9(NodeTestTask.java:139)
	at app//org.junit.platform.engine.support.hierarchical.ThrowableCollector.execute(ThrowableCollector.java:73)
	at app//org.junit.platform.engine.support.hierarchical.NodeTestTask.executeRecursively(NodeTestTask.java:138)
	at app//org.junit.platform.engine.support.hierarchical.NodeTestTask.execute(NodeTestTask.java:95)
	at app//org.junit.platform.engine.support.hierarchical.SameThreadHierarchicalTestExecutorService.submit(SameThreadHierarchicalTestExecutorService.java:35)
	at app//org.junit.platform.engine.support.hierarchical.HierarchicalTestExecutor.execute(HierarchicalTestExecutor.java:57)
	at app//org.junit.platform.engine.support.hierarchical.HierarchicalTestEngine.execute(HierarchicalTestEngine.java:54)
	at app//org.junit.platform.launcher.core.EngineExecutionOrchestrator.execute(EngineExecutionOrchestrator.java:107)
	at app//org.junit.platform.launcher.core.EngineExecutionOrchestrator.execute(EngineExecutionOrchestrator.java:88)
	at app//org.junit.platform.launcher.core.EngineExecutionOrchestrator.lambda$execute$0(EngineExecutionOrchestrator.java:54)
	at app//org.junit.platform.launcher.core.EngineExecutionOrchestrator.withInterceptedStreams(EngineExecutionOrchestrator.java:67)
	at app//org.junit.platform.launcher.core.EngineExecutionOrchestrator.execute(EngineExecutionOrchestrator.java:52)
	at app//org.junit.platform.launcher.core.DefaultLauncher.execute(DefaultLauncher.java:114)
	at app//org.junit.platform.launcher.core.DefaultLauncher.execute(DefaultLauncher.java:86)
	at app//org.junit.platform.launcher.core.DefaultLauncherSession$DelegatingLauncher.execute(DefaultLauncherSession.java:86)
	at org.gradle.api.internal.tasks.testing.junitplatform.JUnitPlatformTestClassProcessor$CollectAllTestClassesExecutor.processAllTestClasses(JUnitPlatformTestClassProcessor.java:110)
	at org.gradle.api.internal.tasks.testing.junitplatform.JUnitPlatformTestClassProcessor$CollectAllTestClassesExecutor.access$000(JUnitPlatformTestClassProcessor.java:90)
	at org.gradle.api.internal.tasks.testing.junitplatform.JUnitPlatformTestClassProcessor.stop(JUnitPlatformTestClassProcessor.java:85)
	at org.gradle.api.internal.tasks.testing.SuiteTestClassProcessor.stop(SuiteTestClassProcessor.java:62)
	at java.base@11.0.18/jdk.internal.reflect.NativeMethodAccessorImpl.invoke0(Native Method)
	at java.base@11.0.18/jdk.internal.reflect.NativeMethodAccessorImpl.invoke(NativeMethodAccessorImpl.java:62)
	at java.base@11.0.18/jdk.internal.reflect.DelegatingMethodAccessorImpl.invoke(DelegatingMethodAccessorImpl.java:43)
	at java.base@11.0.18/java.lang.reflect.Method.invoke(Method.java:566)
	at org.gradle.internal.dispatch.ReflectionDispatch.dispatch(ReflectionDispatch.java:36)
	at org.gradle.internal.dispatch.ReflectionDispatch.dispatch(ReflectionDispatch.java:24)
	at org.gradle.internal.dispatch.ContextClassLoaderDispatch.dispatch(ContextClassLoaderDispatch.java:33)
	at org.gradle.internal.dispatch.ProxyDispatchAdapter$DispatchingInvocationHandler.invoke(ProxyDispatchAdapter.java:94)
	at com.sun.proxy.$Proxy2.stop(Unknown Source)
	at org.gradle.api.internal.tasks.testing.worker.TestWorker$3.run(TestWorker.java:193)
	at org.gradle.api.internal.tasks.testing.worker.TestWorker.executeAndMaintainThreadName(TestWorker.java:129)
	at org.gradle.api.internal.tasks.testing.worker.TestWorker.execute(TestWorker.java:100)
	at org.gradle.api.internal.tasks.testing.worker.TestWorker.execute(TestWorker.java:60)
	at org.gradle.process.internal.worker.child.ActionExecutionWorker.execute(ActionExecutionWorker.java:56)
	at org.gradle.process.internal.worker.child.SystemApplicationClassLoaderWorker.call(SystemApplicationClassLoaderWorker.java:113)
	at org.gradle.process.internal.worker.child.SystemApplicationClassLoaderWorker.call(SystemApplicationClassLoaderWorker.java:65)
	at app//worker.org.gradle.process.internal.worker.GradleWorkerMain.run(GradleWorkerMain.java:69)
	at app//worker.org.gradle.process.internal.worker.GradleWorkerMain.main(GradleWorkerMain.java:74)
</failure>
  </testcase>
  <testcase name="removeDups" classname="de.uka.ilkd.key.proof.runallproofs.RunAllProofsFunctional" time="0.991">
    <failure message="org.opentest4j.AssertionFailedError: Executed process terminated with non-zero exit value. ==&gt; expected: &lt;0&gt; but was: &lt;1&gt;" type="org.opentest4j.AssertionFailedError">org.opentest4j.AssertionFailedError: Executed process terminated with non-zero exit value. ==&gt; expected: &lt;0&gt; but was: &lt;1&gt;
	at app//org.junit.jupiter.api.AssertionFailureBuilder.build(AssertionFailureBuilder.java:151)
	at app//org.junit.jupiter.api.AssertionFailureBuilder.buildAndThrow(AssertionFailureBuilder.java:132)
	at app//org.junit.jupiter.api.AssertEquals.failNotEqual(AssertEquals.java:197)
	at app//org.junit.jupiter.api.AssertEquals.assertEquals(AssertEquals.java:150)
	at app//org.junit.jupiter.api.Assertions.assertEquals(Assertions.java:560)
	at app//de.uka.ilkd.key.proof.runallproofs.proofcollection.ForkedTestFileRunner.processTestFiles(ForkedTestFileRunner.java:130)
	at app//de.uka.ilkd.key.proof.runallproofs.RunAllProofsTestUnit.runTest(RunAllProofsTestUnit.java:89)
	at app//de.uka.ilkd.key.proof.runallproofs.RunAllProofsTest.lambda$data$0(RunAllProofsTest.java:77)
	at app//org.junit.jupiter.engine.descriptor.DynamicTestTestDescriptor.lambda$execute$0(DynamicTestTestDescriptor.java:53)
	at app//org.junit.jupiter.engine.execution.InvocationInterceptorChain$ValidatingInvocation.proceed(InvocationInterceptorChain.java:131)
	at app//org.junit.jupiter.api.extension.InvocationInterceptor.interceptDynamicTest(InvocationInterceptor.java:167)
	at app//org.junit.jupiter.api.extension.InvocationInterceptor.interceptDynamicTest(InvocationInterceptor.java:184)
	at app//org.junit.jupiter.engine.descriptor.DynamicTestTestDescriptor.lambda$execute$1(DynamicTestTestDescriptor.java:61)
	at app//org.junit.jupiter.engine.execution.InvocationInterceptorChain$InterceptorCall.lambda$ofVoid$0(InvocationInterceptorChain.java:78)
	at app//org.junit.jupiter.engine.execution.InvocationInterceptorChain$InterceptedInvocation.proceed(InvocationInterceptorChain.java:106)
	at app//org.junit.jupiter.engine.execution.InvocationInterceptorChain.proceed(InvocationInterceptorChain.java:64)
	at app//org.junit.jupiter.engine.execution.InvocationInterceptorChain.chainAndInvoke(InvocationInterceptorChain.java:45)
	at app//org.junit.jupiter.engine.execution.InvocationInterceptorChain.invoke(InvocationInterceptorChain.java:37)
	at app//org.junit.jupiter.engine.descriptor.DynamicTestTestDescriptor.execute(DynamicTestTestDescriptor.java:60)
	at app//org.junit.jupiter.engine.descriptor.DynamicTestTestDescriptor.execute(DynamicTestTestDescriptor.java:32)
	at app//org.junit.platform.engine.support.hierarchical.NodeTestTask.lambda$executeRecursively$6(NodeTestTask.java:151)
	at app//org.junit.platform.engine.support.hierarchical.ThrowableCollector.execute(ThrowableCollector.java:73)
	at app//org.junit.platform.engine.support.hierarchical.NodeTestTask.lambda$executeRecursively$8(NodeTestTask.java:141)
	at app//org.junit.platform.engine.support.hierarchical.Node.around(Node.java:137)
	at app//org.junit.platform.engine.support.hierarchical.NodeTestTask.lambda$executeRecursively$9(NodeTestTask.java:139)
	at app//org.junit.platform.engine.support.hierarchical.ThrowableCollector.execute(ThrowableCollector.java:73)
	at app//org.junit.platform.engine.support.hierarchical.NodeTestTask.executeRecursively(NodeTestTask.java:138)
	at app//org.junit.platform.engine.support.hierarchical.NodeTestTask.execute(NodeTestTask.java:95)
	at app//org.junit.platform.engine.support.hierarchical.SameThreadHierarchicalTestExecutorService.submit(SameThreadHierarchicalTestExecutorService.java:35)
	at app//org.junit.platform.engine.support.hierarchical.NodeTestTask$DefaultDynamicTestExecutor.execute(NodeTestTask.java:226)
	at app//org.junit.platform.engine.support.hierarchical.NodeTestTask$DefaultDynamicTestExecutor.execute(NodeTestTask.java:204)
	at java.base@11.0.18/java.util.Optional.ifPresent(Optional.java:183)
	at app//org.junit.jupiter.engine.descriptor.TestFactoryTestDescriptor.lambda$invokeTestMethod$1(TestFactoryTestDescriptor.java:108)
	at app//org.junit.platform.engine.support.hierarchical.ThrowableCollector.execute(ThrowableCollector.java:73)
	at app//org.junit.jupiter.engine.descriptor.TestFactoryTestDescriptor.invokeTestMethod(TestFactoryTestDescriptor.java:95)
	at app//org.junit.jupiter.engine.descriptor.TestMethodTestDescriptor.execute(TestMethodTestDescriptor.java:138)
	at app//org.junit.jupiter.engine.descriptor.TestMethodTestDescriptor.execute(TestMethodTestDescriptor.java:68)
	at app//org.junit.platform.engine.support.hierarchical.NodeTestTask.lambda$executeRecursively$6(NodeTestTask.java:151)
	at app//org.junit.platform.engine.support.hierarchical.ThrowableCollector.execute(ThrowableCollector.java:73)
	at app//org.junit.platform.engine.support.hierarchical.NodeTestTask.lambda$executeRecursively$8(NodeTestTask.java:141)
	at app//org.junit.platform.engine.support.hierarchical.Node.around(Node.java:137)
	at app//org.junit.platform.engine.support.hierarchical.NodeTestTask.lambda$executeRecursively$9(NodeTestTask.java:139)
	at app//org.junit.platform.engine.support.hierarchical.ThrowableCollector.execute(ThrowableCollector.java:73)
	at app//org.junit.platform.engine.support.hierarchical.NodeTestTask.executeRecursively(NodeTestTask.java:138)
	at app//org.junit.platform.engine.support.hierarchical.NodeTestTask.execute(NodeTestTask.java:95)
	at java.base@11.0.18/java.util.ArrayList.forEach(ArrayList.java:1541)
	at app//org.junit.platform.engine.support.hierarchical.SameThreadHierarchicalTestExecutorService.invokeAll(SameThreadHierarchicalTestExecutorService.java:41)
	at app//org.junit.platform.engine.support.hierarchical.NodeTestTask.lambda$executeRecursively$6(NodeTestTask.java:155)
	at app//org.junit.platform.engine.support.hierarchical.ThrowableCollector.execute(ThrowableCollector.java:73)
	at app//org.junit.platform.engine.support.hierarchical.NodeTestTask.lambda$executeRecursively$8(NodeTestTask.java:141)
	at app//org.junit.platform.engine.support.hierarchical.Node.around(Node.java:137)
	at app//org.junit.platform.engine.support.hierarchical.NodeTestTask.lambda$executeRecursively$9(NodeTestTask.java:139)
	at app//org.junit.platform.engine.support.hierarchical.ThrowableCollector.execute(ThrowableCollector.java:73)
	at app//org.junit.platform.engine.support.hierarchical.NodeTestTask.executeRecursively(NodeTestTask.java:138)
	at app//org.junit.platform.engine.support.hierarchical.NodeTestTask.execute(NodeTestTask.java:95)
	at java.base@11.0.18/java.util.ArrayList.forEach(ArrayList.java:1541)
	at app//org.junit.platform.engine.support.hierarchical.SameThreadHierarchicalTestExecutorService.invokeAll(SameThreadHierarchicalTestExecutorService.java:41)
	at app//org.junit.platform.engine.support.hierarchical.NodeTestTask.lambda$executeRecursively$6(NodeTestTask.java:155)
	at app//org.junit.platform.engine.support.hierarchical.ThrowableCollector.execute(ThrowableCollector.java:73)
	at app//org.junit.platform.engine.support.hierarchical.NodeTestTask.lambda$executeRecursively$8(NodeTestTask.java:141)
	at app//org.junit.platform.engine.support.hierarchical.Node.around(Node.java:137)
	at app//org.junit.platform.engine.support.hierarchical.NodeTestTask.lambda$executeRecursively$9(NodeTestTask.java:139)
	at app//org.junit.platform.engine.support.hierarchical.ThrowableCollector.execute(ThrowableCollector.java:73)
	at app//org.junit.platform.engine.support.hierarchical.NodeTestTask.executeRecursively(NodeTestTask.java:138)
	at app//org.junit.platform.engine.support.hierarchical.NodeTestTask.execute(NodeTestTask.java:95)
	at app//org.junit.platform.engine.support.hierarchical.SameThreadHierarchicalTestExecutorService.submit(SameThreadHierarchicalTestExecutorService.java:35)
	at app//org.junit.platform.engine.support.hierarchical.HierarchicalTestExecutor.execute(HierarchicalTestExecutor.java:57)
	at app//org.junit.platform.engine.support.hierarchical.HierarchicalTestEngine.execute(HierarchicalTestEngine.java:54)
	at app//org.junit.platform.launcher.core.EngineExecutionOrchestrator.execute(EngineExecutionOrchestrator.java:107)
	at app//org.junit.platform.launcher.core.EngineExecutionOrchestrator.execute(EngineExecutionOrchestrator.java:88)
	at app//org.junit.platform.launcher.core.EngineExecutionOrchestrator.lambda$execute$0(EngineExecutionOrchestrator.java:54)
	at app//org.junit.platform.launcher.core.EngineExecutionOrchestrator.withInterceptedStreams(EngineExecutionOrchestrator.java:67)
	at app//org.junit.platform.launcher.core.EngineExecutionOrchestrator.execute(EngineExecutionOrchestrator.java:52)
	at app//org.junit.platform.launcher.core.DefaultLauncher.execute(DefaultLauncher.java:114)
	at app//org.junit.platform.launcher.core.DefaultLauncher.execute(DefaultLauncher.java:86)
	at app//org.junit.platform.launcher.core.DefaultLauncherSession$DelegatingLauncher.execute(DefaultLauncherSession.java:86)
	at org.gradle.api.internal.tasks.testing.junitplatform.JUnitPlatformTestClassProcessor$CollectAllTestClassesExecutor.processAllTestClasses(JUnitPlatformTestClassProcessor.java:110)
	at org.gradle.api.internal.tasks.testing.junitplatform.JUnitPlatformTestClassProcessor$CollectAllTestClassesExecutor.access$000(JUnitPlatformTestClassProcessor.java:90)
	at org.gradle.api.internal.tasks.testing.junitplatform.JUnitPlatformTestClassProcessor.stop(JUnitPlatformTestClassProcessor.java:85)
	at org.gradle.api.internal.tasks.testing.SuiteTestClassProcessor.stop(SuiteTestClassProcessor.java:62)
	at java.base@11.0.18/jdk.internal.reflect.NativeMethodAccessorImpl.invoke0(Native Method)
	at java.base@11.0.18/jdk.internal.reflect.NativeMethodAccessorImpl.invoke(NativeMethodAccessorImpl.java:62)
	at java.base@11.0.18/jdk.internal.reflect.DelegatingMethodAccessorImpl.invoke(DelegatingMethodAccessorImpl.java:43)
	at java.base@11.0.18/java.lang.reflect.Method.invoke(Method.java:566)
	at org.gradle.internal.dispatch.ReflectionDispatch.dispatch(ReflectionDispatch.java:36)
	at org.gradle.internal.dispatch.ReflectionDispatch.dispatch(ReflectionDispatch.java:24)
	at org.gradle.internal.dispatch.ContextClassLoaderDispatch.dispatch(ContextClassLoaderDispatch.java:33)
	at org.gradle.internal.dispatch.ProxyDispatchAdapter$DispatchingInvocationHandler.invoke(ProxyDispatchAdapter.java:94)
	at com.sun.proxy.$Proxy2.stop(Unknown Source)
	at org.gradle.api.internal.tasks.testing.worker.TestWorker$3.run(TestWorker.java:193)
	at org.gradle.api.internal.tasks.testing.worker.TestWorker.executeAndMaintainThreadName(TestWorker.java:129)
	at org.gradle.api.internal.tasks.testing.worker.TestWorker.execute(TestWorker.java:100)
	at org.gradle.api.internal.tasks.testing.worker.TestWorker.execute(TestWorker.java:60)
	at org.gradle.process.internal.worker.child.ActionExecutionWorker.execute(ActionExecutionWorker.java:56)
	at org.gradle.process.internal.worker.child.SystemApplicationClassLoaderWorker.call(SystemApplicationClassLoaderWorker.java:113)
	at org.gradle.process.internal.worker.child.SystemApplicationClassLoaderWorker.call(SystemApplicationClassLoaderWorker.java:65)
	at app//worker.org.gradle.process.internal.worker.GradleWorkerMain.run(GradleWorkerMain.java:69)
	at app//worker.org.gradle.process.internal.worker.GradleWorkerMain.main(GradleWorkerMain.java:74)
</failure>
  </testcase>
  <testcase name="quicksort" classname="de.uka.ilkd.key.proof.runallproofs.RunAllProofsFunctional" time="1.008">
    <failure message="org.opentest4j.AssertionFailedError: Executed process terminated with non-zero exit value. ==&gt; expected: &lt;0&gt; but was: &lt;1&gt;" type="org.opentest4j.AssertionFailedError">org.opentest4j.AssertionFailedError: Executed process terminated with non-zero exit value. ==&gt; expected: &lt;0&gt; but was: &lt;1&gt;
	at app//org.junit.jupiter.api.AssertionFailureBuilder.build(AssertionFailureBuilder.java:151)
	at app//org.junit.jupiter.api.AssertionFailureBuilder.buildAndThrow(AssertionFailureBuilder.java:132)
	at app//org.junit.jupiter.api.AssertEquals.failNotEqual(AssertEquals.java:197)
	at app//org.junit.jupiter.api.AssertEquals.assertEquals(AssertEquals.java:150)
	at app//org.junit.jupiter.api.Assertions.assertEquals(Assertions.java:560)
	at app//de.uka.ilkd.key.proof.runallproofs.proofcollection.ForkedTestFileRunner.processTestFiles(ForkedTestFileRunner.java:130)
	at app//de.uka.ilkd.key.proof.runallproofs.RunAllProofsTestUnit.runTest(RunAllProofsTestUnit.java:89)
	at app//de.uka.ilkd.key.proof.runallproofs.RunAllProofsTest.lambda$data$0(RunAllProofsTest.java:77)
	at app//org.junit.jupiter.engine.descriptor.DynamicTestTestDescriptor.lambda$execute$0(DynamicTestTestDescriptor.java:53)
	at app//org.junit.jupiter.engine.execution.InvocationInterceptorChain$ValidatingInvocation.proceed(InvocationInterceptorChain.java:131)
	at app//org.junit.jupiter.api.extension.InvocationInterceptor.interceptDynamicTest(InvocationInterceptor.java:167)
	at app//org.junit.jupiter.api.extension.InvocationInterceptor.interceptDynamicTest(InvocationInterceptor.java:184)
	at app//org.junit.jupiter.engine.descriptor.DynamicTestTestDescriptor.lambda$execute$1(DynamicTestTestDescriptor.java:61)
	at app//org.junit.jupiter.engine.execution.InvocationInterceptorChain$InterceptorCall.lambda$ofVoid$0(InvocationInterceptorChain.java:78)
	at app//org.junit.jupiter.engine.execution.InvocationInterceptorChain$InterceptedInvocation.proceed(InvocationInterceptorChain.java:106)
	at app//org.junit.jupiter.engine.execution.InvocationInterceptorChain.proceed(InvocationInterceptorChain.java:64)
	at app//org.junit.jupiter.engine.execution.InvocationInterceptorChain.chainAndInvoke(InvocationInterceptorChain.java:45)
	at app//org.junit.jupiter.engine.execution.InvocationInterceptorChain.invoke(InvocationInterceptorChain.java:37)
	at app//org.junit.jupiter.engine.descriptor.DynamicTestTestDescriptor.execute(DynamicTestTestDescriptor.java:60)
	at app//org.junit.jupiter.engine.descriptor.DynamicTestTestDescriptor.execute(DynamicTestTestDescriptor.java:32)
	at app//org.junit.platform.engine.support.hierarchical.NodeTestTask.lambda$executeRecursively$6(NodeTestTask.java:151)
	at app//org.junit.platform.engine.support.hierarchical.ThrowableCollector.execute(ThrowableCollector.java:73)
	at app//org.junit.platform.engine.support.hierarchical.NodeTestTask.lambda$executeRecursively$8(NodeTestTask.java:141)
	at app//org.junit.platform.engine.support.hierarchical.Node.around(Node.java:137)
	at app//org.junit.platform.engine.support.hierarchical.NodeTestTask.lambda$executeRecursively$9(NodeTestTask.java:139)
	at app//org.junit.platform.engine.support.hierarchical.ThrowableCollector.execute(ThrowableCollector.java:73)
	at app//org.junit.platform.engine.support.hierarchical.NodeTestTask.executeRecursively(NodeTestTask.java:138)
	at app//org.junit.platform.engine.support.hierarchical.NodeTestTask.execute(NodeTestTask.java:95)
	at app//org.junit.platform.engine.support.hierarchical.SameThreadHierarchicalTestExecutorService.submit(SameThreadHierarchicalTestExecutorService.java:35)
	at app//org.junit.platform.engine.support.hierarchical.NodeTestTask$DefaultDynamicTestExecutor.execute(NodeTestTask.java:226)
	at app//org.junit.platform.engine.support.hierarchical.NodeTestTask$DefaultDynamicTestExecutor.execute(NodeTestTask.java:204)
	at java.base@11.0.18/java.util.Optional.ifPresent(Optional.java:183)
	at app//org.junit.jupiter.engine.descriptor.TestFactoryTestDescriptor.lambda$invokeTestMethod$1(TestFactoryTestDescriptor.java:108)
	at app//org.junit.platform.engine.support.hierarchical.ThrowableCollector.execute(ThrowableCollector.java:73)
	at app//org.junit.jupiter.engine.descriptor.TestFactoryTestDescriptor.invokeTestMethod(TestFactoryTestDescriptor.java:95)
	at app//org.junit.jupiter.engine.descriptor.TestMethodTestDescriptor.execute(TestMethodTestDescriptor.java:138)
	at app//org.junit.jupiter.engine.descriptor.TestMethodTestDescriptor.execute(TestMethodTestDescriptor.java:68)
	at app//org.junit.platform.engine.support.hierarchical.NodeTestTask.lambda$executeRecursively$6(NodeTestTask.java:151)
	at app//org.junit.platform.engine.support.hierarchical.ThrowableCollector.execute(ThrowableCollector.java:73)
	at app//org.junit.platform.engine.support.hierarchical.NodeTestTask.lambda$executeRecursively$8(NodeTestTask.java:141)
	at app//org.junit.platform.engine.support.hierarchical.Node.around(Node.java:137)
	at app//org.junit.platform.engine.support.hierarchical.NodeTestTask.lambda$executeRecursively$9(NodeTestTask.java:139)
	at app//org.junit.platform.engine.support.hierarchical.ThrowableCollector.execute(ThrowableCollector.java:73)
	at app//org.junit.platform.engine.support.hierarchical.NodeTestTask.executeRecursively(NodeTestTask.java:138)
	at app//org.junit.platform.engine.support.hierarchical.NodeTestTask.execute(NodeTestTask.java:95)
	at java.base@11.0.18/java.util.ArrayList.forEach(ArrayList.java:1541)
	at app//org.junit.platform.engine.support.hierarchical.SameThreadHierarchicalTestExecutorService.invokeAll(SameThreadHierarchicalTestExecutorService.java:41)
	at app//org.junit.platform.engine.support.hierarchical.NodeTestTask.lambda$executeRecursively$6(NodeTestTask.java:155)
	at app//org.junit.platform.engine.support.hierarchical.ThrowableCollector.execute(ThrowableCollector.java:73)
	at app//org.junit.platform.engine.support.hierarchical.NodeTestTask.lambda$executeRecursively$8(NodeTestTask.java:141)
	at app//org.junit.platform.engine.support.hierarchical.Node.around(Node.java:137)
	at app//org.junit.platform.engine.support.hierarchical.NodeTestTask.lambda$executeRecursively$9(NodeTestTask.java:139)
	at app//org.junit.platform.engine.support.hierarchical.ThrowableCollector.execute(ThrowableCollector.java:73)
	at app//org.junit.platform.engine.support.hierarchical.NodeTestTask.executeRecursively(NodeTestTask.java:138)
	at app//org.junit.platform.engine.support.hierarchical.NodeTestTask.execute(NodeTestTask.java:95)
	at java.base@11.0.18/java.util.ArrayList.forEach(ArrayList.java:1541)
	at app//org.junit.platform.engine.support.hierarchical.SameThreadHierarchicalTestExecutorService.invokeAll(SameThreadHierarchicalTestExecutorService.java:41)
	at app//org.junit.platform.engine.support.hierarchical.NodeTestTask.lambda$executeRecursively$6(NodeTestTask.java:155)
	at app//org.junit.platform.engine.support.hierarchical.ThrowableCollector.execute(ThrowableCollector.java:73)
	at app//org.junit.platform.engine.support.hierarchical.NodeTestTask.lambda$executeRecursively$8(NodeTestTask.java:141)
	at app//org.junit.platform.engine.support.hierarchical.Node.around(Node.java:137)
	at app//org.junit.platform.engine.support.hierarchical.NodeTestTask.lambda$executeRecursively$9(NodeTestTask.java:139)
	at app//org.junit.platform.engine.support.hierarchical.ThrowableCollector.execute(ThrowableCollector.java:73)
	at app//org.junit.platform.engine.support.hierarchical.NodeTestTask.executeRecursively(NodeTestTask.java:138)
	at app//org.junit.platform.engine.support.hierarchical.NodeTestTask.execute(NodeTestTask.java:95)
	at app//org.junit.platform.engine.support.hierarchical.SameThreadHierarchicalTestExecutorService.submit(SameThreadHierarchicalTestExecutorService.java:35)
	at app//org.junit.platform.engine.support.hierarchical.HierarchicalTestExecutor.execute(HierarchicalTestExecutor.java:57)
	at app//org.junit.platform.engine.support.hierarchical.HierarchicalTestEngine.execute(HierarchicalTestEngine.java:54)
	at app//org.junit.platform.launcher.core.EngineExecutionOrchestrator.execute(EngineExecutionOrchestrator.java:107)
	at app//org.junit.platform.launcher.core.EngineExecutionOrchestrator.execute(EngineExecutionOrchestrator.java:88)
	at app//org.junit.platform.launcher.core.EngineExecutionOrchestrator.lambda$execute$0(EngineExecutionOrchestrator.java:54)
	at app//org.junit.platform.launcher.core.EngineExecutionOrchestrator.withInterceptedStreams(EngineExecutionOrchestrator.java:67)
	at app//org.junit.platform.launcher.core.EngineExecutionOrchestrator.execute(EngineExecutionOrchestrator.java:52)
	at app//org.junit.platform.launcher.core.DefaultLauncher.execute(DefaultLauncher.java:114)
	at app//org.junit.platform.launcher.core.DefaultLauncher.execute(DefaultLauncher.java:86)
	at app//org.junit.platform.launcher.core.DefaultLauncherSession$DelegatingLauncher.execute(DefaultLauncherSession.java:86)
	at org.gradle.api.internal.tasks.testing.junitplatform.JUnitPlatformTestClassProcessor$CollectAllTestClassesExecutor.processAllTestClasses(JUnitPlatformTestClassProcessor.java:110)
	at org.gradle.api.internal.tasks.testing.junitplatform.JUnitPlatformTestClassProcessor$CollectAllTestClassesExecutor.access$000(JUnitPlatformTestClassProcessor.java:90)
	at org.gradle.api.internal.tasks.testing.junitplatform.JUnitPlatformTestClassProcessor.stop(JUnitPlatformTestClassProcessor.java:85)
	at org.gradle.api.internal.tasks.testing.SuiteTestClassProcessor.stop(SuiteTestClassProcessor.java:62)
	at java.base@11.0.18/jdk.internal.reflect.NativeMethodAccessorImpl.invoke0(Native Method)
	at java.base@11.0.18/jdk.internal.reflect.NativeMethodAccessorImpl.invoke(NativeMethodAccessorImpl.java:62)
	at java.base@11.0.18/jdk.internal.reflect.DelegatingMethodAccessorImpl.invoke(DelegatingMethodAccessorImpl.java:43)
	at java.base@11.0.18/java.lang.reflect.Method.invoke(Method.java:566)
	at org.gradle.internal.dispatch.ReflectionDispatch.dispatch(ReflectionDispatch.java:36)
	at org.gradle.internal.dispatch.ReflectionDispatch.dispatch(ReflectionDispatch.java:24)
	at org.gradle.internal.dispatch.ContextClassLoaderDispatch.dispatch(ContextClassLoaderDispatch.java:33)
	at org.gradle.internal.dispatch.ProxyDispatchAdapter$DispatchingInvocationHandler.invoke(ProxyDispatchAdapter.java:94)
	at com.sun.proxy.$Proxy2.stop(Unknown Source)
	at org.gradle.api.internal.tasks.testing.worker.TestWorker$3.run(TestWorker.java:193)
	at org.gradle.api.internal.tasks.testing.worker.TestWorker.executeAndMaintainThreadName(TestWorker.java:129)
	at org.gradle.api.internal.tasks.testing.worker.TestWorker.execute(TestWorker.java:100)
	at org.gradle.api.internal.tasks.testing.worker.TestWorker.execute(TestWorker.java:60)
	at org.gradle.process.internal.worker.child.ActionExecutionWorker.execute(ActionExecutionWorker.java:56)
	at org.gradle.process.internal.worker.child.SystemApplicationClassLoaderWorker.call(SystemApplicationClassLoaderWorker.java:113)
	at org.gradle.process.internal.worker.child.SystemApplicationClassLoaderWorker.call(SystemApplicationClassLoaderWorker.java:65)
	at app//worker.org.gradle.process.internal.worker.GradleWorkerMain.run(GradleWorkerMain.java:69)
	at app//worker.org.gradle.process.internal.worker.GradleWorkerMain.main(GradleWorkerMain.java:74)
</failure>
  </testcase>
  <testcase name="simpleTests" classname="de.uka.ilkd.key.proof.runallproofs.RunAllProofsFunctional" time="1.431">
    <failure message="org.opentest4j.AssertionFailedError: Executed process terminated with non-zero exit value. ==&gt; expected: &lt;0&gt; but was: &lt;1&gt;" type="org.opentest4j.AssertionFailedError">org.opentest4j.AssertionFailedError: Executed process terminated with non-zero exit value. ==&gt; expected: &lt;0&gt; but was: &lt;1&gt;
	at app//org.junit.jupiter.api.AssertionFailureBuilder.build(AssertionFailureBuilder.java:151)
	at app//org.junit.jupiter.api.AssertionFailureBuilder.buildAndThrow(AssertionFailureBuilder.java:132)
	at app//org.junit.jupiter.api.AssertEquals.failNotEqual(AssertEquals.java:197)
	at app//org.junit.jupiter.api.AssertEquals.assertEquals(AssertEquals.java:150)
	at app//org.junit.jupiter.api.Assertions.assertEquals(Assertions.java:560)
	at app//de.uka.ilkd.key.proof.runallproofs.proofcollection.ForkedTestFileRunner.processTestFiles(ForkedTestFileRunner.java:130)
	at app//de.uka.ilkd.key.proof.runallproofs.RunAllProofsTestUnit.runTest(RunAllProofsTestUnit.java:89)
	at app//de.uka.ilkd.key.proof.runallproofs.RunAllProofsTest.lambda$data$0(RunAllProofsTest.java:77)
	at app//org.junit.jupiter.engine.descriptor.DynamicTestTestDescriptor.lambda$execute$0(DynamicTestTestDescriptor.java:53)
	at app//org.junit.jupiter.engine.execution.InvocationInterceptorChain$ValidatingInvocation.proceed(InvocationInterceptorChain.java:131)
	at app//org.junit.jupiter.api.extension.InvocationInterceptor.interceptDynamicTest(InvocationInterceptor.java:167)
	at app//org.junit.jupiter.api.extension.InvocationInterceptor.interceptDynamicTest(InvocationInterceptor.java:184)
	at app//org.junit.jupiter.engine.descriptor.DynamicTestTestDescriptor.lambda$execute$1(DynamicTestTestDescriptor.java:61)
	at app//org.junit.jupiter.engine.execution.InvocationInterceptorChain$InterceptorCall.lambda$ofVoid$0(InvocationInterceptorChain.java:78)
	at app//org.junit.jupiter.engine.execution.InvocationInterceptorChain$InterceptedInvocation.proceed(InvocationInterceptorChain.java:106)
	at app//org.junit.jupiter.engine.execution.InvocationInterceptorChain.proceed(InvocationInterceptorChain.java:64)
	at app//org.junit.jupiter.engine.execution.InvocationInterceptorChain.chainAndInvoke(InvocationInterceptorChain.java:45)
	at app//org.junit.jupiter.engine.execution.InvocationInterceptorChain.invoke(InvocationInterceptorChain.java:37)
	at app//org.junit.jupiter.engine.descriptor.DynamicTestTestDescriptor.execute(DynamicTestTestDescriptor.java:60)
	at app//org.junit.jupiter.engine.descriptor.DynamicTestTestDescriptor.execute(DynamicTestTestDescriptor.java:32)
	at app//org.junit.platform.engine.support.hierarchical.NodeTestTask.lambda$executeRecursively$6(NodeTestTask.java:151)
	at app//org.junit.platform.engine.support.hierarchical.ThrowableCollector.execute(ThrowableCollector.java:73)
	at app//org.junit.platform.engine.support.hierarchical.NodeTestTask.lambda$executeRecursively$8(NodeTestTask.java:141)
	at app//org.junit.platform.engine.support.hierarchical.Node.around(Node.java:137)
	at app//org.junit.platform.engine.support.hierarchical.NodeTestTask.lambda$executeRecursively$9(NodeTestTask.java:139)
	at app//org.junit.platform.engine.support.hierarchical.ThrowableCollector.execute(ThrowableCollector.java:73)
	at app//org.junit.platform.engine.support.hierarchical.NodeTestTask.executeRecursively(NodeTestTask.java:138)
	at app//org.junit.platform.engine.support.hierarchical.NodeTestTask.execute(NodeTestTask.java:95)
	at app//org.junit.platform.engine.support.hierarchical.SameThreadHierarchicalTestExecutorService.submit(SameThreadHierarchicalTestExecutorService.java:35)
	at app//org.junit.platform.engine.support.hierarchical.NodeTestTask$DefaultDynamicTestExecutor.execute(NodeTestTask.java:226)
	at app//org.junit.platform.engine.support.hierarchical.NodeTestTask$DefaultDynamicTestExecutor.execute(NodeTestTask.java:204)
	at java.base@11.0.18/java.util.Optional.ifPresent(Optional.java:183)
	at app//org.junit.jupiter.engine.descriptor.TestFactoryTestDescriptor.lambda$invokeTestMethod$1(TestFactoryTestDescriptor.java:108)
	at app//org.junit.platform.engine.support.hierarchical.ThrowableCollector.execute(ThrowableCollector.java:73)
	at app//org.junit.jupiter.engine.descriptor.TestFactoryTestDescriptor.invokeTestMethod(TestFactoryTestDescriptor.java:95)
	at app//org.junit.jupiter.engine.descriptor.TestMethodTestDescriptor.execute(TestMethodTestDescriptor.java:138)
	at app//org.junit.jupiter.engine.descriptor.TestMethodTestDescriptor.execute(TestMethodTestDescriptor.java:68)
	at app//org.junit.platform.engine.support.hierarchical.NodeTestTask.lambda$executeRecursively$6(NodeTestTask.java:151)
	at app//org.junit.platform.engine.support.hierarchical.ThrowableCollector.execute(ThrowableCollector.java:73)
	at app//org.junit.platform.engine.support.hierarchical.NodeTestTask.lambda$executeRecursively$8(NodeTestTask.java:141)
	at app//org.junit.platform.engine.support.hierarchical.Node.around(Node.java:137)
	at app//org.junit.platform.engine.support.hierarchical.NodeTestTask.lambda$executeRecursively$9(NodeTestTask.java:139)
	at app//org.junit.platform.engine.support.hierarchical.ThrowableCollector.execute(ThrowableCollector.java:73)
	at app//org.junit.platform.engine.support.hierarchical.NodeTestTask.executeRecursively(NodeTestTask.java:138)
	at app//org.junit.platform.engine.support.hierarchical.NodeTestTask.execute(NodeTestTask.java:95)
	at java.base@11.0.18/java.util.ArrayList.forEach(ArrayList.java:1541)
	at app//org.junit.platform.engine.support.hierarchical.SameThreadHierarchicalTestExecutorService.invokeAll(SameThreadHierarchicalTestExecutorService.java:41)
	at app//org.junit.platform.engine.support.hierarchical.NodeTestTask.lambda$executeRecursively$6(NodeTestTask.java:155)
	at app//org.junit.platform.engine.support.hierarchical.ThrowableCollector.execute(ThrowableCollector.java:73)
	at app//org.junit.platform.engine.support.hierarchical.NodeTestTask.lambda$executeRecursively$8(NodeTestTask.java:141)
	at app//org.junit.platform.engine.support.hierarchical.Node.around(Node.java:137)
	at app//org.junit.platform.engine.support.hierarchical.NodeTestTask.lambda$executeRecursively$9(NodeTestTask.java:139)
	at app//org.junit.platform.engine.support.hierarchical.ThrowableCollector.execute(ThrowableCollector.java:73)
	at app//org.junit.platform.engine.support.hierarchical.NodeTestTask.executeRecursively(NodeTestTask.java:138)
	at app//org.junit.platform.engine.support.hierarchical.NodeTestTask.execute(NodeTestTask.java:95)
	at java.base@11.0.18/java.util.ArrayList.forEach(ArrayList.java:1541)
	at app//org.junit.platform.engine.support.hierarchical.SameThreadHierarchicalTestExecutorService.invokeAll(SameThreadHierarchicalTestExecutorService.java:41)
	at app//org.junit.platform.engine.support.hierarchical.NodeTestTask.lambda$executeRecursively$6(NodeTestTask.java:155)
	at app//org.junit.platform.engine.support.hierarchical.ThrowableCollector.execute(ThrowableCollector.java:73)
	at app//org.junit.platform.engine.support.hierarchical.NodeTestTask.lambda$executeRecursively$8(NodeTestTask.java:141)
	at app//org.junit.platform.engine.support.hierarchical.Node.around(Node.java:137)
	at app//org.junit.platform.engine.support.hierarchical.NodeTestTask.lambda$executeRecursively$9(NodeTestTask.java:139)
	at app//org.junit.platform.engine.support.hierarchical.ThrowableCollector.execute(ThrowableCollector.java:73)
	at app//org.junit.platform.engine.support.hierarchical.NodeTestTask.executeRecursively(NodeTestTask.java:138)
	at app//org.junit.platform.engine.support.hierarchical.NodeTestTask.execute(NodeTestTask.java:95)
	at app//org.junit.platform.engine.support.hierarchical.SameThreadHierarchicalTestExecutorService.submit(SameThreadHierarchicalTestExecutorService.java:35)
	at app//org.junit.platform.engine.support.hierarchical.HierarchicalTestExecutor.execute(HierarchicalTestExecutor.java:57)
	at app//org.junit.platform.engine.support.hierarchical.HierarchicalTestEngine.execute(HierarchicalTestEngine.java:54)
	at app//org.junit.platform.launcher.core.EngineExecutionOrchestrator.execute(EngineExecutionOrchestrator.java:107)
	at app//org.junit.platform.launcher.core.EngineExecutionOrchestrator.execute(EngineExecutionOrchestrator.java:88)
	at app//org.junit.platform.launcher.core.EngineExecutionOrchestrator.lambda$execute$0(EngineExecutionOrchestrator.java:54)
	at app//org.junit.platform.launcher.core.EngineExecutionOrchestrator.withInterceptedStreams(EngineExecutionOrchestrator.java:67)
	at app//org.junit.platform.launcher.core.EngineExecutionOrchestrator.execute(EngineExecutionOrchestrator.java:52)
	at app//org.junit.platform.launcher.core.DefaultLauncher.execute(DefaultLauncher.java:114)
	at app//org.junit.platform.launcher.core.DefaultLauncher.execute(DefaultLauncher.java:86)
	at app//org.junit.platform.launcher.core.DefaultLauncherSession$DelegatingLauncher.execute(DefaultLauncherSession.java:86)
	at org.gradle.api.internal.tasks.testing.junitplatform.JUnitPlatformTestClassProcessor$CollectAllTestClassesExecutor.processAllTestClasses(JUnitPlatformTestClassProcessor.java:110)
	at org.gradle.api.internal.tasks.testing.junitplatform.JUnitPlatformTestClassProcessor$CollectAllTestClassesExecutor.access$000(JUnitPlatformTestClassProcessor.java:90)
	at org.gradle.api.internal.tasks.testing.junitplatform.JUnitPlatformTestClassProcessor.stop(JUnitPlatformTestClassProcessor.java:85)
	at org.gradle.api.internal.tasks.testing.SuiteTestClassProcessor.stop(SuiteTestClassProcessor.java:62)
	at java.base@11.0.18/jdk.internal.reflect.NativeMethodAccessorImpl.invoke0(Native Method)
	at java.base@11.0.18/jdk.internal.reflect.NativeMethodAccessorImpl.invoke(NativeMethodAccessorImpl.java:62)
	at java.base@11.0.18/jdk.internal.reflect.DelegatingMethodAccessorImpl.invoke(DelegatingMethodAccessorImpl.java:43)
	at java.base@11.0.18/java.lang.reflect.Method.invoke(Method.java:566)
	at org.gradle.internal.dispatch.ReflectionDispatch.dispatch(ReflectionDispatch.java:36)
	at org.gradle.internal.dispatch.ReflectionDispatch.dispatch(ReflectionDispatch.java:24)
	at org.gradle.internal.dispatch.ContextClassLoaderDispatch.dispatch(ContextClassLoaderDispatch.java:33)
	at org.gradle.internal.dispatch.ProxyDispatchAdapter$DispatchingInvocationHandler.invoke(ProxyDispatchAdapter.java:94)
	at com.sun.proxy.$Proxy2.stop(Unknown Source)
	at org.gradle.api.internal.tasks.testing.worker.TestWorker$3.run(TestWorker.java:193)
	at org.gradle.api.internal.tasks.testing.worker.TestWorker.executeAndMaintainThreadName(TestWorker.java:129)
	at org.gradle.api.internal.tasks.testing.worker.TestWorker.execute(TestWorker.java:100)
	at org.gradle.api.internal.tasks.testing.worker.TestWorker.execute(TestWorker.java:60)
	at org.gradle.process.internal.worker.child.ActionExecutionWorker.execute(ActionExecutionWorker.java:56)
	at org.gradle.process.internal.worker.child.SystemApplicationClassLoaderWorker.call(SystemApplicationClassLoaderWorker.java:113)
	at org.gradle.process.internal.worker.child.SystemApplicationClassLoaderWorker.call(SystemApplicationClassLoaderWorker.java:65)
	at app//worker.org.gradle.process.internal.worker.GradleWorkerMain.run(GradleWorkerMain.java:69)
	at app//worker.org.gradle.process.internal.worker.GradleWorkerMain.main(GradleWorkerMain.java:74)
</failure>
  </testcase>
  <testcase name="SmansEtAl" classname="de.uka.ilkd.key.proof.runallproofs.RunAllProofsFunctional" time="1.306">
    <failure message="org.opentest4j.AssertionFailedError: Executed process terminated with non-zero exit value. ==&gt; expected: &lt;0&gt; but was: &lt;1&gt;" type="org.opentest4j.AssertionFailedError">org.opentest4j.AssertionFailedError: Executed process terminated with non-zero exit value. ==&gt; expected: &lt;0&gt; but was: &lt;1&gt;
	at app//org.junit.jupiter.api.AssertionFailureBuilder.build(AssertionFailureBuilder.java:151)
	at app//org.junit.jupiter.api.AssertionFailureBuilder.buildAndThrow(AssertionFailureBuilder.java:132)
	at app//org.junit.jupiter.api.AssertEquals.failNotEqual(AssertEquals.java:197)
	at app//org.junit.jupiter.api.AssertEquals.assertEquals(AssertEquals.java:150)
	at app//org.junit.jupiter.api.Assertions.assertEquals(Assertions.java:560)
	at app//de.uka.ilkd.key.proof.runallproofs.proofcollection.ForkedTestFileRunner.processTestFiles(ForkedTestFileRunner.java:130)
	at app//de.uka.ilkd.key.proof.runallproofs.RunAllProofsTestUnit.runTest(RunAllProofsTestUnit.java:89)
	at app//de.uka.ilkd.key.proof.runallproofs.RunAllProofsTest.lambda$data$0(RunAllProofsTest.java:77)
	at app//org.junit.jupiter.engine.descriptor.DynamicTestTestDescriptor.lambda$execute$0(DynamicTestTestDescriptor.java:53)
	at app//org.junit.jupiter.engine.execution.InvocationInterceptorChain$ValidatingInvocation.proceed(InvocationInterceptorChain.java:131)
	at app//org.junit.jupiter.api.extension.InvocationInterceptor.interceptDynamicTest(InvocationInterceptor.java:167)
	at app//org.junit.jupiter.api.extension.InvocationInterceptor.interceptDynamicTest(InvocationInterceptor.java:184)
	at app//org.junit.jupiter.engine.descriptor.DynamicTestTestDescriptor.lambda$execute$1(DynamicTestTestDescriptor.java:61)
	at app//org.junit.jupiter.engine.execution.InvocationInterceptorChain$InterceptorCall.lambda$ofVoid$0(InvocationInterceptorChain.java:78)
	at app//org.junit.jupiter.engine.execution.InvocationInterceptorChain$InterceptedInvocation.proceed(InvocationInterceptorChain.java:106)
	at app//org.junit.jupiter.engine.execution.InvocationInterceptorChain.proceed(InvocationInterceptorChain.java:64)
	at app//org.junit.jupiter.engine.execution.InvocationInterceptorChain.chainAndInvoke(InvocationInterceptorChain.java:45)
	at app//org.junit.jupiter.engine.execution.InvocationInterceptorChain.invoke(InvocationInterceptorChain.java:37)
	at app//org.junit.jupiter.engine.descriptor.DynamicTestTestDescriptor.execute(DynamicTestTestDescriptor.java:60)
	at app//org.junit.jupiter.engine.descriptor.DynamicTestTestDescriptor.execute(DynamicTestTestDescriptor.java:32)
	at app//org.junit.platform.engine.support.hierarchical.NodeTestTask.lambda$executeRecursively$6(NodeTestTask.java:151)
	at app//org.junit.platform.engine.support.hierarchical.ThrowableCollector.execute(ThrowableCollector.java:73)
	at app//org.junit.platform.engine.support.hierarchical.NodeTestTask.lambda$executeRecursively$8(NodeTestTask.java:141)
	at app//org.junit.platform.engine.support.hierarchical.Node.around(Node.java:137)
	at app//org.junit.platform.engine.support.hierarchical.NodeTestTask.lambda$executeRecursively$9(NodeTestTask.java:139)
	at app//org.junit.platform.engine.support.hierarchical.ThrowableCollector.execute(ThrowableCollector.java:73)
	at app//org.junit.platform.engine.support.hierarchical.NodeTestTask.executeRecursively(NodeTestTask.java:138)
	at app//org.junit.platform.engine.support.hierarchical.NodeTestTask.execute(NodeTestTask.java:95)
	at app//org.junit.platform.engine.support.hierarchical.SameThreadHierarchicalTestExecutorService.submit(SameThreadHierarchicalTestExecutorService.java:35)
	at app//org.junit.platform.engine.support.hierarchical.NodeTestTask$DefaultDynamicTestExecutor.execute(NodeTestTask.java:226)
	at app//org.junit.platform.engine.support.hierarchical.NodeTestTask$DefaultDynamicTestExecutor.execute(NodeTestTask.java:204)
	at java.base@11.0.18/java.util.Optional.ifPresent(Optional.java:183)
	at app//org.junit.jupiter.engine.descriptor.TestFactoryTestDescriptor.lambda$invokeTestMethod$1(TestFactoryTestDescriptor.java:108)
	at app//org.junit.platform.engine.support.hierarchical.ThrowableCollector.execute(ThrowableCollector.java:73)
	at app//org.junit.jupiter.engine.descriptor.TestFactoryTestDescriptor.invokeTestMethod(TestFactoryTestDescriptor.java:95)
	at app//org.junit.jupiter.engine.descriptor.TestMethodTestDescriptor.execute(TestMethodTestDescriptor.java:138)
	at app//org.junit.jupiter.engine.descriptor.TestMethodTestDescriptor.execute(TestMethodTestDescriptor.java:68)
	at app//org.junit.platform.engine.support.hierarchical.NodeTestTask.lambda$executeRecursively$6(NodeTestTask.java:151)
	at app//org.junit.platform.engine.support.hierarchical.ThrowableCollector.execute(ThrowableCollector.java:73)
	at app//org.junit.platform.engine.support.hierarchical.NodeTestTask.lambda$executeRecursively$8(NodeTestTask.java:141)
	at app//org.junit.platform.engine.support.hierarchical.Node.around(Node.java:137)
	at app//org.junit.platform.engine.support.hierarchical.NodeTestTask.lambda$executeRecursively$9(NodeTestTask.java:139)
	at app//org.junit.platform.engine.support.hierarchical.ThrowableCollector.execute(ThrowableCollector.java:73)
	at app//org.junit.platform.engine.support.hierarchical.NodeTestTask.executeRecursively(NodeTestTask.java:138)
	at app//org.junit.platform.engine.support.hierarchical.NodeTestTask.execute(NodeTestTask.java:95)
	at java.base@11.0.18/java.util.ArrayList.forEach(ArrayList.java:1541)
	at app//org.junit.platform.engine.support.hierarchical.SameThreadHierarchicalTestExecutorService.invokeAll(SameThreadHierarchicalTestExecutorService.java:41)
	at app//org.junit.platform.engine.support.hierarchical.NodeTestTask.lambda$executeRecursively$6(NodeTestTask.java:155)
	at app//org.junit.platform.engine.support.hierarchical.ThrowableCollector.execute(ThrowableCollector.java:73)
	at app//org.junit.platform.engine.support.hierarchical.NodeTestTask.lambda$executeRecursively$8(NodeTestTask.java:141)
	at app//org.junit.platform.engine.support.hierarchical.Node.around(Node.java:137)
	at app//org.junit.platform.engine.support.hierarchical.NodeTestTask.lambda$executeRecursively$9(NodeTestTask.java:139)
	at app//org.junit.platform.engine.support.hierarchical.ThrowableCollector.execute(ThrowableCollector.java:73)
	at app//org.junit.platform.engine.support.hierarchical.NodeTestTask.executeRecursively(NodeTestTask.java:138)
	at app//org.junit.platform.engine.support.hierarchical.NodeTestTask.execute(NodeTestTask.java:95)
	at java.base@11.0.18/java.util.ArrayList.forEach(ArrayList.java:1541)
	at app//org.junit.platform.engine.support.hierarchical.SameThreadHierarchicalTestExecutorService.invokeAll(SameThreadHierarchicalTestExecutorService.java:41)
	at app//org.junit.platform.engine.support.hierarchical.NodeTestTask.lambda$executeRecursively$6(NodeTestTask.java:155)
	at app//org.junit.platform.engine.support.hierarchical.ThrowableCollector.execute(ThrowableCollector.java:73)
	at app//org.junit.platform.engine.support.hierarchical.NodeTestTask.lambda$executeRecursively$8(NodeTestTask.java:141)
	at app//org.junit.platform.engine.support.hierarchical.Node.around(Node.java:137)
	at app//org.junit.platform.engine.support.hierarchical.NodeTestTask.lambda$executeRecursively$9(NodeTestTask.java:139)
	at app//org.junit.platform.engine.support.hierarchical.ThrowableCollector.execute(ThrowableCollector.java:73)
	at app//org.junit.platform.engine.support.hierarchical.NodeTestTask.executeRecursively(NodeTestTask.java:138)
	at app//org.junit.platform.engine.support.hierarchical.NodeTestTask.execute(NodeTestTask.java:95)
	at app//org.junit.platform.engine.support.hierarchical.SameThreadHierarchicalTestExecutorService.submit(SameThreadHierarchicalTestExecutorService.java:35)
	at app//org.junit.platform.engine.support.hierarchical.HierarchicalTestExecutor.execute(HierarchicalTestExecutor.java:57)
	at app//org.junit.platform.engine.support.hierarchical.HierarchicalTestEngine.execute(HierarchicalTestEngine.java:54)
	at app//org.junit.platform.launcher.core.EngineExecutionOrchestrator.execute(EngineExecutionOrchestrator.java:107)
	at app//org.junit.platform.launcher.core.EngineExecutionOrchestrator.execute(EngineExecutionOrchestrator.java:88)
	at app//org.junit.platform.launcher.core.EngineExecutionOrchestrator.lambda$execute$0(EngineExecutionOrchestrator.java:54)
	at app//org.junit.platform.launcher.core.EngineExecutionOrchestrator.withInterceptedStreams(EngineExecutionOrchestrator.java:67)
	at app//org.junit.platform.launcher.core.EngineExecutionOrchestrator.execute(EngineExecutionOrchestrator.java:52)
	at app//org.junit.platform.launcher.core.DefaultLauncher.execute(DefaultLauncher.java:114)
	at app//org.junit.platform.launcher.core.DefaultLauncher.execute(DefaultLauncher.java:86)
	at app//org.junit.platform.launcher.core.DefaultLauncherSession$DelegatingLauncher.execute(DefaultLauncherSession.java:86)
	at org.gradle.api.internal.tasks.testing.junitplatform.JUnitPlatformTestClassProcessor$CollectAllTestClassesExecutor.processAllTestClasses(JUnitPlatformTestClassProcessor.java:110)
	at org.gradle.api.internal.tasks.testing.junitplatform.JUnitPlatformTestClassProcessor$CollectAllTestClassesExecutor.access$000(JUnitPlatformTestClassProcessor.java:90)
	at org.gradle.api.internal.tasks.testing.junitplatform.JUnitPlatformTestClassProcessor.stop(JUnitPlatformTestClassProcessor.java:85)
	at org.gradle.api.internal.tasks.testing.SuiteTestClassProcessor.stop(SuiteTestClassProcessor.java:62)
	at java.base@11.0.18/jdk.internal.reflect.NativeMethodAccessorImpl.invoke0(Native Method)
	at java.base@11.0.18/jdk.internal.reflect.NativeMethodAccessorImpl.invoke(NativeMethodAccessorImpl.java:62)
	at java.base@11.0.18/jdk.internal.reflect.DelegatingMethodAccessorImpl.invoke(DelegatingMethodAccessorImpl.java:43)
	at java.base@11.0.18/java.lang.reflect.Method.invoke(Method.java:566)
	at org.gradle.internal.dispatch.ReflectionDispatch.dispatch(ReflectionDispatch.java:36)
	at org.gradle.internal.dispatch.ReflectionDispatch.dispatch(ReflectionDispatch.java:24)
	at org.gradle.internal.dispatch.ContextClassLoaderDispatch.dispatch(ContextClassLoaderDispatch.java:33)
	at org.gradle.internal.dispatch.ProxyDispatchAdapter$DispatchingInvocationHandler.invoke(ProxyDispatchAdapter.java:94)
	at com.sun.proxy.$Proxy2.stop(Unknown Source)
	at org.gradle.api.internal.tasks.testing.worker.TestWorker$3.run(TestWorker.java:193)
	at org.gradle.api.internal.tasks.testing.worker.TestWorker.executeAndMaintainThreadName(TestWorker.java:129)
	at org.gradle.api.internal.tasks.testing.worker.TestWorker.execute(TestWorker.java:100)
	at org.gradle.api.internal.tasks.testing.worker.TestWorker.execute(TestWorker.java:60)
	at org.gradle.process.internal.worker.child.ActionExecutionWorker.execute(ActionExecutionWorker.java:56)
	at org.gradle.process.internal.worker.child.SystemApplicationClassLoaderWorker.call(SystemApplicationClassLoaderWorker.java:113)
	at org.gradle.process.internal.worker.child.SystemApplicationClassLoaderWorker.call(SystemApplicationClassLoaderWorker.java:65)
	at app//worker.org.gradle.process.internal.worker.GradleWorkerMain.run(GradleWorkerMain.java:69)
	at app//worker.org.gradle.process.internal.worker.GradleWorkerMain.main(GradleWorkerMain.java:74)
</failure>
  </testcase>
  <testcase name="VACID0" classname="de.uka.ilkd.key.proof.runallproofs.RunAllProofsFunctional" time="1.005">
    <failure message="org.opentest4j.AssertionFailedError: Executed process terminated with non-zero exit value. ==&gt; expected: &lt;0&gt; but was: &lt;1&gt;" type="org.opentest4j.AssertionFailedError">org.opentest4j.AssertionFailedError: Executed process terminated with non-zero exit value. ==&gt; expected: &lt;0&gt; but was: &lt;1&gt;
	at app//org.junit.jupiter.api.AssertionFailureBuilder.build(AssertionFailureBuilder.java:151)
	at app//org.junit.jupiter.api.AssertionFailureBuilder.buildAndThrow(AssertionFailureBuilder.java:132)
	at app//org.junit.jupiter.api.AssertEquals.failNotEqual(AssertEquals.java:197)
	at app//org.junit.jupiter.api.AssertEquals.assertEquals(AssertEquals.java:150)
	at app//org.junit.jupiter.api.Assertions.assertEquals(Assertions.java:560)
	at app//de.uka.ilkd.key.proof.runallproofs.proofcollection.ForkedTestFileRunner.processTestFiles(ForkedTestFileRunner.java:130)
	at app//de.uka.ilkd.key.proof.runallproofs.RunAllProofsTestUnit.runTest(RunAllProofsTestUnit.java:89)
	at app//de.uka.ilkd.key.proof.runallproofs.RunAllProofsTest.lambda$data$0(RunAllProofsTest.java:77)
	at app//org.junit.jupiter.engine.descriptor.DynamicTestTestDescriptor.lambda$execute$0(DynamicTestTestDescriptor.java:53)
	at app//org.junit.jupiter.engine.execution.InvocationInterceptorChain$ValidatingInvocation.proceed(InvocationInterceptorChain.java:131)
	at app//org.junit.jupiter.api.extension.InvocationInterceptor.interceptDynamicTest(InvocationInterceptor.java:167)
	at app//org.junit.jupiter.api.extension.InvocationInterceptor.interceptDynamicTest(InvocationInterceptor.java:184)
	at app//org.junit.jupiter.engine.descriptor.DynamicTestTestDescriptor.lambda$execute$1(DynamicTestTestDescriptor.java:61)
	at app//org.junit.jupiter.engine.execution.InvocationInterceptorChain$InterceptorCall.lambda$ofVoid$0(InvocationInterceptorChain.java:78)
	at app//org.junit.jupiter.engine.execution.InvocationInterceptorChain$InterceptedInvocation.proceed(InvocationInterceptorChain.java:106)
	at app//org.junit.jupiter.engine.execution.InvocationInterceptorChain.proceed(InvocationInterceptorChain.java:64)
	at app//org.junit.jupiter.engine.execution.InvocationInterceptorChain.chainAndInvoke(InvocationInterceptorChain.java:45)
	at app//org.junit.jupiter.engine.execution.InvocationInterceptorChain.invoke(InvocationInterceptorChain.java:37)
	at app//org.junit.jupiter.engine.descriptor.DynamicTestTestDescriptor.execute(DynamicTestTestDescriptor.java:60)
	at app//org.junit.jupiter.engine.descriptor.DynamicTestTestDescriptor.execute(DynamicTestTestDescriptor.java:32)
	at app//org.junit.platform.engine.support.hierarchical.NodeTestTask.lambda$executeRecursively$6(NodeTestTask.java:151)
	at app//org.junit.platform.engine.support.hierarchical.ThrowableCollector.execute(ThrowableCollector.java:73)
	at app//org.junit.platform.engine.support.hierarchical.NodeTestTask.lambda$executeRecursively$8(NodeTestTask.java:141)
	at app//org.junit.platform.engine.support.hierarchical.Node.around(Node.java:137)
	at app//org.junit.platform.engine.support.hierarchical.NodeTestTask.lambda$executeRecursively$9(NodeTestTask.java:139)
	at app//org.junit.platform.engine.support.hierarchical.ThrowableCollector.execute(ThrowableCollector.java:73)
	at app//org.junit.platform.engine.support.hierarchical.NodeTestTask.executeRecursively(NodeTestTask.java:138)
	at app//org.junit.platform.engine.support.hierarchical.NodeTestTask.execute(NodeTestTask.java:95)
	at app//org.junit.platform.engine.support.hierarchical.SameThreadHierarchicalTestExecutorService.submit(SameThreadHierarchicalTestExecutorService.java:35)
	at app//org.junit.platform.engine.support.hierarchical.NodeTestTask$DefaultDynamicTestExecutor.execute(NodeTestTask.java:226)
	at app//org.junit.platform.engine.support.hierarchical.NodeTestTask$DefaultDynamicTestExecutor.execute(NodeTestTask.java:204)
	at java.base@11.0.18/java.util.Optional.ifPresent(Optional.java:183)
	at app//org.junit.jupiter.engine.descriptor.TestFactoryTestDescriptor.lambda$invokeTestMethod$1(TestFactoryTestDescriptor.java:108)
	at app//org.junit.platform.engine.support.hierarchical.ThrowableCollector.execute(ThrowableCollector.java:73)
	at app//org.junit.jupiter.engine.descriptor.TestFactoryTestDescriptor.invokeTestMethod(TestFactoryTestDescriptor.java:95)
	at app//org.junit.jupiter.engine.descriptor.TestMethodTestDescriptor.execute(TestMethodTestDescriptor.java:138)
	at app//org.junit.jupiter.engine.descriptor.TestMethodTestDescriptor.execute(TestMethodTestDescriptor.java:68)
	at app//org.junit.platform.engine.support.hierarchical.NodeTestTask.lambda$executeRecursively$6(NodeTestTask.java:151)
	at app//org.junit.platform.engine.support.hierarchical.ThrowableCollector.execute(ThrowableCollector.java:73)
	at app//org.junit.platform.engine.support.hierarchical.NodeTestTask.lambda$executeRecursively$8(NodeTestTask.java:141)
	at app//org.junit.platform.engine.support.hierarchical.Node.around(Node.java:137)
	at app//org.junit.platform.engine.support.hierarchical.NodeTestTask.lambda$executeRecursively$9(NodeTestTask.java:139)
	at app//org.junit.platform.engine.support.hierarchical.ThrowableCollector.execute(ThrowableCollector.java:73)
	at app//org.junit.platform.engine.support.hierarchical.NodeTestTask.executeRecursively(NodeTestTask.java:138)
	at app//org.junit.platform.engine.support.hierarchical.NodeTestTask.execute(NodeTestTask.java:95)
	at java.base@11.0.18/java.util.ArrayList.forEach(ArrayList.java:1541)
	at app//org.junit.platform.engine.support.hierarchical.SameThreadHierarchicalTestExecutorService.invokeAll(SameThreadHierarchicalTestExecutorService.java:41)
	at app//org.junit.platform.engine.support.hierarchical.NodeTestTask.lambda$executeRecursively$6(NodeTestTask.java:155)
	at app//org.junit.platform.engine.support.hierarchical.ThrowableCollector.execute(ThrowableCollector.java:73)
	at app//org.junit.platform.engine.support.hierarchical.NodeTestTask.lambda$executeRecursively$8(NodeTestTask.java:141)
	at app//org.junit.platform.engine.support.hierarchical.Node.around(Node.java:137)
	at app//org.junit.platform.engine.support.hierarchical.NodeTestTask.lambda$executeRecursively$9(NodeTestTask.java:139)
	at app//org.junit.platform.engine.support.hierarchical.ThrowableCollector.execute(ThrowableCollector.java:73)
	at app//org.junit.platform.engine.support.hierarchical.NodeTestTask.executeRecursively(NodeTestTask.java:138)
	at app//org.junit.platform.engine.support.hierarchical.NodeTestTask.execute(NodeTestTask.java:95)
	at java.base@11.0.18/java.util.ArrayList.forEach(ArrayList.java:1541)
	at app//org.junit.platform.engine.support.hierarchical.SameThreadHierarchicalTestExecutorService.invokeAll(SameThreadHierarchicalTestExecutorService.java:41)
	at app//org.junit.platform.engine.support.hierarchical.NodeTestTask.lambda$executeRecursively$6(NodeTestTask.java:155)
	at app//org.junit.platform.engine.support.hierarchical.ThrowableCollector.execute(ThrowableCollector.java:73)
	at app//org.junit.platform.engine.support.hierarchical.NodeTestTask.lambda$executeRecursively$8(NodeTestTask.java:141)
	at app//org.junit.platform.engine.support.hierarchical.Node.around(Node.java:137)
	at app//org.junit.platform.engine.support.hierarchical.NodeTestTask.lambda$executeRecursively$9(NodeTestTask.java:139)
	at app//org.junit.platform.engine.support.hierarchical.ThrowableCollector.execute(ThrowableCollector.java:73)
	at app//org.junit.platform.engine.support.hierarchical.NodeTestTask.executeRecursively(NodeTestTask.java:138)
	at app//org.junit.platform.engine.support.hierarchical.NodeTestTask.execute(NodeTestTask.java:95)
	at app//org.junit.platform.engine.support.hierarchical.SameThreadHierarchicalTestExecutorService.submit(SameThreadHierarchicalTestExecutorService.java:35)
	at app//org.junit.platform.engine.support.hierarchical.HierarchicalTestExecutor.execute(HierarchicalTestExecutor.java:57)
	at app//org.junit.platform.engine.support.hierarchical.HierarchicalTestEngine.execute(HierarchicalTestEngine.java:54)
	at app//org.junit.platform.launcher.core.EngineExecutionOrchestrator.execute(EngineExecutionOrchestrator.java:107)
	at app//org.junit.platform.launcher.core.EngineExecutionOrchestrator.execute(EngineExecutionOrchestrator.java:88)
	at app//org.junit.platform.launcher.core.EngineExecutionOrchestrator.lambda$execute$0(EngineExecutionOrchestrator.java:54)
	at app//org.junit.platform.launcher.core.EngineExecutionOrchestrator.withInterceptedStreams(EngineExecutionOrchestrator.java:67)
	at app//org.junit.platform.launcher.core.EngineExecutionOrchestrator.execute(EngineExecutionOrchestrator.java:52)
	at app//org.junit.platform.launcher.core.DefaultLauncher.execute(DefaultLauncher.java:114)
	at app//org.junit.platform.launcher.core.DefaultLauncher.execute(DefaultLauncher.java:86)
	at app//org.junit.platform.launcher.core.DefaultLauncherSession$DelegatingLauncher.execute(DefaultLauncherSession.java:86)
	at org.gradle.api.internal.tasks.testing.junitplatform.JUnitPlatformTestClassProcessor$CollectAllTestClassesExecutor.processAllTestClasses(JUnitPlatformTestClassProcessor.java:110)
	at org.gradle.api.internal.tasks.testing.junitplatform.JUnitPlatformTestClassProcessor$CollectAllTestClassesExecutor.access$000(JUnitPlatformTestClassProcessor.java:90)
	at org.gradle.api.internal.tasks.testing.junitplatform.JUnitPlatformTestClassProcessor.stop(JUnitPlatformTestClassProcessor.java:85)
	at org.gradle.api.internal.tasks.testing.SuiteTestClassProcessor.stop(SuiteTestClassProcessor.java:62)
	at java.base@11.0.18/jdk.internal.reflect.NativeMethodAccessorImpl.invoke0(Native Method)
	at java.base@11.0.18/jdk.internal.reflect.NativeMethodAccessorImpl.invoke(NativeMethodAccessorImpl.java:62)
	at java.base@11.0.18/jdk.internal.reflect.DelegatingMethodAccessorImpl.invoke(DelegatingMethodAccessorImpl.java:43)
	at java.base@11.0.18/java.lang.reflect.Method.invoke(Method.java:566)
	at org.gradle.internal.dispatch.ReflectionDispatch.dispatch(ReflectionDispatch.java:36)
	at org.gradle.internal.dispatch.ReflectionDispatch.dispatch(ReflectionDispatch.java:24)
	at org.gradle.internal.dispatch.ContextClassLoaderDispatch.dispatch(ContextClassLoaderDispatch.java:33)
	at org.gradle.internal.dispatch.ProxyDispatchAdapter$DispatchingInvocationHandler.invoke(ProxyDispatchAdapter.java:94)
	at com.sun.proxy.$Proxy2.stop(Unknown Source)
	at org.gradle.api.internal.tasks.testing.worker.TestWorker$3.run(TestWorker.java:193)
	at org.gradle.api.internal.tasks.testing.worker.TestWorker.executeAndMaintainThreadName(TestWorker.java:129)
	at org.gradle.api.internal.tasks.testing.worker.TestWorker.execute(TestWorker.java:100)
	at org.gradle.api.internal.tasks.testing.worker.TestWorker.execute(TestWorker.java:60)
	at org.gradle.process.internal.worker.child.ActionExecutionWorker.execute(ActionExecutionWorker.java:56)
	at org.gradle.process.internal.worker.child.SystemApplicationClassLoaderWorker.call(SystemApplicationClassLoaderWorker.java:113)
	at org.gradle.process.internal.worker.child.SystemApplicationClassLoaderWorker.call(SystemApplicationClassLoaderWorker.java:65)
	at app//worker.org.gradle.process.internal.worker.GradleWorkerMain.run(GradleWorkerMain.java:69)
	at app//worker.org.gradle.process.internal.worker.GradleWorkerMain.main(GradleWorkerMain.java:74)
</failure>
  </testcase>
  <testcase name="VSTTE10" classname="de.uka.ilkd.key.proof.runallproofs.RunAllProofsFunctional" time="1.161">
    <failure message="org.opentest4j.AssertionFailedError: Executed process terminated with non-zero exit value. ==&gt; expected: &lt;0&gt; but was: &lt;1&gt;" type="org.opentest4j.AssertionFailedError">org.opentest4j.AssertionFailedError: Executed process terminated with non-zero exit value. ==&gt; expected: &lt;0&gt; but was: &lt;1&gt;
	at app//org.junit.jupiter.api.AssertionFailureBuilder.build(AssertionFailureBuilder.java:151)
	at app//org.junit.jupiter.api.AssertionFailureBuilder.buildAndThrow(AssertionFailureBuilder.java:132)
	at app//org.junit.jupiter.api.AssertEquals.failNotEqual(AssertEquals.java:197)
	at app//org.junit.jupiter.api.AssertEquals.assertEquals(AssertEquals.java:150)
	at app//org.junit.jupiter.api.Assertions.assertEquals(Assertions.java:560)
	at app//de.uka.ilkd.key.proof.runallproofs.proofcollection.ForkedTestFileRunner.processTestFiles(ForkedTestFileRunner.java:130)
	at app//de.uka.ilkd.key.proof.runallproofs.RunAllProofsTestUnit.runTest(RunAllProofsTestUnit.java:89)
	at app//de.uka.ilkd.key.proof.runallproofs.RunAllProofsTest.lambda$data$0(RunAllProofsTest.java:77)
	at app//org.junit.jupiter.engine.descriptor.DynamicTestTestDescriptor.lambda$execute$0(DynamicTestTestDescriptor.java:53)
	at app//org.junit.jupiter.engine.execution.InvocationInterceptorChain$ValidatingInvocation.proceed(InvocationInterceptorChain.java:131)
	at app//org.junit.jupiter.api.extension.InvocationInterceptor.interceptDynamicTest(InvocationInterceptor.java:167)
	at app//org.junit.jupiter.api.extension.InvocationInterceptor.interceptDynamicTest(InvocationInterceptor.java:184)
	at app//org.junit.jupiter.engine.descriptor.DynamicTestTestDescriptor.lambda$execute$1(DynamicTestTestDescriptor.java:61)
	at app//org.junit.jupiter.engine.execution.InvocationInterceptorChain$InterceptorCall.lambda$ofVoid$0(InvocationInterceptorChain.java:78)
	at app//org.junit.jupiter.engine.execution.InvocationInterceptorChain$InterceptedInvocation.proceed(InvocationInterceptorChain.java:106)
	at app//org.junit.jupiter.engine.execution.InvocationInterceptorChain.proceed(InvocationInterceptorChain.java:64)
	at app//org.junit.jupiter.engine.execution.InvocationInterceptorChain.chainAndInvoke(InvocationInterceptorChain.java:45)
	at app//org.junit.jupiter.engine.execution.InvocationInterceptorChain.invoke(InvocationInterceptorChain.java:37)
	at app//org.junit.jupiter.engine.descriptor.DynamicTestTestDescriptor.execute(DynamicTestTestDescriptor.java:60)
	at app//org.junit.jupiter.engine.descriptor.DynamicTestTestDescriptor.execute(DynamicTestTestDescriptor.java:32)
	at app//org.junit.platform.engine.support.hierarchical.NodeTestTask.lambda$executeRecursively$6(NodeTestTask.java:151)
	at app//org.junit.platform.engine.support.hierarchical.ThrowableCollector.execute(ThrowableCollector.java:73)
	at app//org.junit.platform.engine.support.hierarchical.NodeTestTask.lambda$executeRecursively$8(NodeTestTask.java:141)
	at app//org.junit.platform.engine.support.hierarchical.Node.around(Node.java:137)
	at app//org.junit.platform.engine.support.hierarchical.NodeTestTask.lambda$executeRecursively$9(NodeTestTask.java:139)
	at app//org.junit.platform.engine.support.hierarchical.ThrowableCollector.execute(ThrowableCollector.java:73)
	at app//org.junit.platform.engine.support.hierarchical.NodeTestTask.executeRecursively(NodeTestTask.java:138)
	at app//org.junit.platform.engine.support.hierarchical.NodeTestTask.execute(NodeTestTask.java:95)
	at app//org.junit.platform.engine.support.hierarchical.SameThreadHierarchicalTestExecutorService.submit(SameThreadHierarchicalTestExecutorService.java:35)
	at app//org.junit.platform.engine.support.hierarchical.NodeTestTask$DefaultDynamicTestExecutor.execute(NodeTestTask.java:226)
	at app//org.junit.platform.engine.support.hierarchical.NodeTestTask$DefaultDynamicTestExecutor.execute(NodeTestTask.java:204)
	at java.base@11.0.18/java.util.Optional.ifPresent(Optional.java:183)
	at app//org.junit.jupiter.engine.descriptor.TestFactoryTestDescriptor.lambda$invokeTestMethod$1(TestFactoryTestDescriptor.java:108)
	at app//org.junit.platform.engine.support.hierarchical.ThrowableCollector.execute(ThrowableCollector.java:73)
	at app//org.junit.jupiter.engine.descriptor.TestFactoryTestDescriptor.invokeTestMethod(TestFactoryTestDescriptor.java:95)
	at app//org.junit.jupiter.engine.descriptor.TestMethodTestDescriptor.execute(TestMethodTestDescriptor.java:138)
	at app//org.junit.jupiter.engine.descriptor.TestMethodTestDescriptor.execute(TestMethodTestDescriptor.java:68)
	at app//org.junit.platform.engine.support.hierarchical.NodeTestTask.lambda$executeRecursively$6(NodeTestTask.java:151)
	at app//org.junit.platform.engine.support.hierarchical.ThrowableCollector.execute(ThrowableCollector.java:73)
	at app//org.junit.platform.engine.support.hierarchical.NodeTestTask.lambda$executeRecursively$8(NodeTestTask.java:141)
	at app//org.junit.platform.engine.support.hierarchical.Node.around(Node.java:137)
	at app//org.junit.platform.engine.support.hierarchical.NodeTestTask.lambda$executeRecursively$9(NodeTestTask.java:139)
	at app//org.junit.platform.engine.support.hierarchical.ThrowableCollector.execute(ThrowableCollector.java:73)
	at app//org.junit.platform.engine.support.hierarchical.NodeTestTask.executeRecursively(NodeTestTask.java:138)
	at app//org.junit.platform.engine.support.hierarchical.NodeTestTask.execute(NodeTestTask.java:95)
	at java.base@11.0.18/java.util.ArrayList.forEach(ArrayList.java:1541)
	at app//org.junit.platform.engine.support.hierarchical.SameThreadHierarchicalTestExecutorService.invokeAll(SameThreadHierarchicalTestExecutorService.java:41)
	at app//org.junit.platform.engine.support.hierarchical.NodeTestTask.lambda$executeRecursively$6(NodeTestTask.java:155)
	at app//org.junit.platform.engine.support.hierarchical.ThrowableCollector.execute(ThrowableCollector.java:73)
	at app//org.junit.platform.engine.support.hierarchical.NodeTestTask.lambda$executeRecursively$8(NodeTestTask.java:141)
	at app//org.junit.platform.engine.support.hierarchical.Node.around(Node.java:137)
	at app//org.junit.platform.engine.support.hierarchical.NodeTestTask.lambda$executeRecursively$9(NodeTestTask.java:139)
	at app//org.junit.platform.engine.support.hierarchical.ThrowableCollector.execute(ThrowableCollector.java:73)
	at app//org.junit.platform.engine.support.hierarchical.NodeTestTask.executeRecursively(NodeTestTask.java:138)
	at app//org.junit.platform.engine.support.hierarchical.NodeTestTask.execute(NodeTestTask.java:95)
	at java.base@11.0.18/java.util.ArrayList.forEach(ArrayList.java:1541)
	at app//org.junit.platform.engine.support.hierarchical.SameThreadHierarchicalTestExecutorService.invokeAll(SameThreadHierarchicalTestExecutorService.java:41)
	at app//org.junit.platform.engine.support.hierarchical.NodeTestTask.lambda$executeRecursively$6(NodeTestTask.java:155)
	at app//org.junit.platform.engine.support.hierarchical.ThrowableCollector.execute(ThrowableCollector.java:73)
	at app//org.junit.platform.engine.support.hierarchical.NodeTestTask.lambda$executeRecursively$8(NodeTestTask.java:141)
	at app//org.junit.platform.engine.support.hierarchical.Node.around(Node.java:137)
	at app//org.junit.platform.engine.support.hierarchical.NodeTestTask.lambda$executeRecursively$9(NodeTestTask.java:139)
	at app//org.junit.platform.engine.support.hierarchical.ThrowableCollector.execute(ThrowableCollector.java:73)
	at app//org.junit.platform.engine.support.hierarchical.NodeTestTask.executeRecursively(NodeTestTask.java:138)
	at app//org.junit.platform.engine.support.hierarchical.NodeTestTask.execute(NodeTestTask.java:95)
	at app//org.junit.platform.engine.support.hierarchical.SameThreadHierarchicalTestExecutorService.submit(SameThreadHierarchicalTestExecutorService.java:35)
	at app//org.junit.platform.engine.support.hierarchical.HierarchicalTestExecutor.execute(HierarchicalTestExecutor.java:57)
	at app//org.junit.platform.engine.support.hierarchical.HierarchicalTestEngine.execute(HierarchicalTestEngine.java:54)
	at app//org.junit.platform.launcher.core.EngineExecutionOrchestrator.execute(EngineExecutionOrchestrator.java:107)
	at app//org.junit.platform.launcher.core.EngineExecutionOrchestrator.execute(EngineExecutionOrchestrator.java:88)
	at app//org.junit.platform.launcher.core.EngineExecutionOrchestrator.lambda$execute$0(EngineExecutionOrchestrator.java:54)
	at app//org.junit.platform.launcher.core.EngineExecutionOrchestrator.withInterceptedStreams(EngineExecutionOrchestrator.java:67)
	at app//org.junit.platform.launcher.core.EngineExecutionOrchestrator.execute(EngineExecutionOrchestrator.java:52)
	at app//org.junit.platform.launcher.core.DefaultLauncher.execute(DefaultLauncher.java:114)
	at app//org.junit.platform.launcher.core.DefaultLauncher.execute(DefaultLauncher.java:86)
	at app//org.junit.platform.launcher.core.DefaultLauncherSession$DelegatingLauncher.execute(DefaultLauncherSession.java:86)
	at org.gradle.api.internal.tasks.testing.junitplatform.JUnitPlatformTestClassProcessor$CollectAllTestClassesExecutor.processAllTestClasses(JUnitPlatformTestClassProcessor.java:110)
	at org.gradle.api.internal.tasks.testing.junitplatform.JUnitPlatformTestClassProcessor$CollectAllTestClassesExecutor.access$000(JUnitPlatformTestClassProcessor.java:90)
	at org.gradle.api.internal.tasks.testing.junitplatform.JUnitPlatformTestClassProcessor.stop(JUnitPlatformTestClassProcessor.java:85)
	at org.gradle.api.internal.tasks.testing.SuiteTestClassProcessor.stop(SuiteTestClassProcessor.java:62)
	at java.base@11.0.18/jdk.internal.reflect.NativeMethodAccessorImpl.invoke0(Native Method)
	at java.base@11.0.18/jdk.internal.reflect.NativeMethodAccessorImpl.invoke(NativeMethodAccessorImpl.java:62)
	at java.base@11.0.18/jdk.internal.reflect.DelegatingMethodAccessorImpl.invoke(DelegatingMethodAccessorImpl.java:43)
	at java.base@11.0.18/java.lang.reflect.Method.invoke(Method.java:566)
	at org.gradle.internal.dispatch.ReflectionDispatch.dispatch(ReflectionDispatch.java:36)
	at org.gradle.internal.dispatch.ReflectionDispatch.dispatch(ReflectionDispatch.java:24)
	at org.gradle.internal.dispatch.ContextClassLoaderDispatch.dispatch(ContextClassLoaderDispatch.java:33)
	at org.gradle.internal.dispatch.ProxyDispatchAdapter$DispatchingInvocationHandler.invoke(ProxyDispatchAdapter.java:94)
	at com.sun.proxy.$Proxy2.stop(Unknown Source)
	at org.gradle.api.internal.tasks.testing.worker.TestWorker$3.run(TestWorker.java:193)
	at org.gradle.api.internal.tasks.testing.worker.TestWorker.executeAndMaintainThreadName(TestWorker.java:129)
	at org.gradle.api.internal.tasks.testing.worker.TestWorker.execute(TestWorker.java:100)
	at org.gradle.api.internal.tasks.testing.worker.TestWorker.execute(TestWorker.java:60)
	at org.gradle.process.internal.worker.child.ActionExecutionWorker.execute(ActionExecutionWorker.java:56)
	at org.gradle.process.internal.worker.child.SystemApplicationClassLoaderWorker.call(SystemApplicationClassLoaderWorker.java:113)
	at org.gradle.process.internal.worker.child.SystemApplicationClassLoaderWorker.call(SystemApplicationClassLoaderWorker.java:65)
	at app//worker.org.gradle.process.internal.worker.GradleWorkerMain.run(GradleWorkerMain.java:69)
	at app//worker.org.gradle.process.internal.worker.GradleWorkerMain.main(GradleWorkerMain.java:74)
</failure>
  </testcase>
  <testcase name="WeideEtAl" classname="de.uka.ilkd.key.proof.runallproofs.RunAllProofsFunctional" time="0.994">
    <failure message="org.opentest4j.AssertionFailedError: Executed process terminated with non-zero exit value. ==&gt; expected: &lt;0&gt; but was: &lt;1&gt;" type="org.opentest4j.AssertionFailedError">org.opentest4j.AssertionFailedError: Executed process terminated with non-zero exit value. ==&gt; expected: &lt;0&gt; but was: &lt;1&gt;
	at app//org.junit.jupiter.api.AssertionFailureBuilder.build(AssertionFailureBuilder.java:151)
	at app//org.junit.jupiter.api.AssertionFailureBuilder.buildAndThrow(AssertionFailureBuilder.java:132)
	at app//org.junit.jupiter.api.AssertEquals.failNotEqual(AssertEquals.java:197)
	at app//org.junit.jupiter.api.AssertEquals.assertEquals(AssertEquals.java:150)
	at app//org.junit.jupiter.api.Assertions.assertEquals(Assertions.java:560)
	at app//de.uka.ilkd.key.proof.runallproofs.proofcollection.ForkedTestFileRunner.processTestFiles(ForkedTestFileRunner.java:130)
	at app//de.uka.ilkd.key.proof.runallproofs.RunAllProofsTestUnit.runTest(RunAllProofsTestUnit.java:89)
	at app//de.uka.ilkd.key.proof.runallproofs.RunAllProofsTest.lambda$data$0(RunAllProofsTest.java:77)
	at app//org.junit.jupiter.engine.descriptor.DynamicTestTestDescriptor.lambda$execute$0(DynamicTestTestDescriptor.java:53)
	at app//org.junit.jupiter.engine.execution.InvocationInterceptorChain$ValidatingInvocation.proceed(InvocationInterceptorChain.java:131)
	at app//org.junit.jupiter.api.extension.InvocationInterceptor.interceptDynamicTest(InvocationInterceptor.java:167)
	at app//org.junit.jupiter.api.extension.InvocationInterceptor.interceptDynamicTest(InvocationInterceptor.java:184)
	at app//org.junit.jupiter.engine.descriptor.DynamicTestTestDescriptor.lambda$execute$1(DynamicTestTestDescriptor.java:61)
	at app//org.junit.jupiter.engine.execution.InvocationInterceptorChain$InterceptorCall.lambda$ofVoid$0(InvocationInterceptorChain.java:78)
	at app//org.junit.jupiter.engine.execution.InvocationInterceptorChain$InterceptedInvocation.proceed(InvocationInterceptorChain.java:106)
	at app//org.junit.jupiter.engine.execution.InvocationInterceptorChain.proceed(InvocationInterceptorChain.java:64)
	at app//org.junit.jupiter.engine.execution.InvocationInterceptorChain.chainAndInvoke(InvocationInterceptorChain.java:45)
	at app//org.junit.jupiter.engine.execution.InvocationInterceptorChain.invoke(InvocationInterceptorChain.java:37)
	at app//org.junit.jupiter.engine.descriptor.DynamicTestTestDescriptor.execute(DynamicTestTestDescriptor.java:60)
	at app//org.junit.jupiter.engine.descriptor.DynamicTestTestDescriptor.execute(DynamicTestTestDescriptor.java:32)
	at app//org.junit.platform.engine.support.hierarchical.NodeTestTask.lambda$executeRecursively$6(NodeTestTask.java:151)
	at app//org.junit.platform.engine.support.hierarchical.ThrowableCollector.execute(ThrowableCollector.java:73)
	at app//org.junit.platform.engine.support.hierarchical.NodeTestTask.lambda$executeRecursively$8(NodeTestTask.java:141)
	at app//org.junit.platform.engine.support.hierarchical.Node.around(Node.java:137)
	at app//org.junit.platform.engine.support.hierarchical.NodeTestTask.lambda$executeRecursively$9(NodeTestTask.java:139)
	at app//org.junit.platform.engine.support.hierarchical.ThrowableCollector.execute(ThrowableCollector.java:73)
	at app//org.junit.platform.engine.support.hierarchical.NodeTestTask.executeRecursively(NodeTestTask.java:138)
	at app//org.junit.platform.engine.support.hierarchical.NodeTestTask.execute(NodeTestTask.java:95)
	at app//org.junit.platform.engine.support.hierarchical.SameThreadHierarchicalTestExecutorService.submit(SameThreadHierarchicalTestExecutorService.java:35)
	at app//org.junit.platform.engine.support.hierarchical.NodeTestTask$DefaultDynamicTestExecutor.execute(NodeTestTask.java:226)
	at app//org.junit.platform.engine.support.hierarchical.NodeTestTask$DefaultDynamicTestExecutor.execute(NodeTestTask.java:204)
	at java.base@11.0.18/java.util.Optional.ifPresent(Optional.java:183)
	at app//org.junit.jupiter.engine.descriptor.TestFactoryTestDescriptor.lambda$invokeTestMethod$1(TestFactoryTestDescriptor.java:108)
	at app//org.junit.platform.engine.support.hierarchical.ThrowableCollector.execute(ThrowableCollector.java:73)
	at app//org.junit.jupiter.engine.descriptor.TestFactoryTestDescriptor.invokeTestMethod(TestFactoryTestDescriptor.java:95)
	at app//org.junit.jupiter.engine.descriptor.TestMethodTestDescriptor.execute(TestMethodTestDescriptor.java:138)
	at app//org.junit.jupiter.engine.descriptor.TestMethodTestDescriptor.execute(TestMethodTestDescriptor.java:68)
	at app//org.junit.platform.engine.support.hierarchical.NodeTestTask.lambda$executeRecursively$6(NodeTestTask.java:151)
	at app//org.junit.platform.engine.support.hierarchical.ThrowableCollector.execute(ThrowableCollector.java:73)
	at app//org.junit.platform.engine.support.hierarchical.NodeTestTask.lambda$executeRecursively$8(NodeTestTask.java:141)
	at app//org.junit.platform.engine.support.hierarchical.Node.around(Node.java:137)
	at app//org.junit.platform.engine.support.hierarchical.NodeTestTask.lambda$executeRecursively$9(NodeTestTask.java:139)
	at app//org.junit.platform.engine.support.hierarchical.ThrowableCollector.execute(ThrowableCollector.java:73)
	at app//org.junit.platform.engine.support.hierarchical.NodeTestTask.executeRecursively(NodeTestTask.java:138)
	at app//org.junit.platform.engine.support.hierarchical.NodeTestTask.execute(NodeTestTask.java:95)
	at java.base@11.0.18/java.util.ArrayList.forEach(ArrayList.java:1541)
	at app//org.junit.platform.engine.support.hierarchical.SameThreadHierarchicalTestExecutorService.invokeAll(SameThreadHierarchicalTestExecutorService.java:41)
	at app//org.junit.platform.engine.support.hierarchical.NodeTestTask.lambda$executeRecursively$6(NodeTestTask.java:155)
	at app//org.junit.platform.engine.support.hierarchical.ThrowableCollector.execute(ThrowableCollector.java:73)
	at app//org.junit.platform.engine.support.hierarchical.NodeTestTask.lambda$executeRecursively$8(NodeTestTask.java:141)
	at app//org.junit.platform.engine.support.hierarchical.Node.around(Node.java:137)
	at app//org.junit.platform.engine.support.hierarchical.NodeTestTask.lambda$executeRecursively$9(NodeTestTask.java:139)
	at app//org.junit.platform.engine.support.hierarchical.ThrowableCollector.execute(ThrowableCollector.java:73)
	at app//org.junit.platform.engine.support.hierarchical.NodeTestTask.executeRecursively(NodeTestTask.java:138)
	at app//org.junit.platform.engine.support.hierarchical.NodeTestTask.execute(NodeTestTask.java:95)
	at java.base@11.0.18/java.util.ArrayList.forEach(ArrayList.java:1541)
	at app//org.junit.platform.engine.support.hierarchical.SameThreadHierarchicalTestExecutorService.invokeAll(SameThreadHierarchicalTestExecutorService.java:41)
	at app//org.junit.platform.engine.support.hierarchical.NodeTestTask.lambda$executeRecursively$6(NodeTestTask.java:155)
	at app//org.junit.platform.engine.support.hierarchical.ThrowableCollector.execute(ThrowableCollector.java:73)
	at app//org.junit.platform.engine.support.hierarchical.NodeTestTask.lambda$executeRecursively$8(NodeTestTask.java:141)
	at app//org.junit.platform.engine.support.hierarchical.Node.around(Node.java:137)
	at app//org.junit.platform.engine.support.hierarchical.NodeTestTask.lambda$executeRecursively$9(NodeTestTask.java:139)
	at app//org.junit.platform.engine.support.hierarchical.ThrowableCollector.execute(ThrowableCollector.java:73)
	at app//org.junit.platform.engine.support.hierarchical.NodeTestTask.executeRecursively(NodeTestTask.java:138)
	at app//org.junit.platform.engine.support.hierarchical.NodeTestTask.execute(NodeTestTask.java:95)
	at app//org.junit.platform.engine.support.hierarchical.SameThreadHierarchicalTestExecutorService.submit(SameThreadHierarchicalTestExecutorService.java:35)
	at app//org.junit.platform.engine.support.hierarchical.HierarchicalTestExecutor.execute(HierarchicalTestExecutor.java:57)
	at app//org.junit.platform.engine.support.hierarchical.HierarchicalTestEngine.execute(HierarchicalTestEngine.java:54)
	at app//org.junit.platform.launcher.core.EngineExecutionOrchestrator.execute(EngineExecutionOrchestrator.java:107)
	at app//org.junit.platform.launcher.core.EngineExecutionOrchestrator.execute(EngineExecutionOrchestrator.java:88)
	at app//org.junit.platform.launcher.core.EngineExecutionOrchestrator.lambda$execute$0(EngineExecutionOrchestrator.java:54)
	at app//org.junit.platform.launcher.core.EngineExecutionOrchestrator.withInterceptedStreams(EngineExecutionOrchestrator.java:67)
	at app//org.junit.platform.launcher.core.EngineExecutionOrchestrator.execute(EngineExecutionOrchestrator.java:52)
	at app//org.junit.platform.launcher.core.DefaultLauncher.execute(DefaultLauncher.java:114)
	at app//org.junit.platform.launcher.core.DefaultLauncher.execute(DefaultLauncher.java:86)
	at app//org.junit.platform.launcher.core.DefaultLauncherSession$DelegatingLauncher.execute(DefaultLauncherSession.java:86)
	at org.gradle.api.internal.tasks.testing.junitplatform.JUnitPlatformTestClassProcessor$CollectAllTestClassesExecutor.processAllTestClasses(JUnitPlatformTestClassProcessor.java:110)
	at org.gradle.api.internal.tasks.testing.junitplatform.JUnitPlatformTestClassProcessor$CollectAllTestClassesExecutor.access$000(JUnitPlatformTestClassProcessor.java:90)
	at org.gradle.api.internal.tasks.testing.junitplatform.JUnitPlatformTestClassProcessor.stop(JUnitPlatformTestClassProcessor.java:85)
	at org.gradle.api.internal.tasks.testing.SuiteTestClassProcessor.stop(SuiteTestClassProcessor.java:62)
	at java.base@11.0.18/jdk.internal.reflect.NativeMethodAccessorImpl.invoke0(Native Method)
	at java.base@11.0.18/jdk.internal.reflect.NativeMethodAccessorImpl.invoke(NativeMethodAccessorImpl.java:62)
	at java.base@11.0.18/jdk.internal.reflect.DelegatingMethodAccessorImpl.invoke(DelegatingMethodAccessorImpl.java:43)
	at java.base@11.0.18/java.lang.reflect.Method.invoke(Method.java:566)
	at org.gradle.internal.dispatch.ReflectionDispatch.dispatch(ReflectionDispatch.java:36)
	at org.gradle.internal.dispatch.ReflectionDispatch.dispatch(ReflectionDispatch.java:24)
	at org.gradle.internal.dispatch.ContextClassLoaderDispatch.dispatch(ContextClassLoaderDispatch.java:33)
	at org.gradle.internal.dispatch.ProxyDispatchAdapter$DispatchingInvocationHandler.invoke(ProxyDispatchAdapter.java:94)
	at com.sun.proxy.$Proxy2.stop(Unknown Source)
	at org.gradle.api.internal.tasks.testing.worker.TestWorker$3.run(TestWorker.java:193)
	at org.gradle.api.internal.tasks.testing.worker.TestWorker.executeAndMaintainThreadName(TestWorker.java:129)
	at org.gradle.api.internal.tasks.testing.worker.TestWorker.execute(TestWorker.java:100)
	at org.gradle.api.internal.tasks.testing.worker.TestWorker.execute(TestWorker.java:60)
	at org.gradle.process.internal.worker.child.ActionExecutionWorker.execute(ActionExecutionWorker.java:56)
	at org.gradle.process.internal.worker.child.SystemApplicationClassLoaderWorker.call(SystemApplicationClassLoaderWorker.java:113)
	at org.gradle.process.internal.worker.child.SystemApplicationClassLoaderWorker.call(SystemApplicationClassLoaderWorker.java:65)
	at app//worker.org.gradle.process.internal.worker.GradleWorkerMain.run(GradleWorkerMain.java:69)
	at app//worker.org.gradle.process.internal.worker.GradleWorkerMain.main(GradleWorkerMain.java:74)
</failure>
  </testcase>
  <testcase name="arithmetic" classname="de.uka.ilkd.key.proof.runallproofs.RunAllProofsFunctional" time="1.851">
    <failure message="org.opentest4j.AssertionFailedError: Executed process terminated with non-zero exit value. ==&gt; expected: &lt;0&gt; but was: &lt;1&gt;" type="org.opentest4j.AssertionFailedError">org.opentest4j.AssertionFailedError: Executed process terminated with non-zero exit value. ==&gt; expected: &lt;0&gt; but was: &lt;1&gt;
	at app//org.junit.jupiter.api.AssertionFailureBuilder.build(AssertionFailureBuilder.java:151)
	at app//org.junit.jupiter.api.AssertionFailureBuilder.buildAndThrow(AssertionFailureBuilder.java:132)
	at app//org.junit.jupiter.api.AssertEquals.failNotEqual(AssertEquals.java:197)
	at app//org.junit.jupiter.api.AssertEquals.assertEquals(AssertEquals.java:150)
	at app//org.junit.jupiter.api.Assertions.assertEquals(Assertions.java:560)
	at app//de.uka.ilkd.key.proof.runallproofs.proofcollection.ForkedTestFileRunner.processTestFiles(ForkedTestFileRunner.java:130)
	at app//de.uka.ilkd.key.proof.runallproofs.RunAllProofsTestUnit.runTest(RunAllProofsTestUnit.java:89)
	at app//de.uka.ilkd.key.proof.runallproofs.RunAllProofsTest.lambda$data$0(RunAllProofsTest.java:77)
	at app//org.junit.jupiter.engine.descriptor.DynamicTestTestDescriptor.lambda$execute$0(DynamicTestTestDescriptor.java:53)
	at app//org.junit.jupiter.engine.execution.InvocationInterceptorChain$ValidatingInvocation.proceed(InvocationInterceptorChain.java:131)
	at app//org.junit.jupiter.api.extension.InvocationInterceptor.interceptDynamicTest(InvocationInterceptor.java:167)
	at app//org.junit.jupiter.api.extension.InvocationInterceptor.interceptDynamicTest(InvocationInterceptor.java:184)
	at app//org.junit.jupiter.engine.descriptor.DynamicTestTestDescriptor.lambda$execute$1(DynamicTestTestDescriptor.java:61)
	at app//org.junit.jupiter.engine.execution.InvocationInterceptorChain$InterceptorCall.lambda$ofVoid$0(InvocationInterceptorChain.java:78)
	at app//org.junit.jupiter.engine.execution.InvocationInterceptorChain$InterceptedInvocation.proceed(InvocationInterceptorChain.java:106)
	at app//org.junit.jupiter.engine.execution.InvocationInterceptorChain.proceed(InvocationInterceptorChain.java:64)
	at app//org.junit.jupiter.engine.execution.InvocationInterceptorChain.chainAndInvoke(InvocationInterceptorChain.java:45)
	at app//org.junit.jupiter.engine.execution.InvocationInterceptorChain.invoke(InvocationInterceptorChain.java:37)
	at app//org.junit.jupiter.engine.descriptor.DynamicTestTestDescriptor.execute(DynamicTestTestDescriptor.java:60)
	at app//org.junit.jupiter.engine.descriptor.DynamicTestTestDescriptor.execute(DynamicTestTestDescriptor.java:32)
	at app//org.junit.platform.engine.support.hierarchical.NodeTestTask.lambda$executeRecursively$6(NodeTestTask.java:151)
	at app//org.junit.platform.engine.support.hierarchical.ThrowableCollector.execute(ThrowableCollector.java:73)
	at app//org.junit.platform.engine.support.hierarchical.NodeTestTask.lambda$executeRecursively$8(NodeTestTask.java:141)
	at app//org.junit.platform.engine.support.hierarchical.Node.around(Node.java:137)
	at app//org.junit.platform.engine.support.hierarchical.NodeTestTask.lambda$executeRecursively$9(NodeTestTask.java:139)
	at app//org.junit.platform.engine.support.hierarchical.ThrowableCollector.execute(ThrowableCollector.java:73)
	at app//org.junit.platform.engine.support.hierarchical.NodeTestTask.executeRecursively(NodeTestTask.java:138)
	at app//org.junit.platform.engine.support.hierarchical.NodeTestTask.execute(NodeTestTask.java:95)
	at app//org.junit.platform.engine.support.hierarchical.SameThreadHierarchicalTestExecutorService.submit(SameThreadHierarchicalTestExecutorService.java:35)
	at app//org.junit.platform.engine.support.hierarchical.NodeTestTask$DefaultDynamicTestExecutor.execute(NodeTestTask.java:226)
	at app//org.junit.platform.engine.support.hierarchical.NodeTestTask$DefaultDynamicTestExecutor.execute(NodeTestTask.java:204)
	at java.base@11.0.18/java.util.Optional.ifPresent(Optional.java:183)
	at app//org.junit.jupiter.engine.descriptor.TestFactoryTestDescriptor.lambda$invokeTestMethod$1(TestFactoryTestDescriptor.java:108)
	at app//org.junit.platform.engine.support.hierarchical.ThrowableCollector.execute(ThrowableCollector.java:73)
	at app//org.junit.jupiter.engine.descriptor.TestFactoryTestDescriptor.invokeTestMethod(TestFactoryTestDescriptor.java:95)
	at app//org.junit.jupiter.engine.descriptor.TestMethodTestDescriptor.execute(TestMethodTestDescriptor.java:138)
	at app//org.junit.jupiter.engine.descriptor.TestMethodTestDescriptor.execute(TestMethodTestDescriptor.java:68)
	at app//org.junit.platform.engine.support.hierarchical.NodeTestTask.lambda$executeRecursively$6(NodeTestTask.java:151)
	at app//org.junit.platform.engine.support.hierarchical.ThrowableCollector.execute(ThrowableCollector.java:73)
	at app//org.junit.platform.engine.support.hierarchical.NodeTestTask.lambda$executeRecursively$8(NodeTestTask.java:141)
	at app//org.junit.platform.engine.support.hierarchical.Node.around(Node.java:137)
	at app//org.junit.platform.engine.support.hierarchical.NodeTestTask.lambda$executeRecursively$9(NodeTestTask.java:139)
	at app//org.junit.platform.engine.support.hierarchical.ThrowableCollector.execute(ThrowableCollector.java:73)
	at app//org.junit.platform.engine.support.hierarchical.NodeTestTask.executeRecursively(NodeTestTask.java:138)
	at app//org.junit.platform.engine.support.hierarchical.NodeTestTask.execute(NodeTestTask.java:95)
	at java.base@11.0.18/java.util.ArrayList.forEach(ArrayList.java:1541)
	at app//org.junit.platform.engine.support.hierarchical.SameThreadHierarchicalTestExecutorService.invokeAll(SameThreadHierarchicalTestExecutorService.java:41)
	at app//org.junit.platform.engine.support.hierarchical.NodeTestTask.lambda$executeRecursively$6(NodeTestTask.java:155)
	at app//org.junit.platform.engine.support.hierarchical.ThrowableCollector.execute(ThrowableCollector.java:73)
	at app//org.junit.platform.engine.support.hierarchical.NodeTestTask.lambda$executeRecursively$8(NodeTestTask.java:141)
	at app//org.junit.platform.engine.support.hierarchical.Node.around(Node.java:137)
	at app//org.junit.platform.engine.support.hierarchical.NodeTestTask.lambda$executeRecursively$9(NodeTestTask.java:139)
	at app//org.junit.platform.engine.support.hierarchical.ThrowableCollector.execute(ThrowableCollector.java:73)
	at app//org.junit.platform.engine.support.hierarchical.NodeTestTask.executeRecursively(NodeTestTask.java:138)
	at app//org.junit.platform.engine.support.hierarchical.NodeTestTask.execute(NodeTestTask.java:95)
	at java.base@11.0.18/java.util.ArrayList.forEach(ArrayList.java:1541)
	at app//org.junit.platform.engine.support.hierarchical.SameThreadHierarchicalTestExecutorService.invokeAll(SameThreadHierarchicalTestExecutorService.java:41)
	at app//org.junit.platform.engine.support.hierarchical.NodeTestTask.lambda$executeRecursively$6(NodeTestTask.java:155)
	at app//org.junit.platform.engine.support.hierarchical.ThrowableCollector.execute(ThrowableCollector.java:73)
	at app//org.junit.platform.engine.support.hierarchical.NodeTestTask.lambda$executeRecursively$8(NodeTestTask.java:141)
	at app//org.junit.platform.engine.support.hierarchical.Node.around(Node.java:137)
	at app//org.junit.platform.engine.support.hierarchical.NodeTestTask.lambda$executeRecursively$9(NodeTestTask.java:139)
	at app//org.junit.platform.engine.support.hierarchical.ThrowableCollector.execute(ThrowableCollector.java:73)
	at app//org.junit.platform.engine.support.hierarchical.NodeTestTask.executeRecursively(NodeTestTask.java:138)
	at app//org.junit.platform.engine.support.hierarchical.NodeTestTask.execute(NodeTestTask.java:95)
	at app//org.junit.platform.engine.support.hierarchical.SameThreadHierarchicalTestExecutorService.submit(SameThreadHierarchicalTestExecutorService.java:35)
	at app//org.junit.platform.engine.support.hierarchical.HierarchicalTestExecutor.execute(HierarchicalTestExecutor.java:57)
	at app//org.junit.platform.engine.support.hierarchical.HierarchicalTestEngine.execute(HierarchicalTestEngine.java:54)
	at app//org.junit.platform.launcher.core.EngineExecutionOrchestrator.execute(EngineExecutionOrchestrator.java:107)
	at app//org.junit.platform.launcher.core.EngineExecutionOrchestrator.execute(EngineExecutionOrchestrator.java:88)
	at app//org.junit.platform.launcher.core.EngineExecutionOrchestrator.lambda$execute$0(EngineExecutionOrchestrator.java:54)
	at app//org.junit.platform.launcher.core.EngineExecutionOrchestrator.withInterceptedStreams(EngineExecutionOrchestrator.java:67)
	at app//org.junit.platform.launcher.core.EngineExecutionOrchestrator.execute(EngineExecutionOrchestrator.java:52)
	at app//org.junit.platform.launcher.core.DefaultLauncher.execute(DefaultLauncher.java:114)
	at app//org.junit.platform.launcher.core.DefaultLauncher.execute(DefaultLauncher.java:86)
	at app//org.junit.platform.launcher.core.DefaultLauncherSession$DelegatingLauncher.execute(DefaultLauncherSession.java:86)
	at org.gradle.api.internal.tasks.testing.junitplatform.JUnitPlatformTestClassProcessor$CollectAllTestClassesExecutor.processAllTestClasses(JUnitPlatformTestClassProcessor.java:110)
	at org.gradle.api.internal.tasks.testing.junitplatform.JUnitPlatformTestClassProcessor$CollectAllTestClassesExecutor.access$000(JUnitPlatformTestClassProcessor.java:90)
	at org.gradle.api.internal.tasks.testing.junitplatform.JUnitPlatformTestClassProcessor.stop(JUnitPlatformTestClassProcessor.java:85)
	at org.gradle.api.internal.tasks.testing.SuiteTestClassProcessor.stop(SuiteTestClassProcessor.java:62)
	at java.base@11.0.18/jdk.internal.reflect.NativeMethodAccessorImpl.invoke0(Native Method)
	at java.base@11.0.18/jdk.internal.reflect.NativeMethodAccessorImpl.invoke(NativeMethodAccessorImpl.java:62)
	at java.base@11.0.18/jdk.internal.reflect.DelegatingMethodAccessorImpl.invoke(DelegatingMethodAccessorImpl.java:43)
	at java.base@11.0.18/java.lang.reflect.Method.invoke(Method.java:566)
	at org.gradle.internal.dispatch.ReflectionDispatch.dispatch(ReflectionDispatch.java:36)
	at org.gradle.internal.dispatch.ReflectionDispatch.dispatch(ReflectionDispatch.java:24)
	at org.gradle.internal.dispatch.ContextClassLoaderDispatch.dispatch(ContextClassLoaderDispatch.java:33)
	at org.gradle.internal.dispatch.ProxyDispatchAdapter$DispatchingInvocationHandler.invoke(ProxyDispatchAdapter.java:94)
	at com.sun.proxy.$Proxy2.stop(Unknown Source)
	at org.gradle.api.internal.tasks.testing.worker.TestWorker$3.run(TestWorker.java:193)
	at org.gradle.api.internal.tasks.testing.worker.TestWorker.executeAndMaintainThreadName(TestWorker.java:129)
	at org.gradle.api.internal.tasks.testing.worker.TestWorker.execute(TestWorker.java:100)
	at org.gradle.api.internal.tasks.testing.worker.TestWorker.execute(TestWorker.java:60)
	at org.gradle.process.internal.worker.child.ActionExecutionWorker.execute(ActionExecutionWorker.java:56)
	at org.gradle.process.internal.worker.child.SystemApplicationClassLoaderWorker.call(SystemApplicationClassLoaderWorker.java:113)
	at org.gradle.process.internal.worker.child.SystemApplicationClassLoaderWorker.call(SystemApplicationClassLoaderWorker.java:65)
	at app//worker.org.gradle.process.internal.worker.GradleWorkerMain.run(GradleWorkerMain.java:69)
	at app//worker.org.gradle.process.internal.worker.GradleWorkerMain.main(GradleWorkerMain.java:74)
</failure>
  </testcase>
  <testcase name="arrays" classname="de.uka.ilkd.key.proof.runallproofs.RunAllProofsFunctional" time="1.149">
    <failure message="org.opentest4j.AssertionFailedError: Executed process terminated with non-zero exit value. ==&gt; expected: &lt;0&gt; but was: &lt;1&gt;" type="org.opentest4j.AssertionFailedError">org.opentest4j.AssertionFailedError: Executed process terminated with non-zero exit value. ==&gt; expected: &lt;0&gt; but was: &lt;1&gt;
	at app//org.junit.jupiter.api.AssertionFailureBuilder.build(AssertionFailureBuilder.java:151)
	at app//org.junit.jupiter.api.AssertionFailureBuilder.buildAndThrow(AssertionFailureBuilder.java:132)
	at app//org.junit.jupiter.api.AssertEquals.failNotEqual(AssertEquals.java:197)
	at app//org.junit.jupiter.api.AssertEquals.assertEquals(AssertEquals.java:150)
	at app//org.junit.jupiter.api.Assertions.assertEquals(Assertions.java:560)
	at app//de.uka.ilkd.key.proof.runallproofs.proofcollection.ForkedTestFileRunner.processTestFiles(ForkedTestFileRunner.java:130)
	at app//de.uka.ilkd.key.proof.runallproofs.RunAllProofsTestUnit.runTest(RunAllProofsTestUnit.java:89)
	at app//de.uka.ilkd.key.proof.runallproofs.RunAllProofsTest.lambda$data$0(RunAllProofsTest.java:77)
	at app//org.junit.jupiter.engine.descriptor.DynamicTestTestDescriptor.lambda$execute$0(DynamicTestTestDescriptor.java:53)
	at app//org.junit.jupiter.engine.execution.InvocationInterceptorChain$ValidatingInvocation.proceed(InvocationInterceptorChain.java:131)
	at app//org.junit.jupiter.api.extension.InvocationInterceptor.interceptDynamicTest(InvocationInterceptor.java:167)
	at app//org.junit.jupiter.api.extension.InvocationInterceptor.interceptDynamicTest(InvocationInterceptor.java:184)
	at app//org.junit.jupiter.engine.descriptor.DynamicTestTestDescriptor.lambda$execute$1(DynamicTestTestDescriptor.java:61)
	at app//org.junit.jupiter.engine.execution.InvocationInterceptorChain$InterceptorCall.lambda$ofVoid$0(InvocationInterceptorChain.java:78)
	at app//org.junit.jupiter.engine.execution.InvocationInterceptorChain$InterceptedInvocation.proceed(InvocationInterceptorChain.java:106)
	at app//org.junit.jupiter.engine.execution.InvocationInterceptorChain.proceed(InvocationInterceptorChain.java:64)
	at app//org.junit.jupiter.engine.execution.InvocationInterceptorChain.chainAndInvoke(InvocationInterceptorChain.java:45)
	at app//org.junit.jupiter.engine.execution.InvocationInterceptorChain.invoke(InvocationInterceptorChain.java:37)
	at app//org.junit.jupiter.engine.descriptor.DynamicTestTestDescriptor.execute(DynamicTestTestDescriptor.java:60)
	at app//org.junit.jupiter.engine.descriptor.DynamicTestTestDescriptor.execute(DynamicTestTestDescriptor.java:32)
	at app//org.junit.platform.engine.support.hierarchical.NodeTestTask.lambda$executeRecursively$6(NodeTestTask.java:151)
	at app//org.junit.platform.engine.support.hierarchical.ThrowableCollector.execute(ThrowableCollector.java:73)
	at app//org.junit.platform.engine.support.hierarchical.NodeTestTask.lambda$executeRecursively$8(NodeTestTask.java:141)
	at app//org.junit.platform.engine.support.hierarchical.Node.around(Node.java:137)
	at app//org.junit.platform.engine.support.hierarchical.NodeTestTask.lambda$executeRecursively$9(NodeTestTask.java:139)
	at app//org.junit.platform.engine.support.hierarchical.ThrowableCollector.execute(ThrowableCollector.java:73)
	at app//org.junit.platform.engine.support.hierarchical.NodeTestTask.executeRecursively(NodeTestTask.java:138)
	at app//org.junit.platform.engine.support.hierarchical.NodeTestTask.execute(NodeTestTask.java:95)
	at app//org.junit.platform.engine.support.hierarchical.SameThreadHierarchicalTestExecutorService.submit(SameThreadHierarchicalTestExecutorService.java:35)
	at app//org.junit.platform.engine.support.hierarchical.NodeTestTask$DefaultDynamicTestExecutor.execute(NodeTestTask.java:226)
	at app//org.junit.platform.engine.support.hierarchical.NodeTestTask$DefaultDynamicTestExecutor.execute(NodeTestTask.java:204)
	at java.base@11.0.18/java.util.Optional.ifPresent(Optional.java:183)
	at app//org.junit.jupiter.engine.descriptor.TestFactoryTestDescriptor.lambda$invokeTestMethod$1(TestFactoryTestDescriptor.java:108)
	at app//org.junit.platform.engine.support.hierarchical.ThrowableCollector.execute(ThrowableCollector.java:73)
	at app//org.junit.jupiter.engine.descriptor.TestFactoryTestDescriptor.invokeTestMethod(TestFactoryTestDescriptor.java:95)
	at app//org.junit.jupiter.engine.descriptor.TestMethodTestDescriptor.execute(TestMethodTestDescriptor.java:138)
	at app//org.junit.jupiter.engine.descriptor.TestMethodTestDescriptor.execute(TestMethodTestDescriptor.java:68)
	at app//org.junit.platform.engine.support.hierarchical.NodeTestTask.lambda$executeRecursively$6(NodeTestTask.java:151)
	at app//org.junit.platform.engine.support.hierarchical.ThrowableCollector.execute(ThrowableCollector.java:73)
	at app//org.junit.platform.engine.support.hierarchical.NodeTestTask.lambda$executeRecursively$8(NodeTestTask.java:141)
	at app//org.junit.platform.engine.support.hierarchical.Node.around(Node.java:137)
	at app//org.junit.platform.engine.support.hierarchical.NodeTestTask.lambda$executeRecursively$9(NodeTestTask.java:139)
	at app//org.junit.platform.engine.support.hierarchical.ThrowableCollector.execute(ThrowableCollector.java:73)
	at app//org.junit.platform.engine.support.hierarchical.NodeTestTask.executeRecursively(NodeTestTask.java:138)
	at app//org.junit.platform.engine.support.hierarchical.NodeTestTask.execute(NodeTestTask.java:95)
	at java.base@11.0.18/java.util.ArrayList.forEach(ArrayList.java:1541)
	at app//org.junit.platform.engine.support.hierarchical.SameThreadHierarchicalTestExecutorService.invokeAll(SameThreadHierarchicalTestExecutorService.java:41)
	at app//org.junit.platform.engine.support.hierarchical.NodeTestTask.lambda$executeRecursively$6(NodeTestTask.java:155)
	at app//org.junit.platform.engine.support.hierarchical.ThrowableCollector.execute(ThrowableCollector.java:73)
	at app//org.junit.platform.engine.support.hierarchical.NodeTestTask.lambda$executeRecursively$8(NodeTestTask.java:141)
	at app//org.junit.platform.engine.support.hierarchical.Node.around(Node.java:137)
	at app//org.junit.platform.engine.support.hierarchical.NodeTestTask.lambda$executeRecursively$9(NodeTestTask.java:139)
	at app//org.junit.platform.engine.support.hierarchical.ThrowableCollector.execute(ThrowableCollector.java:73)
	at app//org.junit.platform.engine.support.hierarchical.NodeTestTask.executeRecursively(NodeTestTask.java:138)
	at app//org.junit.platform.engine.support.hierarchical.NodeTestTask.execute(NodeTestTask.java:95)
	at java.base@11.0.18/java.util.ArrayList.forEach(ArrayList.java:1541)
	at app//org.junit.platform.engine.support.hierarchical.SameThreadHierarchicalTestExecutorService.invokeAll(SameThreadHierarchicalTestExecutorService.java:41)
	at app//org.junit.platform.engine.support.hierarchical.NodeTestTask.lambda$executeRecursively$6(NodeTestTask.java:155)
	at app//org.junit.platform.engine.support.hierarchical.ThrowableCollector.execute(ThrowableCollector.java:73)
	at app//org.junit.platform.engine.support.hierarchical.NodeTestTask.lambda$executeRecursively$8(NodeTestTask.java:141)
	at app//org.junit.platform.engine.support.hierarchical.Node.around(Node.java:137)
	at app//org.junit.platform.engine.support.hierarchical.NodeTestTask.lambda$executeRecursively$9(NodeTestTask.java:139)
	at app//org.junit.platform.engine.support.hierarchical.ThrowableCollector.execute(ThrowableCollector.java:73)
	at app//org.junit.platform.engine.support.hierarchical.NodeTestTask.executeRecursively(NodeTestTask.java:138)
	at app//org.junit.platform.engine.support.hierarchical.NodeTestTask.execute(NodeTestTask.java:95)
	at app//org.junit.platform.engine.support.hierarchical.SameThreadHierarchicalTestExecutorService.submit(SameThreadHierarchicalTestExecutorService.java:35)
	at app//org.junit.platform.engine.support.hierarchical.HierarchicalTestExecutor.execute(HierarchicalTestExecutor.java:57)
	at app//org.junit.platform.engine.support.hierarchical.HierarchicalTestEngine.execute(HierarchicalTestEngine.java:54)
	at app//org.junit.platform.launcher.core.EngineExecutionOrchestrator.execute(EngineExecutionOrchestrator.java:107)
	at app//org.junit.platform.launcher.core.EngineExecutionOrchestrator.execute(EngineExecutionOrchestrator.java:88)
	at app//org.junit.platform.launcher.core.EngineExecutionOrchestrator.lambda$execute$0(EngineExecutionOrchestrator.java:54)
	at app//org.junit.platform.launcher.core.EngineExecutionOrchestrator.withInterceptedStreams(EngineExecutionOrchestrator.java:67)
	at app//org.junit.platform.launcher.core.EngineExecutionOrchestrator.execute(EngineExecutionOrchestrator.java:52)
	at app//org.junit.platform.launcher.core.DefaultLauncher.execute(DefaultLauncher.java:114)
	at app//org.junit.platform.launcher.core.DefaultLauncher.execute(DefaultLauncher.java:86)
	at app//org.junit.platform.launcher.core.DefaultLauncherSession$DelegatingLauncher.execute(DefaultLauncherSession.java:86)
	at org.gradle.api.internal.tasks.testing.junitplatform.JUnitPlatformTestClassProcessor$CollectAllTestClassesExecutor.processAllTestClasses(JUnitPlatformTestClassProcessor.java:110)
	at org.gradle.api.internal.tasks.testing.junitplatform.JUnitPlatformTestClassProcessor$CollectAllTestClassesExecutor.access$000(JUnitPlatformTestClassProcessor.java:90)
	at org.gradle.api.internal.tasks.testing.junitplatform.JUnitPlatformTestClassProcessor.stop(JUnitPlatformTestClassProcessor.java:85)
	at org.gradle.api.internal.tasks.testing.SuiteTestClassProcessor.stop(SuiteTestClassProcessor.java:62)
	at java.base@11.0.18/jdk.internal.reflect.NativeMethodAccessorImpl.invoke0(Native Method)
	at java.base@11.0.18/jdk.internal.reflect.NativeMethodAccessorImpl.invoke(NativeMethodAccessorImpl.java:62)
	at java.base@11.0.18/jdk.internal.reflect.DelegatingMethodAccessorImpl.invoke(DelegatingMethodAccessorImpl.java:43)
	at java.base@11.0.18/java.lang.reflect.Method.invoke(Method.java:566)
	at org.gradle.internal.dispatch.ReflectionDispatch.dispatch(ReflectionDispatch.java:36)
	at org.gradle.internal.dispatch.ReflectionDispatch.dispatch(ReflectionDispatch.java:24)
	at org.gradle.internal.dispatch.ContextClassLoaderDispatch.dispatch(ContextClassLoaderDispatch.java:33)
	at org.gradle.internal.dispatch.ProxyDispatchAdapter$DispatchingInvocationHandler.invoke(ProxyDispatchAdapter.java:94)
	at com.sun.proxy.$Proxy2.stop(Unknown Source)
	at org.gradle.api.internal.tasks.testing.worker.TestWorker$3.run(TestWorker.java:193)
	at org.gradle.api.internal.tasks.testing.worker.TestWorker.executeAndMaintainThreadName(TestWorker.java:129)
	at org.gradle.api.internal.tasks.testing.worker.TestWorker.execute(TestWorker.java:100)
	at org.gradle.api.internal.tasks.testing.worker.TestWorker.execute(TestWorker.java:60)
	at org.gradle.process.internal.worker.child.ActionExecutionWorker.execute(ActionExecutionWorker.java:56)
	at org.gradle.process.internal.worker.child.SystemApplicationClassLoaderWorker.call(SystemApplicationClassLoaderWorker.java:113)
	at org.gradle.process.internal.worker.child.SystemApplicationClassLoaderWorker.call(SystemApplicationClassLoaderWorker.java:65)
	at app//worker.org.gradle.process.internal.worker.GradleWorkerMain.run(GradleWorkerMain.java:69)
	at app//worker.org.gradle.process.internal.worker.GradleWorkerMain.main(GradleWorkerMain.java:74)
</failure>
  </testcase>
  <testcase name="javadl" classname="de.uka.ilkd.key.proof.runallproofs.RunAllProofsFunctional" time="1.711">
    <failure message="org.opentest4j.AssertionFailedError: Executed process terminated with non-zero exit value. ==&gt; expected: &lt;0&gt; but was: &lt;1&gt;" type="org.opentest4j.AssertionFailedError">org.opentest4j.AssertionFailedError: Executed process terminated with non-zero exit value. ==&gt; expected: &lt;0&gt; but was: &lt;1&gt;
	at app//org.junit.jupiter.api.AssertionFailureBuilder.build(AssertionFailureBuilder.java:151)
	at app//org.junit.jupiter.api.AssertionFailureBuilder.buildAndThrow(AssertionFailureBuilder.java:132)
	at app//org.junit.jupiter.api.AssertEquals.failNotEqual(AssertEquals.java:197)
	at app//org.junit.jupiter.api.AssertEquals.assertEquals(AssertEquals.java:150)
	at app//org.junit.jupiter.api.Assertions.assertEquals(Assertions.java:560)
	at app//de.uka.ilkd.key.proof.runallproofs.proofcollection.ForkedTestFileRunner.processTestFiles(ForkedTestFileRunner.java:130)
	at app//de.uka.ilkd.key.proof.runallproofs.RunAllProofsTestUnit.runTest(RunAllProofsTestUnit.java:89)
	at app//de.uka.ilkd.key.proof.runallproofs.RunAllProofsTest.lambda$data$0(RunAllProofsTest.java:77)
	at app//org.junit.jupiter.engine.descriptor.DynamicTestTestDescriptor.lambda$execute$0(DynamicTestTestDescriptor.java:53)
	at app//org.junit.jupiter.engine.execution.InvocationInterceptorChain$ValidatingInvocation.proceed(InvocationInterceptorChain.java:131)
	at app//org.junit.jupiter.api.extension.InvocationInterceptor.interceptDynamicTest(InvocationInterceptor.java:167)
	at app//org.junit.jupiter.api.extension.InvocationInterceptor.interceptDynamicTest(InvocationInterceptor.java:184)
	at app//org.junit.jupiter.engine.descriptor.DynamicTestTestDescriptor.lambda$execute$1(DynamicTestTestDescriptor.java:61)
	at app//org.junit.jupiter.engine.execution.InvocationInterceptorChain$InterceptorCall.lambda$ofVoid$0(InvocationInterceptorChain.java:78)
	at app//org.junit.jupiter.engine.execution.InvocationInterceptorChain$InterceptedInvocation.proceed(InvocationInterceptorChain.java:106)
	at app//org.junit.jupiter.engine.execution.InvocationInterceptorChain.proceed(InvocationInterceptorChain.java:64)
	at app//org.junit.jupiter.engine.execution.InvocationInterceptorChain.chainAndInvoke(InvocationInterceptorChain.java:45)
	at app//org.junit.jupiter.engine.execution.InvocationInterceptorChain.invoke(InvocationInterceptorChain.java:37)
	at app//org.junit.jupiter.engine.descriptor.DynamicTestTestDescriptor.execute(DynamicTestTestDescriptor.java:60)
	at app//org.junit.jupiter.engine.descriptor.DynamicTestTestDescriptor.execute(DynamicTestTestDescriptor.java:32)
	at app//org.junit.platform.engine.support.hierarchical.NodeTestTask.lambda$executeRecursively$6(NodeTestTask.java:151)
	at app//org.junit.platform.engine.support.hierarchical.ThrowableCollector.execute(ThrowableCollector.java:73)
	at app//org.junit.platform.engine.support.hierarchical.NodeTestTask.lambda$executeRecursively$8(NodeTestTask.java:141)
	at app//org.junit.platform.engine.support.hierarchical.Node.around(Node.java:137)
	at app//org.junit.platform.engine.support.hierarchical.NodeTestTask.lambda$executeRecursively$9(NodeTestTask.java:139)
	at app//org.junit.platform.engine.support.hierarchical.ThrowableCollector.execute(ThrowableCollector.java:73)
	at app//org.junit.platform.engine.support.hierarchical.NodeTestTask.executeRecursively(NodeTestTask.java:138)
	at app//org.junit.platform.engine.support.hierarchical.NodeTestTask.execute(NodeTestTask.java:95)
	at app//org.junit.platform.engine.support.hierarchical.SameThreadHierarchicalTestExecutorService.submit(SameThreadHierarchicalTestExecutorService.java:35)
	at app//org.junit.platform.engine.support.hierarchical.NodeTestTask$DefaultDynamicTestExecutor.execute(NodeTestTask.java:226)
	at app//org.junit.platform.engine.support.hierarchical.NodeTestTask$DefaultDynamicTestExecutor.execute(NodeTestTask.java:204)
	at java.base@11.0.18/java.util.Optional.ifPresent(Optional.java:183)
	at app//org.junit.jupiter.engine.descriptor.TestFactoryTestDescriptor.lambda$invokeTestMethod$1(TestFactoryTestDescriptor.java:108)
	at app//org.junit.platform.engine.support.hierarchical.ThrowableCollector.execute(ThrowableCollector.java:73)
	at app//org.junit.jupiter.engine.descriptor.TestFactoryTestDescriptor.invokeTestMethod(TestFactoryTestDescriptor.java:95)
	at app//org.junit.jupiter.engine.descriptor.TestMethodTestDescriptor.execute(TestMethodTestDescriptor.java:138)
	at app//org.junit.jupiter.engine.descriptor.TestMethodTestDescriptor.execute(TestMethodTestDescriptor.java:68)
	at app//org.junit.platform.engine.support.hierarchical.NodeTestTask.lambda$executeRecursively$6(NodeTestTask.java:151)
	at app//org.junit.platform.engine.support.hierarchical.ThrowableCollector.execute(ThrowableCollector.java:73)
	at app//org.junit.platform.engine.support.hierarchical.NodeTestTask.lambda$executeRecursively$8(NodeTestTask.java:141)
	at app//org.junit.platform.engine.support.hierarchical.Node.around(Node.java:137)
	at app//org.junit.platform.engine.support.hierarchical.NodeTestTask.lambda$executeRecursively$9(NodeTestTask.java:139)
	at app//org.junit.platform.engine.support.hierarchical.ThrowableCollector.execute(ThrowableCollector.java:73)
	at app//org.junit.platform.engine.support.hierarchical.NodeTestTask.executeRecursively(NodeTestTask.java:138)
	at app//org.junit.platform.engine.support.hierarchical.NodeTestTask.execute(NodeTestTask.java:95)
	at java.base@11.0.18/java.util.ArrayList.forEach(ArrayList.java:1541)
	at app//org.junit.platform.engine.support.hierarchical.SameThreadHierarchicalTestExecutorService.invokeAll(SameThreadHierarchicalTestExecutorService.java:41)
	at app//org.junit.platform.engine.support.hierarchical.NodeTestTask.lambda$executeRecursively$6(NodeTestTask.java:155)
	at app//org.junit.platform.engine.support.hierarchical.ThrowableCollector.execute(ThrowableCollector.java:73)
	at app//org.junit.platform.engine.support.hierarchical.NodeTestTask.lambda$executeRecursively$8(NodeTestTask.java:141)
	at app//org.junit.platform.engine.support.hierarchical.Node.around(Node.java:137)
	at app//org.junit.platform.engine.support.hierarchical.NodeTestTask.lambda$executeRecursively$9(NodeTestTask.java:139)
	at app//org.junit.platform.engine.support.hierarchical.ThrowableCollector.execute(ThrowableCollector.java:73)
	at app//org.junit.platform.engine.support.hierarchical.NodeTestTask.executeRecursively(NodeTestTask.java:138)
	at app//org.junit.platform.engine.support.hierarchical.NodeTestTask.execute(NodeTestTask.java:95)
	at java.base@11.0.18/java.util.ArrayList.forEach(ArrayList.java:1541)
	at app//org.junit.platform.engine.support.hierarchical.SameThreadHierarchicalTestExecutorService.invokeAll(SameThreadHierarchicalTestExecutorService.java:41)
	at app//org.junit.platform.engine.support.hierarchical.NodeTestTask.lambda$executeRecursively$6(NodeTestTask.java:155)
	at app//org.junit.platform.engine.support.hierarchical.ThrowableCollector.execute(ThrowableCollector.java:73)
	at app//org.junit.platform.engine.support.hierarchical.NodeTestTask.lambda$executeRecursively$8(NodeTestTask.java:141)
	at app//org.junit.platform.engine.support.hierarchical.Node.around(Node.java:137)
	at app//org.junit.platform.engine.support.hierarchical.NodeTestTask.lambda$executeRecursively$9(NodeTestTask.java:139)
	at app//org.junit.platform.engine.support.hierarchical.ThrowableCollector.execute(ThrowableCollector.java:73)
	at app//org.junit.platform.engine.support.hierarchical.NodeTestTask.executeRecursively(NodeTestTask.java:138)
	at app//org.junit.platform.engine.support.hierarchical.NodeTestTask.execute(NodeTestTask.java:95)
	at app//org.junit.platform.engine.support.hierarchical.SameThreadHierarchicalTestExecutorService.submit(SameThreadHierarchicalTestExecutorService.java:35)
	at app//org.junit.platform.engine.support.hierarchical.HierarchicalTestExecutor.execute(HierarchicalTestExecutor.java:57)
	at app//org.junit.platform.engine.support.hierarchical.HierarchicalTestEngine.execute(HierarchicalTestEngine.java:54)
	at app//org.junit.platform.launcher.core.EngineExecutionOrchestrator.execute(EngineExecutionOrchestrator.java:107)
	at app//org.junit.platform.launcher.core.EngineExecutionOrchestrator.execute(EngineExecutionOrchestrator.java:88)
	at app//org.junit.platform.launcher.core.EngineExecutionOrchestrator.lambda$execute$0(EngineExecutionOrchestrator.java:54)
	at app//org.junit.platform.launcher.core.EngineExecutionOrchestrator.withInterceptedStreams(EngineExecutionOrchestrator.java:67)
	at app//org.junit.platform.launcher.core.EngineExecutionOrchestrator.execute(EngineExecutionOrchestrator.java:52)
	at app//org.junit.platform.launcher.core.DefaultLauncher.execute(DefaultLauncher.java:114)
	at app//org.junit.platform.launcher.core.DefaultLauncher.execute(DefaultLauncher.java:86)
	at app//org.junit.platform.launcher.core.DefaultLauncherSession$DelegatingLauncher.execute(DefaultLauncherSession.java:86)
	at org.gradle.api.internal.tasks.testing.junitplatform.JUnitPlatformTestClassProcessor$CollectAllTestClassesExecutor.processAllTestClasses(JUnitPlatformTestClassProcessor.java:110)
	at org.gradle.api.internal.tasks.testing.junitplatform.JUnitPlatformTestClassProcessor$CollectAllTestClassesExecutor.access$000(JUnitPlatformTestClassProcessor.java:90)
	at org.gradle.api.internal.tasks.testing.junitplatform.JUnitPlatformTestClassProcessor.stop(JUnitPlatformTestClassProcessor.java:85)
	at org.gradle.api.internal.tasks.testing.SuiteTestClassProcessor.stop(SuiteTestClassProcessor.java:62)
	at java.base@11.0.18/jdk.internal.reflect.NativeMethodAccessorImpl.invoke0(Native Method)
	at java.base@11.0.18/jdk.internal.reflect.NativeMethodAccessorImpl.invoke(NativeMethodAccessorImpl.java:62)
	at java.base@11.0.18/jdk.internal.reflect.DelegatingMethodAccessorImpl.invoke(DelegatingMethodAccessorImpl.java:43)
	at java.base@11.0.18/java.lang.reflect.Method.invoke(Method.java:566)
	at org.gradle.internal.dispatch.ReflectionDispatch.dispatch(ReflectionDispatch.java:36)
	at org.gradle.internal.dispatch.ReflectionDispatch.dispatch(ReflectionDispatch.java:24)
	at org.gradle.internal.dispatch.ContextClassLoaderDispatch.dispatch(ContextClassLoaderDispatch.java:33)
	at org.gradle.internal.dispatch.ProxyDispatchAdapter$DispatchingInvocationHandler.invoke(ProxyDispatchAdapter.java:94)
	at com.sun.proxy.$Proxy2.stop(Unknown Source)
	at org.gradle.api.internal.tasks.testing.worker.TestWorker$3.run(TestWorker.java:193)
	at org.gradle.api.internal.tasks.testing.worker.TestWorker.executeAndMaintainThreadName(TestWorker.java:129)
	at org.gradle.api.internal.tasks.testing.worker.TestWorker.execute(TestWorker.java:100)
	at org.gradle.api.internal.tasks.testing.worker.TestWorker.execute(TestWorker.java:60)
	at org.gradle.process.internal.worker.child.ActionExecutionWorker.execute(ActionExecutionWorker.java:56)
	at org.gradle.process.internal.worker.child.SystemApplicationClassLoaderWorker.call(SystemApplicationClassLoaderWorker.java:113)
	at org.gradle.process.internal.worker.child.SystemApplicationClassLoaderWorker.call(SystemApplicationClassLoaderWorker.java:65)
	at app//worker.org.gradle.process.internal.worker.GradleWorkerMain.run(GradleWorkerMain.java:69)
	at app//worker.org.gradle.process.internal.worker.GradleWorkerMain.main(GradleWorkerMain.java:74)
</failure>
  </testcase>
  <testcase name="FOL" classname="de.uka.ilkd.key.proof.runallproofs.RunAllProofsFunctional" time="1.578">
    <failure message="org.opentest4j.AssertionFailedError: Executed process terminated with non-zero exit value. ==&gt; expected: &lt;0&gt; but was: &lt;1&gt;" type="org.opentest4j.AssertionFailedError">org.opentest4j.AssertionFailedError: Executed process terminated with non-zero exit value. ==&gt; expected: &lt;0&gt; but was: &lt;1&gt;
	at app//org.junit.jupiter.api.AssertionFailureBuilder.build(AssertionFailureBuilder.java:151)
	at app//org.junit.jupiter.api.AssertionFailureBuilder.buildAndThrow(AssertionFailureBuilder.java:132)
	at app//org.junit.jupiter.api.AssertEquals.failNotEqual(AssertEquals.java:197)
	at app//org.junit.jupiter.api.AssertEquals.assertEquals(AssertEquals.java:150)
	at app//org.junit.jupiter.api.Assertions.assertEquals(Assertions.java:560)
	at app//de.uka.ilkd.key.proof.runallproofs.proofcollection.ForkedTestFileRunner.processTestFiles(ForkedTestFileRunner.java:130)
	at app//de.uka.ilkd.key.proof.runallproofs.RunAllProofsTestUnit.runTest(RunAllProofsTestUnit.java:89)
	at app//de.uka.ilkd.key.proof.runallproofs.RunAllProofsTest.lambda$data$0(RunAllProofsTest.java:77)
	at app//org.junit.jupiter.engine.descriptor.DynamicTestTestDescriptor.lambda$execute$0(DynamicTestTestDescriptor.java:53)
	at app//org.junit.jupiter.engine.execution.InvocationInterceptorChain$ValidatingInvocation.proceed(InvocationInterceptorChain.java:131)
	at app//org.junit.jupiter.api.extension.InvocationInterceptor.interceptDynamicTest(InvocationInterceptor.java:167)
	at app//org.junit.jupiter.api.extension.InvocationInterceptor.interceptDynamicTest(InvocationInterceptor.java:184)
	at app//org.junit.jupiter.engine.descriptor.DynamicTestTestDescriptor.lambda$execute$1(DynamicTestTestDescriptor.java:61)
	at app//org.junit.jupiter.engine.execution.InvocationInterceptorChain$InterceptorCall.lambda$ofVoid$0(InvocationInterceptorChain.java:78)
	at app//org.junit.jupiter.engine.execution.InvocationInterceptorChain$InterceptedInvocation.proceed(InvocationInterceptorChain.java:106)
	at app//org.junit.jupiter.engine.execution.InvocationInterceptorChain.proceed(InvocationInterceptorChain.java:64)
	at app//org.junit.jupiter.engine.execution.InvocationInterceptorChain.chainAndInvoke(InvocationInterceptorChain.java:45)
	at app//org.junit.jupiter.engine.execution.InvocationInterceptorChain.invoke(InvocationInterceptorChain.java:37)
	at app//org.junit.jupiter.engine.descriptor.DynamicTestTestDescriptor.execute(DynamicTestTestDescriptor.java:60)
	at app//org.junit.jupiter.engine.descriptor.DynamicTestTestDescriptor.execute(DynamicTestTestDescriptor.java:32)
	at app//org.junit.platform.engine.support.hierarchical.NodeTestTask.lambda$executeRecursively$6(NodeTestTask.java:151)
	at app//org.junit.platform.engine.support.hierarchical.ThrowableCollector.execute(ThrowableCollector.java:73)
	at app//org.junit.platform.engine.support.hierarchical.NodeTestTask.lambda$executeRecursively$8(NodeTestTask.java:141)
	at app//org.junit.platform.engine.support.hierarchical.Node.around(Node.java:137)
	at app//org.junit.platform.engine.support.hierarchical.NodeTestTask.lambda$executeRecursively$9(NodeTestTask.java:139)
	at app//org.junit.platform.engine.support.hierarchical.ThrowableCollector.execute(ThrowableCollector.java:73)
	at app//org.junit.platform.engine.support.hierarchical.NodeTestTask.executeRecursively(NodeTestTask.java:138)
	at app//org.junit.platform.engine.support.hierarchical.NodeTestTask.execute(NodeTestTask.java:95)
	at app//org.junit.platform.engine.support.hierarchical.SameThreadHierarchicalTestExecutorService.submit(SameThreadHierarchicalTestExecutorService.java:35)
	at app//org.junit.platform.engine.support.hierarchical.NodeTestTask$DefaultDynamicTestExecutor.execute(NodeTestTask.java:226)
	at app//org.junit.platform.engine.support.hierarchical.NodeTestTask$DefaultDynamicTestExecutor.execute(NodeTestTask.java:204)
	at java.base@11.0.18/java.util.Optional.ifPresent(Optional.java:183)
	at app//org.junit.jupiter.engine.descriptor.TestFactoryTestDescriptor.lambda$invokeTestMethod$1(TestFactoryTestDescriptor.java:108)
	at app//org.junit.platform.engine.support.hierarchical.ThrowableCollector.execute(ThrowableCollector.java:73)
	at app//org.junit.jupiter.engine.descriptor.TestFactoryTestDescriptor.invokeTestMethod(TestFactoryTestDescriptor.java:95)
	at app//org.junit.jupiter.engine.descriptor.TestMethodTestDescriptor.execute(TestMethodTestDescriptor.java:138)
	at app//org.junit.jupiter.engine.descriptor.TestMethodTestDescriptor.execute(TestMethodTestDescriptor.java:68)
	at app//org.junit.platform.engine.support.hierarchical.NodeTestTask.lambda$executeRecursively$6(NodeTestTask.java:151)
	at app//org.junit.platform.engine.support.hierarchical.ThrowableCollector.execute(ThrowableCollector.java:73)
	at app//org.junit.platform.engine.support.hierarchical.NodeTestTask.lambda$executeRecursively$8(NodeTestTask.java:141)
	at app//org.junit.platform.engine.support.hierarchical.Node.around(Node.java:137)
	at app//org.junit.platform.engine.support.hierarchical.NodeTestTask.lambda$executeRecursively$9(NodeTestTask.java:139)
	at app//org.junit.platform.engine.support.hierarchical.ThrowableCollector.execute(ThrowableCollector.java:73)
	at app//org.junit.platform.engine.support.hierarchical.NodeTestTask.executeRecursively(NodeTestTask.java:138)
	at app//org.junit.platform.engine.support.hierarchical.NodeTestTask.execute(NodeTestTask.java:95)
	at java.base@11.0.18/java.util.ArrayList.forEach(ArrayList.java:1541)
	at app//org.junit.platform.engine.support.hierarchical.SameThreadHierarchicalTestExecutorService.invokeAll(SameThreadHierarchicalTestExecutorService.java:41)
	at app//org.junit.platform.engine.support.hierarchical.NodeTestTask.lambda$executeRecursively$6(NodeTestTask.java:155)
	at app//org.junit.platform.engine.support.hierarchical.ThrowableCollector.execute(ThrowableCollector.java:73)
	at app//org.junit.platform.engine.support.hierarchical.NodeTestTask.lambda$executeRecursively$8(NodeTestTask.java:141)
	at app//org.junit.platform.engine.support.hierarchical.Node.around(Node.java:137)
	at app//org.junit.platform.engine.support.hierarchical.NodeTestTask.lambda$executeRecursively$9(NodeTestTask.java:139)
	at app//org.junit.platform.engine.support.hierarchical.ThrowableCollector.execute(ThrowableCollector.java:73)
	at app//org.junit.platform.engine.support.hierarchical.NodeTestTask.executeRecursively(NodeTestTask.java:138)
	at app//org.junit.platform.engine.support.hierarchical.NodeTestTask.execute(NodeTestTask.java:95)
	at java.base@11.0.18/java.util.ArrayList.forEach(ArrayList.java:1541)
	at app//org.junit.platform.engine.support.hierarchical.SameThreadHierarchicalTestExecutorService.invokeAll(SameThreadHierarchicalTestExecutorService.java:41)
	at app//org.junit.platform.engine.support.hierarchical.NodeTestTask.lambda$executeRecursively$6(NodeTestTask.java:155)
	at app//org.junit.platform.engine.support.hierarchical.ThrowableCollector.execute(ThrowableCollector.java:73)
	at app//org.junit.platform.engine.support.hierarchical.NodeTestTask.lambda$executeRecursively$8(NodeTestTask.java:141)
	at app//org.junit.platform.engine.support.hierarchical.Node.around(Node.java:137)
	at app//org.junit.platform.engine.support.hierarchical.NodeTestTask.lambda$executeRecursively$9(NodeTestTask.java:139)
	at app//org.junit.platform.engine.support.hierarchical.ThrowableCollector.execute(ThrowableCollector.java:73)
	at app//org.junit.platform.engine.support.hierarchical.NodeTestTask.executeRecursively(NodeTestTask.java:138)
	at app//org.junit.platform.engine.support.hierarchical.NodeTestTask.execute(NodeTestTask.java:95)
	at app//org.junit.platform.engine.support.hierarchical.SameThreadHierarchicalTestExecutorService.submit(SameThreadHierarchicalTestExecutorService.java:35)
	at app//org.junit.platform.engine.support.hierarchical.HierarchicalTestExecutor.execute(HierarchicalTestExecutor.java:57)
	at app//org.junit.platform.engine.support.hierarchical.HierarchicalTestEngine.execute(HierarchicalTestEngine.java:54)
	at app//org.junit.platform.launcher.core.EngineExecutionOrchestrator.execute(EngineExecutionOrchestrator.java:107)
	at app//org.junit.platform.launcher.core.EngineExecutionOrchestrator.execute(EngineExecutionOrchestrator.java:88)
	at app//org.junit.platform.launcher.core.EngineExecutionOrchestrator.lambda$execute$0(EngineExecutionOrchestrator.java:54)
	at app//org.junit.platform.launcher.core.EngineExecutionOrchestrator.withInterceptedStreams(EngineExecutionOrchestrator.java:67)
	at app//org.junit.platform.launcher.core.EngineExecutionOrchestrator.execute(EngineExecutionOrchestrator.java:52)
	at app//org.junit.platform.launcher.core.DefaultLauncher.execute(DefaultLauncher.java:114)
	at app//org.junit.platform.launcher.core.DefaultLauncher.execute(DefaultLauncher.java:86)
	at app//org.junit.platform.launcher.core.DefaultLauncherSession$DelegatingLauncher.execute(DefaultLauncherSession.java:86)
	at org.gradle.api.internal.tasks.testing.junitplatform.JUnitPlatformTestClassProcessor$CollectAllTestClassesExecutor.processAllTestClasses(JUnitPlatformTestClassProcessor.java:110)
	at org.gradle.api.internal.tasks.testing.junitplatform.JUnitPlatformTestClassProcessor$CollectAllTestClassesExecutor.access$000(JUnitPlatformTestClassProcessor.java:90)
	at org.gradle.api.internal.tasks.testing.junitplatform.JUnitPlatformTestClassProcessor.stop(JUnitPlatformTestClassProcessor.java:85)
	at org.gradle.api.internal.tasks.testing.SuiteTestClassProcessor.stop(SuiteTestClassProcessor.java:62)
	at java.base@11.0.18/jdk.internal.reflect.NativeMethodAccessorImpl.invoke0(Native Method)
	at java.base@11.0.18/jdk.internal.reflect.NativeMethodAccessorImpl.invoke(NativeMethodAccessorImpl.java:62)
	at java.base@11.0.18/jdk.internal.reflect.DelegatingMethodAccessorImpl.invoke(DelegatingMethodAccessorImpl.java:43)
	at java.base@11.0.18/java.lang.reflect.Method.invoke(Method.java:566)
	at org.gradle.internal.dispatch.ReflectionDispatch.dispatch(ReflectionDispatch.java:36)
	at org.gradle.internal.dispatch.ReflectionDispatch.dispatch(ReflectionDispatch.java:24)
	at org.gradle.internal.dispatch.ContextClassLoaderDispatch.dispatch(ContextClassLoaderDispatch.java:33)
	at org.gradle.internal.dispatch.ProxyDispatchAdapter$DispatchingInvocationHandler.invoke(ProxyDispatchAdapter.java:94)
	at com.sun.proxy.$Proxy2.stop(Unknown Source)
	at org.gradle.api.internal.tasks.testing.worker.TestWorker$3.run(TestWorker.java:193)
	at org.gradle.api.internal.tasks.testing.worker.TestWorker.executeAndMaintainThreadName(TestWorker.java:129)
	at org.gradle.api.internal.tasks.testing.worker.TestWorker.execute(TestWorker.java:100)
	at org.gradle.api.internal.tasks.testing.worker.TestWorker.execute(TestWorker.java:60)
	at org.gradle.process.internal.worker.child.ActionExecutionWorker.execute(ActionExecutionWorker.java:56)
	at org.gradle.process.internal.worker.child.SystemApplicationClassLoaderWorker.call(SystemApplicationClassLoaderWorker.java:113)
	at org.gradle.process.internal.worker.child.SystemApplicationClassLoaderWorker.call(SystemApplicationClassLoaderWorker.java:65)
	at app//worker.org.gradle.process.internal.worker.GradleWorkerMain.run(GradleWorkerMain.java:69)
	at app//worker.org.gradle.process.internal.worker.GradleWorkerMain.main(GradleWorkerMain.java:74)
</failure>
  </testcase>
  <testcase name="strings" classname="de.uka.ilkd.key.proof.runallproofs.RunAllProofsFunctional" time="1.456">
    <failure message="org.opentest4j.AssertionFailedError: Executed process terminated with non-zero exit value. ==&gt; expected: &lt;0&gt; but was: &lt;1&gt;" type="org.opentest4j.AssertionFailedError">org.opentest4j.AssertionFailedError: Executed process terminated with non-zero exit value. ==&gt; expected: &lt;0&gt; but was: &lt;1&gt;
	at app//org.junit.jupiter.api.AssertionFailureBuilder.build(AssertionFailureBuilder.java:151)
	at app//org.junit.jupiter.api.AssertionFailureBuilder.buildAndThrow(AssertionFailureBuilder.java:132)
	at app//org.junit.jupiter.api.AssertEquals.failNotEqual(AssertEquals.java:197)
	at app//org.junit.jupiter.api.AssertEquals.assertEquals(AssertEquals.java:150)
	at app//org.junit.jupiter.api.Assertions.assertEquals(Assertions.java:560)
	at app//de.uka.ilkd.key.proof.runallproofs.proofcollection.ForkedTestFileRunner.processTestFiles(ForkedTestFileRunner.java:130)
	at app//de.uka.ilkd.key.proof.runallproofs.RunAllProofsTestUnit.runTest(RunAllProofsTestUnit.java:89)
	at app//de.uka.ilkd.key.proof.runallproofs.RunAllProofsTest.lambda$data$0(RunAllProofsTest.java:77)
	at app//org.junit.jupiter.engine.descriptor.DynamicTestTestDescriptor.lambda$execute$0(DynamicTestTestDescriptor.java:53)
	at app//org.junit.jupiter.engine.execution.InvocationInterceptorChain$ValidatingInvocation.proceed(InvocationInterceptorChain.java:131)
	at app//org.junit.jupiter.api.extension.InvocationInterceptor.interceptDynamicTest(InvocationInterceptor.java:167)
	at app//org.junit.jupiter.api.extension.InvocationInterceptor.interceptDynamicTest(InvocationInterceptor.java:184)
	at app//org.junit.jupiter.engine.descriptor.DynamicTestTestDescriptor.lambda$execute$1(DynamicTestTestDescriptor.java:61)
	at app//org.junit.jupiter.engine.execution.InvocationInterceptorChain$InterceptorCall.lambda$ofVoid$0(InvocationInterceptorChain.java:78)
	at app//org.junit.jupiter.engine.execution.InvocationInterceptorChain$InterceptedInvocation.proceed(InvocationInterceptorChain.java:106)
	at app//org.junit.jupiter.engine.execution.InvocationInterceptorChain.proceed(InvocationInterceptorChain.java:64)
	at app//org.junit.jupiter.engine.execution.InvocationInterceptorChain.chainAndInvoke(InvocationInterceptorChain.java:45)
	at app//org.junit.jupiter.engine.execution.InvocationInterceptorChain.invoke(InvocationInterceptorChain.java:37)
	at app//org.junit.jupiter.engine.descriptor.DynamicTestTestDescriptor.execute(DynamicTestTestDescriptor.java:60)
	at app//org.junit.jupiter.engine.descriptor.DynamicTestTestDescriptor.execute(DynamicTestTestDescriptor.java:32)
	at app//org.junit.platform.engine.support.hierarchical.NodeTestTask.lambda$executeRecursively$6(NodeTestTask.java:151)
	at app//org.junit.platform.engine.support.hierarchical.ThrowableCollector.execute(ThrowableCollector.java:73)
	at app//org.junit.platform.engine.support.hierarchical.NodeTestTask.lambda$executeRecursively$8(NodeTestTask.java:141)
	at app//org.junit.platform.engine.support.hierarchical.Node.around(Node.java:137)
	at app//org.junit.platform.engine.support.hierarchical.NodeTestTask.lambda$executeRecursively$9(NodeTestTask.java:139)
	at app//org.junit.platform.engine.support.hierarchical.ThrowableCollector.execute(ThrowableCollector.java:73)
	at app//org.junit.platform.engine.support.hierarchical.NodeTestTask.executeRecursively(NodeTestTask.java:138)
	at app//org.junit.platform.engine.support.hierarchical.NodeTestTask.execute(NodeTestTask.java:95)
	at app//org.junit.platform.engine.support.hierarchical.SameThreadHierarchicalTestExecutorService.submit(SameThreadHierarchicalTestExecutorService.java:35)
	at app//org.junit.platform.engine.support.hierarchical.NodeTestTask$DefaultDynamicTestExecutor.execute(NodeTestTask.java:226)
	at app//org.junit.platform.engine.support.hierarchical.NodeTestTask$DefaultDynamicTestExecutor.execute(NodeTestTask.java:204)
	at java.base@11.0.18/java.util.Optional.ifPresent(Optional.java:183)
	at app//org.junit.jupiter.engine.descriptor.TestFactoryTestDescriptor.lambda$invokeTestMethod$1(TestFactoryTestDescriptor.java:108)
	at app//org.junit.platform.engine.support.hierarchical.ThrowableCollector.execute(ThrowableCollector.java:73)
	at app//org.junit.jupiter.engine.descriptor.TestFactoryTestDescriptor.invokeTestMethod(TestFactoryTestDescriptor.java:95)
	at app//org.junit.jupiter.engine.descriptor.TestMethodTestDescriptor.execute(TestMethodTestDescriptor.java:138)
	at app//org.junit.jupiter.engine.descriptor.TestMethodTestDescriptor.execute(TestMethodTestDescriptor.java:68)
	at app//org.junit.platform.engine.support.hierarchical.NodeTestTask.lambda$executeRecursively$6(NodeTestTask.java:151)
	at app//org.junit.platform.engine.support.hierarchical.ThrowableCollector.execute(ThrowableCollector.java:73)
	at app//org.junit.platform.engine.support.hierarchical.NodeTestTask.lambda$executeRecursively$8(NodeTestTask.java:141)
	at app//org.junit.platform.engine.support.hierarchical.Node.around(Node.java:137)
	at app//org.junit.platform.engine.support.hierarchical.NodeTestTask.lambda$executeRecursively$9(NodeTestTask.java:139)
	at app//org.junit.platform.engine.support.hierarchical.ThrowableCollector.execute(ThrowableCollector.java:73)
	at app//org.junit.platform.engine.support.hierarchical.NodeTestTask.executeRecursively(NodeTestTask.java:138)
	at app//org.junit.platform.engine.support.hierarchical.NodeTestTask.execute(NodeTestTask.java:95)
	at java.base@11.0.18/java.util.ArrayList.forEach(ArrayList.java:1541)
	at app//org.junit.platform.engine.support.hierarchical.SameThreadHierarchicalTestExecutorService.invokeAll(SameThreadHierarchicalTestExecutorService.java:41)
	at app//org.junit.platform.engine.support.hierarchical.NodeTestTask.lambda$executeRecursively$6(NodeTestTask.java:155)
	at app//org.junit.platform.engine.support.hierarchical.ThrowableCollector.execute(ThrowableCollector.java:73)
	at app//org.junit.platform.engine.support.hierarchical.NodeTestTask.lambda$executeRecursively$8(NodeTestTask.java:141)
	at app//org.junit.platform.engine.support.hierarchical.Node.around(Node.java:137)
	at app//org.junit.platform.engine.support.hierarchical.NodeTestTask.lambda$executeRecursively$9(NodeTestTask.java:139)
	at app//org.junit.platform.engine.support.hierarchical.ThrowableCollector.execute(ThrowableCollector.java:73)
	at app//org.junit.platform.engine.support.hierarchical.NodeTestTask.executeRecursively(NodeTestTask.java:138)
	at app//org.junit.platform.engine.support.hierarchical.NodeTestTask.execute(NodeTestTask.java:95)
	at java.base@11.0.18/java.util.ArrayList.forEach(ArrayList.java:1541)
	at app//org.junit.platform.engine.support.hierarchical.SameThreadHierarchicalTestExecutorService.invokeAll(SameThreadHierarchicalTestExecutorService.java:41)
	at app//org.junit.platform.engine.support.hierarchical.NodeTestTask.lambda$executeRecursively$6(NodeTestTask.java:155)
	at app//org.junit.platform.engine.support.hierarchical.ThrowableCollector.execute(ThrowableCollector.java:73)
	at app//org.junit.platform.engine.support.hierarchical.NodeTestTask.lambda$executeRecursively$8(NodeTestTask.java:141)
	at app//org.junit.platform.engine.support.hierarchical.Node.around(Node.java:137)
	at app//org.junit.platform.engine.support.hierarchical.NodeTestTask.lambda$executeRecursively$9(NodeTestTask.java:139)
	at app//org.junit.platform.engine.support.hierarchical.ThrowableCollector.execute(ThrowableCollector.java:73)
	at app//org.junit.platform.engine.support.hierarchical.NodeTestTask.executeRecursively(NodeTestTask.java:138)
	at app//org.junit.platform.engine.support.hierarchical.NodeTestTask.execute(NodeTestTask.java:95)
	at app//org.junit.platform.engine.support.hierarchical.SameThreadHierarchicalTestExecutorService.submit(SameThreadHierarchicalTestExecutorService.java:35)
	at app//org.junit.platform.engine.support.hierarchical.HierarchicalTestExecutor.execute(HierarchicalTestExecutor.java:57)
	at app//org.junit.platform.engine.support.hierarchical.HierarchicalTestEngine.execute(HierarchicalTestEngine.java:54)
	at app//org.junit.platform.launcher.core.EngineExecutionOrchestrator.execute(EngineExecutionOrchestrator.java:107)
	at app//org.junit.platform.launcher.core.EngineExecutionOrchestrator.execute(EngineExecutionOrchestrator.java:88)
	at app//org.junit.platform.launcher.core.EngineExecutionOrchestrator.lambda$execute$0(EngineExecutionOrchestrator.java:54)
	at app//org.junit.platform.launcher.core.EngineExecutionOrchestrator.withInterceptedStreams(EngineExecutionOrchestrator.java:67)
	at app//org.junit.platform.launcher.core.EngineExecutionOrchestrator.execute(EngineExecutionOrchestrator.java:52)
	at app//org.junit.platform.launcher.core.DefaultLauncher.execute(DefaultLauncher.java:114)
	at app//org.junit.platform.launcher.core.DefaultLauncher.execute(DefaultLauncher.java:86)
	at app//org.junit.platform.launcher.core.DefaultLauncherSession$DelegatingLauncher.execute(DefaultLauncherSession.java:86)
	at org.gradle.api.internal.tasks.testing.junitplatform.JUnitPlatformTestClassProcessor$CollectAllTestClassesExecutor.processAllTestClasses(JUnitPlatformTestClassProcessor.java:110)
	at org.gradle.api.internal.tasks.testing.junitplatform.JUnitPlatformTestClassProcessor$CollectAllTestClassesExecutor.access$000(JUnitPlatformTestClassProcessor.java:90)
	at org.gradle.api.internal.tasks.testing.junitplatform.JUnitPlatformTestClassProcessor.stop(JUnitPlatformTestClassProcessor.java:85)
	at org.gradle.api.internal.tasks.testing.SuiteTestClassProcessor.stop(SuiteTestClassProcessor.java:62)
	at java.base@11.0.18/jdk.internal.reflect.NativeMethodAccessorImpl.invoke0(Native Method)
	at java.base@11.0.18/jdk.internal.reflect.NativeMethodAccessorImpl.invoke(NativeMethodAccessorImpl.java:62)
	at java.base@11.0.18/jdk.internal.reflect.DelegatingMethodAccessorImpl.invoke(DelegatingMethodAccessorImpl.java:43)
	at java.base@11.0.18/java.lang.reflect.Method.invoke(Method.java:566)
	at org.gradle.internal.dispatch.ReflectionDispatch.dispatch(ReflectionDispatch.java:36)
	at org.gradle.internal.dispatch.ReflectionDispatch.dispatch(ReflectionDispatch.java:24)
	at org.gradle.internal.dispatch.ContextClassLoaderDispatch.dispatch(ContextClassLoaderDispatch.java:33)
	at org.gradle.internal.dispatch.ProxyDispatchAdapter$DispatchingInvocationHandler.invoke(ProxyDispatchAdapter.java:94)
	at com.sun.proxy.$Proxy2.stop(Unknown Source)
	at org.gradle.api.internal.tasks.testing.worker.TestWorker$3.run(TestWorker.java:193)
	at org.gradle.api.internal.tasks.testing.worker.TestWorker.executeAndMaintainThreadName(TestWorker.java:129)
	at org.gradle.api.internal.tasks.testing.worker.TestWorker.execute(TestWorker.java:100)
	at org.gradle.api.internal.tasks.testing.worker.TestWorker.execute(TestWorker.java:60)
	at org.gradle.process.internal.worker.child.ActionExecutionWorker.execute(ActionExecutionWorker.java:56)
	at org.gradle.process.internal.worker.child.SystemApplicationClassLoaderWorker.call(SystemApplicationClassLoaderWorker.java:113)
	at org.gradle.process.internal.worker.child.SystemApplicationClassLoaderWorker.call(SystemApplicationClassLoaderWorker.java:65)
	at app//worker.org.gradle.process.internal.worker.GradleWorkerMain.run(GradleWorkerMain.java:69)
	at app//worker.org.gradle.process.internal.worker.GradleWorkerMain.main(GradleWorkerMain.java:74)
</failure>
  </testcase>
  <testcase name="simple_info_flow" classname="de.uka.ilkd.key.proof.runallproofs.RunAllProofsFunctional" time="1.053">
    <failure message="org.opentest4j.AssertionFailedError: Executed process terminated with non-zero exit value. ==&gt; expected: &lt;0&gt; but was: &lt;1&gt;" type="org.opentest4j.AssertionFailedError">org.opentest4j.AssertionFailedError: Executed process terminated with non-zero exit value. ==&gt; expected: &lt;0&gt; but was: &lt;1&gt;
	at app//org.junit.jupiter.api.AssertionFailureBuilder.build(AssertionFailureBuilder.java:151)
	at app//org.junit.jupiter.api.AssertionFailureBuilder.buildAndThrow(AssertionFailureBuilder.java:132)
	at app//org.junit.jupiter.api.AssertEquals.failNotEqual(AssertEquals.java:197)
	at app//org.junit.jupiter.api.AssertEquals.assertEquals(AssertEquals.java:150)
	at app//org.junit.jupiter.api.Assertions.assertEquals(Assertions.java:560)
	at app//de.uka.ilkd.key.proof.runallproofs.proofcollection.ForkedTestFileRunner.processTestFiles(ForkedTestFileRunner.java:130)
	at app//de.uka.ilkd.key.proof.runallproofs.RunAllProofsTestUnit.runTest(RunAllProofsTestUnit.java:89)
	at app//de.uka.ilkd.key.proof.runallproofs.RunAllProofsTest.lambda$data$0(RunAllProofsTest.java:77)
	at app//org.junit.jupiter.engine.descriptor.DynamicTestTestDescriptor.lambda$execute$0(DynamicTestTestDescriptor.java:53)
	at app//org.junit.jupiter.engine.execution.InvocationInterceptorChain$ValidatingInvocation.proceed(InvocationInterceptorChain.java:131)
	at app//org.junit.jupiter.api.extension.InvocationInterceptor.interceptDynamicTest(InvocationInterceptor.java:167)
	at app//org.junit.jupiter.api.extension.InvocationInterceptor.interceptDynamicTest(InvocationInterceptor.java:184)
	at app//org.junit.jupiter.engine.descriptor.DynamicTestTestDescriptor.lambda$execute$1(DynamicTestTestDescriptor.java:61)
	at app//org.junit.jupiter.engine.execution.InvocationInterceptorChain$InterceptorCall.lambda$ofVoid$0(InvocationInterceptorChain.java:78)
	at app//org.junit.jupiter.engine.execution.InvocationInterceptorChain$InterceptedInvocation.proceed(InvocationInterceptorChain.java:106)
	at app//org.junit.jupiter.engine.execution.InvocationInterceptorChain.proceed(InvocationInterceptorChain.java:64)
	at app//org.junit.jupiter.engine.execution.InvocationInterceptorChain.chainAndInvoke(InvocationInterceptorChain.java:45)
	at app//org.junit.jupiter.engine.execution.InvocationInterceptorChain.invoke(InvocationInterceptorChain.java:37)
	at app//org.junit.jupiter.engine.descriptor.DynamicTestTestDescriptor.execute(DynamicTestTestDescriptor.java:60)
	at app//org.junit.jupiter.engine.descriptor.DynamicTestTestDescriptor.execute(DynamicTestTestDescriptor.java:32)
	at app//org.junit.platform.engine.support.hierarchical.NodeTestTask.lambda$executeRecursively$6(NodeTestTask.java:151)
	at app//org.junit.platform.engine.support.hierarchical.ThrowableCollector.execute(ThrowableCollector.java:73)
	at app//org.junit.platform.engine.support.hierarchical.NodeTestTask.lambda$executeRecursively$8(NodeTestTask.java:141)
	at app//org.junit.platform.engine.support.hierarchical.Node.around(Node.java:137)
	at app//org.junit.platform.engine.support.hierarchical.NodeTestTask.lambda$executeRecursively$9(NodeTestTask.java:139)
	at app//org.junit.platform.engine.support.hierarchical.ThrowableCollector.execute(ThrowableCollector.java:73)
	at app//org.junit.platform.engine.support.hierarchical.NodeTestTask.executeRecursively(NodeTestTask.java:138)
	at app//org.junit.platform.engine.support.hierarchical.NodeTestTask.execute(NodeTestTask.java:95)
	at app//org.junit.platform.engine.support.hierarchical.SameThreadHierarchicalTestExecutorService.submit(SameThreadHierarchicalTestExecutorService.java:35)
	at app//org.junit.platform.engine.support.hierarchical.NodeTestTask$DefaultDynamicTestExecutor.execute(NodeTestTask.java:226)
	at app//org.junit.platform.engine.support.hierarchical.NodeTestTask$DefaultDynamicTestExecutor.execute(NodeTestTask.java:204)
	at java.base@11.0.18/java.util.Optional.ifPresent(Optional.java:183)
	at app//org.junit.jupiter.engine.descriptor.TestFactoryTestDescriptor.lambda$invokeTestMethod$1(TestFactoryTestDescriptor.java:108)
	at app//org.junit.platform.engine.support.hierarchical.ThrowableCollector.execute(ThrowableCollector.java:73)
	at app//org.junit.jupiter.engine.descriptor.TestFactoryTestDescriptor.invokeTestMethod(TestFactoryTestDescriptor.java:95)
	at app//org.junit.jupiter.engine.descriptor.TestMethodTestDescriptor.execute(TestMethodTestDescriptor.java:138)
	at app//org.junit.jupiter.engine.descriptor.TestMethodTestDescriptor.execute(TestMethodTestDescriptor.java:68)
	at app//org.junit.platform.engine.support.hierarchical.NodeTestTask.lambda$executeRecursively$6(NodeTestTask.java:151)
	at app//org.junit.platform.engine.support.hierarchical.ThrowableCollector.execute(ThrowableCollector.java:73)
	at app//org.junit.platform.engine.support.hierarchical.NodeTestTask.lambda$executeRecursively$8(NodeTestTask.java:141)
	at app//org.junit.platform.engine.support.hierarchical.Node.around(Node.java:137)
	at app//org.junit.platform.engine.support.hierarchical.NodeTestTask.lambda$executeRecursively$9(NodeTestTask.java:139)
	at app//org.junit.platform.engine.support.hierarchical.ThrowableCollector.execute(ThrowableCollector.java:73)
	at app//org.junit.platform.engine.support.hierarchical.NodeTestTask.executeRecursively(NodeTestTask.java:138)
	at app//org.junit.platform.engine.support.hierarchical.NodeTestTask.execute(NodeTestTask.java:95)
	at java.base@11.0.18/java.util.ArrayList.forEach(ArrayList.java:1541)
	at app//org.junit.platform.engine.support.hierarchical.SameThreadHierarchicalTestExecutorService.invokeAll(SameThreadHierarchicalTestExecutorService.java:41)
	at app//org.junit.platform.engine.support.hierarchical.NodeTestTask.lambda$executeRecursively$6(NodeTestTask.java:155)
	at app//org.junit.platform.engine.support.hierarchical.ThrowableCollector.execute(ThrowableCollector.java:73)
	at app//org.junit.platform.engine.support.hierarchical.NodeTestTask.lambda$executeRecursively$8(NodeTestTask.java:141)
	at app//org.junit.platform.engine.support.hierarchical.Node.around(Node.java:137)
	at app//org.junit.platform.engine.support.hierarchical.NodeTestTask.lambda$executeRecursively$9(NodeTestTask.java:139)
	at app//org.junit.platform.engine.support.hierarchical.ThrowableCollector.execute(ThrowableCollector.java:73)
	at app//org.junit.platform.engine.support.hierarchical.NodeTestTask.executeRecursively(NodeTestTask.java:138)
	at app//org.junit.platform.engine.support.hierarchical.NodeTestTask.execute(NodeTestTask.java:95)
	at java.base@11.0.18/java.util.ArrayList.forEach(ArrayList.java:1541)
	at app//org.junit.platform.engine.support.hierarchical.SameThreadHierarchicalTestExecutorService.invokeAll(SameThreadHierarchicalTestExecutorService.java:41)
	at app//org.junit.platform.engine.support.hierarchical.NodeTestTask.lambda$executeRecursively$6(NodeTestTask.java:155)
	at app//org.junit.platform.engine.support.hierarchical.ThrowableCollector.execute(ThrowableCollector.java:73)
	at app//org.junit.platform.engine.support.hierarchical.NodeTestTask.lambda$executeRecursively$8(NodeTestTask.java:141)
	at app//org.junit.platform.engine.support.hierarchical.Node.around(Node.java:137)
	at app//org.junit.platform.engine.support.hierarchical.NodeTestTask.lambda$executeRecursively$9(NodeTestTask.java:139)
	at app//org.junit.platform.engine.support.hierarchical.ThrowableCollector.execute(ThrowableCollector.java:73)
	at app//org.junit.platform.engine.support.hierarchical.NodeTestTask.executeRecursively(NodeTestTask.java:138)
	at app//org.junit.platform.engine.support.hierarchical.NodeTestTask.execute(NodeTestTask.java:95)
	at app//org.junit.platform.engine.support.hierarchical.SameThreadHierarchicalTestExecutorService.submit(SameThreadHierarchicalTestExecutorService.java:35)
	at app//org.junit.platform.engine.support.hierarchical.HierarchicalTestExecutor.execute(HierarchicalTestExecutor.java:57)
	at app//org.junit.platform.engine.support.hierarchical.HierarchicalTestEngine.execute(HierarchicalTestEngine.java:54)
	at app//org.junit.platform.launcher.core.EngineExecutionOrchestrator.execute(EngineExecutionOrchestrator.java:107)
	at app//org.junit.platform.launcher.core.EngineExecutionOrchestrator.execute(EngineExecutionOrchestrator.java:88)
	at app//org.junit.platform.launcher.core.EngineExecutionOrchestrator.lambda$execute$0(EngineExecutionOrchestrator.java:54)
	at app//org.junit.platform.launcher.core.EngineExecutionOrchestrator.withInterceptedStreams(EngineExecutionOrchestrator.java:67)
	at app//org.junit.platform.launcher.core.EngineExecutionOrchestrator.execute(EngineExecutionOrchestrator.java:52)
	at app//org.junit.platform.launcher.core.DefaultLauncher.execute(DefaultLauncher.java:114)
	at app//org.junit.platform.launcher.core.DefaultLauncher.execute(DefaultLauncher.java:86)
	at app//org.junit.platform.launcher.core.DefaultLauncherSession$DelegatingLauncher.execute(DefaultLauncherSession.java:86)
	at org.gradle.api.internal.tasks.testing.junitplatform.JUnitPlatformTestClassProcessor$CollectAllTestClassesExecutor.processAllTestClasses(JUnitPlatformTestClassProcessor.java:110)
	at org.gradle.api.internal.tasks.testing.junitplatform.JUnitPlatformTestClassProcessor$CollectAllTestClassesExecutor.access$000(JUnitPlatformTestClassProcessor.java:90)
	at org.gradle.api.internal.tasks.testing.junitplatform.JUnitPlatformTestClassProcessor.stop(JUnitPlatformTestClassProcessor.java:85)
	at org.gradle.api.internal.tasks.testing.SuiteTestClassProcessor.stop(SuiteTestClassProcessor.java:62)
	at java.base@11.0.18/jdk.internal.reflect.NativeMethodAccessorImpl.invoke0(Native Method)
	at java.base@11.0.18/jdk.internal.reflect.NativeMethodAccessorImpl.invoke(NativeMethodAccessorImpl.java:62)
	at java.base@11.0.18/jdk.internal.reflect.DelegatingMethodAccessorImpl.invoke(DelegatingMethodAccessorImpl.java:43)
	at java.base@11.0.18/java.lang.reflect.Method.invoke(Method.java:566)
	at org.gradle.internal.dispatch.ReflectionDispatch.dispatch(ReflectionDispatch.java:36)
	at org.gradle.internal.dispatch.ReflectionDispatch.dispatch(ReflectionDispatch.java:24)
	at org.gradle.internal.dispatch.ContextClassLoaderDispatch.dispatch(ContextClassLoaderDispatch.java:33)
	at org.gradle.internal.dispatch.ProxyDispatchAdapter$DispatchingInvocationHandler.invoke(ProxyDispatchAdapter.java:94)
	at com.sun.proxy.$Proxy2.stop(Unknown Source)
	at org.gradle.api.internal.tasks.testing.worker.TestWorker$3.run(TestWorker.java:193)
	at org.gradle.api.internal.tasks.testing.worker.TestWorker.executeAndMaintainThreadName(TestWorker.java:129)
	at org.gradle.api.internal.tasks.testing.worker.TestWorker.execute(TestWorker.java:100)
	at org.gradle.api.internal.tasks.testing.worker.TestWorker.execute(TestWorker.java:60)
	at org.gradle.process.internal.worker.child.ActionExecutionWorker.execute(ActionExecutionWorker.java:56)
	at org.gradle.process.internal.worker.child.SystemApplicationClassLoaderWorker.call(SystemApplicationClassLoaderWorker.java:113)
	at org.gradle.process.internal.worker.child.SystemApplicationClassLoaderWorker.call(SystemApplicationClassLoaderWorker.java:65)
	at app//worker.org.gradle.process.internal.worker.GradleWorkerMain.run(GradleWorkerMain.java:69)
	at app//worker.org.gradle.process.internal.worker.GradleWorkerMain.main(GradleWorkerMain.java:74)
</failure>
  </testcase>
  <testcase name="modelMethods" classname="de.uka.ilkd.key.proof.runallproofs.RunAllProofsFunctional" time="1.315">
    <failure message="org.opentest4j.AssertionFailedError: Executed process terminated with non-zero exit value. ==&gt; expected: &lt;0&gt; but was: &lt;1&gt;" type="org.opentest4j.AssertionFailedError">org.opentest4j.AssertionFailedError: Executed process terminated with non-zero exit value. ==&gt; expected: &lt;0&gt; but was: &lt;1&gt;
	at app//org.junit.jupiter.api.AssertionFailureBuilder.build(AssertionFailureBuilder.java:151)
	at app//org.junit.jupiter.api.AssertionFailureBuilder.buildAndThrow(AssertionFailureBuilder.java:132)
	at app//org.junit.jupiter.api.AssertEquals.failNotEqual(AssertEquals.java:197)
	at app//org.junit.jupiter.api.AssertEquals.assertEquals(AssertEquals.java:150)
	at app//org.junit.jupiter.api.Assertions.assertEquals(Assertions.java:560)
	at app//de.uka.ilkd.key.proof.runallproofs.proofcollection.ForkedTestFileRunner.processTestFiles(ForkedTestFileRunner.java:130)
	at app//de.uka.ilkd.key.proof.runallproofs.RunAllProofsTestUnit.runTest(RunAllProofsTestUnit.java:89)
	at app//de.uka.ilkd.key.proof.runallproofs.RunAllProofsTest.lambda$data$0(RunAllProofsTest.java:77)
	at app//org.junit.jupiter.engine.descriptor.DynamicTestTestDescriptor.lambda$execute$0(DynamicTestTestDescriptor.java:53)
	at app//org.junit.jupiter.engine.execution.InvocationInterceptorChain$ValidatingInvocation.proceed(InvocationInterceptorChain.java:131)
	at app//org.junit.jupiter.api.extension.InvocationInterceptor.interceptDynamicTest(InvocationInterceptor.java:167)
	at app//org.junit.jupiter.api.extension.InvocationInterceptor.interceptDynamicTest(InvocationInterceptor.java:184)
	at app//org.junit.jupiter.engine.descriptor.DynamicTestTestDescriptor.lambda$execute$1(DynamicTestTestDescriptor.java:61)
	at app//org.junit.jupiter.engine.execution.InvocationInterceptorChain$InterceptorCall.lambda$ofVoid$0(InvocationInterceptorChain.java:78)
	at app//org.junit.jupiter.engine.execution.InvocationInterceptorChain$InterceptedInvocation.proceed(InvocationInterceptorChain.java:106)
	at app//org.junit.jupiter.engine.execution.InvocationInterceptorChain.proceed(InvocationInterceptorChain.java:64)
	at app//org.junit.jupiter.engine.execution.InvocationInterceptorChain.chainAndInvoke(InvocationInterceptorChain.java:45)
	at app//org.junit.jupiter.engine.execution.InvocationInterceptorChain.invoke(InvocationInterceptorChain.java:37)
	at app//org.junit.jupiter.engine.descriptor.DynamicTestTestDescriptor.execute(DynamicTestTestDescriptor.java:60)
	at app//org.junit.jupiter.engine.descriptor.DynamicTestTestDescriptor.execute(DynamicTestTestDescriptor.java:32)
	at app//org.junit.platform.engine.support.hierarchical.NodeTestTask.lambda$executeRecursively$6(NodeTestTask.java:151)
	at app//org.junit.platform.engine.support.hierarchical.ThrowableCollector.execute(ThrowableCollector.java:73)
	at app//org.junit.platform.engine.support.hierarchical.NodeTestTask.lambda$executeRecursively$8(NodeTestTask.java:141)
	at app//org.junit.platform.engine.support.hierarchical.Node.around(Node.java:137)
	at app//org.junit.platform.engine.support.hierarchical.NodeTestTask.lambda$executeRecursively$9(NodeTestTask.java:139)
	at app//org.junit.platform.engine.support.hierarchical.ThrowableCollector.execute(ThrowableCollector.java:73)
	at app//org.junit.platform.engine.support.hierarchical.NodeTestTask.executeRecursively(NodeTestTask.java:138)
	at app//org.junit.platform.engine.support.hierarchical.NodeTestTask.execute(NodeTestTask.java:95)
	at app//org.junit.platform.engine.support.hierarchical.SameThreadHierarchicalTestExecutorService.submit(SameThreadHierarchicalTestExecutorService.java:35)
	at app//org.junit.platform.engine.support.hierarchical.NodeTestTask$DefaultDynamicTestExecutor.execute(NodeTestTask.java:226)
	at app//org.junit.platform.engine.support.hierarchical.NodeTestTask$DefaultDynamicTestExecutor.execute(NodeTestTask.java:204)
	at java.base@11.0.18/java.util.Optional.ifPresent(Optional.java:183)
	at app//org.junit.jupiter.engine.descriptor.TestFactoryTestDescriptor.lambda$invokeTestMethod$1(TestFactoryTestDescriptor.java:108)
	at app//org.junit.platform.engine.support.hierarchical.ThrowableCollector.execute(ThrowableCollector.java:73)
	at app//org.junit.jupiter.engine.descriptor.TestFactoryTestDescriptor.invokeTestMethod(TestFactoryTestDescriptor.java:95)
	at app//org.junit.jupiter.engine.descriptor.TestMethodTestDescriptor.execute(TestMethodTestDescriptor.java:138)
	at app//org.junit.jupiter.engine.descriptor.TestMethodTestDescriptor.execute(TestMethodTestDescriptor.java:68)
	at app//org.junit.platform.engine.support.hierarchical.NodeTestTask.lambda$executeRecursively$6(NodeTestTask.java:151)
	at app//org.junit.platform.engine.support.hierarchical.ThrowableCollector.execute(ThrowableCollector.java:73)
	at app//org.junit.platform.engine.support.hierarchical.NodeTestTask.lambda$executeRecursively$8(NodeTestTask.java:141)
	at app//org.junit.platform.engine.support.hierarchical.Node.around(Node.java:137)
	at app//org.junit.platform.engine.support.hierarchical.NodeTestTask.lambda$executeRecursively$9(NodeTestTask.java:139)
	at app//org.junit.platform.engine.support.hierarchical.ThrowableCollector.execute(ThrowableCollector.java:73)
	at app//org.junit.platform.engine.support.hierarchical.NodeTestTask.executeRecursively(NodeTestTask.java:138)
	at app//org.junit.platform.engine.support.hierarchical.NodeTestTask.execute(NodeTestTask.java:95)
	at java.base@11.0.18/java.util.ArrayList.forEach(ArrayList.java:1541)
	at app//org.junit.platform.engine.support.hierarchical.SameThreadHierarchicalTestExecutorService.invokeAll(SameThreadHierarchicalTestExecutorService.java:41)
	at app//org.junit.platform.engine.support.hierarchical.NodeTestTask.lambda$executeRecursively$6(NodeTestTask.java:155)
	at app//org.junit.platform.engine.support.hierarchical.ThrowableCollector.execute(ThrowableCollector.java:73)
	at app//org.junit.platform.engine.support.hierarchical.NodeTestTask.lambda$executeRecursively$8(NodeTestTask.java:141)
	at app//org.junit.platform.engine.support.hierarchical.Node.around(Node.java:137)
	at app//org.junit.platform.engine.support.hierarchical.NodeTestTask.lambda$executeRecursively$9(NodeTestTask.java:139)
	at app//org.junit.platform.engine.support.hierarchical.ThrowableCollector.execute(ThrowableCollector.java:73)
	at app//org.junit.platform.engine.support.hierarchical.NodeTestTask.executeRecursively(NodeTestTask.java:138)
	at app//org.junit.platform.engine.support.hierarchical.NodeTestTask.execute(NodeTestTask.java:95)
	at java.base@11.0.18/java.util.ArrayList.forEach(ArrayList.java:1541)
	at app//org.junit.platform.engine.support.hierarchical.SameThreadHierarchicalTestExecutorService.invokeAll(SameThreadHierarchicalTestExecutorService.java:41)
	at app//org.junit.platform.engine.support.hierarchical.NodeTestTask.lambda$executeRecursively$6(NodeTestTask.java:155)
	at app//org.junit.platform.engine.support.hierarchical.ThrowableCollector.execute(ThrowableCollector.java:73)
	at app//org.junit.platform.engine.support.hierarchical.NodeTestTask.lambda$executeRecursively$8(NodeTestTask.java:141)
	at app//org.junit.platform.engine.support.hierarchical.Node.around(Node.java:137)
	at app//org.junit.platform.engine.support.hierarchical.NodeTestTask.lambda$executeRecursively$9(NodeTestTask.java:139)
	at app//org.junit.platform.engine.support.hierarchical.ThrowableCollector.execute(ThrowableCollector.java:73)
	at app//org.junit.platform.engine.support.hierarchical.NodeTestTask.executeRecursively(NodeTestTask.java:138)
	at app//org.junit.platform.engine.support.hierarchical.NodeTestTask.execute(NodeTestTask.java:95)
	at app//org.junit.platform.engine.support.hierarchical.SameThreadHierarchicalTestExecutorService.submit(SameThreadHierarchicalTestExecutorService.java:35)
	at app//org.junit.platform.engine.support.hierarchical.HierarchicalTestExecutor.execute(HierarchicalTestExecutor.java:57)
	at app//org.junit.platform.engine.support.hierarchical.HierarchicalTestEngine.execute(HierarchicalTestEngine.java:54)
	at app//org.junit.platform.launcher.core.EngineExecutionOrchestrator.execute(EngineExecutionOrchestrator.java:107)
	at app//org.junit.platform.launcher.core.EngineExecutionOrchestrator.execute(EngineExecutionOrchestrator.java:88)
	at app//org.junit.platform.launcher.core.EngineExecutionOrchestrator.lambda$execute$0(EngineExecutionOrchestrator.java:54)
	at app//org.junit.platform.launcher.core.EngineExecutionOrchestrator.withInterceptedStreams(EngineExecutionOrchestrator.java:67)
	at app//org.junit.platform.launcher.core.EngineExecutionOrchestrator.execute(EngineExecutionOrchestrator.java:52)
	at app//org.junit.platform.launcher.core.DefaultLauncher.execute(DefaultLauncher.java:114)
	at app//org.junit.platform.launcher.core.DefaultLauncher.execute(DefaultLauncher.java:86)
	at app//org.junit.platform.launcher.core.DefaultLauncherSession$DelegatingLauncher.execute(DefaultLauncherSession.java:86)
	at org.gradle.api.internal.tasks.testing.junitplatform.JUnitPlatformTestClassProcessor$CollectAllTestClassesExecutor.processAllTestClasses(JUnitPlatformTestClassProcessor.java:110)
	at org.gradle.api.internal.tasks.testing.junitplatform.JUnitPlatformTestClassProcessor$CollectAllTestClassesExecutor.access$000(JUnitPlatformTestClassProcessor.java:90)
	at org.gradle.api.internal.tasks.testing.junitplatform.JUnitPlatformTestClassProcessor.stop(JUnitPlatformTestClassProcessor.java:85)
	at org.gradle.api.internal.tasks.testing.SuiteTestClassProcessor.stop(SuiteTestClassProcessor.java:62)
	at java.base@11.0.18/jdk.internal.reflect.NativeMethodAccessorImpl.invoke0(Native Method)
	at java.base@11.0.18/jdk.internal.reflect.NativeMethodAccessorImpl.invoke(NativeMethodAccessorImpl.java:62)
	at java.base@11.0.18/jdk.internal.reflect.DelegatingMethodAccessorImpl.invoke(DelegatingMethodAccessorImpl.java:43)
	at java.base@11.0.18/java.lang.reflect.Method.invoke(Method.java:566)
	at org.gradle.internal.dispatch.ReflectionDispatch.dispatch(ReflectionDispatch.java:36)
	at org.gradle.internal.dispatch.ReflectionDispatch.dispatch(ReflectionDispatch.java:24)
	at org.gradle.internal.dispatch.ContextClassLoaderDispatch.dispatch(ContextClassLoaderDispatch.java:33)
	at org.gradle.internal.dispatch.ProxyDispatchAdapter$DispatchingInvocationHandler.invoke(ProxyDispatchAdapter.java:94)
	at com.sun.proxy.$Proxy2.stop(Unknown Source)
	at org.gradle.api.internal.tasks.testing.worker.TestWorker$3.run(TestWorker.java:193)
	at org.gradle.api.internal.tasks.testing.worker.TestWorker.executeAndMaintainThreadName(TestWorker.java:129)
	at org.gradle.api.internal.tasks.testing.worker.TestWorker.execute(TestWorker.java:100)
	at org.gradle.api.internal.tasks.testing.worker.TestWorker.execute(TestWorker.java:60)
	at org.gradle.process.internal.worker.child.ActionExecutionWorker.execute(ActionExecutionWorker.java:56)
	at org.gradle.process.internal.worker.child.SystemApplicationClassLoaderWorker.call(SystemApplicationClassLoaderWorker.java:113)
	at org.gradle.process.internal.worker.child.SystemApplicationClassLoaderWorker.call(SystemApplicationClassLoaderWorker.java:65)
	at app//worker.org.gradle.process.internal.worker.GradleWorkerMain.run(GradleWorkerMain.java:69)
	at app//worker.org.gradle.process.internal.worker.GradleWorkerMain.main(GradleWorkerMain.java:74)
</failure>
  </testcase>
  <testcase name="permissionHeap" classname="de.uka.ilkd.key.proof.runallproofs.RunAllProofsFunctional" time="1.758">
    <failure message="org.opentest4j.AssertionFailedError: Executed process terminated with non-zero exit value. ==&gt; expected: &lt;0&gt; but was: &lt;1&gt;" type="org.opentest4j.AssertionFailedError">org.opentest4j.AssertionFailedError: Executed process terminated with non-zero exit value. ==&gt; expected: &lt;0&gt; but was: &lt;1&gt;
	at app//org.junit.jupiter.api.AssertionFailureBuilder.build(AssertionFailureBuilder.java:151)
	at app//org.junit.jupiter.api.AssertionFailureBuilder.buildAndThrow(AssertionFailureBuilder.java:132)
	at app//org.junit.jupiter.api.AssertEquals.failNotEqual(AssertEquals.java:197)
	at app//org.junit.jupiter.api.AssertEquals.assertEquals(AssertEquals.java:150)
	at app//org.junit.jupiter.api.Assertions.assertEquals(Assertions.java:560)
	at app//de.uka.ilkd.key.proof.runallproofs.proofcollection.ForkedTestFileRunner.processTestFiles(ForkedTestFileRunner.java:130)
	at app//de.uka.ilkd.key.proof.runallproofs.RunAllProofsTestUnit.runTest(RunAllProofsTestUnit.java:89)
	at app//de.uka.ilkd.key.proof.runallproofs.RunAllProofsTest.lambda$data$0(RunAllProofsTest.java:77)
	at app//org.junit.jupiter.engine.descriptor.DynamicTestTestDescriptor.lambda$execute$0(DynamicTestTestDescriptor.java:53)
	at app//org.junit.jupiter.engine.execution.InvocationInterceptorChain$ValidatingInvocation.proceed(InvocationInterceptorChain.java:131)
	at app//org.junit.jupiter.api.extension.InvocationInterceptor.interceptDynamicTest(InvocationInterceptor.java:167)
	at app//org.junit.jupiter.api.extension.InvocationInterceptor.interceptDynamicTest(InvocationInterceptor.java:184)
	at app//org.junit.jupiter.engine.descriptor.DynamicTestTestDescriptor.lambda$execute$1(DynamicTestTestDescriptor.java:61)
	at app//org.junit.jupiter.engine.execution.InvocationInterceptorChain$InterceptorCall.lambda$ofVoid$0(InvocationInterceptorChain.java:78)
	at app//org.junit.jupiter.engine.execution.InvocationInterceptorChain$InterceptedInvocation.proceed(InvocationInterceptorChain.java:106)
	at app//org.junit.jupiter.engine.execution.InvocationInterceptorChain.proceed(InvocationInterceptorChain.java:64)
	at app//org.junit.jupiter.engine.execution.InvocationInterceptorChain.chainAndInvoke(InvocationInterceptorChain.java:45)
	at app//org.junit.jupiter.engine.execution.InvocationInterceptorChain.invoke(InvocationInterceptorChain.java:37)
	at app//org.junit.jupiter.engine.descriptor.DynamicTestTestDescriptor.execute(DynamicTestTestDescriptor.java:60)
	at app//org.junit.jupiter.engine.descriptor.DynamicTestTestDescriptor.execute(DynamicTestTestDescriptor.java:32)
	at app//org.junit.platform.engine.support.hierarchical.NodeTestTask.lambda$executeRecursively$6(NodeTestTask.java:151)
	at app//org.junit.platform.engine.support.hierarchical.ThrowableCollector.execute(ThrowableCollector.java:73)
	at app//org.junit.platform.engine.support.hierarchical.NodeTestTask.lambda$executeRecursively$8(NodeTestTask.java:141)
	at app//org.junit.platform.engine.support.hierarchical.Node.around(Node.java:137)
	at app//org.junit.platform.engine.support.hierarchical.NodeTestTask.lambda$executeRecursively$9(NodeTestTask.java:139)
	at app//org.junit.platform.engine.support.hierarchical.ThrowableCollector.execute(ThrowableCollector.java:73)
	at app//org.junit.platform.engine.support.hierarchical.NodeTestTask.executeRecursively(NodeTestTask.java:138)
	at app//org.junit.platform.engine.support.hierarchical.NodeTestTask.execute(NodeTestTask.java:95)
	at app//org.junit.platform.engine.support.hierarchical.SameThreadHierarchicalTestExecutorService.submit(SameThreadHierarchicalTestExecutorService.java:35)
	at app//org.junit.platform.engine.support.hierarchical.NodeTestTask$DefaultDynamicTestExecutor.execute(NodeTestTask.java:226)
	at app//org.junit.platform.engine.support.hierarchical.NodeTestTask$DefaultDynamicTestExecutor.execute(NodeTestTask.java:204)
	at java.base@11.0.18/java.util.Optional.ifPresent(Optional.java:183)
	at app//org.junit.jupiter.engine.descriptor.TestFactoryTestDescriptor.lambda$invokeTestMethod$1(TestFactoryTestDescriptor.java:108)
	at app//org.junit.platform.engine.support.hierarchical.ThrowableCollector.execute(ThrowableCollector.java:73)
	at app//org.junit.jupiter.engine.descriptor.TestFactoryTestDescriptor.invokeTestMethod(TestFactoryTestDescriptor.java:95)
	at app//org.junit.jupiter.engine.descriptor.TestMethodTestDescriptor.execute(TestMethodTestDescriptor.java:138)
	at app//org.junit.jupiter.engine.descriptor.TestMethodTestDescriptor.execute(TestMethodTestDescriptor.java:68)
	at app//org.junit.platform.engine.support.hierarchical.NodeTestTask.lambda$executeRecursively$6(NodeTestTask.java:151)
	at app//org.junit.platform.engine.support.hierarchical.ThrowableCollector.execute(ThrowableCollector.java:73)
	at app//org.junit.platform.engine.support.hierarchical.NodeTestTask.lambda$executeRecursively$8(NodeTestTask.java:141)
	at app//org.junit.platform.engine.support.hierarchical.Node.around(Node.java:137)
	at app//org.junit.platform.engine.support.hierarchical.NodeTestTask.lambda$executeRecursively$9(NodeTestTask.java:139)
	at app//org.junit.platform.engine.support.hierarchical.ThrowableCollector.execute(ThrowableCollector.java:73)
	at app//org.junit.platform.engine.support.hierarchical.NodeTestTask.executeRecursively(NodeTestTask.java:138)
	at app//org.junit.platform.engine.support.hierarchical.NodeTestTask.execute(NodeTestTask.java:95)
	at java.base@11.0.18/java.util.ArrayList.forEach(ArrayList.java:1541)
	at app//org.junit.platform.engine.support.hierarchical.SameThreadHierarchicalTestExecutorService.invokeAll(SameThreadHierarchicalTestExecutorService.java:41)
	at app//org.junit.platform.engine.support.hierarchical.NodeTestTask.lambda$executeRecursively$6(NodeTestTask.java:155)
	at app//org.junit.platform.engine.support.hierarchical.ThrowableCollector.execute(ThrowableCollector.java:73)
	at app//org.junit.platform.engine.support.hierarchical.NodeTestTask.lambda$executeRecursively$8(NodeTestTask.java:141)
	at app//org.junit.platform.engine.support.hierarchical.Node.around(Node.java:137)
	at app//org.junit.platform.engine.support.hierarchical.NodeTestTask.lambda$executeRecursively$9(NodeTestTask.java:139)
	at app//org.junit.platform.engine.support.hierarchical.ThrowableCollector.execute(ThrowableCollector.java:73)
	at app//org.junit.platform.engine.support.hierarchical.NodeTestTask.executeRecursively(NodeTestTask.java:138)
	at app//org.junit.platform.engine.support.hierarchical.NodeTestTask.execute(NodeTestTask.java:95)
	at java.base@11.0.18/java.util.ArrayList.forEach(ArrayList.java:1541)
	at app//org.junit.platform.engine.support.hierarchical.SameThreadHierarchicalTestExecutorService.invokeAll(SameThreadHierarchicalTestExecutorService.java:41)
	at app//org.junit.platform.engine.support.hierarchical.NodeTestTask.lambda$executeRecursively$6(NodeTestTask.java:155)
	at app//org.junit.platform.engine.support.hierarchical.ThrowableCollector.execute(ThrowableCollector.java:73)
	at app//org.junit.platform.engine.support.hierarchical.NodeTestTask.lambda$executeRecursively$8(NodeTestTask.java:141)
	at app//org.junit.platform.engine.support.hierarchical.Node.around(Node.java:137)
	at app//org.junit.platform.engine.support.hierarchical.NodeTestTask.lambda$executeRecursively$9(NodeTestTask.java:139)
	at app//org.junit.platform.engine.support.hierarchical.ThrowableCollector.execute(ThrowableCollector.java:73)
	at app//org.junit.platform.engine.support.hierarchical.NodeTestTask.executeRecursively(NodeTestTask.java:138)
	at app//org.junit.platform.engine.support.hierarchical.NodeTestTask.execute(NodeTestTask.java:95)
	at app//org.junit.platform.engine.support.hierarchical.SameThreadHierarchicalTestExecutorService.submit(SameThreadHierarchicalTestExecutorService.java:35)
	at app//org.junit.platform.engine.support.hierarchical.HierarchicalTestExecutor.execute(HierarchicalTestExecutor.java:57)
	at app//org.junit.platform.engine.support.hierarchical.HierarchicalTestEngine.execute(HierarchicalTestEngine.java:54)
	at app//org.junit.platform.launcher.core.EngineExecutionOrchestrator.execute(EngineExecutionOrchestrator.java:107)
	at app//org.junit.platform.launcher.core.EngineExecutionOrchestrator.execute(EngineExecutionOrchestrator.java:88)
	at app//org.junit.platform.launcher.core.EngineExecutionOrchestrator.lambda$execute$0(EngineExecutionOrchestrator.java:54)
	at app//org.junit.platform.launcher.core.EngineExecutionOrchestrator.withInterceptedStreams(EngineExecutionOrchestrator.java:67)
	at app//org.junit.platform.launcher.core.EngineExecutionOrchestrator.execute(EngineExecutionOrchestrator.java:52)
	at app//org.junit.platform.launcher.core.DefaultLauncher.execute(DefaultLauncher.java:114)
	at app//org.junit.platform.launcher.core.DefaultLauncher.execute(DefaultLauncher.java:86)
	at app//org.junit.platform.launcher.core.DefaultLauncherSession$DelegatingLauncher.execute(DefaultLauncherSession.java:86)
	at org.gradle.api.internal.tasks.testing.junitplatform.JUnitPlatformTestClassProcessor$CollectAllTestClassesExecutor.processAllTestClasses(JUnitPlatformTestClassProcessor.java:110)
	at org.gradle.api.internal.tasks.testing.junitplatform.JUnitPlatformTestClassProcessor$CollectAllTestClassesExecutor.access$000(JUnitPlatformTestClassProcessor.java:90)
	at org.gradle.api.internal.tasks.testing.junitplatform.JUnitPlatformTestClassProcessor.stop(JUnitPlatformTestClassProcessor.java:85)
	at org.gradle.api.internal.tasks.testing.SuiteTestClassProcessor.stop(SuiteTestClassProcessor.java:62)
	at java.base@11.0.18/jdk.internal.reflect.NativeMethodAccessorImpl.invoke0(Native Method)
	at java.base@11.0.18/jdk.internal.reflect.NativeMethodAccessorImpl.invoke(NativeMethodAccessorImpl.java:62)
	at java.base@11.0.18/jdk.internal.reflect.DelegatingMethodAccessorImpl.invoke(DelegatingMethodAccessorImpl.java:43)
	at java.base@11.0.18/java.lang.reflect.Method.invoke(Method.java:566)
	at org.gradle.internal.dispatch.ReflectionDispatch.dispatch(ReflectionDispatch.java:36)
	at org.gradle.internal.dispatch.ReflectionDispatch.dispatch(ReflectionDispatch.java:24)
	at org.gradle.internal.dispatch.ContextClassLoaderDispatch.dispatch(ContextClassLoaderDispatch.java:33)
	at org.gradle.internal.dispatch.ProxyDispatchAdapter$DispatchingInvocationHandler.invoke(ProxyDispatchAdapter.java:94)
	at com.sun.proxy.$Proxy2.stop(Unknown Source)
	at org.gradle.api.internal.tasks.testing.worker.TestWorker$3.run(TestWorker.java:193)
	at org.gradle.api.internal.tasks.testing.worker.TestWorker.executeAndMaintainThreadName(TestWorker.java:129)
	at org.gradle.api.internal.tasks.testing.worker.TestWorker.execute(TestWorker.java:100)
	at org.gradle.api.internal.tasks.testing.worker.TestWorker.execute(TestWorker.java:60)
	at org.gradle.process.internal.worker.child.ActionExecutionWorker.execute(ActionExecutionWorker.java:56)
	at org.gradle.process.internal.worker.child.SystemApplicationClassLoaderWorker.call(SystemApplicationClassLoaderWorker.java:113)
	at org.gradle.process.internal.worker.child.SystemApplicationClassLoaderWorker.call(SystemApplicationClassLoaderWorker.java:65)
	at app//worker.org.gradle.process.internal.worker.GradleWorkerMain.run(GradleWorkerMain.java:69)
	at app//worker.org.gradle.process.internal.worker.GradleWorkerMain.main(GradleWorkerMain.java:74)
</failure>
  </testcase>
  <testcase name="completionScopes" classname="de.uka.ilkd.key.proof.runallproofs.RunAllProofsFunctional" time="1.081">
    <failure message="org.opentest4j.AssertionFailedError: Executed process terminated with non-zero exit value. ==&gt; expected: &lt;0&gt; but was: &lt;1&gt;" type="org.opentest4j.AssertionFailedError">org.opentest4j.AssertionFailedError: Executed process terminated with non-zero exit value. ==&gt; expected: &lt;0&gt; but was: &lt;1&gt;
	at app//org.junit.jupiter.api.AssertionFailureBuilder.build(AssertionFailureBuilder.java:151)
	at app//org.junit.jupiter.api.AssertionFailureBuilder.buildAndThrow(AssertionFailureBuilder.java:132)
	at app//org.junit.jupiter.api.AssertEquals.failNotEqual(AssertEquals.java:197)
	at app//org.junit.jupiter.api.AssertEquals.assertEquals(AssertEquals.java:150)
	at app//org.junit.jupiter.api.Assertions.assertEquals(Assertions.java:560)
	at app//de.uka.ilkd.key.proof.runallproofs.proofcollection.ForkedTestFileRunner.processTestFiles(ForkedTestFileRunner.java:130)
	at app//de.uka.ilkd.key.proof.runallproofs.RunAllProofsTestUnit.runTest(RunAllProofsTestUnit.java:89)
	at app//de.uka.ilkd.key.proof.runallproofs.RunAllProofsTest.lambda$data$0(RunAllProofsTest.java:77)
	at app//org.junit.jupiter.engine.descriptor.DynamicTestTestDescriptor.lambda$execute$0(DynamicTestTestDescriptor.java:53)
	at app//org.junit.jupiter.engine.execution.InvocationInterceptorChain$ValidatingInvocation.proceed(InvocationInterceptorChain.java:131)
	at app//org.junit.jupiter.api.extension.InvocationInterceptor.interceptDynamicTest(InvocationInterceptor.java:167)
	at app//org.junit.jupiter.api.extension.InvocationInterceptor.interceptDynamicTest(InvocationInterceptor.java:184)
	at app//org.junit.jupiter.engine.descriptor.DynamicTestTestDescriptor.lambda$execute$1(DynamicTestTestDescriptor.java:61)
	at app//org.junit.jupiter.engine.execution.InvocationInterceptorChain$InterceptorCall.lambda$ofVoid$0(InvocationInterceptorChain.java:78)
	at app//org.junit.jupiter.engine.execution.InvocationInterceptorChain$InterceptedInvocation.proceed(InvocationInterceptorChain.java:106)
	at app//org.junit.jupiter.engine.execution.InvocationInterceptorChain.proceed(InvocationInterceptorChain.java:64)
	at app//org.junit.jupiter.engine.execution.InvocationInterceptorChain.chainAndInvoke(InvocationInterceptorChain.java:45)
	at app//org.junit.jupiter.engine.execution.InvocationInterceptorChain.invoke(InvocationInterceptorChain.java:37)
	at app//org.junit.jupiter.engine.descriptor.DynamicTestTestDescriptor.execute(DynamicTestTestDescriptor.java:60)
	at app//org.junit.jupiter.engine.descriptor.DynamicTestTestDescriptor.execute(DynamicTestTestDescriptor.java:32)
	at app//org.junit.platform.engine.support.hierarchical.NodeTestTask.lambda$executeRecursively$6(NodeTestTask.java:151)
	at app//org.junit.platform.engine.support.hierarchical.ThrowableCollector.execute(ThrowableCollector.java:73)
	at app//org.junit.platform.engine.support.hierarchical.NodeTestTask.lambda$executeRecursively$8(NodeTestTask.java:141)
	at app//org.junit.platform.engine.support.hierarchical.Node.around(Node.java:137)
	at app//org.junit.platform.engine.support.hierarchical.NodeTestTask.lambda$executeRecursively$9(NodeTestTask.java:139)
	at app//org.junit.platform.engine.support.hierarchical.ThrowableCollector.execute(ThrowableCollector.java:73)
	at app//org.junit.platform.engine.support.hierarchical.NodeTestTask.executeRecursively(NodeTestTask.java:138)
	at app//org.junit.platform.engine.support.hierarchical.NodeTestTask.execute(NodeTestTask.java:95)
	at app//org.junit.platform.engine.support.hierarchical.SameThreadHierarchicalTestExecutorService.submit(SameThreadHierarchicalTestExecutorService.java:35)
	at app//org.junit.platform.engine.support.hierarchical.NodeTestTask$DefaultDynamicTestExecutor.execute(NodeTestTask.java:226)
	at app//org.junit.platform.engine.support.hierarchical.NodeTestTask$DefaultDynamicTestExecutor.execute(NodeTestTask.java:204)
	at java.base@11.0.18/java.util.Optional.ifPresent(Optional.java:183)
	at app//org.junit.jupiter.engine.descriptor.TestFactoryTestDescriptor.lambda$invokeTestMethod$1(TestFactoryTestDescriptor.java:108)
	at app//org.junit.platform.engine.support.hierarchical.ThrowableCollector.execute(ThrowableCollector.java:73)
	at app//org.junit.jupiter.engine.descriptor.TestFactoryTestDescriptor.invokeTestMethod(TestFactoryTestDescriptor.java:95)
	at app//org.junit.jupiter.engine.descriptor.TestMethodTestDescriptor.execute(TestMethodTestDescriptor.java:138)
	at app//org.junit.jupiter.engine.descriptor.TestMethodTestDescriptor.execute(TestMethodTestDescriptor.java:68)
	at app//org.junit.platform.engine.support.hierarchical.NodeTestTask.lambda$executeRecursively$6(NodeTestTask.java:151)
	at app//org.junit.platform.engine.support.hierarchical.ThrowableCollector.execute(ThrowableCollector.java:73)
	at app//org.junit.platform.engine.support.hierarchical.NodeTestTask.lambda$executeRecursively$8(NodeTestTask.java:141)
	at app//org.junit.platform.engine.support.hierarchical.Node.around(Node.java:137)
	at app//org.junit.platform.engine.support.hierarchical.NodeTestTask.lambda$executeRecursively$9(NodeTestTask.java:139)
	at app//org.junit.platform.engine.support.hierarchical.ThrowableCollector.execute(ThrowableCollector.java:73)
	at app//org.junit.platform.engine.support.hierarchical.NodeTestTask.executeRecursively(NodeTestTask.java:138)
	at app//org.junit.platform.engine.support.hierarchical.NodeTestTask.execute(NodeTestTask.java:95)
	at java.base@11.0.18/java.util.ArrayList.forEach(ArrayList.java:1541)
	at app//org.junit.platform.engine.support.hierarchical.SameThreadHierarchicalTestExecutorService.invokeAll(SameThreadHierarchicalTestExecutorService.java:41)
	at app//org.junit.platform.engine.support.hierarchical.NodeTestTask.lambda$executeRecursively$6(NodeTestTask.java:155)
	at app//org.junit.platform.engine.support.hierarchical.ThrowableCollector.execute(ThrowableCollector.java:73)
	at app//org.junit.platform.engine.support.hierarchical.NodeTestTask.lambda$executeRecursively$8(NodeTestTask.java:141)
	at app//org.junit.platform.engine.support.hierarchical.Node.around(Node.java:137)
	at app//org.junit.platform.engine.support.hierarchical.NodeTestTask.lambda$executeRecursively$9(NodeTestTask.java:139)
	at app//org.junit.platform.engine.support.hierarchical.ThrowableCollector.execute(ThrowableCollector.java:73)
	at app//org.junit.platform.engine.support.hierarchical.NodeTestTask.executeRecursively(NodeTestTask.java:138)
	at app//org.junit.platform.engine.support.hierarchical.NodeTestTask.execute(NodeTestTask.java:95)
	at java.base@11.0.18/java.util.ArrayList.forEach(ArrayList.java:1541)
	at app//org.junit.platform.engine.support.hierarchical.SameThreadHierarchicalTestExecutorService.invokeAll(SameThreadHierarchicalTestExecutorService.java:41)
	at app//org.junit.platform.engine.support.hierarchical.NodeTestTask.lambda$executeRecursively$6(NodeTestTask.java:155)
	at app//org.junit.platform.engine.support.hierarchical.ThrowableCollector.execute(ThrowableCollector.java:73)
	at app//org.junit.platform.engine.support.hierarchical.NodeTestTask.lambda$executeRecursively$8(NodeTestTask.java:141)
	at app//org.junit.platform.engine.support.hierarchical.Node.around(Node.java:137)
	at app//org.junit.platform.engine.support.hierarchical.NodeTestTask.lambda$executeRecursively$9(NodeTestTask.java:139)
	at app//org.junit.platform.engine.support.hierarchical.ThrowableCollector.execute(ThrowableCollector.java:73)
	at app//org.junit.platform.engine.support.hierarchical.NodeTestTask.executeRecursively(NodeTestTask.java:138)
	at app//org.junit.platform.engine.support.hierarchical.NodeTestTask.execute(NodeTestTask.java:95)
	at app//org.junit.platform.engine.support.hierarchical.SameThreadHierarchicalTestExecutorService.submit(SameThreadHierarchicalTestExecutorService.java:35)
	at app//org.junit.platform.engine.support.hierarchical.HierarchicalTestExecutor.execute(HierarchicalTestExecutor.java:57)
	at app//org.junit.platform.engine.support.hierarchical.HierarchicalTestEngine.execute(HierarchicalTestEngine.java:54)
	at app//org.junit.platform.launcher.core.EngineExecutionOrchestrator.execute(EngineExecutionOrchestrator.java:107)
	at app//org.junit.platform.launcher.core.EngineExecutionOrchestrator.execute(EngineExecutionOrchestrator.java:88)
	at app//org.junit.platform.launcher.core.EngineExecutionOrchestrator.lambda$execute$0(EngineExecutionOrchestrator.java:54)
	at app//org.junit.platform.launcher.core.EngineExecutionOrchestrator.withInterceptedStreams(EngineExecutionOrchestrator.java:67)
	at app//org.junit.platform.launcher.core.EngineExecutionOrchestrator.execute(EngineExecutionOrchestrator.java:52)
	at app//org.junit.platform.launcher.core.DefaultLauncher.execute(DefaultLauncher.java:114)
	at app//org.junit.platform.launcher.core.DefaultLauncher.execute(DefaultLauncher.java:86)
	at app//org.junit.platform.launcher.core.DefaultLauncherSession$DelegatingLauncher.execute(DefaultLauncherSession.java:86)
	at org.gradle.api.internal.tasks.testing.junitplatform.JUnitPlatformTestClassProcessor$CollectAllTestClassesExecutor.processAllTestClasses(JUnitPlatformTestClassProcessor.java:110)
	at org.gradle.api.internal.tasks.testing.junitplatform.JUnitPlatformTestClassProcessor$CollectAllTestClassesExecutor.access$000(JUnitPlatformTestClassProcessor.java:90)
	at org.gradle.api.internal.tasks.testing.junitplatform.JUnitPlatformTestClassProcessor.stop(JUnitPlatformTestClassProcessor.java:85)
	at org.gradle.api.internal.tasks.testing.SuiteTestClassProcessor.stop(SuiteTestClassProcessor.java:62)
	at java.base@11.0.18/jdk.internal.reflect.NativeMethodAccessorImpl.invoke0(Native Method)
	at java.base@11.0.18/jdk.internal.reflect.NativeMethodAccessorImpl.invoke(NativeMethodAccessorImpl.java:62)
	at java.base@11.0.18/jdk.internal.reflect.DelegatingMethodAccessorImpl.invoke(DelegatingMethodAccessorImpl.java:43)
	at java.base@11.0.18/java.lang.reflect.Method.invoke(Method.java:566)
	at org.gradle.internal.dispatch.ReflectionDispatch.dispatch(ReflectionDispatch.java:36)
	at org.gradle.internal.dispatch.ReflectionDispatch.dispatch(ReflectionDispatch.java:24)
	at org.gradle.internal.dispatch.ContextClassLoaderDispatch.dispatch(ContextClassLoaderDispatch.java:33)
	at org.gradle.internal.dispatch.ProxyDispatchAdapter$DispatchingInvocationHandler.invoke(ProxyDispatchAdapter.java:94)
	at com.sun.proxy.$Proxy2.stop(Unknown Source)
	at org.gradle.api.internal.tasks.testing.worker.TestWorker$3.run(TestWorker.java:193)
	at org.gradle.api.internal.tasks.testing.worker.TestWorker.executeAndMaintainThreadName(TestWorker.java:129)
	at org.gradle.api.internal.tasks.testing.worker.TestWorker.execute(TestWorker.java:100)
	at org.gradle.api.internal.tasks.testing.worker.TestWorker.execute(TestWorker.java:60)
	at org.gradle.process.internal.worker.child.ActionExecutionWorker.execute(ActionExecutionWorker.java:56)
	at org.gradle.process.internal.worker.child.SystemApplicationClassLoaderWorker.call(SystemApplicationClassLoaderWorker.java:113)
	at org.gradle.process.internal.worker.child.SystemApplicationClassLoaderWorker.call(SystemApplicationClassLoaderWorker.java:65)
	at app//worker.org.gradle.process.internal.worker.GradleWorkerMain.run(GradleWorkerMain.java:69)
	at app//worker.org.gradle.process.internal.worker.GradleWorkerMain.main(GradleWorkerMain.java:74)
</failure>
  </testcase>
  <testcase name="reload_examples" classname="de.uka.ilkd.key.proof.runallproofs.RunAllProofsFunctional" time="1.136">
    <failure message="org.opentest4j.AssertionFailedError: Executed process terminated with non-zero exit value. ==&gt; expected: &lt;0&gt; but was: &lt;1&gt;" type="org.opentest4j.AssertionFailedError">org.opentest4j.AssertionFailedError: Executed process terminated with non-zero exit value. ==&gt; expected: &lt;0&gt; but was: &lt;1&gt;
	at app//org.junit.jupiter.api.AssertionFailureBuilder.build(AssertionFailureBuilder.java:151)
	at app//org.junit.jupiter.api.AssertionFailureBuilder.buildAndThrow(AssertionFailureBuilder.java:132)
	at app//org.junit.jupiter.api.AssertEquals.failNotEqual(AssertEquals.java:197)
	at app//org.junit.jupiter.api.AssertEquals.assertEquals(AssertEquals.java:150)
	at app//org.junit.jupiter.api.Assertions.assertEquals(Assertions.java:560)
	at app//de.uka.ilkd.key.proof.runallproofs.proofcollection.ForkedTestFileRunner.processTestFiles(ForkedTestFileRunner.java:130)
	at app//de.uka.ilkd.key.proof.runallproofs.RunAllProofsTestUnit.runTest(RunAllProofsTestUnit.java:89)
	at app//de.uka.ilkd.key.proof.runallproofs.RunAllProofsTest.lambda$data$0(RunAllProofsTest.java:77)
	at app//org.junit.jupiter.engine.descriptor.DynamicTestTestDescriptor.lambda$execute$0(DynamicTestTestDescriptor.java:53)
	at app//org.junit.jupiter.engine.execution.InvocationInterceptorChain$ValidatingInvocation.proceed(InvocationInterceptorChain.java:131)
	at app//org.junit.jupiter.api.extension.InvocationInterceptor.interceptDynamicTest(InvocationInterceptor.java:167)
	at app//org.junit.jupiter.api.extension.InvocationInterceptor.interceptDynamicTest(InvocationInterceptor.java:184)
	at app//org.junit.jupiter.engine.descriptor.DynamicTestTestDescriptor.lambda$execute$1(DynamicTestTestDescriptor.java:61)
	at app//org.junit.jupiter.engine.execution.InvocationInterceptorChain$InterceptorCall.lambda$ofVoid$0(InvocationInterceptorChain.java:78)
	at app//org.junit.jupiter.engine.execution.InvocationInterceptorChain$InterceptedInvocation.proceed(InvocationInterceptorChain.java:106)
	at app//org.junit.jupiter.engine.execution.InvocationInterceptorChain.proceed(InvocationInterceptorChain.java:64)
	at app//org.junit.jupiter.engine.execution.InvocationInterceptorChain.chainAndInvoke(InvocationInterceptorChain.java:45)
	at app//org.junit.jupiter.engine.execution.InvocationInterceptorChain.invoke(InvocationInterceptorChain.java:37)
	at app//org.junit.jupiter.engine.descriptor.DynamicTestTestDescriptor.execute(DynamicTestTestDescriptor.java:60)
	at app//org.junit.jupiter.engine.descriptor.DynamicTestTestDescriptor.execute(DynamicTestTestDescriptor.java:32)
	at app//org.junit.platform.engine.support.hierarchical.NodeTestTask.lambda$executeRecursively$6(NodeTestTask.java:151)
	at app//org.junit.platform.engine.support.hierarchical.ThrowableCollector.execute(ThrowableCollector.java:73)
	at app//org.junit.platform.engine.support.hierarchical.NodeTestTask.lambda$executeRecursively$8(NodeTestTask.java:141)
	at app//org.junit.platform.engine.support.hierarchical.Node.around(Node.java:137)
	at app//org.junit.platform.engine.support.hierarchical.NodeTestTask.lambda$executeRecursively$9(NodeTestTask.java:139)
	at app//org.junit.platform.engine.support.hierarchical.ThrowableCollector.execute(ThrowableCollector.java:73)
	at app//org.junit.platform.engine.support.hierarchical.NodeTestTask.executeRecursively(NodeTestTask.java:138)
	at app//org.junit.platform.engine.support.hierarchical.NodeTestTask.execute(NodeTestTask.java:95)
	at app//org.junit.platform.engine.support.hierarchical.SameThreadHierarchicalTestExecutorService.submit(SameThreadHierarchicalTestExecutorService.java:35)
	at app//org.junit.platform.engine.support.hierarchical.NodeTestTask$DefaultDynamicTestExecutor.execute(NodeTestTask.java:226)
	at app//org.junit.platform.engine.support.hierarchical.NodeTestTask$DefaultDynamicTestExecutor.execute(NodeTestTask.java:204)
	at java.base@11.0.18/java.util.Optional.ifPresent(Optional.java:183)
	at app//org.junit.jupiter.engine.descriptor.TestFactoryTestDescriptor.lambda$invokeTestMethod$1(TestFactoryTestDescriptor.java:108)
	at app//org.junit.platform.engine.support.hierarchical.ThrowableCollector.execute(ThrowableCollector.java:73)
	at app//org.junit.jupiter.engine.descriptor.TestFactoryTestDescriptor.invokeTestMethod(TestFactoryTestDescriptor.java:95)
	at app//org.junit.jupiter.engine.descriptor.TestMethodTestDescriptor.execute(TestMethodTestDescriptor.java:138)
	at app//org.junit.jupiter.engine.descriptor.TestMethodTestDescriptor.execute(TestMethodTestDescriptor.java:68)
	at app//org.junit.platform.engine.support.hierarchical.NodeTestTask.lambda$executeRecursively$6(NodeTestTask.java:151)
	at app//org.junit.platform.engine.support.hierarchical.ThrowableCollector.execute(ThrowableCollector.java:73)
	at app//org.junit.platform.engine.support.hierarchical.NodeTestTask.lambda$executeRecursively$8(NodeTestTask.java:141)
	at app//org.junit.platform.engine.support.hierarchical.Node.around(Node.java:137)
	at app//org.junit.platform.engine.support.hierarchical.NodeTestTask.lambda$executeRecursively$9(NodeTestTask.java:139)
	at app//org.junit.platform.engine.support.hierarchical.ThrowableCollector.execute(ThrowableCollector.java:73)
	at app//org.junit.platform.engine.support.hierarchical.NodeTestTask.executeRecursively(NodeTestTask.java:138)
	at app//org.junit.platform.engine.support.hierarchical.NodeTestTask.execute(NodeTestTask.java:95)
	at java.base@11.0.18/java.util.ArrayList.forEach(ArrayList.java:1541)
	at app//org.junit.platform.engine.support.hierarchical.SameThreadHierarchicalTestExecutorService.invokeAll(SameThreadHierarchicalTestExecutorService.java:41)
	at app//org.junit.platform.engine.support.hierarchical.NodeTestTask.lambda$executeRecursively$6(NodeTestTask.java:155)
	at app//org.junit.platform.engine.support.hierarchical.ThrowableCollector.execute(ThrowableCollector.java:73)
	at app//org.junit.platform.engine.support.hierarchical.NodeTestTask.lambda$executeRecursively$8(NodeTestTask.java:141)
	at app//org.junit.platform.engine.support.hierarchical.Node.around(Node.java:137)
	at app//org.junit.platform.engine.support.hierarchical.NodeTestTask.lambda$executeRecursively$9(NodeTestTask.java:139)
	at app//org.junit.platform.engine.support.hierarchical.ThrowableCollector.execute(ThrowableCollector.java:73)
	at app//org.junit.platform.engine.support.hierarchical.NodeTestTask.executeRecursively(NodeTestTask.java:138)
	at app//org.junit.platform.engine.support.hierarchical.NodeTestTask.execute(NodeTestTask.java:95)
	at java.base@11.0.18/java.util.ArrayList.forEach(ArrayList.java:1541)
	at app//org.junit.platform.engine.support.hierarchical.SameThreadHierarchicalTestExecutorService.invokeAll(SameThreadHierarchicalTestExecutorService.java:41)
	at app//org.junit.platform.engine.support.hierarchical.NodeTestTask.lambda$executeRecursively$6(NodeTestTask.java:155)
	at app//org.junit.platform.engine.support.hierarchical.ThrowableCollector.execute(ThrowableCollector.java:73)
	at app//org.junit.platform.engine.support.hierarchical.NodeTestTask.lambda$executeRecursively$8(NodeTestTask.java:141)
	at app//org.junit.platform.engine.support.hierarchical.Node.around(Node.java:137)
	at app//org.junit.platform.engine.support.hierarchical.NodeTestTask.lambda$executeRecursively$9(NodeTestTask.java:139)
	at app//org.junit.platform.engine.support.hierarchical.ThrowableCollector.execute(ThrowableCollector.java:73)
	at app//org.junit.platform.engine.support.hierarchical.NodeTestTask.executeRecursively(NodeTestTask.java:138)
	at app//org.junit.platform.engine.support.hierarchical.NodeTestTask.execute(NodeTestTask.java:95)
	at app//org.junit.platform.engine.support.hierarchical.SameThreadHierarchicalTestExecutorService.submit(SameThreadHierarchicalTestExecutorService.java:35)
	at app//org.junit.platform.engine.support.hierarchical.HierarchicalTestExecutor.execute(HierarchicalTestExecutor.java:57)
	at app//org.junit.platform.engine.support.hierarchical.HierarchicalTestEngine.execute(HierarchicalTestEngine.java:54)
	at app//org.junit.platform.launcher.core.EngineExecutionOrchestrator.execute(EngineExecutionOrchestrator.java:107)
	at app//org.junit.platform.launcher.core.EngineExecutionOrchestrator.execute(EngineExecutionOrchestrator.java:88)
	at app//org.junit.platform.launcher.core.EngineExecutionOrchestrator.lambda$execute$0(EngineExecutionOrchestrator.java:54)
	at app//org.junit.platform.launcher.core.EngineExecutionOrchestrator.withInterceptedStreams(EngineExecutionOrchestrator.java:67)
	at app//org.junit.platform.launcher.core.EngineExecutionOrchestrator.execute(EngineExecutionOrchestrator.java:52)
	at app//org.junit.platform.launcher.core.DefaultLauncher.execute(DefaultLauncher.java:114)
	at app//org.junit.platform.launcher.core.DefaultLauncher.execute(DefaultLauncher.java:86)
	at app//org.junit.platform.launcher.core.DefaultLauncherSession$DelegatingLauncher.execute(DefaultLauncherSession.java:86)
	at org.gradle.api.internal.tasks.testing.junitplatform.JUnitPlatformTestClassProcessor$CollectAllTestClassesExecutor.processAllTestClasses(JUnitPlatformTestClassProcessor.java:110)
	at org.gradle.api.internal.tasks.testing.junitplatform.JUnitPlatformTestClassProcessor$CollectAllTestClassesExecutor.access$000(JUnitPlatformTestClassProcessor.java:90)
	at org.gradle.api.internal.tasks.testing.junitplatform.JUnitPlatformTestClassProcessor.stop(JUnitPlatformTestClassProcessor.java:85)
	at org.gradle.api.internal.tasks.testing.SuiteTestClassProcessor.stop(SuiteTestClassProcessor.java:62)
	at java.base@11.0.18/jdk.internal.reflect.NativeMethodAccessorImpl.invoke0(Native Method)
	at java.base@11.0.18/jdk.internal.reflect.NativeMethodAccessorImpl.invoke(NativeMethodAccessorImpl.java:62)
	at java.base@11.0.18/jdk.internal.reflect.DelegatingMethodAccessorImpl.invoke(DelegatingMethodAccessorImpl.java:43)
	at java.base@11.0.18/java.lang.reflect.Method.invoke(Method.java:566)
	at org.gradle.internal.dispatch.ReflectionDispatch.dispatch(ReflectionDispatch.java:36)
	at org.gradle.internal.dispatch.ReflectionDispatch.dispatch(ReflectionDispatch.java:24)
	at org.gradle.internal.dispatch.ContextClassLoaderDispatch.dispatch(ContextClassLoaderDispatch.java:33)
	at org.gradle.internal.dispatch.ProxyDispatchAdapter$DispatchingInvocationHandler.invoke(ProxyDispatchAdapter.java:94)
	at com.sun.proxy.$Proxy2.stop(Unknown Source)
	at org.gradle.api.internal.tasks.testing.worker.TestWorker$3.run(TestWorker.java:193)
	at org.gradle.api.internal.tasks.testing.worker.TestWorker.executeAndMaintainThreadName(TestWorker.java:129)
	at org.gradle.api.internal.tasks.testing.worker.TestWorker.execute(TestWorker.java:100)
	at org.gradle.api.internal.tasks.testing.worker.TestWorker.execute(TestWorker.java:60)
	at org.gradle.process.internal.worker.child.ActionExecutionWorker.execute(ActionExecutionWorker.java:56)
	at org.gradle.process.internal.worker.child.SystemApplicationClassLoaderWorker.call(SystemApplicationClassLoaderWorker.java:113)
	at org.gradle.process.internal.worker.child.SystemApplicationClassLoaderWorker.call(SystemApplicationClassLoaderWorker.java:65)
	at app//worker.org.gradle.process.internal.worker.GradleWorkerMain.run(GradleWorkerMain.java:69)
	at app//worker.org.gradle.process.internal.worker.GradleWorkerMain.main(GradleWorkerMain.java:74)
</failure>
  </testcase>
  <testcase name="proofLoadRepair" classname="de.uka.ilkd.key.proof.runallproofs.RunAllProofsFunctional" time="1.037">
    <failure message="org.opentest4j.AssertionFailedError: Executed process terminated with non-zero exit value. ==&gt; expected: &lt;0&gt; but was: &lt;1&gt;" type="org.opentest4j.AssertionFailedError">org.opentest4j.AssertionFailedError: Executed process terminated with non-zero exit value. ==&gt; expected: &lt;0&gt; but was: &lt;1&gt;
	at app//org.junit.jupiter.api.AssertionFailureBuilder.build(AssertionFailureBuilder.java:151)
	at app//org.junit.jupiter.api.AssertionFailureBuilder.buildAndThrow(AssertionFailureBuilder.java:132)
	at app//org.junit.jupiter.api.AssertEquals.failNotEqual(AssertEquals.java:197)
	at app//org.junit.jupiter.api.AssertEquals.assertEquals(AssertEquals.java:150)
	at app//org.junit.jupiter.api.Assertions.assertEquals(Assertions.java:560)
	at app//de.uka.ilkd.key.proof.runallproofs.proofcollection.ForkedTestFileRunner.processTestFiles(ForkedTestFileRunner.java:130)
	at app//de.uka.ilkd.key.proof.runallproofs.RunAllProofsTestUnit.runTest(RunAllProofsTestUnit.java:89)
	at app//de.uka.ilkd.key.proof.runallproofs.RunAllProofsTest.lambda$data$0(RunAllProofsTest.java:77)
	at app//org.junit.jupiter.engine.descriptor.DynamicTestTestDescriptor.lambda$execute$0(DynamicTestTestDescriptor.java:53)
	at app//org.junit.jupiter.engine.execution.InvocationInterceptorChain$ValidatingInvocation.proceed(InvocationInterceptorChain.java:131)
	at app//org.junit.jupiter.api.extension.InvocationInterceptor.interceptDynamicTest(InvocationInterceptor.java:167)
	at app//org.junit.jupiter.api.extension.InvocationInterceptor.interceptDynamicTest(InvocationInterceptor.java:184)
	at app//org.junit.jupiter.engine.descriptor.DynamicTestTestDescriptor.lambda$execute$1(DynamicTestTestDescriptor.java:61)
	at app//org.junit.jupiter.engine.execution.InvocationInterceptorChain$InterceptorCall.lambda$ofVoid$0(InvocationInterceptorChain.java:78)
	at app//org.junit.jupiter.engine.execution.InvocationInterceptorChain$InterceptedInvocation.proceed(InvocationInterceptorChain.java:106)
	at app//org.junit.jupiter.engine.execution.InvocationInterceptorChain.proceed(InvocationInterceptorChain.java:64)
	at app//org.junit.jupiter.engine.execution.InvocationInterceptorChain.chainAndInvoke(InvocationInterceptorChain.java:45)
	at app//org.junit.jupiter.engine.execution.InvocationInterceptorChain.invoke(InvocationInterceptorChain.java:37)
	at app//org.junit.jupiter.engine.descriptor.DynamicTestTestDescriptor.execute(DynamicTestTestDescriptor.java:60)
	at app//org.junit.jupiter.engine.descriptor.DynamicTestTestDescriptor.execute(DynamicTestTestDescriptor.java:32)
	at app//org.junit.platform.engine.support.hierarchical.NodeTestTask.lambda$executeRecursively$6(NodeTestTask.java:151)
	at app//org.junit.platform.engine.support.hierarchical.ThrowableCollector.execute(ThrowableCollector.java:73)
	at app//org.junit.platform.engine.support.hierarchical.NodeTestTask.lambda$executeRecursively$8(NodeTestTask.java:141)
	at app//org.junit.platform.engine.support.hierarchical.Node.around(Node.java:137)
	at app//org.junit.platform.engine.support.hierarchical.NodeTestTask.lambda$executeRecursively$9(NodeTestTask.java:139)
	at app//org.junit.platform.engine.support.hierarchical.ThrowableCollector.execute(ThrowableCollector.java:73)
	at app//org.junit.platform.engine.support.hierarchical.NodeTestTask.executeRecursively(NodeTestTask.java:138)
	at app//org.junit.platform.engine.support.hierarchical.NodeTestTask.execute(NodeTestTask.java:95)
	at app//org.junit.platform.engine.support.hierarchical.SameThreadHierarchicalTestExecutorService.submit(SameThreadHierarchicalTestExecutorService.java:35)
	at app//org.junit.platform.engine.support.hierarchical.NodeTestTask$DefaultDynamicTestExecutor.execute(NodeTestTask.java:226)
	at app//org.junit.platform.engine.support.hierarchical.NodeTestTask$DefaultDynamicTestExecutor.execute(NodeTestTask.java:204)
	at java.base@11.0.18/java.util.Optional.ifPresent(Optional.java:183)
	at app//org.junit.jupiter.engine.descriptor.TestFactoryTestDescriptor.lambda$invokeTestMethod$1(TestFactoryTestDescriptor.java:108)
	at app//org.junit.platform.engine.support.hierarchical.ThrowableCollector.execute(ThrowableCollector.java:73)
	at app//org.junit.jupiter.engine.descriptor.TestFactoryTestDescriptor.invokeTestMethod(TestFactoryTestDescriptor.java:95)
	at app//org.junit.jupiter.engine.descriptor.TestMethodTestDescriptor.execute(TestMethodTestDescriptor.java:138)
	at app//org.junit.jupiter.engine.descriptor.TestMethodTestDescriptor.execute(TestMethodTestDescriptor.java:68)
	at app//org.junit.platform.engine.support.hierarchical.NodeTestTask.lambda$executeRecursively$6(NodeTestTask.java:151)
	at app//org.junit.platform.engine.support.hierarchical.ThrowableCollector.execute(ThrowableCollector.java:73)
	at app//org.junit.platform.engine.support.hierarchical.NodeTestTask.lambda$executeRecursively$8(NodeTestTask.java:141)
	at app//org.junit.platform.engine.support.hierarchical.Node.around(Node.java:137)
	at app//org.junit.platform.engine.support.hierarchical.NodeTestTask.lambda$executeRecursively$9(NodeTestTask.java:139)
	at app//org.junit.platform.engine.support.hierarchical.ThrowableCollector.execute(ThrowableCollector.java:73)
	at app//org.junit.platform.engine.support.hierarchical.NodeTestTask.executeRecursively(NodeTestTask.java:138)
	at app//org.junit.platform.engine.support.hierarchical.NodeTestTask.execute(NodeTestTask.java:95)
	at java.base@11.0.18/java.util.ArrayList.forEach(ArrayList.java:1541)
	at app//org.junit.platform.engine.support.hierarchical.SameThreadHierarchicalTestExecutorService.invokeAll(SameThreadHierarchicalTestExecutorService.java:41)
	at app//org.junit.platform.engine.support.hierarchical.NodeTestTask.lambda$executeRecursively$6(NodeTestTask.java:155)
	at app//org.junit.platform.engine.support.hierarchical.ThrowableCollector.execute(ThrowableCollector.java:73)
	at app//org.junit.platform.engine.support.hierarchical.NodeTestTask.lambda$executeRecursively$8(NodeTestTask.java:141)
	at app//org.junit.platform.engine.support.hierarchical.Node.around(Node.java:137)
	at app//org.junit.platform.engine.support.hierarchical.NodeTestTask.lambda$executeRecursively$9(NodeTestTask.java:139)
	at app//org.junit.platform.engine.support.hierarchical.ThrowableCollector.execute(ThrowableCollector.java:73)
	at app//org.junit.platform.engine.support.hierarchical.NodeTestTask.executeRecursively(NodeTestTask.java:138)
	at app//org.junit.platform.engine.support.hierarchical.NodeTestTask.execute(NodeTestTask.java:95)
	at java.base@11.0.18/java.util.ArrayList.forEach(ArrayList.java:1541)
	at app//org.junit.platform.engine.support.hierarchical.SameThreadHierarchicalTestExecutorService.invokeAll(SameThreadHierarchicalTestExecutorService.java:41)
	at app//org.junit.platform.engine.support.hierarchical.NodeTestTask.lambda$executeRecursively$6(NodeTestTask.java:155)
	at app//org.junit.platform.engine.support.hierarchical.ThrowableCollector.execute(ThrowableCollector.java:73)
	at app//org.junit.platform.engine.support.hierarchical.NodeTestTask.lambda$executeRecursively$8(NodeTestTask.java:141)
	at app//org.junit.platform.engine.support.hierarchical.Node.around(Node.java:137)
	at app//org.junit.platform.engine.support.hierarchical.NodeTestTask.lambda$executeRecursively$9(NodeTestTask.java:139)
	at app//org.junit.platform.engine.support.hierarchical.ThrowableCollector.execute(ThrowableCollector.java:73)
	at app//org.junit.platform.engine.support.hierarchical.NodeTestTask.executeRecursively(NodeTestTask.java:138)
	at app//org.junit.platform.engine.support.hierarchical.NodeTestTask.execute(NodeTestTask.java:95)
	at app//org.junit.platform.engine.support.hierarchical.SameThreadHierarchicalTestExecutorService.submit(SameThreadHierarchicalTestExecutorService.java:35)
	at app//org.junit.platform.engine.support.hierarchical.HierarchicalTestExecutor.execute(HierarchicalTestExecutor.java:57)
	at app//org.junit.platform.engine.support.hierarchical.HierarchicalTestEngine.execute(HierarchicalTestEngine.java:54)
	at app//org.junit.platform.launcher.core.EngineExecutionOrchestrator.execute(EngineExecutionOrchestrator.java:107)
	at app//org.junit.platform.launcher.core.EngineExecutionOrchestrator.execute(EngineExecutionOrchestrator.java:88)
	at app//org.junit.platform.launcher.core.EngineExecutionOrchestrator.lambda$execute$0(EngineExecutionOrchestrator.java:54)
	at app//org.junit.platform.launcher.core.EngineExecutionOrchestrator.withInterceptedStreams(EngineExecutionOrchestrator.java:67)
	at app//org.junit.platform.launcher.core.EngineExecutionOrchestrator.execute(EngineExecutionOrchestrator.java:52)
	at app//org.junit.platform.launcher.core.DefaultLauncher.execute(DefaultLauncher.java:114)
	at app//org.junit.platform.launcher.core.DefaultLauncher.execute(DefaultLauncher.java:86)
	at app//org.junit.platform.launcher.core.DefaultLauncherSession$DelegatingLauncher.execute(DefaultLauncherSession.java:86)
	at org.gradle.api.internal.tasks.testing.junitplatform.JUnitPlatformTestClassProcessor$CollectAllTestClassesExecutor.processAllTestClasses(JUnitPlatformTestClassProcessor.java:110)
	at org.gradle.api.internal.tasks.testing.junitplatform.JUnitPlatformTestClassProcessor$CollectAllTestClassesExecutor.access$000(JUnitPlatformTestClassProcessor.java:90)
	at org.gradle.api.internal.tasks.testing.junitplatform.JUnitPlatformTestClassProcessor.stop(JUnitPlatformTestClassProcessor.java:85)
	at org.gradle.api.internal.tasks.testing.SuiteTestClassProcessor.stop(SuiteTestClassProcessor.java:62)
	at java.base@11.0.18/jdk.internal.reflect.NativeMethodAccessorImpl.invoke0(Native Method)
	at java.base@11.0.18/jdk.internal.reflect.NativeMethodAccessorImpl.invoke(NativeMethodAccessorImpl.java:62)
	at java.base@11.0.18/jdk.internal.reflect.DelegatingMethodAccessorImpl.invoke(DelegatingMethodAccessorImpl.java:43)
	at java.base@11.0.18/java.lang.reflect.Method.invoke(Method.java:566)
	at org.gradle.internal.dispatch.ReflectionDispatch.dispatch(ReflectionDispatch.java:36)
	at org.gradle.internal.dispatch.ReflectionDispatch.dispatch(ReflectionDispatch.java:24)
	at org.gradle.internal.dispatch.ContextClassLoaderDispatch.dispatch(ContextClassLoaderDispatch.java:33)
	at org.gradle.internal.dispatch.ProxyDispatchAdapter$DispatchingInvocationHandler.invoke(ProxyDispatchAdapter.java:94)
	at com.sun.proxy.$Proxy2.stop(Unknown Source)
	at org.gradle.api.internal.tasks.testing.worker.TestWorker$3.run(TestWorker.java:193)
	at org.gradle.api.internal.tasks.testing.worker.TestWorker.executeAndMaintainThreadName(TestWorker.java:129)
	at org.gradle.api.internal.tasks.testing.worker.TestWorker.execute(TestWorker.java:100)
	at org.gradle.api.internal.tasks.testing.worker.TestWorker.execute(TestWorker.java:60)
	at org.gradle.process.internal.worker.child.ActionExecutionWorker.execute(ActionExecutionWorker.java:56)
	at org.gradle.process.internal.worker.child.SystemApplicationClassLoaderWorker.call(SystemApplicationClassLoaderWorker.java:113)
	at org.gradle.process.internal.worker.child.SystemApplicationClassLoaderWorker.call(SystemApplicationClassLoaderWorker.java:65)
	at app//worker.org.gradle.process.internal.worker.GradleWorkerMain.run(GradleWorkerMain.java:69)
	at app//worker.org.gradle.process.internal.worker.GradleWorkerMain.main(GradleWorkerMain.java:74)
</failure>
  </testcase>
  <testcase name="switch" classname="de.uka.ilkd.key.proof.runallproofs.RunAllProofsFunctional" time="1.09">
    <failure message="org.opentest4j.AssertionFailedError: Executed process terminated with non-zero exit value. ==&gt; expected: &lt;0&gt; but was: &lt;1&gt;" type="org.opentest4j.AssertionFailedError">org.opentest4j.AssertionFailedError: Executed process terminated with non-zero exit value. ==&gt; expected: &lt;0&gt; but was: &lt;1&gt;
	at app//org.junit.jupiter.api.AssertionFailureBuilder.build(AssertionFailureBuilder.java:151)
	at app//org.junit.jupiter.api.AssertionFailureBuilder.buildAndThrow(AssertionFailureBuilder.java:132)
	at app//org.junit.jupiter.api.AssertEquals.failNotEqual(AssertEquals.java:197)
	at app//org.junit.jupiter.api.AssertEquals.assertEquals(AssertEquals.java:150)
	at app//org.junit.jupiter.api.Assertions.assertEquals(Assertions.java:560)
	at app//de.uka.ilkd.key.proof.runallproofs.proofcollection.ForkedTestFileRunner.processTestFiles(ForkedTestFileRunner.java:130)
	at app//de.uka.ilkd.key.proof.runallproofs.RunAllProofsTestUnit.runTest(RunAllProofsTestUnit.java:89)
	at app//de.uka.ilkd.key.proof.runallproofs.RunAllProofsTest.lambda$data$0(RunAllProofsTest.java:77)
	at app//org.junit.jupiter.engine.descriptor.DynamicTestTestDescriptor.lambda$execute$0(DynamicTestTestDescriptor.java:53)
	at app//org.junit.jupiter.engine.execution.InvocationInterceptorChain$ValidatingInvocation.proceed(InvocationInterceptorChain.java:131)
	at app//org.junit.jupiter.api.extension.InvocationInterceptor.interceptDynamicTest(InvocationInterceptor.java:167)
	at app//org.junit.jupiter.api.extension.InvocationInterceptor.interceptDynamicTest(InvocationInterceptor.java:184)
	at app//org.junit.jupiter.engine.descriptor.DynamicTestTestDescriptor.lambda$execute$1(DynamicTestTestDescriptor.java:61)
	at app//org.junit.jupiter.engine.execution.InvocationInterceptorChain$InterceptorCall.lambda$ofVoid$0(InvocationInterceptorChain.java:78)
	at app//org.junit.jupiter.engine.execution.InvocationInterceptorChain$InterceptedInvocation.proceed(InvocationInterceptorChain.java:106)
	at app//org.junit.jupiter.engine.execution.InvocationInterceptorChain.proceed(InvocationInterceptorChain.java:64)
	at app//org.junit.jupiter.engine.execution.InvocationInterceptorChain.chainAndInvoke(InvocationInterceptorChain.java:45)
	at app//org.junit.jupiter.engine.execution.InvocationInterceptorChain.invoke(InvocationInterceptorChain.java:37)
	at app//org.junit.jupiter.engine.descriptor.DynamicTestTestDescriptor.execute(DynamicTestTestDescriptor.java:60)
	at app//org.junit.jupiter.engine.descriptor.DynamicTestTestDescriptor.execute(DynamicTestTestDescriptor.java:32)
	at app//org.junit.platform.engine.support.hierarchical.NodeTestTask.lambda$executeRecursively$6(NodeTestTask.java:151)
	at app//org.junit.platform.engine.support.hierarchical.ThrowableCollector.execute(ThrowableCollector.java:73)
	at app//org.junit.platform.engine.support.hierarchical.NodeTestTask.lambda$executeRecursively$8(NodeTestTask.java:141)
	at app//org.junit.platform.engine.support.hierarchical.Node.around(Node.java:137)
	at app//org.junit.platform.engine.support.hierarchical.NodeTestTask.lambda$executeRecursively$9(NodeTestTask.java:139)
	at app//org.junit.platform.engine.support.hierarchical.ThrowableCollector.execute(ThrowableCollector.java:73)
	at app//org.junit.platform.engine.support.hierarchical.NodeTestTask.executeRecursively(NodeTestTask.java:138)
	at app//org.junit.platform.engine.support.hierarchical.NodeTestTask.execute(NodeTestTask.java:95)
	at app//org.junit.platform.engine.support.hierarchical.SameThreadHierarchicalTestExecutorService.submit(SameThreadHierarchicalTestExecutorService.java:35)
	at app//org.junit.platform.engine.support.hierarchical.NodeTestTask$DefaultDynamicTestExecutor.execute(NodeTestTask.java:226)
	at app//org.junit.platform.engine.support.hierarchical.NodeTestTask$DefaultDynamicTestExecutor.execute(NodeTestTask.java:204)
	at java.base@11.0.18/java.util.Optional.ifPresent(Optional.java:183)
	at app//org.junit.jupiter.engine.descriptor.TestFactoryTestDescriptor.lambda$invokeTestMethod$1(TestFactoryTestDescriptor.java:108)
	at app//org.junit.platform.engine.support.hierarchical.ThrowableCollector.execute(ThrowableCollector.java:73)
	at app//org.junit.jupiter.engine.descriptor.TestFactoryTestDescriptor.invokeTestMethod(TestFactoryTestDescriptor.java:95)
	at app//org.junit.jupiter.engine.descriptor.TestMethodTestDescriptor.execute(TestMethodTestDescriptor.java:138)
	at app//org.junit.jupiter.engine.descriptor.TestMethodTestDescriptor.execute(TestMethodTestDescriptor.java:68)
	at app//org.junit.platform.engine.support.hierarchical.NodeTestTask.lambda$executeRecursively$6(NodeTestTask.java:151)
	at app//org.junit.platform.engine.support.hierarchical.ThrowableCollector.execute(ThrowableCollector.java:73)
	at app//org.junit.platform.engine.support.hierarchical.NodeTestTask.lambda$executeRecursively$8(NodeTestTask.java:141)
	at app//org.junit.platform.engine.support.hierarchical.Node.around(Node.java:137)
	at app//org.junit.platform.engine.support.hierarchical.NodeTestTask.lambda$executeRecursively$9(NodeTestTask.java:139)
	at app//org.junit.platform.engine.support.hierarchical.ThrowableCollector.execute(ThrowableCollector.java:73)
	at app//org.junit.platform.engine.support.hierarchical.NodeTestTask.executeRecursively(NodeTestTask.java:138)
	at app//org.junit.platform.engine.support.hierarchical.NodeTestTask.execute(NodeTestTask.java:95)
	at java.base@11.0.18/java.util.ArrayList.forEach(ArrayList.java:1541)
	at app//org.junit.platform.engine.support.hierarchical.SameThreadHierarchicalTestExecutorService.invokeAll(SameThreadHierarchicalTestExecutorService.java:41)
	at app//org.junit.platform.engine.support.hierarchical.NodeTestTask.lambda$executeRecursively$6(NodeTestTask.java:155)
	at app//org.junit.platform.engine.support.hierarchical.ThrowableCollector.execute(ThrowableCollector.java:73)
	at app//org.junit.platform.engine.support.hierarchical.NodeTestTask.lambda$executeRecursively$8(NodeTestTask.java:141)
	at app//org.junit.platform.engine.support.hierarchical.Node.around(Node.java:137)
	at app//org.junit.platform.engine.support.hierarchical.NodeTestTask.lambda$executeRecursively$9(NodeTestTask.java:139)
	at app//org.junit.platform.engine.support.hierarchical.ThrowableCollector.execute(ThrowableCollector.java:73)
	at app//org.junit.platform.engine.support.hierarchical.NodeTestTask.executeRecursively(NodeTestTask.java:138)
	at app//org.junit.platform.engine.support.hierarchical.NodeTestTask.execute(NodeTestTask.java:95)
	at java.base@11.0.18/java.util.ArrayList.forEach(ArrayList.java:1541)
	at app//org.junit.platform.engine.support.hierarchical.SameThreadHierarchicalTestExecutorService.invokeAll(SameThreadHierarchicalTestExecutorService.java:41)
	at app//org.junit.platform.engine.support.hierarchical.NodeTestTask.lambda$executeRecursively$6(NodeTestTask.java:155)
	at app//org.junit.platform.engine.support.hierarchical.ThrowableCollector.execute(ThrowableCollector.java:73)
	at app//org.junit.platform.engine.support.hierarchical.NodeTestTask.lambda$executeRecursively$8(NodeTestTask.java:141)
	at app//org.junit.platform.engine.support.hierarchical.Node.around(Node.java:137)
	at app//org.junit.platform.engine.support.hierarchical.NodeTestTask.lambda$executeRecursively$9(NodeTestTask.java:139)
	at app//org.junit.platform.engine.support.hierarchical.ThrowableCollector.execute(ThrowableCollector.java:73)
	at app//org.junit.platform.engine.support.hierarchical.NodeTestTask.executeRecursively(NodeTestTask.java:138)
	at app//org.junit.platform.engine.support.hierarchical.NodeTestTask.execute(NodeTestTask.java:95)
	at app//org.junit.platform.engine.support.hierarchical.SameThreadHierarchicalTestExecutorService.submit(SameThreadHierarchicalTestExecutorService.java:35)
	at app//org.junit.platform.engine.support.hierarchical.HierarchicalTestExecutor.execute(HierarchicalTestExecutor.java:57)
	at app//org.junit.platform.engine.support.hierarchical.HierarchicalTestEngine.execute(HierarchicalTestEngine.java:54)
	at app//org.junit.platform.launcher.core.EngineExecutionOrchestrator.execute(EngineExecutionOrchestrator.java:107)
	at app//org.junit.platform.launcher.core.EngineExecutionOrchestrator.execute(EngineExecutionOrchestrator.java:88)
	at app//org.junit.platform.launcher.core.EngineExecutionOrchestrator.lambda$execute$0(EngineExecutionOrchestrator.java:54)
	at app//org.junit.platform.launcher.core.EngineExecutionOrchestrator.withInterceptedStreams(EngineExecutionOrchestrator.java:67)
	at app//org.junit.platform.launcher.core.EngineExecutionOrchestrator.execute(EngineExecutionOrchestrator.java:52)
	at app//org.junit.platform.launcher.core.DefaultLauncher.execute(DefaultLauncher.java:114)
	at app//org.junit.platform.launcher.core.DefaultLauncher.execute(DefaultLauncher.java:86)
	at app//org.junit.platform.launcher.core.DefaultLauncherSession$DelegatingLauncher.execute(DefaultLauncherSession.java:86)
	at org.gradle.api.internal.tasks.testing.junitplatform.JUnitPlatformTestClassProcessor$CollectAllTestClassesExecutor.processAllTestClasses(JUnitPlatformTestClassProcessor.java:110)
	at org.gradle.api.internal.tasks.testing.junitplatform.JUnitPlatformTestClassProcessor$CollectAllTestClassesExecutor.access$000(JUnitPlatformTestClassProcessor.java:90)
	at org.gradle.api.internal.tasks.testing.junitplatform.JUnitPlatformTestClassProcessor.stop(JUnitPlatformTestClassProcessor.java:85)
	at org.gradle.api.internal.tasks.testing.SuiteTestClassProcessor.stop(SuiteTestClassProcessor.java:62)
	at java.base@11.0.18/jdk.internal.reflect.NativeMethodAccessorImpl.invoke0(Native Method)
	at java.base@11.0.18/jdk.internal.reflect.NativeMethodAccessorImpl.invoke(NativeMethodAccessorImpl.java:62)
	at java.base@11.0.18/jdk.internal.reflect.DelegatingMethodAccessorImpl.invoke(DelegatingMethodAccessorImpl.java:43)
	at java.base@11.0.18/java.lang.reflect.Method.invoke(Method.java:566)
	at org.gradle.internal.dispatch.ReflectionDispatch.dispatch(ReflectionDispatch.java:36)
	at org.gradle.internal.dispatch.ReflectionDispatch.dispatch(ReflectionDispatch.java:24)
	at org.gradle.internal.dispatch.ContextClassLoaderDispatch.dispatch(ContextClassLoaderDispatch.java:33)
	at org.gradle.internal.dispatch.ProxyDispatchAdapter$DispatchingInvocationHandler.invoke(ProxyDispatchAdapter.java:94)
	at com.sun.proxy.$Proxy2.stop(Unknown Source)
	at org.gradle.api.internal.tasks.testing.worker.TestWorker$3.run(TestWorker.java:193)
	at org.gradle.api.internal.tasks.testing.worker.TestWorker.executeAndMaintainThreadName(TestWorker.java:129)
	at org.gradle.api.internal.tasks.testing.worker.TestWorker.execute(TestWorker.java:100)
	at org.gradle.api.internal.tasks.testing.worker.TestWorker.execute(TestWorker.java:60)
	at org.gradle.process.internal.worker.child.ActionExecutionWorker.execute(ActionExecutionWorker.java:56)
	at org.gradle.process.internal.worker.child.SystemApplicationClassLoaderWorker.call(SystemApplicationClassLoaderWorker.java:113)
	at org.gradle.process.internal.worker.child.SystemApplicationClassLoaderWorker.call(SystemApplicationClassLoaderWorker.java:65)
	at app//worker.org.gradle.process.internal.worker.GradleWorkerMain.run(GradleWorkerMain.java:69)
	at app//worker.org.gradle.process.internal.worker.GradleWorkerMain.main(GradleWorkerMain.java:74)
</failure>
  </testcase>
  <testcase name="redux" classname="de.uka.ilkd.key.proof.runallproofs.RunAllProofsFunctional" time="1.061">
    <failure message="org.opentest4j.AssertionFailedError: Executed process terminated with non-zero exit value. ==&gt; expected: &lt;0&gt; but was: &lt;1&gt;" type="org.opentest4j.AssertionFailedError">org.opentest4j.AssertionFailedError: Executed process terminated with non-zero exit value. ==&gt; expected: &lt;0&gt; but was: &lt;1&gt;
	at app//org.junit.jupiter.api.AssertionFailureBuilder.build(AssertionFailureBuilder.java:151)
	at app//org.junit.jupiter.api.AssertionFailureBuilder.buildAndThrow(AssertionFailureBuilder.java:132)
	at app//org.junit.jupiter.api.AssertEquals.failNotEqual(AssertEquals.java:197)
	at app//org.junit.jupiter.api.AssertEquals.assertEquals(AssertEquals.java:150)
	at app//org.junit.jupiter.api.Assertions.assertEquals(Assertions.java:560)
	at app//de.uka.ilkd.key.proof.runallproofs.proofcollection.ForkedTestFileRunner.processTestFiles(ForkedTestFileRunner.java:130)
	at app//de.uka.ilkd.key.proof.runallproofs.RunAllProofsTestUnit.runTest(RunAllProofsTestUnit.java:89)
	at app//de.uka.ilkd.key.proof.runallproofs.RunAllProofsTest.lambda$data$0(RunAllProofsTest.java:77)
	at app//org.junit.jupiter.engine.descriptor.DynamicTestTestDescriptor.lambda$execute$0(DynamicTestTestDescriptor.java:53)
	at app//org.junit.jupiter.engine.execution.InvocationInterceptorChain$ValidatingInvocation.proceed(InvocationInterceptorChain.java:131)
	at app//org.junit.jupiter.api.extension.InvocationInterceptor.interceptDynamicTest(InvocationInterceptor.java:167)
	at app//org.junit.jupiter.api.extension.InvocationInterceptor.interceptDynamicTest(InvocationInterceptor.java:184)
	at app//org.junit.jupiter.engine.descriptor.DynamicTestTestDescriptor.lambda$execute$1(DynamicTestTestDescriptor.java:61)
	at app//org.junit.jupiter.engine.execution.InvocationInterceptorChain$InterceptorCall.lambda$ofVoid$0(InvocationInterceptorChain.java:78)
	at app//org.junit.jupiter.engine.execution.InvocationInterceptorChain$InterceptedInvocation.proceed(InvocationInterceptorChain.java:106)
	at app//org.junit.jupiter.engine.execution.InvocationInterceptorChain.proceed(InvocationInterceptorChain.java:64)
	at app//org.junit.jupiter.engine.execution.InvocationInterceptorChain.chainAndInvoke(InvocationInterceptorChain.java:45)
	at app//org.junit.jupiter.engine.execution.InvocationInterceptorChain.invoke(InvocationInterceptorChain.java:37)
	at app//org.junit.jupiter.engine.descriptor.DynamicTestTestDescriptor.execute(DynamicTestTestDescriptor.java:60)
	at app//org.junit.jupiter.engine.descriptor.DynamicTestTestDescriptor.execute(DynamicTestTestDescriptor.java:32)
	at app//org.junit.platform.engine.support.hierarchical.NodeTestTask.lambda$executeRecursively$6(NodeTestTask.java:151)
	at app//org.junit.platform.engine.support.hierarchical.ThrowableCollector.execute(ThrowableCollector.java:73)
	at app//org.junit.platform.engine.support.hierarchical.NodeTestTask.lambda$executeRecursively$8(NodeTestTask.java:141)
	at app//org.junit.platform.engine.support.hierarchical.Node.around(Node.java:137)
	at app//org.junit.platform.engine.support.hierarchical.NodeTestTask.lambda$executeRecursively$9(NodeTestTask.java:139)
	at app//org.junit.platform.engine.support.hierarchical.ThrowableCollector.execute(ThrowableCollector.java:73)
	at app//org.junit.platform.engine.support.hierarchical.NodeTestTask.executeRecursively(NodeTestTask.java:138)
	at app//org.junit.platform.engine.support.hierarchical.NodeTestTask.execute(NodeTestTask.java:95)
	at app//org.junit.platform.engine.support.hierarchical.SameThreadHierarchicalTestExecutorService.submit(SameThreadHierarchicalTestExecutorService.java:35)
	at app//org.junit.platform.engine.support.hierarchical.NodeTestTask$DefaultDynamicTestExecutor.execute(NodeTestTask.java:226)
	at app//org.junit.platform.engine.support.hierarchical.NodeTestTask$DefaultDynamicTestExecutor.execute(NodeTestTask.java:204)
	at java.base@11.0.18/java.util.Optional.ifPresent(Optional.java:183)
	at app//org.junit.jupiter.engine.descriptor.TestFactoryTestDescriptor.lambda$invokeTestMethod$1(TestFactoryTestDescriptor.java:108)
	at app//org.junit.platform.engine.support.hierarchical.ThrowableCollector.execute(ThrowableCollector.java:73)
	at app//org.junit.jupiter.engine.descriptor.TestFactoryTestDescriptor.invokeTestMethod(TestFactoryTestDescriptor.java:95)
	at app//org.junit.jupiter.engine.descriptor.TestMethodTestDescriptor.execute(TestMethodTestDescriptor.java:138)
	at app//org.junit.jupiter.engine.descriptor.TestMethodTestDescriptor.execute(TestMethodTestDescriptor.java:68)
	at app//org.junit.platform.engine.support.hierarchical.NodeTestTask.lambda$executeRecursively$6(NodeTestTask.java:151)
	at app//org.junit.platform.engine.support.hierarchical.ThrowableCollector.execute(ThrowableCollector.java:73)
	at app//org.junit.platform.engine.support.hierarchical.NodeTestTask.lambda$executeRecursively$8(NodeTestTask.java:141)
	at app//org.junit.platform.engine.support.hierarchical.Node.around(Node.java:137)
	at app//org.junit.platform.engine.support.hierarchical.NodeTestTask.lambda$executeRecursively$9(NodeTestTask.java:139)
	at app//org.junit.platform.engine.support.hierarchical.ThrowableCollector.execute(ThrowableCollector.java:73)
	at app//org.junit.platform.engine.support.hierarchical.NodeTestTask.executeRecursively(NodeTestTask.java:138)
	at app//org.junit.platform.engine.support.hierarchical.NodeTestTask.execute(NodeTestTask.java:95)
	at java.base@11.0.18/java.util.ArrayList.forEach(ArrayList.java:1541)
	at app//org.junit.platform.engine.support.hierarchical.SameThreadHierarchicalTestExecutorService.invokeAll(SameThreadHierarchicalTestExecutorService.java:41)
	at app//org.junit.platform.engine.support.hierarchical.NodeTestTask.lambda$executeRecursively$6(NodeTestTask.java:155)
	at app//org.junit.platform.engine.support.hierarchical.ThrowableCollector.execute(ThrowableCollector.java:73)
	at app//org.junit.platform.engine.support.hierarchical.NodeTestTask.lambda$executeRecursively$8(NodeTestTask.java:141)
	at app//org.junit.platform.engine.support.hierarchical.Node.around(Node.java:137)
	at app//org.junit.platform.engine.support.hierarchical.NodeTestTask.lambda$executeRecursively$9(NodeTestTask.java:139)
	at app//org.junit.platform.engine.support.hierarchical.ThrowableCollector.execute(ThrowableCollector.java:73)
	at app//org.junit.platform.engine.support.hierarchical.NodeTestTask.executeRecursively(NodeTestTask.java:138)
	at app//org.junit.platform.engine.support.hierarchical.NodeTestTask.execute(NodeTestTask.java:95)
	at java.base@11.0.18/java.util.ArrayList.forEach(ArrayList.java:1541)
	at app//org.junit.platform.engine.support.hierarchical.SameThreadHierarchicalTestExecutorService.invokeAll(SameThreadHierarchicalTestExecutorService.java:41)
	at app//org.junit.platform.engine.support.hierarchical.NodeTestTask.lambda$executeRecursively$6(NodeTestTask.java:155)
	at app//org.junit.platform.engine.support.hierarchical.ThrowableCollector.execute(ThrowableCollector.java:73)
	at app//org.junit.platform.engine.support.hierarchical.NodeTestTask.lambda$executeRecursively$8(NodeTestTask.java:141)
	at app//org.junit.platform.engine.support.hierarchical.Node.around(Node.java:137)
	at app//org.junit.platform.engine.support.hierarchical.NodeTestTask.lambda$executeRecursively$9(NodeTestTask.java:139)
	at app//org.junit.platform.engine.support.hierarchical.ThrowableCollector.execute(ThrowableCollector.java:73)
	at app//org.junit.platform.engine.support.hierarchical.NodeTestTask.executeRecursively(NodeTestTask.java:138)
	at app//org.junit.platform.engine.support.hierarchical.NodeTestTask.execute(NodeTestTask.java:95)
	at app//org.junit.platform.engine.support.hierarchical.SameThreadHierarchicalTestExecutorService.submit(SameThreadHierarchicalTestExecutorService.java:35)
	at app//org.junit.platform.engine.support.hierarchical.HierarchicalTestExecutor.execute(HierarchicalTestExecutor.java:57)
	at app//org.junit.platform.engine.support.hierarchical.HierarchicalTestEngine.execute(HierarchicalTestEngine.java:54)
	at app//org.junit.platform.launcher.core.EngineExecutionOrchestrator.execute(EngineExecutionOrchestrator.java:107)
	at app//org.junit.platform.launcher.core.EngineExecutionOrchestrator.execute(EngineExecutionOrchestrator.java:88)
	at app//org.junit.platform.launcher.core.EngineExecutionOrchestrator.lambda$execute$0(EngineExecutionOrchestrator.java:54)
	at app//org.junit.platform.launcher.core.EngineExecutionOrchestrator.withInterceptedStreams(EngineExecutionOrchestrator.java:67)
	at app//org.junit.platform.launcher.core.EngineExecutionOrchestrator.execute(EngineExecutionOrchestrator.java:52)
	at app//org.junit.platform.launcher.core.DefaultLauncher.execute(DefaultLauncher.java:114)
	at app//org.junit.platform.launcher.core.DefaultLauncher.execute(DefaultLauncher.java:86)
	at app//org.junit.platform.launcher.core.DefaultLauncherSession$DelegatingLauncher.execute(DefaultLauncherSession.java:86)
	at org.gradle.api.internal.tasks.testing.junitplatform.JUnitPlatformTestClassProcessor$CollectAllTestClassesExecutor.processAllTestClasses(JUnitPlatformTestClassProcessor.java:110)
	at org.gradle.api.internal.tasks.testing.junitplatform.JUnitPlatformTestClassProcessor$CollectAllTestClassesExecutor.access$000(JUnitPlatformTestClassProcessor.java:90)
	at org.gradle.api.internal.tasks.testing.junitplatform.JUnitPlatformTestClassProcessor.stop(JUnitPlatformTestClassProcessor.java:85)
	at org.gradle.api.internal.tasks.testing.SuiteTestClassProcessor.stop(SuiteTestClassProcessor.java:62)
	at java.base@11.0.18/jdk.internal.reflect.NativeMethodAccessorImpl.invoke0(Native Method)
	at java.base@11.0.18/jdk.internal.reflect.NativeMethodAccessorImpl.invoke(NativeMethodAccessorImpl.java:62)
	at java.base@11.0.18/jdk.internal.reflect.DelegatingMethodAccessorImpl.invoke(DelegatingMethodAccessorImpl.java:43)
	at java.base@11.0.18/java.lang.reflect.Method.invoke(Method.java:566)
	at org.gradle.internal.dispatch.ReflectionDispatch.dispatch(ReflectionDispatch.java:36)
	at org.gradle.internal.dispatch.ReflectionDispatch.dispatch(ReflectionDispatch.java:24)
	at org.gradle.internal.dispatch.ContextClassLoaderDispatch.dispatch(ContextClassLoaderDispatch.java:33)
	at org.gradle.internal.dispatch.ProxyDispatchAdapter$DispatchingInvocationHandler.invoke(ProxyDispatchAdapter.java:94)
	at com.sun.proxy.$Proxy2.stop(Unknown Source)
	at org.gradle.api.internal.tasks.testing.worker.TestWorker$3.run(TestWorker.java:193)
	at org.gradle.api.internal.tasks.testing.worker.TestWorker.executeAndMaintainThreadName(TestWorker.java:129)
	at org.gradle.api.internal.tasks.testing.worker.TestWorker.execute(TestWorker.java:100)
	at org.gradle.api.internal.tasks.testing.worker.TestWorker.execute(TestWorker.java:60)
	at org.gradle.process.internal.worker.child.ActionExecutionWorker.execute(ActionExecutionWorker.java:56)
	at org.gradle.process.internal.worker.child.SystemApplicationClassLoaderWorker.call(SystemApplicationClassLoaderWorker.java:113)
	at org.gradle.process.internal.worker.child.SystemApplicationClassLoaderWorker.call(SystemApplicationClassLoaderWorker.java:65)
	at app//worker.org.gradle.process.internal.worker.GradleWorkerMain.run(GradleWorkerMain.java:69)
	at app//worker.org.gradle.process.internal.worker.GradleWorkerMain.main(GradleWorkerMain.java:74)
</failure>
  </testcase>
  <system-out><![CDATA[324        WARN  main            d.u.i.k.s.ProofSettings   No proof-settings could be loaded, using defaults java.io.FileNotFoundException: /home/runner/.key/proof-settings.props (No such file or directory)
	at java.base/java.io.FileInputStream.open0(Native Method)

911        WARN  main            d.u.i.k.p.r.p.ForkedTestFileRunner Run failed de.uka.ilkd.key.proof.io.ProblemLoaderException: null
	at de.uka.ilkd.key.control.AbstractUserInterfaceControl.load(AbstractUserInterfaceControl.java:225)
Caused by: java.lang.ExceptionInInitializerError: null
	at de.uka.ilkd.key.nparser.builder.DefaultBuilder.visitSortId(DefaultBuilder.java:327)
Caused by: java.lang.NullPointerException: null
	at de.uka.ilkd.key.java.JavaProgramElement.<init>(JavaProgramElement.java:60)

930        WARN  main            d.u.i.k.p.r.p.ForkedTestFileRunner Run failed de.uka.ilkd.key.proof.io.ProblemLoaderException: Could not initialize class de.uka.ilkd.key.java.abstraction.PrimitiveType
	at de.uka.ilkd.key.control.AbstractUserInterfaceControl.load(AbstractUserInterfaceControl.java:225)
Caused by: java.lang.NoClassDefFoundError: Could not initialize class de.uka.ilkd.key.java.abstraction.PrimitiveType
	at de.uka.ilkd.key.nparser.builder.DefaultBuilder.visitSortId(DefaultBuilder.java:327)

944        WARN  main            d.u.i.k.p.r.p.ForkedTestFileRunner Run failed de.uka.ilkd.key.proof.io.ProblemLoaderException: Could not initialize class de.uka.ilkd.key.java.abstraction.PrimitiveType
	at de.uka.ilkd.key.control.AbstractUserInterfaceControl.load(AbstractUserInterfaceControl.java:225)
Caused by: java.lang.NoClassDefFoundError: Could not initialize class de.uka.ilkd.key.java.abstraction.PrimitiveType
	at de.uka.ilkd.key.nparser.builder.DefaultBuilder.visitSortId(DefaultBuilder.java:327)

956        WARN  main            d.u.i.k.p.r.p.ForkedTestFileRunner Run failed de.uka.ilkd.key.proof.io.ProblemLoaderException: Could not initialize class de.uka.ilkd.key.java.abstraction.PrimitiveType
	at de.uka.ilkd.key.control.AbstractUserInterfaceControl.load(AbstractUserInterfaceControl.java:225)
Caused by: java.lang.NoClassDefFoundError: Could not initialize class de.uka.ilkd.key.java.abstraction.PrimitiveType
	at de.uka.ilkd.key.nparser.builder.DefaultBuilder.visitSortId(DefaultBuilder.java:327)

969        WARN  main            d.u.i.k.p.r.p.ForkedTestFileRunner Run failed de.uka.ilkd.key.proof.io.ProblemLoaderException: Could not initialize class de.uka.ilkd.key.java.abstraction.PrimitiveType
	at de.uka.ilkd.key.control.AbstractUserInterfaceControl.load(AbstractUserInterfaceControl.java:225)
Caused by: java.lang.NoClassDefFoundError: Could not initialize class de.uka.ilkd.key.java.abstraction.PrimitiveType
	at de.uka.ilkd.key.nparser.builder.DefaultBuilder.visitSortId(DefaultBuilder.java:327)

433        WARN  main            d.u.i.k.s.ProofSettings   The settings in /home/runner/.key/proof-settings.props are *not* read. 
902        WARN  main            d.u.i.k.p.r.p.ForkedTestFileRunner Run failed de.uka.ilkd.key.proof.io.ProblemLoaderException: null
	at de.uka.ilkd.key.control.AbstractUserInterfaceControl.load(AbstractUserInterfaceControl.java:225)
Caused by: java.lang.ExceptionInInitializerError: null
	at de.uka.ilkd.key.nparser.builder.DefaultBuilder.visitSortId(DefaultBuilder.java:327)
Caused by: java.lang.NullPointerException: null
	at de.uka.ilkd.key.java.JavaProgramElement.<init>(JavaProgramElement.java:60)

925        WARN  main            d.u.i.k.p.r.p.ForkedTestFileRunner Run failed de.uka.ilkd.key.proof.io.ProblemLoaderException: Could not initialize class de.uka.ilkd.key.java.abstraction.PrimitiveType
	at de.uka.ilkd.key.control.AbstractUserInterfaceControl.load(AbstractUserInterfaceControl.java:225)
Caused by: java.lang.NoClassDefFoundError: Could not initialize class de.uka.ilkd.key.java.abstraction.PrimitiveType
	at de.uka.ilkd.key.nparser.builder.DefaultBuilder.visitSortId(DefaultBuilder.java:327)

380        WARN  main            d.u.i.k.s.ProofSettings   The settings in /home/runner/.key/proof-settings.props are *not* read. 
766        WARN  main            d.u.i.k.p.r.p.ForkedTestFileRunner Run failed de.uka.ilkd.key.proof.io.ProblemLoaderException: null
	at de.uka.ilkd.key.control.AbstractUserInterfaceControl.load(AbstractUserInterfaceControl.java:225)
Caused by: java.lang.ExceptionInInitializerError: null
	at de.uka.ilkd.key.nparser.builder.DefaultBuilder.visitSortId(DefaultBuilder.java:327)
Caused by: java.lang.NullPointerException: null
	at de.uka.ilkd.key.java.JavaProgramElement.<init>(JavaProgramElement.java:60)

787        WARN  main            d.u.i.k.p.r.p.ForkedTestFileRunner Run failed de.uka.ilkd.key.proof.io.ProblemLoaderException: Could not initialize class de.uka.ilkd.key.java.abstraction.PrimitiveType
	at de.uka.ilkd.key.control.AbstractUserInterfaceControl.load(AbstractUserInterfaceControl.java:225)
Caused by: java.lang.NoClassDefFoundError: Could not initialize class de.uka.ilkd.key.java.abstraction.PrimitiveType
	at de.uka.ilkd.key.nparser.builder.DefaultBuilder.visitSortId(DefaultBuilder.java:327)

812        WARN  main            d.u.i.k.p.r.p.ForkedTestFileRunner Run failed de.uka.ilkd.key.proof.io.ProblemLoaderException: Could not initialize class de.uka.ilkd.key.java.abstraction.PrimitiveType
	at de.uka.ilkd.key.control.AbstractUserInterfaceControl.load(AbstractUserInterfaceControl.java:225)
Caused by: java.lang.NoClassDefFoundError: Could not initialize class de.uka.ilkd.key.java.abstraction.PrimitiveType
	at de.uka.ilkd.key.nparser.builder.DefaultBuilder.visitSortId(DefaultBuilder.java:327)

832        WARN  main            d.u.i.k.p.r.p.ForkedTestFileRunner Run failed de.uka.ilkd.key.proof.io.ProblemLoaderException: Could not initialize class de.uka.ilkd.key.java.abstraction.PrimitiveType
	at de.uka.ilkd.key.control.AbstractUserInterfaceControl.load(AbstractUserInterfaceControl.java:225)
Caused by: java.lang.NoClassDefFoundError: Could not initialize class de.uka.ilkd.key.java.abstraction.PrimitiveType
	at de.uka.ilkd.key.nparser.builder.DefaultBuilder.visitSortId(DefaultBuilder.java:327)

849        WARN  main            d.u.i.k.p.r.p.ForkedTestFileRunner Run failed de.uka.ilkd.key.proof.io.ProblemLoaderException: Could not initialize class de.uka.ilkd.key.java.abstraction.PrimitiveType
	at de.uka.ilkd.key.control.AbstractUserInterfaceControl.load(AbstractUserInterfaceControl.java:225)
Caused by: java.lang.NoClassDefFoundError: Could not initialize class de.uka.ilkd.key.java.abstraction.PrimitiveType
	at de.uka.ilkd.key.nparser.builder.DefaultBuilder.visitSortId(DefaultBuilder.java:327)

871        WARN  main            d.u.i.k.p.r.p.ForkedTestFileRunner Run failed de.uka.ilkd.key.proof.io.ProblemLoaderException: Could not initialize class de.uka.ilkd.key.java.abstraction.PrimitiveType
	at de.uka.ilkd.key.control.AbstractUserInterfaceControl.load(AbstractUserInterfaceControl.java:225)
Caused by: java.lang.NoClassDefFoundError: Could not initialize class de.uka.ilkd.key.java.abstraction.PrimitiveType
	at de.uka.ilkd.key.nparser.builder.DefaultBuilder.visitSortId(DefaultBuilder.java:327)

908        WARN  main            d.u.i.k.p.r.p.ForkedTestFileRunner Run failed de.uka.ilkd.key.proof.io.ProblemLoaderException: Could not initialize class de.uka.ilkd.key.java.abstraction.PrimitiveType
	at de.uka.ilkd.key.control.AbstractUserInterfaceControl.load(AbstractUserInterfaceControl.java:225)
Caused by: java.lang.NoClassDefFoundError: Could not initialize class de.uka.ilkd.key.java.abstraction.PrimitiveType
	at de.uka.ilkd.key.nparser.builder.DefaultBuilder.visitSortId(DefaultBuilder.java:327)

946        WARN  main            d.u.i.k.p.r.p.ForkedTestFileRunner Run failed de.uka.ilkd.key.proof.io.ProblemLoaderException: Could not initialize class de.uka.ilkd.key.java.abstraction.PrimitiveType
	at de.uka.ilkd.key.control.AbstractUserInterfaceControl.load(AbstractUserInterfaceControl.java:225)
Caused by: java.lang.NoClassDefFoundError: Could not initialize class de.uka.ilkd.key.java.abstraction.PrimitiveType
	at de.uka.ilkd.key.nparser.builder.DefaultBuilder.visitSortId(DefaultBuilder.java:327)

968        WARN  main            d.u.i.k.p.r.p.ForkedTestFileRunner Run failed de.uka.ilkd.key.proof.io.ProblemLoaderException: Could not initialize class de.uka.ilkd.key.java.abstraction.PrimitiveType
	at de.uka.ilkd.key.control.AbstractUserInterfaceControl.load(AbstractUserInterfaceControl.java:225)
Caused by: java.lang.NoClassDefFoundError: Could not initialize class de.uka.ilkd.key.java.abstraction.PrimitiveType
	at de.uka.ilkd.key.nparser.builder.DefaultBuilder.visitSortId(DefaultBuilder.java:327)

983        WARN  main            d.u.i.k.p.r.p.ForkedTestFileRunner Run failed de.uka.ilkd.key.proof.io.ProblemLoaderException: Could not initialize class de.uka.ilkd.key.java.abstraction.PrimitiveType
	at de.uka.ilkd.key.control.AbstractUserInterfaceControl.load(AbstractUserInterfaceControl.java:225)
Caused by: java.lang.NoClassDefFoundError: Could not initialize class de.uka.ilkd.key.java.abstraction.PrimitiveType
	at de.uka.ilkd.key.nparser.builder.DefaultBuilder.visitSortId(DefaultBuilder.java:327)

1001       WARN  main            d.u.i.k.p.r.p.ForkedTestFileRunner Run failed de.uka.ilkd.key.proof.io.ProblemLoaderException: Could not initialize class de.uka.ilkd.key.java.abstraction.PrimitiveType
	at de.uka.ilkd.key.control.AbstractUserInterfaceControl.load(AbstractUserInterfaceControl.java:225)
Caused by: java.lang.NoClassDefFoundError: Could not initialize class de.uka.ilkd.key.java.abstraction.PrimitiveType
	at de.uka.ilkd.key.nparser.builder.DefaultBuilder.visitSortId(DefaultBuilder.java:327)

339        WARN  main            d.u.i.k.s.ProofSettings   The settings in /home/runner/.key/proof-settings.props are *not* read. 
811        WARN  main            d.u.i.k.p.r.p.ForkedTestFileRunner Run failed de.uka.ilkd.key.proof.io.ProblemLoaderException: null
	at de.uka.ilkd.key.control.AbstractUserInterfaceControl.load(AbstractUserInterfaceControl.java:225)
Caused by: java.lang.ExceptionInInitializerError: null
	at de.uka.ilkd.key.nparser.builder.DefaultBuilder.visitSortId(DefaultBuilder.java:327)
Caused by: java.lang.NullPointerException: null
	at de.uka.ilkd.key.java.JavaProgramElement.<init>(JavaProgramElement.java:60)

830        WARN  main            d.u.i.k.p.r.p.ForkedTestFileRunner Run failed de.uka.ilkd.key.proof.io.ProblemLoaderException: Could not initialize class de.uka.ilkd.key.java.abstraction.PrimitiveType
	at de.uka.ilkd.key.control.AbstractUserInterfaceControl.load(AbstractUserInterfaceControl.java:225)
Caused by: java.lang.NoClassDefFoundError: Could not initialize class de.uka.ilkd.key.java.abstraction.PrimitiveType
	at de.uka.ilkd.key.nparser.builder.DefaultBuilder.visitSortId(DefaultBuilder.java:327)

845        WARN  main            d.u.i.k.p.r.p.ForkedTestFileRunner Run failed de.uka.ilkd.key.proof.io.ProblemLoaderException: Could not initialize class de.uka.ilkd.key.java.abstraction.PrimitiveType
	at de.uka.ilkd.key.control.AbstractUserInterfaceControl.load(AbstractUserInterfaceControl.java:225)
Caused by: java.lang.NoClassDefFoundError: Could not initialize class de.uka.ilkd.key.java.abstraction.PrimitiveType
	at de.uka.ilkd.key.nparser.builder.DefaultBuilder.visitSortId(DefaultBuilder.java:327)

870        WARN  main            d.u.i.k.p.r.p.ForkedTestFileRunner Run failed de.uka.ilkd.key.proof.io.ProblemLoaderException: Could not initialize class de.uka.ilkd.key.java.abstraction.PrimitiveType
	at de.uka.ilkd.key.control.AbstractUserInterfaceControl.load(AbstractUserInterfaceControl.java:225)
Caused by: java.lang.NoClassDefFoundError: Could not initialize class de.uka.ilkd.key.java.abstraction.PrimitiveType
	at de.uka.ilkd.key.nparser.builder.DefaultBuilder.visitSortId(DefaultBuilder.java:327)

891        WARN  main            d.u.i.k.p.r.p.ForkedTestFileRunner Run failed de.uka.ilkd.key.proof.io.ProblemLoaderException: Could not initialize class de.uka.ilkd.key.java.abstraction.PrimitiveType
	at de.uka.ilkd.key.control.AbstractUserInterfaceControl.load(AbstractUserInterfaceControl.java:225)
Caused by: java.lang.NoClassDefFoundError: Could not initialize class de.uka.ilkd.key.java.abstraction.PrimitiveType
	at de.uka.ilkd.key.nparser.builder.DefaultBuilder.visitSortId(DefaultBuilder.java:327)

908        WARN  main            d.u.i.k.p.r.p.ForkedTestFileRunner Run failed de.uka.ilkd.key.proof.io.ProblemLoaderException: Could not initialize class de.uka.ilkd.key.java.abstraction.PrimitiveType
	at de.uka.ilkd.key.control.AbstractUserInterfaceControl.load(AbstractUserInterfaceControl.java:225)
Caused by: java.lang.NoClassDefFoundError: Could not initialize class de.uka.ilkd.key.java.abstraction.PrimitiveType
	at de.uka.ilkd.key.nparser.builder.DefaultBuilder.visitSortId(DefaultBuilder.java:327)

925        WARN  main            d.u.i.k.p.r.p.ForkedTestFileRunner Run failed de.uka.ilkd.key.proof.io.ProblemLoaderException: Could not initialize class de.uka.ilkd.key.java.abstraction.PrimitiveType
	at de.uka.ilkd.key.control.AbstractUserInterfaceControl.load(AbstractUserInterfaceControl.java:225)
Caused by: java.lang.NoClassDefFoundError: Could not initialize class de.uka.ilkd.key.java.abstraction.PrimitiveType
	at de.uka.ilkd.key.nparser.builder.DefaultBuilder.visitSortId(DefaultBuilder.java:327)

939        WARN  main            d.u.i.k.p.r.p.ForkedTestFileRunner Run failed de.uka.ilkd.key.proof.io.ProblemLoaderException: Could not initialize class de.uka.ilkd.key.java.abstraction.PrimitiveType
	at de.uka.ilkd.key.control.AbstractUserInterfaceControl.load(AbstractUserInterfaceControl.java:225)
Caused by: java.lang.NoClassDefFoundError: Could not initialize class de.uka.ilkd.key.java.abstraction.PrimitiveType
	at de.uka.ilkd.key.nparser.builder.DefaultBuilder.visitSortId(DefaultBuilder.java:327)

959        WARN  main            d.u.i.k.p.r.p.ForkedTestFileRunner Run failed de.uka.ilkd.key.proof.io.ProblemLoaderException: Could not initialize class de.uka.ilkd.key.java.abstraction.PrimitiveType
	at de.uka.ilkd.key.control.AbstractUserInterfaceControl.load(AbstractUserInterfaceControl.java:225)
Caused by: java.lang.NoClassDefFoundError: Could not initialize class de.uka.ilkd.key.java.abstraction.PrimitiveType
	at de.uka.ilkd.key.nparser.builder.DefaultBuilder.visitSortId(DefaultBuilder.java:327)

371        WARN  main            d.u.i.k.s.ProofSettings   The settings in /home/runner/.key/proof-settings.props are *not* read. 
879        WARN  main            d.u.i.k.p.r.p.ForkedTestFileRunner Run failed de.uka.ilkd.key.proof.io.ProblemLoaderException: null
	at de.uka.ilkd.key.control.AbstractUserInterfaceControl.load(AbstractUserInterfaceControl.java:225)
Caused by: java.lang.ExceptionInInitializerError: null
	at de.uka.ilkd.key.nparser.builder.DefaultBuilder.visitSortId(DefaultBuilder.java:327)
Caused by: java.lang.NullPointerException: null
	at de.uka.ilkd.key.java.JavaProgramElement.<init>(JavaProgramElement.java:60)

917        WARN  main            d.u.i.k.p.r.p.ForkedTestFileRunner Run failed de.uka.ilkd.key.proof.io.ProblemLoaderException: Could not initialize class de.uka.ilkd.key.java.abstraction.PrimitiveType
	at de.uka.ilkd.key.control.AbstractUserInterfaceControl.load(AbstractUserInterfaceControl.java:225)
Caused by: java.lang.NoClassDefFoundError: Could not initialize class de.uka.ilkd.key.java.abstraction.PrimitiveType
	at de.uka.ilkd.key.nparser.builder.DefaultBuilder.visitSortId(DefaultBuilder.java:327)

942        WARN  main            d.u.i.k.p.r.p.ForkedTestFileRunner Run failed de.uka.ilkd.key.proof.io.ProblemLoaderException: Could not initialize class de.uka.ilkd.key.java.abstraction.PrimitiveType
	at de.uka.ilkd.key.control.AbstractUserInterfaceControl.load(AbstractUserInterfaceControl.java:225)
Caused by: java.lang.NoClassDefFoundError: Could not initialize class de.uka.ilkd.key.java.abstraction.PrimitiveType
	at de.uka.ilkd.key.nparser.builder.DefaultBuilder.visitSortId(DefaultBuilder.java:327)

353        WARN  main            d.u.i.k.s.ProofSettings   The settings in /home/runner/.key/proof-settings.props are *not* read. 
784        WARN  main            d.u.i.k.p.r.p.ForkedTestFileRunner Run failed de.uka.ilkd.key.proof.io.ProblemLoaderException: null
	at de.uka.ilkd.key.control.AbstractUserInterfaceControl.load(AbstractUserInterfaceControl.java:225)
Caused by: java.lang.ExceptionInInitializerError: null
	at de.uka.ilkd.key.nparser.builder.DefaultBuilder.visitSortId(DefaultBuilder.java:327)
Caused by: java.lang.NullPointerException: null
	at de.uka.ilkd.key.java.JavaProgramElement.<init>(JavaProgramElement.java:60)

815        WARN  main            d.u.i.k.p.r.p.ForkedTestFileRunner Run failed de.uka.ilkd.key.proof.io.ProblemLoaderException: Could not initialize class de.uka.ilkd.key.java.abstraction.PrimitiveType
	at de.uka.ilkd.key.control.AbstractUserInterfaceControl.load(AbstractUserInterfaceControl.java:225)
Caused by: java.lang.NoClassDefFoundError: Could not initialize class de.uka.ilkd.key.java.abstraction.PrimitiveType
	at de.uka.ilkd.key.nparser.builder.DefaultBuilder.visitSortId(DefaultBuilder.java:327)

837        WARN  main            d.u.i.k.p.r.p.ForkedTestFileRunner Run failed de.uka.ilkd.key.proof.io.ProblemLoaderException: Could not initialize class de.uka.ilkd.key.java.abstraction.PrimitiveType
	at de.uka.ilkd.key.control.AbstractUserInterfaceControl.load(AbstractUserInterfaceControl.java:225)
Caused by: java.lang.NoClassDefFoundError: Could not initialize class de.uka.ilkd.key.java.abstraction.PrimitiveType
	at de.uka.ilkd.key.nparser.builder.DefaultBuilder.visitSortId(DefaultBuilder.java:327)

855        WARN  main            d.u.i.k.p.r.p.ForkedTestFileRunner Run failed de.uka.ilkd.key.proof.io.ProblemLoaderException: Could not initialize class de.uka.ilkd.key.java.abstraction.PrimitiveType
	at de.uka.ilkd.key.control.AbstractUserInterfaceControl.load(AbstractUserInterfaceControl.java:225)
Caused by: java.lang.NoClassDefFoundError: Could not initialize class de.uka.ilkd.key.java.abstraction.PrimitiveType
	at de.uka.ilkd.key.nparser.builder.DefaultBuilder.visitSortId(DefaultBuilder.java:327)

867        WARN  main            d.u.i.k.p.r.p.ForkedTestFileRunner Run failed de.uka.ilkd.key.proof.io.ProblemLoaderException: Could not initialize class de.uka.ilkd.key.java.abstraction.PrimitiveType
	at de.uka.ilkd.key.control.AbstractUserInterfaceControl.load(AbstractUserInterfaceControl.java:225)
Caused by: java.lang.NoClassDefFoundError: Could not initialize class de.uka.ilkd.key.java.abstraction.PrimitiveType
	at de.uka.ilkd.key.nparser.builder.DefaultBuilder.visitSortId(DefaultBuilder.java:327)

878        WARN  main            d.u.i.k.p.r.p.ForkedTestFileRunner Run failed de.uka.ilkd.key.proof.io.ProblemLoaderException: Could not initialize class de.uka.ilkd.key.java.abstraction.PrimitiveType
	at de.uka.ilkd.key.control.AbstractUserInterfaceControl.load(AbstractUserInterfaceControl.java:225)
Caused by: java.lang.NoClassDefFoundError: Could not initialize class de.uka.ilkd.key.java.abstraction.PrimitiveType
	at de.uka.ilkd.key.nparser.builder.DefaultBuilder.visitSortId(DefaultBuilder.java:327)

890        WARN  main            d.u.i.k.p.r.p.ForkedTestFileRunner Run failed de.uka.ilkd.key.proof.io.ProblemLoaderException: Could not initialize class de.uka.ilkd.key.java.abstraction.PrimitiveType
	at de.uka.ilkd.key.control.AbstractUserInterfaceControl.load(AbstractUserInterfaceControl.java:225)
Caused by: java.lang.NoClassDefFoundError: Could not initialize class de.uka.ilkd.key.java.abstraction.PrimitiveType
	at de.uka.ilkd.key.nparser.builder.DefaultBuilder.visitSortId(DefaultBuilder.java:327)

900        WARN  main            d.u.i.k.p.r.p.ForkedTestFileRunner Run failed de.uka.ilkd.key.proof.io.ProblemLoaderException: Could not initialize class de.uka.ilkd.key.java.abstraction.PrimitiveType
	at de.uka.ilkd.key.control.AbstractUserInterfaceControl.load(AbstractUserInterfaceControl.java:225)
Caused by: java.lang.NoClassDefFoundError: Could not initialize class de.uka.ilkd.key.java.abstraction.PrimitiveType
	at de.uka.ilkd.key.nparser.builder.DefaultBuilder.visitSortId(DefaultBuilder.java:327)

910        WARN  main            d.u.i.k.p.r.p.ForkedTestFileRunner Run failed de.uka.ilkd.key.proof.io.ProblemLoaderException: Could not initialize class de.uka.ilkd.key.java.abstraction.PrimitiveType
	at de.uka.ilkd.key.control.AbstractUserInterfaceControl.load(AbstractUserInterfaceControl.java:225)
Caused by: java.lang.NoClassDefFoundError: Could not initialize class de.uka.ilkd.key.java.abstraction.PrimitiveType
	at de.uka.ilkd.key.nparser.builder.DefaultBuilder.visitSortId(DefaultBuilder.java:327)

920        WARN  main            d.u.i.k.p.r.p.ForkedTestFileRunner Run failed de.uka.ilkd.key.proof.io.ProblemLoaderException: Could not initialize class de.uka.ilkd.key.java.abstraction.PrimitiveType
	at de.uka.ilkd.key.control.AbstractUserInterfaceControl.load(AbstractUserInterfaceControl.java:225)
Caused by: java.lang.NoClassDefFoundError: Could not initialize class de.uka.ilkd.key.java.abstraction.PrimitiveType
	at de.uka.ilkd.key.nparser.builder.DefaultBuilder.visitSortId(DefaultBuilder.java:327)

934        WARN  main            d.u.i.k.p.r.p.ForkedTestFileRunner Run failed de.uka.ilkd.key.proof.io.ProblemLoaderException: Could not initialize class de.uka.ilkd.key.java.abstraction.PrimitiveType
	at de.uka.ilkd.key.control.AbstractUserInterfaceControl.load(AbstractUserInterfaceControl.java:225)
Caused by: java.lang.NoClassDefFoundError: Could not initialize class de.uka.ilkd.key.java.abstraction.PrimitiveType
	at de.uka.ilkd.key.nparser.builder.DefaultBuilder.visitSortId(DefaultBuilder.java:327)

393        WARN  main            d.u.i.k.s.ProofSettings   The settings in /home/runner/.key/proof-settings.props are *not* read. 
777        WARN  main            d.u.i.k.p.r.p.ForkedTestFileRunner Run failed de.uka.ilkd.key.proof.io.ProblemLoaderException: null
	at de.uka.ilkd.key.control.AbstractUserInterfaceControl.load(AbstractUserInterfaceControl.java:225)
Caused by: java.lang.ExceptionInInitializerError: null
	at de.uka.ilkd.key.nparser.builder.DefaultBuilder.visitSortId(DefaultBuilder.java:327)
Caused by: java.lang.NullPointerException: null
	at de.uka.ilkd.key.java.JavaProgramElement.<init>(JavaProgramElement.java:60)

797        WARN  main            d.u.i.k.p.r.p.ForkedTestFileRunner Run failed de.uka.ilkd.key.proof.io.ProblemLoaderException: Could not initialize class de.uka.ilkd.key.java.abstraction.PrimitiveType
	at de.uka.ilkd.key.control.AbstractUserInterfaceControl.load(AbstractUserInterfaceControl.java:225)
Caused by: java.lang.NoClassDefFoundError: Could not initialize class de.uka.ilkd.key.java.abstraction.PrimitiveType
	at de.uka.ilkd.key.nparser.builder.DefaultBuilder.visitSortId(DefaultBuilder.java:327)

822        WARN  main            d.u.i.k.p.r.p.ForkedTestFileRunner Run failed de.uka.ilkd.key.proof.io.ProblemLoaderException: Could not initialize class de.uka.ilkd.key.java.abstraction.PrimitiveType
	at de.uka.ilkd.key.control.AbstractUserInterfaceControl.load(AbstractUserInterfaceControl.java:225)
Caused by: java.lang.NoClassDefFoundError: Could not initialize class de.uka.ilkd.key.java.abstraction.PrimitiveType
	at de.uka.ilkd.key.nparser.builder.DefaultBuilder.visitSortId(DefaultBuilder.java:327)

841        WARN  main            d.u.i.k.p.r.p.ForkedTestFileRunner Run failed de.uka.ilkd.key.proof.io.ProblemLoaderException: Could not initialize class de.uka.ilkd.key.java.abstraction.PrimitiveType
	at de.uka.ilkd.key.control.AbstractUserInterfaceControl.load(AbstractUserInterfaceControl.java:225)
Caused by: java.lang.NoClassDefFoundError: Could not initialize class de.uka.ilkd.key.java.abstraction.PrimitiveType
	at de.uka.ilkd.key.nparser.builder.DefaultBuilder.visitSortId(DefaultBuilder.java:327)

858        WARN  main            d.u.i.k.p.r.p.ForkedTestFileRunner Run failed de.uka.ilkd.key.proof.io.ProblemLoaderException: Could not initialize class de.uka.ilkd.key.java.abstraction.PrimitiveType
	at de.uka.ilkd.key.control.AbstractUserInterfaceControl.load(AbstractUserInterfaceControl.java:225)
Caused by: java.lang.NoClassDefFoundError: Could not initialize class de.uka.ilkd.key.java.abstraction.PrimitiveType
	at de.uka.ilkd.key.nparser.builder.DefaultBuilder.visitSortId(DefaultBuilder.java:327)

882        WARN  main            d.u.i.k.p.r.p.ForkedTestFileRunner Run failed de.uka.ilkd.key.proof.io.ProblemLoaderException: Could not initialize class de.uka.ilkd.key.java.abstraction.PrimitiveType
	at de.uka.ilkd.key.control.AbstractUserInterfaceControl.load(AbstractUserInterfaceControl.java:225)
Caused by: java.lang.NoClassDefFoundError: Could not initialize class de.uka.ilkd.key.java.abstraction.PrimitiveType
	at de.uka.ilkd.key.nparser.builder.DefaultBuilder.visitSortId(DefaultBuilder.java:327)

896        WARN  main            d.u.i.k.p.r.p.ForkedTestFileRunner Run failed de.uka.ilkd.key.proof.io.ProblemLoaderException: Could not initialize class de.uka.ilkd.key.java.abstraction.PrimitiveType
	at de.uka.ilkd.key.control.AbstractUserInterfaceControl.load(AbstractUserInterfaceControl.java:225)
Caused by: java.lang.NoClassDefFoundError: Could not initialize class de.uka.ilkd.key.java.abstraction.PrimitiveType
	at de.uka.ilkd.key.nparser.builder.DefaultBuilder.visitSortId(DefaultBuilder.java:327)

913        WARN  main            d.u.i.k.p.r.p.ForkedTestFileRunner Run failed de.uka.ilkd.key.proof.io.ProblemLoaderException: Could not initialize class de.uka.ilkd.key.java.abstraction.PrimitiveType
	at de.uka.ilkd.key.control.AbstractUserInterfaceControl.load(AbstractUserInterfaceControl.java:225)
Caused by: java.lang.NoClassDefFoundError: Could not initialize class de.uka.ilkd.key.java.abstraction.PrimitiveType
	at de.uka.ilkd.key.nparser.builder.DefaultBuilder.visitSortId(DefaultBuilder.java:327)

927        WARN  main            d.u.i.k.p.r.p.ForkedTestFileRunner Run failed de.uka.ilkd.key.proof.io.ProblemLoaderException: Could not initialize class de.uka.ilkd.key.java.abstraction.PrimitiveType
	at de.uka.ilkd.key.control.AbstractUserInterfaceControl.load(AbstractUserInterfaceControl.java:225)
Caused by: java.lang.NoClassDefFoundError: Could not initialize class de.uka.ilkd.key.java.abstraction.PrimitiveType
	at de.uka.ilkd.key.nparser.builder.DefaultBuilder.visitSortId(DefaultBuilder.java:327)

942        WARN  main            d.u.i.k.p.r.p.ForkedTestFileRunner Run failed de.uka.ilkd.key.proof.io.ProblemLoaderException: Could not initialize class de.uka.ilkd.key.java.abstraction.PrimitiveType
	at de.uka.ilkd.key.control.AbstractUserInterfaceControl.load(AbstractUserInterfaceControl.java:225)
Caused by: java.lang.NoClassDefFoundError: Could not initialize class de.uka.ilkd.key.java.abstraction.PrimitiveType
	at de.uka.ilkd.key.nparser.builder.DefaultBuilder.visitSortId(DefaultBuilder.java:327)

951        WARN  main            d.u.i.k.p.r.p.ForkedTestFileRunner Run failed de.uka.ilkd.key.proof.io.ProblemLoaderException: Could not initialize class de.uka.ilkd.key.java.abstraction.PrimitiveType
	at de.uka.ilkd.key.control.AbstractUserInterfaceControl.load(AbstractUserInterfaceControl.java:225)
Caused by: java.lang.NoClassDefFoundError: Could not initialize class de.uka.ilkd.key.java.abstraction.PrimitiveType
	at de.uka.ilkd.key.nparser.builder.DefaultBuilder.visitSortId(DefaultBuilder.java:327)

969        WARN  main            d.u.i.k.p.r.p.ForkedTestFileRunner Run failed de.uka.ilkd.key.proof.io.ProblemLoaderException: Could not initialize class de.uka.ilkd.key.java.abstraction.PrimitiveType
	at de.uka.ilkd.key.control.AbstractUserInterfaceControl.load(AbstractUserInterfaceControl.java:225)
Caused by: java.lang.NoClassDefFoundError: Could not initialize class de.uka.ilkd.key.java.abstraction.PrimitiveType
	at de.uka.ilkd.key.nparser.builder.DefaultBuilder.visitSortId(DefaultBuilder.java:327)

984        WARN  main            d.u.i.k.p.r.p.ForkedTestFileRunner Run failed de.uka.ilkd.key.proof.io.ProblemLoaderException: Could not initialize class de.uka.ilkd.key.java.abstraction.PrimitiveType
	at de.uka.ilkd.key.control.AbstractUserInterfaceControl.load(AbstractUserInterfaceControl.java:225)
Caused by: java.lang.NoClassDefFoundError: Could not initialize class de.uka.ilkd.key.java.abstraction.PrimitiveType
	at de.uka.ilkd.key.nparser.builder.DefaultBuilder.visitSortId(DefaultBuilder.java:327)

993        WARN  main            d.u.i.k.p.r.p.ForkedTestFileRunner Run failed de.uka.ilkd.key.proof.io.ProblemLoaderException: Could not initialize class de.uka.ilkd.key.java.abstraction.PrimitiveType
	at de.uka.ilkd.key.control.AbstractUserInterfaceControl.load(AbstractUserInterfaceControl.java:225)
Caused by: java.lang.NoClassDefFoundError: Could not initialize class de.uka.ilkd.key.java.abstraction.PrimitiveType
	at de.uka.ilkd.key.nparser.builder.DefaultBuilder.visitSortId(DefaultBuilder.java:327)

1008       WARN  main            d.u.i.k.p.r.p.ForkedTestFileRunner Run failed de.uka.ilkd.key.proof.io.ProblemLoaderException: Could not initialize class de.uka.ilkd.key.java.abstraction.PrimitiveType
	at de.uka.ilkd.key.control.AbstractUserInterfaceControl.load(AbstractUserInterfaceControl.java:225)
Caused by: java.lang.NoClassDefFoundError: Could not initialize class de.uka.ilkd.key.java.abstraction.PrimitiveType
	at de.uka.ilkd.key.nparser.builder.DefaultBuilder.visitSortId(DefaultBuilder.java:327)

1025       WARN  main            d.u.i.k.p.r.p.ForkedTestFileRunner Run failed de.uka.ilkd.key.proof.io.ProblemLoaderException: Could not initialize class de.uka.ilkd.key.java.abstraction.PrimitiveType
	at de.uka.ilkd.key.control.AbstractUserInterfaceControl.load(AbstractUserInterfaceControl.java:225)
Caused by: java.lang.NoClassDefFoundError: Could not initialize class de.uka.ilkd.key.java.abstraction.PrimitiveType
	at de.uka.ilkd.key.nparser.builder.DefaultBuilder.visitSortId(DefaultBuilder.java:327)

1034       WARN  main            d.u.i.k.p.r.p.ForkedTestFileRunner Run failed de.uka.ilkd.key.proof.io.ProblemLoaderException: Could not initialize class de.uka.ilkd.key.java.abstraction.PrimitiveType
	at de.uka.ilkd.key.control.AbstractUserInterfaceControl.load(AbstractUserInterfaceControl.java:225)
Caused by: java.lang.NoClassDefFoundError: Could not initialize class de.uka.ilkd.key.java.abstraction.PrimitiveType
	at de.uka.ilkd.key.nparser.builder.DefaultBuilder.visitSortId(DefaultBuilder.java:327)

1046       WARN  main            d.u.i.k.p.r.p.ForkedTestFileRunner Run failed de.uka.ilkd.key.proof.io.ProblemLoaderException: Could not initialize class de.uka.ilkd.key.java.abstraction.PrimitiveType
	at de.uka.ilkd.key.control.AbstractUserInterfaceControl.load(AbstractUserInterfaceControl.java:225)
Caused by: java.lang.NoClassDefFoundError: Could not initialize class de.uka.ilkd.key.java.abstraction.PrimitiveType
	at de.uka.ilkd.key.nparser.builder.DefaultBuilder.visitSortId(DefaultBuilder.java:327)

1057       WARN  main            d.u.i.k.p.r.p.ForkedTestFileRunner Run failed de.uka.ilkd.key.proof.io.ProblemLoaderException: Could not initialize class de.uka.ilkd.key.java.abstraction.PrimitiveType
	at de.uka.ilkd.key.control.AbstractUserInterfaceControl.load(AbstractUserInterfaceControl.java:225)
Caused by: java.lang.NoClassDefFoundError: Could not initialize class de.uka.ilkd.key.java.abstraction.PrimitiveType
	at de.uka.ilkd.key.nparser.builder.DefaultBuilder.visitSortId(DefaultBuilder.java:327)

1069       WARN  main            d.u.i.k.p.r.p.ForkedTestFileRunner Run failed de.uka.ilkd.key.proof.io.ProblemLoaderException: Could not initialize class de.uka.ilkd.key.java.abstraction.PrimitiveType
	at de.uka.ilkd.key.control.AbstractUserInterfaceControl.load(AbstractUserInterfaceControl.java:225)
Caused by: java.lang.NoClassDefFoundError: Could not initialize class de.uka.ilkd.key.java.abstraction.PrimitiveType
	at de.uka.ilkd.key.nparser.builder.DefaultBuilder.visitSortId(DefaultBuilder.java:327)

1076       WARN  main            d.u.i.k.p.r.p.ForkedTestFileRunner Run failed de.uka.ilkd.key.proof.io.ProblemLoaderException: Could not initialize class de.uka.ilkd.key.java.abstraction.PrimitiveType
	at de.uka.ilkd.key.control.AbstractUserInterfaceControl.load(AbstractUserInterfaceControl.java:225)
Caused by: java.lang.NoClassDefFoundError: Could not initialize class de.uka.ilkd.key.java.abstraction.PrimitiveType
	at de.uka.ilkd.key.nparser.builder.DefaultBuilder.visitSortId(DefaultBuilder.java:327)

379        WARN  main            d.u.i.k.s.ProofSettings   The settings in /home/runner/.key/proof-settings.props are *not* read. 
794        WARN  main            d.u.i.k.p.r.p.ForkedTestFileRunner Run failed de.uka.ilkd.key.proof.io.ProblemLoaderException: null
	at de.uka.ilkd.key.control.AbstractUserInterfaceControl.load(AbstractUserInterfaceControl.java:225)
Caused by: java.lang.ExceptionInInitializerError: null
	at de.uka.ilkd.key.nparser.builder.DefaultBuilder.visitSortId(DefaultBuilder.java:327)
Caused by: java.lang.NullPointerException: null
	at de.uka.ilkd.key.java.JavaProgramElement.<init>(JavaProgramElement.java:60)

822        WARN  main            d.u.i.k.p.r.p.ForkedTestFileRunner Run failed de.uka.ilkd.key.proof.io.ProblemLoaderException: Could not initialize class de.uka.ilkd.key.java.abstraction.PrimitiveType
	at de.uka.ilkd.key.control.AbstractUserInterfaceControl.load(AbstractUserInterfaceControl.java:225)
Caused by: java.lang.NoClassDefFoundError: Could not initialize class de.uka.ilkd.key.java.abstraction.PrimitiveType
	at de.uka.ilkd.key.nparser.builder.DefaultBuilder.visitSortId(DefaultBuilder.java:327)

847        WARN  main            d.u.i.k.p.r.p.ForkedTestFileRunner Run failed de.uka.ilkd.key.proof.io.ProblemLoaderException: Could not initialize class de.uka.ilkd.key.java.abstraction.PrimitiveType
	at de.uka.ilkd.key.control.AbstractUserInterfaceControl.load(AbstractUserInterfaceControl.java:225)
Caused by: java.lang.NoClassDefFoundError: Could not initialize class de.uka.ilkd.key.java.abstraction.PrimitiveType
	at de.uka.ilkd.key.nparser.builder.DefaultBuilder.visitSortId(DefaultBuilder.java:327)

868        WARN  main            d.u.i.k.p.r.p.ForkedTestFileRunner Run failed de.uka.ilkd.key.proof.io.ProblemLoaderException: Could not initialize class de.uka.ilkd.key.java.abstraction.PrimitiveType
	at de.uka.ilkd.key.control.AbstractUserInterfaceControl.load(AbstractUserInterfaceControl.java:225)
Caused by: java.lang.NoClassDefFoundError: Could not initialize class de.uka.ilkd.key.java.abstraction.PrimitiveType
	at de.uka.ilkd.key.nparser.builder.DefaultBuilder.visitSortId(DefaultBuilder.java:327)

881        WARN  main            d.u.i.k.p.r.p.ForkedTestFileRunner Run failed de.uka.ilkd.key.proof.io.ProblemLoaderException: Could not initialize class de.uka.ilkd.key.java.abstraction.PrimitiveType
	at de.uka.ilkd.key.control.AbstractUserInterfaceControl.load(AbstractUserInterfaceControl.java:225)
Caused by: java.lang.NoClassDefFoundError: Could not initialize class de.uka.ilkd.key.java.abstraction.PrimitiveType
	at de.uka.ilkd.key.nparser.builder.DefaultBuilder.visitSortId(DefaultBuilder.java:327)

894        WARN  main            d.u.i.k.p.r.p.ForkedTestFileRunner Run failed de.uka.ilkd.key.proof.io.ProblemLoaderException: Could not initialize class de.uka.ilkd.key.java.abstraction.PrimitiveType
	at de.uka.ilkd.key.control.AbstractUserInterfaceControl.load(AbstractUserInterfaceControl.java:225)
Caused by: java.lang.NoClassDefFoundError: Could not initialize class de.uka.ilkd.key.java.abstraction.PrimitiveType
	at de.uka.ilkd.key.nparser.builder.DefaultBuilder.visitSortId(DefaultBuilder.java:327)

902        WARN  main            d.u.i.k.p.r.p.ForkedTestFileRunner Run failed de.uka.ilkd.key.proof.io.ProblemLoaderException: Could not initialize class de.uka.ilkd.key.java.abstraction.PrimitiveType
	at de.uka.ilkd.key.control.AbstractUserInterfaceControl.load(AbstractUserInterfaceControl.java:225)
Caused by: java.lang.NoClassDefFoundError: Could not initialize class de.uka.ilkd.key.java.abstraction.PrimitiveType
	at de.uka.ilkd.key.nparser.builder.DefaultBuilder.visitSortId(DefaultBuilder.java:327)

910        WARN  main            d.u.i.k.p.r.p.ForkedTestFileRunner Run failed de.uka.ilkd.key.proof.io.ProblemLoaderException: Could not initialize class de.uka.ilkd.key.java.abstraction.PrimitiveType
	at de.uka.ilkd.key.control.AbstractUserInterfaceControl.load(AbstractUserInterfaceControl.java:225)
Caused by: java.lang.NoClassDefFoundError: Could not initialize class de.uka.ilkd.key.java.abstraction.PrimitiveType
	at de.uka.ilkd.key.nparser.builder.DefaultBuilder.visitSortId(DefaultBuilder.java:327)

919        WARN  main            d.u.i.k.p.r.p.ForkedTestFileRunner Run failed de.uka.ilkd.key.proof.io.ProblemLoaderException: Could not initialize class de.uka.ilkd.key.java.abstraction.PrimitiveType
	at de.uka.ilkd.key.control.AbstractUserInterfaceControl.load(AbstractUserInterfaceControl.java:225)
Caused by: java.lang.NoClassDefFoundError: Could not initialize class de.uka.ilkd.key.java.abstraction.PrimitiveType
	at de.uka.ilkd.key.nparser.builder.DefaultBuilder.visitSortId(DefaultBuilder.java:327)

930        WARN  main            d.u.i.k.p.r.p.ForkedTestFileRunner Run failed de.uka.ilkd.key.proof.io.ProblemLoaderException: Could not initialize class de.uka.ilkd.key.java.abstraction.PrimitiveType
	at de.uka.ilkd.key.control.AbstractUserInterfaceControl.load(AbstractUserInterfaceControl.java:225)
Caused by: java.lang.NoClassDefFoundError: Could not initialize class de.uka.ilkd.key.java.abstraction.PrimitiveType
	at de.uka.ilkd.key.nparser.builder.DefaultBuilder.visitSortId(DefaultBuilder.java:327)

948        WARN  main            d.u.i.k.p.r.p.ForkedTestFileRunner Run failed de.uka.ilkd.key.proof.io.ProblemLoaderException: Could not initialize class de.uka.ilkd.key.java.abstraction.PrimitiveType
	at de.uka.ilkd.key.control.AbstractUserInterfaceControl.load(AbstractUserInterfaceControl.java:225)
Caused by: java.lang.NoClassDefFoundError: Could not initialize class de.uka.ilkd.key.java.abstraction.PrimitiveType
	at de.uka.ilkd.key.nparser.builder.DefaultBuilder.visitSortId(DefaultBuilder.java:327)

967        WARN  main            d.u.i.k.p.r.p.ForkedTestFileRunner Run failed de.uka.ilkd.key.proof.io.ProblemLoaderException: Could not initialize class de.uka.ilkd.key.java.abstraction.PrimitiveType
	at de.uka.ilkd.key.control.AbstractUserInterfaceControl.load(AbstractUserInterfaceControl.java:225)
Caused by: java.lang.NoClassDefFoundError: Could not initialize class de.uka.ilkd.key.java.abstraction.PrimitiveType
	at de.uka.ilkd.key.nparser.builder.DefaultBuilder.visitSortId(DefaultBuilder.java:327)

982        WARN  main            d.u.i.k.p.r.p.ForkedTestFileRunner Run failed de.uka.ilkd.key.proof.io.ProblemLoaderException: Could not initialize class de.uka.ilkd.key.java.abstraction.PrimitiveType
	at de.uka.ilkd.key.control.AbstractUserInterfaceControl.load(AbstractUserInterfaceControl.java:225)
Caused by: java.lang.NoClassDefFoundError: Could not initialize class de.uka.ilkd.key.java.abstraction.PrimitiveType
	at de.uka.ilkd.key.nparser.builder.DefaultBuilder.visitSortId(DefaultBuilder.java:327)

992        WARN  main            d.u.i.k.p.r.p.ForkedTestFileRunner Run failed de.uka.ilkd.key.proof.io.ProblemLoaderException: Could not initialize class de.uka.ilkd.key.java.abstraction.PrimitiveType
	at de.uka.ilkd.key.control.AbstractUserInterfaceControl.load(AbstractUserInterfaceControl.java:225)
Caused by: java.lang.NoClassDefFoundError: Could not initialize class de.uka.ilkd.key.java.abstraction.PrimitiveType
	at de.uka.ilkd.key.nparser.builder.DefaultBuilder.visitSortId(DefaultBuilder.java:327)

1011       WARN  main            d.u.i.k.p.r.p.ForkedTestFileRunner Run failed de.uka.ilkd.key.proof.io.ProblemLoaderException: Could not initialize class de.uka.ilkd.key.java.abstraction.PrimitiveType
	at de.uka.ilkd.key.control.AbstractUserInterfaceControl.load(AbstractUserInterfaceControl.java:225)
Caused by: java.lang.NoClassDefFoundError: Could not initialize class de.uka.ilkd.key.java.abstraction.PrimitiveType
	at de.uka.ilkd.key.nparser.builder.DefaultBuilder.visitSortId(DefaultBuilder.java:327)

326        WARN  main            d.u.i.k.s.ProofSettings   The settings in /home/runner/.key/proof-settings.props are *not* read. 
880        WARN  main            d.u.i.k.p.r.p.ForkedTestFileRunner Run failed de.uka.ilkd.key.proof.io.ProblemLoaderException: null
	at de.uka.ilkd.key.control.AbstractUserInterfaceControl.load(AbstractUserInterfaceControl.java:225)
Caused by: java.lang.ExceptionInInitializerError: null
	at de.uka.ilkd.key.nparser.builder.DefaultBuilder.visitSortId(DefaultBuilder.java:327)
Caused by: java.lang.NullPointerException: null
	at de.uka.ilkd.key.java.JavaProgramElement.<init>(JavaProgramElement.java:60)

899        WARN  main            d.u.i.k.p.r.p.ForkedTestFileRunner Run failed de.uka.ilkd.key.proof.io.ProblemLoaderException: Could not initialize class de.uka.ilkd.key.java.abstraction.PrimitiveType
	at de.uka.ilkd.key.control.AbstractUserInterfaceControl.load(AbstractUserInterfaceControl.java:225)
Caused by: java.lang.NoClassDefFoundError: Could not initialize class de.uka.ilkd.key.java.abstraction.PrimitiveType
	at de.uka.ilkd.key.nparser.builder.DefaultBuilder.visitSortId(DefaultBuilder.java:327)

913        WARN  main            d.u.i.k.p.r.p.ForkedTestFileRunner Run failed de.uka.ilkd.key.proof.io.ProblemLoaderException: Could not initialize class de.uka.ilkd.key.java.abstraction.PrimitiveType
	at de.uka.ilkd.key.control.AbstractUserInterfaceControl.load(AbstractUserInterfaceControl.java:225)
Caused by: java.lang.NoClassDefFoundError: Could not initialize class de.uka.ilkd.key.java.abstraction.PrimitiveType
	at de.uka.ilkd.key.nparser.builder.DefaultBuilder.visitSortId(DefaultBuilder.java:327)

925        WARN  main            d.u.i.k.p.r.p.ForkedTestFileRunner Run failed de.uka.ilkd.key.proof.io.ProblemLoaderException: Could not initialize class de.uka.ilkd.key.java.abstraction.PrimitiveType
	at de.uka.ilkd.key.control.AbstractUserInterfaceControl.load(AbstractUserInterfaceControl.java:225)
Caused by: java.lang.NoClassDefFoundError: Could not initialize class de.uka.ilkd.key.java.abstraction.PrimitiveType
	at de.uka.ilkd.key.nparser.builder.DefaultBuilder.visitSortId(DefaultBuilder.java:327)

937        WARN  main            d.u.i.k.p.r.p.ForkedTestFileRunner Run failed de.uka.ilkd.key.proof.io.ProblemLoaderException: Could not initialize class de.uka.ilkd.key.java.abstraction.PrimitiveType
	at de.uka.ilkd.key.control.AbstractUserInterfaceControl.load(AbstractUserInterfaceControl.java:225)
Caused by: java.lang.NoClassDefFoundError: Could not initialize class de.uka.ilkd.key.java.abstraction.PrimitiveType
	at de.uka.ilkd.key.nparser.builder.DefaultBuilder.visitSortId(DefaultBuilder.java:327)

948        WARN  main            d.u.i.k.p.r.p.ForkedTestFileRunner Run failed de.uka.ilkd.key.proof.io.ProblemLoaderException: Could not initialize class de.uka.ilkd.key.java.abstraction.PrimitiveType
	at de.uka.ilkd.key.control.AbstractUserInterfaceControl.load(AbstractUserInterfaceControl.java:225)
Caused by: java.lang.NoClassDefFoundError: Could not initialize class de.uka.ilkd.key.java.abstraction.PrimitiveType
	at de.uka.ilkd.key.nparser.builder.DefaultBuilder.visitSortId(DefaultBuilder.java:327)

959        WARN  main            d.u.i.k.p.r.p.ForkedTestFileRunner Run failed de.uka.ilkd.key.proof.io.ProblemLoaderException: Could not initialize class de.uka.ilkd.key.java.abstraction.PrimitiveType
	at de.uka.ilkd.key.control.AbstractUserInterfaceControl.load(AbstractUserInterfaceControl.java:225)
Caused by: java.lang.NoClassDefFoundError: Could not initialize class de.uka.ilkd.key.java.abstraction.PrimitiveType
	at de.uka.ilkd.key.nparser.builder.DefaultBuilder.visitSortId(DefaultBuilder.java:327)

978        WARN  main            d.u.i.k.p.r.p.ForkedTestFileRunner Run failed de.uka.ilkd.key.proof.io.ProblemLoaderException: Could not initialize class de.uka.ilkd.key.java.abstraction.PrimitiveType
	at de.uka.ilkd.key.control.AbstractUserInterfaceControl.load(AbstractUserInterfaceControl.java:225)
Caused by: java.lang.NoClassDefFoundError: Could not initialize class de.uka.ilkd.key.java.abstraction.PrimitiveType
	at de.uka.ilkd.key.nparser.builder.DefaultBuilder.visitSortId(DefaultBuilder.java:327)

997        WARN  main            d.u.i.k.p.r.p.ForkedTestFileRunner Run failed de.uka.ilkd.key.proof.io.ProblemLoaderException: Could not initialize class de.uka.ilkd.key.java.abstraction.PrimitiveType
	at de.uka.ilkd.key.control.AbstractUserInterfaceControl.load(AbstractUserInterfaceControl.java:225)
Caused by: java.lang.NoClassDefFoundError: Could not initialize class de.uka.ilkd.key.java.abstraction.PrimitiveType
	at de.uka.ilkd.key.nparser.builder.DefaultBuilder.visitSortId(DefaultBuilder.java:327)

1017       WARN  main            d.u.i.k.p.r.p.ForkedTestFileRunner Run failed de.uka.ilkd.key.proof.io.ProblemLoaderException: Could not initialize class de.uka.ilkd.key.java.abstraction.PrimitiveType
	at de.uka.ilkd.key.control.AbstractUserInterfaceControl.load(AbstractUserInterfaceControl.java:225)
Caused by: java.lang.NoClassDefFoundError: Could not initialize class de.uka.ilkd.key.java.abstraction.PrimitiveType
	at de.uka.ilkd.key.nparser.builder.DefaultBuilder.visitSortId(DefaultBuilder.java:327)

1030       WARN  main            d.u.i.k.p.r.p.ForkedTestFileRunner Run failed de.uka.ilkd.key.proof.io.ProblemLoaderException: Could not initialize class de.uka.ilkd.key.java.abstraction.PrimitiveType
	at de.uka.ilkd.key.control.AbstractUserInterfaceControl.load(AbstractUserInterfaceControl.java:225)
Caused by: java.lang.NoClassDefFoundError: Could not initialize class de.uka.ilkd.key.java.abstraction.PrimitiveType
	at de.uka.ilkd.key.nparser.builder.DefaultBuilder.visitSortId(DefaultBuilder.java:327)

1040       WARN  main            d.u.i.k.p.r.p.ForkedTestFileRunner Run failed de.uka.ilkd.key.proof.io.ProblemLoaderException: Could not initialize class de.uka.ilkd.key.java.abstraction.PrimitiveType
	at de.uka.ilkd.key.control.AbstractUserInterfaceControl.load(AbstractUserInterfaceControl.java:225)
Caused by: java.lang.NoClassDefFoundError: Could not initialize class de.uka.ilkd.key.java.abstraction.PrimitiveType
	at de.uka.ilkd.key.nparser.builder.DefaultBuilder.visitSortId(DefaultBuilder.java:327)

1047       WARN  main            d.u.i.k.p.r.p.ForkedTestFileRunner Run failed de.uka.ilkd.key.proof.io.ProblemLoaderException: Could not initialize class de.uka.ilkd.key.java.abstraction.PrimitiveType
	at de.uka.ilkd.key.control.AbstractUserInterfaceControl.load(AbstractUserInterfaceControl.java:225)
Caused by: java.lang.NoClassDefFoundError: Could not initialize class de.uka.ilkd.key.java.abstraction.PrimitiveType
	at de.uka.ilkd.key.nparser.builder.DefaultBuilder.visitSortId(DefaultBuilder.java:327)

1053       WARN  main            d.u.i.k.p.r.p.ForkedTestFileRunner Run failed de.uka.ilkd.key.proof.io.ProblemLoaderException: Could not initialize class de.uka.ilkd.key.java.abstraction.PrimitiveType
	at de.uka.ilkd.key.control.AbstractUserInterfaceControl.load(AbstractUserInterfaceControl.java:225)
Caused by: java.lang.NoClassDefFoundError: Could not initialize class de.uka.ilkd.key.java.abstraction.PrimitiveType
	at de.uka.ilkd.key.nparser.builder.DefaultBuilder.visitSortId(DefaultBuilder.java:327)

1064       WARN  main            d.u.i.k.p.r.p.ForkedTestFileRunner Run failed de.uka.ilkd.key.proof.io.ProblemLoaderException: Could not initialize class de.uka.ilkd.key.java.abstraction.PrimitiveType
	at de.uka.ilkd.key.control.AbstractUserInterfaceControl.load(AbstractUserInterfaceControl.java:225)
Caused by: java.lang.NoClassDefFoundError: Could not initialize class de.uka.ilkd.key.java.abstraction.PrimitiveType
	at de.uka.ilkd.key.nparser.builder.DefaultBuilder.visitSortId(DefaultBuilder.java:327)

1072       WARN  main            d.u.i.k.p.r.p.ForkedTestFileRunner Run failed de.uka.ilkd.key.proof.io.ProblemLoaderException: Could not initialize class de.uka.ilkd.key.java.abstraction.PrimitiveType
	at de.uka.ilkd.key.control.AbstractUserInterfaceControl.load(AbstractUserInterfaceControl.java:225)
Caused by: java.lang.NoClassDefFoundError: Could not initialize class de.uka.ilkd.key.java.abstraction.PrimitiveType
	at de.uka.ilkd.key.nparser.builder.DefaultBuilder.visitSortId(DefaultBuilder.java:327)

1079       WARN  main            d.u.i.k.p.r.p.ForkedTestFileRunner Run failed de.uka.ilkd.key.proof.io.ProblemLoaderException: Could not initialize class de.uka.ilkd.key.java.abstraction.PrimitiveType
	at de.uka.ilkd.key.control.AbstractUserInterfaceControl.load(AbstractUserInterfaceControl.java:225)
Caused by: java.lang.NoClassDefFoundError: Could not initialize class de.uka.ilkd.key.java.abstraction.PrimitiveType
	at de.uka.ilkd.key.nparser.builder.DefaultBuilder.visitSortId(DefaultBuilder.java:327)

328        WARN  main            d.u.i.k.s.ProofSettings   The settings in /home/runner/.key/proof-settings.props are *not* read. 
794        WARN  main            d.u.i.k.p.r.p.ForkedTestFileRunner Run failed de.uka.ilkd.key.proof.io.ProblemLoaderException: null
	at de.uka.ilkd.key.control.AbstractUserInterfaceControl.load(AbstractUserInterfaceControl.java:225)
Caused by: java.lang.ExceptionInInitializerError: null
	at de.uka.ilkd.key.nparser.builder.DefaultBuilder.visitSortId(DefaultBuilder.java:327)
Caused by: java.lang.NullPointerException: null
	at de.uka.ilkd.key.java.JavaProgramElement.<init>(JavaProgramElement.java:60)

825        WARN  main            d.u.i.k.p.r.p.ForkedTestFileRunner Run failed de.uka.ilkd.key.proof.io.ProblemLoaderException: Could not initialize class de.uka.ilkd.key.java.abstraction.PrimitiveType
	at de.uka.ilkd.key.control.AbstractUserInterfaceControl.load(AbstractUserInterfaceControl.java:225)
Caused by: java.lang.NoClassDefFoundError: Could not initialize class de.uka.ilkd.key.java.abstraction.PrimitiveType
	at de.uka.ilkd.key.nparser.builder.DefaultBuilder.visitSortId(DefaultBuilder.java:327)

844        WARN  main            d.u.i.k.p.r.p.ForkedTestFileRunner Run failed de.uka.ilkd.key.proof.io.ProblemLoaderException: Could not initialize class de.uka.ilkd.key.java.abstraction.PrimitiveType
	at de.uka.ilkd.key.control.AbstractUserInterfaceControl.load(AbstractUserInterfaceControl.java:225)
Caused by: java.lang.NoClassDefFoundError: Could not initialize class de.uka.ilkd.key.java.abstraction.PrimitiveType
	at de.uka.ilkd.key.nparser.builder.DefaultBuilder.visitSortId(DefaultBuilder.java:327)

854        WARN  main            d.u.i.k.p.r.p.ForkedTestFileRunner Run failed de.uka.ilkd.key.proof.io.ProblemLoaderException: Could not initialize class de.uka.ilkd.key.java.abstraction.PrimitiveType
	at de.uka.ilkd.key.control.AbstractUserInterfaceControl.load(AbstractUserInterfaceControl.java:225)
Caused by: java.lang.NoClassDefFoundError: Could not initialize class de.uka.ilkd.key.java.abstraction.PrimitiveType
	at de.uka.ilkd.key.nparser.builder.DefaultBuilder.visitSortId(DefaultBuilder.java:327)

864        WARN  main            d.u.i.k.p.r.p.ForkedTestFileRunner Run failed de.uka.ilkd.key.proof.io.ProblemLoaderException: Could not initialize class de.uka.ilkd.key.java.abstraction.PrimitiveType
	at de.uka.ilkd.key.control.AbstractUserInterfaceControl.load(AbstractUserInterfaceControl.java:225)
Caused by: java.lang.NoClassDefFoundError: Could not initialize class de.uka.ilkd.key.java.abstraction.PrimitiveType
	at de.uka.ilkd.key.nparser.builder.DefaultBuilder.visitSortId(DefaultBuilder.java:327)

873        WARN  main            d.u.i.k.p.r.p.ForkedTestFileRunner Run failed de.uka.ilkd.key.proof.io.ProblemLoaderException: Could not initialize class de.uka.ilkd.key.java.abstraction.PrimitiveType
	at de.uka.ilkd.key.control.AbstractUserInterfaceControl.load(AbstractUserInterfaceControl.java:225)
Caused by: java.lang.NoClassDefFoundError: Could not initialize class de.uka.ilkd.key.java.abstraction.PrimitiveType
	at de.uka.ilkd.key.nparser.builder.DefaultBuilder.visitSortId(DefaultBuilder.java:327)

886        WARN  main            d.u.i.k.p.r.p.ForkedTestFileRunner Run failed de.uka.ilkd.key.proof.io.ProblemLoaderException: Could not initialize class de.uka.ilkd.key.java.abstraction.PrimitiveType
	at de.uka.ilkd.key.control.AbstractUserInterfaceControl.load(AbstractUserInterfaceControl.java:225)
Caused by: java.lang.NoClassDefFoundError: Could not initialize class de.uka.ilkd.key.java.abstraction.PrimitiveType
	at de.uka.ilkd.key.nparser.builder.DefaultBuilder.visitSortId(DefaultBuilder.java:327)

894        WARN  main            d.u.i.k.p.r.p.ForkedTestFileRunner Run failed de.uka.ilkd.key.proof.io.ProblemLoaderException: Could not initialize class de.uka.ilkd.key.java.abstraction.PrimitiveType
	at de.uka.ilkd.key.control.AbstractUserInterfaceControl.load(AbstractUserInterfaceControl.java:225)
Caused by: java.lang.NoClassDefFoundError: Could not initialize class de.uka.ilkd.key.java.abstraction.PrimitiveType
	at de.uka.ilkd.key.nparser.builder.DefaultBuilder.visitSortId(DefaultBuilder.java:327)

905        WARN  main            d.u.i.k.p.r.p.ForkedTestFileRunner Run failed de.uka.ilkd.key.proof.io.ProblemLoaderException: Could not initialize class de.uka.ilkd.key.java.abstraction.PrimitiveType
	at de.uka.ilkd.key.control.AbstractUserInterfaceControl.load(AbstractUserInterfaceControl.java:225)
Caused by: java.lang.NoClassDefFoundError: Could not initialize class de.uka.ilkd.key.java.abstraction.PrimitiveType
	at de.uka.ilkd.key.nparser.builder.DefaultBuilder.visitSortId(DefaultBuilder.java:327)

912        WARN  main            d.u.i.k.p.r.p.ForkedTestFileRunner Run failed de.uka.ilkd.key.proof.io.ProblemLoaderException: Could not initialize class de.uka.ilkd.key.java.abstraction.PrimitiveType
	at de.uka.ilkd.key.control.AbstractUserInterfaceControl.load(AbstractUserInterfaceControl.java:225)
Caused by: java.lang.NoClassDefFoundError: Could not initialize class de.uka.ilkd.key.java.abstraction.PrimitiveType
	at de.uka.ilkd.key.nparser.builder.DefaultBuilder.visitSortId(DefaultBuilder.java:327)

920        WARN  main            d.u.i.k.p.r.p.ForkedTestFileRunner Run failed de.uka.ilkd.key.proof.io.ProblemLoaderException: Could not initialize class de.uka.ilkd.key.java.abstraction.PrimitiveType
	at de.uka.ilkd.key.control.AbstractUserInterfaceControl.load(AbstractUserInterfaceControl.java:225)
Caused by: java.lang.NoClassDefFoundError: Could not initialize class de.uka.ilkd.key.java.abstraction.PrimitiveType
	at de.uka.ilkd.key.nparser.builder.DefaultBuilder.visitSortId(DefaultBuilder.java:327)

927        WARN  main            d.u.i.k.p.r.p.ForkedTestFileRunner Run failed de.uka.ilkd.key.proof.io.ProblemLoaderException: Could not initialize class de.uka.ilkd.key.java.abstraction.PrimitiveType
	at de.uka.ilkd.key.control.AbstractUserInterfaceControl.load(AbstractUserInterfaceControl.java:225)
Caused by: java.lang.NoClassDefFoundError: Could not initialize class de.uka.ilkd.key.java.abstraction.PrimitiveType
	at de.uka.ilkd.key.nparser.builder.DefaultBuilder.visitSortId(DefaultBuilder.java:327)

938        WARN  main            d.u.i.k.p.r.p.ForkedTestFileRunner Run failed de.uka.ilkd.key.proof.io.ProblemLoaderException: Could not initialize class de.uka.ilkd.key.java.abstraction.PrimitiveType
	at de.uka.ilkd.key.control.AbstractUserInterfaceControl.load(AbstractUserInterfaceControl.java:225)
Caused by: java.lang.NoClassDefFoundError: Could not initialize class de.uka.ilkd.key.java.abstraction.PrimitiveType
	at de.uka.ilkd.key.nparser.builder.DefaultBuilder.visitSortId(DefaultBuilder.java:327)

949        WARN  main            d.u.i.k.p.r.p.ForkedTestFileRunner Run failed de.uka.ilkd.key.proof.io.ProblemLoaderException: Could not initialize class de.uka.ilkd.key.java.abstraction.PrimitiveType
	at de.uka.ilkd.key.control.AbstractUserInterfaceControl.load(AbstractUserInterfaceControl.java:225)
Caused by: java.lang.NoClassDefFoundError: Could not initialize class de.uka.ilkd.key.java.abstraction.PrimitiveType
	at de.uka.ilkd.key.nparser.builder.DefaultBuilder.visitSortId(DefaultBuilder.java:327)

959        WARN  main            d.u.i.k.p.r.p.ForkedTestFileRunner Run failed de.uka.ilkd.key.proof.io.ProblemLoaderException: Could not initialize class de.uka.ilkd.key.java.abstraction.PrimitiveType
	at de.uka.ilkd.key.control.AbstractUserInterfaceControl.load(AbstractUserInterfaceControl.java:225)
Caused by: java.lang.NoClassDefFoundError: Could not initialize class de.uka.ilkd.key.java.abstraction.PrimitiveType
	at de.uka.ilkd.key.nparser.builder.DefaultBuilder.visitSortId(DefaultBuilder.java:327)

975        WARN  main            d.u.i.k.p.r.p.ForkedTestFileRunner Run failed de.uka.ilkd.key.proof.io.ProblemLoaderException: Could not initialize class de.uka.ilkd.key.java.abstraction.PrimitiveType
	at de.uka.ilkd.key.control.AbstractUserInterfaceControl.load(AbstractUserInterfaceControl.java:225)
Caused by: java.lang.NoClassDefFoundError: Could not initialize class de.uka.ilkd.key.java.abstraction.PrimitiveType
	at de.uka.ilkd.key.nparser.builder.DefaultBuilder.visitSortId(DefaultBuilder.java:327)

992        WARN  main            d.u.i.k.p.r.p.ForkedTestFileRunner Run failed de.uka.ilkd.key.proof.io.ProblemLoaderException: Could not initialize class de.uka.ilkd.key.java.abstraction.PrimitiveType
	at de.uka.ilkd.key.control.AbstractUserInterfaceControl.load(AbstractUserInterfaceControl.java:225)
Caused by: java.lang.NoClassDefFoundError: Could not initialize class de.uka.ilkd.key.java.abstraction.PrimitiveType
	at de.uka.ilkd.key.nparser.builder.DefaultBuilder.visitSortId(DefaultBuilder.java:327)

1002       WARN  main            d.u.i.k.p.r.p.ForkedTestFileRunner Run failed de.uka.ilkd.key.proof.io.ProblemLoaderException: Could not initialize class de.uka.ilkd.key.java.abstraction.PrimitiveType
	at de.uka.ilkd.key.control.AbstractUserInterfaceControl.load(AbstractUserInterfaceControl.java:225)
Caused by: java.lang.NoClassDefFoundError: Could not initialize class de.uka.ilkd.key.java.abstraction.PrimitiveType
	at de.uka.ilkd.key.nparser.builder.DefaultBuilder.visitSortId(DefaultBuilder.java:327)

1016       WARN  main            d.u.i.k.p.r.p.ForkedTestFileRunner Run failed de.uka.ilkd.key.proof.io.ProblemLoaderException: Could not initialize class de.uka.ilkd.key.java.abstraction.PrimitiveType
	at de.uka.ilkd.key.control.AbstractUserInterfaceControl.load(AbstractUserInterfaceControl.java:225)
Caused by: java.lang.NoClassDefFoundError: Could not initialize class de.uka.ilkd.key.java.abstraction.PrimitiveType
	at de.uka.ilkd.key.nparser.builder.DefaultBuilder.visitSortId(DefaultBuilder.java:327)

1031       WARN  main            d.u.i.k.p.r.p.ForkedTestFileRunner Run failed de.uka.ilkd.key.proof.io.ProblemLoaderException: Could not initialize class de.uka.ilkd.key.java.abstraction.PrimitiveType
	at de.uka.ilkd.key.control.AbstractUserInterfaceControl.load(AbstractUserInterfaceControl.java:225)
Caused by: java.lang.NoClassDefFoundError: Could not initialize class de.uka.ilkd.key.java.abstraction.PrimitiveType
	at de.uka.ilkd.key.nparser.builder.DefaultBuilder.visitSortId(DefaultBuilder.java:327)

1039       WARN  main            d.u.i.k.p.r.p.ForkedTestFileRunner Run failed de.uka.ilkd.key.proof.io.ProblemLoaderException: Could not initialize class de.uka.ilkd.key.java.abstraction.PrimitiveType
	at de.uka.ilkd.key.control.AbstractUserInterfaceControl.load(AbstractUserInterfaceControl.java:225)
Caused by: java.lang.NoClassDefFoundError: Could not initialize class de.uka.ilkd.key.java.abstraction.PrimitiveType
	at de.uka.ilkd.key.nparser.builder.DefaultBuilder.visitSortId(DefaultBuilder.java:327)

1052       WARN  main            d.u.i.k.p.r.p.ForkedTestFileRunner Run failed de.uka.ilkd.key.proof.io.ProblemLoaderException: Could not initialize class de.uka.ilkd.key.java.abstraction.PrimitiveType
	at de.uka.ilkd.key.control.AbstractUserInterfaceControl.load(AbstractUserInterfaceControl.java:225)
Caused by: java.lang.NoClassDefFoundError: Could not initialize class de.uka.ilkd.key.java.abstraction.PrimitiveType
	at de.uka.ilkd.key.nparser.builder.DefaultBuilder.visitSortId(DefaultBuilder.java:327)

1059       WARN  main            d.u.i.k.p.r.p.ForkedTestFileRunner Run failed de.uka.ilkd.key.proof.io.ProblemLoaderException: Could not initialize class de.uka.ilkd.key.java.abstraction.PrimitiveType
	at de.uka.ilkd.key.control.AbstractUserInterfaceControl.load(AbstractUserInterfaceControl.java:225)
Caused by: java.lang.NoClassDefFoundError: Could not initialize class de.uka.ilkd.key.java.abstraction.PrimitiveType
	at de.uka.ilkd.key.nparser.builder.DefaultBuilder.visitSortId(DefaultBuilder.java:327)

1066       WARN  main            d.u.i.k.p.r.p.ForkedTestFileRunner Run failed de.uka.ilkd.key.proof.io.ProblemLoaderException: Could not initialize class de.uka.ilkd.key.java.abstraction.PrimitiveType
	at de.uka.ilkd.key.control.AbstractUserInterfaceControl.load(AbstractUserInterfaceControl.java:225)
Caused by: java.lang.NoClassDefFoundError: Could not initialize class de.uka.ilkd.key.java.abstraction.PrimitiveType
	at de.uka.ilkd.key.nparser.builder.DefaultBuilder.visitSortId(DefaultBuilder.java:327)

1073       WARN  main            d.u.i.k.p.r.p.ForkedTestFileRunner Run failed de.uka.ilkd.key.proof.io.ProblemLoaderException: Could not initialize class de.uka.ilkd.key.java.abstraction.PrimitiveType
	at de.uka.ilkd.key.control.AbstractUserInterfaceControl.load(AbstractUserInterfaceControl.java:225)
Caused by: java.lang.NoClassDefFoundError: Could not initialize class de.uka.ilkd.key.java.abstraction.PrimitiveType
	at de.uka.ilkd.key.nparser.builder.DefaultBuilder.visitSortId(DefaultBuilder.java:327)

1086       WARN  main            d.u.i.k.p.r.p.ForkedTestFileRunner Run failed de.uka.ilkd.key.proof.io.ProblemLoaderException: Could not initialize class de.uka.ilkd.key.java.abstraction.PrimitiveType
	at de.uka.ilkd.key.control.AbstractUserInterfaceControl.load(AbstractUserInterfaceControl.java:225)
Caused by: java.lang.NoClassDefFoundError: Could not initialize class de.uka.ilkd.key.java.abstraction.PrimitiveType
	at de.uka.ilkd.key.nparser.builder.DefaultBuilder.visitSortId(DefaultBuilder.java:327)

1093       WARN  main            d.u.i.k.p.r.p.ForkedTestFileRunner Run failed de.uka.ilkd.key.proof.io.ProblemLoaderException: Could not initialize class de.uka.ilkd.key.java.abstraction.PrimitiveType
	at de.uka.ilkd.key.control.AbstractUserInterfaceControl.load(AbstractUserInterfaceControl.java:225)
Caused by: java.lang.NoClassDefFoundError: Could not initialize class de.uka.ilkd.key.java.abstraction.PrimitiveType
	at de.uka.ilkd.key.nparser.builder.DefaultBuilder.visitSortId(DefaultBuilder.java:327)

1098       WARN  main            d.u.i.k.p.r.p.ForkedTestFileRunner Run failed de.uka.ilkd.key.proof.io.ProblemLoaderException: Could not initialize class de.uka.ilkd.key.java.abstraction.PrimitiveType
	at de.uka.ilkd.key.control.AbstractUserInterfaceControl.load(AbstractUserInterfaceControl.java:225)
Caused by: java.lang.NoClassDefFoundError: Could not initialize class de.uka.ilkd.key.java.abstraction.PrimitiveType
	at de.uka.ilkd.key.nparser.builder.DefaultBuilder.visitSortId(DefaultBuilder.java:327)

1106       WARN  main            d.u.i.k.p.r.p.ForkedTestFileRunner Run failed de.uka.ilkd.key.proof.io.ProblemLoaderException: Could not initialize class de.uka.ilkd.key.java.abstraction.PrimitiveType
	at de.uka.ilkd.key.control.AbstractUserInterfaceControl.load(AbstractUserInterfaceControl.java:225)
Caused by: java.lang.NoClassDefFoundError: Could not initialize class de.uka.ilkd.key.java.abstraction.PrimitiveType
	at de.uka.ilkd.key.nparser.builder.DefaultBuilder.visitSortId(DefaultBuilder.java:327)

1112       WARN  main            d.u.i.k.p.r.p.ForkedTestFileRunner Run failed de.uka.ilkd.key.proof.io.ProblemLoaderException: Could not initialize class de.uka.ilkd.key.java.abstraction.PrimitiveType
	at de.uka.ilkd.key.control.AbstractUserInterfaceControl.load(AbstractUserInterfaceControl.java:225)
Caused by: java.lang.NoClassDefFoundError: Could not initialize class de.uka.ilkd.key.java.abstraction.PrimitiveType
	at de.uka.ilkd.key.nparser.builder.DefaultBuilder.visitSortId(DefaultBuilder.java:327)

389        WARN  main            d.u.i.k.s.ProofSettings   The settings in /home/runner/.key/proof-settings.props are *not* read. 
783        WARN  main            d.u.i.k.p.r.p.ForkedTestFileRunner Run failed de.uka.ilkd.key.proof.io.ProblemLoaderException: null
	at de.uka.ilkd.key.control.AbstractUserInterfaceControl.load(AbstractUserInterfaceControl.java:225)
Caused by: java.lang.ExceptionInInitializerError: null
	at de.uka.ilkd.key.nparser.builder.DefaultBuilder.visitSortId(DefaultBuilder.java:327)
Caused by: java.lang.NullPointerException: null
	at de.uka.ilkd.key.java.JavaProgramElement.<init>(JavaProgramElement.java:60)

800        WARN  main            d.u.i.k.p.r.p.ForkedTestFileRunner Run failed de.uka.ilkd.key.proof.io.ProblemLoaderException: Could not initialize class de.uka.ilkd.key.java.abstraction.PrimitiveType
	at de.uka.ilkd.key.control.AbstractUserInterfaceControl.load(AbstractUserInterfaceControl.java:225)
Caused by: java.lang.NoClassDefFoundError: Could not initialize class de.uka.ilkd.key.java.abstraction.PrimitiveType
	at de.uka.ilkd.key.nparser.builder.DefaultBuilder.visitSortId(DefaultBuilder.java:327)

813        WARN  main            d.u.i.k.p.r.p.ForkedTestFileRunner Run failed de.uka.ilkd.key.proof.io.ProblemLoaderException: Could not initialize class de.uka.ilkd.key.java.abstraction.PrimitiveType
	at de.uka.ilkd.key.control.AbstractUserInterfaceControl.load(AbstractUserInterfaceControl.java:225)
Caused by: java.lang.NoClassDefFoundError: Could not initialize class de.uka.ilkd.key.java.abstraction.PrimitiveType
	at de.uka.ilkd.key.nparser.builder.DefaultBuilder.visitSortId(DefaultBuilder.java:327)

825        WARN  main            d.u.i.k.p.r.p.ForkedTestFileRunner Run failed de.uka.ilkd.key.proof.io.ProblemLoaderException: Could not initialize class de.uka.ilkd.key.java.abstraction.PrimitiveType
	at de.uka.ilkd.key.control.AbstractUserInterfaceControl.load(AbstractUserInterfaceControl.java:225)
Caused by: java.lang.NoClassDefFoundError: Could not initialize class de.uka.ilkd.key.java.abstraction.PrimitiveType
	at de.uka.ilkd.key.nparser.builder.DefaultBuilder.visitSortId(DefaultBuilder.java:327)

837        WARN  main            d.u.i.k.p.r.p.ForkedTestFileRunner Run failed de.uka.ilkd.key.proof.io.ProblemLoaderException: Could not initialize class de.uka.ilkd.key.java.abstraction.PrimitiveType
	at de.uka.ilkd.key.control.AbstractUserInterfaceControl.load(AbstractUserInterfaceControl.java:225)
Caused by: java.lang.NoClassDefFoundError: Could not initialize class de.uka.ilkd.key.java.abstraction.PrimitiveType
	at de.uka.ilkd.key.nparser.builder.DefaultBuilder.visitSortId(DefaultBuilder.java:327)

848        WARN  main            d.u.i.k.p.r.p.ForkedTestFileRunner Run failed de.uka.ilkd.key.proof.io.ProblemLoaderException: Could not initialize class de.uka.ilkd.key.java.abstraction.PrimitiveType
	at de.uka.ilkd.key.control.AbstractUserInterfaceControl.load(AbstractUserInterfaceControl.java:225)
Caused by: java.lang.NoClassDefFoundError: Could not initialize class de.uka.ilkd.key.java.abstraction.PrimitiveType
	at de.uka.ilkd.key.nparser.builder.DefaultBuilder.visitSortId(DefaultBuilder.java:327)

859        WARN  main            d.u.i.k.p.r.p.ForkedTestFileRunner Run failed de.uka.ilkd.key.proof.io.ProblemLoaderException: Could not initialize class de.uka.ilkd.key.java.abstraction.PrimitiveType
	at de.uka.ilkd.key.control.AbstractUserInterfaceControl.load(AbstractUserInterfaceControl.java:225)
Caused by: java.lang.NoClassDefFoundError: Could not initialize class de.uka.ilkd.key.java.abstraction.PrimitiveType
	at de.uka.ilkd.key.nparser.builder.DefaultBuilder.visitSortId(DefaultBuilder.java:327)

869        WARN  main            d.u.i.k.p.r.p.ForkedTestFileRunner Run failed de.uka.ilkd.key.proof.io.ProblemLoaderException: Could not initialize class de.uka.ilkd.key.java.abstraction.PrimitiveType
	at de.uka.ilkd.key.control.AbstractUserInterfaceControl.load(AbstractUserInterfaceControl.java:225)
Caused by: java.lang.NoClassDefFoundError: Could not initialize class de.uka.ilkd.key.java.abstraction.PrimitiveType
	at de.uka.ilkd.key.nparser.builder.DefaultBuilder.visitSortId(DefaultBuilder.java:327)

877        WARN  main            d.u.i.k.p.r.p.ForkedTestFileRunner Run failed de.uka.ilkd.key.proof.io.ProblemLoaderException: Could not initialize class de.uka.ilkd.key.java.abstraction.PrimitiveType
	at de.uka.ilkd.key.control.AbstractUserInterfaceControl.load(AbstractUserInterfaceControl.java:225)
Caused by: java.lang.NoClassDefFoundError: Could not initialize class de.uka.ilkd.key.java.abstraction.PrimitiveType
	at de.uka.ilkd.key.nparser.builder.DefaultBuilder.visitSortId(DefaultBuilder.java:327)

346        WARN  main            d.u.i.k.s.ProofSettings   The settings in /home/runner/.key/proof-settings.props are *not* read. 
777        WARN  main            d.u.i.k.p.r.p.ForkedTestFileRunner Run failed de.uka.ilkd.key.proof.io.ProblemLoaderException: null
	at de.uka.ilkd.key.control.AbstractUserInterfaceControl.load(AbstractUserInterfaceControl.java:225)
Caused by: java.lang.ExceptionInInitializerError: null
	at de.uka.ilkd.key.nparser.builder.DefaultBuilder.visitSortId(DefaultBuilder.java:327)
Caused by: java.lang.NullPointerException: null
	at de.uka.ilkd.key.java.JavaProgramElement.<init>(JavaProgramElement.java:60)

793        WARN  main            d.u.i.k.p.r.p.ForkedTestFileRunner Run failed de.uka.ilkd.key.proof.io.ProblemLoaderException: Could not initialize class de.uka.ilkd.key.java.abstraction.PrimitiveType
	at de.uka.ilkd.key.control.AbstractUserInterfaceControl.load(AbstractUserInterfaceControl.java:225)
Caused by: java.lang.NoClassDefFoundError: Could not initialize class de.uka.ilkd.key.java.abstraction.PrimitiveType
	at de.uka.ilkd.key.nparser.builder.DefaultBuilder.visitSortId(DefaultBuilder.java:327)

353        WARN  main            d.u.i.k.s.ProofSettings   The settings in /home/runner/.key/proof-settings.props are *not* read. 
769        WARN  main            d.u.i.k.p.r.p.ForkedTestFileRunner Run failed de.uka.ilkd.key.proof.io.ProblemLoaderException: null
	at de.uka.ilkd.key.control.AbstractUserInterfaceControl.load(AbstractUserInterfaceControl.java:225)
Caused by: java.lang.ExceptionInInitializerError: null
	at de.uka.ilkd.key.nparser.builder.DefaultBuilder.visitSortId(DefaultBuilder.java:327)
Caused by: java.lang.NullPointerException: null
	at de.uka.ilkd.key.java.JavaProgramElement.<init>(JavaProgramElement.java:60)

786        WARN  main            d.u.i.k.p.r.p.ForkedTestFileRunner Run failed de.uka.ilkd.key.proof.io.ProblemLoaderException: Could not initialize class de.uka.ilkd.key.java.abstraction.PrimitiveType
	at de.uka.ilkd.key.control.AbstractUserInterfaceControl.load(AbstractUserInterfaceControl.java:225)
Caused by: java.lang.NoClassDefFoundError: Could not initialize class de.uka.ilkd.key.java.abstraction.PrimitiveType
	at de.uka.ilkd.key.nparser.builder.DefaultBuilder.visitSortId(DefaultBuilder.java:327)

799        WARN  main            d.u.i.k.p.r.p.ForkedTestFileRunner Run failed de.uka.ilkd.key.proof.io.ProblemLoaderException: Could not initialize class de.uka.ilkd.key.java.abstraction.PrimitiveType
	at de.uka.ilkd.key.control.AbstractUserInterfaceControl.load(AbstractUserInterfaceControl.java:225)
Caused by: java.lang.NoClassDefFoundError: Could not initialize class de.uka.ilkd.key.java.abstraction.PrimitiveType
	at de.uka.ilkd.key.nparser.builder.DefaultBuilder.visitSortId(DefaultBuilder.java:327)

809        WARN  main            d.u.i.k.p.r.p.ForkedTestFileRunner Run failed de.uka.ilkd.key.proof.io.ProblemLoaderException: Could not initialize class de.uka.ilkd.key.java.abstraction.PrimitiveType
	at de.uka.ilkd.key.control.AbstractUserInterfaceControl.load(AbstractUserInterfaceControl.java:225)
Caused by: java.lang.NoClassDefFoundError: Could not initialize class de.uka.ilkd.key.java.abstraction.PrimitiveType
	at de.uka.ilkd.key.nparser.builder.DefaultBuilder.visitSortId(DefaultBuilder.java:327)

820        WARN  main            d.u.i.k.p.r.p.ForkedTestFileRunner Run failed de.uka.ilkd.key.proof.io.ProblemLoaderException: Could not initialize class de.uka.ilkd.key.java.abstraction.PrimitiveType
	at de.uka.ilkd.key.control.AbstractUserInterfaceControl.load(AbstractUserInterfaceControl.java:225)
Caused by: java.lang.NoClassDefFoundError: Could not initialize class de.uka.ilkd.key.java.abstraction.PrimitiveType
	at de.uka.ilkd.key.nparser.builder.DefaultBuilder.visitSortId(DefaultBuilder.java:327)

829        WARN  main            d.u.i.k.p.r.p.ForkedTestFileRunner Run failed de.uka.ilkd.key.proof.io.ProblemLoaderException: Could not initialize class de.uka.ilkd.key.java.abstraction.PrimitiveType
	at de.uka.ilkd.key.control.AbstractUserInterfaceControl.load(AbstractUserInterfaceControl.java:225)
Caused by: java.lang.NoClassDefFoundError: Could not initialize class de.uka.ilkd.key.java.abstraction.PrimitiveType
	at de.uka.ilkd.key.nparser.builder.DefaultBuilder.visitSortId(DefaultBuilder.java:327)

839        WARN  main            d.u.i.k.p.r.p.ForkedTestFileRunner Run failed de.uka.ilkd.key.proof.io.ProblemLoaderException: Could not initialize class de.uka.ilkd.key.java.abstraction.PrimitiveType
	at de.uka.ilkd.key.control.AbstractUserInterfaceControl.load(AbstractUserInterfaceControl.java:225)
Caused by: java.lang.NoClassDefFoundError: Could not initialize class de.uka.ilkd.key.java.abstraction.PrimitiveType
	at de.uka.ilkd.key.nparser.builder.DefaultBuilder.visitSortId(DefaultBuilder.java:327)

848        WARN  main            d.u.i.k.p.r.p.ForkedTestFileRunner Run failed de.uka.ilkd.key.proof.io.ProblemLoaderException: Could not initialize class de.uka.ilkd.key.java.abstraction.PrimitiveType
	at de.uka.ilkd.key.control.AbstractUserInterfaceControl.load(AbstractUserInterfaceControl.java:225)
Caused by: java.lang.NoClassDefFoundError: Could not initialize class de.uka.ilkd.key.java.abstraction.PrimitiveType
	at de.uka.ilkd.key.nparser.builder.DefaultBuilder.visitSortId(DefaultBuilder.java:327)

858        WARN  main            d.u.i.k.p.r.p.ForkedTestFileRunner Run failed de.uka.ilkd.key.proof.io.ProblemLoaderException: Could not initialize class de.uka.ilkd.key.java.abstraction.PrimitiveType
	at de.uka.ilkd.key.control.AbstractUserInterfaceControl.load(AbstractUserInterfaceControl.java:225)
Caused by: java.lang.NoClassDefFoundError: Could not initialize class de.uka.ilkd.key.java.abstraction.PrimitiveType
	at de.uka.ilkd.key.nparser.builder.DefaultBuilder.visitSortId(DefaultBuilder.java:327)

322        WARN  main            d.u.i.k.s.ProofSettings   The settings in /home/runner/.key/proof-settings.props are *not* read. 
699        WARN  main            d.u.i.k.p.r.p.ForkedTestFileRunner Run failed de.uka.ilkd.key.proof.io.ProblemLoaderException: null
	at de.uka.ilkd.key.control.AbstractUserInterfaceControl.load(AbstractUserInterfaceControl.java:225)
Caused by: java.lang.ExceptionInInitializerError: null
	at de.uka.ilkd.key.nparser.builder.DefaultBuilder.visitSortId(DefaultBuilder.java:327)
Caused by: java.lang.NullPointerException: null
	at de.uka.ilkd.key.java.JavaProgramElement.<init>(JavaProgramElement.java:60)

721        WARN  main            d.u.i.k.p.r.p.ForkedTestFileRunner Run failed de.uka.ilkd.key.proof.io.ProblemLoaderException: Could not initialize class de.uka.ilkd.key.java.abstraction.PrimitiveType
	at de.uka.ilkd.key.control.AbstractUserInterfaceControl.load(AbstractUserInterfaceControl.java:225)
Caused by: java.lang.NoClassDefFoundError: Could not initialize class de.uka.ilkd.key.java.abstraction.PrimitiveType
	at de.uka.ilkd.key.nparser.builder.DefaultBuilder.visitSortId(DefaultBuilder.java:327)

735        WARN  main            d.u.i.k.p.r.p.ForkedTestFileRunner Run failed de.uka.ilkd.key.proof.io.ProblemLoaderException: Could not initialize class de.uka.ilkd.key.java.abstraction.PrimitiveType
	at de.uka.ilkd.key.control.AbstractUserInterfaceControl.load(AbstractUserInterfaceControl.java:225)
Caused by: java.lang.NoClassDefFoundError: Could not initialize class de.uka.ilkd.key.java.abstraction.PrimitiveType
	at de.uka.ilkd.key.nparser.builder.DefaultBuilder.visitSortId(DefaultBuilder.java:327)

747        WARN  main            d.u.i.k.p.r.p.ForkedTestFileRunner Run failed de.uka.ilkd.key.proof.io.ProblemLoaderException: Could not initialize class de.uka.ilkd.key.java.abstraction.PrimitiveType
	at de.uka.ilkd.key.control.AbstractUserInterfaceControl.load(AbstractUserInterfaceControl.java:225)
Caused by: java.lang.NoClassDefFoundError: Could not initialize class de.uka.ilkd.key.java.abstraction.PrimitiveType
	at de.uka.ilkd.key.nparser.builder.DefaultBuilder.visitSortId(DefaultBuilder.java:327)

759        WARN  main            d.u.i.k.p.r.p.ForkedTestFileRunner Run failed de.uka.ilkd.key.proof.io.ProblemLoaderException: Could not initialize class de.uka.ilkd.key.java.abstraction.PrimitiveType
	at de.uka.ilkd.key.control.AbstractUserInterfaceControl.load(AbstractUserInterfaceControl.java:225)
Caused by: java.lang.NoClassDefFoundError: Could not initialize class de.uka.ilkd.key.java.abstraction.PrimitiveType
	at de.uka.ilkd.key.nparser.builder.DefaultBuilder.visitSortId(DefaultBuilder.java:327)

769        WARN  main            d.u.i.k.p.r.p.ForkedTestFileRunner Run failed de.uka.ilkd.key.proof.io.ProblemLoaderException: Could not initialize class de.uka.ilkd.key.java.abstraction.PrimitiveType
	at de.uka.ilkd.key.control.AbstractUserInterfaceControl.load(AbstractUserInterfaceControl.java:225)
Caused by: java.lang.NoClassDefFoundError: Could not initialize class de.uka.ilkd.key.java.abstraction.PrimitiveType
	at de.uka.ilkd.key.nparser.builder.DefaultBuilder.visitSortId(DefaultBuilder.java:327)

779        WARN  main            d.u.i.k.p.r.p.ForkedTestFileRunner Run failed de.uka.ilkd.key.proof.io.ProblemLoaderException: Could not initialize class de.uka.ilkd.key.java.abstraction.PrimitiveType
	at de.uka.ilkd.key.control.AbstractUserInterfaceControl.load(AbstractUserInterfaceControl.java:225)
Caused by: java.lang.NoClassDefFoundError: Could not initialize class de.uka.ilkd.key.java.abstraction.PrimitiveType
	at de.uka.ilkd.key.nparser.builder.DefaultBuilder.visitSortId(DefaultBuilder.java:327)

790        WARN  main            d.u.i.k.p.r.p.ForkedTestFileRunner Run failed de.uka.ilkd.key.proof.io.ProblemLoaderException: Could not initialize class de.uka.ilkd.key.java.abstraction.PrimitiveType
	at de.uka.ilkd.key.control.AbstractUserInterfaceControl.load(AbstractUserInterfaceControl.java:225)
Caused by: java.lang.NoClassDefFoundError: Could not initialize class de.uka.ilkd.key.java.abstraction.PrimitiveType
	at de.uka.ilkd.key.nparser.builder.DefaultBuilder.visitSortId(DefaultBuilder.java:327)

800        WARN  main            d.u.i.k.p.r.p.ForkedTestFileRunner Run failed de.uka.ilkd.key.proof.io.ProblemLoaderException: Could not initialize class de.uka.ilkd.key.java.abstraction.PrimitiveType
	at de.uka.ilkd.key.control.AbstractUserInterfaceControl.load(AbstractUserInterfaceControl.java:225)
Caused by: java.lang.NoClassDefFoundError: Could not initialize class de.uka.ilkd.key.java.abstraction.PrimitiveType
	at de.uka.ilkd.key.nparser.builder.DefaultBuilder.visitSortId(DefaultBuilder.java:327)

810        WARN  main            d.u.i.k.p.r.p.ForkedTestFileRunner Run failed de.uka.ilkd.key.proof.io.ProblemLoaderException: Could not initialize class de.uka.ilkd.key.java.abstraction.PrimitiveType
	at de.uka.ilkd.key.control.AbstractUserInterfaceControl.load(AbstractUserInterfaceControl.java:225)
Caused by: java.lang.NoClassDefFoundError: Could not initialize class de.uka.ilkd.key.java.abstraction.PrimitiveType
	at de.uka.ilkd.key.nparser.builder.DefaultBuilder.visitSortId(DefaultBuilder.java:327)

822        WARN  main            d.u.i.k.p.r.p.ForkedTestFileRunner Run failed de.uka.ilkd.key.proof.io.ProblemLoaderException: Could not initialize class de.uka.ilkd.key.java.abstraction.PrimitiveType
	at de.uka.ilkd.key.control.AbstractUserInterfaceControl.load(AbstractUserInterfaceControl.java:225)
Caused by: java.lang.NoClassDefFoundError: Could not initialize class de.uka.ilkd.key.java.abstraction.PrimitiveType
	at de.uka.ilkd.key.nparser.builder.DefaultBuilder.visitSortId(DefaultBuilder.java:327)

832        WARN  main            d.u.i.k.p.r.p.ForkedTestFileRunner Run failed de.uka.ilkd.key.proof.io.ProblemLoaderException: Could not initialize class de.uka.ilkd.key.java.abstraction.PrimitiveType
	at de.uka.ilkd.key.control.AbstractUserInterfaceControl.load(AbstractUserInterfaceControl.java:225)
Caused by: java.lang.NoClassDefFoundError: Could not initialize class de.uka.ilkd.key.java.abstraction.PrimitiveType
	at de.uka.ilkd.key.nparser.builder.DefaultBuilder.visitSortId(DefaultBuilder.java:327)

841        WARN  main            d.u.i.k.p.r.p.ForkedTestFileRunner Run failed de.uka.ilkd.key.proof.io.ProblemLoaderException: Could not initialize class de.uka.ilkd.key.java.abstraction.PrimitiveType
	at de.uka.ilkd.key.control.AbstractUserInterfaceControl.load(AbstractUserInterfaceControl.java:225)
Caused by: java.lang.NoClassDefFoundError: Could not initialize class de.uka.ilkd.key.java.abstraction.PrimitiveType
	at de.uka.ilkd.key.nparser.builder.DefaultBuilder.visitSortId(DefaultBuilder.java:327)

850        WARN  main            d.u.i.k.p.r.p.ForkedTestFileRunner Run failed de.uka.ilkd.key.proof.io.ProblemLoaderException: Could not initialize class de.uka.ilkd.key.java.abstraction.PrimitiveType
	at de.uka.ilkd.key.control.AbstractUserInterfaceControl.load(AbstractUserInterfaceControl.java:225)
Caused by: java.lang.NoClassDefFoundError: Could not initialize class de.uka.ilkd.key.java.abstraction.PrimitiveType
	at de.uka.ilkd.key.nparser.builder.DefaultBuilder.visitSortId(DefaultBuilder.java:327)

357        WARN  main            d.u.i.k.s.ProofSettings   The settings in /home/runner/.key/proof-settings.props are *not* read. 
763        WARN  main            d.u.i.k.p.r.p.ForkedTestFileRunner Run failed de.uka.ilkd.key.proof.io.ProblemLoaderException: null
	at de.uka.ilkd.key.control.AbstractUserInterfaceControl.load(AbstractUserInterfaceControl.java:225)
Caused by: java.lang.ExceptionInInitializerError: null
	at de.uka.ilkd.key.nparser.builder.DefaultBuilder.visitSortId(DefaultBuilder.java:327)
Caused by: java.lang.NullPointerException: null
	at de.uka.ilkd.key.java.JavaProgramElement.<init>(JavaProgramElement.java:60)

779        WARN  main            d.u.i.k.p.r.p.ForkedTestFileRunner Run failed de.uka.ilkd.key.proof.io.ProblemLoaderException: Could not initialize class de.uka.ilkd.key.java.abstraction.PrimitiveType
	at de.uka.ilkd.key.control.AbstractUserInterfaceControl.load(AbstractUserInterfaceControl.java:225)
Caused by: java.lang.NoClassDefFoundError: Could not initialize class de.uka.ilkd.key.java.abstraction.PrimitiveType
	at de.uka.ilkd.key.nparser.builder.DefaultBuilder.visitSortId(DefaultBuilder.java:327)

793        WARN  main            d.u.i.k.p.r.p.ForkedTestFileRunner Run failed de.uka.ilkd.key.proof.io.ProblemLoaderException: Could not initialize class de.uka.ilkd.key.java.abstraction.PrimitiveType
	at de.uka.ilkd.key.control.AbstractUserInterfaceControl.load(AbstractUserInterfaceControl.java:225)
Caused by: java.lang.NoClassDefFoundError: Could not initialize class de.uka.ilkd.key.java.abstraction.PrimitiveType
	at de.uka.ilkd.key.nparser.builder.DefaultBuilder.visitSortId(DefaultBuilder.java:327)

805        WARN  main            d.u.i.k.p.r.p.ForkedTestFileRunner Run failed de.uka.ilkd.key.proof.io.ProblemLoaderException: Could not initialize class de.uka.ilkd.key.java.abstraction.PrimitiveType
	at de.uka.ilkd.key.control.AbstractUserInterfaceControl.load(AbstractUserInterfaceControl.java:225)
Caused by: java.lang.NoClassDefFoundError: Could not initialize class de.uka.ilkd.key.java.abstraction.PrimitiveType
	at de.uka.ilkd.key.nparser.builder.DefaultBuilder.visitSortId(DefaultBuilder.java:327)

369        WARN  main            d.u.i.k.s.ProofSettings   The settings in /home/runner/.key/proof-settings.props are *not* read. 
763        WARN  main            d.u.i.k.p.r.p.ForkedTestFileRunner Run failed de.uka.ilkd.key.proof.io.ProblemLoaderException: null
	at de.uka.ilkd.key.control.AbstractUserInterfaceControl.load(AbstractUserInterfaceControl.java:225)
Caused by: java.lang.ExceptionInInitializerError: null
	at de.uka.ilkd.key.nparser.builder.DefaultBuilder.visitSortId(DefaultBuilder.java:327)
Caused by: java.lang.NullPointerException: null
	at de.uka.ilkd.key.java.JavaProgramElement.<init>(JavaProgramElement.java:60)

801        WARN  main            d.u.i.k.p.r.p.ForkedTestFileRunner Run failed de.uka.ilkd.key.proof.io.ProblemLoaderException: Could not initialize class de.uka.ilkd.key.java.abstraction.PrimitiveType
	at de.uka.ilkd.key.control.AbstractUserInterfaceControl.load(AbstractUserInterfaceControl.java:225)
Caused by: java.lang.NoClassDefFoundError: Could not initialize class de.uka.ilkd.key.java.abstraction.PrimitiveType
	at de.uka.ilkd.key.nparser.builder.DefaultBuilder.visitSortId(DefaultBuilder.java:327)

831        WARN  main            d.u.i.k.p.r.p.ForkedTestFileRunner Run failed de.uka.ilkd.key.proof.io.ProblemLoaderException: Could not initialize class de.uka.ilkd.key.java.abstraction.PrimitiveType
	at de.uka.ilkd.key.control.AbstractUserInterfaceControl.load(AbstractUserInterfaceControl.java:225)
Caused by: java.lang.NoClassDefFoundError: Could not initialize class de.uka.ilkd.key.java.abstraction.PrimitiveType
	at de.uka.ilkd.key.nparser.builder.DefaultBuilder.visitSortId(DefaultBuilder.java:327)

323        WARN  main            d.u.i.k.s.ProofSettings   The settings in /home/runner/.key/proof-settings.props are *not* read. 
791        WARN  main            d.u.i.k.p.r.p.ForkedTestFileRunner Run failed de.uka.ilkd.key.proof.io.ProblemLoaderException: null
	at de.uka.ilkd.key.control.AbstractUserInterfaceControl.load(AbstractUserInterfaceControl.java:225)
Caused by: java.lang.ExceptionInInitializerError: null
	at de.uka.ilkd.key.nparser.builder.DefaultBuilder.visitSortId(DefaultBuilder.java:327)
Caused by: java.lang.NullPointerException: null
	at de.uka.ilkd.key.java.JavaProgramElement.<init>(JavaProgramElement.java:60)

831        WARN  main            d.u.i.k.p.r.p.ForkedTestFileRunner Run failed de.uka.ilkd.key.proof.io.ProblemLoaderException: Could not initialize class de.uka.ilkd.key.java.abstraction.PrimitiveType
	at de.uka.ilkd.key.control.AbstractUserInterfaceControl.load(AbstractUserInterfaceControl.java:225)
Caused by: java.lang.NoClassDefFoundError: Could not initialize class de.uka.ilkd.key.java.abstraction.PrimitiveType
	at de.uka.ilkd.key.nparser.builder.DefaultBuilder.visitSortId(DefaultBuilder.java:327)

860        WARN  main            d.u.i.k.p.r.p.ForkedTestFileRunner Run failed de.uka.ilkd.key.proof.io.ProblemLoaderException: Could not initialize class de.uka.ilkd.key.java.abstraction.PrimitiveType
	at de.uka.ilkd.key.control.AbstractUserInterfaceControl.load(AbstractUserInterfaceControl.java:225)
Caused by: java.lang.NoClassDefFoundError: Could not initialize class de.uka.ilkd.key.java.abstraction.PrimitiveType
	at de.uka.ilkd.key.nparser.builder.DefaultBuilder.visitSortId(DefaultBuilder.java:327)

881        WARN  main            d.u.i.k.p.r.p.ForkedTestFileRunner Run failed de.uka.ilkd.key.proof.io.ProblemLoaderException: Could not initialize class de.uka.ilkd.key.java.abstraction.PrimitiveType
	at de.uka.ilkd.key.control.AbstractUserInterfaceControl.load(AbstractUserInterfaceControl.java:225)
Caused by: java.lang.NoClassDefFoundError: Could not initialize class de.uka.ilkd.key.java.abstraction.PrimitiveType
	at de.uka.ilkd.key.nparser.builder.DefaultBuilder.visitSortId(DefaultBuilder.java:327)

903        WARN  main            d.u.i.k.p.r.p.ForkedTestFileRunner Run failed de.uka.ilkd.key.proof.io.ProblemLoaderException: Could not initialize class de.uka.ilkd.key.java.abstraction.PrimitiveType
	at de.uka.ilkd.key.control.AbstractUserInterfaceControl.load(AbstractUserInterfaceControl.java:225)
Caused by: java.lang.NoClassDefFoundError: Could not initialize class de.uka.ilkd.key.java.abstraction.PrimitiveType
	at de.uka.ilkd.key.nparser.builder.DefaultBuilder.visitSortId(DefaultBuilder.java:327)

931        WARN  main            d.u.i.k.p.r.p.ForkedTestFileRunner Run failed de.uka.ilkd.key.proof.io.ProblemLoaderException: Could not initialize class de.uka.ilkd.key.java.abstraction.PrimitiveType
	at de.uka.ilkd.key.control.AbstractUserInterfaceControl.load(AbstractUserInterfaceControl.java:225)
Caused by: java.lang.NoClassDefFoundError: Could not initialize class de.uka.ilkd.key.java.abstraction.PrimitiveType
	at de.uka.ilkd.key.nparser.builder.DefaultBuilder.visitSortId(DefaultBuilder.java:327)

950        WARN  main            d.u.i.k.p.r.p.ForkedTestFileRunner Run failed de.uka.ilkd.key.proof.io.ProblemLoaderException: Could not initialize class de.uka.ilkd.key.java.abstraction.PrimitiveType
	at de.uka.ilkd.key.control.AbstractUserInterfaceControl.load(AbstractUserInterfaceControl.java:225)
Caused by: java.lang.NoClassDefFoundError: Could not initialize class de.uka.ilkd.key.java.abstraction.PrimitiveType
	at de.uka.ilkd.key.nparser.builder.DefaultBuilder.visitSortId(DefaultBuilder.java:327)

969        WARN  main            d.u.i.k.p.r.p.ForkedTestFileRunner Run failed de.uka.ilkd.key.proof.io.ProblemLoaderException: Could not initialize class de.uka.ilkd.key.java.abstraction.PrimitiveType
	at de.uka.ilkd.key.control.AbstractUserInterfaceControl.load(AbstractUserInterfaceControl.java:225)
Caused by: java.lang.NoClassDefFoundError: Could not initialize class de.uka.ilkd.key.java.abstraction.PrimitiveType
	at de.uka.ilkd.key.nparser.builder.DefaultBuilder.visitSortId(DefaultBuilder.java:327)

993        WARN  main            d.u.i.k.p.r.p.ForkedTestFileRunner Run failed de.uka.ilkd.key.proof.io.ProblemLoaderException: Could not initialize class de.uka.ilkd.key.java.abstraction.PrimitiveType
	at de.uka.ilkd.key.control.AbstractUserInterfaceControl.load(AbstractUserInterfaceControl.java:225)
Caused by: java.lang.NoClassDefFoundError: Could not initialize class de.uka.ilkd.key.java.abstraction.PrimitiveType
	at de.uka.ilkd.key.nparser.builder.DefaultBuilder.visitSortId(DefaultBuilder.java:327)

1005       WARN  main            d.u.i.k.p.r.p.ForkedTestFileRunner Run failed de.uka.ilkd.key.proof.io.ProblemLoaderException: Could not initialize class de.uka.ilkd.key.java.abstraction.PrimitiveType
	at de.uka.ilkd.key.control.AbstractUserInterfaceControl.load(AbstractUserInterfaceControl.java:225)
Caused by: java.lang.NoClassDefFoundError: Could not initialize class de.uka.ilkd.key.java.abstraction.PrimitiveType
	at de.uka.ilkd.key.nparser.builder.DefaultBuilder.visitSortId(DefaultBuilder.java:327)

1022       WARN  main            d.u.i.k.p.r.p.ForkedTestFileRunner Run failed de.uka.ilkd.key.proof.io.ProblemLoaderException: Could not initialize class de.uka.ilkd.key.java.abstraction.PrimitiveType
	at de.uka.ilkd.key.control.AbstractUserInterfaceControl.load(AbstractUserInterfaceControl.java:225)
Caused by: java.lang.NoClassDefFoundError: Could not initialize class de.uka.ilkd.key.java.abstraction.PrimitiveType
	at de.uka.ilkd.key.nparser.builder.DefaultBuilder.visitSortId(DefaultBuilder.java:327)

1043       WARN  main            d.u.i.k.p.r.p.ForkedTestFileRunner Run failed de.uka.ilkd.key.proof.io.ProblemLoaderException: Could not initialize class de.uka.ilkd.key.java.abstraction.PrimitiveType
	at de.uka.ilkd.key.control.AbstractUserInterfaceControl.load(AbstractUserInterfaceControl.java:225)
Caused by: java.lang.NoClassDefFoundError: Could not initialize class de.uka.ilkd.key.java.abstraction.PrimitiveType
	at de.uka.ilkd.key.nparser.builder.DefaultBuilder.visitSortId(DefaultBuilder.java:327)

1055       WARN  main            d.u.i.k.p.r.p.ForkedTestFileRunner Run failed de.uka.ilkd.key.proof.io.ProblemLoaderException: Could not initialize class de.uka.ilkd.key.java.abstraction.PrimitiveType
	at de.uka.ilkd.key.control.AbstractUserInterfaceControl.load(AbstractUserInterfaceControl.java:225)
Caused by: java.lang.NoClassDefFoundError: Could not initialize class de.uka.ilkd.key.java.abstraction.PrimitiveType
	at de.uka.ilkd.key.nparser.builder.DefaultBuilder.visitSortId(DefaultBuilder.java:327)

1086       WARN  main            d.u.i.k.p.r.p.ForkedTestFileRunner Run failed de.uka.ilkd.key.proof.io.ProblemLoaderException: Could not initialize class de.uka.ilkd.key.java.abstraction.PrimitiveType
	at de.uka.ilkd.key.control.AbstractUserInterfaceControl.load(AbstractUserInterfaceControl.java:225)
Caused by: java.lang.NoClassDefFoundError: Could not initialize class de.uka.ilkd.key.java.abstraction.PrimitiveType
	at de.uka.ilkd.key.nparser.builder.DefaultBuilder.visitSortId(DefaultBuilder.java:327)

1095       WARN  main            d.u.i.k.p.r.p.ForkedTestFileRunner Run failed de.uka.ilkd.key.proof.io.ProblemLoaderException: Could not initialize class de.uka.ilkd.key.java.abstraction.PrimitiveType
	at de.uka.ilkd.key.control.AbstractUserInterfaceControl.load(AbstractUserInterfaceControl.java:225)
Caused by: java.lang.NoClassDefFoundError: Could not initialize class de.uka.ilkd.key.java.abstraction.PrimitiveType
	at de.uka.ilkd.key.nparser.builder.DefaultBuilder.visitSortId(DefaultBuilder.java:327)

1108       WARN  main            d.u.i.k.p.r.p.ForkedTestFileRunner Run failed de.uka.ilkd.key.proof.io.ProblemLoaderException: Could not initialize class de.uka.ilkd.key.java.abstraction.PrimitiveType
	at de.uka.ilkd.key.control.AbstractUserInterfaceControl.load(AbstractUserInterfaceControl.java:225)
Caused by: java.lang.NoClassDefFoundError: Could not initialize class de.uka.ilkd.key.java.abstraction.PrimitiveType
	at de.uka.ilkd.key.nparser.builder.DefaultBuilder.visitSortId(DefaultBuilder.java:327)

1118       WARN  main            d.u.i.k.p.r.p.ForkedTestFileRunner Run failed de.uka.ilkd.key.proof.io.ProblemLoaderException: Could not initialize class de.uka.ilkd.key.java.abstraction.PrimitiveType
	at de.uka.ilkd.key.control.AbstractUserInterfaceControl.load(AbstractUserInterfaceControl.java:225)
Caused by: java.lang.NoClassDefFoundError: Could not initialize class de.uka.ilkd.key.java.abstraction.PrimitiveType
	at de.uka.ilkd.key.nparser.builder.DefaultBuilder.visitSortId(DefaultBuilder.java:327)

1128       WARN  main            d.u.i.k.p.r.p.ForkedTestFileRunner Run failed de.uka.ilkd.key.proof.io.ProblemLoaderException: Could not initialize class de.uka.ilkd.key.java.abstraction.PrimitiveType
	at de.uka.ilkd.key.control.AbstractUserInterfaceControl.load(AbstractUserInterfaceControl.java:225)
Caused by: java.lang.NoClassDefFoundError: Could not initialize class de.uka.ilkd.key.java.abstraction.PrimitiveType
	at de.uka.ilkd.key.nparser.builder.DefaultBuilder.visitSortId(DefaultBuilder.java:327)

1140       WARN  main            d.u.i.k.p.r.p.ForkedTestFileRunner Run failed de.uka.ilkd.key.proof.io.ProblemLoaderException: Could not initialize class de.uka.ilkd.key.java.abstraction.PrimitiveType
	at de.uka.ilkd.key.control.AbstractUserInterfaceControl.load(AbstractUserInterfaceControl.java:225)
Caused by: java.lang.NoClassDefFoundError: Could not initialize class de.uka.ilkd.key.java.abstraction.PrimitiveType
	at de.uka.ilkd.key.nparser.builder.DefaultBuilder.visitSortId(DefaultBuilder.java:327)

1147       WARN  main            d.u.i.k.p.r.p.ForkedTestFileRunner Run failed de.uka.ilkd.key.proof.io.ProblemLoaderException: Could not initialize class de.uka.ilkd.key.java.abstraction.PrimitiveType
	at de.uka.ilkd.key.control.AbstractUserInterfaceControl.load(AbstractUserInterfaceControl.java:225)
Caused by: java.lang.NoClassDefFoundError: Could not initialize class de.uka.ilkd.key.java.abstraction.PrimitiveType
	at de.uka.ilkd.key.nparser.builder.DefaultBuilder.visitSortId(DefaultBuilder.java:327)

1153       WARN  main            d.u.i.k.p.r.p.ForkedTestFileRunner Run failed de.uka.ilkd.key.proof.io.ProblemLoaderException: Could not initialize class de.uka.ilkd.key.java.abstraction.PrimitiveType
	at de.uka.ilkd.key.control.AbstractUserInterfaceControl.load(AbstractUserInterfaceControl.java:225)
Caused by: java.lang.NoClassDefFoundError: Could not initialize class de.uka.ilkd.key.java.abstraction.PrimitiveType
	at de.uka.ilkd.key.nparser.builder.DefaultBuilder.visitSortId(DefaultBuilder.java:327)

1159       WARN  main            d.u.i.k.p.r.p.ForkedTestFileRunner Run failed de.uka.ilkd.key.proof.io.ProblemLoaderException: Could not initialize class de.uka.ilkd.key.java.abstraction.PrimitiveType
	at de.uka.ilkd.key.control.AbstractUserInterfaceControl.load(AbstractUserInterfaceControl.java:225)
Caused by: java.lang.NoClassDefFoundError: Could not initialize class de.uka.ilkd.key.java.abstraction.PrimitiveType
	at de.uka.ilkd.key.nparser.builder.DefaultBuilder.visitSortId(DefaultBuilder.java:327)

1165       WARN  main            d.u.i.k.p.r.p.ForkedTestFileRunner Run failed de.uka.ilkd.key.proof.io.ProblemLoaderException: Could not initialize class de.uka.ilkd.key.java.abstraction.PrimitiveType
	at de.uka.ilkd.key.control.AbstractUserInterfaceControl.load(AbstractUserInterfaceControl.java:225)
Caused by: java.lang.NoClassDefFoundError: Could not initialize class de.uka.ilkd.key.java.abstraction.PrimitiveType
	at de.uka.ilkd.key.nparser.builder.DefaultBuilder.visitSortId(DefaultBuilder.java:327)

1171       WARN  main            d.u.i.k.p.r.p.ForkedTestFileRunner Run failed de.uka.ilkd.key.proof.io.ProblemLoaderException: Could not initialize class de.uka.ilkd.key.java.abstraction.PrimitiveType
	at de.uka.ilkd.key.control.AbstractUserInterfaceControl.load(AbstractUserInterfaceControl.java:225)
Caused by: java.lang.NoClassDefFoundError: Could not initialize class de.uka.ilkd.key.java.abstraction.PrimitiveType
	at de.uka.ilkd.key.nparser.builder.DefaultBuilder.visitSortId(DefaultBuilder.java:327)

1201       WARN  main            d.u.i.k.p.r.p.ForkedTestFileRunner Run failed de.uka.ilkd.key.proof.io.ProblemLoaderException: Could not initialize class de.uka.ilkd.key.java.abstraction.PrimitiveType
	at de.uka.ilkd.key.control.AbstractUserInterfaceControl.load(AbstractUserInterfaceControl.java:225)
Caused by: java.lang.NoClassDefFoundError: Could not initialize class de.uka.ilkd.key.java.abstraction.PrimitiveType
	at de.uka.ilkd.key.nparser.builder.DefaultBuilder.visitSortId(DefaultBuilder.java:327)

1216       WARN  main            d.u.i.k.p.r.p.ForkedTestFileRunner Run failed de.uka.ilkd.key.proof.io.ProblemLoaderException: Could not initialize class de.uka.ilkd.key.java.abstraction.PrimitiveType
	at de.uka.ilkd.key.control.AbstractUserInterfaceControl.load(AbstractUserInterfaceControl.java:225)
Caused by: java.lang.NoClassDefFoundError: Could not initialize class de.uka.ilkd.key.java.abstraction.PrimitiveType
	at de.uka.ilkd.key.nparser.builder.DefaultBuilder.visitSortId(DefaultBuilder.java:327)

1229       WARN  main            d.u.i.k.p.r.p.ForkedTestFileRunner Run failed de.uka.ilkd.key.proof.io.ProblemLoaderException: Could not initialize class de.uka.ilkd.key.java.abstraction.PrimitiveType
	at de.uka.ilkd.key.control.AbstractUserInterfaceControl.load(AbstractUserInterfaceControl.java:225)
Caused by: java.lang.NoClassDefFoundError: Could not initialize class de.uka.ilkd.key.java.abstraction.PrimitiveType
	at de.uka.ilkd.key.nparser.builder.DefaultBuilder.visitSortId(DefaultBuilder.java:327)

318        WARN  main            d.u.i.k.s.ProofSettings   The settings in /home/runner/.key/proof-settings.props are *not* read. 
810        WARN  main            d.u.i.k.p.r.p.ForkedTestFileRunner Run failed de.uka.ilkd.key.proof.io.ProblemLoaderException: null
	at de.uka.ilkd.key.control.AbstractUserInterfaceControl.load(AbstractUserInterfaceControl.java:225)
Caused by: java.lang.ExceptionInInitializerError: null
	at de.uka.ilkd.key.nparser.builder.DefaultBuilder.visitSortId(DefaultBuilder.java:327)
Caused by: java.lang.NullPointerException: null
	at de.uka.ilkd.key.java.JavaProgramElement.<init>(JavaProgramElement.java:60)

833        WARN  main            d.u.i.k.p.r.p.ForkedTestFileRunner Run failed de.uka.ilkd.key.proof.io.ProblemLoaderException: Could not initialize class de.uka.ilkd.key.java.abstraction.PrimitiveType
	at de.uka.ilkd.key.control.AbstractUserInterfaceControl.load(AbstractUserInterfaceControl.java:225)
Caused by: java.lang.NoClassDefFoundError: Could not initialize class de.uka.ilkd.key.java.abstraction.PrimitiveType
	at de.uka.ilkd.key.nparser.builder.DefaultBuilder.visitSortId(DefaultBuilder.java:327)

858        WARN  main            d.u.i.k.p.r.p.ForkedTestFileRunner Run failed de.uka.ilkd.key.proof.io.ProblemLoaderException: Could not initialize class de.uka.ilkd.key.java.abstraction.PrimitiveType
	at de.uka.ilkd.key.control.AbstractUserInterfaceControl.load(AbstractUserInterfaceControl.java:225)
Caused by: java.lang.NoClassDefFoundError: Could not initialize class de.uka.ilkd.key.java.abstraction.PrimitiveType
	at de.uka.ilkd.key.nparser.builder.DefaultBuilder.visitSortId(DefaultBuilder.java:327)

877        WARN  main            d.u.i.k.p.r.p.ForkedTestFileRunner Run failed de.uka.ilkd.key.proof.io.ProblemLoaderException: Could not initialize class de.uka.ilkd.key.java.abstraction.PrimitiveType
	at de.uka.ilkd.key.control.AbstractUserInterfaceControl.load(AbstractUserInterfaceControl.java:225)
Caused by: java.lang.NoClassDefFoundError: Could not initialize class de.uka.ilkd.key.java.abstraction.PrimitiveType
	at de.uka.ilkd.key.nparser.builder.DefaultBuilder.visitSortId(DefaultBuilder.java:327)

886        WARN  main            d.u.i.k.p.r.p.ForkedTestFileRunner Run failed de.uka.ilkd.key.proof.io.ProblemLoaderException: Could not initialize class de.uka.ilkd.key.java.abstraction.PrimitiveType
	at de.uka.ilkd.key.control.AbstractUserInterfaceControl.load(AbstractUserInterfaceControl.java:225)
Caused by: java.lang.NoClassDefFoundError: Could not initialize class de.uka.ilkd.key.java.abstraction.PrimitiveType
	at de.uka.ilkd.key.nparser.builder.DefaultBuilder.visitSortId(DefaultBuilder.java:327)

898        WARN  main            d.u.i.k.p.r.p.ForkedTestFileRunner Run failed de.uka.ilkd.key.proof.io.ProblemLoaderException: Could not initialize class de.uka.ilkd.key.java.abstraction.PrimitiveType
	at de.uka.ilkd.key.control.AbstractUserInterfaceControl.load(AbstractUserInterfaceControl.java:225)
Caused by: java.lang.NoClassDefFoundError: Could not initialize class de.uka.ilkd.key.java.abstraction.PrimitiveType
	at de.uka.ilkd.key.nparser.builder.DefaultBuilder.visitSortId(DefaultBuilder.java:327)

906        WARN  main            d.u.i.k.p.r.p.ForkedTestFileRunner Run failed de.uka.ilkd.key.proof.io.ProblemLoaderException: Could not initialize class de.uka.ilkd.key.java.abstraction.PrimitiveType
	at de.uka.ilkd.key.control.AbstractUserInterfaceControl.load(AbstractUserInterfaceControl.java:225)
Caused by: java.lang.NoClassDefFoundError: Could not initialize class de.uka.ilkd.key.java.abstraction.PrimitiveType
	at de.uka.ilkd.key.nparser.builder.DefaultBuilder.visitSortId(DefaultBuilder.java:327)

915        WARN  main            d.u.i.k.p.r.p.ForkedTestFileRunner Run failed de.uka.ilkd.key.proof.io.ProblemLoaderException: Could not initialize class de.uka.ilkd.key.java.abstraction.PrimitiveType
	at de.uka.ilkd.key.control.AbstractUserInterfaceControl.load(AbstractUserInterfaceControl.java:225)
Caused by: java.lang.NoClassDefFoundError: Could not initialize class de.uka.ilkd.key.java.abstraction.PrimitiveType
	at de.uka.ilkd.key.nparser.builder.DefaultBuilder.visitSortId(DefaultBuilder.java:327)

923        WARN  main            d.u.i.k.p.r.p.ForkedTestFileRunner Run failed de.uka.ilkd.key.proof.io.ProblemLoaderException: Could not initialize class de.uka.ilkd.key.java.abstraction.PrimitiveType
	at de.uka.ilkd.key.control.AbstractUserInterfaceControl.load(AbstractUserInterfaceControl.java:225)
Caused by: java.lang.NoClassDefFoundError: Could not initialize class de.uka.ilkd.key.java.abstraction.PrimitiveType
	at de.uka.ilkd.key.nparser.builder.DefaultBuilder.visitSortId(DefaultBuilder.java:327)

930        WARN  main            d.u.i.k.p.r.p.ForkedTestFileRunner Run failed de.uka.ilkd.key.proof.io.ProblemLoaderException: Could not initialize class de.uka.ilkd.key.java.abstraction.PrimitiveType
	at de.uka.ilkd.key.control.AbstractUserInterfaceControl.load(AbstractUserInterfaceControl.java:225)
Caused by: java.lang.NoClassDefFoundError: Could not initialize class de.uka.ilkd.key.java.abstraction.PrimitiveType
	at de.uka.ilkd.key.nparser.builder.DefaultBuilder.visitSortId(DefaultBuilder.java:327)

937        WARN  main            d.u.i.k.p.r.p.ForkedTestFileRunner Run failed de.uka.ilkd.key.proof.io.ProblemLoaderException: Could not initialize class de.uka.ilkd.key.java.abstraction.PrimitiveType
	at de.uka.ilkd.key.control.AbstractUserInterfaceControl.load(AbstractUserInterfaceControl.java:225)
Caused by: java.lang.NoClassDefFoundError: Could not initialize class de.uka.ilkd.key.java.abstraction.PrimitiveType
	at de.uka.ilkd.key.nparser.builder.DefaultBuilder.visitSortId(DefaultBuilder.java:327)

945        WARN  main            d.u.i.k.p.r.p.ForkedTestFileRunner Run failed de.uka.ilkd.key.proof.io.ProblemLoaderException: Could not initialize class de.uka.ilkd.key.java.abstraction.PrimitiveType
	at de.uka.ilkd.key.control.AbstractUserInterfaceControl.load(AbstractUserInterfaceControl.java:225)
Caused by: java.lang.NoClassDefFoundError: Could not initialize class de.uka.ilkd.key.java.abstraction.PrimitiveType
	at de.uka.ilkd.key.nparser.builder.DefaultBuilder.visitSortId(DefaultBuilder.java:327)

951        WARN  main            d.u.i.k.p.r.p.ForkedTestFileRunner Run failed de.uka.ilkd.key.proof.io.ProblemLoaderException: Could not initialize class de.uka.ilkd.key.java.abstraction.PrimitiveType
	at de.uka.ilkd.key.control.AbstractUserInterfaceControl.load(AbstractUserInterfaceControl.java:225)
Caused by: java.lang.NoClassDefFoundError: Could not initialize class de.uka.ilkd.key.java.abstraction.PrimitiveType
	at de.uka.ilkd.key.nparser.builder.DefaultBuilder.visitSortId(DefaultBuilder.java:327)

958        WARN  main            d.u.i.k.p.r.p.ForkedTestFileRunner Run failed de.uka.ilkd.key.proof.io.ProblemLoaderException: Could not initialize class de.uka.ilkd.key.java.abstraction.PrimitiveType
	at de.uka.ilkd.key.control.AbstractUserInterfaceControl.load(AbstractUserInterfaceControl.java:225)
Caused by: java.lang.NoClassDefFoundError: Could not initialize class de.uka.ilkd.key.java.abstraction.PrimitiveType
	at de.uka.ilkd.key.nparser.builder.DefaultBuilder.visitSortId(DefaultBuilder.java:327)

965        WARN  main            d.u.i.k.p.r.p.ForkedTestFileRunner Run failed de.uka.ilkd.key.proof.io.ProblemLoaderException: Could not initialize class de.uka.ilkd.key.java.abstraction.PrimitiveType
	at de.uka.ilkd.key.control.AbstractUserInterfaceControl.load(AbstractUserInterfaceControl.java:225)
Caused by: java.lang.NoClassDefFoundError: Could not initialize class de.uka.ilkd.key.java.abstraction.PrimitiveType
	at de.uka.ilkd.key.nparser.builder.DefaultBuilder.visitSortId(DefaultBuilder.java:327)

971        WARN  main            d.u.i.k.p.r.p.ForkedTestFileRunner Run failed de.uka.ilkd.key.proof.io.ProblemLoaderException: Could not initialize class de.uka.ilkd.key.java.abstraction.PrimitiveType
	at de.uka.ilkd.key.control.AbstractUserInterfaceControl.load(AbstractUserInterfaceControl.java:225)
Caused by: java.lang.NoClassDefFoundError: Could not initialize class de.uka.ilkd.key.java.abstraction.PrimitiveType
	at de.uka.ilkd.key.nparser.builder.DefaultBuilder.visitSortId(DefaultBuilder.java:327)

978        WARN  main            d.u.i.k.p.r.p.ForkedTestFileRunner Run failed de.uka.ilkd.key.proof.io.ProblemLoaderException: Could not initialize class de.uka.ilkd.key.java.abstraction.PrimitiveType
	at de.uka.ilkd.key.control.AbstractUserInterfaceControl.load(AbstractUserInterfaceControl.java:225)
Caused by: java.lang.NoClassDefFoundError: Could not initialize class de.uka.ilkd.key.java.abstraction.PrimitiveType
	at de.uka.ilkd.key.nparser.builder.DefaultBuilder.visitSortId(DefaultBuilder.java:327)

1004       WARN  main            d.u.i.k.p.r.p.ForkedTestFileRunner Run failed de.uka.ilkd.key.proof.io.ProblemLoaderException: Could not initialize class de.uka.ilkd.key.java.abstraction.PrimitiveType
	at de.uka.ilkd.key.control.AbstractUserInterfaceControl.load(AbstractUserInterfaceControl.java:225)
Caused by: java.lang.NoClassDefFoundError: Could not initialize class de.uka.ilkd.key.java.abstraction.PrimitiveType
	at de.uka.ilkd.key.nparser.builder.DefaultBuilder.visitSortId(DefaultBuilder.java:327)

1016       WARN  main            d.u.i.k.p.r.p.ForkedTestFileRunner Run failed de.uka.ilkd.key.proof.io.ProblemLoaderException: Could not initialize class de.uka.ilkd.key.java.abstraction.PrimitiveType
	at de.uka.ilkd.key.control.AbstractUserInterfaceControl.load(AbstractUserInterfaceControl.java:225)
Caused by: java.lang.NoClassDefFoundError: Could not initialize class de.uka.ilkd.key.java.abstraction.PrimitiveType
	at de.uka.ilkd.key.nparser.builder.DefaultBuilder.visitSortId(DefaultBuilder.java:327)

1033       WARN  main            d.u.i.k.p.r.p.ForkedTestFileRunner Run failed de.uka.ilkd.key.proof.io.ProblemLoaderException: Could not initialize class de.uka.ilkd.key.java.abstraction.PrimitiveType
	at de.uka.ilkd.key.control.AbstractUserInterfaceControl.load(AbstractUserInterfaceControl.java:225)
Caused by: java.lang.NoClassDefFoundError: Could not initialize class de.uka.ilkd.key.java.abstraction.PrimitiveType
	at de.uka.ilkd.key.nparser.builder.DefaultBuilder.visitSortId(DefaultBuilder.java:327)

1041       WARN  main            d.u.i.k.p.r.p.ForkedTestFileRunner Run failed de.uka.ilkd.key.proof.io.ProblemLoaderException: Could not initialize class de.uka.ilkd.key.java.abstraction.PrimitiveType
	at de.uka.ilkd.key.control.AbstractUserInterfaceControl.load(AbstractUserInterfaceControl.java:225)
Caused by: java.lang.NoClassDefFoundError: Could not initialize class de.uka.ilkd.key.java.abstraction.PrimitiveType
	at de.uka.ilkd.key.nparser.builder.DefaultBuilder.visitSortId(DefaultBuilder.java:327)

1053       WARN  main            d.u.i.k.p.r.p.ForkedTestFileRunner Run failed de.uka.ilkd.key.proof.io.ProblemLoaderException: Could not initialize class de.uka.ilkd.key.java.abstraction.PrimitiveType
	at de.uka.ilkd.key.control.AbstractUserInterfaceControl.load(AbstractUserInterfaceControl.java:225)
Caused by: java.lang.NoClassDefFoundError: Could not initialize class de.uka.ilkd.key.java.abstraction.PrimitiveType
	at de.uka.ilkd.key.nparser.builder.DefaultBuilder.visitSortId(DefaultBuilder.java:327)

1060       WARN  main            d.u.i.k.p.r.p.ForkedTestFileRunner Run failed de.uka.ilkd.key.proof.io.ProblemLoaderException: Could not initialize class de.uka.ilkd.key.java.abstraction.PrimitiveType
	at de.uka.ilkd.key.control.AbstractUserInterfaceControl.load(AbstractUserInterfaceControl.java:225)
Caused by: java.lang.NoClassDefFoundError: Could not initialize class de.uka.ilkd.key.java.abstraction.PrimitiveType
	at de.uka.ilkd.key.nparser.builder.DefaultBuilder.visitSortId(DefaultBuilder.java:327)

1069       WARN  main            d.u.i.k.p.r.p.ForkedTestFileRunner Run failed de.uka.ilkd.key.proof.io.ProblemLoaderException: Could not initialize class de.uka.ilkd.key.java.abstraction.PrimitiveType
	at de.uka.ilkd.key.control.AbstractUserInterfaceControl.load(AbstractUserInterfaceControl.java:225)
Caused by: java.lang.NoClassDefFoundError: Could not initialize class de.uka.ilkd.key.java.abstraction.PrimitiveType
	at de.uka.ilkd.key.nparser.builder.DefaultBuilder.visitSortId(DefaultBuilder.java:327)

1077       WARN  main            d.u.i.k.p.r.p.ForkedTestFileRunner Run failed de.uka.ilkd.key.proof.io.ProblemLoaderException: Could not initialize class de.uka.ilkd.key.java.abstraction.PrimitiveType
	at de.uka.ilkd.key.control.AbstractUserInterfaceControl.load(AbstractUserInterfaceControl.java:225)
Caused by: java.lang.NoClassDefFoundError: Could not initialize class de.uka.ilkd.key.java.abstraction.PrimitiveType
	at de.uka.ilkd.key.nparser.builder.DefaultBuilder.visitSortId(DefaultBuilder.java:327)

1089       WARN  main            d.u.i.k.p.r.p.ForkedTestFileRunner Run failed de.uka.ilkd.key.proof.io.ProblemLoaderException: Could not initialize class de.uka.ilkd.key.java.abstraction.PrimitiveType
	at de.uka.ilkd.key.control.AbstractUserInterfaceControl.load(AbstractUserInterfaceControl.java:225)
Caused by: java.lang.NoClassDefFoundError: Could not initialize class de.uka.ilkd.key.java.abstraction.PrimitiveType
	at de.uka.ilkd.key.nparser.builder.DefaultBuilder.visitSortId(DefaultBuilder.java:327)

1096       WARN  main            d.u.i.k.p.r.p.ForkedTestFileRunner Run failed de.uka.ilkd.key.proof.io.ProblemLoaderException: Could not initialize class de.uka.ilkd.key.java.abstraction.PrimitiveType
	at de.uka.ilkd.key.control.AbstractUserInterfaceControl.load(AbstractUserInterfaceControl.java:225)
Caused by: java.lang.NoClassDefFoundError: Could not initialize class de.uka.ilkd.key.java.abstraction.PrimitiveType
	at de.uka.ilkd.key.nparser.builder.DefaultBuilder.visitSortId(DefaultBuilder.java:327)

1102       WARN  main            d.u.i.k.p.r.p.ForkedTestFileRunner Run failed de.uka.ilkd.key.proof.io.ProblemLoaderException: Could not initialize class de.uka.ilkd.key.java.abstraction.PrimitiveType
	at de.uka.ilkd.key.control.AbstractUserInterfaceControl.load(AbstractUserInterfaceControl.java:225)
Caused by: java.lang.NoClassDefFoundError: Could not initialize class de.uka.ilkd.key.java.abstraction.PrimitiveType
	at de.uka.ilkd.key.nparser.builder.DefaultBuilder.visitSortId(DefaultBuilder.java:327)

1108       WARN  main            d.u.i.k.p.r.p.ForkedTestFileRunner Run failed de.uka.ilkd.key.proof.io.ProblemLoaderException: Could not initialize class de.uka.ilkd.key.java.abstraction.PrimitiveType
	at de.uka.ilkd.key.control.AbstractUserInterfaceControl.load(AbstractUserInterfaceControl.java:225)
Caused by: java.lang.NoClassDefFoundError: Could not initialize class de.uka.ilkd.key.java.abstraction.PrimitiveType
	at de.uka.ilkd.key.nparser.builder.DefaultBuilder.visitSortId(DefaultBuilder.java:327)

334        WARN  main            d.u.i.k.s.ProofSettings   The settings in /home/runner/.key/proof-settings.props are *not* read. 
729        WARN  main            d.u.i.k.p.r.p.ForkedTestFileRunner Run failed de.uka.ilkd.key.proof.io.ProblemLoaderException: null
	at de.uka.ilkd.key.control.AbstractUserInterfaceControl.load(AbstractUserInterfaceControl.java:225)
Caused by: java.lang.ExceptionInInitializerError: null
	at de.uka.ilkd.key.nparser.builder.DefaultBuilder.visitSortId(DefaultBuilder.java:327)
Caused by: java.lang.NullPointerException: null
	at de.uka.ilkd.key.java.JavaProgramElement.<init>(JavaProgramElement.java:60)

746        WARN  main            d.u.i.k.p.r.p.ForkedTestFileRunner Run failed de.uka.ilkd.key.proof.io.ProblemLoaderException: Could not initialize class de.uka.ilkd.key.java.abstraction.PrimitiveType
	at de.uka.ilkd.key.control.AbstractUserInterfaceControl.load(AbstractUserInterfaceControl.java:225)
Caused by: java.lang.NoClassDefFoundError: Could not initialize class de.uka.ilkd.key.java.abstraction.PrimitiveType
	at de.uka.ilkd.key.nparser.builder.DefaultBuilder.visitSortId(DefaultBuilder.java:327)

760        WARN  main            d.u.i.k.p.r.p.ForkedTestFileRunner Run failed de.uka.ilkd.key.proof.io.ProblemLoaderException: Could not initialize class de.uka.ilkd.key.java.abstraction.PrimitiveType
	at de.uka.ilkd.key.control.AbstractUserInterfaceControl.load(AbstractUserInterfaceControl.java:225)
Caused by: java.lang.NoClassDefFoundError: Could not initialize class de.uka.ilkd.key.java.abstraction.PrimitiveType
	at de.uka.ilkd.key.nparser.builder.DefaultBuilder.visitSortId(DefaultBuilder.java:327)

773        WARN  main            d.u.i.k.p.r.p.ForkedTestFileRunner Run failed de.uka.ilkd.key.proof.io.ProblemLoaderException: Could not initialize class de.uka.ilkd.key.java.abstraction.PrimitiveType
	at de.uka.ilkd.key.control.AbstractUserInterfaceControl.load(AbstractUserInterfaceControl.java:225)
Caused by: java.lang.NoClassDefFoundError: Could not initialize class de.uka.ilkd.key.java.abstraction.PrimitiveType
	at de.uka.ilkd.key.nparser.builder.DefaultBuilder.visitSortId(DefaultBuilder.java:327)

785        WARN  main            d.u.i.k.p.r.p.ForkedTestFileRunner Run failed de.uka.ilkd.key.proof.io.ProblemLoaderException: Could not initialize class de.uka.ilkd.key.java.abstraction.PrimitiveType
	at de.uka.ilkd.key.control.AbstractUserInterfaceControl.load(AbstractUserInterfaceControl.java:225)
Caused by: java.lang.NoClassDefFoundError: Could not initialize class de.uka.ilkd.key.java.abstraction.PrimitiveType
	at de.uka.ilkd.key.nparser.builder.DefaultBuilder.visitSortId(DefaultBuilder.java:327)

796        WARN  main            d.u.i.k.p.r.p.ForkedTestFileRunner Run failed de.uka.ilkd.key.proof.io.ProblemLoaderException: Could not initialize class de.uka.ilkd.key.java.abstraction.PrimitiveType
	at de.uka.ilkd.key.control.AbstractUserInterfaceControl.load(AbstractUserInterfaceControl.java:225)
Caused by: java.lang.NoClassDefFoundError: Could not initialize class de.uka.ilkd.key.java.abstraction.PrimitiveType
	at de.uka.ilkd.key.nparser.builder.DefaultBuilder.visitSortId(DefaultBuilder.java:327)

812        WARN  main            d.u.i.k.p.r.p.ForkedTestFileRunner Run failed de.uka.ilkd.key.proof.io.ProblemLoaderException: Could not initialize class de.uka.ilkd.key.java.abstraction.PrimitiveType
	at de.uka.ilkd.key.control.AbstractUserInterfaceControl.load(AbstractUserInterfaceControl.java:225)
Caused by: java.lang.NoClassDefFoundError: Could not initialize class de.uka.ilkd.key.java.abstraction.PrimitiveType
	at de.uka.ilkd.key.nparser.builder.DefaultBuilder.visitSortId(DefaultBuilder.java:327)

834        WARN  main            d.u.i.k.p.r.p.ForkedTestFileRunner Run failed de.uka.ilkd.key.proof.io.ProblemLoaderException: Could not initialize class de.uka.ilkd.key.java.abstraction.PrimitiveType
	at de.uka.ilkd.key.control.AbstractUserInterfaceControl.load(AbstractUserInterfaceControl.java:225)
Caused by: java.lang.NoClassDefFoundError: Could not initialize class de.uka.ilkd.key.java.abstraction.PrimitiveType
	at de.uka.ilkd.key.nparser.builder.DefaultBuilder.visitSortId(DefaultBuilder.java:327)

307        WARN  main            d.u.i.k.s.ProofSettings   The settings in /home/runner/.key/proof-settings.props are *not* read. 
701        WARN  main            d.u.i.k.p.r.p.ForkedTestFileRunner Run failed de.uka.ilkd.key.proof.io.ProblemLoaderException: null
	at de.uka.ilkd.key.control.AbstractUserInterfaceControl.load(AbstractUserInterfaceControl.java:225)
Caused by: java.lang.ExceptionInInitializerError: null
	at de.uka.ilkd.key.nparser.builder.DefaultBuilder.visitSortId(DefaultBuilder.java:327)
Caused by: java.lang.NullPointerException: null
	at de.uka.ilkd.key.java.JavaProgramElement.<init>(JavaProgramElement.java:60)

718        WARN  main            d.u.i.k.p.r.p.ForkedTestFileRunner Run failed de.uka.ilkd.key.proof.io.ProblemLoaderException: Could not initialize class de.uka.ilkd.key.java.abstraction.PrimitiveType
	at de.uka.ilkd.key.control.AbstractUserInterfaceControl.load(AbstractUserInterfaceControl.java:225)
Caused by: java.lang.NoClassDefFoundError: Could not initialize class de.uka.ilkd.key.java.abstraction.PrimitiveType
	at de.uka.ilkd.key.nparser.builder.DefaultBuilder.visitSortId(DefaultBuilder.java:327)

746        WARN  main            d.u.i.k.p.r.p.ForkedTestFileRunner Run failed de.uka.ilkd.key.proof.io.ProblemLoaderException: Could not initialize class de.uka.ilkd.key.java.abstraction.PrimitiveType
	at de.uka.ilkd.key.control.AbstractUserInterfaceControl.load(AbstractUserInterfaceControl.java:225)
Caused by: java.lang.NoClassDefFoundError: Could not initialize class de.uka.ilkd.key.java.abstraction.PrimitiveType
	at de.uka.ilkd.key.nparser.builder.DefaultBuilder.visitSortId(DefaultBuilder.java:327)

767        WARN  main            d.u.i.k.p.r.p.ForkedTestFileRunner Run failed de.uka.ilkd.key.proof.io.ProblemLoaderException: Could not initialize class de.uka.ilkd.key.java.abstraction.PrimitiveType
	at de.uka.ilkd.key.control.AbstractUserInterfaceControl.load(AbstractUserInterfaceControl.java:225)
Caused by: java.lang.NoClassDefFoundError: Could not initialize class de.uka.ilkd.key.java.abstraction.PrimitiveType
	at de.uka.ilkd.key.nparser.builder.DefaultBuilder.visitSortId(DefaultBuilder.java:327)

783        WARN  main            d.u.i.k.p.r.p.ForkedTestFileRunner Run failed de.uka.ilkd.key.proof.io.ProblemLoaderException: Could not initialize class de.uka.ilkd.key.java.abstraction.PrimitiveType
	at de.uka.ilkd.key.control.AbstractUserInterfaceControl.load(AbstractUserInterfaceControl.java:225)
Caused by: java.lang.NoClassDefFoundError: Could not initialize class de.uka.ilkd.key.java.abstraction.PrimitiveType
	at de.uka.ilkd.key.nparser.builder.DefaultBuilder.visitSortId(DefaultBuilder.java:327)

801        WARN  main            d.u.i.k.p.r.p.ForkedTestFileRunner Run failed de.uka.ilkd.key.proof.io.ProblemLoaderException: Could not initialize class de.uka.ilkd.key.java.abstraction.PrimitiveType
	at de.uka.ilkd.key.control.AbstractUserInterfaceControl.load(AbstractUserInterfaceControl.java:225)
Caused by: java.lang.NoClassDefFoundError: Could not initialize class de.uka.ilkd.key.java.abstraction.PrimitiveType
	at de.uka.ilkd.key.nparser.builder.DefaultBuilder.visitSortId(DefaultBuilder.java:327)

822        WARN  main            d.u.i.k.p.r.p.ForkedTestFileRunner Run failed de.uka.ilkd.key.proof.io.ProblemLoaderException: Could not initialize class de.uka.ilkd.key.java.abstraction.PrimitiveType
	at de.uka.ilkd.key.control.AbstractUserInterfaceControl.load(AbstractUserInterfaceControl.java:225)
Caused by: java.lang.NoClassDefFoundError: Could not initialize class de.uka.ilkd.key.java.abstraction.PrimitiveType
	at de.uka.ilkd.key.nparser.builder.DefaultBuilder.visitSortId(DefaultBuilder.java:327)

833        WARN  main            d.u.i.k.p.r.p.ForkedTestFileRunner Run failed de.uka.ilkd.key.proof.io.ProblemLoaderException: Could not initialize class de.uka.ilkd.key.java.abstraction.PrimitiveType
	at de.uka.ilkd.key.control.AbstractUserInterfaceControl.load(AbstractUserInterfaceControl.java:225)
Caused by: java.lang.NoClassDefFoundError: Could not initialize class de.uka.ilkd.key.java.abstraction.PrimitiveType
	at de.uka.ilkd.key.nparser.builder.DefaultBuilder.visitSortId(DefaultBuilder.java:327)

851        WARN  main            d.u.i.k.p.r.p.ForkedTestFileRunner Run failed de.uka.ilkd.key.proof.io.ProblemLoaderException: Could not initialize class de.uka.ilkd.key.java.abstraction.PrimitiveType
	at de.uka.ilkd.key.control.AbstractUserInterfaceControl.load(AbstractUserInterfaceControl.java:225)
Caused by: java.lang.NoClassDefFoundError: Could not initialize class de.uka.ilkd.key.java.abstraction.PrimitiveType
	at de.uka.ilkd.key.nparser.builder.DefaultBuilder.visitSortId(DefaultBuilder.java:327)

868        WARN  main            d.u.i.k.p.r.p.ForkedTestFileRunner Run failed de.uka.ilkd.key.proof.io.ProblemLoaderException: Could not initialize class de.uka.ilkd.key.java.abstraction.PrimitiveType
	at de.uka.ilkd.key.control.AbstractUserInterfaceControl.load(AbstractUserInterfaceControl.java:225)
Caused by: java.lang.NoClassDefFoundError: Could not initialize class de.uka.ilkd.key.java.abstraction.PrimitiveType
	at de.uka.ilkd.key.nparser.builder.DefaultBuilder.visitSortId(DefaultBuilder.java:327)

883        WARN  main            d.u.i.k.p.r.p.ForkedTestFileRunner Run failed de.uka.ilkd.key.proof.io.ProblemLoaderException: Could not initialize class de.uka.ilkd.key.java.abstraction.PrimitiveType
	at de.uka.ilkd.key.control.AbstractUserInterfaceControl.load(AbstractUserInterfaceControl.java:225)
Caused by: java.lang.NoClassDefFoundError: Could not initialize class de.uka.ilkd.key.java.abstraction.PrimitiveType
	at de.uka.ilkd.key.nparser.builder.DefaultBuilder.visitSortId(DefaultBuilder.java:327)

899        WARN  main            d.u.i.k.p.r.p.ForkedTestFileRunner Run failed de.uka.ilkd.key.proof.io.ProblemLoaderException: Could not initialize class de.uka.ilkd.key.java.abstraction.PrimitiveType
	at de.uka.ilkd.key.control.AbstractUserInterfaceControl.load(AbstractUserInterfaceControl.java:225)
Caused by: java.lang.NoClassDefFoundError: Could not initialize class de.uka.ilkd.key.java.abstraction.PrimitiveType
	at de.uka.ilkd.key.nparser.builder.DefaultBuilder.visitSortId(DefaultBuilder.java:327)

915        WARN  main            d.u.i.k.p.r.p.ForkedTestFileRunner Run failed de.uka.ilkd.key.proof.io.ProblemLoaderException: Could not initialize class de.uka.ilkd.key.java.abstraction.PrimitiveType
	at de.uka.ilkd.key.control.AbstractUserInterfaceControl.load(AbstractUserInterfaceControl.java:225)
Caused by: java.lang.NoClassDefFoundError: Could not initialize class de.uka.ilkd.key.java.abstraction.PrimitiveType
	at de.uka.ilkd.key.nparser.builder.DefaultBuilder.visitSortId(DefaultBuilder.java:327)

923        WARN  main            d.u.i.k.p.r.p.ForkedTestFileRunner Run failed de.uka.ilkd.key.proof.io.ProblemLoaderException: Could not initialize class de.uka.ilkd.key.java.abstraction.PrimitiveType
	at de.uka.ilkd.key.control.AbstractUserInterfaceControl.load(AbstractUserInterfaceControl.java:225)
Caused by: java.lang.NoClassDefFoundError: Could not initialize class de.uka.ilkd.key.java.abstraction.PrimitiveType
	at de.uka.ilkd.key.nparser.builder.DefaultBuilder.visitSortId(DefaultBuilder.java:327)

933        WARN  main            d.u.i.k.p.r.p.ForkedTestFileRunner Run failed de.uka.ilkd.key.proof.io.ProblemLoaderException: Could not initialize class de.uka.ilkd.key.java.abstraction.PrimitiveType
	at de.uka.ilkd.key.control.AbstractUserInterfaceControl.load(AbstractUserInterfaceControl.java:225)
Caused by: java.lang.NoClassDefFoundError: Could not initialize class de.uka.ilkd.key.java.abstraction.PrimitiveType
	at de.uka.ilkd.key.nparser.builder.DefaultBuilder.visitSortId(DefaultBuilder.java:327)

944        WARN  main            d.u.i.k.p.r.p.ForkedTestFileRunner Run failed de.uka.ilkd.key.proof.io.ProblemLoaderException: Could not initialize class de.uka.ilkd.key.java.abstraction.PrimitiveType
	at de.uka.ilkd.key.control.AbstractUserInterfaceControl.load(AbstractUserInterfaceControl.java:225)
Caused by: java.lang.NoClassDefFoundError: Could not initialize class de.uka.ilkd.key.java.abstraction.PrimitiveType
	at de.uka.ilkd.key.nparser.builder.DefaultBuilder.visitSortId(DefaultBuilder.java:327)

952        WARN  main            d.u.i.k.p.r.p.ForkedTestFileRunner Run failed de.uka.ilkd.key.proof.io.ProblemLoaderException: Could not initialize class de.uka.ilkd.key.java.abstraction.PrimitiveType
	at de.uka.ilkd.key.control.AbstractUserInterfaceControl.load(AbstractUserInterfaceControl.java:225)
Caused by: java.lang.NoClassDefFoundError: Could not initialize class de.uka.ilkd.key.java.abstraction.PrimitiveType
	at de.uka.ilkd.key.nparser.builder.DefaultBuilder.visitSortId(DefaultBuilder.java:327)

959        WARN  main            d.u.i.k.p.r.p.ForkedTestFileRunner Run failed de.uka.ilkd.key.proof.io.ProblemLoaderException: Could not initialize class de.uka.ilkd.key.java.abstraction.PrimitiveType
	at de.uka.ilkd.key.control.AbstractUserInterfaceControl.load(AbstractUserInterfaceControl.java:225)
Caused by: java.lang.NoClassDefFoundError: Could not initialize class de.uka.ilkd.key.java.abstraction.PrimitiveType
	at de.uka.ilkd.key.nparser.builder.DefaultBuilder.visitSortId(DefaultBuilder.java:327)

333        WARN  main            d.u.i.k.s.ProofSettings   The settings in /home/runner/.key/proof-settings.props are *not* read. 
716        WARN  main            d.u.i.k.p.r.p.ForkedTestFileRunner Run failed de.uka.ilkd.key.proof.io.ProblemLoaderException: null
	at de.uka.ilkd.key.control.AbstractUserInterfaceControl.load(AbstractUserInterfaceControl.java:225)
Caused by: java.lang.ExceptionInInitializerError: null
	at de.uka.ilkd.key.nparser.builder.DefaultBuilder.visitSortId(DefaultBuilder.java:327)
Caused by: java.lang.NullPointerException: null
	at de.uka.ilkd.key.java.JavaProgramElement.<init>(JavaProgramElement.java:60)

733        WARN  main            d.u.i.k.p.r.p.ForkedTestFileRunner Run failed de.uka.ilkd.key.proof.io.ProblemLoaderException: Could not initialize class de.uka.ilkd.key.java.abstraction.PrimitiveType
	at de.uka.ilkd.key.control.AbstractUserInterfaceControl.load(AbstractUserInterfaceControl.java:225)
Caused by: java.lang.NoClassDefFoundError: Could not initialize class de.uka.ilkd.key.java.abstraction.PrimitiveType
	at de.uka.ilkd.key.nparser.builder.DefaultBuilder.visitSortId(DefaultBuilder.java:327)

748        WARN  main            d.u.i.k.p.r.p.ForkedTestFileRunner Run failed de.uka.ilkd.key.proof.io.ProblemLoaderException: Could not initialize class de.uka.ilkd.key.java.abstraction.PrimitiveType
	at de.uka.ilkd.key.control.AbstractUserInterfaceControl.load(AbstractUserInterfaceControl.java:225)
Caused by: java.lang.NoClassDefFoundError: Could not initialize class de.uka.ilkd.key.java.abstraction.PrimitiveType
	at de.uka.ilkd.key.nparser.builder.DefaultBuilder.visitSortId(DefaultBuilder.java:327)

335        WARN  main            d.u.i.k.s.ProofSettings   The settings in /home/runner/.key/proof-settings.props are *not* read. 
793        WARN  main            d.u.i.k.p.r.p.ForkedTestFileRunner Run failed de.uka.ilkd.key.proof.io.ProblemLoaderException: null
	at de.uka.ilkd.key.control.AbstractUserInterfaceControl.load(AbstractUserInterfaceControl.java:225)
Caused by: java.lang.ExceptionInInitializerError: null
	at de.uka.ilkd.key.nparser.builder.DefaultBuilder.visitSortId(DefaultBuilder.java:327)
Caused by: java.lang.NullPointerException: null
	at de.uka.ilkd.key.java.JavaProgramElement.<init>(JavaProgramElement.java:60)

822        WARN  main            d.u.i.k.p.r.p.ForkedTestFileRunner Run failed de.uka.ilkd.key.proof.io.ProblemLoaderException: Could not initialize class de.uka.ilkd.key.java.abstraction.PrimitiveType
	at de.uka.ilkd.key.control.AbstractUserInterfaceControl.load(AbstractUserInterfaceControl.java:225)
Caused by: java.lang.NoClassDefFoundError: Could not initialize class de.uka.ilkd.key.java.abstraction.PrimitiveType
	at de.uka.ilkd.key.nparser.builder.DefaultBuilder.visitSortId(DefaultBuilder.java:327)

847        WARN  main            d.u.i.k.p.r.p.ForkedTestFileRunner Run failed de.uka.ilkd.key.proof.io.ProblemLoaderException: Could not initialize class de.uka.ilkd.key.java.abstraction.PrimitiveType
	at de.uka.ilkd.key.control.AbstractUserInterfaceControl.load(AbstractUserInterfaceControl.java:225)
Caused by: java.lang.NoClassDefFoundError: Could not initialize class de.uka.ilkd.key.java.abstraction.PrimitiveType
	at de.uka.ilkd.key.nparser.builder.DefaultBuilder.visitSortId(DefaultBuilder.java:327)

879        WARN  main            d.u.i.k.p.r.p.ForkedTestFileRunner Run failed de.uka.ilkd.key.proof.io.ProblemLoaderException: Could not initialize class de.uka.ilkd.key.java.abstraction.PrimitiveType
	at de.uka.ilkd.key.control.AbstractUserInterfaceControl.load(AbstractUserInterfaceControl.java:225)
Caused by: java.lang.NoClassDefFoundError: Could not initialize class de.uka.ilkd.key.java.abstraction.PrimitiveType
	at de.uka.ilkd.key.nparser.builder.DefaultBuilder.visitSortId(DefaultBuilder.java:327)

899        WARN  main            d.u.i.k.p.r.p.ForkedTestFileRunner Run failed de.uka.ilkd.key.proof.io.ProblemLoaderException: Could not initialize class de.uka.ilkd.key.java.abstraction.PrimitiveType
	at de.uka.ilkd.key.control.AbstractUserInterfaceControl.load(AbstractUserInterfaceControl.java:225)
Caused by: java.lang.NoClassDefFoundError: Could not initialize class de.uka.ilkd.key.java.abstraction.PrimitiveType
	at de.uka.ilkd.key.nparser.builder.DefaultBuilder.visitSortId(DefaultBuilder.java:327)

918        WARN  main            d.u.i.k.p.r.p.ForkedTestFileRunner Run failed de.uka.ilkd.key.proof.io.ProblemLoaderException: Could not initialize class de.uka.ilkd.key.java.abstraction.PrimitiveType
	at de.uka.ilkd.key.control.AbstractUserInterfaceControl.load(AbstractUserInterfaceControl.java:225)
Caused by: java.lang.NoClassDefFoundError: Could not initialize class de.uka.ilkd.key.java.abstraction.PrimitiveType
	at de.uka.ilkd.key.nparser.builder.DefaultBuilder.visitSortId(DefaultBuilder.java:327)

945        WARN  main            d.u.i.k.p.r.p.ForkedTestFileRunner Run failed de.uka.ilkd.key.proof.io.ProblemLoaderException: Could not initialize class de.uka.ilkd.key.java.abstraction.PrimitiveType
	at de.uka.ilkd.key.control.AbstractUserInterfaceControl.load(AbstractUserInterfaceControl.java:225)
Caused by: java.lang.NoClassDefFoundError: Could not initialize class de.uka.ilkd.key.java.abstraction.PrimitiveType
	at de.uka.ilkd.key.nparser.builder.DefaultBuilder.visitSortId(DefaultBuilder.java:327)

964        WARN  main            d.u.i.k.p.r.p.ForkedTestFileRunner Run failed de.uka.ilkd.key.proof.io.ProblemLoaderException: Could not initialize class de.uka.ilkd.key.java.abstraction.PrimitiveType
	at de.uka.ilkd.key.control.AbstractUserInterfaceControl.load(AbstractUserInterfaceControl.java:225)
Caused by: java.lang.NoClassDefFoundError: Could not initialize class de.uka.ilkd.key.java.abstraction.PrimitiveType
	at de.uka.ilkd.key.nparser.builder.DefaultBuilder.visitSortId(DefaultBuilder.java:327)

983        WARN  main            d.u.i.k.p.r.p.ForkedTestFileRunner Run failed de.uka.ilkd.key.proof.io.ProblemLoaderException: Could not initialize class de.uka.ilkd.key.java.abstraction.PrimitiveType
	at de.uka.ilkd.key.control.AbstractUserInterfaceControl.load(AbstractUserInterfaceControl.java:225)
Caused by: java.lang.NoClassDefFoundError: Could not initialize class de.uka.ilkd.key.java.abstraction.PrimitiveType
	at de.uka.ilkd.key.nparser.builder.DefaultBuilder.visitSortId(DefaultBuilder.java:327)

1003       WARN  main            d.u.i.k.p.r.p.ForkedTestFileRunner Run failed de.uka.ilkd.key.proof.io.ProblemLoaderException: Could not initialize class de.uka.ilkd.key.java.abstraction.PrimitiveType
	at de.uka.ilkd.key.control.AbstractUserInterfaceControl.load(AbstractUserInterfaceControl.java:225)
Caused by: java.lang.NoClassDefFoundError: Could not initialize class de.uka.ilkd.key.java.abstraction.PrimitiveType
	at de.uka.ilkd.key.nparser.builder.DefaultBuilder.visitSortId(DefaultBuilder.java:327)

1017       WARN  main            d.u.i.k.p.r.p.ForkedTestFileRunner Run failed de.uka.ilkd.key.proof.io.ProblemLoaderException: Could not initialize class de.uka.ilkd.key.java.abstraction.PrimitiveType
	at de.uka.ilkd.key.control.AbstractUserInterfaceControl.load(AbstractUserInterfaceControl.java:225)
Caused by: java.lang.NoClassDefFoundError: Could not initialize class de.uka.ilkd.key.java.abstraction.PrimitiveType
	at de.uka.ilkd.key.nparser.builder.DefaultBuilder.visitSortId(DefaultBuilder.java:327)

1031       WARN  main            d.u.i.k.p.r.p.ForkedTestFileRunner Run failed de.uka.ilkd.key.proof.io.ProblemLoaderException: Could not initialize class de.uka.ilkd.key.java.abstraction.PrimitiveType
	at de.uka.ilkd.key.control.AbstractUserInterfaceControl.load(AbstractUserInterfaceControl.java:225)
Caused by: java.lang.NoClassDefFoundError: Could not initialize class de.uka.ilkd.key.java.abstraction.PrimitiveType
	at de.uka.ilkd.key.nparser.builder.DefaultBuilder.visitSortId(DefaultBuilder.java:327)

1047       WARN  main            d.u.i.k.p.r.p.ForkedTestFileRunner Run failed de.uka.ilkd.key.proof.io.ProblemLoaderException: Could not initialize class de.uka.ilkd.key.java.abstraction.PrimitiveType
	at de.uka.ilkd.key.control.AbstractUserInterfaceControl.load(AbstractUserInterfaceControl.java:225)
Caused by: java.lang.NoClassDefFoundError: Could not initialize class de.uka.ilkd.key.java.abstraction.PrimitiveType
	at de.uka.ilkd.key.nparser.builder.DefaultBuilder.visitSortId(DefaultBuilder.java:327)

1060       WARN  main            d.u.i.k.p.r.p.ForkedTestFileRunner Run failed de.uka.ilkd.key.proof.io.ProblemLoaderException: Could not initialize class de.uka.ilkd.key.java.abstraction.PrimitiveType
	at de.uka.ilkd.key.control.AbstractUserInterfaceControl.load(AbstractUserInterfaceControl.java:225)
Caused by: java.lang.NoClassDefFoundError: Could not initialize class de.uka.ilkd.key.java.abstraction.PrimitiveType
	at de.uka.ilkd.key.nparser.builder.DefaultBuilder.visitSortId(DefaultBuilder.java:327)

1085       WARN  main            d.u.i.k.p.r.p.ForkedTestFileRunner Run failed de.uka.ilkd.key.proof.io.ProblemLoaderException: Could not initialize class de.uka.ilkd.key.java.abstraction.PrimitiveType
	at de.uka.ilkd.key.control.AbstractUserInterfaceControl.load(AbstractUserInterfaceControl.java:225)
Caused by: java.lang.NoClassDefFoundError: Could not initialize class de.uka.ilkd.key.java.abstraction.PrimitiveType
	at de.uka.ilkd.key.nparser.builder.DefaultBuilder.visitSortId(DefaultBuilder.java:327)

1095       WARN  main            d.u.i.k.p.r.p.ForkedTestFileRunner Run failed de.uka.ilkd.key.proof.io.ProblemLoaderException: Could not initialize class de.uka.ilkd.key.java.abstraction.PrimitiveType
	at de.uka.ilkd.key.control.AbstractUserInterfaceControl.load(AbstractUserInterfaceControl.java:225)
Caused by: java.lang.NoClassDefFoundError: Could not initialize class de.uka.ilkd.key.java.abstraction.PrimitiveType
	at de.uka.ilkd.key.nparser.builder.DefaultBuilder.visitSortId(DefaultBuilder.java:327)

1107       WARN  main            d.u.i.k.p.r.p.ForkedTestFileRunner Run failed de.uka.ilkd.key.proof.io.ProblemLoaderException: Could not initialize class de.uka.ilkd.key.java.abstraction.PrimitiveType
	at de.uka.ilkd.key.control.AbstractUserInterfaceControl.load(AbstractUserInterfaceControl.java:225)
Caused by: java.lang.NoClassDefFoundError: Could not initialize class de.uka.ilkd.key.java.abstraction.PrimitiveType
	at de.uka.ilkd.key.nparser.builder.DefaultBuilder.visitSortId(DefaultBuilder.java:327)

1121       WARN  main            d.u.i.k.p.r.p.ForkedTestFileRunner Run failed de.uka.ilkd.key.proof.io.ProblemLoaderException: Could not initialize class de.uka.ilkd.key.java.abstraction.PrimitiveType
	at de.uka.ilkd.key.control.AbstractUserInterfaceControl.load(AbstractUserInterfaceControl.java:225)
Caused by: java.lang.NoClassDefFoundError: Could not initialize class de.uka.ilkd.key.java.abstraction.PrimitiveType
	at de.uka.ilkd.key.nparser.builder.DefaultBuilder.visitSortId(DefaultBuilder.java:327)

1132       WARN  main            d.u.i.k.p.r.p.ForkedTestFileRunner Run failed de.uka.ilkd.key.proof.io.ProblemLoaderException: Could not initialize class de.uka.ilkd.key.java.abstraction.PrimitiveType
	at de.uka.ilkd.key.control.AbstractUserInterfaceControl.load(AbstractUserInterfaceControl.java:225)
Caused by: java.lang.NoClassDefFoundError: Could not initialize class de.uka.ilkd.key.java.abstraction.PrimitiveType
	at de.uka.ilkd.key.nparser.builder.DefaultBuilder.visitSortId(DefaultBuilder.java:327)

1141       WARN  main            d.u.i.k.p.r.p.ForkedTestFileRunner Run failed de.uka.ilkd.key.proof.io.ProblemLoaderException: Could not initialize class de.uka.ilkd.key.java.abstraction.PrimitiveType
	at de.uka.ilkd.key.control.AbstractUserInterfaceControl.load(AbstractUserInterfaceControl.java:225)
Caused by: java.lang.NoClassDefFoundError: Could not initialize class de.uka.ilkd.key.java.abstraction.PrimitiveType
	at de.uka.ilkd.key.nparser.builder.DefaultBuilder.visitSortId(DefaultBuilder.java:327)

1152       WARN  main            d.u.i.k.p.r.p.ForkedTestFileRunner Run failed de.uka.ilkd.key.proof.io.ProblemLoaderException: Could not initialize class de.uka.ilkd.key.java.abstraction.PrimitiveType
	at de.uka.ilkd.key.control.AbstractUserInterfaceControl.load(AbstractUserInterfaceControl.java:225)
Caused by: java.lang.NoClassDefFoundError: Could not initialize class de.uka.ilkd.key.java.abstraction.PrimitiveType
	at de.uka.ilkd.key.nparser.builder.DefaultBuilder.visitSortId(DefaultBuilder.java:327)

1162       WARN  main            d.u.i.k.p.r.p.ForkedTestFileRunner Run failed de.uka.ilkd.key.proof.io.ProblemLoaderException: Could not initialize class de.uka.ilkd.key.java.abstraction.PrimitiveType
	at de.uka.ilkd.key.control.AbstractUserInterfaceControl.load(AbstractUserInterfaceControl.java:225)
Caused by: java.lang.NoClassDefFoundError: Could not initialize class de.uka.ilkd.key.java.abstraction.PrimitiveType
	at de.uka.ilkd.key.nparser.builder.DefaultBuilder.visitSortId(DefaultBuilder.java:327)

1168       WARN  main            d.u.i.k.p.r.p.ForkedTestFileRunner Run failed de.uka.ilkd.key.proof.io.ProblemLoaderException: Could not initialize class de.uka.ilkd.key.java.abstraction.PrimitiveType
	at de.uka.ilkd.key.control.AbstractUserInterfaceControl.load(AbstractUserInterfaceControl.java:225)
Caused by: java.lang.NoClassDefFoundError: Could not initialize class de.uka.ilkd.key.java.abstraction.PrimitiveType
	at de.uka.ilkd.key.nparser.builder.DefaultBuilder.visitSortId(DefaultBuilder.java:327)

1175       WARN  main            d.u.i.k.p.r.p.ForkedTestFileRunner Run failed de.uka.ilkd.key.proof.io.ProblemLoaderException: Could not initialize class de.uka.ilkd.key.java.abstraction.PrimitiveType
	at de.uka.ilkd.key.control.AbstractUserInterfaceControl.load(AbstractUserInterfaceControl.java:225)
Caused by: java.lang.NoClassDefFoundError: Could not initialize class de.uka.ilkd.key.java.abstraction.PrimitiveType
	at de.uka.ilkd.key.nparser.builder.DefaultBuilder.visitSortId(DefaultBuilder.java:327)

1184       WARN  main            d.u.i.k.p.r.p.ForkedTestFileRunner Run failed de.uka.ilkd.key.proof.io.ProblemLoaderException: Could not initialize class de.uka.ilkd.key.java.abstraction.PrimitiveType
	at de.uka.ilkd.key.control.AbstractUserInterfaceControl.load(AbstractUserInterfaceControl.java:225)
Caused by: java.lang.NoClassDefFoundError: Could not initialize class de.uka.ilkd.key.java.abstraction.PrimitiveType
	at de.uka.ilkd.key.nparser.builder.DefaultBuilder.visitSortId(DefaultBuilder.java:327)

1195       WARN  main            d.u.i.k.p.r.p.ForkedTestFileRunner Run failed de.uka.ilkd.key.proof.io.ProblemLoaderException: Could not initialize class de.uka.ilkd.key.java.abstraction.PrimitiveType
	at de.uka.ilkd.key.control.AbstractUserInterfaceControl.load(AbstractUserInterfaceControl.java:225)
Caused by: java.lang.NoClassDefFoundError: Could not initialize class de.uka.ilkd.key.java.abstraction.PrimitiveType
	at de.uka.ilkd.key.nparser.builder.DefaultBuilder.visitSortId(DefaultBuilder.java:327)

1201       WARN  main            d.u.i.k.p.r.p.ForkedTestFileRunner Run failed de.uka.ilkd.key.proof.io.ProblemLoaderException: Could not initialize class de.uka.ilkd.key.java.abstraction.PrimitiveType
	at de.uka.ilkd.key.control.AbstractUserInterfaceControl.load(AbstractUserInterfaceControl.java:225)
Caused by: java.lang.NoClassDefFoundError: Could not initialize class de.uka.ilkd.key.java.abstraction.PrimitiveType
	at de.uka.ilkd.key.nparser.builder.DefaultBuilder.visitSortId(DefaultBuilder.java:327)

1206       WARN  main            d.u.i.k.p.r.p.ForkedTestFileRunner Run failed de.uka.ilkd.key.proof.io.ProblemLoaderException: Could not initialize class de.uka.ilkd.key.java.abstraction.PrimitiveType
	at de.uka.ilkd.key.control.AbstractUserInterfaceControl.load(AbstractUserInterfaceControl.java:225)
Caused by: java.lang.NoClassDefFoundError: Could not initialize class de.uka.ilkd.key.java.abstraction.PrimitiveType
	at de.uka.ilkd.key.nparser.builder.DefaultBuilder.visitSortId(DefaultBuilder.java:327)

1216       WARN  main            d.u.i.k.p.r.p.ForkedTestFileRunner Run failed de.uka.ilkd.key.proof.io.ProblemLoaderException: Could not initialize class de.uka.ilkd.key.java.abstraction.PrimitiveType
	at de.uka.ilkd.key.control.AbstractUserInterfaceControl.load(AbstractUserInterfaceControl.java:225)
Caused by: java.lang.NoClassDefFoundError: Could not initialize class de.uka.ilkd.key.java.abstraction.PrimitiveType
	at de.uka.ilkd.key.nparser.builder.DefaultBuilder.visitSortId(DefaultBuilder.java:327)

1225       WARN  main            d.u.i.k.p.r.p.ForkedTestFileRunner Run failed de.uka.ilkd.key.proof.io.ProblemLoaderException: Could not initialize class de.uka.ilkd.key.java.abstraction.PrimitiveType
	at de.uka.ilkd.key.control.AbstractUserInterfaceControl.load(AbstractUserInterfaceControl.java:225)
Caused by: java.lang.NoClassDefFoundError: Could not initialize class de.uka.ilkd.key.java.abstraction.PrimitiveType
	at de.uka.ilkd.key.nparser.builder.DefaultBuilder.visitSortId(DefaultBuilder.java:327)

1235       WARN  main            d.u.i.k.p.r.p.ForkedTestFileRunner Run failed de.uka.ilkd.key.proof.io.ProblemLoaderException: Could not initialize class de.uka.ilkd.key.java.abstraction.PrimitiveType
	at de.uka.ilkd.key.control.AbstractUserInterfaceControl.load(AbstractUserInterfaceControl.java:225)
Caused by: java.lang.NoClassDefFoundError: Could not initialize class de.uka.ilkd.key.java.abstraction.PrimitiveType
	at de.uka.ilkd.key.nparser.builder.DefaultBuilder.visitSortId(DefaultBuilder.java:327)

1249       WARN  main            d.u.i.k.p.r.p.ForkedTestFileRunner Run failed de.uka.ilkd.key.proof.io.ProblemLoaderException: Could not initialize class de.uka.ilkd.key.java.abstraction.PrimitiveType
	at de.uka.ilkd.key.control.AbstractUserInterfaceControl.load(AbstractUserInterfaceControl.java:225)
Caused by: java.lang.NoClassDefFoundError: Could not initialize class de.uka.ilkd.key.java.abstraction.PrimitiveType
	at de.uka.ilkd.key.nparser.builder.DefaultBuilder.visitSortId(DefaultBuilder.java:327)

1258       WARN  main            d.u.i.k.p.r.p.ForkedTestFileRunner Run failed de.uka.ilkd.key.proof.io.ProblemLoaderException: Could not initialize class de.uka.ilkd.key.java.abstraction.PrimitiveType
	at de.uka.ilkd.key.control.AbstractUserInterfaceControl.load(AbstractUserInterfaceControl.java:225)
Caused by: java.lang.NoClassDefFoundError: Could not initialize class de.uka.ilkd.key.java.abstraction.PrimitiveType
	at de.uka.ilkd.key.nparser.builder.DefaultBuilder.visitSortId(DefaultBuilder.java:327)

1266       WARN  main            d.u.i.k.p.r.p.ForkedTestFileRunner Run failed de.uka.ilkd.key.proof.io.ProblemLoaderException: Could not initialize class de.uka.ilkd.key.java.abstraction.PrimitiveType
	at de.uka.ilkd.key.control.AbstractUserInterfaceControl.load(AbstractUserInterfaceControl.java:225)
Caused by: java.lang.NoClassDefFoundError: Could not initialize class de.uka.ilkd.key.java.abstraction.PrimitiveType
	at de.uka.ilkd.key.nparser.builder.DefaultBuilder.visitSortId(DefaultBuilder.java:327)

1273       WARN  main            d.u.i.k.p.r.p.ForkedTestFileRunner Run failed de.uka.ilkd.key.proof.io.ProblemLoaderException: Could not initialize class de.uka.ilkd.key.java.abstraction.PrimitiveType
	at de.uka.ilkd.key.control.AbstractUserInterfaceControl.load(AbstractUserInterfaceControl.java:225)
Caused by: java.lang.NoClassDefFoundError: Could not initialize class de.uka.ilkd.key.java.abstraction.PrimitiveType
	at de.uka.ilkd.key.nparser.builder.DefaultBuilder.visitSortId(DefaultBuilder.java:327)

1280       WARN  main            d.u.i.k.p.r.p.ForkedTestFileRunner Run failed de.uka.ilkd.key.proof.io.ProblemLoaderException: Could not initialize class de.uka.ilkd.key.java.abstraction.PrimitiveType
	at de.uka.ilkd.key.control.AbstractUserInterfaceControl.load(AbstractUserInterfaceControl.java:225)
Caused by: java.lang.NoClassDefFoundError: Could not initialize class de.uka.ilkd.key.java.abstraction.PrimitiveType
	at de.uka.ilkd.key.nparser.builder.DefaultBuilder.visitSortId(DefaultBuilder.java:327)

1288       WARN  main            d.u.i.k.p.r.p.ForkedTestFileRunner Run failed de.uka.ilkd.key.proof.io.ProblemLoaderException: Could not initialize class de.uka.ilkd.key.java.abstraction.PrimitiveType
	at de.uka.ilkd.key.control.AbstractUserInterfaceControl.load(AbstractUserInterfaceControl.java:225)
Caused by: java.lang.NoClassDefFoundError: Could not initialize class de.uka.ilkd.key.java.abstraction.PrimitiveType
	at de.uka.ilkd.key.nparser.builder.DefaultBuilder.visitSortId(DefaultBuilder.java:327)

1297       WARN  main            d.u.i.k.p.r.p.ForkedTestFileRunner Run failed de.uka.ilkd.key.proof.io.ProblemLoaderException: Could not initialize class de.uka.ilkd.key.java.abstraction.PrimitiveType
	at de.uka.ilkd.key.control.AbstractUserInterfaceControl.load(AbstractUserInterfaceControl.java:225)
Caused by: java.lang.NoClassDefFoundError: Could not initialize class de.uka.ilkd.key.java.abstraction.PrimitiveType
	at de.uka.ilkd.key.nparser.builder.DefaultBuilder.visitSortId(DefaultBuilder.java:327)

1304       WARN  main            d.u.i.k.p.r.p.ForkedTestFileRunner Run failed de.uka.ilkd.key.proof.io.ProblemLoaderException: Could not initialize class de.uka.ilkd.key.java.abstraction.PrimitiveType
	at de.uka.ilkd.key.control.AbstractUserInterfaceControl.load(AbstractUserInterfaceControl.java:225)
Caused by: java.lang.NoClassDefFoundError: Could not initialize class de.uka.ilkd.key.java.abstraction.PrimitiveType
	at de.uka.ilkd.key.nparser.builder.DefaultBuilder.visitSortId(DefaultBuilder.java:327)

1328       WARN  main            d.u.i.k.p.r.p.ForkedTestFileRunner Run failed de.uka.ilkd.key.proof.io.ProblemLoaderException: Could not initialize class de.uka.ilkd.key.java.abstraction.PrimitiveType
	at de.uka.ilkd.key.control.AbstractUserInterfaceControl.load(AbstractUserInterfaceControl.java:225)
Caused by: java.lang.NoClassDefFoundError: Could not initialize class de.uka.ilkd.key.java.abstraction.PrimitiveType
	at de.uka.ilkd.key.nparser.builder.DefaultBuilder.visitSortId(DefaultBuilder.java:327)

1335       WARN  main            d.u.i.k.p.r.p.ForkedTestFileRunner Run failed de.uka.ilkd.key.proof.io.ProblemLoaderException: Could not initialize class de.uka.ilkd.key.java.abstraction.PrimitiveType
	at de.uka.ilkd.key.control.AbstractUserInterfaceControl.load(AbstractUserInterfaceControl.java:225)
Caused by: java.lang.NoClassDefFoundError: Could not initialize class de.uka.ilkd.key.java.abstraction.PrimitiveType
	at de.uka.ilkd.key.nparser.builder.DefaultBuilder.visitSortId(DefaultBuilder.java:327)

1342       WARN  main            d.u.i.k.p.r.p.ForkedTestFileRunner Run failed de.uka.ilkd.key.proof.io.ProblemLoaderException: Could not initialize class de.uka.ilkd.key.java.abstraction.PrimitiveType
	at de.uka.ilkd.key.control.AbstractUserInterfaceControl.load(AbstractUserInterfaceControl.java:225)
Caused by: java.lang.NoClassDefFoundError: Could not initialize class de.uka.ilkd.key.java.abstraction.PrimitiveType
	at de.uka.ilkd.key.nparser.builder.DefaultBuilder.visitSortId(DefaultBuilder.java:327)

1351       WARN  main            d.u.i.k.p.r.p.ForkedTestFileRunner Run failed de.uka.ilkd.key.proof.io.ProblemLoaderException: Could not initialize class de.uka.ilkd.key.java.abstraction.PrimitiveType
	at de.uka.ilkd.key.control.AbstractUserInterfaceControl.load(AbstractUserInterfaceControl.java:225)
Caused by: java.lang.NoClassDefFoundError: Could not initialize class de.uka.ilkd.key.java.abstraction.PrimitiveType
	at de.uka.ilkd.key.nparser.builder.DefaultBuilder.visitSortId(DefaultBuilder.java:327)

1358       WARN  main            d.u.i.k.p.r.p.ForkedTestFileRunner Run failed de.uka.ilkd.key.proof.io.ProblemLoaderException: Could not initialize class de.uka.ilkd.key.java.abstraction.PrimitiveType
	at de.uka.ilkd.key.control.AbstractUserInterfaceControl.load(AbstractUserInterfaceControl.java:225)
Caused by: java.lang.NoClassDefFoundError: Could not initialize class de.uka.ilkd.key.java.abstraction.PrimitiveType
	at de.uka.ilkd.key.nparser.builder.DefaultBuilder.visitSortId(DefaultBuilder.java:327)

1364       WARN  main            d.u.i.k.p.r.p.ForkedTestFileRunner Run failed de.uka.ilkd.key.proof.io.ProblemLoaderException: Could not initialize class de.uka.ilkd.key.java.abstraction.PrimitiveType
	at de.uka.ilkd.key.control.AbstractUserInterfaceControl.load(AbstractUserInterfaceControl.java:225)
Caused by: java.lang.NoClassDefFoundError: Could not initialize class de.uka.ilkd.key.java.abstraction.PrimitiveType
	at de.uka.ilkd.key.nparser.builder.DefaultBuilder.visitSortId(DefaultBuilder.java:327)

1371       WARN  main            d.u.i.k.p.r.p.ForkedTestFileRunner Run failed de.uka.ilkd.key.proof.io.ProblemLoaderException: Could not initialize class de.uka.ilkd.key.java.abstraction.PrimitiveType
	at de.uka.ilkd.key.control.AbstractUserInterfaceControl.load(AbstractUserInterfaceControl.java:225)
Caused by: java.lang.NoClassDefFoundError: Could not initialize class de.uka.ilkd.key.java.abstraction.PrimitiveType
	at de.uka.ilkd.key.nparser.builder.DefaultBuilder.visitSortId(DefaultBuilder.java:327)

1379       WARN  main            d.u.i.k.p.r.p.ForkedTestFileRunner Run failed de.uka.ilkd.key.proof.io.ProblemLoaderException: Could not initialize class de.uka.ilkd.key.java.abstraction.PrimitiveType
	at de.uka.ilkd.key.control.AbstractUserInterfaceControl.load(AbstractUserInterfaceControl.java:225)
Caused by: java.lang.NoClassDefFoundError: Could not initialize class de.uka.ilkd.key.java.abstraction.PrimitiveType
	at de.uka.ilkd.key.nparser.builder.DefaultBuilder.visitSortId(DefaultBuilder.java:327)

1388       WARN  main            d.u.i.k.p.r.p.ForkedTestFileRunner Run failed de.uka.ilkd.key.proof.io.ProblemLoaderException: Could not initialize class de.uka.ilkd.key.java.abstraction.PrimitiveType
	at de.uka.ilkd.key.control.AbstractUserInterfaceControl.load(AbstractUserInterfaceControl.java:225)
Caused by: java.lang.NoClassDefFoundError: Could not initialize class de.uka.ilkd.key.java.abstraction.PrimitiveType
	at de.uka.ilkd.key.nparser.builder.DefaultBuilder.visitSortId(DefaultBuilder.java:327)

1397       WARN  main            d.u.i.k.p.r.p.ForkedTestFileRunner Run failed de.uka.ilkd.key.proof.io.ProblemLoaderException: Could not initialize class de.uka.ilkd.key.java.abstraction.PrimitiveType
	at de.uka.ilkd.key.control.AbstractUserInterfaceControl.load(AbstractUserInterfaceControl.java:225)
Caused by: java.lang.NoClassDefFoundError: Could not initialize class de.uka.ilkd.key.java.abstraction.PrimitiveType
	at de.uka.ilkd.key.nparser.builder.DefaultBuilder.visitSortId(DefaultBuilder.java:327)

1404       WARN  main            d.u.i.k.p.r.p.ForkedTestFileRunner Run failed de.uka.ilkd.key.proof.io.ProblemLoaderException: Could not initialize class de.uka.ilkd.key.java.abstraction.PrimitiveType
	at de.uka.ilkd.key.control.AbstractUserInterfaceControl.load(AbstractUserInterfaceControl.java:225)
Caused by: java.lang.NoClassDefFoundError: Could not initialize class de.uka.ilkd.key.java.abstraction.PrimitiveType
	at de.uka.ilkd.key.nparser.builder.DefaultBuilder.visitSortId(DefaultBuilder.java:327)

1414       WARN  main            d.u.i.k.p.r.p.ForkedTestFileRunner Run failed de.uka.ilkd.key.proof.io.ProblemLoaderException: Could not initialize class de.uka.ilkd.key.java.abstraction.PrimitiveType
	at de.uka.ilkd.key.control.AbstractUserInterfaceControl.load(AbstractUserInterfaceControl.java:225)
Caused by: java.lang.NoClassDefFoundError: Could not initialize class de.uka.ilkd.key.java.abstraction.PrimitiveType
	at de.uka.ilkd.key.nparser.builder.DefaultBuilder.visitSortId(DefaultBuilder.java:327)

1427       WARN  main            d.u.i.k.p.r.p.ForkedTestFileRunner Run failed de.uka.ilkd.key.proof.io.ProblemLoaderException: Could not initialize class de.uka.ilkd.key.java.abstraction.PrimitiveType
	at de.uka.ilkd.key.control.AbstractUserInterfaceControl.load(AbstractUserInterfaceControl.java:225)
Caused by: java.lang.NoClassDefFoundError: Could not initialize class de.uka.ilkd.key.java.abstraction.PrimitiveType
	at de.uka.ilkd.key.nparser.builder.DefaultBuilder.visitSortId(DefaultBuilder.java:327)

1438       WARN  main            d.u.i.k.p.r.p.ForkedTestFileRunner Run failed de.uka.ilkd.key.proof.io.ProblemLoaderException: Could not initialize class de.uka.ilkd.key.java.abstraction.PrimitiveType
	at de.uka.ilkd.key.control.AbstractUserInterfaceControl.load(AbstractUserInterfaceControl.java:225)
Caused by: java.lang.NoClassDefFoundError: Could not initialize class de.uka.ilkd.key.java.abstraction.PrimitiveType
	at de.uka.ilkd.key.nparser.builder.DefaultBuilder.visitSortId(DefaultBuilder.java:327)

1444       WARN  main            d.u.i.k.p.r.p.ForkedTestFileRunner Run failed de.uka.ilkd.key.proof.io.ProblemLoaderException: Could not initialize class de.uka.ilkd.key.java.abstraction.PrimitiveType
	at de.uka.ilkd.key.control.AbstractUserInterfaceControl.load(AbstractUserInterfaceControl.java:225)
Caused by: java.lang.NoClassDefFoundError: Could not initialize class de.uka.ilkd.key.java.abstraction.PrimitiveType
	at de.uka.ilkd.key.nparser.builder.DefaultBuilder.visitSortId(DefaultBuilder.java:327)

1451       WARN  main            d.u.i.k.p.r.p.ForkedTestFileRunner Run failed de.uka.ilkd.key.proof.io.ProblemLoaderException: Could not initialize class de.uka.ilkd.key.java.abstraction.PrimitiveType
	at de.uka.ilkd.key.control.AbstractUserInterfaceControl.load(AbstractUserInterfaceControl.java:225)
Caused by: java.lang.NoClassDefFoundError: Could not initialize class de.uka.ilkd.key.java.abstraction.PrimitiveType
	at de.uka.ilkd.key.nparser.builder.DefaultBuilder.visitSortId(DefaultBuilder.java:327)

1457       WARN  main            d.u.i.k.p.r.p.ForkedTestFileRunner Run failed de.uka.ilkd.key.proof.io.ProblemLoaderException: Could not initialize class de.uka.ilkd.key.java.abstraction.PrimitiveType
	at de.uka.ilkd.key.control.AbstractUserInterfaceControl.load(AbstractUserInterfaceControl.java:225)
Caused by: java.lang.NoClassDefFoundError: Could not initialize class de.uka.ilkd.key.java.abstraction.PrimitiveType
	at de.uka.ilkd.key.nparser.builder.DefaultBuilder.visitSortId(DefaultBuilder.java:327)

1463       WARN  main            d.u.i.k.p.r.p.ForkedTestFileRunner Run failed de.uka.ilkd.key.proof.io.ProblemLoaderException: Could not initialize class de.uka.ilkd.key.java.abstraction.PrimitiveType
	at de.uka.ilkd.key.control.AbstractUserInterfaceControl.load(AbstractUserInterfaceControl.java:225)
Caused by: java.lang.NoClassDefFoundError: Could not initialize class de.uka.ilkd.key.java.abstraction.PrimitiveType
	at de.uka.ilkd.key.nparser.builder.DefaultBuilder.visitSortId(DefaultBuilder.java:327)

1470       WARN  main            d.u.i.k.p.r.p.ForkedTestFileRunner Run failed de.uka.ilkd.key.proof.io.ProblemLoaderException: Could not initialize class de.uka.ilkd.key.java.abstraction.PrimitiveType
	at de.uka.ilkd.key.control.AbstractUserInterfaceControl.load(AbstractUserInterfaceControl.java:225)
Caused by: java.lang.NoClassDefFoundError: Could not initialize class de.uka.ilkd.key.java.abstraction.PrimitiveType
	at de.uka.ilkd.key.nparser.builder.DefaultBuilder.visitSortId(DefaultBuilder.java:327)

1475       WARN  main            d.u.i.k.p.r.p.ForkedTestFileRunner Run failed de.uka.ilkd.key.proof.io.ProblemLoaderException: Could not initialize class de.uka.ilkd.key.java.abstraction.PrimitiveType
	at de.uka.ilkd.key.control.AbstractUserInterfaceControl.load(AbstractUserInterfaceControl.java:225)
Caused by: java.lang.NoClassDefFoundError: Could not initialize class de.uka.ilkd.key.java.abstraction.PrimitiveType
	at de.uka.ilkd.key.nparser.builder.DefaultBuilder.visitSortId(DefaultBuilder.java:327)

1480       WARN  main            d.u.i.k.p.r.p.ForkedTestFileRunner Run failed de.uka.ilkd.key.proof.io.ProblemLoaderException: Could not initialize class de.uka.ilkd.key.java.abstraction.PrimitiveType
	at de.uka.ilkd.key.control.AbstractUserInterfaceControl.load(AbstractUserInterfaceControl.java:225)
Caused by: java.lang.NoClassDefFoundError: Could not initialize class de.uka.ilkd.key.java.abstraction.PrimitiveType
	at de.uka.ilkd.key.nparser.builder.DefaultBuilder.visitSortId(DefaultBuilder.java:327)

1487       WARN  main            d.u.i.k.p.r.p.ForkedTestFileRunner Run failed de.uka.ilkd.key.proof.io.ProblemLoaderException: Could not initialize class de.uka.ilkd.key.java.abstraction.PrimitiveType
	at de.uka.ilkd.key.control.AbstractUserInterfaceControl.load(AbstractUserInterfaceControl.java:225)
Caused by: java.lang.NoClassDefFoundError: Could not initialize class de.uka.ilkd.key.java.abstraction.PrimitiveType
	at de.uka.ilkd.key.nparser.builder.DefaultBuilder.visitSortId(DefaultBuilder.java:327)

1494       WARN  main            d.u.i.k.p.r.p.ForkedTestFileRunner Run failed de.uka.ilkd.key.proof.io.ProblemLoaderException: Could not initialize class de.uka.ilkd.key.java.abstraction.PrimitiveType
	at de.uka.ilkd.key.control.AbstractUserInterfaceControl.load(AbstractUserInterfaceControl.java:225)
Caused by: java.lang.NoClassDefFoundError: Could not initialize class de.uka.ilkd.key.java.abstraction.PrimitiveType
	at de.uka.ilkd.key.nparser.builder.DefaultBuilder.visitSortId(DefaultBuilder.java:327)

1500       WARN  main            d.u.i.k.p.r.p.ForkedTestFileRunner Run failed de.uka.ilkd.key.proof.io.ProblemLoaderException: Could not initialize class de.uka.ilkd.key.java.abstraction.PrimitiveType
	at de.uka.ilkd.key.control.AbstractUserInterfaceControl.load(AbstractUserInterfaceControl.java:225)
Caused by: java.lang.NoClassDefFoundError: Could not initialize class de.uka.ilkd.key.java.abstraction.PrimitiveType
	at de.uka.ilkd.key.nparser.builder.DefaultBuilder.visitSortId(DefaultBuilder.java:327)

1515       WARN  main            d.u.i.k.p.r.p.ForkedTestFileRunner Run failed de.uka.ilkd.key.proof.io.ProblemLoaderException: Could not initialize class de.uka.ilkd.key.java.abstraction.PrimitiveType
	at de.uka.ilkd.key.control.AbstractUserInterfaceControl.load(AbstractUserInterfaceControl.java:225)
Caused by: java.lang.NoClassDefFoundError: Could not initialize class de.uka.ilkd.key.java.abstraction.PrimitiveType
	at de.uka.ilkd.key.nparser.builder.DefaultBuilder.visitSortId(DefaultBuilder.java:327)

1532       WARN  main            d.u.i.k.p.r.p.ForkedTestFileRunner Run failed de.uka.ilkd.key.proof.io.ProblemLoaderException: Could not initialize class de.uka.ilkd.key.java.abstraction.PrimitiveType
	at de.uka.ilkd.key.control.AbstractUserInterfaceControl.load(AbstractUserInterfaceControl.java:225)
Caused by: java.lang.NoClassDefFoundError: Could not initialize class de.uka.ilkd.key.java.abstraction.PrimitiveType
	at de.uka.ilkd.key.nparser.builder.DefaultBuilder.visitSortId(DefaultBuilder.java:327)

1537       WARN  main            d.u.i.k.p.r.p.ForkedTestFileRunner Run failed de.uka.ilkd.key.proof.io.ProblemLoaderException: Could not initialize class de.uka.ilkd.key.java.abstraction.PrimitiveType
	at de.uka.ilkd.key.control.AbstractUserInterfaceControl.load(AbstractUserInterfaceControl.java:225)
Caused by: java.lang.NoClassDefFoundError: Could not initialize class de.uka.ilkd.key.java.abstraction.PrimitiveType
	at de.uka.ilkd.key.nparser.builder.DefaultBuilder.visitSortId(DefaultBuilder.java:327)

1542       WARN  main            d.u.i.k.p.r.p.ForkedTestFileRunner Run failed de.uka.ilkd.key.proof.io.ProblemLoaderException: Could not initialize class de.uka.ilkd.key.java.abstraction.PrimitiveType
	at de.uka.ilkd.key.control.AbstractUserInterfaceControl.load(AbstractUserInterfaceControl.java:225)
Caused by: java.lang.NoClassDefFoundError: Could not initialize class de.uka.ilkd.key.java.abstraction.PrimitiveType
	at de.uka.ilkd.key.nparser.builder.DefaultBuilder.visitSortId(DefaultBuilder.java:327)

1547       WARN  main            d.u.i.k.p.r.p.ForkedTestFileRunner Run failed de.uka.ilkd.key.proof.io.ProblemLoaderException: Could not initialize class de.uka.ilkd.key.java.abstraction.PrimitiveType
	at de.uka.ilkd.key.control.AbstractUserInterfaceControl.load(AbstractUserInterfaceControl.java:225)
Caused by: java.lang.NoClassDefFoundError: Could not initialize class de.uka.ilkd.key.java.abstraction.PrimitiveType
	at de.uka.ilkd.key.nparser.builder.DefaultBuilder.visitSortId(DefaultBuilder.java:327)

1554       WARN  main            d.u.i.k.p.r.p.ForkedTestFileRunner Run failed de.uka.ilkd.key.proof.io.ProblemLoaderException: Could not initialize class de.uka.ilkd.key.java.abstraction.PrimitiveType
	at de.uka.ilkd.key.control.AbstractUserInterfaceControl.load(AbstractUserInterfaceControl.java:225)
Caused by: java.lang.NoClassDefFoundError: Could not initialize class de.uka.ilkd.key.java.abstraction.PrimitiveType
	at de.uka.ilkd.key.nparser.builder.DefaultBuilder.visitSortId(DefaultBuilder.java:327)

1560       WARN  main            d.u.i.k.p.r.p.ForkedTestFileRunner Run failed de.uka.ilkd.key.proof.io.ProblemLoaderException: Could not initialize class de.uka.ilkd.key.java.abstraction.PrimitiveType
	at de.uka.ilkd.key.control.AbstractUserInterfaceControl.load(AbstractUserInterfaceControl.java:225)
Caused by: java.lang.NoClassDefFoundError: Could not initialize class de.uka.ilkd.key.java.abstraction.PrimitiveType
	at de.uka.ilkd.key.nparser.builder.DefaultBuilder.visitSortId(DefaultBuilder.java:327)

1565       WARN  main            d.u.i.k.p.r.p.ForkedTestFileRunner Run failed de.uka.ilkd.key.proof.io.ProblemLoaderException: Could not initialize class de.uka.ilkd.key.java.abstraction.PrimitiveType
	at de.uka.ilkd.key.control.AbstractUserInterfaceControl.load(AbstractUserInterfaceControl.java:225)
Caused by: java.lang.NoClassDefFoundError: Could not initialize class de.uka.ilkd.key.java.abstraction.PrimitiveType
	at de.uka.ilkd.key.nparser.builder.DefaultBuilder.visitSortId(DefaultBuilder.java:327)

1572       WARN  main            d.u.i.k.p.r.p.ForkedTestFileRunner Run failed de.uka.ilkd.key.proof.io.ProblemLoaderException: Could not initialize class de.uka.ilkd.key.java.abstraction.PrimitiveType
	at de.uka.ilkd.key.control.AbstractUserInterfaceControl.load(AbstractUserInterfaceControl.java:225)
Caused by: java.lang.NoClassDefFoundError: Could not initialize class de.uka.ilkd.key.java.abstraction.PrimitiveType
	at de.uka.ilkd.key.nparser.builder.DefaultBuilder.visitSortId(DefaultBuilder.java:327)

1579       WARN  main            d.u.i.k.p.r.p.ForkedTestFileRunner Run failed de.uka.ilkd.key.proof.io.ProblemLoaderException: Could not initialize class de.uka.ilkd.key.java.abstraction.PrimitiveType
	at de.uka.ilkd.key.control.AbstractUserInterfaceControl.load(AbstractUserInterfaceControl.java:225)
Caused by: java.lang.NoClassDefFoundError: Could not initialize class de.uka.ilkd.key.java.abstraction.PrimitiveType
	at de.uka.ilkd.key.nparser.builder.DefaultBuilder.visitSortId(DefaultBuilder.java:327)

1584       WARN  main            d.u.i.k.p.r.p.ForkedTestFileRunner Run failed de.uka.ilkd.key.proof.io.ProblemLoaderException: Could not initialize class de.uka.ilkd.key.java.abstraction.PrimitiveType
	at de.uka.ilkd.key.control.AbstractUserInterfaceControl.load(AbstractUserInterfaceControl.java:225)
Caused by: java.lang.NoClassDefFoundError: Could not initialize class de.uka.ilkd.key.java.abstraction.PrimitiveType
	at de.uka.ilkd.key.nparser.builder.DefaultBuilder.visitSortId(DefaultBuilder.java:327)

1602       WARN  main            d.u.i.k.p.r.p.ForkedTestFileRunner Run failed de.uka.ilkd.key.proof.io.ProblemLoaderException: Could not initialize class de.uka.ilkd.key.java.abstraction.PrimitiveType
	at de.uka.ilkd.key.control.AbstractUserInterfaceControl.load(AbstractUserInterfaceControl.java:225)
Caused by: java.lang.NoClassDefFoundError: Could not initialize class de.uka.ilkd.key.java.abstraction.PrimitiveType
	at de.uka.ilkd.key.nparser.builder.DefaultBuilder.visitSortId(DefaultBuilder.java:327)

1617       WARN  main            d.u.i.k.p.r.p.ForkedTestFileRunner Run failed de.uka.ilkd.key.proof.io.ProblemLoaderException: Could not initialize class de.uka.ilkd.key.java.abstraction.PrimitiveType
	at de.uka.ilkd.key.control.AbstractUserInterfaceControl.load(AbstractUserInterfaceControl.java:225)
Caused by: java.lang.NoClassDefFoundError: Could not initialize class de.uka.ilkd.key.java.abstraction.PrimitiveType
	at de.uka.ilkd.key.nparser.builder.DefaultBuilder.visitSortId(DefaultBuilder.java:327)

369        WARN  main            d.u.i.k.s.ProofSettings   The settings in /home/runner/.key/proof-settings.props are *not* read. 
840        WARN  main            d.u.i.k.p.r.p.ForkedTestFileRunner Run failed de.uka.ilkd.key.proof.io.ProblemLoaderException: null
	at de.uka.ilkd.key.control.AbstractUserInterfaceControl.load(AbstractUserInterfaceControl.java:225)
Caused by: java.lang.ExceptionInInitializerError: null
	at de.uka.ilkd.key.nparser.builder.DefaultBuilder.visitSortId(DefaultBuilder.java:327)
Caused by: java.lang.NullPointerException: null
	at de.uka.ilkd.key.java.JavaProgramElement.<init>(JavaProgramElement.java:60)

872        WARN  main            d.u.i.k.p.r.p.ForkedTestFileRunner Run failed de.uka.ilkd.key.proof.io.ProblemLoaderException: Could not initialize class de.uka.ilkd.key.java.abstraction.PrimitiveType
	at de.uka.ilkd.key.control.AbstractUserInterfaceControl.load(AbstractUserInterfaceControl.java:225)
Caused by: java.lang.NoClassDefFoundError: Could not initialize class de.uka.ilkd.key.java.abstraction.PrimitiveType
	at de.uka.ilkd.key.nparser.builder.DefaultBuilder.visitSortId(DefaultBuilder.java:327)

895        WARN  main            d.u.i.k.p.r.p.ForkedTestFileRunner Run failed de.uka.ilkd.key.proof.io.ProblemLoaderException: Could not initialize class de.uka.ilkd.key.java.abstraction.PrimitiveType
	at de.uka.ilkd.key.control.AbstractUserInterfaceControl.load(AbstractUserInterfaceControl.java:225)
Caused by: java.lang.NoClassDefFoundError: Could not initialize class de.uka.ilkd.key.java.abstraction.PrimitiveType
	at de.uka.ilkd.key.nparser.builder.DefaultBuilder.visitSortId(DefaultBuilder.java:327)

919        WARN  main            d.u.i.k.p.r.p.ForkedTestFileRunner Run failed de.uka.ilkd.key.proof.io.ProblemLoaderException: Could not initialize class de.uka.ilkd.key.java.abstraction.PrimitiveType
	at de.uka.ilkd.key.control.AbstractUserInterfaceControl.load(AbstractUserInterfaceControl.java:225)
Caused by: java.lang.NoClassDefFoundError: Could not initialize class de.uka.ilkd.key.java.abstraction.PrimitiveType
	at de.uka.ilkd.key.nparser.builder.DefaultBuilder.visitSortId(DefaultBuilder.java:327)

935        WARN  main            d.u.i.k.p.r.p.ForkedTestFileRunner Run failed de.uka.ilkd.key.proof.io.ProblemLoaderException: Could not initialize class de.uka.ilkd.key.java.abstraction.PrimitiveType
	at de.uka.ilkd.key.control.AbstractUserInterfaceControl.load(AbstractUserInterfaceControl.java:225)
Caused by: java.lang.NoClassDefFoundError: Could not initialize class de.uka.ilkd.key.java.abstraction.PrimitiveType
	at de.uka.ilkd.key.nparser.builder.DefaultBuilder.visitSortId(DefaultBuilder.java:327)

960        WARN  main            d.u.i.k.p.r.p.ForkedTestFileRunner Run failed de.uka.ilkd.key.proof.io.ProblemLoaderException: Could not initialize class de.uka.ilkd.key.java.abstraction.PrimitiveType
	at de.uka.ilkd.key.control.AbstractUserInterfaceControl.load(AbstractUserInterfaceControl.java:225)
Caused by: java.lang.NoClassDefFoundError: Could not initialize class de.uka.ilkd.key.java.abstraction.PrimitiveType
	at de.uka.ilkd.key.nparser.builder.DefaultBuilder.visitSortId(DefaultBuilder.java:327)

974        WARN  main            d.u.i.k.p.r.p.ForkedTestFileRunner Run failed de.uka.ilkd.key.proof.io.ProblemLoaderException: Could not initialize class de.uka.ilkd.key.java.abstraction.PrimitiveType
	at de.uka.ilkd.key.control.AbstractUserInterfaceControl.load(AbstractUserInterfaceControl.java:225)
Caused by: java.lang.NoClassDefFoundError: Could not initialize class de.uka.ilkd.key.java.abstraction.PrimitiveType
	at de.uka.ilkd.key.nparser.builder.DefaultBuilder.visitSortId(DefaultBuilder.java:327)

982        WARN  main            d.u.i.k.p.r.p.ForkedTestFileRunner Run failed de.uka.ilkd.key.proof.io.ProblemLoaderException: Could not initialize class de.uka.ilkd.key.java.abstraction.PrimitiveType
	at de.uka.ilkd.key.control.AbstractUserInterfaceControl.load(AbstractUserInterfaceControl.java:225)
Caused by: java.lang.NoClassDefFoundError: Could not initialize class de.uka.ilkd.key.java.abstraction.PrimitiveType
	at de.uka.ilkd.key.nparser.builder.DefaultBuilder.visitSortId(DefaultBuilder.java:327)

325        WARN  main            d.u.i.k.s.ProofSettings   The settings in /home/runner/.key/proof-settings.props are *not* read. 
763        WARN  main            d.u.i.k.p.r.p.ForkedTestFileRunner Run failed de.uka.ilkd.key.proof.io.ProblemLoaderException: null
	at de.uka.ilkd.key.control.AbstractUserInterfaceControl.load(AbstractUserInterfaceControl.java:225)
Caused by: java.lang.ExceptionInInitializerError: null
	at de.uka.ilkd.key.nparser.builder.DefaultBuilder.visitSortId(DefaultBuilder.java:327)
Caused by: java.lang.NullPointerException: null
	at de.uka.ilkd.key.java.JavaProgramElement.<init>(JavaProgramElement.java:60)

782        WARN  main            d.u.i.k.p.r.p.ForkedTestFileRunner Run failed de.uka.ilkd.key.proof.io.ProblemLoaderException: Could not initialize class de.uka.ilkd.key.java.abstraction.PrimitiveType
	at de.uka.ilkd.key.control.AbstractUserInterfaceControl.load(AbstractUserInterfaceControl.java:225)
Caused by: java.lang.NoClassDefFoundError: Could not initialize class de.uka.ilkd.key.java.abstraction.PrimitiveType
	at de.uka.ilkd.key.nparser.builder.DefaultBuilder.visitSortId(DefaultBuilder.java:327)

796        WARN  main            d.u.i.k.p.r.p.ForkedTestFileRunner Run failed de.uka.ilkd.key.proof.io.ProblemLoaderException: Could not initialize class de.uka.ilkd.key.java.abstraction.PrimitiveType
	at de.uka.ilkd.key.control.AbstractUserInterfaceControl.load(AbstractUserInterfaceControl.java:225)
Caused by: java.lang.NoClassDefFoundError: Could not initialize class de.uka.ilkd.key.java.abstraction.PrimitiveType
	at de.uka.ilkd.key.nparser.builder.DefaultBuilder.visitSortId(DefaultBuilder.java:327)

818        WARN  main            d.u.i.k.p.r.p.ForkedTestFileRunner Run failed de.uka.ilkd.key.proof.io.ProblemLoaderException: Could not initialize class de.uka.ilkd.key.java.abstraction.PrimitiveType
	at de.uka.ilkd.key.control.AbstractUserInterfaceControl.load(AbstractUserInterfaceControl.java:225)
Caused by: java.lang.NoClassDefFoundError: Could not initialize class de.uka.ilkd.key.java.abstraction.PrimitiveType
	at de.uka.ilkd.key.nparser.builder.DefaultBuilder.visitSortId(DefaultBuilder.java:327)

837        WARN  main            d.u.i.k.p.r.p.ForkedTestFileRunner Run failed de.uka.ilkd.key.proof.io.ProblemLoaderException: Could not initialize class de.uka.ilkd.key.java.abstraction.PrimitiveType
	at de.uka.ilkd.key.control.AbstractUserInterfaceControl.load(AbstractUserInterfaceControl.java:225)
Caused by: java.lang.NoClassDefFoundError: Could not initialize class de.uka.ilkd.key.java.abstraction.PrimitiveType
	at de.uka.ilkd.key.nparser.builder.DefaultBuilder.visitSortId(DefaultBuilder.java:327)

857        WARN  main            d.u.i.k.p.r.p.ForkedTestFileRunner Run failed de.uka.ilkd.key.proof.io.ProblemLoaderException: Could not initialize class de.uka.ilkd.key.java.abstraction.PrimitiveType
	at de.uka.ilkd.key.control.AbstractUserInterfaceControl.load(AbstractUserInterfaceControl.java:225)
Caused by: java.lang.NoClassDefFoundError: Could not initialize class de.uka.ilkd.key.java.abstraction.PrimitiveType
	at de.uka.ilkd.key.nparser.builder.DefaultBuilder.visitSortId(DefaultBuilder.java:327)

889        WARN  main            d.u.i.k.p.r.p.ForkedTestFileRunner Run failed de.uka.ilkd.key.proof.io.ProblemLoaderException: Could not initialize class de.uka.ilkd.key.java.abstraction.PrimitiveType
	at de.uka.ilkd.key.control.AbstractUserInterfaceControl.load(AbstractUserInterfaceControl.java:225)
Caused by: java.lang.NoClassDefFoundError: Could not initialize class de.uka.ilkd.key.java.abstraction.PrimitiveType
	at de.uka.ilkd.key.nparser.builder.DefaultBuilder.visitSortId(DefaultBuilder.java:327)

914        WARN  main            d.u.i.k.p.r.p.ForkedTestFileRunner Run failed de.uka.ilkd.key.proof.io.ProblemLoaderException: Could not initialize class de.uka.ilkd.key.java.abstraction.PrimitiveType
	at de.uka.ilkd.key.control.AbstractUserInterfaceControl.load(AbstractUserInterfaceControl.java:225)
Caused by: java.lang.NoClassDefFoundError: Could not initialize class de.uka.ilkd.key.java.abstraction.PrimitiveType
	at de.uka.ilkd.key.nparser.builder.DefaultBuilder.visitSortId(DefaultBuilder.java:327)

928        WARN  main            d.u.i.k.p.r.p.ForkedTestFileRunner Run failed de.uka.ilkd.key.proof.io.ProblemLoaderException: Could not initialize class de.uka.ilkd.key.java.abstraction.PrimitiveType
	at de.uka.ilkd.key.control.AbstractUserInterfaceControl.load(AbstractUserInterfaceControl.java:225)
Caused by: java.lang.NoClassDefFoundError: Could not initialize class de.uka.ilkd.key.java.abstraction.PrimitiveType
	at de.uka.ilkd.key.nparser.builder.DefaultBuilder.visitSortId(DefaultBuilder.java:327)

936        WARN  main            d.u.i.k.p.r.p.ForkedTestFileRunner Run failed de.uka.ilkd.key.proof.io.ProblemLoaderException: Could not initialize class de.uka.ilkd.key.java.abstraction.PrimitiveType
	at de.uka.ilkd.key.control.AbstractUserInterfaceControl.load(AbstractUserInterfaceControl.java:225)
Caused by: java.lang.NoClassDefFoundError: Could not initialize class de.uka.ilkd.key.java.abstraction.PrimitiveType
	at de.uka.ilkd.key.nparser.builder.DefaultBuilder.visitSortId(DefaultBuilder.java:327)

943        WARN  main            d.u.i.k.p.r.p.ForkedTestFileRunner Run failed de.uka.ilkd.key.proof.io.ProblemLoaderException: Could not initialize class de.uka.ilkd.key.java.abstraction.PrimitiveType
	at de.uka.ilkd.key.control.AbstractUserInterfaceControl.load(AbstractUserInterfaceControl.java:225)
Caused by: java.lang.NoClassDefFoundError: Could not initialize class de.uka.ilkd.key.java.abstraction.PrimitiveType
	at de.uka.ilkd.key.nparser.builder.DefaultBuilder.visitSortId(DefaultBuilder.java:327)

950        WARN  main            d.u.i.k.p.r.p.ForkedTestFileRunner Run failed de.uka.ilkd.key.proof.io.ProblemLoaderException: Could not initialize class de.uka.ilkd.key.java.abstraction.PrimitiveType
	at de.uka.ilkd.key.control.AbstractUserInterfaceControl.load(AbstractUserInterfaceControl.java:225)
Caused by: java.lang.NoClassDefFoundError: Could not initialize class de.uka.ilkd.key.java.abstraction.PrimitiveType
	at de.uka.ilkd.key.nparser.builder.DefaultBuilder.visitSortId(DefaultBuilder.java:327)

962        WARN  main            d.u.i.k.p.r.p.ForkedTestFileRunner Run failed de.uka.ilkd.key.proof.io.ProblemLoaderException: Could not initialize class de.uka.ilkd.key.java.abstraction.PrimitiveType
	at de.uka.ilkd.key.control.AbstractUserInterfaceControl.load(AbstractUserInterfaceControl.java:225)
Caused by: java.lang.NoClassDefFoundError: Could not initialize class de.uka.ilkd.key.java.abstraction.PrimitiveType
	at de.uka.ilkd.key.nparser.builder.DefaultBuilder.visitSortId(DefaultBuilder.java:327)

974        WARN  main            d.u.i.k.p.r.p.ForkedTestFileRunner Run failed de.uka.ilkd.key.proof.io.ProblemLoaderException: Could not initialize class de.uka.ilkd.key.java.abstraction.PrimitiveType
	at de.uka.ilkd.key.control.AbstractUserInterfaceControl.load(AbstractUserInterfaceControl.java:225)
Caused by: java.lang.NoClassDefFoundError: Could not initialize class de.uka.ilkd.key.java.abstraction.PrimitiveType
	at de.uka.ilkd.key.nparser.builder.DefaultBuilder.visitSortId(DefaultBuilder.java:327)

985        WARN  main            d.u.i.k.p.r.p.ForkedTestFileRunner Run failed de.uka.ilkd.key.proof.io.ProblemLoaderException: Could not initialize class de.uka.ilkd.key.java.abstraction.PrimitiveType
	at de.uka.ilkd.key.control.AbstractUserInterfaceControl.load(AbstractUserInterfaceControl.java:225)
Caused by: java.lang.NoClassDefFoundError: Could not initialize class de.uka.ilkd.key.java.abstraction.PrimitiveType
	at de.uka.ilkd.key.nparser.builder.DefaultBuilder.visitSortId(DefaultBuilder.java:327)

1001       WARN  main            d.u.i.k.p.r.p.ForkedTestFileRunner Run failed de.uka.ilkd.key.proof.io.ProblemLoaderException: Could not initialize class de.uka.ilkd.key.java.abstraction.PrimitiveType
	at de.uka.ilkd.key.control.AbstractUserInterfaceControl.load(AbstractUserInterfaceControl.java:225)
Caused by: java.lang.NoClassDefFoundError: Could not initialize class de.uka.ilkd.key.java.abstraction.PrimitiveType
	at de.uka.ilkd.key.nparser.builder.DefaultBuilder.visitSortId(DefaultBuilder.java:327)

1011       WARN  main            d.u.i.k.p.r.p.ForkedTestFileRunner Run failed de.uka.ilkd.key.proof.io.ProblemLoaderException: Could not initialize class de.uka.ilkd.key.java.abstraction.PrimitiveType
	at de.uka.ilkd.key.control.AbstractUserInterfaceControl.load(AbstractUserInterfaceControl.java:225)
Caused by: java.lang.NoClassDefFoundError: Could not initialize class de.uka.ilkd.key.java.abstraction.PrimitiveType
	at de.uka.ilkd.key.nparser.builder.DefaultBuilder.visitSortId(DefaultBuilder.java:327)

1020       WARN  main            d.u.i.k.p.r.p.ForkedTestFileRunner Run failed de.uka.ilkd.key.proof.io.ProblemLoaderException: Could not initialize class de.uka.ilkd.key.java.abstraction.PrimitiveType
	at de.uka.ilkd.key.control.AbstractUserInterfaceControl.load(AbstractUserInterfaceControl.java:225)
Caused by: java.lang.NoClassDefFoundError: Could not initialize class de.uka.ilkd.key.java.abstraction.PrimitiveType
	at de.uka.ilkd.key.nparser.builder.DefaultBuilder.visitSortId(DefaultBuilder.java:327)

1034       WARN  main            d.u.i.k.p.r.p.ForkedTestFileRunner Run failed de.uka.ilkd.key.proof.io.ProblemLoaderException: Could not initialize class de.uka.ilkd.key.java.abstraction.PrimitiveType
	at de.uka.ilkd.key.control.AbstractUserInterfaceControl.load(AbstractUserInterfaceControl.java:225)
Caused by: java.lang.NoClassDefFoundError: Could not initialize class de.uka.ilkd.key.java.abstraction.PrimitiveType
	at de.uka.ilkd.key.nparser.builder.DefaultBuilder.visitSortId(DefaultBuilder.java:327)

1070       WARN  main            d.u.i.k.p.r.p.ForkedTestFileRunner Run failed de.uka.ilkd.key.proof.io.ProblemLoaderException: Could not initialize class de.uka.ilkd.key.java.abstraction.PrimitiveType
	at de.uka.ilkd.key.control.AbstractUserInterfaceControl.load(AbstractUserInterfaceControl.java:225)
Caused by: java.lang.NoClassDefFoundError: Could not initialize class de.uka.ilkd.key.java.abstraction.PrimitiveType
	at de.uka.ilkd.key.nparser.builder.DefaultBuilder.visitSortId(DefaultBuilder.java:327)

1077       WARN  main            d.u.i.k.p.r.p.ForkedTestFileRunner Run failed de.uka.ilkd.key.proof.io.ProblemLoaderException: Could not initialize class de.uka.ilkd.key.java.abstraction.PrimitiveType
	at de.uka.ilkd.key.control.AbstractUserInterfaceControl.load(AbstractUserInterfaceControl.java:225)
Caused by: java.lang.NoClassDefFoundError: Could not initialize class de.uka.ilkd.key.java.abstraction.PrimitiveType
	at de.uka.ilkd.key.nparser.builder.DefaultBuilder.visitSortId(DefaultBuilder.java:327)

1083       WARN  main            d.u.i.k.p.r.p.ForkedTestFileRunner Run failed de.uka.ilkd.key.proof.io.ProblemLoaderException: Could not initialize class de.uka.ilkd.key.java.abstraction.PrimitiveType
	at de.uka.ilkd.key.control.AbstractUserInterfaceControl.load(AbstractUserInterfaceControl.java:225)
Caused by: java.lang.NoClassDefFoundError: Could not initialize class de.uka.ilkd.key.java.abstraction.PrimitiveType
	at de.uka.ilkd.key.nparser.builder.DefaultBuilder.visitSortId(DefaultBuilder.java:327)

1089       WARN  main            d.u.i.k.p.r.p.ForkedTestFileRunner Run failed de.uka.ilkd.key.proof.io.ProblemLoaderException: Could not initialize class de.uka.ilkd.key.java.abstraction.PrimitiveType
	at de.uka.ilkd.key.control.AbstractUserInterfaceControl.load(AbstractUserInterfaceControl.java:225)
Caused by: java.lang.NoClassDefFoundError: Could not initialize class de.uka.ilkd.key.java.abstraction.PrimitiveType
	at de.uka.ilkd.key.nparser.builder.DefaultBuilder.visitSortId(DefaultBuilder.java:327)

1096       WARN  main            d.u.i.k.p.r.p.ForkedTestFileRunner Run failed de.uka.ilkd.key.proof.io.ProblemLoaderException: Could not initialize class de.uka.ilkd.key.java.abstraction.PrimitiveType
	at de.uka.ilkd.key.control.AbstractUserInterfaceControl.load(AbstractUserInterfaceControl.java:225)
Caused by: java.lang.NoClassDefFoundError: Could not initialize class de.uka.ilkd.key.java.abstraction.PrimitiveType
	at de.uka.ilkd.key.nparser.builder.DefaultBuilder.visitSortId(DefaultBuilder.java:327)

1102       WARN  main            d.u.i.k.p.r.p.ForkedTestFileRunner Run failed de.uka.ilkd.key.proof.io.ProblemLoaderException: Could not initialize class de.uka.ilkd.key.java.abstraction.PrimitiveType
	at de.uka.ilkd.key.control.AbstractUserInterfaceControl.load(AbstractUserInterfaceControl.java:225)
Caused by: java.lang.NoClassDefFoundError: Could not initialize class de.uka.ilkd.key.java.abstraction.PrimitiveType
	at de.uka.ilkd.key.nparser.builder.DefaultBuilder.visitSortId(DefaultBuilder.java:327)

1108       WARN  main            d.u.i.k.p.r.p.ForkedTestFileRunner Run failed de.uka.ilkd.key.proof.io.ProblemLoaderException: Could not initialize class de.uka.ilkd.key.java.abstraction.PrimitiveType
	at de.uka.ilkd.key.control.AbstractUserInterfaceControl.load(AbstractUserInterfaceControl.java:225)
Caused by: java.lang.NoClassDefFoundError: Could not initialize class de.uka.ilkd.key.java.abstraction.PrimitiveType
	at de.uka.ilkd.key.nparser.builder.DefaultBuilder.visitSortId(DefaultBuilder.java:327)

1114       WARN  main            d.u.i.k.p.r.p.ForkedTestFileRunner Run failed de.uka.ilkd.key.proof.io.ProblemLoaderException: Could not initialize class de.uka.ilkd.key.java.abstraction.PrimitiveType
	at de.uka.ilkd.key.control.AbstractUserInterfaceControl.load(AbstractUserInterfaceControl.java:225)
Caused by: java.lang.NoClassDefFoundError: Could not initialize class de.uka.ilkd.key.java.abstraction.PrimitiveType
	at de.uka.ilkd.key.nparser.builder.DefaultBuilder.visitSortId(DefaultBuilder.java:327)

1121       WARN  main            d.u.i.k.p.r.p.ForkedTestFileRunner Run failed de.uka.ilkd.key.proof.io.ProblemLoaderException: Could not initialize class de.uka.ilkd.key.java.abstraction.PrimitiveType
	at de.uka.ilkd.key.control.AbstractUserInterfaceControl.load(AbstractUserInterfaceControl.java:225)
Caused by: java.lang.NoClassDefFoundError: Could not initialize class de.uka.ilkd.key.java.abstraction.PrimitiveType
	at de.uka.ilkd.key.nparser.builder.DefaultBuilder.visitSortId(DefaultBuilder.java:327)

1131       WARN  main            d.u.i.k.p.r.p.ForkedTestFileRunner Run failed de.uka.ilkd.key.proof.io.ProblemLoaderException: Could not initialize class de.uka.ilkd.key.java.abstraction.PrimitiveType
	at de.uka.ilkd.key.control.AbstractUserInterfaceControl.load(AbstractUserInterfaceControl.java:225)
Caused by: java.lang.NoClassDefFoundError: Could not initialize class de.uka.ilkd.key.java.abstraction.PrimitiveType
	at de.uka.ilkd.key.nparser.builder.DefaultBuilder.visitSortId(DefaultBuilder.java:327)

1139       WARN  main            d.u.i.k.p.r.p.ForkedTestFileRunner Run failed de.uka.ilkd.key.proof.io.ProblemLoaderException: Could not initialize class de.uka.ilkd.key.java.abstraction.PrimitiveType
	at de.uka.ilkd.key.control.AbstractUserInterfaceControl.load(AbstractUserInterfaceControl.java:225)
Caused by: java.lang.NoClassDefFoundError: Could not initialize class de.uka.ilkd.key.java.abstraction.PrimitiveType
	at de.uka.ilkd.key.nparser.builder.DefaultBuilder.visitSortId(DefaultBuilder.java:327)

1145       WARN  main            d.u.i.k.p.r.p.ForkedTestFileRunner Run failed de.uka.ilkd.key.proof.io.ProblemLoaderException: Could not initialize class de.uka.ilkd.key.java.abstraction.PrimitiveType
	at de.uka.ilkd.key.control.AbstractUserInterfaceControl.load(AbstractUserInterfaceControl.java:225)
Caused by: java.lang.NoClassDefFoundError: Could not initialize class de.uka.ilkd.key.java.abstraction.PrimitiveType
	at de.uka.ilkd.key.nparser.builder.DefaultBuilder.visitSortId(DefaultBuilder.java:327)

1151       WARN  main            d.u.i.k.p.r.p.ForkedTestFileRunner Run failed de.uka.ilkd.key.proof.io.ProblemLoaderException: Could not initialize class de.uka.ilkd.key.java.abstraction.PrimitiveType
	at de.uka.ilkd.key.control.AbstractUserInterfaceControl.load(AbstractUserInterfaceControl.java:225)
Caused by: java.lang.NoClassDefFoundError: Could not initialize class de.uka.ilkd.key.java.abstraction.PrimitiveType
	at de.uka.ilkd.key.nparser.builder.DefaultBuilder.visitSortId(DefaultBuilder.java:327)

1159       WARN  main            d.u.i.k.p.r.p.ForkedTestFileRunner Run failed de.uka.ilkd.key.proof.io.ProblemLoaderException: Could not initialize class de.uka.ilkd.key.java.abstraction.PrimitiveType
	at de.uka.ilkd.key.control.AbstractUserInterfaceControl.load(AbstractUserInterfaceControl.java:225)
Caused by: java.lang.NoClassDefFoundError: Could not initialize class de.uka.ilkd.key.java.abstraction.PrimitiveType
	at de.uka.ilkd.key.nparser.builder.DefaultBuilder.visitSortId(DefaultBuilder.java:327)

1164       WARN  main            d.u.i.k.p.r.p.ForkedTestFileRunner Run failed de.uka.ilkd.key.proof.io.ProblemLoaderException: Could not initialize class de.uka.ilkd.key.java.abstraction.PrimitiveType
	at de.uka.ilkd.key.control.AbstractUserInterfaceControl.load(AbstractUserInterfaceControl.java:225)
Caused by: java.lang.NoClassDefFoundError: Could not initialize class de.uka.ilkd.key.java.abstraction.PrimitiveType
	at de.uka.ilkd.key.nparser.builder.DefaultBuilder.visitSortId(DefaultBuilder.java:327)

1170       WARN  main            d.u.i.k.p.r.p.ForkedTestFileRunner Run failed de.uka.ilkd.key.proof.io.ProblemLoaderException: Could not initialize class de.uka.ilkd.key.java.abstraction.PrimitiveType
	at de.uka.ilkd.key.control.AbstractUserInterfaceControl.load(AbstractUserInterfaceControl.java:225)
Caused by: java.lang.NoClassDefFoundError: Could not initialize class de.uka.ilkd.key.java.abstraction.PrimitiveType
	at de.uka.ilkd.key.nparser.builder.DefaultBuilder.visitSortId(DefaultBuilder.java:327)

1177       WARN  main            d.u.i.k.p.r.p.ForkedTestFileRunner Run failed de.uka.ilkd.key.proof.io.ProblemLoaderException: Could not initialize class de.uka.ilkd.key.java.abstraction.PrimitiveType
	at de.uka.ilkd.key.control.AbstractUserInterfaceControl.load(AbstractUserInterfaceControl.java:225)
Caused by: java.lang.NoClassDefFoundError: Could not initialize class de.uka.ilkd.key.java.abstraction.PrimitiveType
	at de.uka.ilkd.key.nparser.builder.DefaultBuilder.visitSortId(DefaultBuilder.java:327)

1182       WARN  main            d.u.i.k.p.r.p.ForkedTestFileRunner Run failed de.uka.ilkd.key.proof.io.ProblemLoaderException: Could not initialize class de.uka.ilkd.key.java.abstraction.PrimitiveType
	at de.uka.ilkd.key.control.AbstractUserInterfaceControl.load(AbstractUserInterfaceControl.java:225)
Caused by: java.lang.NoClassDefFoundError: Could not initialize class de.uka.ilkd.key.java.abstraction.PrimitiveType
	at de.uka.ilkd.key.nparser.builder.DefaultBuilder.visitSortId(DefaultBuilder.java:327)

1188       WARN  main            d.u.i.k.p.r.p.ForkedTestFileRunner Run failed de.uka.ilkd.key.proof.io.ProblemLoaderException: Could not initialize class de.uka.ilkd.key.java.abstraction.PrimitiveType
	at de.uka.ilkd.key.control.AbstractUserInterfaceControl.load(AbstractUserInterfaceControl.java:225)
Caused by: java.lang.NoClassDefFoundError: Could not initialize class de.uka.ilkd.key.java.abstraction.PrimitiveType
	at de.uka.ilkd.key.nparser.builder.DefaultBuilder.visitSortId(DefaultBuilder.java:327)

1193       WARN  main            d.u.i.k.p.r.p.ForkedTestFileRunner Run failed de.uka.ilkd.key.proof.io.ProblemLoaderException: Could not initialize class de.uka.ilkd.key.java.abstraction.PrimitiveType
	at de.uka.ilkd.key.control.AbstractUserInterfaceControl.load(AbstractUserInterfaceControl.java:225)
Caused by: java.lang.NoClassDefFoundError: Could not initialize class de.uka.ilkd.key.java.abstraction.PrimitiveType
	at de.uka.ilkd.key.nparser.builder.DefaultBuilder.visitSortId(DefaultBuilder.java:327)

1198       WARN  main            d.u.i.k.p.r.p.ForkedTestFileRunner Run failed de.uka.ilkd.key.proof.io.ProblemLoaderException: Could not initialize class de.uka.ilkd.key.java.abstraction.PrimitiveType
	at de.uka.ilkd.key.control.AbstractUserInterfaceControl.load(AbstractUserInterfaceControl.java:225)
Caused by: java.lang.NoClassDefFoundError: Could not initialize class de.uka.ilkd.key.java.abstraction.PrimitiveType
	at de.uka.ilkd.key.nparser.builder.DefaultBuilder.visitSortId(DefaultBuilder.java:327)

1204       WARN  main            d.u.i.k.p.r.p.ForkedTestFileRunner Run failed de.uka.ilkd.key.proof.io.ProblemLoaderException: Could not initialize class de.uka.ilkd.key.java.abstraction.PrimitiveType
	at de.uka.ilkd.key.control.AbstractUserInterfaceControl.load(AbstractUserInterfaceControl.java:225)
Caused by: java.lang.NoClassDefFoundError: Could not initialize class de.uka.ilkd.key.java.abstraction.PrimitiveType
	at de.uka.ilkd.key.nparser.builder.DefaultBuilder.visitSortId(DefaultBuilder.java:327)

1209       WARN  main            d.u.i.k.p.r.p.ForkedTestFileRunner Run failed de.uka.ilkd.key.proof.io.ProblemLoaderException: Could not initialize class de.uka.ilkd.key.java.abstraction.PrimitiveType
	at de.uka.ilkd.key.control.AbstractUserInterfaceControl.load(AbstractUserInterfaceControl.java:225)
Caused by: java.lang.NoClassDefFoundError: Could not initialize class de.uka.ilkd.key.java.abstraction.PrimitiveType
	at de.uka.ilkd.key.nparser.builder.DefaultBuilder.visitSortId(DefaultBuilder.java:327)

1224       WARN  main            d.u.i.k.p.r.p.ForkedTestFileRunner Run failed de.uka.ilkd.key.proof.io.ProblemLoaderException: Could not initialize class de.uka.ilkd.key.java.abstraction.PrimitiveType
	at de.uka.ilkd.key.control.AbstractUserInterfaceControl.load(AbstractUserInterfaceControl.java:225)
Caused by: java.lang.NoClassDefFoundError: Could not initialize class de.uka.ilkd.key.java.abstraction.PrimitiveType
	at de.uka.ilkd.key.nparser.builder.DefaultBuilder.visitSortId(DefaultBuilder.java:327)

1229       WARN  main            d.u.i.k.p.r.p.ForkedTestFileRunner Run failed de.uka.ilkd.key.proof.io.ProblemLoaderException: Could not initialize class de.uka.ilkd.key.java.abstraction.PrimitiveType
	at de.uka.ilkd.key.control.AbstractUserInterfaceControl.load(AbstractUserInterfaceControl.java:225)
Caused by: java.lang.NoClassDefFoundError: Could not initialize class de.uka.ilkd.key.java.abstraction.PrimitiveType
	at de.uka.ilkd.key.nparser.builder.DefaultBuilder.visitSortId(DefaultBuilder.java:327)

1234       WARN  main            d.u.i.k.p.r.p.ForkedTestFileRunner Run failed de.uka.ilkd.key.proof.io.ProblemLoaderException: Could not initialize class de.uka.ilkd.key.java.abstraction.PrimitiveType
	at de.uka.ilkd.key.control.AbstractUserInterfaceControl.load(AbstractUserInterfaceControl.java:225)
Caused by: java.lang.NoClassDefFoundError: Could not initialize class de.uka.ilkd.key.java.abstraction.PrimitiveType
	at de.uka.ilkd.key.nparser.builder.DefaultBuilder.visitSortId(DefaultBuilder.java:327)

1240       WARN  main            d.u.i.k.p.r.p.ForkedTestFileRunner Run failed de.uka.ilkd.key.proof.io.ProblemLoaderException: Could not initialize class de.uka.ilkd.key.java.abstraction.PrimitiveType
	at de.uka.ilkd.key.control.AbstractUserInterfaceControl.load(AbstractUserInterfaceControl.java:225)
Caused by: java.lang.NoClassDefFoundError: Could not initialize class de.uka.ilkd.key.java.abstraction.PrimitiveType
	at de.uka.ilkd.key.nparser.builder.DefaultBuilder.visitSortId(DefaultBuilder.java:327)

1245       WARN  main            d.u.i.k.p.r.p.ForkedTestFileRunner Run failed de.uka.ilkd.key.proof.io.ProblemLoaderException: Could not initialize class de.uka.ilkd.key.java.abstraction.PrimitiveType
	at de.uka.ilkd.key.control.AbstractUserInterfaceControl.load(AbstractUserInterfaceControl.java:225)
Caused by: java.lang.NoClassDefFoundError: Could not initialize class de.uka.ilkd.key.java.abstraction.PrimitiveType
	at de.uka.ilkd.key.nparser.builder.DefaultBuilder.visitSortId(DefaultBuilder.java:327)

1254       WARN  main            d.u.i.k.p.r.p.ForkedTestFileRunner Run failed de.uka.ilkd.key.proof.io.ProblemLoaderException: Could not initialize class de.uka.ilkd.key.java.abstraction.PrimitiveType
	at de.uka.ilkd.key.control.AbstractUserInterfaceControl.load(AbstractUserInterfaceControl.java:225)
Caused by: java.lang.NoClassDefFoundError: Could not initialize class de.uka.ilkd.key.java.abstraction.PrimitiveType
	at de.uka.ilkd.key.nparser.builder.DefaultBuilder.visitSortId(DefaultBuilder.java:327)

1259       WARN  main            d.u.i.k.p.r.p.ForkedTestFileRunner Run failed de.uka.ilkd.key.proof.io.ProblemLoaderException: Could not initialize class de.uka.ilkd.key.java.abstraction.PrimitiveType
	at de.uka.ilkd.key.control.AbstractUserInterfaceControl.load(AbstractUserInterfaceControl.java:225)
Caused by: java.lang.NoClassDefFoundError: Could not initialize class de.uka.ilkd.key.java.abstraction.PrimitiveType
	at de.uka.ilkd.key.nparser.builder.DefaultBuilder.visitSortId(DefaultBuilder.java:327)

1265       WARN  main            d.u.i.k.p.r.p.ForkedTestFileRunner Run failed de.uka.ilkd.key.proof.io.ProblemLoaderException: Could not initialize class de.uka.ilkd.key.java.abstraction.PrimitiveType
	at de.uka.ilkd.key.control.AbstractUserInterfaceControl.load(AbstractUserInterfaceControl.java:225)
Caused by: java.lang.NoClassDefFoundError: Could not initialize class de.uka.ilkd.key.java.abstraction.PrimitiveType
	at de.uka.ilkd.key.nparser.builder.DefaultBuilder.visitSortId(DefaultBuilder.java:327)

1272       WARN  main            d.u.i.k.p.r.p.ForkedTestFileRunner Run failed de.uka.ilkd.key.proof.io.ProblemLoaderException: Could not initialize class de.uka.ilkd.key.java.abstraction.PrimitiveType
	at de.uka.ilkd.key.control.AbstractUserInterfaceControl.load(AbstractUserInterfaceControl.java:225)
Caused by: java.lang.NoClassDefFoundError: Could not initialize class de.uka.ilkd.key.java.abstraction.PrimitiveType
	at de.uka.ilkd.key.nparser.builder.DefaultBuilder.visitSortId(DefaultBuilder.java:327)

1280       WARN  main            d.u.i.k.p.r.p.ForkedTestFileRunner Run failed de.uka.ilkd.key.proof.io.ProblemLoaderException: Could not initialize class de.uka.ilkd.key.java.abstraction.PrimitiveType
	at de.uka.ilkd.key.control.AbstractUserInterfaceControl.load(AbstractUserInterfaceControl.java:225)
Caused by: java.lang.NoClassDefFoundError: Could not initialize class de.uka.ilkd.key.java.abstraction.PrimitiveType
	at de.uka.ilkd.key.nparser.builder.DefaultBuilder.visitSortId(DefaultBuilder.java:327)

1288       WARN  main            d.u.i.k.p.r.p.ForkedTestFileRunner Run failed de.uka.ilkd.key.proof.io.ProblemLoaderException: Could not initialize class de.uka.ilkd.key.java.abstraction.PrimitiveType
	at de.uka.ilkd.key.control.AbstractUserInterfaceControl.load(AbstractUserInterfaceControl.java:225)
Caused by: java.lang.NoClassDefFoundError: Could not initialize class de.uka.ilkd.key.java.abstraction.PrimitiveType
	at de.uka.ilkd.key.nparser.builder.DefaultBuilder.visitSortId(DefaultBuilder.java:327)

1294       WARN  main            d.u.i.k.p.r.p.ForkedTestFileRunner Run failed de.uka.ilkd.key.proof.io.ProblemLoaderException: Could not initialize class de.uka.ilkd.key.java.abstraction.PrimitiveType
	at de.uka.ilkd.key.control.AbstractUserInterfaceControl.load(AbstractUserInterfaceControl.java:225)
Caused by: java.lang.NoClassDefFoundError: Could not initialize class de.uka.ilkd.key.java.abstraction.PrimitiveType
	at de.uka.ilkd.key.nparser.builder.DefaultBuilder.visitSortId(DefaultBuilder.java:327)

1307       WARN  main            d.u.i.k.p.r.p.ForkedTestFileRunner Run failed de.uka.ilkd.key.proof.io.ProblemLoaderException: Could not initialize class de.uka.ilkd.key.java.abstraction.PrimitiveType
	at de.uka.ilkd.key.control.AbstractUserInterfaceControl.load(AbstractUserInterfaceControl.java:225)
Caused by: java.lang.NoClassDefFoundError: Could not initialize class de.uka.ilkd.key.java.abstraction.PrimitiveType
	at de.uka.ilkd.key.nparser.builder.DefaultBuilder.visitSortId(DefaultBuilder.java:327)

1321       WARN  main            d.u.i.k.p.r.p.ForkedTestFileRunner Run failed de.uka.ilkd.key.proof.io.ProblemLoaderException: Could not initialize class de.uka.ilkd.key.java.abstraction.PrimitiveType
	at de.uka.ilkd.key.control.AbstractUserInterfaceControl.load(AbstractUserInterfaceControl.java:225)
Caused by: java.lang.NoClassDefFoundError: Could not initialize class de.uka.ilkd.key.java.abstraction.PrimitiveType
	at de.uka.ilkd.key.nparser.builder.DefaultBuilder.visitSortId(DefaultBuilder.java:327)

1327       WARN  main            d.u.i.k.p.r.p.ForkedTestFileRunner Run failed de.uka.ilkd.key.proof.io.ProblemLoaderException: Could not initialize class de.uka.ilkd.key.java.abstraction.PrimitiveType
	at de.uka.ilkd.key.control.AbstractUserInterfaceControl.load(AbstractUserInterfaceControl.java:225)
Caused by: java.lang.NoClassDefFoundError: Could not initialize class de.uka.ilkd.key.java.abstraction.PrimitiveType
	at de.uka.ilkd.key.nparser.builder.DefaultBuilder.visitSortId(DefaultBuilder.java:327)

1333       WARN  main            d.u.i.k.p.r.p.ForkedTestFileRunner Run failed de.uka.ilkd.key.proof.io.ProblemLoaderException: Could not initialize class de.uka.ilkd.key.java.abstraction.PrimitiveType
	at de.uka.ilkd.key.control.AbstractUserInterfaceControl.load(AbstractUserInterfaceControl.java:225)
Caused by: java.lang.NoClassDefFoundError: Could not initialize class de.uka.ilkd.key.java.abstraction.PrimitiveType
	at de.uka.ilkd.key.nparser.builder.DefaultBuilder.visitSortId(DefaultBuilder.java:327)

1340       WARN  main            d.u.i.k.p.r.p.ForkedTestFileRunner Run failed de.uka.ilkd.key.proof.io.ProblemLoaderException: Could not initialize class de.uka.ilkd.key.java.abstraction.PrimitiveType
	at de.uka.ilkd.key.control.AbstractUserInterfaceControl.load(AbstractUserInterfaceControl.java:225)
Caused by: java.lang.NoClassDefFoundError: Could not initialize class de.uka.ilkd.key.java.abstraction.PrimitiveType
	at de.uka.ilkd.key.nparser.builder.DefaultBuilder.visitSortId(DefaultBuilder.java:327)

1346       WARN  main            d.u.i.k.p.r.p.ForkedTestFileRunner Run failed de.uka.ilkd.key.proof.io.ProblemLoaderException: Could not initialize class de.uka.ilkd.key.java.abstraction.PrimitiveType
	at de.uka.ilkd.key.control.AbstractUserInterfaceControl.load(AbstractUserInterfaceControl.java:225)
Caused by: java.lang.NoClassDefFoundError: Could not initialize class de.uka.ilkd.key.java.abstraction.PrimitiveType
	at de.uka.ilkd.key.nparser.builder.DefaultBuilder.visitSortId(DefaultBuilder.java:327)

1362       WARN  main            d.u.i.k.p.r.p.ForkedTestFileRunner Run failed de.uka.ilkd.key.proof.io.ProblemLoaderException: Could not initialize class de.uka.ilkd.key.java.abstraction.PrimitiveType
	at de.uka.ilkd.key.control.AbstractUserInterfaceControl.load(AbstractUserInterfaceControl.java:225)
Caused by: java.lang.NoClassDefFoundError: Could not initialize class de.uka.ilkd.key.java.abstraction.PrimitiveType
	at de.uka.ilkd.key.nparser.builder.DefaultBuilder.visitSortId(DefaultBuilder.java:327)

1369       WARN  main            d.u.i.k.p.r.p.ForkedTestFileRunner Run failed de.uka.ilkd.key.proof.io.ProblemLoaderException: Could not initialize class de.uka.ilkd.key.java.abstraction.PrimitiveType
	at de.uka.ilkd.key.control.AbstractUserInterfaceControl.load(AbstractUserInterfaceControl.java:225)
Caused by: java.lang.NoClassDefFoundError: Could not initialize class de.uka.ilkd.key.java.abstraction.PrimitiveType
	at de.uka.ilkd.key.nparser.builder.DefaultBuilder.visitSortId(DefaultBuilder.java:327)

1382       WARN  main            d.u.i.k.p.r.p.ForkedTestFileRunner Run failed de.uka.ilkd.key.proof.io.ProblemLoaderException: Could not initialize class de.uka.ilkd.key.java.abstraction.PrimitiveType
	at de.uka.ilkd.key.control.AbstractUserInterfaceControl.load(AbstractUserInterfaceControl.java:225)
Caused by: java.lang.NoClassDefFoundError: Could not initialize class de.uka.ilkd.key.java.abstraction.PrimitiveType
	at de.uka.ilkd.key.nparser.builder.DefaultBuilder.visitSortId(DefaultBuilder.java:327)

1397       WARN  main            d.u.i.k.p.r.p.ForkedTestFileRunner Run failed de.uka.ilkd.key.proof.io.ProblemLoaderException: Could not initialize class de.uka.ilkd.key.java.abstraction.PrimitiveType
	at de.uka.ilkd.key.control.AbstractUserInterfaceControl.load(AbstractUserInterfaceControl.java:225)
Caused by: java.lang.NoClassDefFoundError: Could not initialize class de.uka.ilkd.key.java.abstraction.PrimitiveType
	at de.uka.ilkd.key.nparser.builder.DefaultBuilder.visitSortId(DefaultBuilder.java:327)

1407       WARN  main            d.u.i.k.p.r.p.ForkedTestFileRunner Run failed de.uka.ilkd.key.proof.io.ProblemLoaderException: Could not initialize class de.uka.ilkd.key.java.abstraction.PrimitiveType
	at de.uka.ilkd.key.control.AbstractUserInterfaceControl.load(AbstractUserInterfaceControl.java:225)
Caused by: java.lang.NoClassDefFoundError: Could not initialize class de.uka.ilkd.key.java.abstraction.PrimitiveType
	at de.uka.ilkd.key.nparser.builder.DefaultBuilder.visitSortId(DefaultBuilder.java:327)

1415       WARN  main            d.u.i.k.p.r.p.ForkedTestFileRunner Run failed de.uka.ilkd.key.proof.io.ProblemLoaderException: Could not initialize class de.uka.ilkd.key.java.abstraction.PrimitiveType
	at de.uka.ilkd.key.control.AbstractUserInterfaceControl.load(AbstractUserInterfaceControl.java:225)
Caused by: java.lang.NoClassDefFoundError: Could not initialize class de.uka.ilkd.key.java.abstraction.PrimitiveType
	at de.uka.ilkd.key.nparser.builder.DefaultBuilder.visitSortId(DefaultBuilder.java:327)

1423       WARN  main            d.u.i.k.p.r.p.ForkedTestFileRunner Run failed de.uka.ilkd.key.proof.io.ProblemLoaderException: Could not initialize class de.uka.ilkd.key.java.abstraction.PrimitiveType
	at de.uka.ilkd.key.control.AbstractUserInterfaceControl.load(AbstractUserInterfaceControl.java:225)
Caused by: java.lang.NoClassDefFoundError: Could not initialize class de.uka.ilkd.key.java.abstraction.PrimitiveType
	at de.uka.ilkd.key.nparser.builder.DefaultBuilder.visitSortId(DefaultBuilder.java:327)

1431       WARN  main            d.u.i.k.p.r.p.ForkedTestFileRunner Run failed de.uka.ilkd.key.proof.io.ProblemLoaderException: Could not initialize class de.uka.ilkd.key.java.abstraction.PrimitiveType
	at de.uka.ilkd.key.control.AbstractUserInterfaceControl.load(AbstractUserInterfaceControl.java:225)
Caused by: java.lang.NoClassDefFoundError: Could not initialize class de.uka.ilkd.key.java.abstraction.PrimitiveType
	at de.uka.ilkd.key.nparser.builder.DefaultBuilder.visitSortId(DefaultBuilder.java:327)

1440       WARN  main            d.u.i.k.p.r.p.ForkedTestFileRunner Run failed de.uka.ilkd.key.proof.io.ProblemLoaderException: Could not initialize class de.uka.ilkd.key.java.abstraction.PrimitiveType
	at de.uka.ilkd.key.control.AbstractUserInterfaceControl.load(AbstractUserInterfaceControl.java:225)
Caused by: java.lang.NoClassDefFoundError: Could not initialize class de.uka.ilkd.key.java.abstraction.PrimitiveType
	at de.uka.ilkd.key.nparser.builder.DefaultBuilder.visitSortId(DefaultBuilder.java:327)

1445       WARN  main            d.u.i.k.p.r.p.ForkedTestFileRunner Run failed de.uka.ilkd.key.proof.io.ProblemLoaderException: Could not initialize class de.uka.ilkd.key.java.abstraction.PrimitiveType
	at de.uka.ilkd.key.control.AbstractUserInterfaceControl.load(AbstractUserInterfaceControl.java:225)
Caused by: java.lang.NoClassDefFoundError: Could not initialize class de.uka.ilkd.key.java.abstraction.PrimitiveType
	at de.uka.ilkd.key.nparser.builder.DefaultBuilder.visitSortId(DefaultBuilder.java:327)

1449       WARN  main            d.u.i.k.p.r.p.ForkedTestFileRunner Run failed de.uka.ilkd.key.proof.io.ProblemLoaderException: Could not initialize class de.uka.ilkd.key.java.abstraction.PrimitiveType
	at de.uka.ilkd.key.control.AbstractUserInterfaceControl.load(AbstractUserInterfaceControl.java:225)
Caused by: java.lang.NoClassDefFoundError: Could not initialize class de.uka.ilkd.key.java.abstraction.PrimitiveType
	at de.uka.ilkd.key.nparser.builder.DefaultBuilder.visitSortId(DefaultBuilder.java:327)

1455       WARN  main            d.u.i.k.p.r.p.ForkedTestFileRunner Run failed de.uka.ilkd.key.proof.io.ProblemLoaderException: Could not initialize class de.uka.ilkd.key.java.abstraction.PrimitiveType
	at de.uka.ilkd.key.control.AbstractUserInterfaceControl.load(AbstractUserInterfaceControl.java:225)
Caused by: java.lang.NoClassDefFoundError: Could not initialize class de.uka.ilkd.key.java.abstraction.PrimitiveType
	at de.uka.ilkd.key.nparser.builder.DefaultBuilder.visitSortId(DefaultBuilder.java:327)

1460       WARN  main            d.u.i.k.p.r.p.ForkedTestFileRunner Run failed de.uka.ilkd.key.proof.io.ProblemLoaderException: Could not initialize class de.uka.ilkd.key.java.abstraction.PrimitiveType
	at de.uka.ilkd.key.control.AbstractUserInterfaceControl.load(AbstractUserInterfaceControl.java:225)
Caused by: java.lang.NoClassDefFoundError: Could not initialize class de.uka.ilkd.key.java.abstraction.PrimitiveType
	at de.uka.ilkd.key.nparser.builder.DefaultBuilder.visitSortId(DefaultBuilder.java:327)

388        WARN  main            d.u.i.k.s.ProofSettings   The settings in /home/runner/.key/proof-settings.props are *not* read. 
783        WARN  main            d.u.i.k.p.r.p.ForkedTestFileRunner Run failed de.uka.ilkd.key.proof.io.ProblemLoaderException: null
	at de.uka.ilkd.key.control.AbstractUserInterfaceControl.load(AbstractUserInterfaceControl.java:225)
Caused by: java.lang.ExceptionInInitializerError: null
	at de.uka.ilkd.key.nparser.builder.DefaultBuilder.visitSortId(DefaultBuilder.java:327)
Caused by: java.lang.NullPointerException: null
	at de.uka.ilkd.key.java.JavaProgramElement.<init>(JavaProgramElement.java:60)

801        WARN  main            d.u.i.k.p.r.p.ForkedTestFileRunner Run failed de.uka.ilkd.key.proof.io.ProblemLoaderException: Could not initialize class de.uka.ilkd.key.java.abstraction.PrimitiveType
	at de.uka.ilkd.key.control.AbstractUserInterfaceControl.load(AbstractUserInterfaceControl.java:225)
Caused by: java.lang.NoClassDefFoundError: Could not initialize class de.uka.ilkd.key.java.abstraction.PrimitiveType
	at de.uka.ilkd.key.nparser.builder.DefaultBuilder.visitSortId(DefaultBuilder.java:327)

814        WARN  main            d.u.i.k.p.r.p.ForkedTestFileRunner Run failed de.uka.ilkd.key.proof.io.ProblemLoaderException: Could not initialize class de.uka.ilkd.key.java.abstraction.PrimitiveType
	at de.uka.ilkd.key.control.AbstractUserInterfaceControl.load(AbstractUserInterfaceControl.java:225)
Caused by: java.lang.NoClassDefFoundError: Could not initialize class de.uka.ilkd.key.java.abstraction.PrimitiveType
	at de.uka.ilkd.key.nparser.builder.DefaultBuilder.visitSortId(DefaultBuilder.java:327)

827        WARN  main            d.u.i.k.p.r.p.ForkedTestFileRunner Run failed de.uka.ilkd.key.proof.io.ProblemLoaderException: Could not initialize class de.uka.ilkd.key.java.abstraction.PrimitiveType
	at de.uka.ilkd.key.control.AbstractUserInterfaceControl.load(AbstractUserInterfaceControl.java:225)
Caused by: java.lang.NoClassDefFoundError: Could not initialize class de.uka.ilkd.key.java.abstraction.PrimitiveType
	at de.uka.ilkd.key.nparser.builder.DefaultBuilder.visitSortId(DefaultBuilder.java:327)

841        WARN  main            d.u.i.k.p.r.p.ForkedTestFileRunner Run failed de.uka.ilkd.key.proof.io.ProblemLoaderException: Could not initialize class de.uka.ilkd.key.java.abstraction.PrimitiveType
	at de.uka.ilkd.key.control.AbstractUserInterfaceControl.load(AbstractUserInterfaceControl.java:225)
Caused by: java.lang.NoClassDefFoundError: Could not initialize class de.uka.ilkd.key.java.abstraction.PrimitiveType
	at de.uka.ilkd.key.nparser.builder.DefaultBuilder.visitSortId(DefaultBuilder.java:327)

851        WARN  main            d.u.i.k.p.r.p.ForkedTestFileRunner Run failed de.uka.ilkd.key.proof.io.ProblemLoaderException: Could not initialize class de.uka.ilkd.key.java.abstraction.PrimitiveType
	at de.uka.ilkd.key.control.AbstractUserInterfaceControl.load(AbstractUserInterfaceControl.java:225)
Caused by: java.lang.NoClassDefFoundError: Could not initialize class de.uka.ilkd.key.java.abstraction.PrimitiveType
	at de.uka.ilkd.key.nparser.builder.DefaultBuilder.visitSortId(DefaultBuilder.java:327)

861        WARN  main            d.u.i.k.p.r.p.ForkedTestFileRunner Run failed de.uka.ilkd.key.proof.io.ProblemLoaderException: Could not initialize class de.uka.ilkd.key.java.abstraction.PrimitiveType
	at de.uka.ilkd.key.control.AbstractUserInterfaceControl.load(AbstractUserInterfaceControl.java:225)
Caused by: java.lang.NoClassDefFoundError: Could not initialize class de.uka.ilkd.key.java.abstraction.PrimitiveType
	at de.uka.ilkd.key.nparser.builder.DefaultBuilder.visitSortId(DefaultBuilder.java:327)

870        WARN  main            d.u.i.k.p.r.p.ForkedTestFileRunner Run failed de.uka.ilkd.key.proof.io.ProblemLoaderException: Could not initialize class de.uka.ilkd.key.java.abstraction.PrimitiveType
	at de.uka.ilkd.key.control.AbstractUserInterfaceControl.load(AbstractUserInterfaceControl.java:225)
Caused by: java.lang.NoClassDefFoundError: Could not initialize class de.uka.ilkd.key.java.abstraction.PrimitiveType
	at de.uka.ilkd.key.nparser.builder.DefaultBuilder.visitSortId(DefaultBuilder.java:327)

887        WARN  main            d.u.i.k.p.r.p.ForkedTestFileRunner Run failed de.uka.ilkd.key.proof.io.ProblemLoaderException: Could not initialize class de.uka.ilkd.key.java.abstraction.PrimitiveType
	at de.uka.ilkd.key.control.AbstractUserInterfaceControl.load(AbstractUserInterfaceControl.java:225)
Caused by: java.lang.NoClassDefFoundError: Could not initialize class de.uka.ilkd.key.java.abstraction.PrimitiveType
	at de.uka.ilkd.key.nparser.builder.DefaultBuilder.visitSortId(DefaultBuilder.java:327)

902        WARN  main            d.u.i.k.p.r.p.ForkedTestFileRunner Run failed de.uka.ilkd.key.proof.io.ProblemLoaderException: Could not initialize class de.uka.ilkd.key.java.abstraction.PrimitiveType
	at de.uka.ilkd.key.control.AbstractUserInterfaceControl.load(AbstractUserInterfaceControl.java:225)
Caused by: java.lang.NoClassDefFoundError: Could not initialize class de.uka.ilkd.key.java.abstraction.PrimitiveType
	at de.uka.ilkd.key.nparser.builder.DefaultBuilder.visitSortId(DefaultBuilder.java:327)

921        WARN  main            d.u.i.k.p.r.p.ForkedTestFileRunner Run failed de.uka.ilkd.key.proof.io.ProblemLoaderException: Could not initialize class de.uka.ilkd.key.java.abstraction.PrimitiveType
	at de.uka.ilkd.key.control.AbstractUserInterfaceControl.load(AbstractUserInterfaceControl.java:225)
Caused by: java.lang.NoClassDefFoundError: Could not initialize class de.uka.ilkd.key.java.abstraction.PrimitiveType
	at de.uka.ilkd.key.nparser.builder.DefaultBuilder.visitSortId(DefaultBuilder.java:327)

958        WARN  main            d.u.i.k.p.r.p.ForkedTestFileRunner Run failed de.uka.ilkd.key.proof.io.ProblemLoaderException: Could not initialize class de.uka.ilkd.key.java.abstraction.PrimitiveType
	at de.uka.ilkd.key.control.AbstractUserInterfaceControl.load(AbstractUserInterfaceControl.java:225)
Caused by: java.lang.NoClassDefFoundError: Could not initialize class de.uka.ilkd.key.java.abstraction.PrimitiveType
	at de.uka.ilkd.key.nparser.builder.DefaultBuilder.visitSortId(DefaultBuilder.java:327)

983        WARN  main            d.u.i.k.p.r.p.ForkedTestFileRunner Run failed de.uka.ilkd.key.proof.io.ProblemLoaderException: Could not initialize class de.uka.ilkd.key.java.abstraction.PrimitiveType
	at de.uka.ilkd.key.control.AbstractUserInterfaceControl.load(AbstractUserInterfaceControl.java:225)
Caused by: java.lang.NoClassDefFoundError: Could not initialize class de.uka.ilkd.key.java.abstraction.PrimitiveType
	at de.uka.ilkd.key.nparser.builder.DefaultBuilder.visitSortId(DefaultBuilder.java:327)

996        WARN  main            d.u.i.k.p.r.p.ForkedTestFileRunner Run failed de.uka.ilkd.key.proof.io.ProblemLoaderException: Could not initialize class de.uka.ilkd.key.java.abstraction.PrimitiveType
	at de.uka.ilkd.key.control.AbstractUserInterfaceControl.load(AbstractUserInterfaceControl.java:225)
Caused by: java.lang.NoClassDefFoundError: Could not initialize class de.uka.ilkd.key.java.abstraction.PrimitiveType
	at de.uka.ilkd.key.nparser.builder.DefaultBuilder.visitSortId(DefaultBuilder.java:327)

1018       WARN  main            d.u.i.k.p.r.p.ForkedTestFileRunner Run failed de.uka.ilkd.key.proof.io.ProblemLoaderException: Could not initialize class de.uka.ilkd.key.java.abstraction.PrimitiveType
	at de.uka.ilkd.key.control.AbstractUserInterfaceControl.load(AbstractUserInterfaceControl.java:225)
Caused by: java.lang.NoClassDefFoundError: Could not initialize class de.uka.ilkd.key.java.abstraction.PrimitiveType
	at de.uka.ilkd.key.nparser.builder.DefaultBuilder.visitSortId(DefaultBuilder.java:327)

1034       WARN  main            d.u.i.k.p.r.p.ForkedTestFileRunner Run failed de.uka.ilkd.key.proof.io.ProblemLoaderException: Could not initialize class de.uka.ilkd.key.java.abstraction.PrimitiveType
	at de.uka.ilkd.key.control.AbstractUserInterfaceControl.load(AbstractUserInterfaceControl.java:225)
Caused by: java.lang.NoClassDefFoundError: Could not initialize class de.uka.ilkd.key.java.abstraction.PrimitiveType
	at de.uka.ilkd.key.nparser.builder.DefaultBuilder.visitSortId(DefaultBuilder.java:327)

1052       WARN  main            d.u.i.k.p.r.p.ForkedTestFileRunner Run failed de.uka.ilkd.key.proof.io.ProblemLoaderException: Could not initialize class de.uka.ilkd.key.java.abstraction.PrimitiveType
	at de.uka.ilkd.key.control.AbstractUserInterfaceControl.load(AbstractUserInterfaceControl.java:225)
Caused by: java.lang.NoClassDefFoundError: Could not initialize class de.uka.ilkd.key.java.abstraction.PrimitiveType
	at de.uka.ilkd.key.nparser.builder.DefaultBuilder.visitSortId(DefaultBuilder.java:327)

1062       WARN  main            d.u.i.k.p.r.p.ForkedTestFileRunner Run failed de.uka.ilkd.key.proof.io.ProblemLoaderException: Could not initialize class de.uka.ilkd.key.java.abstraction.PrimitiveType
	at de.uka.ilkd.key.control.AbstractUserInterfaceControl.load(AbstractUserInterfaceControl.java:225)
Caused by: java.lang.NoClassDefFoundError: Could not initialize class de.uka.ilkd.key.java.abstraction.PrimitiveType
	at de.uka.ilkd.key.nparser.builder.DefaultBuilder.visitSortId(DefaultBuilder.java:327)

1074       WARN  main            d.u.i.k.p.r.p.ForkedTestFileRunner Run failed de.uka.ilkd.key.proof.io.ProblemLoaderException: Could not initialize class de.uka.ilkd.key.java.abstraction.PrimitiveType
	at de.uka.ilkd.key.control.AbstractUserInterfaceControl.load(AbstractUserInterfaceControl.java:225)
Caused by: java.lang.NoClassDefFoundError: Could not initialize class de.uka.ilkd.key.java.abstraction.PrimitiveType
	at de.uka.ilkd.key.nparser.builder.DefaultBuilder.visitSortId(DefaultBuilder.java:327)

1086       WARN  main            d.u.i.k.p.r.p.ForkedTestFileRunner Run failed de.uka.ilkd.key.proof.io.ProblemLoaderException: Could not initialize class de.uka.ilkd.key.java.abstraction.PrimitiveType
	at de.uka.ilkd.key.control.AbstractUserInterfaceControl.load(AbstractUserInterfaceControl.java:225)
Caused by: java.lang.NoClassDefFoundError: Could not initialize class de.uka.ilkd.key.java.abstraction.PrimitiveType
	at de.uka.ilkd.key.nparser.builder.DefaultBuilder.visitSortId(DefaultBuilder.java:327)

1098       WARN  main            d.u.i.k.p.r.p.ForkedTestFileRunner Run failed de.uka.ilkd.key.proof.io.ProblemLoaderException: Could not initialize class de.uka.ilkd.key.java.abstraction.PrimitiveType
	at de.uka.ilkd.key.control.AbstractUserInterfaceControl.load(AbstractUserInterfaceControl.java:225)
Caused by: java.lang.NoClassDefFoundError: Could not initialize class de.uka.ilkd.key.java.abstraction.PrimitiveType
	at de.uka.ilkd.key.nparser.builder.DefaultBuilder.visitSortId(DefaultBuilder.java:327)

1112       WARN  main            d.u.i.k.p.r.p.ForkedTestFileRunner Run failed de.uka.ilkd.key.proof.io.ProblemLoaderException: Could not initialize class de.uka.ilkd.key.java.abstraction.PrimitiveType
	at de.uka.ilkd.key.control.AbstractUserInterfaceControl.load(AbstractUserInterfaceControl.java:225)
Caused by: java.lang.NoClassDefFoundError: Could not initialize class de.uka.ilkd.key.java.abstraction.PrimitiveType
	at de.uka.ilkd.key.nparser.builder.DefaultBuilder.visitSortId(DefaultBuilder.java:327)

1121       WARN  main            d.u.i.k.p.r.p.ForkedTestFileRunner Run failed de.uka.ilkd.key.proof.io.ProblemLoaderException: Could not initialize class de.uka.ilkd.key.java.abstraction.PrimitiveType
	at de.uka.ilkd.key.control.AbstractUserInterfaceControl.load(AbstractUserInterfaceControl.java:225)
Caused by: java.lang.NoClassDefFoundError: Could not initialize class de.uka.ilkd.key.java.abstraction.PrimitiveType
	at de.uka.ilkd.key.nparser.builder.DefaultBuilder.visitSortId(DefaultBuilder.java:327)

1129       WARN  main            d.u.i.k.p.r.p.ForkedTestFileRunner Run failed de.uka.ilkd.key.proof.io.ProblemLoaderException: Could not initialize class de.uka.ilkd.key.java.abstraction.PrimitiveType
	at de.uka.ilkd.key.control.AbstractUserInterfaceControl.load(AbstractUserInterfaceControl.java:225)
Caused by: java.lang.NoClassDefFoundError: Could not initialize class de.uka.ilkd.key.java.abstraction.PrimitiveType
	at de.uka.ilkd.key.nparser.builder.DefaultBuilder.visitSortId(DefaultBuilder.java:327)

1136       WARN  main            d.u.i.k.p.r.p.ForkedTestFileRunner Run failed de.uka.ilkd.key.proof.io.ProblemLoaderException: Could not initialize class de.uka.ilkd.key.java.abstraction.PrimitiveType
	at de.uka.ilkd.key.control.AbstractUserInterfaceControl.load(AbstractUserInterfaceControl.java:225)
Caused by: java.lang.NoClassDefFoundError: Could not initialize class de.uka.ilkd.key.java.abstraction.PrimitiveType
	at de.uka.ilkd.key.nparser.builder.DefaultBuilder.visitSortId(DefaultBuilder.java:327)

1146       WARN  main            d.u.i.k.p.r.p.ForkedTestFileRunner Run failed de.uka.ilkd.key.proof.io.ProblemLoaderException: Could not initialize class de.uka.ilkd.key.java.abstraction.PrimitiveType
	at de.uka.ilkd.key.control.AbstractUserInterfaceControl.load(AbstractUserInterfaceControl.java:225)
Caused by: java.lang.NoClassDefFoundError: Could not initialize class de.uka.ilkd.key.java.abstraction.PrimitiveType
	at de.uka.ilkd.key.nparser.builder.DefaultBuilder.visitSortId(DefaultBuilder.java:327)

1155       WARN  main            d.u.i.k.p.r.p.ForkedTestFileRunner Run failed de.uka.ilkd.key.proof.io.ProblemLoaderException: Could not initialize class de.uka.ilkd.key.java.abstraction.PrimitiveType
	at de.uka.ilkd.key.control.AbstractUserInterfaceControl.load(AbstractUserInterfaceControl.java:225)
Caused by: java.lang.NoClassDefFoundError: Could not initialize class de.uka.ilkd.key.java.abstraction.PrimitiveType
	at de.uka.ilkd.key.nparser.builder.DefaultBuilder.visitSortId(DefaultBuilder.java:327)

1162       WARN  main            d.u.i.k.p.r.p.ForkedTestFileRunner Run failed de.uka.ilkd.key.proof.io.ProblemLoaderException: Could not initialize class de.uka.ilkd.key.java.abstraction.PrimitiveType
	at de.uka.ilkd.key.control.AbstractUserInterfaceControl.load(AbstractUserInterfaceControl.java:225)
Caused by: java.lang.NoClassDefFoundError: Could not initialize class de.uka.ilkd.key.java.abstraction.PrimitiveType
	at de.uka.ilkd.key.nparser.builder.DefaultBuilder.visitSortId(DefaultBuilder.java:327)

1170       WARN  main            d.u.i.k.p.r.p.ForkedTestFileRunner Run failed de.uka.ilkd.key.proof.io.ProblemLoaderException: Could not initialize class de.uka.ilkd.key.java.abstraction.PrimitiveType
	at de.uka.ilkd.key.control.AbstractUserInterfaceControl.load(AbstractUserInterfaceControl.java:225)
Caused by: java.lang.NoClassDefFoundError: Could not initialize class de.uka.ilkd.key.java.abstraction.PrimitiveType
	at de.uka.ilkd.key.nparser.builder.DefaultBuilder.visitSortId(DefaultBuilder.java:327)

1178       WARN  main            d.u.i.k.p.r.p.ForkedTestFileRunner Run failed de.uka.ilkd.key.proof.io.ProblemLoaderException: Could not initialize class de.uka.ilkd.key.java.abstraction.PrimitiveType
	at de.uka.ilkd.key.control.AbstractUserInterfaceControl.load(AbstractUserInterfaceControl.java:225)
Caused by: java.lang.NoClassDefFoundError: Could not initialize class de.uka.ilkd.key.java.abstraction.PrimitiveType
	at de.uka.ilkd.key.nparser.builder.DefaultBuilder.visitSortId(DefaultBuilder.java:327)

1184       WARN  main            d.u.i.k.p.r.p.ForkedTestFileRunner Run failed de.uka.ilkd.key.proof.io.ProblemLoaderException: Could not initialize class de.uka.ilkd.key.java.abstraction.PrimitiveType
	at de.uka.ilkd.key.control.AbstractUserInterfaceControl.load(AbstractUserInterfaceControl.java:225)
Caused by: java.lang.NoClassDefFoundError: Could not initialize class de.uka.ilkd.key.java.abstraction.PrimitiveType
	at de.uka.ilkd.key.nparser.builder.DefaultBuilder.visitSortId(DefaultBuilder.java:327)

1202       WARN  main            d.u.i.k.p.r.p.ForkedTestFileRunner Run failed de.uka.ilkd.key.proof.io.ProblemLoaderException: Could not initialize class de.uka.ilkd.key.java.abstraction.PrimitiveType
	at de.uka.ilkd.key.control.AbstractUserInterfaceControl.load(AbstractUserInterfaceControl.java:225)
Caused by: java.lang.NoClassDefFoundError: Could not initialize class de.uka.ilkd.key.java.abstraction.PrimitiveType
	at de.uka.ilkd.key.nparser.builder.DefaultBuilder.visitSortId(DefaultBuilder.java:327)

1211       WARN  main            d.u.i.k.p.r.p.ForkedTestFileRunner Run failed de.uka.ilkd.key.proof.io.ProblemLoaderException: Could not initialize class de.uka.ilkd.key.java.abstraction.PrimitiveType
	at de.uka.ilkd.key.control.AbstractUserInterfaceControl.load(AbstractUserInterfaceControl.java:225)
Caused by: java.lang.NoClassDefFoundError: Could not initialize class de.uka.ilkd.key.java.abstraction.PrimitiveType
	at de.uka.ilkd.key.nparser.builder.DefaultBuilder.visitSortId(DefaultBuilder.java:327)

1221       WARN  main            d.u.i.k.p.r.p.ForkedTestFileRunner Run failed de.uka.ilkd.key.proof.io.ProblemLoaderException: Could not initialize class de.uka.ilkd.key.java.abstraction.PrimitiveType
	at de.uka.ilkd.key.control.AbstractUserInterfaceControl.load(AbstractUserInterfaceControl.java:225)
Caused by: java.lang.NoClassDefFoundError: Could not initialize class de.uka.ilkd.key.java.abstraction.PrimitiveType
	at de.uka.ilkd.key.nparser.builder.DefaultBuilder.visitSortId(DefaultBuilder.java:327)

1230       WARN  main            d.u.i.k.p.r.p.ForkedTestFileRunner Run failed de.uka.ilkd.key.proof.io.ProblemLoaderException: Could not initialize class de.uka.ilkd.key.java.abstraction.PrimitiveType
	at de.uka.ilkd.key.control.AbstractUserInterfaceControl.load(AbstractUserInterfaceControl.java:225)
Caused by: java.lang.NoClassDefFoundError: Could not initialize class de.uka.ilkd.key.java.abstraction.PrimitiveType
	at de.uka.ilkd.key.nparser.builder.DefaultBuilder.visitSortId(DefaultBuilder.java:327)

1235       WARN  main            d.u.i.k.p.r.p.ForkedTestFileRunner Run failed de.uka.ilkd.key.proof.io.ProblemLoaderException: Could not initialize class de.uka.ilkd.key.java.abstraction.PrimitiveType
	at de.uka.ilkd.key.control.AbstractUserInterfaceControl.load(AbstractUserInterfaceControl.java:225)
Caused by: java.lang.NoClassDefFoundError: Could not initialize class de.uka.ilkd.key.java.abstraction.PrimitiveType
	at de.uka.ilkd.key.nparser.builder.DefaultBuilder.visitSortId(DefaultBuilder.java:327)

1244       WARN  main            d.u.i.k.p.r.p.ForkedTestFileRunner Run failed de.uka.ilkd.key.proof.io.ProblemLoaderException: Could not initialize class de.uka.ilkd.key.java.abstraction.PrimitiveType
	at de.uka.ilkd.key.control.AbstractUserInterfaceControl.load(AbstractUserInterfaceControl.java:225)
Caused by: java.lang.NoClassDefFoundError: Could not initialize class de.uka.ilkd.key.java.abstraction.PrimitiveType
	at de.uka.ilkd.key.nparser.builder.DefaultBuilder.visitSortId(DefaultBuilder.java:327)

1256       WARN  main            d.u.i.k.p.r.p.ForkedTestFileRunner Run failed de.uka.ilkd.key.proof.io.ProblemLoaderException: Could not initialize class de.uka.ilkd.key.java.abstraction.PrimitiveType
	at de.uka.ilkd.key.control.AbstractUserInterfaceControl.load(AbstractUserInterfaceControl.java:225)
Caused by: java.lang.NoClassDefFoundError: Could not initialize class de.uka.ilkd.key.java.abstraction.PrimitiveType
	at de.uka.ilkd.key.nparser.builder.DefaultBuilder.visitSortId(DefaultBuilder.java:327)

1265       WARN  main            d.u.i.k.p.r.p.ForkedTestFileRunner Run failed de.uka.ilkd.key.proof.io.ProblemLoaderException: Could not initialize class de.uka.ilkd.key.java.abstraction.PrimitiveType
	at de.uka.ilkd.key.control.AbstractUserInterfaceControl.load(AbstractUserInterfaceControl.java:225)
Caused by: java.lang.NoClassDefFoundError: Could not initialize class de.uka.ilkd.key.java.abstraction.PrimitiveType
	at de.uka.ilkd.key.nparser.builder.DefaultBuilder.visitSortId(DefaultBuilder.java:327)

1271       WARN  main            d.u.i.k.p.r.p.ForkedTestFileRunner Run failed de.uka.ilkd.key.proof.io.ProblemLoaderException: Could not initialize class de.uka.ilkd.key.java.abstraction.PrimitiveType
	at de.uka.ilkd.key.control.AbstractUserInterfaceControl.load(AbstractUserInterfaceControl.java:225)
Caused by: java.lang.NoClassDefFoundError: Could not initialize class de.uka.ilkd.key.java.abstraction.PrimitiveType
	at de.uka.ilkd.key.nparser.builder.DefaultBuilder.visitSortId(DefaultBuilder.java:327)

1277       WARN  main            d.u.i.k.p.r.p.ForkedTestFileRunner Run failed de.uka.ilkd.key.proof.io.ProblemLoaderException: Could not initialize class de.uka.ilkd.key.java.abstraction.PrimitiveType
	at de.uka.ilkd.key.control.AbstractUserInterfaceControl.load(AbstractUserInterfaceControl.java:225)
Caused by: java.lang.NoClassDefFoundError: Could not initialize class de.uka.ilkd.key.java.abstraction.PrimitiveType
	at de.uka.ilkd.key.nparser.builder.DefaultBuilder.visitSortId(DefaultBuilder.java:327)

1288       WARN  main            d.u.i.k.p.r.p.ForkedTestFileRunner Run failed de.uka.ilkd.key.proof.io.ProblemLoaderException: Could not initialize class de.uka.ilkd.key.java.abstraction.PrimitiveType
	at de.uka.ilkd.key.control.AbstractUserInterfaceControl.load(AbstractUserInterfaceControl.java:225)
Caused by: java.lang.NoClassDefFoundError: Could not initialize class de.uka.ilkd.key.java.abstraction.PrimitiveType
	at de.uka.ilkd.key.nparser.builder.DefaultBuilder.visitSortId(DefaultBuilder.java:327)

1299       WARN  main            d.u.i.k.p.r.p.ForkedTestFileRunner Run failed de.uka.ilkd.key.proof.io.ProblemLoaderException: Could not initialize class de.uka.ilkd.key.java.abstraction.PrimitiveType
	at de.uka.ilkd.key.control.AbstractUserInterfaceControl.load(AbstractUserInterfaceControl.java:225)
Caused by: java.lang.NoClassDefFoundError: Could not initialize class de.uka.ilkd.key.java.abstraction.PrimitiveType
	at de.uka.ilkd.key.nparser.builder.DefaultBuilder.visitSortId(DefaultBuilder.java:327)

1304       WARN  main            d.u.i.k.p.r.p.ForkedTestFileRunner Run failed de.uka.ilkd.key.proof.io.ProblemLoaderException: Could not initialize class de.uka.ilkd.key.java.abstraction.PrimitiveType
	at de.uka.ilkd.key.control.AbstractUserInterfaceControl.load(AbstractUserInterfaceControl.java:225)
Caused by: java.lang.NoClassDefFoundError: Could not initialize class de.uka.ilkd.key.java.abstraction.PrimitiveType
	at de.uka.ilkd.key.nparser.builder.DefaultBuilder.visitSortId(DefaultBuilder.java:327)

1310       WARN  main            d.u.i.k.p.r.p.ForkedTestFileRunner Run failed de.uka.ilkd.key.proof.io.ProblemLoaderException: Could not initialize class de.uka.ilkd.key.java.abstraction.PrimitiveType
	at de.uka.ilkd.key.control.AbstractUserInterfaceControl.load(AbstractUserInterfaceControl.java:225)
Caused by: java.lang.NoClassDefFoundError: Could not initialize class de.uka.ilkd.key.java.abstraction.PrimitiveType
	at de.uka.ilkd.key.nparser.builder.DefaultBuilder.visitSortId(DefaultBuilder.java:327)

1315       WARN  main            d.u.i.k.p.r.p.ForkedTestFileRunner Run failed de.uka.ilkd.key.proof.io.ProblemLoaderException: Could not initialize class de.uka.ilkd.key.java.abstraction.PrimitiveType
	at de.uka.ilkd.key.control.AbstractUserInterfaceControl.load(AbstractUserInterfaceControl.java:225)
Caused by: java.lang.NoClassDefFoundError: Could not initialize class de.uka.ilkd.key.java.abstraction.PrimitiveType
	at de.uka.ilkd.key.nparser.builder.DefaultBuilder.visitSortId(DefaultBuilder.java:327)

1332       WARN  main            d.u.i.k.p.r.p.ForkedTestFileRunner Run failed de.uka.ilkd.key.proof.io.ProblemLoaderException: Could not initialize class de.uka.ilkd.key.java.abstraction.PrimitiveType
	at de.uka.ilkd.key.control.AbstractUserInterfaceControl.load(AbstractUserInterfaceControl.java:225)
Caused by: java.lang.NoClassDefFoundError: Could not initialize class de.uka.ilkd.key.java.abstraction.PrimitiveType
	at de.uka.ilkd.key.nparser.builder.DefaultBuilder.visitSortId(DefaultBuilder.java:327)

1338       WARN  main            d.u.i.k.p.r.p.ForkedTestFileRunner Run failed de.uka.ilkd.key.proof.io.ProblemLoaderException: Could not initialize class de.uka.ilkd.key.java.abstraction.PrimitiveType
	at de.uka.ilkd.key.control.AbstractUserInterfaceControl.load(AbstractUserInterfaceControl.java:225)
Caused by: java.lang.NoClassDefFoundError: Could not initialize class de.uka.ilkd.key.java.abstraction.PrimitiveType
	at de.uka.ilkd.key.nparser.builder.DefaultBuilder.visitSortId(DefaultBuilder.java:327)

1347       WARN  main            d.u.i.k.p.r.p.ForkedTestFileRunner Run failed de.uka.ilkd.key.proof.io.ProblemLoaderException: Could not initialize class de.uka.ilkd.key.java.abstraction.PrimitiveType
	at de.uka.ilkd.key.control.AbstractUserInterfaceControl.load(AbstractUserInterfaceControl.java:225)
Caused by: java.lang.NoClassDefFoundError: Could not initialize class de.uka.ilkd.key.java.abstraction.PrimitiveType
	at de.uka.ilkd.key.nparser.builder.DefaultBuilder.visitSortId(DefaultBuilder.java:327)

1352       WARN  main            d.u.i.k.p.r.p.ForkedTestFileRunner Run failed de.uka.ilkd.key.proof.io.ProblemLoaderException: Could not initialize class de.uka.ilkd.key.java.abstraction.PrimitiveType
	at de.uka.ilkd.key.control.AbstractUserInterfaceControl.load(AbstractUserInterfaceControl.java:225)
Caused by: java.lang.NoClassDefFoundError: Could not initialize class de.uka.ilkd.key.java.abstraction.PrimitiveType
	at de.uka.ilkd.key.nparser.builder.DefaultBuilder.visitSortId(DefaultBuilder.java:327)

1358       WARN  main            d.u.i.k.p.r.p.ForkedTestFileRunner Run failed de.uka.ilkd.key.proof.io.ProblemLoaderException: Could not initialize class de.uka.ilkd.key.java.abstraction.PrimitiveType
	at de.uka.ilkd.key.control.AbstractUserInterfaceControl.load(AbstractUserInterfaceControl.java:225)
Caused by: java.lang.NoClassDefFoundError: Could not initialize class de.uka.ilkd.key.java.abstraction.PrimitiveType
	at de.uka.ilkd.key.nparser.builder.DefaultBuilder.visitSortId(DefaultBuilder.java:327)

384        WARN  main            d.u.i.k.s.ProofSettings   The settings in /home/runner/.key/proof-settings.props are *not* read. 
940        WARN  main            d.u.i.k.p.r.p.ForkedTestFileRunner Run failed de.uka.ilkd.key.proof.io.ProblemLoaderException: null
	at de.uka.ilkd.key.control.AbstractUserInterfaceControl.load(AbstractUserInterfaceControl.java:225)
Caused by: java.lang.ExceptionInInitializerError: null
	at de.uka.ilkd.key.nparser.builder.DefaultBuilder.visitSortId(DefaultBuilder.java:327)
Caused by: java.lang.NullPointerException: null
	at de.uka.ilkd.key.java.JavaProgramElement.<init>(JavaProgramElement.java:60)

958        WARN  main            d.u.i.k.p.r.p.ForkedTestFileRunner Run failed de.uka.ilkd.key.proof.io.ProblemLoaderException: Could not initialize class de.uka.ilkd.key.java.abstraction.PrimitiveType
	at de.uka.ilkd.key.control.AbstractUserInterfaceControl.load(AbstractUserInterfaceControl.java:225)
Caused by: java.lang.NoClassDefFoundError: Could not initialize class de.uka.ilkd.key.java.abstraction.PrimitiveType
	at de.uka.ilkd.key.nparser.builder.DefaultBuilder.visitSortId(DefaultBuilder.java:327)

972        WARN  main            d.u.i.k.p.r.p.ForkedTestFileRunner Run failed de.uka.ilkd.key.proof.io.ProblemLoaderException: Could not initialize class de.uka.ilkd.key.java.abstraction.PrimitiveType
	at de.uka.ilkd.key.control.AbstractUserInterfaceControl.load(AbstractUserInterfaceControl.java:225)
Caused by: java.lang.NoClassDefFoundError: Could not initialize class de.uka.ilkd.key.java.abstraction.PrimitiveType
	at de.uka.ilkd.key.nparser.builder.DefaultBuilder.visitSortId(DefaultBuilder.java:327)

986        WARN  main            d.u.i.k.p.r.p.ForkedTestFileRunner Run failed de.uka.ilkd.key.proof.io.ProblemLoaderException: Could not initialize class de.uka.ilkd.key.java.abstraction.PrimitiveType
	at de.uka.ilkd.key.control.AbstractUserInterfaceControl.load(AbstractUserInterfaceControl.java:225)
Caused by: java.lang.NoClassDefFoundError: Could not initialize class de.uka.ilkd.key.java.abstraction.PrimitiveType
	at de.uka.ilkd.key.nparser.builder.DefaultBuilder.visitSortId(DefaultBuilder.java:327)

998        WARN  main            d.u.i.k.p.r.p.ForkedTestFileRunner Run failed de.uka.ilkd.key.proof.io.ProblemLoaderException: Could not initialize class de.uka.ilkd.key.java.abstraction.PrimitiveType
	at de.uka.ilkd.key.control.AbstractUserInterfaceControl.load(AbstractUserInterfaceControl.java:225)
Caused by: java.lang.NoClassDefFoundError: Could not initialize class de.uka.ilkd.key.java.abstraction.PrimitiveType
	at de.uka.ilkd.key.nparser.builder.DefaultBuilder.visitSortId(DefaultBuilder.java:327)

1010       WARN  main            d.u.i.k.p.r.p.ForkedTestFileRunner Run failed de.uka.ilkd.key.proof.io.ProblemLoaderException: Could not initialize class de.uka.ilkd.key.java.abstraction.PrimitiveType
	at de.uka.ilkd.key.control.AbstractUserInterfaceControl.load(AbstractUserInterfaceControl.java:225)
Caused by: java.lang.NoClassDefFoundError: Could not initialize class de.uka.ilkd.key.java.abstraction.PrimitiveType
	at de.uka.ilkd.key.nparser.builder.DefaultBuilder.visitSortId(DefaultBuilder.java:327)

1031       WARN  main            d.u.i.k.p.r.p.ForkedTestFileRunner Run failed de.uka.ilkd.key.proof.io.ProblemLoaderException: Could not initialize class de.uka.ilkd.key.java.abstraction.PrimitiveType
	at de.uka.ilkd.key.control.AbstractUserInterfaceControl.load(AbstractUserInterfaceControl.java:225)
Caused by: java.lang.NoClassDefFoundError: Could not initialize class de.uka.ilkd.key.java.abstraction.PrimitiveType
	at de.uka.ilkd.key.nparser.builder.DefaultBuilder.visitSortId(DefaultBuilder.java:327)

1044       WARN  main            d.u.i.k.p.r.p.ForkedTestFileRunner Run failed de.uka.ilkd.key.proof.io.ProblemLoaderException: Could not initialize class de.uka.ilkd.key.java.abstraction.PrimitiveType
	at de.uka.ilkd.key.control.AbstractUserInterfaceControl.load(AbstractUserInterfaceControl.java:225)
Caused by: java.lang.NoClassDefFoundError: Could not initialize class de.uka.ilkd.key.java.abstraction.PrimitiveType
	at de.uka.ilkd.key.nparser.builder.DefaultBuilder.visitSortId(DefaultBuilder.java:327)

1055       WARN  main            d.u.i.k.p.r.p.ForkedTestFileRunner Run failed de.uka.ilkd.key.proof.io.ProblemLoaderException: Could not initialize class de.uka.ilkd.key.java.abstraction.PrimitiveType
	at de.uka.ilkd.key.control.AbstractUserInterfaceControl.load(AbstractUserInterfaceControl.java:225)
Caused by: java.lang.NoClassDefFoundError: Could not initialize class de.uka.ilkd.key.java.abstraction.PrimitiveType
	at de.uka.ilkd.key.nparser.builder.DefaultBuilder.visitSortId(DefaultBuilder.java:327)

1063       WARN  main            d.u.i.k.p.r.p.ForkedTestFileRunner Run failed de.uka.ilkd.key.proof.io.ProblemLoaderException: Could not initialize class de.uka.ilkd.key.java.abstraction.PrimitiveType
	at de.uka.ilkd.key.control.AbstractUserInterfaceControl.load(AbstractUserInterfaceControl.java:225)
Caused by: java.lang.NoClassDefFoundError: Could not initialize class de.uka.ilkd.key.java.abstraction.PrimitiveType
	at de.uka.ilkd.key.nparser.builder.DefaultBuilder.visitSortId(DefaultBuilder.java:327)

1072       WARN  main            d.u.i.k.p.r.p.ForkedTestFileRunner Run failed de.uka.ilkd.key.proof.io.ProblemLoaderException: Could not initialize class de.uka.ilkd.key.java.abstraction.PrimitiveType
	at de.uka.ilkd.key.control.AbstractUserInterfaceControl.load(AbstractUserInterfaceControl.java:225)
Caused by: java.lang.NoClassDefFoundError: Could not initialize class de.uka.ilkd.key.java.abstraction.PrimitiveType
	at de.uka.ilkd.key.nparser.builder.DefaultBuilder.visitSortId(DefaultBuilder.java:327)

1089       WARN  main            d.u.i.k.p.r.p.ForkedTestFileRunner Run failed de.uka.ilkd.key.proof.io.ProblemLoaderException: Could not initialize class de.uka.ilkd.key.java.abstraction.PrimitiveType
	at de.uka.ilkd.key.control.AbstractUserInterfaceControl.load(AbstractUserInterfaceControl.java:225)
Caused by: java.lang.NoClassDefFoundError: Could not initialize class de.uka.ilkd.key.java.abstraction.PrimitiveType
	at de.uka.ilkd.key.nparser.builder.DefaultBuilder.visitSortId(DefaultBuilder.java:327)

1096       WARN  main            d.u.i.k.p.r.p.ForkedTestFileRunner Run failed de.uka.ilkd.key.proof.io.ProblemLoaderException: Could not initialize class de.uka.ilkd.key.java.abstraction.PrimitiveType
	at de.uka.ilkd.key.control.AbstractUserInterfaceControl.load(AbstractUserInterfaceControl.java:225)
Caused by: java.lang.NoClassDefFoundError: Could not initialize class de.uka.ilkd.key.java.abstraction.PrimitiveType
	at de.uka.ilkd.key.nparser.builder.DefaultBuilder.visitSortId(DefaultBuilder.java:327)

1111       WARN  main            d.u.i.k.p.r.p.ForkedTestFileRunner Run failed de.uka.ilkd.key.proof.io.ProblemLoaderException: Could not initialize class de.uka.ilkd.key.java.abstraction.PrimitiveType
	at de.uka.ilkd.key.control.AbstractUserInterfaceControl.load(AbstractUserInterfaceControl.java:225)
Caused by: java.lang.NoClassDefFoundError: Could not initialize class de.uka.ilkd.key.java.abstraction.PrimitiveType
	at de.uka.ilkd.key.nparser.builder.DefaultBuilder.visitSortId(DefaultBuilder.java:327)

1126       WARN  main            d.u.i.k.p.r.p.ForkedTestFileRunner Run failed de.uka.ilkd.key.proof.io.ProblemLoaderException: Could not initialize class de.uka.ilkd.key.java.abstraction.PrimitiveType
	at de.uka.ilkd.key.control.AbstractUserInterfaceControl.load(AbstractUserInterfaceControl.java:225)
Caused by: java.lang.NoClassDefFoundError: Could not initialize class de.uka.ilkd.key.java.abstraction.PrimitiveType
	at de.uka.ilkd.key.nparser.builder.DefaultBuilder.visitSortId(DefaultBuilder.java:327)

1140       WARN  main            d.u.i.k.p.r.p.ForkedTestFileRunner Run failed de.uka.ilkd.key.proof.io.ProblemLoaderException: Could not initialize class de.uka.ilkd.key.java.abstraction.PrimitiveType
	at de.uka.ilkd.key.control.AbstractUserInterfaceControl.load(AbstractUserInterfaceControl.java:225)
Caused by: java.lang.NoClassDefFoundError: Could not initialize class de.uka.ilkd.key.java.abstraction.PrimitiveType
	at de.uka.ilkd.key.nparser.builder.DefaultBuilder.visitSortId(DefaultBuilder.java:327)

1155       WARN  main            d.u.i.k.p.r.p.ForkedTestFileRunner Run failed de.uka.ilkd.key.proof.io.ProblemLoaderException: Could not initialize class de.uka.ilkd.key.java.abstraction.PrimitiveType
	at de.uka.ilkd.key.control.AbstractUserInterfaceControl.load(AbstractUserInterfaceControl.java:225)
Caused by: java.lang.NoClassDefFoundError: Could not initialize class de.uka.ilkd.key.java.abstraction.PrimitiveType
	at de.uka.ilkd.key.nparser.builder.DefaultBuilder.visitSortId(DefaultBuilder.java:327)

1165       WARN  main            d.u.i.k.p.r.p.ForkedTestFileRunner Run failed de.uka.ilkd.key.proof.io.ProblemLoaderException: Could not initialize class de.uka.ilkd.key.java.abstraction.PrimitiveType
	at de.uka.ilkd.key.control.AbstractUserInterfaceControl.load(AbstractUserInterfaceControl.java:225)
Caused by: java.lang.NoClassDefFoundError: Could not initialize class de.uka.ilkd.key.java.abstraction.PrimitiveType
	at de.uka.ilkd.key.nparser.builder.DefaultBuilder.visitSortId(DefaultBuilder.java:327)

1186       WARN  main            d.u.i.k.p.r.p.ForkedTestFileRunner Run failed de.uka.ilkd.key.proof.io.ProblemLoaderException: Could not initialize class de.uka.ilkd.key.java.abstraction.PrimitiveType
	at de.uka.ilkd.key.control.AbstractUserInterfaceControl.load(AbstractUserInterfaceControl.java:225)
Caused by: java.lang.NoClassDefFoundError: Could not initialize class de.uka.ilkd.key.java.abstraction.PrimitiveType
	at de.uka.ilkd.key.nparser.builder.DefaultBuilder.visitSortId(DefaultBuilder.java:327)

1192       WARN  main            d.u.i.k.p.r.p.ForkedTestFileRunner Run failed de.uka.ilkd.key.proof.io.ProblemLoaderException: Could not initialize class de.uka.ilkd.key.java.abstraction.PrimitiveType
	at de.uka.ilkd.key.control.AbstractUserInterfaceControl.load(AbstractUserInterfaceControl.java:225)
Caused by: java.lang.NoClassDefFoundError: Could not initialize class de.uka.ilkd.key.java.abstraction.PrimitiveType
	at de.uka.ilkd.key.nparser.builder.DefaultBuilder.visitSortId(DefaultBuilder.java:327)

1208       WARN  main            d.u.i.k.p.r.p.ForkedTestFileRunner Run failed de.uka.ilkd.key.proof.io.ProblemLoaderException: Could not initialize class de.uka.ilkd.key.java.abstraction.PrimitiveType
	at de.uka.ilkd.key.control.AbstractUserInterfaceControl.load(AbstractUserInterfaceControl.java:225)
Caused by: java.lang.NoClassDefFoundError: Could not initialize class de.uka.ilkd.key.java.abstraction.PrimitiveType
	at de.uka.ilkd.key.nparser.builder.DefaultBuilder.visitSortId(DefaultBuilder.java:327)

1217       WARN  main            d.u.i.k.p.r.p.ForkedTestFileRunner Run failed de.uka.ilkd.key.proof.io.ProblemLoaderException: Could not initialize class de.uka.ilkd.key.java.abstraction.PrimitiveType
	at de.uka.ilkd.key.control.AbstractUserInterfaceControl.load(AbstractUserInterfaceControl.java:225)
Caused by: java.lang.NoClassDefFoundError: Could not initialize class de.uka.ilkd.key.java.abstraction.PrimitiveType
	at de.uka.ilkd.key.nparser.builder.DefaultBuilder.visitSortId(DefaultBuilder.java:327)

1225       WARN  main            d.u.i.k.p.r.p.ForkedTestFileRunner Run failed de.uka.ilkd.key.proof.io.ProblemLoaderException: Could not initialize class de.uka.ilkd.key.java.abstraction.PrimitiveType
	at de.uka.ilkd.key.control.AbstractUserInterfaceControl.load(AbstractUserInterfaceControl.java:225)
Caused by: java.lang.NoClassDefFoundError: Could not initialize class de.uka.ilkd.key.java.abstraction.PrimitiveType
	at de.uka.ilkd.key.nparser.builder.DefaultBuilder.visitSortId(DefaultBuilder.java:327)

1242       WARN  main            d.u.i.k.p.r.p.ForkedTestFileRunner Run failed de.uka.ilkd.key.proof.io.ProblemLoaderException: Could not initialize class de.uka.ilkd.key.java.abstraction.PrimitiveType
	at de.uka.ilkd.key.control.AbstractUserInterfaceControl.load(AbstractUserInterfaceControl.java:225)
Caused by: java.lang.NoClassDefFoundError: Could not initialize class de.uka.ilkd.key.java.abstraction.PrimitiveType
	at de.uka.ilkd.key.nparser.builder.DefaultBuilder.visitSortId(DefaultBuilder.java:327)

1250       WARN  main            d.u.i.k.p.r.p.ForkedTestFileRunner Run failed de.uka.ilkd.key.proof.io.ProblemLoaderException: Could not initialize class de.uka.ilkd.key.java.abstraction.PrimitiveType
	at de.uka.ilkd.key.control.AbstractUserInterfaceControl.load(AbstractUserInterfaceControl.java:225)
Caused by: java.lang.NoClassDefFoundError: Could not initialize class de.uka.ilkd.key.java.abstraction.PrimitiveType
	at de.uka.ilkd.key.nparser.builder.DefaultBuilder.visitSortId(DefaultBuilder.java:327)

1260       WARN  main            d.u.i.k.p.r.p.ForkedTestFileRunner Run failed de.uka.ilkd.key.proof.io.ProblemLoaderException: Could not initialize class de.uka.ilkd.key.java.abstraction.PrimitiveType
	at de.uka.ilkd.key.control.AbstractUserInterfaceControl.load(AbstractUserInterfaceControl.java:225)
Caused by: java.lang.NoClassDefFoundError: Could not initialize class de.uka.ilkd.key.java.abstraction.PrimitiveType
	at de.uka.ilkd.key.nparser.builder.DefaultBuilder.visitSortId(DefaultBuilder.java:327)

1267       WARN  main            d.u.i.k.p.r.p.ForkedTestFileRunner Run failed de.uka.ilkd.key.proof.io.ProblemLoaderException: Could not initialize class de.uka.ilkd.key.java.abstraction.PrimitiveType
	at de.uka.ilkd.key.control.AbstractUserInterfaceControl.load(AbstractUserInterfaceControl.java:225)
Caused by: java.lang.NoClassDefFoundError: Could not initialize class de.uka.ilkd.key.java.abstraction.PrimitiveType
	at de.uka.ilkd.key.nparser.builder.DefaultBuilder.visitSortId(DefaultBuilder.java:327)

356        WARN  main            d.u.i.k.s.ProofSettings   The settings in /home/runner/.key/proof-settings.props are *not* read. 
853        WARN  main            d.u.i.k.p.r.p.ForkedTestFileRunner Run failed de.uka.ilkd.key.proof.io.ProblemLoaderException: null
	at de.uka.ilkd.key.control.AbstractUserInterfaceControl.load(AbstractUserInterfaceControl.java:225)
Caused by: java.lang.ExceptionInInitializerError: null
	at de.uka.ilkd.key.nparser.builder.DefaultBuilder.visitSortId(DefaultBuilder.java:327)
Caused by: java.lang.NullPointerException: null
	at de.uka.ilkd.key.java.JavaProgramElement.<init>(JavaProgramElement.java:60)

883        WARN  main            d.u.i.k.p.r.p.ForkedTestFileRunner Run failed de.uka.ilkd.key.proof.io.ProblemLoaderException: Could not initialize class de.uka.ilkd.key.java.abstraction.PrimitiveType
	at de.uka.ilkd.key.control.AbstractUserInterfaceControl.load(AbstractUserInterfaceControl.java:225)
Caused by: java.lang.NoClassDefFoundError: Could not initialize class de.uka.ilkd.key.java.abstraction.PrimitiveType
	at de.uka.ilkd.key.nparser.builder.DefaultBuilder.visitSortId(DefaultBuilder.java:327)

348        WARN  main            d.u.i.k.s.ProofSettings   The settings in /home/runner/.key/proof-settings.props are *not* read. 
747        WARN  main            d.u.i.k.p.r.p.ForkedTestFileRunner Run failed de.uka.ilkd.key.proof.io.ProblemLoaderException: null
	at de.uka.ilkd.key.control.AbstractUserInterfaceControl.load(AbstractUserInterfaceControl.java:225)
Caused by: java.lang.ExceptionInInitializerError: null
	at de.uka.ilkd.key.nparser.builder.DefaultBuilder.visitSortId(DefaultBuilder.java:327)
Caused by: java.lang.NullPointerException: null
	at de.uka.ilkd.key.java.JavaProgramElement.<init>(JavaProgramElement.java:60)

763        WARN  main            d.u.i.k.p.r.p.ForkedTestFileRunner Run failed de.uka.ilkd.key.proof.io.ProblemLoaderException: Could not initialize class de.uka.ilkd.key.java.abstraction.PrimitiveType
	at de.uka.ilkd.key.control.AbstractUserInterfaceControl.load(AbstractUserInterfaceControl.java:225)
Caused by: java.lang.NoClassDefFoundError: Could not initialize class de.uka.ilkd.key.java.abstraction.PrimitiveType
	at de.uka.ilkd.key.nparser.builder.DefaultBuilder.visitSortId(DefaultBuilder.java:327)

777        WARN  main            d.u.i.k.p.r.p.ForkedTestFileRunner Run failed de.uka.ilkd.key.proof.io.ProblemLoaderException: Could not initialize class de.uka.ilkd.key.java.abstraction.PrimitiveType
	at de.uka.ilkd.key.control.AbstractUserInterfaceControl.load(AbstractUserInterfaceControl.java:225)
Caused by: java.lang.NoClassDefFoundError: Could not initialize class de.uka.ilkd.key.java.abstraction.PrimitiveType
	at de.uka.ilkd.key.nparser.builder.DefaultBuilder.visitSortId(DefaultBuilder.java:327)

789        WARN  main            d.u.i.k.p.r.p.ForkedTestFileRunner Run failed de.uka.ilkd.key.proof.io.ProblemLoaderException: Could not initialize class de.uka.ilkd.key.java.abstraction.PrimitiveType
	at de.uka.ilkd.key.control.AbstractUserInterfaceControl.load(AbstractUserInterfaceControl.java:225)
Caused by: java.lang.NoClassDefFoundError: Could not initialize class de.uka.ilkd.key.java.abstraction.PrimitiveType
	at de.uka.ilkd.key.nparser.builder.DefaultBuilder.visitSortId(DefaultBuilder.java:327)

800        WARN  main            d.u.i.k.p.r.p.ForkedTestFileRunner Run failed de.uka.ilkd.key.proof.io.ProblemLoaderException: Could not initialize class de.uka.ilkd.key.java.abstraction.PrimitiveType
	at de.uka.ilkd.key.control.AbstractUserInterfaceControl.load(AbstractUserInterfaceControl.java:225)
Caused by: java.lang.NoClassDefFoundError: Could not initialize class de.uka.ilkd.key.java.abstraction.PrimitiveType
	at de.uka.ilkd.key.nparser.builder.DefaultBuilder.visitSortId(DefaultBuilder.java:327)

820        WARN  main            d.u.i.k.p.r.p.ForkedTestFileRunner Run failed de.uka.ilkd.key.proof.io.ProblemLoaderException: Could not initialize class de.uka.ilkd.key.java.abstraction.PrimitiveType
	at de.uka.ilkd.key.control.AbstractUserInterfaceControl.load(AbstractUserInterfaceControl.java:225)
Caused by: java.lang.NoClassDefFoundError: Could not initialize class de.uka.ilkd.key.java.abstraction.PrimitiveType
	at de.uka.ilkd.key.nparser.builder.DefaultBuilder.visitSortId(DefaultBuilder.java:327)

836        WARN  main            d.u.i.k.p.r.p.ForkedTestFileRunner Run failed de.uka.ilkd.key.proof.io.ProblemLoaderException: Could not initialize class de.uka.ilkd.key.java.abstraction.PrimitiveType
	at de.uka.ilkd.key.control.AbstractUserInterfaceControl.load(AbstractUserInterfaceControl.java:225)
Caused by: java.lang.NoClassDefFoundError: Could not initialize class de.uka.ilkd.key.java.abstraction.PrimitiveType
	at de.uka.ilkd.key.nparser.builder.DefaultBuilder.visitSortId(DefaultBuilder.java:327)

847        WARN  main            d.u.i.k.p.r.p.ForkedTestFileRunner Run failed de.uka.ilkd.key.proof.io.ProblemLoaderException: Could not initialize class de.uka.ilkd.key.java.abstraction.PrimitiveType
	at de.uka.ilkd.key.control.AbstractUserInterfaceControl.load(AbstractUserInterfaceControl.java:225)
Caused by: java.lang.NoClassDefFoundError: Could not initialize class de.uka.ilkd.key.java.abstraction.PrimitiveType
	at de.uka.ilkd.key.nparser.builder.DefaultBuilder.visitSortId(DefaultBuilder.java:327)

859        WARN  main            d.u.i.k.p.r.p.ForkedTestFileRunner Run failed de.uka.ilkd.key.proof.io.ProblemLoaderException: Could not initialize class de.uka.ilkd.key.java.abstraction.PrimitiveType
	at de.uka.ilkd.key.control.AbstractUserInterfaceControl.load(AbstractUserInterfaceControl.java:225)
Caused by: java.lang.NoClassDefFoundError: Could not initialize class de.uka.ilkd.key.java.abstraction.PrimitiveType
	at de.uka.ilkd.key.nparser.builder.DefaultBuilder.visitSortId(DefaultBuilder.java:327)

880        WARN  main            d.u.i.k.p.r.p.ForkedTestFileRunner Run failed de.uka.ilkd.key.proof.io.ProblemLoaderException: Could not initialize class de.uka.ilkd.key.java.abstraction.PrimitiveType
	at de.uka.ilkd.key.control.AbstractUserInterfaceControl.load(AbstractUserInterfaceControl.java:225)
Caused by: java.lang.NoClassDefFoundError: Could not initialize class de.uka.ilkd.key.java.abstraction.PrimitiveType
	at de.uka.ilkd.key.nparser.builder.DefaultBuilder.visitSortId(DefaultBuilder.java:327)

898        WARN  main            d.u.i.k.p.r.p.ForkedTestFileRunner Run failed de.uka.ilkd.key.proof.io.ProblemLoaderException: Could not initialize class de.uka.ilkd.key.java.abstraction.PrimitiveType
	at de.uka.ilkd.key.control.AbstractUserInterfaceControl.load(AbstractUserInterfaceControl.java:225)
Caused by: java.lang.NoClassDefFoundError: Could not initialize class de.uka.ilkd.key.java.abstraction.PrimitiveType
	at de.uka.ilkd.key.nparser.builder.DefaultBuilder.visitSortId(DefaultBuilder.java:327)

913        WARN  main            d.u.i.k.p.r.p.ForkedTestFileRunner Run failed de.uka.ilkd.key.proof.io.ProblemLoaderException: Could not initialize class de.uka.ilkd.key.java.abstraction.PrimitiveType
	at de.uka.ilkd.key.control.AbstractUserInterfaceControl.load(AbstractUserInterfaceControl.java:225)
Caused by: java.lang.NoClassDefFoundError: Could not initialize class de.uka.ilkd.key.java.abstraction.PrimitiveType
	at de.uka.ilkd.key.nparser.builder.DefaultBuilder.visitSortId(DefaultBuilder.java:327)

928        WARN  main            d.u.i.k.p.r.p.ForkedTestFileRunner Run failed de.uka.ilkd.key.proof.io.ProblemLoaderException: Could not initialize class de.uka.ilkd.key.java.abstraction.PrimitiveType
	at de.uka.ilkd.key.control.AbstractUserInterfaceControl.load(AbstractUserInterfaceControl.java:225)
Caused by: java.lang.NoClassDefFoundError: Could not initialize class de.uka.ilkd.key.java.abstraction.PrimitiveType
	at de.uka.ilkd.key.nparser.builder.DefaultBuilder.visitSortId(DefaultBuilder.java:327)

938        WARN  main            d.u.i.k.p.r.p.ForkedTestFileRunner Run failed de.uka.ilkd.key.proof.io.ProblemLoaderException: Could not initialize class de.uka.ilkd.key.java.abstraction.PrimitiveType
	at de.uka.ilkd.key.control.AbstractUserInterfaceControl.load(AbstractUserInterfaceControl.java:225)
Caused by: java.lang.NoClassDefFoundError: Could not initialize class de.uka.ilkd.key.java.abstraction.PrimitiveType
	at de.uka.ilkd.key.nparser.builder.DefaultBuilder.visitSortId(DefaultBuilder.java:327)

949        WARN  main            d.u.i.k.p.r.p.ForkedTestFileRunner Run failed de.uka.ilkd.key.proof.io.ProblemLoaderException: Could not initialize class de.uka.ilkd.key.java.abstraction.PrimitiveType
	at de.uka.ilkd.key.control.AbstractUserInterfaceControl.load(AbstractUserInterfaceControl.java:225)
Caused by: java.lang.NoClassDefFoundError: Could not initialize class de.uka.ilkd.key.java.abstraction.PrimitiveType
	at de.uka.ilkd.key.nparser.builder.DefaultBuilder.visitSortId(DefaultBuilder.java:327)

978        WARN  main            d.u.i.k.p.r.p.ForkedTestFileRunner Run failed de.uka.ilkd.key.proof.io.ProblemLoaderException: Could not initialize class de.uka.ilkd.key.java.abstraction.PrimitiveType
	at de.uka.ilkd.key.control.AbstractUserInterfaceControl.load(AbstractUserInterfaceControl.java:225)
Caused by: java.lang.NoClassDefFoundError: Could not initialize class de.uka.ilkd.key.java.abstraction.PrimitiveType
	at de.uka.ilkd.key.nparser.builder.DefaultBuilder.visitSortId(DefaultBuilder.java:327)

988        WARN  main            d.u.i.k.p.r.p.ForkedTestFileRunner Run failed de.uka.ilkd.key.proof.io.ProblemLoaderException: Could not initialize class de.uka.ilkd.key.java.abstraction.PrimitiveType
	at de.uka.ilkd.key.control.AbstractUserInterfaceControl.load(AbstractUserInterfaceControl.java:225)
Caused by: java.lang.NoClassDefFoundError: Could not initialize class de.uka.ilkd.key.java.abstraction.PrimitiveType
	at de.uka.ilkd.key.nparser.builder.DefaultBuilder.visitSortId(DefaultBuilder.java:327)

1007       WARN  main            d.u.i.k.p.r.p.ForkedTestFileRunner Run failed de.uka.ilkd.key.proof.io.ProblemLoaderException: Could not initialize class de.uka.ilkd.key.java.abstraction.PrimitiveType
	at de.uka.ilkd.key.control.AbstractUserInterfaceControl.load(AbstractUserInterfaceControl.java:225)
Caused by: java.lang.NoClassDefFoundError: Could not initialize class de.uka.ilkd.key.java.abstraction.PrimitiveType
	at de.uka.ilkd.key.nparser.builder.DefaultBuilder.visitSortId(DefaultBuilder.java:327)

1033       WARN  main            d.u.i.k.p.r.p.ForkedTestFileRunner Run failed de.uka.ilkd.key.proof.io.ProblemLoaderException: Could not initialize class de.uka.ilkd.key.java.abstraction.PrimitiveType
	at de.uka.ilkd.key.control.AbstractUserInterfaceControl.load(AbstractUserInterfaceControl.java:225)
Caused by: java.lang.NoClassDefFoundError: Could not initialize class de.uka.ilkd.key.java.abstraction.PrimitiveType
	at de.uka.ilkd.key.nparser.builder.DefaultBuilder.visitSortId(DefaultBuilder.java:327)

1042       WARN  main            d.u.i.k.p.r.p.ForkedTestFileRunner Run failed de.uka.ilkd.key.proof.io.ProblemLoaderException: Could not initialize class de.uka.ilkd.key.java.abstraction.PrimitiveType
	at de.uka.ilkd.key.control.AbstractUserInterfaceControl.load(AbstractUserInterfaceControl.java:225)
Caused by: java.lang.NoClassDefFoundError: Could not initialize class de.uka.ilkd.key.java.abstraction.PrimitiveType
	at de.uka.ilkd.key.nparser.builder.DefaultBuilder.visitSortId(DefaultBuilder.java:327)

1055       WARN  main            d.u.i.k.p.r.p.ForkedTestFileRunner Run failed de.uka.ilkd.key.proof.io.ProblemLoaderException: Could not initialize class de.uka.ilkd.key.java.abstraction.PrimitiveType
	at de.uka.ilkd.key.control.AbstractUserInterfaceControl.load(AbstractUserInterfaceControl.java:225)
Caused by: java.lang.NoClassDefFoundError: Could not initialize class de.uka.ilkd.key.java.abstraction.PrimitiveType
	at de.uka.ilkd.key.nparser.builder.DefaultBuilder.visitSortId(DefaultBuilder.java:327)

1066       WARN  main            d.u.i.k.p.r.p.ForkedTestFileRunner Run failed de.uka.ilkd.key.proof.io.ProblemLoaderException: Could not initialize class de.uka.ilkd.key.java.abstraction.PrimitiveType
	at de.uka.ilkd.key.control.AbstractUserInterfaceControl.load(AbstractUserInterfaceControl.java:225)
Caused by: java.lang.NoClassDefFoundError: Could not initialize class de.uka.ilkd.key.java.abstraction.PrimitiveType
	at de.uka.ilkd.key.nparser.builder.DefaultBuilder.visitSortId(DefaultBuilder.java:327)

1074       WARN  main            d.u.i.k.p.r.p.ForkedTestFileRunner Run failed de.uka.ilkd.key.proof.io.ProblemLoaderException: Could not initialize class de.uka.ilkd.key.java.abstraction.PrimitiveType
	at de.uka.ilkd.key.control.AbstractUserInterfaceControl.load(AbstractUserInterfaceControl.java:225)
Caused by: java.lang.NoClassDefFoundError: Could not initialize class de.uka.ilkd.key.java.abstraction.PrimitiveType
	at de.uka.ilkd.key.nparser.builder.DefaultBuilder.visitSortId(DefaultBuilder.java:327)

1083       WARN  main            d.u.i.k.p.r.p.ForkedTestFileRunner Run failed de.uka.ilkd.key.proof.io.ProblemLoaderException: Could not initialize class de.uka.ilkd.key.java.abstraction.PrimitiveType
	at de.uka.ilkd.key.control.AbstractUserInterfaceControl.load(AbstractUserInterfaceControl.java:225)
Caused by: java.lang.NoClassDefFoundError: Could not initialize class de.uka.ilkd.key.java.abstraction.PrimitiveType
	at de.uka.ilkd.key.nparser.builder.DefaultBuilder.visitSortId(DefaultBuilder.java:327)

1097       WARN  main            d.u.i.k.p.r.p.ForkedTestFileRunner Run failed de.uka.ilkd.key.proof.io.ProblemLoaderException: Could not initialize class de.uka.ilkd.key.java.abstraction.PrimitiveType
	at de.uka.ilkd.key.control.AbstractUserInterfaceControl.load(AbstractUserInterfaceControl.java:225)
Caused by: java.lang.NoClassDefFoundError: Could not initialize class de.uka.ilkd.key.java.abstraction.PrimitiveType
	at de.uka.ilkd.key.nparser.builder.DefaultBuilder.visitSortId(DefaultBuilder.java:327)

1109       WARN  main            d.u.i.k.p.r.p.ForkedTestFileRunner Run failed de.uka.ilkd.key.proof.io.ProblemLoaderException: Could not initialize class de.uka.ilkd.key.java.abstraction.PrimitiveType
	at de.uka.ilkd.key.control.AbstractUserInterfaceControl.load(AbstractUserInterfaceControl.java:225)
Caused by: java.lang.NoClassDefFoundError: Could not initialize class de.uka.ilkd.key.java.abstraction.PrimitiveType
	at de.uka.ilkd.key.nparser.builder.DefaultBuilder.visitSortId(DefaultBuilder.java:327)

1116       WARN  main            d.u.i.k.p.r.p.ForkedTestFileRunner Run failed de.uka.ilkd.key.proof.io.ProblemLoaderException: Could not initialize class de.uka.ilkd.key.java.abstraction.PrimitiveType
	at de.uka.ilkd.key.control.AbstractUserInterfaceControl.load(AbstractUserInterfaceControl.java:225)
Caused by: java.lang.NoClassDefFoundError: Could not initialize class de.uka.ilkd.key.java.abstraction.PrimitiveType
	at de.uka.ilkd.key.nparser.builder.DefaultBuilder.visitSortId(DefaultBuilder.java:327)

1125       WARN  main            d.u.i.k.p.r.p.ForkedTestFileRunner Run failed de.uka.ilkd.key.proof.io.ProblemLoaderException: Could not initialize class de.uka.ilkd.key.java.abstraction.PrimitiveType
	at de.uka.ilkd.key.control.AbstractUserInterfaceControl.load(AbstractUserInterfaceControl.java:225)
Caused by: java.lang.NoClassDefFoundError: Could not initialize class de.uka.ilkd.key.java.abstraction.PrimitiveType
	at de.uka.ilkd.key.nparser.builder.DefaultBuilder.visitSortId(DefaultBuilder.java:327)

368        WARN  main            d.u.i.k.s.ProofSettings   The settings in /home/runner/.key/proof-settings.props are *not* read. 
817        WARN  main            d.u.i.k.p.r.p.ForkedTestFileRunner Run failed de.uka.ilkd.key.proof.io.ProblemLoaderException: null
	at de.uka.ilkd.key.control.AbstractUserInterfaceControl.load(AbstractUserInterfaceControl.java:225)
Caused by: java.lang.ExceptionInInitializerError: null
	at de.uka.ilkd.key.nparser.builder.DefaultBuilder.visitSortId(DefaultBuilder.java:327)
Caused by: java.lang.NullPointerException: null
	at de.uka.ilkd.key.java.JavaProgramElement.<init>(JavaProgramElement.java:60)

847        WARN  main            d.u.i.k.p.r.p.ForkedTestFileRunner Run failed de.uka.ilkd.key.proof.io.ProblemLoaderException: Could not initialize class de.uka.ilkd.key.java.abstraction.PrimitiveType
	at de.uka.ilkd.key.control.AbstractUserInterfaceControl.load(AbstractUserInterfaceControl.java:225)
Caused by: java.lang.NoClassDefFoundError: Could not initialize class de.uka.ilkd.key.java.abstraction.PrimitiveType
	at de.uka.ilkd.key.nparser.builder.DefaultBuilder.visitSortId(DefaultBuilder.java:327)

878        WARN  main            d.u.i.k.p.r.p.ForkedTestFileRunner Run failed de.uka.ilkd.key.proof.io.ProblemLoaderException: Could not initialize class de.uka.ilkd.key.java.abstraction.PrimitiveType
	at de.uka.ilkd.key.control.AbstractUserInterfaceControl.load(AbstractUserInterfaceControl.java:225)
Caused by: java.lang.NoClassDefFoundError: Could not initialize class de.uka.ilkd.key.java.abstraction.PrimitiveType
	at de.uka.ilkd.key.nparser.builder.DefaultBuilder.visitSortId(DefaultBuilder.java:327)

898        WARN  main            d.u.i.k.p.r.p.ForkedTestFileRunner Run failed de.uka.ilkd.key.proof.io.ProblemLoaderException: Could not initialize class de.uka.ilkd.key.java.abstraction.PrimitiveType
	at de.uka.ilkd.key.control.AbstractUserInterfaceControl.load(AbstractUserInterfaceControl.java:225)
Caused by: java.lang.NoClassDefFoundError: Could not initialize class de.uka.ilkd.key.java.abstraction.PrimitiveType
	at de.uka.ilkd.key.nparser.builder.DefaultBuilder.visitSortId(DefaultBuilder.java:327)

937        WARN  main            d.u.i.k.p.r.p.ForkedTestFileRunner Run failed de.uka.ilkd.key.proof.io.ProblemLoaderException: Could not initialize class de.uka.ilkd.key.java.abstraction.PrimitiveType
	at de.uka.ilkd.key.control.AbstractUserInterfaceControl.load(AbstractUserInterfaceControl.java:225)
Caused by: java.lang.NoClassDefFoundError: Could not initialize class de.uka.ilkd.key.java.abstraction.PrimitiveType
	at de.uka.ilkd.key.nparser.builder.DefaultBuilder.visitSortId(DefaultBuilder.java:327)

958        WARN  main            d.u.i.k.p.r.p.ForkedTestFileRunner Run failed de.uka.ilkd.key.proof.io.ProblemLoaderException: Could not initialize class de.uka.ilkd.key.java.abstraction.PrimitiveType
	at de.uka.ilkd.key.control.AbstractUserInterfaceControl.load(AbstractUserInterfaceControl.java:225)
Caused by: java.lang.NoClassDefFoundError: Could not initialize class de.uka.ilkd.key.java.abstraction.PrimitiveType
	at de.uka.ilkd.key.nparser.builder.DefaultBuilder.visitSortId(DefaultBuilder.java:327)

973        WARN  main            d.u.i.k.p.r.p.ForkedTestFileRunner Run failed de.uka.ilkd.key.proof.io.ProblemLoaderException: Could not initialize class de.uka.ilkd.key.java.abstraction.PrimitiveType
	at de.uka.ilkd.key.control.AbstractUserInterfaceControl.load(AbstractUserInterfaceControl.java:225)
Caused by: java.lang.NoClassDefFoundError: Could not initialize class de.uka.ilkd.key.java.abstraction.PrimitiveType
	at de.uka.ilkd.key.nparser.builder.DefaultBuilder.visitSortId(DefaultBuilder.java:327)

990        WARN  main            d.u.i.k.p.r.p.ForkedTestFileRunner Run failed de.uka.ilkd.key.proof.io.ProblemLoaderException: Could not initialize class de.uka.ilkd.key.java.abstraction.PrimitiveType
	at de.uka.ilkd.key.control.AbstractUserInterfaceControl.load(AbstractUserInterfaceControl.java:225)
Caused by: java.lang.NoClassDefFoundError: Could not initialize class de.uka.ilkd.key.java.abstraction.PrimitiveType
	at de.uka.ilkd.key.nparser.builder.DefaultBuilder.visitSortId(DefaultBuilder.java:327)

1000       WARN  main            d.u.i.k.p.r.p.ForkedTestFileRunner Run failed de.uka.ilkd.key.proof.io.ProblemLoaderException: Could not initialize class de.uka.ilkd.key.java.abstraction.PrimitiveType
	at de.uka.ilkd.key.control.AbstractUserInterfaceControl.load(AbstractUserInterfaceControl.java:225)
Caused by: java.lang.NoClassDefFoundError: Could not initialize class de.uka.ilkd.key.java.abstraction.PrimitiveType
	at de.uka.ilkd.key.nparser.builder.DefaultBuilder.visitSortId(DefaultBuilder.java:327)

1021       WARN  main            d.u.i.k.p.r.p.ForkedTestFileRunner Run failed de.uka.ilkd.key.proof.io.ProblemLoaderException: Could not initialize class de.uka.ilkd.key.java.abstraction.PrimitiveType
	at de.uka.ilkd.key.control.AbstractUserInterfaceControl.load(AbstractUserInterfaceControl.java:225)
Caused by: java.lang.NoClassDefFoundError: Could not initialize class de.uka.ilkd.key.java.abstraction.PrimitiveType
	at de.uka.ilkd.key.nparser.builder.DefaultBuilder.visitSortId(DefaultBuilder.java:327)

1032       WARN  main            d.u.i.k.p.r.p.ForkedTestFileRunner Run failed de.uka.ilkd.key.proof.io.ProblemLoaderException: Could not initialize class de.uka.ilkd.key.java.abstraction.PrimitiveType
	at de.uka.ilkd.key.control.AbstractUserInterfaceControl.load(AbstractUserInterfaceControl.java:225)
Caused by: java.lang.NoClassDefFoundError: Could not initialize class de.uka.ilkd.key.java.abstraction.PrimitiveType
	at de.uka.ilkd.key.nparser.builder.DefaultBuilder.visitSortId(DefaultBuilder.java:327)

1038       WARN  main            d.u.i.k.p.r.p.ForkedTestFileRunner Run failed de.uka.ilkd.key.proof.io.ProblemLoaderException: Could not initialize class de.uka.ilkd.key.java.abstraction.PrimitiveType
	at de.uka.ilkd.key.control.AbstractUserInterfaceControl.load(AbstractUserInterfaceControl.java:225)
Caused by: java.lang.NoClassDefFoundError: Could not initialize class de.uka.ilkd.key.java.abstraction.PrimitiveType
	at de.uka.ilkd.key.nparser.builder.DefaultBuilder.visitSortId(DefaultBuilder.java:327)

1045       WARN  main            d.u.i.k.p.r.p.ForkedTestFileRunner Run failed de.uka.ilkd.key.proof.io.ProblemLoaderException: Could not initialize class de.uka.ilkd.key.java.abstraction.PrimitiveType
	at de.uka.ilkd.key.control.AbstractUserInterfaceControl.load(AbstractUserInterfaceControl.java:225)
Caused by: java.lang.NoClassDefFoundError: Could not initialize class de.uka.ilkd.key.java.abstraction.PrimitiveType
	at de.uka.ilkd.key.nparser.builder.DefaultBuilder.visitSortId(DefaultBuilder.java:327)

1051       WARN  main            d.u.i.k.p.r.p.ForkedTestFileRunner Run failed de.uka.ilkd.key.proof.io.ProblemLoaderException: Could not initialize class de.uka.ilkd.key.java.abstraction.PrimitiveType
	at de.uka.ilkd.key.control.AbstractUserInterfaceControl.load(AbstractUserInterfaceControl.java:225)
Caused by: java.lang.NoClassDefFoundError: Could not initialize class de.uka.ilkd.key.java.abstraction.PrimitiveType
	at de.uka.ilkd.key.nparser.builder.DefaultBuilder.visitSortId(DefaultBuilder.java:327)

1060       WARN  main            d.u.i.k.p.r.p.ForkedTestFileRunner Run failed de.uka.ilkd.key.proof.io.ProblemLoaderException: Could not initialize class de.uka.ilkd.key.java.abstraction.PrimitiveType
	at de.uka.ilkd.key.control.AbstractUserInterfaceControl.load(AbstractUserInterfaceControl.java:225)
Caused by: java.lang.NoClassDefFoundError: Could not initialize class de.uka.ilkd.key.java.abstraction.PrimitiveType
	at de.uka.ilkd.key.nparser.builder.DefaultBuilder.visitSortId(DefaultBuilder.java:327)

1076       WARN  main            d.u.i.k.p.r.p.ForkedTestFileRunner Run failed de.uka.ilkd.key.proof.io.ProblemLoaderException: Could not initialize class de.uka.ilkd.key.java.abstraction.PrimitiveType
	at de.uka.ilkd.key.control.AbstractUserInterfaceControl.load(AbstractUserInterfaceControl.java:225)
Caused by: java.lang.NoClassDefFoundError: Could not initialize class de.uka.ilkd.key.java.abstraction.PrimitiveType
	at de.uka.ilkd.key.nparser.builder.DefaultBuilder.visitSortId(DefaultBuilder.java:327)

1083       WARN  main            d.u.i.k.p.r.p.ForkedTestFileRunner Run failed de.uka.ilkd.key.proof.io.ProblemLoaderException: Could not initialize class de.uka.ilkd.key.java.abstraction.PrimitiveType
	at de.uka.ilkd.key.control.AbstractUserInterfaceControl.load(AbstractUserInterfaceControl.java:225)
Caused by: java.lang.NoClassDefFoundError: Could not initialize class de.uka.ilkd.key.java.abstraction.PrimitiveType
	at de.uka.ilkd.key.nparser.builder.DefaultBuilder.visitSortId(DefaultBuilder.java:327)

1089       WARN  main            d.u.i.k.p.r.p.ForkedTestFileRunner Run failed de.uka.ilkd.key.proof.io.ProblemLoaderException: Could not initialize class de.uka.ilkd.key.java.abstraction.PrimitiveType
	at de.uka.ilkd.key.control.AbstractUserInterfaceControl.load(AbstractUserInterfaceControl.java:225)
Caused by: java.lang.NoClassDefFoundError: Could not initialize class de.uka.ilkd.key.java.abstraction.PrimitiveType
	at de.uka.ilkd.key.nparser.builder.DefaultBuilder.visitSortId(DefaultBuilder.java:327)

1095       WARN  main            d.u.i.k.p.r.p.ForkedTestFileRunner Run failed de.uka.ilkd.key.proof.io.ProblemLoaderException: Could not initialize class de.uka.ilkd.key.java.abstraction.PrimitiveType
	at de.uka.ilkd.key.control.AbstractUserInterfaceControl.load(AbstractUserInterfaceControl.java:225)
Caused by: java.lang.NoClassDefFoundError: Could not initialize class de.uka.ilkd.key.java.abstraction.PrimitiveType
	at de.uka.ilkd.key.nparser.builder.DefaultBuilder.visitSortId(DefaultBuilder.java:327)

1101       WARN  main            d.u.i.k.p.r.p.ForkedTestFileRunner Run failed de.uka.ilkd.key.proof.io.ProblemLoaderException: Could not initialize class de.uka.ilkd.key.java.abstraction.PrimitiveType
	at de.uka.ilkd.key.control.AbstractUserInterfaceControl.load(AbstractUserInterfaceControl.java:225)
Caused by: java.lang.NoClassDefFoundError: Could not initialize class de.uka.ilkd.key.java.abstraction.PrimitiveType
	at de.uka.ilkd.key.nparser.builder.DefaultBuilder.visitSortId(DefaultBuilder.java:327)

1107       WARN  main            d.u.i.k.p.r.p.ForkedTestFileRunner Run failed de.uka.ilkd.key.proof.io.ProblemLoaderException: Could not initialize class de.uka.ilkd.key.java.abstraction.PrimitiveType
	at de.uka.ilkd.key.control.AbstractUserInterfaceControl.load(AbstractUserInterfaceControl.java:225)
Caused by: java.lang.NoClassDefFoundError: Could not initialize class de.uka.ilkd.key.java.abstraction.PrimitiveType
	at de.uka.ilkd.key.nparser.builder.DefaultBuilder.visitSortId(DefaultBuilder.java:327)

1113       WARN  main            d.u.i.k.p.r.p.ForkedTestFileRunner Run failed de.uka.ilkd.key.proof.io.ProblemLoaderException: Could not initialize class de.uka.ilkd.key.java.abstraction.PrimitiveType
	at de.uka.ilkd.key.control.AbstractUserInterfaceControl.load(AbstractUserInterfaceControl.java:225)
Caused by: java.lang.NoClassDefFoundError: Could not initialize class de.uka.ilkd.key.java.abstraction.PrimitiveType
	at de.uka.ilkd.key.nparser.builder.DefaultBuilder.visitSortId(DefaultBuilder.java:327)

1119       WARN  main            d.u.i.k.p.r.p.ForkedTestFileRunner Run failed de.uka.ilkd.key.proof.io.ProblemLoaderException: Could not initialize class de.uka.ilkd.key.java.abstraction.PrimitiveType
	at de.uka.ilkd.key.control.AbstractUserInterfaceControl.load(AbstractUserInterfaceControl.java:225)
Caused by: java.lang.NoClassDefFoundError: Could not initialize class de.uka.ilkd.key.java.abstraction.PrimitiveType
	at de.uka.ilkd.key.nparser.builder.DefaultBuilder.visitSortId(DefaultBuilder.java:327)

1125       WARN  main            d.u.i.k.p.r.p.ForkedTestFileRunner Run failed de.uka.ilkd.key.proof.io.ProblemLoaderException: Could not initialize class de.uka.ilkd.key.java.abstraction.PrimitiveType
	at de.uka.ilkd.key.control.AbstractUserInterfaceControl.load(AbstractUserInterfaceControl.java:225)
Caused by: java.lang.NoClassDefFoundError: Could not initialize class de.uka.ilkd.key.java.abstraction.PrimitiveType
	at de.uka.ilkd.key.nparser.builder.DefaultBuilder.visitSortId(DefaultBuilder.java:327)

1131       WARN  main            d.u.i.k.p.r.p.ForkedTestFileRunner Run failed de.uka.ilkd.key.proof.io.ProblemLoaderException: Could not initialize class de.uka.ilkd.key.java.abstraction.PrimitiveType
	at de.uka.ilkd.key.control.AbstractUserInterfaceControl.load(AbstractUserInterfaceControl.java:225)
Caused by: java.lang.NoClassDefFoundError: Could not initialize class de.uka.ilkd.key.java.abstraction.PrimitiveType
	at de.uka.ilkd.key.nparser.builder.DefaultBuilder.visitSortId(DefaultBuilder.java:327)

1137       WARN  main            d.u.i.k.p.r.p.ForkedTestFileRunner Run failed de.uka.ilkd.key.proof.io.ProblemLoaderException: Could not initialize class de.uka.ilkd.key.java.abstraction.PrimitiveType
	at de.uka.ilkd.key.control.AbstractUserInterfaceControl.load(AbstractUserInterfaceControl.java:225)
Caused by: java.lang.NoClassDefFoundError: Could not initialize class de.uka.ilkd.key.java.abstraction.PrimitiveType
	at de.uka.ilkd.key.nparser.builder.DefaultBuilder.visitSortId(DefaultBuilder.java:327)

1142       WARN  main            d.u.i.k.p.r.p.ForkedTestFileRunner Run failed de.uka.ilkd.key.proof.io.ProblemLoaderException: Could not initialize class de.uka.ilkd.key.java.abstraction.PrimitiveType
	at de.uka.ilkd.key.control.AbstractUserInterfaceControl.load(AbstractUserInterfaceControl.java:225)
Caused by: java.lang.NoClassDefFoundError: Could not initialize class de.uka.ilkd.key.java.abstraction.PrimitiveType
	at de.uka.ilkd.key.nparser.builder.DefaultBuilder.visitSortId(DefaultBuilder.java:327)

1148       WARN  main            d.u.i.k.p.r.p.ForkedTestFileRunner Run failed de.uka.ilkd.key.proof.io.ProblemLoaderException: Could not initialize class de.uka.ilkd.key.java.abstraction.PrimitiveType
	at de.uka.ilkd.key.control.AbstractUserInterfaceControl.load(AbstractUserInterfaceControl.java:225)
Caused by: java.lang.NoClassDefFoundError: Could not initialize class de.uka.ilkd.key.java.abstraction.PrimitiveType
	at de.uka.ilkd.key.nparser.builder.DefaultBuilder.visitSortId(DefaultBuilder.java:327)

1153       WARN  main            d.u.i.k.p.r.p.ForkedTestFileRunner Run failed de.uka.ilkd.key.proof.io.ProblemLoaderException: Could not initialize class de.uka.ilkd.key.java.abstraction.PrimitiveType
	at de.uka.ilkd.key.control.AbstractUserInterfaceControl.load(AbstractUserInterfaceControl.java:225)
Caused by: java.lang.NoClassDefFoundError: Could not initialize class de.uka.ilkd.key.java.abstraction.PrimitiveType
	at de.uka.ilkd.key.nparser.builder.DefaultBuilder.visitSortId(DefaultBuilder.java:327)

1159       WARN  main            d.u.i.k.p.r.p.ForkedTestFileRunner Run failed de.uka.ilkd.key.proof.io.ProblemLoaderException: Could not initialize class de.uka.ilkd.key.java.abstraction.PrimitiveType
	at de.uka.ilkd.key.control.AbstractUserInterfaceControl.load(AbstractUserInterfaceControl.java:225)
Caused by: java.lang.NoClassDefFoundError: Could not initialize class de.uka.ilkd.key.java.abstraction.PrimitiveType
	at de.uka.ilkd.key.nparser.builder.DefaultBuilder.visitSortId(DefaultBuilder.java:327)

1164       WARN  main            d.u.i.k.p.r.p.ForkedTestFileRunner Run failed de.uka.ilkd.key.proof.io.ProblemLoaderException: Could not initialize class de.uka.ilkd.key.java.abstraction.PrimitiveType
	at de.uka.ilkd.key.control.AbstractUserInterfaceControl.load(AbstractUserInterfaceControl.java:225)
Caused by: java.lang.NoClassDefFoundError: Could not initialize class de.uka.ilkd.key.java.abstraction.PrimitiveType
	at de.uka.ilkd.key.nparser.builder.DefaultBuilder.visitSortId(DefaultBuilder.java:327)

1169       WARN  main            d.u.i.k.p.r.p.ForkedTestFileRunner Run failed de.uka.ilkd.key.proof.io.ProblemLoaderException: Could not initialize class de.uka.ilkd.key.java.abstraction.PrimitiveType
	at de.uka.ilkd.key.control.AbstractUserInterfaceControl.load(AbstractUserInterfaceControl.java:225)
Caused by: java.lang.NoClassDefFoundError: Could not initialize class de.uka.ilkd.key.java.abstraction.PrimitiveType
	at de.uka.ilkd.key.nparser.builder.DefaultBuilder.visitSortId(DefaultBuilder.java:327)

1175       WARN  main            d.u.i.k.p.r.p.ForkedTestFileRunner Run failed de.uka.ilkd.key.proof.io.ProblemLoaderException: Could not initialize class de.uka.ilkd.key.java.abstraction.PrimitiveType
	at de.uka.ilkd.key.control.AbstractUserInterfaceControl.load(AbstractUserInterfaceControl.java:225)
Caused by: java.lang.NoClassDefFoundError: Could not initialize class de.uka.ilkd.key.java.abstraction.PrimitiveType
	at de.uka.ilkd.key.nparser.builder.DefaultBuilder.visitSortId(DefaultBuilder.java:327)

1180       WARN  main            d.u.i.k.p.r.p.ForkedTestFileRunner Run failed de.uka.ilkd.key.proof.io.ProblemLoaderException: Could not initialize class de.uka.ilkd.key.java.abstraction.PrimitiveType
	at de.uka.ilkd.key.control.AbstractUserInterfaceControl.load(AbstractUserInterfaceControl.java:225)
Caused by: java.lang.NoClassDefFoundError: Could not initialize class de.uka.ilkd.key.java.abstraction.PrimitiveType
	at de.uka.ilkd.key.nparser.builder.DefaultBuilder.visitSortId(DefaultBuilder.java:327)

1185       WARN  main            d.u.i.k.p.r.p.ForkedTestFileRunner Run failed de.uka.ilkd.key.proof.io.ProblemLoaderException: Could not initialize class de.uka.ilkd.key.java.abstraction.PrimitiveType
	at de.uka.ilkd.key.control.AbstractUserInterfaceControl.load(AbstractUserInterfaceControl.java:225)
Caused by: java.lang.NoClassDefFoundError: Could not initialize class de.uka.ilkd.key.java.abstraction.PrimitiveType
	at de.uka.ilkd.key.nparser.builder.DefaultBuilder.visitSortId(DefaultBuilder.java:327)

1191       WARN  main            d.u.i.k.p.r.p.ForkedTestFileRunner Run failed de.uka.ilkd.key.proof.io.ProblemLoaderException: Could not initialize class de.uka.ilkd.key.java.abstraction.PrimitiveType
	at de.uka.ilkd.key.control.AbstractUserInterfaceControl.load(AbstractUserInterfaceControl.java:225)
Caused by: java.lang.NoClassDefFoundError: Could not initialize class de.uka.ilkd.key.java.abstraction.PrimitiveType
	at de.uka.ilkd.key.nparser.builder.DefaultBuilder.visitSortId(DefaultBuilder.java:327)

1196       WARN  main            d.u.i.k.p.r.p.ForkedTestFileRunner Run failed de.uka.ilkd.key.proof.io.ProblemLoaderException: Could not initialize class de.uka.ilkd.key.java.abstraction.PrimitiveType
	at de.uka.ilkd.key.control.AbstractUserInterfaceControl.load(AbstractUserInterfaceControl.java:225)
Caused by: java.lang.NoClassDefFoundError: Could not initialize class de.uka.ilkd.key.java.abstraction.PrimitiveType
	at de.uka.ilkd.key.nparser.builder.DefaultBuilder.visitSortId(DefaultBuilder.java:327)

1201       WARN  main            d.u.i.k.p.r.p.ForkedTestFileRunner Run failed de.uka.ilkd.key.proof.io.ProblemLoaderException: Could not initialize class de.uka.ilkd.key.java.abstraction.PrimitiveType
	at de.uka.ilkd.key.control.AbstractUserInterfaceControl.load(AbstractUserInterfaceControl.java:225)
Caused by: java.lang.NoClassDefFoundError: Could not initialize class de.uka.ilkd.key.java.abstraction.PrimitiveType
	at de.uka.ilkd.key.nparser.builder.DefaultBuilder.visitSortId(DefaultBuilder.java:327)

1206       WARN  main            d.u.i.k.p.r.p.ForkedTestFileRunner Run failed de.uka.ilkd.key.proof.io.ProblemLoaderException: Could not initialize class de.uka.ilkd.key.java.abstraction.PrimitiveType
	at de.uka.ilkd.key.control.AbstractUserInterfaceControl.load(AbstractUserInterfaceControl.java:225)
Caused by: java.lang.NoClassDefFoundError: Could not initialize class de.uka.ilkd.key.java.abstraction.PrimitiveType
	at de.uka.ilkd.key.nparser.builder.DefaultBuilder.visitSortId(DefaultBuilder.java:327)

1211       WARN  main            d.u.i.k.p.r.p.ForkedTestFileRunner Run failed de.uka.ilkd.key.proof.io.ProblemLoaderException: Could not initialize class de.uka.ilkd.key.java.abstraction.PrimitiveType
	at de.uka.ilkd.key.control.AbstractUserInterfaceControl.load(AbstractUserInterfaceControl.java:225)
Caused by: java.lang.NoClassDefFoundError: Could not initialize class de.uka.ilkd.key.java.abstraction.PrimitiveType
	at de.uka.ilkd.key.nparser.builder.DefaultBuilder.visitSortId(DefaultBuilder.java:327)

1216       WARN  main            d.u.i.k.p.r.p.ForkedTestFileRunner Run failed de.uka.ilkd.key.proof.io.ProblemLoaderException: Could not initialize class de.uka.ilkd.key.java.abstraction.PrimitiveType
	at de.uka.ilkd.key.control.AbstractUserInterfaceControl.load(AbstractUserInterfaceControl.java:225)
Caused by: java.lang.NoClassDefFoundError: Could not initialize class de.uka.ilkd.key.java.abstraction.PrimitiveType
	at de.uka.ilkd.key.nparser.builder.DefaultBuilder.visitSortId(DefaultBuilder.java:327)

1222       WARN  main            d.u.i.k.p.r.p.ForkedTestFileRunner Run failed de.uka.ilkd.key.proof.io.ProblemLoaderException: Could not initialize class de.uka.ilkd.key.java.abstraction.PrimitiveType
	at de.uka.ilkd.key.control.AbstractUserInterfaceControl.load(AbstractUserInterfaceControl.java:225)
Caused by: java.lang.NoClassDefFoundError: Could not initialize class de.uka.ilkd.key.java.abstraction.PrimitiveType
	at de.uka.ilkd.key.nparser.builder.DefaultBuilder.visitSortId(DefaultBuilder.java:327)

1227       WARN  main            d.u.i.k.p.r.p.ForkedTestFileRunner Run failed de.uka.ilkd.key.proof.io.ProblemLoaderException: Could not initialize class de.uka.ilkd.key.java.abstraction.PrimitiveType
	at de.uka.ilkd.key.control.AbstractUserInterfaceControl.load(AbstractUserInterfaceControl.java:225)
Caused by: java.lang.NoClassDefFoundError: Could not initialize class de.uka.ilkd.key.java.abstraction.PrimitiveType
	at de.uka.ilkd.key.nparser.builder.DefaultBuilder.visitSortId(DefaultBuilder.java:327)

1232       WARN  main            d.u.i.k.p.r.p.ForkedTestFileRunner Run failed de.uka.ilkd.key.proof.io.ProblemLoaderException: Could not initialize class de.uka.ilkd.key.java.abstraction.PrimitiveType
	at de.uka.ilkd.key.control.AbstractUserInterfaceControl.load(AbstractUserInterfaceControl.java:225)
Caused by: java.lang.NoClassDefFoundError: Could not initialize class de.uka.ilkd.key.java.abstraction.PrimitiveType
	at de.uka.ilkd.key.nparser.builder.DefaultBuilder.visitSortId(DefaultBuilder.java:327)

1237       WARN  main            d.u.i.k.p.r.p.ForkedTestFileRunner Run failed de.uka.ilkd.key.proof.io.ProblemLoaderException: Could not initialize class de.uka.ilkd.key.java.abstraction.PrimitiveType
	at de.uka.ilkd.key.control.AbstractUserInterfaceControl.load(AbstractUserInterfaceControl.java:225)
Caused by: java.lang.NoClassDefFoundError: Could not initialize class de.uka.ilkd.key.java.abstraction.PrimitiveType
	at de.uka.ilkd.key.nparser.builder.DefaultBuilder.visitSortId(DefaultBuilder.java:327)

1242       WARN  main            d.u.i.k.p.r.p.ForkedTestFileRunner Run failed de.uka.ilkd.key.proof.io.ProblemLoaderException: Could not initialize class de.uka.ilkd.key.java.abstraction.PrimitiveType
	at de.uka.ilkd.key.control.AbstractUserInterfaceControl.load(AbstractUserInterfaceControl.java:225)
Caused by: java.lang.NoClassDefFoundError: Could not initialize class de.uka.ilkd.key.java.abstraction.PrimitiveType
	at de.uka.ilkd.key.nparser.builder.DefaultBuilder.visitSortId(DefaultBuilder.java:327)

1247       WARN  main            d.u.i.k.p.r.p.ForkedTestFileRunner Run failed de.uka.ilkd.key.proof.io.ProblemLoaderException: Could not initialize class de.uka.ilkd.key.java.abstraction.PrimitiveType
	at de.uka.ilkd.key.control.AbstractUserInterfaceControl.load(AbstractUserInterfaceControl.java:225)
Caused by: java.lang.NoClassDefFoundError: Could not initialize class de.uka.ilkd.key.java.abstraction.PrimitiveType
	at de.uka.ilkd.key.nparser.builder.DefaultBuilder.visitSortId(DefaultBuilder.java:327)

1251       WARN  main            d.u.i.k.p.r.p.ForkedTestFileRunner Run failed de.uka.ilkd.key.proof.io.ProblemLoaderException: Could not initialize class de.uka.ilkd.key.java.abstraction.PrimitiveType
	at de.uka.ilkd.key.control.AbstractUserInterfaceControl.load(AbstractUserInterfaceControl.java:225)
Caused by: java.lang.NoClassDefFoundError: Could not initialize class de.uka.ilkd.key.java.abstraction.PrimitiveType
	at de.uka.ilkd.key.nparser.builder.DefaultBuilder.visitSortId(DefaultBuilder.java:327)

1256       WARN  main            d.u.i.k.p.r.p.ForkedTestFileRunner Run failed de.uka.ilkd.key.proof.io.ProblemLoaderException: Could not initialize class de.uka.ilkd.key.java.abstraction.PrimitiveType
	at de.uka.ilkd.key.control.AbstractUserInterfaceControl.load(AbstractUserInterfaceControl.java:225)
Caused by: java.lang.NoClassDefFoundError: Could not initialize class de.uka.ilkd.key.java.abstraction.PrimitiveType
	at de.uka.ilkd.key.nparser.builder.DefaultBuilder.visitSortId(DefaultBuilder.java:327)

1261       WARN  main            d.u.i.k.p.r.p.ForkedTestFileRunner Run failed de.uka.ilkd.key.proof.io.ProblemLoaderException: Could not initialize class de.uka.ilkd.key.java.abstraction.PrimitiveType
	at de.uka.ilkd.key.control.AbstractUserInterfaceControl.load(AbstractUserInterfaceControl.java:225)
Caused by: java.lang.NoClassDefFoundError: Could not initialize class de.uka.ilkd.key.java.abstraction.PrimitiveType
	at de.uka.ilkd.key.nparser.builder.DefaultBuilder.visitSortId(DefaultBuilder.java:327)

1266       WARN  main            d.u.i.k.p.r.p.ForkedTestFileRunner Run failed de.uka.ilkd.key.proof.io.ProblemLoaderException: Could not initialize class de.uka.ilkd.key.java.abstraction.PrimitiveType
	at de.uka.ilkd.key.control.AbstractUserInterfaceControl.load(AbstractUserInterfaceControl.java:225)
Caused by: java.lang.NoClassDefFoundError: Could not initialize class de.uka.ilkd.key.java.abstraction.PrimitiveType
	at de.uka.ilkd.key.nparser.builder.DefaultBuilder.visitSortId(DefaultBuilder.java:327)

1271       WARN  main            d.u.i.k.p.r.p.ForkedTestFileRunner Run failed de.uka.ilkd.key.proof.io.ProblemLoaderException: Could not initialize class de.uka.ilkd.key.java.abstraction.PrimitiveType
	at de.uka.ilkd.key.control.AbstractUserInterfaceControl.load(AbstractUserInterfaceControl.java:225)
Caused by: java.lang.NoClassDefFoundError: Could not initialize class de.uka.ilkd.key.java.abstraction.PrimitiveType
	at de.uka.ilkd.key.nparser.builder.DefaultBuilder.visitSortId(DefaultBuilder.java:327)

1276       WARN  main            d.u.i.k.p.r.p.ForkedTestFileRunner Run failed de.uka.ilkd.key.proof.io.ProblemLoaderException: Could not initialize class de.uka.ilkd.key.java.abstraction.PrimitiveType
	at de.uka.ilkd.key.control.AbstractUserInterfaceControl.load(AbstractUserInterfaceControl.java:225)
Caused by: java.lang.NoClassDefFoundError: Could not initialize class de.uka.ilkd.key.java.abstraction.PrimitiveType
	at de.uka.ilkd.key.nparser.builder.DefaultBuilder.visitSortId(DefaultBuilder.java:327)

1281       WARN  main            d.u.i.k.p.r.p.ForkedTestFileRunner Run failed de.uka.ilkd.key.proof.io.ProblemLoaderException: Could not initialize class de.uka.ilkd.key.java.abstraction.PrimitiveType
	at de.uka.ilkd.key.control.AbstractUserInterfaceControl.load(AbstractUserInterfaceControl.java:225)
Caused by: java.lang.NoClassDefFoundError: Could not initialize class de.uka.ilkd.key.java.abstraction.PrimitiveType
	at de.uka.ilkd.key.nparser.builder.DefaultBuilder.visitSortId(DefaultBuilder.java:327)

1288       WARN  main            d.u.i.k.p.r.p.ForkedTestFileRunner Run failed de.uka.ilkd.key.proof.io.ProblemLoaderException: Could not initialize class de.uka.ilkd.key.java.abstraction.PrimitiveType
	at de.uka.ilkd.key.control.AbstractUserInterfaceControl.load(AbstractUserInterfaceControl.java:225)
Caused by: java.lang.NoClassDefFoundError: Could not initialize class de.uka.ilkd.key.java.abstraction.PrimitiveType
	at de.uka.ilkd.key.nparser.builder.DefaultBuilder.visitSortId(DefaultBuilder.java:327)

1296       WARN  main            d.u.i.k.p.r.p.ForkedTestFileRunner Run failed de.uka.ilkd.key.proof.io.ProblemLoaderException: Could not initialize class de.uka.ilkd.key.java.abstraction.PrimitiveType
	at de.uka.ilkd.key.control.AbstractUserInterfaceControl.load(AbstractUserInterfaceControl.java:225)
Caused by: java.lang.NoClassDefFoundError: Could not initialize class de.uka.ilkd.key.java.abstraction.PrimitiveType
	at de.uka.ilkd.key.nparser.builder.DefaultBuilder.visitSortId(DefaultBuilder.java:327)

1302       WARN  main            d.u.i.k.p.r.p.ForkedTestFileRunner Run failed de.uka.ilkd.key.proof.io.ProblemLoaderException: Could not initialize class de.uka.ilkd.key.java.abstraction.PrimitiveType
	at de.uka.ilkd.key.control.AbstractUserInterfaceControl.load(AbstractUserInterfaceControl.java:225)
Caused by: java.lang.NoClassDefFoundError: Could not initialize class de.uka.ilkd.key.java.abstraction.PrimitiveType
	at de.uka.ilkd.key.nparser.builder.DefaultBuilder.visitSortId(DefaultBuilder.java:327)

1308       WARN  main            d.u.i.k.p.r.p.ForkedTestFileRunner Run failed de.uka.ilkd.key.proof.io.ProblemLoaderException: Could not initialize class de.uka.ilkd.key.java.abstraction.PrimitiveType
	at de.uka.ilkd.key.control.AbstractUserInterfaceControl.load(AbstractUserInterfaceControl.java:225)
Caused by: java.lang.NoClassDefFoundError: Could not initialize class de.uka.ilkd.key.java.abstraction.PrimitiveType
	at de.uka.ilkd.key.nparser.builder.DefaultBuilder.visitSortId(DefaultBuilder.java:327)

1316       WARN  main            d.u.i.k.p.r.p.ForkedTestFileRunner Run failed de.uka.ilkd.key.proof.io.ProblemLoaderException: Could not initialize class de.uka.ilkd.key.java.abstraction.PrimitiveType
	at de.uka.ilkd.key.control.AbstractUserInterfaceControl.load(AbstractUserInterfaceControl.java:225)
Caused by: java.lang.NoClassDefFoundError: Could not initialize class de.uka.ilkd.key.java.abstraction.PrimitiveType
	at de.uka.ilkd.key.nparser.builder.DefaultBuilder.visitSortId(DefaultBuilder.java:327)

1321       WARN  main            d.u.i.k.p.r.p.ForkedTestFileRunner Run failed de.uka.ilkd.key.proof.io.ProblemLoaderException: Could not initialize class de.uka.ilkd.key.java.abstraction.PrimitiveType
	at de.uka.ilkd.key.control.AbstractUserInterfaceControl.load(AbstractUserInterfaceControl.java:225)
Caused by: java.lang.NoClassDefFoundError: Could not initialize class de.uka.ilkd.key.java.abstraction.PrimitiveType
	at de.uka.ilkd.key.nparser.builder.DefaultBuilder.visitSortId(DefaultBuilder.java:327)

1326       WARN  main            d.u.i.k.p.r.p.ForkedTestFileRunner Run failed de.uka.ilkd.key.proof.io.ProblemLoaderException: Could not initialize class de.uka.ilkd.key.java.abstraction.PrimitiveType
	at de.uka.ilkd.key.control.AbstractUserInterfaceControl.load(AbstractUserInterfaceControl.java:225)
Caused by: java.lang.NoClassDefFoundError: Could not initialize class de.uka.ilkd.key.java.abstraction.PrimitiveType
	at de.uka.ilkd.key.nparser.builder.DefaultBuilder.visitSortId(DefaultBuilder.java:327)

1332       WARN  main            d.u.i.k.p.r.p.ForkedTestFileRunner Run failed de.uka.ilkd.key.proof.io.ProblemLoaderException: Could not initialize class de.uka.ilkd.key.java.abstraction.PrimitiveType
	at de.uka.ilkd.key.control.AbstractUserInterfaceControl.load(AbstractUserInterfaceControl.java:225)
Caused by: java.lang.NoClassDefFoundError: Could not initialize class de.uka.ilkd.key.java.abstraction.PrimitiveType
	at de.uka.ilkd.key.nparser.builder.DefaultBuilder.visitSortId(DefaultBuilder.java:327)

1337       WARN  main            d.u.i.k.p.r.p.ForkedTestFileRunner Run failed de.uka.ilkd.key.proof.io.ProblemLoaderException: Could not initialize class de.uka.ilkd.key.java.abstraction.PrimitiveType
	at de.uka.ilkd.key.control.AbstractUserInterfaceControl.load(AbstractUserInterfaceControl.java:225)
Caused by: java.lang.NoClassDefFoundError: Could not initialize class de.uka.ilkd.key.java.abstraction.PrimitiveType
	at de.uka.ilkd.key.nparser.builder.DefaultBuilder.visitSortId(DefaultBuilder.java:327)

1352       WARN  main            d.u.i.k.p.r.p.ForkedTestFileRunner Run failed de.uka.ilkd.key.proof.io.ProblemLoaderException: Could not initialize class de.uka.ilkd.key.java.abstraction.PrimitiveType
	at de.uka.ilkd.key.control.AbstractUserInterfaceControl.load(AbstractUserInterfaceControl.java:225)
Caused by: java.lang.NoClassDefFoundError: Could not initialize class de.uka.ilkd.key.java.abstraction.PrimitiveType
	at de.uka.ilkd.key.nparser.builder.DefaultBuilder.visitSortId(DefaultBuilder.java:327)

1359       WARN  main            d.u.i.k.p.r.p.ForkedTestFileRunner Run failed de.uka.ilkd.key.proof.io.ProblemLoaderException: Could not initialize class de.uka.ilkd.key.java.abstraction.PrimitiveType
	at de.uka.ilkd.key.control.AbstractUserInterfaceControl.load(AbstractUserInterfaceControl.java:225)
Caused by: java.lang.NoClassDefFoundError: Could not initialize class de.uka.ilkd.key.java.abstraction.PrimitiveType
	at de.uka.ilkd.key.nparser.builder.DefaultBuilder.visitSortId(DefaultBuilder.java:327)

1365       WARN  main            d.u.i.k.p.r.p.ForkedTestFileRunner Run failed de.uka.ilkd.key.proof.io.ProblemLoaderException: Could not initialize class de.uka.ilkd.key.java.abstraction.PrimitiveType
	at de.uka.ilkd.key.control.AbstractUserInterfaceControl.load(AbstractUserInterfaceControl.java:225)
Caused by: java.lang.NoClassDefFoundError: Could not initialize class de.uka.ilkd.key.java.abstraction.PrimitiveType
	at de.uka.ilkd.key.nparser.builder.DefaultBuilder.visitSortId(DefaultBuilder.java:327)

1370       WARN  main            d.u.i.k.p.r.p.ForkedTestFileRunner Run failed de.uka.ilkd.key.proof.io.ProblemLoaderException: Could not initialize class de.uka.ilkd.key.java.abstraction.PrimitiveType
	at de.uka.ilkd.key.control.AbstractUserInterfaceControl.load(AbstractUserInterfaceControl.java:225)
Caused by: java.lang.NoClassDefFoundError: Could not initialize class de.uka.ilkd.key.java.abstraction.PrimitiveType
	at de.uka.ilkd.key.nparser.builder.DefaultBuilder.visitSortId(DefaultBuilder.java:327)

1375       WARN  main            d.u.i.k.p.r.p.ForkedTestFileRunner Run failed de.uka.ilkd.key.proof.io.ProblemLoaderException: Could not initialize class de.uka.ilkd.key.java.abstraction.PrimitiveType
	at de.uka.ilkd.key.control.AbstractUserInterfaceControl.load(AbstractUserInterfaceControl.java:225)
Caused by: java.lang.NoClassDefFoundError: Could not initialize class de.uka.ilkd.key.java.abstraction.PrimitiveType
	at de.uka.ilkd.key.nparser.builder.DefaultBuilder.visitSortId(DefaultBuilder.java:327)

1382       WARN  main            d.u.i.k.p.r.p.ForkedTestFileRunner Run failed de.uka.ilkd.key.proof.io.ProblemLoaderException: Could not initialize class de.uka.ilkd.key.java.abstraction.PrimitiveType
	at de.uka.ilkd.key.control.AbstractUserInterfaceControl.load(AbstractUserInterfaceControl.java:225)
Caused by: java.lang.NoClassDefFoundError: Could not initialize class de.uka.ilkd.key.java.abstraction.PrimitiveType
	at de.uka.ilkd.key.nparser.builder.DefaultBuilder.visitSortId(DefaultBuilder.java:327)

1388       WARN  main            d.u.i.k.p.r.p.ForkedTestFileRunner Run failed de.uka.ilkd.key.proof.io.ProblemLoaderException: Could not initialize class de.uka.ilkd.key.java.abstraction.PrimitiveType
	at de.uka.ilkd.key.control.AbstractUserInterfaceControl.load(AbstractUserInterfaceControl.java:225)
Caused by: java.lang.NoClassDefFoundError: Could not initialize class de.uka.ilkd.key.java.abstraction.PrimitiveType
	at de.uka.ilkd.key.nparser.builder.DefaultBuilder.visitSortId(DefaultBuilder.java:327)

1393       WARN  main            d.u.i.k.p.r.p.ForkedTestFileRunner Run failed de.uka.ilkd.key.proof.io.ProblemLoaderException: Could not initialize class de.uka.ilkd.key.java.abstraction.PrimitiveType
	at de.uka.ilkd.key.control.AbstractUserInterfaceControl.load(AbstractUserInterfaceControl.java:225)
Caused by: java.lang.NoClassDefFoundError: Could not initialize class de.uka.ilkd.key.java.abstraction.PrimitiveType
	at de.uka.ilkd.key.nparser.builder.DefaultBuilder.visitSortId(DefaultBuilder.java:327)

1398       WARN  main            d.u.i.k.p.r.p.ForkedTestFileRunner Run failed de.uka.ilkd.key.proof.io.ProblemLoaderException: Could not initialize class de.uka.ilkd.key.java.abstraction.PrimitiveType
	at de.uka.ilkd.key.control.AbstractUserInterfaceControl.load(AbstractUserInterfaceControl.java:225)
Caused by: java.lang.NoClassDefFoundError: Could not initialize class de.uka.ilkd.key.java.abstraction.PrimitiveType
	at de.uka.ilkd.key.nparser.builder.DefaultBuilder.visitSortId(DefaultBuilder.java:327)

1412       WARN  main            d.u.i.k.p.r.p.ForkedTestFileRunner Run failed de.uka.ilkd.key.proof.io.ProblemLoaderException: Could not initialize class de.uka.ilkd.key.java.abstraction.PrimitiveType
	at de.uka.ilkd.key.control.AbstractUserInterfaceControl.load(AbstractUserInterfaceControl.java:225)
Caused by: java.lang.NoClassDefFoundError: Could not initialize class de.uka.ilkd.key.java.abstraction.PrimitiveType
	at de.uka.ilkd.key.nparser.builder.DefaultBuilder.visitSortId(DefaultBuilder.java:327)

1417       WARN  main            d.u.i.k.p.r.p.ForkedTestFileRunner Run failed de.uka.ilkd.key.proof.io.ProblemLoaderException: Could not initialize class de.uka.ilkd.key.java.abstraction.PrimitiveType
	at de.uka.ilkd.key.control.AbstractUserInterfaceControl.load(AbstractUserInterfaceControl.java:225)
Caused by: java.lang.NoClassDefFoundError: Could not initialize class de.uka.ilkd.key.java.abstraction.PrimitiveType
	at de.uka.ilkd.key.nparser.builder.DefaultBuilder.visitSortId(DefaultBuilder.java:327)

1422       WARN  main            d.u.i.k.p.r.p.ForkedTestFileRunner Run failed de.uka.ilkd.key.proof.io.ProblemLoaderException: Could not initialize class de.uka.ilkd.key.java.abstraction.PrimitiveType
	at de.uka.ilkd.key.control.AbstractUserInterfaceControl.load(AbstractUserInterfaceControl.java:225)
Caused by: java.lang.NoClassDefFoundError: Could not initialize class de.uka.ilkd.key.java.abstraction.PrimitiveType
	at de.uka.ilkd.key.nparser.builder.DefaultBuilder.visitSortId(DefaultBuilder.java:327)

1426       WARN  main            d.u.i.k.p.r.p.ForkedTestFileRunner Run failed de.uka.ilkd.key.proof.io.ProblemLoaderException: Could not initialize class de.uka.ilkd.key.java.abstraction.PrimitiveType
	at de.uka.ilkd.key.control.AbstractUserInterfaceControl.load(AbstractUserInterfaceControl.java:225)
Caused by: java.lang.NoClassDefFoundError: Could not initialize class de.uka.ilkd.key.java.abstraction.PrimitiveType
	at de.uka.ilkd.key.nparser.builder.DefaultBuilder.visitSortId(DefaultBuilder.java:327)

1436       WARN  main            d.u.i.k.p.r.p.ForkedTestFileRunner Run failed de.uka.ilkd.key.proof.io.ProblemLoaderException: Could not initialize class de.uka.ilkd.key.java.abstraction.PrimitiveType
	at de.uka.ilkd.key.control.AbstractUserInterfaceControl.load(AbstractUserInterfaceControl.java:225)
Caused by: java.lang.NoClassDefFoundError: Could not initialize class de.uka.ilkd.key.java.abstraction.PrimitiveType
	at de.uka.ilkd.key.nparser.builder.DefaultBuilder.visitSortId(DefaultBuilder.java:327)

1441       WARN  main            d.u.i.k.p.r.p.ForkedTestFileRunner Run failed de.uka.ilkd.key.proof.io.ProblemLoaderException: Could not initialize class de.uka.ilkd.key.java.abstraction.PrimitiveType
	at de.uka.ilkd.key.control.AbstractUserInterfaceControl.load(AbstractUserInterfaceControl.java:225)
Caused by: java.lang.NoClassDefFoundError: Could not initialize class de.uka.ilkd.key.java.abstraction.PrimitiveType
	at de.uka.ilkd.key.nparser.builder.DefaultBuilder.visitSortId(DefaultBuilder.java:327)

1446       WARN  main            d.u.i.k.p.r.p.ForkedTestFileRunner Run failed de.uka.ilkd.key.proof.io.ProblemLoaderException: Could not initialize class de.uka.ilkd.key.java.abstraction.PrimitiveType
	at de.uka.ilkd.key.control.AbstractUserInterfaceControl.load(AbstractUserInterfaceControl.java:225)
Caused by: java.lang.NoClassDefFoundError: Could not initialize class de.uka.ilkd.key.java.abstraction.PrimitiveType
	at de.uka.ilkd.key.nparser.builder.DefaultBuilder.visitSortId(DefaultBuilder.java:327)

1452       WARN  main            d.u.i.k.p.r.p.ForkedTestFileRunner Run failed de.uka.ilkd.key.proof.io.ProblemLoaderException: Could not initialize class de.uka.ilkd.key.java.abstraction.PrimitiveType
	at de.uka.ilkd.key.control.AbstractUserInterfaceControl.load(AbstractUserInterfaceControl.java:225)
Caused by: java.lang.NoClassDefFoundError: Could not initialize class de.uka.ilkd.key.java.abstraction.PrimitiveType
	at de.uka.ilkd.key.nparser.builder.DefaultBuilder.visitSortId(DefaultBuilder.java:327)

1457       WARN  main            d.u.i.k.p.r.p.ForkedTestFileRunner Run failed de.uka.ilkd.key.proof.io.ProblemLoaderException: Could not initialize class de.uka.ilkd.key.java.abstraction.PrimitiveType
	at de.uka.ilkd.key.control.AbstractUserInterfaceControl.load(AbstractUserInterfaceControl.java:225)
Caused by: java.lang.NoClassDefFoundError: Could not initialize class de.uka.ilkd.key.java.abstraction.PrimitiveType
	at de.uka.ilkd.key.nparser.builder.DefaultBuilder.visitSortId(DefaultBuilder.java:327)

1461       WARN  main            d.u.i.k.p.r.p.ForkedTestFileRunner Run failed de.uka.ilkd.key.proof.io.ProblemLoaderException: Could not initialize class de.uka.ilkd.key.java.abstraction.PrimitiveType
	at de.uka.ilkd.key.control.AbstractUserInterfaceControl.load(AbstractUserInterfaceControl.java:225)
Caused by: java.lang.NoClassDefFoundError: Could not initialize class de.uka.ilkd.key.java.abstraction.PrimitiveType
	at de.uka.ilkd.key.nparser.builder.DefaultBuilder.visitSortId(DefaultBuilder.java:327)

1467       WARN  main            d.u.i.k.p.r.p.ForkedTestFileRunner Run failed de.uka.ilkd.key.proof.io.ProblemLoaderException: Could not initialize class de.uka.ilkd.key.java.abstraction.PrimitiveType
	at de.uka.ilkd.key.control.AbstractUserInterfaceControl.load(AbstractUserInterfaceControl.java:225)
Caused by: java.lang.NoClassDefFoundError: Could not initialize class de.uka.ilkd.key.java.abstraction.PrimitiveType
	at de.uka.ilkd.key.nparser.builder.DefaultBuilder.visitSortId(DefaultBuilder.java:327)

1473       WARN  main            d.u.i.k.p.r.p.ForkedTestFileRunner Run failed de.uka.ilkd.key.proof.io.ProblemLoaderException: Could not initialize class de.uka.ilkd.key.java.abstraction.PrimitiveType
	at de.uka.ilkd.key.control.AbstractUserInterfaceControl.load(AbstractUserInterfaceControl.java:225)
Caused by: java.lang.NoClassDefFoundError: Could not initialize class de.uka.ilkd.key.java.abstraction.PrimitiveType
	at de.uka.ilkd.key.nparser.builder.DefaultBuilder.visitSortId(DefaultBuilder.java:327)

1479       WARN  main            d.u.i.k.p.r.p.ForkedTestFileRunner Run failed de.uka.ilkd.key.proof.io.ProblemLoaderException: Could not initialize class de.uka.ilkd.key.java.abstraction.PrimitiveType
	at de.uka.ilkd.key.control.AbstractUserInterfaceControl.load(AbstractUserInterfaceControl.java:225)
Caused by: java.lang.NoClassDefFoundError: Could not initialize class de.uka.ilkd.key.java.abstraction.PrimitiveType
	at de.uka.ilkd.key.nparser.builder.DefaultBuilder.visitSortId(DefaultBuilder.java:327)

1489       WARN  main            d.u.i.k.p.r.p.ForkedTestFileRunner Run failed de.uka.ilkd.key.proof.io.ProblemLoaderException: Could not initialize class de.uka.ilkd.key.java.abstraction.PrimitiveType
	at de.uka.ilkd.key.control.AbstractUserInterfaceControl.load(AbstractUserInterfaceControl.java:225)
Caused by: java.lang.NoClassDefFoundError: Could not initialize class de.uka.ilkd.key.java.abstraction.PrimitiveType
	at de.uka.ilkd.key.nparser.builder.DefaultBuilder.visitSortId(DefaultBuilder.java:327)

1495       WARN  main            d.u.i.k.p.r.p.ForkedTestFileRunner Run failed de.uka.ilkd.key.proof.io.ProblemLoaderException: Could not initialize class de.uka.ilkd.key.java.abstraction.PrimitiveType
	at de.uka.ilkd.key.control.AbstractUserInterfaceControl.load(AbstractUserInterfaceControl.java:225)
Caused by: java.lang.NoClassDefFoundError: Could not initialize class de.uka.ilkd.key.java.abstraction.PrimitiveType
	at de.uka.ilkd.key.nparser.builder.DefaultBuilder.visitSortId(DefaultBuilder.java:327)

1501       WARN  main            d.u.i.k.p.r.p.ForkedTestFileRunner Run failed de.uka.ilkd.key.proof.io.ProblemLoaderException: Could not initialize class de.uka.ilkd.key.java.abstraction.PrimitiveType
	at de.uka.ilkd.key.control.AbstractUserInterfaceControl.load(AbstractUserInterfaceControl.java:225)
Caused by: java.lang.NoClassDefFoundError: Could not initialize class de.uka.ilkd.key.java.abstraction.PrimitiveType
	at de.uka.ilkd.key.nparser.builder.DefaultBuilder.visitSortId(DefaultBuilder.java:327)

1507       WARN  main            d.u.i.k.p.r.p.ForkedTestFileRunner Run failed de.uka.ilkd.key.proof.io.ProblemLoaderException: Could not initialize class de.uka.ilkd.key.java.abstraction.PrimitiveType
	at de.uka.ilkd.key.control.AbstractUserInterfaceControl.load(AbstractUserInterfaceControl.java:225)
Caused by: java.lang.NoClassDefFoundError: Could not initialize class de.uka.ilkd.key.java.abstraction.PrimitiveType
	at de.uka.ilkd.key.nparser.builder.DefaultBuilder.visitSortId(DefaultBuilder.java:327)

340        WARN  main            d.u.i.k.s.ProofSettings   The settings in /home/runner/.key/proof-settings.props are *not* read. 
778        WARN  main            d.u.i.k.p.r.p.ForkedTestFileRunner Run failed de.uka.ilkd.key.proof.io.ProblemLoaderException: null
	at de.uka.ilkd.key.control.AbstractUserInterfaceControl.load(AbstractUserInterfaceControl.java:225)
Caused by: java.lang.ExceptionInInitializerError: null
	at de.uka.ilkd.key.nparser.builder.DefaultBuilder.visitSortId(DefaultBuilder.java:327)
Caused by: java.lang.NullPointerException: null
	at de.uka.ilkd.key.java.JavaProgramElement.<init>(JavaProgramElement.java:60)

803        WARN  main            d.u.i.k.p.r.p.ForkedTestFileRunner Run failed de.uka.ilkd.key.proof.io.ProblemLoaderException: Could not initialize class de.uka.ilkd.key.java.abstraction.PrimitiveType
	at de.uka.ilkd.key.control.AbstractUserInterfaceControl.load(AbstractUserInterfaceControl.java:225)
Caused by: java.lang.NoClassDefFoundError: Could not initialize class de.uka.ilkd.key.java.abstraction.PrimitiveType
	at de.uka.ilkd.key.nparser.builder.DefaultBuilder.visitSortId(DefaultBuilder.java:327)

826        WARN  main            d.u.i.k.p.r.p.ForkedTestFileRunner Run failed de.uka.ilkd.key.proof.io.ProblemLoaderException: Could not initialize class de.uka.ilkd.key.java.abstraction.PrimitiveType
	at de.uka.ilkd.key.control.AbstractUserInterfaceControl.load(AbstractUserInterfaceControl.java:225)
Caused by: java.lang.NoClassDefFoundError: Could not initialize class de.uka.ilkd.key.java.abstraction.PrimitiveType
	at de.uka.ilkd.key.nparser.builder.DefaultBuilder.visitSortId(DefaultBuilder.java:327)

850        WARN  main            d.u.i.k.p.r.p.ForkedTestFileRunner Run failed de.uka.ilkd.key.proof.io.ProblemLoaderException: Could not initialize class de.uka.ilkd.key.java.abstraction.PrimitiveType
	at de.uka.ilkd.key.control.AbstractUserInterfaceControl.load(AbstractUserInterfaceControl.java:225)
Caused by: java.lang.NoClassDefFoundError: Could not initialize class de.uka.ilkd.key.java.abstraction.PrimitiveType
	at de.uka.ilkd.key.nparser.builder.DefaultBuilder.visitSortId(DefaultBuilder.java:327)

860        WARN  main            d.u.i.k.p.r.p.ForkedTestFileRunner Run failed de.uka.ilkd.key.proof.io.ProblemLoaderException: Could not initialize class de.uka.ilkd.key.java.abstraction.PrimitiveType
	at de.uka.ilkd.key.control.AbstractUserInterfaceControl.load(AbstractUserInterfaceControl.java:225)
Caused by: java.lang.NoClassDefFoundError: Could not initialize class de.uka.ilkd.key.java.abstraction.PrimitiveType
	at de.uka.ilkd.key.nparser.builder.DefaultBuilder.visitSortId(DefaultBuilder.java:327)

883        WARN  main            d.u.i.k.p.r.p.ForkedTestFileRunner Run failed de.uka.ilkd.key.proof.io.ProblemLoaderException: Could not initialize class de.uka.ilkd.key.java.abstraction.PrimitiveType
	at de.uka.ilkd.key.control.AbstractUserInterfaceControl.load(AbstractUserInterfaceControl.java:225)
Caused by: java.lang.NoClassDefFoundError: Could not initialize class de.uka.ilkd.key.java.abstraction.PrimitiveType
	at de.uka.ilkd.key.nparser.builder.DefaultBuilder.visitSortId(DefaultBuilder.java:327)

900        WARN  main            d.u.i.k.p.r.p.ForkedTestFileRunner Run failed de.uka.ilkd.key.proof.io.ProblemLoaderException: Could not initialize class de.uka.ilkd.key.java.abstraction.PrimitiveType
	at de.uka.ilkd.key.control.AbstractUserInterfaceControl.load(AbstractUserInterfaceControl.java:225)
Caused by: java.lang.NoClassDefFoundError: Could not initialize class de.uka.ilkd.key.java.abstraction.PrimitiveType
	at de.uka.ilkd.key.nparser.builder.DefaultBuilder.visitSortId(DefaultBuilder.java:327)

915        WARN  main            d.u.i.k.p.r.p.ForkedTestFileRunner Run failed de.uka.ilkd.key.proof.io.ProblemLoaderException: Could not initialize class de.uka.ilkd.key.java.abstraction.PrimitiveType
	at de.uka.ilkd.key.control.AbstractUserInterfaceControl.load(AbstractUserInterfaceControl.java:225)
Caused by: java.lang.NoClassDefFoundError: Could not initialize class de.uka.ilkd.key.java.abstraction.PrimitiveType
	at de.uka.ilkd.key.nparser.builder.DefaultBuilder.visitSortId(DefaultBuilder.java:327)

327        WARN  main            d.u.i.k.s.ProofSettings   The settings in /home/runner/.key/proof-settings.props are *not* read. 
751        WARN  main            d.u.i.k.p.r.p.ForkedTestFileRunner Run failed de.uka.ilkd.key.proof.io.ProblemLoaderException: null
	at de.uka.ilkd.key.control.AbstractUserInterfaceControl.load(AbstractUserInterfaceControl.java:225)
Caused by: java.lang.ExceptionInInitializerError: null
	at de.uka.ilkd.key.nparser.builder.DefaultBuilder.visitSortId(DefaultBuilder.java:327)
Caused by: java.lang.NullPointerException: null
	at de.uka.ilkd.key.java.JavaProgramElement.<init>(JavaProgramElement.java:60)

799        WARN  main            d.u.i.k.p.r.p.ForkedTestFileRunner Run failed de.uka.ilkd.key.proof.io.ProblemLoaderException: Could not initialize class de.uka.ilkd.key.java.abstraction.PrimitiveType
	at de.uka.ilkd.key.control.AbstractUserInterfaceControl.load(AbstractUserInterfaceControl.java:225)
Caused by: java.lang.NoClassDefFoundError: Could not initialize class de.uka.ilkd.key.java.abstraction.PrimitiveType
	at de.uka.ilkd.key.nparser.builder.DefaultBuilder.visitSortId(DefaultBuilder.java:327)

863        WARN  main            d.u.i.k.p.r.p.ForkedTestFileRunner Run failed de.uka.ilkd.key.proof.io.ProblemLoaderException: Could not initialize class de.uka.ilkd.key.java.abstraction.PrimitiveType
	at de.uka.ilkd.key.control.AbstractUserInterfaceControl.load(AbstractUserInterfaceControl.java:225)
Caused by: java.lang.NoClassDefFoundError: Could not initialize class de.uka.ilkd.key.java.abstraction.PrimitiveType
	at de.uka.ilkd.key.nparser.builder.DefaultBuilder.visitSortId(DefaultBuilder.java:327)

902        WARN  main            d.u.i.k.p.r.p.ForkedTestFileRunner Run failed de.uka.ilkd.key.proof.io.ProblemLoaderException: Could not initialize class de.uka.ilkd.key.java.abstraction.PrimitiveType
	at de.uka.ilkd.key.control.AbstractUserInterfaceControl.load(AbstractUserInterfaceControl.java:225)
Caused by: java.lang.NoClassDefFoundError: Could not initialize class de.uka.ilkd.key.java.abstraction.PrimitiveType
	at de.uka.ilkd.key.nparser.builder.DefaultBuilder.visitSortId(DefaultBuilder.java:327)

926        WARN  main            d.u.i.k.p.r.p.ForkedTestFileRunner Run failed de.uka.ilkd.key.proof.io.ProblemLoaderException: Could not initialize class de.uka.ilkd.key.java.abstraction.PrimitiveType
	at de.uka.ilkd.key.control.AbstractUserInterfaceControl.load(AbstractUserInterfaceControl.java:225)
Caused by: java.lang.NoClassDefFoundError: Could not initialize class de.uka.ilkd.key.java.abstraction.PrimitiveType
	at de.uka.ilkd.key.nparser.builder.DefaultBuilder.visitSortId(DefaultBuilder.java:327)

957        WARN  main            d.u.i.k.p.r.p.ForkedTestFileRunner Run failed de.uka.ilkd.key.proof.io.ProblemLoaderException: Could not initialize class de.uka.ilkd.key.java.abstraction.PrimitiveType
	at de.uka.ilkd.key.control.AbstractUserInterfaceControl.load(AbstractUserInterfaceControl.java:225)
Caused by: java.lang.NoClassDefFoundError: Could not initialize class de.uka.ilkd.key.java.abstraction.PrimitiveType
	at de.uka.ilkd.key.nparser.builder.DefaultBuilder.visitSortId(DefaultBuilder.java:327)

969        WARN  main            d.u.i.k.p.r.p.ForkedTestFileRunner Run failed de.uka.ilkd.key.proof.io.ProblemLoaderException: Could not initialize class de.uka.ilkd.key.java.abstraction.PrimitiveType
	at de.uka.ilkd.key.control.AbstractUserInterfaceControl.load(AbstractUserInterfaceControl.java:225)
Caused by: java.lang.NoClassDefFoundError: Could not initialize class de.uka.ilkd.key.java.abstraction.PrimitiveType
	at de.uka.ilkd.key.nparser.builder.DefaultBuilder.visitSortId(DefaultBuilder.java:327)

329        WARN  main            d.u.i.k.s.ProofSettings   The settings in /home/runner/.key/proof-settings.props are *not* read. 
756        WARN  main            d.u.i.k.p.r.p.ForkedTestFileRunner Run failed de.uka.ilkd.key.proof.io.ProblemLoaderException: null
	at de.uka.ilkd.key.control.AbstractUserInterfaceControl.load(AbstractUserInterfaceControl.java:225)
Caused by: java.lang.ExceptionInInitializerError: null
	at de.uka.ilkd.key.nparser.builder.DefaultBuilder.visitSortId(DefaultBuilder.java:327)
Caused by: java.lang.NullPointerException: null
	at de.uka.ilkd.key.java.JavaProgramElement.<init>(JavaProgramElement.java:60)

797        WARN  main            d.u.i.k.p.r.p.ForkedTestFileRunner Run failed de.uka.ilkd.key.proof.io.ProblemLoaderException: Could not initialize class de.uka.ilkd.key.java.abstraction.PrimitiveType
	at de.uka.ilkd.key.control.AbstractUserInterfaceControl.load(AbstractUserInterfaceControl.java:225)
Caused by: java.lang.NoClassDefFoundError: Could not initialize class de.uka.ilkd.key.java.abstraction.PrimitiveType
	at de.uka.ilkd.key.nparser.builder.DefaultBuilder.visitSortId(DefaultBuilder.java:327)

827        WARN  main            d.u.i.k.p.r.p.ForkedTestFileRunner Run failed de.uka.ilkd.key.proof.io.ProblemLoaderException: Could not initialize class de.uka.ilkd.key.java.abstraction.PrimitiveType
	at de.uka.ilkd.key.control.AbstractUserInterfaceControl.load(AbstractUserInterfaceControl.java:225)
Caused by: java.lang.NoClassDefFoundError: Could not initialize class de.uka.ilkd.key.java.abstraction.PrimitiveType
	at de.uka.ilkd.key.nparser.builder.DefaultBuilder.visitSortId(DefaultBuilder.java:327)

844        WARN  main            d.u.i.k.p.r.p.ForkedTestFileRunner Run failed de.uka.ilkd.key.proof.io.ProblemLoaderException: Could not initialize class de.uka.ilkd.key.java.abstraction.PrimitiveType
	at de.uka.ilkd.key.control.AbstractUserInterfaceControl.load(AbstractUserInterfaceControl.java:225)
Caused by: java.lang.NoClassDefFoundError: Could not initialize class de.uka.ilkd.key.java.abstraction.PrimitiveType
	at de.uka.ilkd.key.nparser.builder.DefaultBuilder.visitSortId(DefaultBuilder.java:327)

865        WARN  main            d.u.i.k.p.r.p.ForkedTestFileRunner Run failed de.uka.ilkd.key.proof.io.ProblemLoaderException: Could not initialize class de.uka.ilkd.key.java.abstraction.PrimitiveType
	at de.uka.ilkd.key.control.AbstractUserInterfaceControl.load(AbstractUserInterfaceControl.java:225)
Caused by: java.lang.NoClassDefFoundError: Could not initialize class de.uka.ilkd.key.java.abstraction.PrimitiveType
	at de.uka.ilkd.key.nparser.builder.DefaultBuilder.visitSortId(DefaultBuilder.java:327)

342        WARN  main            d.u.i.k.s.ProofSettings   The settings in /home/runner/.key/proof-settings.props are *not* read. 
757        WARN  main            d.u.i.k.p.r.p.ForkedTestFileRunner Run failed de.uka.ilkd.key.proof.io.ProblemLoaderException: null
	at de.uka.ilkd.key.control.AbstractUserInterfaceControl.load(AbstractUserInterfaceControl.java:225)
Caused by: java.lang.ExceptionInInitializerError: null
	at de.uka.ilkd.key.nparser.builder.DefaultBuilder.visitSortId(DefaultBuilder.java:327)
Caused by: java.lang.NullPointerException: null
	at de.uka.ilkd.key.java.JavaProgramElement.<init>(JavaProgramElement.java:60)

780        WARN  main            d.u.i.k.p.r.p.ForkedTestFileRunner Run failed de.uka.ilkd.key.proof.io.ProblemLoaderException: Could not initialize class de.uka.ilkd.key.java.abstraction.PrimitiveType
	at de.uka.ilkd.key.control.AbstractUserInterfaceControl.load(AbstractUserInterfaceControl.java:225)
Caused by: java.lang.NoClassDefFoundError: Could not initialize class de.uka.ilkd.key.java.abstraction.PrimitiveType
	at de.uka.ilkd.key.nparser.builder.DefaultBuilder.visitSortId(DefaultBuilder.java:327)

811        WARN  main            d.u.i.k.p.r.p.ForkedTestFileRunner Run failed de.uka.ilkd.key.proof.io.ProblemLoaderException: Could not initialize class de.uka.ilkd.key.java.abstraction.PrimitiveType
	at de.uka.ilkd.key.control.AbstractUserInterfaceControl.load(AbstractUserInterfaceControl.java:225)
Caused by: java.lang.NoClassDefFoundError: Could not initialize class de.uka.ilkd.key.java.abstraction.PrimitiveType
	at de.uka.ilkd.key.nparser.builder.DefaultBuilder.visitSortId(DefaultBuilder.java:327)

835        WARN  main            d.u.i.k.p.r.p.ForkedTestFileRunner Run failed de.uka.ilkd.key.proof.io.ProblemLoaderException: Could not initialize class de.uka.ilkd.key.java.abstraction.PrimitiveType
	at de.uka.ilkd.key.control.AbstractUserInterfaceControl.load(AbstractUserInterfaceControl.java:225)
Caused by: java.lang.NoClassDefFoundError: Could not initialize class de.uka.ilkd.key.java.abstraction.PrimitiveType
	at de.uka.ilkd.key.nparser.builder.DefaultBuilder.visitSortId(DefaultBuilder.java:327)

854        WARN  main            d.u.i.k.p.r.p.ForkedTestFileRunner Run failed de.uka.ilkd.key.proof.io.ProblemLoaderException: Could not initialize class de.uka.ilkd.key.java.abstraction.PrimitiveType
	at de.uka.ilkd.key.control.AbstractUserInterfaceControl.load(AbstractUserInterfaceControl.java:225)
Caused by: java.lang.NoClassDefFoundError: Could not initialize class de.uka.ilkd.key.java.abstraction.PrimitiveType
	at de.uka.ilkd.key.nparser.builder.DefaultBuilder.visitSortId(DefaultBuilder.java:327)

878        WARN  main            d.u.i.k.p.r.p.ForkedTestFileRunner Run failed de.uka.ilkd.key.proof.io.ProblemLoaderException: Could not initialize class de.uka.ilkd.key.java.abstraction.PrimitiveType
	at de.uka.ilkd.key.control.AbstractUserInterfaceControl.load(AbstractUserInterfaceControl.java:225)
Caused by: java.lang.NoClassDefFoundError: Could not initialize class de.uka.ilkd.key.java.abstraction.PrimitiveType
	at de.uka.ilkd.key.nparser.builder.DefaultBuilder.visitSortId(DefaultBuilder.java:327)

893        WARN  main            d.u.i.k.p.r.p.ForkedTestFileRunner Run failed de.uka.ilkd.key.proof.io.ProblemLoaderException: Could not initialize class de.uka.ilkd.key.java.abstraction.PrimitiveType
	at de.uka.ilkd.key.control.AbstractUserInterfaceControl.load(AbstractUserInterfaceControl.java:225)
Caused by: java.lang.NoClassDefFoundError: Could not initialize class de.uka.ilkd.key.java.abstraction.PrimitiveType
	at de.uka.ilkd.key.nparser.builder.DefaultBuilder.visitSortId(DefaultBuilder.java:327)

905        WARN  main            d.u.i.k.p.r.p.ForkedTestFileRunner Run failed de.uka.ilkd.key.proof.io.ProblemLoaderException: Could not initialize class de.uka.ilkd.key.java.abstraction.PrimitiveType
	at de.uka.ilkd.key.control.AbstractUserInterfaceControl.load(AbstractUserInterfaceControl.java:225)
Caused by: java.lang.NoClassDefFoundError: Could not initialize class de.uka.ilkd.key.java.abstraction.PrimitiveType
	at de.uka.ilkd.key.nparser.builder.DefaultBuilder.visitSortId(DefaultBuilder.java:327)

922        WARN  main            d.u.i.k.p.r.p.ForkedTestFileRunner Run failed de.uka.ilkd.key.proof.io.ProblemLoaderException: Could not initialize class de.uka.ilkd.key.java.abstraction.PrimitiveType
	at de.uka.ilkd.key.control.AbstractUserInterfaceControl.load(AbstractUserInterfaceControl.java:225)
Caused by: java.lang.NoClassDefFoundError: Could not initialize class de.uka.ilkd.key.java.abstraction.PrimitiveType
	at de.uka.ilkd.key.nparser.builder.DefaultBuilder.visitSortId(DefaultBuilder.java:327)

363        WARN  main            d.u.i.k.s.ProofSettings   The settings in /home/runner/.key/proof-settings.props are *not* read. 
758        WARN  main            d.u.i.k.p.r.p.ForkedTestFileRunner Run failed de.uka.ilkd.key.proof.io.ProblemLoaderException: null
	at de.uka.ilkd.key.control.AbstractUserInterfaceControl.load(AbstractUserInterfaceControl.java:225)
Caused by: java.lang.ExceptionInInitializerError: null
	at de.uka.ilkd.key.nparser.builder.DefaultBuilder.visitSortId(DefaultBuilder.java:327)
Caused by: java.lang.NullPointerException: null
	at de.uka.ilkd.key.java.JavaProgramElement.<init>(JavaProgramElement.java:60)

774        WARN  main            d.u.i.k.p.r.p.ForkedTestFileRunner Run failed de.uka.ilkd.key.proof.io.ProblemLoaderException: Could not initialize class de.uka.ilkd.key.java.abstraction.PrimitiveType
	at de.uka.ilkd.key.control.AbstractUserInterfaceControl.load(AbstractUserInterfaceControl.java:225)
Caused by: java.lang.NoClassDefFoundError: Could not initialize class de.uka.ilkd.key.java.abstraction.PrimitiveType
	at de.uka.ilkd.key.nparser.builder.DefaultBuilder.visitSortId(DefaultBuilder.java:327)

793        WARN  main            d.u.i.k.p.r.p.ForkedTestFileRunner Run failed de.uka.ilkd.key.proof.io.ProblemLoaderException: Could not initialize class de.uka.ilkd.key.java.abstraction.PrimitiveType
	at de.uka.ilkd.key.control.AbstractUserInterfaceControl.load(AbstractUserInterfaceControl.java:225)
Caused by: java.lang.NoClassDefFoundError: Could not initialize class de.uka.ilkd.key.java.abstraction.PrimitiveType
	at de.uka.ilkd.key.nparser.builder.DefaultBuilder.visitSortId(DefaultBuilder.java:327)

807        WARN  main            d.u.i.k.p.r.p.ForkedTestFileRunner Run failed de.uka.ilkd.key.proof.io.ProblemLoaderException: Could not initialize class de.uka.ilkd.key.java.abstraction.PrimitiveType
	at de.uka.ilkd.key.control.AbstractUserInterfaceControl.load(AbstractUserInterfaceControl.java:225)
Caused by: java.lang.NoClassDefFoundError: Could not initialize class de.uka.ilkd.key.java.abstraction.PrimitiveType
	at de.uka.ilkd.key.nparser.builder.DefaultBuilder.visitSortId(DefaultBuilder.java:327)

818        WARN  main            d.u.i.k.p.r.p.ForkedTestFileRunner Run failed de.uka.ilkd.key.proof.io.ProblemLoaderException: Could not initialize class de.uka.ilkd.key.java.abstraction.PrimitiveType
	at de.uka.ilkd.key.control.AbstractUserInterfaceControl.load(AbstractUserInterfaceControl.java:225)
Caused by: java.lang.NoClassDefFoundError: Could not initialize class de.uka.ilkd.key.java.abstraction.PrimitiveType
	at de.uka.ilkd.key.nparser.builder.DefaultBuilder.visitSortId(DefaultBuilder.java:327)

829        WARN  main            d.u.i.k.p.r.p.ForkedTestFileRunner Run failed de.uka.ilkd.key.proof.io.ProblemLoaderException: Could not initialize class de.uka.ilkd.key.java.abstraction.PrimitiveType
	at de.uka.ilkd.key.control.AbstractUserInterfaceControl.load(AbstractUserInterfaceControl.java:225)
Caused by: java.lang.NoClassDefFoundError: Could not initialize class de.uka.ilkd.key.java.abstraction.PrimitiveType
	at de.uka.ilkd.key.nparser.builder.DefaultBuilder.visitSortId(DefaultBuilder.java:327)

837        WARN  main            d.u.i.k.p.r.p.ForkedTestFileRunner Run failed de.uka.ilkd.key.proof.io.ProblemLoaderException: Could not initialize class de.uka.ilkd.key.java.abstraction.PrimitiveType
	at de.uka.ilkd.key.control.AbstractUserInterfaceControl.load(AbstractUserInterfaceControl.java:225)
Caused by: java.lang.NoClassDefFoundError: Could not initialize class de.uka.ilkd.key.java.abstraction.PrimitiveType
	at de.uka.ilkd.key.nparser.builder.DefaultBuilder.visitSortId(DefaultBuilder.java:327)

846        WARN  main            d.u.i.k.p.r.p.ForkedTestFileRunner Run failed de.uka.ilkd.key.proof.io.ProblemLoaderException: Could not initialize class de.uka.ilkd.key.java.abstraction.PrimitiveType
	at de.uka.ilkd.key.control.AbstractUserInterfaceControl.load(AbstractUserInterfaceControl.java:225)
Caused by: java.lang.NoClassDefFoundError: Could not initialize class de.uka.ilkd.key.java.abstraction.PrimitiveType
	at de.uka.ilkd.key.nparser.builder.DefaultBuilder.visitSortId(DefaultBuilder.java:327)

854        WARN  main            d.u.i.k.p.r.p.ForkedTestFileRunner Run failed de.uka.ilkd.key.proof.io.ProblemLoaderException: Could not initialize class de.uka.ilkd.key.java.abstraction.PrimitiveType
	at de.uka.ilkd.key.control.AbstractUserInterfaceControl.load(AbstractUserInterfaceControl.java:225)
Caused by: java.lang.NoClassDefFoundError: Could not initialize class de.uka.ilkd.key.java.abstraction.PrimitiveType
	at de.uka.ilkd.key.nparser.builder.DefaultBuilder.visitSortId(DefaultBuilder.java:327)

862        WARN  main            d.u.i.k.p.r.p.ForkedTestFileRunner Run failed de.uka.ilkd.key.proof.io.ProblemLoaderException: Could not initialize class de.uka.ilkd.key.java.abstraction.PrimitiveType
	at de.uka.ilkd.key.control.AbstractUserInterfaceControl.load(AbstractUserInterfaceControl.java:225)
Caused by: java.lang.NoClassDefFoundError: Could not initialize class de.uka.ilkd.key.java.abstraction.PrimitiveType
	at de.uka.ilkd.key.nparser.builder.DefaultBuilder.visitSortId(DefaultBuilder.java:327)

876        WARN  main            d.u.i.k.p.r.p.ForkedTestFileRunner Run failed de.uka.ilkd.key.proof.io.ProblemLoaderException: Could not initialize class de.uka.ilkd.key.java.abstraction.PrimitiveType
	at de.uka.ilkd.key.control.AbstractUserInterfaceControl.load(AbstractUserInterfaceControl.java:225)
Caused by: java.lang.NoClassDefFoundError: Could not initialize class de.uka.ilkd.key.java.abstraction.PrimitiveType
	at de.uka.ilkd.key.nparser.builder.DefaultBuilder.visitSortId(DefaultBuilder.java:327)

891        WARN  main            d.u.i.k.p.r.p.ForkedTestFileRunner Run failed de.uka.ilkd.key.proof.io.ProblemLoaderException: Could not initialize class de.uka.ilkd.key.java.abstraction.PrimitiveType
	at de.uka.ilkd.key.control.AbstractUserInterfaceControl.load(AbstractUserInterfaceControl.java:225)
Caused by: java.lang.NoClassDefFoundError: Could not initialize class de.uka.ilkd.key.java.abstraction.PrimitiveType
	at de.uka.ilkd.key.nparser.builder.DefaultBuilder.visitSortId(DefaultBuilder.java:327)

]]></system-out>
  <system-err><![CDATA[Exception in thread "main" org.opentest4j.AssertionFailedError: Exception during the execution of proofs. See log for more details.
	at org.junit.jupiter.api.AssertionUtils.fail(AssertionUtils.java:38)
	at org.junit.jupiter.api.Assertions.fail(Assertions.java:135)
	at de.uka.ilkd.key.proof.runallproofs.proofcollection.ForkedTestFileRunner.main(ForkedTestFileRunner.java:192)
Exception in thread "main" org.opentest4j.AssertionFailedError: Exception during the execution of proofs. See log for more details.
	at org.junit.jupiter.api.AssertionUtils.fail(AssertionUtils.java:38)
	at org.junit.jupiter.api.Assertions.fail(Assertions.java:135)
	at de.uka.ilkd.key.proof.runallproofs.proofcollection.ForkedTestFileRunner.main(ForkedTestFileRunner.java:192)
Exception in thread "main" org.opentest4j.AssertionFailedError: Exception during the execution of proofs. See log for more details.
	at org.junit.jupiter.api.AssertionUtils.fail(AssertionUtils.java:38)
	at org.junit.jupiter.api.Assertions.fail(Assertions.java:135)
	at de.uka.ilkd.key.proof.runallproofs.proofcollection.ForkedTestFileRunner.main(ForkedTestFileRunner.java:192)
Exception in thread "main" org.opentest4j.AssertionFailedError: Exception during the execution of proofs. See log for more details.
	at org.junit.jupiter.api.AssertionUtils.fail(AssertionUtils.java:38)
	at org.junit.jupiter.api.Assertions.fail(Assertions.java:135)
	at de.uka.ilkd.key.proof.runallproofs.proofcollection.ForkedTestFileRunner.main(ForkedTestFileRunner.java:192)
Exception in thread "main" org.opentest4j.AssertionFailedError: Exception during the execution of proofs. See log for more details.
	at org.junit.jupiter.api.AssertionUtils.fail(AssertionUtils.java:38)
	at org.junit.jupiter.api.Assertions.fail(Assertions.java:135)
	at de.uka.ilkd.key.proof.runallproofs.proofcollection.ForkedTestFileRunner.main(ForkedTestFileRunner.java:192)
Exception in thread "main" org.opentest4j.AssertionFailedError: Exception during the execution of proofs. See log for more details.
	at org.junit.jupiter.api.AssertionUtils.fail(AssertionUtils.java:38)
	at org.junit.jupiter.api.Assertions.fail(Assertions.java:135)
	at de.uka.ilkd.key.proof.runallproofs.proofcollection.ForkedTestFileRunner.main(ForkedTestFileRunner.java:192)
Exception in thread "main" org.opentest4j.AssertionFailedError: Exception during the execution of proofs. See log for more details.
	at org.junit.jupiter.api.AssertionUtils.fail(AssertionUtils.java:38)
	at org.junit.jupiter.api.Assertions.fail(Assertions.java:135)
	at de.uka.ilkd.key.proof.runallproofs.proofcollection.ForkedTestFileRunner.main(ForkedTestFileRunner.java:192)
Exception in thread "main" org.opentest4j.AssertionFailedError: Exception during the execution of proofs. See log for more details.
	at org.junit.jupiter.api.AssertionUtils.fail(AssertionUtils.java:38)
	at org.junit.jupiter.api.Assertions.fail(Assertions.java:135)
	at de.uka.ilkd.key.proof.runallproofs.proofcollection.ForkedTestFileRunner.main(ForkedTestFileRunner.java:192)
Exception in thread "main" org.opentest4j.AssertionFailedError: Exception during the execution of proofs. See log for more details.
	at org.junit.jupiter.api.AssertionUtils.fail(AssertionUtils.java:38)
	at org.junit.jupiter.api.Assertions.fail(Assertions.java:135)
	at de.uka.ilkd.key.proof.runallproofs.proofcollection.ForkedTestFileRunner.main(ForkedTestFileRunner.java:192)
Exception in thread "main" org.opentest4j.AssertionFailedError: Exception during the execution of proofs. See log for more details.
	at org.junit.jupiter.api.AssertionUtils.fail(AssertionUtils.java:38)
	at org.junit.jupiter.api.Assertions.fail(Assertions.java:135)
	at de.uka.ilkd.key.proof.runallproofs.proofcollection.ForkedTestFileRunner.main(ForkedTestFileRunner.java:192)
Exception in thread "main" org.opentest4j.AssertionFailedError: Exception during the execution of proofs. See log for more details.
	at org.junit.jupiter.api.AssertionUtils.fail(AssertionUtils.java:38)
	at org.junit.jupiter.api.Assertions.fail(Assertions.java:135)
	at de.uka.ilkd.key.proof.runallproofs.proofcollection.ForkedTestFileRunner.main(ForkedTestFileRunner.java:192)
Exception in thread "main" org.opentest4j.AssertionFailedError: Exception during the execution of proofs. See log for more details.
	at org.junit.jupiter.api.AssertionUtils.fail(AssertionUtils.java:38)
	at org.junit.jupiter.api.Assertions.fail(Assertions.java:135)
	at de.uka.ilkd.key.proof.runallproofs.proofcollection.ForkedTestFileRunner.main(ForkedTestFileRunner.java:192)
Exception in thread "main" org.opentest4j.AssertionFailedError: Exception during the execution of proofs. See log for more details.
	at org.junit.jupiter.api.AssertionUtils.fail(AssertionUtils.java:38)
	at org.junit.jupiter.api.Assertions.fail(Assertions.java:135)
	at de.uka.ilkd.key.proof.runallproofs.proofcollection.ForkedTestFileRunner.main(ForkedTestFileRunner.java:192)
Exception in thread "main" org.opentest4j.AssertionFailedError: Exception during the execution of proofs. See log for more details.
	at org.junit.jupiter.api.AssertionUtils.fail(AssertionUtils.java:38)
	at org.junit.jupiter.api.Assertions.fail(Assertions.java:135)
	at de.uka.ilkd.key.proof.runallproofs.proofcollection.ForkedTestFileRunner.main(ForkedTestFileRunner.java:192)
Exception in thread "main" org.opentest4j.AssertionFailedError: Exception during the execution of proofs. See log for more details.
	at org.junit.jupiter.api.AssertionUtils.fail(AssertionUtils.java:38)
	at org.junit.jupiter.api.Assertions.fail(Assertions.java:135)
	at de.uka.ilkd.key.proof.runallproofs.proofcollection.ForkedTestFileRunner.main(ForkedTestFileRunner.java:192)
Exception in thread "main" org.opentest4j.AssertionFailedError: Exception during the execution of proofs. See log for more details.
	at org.junit.jupiter.api.AssertionUtils.fail(AssertionUtils.java:38)
	at org.junit.jupiter.api.Assertions.fail(Assertions.java:135)
	at de.uka.ilkd.key.proof.runallproofs.proofcollection.ForkedTestFileRunner.main(ForkedTestFileRunner.java:192)
Exception in thread "main" org.opentest4j.AssertionFailedError: Exception during the execution of proofs. See log for more details.
	at org.junit.jupiter.api.AssertionUtils.fail(AssertionUtils.java:38)
	at org.junit.jupiter.api.Assertions.fail(Assertions.java:135)
	at de.uka.ilkd.key.proof.runallproofs.proofcollection.ForkedTestFileRunner.main(ForkedTestFileRunner.java:192)
Exception in thread "main" org.opentest4j.AssertionFailedError: Exception during the execution of proofs. See log for more details.
	at org.junit.jupiter.api.AssertionUtils.fail(AssertionUtils.java:38)
	at org.junit.jupiter.api.Assertions.fail(Assertions.java:135)
	at de.uka.ilkd.key.proof.runallproofs.proofcollection.ForkedTestFileRunner.main(ForkedTestFileRunner.java:192)
Exception in thread "main" org.opentest4j.AssertionFailedError: Exception during the execution of proofs. See log for more details.
	at org.junit.jupiter.api.AssertionUtils.fail(AssertionUtils.java:38)
	at org.junit.jupiter.api.Assertions.fail(Assertions.java:135)
	at de.uka.ilkd.key.proof.runallproofs.proofcollection.ForkedTestFileRunner.main(ForkedTestFileRunner.java:192)
Exception in thread "main" org.opentest4j.AssertionFailedError: Exception during the execution of proofs. See log for more details.
	at org.junit.jupiter.api.AssertionUtils.fail(AssertionUtils.java:38)
	at org.junit.jupiter.api.Assertions.fail(Assertions.java:135)
	at de.uka.ilkd.key.proof.runallproofs.proofcollection.ForkedTestFileRunner.main(ForkedTestFileRunner.java:192)
Exception in thread "main" org.opentest4j.AssertionFailedError: Exception during the execution of proofs. See log for more details.
	at org.junit.jupiter.api.AssertionUtils.fail(AssertionUtils.java:38)
	at org.junit.jupiter.api.Assertions.fail(Assertions.java:135)
	at de.uka.ilkd.key.proof.runallproofs.proofcollection.ForkedTestFileRunner.main(ForkedTestFileRunner.java:192)
Exception in thread "main" org.opentest4j.AssertionFailedError: Exception during the execution of proofs. See log for more details.
	at org.junit.jupiter.api.AssertionUtils.fail(AssertionUtils.java:38)
	at org.junit.jupiter.api.Assertions.fail(Assertions.java:135)
	at de.uka.ilkd.key.proof.runallproofs.proofcollection.ForkedTestFileRunner.main(ForkedTestFileRunner.java:192)
Exception in thread "main" org.opentest4j.AssertionFailedError: Exception during the execution of proofs. See log for more details.
	at org.junit.jupiter.api.AssertionUtils.fail(AssertionUtils.java:38)
	at org.junit.jupiter.api.Assertions.fail(Assertions.java:135)
	at de.uka.ilkd.key.proof.runallproofs.proofcollection.ForkedTestFileRunner.main(ForkedTestFileRunner.java:192)
Exception in thread "main" org.opentest4j.AssertionFailedError: Exception during the execution of proofs. See log for more details.
	at org.junit.jupiter.api.AssertionUtils.fail(AssertionUtils.java:38)
	at org.junit.jupiter.api.Assertions.fail(Assertions.java:135)
	at de.uka.ilkd.key.proof.runallproofs.proofcollection.ForkedTestFileRunner.main(ForkedTestFileRunner.java:192)
Exception in thread "main" org.opentest4j.AssertionFailedError: Exception during the execution of proofs. See log for more details.
	at org.junit.jupiter.api.AssertionUtils.fail(AssertionUtils.java:38)
	at org.junit.jupiter.api.Assertions.fail(Assertions.java:135)
	at de.uka.ilkd.key.proof.runallproofs.proofcollection.ForkedTestFileRunner.main(ForkedTestFileRunner.java:192)
Exception in thread "main" org.opentest4j.AssertionFailedError: Exception during the execution of proofs. See log for more details.
	at org.junit.jupiter.api.AssertionUtils.fail(AssertionUtils.java:38)
	at org.junit.jupiter.api.Assertions.fail(Assertions.java:135)
	at de.uka.ilkd.key.proof.runallproofs.proofcollection.ForkedTestFileRunner.main(ForkedTestFileRunner.java:192)
Exception in thread "main" org.opentest4j.AssertionFailedError: Exception during the execution of proofs. See log for more details.
	at org.junit.jupiter.api.AssertionUtils.fail(AssertionUtils.java:38)
	at org.junit.jupiter.api.Assertions.fail(Assertions.java:135)
	at de.uka.ilkd.key.proof.runallproofs.proofcollection.ForkedTestFileRunner.main(ForkedTestFileRunner.java:192)
Exception in thread "main" org.opentest4j.AssertionFailedError: Exception during the execution of proofs. See log for more details.
	at org.junit.jupiter.api.AssertionUtils.fail(AssertionUtils.java:38)
	at org.junit.jupiter.api.Assertions.fail(Assertions.java:135)
	at de.uka.ilkd.key.proof.runallproofs.proofcollection.ForkedTestFileRunner.main(ForkedTestFileRunner.java:192)
Exception in thread "main" org.opentest4j.AssertionFailedError: Exception during the execution of proofs. See log for more details.
	at org.junit.jupiter.api.AssertionUtils.fail(AssertionUtils.java:38)
	at org.junit.jupiter.api.Assertions.fail(Assertions.java:135)
	at de.uka.ilkd.key.proof.runallproofs.proofcollection.ForkedTestFileRunner.main(ForkedTestFileRunner.java:192)
Exception in thread "main" org.opentest4j.AssertionFailedError: Exception during the execution of proofs. See log for more details.
	at org.junit.jupiter.api.AssertionUtils.fail(AssertionUtils.java:38)
	at org.junit.jupiter.api.Assertions.fail(Assertions.java:135)
	at de.uka.ilkd.key.proof.runallproofs.proofcollection.ForkedTestFileRunner.main(ForkedTestFileRunner.java:192)
Exception in thread "main" org.opentest4j.AssertionFailedError: Exception during the execution of proofs. See log for more details.
	at org.junit.jupiter.api.AssertionUtils.fail(AssertionUtils.java:38)
	at org.junit.jupiter.api.Assertions.fail(Assertions.java:135)
	at de.uka.ilkd.key.proof.runallproofs.proofcollection.ForkedTestFileRunner.main(ForkedTestFileRunner.java:192)
Exception in thread "main" org.opentest4j.AssertionFailedError: Exception during the execution of proofs. See log for more details.
	at org.junit.jupiter.api.AssertionUtils.fail(AssertionUtils.java:38)
	at org.junit.jupiter.api.Assertions.fail(Assertions.java:135)
	at de.uka.ilkd.key.proof.runallproofs.proofcollection.ForkedTestFileRunner.main(ForkedTestFileRunner.java:192)
Exception in thread "main" org.opentest4j.AssertionFailedError: Exception during the execution of proofs. See log for more details.
	at org.junit.jupiter.api.AssertionUtils.fail(AssertionUtils.java:38)
	at org.junit.jupiter.api.Assertions.fail(Assertions.java:135)
	at de.uka.ilkd.key.proof.runallproofs.proofcollection.ForkedTestFileRunner.main(ForkedTestFileRunner.java:192)
Exception in thread "main" org.opentest4j.AssertionFailedError: Exception during the execution of proofs. See log for more details.
	at org.junit.jupiter.api.AssertionUtils.fail(AssertionUtils.java:38)
	at org.junit.jupiter.api.Assertions.fail(Assertions.java:135)
	at de.uka.ilkd.key.proof.runallproofs.proofcollection.ForkedTestFileRunner.main(ForkedTestFileRunner.java:192)
]]></system-err>
</testsuite>
