<?xml version="1.0" encoding="UTF-8"?>
<testsuite name="de.uka.ilkd.key.logic.TestTermLabelManager" tests="21" skipped="0" failures="0" errors="0" timestamp="2023-05-02T15:11:16" hostname="fv-az553-779" time="53.638">
  <properties/>
  <testcase name="testInstantiateLabels_directChildPolicies_allRules()" classname="de.uka.ilkd.key.logic.TestTermLabelManager" time="4.171"/>
  <testcase name="testInstantiateLabels_childAndGrandchildPolicies_ruleSpecific()" classname="de.uka.ilkd.key.logic.TestTermLabelManager" time="2.723"/>
  <testcase name="testParseLabel()" classname="de.uka.ilkd.key.logic.TestTermLabelManager" time="2.771"/>
  <testcase name="testrefactorGoal_childrenAndGrandchildren_ruleSpecific()" classname="de.uka.ilkd.key.logic.TestTermLabelManager" time="2.754"/>
  <testcase name="testrefactorGoal_directChildren_allRules()" classname="de.uka.ilkd.key.logic.TestTermLabelManager" time="2.772"/>
  <testcase name="testInstantiateLabels_childAndGrandchildPolicies_allRules()" classname="de.uka.ilkd.key.logic.TestTermLabelManager" time="2.774"/>
  <testcase name="testInstantiateLabels_taclet()" classname="de.uka.ilkd.key.logic.TestTermLabelManager" time="2.768"/>
  <testcase name="testrefactorGoal_none_ruleSpecific()" classname="de.uka.ilkd.key.logic.TestTermLabelManager" time="2.757"/>
  <testcase name="testInstantiateLabels_updates_ruleSpecific()" classname="de.uka.ilkd.key.logic.TestTermLabelManager" time="2.776"/>
  <testcase name="testrefactorGoal_sequent_ruleSpecific()" classname="de.uka.ilkd.key.logic.TestTermLabelManager" time="2.734"/>
  <testcase name="testInstantiateLabels_updates_allRules()" classname="de.uka.ilkd.key.logic.TestTermLabelManager" time="2.722"/>
  <testcase name="testrefactorGoal_sequent_allRules()" classname="de.uka.ilkd.key.logic.TestTermLabelManager" time="2.745"/>
  <testcase name="testrefactorGoal_childrenAndGrandchildren_allRules()" classname="de.uka.ilkd.key.logic.TestTermLabelManager" time="2.789"/>
  <testcase name="testGetTermLabelManager()" classname="de.uka.ilkd.key.logic.TestTermLabelManager" time="0.003"/>
  <testcase name="testInstantiateLabels_applicationTermPolicies()" classname="de.uka.ilkd.key.logic.TestTermLabelManager" time="2.726"/>
  <testcase name="testInstantiateLabels_modalityTermPolicies()" classname="de.uka.ilkd.key.logic.TestTermLabelManager" time="2.709"/>
  <testcase name="testrefactorGoal_none_allRules()" classname="de.uka.ilkd.key.logic.TestTermLabelManager" time="2.723"/>
  <testcase name="testInstantiateLabels_null()" classname="de.uka.ilkd.key.logic.TestTermLabelManager" time="0.0"/>
  <testcase name="testrefactorGoal_directChildren_ruleSpecific()" classname="de.uka.ilkd.key.logic.TestTermLabelManager" time="2.714"/>
  <testcase name="testInstantiateLabels_directChildPolicies_ruleSpecific()" classname="de.uka.ilkd.key.logic.TestTermLabelManager" time="2.762"/>
  <testcase name="testGetSupportedTermLabelNames()" classname="de.uka.ilkd.key.logic.TestTermLabelManager" time="2.726"/>
  <system-out><![CDATA[103773     INFO  Test worker     d.u.i.k.p.i.AbstractProblemLoader Loading environment from src\test\resources\testcase\termLabels\flatSteps\FlatSteps.java 
103773     DEBUG Test worker     d.u.i.k.p.i.AbstractProblemLoader Environment load took 234.6ns 
103773     INFO  Test worker     d.u.i.k.p.i.AbstractProblemLoader Creating init config 
104055     DEBUG Test worker     d.u.i.k.j.TypeConverter   No LDT found for Meta 
104055     DEBUG Test worker     d.u.i.k.j.TypeConverter   No LDT found for Meta 
104055     DEBUG Test worker     d.u.i.k.j.TypeConverter   No LDT found for Meta 
104055     DEBUG Test worker     d.u.i.k.j.TypeConverter   No LDT found for Meta 
104758     DEBUG Test worker     d.u.i.k.j.TypeConverter   No LDT found for JavaBigintExpression 
107947     DEBUG Test worker     d.u.i.k.p.i.AbstractProblemLoader Init config took 4.17s 
107947     INFO  Test worker     d.u.i.k.p.i.AbstractProblemLoader Loading environment from src\test\resources\testcase\termLabels\flatSteps\FlatSteps.java 
107947     DEBUG Test worker     d.u.i.k.p.i.AbstractProblemLoader Environment load took 224.6ns 
107963     INFO  Test worker     d.u.i.k.p.i.AbstractProblemLoader Creating init config 
110668     DEBUG Test worker     d.u.i.k.p.i.AbstractProblemLoader Init config took 2.71s 
110684     INFO  Test worker     d.u.i.k.p.i.AbstractProblemLoader Loading environment from src\test\resources\testcase\termLabels\flatSteps\FlatSteps.java 
110684     DEBUG Test worker     d.u.i.k.p.i.AbstractProblemLoader Environment load took 281.6ns 
110684     INFO  Test worker     d.u.i.k.p.i.AbstractProblemLoader Creating init config 
113435     DEBUG Test worker     d.u.i.k.p.i.AbstractProblemLoader Init config took 2.75s 
113442     INFO  Test worker     d.u.i.k.p.i.AbstractProblemLoader Loading environment from src\test\resources\testcase\termLabels\flatSteps\FlatSteps.java 
113442     DEBUG Test worker     d.u.i.k.p.i.AbstractProblemLoader Environment load took 224.1ns 
113442     INFO  Test worker     d.u.i.k.p.i.AbstractProblemLoader Creating init config 
116170     DEBUG Test worker     d.u.i.k.p.i.AbstractProblemLoader Init config took 2.74s 
116186     INFO  Test worker     d.u.i.k.p.i.AbstractProblemLoader Loading environment from src\test\resources\testcase\termLabels\flatSteps\FlatSteps.java 
116186     DEBUG Test worker     d.u.i.k.p.i.AbstractProblemLoader Environment load took 184.8ns 
116202     INFO  Test worker     d.u.i.k.p.i.AbstractProblemLoader Creating init config 
118953     DEBUG Test worker     d.u.i.k.p.i.AbstractProblemLoader Init config took 2.77s 
118969     INFO  Test worker     d.u.i.k.p.i.AbstractProblemLoader Loading environment from src\test\resources\testcase\termLabels\flatSteps\FlatSteps.java 
118969     DEBUG Test worker     d.u.i.k.p.i.AbstractProblemLoader Environment load took 567ns 
118969     INFO  Test worker     d.u.i.k.p.i.AbstractProblemLoader Creating init config 
121736     DEBUG Test worker     d.u.i.k.p.i.AbstractProblemLoader Init config took 2.77s 
121751     INFO  Test worker     d.u.i.k.p.i.AbstractProblemLoader Loading environment from src\test\resources\testcase\termLabels\flatSteps\FlatSteps.java 
121751     DEBUG Test worker     d.u.i.k.p.i.AbstractProblemLoader Environment load took 635.6ns 
121751     INFO  Test worker     d.u.i.k.p.i.AbstractProblemLoader Creating init config 
124518     DEBUG Test worker     d.u.i.k.p.i.AbstractProblemLoader Init config took 2.76s 
124518     INFO  Test worker     d.u.i.k.p.i.AbstractProblemLoader Loading environment from src\test\resources\testcase\termLabels\flatSteps\FlatSteps.java 
124518     DEBUG Test worker     d.u.i.k.p.i.AbstractProblemLoader Environment load took 181.9ns 
124518     INFO  Test worker     d.u.i.k.p.i.AbstractProblemLoader Creating init config 
127270     DEBUG Test worker     d.u.i.k.p.i.AbstractProblemLoader Init config took 2.74s 
127285     INFO  Test worker     d.u.i.k.p.i.AbstractProblemLoader Loading environment from src\test\resources\testcase\termLabels\flatSteps\FlatSteps.java 
127285     DEBUG Test worker     d.u.i.k.p.i.AbstractProblemLoader Environment load took 933.5ns 
127285     INFO  Test worker     d.u.i.k.p.i.AbstractProblemLoader Creating init config 
130052     DEBUG Test worker     d.u.i.k.p.i.AbstractProblemLoader Init config took 2.77s 
130068     INFO  Test worker     d.u.i.k.p.i.AbstractProblemLoader Loading environment from src\test\resources\testcase\termLabels\flatSteps\FlatSteps.java 
130068     DEBUG Test worker     d.u.i.k.p.i.AbstractProblemLoader Environment load took 549.4ns 
130068     INFO  Test worker     d.u.i.k.p.i.AbstractProblemLoader Creating init config 
132788     DEBUG Test worker     d.u.i.k.p.i.AbstractProblemLoader Init config took 2.72s 
132788     INFO  Test worker     d.u.i.k.p.i.AbstractProblemLoader Loading environment from src\test\resources\testcase\termLabels\flatSteps\FlatSteps.java 
132788     DEBUG Test worker     d.u.i.k.p.i.AbstractProblemLoader Environment load took 171.4ns 
132804     INFO  Test worker     d.u.i.k.p.i.AbstractProblemLoader Creating init config 
135509     DEBUG Test worker     d.u.i.k.p.i.AbstractProblemLoader Init config took 2.71s 
135509     INFO  Test worker     d.u.i.k.p.i.AbstractProblemLoader Loading environment from src\test\resources\testcase\termLabels\flatSteps\FlatSteps.java 
135509     DEBUG Test worker     d.u.i.k.p.i.AbstractProblemLoader Environment load took 185.8ns 
135509     INFO  Test worker     d.u.i.k.p.i.AbstractProblemLoader Creating init config 
138245     DEBUG Test worker     d.u.i.k.p.i.AbstractProblemLoader Init config took 2.73s 
138260     INFO  Test worker     d.u.i.k.p.i.AbstractProblemLoader Loading environment from src\test\resources\testcase\termLabels\flatSteps\FlatSteps.java 
138260     DEBUG Test worker     d.u.i.k.p.i.AbstractProblemLoader Environment load took 799.9ns 
138260     INFO  Test worker     d.u.i.k.p.i.AbstractProblemLoader Creating init config 
141029     DEBUG Test worker     d.u.i.k.p.i.AbstractProblemLoader Init config took 2.77s 
141044     INFO  Test worker     d.u.i.k.p.i.AbstractProblemLoader Loading environment from src\test\resources\testcase\termLabels\flatSteps\FlatSteps.java 
141044     DEBUG Test worker     d.u.i.k.p.i.AbstractProblemLoader Environment load took 177.8ns 
141044     INFO  Test worker     d.u.i.k.p.i.AbstractProblemLoader Creating init config 
143765     DEBUG Test worker     d.u.i.k.p.i.AbstractProblemLoader Init config took 2.72s 
143765     INFO  Test worker     d.u.i.k.p.i.AbstractProblemLoader Loading environment from src\test\resources\testcase\termLabels\flatSteps\FlatSteps.java 
143781     DEBUG Test worker     d.u.i.k.p.i.AbstractProblemLoader Environment load took 1.01ms 
143781     INFO  Test worker     d.u.i.k.p.i.AbstractProblemLoader Creating init config 
146470     DEBUG Test worker     d.u.i.k.p.i.AbstractProblemLoader Init config took 2.7s 
146485     INFO  Test worker     d.u.i.k.p.i.AbstractProblemLoader Loading environment from src\test\resources\testcase\termLabels\flatSteps\FlatSteps.java 
146485     DEBUG Test worker     d.u.i.k.p.i.AbstractProblemLoader Environment load took 219.2ns 
146485     INFO  Test worker     d.u.i.k.p.i.AbstractProblemLoader Creating init config 
149190     DEBUG Test worker     d.u.i.k.p.i.AbstractProblemLoader Init config took 2.71s 
149206     INFO  Test worker     d.u.i.k.p.i.AbstractProblemLoader Loading environment from src\test\resources\testcase\termLabels\flatSteps\FlatSteps.java 
149206     DEBUG Test worker     d.u.i.k.p.i.AbstractProblemLoader Environment load took 189.2ns 
149206     INFO  Test worker     d.u.i.k.p.i.AbstractProblemLoader Creating init config 
151910     DEBUG Test worker     d.u.i.k.p.i.AbstractProblemLoader Init config took 2.71s 
151926     INFO  Test worker     d.u.i.k.p.i.AbstractProblemLoader Loading environment from src\test\resources\testcase\termLabels\flatSteps\FlatSteps.java 
151926     DEBUG Test worker     d.u.i.k.p.i.AbstractProblemLoader Environment load took 183.1ns 
151926     INFO  Test worker     d.u.i.k.p.i.AbstractProblemLoader Creating init config 
154692     DEBUG Test worker     d.u.i.k.p.i.AbstractProblemLoader Init config took 2.76s 
154692     INFO  Test worker     d.u.i.k.p.i.AbstractProblemLoader Loading environment from src\test\resources\testcase\termLabels\flatSteps\FlatSteps.java 
154692     DEBUG Test worker     d.u.i.k.p.i.AbstractProblemLoader Environment load took 201.4ns 
154692     INFO  Test worker     d.u.i.k.p.i.AbstractProblemLoader Creating init config 
157398     DEBUG Test worker     d.u.i.k.p.i.AbstractProblemLoader Init config took 2.71s 
]]></system-out>
  <system-err><![CDATA[]]></system-err>
</testsuite>
