<?xml version="1.0" encoding="UTF-8"?>
<testsuite name="de.uka.ilkd.key.proof.TestOneStepSimplifier" tests="1" skipped="0" failures="0" errors="0" timestamp="2023-05-02T15:16:11" hostname="fv-az553-779" time="3.656">
  <properties/>
  <testcase name="loadWithRestriction()" classname="de.uka.ilkd.key.proof.TestOneStepSimplifier" time="3.656"/>
  <system-out><![CDATA[399250     INFO  Test worker     d.u.i.k.p.i.AbstractProblemLoader Loading environment from src\test\resources\testcase\ossRestriction.proof 
399250     DEBUG Test worker     d.u.i.k.p.i.AbstractProblemLoader Environment load took 163ns 
399250     INFO  Test worker     d.u.i.k.p.i.AbstractProblemLoader Creating init config 
399375     DEBUG Test worker     d.u.i.k.j.TypeConverter   No LDT found for Meta 
399375     DEBUG Test worker     d.u.i.k.j.TypeConverter   No LDT found for Meta 
399375     DEBUG Test worker     d.u.i.k.j.TypeConverter   No LDT found for Meta 
399375     DEBUG Test worker     d.u.i.k.j.TypeConverter   No LDT found for Meta 
399875     DEBUG Test worker     d.u.i.k.j.TypeConverter   No LDT found for JavaBigintExpression 
402877     DEBUG Test worker     d.u.i.k.p.i.AbstractProblemLoader Init config took 3.62s 
402908     INFO  Test worker     d.u.i.k.p.i.AbstractProblemLoader Replaying proof ossRestriction.proof 
402908     DEBUG Test worker     d.u.i.k.p.i.IntermediateProofReplayer Proof replay took 1.71ms 
]]></system-out>
  <system-err><![CDATA[]]></system-err>
</testsuite>
