<?xml version="1.0" encoding="UTF-8"?>
<testsuite name="de.uka.ilkd.key.parser.TestParser" tests="5" skipped="1" failures="0" errors="0" timestamp="2023-05-02T15:14:13" hostname="fv-az553-779" time="4.475">
  <properties/>
  <testcase name="testConstantEvaluationError()" classname="de.uka.ilkd.key.parser.TestParser" time="0.889"/>
  <testcase name="testGenericSort()" classname="de.uka.ilkd.key.parser.TestParser" time="0.001"/>
  <testcase name="testIssue1566()" classname="de.uka.ilkd.key.parser.TestParser" time="2.721"/>
  <testcase name="testIssue39()" classname="de.uka.ilkd.key.parser.TestParser" time="0.859"/>
  <testcase name="testRelativeInclude()" classname="de.uka.ilkd.key.parser.TestParser" time="0.002">
    <skipped/>
  </testcase>
  <system-out><![CDATA[280907     INFO  Test worker     d.u.i.k.p.i.AbstractProblemLoader Loading environment from src\test\resources\testcase\parserErrorTest\AssignToArray.java 
280907     DEBUG Test worker     d.u.i.k.p.i.AbstractProblemLoader Environment load took 135.4ns 
280907     INFO  Test worker     d.u.i.k.p.i.AbstractProblemLoader Creating init config 
281800     INFO  Test worker     d.u.i.k.n.KeyIO           Parsing took 0 ms 
281800     DEBUG Test worker     d.u.i.k.n.KeyIO           Load declarations of de.uka.ilkd.key.nparser.KeyAst$File:  <unknown>:1#1 
281800     INFO  Test worker     d.u.i.k.n.KeyIO           MODE: declarations took 0 ms 
281800     DEBUG Test worker     d.u.i.k.n.KeyIO           MODE: 2nd degree decls took 0 
281800     DEBUG Test worker     d.u.i.k.n.KeyIO           MODE: taclets took 0ms 
281800     INFO  Test worker     d.u.i.k.p.i.AbstractProblemLoader Loading environment from src\test\resources\testcase\issues\1566\a.key 
281800     DEBUG Test worker     d.u.i.k.p.i.AbstractProblemLoader Environment load took 135.4ns 
281800     INFO  Test worker     d.u.i.k.p.i.AbstractProblemLoader Creating init config 
284504     DEBUG Test worker     d.u.i.k.p.i.AbstractProblemLoader Init config took 2.7s 
284520     INFO  Test worker     d.u.i.k.p.i.AbstractProblemLoader Replaying proof a.key 
284520     DEBUG Test worker     d.u.i.k.p.i.IntermediateProofReplayer Proof replay took 10.9ns 
284520     INFO  Test worker     d.u.i.k.p.i.AbstractProblemLoader Loading environment from src\test\resources\testcase\issues\39\A.java 
284520     DEBUG Test worker     d.u.i.k.p.i.AbstractProblemLoader Environment load took 144.7ns 
284535     INFO  Test worker     d.u.i.k.p.i.AbstractProblemLoader Creating init config 
]]></system-out>
  <system-err><![CDATA[]]></system-err>
</testsuite>
