<?xml version="1.0" encoding="UTF-8"?>
<testsuite name="de.uka.ilkd.key.rule.merge.PredicateAbstractionLatticeTests" tests="3" skipped="0" failures="0" errors="0" timestamp="2023-05-02T15:18:14" hostname="fv-az553-779" time="5.517">
  <properties/>
  <testcase name="testToAndFromString()" classname="de.uka.ilkd.key.rule.merge.PredicateAbstractionLatticeTests" time="2.761"/>
  <testcase name="testCreateSignLatticeWithPredicates()" classname="de.uka.ilkd.key.rule.merge.PredicateAbstractionLatticeTests" time="2.756"/>
  <testcase name="testTrivialPredicatesLattice()" classname="de.uka.ilkd.key.rule.merge.PredicateAbstractionLatticeTests" time="0.0"/>
  <system-out><![CDATA[522037     INFO  Test worker     d.u.i.k.p.i.AbstractProblemLoader Loading environment from src\test\resources\testcase\merge\dummy.key 
522037     DEBUG Test worker     d.u.i.k.p.i.AbstractProblemLoader Environment load took 141.5ns 
522037     INFO  Test worker     d.u.i.k.p.i.AbstractProblemLoader Creating init config 
524772     DEBUG Test worker     d.u.i.k.p.i.AbstractProblemLoader Init config took 2.74s 
524788     INFO  Test worker     d.u.i.k.p.i.AbstractProblemLoader Replaying proof dummy.key 
524788     DEBUG Test worker     d.u.i.k.p.i.IntermediateProofReplayer Proof replay took 73ns 
524788     INFO  Test worker     d.u.i.k.p.i.AbstractProblemLoader Loading environment from src\test\resources\testcase\merge\dummy.key 
524788     DEBUG Test worker     d.u.i.k.p.i.AbstractProblemLoader Environment load took 135ns 
524788     INFO  Test worker     d.u.i.k.p.i.AbstractProblemLoader Creating init config 
527524     DEBUG Test worker     d.u.i.k.p.i.AbstractProblemLoader Init config took 2.73s 
527540     INFO  Test worker     d.u.i.k.p.i.AbstractProblemLoader Replaying proof dummy.key 
527540     DEBUG Test worker     d.u.i.k.p.i.IntermediateProofReplayer Proof replay took 4.5ns 
]]></system-out>
  <system-err><![CDATA[]]></system-err>
</testsuite>
