<?xml version="1.0" encoding="UTF-8"?>
<testsuite name="de.uka.ilkd.key.parser.TestDeclParser" tests="14" skipped="2" failures="0" errors="0" timestamp="2023-05-02T15:12:53" hostname="fv-az553-779" time="10.537">
  <properties/>
  <testcase name="testGenericSortDecl1()" classname="de.uka.ilkd.key.parser.TestDeclParser" time="0.975"/>
  <testcase name="testGenericSortDecl2()" classname="de.uka.ilkd.key.parser.TestDeclParser" time="0.824"/>
  <testcase name="testGenericSortDecl3()" classname="de.uka.ilkd.key.parser.TestDeclParser" time="0.886"/>
  <testcase name="testGenericSortDecl4()" classname="de.uka.ilkd.key.parser.TestDeclParser" time="0.875"/>
  <testcase name="testGenericSortDecl5()" classname="de.uka.ilkd.key.parser.TestDeclParser" time="0.0">
    <skipped/>
  </testcase>
  <testcase name="testGenericSortDecl6()" classname="de.uka.ilkd.key.parser.TestDeclParser" time="0.817"/>
  <testcase name="testSortDecl()" classname="de.uka.ilkd.key.parser.TestDeclParser" time="0.884"/>
  <testcase name="testProxySortDecl()" classname="de.uka.ilkd.key.parser.TestDeclParser" time="0.815"/>
  <testcase name="testArrayDecl()" classname="de.uka.ilkd.key.parser.TestDeclParser" time="0.895"/>
  <testcase name="testAmbiguousDecls()" classname="de.uka.ilkd.key.parser.TestDeclParser" time="0.0">
    <skipped/>
  </testcase>
  <testcase name="testHeurDecl()" classname="de.uka.ilkd.key.parser.TestDeclParser" time="0.886"/>
  <testcase name="testFunctionDecl()" classname="de.uka.ilkd.key.parser.TestDeclParser" time="0.822"/>
  <testcase name="testPredicateDecl()" classname="de.uka.ilkd.key.parser.TestDeclParser" time="0.975"/>
  <testcase name="testSVDecl()" classname="de.uka.ilkd.key.parser.TestDeclParser" time="0.878"/>
  <system-out><![CDATA[201718     INFO  Test worker     d.u.i.k.n.KeyIO           Parsing took 0 ms 
201718     DEBUG Test worker     d.u.i.k.n.KeyIO           Load declarations of de.uka.ilkd.key.nparser.KeyAst$File:  <unknown>:1#1 
201718     INFO  Test worker     d.u.i.k.n.KeyIO           MODE: declarations took 0 ms 
201718     DEBUG Test worker     d.u.i.k.n.KeyIO           MODE: 2nd degree decls took 0 
201718     DEBUG Test worker     d.u.i.k.n.KeyIO           MODE: taclets took 0ms 
202547     INFO  Test worker     d.u.i.k.n.KeyIO           Parsing took 0 ms 
202547     DEBUG Test worker     d.u.i.k.n.KeyIO           Load declarations of de.uka.ilkd.key.nparser.KeyAst$File:  <unknown>:1#1 
202547     INFO  Test worker     d.u.i.k.n.KeyIO           MODE: declarations took 0 ms 
202547     DEBUG Test worker     d.u.i.k.n.KeyIO           MODE: 2nd degree decls took 0 
202547     DEBUG Test worker     d.u.i.k.n.KeyIO           MODE: taclets took 0ms 
203423     INFO  Test worker     d.u.i.k.n.KeyIO           Parsing took 0 ms 
203423     DEBUG Test worker     d.u.i.k.n.KeyIO           Load declarations of de.uka.ilkd.key.nparser.KeyAst$File:  <unknown>:1#1 
203423     INFO  Test worker     d.u.i.k.n.KeyIO           MODE: declarations took 0 ms 
203423     DEBUG Test worker     d.u.i.k.n.KeyIO           MODE: 2nd degree decls took 0 
203423     DEBUG Test worker     d.u.i.k.n.KeyIO           MODE: taclets took 0ms 
204298     INFO  Test worker     d.u.i.k.n.KeyIO           Parsing took 0 ms 
204298     DEBUG Test worker     d.u.i.k.n.KeyIO           Load declarations of de.uka.ilkd.key.nparser.KeyAst$File:  <unknown>:1#1 
204298     INFO  Test worker     d.u.i.k.n.KeyIO           MODE: declarations took 0 ms 
204298     DEBUG Test worker     d.u.i.k.n.KeyIO           MODE: 2nd degree decls took 0 
204298     DEBUG Test worker     d.u.i.k.n.KeyIO           MODE: taclets took 0ms 
205112     INFO  Test worker     d.u.i.k.n.KeyIO           Parsing took 0 ms 
205112     DEBUG Test worker     d.u.i.k.n.KeyIO           Load declarations of de.uka.ilkd.key.nparser.KeyAst$File:  <unknown>:1#1 
205112     INFO  Test worker     d.u.i.k.n.KeyIO           MODE: declarations took 0 ms 
205112     DEBUG Test worker     d.u.i.k.n.KeyIO           MODE: 2nd degree decls took 0 
205112     DEBUG Test worker     d.u.i.k.n.KeyIO           MODE: taclets took 0ms 
205987     INFO  Test worker     d.u.i.k.n.KeyIO           Parsing took 0 ms 
205987     DEBUG Test worker     d.u.i.k.n.KeyIO           Load declarations of de.uka.ilkd.key.nparser.KeyAst$File:  <unknown>:1#1 
205987     INFO  Test worker     d.u.i.k.n.KeyIO           MODE: declarations took 0 ms 
205987     DEBUG Test worker     d.u.i.k.n.KeyIO           MODE: 2nd degree decls took 0 
205987     DEBUG Test worker     d.u.i.k.n.KeyIO           MODE: taclets took 0ms 
206815     INFO  Test worker     d.u.i.k.n.KeyIO           Parsing took 0 ms 
206815     DEBUG Test worker     d.u.i.k.n.KeyIO           Load declarations of de.uka.ilkd.key.nparser.KeyAst$File:  <unknown>:1#1 
206815     INFO  Test worker     d.u.i.k.n.KeyIO           MODE: declarations took 0 ms 
206815     DEBUG Test worker     d.u.i.k.n.KeyIO           MODE: 2nd degree decls took 0 
206815     DEBUG Test worker     d.u.i.k.n.KeyIO           MODE: taclets took 0ms 
207707     INFO  Test worker     d.u.i.k.n.KeyIO           Parsing took 0 ms 
207707     DEBUG Test worker     d.u.i.k.n.KeyIO           Load declarations of de.uka.ilkd.key.nparser.KeyAst$File:  <unknown>:1#1 
207707     INFO  Test worker     d.u.i.k.n.KeyIO           MODE: declarations took 0 ms 
207707     DEBUG Test worker     d.u.i.k.n.KeyIO           MODE: 2nd degree decls took 0 
207707     DEBUG Test worker     d.u.i.k.n.KeyIO           MODE: taclets took 0ms 
208598     INFO  Test worker     d.u.i.k.n.KeyIO           Parsing took 0 ms 
208598     DEBUG Test worker     d.u.i.k.n.KeyIO           Load declarations of de.uka.ilkd.key.nparser.KeyAst$File:  <unknown>:1#1 
208598     INFO  Test worker     d.u.i.k.n.KeyIO           MODE: declarations took 0 ms 
208598     DEBUG Test worker     d.u.i.k.n.KeyIO           MODE: 2nd degree decls took 0 
208598     DEBUG Test worker     d.u.i.k.n.KeyIO           MODE: taclets took 0ms 
209411     INFO  Test worker     d.u.i.k.n.KeyIO           Parsing took 0 ms 
209411     DEBUG Test worker     d.u.i.k.n.KeyIO           Load declarations of de.uka.ilkd.key.nparser.KeyAst$File:  <unknown>:1#1 
209411     INFO  Test worker     d.u.i.k.n.KeyIO           MODE: declarations took 0 ms 
209411     DEBUG Test worker     d.u.i.k.n.KeyIO           MODE: 2nd degree decls took 0 
209411     DEBUG Test worker     d.u.i.k.n.KeyIO           MODE: taclets took 0ms 
210396     INFO  Test worker     d.u.i.k.n.KeyIO           Parsing took 0 ms 
210396     DEBUG Test worker     d.u.i.k.n.KeyIO           Load declarations of de.uka.ilkd.key.nparser.KeyAst$File:  <unknown>:1#1 
210396     INFO  Test worker     d.u.i.k.n.KeyIO           MODE: declarations took 0 ms 
210396     DEBUG Test worker     d.u.i.k.n.KeyIO           MODE: 2nd degree decls took 0 
210396     DEBUG Test worker     d.u.i.k.n.KeyIO           MODE: taclets took 0ms 
211272     INFO  Test worker     d.u.i.k.n.KeyIO           Parsing took 0 ms 
211272     DEBUG Test worker     d.u.i.k.n.KeyIO           Load declarations of de.uka.ilkd.key.nparser.KeyAst$File:  <unknown>:1#1 
211272     INFO  Test worker     d.u.i.k.n.KeyIO           MODE: declarations took 0 ms 
211272     DEBUG Test worker     d.u.i.k.n.KeyIO           MODE: 2nd degree decls took 0 
211272     DEBUG Test worker     d.u.i.k.n.KeyIO           MODE: taclets took 0ms 
]]></system-out>
  <system-err><![CDATA[]]></system-err>
</testsuite>
