<?xml version="1.0" encoding="UTF-8"?>
<testsuite name="de.uka.ilkd.key.proof.TestOneStepSimplifier" tests="1" skipped="0" failures="0" errors="0" timestamp="2023-05-31T07:48:14" hostname="fv-az282-56" time="3.806">
  <properties/>
  <testcase name="loadWithRestriction()" classname="de.uka.ilkd.key.proof.TestOneStepSimplifier" time="3.806"/>
  <system-out><![CDATA[397945     INFO  Test worker     d.u.i.k.p.i.AbstractProblemLoader Loading environment from src\test\resources\testcase\ossRestriction.proof 
397945     DEBUG Test worker     d.u.i.k.p.i.AbstractProblemLoader Environment load took 152ns 
397961     INFO  Test worker     d.u.i.k.p.i.AbstractProblemLoader Creating init config 
398086     DEBUG Test worker     d.u.i.k.j.TypeConverter   No LDT found for Meta 
398086     DEBUG Test worker     d.u.i.k.j.TypeConverter   No LDT found for Meta 
398086     DEBUG Test worker     d.u.i.k.j.TypeConverter   No LDT found for Meta 
398086     DEBUG Test worker     d.u.i.k.j.TypeConverter   No LDT found for Meta 
398728     DEBUG Test worker     d.u.i.k.j.TypeConverter   No LDT found for JavaBigintExpression 
401699     DEBUG Test worker     d.u.i.k.p.i.AbstractProblemLoader Init config took 3.75s 
401745     INFO  Test worker     d.u.i.k.p.i.AbstractProblemLoader Replaying proof ossRestriction.proof 
401745     DEBUG Test worker     d.u.i.k.p.i.IntermediateProofReplayer Proof replay took 856.1ns 
]]></system-out>
  <system-err><![CDATA[]]></system-err>
</testsuite>
