<?xml version="1.0" encoding="UTF-8"?>
<testsuite name="de.uka.ilkd.key.proof.io.consistency.TestProofBundleIO" tests="3" skipped="0" failures="0" errors="0" timestamp="2023-05-31T07:48:26" hostname="fv-az282-56" time="6.941">
  <properties/>
  <testcase name="testSimpleFileRepo()" classname="de.uka.ilkd.key.proof.io.consistency.TestProofBundleIO" time="0.017"/>
  <testcase name="testComplexBundleGeneration()" classname="de.uka.ilkd.key.proof.io.consistency.TestProofBundleIO" time="1.19"/>
  <testcase name="testSimpleBundleGeneration()" classname="de.uka.ilkd.key.proof.io.consistency.TestProofBundleIO" time="5.732"/>
  <system-out><![CDATA[410032     INFO  Test worker     d.u.i.k.p.i.AbstractProblemLoader Loading environment from D:\a\key\key\key.core\src\test\resources\testcase\proofBundle\complexBundleGeneration\test.key 
410032     DEBUG Test worker     d.u.i.k.p.i.AbstractProblemLoader Environment load took 121ns 
410032     INFO  Test worker     d.u.i.k.p.i.AbstractProblemLoader Creating init config 
410453     DEBUG Test worker     d.u.i.k.p.i.AbstractProblemLoader Init config took 424.92ms 
410485     INFO  Test worker     d.u.i.k.p.i.AbstractProblemLoader Replaying proof Test[Test::constant()].JML normal_behavior operation contract.0 
410485     DEBUG Test worker     d.u.i.k.p.i.IntermediateProofReplayer Proof replay took 8ns 
410719     INFO  Test worker     d.u.i.k.p.i.AbstractProblemLoader Loading environment from D:\a\key\key\key.core\src\test\resources\testcase\proofBundle\complexBundleGeneration\test.zproof 
410782     DEBUG Test worker     d.u.i.k.p.i.AbstractProblemLoader Environment load took 61.77ms 
410782     INFO  Test worker     d.u.i.k.p.i.AbstractProblemLoader Creating init config 
411157     DEBUG Test worker     d.u.i.k.p.i.AbstractProblemLoader Init config took 381.26ms 
411188     INFO  Test worker     d.u.i.k.p.i.AbstractProblemLoader Replaying proof Test[Test::constant()].JML normal_behavior operation contract.0 
411220     DEBUG Test worker     d.u.i.k.p.i.IntermediateProofReplayer Proof replay took 21.11ms 
411220     INFO  Test worker     d.u.i.k.p.i.AbstractProblemLoader Loading environment from D:\a\key\key\key.core\src\test\resources\testcase\proofBundle\simpleBundleGeneration\test.key 
411220     DEBUG Test worker     d.u.i.k.p.i.AbstractProblemLoader Environment load took 464.8ns 
411220     INFO  Test worker     d.u.i.k.p.i.AbstractProblemLoader Creating init config 
413955     DEBUG Test worker     d.u.i.k.p.i.AbstractProblemLoader Init config took 2.74s 
414002     INFO  Test worker     d.u.i.k.p.i.AbstractProblemLoader Replaying proof Test[Test::constant()].JML normal_behavior operation contract.0 
414002     DEBUG Test worker     d.u.i.k.p.i.IntermediateProofReplayer Proof replay took 8.2ns 
414128     INFO  Test worker     d.u.i.k.p.i.AbstractProblemLoader Loading environment from D:\a\key\key\key.core\src\test\resources\testcase\proofBundle\simpleBundleGeneration\test.zproof 
414143     DEBUG Test worker     d.u.i.k.p.i.AbstractProblemLoader Environment load took 3.62ms 
414143     INFO  Test worker     d.u.i.k.p.i.AbstractProblemLoader Creating init config 
416895     DEBUG Test worker     d.u.i.k.p.i.AbstractProblemLoader Init config took 2.76s 
416942     INFO  Test worker     d.u.i.k.p.i.AbstractProblemLoader Replaying proof Test[Test::constant()].JML normal_behavior operation contract.0 
416958     DEBUG Test worker     d.u.i.k.p.i.IntermediateProofReplayer Proof replay took 9.62ms 
]]></system-out>
  <system-err><![CDATA[]]></system-err>
</testsuite>
