<?xml version="1.0" encoding="UTF-8"?>
<testsuite name="de.uka.ilkd.key.logic.TestClashFreeSubst" tests="14" skipped="2" failures="0" errors="0" timestamp="2023-05-31T07:42:14" hostname="fv-az282-56" time="46.375">
  <properties/>
  <testcase name="testMultiShareBound()" classname="de.uka.ilkd.key.logic.TestClashFreeSubst" time="0.914"/>
  <testcase name="testClash()" classname="de.uka.ilkd.key.logic.TestClashFreeSubst" time="0.986"/>
  <testcase name="testShare()" classname="de.uka.ilkd.key.logic.TestClashFreeSubst" time="0.855"/>
  <testcase name="testSubst()" classname="de.uka.ilkd.key.logic.TestClashFreeSubst" time="0.887"/>
  <testcase name="testWary0()" classname="de.uka.ilkd.key.logic.TestClashFreeSubst" time="0.833"/>
  <testcase name="testWary1()" classname="de.uka.ilkd.key.logic.TestClashFreeSubst" time="0.867"/>
  <testcase name="testWary2()" classname="de.uka.ilkd.key.logic.TestClashFreeSubst" time="0.843"/>
  <testcase name="testClashInSubstTerm()" classname="de.uka.ilkd.key.logic.TestClashFreeSubst" time="0.838"/>
  <testcase name="testShareWary()" classname="de.uka.ilkd.key.logic.TestClashFreeSubst" time="0.851"/>
  <testcase name="testMultiSubst()" classname="de.uka.ilkd.key.logic.TestClashFreeSubst" time="0.849"/>
  <testcase name="xtestMultiClash()" classname="de.uka.ilkd.key.logic.TestClashFreeSubst" time="0.0">
    <skipped/>
  </testcase>
  <testcase name="testSubstInSubstTerm()" classname="de.uka.ilkd.key.logic.TestClashFreeSubst" time="0.864"/>
  <testcase name="testSubstWary()" classname="de.uka.ilkd.key.logic.TestClashFreeSubst" time="0.838"/>
  <testcase name="xtestMultiClash1()" classname="de.uka.ilkd.key.logic.TestClashFreeSubst" time="0.001">
    <skipped/>
  </testcase>
  <system-out><![CDATA[37161      INFO  Test worker     d.u.i.k.n.KeyIO           Parsing took 0 ms 
37161      DEBUG Test worker     d.u.i.k.n.KeyIO           Load declarations of de.uka.ilkd.key.nparser.KeyAst$File:  <unknown>:1#1 
37161      INFO  Test worker     d.u.i.k.n.KeyIO           MODE: declarations took 0 ms 
37161      DEBUG Test worker     d.u.i.k.n.KeyIO           MODE: 2nd degree decls took 0 
38067      INFO  Test worker     d.u.i.k.n.KeyIO           Parsing took 0 ms 
38067      DEBUG Test worker     d.u.i.k.n.KeyIO           Load declarations of de.uka.ilkd.key.nparser.KeyAst$File:  <unknown>:1#1 
38067      INFO  Test worker     d.u.i.k.n.KeyIO           MODE: declarations took 0 ms 
38067      DEBUG Test worker     d.u.i.k.n.KeyIO           MODE: 2nd degree decls took 0 
40897      INFO  Test worker     d.u.i.k.n.KeyIO           Parsing took 0 ms 
40897      DEBUG Test worker     d.u.i.k.n.KeyIO           Load declarations of de.uka.ilkd.key.nparser.KeyAst$File:  <unknown>:1#1 
40897      INFO  Test worker     d.u.i.k.n.KeyIO           MODE: declarations took 0 ms 
40897      DEBUG Test worker     d.u.i.k.n.KeyIO           MODE: 2nd degree decls took 0 
41882      INFO  Test worker     d.u.i.k.n.KeyIO           Parsing took 0 ms 
41882      DEBUG Test worker     d.u.i.k.n.KeyIO           Load declarations of de.uka.ilkd.key.nparser.KeyAst$File:  <unknown>:1#1 
41882      INFO  Test worker     d.u.i.k.n.KeyIO           MODE: declarations took 0 ms 
41882      DEBUG Test worker     d.u.i.k.n.KeyIO           MODE: 2nd degree decls took 0 
44774      INFO  Test worker     d.u.i.k.n.KeyIO           Parsing took 0 ms 
44774      DEBUG Test worker     d.u.i.k.n.KeyIO           Load declarations of de.uka.ilkd.key.nparser.KeyAst$File:  <unknown>:1#1 
44774      INFO  Test worker     d.u.i.k.n.KeyIO           MODE: declarations took 0 ms 
44774      DEBUG Test worker     d.u.i.k.n.KeyIO           MODE: 2nd degree decls took 0 
45618      INFO  Test worker     d.u.i.k.n.KeyIO           Parsing took 0 ms 
45618      DEBUG Test worker     d.u.i.k.n.KeyIO           Load declarations of de.uka.ilkd.key.nparser.KeyAst$File:  <unknown>:1#1 
45618      INFO  Test worker     d.u.i.k.n.KeyIO           MODE: declarations took 0 ms 
45618      DEBUG Test worker     d.u.i.k.n.KeyIO           MODE: 2nd degree decls took 0 
48417      INFO  Test worker     d.u.i.k.n.KeyIO           Parsing took 0 ms 
48417      DEBUG Test worker     d.u.i.k.n.KeyIO           Load declarations of de.uka.ilkd.key.nparser.KeyAst$File:  <unknown>:1#1 
48417      INFO  Test worker     d.u.i.k.n.KeyIO           MODE: declarations took 0 ms 
48417      DEBUG Test worker     d.u.i.k.n.KeyIO           MODE: 2nd degree decls took 0 
49308      INFO  Test worker     d.u.i.k.n.KeyIO           Parsing took 0 ms 
49308      DEBUG Test worker     d.u.i.k.n.KeyIO           Load declarations of de.uka.ilkd.key.nparser.KeyAst$File:  <unknown>:1#1 
49308      INFO  Test worker     d.u.i.k.n.KeyIO           MODE: declarations took 0 ms 
49308      DEBUG Test worker     d.u.i.k.n.KeyIO           MODE: 2nd degree decls took 0 
52106      INFO  Test worker     d.u.i.k.n.KeyIO           Parsing took 0 ms 
52106      DEBUG Test worker     d.u.i.k.n.KeyIO           Load declarations of de.uka.ilkd.key.nparser.KeyAst$File:  <unknown>:1#1 
52106      INFO  Test worker     d.u.i.k.n.KeyIO           MODE: declarations took 0 ms 
52106      DEBUG Test worker     d.u.i.k.n.KeyIO           MODE: 2nd degree decls took 0 
52934      INFO  Test worker     d.u.i.k.n.KeyIO           Parsing took 0 ms 
52934      DEBUG Test worker     d.u.i.k.n.KeyIO           Load declarations of de.uka.ilkd.key.nparser.KeyAst$File:  <unknown>:1#1 
52934      INFO  Test worker     d.u.i.k.n.KeyIO           MODE: declarations took 0 ms 
52934      DEBUG Test worker     d.u.i.k.n.KeyIO           MODE: 2nd degree decls took 0 
55718      INFO  Test worker     d.u.i.k.n.KeyIO           Parsing took 0 ms 
55718      DEBUG Test worker     d.u.i.k.n.KeyIO           Load declarations of de.uka.ilkd.key.nparser.KeyAst$File:  <unknown>:1#1 
55718      INFO  Test worker     d.u.i.k.n.KeyIO           MODE: declarations took 0 ms 
55718      DEBUG Test worker     d.u.i.k.n.KeyIO           MODE: 2nd degree decls took 0 
56578      INFO  Test worker     d.u.i.k.n.KeyIO           Parsing took 0 ms 
56578      DEBUG Test worker     d.u.i.k.n.KeyIO           Load declarations of de.uka.ilkd.key.nparser.KeyAst$File:  <unknown>:1#1 
56578      INFO  Test worker     d.u.i.k.n.KeyIO           MODE: declarations took 0 ms 
56578      DEBUG Test worker     d.u.i.k.n.KeyIO           MODE: 2nd degree decls took 0 
59313      INFO  Test worker     d.u.i.k.n.KeyIO           Parsing took 0 ms 
59313      DEBUG Test worker     d.u.i.k.n.KeyIO           Load declarations of de.uka.ilkd.key.nparser.KeyAst$File:  <unknown>:1#1 
59313      INFO  Test worker     d.u.i.k.n.KeyIO           MODE: declarations took 0 ms 
59313      DEBUG Test worker     d.u.i.k.n.KeyIO           MODE: 2nd degree decls took 0 
60142      INFO  Test worker     d.u.i.k.n.KeyIO           Parsing took 0 ms 
60142      DEBUG Test worker     d.u.i.k.n.KeyIO           Load declarations of de.uka.ilkd.key.nparser.KeyAst$File:  <unknown>:1#1 
60142      INFO  Test worker     d.u.i.k.n.KeyIO           MODE: declarations took 0 ms 
60142      DEBUG Test worker     d.u.i.k.n.KeyIO           MODE: 2nd degree decls took 0 
62909      INFO  Test worker     d.u.i.k.n.KeyIO           Parsing took 0 ms 
62909      DEBUG Test worker     d.u.i.k.n.KeyIO           Load declarations of de.uka.ilkd.key.nparser.KeyAst$File:  <unknown>:1#1 
62909      INFO  Test worker     d.u.i.k.n.KeyIO           MODE: declarations took 0 ms 
62909      DEBUG Test worker     d.u.i.k.n.KeyIO           MODE: 2nd degree decls took 0 
63737      INFO  Test worker     d.u.i.k.n.KeyIO           Parsing took 0 ms 
63737      DEBUG Test worker     d.u.i.k.n.KeyIO           Load declarations of de.uka.ilkd.key.nparser.KeyAst$File:  <unknown>:1#1 
63737      INFO  Test worker     d.u.i.k.n.KeyIO           MODE: declarations took 0 ms 
63737      DEBUG Test worker     d.u.i.k.n.KeyIO           MODE: 2nd degree decls took 0 
66474      INFO  Test worker     d.u.i.k.n.KeyIO           Parsing took 0 ms 
66474      DEBUG Test worker     d.u.i.k.n.KeyIO           Load declarations of de.uka.ilkd.key.nparser.KeyAst$File:  <unknown>:1#1 
66489      INFO  Test worker     d.u.i.k.n.KeyIO           MODE: declarations took 15 ms 
66489      DEBUG Test worker     d.u.i.k.n.KeyIO           MODE: 2nd degree decls took 0 
67318      INFO  Test worker     d.u.i.k.n.KeyIO           Parsing took 0 ms 
67318      DEBUG Test worker     d.u.i.k.n.KeyIO           Load declarations of de.uka.ilkd.key.nparser.KeyAst$File:  <unknown>:1#1 
67318      INFO  Test worker     d.u.i.k.n.KeyIO           MODE: declarations took 0 ms 
67318      DEBUG Test worker     d.u.i.k.n.KeyIO           MODE: 2nd degree decls took 0 
70070      INFO  Test worker     d.u.i.k.n.KeyIO           Parsing took 0 ms 
70070      DEBUG Test worker     d.u.i.k.n.KeyIO           Load declarations of de.uka.ilkd.key.nparser.KeyAst$File:  <unknown>:1#1 
70070      INFO  Test worker     d.u.i.k.n.KeyIO           MODE: declarations took 0 ms 
70070      DEBUG Test worker     d.u.i.k.n.KeyIO           MODE: 2nd degree decls took 0 
70898      INFO  Test worker     d.u.i.k.n.KeyIO           Parsing took 0 ms 
70898      DEBUG Test worker     d.u.i.k.n.KeyIO           Load declarations of de.uka.ilkd.key.nparser.KeyAst$File:  <unknown>:1#1 
70914      INFO  Test worker     d.u.i.k.n.KeyIO           MODE: declarations took 16 ms 
70914      DEBUG Test worker     d.u.i.k.n.KeyIO           MODE: 2nd degree decls took 0 
76354      INFO  Test worker     d.u.i.k.n.KeyIO           Parsing took 0 ms 
76354      DEBUG Test worker     d.u.i.k.n.KeyIO           Load declarations of de.uka.ilkd.key.nparser.KeyAst$File:  <unknown>:1#1 
76354      INFO  Test worker     d.u.i.k.n.KeyIO           MODE: declarations took 0 ms 
76370      DEBUG Test worker     d.u.i.k.n.KeyIO           MODE: 2nd degree decls took 0 
77214      INFO  Test worker     d.u.i.k.n.KeyIO           Parsing took 0 ms 
77214      DEBUG Test worker     d.u.i.k.n.KeyIO           Load declarations of de.uka.ilkd.key.nparser.KeyAst$File:  <unknown>:1#1 
77214      INFO  Test worker     d.u.i.k.n.KeyIO           MODE: declarations took 0 ms 
77214      DEBUG Test worker     d.u.i.k.n.KeyIO           MODE: 2nd degree decls took 0 
79959      INFO  Test worker     d.u.i.k.n.KeyIO           Parsing took 0 ms 
79965      DEBUG Test worker     d.u.i.k.n.KeyIO           Load declarations of de.uka.ilkd.key.nparser.KeyAst$File:  <unknown>:1#1 
79965      INFO  Test worker     d.u.i.k.n.KeyIO           MODE: declarations took 0 ms 
79965      DEBUG Test worker     d.u.i.k.n.KeyIO           MODE: 2nd degree decls took 0 
80794      INFO  Test worker     d.u.i.k.n.KeyIO           Parsing took 0 ms 
80794      DEBUG Test worker     d.u.i.k.n.KeyIO           Load declarations of de.uka.ilkd.key.nparser.KeyAst$File:  <unknown>:1#1 
80794      INFO  Test worker     d.u.i.k.n.KeyIO           MODE: declarations took 0 ms 
80794      DEBUG Test worker     d.u.i.k.n.KeyIO           MODE: 2nd degree decls took 0 
]]></system-out>
  <system-err><![CDATA[]]></system-err>
</testsuite>
