<?xml version="1.0" encoding="UTF-8"?>
<testsuite name="de.uka.ilkd.key.rule.tacletbuilder.TestTacletBuild" tests="5" skipped="0" failures="0" errors="0" timestamp="2023-05-31T07:50:04" hostname="fv-az282-56" time="3.914">
  <properties/>
  <testcase name="testSchemavariablesInAddrulesRespectPrefix()" classname="de.uka.ilkd.key.rule.tacletbuilder.TestTacletBuild" time="3.911"/>
  <testcase name="testUniquenessOfIfAndFindVarSVBothInIf()" classname="de.uka.ilkd.key.rule.tacletbuilder.TestTacletBuild" time="0.002"/>
  <testcase name="test0()" classname="de.uka.ilkd.key.rule.tacletbuilder.TestTacletBuild" time="0.0"/>
  <testcase name="testUniquenessOfIfAndFindVarSVsInFind()" classname="de.uka.ilkd.key.rule.tacletbuilder.TestTacletBuild" time="0.001"/>
  <testcase name="testUniquenessOfIfAndFindVarSVsInIfAndFind()" classname="de.uka.ilkd.key.rule.tacletbuilder.TestTacletBuild" time="0.0"/>
  <system-out><![CDATA[508882     INFO  Test worker     d.u.i.k.n.KeyIO           Parsing took 0 ms 
508882     DEBUG Test worker     d.u.i.k.n.KeyIO           Load declarations of de.uka.ilkd.key.nparser.KeyAst$File:  D:\a\key\key\key.core\src\test\resources\testcase\testrules.key:9#1 
508882     INFO  Test worker     d.u.i.k.n.KeyIO           MODE: declarations took 0 ms 
508882     DEBUG Test worker     d.u.i.k.n.KeyIO           MODE: 2nd degree decls took 0 
508945     DEBUG Test worker     d.u.i.k.n.KeyIO           MODE: taclets took 63ms 
]]></system-out>
  <system-err><![CDATA[]]></system-err>
</testsuite>
