<?xml version="1.0" encoding="UTF-8"?>
<testsuite name="de.uka.ilkd.key.rule.merge.PredicateAbstractionLatticeTests" tests="3" skipped="0" failures="0" errors="0" timestamp="2023-05-31T07:49:59" hostname="fv-az282-56" time="5.598">
  <properties/>
  <testcase name="testToAndFromString()" classname="de.uka.ilkd.key.rule.merge.PredicateAbstractionLatticeTests" time="2.726"/>
  <testcase name="testCreateSignLatticeWithPredicates()" classname="de.uka.ilkd.key.rule.merge.PredicateAbstractionLatticeTests" time="2.872"/>
  <testcase name="testTrivialPredicatesLattice()" classname="de.uka.ilkd.key.rule.merge.PredicateAbstractionLatticeTests" time="0.0"/>
  <system-out><![CDATA[502222     INFO  Test worker     d.u.i.k.p.i.AbstractProblemLoader Loading environment from src\test\resources\testcase\merge\dummy.key 
502222     DEBUG Test worker     d.u.i.k.p.i.AbstractProblemLoader Environment load took 258.6ns 
502222     INFO  Test worker     d.u.i.k.p.i.AbstractProblemLoader Creating init config 
504927     DEBUG Test worker     d.u.i.k.p.i.AbstractProblemLoader Init config took 2.7s 
504943     INFO  Test worker     d.u.i.k.p.i.AbstractProblemLoader Replaying proof dummy.key 
504943     DEBUG Test worker     d.u.i.k.p.i.IntermediateProofReplayer Proof replay took 8.1ns 
504943     INFO  Test worker     d.u.i.k.p.i.AbstractProblemLoader Loading environment from src\test\resources\testcase\merge\dummy.key 
504943     DEBUG Test worker     d.u.i.k.p.i.AbstractProblemLoader Environment load took 364.3ns 
504943     INFO  Test worker     d.u.i.k.p.i.AbstractProblemLoader Creating init config 
507788     DEBUG Test worker     d.u.i.k.p.i.AbstractProblemLoader Init config took 2.84s 
507804     INFO  Test worker     d.u.i.k.p.i.AbstractProblemLoader Replaying proof dummy.key 
507820     DEBUG Test worker     d.u.i.k.p.i.IntermediateProofReplayer Proof replay took 9ns 
]]></system-out>
  <system-err><![CDATA[]]></system-err>
</testsuite>
