<?xml version="1.0" encoding="UTF-8"?>
<testsuite name="de.uka.ilkd.key.util.TestProofStarter" tests="2" skipped="0" failures="0" errors="0" timestamp="2023-05-31T07:54:19" hostname="fv-az282-56" time="49.479">
  <properties/>
  <testcase name="testDirectProofWithOneStepSimplification()" classname="de.uka.ilkd.key.util.TestProofStarter" time="25.776"/>
  <testcase name="testDirectProof()" classname="de.uka.ilkd.key.util.TestProofStarter" time="23.703"/>
  <system-out><![CDATA[762395     INFO  Test worker     d.u.i.k.p.i.AbstractProblemLoader Loading environment from src\test\resources\testcase\proofStarter\CC\project.key 
762395     DEBUG Test worker     d.u.i.k.p.i.AbstractProblemLoader Environment load took 165.7ns 
762410     INFO  Test worker     d.u.i.k.p.i.AbstractProblemLoader Creating init config 
765318     DEBUG Test worker     d.u.i.k.p.i.AbstractProblemLoader Init config took 2.92s 
765380     INFO  Test worker     d.u.i.k.p.i.AbstractProblemLoader Replaying proof CC[CC::calcCoinIndex([I,[I)].JML normal_behavior operation contract.0 
765380     DEBUG Test worker     d.u.i.k.p.i.IntermediateProofReplayer Proof replay took 2.3ns 
788159     INFO  Test worker     d.u.i.k.p.i.AbstractProblemLoader Loading environment from src\test\resources\testcase\proofStarter\CC\project.key 
788159     DEBUG Test worker     d.u.i.k.p.i.AbstractProblemLoader Environment load took 275.1ns 
788159     INFO  Test worker     d.u.i.k.p.i.AbstractProblemLoader Creating init config 
791037     DEBUG Test worker     d.u.i.k.p.i.AbstractProblemLoader Init config took 2.87s 
791068     INFO  Test worker     d.u.i.k.p.i.AbstractProblemLoader Replaying proof CC[CC::calcCoinIndex([I,[I)].JML normal_behavior operation contract.0 
791084     DEBUG Test worker     d.u.i.k.p.i.IntermediateProofReplayer Proof replay took 2.5ns 
]]></system-out>
  <system-err><![CDATA[]]></system-err>
</testsuite>
