<?xml version="1.0" encoding="UTF-8"?>
<testsuite name="de.uka.ilkd.key.parser.TestDeclParser" tests="14" skipped="2" failures="0" errors="0" timestamp="2023-05-31T07:44:55" hostname="fv-az282-56" time="10.468">
  <properties/>
  <testcase name="testGenericSortDecl1()" classname="de.uka.ilkd.key.parser.TestDeclParser" time="0.92"/>
  <testcase name="testGenericSortDecl2()" classname="de.uka.ilkd.key.parser.TestDeclParser" time="0.933"/>
  <testcase name="testGenericSortDecl3()" classname="de.uka.ilkd.key.parser.TestDeclParser" time="0.891"/>
  <testcase name="testGenericSortDecl4()" classname="de.uka.ilkd.key.parser.TestDeclParser" time="0.881"/>
  <testcase name="testGenericSortDecl5()" classname="de.uka.ilkd.key.parser.TestDeclParser" time="0.0">
    <skipped/>
  </testcase>
  <testcase name="testGenericSortDecl6()" classname="de.uka.ilkd.key.parser.TestDeclParser" time="0.824"/>
  <testcase name="testSortDecl()" classname="de.uka.ilkd.key.parser.TestDeclParser" time="0.882"/>
  <testcase name="testProxySortDecl()" classname="de.uka.ilkd.key.parser.TestDeclParser" time="0.883"/>
  <testcase name="testArrayDecl()" classname="de.uka.ilkd.key.parser.TestDeclParser" time="0.813"/>
  <testcase name="testAmbiguousDecls()" classname="de.uka.ilkd.key.parser.TestDeclParser" time="0.0">
    <skipped/>
  </testcase>
  <testcase name="testHeurDecl()" classname="de.uka.ilkd.key.parser.TestDeclParser" time="0.873"/>
  <testcase name="testFunctionDecl()" classname="de.uka.ilkd.key.parser.TestDeclParser" time="0.813"/>
  <testcase name="testPredicateDecl()" classname="de.uka.ilkd.key.parser.TestDeclParser" time="0.876"/>
  <testcase name="testSVDecl()" classname="de.uka.ilkd.key.parser.TestDeclParser" time="0.874"/>
  <system-out><![CDATA[199925     INFO  Test worker     d.u.i.k.n.KeyIO           Parsing took 0 ms 
199925     DEBUG Test worker     d.u.i.k.n.KeyIO           Load declarations of de.uka.ilkd.key.nparser.KeyAst$File:  <unknown>:1#1 
199925     INFO  Test worker     d.u.i.k.n.KeyIO           MODE: declarations took 0 ms 
199925     DEBUG Test worker     d.u.i.k.n.KeyIO           MODE: 2nd degree decls took 0 
199925     DEBUG Test worker     d.u.i.k.n.KeyIO           MODE: taclets took 0ms 
200863     INFO  Test worker     d.u.i.k.n.KeyIO           Parsing took 0 ms 
200863     DEBUG Test worker     d.u.i.k.n.KeyIO           Load declarations of de.uka.ilkd.key.nparser.KeyAst$File:  <unknown>:1#1 
200863     INFO  Test worker     d.u.i.k.n.KeyIO           MODE: declarations took 0 ms 
200863     DEBUG Test worker     d.u.i.k.n.KeyIO           MODE: 2nd degree decls took 0 
200863     DEBUG Test worker     d.u.i.k.n.KeyIO           MODE: taclets took 0ms 
201754     INFO  Test worker     d.u.i.k.n.KeyIO           Parsing took 0 ms 
201754     DEBUG Test worker     d.u.i.k.n.KeyIO           Load declarations of de.uka.ilkd.key.nparser.KeyAst$File:  <unknown>:1#1 
201754     INFO  Test worker     d.u.i.k.n.KeyIO           MODE: declarations took 0 ms 
201754     DEBUG Test worker     d.u.i.k.n.KeyIO           MODE: 2nd degree decls took 0 
201754     DEBUG Test worker     d.u.i.k.n.KeyIO           MODE: taclets took 0ms 
202645     INFO  Test worker     d.u.i.k.n.KeyIO           Parsing took 0 ms 
202645     DEBUG Test worker     d.u.i.k.n.KeyIO           Load declarations of de.uka.ilkd.key.nparser.KeyAst$File:  <unknown>:1#1 
202645     INFO  Test worker     d.u.i.k.n.KeyIO           MODE: declarations took 0 ms 
202645     DEBUG Test worker     d.u.i.k.n.KeyIO           MODE: 2nd degree decls took 0 
202645     DEBUG Test worker     d.u.i.k.n.KeyIO           MODE: taclets took 0ms 
203458     INFO  Test worker     d.u.i.k.n.KeyIO           Parsing took 0 ms 
203458     DEBUG Test worker     d.u.i.k.n.KeyIO           Load declarations of de.uka.ilkd.key.nparser.KeyAst$File:  <unknown>:1#1 
203458     INFO  Test worker     d.u.i.k.n.KeyIO           MODE: declarations took 0 ms 
203458     DEBUG Test worker     d.u.i.k.n.KeyIO           MODE: 2nd degree decls took 0 
203458     DEBUG Test worker     d.u.i.k.n.KeyIO           MODE: taclets took 0ms 
204349     INFO  Test worker     d.u.i.k.n.KeyIO           Parsing took 0 ms 
204349     DEBUG Test worker     d.u.i.k.n.KeyIO           Load declarations of de.uka.ilkd.key.nparser.KeyAst$File:  <unknown>:1#1 
204349     INFO  Test worker     d.u.i.k.n.KeyIO           MODE: declarations took 0 ms 
204349     DEBUG Test worker     d.u.i.k.n.KeyIO           MODE: 2nd degree decls took 0 
204349     DEBUG Test worker     d.u.i.k.n.KeyIO           MODE: taclets took 0ms 
205226     INFO  Test worker     d.u.i.k.n.KeyIO           Parsing took 0 ms 
205226     DEBUG Test worker     d.u.i.k.n.KeyIO           Load declarations of de.uka.ilkd.key.nparser.KeyAst$File:  <unknown>:1#1 
205226     INFO  Test worker     d.u.i.k.n.KeyIO           MODE: declarations took 0 ms 
205226     DEBUG Test worker     d.u.i.k.n.KeyIO           MODE: 2nd degree decls took 0 
205226     DEBUG Test worker     d.u.i.k.n.KeyIO           MODE: taclets took 0ms 
206038     INFO  Test worker     d.u.i.k.n.KeyIO           Parsing took 0 ms 
206038     DEBUG Test worker     d.u.i.k.n.KeyIO           Load declarations of de.uka.ilkd.key.nparser.KeyAst$File:  <unknown>:1#1 
206038     INFO  Test worker     d.u.i.k.n.KeyIO           MODE: declarations took 0 ms 
206038     DEBUG Test worker     d.u.i.k.n.KeyIO           MODE: 2nd degree decls took 0 
206038     DEBUG Test worker     d.u.i.k.n.KeyIO           MODE: taclets took 0ms 
206914     INFO  Test worker     d.u.i.k.n.KeyIO           Parsing took 0 ms 
206914     DEBUG Test worker     d.u.i.k.n.KeyIO           Load declarations of de.uka.ilkd.key.nparser.KeyAst$File:  <unknown>:1#1 
206914     INFO  Test worker     d.u.i.k.n.KeyIO           MODE: declarations took 0 ms 
206914     DEBUG Test worker     d.u.i.k.n.KeyIO           MODE: 2nd degree decls took 0 
206914     DEBUG Test worker     d.u.i.k.n.KeyIO           MODE: taclets took 0ms 
207727     INFO  Test worker     d.u.i.k.n.KeyIO           Parsing took 0 ms 
207727     DEBUG Test worker     d.u.i.k.n.KeyIO           Load declarations of de.uka.ilkd.key.nparser.KeyAst$File:  <unknown>:1#1 
207727     INFO  Test worker     d.u.i.k.n.KeyIO           MODE: declarations took 0 ms 
207727     DEBUG Test worker     d.u.i.k.n.KeyIO           MODE: 2nd degree decls took 0 
207727     DEBUG Test worker     d.u.i.k.n.KeyIO           MODE: taclets took 0ms 
208603     INFO  Test worker     d.u.i.k.n.KeyIO           Parsing took 0 ms 
208603     DEBUG Test worker     d.u.i.k.n.KeyIO           Load declarations of de.uka.ilkd.key.nparser.KeyAst$File:  <unknown>:1#1 
208603     INFO  Test worker     d.u.i.k.n.KeyIO           MODE: declarations took 0 ms 
208603     DEBUG Test worker     d.u.i.k.n.KeyIO           MODE: 2nd degree decls took 0 
208603     DEBUG Test worker     d.u.i.k.n.KeyIO           MODE: taclets took 0ms 
209478     INFO  Test worker     d.u.i.k.n.KeyIO           Parsing took 0 ms 
209478     DEBUG Test worker     d.u.i.k.n.KeyIO           Load declarations of de.uka.ilkd.key.nparser.KeyAst$File:  <unknown>:1#1 
209478     INFO  Test worker     d.u.i.k.n.KeyIO           MODE: declarations took 0 ms 
209478     DEBUG Test worker     d.u.i.k.n.KeyIO           MODE: 2nd degree decls took 0 
209478     DEBUG Test worker     d.u.i.k.n.KeyIO           MODE: taclets took 0ms 
]]></system-out>
  <system-err><![CDATA[]]></system-err>
</testsuite>
