<?xml version="1.0" encoding="UTF-8"?>
<testsuite name="de.uka.ilkd.key.speclang.njml.JMLParserExceptionTest" tests="5" skipped="3" failures="0" errors="0" timestamp="2023-05-31T07:53:54" hostname="fv-az282-56" time="1.771">
  <properties/>
  <testcase name="case Bevhavioural.java" classname="de.uka.ilkd.key.speclang.njml.JMLParserExceptionTest" time="0.0">
    <skipped/>
  </testcase>
  <testcase name="case IllegalInv.java" classname="de.uka.ilkd.key.speclang.njml.JMLParserExceptionTest" time="0.001">
    <skipped/>
  </testcase>
  <testcase name="case TypeError.java" classname="de.uka.ilkd.key.speclang.njml.JMLParserExceptionTest" time="0.001">
    <skipped/>
  </testcase>
  <testcase name="case UnknownVar.java" classname="de.uka.ilkd.key.speclang.njml.JMLParserExceptionTest" time="0.835"/>
  <testcase name="case UnknownVarInJML.java" classname="de.uka.ilkd.key.speclang.njml.JMLParserExceptionTest" time="0.933"/>
  <system-out><![CDATA[738054     INFO  Test worker     d.u.i.k.p.i.AbstractProblemLoader Loading environment from D:\a\key\key\key.core\build\resources\test\de\uka\ilkd\key\speclang\njml\exceptional\UnknownVar.java 
738054     DEBUG Test worker     d.u.i.k.p.i.AbstractProblemLoader Environment load took 111.4ns 
738054     INFO  Test worker     d.u.i.k.p.i.AbstractProblemLoader Creating init config 
738883     INFO  Test worker     d.u.i.k.p.i.AbstractProblemLoader Loading environment from D:\a\key\key\key.core\build\resources\test\de\uka\ilkd\key\speclang\njml\exceptional\UnknownVarInJML.java 
738883     DEBUG Test worker     d.u.i.k.p.i.AbstractProblemLoader Environment load took 112.7ns 
738899     INFO  Test worker     d.u.i.k.p.i.AbstractProblemLoader Creating init config 
]]></system-out>
  <system-err><![CDATA[]]></system-err>
</testsuite>
