<?xml version="1.0" encoding="UTF-8"?>
<testsuite name="de.uka.ilkd.key.testcase.smt.testgen.TestTestgen" tests="1" skipped="0" failures="0" errors="0" timestamp="2023-04-20T13:03:07" hostname="fv-az365-244" time="4.226">
  <properties/>
  <testcase name="testMiddle()" classname="de.uka.ilkd.key.testcase.smt.testgen.TestTestgen" time="4.226"/>
  <system-out><![CDATA[14722      WARN  Test worker     d.u.i.k.t.s.t.TestTestgen Warning: Z3_CE is not installed, tests skipped. 
14722      WARN  Test worker     d.u.i.k.t.s.t.TestTestgen Maybe use JVM system property "z3SolverPath" to define the path to the Z3 command. 
14722      INFO  Test worker     d.u.i.k.p.i.AbstractProblemLoader Loading environment from src\test\resources\testcase\smt\tg\middle.key 
14722      DEBUG Test worker     d.u.i.k.p.i.AbstractProblemLoader Environment load took 246.4ns 
14737      INFO  Test worker     d.u.i.k.p.i.AbstractProblemLoader Creating init config 
18160      DEBUG Test worker     d.u.i.k.p.i.AbstractProblemLoader Init config took 3.43s 
18254      INFO  Test worker     d.u.i.k.p.i.AbstractProblemLoader Replaying proof Middle[Middle::middle(int,int,int)].JML normal_behavior operation contract.0 
18254      DEBUG Test worker     d.u.i.k.p.i.IntermediateProofReplayer Proof replay took 18.5ns 
]]></system-out>
  <system-err><![CDATA[]]></system-err>
</testsuite>
