<?xml version="1.0" encoding="UTF-8"?>
<testsuite name="de.uka.ilkd.key.parser.TestTermParser" tests="47" skipped="4" failures="0" errors="0" timestamp="2023-02-10T19:17:41" hostname="fv-az442-471" time="3.023">
  <properties/>
  <testcase name="testNotEqual()" classname="de.uka.ilkd.key.parser.TestTermParser" time="0.001"/>
  <testcase name="testProgramVariables()" classname="de.uka.ilkd.key.parser.TestTermParser" time="0.047"/>
  <testcase name="testAttributeWithSpecifiedSortOnObject()" classname="de.uka.ilkd.key.parser.TestTermParser" time="0.003"/>
  <testcase name="testCast()" classname="de.uka.ilkd.key.parser.TestTermParser" time="0.001"/>
  <testcase name="testJavaQueryAndAttribute_all()" classname="de.uka.ilkd.key.parser.TestTermParser" time="0.0">
    <skipped/>
  </testcase>
  <testcase name="test10()" classname="de.uka.ilkd.key.parser.TestTermParser" time="0.002"/>
  <testcase name="test11()" classname="de.uka.ilkd.key.parser.TestTermParser" time="0.001"/>
  <testcase name="test12()" classname="de.uka.ilkd.key.parser.TestTermParser" time="0.0">
    <skipped/>
  </testcase>
  <testcase name="test13()" classname="de.uka.ilkd.key.parser.TestTermParser" time="0.003"/>
  <testcase name="test14()" classname="de.uka.ilkd.key.parser.TestTermParser" time="0.003"/>
  <testcase name="test1a()" classname="de.uka.ilkd.key.parser.TestTermParser" time="0.002"/>
  <testcase name="testJavaAttributeAccess_4()" classname="de.uka.ilkd.key.parser.TestTermParser" time="0.003"/>
  <testcase name="testAttributeOnObject()" classname="de.uka.ilkd.key.parser.TestTermParser" time="0.003"/>
  <testcase name="testNegativeLiteralParsing1()" classname="de.uka.ilkd.key.parser.TestTermParser" time="0.0"/>
  <testcase name="testNegativeLiteralParsing2()" classname="de.uka.ilkd.key.parser.TestTermParser" time="0.001"/>
  <testcase name="testNegativeLiteralParsing3()" classname="de.uka.ilkd.key.parser.TestTermParser" time="0.002"/>
  <testcase name="xtestParsingArrayWithSpaces()" classname="de.uka.ilkd.key.parser.TestTermParser" time="0.0">
    <skipped/>
  </testcase>
  <testcase name="testAmbigiousFuncVarPred()" classname="de.uka.ilkd.key.parser.TestTermParser" time="0.001"/>
  <testcase name="test1()" classname="de.uka.ilkd.key.parser.TestTermParser" time="0.001"/>
  <testcase name="test2()" classname="de.uka.ilkd.key.parser.TestTermParser" time="0.001"/>
  <testcase name="test3()" classname="de.uka.ilkd.key.parser.TestTermParser" time="0.001"/>
  <testcase name="test5()" classname="de.uka.ilkd.key.parser.TestTermParser" time="0.001"/>
  <testcase name="test6()" classname="de.uka.ilkd.key.parser.TestTermParser" time="0.001"/>
  <testcase name="test7()" classname="de.uka.ilkd.key.parser.TestTermParser" time="0.001"/>
  <testcase name="test8()" classname="de.uka.ilkd.key.parser.TestTermParser" time="0.001"/>
  <testcase name="test9()" classname="de.uka.ilkd.key.parser.TestTermParser" time="0.001"/>
  <testcase name="testBindingUpdateTerm()" classname="de.uka.ilkd.key.parser.TestTermParser" time="0.002"/>
  <testcase name="testJavaStaticQuery()" classname="de.uka.ilkd.key.parser.TestTermParser" time="0.002"/>
  <testcase name="testInfix1()" classname="de.uka.ilkd.key.parser.TestTermParser" time="0.001"/>
  <testcase name="testInfix2()" classname="de.uka.ilkd.key.parser.TestTermParser" time="0.001"/>
  <testcase name="testInfix3()" classname="de.uka.ilkd.key.parser.TestTermParser" time="0.001"/>
  <testcase name="testInfix4()" classname="de.uka.ilkd.key.parser.TestTermParser" time="0.002"/>
  <testcase name="testIfThenElse()" classname="de.uka.ilkd.key.parser.TestTermParser" time="0.0"/>
  <testcase name="testJavaAttributeAccessBoth_1()" classname="de.uka.ilkd.key.parser.TestTermParser" time="0.002"/>
  <testcase name="testJavaAttributeAccessBoth_2()" classname="de.uka.ilkd.key.parser.TestTermParser" time="0.002"/>
  <testcase name="testJavaAttributeAccessBoth_3()" classname="de.uka.ilkd.key.parser.TestTermParser" time="0.002"/>
  <testcase name="testBindingUpdateTerm_1()" classname="de.uka.ilkd.key.parser.TestTermParser" time="0.001"/>
  <testcase name="testBindingUpdateTerm_3()" classname="de.uka.ilkd.key.parser.TestTermParser" time="0.002"/>
  <testcase name="testBindingUpdateTerm_4()" classname="de.uka.ilkd.key.parser.TestTermParser" time="0.001"/>
  <testcase name="testBindingUpdateTerm_5()" classname="de.uka.ilkd.key.parser.TestTermParser" time="0.001"/>
  <testcase name="testBindingUpdateTerm_6()" classname="de.uka.ilkd.key.parser.TestTermParser" time="0.001"/>
  <testcase name="testBindingUpdateTerm_7()" classname="de.uka.ilkd.key.parser.TestTermParser" time="0.001"/>
  <testcase name="testBindingUpdateTerm_8()" classname="de.uka.ilkd.key.parser.TestTermParser" time="0.001"/>
  <testcase name="testParsingArray()" classname="de.uka.ilkd.key.parser.TestTermParser" time="0.002"/>
  <testcase name="xtestBindingUpdateTermOldBindingAlternative()" classname="de.uka.ilkd.key.parser.TestTermParser" time="0.0">
    <skipped/>
  </testcase>
  <testcase name="testJavaStaticQueryWithParameter()" classname="de.uka.ilkd.key.parser.TestTermParser" time="0.003"/>
  <testcase name="testParsingArrayCombination()" classname="de.uka.ilkd.key.parser.TestTermParser" time="0.002"/>
  <system-out><![CDATA[270668     WARN  Test worker     d.u.i.k.j.r.KeYCrossReferenceNameInfo Datatype T declared twice: Once in UNKNOWN:unknown and once in UNKNOWN:unknown, Keeping one from UNKNOWN:unknown 
270775     WARN  Test worker     d.u.i.k.j.r.KeYCrossReferenceNameInfo Datatype T declared twice: Once in UNKNOWN:unknown and once in UNKNOWN:unknown, Keeping one from UNKNOWN:unknown 
270838     WARN  Test worker     d.u.i.k.j.r.KeYCrossReferenceNameInfo Datatype T declared twice: Once in UNKNOWN:unknown and once in UNKNOWN:unknown, Keeping one from UNKNOWN:unknown 
270899     WARN  Test worker     d.u.i.k.j.r.KeYCrossReferenceNameInfo Datatype T declared twice: Once in UNKNOWN:unknown and once in UNKNOWN:unknown, Keeping one from UNKNOWN:unknown 
270967     WARN  Test worker     d.u.i.k.j.r.KeYCrossReferenceNameInfo Datatype T declared twice: Once in UNKNOWN:unknown and once in UNKNOWN:unknown, Keeping one from UNKNOWN:unknown 
271028     WARN  Test worker     d.u.i.k.j.r.KeYCrossReferenceNameInfo Datatype T declared twice: Once in UNKNOWN:unknown and once in UNKNOWN:unknown, Keeping one from UNKNOWN:unknown 
271090     WARN  Test worker     d.u.i.k.j.r.KeYCrossReferenceNameInfo Datatype T declared twice: Once in UNKNOWN:unknown and once in UNKNOWN:unknown, Keeping one from UNKNOWN:unknown 
271150     WARN  Test worker     d.u.i.k.j.r.KeYCrossReferenceNameInfo Datatype T declared twice: Once in UNKNOWN:unknown and once in UNKNOWN:unknown, Keeping one from UNKNOWN:unknown 
271216     WARN  Test worker     d.u.i.k.j.r.KeYCrossReferenceNameInfo Datatype T declared twice: Once in UNKNOWN:unknown and once in UNKNOWN:unknown, Keeping one from UNKNOWN:unknown 
271361     WARN  Test worker     d.u.i.k.j.r.KeYCrossReferenceNameInfo Datatype T declared twice: Once in UNKNOWN:unknown and once in UNKNOWN:unknown, Keeping one from UNKNOWN:unknown 
271426     WARN  Test worker     d.u.i.k.j.r.KeYCrossReferenceNameInfo Datatype T declared twice: Once in UNKNOWN:unknown and once in UNKNOWN:unknown, Keeping one from UNKNOWN:unknown 
271493     WARN  Test worker     d.u.i.k.j.r.KeYCrossReferenceNameInfo Datatype T declared twice: Once in UNKNOWN:unknown and once in UNKNOWN:unknown, Keeping one from UNKNOWN:unknown 
271567     WARN  Test worker     d.u.i.k.j.r.KeYCrossReferenceNameInfo Datatype T declared twice: Once in UNKNOWN:unknown and once in UNKNOWN:unknown, Keeping one from UNKNOWN:unknown 
271631     WARN  Test worker     d.u.i.k.j.r.KeYCrossReferenceNameInfo Datatype T declared twice: Once in UNKNOWN:unknown and once in UNKNOWN:unknown, Keeping one from UNKNOWN:unknown 
271694     WARN  Test worker     d.u.i.k.j.r.KeYCrossReferenceNameInfo Datatype T declared twice: Once in UNKNOWN:unknown and once in UNKNOWN:unknown, Keeping one from UNKNOWN:unknown 
271763     WARN  Test worker     d.u.i.k.j.r.KeYCrossReferenceNameInfo Datatype T declared twice: Once in UNKNOWN:unknown and once in UNKNOWN:unknown, Keeping one from UNKNOWN:unknown 
271824     WARN  Test worker     d.u.i.k.j.r.KeYCrossReferenceNameInfo Datatype T declared twice: Once in UNKNOWN:unknown and once in UNKNOWN:unknown, Keeping one from UNKNOWN:unknown 
271886     WARN  Test worker     d.u.i.k.j.r.KeYCrossReferenceNameInfo Datatype T declared twice: Once in UNKNOWN:unknown and once in UNKNOWN:unknown, Keeping one from UNKNOWN:unknown 
271948     WARN  Test worker     d.u.i.k.j.r.KeYCrossReferenceNameInfo Datatype T declared twice: Once in UNKNOWN:unknown and once in UNKNOWN:unknown, Keeping one from UNKNOWN:unknown 
272009     WARN  Test worker     d.u.i.k.j.r.KeYCrossReferenceNameInfo Datatype T declared twice: Once in UNKNOWN:unknown and once in UNKNOWN:unknown, Keeping one from UNKNOWN:unknown 
272071     WARN  Test worker     d.u.i.k.j.r.KeYCrossReferenceNameInfo Datatype T declared twice: Once in UNKNOWN:unknown and once in UNKNOWN:unknown, Keeping one from UNKNOWN:unknown 
272132     WARN  Test worker     d.u.i.k.j.r.KeYCrossReferenceNameInfo Datatype T declared twice: Once in UNKNOWN:unknown and once in UNKNOWN:unknown, Keeping one from UNKNOWN:unknown 
272194     WARN  Test worker     d.u.i.k.j.r.KeYCrossReferenceNameInfo Datatype T declared twice: Once in UNKNOWN:unknown and once in UNKNOWN:unknown, Keeping one from UNKNOWN:unknown 
272255     WARN  Test worker     d.u.i.k.j.r.KeYCrossReferenceNameInfo Datatype T declared twice: Once in UNKNOWN:unknown and once in UNKNOWN:unknown, Keeping one from UNKNOWN:unknown 
272317     WARN  Test worker     d.u.i.k.j.r.KeYCrossReferenceNameInfo Datatype T declared twice: Once in UNKNOWN:unknown and once in UNKNOWN:unknown, Keeping one from UNKNOWN:unknown 
272380     WARN  Test worker     d.u.i.k.j.r.KeYCrossReferenceNameInfo Datatype T declared twice: Once in UNKNOWN:unknown and once in UNKNOWN:unknown, Keeping one from UNKNOWN:unknown 
272442     WARN  Test worker     d.u.i.k.j.r.KeYCrossReferenceNameInfo Datatype T declared twice: Once in UNKNOWN:unknown and once in UNKNOWN:unknown, Keeping one from UNKNOWN:unknown 
272504     WARN  Test worker     d.u.i.k.j.r.KeYCrossReferenceNameInfo Datatype T declared twice: Once in UNKNOWN:unknown and once in UNKNOWN:unknown, Keeping one from UNKNOWN:unknown 
272566     WARN  Test worker     d.u.i.k.j.r.KeYCrossReferenceNameInfo Datatype T declared twice: Once in UNKNOWN:unknown and once in UNKNOWN:unknown, Keeping one from UNKNOWN:unknown 
272627     WARN  Test worker     d.u.i.k.j.r.KeYCrossReferenceNameInfo Datatype T declared twice: Once in UNKNOWN:unknown and once in UNKNOWN:unknown, Keeping one from UNKNOWN:unknown 
272689     WARN  Test worker     d.u.i.k.j.r.KeYCrossReferenceNameInfo Datatype T declared twice: Once in UNKNOWN:unknown and once in UNKNOWN:unknown, Keeping one from UNKNOWN:unknown 
272751     WARN  Test worker     d.u.i.k.j.r.KeYCrossReferenceNameInfo Datatype T declared twice: Once in UNKNOWN:unknown and once in UNKNOWN:unknown, Keeping one from UNKNOWN:unknown 
272812     WARN  Test worker     d.u.i.k.j.r.KeYCrossReferenceNameInfo Datatype T declared twice: Once in UNKNOWN:unknown and once in UNKNOWN:unknown, Keeping one from UNKNOWN:unknown 
272875     WARN  Test worker     d.u.i.k.j.r.KeYCrossReferenceNameInfo Datatype T declared twice: Once in UNKNOWN:unknown and once in UNKNOWN:unknown, Keeping one from UNKNOWN:unknown 
272938     WARN  Test worker     d.u.i.k.j.r.KeYCrossReferenceNameInfo Datatype T declared twice: Once in UNKNOWN:unknown and once in UNKNOWN:unknown, Keeping one from UNKNOWN:unknown 
273000     WARN  Test worker     d.u.i.k.j.r.KeYCrossReferenceNameInfo Datatype T declared twice: Once in UNKNOWN:unknown and once in UNKNOWN:unknown, Keeping one from UNKNOWN:unknown 
273062     WARN  Test worker     d.u.i.k.j.r.KeYCrossReferenceNameInfo Datatype T declared twice: Once in UNKNOWN:unknown and once in UNKNOWN:unknown, Keeping one from UNKNOWN:unknown 
273125     WARN  Test worker     d.u.i.k.j.r.KeYCrossReferenceNameInfo Datatype T declared twice: Once in UNKNOWN:unknown and once in UNKNOWN:unknown, Keeping one from UNKNOWN:unknown 
273187     WARN  Test worker     d.u.i.k.j.r.KeYCrossReferenceNameInfo Datatype T declared twice: Once in UNKNOWN:unknown and once in UNKNOWN:unknown, Keeping one from UNKNOWN:unknown 
273248     WARN  Test worker     d.u.i.k.j.r.KeYCrossReferenceNameInfo Datatype T declared twice: Once in UNKNOWN:unknown and once in UNKNOWN:unknown, Keeping one from UNKNOWN:unknown 
273310     WARN  Test worker     d.u.i.k.j.r.KeYCrossReferenceNameInfo Datatype T declared twice: Once in UNKNOWN:unknown and once in UNKNOWN:unknown, Keeping one from UNKNOWN:unknown 
273375     WARN  Test worker     d.u.i.k.j.r.KeYCrossReferenceNameInfo Datatype T declared twice: Once in UNKNOWN:unknown and once in UNKNOWN:unknown, Keeping one from UNKNOWN:unknown 
273437     WARN  Test worker     d.u.i.k.j.r.KeYCrossReferenceNameInfo Datatype T declared twice: Once in UNKNOWN:unknown and once in UNKNOWN:unknown, Keeping one from UNKNOWN:unknown 
273500     WARN  Test worker     d.u.i.k.j.r.KeYCrossReferenceNameInfo Datatype T declared twice: Once in UNKNOWN:unknown and once in UNKNOWN:unknown, Keeping one from UNKNOWN:unknown 
273562     WARN  Test worker     d.u.i.k.j.r.KeYCrossReferenceNameInfo Datatype T declared twice: Once in UNKNOWN:unknown and once in UNKNOWN:unknown, Keeping one from UNKNOWN:unknown 
273626     WARN  Test worker     d.u.i.k.j.r.KeYCrossReferenceNameInfo Datatype T declared twice: Once in UNKNOWN:unknown and once in UNKNOWN:unknown, Keeping one from UNKNOWN:unknown 
]]></system-out>
  <system-err><![CDATA[]]></system-err>
</testsuite>
