<?xml version="1.0" encoding="UTF-8"?>
<testsuite name="de.uka.ilkd.key.testcase.smt.testgen.TestTestgen" tests="1" skipped="0" failures="0" errors="0" timestamp="2023-04-24T14:16:40" hostname="fv-az405-611" time="5.393">
  <properties/>
  <testcase name="testMiddle()" classname="de.uka.ilkd.key.testcase.smt.testgen.TestTestgen" time="5.393"/>
  <system-out><![CDATA[18926      WARN  Test worker     d.u.i.k.t.s.t.TestTestgen Warning: Z3_CE is not installed, tests skipped. 
18942      WARN  Test worker     d.u.i.k.t.s.t.TestTestgen Maybe use JVM system property "z3SolverPath" to define the path to the Z3 command. 
18942      INFO  Test worker     d.u.i.k.p.i.AbstractProblemLoader Loading environment from src\test\resources\testcase\smt\tg\middle.key 
18942      DEBUG Test worker     d.u.i.k.p.i.AbstractProblemLoader Environment load took 572.8ns 
18942      INFO  Test worker     d.u.i.k.p.i.AbstractProblemLoader Creating init config 
23350      DEBUG Test worker     d.u.i.k.p.i.AbstractProblemLoader Init config took 4.4s 
23491      INFO  Test worker     d.u.i.k.p.i.AbstractProblemLoader Replaying proof Middle[Middle::middle(int,int,int)].JML normal_behavior operation contract.0 
23506      DEBUG Test worker     d.u.i.k.p.i.IntermediateProofReplayer Proof replay took 18.7ns 
]]></system-out>
  <system-err><![CDATA[]]></system-err>
</testsuite>
