<?xml version="1.0" encoding="UTF-8"?>
<testsuite name="de.uka.ilkd.key.util.removegenerics.TestMethodDeclaration" tests="6" skipped="0" failures="0" errors="0" timestamp="2023-02-21T17:05:19" hostname="fv-az216-718" time="0.072">
  <properties/>
  <testcase name="testMethodArray()" classname="de.uka.ilkd.key.util.removegenerics.TestMethodDeclaration" time="0.007"/>
  <testcase name="testToArray()" classname="de.uka.ilkd.key.util.removegenerics.TestMethodDeclaration" time="0.015"/>
  <testcase name="testExcplicitTV()" classname="de.uka.ilkd.key.util.removegenerics.TestMethodDeclaration" time="0.014"/>
  <testcase name="testMethod()" classname="de.uka.ilkd.key.util.removegenerics.TestMethodDeclaration" time="0.001"/>
  <testcase name="testGenericMethod()" classname="de.uka.ilkd.key.util.removegenerics.TestMethodDeclaration" time="0.001"/>
  <testcase name="testReturnTypes()" classname="de.uka.ilkd.key.util.removegenerics.TestMethodDeclaration" time="0.021"/>
  <system-out><![CDATA[]]></system-out>
  <system-err><![CDATA[]]></system-err>
</testsuite>
