<?xml version="1.0" encoding="UTF-8"?>
<testsuite name="de.uka.ilkd.key.proof.runallproofs.RunAllProofsFunctional" tests="34" skipped="0" failures="0" errors="0" timestamp="2023-05-26T22:01:27" hostname="fv-az574-535" time="6368.29">
  <properties/>
  <testcase name="newBook" classname="de.uka.ilkd.key.proof.runallproofs.RunAllProofsFunctional" time="80.069"/>
  <testcase name="oldBook" classname="de.uka.ilkd.key.proof.runallproofs.RunAllProofsFunctional" time="21.968"/>
  <testcase name="comprehensions" classname="de.uka.ilkd.key.proof.runallproofs.RunAllProofsFunctional" time="78.519"/>
  <testcase name="performance" classname="de.uka.ilkd.key.proof.runallproofs.RunAllProofsFunctional" time="254.614"/>
  <testcase name="performancePOConstruction" classname="de.uka.ilkd.key.proof.runallproofs.RunAllProofsFunctional" time="87.35"/>
  <testcase name="applicationRestrictions" classname="de.uka.ilkd.key.proof.runallproofs.RunAllProofsFunctional" time="56.737"/>
  <testcase name="blockContracts" classname="de.uka.ilkd.key.proof.runallproofs.RunAllProofsFunctional" time="153.943"/>
  <testcase name="jmlAsserts" classname="de.uka.ilkd.key.proof.runallproofs.RunAllProofsFunctional" time="107.422"/>
  <testcase name="javaCard" classname="de.uka.ilkd.key.proof.runallproofs.RunAllProofsFunctional" time="164.747"/>
  <testcase name="list" classname="de.uka.ilkd.key.proof.runallproofs.RunAllProofsFunctional" time="328.696"/>
  <testcase name="list_ghost" classname="de.uka.ilkd.key.proof.runallproofs.RunAllProofsFunctional" time="83.812"/>
  <testcase name="list_recursive" classname="de.uka.ilkd.key.proof.runallproofs.RunAllProofsFunctional" time="27.591"/>
  <testcase name="list_seq" classname="de.uka.ilkd.key.proof.runallproofs.RunAllProofsFunctional" time="204.626"/>
  <testcase name="observer" classname="de.uka.ilkd.key.proof.runallproofs.RunAllProofsFunctional" time="116.146"/>
  <testcase name="removeDups" classname="de.uka.ilkd.key.proof.runallproofs.RunAllProofsFunctional" time="172.217"/>
  <testcase name="quicksort" classname="de.uka.ilkd.key.proof.runallproofs.RunAllProofsFunctional" time="127.56"/>
  <testcase name="simpleTests" classname="de.uka.ilkd.key.proof.runallproofs.RunAllProofsFunctional" time="183.685"/>
  <testcase name="SmansEtAl" classname="de.uka.ilkd.key.proof.runallproofs.RunAllProofsFunctional" time="243.895"/>
  <testcase name="VACID0" classname="de.uka.ilkd.key.proof.runallproofs.RunAllProofsFunctional" time="94.294"/>
  <testcase name="VSTTE10" classname="de.uka.ilkd.key.proof.runallproofs.RunAllProofsFunctional" time="220.921"/>
  <testcase name="WeideEtAl" classname="de.uka.ilkd.key.proof.runallproofs.RunAllProofsFunctional" time="36.081"/>
  <testcase name="arithmetic" classname="de.uka.ilkd.key.proof.runallproofs.RunAllProofsFunctional" time="599.801"/>
  <testcase name="arrays" classname="de.uka.ilkd.key.proof.runallproofs.RunAllProofsFunctional" time="69.995"/>
  <testcase name="javadl" classname="de.uka.ilkd.key.proof.runallproofs.RunAllProofsFunctional" time="774.166"/>
  <testcase name="FOL" classname="de.uka.ilkd.key.proof.runallproofs.RunAllProofsFunctional" time="322.576"/>
  <testcase name="strings" classname="de.uka.ilkd.key.proof.runallproofs.RunAllProofsFunctional" time="176.32"/>
  <testcase name="simple_info_flow" classname="de.uka.ilkd.key.proof.runallproofs.RunAllProofsFunctional" time="15.619"/>
  <testcase name="modelMethods" classname="de.uka.ilkd.key.proof.runallproofs.RunAllProofsFunctional" time="208.788"/>
  <testcase name="permissionHeap" classname="de.uka.ilkd.key.proof.runallproofs.RunAllProofsFunctional" time="992.058"/>
  <testcase name="completionScopes" classname="de.uka.ilkd.key.proof.runallproofs.RunAllProofsFunctional" time="59.429"/>
  <testcase name="reload_examples" classname="de.uka.ilkd.key.proof.runallproofs.RunAllProofsFunctional" time="54.658"/>
  <testcase name="proofLoadRepair" classname="de.uka.ilkd.key.proof.runallproofs.RunAllProofsFunctional" time="22.915"/>
  <testcase name="switch" classname="de.uka.ilkd.key.proof.runallproofs.RunAllProofsFunctional" time="71.764"/>
  <testcase name="redux" classname="de.uka.ilkd.key.proof.runallproofs.RunAllProofsFunctional" time="155.292"/>
  <system-out><![CDATA[283        INFO  Test worker     d.u.i.k.p.r.RunAllProofsTestUnit Running test newBook 
472        INFO  Timeout watchdog d.u.i.k.p.r.p.ForkedTestFileRunner Timeout watcher launched (2000 secs.) 
492        WARN  main            d.u.i.k.s.ProofSettings   No proof-settings could be loaded, using defaults java.io.FileNotFoundException: /home/runner/.key/proof-settings.props (No such file or directory)
	at java.base/java.io.FileInputStream.open0(Native Method)

529        INFO  main            d.u.i.k.p.r.p.TestFile    Now processing file /home/runner/work/key/key/key.core/../key.ui/examples/newBook/09.list_modelfield/ArrayList.add.key 
663        INFO  main            d.u.i.k.p.i.AbstractProblemLoader Loading environment from /home/runner/work/key/key/key.core/../key.ui/examples/newBook/09.list_modelfield/ArrayList.add.key 
684        DEBUG main            d.u.i.k.p.i.AbstractProblemLoader Environment load took 2.81ms 
988        INFO  main            d.u.i.k.p.i.AbstractProblemLoader Creating init config 
2001       DEBUG main            d.u.i.k.j.TypeConverter   No LDT found for Meta 
2005       DEBUG main            d.u.i.k.j.TypeConverter   No LDT found for Meta 
2007       DEBUG main            d.u.i.k.j.TypeConverter   No LDT found for Meta 
2009       DEBUG main            d.u.i.k.j.TypeConverter   No LDT found for Meta 
3757       DEBUG main            d.u.i.k.j.TypeConverter   No LDT found for JavaBigintExpression 
10085      DEBUG main            d.u.i.k.p.i.AbstractProblemLoader Init config took 9.1s 
10314      INFO  main            d.u.i.k.p.i.AbstractProblemLoader Replaying proof ArrayList[List::add(int)].JML normal_behavior operation contract.0 
10365      DEBUG main            d.u.i.k.p.i.IntermediateProofReplayer Proof replay took 37.9ns 
34020      INFO  main            d.u.i.k.p.r.p.TestFile    ... finished proof: closed. 
34379      INFO  main            d.u.i.k.p.i.AbstractProblemLoader Loading environment from /home/runner/work/key/key/key.core/../key.ui/examples/newBook/09.list_modelfield/ArrayList.add.key.proof 
34380      DEBUG main            d.u.i.k.p.i.AbstractProblemLoader Environment load took 1.35ms 
34392      INFO  main            d.u.i.k.p.i.AbstractProblemLoader Creating init config 
38127      DEBUG main            d.u.i.k.p.i.AbstractProblemLoader Init config took 3.74s 
38203      INFO  main            d.u.i.k.p.i.AbstractProblemLoader Replaying proof ArrayList[List::add(int)].JML normal_behavior operation contract.0 
40379      DEBUG main            d.u.i.k.p.i.IntermediateProofReplayer Proof replay took 2.07s 
40390      DEBUG main            d.u.i.k.p.r.p.TestFile    ... success: reloaded. 
40392      INFO  main            d.u.i.k.p.r.p.TestFile    Now processing file /home/runner/work/key/key/key.core/../key.ui/examples/newBook/09.list_modelfield/ArrayList.remFirst.key 
40392      INFO  main            d.u.i.k.p.i.AbstractProblemLoader Loading environment from /home/runner/work/key/key/key.core/../key.ui/examples/newBook/09.list_modelfield/ArrayList.remFirst.key 
40392      DEBUG main            d.u.i.k.p.i.AbstractProblemLoader Environment load took 94.3ns 
40394      INFO  main            d.u.i.k.p.i.AbstractProblemLoader Creating init config 
44065      DEBUG main            d.u.i.k.p.i.AbstractProblemLoader Init config took 3.67s 
44138      INFO  main            d.u.i.k.p.i.AbstractProblemLoader Replaying proof ArrayList[List::remFirst()].JML normal_behavior operation contract.0 
44141      DEBUG main            d.u.i.k.p.i.IntermediateProofReplayer Proof replay took 6.1ns 
49876      INFO  main            d.u.i.k.p.r.p.TestFile    ... finished proof: closed. 
50098      INFO  main            d.u.i.k.p.i.AbstractProblemLoader Loading environment from /home/runner/work/key/key/key.core/../key.ui/examples/newBook/09.list_modelfield/ArrayList.remFirst.key.proof 
50100      DEBUG main            d.u.i.k.p.i.AbstractProblemLoader Environment load took 1.48ms 
50105      INFO  main            d.u.i.k.p.i.AbstractProblemLoader Creating init config 
53592      DEBUG main            d.u.i.k.p.i.AbstractProblemLoader Init config took 3.49s 
53659      INFO  main            d.u.i.k.p.i.AbstractProblemLoader Replaying proof ArrayList[List::remFirst()].JML normal_behavior operation contract.0 
54521      DEBUG main            d.u.i.k.p.i.IntermediateProofReplayer Proof replay took 838.62ms 
54528      DEBUG main            d.u.i.k.p.r.p.TestFile    ... success: reloaded. 
54530      INFO  main            d.u.i.k.p.r.p.TestFile    Now processing file /home/runner/work/key/key/key.core/../key.ui/examples/newBook/09.list_modelfield/ArrayList.empty.key 
54531      INFO  main            d.u.i.k.p.i.AbstractProblemLoader Loading environment from /home/runner/work/key/key/key.core/../key.ui/examples/newBook/09.list_modelfield/ArrayList.empty.key 
54531      DEBUG main            d.u.i.k.p.i.AbstractProblemLoader Environment load took 601.01ns 
54534      INFO  main            d.u.i.k.p.i.AbstractProblemLoader Creating init config 
58054      DEBUG main            d.u.i.k.p.i.AbstractProblemLoader Init config took 3.52s 
58113      INFO  main            d.u.i.k.p.i.AbstractProblemLoader Replaying proof ArrayList[List::empty()].JML normal_behavior operation contract.0 
58119      DEBUG main            d.u.i.k.p.i.IntermediateProofReplayer Proof replay took 6.1ns 
59425      INFO  main            d.u.i.k.p.r.p.TestFile    ... finished proof: closed. 
59639      INFO  main            d.u.i.k.p.i.AbstractProblemLoader Loading environment from /home/runner/work/key/key/key.core/../key.ui/examples/newBook/09.list_modelfield/ArrayList.empty.key.proof 
59642      DEBUG main            d.u.i.k.p.i.AbstractProblemLoader Environment load took 3.69ms 
59645      INFO  main            d.u.i.k.p.i.AbstractProblemLoader Creating init config 
63078      DEBUG main            d.u.i.k.p.i.AbstractProblemLoader Init config took 3.43s 
63138      INFO  main            d.u.i.k.p.i.AbstractProblemLoader Replaying proof ArrayList[List::empty()].JML normal_behavior operation contract.0 
63360      DEBUG main            d.u.i.k.p.i.IntermediateProofReplayer Proof replay took 214.36ms 
63361      DEBUG main            d.u.i.k.p.r.p.TestFile    ... success: reloaded. 
63362      INFO  main            d.u.i.k.p.r.p.TestFile    Now processing file /home/runner/work/key/key/key.core/../key.ui/examples/newBook/09.list_modelfield/ArrayList.size.key 
63362      INFO  main            d.u.i.k.p.i.AbstractProblemLoader Loading environment from /home/runner/work/key/key/key.core/../key.ui/examples/newBook/09.list_modelfield/ArrayList.size.key 
63362      DEBUG main            d.u.i.k.p.i.AbstractProblemLoader Environment load took 82.3ns 
63363      INFO  main            d.u.i.k.p.i.AbstractProblemLoader Creating init config 
66831      DEBUG main            d.u.i.k.p.i.AbstractProblemLoader Init config took 3.47s 
66889      INFO  main            d.u.i.k.p.i.AbstractProblemLoader Replaying proof ArrayList[List::size()].JML normal_behavior operation contract.0 
66891      DEBUG main            d.u.i.k.p.i.IntermediateProofReplayer Proof replay took 7.1ns 
67398      INFO  main            d.u.i.k.p.r.p.TestFile    ... finished proof: closed. 
67601      INFO  main            d.u.i.k.p.i.AbstractProblemLoader Loading environment from /home/runner/work/key/key/key.core/../key.ui/examples/newBook/09.list_modelfield/ArrayList.size.key.proof 
67602      DEBUG main            d.u.i.k.p.i.AbstractProblemLoader Environment load took 137.4ns 
67603      INFO  main            d.u.i.k.p.i.AbstractProblemLoader Creating init config 
71070      DEBUG main            d.u.i.k.p.i.AbstractProblemLoader Init config took 3.47s 
71126      INFO  main            d.u.i.k.p.i.AbstractProblemLoader Replaying proof ArrayList[List::size()].JML normal_behavior operation contract.0 
71207      DEBUG main            d.u.i.k.p.i.IntermediateProofReplayer Proof replay took 76.34ms 
71208      DEBUG main            d.u.i.k.p.r.p.TestFile    ... success: reloaded. 
71209      INFO  main            d.u.i.k.p.r.p.TestFile    Now processing file /home/runner/work/key/key/key.core/../key.ui/examples/newBook/09.list_modelfield/ArrayList.get.key 
71209      INFO  main            d.u.i.k.p.i.AbstractProblemLoader Loading environment from /home/runner/work/key/key/key.core/../key.ui/examples/newBook/09.list_modelfield/ArrayList.get.key 
71209      DEBUG main            d.u.i.k.p.i.AbstractProblemLoader Environment load took 205.8ns 
71211      INFO  main            d.u.i.k.p.i.AbstractProblemLoader Creating init config 
74522      DEBUG main            d.u.i.k.p.i.AbstractProblemLoader Init config took 3.31s 
74577      INFO  main            d.u.i.k.p.i.AbstractProblemLoader Replaying proof ArrayList[List::get(int)].JML normal_behavior operation contract.0 
74579      DEBUG main            d.u.i.k.p.i.IntermediateProofReplayer Proof replay took 6.5ns 
75900      INFO  main            d.u.i.k.p.r.p.TestFile    ... finished proof: closed. 
76126      INFO  main            d.u.i.k.p.i.AbstractProblemLoader Loading environment from /home/runner/work/key/key/key.core/../key.ui/examples/newBook/09.list_modelfield/ArrayList.get.key.proof 
76126      DEBUG main            d.u.i.k.p.i.AbstractProblemLoader Environment load took 190.1ns 
76129      INFO  main            d.u.i.k.p.i.AbstractProblemLoader Creating init config 
79410      DEBUG main            d.u.i.k.p.i.AbstractProblemLoader Init config took 3.28s 
79467      INFO  main            d.u.i.k.p.i.AbstractProblemLoader Replaying proof ArrayList[List::get(int)].JML normal_behavior operation contract.0 
79636      DEBUG main            d.u.i.k.p.i.IntermediateProofReplayer Proof replay took 161.15ms 
79638      DEBUG main            d.u.i.k.p.r.p.TestFile    ... success: reloaded. 
80337      INFO  Test worker     d.u.i.k.p.r.RunAllProofsTestUnit Returning from test newBook 
80349      INFO  Test worker     d.u.i.k.p.r.RunAllProofsTestUnit Running test oldBook 
443        INFO  Timeout watchdog d.u.i.k.p.r.p.ForkedTestFileRunner Timeout watcher launched (2000 secs.) 
450        WARN  main            d.u.i.k.s.ProofSettings   The settings in /home/runner/.key/proof-settings.props are *not* read. 
482        INFO  main            d.u.i.k.p.r.p.TestFile    Now processing file /home/runner/work/key/key/key.core/../key.ui/examples/standard_key/BookExamples/02FirstOrderLogic/Ex2.58.key 
630        INFO  main            d.u.i.k.p.i.AbstractProblemLoader Loading environment from /home/runner/work/key/key/key.core/../key.ui/examples/standard_key/BookExamples/02FirstOrderLogic/Ex2.58.key 
652        DEBUG main            d.u.i.k.p.i.AbstractProblemLoader Environment load took 3.59ms 
980        INFO  main            d.u.i.k.p.i.AbstractProblemLoader Creating init config 
2289       DEBUG main            d.u.i.k.j.TypeConverter   No LDT found for Meta 
2290       DEBUG main            d.u.i.k.j.TypeConverter   No LDT found for Meta 
2297       DEBUG main            d.u.i.k.j.TypeConverter   No LDT found for Meta 
2298       DEBUG main            d.u.i.k.j.TypeConverter   No LDT found for Meta 
4373       DEBUG main            d.u.i.k.j.TypeConverter   No LDT found for JavaBigintExpression 
10588      DEBUG main            d.u.i.k.p.i.AbstractProblemLoader Init config took 9.61s 
10660      INFO  main            d.u.i.k.p.i.AbstractProblemLoader Replaying proof Ex2.58.key 
10712      DEBUG main            d.u.i.k.p.i.IntermediateProofReplayer Proof replay took 38.1ns 
10906      INFO  main            d.u.i.k.p.r.p.TestFile    ... finished proof: closed. 
11033      INFO  main            d.u.i.k.p.i.AbstractProblemLoader Loading environment from /home/runner/work/key/key/key.core/../key.ui/examples/standard_key/BookExamples/02FirstOrderLogic/Ex2.58.key.proof 
11033      DEBUG main            d.u.i.k.p.i.AbstractProblemLoader Environment load took 309.9ns 
11038      INFO  main            d.u.i.k.p.i.AbstractProblemLoader Creating init config 
14351      DEBUG main            d.u.i.k.p.i.AbstractProblemLoader Init config took 3.31s 
14390      INFO  main            d.u.i.k.p.i.AbstractProblemLoader Replaying proof Ex2.58.key.proof 
14400      DEBUG main            d.u.i.k.p.i.IntermediateProofReplayer Proof replay took 4.63ms 
14425      DEBUG main            d.u.i.k.p.r.p.TestFile    ... success: reloaded. 
14427      INFO  main            d.u.i.k.p.r.p.TestFile    Now processing file /home/runner/work/key/key/key.core/../key.ui/examples/standard_key/BookExamples/03DynamicLogic/Sect3.3.1.key 
14428      INFO  main            d.u.i.k.p.i.AbstractProblemLoader Loading environment from /home/runner/work/key/key/key.core/../key.ui/examples/standard_key/BookExamples/03DynamicLogic/Sect3.3.1.key 
14428      DEBUG main            d.u.i.k.p.i.AbstractProblemLoader Environment load took 825.51ns 
14431      INFO  main            d.u.i.k.p.i.AbstractProblemLoader Creating init config 
17583      DEBUG main            d.u.i.k.p.i.AbstractProblemLoader Init config took 3.15s 
17636      INFO  main            d.u.i.k.p.i.AbstractProblemLoader Replaying proof Sect3.3.1.key 
17645      DEBUG main            d.u.i.k.p.i.IntermediateProofReplayer Proof replay took 7.9ns 
18360      INFO  main            d.u.i.k.p.r.p.TestFile    ... finished proof: closed. 
18516      INFO  main            d.u.i.k.p.i.AbstractProblemLoader Loading environment from /home/runner/work/key/key/key.core/../key.ui/examples/standard_key/BookExamples/03DynamicLogic/Sect3.3.1.key.proof 
18517      DEBUG main            d.u.i.k.p.i.AbstractProblemLoader Environment load took 1.73ms 
18525      INFO  main            d.u.i.k.p.i.AbstractProblemLoader Creating init config 
21582      DEBUG main            d.u.i.k.p.i.AbstractProblemLoader Init config took 3.06s 
21612      INFO  main            d.u.i.k.p.i.AbstractProblemLoader Replaying proof Sect3.3.1.key.proof 
21738      DEBUG main            d.u.i.k.p.i.IntermediateProofReplayer Proof replay took 119.49ms 
21739      DEBUG main            d.u.i.k.p.r.p.TestFile    ... success: reloaded. 
102316     INFO  Test worker     d.u.i.k.p.r.RunAllProofsTestUnit Returning from test oldBook 
102318     INFO  Test worker     d.u.i.k.p.r.RunAllProofsTestUnit Running test comprehensions 
511        INFO  Timeout watchdog d.u.i.k.p.r.p.ForkedTestFileRunner Timeout watcher launched (2000 secs.) 
532        WARN  main            d.u.i.k.s.ProofSettings   The settings in /home/runner/.key/proof-settings.props are *not* read. 
585        INFO  main            d.u.i.k.p.r.p.TestFile    Now processing file /home/runner/work/key/key/key.core/../key.ui/examples/heap/comprehensions/general_sum.key 
713        INFO  main            d.u.i.k.p.i.AbstractProblemLoader Loading environment from /home/runner/work/key/key/key.core/../key.ui/examples/heap/comprehensions/general_sum.key 
734        DEBUG main            d.u.i.k.p.i.AbstractProblemLoader Environment load took 2.76ms 
1031       INFO  main            d.u.i.k.p.i.AbstractProblemLoader Creating init config 
2226       DEBUG main            d.u.i.k.j.TypeConverter   No LDT found for Meta 
2227       DEBUG main            d.u.i.k.j.TypeConverter   No LDT found for Meta 
2231       DEBUG main            d.u.i.k.j.TypeConverter   No LDT found for Meta 
2232       DEBUG main            d.u.i.k.j.TypeConverter   No LDT found for Meta 
3860       DEBUG main            d.u.i.k.j.TypeConverter   No LDT found for JavaBigintExpression 
9835       DEBUG main            d.u.i.k.p.i.AbstractProblemLoader Init config took 8.8s 
10061      INFO  main            d.u.i.k.p.i.AbstractProblemLoader Replaying proof GSum[GSum::doNothing()].JML operation contract.0 
10109      DEBUG main            d.u.i.k.p.i.IntermediateProofReplayer Proof replay took 35.5ns 
10549      INFO  main            d.u.i.k.p.r.p.TestFile    ... finished proof: closed. 
10664      INFO  main            d.u.i.k.p.i.AbstractProblemLoader Loading environment from /home/runner/work/key/key/key.core/../key.ui/examples/heap/comprehensions/general_sum.key.proof 
10665      DEBUG main            d.u.i.k.p.i.AbstractProblemLoader Environment load took 848.01ns 
10668      INFO  main            d.u.i.k.p.i.AbstractProblemLoader Creating init config 
14323      DEBUG main            d.u.i.k.p.i.AbstractProblemLoader Init config took 3.66s 
14422      INFO  main            d.u.i.k.p.i.AbstractProblemLoader Replaying proof GSum[GSum::doNothing()].JML operation contract.0 
14453      DEBUG main            d.u.i.k.p.i.IntermediateProofReplayer Proof replay took 24.7ms 
14471      DEBUG main            d.u.i.k.p.r.p.TestFile    ... success: reloaded. 
14474      INFO  main            d.u.i.k.p.r.p.TestFile    Now processing file /home/runner/work/key/key/key.core/../key.ui/examples/heap/comprehensions/sum0.key 
14474      INFO  main            d.u.i.k.p.i.AbstractProblemLoader Loading environment from /home/runner/work/key/key/key.core/../key.ui/examples/heap/comprehensions/sum0.key 
14475      DEBUG main            d.u.i.k.p.i.AbstractProblemLoader Environment load took 398.7ns 
14480      INFO  main            d.u.i.k.p.i.AbstractProblemLoader Creating init config 
17808      DEBUG main            d.u.i.k.p.i.AbstractProblemLoader Init config took 3.33s 
17887      INFO  main            d.u.i.k.p.i.AbstractProblemLoader Replaying proof Sum[Sum::sum0([I)].JML normal_behavior operation contract.0 
17894      DEBUG main            d.u.i.k.p.i.IntermediateProofReplayer Proof replay took 7.7ns 
18094      DEBUG Thread-4        d.u.i.k.l.l.OriginTermLabel commonFileName is null! 
18095      DEBUG Thread-4        d.u.i.k.l.l.OriginTermLabel commonFileName is null! 
18440      DEBUG Thread-4        d.u.i.k.l.l.OriginTermLabel commonFileName is null! 
18442      DEBUG Thread-4        d.u.i.k.l.l.OriginTermLabel commonFileName is null! 
18673      DEBUG Thread-4        d.u.i.k.l.l.OriginTermLabel commonFileName is null! 
18909      INFO  main            d.u.i.k.p.r.p.TestFile    ... finished proof: closed. 
19148      INFO  main            d.u.i.k.p.i.AbstractProblemLoader Loading environment from /home/runner/work/key/key/key.core/../key.ui/examples/heap/comprehensions/sum0.key.proof 
19148      DEBUG main            d.u.i.k.p.i.AbstractProblemLoader Environment load took 134.1ns 
19150      INFO  main            d.u.i.k.p.i.AbstractProblemLoader Creating init config 
22439      DEBUG main            d.u.i.k.p.i.AbstractProblemLoader Init config took 3.29s 
22497      INFO  main            d.u.i.k.p.i.AbstractProblemLoader Replaying proof Sum[Sum::sum0([I)].JML normal_behavior operation contract.0 
22539      DEBUG main            d.u.i.k.l.l.OriginTermLabel commonFileName is null! 
22540      DEBUG main            d.u.i.k.l.l.OriginTermLabel commonFileName is null! 
22614      DEBUG main            d.u.i.k.l.l.OriginTermLabel commonFileName is null! 
22666      DEBUG main            d.u.i.k.l.l.OriginTermLabel commonFileName is null! 
22668      DEBUG main            d.u.i.k.l.l.OriginTermLabel commonFileName is null! 
22672      DEBUG main            d.u.i.k.p.i.IntermediateProofReplayer Proof replay took 168.18ms 
22674      DEBUG main            d.u.i.k.p.r.p.TestFile    ... success: reloaded. 
22675      INFO  main            d.u.i.k.p.r.p.TestFile    Now processing file /home/runner/work/key/key/key.core/../key.ui/examples/heap/comprehensions/sum1.key 
22676      INFO  main            d.u.i.k.p.i.AbstractProblemLoader Loading environment from /home/runner/work/key/key/key.core/../key.ui/examples/heap/comprehensions/sum1.key 
22676      DEBUG main            d.u.i.k.p.i.AbstractProblemLoader Environment load took 383.2ns 
22678      INFO  main            d.u.i.k.p.i.AbstractProblemLoader Creating init config 
25816      DEBUG main            d.u.i.k.p.i.AbstractProblemLoader Init config took 3.14s 
25872      INFO  main            d.u.i.k.p.i.AbstractProblemLoader Replaying proof Sum[Sum::sum1([I)].JML normal_behavior operation contract.0 
25875      DEBUG main            d.u.i.k.p.i.IntermediateProofReplayer Proof replay took 7.7ns 
25949      DEBUG Thread-7        d.u.i.k.l.l.OriginTermLabel commonFileName is null! 
25950      DEBUG Thread-7        d.u.i.k.l.l.OriginTermLabel commonFileName is null! 
26168      DEBUG Thread-7        d.u.i.k.l.l.OriginTermLabel commonFileName is null! 
26172      DEBUG Thread-7        d.u.i.k.l.l.OriginTermLabel commonFileName is null! 
26384      DEBUG Thread-7        d.u.i.k.l.l.OriginTermLabel commonFileName is null! 
26680      INFO  main            d.u.i.k.p.r.p.TestFile    ... finished proof: closed. 
26846      INFO  main            d.u.i.k.p.i.AbstractProblemLoader Loading environment from /home/runner/work/key/key/key.core/../key.ui/examples/heap/comprehensions/sum1.key.proof 
26853      DEBUG main            d.u.i.k.p.i.AbstractProblemLoader Environment load took 6.61ms 
26856      INFO  main            d.u.i.k.p.i.AbstractProblemLoader Creating init config 
30007      DEBUG main            d.u.i.k.p.i.AbstractProblemLoader Init config took 3.15s 
30059      INFO  main            d.u.i.k.p.i.AbstractProblemLoader Replaying proof Sum[Sum::sum1([I)].JML normal_behavior operation contract.0 
30099      DEBUG main            d.u.i.k.l.l.OriginTermLabel commonFileName is null! 
30099      DEBUG main            d.u.i.k.l.l.OriginTermLabel commonFileName is null! 
30163      DEBUG main            d.u.i.k.l.l.OriginTermLabel commonFileName is null! 
30208      DEBUG main            d.u.i.k.l.l.OriginTermLabel commonFileName is null! 
30209      DEBUG main            d.u.i.k.l.l.OriginTermLabel commonFileName is null! 
30212      DEBUG main            d.u.i.k.p.i.IntermediateProofReplayer Proof replay took 147.06ms 
30213      DEBUG main            d.u.i.k.p.r.p.TestFile    ... success: reloaded. 
30214      INFO  main            d.u.i.k.p.r.p.TestFile    Now processing file /home/runner/work/key/key/key.core/../key.ui/examples/heap/comprehensions/sum2.key 
30215      INFO  main            d.u.i.k.p.i.AbstractProblemLoader Loading environment from /home/runner/work/key/key/key.core/../key.ui/examples/heap/comprehensions/sum2.key 
30216      DEBUG main            d.u.i.k.p.i.AbstractProblemLoader Environment load took 423.9ns 
30217      INFO  main            d.u.i.k.p.i.AbstractProblemLoader Creating init config 
33373      DEBUG main            d.u.i.k.p.i.AbstractProblemLoader Init config took 3.16s 
33437      INFO  main            d.u.i.k.p.i.AbstractProblemLoader Replaying proof Sum[Sum::sum2([I)].JML normal_behavior operation contract.0 
33441      DEBUG main            d.u.i.k.p.i.IntermediateProofReplayer Proof replay took 6.8ns 
33507      DEBUG Thread-10       d.u.i.k.l.l.OriginTermLabel commonFileName is null! 
33507      DEBUG Thread-10       d.u.i.k.l.l.OriginTermLabel commonFileName is null! 
33660      DEBUG Thread-10       d.u.i.k.l.l.OriginTermLabel commonFileName is null! 
33660      DEBUG Thread-10       d.u.i.k.l.l.OriginTermLabel commonFileName is null! 
33766      DEBUG Thread-10       d.u.i.k.l.l.OriginTermLabel commonFileName is null! 
33945      INFO  main            d.u.i.k.p.r.p.TestFile    ... finished proof: closed. 
34145      INFO  main            d.u.i.k.p.i.AbstractProblemLoader Loading environment from /home/runner/work/key/key/key.core/../key.ui/examples/heap/comprehensions/sum2.key.proof 
34147      DEBUG main            d.u.i.k.p.i.AbstractProblemLoader Environment load took 1.95ms 
34149      INFO  main            d.u.i.k.p.i.AbstractProblemLoader Creating init config 
37185      DEBUG main            d.u.i.k.p.i.AbstractProblemLoader Init config took 3.04s 
37247      INFO  main            d.u.i.k.p.i.AbstractProblemLoader Replaying proof Sum[Sum::sum2([I)].JML normal_behavior operation contract.0 
37284      DEBUG main            d.u.i.k.l.l.OriginTermLabel commonFileName is null! 
37284      DEBUG main            d.u.i.k.l.l.OriginTermLabel commonFileName is null! 
37332      DEBUG main            d.u.i.k.l.l.OriginTermLabel commonFileName is null! 
37371      DEBUG main            d.u.i.k.l.l.OriginTermLabel commonFileName is null! 
37371      DEBUG main            d.u.i.k.l.l.OriginTermLabel commonFileName is null! 
37374      DEBUG main            d.u.i.k.p.i.IntermediateProofReplayer Proof replay took 120.65ms 
37375      DEBUG main            d.u.i.k.p.r.p.TestFile    ... success: reloaded. 
37377      INFO  main            d.u.i.k.p.r.p.TestFile    Now processing file /home/runner/work/key/key/key.core/../key.ui/examples/heap/comprehensions/sum3.key 
37377      INFO  main            d.u.i.k.p.i.AbstractProblemLoader Loading environment from /home/runner/work/key/key/key.core/../key.ui/examples/heap/comprehensions/sum3.key 
37377      DEBUG main            d.u.i.k.p.i.AbstractProblemLoader Environment load took 167ns 
37378      INFO  main            d.u.i.k.p.i.AbstractProblemLoader Creating init config 
40502      DEBUG main            d.u.i.k.p.i.AbstractProblemLoader Init config took 3.12s 
40553      INFO  main            d.u.i.k.p.i.AbstractProblemLoader Replaying proof Sum[Sum::sum3([I)].JML normal_behavior operation contract.0 
40554      DEBUG main            d.u.i.k.p.i.IntermediateProofReplayer Proof replay took 10.8ns 
40641      DEBUG Thread-13       d.u.i.k.l.l.OriginTermLabel commonFileName is null! 
40641      DEBUG Thread-13       d.u.i.k.l.l.OriginTermLabel commonFileName is null! 
40774      DEBUG Thread-13       d.u.i.k.l.l.OriginTermLabel commonFileName is null! 
40774      DEBUG Thread-13       d.u.i.k.l.l.OriginTermLabel commonFileName is null! 
40862      DEBUG Thread-13       d.u.i.k.l.l.OriginTermLabel commonFileName is null! 
41062      INFO  main            d.u.i.k.p.r.p.TestFile    ... finished proof: closed. 
41236      INFO  main            d.u.i.k.p.i.AbstractProblemLoader Loading environment from /home/runner/work/key/key/key.core/../key.ui/examples/heap/comprehensions/sum3.key.proof 
41237      DEBUG main            d.u.i.k.p.i.AbstractProblemLoader Environment load took 946.61ns 
41242      INFO  main            d.u.i.k.p.i.AbstractProblemLoader Creating init config 
44332      DEBUG main            d.u.i.k.p.i.AbstractProblemLoader Init config took 3.09s 
44389      INFO  main            d.u.i.k.p.i.AbstractProblemLoader Replaying proof Sum[Sum::sum3([I)].JML normal_behavior operation contract.0 
44442      DEBUG main            d.u.i.k.l.l.OriginTermLabel commonFileName is null! 
44444      DEBUG main            d.u.i.k.l.l.OriginTermLabel commonFileName is null! 
44493      DEBUG main            d.u.i.k.l.l.OriginTermLabel commonFileName is null! 
44528      DEBUG main            d.u.i.k.l.l.OriginTermLabel commonFileName is null! 
44531      DEBUG main            d.u.i.k.l.l.OriginTermLabel commonFileName is null! 
44535      DEBUG main            d.u.i.k.p.i.IntermediateProofReplayer Proof replay took 139.31ms 
44537      DEBUG main            d.u.i.k.p.r.p.TestFile    ... success: reloaded. 
44540      INFO  main            d.u.i.k.p.r.p.TestFile    Now processing file /home/runner/work/key/key/key.core/../key.ui/examples/heap/comprehensions/segsum.key 
44541      INFO  main            d.u.i.k.p.i.AbstractProblemLoader Loading environment from /home/runner/work/key/key/key.core/../key.ui/examples/heap/comprehensions/segsum.key 
44542      DEBUG main            d.u.i.k.p.i.AbstractProblemLoader Environment load took 1.27ms 
44544      INFO  main            d.u.i.k.p.i.AbstractProblemLoader Creating init config 
47577      DEBUG main            d.u.i.k.p.i.AbstractProblemLoader Init config took 3.03s 
47625      INFO  main            d.u.i.k.p.i.AbstractProblemLoader Replaying proof SegSum[SegSum::segSum([I,int,int)].JML normal_behavior operation contract.0 
47630      DEBUG main            d.u.i.k.p.i.IntermediateProofReplayer Proof replay took 7.4ns 
48138      INFO  main            d.u.i.k.p.r.p.TestFile    ... finished proof: closed. 
48374      INFO  main            d.u.i.k.p.i.AbstractProblemLoader Loading environment from /home/runner/work/key/key/key.core/../key.ui/examples/heap/comprehensions/segsum.key.proof 
48375      DEBUG main            d.u.i.k.p.i.AbstractProblemLoader Environment load took 820.71ns 
48378      INFO  main            d.u.i.k.p.i.AbstractProblemLoader Creating init config 
51383      DEBUG main            d.u.i.k.p.i.AbstractProblemLoader Init config took 3.01s 
51428      INFO  main            d.u.i.k.p.i.AbstractProblemLoader Replaying proof SegSum[SegSum::segSum([I,int,int)].JML normal_behavior operation contract.0 
51554      DEBUG main            d.u.i.k.p.i.IntermediateProofReplayer Proof replay took 117.63ms 
51556      DEBUG main            d.u.i.k.p.r.p.TestFile    ... success: reloaded. 
51557      INFO  main            d.u.i.k.p.r.p.TestFile    Now processing file /home/runner/work/key/key/key.core/../key.ui/examples/heap/comprehensions/bsum_negative.key 
51558      INFO  main            d.u.i.k.p.i.AbstractProblemLoader Loading environment from /home/runner/work/key/key/key.core/../key.ui/examples/heap/comprehensions/bsum_negative.key 
51558      DEBUG main            d.u.i.k.p.i.AbstractProblemLoader Environment load took 626.61ns 
51560      INFO  main            d.u.i.k.p.i.AbstractProblemLoader Creating init config 
54418      DEBUG main            d.u.i.k.p.i.AbstractProblemLoader Init config took 2.86s 
54437      INFO  main            d.u.i.k.p.i.AbstractProblemLoader Replaying proof bsum_negative.key 
54438      DEBUG main            d.u.i.k.p.i.IntermediateProofReplayer Proof replay took 7ns 
54541      INFO  main            d.u.i.k.p.r.p.TestFile    ... finished proof: closed. 
54728      INFO  main            d.u.i.k.p.i.AbstractProblemLoader Loading environment from /home/runner/work/key/key/key.core/../key.ui/examples/heap/comprehensions/bsum_negative.key.proof 
54728      DEBUG main            d.u.i.k.p.i.AbstractProblemLoader Environment load took 117.5ns 
54729      INFO  main            d.u.i.k.p.i.AbstractProblemLoader Creating init config 
57542      DEBUG main            d.u.i.k.p.i.AbstractProblemLoader Init config took 2.81s 
57561      INFO  main            d.u.i.k.p.i.AbstractProblemLoader Replaying proof bsum_negative.key.proof 
57565      DEBUG main            d.u.i.k.p.i.IntermediateProofReplayer Proof replay took 2.19ms 
57566      DEBUG main            d.u.i.k.p.r.p.TestFile    ... success: reloaded. 
57567      INFO  main            d.u.i.k.p.r.p.TestFile    Now processing file /home/runner/work/key/key/key.core/../key.ui/examples/heap/comprehensions/bsum_neg2.key 
57567      INFO  main            d.u.i.k.p.i.AbstractProblemLoader Loading environment from /home/runner/work/key/key/key.core/../key.ui/examples/heap/comprehensions/bsum_neg2.key 
57567      DEBUG main            d.u.i.k.p.i.AbstractProblemLoader Environment load took 72ns 
57568      INFO  main            d.u.i.k.p.i.AbstractProblemLoader Creating init config 
60380      DEBUG main            d.u.i.k.p.i.AbstractProblemLoader Init config took 2.81s 
60397      INFO  main            d.u.i.k.p.i.AbstractProblemLoader Replaying proof bsum_neg2.key 
60398      DEBUG main            d.u.i.k.p.i.IntermediateProofReplayer Proof replay took 6.7ns 
60500      INFO  main            d.u.i.k.p.r.p.TestFile    ... finished proof: closed. 
60688      INFO  main            d.u.i.k.p.i.AbstractProblemLoader Loading environment from /home/runner/work/key/key/key.core/../key.ui/examples/heap/comprehensions/bsum_neg2.key.proof 
60688      DEBUG main            d.u.i.k.p.i.AbstractProblemLoader Environment load took 124.1ns 
60690      INFO  main            d.u.i.k.p.i.AbstractProblemLoader Creating init config 
63479      DEBUG main            d.u.i.k.p.i.AbstractProblemLoader Init config took 2.79s 
63498      INFO  main            d.u.i.k.p.i.AbstractProblemLoader Replaying proof bsum_neg2.key.proof 
63501      DEBUG main            d.u.i.k.p.i.IntermediateProofReplayer Proof replay took 1.23ms 
63502      DEBUG main            d.u.i.k.p.r.p.TestFile    ... success: reloaded. 
63503      INFO  main            d.u.i.k.p.r.p.TestFile    Now processing file /home/runner/work/key/key/key.core/../key.ui/examples/heap/comprehensions/bsumSplit.key 
63503      INFO  main            d.u.i.k.p.i.AbstractProblemLoader Loading environment from /home/runner/work/key/key/key.core/../key.ui/examples/heap/comprehensions/bsumSplit.key 
63504      DEBUG main            d.u.i.k.p.i.AbstractProblemLoader Environment load took 434.9ns 
63505      INFO  main            d.u.i.k.p.i.AbstractProblemLoader Creating init config 
66348      DEBUG main            d.u.i.k.p.i.AbstractProblemLoader Init config took 2.84s 
66373      INFO  main            d.u.i.k.p.i.AbstractProblemLoader Replaying proof bsumSplit.key 
66375      DEBUG main            d.u.i.k.p.i.IntermediateProofReplayer Proof replay took 7.1ns 
66480      INFO  main            d.u.i.k.p.r.p.TestFile    ... finished proof: closed. 
66663      INFO  main            d.u.i.k.p.i.AbstractProblemLoader Loading environment from /home/runner/work/key/key/key.core/../key.ui/examples/heap/comprehensions/bsumSplit.key.proof 
66663      DEBUG main            d.u.i.k.p.i.AbstractProblemLoader Environment load took 122.3ns 
66664      INFO  main            d.u.i.k.p.i.AbstractProblemLoader Creating init config 
69390      DEBUG main            d.u.i.k.p.i.AbstractProblemLoader Init config took 2.73s 
69407      INFO  main            d.u.i.k.p.i.AbstractProblemLoader Replaying proof bsumSplit.key.proof 
69415      DEBUG main            d.u.i.k.p.i.IntermediateProofReplayer Proof replay took 5.09ms 
69416      DEBUG main            d.u.i.k.p.r.p.TestFile    ... success: reloaded. 
69416      INFO  main            d.u.i.k.p.r.p.TestFile    Now processing file /home/runner/work/key/key/key.core/../key.ui/examples/heap/comprehensions/bprodSplit.key 
69417      INFO  main            d.u.i.k.p.i.AbstractProblemLoader Loading environment from /home/runner/work/key/key/key.core/../key.ui/examples/heap/comprehensions/bprodSplit.key 
69418      DEBUG main            d.u.i.k.p.i.AbstractProblemLoader Environment load took 1.25ms 
69419      INFO  main            d.u.i.k.p.i.AbstractProblemLoader Creating init config 
72167      DEBUG main            d.u.i.k.p.i.AbstractProblemLoader Init config took 2.75s 
72183      INFO  main            d.u.i.k.p.i.AbstractProblemLoader Replaying proof bprodSplit.key 
72184      DEBUG main            d.u.i.k.p.i.IntermediateProofReplayer Proof replay took 6.7ns 
72289      INFO  main            d.u.i.k.p.r.p.TestFile    ... finished proof: closed. 
72504      INFO  main            d.u.i.k.p.i.AbstractProblemLoader Loading environment from /home/runner/work/key/key/key.core/../key.ui/examples/heap/comprehensions/bprodSplit.key.proof 
72504      DEBUG main            d.u.i.k.p.i.AbstractProblemLoader Environment load took 121ns 
72505      INFO  main            d.u.i.k.p.i.AbstractProblemLoader Creating init config 
75130      DEBUG main            d.u.i.k.p.i.AbstractProblemLoader Init config took 2.63s 
75146      INFO  main            d.u.i.k.p.i.AbstractProblemLoader Replaying proof bprodSplit.key.proof 
75151      DEBUG main            d.u.i.k.p.i.IntermediateProofReplayer Proof replay took 3.32ms 
75152      DEBUG main            d.u.i.k.p.r.p.TestFile    ... success: reloaded. 
75153      INFO  main            d.u.i.k.p.r.p.TestFile    Now processing file /home/runner/work/key/key/key.core/../key.ui/examples/heap/comprehensions/bsumSplitInvalid.key 
75153      INFO  main            d.u.i.k.p.i.AbstractProblemLoader Loading environment from /home/runner/work/key/key/key.core/../key.ui/examples/heap/comprehensions/bsumSplitInvalid.key 
75153      DEBUG main            d.u.i.k.p.i.AbstractProblemLoader Environment load took 164ns 
75154      INFO  main            d.u.i.k.p.i.AbstractProblemLoader Creating init config 
77968      DEBUG main            d.u.i.k.p.i.AbstractProblemLoader Init config took 2.81s 
77984      INFO  main            d.u.i.k.p.i.AbstractProblemLoader Replaying proof bsumSplitInvalid.key 
77986      DEBUG main            d.u.i.k.p.i.IntermediateProofReplayer Proof replay took 7ns 
78089      INFO  main            d.u.i.k.p.r.p.TestFile    ... finished proof: open goal(s) 
180836     INFO  Test worker     d.u.i.k.p.r.RunAllProofsTestUnit Returning from test comprehensions 
180838     INFO  Test worker     d.u.i.k.p.r.RunAllProofsTestUnit Running test performance 
384        INFO  Timeout watchdog d.u.i.k.p.r.p.ForkedTestFileRunner Timeout watcher launched (2000 secs.) 
396        WARN  main            d.u.i.k.s.ProofSettings   The settings in /home/runner/.key/proof-settings.props are *not* read. 
425        INFO  main            d.u.i.k.p.r.p.TestFile    Now processing file /home/runner/work/key/key/key.core/../key.ui/examples/performance-test/Disjoint(Disjoint__disjoint_08()).JML_operation_contract.0.key 
551        INFO  main            d.u.i.k.p.i.AbstractProblemLoader Loading environment from /home/runner/work/key/key/key.core/../key.ui/examples/performance-test/Disjoint(Disjoint__disjoint_08()).JML_operation_contract.0.key 
576        DEBUG main            d.u.i.k.p.i.AbstractProblemLoader Environment load took 1.87ms 
846        INFO  main            d.u.i.k.p.i.AbstractProblemLoader Creating init config 
1967       DEBUG main            d.u.i.k.j.TypeConverter   No LDT found for Meta 
1968       DEBUG main            d.u.i.k.j.TypeConverter   No LDT found for Meta 
1972       DEBUG main            d.u.i.k.j.TypeConverter   No LDT found for Meta 
1973       DEBUG main            d.u.i.k.j.TypeConverter   No LDT found for Meta 
3642       DEBUG main            d.u.i.k.j.TypeConverter   No LDT found for JavaBigintExpression 
10254      DEBUG main            d.u.i.k.j.r.ClassPreparationMethodBuilder clPrepBuilder: Inner Class detected. Reject building class initialisation methods. 
19972      DEBUG main            d.u.i.k.p.i.AbstractProblemLoader Init config took 19.13s 
20198      INFO  main            d.u.i.k.p.i.AbstractProblemLoader Replaying proof Disjoint[Disjoint::disjoint_8()].JML operation contract.0 
20274      DEBUG main            d.u.i.k.p.i.IntermediateProofReplayer Proof replay took 342ns 
23873      INFO  main            d.u.i.k.p.r.p.TestFile    ... finished proof: closed. 
24094      INFO  main            d.u.i.k.p.i.AbstractProblemLoader Loading environment from /home/runner/work/key/key/key.core/../key.ui/examples/performance-test/Disjoint(Disjoint__disjoint_08()).JML_operation_contract.0.key.proof 
24099      DEBUG main            d.u.i.k.p.i.AbstractProblemLoader Environment load took 5.06ms 
24102      INFO  main            d.u.i.k.p.i.AbstractProblemLoader Creating init config 
28042      DEBUG main            d.u.i.k.j.r.ClassPreparationMethodBuilder clPrepBuilder: Inner Class detected. Reject building class initialisation methods. 
36541      DEBUG main            d.u.i.k.p.i.AbstractProblemLoader Init config took 12.44s 
36669      INFO  main            d.u.i.k.p.i.AbstractProblemLoader Replaying proof Disjoint[Disjoint::disjoint_8()].JML operation contract.0 
37122      DEBUG main            d.u.i.k.p.i.IntermediateProofReplayer Proof replay took 439.78ms 
37132      DEBUG main            d.u.i.k.p.r.p.TestFile    ... success: reloaded. 
37134      INFO  main            d.u.i.k.p.r.p.TestFile    Now processing file /home/runner/work/key/key/key.core/../key.ui/examples/performance-test/Disjoint(Disjoint__disjoint2_08()).JML_operation_contract.0.key 
37135      INFO  main            d.u.i.k.p.i.AbstractProblemLoader Loading environment from /home/runner/work/key/key/key.core/../key.ui/examples/performance-test/Disjoint(Disjoint__disjoint2_08()).JML_operation_contract.0.key 
37135      DEBUG main            d.u.i.k.p.i.AbstractProblemLoader Environment load took 367.5ns 
37137      INFO  main            d.u.i.k.p.i.AbstractProblemLoader Creating init config 
41003      DEBUG main            d.u.i.k.j.r.ClassPreparationMethodBuilder clPrepBuilder: Inner Class detected. Reject building class initialisation methods. 
49306      DEBUG main            d.u.i.k.p.i.AbstractProblemLoader Init config took 12.17s 
49438      INFO  main            d.u.i.k.p.i.AbstractProblemLoader Replaying proof Disjoint[Disjoint::disjoint2_8()].JML operation contract.0 
49442      DEBUG main            d.u.i.k.p.i.IntermediateProofReplayer Proof replay took 22.9ns 
50450      INFO  main            d.u.i.k.p.r.p.TestFile    ... finished proof: closed. 
50759      INFO  main            d.u.i.k.p.i.AbstractProblemLoader Loading environment from /home/runner/work/key/key/key.core/../key.ui/examples/performance-test/Disjoint(Disjoint__disjoint2_08()).JML_operation_contract.0.key.proof 
50760      DEBUG main            d.u.i.k.p.i.AbstractProblemLoader Environment load took 695.51ns 
50762      INFO  main            d.u.i.k.p.i.AbstractProblemLoader Creating init config 
54254      DEBUG main            d.u.i.k.j.r.ClassPreparationMethodBuilder clPrepBuilder: Inner Class detected. Reject building class initialisation methods. 
61947      DEBUG main            d.u.i.k.p.i.AbstractProblemLoader Init config took 11.19s 
62055      INFO  main            d.u.i.k.p.i.AbstractProblemLoader Replaying proof Disjoint[Disjoint::disjoint2_8()].JML operation contract.0 
62160      DEBUG main            d.u.i.k.p.i.IntermediateProofReplayer Proof replay took 100.66ms 
62162      DEBUG main            d.u.i.k.p.r.p.TestFile    ... success: reloaded. 
62163      INFO  main            d.u.i.k.p.r.p.TestFile    Now processing file /home/runner/work/key/key/key.core/../key.ui/examples/performance-test/AccessChain1(AccessChain1__foo_08()).JML_operation_contract.0.key 
62163      INFO  main            d.u.i.k.p.i.AbstractProblemLoader Loading environment from /home/runner/work/key/key/key.core/../key.ui/examples/performance-test/AccessChain1(AccessChain1__foo_08()).JML_operation_contract.0.key 
62163      DEBUG main            d.u.i.k.p.i.AbstractProblemLoader Environment load took 73.3ns 
62165      INFO  main            d.u.i.k.p.i.AbstractProblemLoader Creating init config 
65592      DEBUG main            d.u.i.k.j.r.ClassPreparationMethodBuilder clPrepBuilder: Inner Class detected. Reject building class initialisation methods. 
73164      DEBUG main            d.u.i.k.p.i.AbstractProblemLoader Init config took 11s 
73270      INFO  main            d.u.i.k.p.i.AbstractProblemLoader Replaying proof AccessChain1[AccessChain1::foo_8()].JML operation contract.0 
73272      DEBUG main            d.u.i.k.p.i.IntermediateProofReplayer Proof replay took 10.1ns 
76126      INFO  main            d.u.i.k.p.r.p.TestFile    ... finished proof: closed. 
76492      INFO  main            d.u.i.k.p.i.AbstractProblemLoader Loading environment from /home/runner/work/key/key/key.core/../key.ui/examples/performance-test/AccessChain1(AccessChain1__foo_08()).JML_operation_contract.0.key.proof 
76498      DEBUG main            d.u.i.k.p.i.AbstractProblemLoader Environment load took 133.4ns 
76501      INFO  main            d.u.i.k.p.i.AbstractProblemLoader Creating init config 
79724      DEBUG main            d.u.i.k.j.r.ClassPreparationMethodBuilder clPrepBuilder: Inner Class detected. Reject building class initialisation methods. 
87258      DEBUG main            d.u.i.k.p.i.AbstractProblemLoader Init config took 10.76s 
87387      INFO  main            d.u.i.k.p.i.AbstractProblemLoader Replaying proof AccessChain1[AccessChain1::foo_8()].JML operation contract.0 
88019      DEBUG main            d.u.i.k.p.i.IntermediateProofReplayer Proof replay took 616.27ms 
88023      DEBUG main            d.u.i.k.p.r.p.TestFile    ... success: reloaded. 
88025      INFO  main            d.u.i.k.p.r.p.TestFile    Now processing file /home/runner/work/key/key/key.core/../key.ui/examples/performance-test/AccessChain4(AccessChain4__foo_08()).JML_operation_contract.0.key 
88025      INFO  main            d.u.i.k.p.i.AbstractProblemLoader Loading environment from /home/runner/work/key/key/key.core/../key.ui/examples/performance-test/AccessChain4(AccessChain4__foo_08()).JML_operation_contract.0.key 
88026      DEBUG main            d.u.i.k.p.i.AbstractProblemLoader Environment load took 383ns 
88028      INFO  main            d.u.i.k.p.i.AbstractProblemLoader Creating init config 
91328      DEBUG main            d.u.i.k.j.r.ClassPreparationMethodBuilder clPrepBuilder: Inner Class detected. Reject building class initialisation methods. 
98827      DEBUG main            d.u.i.k.p.i.AbstractProblemLoader Init config took 10.8s 
98938      INFO  main            d.u.i.k.p.i.AbstractProblemLoader Replaying proof AccessChain4[AccessChain4::foo_8()].JML operation contract.0 
98941      DEBUG main            d.u.i.k.p.i.IntermediateProofReplayer Proof replay took 10.8ns 
106040     INFO  main            d.u.i.k.p.r.p.TestFile    ... finished proof: closed. 
106459     INFO  main            d.u.i.k.p.i.AbstractProblemLoader Loading environment from /home/runner/work/key/key/key.core/../key.ui/examples/performance-test/AccessChain4(AccessChain4__foo_08()).JML_operation_contract.0.key.proof 
106459     DEBUG main            d.u.i.k.p.i.AbstractProblemLoader Environment load took 161.1ns 
106462     INFO  main            d.u.i.k.p.i.AbstractProblemLoader Creating init config 
109629     DEBUG main            d.u.i.k.j.r.ClassPreparationMethodBuilder clPrepBuilder: Inner Class detected. Reject building class initialisation methods. 
117267     DEBUG main            d.u.i.k.p.i.AbstractProblemLoader Init config took 10.8s 
117380     INFO  main            d.u.i.k.p.i.AbstractProblemLoader Replaying proof AccessChain4[AccessChain4::foo_8()].JML operation contract.0 
118497     DEBUG main            d.u.i.k.p.i.IntermediateProofReplayer Proof replay took 1.08s 
118500     DEBUG main            d.u.i.k.p.r.p.TestFile    ... success: reloaded. 
118502     INFO  main            d.u.i.k.p.r.p.TestFile    Now processing file /home/runner/work/key/key/key.core/../key.ui/examples/performance-test/Disjoint(Disjoint__xZero_08()).JML_operation_contract.0.key 
118502     INFO  main            d.u.i.k.p.i.AbstractProblemLoader Loading environment from /home/runner/work/key/key/key.core/../key.ui/examples/performance-test/Disjoint(Disjoint__xZero_08()).JML_operation_contract.0.key 
118503     DEBUG main            d.u.i.k.p.i.AbstractProblemLoader Environment load took 284.4ns 
118504     INFO  main            d.u.i.k.p.i.AbstractProblemLoader Creating init config 
121834     DEBUG main            d.u.i.k.j.r.ClassPreparationMethodBuilder clPrepBuilder: Inner Class detected. Reject building class initialisation methods. 
129310     DEBUG main            d.u.i.k.p.i.AbstractProblemLoader Init config took 10.81s 
129429     INFO  main            d.u.i.k.p.i.AbstractProblemLoader Replaying proof Disjoint[Disjoint::xZero_8()].JML operation contract.0 
129431     DEBUG main            d.u.i.k.p.i.IntermediateProofReplayer Proof replay took 24.7ns 
130554     INFO  main            d.u.i.k.p.r.p.TestFile    ... finished proof: closed. 
130964     INFO  main            d.u.i.k.p.i.AbstractProblemLoader Loading environment from /home/runner/work/key/key/key.core/../key.ui/examples/performance-test/Disjoint(Disjoint__xZero_08()).JML_operation_contract.0.key.proof 
130965     DEBUG main            d.u.i.k.p.i.AbstractProblemLoader Environment load took 686.31ns 
130966     INFO  main            d.u.i.k.p.i.AbstractProblemLoader Creating init config 
134186     DEBUG main            d.u.i.k.j.r.ClassPreparationMethodBuilder clPrepBuilder: Inner Class detected. Reject building class initialisation methods. 
142048     DEBUG main            d.u.i.k.p.i.AbstractProblemLoader Init config took 11.08s 
142152     INFO  main            d.u.i.k.p.i.AbstractProblemLoader Replaying proof Disjoint[Disjoint::xZero_8()].JML operation contract.0 
142403     DEBUG main            d.u.i.k.p.i.IntermediateProofReplayer Proof replay took 242.7ms 
142404     DEBUG main            d.u.i.k.p.r.p.TestFile    ... success: reloaded. 
142406     INFO  main            d.u.i.k.p.r.p.TestFile    Now processing file /home/runner/work/key/key/key.core/../key.ui/examples/performance-test/Dynamic(Dynamic__foo_08()).JML_operation_contract.0.key 
142407     INFO  main            d.u.i.k.p.i.AbstractProblemLoader Loading environment from /home/runner/work/key/key/key.core/../key.ui/examples/performance-test/Dynamic(Dynamic__foo_08()).JML_operation_contract.0.key 
142407     DEBUG main            d.u.i.k.p.i.AbstractProblemLoader Environment load took 296.4ns 
142408     INFO  main            d.u.i.k.p.i.AbstractProblemLoader Creating init config 
145752     DEBUG main            d.u.i.k.j.r.ClassPreparationMethodBuilder clPrepBuilder: Inner Class detected. Reject building class initialisation methods. 
153324     DEBUG main            d.u.i.k.p.i.AbstractProblemLoader Init config took 10.92s 
153435     INFO  main            d.u.i.k.p.i.AbstractProblemLoader Replaying proof Dynamic[Dynamic::foo_8()].JML operation contract.0 
153437     DEBUG main            d.u.i.k.p.i.IntermediateProofReplayer Proof replay took 13.5ns 
159611     INFO  main            d.u.i.k.p.r.p.TestFile    ... finished proof: closed. 
160040     INFO  main            d.u.i.k.p.i.AbstractProblemLoader Loading environment from /home/runner/work/key/key/key.core/../key.ui/examples/performance-test/Dynamic(Dynamic__foo_08()).JML_operation_contract.0.key.proof 
160041     DEBUG main            d.u.i.k.p.i.AbstractProblemLoader Environment load took 597.4ns 
160043     INFO  main            d.u.i.k.p.i.AbstractProblemLoader Creating init config 
163201     DEBUG main            d.u.i.k.j.r.ClassPreparationMethodBuilder clPrepBuilder: Inner Class detected. Reject building class initialisation methods. 
170704     DEBUG main            d.u.i.k.p.i.AbstractProblemLoader Init config took 10.66s 
170807     INFO  main            d.u.i.k.p.i.AbstractProblemLoader Replaying proof Dynamic[Dynamic::foo_8()].JML operation contract.0 
171516     DEBUG main            d.u.i.k.p.i.IntermediateProofReplayer Proof replay took 685.64ms 
171518     DEBUG main            d.u.i.k.p.r.p.TestFile    ... success: reloaded. 
171520     INFO  main            d.u.i.k.p.r.p.TestFile    Now processing file /home/runner/work/key/key/key.core/../key.ui/examples/performance-test/DynamicGhost(DynamicGhost__dynamicGhost_08()).JML_normal_behavior_operation_contract.0.key 
171520     INFO  main            d.u.i.k.p.i.AbstractProblemLoader Loading environment from /home/runner/work/key/key/key.core/../key.ui/examples/performance-test/DynamicGhost(DynamicGhost__dynamicGhost_08()).JML_normal_behavior_operation_contract.0.key 
171520     DEBUG main            d.u.i.k.p.i.AbstractProblemLoader Environment load took 136.9ns 
171521     INFO  main            d.u.i.k.p.i.AbstractProblemLoader Creating init config 
174760     DEBUG main            d.u.i.k.j.r.ClassPreparationMethodBuilder clPrepBuilder: Inner Class detected. Reject building class initialisation methods. 
182408     DEBUG main            d.u.i.k.p.i.AbstractProblemLoader Init config took 10.89s 
182516     INFO  main            d.u.i.k.p.i.AbstractProblemLoader Replaying proof DynamicGhost[DynamicGhost::dynamicGhost_8()].JML normal_behavior operation contract.0 
182518     DEBUG main            d.u.i.k.p.i.IntermediateProofReplayer Proof replay took 12.2ns 
187878     INFO  main            d.u.i.k.p.r.p.TestFile    ... finished proof: closed. 
188407     INFO  main            d.u.i.k.p.i.AbstractProblemLoader Loading environment from /home/runner/work/key/key/key.core/../key.ui/examples/performance-test/DynamicGhost(DynamicGhost__dynamicGhost_08()).JML_normal_behavior_operation_contract.0.key.proof 
188407     DEBUG main            d.u.i.k.p.i.AbstractProblemLoader Environment load took 627.12ns 
188410     INFO  main            d.u.i.k.p.i.AbstractProblemLoader Creating init config 
191719     DEBUG main            d.u.i.k.j.r.ClassPreparationMethodBuilder clPrepBuilder: Inner Class detected. Reject building class initialisation methods. 
200010     DEBUG main            d.u.i.k.p.i.AbstractProblemLoader Init config took 11.6s 
200140     INFO  main            d.u.i.k.p.i.AbstractProblemLoader Replaying proof DynamicGhost[DynamicGhost::dynamicGhost_8()].JML normal_behavior operation contract.0 
201013     DEBUG main            d.u.i.k.p.i.IntermediateProofReplayer Proof replay took 845.1ms 
201016     DEBUG main            d.u.i.k.p.r.p.TestFile    ... success: reloaded. 
201018     INFO  main            d.u.i.k.p.r.p.TestFile    Now processing file /home/runner/work/key/key/key.core/../key.ui/examples/performance-test/GhostFrame(GhostFrame__foo_08()).JML_operation_contract.0.key 
201018     INFO  main            d.u.i.k.p.i.AbstractProblemLoader Loading environment from /home/runner/work/key/key/key.core/../key.ui/examples/performance-test/GhostFrame(GhostFrame__foo_08()).JML_operation_contract.0.key 
201018     DEBUG main            d.u.i.k.p.i.AbstractProblemLoader Environment load took 158.8ns 
201019     INFO  main            d.u.i.k.p.i.AbstractProblemLoader Creating init config 
204549     DEBUG main            d.u.i.k.j.r.ClassPreparationMethodBuilder clPrepBuilder: Inner Class detected. Reject building class initialisation methods. 
212829     DEBUG main            d.u.i.k.p.i.AbstractProblemLoader Init config took 11.81s 
212934     INFO  main            d.u.i.k.p.i.AbstractProblemLoader Replaying proof GhostFrame[GhostFrame::foo_8()].JML operation contract.0 
212936     DEBUG main            d.u.i.k.p.i.IntermediateProofReplayer Proof replay took 14.4ns 
215392     INFO  main            d.u.i.k.p.r.p.TestFile    ... finished proof: closed. 
215912     INFO  main            d.u.i.k.p.i.AbstractProblemLoader Loading environment from /home/runner/work/key/key/key.core/../key.ui/examples/performance-test/GhostFrame(GhostFrame__foo_08()).JML_operation_contract.0.key.proof 
215913     DEBUG main            d.u.i.k.p.i.AbstractProblemLoader Environment load took 630.75ns 
215914     INFO  main            d.u.i.k.p.i.AbstractProblemLoader Creating init config 
219435     DEBUG main            d.u.i.k.j.r.ClassPreparationMethodBuilder clPrepBuilder: Inner Class detected. Reject building class initialisation methods. 
227561     DEBUG main            d.u.i.k.p.i.AbstractProblemLoader Init config took 11.65s 
227666     INFO  main            d.u.i.k.p.i.AbstractProblemLoader Replaying proof GhostFrame[GhostFrame::foo_8()].JML operation contract.0 
228125     DEBUG main            d.u.i.k.p.i.IntermediateProofReplayer Proof replay took 448.94ms 
228127     DEBUG main            d.u.i.k.p.r.p.TestFile    ... success: reloaded. 
228128     INFO  main            d.u.i.k.p.r.p.TestFile    Now processing file /home/runner/work/key/key/key.core/../key.ui/examples/performance-test/Modelfield(Modelfield__foo_08()).JML_operation_contract.0.key 
228128     INFO  main            d.u.i.k.p.i.AbstractProblemLoader Loading environment from /home/runner/work/key/key/key.core/../key.ui/examples/performance-test/Modelfield(Modelfield__foo_08()).JML_operation_contract.0.key 
228129     DEBUG main            d.u.i.k.p.i.AbstractProblemLoader Environment load took 137.5ns 
228130     INFO  main            d.u.i.k.p.i.AbstractProblemLoader Creating init config 
231591     DEBUG main            d.u.i.k.j.r.ClassPreparationMethodBuilder clPrepBuilder: Inner Class detected. Reject building class initialisation methods. 
239180     DEBUG main            d.u.i.k.p.i.AbstractProblemLoader Init config took 11.05s 
239292     INFO  main            d.u.i.k.p.i.AbstractProblemLoader Replaying proof Modelfield[Modelfield::foo_8()].JML operation contract.0 
239294     DEBUG main            d.u.i.k.p.i.IntermediateProofReplayer Proof replay took 5.9ns 
242716     INFO  main            d.u.i.k.p.r.p.TestFile    ... finished proof: closed. 
243259     INFO  main            d.u.i.k.p.i.AbstractProblemLoader Loading environment from /home/runner/work/key/key/key.core/../key.ui/examples/performance-test/Modelfield(Modelfield__foo_08()).JML_operation_contract.0.key.proof 
243260     DEBUG main            d.u.i.k.p.i.AbstractProblemLoader Environment load took 711.73ns 
243268     INFO  main            d.u.i.k.p.i.AbstractProblemLoader Creating init config 
246392     DEBUG main            d.u.i.k.j.r.ClassPreparationMethodBuilder clPrepBuilder: Inner Class detected. Reject building class initialisation methods. 
253814     DEBUG main            d.u.i.k.p.i.AbstractProblemLoader Init config took 10.55s 
253907     INFO  main            d.u.i.k.p.i.AbstractProblemLoader Replaying proof Modelfield[Modelfield::foo_8()].JML operation contract.0 
254418     DEBUG main            d.u.i.k.p.i.IntermediateProofReplayer Proof replay took 498.93ms 
254420     DEBUG main            d.u.i.k.p.r.p.TestFile    ... success: reloaded. 
435450     INFO  Test worker     d.u.i.k.p.r.RunAllProofsTestUnit Returning from test performance 
435455     INFO  Test worker     d.u.i.k.p.r.RunAllProofsTestUnit Running test performancePOConstruction 
372        INFO  Timeout watchdog d.u.i.k.p.r.p.ForkedTestFileRunner Timeout watcher launched (2000 secs.) 
389        WARN  main            d.u.i.k.s.ProofSettings   The settings in /home/runner/.key/proof-settings.props are *not* read. 
426        INFO  main            d.u.i.k.p.r.p.TestFile    Now processing file /home/runner/work/key/key/key.core/../key.ui/examples/performance-test/Test(Test__a0(int)).JML_normal_behavior_operation_contract.0.key 
565        INFO  main            d.u.i.k.p.i.AbstractProblemLoader Loading environment from /home/runner/work/key/key/key.core/../key.ui/examples/performance-test/Test(Test__a0(int)).JML_normal_behavior_operation_contract.0.key 
584        DEBUG main            d.u.i.k.p.i.AbstractProblemLoader Environment load took 3.86ms 
851        INFO  main            d.u.i.k.p.i.AbstractProblemLoader Creating init config 
1973       DEBUG main            d.u.i.k.j.TypeConverter   No LDT found for Meta 
1974       DEBUG main            d.u.i.k.j.TypeConverter   No LDT found for Meta 
1978       DEBUG main            d.u.i.k.j.TypeConverter   No LDT found for Meta 
1978       DEBUG main            d.u.i.k.j.TypeConverter   No LDT found for Meta 
3750       DEBUG main            d.u.i.k.j.TypeConverter   No LDT found for JavaBigintExpression 
9809       DEBUG main            d.u.i.k.j.r.ClassPreparationMethodBuilder clPrepBuilder: Inner Class detected. Reject building class initialisation methods. 
19333      DEBUG main            d.u.i.k.p.i.AbstractProblemLoader Init config took 18.48s 
20704      INFO  main            d.u.i.k.p.i.AbstractProblemLoader Replaying proof Test[Test::a0(int)].JML normal_behavior operation contract.0 
20801      DEBUG main            d.u.i.k.p.i.IntermediateProofReplayer Proof replay took 38.6ns 
21285      INFO  main            d.u.i.k.p.r.p.TestFile    ... finished proof: closed. 
21454      INFO  main            d.u.i.k.p.i.AbstractProblemLoader Loading environment from /home/runner/work/key/key/key.core/../key.ui/examples/performance-test/Test(Test__a0(int)).JML_normal_behavior_operation_contract.0.key.proof 
21454      DEBUG main            d.u.i.k.p.i.AbstractProblemLoader Environment load took 145.5ns 
21456      INFO  main            d.u.i.k.p.i.AbstractProblemLoader Creating init config 
25263      DEBUG main            d.u.i.k.j.r.ClassPreparationMethodBuilder clPrepBuilder: Inner Class detected. Reject building class initialisation methods. 
33796      DEBUG main            d.u.i.k.p.i.AbstractProblemLoader Init config took 12.34s 
34966      INFO  main            d.u.i.k.p.i.AbstractProblemLoader Replaying proof Test[Test::a0(int)].JML normal_behavior operation contract.0 
35032      DEBUG main            d.u.i.k.p.i.IntermediateProofReplayer Proof replay took 53.63ms 
35049      DEBUG main            d.u.i.k.p.r.p.TestFile    ... success: reloaded. 
35051      INFO  main            d.u.i.k.p.r.p.TestFile    Now processing file /home/runner/work/key/key/key.core/../key.ui/examples/performance-test/Test(Test__a1(int)).JML_normal_behavior_operation_contract.0.key 
35054      INFO  main            d.u.i.k.p.i.AbstractProblemLoader Loading environment from /home/runner/work/key/key/key.core/../key.ui/examples/performance-test/Test(Test__a1(int)).JML_normal_behavior_operation_contract.0.key 
35055      DEBUG main            d.u.i.k.p.i.AbstractProblemLoader Environment load took 331.81ns 
35057      INFO  main            d.u.i.k.p.i.AbstractProblemLoader Creating init config 
38687      DEBUG main            d.u.i.k.j.r.ClassPreparationMethodBuilder clPrepBuilder: Inner Class detected. Reject building class initialisation methods. 
47163      DEBUG main            d.u.i.k.p.i.AbstractProblemLoader Init config took 12.11s 
48188      INFO  main            d.u.i.k.p.i.AbstractProblemLoader Replaying proof Test[Test::a1(int)].JML normal_behavior operation contract.0 
48190      DEBUG main            d.u.i.k.p.i.IntermediateProofReplayer Proof replay took 5.9ns 
48494      INFO  main            d.u.i.k.p.r.p.TestFile    ... finished proof: closed. 
48798      INFO  main            d.u.i.k.p.i.AbstractProblemLoader Loading environment from /home/runner/work/key/key/key.core/../key.ui/examples/performance-test/Test(Test__a1(int)).JML_normal_behavior_operation_contract.0.key.proof 
48798      DEBUG main            d.u.i.k.p.i.AbstractProblemLoader Environment load took 176.31ns 
48802      INFO  main            d.u.i.k.p.i.AbstractProblemLoader Creating init config 
52373      DEBUG main            d.u.i.k.j.r.ClassPreparationMethodBuilder clPrepBuilder: Inner Class detected. Reject building class initialisation methods. 
60395      DEBUG main            d.u.i.k.p.i.AbstractProblemLoader Init config took 11.59s 
61473      INFO  main            d.u.i.k.p.i.AbstractProblemLoader Replaying proof Test[Test::a1(int)].JML normal_behavior operation contract.0 
61610      DEBUG main            d.u.i.k.p.i.IntermediateProofReplayer Proof replay took 126.17ms 
61615      DEBUG main            d.u.i.k.p.r.p.TestFile    ... success: reloaded. 
61617      INFO  main            d.u.i.k.p.r.p.TestFile    Now processing file /home/runner/work/key/key/key.core/../key.ui/examples/performance-test/Test(Test__f1(int)).JML_normal_behavior_operation_contract.0.key 
61618      INFO  main            d.u.i.k.p.i.AbstractProblemLoader Loading environment from /home/runner/work/key/key/key.core/../key.ui/examples/performance-test/Test(Test__f1(int)).JML_normal_behavior_operation_contract.0.key 
61618      DEBUG main            d.u.i.k.p.i.AbstractProblemLoader Environment load took 259.11ns 
61621      INFO  main            d.u.i.k.p.i.AbstractProblemLoader Creating init config 
65046      DEBUG main            d.u.i.k.j.r.ClassPreparationMethodBuilder clPrepBuilder: Inner Class detected. Reject building class initialisation methods. 
73077      DEBUG main            d.u.i.k.p.i.AbstractProblemLoader Init config took 11.46s 
74100      INFO  main            d.u.i.k.p.i.AbstractProblemLoader Replaying proof Test[Test::f1(int)].JML normal_behavior operation contract.0 
74105      DEBUG main            d.u.i.k.p.i.IntermediateProofReplayer Proof replay took 5.7ns 
74408      INFO  main            d.u.i.k.p.r.p.TestFile    ... finished proof: closed. 
74809      INFO  main            d.u.i.k.p.i.AbstractProblemLoader Loading environment from /home/runner/work/key/key/key.core/../key.ui/examples/performance-test/Test(Test__f1(int)).JML_normal_behavior_operation_contract.0.key.proof 
74809      DEBUG main            d.u.i.k.p.i.AbstractProblemLoader Environment load took 538.82ns 
74811      INFO  main            d.u.i.k.p.i.AbstractProblemLoader Creating init config 
78209      DEBUG main            d.u.i.k.j.r.ClassPreparationMethodBuilder clPrepBuilder: Inner Class detected. Reject building class initialisation methods. 
86084      DEBUG main            d.u.i.k.p.i.AbstractProblemLoader Init config took 11.27s 
87085      INFO  main            d.u.i.k.p.i.AbstractProblemLoader Replaying proof Test[Test::f1(int)].JML normal_behavior operation contract.0 
87148      DEBUG main            d.u.i.k.p.i.IntermediateProofReplayer Proof replay took 59.77ms 
87150      DEBUG main            d.u.i.k.p.r.p.TestFile    ... success: reloaded. 
522804     INFO  Test worker     d.u.i.k.p.r.RunAllProofsTestUnit Returning from test performancePOConstruction 
522805     INFO  Test worker     d.u.i.k.p.r.RunAllProofsTestUnit Running test applicationRestrictions 
395        INFO  Timeout watchdog d.u.i.k.p.r.p.ForkedTestFileRunner Timeout watcher launched (2000 secs.) 
424        WARN  main            d.u.i.k.s.ProofSettings   The settings in /home/runner/.key/proof-settings.props are *not* read. 
500        INFO  main            d.u.i.k.p.r.p.TestFile    Now processing file /home/runner/work/key/key/key.core/../key.ui/examples/heap/polarity_tests/wellformed1.key 
645        INFO  main            d.u.i.k.p.i.AbstractProblemLoader Loading environment from /home/runner/work/key/key/key.core/../key.ui/examples/heap/polarity_tests/wellformed1.key 
663        DEBUG main            d.u.i.k.p.i.AbstractProblemLoader Environment load took 1.93ms 
946        INFO  main            d.u.i.k.p.i.AbstractProblemLoader Creating init config 
2053       DEBUG main            d.u.i.k.j.TypeConverter   No LDT found for Meta 
2054       DEBUG main            d.u.i.k.j.TypeConverter   No LDT found for Meta 
2057       DEBUG main            d.u.i.k.j.TypeConverter   No LDT found for Meta 
2057       DEBUG main            d.u.i.k.j.TypeConverter   No LDT found for Meta 
3768       DEBUG main            d.u.i.k.j.TypeConverter   No LDT found for JavaBigintExpression 
9039       DEBUG main            d.u.i.k.p.i.AbstractProblemLoader Init config took 8.09s 
9148       INFO  main            d.u.i.k.p.i.AbstractProblemLoader Replaying proof wellformed1.key 
9194       DEBUG main            d.u.i.k.p.i.IntermediateProofReplayer Proof replay took 41.1ns 
9365       INFO  main            d.u.i.k.p.r.p.TestFile    ... finished proof: closed. 
9475       INFO  main            d.u.i.k.p.i.AbstractProblemLoader Loading environment from /home/runner/work/key/key/key.core/../key.ui/examples/heap/polarity_tests/wellformed1.key.proof 
9476       DEBUG main            d.u.i.k.p.i.AbstractProblemLoader Environment load took 1.19ms 
9483       INFO  main            d.u.i.k.p.i.AbstractProblemLoader Creating init config 
12518      DEBUG main            d.u.i.k.p.i.AbstractProblemLoader Init config took 3.04s 
12568      INFO  main            d.u.i.k.p.i.AbstractProblemLoader Replaying proof wellformed1.key.proof 
12575      DEBUG main            d.u.i.k.p.i.IntermediateProofReplayer Proof replay took 2.59ms 
12587      DEBUG main            d.u.i.k.p.r.p.TestFile    ... success: reloaded. 
12588      INFO  main            d.u.i.k.p.r.p.TestFile    Now processing file /home/runner/work/key/key/key.core/../key.ui/examples/heap/polarity_tests/wellformed2.key 
12589      INFO  main            d.u.i.k.p.i.AbstractProblemLoader Loading environment from /home/runner/work/key/key/key.core/../key.ui/examples/heap/polarity_tests/wellformed2.key 
12589      DEBUG main            d.u.i.k.p.i.AbstractProblemLoader Environment load took 278.2ns 
12590      INFO  main            d.u.i.k.p.i.AbstractProblemLoader Creating init config 
15497      DEBUG main            d.u.i.k.p.i.AbstractProblemLoader Init config took 2.91s 
15532      INFO  main            d.u.i.k.p.i.AbstractProblemLoader Replaying proof wellformed2.key 
15535      DEBUG main            d.u.i.k.p.i.IntermediateProofReplayer Proof replay took 6.8ns 
15638      INFO  main            d.u.i.k.p.r.p.TestFile    ... finished proof: open goal(s) 
15783      INFO  main            d.u.i.k.p.r.p.TestFile    Now processing file /home/runner/work/key/key/key.core/../key.ui/examples/heap/polarity_tests/wellformed3.key 
15783      INFO  main            d.u.i.k.p.i.AbstractProblemLoader Loading environment from /home/runner/work/key/key/key.core/../key.ui/examples/heap/polarity_tests/wellformed3.key 
15783      DEBUG main            d.u.i.k.p.i.AbstractProblemLoader Environment load took 98.9ns 
15786      INFO  main            d.u.i.k.p.i.AbstractProblemLoader Creating init config 
18755      DEBUG main            d.u.i.k.p.i.AbstractProblemLoader Init config took 2.97s 
18781      INFO  main            d.u.i.k.p.i.AbstractProblemLoader Replaying proof wellformed3.key 
18783      DEBUG main            d.u.i.k.p.i.IntermediateProofReplayer Proof replay took 6.7ns 
18885      INFO  main            d.u.i.k.p.r.p.TestFile    ... finished proof: closed. 
19030      INFO  main            d.u.i.k.p.i.AbstractProblemLoader Loading environment from /home/runner/work/key/key/key.core/../key.ui/examples/heap/polarity_tests/wellformed3.key.proof 
19030      DEBUG main            d.u.i.k.p.i.AbstractProblemLoader Environment load took 141.9ns 
19032      INFO  main            d.u.i.k.p.i.AbstractProblemLoader Creating init config 
21985      DEBUG main            d.u.i.k.p.i.AbstractProblemLoader Init config took 2.95s 
22010      INFO  main            d.u.i.k.p.i.AbstractProblemLoader Replaying proof wellformed3.key.proof 
22015      DEBUG main            d.u.i.k.p.i.IntermediateProofReplayer Proof replay took 2.59ms 
22016      DEBUG main            d.u.i.k.p.r.p.TestFile    ... success: reloaded. 
22017      INFO  main            d.u.i.k.p.r.p.TestFile    Now processing file /home/runner/work/key/key/key.core/../key.ui/examples/heap/polarity_tests/wellformed4.key 
22018      INFO  main            d.u.i.k.p.i.AbstractProblemLoader Loading environment from /home/runner/work/key/key/key.core/../key.ui/examples/heap/polarity_tests/wellformed4.key 
22018      DEBUG main            d.u.i.k.p.i.AbstractProblemLoader Environment load took 291.51ns 
22020      INFO  main            d.u.i.k.p.i.AbstractProblemLoader Creating init config 
24912      DEBUG main            d.u.i.k.p.i.AbstractProblemLoader Init config took 2.89s 
24955      INFO  main            d.u.i.k.p.i.AbstractProblemLoader Replaying proof wellformed4.key 
24957      DEBUG main            d.u.i.k.p.i.IntermediateProofReplayer Proof replay took 7.2ns 
25063      INFO  main            d.u.i.k.p.r.p.TestFile    ... finished proof: open goal(s) 
25216      INFO  main            d.u.i.k.p.r.p.TestFile    Now processing file /home/runner/work/key/key/key.core/../key.ui/examples/heap/polarity_tests/wellformed5.key 
25216      INFO  main            d.u.i.k.p.i.AbstractProblemLoader Loading environment from /home/runner/work/key/key/key.core/../key.ui/examples/heap/polarity_tests/wellformed5.key 
25216      DEBUG main            d.u.i.k.p.i.AbstractProblemLoader Environment load took 87.2ns 
25218      INFO  main            d.u.i.k.p.i.AbstractProblemLoader Creating init config 
28182      DEBUG main            d.u.i.k.p.i.AbstractProblemLoader Init config took 2.96s 
28204      INFO  main            d.u.i.k.p.i.AbstractProblemLoader Replaying proof wellformed5.key 
28206      DEBUG main            d.u.i.k.p.i.IntermediateProofReplayer Proof replay took 7.2ns 
28310      INFO  main            d.u.i.k.p.r.p.TestFile    ... finished proof: closed. 
28452      INFO  main            d.u.i.k.p.i.AbstractProblemLoader Loading environment from /home/runner/work/key/key/key.core/../key.ui/examples/heap/polarity_tests/wellformed5.key.proof 
28453      DEBUG main            d.u.i.k.p.i.AbstractProblemLoader Environment load took 818.11ns 
28454      INFO  main            d.u.i.k.p.i.AbstractProblemLoader Creating init config 
31351      DEBUG main            d.u.i.k.p.i.AbstractProblemLoader Init config took 2.9s 
31373      INFO  main            d.u.i.k.p.i.AbstractProblemLoader Replaying proof wellformed5.key.proof 
31377      DEBUG main            d.u.i.k.p.i.IntermediateProofReplayer Proof replay took 1.41ms 
31378      DEBUG main            d.u.i.k.p.r.p.TestFile    ... success: reloaded. 
31380      INFO  main            d.u.i.k.p.r.p.TestFile    Now processing file /home/runner/work/key/key/key.core/../key.ui/examples/heap/polarity_tests/wellformed6.key 
31380      INFO  main            d.u.i.k.p.i.AbstractProblemLoader Loading environment from /home/runner/work/key/key/key.core/../key.ui/examples/heap/polarity_tests/wellformed6.key 
31380      DEBUG main            d.u.i.k.p.i.AbstractProblemLoader Environment load took 311.4ns 
31383      INFO  main            d.u.i.k.p.i.AbstractProblemLoader Creating init config 
34354      DEBUG main            d.u.i.k.p.i.AbstractProblemLoader Init config took 2.97s 
34374      INFO  main            d.u.i.k.p.i.AbstractProblemLoader Replaying proof wellformed6.key 
34376      DEBUG main            d.u.i.k.p.i.IntermediateProofReplayer Proof replay took 7.5ns 
34479      INFO  main            d.u.i.k.p.r.p.TestFile    ... finished proof: open goal(s) 
34654      INFO  main            d.u.i.k.p.r.p.TestFile    Now processing file /home/runner/work/key/key/key.core/../key.ui/examples/heap/polarity_tests/wellformed7.key 
34655      INFO  main            d.u.i.k.p.i.AbstractProblemLoader Loading environment from /home/runner/work/key/key/key.core/../key.ui/examples/heap/polarity_tests/wellformed7.key 
34655      DEBUG main            d.u.i.k.p.i.AbstractProblemLoader Environment load took 75.6ns 
34658      INFO  main            d.u.i.k.p.i.AbstractProblemLoader Creating init config 
37572      DEBUG main            d.u.i.k.p.i.AbstractProblemLoader Init config took 2.91s 
37594      INFO  main            d.u.i.k.p.i.AbstractProblemLoader Replaying proof wellformed7.key 
37596      DEBUG main            d.u.i.k.p.i.IntermediateProofReplayer Proof replay took 7.4ns 
37699      INFO  main            d.u.i.k.p.r.p.TestFile    ... finished proof: closed. 
37854      INFO  main            d.u.i.k.p.i.AbstractProblemLoader Loading environment from /home/runner/work/key/key/key.core/../key.ui/examples/heap/polarity_tests/wellformed7.key.proof 
37854      DEBUG main            d.u.i.k.p.i.AbstractProblemLoader Environment load took 128.6ns 
37855      INFO  main            d.u.i.k.p.i.AbstractProblemLoader Creating init config 
40713      DEBUG main            d.u.i.k.p.i.AbstractProblemLoader Init config took 2.86s 
40733      INFO  main            d.u.i.k.p.i.AbstractProblemLoader Replaying proof wellformed7.key.proof 
40737      DEBUG main            d.u.i.k.p.i.IntermediateProofReplayer Proof replay took 1.76ms 
40738      DEBUG main            d.u.i.k.p.r.p.TestFile    ... success: reloaded. 
40739      INFO  main            d.u.i.k.p.r.p.TestFile    Now processing file /home/runner/work/key/key/key.core/../key.ui/examples/heap/polarity_tests/wellformed8.key 
40739      INFO  main            d.u.i.k.p.i.AbstractProblemLoader Loading environment from /home/runner/work/key/key/key.core/../key.ui/examples/heap/polarity_tests/wellformed8.key 
40739      DEBUG main            d.u.i.k.p.i.AbstractProblemLoader Environment load took 130.1ns 
40740      INFO  main            d.u.i.k.p.i.AbstractProblemLoader Creating init config 
43677      DEBUG main            d.u.i.k.p.i.AbstractProblemLoader Init config took 2.94s 
43699      INFO  main            d.u.i.k.p.i.AbstractProblemLoader Replaying proof wellformed8.key 
43701      DEBUG main            d.u.i.k.p.i.IntermediateProofReplayer Proof replay took 9.3ns 
43804      INFO  main            d.u.i.k.p.r.p.TestFile    ... finished proof: open goal(s) 
43974      INFO  main            d.u.i.k.p.r.p.TestFile    Now processing file /home/runner/work/key/key/key.core/../key.ui/examples/heap/polarity_tests/wellformed9.key 
43974      INFO  main            d.u.i.k.p.i.AbstractProblemLoader Loading environment from /home/runner/work/key/key/key.core/../key.ui/examples/heap/polarity_tests/wellformed9.key 
43974      DEBUG main            d.u.i.k.p.i.AbstractProblemLoader Environment load took 85.8ns 
43975      INFO  main            d.u.i.k.p.i.AbstractProblemLoader Creating init config 
46886      DEBUG main            d.u.i.k.p.i.AbstractProblemLoader Init config took 2.91s 
46906      INFO  main            d.u.i.k.p.i.AbstractProblemLoader Replaying proof wellformed9.key 
46908      DEBUG main            d.u.i.k.p.i.IntermediateProofReplayer Proof replay took 8.9ns 
47018      INFO  main            d.u.i.k.p.r.p.TestFile    ... finished proof: closed. 
47185      INFO  main            d.u.i.k.p.i.AbstractProblemLoader Loading environment from /home/runner/work/key/key/key.core/../key.ui/examples/heap/polarity_tests/wellformed9.key.proof 
47185      DEBUG main            d.u.i.k.p.i.AbstractProblemLoader Environment load took 169.91ns 
47187      INFO  main            d.u.i.k.p.i.AbstractProblemLoader Creating init config 
50089      DEBUG main            d.u.i.k.p.i.AbstractProblemLoader Init config took 2.9s 
50120      INFO  main            d.u.i.k.p.i.AbstractProblemLoader Replaying proof wellformed9.key.proof 
50124      DEBUG main            d.u.i.k.p.i.IntermediateProofReplayer Proof replay took 1.84ms 
50125      DEBUG main            d.u.i.k.p.r.p.TestFile    ... success: reloaded. 
50126      INFO  main            d.u.i.k.p.r.p.TestFile    Now processing file /home/runner/work/key/key/key.core/../key.ui/examples/heap/polarity_tests/wellformed10.key 
50126      INFO  main            d.u.i.k.p.i.AbstractProblemLoader Loading environment from /home/runner/work/key/key/key.core/../key.ui/examples/heap/polarity_tests/wellformed10.key 
50127      DEBUG main            d.u.i.k.p.i.AbstractProblemLoader Environment load took 138.3ns 
50128      INFO  main            d.u.i.k.p.i.AbstractProblemLoader Creating init config 
53096      DEBUG main            d.u.i.k.p.i.AbstractProblemLoader Init config took 2.97s 
53114      INFO  main            d.u.i.k.p.i.AbstractProblemLoader Replaying proof wellformed10.key 
53115      DEBUG main            d.u.i.k.p.i.IntermediateProofReplayer Proof replay took 9ns 
53222      INFO  main            d.u.i.k.p.r.p.TestFile    ... finished proof: open goal(s) 
53399      INFO  main            d.u.i.k.p.r.p.TestFile    Now processing file /home/runner/work/key/key/key.core/../key.ui/examples/heap/polarity_tests/wellformed11.key 
53400      INFO  main            d.u.i.k.p.i.AbstractProblemLoader Loading environment from /home/runner/work/key/key/key.core/../key.ui/examples/heap/polarity_tests/wellformed11.key 
53400      DEBUG main            d.u.i.k.p.i.AbstractProblemLoader Environment load took 83.5ns 
53402      INFO  main            d.u.i.k.p.i.AbstractProblemLoader Creating init config 
56230      DEBUG main            d.u.i.k.p.i.AbstractProblemLoader Init config took 2.83s 
56248      INFO  main            d.u.i.k.p.i.AbstractProblemLoader Replaying proof wellformed11.key 
56249      DEBUG main            d.u.i.k.p.i.IntermediateProofReplayer Proof replay took 8.6ns 
56358      INFO  main            d.u.i.k.p.r.p.TestFile    ... finished proof: open goal(s) 
579541     INFO  Test worker     d.u.i.k.p.r.RunAllProofsTestUnit Returning from test applicationRestrictions 
579544     INFO  Test worker     d.u.i.k.p.r.RunAllProofsTestUnit Running test blockContracts 
472        INFO  Timeout watchdog d.u.i.k.p.r.p.ForkedTestFileRunner Timeout watcher launched (2000 secs.) 
487        WARN  main            d.u.i.k.s.ProofSettings   The settings in /home/runner/.key/proof-settings.props are *not* read. 
523        INFO  main            d.u.i.k.p.r.p.TestFile    Now processing file /home/runner/work/key/key/key.core/../key.ui/examples/heap/block_contracts/Simple__add.key 
647        INFO  main            d.u.i.k.p.i.AbstractProblemLoader Loading environment from /home/runner/work/key/key/key.core/../key.ui/examples/heap/block_contracts/Simple__add.key 
668        DEBUG main            d.u.i.k.p.i.AbstractProblemLoader Environment load took 2.52ms 
952        INFO  main            d.u.i.k.p.i.AbstractProblemLoader Creating init config 
2160       DEBUG main            d.u.i.k.j.TypeConverter   No LDT found for Meta 
2161       DEBUG main            d.u.i.k.j.TypeConverter   No LDT found for Meta 
2163       DEBUG main            d.u.i.k.j.TypeConverter   No LDT found for Meta 
2163       DEBUG main            d.u.i.k.j.TypeConverter   No LDT found for Meta 
4141       DEBUG main            d.u.i.k.j.TypeConverter   No LDT found for JavaBigintExpression 
10620      DEBUG main            d.u.i.k.p.i.AbstractProblemLoader Init config took 9.67s 
10794      INFO  main            d.u.i.k.p.i.AbstractProblemLoader Replaying proof Simple[Simple::add(int,int)].JML operation contract.0 
10908      DEBUG main            d.u.i.k.p.i.IntermediateProofReplayer Proof replay took 428.41ns 
11852      INFO  main            d.u.i.k.p.r.p.TestFile    ... finished proof: closed. 
11993      INFO  main            d.u.i.k.p.i.AbstractProblemLoader Loading environment from /home/runner/work/key/key/key.core/../key.ui/examples/heap/block_contracts/Simple__add.key.proof 
11995      DEBUG main            d.u.i.k.p.i.AbstractProblemLoader Environment load took 1.91ms 
12000      INFO  main            d.u.i.k.p.i.AbstractProblemLoader Creating init config 
15886      DEBUG main            d.u.i.k.p.i.AbstractProblemLoader Init config took 3.89s 
15982      INFO  main            d.u.i.k.p.i.AbstractProblemLoader Replaying proof Simple[Simple::add(int,int)].JML operation contract.0 
16080      DEBUG main            d.u.i.k.p.i.IntermediateProofReplayer Proof replay took 93.14ms 
16089      DEBUG main            d.u.i.k.p.r.p.TestFile    ... success: reloaded. 
16091      INFO  main            d.u.i.k.p.r.p.TestFile    Now processing file /home/runner/work/key/key/key.core/../key.ui/examples/heap/block_contracts/Simple__addAbsoluteValues.key 
16098      INFO  main            d.u.i.k.p.i.AbstractProblemLoader Loading environment from /home/runner/work/key/key/key.core/../key.ui/examples/heap/block_contracts/Simple__addAbsoluteValues.key 
16099      DEBUG main            d.u.i.k.p.i.AbstractProblemLoader Environment load took 290.11ns 
16100      INFO  main            d.u.i.k.p.i.AbstractProblemLoader Creating init config 
19669      DEBUG main            d.u.i.k.p.i.AbstractProblemLoader Init config took 3.57s 
19757      INFO  main            d.u.i.k.p.i.AbstractProblemLoader Replaying proof Simple[Simple::addAbsoluteValues(int,int)].JML normal_behavior operation contract.0 
19761      DEBUG main            d.u.i.k.p.i.IntermediateProofReplayer Proof replay took 15.2ns 
20984      INFO  main            d.u.i.k.p.r.p.TestFile    ... finished proof: closed. 
21165      INFO  main            d.u.i.k.p.i.AbstractProblemLoader Loading environment from /home/runner/work/key/key/key.core/../key.ui/examples/heap/block_contracts/Simple__addAbsoluteValues.key.proof 
21166      DEBUG main            d.u.i.k.p.i.AbstractProblemLoader Environment load took 559.12ns 
21168      INFO  main            d.u.i.k.p.i.AbstractProblemLoader Creating init config 
24600      DEBUG main            d.u.i.k.p.i.AbstractProblemLoader Init config took 3.43s 
24659      INFO  main            d.u.i.k.p.i.AbstractProblemLoader Replaying proof Simple[Simple::addAbsoluteValues(int,int)].JML normal_behavior operation contract.0 
24885      DEBUG main            d.u.i.k.p.i.IntermediateProofReplayer Proof replay took 218.37ms 
24887      DEBUG main            d.u.i.k.p.r.p.TestFile    ... success: reloaded. 
24889      INFO  main            d.u.i.k.p.r.p.TestFile    Now processing file /home/runner/work/key/key/key.core/../key.ui/examples/heap/block_contracts/Simple__addWithJump.key 
24889      INFO  main            d.u.i.k.p.i.AbstractProblemLoader Loading environment from /home/runner/work/key/key/key.core/../key.ui/examples/heap/block_contracts/Simple__addWithJump.key 
24889      DEBUG main            d.u.i.k.p.i.AbstractProblemLoader Environment load took 268.51ns 
24891      INFO  main            d.u.i.k.p.i.AbstractProblemLoader Creating init config 
28319      DEBUG main            d.u.i.k.p.i.AbstractProblemLoader Init config took 3.43s 
28378      INFO  main            d.u.i.k.p.i.AbstractProblemLoader Replaying proof Simple[Simple::addWithJump(int,int,int)].JML operation contract.0 
28385      DEBUG main            d.u.i.k.p.i.IntermediateProofReplayer Proof replay took 27ns 
28588      INFO  main            d.u.i.k.p.r.p.TestFile    ... finished proof: closed. 
28793      INFO  main            d.u.i.k.p.i.AbstractProblemLoader Loading environment from /home/runner/work/key/key/key.core/../key.ui/examples/heap/block_contracts/Simple__addWithJump.key.proof 
28793      DEBUG main            d.u.i.k.p.i.AbstractProblemLoader Environment load took 125ns 
28795      INFO  main            d.u.i.k.p.i.AbstractProblemLoader Creating init config 
32121      DEBUG main            d.u.i.k.p.i.AbstractProblemLoader Init config took 3.33s 
32180      INFO  main            d.u.i.k.p.i.AbstractProblemLoader Replaying proof Simple[Simple::addWithJump(int,int,int)].JML operation contract.0 
32236      DEBUG main            d.u.i.k.p.i.IntermediateProofReplayer Proof replay took 53.08ms 
32238      DEBUG main            d.u.i.k.p.r.p.TestFile    ... success: reloaded. 
32239      INFO  main            d.u.i.k.p.r.p.TestFile    Now processing file /home/runner/work/key/key/key.core/../key.ui/examples/heap/block_contracts/Simple__addWithTwoBlockContracts.key 
32240      INFO  main            d.u.i.k.p.i.AbstractProblemLoader Loading environment from /home/runner/work/key/key/key.core/../key.ui/examples/heap/block_contracts/Simple__addWithTwoBlockContracts.key 
32240      DEBUG main            d.u.i.k.p.i.AbstractProblemLoader Environment load took 286.91ns 
32241      INFO  main            d.u.i.k.p.i.AbstractProblemLoader Creating init config 
35824      DEBUG main            d.u.i.k.p.i.AbstractProblemLoader Init config took 3.58s 
35878      INFO  main            d.u.i.k.p.i.AbstractProblemLoader Replaying proof Simple[Simple::addWithTwoBlockContracts(int,int,int)].JML operation contract.0 
35881      DEBUG main            d.u.i.k.p.i.IntermediateProofReplayer Proof replay took 14.5ns 
36185      INFO  main            d.u.i.k.p.r.p.TestFile    ... finished proof: closed. 
36374      INFO  main            d.u.i.k.p.i.AbstractProblemLoader Loading environment from /home/runner/work/key/key/key.core/../key.ui/examples/heap/block_contracts/Simple__addWithTwoBlockContracts.key.proof 
36378      DEBUG main            d.u.i.k.p.i.AbstractProblemLoader Environment load took 951.12ns 
36385      INFO  main            d.u.i.k.p.i.AbstractProblemLoader Creating init config 
39931      DEBUG main            d.u.i.k.p.i.AbstractProblemLoader Init config took 3.55s 
39984      INFO  main            d.u.i.k.p.i.AbstractProblemLoader Replaying proof Simple[Simple::addWithTwoBlockContracts(int,int,int)].JML operation contract.0 
40057      DEBUG main            d.u.i.k.p.i.IntermediateProofReplayer Proof replay took 70.13ms 
40059      DEBUG main            d.u.i.k.p.r.p.TestFile    ... success: reloaded. 
40061      INFO  main            d.u.i.k.p.r.p.TestFile    Now processing file /home/runner/work/key/key/key.core/../key.ui/examples/heap/block_contracts/Simple__generateByteArray.key 
40061      INFO  main            d.u.i.k.p.i.AbstractProblemLoader Loading environment from /home/runner/work/key/key/key.core/../key.ui/examples/heap/block_contracts/Simple__generateByteArray.key 
40062      DEBUG main            d.u.i.k.p.i.AbstractProblemLoader Environment load took 349.51ns 
40063      INFO  main            d.u.i.k.p.i.AbstractProblemLoader Creating init config 
43532      DEBUG main            d.u.i.k.p.i.AbstractProblemLoader Init config took 3.47s 
43581      INFO  main            d.u.i.k.p.i.AbstractProblemLoader Replaying proof Simple[Simple::generateByteArray()].JML normal_behavior operation contract.0 
43584      DEBUG main            d.u.i.k.p.i.IntermediateProofReplayer Proof replay took 11.1ns 
46104      INFO  main            d.u.i.k.p.r.p.TestFile    ... finished proof: closed. 
46353      INFO  main            d.u.i.k.p.i.AbstractProblemLoader Loading environment from /home/runner/work/key/key/key.core/../key.ui/examples/heap/block_contracts/Simple__generateByteArray.key.proof 
46354      DEBUG main            d.u.i.k.p.i.AbstractProblemLoader Environment load took 544.61ns 
46358      INFO  main            d.u.i.k.p.i.AbstractProblemLoader Creating init config 
49871      DEBUG main            d.u.i.k.p.i.AbstractProblemLoader Init config took 3.51s 
49931      INFO  main            d.u.i.k.p.i.AbstractProblemLoader Replaying proof Simple[Simple::generateByteArray()].JML normal_behavior operation contract.0 
50333      DEBUG main            d.u.i.k.p.i.IntermediateProofReplayer Proof replay took 384.58ms 
50336      DEBUG main            d.u.i.k.p.r.p.TestFile    ... success: reloaded. 
50337      INFO  main            d.u.i.k.p.r.p.TestFile    Now processing file /home/runner/work/key/key/key.core/../key.ui/examples/heap/block_contracts/Simple__getLength.key 
50338      INFO  main            d.u.i.k.p.i.AbstractProblemLoader Loading environment from /home/runner/work/key/key/key.core/../key.ui/examples/heap/block_contracts/Simple__getLength.key 
50338      DEBUG main            d.u.i.k.p.i.AbstractProblemLoader Environment load took 302.51ns 
50358      INFO  main            d.u.i.k.p.i.AbstractProblemLoader Creating init config 
53938      DEBUG main            d.u.i.k.p.i.AbstractProblemLoader Init config took 3.58s 
53991      INFO  main            d.u.i.k.p.i.AbstractProblemLoader Replaying proof Simple[Simple::getLength()].JML normal_behavior operation contract.0 
53995      DEBUG main            d.u.i.k.p.i.IntermediateProofReplayer Proof replay took 13.4ns 
54100      INFO  main            d.u.i.k.p.r.p.TestFile    ... finished proof: closed. 
54345      INFO  main            d.u.i.k.p.i.AbstractProblemLoader Loading environment from /home/runner/work/key/key/key.core/../key.ui/examples/heap/block_contracts/Simple__getLength.key.proof 
54346      DEBUG main            d.u.i.k.p.i.AbstractProblemLoader Environment load took 146.1ns 
54347      INFO  main            d.u.i.k.p.i.AbstractProblemLoader Creating init config 
57616      DEBUG main            d.u.i.k.p.i.AbstractProblemLoader Init config took 3.27s 
57674      INFO  main            d.u.i.k.p.i.AbstractProblemLoader Replaying proof Simple[Simple::getLength()].JML normal_behavior operation contract.0 
57687      DEBUG main            d.u.i.k.p.i.IntermediateProofReplayer Proof replay took 10.82ms 
57688      DEBUG main            d.u.i.k.p.r.p.TestFile    ... success: reloaded. 
57689      INFO  main            d.u.i.k.p.r.p.TestFile    Now processing file /home/runner/work/key/key/key.core/../key.ui/examples/heap/block_contracts/Simple__square.key 
57690      INFO  main            d.u.i.k.p.i.AbstractProblemLoader Loading environment from /home/runner/work/key/key/key.core/../key.ui/examples/heap/block_contracts/Simple__square.key 
57690      DEBUG main            d.u.i.k.p.i.AbstractProblemLoader Environment load took 257.11ns 
57692      INFO  main            d.u.i.k.p.i.AbstractProblemLoader Creating init config 
61121      DEBUG main            d.u.i.k.p.i.AbstractProblemLoader Init config took 3.43s 
61186      INFO  main            d.u.i.k.p.i.AbstractProblemLoader Replaying proof Simple[Simple::square(int)].JML operation contract.0 
61188      DEBUG main            d.u.i.k.p.i.IntermediateProofReplayer Proof replay took 13.8ns 
61593      INFO  main            d.u.i.k.p.r.p.TestFile    ... finished proof: closed. 
61820      INFO  main            d.u.i.k.p.i.AbstractProblemLoader Loading environment from /home/runner/work/key/key/key.core/../key.ui/examples/heap/block_contracts/Simple__square.key.proof 
61821      DEBUG main            d.u.i.k.p.i.AbstractProblemLoader Environment load took 1.18ms 
61822      INFO  main            d.u.i.k.p.i.AbstractProblemLoader Creating init config 
65272      DEBUG main            d.u.i.k.p.i.AbstractProblemLoader Init config took 3.45s 
65320      INFO  main            d.u.i.k.p.i.AbstractProblemLoader Replaying proof Simple[Simple::square(int)].JML operation contract.0 
65445      DEBUG main            d.u.i.k.p.i.IntermediateProofReplayer Proof replay took 120.51ms 
65446      DEBUG main            d.u.i.k.p.r.p.TestFile    ... success: reloaded. 
65448      INFO  main            d.u.i.k.p.r.p.TestFile    Now processing file /home/runner/work/key/key/key.core/../key.ui/examples/heap/block_contracts/Simple__unnecessaryBlockContract.key 
65448      INFO  main            d.u.i.k.p.i.AbstractProblemLoader Loading environment from /home/runner/work/key/key/key.core/../key.ui/examples/heap/block_contracts/Simple__unnecessaryBlockContract.key 
65448      DEBUG main            d.u.i.k.p.i.AbstractProblemLoader Environment load took 128.1ns 
65449      INFO  main            d.u.i.k.p.i.AbstractProblemLoader Creating init config 
68915      DEBUG main            d.u.i.k.p.i.AbstractProblemLoader Init config took 3.47s 
68963      INFO  main            d.u.i.k.p.i.AbstractProblemLoader Replaying proof Simple[Simple::unnecessaryBlockContract()].JML operation contract.0 
68965      DEBUG main            d.u.i.k.p.i.IntermediateProofReplayer Proof replay took 16.7ns 
69068      INFO  main            d.u.i.k.p.r.p.TestFile    ... finished proof: closed. 
69298      INFO  main            d.u.i.k.p.i.AbstractProblemLoader Loading environment from /home/runner/work/key/key/key.core/../key.ui/examples/heap/block_contracts/Simple__unnecessaryBlockContract.key.proof 
69298      DEBUG main            d.u.i.k.p.i.AbstractProblemLoader Environment load took 139.2ns 
69301      INFO  main            d.u.i.k.p.i.AbstractProblemLoader Creating init config 
72684      DEBUG main            d.u.i.k.p.i.AbstractProblemLoader Init config took 3.38s 
72733      INFO  main            d.u.i.k.p.i.AbstractProblemLoader Replaying proof Simple[Simple::unnecessaryBlockContract()].JML operation contract.0 
72766      DEBUG main            d.u.i.k.p.i.IntermediateProofReplayer Proof replay took 30.37ms 
72767      DEBUG main            d.u.i.k.p.r.p.TestFile    ... success: reloaded. 
72769      INFO  main            d.u.i.k.p.r.p.TestFile    Now processing file /home/runner/work/key/key/key.core/../key.ui/examples/heap/block_contracts/Simple__unnecessaryLoopInvariant.key 
72770      INFO  main            d.u.i.k.p.i.AbstractProblemLoader Loading environment from /home/runner/work/key/key/key.core/../key.ui/examples/heap/block_contracts/Simple__unnecessaryLoopInvariant.key 
72770      DEBUG main            d.u.i.k.p.i.AbstractProblemLoader Environment load took 272ns 
72771      INFO  main            d.u.i.k.p.i.AbstractProblemLoader Creating init config 
76194      DEBUG main            d.u.i.k.p.i.AbstractProblemLoader Init config took 3.42s 
76244      INFO  main            d.u.i.k.p.i.AbstractProblemLoader Replaying proof Simple[Simple::unnecessaryLoopInvariant()].JML operation contract.0 
76247      DEBUG main            d.u.i.k.p.i.IntermediateProofReplayer Proof replay took 12.7ns 
76349      INFO  main            d.u.i.k.p.r.p.TestFile    ... finished proof: closed. 
76565      INFO  main            d.u.i.k.p.i.AbstractProblemLoader Loading environment from /home/runner/work/key/key/key.core/../key.ui/examples/heap/block_contracts/Simple__unnecessaryLoopInvariant.key.proof 
76565      DEBUG main            d.u.i.k.p.i.AbstractProblemLoader Environment load took 136.1ns 
76568      INFO  main            d.u.i.k.p.i.AbstractProblemLoader Creating init config 
79836      DEBUG main            d.u.i.k.p.i.AbstractProblemLoader Init config took 3.27s 
79905      INFO  main            d.u.i.k.p.i.AbstractProblemLoader Replaying proof Simple[Simple::unnecessaryLoopInvariant()].JML operation contract.0 
79937      DEBUG main            d.u.i.k.p.i.IntermediateProofReplayer Proof replay took 27.18ms 
79939      DEBUG main            d.u.i.k.p.r.p.TestFile    ... success: reloaded. 
79940      INFO  main            d.u.i.k.p.r.p.TestFile    Now processing file /home/runner/work/key/key/key.core/../key.ui/examples/standard_key/java_dl/jml-assert/assert.key 
79941      INFO  main            d.u.i.k.p.i.AbstractProblemLoader Loading environment from /home/runner/work/key/key/key.core/../key.ui/examples/standard_key/java_dl/jml-assert/assert.key 
79941      DEBUG main            d.u.i.k.p.i.AbstractProblemLoader Environment load took 163.3ns 
79943      INFO  main            d.u.i.k.p.i.AbstractProblemLoader Creating init config 
82767      DEBUG main            d.u.i.k.p.i.AbstractProblemLoader Init config took 2.82s 
82813      INFO  main            d.u.i.k.p.i.AbstractProblemLoader Replaying proof Assert[Assert::createArray(int)].JML normal_behavior operation contract.0 
82815      DEBUG main            d.u.i.k.p.i.IntermediateProofReplayer Proof replay took 7.3ns 
83017      INFO  main            d.u.i.k.p.r.p.TestFile    ... finished proof: closed. 
83247      INFO  main            d.u.i.k.p.i.AbstractProblemLoader Loading environment from /home/runner/work/key/key/key.core/../key.ui/examples/standard_key/java_dl/jml-assert/assert.key.proof 
83248      DEBUG main            d.u.i.k.p.i.AbstractProblemLoader Environment load took 131ns 
83249      INFO  main            d.u.i.k.p.i.AbstractProblemLoader Creating init config 
86003      DEBUG main            d.u.i.k.p.i.AbstractProblemLoader Init config took 2.75s 
86045      INFO  main            d.u.i.k.p.i.AbstractProblemLoader Replaying proof Assert[Assert::createArray(int)].JML normal_behavior operation contract.0 
86130      DEBUG main            d.u.i.k.p.i.IntermediateProofReplayer Proof replay took 81.63ms 
86131      DEBUG main            d.u.i.k.p.r.p.TestFile    ... success: reloaded. 
86132      INFO  main            d.u.i.k.p.r.p.TestFile    Now processing file /home/runner/work/key/key/key.core/../key.ui/examples/standard_key/java_dl/jml-assert/assert_assume_order.key 
86133      INFO  main            d.u.i.k.p.i.AbstractProblemLoader Loading environment from /home/runner/work/key/key/key.core/../key.ui/examples/standard_key/java_dl/jml-assert/assert_assume_order.key 
86133      DEBUG main            d.u.i.k.p.i.AbstractProblemLoader Environment load took 273.31ns 
86134      INFO  main            d.u.i.k.p.i.AbstractProblemLoader Creating init config 
88919      DEBUG main            d.u.i.k.p.i.AbstractProblemLoader Init config took 2.78s 
88958      INFO  main            d.u.i.k.p.i.AbstractProblemLoader Replaying proof AssertAssume[AssertAssume::singleAssumeAssert(int)].JML normal_behavior operation contract.0 
88960      DEBUG main            d.u.i.k.p.i.IntermediateProofReplayer Proof replay took 6.9ns 
89063      INFO  main            d.u.i.k.p.r.p.TestFile    ... finished proof: closed. 
89264      INFO  main            d.u.i.k.p.i.AbstractProblemLoader Loading environment from /home/runner/work/key/key/key.core/../key.ui/examples/standard_key/java_dl/jml-assert/assert_assume_order.key.proof 
89264      DEBUG main            d.u.i.k.p.i.AbstractProblemLoader Environment load took 124.1ns 
89265      INFO  main            d.u.i.k.p.i.AbstractProblemLoader Creating init config 
91970      DEBUG main            d.u.i.k.p.i.AbstractProblemLoader Init config took 2.7s 
92020      INFO  main            d.u.i.k.p.i.AbstractProblemLoader Replaying proof AssertAssume[AssertAssume::singleAssumeAssert(int)].JML normal_behavior operation contract.0 
92033      DEBUG main            d.u.i.k.p.i.IntermediateProofReplayer Proof replay took 9.2ms 
92038      DEBUG main            d.u.i.k.p.r.p.TestFile    ... success: reloaded. 
92040      INFO  main            d.u.i.k.p.r.p.TestFile    Now processing file /home/runner/work/key/key/key.core/../key.ui/examples/heap/block_loop_contracts/SimpleVariants/sum_onBlock_external.key 
92041      INFO  main            d.u.i.k.p.i.AbstractProblemLoader Loading environment from /home/runner/work/key/key/key.core/../key.ui/examples/heap/block_loop_contracts/SimpleVariants/sum_onBlock_external.key 
92041      DEBUG main            d.u.i.k.p.i.AbstractProblemLoader Environment load took 261.9ns 
92042      INFO  main            d.u.i.k.p.i.AbstractProblemLoader Creating init config 
95058      DEBUG main            d.u.i.k.p.i.AbstractProblemLoader Init config took 3.02s 
95096      INFO  main            d.u.i.k.p.i.AbstractProblemLoader Replaying proof LoopContractExamplesAll[LoopContractExamplesAll::sum_loopContract_onBlock([I)].JML normal_behavior operation contract.0 
95099      DEBUG main            d.u.i.k.p.i.IntermediateProofReplayer Proof replay took 11.7ns 
95303      INFO  main            d.u.i.k.p.r.p.TestFile    ... finished proof: closed. 
95530      INFO  main            d.u.i.k.p.i.AbstractProblemLoader Loading environment from /home/runner/work/key/key/key.core/../key.ui/examples/heap/block_loop_contracts/SimpleVariants/sum_onBlock_external.key.proof 
95531      DEBUG main            d.u.i.k.p.i.AbstractProblemLoader Environment load took 360.01ns 
95532      INFO  main            d.u.i.k.p.i.AbstractProblemLoader Creating init config 
98425      DEBUG main            d.u.i.k.p.i.AbstractProblemLoader Init config took 2.89s 
98462      INFO  main            d.u.i.k.p.i.AbstractProblemLoader Replaying proof LoopContractExamplesAll[LoopContractExamplesAll::sum_loopContract_onBlock([I)].JML normal_behavior operation contract.0 
98503      DEBUG main            d.u.i.k.p.i.IntermediateProofReplayer Proof replay took 38.6ms 
98504      DEBUG main            d.u.i.k.p.r.p.TestFile    ... success: reloaded. 
98505      INFO  main            d.u.i.k.p.r.p.TestFile    Now processing file /home/runner/work/key/key/key.core/../key.ui/examples/heap/block_loop_contracts/SimpleVariants/sum_onBlock_internal.key 
98505      INFO  main            d.u.i.k.p.i.AbstractProblemLoader Loading environment from /home/runner/work/key/key/key.core/../key.ui/examples/heap/block_loop_contracts/SimpleVariants/sum_onBlock_internal.key 
98505      DEBUG main            d.u.i.k.p.i.AbstractProblemLoader Environment load took 171.5ns 
98506      INFO  main            d.u.i.k.p.i.AbstractProblemLoader Creating init config 
101527     DEBUG main            d.u.i.k.p.i.AbstractProblemLoader Init config took 3.02s 
101563     INFO  main            d.u.i.k.p.i.AbstractProblemLoader Replaying proof LoopContractExamplesAll[LoopContractExamplesAll::sum_loopContract_onBlock([I)].JML normal_behavior operation contract.0 
101565     DEBUG main            d.u.i.k.p.i.IntermediateProofReplayer Proof replay took 12.6ns 
102377     INFO  main            d.u.i.k.p.r.p.TestFile    ... finished proof: closed. 
102650     INFO  main            d.u.i.k.p.i.AbstractProblemLoader Loading environment from /home/runner/work/key/key/key.core/../key.ui/examples/heap/block_loop_contracts/SimpleVariants/sum_onBlock_internal.key.proof 
102651     DEBUG main            d.u.i.k.p.i.AbstractProblemLoader Environment load took 509.01ns 
102652     INFO  main            d.u.i.k.p.i.AbstractProblemLoader Creating init config 
105538     DEBUG main            d.u.i.k.p.i.AbstractProblemLoader Init config took 2.89s 
105573     INFO  main            d.u.i.k.p.i.AbstractProblemLoader Replaying proof LoopContractExamplesAll[LoopContractExamplesAll::sum_loopContract_onBlock([I)].JML normal_behavior operation contract.0 
105901     DEBUG main            d.u.i.k.p.i.IntermediateProofReplayer Proof replay took 324.49ms 
105902     DEBUG main            d.u.i.k.p.r.p.TestFile    ... success: reloaded. 
105903     INFO  main            d.u.i.k.p.r.p.TestFile    Now processing file /home/runner/work/key/key/key.core/../key.ui/examples/heap/block_loop_contracts/SimpleVariants/sum_onBlock_loop.key 
105903     INFO  main            d.u.i.k.p.i.AbstractProblemLoader Loading environment from /home/runner/work/key/key/key.core/../key.ui/examples/heap/block_loop_contracts/SimpleVariants/sum_onBlock_loop.key 
105904     DEBUG main            d.u.i.k.p.i.AbstractProblemLoader Environment load took 74.8ns 
105904     INFO  main            d.u.i.k.p.i.AbstractProblemLoader Creating init config 
108848     DEBUG main            d.u.i.k.p.i.AbstractProblemLoader Init config took 2.94s 
108891     INFO  main            d.u.i.k.p.i.AbstractProblemLoader Replaying proof LoopContractExamplesAll[LoopContractExamplesAll::sum_loopContract_onBlock([I)].JML normal_behavior loop contract.0 
108893     DEBUG main            d.u.i.k.p.i.IntermediateProofReplayer Proof replay took 23.5ns 
109801     INFO  main            d.u.i.k.p.r.p.TestFile    ... finished proof: closed. 
110092     INFO  main            d.u.i.k.p.i.AbstractProblemLoader Loading environment from /home/runner/work/key/key/key.core/../key.ui/examples/heap/block_loop_contracts/SimpleVariants/sum_onBlock_loop.key.proof 
110093     DEBUG main            d.u.i.k.p.i.AbstractProblemLoader Environment load took 518.21ns 
110094     INFO  main            d.u.i.k.p.i.AbstractProblemLoader Creating init config 
112961     DEBUG main            d.u.i.k.p.i.AbstractProblemLoader Init config took 2.87s 
112997     INFO  main            d.u.i.k.p.i.AbstractProblemLoader Replaying proof LoopContractExamplesAll[LoopContractExamplesAll::sum_loopContract_onBlock([I)].JML normal_behavior loop contract.0 
113332     DEBUG main            d.u.i.k.p.i.IntermediateProofReplayer Proof replay took 327.71ms 
113333     DEBUG main            d.u.i.k.p.r.p.TestFile    ... success: reloaded. 
113334     INFO  main            d.u.i.k.p.r.p.TestFile    Now processing file /home/runner/work/key/key/key.core/../key.ui/examples/heap/block_loop_contracts/SimpleVariants/sum_onLoop_external.key 
113335     INFO  main            d.u.i.k.p.i.AbstractProblemLoader Loading environment from /home/runner/work/key/key/key.core/../key.ui/examples/heap/block_loop_contracts/SimpleVariants/sum_onLoop_external.key 
113335     DEBUG main            d.u.i.k.p.i.AbstractProblemLoader Environment load took 284.1ns 
113336     INFO  main            d.u.i.k.p.i.AbstractProblemLoader Creating init config 
116431     DEBUG main            d.u.i.k.p.i.AbstractProblemLoader Init config took 3.09s 
116473     INFO  main            d.u.i.k.p.i.AbstractProblemLoader Replaying proof LoopContractExamplesAll[LoopContractExamplesAll::sum_loopContract_onLoop([I)].JML normal_behavior operation contract.0 
116476     DEBUG main            d.u.i.k.p.i.IntermediateProofReplayer Proof replay took 12.8ns 
116679     INFO  main            d.u.i.k.p.r.p.TestFile    ... finished proof: closed. 
116981     INFO  main            d.u.i.k.p.i.AbstractProblemLoader Loading environment from /home/runner/work/key/key/key.core/../key.ui/examples/heap/block_loop_contracts/SimpleVariants/sum_onLoop_external.key.proof 
116981     DEBUG main            d.u.i.k.p.i.AbstractProblemLoader Environment load took 114.3ns 
116982     INFO  main            d.u.i.k.p.i.AbstractProblemLoader Creating init config 
119859     DEBUG main            d.u.i.k.p.i.AbstractProblemLoader Init config took 2.88s 
119907     INFO  main            d.u.i.k.p.i.AbstractProblemLoader Replaying proof LoopContractExamplesAll[LoopContractExamplesAll::sum_loopContract_onLoop([I)].JML normal_behavior operation contract.0 
119943     DEBUG main            d.u.i.k.p.i.IntermediateProofReplayer Proof replay took 34.33ms 
119944     DEBUG main            d.u.i.k.p.r.p.TestFile    ... success: reloaded. 
119945     INFO  main            d.u.i.k.p.r.p.TestFile    Now processing file /home/runner/work/key/key/key.core/../key.ui/examples/heap/block_loop_contracts/SimpleVariants/sum_onLoop_internal.key 
119946     INFO  main            d.u.i.k.p.i.AbstractProblemLoader Loading environment from /home/runner/work/key/key/key.core/../key.ui/examples/heap/block_loop_contracts/SimpleVariants/sum_onLoop_internal.key 
119946     DEBUG main            d.u.i.k.p.i.AbstractProblemLoader Environment load took 108.6ns 
119947     INFO  main            d.u.i.k.p.i.AbstractProblemLoader Creating init config 
122953     DEBUG main            d.u.i.k.p.i.AbstractProblemLoader Init config took 3.01s 
122989     INFO  main            d.u.i.k.p.i.AbstractProblemLoader Replaying proof LoopContractExamplesAll[LoopContractExamplesAll::sum_loopContract_onLoop([I)].JML normal_behavior operation contract.0 
122991     DEBUG main            d.u.i.k.p.i.IntermediateProofReplayer Proof replay took 12.8ns 
123695     INFO  main            d.u.i.k.p.r.p.TestFile    ... finished proof: closed. 
124023     INFO  main            d.u.i.k.p.i.AbstractProblemLoader Loading environment from /home/runner/work/key/key/key.core/../key.ui/examples/heap/block_loop_contracts/SimpleVariants/sum_onLoop_internal.key.proof 
124023     DEBUG main            d.u.i.k.p.i.AbstractProblemLoader Environment load took 132.8ns 
124024     INFO  main            d.u.i.k.p.i.AbstractProblemLoader Creating init config 
127004     DEBUG main            d.u.i.k.p.i.AbstractProblemLoader Init config took 2.98s 
127043     INFO  main            d.u.i.k.p.i.AbstractProblemLoader Replaying proof LoopContractExamplesAll[LoopContractExamplesAll::sum_loopContract_onLoop([I)].JML normal_behavior operation contract.0 
127362     DEBUG main            d.u.i.k.p.i.IntermediateProofReplayer Proof replay took 314.93ms 
127363     DEBUG main            d.u.i.k.p.r.p.TestFile    ... success: reloaded. 
127364     INFO  main            d.u.i.k.p.r.p.TestFile    Now processing file /home/runner/work/key/key/key.core/../key.ui/examples/heap/block_loop_contracts/SimpleVariants/sum_onLoop_loop.key 
127365     INFO  main            d.u.i.k.p.i.AbstractProblemLoader Loading environment from /home/runner/work/key/key/key.core/../key.ui/examples/heap/block_loop_contracts/SimpleVariants/sum_onLoop_loop.key 
127365     DEBUG main            d.u.i.k.p.i.AbstractProblemLoader Environment load took 361.51ns 
127366     INFO  main            d.u.i.k.p.i.AbstractProblemLoader Creating init config 
130449     DEBUG main            d.u.i.k.p.i.AbstractProblemLoader Init config took 3.08s 
130490     INFO  main            d.u.i.k.p.i.AbstractProblemLoader Replaying proof LoopContractExamplesAll[LoopContractExamplesAll::sum_loopContract_onLoop([I)].JML normal_behavior loop contract.0 
130492     DEBUG main            d.u.i.k.p.i.IntermediateProofReplayer Proof replay took 11.7ns 
131396     INFO  main            d.u.i.k.p.r.p.TestFile    ... finished proof: closed. 
131712     INFO  main            d.u.i.k.p.i.AbstractProblemLoader Loading environment from /home/runner/work/key/key/key.core/../key.ui/examples/heap/block_loop_contracts/SimpleVariants/sum_onLoop_loop.key.proof 
131713     DEBUG main            d.u.i.k.p.i.AbstractProblemLoader Environment load took 729.81ns 
131714     INFO  main            d.u.i.k.p.i.AbstractProblemLoader Creating init config 
134621     DEBUG main            d.u.i.k.p.i.AbstractProblemLoader Init config took 2.91s 
134666     INFO  main            d.u.i.k.p.i.AbstractProblemLoader Replaying proof LoopContractExamplesAll[LoopContractExamplesAll::sum_loopContract_onLoop([I)].JML normal_behavior loop contract.0 
134969     DEBUG main            d.u.i.k.p.i.IntermediateProofReplayer Proof replay took 298.27ms 
134970     DEBUG main            d.u.i.k.p.r.p.TestFile    ... success: reloaded. 
134971     INFO  main            d.u.i.k.p.r.p.TestFile    Now processing file /home/runner/work/key/key/key.core/../key.ui/examples/heap/block_loop_contracts/Free/blockContracts0.key 
134972     INFO  main            d.u.i.k.p.i.AbstractProblemLoader Loading environment from /home/runner/work/key/key/key.core/../key.ui/examples/heap/block_loop_contracts/Free/blockContracts0.key 
134972     DEBUG main            d.u.i.k.p.i.AbstractProblemLoader Environment load took 179.7ns 
134973     INFO  main            d.u.i.k.p.i.AbstractProblemLoader Creating init config 
137614     DEBUG main            d.u.i.k.p.i.AbstractProblemLoader Init config took 2.64s 
137649     INFO  main            d.u.i.k.p.i.AbstractProblemLoader Replaying proof FreeConditions[FreeConditions::blockContract0()].JML normal_behavior operation contract.0 
137651     DEBUG main            d.u.i.k.p.i.IntermediateProofReplayer Proof replay took 12.8ns 
137753     INFO  main            d.u.i.k.p.r.p.TestFile    ... finished proof: closed. 
138069     INFO  main            d.u.i.k.p.i.AbstractProblemLoader Loading environment from /home/runner/work/key/key/key.core/../key.ui/examples/heap/block_loop_contracts/Free/blockContracts0.key.proof 
138070     DEBUG main            d.u.i.k.p.i.AbstractProblemLoader Environment load took 228.8ns 
138071     INFO  main            d.u.i.k.p.i.AbstractProblemLoader Creating init config 
140768     DEBUG main            d.u.i.k.p.i.AbstractProblemLoader Init config took 2.7s 
140804     INFO  main            d.u.i.k.p.i.AbstractProblemLoader Replaying proof FreeConditions[FreeConditions::blockContract0()].JML normal_behavior operation contract.0 
140830     DEBUG main            d.u.i.k.p.i.IntermediateProofReplayer Proof replay took 24.13ms 
140831     DEBUG main            d.u.i.k.p.r.p.TestFile    ... success: reloaded. 
140832     INFO  main            d.u.i.k.p.r.p.TestFile    Now processing file /home/runner/work/key/key/key.core/../key.ui/examples/heap/block_loop_contracts/Free/blockContracts1.key 
140832     INFO  main            d.u.i.k.p.i.AbstractProblemLoader Loading environment from /home/runner/work/key/key/key.core/../key.ui/examples/heap/block_loop_contracts/Free/blockContracts1.key 
140833     DEBUG main            d.u.i.k.p.i.AbstractProblemLoader Environment load took 343.5ns 
140834     INFO  main            d.u.i.k.p.i.AbstractProblemLoader Creating init config 
143405     DEBUG main            d.u.i.k.p.i.AbstractProblemLoader Init config took 2.57s 
143457     INFO  main            d.u.i.k.p.i.AbstractProblemLoader Replaying proof FreeConditions[FreeConditions::blockContract1()].JML normal_behavior operation contract.0 
143459     DEBUG main            d.u.i.k.p.i.IntermediateProofReplayer Proof replay took 13ns 
143561     INFO  main            d.u.i.k.p.r.p.TestFile    ... finished proof: closed. 
143852     INFO  main            d.u.i.k.p.i.AbstractProblemLoader Loading environment from /home/runner/work/key/key/key.core/../key.ui/examples/heap/block_loop_contracts/Free/blockContracts1.key.proof 
143852     DEBUG main            d.u.i.k.p.i.AbstractProblemLoader Environment load took 117.1ns 
143853     INFO  main            d.u.i.k.p.i.AbstractProblemLoader Creating init config 
146406     DEBUG main            d.u.i.k.p.i.AbstractProblemLoader Init config took 2.55s 
146442     INFO  main            d.u.i.k.p.i.AbstractProblemLoader Replaying proof FreeConditions[FreeConditions::blockContract1()].JML normal_behavior operation contract.0 
146466     DEBUG main            d.u.i.k.p.i.IntermediateProofReplayer Proof replay took 21.53ms 
146467     DEBUG main            d.u.i.k.p.r.p.TestFile    ... success: reloaded. 
146468     INFO  main            d.u.i.k.p.r.p.TestFile    Now processing file /home/runner/work/key/key/key.core/../key.ui/examples/heap/block_loop_contracts/Finally/block_finally.key 
146468     INFO  main            d.u.i.k.p.i.AbstractProblemLoader Loading environment from /home/runner/work/key/key/key.core/../key.ui/examples/heap/block_loop_contracts/Finally/block_finally.key 
146468     DEBUG main            d.u.i.k.p.i.AbstractProblemLoader Environment load took 124.4ns 
146470     INFO  main            d.u.i.k.p.i.AbstractProblemLoader Creating init config 
149081     DEBUG main            d.u.i.k.p.i.AbstractProblemLoader Init config took 2.61s 
149118     INFO  main            d.u.i.k.p.i.AbstractProblemLoader Replaying proof AuxiliaryContractsFinally[AuxiliaryContractsFinally::breakThrowContinueBlockContract(java.lang.Exception)].JML block contract.0 
149119     DEBUG main            d.u.i.k.p.i.IntermediateProofReplayer Proof replay took 12.1ns 
149723     INFO  main            d.u.i.k.p.r.p.TestFile    ... finished proof: open goal(s) 
150043     INFO  main            d.u.i.k.p.r.p.TestFile    Now processing file /home/runner/work/key/key/key.core/../key.ui/examples/heap/block_loop_contracts/Finally/loop_finally.key 
150044     INFO  main            d.u.i.k.p.i.AbstractProblemLoader Loading environment from /home/runner/work/key/key/key.core/../key.ui/examples/heap/block_loop_contracts/Finally/loop_finally.key 
150044     DEBUG main            d.u.i.k.p.i.AbstractProblemLoader Environment load took 75.7ns 
150045     INFO  main            d.u.i.k.p.i.AbstractProblemLoader Creating init config 
152590     DEBUG main            d.u.i.k.p.i.AbstractProblemLoader Init config took 2.54s 
152629     INFO  main            d.u.i.k.p.i.AbstractProblemLoader Replaying proof AuxiliaryContractsFinally[AuxiliaryContractsFinally::breakThrowContinueLoopContract(java.lang.Exception)].JML normal_behavior loop contract.0 
152631     DEBUG main            d.u.i.k.p.i.IntermediateProofReplayer Proof replay took 12.4ns 
153343     INFO  main            d.u.i.k.p.r.p.TestFile    ... finished proof: open goal(s) 
733485     INFO  Test worker     d.u.i.k.p.r.RunAllProofsTestUnit Returning from test blockContracts 
733487     INFO  Test worker     d.u.i.k.p.r.RunAllProofsTestUnit Running test jmlAsserts 
364        INFO  Timeout watchdog d.u.i.k.p.r.p.ForkedTestFileRunner Timeout watcher launched (2000 secs.) 
392        WARN  main            d.u.i.k.s.ProofSettings   The settings in /home/runner/.key/proof-settings.props are *not* read. 
444        INFO  main            d.u.i.k.p.r.p.TestFile    Now processing file /home/runner/work/key/key/key.core/../key.ui/examples/standard_key/java_dl/jml-assert/assert.key 
594        INFO  main            d.u.i.k.p.i.AbstractProblemLoader Loading environment from /home/runner/work/key/key/key.core/../key.ui/examples/standard_key/java_dl/jml-assert/assert.key 
616        DEBUG main            d.u.i.k.p.i.AbstractProblemLoader Environment load took 2.2ms 
875        INFO  main            d.u.i.k.p.i.AbstractProblemLoader Creating init config 
1916       DEBUG main            d.u.i.k.j.TypeConverter   No LDT found for Meta 
1920       DEBUG main            d.u.i.k.j.TypeConverter   No LDT found for Meta 
1922       DEBUG main            d.u.i.k.j.TypeConverter   No LDT found for Meta 
1924       DEBUG main            d.u.i.k.j.TypeConverter   No LDT found for Meta 
3421       DEBUG main            d.u.i.k.j.TypeConverter   No LDT found for JavaBigintExpression 
9555       DEBUG main            d.u.i.k.p.i.AbstractProblemLoader Init config took 8.68s 
9692       INFO  main            d.u.i.k.p.i.AbstractProblemLoader Replaying proof Assert[Assert::createArray(int)].JML normal_behavior operation contract.0 
9732       DEBUG main            d.u.i.k.p.i.IntermediateProofReplayer Proof replay took 31.5ns 
10762      INFO  main            d.u.i.k.p.r.p.TestFile    ... finished proof: closed. 
10890      INFO  main            d.u.i.k.p.i.AbstractProblemLoader Loading environment from /home/runner/work/key/key/key.core/../key.ui/examples/standard_key/java_dl/jml-assert/assert.key.proof 
10892      DEBUG main            d.u.i.k.p.i.AbstractProblemLoader Environment load took 2.62ms 
10897      INFO  main            d.u.i.k.p.i.AbstractProblemLoader Creating init config 
14192      DEBUG main            d.u.i.k.p.i.AbstractProblemLoader Init config took 3.3s 
14265      INFO  main            d.u.i.k.p.i.AbstractProblemLoader Replaying proof Assert[Assert::createArray(int)].JML normal_behavior operation contract.0 
14391      DEBUG main            d.u.i.k.p.i.IntermediateProofReplayer Proof replay took 117.53ms 
14399      DEBUG main            d.u.i.k.p.r.p.TestFile    ... success: reloaded. 
14401      INFO  main            d.u.i.k.p.r.p.TestFile    Now processing file /home/runner/work/key/key/key.core/../key.ui/examples/heap/block_loop_contracts/Free/assertions0.key 
14402      INFO  main            d.u.i.k.p.i.AbstractProblemLoader Loading environment from /home/runner/work/key/key/key.core/../key.ui/examples/heap/block_loop_contracts/Free/assertions0.key 
14402      DEBUG main            d.u.i.k.p.i.AbstractProblemLoader Environment load took 297.41ns 
14404      INFO  main            d.u.i.k.p.i.AbstractProblemLoader Creating init config 
17617      DEBUG main            d.u.i.k.p.i.AbstractProblemLoader Init config took 3.21s 
17683      INFO  main            d.u.i.k.p.i.AbstractProblemLoader Replaying proof FreeConditions[FreeConditions::assertions0()].JML normal_behavior operation contract.0 
17688      DEBUG main            d.u.i.k.p.i.IntermediateProofReplayer Proof replay took 14.5ns 
17891      INFO  main            d.u.i.k.p.r.p.TestFile    ... finished proof: closed. 
18084      INFO  main            d.u.i.k.p.i.AbstractProblemLoader Loading environment from /home/runner/work/key/key/key.core/../key.ui/examples/heap/block_loop_contracts/Free/assertions0.key.proof 
18085      DEBUG main            d.u.i.k.p.i.AbstractProblemLoader Environment load took 861.32ns 
18087      INFO  main            d.u.i.k.p.i.AbstractProblemLoader Creating init config 
21131      DEBUG main            d.u.i.k.p.i.AbstractProblemLoader Init config took 3.04s 
21204      INFO  main            d.u.i.k.p.i.AbstractProblemLoader Replaying proof FreeConditions[FreeConditions::assertions0()].JML normal_behavior operation contract.0 
21259      DEBUG main            d.u.i.k.p.i.IntermediateProofReplayer Proof replay took 51.24ms 
21264      DEBUG main            d.u.i.k.p.r.p.TestFile    ... success: reloaded. 
21267      INFO  main            d.u.i.k.p.r.p.TestFile    Now processing file /home/runner/work/key/key/key.core/../key.ui/examples/heap/block_loop_contracts/Free/assertions1.key 
21267      INFO  main            d.u.i.k.p.i.AbstractProblemLoader Loading environment from /home/runner/work/key/key/key.core/../key.ui/examples/heap/block_loop_contracts/Free/assertions1.key 
21267      DEBUG main            d.u.i.k.p.i.AbstractProblemLoader Environment load took 141.9ns 
21269      INFO  main            d.u.i.k.p.i.AbstractProblemLoader Creating init config 
24267      DEBUG main            d.u.i.k.p.i.AbstractProblemLoader Init config took 3s 
24319      INFO  main            d.u.i.k.p.i.AbstractProblemLoader Replaying proof FreeConditions[FreeConditions::assertions1()].JML normal_behavior operation contract.0 
24322      DEBUG main            d.u.i.k.p.i.IntermediateProofReplayer Proof replay took 13.4ns 
24424      INFO  main            d.u.i.k.p.r.p.TestFile    ... finished proof: closed. 
24601      INFO  main            d.u.i.k.p.i.AbstractProblemLoader Loading environment from /home/runner/work/key/key/key.core/../key.ui/examples/heap/block_loop_contracts/Free/assertions1.key.proof 
24601      DEBUG main            d.u.i.k.p.i.AbstractProblemLoader Environment load took 130.8ns 
24604      INFO  main            d.u.i.k.p.i.AbstractProblemLoader Creating init config 
27455      DEBUG main            d.u.i.k.p.i.AbstractProblemLoader Init config took 2.85s 
27504      INFO  main            d.u.i.k.p.i.AbstractProblemLoader Replaying proof FreeConditions[FreeConditions::assertions1()].JML normal_behavior operation contract.0 
27512      DEBUG main            d.u.i.k.p.i.IntermediateProofReplayer Proof replay took 6.38ms 
27513      DEBUG main            d.u.i.k.p.r.p.TestFile    ... success: reloaded. 
27514      INFO  main            d.u.i.k.p.r.p.TestFile    Now processing file /home/runner/work/key/key/key.core/../key.ui/examples/standard_key/java_dl/jml-assert/recursion-assert.key 
27514      INFO  main            d.u.i.k.p.i.AbstractProblemLoader Loading environment from /home/runner/work/key/key/key.core/../key.ui/examples/standard_key/java_dl/jml-assert/recursion-assert.key 
27514      DEBUG main            d.u.i.k.p.i.AbstractProblemLoader Environment load took 80.9ns 
27516      INFO  main            d.u.i.k.p.i.AbstractProblemLoader Creating init config 
30589      DEBUG main            d.u.i.k.p.i.AbstractProblemLoader Init config took 3.07s 
30639      INFO  main            d.u.i.k.p.i.AbstractProblemLoader Replaying proof RecursiveMethod[RecursiveMethod::fac1(int)].JML normal_behavior operation contract.0 
30642      DEBUG main            d.u.i.k.p.i.IntermediateProofReplayer Proof replay took 6.2ns 
30845      INFO  main            d.u.i.k.p.r.p.TestFile    ... finished proof: closed. 
31044      INFO  main            d.u.i.k.p.i.AbstractProblemLoader Loading environment from /home/runner/work/key/key/key.core/../key.ui/examples/standard_key/java_dl/jml-assert/recursion-assert.key.proof 
31044      DEBUG main            d.u.i.k.p.i.AbstractProblemLoader Environment load took 690.31ns 
31046      INFO  main            d.u.i.k.p.i.AbstractProblemLoader Creating init config 
34004      DEBUG main            d.u.i.k.p.i.AbstractProblemLoader Init config took 2.96s 
34054      INFO  main            d.u.i.k.p.i.AbstractProblemLoader Replaying proof RecursiveMethod[RecursiveMethod::fac1(int)].JML normal_behavior operation contract.0 
34130      DEBUG main            d.u.i.k.p.i.IntermediateProofReplayer Proof replay took 72.75ms 
34131      DEBUG main            d.u.i.k.p.r.p.TestFile    ... success: reloaded. 
34132      INFO  main            d.u.i.k.p.r.p.TestFile    Now processing file /home/runner/work/key/key/key.core/../key.ui/examples/standard_key/java_dl/jml-assert/recursion-assume.key 
34133      INFO  main            d.u.i.k.p.i.AbstractProblemLoader Loading environment from /home/runner/work/key/key/key.core/../key.ui/examples/standard_key/java_dl/jml-assert/recursion-assume.key 
34133      DEBUG main            d.u.i.k.p.i.AbstractProblemLoader Environment load took 124.7ns 
34134      INFO  main            d.u.i.k.p.i.AbstractProblemLoader Creating init config 
37198      DEBUG main            d.u.i.k.p.i.AbstractProblemLoader Init config took 3.06s 
37245      INFO  main            d.u.i.k.p.i.AbstractProblemLoader Replaying proof RecursiveMethod[RecursiveMethod::fac2(int)].JML normal_behavior operation contract.0 
37247      DEBUG main            d.u.i.k.p.i.IntermediateProofReplayer Proof replay took 5.8ns 
37453      INFO  main            d.u.i.k.p.r.p.TestFile    ... finished proof: closed. 
37652      INFO  main            d.u.i.k.p.i.AbstractProblemLoader Loading environment from /home/runner/work/key/key/key.core/../key.ui/examples/standard_key/java_dl/jml-assert/recursion-assume.key.proof 
37652      DEBUG main            d.u.i.k.p.i.AbstractProblemLoader Environment load took 630.01ns 
37653      INFO  main            d.u.i.k.p.i.AbstractProblemLoader Creating init config 
40820      DEBUG main            d.u.i.k.p.i.AbstractProblemLoader Init config took 3.17s 
40873      INFO  main            d.u.i.k.p.i.AbstractProblemLoader Replaying proof RecursiveMethod[RecursiveMethod::fac2(int)].JML normal_behavior operation contract.0 
40924      DEBUG main            d.u.i.k.p.i.IntermediateProofReplayer Proof replay took 47.38ms 
40925      DEBUG main            d.u.i.k.p.r.p.TestFile    ... success: reloaded. 
40926      INFO  main            d.u.i.k.p.r.p.TestFile    Now processing file /home/runner/work/key/key/key.core/../key.ui/examples/standard_key/java_dl/jml-assert/quantor-assert.key 
40927      INFO  main            d.u.i.k.p.i.AbstractProblemLoader Loading environment from /home/runner/work/key/key/key.core/../key.ui/examples/standard_key/java_dl/jml-assert/quantor-assert.key 
40927      DEBUG main            d.u.i.k.p.i.AbstractProblemLoader Environment load took 352.1ns 
40928      INFO  main            d.u.i.k.p.i.AbstractProblemLoader Creating init config 
44181      DEBUG main            d.u.i.k.p.i.AbstractProblemLoader Init config took 3.25s 
44267      INFO  main            d.u.i.k.p.i.AbstractProblemLoader Replaying proof Quantor[Quantor::square1(int)].JML normal_behavior operation contract.0 
44270      DEBUG main            d.u.i.k.p.i.IntermediateProofReplayer Proof replay took 7.9ns 
44373      INFO  main            d.u.i.k.p.r.p.TestFile    ... finished proof: closed. 
44617      INFO  main            d.u.i.k.p.i.AbstractProblemLoader Loading environment from /home/runner/work/key/key/key.core/../key.ui/examples/standard_key/java_dl/jml-assert/quantor-assert.key.proof 
44619      DEBUG main            d.u.i.k.p.i.AbstractProblemLoader Environment load took 2.05ms 
44620      INFO  main            d.u.i.k.p.i.AbstractProblemLoader Creating init config 
47684      DEBUG main            d.u.i.k.p.i.AbstractProblemLoader Init config took 3.06s 
47732      INFO  main            d.u.i.k.p.i.AbstractProblemLoader Replaying proof Quantor[Quantor::square1(int)].JML normal_behavior operation contract.0 
47754      DEBUG main            d.u.i.k.p.i.IntermediateProofReplayer Proof replay took 19.96ms 
47755      DEBUG main            d.u.i.k.p.r.p.TestFile    ... success: reloaded. 
47756      INFO  main            d.u.i.k.p.r.p.TestFile    Now processing file /home/runner/work/key/key/key.core/../key.ui/examples/standard_key/java_dl/jml-assert/quantor-assume.key 
47756      INFO  main            d.u.i.k.p.i.AbstractProblemLoader Loading environment from /home/runner/work/key/key/key.core/../key.ui/examples/standard_key/java_dl/jml-assert/quantor-assume.key 
47756      DEBUG main            d.u.i.k.p.i.AbstractProblemLoader Environment load took 129.9ns 
47757      INFO  main            d.u.i.k.p.i.AbstractProblemLoader Creating init config 
50891      DEBUG main            d.u.i.k.p.i.AbstractProblemLoader Init config took 3.13s 
50958      INFO  main            d.u.i.k.p.i.AbstractProblemLoader Replaying proof Quantor[Quantor::square2(int)].JML normal_behavior operation contract.0 
50959      DEBUG main            d.u.i.k.p.i.IntermediateProofReplayer Proof replay took 19.2ns 
51061      INFO  main            d.u.i.k.p.r.p.TestFile    ... finished proof: closed. 
51269      INFO  main            d.u.i.k.p.i.AbstractProblemLoader Loading environment from /home/runner/work/key/key/key.core/../key.ui/examples/standard_key/java_dl/jml-assert/quantor-assume.key.proof 
51269      DEBUG main            d.u.i.k.p.i.AbstractProblemLoader Environment load took 120.3ns 
51270      INFO  main            d.u.i.k.p.i.AbstractProblemLoader Creating init config 
54392      DEBUG main            d.u.i.k.p.i.AbstractProblemLoader Init config took 3.12s 
54439      INFO  main            d.u.i.k.p.i.AbstractProblemLoader Replaying proof Quantor[Quantor::square2(int)].JML normal_behavior operation contract.0 
54460      DEBUG main            d.u.i.k.p.i.IntermediateProofReplayer Proof replay took 17.88ms 
54461      DEBUG main            d.u.i.k.p.r.p.TestFile    ... success: reloaded. 
54461      INFO  main            d.u.i.k.p.r.p.TestFile    Now processing file /home/runner/work/key/key/key.core/../key.ui/examples/standard_key/java_dl/jml-assert/model-methods-static-static.key 
54462      INFO  main            d.u.i.k.p.i.AbstractProblemLoader Loading environment from /home/runner/work/key/key/key.core/../key.ui/examples/standard_key/java_dl/jml-assert/model-methods-static-static.key 
54462      DEBUG main            d.u.i.k.p.i.AbstractProblemLoader Environment load took 129.6ns 
54463      INFO  main            d.u.i.k.p.i.AbstractProblemLoader Creating init config 
57783      DEBUG main            d.u.i.k.p.i.AbstractProblemLoader Init config took 3.32s 
57838      INFO  main            d.u.i.k.p.i.AbstractProblemLoader Replaying proof ModelMethods[ModelMethods::test1()].JML normal_behavior operation contract.0 
57840      DEBUG main            d.u.i.k.p.i.IntermediateProofReplayer Proof replay took 7.4ns 
57943      INFO  main            d.u.i.k.p.r.p.TestFile    ... finished proof: closed. 
58195      INFO  main            d.u.i.k.p.i.AbstractProblemLoader Loading environment from /home/runner/work/key/key/key.core/../key.ui/examples/standard_key/java_dl/jml-assert/model-methods-static-static.key.proof 
58196      DEBUG main            d.u.i.k.p.i.AbstractProblemLoader Environment load took 680.61ns 
58197      INFO  main            d.u.i.k.p.i.AbstractProblemLoader Creating init config 
61220      DEBUG main            d.u.i.k.p.i.AbstractProblemLoader Init config took 3.02s 
61260      INFO  main            d.u.i.k.p.i.AbstractProblemLoader Replaying proof ModelMethods[ModelMethods::test1()].JML normal_behavior operation contract.0 
61269      DEBUG main            d.u.i.k.p.i.IntermediateProofReplayer Proof replay took 7.07ms 
61270      DEBUG main            d.u.i.k.p.r.p.TestFile    ... success: reloaded. 
61271      INFO  main            d.u.i.k.p.r.p.TestFile    Now processing file /home/runner/work/key/key/key.core/../key.ui/examples/standard_key/java_dl/jml-assert/model-methods-instance-static.key 
61271      INFO  main            d.u.i.k.p.i.AbstractProblemLoader Loading environment from /home/runner/work/key/key/key.core/../key.ui/examples/standard_key/java_dl/jml-assert/model-methods-instance-static.key 
61271      DEBUG main            d.u.i.k.p.i.AbstractProblemLoader Environment load took 67.3ns 
61272      INFO  main            d.u.i.k.p.i.AbstractProblemLoader Creating init config 
64419      DEBUG main            d.u.i.k.p.i.AbstractProblemLoader Init config took 3.15s 
64484      INFO  main            d.u.i.k.p.i.AbstractProblemLoader Replaying proof ModelMethods[ModelMethods::test2()].JML normal_behavior operation contract.0 
64485      DEBUG main            d.u.i.k.p.i.IntermediateProofReplayer Proof replay took 8.3ns 
64587      INFO  main            d.u.i.k.p.r.p.TestFile    ... finished proof: closed. 
64816      INFO  main            d.u.i.k.p.i.AbstractProblemLoader Loading environment from /home/runner/work/key/key/key.core/../key.ui/examples/standard_key/java_dl/jml-assert/model-methods-instance-static.key.proof 
64816      DEBUG main            d.u.i.k.p.i.AbstractProblemLoader Environment load took 143.7ns 
64817      INFO  main            d.u.i.k.p.i.AbstractProblemLoader Creating init config 
68004      DEBUG main            d.u.i.k.p.i.AbstractProblemLoader Init config took 3.19s 
68061      INFO  main            d.u.i.k.p.i.AbstractProblemLoader Replaying proof ModelMethods[ModelMethods::test2()].JML normal_behavior operation contract.0 
68074      DEBUG main            d.u.i.k.p.i.IntermediateProofReplayer Proof replay took 10.57ms 
68075      DEBUG main            d.u.i.k.p.r.p.TestFile    ... success: reloaded. 
68076      INFO  main            d.u.i.k.p.r.p.TestFile    Now processing file /home/runner/work/key/key/key.core/../key.ui/examples/standard_key/java_dl/jml-assert/model-methods-instance-instance.key 
68077      INFO  main            d.u.i.k.p.i.AbstractProblemLoader Loading environment from /home/runner/work/key/key/key.core/../key.ui/examples/standard_key/java_dl/jml-assert/model-methods-instance-instance.key 
68077      DEBUG main            d.u.i.k.p.i.AbstractProblemLoader Environment load took 81ns 
68077      INFO  main            d.u.i.k.p.i.AbstractProblemLoader Creating init config 
71232      DEBUG main            d.u.i.k.p.i.AbstractProblemLoader Init config took 3.15s 
71295      INFO  main            d.u.i.k.p.i.AbstractProblemLoader Replaying proof ModelMethods[ModelMethods::test3()].JML normal_behavior operation contract.0 
71298      DEBUG main            d.u.i.k.p.i.IntermediateProofReplayer Proof replay took 8.1ns 
71400      INFO  main            d.u.i.k.p.r.p.TestFile    ... finished proof: closed. 
71632      INFO  main            d.u.i.k.p.i.AbstractProblemLoader Loading environment from /home/runner/work/key/key/key.core/../key.ui/examples/standard_key/java_dl/jml-assert/model-methods-instance-instance.key.proof 
71632      DEBUG main            d.u.i.k.p.i.AbstractProblemLoader Environment load took 115.2ns 
71633      INFO  main            d.u.i.k.p.i.AbstractProblemLoader Creating init config 
74777      DEBUG main            d.u.i.k.p.i.AbstractProblemLoader Init config took 3.14s 
74821      INFO  main            d.u.i.k.p.i.AbstractProblemLoader Replaying proof ModelMethods[ModelMethods::test3()].JML normal_behavior operation contract.0 
74836      DEBUG main            d.u.i.k.p.i.IntermediateProofReplayer Proof replay took 13.22ms 
74837      DEBUG main            d.u.i.k.p.r.p.TestFile    ... success: reloaded. 
74838      INFO  main            d.u.i.k.p.r.p.TestFile    Now processing file /home/runner/work/key/key/key.core/../key.ui/examples/standard_key/java_dl/jml-assert/model-methods-static-instance.key 
74839      INFO  main            d.u.i.k.p.i.AbstractProblemLoader Loading environment from /home/runner/work/key/key/key.core/../key.ui/examples/standard_key/java_dl/jml-assert/model-methods-static-instance.key 
74839      DEBUG main            d.u.i.k.p.i.AbstractProblemLoader Environment load took 154.8ns 
74840      INFO  main            d.u.i.k.p.i.AbstractProblemLoader Creating init config 
78013      DEBUG main            d.u.i.k.p.i.AbstractProblemLoader Init config took 3.17s 
78055      INFO  main            d.u.i.k.p.i.AbstractProblemLoader Replaying proof ModelMethods[ModelMethods::test4()].JML normal_behavior operation contract.0 
78056      DEBUG main            d.u.i.k.p.i.IntermediateProofReplayer Proof replay took 7.1ns 
78261      INFO  main            d.u.i.k.p.r.p.TestFile    ... finished proof: closed. 
78487      INFO  main            d.u.i.k.p.i.AbstractProblemLoader Loading environment from /home/runner/work/key/key/key.core/../key.ui/examples/standard_key/java_dl/jml-assert/model-methods-static-instance.key.proof 
78487      DEBUG main            d.u.i.k.p.i.AbstractProblemLoader Environment load took 127.6ns 
78488      INFO  main            d.u.i.k.p.i.AbstractProblemLoader Creating init config 
81566      DEBUG main            d.u.i.k.p.i.AbstractProblemLoader Init config took 3.08s 
81613      INFO  main            d.u.i.k.p.i.AbstractProblemLoader Replaying proof ModelMethods[ModelMethods::test4()].JML normal_behavior operation contract.0 
81656      DEBUG main            d.u.i.k.p.i.IntermediateProofReplayer Proof replay took 40.59ms 
81657      DEBUG main            d.u.i.k.p.r.p.TestFile    ... success: reloaded. 
81658      INFO  main            d.u.i.k.p.r.p.TestFile    Now processing file /home/runner/work/key/key/key.core/../key.ui/examples/standard_key/java_dl/jml-assert/assert-old/inc-field.key 
81658      INFO  main            d.u.i.k.p.i.AbstractProblemLoader Loading environment from /home/runner/work/key/key/key.core/../key.ui/examples/standard_key/java_dl/jml-assert/assert-old/inc-field.key 
81658      DEBUG main            d.u.i.k.p.i.AbstractProblemLoader Environment load took 126.9ns 
81659      INFO  main            d.u.i.k.p.i.AbstractProblemLoader Creating init config 
84548      DEBUG main            d.u.i.k.p.i.AbstractProblemLoader Init config took 2.89s 
84588      INFO  main            d.u.i.k.p.i.AbstractProblemLoader Replaying proof Inc[Inc::inc_field()].JML normal_behavior operation contract.0 
84590      DEBUG main            d.u.i.k.p.i.IntermediateProofReplayer Proof replay took 6.4ns 
84792      INFO  main            d.u.i.k.p.r.p.TestFile    ... finished proof: closed. 
85026      INFO  main            d.u.i.k.p.i.AbstractProblemLoader Loading environment from /home/runner/work/key/key/key.core/../key.ui/examples/standard_key/java_dl/jml-assert/assert-old/inc-field.key.proof 
85026      DEBUG main            d.u.i.k.p.i.AbstractProblemLoader Environment load took 118.7ns 
85027      INFO  main            d.u.i.k.p.i.AbstractProblemLoader Creating init config 
87884      DEBUG main            d.u.i.k.p.i.AbstractProblemLoader Init config took 2.86s 
87922      INFO  main            d.u.i.k.p.i.AbstractProblemLoader Replaying proof Inc[Inc::inc_field()].JML normal_behavior operation contract.0 
87959      DEBUG main            d.u.i.k.p.i.IntermediateProofReplayer Proof replay took 34.57ms 
87960      DEBUG main            d.u.i.k.p.r.p.TestFile    ... success: reloaded. 
87961      INFO  main            d.u.i.k.p.r.p.TestFile    Now processing file /home/runner/work/key/key/key.core/../key.ui/examples/standard_key/java_dl/jml-assert/assert-old/inc-parameter.key 
87961      INFO  main            d.u.i.k.p.i.AbstractProblemLoader Loading environment from /home/runner/work/key/key/key.core/../key.ui/examples/standard_key/java_dl/jml-assert/assert-old/inc-parameter.key 
87961      DEBUG main            d.u.i.k.p.i.AbstractProblemLoader Environment load took 178.4ns 
87962      INFO  main            d.u.i.k.p.i.AbstractProblemLoader Creating init config 
90758      DEBUG main            d.u.i.k.p.i.AbstractProblemLoader Init config took 2.8s 
90798      INFO  main            d.u.i.k.p.i.AbstractProblemLoader Replaying proof Inc[Inc::inc_parameter(int)].JML normal_behavior operation contract.0 
90800      DEBUG main            d.u.i.k.p.i.IntermediateProofReplayer Proof replay took 6.9ns 
90905      INFO  main            d.u.i.k.p.r.p.TestFile    ... finished proof: closed. 
91150      INFO  main            d.u.i.k.p.i.AbstractProblemLoader Loading environment from /home/runner/work/key/key/key.core/../key.ui/examples/standard_key/java_dl/jml-assert/assert-old/inc-parameter.key.proof 
91150      DEBUG main            d.u.i.k.p.i.AbstractProblemLoader Environment load took 156.5ns 
91151      INFO  main            d.u.i.k.p.i.AbstractProblemLoader Creating init config 
93994      DEBUG main            d.u.i.k.p.i.AbstractProblemLoader Init config took 2.84s 
94033      INFO  main            d.u.i.k.p.i.AbstractProblemLoader Replaying proof Inc[Inc::inc_parameter(int)].JML normal_behavior operation contract.0 
94051      DEBUG main            d.u.i.k.p.i.IntermediateProofReplayer Proof replay took 16.59ms 
94052      DEBUG main            d.u.i.k.p.r.p.TestFile    ... success: reloaded. 
94053      INFO  main            d.u.i.k.p.r.p.TestFile    Now processing file /home/runner/work/key/key/key.core/../key.ui/examples/standard_key/java_dl/jml-assert/assert-old/inc-parameter-field.key 
94053      INFO  main            d.u.i.k.p.i.AbstractProblemLoader Loading environment from /home/runner/work/key/key/key.core/../key.ui/examples/standard_key/java_dl/jml-assert/assert-old/inc-parameter-field.key 
94053      DEBUG main            d.u.i.k.p.i.AbstractProblemLoader Environment load took 128.5ns 
94054      INFO  main            d.u.i.k.p.i.AbstractProblemLoader Creating init config 
97081      DEBUG main            d.u.i.k.p.i.AbstractProblemLoader Init config took 3.03s 
97123      INFO  main            d.u.i.k.p.i.AbstractProblemLoader Replaying proof Inc[Inc::inc_parameter_field(Inc)].JML normal_behavior operation contract.0 
97124      DEBUG main            d.u.i.k.p.i.IntermediateProofReplayer Proof replay took 8.1ns 
97329      INFO  main            d.u.i.k.p.r.p.TestFile    ... finished proof: closed. 
97594      INFO  main            d.u.i.k.p.i.AbstractProblemLoader Loading environment from /home/runner/work/key/key/key.core/../key.ui/examples/standard_key/java_dl/jml-assert/assert-old/inc-parameter-field.key.proof 
97595      DEBUG main            d.u.i.k.p.i.AbstractProblemLoader Environment load took 127.2ns 
97596      INFO  main            d.u.i.k.p.i.AbstractProblemLoader Creating init config 
100501     DEBUG main            d.u.i.k.p.i.AbstractProblemLoader Init config took 2.9s 
100545     INFO  main            d.u.i.k.p.i.AbstractProblemLoader Replaying proof Inc[Inc::inc_parameter_field(Inc)].JML normal_behavior operation contract.0 
100592     DEBUG main            d.u.i.k.p.i.IntermediateProofReplayer Proof replay took 44.3ms 
100593     DEBUG main            d.u.i.k.p.r.p.TestFile    ... success: reloaded. 
100593     INFO  main            d.u.i.k.p.r.p.TestFile    Now processing file /home/runner/work/key/key/key.core/../key.ui/examples/standard_key/java_dl/jml-assert/assert-old/inc-ghost-field.key 
100594     INFO  main            d.u.i.k.p.i.AbstractProblemLoader Loading environment from /home/runner/work/key/key/key.core/../key.ui/examples/standard_key/java_dl/jml-assert/assert-old/inc-ghost-field.key 
100594     DEBUG main            d.u.i.k.p.i.AbstractProblemLoader Environment load took 102.2ns 
100594     INFO  main            d.u.i.k.p.i.AbstractProblemLoader Creating init config 
103511     DEBUG main            d.u.i.k.p.i.AbstractProblemLoader Init config took 2.92s 
103565     INFO  main            d.u.i.k.p.i.AbstractProblemLoader Replaying proof Inc[Inc::inc_ghost_field()].JML normal_behavior operation contract.0 
103568     DEBUG main            d.u.i.k.p.i.IntermediateProofReplayer Proof replay took 7.5ns 
103770     INFO  main            d.u.i.k.p.r.p.TestFile    ... finished proof: closed. 
104078     INFO  main            d.u.i.k.p.i.AbstractProblemLoader Loading environment from /home/runner/work/key/key/key.core/../key.ui/examples/standard_key/java_dl/jml-assert/assert-old/inc-ghost-field.key.proof 
104078     DEBUG main            d.u.i.k.p.i.AbstractProblemLoader Environment load took 119.5ns 
104083     INFO  main            d.u.i.k.p.i.AbstractProblemLoader Creating init config 
107102     DEBUG main            d.u.i.k.p.i.AbstractProblemLoader Init config took 3.02s 
107169     INFO  main            d.u.i.k.p.i.AbstractProblemLoader Replaying proof Inc[Inc::inc_ghost_field()].JML normal_behavior operation contract.0 
107216     DEBUG main            d.u.i.k.p.i.IntermediateProofReplayer Proof replay took 43.78ms 
107218     DEBUG main            d.u.i.k.p.r.p.TestFile    ... success: reloaded. 
840908     INFO  Test worker     d.u.i.k.p.r.RunAllProofsTestUnit Returning from test jmlAsserts 
840910     INFO  Test worker     d.u.i.k.p.r.RunAllProofsTestUnit Running test javaCard 
413        INFO  Timeout watchdog d.u.i.k.p.r.p.ForkedTestFileRunner Timeout watcher launched (2000 secs.) 
433        WARN  main            d.u.i.k.s.ProofSettings   The settings in /home/runner/.key/proof-settings.props are *not* read. 
500        INFO  main            d.u.i.k.p.r.p.TestFile    Now processing file /home/runner/work/key/key/key.core/../key.ui/examples/heap/javacard/updateBalance0.key 
658        INFO  main            d.u.i.k.p.i.AbstractProblemLoader Loading environment from /home/runner/work/key/key/key.core/../key.ui/examples/heap/javacard/updateBalance0.key 
678        DEBUG main            d.u.i.k.p.i.AbstractProblemLoader Environment load took 2.86ms 
972        INFO  main            d.u.i.k.p.i.AbstractProblemLoader Creating init config 
2177       DEBUG main            d.u.i.k.j.TypeConverter   No LDT found for Meta 
2178       DEBUG main            d.u.i.k.j.TypeConverter   No LDT found for Meta 
2181       DEBUG main            d.u.i.k.j.TypeConverter   No LDT found for Meta 
2182       DEBUG main            d.u.i.k.j.TypeConverter   No LDT found for Meta 
3860       DEBUG main            d.u.i.k.j.TypeConverter   No LDT found for JavaBigintExpression 
8091       DEBUG main            d.u.i.k.p.i.AbstractProblemLoader Init config took 7.12s 
8232       INFO  main            d.u.i.k.p.i.AbstractProblemLoader Replaying proof Examples[Examples::updateBalance(short)].JML normal_behavior operation contract.0 
8279       DEBUG main            d.u.i.k.p.i.IntermediateProofReplayer Proof replay took 35.7ns 
10042      INFO  main            d.u.i.k.p.r.p.TestFile    ... finished proof: closed. 
10178      INFO  main            d.u.i.k.p.i.AbstractProblemLoader Loading environment from /home/runner/work/key/key/key.core/../key.ui/examples/heap/javacard/updateBalance0.key.proof 
10184      DEBUG main            d.u.i.k.p.i.AbstractProblemLoader Environment load took 141.8ns 
10189      INFO  main            d.u.i.k.p.i.AbstractProblemLoader Creating init config 
12205      DEBUG main            d.u.i.k.p.i.AbstractProblemLoader Init config took 2.02s 
12267      INFO  main            d.u.i.k.p.i.AbstractProblemLoader Replaying proof Examples[Examples::updateBalance(short)].JML normal_behavior operation contract.0 
12548      DEBUG main            d.u.i.k.p.i.IntermediateProofReplayer Proof replay took 267.68ms 
12557      DEBUG main            d.u.i.k.p.r.p.TestFile    ... success: reloaded. 
12560      INFO  main            d.u.i.k.p.r.p.TestFile    Now processing file /home/runner/work/key/key/key.core/../key.ui/examples/heap/javacard/updateBalance1.key 
12561      INFO  main            d.u.i.k.p.i.AbstractProblemLoader Loading environment from /home/runner/work/key/key/key.core/../key.ui/examples/heap/javacard/updateBalance1.key 
12561      DEBUG main            d.u.i.k.p.i.AbstractProblemLoader Environment load took 335.7ns 
12563      INFO  main            d.u.i.k.p.i.AbstractProblemLoader Creating init config 
14539      DEBUG main            d.u.i.k.p.i.AbstractProblemLoader Init config took 1.98s 
14596      INFO  main            d.u.i.k.p.i.AbstractProblemLoader Replaying proof Examples[Examples::updateBalance(short)].JML normal_behavior operation contract.1 
14599      DEBUG main            d.u.i.k.p.i.IntermediateProofReplayer Proof replay took 6.7ns 
15306      INFO  main            d.u.i.k.p.r.p.TestFile    ... finished proof: closed. 
15473      INFO  main            d.u.i.k.p.i.AbstractProblemLoader Loading environment from /home/runner/work/key/key/key.core/../key.ui/examples/heap/javacard/updateBalance1.key.proof 
15473      DEBUG main            d.u.i.k.p.i.AbstractProblemLoader Environment load took 568.11ns 
15475      INFO  main            d.u.i.k.p.i.AbstractProblemLoader Creating init config 
17316      DEBUG main            d.u.i.k.p.i.AbstractProblemLoader Init config took 1.84s 
17371      INFO  main            d.u.i.k.p.i.AbstractProblemLoader Replaying proof Examples[Examples::updateBalance(short)].JML normal_behavior operation contract.1 
17544      DEBUG main            d.u.i.k.p.i.IntermediateProofReplayer Proof replay took 166.23ms 
17547      DEBUG main            d.u.i.k.p.r.p.TestFile    ... success: reloaded. 
17549      INFO  main            d.u.i.k.p.r.p.TestFile    Now processing file /home/runner/work/key/key/key.core/../key.ui/examples/heap/javacard/setArray1.key 
17550      INFO  main            d.u.i.k.p.i.AbstractProblemLoader Loading environment from /home/runner/work/key/key/key.core/../key.ui/examples/heap/javacard/setArray1.key 
17550      DEBUG main            d.u.i.k.p.i.AbstractProblemLoader Environment load took 270.6ns 
17551      INFO  main            d.u.i.k.p.i.AbstractProblemLoader Creating init config 
19436      DEBUG main            d.u.i.k.p.i.AbstractProblemLoader Init config took 1.88s 
19483      INFO  main            d.u.i.k.p.i.AbstractProblemLoader Replaying proof Examples[Examples::setArray1([B)].JML normal_behavior operation contract.0 
19486      DEBUG main            d.u.i.k.p.i.IntermediateProofReplayer Proof replay took 6.5ns 
20794      INFO  main            d.u.i.k.p.r.p.TestFile    ... finished proof: closed. 
20951      INFO  main            d.u.i.k.p.i.AbstractProblemLoader Loading environment from /home/runner/work/key/key/key.core/../key.ui/examples/heap/javacard/setArray1.key.proof 
20952      DEBUG main            d.u.i.k.p.i.AbstractProblemLoader Environment load took 493.4ns 
20953      INFO  main            d.u.i.k.p.i.AbstractProblemLoader Creating init config 
22769      DEBUG main            d.u.i.k.p.i.AbstractProblemLoader Init config took 1.82s 
22816      INFO  main            d.u.i.k.p.i.AbstractProblemLoader Replaying proof Examples[Examples::setArray1([B)].JML normal_behavior operation contract.0 
23059      DEBUG main            d.u.i.k.p.i.IntermediateProofReplayer Proof replay took 236.45ms 
23062      DEBUG main            d.u.i.k.p.r.p.TestFile    ... success: reloaded. 
23064      INFO  main            d.u.i.k.p.r.p.TestFile    Now processing file /home/runner/work/key/key/key.core/../key.ui/examples/heap/javacard/setArray2.key 
23064      INFO  main            d.u.i.k.p.i.AbstractProblemLoader Loading environment from /home/runner/work/key/key/key.core/../key.ui/examples/heap/javacard/setArray2.key 
23065      DEBUG main            d.u.i.k.p.i.AbstractProblemLoader Environment load took 254.3ns 
23066      INFO  main            d.u.i.k.p.i.AbstractProblemLoader Creating init config 
24930      DEBUG main            d.u.i.k.p.i.AbstractProblemLoader Init config took 1.86s 
24972      INFO  main            d.u.i.k.p.i.AbstractProblemLoader Replaying proof Examples[Examples::setArray2([B)].JML normal_behavior operation contract.0 
24974      DEBUG main            d.u.i.k.p.i.IntermediateProofReplayer Proof replay took 7.4ns 
26208      INFO  main            d.u.i.k.p.r.p.TestFile    ... finished proof: closed. 
26359      INFO  main            d.u.i.k.p.i.AbstractProblemLoader Loading environment from /home/runner/work/key/key/key.core/../key.ui/examples/heap/javacard/setArray2.key.proof 
26364      DEBUG main            d.u.i.k.p.i.AbstractProblemLoader Environment load took 4.15ms 
26365      INFO  main            d.u.i.k.p.i.AbstractProblemLoader Creating init config 
28185      DEBUG main            d.u.i.k.p.i.AbstractProblemLoader Init config took 1.82s 
28226      INFO  main            d.u.i.k.p.i.AbstractProblemLoader Replaying proof Examples[Examples::setArray2([B)].JML normal_behavior operation contract.0 
28473      DEBUG main            d.u.i.k.p.i.IntermediateProofReplayer Proof replay took 240.46ms 
28476      DEBUG main            d.u.i.k.p.r.p.TestFile    ... success: reloaded. 
28478      INFO  main            d.u.i.k.p.r.p.TestFile    Now processing file /home/runner/work/key/key/key.core/../key.ui/examples/heap/javacard/arrayFillNonAtomic.key 
28479      INFO  main            d.u.i.k.p.i.AbstractProblemLoader Loading environment from /home/runner/work/key/key/key.core/../key.ui/examples/heap/javacard/arrayFillNonAtomic.key 
28479      DEBUG main            d.u.i.k.p.i.AbstractProblemLoader Environment load took 332.81ns 
28481      INFO  main            d.u.i.k.p.i.AbstractProblemLoader Creating init config 
30259      DEBUG main            d.u.i.k.p.i.AbstractProblemLoader Init config took 1.78s 
30321      INFO  main            d.u.i.k.p.i.AbstractProblemLoader Replaying proof javacard.framework.Util[javacard.framework.Util::arrayFillNonAtomic([B,short,short,byte)].JML behavior operation contract.0.transaction_inactive 
30324      DEBUG main            d.u.i.k.p.i.IntermediateProofReplayer Proof replay took 6.4ns 
31277      DEBUG Thread-13       d.u.i.k.l.o.ProgramSV     Match failed: Former match of  SchemaVariable incompatible with  the current match. 
31278      DEBUG Thread-13       d.u.i.k.l.o.ProgramSV     Match failed: Former match of  SchemaVariable incompatible with  the current match. 
32831      DEBUG Thread-13       d.u.i.k.l.o.ProgramSV     Match failed: Former match of  SchemaVariable incompatible with  the current match. 
32831      DEBUG Thread-13       d.u.i.k.l.o.ProgramSV     Match failed: Former match of  SchemaVariable incompatible with  the current match. 
34688      INFO  main            d.u.i.k.p.r.p.TestFile    ... finished proof: closed. 
34863      INFO  main            d.u.i.k.p.i.AbstractProblemLoader Loading environment from /home/runner/work/key/key/key.core/../key.ui/examples/heap/javacard/arrayFillNonAtomic.key.proof 
34863      DEBUG main            d.u.i.k.p.i.AbstractProblemLoader Environment load took 492.51ns 
34866      INFO  main            d.u.i.k.p.i.AbstractProblemLoader Creating init config 
36667      DEBUG main            d.u.i.k.p.i.AbstractProblemLoader Init config took 1.8s 
36724      INFO  main            d.u.i.k.p.i.AbstractProblemLoader Replaying proof javacard.framework.Util[javacard.framework.Util::arrayFillNonAtomic([B,short,short,byte)].JML behavior operation contract.0.transaction_inactive 
37873      DEBUG main            d.u.i.k.p.i.IntermediateProofReplayer Proof replay took 1.11s 
37874      DEBUG main            d.u.i.k.p.r.p.TestFile    ... success: reloaded. 
37875      INFO  main            d.u.i.k.p.r.p.TestFile    Now processing file /home/runner/work/key/key/key.core/../key.ui/examples/heap/coincidence_count/project.key 
37875      INFO  main            d.u.i.k.p.i.AbstractProblemLoader Loading environment from /home/runner/work/key/key/key.core/../key.ui/examples/heap/coincidence_count/project.key 
37876      DEBUG main            d.u.i.k.p.i.AbstractProblemLoader Environment load took 400.9ns 
37879      INFO  main            d.u.i.k.p.i.AbstractProblemLoader Creating init config 
41860      DEBUG main            d.u.i.k.p.i.AbstractProblemLoader Init config took 3.98s 
41908      INFO  main            d.u.i.k.p.i.AbstractProblemLoader Replaying proof CC[CC::calcCoinIndex([I,[I)].JML normal_behavior operation contract.0 
41912      DEBUG main            d.u.i.k.p.i.IntermediateProofReplayer Proof replay took 12.3ns 
62283      INFO  main            d.u.i.k.p.r.p.TestFile    ... finished proof: closed. 
62625      INFO  main            d.u.i.k.p.i.AbstractProblemLoader Loading environment from /home/runner/work/key/key/key.core/../key.ui/examples/heap/coincidence_count/project.key.proof 
62626      DEBUG main            d.u.i.k.p.i.AbstractProblemLoader Environment load took 536.91ns 
62630      INFO  main            d.u.i.k.p.i.AbstractProblemLoader Creating init config 
65915      DEBUG main            d.u.i.k.p.i.AbstractProblemLoader Init config took 3.28s 
65966      INFO  main            d.u.i.k.p.i.AbstractProblemLoader Replaying proof CC[CC::calcCoinIndex([I,[I)].JML normal_behavior operation contract.0 
67310      DEBUG main            d.u.i.k.p.i.IntermediateProofReplayer Proof replay took 1.26s 
67314      DEBUG main            d.u.i.k.p.r.p.TestFile    ... success: reloaded. 
67315      INFO  main            d.u.i.k.p.r.p.TestFile    Now processing file /home/runner/work/key/key/key.core/../key.ui/examples/heap/verifyThis11_1_Maximum/project.key 
67316      INFO  main            d.u.i.k.p.i.AbstractProblemLoader Loading environment from /home/runner/work/key/key/key.core/../key.ui/examples/heap/verifyThis11_1_Maximum/project.key 
67316      DEBUG main            d.u.i.k.p.i.AbstractProblemLoader Environment load took 296.4ns 
67317      INFO  main            d.u.i.k.p.i.AbstractProblemLoader Creating init config 
70726      DEBUG main            d.u.i.k.p.i.AbstractProblemLoader Init config took 3.41s 
70772      INFO  main            d.u.i.k.p.i.AbstractProblemLoader Replaying proof Maximum[Maximum::maxIndex([I)].JML normal_behavior operation contract.0 
70774      DEBUG main            d.u.i.k.p.i.IntermediateProofReplayer Proof replay took 7ns 
71880      INFO  main            d.u.i.k.p.r.p.TestFile    ... finished proof: closed. 
72189      INFO  main            d.u.i.k.p.i.AbstractProblemLoader Loading environment from /home/runner/work/key/key/key.core/../key.ui/examples/heap/verifyThis11_1_Maximum/project.key.proof 
72190      DEBUG main            d.u.i.k.p.i.AbstractProblemLoader Environment load took 539.51ns 
72191      INFO  main            d.u.i.k.p.i.AbstractProblemLoader Creating init config 
75436      DEBUG main            d.u.i.k.p.i.AbstractProblemLoader Init config took 3.24s 
75494      INFO  main            d.u.i.k.p.i.AbstractProblemLoader Replaying proof Maximum[Maximum::maxIndex([I)].JML normal_behavior operation contract.0 
75735      DEBUG main            d.u.i.k.p.i.IntermediateProofReplayer Proof replay took 232.72ms 
75736      DEBUG main            d.u.i.k.p.r.p.TestFile    ... success: reloaded. 
75737      INFO  main            d.u.i.k.p.r.p.TestFile    Now processing file /home/runner/work/key/key/key.core/../key.ui/examples/heap/fm12_01_LRS/lcp.key 
75738      INFO  main            d.u.i.k.p.i.AbstractProblemLoader Loading environment from /home/runner/work/key/key/key.core/../key.ui/examples/heap/fm12_01_LRS/lcp.key 
75738      DEBUG main            d.u.i.k.p.i.AbstractProblemLoader Environment load took 308.2ns 
75739      INFO  main            d.u.i.k.p.i.AbstractProblemLoader Creating init config 
79899      DEBUG main            d.u.i.k.p.i.AbstractProblemLoader Init config took 4.16s 
79963      INFO  main            d.u.i.k.p.i.AbstractProblemLoader Replaying proof LCP[LCP::lcp([I,int,int)].JML normal_behavior operation contract.0 
79966      DEBUG main            d.u.i.k.p.i.IntermediateProofReplayer Proof replay took 5.8ns 
81099      INFO  main            d.u.i.k.p.r.p.TestFile    ... finished proof: closed. 
81408      INFO  main            d.u.i.k.p.i.AbstractProblemLoader Loading environment from /home/runner/work/key/key/key.core/../key.ui/examples/heap/fm12_01_LRS/lcp.key.proof 
81410      DEBUG main            d.u.i.k.p.i.AbstractProblemLoader Environment load took 2.65ms 
81412      INFO  main            d.u.i.k.p.i.AbstractProblemLoader Creating init config 
85310      DEBUG main            d.u.i.k.p.i.AbstractProblemLoader Init config took 3.9s 
85388      INFO  main            d.u.i.k.p.i.AbstractProblemLoader Replaying proof LCP[LCP::lcp([I,int,int)].JML normal_behavior operation contract.0 
85694      DEBUG main            d.u.i.k.p.i.IntermediateProofReplayer Proof replay took 297.47ms 
85696      DEBUG main            d.u.i.k.p.r.p.TestFile    ... success: reloaded. 
85698      INFO  main            d.u.i.k.p.r.p.TestFile    Now processing file /home/runner/work/key/key/key.core/../key.ui/examples/heap/SemanticSlicing/project.key 
85699      INFO  main            d.u.i.k.p.i.AbstractProblemLoader Loading environment from /home/runner/work/key/key/key.core/../key.ui/examples/heap/SemanticSlicing/project.key 
85699      DEBUG main            d.u.i.k.p.i.AbstractProblemLoader Environment load took 273.5ns 
85706      INFO  main            d.u.i.k.p.i.AbstractProblemLoader Creating init config 
89396      DEBUG main            d.u.i.k.p.i.AbstractProblemLoader Init config took 3.69s 
89489      INFO  main            d.u.i.k.p.i.AbstractProblemLoader Replaying proof unsatcore_after.competition.postcond5.scope333.LRS[unsatcore_after.competition.postcond5.scope333.LRS::doLRS()].JML operation contract.0 
89492      DEBUG main            d.u.i.k.p.i.IntermediateProofReplayer Proof replay took 9.3ns 
94454      INFO  main            d.u.i.k.p.r.p.TestFile    ... finished proof: closed. 
94794      INFO  main            d.u.i.k.p.i.AbstractProblemLoader Loading environment from /home/runner/work/key/key/key.core/../key.ui/examples/heap/SemanticSlicing/project.key.proof 
94795      DEBUG main            d.u.i.k.p.i.AbstractProblemLoader Environment load took 165.2ns 
94801      INFO  main            d.u.i.k.p.i.AbstractProblemLoader Creating init config 
98402      DEBUG main            d.u.i.k.p.i.AbstractProblemLoader Init config took 3.6s 
98463      INFO  main            d.u.i.k.p.i.AbstractProblemLoader Replaying proof unsatcore_after.competition.postcond5.scope333.LRS[unsatcore_after.competition.postcond5.scope333.LRS::doLRS()].JML operation contract.0 
99549      DEBUG main            d.u.i.k.p.i.IntermediateProofReplayer Proof replay took 1.07s 
99550      DEBUG main            d.u.i.k.p.r.p.TestFile    ... success: reloaded. 
99551      INFO  main            d.u.i.k.p.r.p.TestFile    Now processing file /home/runner/work/key/key/key.core/../key.ui/examples/heap/information_flow/ArrayList_contains.key 
99552      INFO  main            d.u.i.k.p.i.AbstractProblemLoader Loading environment from /home/runner/work/key/key/key.core/../key.ui/examples/heap/information_flow/ArrayList_contains.key 
99552      DEBUG main            d.u.i.k.p.i.AbstractProblemLoader Environment load took 156.4ns 
99553      INFO  main            d.u.i.k.p.i.AbstractProblemLoader Creating init config 
103376     DEBUG main            d.u.i.k.p.i.AbstractProblemLoader Init config took 3.82s 
103429     INFO  main            d.u.i.k.p.i.AbstractProblemLoader Replaying proof ArrayList[ArrayList::get(int)].JML normal_behavior operation contract.0 
103430     DEBUG main            d.u.i.k.p.i.IntermediateProofReplayer Proof replay took 7.6ns 
103835     INFO  main            d.u.i.k.p.r.p.TestFile    ... finished proof: closed. 
104253     INFO  main            d.u.i.k.p.i.AbstractProblemLoader Loading environment from /home/runner/work/key/key/key.core/../key.ui/examples/heap/information_flow/ArrayList_contains.key.proof 
104254     DEBUG main            d.u.i.k.p.i.AbstractProblemLoader Environment load took 639.71ns 
104256     INFO  main            d.u.i.k.p.i.AbstractProblemLoader Creating init config 
107863     DEBUG main            d.u.i.k.p.i.AbstractProblemLoader Init config took 3.61s 
107910     INFO  main            d.u.i.k.p.i.AbstractProblemLoader Replaying proof ArrayList[ArrayList::get(int)].JML normal_behavior operation contract.0 
107987     DEBUG main            d.u.i.k.p.i.IntermediateProofReplayer Proof replay took 73.23ms 
107988     DEBUG main            d.u.i.k.p.r.p.TestFile    ... success: reloaded. 
107989     INFO  main            d.u.i.k.p.r.p.TestFile    Now processing file /home/runner/work/key/key/key.core/../key.ui/examples/heap/information_flow/ArrayList_get.key 
107989     INFO  main            d.u.i.k.p.i.AbstractProblemLoader Loading environment from /home/runner/work/key/key/key.core/../key.ui/examples/heap/information_flow/ArrayList_get.key 
107989     DEBUG main            d.u.i.k.p.i.AbstractProblemLoader Environment load took 132ns 
107991     INFO  main            d.u.i.k.p.i.AbstractProblemLoader Creating init config 
111753     DEBUG main            d.u.i.k.p.i.AbstractProblemLoader Init config took 3.76s 
111807     INFO  main            d.u.i.k.p.i.AbstractProblemLoader Replaying proof ArrayList[ArrayList::contains(java.lang.Object)].JML normal_behavior operation contract.0 
111809     DEBUG main            d.u.i.k.p.i.IntermediateProofReplayer Proof replay took 7.3ns 
112814     INFO  main            d.u.i.k.p.r.p.TestFile    ... finished proof: closed. 
113167     INFO  main            d.u.i.k.p.i.AbstractProblemLoader Loading environment from /home/runner/work/key/key/key.core/../key.ui/examples/heap/information_flow/ArrayList_get.key.proof 
113168     DEBUG main            d.u.i.k.p.i.AbstractProblemLoader Environment load took 533.61ns 
113169     INFO  main            d.u.i.k.p.i.AbstractProblemLoader Creating init config 
116783     DEBUG main            d.u.i.k.p.i.AbstractProblemLoader Init config took 3.61s 
116839     INFO  main            d.u.i.k.p.i.AbstractProblemLoader Replaying proof ArrayList[ArrayList::contains(java.lang.Object)].JML normal_behavior operation contract.0 
117083     DEBUG main            d.u.i.k.p.i.IntermediateProofReplayer Proof replay took 234.78ms 
117084     DEBUG main            d.u.i.k.p.r.p.TestFile    ... success: reloaded. 
117085     INFO  main            d.u.i.k.p.r.p.TestFile    Now processing file /home/runner/work/key/key/key.core/../key.ui/examples/heap/information_flow/ArrayList_size.key 
117086     INFO  main            d.u.i.k.p.i.AbstractProblemLoader Loading environment from /home/runner/work/key/key/key.core/../key.ui/examples/heap/information_flow/ArrayList_size.key 
117086     DEBUG main            d.u.i.k.p.i.AbstractProblemLoader Environment load took 271.1ns 
117087     INFO  main            d.u.i.k.p.i.AbstractProblemLoader Creating init config 
120807     DEBUG main            d.u.i.k.p.i.AbstractProblemLoader Init config took 3.72s 
120852     INFO  main            d.u.i.k.p.i.AbstractProblemLoader Replaying proof ArrayList[ArrayList::size()].JML normal_behavior operation contract.0 
120854     DEBUG main            d.u.i.k.p.i.IntermediateProofReplayer Proof replay took 6.4ns 
120956     INFO  main            d.u.i.k.p.r.p.TestFile    ... finished proof: closed. 
121277     INFO  main            d.u.i.k.p.i.AbstractProblemLoader Loading environment from /home/runner/work/key/key/key.core/../key.ui/examples/heap/information_flow/ArrayList_size.key.proof 
121278     DEBUG main            d.u.i.k.p.i.AbstractProblemLoader Environment load took 127ns 
121279     INFO  main            d.u.i.k.p.i.AbstractProblemLoader Creating init config 
124949     DEBUG main            d.u.i.k.p.i.AbstractProblemLoader Init config took 3.67s 
124998     INFO  main            d.u.i.k.p.i.AbstractProblemLoader Replaying proof ArrayList[ArrayList::size()].JML normal_behavior operation contract.0 
125020     DEBUG main            d.u.i.k.p.i.IntermediateProofReplayer Proof replay took 19.64ms 
125021     DEBUG main            d.u.i.k.p.r.p.TestFile    ... success: reloaded. 
125022     INFO  main            d.u.i.k.p.r.p.TestFile    Now processing file /home/runner/work/key/key/key.core/../key.ui/examples/heap/information_flow/UpdateAbstraction_ex7_3_secure.key 
125022     INFO  main            d.u.i.k.p.i.AbstractProblemLoader Loading environment from /home/runner/work/key/key/key.core/../key.ui/examples/heap/information_flow/UpdateAbstraction_ex7_3_secure.key 
125023     DEBUG main            d.u.i.k.p.i.AbstractProblemLoader Environment load took 278.7ns 
125024     INFO  main            d.u.i.k.p.i.AbstractProblemLoader Creating init config 
128693     DEBUG main            d.u.i.k.p.i.AbstractProblemLoader Init config took 3.67s 
128738     INFO  main            d.u.i.k.p.i.AbstractProblemLoader Replaying proof UpdateAbstraction[UpdateAbstraction::ex7_3_secure()].JML operation contract.0 
128739     DEBUG main            d.u.i.k.p.i.IntermediateProofReplayer Proof replay took 6.9ns 
128942     INFO  main            d.u.i.k.p.r.p.TestFile    ... finished proof: closed. 
129270     INFO  main            d.u.i.k.p.i.AbstractProblemLoader Loading environment from /home/runner/work/key/key/key.core/../key.ui/examples/heap/information_flow/UpdateAbstraction_ex7_3_secure.key.proof 
129270     DEBUG main            d.u.i.k.p.i.AbstractProblemLoader Environment load took 123.3ns 
129272     INFO  main            d.u.i.k.p.i.AbstractProblemLoader Creating init config 
132857     DEBUG main            d.u.i.k.p.i.AbstractProblemLoader Init config took 3.59s 
132898     INFO  main            d.u.i.k.p.i.AbstractProblemLoader Replaying proof UpdateAbstraction[UpdateAbstraction::ex7_3_secure()].JML operation contract.0 
132938     DEBUG main            d.u.i.k.p.i.IntermediateProofReplayer Proof replay took 37.91ms 
132939     DEBUG main            d.u.i.k.p.r.p.TestFile    ... success: reloaded. 
132940     INFO  main            d.u.i.k.p.r.p.TestFile    Now processing file /home/runner/work/key/key/key.core/../key.ui/examples/heap/information_flow/UpdateAbstraction_ex7_4_secure.key 
132940     INFO  main            d.u.i.k.p.i.AbstractProblemLoader Loading environment from /home/runner/work/key/key/key.core/../key.ui/examples/heap/information_flow/UpdateAbstraction_ex7_4_secure.key 
132941     DEBUG main            d.u.i.k.p.i.AbstractProblemLoader Environment load took 104.1ns 
132941     INFO  main            d.u.i.k.p.i.AbstractProblemLoader Creating init config 
136536     DEBUG main            d.u.i.k.p.i.AbstractProblemLoader Init config took 3.59s 
136577     INFO  main            d.u.i.k.p.i.AbstractProblemLoader Replaying proof UpdateAbstraction[UpdateAbstraction::ex7_4_secure()].JML operation contract.0 
136579     DEBUG main            d.u.i.k.p.i.IntermediateProofReplayer Proof replay took 6.8ns 
136782     INFO  main            d.u.i.k.p.r.p.TestFile    ... finished proof: closed. 
137166     INFO  main            d.u.i.k.p.i.AbstractProblemLoader Loading environment from /home/runner/work/key/key/key.core/../key.ui/examples/heap/information_flow/UpdateAbstraction_ex7_4_secure.key.proof 
137166     DEBUG main            d.u.i.k.p.i.AbstractProblemLoader Environment load took 134.6ns 
137167     INFO  main            d.u.i.k.p.i.AbstractProblemLoader Creating init config 
140720     DEBUG main            d.u.i.k.p.i.AbstractProblemLoader Init config took 3.55s 
140759     INFO  main            d.u.i.k.p.i.AbstractProblemLoader Replaying proof UpdateAbstraction[UpdateAbstraction::ex7_4_secure()].JML operation contract.0 
140820     DEBUG main            d.u.i.k.p.i.IntermediateProofReplayer Proof replay took 58.24ms 
140821     DEBUG main            d.u.i.k.p.r.p.TestFile    ... success: reloaded. 
140822     INFO  main            d.u.i.k.p.r.p.TestFile    Now processing file /home/runner/work/key/key/key.core/../key.ui/examples/heap/information_flow/UpdateAbstraction_ex7_5_secure.key 
140822     INFO  main            d.u.i.k.p.i.AbstractProblemLoader Loading environment from /home/runner/work/key/key/key.core/../key.ui/examples/heap/information_flow/UpdateAbstraction_ex7_5_secure.key 
140822     DEBUG main            d.u.i.k.p.i.AbstractProblemLoader Environment load took 132.8ns 
140823     INFO  main            d.u.i.k.p.i.AbstractProblemLoader Creating init config 
144302     DEBUG main            d.u.i.k.p.i.AbstractProblemLoader Init config took 3.48s 
144342     INFO  main            d.u.i.k.p.i.AbstractProblemLoader Replaying proof UpdateAbstraction[UpdateAbstraction::ex7_5_secure()].JML operation contract.0 
144343     DEBUG main            d.u.i.k.p.i.IntermediateProofReplayer Proof replay took 6.3ns 
144445     INFO  main            d.u.i.k.p.r.p.TestFile    ... finished proof: closed. 
144780     INFO  main            d.u.i.k.p.i.AbstractProblemLoader Loading environment from /home/runner/work/key/key/key.core/../key.ui/examples/heap/information_flow/UpdateAbstraction_ex7_5_secure.key.proof 
144780     DEBUG main            d.u.i.k.p.i.AbstractProblemLoader Environment load took 129.4ns 
144781     INFO  main            d.u.i.k.p.i.AbstractProblemLoader Creating init config 
148257     DEBUG main            d.u.i.k.p.i.AbstractProblemLoader Init config took 3.48s 
148296     INFO  main            d.u.i.k.p.i.AbstractProblemLoader Replaying proof UpdateAbstraction[UpdateAbstraction::ex7_5_secure()].JML operation contract.0 
148338     DEBUG main            d.u.i.k.p.i.IntermediateProofReplayer Proof replay took 40.2ms 
148339     DEBUG main            d.u.i.k.p.r.p.TestFile    ... success: reloaded. 
148340     INFO  main            d.u.i.k.p.r.p.TestFile    Now processing file /home/runner/work/key/key/key.core/../key.ui/examples/heap/information_flow/UpdateAbstraction_ex7_6_secure.key 
148340     INFO  main            d.u.i.k.p.i.AbstractProblemLoader Loading environment from /home/runner/work/key/key/key.core/../key.ui/examples/heap/information_flow/UpdateAbstraction_ex7_6_secure.key 
148340     DEBUG main            d.u.i.k.p.i.AbstractProblemLoader Environment load took 107.1ns 
148342     INFO  main            d.u.i.k.p.i.AbstractProblemLoader Creating init config 
151782     DEBUG main            d.u.i.k.p.i.AbstractProblemLoader Init config took 3.44s 
151824     INFO  main            d.u.i.k.p.i.AbstractProblemLoader Replaying proof UpdateAbstraction[UpdateAbstraction::ex7_6_secure()].JML operation contract.0 
151825     DEBUG main            d.u.i.k.p.i.IntermediateProofReplayer Proof replay took 6ns 
152127     INFO  main            d.u.i.k.p.r.p.TestFile    ... finished proof: closed. 
152467     INFO  main            d.u.i.k.p.i.AbstractProblemLoader Loading environment from /home/runner/work/key/key/key.core/../key.ui/examples/heap/information_flow/UpdateAbstraction_ex7_6_secure.key.proof 
152467     DEBUG main            d.u.i.k.p.i.AbstractProblemLoader Environment load took 137.8ns 
152468     INFO  main            d.u.i.k.p.i.AbstractProblemLoader Creating init config 
155739     DEBUG main            d.u.i.k.p.i.AbstractProblemLoader Init config took 3.27s 
155779     INFO  main            d.u.i.k.p.i.AbstractProblemLoader Replaying proof UpdateAbstraction[UpdateAbstraction::ex7_6_secure()].JML operation contract.0 
155872     DEBUG main            d.u.i.k.p.i.IntermediateProofReplayer Proof replay took 90.17ms 
155873     DEBUG main            d.u.i.k.p.r.p.TestFile    ... success: reloaded. 
155874     INFO  main            d.u.i.k.p.r.p.TestFile    Now processing file /home/runner/work/key/key/key.core/../key.ui/examples/heap/information_flow/UpdateAbstraction_ex9_secure.key 
155874     INFO  main            d.u.i.k.p.i.AbstractProblemLoader Loading environment from /home/runner/work/key/key/key.core/../key.ui/examples/heap/information_flow/UpdateAbstraction_ex9_secure.key 
155874     DEBUG main            d.u.i.k.p.i.AbstractProblemLoader Environment load took 107.2ns 
155875     INFO  main            d.u.i.k.p.i.AbstractProblemLoader Creating init config 
159279     DEBUG main            d.u.i.k.p.i.AbstractProblemLoader Init config took 3.4s 
159319     INFO  main            d.u.i.k.p.i.AbstractProblemLoader Replaying proof UpdateAbstraction[UpdateAbstraction::ex9_secure()].JML operation contract.0 
159320     DEBUG main            d.u.i.k.p.i.IntermediateProofReplayer Proof replay took 6.4ns 
160353     INFO  main            d.u.i.k.p.r.p.TestFile    ... finished proof: closed. 
160730     INFO  main            d.u.i.k.p.i.AbstractProblemLoader Loading environment from /home/runner/work/key/key/key.core/../key.ui/examples/heap/information_flow/UpdateAbstraction_ex9_secure.key.proof 
160731     DEBUG main            d.u.i.k.p.i.AbstractProblemLoader Environment load took 611.71ns 
160732     INFO  main            d.u.i.k.p.i.AbstractProblemLoader Creating init config 
164202     DEBUG main            d.u.i.k.p.i.AbstractProblemLoader Init config took 3.47s 
164247     INFO  main            d.u.i.k.p.i.AbstractProblemLoader Replaying proof UpdateAbstraction[UpdateAbstraction::ex9_secure()].JML operation contract.0 
164511     DEBUG main            d.u.i.k.p.i.IntermediateProofReplayer Proof replay took 258.18ms 
164513     DEBUG main            d.u.i.k.p.r.p.TestFile    ... success: reloaded. 
1005655    INFO  Test worker     d.u.i.k.p.r.RunAllProofsTestUnit Returning from test javaCard 
1005657    INFO  Test worker     d.u.i.k.p.r.RunAllProofsTestUnit Running test list 
456        INFO  Timeout watchdog d.u.i.k.p.r.p.ForkedTestFileRunner Timeout watcher launched (2000 secs.) 
479        WARN  main            d.u.i.k.s.ProofSettings   The settings in /home/runner/.key/proof-settings.props are *not* read. 
544        INFO  main            d.u.i.k.p.r.p.TestFile    Now processing file /home/runner/work/key/key/key.core/../key.ui/examples/heap/list/ArrayList_add.key 
678        INFO  main            d.u.i.k.p.i.AbstractProblemLoader Loading environment from /home/runner/work/key/key/key.core/../key.ui/examples/heap/list/ArrayList_add.key 
698        DEBUG main            d.u.i.k.p.i.AbstractProblemLoader Environment load took 2.6ms 
975        INFO  main            d.u.i.k.p.i.AbstractProblemLoader Creating init config 
2152       DEBUG main            d.u.i.k.j.TypeConverter   No LDT found for Meta 
2155       DEBUG main            d.u.i.k.j.TypeConverter   No LDT found for Meta 
2156       DEBUG main            d.u.i.k.j.TypeConverter   No LDT found for Meta 
2156       DEBUG main            d.u.i.k.j.TypeConverter   No LDT found for Meta 
3833       DEBUG main            d.u.i.k.j.TypeConverter   No LDT found for JavaBigintExpression 
7916       DEBUG main            d.u.i.k.j.r.ClassPreparationMethodBuilder clPrepBuilder: Inner Class detected. Reject building class initialisation methods. 
11367      DEBUG main            d.u.i.k.p.i.AbstractProblemLoader Init config took 10.39s 
11585      INFO  main            d.u.i.k.p.i.AbstractProblemLoader Replaying proof ArrayList[List::add(java.lang.Object)].JML normal_behavior operation contract.0 
11635      DEBUG main            d.u.i.k.p.i.IntermediateProofReplayer Proof replay took 48ns 
18898      INFO  main            d.u.i.k.p.r.p.TestFile    ... finished proof: closed. 
19148      INFO  main            d.u.i.k.p.i.AbstractProblemLoader Loading environment from /home/runner/work/key/key/key.core/../key.ui/examples/heap/list/ArrayList_add.key.proof 
19156      DEBUG main            d.u.i.k.p.i.AbstractProblemLoader Environment load took 8.45ms 
19166      INFO  main            d.u.i.k.p.i.AbstractProblemLoader Creating init config 
20560      DEBUG main            d.u.i.k.j.r.ClassPreparationMethodBuilder clPrepBuilder: Inner Class detected. Reject building class initialisation methods. 
23425      DEBUG main            d.u.i.k.p.i.AbstractProblemLoader Init config took 4.26s 
23528      INFO  main            d.u.i.k.p.i.AbstractProblemLoader Replaying proof ArrayList[List::add(java.lang.Object)].JML normal_behavior operation contract.0 
24902      DEBUG main            d.u.i.k.p.i.IntermediateProofReplayer Proof replay took 1.34s 
24915      DEBUG main            d.u.i.k.p.r.p.TestFile    ... success: reloaded. 
24918      INFO  main            d.u.i.k.p.r.p.TestFile    Now processing file /home/runner/work/key/key/key.core/../key.ui/examples/heap/list/ArrayList_ArrayList.key 
24919      INFO  main            d.u.i.k.p.i.AbstractProblemLoader Loading environment from /home/runner/work/key/key/key.core/../key.ui/examples/heap/list/ArrayList_ArrayList.key 
24919      DEBUG main            d.u.i.k.p.i.AbstractProblemLoader Environment load took 335.3ns 
24925      INFO  main            d.u.i.k.p.i.AbstractProblemLoader Creating init config 
26318      DEBUG main            d.u.i.k.j.r.ClassPreparationMethodBuilder clPrepBuilder: Inner Class detected. Reject building class initialisation methods. 
29164      DEBUG main            d.u.i.k.p.i.AbstractProblemLoader Init config took 4.24s 
29241      INFO  main            d.u.i.k.p.i.AbstractProblemLoader Replaying proof ArrayList[ArrayList::ArrayList()].JML normal_behavior operation contract.0 
29244      DEBUG main            d.u.i.k.p.i.IntermediateProofReplayer Proof replay took 5.4ns 
31064      INFO  main            d.u.i.k.p.r.p.TestFile    ... finished proof: closed. 
31298      INFO  main            d.u.i.k.p.i.AbstractProblemLoader Loading environment from /home/runner/work/key/key/key.core/../key.ui/examples/heap/list/ArrayList_ArrayList.key.proof 
31298      DEBUG main            d.u.i.k.p.i.AbstractProblemLoader Environment load took 508ns 
31300      INFO  main            d.u.i.k.p.i.AbstractProblemLoader Creating init config 
32521      DEBUG main            d.u.i.k.j.r.ClassPreparationMethodBuilder clPrepBuilder: Inner Class detected. Reject building class initialisation methods. 
35148      DEBUG main            d.u.i.k.p.i.AbstractProblemLoader Init config took 3.85s 
35219      INFO  main            d.u.i.k.p.i.AbstractProblemLoader Replaying proof ArrayList[ArrayList::ArrayList()].JML normal_behavior operation contract.0 
35593      DEBUG main            d.u.i.k.p.i.IntermediateProofReplayer Proof replay took 360.47ms 
35596      DEBUG main            d.u.i.k.p.r.p.TestFile    ... success: reloaded. 
35598      INFO  main            d.u.i.k.p.r.p.TestFile    Now processing file /home/runner/work/key/key/key.core/../key.ui/examples/heap/list/ArrayList_concatenate.key 
35599      INFO  main            d.u.i.k.p.i.AbstractProblemLoader Loading environment from /home/runner/work/key/key/key.core/../key.ui/examples/heap/list/ArrayList_concatenate.key 
35599      DEBUG main            d.u.i.k.p.i.AbstractProblemLoader Environment load took 267.4ns 
35602      INFO  main            d.u.i.k.p.i.AbstractProblemLoader Creating init config 
36892      DEBUG main            d.u.i.k.j.r.ClassPreparationMethodBuilder clPrepBuilder: Inner Class detected. Reject building class initialisation methods. 
39616      DEBUG main            d.u.i.k.p.i.AbstractProblemLoader Init config took 4.01s 
39699      INFO  main            d.u.i.k.p.i.AbstractProblemLoader Replaying proof ArrayList[List::concatenate(List)].JML normal_behavior operation contract.0 
39701      DEBUG main            d.u.i.k.p.i.IntermediateProofReplayer Proof replay took 5.5ns 
71937      INFO  main            d.u.i.k.p.r.p.TestFile    ... finished proof: closed. 
72229      INFO  main            d.u.i.k.p.i.AbstractProblemLoader Loading environment from /home/runner/work/key/key/key.core/../key.ui/examples/heap/list/ArrayList_concatenate.key.proof 
72229      DEBUG main            d.u.i.k.p.i.AbstractProblemLoader Environment load took 604.81ns 
72238      INFO  main            d.u.i.k.p.i.AbstractProblemLoader Creating init config 
73438      DEBUG main            d.u.i.k.j.r.ClassPreparationMethodBuilder clPrepBuilder: Inner Class detected. Reject building class initialisation methods. 
76099      DEBUG main            d.u.i.k.p.i.AbstractProblemLoader Init config took 3.86s 
76190      INFO  main            d.u.i.k.p.i.AbstractProblemLoader Replaying proof ArrayList[List::concatenate(List)].JML normal_behavior operation contract.0 
79176      DEBUG main            d.u.i.k.p.i.IntermediateProofReplayer Proof replay took 2.89s 
79183      DEBUG main            d.u.i.k.p.r.p.TestFile    ... success: reloaded. 
79184      INFO  main            d.u.i.k.p.r.p.TestFile    Now processing file /home/runner/work/key/key/key.core/../key.ui/examples/heap/list/ArrayList_contains_dep.key 
79185      INFO  main            d.u.i.k.p.i.AbstractProblemLoader Loading environment from /home/runner/work/key/key/key.core/../key.ui/examples/heap/list/ArrayList_contains_dep.key 
79185      DEBUG main            d.u.i.k.p.i.AbstractProblemLoader Environment load took 146.3ns 
79186      INFO  main            d.u.i.k.p.i.AbstractProblemLoader Creating init config 
80422      DEBUG main            d.u.i.k.j.r.ClassPreparationMethodBuilder clPrepBuilder: Inner Class detected. Reject building class initialisation methods. 
83119      DEBUG main            d.u.i.k.p.i.AbstractProblemLoader Init config took 3.93s 
83186      INFO  main            d.u.i.k.p.i.AbstractProblemLoader Replaying proof ArrayList[List::contains(java.lang.Object)].JML accessible clause.0 
83188      DEBUG main            d.u.i.k.p.i.IntermediateProofReplayer Proof replay took 6.1ns 
86851      INFO  main            d.u.i.k.p.r.p.TestFile    ... finished proof: closed. 
87151      INFO  main            d.u.i.k.p.i.AbstractProblemLoader Loading environment from /home/runner/work/key/key/key.core/../key.ui/examples/heap/list/ArrayList_contains_dep.key.proof 
87152      DEBUG main            d.u.i.k.p.i.AbstractProblemLoader Environment load took 625.01ns 
87155      INFO  main            d.u.i.k.p.i.AbstractProblemLoader Creating init config 
88329      DEBUG main            d.u.i.k.j.r.ClassPreparationMethodBuilder clPrepBuilder: Inner Class detected. Reject building class initialisation methods. 
90948      DEBUG main            d.u.i.k.p.i.AbstractProblemLoader Init config took 3.79s 
91023      INFO  main            d.u.i.k.p.i.AbstractProblemLoader Replaying proof ArrayList[List::contains(java.lang.Object)].JML accessible clause.0 
91642      DEBUG main            d.u.i.k.p.i.IntermediateProofReplayer Proof replay took 604.68ms 
91648      DEBUG main            d.u.i.k.p.r.p.TestFile    ... success: reloaded. 
91649      INFO  main            d.u.i.k.p.r.p.TestFile    Now processing file /home/runner/work/key/key/key.core/../key.ui/examples/heap/list/ArrayList_enlarge.key 
91650      INFO  main            d.u.i.k.p.i.AbstractProblemLoader Loading environment from /home/runner/work/key/key/key.core/../key.ui/examples/heap/list/ArrayList_enlarge.key 
91650      DEBUG main            d.u.i.k.p.i.AbstractProblemLoader Environment load took 169.4ns 
91651      INFO  main            d.u.i.k.p.i.AbstractProblemLoader Creating init config 
92897      DEBUG main            d.u.i.k.j.r.ClassPreparationMethodBuilder clPrepBuilder: Inner Class detected. Reject building class initialisation methods. 
95533      DEBUG main            d.u.i.k.p.i.AbstractProblemLoader Init config took 3.88s 
95594      INFO  main            d.u.i.k.p.i.AbstractProblemLoader Replaying proof ArrayList[ArrayList::enlarge()].JML normal_behavior operation contract.0 
95596      DEBUG main            d.u.i.k.p.i.IntermediateProofReplayer Proof replay took 6.4ns 
98575      INFO  main            d.u.i.k.p.r.p.TestFile    ... finished proof: closed. 
98798      INFO  main            d.u.i.k.p.i.AbstractProblemLoader Loading environment from /home/runner/work/key/key/key.core/../key.ui/examples/heap/list/ArrayList_enlarge.key.proof 
98798      DEBUG main            d.u.i.k.p.i.AbstractProblemLoader Environment load took 533.11ns 
98800      INFO  main            d.u.i.k.p.i.AbstractProblemLoader Creating init config 
99991      DEBUG main            d.u.i.k.j.r.ClassPreparationMethodBuilder clPrepBuilder: Inner Class detected. Reject building class initialisation methods. 
102613     DEBUG main            d.u.i.k.p.i.AbstractProblemLoader Init config took 3.81s 
102673     INFO  main            d.u.i.k.p.i.AbstractProblemLoader Replaying proof ArrayList[ArrayList::enlarge()].JML normal_behavior operation contract.0 
103193     DEBUG main            d.u.i.k.p.i.IntermediateProofReplayer Proof replay took 507.43ms 
103195     DEBUG main            d.u.i.k.p.r.p.TestFile    ... success: reloaded. 
103197     INFO  main            d.u.i.k.p.r.p.TestFile    Now processing file /home/runner/work/key/key/key.core/../key.ui/examples/heap/list/ArrayList_footprint.key 
103197     INFO  main            d.u.i.k.p.i.AbstractProblemLoader Loading environment from /home/runner/work/key/key/key.core/../key.ui/examples/heap/list/ArrayList_footprint.key 
103197     DEBUG main            d.u.i.k.p.i.AbstractProblemLoader Environment load took 292ns 
103199     INFO  main            d.u.i.k.p.i.AbstractProblemLoader Creating init config 
104449     DEBUG main            d.u.i.k.j.r.ClassPreparationMethodBuilder clPrepBuilder: Inner Class detected. Reject building class initialisation methods. 
107045     DEBUG main            d.u.i.k.p.i.AbstractProblemLoader Init config took 3.85s 
107099     INFO  main            d.u.i.k.p.i.AbstractProblemLoader Replaying proof List[List::$footprint()].JML accessible clause.0 
107101     DEBUG main            d.u.i.k.p.i.IntermediateProofReplayer Proof replay took 6.1ns 
107203     INFO  main            d.u.i.k.p.r.p.TestFile    ... finished proof: closed. 
107489     INFO  main            d.u.i.k.p.i.AbstractProblemLoader Loading environment from /home/runner/work/key/key/key.core/../key.ui/examples/heap/list/ArrayList_footprint.key.proof 
107489     DEBUG main            d.u.i.k.p.i.AbstractProblemLoader Environment load took 128.3ns 
107490     INFO  main            d.u.i.k.p.i.AbstractProblemLoader Creating init config 
108703     DEBUG main            d.u.i.k.j.r.ClassPreparationMethodBuilder clPrepBuilder: Inner Class detected. Reject building class initialisation methods. 
111290     DEBUG main            d.u.i.k.p.i.AbstractProblemLoader Init config took 3.8s 
111349     INFO  main            d.u.i.k.p.i.AbstractProblemLoader Replaying proof List[List::$footprint()].JML accessible clause.0 
111354     DEBUG main            d.u.i.k.p.i.IntermediateProofReplayer Proof replay took 1.39ms 
111356     DEBUG main            d.u.i.k.p.r.p.TestFile    ... success: reloaded. 
111358     INFO  main            d.u.i.k.p.r.p.TestFile    Now processing file /home/runner/work/key/key/key.core/../key.ui/examples/heap/list/ArrayList_get_dep.key 
111358     INFO  main            d.u.i.k.p.i.AbstractProblemLoader Loading environment from /home/runner/work/key/key/key.core/../key.ui/examples/heap/list/ArrayList_get_dep.key 
111359     DEBUG main            d.u.i.k.p.i.AbstractProblemLoader Environment load took 185.7ns 
111360     INFO  main            d.u.i.k.p.i.AbstractProblemLoader Creating init config 
112539     DEBUG main            d.u.i.k.j.r.ClassPreparationMethodBuilder clPrepBuilder: Inner Class detected. Reject building class initialisation methods. 
115093     DEBUG main            d.u.i.k.p.i.AbstractProblemLoader Init config took 3.73s 
115151     INFO  main            d.u.i.k.p.i.AbstractProblemLoader Replaying proof ArrayList[List::get(int)].JML accessible clause.0 
115153     DEBUG main            d.u.i.k.p.i.IntermediateProofReplayer Proof replay took 7.6ns 
115764     INFO  main            d.u.i.k.p.r.p.TestFile    ... finished proof: closed. 
115985     INFO  main            d.u.i.k.p.i.AbstractProblemLoader Loading environment from /home/runner/work/key/key/key.core/../key.ui/examples/heap/list/ArrayList_get_dep.key.proof 
115985     DEBUG main            d.u.i.k.p.i.AbstractProblemLoader Environment load took 513.21ns 
115987     INFO  main            d.u.i.k.p.i.AbstractProblemLoader Creating init config 
117181     DEBUG main            d.u.i.k.j.r.ClassPreparationMethodBuilder clPrepBuilder: Inner Class detected. Reject building class initialisation methods. 
119755     DEBUG main            d.u.i.k.p.i.AbstractProblemLoader Init config took 3.77s 
119811     INFO  main            d.u.i.k.p.i.AbstractProblemLoader Replaying proof ArrayList[List::get(int)].JML accessible clause.0 
119918     DEBUG main            d.u.i.k.p.i.IntermediateProofReplayer Proof replay took 102.76ms 
119919     DEBUG main            d.u.i.k.p.r.p.TestFile    ... success: reloaded. 
119921     INFO  main            d.u.i.k.p.r.p.TestFile    Now processing file /home/runner/work/key/key/key.core/../key.ui/examples/heap/list/ArrayList_get_exceptional.key 
119921     INFO  main            d.u.i.k.p.i.AbstractProblemLoader Loading environment from /home/runner/work/key/key/key.core/../key.ui/examples/heap/list/ArrayList_get_exceptional.key 
119921     DEBUG main            d.u.i.k.p.i.AbstractProblemLoader Environment load took 165.3ns 
119922     INFO  main            d.u.i.k.p.i.AbstractProblemLoader Creating init config 
121096     DEBUG main            d.u.i.k.j.r.ClassPreparationMethodBuilder clPrepBuilder: Inner Class detected. Reject building class initialisation methods. 
123656     DEBUG main            d.u.i.k.p.i.AbstractProblemLoader Init config took 3.73s 
123730     INFO  main            d.u.i.k.p.i.AbstractProblemLoader Replaying proof ArrayList[List::get(int)].JML exceptional_behavior operation contract.0 
123733     DEBUG main            d.u.i.k.p.i.IntermediateProofReplayer Proof replay took 6.1ns 
125365     INFO  main            d.u.i.k.p.r.p.TestFile    ... finished proof: closed. 
125613     INFO  main            d.u.i.k.p.i.AbstractProblemLoader Loading environment from /home/runner/work/key/key/key.core/../key.ui/examples/heap/list/ArrayList_get_exceptional.key.proof 
125613     DEBUG main            d.u.i.k.p.i.AbstractProblemLoader Environment load took 141.9ns 
125614     INFO  main            d.u.i.k.p.i.AbstractProblemLoader Creating init config 
126750     DEBUG main            d.u.i.k.j.r.ClassPreparationMethodBuilder clPrepBuilder: Inner Class detected. Reject building class initialisation methods. 
129360     DEBUG main            d.u.i.k.p.i.AbstractProblemLoader Init config took 3.75s 
129418     INFO  main            d.u.i.k.p.i.AbstractProblemLoader Replaying proof ArrayList[List::get(int)].JML exceptional_behavior operation contract.0 
129730     DEBUG main            d.u.i.k.p.i.IntermediateProofReplayer Proof replay took 303.64ms 
129732     DEBUG main            d.u.i.k.p.r.p.TestFile    ... success: reloaded. 
129733     INFO  main            d.u.i.k.p.r.p.TestFile    Now processing file /home/runner/work/key/key/key.core/../key.ui/examples/heap/list/ArrayList_get_normal.key 
129733     INFO  main            d.u.i.k.p.i.AbstractProblemLoader Loading environment from /home/runner/work/key/key/key.core/../key.ui/examples/heap/list/ArrayList_get_normal.key 
129733     DEBUG main            d.u.i.k.p.i.AbstractProblemLoader Environment load took 115.5ns 
129734     INFO  main            d.u.i.k.p.i.AbstractProblemLoader Creating init config 
130962     DEBUG main            d.u.i.k.j.r.ClassPreparationMethodBuilder clPrepBuilder: Inner Class detected. Reject building class initialisation methods. 
133572     DEBUG main            d.u.i.k.p.i.AbstractProblemLoader Init config took 3.84s 
133672     INFO  main            d.u.i.k.p.i.AbstractProblemLoader Replaying proof ArrayList[List::get(int)].JML normal_behavior operation contract.0 
133674     DEBUG main            d.u.i.k.p.i.IntermediateProofReplayer Proof replay took 6.4ns 
134178     INFO  main            d.u.i.k.p.r.p.TestFile    ... finished proof: closed. 
134436     INFO  main            d.u.i.k.p.i.AbstractProblemLoader Loading environment from /home/runner/work/key/key/key.core/../key.ui/examples/heap/list/ArrayList_get_normal.key.proof 
134436     DEBUG main            d.u.i.k.p.i.AbstractProblemLoader Environment load took 136.8ns 
134437     INFO  main            d.u.i.k.p.i.AbstractProblemLoader Creating init config 
135613     DEBUG main            d.u.i.k.j.r.ClassPreparationMethodBuilder clPrepBuilder: Inner Class detected. Reject building class initialisation methods. 
138155     DEBUG main            d.u.i.k.p.i.AbstractProblemLoader Init config took 3.72s 
138209     INFO  main            d.u.i.k.p.i.AbstractProblemLoader Replaying proof ArrayList[List::get(int)].JML normal_behavior operation contract.0 
138312     DEBUG main            d.u.i.k.p.i.IntermediateProofReplayer Proof replay took 98.85ms 
138313     DEBUG main            d.u.i.k.p.r.p.TestFile    ... success: reloaded. 
138314     INFO  main            d.u.i.k.p.r.p.TestFile    Now processing file /home/runner/work/key/key/key.core/../key.ui/examples/heap/list/ArrayList_inv.key 
138314     INFO  main            d.u.i.k.p.i.AbstractProblemLoader Loading environment from /home/runner/work/key/key/key.core/../key.ui/examples/heap/list/ArrayList_inv.key 
138315     DEBUG main            d.u.i.k.p.i.AbstractProblemLoader Environment load took 80.3ns 
138315     INFO  main            d.u.i.k.p.i.AbstractProblemLoader Creating init config 
139629     DEBUG main            d.u.i.k.j.r.ClassPreparationMethodBuilder clPrepBuilder: Inner Class detected. Reject building class initialisation methods. 
142292     DEBUG main            d.u.i.k.p.i.AbstractProblemLoader Init config took 3.98s 
142367     INFO  main            d.u.i.k.p.i.AbstractProblemLoader Replaying proof ArrayList[java.lang.Object::<inv>()].JML accessible clause.0 
142372     DEBUG main            d.u.i.k.p.i.IntermediateProofReplayer Proof replay took 6.6ns 
142875     INFO  main            d.u.i.k.p.r.p.TestFile    ... finished proof: closed. 
143149     INFO  main            d.u.i.k.p.i.AbstractProblemLoader Loading environment from /home/runner/work/key/key/key.core/../key.ui/examples/heap/list/ArrayList_inv.key.proof 
143150     DEBUG main            d.u.i.k.p.i.AbstractProblemLoader Environment load took 156.9ns 
143152     INFO  main            d.u.i.k.p.i.AbstractProblemLoader Creating init config 
144314     DEBUG main            d.u.i.k.j.r.ClassPreparationMethodBuilder clPrepBuilder: Inner Class detected. Reject building class initialisation methods. 
146871     DEBUG main            d.u.i.k.p.i.AbstractProblemLoader Init config took 3.72s 
146929     INFO  main            d.u.i.k.p.i.AbstractProblemLoader Replaying proof ArrayList[java.lang.Object::<inv>()].JML accessible clause.0 
146991     DEBUG main            d.u.i.k.p.i.IntermediateProofReplayer Proof replay took 57.84ms 
146992     DEBUG main            d.u.i.k.p.r.p.TestFile    ... success: reloaded. 
146993     INFO  main            d.u.i.k.p.r.p.TestFile    Now processing file /home/runner/work/key/key/key.core/../key.ui/examples/heap/list/ArrayList_iterator.key 
146994     INFO  main            d.u.i.k.p.i.AbstractProblemLoader Loading environment from /home/runner/work/key/key/key.core/../key.ui/examples/heap/list/ArrayList_iterator.key 
146994     DEBUG main            d.u.i.k.p.i.AbstractProblemLoader Environment load took 130.2ns 
146995     INFO  main            d.u.i.k.p.i.AbstractProblemLoader Creating init config 
148148     DEBUG main            d.u.i.k.j.r.ClassPreparationMethodBuilder clPrepBuilder: Inner Class detected. Reject building class initialisation methods. 
150645     DEBUG main            d.u.i.k.p.i.AbstractProblemLoader Init config took 3.65s 
150700     INFO  main            d.u.i.k.p.i.AbstractProblemLoader Replaying proof ArrayList[List::iterator()].JML normal_behavior operation contract.0 
150702     DEBUG main            d.u.i.k.p.i.IntermediateProofReplayer Proof replay took 6.3ns 
151407     INFO  main            d.u.i.k.p.r.p.TestFile    ... finished proof: closed. 
151688     INFO  main            d.u.i.k.p.i.AbstractProblemLoader Loading environment from /home/runner/work/key/key/key.core/../key.ui/examples/heap/list/ArrayList_iterator.key.proof 
151688     DEBUG main            d.u.i.k.p.i.AbstractProblemLoader Environment load took 204.1ns 
151690     INFO  main            d.u.i.k.p.i.AbstractProblemLoader Creating init config 
152899     DEBUG main            d.u.i.k.j.r.ClassPreparationMethodBuilder clPrepBuilder: Inner Class detected. Reject building class initialisation methods. 
155447     DEBUG main            d.u.i.k.p.i.AbstractProblemLoader Init config took 3.76s 
155507     INFO  main            d.u.i.k.p.i.AbstractProblemLoader Replaying proof ArrayList[List::iterator()].JML normal_behavior operation contract.0 
155618     DEBUG main            d.u.i.k.p.i.IntermediateProofReplayer Proof replay took 105.72ms 
155620     DEBUG main            d.u.i.k.p.r.p.TestFile    ... success: reloaded. 
155622     INFO  main            d.u.i.k.p.r.p.TestFile    Now processing file /home/runner/work/key/key/key.core/../key.ui/examples/heap/list/ArrayList_size_dep.key 
155623     INFO  main            d.u.i.k.p.i.AbstractProblemLoader Loading environment from /home/runner/work/key/key/key.core/../key.ui/examples/heap/list/ArrayList_size_dep.key 
155623     DEBUG main            d.u.i.k.p.i.AbstractProblemLoader Environment load took 272.5ns 
155625     INFO  main            d.u.i.k.p.i.AbstractProblemLoader Creating init config 
156859     DEBUG main            d.u.i.k.j.r.ClassPreparationMethodBuilder clPrepBuilder: Inner Class detected. Reject building class initialisation methods. 
159420     DEBUG main            d.u.i.k.p.i.AbstractProblemLoader Init config took 3.8s 
159472     INFO  main            d.u.i.k.p.i.AbstractProblemLoader Replaying proof ArrayList[List::size()].JML accessible clause.0 
159474     DEBUG main            d.u.i.k.p.i.IntermediateProofReplayer Proof replay took 6.2ns 
159676     INFO  main            d.u.i.k.p.r.p.TestFile    ... finished proof: closed. 
159940     INFO  main            d.u.i.k.p.i.AbstractProblemLoader Loading environment from /home/runner/work/key/key/key.core/../key.ui/examples/heap/list/ArrayList_size_dep.key.proof 
159940     DEBUG main            d.u.i.k.p.i.AbstractProblemLoader Environment load took 169.2ns 
159942     INFO  main            d.u.i.k.p.i.AbstractProblemLoader Creating init config 
161116     DEBUG main            d.u.i.k.j.r.ClassPreparationMethodBuilder clPrepBuilder: Inner Class detected. Reject building class initialisation methods. 
163640     DEBUG main            d.u.i.k.p.i.AbstractProblemLoader Init config took 3.7s 
163705     INFO  main            d.u.i.k.p.i.AbstractProblemLoader Replaying proof ArrayList[List::size()].JML accessible clause.0 
163740     DEBUG main            d.u.i.k.p.i.IntermediateProofReplayer Proof replay took 32.51ms 
163741     DEBUG main            d.u.i.k.p.r.p.TestFile    ... success: reloaded. 
163743     INFO  main            d.u.i.k.p.r.p.TestFile    Now processing file /home/runner/work/key/key/key.core/../key.ui/examples/heap/list/ArrayList_size.key 
163743     INFO  main            d.u.i.k.p.i.AbstractProblemLoader Loading environment from /home/runner/work/key/key/key.core/../key.ui/examples/heap/list/ArrayList_size.key 
163743     DEBUG main            d.u.i.k.p.i.AbstractProblemLoader Environment load took 260.8ns 
163745     INFO  main            d.u.i.k.p.i.AbstractProblemLoader Creating init config 
164953     DEBUG main            d.u.i.k.j.r.ClassPreparationMethodBuilder clPrepBuilder: Inner Class detected. Reject building class initialisation methods. 
167554     DEBUG main            d.u.i.k.p.i.AbstractProblemLoader Init config took 3.81s 
167606     INFO  main            d.u.i.k.p.i.AbstractProblemLoader Replaying proof ArrayList[List::size()].JML normal_behavior operation contract.0 
167608     DEBUG main            d.u.i.k.p.i.IntermediateProofReplayer Proof replay took 6.2ns 
167910     INFO  main            d.u.i.k.p.r.p.TestFile    ... finished proof: closed. 
168184     INFO  main            d.u.i.k.p.i.AbstractProblemLoader Loading environment from /home/runner/work/key/key/key.core/../key.ui/examples/heap/list/ArrayList_size.key.proof 
168184     DEBUG main            d.u.i.k.p.i.AbstractProblemLoader Environment load took 142.2ns 
168186     INFO  main            d.u.i.k.p.i.AbstractProblemLoader Creating init config 
169373     DEBUG main            d.u.i.k.j.r.ClassPreparationMethodBuilder clPrepBuilder: Inner Class detected. Reject building class initialisation methods. 
171949     DEBUG main            d.u.i.k.p.i.AbstractProblemLoader Init config took 3.76s 
172002     INFO  main            d.u.i.k.p.i.AbstractProblemLoader Replaying proof ArrayList[List::size()].JML normal_behavior operation contract.0 
172050     DEBUG main            d.u.i.k.p.i.IntermediateProofReplayer Proof replay took 44.4ms 
172051     DEBUG main            d.u.i.k.p.r.p.TestFile    ... success: reloaded. 
172052     INFO  main            d.u.i.k.p.r.p.TestFile    Now processing file /home/runner/work/key/key/key.core/../key.ui/examples/heap/list/ArrayList.ArrayListIterator_ArrayListIterator.key 
172052     INFO  main            d.u.i.k.p.i.AbstractProblemLoader Loading environment from /home/runner/work/key/key/key.core/../key.ui/examples/heap/list/ArrayList.ArrayListIterator_ArrayListIterator.key 
172052     DEBUG main            d.u.i.k.p.i.AbstractProblemLoader Environment load took 133.5ns 
172053     INFO  main            d.u.i.k.p.i.AbstractProblemLoader Creating init config 
173265     DEBUG main            d.u.i.k.j.r.ClassPreparationMethodBuilder clPrepBuilder: Inner Class detected. Reject building class initialisation methods. 
175786     DEBUG main            d.u.i.k.p.i.AbstractProblemLoader Init config took 3.73s 
175851     INFO  main            d.u.i.k.p.i.AbstractProblemLoader Replaying proof ArrayList.ArrayListIterator[ArrayList.ArrayListIterator::ArrayListIterator(ArrayList)].JML normal_behavior operation contract.0 
175853     DEBUG main            d.u.i.k.p.i.IntermediateProofReplayer Proof replay took 6.8ns 
176661     INFO  main            d.u.i.k.p.r.p.TestFile    ... finished proof: closed. 
176991     INFO  main            d.u.i.k.p.i.AbstractProblemLoader Loading environment from /home/runner/work/key/key/key.core/../key.ui/examples/heap/list/ArrayList.ArrayListIterator_ArrayListIterator.key.proof 
176992     DEBUG main            d.u.i.k.p.i.AbstractProblemLoader Environment load took 694.51ns 
176993     INFO  main            d.u.i.k.p.i.AbstractProblemLoader Creating init config 
178154     DEBUG main            d.u.i.k.j.r.ClassPreparationMethodBuilder clPrepBuilder: Inner Class detected. Reject building class initialisation methods. 
180677     DEBUG main            d.u.i.k.p.i.AbstractProblemLoader Init config took 3.68s 
180746     INFO  main            d.u.i.k.p.i.AbstractProblemLoader Replaying proof ArrayList.ArrayListIterator[ArrayList.ArrayListIterator::ArrayListIterator(ArrayList)].JML normal_behavior operation contract.0 
180887     DEBUG main            d.u.i.k.p.i.IntermediateProofReplayer Proof replay took 134.81ms 
180888     DEBUG main            d.u.i.k.p.r.p.TestFile    ... success: reloaded. 
180890     INFO  main            d.u.i.k.p.r.p.TestFile    Now processing file /home/runner/work/key/key/key.core/../key.ui/examples/heap/list/ArrayList.ArrayListIterator_hasNext_dep.key 
180890     INFO  main            d.u.i.k.p.i.AbstractProblemLoader Loading environment from /home/runner/work/key/key/key.core/../key.ui/examples/heap/list/ArrayList.ArrayListIterator_hasNext_dep.key 
180890     DEBUG main            d.u.i.k.p.i.AbstractProblemLoader Environment load took 190.1ns 
180891     INFO  main            d.u.i.k.p.i.AbstractProblemLoader Creating init config 
182048     DEBUG main            d.u.i.k.j.r.ClassPreparationMethodBuilder clPrepBuilder: Inner Class detected. Reject building class initialisation methods. 
184551     DEBUG main            d.u.i.k.p.i.AbstractProblemLoader Init config took 3.66s 
184614     INFO  main            d.u.i.k.p.i.AbstractProblemLoader Replaying proof ArrayList.ArrayListIterator[ListIterator::hasNext()].JML accessible clause.0 
184616     DEBUG main            d.u.i.k.p.i.IntermediateProofReplayer Proof replay took 6.8ns 
185120     INFO  main            d.u.i.k.p.r.p.TestFile    ... finished proof: closed. 
185403     INFO  main            d.u.i.k.p.i.AbstractProblemLoader Loading environment from /home/runner/work/key/key/key.core/../key.ui/examples/heap/list/ArrayList.ArrayListIterator_hasNext_dep.key.proof 
185403     DEBUG main            d.u.i.k.p.i.AbstractProblemLoader Environment load took 155.7ns 
185405     INFO  main            d.u.i.k.p.i.AbstractProblemLoader Creating init config 
186568     DEBUG main            d.u.i.k.j.r.ClassPreparationMethodBuilder clPrepBuilder: Inner Class detected. Reject building class initialisation methods. 
189151     DEBUG main            d.u.i.k.p.i.AbstractProblemLoader Init config took 3.75s 
189214     INFO  main            d.u.i.k.p.i.AbstractProblemLoader Replaying proof ArrayList.ArrayListIterator[ListIterator::hasNext()].JML accessible clause.0 
189286     DEBUG main            d.u.i.k.p.i.IntermediateProofReplayer Proof replay took 68.37ms 
189287     DEBUG main            d.u.i.k.p.r.p.TestFile    ... success: reloaded. 
189289     INFO  main            d.u.i.k.p.r.p.TestFile    Now processing file /home/runner/work/key/key/key.core/../key.ui/examples/heap/list/ArrayList.ArrayListIterator_hasNext.key 
189289     INFO  main            d.u.i.k.p.i.AbstractProblemLoader Loading environment from /home/runner/work/key/key/key.core/../key.ui/examples/heap/list/ArrayList.ArrayListIterator_hasNext.key 
189289     DEBUG main            d.u.i.k.p.i.AbstractProblemLoader Environment load took 253.9ns 
189290     INFO  main            d.u.i.k.p.i.AbstractProblemLoader Creating init config 
190478     DEBUG main            d.u.i.k.j.r.ClassPreparationMethodBuilder clPrepBuilder: Inner Class detected. Reject building class initialisation methods. 
193048     DEBUG main            d.u.i.k.p.i.AbstractProblemLoader Init config took 3.76s 
193110     INFO  main            d.u.i.k.p.i.AbstractProblemLoader Replaying proof ArrayList.ArrayListIterator[ListIterator::hasNext()].JML normal_behavior operation contract.0 
193112     DEBUG main            d.u.i.k.p.i.IntermediateProofReplayer Proof replay took 6.9ns 
193615     INFO  main            d.u.i.k.p.r.p.TestFile    ... finished proof: closed. 
193923     INFO  main            d.u.i.k.p.i.AbstractProblemLoader Loading environment from /home/runner/work/key/key/key.core/../key.ui/examples/heap/list/ArrayList.ArrayListIterator_hasNext.key.proof 
193924     DEBUG main            d.u.i.k.p.i.AbstractProblemLoader Environment load took 133.6ns 
193925     INFO  main            d.u.i.k.p.i.AbstractProblemLoader Creating init config 
195171     DEBUG main            d.u.i.k.j.r.ClassPreparationMethodBuilder clPrepBuilder: Inner Class detected. Reject building class initialisation methods. 
197788     DEBUG main            d.u.i.k.p.i.AbstractProblemLoader Init config took 3.86s 
197848     INFO  main            d.u.i.k.p.i.AbstractProblemLoader Replaying proof ArrayList.ArrayListIterator[ListIterator::hasNext()].JML normal_behavior operation contract.0 
197922     DEBUG main            d.u.i.k.p.i.IntermediateProofReplayer Proof replay took 70.76ms 
197923     DEBUG main            d.u.i.k.p.r.p.TestFile    ... success: reloaded. 
197925     INFO  main            d.u.i.k.p.r.p.TestFile    Now processing file /home/runner/work/key/key/key.core/../key.ui/examples/heap/list/ArrayList.ArrayListIterator_inv.key 
197925     INFO  main            d.u.i.k.p.i.AbstractProblemLoader Loading environment from /home/runner/work/key/key/key.core/../key.ui/examples/heap/list/ArrayList.ArrayListIterator_inv.key 
197925     DEBUG main            d.u.i.k.p.i.AbstractProblemLoader Environment load took 125.4ns 
197926     INFO  main            d.u.i.k.p.i.AbstractProblemLoader Creating init config 
199143     DEBUG main            d.u.i.k.j.r.ClassPreparationMethodBuilder clPrepBuilder: Inner Class detected. Reject building class initialisation methods. 
201733     DEBUG main            d.u.i.k.p.i.AbstractProblemLoader Init config took 3.81s 
201801     INFO  main            d.u.i.k.p.i.AbstractProblemLoader Replaying proof ArrayList.ArrayListIterator[java.lang.Object::<inv>()].JML accessible clause.0 
201803     DEBUG main            d.u.i.k.p.i.IntermediateProofReplayer Proof replay took 6.1ns 
202907     INFO  main            d.u.i.k.p.r.p.TestFile    ... finished proof: closed. 
203236     INFO  main            d.u.i.k.p.i.AbstractProblemLoader Loading environment from /home/runner/work/key/key/key.core/../key.ui/examples/heap/list/ArrayList.ArrayListIterator_inv.key.proof 
203237     DEBUG main            d.u.i.k.p.i.AbstractProblemLoader Environment load took 531.21ns 
203238     INFO  main            d.u.i.k.p.i.AbstractProblemLoader Creating init config 
204379     DEBUG main            d.u.i.k.j.r.ClassPreparationMethodBuilder clPrepBuilder: Inner Class detected. Reject building class initialisation methods. 
206845     DEBUG main            d.u.i.k.p.i.AbstractProblemLoader Init config took 3.61s 
206908     INFO  main            d.u.i.k.p.i.AbstractProblemLoader Replaying proof ArrayList.ArrayListIterator[java.lang.Object::<inv>()].JML accessible clause.0 
207047     DEBUG main            d.u.i.k.p.i.IntermediateProofReplayer Proof replay took 131.6ms 
207051     DEBUG main            d.u.i.k.p.r.p.TestFile    ... success: reloaded. 
207053     INFO  main            d.u.i.k.p.r.p.TestFile    Now processing file /home/runner/work/key/key/key.core/../key.ui/examples/heap/list/ArrayList.ArrayListIterator_list.key 
207054     INFO  main            d.u.i.k.p.i.AbstractProblemLoader Loading environment from /home/runner/work/key/key/key.core/../key.ui/examples/heap/list/ArrayList.ArrayListIterator_list.key 
207054     DEBUG main            d.u.i.k.p.i.AbstractProblemLoader Environment load took 254ns 
207055     INFO  main            d.u.i.k.p.i.AbstractProblemLoader Creating init config 
208236     DEBUG main            d.u.i.k.j.r.ClassPreparationMethodBuilder clPrepBuilder: Inner Class detected. Reject building class initialisation methods. 
210769     DEBUG main            d.u.i.k.p.i.AbstractProblemLoader Init config took 3.71s 
210816     INFO  main            d.u.i.k.p.i.AbstractProblemLoader Replaying proof ListIterator[ListIterator::$list()].JML accessible clause.0 
210818     DEBUG main            d.u.i.k.p.i.IntermediateProofReplayer Proof replay took 6.9ns 
210920     INFO  main            d.u.i.k.p.r.p.TestFile    ... finished proof: closed. 
211233     INFO  main            d.u.i.k.p.i.AbstractProblemLoader Loading environment from /home/runner/work/key/key/key.core/../key.ui/examples/heap/list/ArrayList.ArrayListIterator_list.key.proof 
211233     DEBUG main            d.u.i.k.p.i.AbstractProblemLoader Environment load took 119ns 
211234     INFO  main            d.u.i.k.p.i.AbstractProblemLoader Creating init config 
212408     DEBUG main            d.u.i.k.j.r.ClassPreparationMethodBuilder clPrepBuilder: Inner Class detected. Reject building class initialisation methods. 
214871     DEBUG main            d.u.i.k.p.i.AbstractProblemLoader Init config took 3.64s 
214916     INFO  main            d.u.i.k.p.i.AbstractProblemLoader Replaying proof ListIterator[ListIterator::$list()].JML accessible clause.0 
214918     DEBUG main            d.u.i.k.p.i.IntermediateProofReplayer Proof replay took 1.25ms 
214919     DEBUG main            d.u.i.k.p.r.p.TestFile    ... success: reloaded. 
214920     INFO  main            d.u.i.k.p.r.p.TestFile    Now processing file /home/runner/work/key/key/key.core/../key.ui/examples/heap/list/ArrayList.ArrayListIterator_next_exceptional.key 
214921     INFO  main            d.u.i.k.p.i.AbstractProblemLoader Loading environment from /home/runner/work/key/key/key.core/../key.ui/examples/heap/list/ArrayList.ArrayListIterator_next_exceptional.key 
214921     DEBUG main            d.u.i.k.p.i.AbstractProblemLoader Environment load took 129.2ns 
214922     INFO  main            d.u.i.k.p.i.AbstractProblemLoader Creating init config 
216140     DEBUG main            d.u.i.k.j.r.ClassPreparationMethodBuilder clPrepBuilder: Inner Class detected. Reject building class initialisation methods. 
218643     DEBUG main            d.u.i.k.p.i.AbstractProblemLoader Init config took 3.72s 
218703     INFO  main            d.u.i.k.p.i.AbstractProblemLoader Replaying proof ArrayList.ArrayListIterator[ListIterator::next()].JML exceptional_behavior operation contract.0 
218704     DEBUG main            d.u.i.k.p.i.IntermediateProofReplayer Proof replay took 6ns 
219722     INFO  main            d.u.i.k.p.r.p.TestFile    ... finished proof: closed. 
220055     INFO  main            d.u.i.k.p.i.AbstractProblemLoader Loading environment from /home/runner/work/key/key/key.core/../key.ui/examples/heap/list/ArrayList.ArrayListIterator_next_exceptional.key.proof 
220055     DEBUG main            d.u.i.k.p.i.AbstractProblemLoader Environment load took 121.1ns 
220057     INFO  main            d.u.i.k.p.i.AbstractProblemLoader Creating init config 
221260     DEBUG main            d.u.i.k.j.r.ClassPreparationMethodBuilder clPrepBuilder: Inner Class detected. Reject building class initialisation methods. 
223762     DEBUG main            d.u.i.k.p.i.AbstractProblemLoader Init config took 3.71s 
223824     INFO  main            d.u.i.k.p.i.AbstractProblemLoader Replaying proof ArrayList.ArrayListIterator[ListIterator::next()].JML exceptional_behavior operation contract.0 
224016     DEBUG main            d.u.i.k.p.i.IntermediateProofReplayer Proof replay took 184.38ms 
224019     DEBUG main            d.u.i.k.p.r.p.TestFile    ... success: reloaded. 
224020     INFO  main            d.u.i.k.p.r.p.TestFile    Now processing file /home/runner/work/key/key/key.core/../key.ui/examples/heap/list/ArrayList.ArrayListIterator_next_normal.key 
224020     INFO  main            d.u.i.k.p.i.AbstractProblemLoader Loading environment from /home/runner/work/key/key/key.core/../key.ui/examples/heap/list/ArrayList.ArrayListIterator_next_normal.key 
224020     DEBUG main            d.u.i.k.p.i.AbstractProblemLoader Environment load took 206.5ns 
224021     INFO  main            d.u.i.k.p.i.AbstractProblemLoader Creating init config 
225255     DEBUG main            d.u.i.k.j.r.ClassPreparationMethodBuilder clPrepBuilder: Inner Class detected. Reject building class initialisation methods. 
227868     DEBUG main            d.u.i.k.p.i.AbstractProblemLoader Init config took 3.85s 
227930     INFO  main            d.u.i.k.p.i.AbstractProblemLoader Replaying proof ArrayList.ArrayListIterator[ListIterator::next()].JML normal_behavior operation contract.0 
227932     DEBUG main            d.u.i.k.p.i.IntermediateProofReplayer Proof replay took 6.8ns 
229057     INFO  main            d.u.i.k.p.r.p.TestFile    ... finished proof: closed. 
229386     INFO  main            d.u.i.k.p.i.AbstractProblemLoader Loading environment from /home/runner/work/key/key/key.core/../key.ui/examples/heap/list/ArrayList.ArrayListIterator_next_normal.key.proof 
229386     DEBUG main            d.u.i.k.p.i.AbstractProblemLoader Environment load took 122ns 
229388     INFO  main            d.u.i.k.p.i.AbstractProblemLoader Creating init config 
230559     DEBUG main            d.u.i.k.j.r.ClassPreparationMethodBuilder clPrepBuilder: Inner Class detected. Reject building class initialisation methods. 
233031     DEBUG main            d.u.i.k.p.i.AbstractProblemLoader Init config took 3.64s 
233092     INFO  main            d.u.i.k.p.i.AbstractProblemLoader Replaying proof ArrayList.ArrayListIterator[ListIterator::next()].JML normal_behavior operation contract.0 
233351     DEBUG main            d.u.i.k.p.i.IntermediateProofReplayer Proof replay took 250.08ms 
233352     DEBUG main            d.u.i.k.p.r.p.TestFile    ... success: reloaded. 
233354     INFO  main            d.u.i.k.p.r.p.TestFile    Now processing file /home/runner/work/key/key/key.core/../key.ui/examples/heap/list/ArrayList.ArrayListIterator_pos.key 
233354     INFO  main            d.u.i.k.p.i.AbstractProblemLoader Loading environment from /home/runner/work/key/key/key.core/../key.ui/examples/heap/list/ArrayList.ArrayListIterator_pos.key 
233354     DEBUG main            d.u.i.k.p.i.AbstractProblemLoader Environment load took 211.5ns 
233355     INFO  main            d.u.i.k.p.i.AbstractProblemLoader Creating init config 
234526     DEBUG main            d.u.i.k.j.r.ClassPreparationMethodBuilder clPrepBuilder: Inner Class detected. Reject building class initialisation methods. 
237043     DEBUG main            d.u.i.k.p.i.AbstractProblemLoader Init config took 3.69s 
237088     INFO  main            d.u.i.k.p.i.AbstractProblemLoader Replaying proof ListIterator[ListIterator::$pos()].JML accessible clause.0 
237089     DEBUG main            d.u.i.k.p.i.IntermediateProofReplayer Proof replay took 6.6ns 
237197     INFO  main            d.u.i.k.p.r.p.TestFile    ... finished proof: closed. 
237507     INFO  main            d.u.i.k.p.i.AbstractProblemLoader Loading environment from /home/runner/work/key/key/key.core/../key.ui/examples/heap/list/ArrayList.ArrayListIterator_pos.key.proof 
237508     DEBUG main            d.u.i.k.p.i.AbstractProblemLoader Environment load took 122.1ns 
237509     INFO  main            d.u.i.k.p.i.AbstractProblemLoader Creating init config 
238669     DEBUG main            d.u.i.k.j.r.ClassPreparationMethodBuilder clPrepBuilder: Inner Class detected. Reject building class initialisation methods. 
241117     DEBUG main            d.u.i.k.p.i.AbstractProblemLoader Init config took 3.61s 
241164     INFO  main            d.u.i.k.p.i.AbstractProblemLoader Replaying proof ListIterator[ListIterator::$pos()].JML accessible clause.0 
241167     DEBUG main            d.u.i.k.p.i.IntermediateProofReplayer Proof replay took 1.2ms 
241168     DEBUG main            d.u.i.k.p.r.p.TestFile    ... success: reloaded. 
241169     INFO  main            d.u.i.k.p.r.p.TestFile    Now processing file /home/runner/work/key/key/key.core/../key.ui/examples/heap/list/Client_m.key 
241169     INFO  main            d.u.i.k.p.i.AbstractProblemLoader Loading environment from /home/runner/work/key/key/key.core/../key.ui/examples/heap/list/Client_m.key 
241169     DEBUG main            d.u.i.k.p.i.AbstractProblemLoader Environment load took 120.1ns 
241170     INFO  main            d.u.i.k.p.i.AbstractProblemLoader Creating init config 
242425     DEBUG main            d.u.i.k.j.r.ClassPreparationMethodBuilder clPrepBuilder: Inner Class detected. Reject building class initialisation methods. 
244998     DEBUG main            d.u.i.k.p.i.AbstractProblemLoader Init config took 3.83s 
245048     INFO  main            d.u.i.k.p.i.AbstractProblemLoader Replaying proof Client[Client::m(List)].JML normal_behavior operation contract.0 
245049     DEBUG main            d.u.i.k.p.i.IntermediateProofReplayer Proof replay took 6.6ns 
245455     INFO  main            d.u.i.k.p.r.p.TestFile    ... finished proof: closed. 
245810     INFO  main            d.u.i.k.p.i.AbstractProblemLoader Loading environment from /home/runner/work/key/key/key.core/../key.ui/examples/heap/list/Client_m.key.proof 
245810     DEBUG main            d.u.i.k.p.i.AbstractProblemLoader Environment load took 121.9ns 
245811     INFO  main            d.u.i.k.p.i.AbstractProblemLoader Creating init config 
246958     DEBUG main            d.u.i.k.j.r.ClassPreparationMethodBuilder clPrepBuilder: Inner Class detected. Reject building class initialisation methods. 
249451     DEBUG main            d.u.i.k.p.i.AbstractProblemLoader Init config took 3.64s 
249496     INFO  main            d.u.i.k.p.i.AbstractProblemLoader Replaying proof Client[Client::m(List)].JML normal_behavior operation contract.0 
249581     DEBUG main            d.u.i.k.p.i.IntermediateProofReplayer Proof replay took 81.76ms 
249587     DEBUG main            d.u.i.k.p.r.p.TestFile    ... success: reloaded. 
249588     INFO  main            d.u.i.k.p.r.p.TestFile    Now processing file /home/runner/work/key/key/key.core/../key.ui/examples/heap/list/Client_n.key 
249589     INFO  main            d.u.i.k.p.i.AbstractProblemLoader Loading environment from /home/runner/work/key/key/key.core/../key.ui/examples/heap/list/Client_n.key 
249590     DEBUG main            d.u.i.k.p.i.AbstractProblemLoader Environment load took 252.9ns 
249594     INFO  main            d.u.i.k.p.i.AbstractProblemLoader Creating init config 
250765     DEBUG main            d.u.i.k.j.r.ClassPreparationMethodBuilder clPrepBuilder: Inner Class detected. Reject building class initialisation methods. 
253224     DEBUG main            d.u.i.k.p.i.AbstractProblemLoader Init config took 3.63s 
253268     INFO  main            d.u.i.k.p.i.AbstractProblemLoader Replaying proof Client[Client::n(List)].JML normal_behavior operation contract.0 
253271     DEBUG main            d.u.i.k.p.i.IntermediateProofReplayer Proof replay took 7.6ns 
253373     INFO  main            d.u.i.k.p.r.p.TestFile    ... finished proof: closed. 
253736     INFO  main            d.u.i.k.p.i.AbstractProblemLoader Loading environment from /home/runner/work/key/key/key.core/../key.ui/examples/heap/list/Client_n.key.proof 
253736     DEBUG main            d.u.i.k.p.i.AbstractProblemLoader Environment load took 104.4ns 
253738     INFO  main            d.u.i.k.p.i.AbstractProblemLoader Creating init config 
254914     DEBUG main            d.u.i.k.j.r.ClassPreparationMethodBuilder clPrepBuilder: Inner Class detected. Reject building class initialisation methods. 
257393     DEBUG main            d.u.i.k.p.i.AbstractProblemLoader Init config took 3.66s 
257438     INFO  main            d.u.i.k.p.i.AbstractProblemLoader Replaying proof Client[Client::n(List)].JML normal_behavior operation contract.0 
257464     DEBUG main            d.u.i.k.p.i.IntermediateProofReplayer Proof replay took 23.52ms 
257465     DEBUG main            d.u.i.k.p.r.p.TestFile    ... success: reloaded. 
257466     INFO  main            d.u.i.k.p.r.p.TestFile    Now processing file /home/runner/work/key/key/key.core/../key.ui/examples/heap/list/LinkedList_get_exceptional.key 
257467     INFO  main            d.u.i.k.p.i.AbstractProblemLoader Loading environment from /home/runner/work/key/key/key.core/../key.ui/examples/heap/list/LinkedList_get_exceptional.key 
257467     DEBUG main            d.u.i.k.p.i.AbstractProblemLoader Environment load took 153ns 
257468     INFO  main            d.u.i.k.p.i.AbstractProblemLoader Creating init config 
258648     DEBUG main            d.u.i.k.j.r.ClassPreparationMethodBuilder clPrepBuilder: Inner Class detected. Reject building class initialisation methods. 
261200     DEBUG main            d.u.i.k.p.i.AbstractProblemLoader Init config took 3.73s 
261254     INFO  main            d.u.i.k.p.i.AbstractProblemLoader Replaying proof LinkedList[List::get(int)].JML exceptional_behavior operation contract.0 
261256     DEBUG main            d.u.i.k.p.i.IntermediateProofReplayer Proof replay took 7.1ns 
263999     INFO  main            d.u.i.k.p.r.p.TestFile    ... finished proof: closed. 
264364     INFO  main            d.u.i.k.p.i.AbstractProblemLoader Loading environment from /home/runner/work/key/key/key.core/../key.ui/examples/heap/list/LinkedList_get_exceptional.key.proof 
264365     DEBUG main            d.u.i.k.p.i.AbstractProblemLoader Environment load took 453ns 
264366     INFO  main            d.u.i.k.p.i.AbstractProblemLoader Creating init config 
265502     DEBUG main            d.u.i.k.j.r.ClassPreparationMethodBuilder clPrepBuilder: Inner Class detected. Reject building class initialisation methods. 
267993     DEBUG main            d.u.i.k.p.i.AbstractProblemLoader Init config took 3.63s 
268045     INFO  main            d.u.i.k.p.i.AbstractProblemLoader Replaying proof LinkedList[List::get(int)].JML exceptional_behavior operation contract.0 
268467     DEBUG main            d.u.i.k.p.i.IntermediateProofReplayer Proof replay took 409.74ms 
268469     DEBUG main            d.u.i.k.p.r.p.TestFile    ... success: reloaded. 
268470     INFO  main            d.u.i.k.p.r.p.TestFile    Now processing file /home/runner/work/key/key/key.core/../key.ui/examples/heap/list/LinkedList_get_normal.key 
268470     INFO  main            d.u.i.k.p.i.AbstractProblemLoader Loading environment from /home/runner/work/key/key/key.core/../key.ui/examples/heap/list/LinkedList_get_normal.key 
268470     DEBUG main            d.u.i.k.p.i.AbstractProblemLoader Environment load took 109ns 
268471     INFO  main            d.u.i.k.p.i.AbstractProblemLoader Creating init config 
269701     DEBUG main            d.u.i.k.j.r.ClassPreparationMethodBuilder clPrepBuilder: Inner Class detected. Reject building class initialisation methods. 
272281     DEBUG main            d.u.i.k.p.i.AbstractProblemLoader Init config took 3.81s 
272334     INFO  main            d.u.i.k.p.i.AbstractProblemLoader Replaying proof LinkedList[List::get(int)].JML normal_behavior operation contract.0 
272336     DEBUG main            d.u.i.k.p.i.IntermediateProofReplayer Proof replay took 7.3ns 
279447     INFO  main            d.u.i.k.p.r.p.TestFile    ... finished proof: closed. 
279860     INFO  main            d.u.i.k.p.i.AbstractProblemLoader Loading environment from /home/runner/work/key/key/key.core/../key.ui/examples/heap/list/LinkedList_get_normal.key.proof 
279861     DEBUG main            d.u.i.k.p.i.AbstractProblemLoader Environment load took 642.71ns 
279864     INFO  main            d.u.i.k.p.i.AbstractProblemLoader Creating init config 
281070     DEBUG main            d.u.i.k.j.r.ClassPreparationMethodBuilder clPrepBuilder: Inner Class detected. Reject building class initialisation methods. 
283573     DEBUG main            d.u.i.k.p.i.AbstractProblemLoader Init config took 3.71s 
283638     INFO  main            d.u.i.k.p.i.AbstractProblemLoader Replaying proof LinkedList[List::get(int)].JML normal_behavior operation contract.0 
284302     DEBUG main            d.u.i.k.p.i.IntermediateProofReplayer Proof replay took 635.36ms 
284304     DEBUG main            d.u.i.k.p.r.p.TestFile    ... success: reloaded. 
284305     INFO  main            d.u.i.k.p.r.p.TestFile    Now processing file /home/runner/work/key/key/key.core/../key.ui/examples/heap/list/LinkedList_LinkedList.key 
284306     INFO  main            d.u.i.k.p.i.AbstractProblemLoader Loading environment from /home/runner/work/key/key/key.core/../key.ui/examples/heap/list/LinkedList_LinkedList.key 
284306     DEBUG main            d.u.i.k.p.i.AbstractProblemLoader Environment load took 66.5ns 
284307     INFO  main            d.u.i.k.p.i.AbstractProblemLoader Creating init config 
285486     DEBUG main            d.u.i.k.j.r.ClassPreparationMethodBuilder clPrepBuilder: Inner Class detected. Reject building class initialisation methods. 
287949     DEBUG main            d.u.i.k.p.i.AbstractProblemLoader Init config took 3.64s 
287998     INFO  main            d.u.i.k.p.i.AbstractProblemLoader Replaying proof LinkedList[LinkedList::LinkedList()].JML normal_behavior operation contract.0 
287999     DEBUG main            d.u.i.k.p.i.IntermediateProofReplayer Proof replay took 11.9ns 
288703     INFO  main            d.u.i.k.p.r.p.TestFile    ... finished proof: closed. 
289073     INFO  main            d.u.i.k.p.i.AbstractProblemLoader Loading environment from /home/runner/work/key/key/key.core/../key.ui/examples/heap/list/LinkedList_LinkedList.key.proof 
289073     DEBUG main            d.u.i.k.p.i.AbstractProblemLoader Environment load took 112.4ns 
289074     INFO  main            d.u.i.k.p.i.AbstractProblemLoader Creating init config 
290214     DEBUG main            d.u.i.k.j.r.ClassPreparationMethodBuilder clPrepBuilder: Inner Class detected. Reject building class initialisation methods. 
292663     DEBUG main            d.u.i.k.p.i.AbstractProblemLoader Init config took 3.59s 
292713     INFO  main            d.u.i.k.p.i.AbstractProblemLoader Replaying proof LinkedList[LinkedList::LinkedList()].JML normal_behavior operation contract.0 
292866     DEBUG main            d.u.i.k.p.i.IntermediateProofReplayer Proof replay took 148.02ms 
292867     DEBUG main            d.u.i.k.p.r.p.TestFile    ... success: reloaded. 
292868     INFO  main            d.u.i.k.p.r.p.TestFile    Now processing file /home/runner/work/key/key/key.core/../key.ui/examples/heap/list/LinkedList_size_dep.key 
292868     INFO  main            d.u.i.k.p.i.AbstractProblemLoader Loading environment from /home/runner/work/key/key/key.core/../key.ui/examples/heap/list/LinkedList_size_dep.key 
292869     DEBUG main            d.u.i.k.p.i.AbstractProblemLoader Environment load took 152.3ns 
292869     INFO  main            d.u.i.k.p.i.AbstractProblemLoader Creating init config 
294024     DEBUG main            d.u.i.k.j.r.ClassPreparationMethodBuilder clPrepBuilder: Inner Class detected. Reject building class initialisation methods. 
296580     DEBUG main            d.u.i.k.p.i.AbstractProblemLoader Init config took 3.71s 
296633     INFO  main            d.u.i.k.p.i.AbstractProblemLoader Replaying proof LinkedList[List::size()].JML accessible clause.0 
296634     DEBUG main            d.u.i.k.p.i.IntermediateProofReplayer Proof replay took 6.6ns 
297238     INFO  main            d.u.i.k.p.r.p.TestFile    ... finished proof: closed. 
297620     INFO  main            d.u.i.k.p.i.AbstractProblemLoader Loading environment from /home/runner/work/key/key/key.core/../key.ui/examples/heap/list/LinkedList_size_dep.key.proof 
297620     DEBUG main            d.u.i.k.p.i.AbstractProblemLoader Environment load took 585.61ns 
297622     INFO  main            d.u.i.k.p.i.AbstractProblemLoader Creating init config 
298767     DEBUG main            d.u.i.k.j.r.ClassPreparationMethodBuilder clPrepBuilder: Inner Class detected. Reject building class initialisation methods. 
301191     DEBUG main            d.u.i.k.p.i.AbstractProblemLoader Init config took 3.57s 
301241     INFO  main            d.u.i.k.p.i.AbstractProblemLoader Replaying proof LinkedList[List::size()].JML accessible clause.0 
301328     DEBUG main            d.u.i.k.p.i.IntermediateProofReplayer Proof replay took 59.12ms 
301330     DEBUG main            d.u.i.k.p.r.p.TestFile    ... success: reloaded. 
301331     INFO  main            d.u.i.k.p.r.p.TestFile    Now processing file /home/runner/work/key/key/key.core/../key.ui/examples/heap/list/LinkedList_size.key 
301331     INFO  main            d.u.i.k.p.i.AbstractProblemLoader Loading environment from /home/runner/work/key/key/key.core/../key.ui/examples/heap/list/LinkedList_size.key 
301332     DEBUG main            d.u.i.k.p.i.AbstractProblemLoader Environment load took 486.3ns 
301333     INFO  main            d.u.i.k.p.i.AbstractProblemLoader Creating init config 
302520     DEBUG main            d.u.i.k.j.r.ClassPreparationMethodBuilder clPrepBuilder: Inner Class detected. Reject building class initialisation methods. 
305003     DEBUG main            d.u.i.k.p.i.AbstractProblemLoader Init config took 3.67s 
305052     INFO  main            d.u.i.k.p.i.AbstractProblemLoader Replaying proof LinkedList[List::size()].JML normal_behavior operation contract.0 
305053     DEBUG main            d.u.i.k.p.i.IntermediateProofReplayer Proof replay took 6.8ns 
305656     INFO  main            d.u.i.k.p.r.p.TestFile    ... finished proof: closed. 
306044     INFO  main            d.u.i.k.p.i.AbstractProblemLoader Loading environment from /home/runner/work/key/key/key.core/../key.ui/examples/heap/list/LinkedList_size.key.proof 
306044     DEBUG main            d.u.i.k.p.i.AbstractProblemLoader Environment load took 155.3ns 
306045     INFO  main            d.u.i.k.p.i.AbstractProblemLoader Creating init config 
307186     DEBUG main            d.u.i.k.j.r.ClassPreparationMethodBuilder clPrepBuilder: Inner Class detected. Reject building class initialisation methods. 
309677     DEBUG main            d.u.i.k.p.i.AbstractProblemLoader Init config took 3.63s 
309726     INFO  main            d.u.i.k.p.i.AbstractProblemLoader Replaying proof LinkedList[List::size()].JML normal_behavior operation contract.0 
309786     DEBUG main            d.u.i.k.p.i.IntermediateProofReplayer Proof replay took 53.27ms 
309787     DEBUG main            d.u.i.k.p.r.p.TestFile    ... success: reloaded. 
309788     INFO  main            d.u.i.k.p.r.p.TestFile    Now processing file /home/runner/work/key/key/key.core/../key.ui/examples/heap/list/MySet_footprint.key 
309788     INFO  main            d.u.i.k.p.i.AbstractProblemLoader Loading environment from /home/runner/work/key/key/key.core/../key.ui/examples/heap/list/MySet_footprint.key 
309788     DEBUG main            d.u.i.k.p.i.AbstractProblemLoader Environment load took 67.3ns 
309789     INFO  main            d.u.i.k.p.i.AbstractProblemLoader Creating init config 
310952     DEBUG main            d.u.i.k.j.r.ClassPreparationMethodBuilder clPrepBuilder: Inner Class detected. Reject building class initialisation methods. 
313454     DEBUG main            d.u.i.k.p.i.AbstractProblemLoader Init config took 3.67s 
313507     INFO  main            d.u.i.k.p.i.AbstractProblemLoader Replaying proof MySet[MySet::$footprint()].JML accessible clause.0 
313509     DEBUG main            d.u.i.k.p.i.IntermediateProofReplayer Proof replay took 7.1ns 
313811     INFO  main            d.u.i.k.p.r.p.TestFile    ... finished proof: closed. 
314197     INFO  main            d.u.i.k.p.i.AbstractProblemLoader Loading environment from /home/runner/work/key/key/key.core/../key.ui/examples/heap/list/MySet_footprint.key.proof 
314198     DEBUG main            d.u.i.k.p.i.AbstractProblemLoader Environment load took 101.2ns 
314199     INFO  main            d.u.i.k.p.i.AbstractProblemLoader Creating init config 
315363     DEBUG main            d.u.i.k.j.r.ClassPreparationMethodBuilder clPrepBuilder: Inner Class detected. Reject building class initialisation methods. 
317831     DEBUG main            d.u.i.k.p.i.AbstractProblemLoader Init config took 3.63s 
317889     INFO  main            d.u.i.k.p.i.AbstractProblemLoader Replaying proof MySet[MySet::$footprint()].JML accessible clause.0 
317930     DEBUG main            d.u.i.k.p.i.IntermediateProofReplayer Proof replay took 38.1ms 
317931     DEBUG main            d.u.i.k.p.r.p.TestFile    ... success: reloaded. 
317932     INFO  main            d.u.i.k.p.r.p.TestFile    Now processing file /home/runner/work/key/key/key.core/../key.ui/examples/heap/list/MySet_MySet.key 
317932     INFO  main            d.u.i.k.p.i.AbstractProblemLoader Loading environment from /home/runner/work/key/key/key.core/../key.ui/examples/heap/list/MySet_MySet.key 
317933     DEBUG main            d.u.i.k.p.i.AbstractProblemLoader Environment load took 138.4ns 
317933     INFO  main            d.u.i.k.p.i.AbstractProblemLoader Creating init config 
319024     DEBUG main            d.u.i.k.j.r.ClassPreparationMethodBuilder clPrepBuilder: Inner Class detected. Reject building class initialisation methods. 
321338     DEBUG main            d.u.i.k.p.i.AbstractProblemLoader Init config took 3.4s 
321391     INFO  main            d.u.i.k.p.i.AbstractProblemLoader Replaying proof MySet[MySet::MySet()].JML normal_behavior operation contract.0 
321392     DEBUG main            d.u.i.k.p.i.IntermediateProofReplayer Proof replay took 7.4ns 
324302     INFO  main            d.u.i.k.p.r.p.TestFile    ... finished proof: closed. 
324701     INFO  main            d.u.i.k.p.i.AbstractProblemLoader Loading environment from /home/runner/work/key/key/key.core/../key.ui/examples/heap/list/MySet_MySet.key.proof 
324702     DEBUG main            d.u.i.k.p.i.AbstractProblemLoader Environment load took 106.9ns 
324703     INFO  main            d.u.i.k.p.i.AbstractProblemLoader Creating init config 
325747     DEBUG main            d.u.i.k.j.r.ClassPreparationMethodBuilder clPrepBuilder: Inner Class detected. Reject building class initialisation methods. 
327981     DEBUG main            d.u.i.k.p.i.AbstractProblemLoader Init config took 3.28s 
328030     INFO  main            d.u.i.k.p.i.AbstractProblemLoader Replaying proof MySet[MySet::MySet()].JML normal_behavior operation contract.0 
328466     DEBUG main            d.u.i.k.p.i.IntermediateProofReplayer Proof replay took 419.68ms 
328467     DEBUG main            d.u.i.k.p.r.p.TestFile    ... success: reloaded. 
1334351    INFO  Test worker     d.u.i.k.p.r.RunAllProofsTestUnit Returning from test list 
1334353    INFO  Test worker     d.u.i.k.p.r.RunAllProofsTestUnit Running test list_ghost 
489        INFO  Timeout watchdog d.u.i.k.p.r.p.ForkedTestFileRunner Timeout watcher launched (2000 secs.) 
500        WARN  main            d.u.i.k.s.ProofSettings   The settings in /home/runner/.key/proof-settings.props are *not* read. 
545        INFO  main            d.u.i.k.p.r.p.TestFile    Now processing file /home/runner/work/key/key/key.core/../key.ui/examples/heap/list_ghost/ArrayList_add.key 
661        INFO  main            d.u.i.k.p.i.AbstractProblemLoader Loading environment from /home/runner/work/key/key/key.core/../key.ui/examples/heap/list_ghost/ArrayList_add.key 
680        DEBUG main            d.u.i.k.p.i.AbstractProblemLoader Environment load took 2.47ms 
994        INFO  main            d.u.i.k.p.i.AbstractProblemLoader Creating init config 
2028       DEBUG main            d.u.i.k.j.TypeConverter   No LDT found for Meta 
2029       DEBUG main            d.u.i.k.j.TypeConverter   No LDT found for Meta 
2030       DEBUG main            d.u.i.k.j.TypeConverter   No LDT found for Meta 
2030       DEBUG main            d.u.i.k.j.TypeConverter   No LDT found for Meta 
3840       DEBUG main            d.u.i.k.j.TypeConverter   No LDT found for JavaBigintExpression 
10449      DEBUG main            d.u.i.k.p.i.AbstractProblemLoader Init config took 9.45s 
10607      INFO  main            d.u.i.k.p.i.AbstractProblemLoader Replaying proof ArrayList[List::add(java.lang.Object)].JML normal_behavior operation contract.0 
10651      DEBUG main            d.u.i.k.p.i.IntermediateProofReplayer Proof replay took 34ns 
16892      INFO  main            d.u.i.k.p.r.p.TestFile    ... finished proof: closed. 
17128      INFO  main            d.u.i.k.p.i.AbstractProblemLoader Loading environment from /home/runner/work/key/key/key.core/../key.ui/examples/heap/list_ghost/ArrayList_add.key.proof 
17129      DEBUG main            d.u.i.k.p.i.AbstractProblemLoader Environment load took 1.03ms 
17133      INFO  main            d.u.i.k.p.i.AbstractProblemLoader Creating init config 
20764      DEBUG main            d.u.i.k.p.i.AbstractProblemLoader Init config took 3.63s 
20872      INFO  main            d.u.i.k.p.i.AbstractProblemLoader Replaying proof ArrayList[List::add(java.lang.Object)].JML normal_behavior operation contract.0 
21832      DEBUG main            d.u.i.k.p.i.IntermediateProofReplayer Proof replay took 923.13ms 
21841      DEBUG main            d.u.i.k.p.r.p.TestFile    ... success: reloaded. 
21843      INFO  main            d.u.i.k.p.r.p.TestFile    Now processing file /home/runner/work/key/key/key.core/../key.ui/examples/heap/list_ghost/ArrayList_ArrayList.key 
21843      INFO  main            d.u.i.k.p.i.AbstractProblemLoader Loading environment from /home/runner/work/key/key/key.core/../key.ui/examples/heap/list_ghost/ArrayList_ArrayList.key 
21843      DEBUG main            d.u.i.k.p.i.AbstractProblemLoader Environment load took 315.1ns 
21845      INFO  main            d.u.i.k.p.i.AbstractProblemLoader Creating init config 
25348      DEBUG main            d.u.i.k.p.i.AbstractProblemLoader Init config took 3.5s 
25464      INFO  main            d.u.i.k.p.i.AbstractProblemLoader Replaying proof ArrayList[ArrayList::ArrayList()].JML normal_behavior operation contract.0 
25470      DEBUG main            d.u.i.k.p.i.IntermediateProofReplayer Proof replay took 6.8ns 
26881      INFO  main            d.u.i.k.p.r.p.TestFile    ... finished proof: closed. 
27087      INFO  main            d.u.i.k.p.i.AbstractProblemLoader Loading environment from /home/runner/work/key/key/key.core/../key.ui/examples/heap/list_ghost/ArrayList_ArrayList.key.proof 
27088      DEBUG main            d.u.i.k.p.i.AbstractProblemLoader Environment load took 697.51ns 
27091      INFO  main            d.u.i.k.p.i.AbstractProblemLoader Creating init config 
30481      DEBUG main            d.u.i.k.p.i.AbstractProblemLoader Init config took 3.39s 
30543      INFO  main            d.u.i.k.p.i.AbstractProblemLoader Replaying proof ArrayList[ArrayList::ArrayList()].JML normal_behavior operation contract.0 
30844      DEBUG main            d.u.i.k.p.i.IntermediateProofReplayer Proof replay took 287.8ms 
30848      DEBUG main            d.u.i.k.p.r.p.TestFile    ... success: reloaded. 
30849      INFO  main            d.u.i.k.p.r.p.TestFile    Now processing file /home/runner/work/key/key/key.core/../key.ui/examples/heap/list_ghost/ArrayList_enlarge.key 
30850      INFO  main            d.u.i.k.p.i.AbstractProblemLoader Loading environment from /home/runner/work/key/key/key.core/../key.ui/examples/heap/list_ghost/ArrayList_enlarge.key 
30850      DEBUG main            d.u.i.k.p.i.AbstractProblemLoader Environment load took 279.7ns 
30851      INFO  main            d.u.i.k.p.i.AbstractProblemLoader Creating init config 
34284      DEBUG main            d.u.i.k.p.i.AbstractProblemLoader Init config took 3.43s 
34347      INFO  main            d.u.i.k.p.i.AbstractProblemLoader Replaying proof ArrayList[ArrayList::enlarge()].JML normal_behavior operation contract.0 
34349      DEBUG main            d.u.i.k.p.i.IntermediateProofReplayer Proof replay took 5.9ns 
36885      INFO  main            d.u.i.k.p.r.p.TestFile    ... finished proof: closed. 
37105      INFO  main            d.u.i.k.p.i.AbstractProblemLoader Loading environment from /home/runner/work/key/key/key.core/../key.ui/examples/heap/list_ghost/ArrayList_enlarge.key.proof 
37108      DEBUG main            d.u.i.k.p.i.AbstractProblemLoader Environment load took 3.33ms 
37110      INFO  main            d.u.i.k.p.i.AbstractProblemLoader Creating init config 
40326      DEBUG main            d.u.i.k.p.i.AbstractProblemLoader Init config took 3.22s 
40410      INFO  main            d.u.i.k.p.i.AbstractProblemLoader Replaying proof ArrayList[ArrayList::enlarge()].JML normal_behavior operation contract.0 
41030      DEBUG main            d.u.i.k.p.i.IntermediateProofReplayer Proof replay took 599.5ms 
41032      DEBUG main            d.u.i.k.p.r.p.TestFile    ... success: reloaded. 
41036      INFO  main            d.u.i.k.p.r.p.TestFile    Now processing file /home/runner/work/key/key/key.core/../key.ui/examples/heap/list_ghost/ArrayList_get_dep.key 
41036      INFO  main            d.u.i.k.p.i.AbstractProblemLoader Loading environment from /home/runner/work/key/key/key.core/../key.ui/examples/heap/list_ghost/ArrayList_get_dep.key 
41037      DEBUG main            d.u.i.k.p.i.AbstractProblemLoader Environment load took 299ns 
41038      INFO  main            d.u.i.k.p.i.AbstractProblemLoader Creating init config 
44305      DEBUG main            d.u.i.k.p.i.AbstractProblemLoader Init config took 3.27s 
44384      INFO  main            d.u.i.k.p.i.AbstractProblemLoader Replaying proof ArrayList[List::get(int)].JML accessible clause.0 
44386      DEBUG main            d.u.i.k.p.i.IntermediateProofReplayer Proof replay took 7.1ns 
44790      INFO  main            d.u.i.k.p.r.p.TestFile    ... finished proof: closed. 
44987      INFO  main            d.u.i.k.p.i.AbstractProblemLoader Loading environment from /home/runner/work/key/key/key.core/../key.ui/examples/heap/list_ghost/ArrayList_get_dep.key.proof 
44987      DEBUG main            d.u.i.k.p.i.AbstractProblemLoader Environment load took 730.21ns 
44989      INFO  main            d.u.i.k.p.i.AbstractProblemLoader Creating init config 
48241      DEBUG main            d.u.i.k.p.i.AbstractProblemLoader Init config took 3.25s 
48294      INFO  main            d.u.i.k.p.i.AbstractProblemLoader Replaying proof ArrayList[List::get(int)].JML accessible clause.0 
48400      DEBUG main            d.u.i.k.p.i.IntermediateProofReplayer Proof replay took 101.95ms 
48401      DEBUG main            d.u.i.k.p.r.p.TestFile    ... success: reloaded. 
48402      INFO  main            d.u.i.k.p.r.p.TestFile    Now processing file /home/runner/work/key/key/key.core/../key.ui/examples/heap/list_ghost/ArrayList_get_exceptional.key 
48403      INFO  main            d.u.i.k.p.i.AbstractProblemLoader Loading environment from /home/runner/work/key/key/key.core/../key.ui/examples/heap/list_ghost/ArrayList_get_exceptional.key 
48403      DEBUG main            d.u.i.k.p.i.AbstractProblemLoader Environment load took 191.7ns 
48404      INFO  main            d.u.i.k.p.i.AbstractProblemLoader Creating init config 
51692      DEBUG main            d.u.i.k.p.i.AbstractProblemLoader Init config took 3.29s 
51743      INFO  main            d.u.i.k.p.i.AbstractProblemLoader Replaying proof ArrayList[List::get(int)].JML exceptional_behavior operation contract.0 
51745      DEBUG main            d.u.i.k.p.i.IntermediateProofReplayer Proof replay took 6ns 
52650      INFO  main            d.u.i.k.p.r.p.TestFile    ... finished proof: closed. 
52886      INFO  main            d.u.i.k.p.i.AbstractProblemLoader Loading environment from /home/runner/work/key/key/key.core/../key.ui/examples/heap/list_ghost/ArrayList_get_exceptional.key.proof 
52886      DEBUG main            d.u.i.k.p.i.AbstractProblemLoader Environment load took 145.6ns 
52888      INFO  main            d.u.i.k.p.i.AbstractProblemLoader Creating init config 
56060      DEBUG main            d.u.i.k.p.i.AbstractProblemLoader Init config took 3.17s 
56111      INFO  main            d.u.i.k.p.i.AbstractProblemLoader Replaying proof ArrayList[List::get(int)].JML exceptional_behavior operation contract.0 
56318      DEBUG main            d.u.i.k.p.i.IntermediateProofReplayer Proof replay took 200.12ms 
56320      DEBUG main            d.u.i.k.p.r.p.TestFile    ... success: reloaded. 
56321      INFO  main            d.u.i.k.p.r.p.TestFile    Now processing file /home/runner/work/key/key/key.core/../key.ui/examples/heap/list_ghost/ArrayList_get_normal.key 
56321      INFO  main            d.u.i.k.p.i.AbstractProblemLoader Loading environment from /home/runner/work/key/key/key.core/../key.ui/examples/heap/list_ghost/ArrayList_get_normal.key 
56322      DEBUG main            d.u.i.k.p.i.AbstractProblemLoader Environment load took 307.1ns 
56323      INFO  main            d.u.i.k.p.i.AbstractProblemLoader Creating init config 
59561      DEBUG main            d.u.i.k.p.i.AbstractProblemLoader Init config took 3.24s 
59612      INFO  main            d.u.i.k.p.i.AbstractProblemLoader Replaying proof ArrayList[List::get(int)].JML normal_behavior operation contract.0 
59615      DEBUG main            d.u.i.k.p.i.IntermediateProofReplayer Proof replay took 7.1ns 
59918      INFO  main            d.u.i.k.p.r.p.TestFile    ... finished proof: closed. 
60167      INFO  main            d.u.i.k.p.i.AbstractProblemLoader Loading environment from /home/runner/work/key/key/key.core/../key.ui/examples/heap/list_ghost/ArrayList_get_normal.key.proof 
60167      DEBUG main            d.u.i.k.p.i.AbstractProblemLoader Environment load took 734.81ns 
60169      INFO  main            d.u.i.k.p.i.AbstractProblemLoader Creating init config 
63397      DEBUG main            d.u.i.k.p.i.AbstractProblemLoader Init config took 3.23s 
63449      INFO  main            d.u.i.k.p.i.AbstractProblemLoader Replaying proof ArrayList[List::get(int)].JML normal_behavior operation contract.0 
63517      DEBUG main            d.u.i.k.p.i.IntermediateProofReplayer Proof replay took 64.37ms 
63519      DEBUG main            d.u.i.k.p.r.p.TestFile    ... success: reloaded. 
63520      INFO  main            d.u.i.k.p.r.p.TestFile    Now processing file /home/runner/work/key/key/key.core/../key.ui/examples/heap/list_ghost/ArrayList_inv.key 
63520      INFO  main            d.u.i.k.p.i.AbstractProblemLoader Loading environment from /home/runner/work/key/key/key.core/../key.ui/examples/heap/list_ghost/ArrayList_inv.key 
63527      DEBUG main            d.u.i.k.p.i.AbstractProblemLoader Environment load took 6.69ms 
63529      INFO  main            d.u.i.k.p.i.AbstractProblemLoader Creating init config 
66611      DEBUG main            d.u.i.k.p.i.AbstractProblemLoader Init config took 3.08s 
66688      INFO  main            d.u.i.k.p.i.AbstractProblemLoader Replaying proof ArrayList[java.lang.Object::<inv>()].JML accessible clause.0 
66690      DEBUG main            d.u.i.k.p.i.IntermediateProofReplayer Proof replay took 8ns 
66792      INFO  main            d.u.i.k.p.r.p.TestFile    ... finished proof: closed. 
66977      INFO  main            d.u.i.k.p.i.AbstractProblemLoader Loading environment from /home/runner/work/key/key/key.core/../key.ui/examples/heap/list_ghost/ArrayList_inv.key.proof 
66977      DEBUG main            d.u.i.k.p.i.AbstractProblemLoader Environment load took 129.6ns 
66978      INFO  main            d.u.i.k.p.i.AbstractProblemLoader Creating init config 
70131      DEBUG main            d.u.i.k.p.i.AbstractProblemLoader Init config took 3.15s 
70178      INFO  main            d.u.i.k.p.i.AbstractProblemLoader Replaying proof ArrayList[java.lang.Object::<inv>()].JML accessible clause.0 
70193      DEBUG main            d.u.i.k.p.i.IntermediateProofReplayer Proof replay took 12.65ms 
70195      DEBUG main            d.u.i.k.p.r.p.TestFile    ... success: reloaded. 
70196      INFO  main            d.u.i.k.p.r.p.TestFile    Now processing file /home/runner/work/key/key/key.core/../key.ui/examples/heap/list_ghost/ArrayList_size_dep.key 
70196      INFO  main            d.u.i.k.p.i.AbstractProblemLoader Loading environment from /home/runner/work/key/key/key.core/../key.ui/examples/heap/list_ghost/ArrayList_size_dep.key 
70197      DEBUG main            d.u.i.k.p.i.AbstractProblemLoader Environment load took 251.4ns 
70198      INFO  main            d.u.i.k.p.i.AbstractProblemLoader Creating init config 
73333      DEBUG main            d.u.i.k.p.i.AbstractProblemLoader Init config took 3.13s 
73379      INFO  main            d.u.i.k.p.i.AbstractProblemLoader Replaying proof ArrayList[List::size()].JML accessible clause.0 
73381      DEBUG main            d.u.i.k.p.i.IntermediateProofReplayer Proof replay took 7.5ns 
73485      INFO  main            d.u.i.k.p.r.p.TestFile    ... finished proof: closed. 
73690      INFO  main            d.u.i.k.p.i.AbstractProblemLoader Loading environment from /home/runner/work/key/key/key.core/../key.ui/examples/heap/list_ghost/ArrayList_size_dep.key.proof 
73691      DEBUG main            d.u.i.k.p.i.AbstractProblemLoader Environment load took 140ns 
73692      INFO  main            d.u.i.k.p.i.AbstractProblemLoader Creating init config 
76831      DEBUG main            d.u.i.k.p.i.AbstractProblemLoader Init config took 3.14s 
76876      INFO  main            d.u.i.k.p.i.AbstractProblemLoader Replaying proof ArrayList[List::size()].JML accessible clause.0 
76895      DEBUG main            d.u.i.k.p.i.IntermediateProofReplayer Proof replay took 16.26ms 
76896      DEBUG main            d.u.i.k.p.r.p.TestFile    ... success: reloaded. 
76897      INFO  main            d.u.i.k.p.r.p.TestFile    Now processing file /home/runner/work/key/key/key.core/../key.ui/examples/heap/list_ghost/ArrayList_size.key 
76897      INFO  main            d.u.i.k.p.i.AbstractProblemLoader Loading environment from /home/runner/work/key/key/key.core/../key.ui/examples/heap/list_ghost/ArrayList_size.key 
76898      DEBUG main            d.u.i.k.p.i.AbstractProblemLoader Environment load took 128.6ns 
76899      INFO  main            d.u.i.k.p.i.AbstractProblemLoader Creating init config 
80018      DEBUG main            d.u.i.k.p.i.AbstractProblemLoader Init config took 3.12s 
80068      INFO  main            d.u.i.k.p.i.AbstractProblemLoader Replaying proof ArrayList[List::size()].JML normal_behavior operation contract.0 
80072      DEBUG main            d.u.i.k.p.i.IntermediateProofReplayer Proof replay took 7.2ns 
80174      INFO  main            d.u.i.k.p.r.p.TestFile    ... finished proof: closed. 
80386      INFO  main            d.u.i.k.p.i.AbstractProblemLoader Loading environment from /home/runner/work/key/key/key.core/../key.ui/examples/heap/list_ghost/ArrayList_size.key.proof 
80386      DEBUG main            d.u.i.k.p.i.AbstractProblemLoader Environment load took 128.2ns 
80388      INFO  main            d.u.i.k.p.i.AbstractProblemLoader Creating init config 
83540      DEBUG main            d.u.i.k.p.i.AbstractProblemLoader Init config took 3.15s 
83592      INFO  main            d.u.i.k.p.i.AbstractProblemLoader Replaying proof ArrayList[List::size()].JML normal_behavior operation contract.0 
83613      DEBUG main            d.u.i.k.p.i.IntermediateProofReplayer Proof replay took 18.12ms 
83614      DEBUG main            d.u.i.k.p.r.p.TestFile    ... success: reloaded. 
1418165    INFO  Test worker     d.u.i.k.p.r.RunAllProofsTestUnit Returning from test list_ghost 
1418168    INFO  Test worker     d.u.i.k.p.r.RunAllProofsTestUnit Running test list_recursive 
440        INFO  Timeout watchdog d.u.i.k.p.r.p.ForkedTestFileRunner Timeout watcher launched (2000 secs.) 
453        WARN  main            d.u.i.k.s.ProofSettings   The settings in /home/runner/.key/proof-settings.props are *not* read. 
491        INFO  main            d.u.i.k.p.r.p.TestFile    Now processing file /home/runner/work/key/key/key.core/../key.ui/examples/heap/list_recursiveSpec/ListOperationsNonNull_getNextNN_normal_behavior.key 
629        INFO  main            d.u.i.k.p.i.AbstractProblemLoader Loading environment from /home/runner/work/key/key/key.core/../key.ui/examples/heap/list_recursiveSpec/ListOperationsNonNull_getNextNN_normal_behavior.key 
650        DEBUG main            d.u.i.k.p.i.AbstractProblemLoader Environment load took 2.61ms 
939        INFO  main            d.u.i.k.p.i.AbstractProblemLoader Creating init config 
2009       DEBUG main            d.u.i.k.j.TypeConverter   No LDT found for Meta 
2036       DEBUG main            d.u.i.k.j.TypeConverter   No LDT found for Meta 
2038       DEBUG main            d.u.i.k.j.TypeConverter   No LDT found for Meta 
2038       DEBUG main            d.u.i.k.j.TypeConverter   No LDT found for Meta 
4112       DEBUG main            d.u.i.k.j.TypeConverter   No LDT found for JavaBigintExpression 
10698      DEBUG main            d.u.i.k.p.i.AbstractProblemLoader Init config took 9.76s 
10864      INFO  main            d.u.i.k.p.i.AbstractProblemLoader Replaying proof ListOperationsNonNull[ListOperationsNonNull::getNextNN(ListNN,int)].JML normal_behavior operation contract.0 
10910      DEBUG main            d.u.i.k.p.i.IntermediateProofReplayer Proof replay took 36.6ns 
12558      INFO  main            d.u.i.k.p.r.p.TestFile    ... finished proof: closed. 
12709      INFO  main            d.u.i.k.p.i.AbstractProblemLoader Loading environment from /home/runner/work/key/key/key.core/../key.ui/examples/heap/list_recursiveSpec/ListOperationsNonNull_getNextNN_normal_behavior.key.proof 
12709      DEBUG main            d.u.i.k.p.i.AbstractProblemLoader Environment load took 205.63ns 
12712      INFO  main            d.u.i.k.p.i.AbstractProblemLoader Creating init config 
16522      DEBUG main            d.u.i.k.p.i.AbstractProblemLoader Init config took 3.81s 
16626      INFO  main            d.u.i.k.p.i.AbstractProblemLoader Replaying proof ListOperationsNonNull[ListOperationsNonNull::getNextNN(ListNN,int)].JML normal_behavior operation contract.0 
16840      DEBUG main            d.u.i.k.p.i.IntermediateProofReplayer Proof replay took 202.79ms 
16848      DEBUG main            d.u.i.k.p.r.p.TestFile    ... success: reloaded. 
16851      INFO  main            d.u.i.k.p.r.p.TestFile    Now processing file /home/runner/work/key/key/key.core/../key.ui/examples/heap/list_recursiveSpec/ListOperationsNonNull_setValueAt_normal_behavior.key 
16851      INFO  main            d.u.i.k.p.i.AbstractProblemLoader Loading environment from /home/runner/work/key/key/key.core/../key.ui/examples/heap/list_recursiveSpec/ListOperationsNonNull_setValueAt_normal_behavior.key 
16852      DEBUG main            d.u.i.k.p.i.AbstractProblemLoader Environment load took 272.7ns 
16854      INFO  main            d.u.i.k.p.i.AbstractProblemLoader Creating init config 
20366      DEBUG main            d.u.i.k.p.i.AbstractProblemLoader Init config took 3.51s 
20438      INFO  main            d.u.i.k.p.i.AbstractProblemLoader Replaying proof ListOperationsNonNull[ListOperationsNonNull::setValueAt_NN(ListNN,int,int)].JML normal_behavior operation contract.0 
20441      DEBUG main            d.u.i.k.p.i.IntermediateProofReplayer Proof replay took 6ns 
20477      DEBUG main            d.u.i.k.m.s.ProofScriptEngine 1: 'macro autopilot' 
23691      DEBUG main            d.u.i.k.m.s.ProofScriptEngine 2: 'macro simp-upd' 
23700      DEBUG main            d.u.i.k.m.s.ProofScriptEngine 3: 'rule observerDependencyEQ' 
23725      DEBUG main            d.u.i.k.m.s.ProofScriptEngine 4: 'tryclose' 
23767      INFO  main            d.u.i.k.p.r.p.TestFile    ... finished proof: closed. 
23961      INFO  main            d.u.i.k.p.i.AbstractProblemLoader Loading environment from /home/runner/work/key/key/key.core/../key.ui/examples/heap/list_recursiveSpec/ListOperationsNonNull_setValueAt_normal_behavior.key.proof 
23962      DEBUG main            d.u.i.k.p.i.AbstractProblemLoader Environment load took 1.07ms 
23965      INFO  main            d.u.i.k.p.i.AbstractProblemLoader Creating init config 
27100      DEBUG main            d.u.i.k.p.i.AbstractProblemLoader Init config took 3.14s 
27173      INFO  main            d.u.i.k.p.i.AbstractProblemLoader Replaying proof ListOperationsNonNull[ListOperationsNonNull::setValueAt_NN(ListNN,int,int)].JML normal_behavior operation contract.0 
27380      DEBUG main            d.u.i.k.p.i.IntermediateProofReplayer Proof replay took 194.23ms 
27383      DEBUG main            d.u.i.k.p.r.p.TestFile    ... success: reloaded. 
1445757    INFO  Test worker     d.u.i.k.p.r.RunAllProofsTestUnit Returning from test list_recursive 
1445758    INFO  Test worker     d.u.i.k.p.r.RunAllProofsTestUnit Running test list_seq 
450        INFO  Timeout watchdog d.u.i.k.p.r.p.ForkedTestFileRunner Timeout watcher launched (2000 secs.) 
465        WARN  main            d.u.i.k.s.ProofSettings   The settings in /home/runner/.key/proof-settings.props are *not* read. 
532        INFO  main            d.u.i.k.p.r.p.TestFile    Now processing file /home/runner/work/key/key/key.core/../key.ui/examples/heap/list_seq/SimplifiedLinkedList.remove.key 
671        INFO  main            d.u.i.k.p.i.AbstractProblemLoader Loading environment from /home/runner/work/key/key/key.core/../key.ui/examples/heap/list_seq/SimplifiedLinkedList.remove.key 
689        DEBUG main            d.u.i.k.p.i.AbstractProblemLoader Environment load took 2.13ms 
944        INFO  main            d.u.i.k.p.i.AbstractProblemLoader Creating init config 
2163       DEBUG main            d.u.i.k.j.TypeConverter   No LDT found for Meta 
2164       DEBUG main            d.u.i.k.j.TypeConverter   No LDT found for Meta 
2165       DEBUG main            d.u.i.k.j.TypeConverter   No LDT found for Meta 
2165       DEBUG main            d.u.i.k.j.TypeConverter   No LDT found for Meta 
3987       DEBUG main            d.u.i.k.j.TypeConverter   No LDT found for JavaBigintExpression 
10258      DEBUG main            d.u.i.k.p.i.AbstractProblemLoader Init config took 9.31s 
10437      INFO  main            d.u.i.k.p.i.AbstractProblemLoader Replaying proof SimplifiedLinkedList[SimplifiedLinkedList::remove(int)].JML normal_behavior operation contract.0 
10507      DEBUG main            d.u.i.k.p.i.IntermediateProofReplayer Proof replay took 49.4ns 
111660     INFO  main            d.u.i.k.p.r.p.TestFile    ... finished proof: closed. 
112142     INFO  main            d.u.i.k.p.i.AbstractProblemLoader Loading environment from /home/runner/work/key/key/key.core/../key.ui/examples/heap/list_seq/SimplifiedLinkedList.remove.key.proof 
112143     DEBUG main            d.u.i.k.p.i.AbstractProblemLoader Environment load took 527.71ns 
112165     INFO  main            d.u.i.k.p.i.AbstractProblemLoader Creating init config 
115683     DEBUG main            d.u.i.k.p.i.AbstractProblemLoader Init config took 3.52s 
115796     INFO  main            d.u.i.k.p.i.AbstractProblemLoader Replaying proof SimplifiedLinkedList[SimplifiedLinkedList::remove(int)].JML normal_behavior operation contract.0 
121189     DEBUG main            d.u.i.k.p.i.IntermediateProofReplayer Proof replay took 5.14s 
121208     DEBUG main            d.u.i.k.p.r.p.TestFile    ... success: reloaded. 
121210     INFO  main            d.u.i.k.p.r.p.TestFile    Now processing file /home/runner/work/key/key/key.core/../key.ui/examples/heap/list_seq/ArrayList.ArrayList.key 
121211     INFO  main            d.u.i.k.p.i.AbstractProblemLoader Loading environment from /home/runner/work/key/key/key.core/../key.ui/examples/heap/list_seq/ArrayList.ArrayList.key 
121211     DEBUG main            d.u.i.k.p.i.AbstractProblemLoader Environment load took 255.31ns 
121213     INFO  main            d.u.i.k.p.i.AbstractProblemLoader Creating init config 
124541     DEBUG main            d.u.i.k.p.i.AbstractProblemLoader Init config took 3.33s 
124640     INFO  main            d.u.i.k.p.i.AbstractProblemLoader Replaying proof ArrayList[ArrayList::ArrayList()].JML normal_behavior operation contract.0 
124642     DEBUG main            d.u.i.k.p.i.IntermediateProofReplayer Proof replay took 5.5ns 
125647     INFO  main            d.u.i.k.p.r.p.TestFile    ... finished proof: closed. 
125862     INFO  main            d.u.i.k.p.i.AbstractProblemLoader Loading environment from /home/runner/work/key/key/key.core/../key.ui/examples/heap/list_seq/ArrayList.ArrayList.key.proof 
125863     DEBUG main            d.u.i.k.p.i.AbstractProblemLoader Environment load took 459.51ns 
125864     INFO  main            d.u.i.k.p.i.AbstractProblemLoader Creating init config 
129176     DEBUG main            d.u.i.k.p.i.AbstractProblemLoader Init config took 3.31s 
129262     INFO  main            d.u.i.k.p.i.AbstractProblemLoader Replaying proof ArrayList[ArrayList::ArrayList()].JML normal_behavior operation contract.0 
129468     DEBUG main            d.u.i.k.p.i.IntermediateProofReplayer Proof replay took 195.58ms 
129470     DEBUG main            d.u.i.k.p.r.p.TestFile    ... success: reloaded. 
129471     INFO  main            d.u.i.k.p.r.p.TestFile    Now processing file /home/runner/work/key/key/key.core/../key.ui/examples/heap/list_seq/ArrayList.add.key 
129472     INFO  main            d.u.i.k.p.i.AbstractProblemLoader Loading environment from /home/runner/work/key/key/key.core/../key.ui/examples/heap/list_seq/ArrayList.add.key 
129472     DEBUG main            d.u.i.k.p.i.AbstractProblemLoader Environment load took 251.1ns 
129473     INFO  main            d.u.i.k.p.i.AbstractProblemLoader Creating init config 
132743     DEBUG main            d.u.i.k.p.i.AbstractProblemLoader Init config took 3.27s 
132839     INFO  main            d.u.i.k.p.i.AbstractProblemLoader Replaying proof ArrayList[List::add(java.lang.Object)].JML normal_behavior operation contract.0 
132841     DEBUG main            d.u.i.k.p.i.IntermediateProofReplayer Proof replay took 16.4ns 
136754     INFO  main            d.u.i.k.p.r.p.TestFile    ... finished proof: closed. 
136956     INFO  main            d.u.i.k.p.i.AbstractProblemLoader Loading environment from /home/runner/work/key/key/key.core/../key.ui/examples/heap/list_seq/ArrayList.add.key.proof 
136956     DEBUG main            d.u.i.k.p.i.AbstractProblemLoader Environment load took 459.61ns 
136958     INFO  main            d.u.i.k.p.i.AbstractProblemLoader Creating init config 
140093     DEBUG main            d.u.i.k.p.i.AbstractProblemLoader Init config took 3.13s 
140207     INFO  main            d.u.i.k.p.i.AbstractProblemLoader Replaying proof ArrayList[List::add(java.lang.Object)].JML normal_behavior operation contract.0 
140734     DEBUG main            d.u.i.k.p.i.IntermediateProofReplayer Proof replay took 513.77ms 
140736     DEBUG main            d.u.i.k.p.r.p.TestFile    ... success: reloaded. 
140737     INFO  main            d.u.i.k.p.r.p.TestFile    Now processing file /home/runner/work/key/key/key.core/../key.ui/examples/heap/list_seq/ArrayList.contains.key 
140738     INFO  main            d.u.i.k.p.i.AbstractProblemLoader Loading environment from /home/runner/work/key/key/key.core/../key.ui/examples/heap/list_seq/ArrayList.contains.key 
140738     DEBUG main            d.u.i.k.p.i.AbstractProblemLoader Environment load took 235.41ns 
140739     INFO  main            d.u.i.k.p.i.AbstractProblemLoader Creating init config 
144061     DEBUG main            d.u.i.k.p.i.AbstractProblemLoader Init config took 3.32s 
144141     INFO  main            d.u.i.k.p.i.AbstractProblemLoader Replaying proof ArrayList[List::contains(java.lang.Object)].JML normal_behavior operation contract.0 
144143     DEBUG main            d.u.i.k.p.i.IntermediateProofReplayer Proof replay took 5.5ns 
145848     INFO  main            d.u.i.k.p.r.p.TestFile    ... finished proof: closed. 
146053     INFO  main            d.u.i.k.p.i.AbstractProblemLoader Loading environment from /home/runner/work/key/key/key.core/../key.ui/examples/heap/list_seq/ArrayList.contains.key.proof 
146053     DEBUG main            d.u.i.k.p.i.AbstractProblemLoader Environment load took 506.31ns 
146055     INFO  main            d.u.i.k.p.i.AbstractProblemLoader Creating init config 
149198     DEBUG main            d.u.i.k.p.i.AbstractProblemLoader Init config took 3.14s 
149305     INFO  main            d.u.i.k.p.i.AbstractProblemLoader Replaying proof ArrayList[List::contains(java.lang.Object)].JML normal_behavior operation contract.0 
149602     DEBUG main            d.u.i.k.p.i.IntermediateProofReplayer Proof replay took 291.07ms 
149604     DEBUG main            d.u.i.k.p.r.p.TestFile    ... success: reloaded. 
149605     INFO  main            d.u.i.k.p.r.p.TestFile    Now processing file /home/runner/work/key/key/key.core/../key.ui/examples/heap/list_seq/ArrayList.enlarge.key 
149605     INFO  main            d.u.i.k.p.i.AbstractProblemLoader Loading environment from /home/runner/work/key/key/key.core/../key.ui/examples/heap/list_seq/ArrayList.enlarge.key 
149606     DEBUG main            d.u.i.k.p.i.AbstractProblemLoader Environment load took 230.81ns 
149607     INFO  main            d.u.i.k.p.i.AbstractProblemLoader Creating init config 
152825     DEBUG main            d.u.i.k.p.i.AbstractProblemLoader Init config took 3.22s 
152904     INFO  main            d.u.i.k.p.i.AbstractProblemLoader Replaying proof ArrayList[ArrayList::enlarge()].JML normal_behavior operation contract.0 
152905     DEBUG main            d.u.i.k.p.i.IntermediateProofReplayer Proof replay took 5.7ns 
155213     INFO  main            d.u.i.k.p.r.p.TestFile    ... finished proof: closed. 
155435     INFO  main            d.u.i.k.p.i.AbstractProblemLoader Loading environment from /home/runner/work/key/key/key.core/../key.ui/examples/heap/list_seq/ArrayList.enlarge.key.proof 
155436     DEBUG main            d.u.i.k.p.i.AbstractProblemLoader Environment load took 448.11ns 
155437     INFO  main            d.u.i.k.p.i.AbstractProblemLoader Creating init config 
158612     DEBUG main            d.u.i.k.p.i.AbstractProblemLoader Init config took 3.17s 
158692     INFO  main            d.u.i.k.p.i.AbstractProblemLoader Replaying proof ArrayList[ArrayList::enlarge()].JML normal_behavior operation contract.0 
159118     DEBUG main            d.u.i.k.p.i.IntermediateProofReplayer Proof replay took 418.04ms 
159119     DEBUG main            d.u.i.k.p.r.p.TestFile    ... success: reloaded. 
159120     INFO  main            d.u.i.k.p.r.p.TestFile    Now processing file /home/runner/work/key/key/key.core/../key.ui/examples/heap/list_seq/ArrayList.get.key 
159121     INFO  main            d.u.i.k.p.i.AbstractProblemLoader Loading environment from /home/runner/work/key/key/key.core/../key.ui/examples/heap/list_seq/ArrayList.get.key 
159121     DEBUG main            d.u.i.k.p.i.AbstractProblemLoader Environment load took 243.31ns 
159122     INFO  main            d.u.i.k.p.i.AbstractProblemLoader Creating init config 
162323     DEBUG main            d.u.i.k.p.i.AbstractProblemLoader Init config took 3.2s 
162420     INFO  main            d.u.i.k.p.i.AbstractProblemLoader Replaying proof ArrayList[List::get(int)].JML normal_behavior operation contract.0 
162421     DEBUG main            d.u.i.k.p.i.IntermediateProofReplayer Proof replay took 5.7ns 
163025     INFO  main            d.u.i.k.p.r.p.TestFile    ... finished proof: closed. 
163235     INFO  main            d.u.i.k.p.i.AbstractProblemLoader Loading environment from /home/runner/work/key/key/key.core/../key.ui/examples/heap/list_seq/ArrayList.get.key.proof 
163236     DEBUG main            d.u.i.k.p.i.AbstractProblemLoader Environment load took 469.71ns 
163237     INFO  main            d.u.i.k.p.i.AbstractProblemLoader Creating init config 
166349     DEBUG main            d.u.i.k.p.i.AbstractProblemLoader Init config took 3.11s 
166427     INFO  main            d.u.i.k.p.i.AbstractProblemLoader Replaying proof ArrayList[List::get(int)].JML normal_behavior operation contract.0 
166529     DEBUG main            d.u.i.k.p.i.IntermediateProofReplayer Proof replay took 98.68ms 
166530     DEBUG main            d.u.i.k.p.r.p.TestFile    ... success: reloaded. 
166531     INFO  main            d.u.i.k.p.r.p.TestFile    Now processing file /home/runner/work/key/key/key.core/../key.ui/examples/heap/list_seq/ArrayList.newArray.key 
166531     INFO  main            d.u.i.k.p.i.AbstractProblemLoader Loading environment from /home/runner/work/key/key/key.core/../key.ui/examples/heap/list_seq/ArrayList.newArray.key 
166531     DEBUG main            d.u.i.k.p.i.AbstractProblemLoader Environment load took 119.6ns 
166533     INFO  main            d.u.i.k.p.i.AbstractProblemLoader Creating init config 
169730     DEBUG main            d.u.i.k.p.i.AbstractProblemLoader Init config took 3.2s 
169815     INFO  main            d.u.i.k.p.i.AbstractProblemLoader Replaying proof ArrayList[ArrayList::newArray(int)].JML normal_behavior operation contract.0 
169816     DEBUG main            d.u.i.k.p.i.IntermediateProofReplayer Proof replay took 6.3ns 
170119     INFO  main            d.u.i.k.p.r.p.TestFile    ... finished proof: closed. 
170338     INFO  main            d.u.i.k.p.i.AbstractProblemLoader Loading environment from /home/runner/work/key/key/key.core/../key.ui/examples/heap/list_seq/ArrayList.newArray.key.proof 
170338     DEBUG main            d.u.i.k.p.i.AbstractProblemLoader Environment load took 121.7ns 
170339     INFO  main            d.u.i.k.p.i.AbstractProblemLoader Creating init config 
173467     DEBUG main            d.u.i.k.p.i.AbstractProblemLoader Init config took 3.13s 
173548     INFO  main            d.u.i.k.p.i.AbstractProblemLoader Replaying proof ArrayList[ArrayList::newArray(int)].JML normal_behavior operation contract.0 
173617     DEBUG main            d.u.i.k.p.i.IntermediateProofReplayer Proof replay took 66.51ms 
173619     DEBUG main            d.u.i.k.p.r.p.TestFile    ... success: reloaded. 
173620     INFO  main            d.u.i.k.p.r.p.TestFile    Now processing file /home/runner/work/key/key/key.core/../key.ui/examples/heap/list_seq/ArrayList.remove.0.key 
173620     INFO  main            d.u.i.k.p.i.AbstractProblemLoader Loading environment from /home/runner/work/key/key/key.core/../key.ui/examples/heap/list_seq/ArrayList.remove.0.key 
173620     DEBUG main            d.u.i.k.p.i.AbstractProblemLoader Environment load took 207.31ns 
173621     INFO  main            d.u.i.k.p.i.AbstractProblemLoader Creating init config 
176786     DEBUG main            d.u.i.k.p.i.AbstractProblemLoader Init config took 3.16s 
176863     INFO  main            d.u.i.k.p.i.AbstractProblemLoader Replaying proof ArrayList[List::remove(java.lang.Object)].JML normal_behavior operation contract.0 
176865     DEBUG main            d.u.i.k.p.i.IntermediateProofReplayer Proof replay took 5.9ns 
179107     INFO  main            d.u.i.k.p.r.p.TestFile    ... finished proof: closed. 
179340     INFO  main            d.u.i.k.p.i.AbstractProblemLoader Loading environment from /home/runner/work/key/key/key.core/../key.ui/examples/heap/list_seq/ArrayList.remove.0.key.proof 
179341     DEBUG main            d.u.i.k.p.i.AbstractProblemLoader Environment load took 552.71ns 
179342     INFO  main            d.u.i.k.p.i.AbstractProblemLoader Creating init config 
182383     DEBUG main            d.u.i.k.p.i.AbstractProblemLoader Init config took 3.04s 
182470     INFO  main            d.u.i.k.p.i.AbstractProblemLoader Replaying proof ArrayList[List::remove(java.lang.Object)].JML normal_behavior operation contract.0 
183067     DEBUG main            d.u.i.k.p.i.IntermediateProofReplayer Proof replay took 590.34ms 
183069     DEBUG main            d.u.i.k.p.r.p.TestFile    ... success: reloaded. 
183070     INFO  main            d.u.i.k.p.r.p.TestFile    Now processing file /home/runner/work/key/key/key.core/../key.ui/examples/heap/list_seq/ArrayList.remove.1.key 
183070     INFO  main            d.u.i.k.p.i.AbstractProblemLoader Loading environment from /home/runner/work/key/key/key.core/../key.ui/examples/heap/list_seq/ArrayList.remove.1.key 
183071     DEBUG main            d.u.i.k.p.i.AbstractProblemLoader Environment load took 242ns 
183072     INFO  main            d.u.i.k.p.i.AbstractProblemLoader Creating init config 
186185     DEBUG main            d.u.i.k.p.i.AbstractProblemLoader Init config took 3.11s 
186261     INFO  main            d.u.i.k.p.i.AbstractProblemLoader Replaying proof ArrayList[List::remove(java.lang.Object)].JML normal_behavior operation contract.1 
186263     DEBUG main            d.u.i.k.p.i.IntermediateProofReplayer Proof replay took 5.9ns 
199284     INFO  main            d.u.i.k.p.r.p.TestFile    ... finished proof: closed. 
199592     INFO  main            d.u.i.k.p.i.AbstractProblemLoader Loading environment from /home/runner/work/key/key/key.core/../key.ui/examples/heap/list_seq/ArrayList.remove.1.key.proof 
199593     DEBUG main            d.u.i.k.p.i.AbstractProblemLoader Environment load took 230.81ns 
199595     INFO  main            d.u.i.k.p.i.AbstractProblemLoader Creating init config 
202640     DEBUG main            d.u.i.k.p.i.AbstractProblemLoader Init config took 3.04s 
202725     INFO  main            d.u.i.k.p.i.AbstractProblemLoader Replaying proof ArrayList[List::remove(java.lang.Object)].JML normal_behavior operation contract.1 
204403     DEBUG main            d.u.i.k.p.i.IntermediateProofReplayer Proof replay took 1.64s 
204405     DEBUG main            d.u.i.k.p.r.p.TestFile    ... success: reloaded. 
1650384    INFO  Test worker     d.u.i.k.p.r.RunAllProofsTestUnit Returning from test list_seq 
1650386    INFO  Test worker     d.u.i.k.p.r.RunAllProofsTestUnit Running test observer 
404        INFO  Timeout watchdog d.u.i.k.p.r.p.ForkedTestFileRunner Timeout watcher launched (2000 secs.) 
417        WARN  main            d.u.i.k.s.ProofSettings   The settings in /home/runner/.key/proof-settings.props are *not* read. 
447        INFO  main            d.u.i.k.p.r.p.TestFile    Now processing file /home/runner/work/key/key/key.core/../key.ui/examples/heap/observer/ExampleObserver_ExampleObserver.key 
577        INFO  main            d.u.i.k.p.i.AbstractProblemLoader Loading environment from /home/runner/work/key/key/key.core/../key.ui/examples/heap/observer/ExampleObserver_ExampleObserver.key 
594        DEBUG main            d.u.i.k.p.i.AbstractProblemLoader Environment load took 2.36ms 
830        INFO  main            d.u.i.k.p.i.AbstractProblemLoader Creating init config 
1868       DEBUG main            d.u.i.k.j.TypeConverter   No LDT found for Meta 
1868       DEBUG main            d.u.i.k.j.TypeConverter   No LDT found for Meta 
1869       DEBUG main            d.u.i.k.j.TypeConverter   No LDT found for Meta 
1870       DEBUG main            d.u.i.k.j.TypeConverter   No LDT found for Meta 
3437       DEBUG main            d.u.i.k.j.TypeConverter   No LDT found for JavaBigintExpression 
9593       DEBUG main            d.u.i.k.p.i.AbstractProblemLoader Init config took 8.76s 
9757       INFO  main            d.u.i.k.p.i.AbstractProblemLoader Replaying proof ExampleObserver[ExampleObserver::ExampleObserver(ExampleSubject)].JML normal_behavior operation contract.0 
9802       DEBUG main            d.u.i.k.p.i.IntermediateProofReplayer Proof replay took 35.5ns 
10970      INFO  main            d.u.i.k.p.r.p.TestFile    ... finished proof: closed. 
11112      INFO  main            d.u.i.k.p.i.AbstractProblemLoader Loading environment from /home/runner/work/key/key/key.core/../key.ui/examples/heap/observer/ExampleObserver_ExampleObserver.key.proof 
11112      DEBUG main            d.u.i.k.p.i.AbstractProblemLoader Environment load took 155.4ns 
11114      INFO  main            d.u.i.k.p.i.AbstractProblemLoader Creating init config 
14762      DEBUG main            d.u.i.k.p.i.AbstractProblemLoader Init config took 3.65s 
14867      INFO  main            d.u.i.k.p.i.AbstractProblemLoader Replaying proof ExampleObserver[ExampleObserver::ExampleObserver(ExampleSubject)].JML normal_behavior operation contract.0 
15054      DEBUG main            d.u.i.k.p.i.IntermediateProofReplayer Proof replay took 175.04ms 
15071      DEBUG main            d.u.i.k.p.r.p.TestFile    ... success: reloaded. 
15079      INFO  main            d.u.i.k.p.r.p.TestFile    Now processing file /home/runner/work/key/key/key.core/../key.ui/examples/heap/observer/ExampleObserver_inv.key 
15080      INFO  main            d.u.i.k.p.i.AbstractProblemLoader Loading environment from /home/runner/work/key/key/key.core/../key.ui/examples/heap/observer/ExampleObserver_inv.key 
15080      DEBUG main            d.u.i.k.p.i.AbstractProblemLoader Environment load took 173.3ns 
15082      INFO  main            d.u.i.k.p.i.AbstractProblemLoader Creating init config 
18756      DEBUG main            d.u.i.k.p.i.AbstractProblemLoader Init config took 3.67s 
18851      INFO  main            d.u.i.k.p.i.AbstractProblemLoader Replaying proof ExampleObserver[java.lang.Object::<inv>()].JML accessible clause.0 
18854      DEBUG main            d.u.i.k.p.i.IntermediateProofReplayer Proof replay took 7.1ns 
18957      INFO  main            d.u.i.k.p.r.p.TestFile    ... finished proof: closed. 
19111      INFO  main            d.u.i.k.p.i.AbstractProblemLoader Loading environment from /home/runner/work/key/key/key.core/../key.ui/examples/heap/observer/ExampleObserver_inv.key.proof 
19111      DEBUG main            d.u.i.k.p.i.AbstractProblemLoader Environment load took 134.1ns 
19113      INFO  main            d.u.i.k.p.i.AbstractProblemLoader Creating init config 
22622      DEBUG main            d.u.i.k.p.i.AbstractProblemLoader Init config took 3.51s 
22689      INFO  main            d.u.i.k.p.i.AbstractProblemLoader Replaying proof ExampleObserver[java.lang.Object::<inv>()].JML accessible clause.0 
22710      DEBUG main            d.u.i.k.p.i.IntermediateProofReplayer Proof replay took 17.67ms 
22711      DEBUG main            d.u.i.k.p.r.p.TestFile    ... success: reloaded. 
22713      INFO  main            d.u.i.k.p.r.p.TestFile    Now processing file /home/runner/work/key/key/key.core/../key.ui/examples/heap/observer/ExampleObserver_subject.key 
22713      INFO  main            d.u.i.k.p.i.AbstractProblemLoader Loading environment from /home/runner/work/key/key/key.core/../key.ui/examples/heap/observer/ExampleObserver_subject.key 
22714      DEBUG main            d.u.i.k.p.i.AbstractProblemLoader Environment load took 256.7ns 
22715      INFO  main            d.u.i.k.p.i.AbstractProblemLoader Creating init config 
26112      DEBUG main            d.u.i.k.p.i.AbstractProblemLoader Init config took 3.4s 
26173      INFO  main            d.u.i.k.p.i.AbstractProblemLoader Replaying proof Observer[Observer::$subject()].JML accessible clause.0 
26175      DEBUG main            d.u.i.k.p.i.IntermediateProofReplayer Proof replay took 6.6ns 
26277      INFO  main            d.u.i.k.p.r.p.TestFile    ... finished proof: closed. 
26478      INFO  main            d.u.i.k.p.i.AbstractProblemLoader Loading environment from /home/runner/work/key/key/key.core/../key.ui/examples/heap/observer/ExampleObserver_subject.key.proof 
26478      DEBUG main            d.u.i.k.p.i.AbstractProblemLoader Environment load took 138.3ns 
26480      INFO  main            d.u.i.k.p.i.AbstractProblemLoader Creating init config 
29894      DEBUG main            d.u.i.k.p.i.AbstractProblemLoader Init config took 3.41s 
29952      INFO  main            d.u.i.k.p.i.AbstractProblemLoader Replaying proof Observer[Observer::$subject()].JML accessible clause.0 
29958      DEBUG main            d.u.i.k.p.i.IntermediateProofReplayer Proof replay took 2.39ms 
29959      DEBUG main            d.u.i.k.p.r.p.TestFile    ... success: reloaded. 
29960      INFO  main            d.u.i.k.p.r.p.TestFile    Now processing file /home/runner/work/key/key/key.core/../key.ui/examples/heap/observer/ExampleObserver_update.key 
29961      INFO  main            d.u.i.k.p.i.AbstractProblemLoader Loading environment from /home/runner/work/key/key/key.core/../key.ui/examples/heap/observer/ExampleObserver_update.key 
29961      DEBUG main            d.u.i.k.p.i.AbstractProblemLoader Environment load took 156ns 
29962      INFO  main            d.u.i.k.p.i.AbstractProblemLoader Creating init config 
33411      DEBUG main            d.u.i.k.p.i.AbstractProblemLoader Init config took 3.45s 
33471      INFO  main            d.u.i.k.p.i.AbstractProblemLoader Replaying proof ExampleObserver[Observer::update()].JML normal_behavior operation contract.0 
33474      DEBUG main            d.u.i.k.p.i.IntermediateProofReplayer Proof replay took 6.6ns 
33877      INFO  main            d.u.i.k.p.r.p.TestFile    ... finished proof: closed. 
34064      INFO  main            d.u.i.k.p.i.AbstractProblemLoader Loading environment from /home/runner/work/key/key/key.core/../key.ui/examples/heap/observer/ExampleObserver_update.key.proof 
34065      DEBUG main            d.u.i.k.p.i.AbstractProblemLoader Environment load took 503.51ns 
34066      INFO  main            d.u.i.k.p.i.AbstractProblemLoader Creating init config 
37400      DEBUG main            d.u.i.k.p.i.AbstractProblemLoader Init config took 3.33s 
37465      INFO  main            d.u.i.k.p.i.AbstractProblemLoader Replaying proof ExampleObserver[Observer::update()].JML normal_behavior operation contract.0 
37569      DEBUG main            d.u.i.k.p.i.IntermediateProofReplayer Proof replay took 100.65ms 
37571      DEBUG main            d.u.i.k.p.r.p.TestFile    ... success: reloaded. 
37573      INFO  main            d.u.i.k.p.r.p.TestFile    Now processing file /home/runner/work/key/key/key.core/../key.ui/examples/heap/observer/ExampleObserver_upToDate.key 
37573      INFO  main            d.u.i.k.p.i.AbstractProblemLoader Loading environment from /home/runner/work/key/key/key.core/../key.ui/examples/heap/observer/ExampleObserver_upToDate.key 
37573      DEBUG main            d.u.i.k.p.i.AbstractProblemLoader Environment load took 223.21ns 
37574      INFO  main            d.u.i.k.p.i.AbstractProblemLoader Creating init config 
40882      DEBUG main            d.u.i.k.p.i.AbstractProblemLoader Init config took 3.31s 
40943      INFO  main            d.u.i.k.p.i.AbstractProblemLoader Replaying proof ExampleObserver[Observer::$upToDate()].JML accessible clause.0 
40947      DEBUG main            d.u.i.k.p.i.IntermediateProofReplayer Proof replay took 7.8ns 
41150      INFO  main            d.u.i.k.p.r.p.TestFile    ... finished proof: closed. 
41329      INFO  main            d.u.i.k.p.i.AbstractProblemLoader Loading environment from /home/runner/work/key/key/key.core/../key.ui/examples/heap/observer/ExampleObserver_upToDate.key.proof 
41329      DEBUG main            d.u.i.k.p.i.AbstractProblemLoader Environment load took 130.3ns 
41330      INFO  main            d.u.i.k.p.i.AbstractProblemLoader Creating init config 
44395      DEBUG main            d.u.i.k.p.i.AbstractProblemLoader Init config took 3.06s 
44444      INFO  main            d.u.i.k.p.i.AbstractProblemLoader Replaying proof ExampleObserver[Observer::$upToDate()].JML accessible clause.0 
44469      DEBUG main            d.u.i.k.p.i.IntermediateProofReplayer Proof replay took 21.8ms 
44470      DEBUG main            d.u.i.k.p.r.p.TestFile    ... success: reloaded. 
44471      INFO  main            d.u.i.k.p.r.p.TestFile    Now processing file /home/runner/work/key/key/key.core/../key.ui/examples/heap/observer/ExampleObserver_value.key 
44471      INFO  main            d.u.i.k.p.i.AbstractProblemLoader Loading environment from /home/runner/work/key/key/key.core/../key.ui/examples/heap/observer/ExampleObserver_value.key 
44472      DEBUG main            d.u.i.k.p.i.AbstractProblemLoader Environment load took 146.6ns 
44473      INFO  main            d.u.i.k.p.i.AbstractProblemLoader Creating init config 
47538      DEBUG main            d.u.i.k.p.i.AbstractProblemLoader Init config took 3.07s 
47597      INFO  main            d.u.i.k.p.i.AbstractProblemLoader Replaying proof ExampleObserver[ExampleObserver::value()].JML normal_behavior operation contract.0 
47600      DEBUG main            d.u.i.k.p.i.IntermediateProofReplayer Proof replay took 6.6ns 
47705      INFO  main            d.u.i.k.p.r.p.TestFile    ... finished proof: closed. 
47907      INFO  main            d.u.i.k.p.i.AbstractProblemLoader Loading environment from /home/runner/work/key/key/key.core/../key.ui/examples/heap/observer/ExampleObserver_value.key.proof 
47909      DEBUG main            d.u.i.k.p.i.AbstractProblemLoader Environment load took 131.7ns 
47910      INFO  main            d.u.i.k.p.i.AbstractProblemLoader Creating init config 
50945      DEBUG main            d.u.i.k.p.i.AbstractProblemLoader Init config took 3.04s 
51000      INFO  main            d.u.i.k.p.i.AbstractProblemLoader Replaying proof ExampleObserver[ExampleObserver::value()].JML normal_behavior operation contract.0 
51023      DEBUG main            d.u.i.k.p.i.IntermediateProofReplayer Proof replay took 21.21ms 
51024      DEBUG main            d.u.i.k.p.r.p.TestFile    ... success: reloaded. 
51026      INFO  main            d.u.i.k.p.r.p.TestFile    Now processing file /home/runner/work/key/key/key.core/../key.ui/examples/heap/observer/ExampleSubject_addObserver.key 
51026      INFO  main            d.u.i.k.p.i.AbstractProblemLoader Loading environment from /home/runner/work/key/key/key.core/../key.ui/examples/heap/observer/ExampleSubject_addObserver.key 
51026      DEBUG main            d.u.i.k.p.i.AbstractProblemLoader Environment load took 110.3ns 
51027      INFO  main            d.u.i.k.p.i.AbstractProblemLoader Creating init config 
54147      DEBUG main            d.u.i.k.p.i.AbstractProblemLoader Init config took 3.12s 
54224      INFO  main            d.u.i.k.p.i.AbstractProblemLoader Replaying proof ExampleSubject[Subject::addObserver(Observer)].JML normal_behavior operation contract.0 
54225      DEBUG main            d.u.i.k.p.i.IntermediateProofReplayer Proof replay took 7.8ns 
60516      INFO  main            d.u.i.k.p.r.p.TestFile    ... finished proof: closed. 
60760      INFO  main            d.u.i.k.p.i.AbstractProblemLoader Loading environment from /home/runner/work/key/key/key.core/../key.ui/examples/heap/observer/ExampleSubject_addObserver.key.proof 
60760      DEBUG main            d.u.i.k.p.i.AbstractProblemLoader Environment load took 493.81ns 
60764      INFO  main            d.u.i.k.p.i.AbstractProblemLoader Creating init config 
63752      DEBUG main            d.u.i.k.p.i.AbstractProblemLoader Init config took 2.99s 
63819      INFO  main            d.u.i.k.p.i.AbstractProblemLoader Replaying proof ExampleSubject[Subject::addObserver(Observer)].JML normal_behavior operation contract.0 
64736      DEBUG main            d.u.i.k.p.i.IntermediateProofReplayer Proof replay took 889.63ms 
64738      DEBUG main            d.u.i.k.p.r.p.TestFile    ... success: reloaded. 
64740      INFO  main            d.u.i.k.p.r.p.TestFile    Now processing file /home/runner/work/key/key/key.core/../key.ui/examples/heap/observer/ExampleSubject_change.key 
64740      INFO  main            d.u.i.k.p.i.AbstractProblemLoader Loading environment from /home/runner/work/key/key/key.core/../key.ui/examples/heap/observer/ExampleSubject_change.key 
64741      DEBUG main            d.u.i.k.p.i.AbstractProblemLoader Environment load took 276.31ns 
64742      INFO  main            d.u.i.k.p.i.AbstractProblemLoader Creating init config 
67836      DEBUG main            d.u.i.k.p.i.AbstractProblemLoader Init config took 3.09s 
67890      INFO  main            d.u.i.k.p.i.AbstractProblemLoader Replaying proof ExampleSubject[ExampleSubject::change()].JML normal_behavior operation contract.0 
67892      DEBUG main            d.u.i.k.p.i.IntermediateProofReplayer Proof replay took 6.7ns 
68496      INFO  main            d.u.i.k.p.r.p.TestFile    ... finished proof: closed. 
68719      INFO  main            d.u.i.k.p.i.AbstractProblemLoader Loading environment from /home/runner/work/key/key/key.core/../key.ui/examples/heap/observer/ExampleSubject_change.key.proof 
68720      DEBUG main            d.u.i.k.p.i.AbstractProblemLoader Environment load took 5.29ms 
68721      INFO  main            d.u.i.k.p.i.AbstractProblemLoader Creating init config 
71761      DEBUG main            d.u.i.k.p.i.AbstractProblemLoader Init config took 3.04s 
71814      INFO  main            d.u.i.k.p.i.AbstractProblemLoader Replaying proof ExampleSubject[ExampleSubject::change()].JML normal_behavior operation contract.0 
71921      DEBUG main            d.u.i.k.p.i.IntermediateProofReplayer Proof replay took 102.63ms 
71923      DEBUG main            d.u.i.k.p.r.p.TestFile    ... success: reloaded. 
71925      INFO  main            d.u.i.k.p.r.p.TestFile    Now processing file /home/runner/work/key/key/key.core/../key.ui/examples/heap/observer/ExampleSubject_ExampleSubject.key 
71925      INFO  main            d.u.i.k.p.i.AbstractProblemLoader Loading environment from /home/runner/work/key/key/key.core/../key.ui/examples/heap/observer/ExampleSubject_ExampleSubject.key 
71934      DEBUG main            d.u.i.k.p.i.AbstractProblemLoader Environment load took 8.97ms 
71936      INFO  main            d.u.i.k.p.i.AbstractProblemLoader Creating init config 
75122      DEBUG main            d.u.i.k.p.i.AbstractProblemLoader Init config took 3.19s 
75174      INFO  main            d.u.i.k.p.i.AbstractProblemLoader Replaying proof ExampleSubject[ExampleSubject::ExampleSubject()].JML normal_behavior operation contract.0 
75175      DEBUG main            d.u.i.k.p.i.IntermediateProofReplayer Proof replay took 6ns 
76489      INFO  main            d.u.i.k.p.r.p.TestFile    ... finished proof: closed. 
76781      INFO  main            d.u.i.k.p.i.AbstractProblemLoader Loading environment from /home/runner/work/key/key/key.core/../key.ui/examples/heap/observer/ExampleSubject_ExampleSubject.key.proof 
76782      DEBUG main            d.u.i.k.p.i.AbstractProblemLoader Environment load took 467.5ns 
76783      INFO  main            d.u.i.k.p.i.AbstractProblemLoader Creating init config 
79890      DEBUG main            d.u.i.k.p.i.AbstractProblemLoader Init config took 3.11s 
79968      INFO  main            d.u.i.k.p.i.AbstractProblemLoader Replaying proof ExampleSubject[ExampleSubject::ExampleSubject()].JML normal_behavior operation contract.0 
80221      DEBUG main            d.u.i.k.p.i.IntermediateProofReplayer Proof replay took 244.32ms 
80223      DEBUG main            d.u.i.k.p.r.p.TestFile    ... success: reloaded. 
80224      INFO  main            d.u.i.k.p.r.p.TestFile    Now processing file /home/runner/work/key/key/key.core/../key.ui/examples/heap/observer/ExampleSubject_footprint.key 
80225      INFO  main            d.u.i.k.p.i.AbstractProblemLoader Loading environment from /home/runner/work/key/key/key.core/../key.ui/examples/heap/observer/ExampleSubject_footprint.key 
80225      DEBUG main            d.u.i.k.p.i.AbstractProblemLoader Environment load took 264.61ns 
80226      INFO  main            d.u.i.k.p.i.AbstractProblemLoader Creating init config 
83470      DEBUG main            d.u.i.k.p.i.AbstractProblemLoader Init config took 3.24s 
83519      INFO  main            d.u.i.k.p.i.AbstractProblemLoader Replaying proof ExampleSubject[Subject::$footprint()].JML accessible clause.0 
83521      DEBUG main            d.u.i.k.p.i.IntermediateProofReplayer Proof replay took 6.7ns 
83624      INFO  main            d.u.i.k.p.r.p.TestFile    ... finished proof: closed. 
83849      INFO  main            d.u.i.k.p.i.AbstractProblemLoader Loading environment from /home/runner/work/key/key/key.core/../key.ui/examples/heap/observer/ExampleSubject_footprint.key.proof 
83850      DEBUG main            d.u.i.k.p.i.AbstractProblemLoader Environment load took 122.5ns 
83851      INFO  main            d.u.i.k.p.i.AbstractProblemLoader Creating init config 
87030      DEBUG main            d.u.i.k.p.i.AbstractProblemLoader Init config took 3.18s 
87084      INFO  main            d.u.i.k.p.i.AbstractProblemLoader Replaying proof ExampleSubject[Subject::$footprint()].JML accessible clause.0 
87108      DEBUG main            d.u.i.k.p.i.IntermediateProofReplayer Proof replay took 20.77ms 
87109      DEBUG main            d.u.i.k.p.r.p.TestFile    ... success: reloaded. 
87110      INFO  main            d.u.i.k.p.r.p.TestFile    Now processing file /home/runner/work/key/key/key.core/../key.ui/examples/heap/observer/ExampleSubject_inv.key 
87110      INFO  main            d.u.i.k.p.i.AbstractProblemLoader Loading environment from /home/runner/work/key/key/key.core/../key.ui/examples/heap/observer/ExampleSubject_inv.key 
87110      DEBUG main            d.u.i.k.p.i.AbstractProblemLoader Environment load took 126.6ns 
87111      INFO  main            d.u.i.k.p.i.AbstractProblemLoader Creating init config 
90457      DEBUG main            d.u.i.k.p.i.AbstractProblemLoader Init config took 3.35s 
90508      INFO  main            d.u.i.k.p.i.AbstractProblemLoader Replaying proof ExampleSubject[java.lang.Object::<inv>()].JML accessible clause.0 
90510      DEBUG main            d.u.i.k.p.i.IntermediateProofReplayer Proof replay took 6.4ns 
91832      INFO  main            d.u.i.k.p.r.p.TestFile    ... finished proof: closed. 
92144      INFO  main            d.u.i.k.p.i.AbstractProblemLoader Loading environment from /home/runner/work/key/key/key.core/../key.ui/examples/heap/observer/ExampleSubject_inv.key.proof 
92145      DEBUG main            d.u.i.k.p.i.AbstractProblemLoader Environment load took 470.91ns 
92146      INFO  main            d.u.i.k.p.i.AbstractProblemLoader Creating init config 
95206      DEBUG main            d.u.i.k.p.i.AbstractProblemLoader Init config took 3.06s 
95278      INFO  main            d.u.i.k.p.i.AbstractProblemLoader Replaying proof ExampleSubject[java.lang.Object::<inv>()].JML accessible clause.0 
95447      DEBUG main            d.u.i.k.p.i.IntermediateProofReplayer Proof replay took 158.81ms 
95450      DEBUG main            d.u.i.k.p.r.p.TestFile    ... success: reloaded. 
95452      INFO  main            d.u.i.k.p.r.p.TestFile    Now processing file /home/runner/work/key/key/key.core/../key.ui/examples/heap/observer/ExampleSubject_notifyObservers.key 
95452      INFO  main            d.u.i.k.p.i.AbstractProblemLoader Loading environment from /home/runner/work/key/key/key.core/../key.ui/examples/heap/observer/ExampleSubject_notifyObservers.key 
95453      DEBUG main            d.u.i.k.p.i.AbstractProblemLoader Environment load took 268.81ns 
95454      INFO  main            d.u.i.k.p.i.AbstractProblemLoader Creating init config 
98714      DEBUG main            d.u.i.k.p.i.AbstractProblemLoader Init config took 3.26s 
98770      INFO  main            d.u.i.k.p.i.AbstractProblemLoader Replaying proof Subject[Subject::notifyObservers()].JML normal_behavior operation contract.0 
98772      DEBUG main            d.u.i.k.p.i.IntermediateProofReplayer Proof replay took 7.5ns 
98874      INFO  main            d.u.i.k.p.r.p.TestFile    ... finished proof: closed. 
99125      INFO  main            d.u.i.k.p.i.AbstractProblemLoader Loading environment from /home/runner/work/key/key/key.core/../key.ui/examples/heap/observer/ExampleSubject_notifyObservers.key.proof 
99125      DEBUG main            d.u.i.k.p.i.AbstractProblemLoader Environment load took 148.1ns 
99126      INFO  main            d.u.i.k.p.i.AbstractProblemLoader Creating init config 
102338     DEBUG main            d.u.i.k.p.i.AbstractProblemLoader Init config took 3.21s 
102394     INFO  main            d.u.i.k.p.i.AbstractProblemLoader Replaying proof Subject[Subject::notifyObservers()].JML normal_behavior operation contract.0 
102399     DEBUG main            d.u.i.k.p.i.IntermediateProofReplayer Proof replay took 3.46ms 
102400     DEBUG main            d.u.i.k.p.r.p.TestFile    ... success: reloaded. 
102401     INFO  main            d.u.i.k.p.r.p.TestFile    Now processing file /home/runner/work/key/key/key.core/../key.ui/examples/heap/observer/ExampleSubject_value_dep.key 
102401     INFO  main            d.u.i.k.p.i.AbstractProblemLoader Loading environment from /home/runner/work/key/key/key.core/../key.ui/examples/heap/observer/ExampleSubject_value_dep.key 
102402     DEBUG main            d.u.i.k.p.i.AbstractProblemLoader Environment load took 102.7ns 
102403     INFO  main            d.u.i.k.p.i.AbstractProblemLoader Creating init config 
105542     DEBUG main            d.u.i.k.p.i.AbstractProblemLoader Init config took 3.14s 
105591     INFO  main            d.u.i.k.p.i.AbstractProblemLoader Replaying proof ExampleSubject[ExampleSubject::value()].JML accessible clause.0 
105592     DEBUG main            d.u.i.k.p.i.IntermediateProofReplayer Proof replay took 6.9ns 
105697     INFO  main            d.u.i.k.p.r.p.TestFile    ... finished proof: closed. 
105953     INFO  main            d.u.i.k.p.i.AbstractProblemLoader Loading environment from /home/runner/work/key/key/key.core/../key.ui/examples/heap/observer/ExampleSubject_value_dep.key.proof 
105953     DEBUG main            d.u.i.k.p.i.AbstractProblemLoader Environment load took 122.8ns 
105954     INFO  main            d.u.i.k.p.i.AbstractProblemLoader Creating init config 
109091     DEBUG main            d.u.i.k.p.i.AbstractProblemLoader Init config took 3.14s 
109141     INFO  main            d.u.i.k.p.i.AbstractProblemLoader Replaying proof ExampleSubject[ExampleSubject::value()].JML accessible clause.0 
109161     DEBUG main            d.u.i.k.p.i.IntermediateProofReplayer Proof replay took 18.16ms 
109162     DEBUG main            d.u.i.k.p.r.p.TestFile    ... success: reloaded. 
109167     INFO  main            d.u.i.k.p.r.p.TestFile    Now processing file /home/runner/work/key/key/key.core/../key.ui/examples/heap/observer/ExampleSubject_value.key 
109167     INFO  main            d.u.i.k.p.i.AbstractProblemLoader Loading environment from /home/runner/work/key/key/key.core/../key.ui/examples/heap/observer/ExampleSubject_value.key 
109167     DEBUG main            d.u.i.k.p.i.AbstractProblemLoader Environment load took 148.3ns 
109168     INFO  main            d.u.i.k.p.i.AbstractProblemLoader Creating init config 
112403     DEBUG main            d.u.i.k.p.i.AbstractProblemLoader Init config took 3.23s 
112452     INFO  main            d.u.i.k.p.i.AbstractProblemLoader Replaying proof ExampleSubject[ExampleSubject::value()].JML normal_behavior operation contract.0 
112454     DEBUG main            d.u.i.k.p.i.IntermediateProofReplayer Proof replay took 6.5ns 
112556     INFO  main            d.u.i.k.p.r.p.TestFile    ... finished proof: closed. 
112803     INFO  main            d.u.i.k.p.i.AbstractProblemLoader Loading environment from /home/runner/work/key/key/key.core/../key.ui/examples/heap/observer/ExampleSubject_value.key.proof 
112803     DEBUG main            d.u.i.k.p.i.AbstractProblemLoader Environment load took 119.2ns 
112804     INFO  main            d.u.i.k.p.i.AbstractProblemLoader Creating init config 
115870     DEBUG main            d.u.i.k.p.i.AbstractProblemLoader Init config took 3.07s 
115925     INFO  main            d.u.i.k.p.i.AbstractProblemLoader Replaying proof ExampleSubject[ExampleSubject::value()].JML normal_behavior operation contract.0 
115941     DEBUG main            d.u.i.k.p.i.IntermediateProofReplayer Proof replay took 13.93ms 
115942     DEBUG main            d.u.i.k.p.r.p.TestFile    ... success: reloaded. 
1766530    INFO  Test worker     d.u.i.k.p.r.RunAllProofsTestUnit Returning from test observer 
1766531    INFO  Test worker     d.u.i.k.p.r.RunAllProofsTestUnit Running test removeDups 
373        INFO  Timeout watchdog d.u.i.k.p.r.p.ForkedTestFileRunner Timeout watcher launched (2000 secs.) 
388        WARN  main            d.u.i.k.s.ProofSettings   The settings in /home/runner/.key/proof-settings.props are *not* read. 
418        INFO  main            d.u.i.k.p.r.p.TestFile    Now processing file /home/runner/work/key/key/key.core/../key.ui/examples/heap/removeDups/arrayPart.key 
552        INFO  main            d.u.i.k.p.i.AbstractProblemLoader Loading environment from /home/runner/work/key/key/key.core/../key.ui/examples/heap/removeDups/arrayPart.key 
568        DEBUG main            d.u.i.k.p.i.AbstractProblemLoader Environment load took 1.99ms 
838        INFO  main            d.u.i.k.p.i.AbstractProblemLoader Creating init config 
1835       DEBUG main            d.u.i.k.j.TypeConverter   No LDT found for Meta 
1836       DEBUG main            d.u.i.k.j.TypeConverter   No LDT found for Meta 
1838       DEBUG main            d.u.i.k.j.TypeConverter   No LDT found for Meta 
1839       DEBUG main            d.u.i.k.j.TypeConverter   No LDT found for Meta 
3602       DEBUG main            d.u.i.k.j.TypeConverter   No LDT found for JavaBigintExpression 
9578       DEBUG main            d.u.i.k.p.i.AbstractProblemLoader Init config took 8.74s 
9724       INFO  main            d.u.i.k.p.i.AbstractProblemLoader Replaying proof RemoveDup[RemoveDup::arrayPart([I,int)].JML normal_behavior operation contract.0 
9766       DEBUG main            d.u.i.k.p.i.IntermediateProofReplayer Proof replay took 32.7ns 
12909      INFO  main            d.u.i.k.p.r.p.TestFile    ... finished proof: closed. 
13095      INFO  main            d.u.i.k.p.i.AbstractProblemLoader Loading environment from /home/runner/work/key/key/key.core/../key.ui/examples/heap/removeDups/arrayPart.key.proof 
13096      DEBUG main            d.u.i.k.p.i.AbstractProblemLoader Environment load took 483.51ns 
13099      INFO  main            d.u.i.k.p.i.AbstractProblemLoader Creating init config 
16330      DEBUG main            d.u.i.k.p.i.AbstractProblemLoader Init config took 3.23s 
16394      INFO  main            d.u.i.k.p.i.AbstractProblemLoader Replaying proof RemoveDup[RemoveDup::arrayPart([I,int)].JML normal_behavior operation contract.0 
16789      DEBUG main            d.u.i.k.p.i.IntermediateProofReplayer Proof replay took 382.03ms 
16797      DEBUG main            d.u.i.k.p.r.p.TestFile    ... success: reloaded. 
16798      INFO  main            d.u.i.k.p.r.p.TestFile    Now processing file /home/runner/work/key/key/key.core/../key.ui/examples/heap/removeDups/contains.key 
16799      INFO  main            d.u.i.k.p.i.AbstractProblemLoader Loading environment from /home/runner/work/key/key/key.core/../key.ui/examples/heap/removeDups/contains.key 
16799      DEBUG main            d.u.i.k.p.i.AbstractProblemLoader Environment load took 256.5ns 
16801      INFO  main            d.u.i.k.p.i.AbstractProblemLoader Creating init config 
20068      DEBUG main            d.u.i.k.p.i.AbstractProblemLoader Init config took 3.27s 
20132      INFO  main            d.u.i.k.p.i.AbstractProblemLoader Replaying proof RemoveDup[RemoveDup::contains([I,int,int)].JML normal_behavior operation contract.0 
20135      DEBUG main            d.u.i.k.p.i.IntermediateProofReplayer Proof replay took 5.2ns 
20839      INFO  main            d.u.i.k.p.r.p.TestFile    ... finished proof: closed. 
21003      INFO  main            d.u.i.k.p.i.AbstractProblemLoader Loading environment from /home/runner/work/key/key/key.core/../key.ui/examples/heap/removeDups/contains.key.proof 
21004      DEBUG main            d.u.i.k.p.i.AbstractProblemLoader Environment load took 538.71ns 
21006      INFO  main            d.u.i.k.p.i.AbstractProblemLoader Creating init config 
24060      DEBUG main            d.u.i.k.p.i.AbstractProblemLoader Init config took 3.05s 
24149      INFO  main            d.u.i.k.p.i.AbstractProblemLoader Replaying proof RemoveDup[RemoveDup::contains([I,int,int)].JML normal_behavior operation contract.0 
24363      DEBUG main            d.u.i.k.p.i.IntermediateProofReplayer Proof replay took 205.54ms 
24365      DEBUG main            d.u.i.k.p.r.p.TestFile    ... success: reloaded. 
24369      INFO  main            d.u.i.k.p.r.p.TestFile    Now processing file /home/runner/work/key/key/key.core/../key.ui/examples/heap/removeDups/removeDup.key 
24369      INFO  main            d.u.i.k.p.i.AbstractProblemLoader Loading environment from /home/runner/work/key/key/key.core/../key.ui/examples/heap/removeDups/removeDup.key 
24369      DEBUG main            d.u.i.k.p.i.AbstractProblemLoader Environment load took 245.4ns 
24373      INFO  main            d.u.i.k.p.i.AbstractProblemLoader Creating init config 
27446      DEBUG main            d.u.i.k.p.i.AbstractProblemLoader Init config took 3.07s 
27497      INFO  main            d.u.i.k.p.i.AbstractProblemLoader Replaying proof RemoveDup[RemoveDup::removeDup([I)].JML normal_behavior operation contract.0 
27500      DEBUG main            d.u.i.k.p.i.IntermediateProofReplayer Proof replay took 5.5ns 
33421      DEBUG Thread-7        d.u.i.k.j.d.VariableSpecification Program match. Variables have different dimension (template #v0 = #vi;, source a#11[] = var;) 
58529      INFO  main            d.u.i.k.p.r.p.TestFile    ... finished proof: closed. 
58819      INFO  main            d.u.i.k.p.i.AbstractProblemLoader Loading environment from /home/runner/work/key/key/key.core/../key.ui/examples/heap/removeDups/removeDup.key.proof 
58820      DEBUG main            d.u.i.k.p.i.AbstractProblemLoader Environment load took 462.71ns 
58833      INFO  main            d.u.i.k.p.i.AbstractProblemLoader Creating init config 
61728      DEBUG main            d.u.i.k.p.i.AbstractProblemLoader Init config took 2.9s 
61799      INFO  main            d.u.i.k.p.i.AbstractProblemLoader Replaying proof RemoveDup[RemoveDup::removeDup([I)].JML normal_behavior operation contract.0 
64043      DEBUG main            d.u.i.k.p.i.IntermediateProofReplayer Proof replay took 2.16s 
64047      DEBUG main            d.u.i.k.p.r.p.TestFile    ... success: reloaded. 
64049      INFO  main            d.u.i.k.p.r.p.TestFile    Now processing file /home/runner/work/key/key/key.core/../key.ui/examples/heap/saddleback_search/Saddleback_search.key 
64049      INFO  main            d.u.i.k.p.i.AbstractProblemLoader Loading environment from /home/runner/work/key/key/key.core/../key.ui/examples/heap/saddleback_search/Saddleback_search.key 
64050      DEBUG main            d.u.i.k.p.i.AbstractProblemLoader Environment load took 227.5ns 
64051      INFO  main            d.u.i.k.p.i.AbstractProblemLoader Creating init config 
67129      DEBUG main            d.u.i.k.p.i.AbstractProblemLoader Init config took 3.08s 
67173      INFO  main            d.u.i.k.p.i.AbstractProblemLoader Replaying proof Saddleback[Saddleback::search([[I,int)].JML normal_behavior operation contract.0 
67182      DEBUG main            d.u.i.k.p.i.IntermediateProofReplayer Proof replay took 4.9ns 
164996     INFO  main            d.u.i.k.p.r.p.TestFile    ... finished proof: closed. 
165457     INFO  main            d.u.i.k.p.i.AbstractProblemLoader Loading environment from /home/runner/work/key/key/key.core/../key.ui/examples/heap/saddleback_search/Saddleback_search.key.proof 
165457     DEBUG main            d.u.i.k.p.i.AbstractProblemLoader Environment load took 503.81ns 
165466     INFO  main            d.u.i.k.p.i.AbstractProblemLoader Creating init config 
168500     DEBUG main            d.u.i.k.p.i.AbstractProblemLoader Init config took 3.03s 
168559     INFO  main            d.u.i.k.p.i.AbstractProblemLoader Replaying proof Saddleback[Saddleback::search([[I,int)].JML normal_behavior operation contract.0 
172023     DEBUG main            d.u.i.k.p.i.IntermediateProofReplayer Proof replay took 3.24s 
172034     DEBUG main            d.u.i.k.p.r.p.TestFile    ... success: reloaded. 
1938747    INFO  Test worker     d.u.i.k.p.r.RunAllProofsTestUnit Returning from test removeDups 
1938749    INFO  Test worker     d.u.i.k.p.r.RunAllProofsTestUnit Running test quicksort 
403        INFO  Timeout watchdog d.u.i.k.p.r.p.ForkedTestFileRunner Timeout watcher launched (2000 secs.) 
421        WARN  main            d.u.i.k.s.ProofSettings   The settings in /home/runner/.key/proof-settings.props are *not* read. 
455        INFO  main            d.u.i.k.p.r.p.TestFile    Now processing file /home/runner/work/key/key/key.core/../key.ui/examples/heap/quicksort/toplevel.key 
622        INFO  main            d.u.i.k.p.i.AbstractProblemLoader Loading environment from /home/runner/work/key/key/key.core/../key.ui/examples/heap/quicksort/toplevel.key 
643        DEBUG main            d.u.i.k.p.i.AbstractProblemLoader Environment load took 2.45ms 
940        INFO  main            d.u.i.k.p.i.AbstractProblemLoader Creating init config 
2014       DEBUG main            d.u.i.k.j.TypeConverter   No LDT found for Meta 
2018       DEBUG main            d.u.i.k.j.TypeConverter   No LDT found for Meta 
2022       DEBUG main            d.u.i.k.j.TypeConverter   No LDT found for Meta 
2022       DEBUG main            d.u.i.k.j.TypeConverter   No LDT found for Meta 
3956       DEBUG main            d.u.i.k.j.TypeConverter   No LDT found for JavaBigintExpression 
9888       DEBUG main            d.u.i.k.p.i.AbstractProblemLoader Init config took 8.95s 
10043      INFO  main            d.u.i.k.p.i.AbstractProblemLoader Replaying proof Quicksort[Quicksort::sort([I)].JML normal_behavior operation contract.0 
10091      DEBUG main            d.u.i.k.p.i.IntermediateProofReplayer Proof replay took 35.5ns 
11534      INFO  main            d.u.i.k.p.r.p.TestFile    ... finished proof: closed. 
11694      INFO  main            d.u.i.k.p.i.AbstractProblemLoader Loading environment from /home/runner/work/key/key/key.core/../key.ui/examples/heap/quicksort/toplevel.key.proof 
11694      DEBUG main            d.u.i.k.p.i.AbstractProblemLoader Environment load took 172ns 
11696      INFO  main            d.u.i.k.p.i.AbstractProblemLoader Creating init config 
15119      DEBUG main            d.u.i.k.p.i.AbstractProblemLoader Init config took 3.42s 
15223      INFO  main            d.u.i.k.p.i.AbstractProblemLoader Replaying proof Quicksort[Quicksort::sort([I)].JML normal_behavior operation contract.0 
15525      DEBUG main            d.u.i.k.p.i.IntermediateProofReplayer Proof replay took 281.41ms 
15533      DEBUG main            d.u.i.k.p.r.p.TestFile    ... success: reloaded. 
15536      INFO  main            d.u.i.k.p.r.p.TestFile    Now processing file /home/runner/work/key/key/key.core/../key.ui/examples/heap/quicksort/sort.key 
15536      INFO  main            d.u.i.k.p.i.AbstractProblemLoader Loading environment from /home/runner/work/key/key/key.core/../key.ui/examples/heap/quicksort/sort.key 
15537      DEBUG main            d.u.i.k.p.i.AbstractProblemLoader Environment load took 285.8ns 
15539      INFO  main            d.u.i.k.p.i.AbstractProblemLoader Creating init config 
19002      DEBUG main            d.u.i.k.p.i.AbstractProblemLoader Init config took 3.46s 
19084      INFO  main            d.u.i.k.p.i.AbstractProblemLoader Replaying proof Quicksort[Quicksort::sort([I,int,int)].JML normal_behavior operation contract.0 
19089      DEBUG main            d.u.i.k.p.i.IntermediateProofReplayer Proof replay took 7.8ns 
19124      DEBUG main            d.u.i.k.m.s.ProofScriptEngine 1: 'script 'sort.script'' 
19128      INFO  main            d.u.i.k.m.s.ProofScriptCommand Included script /home/runner/work/key/key/key.core/../key.ui/examples/heap/quicksort/sort.script 
19129      DEBUG main            d.u.i.k.m.s.ProofScriptEngine 1: 'macro autopilot-prep' 
20473      DEBUG main            d.u.i.k.m.s.ProofScriptEngine 2: 'select formula="{heapAtPre:=heap || exc:=null || heap:=heapAfter_sort_0}
   seq ...' 
20478      DEBUG main            d.u.i.k.m.s.ProofScriptEngine 3: 'macro simp-upd' 
20492      DEBUG main            d.u.i.k.m.s.ProofScriptEngine 4: 'let   @seqPre="seqDef{int u;}(0, array.length, array[u])"
    @seqSplit="seqDef ...' 
20497      DEBUG main            d.u.i.k.m.s.ProofScriptEngine 5: 'rule seqPermSym 
  formula="seqPerm(@seqSplit, @seqPre)"' 
20519      DEBUG main            d.u.i.k.m.s.ProofScriptEngine 6: 'rule seqPermSym
  formula="seqPerm(@seqSort, @seqSplit)"' 
20521      DEBUG main            d.u.i.k.m.s.ProofScriptEngine 7: 'rule seqPermSym
  formula="seqPerm(@seqSort0, @seqSort)"' 
20524      DEBUG main            d.u.i.k.m.s.ProofScriptEngine 8: 'rule seqPermTrans
  formula="seqPerm(@seqPre, @seqSplit)"' 
20536      DEBUG main            d.u.i.k.m.s.ProofScriptEngine 9: 'rule seqPermTrans
  formula="seqPerm(@seqPre, @seqSort)"' 
20537      DEBUG main            d.u.i.k.m.s.ProofScriptEngine 10: 'rule seqPermSym
  formula="seqPerm(@seqPre, @seqSort0)"' 
20539      DEBUG main            d.u.i.k.m.s.ProofScriptEngine 11: 'tryclose' 
51955      INFO  main            d.u.i.k.p.r.p.TestFile    ... finished proof: closed. 
52380      INFO  main            d.u.i.k.p.i.AbstractProblemLoader Loading environment from /home/runner/work/key/key/key.core/../key.ui/examples/heap/quicksort/sort.key.proof 
52381      DEBUG main            d.u.i.k.p.i.AbstractProblemLoader Environment load took 254.6ns 
52391      INFO  main            d.u.i.k.p.i.AbstractProblemLoader Creating init config 
55599      DEBUG main            d.u.i.k.p.i.AbstractProblemLoader Init config took 3.21s 
55677      INFO  main            d.u.i.k.p.i.AbstractProblemLoader Replaying proof Quicksort[Quicksort::sort([I,int,int)].JML normal_behavior operation contract.0 
58486      DEBUG main            d.u.i.k.p.i.IntermediateProofReplayer Proof replay took 2.65s 
58493      DEBUG main            d.u.i.k.p.r.p.TestFile    ... success: reloaded. 
58507      INFO  main            d.u.i.k.p.r.p.TestFile    Now processing file /home/runner/work/key/key/key.core/../key.ui/examples/heap/quicksort/split.key 
58507      INFO  main            d.u.i.k.p.i.AbstractProblemLoader Loading environment from /home/runner/work/key/key/key.core/../key.ui/examples/heap/quicksort/split.key 
58507      DEBUG main            d.u.i.k.p.i.AbstractProblemLoader Environment load took 266.6ns 
58509      INFO  main            d.u.i.k.p.i.AbstractProblemLoader Creating init config 
61766      DEBUG main            d.u.i.k.p.i.AbstractProblemLoader Init config took 3.26s 
61835      INFO  main            d.u.i.k.p.i.AbstractProblemLoader Replaying proof Quicksort[Quicksort::split([I,int,int)].JML normal_behavior operation contract.0 
61847      DEBUG main            d.u.i.k.p.i.IntermediateProofReplayer Proof replay took 7.2ns 
61848      DEBUG main            d.u.i.k.m.s.ProofScriptEngine 1: 'macro autopilot-prep' 
63229      DEBUG main            d.u.i.k.m.s.ProofScriptEngine 2: 'tryclose' 
104868     DEBUG main            d.u.i.k.m.s.ProofScriptEngine 3: 'macro simp-upd' 
105106     DEBUG main            d.u.i.k.m.s.ProofScriptEngine 4: 'rule seqPermFromSwap' 
105131     DEBUG main            d.u.i.k.m.s.ProofScriptEngine 5: 'rule andRight' 
105134     DEBUG main            d.u.i.k.m.s.ProofScriptEngine 6: 'auto' 
105171     DEBUG main            d.u.i.k.m.s.ProofScriptEngine 7: 'instantiate hide var=iv with=i_0' 
105178     DEBUG main            d.u.i.k.m.s.ProofScriptEngine 8: 'instantiate hide var=jv with=j_0' 
105180     DEBUG main            d.u.i.k.m.s.ProofScriptEngine 9: 'auto' 
112940     DEBUG main            d.u.i.k.m.s.ProofScriptEngine 10: 'macro simp-upd' 
113047     DEBUG main            d.u.i.k.m.s.ProofScriptEngine 11: 'rule seqPermFromSwap' 
113051     DEBUG main            d.u.i.k.m.s.ProofScriptEngine 12: 'rule andRight' 
113053     DEBUG main            d.u.i.k.m.s.ProofScriptEngine 13: 'auto' 
113073     DEBUG main            d.u.i.k.m.s.ProofScriptEngine 14: 'instantiate hide var=iv with=i_0' 
113077     DEBUG main            d.u.i.k.m.s.ProofScriptEngine 15: 'instantiate hide var=jv with=to' 
113079     DEBUG main            d.u.i.k.m.s.ProofScriptEngine 16: 'auto' 
119024     INFO  main            d.u.i.k.p.r.p.TestFile    ... finished proof: closed. 
119576     INFO  main            d.u.i.k.p.i.AbstractProblemLoader Loading environment from /home/runner/work/key/key/key.core/../key.ui/examples/heap/quicksort/split.key.proof 
119577     DEBUG main            d.u.i.k.p.i.AbstractProblemLoader Environment load took 512.41ns 
119588     INFO  main            d.u.i.k.p.i.AbstractProblemLoader Creating init config 
122686     DEBUG main            d.u.i.k.p.i.AbstractProblemLoader Init config took 3.1s 
122740     INFO  main            d.u.i.k.p.i.AbstractProblemLoader Replaying proof Quicksort[Quicksort::split([I,int,int)].JML normal_behavior operation contract.0 
127348     DEBUG main            d.u.i.k.p.i.IntermediateProofReplayer Proof replay took 4.41s 
127359     DEBUG main            d.u.i.k.p.r.p.TestFile    ... success: reloaded. 
2066308    INFO  Test worker     d.u.i.k.p.r.RunAllProofsTestUnit Returning from test quicksort 
2066309    INFO  Test worker     d.u.i.k.p.r.RunAllProofsTestUnit Running test simpleTests 
430        INFO  Timeout watchdog d.u.i.k.p.r.p.ForkedTestFileRunner Timeout watcher launched (2000 secs.) 
447        WARN  main            d.u.i.k.s.ProofSettings   The settings in /home/runner/.key/proof-settings.props are *not* read. 
479        INFO  main            d.u.i.k.p.r.p.TestFile    Now processing file /home/runner/work/key/key/key.core/../key.ui/examples/heap/simple/anonymise_datagroup.key 
605        INFO  main            d.u.i.k.p.i.AbstractProblemLoader Loading environment from /home/runner/work/key/key/key.core/../key.ui/examples/heap/simple/anonymise_datagroup.key 
624        DEBUG main            d.u.i.k.p.i.AbstractProblemLoader Environment load took 2.31ms 
933        INFO  main            d.u.i.k.p.i.AbstractProblemLoader Creating init config 
2045       DEBUG main            d.u.i.k.j.TypeConverter   No LDT found for Meta 
2046       DEBUG main            d.u.i.k.j.TypeConverter   No LDT found for Meta 
2048       DEBUG main            d.u.i.k.j.TypeConverter   No LDT found for Meta 
2049       DEBUG main            d.u.i.k.j.TypeConverter   No LDT found for Meta 
3556       DEBUG main            d.u.i.k.j.TypeConverter   No LDT found for JavaBigintExpression 
8970       DEBUG main            d.u.i.k.p.i.AbstractProblemLoader Init config took 8.04s 
9075       INFO  main            d.u.i.k.p.i.AbstractProblemLoader Replaying proof anonymise_datagroup.key 
9124       DEBUG main            d.u.i.k.p.i.IntermediateProofReplayer Proof replay took 46.5ns 
9429       INFO  main            d.u.i.k.p.r.p.TestFile    ... finished proof: closed. 
9543       INFO  main            d.u.i.k.p.i.AbstractProblemLoader Loading environment from /home/runner/work/key/key/key.core/../key.ui/examples/heap/simple/anonymise_datagroup.key.proof 
9547       DEBUG main            d.u.i.k.p.i.AbstractProblemLoader Environment load took 3.96ms 
9553       INFO  main            d.u.i.k.p.i.AbstractProblemLoader Creating init config 
12917      DEBUG main            d.u.i.k.p.i.AbstractProblemLoader Init config took 3.36s 
12973      INFO  main            d.u.i.k.p.i.AbstractProblemLoader Replaying proof anonymise_datagroup.key.proof 
13008      DEBUG main            d.u.i.k.p.i.IntermediateProofReplayer Proof replay took 24.15ms 
13025      DEBUG main            d.u.i.k.p.r.p.TestFile    ... success: reloaded. 
13028      INFO  main            d.u.i.k.p.r.p.TestFile    Now processing file /home/runner/work/key/key/key.core/../key.ui/examples/heap/simple/array_creation.key 
13028      INFO  main            d.u.i.k.p.i.AbstractProblemLoader Loading environment from /home/runner/work/key/key/key.core/../key.ui/examples/heap/simple/array_creation.key 
13029      DEBUG main            d.u.i.k.p.i.AbstractProblemLoader Environment load took 145.3ns 
13033      INFO  main            d.u.i.k.p.i.AbstractProblemLoader Creating init config 
16123      DEBUG main            d.u.i.k.p.i.AbstractProblemLoader Init config took 3.09s 
16163      INFO  main            d.u.i.k.p.i.AbstractProblemLoader Replaying proof array_creation.key 
16174      DEBUG main            d.u.i.k.p.i.IntermediateProofReplayer Proof replay took 6.9ns 
17095      INFO  main            d.u.i.k.p.r.p.TestFile    ... finished proof: closed. 
17319      INFO  main            d.u.i.k.p.i.AbstractProblemLoader Loading environment from /home/runner/work/key/key/key.core/../key.ui/examples/heap/simple/array_creation.key.proof 
17319      DEBUG main            d.u.i.k.p.i.AbstractProblemLoader Environment load took 618.51ns 
17323      INFO  main            d.u.i.k.p.i.AbstractProblemLoader Creating init config 
20235      DEBUG main            d.u.i.k.p.i.AbstractProblemLoader Init config took 2.91s 
20267      INFO  main            d.u.i.k.p.i.AbstractProblemLoader Replaying proof array_creation.key.proof 
20391      DEBUG main            d.u.i.k.p.i.IntermediateProofReplayer Proof replay took 118.27ms 
20392      DEBUG main            d.u.i.k.p.r.p.TestFile    ... success: reloaded. 
20394      INFO  main            d.u.i.k.p.r.p.TestFile    Now processing file /home/runner/work/key/key/key.core/../key.ui/examples/heap/simple/arrays_with_disjoint_sorts.key 
20394      INFO  main            d.u.i.k.p.i.AbstractProblemLoader Loading environment from /home/runner/work/key/key/key.core/../key.ui/examples/heap/simple/arrays_with_disjoint_sorts.key 
20394      DEBUG main            d.u.i.k.p.i.AbstractProblemLoader Environment load took 232.3ns 
20396      INFO  main            d.u.i.k.p.i.AbstractProblemLoader Creating init config 
23200      DEBUG main            d.u.i.k.p.i.AbstractProblemLoader Init config took 2.8s 
23228      INFO  main            d.u.i.k.p.i.AbstractProblemLoader Replaying proof arrays_with_disjoint_sorts.key 
23230      DEBUG main            d.u.i.k.p.i.IntermediateProofReplayer Proof replay took 7.3ns 
23435      INFO  main            d.u.i.k.p.r.p.TestFile    ... finished proof: closed. 
23599      INFO  main            d.u.i.k.p.i.AbstractProblemLoader Loading environment from /home/runner/work/key/key/key.core/../key.ui/examples/heap/simple/arrays_with_disjoint_sorts.key.proof 
23605      DEBUG main            d.u.i.k.p.i.AbstractProblemLoader Environment load took 5.4ms 
23606      INFO  main            d.u.i.k.p.i.AbstractProblemLoader Creating init config 
26439      DEBUG main            d.u.i.k.p.i.AbstractProblemLoader Init config took 2.83s 
26464      INFO  main            d.u.i.k.p.i.AbstractProblemLoader Replaying proof arrays_with_disjoint_sorts.key.proof 
26492      DEBUG main            d.u.i.k.p.i.IntermediateProofReplayer Proof replay took 25.35ms 
26494      DEBUG main            d.u.i.k.p.r.p.TestFile    ... success: reloaded. 
26495      INFO  main            d.u.i.k.p.r.p.TestFile    Now processing file /home/runner/work/key/key/key.core/../key.ui/examples/heap/simple/arrays.key 
26495      INFO  main            d.u.i.k.p.i.AbstractProblemLoader Loading environment from /home/runner/work/key/key/key.core/../key.ui/examples/heap/simple/arrays.key 
26495      DEBUG main            d.u.i.k.p.i.AbstractProblemLoader Environment load took 214.7ns 
26497      INFO  main            d.u.i.k.p.i.AbstractProblemLoader Creating init config 
29242      DEBUG main            d.u.i.k.p.i.AbstractProblemLoader Init config took 2.75s 
29278      INFO  main            d.u.i.k.p.i.AbstractProblemLoader Replaying proof arrays.key 
29282      DEBUG main            d.u.i.k.p.i.IntermediateProofReplayer Proof replay took 17ns 
29486      INFO  main            d.u.i.k.p.r.p.TestFile    ... finished proof: closed. 
29650      INFO  main            d.u.i.k.p.i.AbstractProblemLoader Loading environment from /home/runner/work/key/key/key.core/../key.ui/examples/heap/simple/arrays.key.proof 
29650      DEBUG main            d.u.i.k.p.i.AbstractProblemLoader Environment load took 133.2ns 
29651      INFO  main            d.u.i.k.p.i.AbstractProblemLoader Creating init config 
32363      DEBUG main            d.u.i.k.p.i.AbstractProblemLoader Init config took 2.71s 
32386      INFO  main            d.u.i.k.p.i.AbstractProblemLoader Replaying proof arrays.key.proof 
32431      DEBUG main            d.u.i.k.p.i.IntermediateProofReplayer Proof replay took 41.71ms 
32432      DEBUG main            d.u.i.k.p.r.p.TestFile    ... success: reloaded. 
32433      INFO  main            d.u.i.k.p.r.p.TestFile    Now processing file /home/runner/work/key/key/key.core/../key.ui/examples/heap/simple/attributes.key 
32434      INFO  main            d.u.i.k.p.i.AbstractProblemLoader Loading environment from /home/runner/work/key/key/key.core/../key.ui/examples/heap/simple/attributes.key 
32434      DEBUG main            d.u.i.k.p.i.AbstractProblemLoader Environment load took 126.6ns 
32435      INFO  main            d.u.i.k.p.i.AbstractProblemLoader Creating init config 
35257      DEBUG main            d.u.i.k.p.i.AbstractProblemLoader Init config took 2.82s 
35285      INFO  main            d.u.i.k.p.i.AbstractProblemLoader Replaying proof attributes.key 
35287      DEBUG main            d.u.i.k.p.i.IntermediateProofReplayer Proof replay took 5.8ns 
35390      INFO  main            d.u.i.k.p.r.p.TestFile    ... finished proof: closed. 
35570      INFO  main            d.u.i.k.p.i.AbstractProblemLoader Loading environment from /home/runner/work/key/key/key.core/../key.ui/examples/heap/simple/attributes.key.proof 
35570      DEBUG main            d.u.i.k.p.i.AbstractProblemLoader Environment load took 121ns 
35571      INFO  main            d.u.i.k.p.i.AbstractProblemLoader Creating init config 
38283      DEBUG main            d.u.i.k.p.i.AbstractProblemLoader Init config took 2.71s 
38306      INFO  main            d.u.i.k.p.i.AbstractProblemLoader Replaying proof attributes.key.proof 
38310      DEBUG main            d.u.i.k.p.i.IntermediateProofReplayer Proof replay took 1.83ms 
38311      DEBUG main            d.u.i.k.p.r.p.TestFile    ... success: reloaded. 
38312      INFO  main            d.u.i.k.p.r.p.TestFile    Now processing file /home/runner/work/key/key/key.core/../key.ui/examples/heap/simple/constructor_contracts.key 
38312      INFO  main            d.u.i.k.p.i.AbstractProblemLoader Loading environment from /home/runner/work/key/key/key.core/../key.ui/examples/heap/simple/constructor_contracts.key 
38313      DEBUG main            d.u.i.k.p.i.AbstractProblemLoader Environment load took 233.8ns 
38315      INFO  main            d.u.i.k.p.i.AbstractProblemLoader Creating init config 
41593      DEBUG main            d.u.i.k.p.i.AbstractProblemLoader Init config took 3.28s 
41621      INFO  main            d.u.i.k.p.i.AbstractProblemLoader Replaying proof constructor_contracts.key 
41623      DEBUG main            d.u.i.k.p.i.IntermediateProofReplayer Proof replay took 7.7ns 
42336      INFO  main            d.u.i.k.p.r.p.TestFile    ... finished proof: closed. 
42559      INFO  main            d.u.i.k.p.i.AbstractProblemLoader Loading environment from /home/runner/work/key/key/key.core/../key.ui/examples/heap/simple/constructor_contracts.key.proof 
42563      DEBUG main            d.u.i.k.p.i.AbstractProblemLoader Environment load took 3.19ms 
42564      INFO  main            d.u.i.k.p.i.AbstractProblemLoader Creating init config 
45624      DEBUG main            d.u.i.k.p.i.AbstractProblemLoader Init config took 3.06s 
45648      INFO  main            d.u.i.k.p.i.AbstractProblemLoader Replaying proof constructor_contracts.key.proof 
45795      DEBUG main            d.u.i.k.p.i.IntermediateProofReplayer Proof replay took 142.19ms 
45798      DEBUG main            d.u.i.k.p.r.p.TestFile    ... success: reloaded. 
45800      INFO  main            d.u.i.k.p.r.p.TestFile    Now processing file /home/runner/work/key/key/key.core/../key.ui/examples/heap/simple/dependencies.key 
45800      INFO  main            d.u.i.k.p.i.AbstractProblemLoader Loading environment from /home/runner/work/key/key/key.core/../key.ui/examples/heap/simple/dependencies.key 
45800      DEBUG main            d.u.i.k.p.i.AbstractProblemLoader Environment load took 251.8ns 
45802      INFO  main            d.u.i.k.p.i.AbstractProblemLoader Creating init config 
48640      DEBUG main            d.u.i.k.p.i.AbstractProblemLoader Init config took 2.84s 
48662      INFO  main            d.u.i.k.p.i.AbstractProblemLoader Replaying proof dependencies.key 
48665      DEBUG main            d.u.i.k.p.i.IntermediateProofReplayer Proof replay took 6.3ns 
48770      INFO  main            d.u.i.k.p.r.p.TestFile    ... finished proof: closed. 
49007      INFO  main            d.u.i.k.p.i.AbstractProblemLoader Loading environment from /home/runner/work/key/key/key.core/../key.ui/examples/heap/simple/dependencies.key.proof 
49007      DEBUG main            d.u.i.k.p.i.AbstractProblemLoader Environment load took 119.5ns 
49012      INFO  main            d.u.i.k.p.i.AbstractProblemLoader Creating init config 
51696      DEBUG main            d.u.i.k.p.i.AbstractProblemLoader Init config took 2.68s 
51720      INFO  main            d.u.i.k.p.i.AbstractProblemLoader Replaying proof dependencies.key.proof 
51739      DEBUG main            d.u.i.k.p.i.IntermediateProofReplayer Proof replay took 16.25ms 
51740      DEBUG main            d.u.i.k.p.r.p.TestFile    ... success: reloaded. 
51741      INFO  main            d.u.i.k.p.r.p.TestFile    Now processing file /home/runner/work/key/key/key.core/../key.ui/examples/heap/simple/dependency_contracts.key 
51741      INFO  main            d.u.i.k.p.i.AbstractProblemLoader Loading environment from /home/runner/work/key/key/key.core/../key.ui/examples/heap/simple/dependency_contracts.key 
51741      DEBUG main            d.u.i.k.p.i.AbstractProblemLoader Environment load took 125.1ns 
51743      INFO  main            d.u.i.k.p.i.AbstractProblemLoader Creating init config 
54742      DEBUG main            d.u.i.k.p.i.AbstractProblemLoader Init config took 3s 
54764      INFO  main            d.u.i.k.p.i.AbstractProblemLoader Replaying proof dependency_contracts.key 
54766      DEBUG main            d.u.i.k.p.i.IntermediateProofReplayer Proof replay took 6.7ns 
56282      INFO  main            d.u.i.k.p.r.p.TestFile    ... finished proof: closed. 
56519      INFO  main            d.u.i.k.p.i.AbstractProblemLoader Loading environment from /home/runner/work/key/key/key.core/../key.ui/examples/heap/simple/dependency_contracts.key.proof 
56520      DEBUG main            d.u.i.k.p.i.AbstractProblemLoader Environment load took 411.3ns 
56524      INFO  main            d.u.i.k.p.i.AbstractProblemLoader Creating init config 
59447      DEBUG main            d.u.i.k.p.i.AbstractProblemLoader Init config took 2.92s 
59487      INFO  main            d.u.i.k.p.i.AbstractProblemLoader Replaying proof dependency_contracts.key.proof 
59749      DEBUG main            d.u.i.k.p.i.IntermediateProofReplayer Proof replay took 251.1ms 
59752      DEBUG main            d.u.i.k.p.r.p.TestFile    ... success: reloaded. 
59753      INFO  main            d.u.i.k.p.r.p.TestFile    Now processing file /home/runner/work/key/key/key.core/../key.ui/examples/heap/simple/invariant_preservation.key 
59754      INFO  main            d.u.i.k.p.i.AbstractProblemLoader Loading environment from /home/runner/work/key/key/key.core/../key.ui/examples/heap/simple/invariant_preservation.key 
59754      DEBUG main            d.u.i.k.p.i.AbstractProblemLoader Environment load took 277.4ns 
59756      INFO  main            d.u.i.k.p.i.AbstractProblemLoader Creating init config 
62811      DEBUG main            d.u.i.k.p.i.AbstractProblemLoader Init config took 3.05s 
62833      INFO  main            d.u.i.k.p.i.AbstractProblemLoader Replaying proof invariant_preservation.key 
62835      DEBUG main            d.u.i.k.p.i.IntermediateProofReplayer Proof replay took 7.1ns 
63038      INFO  main            d.u.i.k.p.r.p.TestFile    ... finished proof: closed. 
63278      INFO  main            d.u.i.k.p.i.AbstractProblemLoader Loading environment from /home/runner/work/key/key/key.core/../key.ui/examples/heap/simple/invariant_preservation.key.proof 
63278      DEBUG main            d.u.i.k.p.i.AbstractProblemLoader Environment load took 124.8ns 
63279      INFO  main            d.u.i.k.p.i.AbstractProblemLoader Creating init config 
66209      DEBUG main            d.u.i.k.p.i.AbstractProblemLoader Init config took 2.93s 
66233      INFO  main            d.u.i.k.p.i.AbstractProblemLoader Replaying proof invariant_preservation.key.proof 
66282      DEBUG main            d.u.i.k.p.i.IntermediateProofReplayer Proof replay took 43.7ms 
66285      DEBUG main            d.u.i.k.p.r.p.TestFile    ... success: reloaded. 
66287      INFO  main            d.u.i.k.p.r.p.TestFile    Now processing file /home/runner/work/key/key/key.core/../key.ui/examples/heap/simple/locsets.key 
66287      INFO  main            d.u.i.k.p.i.AbstractProblemLoader Loading environment from /home/runner/work/key/key/key.core/../key.ui/examples/heap/simple/locsets.key 
66287      DEBUG main            d.u.i.k.p.i.AbstractProblemLoader Environment load took 224.7ns 
66288      INFO  main            d.u.i.k.p.i.AbstractProblemLoader Creating init config 
68945      DEBUG main            d.u.i.k.p.i.AbstractProblemLoader Init config took 2.66s 
68967      INFO  main            d.u.i.k.p.i.AbstractProblemLoader Replaying proof locsets.key 
68969      DEBUG main            d.u.i.k.p.i.IntermediateProofReplayer Proof replay took 8ns 
69071      INFO  main            d.u.i.k.p.r.p.TestFile    ... finished proof: closed. 
69289      INFO  main            d.u.i.k.p.i.AbstractProblemLoader Loading environment from /home/runner/work/key/key/key.core/../key.ui/examples/heap/simple/locsets.key.proof 
69289      DEBUG main            d.u.i.k.p.i.AbstractProblemLoader Environment load took 115.1ns 
69290      INFO  main            d.u.i.k.p.i.AbstractProblemLoader Creating init config 
71912      DEBUG main            d.u.i.k.p.i.AbstractProblemLoader Init config took 2.62s 
71935      INFO  main            d.u.i.k.p.i.AbstractProblemLoader Replaying proof locsets.key.proof 
71941      DEBUG main            d.u.i.k.p.i.IntermediateProofReplayer Proof replay took 4.52ms 
71942      DEBUG main            d.u.i.k.p.r.p.TestFile    ... success: reloaded. 
71943      INFO  main            d.u.i.k.p.r.p.TestFile    Now processing file /home/runner/work/key/key/key.core/../key.ui/examples/heap/simple/loop1.key 
71943      INFO  main            d.u.i.k.p.i.AbstractProblemLoader Loading environment from /home/runner/work/key/key/key.core/../key.ui/examples/heap/simple/loop1.key 
71944      DEBUG main            d.u.i.k.p.i.AbstractProblemLoader Environment load took 226.3ns 
71945      INFO  main            d.u.i.k.p.i.AbstractProblemLoader Creating init config 
74956      DEBUG main            d.u.i.k.p.i.AbstractProblemLoader Init config took 3.01s 
74975      INFO  main            d.u.i.k.p.i.AbstractProblemLoader Replaying proof loop1.key 
74976      DEBUG main            d.u.i.k.p.i.IntermediateProofReplayer Proof replay took 6.7ns 
75179      INFO  main            d.u.i.k.p.r.p.TestFile    ... finished proof: closed. 
75383      INFO  main            d.u.i.k.p.i.AbstractProblemLoader Loading environment from /home/runner/work/key/key/key.core/../key.ui/examples/heap/simple/loop1.key.proof 
75383      DEBUG main            d.u.i.k.p.i.AbstractProblemLoader Environment load took 117.6ns 
75384      INFO  main            d.u.i.k.p.i.AbstractProblemLoader Creating init config 
78293      DEBUG main            d.u.i.k.p.i.AbstractProblemLoader Init config took 2.91s 
78311      INFO  main            d.u.i.k.p.i.AbstractProblemLoader Replaying proof loop1.key.proof 
78398      DEBUG main            d.u.i.k.p.i.IntermediateProofReplayer Proof replay took 85.12ms 
78400      DEBUG main            d.u.i.k.p.r.p.TestFile    ... success: reloaded. 
78401      INFO  main            d.u.i.k.p.r.p.TestFile    Now processing file /home/runner/work/key/key/key.core/../key.ui/examples/heap/simple/loop2.key 
78401      INFO  main            d.u.i.k.p.i.AbstractProblemLoader Loading environment from /home/runner/work/key/key/key.core/../key.ui/examples/heap/simple/loop2.key 
78401      DEBUG main            d.u.i.k.p.i.AbstractProblemLoader Environment load took 110.4ns 
78403      INFO  main            d.u.i.k.p.i.AbstractProblemLoader Creating init config 
81300      DEBUG main            d.u.i.k.p.i.AbstractProblemLoader Init config took 2.9s 
81318      INFO  main            d.u.i.k.p.i.AbstractProblemLoader Replaying proof loop2.key 
81321      DEBUG main            d.u.i.k.p.i.IntermediateProofReplayer Proof replay took 6.4ns 
82131      INFO  main            d.u.i.k.p.r.p.TestFile    ... finished proof: closed. 
82370      INFO  main            d.u.i.k.p.i.AbstractProblemLoader Loading environment from /home/runner/work/key/key/key.core/../key.ui/examples/heap/simple/loop2.key.proof 
82371      DEBUG main            d.u.i.k.p.i.AbstractProblemLoader Environment load took 586.61ns 
82372      INFO  main            d.u.i.k.p.i.AbstractProblemLoader Creating init config 
85284      DEBUG main            d.u.i.k.p.i.AbstractProblemLoader Init config took 2.91s 
85307      INFO  main            d.u.i.k.p.i.AbstractProblemLoader Replaying proof loop2.key.proof 
85480      DEBUG main            d.u.i.k.p.i.IntermediateProofReplayer Proof replay took 167.78ms 
85482      DEBUG main            d.u.i.k.p.r.p.TestFile    ... success: reloaded. 
85484      INFO  main            d.u.i.k.p.r.p.TestFile    Now processing file /home/runner/work/key/key/key.core/../key.ui/examples/heap/simple/modifies_datagroup.key 
85484      INFO  main            d.u.i.k.p.i.AbstractProblemLoader Loading environment from /home/runner/work/key/key/key.core/../key.ui/examples/heap/simple/modifies_datagroup.key 
85484      DEBUG main            d.u.i.k.p.i.AbstractProblemLoader Environment load took 356.4ns 
85486      INFO  main            d.u.i.k.p.i.AbstractProblemLoader Creating init config 
88174      DEBUG main            d.u.i.k.p.i.AbstractProblemLoader Init config took 2.69s 
88209      INFO  main            d.u.i.k.p.i.AbstractProblemLoader Replaying proof modifies_datagroup.key 
88211      DEBUG main            d.u.i.k.p.i.IntermediateProofReplayer Proof replay took 7.3ns 
88313      INFO  main            d.u.i.k.p.r.p.TestFile    ... finished proof: closed. 
88555      INFO  main            d.u.i.k.p.i.AbstractProblemLoader Loading environment from /home/runner/work/key/key/key.core/../key.ui/examples/heap/simple/modifies_datagroup.key.proof 
88555      DEBUG main            d.u.i.k.p.i.AbstractProblemLoader Environment load took 247.8ns 
88557      INFO  main            d.u.i.k.p.i.AbstractProblemLoader Creating init config 
91141      DEBUG main            d.u.i.k.p.i.AbstractProblemLoader Init config took 2.58s 
91157      INFO  main            d.u.i.k.p.i.AbstractProblemLoader Replaying proof modifies_datagroup.key.proof 
91164      DEBUG main            d.u.i.k.p.i.IntermediateProofReplayer Proof replay took 4.43ms 
91165      DEBUG main            d.u.i.k.p.r.p.TestFile    ... success: reloaded. 
91166      INFO  main            d.u.i.k.p.r.p.TestFile    Now processing file /home/runner/work/key/key/key.core/../key.ui/examples/heap/simple/modifies.key 
91166      INFO  main            d.u.i.k.p.i.AbstractProblemLoader Loading environment from /home/runner/work/key/key/key.core/../key.ui/examples/heap/simple/modifies.key 
91167      DEBUG main            d.u.i.k.p.i.AbstractProblemLoader Environment load took 221ns 
91168      INFO  main            d.u.i.k.p.i.AbstractProblemLoader Creating init config 
93938      DEBUG main            d.u.i.k.p.i.AbstractProblemLoader Init config took 2.77s 
93965      INFO  main            d.u.i.k.p.i.AbstractProblemLoader Replaying proof modifies.key 
93967      DEBUG main            d.u.i.k.p.i.IntermediateProofReplayer Proof replay took 8.2ns 
94089      INFO  main            d.u.i.k.p.r.p.TestFile    ... finished proof: closed. 
94322      INFO  main            d.u.i.k.p.i.AbstractProblemLoader Loading environment from /home/runner/work/key/key/key.core/../key.ui/examples/heap/simple/modifies.key.proof 
94322      DEBUG main            d.u.i.k.p.i.AbstractProblemLoader Environment load took 123.3ns 
94324      INFO  main            d.u.i.k.p.i.AbstractProblemLoader Creating init config 
96894      DEBUG main            d.u.i.k.p.i.AbstractProblemLoader Init config took 2.57s 
96909      INFO  main            d.u.i.k.p.i.AbstractProblemLoader Replaying proof modifies.key.proof 
96927      DEBUG main            d.u.i.k.p.i.IntermediateProofReplayer Proof replay took 15.6ms 
96928      DEBUG main            d.u.i.k.p.r.p.TestFile    ... success: reloaded. 
96928      INFO  main            d.u.i.k.p.r.p.TestFile    Now processing file /home/runner/work/key/key/key.core/../key.ui/examples/heap/simple/object_creation.key 
96928      INFO  main            d.u.i.k.p.i.AbstractProblemLoader Loading environment from /home/runner/work/key/key/key.core/../key.ui/examples/heap/simple/object_creation.key 
96929      DEBUG main            d.u.i.k.p.i.AbstractProblemLoader Environment load took 109.9ns 
96930      INFO  main            d.u.i.k.p.i.AbstractProblemLoader Creating init config 
99603      DEBUG main            d.u.i.k.p.i.AbstractProblemLoader Init config took 2.67s 
99619      INFO  main            d.u.i.k.p.i.AbstractProblemLoader Replaying proof object_creation.key 
99621      DEBUG main            d.u.i.k.p.i.IntermediateProofReplayer Proof replay took 7.5ns 
99926      INFO  main            d.u.i.k.p.r.p.TestFile    ... finished proof: closed. 
100181     INFO  main            d.u.i.k.p.i.AbstractProblemLoader Loading environment from /home/runner/work/key/key/key.core/../key.ui/examples/heap/simple/object_creation.key.proof 
100181     DEBUG main            d.u.i.k.p.i.AbstractProblemLoader Environment load took 115.1ns 
100182     INFO  main            d.u.i.k.p.i.AbstractProblemLoader Creating init config 
102810     DEBUG main            d.u.i.k.p.i.AbstractProblemLoader Init config took 2.63s 
102826     INFO  main            d.u.i.k.p.i.AbstractProblemLoader Replaying proof object_creation.key.proof 
102891     DEBUG main            d.u.i.k.p.i.IntermediateProofReplayer Proof replay took 61.93ms 
102893     DEBUG main            d.u.i.k.p.r.p.TestFile    ... success: reloaded. 
102893     INFO  main            d.u.i.k.p.r.p.TestFile    Now processing file /home/runner/work/key/key/key.core/../key.ui/examples/heap/simple/operation_contracts.key 
102894     INFO  main            d.u.i.k.p.i.AbstractProblemLoader Loading environment from /home/runner/work/key/key/key.core/../key.ui/examples/heap/simple/operation_contracts.key 
102894     DEBUG main            d.u.i.k.p.i.AbstractProblemLoader Environment load took 212.8ns 
102896     INFO  main            d.u.i.k.p.i.AbstractProblemLoader Creating init config 
105855     DEBUG main            d.u.i.k.p.i.AbstractProblemLoader Init config took 2.96s 
105873     INFO  main            d.u.i.k.p.i.AbstractProblemLoader Replaying proof operation_contracts.key 
105875     DEBUG main            d.u.i.k.p.i.IntermediateProofReplayer Proof replay took 7.6ns 
106781     INFO  main            d.u.i.k.p.r.p.TestFile    ... finished proof: closed. 
107040     INFO  main            d.u.i.k.p.i.AbstractProblemLoader Loading environment from /home/runner/work/key/key/key.core/../key.ui/examples/heap/simple/operation_contracts.key.proof 
107040     DEBUG main            d.u.i.k.p.i.AbstractProblemLoader Environment load took 536.61ns 
107042     INFO  main            d.u.i.k.p.i.AbstractProblemLoader Creating init config 
109856     DEBUG main            d.u.i.k.p.i.AbstractProblemLoader Init config took 2.81s 
109872     INFO  main            d.u.i.k.p.i.AbstractProblemLoader Replaying proof operation_contracts.key.proof 
110066     DEBUG main            d.u.i.k.p.i.IntermediateProofReplayer Proof replay took 187.63ms 
110068     DEBUG main            d.u.i.k.p.r.p.TestFile    ... success: reloaded. 
110070     INFO  main            d.u.i.k.p.r.p.TestFile    Now processing file /home/runner/work/key/key/key.core/../key.ui/examples/heap/simple/select_store.key 
110070     INFO  main            d.u.i.k.p.i.AbstractProblemLoader Loading environment from /home/runner/work/key/key/key.core/../key.ui/examples/heap/simple/select_store.key 
110070     DEBUG main            d.u.i.k.p.i.AbstractProblemLoader Environment load took 219.5ns 
110071     INFO  main            d.u.i.k.p.i.AbstractProblemLoader Creating init config 
112721     DEBUG main            d.u.i.k.p.i.AbstractProblemLoader Init config took 2.65s 
112739     INFO  main            d.u.i.k.p.i.AbstractProblemLoader Replaying proof select_store.key 
112740     DEBUG main            d.u.i.k.p.i.IntermediateProofReplayer Proof replay took 7ns 
112843     INFO  main            d.u.i.k.p.r.p.TestFile    ... finished proof: closed. 
113116     INFO  main            d.u.i.k.p.i.AbstractProblemLoader Loading environment from /home/runner/work/key/key/key.core/../key.ui/examples/heap/simple/select_store.key.proof 
113116     DEBUG main            d.u.i.k.p.i.AbstractProblemLoader Environment load took 184.6ns 
113118     INFO  main            d.u.i.k.p.i.AbstractProblemLoader Creating init config 
115768     DEBUG main            d.u.i.k.p.i.AbstractProblemLoader Init config took 2.65s 
115784     INFO  main            d.u.i.k.p.i.AbstractProblemLoader Replaying proof select_store.key.proof 
115789     DEBUG main            d.u.i.k.p.i.IntermediateProofReplayer Proof replay took 2.57ms 
115790     DEBUG main            d.u.i.k.p.r.p.TestFile    ... success: reloaded. 
115792     INFO  main            d.u.i.k.p.r.p.TestFile    Now processing file /home/runner/work/key/key/key.core/../key.ui/examples/heap/simple/selection_sort.key 
115792     INFO  main            d.u.i.k.p.i.AbstractProblemLoader Loading environment from /home/runner/work/key/key/key.core/../key.ui/examples/heap/simple/selection_sort.key 
115792     DEBUG main            d.u.i.k.p.i.AbstractProblemLoader Environment load took 125.3ns 
115794     INFO  main            d.u.i.k.p.i.AbstractProblemLoader Creating init config 
118768     DEBUG main            d.u.i.k.p.i.AbstractProblemLoader Init config took 2.97s 
118783     INFO  main            d.u.i.k.p.i.AbstractProblemLoader Replaying proof selection_sort.key 
118786     DEBUG main            d.u.i.k.p.i.IntermediateProofReplayer Proof replay took 6.8ns 
123247     INFO  main            d.u.i.k.p.r.p.TestFile    ... finished proof: closed. 
123601     INFO  main            d.u.i.k.p.i.AbstractProblemLoader Loading environment from /home/runner/work/key/key/key.core/../key.ui/examples/heap/simple/selection_sort.key.proof 
123601     DEBUG main            d.u.i.k.p.i.AbstractProblemLoader Environment load took 507.9ns 
123603     INFO  main            d.u.i.k.p.i.AbstractProblemLoader Creating init config 
126670     DEBUG main            d.u.i.k.p.i.AbstractProblemLoader Init config took 3.07s 
126689     INFO  main            d.u.i.k.p.i.AbstractProblemLoader Replaying proof selection_sort.key.proof 
127589     DEBUG main            d.u.i.k.p.i.IntermediateProofReplayer Proof replay took 869.98ms 
127592     DEBUG main            d.u.i.k.p.r.p.TestFile    ... success: reloaded. 
127593     INFO  main            d.u.i.k.p.r.p.TestFile    Now processing file /home/runner/work/key/key/key.core/../key.ui/examples/heap/simple/seq.key 
127594     INFO  main            d.u.i.k.p.i.AbstractProblemLoader Loading environment from /home/runner/work/key/key/key.core/../key.ui/examples/heap/simple/seq.key 
127594     DEBUG main            d.u.i.k.p.i.AbstractProblemLoader Environment load took 227.9ns 
127595     INFO  main            d.u.i.k.p.i.AbstractProblemLoader Creating init config 
130649     DEBUG main            d.u.i.k.p.i.AbstractProblemLoader Init config took 3.05s 
130666     INFO  main            d.u.i.k.p.i.AbstractProblemLoader Replaying proof seq.key 
130668     DEBUG main            d.u.i.k.p.i.IntermediateProofReplayer Proof replay took 6.7ns 
131175     INFO  main            d.u.i.k.p.r.p.TestFile    ... finished proof: closed. 
131527     INFO  main            d.u.i.k.p.i.AbstractProblemLoader Loading environment from /home/runner/work/key/key/key.core/../key.ui/examples/heap/simple/seq.key.proof 
131527     DEBUG main            d.u.i.k.p.i.AbstractProblemLoader Environment load took 563.41ns 
131529     INFO  main            d.u.i.k.p.i.AbstractProblemLoader Creating init config 
134072     DEBUG main            d.u.i.k.p.i.AbstractProblemLoader Init config took 2.54s 
134095     INFO  main            d.u.i.k.p.i.AbstractProblemLoader Replaying proof seq.key.proof 
134179     DEBUG main            d.u.i.k.p.i.IntermediateProofReplayer Proof replay took 78.93ms 
134181     DEBUG main            d.u.i.k.p.r.p.TestFile    ... success: reloaded. 
134181     INFO  main            d.u.i.k.p.r.p.TestFile    Now processing file /home/runner/work/key/key/key.core/../key.ui/examples/heap/simple/oldForParams.key 
134182     INFO  main            d.u.i.k.p.i.AbstractProblemLoader Loading environment from /home/runner/work/key/key/key.core/../key.ui/examples/heap/simple/oldForParams.key 
134182     DEBUG main            d.u.i.k.p.i.AbstractProblemLoader Environment load took 214.8ns 
134183     INFO  main            d.u.i.k.p.i.AbstractProblemLoader Creating init config 
137079     DEBUG main            d.u.i.k.p.i.AbstractProblemLoader Init config took 2.9s 
137149     INFO  main            d.u.i.k.p.i.AbstractProblemLoader Replaying proof OldForParameters[OldForParameters::method(int)].JML operation contract.0 
137152     DEBUG main            d.u.i.k.p.i.IntermediateProofReplayer Proof replay took 6.4ns 
137354     INFO  main            d.u.i.k.p.r.p.TestFile    ... finished proof: closed. 
137654     INFO  main            d.u.i.k.p.i.AbstractProblemLoader Loading environment from /home/runner/work/key/key/key.core/../key.ui/examples/heap/simple/oldForParams.key.proof 
137655     DEBUG main            d.u.i.k.p.i.AbstractProblemLoader Environment load took 107.2ns 
137656     INFO  main            d.u.i.k.p.i.AbstractProblemLoader Creating init config 
140604     DEBUG main            d.u.i.k.p.i.AbstractProblemLoader Init config took 2.95s 
140652     INFO  main            d.u.i.k.p.i.AbstractProblemLoader Replaying proof OldForParameters[OldForParameters::method(int)].JML operation contract.0 
140718     DEBUG main            d.u.i.k.p.i.IntermediateProofReplayer Proof replay took 62.75ms 
140719     DEBUG main            d.u.i.k.p.r.p.TestFile    ... success: reloaded. 
140720     INFO  main            d.u.i.k.p.r.p.TestFile    Now processing file /home/runner/work/key/key/key.core/../key.ui/examples/heap/simple/parse_lmtd.key 
140721     INFO  main            d.u.i.k.p.i.AbstractProblemLoader Loading environment from /home/runner/work/key/key/key.core/../key.ui/examples/heap/simple/parse_lmtd.key 
140721     DEBUG main            d.u.i.k.p.i.AbstractProblemLoader Environment load took 225.8ns 
140722     INFO  main            d.u.i.k.p.i.AbstractProblemLoader Creating init config 
143714     DEBUG main            d.u.i.k.p.i.AbstractProblemLoader Init config took 2.99s 
143759     INFO  main            d.u.i.k.p.i.AbstractProblemLoader Replaying proof ParseLmtd[ParseLmtd::simple(int)].JML normal_behavior operation contract.0 
143761     DEBUG main            d.u.i.k.p.i.IntermediateProofReplayer Proof replay took 6.3ns 
143963     INFO  main            d.u.i.k.p.r.p.TestFile    ... finished proof: closed. 
144274     INFO  main            d.u.i.k.p.i.AbstractProblemLoader Loading environment from /home/runner/work/key/key/key.core/../key.ui/examples/heap/simple/parse_lmtd.key.proof 
144274     DEBUG main            d.u.i.k.p.i.AbstractProblemLoader Environment load took 115.3ns 
144276     INFO  main            d.u.i.k.p.i.AbstractProblemLoader Creating init config 
147235     DEBUG main            d.u.i.k.p.i.AbstractProblemLoader Init config took 2.96s 
147294     INFO  main            d.u.i.k.p.i.AbstractProblemLoader Replaying proof ParseLmtd[ParseLmtd::simple(int)].JML normal_behavior operation contract.0 
147329     DEBUG main            d.u.i.k.p.i.IntermediateProofReplayer Proof replay took 32.13ms 
147331     DEBUG main            d.u.i.k.p.r.p.TestFile    ... success: reloaded. 
147335     INFO  main            d.u.i.k.p.r.p.TestFile    Now processing file /home/runner/work/key/key/key.core/../key.ui/examples/heap/strictly_pure/strictlyPureMethod.key 
147335     INFO  main            d.u.i.k.p.i.AbstractProblemLoader Loading environment from /home/runner/work/key/key/key.core/../key.ui/examples/heap/strictly_pure/strictlyPureMethod.key 
147335     DEBUG main            d.u.i.k.p.i.AbstractProblemLoader Environment load took 239.7ns 
147336     INFO  main            d.u.i.k.p.i.AbstractProblemLoader Creating init config 
150224     DEBUG main            d.u.i.k.p.i.AbstractProblemLoader Init config took 2.89s 
150265     INFO  main            d.u.i.k.p.i.AbstractProblemLoader Replaying proof StrictlyPure[StrictlyPure::strictlyPureMethod()].JML operation contract.0 
150267     DEBUG main            d.u.i.k.p.i.IntermediateProofReplayer Proof replay took 6.3ns 
150474     INFO  main            d.u.i.k.p.r.p.TestFile    ... finished proof: closed. 
150785     INFO  main            d.u.i.k.p.i.AbstractProblemLoader Loading environment from /home/runner/work/key/key/key.core/../key.ui/examples/heap/strictly_pure/strictlyPureMethod.key.proof 
150786     DEBUG main            d.u.i.k.p.i.AbstractProblemLoader Environment load took 112.1ns 
150787     INFO  main            d.u.i.k.p.i.AbstractProblemLoader Creating init config 
153529     DEBUG main            d.u.i.k.p.i.AbstractProblemLoader Init config took 2.74s 
153567     INFO  main            d.u.i.k.p.i.AbstractProblemLoader Replaying proof StrictlyPure[StrictlyPure::strictlyPureMethod()].JML operation contract.0 
153615     DEBUG main            d.u.i.k.p.i.IntermediateProofReplayer Proof replay took 44.98ms 
153616     DEBUG main            d.u.i.k.p.r.p.TestFile    ... success: reloaded. 
153616     INFO  main            d.u.i.k.p.r.p.TestFile    Now processing file /home/runner/work/key/key/key.core/../key.ui/examples/heap/strictly_pure/useStrictlyPureMethod.key 
153617     INFO  main            d.u.i.k.p.i.AbstractProblemLoader Loading environment from /home/runner/work/key/key/key.core/../key.ui/examples/heap/strictly_pure/useStrictlyPureMethod.key 
153617     DEBUG main            d.u.i.k.p.i.AbstractProblemLoader Environment load took 119ns 
153618     INFO  main            d.u.i.k.p.i.AbstractProblemLoader Creating init config 
156473     DEBUG main            d.u.i.k.p.i.AbstractProblemLoader Init config took 2.86s 
156522     INFO  main            d.u.i.k.p.i.AbstractProblemLoader Replaying proof StrictlyPure[StrictlyPure::useStrictlyPureMethod(StrictlyPureClass)].JML operation contract.0 
156523     DEBUG main            d.u.i.k.p.i.IntermediateProofReplayer Proof replay took 6.5ns 
156829     INFO  main            d.u.i.k.p.r.p.TestFile    ... finished proof: closed. 
157156     INFO  main            d.u.i.k.p.i.AbstractProblemLoader Loading environment from /home/runner/work/key/key/key.core/../key.ui/examples/heap/strictly_pure/useStrictlyPureMethod.key.proof 
157156     DEBUG main            d.u.i.k.p.i.AbstractProblemLoader Environment load took 269.7ns 
157157     INFO  main            d.u.i.k.p.i.AbstractProblemLoader Creating init config 
159974     DEBUG main            d.u.i.k.p.i.AbstractProblemLoader Init config took 2.82s 
160016     INFO  main            d.u.i.k.p.i.AbstractProblemLoader Replaying proof StrictlyPure[StrictlyPure::useStrictlyPureMethod(StrictlyPureClass)].JML operation contract.0 
160091     DEBUG main            d.u.i.k.p.i.IntermediateProofReplayer Proof replay took 71.93ms 
160092     DEBUG main            d.u.i.k.p.r.p.TestFile    ... success: reloaded. 
160093     INFO  main            d.u.i.k.p.r.p.TestFile    Now processing file /home/runner/work/key/key/key.core/../key.ui/examples/heap/Wellfounded/ackermann.key 
160094     INFO  main            d.u.i.k.p.i.AbstractProblemLoader Loading environment from /home/runner/work/key/key/key.core/../key.ui/examples/heap/Wellfounded/ackermann.key 
160094     DEBUG main            d.u.i.k.p.i.AbstractProblemLoader Environment load took 116.2ns 
160095     INFO  main            d.u.i.k.p.i.AbstractProblemLoader Creating init config 
163208     DEBUG main            d.u.i.k.p.i.AbstractProblemLoader Init config took 3.11s 
163253     INFO  main            d.u.i.k.p.i.AbstractProblemLoader Replaying proof Ackermann[Ackermann::a(int,int)].JML normal_behavior operation contract.0 
163256     DEBUG main            d.u.i.k.p.i.IntermediateProofReplayer Proof replay took 7.5ns 
163559     INFO  main            d.u.i.k.p.r.p.TestFile    ... finished proof: closed. 
163907     INFO  main            d.u.i.k.p.i.AbstractProblemLoader Loading environment from /home/runner/work/key/key/key.core/../key.ui/examples/heap/Wellfounded/ackermann.key.proof 
163908     DEBUG main            d.u.i.k.p.i.AbstractProblemLoader Environment load took 649.81ns 
163909     INFO  main            d.u.i.k.p.i.AbstractProblemLoader Creating init config 
166958     DEBUG main            d.u.i.k.p.i.AbstractProblemLoader Init config took 3.05s 
167002     INFO  main            d.u.i.k.p.i.AbstractProblemLoader Replaying proof Ackermann[Ackermann::a(int,int)].JML normal_behavior operation contract.0 
167091     DEBUG main            d.u.i.k.p.i.IntermediateProofReplayer Proof replay took 84.68ms 
167093     DEBUG main            d.u.i.k.p.r.p.TestFile    ... success: reloaded. 
167094     INFO  main            d.u.i.k.p.r.p.TestFile    Now processing file /home/runner/work/key/key/key.core/../key.ui/examples/standard_key/unicode_test.key 
167094     INFO  main            d.u.i.k.p.i.AbstractProblemLoader Loading environment from /home/runner/work/key/key/key.core/../key.ui/examples/standard_key/unicode_test.key 
167094     DEBUG main            d.u.i.k.p.i.AbstractProblemLoader Environment load took 230.8ns 
167096     INFO  main            d.u.i.k.p.i.AbstractProblemLoader Creating init config 
170085     DEBUG main            d.u.i.k.p.i.AbstractProblemLoader Init config took 2.99s 
170101     INFO  main            d.u.i.k.p.i.AbstractProblemLoader Replaying proof unicode_test.key 
170103     DEBUG main            d.u.i.k.p.i.IntermediateProofReplayer Proof replay took 6.7ns 
170205     INFO  main            d.u.i.k.p.r.p.TestFile    ... finished proof: closed. 
170556     INFO  main            d.u.i.k.p.i.AbstractProblemLoader Loading environment from /home/runner/work/key/key/key.core/../key.ui/examples/standard_key/unicode_test.key.proof 
170557     DEBUG main            d.u.i.k.p.i.AbstractProblemLoader Environment load took 112.9ns 
170558     INFO  main            d.u.i.k.p.i.AbstractProblemLoader Creating init config 
173377     DEBUG main            d.u.i.k.p.i.AbstractProblemLoader Init config took 2.82s 
173393     INFO  main            d.u.i.k.p.i.AbstractProblemLoader Replaying proof unicode_test.key.proof 
173396     DEBUG main            d.u.i.k.p.i.IntermediateProofReplayer Proof replay took 427ns 
173397     DEBUG main            d.u.i.k.p.r.p.TestFile    ... success: reloaded. 
173397     INFO  main            d.u.i.k.p.r.p.TestFile    Now processing file /home/runner/work/key/key/key.core/../key.ui/examples/heap/strictlyModular/mayExpand.key 
173397     INFO  main            d.u.i.k.p.i.AbstractProblemLoader Loading environment from /home/runner/work/key/key/key.core/../key.ui/examples/heap/strictlyModular/mayExpand.key 
173397     DEBUG main            d.u.i.k.p.i.AbstractProblemLoader Environment load took 194.8ns 
173399     INFO  main            d.u.i.k.p.i.AbstractProblemLoader Creating init config 
176386     DEBUG main            d.u.i.k.p.i.AbstractProblemLoader Init config took 2.99s 
176441     INFO  main            d.u.i.k.p.i.AbstractProblemLoader Replaying proof Modular[Modular::m()].JML operation contract.0 
176444     DEBUG main            d.u.i.k.p.i.IntermediateProofReplayer Proof replay took 8ns 
176546     INFO  main            d.u.i.k.p.r.p.TestFile    ... finished proof: closed. 
176906     INFO  main            d.u.i.k.p.i.AbstractProblemLoader Loading environment from /home/runner/work/key/key/key.core/../key.ui/examples/heap/strictlyModular/mayExpand.key.proof 
176906     DEBUG main            d.u.i.k.p.i.AbstractProblemLoader Environment load took 132.3ns 
176907     INFO  main            d.u.i.k.p.i.AbstractProblemLoader Creating init config 
179857     DEBUG main            d.u.i.k.p.i.AbstractProblemLoader Init config took 2.95s 
179898     INFO  main            d.u.i.k.p.i.AbstractProblemLoader Replaying proof Modular[Modular::m()].JML operation contract.0 
179921     DEBUG main            d.u.i.k.p.i.IntermediateProofReplayer Proof replay took 20.47ms 
179922     DEBUG main            d.u.i.k.p.r.p.TestFile    ... success: reloaded. 
179923     INFO  main            d.u.i.k.p.r.p.TestFile    Now processing file /home/runner/work/key/key/key.core/../key.ui/examples/heap/strictlyModular/modularOnly.key 
179923     INFO  main            d.u.i.k.p.i.AbstractProblemLoader Loading environment from /home/runner/work/key/key/key.core/../key.ui/examples/heap/strictlyModular/modularOnly.key 
179923     DEBUG main            d.u.i.k.p.i.AbstractProblemLoader Environment load took 108.3ns 
179924     INFO  main            d.u.i.k.p.i.AbstractProblemLoader Creating init config 
182946     DEBUG main            d.u.i.k.p.i.AbstractProblemLoader Init config took 3.02s 
182989     INFO  main            d.u.i.k.p.i.AbstractProblemLoader Replaying proof Modular[Modular::m()].JML operation contract.0 
182990     DEBUG main            d.u.i.k.p.i.IntermediateProofReplayer Proof replay took 7.5ns 
183095     INFO  main            d.u.i.k.p.r.p.TestFile    ... finished proof: open goal(s) 
2249994    INFO  Test worker     d.u.i.k.p.r.RunAllProofsTestUnit Returning from test simpleTests 
2249995    INFO  Test worker     d.u.i.k.p.r.RunAllProofsTestUnit Running test SmansEtAl 
462        INFO  Timeout watchdog d.u.i.k.p.r.p.ForkedTestFileRunner Timeout watcher launched (2000 secs.) 
494        WARN  main            d.u.i.k.s.ProofSettings   The settings in /home/runner/.key/proof-settings.props are *not* read. 
561        INFO  main            d.u.i.k.p.r.p.TestFile    Now processing file /home/runner/work/key/key/key.core/../key.ui/examples/heap/SmansEtAl/ArrayList_add.key 
710        INFO  main            d.u.i.k.p.i.AbstractProblemLoader Loading environment from /home/runner/work/key/key/key.core/../key.ui/examples/heap/SmansEtAl/ArrayList_add.key 
731        DEBUG main            d.u.i.k.p.i.AbstractProblemLoader Environment load took 2.46ms 
1011       INFO  main            d.u.i.k.p.i.AbstractProblemLoader Creating init config 
2162       DEBUG main            d.u.i.k.j.TypeConverter   No LDT found for Meta 
2163       DEBUG main            d.u.i.k.j.TypeConverter   No LDT found for Meta 
2164       DEBUG main            d.u.i.k.j.TypeConverter   No LDT found for Meta 
2165       DEBUG main            d.u.i.k.j.TypeConverter   No LDT found for Meta 
4004       DEBUG main            d.u.i.k.j.TypeConverter   No LDT found for JavaBigintExpression 
11186      DEBUG main            d.u.i.k.p.i.AbstractProblemLoader Init config took 10.17s 
11382      INFO  main            d.u.i.k.p.i.AbstractProblemLoader Replaying proof ArrayList[ArrayList::add(java.lang.Object)].JML normal_behavior operation contract.0 
11432      DEBUG main            d.u.i.k.p.i.IntermediateProofReplayer Proof replay took 43ns 
21296      INFO  main            d.u.i.k.p.r.p.TestFile    ... finished proof: closed. 
21594      INFO  main            d.u.i.k.p.i.AbstractProblemLoader Loading environment from /home/runner/work/key/key/key.core/../key.ui/examples/heap/SmansEtAl/ArrayList_add.key.proof 
21595      DEBUG main            d.u.i.k.p.i.AbstractProblemLoader Environment load took 467.5ns 
21602      INFO  main            d.u.i.k.p.i.AbstractProblemLoader Creating init config 
25326      DEBUG main            d.u.i.k.p.i.AbstractProblemLoader Init config took 3.72s 
25405      INFO  main            d.u.i.k.p.i.AbstractProblemLoader Replaying proof ArrayList[ArrayList::add(java.lang.Object)].JML normal_behavior operation contract.0 
26915      DEBUG main            d.u.i.k.p.i.IntermediateProofReplayer Proof replay took 1.47s 
26926      DEBUG main            d.u.i.k.p.r.p.TestFile    ... success: reloaded. 
26928      INFO  main            d.u.i.k.p.r.p.TestFile    Now processing file /home/runner/work/key/key/key.core/../key.ui/examples/heap/SmansEtAl/ArrayList_ArrayList.key 
26929      INFO  main            d.u.i.k.p.i.AbstractProblemLoader Loading environment from /home/runner/work/key/key/key.core/../key.ui/examples/heap/SmansEtAl/ArrayList_ArrayList.key 
26929      DEBUG main            d.u.i.k.p.i.AbstractProblemLoader Environment load took 292.9ns 
26931      INFO  main            d.u.i.k.p.i.AbstractProblemLoader Creating init config 
30746      DEBUG main            d.u.i.k.p.i.AbstractProblemLoader Init config took 3.82s 
30817      INFO  main            d.u.i.k.p.i.AbstractProblemLoader Replaying proof ArrayList[ArrayList::ArrayList()].JML normal_behavior operation contract.0 
30821      DEBUG main            d.u.i.k.p.i.IntermediateProofReplayer Proof replay took 6.7ns 
32357      INFO  main            d.u.i.k.p.r.p.TestFile    ... finished proof: closed. 
32554      INFO  main            d.u.i.k.p.i.AbstractProblemLoader Loading environment from /home/runner/work/key/key/key.core/../key.ui/examples/heap/SmansEtAl/ArrayList_ArrayList.key.proof 
32555      DEBUG main            d.u.i.k.p.i.AbstractProblemLoader Environment load took 677.11ns 
32557      INFO  main            d.u.i.k.p.i.AbstractProblemLoader Creating init config 
36082      DEBUG main            d.u.i.k.p.i.AbstractProblemLoader Init config took 3.53s 
36145      INFO  main            d.u.i.k.p.i.AbstractProblemLoader Replaying proof ArrayList[ArrayList::ArrayList()].JML normal_behavior operation contract.0 
36367      DEBUG main            d.u.i.k.p.i.IntermediateProofReplayer Proof replay took 211.98ms 
36369      DEBUG main            d.u.i.k.p.r.p.TestFile    ... success: reloaded. 
36378      INFO  main            d.u.i.k.p.r.p.TestFile    Now processing file /home/runner/work/key/key/key.core/../key.ui/examples/heap/SmansEtAl/ArrayList_footprint.key 
36380      INFO  main            d.u.i.k.p.i.AbstractProblemLoader Loading environment from /home/runner/work/key/key/key.core/../key.ui/examples/heap/SmansEtAl/ArrayList_footprint.key 
36380      DEBUG main            d.u.i.k.p.i.AbstractProblemLoader Environment load took 389.2ns 
36382      INFO  main            d.u.i.k.p.i.AbstractProblemLoader Creating init config 
39967      DEBUG main            d.u.i.k.p.i.AbstractProblemLoader Init config took 3.58s 
40033      INFO  main            d.u.i.k.p.i.AbstractProblemLoader Replaying proof ArrayList[ArrayList::$footprint()].JML accessible clause.0 
40037      DEBUG main            d.u.i.k.p.i.IntermediateProofReplayer Proof replay took 7ns 
40140      INFO  main            d.u.i.k.p.r.p.TestFile    ... finished proof: closed. 
40332      INFO  main            d.u.i.k.p.i.AbstractProblemLoader Loading environment from /home/runner/work/key/key/key.core/../key.ui/examples/heap/SmansEtAl/ArrayList_footprint.key.proof 
40332      DEBUG main            d.u.i.k.p.i.AbstractProblemLoader Environment load took 132.4ns 
40335      INFO  main            d.u.i.k.p.i.AbstractProblemLoader Creating init config 
43853      DEBUG main            d.u.i.k.p.i.AbstractProblemLoader Init config took 3.52s 
43911      INFO  main            d.u.i.k.p.i.AbstractProblemLoader Replaying proof ArrayList[ArrayList::$footprint()].JML accessible clause.0 
43928      DEBUG main            d.u.i.k.p.i.IntermediateProofReplayer Proof replay took 14.04ms 
43930      DEBUG main            d.u.i.k.p.r.p.TestFile    ... success: reloaded. 
43933      INFO  main            d.u.i.k.p.r.p.TestFile    Now processing file /home/runner/work/key/key/key.core/../key.ui/examples/heap/SmansEtAl/ArrayList_get_dep.key 
43933      INFO  main            d.u.i.k.p.i.AbstractProblemLoader Loading environment from /home/runner/work/key/key/key.core/../key.ui/examples/heap/SmansEtAl/ArrayList_get_dep.key 
43933      DEBUG main            d.u.i.k.p.i.AbstractProblemLoader Environment load took 366.2ns 
43935      INFO  main            d.u.i.k.p.i.AbstractProblemLoader Creating init config 
47474      DEBUG main            d.u.i.k.p.i.AbstractProblemLoader Init config took 3.54s 
47531      INFO  main            d.u.i.k.p.i.AbstractProblemLoader Replaying proof ArrayList[ArrayList::get(int)].JML accessible clause.0 
47533      DEBUG main            d.u.i.k.p.i.IntermediateProofReplayer Proof replay took 7ns 
47937      INFO  main            d.u.i.k.p.r.p.TestFile    ... finished proof: closed. 
48166      INFO  main            d.u.i.k.p.i.AbstractProblemLoader Loading environment from /home/runner/work/key/key/key.core/../key.ui/examples/heap/SmansEtAl/ArrayList_get_dep.key.proof 
48167      DEBUG main            d.u.i.k.p.i.AbstractProblemLoader Environment load took 1.23ms 
48168      INFO  main            d.u.i.k.p.i.AbstractProblemLoader Creating init config 
51572      DEBUG main            d.u.i.k.p.i.AbstractProblemLoader Init config took 3.4s 
51624      INFO  main            d.u.i.k.p.i.AbstractProblemLoader Replaying proof ArrayList[ArrayList::get(int)].JML accessible clause.0 
51706      DEBUG main            d.u.i.k.p.i.IntermediateProofReplayer Proof replay took 77.74ms 
51707      DEBUG main            d.u.i.k.p.r.p.TestFile    ... success: reloaded. 
51708      INFO  main            d.u.i.k.p.r.p.TestFile    Now processing file /home/runner/work/key/key/key.core/../key.ui/examples/heap/SmansEtAl/ArrayList_get.key 
51709      INFO  main            d.u.i.k.p.i.AbstractProblemLoader Loading environment from /home/runner/work/key/key/key.core/../key.ui/examples/heap/SmansEtAl/ArrayList_get.key 
51709      DEBUG main            d.u.i.k.p.i.AbstractProblemLoader Environment load took 258.6ns 
51710      INFO  main            d.u.i.k.p.i.AbstractProblemLoader Creating init config 
55159      DEBUG main            d.u.i.k.p.i.AbstractProblemLoader Init config took 3.45s 
55212      INFO  main            d.u.i.k.p.i.AbstractProblemLoader Replaying proof ArrayList[ArrayList::get(int)].JML normal_behavior operation contract.0 
55214      DEBUG main            d.u.i.k.p.i.IntermediateProofReplayer Proof replay took 5.8ns 
55418      INFO  main            d.u.i.k.p.r.p.TestFile    ... finished proof: closed. 
55614      INFO  main            d.u.i.k.p.i.AbstractProblemLoader Loading environment from /home/runner/work/key/key/key.core/../key.ui/examples/heap/SmansEtAl/ArrayList_get.key.proof 
55614      DEBUG main            d.u.i.k.p.i.AbstractProblemLoader Environment load took 140.5ns 
55615      INFO  main            d.u.i.k.p.i.AbstractProblemLoader Creating init config 
59024      DEBUG main            d.u.i.k.p.i.AbstractProblemLoader Init config took 3.41s 
59080      INFO  main            d.u.i.k.p.i.AbstractProblemLoader Replaying proof ArrayList[ArrayList::get(int)].JML normal_behavior operation contract.0 
59124      DEBUG main            d.u.i.k.p.i.IntermediateProofReplayer Proof replay took 41.3ms 
59125      DEBUG main            d.u.i.k.p.r.p.TestFile    ... success: reloaded. 
59126      INFO  main            d.u.i.k.p.r.p.TestFile    Now processing file /home/runner/work/key/key/key.core/../key.ui/examples/heap/SmansEtAl/ArrayList_inv.key 
59127      INFO  main            d.u.i.k.p.i.AbstractProblemLoader Loading environment from /home/runner/work/key/key/key.core/../key.ui/examples/heap/SmansEtAl/ArrayList_inv.key 
59127      DEBUG main            d.u.i.k.p.i.AbstractProblemLoader Environment load took 147.8ns 
59128      INFO  main            d.u.i.k.p.i.AbstractProblemLoader Creating init config 
62642      DEBUG main            d.u.i.k.p.i.AbstractProblemLoader Init config took 3.51s 
62703      INFO  main            d.u.i.k.p.i.AbstractProblemLoader Replaying proof ArrayList[java.lang.Object::<inv>()].JML accessible clause.0 
62706      DEBUG main            d.u.i.k.p.i.IntermediateProofReplayer Proof replay took 6.9ns 
62808      INFO  main            d.u.i.k.p.r.p.TestFile    ... finished proof: closed. 
63008      INFO  main            d.u.i.k.p.i.AbstractProblemLoader Loading environment from /home/runner/work/key/key/key.core/../key.ui/examples/heap/SmansEtAl/ArrayList_inv.key.proof 
63008      DEBUG main            d.u.i.k.p.i.AbstractProblemLoader Environment load took 139.9ns 
63009      INFO  main            d.u.i.k.p.i.AbstractProblemLoader Creating init config 
66297      DEBUG main            d.u.i.k.p.i.AbstractProblemLoader Init config took 3.29s 
66384      INFO  main            d.u.i.k.p.i.AbstractProblemLoader Replaying proof ArrayList[java.lang.Object::<inv>()].JML accessible clause.0 
66401      DEBUG main            d.u.i.k.p.i.IntermediateProofReplayer Proof replay took 15.04ms 
66403      DEBUG main            d.u.i.k.p.r.p.TestFile    ... success: reloaded. 
66405      INFO  main            d.u.i.k.p.r.p.TestFile    Now processing file /home/runner/work/key/key/key.core/../key.ui/examples/heap/SmansEtAl/ArrayList_size_dep.key 
66405      INFO  main            d.u.i.k.p.i.AbstractProblemLoader Loading environment from /home/runner/work/key/key/key.core/../key.ui/examples/heap/SmansEtAl/ArrayList_size_dep.key 
66406      DEBUG main            d.u.i.k.p.i.AbstractProblemLoader Environment load took 339.2ns 
66407      INFO  main            d.u.i.k.p.i.AbstractProblemLoader Creating init config 
69858      DEBUG main            d.u.i.k.p.i.AbstractProblemLoader Init config took 3.45s 
69907      INFO  main            d.u.i.k.p.i.AbstractProblemLoader Replaying proof ArrayList[ArrayList::size()].JML accessible clause.0 
69910      DEBUG main            d.u.i.k.p.i.IntermediateProofReplayer Proof replay took 15.6ns 
70113      INFO  main            d.u.i.k.p.r.p.TestFile    ... finished proof: closed. 
70323      INFO  main            d.u.i.k.p.i.AbstractProblemLoader Loading environment from /home/runner/work/key/key/key.core/../key.ui/examples/heap/SmansEtAl/ArrayList_size_dep.key.proof 
70323      DEBUG main            d.u.i.k.p.i.AbstractProblemLoader Environment load took 134.6ns 
70325      INFO  main            d.u.i.k.p.i.AbstractProblemLoader Creating init config 
73693      DEBUG main            d.u.i.k.p.i.AbstractProblemLoader Init config took 3.37s 
73745      INFO  main            d.u.i.k.p.i.AbstractProblemLoader Replaying proof ArrayList[ArrayList::size()].JML accessible clause.0 
73769      DEBUG main            d.u.i.k.p.i.IntermediateProofReplayer Proof replay took 21.64ms 
73771      DEBUG main            d.u.i.k.p.r.p.TestFile    ... success: reloaded. 
73772      INFO  main            d.u.i.k.p.r.p.TestFile    Now processing file /home/runner/work/key/key/key.core/../key.ui/examples/heap/SmansEtAl/ArrayList_size.key 
73773      INFO  main            d.u.i.k.p.i.AbstractProblemLoader Loading environment from /home/runner/work/key/key/key.core/../key.ui/examples/heap/SmansEtAl/ArrayList_size.key 
73773      DEBUG main            d.u.i.k.p.i.AbstractProblemLoader Environment load took 250.6ns 
73774      INFO  main            d.u.i.k.p.i.AbstractProblemLoader Creating init config 
77157      DEBUG main            d.u.i.k.p.i.AbstractProblemLoader Init config took 3.38s 
77223      INFO  main            d.u.i.k.p.i.AbstractProblemLoader Replaying proof ArrayList[ArrayList::size()].JML normal_behavior operation contract.0 
77229      DEBUG main            d.u.i.k.p.i.IntermediateProofReplayer Proof replay took 8.5ns 
77333      INFO  main            d.u.i.k.p.r.p.TestFile    ... finished proof: closed. 
77552      INFO  main            d.u.i.k.p.i.AbstractProblemLoader Loading environment from /home/runner/work/key/key/key.core/../key.ui/examples/heap/SmansEtAl/ArrayList_size.key.proof 
77553      DEBUG main            d.u.i.k.p.i.AbstractProblemLoader Environment load took 559.1ns 
77554      INFO  main            d.u.i.k.p.i.AbstractProblemLoader Creating init config 
80952      DEBUG main            d.u.i.k.p.i.AbstractProblemLoader Init config took 3.4s 
80999      INFO  main            d.u.i.k.p.i.AbstractProblemLoader Replaying proof ArrayList[ArrayList::size()].JML normal_behavior operation contract.0 
81021      DEBUG main            d.u.i.k.p.i.IntermediateProofReplayer Proof replay took 19.7ms 
81022      DEBUG main            d.u.i.k.p.r.p.TestFile    ... success: reloaded. 
81023      INFO  main            d.u.i.k.p.r.p.TestFile    Now processing file /home/runner/work/key/key/key.core/../key.ui/examples/heap/SmansEtAl/Cell_Cell.key 
81023      INFO  main            d.u.i.k.p.i.AbstractProblemLoader Loading environment from /home/runner/work/key/key/key.core/../key.ui/examples/heap/SmansEtAl/Cell_Cell.key 
81023      DEBUG main            d.u.i.k.p.i.AbstractProblemLoader Environment load took 107.4ns 
81024      INFO  main            d.u.i.k.p.i.AbstractProblemLoader Creating init config 
84371      DEBUG main            d.u.i.k.p.i.AbstractProblemLoader Init config took 3.35s 
84415      INFO  main            d.u.i.k.p.i.AbstractProblemLoader Replaying proof Cell[Cell::Cell()].JML normal_behavior operation contract.0 
84418      DEBUG main            d.u.i.k.p.i.IntermediateProofReplayer Proof replay took 7.6ns 
84620      INFO  main            d.u.i.k.p.r.p.TestFile    ... finished proof: closed. 
84945      INFO  main            d.u.i.k.p.i.AbstractProblemLoader Loading environment from /home/runner/work/key/key/key.core/../key.ui/examples/heap/SmansEtAl/Cell_Cell.key.proof 
84945      DEBUG main            d.u.i.k.p.i.AbstractProblemLoader Environment load took 126.6ns 
84947      INFO  main            d.u.i.k.p.i.AbstractProblemLoader Creating init config 
88212      DEBUG main            d.u.i.k.p.i.AbstractProblemLoader Init config took 3.27s 
88257      INFO  main            d.u.i.k.p.i.AbstractProblemLoader Replaying proof Cell[Cell::Cell()].JML normal_behavior operation contract.0 
88313      DEBUG main            d.u.i.k.p.i.IntermediateProofReplayer Proof replay took 53.33ms 
88314      DEBUG main            d.u.i.k.p.r.p.TestFile    ... success: reloaded. 
88316      INFO  main            d.u.i.k.p.r.p.TestFile    Now processing file /home/runner/work/key/key/key.core/../key.ui/examples/heap/SmansEtAl/Cell_footprint.key 
88316      INFO  main            d.u.i.k.p.i.AbstractProblemLoader Loading environment from /home/runner/work/key/key/key.core/../key.ui/examples/heap/SmansEtAl/Cell_footprint.key 
88316      DEBUG main            d.u.i.k.p.i.AbstractProblemLoader Environment load took 143.2ns 
88318      INFO  main            d.u.i.k.p.i.AbstractProblemLoader Creating init config 
91572      DEBUG main            d.u.i.k.p.i.AbstractProblemLoader Init config took 3.25s 
91616      INFO  main            d.u.i.k.p.i.AbstractProblemLoader Replaying proof Cell[Cell::$footprint()].JML accessible clause.0 
91618      DEBUG main            d.u.i.k.p.i.IntermediateProofReplayer Proof replay took 6.2ns 
91719      INFO  main            d.u.i.k.p.r.p.TestFile    ... finished proof: closed. 
91937      INFO  main            d.u.i.k.p.i.AbstractProblemLoader Loading environment from /home/runner/work/key/key/key.core/../key.ui/examples/heap/SmansEtAl/Cell_footprint.key.proof 
91938      DEBUG main            d.u.i.k.p.i.AbstractProblemLoader Environment load took 125.8ns 
91939      INFO  main            d.u.i.k.p.i.AbstractProblemLoader Creating init config 
95179      DEBUG main            d.u.i.k.p.i.AbstractProblemLoader Init config took 3.24s 
95230      INFO  main            d.u.i.k.p.i.AbstractProblemLoader Replaying proof Cell[Cell::$footprint()].JML accessible clause.0 
95237      DEBUG main            d.u.i.k.p.i.IntermediateProofReplayer Proof replay took 4.88ms 
95238      DEBUG main            d.u.i.k.p.r.p.TestFile    ... success: reloaded. 
95240      INFO  main            d.u.i.k.p.r.p.TestFile    Now processing file /home/runner/work/key/key/key.core/../key.ui/examples/heap/SmansEtAl/Cell_getX_dep.key 
95240      INFO  main            d.u.i.k.p.i.AbstractProblemLoader Loading environment from /home/runner/work/key/key/key.core/../key.ui/examples/heap/SmansEtAl/Cell_getX_dep.key 
95241      DEBUG main            d.u.i.k.p.i.AbstractProblemLoader Environment load took 231ns 
95242      INFO  main            d.u.i.k.p.i.AbstractProblemLoader Creating init config 
98380      DEBUG main            d.u.i.k.p.i.AbstractProblemLoader Init config took 3.14s 
98419      INFO  main            d.u.i.k.p.i.AbstractProblemLoader Replaying proof Cell[Cell::getX()].JML accessible clause.0 
98421      DEBUG main            d.u.i.k.p.i.IntermediateProofReplayer Proof replay took 6.1ns 
98523      INFO  main            d.u.i.k.p.r.p.TestFile    ... finished proof: closed. 
98766      INFO  main            d.u.i.k.p.i.AbstractProblemLoader Loading environment from /home/runner/work/key/key/key.core/../key.ui/examples/heap/SmansEtAl/Cell_getX_dep.key.proof 
98766      DEBUG main            d.u.i.k.p.i.AbstractProblemLoader Environment load took 134.3ns 
98768      INFO  main            d.u.i.k.p.i.AbstractProblemLoader Creating init config 
101852     DEBUG main            d.u.i.k.p.i.AbstractProblemLoader Init config took 3.08s 
101891     INFO  main            d.u.i.k.p.i.AbstractProblemLoader Replaying proof Cell[Cell::getX()].JML accessible clause.0 
101909     DEBUG main            d.u.i.k.p.i.IntermediateProofReplayer Proof replay took 15.56ms 
101910     DEBUG main            d.u.i.k.p.r.p.TestFile    ... success: reloaded. 
101911     INFO  main            d.u.i.k.p.r.p.TestFile    Now processing file /home/runner/work/key/key/key.core/../key.ui/examples/heap/SmansEtAl/Cell_getX.key 
101912     INFO  main            d.u.i.k.p.i.AbstractProblemLoader Loading environment from /home/runner/work/key/key/key.core/../key.ui/examples/heap/SmansEtAl/Cell_getX.key 
101912     DEBUG main            d.u.i.k.p.i.AbstractProblemLoader Environment load took 294.4ns 
101913     INFO  main            d.u.i.k.p.i.AbstractProblemLoader Creating init config 
105047     DEBUG main            d.u.i.k.p.i.AbstractProblemLoader Init config took 3.13s 
105091     INFO  main            d.u.i.k.p.i.AbstractProblemLoader Replaying proof Cell[Cell::getX()].JML normal_behavior operation contract.0 
105092     DEBUG main            d.u.i.k.p.i.IntermediateProofReplayer Proof replay took 6.9ns 
105194     INFO  main            d.u.i.k.p.r.p.TestFile    ... finished proof: closed. 
105431     INFO  main            d.u.i.k.p.i.AbstractProblemLoader Loading environment from /home/runner/work/key/key/key.core/../key.ui/examples/heap/SmansEtAl/Cell_getX.key.proof 
105431     DEBUG main            d.u.i.k.p.i.AbstractProblemLoader Environment load took 129.8ns 
105432     INFO  main            d.u.i.k.p.i.AbstractProblemLoader Creating init config 
108589     DEBUG main            d.u.i.k.p.i.AbstractProblemLoader Init config took 3.16s 
108631     INFO  main            d.u.i.k.p.i.AbstractProblemLoader Replaying proof Cell[Cell::getX()].JML normal_behavior operation contract.0 
108648     DEBUG main            d.u.i.k.p.i.IntermediateProofReplayer Proof replay took 15.12ms 
108649     DEBUG main            d.u.i.k.p.r.p.TestFile    ... success: reloaded. 
108650     INFO  main            d.u.i.k.p.r.p.TestFile    Now processing file /home/runner/work/key/key/key.core/../key.ui/examples/heap/SmansEtAl/Cell_inv.key 
108650     INFO  main            d.u.i.k.p.i.AbstractProblemLoader Loading environment from /home/runner/work/key/key/key.core/../key.ui/examples/heap/SmansEtAl/Cell_inv.key 
108651     DEBUG main            d.u.i.k.p.i.AbstractProblemLoader Environment load took 137ns 
108652     INFO  main            d.u.i.k.p.i.AbstractProblemLoader Creating init config 
111835     DEBUG main            d.u.i.k.p.i.AbstractProblemLoader Init config took 3.18s 
111875     INFO  main            d.u.i.k.p.i.AbstractProblemLoader Replaying proof Cell[java.lang.Object::<inv>()].JML accessible clause.0 
111877     DEBUG main            d.u.i.k.p.i.IntermediateProofReplayer Proof replay took 7.6ns 
111979     INFO  main            d.u.i.k.p.r.p.TestFile    ... finished proof: closed. 
112241     INFO  main            d.u.i.k.p.i.AbstractProblemLoader Loading environment from /home/runner/work/key/key/key.core/../key.ui/examples/heap/SmansEtAl/Cell_inv.key.proof 
112241     DEBUG main            d.u.i.k.p.i.AbstractProblemLoader Environment load took 120.8ns 
112242     INFO  main            d.u.i.k.p.i.AbstractProblemLoader Creating init config 
115499     DEBUG main            d.u.i.k.p.i.AbstractProblemLoader Init config took 3.26s 
115543     INFO  main            d.u.i.k.p.i.AbstractProblemLoader Replaying proof Cell[java.lang.Object::<inv>()].JML accessible clause.0 
115547     DEBUG main            d.u.i.k.p.i.IntermediateProofReplayer Proof replay took 2.17ms 
115548     DEBUG main            d.u.i.k.p.r.p.TestFile    ... success: reloaded. 
115549     INFO  main            d.u.i.k.p.r.p.TestFile    Now processing file /home/runner/work/key/key/key.core/../key.ui/examples/heap/SmansEtAl/Cell_setX.key 
115549     INFO  main            d.u.i.k.p.i.AbstractProblemLoader Loading environment from /home/runner/work/key/key/key.core/../key.ui/examples/heap/SmansEtAl/Cell_setX.key 
115549     DEBUG main            d.u.i.k.p.i.AbstractProblemLoader Environment load took 124.1ns 
115550     INFO  main            d.u.i.k.p.i.AbstractProblemLoader Creating init config 
118874     DEBUG main            d.u.i.k.p.i.AbstractProblemLoader Init config took 3.32s 
118913     INFO  main            d.u.i.k.p.i.AbstractProblemLoader Replaying proof Cell[Cell::setX(int)].JML normal_behavior operation contract.0 
118915     DEBUG main            d.u.i.k.p.i.IntermediateProofReplayer Proof replay took 6.7ns 
119017     INFO  main            d.u.i.k.p.r.p.TestFile    ... finished proof: closed. 
119275     INFO  main            d.u.i.k.p.i.AbstractProblemLoader Loading environment from /home/runner/work/key/key/key.core/../key.ui/examples/heap/SmansEtAl/Cell_setX.key.proof 
119275     DEBUG main            d.u.i.k.p.i.AbstractProblemLoader Environment load took 135.2ns 
119277     INFO  main            d.u.i.k.p.i.AbstractProblemLoader Creating init config 
122512     DEBUG main            d.u.i.k.p.i.AbstractProblemLoader Init config took 3.24s 
122554     INFO  main            d.u.i.k.p.i.AbstractProblemLoader Replaying proof Cell[Cell::setX(int)].JML normal_behavior operation contract.0 
122584     DEBUG main            d.u.i.k.p.i.IntermediateProofReplayer Proof replay took 27.58ms 
122585     DEBUG main            d.u.i.k.p.r.p.TestFile    ... success: reloaded. 
122587     INFO  main            d.u.i.k.p.r.p.TestFile    Now processing file /home/runner/work/key/key/key.core/../key.ui/examples/heap/SmansEtAl/CellClient_m.key 
122587     INFO  main            d.u.i.k.p.i.AbstractProblemLoader Loading environment from /home/runner/work/key/key/key.core/../key.ui/examples/heap/SmansEtAl/CellClient_m.key 
122587     DEBUG main            d.u.i.k.p.i.AbstractProblemLoader Environment load took 222.7ns 
122588     INFO  main            d.u.i.k.p.i.AbstractProblemLoader Creating init config 
125888     DEBUG main            d.u.i.k.p.i.AbstractProblemLoader Init config took 3.3s 
125931     INFO  main            d.u.i.k.p.i.AbstractProblemLoader Replaying proof CellClient[CellClient::m()].JML operation contract.0 
125933     DEBUG main            d.u.i.k.p.i.IntermediateProofReplayer Proof replay took 6.4ns 
126537     INFO  main            d.u.i.k.p.r.p.TestFile    ... finished proof: closed. 
126835     INFO  main            d.u.i.k.p.i.AbstractProblemLoader Loading environment from /home/runner/work/key/key/key.core/../key.ui/examples/heap/SmansEtAl/CellClient_m.key.proof 
126840     DEBUG main            d.u.i.k.p.i.AbstractProblemLoader Environment load took 5.53ms 
126841     INFO  main            d.u.i.k.p.i.AbstractProblemLoader Creating init config 
130078     DEBUG main            d.u.i.k.p.i.AbstractProblemLoader Init config took 3.24s 
130125     INFO  main            d.u.i.k.p.i.AbstractProblemLoader Replaying proof CellClient[CellClient::m()].JML operation contract.0 
130254     DEBUG main            d.u.i.k.p.i.IntermediateProofReplayer Proof replay took 124.79ms 
130255     DEBUG main            d.u.i.k.p.r.p.TestFile    ... success: reloaded. 
130257     INFO  main            d.u.i.k.p.r.p.TestFile    Now processing file /home/runner/work/key/key/key.core/../key.ui/examples/heap/SmansEtAl/Iterator_footprint.key 
130257     INFO  main            d.u.i.k.p.i.AbstractProblemLoader Loading environment from /home/runner/work/key/key/key.core/../key.ui/examples/heap/SmansEtAl/Iterator_footprint.key 
130257     DEBUG main            d.u.i.k.p.i.AbstractProblemLoader Environment load took 261.5ns 
130259     INFO  main            d.u.i.k.p.i.AbstractProblemLoader Creating init config 
133479     DEBUG main            d.u.i.k.p.i.AbstractProblemLoader Init config took 3.22s 
133524     INFO  main            d.u.i.k.p.i.AbstractProblemLoader Replaying proof Iterator[Iterator::$footprint()].JML accessible clause.0 
133526     DEBUG main            d.u.i.k.p.i.IntermediateProofReplayer Proof replay took 7.3ns 
133629     INFO  main            d.u.i.k.p.r.p.TestFile    ... finished proof: closed. 
133899     INFO  main            d.u.i.k.p.i.AbstractProblemLoader Loading environment from /home/runner/work/key/key/key.core/../key.ui/examples/heap/SmansEtAl/Iterator_footprint.key.proof 
133899     DEBUG main            d.u.i.k.p.i.AbstractProblemLoader Environment load took 141.6ns 
133901     INFO  main            d.u.i.k.p.i.AbstractProblemLoader Creating init config 
137212     DEBUG main            d.u.i.k.p.i.AbstractProblemLoader Init config took 3.31s 
137275     INFO  main            d.u.i.k.p.i.AbstractProblemLoader Replaying proof Iterator[Iterator::$footprint()].JML accessible clause.0 
137286     DEBUG main            d.u.i.k.p.i.IntermediateProofReplayer Proof replay took 8.72ms 
137288     DEBUG main            d.u.i.k.p.r.p.TestFile    ... success: reloaded. 
137289     INFO  main            d.u.i.k.p.r.p.TestFile    Now processing file /home/runner/work/key/key/key.core/../key.ui/examples/heap/SmansEtAl/Iterator_hasNext_dep.key 
137289     INFO  main            d.u.i.k.p.i.AbstractProblemLoader Loading environment from /home/runner/work/key/key/key.core/../key.ui/examples/heap/SmansEtAl/Iterator_hasNext_dep.key 
137290     DEBUG main            d.u.i.k.p.i.AbstractProblemLoader Environment load took 248.9ns 
137291     INFO  main            d.u.i.k.p.i.AbstractProblemLoader Creating init config 
140668     DEBUG main            d.u.i.k.p.i.AbstractProblemLoader Init config took 3.38s 
140721     INFO  main            d.u.i.k.p.i.AbstractProblemLoader Replaying proof Iterator[Iterator::hasNext()].JML accessible clause.0 
140723     DEBUG main            d.u.i.k.p.i.IntermediateProofReplayer Proof replay took 6.6ns 
141429     INFO  main            d.u.i.k.p.r.p.TestFile    ... finished proof: closed. 
141742     INFO  main            d.u.i.k.p.i.AbstractProblemLoader Loading environment from /home/runner/work/key/key/key.core/../key.ui/examples/heap/SmansEtAl/Iterator_hasNext_dep.key.proof 
141742     DEBUG main            d.u.i.k.p.i.AbstractProblemLoader Environment load took 587.4ns 
141744     INFO  main            d.u.i.k.p.i.AbstractProblemLoader Creating init config 
144924     DEBUG main            d.u.i.k.p.i.AbstractProblemLoader Init config took 3.18s 
144970     INFO  main            d.u.i.k.p.i.AbstractProblemLoader Replaying proof Iterator[Iterator::hasNext()].JML accessible clause.0 
145116     DEBUG main            d.u.i.k.p.i.IntermediateProofReplayer Proof replay took 139.9ms 
145119     DEBUG main            d.u.i.k.p.r.p.TestFile    ... success: reloaded. 
145122     INFO  main            d.u.i.k.p.r.p.TestFile    Now processing file /home/runner/work/key/key/key.core/../key.ui/examples/heap/SmansEtAl/Iterator_hasNext.key 
145122     INFO  main            d.u.i.k.p.i.AbstractProblemLoader Loading environment from /home/runner/work/key/key/key.core/../key.ui/examples/heap/SmansEtAl/Iterator_hasNext.key 
145122     DEBUG main            d.u.i.k.p.i.AbstractProblemLoader Environment load took 232.1ns 
145124     INFO  main            d.u.i.k.p.i.AbstractProblemLoader Creating init config 
148430     DEBUG main            d.u.i.k.p.i.AbstractProblemLoader Init config took 3.31s 
148499     INFO  main            d.u.i.k.p.i.AbstractProblemLoader Replaying proof Iterator[Iterator::hasNext()].JML normal_behavior operation contract.0 
148501     DEBUG main            d.u.i.k.p.i.IntermediateProofReplayer Proof replay took 7.2ns 
149206     INFO  main            d.u.i.k.p.r.p.TestFile    ... finished proof: closed. 
149522     INFO  main            d.u.i.k.p.i.AbstractProblemLoader Loading environment from /home/runner/work/key/key/key.core/../key.ui/examples/heap/SmansEtAl/Iterator_hasNext.key.proof 
149522     DEBUG main            d.u.i.k.p.i.AbstractProblemLoader Environment load took 613.9ns 
149524     INFO  main            d.u.i.k.p.i.AbstractProblemLoader Creating init config 
152747     DEBUG main            d.u.i.k.p.i.AbstractProblemLoader Init config took 3.22s 
152790     INFO  main            d.u.i.k.p.i.AbstractProblemLoader Replaying proof Iterator[Iterator::hasNext()].JML normal_behavior operation contract.0 
152910     DEBUG main            d.u.i.k.p.i.IntermediateProofReplayer Proof replay took 112.52ms 
152911     DEBUG main            d.u.i.k.p.r.p.TestFile    ... success: reloaded. 
152912     INFO  main            d.u.i.k.p.r.p.TestFile    Now processing file /home/runner/work/key/key/key.core/../key.ui/examples/heap/SmansEtAl/Iterator_inv.key 
152912     INFO  main            d.u.i.k.p.i.AbstractProblemLoader Loading environment from /home/runner/work/key/key/key.core/../key.ui/examples/heap/SmansEtAl/Iterator_inv.key 
152912     DEBUG main            d.u.i.k.p.i.AbstractProblemLoader Environment load took 160.7ns 
152913     INFO  main            d.u.i.k.p.i.AbstractProblemLoader Creating init config 
156134     DEBUG main            d.u.i.k.p.i.AbstractProblemLoader Init config took 3.22s 
156175     INFO  main            d.u.i.k.p.i.AbstractProblemLoader Replaying proof Iterator[java.lang.Object::<inv>()].JML accessible clause.0 
156176     DEBUG main            d.u.i.k.p.i.IntermediateProofReplayer Proof replay took 6.3ns 
156379     INFO  main            d.u.i.k.p.r.p.TestFile    ... finished proof: closed. 
156705     INFO  main            d.u.i.k.p.i.AbstractProblemLoader Loading environment from /home/runner/work/key/key/key.core/../key.ui/examples/heap/SmansEtAl/Iterator_inv.key.proof 
156705     DEBUG main            d.u.i.k.p.i.AbstractProblemLoader Environment load took 112.5ns 
156706     INFO  main            d.u.i.k.p.i.AbstractProblemLoader Creating init config 
159814     DEBUG main            d.u.i.k.p.i.AbstractProblemLoader Init config took 3.11s 
159855     INFO  main            d.u.i.k.p.i.AbstractProblemLoader Replaying proof Iterator[java.lang.Object::<inv>()].JML accessible clause.0 
159889     DEBUG main            d.u.i.k.p.i.IntermediateProofReplayer Proof replay took 31.12ms 
159890     DEBUG main            d.u.i.k.p.r.p.TestFile    ... success: reloaded. 
159891     INFO  main            d.u.i.k.p.r.p.TestFile    Now processing file /home/runner/work/key/key/key.core/../key.ui/examples/heap/SmansEtAl/Iterator_Iterator.key 
159891     INFO  main            d.u.i.k.p.i.AbstractProblemLoader Loading environment from /home/runner/work/key/key/key.core/../key.ui/examples/heap/SmansEtAl/Iterator_Iterator.key 
159891     DEBUG main            d.u.i.k.p.i.AbstractProblemLoader Environment load took 101.7ns 
159892     INFO  main            d.u.i.k.p.i.AbstractProblemLoader Creating init config 
163024     DEBUG main            d.u.i.k.p.i.AbstractProblemLoader Init config took 3.13s 
163066     INFO  main            d.u.i.k.p.i.AbstractProblemLoader Replaying proof Iterator[Iterator::Iterator(ArrayList)].JML normal_behavior operation contract.0 
163067     DEBUG main            d.u.i.k.p.i.IntermediateProofReplayer Proof replay took 5.8ns 
164676     INFO  main            d.u.i.k.p.r.p.TestFile    ... finished proof: closed. 
164994     INFO  main            d.u.i.k.p.i.AbstractProblemLoader Loading environment from /home/runner/work/key/key/key.core/../key.ui/examples/heap/SmansEtAl/Iterator_Iterator.key.proof 
164995     DEBUG main            d.u.i.k.p.i.AbstractProblemLoader Environment load took 479ns 
164996     INFO  main            d.u.i.k.p.i.AbstractProblemLoader Creating init config 
168110     DEBUG main            d.u.i.k.p.i.AbstractProblemLoader Init config took 3.11s 
168151     INFO  main            d.u.i.k.p.i.AbstractProblemLoader Replaying proof Iterator[Iterator::Iterator(ArrayList)].JML normal_behavior operation contract.0 
168416     DEBUG main            d.u.i.k.p.i.IntermediateProofReplayer Proof replay took 249.72ms 
168417     DEBUG main            d.u.i.k.p.r.p.TestFile    ... success: reloaded. 
168419     INFO  main            d.u.i.k.p.r.p.TestFile    Now processing file /home/runner/work/key/key/key.core/../key.ui/examples/heap/SmansEtAl/Iterator_list_dep.key 
168419     INFO  main            d.u.i.k.p.i.AbstractProblemLoader Loading environment from /home/runner/work/key/key/key.core/../key.ui/examples/heap/SmansEtAl/Iterator_list_dep.key 
168419     DEBUG main            d.u.i.k.p.i.AbstractProblemLoader Environment load took 237.6ns 
168421     INFO  main            d.u.i.k.p.i.AbstractProblemLoader Creating init config 
171561     DEBUG main            d.u.i.k.p.i.AbstractProblemLoader Init config took 3.14s 
171601     INFO  main            d.u.i.k.p.i.AbstractProblemLoader Replaying proof Iterator[Iterator::list()].JML accessible clause.0 
171603     DEBUG main            d.u.i.k.p.i.IntermediateProofReplayer Proof replay took 6ns 
171705     INFO  main            d.u.i.k.p.r.p.TestFile    ... finished proof: closed. 
171993     INFO  main            d.u.i.k.p.i.AbstractProblemLoader Loading environment from /home/runner/work/key/key/key.core/../key.ui/examples/heap/SmansEtAl/Iterator_list_dep.key.proof 
171993     DEBUG main            d.u.i.k.p.i.AbstractProblemLoader Environment load took 123.3ns 
171994     INFO  main            d.u.i.k.p.i.AbstractProblemLoader Creating init config 
175001     DEBUG main            d.u.i.k.p.i.AbstractProblemLoader Init config took 3.01s 
175038     INFO  main            d.u.i.k.p.i.AbstractProblemLoader Replaying proof Iterator[Iterator::list()].JML accessible clause.0 
175062     DEBUG main            d.u.i.k.p.i.IntermediateProofReplayer Proof replay took 21.5ms 
175063     DEBUG main            d.u.i.k.p.r.p.TestFile    ... success: reloaded. 
175064     INFO  main            d.u.i.k.p.r.p.TestFile    Now processing file /home/runner/work/key/key/key.core/../key.ui/examples/heap/SmansEtAl/Iterator_list.key 
175064     INFO  main            d.u.i.k.p.i.AbstractProblemLoader Loading environment from /home/runner/work/key/key/key.core/../key.ui/examples/heap/SmansEtAl/Iterator_list.key 
175064     DEBUG main            d.u.i.k.p.i.AbstractProblemLoader Environment load took 116.6ns 
175065     INFO  main            d.u.i.k.p.i.AbstractProblemLoader Creating init config 
178153     DEBUG main            d.u.i.k.p.i.AbstractProblemLoader Init config took 3.09s 
178199     INFO  main            d.u.i.k.p.i.AbstractProblemLoader Replaying proof Iterator[Iterator::list()].JML normal_behavior operation contract.0 
178201     DEBUG main            d.u.i.k.p.i.IntermediateProofReplayer Proof replay took 6.1ns 
178303     INFO  main            d.u.i.k.p.r.p.TestFile    ... finished proof: closed. 
178610     INFO  main            d.u.i.k.p.i.AbstractProblemLoader Loading environment from /home/runner/work/key/key/key.core/../key.ui/examples/heap/SmansEtAl/Iterator_list.key.proof 
178610     DEBUG main            d.u.i.k.p.i.AbstractProblemLoader Environment load took 132.6ns 
178611     INFO  main            d.u.i.k.p.i.AbstractProblemLoader Creating init config 
181616     DEBUG main            d.u.i.k.p.i.AbstractProblemLoader Init config took 3s 
181655     INFO  main            d.u.i.k.p.i.AbstractProblemLoader Replaying proof Iterator[Iterator::list()].JML normal_behavior operation contract.0 
181675     DEBUG main            d.u.i.k.p.i.IntermediateProofReplayer Proof replay took 17.88ms 
181676     DEBUG main            d.u.i.k.p.r.p.TestFile    ... success: reloaded. 
181678     INFO  main            d.u.i.k.p.r.p.TestFile    Now processing file /home/runner/work/key/key/key.core/../key.ui/examples/heap/SmansEtAl/Iterator_next.key 
181678     INFO  main            d.u.i.k.p.i.AbstractProblemLoader Loading environment from /home/runner/work/key/key/key.core/../key.ui/examples/heap/SmansEtAl/Iterator_next.key 
181678     DEBUG main            d.u.i.k.p.i.AbstractProblemLoader Environment load took 125.9ns 
181679     INFO  main            d.u.i.k.p.i.AbstractProblemLoader Creating init config 
184770     DEBUG main            d.u.i.k.p.i.AbstractProblemLoader Init config took 3.09s 
184813     INFO  main            d.u.i.k.p.i.AbstractProblemLoader Replaying proof Iterator[Iterator::next()].JML normal_behavior operation contract.0 
184815     DEBUG main            d.u.i.k.p.i.IntermediateProofReplayer Proof replay took 6.6ns 
188336     INFO  main            d.u.i.k.p.r.p.TestFile    ... finished proof: closed. 
188685     INFO  main            d.u.i.k.p.i.AbstractProblemLoader Loading environment from /home/runner/work/key/key/key.core/../key.ui/examples/heap/SmansEtAl/Iterator_next.key.proof 
188686     DEBUG main            d.u.i.k.p.i.AbstractProblemLoader Environment load took 207.5ns 
188688     INFO  main            d.u.i.k.p.i.AbstractProblemLoader Creating init config 
191802     DEBUG main            d.u.i.k.p.i.AbstractProblemLoader Init config took 3.11s 
191845     INFO  main            d.u.i.k.p.i.AbstractProblemLoader Replaying proof Iterator[Iterator::next()].JML normal_behavior operation contract.0 
192256     DEBUG main            d.u.i.k.p.i.IntermediateProofReplayer Proof replay took 387.72ms 
192259     DEBUG main            d.u.i.k.p.r.p.TestFile    ... success: reloaded. 
192260     INFO  main            d.u.i.k.p.r.p.TestFile    Now processing file /home/runner/work/key/key/key.core/../key.ui/examples/heap/SmansEtAl/Stack_footprint.key 
192260     INFO  main            d.u.i.k.p.i.AbstractProblemLoader Loading environment from /home/runner/work/key/key/key.core/../key.ui/examples/heap/SmansEtAl/Stack_footprint.key 
192261     DEBUG main            d.u.i.k.p.i.AbstractProblemLoader Environment load took 296.3ns 
192262     INFO  main            d.u.i.k.p.i.AbstractProblemLoader Creating init config 
195627     DEBUG main            d.u.i.k.p.i.AbstractProblemLoader Init config took 3.37s 
195696     INFO  main            d.u.i.k.p.i.AbstractProblemLoader Replaying proof Stack[Stack::$footprint()].JML accessible clause.0 
195698     DEBUG main            d.u.i.k.p.i.IntermediateProofReplayer Proof replay took 6.7ns 
195900     INFO  main            d.u.i.k.p.r.p.TestFile    ... finished proof: closed. 
196239     INFO  main            d.u.i.k.p.i.AbstractProblemLoader Loading environment from /home/runner/work/key/key/key.core/../key.ui/examples/heap/SmansEtAl/Stack_footprint.key.proof 
196239     DEBUG main            d.u.i.k.p.i.AbstractProblemLoader Environment load took 136.9ns 
196240     INFO  main            d.u.i.k.p.i.AbstractProblemLoader Creating init config 
199448     DEBUG main            d.u.i.k.p.i.AbstractProblemLoader Init config took 3.21s 
199489     INFO  main            d.u.i.k.p.i.AbstractProblemLoader Replaying proof Stack[Stack::$footprint()].JML accessible clause.0 
199532     DEBUG main            d.u.i.k.p.i.IntermediateProofReplayer Proof replay took 39.01ms 
199533     DEBUG main            d.u.i.k.p.r.p.TestFile    ... success: reloaded. 
199534     INFO  main            d.u.i.k.p.r.p.TestFile    Now processing file /home/runner/work/key/key/key.core/../key.ui/examples/heap/SmansEtAl/Stack_inv.key 
199535     INFO  main            d.u.i.k.p.i.AbstractProblemLoader Loading environment from /home/runner/work/key/key/key.core/../key.ui/examples/heap/SmansEtAl/Stack_inv.key 
199535     DEBUG main            d.u.i.k.p.i.AbstractProblemLoader Environment load took 241.43ns 
199537     INFO  main            d.u.i.k.p.i.AbstractProblemLoader Creating init config 
202833     DEBUG main            d.u.i.k.p.i.AbstractProblemLoader Init config took 3.3s 
202870     INFO  main            d.u.i.k.p.i.AbstractProblemLoader Replaying proof Stack[java.lang.Object::<inv>()].JML accessible clause.0 
202872     DEBUG main            d.u.i.k.p.i.IntermediateProofReplayer Proof replay took 6.1ns 
202974     INFO  main            d.u.i.k.p.r.p.TestFile    ... finished proof: closed. 
203322     INFO  main            d.u.i.k.p.i.AbstractProblemLoader Loading environment from /home/runner/work/key/key/key.core/../key.ui/examples/heap/SmansEtAl/Stack_inv.key.proof 
203322     DEBUG main            d.u.i.k.p.i.AbstractProblemLoader Environment load took 115.7ns 
203323     INFO  main            d.u.i.k.p.i.AbstractProblemLoader Creating init config 
206449     DEBUG main            d.u.i.k.p.i.AbstractProblemLoader Init config took 3.13s 
206493     INFO  main            d.u.i.k.p.i.AbstractProblemLoader Replaying proof Stack[java.lang.Object::<inv>()].JML accessible clause.0 
206508     DEBUG main            d.u.i.k.p.i.IntermediateProofReplayer Proof replay took 13.07ms 
206509     DEBUG main            d.u.i.k.p.r.p.TestFile    ... success: reloaded. 
206510     INFO  main            d.u.i.k.p.r.p.TestFile    Now processing file /home/runner/work/key/key/key.core/../key.ui/examples/heap/SmansEtAl/Stack_push.key 
206510     INFO  main            d.u.i.k.p.i.AbstractProblemLoader Loading environment from /home/runner/work/key/key/key.core/../key.ui/examples/heap/SmansEtAl/Stack_push.key 
206510     DEBUG main            d.u.i.k.p.i.AbstractProblemLoader Environment load took 116.5ns 
206511     INFO  main            d.u.i.k.p.i.AbstractProblemLoader Creating init config 
209772     DEBUG main            d.u.i.k.p.i.AbstractProblemLoader Init config took 3.26s 
209814     INFO  main            d.u.i.k.p.i.AbstractProblemLoader Replaying proof Stack[Stack::push(java.lang.Object)].JML normal_behavior operation contract.0 
209816     DEBUG main            d.u.i.k.p.i.IntermediateProofReplayer Proof replay took 6.5ns 
210720     INFO  main            d.u.i.k.p.r.p.TestFile    ... finished proof: closed. 
211070     INFO  main            d.u.i.k.p.i.AbstractProblemLoader Loading environment from /home/runner/work/key/key/key.core/../key.ui/examples/heap/SmansEtAl/Stack_push.key.proof 
211070     DEBUG main            d.u.i.k.p.i.AbstractProblemLoader Environment load took 156.9ns 
211071     INFO  main            d.u.i.k.p.i.AbstractProblemLoader Creating init config 
214311     DEBUG main            d.u.i.k.p.i.AbstractProblemLoader Init config took 3.24s 
214352     INFO  main            d.u.i.k.p.i.AbstractProblemLoader Replaying proof Stack[Stack::push(java.lang.Object)].JML normal_behavior operation contract.0 
214537     DEBUG main            d.u.i.k.p.i.IntermediateProofReplayer Proof replay took 179.23ms 
214538     DEBUG main            d.u.i.k.p.r.p.TestFile    ... success: reloaded. 
214539     INFO  main            d.u.i.k.p.r.p.TestFile    Now processing file /home/runner/work/key/key/key.core/../key.ui/examples/heap/SmansEtAl/Stack_size.key 
214540     INFO  main            d.u.i.k.p.i.AbstractProblemLoader Loading environment from /home/runner/work/key/key/key.core/../key.ui/examples/heap/SmansEtAl/Stack_size.key 
214540     DEBUG main            d.u.i.k.p.i.AbstractProblemLoader Environment load took 306.72ns 
214541     INFO  main            d.u.i.k.p.i.AbstractProblemLoader Creating init config 
217834     DEBUG main            d.u.i.k.p.i.AbstractProblemLoader Init config took 3.29s 
217878     INFO  main            d.u.i.k.p.i.AbstractProblemLoader Replaying proof Stack[Stack::size()].JML accessible clause.0 
217880     DEBUG main            d.u.i.k.p.i.IntermediateProofReplayer Proof replay took 7.4ns 
218183     INFO  main            d.u.i.k.p.r.p.TestFile    ... finished proof: closed. 
218548     INFO  main            d.u.i.k.p.i.AbstractProblemLoader Loading environment from /home/runner/work/key/key/key.core/../key.ui/examples/heap/SmansEtAl/Stack_size.key.proof 
218548     DEBUG main            d.u.i.k.p.i.AbstractProblemLoader Environment load took 113.4ns 
218549     INFO  main            d.u.i.k.p.i.AbstractProblemLoader Creating init config 
221786     DEBUG main            d.u.i.k.p.i.AbstractProblemLoader Init config took 3.24s 
221825     INFO  main            d.u.i.k.p.i.AbstractProblemLoader Replaying proof Stack[Stack::size()].JML accessible clause.0 
221881     DEBUG main            d.u.i.k.p.i.IntermediateProofReplayer Proof replay took 53.53ms 
221883     DEBUG main            d.u.i.k.p.r.p.TestFile    ... success: reloaded. 
221884     INFO  main            d.u.i.k.p.r.p.TestFile    Now processing file /home/runner/work/key/key/key.core/../key.ui/examples/heap/SmansEtAl/Stack_Stack.key 
221884     INFO  main            d.u.i.k.p.i.AbstractProblemLoader Loading environment from /home/runner/work/key/key/key.core/../key.ui/examples/heap/SmansEtAl/Stack_Stack.key 
221885     DEBUG main            d.u.i.k.p.i.AbstractProblemLoader Environment load took 234.12ns 
221886     INFO  main            d.u.i.k.p.i.AbstractProblemLoader Creating init config 
225241     DEBUG main            d.u.i.k.p.i.AbstractProblemLoader Init config took 3.36s 
225292     INFO  main            d.u.i.k.p.i.AbstractProblemLoader Replaying proof Stack[Stack::Stack()].JML normal_behavior operation contract.0 
225294     DEBUG main            d.u.i.k.p.i.IntermediateProofReplayer Proof replay took 6.5ns 
226701     INFO  main            d.u.i.k.p.r.p.TestFile    ... finished proof: closed. 
227112     INFO  main            d.u.i.k.p.i.AbstractProblemLoader Loading environment from /home/runner/work/key/key/key.core/../key.ui/examples/heap/SmansEtAl/Stack_Stack.key.proof 
227112     DEBUG main            d.u.i.k.p.i.AbstractProblemLoader Environment load took 146.5ns 
227113     INFO  main            d.u.i.k.p.i.AbstractProblemLoader Creating init config 
230367     DEBUG main            d.u.i.k.p.i.AbstractProblemLoader Init config took 3.25s 
230407     INFO  main            d.u.i.k.p.i.AbstractProblemLoader Replaying proof Stack[Stack::Stack()].JML normal_behavior operation contract.0 
230650     DEBUG main            d.u.i.k.p.i.IntermediateProofReplayer Proof replay took 235.39ms 
230651     DEBUG main            d.u.i.k.p.r.p.TestFile    ... success: reloaded. 
230652     INFO  main            d.u.i.k.p.r.p.TestFile    Now processing file /home/runner/work/key/key/key.core/../key.ui/examples/heap/SmansEtAl/Stack_switchContents.key 
230652     INFO  main            d.u.i.k.p.i.AbstractProblemLoader Loading environment from /home/runner/work/key/key/key.core/../key.ui/examples/heap/SmansEtAl/Stack_switchContents.key 
230652     DEBUG main            d.u.i.k.p.i.AbstractProblemLoader Environment load took 71.2ns 
230653     INFO  main            d.u.i.k.p.i.AbstractProblemLoader Creating init config 
233936     DEBUG main            d.u.i.k.p.i.AbstractProblemLoader Init config took 3.28s 
233976     INFO  main            d.u.i.k.p.i.AbstractProblemLoader Replaying proof Stack[Stack::switchContents(Stack)].JML normal_behavior operation contract.0 
233977     DEBUG main            d.u.i.k.p.i.IntermediateProofReplayer Proof replay took 6.4ns 
239534     INFO  main            d.u.i.k.p.r.p.TestFile    ... finished proof: closed. 
239929     INFO  main            d.u.i.k.p.i.AbstractProblemLoader Loading environment from /home/runner/work/key/key/key.core/../key.ui/examples/heap/SmansEtAl/Stack_switchContents.key.proof 
239930     DEBUG main            d.u.i.k.p.i.AbstractProblemLoader Environment load took 127.7ns 
239932     INFO  main            d.u.i.k.p.i.AbstractProblemLoader Creating init config 
243077     DEBUG main            d.u.i.k.p.i.AbstractProblemLoader Init config took 3.14s 
243121     INFO  main            d.u.i.k.p.i.AbstractProblemLoader Replaying proof Stack[Stack::switchContents(Stack)].JML normal_behavior operation contract.0 
243665     DEBUG main            d.u.i.k.p.i.IntermediateProofReplayer Proof replay took 529.08ms 
243668     DEBUG main            d.u.i.k.p.r.p.TestFile    ... success: reloaded. 
2493888    INFO  Test worker     d.u.i.k.p.r.RunAllProofsTestUnit Returning from test SmansEtAl 
2493890    INFO  Test worker     d.u.i.k.p.r.RunAllProofsTestUnit Running test VACID0 
441        INFO  Timeout watchdog d.u.i.k.p.r.p.ForkedTestFileRunner Timeout watcher launched (2000 secs.) 
465        WARN  main            d.u.i.k.s.ProofSettings   The settings in /home/runner/.key/proof-settings.props are *not* read. 
513        INFO  main            d.u.i.k.p.r.p.TestFile    Now processing file /home/runner/work/key/key/key.core/../key.ui/examples/heap/vacid0_01_SparseArray/Harness_sparseArrayTestHarness1.key 
670        INFO  main            d.u.i.k.p.i.AbstractProblemLoader Loading environment from /home/runner/work/key/key/key.core/../key.ui/examples/heap/vacid0_01_SparseArray/Harness_sparseArrayTestHarness1.key 
691        DEBUG main            d.u.i.k.p.i.AbstractProblemLoader Environment load took 2.45ms 
969        INFO  main            d.u.i.k.p.i.AbstractProblemLoader Creating init config 
2267       DEBUG main            d.u.i.k.j.TypeConverter   No LDT found for Meta 
2268       DEBUG main            d.u.i.k.j.TypeConverter   No LDT found for Meta 
2272       DEBUG main            d.u.i.k.j.TypeConverter   No LDT found for Meta 
2272       DEBUG main            d.u.i.k.j.TypeConverter   No LDT found for Meta 
3847       DEBUG main            d.u.i.k.j.TypeConverter   No LDT found for JavaBigintExpression 
10488      DEBUG main            d.u.i.k.p.i.AbstractProblemLoader Init config took 9.52s 
10641      INFO  main            d.u.i.k.p.i.AbstractProblemLoader Replaying proof Harness[Harness::sparseArrayTestHarness1()].JML normal_behavior operation contract.0 
10685      DEBUG main            d.u.i.k.p.i.IntermediateProofReplayer Proof replay took 34.2ns 
12496      INFO  main            d.u.i.k.p.r.p.TestFile    ... finished proof: closed. 
12673      INFO  main            d.u.i.k.p.i.AbstractProblemLoader Loading environment from /home/runner/work/key/key/key.core/../key.ui/examples/heap/vacid0_01_SparseArray/Harness_sparseArrayTestHarness1.key.proof 
12674      DEBUG main            d.u.i.k.p.i.AbstractProblemLoader Environment load took 485.22ns 
12677      INFO  main            d.u.i.k.p.i.AbstractProblemLoader Creating init config 
16127      DEBUG main            d.u.i.k.p.i.AbstractProblemLoader Init config took 3.45s 
16202      INFO  main            d.u.i.k.p.i.AbstractProblemLoader Replaying proof Harness[Harness::sparseArrayTestHarness1()].JML normal_behavior operation contract.0 
16442      DEBUG main            d.u.i.k.p.i.IntermediateProofReplayer Proof replay took 226.56ms 
16451      DEBUG main            d.u.i.k.p.r.p.TestFile    ... success: reloaded. 
16453      INFO  main            d.u.i.k.p.r.p.TestFile    Now processing file /home/runner/work/key/key/key.core/../key.ui/examples/heap/vacid0_01_SparseArray/Harness_sparseArrayTestHarness2.key 
16454      INFO  main            d.u.i.k.p.i.AbstractProblemLoader Loading environment from /home/runner/work/key/key/key.core/../key.ui/examples/heap/vacid0_01_SparseArray/Harness_sparseArrayTestHarness2.key 
16454      DEBUG main            d.u.i.k.p.i.AbstractProblemLoader Environment load took 276.61ns 
16456      INFO  main            d.u.i.k.p.i.AbstractProblemLoader Creating init config 
19732      DEBUG main            d.u.i.k.p.i.AbstractProblemLoader Init config took 3.28s 
19806      INFO  main            d.u.i.k.p.i.AbstractProblemLoader Replaying proof Harness[Harness::sparseArrayTestHarness2()].JML normal_behavior operation contract.0 
19809      DEBUG main            d.u.i.k.p.i.IntermediateProofReplayer Proof replay took 5.7ns 
31719      INFO  main            d.u.i.k.p.r.p.TestFile    ... finished proof: closed. 
31972      INFO  main            d.u.i.k.p.i.AbstractProblemLoader Loading environment from /home/runner/work/key/key/key.core/../key.ui/examples/heap/vacid0_01_SparseArray/Harness_sparseArrayTestHarness2.key.proof 
31974      DEBUG main            d.u.i.k.p.i.AbstractProblemLoader Environment load took 2.2ms 
31978      INFO  main            d.u.i.k.p.i.AbstractProblemLoader Creating init config 
35114      DEBUG main            d.u.i.k.p.i.AbstractProblemLoader Init config took 3.14s 
35172      INFO  main            d.u.i.k.p.i.AbstractProblemLoader Replaying proof Harness[Harness::sparseArrayTestHarness2()].JML normal_behavior operation contract.0 
36602      DEBUG main            d.u.i.k.p.i.IntermediateProofReplayer Proof replay took 1.38s 
36605      DEBUG main            d.u.i.k.p.r.p.TestFile    ... success: reloaded. 
36606      INFO  main            d.u.i.k.p.r.p.TestFile    Now processing file /home/runner/work/key/key/key.core/../key.ui/examples/heap/vacid0_01_SparseArray/MemoryAllocator_alloc_unsigned.key 
36607      INFO  main            d.u.i.k.p.i.AbstractProblemLoader Loading environment from /home/runner/work/key/key/key.core/../key.ui/examples/heap/vacid0_01_SparseArray/MemoryAllocator_alloc_unsigned.key 
36607      DEBUG main            d.u.i.k.p.i.AbstractProblemLoader Environment load took 276.61ns 
36609      INFO  main            d.u.i.k.p.i.AbstractProblemLoader Creating init config 
40029      DEBUG main            d.u.i.k.p.i.AbstractProblemLoader Init config took 3.42s 
40082      INFO  main            d.u.i.k.p.i.AbstractProblemLoader Replaying proof MemoryAllocator[MemoryAllocator::alloc_unsigned(int)].JML normal_behavior operation contract.0 
40085      DEBUG main            d.u.i.k.p.i.IntermediateProofReplayer Proof replay took 5.3ns 
41313      INFO  main            d.u.i.k.p.r.p.TestFile    ... finished proof: closed. 
41531      INFO  main            d.u.i.k.p.i.AbstractProblemLoader Loading environment from /home/runner/work/key/key/key.core/../key.ui/examples/heap/vacid0_01_SparseArray/MemoryAllocator_alloc_unsigned.key.proof 
41532      DEBUG main            d.u.i.k.p.i.AbstractProblemLoader Environment load took 522.62ns 
41535      INFO  main            d.u.i.k.p.i.AbstractProblemLoader Creating init config 
44722      DEBUG main            d.u.i.k.p.i.AbstractProblemLoader Init config took 3.19s 
44770      INFO  main            d.u.i.k.p.i.AbstractProblemLoader Replaying proof MemoryAllocator[MemoryAllocator::alloc_unsigned(int)].JML normal_behavior operation contract.0 
45055      DEBUG main            d.u.i.k.p.i.IntermediateProofReplayer Proof replay took 276.63ms 
45057      DEBUG main            d.u.i.k.p.r.p.TestFile    ... success: reloaded. 
45059      INFO  main            d.u.i.k.p.r.p.TestFile    Now processing file /home/runner/work/key/key/key.core/../key.ui/examples/heap/vacid0_01_SparseArray/MemoryAllocator_alloc.key 
45059      INFO  main            d.u.i.k.p.i.AbstractProblemLoader Loading environment from /home/runner/work/key/key/key.core/../key.ui/examples/heap/vacid0_01_SparseArray/MemoryAllocator_alloc.key 
45060      DEBUG main            d.u.i.k.p.i.AbstractProblemLoader Environment load took 295.41ns 
45061      INFO  main            d.u.i.k.p.i.AbstractProblemLoader Creating init config 
48116      DEBUG main            d.u.i.k.p.i.AbstractProblemLoader Init config took 3.05s 
48167      INFO  main            d.u.i.k.p.i.AbstractProblemLoader Replaying proof MemoryAllocator[MemoryAllocator::alloc(int)].JML normal_behavior operation contract.0 
48169      DEBUG main            d.u.i.k.p.i.IntermediateProofReplayer Proof replay took 5.1ns 
48911      INFO  main            d.u.i.k.p.r.p.TestFile    ... finished proof: closed. 
49100      INFO  main            d.u.i.k.p.i.AbstractProblemLoader Loading environment from /home/runner/work/key/key/key.core/../key.ui/examples/heap/vacid0_01_SparseArray/MemoryAllocator_alloc.key.proof 
49101      DEBUG main            d.u.i.k.p.i.AbstractProblemLoader Environment load took 558.2ns 
49102      INFO  main            d.u.i.k.p.i.AbstractProblemLoader Creating init config 
52274      DEBUG main            d.u.i.k.p.i.AbstractProblemLoader Init config took 3.17s 
52332      INFO  main            d.u.i.k.p.i.AbstractProblemLoader Replaying proof MemoryAllocator[MemoryAllocator::alloc(int)].JML normal_behavior operation contract.0 
52524      DEBUG main            d.u.i.k.p.i.IntermediateProofReplayer Proof replay took 185.31ms 
52526      DEBUG main            d.u.i.k.p.r.p.TestFile    ... success: reloaded. 
52527      INFO  main            d.u.i.k.p.r.p.TestFile    Now processing file /home/runner/work/key/key/key.core/../key.ui/examples/heap/vacid0_01_SparseArray/SparseArray_get_dep.key 
52528      INFO  main            d.u.i.k.p.i.AbstractProblemLoader Loading environment from /home/runner/work/key/key/key.core/../key.ui/examples/heap/vacid0_01_SparseArray/SparseArray_get_dep.key 
52528      DEBUG main            d.u.i.k.p.i.AbstractProblemLoader Environment load took 270.61ns 
52529      INFO  main            d.u.i.k.p.i.AbstractProblemLoader Creating init config 
55814      DEBUG main            d.u.i.k.p.i.AbstractProblemLoader Init config took 3.28s 
55916      INFO  main            d.u.i.k.p.i.AbstractProblemLoader Replaying proof SparseArray[SparseArray::get(int)].JML accessible clause.0 
55918      DEBUG main            d.u.i.k.p.i.IntermediateProofReplayer Proof replay took 5.8ns 
59766      INFO  main            d.u.i.k.p.r.p.TestFile    ... finished proof: closed. 
59988      INFO  main            d.u.i.k.p.i.AbstractProblemLoader Loading environment from /home/runner/work/key/key/key.core/../key.ui/examples/heap/vacid0_01_SparseArray/SparseArray_get_dep.key.proof 
59988      DEBUG main            d.u.i.k.p.i.AbstractProblemLoader Environment load took 454.11ns 
59990      INFO  main            d.u.i.k.p.i.AbstractProblemLoader Creating init config 
63172      DEBUG main            d.u.i.k.p.i.AbstractProblemLoader Init config took 3.18s 
63239      INFO  main            d.u.i.k.p.i.AbstractProblemLoader Replaying proof SparseArray[SparseArray::get(int)].JML accessible clause.0 
63707      DEBUG main            d.u.i.k.p.i.IntermediateProofReplayer Proof replay took 437.93ms 
63709      DEBUG main            d.u.i.k.p.r.p.TestFile    ... success: reloaded. 
63710      INFO  main            d.u.i.k.p.r.p.TestFile    Now processing file /home/runner/work/key/key/key.core/../key.ui/examples/heap/vacid0_01_SparseArray/SparseArray_get.key 
63711      INFO  main            d.u.i.k.p.i.AbstractProblemLoader Loading environment from /home/runner/work/key/key/key.core/../key.ui/examples/heap/vacid0_01_SparseArray/SparseArray_get.key 
63711      DEBUG main            d.u.i.k.p.i.AbstractProblemLoader Environment load took 298.11ns 
63712      INFO  main            d.u.i.k.p.i.AbstractProblemLoader Creating init config 
66901      DEBUG main            d.u.i.k.p.i.AbstractProblemLoader Init config took 3.19s 
66993      INFO  main            d.u.i.k.p.i.AbstractProblemLoader Replaying proof SparseArray[SparseArray::get(int)].JML normal_behavior operation contract.0 
66995      DEBUG main            d.u.i.k.p.i.IntermediateProofReplayer Proof replay took 5.9ns 
69841      INFO  main            d.u.i.k.p.r.p.TestFile    ... finished proof: closed. 
70070      INFO  main            d.u.i.k.p.i.AbstractProblemLoader Loading environment from /home/runner/work/key/key/key.core/../key.ui/examples/heap/vacid0_01_SparseArray/SparseArray_get.key.proof 
70072      DEBUG main            d.u.i.k.p.i.AbstractProblemLoader Environment load took 1.84ms 
70073      INFO  main            d.u.i.k.p.i.AbstractProblemLoader Creating init config 
73233      DEBUG main            d.u.i.k.p.i.AbstractProblemLoader Init config took 3.16s 
73302      INFO  main            d.u.i.k.p.i.AbstractProblemLoader Replaying proof SparseArray[SparseArray::get(int)].JML normal_behavior operation contract.0 
73715      DEBUG main            d.u.i.k.p.i.IntermediateProofReplayer Proof replay took 402.09ms 
73717      DEBUG main            d.u.i.k.p.r.p.TestFile    ... success: reloaded. 
73718      INFO  main            d.u.i.k.p.r.p.TestFile    Now processing file /home/runner/work/key/key/key.core/../key.ui/examples/heap/vacid0_01_SparseArray/SparseArray_inv.key 
73719      INFO  main            d.u.i.k.p.i.AbstractProblemLoader Loading environment from /home/runner/work/key/key/key.core/../key.ui/examples/heap/vacid0_01_SparseArray/SparseArray_inv.key 
73719      DEBUG main            d.u.i.k.p.i.AbstractProblemLoader Environment load took 248.81ns 
73720      INFO  main            d.u.i.k.p.i.AbstractProblemLoader Creating init config 
76920      DEBUG main            d.u.i.k.p.i.AbstractProblemLoader Init config took 3.2s 
76987      INFO  main            d.u.i.k.p.i.AbstractProblemLoader Replaying proof SparseArray[java.lang.Object::<inv>()].JML accessible clause.0 
76989      DEBUG main            d.u.i.k.p.i.IntermediateProofReplayer Proof replay took 6.6ns 
79317      INFO  main            d.u.i.k.p.r.p.TestFile    ... finished proof: closed. 
79540      INFO  main            d.u.i.k.p.i.AbstractProblemLoader Loading environment from /home/runner/work/key/key/key.core/../key.ui/examples/heap/vacid0_01_SparseArray/SparseArray_inv.key.proof 
79541      DEBUG main            d.u.i.k.p.i.AbstractProblemLoader Environment load took 863.33ns 
79545      INFO  main            d.u.i.k.p.i.AbstractProblemLoader Creating init config 
82670      DEBUG main            d.u.i.k.p.i.AbstractProblemLoader Init config took 3.13s 
82733      INFO  main            d.u.i.k.p.i.AbstractProblemLoader Replaying proof SparseArray[java.lang.Object::<inv>()].JML accessible clause.0 
82906      DEBUG main            d.u.i.k.p.i.IntermediateProofReplayer Proof replay took 166.48ms 
82907      DEBUG main            d.u.i.k.p.r.p.TestFile    ... success: reloaded. 
82908      INFO  main            d.u.i.k.p.r.p.TestFile    Now processing file /home/runner/work/key/key/key.core/../key.ui/examples/heap/vacid0_01_SparseArray/SparseArray_SparseArray.key 
82909      INFO  main            d.u.i.k.p.i.AbstractProblemLoader Loading environment from /home/runner/work/key/key/key.core/../key.ui/examples/heap/vacid0_01_SparseArray/SparseArray_SparseArray.key 
82909      DEBUG main            d.u.i.k.p.i.AbstractProblemLoader Environment load took 261.41ns 
82910      INFO  main            d.u.i.k.p.i.AbstractProblemLoader Creating init config 
85985      DEBUG main            d.u.i.k.p.i.AbstractProblemLoader Init config took 3.07s 
86049      INFO  main            d.u.i.k.p.i.AbstractProblemLoader Replaying proof SparseArray[SparseArray::SparseArray(int)].JML normal_behavior operation contract.0 
86051      DEBUG main            d.u.i.k.p.i.IntermediateProofReplayer Proof replay took 6.3ns 
90198      INFO  main            d.u.i.k.p.r.p.TestFile    ... finished proof: closed. 
90445      INFO  main            d.u.i.k.p.i.AbstractProblemLoader Loading environment from /home/runner/work/key/key/key.core/../key.ui/examples/heap/vacid0_01_SparseArray/SparseArray_SparseArray.key.proof 
90446      DEBUG main            d.u.i.k.p.i.AbstractProblemLoader Environment load took 244.41ns 
90447      INFO  main            d.u.i.k.p.i.AbstractProblemLoader Creating init config 
93383      DEBUG main            d.u.i.k.p.i.AbstractProblemLoader Init config took 2.94s 
93456      INFO  main            d.u.i.k.p.i.AbstractProblemLoader Replaying proof SparseArray[SparseArray::SparseArray(int)].JML normal_behavior operation contract.0 
94090      DEBUG main            d.u.i.k.p.i.IntermediateProofReplayer Proof replay took 621.77ms 
94091      DEBUG main            d.u.i.k.p.r.p.TestFile    ... success: reloaded. 
2588183    INFO  Test worker     d.u.i.k.p.r.RunAllProofsTestUnit Returning from test VACID0 
2588184    INFO  Test worker     d.u.i.k.p.r.RunAllProofsTestUnit Running test VSTTE10 
397        INFO  Timeout watchdog d.u.i.k.p.r.p.ForkedTestFileRunner Timeout watcher launched (2000 secs.) 
404        WARN  main            d.u.i.k.s.ProofSettings   The settings in /home/runner/.key/proof-settings.props are *not* read. 
439        INFO  main            d.u.i.k.p.r.p.TestFile    Now processing file /home/runner/work/key/key/key.core/../key.ui/examples/heap/vstte10_01_SumAndMax/SumAndMax_sumAndMax.key 
563        INFO  main            d.u.i.k.p.i.AbstractProblemLoader Loading environment from /home/runner/work/key/key/key.core/../key.ui/examples/heap/vstte10_01_SumAndMax/SumAndMax_sumAndMax.key 
587        DEBUG main            d.u.i.k.p.i.AbstractProblemLoader Environment load took 2.39ms 
850        INFO  main            d.u.i.k.p.i.AbstractProblemLoader Creating init config 
1957       DEBUG main            d.u.i.k.j.TypeConverter   No LDT found for Meta 
1957       DEBUG main            d.u.i.k.j.TypeConverter   No LDT found for Meta 
1960       DEBUG main            d.u.i.k.j.TypeConverter   No LDT found for Meta 
1961       DEBUG main            d.u.i.k.j.TypeConverter   No LDT found for Meta 
3618       DEBUG main            d.u.i.k.j.TypeConverter   No LDT found for JavaBigintExpression 
9235       DEBUG main            d.u.i.k.p.i.AbstractProblemLoader Init config took 8.39s 
9376       INFO  main            d.u.i.k.p.i.AbstractProblemLoader Replaying proof SumAndMax[SumAndMax::sumAndMax([I)].JML normal_behavior operation contract.0 
9421       DEBUG main            d.u.i.k.p.i.IntermediateProofReplayer Proof replay took 33.7ns 
15511      INFO  main            d.u.i.k.p.r.p.TestFile    ... finished proof: closed. 
15714      INFO  main            d.u.i.k.p.i.AbstractProblemLoader Loading environment from /home/runner/work/key/key/key.core/../key.ui/examples/heap/vstte10_01_SumAndMax/SumAndMax_sumAndMax.key.proof 
15717      DEBUG main            d.u.i.k.p.i.AbstractProblemLoader Environment load took 2.5ms 
15720      INFO  main            d.u.i.k.p.i.AbstractProblemLoader Creating init config 
19097      DEBUG main            d.u.i.k.p.i.AbstractProblemLoader Init config took 3.38s 
19180      INFO  main            d.u.i.k.p.i.AbstractProblemLoader Replaying proof SumAndMax[SumAndMax::sumAndMax([I)].JML normal_behavior operation contract.0 
20080      DEBUG main            d.u.i.k.p.i.IntermediateProofReplayer Proof replay took 867.16ms 
20089      DEBUG main            d.u.i.k.p.r.p.TestFile    ... success: reloaded. 
20091      INFO  main            d.u.i.k.p.r.p.TestFile    Now processing file /home/runner/work/key/key/key.core/../key.ui/examples/heap/vstte10_03_LinkedList/Node_cons.key 
20092      INFO  main            d.u.i.k.p.i.AbstractProblemLoader Loading environment from /home/runner/work/key/key/key.core/../key.ui/examples/heap/vstte10_03_LinkedList/Node_cons.key 
20092      DEBUG main            d.u.i.k.p.i.AbstractProblemLoader Environment load took 309.41ns 
20094      INFO  main            d.u.i.k.p.i.AbstractProblemLoader Creating init config 
23428      DEBUG main            d.u.i.k.p.i.AbstractProblemLoader Init config took 3.33s 
23499      INFO  main            d.u.i.k.p.i.AbstractProblemLoader Replaying proof Node[Node::cons(int,Node)].JML normal_behavior operation contract.0 
23502      DEBUG main            d.u.i.k.p.i.IntermediateProofReplayer Proof replay took 5.9ns 
25338      INFO  main            d.u.i.k.p.r.p.TestFile    ... finished proof: closed. 
25538      INFO  main            d.u.i.k.p.i.AbstractProblemLoader Loading environment from /home/runner/work/key/key/key.core/../key.ui/examples/heap/vstte10_03_LinkedList/Node_cons.key.proof 
25538      DEBUG main            d.u.i.k.p.i.AbstractProblemLoader Environment load took 457.71ns 
25542      INFO  main            d.u.i.k.p.i.AbstractProblemLoader Creating init config 
28737      DEBUG main            d.u.i.k.p.i.AbstractProblemLoader Init config took 3.2s 
28818      INFO  main            d.u.i.k.p.i.AbstractProblemLoader Replaying proof Node[Node::cons(int,Node)].JML normal_behavior operation contract.0 
29228      DEBUG main            d.u.i.k.p.i.IntermediateProofReplayer Proof replay took 393.15ms 
29230      DEBUG main            d.u.i.k.p.r.p.TestFile    ... success: reloaded. 
29233      INFO  main            d.u.i.k.p.r.p.TestFile    Now processing file /home/runner/work/key/key/key.core/../key.ui/examples/heap/vstte10_03_LinkedList/Node_inv.key 
29233      INFO  main            d.u.i.k.p.i.AbstractProblemLoader Loading environment from /home/runner/work/key/key/key.core/../key.ui/examples/heap/vstte10_03_LinkedList/Node_inv.key 
29234      DEBUG main            d.u.i.k.p.i.AbstractProblemLoader Environment load took 139.9ns 
29236      INFO  main            d.u.i.k.p.i.AbstractProblemLoader Creating init config 
32430      DEBUG main            d.u.i.k.p.i.AbstractProblemLoader Init config took 3.19s 
32489      INFO  main            d.u.i.k.p.i.AbstractProblemLoader Replaying proof Node[java.lang.Object::<inv>()].JML accessible clause.0 
32492      DEBUG main            d.u.i.k.p.i.IntermediateProofReplayer Proof replay took 14.1ns 
32899      INFO  main            d.u.i.k.p.r.p.TestFile    ... finished proof: closed. 
33085      INFO  main            d.u.i.k.p.i.AbstractProblemLoader Loading environment from /home/runner/work/key/key/key.core/../key.ui/examples/heap/vstte10_03_LinkedList/Node_inv.key.proof 
33086      DEBUG main            d.u.i.k.p.i.AbstractProblemLoader Environment load took 456.41ns 
33087      INFO  main            d.u.i.k.p.i.AbstractProblemLoader Creating init config 
36241      DEBUG main            d.u.i.k.p.i.AbstractProblemLoader Init config took 3.15s 
36311      INFO  main            d.u.i.k.p.i.AbstractProblemLoader Replaying proof Node[java.lang.Object::<inv>()].JML accessible clause.0 
36375      DEBUG main            d.u.i.k.p.i.IntermediateProofReplayer Proof replay took 58.58ms 
36377      DEBUG main            d.u.i.k.p.r.p.TestFile    ... success: reloaded. 
36378      INFO  main            d.u.i.k.p.r.p.TestFile    Now processing file /home/runner/work/key/key/key.core/../key.ui/examples/heap/vstte10_03_LinkedList/Node_search.key 
36379      INFO  main            d.u.i.k.p.i.AbstractProblemLoader Loading environment from /home/runner/work/key/key/key.core/../key.ui/examples/heap/vstte10_03_LinkedList/Node_search.key 
36379      DEBUG main            d.u.i.k.p.i.AbstractProblemLoader Environment load took 258.61ns 
36380      INFO  main            d.u.i.k.p.i.AbstractProblemLoader Creating init config 
39533      DEBUG main            d.u.i.k.p.i.AbstractProblemLoader Init config took 3.15s 
39589      INFO  main            d.u.i.k.p.i.AbstractProblemLoader Replaying proof Node[Node::search()].JML normal_behavior operation contract.0 
39591      DEBUG main            d.u.i.k.p.i.IntermediateProofReplayer Proof replay took 5.9ns 
47006      INFO  main            d.u.i.k.p.r.p.TestFile    ... finished proof: closed. 
47282      INFO  main            d.u.i.k.p.i.AbstractProblemLoader Loading environment from /home/runner/work/key/key/key.core/../key.ui/examples/heap/vstte10_03_LinkedList/Node_search.key.proof 
47283      DEBUG main            d.u.i.k.p.i.AbstractProblemLoader Environment load took 549.81ns 
47286      INFO  main            d.u.i.k.p.i.AbstractProblemLoader Creating init config 
50320      DEBUG main            d.u.i.k.p.i.AbstractProblemLoader Init config took 3.03s 
50376      INFO  main            d.u.i.k.p.i.AbstractProblemLoader Replaying proof Node[Node::search()].JML normal_behavior operation contract.0 
51350      DEBUG main            d.u.i.k.p.i.IntermediateProofReplayer Proof replay took 915.65ms 
51353      DEBUG main            d.u.i.k.p.r.p.TestFile    ... success: reloaded. 
51354      INFO  main            d.u.i.k.p.r.p.TestFile    Now processing file /home/runner/work/key/key/key.core/../key.ui/examples/heap/vstte10_04_Queens/Queens_isConsistent.key 
51355      INFO  main            d.u.i.k.p.i.AbstractProblemLoader Loading environment from /home/runner/work/key/key/key.core/../key.ui/examples/heap/vstte10_04_Queens/Queens_isConsistent.key 
51355      DEBUG main            d.u.i.k.p.i.AbstractProblemLoader Environment load took 164.8ns 
51356      INFO  main            d.u.i.k.p.i.AbstractProblemLoader Creating init config 
54939      DEBUG main            d.u.i.k.p.i.AbstractProblemLoader Init config took 3.58s 
54986      INFO  main            d.u.i.k.p.i.AbstractProblemLoader Replaying proof Queens[Queens::isConsistent([I,int)].JML normal_behavior operation contract.0 
54988      DEBUG main            d.u.i.k.p.i.IntermediateProofReplayer Proof replay took 5.9ns 
57197      INFO  main            d.u.i.k.p.r.p.TestFile    ... finished proof: closed. 
57517      INFO  main            d.u.i.k.p.i.AbstractProblemLoader Loading environment from /home/runner/work/key/key/key.core/../key.ui/examples/heap/vstte10_04_Queens/Queens_isConsistent.key.proof 
57517      DEBUG main            d.u.i.k.p.i.AbstractProblemLoader Environment load took 480.11ns 
57519      INFO  main            d.u.i.k.p.i.AbstractProblemLoader Creating init config 
60726      DEBUG main            d.u.i.k.p.i.AbstractProblemLoader Init config took 3.21s 
60778      INFO  main            d.u.i.k.p.i.AbstractProblemLoader Replaying proof Queens[Queens::isConsistent([I,int)].JML normal_behavior operation contract.0 
61275      DEBUG main            d.u.i.k.p.i.IntermediateProofReplayer Proof replay took 484.99ms 
61276      DEBUG main            d.u.i.k.p.r.p.TestFile    ... success: reloaded. 
61278      INFO  main            d.u.i.k.p.r.p.TestFile    Now processing file /home/runner/work/key/key/key.core/../key.ui/examples/heap/vstte10_04_Queens/Queens_nQueens.key 
61278      INFO  main            d.u.i.k.p.i.AbstractProblemLoader Loading environment from /home/runner/work/key/key/key.core/../key.ui/examples/heap/vstte10_04_Queens/Queens_nQueens.key 
61278      DEBUG main            d.u.i.k.p.i.AbstractProblemLoader Environment load took 253.6ns 
61280      INFO  main            d.u.i.k.p.i.AbstractProblemLoader Creating init config 
64581      DEBUG main            d.u.i.k.p.i.AbstractProblemLoader Init config took 3.3s 
64632      INFO  main            d.u.i.k.p.i.AbstractProblemLoader Replaying proof Queens[Queens::nQueens(int)].JML normal_behavior operation contract.0 
64634      DEBUG main            d.u.i.k.p.i.IntermediateProofReplayer Proof replay took 6.7ns 
80214      INFO  main            d.u.i.k.p.r.p.TestFile    ... finished proof: closed. 
80463      INFO  main            d.u.i.k.p.i.AbstractProblemLoader Loading environment from /home/runner/work/key/key/key.core/../key.ui/examples/heap/vstte10_04_Queens/Queens_nQueens.key.proof 
80464      DEBUG main            d.u.i.k.p.i.AbstractProblemLoader Environment load took 279.91ns 
80466      INFO  main            d.u.i.k.p.i.AbstractProblemLoader Creating init config 
83553      DEBUG main            d.u.i.k.p.i.AbstractProblemLoader Init config took 3.09s 
83619      INFO  main            d.u.i.k.p.i.AbstractProblemLoader Replaying proof Queens[Queens::nQueens(int)].JML normal_behavior operation contract.0 
84865      DEBUG main            d.u.i.k.p.i.IntermediateProofReplayer Proof replay took 1.23s 
84867      DEBUG main            d.u.i.k.p.r.p.TestFile    ... success: reloaded. 
84868      INFO  main            d.u.i.k.p.r.p.TestFile    Now processing file /home/runner/work/key/key/key.core/../key.ui/examples/heap/vstte10_05_Queue/AmortizedQueue_AmortizedQueue.key 
84868      INFO  main            d.u.i.k.p.i.AbstractProblemLoader Loading environment from /home/runner/work/key/key/key.core/../key.ui/examples/heap/vstte10_05_Queue/AmortizedQueue_AmortizedQueue.key 
84869      DEBUG main            d.u.i.k.p.i.AbstractProblemLoader Environment load took 265.7ns 
84870      INFO  main            d.u.i.k.p.i.AbstractProblemLoader Creating init config 
88183      DEBUG main            d.u.i.k.p.i.AbstractProblemLoader Init config took 3.31s 
88261      INFO  main            d.u.i.k.p.i.AbstractProblemLoader Replaying proof AmortizedQueue[AmortizedQueue::AmortizedQueue()].JML normal_behavior operation contract.0 
88264      DEBUG main            d.u.i.k.p.i.IntermediateProofReplayer Proof replay took 7.6ns 
90077      INFO  main            d.u.i.k.p.r.p.TestFile    ... finished proof: closed. 
90382      INFO  main            d.u.i.k.p.i.AbstractProblemLoader Loading environment from /home/runner/work/key/key/key.core/../key.ui/examples/heap/vstte10_05_Queue/AmortizedQueue_AmortizedQueue.key.proof 
90382      DEBUG main            d.u.i.k.p.i.AbstractProblemLoader Environment load took 172.1ns 
90384      INFO  main            d.u.i.k.p.i.AbstractProblemLoader Creating init config 
93640      DEBUG main            d.u.i.k.p.i.AbstractProblemLoader Init config took 3.26s 
93698      INFO  main            d.u.i.k.p.i.AbstractProblemLoader Replaying proof AmortizedQueue[AmortizedQueue::AmortizedQueue()].JML normal_behavior operation contract.0 
94009      DEBUG main            d.u.i.k.p.i.IntermediateProofReplayer Proof replay took 302.53ms 
94010      DEBUG main            d.u.i.k.p.r.p.TestFile    ... success: reloaded. 
94011      INFO  main            d.u.i.k.p.r.p.TestFile    Now processing file /home/runner/work/key/key/key.core/../key.ui/examples/heap/vstte10_05_Queue/AmortizedQueue_front.key 
94012      INFO  main            d.u.i.k.p.i.AbstractProblemLoader Loading environment from /home/runner/work/key/key/key.core/../key.ui/examples/heap/vstte10_05_Queue/AmortizedQueue_front.key 
94012      DEBUG main            d.u.i.k.p.i.AbstractProblemLoader Environment load took 116.3ns 
94013      INFO  main            d.u.i.k.p.i.AbstractProblemLoader Creating init config 
97343      DEBUG main            d.u.i.k.p.i.AbstractProblemLoader Init config took 3.33s 
97405      INFO  main            d.u.i.k.p.i.AbstractProblemLoader Replaying proof AmortizedQueue[AmortizedQueue::front()].JML normal_behavior operation contract.0 
97412      DEBUG main            d.u.i.k.p.i.IntermediateProofReplayer Proof replay took 6.2ns 
97915      INFO  main            d.u.i.k.p.r.p.TestFile    ... finished proof: closed. 
98138      INFO  main            d.u.i.k.p.i.AbstractProblemLoader Loading environment from /home/runner/work/key/key/key.core/../key.ui/examples/heap/vstte10_05_Queue/AmortizedQueue_front.key.proof 
98138      DEBUG main            d.u.i.k.p.i.AbstractProblemLoader Environment load took 120.2ns 
98139      INFO  main            d.u.i.k.p.i.AbstractProblemLoader Creating init config 
101230     DEBUG main            d.u.i.k.p.i.AbstractProblemLoader Init config took 3.09s 
101283     INFO  main            d.u.i.k.p.i.AbstractProblemLoader Replaying proof AmortizedQueue[AmortizedQueue::front()].JML normal_behavior operation contract.0 
101351     DEBUG main            d.u.i.k.p.i.IntermediateProofReplayer Proof replay took 64.66ms 
101352     DEBUG main            d.u.i.k.p.r.p.TestFile    ... success: reloaded. 
101353     INFO  main            d.u.i.k.p.r.p.TestFile    Now processing file /home/runner/work/key/key/key.core/../key.ui/examples/heap/vstte10_05_Queue/LinkedList_concat.key 
101354     INFO  main            d.u.i.k.p.i.AbstractProblemLoader Loading environment from /home/runner/work/key/key/key.core/../key.ui/examples/heap/vstte10_05_Queue/LinkedList_concat.key 
101354     DEBUG main            d.u.i.k.p.i.AbstractProblemLoader Environment load took 113.4ns 
101355     INFO  main            d.u.i.k.p.i.AbstractProblemLoader Creating init config 
104635     DEBUG main            d.u.i.k.p.i.AbstractProblemLoader Init config took 3.28s 
104695     INFO  main            d.u.i.k.p.i.AbstractProblemLoader Replaying proof LinkedList[LinkedList::concat(LinkedList)].JML normal_behavior operation contract.0 
104697     DEBUG main            d.u.i.k.p.i.IntermediateProofReplayer Proof replay took 9.6ns 
115379     INFO  main            d.u.i.k.p.r.p.TestFile    ... finished proof: closed. 
115683     INFO  main            d.u.i.k.p.i.AbstractProblemLoader Loading environment from /home/runner/work/key/key/key.core/../key.ui/examples/heap/vstte10_05_Queue/LinkedList_concat.key.proof 
115684     DEBUG main            d.u.i.k.p.i.AbstractProblemLoader Environment load took 460.31ns 
115688     INFO  main            d.u.i.k.p.i.AbstractProblemLoader Creating init config 
118971     DEBUG main            d.u.i.k.p.i.AbstractProblemLoader Init config took 3.28s 
119025     INFO  main            d.u.i.k.p.i.AbstractProblemLoader Replaying proof LinkedList[LinkedList::concat(LinkedList)].JML normal_behavior operation contract.0 
120113     DEBUG main            d.u.i.k.p.i.IntermediateProofReplayer Proof replay took 1.05s 
120117     DEBUG main            d.u.i.k.p.r.p.TestFile    ... success: reloaded. 
120118     INFO  main            d.u.i.k.p.r.p.TestFile    Now processing file /home/runner/work/key/key/key.core/../key.ui/examples/heap/vstte10_05_Queue/LinkedList_cons.key 
120118     INFO  main            d.u.i.k.p.i.AbstractProblemLoader Loading environment from /home/runner/work/key/key/key.core/../key.ui/examples/heap/vstte10_05_Queue/LinkedList_cons.key 
120119     DEBUG main            d.u.i.k.p.i.AbstractProblemLoader Environment load took 237.6ns 
120120     INFO  main            d.u.i.k.p.i.AbstractProblemLoader Creating init config 
123426     DEBUG main            d.u.i.k.p.i.AbstractProblemLoader Init config took 3.31s 
123475     INFO  main            d.u.i.k.p.i.AbstractProblemLoader Replaying proof LinkedList[LinkedList::cons(int)].JML normal_behavior operation contract.0 
123477     DEBUG main            d.u.i.k.p.i.IntermediateProofReplayer Proof replay took 6ns 
126307     INFO  main            d.u.i.k.p.r.p.TestFile    ... finished proof: closed. 
126617     INFO  main            d.u.i.k.p.i.AbstractProblemLoader Loading environment from /home/runner/work/key/key/key.core/../key.ui/examples/heap/vstte10_05_Queue/LinkedList_cons.key.proof 
126618     DEBUG main            d.u.i.k.p.i.AbstractProblemLoader Environment load took 451.31ns 
126619     INFO  main            d.u.i.k.p.i.AbstractProblemLoader Creating init config 
129815     DEBUG main            d.u.i.k.p.i.AbstractProblemLoader Init config took 3.2s 
129866     INFO  main            d.u.i.k.p.i.AbstractProblemLoader Replaying proof LinkedList[LinkedList::cons(int)].JML normal_behavior operation contract.0 
130236     DEBUG main            d.u.i.k.p.i.IntermediateProofReplayer Proof replay took 357.62ms 
130237     DEBUG main            d.u.i.k.p.r.p.TestFile    ... success: reloaded. 
130238     INFO  main            d.u.i.k.p.r.p.TestFile    Now processing file /home/runner/work/key/key/key.core/../key.ui/examples/heap/vstte10_05_Queue/LinkedList_head.key 
130239     INFO  main            d.u.i.k.p.i.AbstractProblemLoader Loading environment from /home/runner/work/key/key/key.core/../key.ui/examples/heap/vstte10_05_Queue/LinkedList_head.key 
130239     DEBUG main            d.u.i.k.p.i.AbstractProblemLoader Environment load took 126.3ns 
130240     INFO  main            d.u.i.k.p.i.AbstractProblemLoader Creating init config 
133584     DEBUG main            d.u.i.k.p.i.AbstractProblemLoader Init config took 3.34s 
133637     INFO  main            d.u.i.k.p.i.AbstractProblemLoader Replaying proof LinkedList[LinkedList::head()].JML normal_behavior operation contract.0 
133641     DEBUG main            d.u.i.k.p.i.IntermediateProofReplayer Proof replay took 6.6ns 
133743     INFO  main            d.u.i.k.p.r.p.TestFile    ... finished proof: closed. 
133987     INFO  main            d.u.i.k.p.i.AbstractProblemLoader Loading environment from /home/runner/work/key/key/key.core/../key.ui/examples/heap/vstte10_05_Queue/LinkedList_head.key.proof 
133987     DEBUG main            d.u.i.k.p.i.AbstractProblemLoader Environment load took 131.8ns 
133989     INFO  main            d.u.i.k.p.i.AbstractProblemLoader Creating init config 
137259     DEBUG main            d.u.i.k.p.i.AbstractProblemLoader Init config took 3.27s 
137313     INFO  main            d.u.i.k.p.i.AbstractProblemLoader Replaying proof LinkedList[LinkedList::head()].JML normal_behavior operation contract.0 
137331     DEBUG main            d.u.i.k.p.i.IntermediateProofReplayer Proof replay took 15.95ms 
137332     DEBUG main            d.u.i.k.p.r.p.TestFile    ... success: reloaded. 
137333     INFO  main            d.u.i.k.p.r.p.TestFile    Now processing file /home/runner/work/key/key/key.core/../key.ui/examples/heap/vstte10_05_Queue/LinkedList_inv.key 
137334     INFO  main            d.u.i.k.p.i.AbstractProblemLoader Loading environment from /home/runner/work/key/key/key.core/../key.ui/examples/heap/vstte10_05_Queue/LinkedList_inv.key 
137334     DEBUG main            d.u.i.k.p.i.AbstractProblemLoader Environment load took 126.5ns 
137335     INFO  main            d.u.i.k.p.i.AbstractProblemLoader Creating init config 
140661     DEBUG main            d.u.i.k.p.i.AbstractProblemLoader Init config took 3.33s 
140710     INFO  main            d.u.i.k.p.i.AbstractProblemLoader Replaying proof LinkedList[java.lang.Object::<inv>()].JML accessible clause.0 
140712     DEBUG main            d.u.i.k.p.i.IntermediateProofReplayer Proof replay took 6.4ns 
141018     INFO  main            d.u.i.k.p.r.p.TestFile    ... finished proof: closed. 
141298     INFO  main            d.u.i.k.p.i.AbstractProblemLoader Loading environment from /home/runner/work/key/key/key.core/../key.ui/examples/heap/vstte10_05_Queue/LinkedList_inv.key.proof 
141298     DEBUG main            d.u.i.k.p.i.AbstractProblemLoader Environment load took 175.8ns 
141299     INFO  main            d.u.i.k.p.i.AbstractProblemLoader Creating init config 
144481     DEBUG main            d.u.i.k.p.i.AbstractProblemLoader Init config took 3.18s 
144554     INFO  main            d.u.i.k.p.i.AbstractProblemLoader Replaying proof LinkedList[java.lang.Object::<inv>()].JML accessible clause.0 
144596     DEBUG main            d.u.i.k.p.i.IntermediateProofReplayer Proof replay took 39.56ms 
144598     DEBUG main            d.u.i.k.p.r.p.TestFile    ... success: reloaded. 
144600     INFO  main            d.u.i.k.p.r.p.TestFile    Now processing file /home/runner/work/key/key/key.core/../key.ui/examples/heap/vstte10_05_Queue/LinkedList_length.key 
144600     INFO  main            d.u.i.k.p.i.AbstractProblemLoader Loading environment from /home/runner/work/key/key/key.core/../key.ui/examples/heap/vstte10_05_Queue/LinkedList_length.key 
144600     DEBUG main            d.u.i.k.p.i.AbstractProblemLoader Environment load took 291.2ns 
144602     INFO  main            d.u.i.k.p.i.AbstractProblemLoader Creating init config 
147821     DEBUG main            d.u.i.k.p.i.AbstractProblemLoader Init config took 3.22s 
147867     INFO  main            d.u.i.k.p.i.AbstractProblemLoader Replaying proof LinkedList[LinkedList::length()].JML normal_behavior operation contract.0 
147869     DEBUG main            d.u.i.k.p.i.IntermediateProofReplayer Proof replay took 6.2ns 
147971     INFO  main            d.u.i.k.p.r.p.TestFile    ... finished proof: closed. 
148227     INFO  main            d.u.i.k.p.i.AbstractProblemLoader Loading environment from /home/runner/work/key/key/key.core/../key.ui/examples/heap/vstte10_05_Queue/LinkedList_length.key.proof 
148227     DEBUG main            d.u.i.k.p.i.AbstractProblemLoader Environment load took 123ns 
148229     INFO  main            d.u.i.k.p.i.AbstractProblemLoader Creating init config 
151541     DEBUG main            d.u.i.k.p.i.AbstractProblemLoader Init config took 3.31s 
151593     INFO  main            d.u.i.k.p.i.AbstractProblemLoader Replaying proof LinkedList[LinkedList::length()].JML normal_behavior operation contract.0 
151610     DEBUG main            d.u.i.k.p.i.IntermediateProofReplayer Proof replay took 15.56ms 
151611     DEBUG main            d.u.i.k.p.r.p.TestFile    ... success: reloaded. 
151613     INFO  main            d.u.i.k.p.r.p.TestFile    Now processing file /home/runner/work/key/key/key.core/../key.ui/examples/heap/vstte10_05_Queue/LinkedList_LinkedList1.key 
151613     INFO  main            d.u.i.k.p.i.AbstractProblemLoader Loading environment from /home/runner/work/key/key/key.core/../key.ui/examples/heap/vstte10_05_Queue/LinkedList_LinkedList1.key 
151613     DEBUG main            d.u.i.k.p.i.AbstractProblemLoader Environment load took 122.1ns 
151614     INFO  main            d.u.i.k.p.i.AbstractProblemLoader Creating init config 
154923     DEBUG main            d.u.i.k.p.i.AbstractProblemLoader Init config took 3.31s 
154972     INFO  main            d.u.i.k.p.i.AbstractProblemLoader Replaying proof LinkedList[LinkedList::LinkedList(int,LinkedList)].JML normal_behavior operation contract.0 
154974     DEBUG main            d.u.i.k.p.i.IntermediateProofReplayer Proof replay took 6.2ns 
157181     INFO  main            d.u.i.k.p.r.p.TestFile    ... finished proof: closed. 
157481     INFO  main            d.u.i.k.p.i.AbstractProblemLoader Loading environment from /home/runner/work/key/key/key.core/../key.ui/examples/heap/vstte10_05_Queue/LinkedList_LinkedList1.key.proof 
157481     DEBUG main            d.u.i.k.p.i.AbstractProblemLoader Environment load took 444.7ns 
157483     INFO  main            d.u.i.k.p.i.AbstractProblemLoader Creating init config 
160683     DEBUG main            d.u.i.k.p.i.AbstractProblemLoader Init config took 3.2s 
160735     INFO  main            d.u.i.k.p.i.AbstractProblemLoader Replaying proof LinkedList[LinkedList::LinkedList(int,LinkedList)].JML normal_behavior operation contract.0 
161064     DEBUG main            d.u.i.k.p.i.IntermediateProofReplayer Proof replay took 321.24ms 
161065     DEBUG main            d.u.i.k.p.r.p.TestFile    ... success: reloaded. 
161067     INFO  main            d.u.i.k.p.r.p.TestFile    Now processing file /home/runner/work/key/key/key.core/../key.ui/examples/heap/vstte10_05_Queue/LinkedList_LinkedList2.key 
161067     INFO  main            d.u.i.k.p.i.AbstractProblemLoader Loading environment from /home/runner/work/key/key/key.core/../key.ui/examples/heap/vstte10_05_Queue/LinkedList_LinkedList2.key 
161067     DEBUG main            d.u.i.k.p.i.AbstractProblemLoader Environment load took 118.7ns 
161068     INFO  main            d.u.i.k.p.i.AbstractProblemLoader Creating init config 
164409     DEBUG main            d.u.i.k.p.i.AbstractProblemLoader Init config took 3.34s 
164463     INFO  main            d.u.i.k.p.i.AbstractProblemLoader Replaying proof LinkedList[LinkedList::LinkedList(int,LinkedList)].JML normal_behavior operation contract.0 
164465     DEBUG main            d.u.i.k.p.i.IntermediateProofReplayer Proof replay took 7.1ns 
166712     INFO  main            d.u.i.k.p.r.p.TestFile    ... finished proof: closed. 
167026     INFO  main            d.u.i.k.p.i.AbstractProblemLoader Loading environment from /home/runner/work/key/key/key.core/../key.ui/examples/heap/vstte10_05_Queue/LinkedList_LinkedList2.key.proof 
167026     DEBUG main            d.u.i.k.p.i.AbstractProblemLoader Environment load took 131.7ns 
167028     INFO  main            d.u.i.k.p.i.AbstractProblemLoader Creating init config 
170229     DEBUG main            d.u.i.k.p.i.AbstractProblemLoader Init config took 3.2s 
170278     INFO  main            d.u.i.k.p.i.AbstractProblemLoader Replaying proof LinkedList[LinkedList::LinkedList(int,LinkedList)].JML normal_behavior operation contract.0 
170644     DEBUG main            d.u.i.k.p.i.IntermediateProofReplayer Proof replay took 359.07ms 
170645     DEBUG main            d.u.i.k.p.r.p.TestFile    ... success: reloaded. 
170646     INFO  main            d.u.i.k.p.r.p.TestFile    Now processing file /home/runner/work/key/key/key.core/../key.ui/examples/heap/vstte10_05_Queue/LinkedList_LinkedList3.key 
170647     INFO  main            d.u.i.k.p.i.AbstractProblemLoader Loading environment from /home/runner/work/key/key/key.core/../key.ui/examples/heap/vstte10_05_Queue/LinkedList_LinkedList3.key 
170647     DEBUG main            d.u.i.k.p.i.AbstractProblemLoader Environment load took 84.1ns 
170648     INFO  main            d.u.i.k.p.i.AbstractProblemLoader Creating init config 
173974     DEBUG main            d.u.i.k.p.i.AbstractProblemLoader Init config took 3.33s 
174022     INFO  main            d.u.i.k.p.i.AbstractProblemLoader Replaying proof LinkedList[LinkedList::LinkedList(int,LinkedList)].JML normal_behavior operation contract.0 
174024     DEBUG main            d.u.i.k.p.i.IntermediateProofReplayer Proof replay took 6.6ns 
189839     INFO  main            d.u.i.k.p.r.p.TestFile    ... finished proof: closed. 
190230     INFO  main            d.u.i.k.p.i.AbstractProblemLoader Loading environment from /home/runner/work/key/key/key.core/../key.ui/examples/heap/vstte10_05_Queue/LinkedList_LinkedList3.key.proof 
190231     DEBUG main            d.u.i.k.p.i.AbstractProblemLoader Environment load took 497.61ns 
190238     INFO  main            d.u.i.k.p.i.AbstractProblemLoader Creating init config 
193341     DEBUG main            d.u.i.k.p.i.AbstractProblemLoader Init config took 3.1s 
193386     INFO  main            d.u.i.k.p.i.AbstractProblemLoader Replaying proof LinkedList[LinkedList::LinkedList(int,LinkedList)].JML normal_behavior operation contract.0 
194956     DEBUG main            d.u.i.k.p.i.IntermediateProofReplayer Proof replay took 1.47s 
194963     DEBUG main            d.u.i.k.p.r.p.TestFile    ... success: reloaded. 
194964     INFO  main            d.u.i.k.p.r.p.TestFile    Now processing file /home/runner/work/key/key/key.core/../key.ui/examples/heap/vstte10_05_Queue/LinkedList_reverse.key 
194964     INFO  main            d.u.i.k.p.i.AbstractProblemLoader Loading environment from /home/runner/work/key/key/key.core/../key.ui/examples/heap/vstte10_05_Queue/LinkedList_reverse.key 
194964     DEBUG main            d.u.i.k.p.i.AbstractProblemLoader Environment load took 142.7ns 
194965     INFO  main            d.u.i.k.p.i.AbstractProblemLoader Creating init config 
198193     DEBUG main            d.u.i.k.p.i.AbstractProblemLoader Init config took 3.23s 
198266     INFO  main            d.u.i.k.p.i.AbstractProblemLoader Replaying proof LinkedList[LinkedList::reverse()].JML normal_behavior operation contract.0 
198268     DEBUG main            d.u.i.k.p.i.IntermediateProofReplayer Proof replay took 6.8ns 
208866     INFO  main            d.u.i.k.p.r.p.TestFile    ... finished proof: closed. 
209259     INFO  main            d.u.i.k.p.i.AbstractProblemLoader Loading environment from /home/runner/work/key/key/key.core/../key.ui/examples/heap/vstte10_05_Queue/LinkedList_reverse.key.proof 
209260     DEBUG main            d.u.i.k.p.i.AbstractProblemLoader Environment load took 520.81ns 
209263     INFO  main            d.u.i.k.p.i.AbstractProblemLoader Creating init config 
212311     DEBUG main            d.u.i.k.p.i.AbstractProblemLoader Init config took 3.05s 
212357     INFO  main            d.u.i.k.p.i.AbstractProblemLoader Replaying proof LinkedList[LinkedList::reverse()].JML normal_behavior operation contract.0 
213303     DEBUG main            d.u.i.k.p.i.IntermediateProofReplayer Proof replay took 917.14ms 
213306     DEBUG main            d.u.i.k.p.r.p.TestFile    ... success: reloaded. 
213308     INFO  main            d.u.i.k.p.r.p.TestFile    Now processing file /home/runner/work/key/key/key.core/../key.ui/examples/heap/vstte10_05_Queue/LinkedList_tail.key 
213308     INFO  main            d.u.i.k.p.i.AbstractProblemLoader Loading environment from /home/runner/work/key/key/key.core/../key.ui/examples/heap/vstte10_05_Queue/LinkedList_tail.key 
213308     DEBUG main            d.u.i.k.p.i.AbstractProblemLoader Environment load took 113.6ns 
213309     INFO  main            d.u.i.k.p.i.AbstractProblemLoader Creating init config 
216527     DEBUG main            d.u.i.k.p.i.AbstractProblemLoader Init config took 3.22s 
216572     INFO  main            d.u.i.k.p.i.AbstractProblemLoader Replaying proof LinkedList[LinkedList::tail()].JML normal_behavior operation contract.0 
216574     DEBUG main            d.u.i.k.p.i.IntermediateProofReplayer Proof replay took 42.3ns 
217181     INFO  main            d.u.i.k.p.r.p.TestFile    ... finished proof: closed. 
217495     INFO  main            d.u.i.k.p.i.AbstractProblemLoader Loading environment from /home/runner/work/key/key/key.core/../key.ui/examples/heap/vstte10_05_Queue/LinkedList_tail.key.proof 
217495     DEBUG main            d.u.i.k.p.i.AbstractProblemLoader Environment load took 297.6ns 
217496     INFO  main            d.u.i.k.p.i.AbstractProblemLoader Creating init config 
220569     DEBUG main            d.u.i.k.p.i.AbstractProblemLoader Init config took 3.07s 
220617     INFO  main            d.u.i.k.p.i.AbstractProblemLoader Replaying proof LinkedList[LinkedList::tail()].JML normal_behavior operation contract.0 
220732     DEBUG main            d.u.i.k.p.i.IntermediateProofReplayer Proof replay took 111.69ms 
220733     DEBUG main            d.u.i.k.p.r.p.TestFile    ... success: reloaded. 
2809103    INFO  Test worker     d.u.i.k.p.r.RunAllProofsTestUnit Returning from test VSTTE10 
2809104    INFO  Test worker     d.u.i.k.p.r.RunAllProofsTestUnit Running test WeideEtAl 
465        INFO  Timeout watchdog d.u.i.k.p.r.p.ForkedTestFileRunner Timeout watcher launched (2000 secs.) 
485        WARN  main            d.u.i.k.s.ProofSettings   The settings in /home/runner/.key/proof-settings.props are *not* read. 
519        INFO  main            d.u.i.k.p.r.p.TestFile    Now processing file /home/runner/work/key/key/key.core/../key.ui/examples/heap/WeideEtAl_01_AddAndMultiply/AddAndMultiply_add.key 
644        INFO  main            d.u.i.k.p.i.AbstractProblemLoader Loading environment from /home/runner/work/key/key/key.core/../key.ui/examples/heap/WeideEtAl_01_AddAndMultiply/AddAndMultiply_add.key 
665        DEBUG main            d.u.i.k.p.i.AbstractProblemLoader Environment load took 3.12ms 
954        INFO  main            d.u.i.k.p.i.AbstractProblemLoader Creating init config 
2252       DEBUG main            d.u.i.k.j.TypeConverter   No LDT found for Meta 
2252       DEBUG main            d.u.i.k.j.TypeConverter   No LDT found for Meta 
2254       DEBUG main            d.u.i.k.j.TypeConverter   No LDT found for Meta 
2254       DEBUG main            d.u.i.k.j.TypeConverter   No LDT found for Meta 
4013       DEBUG main            d.u.i.k.j.TypeConverter   No LDT found for JavaBigintExpression 
9995       DEBUG main            d.u.i.k.p.i.AbstractProblemLoader Init config took 9.04s 
10161      INFO  main            d.u.i.k.p.i.AbstractProblemLoader Replaying proof AddAndMultiply[AddAndMultiply::add(int,int)].JML normal_behavior operation contract.0 
10225      DEBUG main            d.u.i.k.p.i.IntermediateProofReplayer Proof replay took 35.3ns 
12181      INFO  main            d.u.i.k.p.r.p.TestFile    ... finished proof: closed. 
12353      INFO  main            d.u.i.k.p.i.AbstractProblemLoader Loading environment from /home/runner/work/key/key/key.core/../key.ui/examples/heap/WeideEtAl_01_AddAndMultiply/AddAndMultiply_add.key.proof 
12357      DEBUG main            d.u.i.k.p.i.AbstractProblemLoader Environment load took 3.57ms 
12360      INFO  main            d.u.i.k.p.i.AbstractProblemLoader Creating init config 
15776      DEBUG main            d.u.i.k.p.i.AbstractProblemLoader Init config took 3.42s 
15863      INFO  main            d.u.i.k.p.i.AbstractProblemLoader Replaying proof AddAndMultiply[AddAndMultiply::add(int,int)].JML normal_behavior operation contract.0 
16230      DEBUG main            d.u.i.k.p.i.IntermediateProofReplayer Proof replay took 356.57ms 
16241      DEBUG main            d.u.i.k.p.r.p.TestFile    ... success: reloaded. 
16246      INFO  main            d.u.i.k.p.r.p.TestFile    Now processing file /home/runner/work/key/key/key.core/../key.ui/examples/heap/WeideEtAl_01_AddAndMultiply/AddAndMultiply_mul.key 
16246      INFO  main            d.u.i.k.p.i.AbstractProblemLoader Loading environment from /home/runner/work/key/key/key.core/../key.ui/examples/heap/WeideEtAl_01_AddAndMultiply/AddAndMultiply_mul.key 
16247      DEBUG main            d.u.i.k.p.i.AbstractProblemLoader Environment load took 152.7ns 
16251      INFO  main            d.u.i.k.p.i.AbstractProblemLoader Creating init config 
19564      DEBUG main            d.u.i.k.p.i.AbstractProblemLoader Init config took 3.31s 
19628      INFO  main            d.u.i.k.p.i.AbstractProblemLoader Replaying proof AddAndMultiply[AddAndMultiply::mul(int,int)].JML normal_behavior operation contract.0 
19632      DEBUG main            d.u.i.k.p.i.IntermediateProofReplayer Proof replay took 6.7ns 
20239      INFO  main            d.u.i.k.p.r.p.TestFile    ... finished proof: closed. 
20427      INFO  main            d.u.i.k.p.i.AbstractProblemLoader Loading environment from /home/runner/work/key/key/key.core/../key.ui/examples/heap/WeideEtAl_01_AddAndMultiply/AddAndMultiply_mul.key.proof 
20428      DEBUG main            d.u.i.k.p.i.AbstractProblemLoader Environment load took 461.71ns 
20429      INFO  main            d.u.i.k.p.i.AbstractProblemLoader Creating init config 
23511      DEBUG main            d.u.i.k.p.i.AbstractProblemLoader Init config took 3.08s 
23581      INFO  main            d.u.i.k.p.i.AbstractProblemLoader Replaying proof AddAndMultiply[AddAndMultiply::mul(int,int)].JML normal_behavior operation contract.0 
23779      DEBUG main            d.u.i.k.p.i.IntermediateProofReplayer Proof replay took 192.36ms 
23782      DEBUG main            d.u.i.k.p.r.p.TestFile    ... success: reloaded. 
23783      INFO  main            d.u.i.k.p.r.p.TestFile    Now processing file /home/runner/work/key/key/key.core/../key.ui/examples/heap/WeideEtAl_02_BinarySearch/BinarySearch_search.key 
23784      INFO  main            d.u.i.k.p.i.AbstractProblemLoader Loading environment from /home/runner/work/key/key/key.core/../key.ui/examples/heap/WeideEtAl_02_BinarySearch/BinarySearch_search.key 
23784      DEBUG main            d.u.i.k.p.i.AbstractProblemLoader Environment load took 295ns 
23785      INFO  main            d.u.i.k.p.i.AbstractProblemLoader Creating init config 
27016      DEBUG main            d.u.i.k.p.i.AbstractProblemLoader Init config took 3.23s 
27081      INFO  main            d.u.i.k.p.i.AbstractProblemLoader Replaying proof BinarySearch[BinarySearch::search([I,int)].JML normal_behavior operation contract.0 
27086      DEBUG main            d.u.i.k.p.i.IntermediateProofReplayer Proof replay took 8.2ns 
31559      INFO  main            d.u.i.k.p.r.p.TestFile    ... finished proof: closed. 
31806      INFO  main            d.u.i.k.p.i.AbstractProblemLoader Loading environment from /home/runner/work/key/key/key.core/../key.ui/examples/heap/WeideEtAl_02_BinarySearch/BinarySearch_search.key.proof 
31807      DEBUG main            d.u.i.k.p.i.AbstractProblemLoader Environment load took 1.63ms 
31812      INFO  main            d.u.i.k.p.i.AbstractProblemLoader Creating init config 
35074      DEBUG main            d.u.i.k.p.i.AbstractProblemLoader Init config took 3.26s 
35130      INFO  main            d.u.i.k.p.i.AbstractProblemLoader Replaying proof BinarySearch[BinarySearch::search([I,int)].JML normal_behavior operation contract.0 
35864      DEBUG main            d.u.i.k.p.i.IntermediateProofReplayer Proof replay took 712.97ms 
35866      DEBUG main            d.u.i.k.p.r.p.TestFile    ... success: reloaded. 
2845185    INFO  Test worker     d.u.i.k.p.r.RunAllProofsTestUnit Returning from test WeideEtAl 
2845186    INFO  Test worker     d.u.i.k.p.r.RunAllProofsTestUnit Running test arithmetic 
487        INFO  Timeout watchdog d.u.i.k.p.r.p.ForkedTestFileRunner Timeout watcher launched (2000 secs.) 
528        WARN  main            d.u.i.k.s.ProofSettings   The settings in /home/runner/.key/proof-settings.props are *not* read. 
565        INFO  main            d.u.i.k.p.r.p.TestFile    Now processing file /home/runner/work/key/key/key.core/../key.ui/examples/standard_key/arith/binomial1.key 
756        INFO  main            d.u.i.k.p.i.AbstractProblemLoader Loading environment from /home/runner/work/key/key/key.core/../key.ui/examples/standard_key/arith/binomial1.key 
778        DEBUG main            d.u.i.k.p.i.AbstractProblemLoader Environment load took 3.12ms 
1106       INFO  main            d.u.i.k.p.i.AbstractProblemLoader Creating init config 
2405       DEBUG main            d.u.i.k.j.TypeConverter   No LDT found for Meta 
2406       DEBUG main            d.u.i.k.j.TypeConverter   No LDT found for Meta 
2410       DEBUG main            d.u.i.k.j.TypeConverter   No LDT found for Meta 
2411       DEBUG main            d.u.i.k.j.TypeConverter   No LDT found for Meta 
4061       DEBUG main            d.u.i.k.j.TypeConverter   No LDT found for JavaBigintExpression 
10269      DEBUG main            d.u.i.k.p.i.AbstractProblemLoader Init config took 9.16s 
10348      INFO  main            d.u.i.k.p.i.AbstractProblemLoader Replaying proof binomial1.key 
10395      DEBUG main            d.u.i.k.p.i.IntermediateProofReplayer Proof replay took 41.8ns 
10783      INFO  main            d.u.i.k.p.r.p.TestFile    ... finished proof: closed. 
10932      INFO  main            d.u.i.k.p.i.AbstractProblemLoader Loading environment from /home/runner/work/key/key/key.core/../key.ui/examples/standard_key/arith/binomial1.key.proof 
10933      DEBUG main            d.u.i.k.p.i.AbstractProblemLoader Environment load took 525.81ns 
10937      INFO  main            d.u.i.k.p.i.AbstractProblemLoader Creating init config 
14580      DEBUG main            d.u.i.k.p.i.AbstractProblemLoader Init config took 3.64s 
14645      INFO  main            d.u.i.k.p.i.AbstractProblemLoader Replaying proof binomial1.key.proof 
14668      DEBUG main            d.u.i.k.p.i.IntermediateProofReplayer Proof replay took 16.63ms 
14687      DEBUG main            d.u.i.k.p.r.p.TestFile    ... success: reloaded. 
14689      INFO  main            d.u.i.k.p.r.p.TestFile    Now processing file /home/runner/work/key/key/key.core/../key.ui/examples/standard_key/arith/binomial2.key 
14689      INFO  main            d.u.i.k.p.i.AbstractProblemLoader Loading environment from /home/runner/work/key/key/key.core/../key.ui/examples/standard_key/arith/binomial2.key 
14690      DEBUG main            d.u.i.k.p.i.AbstractProblemLoader Environment load took 151.7ns 
14694      INFO  main            d.u.i.k.p.i.AbstractProblemLoader Creating init config 
18074      DEBUG main            d.u.i.k.p.i.AbstractProblemLoader Init config took 3.38s 
18124      INFO  main            d.u.i.k.p.i.AbstractProblemLoader Replaying proof binomial2.key 
18137      DEBUG main            d.u.i.k.p.i.IntermediateProofReplayer Proof replay took 8.1ns 
18244      INFO  main            d.u.i.k.p.r.p.TestFile    ... finished proof: closed. 
18402      INFO  main            d.u.i.k.p.i.AbstractProblemLoader Loading environment from /home/runner/work/key/key/key.core/../key.ui/examples/standard_key/arith/binomial2.key.proof 
18405      DEBUG main            d.u.i.k.p.i.AbstractProblemLoader Environment load took 2.13ms 
18408      INFO  main            d.u.i.k.p.i.AbstractProblemLoader Creating init config 
21617      DEBUG main            d.u.i.k.p.i.AbstractProblemLoader Init config took 3.21s 
21646      INFO  main            d.u.i.k.p.i.AbstractProblemLoader Replaying proof binomial2.key.proof 
21666      DEBUG main            d.u.i.k.p.i.IntermediateProofReplayer Proof replay took 16.93ms 
21668      DEBUG main            d.u.i.k.p.r.p.TestFile    ... success: reloaded. 
21670      INFO  main            d.u.i.k.p.r.p.TestFile    Now processing file /home/runner/work/key/key/key.core/../key.ui/examples/standard_key/arith/check_jdiv.key 
21671      INFO  main            d.u.i.k.p.i.AbstractProblemLoader Loading environment from /home/runner/work/key/key/key.core/../key.ui/examples/standard_key/arith/check_jdiv.key 
21671      DEBUG main            d.u.i.k.p.i.AbstractProblemLoader Environment load took 259ns 
21673      INFO  main            d.u.i.k.p.i.AbstractProblemLoader Creating init config 
24823      DEBUG main            d.u.i.k.p.i.AbstractProblemLoader Init config took 3.15s 
24849      INFO  main            d.u.i.k.p.i.AbstractProblemLoader Replaying proof check_jdiv.key 
24860      DEBUG main            d.u.i.k.p.i.IntermediateProofReplayer Proof replay took 7ns 
31685      INFO  main            d.u.i.k.p.r.p.TestFile    ... finished proof: closed. 
31927      INFO  main            d.u.i.k.p.i.AbstractProblemLoader Loading environment from /home/runner/work/key/key/key.core/../key.ui/examples/standard_key/arith/check_jdiv.key.proof 
31928      DEBUG main            d.u.i.k.p.i.AbstractProblemLoader Environment load took 613.21ns 
31933      INFO  main            d.u.i.k.p.i.AbstractProblemLoader Creating init config 
34962      DEBUG main            d.u.i.k.p.i.AbstractProblemLoader Init config took 3.03s 
34989      INFO  main            d.u.i.k.p.i.AbstractProblemLoader Replaying proof check_jdiv.key.proof 
35642      DEBUG main            d.u.i.k.p.i.IntermediateProofReplayer Proof replay took 579.9ms 
35644      DEBUG main            d.u.i.k.p.r.p.TestFile    ... success: reloaded. 
35646      INFO  main            d.u.i.k.p.r.p.TestFile    Now processing file /home/runner/work/key/key/key.core/../key.ui/examples/standard_key/arith/check_jdiv_concrete.key 
35646      INFO  main            d.u.i.k.p.i.AbstractProblemLoader Loading environment from /home/runner/work/key/key/key.core/../key.ui/examples/standard_key/arith/check_jdiv_concrete.key 
35647      DEBUG main            d.u.i.k.p.i.AbstractProblemLoader Environment load took 576.11ns 
35648      INFO  main            d.u.i.k.p.i.AbstractProblemLoader Creating init config 
38644      DEBUG main            d.u.i.k.p.i.AbstractProblemLoader Init config took 3s 
38666      INFO  main            d.u.i.k.p.i.AbstractProblemLoader Replaying proof check_jdiv_concrete.key 
38668      DEBUG main            d.u.i.k.p.i.IntermediateProofReplayer Proof replay took 14.8ns 
38771      INFO  main            d.u.i.k.p.r.p.TestFile    ... finished proof: closed. 
38995      INFO  main            d.u.i.k.p.i.AbstractProblemLoader Loading environment from /home/runner/work/key/key/key.core/../key.ui/examples/standard_key/arith/check_jdiv_concrete.key.proof 
38996      DEBUG main            d.u.i.k.p.i.AbstractProblemLoader Environment load took 134.8ns 
38997      INFO  main            d.u.i.k.p.i.AbstractProblemLoader Creating init config 
41873      DEBUG main            d.u.i.k.p.i.AbstractProblemLoader Init config took 2.88s 
41896      INFO  main            d.u.i.k.p.i.AbstractProblemLoader Replaying proof check_jdiv_concrete.key.proof 
41903      DEBUG main            d.u.i.k.p.i.IntermediateProofReplayer Proof replay took 4.36ms 
41905      DEBUG main            d.u.i.k.p.r.p.TestFile    ... success: reloaded. 
41909      INFO  main            d.u.i.k.p.r.p.TestFile    Now processing file /home/runner/work/key/key/key.core/../key.ui/examples/standard_key/arith/check_jdiv_instantiated.key 
41909      INFO  main            d.u.i.k.p.i.AbstractProblemLoader Loading environment from /home/runner/work/key/key/key.core/../key.ui/examples/standard_key/arith/check_jdiv_instantiated.key 
41910      DEBUG main            d.u.i.k.p.i.AbstractProblemLoader Environment load took 250.6ns 
41911      INFO  main            d.u.i.k.p.i.AbstractProblemLoader Creating init config 
44919      DEBUG main            d.u.i.k.p.i.AbstractProblemLoader Init config took 3.01s 
44942      INFO  main            d.u.i.k.p.i.AbstractProblemLoader Replaying proof check_jdiv_instantiated.key 
44944      DEBUG main            d.u.i.k.p.i.IntermediateProofReplayer Proof replay took 5.8ns 
49003      INFO  main            d.u.i.k.p.r.p.TestFile    ... finished proof: closed. 
49237      INFO  main            d.u.i.k.p.i.AbstractProblemLoader Loading environment from /home/runner/work/key/key/key.core/../key.ui/examples/standard_key/arith/check_jdiv_instantiated.key.proof 
49237      DEBUG main            d.u.i.k.p.i.AbstractProblemLoader Environment load took 462.91ns 
49240      INFO  main            d.u.i.k.p.i.AbstractProblemLoader Creating init config 
52102      DEBUG main            d.u.i.k.p.i.AbstractProblemLoader Init config took 2.86s 
52133      INFO  main            d.u.i.k.p.i.AbstractProblemLoader Replaying proof check_jdiv_instantiated.key.proof 
52402      DEBUG main            d.u.i.k.p.i.IntermediateProofReplayer Proof replay took 242.89ms 
52405      DEBUG main            d.u.i.k.p.r.p.TestFile    ... success: reloaded. 
52406      INFO  main            d.u.i.k.p.r.p.TestFile    Now processing file /home/runner/work/key/key/key.core/../key.ui/examples/standard_key/arith/check_jmod.key 
52407      INFO  main            d.u.i.k.p.i.AbstractProblemLoader Loading environment from /home/runner/work/key/key/key.core/../key.ui/examples/standard_key/arith/check_jmod.key 
52407      DEBUG main            d.u.i.k.p.i.AbstractProblemLoader Environment load took 333.2ns 
52408      INFO  main            d.u.i.k.p.i.AbstractProblemLoader Creating init config 
55204      DEBUG main            d.u.i.k.p.i.AbstractProblemLoader Init config took 2.8s 
55251      INFO  main            d.u.i.k.p.i.AbstractProblemLoader Replaying proof check_jmod.key 
55255      DEBUG main            d.u.i.k.p.i.IntermediateProofReplayer Proof replay took 5.3ns 
55860      INFO  main            d.u.i.k.p.r.p.TestFile    ... finished proof: closed. 
56098      INFO  main            d.u.i.k.p.i.AbstractProblemLoader Loading environment from /home/runner/work/key/key/key.core/../key.ui/examples/standard_key/arith/check_jmod.key.proof 
56099      DEBUG main            d.u.i.k.p.i.AbstractProblemLoader Environment load took 546.01ns 
56100      INFO  main            d.u.i.k.p.i.AbstractProblemLoader Creating init config 
58931      DEBUG main            d.u.i.k.p.i.AbstractProblemLoader Init config took 2.83s 
58952      INFO  main            d.u.i.k.p.i.AbstractProblemLoader Replaying proof check_jmod.key.proof 
59010      DEBUG main            d.u.i.k.p.i.IntermediateProofReplayer Proof replay took 51.38ms 
59011      DEBUG main            d.u.i.k.p.r.p.TestFile    ... success: reloaded. 
59012      INFO  main            d.u.i.k.p.r.p.TestFile    Now processing file /home/runner/work/key/key/key.core/../key.ui/examples/standard_key/arith/complexExpressions.key 
59013      INFO  main            d.u.i.k.p.i.AbstractProblemLoader Loading environment from /home/runner/work/key/key/key.core/../key.ui/examples/standard_key/arith/complexExpressions.key 
59013      DEBUG main            d.u.i.k.p.i.AbstractProblemLoader Environment load took 281.9ns 
59014      INFO  main            d.u.i.k.p.i.AbstractProblemLoader Creating init config 
61787      DEBUG main            d.u.i.k.p.i.AbstractProblemLoader Init config took 2.77s 
61809      INFO  main            d.u.i.k.p.i.AbstractProblemLoader Replaying proof complexExpressions.key 
61811      DEBUG main            d.u.i.k.p.i.IntermediateProofReplayer Proof replay took 6ns 
62018      INFO  main            d.u.i.k.p.r.p.TestFile    ... finished proof: closed. 
62216      INFO  main            d.u.i.k.p.i.AbstractProblemLoader Loading environment from /home/runner/work/key/key/key.core/../key.ui/examples/standard_key/arith/complexExpressions.key.proof 
62216      DEBUG main            d.u.i.k.p.i.AbstractProblemLoader Environment load took 150.6ns 
62217      INFO  main            d.u.i.k.p.i.AbstractProblemLoader Creating init config 
64929      DEBUG main            d.u.i.k.p.i.AbstractProblemLoader Init config took 2.71s 
64950      INFO  main            d.u.i.k.p.i.AbstractProblemLoader Replaying proof complexExpressions.key.proof 
64965      DEBUG main            d.u.i.k.p.i.IntermediateProofReplayer Proof replay took 12.32ms 
64966      DEBUG main            d.u.i.k.p.r.p.TestFile    ... success: reloaded. 
64967      INFO  main            d.u.i.k.p.r.p.TestFile    Now processing file /home/runner/work/key/key/key.core/../key.ui/examples/standard_key/arith/compound_unaryMinus.key 
64967      INFO  main            d.u.i.k.p.i.AbstractProblemLoader Loading environment from /home/runner/work/key/key/key.core/../key.ui/examples/standard_key/arith/compound_unaryMinus.key 
64967      DEBUG main            d.u.i.k.p.i.AbstractProblemLoader Environment load took 298.4ns 
64968      INFO  main            d.u.i.k.p.i.AbstractProblemLoader Creating init config 
67796      DEBUG main            d.u.i.k.p.i.AbstractProblemLoader Init config took 2.83s 
67818      INFO  main            d.u.i.k.p.i.AbstractProblemLoader Replaying proof compound_unaryMinus.key 
67820      DEBUG main            d.u.i.k.p.i.IntermediateProofReplayer Proof replay took 5.6ns 
67922      INFO  main            d.u.i.k.p.r.p.TestFile    ... finished proof: closed. 
68108      INFO  main            d.u.i.k.p.i.AbstractProblemLoader Loading environment from /home/runner/work/key/key/key.core/../key.ui/examples/standard_key/arith/compound_unaryMinus.key.proof 
68108      DEBUG main            d.u.i.k.p.i.AbstractProblemLoader Environment load took 135.7ns 
68110      INFO  main            d.u.i.k.p.i.AbstractProblemLoader Creating init config 
70811      DEBUG main            d.u.i.k.p.i.AbstractProblemLoader Init config took 2.7s 
70829      INFO  main            d.u.i.k.p.i.AbstractProblemLoader Replaying proof compound_unaryMinus.key.proof 
70842      DEBUG main            d.u.i.k.p.i.IntermediateProofReplayer Proof replay took 11.22ms 
70844      DEBUG main            d.u.i.k.p.r.p.TestFile    ... success: reloaded. 
70845      INFO  main            d.u.i.k.p.r.p.TestFile    Now processing file /home/runner/work/key/key/key.core/../key.ui/examples/standard_key/arith/computation.key 
70847      INFO  main            d.u.i.k.p.i.AbstractProblemLoader Loading environment from /home/runner/work/key/key/key.core/../key.ui/examples/standard_key/arith/computation.key 
70848      DEBUG main            d.u.i.k.p.i.AbstractProblemLoader Environment load took 368.5ns 
70849      INFO  main            d.u.i.k.p.i.AbstractProblemLoader Creating init config 
73630      DEBUG main            d.u.i.k.p.i.AbstractProblemLoader Init config took 2.78s 
73649      INFO  main            d.u.i.k.p.i.AbstractProblemLoader Replaying proof computation.key 
73650      DEBUG main            d.u.i.k.p.i.IntermediateProofReplayer Proof replay took 5ns 
75210      INFO  main            d.u.i.k.p.r.p.TestFile    ... finished proof: closed. 
75504      INFO  main            d.u.i.k.p.i.AbstractProblemLoader Loading environment from /home/runner/work/key/key/key.core/../key.ui/examples/standard_key/arith/computation.key.proof 
75504      DEBUG main            d.u.i.k.p.i.AbstractProblemLoader Environment load took 813.51ns 
75506      INFO  main            d.u.i.k.p.i.AbstractProblemLoader Creating init config 
78137      DEBUG main            d.u.i.k.p.i.AbstractProblemLoader Init config took 2.63s 
78155      INFO  main            d.u.i.k.p.i.AbstractProblemLoader Replaying proof computation.key.proof 
78333      DEBUG main            d.u.i.k.p.i.IntermediateProofReplayer Proof replay took 171.62ms 
78334      DEBUG main            d.u.i.k.p.r.p.TestFile    ... success: reloaded. 
78336      INFO  main            d.u.i.k.p.r.p.TestFile    Now processing file /home/runner/work/key/key/key.core/../key.ui/examples/standard_key/arith/cubicSum.key 
78336      INFO  main            d.u.i.k.p.i.AbstractProblemLoader Loading environment from /home/runner/work/key/key/key.core/../key.ui/examples/standard_key/arith/cubicSum.key 
78336      DEBUG main            d.u.i.k.p.i.AbstractProblemLoader Environment load took 237.1ns 
78338      INFO  main            d.u.i.k.p.i.AbstractProblemLoader Creating init config 
81291      DEBUG main            d.u.i.k.p.i.AbstractProblemLoader Init config took 2.95s 
81309      INFO  main            d.u.i.k.p.i.AbstractProblemLoader Replaying proof cubicSum.key 
81311      DEBUG main            d.u.i.k.p.i.IntermediateProofReplayer Proof replay took 5.2ns 
82726      INFO  main            d.u.i.k.p.r.p.TestFile    ... finished proof: closed. 
83043      INFO  main            d.u.i.k.p.i.AbstractProblemLoader Loading environment from /home/runner/work/key/key/key.core/../key.ui/examples/standard_key/arith/cubicSum.key.proof 
83043      DEBUG main            d.u.i.k.p.i.AbstractProblemLoader Environment load took 449.9ns 
83045      INFO  main            d.u.i.k.p.i.AbstractProblemLoader Creating init config 
85936      DEBUG main            d.u.i.k.p.i.AbstractProblemLoader Init config took 2.89s 
85955      INFO  main            d.u.i.k.p.i.AbstractProblemLoader Replaying proof cubicSum.key.proof 
86176      DEBUG main            d.u.i.k.p.i.IntermediateProofReplayer Proof replay took 217.17ms 
86179      DEBUG main            d.u.i.k.p.r.p.TestFile    ... success: reloaded. 
86180      INFO  main            d.u.i.k.p.r.p.TestFile    Now processing file /home/runner/work/key/key/key.core/../key.ui/examples/standard_key/arith/divByZero.key 
86180      INFO  main            d.u.i.k.p.i.AbstractProblemLoader Loading environment from /home/runner/work/key/key/key.core/../key.ui/examples/standard_key/arith/divByZero.key 
86184      DEBUG main            d.u.i.k.p.i.AbstractProblemLoader Environment load took 368.7ns 
86185      INFO  main            d.u.i.k.p.i.AbstractProblemLoader Creating init config 
89056      DEBUG main            d.u.i.k.p.i.AbstractProblemLoader Init config took 2.87s 
89074      INFO  main            d.u.i.k.p.i.AbstractProblemLoader Replaying proof divByZero.key 
89077      DEBUG main            d.u.i.k.p.i.IntermediateProofReplayer Proof replay took 6.1ns 
89280      INFO  main            d.u.i.k.p.r.p.TestFile    ... finished proof: closed. 
89626      INFO  main            d.u.i.k.p.i.AbstractProblemLoader Loading environment from /home/runner/work/key/key/key.core/../key.ui/examples/standard_key/arith/divByZero.key.proof 
89626      DEBUG main            d.u.i.k.p.i.AbstractProblemLoader Environment load took 125.9ns 
89627      INFO  main            d.u.i.k.p.i.AbstractProblemLoader Creating init config 
92340      DEBUG main            d.u.i.k.p.i.AbstractProblemLoader Init config took 2.71s 
92357      INFO  main            d.u.i.k.p.i.AbstractProblemLoader Replaying proof divByZero.key.proof 
92405      DEBUG main            d.u.i.k.p.i.IntermediateProofReplayer Proof replay took 44.5ms 
92406      DEBUG main            d.u.i.k.p.r.p.TestFile    ... success: reloaded. 
92407      INFO  main            d.u.i.k.p.r.p.TestFile    Now processing file /home/runner/work/key/key/key.core/../key.ui/examples/standard_key/arith/divisionAssoc.key 
92407      INFO  main            d.u.i.k.p.i.AbstractProblemLoader Loading environment from /home/runner/work/key/key/key.core/../key.ui/examples/standard_key/arith/divisionAssoc.key 
92408      DEBUG main            d.u.i.k.p.i.AbstractProblemLoader Environment load took 267.3ns 
92409      INFO  main            d.u.i.k.p.i.AbstractProblemLoader Creating init config 
95307      DEBUG main            d.u.i.k.p.i.AbstractProblemLoader Init config took 2.9s 
95323      INFO  main            d.u.i.k.p.i.AbstractProblemLoader Replaying proof divisionAssoc.key 
95326      DEBUG main            d.u.i.k.p.i.IntermediateProofReplayer Proof replay took 300.2ns 
96233      INFO  main            d.u.i.k.p.r.p.TestFile    ... finished proof: closed. 
96565      INFO  main            d.u.i.k.p.i.AbstractProblemLoader Loading environment from /home/runner/work/key/key/key.core/../key.ui/examples/standard_key/arith/divisionAssoc.key.proof 
96566      DEBUG main            d.u.i.k.p.i.AbstractProblemLoader Environment load took 834.41ns 
96568      INFO  main            d.u.i.k.p.i.AbstractProblemLoader Creating init config 
99366      DEBUG main            d.u.i.k.p.i.AbstractProblemLoader Init config took 2.8s 
99382      INFO  main            d.u.i.k.p.i.AbstractProblemLoader Replaying proof divisionAssoc.key.proof 
99453      DEBUG main            d.u.i.k.p.i.IntermediateProofReplayer Proof replay took 64.73ms 
99454      DEBUG main            d.u.i.k.p.r.p.TestFile    ... success: reloaded. 
99455      INFO  main            d.u.i.k.p.r.p.TestFile    Now processing file /home/runner/work/key/key/key.core/../key.ui/examples/standard_key/arith/divisionBy2.key 
99456      INFO  main            d.u.i.k.p.i.AbstractProblemLoader Loading environment from /home/runner/work/key/key/key.core/../key.ui/examples/standard_key/arith/divisionBy2.key 
99456      DEBUG main            d.u.i.k.p.i.AbstractProblemLoader Environment load took 292.3ns 
99457      INFO  main            d.u.i.k.p.i.AbstractProblemLoader Creating init config 
102344     DEBUG main            d.u.i.k.p.i.AbstractProblemLoader Init config took 2.89s 
102358     INFO  main            d.u.i.k.p.i.AbstractProblemLoader Replaying proof divisionBy2.key 
102360     DEBUG main            d.u.i.k.p.i.IntermediateProofReplayer Proof replay took 6ns 
102462     INFO  main            d.u.i.k.p.r.p.TestFile    ... finished proof: closed. 
102727     INFO  main            d.u.i.k.p.i.AbstractProblemLoader Loading environment from /home/runner/work/key/key/key.core/../key.ui/examples/standard_key/arith/divisionBy2.key.proof 
102728     DEBUG main            d.u.i.k.p.i.AbstractProblemLoader Environment load took 126ns 
102729     INFO  main            d.u.i.k.p.i.AbstractProblemLoader Creating init config 
105528     DEBUG main            d.u.i.k.p.i.AbstractProblemLoader Init config took 2.8s 
105542     INFO  main            d.u.i.k.p.i.AbstractProblemLoader Replaying proof divisionBy2.key.proof 
105552     DEBUG main            d.u.i.k.p.i.IntermediateProofReplayer Proof replay took 7.67ms 
105553     DEBUG main            d.u.i.k.p.r.p.TestFile    ... success: reloaded. 
105554     INFO  main            d.u.i.k.p.r.p.TestFile    Now processing file /home/runner/work/key/key/key.core/../key.ui/examples/standard_key/arith/euclidean/gcdHelp-post.key 
105554     INFO  main            d.u.i.k.p.i.AbstractProblemLoader Loading environment from /home/runner/work/key/key/key.core/../key.ui/examples/standard_key/arith/euclidean/gcdHelp-post.key 
105554     DEBUG main            d.u.i.k.p.i.AbstractProblemLoader Environment load took 115.9ns 
105555     INFO  main            d.u.i.k.p.i.AbstractProblemLoader Creating init config 
108547     DEBUG main            d.u.i.k.p.i.AbstractProblemLoader Init config took 2.99s 
108571     INFO  main            d.u.i.k.p.i.AbstractProblemLoader Replaying proof gcdHelp-post.key 
108573     DEBUG main            d.u.i.k.p.i.IntermediateProofReplayer Proof replay took 18.3ns 
112826     INFO  main            d.u.i.k.p.r.p.TestFile    ... finished proof: closed. 
113200     INFO  main            d.u.i.k.p.i.AbstractProblemLoader Loading environment from /home/runner/work/key/key/key.core/../key.ui/examples/standard_key/arith/euclidean/gcdHelp-post.key.proof 
113200     DEBUG main            d.u.i.k.p.i.AbstractProblemLoader Environment load took 241.9ns 
113202     INFO  main            d.u.i.k.p.i.AbstractProblemLoader Creating init config 
116284     DEBUG main            d.u.i.k.p.i.AbstractProblemLoader Init config took 3.08s 
116304     INFO  main            d.u.i.k.p.i.AbstractProblemLoader Replaying proof gcdHelp-post.key.proof 
116643     DEBUG main            d.u.i.k.p.i.IntermediateProofReplayer Proof replay took 328.75ms 
116647     DEBUG main            d.u.i.k.p.r.p.TestFile    ... success: reloaded. 
116649     INFO  main            d.u.i.k.p.r.p.TestFile    Now processing file /home/runner/work/key/key/key.core/../key.ui/examples/standard_key/arith/gemplusDecimal/add.key 
116649     INFO  main            d.u.i.k.p.i.AbstractProblemLoader Loading environment from /home/runner/work/key/key/key.core/../key.ui/examples/standard_key/arith/gemplusDecimal/add.key 
116650     DEBUG main            d.u.i.k.p.i.AbstractProblemLoader Environment load took 333.9ns 
116653     INFO  main            d.u.i.k.p.i.AbstractProblemLoader Creating init config 
119749     DEBUG main            d.u.i.k.p.i.AbstractProblemLoader Init config took 3.1s 
119771     INFO  main            d.u.i.k.p.i.AbstractProblemLoader Replaying proof add.key 
119773     DEBUG main            d.u.i.k.p.i.IntermediateProofReplayer Proof replay took 6.6ns 
172028     INFO  main            d.u.i.k.p.r.p.TestFile    ... finished proof: closed. 
172497     INFO  main            d.u.i.k.p.i.AbstractProblemLoader Loading environment from /home/runner/work/key/key/key.core/../key.ui/examples/standard_key/arith/gemplusDecimal/add.key.proof 
172499     DEBUG main            d.u.i.k.p.i.AbstractProblemLoader Environment load took 2.02ms 
172514     INFO  main            d.u.i.k.p.i.AbstractProblemLoader Creating init config 
175424     DEBUG main            d.u.i.k.p.i.AbstractProblemLoader Init config took 2.91s 
175443     INFO  main            d.u.i.k.p.i.AbstractProblemLoader Replaying proof add.key.proof 
180398     DEBUG main            d.u.i.k.p.i.IntermediateProofReplayer Proof replay took 4.82s 
180406     DEBUG main            d.u.i.k.p.r.p.TestFile    ... success: reloaded. 
180408     INFO  main            d.u.i.k.p.r.p.TestFile    Now processing file /home/runner/work/key/key/key.core/../key.ui/examples/standard_key/arith/jdivevenodd.key 
180408     INFO  main            d.u.i.k.p.i.AbstractProblemLoader Loading environment from /home/runner/work/key/key/key.core/../key.ui/examples/standard_key/arith/jdivevenodd.key 
180408     DEBUG main            d.u.i.k.p.i.AbstractProblemLoader Environment load took 156.7ns 
180409     INFO  main            d.u.i.k.p.i.AbstractProblemLoader Creating init config 
183340     DEBUG main            d.u.i.k.p.i.AbstractProblemLoader Init config took 2.93s 
183355     INFO  main            d.u.i.k.p.i.AbstractProblemLoader Replaying proof jdivevenodd.key 
183357     DEBUG main            d.u.i.k.p.i.IntermediateProofReplayer Proof replay took 5.1ns 
183559     INFO  main            d.u.i.k.p.r.p.TestFile    ... finished proof: closed. 
183960     INFO  main            d.u.i.k.p.i.AbstractProblemLoader Loading environment from /home/runner/work/key/key/key.core/../key.ui/examples/standard_key/arith/jdivevenodd.key.proof 
183960     DEBUG main            d.u.i.k.p.i.AbstractProblemLoader Environment load took 119.5ns 
183962     INFO  main            d.u.i.k.p.i.AbstractProblemLoader Creating init config 
186786     DEBUG main            d.u.i.k.p.i.AbstractProblemLoader Init config took 2.82s 
186801     INFO  main            d.u.i.k.p.i.AbstractProblemLoader Replaying proof jdivevenodd.key.proof 
186822     DEBUG main            d.u.i.k.p.i.IntermediateProofReplayer Proof replay took 18.41ms 
186825     DEBUG main            d.u.i.k.p.r.p.TestFile    ... success: reloaded. 
186826     INFO  main            d.u.i.k.p.r.p.TestFile    Now processing file /home/runner/work/key/key/key.core/../key.ui/examples/standard_key/arith/median.key 
186827     INFO  main            d.u.i.k.p.i.AbstractProblemLoader Loading environment from /home/runner/work/key/key/key.core/../key.ui/examples/standard_key/arith/median.key 
186827     DEBUG main            d.u.i.k.p.i.AbstractProblemLoader Environment load took 229.1ns 
186829     INFO  main            d.u.i.k.p.i.AbstractProblemLoader Creating init config 
189744     DEBUG main            d.u.i.k.p.i.AbstractProblemLoader Init config took 2.92s 
189761     INFO  main            d.u.i.k.p.i.AbstractProblemLoader Replaying proof median.key 
189763     DEBUG main            d.u.i.k.p.i.IntermediateProofReplayer Proof replay took 5.8ns 
208181     INFO  main            d.u.i.k.p.r.p.TestFile    ... finished proof: closed. 
208596     INFO  main            d.u.i.k.p.i.AbstractProblemLoader Loading environment from /home/runner/work/key/key/key.core/../key.ui/examples/standard_key/arith/median.key.proof 
208601     DEBUG main            d.u.i.k.p.i.AbstractProblemLoader Environment load took 6.33ms 
208605     INFO  main            d.u.i.k.p.i.AbstractProblemLoader Creating init config 
211441     DEBUG main            d.u.i.k.p.i.AbstractProblemLoader Init config took 2.84s 
211459     INFO  main            d.u.i.k.p.i.AbstractProblemLoader Replaying proof median.key.proof 
213018     DEBUG main            d.u.i.k.p.i.IntermediateProofReplayer Proof replay took 1.49s 
213022     DEBUG main            d.u.i.k.p.r.p.TestFile    ... success: reloaded. 
213023     INFO  main            d.u.i.k.p.r.p.TestFile    Now processing file /home/runner/work/key/key/key.core/../key.ui/examples/standard_key/arith/mod1.key 
213023     INFO  main            d.u.i.k.p.i.AbstractProblemLoader Loading environment from /home/runner/work/key/key/key.core/../key.ui/examples/standard_key/arith/mod1.key 
213023     DEBUG main            d.u.i.k.p.i.AbstractProblemLoader Environment load took 156.5ns 
213024     INFO  main            d.u.i.k.p.i.AbstractProblemLoader Creating init config 
215971     DEBUG main            d.u.i.k.p.i.AbstractProblemLoader Init config took 2.95s 
215986     INFO  main            d.u.i.k.p.i.AbstractProblemLoader Replaying proof mod1.key 
215988     DEBUG main            d.u.i.k.p.i.IntermediateProofReplayer Proof replay took 5.9ns 
216091     INFO  main            d.u.i.k.p.r.p.TestFile    ... finished proof: closed. 
216459     INFO  main            d.u.i.k.p.i.AbstractProblemLoader Loading environment from /home/runner/work/key/key/key.core/../key.ui/examples/standard_key/arith/mod1.key.proof 
216459     DEBUG main            d.u.i.k.p.i.AbstractProblemLoader Environment load took 108.6ns 
216460     INFO  main            d.u.i.k.p.i.AbstractProblemLoader Creating init config 
219358     DEBUG main            d.u.i.k.p.i.AbstractProblemLoader Init config took 2.9s 
219375     INFO  main            d.u.i.k.p.i.AbstractProblemLoader Replaying proof mod1.key.proof 
219380     DEBUG main            d.u.i.k.p.i.IntermediateProofReplayer Proof replay took 3.44ms 
219381     DEBUG main            d.u.i.k.p.r.p.TestFile    ... success: reloaded. 
219382     INFO  main            d.u.i.k.p.r.p.TestFile    Now processing file /home/runner/work/key/key/key.core/../key.ui/examples/standard_key/arith/mod2.key 
219382     INFO  main            d.u.i.k.p.i.AbstractProblemLoader Loading environment from /home/runner/work/key/key/key.core/../key.ui/examples/standard_key/arith/mod2.key 
219383     DEBUG main            d.u.i.k.p.i.AbstractProblemLoader Environment load took 113.9ns 
219384     INFO  main            d.u.i.k.p.i.AbstractProblemLoader Creating init config 
222267     DEBUG main            d.u.i.k.p.i.AbstractProblemLoader Init config took 2.88s 
222282     INFO  main            d.u.i.k.p.i.AbstractProblemLoader Replaying proof mod2.key 
222284     DEBUG main            d.u.i.k.p.i.IntermediateProofReplayer Proof replay took 5.5ns 
222388     INFO  main            d.u.i.k.p.r.p.TestFile    ... finished proof: closed. 
222740     INFO  main            d.u.i.k.p.i.AbstractProblemLoader Loading environment from /home/runner/work/key/key/key.core/../key.ui/examples/standard_key/arith/mod2.key.proof 
222740     DEBUG main            d.u.i.k.p.i.AbstractProblemLoader Environment load took 99.9ns 
222741     INFO  main            d.u.i.k.p.i.AbstractProblemLoader Creating init config 
225661     DEBUG main            d.u.i.k.p.i.AbstractProblemLoader Init config took 2.92s 
225675     INFO  main            d.u.i.k.p.i.AbstractProblemLoader Replaying proof mod2.key.proof 
225679     DEBUG main            d.u.i.k.p.i.IntermediateProofReplayer Proof replay took 1.99ms 
225680     DEBUG main            d.u.i.k.p.r.p.TestFile    ... success: reloaded. 
225681     INFO  main            d.u.i.k.p.r.p.TestFile    Now processing file /home/runner/work/key/key/key.core/../key.ui/examples/standard_key/arith/mod7.key 
225681     INFO  main            d.u.i.k.p.i.AbstractProblemLoader Loading environment from /home/runner/work/key/key/key.core/../key.ui/examples/standard_key/arith/mod7.key 
225681     DEBUG main            d.u.i.k.p.i.AbstractProblemLoader Environment load took 99.5ns 
225682     INFO  main            d.u.i.k.p.i.AbstractProblemLoader Creating init config 
228644     DEBUG main            d.u.i.k.p.i.AbstractProblemLoader Init config took 2.96s 
228658     INFO  main            d.u.i.k.p.i.AbstractProblemLoader Replaying proof mod7.key 
228660     DEBUG main            d.u.i.k.p.i.IntermediateProofReplayer Proof replay took 5.8ns 
228761     INFO  main            d.u.i.k.p.r.p.TestFile    ... finished proof: closed. 
229035     INFO  main            d.u.i.k.p.i.AbstractProblemLoader Loading environment from /home/runner/work/key/key/key.core/../key.ui/examples/standard_key/arith/mod7.key.proof 
229035     DEBUG main            d.u.i.k.p.i.AbstractProblemLoader Environment load took 109.6ns 
229036     INFO  main            d.u.i.k.p.i.AbstractProblemLoader Creating init config 
231887     DEBUG main            d.u.i.k.p.i.AbstractProblemLoader Init config took 2.85s 
231904     INFO  main            d.u.i.k.p.i.AbstractProblemLoader Replaying proof mod7.key.proof 
231915     DEBUG main            d.u.i.k.p.i.IntermediateProofReplayer Proof replay took 7.44ms 
231916     DEBUG main            d.u.i.k.p.r.p.TestFile    ... success: reloaded. 
231917     INFO  main            d.u.i.k.p.r.p.TestFile    Now processing file /home/runner/work/key/key/key.core/../key.ui/examples/standard_key/arith/overflow_hija.key 
231917     INFO  main            d.u.i.k.p.i.AbstractProblemLoader Loading environment from /home/runner/work/key/key/key.core/../key.ui/examples/standard_key/arith/overflow_hija.key 
231917     DEBUG main            d.u.i.k.p.i.AbstractProblemLoader Environment load took 247.8ns 
231919     INFO  main            d.u.i.k.p.i.AbstractProblemLoader Creating init config 
234927     DEBUG main            d.u.i.k.p.i.AbstractProblemLoader Init config took 3.01s 
234961     INFO  main            d.u.i.k.p.i.AbstractProblemLoader Replaying proof overflow_hija.key 
234965     DEBUG main            d.u.i.k.p.i.IntermediateProofReplayer Proof replay took 6ns 
240441     INFO  main            d.u.i.k.p.r.p.TestFile    ... finished proof: closed. 
240776     INFO  main            d.u.i.k.p.i.AbstractProblemLoader Loading environment from /home/runner/work/key/key/key.core/../key.ui/examples/standard_key/arith/overflow_hija.key.proof 
240776     DEBUG main            d.u.i.k.p.i.AbstractProblemLoader Environment load took 472.4ns 
240779     INFO  main            d.u.i.k.p.i.AbstractProblemLoader Creating init config 
243645     DEBUG main            d.u.i.k.p.i.AbstractProblemLoader Init config took 2.87s 
243664     INFO  main            d.u.i.k.p.i.AbstractProblemLoader Replaying proof overflow_hija.key.proof 
244122     DEBUG main            d.u.i.k.p.i.IntermediateProofReplayer Proof replay took 448.93ms 
244125     DEBUG main            d.u.i.k.p.r.p.TestFile    ... success: reloaded. 
244126     INFO  main            d.u.i.k.p.r.p.TestFile    Now processing file /home/runner/work/key/key/key.core/../key.ui/examples/standard_key/arith/poly_division0.key 
244127     INFO  main            d.u.i.k.p.i.AbstractProblemLoader Loading environment from /home/runner/work/key/key/key.core/../key.ui/examples/standard_key/arith/poly_division0.key 
244127     DEBUG main            d.u.i.k.p.i.AbstractProblemLoader Environment load took 147.6ns 
244128     INFO  main            d.u.i.k.p.i.AbstractProblemLoader Creating init config 
247003     DEBUG main            d.u.i.k.p.i.AbstractProblemLoader Init config took 2.87s 
247017     INFO  main            d.u.i.k.p.i.AbstractProblemLoader Replaying proof poly_division0.key 
247018     DEBUG main            d.u.i.k.p.i.IntermediateProofReplayer Proof replay took 6.7ns 
247120     INFO  main            d.u.i.k.p.r.p.TestFile    ... finished proof: closed. 
247461     INFO  main            d.u.i.k.p.i.AbstractProblemLoader Loading environment from /home/runner/work/key/key/key.core/../key.ui/examples/standard_key/arith/poly_division0.key.proof 
247461     DEBUG main            d.u.i.k.p.i.AbstractProblemLoader Environment load took 105.4ns 
247462     INFO  main            d.u.i.k.p.i.AbstractProblemLoader Creating init config 
250273     DEBUG main            d.u.i.k.p.i.AbstractProblemLoader Init config took 2.81s 
250288     INFO  main            d.u.i.k.p.i.AbstractProblemLoader Replaying proof poly_division0.key.proof 
250301     DEBUG main            d.u.i.k.p.i.IntermediateProofReplayer Proof replay took 10.64ms 
250302     DEBUG main            d.u.i.k.p.r.p.TestFile    ... success: reloaded. 
250302     INFO  main            d.u.i.k.p.r.p.TestFile    Now processing file /home/runner/work/key/key/key.core/../key.ui/examples/standard_key/arith/poly_division1.key 
250303     INFO  main            d.u.i.k.p.i.AbstractProblemLoader Loading environment from /home/runner/work/key/key/key.core/../key.ui/examples/standard_key/arith/poly_division1.key 
250303     DEBUG main            d.u.i.k.p.i.AbstractProblemLoader Environment load took 95.2ns 
250304     INFO  main            d.u.i.k.p.i.AbstractProblemLoader Creating init config 
253122     DEBUG main            d.u.i.k.p.i.AbstractProblemLoader Init config took 2.82s 
253136     INFO  main            d.u.i.k.p.i.AbstractProblemLoader Replaying proof poly_division1.key 
253138     DEBUG main            d.u.i.k.p.i.IntermediateProofReplayer Proof replay took 6.1ns 
253243     INFO  main            d.u.i.k.p.r.p.TestFile    ... finished proof: closed. 
253561     INFO  main            d.u.i.k.p.i.AbstractProblemLoader Loading environment from /home/runner/work/key/key/key.core/../key.ui/examples/standard_key/arith/poly_division1.key.proof 
253562     DEBUG main            d.u.i.k.p.i.AbstractProblemLoader Environment load took 115.3ns 
253563     INFO  main            d.u.i.k.p.i.AbstractProblemLoader Creating init config 
256329     DEBUG main            d.u.i.k.p.i.AbstractProblemLoader Init config took 2.77s 
256345     INFO  main            d.u.i.k.p.i.AbstractProblemLoader Replaying proof poly_division1.key.proof 
256355     DEBUG main            d.u.i.k.p.i.IntermediateProofReplayer Proof replay took 8.13ms 
256356     DEBUG main            d.u.i.k.p.r.p.TestFile    ... success: reloaded. 
256356     INFO  main            d.u.i.k.p.r.p.TestFile    Now processing file /home/runner/work/key/key/key.core/../key.ui/examples/standard_key/inEqSimp/division.key 
256356     INFO  main            d.u.i.k.p.i.AbstractProblemLoader Loading environment from /home/runner/work/key/key/key.core/../key.ui/examples/standard_key/inEqSimp/division.key 
256357     DEBUG main            d.u.i.k.p.i.AbstractProblemLoader Environment load took 158.7ns 
256358     INFO  main            d.u.i.k.p.i.AbstractProblemLoader Creating init config 
259199     DEBUG main            d.u.i.k.p.i.AbstractProblemLoader Init config took 2.84s 
259215     INFO  main            d.u.i.k.p.i.AbstractProblemLoader Replaying proof division.key 
259216     DEBUG main            d.u.i.k.p.i.IntermediateProofReplayer Proof replay took 6.4ns 
261524     INFO  main            d.u.i.k.p.r.p.TestFile    ... finished proof: closed. 
261858     INFO  main            d.u.i.k.p.i.AbstractProblemLoader Loading environment from /home/runner/work/key/key/key.core/../key.ui/examples/standard_key/inEqSimp/division.key.proof 
261859     DEBUG main            d.u.i.k.p.i.AbstractProblemLoader Environment load took 175.4ns 
261860     INFO  main            d.u.i.k.p.i.AbstractProblemLoader Creating init config 
264694     DEBUG main            d.u.i.k.p.i.AbstractProblemLoader Init config took 2.83s 
264709     INFO  main            d.u.i.k.p.i.AbstractProblemLoader Replaying proof division.key.proof 
264803     DEBUG main            d.u.i.k.p.i.IntermediateProofReplayer Proof replay took 86.81ms 
264805     DEBUG main            d.u.i.k.p.r.p.TestFile    ... success: reloaded. 
264806     INFO  main            d.u.i.k.p.r.p.TestFile    Now processing file /home/runner/work/key/key/key.core/../key.ui/examples/standard_key/inEqSimp/inequations0.key 
264807     INFO  main            d.u.i.k.p.i.AbstractProblemLoader Loading environment from /home/runner/work/key/key/key.core/../key.ui/examples/standard_key/inEqSimp/inequations0.key 
264807     DEBUG main            d.u.i.k.p.i.AbstractProblemLoader Environment load took 208.2ns 
264808     INFO  main            d.u.i.k.p.i.AbstractProblemLoader Creating init config 
267699     DEBUG main            d.u.i.k.p.i.AbstractProblemLoader Init config took 2.89s 
267714     INFO  main            d.u.i.k.p.i.AbstractProblemLoader Replaying proof inequations0.key 
267715     DEBUG main            d.u.i.k.p.i.IntermediateProofReplayer Proof replay took 35.3ns 
267817     INFO  main            d.u.i.k.p.r.p.TestFile    ... finished proof: closed. 
268158     INFO  main            d.u.i.k.p.i.AbstractProblemLoader Loading environment from /home/runner/work/key/key/key.core/../key.ui/examples/standard_key/inEqSimp/inequations0.key.proof 
268158     DEBUG main            d.u.i.k.p.i.AbstractProblemLoader Environment load took 103.3ns 
268159     INFO  main            d.u.i.k.p.i.AbstractProblemLoader Creating init config 
270881     DEBUG main            d.u.i.k.p.i.AbstractProblemLoader Init config took 2.72s 
270895     INFO  main            d.u.i.k.p.i.AbstractProblemLoader Replaying proof inequations0.key.proof 
270900     DEBUG main            d.u.i.k.p.i.IntermediateProofReplayer Proof replay took 2.76ms 
270900     DEBUG main            d.u.i.k.p.r.p.TestFile    ... success: reloaded. 
270901     INFO  main            d.u.i.k.p.r.p.TestFile    Now processing file /home/runner/work/key/key/key.core/../key.ui/examples/standard_key/inEqSimp/inequations1.key 
270901     INFO  main            d.u.i.k.p.i.AbstractProblemLoader Loading environment from /home/runner/work/key/key/key.core/../key.ui/examples/standard_key/inEqSimp/inequations1.key 
270901     DEBUG main            d.u.i.k.p.i.AbstractProblemLoader Environment load took 108.7ns 
270903     INFO  main            d.u.i.k.p.i.AbstractProblemLoader Creating init config 
273659     DEBUG main            d.u.i.k.p.i.AbstractProblemLoader Init config took 2.76s 
273672     INFO  main            d.u.i.k.p.i.AbstractProblemLoader Replaying proof inequations1.key 
273673     DEBUG main            d.u.i.k.p.i.IntermediateProofReplayer Proof replay took 2.7ns 
273775     INFO  main            d.u.i.k.p.r.p.TestFile    ... finished proof: closed. 
274107     INFO  main            d.u.i.k.p.i.AbstractProblemLoader Loading environment from /home/runner/work/key/key/key.core/../key.ui/examples/standard_key/inEqSimp/inequations1.key.proof 
274107     DEBUG main            d.u.i.k.p.i.AbstractProblemLoader Environment load took 94ns 
274108     INFO  main            d.u.i.k.p.i.AbstractProblemLoader Creating init config 
276933     DEBUG main            d.u.i.k.p.i.AbstractProblemLoader Init config took 2.83s 
276949     INFO  main            d.u.i.k.p.i.AbstractProblemLoader Replaying proof inequations1.key.proof 
276954     DEBUG main            d.u.i.k.p.i.IntermediateProofReplayer Proof replay took 1.9ms 
276955     DEBUG main            d.u.i.k.p.r.p.TestFile    ... success: reloaded. 
276955     INFO  main            d.u.i.k.p.r.p.TestFile    Now processing file /home/runner/work/key/key/key.core/../key.ui/examples/standard_key/inEqSimp/inequations2.key 
276956     INFO  main            d.u.i.k.p.i.AbstractProblemLoader Loading environment from /home/runner/work/key/key/key.core/../key.ui/examples/standard_key/inEqSimp/inequations2.key 
276956     DEBUG main            d.u.i.k.p.i.AbstractProblemLoader Environment load took 101.5ns 
276957     INFO  main            d.u.i.k.p.i.AbstractProblemLoader Creating init config 
279814     DEBUG main            d.u.i.k.p.i.AbstractProblemLoader Init config took 2.86s 
279831     INFO  main            d.u.i.k.p.i.AbstractProblemLoader Replaying proof inequations2.key 
279832     DEBUG main            d.u.i.k.p.i.IntermediateProofReplayer Proof replay took 2.9ns 
279936     INFO  main            d.u.i.k.p.r.p.TestFile    ... finished proof: closed. 
280259     INFO  main            d.u.i.k.p.i.AbstractProblemLoader Loading environment from /home/runner/work/key/key/key.core/../key.ui/examples/standard_key/inEqSimp/inequations2.key.proof 
280259     DEBUG main            d.u.i.k.p.i.AbstractProblemLoader Environment load took 98.3ns 
280260     INFO  main            d.u.i.k.p.i.AbstractProblemLoader Creating init config 
283071     DEBUG main            d.u.i.k.p.i.AbstractProblemLoader Init config took 2.81s 
283087     INFO  main            d.u.i.k.p.i.AbstractProblemLoader Replaying proof inequations2.key.proof 
283091     DEBUG main            d.u.i.k.p.i.IntermediateProofReplayer Proof replay took 1.98ms 
283092     DEBUG main            d.u.i.k.p.r.p.TestFile    ... success: reloaded. 
283092     INFO  main            d.u.i.k.p.r.p.TestFile    Now processing file /home/runner/work/key/key/key.core/../key.ui/examples/standard_key/inEqSimp/linApprox.key 
283093     INFO  main            d.u.i.k.p.i.AbstractProblemLoader Loading environment from /home/runner/work/key/key/key.core/../key.ui/examples/standard_key/inEqSimp/linApprox.key 
283093     DEBUG main            d.u.i.k.p.i.AbstractProblemLoader Environment load took 111.8ns 
283094     INFO  main            d.u.i.k.p.i.AbstractProblemLoader Creating init config 
285922     DEBUG main            d.u.i.k.p.i.AbstractProblemLoader Init config took 2.83s 
285936     INFO  main            d.u.i.k.p.i.AbstractProblemLoader Replaying proof linApprox.key 
285938     DEBUG main            d.u.i.k.p.i.IntermediateProofReplayer Proof replay took 3.1ns 
286039     INFO  main            d.u.i.k.p.r.p.TestFile    ... finished proof: closed. 
286380     INFO  main            d.u.i.k.p.i.AbstractProblemLoader Loading environment from /home/runner/work/key/key/key.core/../key.ui/examples/standard_key/inEqSimp/linApprox.key.proof 
286380     DEBUG main            d.u.i.k.p.i.AbstractProblemLoader Environment load took 164.9ns 
286381     INFO  main            d.u.i.k.p.i.AbstractProblemLoader Creating init config 
289110     DEBUG main            d.u.i.k.p.i.AbstractProblemLoader Init config took 2.73s 
289123     INFO  main            d.u.i.k.p.i.AbstractProblemLoader Replaying proof linApprox.key.proof 
289128     DEBUG main            d.u.i.k.p.i.IntermediateProofReplayer Proof replay took 3.14ms 
289129     DEBUG main            d.u.i.k.p.r.p.TestFile    ... success: reloaded. 
289130     INFO  main            d.u.i.k.p.r.p.TestFile    Now processing file /home/runner/work/key/key/key.core/../key.ui/examples/standard_key/inEqSimp/nonLinInEqExample0.key 
289130     INFO  main            d.u.i.k.p.i.AbstractProblemLoader Loading environment from /home/runner/work/key/key/key.core/../key.ui/examples/standard_key/inEqSimp/nonLinInEqExample0.key 
289131     DEBUG main            d.u.i.k.p.i.AbstractProblemLoader Environment load took 681.01ns 
289132     INFO  main            d.u.i.k.p.i.AbstractProblemLoader Creating init config 
291970     DEBUG main            d.u.i.k.p.i.AbstractProblemLoader Init config took 2.84s 
291983     INFO  main            d.u.i.k.p.i.AbstractProblemLoader Replaying proof nonLinInEqExample0.key 
291985     DEBUG main            d.u.i.k.p.i.IntermediateProofReplayer Proof replay took 3.1ns 
292087     INFO  main            d.u.i.k.p.r.p.TestFile    ... finished proof: closed. 
292417     INFO  main            d.u.i.k.p.i.AbstractProblemLoader Loading environment from /home/runner/work/key/key/key.core/../key.ui/examples/standard_key/inEqSimp/nonLinInEqExample0.key.proof 
292417     DEBUG main            d.u.i.k.p.i.AbstractProblemLoader Environment load took 102.9ns 
292418     INFO  main            d.u.i.k.p.i.AbstractProblemLoader Creating init config 
295184     DEBUG main            d.u.i.k.p.i.AbstractProblemLoader Init config took 2.77s 
295200     INFO  main            d.u.i.k.p.i.AbstractProblemLoader Replaying proof nonLinInEqExample0.key.proof 
295202     DEBUG main            d.u.i.k.p.i.IntermediateProofReplayer Proof replay took 1.16ms 
295203     DEBUG main            d.u.i.k.p.r.p.TestFile    ... success: reloaded. 
295204     INFO  main            d.u.i.k.p.r.p.TestFile    Now processing file /home/runner/work/key/key/key.core/../key.ui/examples/standard_key/inEqSimp/nonLinInEqExample2.key 
295204     INFO  main            d.u.i.k.p.i.AbstractProblemLoader Loading environment from /home/runner/work/key/key/key.core/../key.ui/examples/standard_key/inEqSimp/nonLinInEqExample2.key 
295204     DEBUG main            d.u.i.k.p.i.AbstractProblemLoader Environment load took 120.8ns 
295206     INFO  main            d.u.i.k.p.i.AbstractProblemLoader Creating init config 
298063     DEBUG main            d.u.i.k.p.i.AbstractProblemLoader Init config took 2.86s 
298079     INFO  main            d.u.i.k.p.i.AbstractProblemLoader Replaying proof nonLinInEqExample2.key 
298080     DEBUG main            d.u.i.k.p.i.IntermediateProofReplayer Proof replay took 3.2ns 
298484     INFO  main            d.u.i.k.p.r.p.TestFile    ... finished proof: closed. 
298832     INFO  main            d.u.i.k.p.i.AbstractProblemLoader Loading environment from /home/runner/work/key/key/key.core/../key.ui/examples/standard_key/inEqSimp/nonLinInEqExample2.key.proof 
298832     DEBUG main            d.u.i.k.p.i.AbstractProblemLoader Environment load took 430.2ns 
298834     INFO  main            d.u.i.k.p.i.AbstractProblemLoader Creating init config 
301635     DEBUG main            d.u.i.k.p.i.AbstractProblemLoader Init config took 2.8s 
301650     INFO  main            d.u.i.k.p.i.AbstractProblemLoader Replaying proof nonLinInEqExample2.key.proof 
301686     DEBUG main            d.u.i.k.p.i.IntermediateProofReplayer Proof replay took 32.9ms 
301687     DEBUG main            d.u.i.k.p.r.p.TestFile    ... success: reloaded. 
301688     INFO  main            d.u.i.k.p.r.p.TestFile    Now processing file /home/runner/work/key/key/key.core/../key.ui/examples/standard_key/inEqSimp/nonLinInEqExample3.key 
301688     INFO  main            d.u.i.k.p.i.AbstractProblemLoader Loading environment from /home/runner/work/key/key/key.core/../key.ui/examples/standard_key/inEqSimp/nonLinInEqExample3.key 
301688     DEBUG main            d.u.i.k.p.i.AbstractProblemLoader Environment load took 112.8ns 
301689     INFO  main            d.u.i.k.p.i.AbstractProblemLoader Creating init config 
304578     DEBUG main            d.u.i.k.p.i.AbstractProblemLoader Init config took 2.89s 
304593     INFO  main            d.u.i.k.p.i.AbstractProblemLoader Replaying proof nonLinInEqExample3.key 
304594     DEBUG main            d.u.i.k.p.i.IntermediateProofReplayer Proof replay took 2.9ns 
304900     INFO  main            d.u.i.k.p.r.p.TestFile    ... finished proof: closed. 
305278     INFO  main            d.u.i.k.p.i.AbstractProblemLoader Loading environment from /home/runner/work/key/key/key.core/../key.ui/examples/standard_key/inEqSimp/nonLinInEqExample3.key.proof 
305278     DEBUG main            d.u.i.k.p.i.AbstractProblemLoader Environment load took 92.5ns 
305279     INFO  main            d.u.i.k.p.i.AbstractProblemLoader Creating init config 
308140     DEBUG main            d.u.i.k.p.i.AbstractProblemLoader Init config took 2.86s 
308156     INFO  main            d.u.i.k.p.i.AbstractProblemLoader Replaying proof nonLinInEqExample3.key.proof 
308180     DEBUG main            d.u.i.k.p.i.IntermediateProofReplayer Proof replay took 21.71ms 
308181     DEBUG main            d.u.i.k.p.r.p.TestFile    ... success: reloaded. 
308181     INFO  main            d.u.i.k.p.r.p.TestFile    Now processing file /home/runner/work/key/key/key.core/../key.ui/examples/standard_key/inEqSimp/nonLinInEqExample4.key 
308182     INFO  main            d.u.i.k.p.i.AbstractProblemLoader Loading environment from /home/runner/work/key/key/key.core/../key.ui/examples/standard_key/inEqSimp/nonLinInEqExample4.key 
308182     DEBUG main            d.u.i.k.p.i.AbstractProblemLoader Environment load took 123.7ns 
308183     INFO  main            d.u.i.k.p.i.AbstractProblemLoader Creating init config 
310952     DEBUG main            d.u.i.k.p.i.AbstractProblemLoader Init config took 2.77s 
310965     INFO  main            d.u.i.k.p.i.AbstractProblemLoader Replaying proof nonLinInEqExample4.key 
310967     DEBUG main            d.u.i.k.p.i.IntermediateProofReplayer Proof replay took 2.8ns 
311071     INFO  main            d.u.i.k.p.r.p.TestFile    ... finished proof: closed. 
311460     INFO  main            d.u.i.k.p.i.AbstractProblemLoader Loading environment from /home/runner/work/key/key/key.core/../key.ui/examples/standard_key/inEqSimp/nonLinInEqExample4.key.proof 
311460     DEBUG main            d.u.i.k.p.i.AbstractProblemLoader Environment load took 106.6ns 
311461     INFO  main            d.u.i.k.p.i.AbstractProblemLoader Creating init config 
314107     DEBUG main            d.u.i.k.p.i.AbstractProblemLoader Init config took 2.65s 
314120     INFO  main            d.u.i.k.p.i.AbstractProblemLoader Replaying proof nonLinInEqExample4.key.proof 
314126     DEBUG main            d.u.i.k.p.i.IntermediateProofReplayer Proof replay took 4.27ms 
314127     DEBUG main            d.u.i.k.p.r.p.TestFile    ... success: reloaded. 
314128     INFO  main            d.u.i.k.p.r.p.TestFile    Now processing file /home/runner/work/key/key/key.core/../key.ui/examples/standard_key/inEqSimp/quadraticInEq.key 
314128     INFO  main            d.u.i.k.p.i.AbstractProblemLoader Loading environment from /home/runner/work/key/key/key.core/../key.ui/examples/standard_key/inEqSimp/quadraticInEq.key 
314128     DEBUG main            d.u.i.k.p.i.AbstractProblemLoader Environment load took 126.5ns 
314130     INFO  main            d.u.i.k.p.i.AbstractProblemLoader Creating init config 
316946     DEBUG main            d.u.i.k.p.i.AbstractProblemLoader Init config took 2.82s 
316961     INFO  main            d.u.i.k.p.i.AbstractProblemLoader Replaying proof quadraticInEq.key 
316962     DEBUG main            d.u.i.k.p.i.IntermediateProofReplayer Proof replay took 3ns 
317369     INFO  main            d.u.i.k.p.r.p.TestFile    ... finished proof: closed. 
317754     INFO  main            d.u.i.k.p.i.AbstractProblemLoader Loading environment from /home/runner/work/key/key/key.core/../key.ui/examples/standard_key/inEqSimp/quadraticInEq.key.proof 
317754     DEBUG main            d.u.i.k.p.i.AbstractProblemLoader Environment load took 98.4ns 
317755     INFO  main            d.u.i.k.p.i.AbstractProblemLoader Creating init config 
320553     DEBUG main            d.u.i.k.p.i.AbstractProblemLoader Init config took 2.8s 
320567     INFO  main            d.u.i.k.p.i.AbstractProblemLoader Replaying proof quadraticInEq.key.proof 
320623     DEBUG main            d.u.i.k.p.i.IntermediateProofReplayer Proof replay took 51ms 
320625     DEBUG main            d.u.i.k.p.r.p.TestFile    ... success: reloaded. 
320626     INFO  main            d.u.i.k.p.r.p.TestFile    Now processing file /home/runner/work/key/key/key.core/../key.ui/examples/standard_key/inEqSimp/quadraticInEq10.key 
320626     INFO  main            d.u.i.k.p.i.AbstractProblemLoader Loading environment from /home/runner/work/key/key/key.core/../key.ui/examples/standard_key/inEqSimp/quadraticInEq10.key 
320627     DEBUG main            d.u.i.k.p.i.AbstractProblemLoader Environment load took 275.9ns 
320628     INFO  main            d.u.i.k.p.i.AbstractProblemLoader Creating init config 
323467     DEBUG main            d.u.i.k.p.i.AbstractProblemLoader Init config took 2.84s 
323481     INFO  main            d.u.i.k.p.i.AbstractProblemLoader Replaying proof quadraticInEq10.key 
323482     DEBUG main            d.u.i.k.p.i.IntermediateProofReplayer Proof replay took 3ns 
323685     INFO  main            d.u.i.k.p.r.p.TestFile    ... finished proof: closed. 
324109     INFO  main            d.u.i.k.p.i.AbstractProblemLoader Loading environment from /home/runner/work/key/key/key.core/../key.ui/examples/standard_key/inEqSimp/quadraticInEq10.key.proof 
324109     DEBUG main            d.u.i.k.p.i.AbstractProblemLoader Environment load took 149.5ns 
324111     INFO  main            d.u.i.k.p.i.AbstractProblemLoader Creating init config 
326985     DEBUG main            d.u.i.k.p.i.AbstractProblemLoader Init config took 2.87s 
327001     INFO  main            d.u.i.k.p.i.AbstractProblemLoader Replaying proof quadraticInEq10.key.proof 
327025     DEBUG main            d.u.i.k.p.i.IntermediateProofReplayer Proof replay took 21.95ms 
327027     DEBUG main            d.u.i.k.p.r.p.TestFile    ... success: reloaded. 
327028     INFO  main            d.u.i.k.p.r.p.TestFile    Now processing file /home/runner/work/key/key/key.core/../key.ui/examples/standard_key/inEqSimp/quadraticInEq13.key 
327028     INFO  main            d.u.i.k.p.i.AbstractProblemLoader Loading environment from /home/runner/work/key/key/key.core/../key.ui/examples/standard_key/inEqSimp/quadraticInEq13.key 
327028     DEBUG main            d.u.i.k.p.i.AbstractProblemLoader Environment load took 64.4ns 
327029     INFO  main            d.u.i.k.p.i.AbstractProblemLoader Creating init config 
329815     DEBUG main            d.u.i.k.p.i.AbstractProblemLoader Init config took 2.79s 
329827     INFO  main            d.u.i.k.p.i.AbstractProblemLoader Replaying proof quadraticInEq13.key 
329829     DEBUG main            d.u.i.k.p.i.IntermediateProofReplayer Proof replay took 2.8ns 
330131     INFO  main            d.u.i.k.p.r.p.TestFile    ... finished proof: closed. 
330541     INFO  main            d.u.i.k.p.i.AbstractProblemLoader Loading environment from /home/runner/work/key/key/key.core/../key.ui/examples/standard_key/inEqSimp/quadraticInEq13.key.proof 
330542     DEBUG main            d.u.i.k.p.i.AbstractProblemLoader Environment load took 84.6ns 
330544     INFO  main            d.u.i.k.p.i.AbstractProblemLoader Creating init config 
333364     DEBUG main            d.u.i.k.p.i.AbstractProblemLoader Init config took 2.82s 
333378     INFO  main            d.u.i.k.p.i.AbstractProblemLoader Replaying proof quadraticInEq13.key.proof 
333402     DEBUG main            d.u.i.k.p.i.IntermediateProofReplayer Proof replay took 21.59ms 
333403     DEBUG main            d.u.i.k.p.r.p.TestFile    ... success: reloaded. 
333404     INFO  main            d.u.i.k.p.r.p.TestFile    Now processing file /home/runner/work/key/key/key.core/../key.ui/examples/standard_key/inEqSimp/quadraticInEq14.key 
333404     INFO  main            d.u.i.k.p.i.AbstractProblemLoader Loading environment from /home/runner/work/key/key/key.core/../key.ui/examples/standard_key/inEqSimp/quadraticInEq14.key 
333404     DEBUG main            d.u.i.k.p.i.AbstractProblemLoader Environment load took 115.4ns 
333405     INFO  main            d.u.i.k.p.i.AbstractProblemLoader Creating init config 
336306     DEBUG main            d.u.i.k.p.i.AbstractProblemLoader Init config took 2.9s 
336320     INFO  main            d.u.i.k.p.i.AbstractProblemLoader Replaying proof quadraticInEq14.key 
336321     DEBUG main            d.u.i.k.p.i.IntermediateProofReplayer Proof replay took 2.7ns 
336624     INFO  main            d.u.i.k.p.r.p.TestFile    ... finished proof: closed. 
337042     INFO  main            d.u.i.k.p.i.AbstractProblemLoader Loading environment from /home/runner/work/key/key/key.core/../key.ui/examples/standard_key/inEqSimp/quadraticInEq14.key.proof 
337042     DEBUG main            d.u.i.k.p.i.AbstractProblemLoader Environment load took 136.5ns 
337046     INFO  main            d.u.i.k.p.i.AbstractProblemLoader Creating init config 
340008     DEBUG main            d.u.i.k.p.i.AbstractProblemLoader Init config took 2.96s 
340022     INFO  main            d.u.i.k.p.i.AbstractProblemLoader Replaying proof quadraticInEq14.key.proof 
340066     DEBUG main            d.u.i.k.p.i.IntermediateProofReplayer Proof replay took 40.85ms 
340067     DEBUG main            d.u.i.k.p.r.p.TestFile    ... success: reloaded. 
340073     INFO  main            d.u.i.k.p.r.p.TestFile    Now processing file /home/runner/work/key/key/key.core/../key.ui/examples/standard_key/inEqSimp/quadraticInEq2.key 
340076     INFO  main            d.u.i.k.p.i.AbstractProblemLoader Loading environment from /home/runner/work/key/key/key.core/../key.ui/examples/standard_key/inEqSimp/quadraticInEq2.key 
340076     DEBUG main            d.u.i.k.p.i.AbstractProblemLoader Environment load took 122.6ns 
340077     INFO  main            d.u.i.k.p.i.AbstractProblemLoader Creating init config 
343051     DEBUG main            d.u.i.k.p.i.AbstractProblemLoader Init config took 2.97s 
343065     INFO  main            d.u.i.k.p.i.AbstractProblemLoader Replaying proof quadraticInEq2.key 
343067     DEBUG main            d.u.i.k.p.i.IntermediateProofReplayer Proof replay took 3.3ns 
343170     INFO  main            d.u.i.k.p.r.p.TestFile    ... finished proof: closed. 
343582     INFO  main            d.u.i.k.p.i.AbstractProblemLoader Loading environment from /home/runner/work/key/key/key.core/../key.ui/examples/standard_key/inEqSimp/quadraticInEq2.key.proof 
343582     DEBUG main            d.u.i.k.p.i.AbstractProblemLoader Environment load took 89.7ns 
343583     INFO  main            d.u.i.k.p.i.AbstractProblemLoader Creating init config 
346429     DEBUG main            d.u.i.k.p.i.AbstractProblemLoader Init config took 2.85s 
346453     INFO  main            d.u.i.k.p.i.AbstractProblemLoader Replaying proof quadraticInEq2.key.proof 
346458     DEBUG main            d.u.i.k.p.i.IntermediateProofReplayer Proof replay took 2.78ms 
346459     DEBUG main            d.u.i.k.p.r.p.TestFile    ... success: reloaded. 
346459     INFO  main            d.u.i.k.p.r.p.TestFile    Now processing file /home/runner/work/key/key/key.core/../key.ui/examples/standard_key/inEqSimp/quadraticInEq3.key 
346460     INFO  main            d.u.i.k.p.i.AbstractProblemLoader Loading environment from /home/runner/work/key/key/key.core/../key.ui/examples/standard_key/inEqSimp/quadraticInEq3.key 
346460     DEBUG main            d.u.i.k.p.i.AbstractProblemLoader Environment load took 60.5ns 
346461     INFO  main            d.u.i.k.p.i.AbstractProblemLoader Creating init config 
349384     DEBUG main            d.u.i.k.p.i.AbstractProblemLoader Init config took 2.92s 
349401     INFO  main            d.u.i.k.p.i.AbstractProblemLoader Replaying proof quadraticInEq3.key 
349404     DEBUG main            d.u.i.k.p.i.IntermediateProofReplayer Proof replay took 3.6ns 
349506     INFO  main            d.u.i.k.p.r.p.TestFile    ... finished proof: closed. 
349940     INFO  main            d.u.i.k.p.i.AbstractProblemLoader Loading environment from /home/runner/work/key/key/key.core/../key.ui/examples/standard_key/inEqSimp/quadraticInEq3.key.proof 
349941     DEBUG main            d.u.i.k.p.i.AbstractProblemLoader Environment load took 88ns 
349942     INFO  main            d.u.i.k.p.i.AbstractProblemLoader Creating init config 
352827     DEBUG main            d.u.i.k.p.i.AbstractProblemLoader Init config took 2.89s 
352856     INFO  main            d.u.i.k.p.i.AbstractProblemLoader Replaying proof quadraticInEq3.key.proof 
352865     DEBUG main            d.u.i.k.p.i.IntermediateProofReplayer Proof replay took 6.82ms 
352866     DEBUG main            d.u.i.k.p.r.p.TestFile    ... success: reloaded. 
352867     INFO  main            d.u.i.k.p.r.p.TestFile    Now processing file /home/runner/work/key/key/key.core/../key.ui/examples/standard_key/inEqSimp/quadraticInEq4.key 
352867     INFO  main            d.u.i.k.p.i.AbstractProblemLoader Loading environment from /home/runner/work/key/key/key.core/../key.ui/examples/standard_key/inEqSimp/quadraticInEq4.key 
352867     DEBUG main            d.u.i.k.p.i.AbstractProblemLoader Environment load took 102ns 
352868     INFO  main            d.u.i.k.p.i.AbstractProblemLoader Creating init config 
355751     DEBUG main            d.u.i.k.p.i.AbstractProblemLoader Init config took 2.88s 
355764     INFO  main            d.u.i.k.p.i.AbstractProblemLoader Replaying proof quadraticInEq4.key 
355766     DEBUG main            d.u.i.k.p.i.IntermediateProofReplayer Proof replay took 3.1ns 
355869     INFO  main            d.u.i.k.p.r.p.TestFile    ... finished proof: closed. 
356282     INFO  main            d.u.i.k.p.i.AbstractProblemLoader Loading environment from /home/runner/work/key/key/key.core/../key.ui/examples/standard_key/inEqSimp/quadraticInEq4.key.proof 
356282     DEBUG main            d.u.i.k.p.i.AbstractProblemLoader Environment load took 102.7ns 
356283     INFO  main            d.u.i.k.p.i.AbstractProblemLoader Creating init config 
359172     DEBUG main            d.u.i.k.p.i.AbstractProblemLoader Init config took 2.89s 
359186     INFO  main            d.u.i.k.p.i.AbstractProblemLoader Replaying proof quadraticInEq4.key.proof 
359196     DEBUG main            d.u.i.k.p.i.IntermediateProofReplayer Proof replay took 5.7ms 
359197     DEBUG main            d.u.i.k.p.r.p.TestFile    ... success: reloaded. 
359198     INFO  main            d.u.i.k.p.r.p.TestFile    Now processing file /home/runner/work/key/key/key.core/../key.ui/examples/standard_key/inEqSimp/quadraticInEq5.key 
359199     INFO  main            d.u.i.k.p.i.AbstractProblemLoader Loading environment from /home/runner/work/key/key/key.core/../key.ui/examples/standard_key/inEqSimp/quadraticInEq5.key 
359199     DEBUG main            d.u.i.k.p.i.AbstractProblemLoader Environment load took 248.9ns 
359200     INFO  main            d.u.i.k.p.i.AbstractProblemLoader Creating init config 
362020     DEBUG main            d.u.i.k.p.i.AbstractProblemLoader Init config took 2.82s 
362042     INFO  main            d.u.i.k.p.i.AbstractProblemLoader Replaying proof quadraticInEq5.key 
362044     DEBUG main            d.u.i.k.p.i.IntermediateProofReplayer Proof replay took 3.3ns 
362147     INFO  main            d.u.i.k.p.r.p.TestFile    ... finished proof: closed. 
362551     INFO  main            d.u.i.k.p.i.AbstractProblemLoader Loading environment from /home/runner/work/key/key/key.core/../key.ui/examples/standard_key/inEqSimp/quadraticInEq5.key.proof 
362551     DEBUG main            d.u.i.k.p.i.AbstractProblemLoader Environment load took 99.3ns 
362552     INFO  main            d.u.i.k.p.i.AbstractProblemLoader Creating init config 
365398     DEBUG main            d.u.i.k.p.i.AbstractProblemLoader Init config took 2.85s 
365412     INFO  main            d.u.i.k.p.i.AbstractProblemLoader Replaying proof quadraticInEq5.key.proof 
365420     DEBUG main            d.u.i.k.p.i.IntermediateProofReplayer Proof replay took 5.74ms 
365421     DEBUG main            d.u.i.k.p.r.p.TestFile    ... success: reloaded. 
365421     INFO  main            d.u.i.k.p.r.p.TestFile    Now processing file /home/runner/work/key/key/key.core/../key.ui/examples/standard_key/inEqSimp/quadraticInEq6.key 
365422     INFO  main            d.u.i.k.p.i.AbstractProblemLoader Loading environment from /home/runner/work/key/key/key.core/../key.ui/examples/standard_key/inEqSimp/quadraticInEq6.key 
365422     DEBUG main            d.u.i.k.p.i.AbstractProblemLoader Environment load took 123.5ns 
365423     INFO  main            d.u.i.k.p.i.AbstractProblemLoader Creating init config 
368304     DEBUG main            d.u.i.k.p.i.AbstractProblemLoader Init config took 2.88s 
368319     INFO  main            d.u.i.k.p.i.AbstractProblemLoader Replaying proof quadraticInEq6.key 
368321     DEBUG main            d.u.i.k.p.i.IntermediateProofReplayer Proof replay took 3ns 
368423     INFO  main            d.u.i.k.p.r.p.TestFile    ... finished proof: closed. 
368853     INFO  main            d.u.i.k.p.i.AbstractProblemLoader Loading environment from /home/runner/work/key/key/key.core/../key.ui/examples/standard_key/inEqSimp/quadraticInEq6.key.proof 
368853     DEBUG main            d.u.i.k.p.i.AbstractProblemLoader Environment load took 91.2ns 
368854     INFO  main            d.u.i.k.p.i.AbstractProblemLoader Creating init config 
371663     DEBUG main            d.u.i.k.p.i.AbstractProblemLoader Init config took 2.81s 
371679     INFO  main            d.u.i.k.p.i.AbstractProblemLoader Replaying proof quadraticInEq6.key.proof 
371686     DEBUG main            d.u.i.k.p.i.IntermediateProofReplayer Proof replay took 5.16ms 
371686     DEBUG main            d.u.i.k.p.r.p.TestFile    ... success: reloaded. 
371687     INFO  main            d.u.i.k.p.r.p.TestFile    Now processing file /home/runner/work/key/key/key.core/../key.ui/examples/standard_key/inEqSimp/quadraticInEq7.key 
371687     INFO  main            d.u.i.k.p.i.AbstractProblemLoader Loading environment from /home/runner/work/key/key/key.core/../key.ui/examples/standard_key/inEqSimp/quadraticInEq7.key 
371687     DEBUG main            d.u.i.k.p.i.AbstractProblemLoader Environment load took 60.4ns 
371688     INFO  main            d.u.i.k.p.i.AbstractProblemLoader Creating init config 
374638     DEBUG main            d.u.i.k.p.i.AbstractProblemLoader Init config took 2.95s 
374652     INFO  main            d.u.i.k.p.i.AbstractProblemLoader Replaying proof quadraticInEq7.key 
374653     DEBUG main            d.u.i.k.p.i.IntermediateProofReplayer Proof replay took 3.1ns 
374755     INFO  main            d.u.i.k.p.r.p.TestFile    ... finished proof: closed. 
375176     INFO  main            d.u.i.k.p.i.AbstractProblemLoader Loading environment from /home/runner/work/key/key/key.core/../key.ui/examples/standard_key/inEqSimp/quadraticInEq7.key.proof 
375176     DEBUG main            d.u.i.k.p.i.AbstractProblemLoader Environment load took 112.7ns 
375177     INFO  main            d.u.i.k.p.i.AbstractProblemLoader Creating init config 
377982     DEBUG main            d.u.i.k.p.i.AbstractProblemLoader Init config took 2.8s 
377996     INFO  main            d.u.i.k.p.i.AbstractProblemLoader Replaying proof quadraticInEq7.key.proof 
378000     DEBUG main            d.u.i.k.p.i.IntermediateProofReplayer Proof replay took 2.77ms 
378001     DEBUG main            d.u.i.k.p.r.p.TestFile    ... success: reloaded. 
378002     INFO  main            d.u.i.k.p.r.p.TestFile    Now processing file /home/runner/work/key/key/key.core/../key.ui/examples/standard_key/inEqSimp/quadraticInEq8.key 
378002     INFO  main            d.u.i.k.p.i.AbstractProblemLoader Loading environment from /home/runner/work/key/key/key.core/../key.ui/examples/standard_key/inEqSimp/quadraticInEq8.key 
378002     DEBUG main            d.u.i.k.p.i.AbstractProblemLoader Environment load took 90.1ns 
378003     INFO  main            d.u.i.k.p.i.AbstractProblemLoader Creating init config 
380865     DEBUG main            d.u.i.k.p.i.AbstractProblemLoader Init config took 2.86s 
380879     INFO  main            d.u.i.k.p.i.AbstractProblemLoader Replaying proof quadraticInEq8.key 
380881     DEBUG main            d.u.i.k.p.i.IntermediateProofReplayer Proof replay took 3.1ns 
380983     INFO  main            d.u.i.k.p.r.p.TestFile    ... finished proof: closed. 
381424     INFO  main            d.u.i.k.p.i.AbstractProblemLoader Loading environment from /home/runner/work/key/key/key.core/../key.ui/examples/standard_key/inEqSimp/quadraticInEq8.key.proof 
381424     DEBUG main            d.u.i.k.p.i.AbstractProblemLoader Environment load took 95ns 
381425     INFO  main            d.u.i.k.p.i.AbstractProblemLoader Creating init config 
384102     DEBUG main            d.u.i.k.p.i.AbstractProblemLoader Init config took 2.68s 
384116     INFO  main            d.u.i.k.p.i.AbstractProblemLoader Replaying proof quadraticInEq8.key.proof 
384128     DEBUG main            d.u.i.k.p.i.IntermediateProofReplayer Proof replay took 9.29ms 
384129     DEBUG main            d.u.i.k.p.r.p.TestFile    ... success: reloaded. 
384129     INFO  main            d.u.i.k.p.r.p.TestFile    Now processing file /home/runner/work/key/key/key.core/../key.ui/examples/standard_key/inEqSimp/simplify0.key 
384130     INFO  main            d.u.i.k.p.i.AbstractProblemLoader Loading environment from /home/runner/work/key/key/key.core/../key.ui/examples/standard_key/inEqSimp/simplify0.key 
384130     DEBUG main            d.u.i.k.p.i.AbstractProblemLoader Environment load took 103.9ns 
384131     INFO  main            d.u.i.k.p.i.AbstractProblemLoader Creating init config 
386793     DEBUG main            d.u.i.k.p.i.AbstractProblemLoader Init config took 2.66s 
386807     INFO  main            d.u.i.k.p.i.AbstractProblemLoader Replaying proof simplify0.key 
386809     DEBUG main            d.u.i.k.p.i.IntermediateProofReplayer Proof replay took 2.8ns 
386911     INFO  main            d.u.i.k.p.r.p.TestFile    ... finished proof: closed. 
387351     INFO  main            d.u.i.k.p.i.AbstractProblemLoader Loading environment from /home/runner/work/key/key/key.core/../key.ui/examples/standard_key/inEqSimp/simplify0.key.proof 
387351     DEBUG main            d.u.i.k.p.i.AbstractProblemLoader Environment load took 95.3ns 
387352     INFO  main            d.u.i.k.p.i.AbstractProblemLoader Creating init config 
390040     DEBUG main            d.u.i.k.p.i.AbstractProblemLoader Init config took 2.69s 
390055     INFO  main            d.u.i.k.p.i.AbstractProblemLoader Replaying proof simplify0.key.proof 
390059     DEBUG main            d.u.i.k.p.i.IntermediateProofReplayer Proof replay took 2.96ms 
390060     DEBUG main            d.u.i.k.p.r.p.TestFile    ... success: reloaded. 
390061     INFO  main            d.u.i.k.p.r.p.TestFile    Now processing file /home/runner/work/key/key/key.core/../key.ui/examples/standard_key/inEqSimp/simplify1.key 
390061     INFO  main            d.u.i.k.p.i.AbstractProblemLoader Loading environment from /home/runner/work/key/key/key.core/../key.ui/examples/standard_key/inEqSimp/simplify1.key 
390061     DEBUG main            d.u.i.k.p.i.AbstractProblemLoader Environment load took 60.1ns 
390063     INFO  main            d.u.i.k.p.i.AbstractProblemLoader Creating init config 
392772     DEBUG main            d.u.i.k.p.i.AbstractProblemLoader Init config took 2.71s 
392784     INFO  main            d.u.i.k.p.i.AbstractProblemLoader Replaying proof simplify1.key 
392785     DEBUG main            d.u.i.k.p.i.IntermediateProofReplayer Proof replay took 2.6ns 
392887     INFO  main            d.u.i.k.p.r.p.TestFile    ... finished proof: closed. 
393333     INFO  main            d.u.i.k.p.i.AbstractProblemLoader Loading environment from /home/runner/work/key/key/key.core/../key.ui/examples/standard_key/inEqSimp/simplify1.key.proof 
393333     DEBUG main            d.u.i.k.p.i.AbstractProblemLoader Environment load took 93.7ns 
393334     INFO  main            d.u.i.k.p.i.AbstractProblemLoader Creating init config 
396015     DEBUG main            d.u.i.k.p.i.AbstractProblemLoader Init config took 2.68s 
396031     INFO  main            d.u.i.k.p.i.AbstractProblemLoader Replaying proof simplify1.key.proof 
396034     DEBUG main            d.u.i.k.p.i.IntermediateProofReplayer Proof replay took 1.33ms 
396034     DEBUG main            d.u.i.k.p.r.p.TestFile    ... success: reloaded. 
396035     INFO  main            d.u.i.k.p.r.p.TestFile    Now processing file /home/runner/work/key/key/key.core/../key.ui/examples/standard_key/inEqSimp/simplify2.key 
396035     INFO  main            d.u.i.k.p.i.AbstractProblemLoader Loading environment from /home/runner/work/key/key/key.core/../key.ui/examples/standard_key/inEqSimp/simplify2.key 
396035     DEBUG main            d.u.i.k.p.i.AbstractProblemLoader Environment load took 60.1ns 
396036     INFO  main            d.u.i.k.p.i.AbstractProblemLoader Creating init config 
398737     DEBUG main            d.u.i.k.p.i.AbstractProblemLoader Init config took 2.7s 
398750     INFO  main            d.u.i.k.p.i.AbstractProblemLoader Replaying proof simplify2.key 
398752     DEBUG main            d.u.i.k.p.i.IntermediateProofReplayer Proof replay took 2.7ns 
398856     INFO  main            d.u.i.k.p.r.p.TestFile    ... finished proof: closed. 
399299     INFO  main            d.u.i.k.p.i.AbstractProblemLoader Loading environment from /home/runner/work/key/key/key.core/../key.ui/examples/standard_key/inEqSimp/simplify2.key.proof 
399299     DEBUG main            d.u.i.k.p.i.AbstractProblemLoader Environment load took 100ns 
399300     INFO  main            d.u.i.k.p.i.AbstractProblemLoader Creating init config 
402012     DEBUG main            d.u.i.k.p.i.AbstractProblemLoader Init config took 2.71s 
402026     INFO  main            d.u.i.k.p.i.AbstractProblemLoader Replaying proof simplify2.key.proof 
402041     DEBUG main            d.u.i.k.p.i.IntermediateProofReplayer Proof replay took 13.29ms 
402042     DEBUG main            d.u.i.k.p.r.p.TestFile    ... success: reloaded. 
402042     INFO  main            d.u.i.k.p.r.p.TestFile    Now processing file /home/runner/work/key/key/key.core/../key.ui/examples/standard_key/inEqSimp/simplify3.key 
402043     INFO  main            d.u.i.k.p.i.AbstractProblemLoader Loading environment from /home/runner/work/key/key/key.core/../key.ui/examples/standard_key/inEqSimp/simplify3.key 
402043     DEBUG main            d.u.i.k.p.i.AbstractProblemLoader Environment load took 114.3ns 
402044     INFO  main            d.u.i.k.p.i.AbstractProblemLoader Creating init config 
404836     DEBUG main            d.u.i.k.p.i.AbstractProblemLoader Init config took 2.79s 
404849     INFO  main            d.u.i.k.p.i.AbstractProblemLoader Replaying proof simplify3.key 
404851     DEBUG main            d.u.i.k.p.i.IntermediateProofReplayer Proof replay took 2.9ns 
404952     INFO  main            d.u.i.k.p.r.p.TestFile    ... finished proof: closed. 
405412     INFO  main            d.u.i.k.p.i.AbstractProblemLoader Loading environment from /home/runner/work/key/key/key.core/../key.ui/examples/standard_key/inEqSimp/simplify3.key.proof 
405412     DEBUG main            d.u.i.k.p.i.AbstractProblemLoader Environment load took 91.4ns 
405413     INFO  main            d.u.i.k.p.i.AbstractProblemLoader Creating init config 
408177     DEBUG main            d.u.i.k.p.i.AbstractProblemLoader Init config took 2.76s 
408193     INFO  main            d.u.i.k.p.i.AbstractProblemLoader Replaying proof simplify3.key.proof 
408196     DEBUG main            d.u.i.k.p.i.IntermediateProofReplayer Proof replay took 2.11ms 
408197     DEBUG main            d.u.i.k.p.r.p.TestFile    ... success: reloaded. 
408197     INFO  main            d.u.i.k.p.r.p.TestFile    Now processing file /home/runner/work/key/key/key.core/../key.ui/examples/standard_key/inEqSimp/simplify4.key 
408198     INFO  main            d.u.i.k.p.i.AbstractProblemLoader Loading environment from /home/runner/work/key/key/key.core/../key.ui/examples/standard_key/inEqSimp/simplify4.key 
408198     DEBUG main            d.u.i.k.p.i.AbstractProblemLoader Environment load took 107.5ns 
408199     INFO  main            d.u.i.k.p.i.AbstractProblemLoader Creating init config 
410998     DEBUG main            d.u.i.k.p.i.AbstractProblemLoader Init config took 2.8s 
411012     INFO  main            d.u.i.k.p.i.AbstractProblemLoader Replaying proof simplify4.key 
411015     DEBUG main            d.u.i.k.p.i.IntermediateProofReplayer Proof replay took 3.1ns 
411117     INFO  main            d.u.i.k.p.r.p.TestFile    ... finished proof: closed. 
411604     INFO  main            d.u.i.k.p.i.AbstractProblemLoader Loading environment from /home/runner/work/key/key/key.core/../key.ui/examples/standard_key/inEqSimp/simplify4.key.proof 
411604     DEBUG main            d.u.i.k.p.i.AbstractProblemLoader Environment load took 88.5ns 
411606     INFO  main            d.u.i.k.p.i.AbstractProblemLoader Creating init config 
414274     DEBUG main            d.u.i.k.p.i.AbstractProblemLoader Init config took 2.67s 
414289     INFO  main            d.u.i.k.p.i.AbstractProblemLoader Replaying proof simplify4.key.proof 
414308     DEBUG main            d.u.i.k.p.i.IntermediateProofReplayer Proof replay took 16.87ms 
414309     DEBUG main            d.u.i.k.p.r.p.TestFile    ... success: reloaded. 
414310     INFO  main            d.u.i.k.p.r.p.TestFile    Now processing file /home/runner/work/key/key/key.core/../key.ui/examples/standard_key/inEqSimp/simplify5.key 
414310     INFO  main            d.u.i.k.p.i.AbstractProblemLoader Loading environment from /home/runner/work/key/key/key.core/../key.ui/examples/standard_key/inEqSimp/simplify5.key 
414310     DEBUG main            d.u.i.k.p.i.AbstractProblemLoader Environment load took 123.8ns 
414311     INFO  main            d.u.i.k.p.i.AbstractProblemLoader Creating init config 
417139     DEBUG main            d.u.i.k.p.i.AbstractProblemLoader Init config took 2.83s 
417153     INFO  main            d.u.i.k.p.i.AbstractProblemLoader Replaying proof simplify5.key 
417155     DEBUG main            d.u.i.k.p.i.IntermediateProofReplayer Proof replay took 3.1ns 
417860     INFO  main            d.u.i.k.p.r.p.TestFile    ... finished proof: closed. 
418386     INFO  main            d.u.i.k.p.i.AbstractProblemLoader Loading environment from /home/runner/work/key/key/key.core/../key.ui/examples/standard_key/inEqSimp/simplify5.key.proof 
418387     DEBUG main            d.u.i.k.p.i.AbstractProblemLoader Environment load took 97.2ns 
418388     INFO  main            d.u.i.k.p.i.AbstractProblemLoader Creating init config 
421081     DEBUG main            d.u.i.k.p.i.AbstractProblemLoader Init config took 2.69s 
421094     INFO  main            d.u.i.k.p.i.AbstractProblemLoader Replaying proof simplify5.key.proof 
421162     DEBUG main            d.u.i.k.p.i.IntermediateProofReplayer Proof replay took 61.54ms 
421163     DEBUG main            d.u.i.k.p.r.p.TestFile    ... success: reloaded. 
421164     INFO  main            d.u.i.k.p.r.p.TestFile    Now processing file /home/runner/work/key/key/key.core/../key.ui/examples/standard_key/inEqSimp/subsumptionExample.key 
421164     INFO  main            d.u.i.k.p.i.AbstractProblemLoader Loading environment from /home/runner/work/key/key/key.core/../key.ui/examples/standard_key/inEqSimp/subsumptionExample.key 
421164     DEBUG main            d.u.i.k.p.i.AbstractProblemLoader Environment load took 84.8ns 
421165     INFO  main            d.u.i.k.p.i.AbstractProblemLoader Creating init config 
423875     DEBUG main            d.u.i.k.p.i.AbstractProblemLoader Init config took 2.71s 
423889     INFO  main            d.u.i.k.p.i.AbstractProblemLoader Replaying proof subsumptionExample.key 
423894     DEBUG main            d.u.i.k.p.i.IntermediateProofReplayer Proof replay took 2.8ns 
423995     INFO  main            d.u.i.k.p.r.p.TestFile    ... finished proof: closed. 
424506     INFO  main            d.u.i.k.p.i.AbstractProblemLoader Loading environment from /home/runner/work/key/key/key.core/../key.ui/examples/standard_key/inEqSimp/subsumptionExample.key.proof 
424506     DEBUG main            d.u.i.k.p.i.AbstractProblemLoader Environment load took 75ns 
424507     INFO  main            d.u.i.k.p.i.AbstractProblemLoader Creating init config 
427284     DEBUG main            d.u.i.k.p.i.AbstractProblemLoader Init config took 2.78s 
427297     INFO  main            d.u.i.k.p.i.AbstractProblemLoader Replaying proof subsumptionExample.key.proof 
427300     DEBUG main            d.u.i.k.p.i.IntermediateProofReplayer Proof replay took 1.23ms 
427301     DEBUG main            d.u.i.k.p.r.p.TestFile    ... success: reloaded. 
427301     INFO  main            d.u.i.k.p.r.p.TestFile    Now processing file /home/runner/work/key/key/key.core/../key.ui/examples/standard_key/polySimp/simplify0.key 
427301     INFO  main            d.u.i.k.p.i.AbstractProblemLoader Loading environment from /home/runner/work/key/key/key.core/../key.ui/examples/standard_key/polySimp/simplify0.key 
427301     DEBUG main            d.u.i.k.p.i.AbstractProblemLoader Environment load took 51ns 
427303     INFO  main            d.u.i.k.p.i.AbstractProblemLoader Creating init config 
430050     DEBUG main            d.u.i.k.p.i.AbstractProblemLoader Init config took 2.75s 
430065     INFO  main            d.u.i.k.p.i.AbstractProblemLoader Replaying proof simplify0.key 
430066     DEBUG main            d.u.i.k.p.i.IntermediateProofReplayer Proof replay took 2.9ns 
430272     INFO  main            d.u.i.k.p.r.p.TestFile    ... finished proof: closed. 
430775     INFO  main            d.u.i.k.p.i.AbstractProblemLoader Loading environment from /home/runner/work/key/key/key.core/../key.ui/examples/standard_key/polySimp/simplify0.key.proof 
430775     DEBUG main            d.u.i.k.p.i.AbstractProblemLoader Environment load took 77.9ns 
430776     INFO  main            d.u.i.k.p.i.AbstractProblemLoader Creating init config 
433534     DEBUG main            d.u.i.k.p.i.AbstractProblemLoader Init config took 2.76s 
433548     INFO  main            d.u.i.k.p.i.AbstractProblemLoader Replaying proof simplify0.key.proof 
433567     DEBUG main            d.u.i.k.p.i.IntermediateProofReplayer Proof replay took 17.71ms 
433569     DEBUG main            d.u.i.k.p.r.p.TestFile    ... success: reloaded. 
433569     INFO  main            d.u.i.k.p.r.p.TestFile    Now processing file /home/runner/work/key/key/key.core/../key.ui/examples/standard_key/polySimp/simplify1.key 
433569     INFO  main            d.u.i.k.p.i.AbstractProblemLoader Loading environment from /home/runner/work/key/key/key.core/../key.ui/examples/standard_key/polySimp/simplify1.key 
433569     DEBUG main            d.u.i.k.p.i.AbstractProblemLoader Environment load took 101.6ns 
433570     INFO  main            d.u.i.k.p.i.AbstractProblemLoader Creating init config 
436306     DEBUG main            d.u.i.k.p.i.AbstractProblemLoader Init config took 2.74s 
436322     INFO  main            d.u.i.k.p.i.AbstractProblemLoader Replaying proof simplify1.key 
436325     DEBUG main            d.u.i.k.p.i.IntermediateProofReplayer Proof replay took 2.9ns 
436727     INFO  main            d.u.i.k.p.r.p.TestFile    ... finished proof: closed. 
437233     INFO  main            d.u.i.k.p.i.AbstractProblemLoader Loading environment from /home/runner/work/key/key/key.core/../key.ui/examples/standard_key/polySimp/simplify1.key.proof 
437233     DEBUG main            d.u.i.k.p.i.AbstractProblemLoader Environment load took 76.4ns 
437235     INFO  main            d.u.i.k.p.i.AbstractProblemLoader Creating init config 
439929     DEBUG main            d.u.i.k.p.i.AbstractProblemLoader Init config took 2.69s 
439945     INFO  main            d.u.i.k.p.i.AbstractProblemLoader Replaying proof simplify1.key.proof 
439987     DEBUG main            d.u.i.k.p.i.IntermediateProofReplayer Proof replay took 39.61ms 
439988     DEBUG main            d.u.i.k.p.r.p.TestFile    ... success: reloaded. 
439989     INFO  main            d.u.i.k.p.r.p.TestFile    Now processing file /home/runner/work/key/key/key.core/../key.ui/examples/standard_key/polySimp/simplify10.key 
439989     INFO  main            d.u.i.k.p.i.AbstractProblemLoader Loading environment from /home/runner/work/key/key/key.core/../key.ui/examples/standard_key/polySimp/simplify10.key 
439989     DEBUG main            d.u.i.k.p.i.AbstractProblemLoader Environment load took 52.7ns 
439991     INFO  main            d.u.i.k.p.i.AbstractProblemLoader Creating init config 
442850     DEBUG main            d.u.i.k.p.i.AbstractProblemLoader Init config took 2.86s 
442865     INFO  main            d.u.i.k.p.i.AbstractProblemLoader Replaying proof simplify10.key 
442866     DEBUG main            d.u.i.k.p.i.IntermediateProofReplayer Proof replay took 3.1ns 
443170     INFO  main            d.u.i.k.p.r.p.TestFile    ... finished proof: closed. 
443688     INFO  main            d.u.i.k.p.i.AbstractProblemLoader Loading environment from /home/runner/work/key/key/key.core/../key.ui/examples/standard_key/polySimp/simplify10.key.proof 
443688     DEBUG main            d.u.i.k.p.i.AbstractProblemLoader Environment load took 75.1ns 
443689     INFO  main            d.u.i.k.p.i.AbstractProblemLoader Creating init config 
446465     DEBUG main            d.u.i.k.p.i.AbstractProblemLoader Init config took 2.78s 
446481     INFO  main            d.u.i.k.p.i.AbstractProblemLoader Replaying proof simplify10.key.proof 
446519     DEBUG main            d.u.i.k.p.i.IntermediateProofReplayer Proof replay took 35.48ms 
446520     DEBUG main            d.u.i.k.p.r.p.TestFile    ... success: reloaded. 
446521     INFO  main            d.u.i.k.p.r.p.TestFile    Now processing file /home/runner/work/key/key/key.core/../key.ui/examples/standard_key/polySimp/simplify11.key 
446521     INFO  main            d.u.i.k.p.i.AbstractProblemLoader Loading environment from /home/runner/work/key/key/key.core/../key.ui/examples/standard_key/polySimp/simplify11.key 
446521     DEBUG main            d.u.i.k.p.i.AbstractProblemLoader Environment load took 69.1ns 
446523     INFO  main            d.u.i.k.p.i.AbstractProblemLoader Creating init config 
449252     DEBUG main            d.u.i.k.p.i.AbstractProblemLoader Init config took 2.73s 
449266     INFO  main            d.u.i.k.p.i.AbstractProblemLoader Replaying proof simplify11.key 
449267     DEBUG main            d.u.i.k.p.i.IntermediateProofReplayer Proof replay took 2.9ns 
449571     INFO  main            d.u.i.k.p.r.p.TestFile    ... finished proof: closed. 
450087     INFO  main            d.u.i.k.p.i.AbstractProblemLoader Loading environment from /home/runner/work/key/key/key.core/../key.ui/examples/standard_key/polySimp/simplify11.key.proof 
450087     DEBUG main            d.u.i.k.p.i.AbstractProblemLoader Environment load took 75.8ns 
450088     INFO  main            d.u.i.k.p.i.AbstractProblemLoader Creating init config 
452838     DEBUG main            d.u.i.k.p.i.AbstractProblemLoader Init config took 2.75s 
452859     INFO  main            d.u.i.k.p.i.AbstractProblemLoader Replaying proof simplify11.key.proof 
452885     DEBUG main            d.u.i.k.p.i.IntermediateProofReplayer Proof replay took 24.06ms 
452887     DEBUG main            d.u.i.k.p.r.p.TestFile    ... success: reloaded. 
452887     INFO  main            d.u.i.k.p.r.p.TestFile    Now processing file /home/runner/work/key/key/key.core/../key.ui/examples/standard_key/polySimp/simplify12.key 
452888     INFO  main            d.u.i.k.p.i.AbstractProblemLoader Loading environment from /home/runner/work/key/key/key.core/../key.ui/examples/standard_key/polySimp/simplify12.key 
452888     DEBUG main            d.u.i.k.p.i.AbstractProblemLoader Environment load took 80.2ns 
452889     INFO  main            d.u.i.k.p.i.AbstractProblemLoader Creating init config 
455671     DEBUG main            d.u.i.k.p.i.AbstractProblemLoader Init config took 2.78s 
455685     INFO  main            d.u.i.k.p.i.AbstractProblemLoader Replaying proof simplify12.key 
455686     DEBUG main            d.u.i.k.p.i.IntermediateProofReplayer Proof replay took 2.5ns 
455788     INFO  main            d.u.i.k.p.r.p.TestFile    ... finished proof: closed. 
456301     INFO  main            d.u.i.k.p.i.AbstractProblemLoader Loading environment from /home/runner/work/key/key/key.core/../key.ui/examples/standard_key/polySimp/simplify12.key.proof 
456301     DEBUG main            d.u.i.k.p.i.AbstractProblemLoader Environment load took 78.3ns 
456303     INFO  main            d.u.i.k.p.i.AbstractProblemLoader Creating init config 
459033     DEBUG main            d.u.i.k.p.i.AbstractProblemLoader Init config took 2.73s 
459046     INFO  main            d.u.i.k.p.i.AbstractProblemLoader Replaying proof simplify12.key.proof 
459058     DEBUG main            d.u.i.k.p.i.IntermediateProofReplayer Proof replay took 10.87ms 
459059     DEBUG main            d.u.i.k.p.r.p.TestFile    ... success: reloaded. 
459059     INFO  main            d.u.i.k.p.r.p.TestFile    Now processing file /home/runner/work/key/key/key.core/../key.ui/examples/standard_key/polySimp/simplify13.key 
459060     INFO  main            d.u.i.k.p.i.AbstractProblemLoader Loading environment from /home/runner/work/key/key/key.core/../key.ui/examples/standard_key/polySimp/simplify13.key 
459060     DEBUG main            d.u.i.k.p.i.AbstractProblemLoader Environment load took 53.9ns 
459061     INFO  main            d.u.i.k.p.i.AbstractProblemLoader Creating init config 
461815     DEBUG main            d.u.i.k.p.i.AbstractProblemLoader Init config took 2.75s 
461829     INFO  main            d.u.i.k.p.i.AbstractProblemLoader Replaying proof simplify13.key 
461830     DEBUG main            d.u.i.k.p.i.IntermediateProofReplayer Proof replay took 2.8ns 
461932     INFO  main            d.u.i.k.p.r.p.TestFile    ... finished proof: closed. 
462447     INFO  main            d.u.i.k.p.i.AbstractProblemLoader Loading environment from /home/runner/work/key/key/key.core/../key.ui/examples/standard_key/polySimp/simplify13.key.proof 
462447     DEBUG main            d.u.i.k.p.i.AbstractProblemLoader Environment load took 78.3ns 
462448     INFO  main            d.u.i.k.p.i.AbstractProblemLoader Creating init config 
465101     DEBUG main            d.u.i.k.p.i.AbstractProblemLoader Init config took 2.65s 
465116     INFO  main            d.u.i.k.p.i.AbstractProblemLoader Replaying proof simplify13.key.proof 
465124     DEBUG main            d.u.i.k.p.i.IntermediateProofReplayer Proof replay took 6.57ms 
465125     DEBUG main            d.u.i.k.p.r.p.TestFile    ... success: reloaded. 
465125     INFO  main            d.u.i.k.p.r.p.TestFile    Now processing file /home/runner/work/key/key/key.core/../key.ui/examples/standard_key/polySimp/simplify14.key 
465125     INFO  main            d.u.i.k.p.i.AbstractProblemLoader Loading environment from /home/runner/work/key/key/key.core/../key.ui/examples/standard_key/polySimp/simplify14.key 
465125     DEBUG main            d.u.i.k.p.i.AbstractProblemLoader Environment load took 53.7ns 
465126     INFO  main            d.u.i.k.p.i.AbstractProblemLoader Creating init config 
467812     DEBUG main            d.u.i.k.p.i.AbstractProblemLoader Init config took 2.69s 
467826     INFO  main            d.u.i.k.p.i.AbstractProblemLoader Replaying proof simplify14.key 
467827     DEBUG main            d.u.i.k.p.i.IntermediateProofReplayer Proof replay took 2.8ns 
467928     INFO  main            d.u.i.k.p.r.p.TestFile    ... finished proof: closed. 
468441     INFO  main            d.u.i.k.p.i.AbstractProblemLoader Loading environment from /home/runner/work/key/key/key.core/../key.ui/examples/standard_key/polySimp/simplify14.key.proof 
468441     DEBUG main            d.u.i.k.p.i.AbstractProblemLoader Environment load took 72.7ns 
468443     INFO  main            d.u.i.k.p.i.AbstractProblemLoader Creating init config 
471075     DEBUG main            d.u.i.k.p.i.AbstractProblemLoader Init config took 2.63s 
471091     INFO  main            d.u.i.k.p.i.AbstractProblemLoader Replaying proof simplify14.key.proof 
471094     DEBUG main            d.u.i.k.p.i.IntermediateProofReplayer Proof replay took 1.77ms 
471095     DEBUG main            d.u.i.k.p.r.p.TestFile    ... success: reloaded. 
471095     INFO  main            d.u.i.k.p.r.p.TestFile    Now processing file /home/runner/work/key/key/key.core/../key.ui/examples/standard_key/polySimp/simplify15.key 
471096     INFO  main            d.u.i.k.p.i.AbstractProblemLoader Loading environment from /home/runner/work/key/key/key.core/../key.ui/examples/standard_key/polySimp/simplify15.key 
471096     DEBUG main            d.u.i.k.p.i.AbstractProblemLoader Environment load took 53.1ns 
471097     INFO  main            d.u.i.k.p.i.AbstractProblemLoader Creating init config 
473831     DEBUG main            d.u.i.k.p.i.AbstractProblemLoader Init config took 2.73s 
473844     INFO  main            d.u.i.k.p.i.AbstractProblemLoader Replaying proof simplify15.key 
473845     DEBUG main            d.u.i.k.p.i.IntermediateProofReplayer Proof replay took 3.1ns 
473947     INFO  main            d.u.i.k.p.r.p.TestFile    ... finished proof: closed. 
474464     INFO  main            d.u.i.k.p.i.AbstractProblemLoader Loading environment from /home/runner/work/key/key/key.core/../key.ui/examples/standard_key/polySimp/simplify15.key.proof 
474465     DEBUG main            d.u.i.k.p.i.AbstractProblemLoader Environment load took 72.9ns 
474466     INFO  main            d.u.i.k.p.i.AbstractProblemLoader Creating init config 
477042     DEBUG main            d.u.i.k.p.i.AbstractProblemLoader Init config took 2.58s 
477056     INFO  main            d.u.i.k.p.i.AbstractProblemLoader Replaying proof simplify15.key.proof 
477058     DEBUG main            d.u.i.k.p.i.IntermediateProofReplayer Proof replay took 681.31ns 
477058     DEBUG main            d.u.i.k.p.r.p.TestFile    ... success: reloaded. 
477059     INFO  main            d.u.i.k.p.r.p.TestFile    Now processing file /home/runner/work/key/key/key.core/../key.ui/examples/standard_key/polySimp/simplify16.key 
477059     INFO  main            d.u.i.k.p.i.AbstractProblemLoader Loading environment from /home/runner/work/key/key/key.core/../key.ui/examples/standard_key/polySimp/simplify16.key 
477059     DEBUG main            d.u.i.k.p.i.AbstractProblemLoader Environment load took 82ns 
477060     INFO  main            d.u.i.k.p.i.AbstractProblemLoader Creating init config 
479765     DEBUG main            d.u.i.k.p.i.AbstractProblemLoader Init config took 2.71s 
479779     INFO  main            d.u.i.k.p.i.AbstractProblemLoader Replaying proof simplify16.key 
479780     DEBUG main            d.u.i.k.p.i.IntermediateProofReplayer Proof replay took 2.9ns 
479881     INFO  main            d.u.i.k.p.r.p.TestFile    ... finished proof: closed. 
480417     INFO  main            d.u.i.k.p.i.AbstractProblemLoader Loading environment from /home/runner/work/key/key/key.core/../key.ui/examples/standard_key/polySimp/simplify16.key.proof 
480417     DEBUG main            d.u.i.k.p.i.AbstractProblemLoader Environment load took 84.2ns 
480418     INFO  main            d.u.i.k.p.i.AbstractProblemLoader Creating init config 
483047     DEBUG main            d.u.i.k.p.i.AbstractProblemLoader Init config took 2.63s 
483060     INFO  main            d.u.i.k.p.i.AbstractProblemLoader Replaying proof simplify16.key.proof 
483062     DEBUG main            d.u.i.k.p.i.IntermediateProofReplayer Proof replay took 488.2ns 
483062     DEBUG main            d.u.i.k.p.r.p.TestFile    ... success: reloaded. 
483063     INFO  main            d.u.i.k.p.r.p.TestFile    Now processing file /home/runner/work/key/key/key.core/../key.ui/examples/standard_key/polySimp/simplify17.key 
483063     INFO  main            d.u.i.k.p.i.AbstractProblemLoader Loading environment from /home/runner/work/key/key/key.core/../key.ui/examples/standard_key/polySimp/simplify17.key 
483063     DEBUG main            d.u.i.k.p.i.AbstractProblemLoader Environment load took 50.9ns 
483064     INFO  main            d.u.i.k.p.i.AbstractProblemLoader Creating init config 
485722     DEBUG main            d.u.i.k.p.i.AbstractProblemLoader Init config took 2.66s 
485735     INFO  main            d.u.i.k.p.i.AbstractProblemLoader Replaying proof simplify17.key 
485736     DEBUG main            d.u.i.k.p.i.IntermediateProofReplayer Proof replay took 2.8ns 
485837     INFO  main            d.u.i.k.p.r.p.TestFile    ... finished proof: closed. 
486379     INFO  main            d.u.i.k.p.i.AbstractProblemLoader Loading environment from /home/runner/work/key/key/key.core/../key.ui/examples/standard_key/polySimp/simplify17.key.proof 
486379     DEBUG main            d.u.i.k.p.i.AbstractProblemLoader Environment load took 74.3ns 
486380     INFO  main            d.u.i.k.p.i.AbstractProblemLoader Creating init config 
488974     DEBUG main            d.u.i.k.p.i.AbstractProblemLoader Init config took 2.59s 
488992     INFO  main            d.u.i.k.p.i.AbstractProblemLoader Replaying proof simplify17.key.proof 
489000     DEBUG main            d.u.i.k.p.i.IntermediateProofReplayer Proof replay took 6.49ms 
489001     DEBUG main            d.u.i.k.p.r.p.TestFile    ... success: reloaded. 
489001     INFO  main            d.u.i.k.p.r.p.TestFile    Now processing file /home/runner/work/key/key/key.core/../key.ui/examples/standard_key/polySimp/simplify18.key 
489002     INFO  main            d.u.i.k.p.i.AbstractProblemLoader Loading environment from /home/runner/work/key/key/key.core/../key.ui/examples/standard_key/polySimp/simplify18.key 
489002     DEBUG main            d.u.i.k.p.i.AbstractProblemLoader Environment load took 48.5ns 
489003     INFO  main            d.u.i.k.p.i.AbstractProblemLoader Creating init config 
491631     DEBUG main            d.u.i.k.p.i.AbstractProblemLoader Init config took 2.63s 
491645     INFO  main            d.u.i.k.p.i.AbstractProblemLoader Replaying proof simplify18.key 
491646     DEBUG main            d.u.i.k.p.i.IntermediateProofReplayer Proof replay took 3.1ns 
491849     INFO  main            d.u.i.k.p.r.p.TestFile    ... finished proof: closed. 
492399     INFO  main            d.u.i.k.p.i.AbstractProblemLoader Loading environment from /home/runner/work/key/key/key.core/../key.ui/examples/standard_key/polySimp/simplify18.key.proof 
492399     DEBUG main            d.u.i.k.p.i.AbstractProblemLoader Environment load took 78.4ns 
492401     INFO  main            d.u.i.k.p.i.AbstractProblemLoader Creating init config 
495021     DEBUG main            d.u.i.k.p.i.AbstractProblemLoader Init config took 2.62s 
495036     INFO  main            d.u.i.k.p.i.AbstractProblemLoader Replaying proof simplify18.key.proof 
495055     DEBUG main            d.u.i.k.p.i.IntermediateProofReplayer Proof replay took 16.97ms 
495055     DEBUG main            d.u.i.k.p.r.p.TestFile    ... success: reloaded. 
495056     INFO  main            d.u.i.k.p.r.p.TestFile    Now processing file /home/runner/work/key/key/key.core/../key.ui/examples/standard_key/polySimp/simplify19.key 
495056     INFO  main            d.u.i.k.p.i.AbstractProblemLoader Loading environment from /home/runner/work/key/key/key.core/../key.ui/examples/standard_key/polySimp/simplify19.key 
495056     DEBUG main            d.u.i.k.p.i.AbstractProblemLoader Environment load took 98.7ns 
495057     INFO  main            d.u.i.k.p.i.AbstractProblemLoader Creating init config 
497672     DEBUG main            d.u.i.k.p.i.AbstractProblemLoader Init config took 2.61s 
497684     INFO  main            d.u.i.k.p.i.AbstractProblemLoader Replaying proof simplify19.key 
497686     DEBUG main            d.u.i.k.p.i.IntermediateProofReplayer Proof replay took 8.4ns 
501204     INFO  main            d.u.i.k.p.r.p.TestFile    ... finished proof: closed. 
501810     INFO  main            d.u.i.k.p.i.AbstractProblemLoader Loading environment from /home/runner/work/key/key/key.core/../key.ui/examples/standard_key/polySimp/simplify19.key.proof 
501811     DEBUG main            d.u.i.k.p.i.AbstractProblemLoader Environment load took 89.4ns 
501812     INFO  main            d.u.i.k.p.i.AbstractProblemLoader Creating init config 
504422     DEBUG main            d.u.i.k.p.i.AbstractProblemLoader Init config took 2.61s 
504435     INFO  main            d.u.i.k.p.i.AbstractProblemLoader Replaying proof simplify19.key.proof 
504737     DEBUG main            d.u.i.k.p.i.IntermediateProofReplayer Proof replay took 290.93ms 
504739     DEBUG main            d.u.i.k.p.r.p.TestFile    ... success: reloaded. 
504739     INFO  main            d.u.i.k.p.r.p.TestFile    Now processing file /home/runner/work/key/key/key.core/../key.ui/examples/standard_key/polySimp/simplify2.key 
504739     INFO  main            d.u.i.k.p.i.AbstractProblemLoader Loading environment from /home/runner/work/key/key/key.core/../key.ui/examples/standard_key/polySimp/simplify2.key 
504739     DEBUG main            d.u.i.k.p.i.AbstractProblemLoader Environment load took 71ns 
504740     INFO  main            d.u.i.k.p.i.AbstractProblemLoader Creating init config 
507426     DEBUG main            d.u.i.k.p.i.AbstractProblemLoader Init config took 2.69s 
507440     INFO  main            d.u.i.k.p.i.AbstractProblemLoader Replaying proof simplify2.key 
507441     DEBUG main            d.u.i.k.p.i.IntermediateProofReplayer Proof replay took 2.7ns 
507547     INFO  main            d.u.i.k.p.r.p.TestFile    ... finished proof: closed. 
508155     INFO  main            d.u.i.k.p.i.AbstractProblemLoader Loading environment from /home/runner/work/key/key/key.core/../key.ui/examples/standard_key/polySimp/simplify2.key.proof 
508155     DEBUG main            d.u.i.k.p.i.AbstractProblemLoader Environment load took 70.9ns 
508156     INFO  main            d.u.i.k.p.i.AbstractProblemLoader Creating init config 
510788     DEBUG main            d.u.i.k.p.i.AbstractProblemLoader Init config took 2.63s 
510801     INFO  main            d.u.i.k.p.i.AbstractProblemLoader Replaying proof simplify2.key.proof 
510803     DEBUG main            d.u.i.k.p.i.IntermediateProofReplayer Proof replay took 921.81ns 
510804     DEBUG main            d.u.i.k.p.r.p.TestFile    ... success: reloaded. 
510804     INFO  main            d.u.i.k.p.r.p.TestFile    Now processing file /home/runner/work/key/key/key.core/../key.ui/examples/standard_key/polySimp/simplify20.key 
510804     INFO  main            d.u.i.k.p.i.AbstractProblemLoader Loading environment from /home/runner/work/key/key/key.core/../key.ui/examples/standard_key/polySimp/simplify20.key 
510804     DEBUG main            d.u.i.k.p.i.AbstractProblemLoader Environment load took 52.4ns 
510805     INFO  main            d.u.i.k.p.i.AbstractProblemLoader Creating init config 
513487     DEBUG main            d.u.i.k.p.i.AbstractProblemLoader Init config took 2.68s 
513500     INFO  main            d.u.i.k.p.i.AbstractProblemLoader Replaying proof simplify20.key 
513501     DEBUG main            d.u.i.k.p.i.IntermediateProofReplayer Proof replay took 2.7ns 
514305     INFO  main            d.u.i.k.p.r.p.TestFile    ... finished proof: closed. 
514914     INFO  main            d.u.i.k.p.i.AbstractProblemLoader Loading environment from /home/runner/work/key/key/key.core/../key.ui/examples/standard_key/polySimp/simplify20.key.proof 
514914     DEBUG main            d.u.i.k.p.i.AbstractProblemLoader Environment load took 367.4ns 
514916     INFO  main            d.u.i.k.p.i.AbstractProblemLoader Creating init config 
517672     DEBUG main            d.u.i.k.p.i.AbstractProblemLoader Init config took 2.76s 
517686     INFO  main            d.u.i.k.p.i.AbstractProblemLoader Replaying proof simplify20.key.proof 
517769     DEBUG main            d.u.i.k.p.i.IntermediateProofReplayer Proof replay took 78.75ms 
517771     DEBUG main            d.u.i.k.p.r.p.TestFile    ... success: reloaded. 
517771     INFO  main            d.u.i.k.p.r.p.TestFile    Now processing file /home/runner/work/key/key/key.core/../key.ui/examples/standard_key/polySimp/simplify21.key 
517771     INFO  main            d.u.i.k.p.i.AbstractProblemLoader Loading environment from /home/runner/work/key/key/key.core/../key.ui/examples/standard_key/polySimp/simplify21.key 
517772     DEBUG main            d.u.i.k.p.i.AbstractProblemLoader Environment load took 85.1ns 
517775     INFO  main            d.u.i.k.p.i.AbstractProblemLoader Creating init config 
520601     DEBUG main            d.u.i.k.p.i.AbstractProblemLoader Init config took 2.83s 
520618     INFO  main            d.u.i.k.p.i.AbstractProblemLoader Replaying proof simplify21.key 
520619     DEBUG main            d.u.i.k.p.i.IntermediateProofReplayer Proof replay took 15ns 
521324     INFO  main            d.u.i.k.p.r.p.TestFile    ... finished proof: closed. 
521953     INFO  main            d.u.i.k.p.i.AbstractProblemLoader Loading environment from /home/runner/work/key/key/key.core/../key.ui/examples/standard_key/polySimp/simplify21.key.proof 
521953     DEBUG main            d.u.i.k.p.i.AbstractProblemLoader Environment load took 86.6ns 
521955     INFO  main            d.u.i.k.p.i.AbstractProblemLoader Creating init config 
524772     DEBUG main            d.u.i.k.p.i.AbstractProblemLoader Init config took 2.82s 
524789     INFO  main            d.u.i.k.p.i.AbstractProblemLoader Replaying proof simplify21.key.proof 
524855     DEBUG main            d.u.i.k.p.i.IntermediateProofReplayer Proof replay took 62.09ms 
524857     DEBUG main            d.u.i.k.p.r.p.TestFile    ... success: reloaded. 
524857     INFO  main            d.u.i.k.p.r.p.TestFile    Now processing file /home/runner/work/key/key/key.core/../key.ui/examples/standard_key/polySimp/simplify22.key 
524858     INFO  main            d.u.i.k.p.i.AbstractProblemLoader Loading environment from /home/runner/work/key/key/key.core/../key.ui/examples/standard_key/polySimp/simplify22.key 
524858     DEBUG main            d.u.i.k.p.i.AbstractProblemLoader Environment load took 55ns 
524858     INFO  main            d.u.i.k.p.i.AbstractProblemLoader Creating init config 
527727     DEBUG main            d.u.i.k.p.i.AbstractProblemLoader Init config took 2.87s 
527740     INFO  main            d.u.i.k.p.i.AbstractProblemLoader Replaying proof simplify22.key 
527742     DEBUG main            d.u.i.k.p.i.IntermediateProofReplayer Proof replay took 2.7ns 
527843     INFO  main            d.u.i.k.p.r.p.TestFile    ... finished proof: closed. 
528472     INFO  main            d.u.i.k.p.i.AbstractProblemLoader Loading environment from /home/runner/work/key/key/key.core/../key.ui/examples/standard_key/polySimp/simplify22.key.proof 
528472     DEBUG main            d.u.i.k.p.i.AbstractProblemLoader Environment load took 87ns 
528473     INFO  main            d.u.i.k.p.i.AbstractProblemLoader Creating init config 
531316     DEBUG main            d.u.i.k.p.i.AbstractProblemLoader Init config took 2.84s 
531330     INFO  main            d.u.i.k.p.i.AbstractProblemLoader Replaying proof simplify22.key.proof 
531334     DEBUG main            d.u.i.k.p.i.IntermediateProofReplayer Proof replay took 2.76ms 
531335     DEBUG main            d.u.i.k.p.r.p.TestFile    ... success: reloaded. 
531335     INFO  main            d.u.i.k.p.r.p.TestFile    Now processing file /home/runner/work/key/key/key.core/../key.ui/examples/standard_key/polySimp/simplify23.key 
531335     INFO  main            d.u.i.k.p.i.AbstractProblemLoader Loading environment from /home/runner/work/key/key/key.core/../key.ui/examples/standard_key/polySimp/simplify23.key 
531335     DEBUG main            d.u.i.k.p.i.AbstractProblemLoader Environment load took 83.5ns 
531336     INFO  main            d.u.i.k.p.i.AbstractProblemLoader Creating init config 
534124     DEBUG main            d.u.i.k.p.i.AbstractProblemLoader Init config took 2.79s 
534139     INFO  main            d.u.i.k.p.i.AbstractProblemLoader Replaying proof simplify23.key 
534140     DEBUG main            d.u.i.k.p.i.IntermediateProofReplayer Proof replay took 3ns 
534342     INFO  main            d.u.i.k.p.r.p.TestFile    ... finished proof: closed. 
534910     INFO  main            d.u.i.k.p.i.AbstractProblemLoader Loading environment from /home/runner/work/key/key/key.core/../key.ui/examples/standard_key/polySimp/simplify23.key.proof 
534910     DEBUG main            d.u.i.k.p.i.AbstractProblemLoader Environment load took 72ns 
534911     INFO  main            d.u.i.k.p.i.AbstractProblemLoader Creating init config 
537707     DEBUG main            d.u.i.k.p.i.AbstractProblemLoader Init config took 2.8s 
537722     INFO  main            d.u.i.k.p.i.AbstractProblemLoader Replaying proof simplify23.key.proof 
537738     DEBUG main            d.u.i.k.p.i.IntermediateProofReplayer Proof replay took 13.75ms 
537738     DEBUG main            d.u.i.k.p.r.p.TestFile    ... success: reloaded. 
537739     INFO  main            d.u.i.k.p.r.p.TestFile    Now processing file /home/runner/work/key/key/key.core/../key.ui/examples/standard_key/polySimp/simplify24.key 
537739     INFO  main            d.u.i.k.p.i.AbstractProblemLoader Loading environment from /home/runner/work/key/key/key.core/../key.ui/examples/standard_key/polySimp/simplify24.key 
537739     DEBUG main            d.u.i.k.p.i.AbstractProblemLoader Environment load took 93.1ns 
537740     INFO  main            d.u.i.k.p.i.AbstractProblemLoader Creating init config 
540569     DEBUG main            d.u.i.k.p.i.AbstractProblemLoader Init config took 2.83s 
540583     INFO  main            d.u.i.k.p.i.AbstractProblemLoader Replaying proof simplify24.key 
540584     DEBUG main            d.u.i.k.p.i.IntermediateProofReplayer Proof replay took 2.7ns 
540686     INFO  main            d.u.i.k.p.r.p.TestFile    ... finished proof: closed. 
541285     INFO  main            d.u.i.k.p.i.AbstractProblemLoader Loading environment from /home/runner/work/key/key/key.core/../key.ui/examples/standard_key/polySimp/simplify24.key.proof 
541285     DEBUG main            d.u.i.k.p.i.AbstractProblemLoader Environment load took 72.6ns 
541286     INFO  main            d.u.i.k.p.i.AbstractProblemLoader Creating init config 
543968     DEBUG main            d.u.i.k.p.i.AbstractProblemLoader Init config took 2.68s 
543981     INFO  main            d.u.i.k.p.i.AbstractProblemLoader Replaying proof simplify24.key.proof 
543986     DEBUG main            d.u.i.k.p.i.IntermediateProofReplayer Proof replay took 2.98ms 
543986     DEBUG main            d.u.i.k.p.r.p.TestFile    ... success: reloaded. 
543987     INFO  main            d.u.i.k.p.r.p.TestFile    Now processing file /home/runner/work/key/key/key.core/../key.ui/examples/standard_key/polySimp/simplify25.key 
543987     INFO  main            d.u.i.k.p.i.AbstractProblemLoader Loading environment from /home/runner/work/key/key/key.core/../key.ui/examples/standard_key/polySimp/simplify25.key 
543987     DEBUG main            d.u.i.k.p.i.AbstractProblemLoader Environment load took 68.6ns 
543988     INFO  main            d.u.i.k.p.i.AbstractProblemLoader Creating init config 
546767     DEBUG main            d.u.i.k.p.i.AbstractProblemLoader Init config took 2.78s 
546781     INFO  main            d.u.i.k.p.i.AbstractProblemLoader Replaying proof simplify25.key 
546782     DEBUG main            d.u.i.k.p.i.IntermediateProofReplayer Proof replay took 2.9ns 
546884     INFO  main            d.u.i.k.p.r.p.TestFile    ... finished proof: closed. 
547491     INFO  main            d.u.i.k.p.i.AbstractProblemLoader Loading environment from /home/runner/work/key/key/key.core/../key.ui/examples/standard_key/polySimp/simplify25.key.proof 
547491     DEBUG main            d.u.i.k.p.i.AbstractProblemLoader Environment load took 87.1ns 
547492     INFO  main            d.u.i.k.p.i.AbstractProblemLoader Creating init config 
550229     DEBUG main            d.u.i.k.p.i.AbstractProblemLoader Init config took 2.74s 
550244     INFO  main            d.u.i.k.p.i.AbstractProblemLoader Replaying proof simplify25.key.proof 
550249     DEBUG main            d.u.i.k.p.i.IntermediateProofReplayer Proof replay took 3.11ms 
550250     DEBUG main            d.u.i.k.p.r.p.TestFile    ... success: reloaded. 
550250     INFO  main            d.u.i.k.p.r.p.TestFile    Now processing file /home/runner/work/key/key/key.core/../key.ui/examples/standard_key/polySimp/simplify3.key 
550250     INFO  main            d.u.i.k.p.i.AbstractProblemLoader Loading environment from /home/runner/work/key/key/key.core/../key.ui/examples/standard_key/polySimp/simplify3.key 
550250     DEBUG main            d.u.i.k.p.i.AbstractProblemLoader Environment load took 46.9ns 
550251     INFO  main            d.u.i.k.p.i.AbstractProblemLoader Creating init config 
553033     DEBUG main            d.u.i.k.p.i.AbstractProblemLoader Init config took 2.78s 
553072     INFO  main            d.u.i.k.p.i.AbstractProblemLoader Replaying proof simplify3.key 
553073     DEBUG main            d.u.i.k.p.i.IntermediateProofReplayer Proof replay took 2.1ns 
553175     INFO  main            d.u.i.k.p.r.p.TestFile    ... finished proof: closed. 
553773     INFO  main            d.u.i.k.p.i.AbstractProblemLoader Loading environment from /home/runner/work/key/key/key.core/../key.ui/examples/standard_key/polySimp/simplify3.key.proof 
553773     DEBUG main            d.u.i.k.p.i.AbstractProblemLoader Environment load took 85ns 
553775     INFO  main            d.u.i.k.p.i.AbstractProblemLoader Creating init config 
556431     DEBUG main            d.u.i.k.p.i.AbstractProblemLoader Init config took 2.66s 
556444     INFO  main            d.u.i.k.p.i.AbstractProblemLoader Replaying proof simplify3.key.proof 
556447     DEBUG main            d.u.i.k.p.i.IntermediateProofReplayer Proof replay took 985.41ns 
556447     DEBUG main            d.u.i.k.p.r.p.TestFile    ... success: reloaded. 
556448     INFO  main            d.u.i.k.p.r.p.TestFile    Now processing file /home/runner/work/key/key/key.core/../key.ui/examples/standard_key/polySimp/simplify4.key 
556448     INFO  main            d.u.i.k.p.i.AbstractProblemLoader Loading environment from /home/runner/work/key/key/key.core/../key.ui/examples/standard_key/polySimp/simplify4.key 
556448     DEBUG main            d.u.i.k.p.i.AbstractProblemLoader Environment load took 47.5ns 
556449     INFO  main            d.u.i.k.p.i.AbstractProblemLoader Creating init config 
559175     DEBUG main            d.u.i.k.p.i.AbstractProblemLoader Init config took 2.73s 
559188     INFO  main            d.u.i.k.p.i.AbstractProblemLoader Replaying proof simplify4.key 
559189     DEBUG main            d.u.i.k.p.i.IntermediateProofReplayer Proof replay took 2.4ns 
559290     INFO  main            d.u.i.k.p.r.p.TestFile    ... finished proof: closed. 
559896     INFO  main            d.u.i.k.p.i.AbstractProblemLoader Loading environment from /home/runner/work/key/key/key.core/../key.ui/examples/standard_key/polySimp/simplify4.key.proof 
559896     DEBUG main            d.u.i.k.p.i.AbstractProblemLoader Environment load took 80.2ns 
559897     INFO  main            d.u.i.k.p.i.AbstractProblemLoader Creating init config 
562575     DEBUG main            d.u.i.k.p.i.AbstractProblemLoader Init config took 2.68s 
562589     INFO  main            d.u.i.k.p.i.AbstractProblemLoader Replaying proof simplify4.key.proof 
562591     DEBUG main            d.u.i.k.p.i.IntermediateProofReplayer Proof replay took 1.33ms 
562592     DEBUG main            d.u.i.k.p.r.p.TestFile    ... success: reloaded. 
562592     INFO  main            d.u.i.k.p.r.p.TestFile    Now processing file /home/runner/work/key/key/key.core/../key.ui/examples/standard_key/polySimp/simplify5.key 
562593     INFO  main            d.u.i.k.p.i.AbstractProblemLoader Loading environment from /home/runner/work/key/key/key.core/../key.ui/examples/standard_key/polySimp/simplify5.key 
562593     DEBUG main            d.u.i.k.p.i.AbstractProblemLoader Environment load took 75.6ns 
562594     INFO  main            d.u.i.k.p.i.AbstractProblemLoader Creating init config 
565342     DEBUG main            d.u.i.k.p.i.AbstractProblemLoader Init config took 2.75s 
565359     INFO  main            d.u.i.k.p.i.AbstractProblemLoader Replaying proof simplify5.key 
565360     DEBUG main            d.u.i.k.p.i.IntermediateProofReplayer Proof replay took 2.6ns 
565462     INFO  main            d.u.i.k.p.r.p.TestFile    ... finished proof: closed. 
566100     INFO  main            d.u.i.k.p.i.AbstractProblemLoader Loading environment from /home/runner/work/key/key/key.core/../key.ui/examples/standard_key/polySimp/simplify5.key.proof 
566100     DEBUG main            d.u.i.k.p.i.AbstractProblemLoader Environment load took 80.6ns 
566101     INFO  main            d.u.i.k.p.i.AbstractProblemLoader Creating init config 
568793     DEBUG main            d.u.i.k.p.i.AbstractProblemLoader Init config took 2.69s 
568806     INFO  main            d.u.i.k.p.i.AbstractProblemLoader Replaying proof simplify5.key.proof 
568815     DEBUG main            d.u.i.k.p.i.IntermediateProofReplayer Proof replay took 7.62ms 
568816     DEBUG main            d.u.i.k.p.r.p.TestFile    ... success: reloaded. 
568817     INFO  main            d.u.i.k.p.r.p.TestFile    Now processing file /home/runner/work/key/key/key.core/../key.ui/examples/standard_key/polySimp/simplify6.key 
568819     INFO  main            d.u.i.k.p.i.AbstractProblemLoader Loading environment from /home/runner/work/key/key/key.core/../key.ui/examples/standard_key/polySimp/simplify6.key 
568819     DEBUG main            d.u.i.k.p.i.AbstractProblemLoader Environment load took 64.3ns 
568819     INFO  main            d.u.i.k.p.i.AbstractProblemLoader Creating init config 
571695     DEBUG main            d.u.i.k.p.i.AbstractProblemLoader Init config took 2.88s 
571709     INFO  main            d.u.i.k.p.i.AbstractProblemLoader Replaying proof simplify6.key 
571710     DEBUG main            d.u.i.k.p.i.IntermediateProofReplayer Proof replay took 2.3ns 
571812     INFO  main            d.u.i.k.p.r.p.TestFile    ... finished proof: closed. 
572456     INFO  main            d.u.i.k.p.i.AbstractProblemLoader Loading environment from /home/runner/work/key/key/key.core/../key.ui/examples/standard_key/polySimp/simplify6.key.proof 
572456     DEBUG main            d.u.i.k.p.i.AbstractProblemLoader Environment load took 83.5ns 
572457     INFO  main            d.u.i.k.p.i.AbstractProblemLoader Creating init config 
575341     DEBUG main            d.u.i.k.p.i.AbstractProblemLoader Init config took 2.88s 
575358     INFO  main            d.u.i.k.p.i.AbstractProblemLoader Replaying proof simplify6.key.proof 
575359     DEBUG main            d.u.i.k.p.i.IntermediateProofReplayer Proof replay took 344.1ns 
575360     DEBUG main            d.u.i.k.p.r.p.TestFile    ... success: reloaded. 
575360     INFO  main            d.u.i.k.p.r.p.TestFile    Now processing file /home/runner/work/key/key/key.core/../key.ui/examples/standard_key/polySimp/simplify7.key 
575360     INFO  main            d.u.i.k.p.i.AbstractProblemLoader Loading environment from /home/runner/work/key/key/key.core/../key.ui/examples/standard_key/polySimp/simplify7.key 
575360     DEBUG main            d.u.i.k.p.i.AbstractProblemLoader Environment load took 47.4ns 
575361     INFO  main            d.u.i.k.p.i.AbstractProblemLoader Creating init config 
578169     DEBUG main            d.u.i.k.p.i.AbstractProblemLoader Init config took 2.81s 
578184     INFO  main            d.u.i.k.p.i.AbstractProblemLoader Replaying proof simplify7.key 
578185     DEBUG main            d.u.i.k.p.i.IntermediateProofReplayer Proof replay took 2.5ns 
578286     INFO  main            d.u.i.k.p.r.p.TestFile    ... finished proof: closed. 
578914     INFO  main            d.u.i.k.p.i.AbstractProblemLoader Loading environment from /home/runner/work/key/key/key.core/../key.ui/examples/standard_key/polySimp/simplify7.key.proof 
578915     DEBUG main            d.u.i.k.p.i.AbstractProblemLoader Environment load took 67.5ns 
578915     INFO  main            d.u.i.k.p.i.AbstractProblemLoader Creating init config 
581732     DEBUG main            d.u.i.k.p.i.AbstractProblemLoader Init config took 2.82s 
581747     INFO  main            d.u.i.k.p.i.AbstractProblemLoader Replaying proof simplify7.key.proof 
581749     DEBUG main            d.u.i.k.p.i.IntermediateProofReplayer Proof replay took 772.71ns 
581750     DEBUG main            d.u.i.k.p.r.p.TestFile    ... success: reloaded. 
581750     INFO  main            d.u.i.k.p.r.p.TestFile    Now processing file /home/runner/work/key/key/key.core/../key.ui/examples/standard_key/polySimp/simplify8.key 
581750     INFO  main            d.u.i.k.p.i.AbstractProblemLoader Loading environment from /home/runner/work/key/key/key.core/../key.ui/examples/standard_key/polySimp/simplify8.key 
581750     DEBUG main            d.u.i.k.p.i.AbstractProblemLoader Environment load took 47.9ns 
581755     INFO  main            d.u.i.k.p.i.AbstractProblemLoader Creating init config 
584664     DEBUG main            d.u.i.k.p.i.AbstractProblemLoader Init config took 2.91s 
584679     INFO  main            d.u.i.k.p.i.AbstractProblemLoader Replaying proof simplify8.key 
584680     DEBUG main            d.u.i.k.p.i.IntermediateProofReplayer Proof replay took 2.4ns 
589117     INFO  main            d.u.i.k.p.r.p.TestFile    ... finished proof: closed. 
589804     INFO  main            d.u.i.k.p.i.AbstractProblemLoader Loading environment from /home/runner/work/key/key/key.core/../key.ui/examples/standard_key/polySimp/simplify8.key.proof 
589804     DEBUG main            d.u.i.k.p.i.AbstractProblemLoader Environment load took 73.8ns 
589806     INFO  main            d.u.i.k.p.i.AbstractProblemLoader Creating init config 
592669     DEBUG main            d.u.i.k.p.i.AbstractProblemLoader Init config took 2.86s 
592688     INFO  main            d.u.i.k.p.i.AbstractProblemLoader Replaying proof simplify8.key.proof 
592905     DEBUG main            d.u.i.k.p.i.IntermediateProofReplayer Proof replay took 212.48ms 
592908     DEBUG main            d.u.i.k.p.r.p.TestFile    ... success: reloaded. 
592908     INFO  main            d.u.i.k.p.r.p.TestFile    Now processing file /home/runner/work/key/key/key.core/../key.ui/examples/standard_key/polySimp/simplify9.key 
592908     INFO  main            d.u.i.k.p.i.AbstractProblemLoader Loading environment from /home/runner/work/key/key/key.core/../key.ui/examples/standard_key/polySimp/simplify9.key 
592908     DEBUG main            d.u.i.k.p.i.AbstractProblemLoader Environment load took 49.5ns 
592910     INFO  main            d.u.i.k.p.i.AbstractProblemLoader Creating init config 
595716     DEBUG main            d.u.i.k.p.i.AbstractProblemLoader Init config took 2.81s 
595757     INFO  main            d.u.i.k.p.i.AbstractProblemLoader Replaying proof simplify9.key 
595758     DEBUG main            d.u.i.k.p.i.IntermediateProofReplayer Proof replay took 2.8ns 
595963     INFO  main            d.u.i.k.p.r.p.TestFile    ... finished proof: closed. 
596687     INFO  main            d.u.i.k.p.i.AbstractProblemLoader Loading environment from /home/runner/work/key/key/key.core/../key.ui/examples/standard_key/polySimp/simplify9.key.proof 
596687     DEBUG main            d.u.i.k.p.i.AbstractProblemLoader Environment load took 74.7ns 
596688     INFO  main            d.u.i.k.p.i.AbstractProblemLoader Creating init config 
599531     DEBUG main            d.u.i.k.p.i.AbstractProblemLoader Init config took 2.84s 
599546     INFO  main            d.u.i.k.p.i.AbstractProblemLoader Replaying proof simplify9.key.proof 
599560     DEBUG main            d.u.i.k.p.i.IntermediateProofReplayer Proof replay took 11.54ms 
599561     DEBUG main            d.u.i.k.p.r.p.TestFile    ... success: reloaded. 
3444983    INFO  Test worker     d.u.i.k.p.r.RunAllProofsTestUnit Returning from test arithmetic 
3444987    INFO  Test worker     d.u.i.k.p.r.RunAllProofsTestUnit Running test arrays 
450        INFO  Timeout watchdog d.u.i.k.p.r.p.ForkedTestFileRunner Timeout watcher launched (2000 secs.) 
477        WARN  main            d.u.i.k.s.ProofSettings   The settings in /home/runner/.key/proof-settings.props are *not* read. 
544        INFO  main            d.u.i.k.p.r.p.TestFile    Now processing file /home/runner/work/key/key/key.core/../key.ui/examples/standard_key/arrays/arrayStoreException/array2DimPrim.key 
699        INFO  main            d.u.i.k.p.i.AbstractProblemLoader Loading environment from /home/runner/work/key/key/key.core/../key.ui/examples/standard_key/arrays/arrayStoreException/array2DimPrim.key 
719        DEBUG main            d.u.i.k.p.i.AbstractProblemLoader Environment load took 2.16ms 
1046       INFO  main            d.u.i.k.p.i.AbstractProblemLoader Creating init config 
2261       DEBUG main            d.u.i.k.j.TypeConverter   No LDT found for Meta 
2261       DEBUG main            d.u.i.k.j.TypeConverter   No LDT found for Meta 
2265       DEBUG main            d.u.i.k.j.TypeConverter   No LDT found for Meta 
2265       DEBUG main            d.u.i.k.j.TypeConverter   No LDT found for Meta 
3993       DEBUG main            d.u.i.k.j.TypeConverter   No LDT found for JavaBigintExpression 
10349      DEBUG main            d.u.i.k.p.i.AbstractProblemLoader Init config took 9.3s 
10439      INFO  main            d.u.i.k.p.i.AbstractProblemLoader Replaying proof array2DimPrim.key 
10492      DEBUG main            d.u.i.k.p.i.IntermediateProofReplayer Proof replay took 39ns 
15625      INFO  main            d.u.i.k.p.r.p.TestFile    ... finished proof: closed. 
15851      INFO  main            d.u.i.k.p.i.AbstractProblemLoader Loading environment from /home/runner/work/key/key/key.core/../key.ui/examples/standard_key/arrays/arrayStoreException/array2DimPrim.key.proof 
15851      DEBUG main            d.u.i.k.p.i.AbstractProblemLoader Environment load took 162.6ns 
15856      INFO  main            d.u.i.k.p.i.AbstractProblemLoader Creating init config 
19193      DEBUG main            d.u.i.k.p.i.AbstractProblemLoader Init config took 3.34s 
19249      INFO  main            d.u.i.k.p.i.AbstractProblemLoader Replaying proof array2DimPrim.key.proof 
20058      DEBUG main            d.u.i.k.p.i.IntermediateProofReplayer Proof replay took 790.27ms 
20078      DEBUG main            d.u.i.k.p.r.p.TestFile    ... success: reloaded. 
20082      INFO  main            d.u.i.k.p.r.p.TestFile    Now processing file /home/runner/work/key/key/key.core/../key.ui/examples/standard_key/arrays/arrayStoreException/arrayStoreKnownDynType.key 
20083      INFO  main            d.u.i.k.p.i.AbstractProblemLoader Loading environment from /home/runner/work/key/key/key.core/../key.ui/examples/standard_key/arrays/arrayStoreException/arrayStoreKnownDynType.key 
20083      DEBUG main            d.u.i.k.p.i.AbstractProblemLoader Environment load took 252.1ns 
20087      INFO  main            d.u.i.k.p.i.AbstractProblemLoader Creating init config 
23382      DEBUG main            d.u.i.k.p.i.AbstractProblemLoader Init config took 3.29s 
23420      INFO  main            d.u.i.k.p.i.AbstractProblemLoader Replaying proof arrayStoreKnownDynType.key 
23423      DEBUG main            d.u.i.k.p.i.IntermediateProofReplayer Proof replay took 6.6ns 
23727      INFO  main            d.u.i.k.p.r.p.TestFile    ... finished proof: closed. 
24007      INFO  main            d.u.i.k.p.i.AbstractProblemLoader Loading environment from /home/runner/work/key/key/key.core/../key.ui/examples/standard_key/arrays/arrayStoreException/arrayStoreKnownDynType.key.proof 
24010      DEBUG main            d.u.i.k.p.i.AbstractProblemLoader Environment load took 3.13ms 
24012      INFO  main            d.u.i.k.p.i.AbstractProblemLoader Creating init config 
27104      DEBUG main            d.u.i.k.p.i.AbstractProblemLoader Init config took 3.09s 
27130      INFO  main            d.u.i.k.p.i.AbstractProblemLoader Replaying proof arrayStoreKnownDynType.key.proof 
27189      DEBUG main            d.u.i.k.p.i.IntermediateProofReplayer Proof replay took 54.75ms 
27191      DEBUG main            d.u.i.k.p.r.p.TestFile    ... success: reloaded. 
27192      INFO  main            d.u.i.k.p.r.p.TestFile    Now processing file /home/runner/work/key/key/key.core/../key.ui/examples/standard_key/arrays/arrayStoreException/reverseArray.key 
27193      INFO  main            d.u.i.k.p.i.AbstractProblemLoader Loading environment from /home/runner/work/key/key/key.core/../key.ui/examples/standard_key/arrays/arrayStoreException/reverseArray.key 
27193      DEBUG main            d.u.i.k.p.i.AbstractProblemLoader Environment load took 290.3ns 
27195      INFO  main            d.u.i.k.p.i.AbstractProblemLoader Creating init config 
30356      DEBUG main            d.u.i.k.p.i.AbstractProblemLoader Init config took 3.16s 
30384      INFO  main            d.u.i.k.p.i.AbstractProblemLoader Replaying proof reverseArray.key 
30392      DEBUG main            d.u.i.k.p.i.IntermediateProofReplayer Proof replay took 12.3ns 
31300      INFO  main            d.u.i.k.p.r.p.TestFile    ... finished proof: closed. 
31500      INFO  main            d.u.i.k.p.i.AbstractProblemLoader Loading environment from /home/runner/work/key/key/key.core/../key.ui/examples/standard_key/arrays/arrayStoreException/reverseArray.key.proof 
31500      DEBUG main            d.u.i.k.p.i.AbstractProblemLoader Environment load took 203ns 
31502      INFO  main            d.u.i.k.p.i.AbstractProblemLoader Creating init config 
34552      DEBUG main            d.u.i.k.p.i.AbstractProblemLoader Init config took 3.05s 
34579      INFO  main            d.u.i.k.p.i.AbstractProblemLoader Replaying proof reverseArray.key.proof 
34797      DEBUG main            d.u.i.k.p.i.IntermediateProofReplayer Proof replay took 193.42ms 
34798      DEBUG main            d.u.i.k.p.r.p.TestFile    ... success: reloaded. 
34800      INFO  main            d.u.i.k.p.r.p.TestFile    Now processing file /home/runner/work/key/key/key.core/../key.ui/examples/standard_key/arrays/arrayStoreException/throwArrayStoreException.key 
34801      INFO  main            d.u.i.k.p.i.AbstractProblemLoader Loading environment from /home/runner/work/key/key/key.core/../key.ui/examples/standard_key/arrays/arrayStoreException/throwArrayStoreException.key 
34801      DEBUG main            d.u.i.k.p.i.AbstractProblemLoader Environment load took 284.1ns 
34802      INFO  main            d.u.i.k.p.i.AbstractProblemLoader Creating init config 
37936      DEBUG main            d.u.i.k.p.i.AbstractProblemLoader Init config took 3.13s 
37960      INFO  main            d.u.i.k.p.i.AbstractProblemLoader Replaying proof throwArrayStoreException.key 
37962      DEBUG main            d.u.i.k.p.i.IntermediateProofReplayer Proof replay took 7.1ns 
38466      INFO  main            d.u.i.k.p.r.p.TestFile    ... finished proof: closed. 
38696      INFO  main            d.u.i.k.p.i.AbstractProblemLoader Loading environment from /home/runner/work/key/key/key.core/../key.ui/examples/standard_key/arrays/arrayStoreException/throwArrayStoreException.key.proof 
38696      DEBUG main            d.u.i.k.p.i.AbstractProblemLoader Environment load took 700.21ns 
38698      INFO  main            d.u.i.k.p.i.AbstractProblemLoader Creating init config 
41649      DEBUG main            d.u.i.k.p.i.AbstractProblemLoader Init config took 2.95s 
41674      INFO  main            d.u.i.k.p.i.AbstractProblemLoader Replaying proof throwArrayStoreException.key.proof 
41799      DEBUG main            d.u.i.k.p.i.IntermediateProofReplayer Proof replay took 119.89ms 
41801      DEBUG main            d.u.i.k.p.r.p.TestFile    ... success: reloaded. 
41802      INFO  main            d.u.i.k.p.r.p.TestFile    Now processing file /home/runner/work/key/key/key.core/../key.ui/examples/standard_key/arrays/creation/arrayCreation1.key 
41802      INFO  main            d.u.i.k.p.i.AbstractProblemLoader Loading environment from /home/runner/work/key/key/key.core/../key.ui/examples/standard_key/arrays/creation/arrayCreation1.key 
41802      DEBUG main            d.u.i.k.p.i.AbstractProblemLoader Environment load took 242ns 
41804      INFO  main            d.u.i.k.p.i.AbstractProblemLoader Creating init config 
44720      DEBUG main            d.u.i.k.p.i.AbstractProblemLoader Init config took 2.92s 
44747      INFO  main            d.u.i.k.p.i.AbstractProblemLoader Replaying proof arrayCreation1.key 
44749      DEBUG main            d.u.i.k.p.i.IntermediateProofReplayer Proof replay took 7.2ns 
44953      INFO  main            d.u.i.k.p.r.p.TestFile    ... finished proof: closed. 
45151      INFO  main            d.u.i.k.p.i.AbstractProblemLoader Loading environment from /home/runner/work/key/key/key.core/../key.ui/examples/standard_key/arrays/creation/arrayCreation1.key.proof 
45153      DEBUG main            d.u.i.k.p.i.AbstractProblemLoader Environment load took 1.83ms 
45154      INFO  main            d.u.i.k.p.i.AbstractProblemLoader Creating init config 
48100      DEBUG main            d.u.i.k.p.i.AbstractProblemLoader Init config took 2.95s 
48122      INFO  main            d.u.i.k.p.i.AbstractProblemLoader Replaying proof arrayCreation1.key.proof 
48156      DEBUG main            d.u.i.k.p.i.IntermediateProofReplayer Proof replay took 30.67ms 
48157      DEBUG main            d.u.i.k.p.r.p.TestFile    ... success: reloaded. 
48158      INFO  main            d.u.i.k.p.r.p.TestFile    Now processing file /home/runner/work/key/key/key.core/../key.ui/examples/standard_key/arrays/arrayStoreException/array2Dim.key 
48159      INFO  main            d.u.i.k.p.i.AbstractProblemLoader Loading environment from /home/runner/work/key/key/key.core/../key.ui/examples/standard_key/arrays/arrayStoreException/array2Dim.key 
48159      DEBUG main            d.u.i.k.p.i.AbstractProblemLoader Environment load took 263.3ns 
48161      INFO  main            d.u.i.k.p.i.AbstractProblemLoader Creating init config 
51189      DEBUG main            d.u.i.k.p.i.AbstractProblemLoader Init config took 3.03s 
51214      INFO  main            d.u.i.k.p.i.AbstractProblemLoader Replaying proof array2Dim.key 
51216      DEBUG main            d.u.i.k.p.i.IntermediateProofReplayer Proof replay took 19.51ns 
55246      INFO  main            d.u.i.k.p.r.p.TestFile    ... finished proof: open goal(s) 
55534      INFO  main            d.u.i.k.p.r.p.TestFile    Now processing file /home/runner/work/key/key/key.core/../key.ui/examples/standard_key/arrays/arrayStoreException/array2DimClose.key 
55534      INFO  main            d.u.i.k.p.i.AbstractProblemLoader Loading environment from /home/runner/work/key/key/key.core/../key.ui/examples/standard_key/arrays/arrayStoreException/array2DimClose.key 
55534      DEBUG main            d.u.i.k.p.i.AbstractProblemLoader Environment load took 79.6ns 
55536      INFO  main            d.u.i.k.p.i.AbstractProblemLoader Creating init config 
58473      DEBUG main            d.u.i.k.p.i.AbstractProblemLoader Init config took 2.94s 
58496      INFO  main            d.u.i.k.p.i.AbstractProblemLoader Replaying proof array2DimClose.key 
58499      DEBUG main            d.u.i.k.p.i.IntermediateProofReplayer Proof replay took 12.1ns 
61028      INFO  main            d.u.i.k.p.r.p.TestFile    ... finished proof: open goal(s) 
61472      INFO  main            d.u.i.k.p.r.p.TestFile    Now processing file /home/runner/work/key/key/key.core/../key.ui/examples/standard_key/arrays/arrayStoreException/throwASEForPrim.key 
61472      INFO  main            d.u.i.k.p.i.AbstractProblemLoader Loading environment from /home/runner/work/key/key/key.core/../key.ui/examples/standard_key/arrays/arrayStoreException/throwASEForPrim.key 
61472      DEBUG main            d.u.i.k.p.i.AbstractProblemLoader Environment load took 76.5ns 
61474      INFO  main            d.u.i.k.p.i.AbstractProblemLoader Creating init config 
64316      DEBUG main            d.u.i.k.p.i.AbstractProblemLoader Init config took 2.84s 
64336      INFO  main            d.u.i.k.p.i.AbstractProblemLoader Replaying proof throwASEForPrim.key 
64339      DEBUG main            d.u.i.k.p.i.IntermediateProofReplayer Proof replay took 6.3ns 
69405      INFO  main            d.u.i.k.p.r.p.TestFile    ... finished proof: open goal(s) 
3514981    INFO  Test worker     d.u.i.k.p.r.RunAllProofsTestUnit Returning from test arrays 
3514983    INFO  Test worker     d.u.i.k.p.r.RunAllProofsTestUnit Running test javadl 
426        INFO  Timeout watchdog d.u.i.k.p.r.p.ForkedTestFileRunner Timeout watcher launched (2000 secs.) 
439        WARN  main            d.u.i.k.s.ProofSettings   The settings in /home/runner/.key/proof-settings.props are *not* read. 
494        INFO  main            d.u.i.k.p.r.p.TestFile    Now processing file /home/runner/work/key/key/key.core/../key.ui/examples/standard_key/instanceCreation/instanceCreation1.key 
671        INFO  main            d.u.i.k.p.i.AbstractProblemLoader Loading environment from /home/runner/work/key/key/key.core/../key.ui/examples/standard_key/instanceCreation/instanceCreation1.key 
691        DEBUG main            d.u.i.k.p.i.AbstractProblemLoader Environment load took 2.4ms 
1028       INFO  main            d.u.i.k.p.i.AbstractProblemLoader Creating init config 
2329       DEBUG main            d.u.i.k.j.TypeConverter   No LDT found for Meta 
2330       DEBUG main            d.u.i.k.j.TypeConverter   No LDT found for Meta 
2331       DEBUG main            d.u.i.k.j.TypeConverter   No LDT found for Meta 
2331       DEBUG main            d.u.i.k.j.TypeConverter   No LDT found for Meta 
4525       DEBUG main            d.u.i.k.j.TypeConverter   No LDT found for JavaBigintExpression 
10954      DEBUG main            d.u.i.k.p.i.AbstractProblemLoader Init config took 9.93s 
11032      INFO  main            d.u.i.k.p.i.AbstractProblemLoader Replaying proof instanceCreation1.key 
11085      DEBUG main            d.u.i.k.p.i.IntermediateProofReplayer Proof replay took 36.3ns 
12360      INFO  main            d.u.i.k.p.r.p.TestFile    ... finished proof: closed. 
12541      INFO  main            d.u.i.k.p.i.AbstractProblemLoader Loading environment from /home/runner/work/key/key/key.core/../key.ui/examples/standard_key/instanceCreation/instanceCreation1.key.proof 
12542      DEBUG main            d.u.i.k.p.i.AbstractProblemLoader Environment load took 1.36ms 
12549      INFO  main            d.u.i.k.p.i.AbstractProblemLoader Creating init config 
15873      DEBUG main            d.u.i.k.p.i.AbstractProblemLoader Init config took 3.32s 
15929      INFO  main            d.u.i.k.p.i.AbstractProblemLoader Replaying proof instanceCreation1.key.proof 
16071      DEBUG main            d.u.i.k.p.i.IntermediateProofReplayer Proof replay took 135.38ms 
16085      DEBUG main            d.u.i.k.p.r.p.TestFile    ... success: reloaded. 
16087      INFO  main            d.u.i.k.p.r.p.TestFile    Now processing file /home/runner/work/key/key/key.core/../key.ui/examples/standard_key/instanceCreation/instanceCreation2.key 
16097      INFO  main            d.u.i.k.p.i.AbstractProblemLoader Loading environment from /home/runner/work/key/key/key.core/../key.ui/examples/standard_key/instanceCreation/instanceCreation2.key 
16097      DEBUG main            d.u.i.k.p.i.AbstractProblemLoader Environment load took 311.21ns 
16099      INFO  main            d.u.i.k.p.i.AbstractProblemLoader Creating init config 
19299      DEBUG main            d.u.i.k.p.i.AbstractProblemLoader Init config took 3.2s 
19335      INFO  main            d.u.i.k.p.i.AbstractProblemLoader Replaying proof instanceCreation2.key 
19342      DEBUG main            d.u.i.k.p.i.IntermediateProofReplayer Proof replay took 6.9ns 
20151      INFO  main            d.u.i.k.p.r.p.TestFile    ... finished proof: closed. 
20368      INFO  main            d.u.i.k.p.i.AbstractProblemLoader Loading environment from /home/runner/work/key/key/key.core/../key.ui/examples/standard_key/instanceCreation/instanceCreation2.key.proof 
20369      DEBUG main            d.u.i.k.p.i.AbstractProblemLoader Environment load took 439.41ns 
20371      INFO  main            d.u.i.k.p.i.AbstractProblemLoader Creating init config 
23257      DEBUG main            d.u.i.k.p.i.AbstractProblemLoader Init config took 2.89s 
23288      INFO  main            d.u.i.k.p.i.AbstractProblemLoader Replaying proof instanceCreation2.key.proof 
23442      DEBUG main            d.u.i.k.p.i.IntermediateProofReplayer Proof replay took 147.49ms 
23444      DEBUG main            d.u.i.k.p.r.p.TestFile    ... success: reloaded. 
23445      INFO  main            d.u.i.k.p.r.p.TestFile    Now processing file /home/runner/work/key/key/key.core/../key.ui/examples/standard_key/instanceCreation/interfacesAndAbstractClassesHaveNoInstances.key 
23445      INFO  main            d.u.i.k.p.i.AbstractProblemLoader Loading environment from /home/runner/work/key/key/key.core/../key.ui/examples/standard_key/instanceCreation/interfacesAndAbstractClassesHaveNoInstances.key 
23446      DEBUG main            d.u.i.k.p.i.AbstractProblemLoader Environment load took 228.41ns 
23448      INFO  main            d.u.i.k.p.i.AbstractProblemLoader Creating init config 
26293      DEBUG main            d.u.i.k.p.i.AbstractProblemLoader Init config took 2.85s 
26318      INFO  main            d.u.i.k.p.i.AbstractProblemLoader Replaying proof interfacesAndAbstractClassesHaveNoInstances.key 
26322      DEBUG main            d.u.i.k.p.i.IntermediateProofReplayer Proof replay took 6.5ns 
26433      INFO  main            d.u.i.k.p.r.p.TestFile    ... finished proof: closed. 
26593      INFO  main            d.u.i.k.p.i.AbstractProblemLoader Loading environment from /home/runner/work/key/key/key.core/../key.ui/examples/standard_key/instanceCreation/interfacesAndAbstractClassesHaveNoInstances.key.proof 
26593      DEBUG main            d.u.i.k.p.i.AbstractProblemLoader Environment load took 136.2ns 
26595      INFO  main            d.u.i.k.p.i.AbstractProblemLoader Creating init config 
29502      DEBUG main            d.u.i.k.p.i.AbstractProblemLoader Init config took 2.91s 
29531      INFO  main            d.u.i.k.p.i.AbstractProblemLoader Replaying proof interfacesAndAbstractClassesHaveNoInstances.key.proof 
29536      DEBUG main            d.u.i.k.p.i.IntermediateProofReplayer Proof replay took 2.1ms 
29537      DEBUG main            d.u.i.k.p.r.p.TestFile    ... success: reloaded. 
29538      INFO  main            d.u.i.k.p.r.p.TestFile    Now processing file /home/runner/work/key/key/key.core/../key.ui/examples/standard_key/instanceCreation/successiveCreatedObjectsAreDistinct.key 
29538      INFO  main            d.u.i.k.p.i.AbstractProblemLoader Loading environment from /home/runner/work/key/key/key.core/../key.ui/examples/standard_key/instanceCreation/successiveCreatedObjectsAreDistinct.key 
29538      DEBUG main            d.u.i.k.p.i.AbstractProblemLoader Environment load took 96.9ns 
29540      INFO  main            d.u.i.k.p.i.AbstractProblemLoader Creating init config 
32296      DEBUG main            d.u.i.k.p.i.AbstractProblemLoader Init config took 2.76s 
32321      INFO  main            d.u.i.k.p.i.AbstractProblemLoader Replaying proof successiveCreatedObjectsAreDistinct.key 
32323      DEBUG main            d.u.i.k.p.i.IntermediateProofReplayer Proof replay took 5.6ns 
32726      INFO  main            d.u.i.k.p.r.p.TestFile    ... finished proof: closed. 
32960      INFO  main            d.u.i.k.p.i.AbstractProblemLoader Loading environment from /home/runner/work/key/key/key.core/../key.ui/examples/standard_key/instanceCreation/successiveCreatedObjectsAreDistinct.key.proof 
32961      DEBUG main            d.u.i.k.p.i.AbstractProblemLoader Environment load took 419.01ns 
32962      INFO  main            d.u.i.k.p.i.AbstractProblemLoader Creating init config 
35790      DEBUG main            d.u.i.k.p.i.AbstractProblemLoader Init config took 2.83s 
35813      INFO  main            d.u.i.k.p.i.AbstractProblemLoader Replaying proof successiveCreatedObjectsAreDistinct.key.proof 
35886      DEBUG main            d.u.i.k.p.i.IntermediateProofReplayer Proof replay took 69.21ms 
35888      DEBUG main            d.u.i.k.p.r.p.TestFile    ... success: reloaded. 
35889      INFO  main            d.u.i.k.p.r.p.TestFile    Now processing file /home/runner/work/key/key/key.core/../key.ui/examples/standard_key/instanceCreation/testOverloadingConstructors.key 
35889      INFO  main            d.u.i.k.p.i.AbstractProblemLoader Loading environment from /home/runner/work/key/key/key.core/../key.ui/examples/standard_key/instanceCreation/testOverloadingConstructors.key 
35890      DEBUG main            d.u.i.k.p.i.AbstractProblemLoader Environment load took 245.21ns 
35891      INFO  main            d.u.i.k.p.i.AbstractProblemLoader Creating init config 
38762      DEBUG main            d.u.i.k.p.i.AbstractProblemLoader Init config took 2.87s 
38785      INFO  main            d.u.i.k.p.i.AbstractProblemLoader Replaying proof testOverloadingConstructors.key 
38787      DEBUG main            d.u.i.k.p.i.IntermediateProofReplayer Proof replay took 6ns 
39090      INFO  main            d.u.i.k.p.r.p.TestFile    ... finished proof: closed. 
39274      INFO  main            d.u.i.k.p.i.AbstractProblemLoader Loading environment from /home/runner/work/key/key/key.core/../key.ui/examples/standard_key/instanceCreation/testOverloadingConstructors.key.proof 
39274      DEBUG main            d.u.i.k.p.i.AbstractProblemLoader Environment load took 148.6ns 
39276      INFO  main            d.u.i.k.p.i.AbstractProblemLoader Creating init config 
42062      DEBUG main            d.u.i.k.p.i.AbstractProblemLoader Init config took 2.79s 
42084      INFO  main            d.u.i.k.p.i.AbstractProblemLoader Replaying proof testOverloadingConstructors.key.proof 
42156      DEBUG main            d.u.i.k.p.i.IntermediateProofReplayer Proof replay took 68.27ms 
42157      DEBUG main            d.u.i.k.p.r.p.TestFile    ... success: reloaded. 
42158      INFO  main            d.u.i.k.p.r.p.TestFile    Now processing file /home/runner/work/key/key/key.core/../key.ui/examples/standard_key/java_dl/SimpleAttributes.key 
42158      INFO  main            d.u.i.k.p.i.AbstractProblemLoader Loading environment from /home/runner/work/key/key/key.core/../key.ui/examples/standard_key/java_dl/SimpleAttributes.key 
42159      DEBUG main            d.u.i.k.p.i.AbstractProblemLoader Environment load took 126.9ns 
42160      INFO  main            d.u.i.k.p.i.AbstractProblemLoader Creating init config 
45012      DEBUG main            d.u.i.k.p.i.AbstractProblemLoader Init config took 2.85s 
45035      INFO  main            d.u.i.k.p.i.AbstractProblemLoader Replaying proof SimpleAttributes.key 
45037      DEBUG main            d.u.i.k.p.i.IntermediateProofReplayer Proof replay took 7ns 
45139      INFO  main            d.u.i.k.p.r.p.TestFile    ... finished proof: closed. 
45340      INFO  main            d.u.i.k.p.i.AbstractProblemLoader Loading environment from /home/runner/work/key/key/key.core/../key.ui/examples/standard_key/java_dl/SimpleAttributes.key.proof 
45340      DEBUG main            d.u.i.k.p.i.AbstractProblemLoader Environment load took 128.6ns 
45341      INFO  main            d.u.i.k.p.i.AbstractProblemLoader Creating init config 
48117      DEBUG main            d.u.i.k.p.i.AbstractProblemLoader Init config took 2.78s 
48141      INFO  main            d.u.i.k.p.i.AbstractProblemLoader Replaying proof SimpleAttributes.key.proof 
48180      DEBUG main            d.u.i.k.p.i.IntermediateProofReplayer Proof replay took 29.27ms 
48182      DEBUG main            d.u.i.k.p.r.p.TestFile    ... success: reloaded. 
48183      INFO  main            d.u.i.k.p.r.p.TestFile    Now processing file /home/runner/work/key/key/key.core/../key.ui/examples/standard_key/java_dl/arrayMax.key 
48183      INFO  main            d.u.i.k.p.i.AbstractProblemLoader Loading environment from /home/runner/work/key/key/key.core/../key.ui/examples/standard_key/java_dl/arrayMax.key 
48184      DEBUG main            d.u.i.k.p.i.AbstractProblemLoader Environment load took 222.21ns 
48187      INFO  main            d.u.i.k.p.i.AbstractProblemLoader Creating init config 
51145      DEBUG main            d.u.i.k.p.i.AbstractProblemLoader Init config took 2.96s 
51168      INFO  main            d.u.i.k.p.i.AbstractProblemLoader Replaying proof arrayMax.key 
51171      DEBUG main            d.u.i.k.p.i.IntermediateProofReplayer Proof replay took 6.7ns 
53103      INFO  main            d.u.i.k.p.r.p.TestFile    ... finished proof: closed. 
53335      INFO  main            d.u.i.k.p.i.AbstractProblemLoader Loading environment from /home/runner/work/key/key/key.core/../key.ui/examples/standard_key/java_dl/arrayMax.key.proof 
53336      DEBUG main            d.u.i.k.p.i.AbstractProblemLoader Environment load took 842.92ns 
53339      INFO  main            d.u.i.k.p.i.AbstractProblemLoader Creating init config 
56195      DEBUG main            d.u.i.k.p.i.AbstractProblemLoader Init config took 2.86s 
56221      INFO  main            d.u.i.k.p.i.AbstractProblemLoader Replaying proof arrayMax.key.proof 
56553      DEBUG main            d.u.i.k.p.i.IntermediateProofReplayer Proof replay took 311.44ms 
56555      DEBUG main            d.u.i.k.p.r.p.TestFile    ... success: reloaded. 
56556      INFO  main            d.u.i.k.p.r.p.TestFile    Now processing file /home/runner/work/key/key/key.core/../key.ui/examples/standard_key/java_dl/arrayUpdateSimp.key 
56556      INFO  main            d.u.i.k.p.i.AbstractProblemLoader Loading environment from /home/runner/work/key/key/key.core/../key.ui/examples/standard_key/java_dl/arrayUpdateSimp.key 
56557      DEBUG main            d.u.i.k.p.i.AbstractProblemLoader Environment load took 227.21ns 
56560      INFO  main            d.u.i.k.p.i.AbstractProblemLoader Creating init config 
56603      WARN  main            d.u.i.k.j.r.KeYCrossReferenceNameInfo Datatype java.io.InputStream declared twice: Once in FILE:/home/runner/work/key/key/key.core/../key.ui/examples/standard_key/java_dl/./classpath/InputStream.java and once in URL:file:/home/runner/work/key/key/key.core/build/resources/main/de/uka/ilkd/key/java/JavaRedux/java/io/InputStream.java, Keeping one from URL:file:/home/runner/work/key/key/key.core/build/resources/main/de/uka/ilkd/key/java/JavaRedux/java/io/InputStream.java 
56603      WARN  main            d.u.i.k.j.r.KeYCrossReferenceNameInfo Datatype java.lang.System declared twice: Once in FILE:/home/runner/work/key/key/key.core/../key.ui/examples/standard_key/java_dl/./classpath/System.java and once in URL:file:/home/runner/work/key/key/key.core/build/resources/main/de/uka/ilkd/key/java/JavaRedux/java/lang/System.java, Keeping one from URL:file:/home/runner/work/key/key/key.core/build/resources/main/de/uka/ilkd/key/java/JavaRedux/java/lang/System.java 
56604      WARN  main            d.u.i.k.j.r.KeYCrossReferenceNameInfo Datatype java.io.PrintStream declared twice: Once in FILE:/home/runner/work/key/key/key.core/../key.ui/examples/standard_key/java_dl/./classpath/PrintStream.java and once in URL:file:/home/runner/work/key/key/key.core/build/resources/main/de/uka/ilkd/key/java/JavaRedux/java/io/PrintStream.java, Keeping one from URL:file:/home/runner/work/key/key/key.core/build/resources/main/de/uka/ilkd/key/java/JavaRedux/java/io/PrintStream.java 
56612      DEBUG main            d.u.i.k.j.r.ClassFileDeclarationBuilder Parsing: package java.io; public class Closeable { } 
56612      DEBUG main            r.s.KeYCrossReferenceSourceInfo Dynamically created class: java.io.Closeable 
59598      DEBUG main            d.u.i.k.p.i.AbstractProblemLoader Init config took 3.04s 
59628      INFO  main            d.u.i.k.p.i.AbstractProblemLoader Replaying proof arrayUpdateSimp.key 
59630      DEBUG main            d.u.i.k.p.i.IntermediateProofReplayer Proof replay took 7.7ns 
59733      INFO  main            d.u.i.k.p.r.p.TestFile    ... finished proof: closed. 
59991      INFO  main            d.u.i.k.p.i.AbstractProblemLoader Loading environment from /home/runner/work/key/key/key.core/../key.ui/examples/standard_key/java_dl/arrayUpdateSimp.key.proof 
59992      DEBUG main            d.u.i.k.p.i.AbstractProblemLoader Environment load took 137.7ns 
59998      INFO  main            d.u.i.k.p.i.AbstractProblemLoader Creating init config 
60032      WARN  main            d.u.i.k.j.r.KeYCrossReferenceNameInfo Datatype java.io.InputStream declared twice: Once in FILE:/home/runner/work/key/key/key.core/../key.ui/examples/standard_key/java_dl/classpath/InputStream.java and once in URL:file:/home/runner/work/key/key/key.core/build/resources/main/de/uka/ilkd/key/java/JavaRedux/java/io/InputStream.java, Keeping one from URL:file:/home/runner/work/key/key/key.core/build/resources/main/de/uka/ilkd/key/java/JavaRedux/java/io/InputStream.java 
60033      WARN  main            d.u.i.k.j.r.KeYCrossReferenceNameInfo Datatype java.lang.System declared twice: Once in FILE:/home/runner/work/key/key/key.core/../key.ui/examples/standard_key/java_dl/classpath/System.java and once in URL:file:/home/runner/work/key/key/key.core/build/resources/main/de/uka/ilkd/key/java/JavaRedux/java/lang/System.java, Keeping one from URL:file:/home/runner/work/key/key/key.core/build/resources/main/de/uka/ilkd/key/java/JavaRedux/java/lang/System.java 
60033      WARN  main            d.u.i.k.j.r.KeYCrossReferenceNameInfo Datatype java.io.PrintStream declared twice: Once in FILE:/home/runner/work/key/key/key.core/../key.ui/examples/standard_key/java_dl/classpath/PrintStream.java and once in URL:file:/home/runner/work/key/key/key.core/build/resources/main/de/uka/ilkd/key/java/JavaRedux/java/io/PrintStream.java, Keeping one from URL:file:/home/runner/work/key/key/key.core/build/resources/main/de/uka/ilkd/key/java/JavaRedux/java/io/PrintStream.java 
60037      DEBUG main            d.u.i.k.j.r.ClassFileDeclarationBuilder Parsing: package java.io; public class Closeable { } 
60037      DEBUG main            r.s.KeYCrossReferenceSourceInfo Dynamically created class: java.io.Closeable 
62990      DEBUG main            d.u.i.k.p.i.AbstractProblemLoader Init config took 2.99s 
63020      INFO  main            d.u.i.k.p.i.AbstractProblemLoader Replaying proof arrayUpdateSimp.key.proof 
63028      DEBUG main            d.u.i.k.p.i.IntermediateProofReplayer Proof replay took 654.52ns 
63031      DEBUG main            d.u.i.k.p.r.p.TestFile    ... success: reloaded. 
63033      INFO  main            d.u.i.k.p.r.p.TestFile    Now processing file /home/runner/work/key/key/key.core/../key.ui/examples/standard_key/java_dl/attributes.key 
63033      INFO  main            d.u.i.k.p.i.AbstractProblemLoader Loading environment from /home/runner/work/key/key/key.core/../key.ui/examples/standard_key/java_dl/attributes.key 
63033      DEBUG main            d.u.i.k.p.i.AbstractProblemLoader Environment load took 219.31ns 
63035      INFO  main            d.u.i.k.p.i.AbstractProblemLoader Creating init config 
66009      DEBUG main            d.u.i.k.p.i.AbstractProblemLoader Init config took 2.97s 
66028      INFO  main            d.u.i.k.p.i.AbstractProblemLoader Replaying proof attributes.key 
66030      DEBUG main            d.u.i.k.p.i.IntermediateProofReplayer Proof replay took 7.4ns 
66232      INFO  main            d.u.i.k.p.r.p.TestFile    ... finished proof: closed. 
66454      INFO  main            d.u.i.k.p.i.AbstractProblemLoader Loading environment from /home/runner/work/key/key/key.core/../key.ui/examples/standard_key/java_dl/attributes.key.proof 
66454      DEBUG main            d.u.i.k.p.i.AbstractProblemLoader Environment load took 134.2ns 
66455      INFO  main            d.u.i.k.p.i.AbstractProblemLoader Creating init config 
69314      DEBUG main            d.u.i.k.p.i.AbstractProblemLoader Init config took 2.86s 
69332      INFO  main            d.u.i.k.p.i.AbstractProblemLoader Replaying proof attributes.key.proof 
69381      DEBUG main            d.u.i.k.p.i.IntermediateProofReplayer Proof replay took 46.56ms 
69382      DEBUG main            d.u.i.k.p.r.p.TestFile    ... success: reloaded. 
69383      INFO  main            d.u.i.k.p.r.p.TestFile    Now processing file /home/runner/work/key/key/key.core/../key.ui/examples/standard_key/java_dl/break.key 
69384      INFO  main            d.u.i.k.p.i.AbstractProblemLoader Loading environment from /home/runner/work/key/key/key.core/../key.ui/examples/standard_key/java_dl/break.key 
69384      DEBUG main            d.u.i.k.p.i.AbstractProblemLoader Environment load took 117.9ns 
69385      INFO  main            d.u.i.k.p.i.AbstractProblemLoader Creating init config 
69412      WARN  main            d.u.i.k.j.r.KeYCrossReferenceNameInfo Datatype java.io.InputStream declared twice: Once in FILE:/home/runner/work/key/key/key.core/../key.ui/examples/standard_key/java_dl/classpath/InputStream.java and once in URL:file:/home/runner/work/key/key/key.core/build/resources/main/de/uka/ilkd/key/java/JavaRedux/java/io/InputStream.java, Keeping one from URL:file:/home/runner/work/key/key/key.core/build/resources/main/de/uka/ilkd/key/java/JavaRedux/java/io/InputStream.java 
69413      WARN  main            d.u.i.k.j.r.KeYCrossReferenceNameInfo Datatype java.lang.System declared twice: Once in FILE:/home/runner/work/key/key/key.core/../key.ui/examples/standard_key/java_dl/classpath/System.java and once in URL:file:/home/runner/work/key/key/key.core/build/resources/main/de/uka/ilkd/key/java/JavaRedux/java/lang/System.java, Keeping one from URL:file:/home/runner/work/key/key/key.core/build/resources/main/de/uka/ilkd/key/java/JavaRedux/java/lang/System.java 
69413      WARN  main            d.u.i.k.j.r.KeYCrossReferenceNameInfo Datatype java.io.PrintStream declared twice: Once in FILE:/home/runner/work/key/key/key.core/../key.ui/examples/standard_key/java_dl/classpath/PrintStream.java and once in URL:file:/home/runner/work/key/key/key.core/build/resources/main/de/uka/ilkd/key/java/JavaRedux/java/io/PrintStream.java, Keeping one from URL:file:/home/runner/work/key/key/key.core/build/resources/main/de/uka/ilkd/key/java/JavaRedux/java/io/PrintStream.java 
69416      DEBUG main            d.u.i.k.j.r.ClassFileDeclarationBuilder Parsing: package java.io; public class Closeable { } 
69417      DEBUG main            r.s.KeYCrossReferenceSourceInfo Dynamically created class: java.io.Closeable 
72304      DEBUG main            d.u.i.k.p.i.AbstractProblemLoader Init config took 2.92s 
72321      INFO  main            d.u.i.k.p.i.AbstractProblemLoader Replaying proof break.key 
72323      DEBUG main            d.u.i.k.p.i.IntermediateProofReplayer Proof replay took 7ns 
72425      INFO  main            d.u.i.k.p.r.p.TestFile    ... finished proof: closed. 
72641      INFO  main            d.u.i.k.p.i.AbstractProblemLoader Loading environment from /home/runner/work/key/key/key.core/../key.ui/examples/standard_key/java_dl/break.key.proof 
72642      DEBUG main            d.u.i.k.p.i.AbstractProblemLoader Environment load took 123.1ns 
72643      INFO  main            d.u.i.k.p.i.AbstractProblemLoader Creating init config 
72673      WARN  main            d.u.i.k.j.r.KeYCrossReferenceNameInfo Datatype java.io.InputStream declared twice: Once in FILE:/home/runner/work/key/key/key.core/../key.ui/examples/standard_key/java_dl/classpath/InputStream.java and once in URL:file:/home/runner/work/key/key/key.core/build/resources/main/de/uka/ilkd/key/java/JavaRedux/java/io/InputStream.java, Keeping one from URL:file:/home/runner/work/key/key/key.core/build/resources/main/de/uka/ilkd/key/java/JavaRedux/java/io/InputStream.java 
72673      WARN  main            d.u.i.k.j.r.KeYCrossReferenceNameInfo Datatype java.lang.System declared twice: Once in FILE:/home/runner/work/key/key/key.core/../key.ui/examples/standard_key/java_dl/classpath/System.java and once in URL:file:/home/runner/work/key/key/key.core/build/resources/main/de/uka/ilkd/key/java/JavaRedux/java/lang/System.java, Keeping one from URL:file:/home/runner/work/key/key/key.core/build/resources/main/de/uka/ilkd/key/java/JavaRedux/java/lang/System.java 
72674      WARN  main            d.u.i.k.j.r.KeYCrossReferenceNameInfo Datatype java.io.PrintStream declared twice: Once in FILE:/home/runner/work/key/key/key.core/../key.ui/examples/standard_key/java_dl/classpath/PrintStream.java and once in URL:file:/home/runner/work/key/key/key.core/build/resources/main/de/uka/ilkd/key/java/JavaRedux/java/io/PrintStream.java, Keeping one from URL:file:/home/runner/work/key/key/key.core/build/resources/main/de/uka/ilkd/key/java/JavaRedux/java/io/PrintStream.java 
72678      DEBUG main            d.u.i.k.j.r.ClassFileDeclarationBuilder Parsing: package java.io; public class Closeable { } 
72678      DEBUG main            r.s.KeYCrossReferenceSourceInfo Dynamically created class: java.io.Closeable 
75497      DEBUG main            d.u.i.k.p.i.AbstractProblemLoader Init config took 2.85s 
75514      INFO  main            d.u.i.k.p.i.AbstractProblemLoader Replaying proof break.key.proof 
75527      DEBUG main            d.u.i.k.p.i.IntermediateProofReplayer Proof replay took 10.78ms 
75528      DEBUG main            d.u.i.k.p.r.p.TestFile    ... success: reloaded. 
75530      INFO  main            d.u.i.k.p.r.p.TestFile    Now processing file /home/runner/work/key/key/key.core/../key.ui/examples/standard_key/java_dl/char.key 
75530      INFO  main            d.u.i.k.p.i.AbstractProblemLoader Loading environment from /home/runner/work/key/key/key.core/../key.ui/examples/standard_key/java_dl/char.key 
75530      DEBUG main            d.u.i.k.p.i.AbstractProblemLoader Environment load took 125.2ns 
75531      INFO  main            d.u.i.k.p.i.AbstractProblemLoader Creating init config 
78455      DEBUG main            d.u.i.k.p.i.AbstractProblemLoader Init config took 2.92s 
78473      INFO  main            d.u.i.k.p.i.AbstractProblemLoader Replaying proof char.key 
78474      DEBUG main            d.u.i.k.p.i.IntermediateProofReplayer Proof replay took 7.2ns 
78577      INFO  main            d.u.i.k.p.r.p.TestFile    ... finished proof: closed. 
78890      INFO  main            d.u.i.k.p.i.AbstractProblemLoader Loading environment from /home/runner/work/key/key/key.core/../key.ui/examples/standard_key/java_dl/char.key.proof 
78890      DEBUG main            d.u.i.k.p.i.AbstractProblemLoader Environment load took 130.3ns 
78891      INFO  main            d.u.i.k.p.i.AbstractProblemLoader Creating init config 
81627      DEBUG main            d.u.i.k.p.i.AbstractProblemLoader Init config took 2.74s 
81645      INFO  main            d.u.i.k.p.i.AbstractProblemLoader Replaying proof char.key.proof 
81661      DEBUG main            d.u.i.k.p.i.IntermediateProofReplayer Proof replay took 11.55ms 
81663      DEBUG main            d.u.i.k.p.r.p.TestFile    ... success: reloaded. 
81664      INFO  main            d.u.i.k.p.r.p.TestFile    Now processing file /home/runner/work/key/key/key.core/../key.ui/examples/standard_key/java_dl/compileTimeConstants.key 
81665      INFO  main            d.u.i.k.p.i.AbstractProblemLoader Loading environment from /home/runner/work/key/key/key.core/../key.ui/examples/standard_key/java_dl/compileTimeConstants.key 
81665      DEBUG main            d.u.i.k.p.i.AbstractProblemLoader Environment load took 245.01ns 
81666      INFO  main            d.u.i.k.p.i.AbstractProblemLoader Creating init config 
84551      DEBUG main            d.u.i.k.p.i.AbstractProblemLoader Init config took 2.89s 
84572      INFO  main            d.u.i.k.p.i.AbstractProblemLoader Replaying proof compileTimeConstants.key 
84575      DEBUG main            d.u.i.k.p.i.IntermediateProofReplayer Proof replay took 8.1ns 
84677      INFO  main            d.u.i.k.p.r.p.TestFile    ... finished proof: closed. 
84954      INFO  main            d.u.i.k.p.i.AbstractProblemLoader Loading environment from /home/runner/work/key/key/key.core/../key.ui/examples/standard_key/java_dl/compileTimeConstants.key.proof 
84954      DEBUG main            d.u.i.k.p.i.AbstractProblemLoader Environment load took 128.1ns 
84955      INFO  main            d.u.i.k.p.i.AbstractProblemLoader Creating init config 
87841      DEBUG main            d.u.i.k.p.i.AbstractProblemLoader Init config took 2.89s 
87859      INFO  main            d.u.i.k.p.i.AbstractProblemLoader Replaying proof compileTimeConstants.key.proof 
87908      DEBUG main            d.u.i.k.p.i.IntermediateProofReplayer Proof replay took 29.94ms 
87909      DEBUG main            d.u.i.k.p.r.p.TestFile    ... success: reloaded. 
87910      INFO  main            d.u.i.k.p.r.p.TestFile    Now processing file /home/runner/work/key/key/key.core/../key.ui/examples/standard_key/java_dl/constructorException/test.key 
87910      INFO  main            d.u.i.k.p.i.AbstractProblemLoader Loading environment from /home/runner/work/key/key/key.core/../key.ui/examples/standard_key/java_dl/constructorException/test.key 
87910      DEBUG main            d.u.i.k.p.i.AbstractProblemLoader Environment load took 93.9ns 
87911      INFO  main            d.u.i.k.p.i.AbstractProblemLoader Creating init config 
90891      DEBUG main            d.u.i.k.p.i.AbstractProblemLoader Init config took 2.98s 
90969      INFO  main            d.u.i.k.p.i.AbstractProblemLoader Replaying proof Test[Test::Test(int)].JML operation contract.0 
90971      DEBUG main            d.u.i.k.p.i.IntermediateProofReplayer Proof replay took 7.2ns 
91275      INFO  main            d.u.i.k.p.r.p.TestFile    ... finished proof: closed. 
91554      INFO  main            d.u.i.k.p.i.AbstractProblemLoader Loading environment from /home/runner/work/key/key/key.core/../key.ui/examples/standard_key/java_dl/constructorException/test.key.proof 
91554      DEBUG main            d.u.i.k.p.i.AbstractProblemLoader Environment load took 125.9ns 
91555      INFO  main            d.u.i.k.p.i.AbstractProblemLoader Creating init config 
94590      DEBUG main            d.u.i.k.p.i.AbstractProblemLoader Init config took 3.03s 
94644      INFO  main            d.u.i.k.p.i.AbstractProblemLoader Replaying proof Test[Test::Test(int)].JML operation contract.0 
94724      DEBUG main            d.u.i.k.p.i.IntermediateProofReplayer Proof replay took 77.21ms 
94726      DEBUG main            d.u.i.k.p.r.p.TestFile    ... success: reloaded. 
94727      INFO  main            d.u.i.k.p.r.p.TestFile    Now processing file /home/runner/work/key/key/key.core/../key.ui/examples/standard_key/java_dl/constructorException/regressionTestBug1333.key 
94727      INFO  main            d.u.i.k.p.i.AbstractProblemLoader Loading environment from /home/runner/work/key/key/key.core/../key.ui/examples/standard_key/java_dl/constructorException/regressionTestBug1333.key 
94728      DEBUG main            d.u.i.k.p.i.AbstractProblemLoader Environment load took 232.51ns 
94729      INFO  main            d.u.i.k.p.i.AbstractProblemLoader Creating init config 
97638      DEBUG main            d.u.i.k.p.i.AbstractProblemLoader Init config took 2.91s 
97690      INFO  main            d.u.i.k.p.i.AbstractProblemLoader Replaying proof False[False::False()].JML normal_behavior operation contract.0 
97693      DEBUG main            d.u.i.k.p.i.IntermediateProofReplayer Proof replay took 9.9ns 
97799      INFO  main            d.u.i.k.p.r.p.TestFile    ... finished proof: open goal(s) 
98105      INFO  main            d.u.i.k.p.r.p.TestFile    Now processing file /home/runner/work/key/key/key.core/../key.ui/examples/standard_key/java_dl/continue1.key 
98106      INFO  main            d.u.i.k.p.i.AbstractProblemLoader Loading environment from /home/runner/work/key/key/key.core/../key.ui/examples/standard_key/java_dl/continue1.key 
98106      DEBUG main            d.u.i.k.p.i.AbstractProblemLoader Environment load took 79.8ns 
98107      INFO  main            d.u.i.k.p.i.AbstractProblemLoader Creating init config 
98136      WARN  main            d.u.i.k.j.r.KeYCrossReferenceNameInfo Datatype java.io.InputStream declared twice: Once in FILE:/home/runner/work/key/key/key.core/../key.ui/examples/standard_key/java_dl/classpath/InputStream.java and once in URL:file:/home/runner/work/key/key/key.core/build/resources/main/de/uka/ilkd/key/java/JavaRedux/java/io/InputStream.java, Keeping one from URL:file:/home/runner/work/key/key/key.core/build/resources/main/de/uka/ilkd/key/java/JavaRedux/java/io/InputStream.java 
98137      WARN  main            d.u.i.k.j.r.KeYCrossReferenceNameInfo Datatype java.lang.System declared twice: Once in FILE:/home/runner/work/key/key/key.core/../key.ui/examples/standard_key/java_dl/classpath/System.java and once in URL:file:/home/runner/work/key/key/key.core/build/resources/main/de/uka/ilkd/key/java/JavaRedux/java/lang/System.java, Keeping one from URL:file:/home/runner/work/key/key/key.core/build/resources/main/de/uka/ilkd/key/java/JavaRedux/java/lang/System.java 
98137      WARN  main            d.u.i.k.j.r.KeYCrossReferenceNameInfo Datatype java.io.PrintStream declared twice: Once in FILE:/home/runner/work/key/key/key.core/../key.ui/examples/standard_key/java_dl/classpath/PrintStream.java and once in URL:file:/home/runner/work/key/key/key.core/build/resources/main/de/uka/ilkd/key/java/JavaRedux/java/io/PrintStream.java, Keeping one from URL:file:/home/runner/work/key/key/key.core/build/resources/main/de/uka/ilkd/key/java/JavaRedux/java/io/PrintStream.java 
98140      DEBUG main            d.u.i.k.j.r.ClassFileDeclarationBuilder Parsing: package java.io; public class Closeable { } 
98140      DEBUG main            r.s.KeYCrossReferenceSourceInfo Dynamically created class: java.io.Closeable 
100943     DEBUG main            d.u.i.k.p.i.AbstractProblemLoader Init config took 2.84s 
100961     INFO  main            d.u.i.k.p.i.AbstractProblemLoader Replaying proof continue1.key 
100963     DEBUG main            d.u.i.k.p.i.IntermediateProofReplayer Proof replay took 6.7ns 
101065     INFO  main            d.u.i.k.p.r.p.TestFile    ... finished proof: closed. 
101312     INFO  main            d.u.i.k.p.i.AbstractProblemLoader Loading environment from /home/runner/work/key/key/key.core/../key.ui/examples/standard_key/java_dl/continue1.key.proof 
101312     DEBUG main            d.u.i.k.p.i.AbstractProblemLoader Environment load took 391.61ns 
101314     INFO  main            d.u.i.k.p.i.AbstractProblemLoader Creating init config 
101354     WARN  main            d.u.i.k.j.r.KeYCrossReferenceNameInfo Datatype java.io.InputStream declared twice: Once in FILE:/home/runner/work/key/key/key.core/../key.ui/examples/standard_key/java_dl/classpath/InputStream.java and once in URL:file:/home/runner/work/key/key/key.core/build/resources/main/de/uka/ilkd/key/java/JavaRedux/java/io/InputStream.java, Keeping one from URL:file:/home/runner/work/key/key/key.core/build/resources/main/de/uka/ilkd/key/java/JavaRedux/java/io/InputStream.java 
101355     WARN  main            d.u.i.k.j.r.KeYCrossReferenceNameInfo Datatype java.lang.System declared twice: Once in FILE:/home/runner/work/key/key/key.core/../key.ui/examples/standard_key/java_dl/classpath/System.java and once in URL:file:/home/runner/work/key/key/key.core/build/resources/main/de/uka/ilkd/key/java/JavaRedux/java/lang/System.java, Keeping one from URL:file:/home/runner/work/key/key/key.core/build/resources/main/de/uka/ilkd/key/java/JavaRedux/java/lang/System.java 
101355     WARN  main            d.u.i.k.j.r.KeYCrossReferenceNameInfo Datatype java.io.PrintStream declared twice: Once in FILE:/home/runner/work/key/key/key.core/../key.ui/examples/standard_key/java_dl/classpath/PrintStream.java and once in URL:file:/home/runner/work/key/key/key.core/build/resources/main/de/uka/ilkd/key/java/JavaRedux/java/io/PrintStream.java, Keeping one from URL:file:/home/runner/work/key/key/key.core/build/resources/main/de/uka/ilkd/key/java/JavaRedux/java/io/PrintStream.java 
101359     DEBUG main            d.u.i.k.j.r.ClassFileDeclarationBuilder Parsing: package java.io; public class Closeable { } 
101360     DEBUG main            r.s.KeYCrossReferenceSourceInfo Dynamically created class: java.io.Closeable 
104072     DEBUG main            d.u.i.k.p.i.AbstractProblemLoader Init config took 2.76s 
104088     INFO  main            d.u.i.k.p.i.AbstractProblemLoader Replaying proof continue1.key.proof 
104117     DEBUG main            d.u.i.k.p.i.IntermediateProofReplayer Proof replay took 26.27ms 
104118     DEBUG main            d.u.i.k.p.r.p.TestFile    ... success: reloaded. 
104126     INFO  main            d.u.i.k.p.r.p.TestFile    Now processing file /home/runner/work/key/key/key.core/../key.ui/examples/standard_key/java_dl/continue2.key 
104127     INFO  main            d.u.i.k.p.i.AbstractProblemLoader Loading environment from /home/runner/work/key/key/key.core/../key.ui/examples/standard_key/java_dl/continue2.key 
104127     DEBUG main            d.u.i.k.p.i.AbstractProblemLoader Environment load took 327.71ns 
104128     INFO  main            d.u.i.k.p.i.AbstractProblemLoader Creating init config 
104154     WARN  main            d.u.i.k.j.r.KeYCrossReferenceNameInfo Datatype java.io.InputStream declared twice: Once in FILE:/home/runner/work/key/key/key.core/../key.ui/examples/standard_key/java_dl/classpath/InputStream.java and once in URL:file:/home/runner/work/key/key/key.core/build/resources/main/de/uka/ilkd/key/java/JavaRedux/java/io/InputStream.java, Keeping one from URL:file:/home/runner/work/key/key/key.core/build/resources/main/de/uka/ilkd/key/java/JavaRedux/java/io/InputStream.java 
104156     WARN  main            d.u.i.k.j.r.KeYCrossReferenceNameInfo Datatype java.lang.System declared twice: Once in FILE:/home/runner/work/key/key/key.core/../key.ui/examples/standard_key/java_dl/classpath/System.java and once in URL:file:/home/runner/work/key/key/key.core/build/resources/main/de/uka/ilkd/key/java/JavaRedux/java/lang/System.java, Keeping one from URL:file:/home/runner/work/key/key/key.core/build/resources/main/de/uka/ilkd/key/java/JavaRedux/java/lang/System.java 
104157     WARN  main            d.u.i.k.j.r.KeYCrossReferenceNameInfo Datatype java.io.PrintStream declared twice: Once in FILE:/home/runner/work/key/key/key.core/../key.ui/examples/standard_key/java_dl/classpath/PrintStream.java and once in URL:file:/home/runner/work/key/key/key.core/build/resources/main/de/uka/ilkd/key/java/JavaRedux/java/io/PrintStream.java, Keeping one from URL:file:/home/runner/work/key/key/key.core/build/resources/main/de/uka/ilkd/key/java/JavaRedux/java/io/PrintStream.java 
104160     DEBUG main            d.u.i.k.j.r.ClassFileDeclarationBuilder Parsing: package java.io; public class Closeable { } 
104160     DEBUG main            r.s.KeYCrossReferenceSourceInfo Dynamically created class: java.io.Closeable 
106837     DEBUG main            d.u.i.k.p.i.AbstractProblemLoader Init config took 2.71s 
106851     INFO  main            d.u.i.k.p.i.AbstractProblemLoader Replaying proof continue2.key 
106853     DEBUG main            d.u.i.k.p.i.IntermediateProofReplayer Proof replay took 5.7ns 
107158     INFO  main            d.u.i.k.p.r.p.TestFile    ... finished proof: closed. 
107454     INFO  main            d.u.i.k.p.i.AbstractProblemLoader Loading environment from /home/runner/work/key/key/key.core/../key.ui/examples/standard_key/java_dl/continue2.key.proof 
107454     DEBUG main            d.u.i.k.p.i.AbstractProblemLoader Environment load took 467.01ns 
107456     INFO  main            d.u.i.k.p.i.AbstractProblemLoader Creating init config 
107485     WARN  main            d.u.i.k.j.r.KeYCrossReferenceNameInfo Datatype java.io.InputStream declared twice: Once in FILE:/home/runner/work/key/key/key.core/../key.ui/examples/standard_key/java_dl/classpath/InputStream.java and once in URL:file:/home/runner/work/key/key/key.core/build/resources/main/de/uka/ilkd/key/java/JavaRedux/java/io/InputStream.java, Keeping one from URL:file:/home/runner/work/key/key/key.core/build/resources/main/de/uka/ilkd/key/java/JavaRedux/java/io/InputStream.java 
107485     WARN  main            d.u.i.k.j.r.KeYCrossReferenceNameInfo Datatype java.lang.System declared twice: Once in FILE:/home/runner/work/key/key/key.core/../key.ui/examples/standard_key/java_dl/classpath/System.java and once in URL:file:/home/runner/work/key/key/key.core/build/resources/main/de/uka/ilkd/key/java/JavaRedux/java/lang/System.java, Keeping one from URL:file:/home/runner/work/key/key/key.core/build/resources/main/de/uka/ilkd/key/java/JavaRedux/java/lang/System.java 
107485     WARN  main            d.u.i.k.j.r.KeYCrossReferenceNameInfo Datatype java.io.PrintStream declared twice: Once in FILE:/home/runner/work/key/key/key.core/../key.ui/examples/standard_key/java_dl/classpath/PrintStream.java and once in URL:file:/home/runner/work/key/key/key.core/build/resources/main/de/uka/ilkd/key/java/JavaRedux/java/io/PrintStream.java, Keeping one from URL:file:/home/runner/work/key/key/key.core/build/resources/main/de/uka/ilkd/key/java/JavaRedux/java/io/PrintStream.java 
107489     DEBUG main            d.u.i.k.j.r.ClassFileDeclarationBuilder Parsing: package java.io; public class Closeable { } 
107489     DEBUG main            r.s.KeYCrossReferenceSourceInfo Dynamically created class: java.io.Closeable 
110131     DEBUG main            d.u.i.k.p.i.AbstractProblemLoader Init config took 2.68s 
110146     INFO  main            d.u.i.k.p.i.AbstractProblemLoader Replaying proof continue2.key.proof 
110238     DEBUG main            d.u.i.k.p.i.IntermediateProofReplayer Proof replay took 88.07ms 
110240     DEBUG main            d.u.i.k.p.r.p.TestFile    ... success: reloaded. 
110242     INFO  main            d.u.i.k.p.r.p.TestFile    Now processing file /home/runner/work/key/key/key.core/../key.ui/examples/standard_key/java_dl/complexAssignment.key 
110242     INFO  main            d.u.i.k.p.i.AbstractProblemLoader Loading environment from /home/runner/work/key/key/key.core/../key.ui/examples/standard_key/java_dl/complexAssignment.key 
110242     DEBUG main            d.u.i.k.p.i.AbstractProblemLoader Environment load took 189.1ns 
110252     INFO  main            d.u.i.k.p.i.AbstractProblemLoader Creating init config 
112965     DEBUG main            d.u.i.k.p.i.AbstractProblemLoader Init config took 2.71s 
112983     INFO  main            d.u.i.k.p.i.AbstractProblemLoader Replaying proof complexAssignment.key 
112985     DEBUG main            d.u.i.k.p.i.IntermediateProofReplayer Proof replay took 6.9ns 
113087     INFO  main            d.u.i.k.p.r.p.TestFile    ... finished proof: closed. 
113347     INFO  main            d.u.i.k.p.i.AbstractProblemLoader Loading environment from /home/runner/work/key/key/key.core/../key.ui/examples/standard_key/java_dl/complexAssignment.key.proof 
113347     DEBUG main            d.u.i.k.p.i.AbstractProblemLoader Environment load took 119.8ns 
113348     INFO  main            d.u.i.k.p.i.AbstractProblemLoader Creating init config 
116054     DEBUG main            d.u.i.k.p.i.AbstractProblemLoader Init config took 2.71s 
116069     INFO  main            d.u.i.k.p.i.AbstractProblemLoader Replaying proof complexAssignment.key.proof 
116081     DEBUG main            d.u.i.k.p.i.IntermediateProofReplayer Proof replay took 9.53ms 
116082     DEBUG main            d.u.i.k.p.r.p.TestFile    ... success: reloaded. 
116083     INFO  main            d.u.i.k.p.r.p.TestFile    Now processing file /home/runner/work/key/key/key.core/../key.ui/examples/standard_key/java_dl/danglingElseSolution1.key 
116083     INFO  main            d.u.i.k.p.i.AbstractProblemLoader Loading environment from /home/runner/work/key/key/key.core/../key.ui/examples/standard_key/java_dl/danglingElseSolution1.key 
116083     DEBUG main            d.u.i.k.p.i.AbstractProblemLoader Environment load took 78.1ns 
116084     INFO  main            d.u.i.k.p.i.AbstractProblemLoader Creating init config 
119252     DEBUG main            d.u.i.k.p.i.AbstractProblemLoader Init config took 3.17s 
119269     INFO  main            d.u.i.k.p.i.AbstractProblemLoader Replaying proof danglingElseSolution1.key 
119271     DEBUG main            d.u.i.k.p.i.IntermediateProofReplayer Proof replay took 7.7ns 
119373     INFO  main            d.u.i.k.p.r.p.TestFile    ... finished proof: closed. 
119681     INFO  main            d.u.i.k.p.i.AbstractProblemLoader Loading environment from /home/runner/work/key/key/key.core/../key.ui/examples/standard_key/java_dl/danglingElseSolution1.key.proof 
119682     DEBUG main            d.u.i.k.p.i.AbstractProblemLoader Environment load took 127.1ns 
119683     INFO  main            d.u.i.k.p.i.AbstractProblemLoader Creating init config 
122690     DEBUG main            d.u.i.k.p.i.AbstractProblemLoader Init config took 3.01s 
122707     INFO  main            d.u.i.k.p.i.AbstractProblemLoader Replaying proof danglingElseSolution1.key.proof 
122722     DEBUG main            d.u.i.k.p.i.IntermediateProofReplayer Proof replay took 13.19ms 
122723     DEBUG main            d.u.i.k.p.r.p.TestFile    ... success: reloaded. 
122724     INFO  main            d.u.i.k.p.r.p.TestFile    Now processing file /home/runner/work/key/key/key.core/../key.ui/examples/standard_key/java_dl/danglingElseSolution2.key 
122724     INFO  main            d.u.i.k.p.i.AbstractProblemLoader Loading environment from /home/runner/work/key/key/key.core/../key.ui/examples/standard_key/java_dl/danglingElseSolution2.key 
122724     DEBUG main            d.u.i.k.p.i.AbstractProblemLoader Environment load took 100.7ns 
122725     INFO  main            d.u.i.k.p.i.AbstractProblemLoader Creating init config 
125848     DEBUG main            d.u.i.k.p.i.AbstractProblemLoader Init config took 3.12s 
125864     INFO  main            d.u.i.k.p.i.AbstractProblemLoader Replaying proof danglingElseSolution2.key 
125866     DEBUG main            d.u.i.k.p.i.IntermediateProofReplayer Proof replay took 7.7ns 
125970     INFO  main            d.u.i.k.p.r.p.TestFile    ... finished proof: closed. 
126266     INFO  main            d.u.i.k.p.i.AbstractProblemLoader Loading environment from /home/runner/work/key/key/key.core/../key.ui/examples/standard_key/java_dl/danglingElseSolution2.key.proof 
126266     DEBUG main            d.u.i.k.p.i.AbstractProblemLoader Environment load took 123.4ns 
126267     INFO  main            d.u.i.k.p.i.AbstractProblemLoader Creating init config 
129203     DEBUG main            d.u.i.k.p.i.AbstractProblemLoader Init config took 2.94s 
129220     INFO  main            d.u.i.k.p.i.AbstractProblemLoader Replaying proof danglingElseSolution2.key.proof 
129235     DEBUG main            d.u.i.k.p.i.IntermediateProofReplayer Proof replay took 12.35ms 
129236     DEBUG main            d.u.i.k.p.r.p.TestFile    ... success: reloaded. 
129237     INFO  main            d.u.i.k.p.r.p.TestFile    Now processing file /home/runner/work/key/key/key.core/../key.ui/examples/standard_key/java_dl/deepNonNull/deepNonNull0.key 
129238     INFO  main            d.u.i.k.p.i.AbstractProblemLoader Loading environment from /home/runner/work/key/key/key.core/../key.ui/examples/standard_key/java_dl/deepNonNull/deepNonNull0.key 
129238     DEBUG main            d.u.i.k.p.i.AbstractProblemLoader Environment load took 564.41ns 
129239     INFO  main            d.u.i.k.p.i.AbstractProblemLoader Creating init config 
132195     DEBUG main            d.u.i.k.p.i.AbstractProblemLoader Init config took 2.96s 
132244     INFO  main            d.u.i.k.p.i.AbstractProblemLoader Replaying proof Arrays[Arrays::get()].JML operation contract.0 
132246     DEBUG main            d.u.i.k.p.i.IntermediateProofReplayer Proof replay took 7.2ns 
132450     INFO  main            d.u.i.k.p.r.p.TestFile    ... finished proof: closed. 
132819     INFO  main            d.u.i.k.p.i.AbstractProblemLoader Loading environment from /home/runner/work/key/key/key.core/../key.ui/examples/standard_key/java_dl/deepNonNull/deepNonNull0.key.proof 
132819     DEBUG main            d.u.i.k.p.i.AbstractProblemLoader Environment load took 127.3ns 
132820     INFO  main            d.u.i.k.p.i.AbstractProblemLoader Creating init config 
135740     DEBUG main            d.u.i.k.p.i.AbstractProblemLoader Init config took 2.92s 
135791     INFO  main            d.u.i.k.p.i.AbstractProblemLoader Replaying proof Arrays[Arrays::get()].JML operation contract.0 
135853     DEBUG main            d.u.i.k.p.i.IntermediateProofReplayer Proof replay took 58.87ms 
135854     DEBUG main            d.u.i.k.p.r.p.TestFile    ... success: reloaded. 
135855     INFO  main            d.u.i.k.p.r.p.TestFile    Now processing file /home/runner/work/key/key/key.core/../key.ui/examples/standard_key/java_dl/deepNonNull/deepNonNull1.key 
135855     INFO  main            d.u.i.k.p.i.AbstractProblemLoader Loading environment from /home/runner/work/key/key/key.core/../key.ui/examples/standard_key/java_dl/deepNonNull/deepNonNull1.key 
135855     DEBUG main            d.u.i.k.p.i.AbstractProblemLoader Environment load took 111.1ns 
135856     INFO  main            d.u.i.k.p.i.AbstractProblemLoader Creating init config 
138984     DEBUG main            d.u.i.k.p.i.AbstractProblemLoader Init config took 3.13s 
139040     INFO  main            d.u.i.k.p.i.AbstractProblemLoader Replaying proof Arrays[Arrays::head()].JML operation contract.0 
139042     DEBUG main            d.u.i.k.p.i.IntermediateProofReplayer Proof replay took 6.7ns 
139245     INFO  main            d.u.i.k.p.r.p.TestFile    ... finished proof: closed. 
139562     INFO  main            d.u.i.k.p.i.AbstractProblemLoader Loading environment from /home/runner/work/key/key/key.core/../key.ui/examples/standard_key/java_dl/deepNonNull/deepNonNull1.key.proof 
139562     DEBUG main            d.u.i.k.p.i.AbstractProblemLoader Environment load took 126.5ns 
139563     INFO  main            d.u.i.k.p.i.AbstractProblemLoader Creating init config 
142499     DEBUG main            d.u.i.k.p.i.AbstractProblemLoader Init config took 2.94s 
142543     INFO  main            d.u.i.k.p.i.AbstractProblemLoader Replaying proof Arrays[Arrays::head()].JML operation contract.0 
142579     DEBUG main            d.u.i.k.p.i.IntermediateProofReplayer Proof replay took 33.33ms 
142580     DEBUG main            d.u.i.k.p.r.p.TestFile    ... success: reloaded. 
142581     INFO  main            d.u.i.k.p.r.p.TestFile    Now processing file /home/runner/work/key/key/key.core/../key.ui/examples/standard_key/java_dl/deepNonNull/deepNonNull2.key 
142581     INFO  main            d.u.i.k.p.i.AbstractProblemLoader Loading environment from /home/runner/work/key/key/key.core/../key.ui/examples/standard_key/java_dl/deepNonNull/deepNonNull2.key 
142581     DEBUG main            d.u.i.k.p.i.AbstractProblemLoader Environment load took 215.81ns 
142582     INFO  main            d.u.i.k.p.i.AbstractProblemLoader Creating init config 
145662     DEBUG main            d.u.i.k.p.i.AbstractProblemLoader Init config took 3.08s 
145737     INFO  main            d.u.i.k.p.i.AbstractProblemLoader Replaying proof Arrays[Arrays::unprovable(java.lang.Object)].JML operation contract.0 
145738     DEBUG main            d.u.i.k.p.i.IntermediateProofReplayer Proof replay took 7.5ns 
145848     INFO  main            d.u.i.k.p.r.p.TestFile    ... finished proof: open goal(s) 
146138     INFO  main            d.u.i.k.p.r.p.TestFile    Now processing file /home/runner/work/key/key/key.core/../key.ui/examples/standard_key/java_dl/deepNonNull/deepNonNull3.key 
146138     INFO  main            d.u.i.k.p.i.AbstractProblemLoader Loading environment from /home/runner/work/key/key/key.core/../key.ui/examples/standard_key/java_dl/deepNonNull/deepNonNull3.key 
146138     DEBUG main            d.u.i.k.p.i.AbstractProblemLoader Environment load took 69.9ns 
146139     INFO  main            d.u.i.k.p.i.AbstractProblemLoader Creating init config 
149125     DEBUG main            d.u.i.k.p.i.AbstractProblemLoader Init config took 2.99s 
149167     INFO  main            d.u.i.k.p.i.AbstractProblemLoader Replaying proof Arrays[Arrays::head([[[[Ljava.lang.Object)].JML operation contract.0 
149168     DEBUG main            d.u.i.k.p.i.IntermediateProofReplayer Proof replay took 6.7ns 
150287     INFO  main            d.u.i.k.p.r.p.TestFile    ... finished proof: closed. 
150635     INFO  main            d.u.i.k.p.i.AbstractProblemLoader Loading environment from /home/runner/work/key/key/key.core/../key.ui/examples/standard_key/java_dl/deepNonNull/deepNonNull3.key.proof 
150637     DEBUG main            d.u.i.k.p.i.AbstractProblemLoader Environment load took 2.09ms 
150640     INFO  main            d.u.i.k.p.i.AbstractProblemLoader Creating init config 
153558     DEBUG main            d.u.i.k.p.i.AbstractProblemLoader Init config took 2.92s 
153600     INFO  main            d.u.i.k.p.i.AbstractProblemLoader Replaying proof Arrays[Arrays::head([[[[Ljava.lang.Object)].JML operation contract.0 
153750     DEBUG main            d.u.i.k.p.i.IntermediateProofReplayer Proof replay took 144.92ms 
153752     DEBUG main            d.u.i.k.p.r.p.TestFile    ... success: reloaded. 
153752     INFO  main            d.u.i.k.p.r.p.TestFile    Now processing file /home/runner/work/key/key/key.core/../key.ui/examples/standard_key/java_dl/exceptions.key 
153753     INFO  main            d.u.i.k.p.i.AbstractProblemLoader Loading environment from /home/runner/work/key/key/key.core/../key.ui/examples/standard_key/java_dl/exceptions.key 
153753     DEBUG main            d.u.i.k.p.i.AbstractProblemLoader Environment load took 229ns 
153754     INFO  main            d.u.i.k.p.i.AbstractProblemLoader Creating init config 
153783     WARN  main            d.u.i.k.j.r.KeYCrossReferenceNameInfo Datatype java.io.InputStream declared twice: Once in FILE:/home/runner/work/key/key/key.core/../key.ui/examples/standard_key/java_dl/classpath/InputStream.java and once in URL:file:/home/runner/work/key/key/key.core/build/resources/main/de/uka/ilkd/key/java/JavaRedux/java/io/InputStream.java, Keeping one from URL:file:/home/runner/work/key/key/key.core/build/resources/main/de/uka/ilkd/key/java/JavaRedux/java/io/InputStream.java 
153783     WARN  main            d.u.i.k.j.r.KeYCrossReferenceNameInfo Datatype java.lang.System declared twice: Once in FILE:/home/runner/work/key/key/key.core/../key.ui/examples/standard_key/java_dl/classpath/System.java and once in URL:file:/home/runner/work/key/key/key.core/build/resources/main/de/uka/ilkd/key/java/JavaRedux/java/lang/System.java, Keeping one from URL:file:/home/runner/work/key/key/key.core/build/resources/main/de/uka/ilkd/key/java/JavaRedux/java/lang/System.java 
153783     WARN  main            d.u.i.k.j.r.KeYCrossReferenceNameInfo Datatype java.io.PrintStream declared twice: Once in FILE:/home/runner/work/key/key/key.core/../key.ui/examples/standard_key/java_dl/classpath/PrintStream.java and once in URL:file:/home/runner/work/key/key/key.core/build/resources/main/de/uka/ilkd/key/java/JavaRedux/java/io/PrintStream.java, Keeping one from URL:file:/home/runner/work/key/key/key.core/build/resources/main/de/uka/ilkd/key/java/JavaRedux/java/io/PrintStream.java 
153787     DEBUG main            d.u.i.k.j.r.ClassFileDeclarationBuilder Parsing: package java.io; public class Closeable { } 
153787     DEBUG main            r.s.KeYCrossReferenceSourceInfo Dynamically created class: java.io.Closeable 
156641     DEBUG main            d.u.i.k.p.i.AbstractProblemLoader Init config took 2.89s 
156663     INFO  main            d.u.i.k.p.i.AbstractProblemLoader Replaying proof exceptions.key 
156665     DEBUG main            d.u.i.k.p.i.IntermediateProofReplayer Proof replay took 7.1ns 
156867     INFO  main            d.u.i.k.p.r.p.TestFile    ... finished proof: closed. 
157178     INFO  main            d.u.i.k.p.i.AbstractProblemLoader Loading environment from /home/runner/work/key/key/key.core/../key.ui/examples/standard_key/java_dl/exceptions.key.proof 
157178     DEBUG main            d.u.i.k.p.i.AbstractProblemLoader Environment load took 114.8ns 
157180     INFO  main            d.u.i.k.p.i.AbstractProblemLoader Creating init config 
157213     WARN  main            d.u.i.k.j.r.KeYCrossReferenceNameInfo Datatype java.io.InputStream declared twice: Once in FILE:/home/runner/work/key/key/key.core/../key.ui/examples/standard_key/java_dl/classpath/InputStream.java and once in URL:file:/home/runner/work/key/key/key.core/build/resources/main/de/uka/ilkd/key/java/JavaRedux/java/io/InputStream.java, Keeping one from URL:file:/home/runner/work/key/key/key.core/build/resources/main/de/uka/ilkd/key/java/JavaRedux/java/io/InputStream.java 
157213     WARN  main            d.u.i.k.j.r.KeYCrossReferenceNameInfo Datatype java.lang.System declared twice: Once in FILE:/home/runner/work/key/key/key.core/../key.ui/examples/standard_key/java_dl/classpath/System.java and once in URL:file:/home/runner/work/key/key/key.core/build/resources/main/de/uka/ilkd/key/java/JavaRedux/java/lang/System.java, Keeping one from URL:file:/home/runner/work/key/key/key.core/build/resources/main/de/uka/ilkd/key/java/JavaRedux/java/lang/System.java 
157214     WARN  main            d.u.i.k.j.r.KeYCrossReferenceNameInfo Datatype java.io.PrintStream declared twice: Once in FILE:/home/runner/work/key/key/key.core/../key.ui/examples/standard_key/java_dl/classpath/PrintStream.java and once in URL:file:/home/runner/work/key/key/key.core/build/resources/main/de/uka/ilkd/key/java/JavaRedux/java/io/PrintStream.java, Keeping one from URL:file:/home/runner/work/key/key/key.core/build/resources/main/de/uka/ilkd/key/java/JavaRedux/java/io/PrintStream.java 
157217     DEBUG main            d.u.i.k.j.r.ClassFileDeclarationBuilder Parsing: package java.io; public class Closeable { } 
157217     DEBUG main            r.s.KeYCrossReferenceSourceInfo Dynamically created class: java.io.Closeable 
160074     DEBUG main            d.u.i.k.p.i.AbstractProblemLoader Init config took 2.89s 
160089     INFO  main            d.u.i.k.p.i.AbstractProblemLoader Replaying proof exceptions.key.proof 
160145     DEBUG main            d.u.i.k.p.i.IntermediateProofReplayer Proof replay took 53.25ms 
160147     DEBUG main            d.u.i.k.p.r.p.TestFile    ... success: reloaded. 
160148     INFO  main            d.u.i.k.p.r.p.TestFile    Now processing file /home/runner/work/key/key/key.core/../key.ui/examples/standard_key/java_dl/exceptions1.key 
160148     INFO  main            d.u.i.k.p.i.AbstractProblemLoader Loading environment from /home/runner/work/key/key/key.core/../key.ui/examples/standard_key/java_dl/exceptions1.key 
160148     DEBUG main            d.u.i.k.p.i.AbstractProblemLoader Environment load took 121.6ns 
160149     INFO  main            d.u.i.k.p.i.AbstractProblemLoader Creating init config 
162985     DEBUG main            d.u.i.k.p.i.AbstractProblemLoader Init config took 2.84s 
163002     INFO  main            d.u.i.k.p.i.AbstractProblemLoader Replaying proof exceptions1.key 
163004     DEBUG main            d.u.i.k.p.i.IntermediateProofReplayer Proof replay took 18.7ns 
163210     INFO  main            d.u.i.k.p.r.p.TestFile    ... finished proof: closed. 
163553     INFO  main            d.u.i.k.p.i.AbstractProblemLoader Loading environment from /home/runner/work/key/key/key.core/../key.ui/examples/standard_key/java_dl/exceptions1.key.proof 
163553     DEBUG main            d.u.i.k.p.i.AbstractProblemLoader Environment load took 121.4ns 
163555     INFO  main            d.u.i.k.p.i.AbstractProblemLoader Creating init config 
166274     DEBUG main            d.u.i.k.p.i.AbstractProblemLoader Init config took 2.72s 
166291     INFO  main            d.u.i.k.p.i.AbstractProblemLoader Replaying proof exceptions1.key.proof 
166332     DEBUG main            d.u.i.k.p.i.IntermediateProofReplayer Proof replay took 38.15ms 
166333     DEBUG main            d.u.i.k.p.r.p.TestFile    ... success: reloaded. 
166334     INFO  main            d.u.i.k.p.r.p.TestFile    Now processing file /home/runner/work/key/key/key.core/../key.ui/examples/standard_key/java_dl/exceptions2.key 
166334     INFO  main            d.u.i.k.p.i.AbstractProblemLoader Loading environment from /home/runner/work/key/key/key.core/../key.ui/examples/standard_key/java_dl/exceptions2.key 
166334     DEBUG main            d.u.i.k.p.i.AbstractProblemLoader Environment load took 101ns 
166335     INFO  main            d.u.i.k.p.i.AbstractProblemLoader Creating init config 
169226     DEBUG main            d.u.i.k.p.i.AbstractProblemLoader Init config took 2.89s 
169241     INFO  main            d.u.i.k.p.i.AbstractProblemLoader Replaying proof exceptions2.key 
169243     DEBUG main            d.u.i.k.p.i.IntermediateProofReplayer Proof replay took 6.7ns 
169447     INFO  main            d.u.i.k.p.r.p.TestFile    ... finished proof: closed. 
169784     INFO  main            d.u.i.k.p.i.AbstractProblemLoader Loading environment from /home/runner/work/key/key/key.core/../key.ui/examples/standard_key/java_dl/exceptions2.key.proof 
169784     DEBUG main            d.u.i.k.p.i.AbstractProblemLoader Environment load took 110.9ns 
169785     INFO  main            d.u.i.k.p.i.AbstractProblemLoader Creating init config 
172524     DEBUG main            d.u.i.k.p.i.AbstractProblemLoader Init config took 2.74s 
172539     INFO  main            d.u.i.k.p.i.AbstractProblemLoader Replaying proof exceptions2.key.proof 
172588     DEBUG main            d.u.i.k.p.i.IntermediateProofReplayer Proof replay took 45.62ms 
172597     DEBUG main            d.u.i.k.p.r.p.TestFile    ... success: reloaded. 
172598     INFO  main            d.u.i.k.p.r.p.TestFile    Now processing file /home/runner/work/key/key/key.core/../key.ui/examples/standard_key/java_dl/exceptions3.key 
172598     INFO  main            d.u.i.k.p.i.AbstractProblemLoader Loading environment from /home/runner/work/key/key/key.core/../key.ui/examples/standard_key/java_dl/exceptions3.key 
172599     DEBUG main            d.u.i.k.p.i.AbstractProblemLoader Environment load took 94.3ns 
172600     INFO  main            d.u.i.k.p.i.AbstractProblemLoader Creating init config 
172632     WARN  main            d.u.i.k.j.r.KeYCrossReferenceNameInfo Datatype java.io.InputStream declared twice: Once in FILE:/home/runner/work/key/key/key.core/../key.ui/examples/standard_key/java_dl/classpath/InputStream.java and once in URL:file:/home/runner/work/key/key/key.core/build/resources/main/de/uka/ilkd/key/java/JavaRedux/java/io/InputStream.java, Keeping one from URL:file:/home/runner/work/key/key/key.core/build/resources/main/de/uka/ilkd/key/java/JavaRedux/java/io/InputStream.java 
172632     WARN  main            d.u.i.k.j.r.KeYCrossReferenceNameInfo Datatype java.lang.System declared twice: Once in FILE:/home/runner/work/key/key/key.core/../key.ui/examples/standard_key/java_dl/classpath/System.java and once in URL:file:/home/runner/work/key/key/key.core/build/resources/main/de/uka/ilkd/key/java/JavaRedux/java/lang/System.java, Keeping one from URL:file:/home/runner/work/key/key/key.core/build/resources/main/de/uka/ilkd/key/java/JavaRedux/java/lang/System.java 
172632     WARN  main            d.u.i.k.j.r.KeYCrossReferenceNameInfo Datatype java.io.PrintStream declared twice: Once in FILE:/home/runner/work/key/key/key.core/../key.ui/examples/standard_key/java_dl/classpath/PrintStream.java and once in URL:file:/home/runner/work/key/key/key.core/build/resources/main/de/uka/ilkd/key/java/JavaRedux/java/io/PrintStream.java, Keeping one from URL:file:/home/runner/work/key/key/key.core/build/resources/main/de/uka/ilkd/key/java/JavaRedux/java/io/PrintStream.java 
172635     DEBUG main            d.u.i.k.j.r.ClassFileDeclarationBuilder Parsing: package java.io; public class Closeable { } 
172635     DEBUG main            r.s.KeYCrossReferenceSourceInfo Dynamically created class: java.io.Closeable 
175434     DEBUG main            d.u.i.k.p.i.AbstractProblemLoader Init config took 2.83s 
175449     INFO  main            d.u.i.k.p.i.AbstractProblemLoader Replaying proof exceptions3.key 
175451     DEBUG main            d.u.i.k.p.i.IntermediateProofReplayer Proof replay took 7.3ns 
175555     INFO  main            d.u.i.k.p.r.p.TestFile    ... finished proof: closed. 
175884     INFO  main            d.u.i.k.p.i.AbstractProblemLoader Loading environment from /home/runner/work/key/key/key.core/../key.ui/examples/standard_key/java_dl/exceptions3.key.proof 
175884     DEBUG main            d.u.i.k.p.i.AbstractProblemLoader Environment load took 101.1ns 
175886     INFO  main            d.u.i.k.p.i.AbstractProblemLoader Creating init config 
175924     WARN  main            d.u.i.k.j.r.KeYCrossReferenceNameInfo Datatype java.io.InputStream declared twice: Once in FILE:/home/runner/work/key/key/key.core/../key.ui/examples/standard_key/java_dl/classpath/InputStream.java and once in URL:file:/home/runner/work/key/key/key.core/build/resources/main/de/uka/ilkd/key/java/JavaRedux/java/io/InputStream.java, Keeping one from URL:file:/home/runner/work/key/key/key.core/build/resources/main/de/uka/ilkd/key/java/JavaRedux/java/io/InputStream.java 
175924     WARN  main            d.u.i.k.j.r.KeYCrossReferenceNameInfo Datatype java.lang.System declared twice: Once in FILE:/home/runner/work/key/key/key.core/../key.ui/examples/standard_key/java_dl/classpath/System.java and once in URL:file:/home/runner/work/key/key/key.core/build/resources/main/de/uka/ilkd/key/java/JavaRedux/java/lang/System.java, Keeping one from URL:file:/home/runner/work/key/key/key.core/build/resources/main/de/uka/ilkd/key/java/JavaRedux/java/lang/System.java 
175924     WARN  main            d.u.i.k.j.r.KeYCrossReferenceNameInfo Datatype java.io.PrintStream declared twice: Once in FILE:/home/runner/work/key/key/key.core/../key.ui/examples/standard_key/java_dl/classpath/PrintStream.java and once in URL:file:/home/runner/work/key/key/key.core/build/resources/main/de/uka/ilkd/key/java/JavaRedux/java/io/PrintStream.java, Keeping one from URL:file:/home/runner/work/key/key/key.core/build/resources/main/de/uka/ilkd/key/java/JavaRedux/java/io/PrintStream.java 
175927     DEBUG main            d.u.i.k.j.r.ClassFileDeclarationBuilder Parsing: package java.io; public class Closeable { } 
175927     DEBUG main            r.s.KeYCrossReferenceSourceInfo Dynamically created class: java.io.Closeable 
178663     DEBUG main            d.u.i.k.p.i.AbstractProblemLoader Init config took 2.78s 
178679     INFO  main            d.u.i.k.p.i.AbstractProblemLoader Replaying proof exceptions3.key.proof 
178687     DEBUG main            d.u.i.k.p.i.IntermediateProofReplayer Proof replay took 5.52ms 
178688     DEBUG main            d.u.i.k.p.r.p.TestFile    ... success: reloaded. 
178689     INFO  main            d.u.i.k.p.r.p.TestFile    Now processing file /home/runner/work/key/key/key.core/../key.ui/examples/standard_key/java_dl/exchange.key 
178690     INFO  main            d.u.i.k.p.i.AbstractProblemLoader Loading environment from /home/runner/work/key/key/key.core/../key.ui/examples/standard_key/java_dl/exchange.key 
178690     DEBUG main            d.u.i.k.p.i.AbstractProblemLoader Environment load took 95.3ns 
178691     INFO  main            d.u.i.k.p.i.AbstractProblemLoader Creating init config 
181336     DEBUG main            d.u.i.k.p.i.AbstractProblemLoader Init config took 2.65s 
181352     INFO  main            d.u.i.k.p.i.AbstractProblemLoader Replaying proof exchange.key 
181354     DEBUG main            d.u.i.k.p.i.IntermediateProofReplayer Proof replay took 7.4ns 
181468     INFO  main            d.u.i.k.p.r.p.TestFile    ... finished proof: closed. 
181809     INFO  main            d.u.i.k.p.i.AbstractProblemLoader Loading environment from /home/runner/work/key/key/key.core/../key.ui/examples/standard_key/java_dl/exchange.key.proof 
181810     DEBUG main            d.u.i.k.p.i.AbstractProblemLoader Environment load took 105.5ns 
181811     INFO  main            d.u.i.k.p.i.AbstractProblemLoader Creating init config 
184538     DEBUG main            d.u.i.k.p.i.AbstractProblemLoader Init config took 2.73s 
184555     INFO  main            d.u.i.k.p.i.AbstractProblemLoader Replaying proof exchange.key.proof 
184563     DEBUG main            d.u.i.k.p.i.IntermediateProofReplayer Proof replay took 6.43ms 
184564     DEBUG main            d.u.i.k.p.r.p.TestFile    ... success: reloaded. 
184565     INFO  main            d.u.i.k.p.r.p.TestFile    Now processing file /home/runner/work/key/key/key.core/../key.ui/examples/standard_key/java_dl/if.key 
184565     INFO  main            d.u.i.k.p.i.AbstractProblemLoader Loading environment from /home/runner/work/key/key/key.core/../key.ui/examples/standard_key/java_dl/if.key 
184565     DEBUG main            d.u.i.k.p.i.AbstractProblemLoader Environment load took 103ns 
184566     INFO  main            d.u.i.k.p.i.AbstractProblemLoader Creating init config 
187329     DEBUG main            d.u.i.k.p.i.AbstractProblemLoader Init config took 2.76s 
187345     INFO  main            d.u.i.k.p.i.AbstractProblemLoader Replaying proof if.key 
187347     DEBUG main            d.u.i.k.p.i.IntermediateProofReplayer Proof replay took 7.3ns 
187448     INFO  main            d.u.i.k.p.r.p.TestFile    ... finished proof: closed. 
187790     INFO  main            d.u.i.k.p.i.AbstractProblemLoader Loading environment from /home/runner/work/key/key/key.core/../key.ui/examples/standard_key/java_dl/if.key.proof 
187790     DEBUG main            d.u.i.k.p.i.AbstractProblemLoader Environment load took 102.1ns 
187791     INFO  main            d.u.i.k.p.i.AbstractProblemLoader Creating init config 
190495     DEBUG main            d.u.i.k.p.i.AbstractProblemLoader Init config took 2.7s 
190524     INFO  main            d.u.i.k.p.i.AbstractProblemLoader Replaying proof if.key.proof 
190530     DEBUG main            d.u.i.k.p.i.IntermediateProofReplayer Proof replay took 4.49ms 
190531     DEBUG main            d.u.i.k.p.r.p.TestFile    ... success: reloaded. 
190532     INFO  main            d.u.i.k.p.r.p.TestFile    Now processing file /home/runner/work/key/key/key.core/../key.ui/examples/standard_key/java_dl/incrementcounter.key 
190532     INFO  main            d.u.i.k.p.i.AbstractProblemLoader Loading environment from /home/runner/work/key/key/key.core/../key.ui/examples/standard_key/java_dl/incrementcounter.key 
190532     DEBUG main            d.u.i.k.p.i.AbstractProblemLoader Environment load took 78.6ns 
190533     INFO  main            d.u.i.k.p.i.AbstractProblemLoader Creating init config 
193296     DEBUG main            d.u.i.k.p.i.AbstractProblemLoader Init config took 2.76s 
193311     INFO  main            d.u.i.k.p.i.AbstractProblemLoader Replaying proof incrementcounter.key 
193313     DEBUG main            d.u.i.k.p.i.IntermediateProofReplayer Proof replay took 7.5ns 
193415     INFO  main            d.u.i.k.p.r.p.TestFile    ... finished proof: closed. 
193770     INFO  main            d.u.i.k.p.i.AbstractProblemLoader Loading environment from /home/runner/work/key/key/key.core/../key.ui/examples/standard_key/java_dl/incrementcounter.key.proof 
193771     DEBUG main            d.u.i.k.p.i.AbstractProblemLoader Environment load took 117.3ns 
193772     INFO  main            d.u.i.k.p.i.AbstractProblemLoader Creating init config 
196388     DEBUG main            d.u.i.k.p.i.AbstractProblemLoader Init config took 2.62s 
196404     INFO  main            d.u.i.k.p.i.AbstractProblemLoader Replaying proof incrementcounter.key.proof 
196408     DEBUG main            d.u.i.k.p.i.IntermediateProofReplayer Proof replay took 2.51ms 
196409     DEBUG main            d.u.i.k.p.r.p.TestFile    ... success: reloaded. 
196409     INFO  main            d.u.i.k.p.r.p.TestFile    Now processing file /home/runner/work/key/key/key.core/../key.ui/examples/standard_key/java_dl/danglingElse.key 
196410     INFO  main            d.u.i.k.p.i.AbstractProblemLoader Loading environment from /home/runner/work/key/key/key.core/../key.ui/examples/standard_key/java_dl/danglingElse.key 
196410     DEBUG main            d.u.i.k.p.i.AbstractProblemLoader Environment load took 105.2ns 
196413     INFO  main            d.u.i.k.p.i.AbstractProblemLoader Creating init config 
199098     DEBUG main            d.u.i.k.p.i.AbstractProblemLoader Init config took 2.68s 
199113     INFO  main            d.u.i.k.p.i.AbstractProblemLoader Replaying proof danglingElse.key 
199114     DEBUG main            d.u.i.k.p.i.IntermediateProofReplayer Proof replay took 8.4ns 
199218     INFO  main            d.u.i.k.p.r.p.TestFile    ... finished proof: open goal(s) 
199569     INFO  main            d.u.i.k.p.r.p.TestFile    Now processing file /home/runner/work/key/key/key.core/../key.ui/examples/standard_key/java_dl/iteratedAssignment.key 
199570     INFO  main            d.u.i.k.p.i.AbstractProblemLoader Loading environment from /home/runner/work/key/key/key.core/../key.ui/examples/standard_key/java_dl/iteratedAssignment.key 
199570     DEBUG main            d.u.i.k.p.i.AbstractProblemLoader Environment load took 78.1ns 
199571     INFO  main            d.u.i.k.p.i.AbstractProblemLoader Creating init config 
202200     DEBUG main            d.u.i.k.p.i.AbstractProblemLoader Init config took 2.63s 
202216     INFO  main            d.u.i.k.p.i.AbstractProblemLoader Replaying proof iteratedAssignment.key 
202218     DEBUG main            d.u.i.k.p.i.IntermediateProofReplayer Proof replay took 7.4ns 
202622     INFO  main            d.u.i.k.p.r.p.TestFile    ... finished proof: closed. 
202979     INFO  main            d.u.i.k.p.i.AbstractProblemLoader Loading environment from /home/runner/work/key/key/key.core/../key.ui/examples/standard_key/java_dl/iteratedAssignment.key.proof 
202979     DEBUG main            d.u.i.k.p.i.AbstractProblemLoader Environment load took 105.6ns 
202980     INFO  main            d.u.i.k.p.i.AbstractProblemLoader Creating init config 
205610     DEBUG main            d.u.i.k.p.i.AbstractProblemLoader Init config took 2.63s 
205625     INFO  main            d.u.i.k.p.i.AbstractProblemLoader Replaying proof iteratedAssignment.key.proof 
205713     DEBUG main            d.u.i.k.p.i.IntermediateProofReplayer Proof replay took 84.26ms 
205714     DEBUG main            d.u.i.k.p.r.p.TestFile    ... success: reloaded. 
205715     INFO  main            d.u.i.k.p.r.p.TestFile    Now processing file /home/runner/work/key/key/key.core/../key.ui/examples/standard_key/java_dl/assert/assert1.key 
205715     INFO  main            d.u.i.k.p.i.AbstractProblemLoader Loading environment from /home/runner/work/key/key/key.core/../key.ui/examples/standard_key/java_dl/assert/assert1.key 
205715     DEBUG main            d.u.i.k.p.i.AbstractProblemLoader Environment load took 99.3ns 
205716     INFO  main            d.u.i.k.p.i.AbstractProblemLoader Creating init config 
208375     DEBUG main            d.u.i.k.p.i.AbstractProblemLoader Init config took 2.66s 
208415     INFO  main            d.u.i.k.p.i.AbstractProblemLoader Replaying proof C[C::foo()].JML normal_behavior operation contract.0 
208417     DEBUG main            d.u.i.k.p.i.IntermediateProofReplayer Proof replay took 7.4ns 
208619     INFO  main            d.u.i.k.p.r.p.TestFile    ... finished proof: open goal(s) 
208992     INFO  main            d.u.i.k.p.r.p.TestFile    Now processing file /home/runner/work/key/key/key.core/../key.ui/examples/standard_key/java_dl/assert/assert2.key 
208992     INFO  main            d.u.i.k.p.i.AbstractProblemLoader Loading environment from /home/runner/work/key/key/key.core/../key.ui/examples/standard_key/java_dl/assert/assert2.key 
208992     DEBUG main            d.u.i.k.p.i.AbstractProblemLoader Environment load took 60.2ns 
208993     INFO  main            d.u.i.k.p.i.AbstractProblemLoader Creating init config 
211665     DEBUG main            d.u.i.k.p.i.AbstractProblemLoader Init config took 2.67s 
211702     INFO  main            d.u.i.k.p.i.AbstractProblemLoader Replaying proof C[C::bar()].JML exceptional_behavior operation contract.0 
211704     DEBUG main            d.u.i.k.p.i.IntermediateProofReplayer Proof replay took 7ns 
211906     INFO  main            d.u.i.k.p.r.p.TestFile    ... finished proof: closed. 
212280     INFO  main            d.u.i.k.p.i.AbstractProblemLoader Loading environment from /home/runner/work/key/key/key.core/../key.ui/examples/standard_key/java_dl/assert/assert2.key.proof 
212280     DEBUG main            d.u.i.k.p.i.AbstractProblemLoader Environment load took 105.5ns 
212281     INFO  main            d.u.i.k.p.i.AbstractProblemLoader Creating init config 
214962     DEBUG main            d.u.i.k.p.i.AbstractProblemLoader Init config took 2.68s 
215000     INFO  main            d.u.i.k.p.i.AbstractProblemLoader Replaying proof C[C::bar()].JML exceptional_behavior operation contract.0 
215051     DEBUG main            d.u.i.k.p.i.IntermediateProofReplayer Proof replay took 48.27ms 
215052     DEBUG main            d.u.i.k.p.r.p.TestFile    ... success: reloaded. 
215053     INFO  main            d.u.i.k.p.r.p.TestFile    Now processing file /home/runner/work/key/key/key.core/../key.ui/examples/standard_key/java_dl/assert/assert3.key 
215053     INFO  main            d.u.i.k.p.i.AbstractProblemLoader Loading environment from /home/runner/work/key/key/key.core/../key.ui/examples/standard_key/java_dl/assert/assert3.key 
215053     DEBUG main            d.u.i.k.p.i.AbstractProblemLoader Environment load took 101.7ns 
215054     INFO  main            d.u.i.k.p.i.AbstractProblemLoader Creating init config 
217846     DEBUG main            d.u.i.k.p.i.AbstractProblemLoader Init config took 2.79s 
217915     INFO  main            d.u.i.k.p.i.AbstractProblemLoader Replaying proof C[C::foo()].JML normal_behavior operation contract.0 
217918     DEBUG main            d.u.i.k.p.i.IntermediateProofReplayer Proof replay took 8.1ns 
218021     INFO  main            d.u.i.k.p.r.p.TestFile    ... finished proof: open goal(s) 
218591     INFO  main            d.u.i.k.p.r.p.TestFile    Now processing file /home/runner/work/key/key/key.core/../key.ui/examples/standard_key/java_dl/java5/vararg.key 
218591     INFO  main            d.u.i.k.p.i.AbstractProblemLoader Loading environment from /home/runner/work/key/key/key.core/../key.ui/examples/standard_key/java_dl/java5/vararg.key 
218591     DEBUG main            d.u.i.k.p.i.AbstractProblemLoader Environment load took 66.3ns 
218593     INFO  main            d.u.i.k.p.i.AbstractProblemLoader Creating init config 
219625     DEBUG main            d.u.i.k.j.r.ClassPreparationMethodBuilder clPrepBuilder: Inner Class detected. Reject building class initialisation methods. 
221826     DEBUG main            d.u.i.k.p.i.AbstractProblemLoader Init config took 3.23s 
221862     INFO  main            d.u.i.k.p.i.AbstractProblemLoader Replaying proof vararg.key 
221865     DEBUG main            d.u.i.k.p.i.IntermediateProofReplayer Proof replay took 16.1ns 
222254     DEBUG Thread-101      d.u.i.k.j.d.VariableSpecification Program match. Variables have different dimension (template #v0 = #vi;, source var#17[] = new java.lang.Object[]{d1, d2};) 
222425     DEBUG Thread-101      d.u.i.k.j.d.VariableSpecification Program match. Variables have different dimension (template #v0 = #vi;, source var#24[] = new java.lang.Object[]{d1, d2};) 
222607     DEBUG Thread-101      d.u.i.k.j.d.VariableSpecification Program match. Variables have different dimension (template #v0 = #vi;, source var#33[] = new java.lang.Object[]{var_1};) 
222608     DEBUG Thread-101      d.u.i.k.j.d.VariableSpecification Program match. Variables have different dimension (template #v0 = #vi;, source var#33[] = new java.lang.Object[]{var_1};) 
222751     DEBUG Thread-101      d.u.i.k.j.d.VariableSpecification Program match. Variables have different dimension (template #v0 = #vi;, source var#39[] = new java.lang.Object[]{null, null};) 
222932     DEBUG Thread-101      d.u.i.k.j.d.VariableSpecification Program match. Variables have different dimension (template #v0 = #vi;, source var#46[] = new java.lang.Object[]{};) 
223546     INFO  main            d.u.i.k.p.r.p.TestFile    ... finished proof: closed. 
223977     INFO  main            d.u.i.k.p.i.AbstractProblemLoader Loading environment from /home/runner/work/key/key/key.core/../key.ui/examples/standard_key/java_dl/java5/vararg.key.proof 
223977     DEBUG main            d.u.i.k.p.i.AbstractProblemLoader Environment load took 390.11ns 
223980     INFO  main            d.u.i.k.p.i.AbstractProblemLoader Creating init config 
224947     DEBUG main            d.u.i.k.j.r.ClassPreparationMethodBuilder clPrepBuilder: Inner Class detected. Reject building class initialisation methods. 
227054     DEBUG main            d.u.i.k.p.i.AbstractProblemLoader Init config took 3.07s 
227086     INFO  main            d.u.i.k.p.i.AbstractProblemLoader Replaying proof vararg.key.proof 
227539     DEBUG main            d.u.i.k.p.i.IntermediateProofReplayer Proof replay took 441.09ms 
227540     DEBUG main            d.u.i.k.p.r.p.TestFile    ... success: reloaded. 
227541     INFO  main            d.u.i.k.p.r.p.TestFile    Now processing file /home/runner/work/key/key/key.core/../key.ui/examples/standard_key/java_dl/java5/for_Array.key 
227541     INFO  main            d.u.i.k.p.i.AbstractProblemLoader Loading environment from /home/runner/work/key/key/key.core/../key.ui/examples/standard_key/java_dl/java5/for_Array.key 
227541     DEBUG main            d.u.i.k.p.i.AbstractProblemLoader Environment load took 110.1ns 
227542     INFO  main            d.u.i.k.p.i.AbstractProblemLoader Creating init config 
228544     DEBUG main            d.u.i.k.j.r.ClassPreparationMethodBuilder clPrepBuilder: Inner Class detected. Reject building class initialisation methods. 
230685     DEBUG main            d.u.i.k.p.i.AbstractProblemLoader Init config took 3.14s 
230749     INFO  main            d.u.i.k.p.i.AbstractProblemLoader Replaying proof For[For::sum([I)].JML operation contract.0 
230751     DEBUG main            d.u.i.k.p.i.IntermediateProofReplayer Proof replay took 7ns 
231254     INFO  main            d.u.i.k.p.r.p.TestFile    ... finished proof: closed. 
231790     INFO  main            d.u.i.k.p.i.AbstractProblemLoader Loading environment from /home/runner/work/key/key/key.core/../key.ui/examples/standard_key/java_dl/java5/for_Array.key.proof 
231790     DEBUG main            d.u.i.k.p.i.AbstractProblemLoader Environment load took 109.2ns 
231791     INFO  main            d.u.i.k.p.i.AbstractProblemLoader Creating init config 
232725     DEBUG main            d.u.i.k.j.r.ClassPreparationMethodBuilder clPrepBuilder: Inner Class detected. Reject building class initialisation methods. 
234767     DEBUG main            d.u.i.k.p.i.AbstractProblemLoader Init config took 2.98s 
234829     INFO  main            d.u.i.k.p.i.AbstractProblemLoader Replaying proof For[For::sum([I)].JML operation contract.0 
234969     DEBUG main            d.u.i.k.p.i.IntermediateProofReplayer Proof replay took 136.63ms 
234970     DEBUG main            d.u.i.k.p.r.p.TestFile    ... success: reloaded. 
234971     INFO  main            d.u.i.k.p.r.p.TestFile    Now processing file /home/runner/work/key/key/key.core/../key.ui/examples/standard_key/java_dl/java5/for_Iterable.key 
234972     INFO  main            d.u.i.k.p.i.AbstractProblemLoader Loading environment from /home/runner/work/key/key/key.core/../key.ui/examples/standard_key/java_dl/java5/for_Iterable.key 
234972     DEBUG main            d.u.i.k.p.i.AbstractProblemLoader Environment load took 101.6ns 
234973     INFO  main            d.u.i.k.p.i.AbstractProblemLoader Creating init config 
235952     DEBUG main            d.u.i.k.j.r.ClassPreparationMethodBuilder clPrepBuilder: Inner Class detected. Reject building class initialisation methods. 
238050     DEBUG main            d.u.i.k.p.i.AbstractProblemLoader Init config took 3.08s 
238120     INFO  main            d.u.i.k.p.i.AbstractProblemLoader Replaying proof For[For::infiniteLoop(For)].JML operation contract.0 
238121     DEBUG main            d.u.i.k.p.i.IntermediateProofReplayer Proof replay took 7.2ns 
238325     INFO  main            d.u.i.k.p.r.p.TestFile    ... finished proof: closed. 
238802     INFO  main            d.u.i.k.p.i.AbstractProblemLoader Loading environment from /home/runner/work/key/key/key.core/../key.ui/examples/standard_key/java_dl/java5/for_Iterable.key.proof 
238802     DEBUG main            d.u.i.k.p.i.AbstractProblemLoader Environment load took 102.8ns 
238803     INFO  main            d.u.i.k.p.i.AbstractProblemLoader Creating init config 
239724     DEBUG main            d.u.i.k.j.r.ClassPreparationMethodBuilder clPrepBuilder: Inner Class detected. Reject building class initialisation methods. 
241762     DEBUG main            d.u.i.k.p.i.AbstractProblemLoader Init config took 2.96s 
241820     INFO  main            d.u.i.k.p.i.AbstractProblemLoader Replaying proof For[For::infiniteLoop(For)].JML operation contract.0 
241897     DEBUG main            d.u.i.k.p.i.IntermediateProofReplayer Proof replay took 74.45ms 
241899     DEBUG main            d.u.i.k.p.r.p.TestFile    ... success: reloaded. 
241902     INFO  main            d.u.i.k.p.r.p.TestFile    Now processing file /home/runner/work/key/key/key.core/../key.ui/examples/standard_key/java_dl/java5/for_ReferenceArray.key 
241902     INFO  main            d.u.i.k.p.i.AbstractProblemLoader Loading environment from /home/runner/work/key/key/key.core/../key.ui/examples/standard_key/java_dl/java5/for_ReferenceArray.key 
241903     DEBUG main            d.u.i.k.p.i.AbstractProblemLoader Environment load took 184.1ns 
241903     INFO  main            d.u.i.k.p.i.AbstractProblemLoader Creating init config 
242859     DEBUG main            d.u.i.k.j.r.ClassPreparationMethodBuilder clPrepBuilder: Inner Class detected. Reject building class initialisation methods. 
244943     DEBUG main            d.u.i.k.p.i.AbstractProblemLoader Init config took 3.04s 
245028     INFO  main            d.u.i.k.p.i.AbstractProblemLoader Replaying proof ForReferenceArray[ForReferenceArray::foo([Ljava.lang.Object)].JML operation contract.0 
245030     DEBUG main            d.u.i.k.p.i.IntermediateProofReplayer Proof replay took 8.2ns 
245334     INFO  main            d.u.i.k.p.r.p.TestFile    ... finished proof: closed. 
245777     INFO  main            d.u.i.k.p.i.AbstractProblemLoader Loading environment from /home/runner/work/key/key/key.core/../key.ui/examples/standard_key/java_dl/java5/for_ReferenceArray.key.proof 
245777     DEBUG main            d.u.i.k.p.i.AbstractProblemLoader Environment load took 126ns 
245778     INFO  main            d.u.i.k.p.i.AbstractProblemLoader Creating init config 
246734     DEBUG main            d.u.i.k.j.r.ClassPreparationMethodBuilder clPrepBuilder: Inner Class detected. Reject building class initialisation methods. 
248791     DEBUG main            d.u.i.k.p.i.AbstractProblemLoader Init config took 3.01s 
248852     INFO  main            d.u.i.k.p.i.AbstractProblemLoader Replaying proof ForReferenceArray[ForReferenceArray::foo([Ljava.lang.Object)].JML operation contract.0 
248951     DEBUG main            d.u.i.k.p.i.IntermediateProofReplayer Proof replay took 95.89ms 
248952     DEBUG main            d.u.i.k.p.r.p.TestFile    ... success: reloaded. 
248953     INFO  main            d.u.i.k.p.r.p.TestFile    Now processing file /home/runner/work/key/key/key.core/../key.ui/examples/standard_key/java_dl/jml-bigint/cast.key 
248953     INFO  main            d.u.i.k.p.i.AbstractProblemLoader Loading environment from /home/runner/work/key/key/key.core/../key.ui/examples/standard_key/java_dl/jml-bigint/cast.key 
248954     DEBUG main            d.u.i.k.p.i.AbstractProblemLoader Environment load took 103.7ns 
248955     INFO  main            d.u.i.k.p.i.AbstractProblemLoader Creating init config 
251909     DEBUG main            d.u.i.k.p.i.AbstractProblemLoader Init config took 2.95s 
251949     INFO  main            d.u.i.k.p.i.AbstractProblemLoader Replaying proof Mult[Mult::cast()].JML operation contract.0 
251951     DEBUG main            d.u.i.k.p.i.IntermediateProofReplayer Proof replay took 7.4ns 
252054     INFO  main            d.u.i.k.p.r.p.TestFile    ... finished proof: closed. 
252485     INFO  main            d.u.i.k.p.i.AbstractProblemLoader Loading environment from /home/runner/work/key/key/key.core/../key.ui/examples/standard_key/java_dl/jml-bigint/cast.key.proof 
252485     DEBUG main            d.u.i.k.p.i.AbstractProblemLoader Environment load took 121ns 
252486     INFO  main            d.u.i.k.p.i.AbstractProblemLoader Creating init config 
255392     DEBUG main            d.u.i.k.p.i.AbstractProblemLoader Init config took 2.91s 
255432     INFO  main            d.u.i.k.p.i.AbstractProblemLoader Replaying proof Mult[Mult::cast()].JML operation contract.0 
255450     DEBUG main            d.u.i.k.p.i.IntermediateProofReplayer Proof replay took 16.04ms 
255451     DEBUG main            d.u.i.k.p.r.p.TestFile    ... success: reloaded. 
255452     INFO  main            d.u.i.k.p.r.p.TestFile    Now processing file /home/runner/work/key/key/key.core/../key.ui/examples/standard_key/java_dl/jml-free/loopInvFree.key 
255452     INFO  main            d.u.i.k.p.i.AbstractProblemLoader Loading environment from /home/runner/work/key/key/key.core/../key.ui/examples/standard_key/java_dl/jml-free/loopInvFree.key 
255452     DEBUG main            d.u.i.k.p.i.AbstractProblemLoader Environment load took 101.6ns 
255462     INFO  main            d.u.i.k.p.i.AbstractProblemLoader Creating init config 
258344     DEBUG main            d.u.i.k.p.i.AbstractProblemLoader Init config took 2.88s 
258381     INFO  main            d.u.i.k.p.i.AbstractProblemLoader Replaying proof LoopInvFree[LoopInvFree::test()].JML operation contract.0 
258383     DEBUG main            d.u.i.k.p.i.IntermediateProofReplayer Proof replay took 8.8ns 
258586     INFO  main            d.u.i.k.p.r.p.TestFile    ... finished proof: closed. 
259033     INFO  main            d.u.i.k.p.i.AbstractProblemLoader Loading environment from /home/runner/work/key/key/key.core/../key.ui/examples/standard_key/java_dl/jml-free/loopInvFree.key.proof 
259033     DEBUG main            d.u.i.k.p.i.AbstractProblemLoader Environment load took 376.01ns 
259034     INFO  main            d.u.i.k.p.i.AbstractProblemLoader Creating init config 
261930     DEBUG main            d.u.i.k.p.i.AbstractProblemLoader Init config took 2.9s 
261970     INFO  main            d.u.i.k.p.i.AbstractProblemLoader Replaying proof LoopInvFree[LoopInvFree::test()].JML operation contract.0 
262033     DEBUG main            d.u.i.k.p.i.IntermediateProofReplayer Proof replay took 60.35ms 
262034     DEBUG main            d.u.i.k.p.r.p.TestFile    ... success: reloaded. 
262034     INFO  main            d.u.i.k.p.r.p.TestFile    Now processing file /home/runner/work/key/key/key.core/../key.ui/examples/standard_key/java_dl/jml-free/ensuresFree.key 
262035     INFO  main            d.u.i.k.p.i.AbstractProblemLoader Loading environment from /home/runner/work/key/key/key.core/../key.ui/examples/standard_key/java_dl/jml-free/ensuresFree.key 
262035     DEBUG main            d.u.i.k.p.i.AbstractProblemLoader Environment load took 61.5ns 
262036     INFO  main            d.u.i.k.p.i.AbstractProblemLoader Creating init config 
264959     DEBUG main            d.u.i.k.p.i.AbstractProblemLoader Init config took 2.92s 
264999     INFO  main            d.u.i.k.p.i.AbstractProblemLoader Replaying proof EnsuresFree[EnsuresFree::test()].JML operation contract.0 
265000     DEBUG main            d.u.i.k.p.i.IntermediateProofReplayer Proof replay took 7.1ns 
265102     INFO  main            d.u.i.k.p.r.p.TestFile    ... finished proof: closed. 
265582     INFO  main            d.u.i.k.p.i.AbstractProblemLoader Loading environment from /home/runner/work/key/key/key.core/../key.ui/examples/standard_key/java_dl/jml-free/ensuresFree.key.proof 
265582     DEBUG main            d.u.i.k.p.i.AbstractProblemLoader Environment load took 89.1ns 
265583     INFO  main            d.u.i.k.p.i.AbstractProblemLoader Creating init config 
268418     DEBUG main            d.u.i.k.p.i.AbstractProblemLoader Init config took 2.84s 
268457     INFO  main            d.u.i.k.p.i.AbstractProblemLoader Replaying proof EnsuresFree[EnsuresFree::test()].JML operation contract.0 
268480     DEBUG main            d.u.i.k.p.i.IntermediateProofReplayer Proof replay took 21.56ms 
268481     DEBUG main            d.u.i.k.p.r.p.TestFile    ... success: reloaded. 
268482     INFO  main            d.u.i.k.p.r.p.TestFile    Now processing file /home/runner/work/key/key/key.core/../key.ui/examples/standard_key/java_dl/jml-information-flow.key 
268482     INFO  main            d.u.i.k.p.i.AbstractProblemLoader Loading environment from /home/runner/work/key/key/key.core/../key.ui/examples/standard_key/java_dl/jml-information-flow.key 
268483     DEBUG main            d.u.i.k.p.i.AbstractProblemLoader Environment load took 83.1ns 
268488     INFO  main            d.u.i.k.p.i.AbstractProblemLoader Creating init config 
271556     DEBUG main            d.u.i.k.p.i.AbstractProblemLoader Init config took 3.07s 
271619     INFO  main            d.u.i.k.p.i.AbstractProblemLoader Replaying proof jml-information-flow.key 
271620     DEBUG main            d.u.i.k.p.i.IntermediateProofReplayer Proof replay took 20.1ns 
429953     INFO  main            d.u.i.k.p.r.p.TestFile    ... finished proof: closed. 
430636     INFO  main            d.u.i.k.p.i.AbstractProblemLoader Loading environment from /home/runner/work/key/key/key.core/../key.ui/examples/standard_key/java_dl/jml-information-flow.key.proof 
430636     DEBUG main            d.u.i.k.p.i.AbstractProblemLoader Environment load took 407.11ns 
430645     INFO  main            d.u.i.k.p.i.AbstractProblemLoader Creating init config 
433665     DEBUG main            d.u.i.k.p.i.AbstractProblemLoader Init config took 3.02s 
433694     INFO  main            d.u.i.k.p.i.AbstractProblemLoader Replaying proof jml-information-flow.key.proof 
438634     DEBUG main            d.u.i.k.p.i.IntermediateProofReplayer Proof replay took 4.81s 
438642     DEBUG main            d.u.i.k.p.r.p.TestFile    ... success: reloaded. 
438643     INFO  main            d.u.i.k.p.r.p.TestFile    Now processing file /home/runner/work/key/key/key.core/../key.ui/examples/standard_key/java_dl/jml-min/min-unprovable1.key 
438643     INFO  main            d.u.i.k.p.i.AbstractProblemLoader Loading environment from /home/runner/work/key/key/key.core/../key.ui/examples/standard_key/java_dl/jml-min/min-unprovable1.key 
438644     DEBUG main            d.u.i.k.p.i.AbstractProblemLoader Environment load took 124.2ns 
438644     INFO  main            d.u.i.k.p.i.AbstractProblemLoader Creating init config 
441940     DEBUG main            d.u.i.k.p.i.AbstractProblemLoader Init config took 3.3s 
442014     INFO  main            d.u.i.k.p.i.AbstractProblemLoader Replaying proof Min[Min::foo()].JML operation contract.0 
442016     DEBUG main            d.u.i.k.p.i.IntermediateProofReplayer Proof replay took 7ns 
442119     INFO  main            d.u.i.k.p.r.p.TestFile    ... finished proof: open goal(s) 
442578     INFO  main            d.u.i.k.p.r.p.TestFile    Now processing file /home/runner/work/key/key/key.core/../key.ui/examples/standard_key/java_dl/jml-min/min-unprovable2.key 
442578     INFO  main            d.u.i.k.p.i.AbstractProblemLoader Loading environment from /home/runner/work/key/key/key.core/../key.ui/examples/standard_key/java_dl/jml-min/min-unprovable2.key 
442578     DEBUG main            d.u.i.k.p.i.AbstractProblemLoader Environment load took 66.4ns 
442579     INFO  main            d.u.i.k.p.i.AbstractProblemLoader Creating init config 
445413     DEBUG main            d.u.i.k.p.i.AbstractProblemLoader Init config took 2.83s 
445451     INFO  main            d.u.i.k.p.i.AbstractProblemLoader Replaying proof Min[Min::foo2()].JML operation contract.0 
445452     DEBUG main            d.u.i.k.p.i.IntermediateProofReplayer Proof replay took 6.9ns 
445554     INFO  main            d.u.i.k.p.r.p.TestFile    ... finished proof: open goal(s) 
446009     INFO  main            d.u.i.k.p.r.p.TestFile    Now processing file /home/runner/work/key/key/key.core/../key.ui/examples/standard_key/java_dl/methodCall.key 
446009     INFO  main            d.u.i.k.p.i.AbstractProblemLoader Loading environment from /home/runner/work/key/key/key.core/../key.ui/examples/standard_key/java_dl/methodCall.key 
446009     DEBUG main            d.u.i.k.p.i.AbstractProblemLoader Environment load took 73.3ns 
446010     INFO  main            d.u.i.k.p.i.AbstractProblemLoader Creating init config 
448863     DEBUG main            d.u.i.k.p.i.AbstractProblemLoader Init config took 2.85s 
448879     INFO  main            d.u.i.k.p.i.AbstractProblemLoader Replaying proof methodCall.key 
448880     DEBUG main            d.u.i.k.p.i.IntermediateProofReplayer Proof replay took 18.1ns 
448982     INFO  main            d.u.i.k.p.r.p.TestFile    ... finished proof: closed. 
449436     INFO  main            d.u.i.k.p.i.AbstractProblemLoader Loading environment from /home/runner/work/key/key/key.core/../key.ui/examples/standard_key/java_dl/methodCall.key.proof 
449436     DEBUG main            d.u.i.k.p.i.AbstractProblemLoader Environment load took 92.8ns 
449437     INFO  main            d.u.i.k.p.i.AbstractProblemLoader Creating init config 
452259     DEBUG main            d.u.i.k.p.i.AbstractProblemLoader Init config took 2.82s 
452274     INFO  main            d.u.i.k.p.i.AbstractProblemLoader Replaying proof methodCall.key.proof 
452278     DEBUG main            d.u.i.k.p.i.IntermediateProofReplayer Proof replay took 2.26ms 
452279     DEBUG main            d.u.i.k.p.r.p.TestFile    ... success: reloaded. 
452280     INFO  main            d.u.i.k.p.r.p.TestFile    Now processing file /home/runner/work/key/key/key.core/../key.ui/examples/standard_key/java_dl/methodCall1.key 
452280     INFO  main            d.u.i.k.p.i.AbstractProblemLoader Loading environment from /home/runner/work/key/key/key.core/../key.ui/examples/standard_key/java_dl/methodCall1.key 
452280     DEBUG main            d.u.i.k.p.i.AbstractProblemLoader Environment load took 65.4ns 
452281     INFO  main            d.u.i.k.p.i.AbstractProblemLoader Creating init config 
455105     DEBUG main            d.u.i.k.p.i.AbstractProblemLoader Init config took 2.82s 
455120     INFO  main            d.u.i.k.p.i.AbstractProblemLoader Replaying proof methodCall1.key 
455122     DEBUG main            d.u.i.k.p.i.IntermediateProofReplayer Proof replay took 6.8ns 
455224     INFO  main            d.u.i.k.p.r.p.TestFile    ... finished proof: closed. 
455697     INFO  main            d.u.i.k.p.i.AbstractProblemLoader Loading environment from /home/runner/work/key/key/key.core/../key.ui/examples/standard_key/java_dl/methodCall1.key.proof 
455697     DEBUG main            d.u.i.k.p.i.AbstractProblemLoader Environment load took 93ns 
455698     INFO  main            d.u.i.k.p.i.AbstractProblemLoader Creating init config 
458424     DEBUG main            d.u.i.k.p.i.AbstractProblemLoader Init config took 2.73s 
458438     INFO  main            d.u.i.k.p.i.AbstractProblemLoader Replaying proof methodCall1.key.proof 
458457     DEBUG main            d.u.i.k.p.i.IntermediateProofReplayer Proof replay took 16.28ms 
458458     DEBUG main            d.u.i.k.p.r.p.TestFile    ... success: reloaded. 
458461     INFO  main            d.u.i.k.p.r.p.TestFile    Now processing file /home/runner/work/key/key/key.core/../key.ui/examples/standard_key/java_dl/methodCall1box.key 
458461     INFO  main            d.u.i.k.p.i.AbstractProblemLoader Loading environment from /home/runner/work/key/key/key.core/../key.ui/examples/standard_key/java_dl/methodCall1box.key 
458462     DEBUG main            d.u.i.k.p.i.AbstractProblemLoader Environment load took 748.11ns 
458463     INFO  main            d.u.i.k.p.i.AbstractProblemLoader Creating init config 
461237     DEBUG main            d.u.i.k.p.i.AbstractProblemLoader Init config took 2.77s 
461252     INFO  main            d.u.i.k.p.i.AbstractProblemLoader Replaying proof methodCall1box.key 
461253     DEBUG main            d.u.i.k.p.i.IntermediateProofReplayer Proof replay took 9.5ns 
461355     INFO  main            d.u.i.k.p.r.p.TestFile    ... finished proof: closed. 
461820     INFO  main            d.u.i.k.p.i.AbstractProblemLoader Loading environment from /home/runner/work/key/key/key.core/../key.ui/examples/standard_key/java_dl/methodCall1box.key.proof 
461820     DEBUG main            d.u.i.k.p.i.AbstractProblemLoader Environment load took 86.4ns 
461821     INFO  main            d.u.i.k.p.i.AbstractProblemLoader Creating init config 
464602     DEBUG main            d.u.i.k.p.i.AbstractProblemLoader Init config took 2.78s 
464617     INFO  main            d.u.i.k.p.i.AbstractProblemLoader Replaying proof methodCall1box.key.proof 
464634     DEBUG main            d.u.i.k.p.i.IntermediateProofReplayer Proof replay took 14.94ms 
464635     DEBUG main            d.u.i.k.p.r.p.TestFile    ... success: reloaded. 
464635     INFO  main            d.u.i.k.p.r.p.TestFile    Now processing file /home/runner/work/key/key/key.core/../key.ui/examples/standard_key/java_dl/methodCall3.key 
464636     INFO  main            d.u.i.k.p.i.AbstractProblemLoader Loading environment from /home/runner/work/key/key/key.core/../key.ui/examples/standard_key/java_dl/methodCall3.key 
464636     DEBUG main            d.u.i.k.p.i.AbstractProblemLoader Environment load took 56.8ns 
464637     INFO  main            d.u.i.k.p.i.AbstractProblemLoader Creating init config 
467402     DEBUG main            d.u.i.k.p.i.AbstractProblemLoader Init config took 2.76s 
467416     INFO  main            d.u.i.k.p.i.AbstractProblemLoader Replaying proof methodCall3.key 
467417     DEBUG main            d.u.i.k.p.i.IntermediateProofReplayer Proof replay took 6.3ns 
467519     INFO  main            d.u.i.k.p.r.p.TestFile    ... finished proof: closed. 
468014     INFO  main            d.u.i.k.p.i.AbstractProblemLoader Loading environment from /home/runner/work/key/key/key.core/../key.ui/examples/standard_key/java_dl/methodCall3.key.proof 
468014     DEBUG main            d.u.i.k.p.i.AbstractProblemLoader Environment load took 105.1ns 
468016     INFO  main            d.u.i.k.p.i.AbstractProblemLoader Creating init config 
470756     DEBUG main            d.u.i.k.p.i.AbstractProblemLoader Init config took 2.74s 
470776     INFO  main            d.u.i.k.p.i.AbstractProblemLoader Replaying proof methodCall3.key.proof 
470793     DEBUG main            d.u.i.k.p.i.IntermediateProofReplayer Proof replay took 13.44ms 
470794     DEBUG main            d.u.i.k.p.r.p.TestFile    ... success: reloaded. 
470799     INFO  main            d.u.i.k.p.r.p.TestFile    Now processing file /home/runner/work/key/key/key.core/../key.ui/examples/standard_key/java_dl/polishFlagSort.key 
470802     INFO  main            d.u.i.k.p.i.AbstractProblemLoader Loading environment from /home/runner/work/key/key/key.core/../key.ui/examples/standard_key/java_dl/polishFlagSort.key 
470802     DEBUG main            d.u.i.k.p.i.AbstractProblemLoader Environment load took 160.9ns 
470804     INFO  main            d.u.i.k.p.i.AbstractProblemLoader Creating init config 
473660     DEBUG main            d.u.i.k.p.i.AbstractProblemLoader Init config took 2.86s 
473677     INFO  main            d.u.i.k.p.i.AbstractProblemLoader Replaying proof polishFlagSort.key 
473678     DEBUG main            d.u.i.k.p.i.IntermediateProofReplayer Proof replay took 7.1ns 
476387     INFO  main            d.u.i.k.p.r.p.TestFile    ... finished proof: closed. 
476927     INFO  main            d.u.i.k.p.i.AbstractProblemLoader Loading environment from /home/runner/work/key/key/key.core/../key.ui/examples/standard_key/java_dl/polishFlagSort.key.proof 
476927     DEBUG main            d.u.i.k.p.i.AbstractProblemLoader Environment load took 340.1ns 
476929     INFO  main            d.u.i.k.p.i.AbstractProblemLoader Creating init config 
479716     DEBUG main            d.u.i.k.p.i.AbstractProblemLoader Init config took 2.79s 
479731     INFO  main            d.u.i.k.p.i.AbstractProblemLoader Replaying proof polishFlagSort.key.proof 
480178     DEBUG main            d.u.i.k.p.i.IntermediateProofReplayer Proof replay took 435.33ms 
480180     DEBUG main            d.u.i.k.p.r.p.TestFile    ... success: reloaded. 
480181     INFO  main            d.u.i.k.p.r.p.TestFile    Now processing file /home/runner/work/key/key/key.core/../key.ui/examples/standard_key/java_dl/postConditionTaclets1.key 
480181     INFO  main            d.u.i.k.p.i.AbstractProblemLoader Loading environment from /home/runner/work/key/key/key.core/../key.ui/examples/standard_key/java_dl/postConditionTaclets1.key 
480181     DEBUG main            d.u.i.k.p.i.AbstractProblemLoader Environment load took 94.7ns 
480182     INFO  main            d.u.i.k.p.i.AbstractProblemLoader Creating init config 
482950     DEBUG main            d.u.i.k.p.i.AbstractProblemLoader Init config took 2.77s 
482971     INFO  main            d.u.i.k.p.i.AbstractProblemLoader Replaying proof postConditionTaclets1.key 
482973     DEBUG main            d.u.i.k.p.i.IntermediateProofReplayer Proof replay took 6.5ns 
483081     INFO  main            d.u.i.k.p.r.p.TestFile    ... finished proof: closed. 
483657     INFO  main            d.u.i.k.p.i.AbstractProblemLoader Loading environment from /home/runner/work/key/key/key.core/../key.ui/examples/standard_key/java_dl/postConditionTaclets1.key.proof 
483657     DEBUG main            d.u.i.k.p.i.AbstractProblemLoader Environment load took 81.9ns 
483658     INFO  main            d.u.i.k.p.i.AbstractProblemLoader Creating init config 
486336     DEBUG main            d.u.i.k.p.i.AbstractProblemLoader Init config took 2.68s 
486351     INFO  main            d.u.i.k.p.i.AbstractProblemLoader Replaying proof postConditionTaclets1.key.proof 
486353     DEBUG main            d.u.i.k.p.i.IntermediateProofReplayer Proof replay took 482.89ns 
486354     DEBUG main            d.u.i.k.p.r.p.TestFile    ... success: reloaded. 
486354     INFO  main            d.u.i.k.p.r.p.TestFile    Now processing file /home/runner/work/key/key/key.core/../key.ui/examples/standard_key/java_dl/postConditionTaclets2.key 
486355     INFO  main            d.u.i.k.p.i.AbstractProblemLoader Loading environment from /home/runner/work/key/key/key.core/../key.ui/examples/standard_key/java_dl/postConditionTaclets2.key 
486355     DEBUG main            d.u.i.k.p.i.AbstractProblemLoader Environment load took 54.7ns 
486356     INFO  main            d.u.i.k.p.i.AbstractProblemLoader Creating init config 
489124     DEBUG main            d.u.i.k.p.i.AbstractProblemLoader Init config took 2.77s 
489139     INFO  main            d.u.i.k.p.i.AbstractProblemLoader Replaying proof postConditionTaclets2.key 
489140     DEBUG main            d.u.i.k.p.i.IntermediateProofReplayer Proof replay took 6.1ns 
489248     INFO  main            d.u.i.k.p.r.p.TestFile    ... finished proof: closed. 
489743     INFO  main            d.u.i.k.p.i.AbstractProblemLoader Loading environment from /home/runner/work/key/key/key.core/../key.ui/examples/standard_key/java_dl/postConditionTaclets2.key.proof 
489743     DEBUG main            d.u.i.k.p.i.AbstractProblemLoader Environment load took 110.3ns 
489744     INFO  main            d.u.i.k.p.i.AbstractProblemLoader Creating init config 
492453     DEBUG main            d.u.i.k.p.i.AbstractProblemLoader Init config took 2.71s 
492470     INFO  main            d.u.i.k.p.i.AbstractProblemLoader Replaying proof postConditionTaclets2.key.proof 
492472     DEBUG main            d.u.i.k.p.i.IntermediateProofReplayer Proof replay took 799.01ns 
492473     DEBUG main            d.u.i.k.p.r.p.TestFile    ... success: reloaded. 
492474     INFO  main            d.u.i.k.p.r.p.TestFile    Now processing file /home/runner/work/key/key/key.core/../key.ui/examples/standard_key/java_dl/quantifiedQuery.key 
492474     INFO  main            d.u.i.k.p.i.AbstractProblemLoader Loading environment from /home/runner/work/key/key/key.core/../key.ui/examples/standard_key/java_dl/quantifiedQuery.key 
492475     DEBUG main            d.u.i.k.p.i.AbstractProblemLoader Environment load took 202.2ns 
492476     INFO  main            d.u.i.k.p.i.AbstractProblemLoader Creating init config 
495316     DEBUG main            d.u.i.k.p.i.AbstractProblemLoader Init config took 2.84s 
495331     INFO  main            d.u.i.k.p.i.AbstractProblemLoader Replaying proof quantifiedQuery.key 
495333     DEBUG main            d.u.i.k.p.i.IntermediateProofReplayer Proof replay took 6.8ns 
495438     INFO  main            d.u.i.k.p.r.p.TestFile    ... finished proof: closed. 
495974     INFO  main            d.u.i.k.p.i.AbstractProblemLoader Loading environment from /home/runner/work/key/key/key.core/../key.ui/examples/standard_key/java_dl/quantifiedQuery.key.proof 
495974     DEBUG main            d.u.i.k.p.i.AbstractProblemLoader Environment load took 105.8ns 
495976     INFO  main            d.u.i.k.p.i.AbstractProblemLoader Creating init config 
498763     DEBUG main            d.u.i.k.p.i.AbstractProblemLoader Init config took 2.79s 
498778     INFO  main            d.u.i.k.p.i.AbstractProblemLoader Replaying proof quantifiedQuery.key.proof 
498793     DEBUG main            d.u.i.k.p.i.IntermediateProofReplayer Proof replay took 12.5ms 
498794     DEBUG main            d.u.i.k.p.r.p.TestFile    ... success: reloaded. 
498794     INFO  main            d.u.i.k.p.r.p.TestFile    Now processing file /home/runner/work/key/key/key.core/../key.ui/examples/standard_key/java_dl/recursion/triangular.key 
498795     INFO  main            d.u.i.k.p.i.AbstractProblemLoader Loading environment from /home/runner/work/key/key/key.core/../key.ui/examples/standard_key/java_dl/recursion/triangular.key 
498795     DEBUG main            d.u.i.k.p.i.AbstractProblemLoader Environment load took 101.1ns 
498796     INFO  main            d.u.i.k.p.i.AbstractProblemLoader Creating init config 
501636     DEBUG main            d.u.i.k.p.i.AbstractProblemLoader Init config took 2.84s 
501677     INFO  main            d.u.i.k.p.i.AbstractProblemLoader Replaying proof Triangular[Triangular::tria(int)].JML normal_behavior operation contract.0 
501678     DEBUG main            d.u.i.k.p.i.IntermediateProofReplayer Proof replay took 6.7ns 
501881     INFO  main            d.u.i.k.p.r.p.TestFile    ... finished proof: closed. 
502505     INFO  main            d.u.i.k.p.i.AbstractProblemLoader Loading environment from /home/runner/work/key/key/key.core/../key.ui/examples/standard_key/java_dl/recursion/triangular.key.proof 
502505     DEBUG main            d.u.i.k.p.i.AbstractProblemLoader Environment load took 94ns 
502506     INFO  main            d.u.i.k.p.i.AbstractProblemLoader Creating init config 
505344     DEBUG main            d.u.i.k.p.i.AbstractProblemLoader Init config took 2.84s 
505384     INFO  main            d.u.i.k.p.i.AbstractProblemLoader Replaying proof Triangular[Triangular::tria(int)].JML normal_behavior operation contract.0 
505430     DEBUG main            d.u.i.k.p.i.IntermediateProofReplayer Proof replay took 43.95ms 
505431     DEBUG main            d.u.i.k.p.r.p.TestFile    ... success: reloaded. 
505431     INFO  main            d.u.i.k.p.r.p.TestFile    Now processing file /home/runner/work/key/key/key.core/../key.ui/examples/standard_key/java_dl/reverseArray.key 
505432     INFO  main            d.u.i.k.p.i.AbstractProblemLoader Loading environment from /home/runner/work/key/key/key.core/../key.ui/examples/standard_key/java_dl/reverseArray.key 
505432     DEBUG main            d.u.i.k.p.i.AbstractProblemLoader Environment load took 56.9ns 
505434     INFO  main            d.u.i.k.p.i.AbstractProblemLoader Creating init config 
505459     WARN  main            d.u.i.k.j.r.KeYCrossReferenceNameInfo Datatype java.io.InputStream declared twice: Once in FILE:/home/runner/work/key/key/key.core/../key.ui/examples/standard_key/java_dl/./classpath/InputStream.java and once in URL:file:/home/runner/work/key/key/key.core/build/resources/main/de/uka/ilkd/key/java/JavaRedux/java/io/InputStream.java, Keeping one from URL:file:/home/runner/work/key/key/key.core/build/resources/main/de/uka/ilkd/key/java/JavaRedux/java/io/InputStream.java 
505459     WARN  main            d.u.i.k.j.r.KeYCrossReferenceNameInfo Datatype java.lang.System declared twice: Once in FILE:/home/runner/work/key/key/key.core/../key.ui/examples/standard_key/java_dl/./classpath/System.java and once in URL:file:/home/runner/work/key/key/key.core/build/resources/main/de/uka/ilkd/key/java/JavaRedux/java/lang/System.java, Keeping one from URL:file:/home/runner/work/key/key/key.core/build/resources/main/de/uka/ilkd/key/java/JavaRedux/java/lang/System.java 
505459     WARN  main            d.u.i.k.j.r.KeYCrossReferenceNameInfo Datatype java.io.PrintStream declared twice: Once in FILE:/home/runner/work/key/key/key.core/../key.ui/examples/standard_key/java_dl/./classpath/PrintStream.java and once in URL:file:/home/runner/work/key/key/key.core/build/resources/main/de/uka/ilkd/key/java/JavaRedux/java/io/PrintStream.java, Keeping one from URL:file:/home/runner/work/key/key/key.core/build/resources/main/de/uka/ilkd/key/java/JavaRedux/java/io/PrintStream.java 
505462     DEBUG main            d.u.i.k.j.r.ClassFileDeclarationBuilder Parsing: package java.io; public class Closeable { } 
505462     DEBUG main            r.s.KeYCrossReferenceSourceInfo Dynamically created class: java.io.Closeable 
508372     DEBUG main            d.u.i.k.p.i.AbstractProblemLoader Init config took 2.94s 
508399     INFO  main            d.u.i.k.p.i.AbstractProblemLoader Replaying proof reverseArray.key 
508400     DEBUG main            d.u.i.k.p.i.IntermediateProofReplayer Proof replay took 6.4ns 
513845     INFO  main            d.u.i.k.p.r.p.TestFile    ... finished proof: closed. 
514445     INFO  main            d.u.i.k.p.i.AbstractProblemLoader Loading environment from /home/runner/work/key/key/key.core/../key.ui/examples/standard_key/java_dl/reverseArray.key.proof 
514445     DEBUG main            d.u.i.k.p.i.AbstractProblemLoader Environment load took 85.7ns 
514447     INFO  main            d.u.i.k.p.i.AbstractProblemLoader Creating init config 
514475     WARN  main            d.u.i.k.j.r.KeYCrossReferenceNameInfo Datatype java.io.InputStream declared twice: Once in FILE:/home/runner/work/key/key/key.core/../key.ui/examples/standard_key/java_dl/classpath/InputStream.java and once in URL:file:/home/runner/work/key/key/key.core/build/resources/main/de/uka/ilkd/key/java/JavaRedux/java/io/InputStream.java, Keeping one from URL:file:/home/runner/work/key/key/key.core/build/resources/main/de/uka/ilkd/key/java/JavaRedux/java/io/InputStream.java 
514475     WARN  main            d.u.i.k.j.r.KeYCrossReferenceNameInfo Datatype java.lang.System declared twice: Once in FILE:/home/runner/work/key/key/key.core/../key.ui/examples/standard_key/java_dl/classpath/System.java and once in URL:file:/home/runner/work/key/key/key.core/build/resources/main/de/uka/ilkd/key/java/JavaRedux/java/lang/System.java, Keeping one from URL:file:/home/runner/work/key/key/key.core/build/resources/main/de/uka/ilkd/key/java/JavaRedux/java/lang/System.java 
514475     WARN  main            d.u.i.k.j.r.KeYCrossReferenceNameInfo Datatype java.io.PrintStream declared twice: Once in FILE:/home/runner/work/key/key/key.core/../key.ui/examples/standard_key/java_dl/classpath/PrintStream.java and once in URL:file:/home/runner/work/key/key/key.core/build/resources/main/de/uka/ilkd/key/java/JavaRedux/java/io/PrintStream.java, Keeping one from URL:file:/home/runner/work/key/key/key.core/build/resources/main/de/uka/ilkd/key/java/JavaRedux/java/io/PrintStream.java 
514478     DEBUG main            d.u.i.k.j.r.ClassFileDeclarationBuilder Parsing: package java.io; public class Closeable { } 
514478     DEBUG main            r.s.KeYCrossReferenceSourceInfo Dynamically created class: java.io.Closeable 
517257     DEBUG main            d.u.i.k.p.i.AbstractProblemLoader Init config took 2.81s 
517273     INFO  main            d.u.i.k.p.i.AbstractProblemLoader Replaying proof reverseArray.key.proof 
518124     DEBUG main            d.u.i.k.p.i.IntermediateProofReplayer Proof replay took 837.55ms 
518126     DEBUG main            d.u.i.k.p.r.p.TestFile    ... success: reloaded. 
518127     INFO  main            d.u.i.k.p.r.p.TestFile    Now processing file /home/runner/work/key/key/key.core/../key.ui/examples/standard_key/java_dl/reverseArray2.key 
518127     INFO  main            d.u.i.k.p.i.AbstractProblemLoader Loading environment from /home/runner/work/key/key/key.core/../key.ui/examples/standard_key/java_dl/reverseArray2.key 
518127     DEBUG main            d.u.i.k.p.i.AbstractProblemLoader Environment load took 73ns 
518129     INFO  main            d.u.i.k.p.i.AbstractProblemLoader Creating init config 
518154     WARN  main            d.u.i.k.j.r.KeYCrossReferenceNameInfo Datatype java.io.InputStream declared twice: Once in FILE:/home/runner/work/key/key/key.core/../key.ui/examples/standard_key/java_dl/classpath/InputStream.java and once in URL:file:/home/runner/work/key/key/key.core/build/resources/main/de/uka/ilkd/key/java/JavaRedux/java/io/InputStream.java, Keeping one from URL:file:/home/runner/work/key/key/key.core/build/resources/main/de/uka/ilkd/key/java/JavaRedux/java/io/InputStream.java 
518154     WARN  main            d.u.i.k.j.r.KeYCrossReferenceNameInfo Datatype java.lang.System declared twice: Once in FILE:/home/runner/work/key/key/key.core/../key.ui/examples/standard_key/java_dl/classpath/System.java and once in URL:file:/home/runner/work/key/key/key.core/build/resources/main/de/uka/ilkd/key/java/JavaRedux/java/lang/System.java, Keeping one from URL:file:/home/runner/work/key/key/key.core/build/resources/main/de/uka/ilkd/key/java/JavaRedux/java/lang/System.java 
518154     WARN  main            d.u.i.k.j.r.KeYCrossReferenceNameInfo Datatype java.io.PrintStream declared twice: Once in FILE:/home/runner/work/key/key/key.core/../key.ui/examples/standard_key/java_dl/classpath/PrintStream.java and once in URL:file:/home/runner/work/key/key/key.core/build/resources/main/de/uka/ilkd/key/java/JavaRedux/java/io/PrintStream.java, Keeping one from URL:file:/home/runner/work/key/key/key.core/build/resources/main/de/uka/ilkd/key/java/JavaRedux/java/io/PrintStream.java 
518157     DEBUG main            d.u.i.k.j.r.ClassFileDeclarationBuilder Parsing: package java.io; public class Closeable { } 
518157     DEBUG main            r.s.KeYCrossReferenceSourceInfo Dynamically created class: java.io.Closeable 
521158     DEBUG main            d.u.i.k.p.i.AbstractProblemLoader Init config took 3.03s 
521175     INFO  main            d.u.i.k.p.i.AbstractProblemLoader Replaying proof reverseArray2.key 
521177     DEBUG main            d.u.i.k.p.i.IntermediateProofReplayer Proof replay took 35.2ns 
522883     INFO  main            d.u.i.k.p.r.p.TestFile    ... finished proof: closed. 
523532     INFO  main            d.u.i.k.p.i.AbstractProblemLoader Loading environment from /home/runner/work/key/key/key.core/../key.ui/examples/standard_key/java_dl/reverseArray2.key.proof 
523533     DEBUG main            d.u.i.k.p.i.AbstractProblemLoader Environment load took 92.1ns 
523534     INFO  main            d.u.i.k.p.i.AbstractProblemLoader Creating init config 
523558     WARN  main            d.u.i.k.j.r.KeYCrossReferenceNameInfo Datatype java.io.InputStream declared twice: Once in FILE:/home/runner/work/key/key/key.core/../key.ui/examples/standard_key/java_dl/classpath/InputStream.java and once in URL:file:/home/runner/work/key/key/key.core/build/resources/main/de/uka/ilkd/key/java/JavaRedux/java/io/InputStream.java, Keeping one from URL:file:/home/runner/work/key/key/key.core/build/resources/main/de/uka/ilkd/key/java/JavaRedux/java/io/InputStream.java 
523558     WARN  main            d.u.i.k.j.r.KeYCrossReferenceNameInfo Datatype java.lang.System declared twice: Once in FILE:/home/runner/work/key/key/key.core/../key.ui/examples/standard_key/java_dl/classpath/System.java and once in URL:file:/home/runner/work/key/key/key.core/build/resources/main/de/uka/ilkd/key/java/JavaRedux/java/lang/System.java, Keeping one from URL:file:/home/runner/work/key/key/key.core/build/resources/main/de/uka/ilkd/key/java/JavaRedux/java/lang/System.java 
523558     WARN  main            d.u.i.k.j.r.KeYCrossReferenceNameInfo Datatype java.io.PrintStream declared twice: Once in FILE:/home/runner/work/key/key/key.core/../key.ui/examples/standard_key/java_dl/classpath/PrintStream.java and once in URL:file:/home/runner/work/key/key/key.core/build/resources/main/de/uka/ilkd/key/java/JavaRedux/java/io/PrintStream.java, Keeping one from URL:file:/home/runner/work/key/key/key.core/build/resources/main/de/uka/ilkd/key/java/JavaRedux/java/io/PrintStream.java 
523561     DEBUG main            d.u.i.k.j.r.ClassFileDeclarationBuilder Parsing: package java.io; public class Closeable { } 
523561     DEBUG main            r.s.KeYCrossReferenceSourceInfo Dynamically created class: java.io.Closeable 
526333     DEBUG main            d.u.i.k.p.i.AbstractProblemLoader Init config took 2.8s 
526351     INFO  main            d.u.i.k.p.i.AbstractProblemLoader Replaying proof reverseArray2.key.proof 
526630     DEBUG main            d.u.i.k.p.i.IntermediateProofReplayer Proof replay took 274.54ms 
526632     DEBUG main            d.u.i.k.p.r.p.TestFile    ... success: reloaded. 
526633     INFO  main            d.u.i.k.p.r.p.TestFile    Now processing file /home/runner/work/key/key/key.core/../key.ui/examples/standard_key/java_dl/simpleAssignment.key 
526633     INFO  main            d.u.i.k.p.i.AbstractProblemLoader Loading environment from /home/runner/work/key/key/key.core/../key.ui/examples/standard_key/java_dl/simpleAssignment.key 
526634     DEBUG main            d.u.i.k.p.i.AbstractProblemLoader Environment load took 163.9ns 
526634     INFO  main            d.u.i.k.p.i.AbstractProblemLoader Creating init config 
529373     DEBUG main            d.u.i.k.p.i.AbstractProblemLoader Init config took 2.74s 
529388     INFO  main            d.u.i.k.p.i.AbstractProblemLoader Replaying proof simpleAssignment.key 
529389     DEBUG main            d.u.i.k.p.i.IntermediateProofReplayer Proof replay took 3.4ns 
529491     INFO  main            d.u.i.k.p.r.p.TestFile    ... finished proof: closed. 
530087     INFO  main            d.u.i.k.p.i.AbstractProblemLoader Loading environment from /home/runner/work/key/key/key.core/../key.ui/examples/standard_key/java_dl/simpleAssignment.key.proof 
530087     DEBUG main            d.u.i.k.p.i.AbstractProblemLoader Environment load took 113.6ns 
530088     INFO  main            d.u.i.k.p.i.AbstractProblemLoader Creating init config 
532754     DEBUG main            d.u.i.k.p.i.AbstractProblemLoader Init config took 2.67s 
532782     INFO  main            d.u.i.k.p.i.AbstractProblemLoader Replaying proof simpleAssignment.key.proof 
532784     DEBUG main            d.u.i.k.p.i.IntermediateProofReplayer Proof replay took 789.31ns 
532785     DEBUG main            d.u.i.k.p.r.p.TestFile    ... success: reloaded. 
532786     INFO  main            d.u.i.k.p.r.p.TestFile    Now processing file /home/runner/work/key/key/key.core/../key.ui/examples/standard_key/java_dl/simpleAssignment2.key 
532786     INFO  main            d.u.i.k.p.i.AbstractProblemLoader Loading environment from /home/runner/work/key/key/key.core/../key.ui/examples/standard_key/java_dl/simpleAssignment2.key 
532786     DEBUG main            d.u.i.k.p.i.AbstractProblemLoader Environment load took 56.3ns 
532787     INFO  main            d.u.i.k.p.i.AbstractProblemLoader Creating init config 
535554     DEBUG main            d.u.i.k.p.i.AbstractProblemLoader Init config took 2.77s 
535588     INFO  main            d.u.i.k.p.i.AbstractProblemLoader Replaying proof simpleAssignment2.key 
535589     DEBUG main            d.u.i.k.p.i.IntermediateProofReplayer Proof replay took 4.3ns 
535693     INFO  main            d.u.i.k.p.r.p.TestFile    ... finished proof: closed. 
536226     INFO  main            d.u.i.k.p.i.AbstractProblemLoader Loading environment from /home/runner/work/key/key/key.core/../key.ui/examples/standard_key/java_dl/simpleAssignment2.key.proof 
536226     DEBUG main            d.u.i.k.p.i.AbstractProblemLoader Environment load took 89.9ns 
536227     INFO  main            d.u.i.k.p.i.AbstractProblemLoader Creating init config 
539000     DEBUG main            d.u.i.k.p.i.AbstractProblemLoader Init config took 2.77s 
539013     INFO  main            d.u.i.k.p.i.AbstractProblemLoader Replaying proof simpleAssignment2.key.proof 
539015     DEBUG main            d.u.i.k.p.i.IntermediateProofReplayer Proof replay took 441.9ns 
539016     DEBUG main            d.u.i.k.p.r.p.TestFile    ... success: reloaded. 
539016     INFO  main            d.u.i.k.p.r.p.TestFile    Now processing file /home/runner/work/key/key/key.core/../key.ui/examples/standard_key/java_dl/splittingWithQueries.key 
539017     INFO  main            d.u.i.k.p.i.AbstractProblemLoader Loading environment from /home/runner/work/key/key/key.core/../key.ui/examples/standard_key/java_dl/splittingWithQueries.key 
539017     DEBUG main            d.u.i.k.p.i.AbstractProblemLoader Environment load took 55.8ns 
539018     INFO  main            d.u.i.k.p.i.AbstractProblemLoader Creating init config 
542010     DEBUG main            d.u.i.k.p.i.AbstractProblemLoader Init config took 2.99s 
542027     INFO  main            d.u.i.k.p.i.AbstractProblemLoader Replaying proof splittingWithQueries.key 
542028     DEBUG main            d.u.i.k.p.i.IntermediateProofReplayer Proof replay took 3.3ns 
542130     INFO  main            d.u.i.k.p.r.p.TestFile    ... finished proof: closed. 
542710     INFO  main            d.u.i.k.p.i.AbstractProblemLoader Loading environment from /home/runner/work/key/key/key.core/../key.ui/examples/standard_key/java_dl/splittingWithQueries.key.proof 
542710     DEBUG main            d.u.i.k.p.i.AbstractProblemLoader Environment load took 82.6ns 
542711     INFO  main            d.u.i.k.p.i.AbstractProblemLoader Creating init config 
545520     DEBUG main            d.u.i.k.p.i.AbstractProblemLoader Init config took 2.81s 
545534     INFO  main            d.u.i.k.p.i.AbstractProblemLoader Replaying proof splittingWithQueries.key.proof 
545539     DEBUG main            d.u.i.k.p.i.IntermediateProofReplayer Proof replay took 2.25ms 
545540     DEBUG main            d.u.i.k.p.r.p.TestFile    ... success: reloaded. 
545541     INFO  main            d.u.i.k.p.r.p.TestFile    Now processing file /home/runner/work/key/key/key.core/../key.ui/examples/standard_key/java_dl/strassen/strassen.key 
545541     INFO  main            d.u.i.k.p.i.AbstractProblemLoader Loading environment from /home/runner/work/key/key/key.core/../key.ui/examples/standard_key/java_dl/strassen/strassen.key 
545541     DEBUG main            d.u.i.k.p.i.AbstractProblemLoader Environment load took 206.3ns 
545542     INFO  main            d.u.i.k.p.i.AbstractProblemLoader Creating init config 
548498     DEBUG main            d.u.i.k.p.i.AbstractProblemLoader Init config took 2.96s 
548537     INFO  main            d.u.i.k.p.i.AbstractProblemLoader Replaying proof Matrix22[Matrix22::strassen(Matrix22,Matrix22)].JML normal_behavior operation contract.0 
548539     DEBUG main            d.u.i.k.p.i.IntermediateProofReplayer Proof replay took 3.6ns 
554654     INFO  main            d.u.i.k.p.r.p.TestFile    ... finished proof: closed. 
555378     INFO  main            d.u.i.k.p.i.AbstractProblemLoader Loading environment from /home/runner/work/key/key/key.core/../key.ui/examples/standard_key/java_dl/strassen/strassen.key.proof 
555378     DEBUG main            d.u.i.k.p.i.AbstractProblemLoader Environment load took 403.9ns 
555380     INFO  main            d.u.i.k.p.i.AbstractProblemLoader Creating init config 
558221     DEBUG main            d.u.i.k.p.i.AbstractProblemLoader Init config took 2.84s 
558258     INFO  main            d.u.i.k.p.i.AbstractProblemLoader Replaying proof Matrix22[Matrix22::strassen(Matrix22,Matrix22)].JML normal_behavior operation contract.0 
559194     DEBUG main            d.u.i.k.p.i.IntermediateProofReplayer Proof replay took 925.79ms 
559196     DEBUG main            d.u.i.k.p.r.p.TestFile    ... success: reloaded. 
559196     INFO  main            d.u.i.k.p.r.p.TestFile    Now processing file /home/runner/work/key/key/key.core/../key.ui/examples/standard_key/java_dl/symmArray.key 
559197     INFO  main            d.u.i.k.p.i.AbstractProblemLoader Loading environment from /home/runner/work/key/key/key.core/../key.ui/examples/standard_key/java_dl/symmArray.key 
559197     DEBUG main            d.u.i.k.p.i.AbstractProblemLoader Environment load took 88.3ns 
559200     INFO  main            d.u.i.k.p.i.AbstractProblemLoader Creating init config 
562204     DEBUG main            d.u.i.k.p.i.AbstractProblemLoader Init config took 3s 
562224     INFO  main            d.u.i.k.p.i.AbstractProblemLoader Replaying proof symmArray.key 
562226     DEBUG main            d.u.i.k.p.i.IntermediateProofReplayer Proof replay took 4ns 
681067     INFO  main            d.u.i.k.p.r.p.TestFile    ... finished proof: closed. 
681774     INFO  main            d.u.i.k.p.i.AbstractProblemLoader Loading environment from /home/runner/work/key/key/key.core/../key.ui/examples/standard_key/java_dl/symmArray.key.proof 
681774     DEBUG main            d.u.i.k.p.i.AbstractProblemLoader Environment load took 366.3ns 
681780     INFO  main            d.u.i.k.p.i.AbstractProblemLoader Creating init config 
684694     DEBUG main            d.u.i.k.p.i.AbstractProblemLoader Init config took 2.91s 
684713     INFO  main            d.u.i.k.p.i.AbstractProblemLoader Replaying proof symmArray.key.proof 
686200     DEBUG main            d.u.i.k.p.i.IntermediateProofReplayer Proof replay took 1.41s 
686206     DEBUG main            d.u.i.k.p.r.p.TestFile    ... success: reloaded. 
686207     INFO  main            d.u.i.k.p.r.p.TestFile    Now processing file /home/runner/work/key/key/key.core/../key.ui/examples/standard_key/java_dl/testcontext.key 
686207     INFO  main            d.u.i.k.p.i.AbstractProblemLoader Loading environment from /home/runner/work/key/key/key.core/../key.ui/examples/standard_key/java_dl/testcontext.key 
686207     DEBUG main            d.u.i.k.p.i.AbstractProblemLoader Environment load took 119.3ns 
686208     INFO  main            d.u.i.k.p.i.AbstractProblemLoader Creating init config 
686233     WARN  main            d.u.i.k.j.r.KeYCrossReferenceNameInfo Datatype java.io.InputStream declared twice: Once in FILE:/home/runner/work/key/key/key.core/../key.ui/examples/standard_key/java_dl/classpath/InputStream.java and once in URL:file:/home/runner/work/key/key/key.core/build/resources/main/de/uka/ilkd/key/java/JavaRedux/java/io/InputStream.java, Keeping one from URL:file:/home/runner/work/key/key/key.core/build/resources/main/de/uka/ilkd/key/java/JavaRedux/java/io/InputStream.java 
686233     WARN  main            d.u.i.k.j.r.KeYCrossReferenceNameInfo Datatype java.lang.System declared twice: Once in FILE:/home/runner/work/key/key/key.core/../key.ui/examples/standard_key/java_dl/classpath/System.java and once in URL:file:/home/runner/work/key/key/key.core/build/resources/main/de/uka/ilkd/key/java/JavaRedux/java/lang/System.java, Keeping one from URL:file:/home/runner/work/key/key/key.core/build/resources/main/de/uka/ilkd/key/java/JavaRedux/java/lang/System.java 
686234     WARN  main            d.u.i.k.j.r.KeYCrossReferenceNameInfo Datatype java.io.PrintStream declared twice: Once in FILE:/home/runner/work/key/key/key.core/../key.ui/examples/standard_key/java_dl/classpath/PrintStream.java and once in URL:file:/home/runner/work/key/key/key.core/build/resources/main/de/uka/ilkd/key/java/JavaRedux/java/io/PrintStream.java, Keeping one from URL:file:/home/runner/work/key/key/key.core/build/resources/main/de/uka/ilkd/key/java/JavaRedux/java/io/PrintStream.java 
686236     DEBUG main            d.u.i.k.j.r.ClassFileDeclarationBuilder Parsing: package java.io; public class Closeable { } 
686236     DEBUG main            r.s.KeYCrossReferenceSourceInfo Dynamically created class: java.io.Closeable 
689131     DEBUG main            d.u.i.k.p.i.AbstractProblemLoader Init config took 2.92s 
689147     INFO  main            d.u.i.k.p.i.AbstractProblemLoader Replaying proof testcontext.key 
689149     DEBUG main            d.u.i.k.p.i.IntermediateProofReplayer Proof replay took 4.2ns 
689451     INFO  main            d.u.i.k.p.r.p.TestFile    ... finished proof: closed. 
690204     INFO  main            d.u.i.k.p.i.AbstractProblemLoader Loading environment from /home/runner/work/key/key/key.core/../key.ui/examples/standard_key/java_dl/testcontext.key.proof 
690204     DEBUG main            d.u.i.k.p.i.AbstractProblemLoader Environment load took 95.2ns 
690205     INFO  main            d.u.i.k.p.i.AbstractProblemLoader Creating init config 
690233     WARN  main            d.u.i.k.j.r.KeYCrossReferenceNameInfo Datatype java.io.InputStream declared twice: Once in FILE:/home/runner/work/key/key/key.core/../key.ui/examples/standard_key/java_dl/classpath/InputStream.java and once in URL:file:/home/runner/work/key/key/key.core/build/resources/main/de/uka/ilkd/key/java/JavaRedux/java/io/InputStream.java, Keeping one from URL:file:/home/runner/work/key/key/key.core/build/resources/main/de/uka/ilkd/key/java/JavaRedux/java/io/InputStream.java 
690233     WARN  main            d.u.i.k.j.r.KeYCrossReferenceNameInfo Datatype java.lang.System declared twice: Once in FILE:/home/runner/work/key/key/key.core/../key.ui/examples/standard_key/java_dl/classpath/System.java and once in URL:file:/home/runner/work/key/key/key.core/build/resources/main/de/uka/ilkd/key/java/JavaRedux/java/lang/System.java, Keeping one from URL:file:/home/runner/work/key/key/key.core/build/resources/main/de/uka/ilkd/key/java/JavaRedux/java/lang/System.java 
690233     WARN  main            d.u.i.k.j.r.KeYCrossReferenceNameInfo Datatype java.io.PrintStream declared twice: Once in FILE:/home/runner/work/key/key/key.core/../key.ui/examples/standard_key/java_dl/classpath/PrintStream.java and once in URL:file:/home/runner/work/key/key/key.core/build/resources/main/de/uka/ilkd/key/java/JavaRedux/java/io/PrintStream.java, Keeping one from URL:file:/home/runner/work/key/key/key.core/build/resources/main/de/uka/ilkd/key/java/JavaRedux/java/io/PrintStream.java 
690237     DEBUG main            d.u.i.k.j.r.ClassFileDeclarationBuilder Parsing: package java.io; public class Closeable { } 
690237     DEBUG main            r.s.KeYCrossReferenceSourceInfo Dynamically created class: java.io.Closeable 
693046     DEBUG main            d.u.i.k.p.i.AbstractProblemLoader Init config took 2.84s 
693061     INFO  main            d.u.i.k.p.i.AbstractProblemLoader Replaying proof testcontext.key.proof 
693135     DEBUG main            d.u.i.k.p.i.IntermediateProofReplayer Proof replay took 71ms 
693137     DEBUG main            d.u.i.k.p.r.p.TestFile    ... success: reloaded. 
693137     INFO  main            d.u.i.k.p.r.p.TestFile    Now processing file /home/runner/work/key/key/key.core/../key.ui/examples/standard_key/staticInitialisation/cascadeStaticInitialisation.key 
693137     INFO  main            d.u.i.k.p.i.AbstractProblemLoader Loading environment from /home/runner/work/key/key/key.core/../key.ui/examples/standard_key/staticInitialisation/cascadeStaticInitialisation.key 
693138     DEBUG main            d.u.i.k.p.i.AbstractProblemLoader Environment load took 57.9ns 
693140     INFO  main            d.u.i.k.p.i.AbstractProblemLoader Creating init config 
693166     WARN  main            d.u.i.k.j.r.KeYCrossReferenceNameInfo Datatype java.lang.System declared twice: Once in FILE:/home/runner/work/key/key/key.core/../key.ui/examples/standard_key/staticInitialisation/classpath/System.java and once in URL:file:/home/runner/work/key/key/key.core/build/resources/main/de/uka/ilkd/key/java/JavaRedux/java/lang/System.java, Keeping one from URL:file:/home/runner/work/key/key/key.core/build/resources/main/de/uka/ilkd/key/java/JavaRedux/java/lang/System.java 
693166     WARN  main            d.u.i.k.j.r.KeYCrossReferenceNameInfo Datatype java.io.PrintStream declared twice: Once in FILE:/home/runner/work/key/key/key.core/../key.ui/examples/standard_key/staticInitialisation/classpath/PrintStream.java and once in URL:file:/home/runner/work/key/key/key.core/build/resources/main/de/uka/ilkd/key/java/JavaRedux/java/io/PrintStream.java, Keeping one from URL:file:/home/runner/work/key/key/key.core/build/resources/main/de/uka/ilkd/key/java/JavaRedux/java/io/PrintStream.java 
695983     DEBUG main            d.u.i.k.p.i.AbstractProblemLoader Init config took 2.84s 
696021     INFO  main            d.u.i.k.p.i.AbstractProblemLoader Replaying proof cascadeStaticInitialisation.key 
696022     DEBUG main            d.u.i.k.p.i.IntermediateProofReplayer Proof replay took 3.7ns 
696831     INFO  main            d.u.i.k.p.r.p.TestFile    ... finished proof: closed. 
697502     INFO  main            d.u.i.k.p.i.AbstractProblemLoader Loading environment from /home/runner/work/key/key/key.core/../key.ui/examples/standard_key/staticInitialisation/cascadeStaticInitialisation.key.proof 
697502     DEBUG main            d.u.i.k.p.i.AbstractProblemLoader Environment load took 96.9ns 
697504     INFO  main            d.u.i.k.p.i.AbstractProblemLoader Creating init config 
697530     WARN  main            d.u.i.k.j.r.KeYCrossReferenceNameInfo Datatype java.lang.System declared twice: Once in FILE:/home/runner/work/key/key/key.core/../key.ui/examples/standard_key/staticInitialisation/classpath/System.java and once in URL:file:/home/runner/work/key/key/key.core/build/resources/main/de/uka/ilkd/key/java/JavaRedux/java/lang/System.java, Keeping one from URL:file:/home/runner/work/key/key/key.core/build/resources/main/de/uka/ilkd/key/java/JavaRedux/java/lang/System.java 
697530     WARN  main            d.u.i.k.j.r.KeYCrossReferenceNameInfo Datatype java.io.PrintStream declared twice: Once in FILE:/home/runner/work/key/key/key.core/../key.ui/examples/standard_key/staticInitialisation/classpath/PrintStream.java and once in URL:file:/home/runner/work/key/key/key.core/build/resources/main/de/uka/ilkd/key/java/JavaRedux/java/io/PrintStream.java, Keeping one from URL:file:/home/runner/work/key/key/key.core/build/resources/main/de/uka/ilkd/key/java/JavaRedux/java/io/PrintStream.java 
700223     DEBUG main            d.u.i.k.p.i.AbstractProblemLoader Init config took 2.72s 
700240     INFO  main            d.u.i.k.p.i.AbstractProblemLoader Replaying proof cascadeStaticInitialisation.key.proof 
700433     DEBUG main            d.u.i.k.p.i.IntermediateProofReplayer Proof replay took 190.11ms 
700435     DEBUG main            d.u.i.k.p.r.p.TestFile    ... success: reloaded. 
700435     INFO  main            d.u.i.k.p.r.p.TestFile    Now processing file /home/runner/work/key/key/key.core/../key.ui/examples/standard_key/staticInitialisation/erroneousClassImpliesErroneousSubclass.key 
700436     INFO  main            d.u.i.k.p.i.AbstractProblemLoader Loading environment from /home/runner/work/key/key/key.core/../key.ui/examples/standard_key/staticInitialisation/erroneousClassImpliesErroneousSubclass.key 
700436     DEBUG main            d.u.i.k.p.i.AbstractProblemLoader Environment load took 181.7ns 
700437     INFO  main            d.u.i.k.p.i.AbstractProblemLoader Creating init config 
700460     WARN  main            d.u.i.k.j.r.KeYCrossReferenceNameInfo Datatype java.lang.System declared twice: Once in FILE:/home/runner/work/key/key/key.core/../key.ui/examples/standard_key/staticInitialisation/classpath/System.java and once in URL:file:/home/runner/work/key/key/key.core/build/resources/main/de/uka/ilkd/key/java/JavaRedux/java/lang/System.java, Keeping one from URL:file:/home/runner/work/key/key/key.core/build/resources/main/de/uka/ilkd/key/java/JavaRedux/java/lang/System.java 
700461     WARN  main            d.u.i.k.j.r.KeYCrossReferenceNameInfo Datatype java.io.PrintStream declared twice: Once in FILE:/home/runner/work/key/key/key.core/../key.ui/examples/standard_key/staticInitialisation/classpath/PrintStream.java and once in URL:file:/home/runner/work/key/key/key.core/build/resources/main/de/uka/ilkd/key/java/JavaRedux/java/io/PrintStream.java, Keeping one from URL:file:/home/runner/work/key/key/key.core/build/resources/main/de/uka/ilkd/key/java/JavaRedux/java/io/PrintStream.java 
703191     DEBUG main            d.u.i.k.p.i.AbstractProblemLoader Init config took 2.75s 
703204     INFO  main            d.u.i.k.p.i.AbstractProblemLoader Replaying proof erroneousClassImpliesErroneousSubclass.key 
703205     DEBUG main            d.u.i.k.p.i.IntermediateProofReplayer Proof replay took 2.9ns 
703306     INFO  main            d.u.i.k.p.r.p.TestFile    ... finished proof: closed. 
703935     INFO  main            d.u.i.k.p.i.AbstractProblemLoader Loading environment from /home/runner/work/key/key/key.core/../key.ui/examples/standard_key/staticInitialisation/erroneousClassImpliesErroneousSubclass.key.proof 
703935     DEBUG main            d.u.i.k.p.i.AbstractProblemLoader Environment load took 88.9ns 
703936     INFO  main            d.u.i.k.p.i.AbstractProblemLoader Creating init config 
703961     WARN  main            d.u.i.k.j.r.KeYCrossReferenceNameInfo Datatype java.lang.System declared twice: Once in FILE:/home/runner/work/key/key/key.core/../key.ui/examples/standard_key/staticInitialisation/classpath/System.java and once in URL:file:/home/runner/work/key/key/key.core/build/resources/main/de/uka/ilkd/key/java/JavaRedux/java/lang/System.java, Keeping one from URL:file:/home/runner/work/key/key/key.core/build/resources/main/de/uka/ilkd/key/java/JavaRedux/java/lang/System.java 
703961     WARN  main            d.u.i.k.j.r.KeYCrossReferenceNameInfo Datatype java.io.PrintStream declared twice: Once in FILE:/home/runner/work/key/key/key.core/../key.ui/examples/standard_key/staticInitialisation/classpath/PrintStream.java and once in URL:file:/home/runner/work/key/key/key.core/build/resources/main/de/uka/ilkd/key/java/JavaRedux/java/io/PrintStream.java, Keeping one from URL:file:/home/runner/work/key/key/key.core/build/resources/main/de/uka/ilkd/key/java/JavaRedux/java/io/PrintStream.java 
706486     DEBUG main            d.u.i.k.p.i.AbstractProblemLoader Init config took 2.55s 
706499     INFO  main            d.u.i.k.p.i.AbstractProblemLoader Replaying proof erroneousClassImpliesErroneousSubclass.key.proof 
706501     DEBUG main            d.u.i.k.p.i.IntermediateProofReplayer Proof replay took 490.81ns 
706502     DEBUG main            d.u.i.k.p.r.p.TestFile    ... success: reloaded. 
706503     INFO  main            d.u.i.k.p.r.p.TestFile    Now processing file /home/runner/work/key/key/key.core/../key.ui/examples/standard_key/staticInitialisation/initializedSubclassImpliesInitializedSuperclass.key 
706503     INFO  main            d.u.i.k.p.i.AbstractProblemLoader Loading environment from /home/runner/work/key/key/key.core/../key.ui/examples/standard_key/staticInitialisation/initializedSubclassImpliesInitializedSuperclass.key 
706503     DEBUG main            d.u.i.k.p.i.AbstractProblemLoader Environment load took 72.1ns 
706504     INFO  main            d.u.i.k.p.i.AbstractProblemLoader Creating init config 
706526     WARN  main            d.u.i.k.j.r.KeYCrossReferenceNameInfo Datatype java.lang.System declared twice: Once in FILE:/home/runner/work/key/key/key.core/../key.ui/examples/standard_key/staticInitialisation/classpath/System.java and once in URL:file:/home/runner/work/key/key/key.core/build/resources/main/de/uka/ilkd/key/java/JavaRedux/java/lang/System.java, Keeping one from URL:file:/home/runner/work/key/key/key.core/build/resources/main/de/uka/ilkd/key/java/JavaRedux/java/lang/System.java 
706526     WARN  main            d.u.i.k.j.r.KeYCrossReferenceNameInfo Datatype java.io.PrintStream declared twice: Once in FILE:/home/runner/work/key/key/key.core/../key.ui/examples/standard_key/staticInitialisation/classpath/PrintStream.java and once in URL:file:/home/runner/work/key/key/key.core/build/resources/main/de/uka/ilkd/key/java/JavaRedux/java/io/PrintStream.java, Keeping one from URL:file:/home/runner/work/key/key/key.core/build/resources/main/de/uka/ilkd/key/java/JavaRedux/java/io/PrintStream.java 
709136     DEBUG main            d.u.i.k.p.i.AbstractProblemLoader Init config took 2.63s 
709153     INFO  main            d.u.i.k.p.i.AbstractProblemLoader Replaying proof initializedSubclassImpliesInitializedSuperclass.key 
709155     DEBUG main            d.u.i.k.p.i.IntermediateProofReplayer Proof replay took 3.2ns 
709256     INFO  main            d.u.i.k.p.r.p.TestFile    ... finished proof: closed. 
709867     INFO  main            d.u.i.k.p.i.AbstractProblemLoader Loading environment from /home/runner/work/key/key/key.core/../key.ui/examples/standard_key/staticInitialisation/initializedSubclassImpliesInitializedSuperclass.key.proof 
709867     DEBUG main            d.u.i.k.p.i.AbstractProblemLoader Environment load took 101.4ns 
709868     INFO  main            d.u.i.k.p.i.AbstractProblemLoader Creating init config 
709893     WARN  main            d.u.i.k.j.r.KeYCrossReferenceNameInfo Datatype java.lang.System declared twice: Once in FILE:/home/runner/work/key/key/key.core/../key.ui/examples/standard_key/staticInitialisation/classpath/System.java and once in URL:file:/home/runner/work/key/key/key.core/build/resources/main/de/uka/ilkd/key/java/JavaRedux/java/lang/System.java, Keeping one from URL:file:/home/runner/work/key/key/key.core/build/resources/main/de/uka/ilkd/key/java/JavaRedux/java/lang/System.java 
709893     WARN  main            d.u.i.k.j.r.KeYCrossReferenceNameInfo Datatype java.io.PrintStream declared twice: Once in FILE:/home/runner/work/key/key/key.core/../key.ui/examples/standard_key/staticInitialisation/classpath/PrintStream.java and once in URL:file:/home/runner/work/key/key/key.core/build/resources/main/de/uka/ilkd/key/java/JavaRedux/java/io/PrintStream.java, Keeping one from URL:file:/home/runner/work/key/key/key.core/build/resources/main/de/uka/ilkd/key/java/JavaRedux/java/io/PrintStream.java 
712525     DEBUG main            d.u.i.k.p.i.AbstractProblemLoader Init config took 2.66s 
712539     INFO  main            d.u.i.k.p.i.AbstractProblemLoader Replaying proof initializedSubclassImpliesInitializedSuperclass.key.proof 
712541     DEBUG main            d.u.i.k.p.i.IntermediateProofReplayer Proof replay took 474.5ns 
712542     DEBUG main            d.u.i.k.p.r.p.TestFile    ... success: reloaded. 
712542     INFO  main            d.u.i.k.p.r.p.TestFile    Now processing file /home/runner/work/key/key/key.core/../key.ui/examples/standard_key/staticInitialisation/localDeclared.key 
712543     INFO  main            d.u.i.k.p.i.AbstractProblemLoader Loading environment from /home/runner/work/key/key/key.core/../key.ui/examples/standard_key/staticInitialisation/localDeclared.key 
712543     DEBUG main            d.u.i.k.p.i.AbstractProblemLoader Environment load took 137.1ns 
712545     INFO  main            d.u.i.k.p.i.AbstractProblemLoader Creating init config 
712567     WARN  main            d.u.i.k.j.r.KeYCrossReferenceNameInfo Datatype java.lang.System declared twice: Once in FILE:/home/runner/work/key/key/key.core/../key.ui/examples/standard_key/staticInitialisation/classpath/System.java and once in URL:file:/home/runner/work/key/key/key.core/build/resources/main/de/uka/ilkd/key/java/JavaRedux/java/lang/System.java, Keeping one from URL:file:/home/runner/work/key/key/key.core/build/resources/main/de/uka/ilkd/key/java/JavaRedux/java/lang/System.java 
712568     WARN  main            d.u.i.k.j.r.KeYCrossReferenceNameInfo Datatype java.io.PrintStream declared twice: Once in FILE:/home/runner/work/key/key/key.core/../key.ui/examples/standard_key/staticInitialisation/classpath/PrintStream.java and once in URL:file:/home/runner/work/key/key/key.core/build/resources/main/de/uka/ilkd/key/java/JavaRedux/java/io/PrintStream.java, Keeping one from URL:file:/home/runner/work/key/key/key.core/build/resources/main/de/uka/ilkd/key/java/JavaRedux/java/io/PrintStream.java 
715234     DEBUG main            d.u.i.k.p.i.AbstractProblemLoader Init config took 2.69s 
715248     INFO  main            d.u.i.k.p.i.AbstractProblemLoader Replaying proof localDeclared.key 
715249     DEBUG main            d.u.i.k.p.i.IntermediateProofReplayer Proof replay took 3.3ns 
715552     INFO  main            d.u.i.k.p.r.p.TestFile    ... finished proof: closed. 
716145     INFO  main            d.u.i.k.p.i.AbstractProblemLoader Loading environment from /home/runner/work/key/key/key.core/../key.ui/examples/standard_key/staticInitialisation/localDeclared.key.proof 
716145     DEBUG main            d.u.i.k.p.i.AbstractProblemLoader Environment load took 80.1ns 
716146     INFO  main            d.u.i.k.p.i.AbstractProblemLoader Creating init config 
716170     WARN  main            d.u.i.k.j.r.KeYCrossReferenceNameInfo Datatype java.lang.System declared twice: Once in FILE:/home/runner/work/key/key/key.core/../key.ui/examples/standard_key/staticInitialisation/classpath/System.java and once in URL:file:/home/runner/work/key/key/key.core/build/resources/main/de/uka/ilkd/key/java/JavaRedux/java/lang/System.java, Keeping one from URL:file:/home/runner/work/key/key/key.core/build/resources/main/de/uka/ilkd/key/java/JavaRedux/java/lang/System.java 
716170     WARN  main            d.u.i.k.j.r.KeYCrossReferenceNameInfo Datatype java.io.PrintStream declared twice: Once in FILE:/home/runner/work/key/key/key.core/../key.ui/examples/standard_key/staticInitialisation/classpath/PrintStream.java and once in URL:file:/home/runner/work/key/key/key.core/build/resources/main/de/uka/ilkd/key/java/JavaRedux/java/io/PrintStream.java, Keeping one from URL:file:/home/runner/work/key/key/key.core/build/resources/main/de/uka/ilkd/key/java/JavaRedux/java/io/PrintStream.java 
718813     DEBUG main            d.u.i.k.p.i.AbstractProblemLoader Init config took 2.67s 
718829     INFO  main            d.u.i.k.p.i.AbstractProblemLoader Replaying proof localDeclared.key.proof 
718903     DEBUG main            d.u.i.k.p.i.IntermediateProofReplayer Proof replay took 70.96ms 
718904     DEBUG main            d.u.i.k.p.r.p.TestFile    ... success: reloaded. 
718905     INFO  main            d.u.i.k.p.r.p.TestFile    Now processing file /home/runner/work/key/key/key.core/../key.ui/examples/standard_key/staticInitialisation/localDeclaredMethod.key 
718905     INFO  main            d.u.i.k.p.i.AbstractProblemLoader Loading environment from /home/runner/work/key/key/key.core/../key.ui/examples/standard_key/staticInitialisation/localDeclaredMethod.key 
718905     DEBUG main            d.u.i.k.p.i.AbstractProblemLoader Environment load took 128.5ns 
718907     INFO  main            d.u.i.k.p.i.AbstractProblemLoader Creating init config 
718931     WARN  main            d.u.i.k.j.r.KeYCrossReferenceNameInfo Datatype java.lang.System declared twice: Once in FILE:/home/runner/work/key/key/key.core/../key.ui/examples/standard_key/staticInitialisation/classpath/System.java and once in URL:file:/home/runner/work/key/key/key.core/build/resources/main/de/uka/ilkd/key/java/JavaRedux/java/lang/System.java, Keeping one from URL:file:/home/runner/work/key/key/key.core/build/resources/main/de/uka/ilkd/key/java/JavaRedux/java/lang/System.java 
718931     WARN  main            d.u.i.k.j.r.KeYCrossReferenceNameInfo Datatype java.io.PrintStream declared twice: Once in FILE:/home/runner/work/key/key/key.core/../key.ui/examples/standard_key/staticInitialisation/classpath/PrintStream.java and once in URL:file:/home/runner/work/key/key/key.core/build/resources/main/de/uka/ilkd/key/java/JavaRedux/java/io/PrintStream.java, Keeping one from URL:file:/home/runner/work/key/key/key.core/build/resources/main/de/uka/ilkd/key/java/JavaRedux/java/io/PrintStream.java 
721565     DEBUG main            d.u.i.k.p.i.AbstractProblemLoader Init config took 2.66s 
721582     INFO  main            d.u.i.k.p.i.AbstractProblemLoader Replaying proof localDeclaredMethod.key 
721583     DEBUG main            d.u.i.k.p.i.IntermediateProofReplayer Proof replay took 4.2ns 
721886     INFO  main            d.u.i.k.p.r.p.TestFile    ... finished proof: closed. 
722523     INFO  main            d.u.i.k.p.i.AbstractProblemLoader Loading environment from /home/runner/work/key/key/key.core/../key.ui/examples/standard_key/staticInitialisation/localDeclaredMethod.key.proof 
722523     DEBUG main            d.u.i.k.p.i.AbstractProblemLoader Environment load took 103.3ns 
722524     INFO  main            d.u.i.k.p.i.AbstractProblemLoader Creating init config 
722548     WARN  main            d.u.i.k.j.r.KeYCrossReferenceNameInfo Datatype java.lang.System declared twice: Once in FILE:/home/runner/work/key/key/key.core/../key.ui/examples/standard_key/staticInitialisation/classpath/System.java and once in URL:file:/home/runner/work/key/key/key.core/build/resources/main/de/uka/ilkd/key/java/JavaRedux/java/lang/System.java, Keeping one from URL:file:/home/runner/work/key/key/key.core/build/resources/main/de/uka/ilkd/key/java/JavaRedux/java/lang/System.java 
722548     WARN  main            d.u.i.k.j.r.KeYCrossReferenceNameInfo Datatype java.io.PrintStream declared twice: Once in FILE:/home/runner/work/key/key/key.core/../key.ui/examples/standard_key/staticInitialisation/classpath/PrintStream.java and once in URL:file:/home/runner/work/key/key/key.core/build/resources/main/de/uka/ilkd/key/java/JavaRedux/java/io/PrintStream.java, Keeping one from URL:file:/home/runner/work/key/key/key.core/build/resources/main/de/uka/ilkd/key/java/JavaRedux/java/io/PrintStream.java 
725139     DEBUG main            d.u.i.k.p.i.AbstractProblemLoader Init config took 2.61s 
725153     INFO  main            d.u.i.k.p.i.AbstractProblemLoader Replaying proof localDeclaredMethod.key.proof 
725219     DEBUG main            d.u.i.k.p.i.IntermediateProofReplayer Proof replay took 64.32ms 
725221     DEBUG main            d.u.i.k.p.r.p.TestFile    ... success: reloaded. 
725221     INFO  main            d.u.i.k.p.r.p.TestFile    Now processing file /home/runner/work/key/key/key.core/../key.ui/examples/standard_key/staticInitialisation/objectOfErroneousClass.key 
725222     INFO  main            d.u.i.k.p.i.AbstractProblemLoader Loading environment from /home/runner/work/key/key/key.core/../key.ui/examples/standard_key/staticInitialisation/objectOfErroneousClass.key 
725222     DEBUG main            d.u.i.k.p.i.AbstractProblemLoader Environment load took 93.2ns 
725223     INFO  main            d.u.i.k.p.i.AbstractProblemLoader Creating init config 
725246     WARN  main            d.u.i.k.j.r.KeYCrossReferenceNameInfo Datatype java.lang.System declared twice: Once in FILE:/home/runner/work/key/key/key.core/../key.ui/examples/standard_key/staticInitialisation/classpath/System.java and once in URL:file:/home/runner/work/key/key/key.core/build/resources/main/de/uka/ilkd/key/java/JavaRedux/java/lang/System.java, Keeping one from URL:file:/home/runner/work/key/key/key.core/build/resources/main/de/uka/ilkd/key/java/JavaRedux/java/lang/System.java 
725246     WARN  main            d.u.i.k.j.r.KeYCrossReferenceNameInfo Datatype java.io.PrintStream declared twice: Once in FILE:/home/runner/work/key/key/key.core/../key.ui/examples/standard_key/staticInitialisation/classpath/PrintStream.java and once in URL:file:/home/runner/work/key/key/key.core/build/resources/main/de/uka/ilkd/key/java/JavaRedux/java/io/PrintStream.java, Keeping one from URL:file:/home/runner/work/key/key/key.core/build/resources/main/de/uka/ilkd/key/java/JavaRedux/java/io/PrintStream.java 
727945     DEBUG main            d.u.i.k.p.i.AbstractProblemLoader Init config took 2.72s 
727968     INFO  main            d.u.i.k.p.i.AbstractProblemLoader Replaying proof objectOfErroneousClass.key 
727978     DEBUG main            d.u.i.k.p.i.IntermediateProofReplayer Proof replay took 3.8ns 
743186     INFO  main            d.u.i.k.p.r.p.TestFile    ... finished proof: closed. 
743900     INFO  main            d.u.i.k.p.i.AbstractProblemLoader Loading environment from /home/runner/work/key/key/key.core/../key.ui/examples/standard_key/staticInitialisation/objectOfErroneousClass.key.proof 
743901     DEBUG main            d.u.i.k.p.i.AbstractProblemLoader Environment load took 112.9ns 
743905     INFO  main            d.u.i.k.p.i.AbstractProblemLoader Creating init config 
743928     WARN  main            d.u.i.k.j.r.KeYCrossReferenceNameInfo Datatype java.lang.System declared twice: Once in FILE:/home/runner/work/key/key/key.core/../key.ui/examples/standard_key/staticInitialisation/classpath/System.java and once in URL:file:/home/runner/work/key/key/key.core/build/resources/main/de/uka/ilkd/key/java/JavaRedux/java/lang/System.java, Keeping one from URL:file:/home/runner/work/key/key/key.core/build/resources/main/de/uka/ilkd/key/java/JavaRedux/java/lang/System.java 
743928     WARN  main            d.u.i.k.j.r.KeYCrossReferenceNameInfo Datatype java.io.PrintStream declared twice: Once in FILE:/home/runner/work/key/key/key.core/../key.ui/examples/standard_key/staticInitialisation/classpath/PrintStream.java and once in URL:file:/home/runner/work/key/key/key.core/build/resources/main/de/uka/ilkd/key/java/JavaRedux/java/io/PrintStream.java, Keeping one from URL:file:/home/runner/work/key/key/key.core/build/resources/main/de/uka/ilkd/key/java/JavaRedux/java/io/PrintStream.java 
746556     DEBUG main            d.u.i.k.p.i.AbstractProblemLoader Init config took 2.65s 
746572     INFO  main            d.u.i.k.p.i.AbstractProblemLoader Replaying proof objectOfErroneousClass.key.proof 
749036     DEBUG main            d.u.i.k.p.i.IntermediateProofReplayer Proof replay took 2.44s 
749040     DEBUG main            d.u.i.k.p.r.p.TestFile    ... success: reloaded. 
749041     INFO  main            d.u.i.k.p.r.p.TestFile    Now processing file /home/runner/work/key/key/key.core/../key.ui/examples/standard_key/staticInitialisation/staticInitialisersAreNonSimple.key 
749041     INFO  main            d.u.i.k.p.i.AbstractProblemLoader Loading environment from /home/runner/work/key/key/key.core/../key.ui/examples/standard_key/staticInitialisation/staticInitialisersAreNonSimple.key 
749041     DEBUG main            d.u.i.k.p.i.AbstractProblemLoader Environment load took 118ns 
749043     INFO  main            d.u.i.k.p.i.AbstractProblemLoader Creating init config 
749067     WARN  main            d.u.i.k.j.r.KeYCrossReferenceNameInfo Datatype java.lang.System declared twice: Once in FILE:/home/runner/work/key/key/key.core/../key.ui/examples/standard_key/staticInitialisation/classpath/System.java and once in URL:file:/home/runner/work/key/key/key.core/build/resources/main/de/uka/ilkd/key/java/JavaRedux/java/lang/System.java, Keeping one from URL:file:/home/runner/work/key/key/key.core/build/resources/main/de/uka/ilkd/key/java/JavaRedux/java/lang/System.java 
749067     WARN  main            d.u.i.k.j.r.KeYCrossReferenceNameInfo Datatype java.io.PrintStream declared twice: Once in FILE:/home/runner/work/key/key/key.core/../key.ui/examples/standard_key/staticInitialisation/classpath/PrintStream.java and once in URL:file:/home/runner/work/key/key/key.core/build/resources/main/de/uka/ilkd/key/java/JavaRedux/java/io/PrintStream.java, Keeping one from URL:file:/home/runner/work/key/key/key.core/build/resources/main/de/uka/ilkd/key/java/JavaRedux/java/io/PrintStream.java 
751750     DEBUG main            d.u.i.k.p.i.AbstractProblemLoader Init config took 2.71s 
751765     INFO  main            d.u.i.k.p.i.AbstractProblemLoader Replaying proof staticInitialisersAreNonSimple.key 
751766     DEBUG main            d.u.i.k.p.i.IntermediateProofReplayer Proof replay took 4.4ns 
752178     INFO  main            d.u.i.k.p.r.p.TestFile    ... finished proof: closed. 
752887     INFO  main            d.u.i.k.p.i.AbstractProblemLoader Loading environment from /home/runner/work/key/key/key.core/../key.ui/examples/standard_key/staticInitialisation/staticInitialisersAreNonSimple.key.proof 
752887     DEBUG main            d.u.i.k.p.i.AbstractProblemLoader Environment load took 99.2ns 
752889     INFO  main            d.u.i.k.p.i.AbstractProblemLoader Creating init config 
752913     WARN  main            d.u.i.k.j.r.KeYCrossReferenceNameInfo Datatype java.lang.System declared twice: Once in FILE:/home/runner/work/key/key/key.core/../key.ui/examples/standard_key/staticInitialisation/classpath/System.java and once in URL:file:/home/runner/work/key/key/key.core/build/resources/main/de/uka/ilkd/key/java/JavaRedux/java/lang/System.java, Keeping one from URL:file:/home/runner/work/key/key/key.core/build/resources/main/de/uka/ilkd/key/java/JavaRedux/java/lang/System.java 
752914     WARN  main            d.u.i.k.j.r.KeYCrossReferenceNameInfo Datatype java.io.PrintStream declared twice: Once in FILE:/home/runner/work/key/key/key.core/../key.ui/examples/standard_key/staticInitialisation/classpath/PrintStream.java and once in URL:file:/home/runner/work/key/key/key.core/build/resources/main/de/uka/ilkd/key/java/JavaRedux/java/io/PrintStream.java, Keeping one from URL:file:/home/runner/work/key/key/key.core/build/resources/main/de/uka/ilkd/key/java/JavaRedux/java/io/PrintStream.java 
755675     DEBUG main            d.u.i.k.p.i.AbstractProblemLoader Init config took 2.79s 
755691     INFO  main            d.u.i.k.p.i.AbstractProblemLoader Replaying proof staticInitialisersAreNonSimple.key.proof 
755803     DEBUG main            d.u.i.k.p.i.IntermediateProofReplayer Proof replay took 109.39ms 
755805     DEBUG main            d.u.i.k.p.r.p.TestFile    ... success: reloaded. 
755806     INFO  main            d.u.i.k.p.r.p.TestFile    Now processing file /home/runner/work/key/key/key.core/../key.ui/examples/standard_key/types/disjoint.key 
755806     INFO  main            d.u.i.k.p.i.AbstractProblemLoader Loading environment from /home/runner/work/key/key/key.core/../key.ui/examples/standard_key/types/disjoint.key 
755806     DEBUG main            d.u.i.k.p.i.AbstractProblemLoader Environment load took 79.4ns 
755807     INFO  main            d.u.i.k.p.i.AbstractProblemLoader Creating init config 
758271     DEBUG main            d.u.i.k.p.i.AbstractProblemLoader Init config took 2.46s 
758283     INFO  main            d.u.i.k.p.i.AbstractProblemLoader Replaying proof disjoint.key 
758284     DEBUG main            d.u.i.k.p.i.IntermediateProofReplayer Proof replay took 3.1ns 
758385     INFO  main            d.u.i.k.p.r.p.TestFile    ... finished proof: closed. 
758972     INFO  main            d.u.i.k.p.i.AbstractProblemLoader Loading environment from /home/runner/work/key/key/key.core/../key.ui/examples/standard_key/types/disjoint.key.proof 
758972     DEBUG main            d.u.i.k.p.i.AbstractProblemLoader Environment load took 77.6ns 
758973     INFO  main            d.u.i.k.p.i.AbstractProblemLoader Creating init config 
761388     DEBUG main            d.u.i.k.p.i.AbstractProblemLoader Init config took 2.41s 
761402     INFO  main            d.u.i.k.p.i.AbstractProblemLoader Replaying proof disjoint.key.proof 
761404     DEBUG main            d.u.i.k.p.i.IntermediateProofReplayer Proof replay took 480.9ns 
761405     DEBUG main            d.u.i.k.p.r.p.TestFile    ... success: reloaded. 
761405     INFO  main            d.u.i.k.p.r.p.TestFile    Now processing file /home/runner/work/key/key/key.core/../key.ui/examples/../../key.core/src/test/resources/testcase/classpath/classpath.key 
761405     INFO  main            d.u.i.k.p.i.AbstractProblemLoader Loading environment from /home/runner/work/key/key/key.core/../key.ui/examples/../../key.core/src/test/resources/testcase/classpath/classpath.key 
761405     DEBUG main            d.u.i.k.p.i.AbstractProblemLoader Environment load took 106.7ns 
761406     INFO  main            d.u.i.k.p.i.AbstractProblemLoader Creating init config 
761431     WARN  main            d.u.i.k.j.r.KeYCrossReferenceNameInfo Datatype cp.C declared twice: Once in FILE:/home/runner/work/key/key/key.core/../key.ui/examples/../../key.core/src/test/resources/testcase/classpath/classpath/C.class and once in FILE:/home/runner/work/key/key/key.core/../key.ui/examples/../../key.core/src/test/resources/testcase/classpath/classpath/C.jml, Keeping one from FILE:/home/runner/work/key/key/key.core/../key.ui/examples/../../key.core/src/test/resources/testcase/classpath/classpath/C.jml 
761434     DEBUG main            d.u.i.k.j.r.ClassFileDeclarationBuilder Parsing: package cp; public class Unresolved1 { } 
761434     DEBUG main            r.s.KeYCrossReferenceSourceInfo Dynamically created class: cp.Unresolved1 
761435     DEBUG main            d.u.i.k.j.r.ClassFileDeclarationBuilder Parsing: package cp; public class Unresolved2 { } 
761435     DEBUG main            r.s.KeYCrossReferenceSourceInfo Dynamically created class: cp.Unresolved2 
763988     DEBUG main            d.u.i.k.p.i.AbstractProblemLoader Init config took 2.58s 
764004     INFO  main            d.u.i.k.p.i.AbstractProblemLoader Replaying proof classpath.key 
764006     DEBUG main            d.u.i.k.p.i.IntermediateProofReplayer Proof replay took 3.8ns 
764112     INFO  main            d.u.i.k.p.r.p.TestFile    ... finished proof: closed. 
764735     INFO  main            d.u.i.k.p.i.AbstractProblemLoader Loading environment from /home/runner/work/key/key/key.core/../key.ui/examples/../../key.core/src/test/resources/testcase/classpath/classpath.key.proof 
764735     DEBUG main            d.u.i.k.p.i.AbstractProblemLoader Environment load took 82.1ns 
764737     INFO  main            d.u.i.k.p.i.AbstractProblemLoader Creating init config 
764767     WARN  main            d.u.i.k.j.r.KeYCrossReferenceNameInfo Datatype cp.C declared twice: Once in FILE:/home/runner/work/key/key/key.core/../key.ui/examples/../../key.core/src/test/resources/testcase/classpath/classpath/C.class and once in FILE:/home/runner/work/key/key/key.core/../key.ui/examples/../../key.core/src/test/resources/testcase/classpath/classpath/C.jml, Keeping one from FILE:/home/runner/work/key/key/key.core/../key.ui/examples/../../key.core/src/test/resources/testcase/classpath/classpath/C.jml 
764771     DEBUG main            d.u.i.k.j.r.ClassFileDeclarationBuilder Parsing: package cp; public class Unresolved1 { } 
764771     DEBUG main            r.s.KeYCrossReferenceSourceInfo Dynamically created class: cp.Unresolved1 
764771     DEBUG main            d.u.i.k.j.r.ClassFileDeclarationBuilder Parsing: package cp; public class Unresolved2 { } 
764772     DEBUG main            r.s.KeYCrossReferenceSourceInfo Dynamically created class: cp.Unresolved2 
767280     DEBUG main            d.u.i.k.p.i.AbstractProblemLoader Init config took 2.54s 
767297     INFO  main            d.u.i.k.p.i.AbstractProblemLoader Replaying proof classpath.key.proof 
767299     DEBUG main            d.u.i.k.p.i.IntermediateProofReplayer Proof replay took 627.11ns 
767300     DEBUG main            d.u.i.k.p.r.p.TestFile    ... success: reloaded. 
767301     INFO  main            d.u.i.k.p.r.p.TestFile    Now processing file /home/runner/work/key/key/key.core/../key.ui/examples/heap/inconsistent_represents/MyClass_m.key 
767301     INFO  main            d.u.i.k.p.i.AbstractProblemLoader Loading environment from /home/runner/work/key/key/key.core/../key.ui/examples/heap/inconsistent_represents/MyClass_m.key 
767301     DEBUG main            d.u.i.k.p.i.AbstractProblemLoader Environment load took 110.8ns 
767302     INFO  main            d.u.i.k.p.i.AbstractProblemLoader Creating init config 
769893     DEBUG main            d.u.i.k.p.i.AbstractProblemLoader Init config took 2.59s 
769930     INFO  main            d.u.i.k.p.i.AbstractProblemLoader Replaying proof MyClass[MyClass::m()].JML operation contract.0 
769931     DEBUG main            d.u.i.k.p.i.IntermediateProofReplayer Proof replay took 3.4ns 
770033     INFO  main            d.u.i.k.p.r.p.TestFile    ... finished proof: open goal(s) 
770638     INFO  main            d.u.i.k.p.r.p.TestFile    Now processing file /home/runner/work/key/key/key.core/../key.ui/examples/heap/inconsistent_represents/MyClass_n.key 
770638     INFO  main            d.u.i.k.p.i.AbstractProblemLoader Loading environment from /home/runner/work/key/key/key.core/../key.ui/examples/heap/inconsistent_represents/MyClass_n.key 
770639     DEBUG main            d.u.i.k.p.i.AbstractProblemLoader Environment load took 60.3ns 
770639     INFO  main            d.u.i.k.p.i.AbstractProblemLoader Creating init config 
773121     DEBUG main            d.u.i.k.p.i.AbstractProblemLoader Init config took 2.48s 
773157     INFO  main            d.u.i.k.p.i.AbstractProblemLoader Replaying proof MyClass[MyClass::n()].JML operation contract.0 
773158     DEBUG main            d.u.i.k.p.i.IntermediateProofReplayer Proof replay took 3.3ns 
773261     INFO  main            d.u.i.k.p.r.p.TestFile    ... finished proof: open goal(s) 
4289144    INFO  Test worker     d.u.i.k.p.r.RunAllProofsTestUnit Returning from test javadl 
4289150    INFO  Test worker     d.u.i.k.p.r.RunAllProofsTestUnit Running test FOL 
405        INFO  Timeout watchdog d.u.i.k.p.r.p.ForkedTestFileRunner Timeout watcher launched (2000 secs.) 
419        WARN  main            d.u.i.k.s.ProofSettings   The settings in /home/runner/.key/proof-settings.props are *not* read. 
449        INFO  main            d.u.i.k.p.r.p.TestFile    Now processing file /home/runner/work/key/key/key.core/../key.ui/examples/standard_key/pred_log/count.key 
589        INFO  main            d.u.i.k.p.i.AbstractProblemLoader Loading environment from /home/runner/work/key/key/key.core/../key.ui/examples/standard_key/pred_log/count.key 
608        DEBUG main            d.u.i.k.p.i.AbstractProblemLoader Environment load took 2.18ms 
886        INFO  main            d.u.i.k.p.i.AbstractProblemLoader Creating init config 
1889       DEBUG main            d.u.i.k.j.TypeConverter   No LDT found for Meta 
1890       DEBUG main            d.u.i.k.j.TypeConverter   No LDT found for Meta 
1898       DEBUG main            d.u.i.k.j.TypeConverter   No LDT found for Meta 
1898       DEBUG main            d.u.i.k.j.TypeConverter   No LDT found for Meta 
3750       DEBUG main            d.u.i.k.j.TypeConverter   No LDT found for JavaBigintExpression 
8986       DEBUG main            d.u.i.k.p.i.AbstractProblemLoader Init config took 8.1s 
9068       INFO  main            d.u.i.k.p.i.AbstractProblemLoader Replaying proof count.key 
9117       DEBUG main            d.u.i.k.p.i.IntermediateProofReplayer Proof replay took 62.3ns 
9396       INFO  main            d.u.i.k.p.r.p.TestFile    ... finished proof: closed. 
9518       INFO  main            d.u.i.k.p.i.AbstractProblemLoader Loading environment from /home/runner/work/key/key/key.core/../key.ui/examples/standard_key/pred_log/count.key.proof 
9521       DEBUG main            d.u.i.k.p.i.AbstractProblemLoader Environment load took 3.25ms 
9525       INFO  main            d.u.i.k.p.i.AbstractProblemLoader Creating init config 
12522      DEBUG main            d.u.i.k.p.i.AbstractProblemLoader Init config took 3s 
12552      INFO  main            d.u.i.k.p.i.AbstractProblemLoader Replaying proof count.key.proof 
12564      DEBUG main            d.u.i.k.p.i.IntermediateProofReplayer Proof replay took 7.42ms 
12581      DEBUG main            d.u.i.k.p.r.p.TestFile    ... success: reloaded. 
12584      INFO  main            d.u.i.k.p.r.p.TestFile    Now processing file /home/runner/work/key/key/key.core/../key.ui/examples/standard_key/pred_log/count2.key 
12584      INFO  main            d.u.i.k.p.i.AbstractProblemLoader Loading environment from /home/runner/work/key/key/key.core/../key.ui/examples/standard_key/pred_log/count2.key 
12585      DEBUG main            d.u.i.k.p.i.AbstractProblemLoader Environment load took 359ns 
12587      INFO  main            d.u.i.k.p.i.AbstractProblemLoader Creating init config 
15655      DEBUG main            d.u.i.k.p.i.AbstractProblemLoader Init config took 3.07s 
15687      INFO  main            d.u.i.k.p.i.AbstractProblemLoader Replaying proof count2.key 
15689      DEBUG main            d.u.i.k.p.i.IntermediateProofReplayer Proof replay took 6.4ns 
15792      INFO  main            d.u.i.k.p.r.p.TestFile    ... finished proof: closed. 
15927      INFO  main            d.u.i.k.p.i.AbstractProblemLoader Loading environment from /home/runner/work/key/key/key.core/../key.ui/examples/standard_key/pred_log/count2.key.proof 
15928      DEBUG main            d.u.i.k.p.i.AbstractProblemLoader Environment load took 433.3ns 
15929      INFO  main            d.u.i.k.p.i.AbstractProblemLoader Creating init config 
18747      DEBUG main            d.u.i.k.p.i.AbstractProblemLoader Init config took 2.82s 
18772      INFO  main            d.u.i.k.p.i.AbstractProblemLoader Replaying proof count2.key.proof 
18778      DEBUG main            d.u.i.k.p.i.IntermediateProofReplayer Proof replay took 3.72ms 
18779      DEBUG main            d.u.i.k.p.r.p.TestFile    ... success: reloaded. 
18780      INFO  main            d.u.i.k.p.r.p.TestFile    Now processing file /home/runner/work/key/key/key.core/../key.ui/examples/standard_key/pred_log/count3.key 
18780      INFO  main            d.u.i.k.p.i.AbstractProblemLoader Loading environment from /home/runner/work/key/key/key.core/../key.ui/examples/standard_key/pred_log/count3.key 
18781      DEBUG main            d.u.i.k.p.i.AbstractProblemLoader Environment load took 200.3ns 
18782      INFO  main            d.u.i.k.p.i.AbstractProblemLoader Creating init config 
21605      DEBUG main            d.u.i.k.p.i.AbstractProblemLoader Init config took 2.82s 
21630      INFO  main            d.u.i.k.p.i.AbstractProblemLoader Replaying proof count3.key 
21632      DEBUG main            d.u.i.k.p.i.IntermediateProofReplayer Proof replay took 6.8ns 
21735      INFO  main            d.u.i.k.p.r.p.TestFile    ... finished proof: closed. 
21881      INFO  main            d.u.i.k.p.i.AbstractProblemLoader Loading environment from /home/runner/work/key/key/key.core/../key.ui/examples/standard_key/pred_log/count3.key.proof 
21882      DEBUG main            d.u.i.k.p.i.AbstractProblemLoader Environment load took 136.9ns 
21888      INFO  main            d.u.i.k.p.i.AbstractProblemLoader Creating init config 
24676      DEBUG main            d.u.i.k.p.i.AbstractProblemLoader Init config took 2.79s 
24697      INFO  main            d.u.i.k.p.i.AbstractProblemLoader Replaying proof count3.key.proof 
24703      DEBUG main            d.u.i.k.p.i.IntermediateProofReplayer Proof replay took 3.33ms 
24704      DEBUG main            d.u.i.k.p.r.p.TestFile    ... success: reloaded. 
24704      INFO  main            d.u.i.k.p.r.p.TestFile    Now processing file /home/runner/work/key/key/key.core/../key.ui/examples/standard_key/pred_log/equalities.key 
24705      INFO  main            d.u.i.k.p.i.AbstractProblemLoader Loading environment from /home/runner/work/key/key/key.core/../key.ui/examples/standard_key/pred_log/equalities.key 
24705      DEBUG main            d.u.i.k.p.i.AbstractProblemLoader Environment load took 117.6ns 
24706      INFO  main            d.u.i.k.p.i.AbstractProblemLoader Creating init config 
27605      DEBUG main            d.u.i.k.p.i.AbstractProblemLoader Init config took 2.9s 
27627      INFO  main            d.u.i.k.p.i.AbstractProblemLoader Replaying proof equalities.key 
27629      DEBUG main            d.u.i.k.p.i.IntermediateProofReplayer Proof replay took 7.1ns 
27731      INFO  main            d.u.i.k.p.r.p.TestFile    ... finished proof: closed. 
27879      INFO  main            d.u.i.k.p.i.AbstractProblemLoader Loading environment from /home/runner/work/key/key/key.core/../key.ui/examples/standard_key/pred_log/equalities.key.proof 
27879      DEBUG main            d.u.i.k.p.i.AbstractProblemLoader Environment load took 138ns 
27880      INFO  main            d.u.i.k.p.i.AbstractProblemLoader Creating init config 
30782      DEBUG main            d.u.i.k.p.i.AbstractProblemLoader Init config took 2.9s 
30804      INFO  main            d.u.i.k.p.i.AbstractProblemLoader Replaying proof equalities.key.proof 
30808      DEBUG main            d.u.i.k.p.i.IntermediateProofReplayer Proof replay took 1.89ms 
30809      DEBUG main            d.u.i.k.p.r.p.TestFile    ... success: reloaded. 
30809      INFO  main            d.u.i.k.p.r.p.TestFile    Now processing file /home/runner/work/key/key/key.core/../key.ui/examples/standard_key/pred_log/equalities2.key 
30810      INFO  main            d.u.i.k.p.i.AbstractProblemLoader Loading environment from /home/runner/work/key/key/key.core/../key.ui/examples/standard_key/pred_log/equalities2.key 
30810      DEBUG main            d.u.i.k.p.i.AbstractProblemLoader Environment load took 233.7ns 
30811      INFO  main            d.u.i.k.p.i.AbstractProblemLoader Creating init config 
33771      DEBUG main            d.u.i.k.p.i.AbstractProblemLoader Init config took 2.96s 
33794      INFO  main            d.u.i.k.p.i.AbstractProblemLoader Replaying proof equalities2.key 
33796      DEBUG main            d.u.i.k.p.i.IntermediateProofReplayer Proof replay took 10.3ns 
33899      INFO  main            d.u.i.k.p.r.p.TestFile    ... finished proof: closed. 
34107      INFO  main            d.u.i.k.p.i.AbstractProblemLoader Loading environment from /home/runner/work/key/key/key.core/../key.ui/examples/standard_key/pred_log/equalities2.key.proof 
34108      DEBUG main            d.u.i.k.p.i.AbstractProblemLoader Environment load took 141ns 
34109      INFO  main            d.u.i.k.p.i.AbstractProblemLoader Creating init config 
36952      DEBUG main            d.u.i.k.p.i.AbstractProblemLoader Init config took 2.84s 
36976      INFO  main            d.u.i.k.p.i.AbstractProblemLoader Replaying proof equalities2.key.proof 
36983      DEBUG main            d.u.i.k.p.i.IntermediateProofReplayer Proof replay took 5.04ms 
36984      DEBUG main            d.u.i.k.p.r.p.TestFile    ... success: reloaded. 
36985      INFO  main            d.u.i.k.p.r.p.TestFile    Now processing file /home/runner/work/key/key/key.core/../key.ui/examples/standard_key/pred_log/equalities3.key 
36986      INFO  main            d.u.i.k.p.i.AbstractProblemLoader Loading environment from /home/runner/work/key/key/key.core/../key.ui/examples/standard_key/pred_log/equalities3.key 
36986      DEBUG main            d.u.i.k.p.i.AbstractProblemLoader Environment load took 215.1ns 
36987      INFO  main            d.u.i.k.p.i.AbstractProblemLoader Creating init config 
39916      DEBUG main            d.u.i.k.p.i.AbstractProblemLoader Init config took 2.93s 
39936      INFO  main            d.u.i.k.p.i.AbstractProblemLoader Replaying proof equalities3.key 
39938      DEBUG main            d.u.i.k.p.i.IntermediateProofReplayer Proof replay took 6.1ns 
40044      INFO  main            d.u.i.k.p.r.p.TestFile    ... finished proof: closed. 
40217      INFO  main            d.u.i.k.p.i.AbstractProblemLoader Loading environment from /home/runner/work/key/key/key.core/../key.ui/examples/standard_key/pred_log/equalities3.key.proof 
40219      DEBUG main            d.u.i.k.p.i.AbstractProblemLoader Environment load took 1.81ms 
40221      INFO  main            d.u.i.k.p.i.AbstractProblemLoader Creating init config 
43143      DEBUG main            d.u.i.k.p.i.AbstractProblemLoader Init config took 2.92s 
43163      INFO  main            d.u.i.k.p.i.AbstractProblemLoader Replaying proof equalities3.key.proof 
43173      DEBUG main            d.u.i.k.p.i.IntermediateProofReplayer Proof replay took 7.92ms 
43174      DEBUG main            d.u.i.k.p.r.p.TestFile    ... success: reloaded. 
43175      INFO  main            d.u.i.k.p.r.p.TestFile    Now processing file /home/runner/work/key/key/key.core/../key.ui/examples/standard_key/pred_log/functions.key 
43175      INFO  main            d.u.i.k.p.i.AbstractProblemLoader Loading environment from /home/runner/work/key/key/key.core/../key.ui/examples/standard_key/pred_log/functions.key 
43176      DEBUG main            d.u.i.k.p.i.AbstractProblemLoader Environment load took 203.6ns 
43177      INFO  main            d.u.i.k.p.i.AbstractProblemLoader Creating init config 
46045      DEBUG main            d.u.i.k.p.i.AbstractProblemLoader Init config took 2.87s 
46063      INFO  main            d.u.i.k.p.i.AbstractProblemLoader Replaying proof functions.key 
46064      DEBUG main            d.u.i.k.p.i.IntermediateProofReplayer Proof replay took 6.6ns 
46168      INFO  main            d.u.i.k.p.r.p.TestFile    ... finished proof: closed. 
46434      INFO  main            d.u.i.k.p.i.AbstractProblemLoader Loading environment from /home/runner/work/key/key/key.core/../key.ui/examples/standard_key/pred_log/functions.key.proof 
46434      DEBUG main            d.u.i.k.p.i.AbstractProblemLoader Environment load took 124.1ns 
46436      INFO  main            d.u.i.k.p.i.AbstractProblemLoader Creating init config 
49311      DEBUG main            d.u.i.k.p.i.AbstractProblemLoader Init config took 2.88s 
49329      INFO  main            d.u.i.k.p.i.AbstractProblemLoader Replaying proof functions.key.proof 
49333      DEBUG main            d.u.i.k.p.i.IntermediateProofReplayer Proof replay took 2.84ms 
49334      DEBUG main            d.u.i.k.p.r.p.TestFile    ... success: reloaded. 
49335      INFO  main            d.u.i.k.p.r.p.TestFile    Now processing file /home/runner/work/key/key/key.core/../key.ui/examples/standard_key/pred_log/mv1.key 
49335      INFO  main            d.u.i.k.p.i.AbstractProblemLoader Loading environment from /home/runner/work/key/key/key.core/../key.ui/examples/standard_key/pred_log/mv1.key 
49335      DEBUG main            d.u.i.k.p.i.AbstractProblemLoader Environment load took 101.8ns 
49336      INFO  main            d.u.i.k.p.i.AbstractProblemLoader Creating init config 
52198      DEBUG main            d.u.i.k.p.i.AbstractProblemLoader Init config took 2.86s 
52216      INFO  main            d.u.i.k.p.i.AbstractProblemLoader Replaying proof mv1.key 
52218      DEBUG main            d.u.i.k.p.i.IntermediateProofReplayer Proof replay took 7.1ns 
52324      INFO  main            d.u.i.k.p.r.p.TestFile    ... finished proof: closed. 
52549      INFO  main            d.u.i.k.p.i.AbstractProblemLoader Loading environment from /home/runner/work/key/key/key.core/../key.ui/examples/standard_key/pred_log/mv1.key.proof 
52549      DEBUG main            d.u.i.k.p.i.AbstractProblemLoader Environment load took 127.7ns 
52551      INFO  main            d.u.i.k.p.i.AbstractProblemLoader Creating init config 
55345      DEBUG main            d.u.i.k.p.i.AbstractProblemLoader Init config took 2.79s 
55363      INFO  main            d.u.i.k.p.i.AbstractProblemLoader Replaying proof mv1.key.proof 
55367      DEBUG main            d.u.i.k.p.i.IntermediateProofReplayer Proof replay took 1.21ms 
55368      DEBUG main            d.u.i.k.p.r.p.TestFile    ... success: reloaded. 
55368      INFO  main            d.u.i.k.p.r.p.TestFile    Now processing file /home/runner/work/key/key/key.core/../key.ui/examples/standard_key/pred_log/mv2.key 
55369      INFO  main            d.u.i.k.p.i.AbstractProblemLoader Loading environment from /home/runner/work/key/key/key.core/../key.ui/examples/standard_key/pred_log/mv2.key 
55369      DEBUG main            d.u.i.k.p.i.AbstractProblemLoader Environment load took 123.1ns 
55370      INFO  main            d.u.i.k.p.i.AbstractProblemLoader Creating init config 
58245      DEBUG main            d.u.i.k.p.i.AbstractProblemLoader Init config took 2.87s 
58260      INFO  main            d.u.i.k.p.i.AbstractProblemLoader Replaying proof mv2.key 
58261      DEBUG main            d.u.i.k.p.i.IntermediateProofReplayer Proof replay took 6.8ns 
58363      INFO  main            d.u.i.k.p.r.p.TestFile    ... finished proof: closed. 
58600      INFO  main            d.u.i.k.p.i.AbstractProblemLoader Loading environment from /home/runner/work/key/key/key.core/../key.ui/examples/standard_key/pred_log/mv2.key.proof 
58600      DEBUG main            d.u.i.k.p.i.AbstractProblemLoader Environment load took 130.6ns 
58601      INFO  main            d.u.i.k.p.i.AbstractProblemLoader Creating init config 
61391      DEBUG main            d.u.i.k.p.i.AbstractProblemLoader Init config took 2.79s 
61406      INFO  main            d.u.i.k.p.i.AbstractProblemLoader Replaying proof mv2.key.proof 
61410      DEBUG main            d.u.i.k.p.i.IntermediateProofReplayer Proof replay took 1.86ms 
61411      DEBUG main            d.u.i.k.p.r.p.TestFile    ... success: reloaded. 
61411      INFO  main            d.u.i.k.p.r.p.TestFile    Now processing file /home/runner/work/key/key/key.core/../key.ui/examples/standard_key/pred_log/quantifiers.key 
61412      INFO  main            d.u.i.k.p.i.AbstractProblemLoader Loading environment from /home/runner/work/key/key/key.core/../key.ui/examples/standard_key/pred_log/quantifiers.key 
61412      DEBUG main            d.u.i.k.p.i.AbstractProblemLoader Environment load took 162.6ns 
61413      INFO  main            d.u.i.k.p.i.AbstractProblemLoader Creating init config 
64303      DEBUG main            d.u.i.k.p.i.AbstractProblemLoader Init config took 2.89s 
64318      INFO  main            d.u.i.k.p.i.AbstractProblemLoader Replaying proof quantifiers.key 
64321      DEBUG main            d.u.i.k.p.i.IntermediateProofReplayer Proof replay took 7.6ns 
64423      INFO  main            d.u.i.k.p.r.p.TestFile    ... finished proof: closed. 
64691      INFO  main            d.u.i.k.p.i.AbstractProblemLoader Loading environment from /home/runner/work/key/key/key.core/../key.ui/examples/standard_key/pred_log/quantifiers.key.proof 
64691      DEBUG main            d.u.i.k.p.i.AbstractProblemLoader Environment load took 119.7ns 
64692      INFO  main            d.u.i.k.p.i.AbstractProblemLoader Creating init config 
67384      DEBUG main            d.u.i.k.p.i.AbstractProblemLoader Init config took 2.69s 
67401      INFO  main            d.u.i.k.p.i.AbstractProblemLoader Replaying proof quantifiers.key.proof 
67405      DEBUG main            d.u.i.k.p.i.IntermediateProofReplayer Proof replay took 2.69ms 
67406      DEBUG main            d.u.i.k.p.r.p.TestFile    ... success: reloaded. 
67407      INFO  main            d.u.i.k.p.r.p.TestFile    Now processing file /home/runner/work/key/key/key.core/../key.ui/examples/standard_key/pred_log/simpleEps.key 
67407      INFO  main            d.u.i.k.p.i.AbstractProblemLoader Loading environment from /home/runner/work/key/key/key.core/../key.ui/examples/standard_key/pred_log/simpleEps.key 
67407      DEBUG main            d.u.i.k.p.i.AbstractProblemLoader Environment load took 108.7ns 
67408      INFO  main            d.u.i.k.p.i.AbstractProblemLoader Creating init config 
70163      DEBUG main            d.u.i.k.p.i.AbstractProblemLoader Init config took 2.75s 
70179      INFO  main            d.u.i.k.p.i.AbstractProblemLoader Replaying proof simpleEps.key 
70181      DEBUG main            d.u.i.k.p.i.IntermediateProofReplayer Proof replay took 7ns 
70283      INFO  main            d.u.i.k.p.r.p.TestFile    ... finished proof: closed. 
70524      INFO  main            d.u.i.k.p.i.AbstractProblemLoader Loading environment from /home/runner/work/key/key/key.core/../key.ui/examples/standard_key/pred_log/simpleEps.key.proof 
70524      DEBUG main            d.u.i.k.p.i.AbstractProblemLoader Environment load took 129.2ns 
70525      INFO  main            d.u.i.k.p.i.AbstractProblemLoader Creating init config 
73354      DEBUG main            d.u.i.k.p.i.AbstractProblemLoader Init config took 2.83s 
73371      INFO  main            d.u.i.k.p.i.AbstractProblemLoader Replaying proof simpleEps.key.proof 
73375      DEBUG main            d.u.i.k.p.i.IntermediateProofReplayer Proof replay took 1.82ms 
73376      DEBUG main            d.u.i.k.p.r.p.TestFile    ... success: reloaded. 
73377      INFO  main            d.u.i.k.p.r.p.TestFile    Now processing file /home/runner/work/key/key/key.core/../key.ui/examples/standard_key/pred_log/steam1.key 
73377      INFO  main            d.u.i.k.p.i.AbstractProblemLoader Loading environment from /home/runner/work/key/key/key.core/../key.ui/examples/standard_key/pred_log/steam1.key 
73378      DEBUG main            d.u.i.k.p.i.AbstractProblemLoader Environment load took 208.9ns 
73380      INFO  main            d.u.i.k.p.i.AbstractProblemLoader Creating init config 
76615      DEBUG main            d.u.i.k.p.i.AbstractProblemLoader Init config took 3.23s 
76645      INFO  main            d.u.i.k.p.i.AbstractProblemLoader Replaying proof steam1.key 
76646      DEBUG main            d.u.i.k.p.i.IntermediateProofReplayer Proof replay took 8ns 
77153      INFO  main            d.u.i.k.p.r.p.TestFile    ... finished proof: closed. 
77380      INFO  main            d.u.i.k.p.i.AbstractProblemLoader Loading environment from /home/runner/work/key/key/key.core/../key.ui/examples/standard_key/pred_log/steam1.key.proof 
77380      DEBUG main            d.u.i.k.p.i.AbstractProblemLoader Environment load took 392.5ns 
77383      INFO  main            d.u.i.k.p.i.AbstractProblemLoader Creating init config 
80226      DEBUG main            d.u.i.k.p.i.AbstractProblemLoader Init config took 2.84s 
80252      INFO  main            d.u.i.k.p.i.AbstractProblemLoader Replaying proof steam1.key.proof 
80284      DEBUG main            d.u.i.k.p.i.IntermediateProofReplayer Proof replay took 28.09ms 
80287      DEBUG main            d.u.i.k.p.r.p.TestFile    ... success: reloaded. 
80287      INFO  main            d.u.i.k.p.r.p.TestFile    Now processing file /home/runner/work/key/key/key.core/../key.ui/examples/standard_key/pred_log/tptp/PUZ/PUZ001p1.key 
80288      INFO  main            d.u.i.k.p.i.AbstractProblemLoader Loading environment from /home/runner/work/key/key/key.core/../key.ui/examples/standard_key/pred_log/tptp/PUZ/PUZ001p1.key 
80288      DEBUG main            d.u.i.k.p.i.AbstractProblemLoader Environment load took 202.4ns 
80290      INFO  main            d.u.i.k.p.i.AbstractProblemLoader Creating init config 
83130      DEBUG main            d.u.i.k.p.i.AbstractProblemLoader Init config took 2.84s 
83149      INFO  main            d.u.i.k.p.i.AbstractProblemLoader Replaying proof PUZ001p1.key 
83150      DEBUG main            d.u.i.k.p.i.IntermediateProofReplayer Proof replay took 16.7ns 
86802      INFO  main            d.u.i.k.p.r.p.TestFile    ... finished proof: closed. 
87050      INFO  main            d.u.i.k.p.i.AbstractProblemLoader Loading environment from /home/runner/work/key/key/key.core/../key.ui/examples/standard_key/pred_log/tptp/PUZ/PUZ001p1.key.proof 
87050      DEBUG main            d.u.i.k.p.i.AbstractProblemLoader Environment load took 381.1ns 
87052      INFO  main            d.u.i.k.p.i.AbstractProblemLoader Creating init config 
89845      DEBUG main            d.u.i.k.p.i.AbstractProblemLoader Init config took 2.79s 
89866      INFO  main            d.u.i.k.p.i.AbstractProblemLoader Replaying proof PUZ001p1.key.proof 
90043      DEBUG main            d.u.i.k.p.i.IntermediateProofReplayer Proof replay took 167.1ms 
90051      DEBUG main            d.u.i.k.p.r.p.TestFile    ... success: reloaded. 
90059      INFO  main            d.u.i.k.p.r.p.TestFile    Now processing file /home/runner/work/key/key/key.core/../key.ui/examples/standard_key/pred_log/tptp/PUZ/PUZ001p1-eq.key 
90059      INFO  main            d.u.i.k.p.i.AbstractProblemLoader Loading environment from /home/runner/work/key/key/key.core/../key.ui/examples/standard_key/pred_log/tptp/PUZ/PUZ001p1-eq.key 
90059      DEBUG main            d.u.i.k.p.i.AbstractProblemLoader Environment load took 184.6ns 
90060      INFO  main            d.u.i.k.p.i.AbstractProblemLoader Creating init config 
92760      DEBUG main            d.u.i.k.p.i.AbstractProblemLoader Init config took 2.7s 
92780      INFO  main            d.u.i.k.p.i.AbstractProblemLoader Replaying proof PUZ001p1-eq.key 
92782      DEBUG main            d.u.i.k.p.i.IntermediateProofReplayer Proof replay took 7.8ns 
92985      INFO  main            d.u.i.k.p.r.p.TestFile    ... finished proof: closed. 
93236      INFO  main            d.u.i.k.p.i.AbstractProblemLoader Loading environment from /home/runner/work/key/key/key.core/../key.ui/examples/standard_key/pred_log/tptp/PUZ/PUZ001p1-eq.key.proof 
93236      DEBUG main            d.u.i.k.p.i.AbstractProblemLoader Environment load took 429ns 
93238      INFO  main            d.u.i.k.p.i.AbstractProblemLoader Creating init config 
95831      DEBUG main            d.u.i.k.p.i.AbstractProblemLoader Init config took 2.59s 
95845      INFO  main            d.u.i.k.p.i.AbstractProblemLoader Replaying proof PUZ001p1-eq.key.proof 
95862      DEBUG main            d.u.i.k.p.i.IntermediateProofReplayer Proof replay took 15.16ms 
95864      DEBUG main            d.u.i.k.p.r.p.TestFile    ... success: reloaded. 
95865      INFO  main            d.u.i.k.p.r.p.TestFile    Now processing file /home/runner/work/key/key/key.core/../key.ui/examples/standard_key/pred_log/tptp/PUZ/PUZ031p1.key 
95865      INFO  main            d.u.i.k.p.i.AbstractProblemLoader Loading environment from /home/runner/work/key/key/key.core/../key.ui/examples/standard_key/pred_log/tptp/PUZ/PUZ031p1.key 
95865      DEBUG main            d.u.i.k.p.i.AbstractProblemLoader Environment load took 194ns 
95867      INFO  main            d.u.i.k.p.i.AbstractProblemLoader Creating init config 
98539      DEBUG main            d.u.i.k.p.i.AbstractProblemLoader Init config took 2.67s 
98555      INFO  main            d.u.i.k.p.i.AbstractProblemLoader Replaying proof PUZ031p1.key 
98556      DEBUG main            d.u.i.k.p.i.IntermediateProofReplayer Proof replay took 6.5ns 
107421     INFO  main            d.u.i.k.p.r.p.TestFile    ... finished proof: closed. 
107648     INFO  main            d.u.i.k.p.i.AbstractProblemLoader Loading environment from /home/runner/work/key/key/key.core/../key.ui/examples/standard_key/pred_log/tptp/PUZ/PUZ031p1.key.proof 
107648     DEBUG main            d.u.i.k.p.i.AbstractProblemLoader Environment load took 356.3ns 
107650     INFO  main            d.u.i.k.p.i.AbstractProblemLoader Creating init config 
110162     DEBUG main            d.u.i.k.p.i.AbstractProblemLoader Init config took 2.51s 
110186     INFO  main            d.u.i.k.p.i.AbstractProblemLoader Replaying proof PUZ031p1.key.proof 
110283     DEBUG main            d.u.i.k.p.i.IntermediateProofReplayer Proof replay took 91.46ms 
110285     DEBUG main            d.u.i.k.p.r.p.TestFile    ... success: reloaded. 
110286     INFO  main            d.u.i.k.p.r.p.TestFile    Now processing file /home/runner/work/key/key/key.core/../key.ui/examples/standard_key/pred_log/tptp/SET/SET027p3.key 
110286     INFO  main            d.u.i.k.p.i.AbstractProblemLoader Loading environment from /home/runner/work/key/key/key.core/../key.ui/examples/standard_key/pred_log/tptp/SET/SET027p3.key 
110286     DEBUG main            d.u.i.k.p.i.AbstractProblemLoader Environment load took 131.5ns 
110287     INFO  main            d.u.i.k.p.i.AbstractProblemLoader Creating init config 
112976     DEBUG main            d.u.i.k.p.i.AbstractProblemLoader Init config took 2.69s 
112990     INFO  main            d.u.i.k.p.i.AbstractProblemLoader Replaying proof SET027p3.key 
112992     DEBUG main            d.u.i.k.p.i.IntermediateProofReplayer Proof replay took 6.7ns 
113096     INFO  main            d.u.i.k.p.r.p.TestFile    ... finished proof: closed. 
113381     INFO  main            d.u.i.k.p.i.AbstractProblemLoader Loading environment from /home/runner/work/key/key/key.core/../key.ui/examples/standard_key/pred_log/tptp/SET/SET027p3.key.proof 
113381     DEBUG main            d.u.i.k.p.i.AbstractProblemLoader Environment load took 135.1ns 
113383     INFO  main            d.u.i.k.p.i.AbstractProblemLoader Creating init config 
116171     DEBUG main            d.u.i.k.p.i.AbstractProblemLoader Init config took 2.79s 
116186     INFO  main            d.u.i.k.p.i.AbstractProblemLoader Replaying proof SET027p3.key.proof 
116195     DEBUG main            d.u.i.k.p.i.IntermediateProofReplayer Proof replay took 7.03ms 
116196     DEBUG main            d.u.i.k.p.r.p.TestFile    ... success: reloaded. 
116197     INFO  main            d.u.i.k.p.r.p.TestFile    Now processing file /home/runner/work/key/key/key.core/../key.ui/examples/standard_key/pred_log/tptp/SET/SET043p1.key 
116198     INFO  main            d.u.i.k.p.i.AbstractProblemLoader Loading environment from /home/runner/work/key/key/key.core/../key.ui/examples/standard_key/pred_log/tptp/SET/SET043p1.key 
116198     DEBUG main            d.u.i.k.p.i.AbstractProblemLoader Environment load took 282.2ns 
116199     INFO  main            d.u.i.k.p.i.AbstractProblemLoader Creating init config 
118919     DEBUG main            d.u.i.k.p.i.AbstractProblemLoader Init config took 2.72s 
118934     INFO  main            d.u.i.k.p.i.AbstractProblemLoader Replaying proof SET043p1.key 
118936     DEBUG main            d.u.i.k.p.i.IntermediateProofReplayer Proof replay took 6.5ns 
119038     INFO  main            d.u.i.k.p.r.p.TestFile    ... finished proof: closed. 
119271     INFO  main            d.u.i.k.p.i.AbstractProblemLoader Loading environment from /home/runner/work/key/key/key.core/../key.ui/examples/standard_key/pred_log/tptp/SET/SET043p1.key.proof 
119271     DEBUG main            d.u.i.k.p.i.AbstractProblemLoader Environment load took 170.9ns 
119273     INFO  main            d.u.i.k.p.i.AbstractProblemLoader Creating init config 
122009     DEBUG main            d.u.i.k.p.i.AbstractProblemLoader Init config took 2.74s 
122024     INFO  main            d.u.i.k.p.i.AbstractProblemLoader Replaying proof SET043p1.key.proof 
122027     DEBUG main            d.u.i.k.p.i.IntermediateProofReplayer Proof replay took 1.71ms 
122028     DEBUG main            d.u.i.k.p.r.p.TestFile    ... success: reloaded. 
122028     INFO  main            d.u.i.k.p.r.p.TestFile    Now processing file /home/runner/work/key/key/key.core/../key.ui/examples/standard_key/pred_log/tptp/SET/SET045p1.key 
122029     INFO  main            d.u.i.k.p.i.AbstractProblemLoader Loading environment from /home/runner/work/key/key/key.core/../key.ui/examples/standard_key/pred_log/tptp/SET/SET045p1.key 
122029     DEBUG main            d.u.i.k.p.i.AbstractProblemLoader Environment load took 209.3ns 
122030     INFO  main            d.u.i.k.p.i.AbstractProblemLoader Creating init config 
124756     DEBUG main            d.u.i.k.p.i.AbstractProblemLoader Init config took 2.73s 
124772     INFO  main            d.u.i.k.p.i.AbstractProblemLoader Replaying proof SET045p1.key 
124773     DEBUG main            d.u.i.k.p.i.IntermediateProofReplayer Proof replay took 7ns 
124875     INFO  main            d.u.i.k.p.r.p.TestFile    ... finished proof: closed. 
125115     INFO  main            d.u.i.k.p.i.AbstractProblemLoader Loading environment from /home/runner/work/key/key/key.core/../key.ui/examples/standard_key/pred_log/tptp/SET/SET045p1.key.proof 
125115     DEBUG main            d.u.i.k.p.i.AbstractProblemLoader Environment load took 105.3ns 
125116     INFO  main            d.u.i.k.p.i.AbstractProblemLoader Creating init config 
127903     DEBUG main            d.u.i.k.p.i.AbstractProblemLoader Init config took 2.79s 
127918     INFO  main            d.u.i.k.p.i.AbstractProblemLoader Replaying proof SET045p1.key.proof 
127927     DEBUG main            d.u.i.k.p.i.IntermediateProofReplayer Proof replay took 5.7ms 
127928     DEBUG main            d.u.i.k.p.r.p.TestFile    ... success: reloaded. 
127929     INFO  main            d.u.i.k.p.r.p.TestFile    Now processing file /home/runner/work/key/key/key.core/../key.ui/examples/standard_key/pred_log/tptp/SET/SET062p3.key 
127929     INFO  main            d.u.i.k.p.i.AbstractProblemLoader Loading environment from /home/runner/work/key/key/key.core/../key.ui/examples/standard_key/pred_log/tptp/SET/SET062p3.key 
127929     DEBUG main            d.u.i.k.p.i.AbstractProblemLoader Environment load took 196.8ns 
127931     INFO  main            d.u.i.k.p.i.AbstractProblemLoader Creating init config 
130818     DEBUG main            d.u.i.k.p.i.AbstractProblemLoader Init config took 2.89s 
130833     INFO  main            d.u.i.k.p.i.AbstractProblemLoader Replaying proof SET062p3.key 
130834     DEBUG main            d.u.i.k.p.i.IntermediateProofReplayer Proof replay took 7.4ns 
130937     INFO  main            d.u.i.k.p.r.p.TestFile    ... finished proof: closed. 
131235     INFO  main            d.u.i.k.p.i.AbstractProblemLoader Loading environment from /home/runner/work/key/key/key.core/../key.ui/examples/standard_key/pred_log/tptp/SET/SET062p3.key.proof 
131235     DEBUG main            d.u.i.k.p.i.AbstractProblemLoader Environment load took 113.6ns 
131237     INFO  main            d.u.i.k.p.i.AbstractProblemLoader Creating init config 
133980     DEBUG main            d.u.i.k.p.i.AbstractProblemLoader Init config took 2.74s 
133994     INFO  main            d.u.i.k.p.i.AbstractProblemLoader Replaying proof SET062p3.key.proof 
134001     DEBUG main            d.u.i.k.p.i.IntermediateProofReplayer Proof replay took 5.39ms 
134002     DEBUG main            d.u.i.k.p.r.p.TestFile    ... success: reloaded. 
134003     INFO  main            d.u.i.k.p.r.p.TestFile    Now processing file /home/runner/work/key/key/key.core/../key.ui/examples/standard_key/pred_log/tptp/SET/SET063p3.key 
134003     INFO  main            d.u.i.k.p.i.AbstractProblemLoader Loading environment from /home/runner/work/key/key/key.core/../key.ui/examples/standard_key/pred_log/tptp/SET/SET063p3.key 
134003     DEBUG main            d.u.i.k.p.i.AbstractProblemLoader Environment load took 122.6ns 
134004     INFO  main            d.u.i.k.p.i.AbstractProblemLoader Creating init config 
136706     DEBUG main            d.u.i.k.p.i.AbstractProblemLoader Init config took 2.7s 
136720     INFO  main            d.u.i.k.p.i.AbstractProblemLoader Replaying proof SET063p3.key 
136722     DEBUG main            d.u.i.k.p.i.IntermediateProofReplayer Proof replay took 6.3ns 
136828     INFO  main            d.u.i.k.p.r.p.TestFile    ... finished proof: closed. 
137122     INFO  main            d.u.i.k.p.i.AbstractProblemLoader Loading environment from /home/runner/work/key/key/key.core/../key.ui/examples/standard_key/pred_log/tptp/SET/SET063p3.key.proof 
137123     DEBUG main            d.u.i.k.p.i.AbstractProblemLoader Environment load took 112.1ns 
137124     INFO  main            d.u.i.k.p.i.AbstractProblemLoader Creating init config 
139989     DEBUG main            d.u.i.k.p.i.AbstractProblemLoader Init config took 2.87s 
140005     INFO  main            d.u.i.k.p.i.AbstractProblemLoader Replaying proof SET063p3.key.proof 
140014     DEBUG main            d.u.i.k.p.i.IntermediateProofReplayer Proof replay took 6.92ms 
140015     DEBUG main            d.u.i.k.p.r.p.TestFile    ... success: reloaded. 
140016     INFO  main            d.u.i.k.p.r.p.TestFile    Now processing file /home/runner/work/key/key/key.core/../key.ui/examples/standard_key/pred_log/tptp/SYN/SYN036p2.key 
140016     INFO  main            d.u.i.k.p.i.AbstractProblemLoader Loading environment from /home/runner/work/key/key/key.core/../key.ui/examples/standard_key/pred_log/tptp/SYN/SYN036p2.key 
140016     DEBUG main            d.u.i.k.p.i.AbstractProblemLoader Environment load took 193.7ns 
140017     INFO  main            d.u.i.k.p.i.AbstractProblemLoader Creating init config 
142902     DEBUG main            d.u.i.k.p.i.AbstractProblemLoader Init config took 2.88s 
142918     INFO  main            d.u.i.k.p.i.AbstractProblemLoader Replaying proof SYN036p2.key 
142919     DEBUG main            d.u.i.k.p.i.IntermediateProofReplayer Proof replay took 6.6ns 
143227     INFO  main            d.u.i.k.p.r.p.TestFile    ... finished proof: closed. 
143521     INFO  main            d.u.i.k.p.i.AbstractProblemLoader Loading environment from /home/runner/work/key/key/key.core/../key.ui/examples/standard_key/pred_log/tptp/SYN/SYN036p2.key.proof 
143523     DEBUG main            d.u.i.k.p.i.AbstractProblemLoader Environment load took 1.78ms 
143525     INFO  main            d.u.i.k.p.i.AbstractProblemLoader Creating init config 
146300     DEBUG main            d.u.i.k.p.i.AbstractProblemLoader Init config took 2.77s 
146315     INFO  main            d.u.i.k.p.i.AbstractProblemLoader Replaying proof SYN036p2.key.proof 
146423     DEBUG main            d.u.i.k.p.i.IntermediateProofReplayer Proof replay took 100.15ms 
146424     DEBUG main            d.u.i.k.p.r.p.TestFile    ... success: reloaded. 
146425     INFO  main            d.u.i.k.p.r.p.TestFile    Now processing file /home/runner/work/key/key/key.core/../key.ui/examples/standard_key/pred_log/tptp/SYN/SYN550p1.key 
146425     INFO  main            d.u.i.k.p.i.AbstractProblemLoader Loading environment from /home/runner/work/key/key/key.core/../key.ui/examples/standard_key/pred_log/tptp/SYN/SYN550p1.key 
146426     DEBUG main            d.u.i.k.p.i.AbstractProblemLoader Environment load took 200.5ns 
146427     INFO  main            d.u.i.k.p.i.AbstractProblemLoader Creating init config 
149269     DEBUG main            d.u.i.k.p.i.AbstractProblemLoader Init config took 2.84s 
149283     INFO  main            d.u.i.k.p.i.AbstractProblemLoader Replaying proof SYN550p1.key 
149285     DEBUG main            d.u.i.k.p.i.IntermediateProofReplayer Proof replay took 7.3ns 
152612     INFO  main            d.u.i.k.p.r.p.TestFile    ... finished proof: closed. 
152908     INFO  main            d.u.i.k.p.i.AbstractProblemLoader Loading environment from /home/runner/work/key/key/key.core/../key.ui/examples/standard_key/pred_log/tptp/SYN/SYN550p1.key.proof 
152909     DEBUG main            d.u.i.k.p.i.AbstractProblemLoader Environment load took 1.82ms 
152912     INFO  main            d.u.i.k.p.i.AbstractProblemLoader Creating init config 
155599     DEBUG main            d.u.i.k.p.i.AbstractProblemLoader Init config took 2.69s 
155613     INFO  main            d.u.i.k.p.i.AbstractProblemLoader Replaying proof SYN550p1.key.proof 
155713     DEBUG main            d.u.i.k.p.i.IntermediateProofReplayer Proof replay took 92.91ms 
155714     DEBUG main            d.u.i.k.p.r.p.TestFile    ... success: reloaded. 
155714     INFO  main            d.u.i.k.p.r.p.TestFile    Now processing file /home/runner/work/key/key/key.core/../key.ui/examples/standard_key/prop_log/reallySimple.key 
155715     INFO  main            d.u.i.k.p.i.AbstractProblemLoader Loading environment from /home/runner/work/key/key/key.core/../key.ui/examples/standard_key/prop_log/reallySimple.key 
155715     DEBUG main            d.u.i.k.p.i.AbstractProblemLoader Environment load took 90.5ns 
155716     INFO  main            d.u.i.k.p.i.AbstractProblemLoader Creating init config 
158374     DEBUG main            d.u.i.k.p.i.AbstractProblemLoader Init config took 2.66s 
158386     INFO  main            d.u.i.k.p.i.AbstractProblemLoader Replaying proof reallySimple.key 
158388     DEBUG main            d.u.i.k.p.i.IntermediateProofReplayer Proof replay took 5.9ns 
158491     INFO  main            d.u.i.k.p.r.p.TestFile    ... finished proof: open goal(s) 
158773     INFO  main            d.u.i.k.p.r.p.TestFile    Now processing file /home/runner/work/key/key/key.core/../key.ui/examples/standard_key/pred_log/sameName1.key 
158773     INFO  main            d.u.i.k.p.i.AbstractProblemLoader Loading environment from /home/runner/work/key/key/key.core/../key.ui/examples/standard_key/pred_log/sameName1.key 
158773     DEBUG main            d.u.i.k.p.i.AbstractProblemLoader Environment load took 65.8ns 
158774     INFO  main            d.u.i.k.p.i.AbstractProblemLoader Creating init config 
161332     DEBUG main            d.u.i.k.p.i.AbstractProblemLoader Init config took 2.56s 
161346     INFO  main            d.u.i.k.p.i.AbstractProblemLoader Replaying proof sameName1.key 
161348     DEBUG main            d.u.i.k.p.i.IntermediateProofReplayer Proof replay took 6.5ns 
161450     INFO  main            d.u.i.k.p.r.p.TestFile    ... finished proof: open goal(s) 
161781     INFO  main            d.u.i.k.p.r.p.TestFile    Now processing file /home/runner/work/key/key/key.core/../key.ui/examples/standard_key/pred_log/jbyteIfEx.key 
161781     INFO  main            d.u.i.k.p.i.AbstractProblemLoader Loading environment from /home/runner/work/key/key/key.core/../key.ui/examples/standard_key/pred_log/jbyteIfEx.key 
161781     DEBUG main            d.u.i.k.p.i.AbstractProblemLoader Environment load took 63.8ns 
161783     INFO  main            d.u.i.k.p.i.AbstractProblemLoader Creating init config 
164365     DEBUG main            d.u.i.k.p.i.AbstractProblemLoader Init config took 2.58s 
164378     INFO  main            d.u.i.k.p.i.AbstractProblemLoader Replaying proof jbyteIfEx.key 
164379     DEBUG main            d.u.i.k.p.i.IntermediateProofReplayer Proof replay took 5.9ns 
164483     INFO  main            d.u.i.k.p.r.p.TestFile    ... finished proof: closed. 
164749     INFO  main            d.u.i.k.p.i.AbstractProblemLoader Loading environment from /home/runner/work/key/key/key.core/../key.ui/examples/standard_key/pred_log/jbyteIfEx.key.proof 
164749     DEBUG main            d.u.i.k.p.i.AbstractProblemLoader Environment load took 116.1ns 
164751     INFO  main            d.u.i.k.p.i.AbstractProblemLoader Creating init config 
167218     DEBUG main            d.u.i.k.p.i.AbstractProblemLoader Init config took 2.47s 
167233     INFO  main            d.u.i.k.p.i.AbstractProblemLoader Replaying proof jbyteIfEx.key.proof 
167245     DEBUG main            d.u.i.k.p.i.IntermediateProofReplayer Proof replay took 8.91ms 
167246     DEBUG main            d.u.i.k.p.r.p.TestFile    ... success: reloaded. 
167247     INFO  main            d.u.i.k.p.r.p.TestFile    Now processing file /home/runner/work/key/key/key.core/../key.ui/examples/standard_key/prop_log/allClausesLength4.key 
167247     INFO  main            d.u.i.k.p.i.AbstractProblemLoader Loading environment from /home/runner/work/key/key/key.core/../key.ui/examples/standard_key/prop_log/allClausesLength4.key 
167247     DEBUG main            d.u.i.k.p.i.AbstractProblemLoader Environment load took 106.6ns 
167248     INFO  main            d.u.i.k.p.i.AbstractProblemLoader Creating init config 
169903     DEBUG main            d.u.i.k.p.i.AbstractProblemLoader Init config took 2.66s 
169919     INFO  main            d.u.i.k.p.i.AbstractProblemLoader Replaying proof allClausesLength4.key 
169920     DEBUG main            d.u.i.k.p.i.IntermediateProofReplayer Proof replay took 6.4ns 
170022     INFO  main            d.u.i.k.p.r.p.TestFile    ... finished proof: closed. 
170317     INFO  main            d.u.i.k.p.i.AbstractProblemLoader Loading environment from /home/runner/work/key/key/key.core/../key.ui/examples/standard_key/prop_log/allClausesLength4.key.proof 
170318     DEBUG main            d.u.i.k.p.i.AbstractProblemLoader Environment load took 408.1ns 
170319     INFO  main            d.u.i.k.p.i.AbstractProblemLoader Creating init config 
172818     DEBUG main            d.u.i.k.p.i.AbstractProblemLoader Init config took 2.5s 
172834     INFO  main            d.u.i.k.p.i.AbstractProblemLoader Replaying proof allClausesLength4.key.proof 
172853     DEBUG main            d.u.i.k.p.i.IntermediateProofReplayer Proof replay took 16.49ms 
172854     DEBUG main            d.u.i.k.p.r.p.TestFile    ... success: reloaded. 
172855     INFO  main            d.u.i.k.p.r.p.TestFile    Now processing file /home/runner/work/key/key/key.core/../key.ui/examples/standard_key/prop_log/allClausesLength5.key 
172855     INFO  main            d.u.i.k.p.i.AbstractProblemLoader Loading environment from /home/runner/work/key/key/key.core/../key.ui/examples/standard_key/prop_log/allClausesLength5.key 
172855     DEBUG main            d.u.i.k.p.i.AbstractProblemLoader Environment load took 105.3ns 
172857     INFO  main            d.u.i.k.p.i.AbstractProblemLoader Creating init config 
175433     DEBUG main            d.u.i.k.p.i.AbstractProblemLoader Init config took 2.58s 
175449     INFO  main            d.u.i.k.p.i.AbstractProblemLoader Replaying proof allClausesLength5.key 
175450     DEBUG main            d.u.i.k.p.i.IntermediateProofReplayer Proof replay took 5.9ns 
175753     INFO  main            d.u.i.k.p.r.p.TestFile    ... finished proof: closed. 
176055     INFO  main            d.u.i.k.p.i.AbstractProblemLoader Loading environment from /home/runner/work/key/key/key.core/../key.ui/examples/standard_key/prop_log/allClausesLength5.key.proof 
176055     DEBUG main            d.u.i.k.p.i.AbstractProblemLoader Environment load took 320.4ns 
176057     INFO  main            d.u.i.k.p.i.AbstractProblemLoader Creating init config 
178578     DEBUG main            d.u.i.k.p.i.AbstractProblemLoader Init config took 2.52s 
178593     INFO  main            d.u.i.k.p.i.AbstractProblemLoader Replaying proof allClausesLength5.key.proof 
178641     DEBUG main            d.u.i.k.p.i.IntermediateProofReplayer Proof replay took 42.7ms 
178642     DEBUG main            d.u.i.k.p.r.p.TestFile    ... success: reloaded. 
178643     INFO  main            d.u.i.k.p.r.p.TestFile    Now processing file /home/runner/work/key/key/key.core/../key.ui/examples/standard_key/prop_log/doubleNeg.key 
178643     INFO  main            d.u.i.k.p.i.AbstractProblemLoader Loading environment from /home/runner/work/key/key/key.core/../key.ui/examples/standard_key/prop_log/doubleNeg.key 
178643     DEBUG main            d.u.i.k.p.i.AbstractProblemLoader Environment load took 102.6ns 
178644     INFO  main            d.u.i.k.p.i.AbstractProblemLoader Creating init config 
181260     DEBUG main            d.u.i.k.p.i.AbstractProblemLoader Init config took 2.62s 
181272     INFO  main            d.u.i.k.p.i.AbstractProblemLoader Replaying proof doubleNeg.key 
181273     DEBUG main            d.u.i.k.p.i.IntermediateProofReplayer Proof replay took 5.8ns 
181375     INFO  main            d.u.i.k.p.r.p.TestFile    ... finished proof: closed. 
181674     INFO  main            d.u.i.k.p.i.AbstractProblemLoader Loading environment from /home/runner/work/key/key/key.core/../key.ui/examples/standard_key/prop_log/doubleNeg.key.proof 
181674     DEBUG main            d.u.i.k.p.i.AbstractProblemLoader Environment load took 97.6ns 
181675     INFO  main            d.u.i.k.p.i.AbstractProblemLoader Creating init config 
184219     DEBUG main            d.u.i.k.p.i.AbstractProblemLoader Init config took 2.54s 
184233     INFO  main            d.u.i.k.p.i.AbstractProblemLoader Replaying proof doubleNeg.key.proof 
184235     DEBUG main            d.u.i.k.p.i.IntermediateProofReplayer Proof replay took 356.2ns 
184236     DEBUG main            d.u.i.k.p.r.p.TestFile    ... success: reloaded. 
184236     INFO  main            d.u.i.k.p.r.p.TestFile    Now processing file /home/runner/work/key/key/key.core/../key.ui/examples/standard_key/prop_log/liarsville.key 
184236     INFO  main            d.u.i.k.p.i.AbstractProblemLoader Loading environment from /home/runner/work/key/key/key.core/../key.ui/examples/standard_key/prop_log/liarsville.key 
184237     DEBUG main            d.u.i.k.p.i.AbstractProblemLoader Environment load took 172.8ns 
184238     INFO  main            d.u.i.k.p.i.AbstractProblemLoader Creating init config 
186787     DEBUG main            d.u.i.k.p.i.AbstractProblemLoader Init config took 2.55s 
186800     INFO  main            d.u.i.k.p.i.AbstractProblemLoader Replaying proof liarsville.key 
186801     DEBUG main            d.u.i.k.p.i.IntermediateProofReplayer Proof replay took 5.8ns 
186903     INFO  main            d.u.i.k.p.r.p.TestFile    ... finished proof: closed. 
187203     INFO  main            d.u.i.k.p.i.AbstractProblemLoader Loading environment from /home/runner/work/key/key/key.core/../key.ui/examples/standard_key/prop_log/liarsville.key.proof 
187204     DEBUG main            d.u.i.k.p.i.AbstractProblemLoader Environment load took 106.1ns 
187213     INFO  main            d.u.i.k.p.i.AbstractProblemLoader Creating init config 
189772     DEBUG main            d.u.i.k.p.i.AbstractProblemLoader Init config took 2.56s 
189785     INFO  main            d.u.i.k.p.i.AbstractProblemLoader Replaying proof liarsville.key.proof 
189794     DEBUG main            d.u.i.k.p.i.IntermediateProofReplayer Proof replay took 5.29ms 
189796     DEBUG main            d.u.i.k.p.r.p.TestFile    ... success: reloaded. 
189797     INFO  main            d.u.i.k.p.r.p.TestFile    Now processing file /home/runner/work/key/key/key.core/../key.ui/examples/standard_key/prop_log/simplest.key 
189797     INFO  main            d.u.i.k.p.i.AbstractProblemLoader Loading environment from /home/runner/work/key/key/key.core/../key.ui/examples/standard_key/prop_log/simplest.key 
189797     DEBUG main            d.u.i.k.p.i.AbstractProblemLoader Environment load took 169.7ns 
189798     INFO  main            d.u.i.k.p.i.AbstractProblemLoader Creating init config 
192336     DEBUG main            d.u.i.k.p.i.AbstractProblemLoader Init config took 2.54s 
192349     INFO  main            d.u.i.k.p.i.AbstractProblemLoader Replaying proof simplest.key 
192350     DEBUG main            d.u.i.k.p.i.IntermediateProofReplayer Proof replay took 6.2ns 
192455     INFO  main            d.u.i.k.p.r.p.TestFile    ... finished proof: closed. 
192751     INFO  main            d.u.i.k.p.i.AbstractProblemLoader Loading environment from /home/runner/work/key/key/key.core/../key.ui/examples/standard_key/prop_log/simplest.key.proof 
192751     DEBUG main            d.u.i.k.p.i.AbstractProblemLoader Environment load took 97.4ns 
192752     INFO  main            d.u.i.k.p.i.AbstractProblemLoader Creating init config 
195256     DEBUG main            d.u.i.k.p.i.AbstractProblemLoader Init config took 2.5s 
195269     INFO  main            d.u.i.k.p.i.AbstractProblemLoader Replaying proof simplest.key.proof 
195270     DEBUG main            d.u.i.k.p.i.IntermediateProofReplayer Proof replay took 83.2ns 
195271     DEBUG main            d.u.i.k.p.r.p.TestFile    ... success: reloaded. 
195271     INFO  main            d.u.i.k.p.r.p.TestFile    Now processing file /home/runner/work/key/key/key.core/../key.ui/examples/standard_key/prop_log/contraposition.key 
195272     INFO  main            d.u.i.k.p.i.AbstractProblemLoader Loading environment from /home/runner/work/key/key/key.core/../key.ui/examples/standard_key/prop_log/contraposition.key 
195272     DEBUG main            d.u.i.k.p.i.AbstractProblemLoader Environment load took 97.9ns 
195273     INFO  main            d.u.i.k.p.i.AbstractProblemLoader Creating init config 
197805     DEBUG main            d.u.i.k.p.i.AbstractProblemLoader Init config took 2.53s 
197835     INFO  main            d.u.i.k.p.i.AbstractProblemLoader Replaying proof contraposition.key 
197837     DEBUG main            d.u.i.k.p.i.IntermediateProofReplayer Proof replay took 6.8ns 
197938     INFO  main            d.u.i.k.p.r.p.TestFile    ... finished proof: closed. 
198245     INFO  main            d.u.i.k.p.i.AbstractProblemLoader Loading environment from /home/runner/work/key/key/key.core/../key.ui/examples/standard_key/prop_log/contraposition.key.proof 
198245     DEBUG main            d.u.i.k.p.i.AbstractProblemLoader Environment load took 100ns 
198246     INFO  main            d.u.i.k.p.i.AbstractProblemLoader Creating init config 
200760     DEBUG main            d.u.i.k.p.i.AbstractProblemLoader Init config took 2.51s 
200774     INFO  main            d.u.i.k.p.i.AbstractProblemLoader Replaying proof contraposition.key.proof 
200776     DEBUG main            d.u.i.k.p.i.IntermediateProofReplayer Proof replay took 651.22ns 
200776     DEBUG main            d.u.i.k.p.r.p.TestFile    ... success: reloaded. 
200777     INFO  main            d.u.i.k.p.r.p.TestFile    Now processing file /home/runner/work/key/key/key.core/../key.ui/examples/standard_key/quantifiers/elimination0.key 
200777     INFO  main            d.u.i.k.p.i.AbstractProblemLoader Loading environment from /home/runner/work/key/key/key.core/../key.ui/examples/standard_key/quantifiers/elimination0.key 
200777     DEBUG main            d.u.i.k.p.i.AbstractProblemLoader Environment load took 72.6ns 
200778     INFO  main            d.u.i.k.p.i.AbstractProblemLoader Creating init config 
203364     DEBUG main            d.u.i.k.p.i.AbstractProblemLoader Init config took 2.59s 
203380     INFO  main            d.u.i.k.p.i.AbstractProblemLoader Replaying proof elimination0.key 
203382     DEBUG main            d.u.i.k.p.i.IntermediateProofReplayer Proof replay took 6.3ns 
203484     INFO  main            d.u.i.k.p.r.p.TestFile    ... finished proof: closed. 
203809     INFO  main            d.u.i.k.p.i.AbstractProblemLoader Loading environment from /home/runner/work/key/key/key.core/../key.ui/examples/standard_key/quantifiers/elimination0.key.proof 
203809     DEBUG main            d.u.i.k.p.i.AbstractProblemLoader Environment load took 107ns 
203811     INFO  main            d.u.i.k.p.i.AbstractProblemLoader Creating init config 
206449     DEBUG main            d.u.i.k.p.i.AbstractProblemLoader Init config took 2.64s 
206462     INFO  main            d.u.i.k.p.i.AbstractProblemLoader Replaying proof elimination0.key.proof 
206465     DEBUG main            d.u.i.k.p.i.IntermediateProofReplayer Proof replay took 1.47ms 
206466     DEBUG main            d.u.i.k.p.r.p.TestFile    ... success: reloaded. 
206467     INFO  main            d.u.i.k.p.r.p.TestFile    Now processing file /home/runner/work/key/key/key.core/../key.ui/examples/standard_key/quantifiers/heuristic_PUZ001p1-eq.key 
206467     INFO  main            d.u.i.k.p.i.AbstractProblemLoader Loading environment from /home/runner/work/key/key/key.core/../key.ui/examples/standard_key/quantifiers/heuristic_PUZ001p1-eq.key 
206467     DEBUG main            d.u.i.k.p.i.AbstractProblemLoader Environment load took 69.5ns 
206468     INFO  main            d.u.i.k.p.i.AbstractProblemLoader Creating init config 
209118     DEBUG main            d.u.i.k.p.i.AbstractProblemLoader Init config took 2.65s 
209131     INFO  main            d.u.i.k.p.i.AbstractProblemLoader Replaying proof heuristic_PUZ001p1-eq.key 
209133     DEBUG main            d.u.i.k.p.i.IntermediateProofReplayer Proof replay took 5.8ns 
209236     INFO  main            d.u.i.k.p.r.p.TestFile    ... finished proof: closed. 
209576     INFO  main            d.u.i.k.p.i.AbstractProblemLoader Loading environment from /home/runner/work/key/key/key.core/../key.ui/examples/standard_key/quantifiers/heuristic_PUZ001p1-eq.key.proof 
209576     DEBUG main            d.u.i.k.p.i.AbstractProblemLoader Environment load took 101.61ns 
209577     INFO  main            d.u.i.k.p.i.AbstractProblemLoader Creating init config 
212150     DEBUG main            d.u.i.k.p.i.AbstractProblemLoader Init config took 2.57s 
212166     INFO  main            d.u.i.k.p.i.AbstractProblemLoader Replaying proof heuristic_PUZ001p1-eq.key.proof 
212181     DEBUG main            d.u.i.k.p.i.IntermediateProofReplayer Proof replay took 12.32ms 
212182     DEBUG main            d.u.i.k.p.r.p.TestFile    ... success: reloaded. 
212183     INFO  main            d.u.i.k.p.r.p.TestFile    Now processing file /home/runner/work/key/key/key.core/../key.ui/examples/standard_key/quantifiers/heuristic_PUZ001p1.key 
212183     INFO  main            d.u.i.k.p.i.AbstractProblemLoader Loading environment from /home/runner/work/key/key/key.core/../key.ui/examples/standard_key/quantifiers/heuristic_PUZ001p1.key 
212183     DEBUG main            d.u.i.k.p.i.AbstractProblemLoader Environment load took 101.01ns 
212184     INFO  main            d.u.i.k.p.i.AbstractProblemLoader Creating init config 
214723     DEBUG main            d.u.i.k.p.i.AbstractProblemLoader Init config took 2.54s 
214738     INFO  main            d.u.i.k.p.i.AbstractProblemLoader Replaying proof heuristic_PUZ001p1.key 
214740     DEBUG main            d.u.i.k.p.i.IntermediateProofReplayer Proof replay took 5.8ns 
216245     INFO  main            d.u.i.k.p.r.p.TestFile    ... finished proof: closed. 
216578     INFO  main            d.u.i.k.p.i.AbstractProblemLoader Loading environment from /home/runner/work/key/key/key.core/../key.ui/examples/standard_key/quantifiers/heuristic_PUZ001p1.key.proof 
216578     DEBUG main            d.u.i.k.p.i.AbstractProblemLoader Environment load took 406.26ns 
216580     INFO  main            d.u.i.k.p.i.AbstractProblemLoader Creating init config 
219093     DEBUG main            d.u.i.k.p.i.AbstractProblemLoader Init config took 2.51s 
219111     INFO  main            d.u.i.k.p.i.AbstractProblemLoader Replaying proof heuristic_PUZ001p1.key.proof 
219184     DEBUG main            d.u.i.k.p.i.IntermediateProofReplayer Proof replay took 60.49ms 
219185     DEBUG main            d.u.i.k.p.r.p.TestFile    ... success: reloaded. 
219186     INFO  main            d.u.i.k.p.r.p.TestFile    Now processing file /home/runner/work/key/key/key.core/../key.ui/examples/standard_key/quantifiers/heuristic_PUZ031p1.key 
219186     INFO  main            d.u.i.k.p.i.AbstractProblemLoader Loading environment from /home/runner/work/key/key/key.core/../key.ui/examples/standard_key/quantifiers/heuristic_PUZ031p1.key 
219186     DEBUG main            d.u.i.k.p.i.AbstractProblemLoader Environment load took 104.3ns 
219188     INFO  main            d.u.i.k.p.i.AbstractProblemLoader Creating init config 
221786     DEBUG main            d.u.i.k.p.i.AbstractProblemLoader Init config took 2.6s 
221800     INFO  main            d.u.i.k.p.i.AbstractProblemLoader Replaying proof heuristic_PUZ031p1.key 
221801     DEBUG main            d.u.i.k.p.i.IntermediateProofReplayer Proof replay took 6.5ns 
226934     INFO  main            d.u.i.k.p.r.p.TestFile    ... finished proof: closed. 
227296     INFO  main            d.u.i.k.p.i.AbstractProblemLoader Loading environment from /home/runner/work/key/key/key.core/../key.ui/examples/standard_key/quantifiers/heuristic_PUZ031p1.key.proof 
227297     DEBUG main            d.u.i.k.p.i.AbstractProblemLoader Environment load took 444.44ns 
227298     INFO  main            d.u.i.k.p.i.AbstractProblemLoader Creating init config 
229812     DEBUG main            d.u.i.k.p.i.AbstractProblemLoader Init config took 2.51s 
229826     INFO  main            d.u.i.k.p.i.AbstractProblemLoader Replaying proof heuristic_PUZ031p1.key.proof 
229889     DEBUG main            d.u.i.k.p.i.IntermediateProofReplayer Proof replay took 59.02ms 
229890     DEBUG main            d.u.i.k.p.r.p.TestFile    ... success: reloaded. 
229891     INFO  main            d.u.i.k.p.r.p.TestFile    Now processing file /home/runner/work/key/key/key.core/../key.ui/examples/standard_key/quantifiers/heuristic_SYN036p2.key 
229892     INFO  main            d.u.i.k.p.i.AbstractProblemLoader Loading environment from /home/runner/work/key/key/key.core/../key.ui/examples/standard_key/quantifiers/heuristic_SYN036p2.key 
229892     DEBUG main            d.u.i.k.p.i.AbstractProblemLoader Environment load took 97.3ns 
229892     INFO  main            d.u.i.k.p.i.AbstractProblemLoader Creating init config 
232436     DEBUG main            d.u.i.k.p.i.AbstractProblemLoader Init config took 2.54s 
232449     INFO  main            d.u.i.k.p.i.AbstractProblemLoader Replaying proof heuristic_SYN036p2.key 
232451     DEBUG main            d.u.i.k.p.i.IntermediateProofReplayer Proof replay took 6.2ns 
232755     INFO  main            d.u.i.k.p.r.p.TestFile    ... finished proof: closed. 
233190     INFO  main            d.u.i.k.p.i.AbstractProblemLoader Loading environment from /home/runner/work/key/key/key.core/../key.ui/examples/standard_key/quantifiers/heuristic_SYN036p2.key.proof 
233191     DEBUG main            d.u.i.k.p.i.AbstractProblemLoader Environment load took 1.14ms 
233192     INFO  main            d.u.i.k.p.i.AbstractProblemLoader Creating init config 
235648     DEBUG main            d.u.i.k.p.i.AbstractProblemLoader Init config took 2.46s 
235664     INFO  main            d.u.i.k.p.i.AbstractProblemLoader Replaying proof heuristic_SYN036p2.key.proof 
235761     DEBUG main            d.u.i.k.p.i.IntermediateProofReplayer Proof replay took 89.89ms 
235762     DEBUG main            d.u.i.k.p.r.p.TestFile    ... success: reloaded. 
235763     INFO  main            d.u.i.k.p.r.p.TestFile    Now processing file /home/runner/work/key/key/key.core/../key.ui/examples/standard_key/quantifiers/injectivity.key 
235764     INFO  main            d.u.i.k.p.i.AbstractProblemLoader Loading environment from /home/runner/work/key/key/key.core/../key.ui/examples/standard_key/quantifiers/injectivity.key 
235764     DEBUG main            d.u.i.k.p.i.AbstractProblemLoader Environment load took 192.61ns 
235765     INFO  main            d.u.i.k.p.i.AbstractProblemLoader Creating init config 
238256     DEBUG main            d.u.i.k.p.i.AbstractProblemLoader Init config took 2.49s 
238268     INFO  main            d.u.i.k.p.i.AbstractProblemLoader Replaying proof injectivity.key 
238269     DEBUG main            d.u.i.k.p.i.IntermediateProofReplayer Proof replay took 6.3ns 
238371     INFO  main            d.u.i.k.p.r.p.TestFile    ... finished proof: closed. 
238721     INFO  main            d.u.i.k.p.i.AbstractProblemLoader Loading environment from /home/runner/work/key/key/key.core/../key.ui/examples/standard_key/quantifiers/injectivity.key.proof 
238721     DEBUG main            d.u.i.k.p.i.AbstractProblemLoader Environment load took 92.5ns 
238722     INFO  main            d.u.i.k.p.i.AbstractProblemLoader Creating init config 
241235     DEBUG main            d.u.i.k.p.i.AbstractProblemLoader Init config took 2.51s 
241248     INFO  main            d.u.i.k.p.i.AbstractProblemLoader Replaying proof injectivity.key.proof 
241251     DEBUG main            d.u.i.k.p.i.IntermediateProofReplayer Proof replay took 2.29ms 
241252     DEBUG main            d.u.i.k.p.r.p.TestFile    ... success: reloaded. 
241252     INFO  main            d.u.i.k.p.r.p.TestFile    Now processing file /home/runner/work/key/key/key.core/../key.ui/examples/standard_key/quantifiers/normalisation0.key 
241253     INFO  main            d.u.i.k.p.i.AbstractProblemLoader Loading environment from /home/runner/work/key/key/key.core/../key.ui/examples/standard_key/quantifiers/normalisation0.key 
241253     DEBUG main            d.u.i.k.p.i.AbstractProblemLoader Environment load took 116.7ns 
241254     INFO  main            d.u.i.k.p.i.AbstractProblemLoader Creating init config 
243831     DEBUG main            d.u.i.k.p.i.AbstractProblemLoader Init config took 2.58s 
243848     INFO  main            d.u.i.k.p.i.AbstractProblemLoader Replaying proof normalisation0.key 
243852     DEBUG main            d.u.i.k.p.i.IntermediateProofReplayer Proof replay took 6.1ns 
243958     INFO  main            d.u.i.k.p.r.p.TestFile    ... finished proof: closed. 
244300     INFO  main            d.u.i.k.p.i.AbstractProblemLoader Loading environment from /home/runner/work/key/key/key.core/../key.ui/examples/standard_key/quantifiers/normalisation0.key.proof 
244300     DEBUG main            d.u.i.k.p.i.AbstractProblemLoader Environment load took 122.9ns 
244302     INFO  main            d.u.i.k.p.i.AbstractProblemLoader Creating init config 
246850     DEBUG main            d.u.i.k.p.i.AbstractProblemLoader Init config took 2.55s 
246863     INFO  main            d.u.i.k.p.i.AbstractProblemLoader Replaying proof normalisation0.key.proof 
246867     DEBUG main            d.u.i.k.p.i.IntermediateProofReplayer Proof replay took 2.46ms 
246868     DEBUG main            d.u.i.k.p.r.p.TestFile    ... success: reloaded. 
246869     INFO  main            d.u.i.k.p.r.p.TestFile    Now processing file /home/runner/work/key/key/key.core/../key.ui/examples/standard_key/quantifiers/normalisation1.key 
246869     INFO  main            d.u.i.k.p.i.AbstractProblemLoader Loading environment from /home/runner/work/key/key/key.core/../key.ui/examples/standard_key/quantifiers/normalisation1.key 
246869     DEBUG main            d.u.i.k.p.i.AbstractProblemLoader Environment load took 64.5ns 
246870     INFO  main            d.u.i.k.p.i.AbstractProblemLoader Creating init config 
249436     DEBUG main            d.u.i.k.p.i.AbstractProblemLoader Init config took 2.57s 
249471     INFO  main            d.u.i.k.p.i.AbstractProblemLoader Replaying proof normalisation1.key 
249473     DEBUG main            d.u.i.k.p.i.IntermediateProofReplayer Proof replay took 7ns 
249578     INFO  main            d.u.i.k.p.r.p.TestFile    ... finished proof: closed. 
249930     INFO  main            d.u.i.k.p.i.AbstractProblemLoader Loading environment from /home/runner/work/key/key/key.core/../key.ui/examples/standard_key/quantifiers/normalisation1.key.proof 
249930     DEBUG main            d.u.i.k.p.i.AbstractProblemLoader Environment load took 101.2ns 
249931     INFO  main            d.u.i.k.p.i.AbstractProblemLoader Creating init config 
252472     DEBUG main            d.u.i.k.p.i.AbstractProblemLoader Init config took 2.54s 
252486     INFO  main            d.u.i.k.p.i.AbstractProblemLoader Replaying proof normalisation1.key.proof 
252491     DEBUG main            d.u.i.k.p.i.IntermediateProofReplayer Proof replay took 3.39ms 
252492     DEBUG main            d.u.i.k.p.r.p.TestFile    ... success: reloaded. 
252493     INFO  main            d.u.i.k.p.r.p.TestFile    Now processing file /home/runner/work/key/key/key.core/../key.ui/examples/standard_key/quantifiers/normalisation2.key 
252493     INFO  main            d.u.i.k.p.i.AbstractProblemLoader Loading environment from /home/runner/work/key/key/key.core/../key.ui/examples/standard_key/quantifiers/normalisation2.key 
252494     DEBUG main            d.u.i.k.p.i.AbstractProblemLoader Environment load took 96.1ns 
252494     INFO  main            d.u.i.k.p.i.AbstractProblemLoader Creating init config 
255026     DEBUG main            d.u.i.k.p.i.AbstractProblemLoader Init config took 2.53s 
255039     INFO  main            d.u.i.k.p.i.AbstractProblemLoader Replaying proof normalisation2.key 
255041     DEBUG main            d.u.i.k.p.i.IntermediateProofReplayer Proof replay took 6.3ns 
255142     INFO  main            d.u.i.k.p.r.p.TestFile    ... finished proof: closed. 
255516     INFO  main            d.u.i.k.p.i.AbstractProblemLoader Loading environment from /home/runner/work/key/key/key.core/../key.ui/examples/standard_key/quantifiers/normalisation2.key.proof 
255516     DEBUG main            d.u.i.k.p.i.AbstractProblemLoader Environment load took 115.3ns 
255517     INFO  main            d.u.i.k.p.i.AbstractProblemLoader Creating init config 
258146     DEBUG main            d.u.i.k.p.i.AbstractProblemLoader Init config took 2.63s 
258162     INFO  main            d.u.i.k.p.i.AbstractProblemLoader Replaying proof normalisation2.key.proof 
258166     DEBUG main            d.u.i.k.p.i.IntermediateProofReplayer Proof replay took 2.44ms 
258167     DEBUG main            d.u.i.k.p.r.p.TestFile    ... success: reloaded. 
258167     INFO  main            d.u.i.k.p.r.p.TestFile    Now processing file /home/runner/work/key/key/key.core/../key.ui/examples/standard_key/quantifiers/normalisation3.key 
258168     INFO  main            d.u.i.k.p.i.AbstractProblemLoader Loading environment from /home/runner/work/key/key/key.core/../key.ui/examples/standard_key/quantifiers/normalisation3.key 
258168     DEBUG main            d.u.i.k.p.i.AbstractProblemLoader Environment load took 99.8ns 
258169     INFO  main            d.u.i.k.p.i.AbstractProblemLoader Creating init config 
260705     DEBUG main            d.u.i.k.p.i.AbstractProblemLoader Init config took 2.54s 
260718     INFO  main            d.u.i.k.p.i.AbstractProblemLoader Replaying proof normalisation3.key 
260719     DEBUG main            d.u.i.k.p.i.IntermediateProofReplayer Proof replay took 5.5ns 
260821     INFO  main            d.u.i.k.p.r.p.TestFile    ... finished proof: closed. 
261187     INFO  main            d.u.i.k.p.i.AbstractProblemLoader Loading environment from /home/runner/work/key/key/key.core/../key.ui/examples/standard_key/quantifiers/normalisation3.key.proof 
261188     DEBUG main            d.u.i.k.p.i.AbstractProblemLoader Environment load took 97.1ns 
261189     INFO  main            d.u.i.k.p.i.AbstractProblemLoader Creating init config 
263709     DEBUG main            d.u.i.k.p.i.AbstractProblemLoader Init config took 2.52s 
263724     INFO  main            d.u.i.k.p.i.AbstractProblemLoader Replaying proof normalisation3.key.proof 
263728     DEBUG main            d.u.i.k.p.i.IntermediateProofReplayer Proof replay took 2.63ms 
263729     DEBUG main            d.u.i.k.p.r.p.TestFile    ... success: reloaded. 
263730     INFO  main            d.u.i.k.p.r.p.TestFile    Now processing file /home/runner/work/key/key/key.core/../key.ui/examples/standard_key/quantifiers/normalisation4.key 
263730     INFO  main            d.u.i.k.p.i.AbstractProblemLoader Loading environment from /home/runner/work/key/key/key.core/../key.ui/examples/standard_key/quantifiers/normalisation4.key 
263730     DEBUG main            d.u.i.k.p.i.AbstractProblemLoader Environment load took 101ns 
263731     INFO  main            d.u.i.k.p.i.AbstractProblemLoader Creating init config 
266361     DEBUG main            d.u.i.k.p.i.AbstractProblemLoader Init config took 2.63s 
266375     INFO  main            d.u.i.k.p.i.AbstractProblemLoader Replaying proof normalisation4.key 
266376     DEBUG main            d.u.i.k.p.i.IntermediateProofReplayer Proof replay took 6ns 
266478     INFO  main            d.u.i.k.p.r.p.TestFile    ... finished proof: closed. 
266848     INFO  main            d.u.i.k.p.i.AbstractProblemLoader Loading environment from /home/runner/work/key/key/key.core/../key.ui/examples/standard_key/quantifiers/normalisation4.key.proof 
266849     DEBUG main            d.u.i.k.p.i.AbstractProblemLoader Environment load took 97.5ns 
266850     INFO  main            d.u.i.k.p.i.AbstractProblemLoader Creating init config 
269430     DEBUG main            d.u.i.k.p.i.AbstractProblemLoader Init config took 2.58s 
269443     INFO  main            d.u.i.k.p.i.AbstractProblemLoader Replaying proof normalisation4.key.proof 
269451     DEBUG main            d.u.i.k.p.i.IntermediateProofReplayer Proof replay took 5.27ms 
269451     DEBUG main            d.u.i.k.p.r.p.TestFile    ... success: reloaded. 
269452     INFO  main            d.u.i.k.p.r.p.TestFile    Now processing file /home/runner/work/key/key/key.core/../key.ui/examples/standard_key/quantifiers/normalisation5.key 
269452     INFO  main            d.u.i.k.p.i.AbstractProblemLoader Loading environment from /home/runner/work/key/key/key.core/../key.ui/examples/standard_key/quantifiers/normalisation5.key 
269453     DEBUG main            d.u.i.k.p.i.AbstractProblemLoader Environment load took 75.6ns 
269453     INFO  main            d.u.i.k.p.i.AbstractProblemLoader Creating init config 
271994     DEBUG main            d.u.i.k.p.i.AbstractProblemLoader Init config took 2.54s 
272007     INFO  main            d.u.i.k.p.i.AbstractProblemLoader Replaying proof normalisation5.key 
272008     DEBUG main            d.u.i.k.p.i.IntermediateProofReplayer Proof replay took 6.2ns 
272110     INFO  main            d.u.i.k.p.r.p.TestFile    ... finished proof: closed. 
272517     INFO  main            d.u.i.k.p.i.AbstractProblemLoader Loading environment from /home/runner/work/key/key/key.core/../key.ui/examples/standard_key/quantifiers/normalisation5.key.proof 
272517     DEBUG main            d.u.i.k.p.i.AbstractProblemLoader Environment load took 93.7ns 
272519     INFO  main            d.u.i.k.p.i.AbstractProblemLoader Creating init config 
275088     DEBUG main            d.u.i.k.p.i.AbstractProblemLoader Init config took 2.57s 
275101     INFO  main            d.u.i.k.p.i.AbstractProblemLoader Replaying proof normalisation5.key.proof 
275107     DEBUG main            d.u.i.k.p.i.IntermediateProofReplayer Proof replay took 4.12ms 
275107     DEBUG main            d.u.i.k.p.r.p.TestFile    ... success: reloaded. 
275108     INFO  main            d.u.i.k.p.r.p.TestFile    Now processing file /home/runner/work/key/key/key.core/../key.ui/examples/standard_key/quantifiers/normalisation6.key 
275108     INFO  main            d.u.i.k.p.i.AbstractProblemLoader Loading environment from /home/runner/work/key/key/key.core/../key.ui/examples/standard_key/quantifiers/normalisation6.key 
275109     DEBUG main            d.u.i.k.p.i.AbstractProblemLoader Environment load took 104.8ns 
275109     INFO  main            d.u.i.k.p.i.AbstractProblemLoader Creating init config 
277723     DEBUG main            d.u.i.k.p.i.AbstractProblemLoader Init config took 2.61s 
277735     INFO  main            d.u.i.k.p.i.AbstractProblemLoader Replaying proof normalisation6.key 
277737     DEBUG main            d.u.i.k.p.i.IntermediateProofReplayer Proof replay took 5.9ns 
277839     INFO  main            d.u.i.k.p.r.p.TestFile    ... finished proof: closed. 
278343     INFO  main            d.u.i.k.p.i.AbstractProblemLoader Loading environment from /home/runner/work/key/key/key.core/../key.ui/examples/standard_key/quantifiers/normalisation6.key.proof 
278343     DEBUG main            d.u.i.k.p.i.AbstractProblemLoader Environment load took 91.5ns 
278344     INFO  main            d.u.i.k.p.i.AbstractProblemLoader Creating init config 
281057     DEBUG main            d.u.i.k.p.i.AbstractProblemLoader Init config took 2.71s 
281072     INFO  main            d.u.i.k.p.i.AbstractProblemLoader Replaying proof normalisation6.key.proof 
281076     DEBUG main            d.u.i.k.p.i.IntermediateProofReplayer Proof replay took 2.89ms 
281077     DEBUG main            d.u.i.k.p.r.p.TestFile    ... success: reloaded. 
281078     INFO  main            d.u.i.k.p.r.p.TestFile    Now processing file /home/runner/work/key/key/key.core/../key.ui/examples/standard_key/quantifiers/normalisation7.key 
281078     INFO  main            d.u.i.k.p.i.AbstractProblemLoader Loading environment from /home/runner/work/key/key/key.core/../key.ui/examples/standard_key/quantifiers/normalisation7.key 
281078     DEBUG main            d.u.i.k.p.i.AbstractProblemLoader Environment load took 64.1ns 
281079     INFO  main            d.u.i.k.p.i.AbstractProblemLoader Creating init config 
283832     DEBUG main            d.u.i.k.p.i.AbstractProblemLoader Init config took 2.75s 
283845     INFO  main            d.u.i.k.p.i.AbstractProblemLoader Replaying proof normalisation7.key 
283847     DEBUG main            d.u.i.k.p.i.IntermediateProofReplayer Proof replay took 5.9ns 
283948     INFO  main            d.u.i.k.p.r.p.TestFile    ... finished proof: closed. 
284364     INFO  main            d.u.i.k.p.i.AbstractProblemLoader Loading environment from /home/runner/work/key/key/key.core/../key.ui/examples/standard_key/quantifiers/normalisation7.key.proof 
284364     DEBUG main            d.u.i.k.p.i.AbstractProblemLoader Environment load took 125.3ns 
284365     INFO  main            d.u.i.k.p.i.AbstractProblemLoader Creating init config 
287002     DEBUG main            d.u.i.k.p.i.AbstractProblemLoader Init config took 2.64s 
287020     INFO  main            d.u.i.k.p.i.AbstractProblemLoader Replaying proof normalisation7.key.proof 
287024     DEBUG main            d.u.i.k.p.i.IntermediateProofReplayer Proof replay took 2.25ms 
287024     DEBUG main            d.u.i.k.p.r.p.TestFile    ... success: reloaded. 
287025     INFO  main            d.u.i.k.p.r.p.TestFile    Now processing file /home/runner/work/key/key/key.core/../key.ui/examples/standard_key/quantifiers/normalisation8.key 
287026     INFO  main            d.u.i.k.p.i.AbstractProblemLoader Loading environment from /home/runner/work/key/key/key.core/../key.ui/examples/standard_key/quantifiers/normalisation8.key 
287026     DEBUG main            d.u.i.k.p.i.AbstractProblemLoader Environment load took 178.6ns 
287027     INFO  main            d.u.i.k.p.i.AbstractProblemLoader Creating init config 
289690     DEBUG main            d.u.i.k.p.i.AbstractProblemLoader Init config took 2.66s 
289703     INFO  main            d.u.i.k.p.i.AbstractProblemLoader Replaying proof normalisation8.key 
289704     DEBUG main            d.u.i.k.p.i.IntermediateProofReplayer Proof replay took 7.1ns 
289806     INFO  main            d.u.i.k.p.r.p.TestFile    ... finished proof: closed. 
290233     INFO  main            d.u.i.k.p.i.AbstractProblemLoader Loading environment from /home/runner/work/key/key/key.core/../key.ui/examples/standard_key/quantifiers/normalisation8.key.proof 
290233     DEBUG main            d.u.i.k.p.i.AbstractProblemLoader Environment load took 89.3ns 
290234     INFO  main            d.u.i.k.p.i.AbstractProblemLoader Creating init config 
292920     DEBUG main            d.u.i.k.p.i.AbstractProblemLoader Init config took 2.69s 
292935     INFO  main            d.u.i.k.p.i.AbstractProblemLoader Replaying proof normalisation8.key.proof 
292944     DEBUG main            d.u.i.k.p.i.IntermediateProofReplayer Proof replay took 7.74ms 
292945     DEBUG main            d.u.i.k.p.r.p.TestFile    ... success: reloaded. 
292946     INFO  main            d.u.i.k.p.r.p.TestFile    Now processing file /home/runner/work/key/key/key.core/../key.ui/examples/standard_key/quantifiers/normalisation9.key 
292947     INFO  main            d.u.i.k.p.i.AbstractProblemLoader Loading environment from /home/runner/work/key/key/key.core/../key.ui/examples/standard_key/quantifiers/normalisation9.key 
292947     DEBUG main            d.u.i.k.p.i.AbstractProblemLoader Environment load took 123.8ns 
292948     INFO  main            d.u.i.k.p.i.AbstractProblemLoader Creating init config 
295774     DEBUG main            d.u.i.k.p.i.AbstractProblemLoader Init config took 2.83s 
295788     INFO  main            d.u.i.k.p.i.AbstractProblemLoader Replaying proof normalisation9.key 
295789     DEBUG main            d.u.i.k.p.i.IntermediateProofReplayer Proof replay took 6.4ns 
295891     INFO  main            d.u.i.k.p.r.p.TestFile    ... finished proof: closed. 
296327     INFO  main            d.u.i.k.p.i.AbstractProblemLoader Loading environment from /home/runner/work/key/key/key.core/../key.ui/examples/standard_key/quantifiers/normalisation9.key.proof 
296327     DEBUG main            d.u.i.k.p.i.AbstractProblemLoader Environment load took 96ns 
296329     INFO  main            d.u.i.k.p.i.AbstractProblemLoader Creating init config 
299052     DEBUG main            d.u.i.k.p.i.AbstractProblemLoader Init config took 2.72s 
299065     INFO  main            d.u.i.k.p.i.AbstractProblemLoader Replaying proof normalisation9.key.proof 
299077     DEBUG main            d.u.i.k.p.i.IntermediateProofReplayer Proof replay took 8.21ms 
299078     DEBUG main            d.u.i.k.p.r.p.TestFile    ... success: reloaded. 
299079     INFO  main            d.u.i.k.p.r.p.TestFile    Now processing file /home/runner/work/key/key/key.core/../key.ui/examples/standard_key/quantifiers/normalisation10.key 
299079     INFO  main            d.u.i.k.p.i.AbstractProblemLoader Loading environment from /home/runner/work/key/key/key.core/../key.ui/examples/standard_key/quantifiers/normalisation10.key 
299079     DEBUG main            d.u.i.k.p.i.AbstractProblemLoader Environment load took 64.2ns 
299080     INFO  main            d.u.i.k.p.i.AbstractProblemLoader Creating init config 
301746     DEBUG main            d.u.i.k.p.i.AbstractProblemLoader Init config took 2.67s 
301762     INFO  main            d.u.i.k.p.i.AbstractProblemLoader Replaying proof normalisation10.key 
301764     DEBUG main            d.u.i.k.p.i.IntermediateProofReplayer Proof replay took 6.8ns 
301870     INFO  main            d.u.i.k.p.r.p.TestFile    ... finished proof: closed. 
302303     INFO  main            d.u.i.k.p.i.AbstractProblemLoader Loading environment from /home/runner/work/key/key/key.core/../key.ui/examples/standard_key/quantifiers/normalisation10.key.proof 
302303     DEBUG main            d.u.i.k.p.i.AbstractProblemLoader Environment load took 90.4ns 
302304     INFO  main            d.u.i.k.p.i.AbstractProblemLoader Creating init config 
305006     DEBUG main            d.u.i.k.p.i.AbstractProblemLoader Init config took 2.7s 
305021     INFO  main            d.u.i.k.p.i.AbstractProblemLoader Replaying proof normalisation10.key.proof 
305029     DEBUG main            d.u.i.k.p.i.IntermediateProofReplayer Proof replay took 6.15ms 
305030     DEBUG main            d.u.i.k.p.r.p.TestFile    ... success: reloaded. 
305031     INFO  main            d.u.i.k.p.r.p.TestFile    Now processing file /home/runner/work/key/key/key.core/../key.ui/examples/standard_key/quantifiers/normalisation12.key 
305031     INFO  main            d.u.i.k.p.i.AbstractProblemLoader Loading environment from /home/runner/work/key/key/key.core/../key.ui/examples/standard_key/quantifiers/normalisation12.key 
305031     DEBUG main            d.u.i.k.p.i.AbstractProblemLoader Environment load took 102.5ns 
305032     INFO  main            d.u.i.k.p.i.AbstractProblemLoader Creating init config 
307827     DEBUG main            d.u.i.k.p.i.AbstractProblemLoader Init config took 2.8s 
307842     INFO  main            d.u.i.k.p.i.AbstractProblemLoader Replaying proof normalisation12.key 
307844     DEBUG main            d.u.i.k.p.i.IntermediateProofReplayer Proof replay took 6.4ns 
307946     INFO  main            d.u.i.k.p.r.p.TestFile    ... finished proof: closed. 
308396     INFO  main            d.u.i.k.p.i.AbstractProblemLoader Loading environment from /home/runner/work/key/key/key.core/../key.ui/examples/standard_key/quantifiers/normalisation12.key.proof 
308396     DEBUG main            d.u.i.k.p.i.AbstractProblemLoader Environment load took 92.5ns 
308397     INFO  main            d.u.i.k.p.i.AbstractProblemLoader Creating init config 
311050     DEBUG main            d.u.i.k.p.i.AbstractProblemLoader Init config took 2.65s 
311064     INFO  main            d.u.i.k.p.i.AbstractProblemLoader Replaying proof normalisation12.key.proof 
311067     DEBUG main            d.u.i.k.p.i.IntermediateProofReplayer Proof replay took 1.67ms 
311068     DEBUG main            d.u.i.k.p.r.p.TestFile    ... success: reloaded. 
311069     INFO  main            d.u.i.k.p.r.p.TestFile    Now processing file /home/runner/work/key/key/key.core/../key.ui/examples/standard_key/quantifiers/normalisation13.key 
311069     INFO  main            d.u.i.k.p.i.AbstractProblemLoader Loading environment from /home/runner/work/key/key/key.core/../key.ui/examples/standard_key/quantifiers/normalisation13.key 
311069     DEBUG main            d.u.i.k.p.i.AbstractProblemLoader Environment load took 101.6ns 
311070     INFO  main            d.u.i.k.p.i.AbstractProblemLoader Creating init config 
313779     DEBUG main            d.u.i.k.p.i.AbstractProblemLoader Init config took 2.71s 
313792     INFO  main            d.u.i.k.p.i.AbstractProblemLoader Replaying proof normalisation13.key 
313793     DEBUG main            d.u.i.k.p.i.IntermediateProofReplayer Proof replay took 5.9ns 
313898     INFO  main            d.u.i.k.p.r.p.TestFile    ... finished proof: closed. 
314325     INFO  main            d.u.i.k.p.i.AbstractProblemLoader Loading environment from /home/runner/work/key/key/key.core/../key.ui/examples/standard_key/quantifiers/normalisation13.key.proof 
314325     DEBUG main            d.u.i.k.p.i.AbstractProblemLoader Environment load took 84.6ns 
314327     INFO  main            d.u.i.k.p.i.AbstractProblemLoader Creating init config 
316822     DEBUG main            d.u.i.k.p.i.AbstractProblemLoader Init config took 2.5s 
316835     INFO  main            d.u.i.k.p.i.AbstractProblemLoader Replaying proof normalisation13.key.proof 
316837     DEBUG main            d.u.i.k.p.i.IntermediateProofReplayer Proof replay took 607.71ns 
316838     DEBUG main            d.u.i.k.p.r.p.TestFile    ... success: reloaded. 
316838     INFO  main            d.u.i.k.p.r.p.TestFile    Now processing file /home/runner/work/key/key/key.core/../key.ui/examples/standard_key/quantifiers/triggers0.key 
316838     INFO  main            d.u.i.k.p.i.AbstractProblemLoader Loading environment from /home/runner/work/key/key/key.core/../key.ui/examples/standard_key/quantifiers/triggers0.key 
316838     DEBUG main            d.u.i.k.p.i.AbstractProblemLoader Environment load took 56.5ns 
316839     INFO  main            d.u.i.k.p.i.AbstractProblemLoader Creating init config 
319341     DEBUG main            d.u.i.k.p.i.AbstractProblemLoader Init config took 2.5s 
319354     INFO  main            d.u.i.k.p.i.AbstractProblemLoader Replaying proof triggers0.key 
319355     DEBUG main            d.u.i.k.p.i.IntermediateProofReplayer Proof replay took 6.3ns 
319457     INFO  main            d.u.i.k.p.r.p.TestFile    ... finished proof: closed. 
319882     INFO  main            d.u.i.k.p.i.AbstractProblemLoader Loading environment from /home/runner/work/key/key/key.core/../key.ui/examples/standard_key/quantifiers/triggers0.key.proof 
319882     DEBUG main            d.u.i.k.p.i.AbstractProblemLoader Environment load took 86.2ns 
319882     INFO  main            d.u.i.k.p.i.AbstractProblemLoader Creating init config 
322364     DEBUG main            d.u.i.k.p.i.AbstractProblemLoader Init config took 2.48s 
322377     INFO  main            d.u.i.k.p.i.AbstractProblemLoader Replaying proof triggers0.key.proof 
322381     DEBUG main            d.u.i.k.p.i.IntermediateProofReplayer Proof replay took 1.74ms 
322381     DEBUG main            d.u.i.k.p.r.p.TestFile    ... success: reloaded. 
4611725    INFO  Test worker     d.u.i.k.p.r.RunAllProofsTestUnit Returning from test FOL 
4611726    INFO  Test worker     d.u.i.k.p.r.RunAllProofsTestUnit Running test strings 
363        INFO  Timeout watchdog d.u.i.k.p.r.p.ForkedTestFileRunner Timeout watcher launched (2000 secs.) 
367        WARN  main            d.u.i.k.s.ProofSettings   The settings in /home/runner/.key/proof-settings.props are *not* read. 
425        INFO  main            d.u.i.k.p.r.p.TestFile    Now processing file /home/runner/work/key/key/key.core/../key.ui/examples/standard_key/strings/charAt0.key 
595        INFO  main            d.u.i.k.p.i.AbstractProblemLoader Loading environment from /home/runner/work/key/key/key.core/../key.ui/examples/standard_key/strings/charAt0.key 
615        DEBUG main            d.u.i.k.p.i.AbstractProblemLoader Environment load took 2.43ms 
926        INFO  main            d.u.i.k.p.i.AbstractProblemLoader Creating init config 
1984       DEBUG main            d.u.i.k.j.TypeConverter   No LDT found for Meta 
1984       DEBUG main            d.u.i.k.j.TypeConverter   No LDT found for Meta 
1989       DEBUG main            d.u.i.k.j.TypeConverter   No LDT found for Meta 
1989       DEBUG main            d.u.i.k.j.TypeConverter   No LDT found for Meta 
3824       DEBUG main            d.u.i.k.j.TypeConverter   No LDT found for JavaBigintExpression 
9739       DEBUG main            d.u.i.k.p.i.AbstractProblemLoader Init config took 8.81s 
9836       INFO  main            d.u.i.k.p.i.AbstractProblemLoader Replaying proof charAt0.key 
9884       DEBUG main            d.u.i.k.p.i.IntermediateProofReplayer Proof replay took 35.2ns 
10277      INFO  main            d.u.i.k.p.r.p.TestFile    ... finished proof: closed. 
10389      INFO  main            d.u.i.k.p.i.AbstractProblemLoader Loading environment from /home/runner/work/key/key/key.core/../key.ui/examples/standard_key/strings/charAt0.key.proof 
10389      DEBUG main            d.u.i.k.p.i.AbstractProblemLoader Environment load took 446.21ns 
10394      INFO  main            d.u.i.k.p.i.AbstractProblemLoader Creating init config 
13637      DEBUG main            d.u.i.k.p.i.AbstractProblemLoader Init config took 3.24s 
13672      INFO  main            d.u.i.k.p.i.AbstractProblemLoader Replaying proof charAt0.key.proof 
13699      DEBUG main            d.u.i.k.p.i.IntermediateProofReplayer Proof replay took 21.36ms 
13713      DEBUG main            d.u.i.k.p.r.p.TestFile    ... success: reloaded. 
13714      INFO  main            d.u.i.k.p.r.p.TestFile    Now processing file /home/runner/work/key/key/key.core/../key.ui/examples/standard_key/strings/charAt1.key 
13714      INFO  main            d.u.i.k.p.i.AbstractProblemLoader Loading environment from /home/runner/work/key/key/key.core/../key.ui/examples/standard_key/strings/charAt1.key 
13714      DEBUG main            d.u.i.k.p.i.AbstractProblemLoader Environment load took 221.11ns 
13716      INFO  main            d.u.i.k.p.i.AbstractProblemLoader Creating init config 
16827      DEBUG main            d.u.i.k.p.i.AbstractProblemLoader Init config took 3.11s 
16857      INFO  main            d.u.i.k.p.i.AbstractProblemLoader Replaying proof charAt1.key 
16859      DEBUG main            d.u.i.k.p.i.IntermediateProofReplayer Proof replay took 6ns 
17167      INFO  main            d.u.i.k.p.r.p.TestFile    ... finished proof: closed. 
17309      INFO  main            d.u.i.k.p.i.AbstractProblemLoader Loading environment from /home/runner/work/key/key/key.core/../key.ui/examples/standard_key/strings/charAt1.key.proof 
17310      DEBUG main            d.u.i.k.p.i.AbstractProblemLoader Environment load took 1.76ms 
17313      INFO  main            d.u.i.k.p.i.AbstractProblemLoader Creating init config 
20200      DEBUG main            d.u.i.k.p.i.AbstractProblemLoader Init config took 2.89s 
20224      INFO  main            d.u.i.k.p.i.AbstractProblemLoader Replaying proof charAt1.key.proof 
20263      DEBUG main            d.u.i.k.p.i.IntermediateProofReplayer Proof replay took 35.76ms 
20268      DEBUG main            d.u.i.k.p.r.p.TestFile    ... success: reloaded. 
20270      INFO  main            d.u.i.k.p.r.p.TestFile    Now processing file /home/runner/work/key/key/key.core/../key.ui/examples/standard_key/strings/concat1.key 
20270      INFO  main            d.u.i.k.p.i.AbstractProblemLoader Loading environment from /home/runner/work/key/key/key.core/../key.ui/examples/standard_key/strings/concat1.key 
20270      DEBUG main            d.u.i.k.p.i.AbstractProblemLoader Environment load took 102.8ns 
20272      INFO  main            d.u.i.k.p.i.AbstractProblemLoader Creating init config 
23070      DEBUG main            d.u.i.k.p.i.AbstractProblemLoader Init config took 2.8s 
23093      INFO  main            d.u.i.k.p.i.AbstractProblemLoader Replaying proof concat1.key 
23095      DEBUG main            d.u.i.k.p.i.IntermediateProofReplayer Proof replay took 5.3ns 
23199      INFO  main            d.u.i.k.p.r.p.TestFile    ... finished proof: closed. 
23352      INFO  main            d.u.i.k.p.i.AbstractProblemLoader Loading environment from /home/runner/work/key/key/key.core/../key.ui/examples/standard_key/strings/concat1.key.proof 
23352      DEBUG main            d.u.i.k.p.i.AbstractProblemLoader Environment load took 126.8ns 
23353      INFO  main            d.u.i.k.p.i.AbstractProblemLoader Creating init config 
26151      DEBUG main            d.u.i.k.p.i.AbstractProblemLoader Init config took 2.8s 
26174      INFO  main            d.u.i.k.p.i.AbstractProblemLoader Replaying proof concat1.key.proof 
26177      DEBUG main            d.u.i.k.p.i.IntermediateProofReplayer Proof replay took 1.51ms 
26178      DEBUG main            d.u.i.k.p.r.p.TestFile    ... success: reloaded. 
26179      INFO  main            d.u.i.k.p.r.p.TestFile    Now processing file /home/runner/work/key/key/key.core/../key.ui/examples/standard_key/strings/concat2.key 
26179      INFO  main            d.u.i.k.p.i.AbstractProblemLoader Loading environment from /home/runner/work/key/key/key.core/../key.ui/examples/standard_key/strings/concat2.key 
26179      DEBUG main            d.u.i.k.p.i.AbstractProblemLoader Environment load took 93.9ns 
26188      INFO  main            d.u.i.k.p.i.AbstractProblemLoader Creating init config 
29020      DEBUG main            d.u.i.k.p.i.AbstractProblemLoader Init config took 2.83s 
29043      INFO  main            d.u.i.k.p.i.AbstractProblemLoader Replaying proof concat2.key 
29045      DEBUG main            d.u.i.k.p.i.IntermediateProofReplayer Proof replay took 6.3ns 
29151      INFO  main            d.u.i.k.p.r.p.TestFile    ... finished proof: closed. 
29292      INFO  main            d.u.i.k.p.i.AbstractProblemLoader Loading environment from /home/runner/work/key/key/key.core/../key.ui/examples/standard_key/strings/concat2.key.proof 
29292      DEBUG main            d.u.i.k.p.i.AbstractProblemLoader Environment load took 125.8ns 
29294      INFO  main            d.u.i.k.p.i.AbstractProblemLoader Creating init config 
32023      DEBUG main            d.u.i.k.p.i.AbstractProblemLoader Init config took 2.73s 
32043      INFO  main            d.u.i.k.p.i.AbstractProblemLoader Replaying proof concat2.key.proof 
32071      DEBUG main            d.u.i.k.p.i.IntermediateProofReplayer Proof replay took 24.15ms 
32074      DEBUG main            d.u.i.k.p.r.p.TestFile    ... success: reloaded. 
32075      INFO  main            d.u.i.k.p.r.p.TestFile    Now processing file /home/runner/work/key/key/key.core/../key.ui/examples/standard_key/strings/deriveLength1.key 
32075      INFO  main            d.u.i.k.p.i.AbstractProblemLoader Loading environment from /home/runner/work/key/key/key.core/../key.ui/examples/standard_key/strings/deriveLength1.key 
32075      DEBUG main            d.u.i.k.p.i.AbstractProblemLoader Environment load took 192.9ns 
32076      INFO  main            d.u.i.k.p.i.AbstractProblemLoader Creating init config 
34919      DEBUG main            d.u.i.k.p.i.AbstractProblemLoader Init config took 2.84s 
34942      INFO  main            d.u.i.k.p.i.AbstractProblemLoader Replaying proof deriveLength1.key 
34943      DEBUG main            d.u.i.k.p.i.IntermediateProofReplayer Proof replay took 5.7ns 
35046      INFO  main            d.u.i.k.p.r.p.TestFile    ... finished proof: closed. 
35216      INFO  main            d.u.i.k.p.i.AbstractProblemLoader Loading environment from /home/runner/work/key/key/key.core/../key.ui/examples/standard_key/strings/deriveLength1.key.proof 
35216      DEBUG main            d.u.i.k.p.i.AbstractProblemLoader Environment load took 514.11ns 
35218      INFO  main            d.u.i.k.p.i.AbstractProblemLoader Creating init config 
37976      DEBUG main            d.u.i.k.p.i.AbstractProblemLoader Init config took 2.76s 
37996      INFO  main            d.u.i.k.p.i.AbstractProblemLoader Replaying proof deriveLength1.key.proof 
38011      DEBUG main            d.u.i.k.p.i.IntermediateProofReplayer Proof replay took 11.06ms 
38012      DEBUG main            d.u.i.k.p.r.p.TestFile    ... success: reloaded. 
38013      INFO  main            d.u.i.k.p.r.p.TestFile    Now processing file /home/runner/work/key/key/key.core/../key.ui/examples/standard_key/strings/emptyStringLengthZero.key 
38013      INFO  main            d.u.i.k.p.i.AbstractProblemLoader Loading environment from /home/runner/work/key/key/key.core/../key.ui/examples/standard_key/strings/emptyStringLengthZero.key 
38013      DEBUG main            d.u.i.k.p.i.AbstractProblemLoader Environment load took 244.91ns 
38014      INFO  main            d.u.i.k.p.i.AbstractProblemLoader Creating init config 
40770      DEBUG main            d.u.i.k.p.i.AbstractProblemLoader Init config took 2.76s 
40790      INFO  main            d.u.i.k.p.i.AbstractProblemLoader Replaying proof emptyStringLengthZero.key 
40792      DEBUG main            d.u.i.k.p.i.IntermediateProofReplayer Proof replay took 17.3ns 
40895      INFO  main            d.u.i.k.p.r.p.TestFile    ... finished proof: closed. 
41062      INFO  main            d.u.i.k.p.i.AbstractProblemLoader Loading environment from /home/runner/work/key/key/key.core/../key.ui/examples/standard_key/strings/emptyStringLengthZero.key.proof 
41062      DEBUG main            d.u.i.k.p.i.AbstractProblemLoader Environment load took 114.7ns 
41065      INFO  main            d.u.i.k.p.i.AbstractProblemLoader Creating init config 
43880      DEBUG main            d.u.i.k.p.i.AbstractProblemLoader Init config took 2.81s 
43899      INFO  main            d.u.i.k.p.i.AbstractProblemLoader Replaying proof emptyStringLengthZero.key.proof 
43916      DEBUG main            d.u.i.k.p.i.IntermediateProofReplayer Proof replay took 12.57ms 
43918      DEBUG main            d.u.i.k.p.r.p.TestFile    ... success: reloaded. 
43920      INFO  main            d.u.i.k.p.r.p.TestFile    Now processing file /home/runner/work/key/key/key.core/../key.ui/examples/standard_key/strings/implicitBooleanStringConversion.key 
43920      INFO  main            d.u.i.k.p.i.AbstractProblemLoader Loading environment from /home/runner/work/key/key/key.core/../key.ui/examples/standard_key/strings/implicitBooleanStringConversion.key 
43921      DEBUG main            d.u.i.k.p.i.AbstractProblemLoader Environment load took 294.21ns 
43922      INFO  main            d.u.i.k.p.i.AbstractProblemLoader Creating init config 
46638      DEBUG main            d.u.i.k.p.i.AbstractProblemLoader Init config took 2.72s 
46662      INFO  main            d.u.i.k.p.i.AbstractProblemLoader Replaying proof implicitBooleanStringConversion.key 
46664      DEBUG main            d.u.i.k.p.i.IntermediateProofReplayer Proof replay took 6.5ns 
47778      INFO  main            d.u.i.k.p.r.p.TestFile    ... finished proof: closed. 
47991      INFO  main            d.u.i.k.p.i.AbstractProblemLoader Loading environment from /home/runner/work/key/key/key.core/../key.ui/examples/standard_key/strings/implicitBooleanStringConversion.key.proof 
47992      DEBUG main            d.u.i.k.p.i.AbstractProblemLoader Environment load took 830.22ns 
47994      INFO  main            d.u.i.k.p.i.AbstractProblemLoader Creating init config 
50690      DEBUG main            d.u.i.k.p.i.AbstractProblemLoader Init config took 2.7s 
50712      INFO  main            d.u.i.k.p.i.AbstractProblemLoader Replaying proof implicitBooleanStringConversion.key.proof 
50835      DEBUG main            d.u.i.k.p.i.IntermediateProofReplayer Proof replay took 117.94ms 
50836      DEBUG main            d.u.i.k.p.r.p.TestFile    ... success: reloaded. 
50837      INFO  main            d.u.i.k.p.r.p.TestFile    Now processing file /home/runner/work/key/key/key.core/../key.ui/examples/standard_key/strings/implicitBooleanStringConversion2.key 
50838      INFO  main            d.u.i.k.p.i.AbstractProblemLoader Loading environment from /home/runner/work/key/key/key.core/../key.ui/examples/standard_key/strings/implicitBooleanStringConversion2.key 
50838      DEBUG main            d.u.i.k.p.i.AbstractProblemLoader Environment load took 190.1ns 
50839      INFO  main            d.u.i.k.p.i.AbstractProblemLoader Creating init config 
53648      DEBUG main            d.u.i.k.p.i.AbstractProblemLoader Init config took 2.81s 
53669      INFO  main            d.u.i.k.p.i.AbstractProblemLoader Replaying proof implicitBooleanStringConversion2.key 
53671      DEBUG main            d.u.i.k.p.i.IntermediateProofReplayer Proof replay took 6.5ns 
54074      INFO  main            d.u.i.k.p.r.p.TestFile    ... finished proof: closed. 
54281      INFO  main            d.u.i.k.p.i.AbstractProblemLoader Loading environment from /home/runner/work/key/key/key.core/../key.ui/examples/standard_key/strings/implicitBooleanStringConversion2.key.proof 
54281      DEBUG main            d.u.i.k.p.i.AbstractProblemLoader Environment load took 554.41ns 
54283      INFO  main            d.u.i.k.p.i.AbstractProblemLoader Creating init config 
57018      DEBUG main            d.u.i.k.p.i.AbstractProblemLoader Init config took 2.74s 
57038      INFO  main            d.u.i.k.p.i.AbstractProblemLoader Replaying proof implicitBooleanStringConversion2.key.proof 
57087      DEBUG main            d.u.i.k.p.i.IntermediateProofReplayer Proof replay took 45.49ms 
57088      DEBUG main            d.u.i.k.p.r.p.TestFile    ... success: reloaded. 
57089      INFO  main            d.u.i.k.p.r.p.TestFile    Now processing file /home/runner/work/key/key/key.core/../key.ui/examples/standard_key/strings/implicitIntStringConversion.key 
57089      INFO  main            d.u.i.k.p.i.AbstractProblemLoader Loading environment from /home/runner/work/key/key/key.core/../key.ui/examples/standard_key/strings/implicitIntStringConversion.key 
57089      DEBUG main            d.u.i.k.p.i.AbstractProblemLoader Environment load took 194.41ns 
57091      INFO  main            d.u.i.k.p.i.AbstractProblemLoader Creating init config 
59820      DEBUG main            d.u.i.k.p.i.AbstractProblemLoader Init config took 2.73s 
59837      INFO  main            d.u.i.k.p.i.AbstractProblemLoader Replaying proof implicitIntStringConversion.key 
59839      DEBUG main            d.u.i.k.p.i.IntermediateProofReplayer Proof replay took 6.7ns 
60545      INFO  main            d.u.i.k.p.r.p.TestFile    ... finished proof: closed. 
60808      INFO  main            d.u.i.k.p.i.AbstractProblemLoader Loading environment from /home/runner/work/key/key/key.core/../key.ui/examples/standard_key/strings/implicitIntStringConversion.key.proof 
60809      DEBUG main            d.u.i.k.p.i.AbstractProblemLoader Environment load took 513.61ns 
60810      INFO  main            d.u.i.k.p.i.AbstractProblemLoader Creating init config 
63608      DEBUG main            d.u.i.k.p.i.AbstractProblemLoader Init config took 2.8s 
63626      INFO  main            d.u.i.k.p.i.AbstractProblemLoader Replaying proof implicitIntStringConversion.key.proof 
63721      DEBUG main            d.u.i.k.p.i.IntermediateProofReplayer Proof replay took 89.9ms 
63723      DEBUG main            d.u.i.k.p.r.p.TestFile    ... success: reloaded. 
63723      INFO  main            d.u.i.k.p.r.p.TestFile    Now processing file /home/runner/work/key/key/key.core/../key.ui/examples/standard_key/strings/implicitNullStringConversion.key 
63724      INFO  main            d.u.i.k.p.i.AbstractProblemLoader Loading environment from /home/runner/work/key/key/key.core/../key.ui/examples/standard_key/strings/implicitNullStringConversion.key 
63724      DEBUG main            d.u.i.k.p.i.AbstractProblemLoader Environment load took 226.71ns 
63725      INFO  main            d.u.i.k.p.i.AbstractProblemLoader Creating init config 
66474      DEBUG main            d.u.i.k.p.i.AbstractProblemLoader Init config took 2.75s 
66492      INFO  main            d.u.i.k.p.i.AbstractProblemLoader Replaying proof implicitNullStringConversion.key 
66494      DEBUG main            d.u.i.k.p.i.IntermediateProofReplayer Proof replay took 6.7ns 
66799      INFO  main            d.u.i.k.p.r.p.TestFile    ... finished proof: closed. 
67012      INFO  main            d.u.i.k.p.i.AbstractProblemLoader Loading environment from /home/runner/work/key/key/key.core/../key.ui/examples/standard_key/strings/implicitNullStringConversion.key.proof 
67012      DEBUG main            d.u.i.k.p.i.AbstractProblemLoader Environment load took 411.91ns 
67014      INFO  main            d.u.i.k.p.i.AbstractProblemLoader Creating init config 
69794      DEBUG main            d.u.i.k.p.i.AbstractProblemLoader Init config took 2.78s 
69812      INFO  main            d.u.i.k.p.i.AbstractProblemLoader Replaying proof implicitNullStringConversion.key.proof 
69856      DEBUG main            d.u.i.k.p.i.IntermediateProofReplayer Proof replay took 41.24ms 
69857      DEBUG main            d.u.i.k.p.r.p.TestFile    ... success: reloaded. 
69858      INFO  main            d.u.i.k.p.r.p.TestFile    Now processing file /home/runner/work/key/key/key.core/../key.ui/examples/standard_key/strings/implicitNullStringConversion2.key 
69858      INFO  main            d.u.i.k.p.i.AbstractProblemLoader Loading environment from /home/runner/work/key/key/key.core/../key.ui/examples/standard_key/strings/implicitNullStringConversion2.key 
69859      DEBUG main            d.u.i.k.p.i.AbstractProblemLoader Environment load took 114ns 
69860      INFO  main            d.u.i.k.p.i.AbstractProblemLoader Creating init config 
72621      DEBUG main            d.u.i.k.p.i.AbstractProblemLoader Init config took 2.76s 
72639      INFO  main            d.u.i.k.p.i.AbstractProblemLoader Replaying proof implicitNullStringConversion2.key 
72641      DEBUG main            d.u.i.k.p.i.IntermediateProofReplayer Proof replay took 7ns 
72847      INFO  main            d.u.i.k.p.r.p.TestFile    ... finished proof: closed. 
73079      INFO  main            d.u.i.k.p.i.AbstractProblemLoader Loading environment from /home/runner/work/key/key/key.core/../key.ui/examples/standard_key/strings/implicitNullStringConversion2.key.proof 
73079      DEBUG main            d.u.i.k.p.i.AbstractProblemLoader Environment load took 383.21ns 
73081      INFO  main            d.u.i.k.p.i.AbstractProblemLoader Creating init config 
75847      DEBUG main            d.u.i.k.p.i.AbstractProblemLoader Init config took 2.77s 
75865      INFO  main            d.u.i.k.p.i.AbstractProblemLoader Replaying proof implicitNullStringConversion2.key.proof 
75903      DEBUG main            d.u.i.k.p.i.IntermediateProofReplayer Proof replay took 32.81ms 
75905      DEBUG main            d.u.i.k.p.r.p.TestFile    ... success: reloaded. 
75905      INFO  main            d.u.i.k.p.r.p.TestFile    Now processing file /home/runner/work/key/key/key.core/../key.ui/examples/standard_key/strings/implicitObjectStringConversion.key 
75906      INFO  main            d.u.i.k.p.i.AbstractProblemLoader Loading environment from /home/runner/work/key/key/key.core/../key.ui/examples/standard_key/strings/implicitObjectStringConversion.key 
75906      DEBUG main            d.u.i.k.p.i.AbstractProblemLoader Environment load took 188.4ns 
75907      INFO  main            d.u.i.k.p.i.AbstractProblemLoader Creating init config 
78894      DEBUG main            d.u.i.k.p.i.AbstractProblemLoader Init config took 2.99s 
78912      INFO  main            d.u.i.k.p.i.AbstractProblemLoader Replaying proof implicitObjectStringConversion.key 
78913      DEBUG main            d.u.i.k.p.i.IntermediateProofReplayer Proof replay took 6.9ns 
79423      INFO  main            d.u.i.k.p.r.p.TestFile    ... finished proof: closed. 
79692      INFO  main            d.u.i.k.p.i.AbstractProblemLoader Loading environment from /home/runner/work/key/key/key.core/../key.ui/examples/standard_key/strings/implicitObjectStringConversion.key.proof 
79693      DEBUG main            d.u.i.k.p.i.AbstractProblemLoader Environment load took 1.4ms 
79695      INFO  main            d.u.i.k.p.i.AbstractProblemLoader Creating init config 
82550      DEBUG main            d.u.i.k.p.i.AbstractProblemLoader Init config took 2.86s 
82572      INFO  main            d.u.i.k.p.i.AbstractProblemLoader Replaying proof implicitObjectStringConversion.key.proof 
82642      DEBUG main            d.u.i.k.p.i.IntermediateProofReplayer Proof replay took 66.09ms 
82644      DEBUG main            d.u.i.k.p.r.p.TestFile    ... success: reloaded. 
82644      INFO  main            d.u.i.k.p.r.p.TestFile    Now processing file /home/runner/work/key/key/key.core/../key.ui/examples/standard_key/strings/literalEquality.key 
82645      INFO  main            d.u.i.k.p.i.AbstractProblemLoader Loading environment from /home/runner/work/key/key/key.core/../key.ui/examples/standard_key/strings/literalEquality.key 
82645      DEBUG main            d.u.i.k.p.i.AbstractProblemLoader Environment load took 178ns 
82646      INFO  main            d.u.i.k.p.i.AbstractProblemLoader Creating init config 
85328      DEBUG main            d.u.i.k.p.i.AbstractProblemLoader Init config took 2.68s 
85343      INFO  main            d.u.i.k.p.i.AbstractProblemLoader Replaying proof literalEquality.key 
85344      DEBUG main            d.u.i.k.p.i.IntermediateProofReplayer Proof replay took 5.9ns 
85446      INFO  main            d.u.i.k.p.r.p.TestFile    ... finished proof: closed. 
85701      INFO  main            d.u.i.k.p.i.AbstractProblemLoader Loading environment from /home/runner/work/key/key/key.core/../key.ui/examples/standard_key/strings/literalEquality.key.proof 
85702      DEBUG main            d.u.i.k.p.i.AbstractProblemLoader Environment load took 109ns 
85703      INFO  main            d.u.i.k.p.i.AbstractProblemLoader Creating init config 
88372      DEBUG main            d.u.i.k.p.i.AbstractProblemLoader Init config took 2.67s 
88388      INFO  main            d.u.i.k.p.i.AbstractProblemLoader Replaying proof literalEquality.key.proof 
88392      DEBUG main            d.u.i.k.p.i.IntermediateProofReplayer Proof replay took 2.63ms 
88393      DEBUG main            d.u.i.k.p.r.p.TestFile    ... success: reloaded. 
88394      INFO  main            d.u.i.k.p.r.p.TestFile    Now processing file /home/runner/work/key/key/key.core/../key.ui/examples/standard_key/strings/replace0.key 
88394      INFO  main            d.u.i.k.p.i.AbstractProblemLoader Loading environment from /home/runner/work/key/key/key.core/../key.ui/examples/standard_key/strings/replace0.key 
88394      DEBUG main            d.u.i.k.p.i.AbstractProblemLoader Environment load took 184.3ns 
88395      INFO  main            d.u.i.k.p.i.AbstractProblemLoader Creating init config 
91133      DEBUG main            d.u.i.k.p.i.AbstractProblemLoader Init config took 2.74s 
91148      INFO  main            d.u.i.k.p.i.AbstractProblemLoader Replaying proof replace0.key 
91150      DEBUG main            d.u.i.k.p.i.IntermediateProofReplayer Proof replay took 7.1ns 
91254      INFO  main            d.u.i.k.p.r.p.TestFile    ... finished proof: closed. 
91466      INFO  main            d.u.i.k.p.i.AbstractProblemLoader Loading environment from /home/runner/work/key/key/key.core/../key.ui/examples/standard_key/strings/replace0.key.proof 
91466      DEBUG main            d.u.i.k.p.i.AbstractProblemLoader Environment load took 117ns 
91468      INFO  main            d.u.i.k.p.i.AbstractProblemLoader Creating init config 
94065      DEBUG main            d.u.i.k.p.i.AbstractProblemLoader Init config took 2.6s 
94080      INFO  main            d.u.i.k.p.i.AbstractProblemLoader Replaying proof replace0.key.proof 
94087      DEBUG main            d.u.i.k.p.i.IntermediateProofReplayer Proof replay took 5.56ms 
94088      DEBUG main            d.u.i.k.p.r.p.TestFile    ... success: reloaded. 
94088      INFO  main            d.u.i.k.p.r.p.TestFile    Now processing file /home/runner/work/key/key/key.core/../key.ui/examples/standard_key/strings/replace1.key 
94089      INFO  main            d.u.i.k.p.i.AbstractProblemLoader Loading environment from /home/runner/work/key/key/key.core/../key.ui/examples/standard_key/strings/replace1.key 
94089      DEBUG main            d.u.i.k.p.i.AbstractProblemLoader Environment load took 137ns 
94090      INFO  main            d.u.i.k.p.i.AbstractProblemLoader Creating init config 
96723      DEBUG main            d.u.i.k.p.i.AbstractProblemLoader Init config took 2.63s 
96737      INFO  main            d.u.i.k.p.i.AbstractProblemLoader Replaying proof replace1.key 
96738      DEBUG main            d.u.i.k.p.i.IntermediateProofReplayer Proof replay took 6.7ns 
96842      INFO  main            d.u.i.k.p.r.p.TestFile    ... finished proof: closed. 
97071      INFO  main            d.u.i.k.p.i.AbstractProblemLoader Loading environment from /home/runner/work/key/key/key.core/../key.ui/examples/standard_key/strings/replace1.key.proof 
97071      DEBUG main            d.u.i.k.p.i.AbstractProblemLoader Environment load took 114.6ns 
97072      INFO  main            d.u.i.k.p.i.AbstractProblemLoader Creating init config 
99706      DEBUG main            d.u.i.k.p.i.AbstractProblemLoader Init config took 2.63s 
99721      INFO  main            d.u.i.k.p.i.AbstractProblemLoader Replaying proof replace1.key.proof 
99730      DEBUG main            d.u.i.k.p.i.IntermediateProofReplayer Proof replay took 6.9ms 
99730      DEBUG main            d.u.i.k.p.r.p.TestFile    ... success: reloaded. 
99731      INFO  main            d.u.i.k.p.r.p.TestFile    Now processing file /home/runner/work/key/key/key.core/../key.ui/examples/standard_key/strings/simpleAssignment.key 
99731      INFO  main            d.u.i.k.p.i.AbstractProblemLoader Loading environment from /home/runner/work/key/key/key.core/../key.ui/examples/standard_key/strings/simpleAssignment.key 
99732      DEBUG main            d.u.i.k.p.i.AbstractProblemLoader Environment load took 183.2ns 
99733      INFO  main            d.u.i.k.p.i.AbstractProblemLoader Creating init config 
102440     DEBUG main            d.u.i.k.p.i.AbstractProblemLoader Init config took 2.71s 
102455     INFO  main            d.u.i.k.p.i.AbstractProblemLoader Replaying proof simpleAssignment.key 
102456     DEBUG main            d.u.i.k.p.i.IntermediateProofReplayer Proof replay took 6.1ns 
102558     INFO  main            d.u.i.k.p.r.p.TestFile    ... finished proof: closed. 
102790     INFO  main            d.u.i.k.p.i.AbstractProblemLoader Loading environment from /home/runner/work/key/key/key.core/../key.ui/examples/standard_key/strings/simpleAssignment.key.proof 
102791     DEBUG main            d.u.i.k.p.i.AbstractProblemLoader Environment load took 125.3ns 
102792     INFO  main            d.u.i.k.p.i.AbstractProblemLoader Creating init config 
105601     DEBUG main            d.u.i.k.p.i.AbstractProblemLoader Init config took 2.81s 
105622     INFO  main            d.u.i.k.p.i.AbstractProblemLoader Replaying proof simpleAssignment.key.proof 
105634     DEBUG main            d.u.i.k.p.i.IntermediateProofReplayer Proof replay took 10.36ms 
105635     DEBUG main            d.u.i.k.p.r.p.TestFile    ... success: reloaded. 
105635     INFO  main            d.u.i.k.p.r.p.TestFile    Now processing file /home/runner/work/key/key/key.core/../key.ui/examples/standard_key/strings/simpleLengthComp.key 
105636     INFO  main            d.u.i.k.p.i.AbstractProblemLoader Loading environment from /home/runner/work/key/key/key.core/../key.ui/examples/standard_key/strings/simpleLengthComp.key 
105636     DEBUG main            d.u.i.k.p.i.AbstractProblemLoader Environment load took 64.3ns 
105637     INFO  main            d.u.i.k.p.i.AbstractProblemLoader Creating init config 
108503     DEBUG main            d.u.i.k.p.i.AbstractProblemLoader Init config took 2.87s 
108519     INFO  main            d.u.i.k.p.i.AbstractProblemLoader Replaying proof simpleLengthComp.key 
108522     DEBUG main            d.u.i.k.p.i.IntermediateProofReplayer Proof replay took 6.3ns 
108727     INFO  main            d.u.i.k.p.r.p.TestFile    ... finished proof: closed. 
108974     INFO  main            d.u.i.k.p.i.AbstractProblemLoader Loading environment from /home/runner/work/key/key/key.core/../key.ui/examples/standard_key/strings/simpleLengthComp.key.proof 
108974     DEBUG main            d.u.i.k.p.i.AbstractProblemLoader Environment load took 135.7ns 
108975     INFO  main            d.u.i.k.p.i.AbstractProblemLoader Creating init config 
111728     DEBUG main            d.u.i.k.p.i.AbstractProblemLoader Init config took 2.75s 
111743     INFO  main            d.u.i.k.p.i.AbstractProblemLoader Replaying proof simpleLengthComp.key.proof 
111779     DEBUG main            d.u.i.k.p.i.IntermediateProofReplayer Proof replay took 33.78ms 
111780     DEBUG main            d.u.i.k.p.r.p.TestFile    ... success: reloaded. 
111781     INFO  main            d.u.i.k.p.r.p.TestFile    Now processing file /home/runner/work/key/key/key.core/../key.ui/examples/standard_key/strings/stringCompileTimeConstant1.key 
111781     INFO  main            d.u.i.k.p.i.AbstractProblemLoader Loading environment from /home/runner/work/key/key/key.core/../key.ui/examples/standard_key/strings/stringCompileTimeConstant1.key 
111781     DEBUG main            d.u.i.k.p.i.AbstractProblemLoader Environment load took 203.9ns 
111782     INFO  main            d.u.i.k.p.i.AbstractProblemLoader Creating init config 
114654     DEBUG main            d.u.i.k.p.i.AbstractProblemLoader Init config took 2.87s 
114669     INFO  main            d.u.i.k.p.i.AbstractProblemLoader Replaying proof stringCompileTimeConstant1.key 
114671     DEBUG main            d.u.i.k.p.i.IntermediateProofReplayer Proof replay took 6.6ns 
114773     INFO  main            d.u.i.k.p.r.p.TestFile    ... finished proof: closed. 
115037     INFO  main            d.u.i.k.p.i.AbstractProblemLoader Loading environment from /home/runner/work/key/key/key.core/../key.ui/examples/standard_key/strings/stringCompileTimeConstant1.key.proof 
115037     DEBUG main            d.u.i.k.p.i.AbstractProblemLoader Environment load took 107.7ns 
115038     INFO  main            d.u.i.k.p.i.AbstractProblemLoader Creating init config 
117911     DEBUG main            d.u.i.k.p.i.AbstractProblemLoader Init config took 2.87s 
117928     INFO  main            d.u.i.k.p.i.AbstractProblemLoader Replaying proof stringCompileTimeConstant1.key.proof 
117937     DEBUG main            d.u.i.k.p.i.IntermediateProofReplayer Proof replay took 7.52ms 
117938     DEBUG main            d.u.i.k.p.r.p.TestFile    ... success: reloaded. 
117939     INFO  main            d.u.i.k.p.r.p.TestFile    Now processing file /home/runner/work/key/key/key.core/../key.ui/examples/standard_key/strings/stringCompileTimeConstant2.key 
117939     INFO  main            d.u.i.k.p.i.AbstractProblemLoader Loading environment from /home/runner/work/key/key/key.core/../key.ui/examples/standard_key/strings/stringCompileTimeConstant2.key 
117940     DEBUG main            d.u.i.k.p.i.AbstractProblemLoader Environment load took 198.9ns 
117941     INFO  main            d.u.i.k.p.i.AbstractProblemLoader Creating init config 
120977     DEBUG main            d.u.i.k.p.i.AbstractProblemLoader Init config took 3.04s 
120993     INFO  main            d.u.i.k.p.i.AbstractProblemLoader Replaying proof stringCompileTimeConstant2.key 
120995     DEBUG main            d.u.i.k.p.i.IntermediateProofReplayer Proof replay took 7.4ns 
124507     INFO  main            d.u.i.k.p.r.p.TestFile    ... finished proof: closed. 
124869     INFO  main            d.u.i.k.p.i.AbstractProblemLoader Loading environment from /home/runner/work/key/key/key.core/../key.ui/examples/standard_key/strings/stringCompileTimeConstant2.key.proof 
124869     DEBUG main            d.u.i.k.p.i.AbstractProblemLoader Environment load took 358.51ns 
124870     INFO  main            d.u.i.k.p.i.AbstractProblemLoader Creating init config 
127789     DEBUG main            d.u.i.k.p.i.AbstractProblemLoader Init config took 2.92s 
127804     INFO  main            d.u.i.k.p.i.AbstractProblemLoader Replaying proof stringCompileTimeConstant2.key.proof 
128208     DEBUG main            d.u.i.k.p.i.IntermediateProofReplayer Proof replay took 391.06ms 
128209     DEBUG main            d.u.i.k.p.r.p.TestFile    ... success: reloaded. 
128211     INFO  main            d.u.i.k.p.r.p.TestFile    Now processing file /home/runner/work/key/key/key.core/../key.ui/examples/standard_key/strings/stringEquality1.key 
128211     INFO  main            d.u.i.k.p.i.AbstractProblemLoader Loading environment from /home/runner/work/key/key/key.core/../key.ui/examples/standard_key/strings/stringEquality1.key 
128211     DEBUG main            d.u.i.k.p.i.AbstractProblemLoader Environment load took 194.5ns 
128212     INFO  main            d.u.i.k.p.i.AbstractProblemLoader Creating init config 
131229     DEBUG main            d.u.i.k.p.i.AbstractProblemLoader Init config took 3.02s 
131247     INFO  main            d.u.i.k.p.i.AbstractProblemLoader Replaying proof stringEquality1.key 
131249     DEBUG main            d.u.i.k.p.i.IntermediateProofReplayer Proof replay took 18.6ns 
131354     INFO  main            d.u.i.k.p.r.p.TestFile    ... finished proof: closed. 
131695     INFO  main            d.u.i.k.p.i.AbstractProblemLoader Loading environment from /home/runner/work/key/key/key.core/../key.ui/examples/standard_key/strings/stringEquality1.key.proof 
131696     DEBUG main            d.u.i.k.p.i.AbstractProblemLoader Environment load took 111.4ns 
131697     INFO  main            d.u.i.k.p.i.AbstractProblemLoader Creating init config 
134503     DEBUG main            d.u.i.k.p.i.AbstractProblemLoader Init config took 2.81s 
134521     INFO  main            d.u.i.k.p.i.AbstractProblemLoader Replaying proof stringEquality1.key.proof 
134539     DEBUG main            d.u.i.k.p.i.IntermediateProofReplayer Proof replay took 13.85ms 
134540     DEBUG main            d.u.i.k.p.r.p.TestFile    ... success: reloaded. 
134540     INFO  main            d.u.i.k.p.r.p.TestFile    Now processing file /home/runner/work/key/key/key.core/../key.ui/examples/standard_key/strings/stringEquality2.key 
134541     INFO  main            d.u.i.k.p.i.AbstractProblemLoader Loading environment from /home/runner/work/key/key/key.core/../key.ui/examples/standard_key/strings/stringEquality2.key 
134541     DEBUG main            d.u.i.k.p.i.AbstractProblemLoader Environment load took 193.7ns 
134543     INFO  main            d.u.i.k.p.i.AbstractProblemLoader Creating init config 
137498     DEBUG main            d.u.i.k.p.i.AbstractProblemLoader Init config took 2.96s 
137514     INFO  main            d.u.i.k.p.i.AbstractProblemLoader Replaying proof stringEquality2.key 
137516     DEBUG main            d.u.i.k.p.i.IntermediateProofReplayer Proof replay took 7.3ns 
138019     INFO  main            d.u.i.k.p.r.p.TestFile    ... finished proof: closed. 
138342     INFO  main            d.u.i.k.p.i.AbstractProblemLoader Loading environment from /home/runner/work/key/key/key.core/../key.ui/examples/standard_key/strings/stringEquality2.key.proof 
138342     DEBUG main            d.u.i.k.p.i.AbstractProblemLoader Environment load took 418.11ns 
138343     INFO  main            d.u.i.k.p.i.AbstractProblemLoader Creating init config 
141135     DEBUG main            d.u.i.k.p.i.AbstractProblemLoader Init config took 2.79s 
141149     INFO  main            d.u.i.k.p.i.AbstractProblemLoader Replaying proof stringEquality2.key.proof 
141219     DEBUG main            d.u.i.k.p.i.IntermediateProofReplayer Proof replay took 64.58ms 
141220     DEBUG main            d.u.i.k.p.r.p.TestFile    ... success: reloaded. 
141221     INFO  main            d.u.i.k.p.r.p.TestFile    Now processing file /home/runner/work/key/key/key.core/../key.ui/examples/standard_key/strings/substring0.key 
141221     INFO  main            d.u.i.k.p.i.AbstractProblemLoader Loading environment from /home/runner/work/key/key/key.core/../key.ui/examples/standard_key/strings/substring0.key 
141221     DEBUG main            d.u.i.k.p.i.AbstractProblemLoader Environment load took 115.3ns 
141222     INFO  main            d.u.i.k.p.i.AbstractProblemLoader Creating init config 
144094     DEBUG main            d.u.i.k.p.i.AbstractProblemLoader Init config took 2.87s 
144109     INFO  main            d.u.i.k.p.i.AbstractProblemLoader Replaying proof substring0.key 
144110     DEBUG main            d.u.i.k.p.i.IntermediateProofReplayer Proof replay took 7.6ns 
144214     INFO  main            d.u.i.k.p.r.p.TestFile    ... finished proof: closed. 
144505     INFO  main            d.u.i.k.p.i.AbstractProblemLoader Loading environment from /home/runner/work/key/key/key.core/../key.ui/examples/standard_key/strings/substring0.key.proof 
144506     DEBUG main            d.u.i.k.p.i.AbstractProblemLoader Environment load took 110.7ns 
144507     INFO  main            d.u.i.k.p.i.AbstractProblemLoader Creating init config 
147218     DEBUG main            d.u.i.k.p.i.AbstractProblemLoader Init config took 2.71s 
147234     INFO  main            d.u.i.k.p.i.AbstractProblemLoader Replaying proof substring0.key.proof 
147237     DEBUG main            d.u.i.k.p.i.IntermediateProofReplayer Proof replay took 582.01ns 
147238     DEBUG main            d.u.i.k.p.r.p.TestFile    ... success: reloaded. 
147238     INFO  main            d.u.i.k.p.r.p.TestFile    Now processing file /home/runner/work/key/key/key.core/../key.ui/examples/standard_key/strings/substring1.key 
147239     INFO  main            d.u.i.k.p.i.AbstractProblemLoader Loading environment from /home/runner/work/key/key/key.core/../key.ui/examples/standard_key/strings/substring1.key 
147239     DEBUG main            d.u.i.k.p.i.AbstractProblemLoader Environment load took 121.6ns 
147240     INFO  main            d.u.i.k.p.i.AbstractProblemLoader Creating init config 
149892     DEBUG main            d.u.i.k.p.i.AbstractProblemLoader Init config took 2.65s 
149906     INFO  main            d.u.i.k.p.i.AbstractProblemLoader Replaying proof substring1.key 
149908     DEBUG main            d.u.i.k.p.i.IntermediateProofReplayer Proof replay took 6.7ns 
150010     INFO  main            d.u.i.k.p.r.p.TestFile    ... finished proof: closed. 
150286     INFO  main            d.u.i.k.p.i.AbstractProblemLoader Loading environment from /home/runner/work/key/key/key.core/../key.ui/examples/standard_key/strings/substring1.key.proof 
150286     DEBUG main            d.u.i.k.p.i.AbstractProblemLoader Environment load took 115.8ns 
150287     INFO  main            d.u.i.k.p.i.AbstractProblemLoader Creating init config 
152883     DEBUG main            d.u.i.k.p.i.AbstractProblemLoader Init config took 2.6s 
152895     INFO  main            d.u.i.k.p.i.AbstractProblemLoader Replaying proof substring1.key.proof 
152898     DEBUG main            d.u.i.k.p.i.IntermediateProofReplayer Proof replay took 446.31ns 
152898     DEBUG main            d.u.i.k.p.r.p.TestFile    ... success: reloaded. 
152899     INFO  main            d.u.i.k.p.r.p.TestFile    Now processing file /home/runner/work/key/key/key.core/../key.ui/examples/standard_key/strings/substring2.key 
152899     INFO  main            d.u.i.k.p.i.AbstractProblemLoader Loading environment from /home/runner/work/key/key/key.core/../key.ui/examples/standard_key/strings/substring2.key 
152899     DEBUG main            d.u.i.k.p.i.AbstractProblemLoader Environment load took 114.3ns 
152900     INFO  main            d.u.i.k.p.i.AbstractProblemLoader Creating init config 
155543     DEBUG main            d.u.i.k.p.i.AbstractProblemLoader Init config took 2.64s 
155559     INFO  main            d.u.i.k.p.i.AbstractProblemLoader Replaying proof substring2.key 
155560     DEBUG main            d.u.i.k.p.i.IntermediateProofReplayer Proof replay took 6.6ns 
155662     INFO  main            d.u.i.k.p.r.p.TestFile    ... finished proof: closed. 
155950     INFO  main            d.u.i.k.p.i.AbstractProblemLoader Loading environment from /home/runner/work/key/key/key.core/../key.ui/examples/standard_key/strings/substring2.key.proof 
155950     DEBUG main            d.u.i.k.p.i.AbstractProblemLoader Environment load took 112.1ns 
155951     INFO  main            d.u.i.k.p.i.AbstractProblemLoader Creating init config 
158534     DEBUG main            d.u.i.k.p.i.AbstractProblemLoader Init config took 2.58s 
158551     INFO  main            d.u.i.k.p.i.AbstractProblemLoader Replaying proof substring2.key.proof 
158554     DEBUG main            d.u.i.k.p.i.IntermediateProofReplayer Proof replay took 1.18ms 
158555     DEBUG main            d.u.i.k.p.r.p.TestFile    ... success: reloaded. 
158556     INFO  main            d.u.i.k.p.r.p.TestFile    Now processing file /home/runner/work/key/key/key.core/../key.ui/examples/standard_key/strings/substring3.key 
158556     INFO  main            d.u.i.k.p.i.AbstractProblemLoader Loading environment from /home/runner/work/key/key/key.core/../key.ui/examples/standard_key/strings/substring3.key 
158556     DEBUG main            d.u.i.k.p.i.AbstractProblemLoader Environment load took 189.6ns 
158557     INFO  main            d.u.i.k.p.i.AbstractProblemLoader Creating init config 
161256     DEBUG main            d.u.i.k.p.i.AbstractProblemLoader Init config took 2.7s 
161271     INFO  main            d.u.i.k.p.i.AbstractProblemLoader Replaying proof substring3.key 
161272     DEBUG main            d.u.i.k.p.i.IntermediateProofReplayer Proof replay took 7.5ns 
161374     INFO  main            d.u.i.k.p.r.p.TestFile    ... finished proof: closed. 
161651     INFO  main            d.u.i.k.p.i.AbstractProblemLoader Loading environment from /home/runner/work/key/key/key.core/../key.ui/examples/standard_key/strings/substring3.key.proof 
161651     DEBUG main            d.u.i.k.p.i.AbstractProblemLoader Environment load took 103.8ns 
161652     INFO  main            d.u.i.k.p.i.AbstractProblemLoader Creating init config 
164275     DEBUG main            d.u.i.k.p.i.AbstractProblemLoader Init config took 2.62s 
164289     INFO  main            d.u.i.k.p.i.AbstractProblemLoader Replaying proof substring3.key.proof 
164294     DEBUG main            d.u.i.k.p.i.IntermediateProofReplayer Proof replay took 3.03ms 
164295     DEBUG main            d.u.i.k.p.r.p.TestFile    ... success: reloaded. 
164296     INFO  main            d.u.i.k.p.r.p.TestFile    Now processing file /home/runner/work/key/key/key.core/../key.ui/examples/standard_key/strings/substring4.key 
164296     INFO  main            d.u.i.k.p.i.AbstractProblemLoader Loading environment from /home/runner/work/key/key/key.core/../key.ui/examples/standard_key/strings/substring4.key 
164296     DEBUG main            d.u.i.k.p.i.AbstractProblemLoader Environment load took 222.6ns 
164297     INFO  main            d.u.i.k.p.i.AbstractProblemLoader Creating init config 
166945     DEBUG main            d.u.i.k.p.i.AbstractProblemLoader Init config took 2.65s 
166962     INFO  main            d.u.i.k.p.i.AbstractProblemLoader Replaying proof substring4.key 
166963     DEBUG main            d.u.i.k.p.i.IntermediateProofReplayer Proof replay took 6.6ns 
167065     INFO  main            d.u.i.k.p.r.p.TestFile    ... finished proof: closed. 
167374     INFO  main            d.u.i.k.p.i.AbstractProblemLoader Loading environment from /home/runner/work/key/key/key.core/../key.ui/examples/standard_key/strings/substring4.key.proof 
167375     DEBUG main            d.u.i.k.p.i.AbstractProblemLoader Environment load took 100.1ns 
167376     INFO  main            d.u.i.k.p.i.AbstractProblemLoader Creating init config 
170012     DEBUG main            d.u.i.k.p.i.AbstractProblemLoader Init config took 2.64s 
170026     INFO  main            d.u.i.k.p.i.AbstractProblemLoader Replaying proof substring4.key.proof 
170032     DEBUG main            d.u.i.k.p.i.IntermediateProofReplayer Proof replay took 4.14ms 
170032     DEBUG main            d.u.i.k.p.r.p.TestFile    ... success: reloaded. 
170033     INFO  main            d.u.i.k.p.r.p.TestFile    Now processing file /home/runner/work/key/key/key.core/../key.ui/examples/standard_key/strings/substring5.key 
170033     INFO  main            d.u.i.k.p.i.AbstractProblemLoader Loading environment from /home/runner/work/key/key/key.core/../key.ui/examples/standard_key/strings/substring5.key 
170033     DEBUG main            d.u.i.k.p.i.AbstractProblemLoader Environment load took 94.3ns 
170034     INFO  main            d.u.i.k.p.i.AbstractProblemLoader Creating init config 
172732     DEBUG main            d.u.i.k.p.i.AbstractProblemLoader Init config took 2.7s 
172746     INFO  main            d.u.i.k.p.i.AbstractProblemLoader Replaying proof substring5.key 
172747     DEBUG main            d.u.i.k.p.i.IntermediateProofReplayer Proof replay took 6.3ns 
173051     INFO  main            d.u.i.k.p.r.p.TestFile    ... finished proof: closed. 
173395     INFO  main            d.u.i.k.p.i.AbstractProblemLoader Loading environment from /home/runner/work/key/key/key.core/../key.ui/examples/standard_key/strings/substring5.key.proof 
173396     DEBUG main            d.u.i.k.p.i.AbstractProblemLoader Environment load took 100.4ns 
173397     INFO  main            d.u.i.k.p.i.AbstractProblemLoader Creating init config 
175988     DEBUG main            d.u.i.k.p.i.AbstractProblemLoader Init config took 2.59s 
176003     INFO  main            d.u.i.k.p.i.AbstractProblemLoader Replaying proof substring5.key.proof 
176055     DEBUG main            d.u.i.k.p.i.IntermediateProofReplayer Proof replay took 48.42ms 
176056     DEBUG main            d.u.i.k.p.r.p.TestFile    ... success: reloaded. 
4788044    INFO  Test worker     d.u.i.k.p.r.RunAllProofsTestUnit Returning from test strings 
4788045    INFO  Test worker     d.u.i.k.p.r.RunAllProofsTestUnit Running test simple_info_flow 
386        INFO  Timeout watchdog d.u.i.k.p.r.p.ForkedTestFileRunner Timeout watcher launched (2000 secs.) 
397        WARN  main            d.u.i.k.s.ProofSettings   The settings in /home/runner/.key/proof-settings.props are *not* read. 
452        INFO  main            d.u.i.k.p.r.p.TestFile    Now processing file /home/runner/work/key/key/key.core/../key.ui/examples/heap/information_flow/UpdateAbstraction_ex7_1_insecure.key 
588        INFO  main            d.u.i.k.p.i.AbstractProblemLoader Loading environment from /home/runner/work/key/key/key.core/../key.ui/examples/heap/information_flow/UpdateAbstraction_ex7_1_insecure.key 
612        DEBUG main            d.u.i.k.p.i.AbstractProblemLoader Environment load took 2.81ms 
893        INFO  main            d.u.i.k.p.i.AbstractProblemLoader Creating init config 
2072       DEBUG main            d.u.i.k.j.TypeConverter   No LDT found for Meta 
2073       DEBUG main            d.u.i.k.j.TypeConverter   No LDT found for Meta 
2078       DEBUG main            d.u.i.k.j.TypeConverter   No LDT found for Meta 
2078       DEBUG main            d.u.i.k.j.TypeConverter   No LDT found for Meta 
4010       DEBUG main            d.u.i.k.j.TypeConverter   No LDT found for JavaBigintExpression 
10234      DEBUG main            d.u.i.k.p.i.AbstractProblemLoader Init config took 9.34s 
10387      INFO  main            d.u.i.k.p.i.AbstractProblemLoader Replaying proof UpdateAbstraction[UpdateAbstraction::ex7_1_insecure()].JML operation contract.0 
10428      DEBUG main            d.u.i.k.p.i.IntermediateProofReplayer Proof replay took 31.9ns 
11117      INFO  main            d.u.i.k.p.r.p.TestFile    ... finished proof: open goal(s) 
11229      INFO  main            d.u.i.k.p.r.p.TestFile    Now processing file /home/runner/work/key/key/key.core/../key.ui/examples/heap/information_flow/UpdateAbstraction_ex7_2_insecure.key 
11231      INFO  main            d.u.i.k.p.i.AbstractProblemLoader Loading environment from /home/runner/work/key/key/key.core/../key.ui/examples/heap/information_flow/UpdateAbstraction_ex7_2_insecure.key 
11232      DEBUG main            d.u.i.k.p.i.AbstractProblemLoader Environment load took 253.7ns 
11235      INFO  main            d.u.i.k.p.i.AbstractProblemLoader Creating init config 
14779      DEBUG main            d.u.i.k.p.i.AbstractProblemLoader Init config took 3.54s 
14862      INFO  main            d.u.i.k.p.i.AbstractProblemLoader Replaying proof UpdateAbstraction[UpdateAbstraction::ex7_2_insecure()].JML operation contract.0 
14864      DEBUG main            d.u.i.k.p.i.IntermediateProofReplayer Proof replay took 6.4ns 
15270      INFO  main            d.u.i.k.p.r.p.TestFile    ... finished proof: open goal(s) 
4803664    INFO  Test worker     d.u.i.k.p.r.RunAllProofsTestUnit Returning from test simple_info_flow 
4803665    INFO  Test worker     d.u.i.k.p.r.RunAllProofsTestUnit Running test modelMethods 
397        INFO  Timeout watchdog d.u.i.k.p.r.p.ForkedTestFileRunner Timeout watcher launched (2000 secs.) 
424        WARN  main            d.u.i.k.s.ProofSettings   The settings in /home/runner/.key/proof-settings.props are *not* read. 
473        INFO  main            d.u.i.k.p.r.p.TestFile    Now processing file /home/runner/work/key/key/key.core/../key.ui/examples/heap/model_methods/Cell_footprint_acc.key 
615        INFO  main            d.u.i.k.p.i.AbstractProblemLoader Loading environment from /home/runner/work/key/key/key.core/../key.ui/examples/heap/model_methods/Cell_footprint_acc.key 
633        DEBUG main            d.u.i.k.p.i.AbstractProblemLoader Environment load took 1.86ms 
881        INFO  main            d.u.i.k.p.i.AbstractProblemLoader Creating init config 
1894       DEBUG main            d.u.i.k.j.TypeConverter   No LDT found for Meta 
1895       DEBUG main            d.u.i.k.j.TypeConverter   No LDT found for Meta 
1896       DEBUG main            d.u.i.k.j.TypeConverter   No LDT found for Meta 
1899       DEBUG main            d.u.i.k.j.TypeConverter   No LDT found for Meta 
3482       DEBUG main            d.u.i.k.j.TypeConverter   No LDT found for JavaBigintExpression 
9098       DEBUG main            d.u.i.k.p.i.AbstractProblemLoader Init config took 8.22s 
9273       INFO  main            d.u.i.k.p.i.AbstractProblemLoader Replaying proof Cell[Cell::footprint()].JML accessible clause.0 
9318       DEBUG main            d.u.i.k.p.i.IntermediateProofReplayer Proof replay took 34.5ns 
9958       INFO  main            d.u.i.k.p.r.p.TestFile    ... finished proof: closed. 
10067      INFO  main            d.u.i.k.p.i.AbstractProblemLoader Loading environment from /home/runner/work/key/key/key.core/../key.ui/examples/heap/model_methods/Cell_footprint_acc.key.proof 
10067      DEBUG main            d.u.i.k.p.i.AbstractProblemLoader Environment load took 381.61ns 
10069      INFO  main            d.u.i.k.p.i.AbstractProblemLoader Creating init config 
13266      DEBUG main            d.u.i.k.p.i.AbstractProblemLoader Init config took 3.2s 
13362      INFO  main            d.u.i.k.p.i.AbstractProblemLoader Replaying proof Cell[Cell::footprint()].JML accessible clause.0 
13408      DEBUG main            d.u.i.k.p.i.IntermediateProofReplayer Proof replay took 41.49ms 
13416      DEBUG main            d.u.i.k.p.r.p.TestFile    ... success: reloaded. 
13417      INFO  main            d.u.i.k.p.r.p.TestFile    Now processing file /home/runner/work/key/key/key.core/../key.ui/examples/heap/model_methods/Cell_footprint.key 
13418      INFO  main            d.u.i.k.p.i.AbstractProblemLoader Loading environment from /home/runner/work/key/key/key.core/../key.ui/examples/heap/model_methods/Cell_footprint.key 
13418      DEBUG main            d.u.i.k.p.i.AbstractProblemLoader Environment load took 194.7ns 
13420      INFO  main            d.u.i.k.p.i.AbstractProblemLoader Creating init config 
16665      DEBUG main            d.u.i.k.p.i.AbstractProblemLoader Init config took 3.25s 
16738      INFO  main            d.u.i.k.p.i.AbstractProblemLoader Replaying proof Cell[Cell::footprint()].JML model_behavior operation contract.0 
16741      DEBUG main            d.u.i.k.p.i.IntermediateProofReplayer Proof replay took 5.6ns 
16843      INFO  main            d.u.i.k.p.r.p.TestFile    ... finished proof: closed. 
16986      INFO  main            d.u.i.k.p.i.AbstractProblemLoader Loading environment from /home/runner/work/key/key/key.core/../key.ui/examples/heap/model_methods/Cell_footprint.key.proof 
16988      DEBUG main            d.u.i.k.p.i.AbstractProblemLoader Environment load took 2.16ms 
16990      INFO  main            d.u.i.k.p.i.AbstractProblemLoader Creating init config 
19982      DEBUG main            d.u.i.k.p.i.AbstractProblemLoader Init config took 2.99s 
20042      INFO  main            d.u.i.k.p.i.AbstractProblemLoader Replaying proof Cell[Cell::footprint()].JML model_behavior operation contract.0 
20053      DEBUG main            d.u.i.k.p.i.IntermediateProofReplayer Proof replay took 8.41ms 
20054      DEBUG main            d.u.i.k.p.r.p.TestFile    ... success: reloaded. 
20056      INFO  main            d.u.i.k.p.r.p.TestFile    Now processing file /home/runner/work/key/key/key.core/../key.ui/examples/heap/model_methods/Cell_get_acc.key 
20056      INFO  main            d.u.i.k.p.i.AbstractProblemLoader Loading environment from /home/runner/work/key/key/key.core/../key.ui/examples/heap/model_methods/Cell_get_acc.key 
20056      DEBUG main            d.u.i.k.p.i.AbstractProblemLoader Environment load took 202.8ns 
20057      INFO  main            d.u.i.k.p.i.AbstractProblemLoader Creating init config 
23045      DEBUG main            d.u.i.k.p.i.AbstractProblemLoader Init config took 2.99s 
23099      INFO  main            d.u.i.k.p.i.AbstractProblemLoader Replaying proof Cell[Cell::get()].JML accessible clause.0 
23102      DEBUG main            d.u.i.k.p.i.IntermediateProofReplayer Proof replay took 5.9ns 
23311      INFO  main            d.u.i.k.p.r.p.TestFile    ... finished proof: closed. 
23481      INFO  main            d.u.i.k.p.i.AbstractProblemLoader Loading environment from /home/runner/work/key/key/key.core/../key.ui/examples/heap/model_methods/Cell_get_acc.key.proof 
23482      DEBUG main            d.u.i.k.p.i.AbstractProblemLoader Environment load took 596.11ns 
23483      INFO  main            d.u.i.k.p.i.AbstractProblemLoader Creating init config 
26341      DEBUG main            d.u.i.k.p.i.AbstractProblemLoader Init config took 2.86s 
26398      INFO  main            d.u.i.k.p.i.AbstractProblemLoader Replaying proof Cell[Cell::get()].JML accessible clause.0 
26443      DEBUG main            d.u.i.k.p.i.IntermediateProofReplayer Proof replay took 41.59ms 
26444      DEBUG main            d.u.i.k.p.r.p.TestFile    ... success: reloaded. 
26446      INFO  main            d.u.i.k.p.r.p.TestFile    Now processing file /home/runner/work/key/key/key.core/../key.ui/examples/heap/model_methods/Cell_get.key 
26446      INFO  main            d.u.i.k.p.i.AbstractProblemLoader Loading environment from /home/runner/work/key/key/key.core/../key.ui/examples/heap/model_methods/Cell_get.key 
26446      DEBUG main            d.u.i.k.p.i.AbstractProblemLoader Environment load took 383.61ns 
26447      INFO  main            d.u.i.k.p.i.AbstractProblemLoader Creating init config 
29448      DEBUG main            d.u.i.k.p.i.AbstractProblemLoader Init config took 3s 
29510      INFO  main            d.u.i.k.p.i.AbstractProblemLoader Replaying proof Cell[Cell::get()].JML operation contract.0 
29513      DEBUG main            d.u.i.k.p.i.IntermediateProofReplayer Proof replay took 5.7ns 
29615      INFO  main            d.u.i.k.p.r.p.TestFile    ... finished proof: closed. 
29776      INFO  main            d.u.i.k.p.i.AbstractProblemLoader Loading environment from /home/runner/work/key/key/key.core/../key.ui/examples/heap/model_methods/Cell_get.key.proof 
29776      DEBUG main            d.u.i.k.p.i.AbstractProblemLoader Environment load took 126.4ns 
29777      INFO  main            d.u.i.k.p.i.AbstractProblemLoader Creating init config 
32682      DEBUG main            d.u.i.k.p.i.AbstractProblemLoader Init config took 2.91s 
32735      INFO  main            d.u.i.k.p.i.AbstractProblemLoader Replaying proof Cell[Cell::get()].JML operation contract.0 
32755      DEBUG main            d.u.i.k.p.i.IntermediateProofReplayer Proof replay took 17.67ms 
32757      DEBUG main            d.u.i.k.p.r.p.TestFile    ... success: reloaded. 
32758      INFO  main            d.u.i.k.p.r.p.TestFile    Now processing file /home/runner/work/key/key/key.core/../key.ui/examples/heap/model_methods/Cell_post_set.key 
32758      INFO  main            d.u.i.k.p.i.AbstractProblemLoader Loading environment from /home/runner/work/key/key/key.core/../key.ui/examples/heap/model_methods/Cell_post_set.key 
32758      DEBUG main            d.u.i.k.p.i.AbstractProblemLoader Environment load took 194ns 
32759      INFO  main            d.u.i.k.p.i.AbstractProblemLoader Creating init config 
35634      DEBUG main            d.u.i.k.p.i.AbstractProblemLoader Init config took 2.87s 
35700      INFO  main            d.u.i.k.p.i.AbstractProblemLoader Replaying proof Cell[Cell::post_set(int)].JML model_behavior operation contract.0 
35702      DEBUG main            d.u.i.k.p.i.IntermediateProofReplayer Proof replay took 6.1ns 
35807      INFO  main            d.u.i.k.p.r.p.TestFile    ... finished proof: closed. 
35993      INFO  main            d.u.i.k.p.i.AbstractProblemLoader Loading environment from /home/runner/work/key/key/key.core/../key.ui/examples/heap/model_methods/Cell_post_set.key.proof 
35993      DEBUG main            d.u.i.k.p.i.AbstractProblemLoader Environment load took 142.4ns 
35994      INFO  main            d.u.i.k.p.i.AbstractProblemLoader Creating init config 
38840      DEBUG main            d.u.i.k.p.i.AbstractProblemLoader Init config took 2.85s 
38894      INFO  main            d.u.i.k.p.i.AbstractProblemLoader Replaying proof Cell[Cell::post_set(int)].JML model_behavior operation contract.0 
38901      DEBUG main            d.u.i.k.p.i.IntermediateProofReplayer Proof replay took 5.05ms 
38902      DEBUG main            d.u.i.k.p.r.p.TestFile    ... success: reloaded. 
38903      INFO  main            d.u.i.k.p.r.p.TestFile    Now processing file /home/runner/work/key/key/key.core/../key.ui/examples/heap/model_methods/Cell_set.key 
38903      INFO  main            d.u.i.k.p.i.AbstractProblemLoader Loading environment from /home/runner/work/key/key/key.core/../key.ui/examples/heap/model_methods/Cell_set.key 
38904      DEBUG main            d.u.i.k.p.i.AbstractProblemLoader Environment load took 208ns 
38905      INFO  main            d.u.i.k.p.i.AbstractProblemLoader Creating init config 
41786      DEBUG main            d.u.i.k.p.i.AbstractProblemLoader Init config took 2.88s 
41834      INFO  main            d.u.i.k.p.i.AbstractProblemLoader Replaying proof Cell[Cell::set(int)].JML operation contract.0 
41836      DEBUG main            d.u.i.k.p.i.IntermediateProofReplayer Proof replay took 6.5ns 
49125      INFO  main            d.u.i.k.p.r.p.TestFile    ... finished proof: closed. 
49459      INFO  main            d.u.i.k.p.i.AbstractProblemLoader Loading environment from /home/runner/work/key/key/key.core/../key.ui/examples/heap/model_methods/Cell_set.key.proof 
49459      DEBUG main            d.u.i.k.p.i.AbstractProblemLoader Environment load took 382.31ns 
49461      INFO  main            d.u.i.k.p.i.AbstractProblemLoader Creating init config 
52239      DEBUG main            d.u.i.k.p.i.AbstractProblemLoader Init config took 2.78s 
52311      INFO  main            d.u.i.k.p.i.AbstractProblemLoader Replaying proof Cell[Cell::set(int)].JML operation contract.0 
53099      DEBUG main            d.u.i.k.p.i.IntermediateProofReplayer Proof replay took 770.8ms 
53100      DEBUG main            d.u.i.k.p.r.p.TestFile    ... success: reloaded. 
53102      INFO  main            d.u.i.k.p.r.p.TestFile    Now processing file /home/runner/work/key/key/key.core/../key.ui/examples/heap/model_methods/CellTest_callSet.key 
53103      INFO  main            d.u.i.k.p.i.AbstractProblemLoader Loading environment from /home/runner/work/key/key/key.core/../key.ui/examples/heap/model_methods/CellTest_callSet.key 
53103      DEBUG main            d.u.i.k.p.i.AbstractProblemLoader Environment load took 202.1ns 
53104      INFO  main            d.u.i.k.p.i.AbstractProblemLoader Creating init config 
56019      DEBUG main            d.u.i.k.p.i.AbstractProblemLoader Init config took 2.91s 
56068      INFO  main            d.u.i.k.p.i.AbstractProblemLoader Replaying proof CellTest[CellTest::callSet(Cell,int)].JML operation contract.0 
56070      DEBUG main            d.u.i.k.p.i.IntermediateProofReplayer Proof replay took 7.1ns 
56373      INFO  main            d.u.i.k.p.r.p.TestFile    ... finished proof: closed. 
56616      INFO  main            d.u.i.k.p.i.AbstractProblemLoader Loading environment from /home/runner/work/key/key/key.core/../key.ui/examples/heap/model_methods/CellTest_callSet.key.proof 
56616      DEBUG main            d.u.i.k.p.i.AbstractProblemLoader Environment load took 136.6ns 
56617      INFO  main            d.u.i.k.p.i.AbstractProblemLoader Creating init config 
59418      DEBUG main            d.u.i.k.p.i.AbstractProblemLoader Init config took 2.8s 
59470      INFO  main            d.u.i.k.p.i.AbstractProblemLoader Replaying proof CellTest[CellTest::callSet(Cell,int)].JML operation contract.0 
59526      DEBUG main            d.u.i.k.p.i.IntermediateProofReplayer Proof replay took 53.65ms 
59527      DEBUG main            d.u.i.k.p.r.p.TestFile    ... success: reloaded. 
59528      INFO  main            d.u.i.k.p.r.p.TestFile    Now processing file /home/runner/work/key/key/key.core/../key.ui/examples/heap/model_methods/CellTest_test2.key 
59529      INFO  main            d.u.i.k.p.i.AbstractProblemLoader Loading environment from /home/runner/work/key/key/key.core/../key.ui/examples/heap/model_methods/CellTest_test2.key 
59529      DEBUG main            d.u.i.k.p.i.AbstractProblemLoader Environment load took 110.5ns 
59530      INFO  main            d.u.i.k.p.i.AbstractProblemLoader Creating init config 
62458      DEBUG main            d.u.i.k.p.i.AbstractProblemLoader Init config took 2.93s 
62510      INFO  main            d.u.i.k.p.i.AbstractProblemLoader Replaying proof CellTest[CellTest::test2(Cell)].JML operation contract.0 
62512      DEBUG main            d.u.i.k.p.i.IntermediateProofReplayer Proof replay took 7.1ns 
62916      INFO  main            d.u.i.k.p.r.p.TestFile    ... finished proof: closed. 
63181      INFO  main            d.u.i.k.p.i.AbstractProblemLoader Loading environment from /home/runner/work/key/key/key.core/../key.ui/examples/heap/model_methods/CellTest_test2.key.proof 
63182      DEBUG main            d.u.i.k.p.i.AbstractProblemLoader Environment load took 381.1ns 
63183      INFO  main            d.u.i.k.p.i.AbstractProblemLoader Creating init config 
66101      DEBUG main            d.u.i.k.p.i.AbstractProblemLoader Init config took 2.92s 
66167      INFO  main            d.u.i.k.p.i.AbstractProblemLoader Replaying proof CellTest[CellTest::test2(Cell)].JML operation contract.0 
66276      DEBUG main            d.u.i.k.p.i.IntermediateProofReplayer Proof replay took 104.23ms 
66278      DEBUG main            d.u.i.k.p.r.p.TestFile    ... success: reloaded. 
66279      INFO  main            d.u.i.k.p.r.p.TestFile    Now processing file /home/runner/work/key/key/key.core/../key.ui/examples/heap/model_methods/CellTest_test.key 
66282      INFO  main            d.u.i.k.p.i.AbstractProblemLoader Loading environment from /home/runner/work/key/key/key.core/../key.ui/examples/heap/model_methods/CellTest_test.key 
66282      DEBUG main            d.u.i.k.p.i.AbstractProblemLoader Environment load took 255.2ns 
66283      INFO  main            d.u.i.k.p.i.AbstractProblemLoader Creating init config 
69188      DEBUG main            d.u.i.k.p.i.AbstractProblemLoader Init config took 2.9s 
69234      INFO  main            d.u.i.k.p.i.AbstractProblemLoader Replaying proof CellTest[CellTest::test(Recell)].JML operation contract.0 
69236      DEBUG main            d.u.i.k.p.i.IntermediateProofReplayer Proof replay took 6.7ns 
72381      INFO  main            d.u.i.k.p.r.p.TestFile    ... finished proof: closed. 
72630      INFO  main            d.u.i.k.p.i.AbstractProblemLoader Loading environment from /home/runner/work/key/key/key.core/../key.ui/examples/heap/model_methods/CellTest_test.key.proof 
72632      DEBUG main            d.u.i.k.p.i.AbstractProblemLoader Environment load took 2.18ms 
72634      INFO  main            d.u.i.k.p.i.AbstractProblemLoader Creating init config 
75582      DEBUG main            d.u.i.k.p.i.AbstractProblemLoader Init config took 2.95s 
75631      INFO  main            d.u.i.k.p.i.AbstractProblemLoader Replaying proof CellTest[CellTest::test(Recell)].JML operation contract.0 
76340      DEBUG main            d.u.i.k.p.i.IntermediateProofReplayer Proof replay took 688.88ms 
76341      DEBUG main            d.u.i.k.p.r.p.TestFile    ... success: reloaded. 
76343      INFO  main            d.u.i.k.p.r.p.TestFile    Now processing file /home/runner/work/key/key/key.core/../key.ui/examples/heap/model_methods/Coll1_add.key 
76343      INFO  main            d.u.i.k.p.i.AbstractProblemLoader Loading environment from /home/runner/work/key/key/key.core/../key.ui/examples/heap/model_methods/Coll1_add.key 
76343      DEBUG main            d.u.i.k.p.i.AbstractProblemLoader Environment load took 184.6ns 
76344      INFO  main            d.u.i.k.p.i.AbstractProblemLoader Creating init config 
79363      DEBUG main            d.u.i.k.p.i.AbstractProblemLoader Init config took 3.02s 
79417      INFO  main            d.u.i.k.p.i.AbstractProblemLoader Replaying proof Coll1[Coll::add(int)].JML operation contract.0 
79419      DEBUG main            d.u.i.k.p.i.IntermediateProofReplayer Proof replay took 6.7ns 
79523      INFO  main            d.u.i.k.p.r.p.TestFile    ... finished proof: closed. 
79743      INFO  main            d.u.i.k.p.i.AbstractProblemLoader Loading environment from /home/runner/work/key/key/key.core/../key.ui/examples/heap/model_methods/Coll1_add.key.proof 
79744      DEBUG main            d.u.i.k.p.i.AbstractProblemLoader Environment load took 289.6ns 
79745      INFO  main            d.u.i.k.p.i.AbstractProblemLoader Creating init config 
82733      DEBUG main            d.u.i.k.p.i.AbstractProblemLoader Init config took 2.99s 
82794      INFO  main            d.u.i.k.p.i.AbstractProblemLoader Replaying proof Coll1[Coll::add(int)].JML operation contract.0 
82805      DEBUG main            d.u.i.k.p.i.IntermediateProofReplayer Proof replay took 9.45ms 
82806      DEBUG main            d.u.i.k.p.r.p.TestFile    ... success: reloaded. 
82807      INFO  main            d.u.i.k.p.r.p.TestFile    Now processing file /home/runner/work/key/key/key.core/../key.ui/examples/heap/model_methods/Coll1_Coll1_add_pre.key 
82807      INFO  main            d.u.i.k.p.i.AbstractProblemLoader Loading environment from /home/runner/work/key/key/key.core/../key.ui/examples/heap/model_methods/Coll1_Coll1_add_pre.key 
82808      DEBUG main            d.u.i.k.p.i.AbstractProblemLoader Environment load took 112.4ns 
82809      INFO  main            d.u.i.k.p.i.AbstractProblemLoader Creating init config 
85761      DEBUG main            d.u.i.k.p.i.AbstractProblemLoader Init config took 2.95s 
85809      INFO  main            d.u.i.k.p.i.AbstractProblemLoader Replaying proof Coll1[Coll1::add_pre(int)].JML model_behavior operation contract.0 
85811      DEBUG main            d.u.i.k.p.i.IntermediateProofReplayer Proof replay took 7.1ns 
85913      INFO  main            d.u.i.k.p.r.p.TestFile    ... finished proof: closed. 
86215      INFO  main            d.u.i.k.p.i.AbstractProblemLoader Loading environment from /home/runner/work/key/key/key.core/../key.ui/examples/heap/model_methods/Coll1_Coll1_add_pre.key.proof 
86216      DEBUG main            d.u.i.k.p.i.AbstractProblemLoader Environment load took 125.5ns 
86217      INFO  main            d.u.i.k.p.i.AbstractProblemLoader Creating init config 
89213      DEBUG main            d.u.i.k.p.i.AbstractProblemLoader Init config took 3s 
89261      INFO  main            d.u.i.k.p.i.AbstractProblemLoader Replaying proof Coll1[Coll1::add_pre(int)].JML model_behavior operation contract.0 
89264      DEBUG main            d.u.i.k.p.i.IntermediateProofReplayer Proof replay took 1.64ms 
89265      DEBUG main            d.u.i.k.p.r.p.TestFile    ... success: reloaded. 
89266      INFO  main            d.u.i.k.p.r.p.TestFile    Now processing file /home/runner/work/key/key/key.core/../key.ui/examples/heap/model_methods/Coll1_Coll_add_pre.key 
89267      INFO  main            d.u.i.k.p.i.AbstractProblemLoader Loading environment from /home/runner/work/key/key/key.core/../key.ui/examples/heap/model_methods/Coll1_Coll_add_pre.key 
89267      DEBUG main            d.u.i.k.p.i.AbstractProblemLoader Environment load took 97.2ns 
89268      INFO  main            d.u.i.k.p.i.AbstractProblemLoader Creating init config 
92270      DEBUG main            d.u.i.k.p.i.AbstractProblemLoader Init config took 3s 
92328      INFO  main            d.u.i.k.p.i.AbstractProblemLoader Replaying proof Coll1[Coll::add_pre(int)].JML model_behavior operation contract.0 
92330      DEBUG main            d.u.i.k.p.i.IntermediateProofReplayer Proof replay took 7.3ns 
92435      INFO  main            d.u.i.k.p.r.p.TestFile    ... finished proof: closed. 
92689      INFO  main            d.u.i.k.p.i.AbstractProblemLoader Loading environment from /home/runner/work/key/key/key.core/../key.ui/examples/heap/model_methods/Coll1_Coll_add_pre.key.proof 
92689      DEBUG main            d.u.i.k.p.i.AbstractProblemLoader Environment load took 137.7ns 
92690      INFO  main            d.u.i.k.p.i.AbstractProblemLoader Creating init config 
95595      DEBUG main            d.u.i.k.p.i.AbstractProblemLoader Init config took 2.9s 
95644      INFO  main            d.u.i.k.p.i.AbstractProblemLoader Replaying proof Coll1[Coll::add_pre(int)].JML model_behavior operation contract.0 
95649      DEBUG main            d.u.i.k.p.i.IntermediateProofReplayer Proof replay took 2.63ms 
95650      DEBUG main            d.u.i.k.p.r.p.TestFile    ... success: reloaded. 
95651      INFO  main            d.u.i.k.p.r.p.TestFile    Now processing file /home/runner/work/key/key/key.core/../key.ui/examples/heap/model_methods/Coll2_add.key 
95651      INFO  main            d.u.i.k.p.i.AbstractProblemLoader Loading environment from /home/runner/work/key/key/key.core/../key.ui/examples/heap/model_methods/Coll2_add.key 
95651      DEBUG main            d.u.i.k.p.i.AbstractProblemLoader Environment load took 99.7ns 
95652      INFO  main            d.u.i.k.p.i.AbstractProblemLoader Creating init config 
98689      DEBUG main            d.u.i.k.p.i.AbstractProblemLoader Init config took 3.04s 
98736      INFO  main            d.u.i.k.p.i.AbstractProblemLoader Replaying proof Coll2[Coll::add(int)].JML operation contract.0 
98738      DEBUG main            d.u.i.k.p.i.IntermediateProofReplayer Proof replay took 7.7ns 
98840      INFO  main            d.u.i.k.p.r.p.TestFile    ... finished proof: closed. 
99071      INFO  main            d.u.i.k.p.i.AbstractProblemLoader Loading environment from /home/runner/work/key/key/key.core/../key.ui/examples/heap/model_methods/Coll2_add.key.proof 
99071      DEBUG main            d.u.i.k.p.i.AbstractProblemLoader Environment load took 115.6ns 
99072      INFO  main            d.u.i.k.p.i.AbstractProblemLoader Creating init config 
101995     DEBUG main            d.u.i.k.p.i.AbstractProblemLoader Init config took 2.92s 
102050     INFO  main            d.u.i.k.p.i.AbstractProblemLoader Replaying proof Coll2[Coll::add(int)].JML operation contract.0 
102069     DEBUG main            d.u.i.k.p.i.IntermediateProofReplayer Proof replay took 14.96ms 
102070     DEBUG main            d.u.i.k.p.r.p.TestFile    ... success: reloaded. 
102071     INFO  main            d.u.i.k.p.r.p.TestFile    Now processing file /home/runner/work/key/key/key.core/../key.ui/examples/heap/model_methods/Coll2_Coll2_add_pre.key 
102071     INFO  main            d.u.i.k.p.i.AbstractProblemLoader Loading environment from /home/runner/work/key/key/key.core/../key.ui/examples/heap/model_methods/Coll2_Coll2_add_pre.key 
102071     DEBUG main            d.u.i.k.p.i.AbstractProblemLoader Environment load took 118.4ns 
102073     INFO  main            d.u.i.k.p.i.AbstractProblemLoader Creating init config 
105073     DEBUG main            d.u.i.k.p.i.AbstractProblemLoader Init config took 3s 
105123     INFO  main            d.u.i.k.p.i.AbstractProblemLoader Replaying proof Coll2[Coll2::add_pre(int)].JML model_behavior operation contract.0 
105125     DEBUG main            d.u.i.k.p.i.IntermediateProofReplayer Proof replay took 7.1ns 
105227     INFO  main            d.u.i.k.p.r.p.TestFile    ... finished proof: closed. 
105465     INFO  main            d.u.i.k.p.i.AbstractProblemLoader Loading environment from /home/runner/work/key/key/key.core/../key.ui/examples/heap/model_methods/Coll2_Coll2_add_pre.key.proof 
105465     DEBUG main            d.u.i.k.p.i.AbstractProblemLoader Environment load took 120.7ns 
105466     INFO  main            d.u.i.k.p.i.AbstractProblemLoader Creating init config 
108423     DEBUG main            d.u.i.k.p.i.AbstractProblemLoader Init config took 2.96s 
108471     INFO  main            d.u.i.k.p.i.AbstractProblemLoader Replaying proof Coll2[Coll2::add_pre(int)].JML model_behavior operation contract.0 
108476     DEBUG main            d.u.i.k.p.i.IntermediateProofReplayer Proof replay took 1.86ms 
108477     DEBUG main            d.u.i.k.p.r.p.TestFile    ... success: reloaded. 
108478     INFO  main            d.u.i.k.p.r.p.TestFile    Now processing file /home/runner/work/key/key/key.core/../key.ui/examples/heap/model_methods/Coll2_Coll_add_pre.key 
108479     INFO  main            d.u.i.k.p.i.AbstractProblemLoader Loading environment from /home/runner/work/key/key/key.core/../key.ui/examples/heap/model_methods/Coll2_Coll_add_pre.key 
108479     DEBUG main            d.u.i.k.p.i.AbstractProblemLoader Environment load took 212.2ns 
108480     INFO  main            d.u.i.k.p.i.AbstractProblemLoader Creating init config 
111461     DEBUG main            d.u.i.k.p.i.AbstractProblemLoader Init config took 2.98s 
111504     INFO  main            d.u.i.k.p.i.AbstractProblemLoader Replaying proof Coll2[Coll::add_pre(int)].JML model_behavior operation contract.0 
111505     DEBUG main            d.u.i.k.p.i.IntermediateProofReplayer Proof replay took 6.8ns 
111607     INFO  main            d.u.i.k.p.r.p.TestFile    ... finished proof: closed. 
111871     INFO  main            d.u.i.k.p.i.AbstractProblemLoader Loading environment from /home/runner/work/key/key/key.core/../key.ui/examples/heap/model_methods/Coll2_Coll_add_pre.key.proof 
111871     DEBUG main            d.u.i.k.p.i.AbstractProblemLoader Environment load took 120.2ns 
111872     INFO  main            d.u.i.k.p.i.AbstractProblemLoader Creating init config 
114816     DEBUG main            d.u.i.k.p.i.AbstractProblemLoader Init config took 2.94s 
114861     INFO  main            d.u.i.k.p.i.AbstractProblemLoader Replaying proof Coll2[Coll::add_pre(int)].JML model_behavior operation contract.0 
114865     DEBUG main            d.u.i.k.p.i.IntermediateProofReplayer Proof replay took 2.59ms 
114866     DEBUG main            d.u.i.k.p.r.p.TestFile    ... success: reloaded. 
114867     INFO  main            d.u.i.k.p.r.p.TestFile    Now processing file /home/runner/work/key/key/key.core/../key.ui/examples/heap/model_methods/Coll_add.key 
114868     INFO  main            d.u.i.k.p.i.AbstractProblemLoader Loading environment from /home/runner/work/key/key/key.core/../key.ui/examples/heap/model_methods/Coll_add.key 
114868     DEBUG main            d.u.i.k.p.i.AbstractProblemLoader Environment load took 105.7ns 
114869     INFO  main            d.u.i.k.p.i.AbstractProblemLoader Creating init config 
117903     DEBUG main            d.u.i.k.p.i.AbstractProblemLoader Init config took 3.03s 
117948     INFO  main            d.u.i.k.p.i.AbstractProblemLoader Replaying proof Coll[Coll::add(int)].JML operation contract.0 
117950     DEBUG main            d.u.i.k.p.i.IntermediateProofReplayer Proof replay took 7.7ns 
118052     INFO  main            d.u.i.k.p.r.p.TestFile    ... finished proof: closed. 
118311     INFO  main            d.u.i.k.p.i.AbstractProblemLoader Loading environment from /home/runner/work/key/key/key.core/../key.ui/examples/heap/model_methods/Coll_add.key.proof 
118312     DEBUG main            d.u.i.k.p.i.AbstractProblemLoader Environment load took 143.7ns 
118315     INFO  main            d.u.i.k.p.i.AbstractProblemLoader Creating init config 
121270     DEBUG main            d.u.i.k.p.i.AbstractProblemLoader Init config took 2.96s 
121317     INFO  main            d.u.i.k.p.i.AbstractProblemLoader Replaying proof Coll[Coll::add(int)].JML operation contract.0 
121322     DEBUG main            d.u.i.k.p.i.IntermediateProofReplayer Proof replay took 2.89ms 
121323     DEBUG main            d.u.i.k.p.r.p.TestFile    ... success: reloaded. 
121324     INFO  main            d.u.i.k.p.r.p.TestFile    Now processing file /home/runner/work/key/key/key.core/../key.ui/examples/heap/model_methods/Coll_add_pre.key 
121325     INFO  main            d.u.i.k.p.i.AbstractProblemLoader Loading environment from /home/runner/work/key/key/key.core/../key.ui/examples/heap/model_methods/Coll_add_pre.key 
121325     DEBUG main            d.u.i.k.p.i.AbstractProblemLoader Environment load took 206.3ns 
121326     INFO  main            d.u.i.k.p.i.AbstractProblemLoader Creating init config 
124374     DEBUG main            d.u.i.k.p.i.AbstractProblemLoader Init config took 3.05s 
124422     INFO  main            d.u.i.k.p.i.AbstractProblemLoader Replaying proof Coll[Coll::add_pre(int)].JML model_behavior operation contract.0 
124424     DEBUG main            d.u.i.k.p.i.IntermediateProofReplayer Proof replay took 7.9ns 
124526     INFO  main            d.u.i.k.p.r.p.TestFile    ... finished proof: closed. 
124786     INFO  main            d.u.i.k.p.i.AbstractProblemLoader Loading environment from /home/runner/work/key/key/key.core/../key.ui/examples/heap/model_methods/Coll_add_pre.key.proof 
124786     DEBUG main            d.u.i.k.p.i.AbstractProblemLoader Environment load took 295.1ns 
124787     INFO  main            d.u.i.k.p.i.AbstractProblemLoader Creating init config 
127767     DEBUG main            d.u.i.k.p.i.AbstractProblemLoader Init config took 2.98s 
127812     INFO  main            d.u.i.k.p.i.AbstractProblemLoader Replaying proof Coll[Coll::add_pre(int)].JML model_behavior operation contract.0 
127817     DEBUG main            d.u.i.k.p.i.IntermediateProofReplayer Proof replay took 3.08ms 
127818     DEBUG main            d.u.i.k.p.r.p.TestFile    ... success: reloaded. 
127819     INFO  main            d.u.i.k.p.r.p.TestFile    Now processing file /home/runner/work/key/key/key.core/../key.ui/examples/heap/model_methods/Indirect_callAdd.key 
127819     INFO  main            d.u.i.k.p.i.AbstractProblemLoader Loading environment from /home/runner/work/key/key/key.core/../key.ui/examples/heap/model_methods/Indirect_callAdd.key 
127820     DEBUG main            d.u.i.k.p.i.AbstractProblemLoader Environment load took 112.6ns 
127821     INFO  main            d.u.i.k.p.i.AbstractProblemLoader Creating init config 
130820     DEBUG main            d.u.i.k.p.i.AbstractProblemLoader Init config took 3s 
130863     INFO  main            d.u.i.k.p.i.AbstractProblemLoader Replaying proof Indirect[Indirect::callAdd(Coll,int)].JML operation contract.0 
130864     DEBUG main            d.u.i.k.p.i.IntermediateProofReplayer Proof replay took 7.1ns 
130967     INFO  main            d.u.i.k.p.r.p.TestFile    ... finished proof: closed. 
131264     INFO  main            d.u.i.k.p.i.AbstractProblemLoader Loading environment from /home/runner/work/key/key/key.core/../key.ui/examples/heap/model_methods/Indirect_callAdd.key.proof 
131264     DEBUG main            d.u.i.k.p.i.AbstractProblemLoader Environment load took 118.6ns 
131265     INFO  main            d.u.i.k.p.i.AbstractProblemLoader Creating init config 
134175     DEBUG main            d.u.i.k.p.i.AbstractProblemLoader Init config took 2.91s 
134244     INFO  main            d.u.i.k.p.i.AbstractProblemLoader Replaying proof Indirect[Indirect::callAdd(Coll,int)].JML operation contract.0 
134281     DEBUG main            d.u.i.k.p.i.IntermediateProofReplayer Proof replay took 33.25ms 
134282     DEBUG main            d.u.i.k.p.r.p.TestFile    ... success: reloaded. 
134285     INFO  main            d.u.i.k.p.r.p.TestFile    Now processing file /home/runner/work/key/key/key.core/../key.ui/examples/heap/model_methods/Indirect_test.key 
134285     INFO  main            d.u.i.k.p.i.AbstractProblemLoader Loading environment from /home/runner/work/key/key/key.core/../key.ui/examples/heap/model_methods/Indirect_test.key 
134285     DEBUG main            d.u.i.k.p.i.AbstractProblemLoader Environment load took 71.9ns 
134286     INFO  main            d.u.i.k.p.i.AbstractProblemLoader Creating init config 
137327     DEBUG main            d.u.i.k.p.i.AbstractProblemLoader Init config took 3.04s 
137372     INFO  main            d.u.i.k.p.i.AbstractProblemLoader Replaying proof Indirect[Indirect::test(Coll1,Coll2)].JML operation contract.0 
137374     DEBUG main            d.u.i.k.p.i.IntermediateProofReplayer Proof replay took 7.1ns 
137680     INFO  main            d.u.i.k.p.r.p.TestFile    ... finished proof: closed. 
137974     INFO  main            d.u.i.k.p.i.AbstractProblemLoader Loading environment from /home/runner/work/key/key/key.core/../key.ui/examples/heap/model_methods/Indirect_test.key.proof 
137974     DEBUG main            d.u.i.k.p.i.AbstractProblemLoader Environment load took 151.7ns 
137975     INFO  main            d.u.i.k.p.i.AbstractProblemLoader Creating init config 
140844     DEBUG main            d.u.i.k.p.i.AbstractProblemLoader Init config took 2.87s 
140890     INFO  main            d.u.i.k.p.i.AbstractProblemLoader Replaying proof Indirect[Indirect::test(Coll1,Coll2)].JML operation contract.0 
140964     DEBUG main            d.u.i.k.p.i.IntermediateProofReplayer Proof replay took 70.1ms 
140965     DEBUG main            d.u.i.k.p.r.p.TestFile    ... success: reloaded. 
140966     INFO  main            d.u.i.k.p.r.p.TestFile    Now processing file /home/runner/work/key/key/key.core/../key.ui/examples/heap/model_methods/Recell_Cell_footprint.key 
140967     INFO  main            d.u.i.k.p.i.AbstractProblemLoader Loading environment from /home/runner/work/key/key/key.core/../key.ui/examples/heap/model_methods/Recell_Cell_footprint.key 
140967     DEBUG main            d.u.i.k.p.i.AbstractProblemLoader Environment load took 111.6ns 
140968     INFO  main            d.u.i.k.p.i.AbstractProblemLoader Creating init config 
143990     DEBUG main            d.u.i.k.p.i.AbstractProblemLoader Init config took 3.02s 
144033     INFO  main            d.u.i.k.p.i.AbstractProblemLoader Replaying proof Recell[Cell::footprint()].JML model_behavior operation contract.0 
144035     DEBUG main            d.u.i.k.p.i.IntermediateProofReplayer Proof replay took 6.9ns 
144137     INFO  main            d.u.i.k.p.r.p.TestFile    ... finished proof: closed. 
144420     INFO  main            d.u.i.k.p.i.AbstractProblemLoader Loading environment from /home/runner/work/key/key/key.core/../key.ui/examples/heap/model_methods/Recell_Cell_footprint.key.proof 
144420     DEBUG main            d.u.i.k.p.i.AbstractProblemLoader Environment load took 119ns 
144421     INFO  main            d.u.i.k.p.i.AbstractProblemLoader Creating init config 
147320     DEBUG main            d.u.i.k.p.i.AbstractProblemLoader Init config took 2.9s 
147362     INFO  main            d.u.i.k.p.i.AbstractProblemLoader Replaying proof Recell[Cell::footprint()].JML model_behavior operation contract.0 
147367     DEBUG main            d.u.i.k.p.i.IntermediateProofReplayer Proof replay took 3.33ms 
147368     DEBUG main            d.u.i.k.p.r.p.TestFile    ... success: reloaded. 
147369     INFO  main            d.u.i.k.p.r.p.TestFile    Now processing file /home/runner/work/key/key/key.core/../key.ui/examples/heap/model_methods/Recell_Cell_post_set.key 
147369     INFO  main            d.u.i.k.p.i.AbstractProblemLoader Loading environment from /home/runner/work/key/key/key.core/../key.ui/examples/heap/model_methods/Recell_Cell_post_set.key 
147369     DEBUG main            d.u.i.k.p.i.AbstractProblemLoader Environment load took 73.2ns 
147370     INFO  main            d.u.i.k.p.i.AbstractProblemLoader Creating init config 
150440     DEBUG main            d.u.i.k.p.i.AbstractProblemLoader Init config took 3.07s 
150482     INFO  main            d.u.i.k.p.i.AbstractProblemLoader Replaying proof Recell[Cell::post_set(int)].JML model_behavior operation contract.0 
150483     DEBUG main            d.u.i.k.p.i.IntermediateProofReplayer Proof replay took 8.7ns 
150585     INFO  main            d.u.i.k.p.r.p.TestFile    ... finished proof: closed. 
150872     INFO  main            d.u.i.k.p.i.AbstractProblemLoader Loading environment from /home/runner/work/key/key/key.core/../key.ui/examples/heap/model_methods/Recell_Cell_post_set.key.proof 
150872     DEBUG main            d.u.i.k.p.i.AbstractProblemLoader Environment load took 124.9ns 
150873     INFO  main            d.u.i.k.p.i.AbstractProblemLoader Creating init config 
153853     DEBUG main            d.u.i.k.p.i.AbstractProblemLoader Init config took 2.98s 
153896     INFO  main            d.u.i.k.p.i.AbstractProblemLoader Replaying proof Recell[Cell::post_set(int)].JML model_behavior operation contract.0 
153910     DEBUG main            d.u.i.k.p.i.IntermediateProofReplayer Proof replay took 9.84ms 
153912     DEBUG main            d.u.i.k.p.r.p.TestFile    ... success: reloaded. 
153913     INFO  main            d.u.i.k.p.r.p.TestFile    Now processing file /home/runner/work/key/key/key.core/../key.ui/examples/heap/model_methods/Recell_footprint_acc.key 
153913     INFO  main            d.u.i.k.p.i.AbstractProblemLoader Loading environment from /home/runner/work/key/key/key.core/../key.ui/examples/heap/model_methods/Recell_footprint_acc.key 
153913     DEBUG main            d.u.i.k.p.i.AbstractProblemLoader Environment load took 114.8ns 
153915     INFO  main            d.u.i.k.p.i.AbstractProblemLoader Creating init config 
157001     DEBUG main            d.u.i.k.p.i.AbstractProblemLoader Init config took 3.09s 
157044     INFO  main            d.u.i.k.p.i.AbstractProblemLoader Replaying proof Recell[Cell::footprint()].JML accessible clause.0 
157046     DEBUG main            d.u.i.k.p.i.IntermediateProofReplayer Proof replay took 8.9ns 
157148     INFO  main            d.u.i.k.p.r.p.TestFile    ... finished proof: closed. 
157520     INFO  main            d.u.i.k.p.i.AbstractProblemLoader Loading environment from /home/runner/work/key/key/key.core/../key.ui/examples/heap/model_methods/Recell_footprint_acc.key.proof 
157520     DEBUG main            d.u.i.k.p.i.AbstractProblemLoader Environment load took 117ns 
157521     INFO  main            d.u.i.k.p.i.AbstractProblemLoader Creating init config 
160485     DEBUG main            d.u.i.k.p.i.AbstractProblemLoader Init config took 2.96s 
160531     INFO  main            d.u.i.k.p.i.AbstractProblemLoader Replaying proof Recell[Cell::footprint()].JML accessible clause.0 
160558     DEBUG main            d.u.i.k.p.i.IntermediateProofReplayer Proof replay took 22.56ms 
160559     DEBUG main            d.u.i.k.p.r.p.TestFile    ... success: reloaded. 
160560     INFO  main            d.u.i.k.p.r.p.TestFile    Now processing file /home/runner/work/key/key/key.core/../key.ui/examples/heap/model_methods/Recell_get_acc.key 
160560     INFO  main            d.u.i.k.p.i.AbstractProblemLoader Loading environment from /home/runner/work/key/key/key.core/../key.ui/examples/heap/model_methods/Recell_get_acc.key 
160560     DEBUG main            d.u.i.k.p.i.AbstractProblemLoader Environment load took 112.5ns 
160561     INFO  main            d.u.i.k.p.i.AbstractProblemLoader Creating init config 
163671     DEBUG main            d.u.i.k.p.i.AbstractProblemLoader Init config took 3.11s 
163715     INFO  main            d.u.i.k.p.i.AbstractProblemLoader Replaying proof Recell[Cell::get()].JML accessible clause.0 
163716     DEBUG main            d.u.i.k.p.i.IntermediateProofReplayer Proof replay took 7.4ns 
163820     INFO  main            d.u.i.k.p.r.p.TestFile    ... finished proof: closed. 
164150     INFO  main            d.u.i.k.p.i.AbstractProblemLoader Loading environment from /home/runner/work/key/key/key.core/../key.ui/examples/heap/model_methods/Recell_get_acc.key.proof 
164150     DEBUG main            d.u.i.k.p.i.AbstractProblemLoader Environment load took 116.4ns 
164151     INFO  main            d.u.i.k.p.i.AbstractProblemLoader Creating init config 
167089     DEBUG main            d.u.i.k.p.i.AbstractProblemLoader Init config took 2.94s 
167133     INFO  main            d.u.i.k.p.i.AbstractProblemLoader Replaying proof Recell[Cell::get()].JML accessible clause.0 
167158     DEBUG main            d.u.i.k.p.i.IntermediateProofReplayer Proof replay took 23.17ms 
167159     DEBUG main            d.u.i.k.p.r.p.TestFile    ... success: reloaded. 
167161     INFO  main            d.u.i.k.p.r.p.TestFile    Now processing file /home/runner/work/key/key/key.core/../key.ui/examples/heap/model_methods/Recell_get.key 
167161     INFO  main            d.u.i.k.p.i.AbstractProblemLoader Loading environment from /home/runner/work/key/key/key.core/../key.ui/examples/heap/model_methods/Recell_get.key 
167161     DEBUG main            d.u.i.k.p.i.AbstractProblemLoader Environment load took 115.3ns 
167162     INFO  main            d.u.i.k.p.i.AbstractProblemLoader Creating init config 
170162     DEBUG main            d.u.i.k.p.i.AbstractProblemLoader Init config took 3s 
170207     INFO  main            d.u.i.k.p.i.AbstractProblemLoader Replaying proof Recell[Cell::get()].JML operation contract.0 
170209     DEBUG main            d.u.i.k.p.i.IntermediateProofReplayer Proof replay took 7ns 
170311     INFO  main            d.u.i.k.p.r.p.TestFile    ... finished proof: closed. 
170643     INFO  main            d.u.i.k.p.i.AbstractProblemLoader Loading environment from /home/runner/work/key/key/key.core/../key.ui/examples/heap/model_methods/Recell_get.key.proof 
170644     DEBUG main            d.u.i.k.p.i.AbstractProblemLoader Environment load took 119.4ns 
170645     INFO  main            d.u.i.k.p.i.AbstractProblemLoader Creating init config 
173583     DEBUG main            d.u.i.k.p.i.AbstractProblemLoader Init config took 2.94s 
173629     INFO  main            d.u.i.k.p.i.AbstractProblemLoader Replaying proof Recell[Cell::get()].JML operation contract.0 
173642     DEBUG main            d.u.i.k.p.i.IntermediateProofReplayer Proof replay took 11.05ms 
173643     DEBUG main            d.u.i.k.p.r.p.TestFile    ... success: reloaded. 
173644     INFO  main            d.u.i.k.p.r.p.TestFile    Now processing file /home/runner/work/key/key/key.core/../key.ui/examples/heap/model_methods/Recell_Recell_footprint.key 
173644     INFO  main            d.u.i.k.p.i.AbstractProblemLoader Loading environment from /home/runner/work/key/key/key.core/../key.ui/examples/heap/model_methods/Recell_Recell_footprint.key 
173644     DEBUG main            d.u.i.k.p.i.AbstractProblemLoader Environment load took 157.3ns 
173645     INFO  main            d.u.i.k.p.i.AbstractProblemLoader Creating init config 
176774     DEBUG main            d.u.i.k.p.i.AbstractProblemLoader Init config took 3.13s 
176817     INFO  main            d.u.i.k.p.i.AbstractProblemLoader Replaying proof Recell[Recell::footprint()].JML model_behavior operation contract.0 
176819     DEBUG main            d.u.i.k.p.i.IntermediateProofReplayer Proof replay took 7.5ns 
176921     INFO  main            d.u.i.k.p.r.p.TestFile    ... finished proof: closed. 
177258     INFO  main            d.u.i.k.p.i.AbstractProblemLoader Loading environment from /home/runner/work/key/key/key.core/../key.ui/examples/heap/model_methods/Recell_Recell_footprint.key.proof 
177258     DEBUG main            d.u.i.k.p.i.AbstractProblemLoader Environment load took 116.7ns 
177259     INFO  main            d.u.i.k.p.i.AbstractProblemLoader Creating init config 
180204     DEBUG main            d.u.i.k.p.i.AbstractProblemLoader Init config took 2.94s 
180261     INFO  main            d.u.i.k.p.i.AbstractProblemLoader Replaying proof Recell[Recell::footprint()].JML model_behavior operation contract.0 
180268     DEBUG main            d.u.i.k.p.i.IntermediateProofReplayer Proof replay took 1.64ms 
180269     DEBUG main            d.u.i.k.p.r.p.TestFile    ... success: reloaded. 
180271     INFO  main            d.u.i.k.p.r.p.TestFile    Now processing file /home/runner/work/key/key/key.core/../key.ui/examples/heap/model_methods/Recell_Recell_post_set.key 
180271     INFO  main            d.u.i.k.p.i.AbstractProblemLoader Loading environment from /home/runner/work/key/key/key.core/../key.ui/examples/heap/model_methods/Recell_Recell_post_set.key 
180278     DEBUG main            d.u.i.k.p.i.AbstractProblemLoader Environment load took 6.77ms 
180280     INFO  main            d.u.i.k.p.i.AbstractProblemLoader Creating init config 
183275     DEBUG main            d.u.i.k.p.i.AbstractProblemLoader Init config took 2.99s 
183317     INFO  main            d.u.i.k.p.i.AbstractProblemLoader Replaying proof Recell[Recell::post_set(int)].JML model_behavior operation contract.0 
183319     DEBUG main            d.u.i.k.p.i.IntermediateProofReplayer Proof replay took 7.3ns 
183421     INFO  main            d.u.i.k.p.r.p.TestFile    ... finished proof: closed. 
183753     INFO  main            d.u.i.k.p.i.AbstractProblemLoader Loading environment from /home/runner/work/key/key/key.core/../key.ui/examples/heap/model_methods/Recell_Recell_post_set.key.proof 
183753     DEBUG main            d.u.i.k.p.i.AbstractProblemLoader Environment load took 98.8ns 
183754     INFO  main            d.u.i.k.p.i.AbstractProblemLoader Creating init config 
186707     DEBUG main            d.u.i.k.p.i.AbstractProblemLoader Init config took 2.95s 
186750     INFO  main            d.u.i.k.p.i.AbstractProblemLoader Replaying proof Recell[Recell::post_set(int)].JML model_behavior operation contract.0 
186755     DEBUG main            d.u.i.k.p.i.IntermediateProofReplayer Proof replay took 3.8ms 
186757     DEBUG main            d.u.i.k.p.r.p.TestFile    ... success: reloaded. 
186758     INFO  main            d.u.i.k.p.r.p.TestFile    Now processing file /home/runner/work/key/key/key.core/../key.ui/examples/heap/model_methods/Recell_set.key 
186758     INFO  main            d.u.i.k.p.i.AbstractProblemLoader Loading environment from /home/runner/work/key/key/key.core/../key.ui/examples/heap/model_methods/Recell_set.key 
186758     DEBUG main            d.u.i.k.p.i.AbstractProblemLoader Environment load took 124.3ns 
186759     INFO  main            d.u.i.k.p.i.AbstractProblemLoader Creating init config 
189739     DEBUG main            d.u.i.k.p.i.AbstractProblemLoader Init config took 2.98s 
189782     INFO  main            d.u.i.k.p.i.AbstractProblemLoader Replaying proof Recell[Cell::set(int)].JML operation contract.0 
189783     DEBUG main            d.u.i.k.p.i.IntermediateProofReplayer Proof replay took 7.8ns 
197766     INFO  main            d.u.i.k.p.r.p.TestFile    ... finished proof: closed. 
198153     INFO  main            d.u.i.k.p.i.AbstractProblemLoader Loading environment from /home/runner/work/key/key/key.core/../key.ui/examples/heap/model_methods/Recell_set.key.proof 
198153     DEBUG main            d.u.i.k.p.i.AbstractProblemLoader Environment load took 180.2ns 
198155     INFO  main            d.u.i.k.p.i.AbstractProblemLoader Creating init config 
201142     DEBUG main            d.u.i.k.p.i.AbstractProblemLoader Init config took 2.99s 
201186     INFO  main            d.u.i.k.p.i.AbstractProblemLoader Replaying proof Recell[Cell::set(int)].JML operation contract.0 
201843     DEBUG main            d.u.i.k.p.i.IntermediateProofReplayer Proof replay took 635.89ms 
201845     DEBUG main            d.u.i.k.p.r.p.TestFile    ... success: reloaded. 
201846     INFO  main            d.u.i.k.p.r.p.TestFile    Now processing file /home/runner/work/key/key/key.core/../key.ui/examples/heap/model_methods/Recell_undo.key 
201846     INFO  main            d.u.i.k.p.i.AbstractProblemLoader Loading environment from /home/runner/work/key/key/key.core/../key.ui/examples/heap/model_methods/Recell_undo.key 
201846     DEBUG main            d.u.i.k.p.i.AbstractProblemLoader Environment load took 183.9ns 
201847     INFO  main            d.u.i.k.p.i.AbstractProblemLoader Creating init config 
204860     DEBUG main            d.u.i.k.p.i.AbstractProblemLoader Init config took 3.01s 
204904     INFO  main            d.u.i.k.p.i.AbstractProblemLoader Replaying proof Recell[Recell::undo()].JML operation contract.0 
204905     DEBUG main            d.u.i.k.p.i.IntermediateProofReplayer Proof replay took 7.4ns 
205108     INFO  main            d.u.i.k.p.r.p.TestFile    ... finished proof: closed. 
205460     INFO  main            d.u.i.k.p.i.AbstractProblemLoader Loading environment from /home/runner/work/key/key/key.core/../key.ui/examples/heap/model_methods/Recell_undo.key.proof 
205460     DEBUG main            d.u.i.k.p.i.AbstractProblemLoader Environment load took 101.5ns 
205461     INFO  main            d.u.i.k.p.i.AbstractProblemLoader Creating init config 
208467     DEBUG main            d.u.i.k.p.i.AbstractProblemLoader Init config took 3.01s 
208511     INFO  main            d.u.i.k.p.i.AbstractProblemLoader Replaying proof Recell[Recell::undo()].JML operation contract.0 
208573     DEBUG main            d.u.i.k.p.i.IntermediateProofReplayer Proof replay took 58.8ms 
208574     DEBUG main            d.u.i.k.p.r.p.TestFile    ... success: reloaded. 
5012451    INFO  Test worker     d.u.i.k.p.r.RunAllProofsTestUnit Returning from test modelMethods 
5012452    INFO  Test worker     d.u.i.k.p.r.RunAllProofsTestUnit Running test permissionHeap 
493        INFO  Timeout watchdog d.u.i.k.p.r.p.ForkedTestFileRunner Timeout watcher launched (2000 secs.) 
510        WARN  main            d.u.i.k.s.ProofSettings   The settings in /home/runner/.key/proof-settings.props are *not* read. 
572        INFO  main            d.u.i.k.p.r.p.TestFile    Now processing file /home/runner/work/key/key/key.core/../key.ui/examples/heap/permissions/permissions_method0.key 
728        INFO  main            d.u.i.k.p.i.AbstractProblemLoader Loading environment from /home/runner/work/key/key/key.core/../key.ui/examples/heap/permissions/permissions_method0.key 
751        DEBUG main            d.u.i.k.p.i.AbstractProblemLoader Environment load took 2.8ms 
1054       INFO  main            d.u.i.k.p.i.AbstractProblemLoader Creating init config 
2266       DEBUG main            d.u.i.k.j.TypeConverter   No LDT found for Meta 
2267       DEBUG main            d.u.i.k.j.TypeConverter   No LDT found for Meta 
2271       DEBUG main            d.u.i.k.j.TypeConverter   No LDT found for Meta 
2271       DEBUG main            d.u.i.k.j.TypeConverter   No LDT found for Meta 
4010       DEBUG main            d.u.i.k.j.TypeConverter   No LDT found for JavaBigintExpression 
10681      DEBUG main            d.u.i.k.p.i.AbstractProblemLoader Init config took 9.63s 
10863      INFO  main            d.u.i.k.p.i.AbstractProblemLoader Replaying proof MyClass[MyClass::method0()].JML normal_behavior operation contract.0 
10915      DEBUG main            d.u.i.k.p.i.IntermediateProofReplayer Proof replay took 39.4ns 
11951      INFO  main            d.u.i.k.p.r.p.TestFile    ... finished proof: closed. 
12099      INFO  main            d.u.i.k.p.i.AbstractProblemLoader Loading environment from /home/runner/work/key/key/key.core/../key.ui/examples/heap/permissions/permissions_method0.key.proof 
12100      DEBUG main            d.u.i.k.p.i.AbstractProblemLoader Environment load took 834.91ns 
12102      INFO  main            d.u.i.k.p.i.AbstractProblemLoader Creating init config 
15827      DEBUG main            d.u.i.k.p.i.AbstractProblemLoader Init config took 3.72s 
15930      INFO  main            d.u.i.k.p.i.AbstractProblemLoader Replaying proof MyClass[MyClass::method0()].JML normal_behavior operation contract.0 
16150      DEBUG main            d.u.i.k.p.i.IntermediateProofReplayer Proof replay took 213.6ms 
16161      DEBUG main            d.u.i.k.p.r.p.TestFile    ... success: reloaded. 
16168      INFO  main            d.u.i.k.p.r.p.TestFile    Now processing file /home/runner/work/key/key/key.core/../key.ui/examples/heap/permissions/permissions_method1.key 
16168      INFO  main            d.u.i.k.p.i.AbstractProblemLoader Loading environment from /home/runner/work/key/key/key.core/../key.ui/examples/heap/permissions/permissions_method1.key 
16168      DEBUG main            d.u.i.k.p.i.AbstractProblemLoader Environment load took 150.4ns 
16172      INFO  main            d.u.i.k.p.i.AbstractProblemLoader Creating init config 
19683      DEBUG main            d.u.i.k.p.i.AbstractProblemLoader Init config took 3.51s 
19770      INFO  main            d.u.i.k.p.i.AbstractProblemLoader Replaying proof MyClass[MyClass::method1()].JML normal_behavior operation contract.0 
19774      DEBUG main            d.u.i.k.p.i.IntermediateProofReplayer Proof replay took 6.8ns 
20178      INFO  main            d.u.i.k.p.r.p.TestFile    ... finished proof: closed. 
20396      INFO  main            d.u.i.k.p.i.AbstractProblemLoader Loading environment from /home/runner/work/key/key/key.core/../key.ui/examples/heap/permissions/permissions_method1.key.proof 
20396      DEBUG main            d.u.i.k.p.i.AbstractProblemLoader Environment load took 398.7ns 
20398      INFO  main            d.u.i.k.p.i.AbstractProblemLoader Creating init config 
23814      DEBUG main            d.u.i.k.p.i.AbstractProblemLoader Init config took 3.42s 
23891      INFO  main            d.u.i.k.p.i.AbstractProblemLoader Replaying proof MyClass[MyClass::method1()].JML normal_behavior operation contract.0 
23981      DEBUG main            d.u.i.k.p.i.IntermediateProofReplayer Proof replay took 85.46ms 
23982      DEBUG main            d.u.i.k.p.r.p.TestFile    ... success: reloaded. 
23984      INFO  main            d.u.i.k.p.r.p.TestFile    Now processing file /home/runner/work/key/key/key.core/../key.ui/examples/heap/permissions/permissions_method3.key 
23985      INFO  main            d.u.i.k.p.i.AbstractProblemLoader Loading environment from /home/runner/work/key/key/key.core/../key.ui/examples/heap/permissions/permissions_method3.key 
23985      DEBUG main            d.u.i.k.p.i.AbstractProblemLoader Environment load took 285.4ns 
23987      INFO  main            d.u.i.k.p.i.AbstractProblemLoader Creating init config 
27463      DEBUG main            d.u.i.k.p.i.AbstractProblemLoader Init config took 3.48s 
27521      INFO  main            d.u.i.k.p.i.AbstractProblemLoader Replaying proof MyClass[MyClass::method3()].JML normal_behavior operation contract.0 
27523      DEBUG main            d.u.i.k.p.i.IntermediateProofReplayer Proof replay took 7.5ns 
29356      INFO  main            d.u.i.k.p.r.p.TestFile    ... finished proof: closed. 
29551      INFO  main            d.u.i.k.p.i.AbstractProblemLoader Loading environment from /home/runner/work/key/key/key.core/../key.ui/examples/heap/permissions/permissions_method3.key.proof 
29552      DEBUG main            d.u.i.k.p.i.AbstractProblemLoader Environment load took 145.3ns 
29553      INFO  main            d.u.i.k.p.i.AbstractProblemLoader Creating init config 
32846      DEBUG main            d.u.i.k.p.i.AbstractProblemLoader Init config took 3.29s 
32902      INFO  main            d.u.i.k.p.i.AbstractProblemLoader Replaying proof MyClass[MyClass::method3()].JML normal_behavior operation contract.0 
33328      DEBUG main            d.u.i.k.p.i.IntermediateProofReplayer Proof replay took 416.84ms 
33331      DEBUG main            d.u.i.k.p.r.p.TestFile    ... success: reloaded. 
33332      INFO  main            d.u.i.k.p.r.p.TestFile    Now processing file /home/runner/work/key/key/key.core/../key.ui/examples/heap/permissions/permissions_setAB.key 
33333      INFO  main            d.u.i.k.p.i.AbstractProblemLoader Loading environment from /home/runner/work/key/key/key.core/../key.ui/examples/heap/permissions/permissions_setAB.key 
33333      DEBUG main            d.u.i.k.p.i.AbstractProblemLoader Environment load took 127.1ns 
33334      INFO  main            d.u.i.k.p.i.AbstractProblemLoader Creating init config 
36677      DEBUG main            d.u.i.k.p.i.AbstractProblemLoader Init config took 3.34s 
36731      INFO  main            d.u.i.k.p.i.AbstractProblemLoader Replaying proof MyClass[MyClass::setAB()].JML normal_behavior operation contract.0 
36734      DEBUG main            d.u.i.k.p.i.IntermediateProofReplayer Proof replay took 7.2ns 
38842      INFO  main            d.u.i.k.p.r.p.TestFile    ... finished proof: closed. 
39059      INFO  main            d.u.i.k.p.i.AbstractProblemLoader Loading environment from /home/runner/work/key/key/key.core/../key.ui/examples/heap/permissions/permissions_setAB.key.proof 
39059      DEBUG main            d.u.i.k.p.i.AbstractProblemLoader Environment load took 405.7ns 
39061      INFO  main            d.u.i.k.p.i.AbstractProblemLoader Creating init config 
42242      DEBUG main            d.u.i.k.p.i.AbstractProblemLoader Init config took 3.18s 
42323      INFO  main            d.u.i.k.p.i.AbstractProblemLoader Replaying proof MyClass[MyClass::setAB()].JML normal_behavior operation contract.0 
42651      DEBUG main            d.u.i.k.p.i.IntermediateProofReplayer Proof replay took 317.09ms 
42653      DEBUG main            d.u.i.k.p.r.p.TestFile    ... success: reloaded. 
42655      INFO  main            d.u.i.k.p.r.p.TestFile    Now processing file /home/runner/work/key/key/key.core/../key.ui/examples/heap/permissions/permissionProperties.key 
42655      INFO  main            d.u.i.k.p.i.AbstractProblemLoader Loading environment from /home/runner/work/key/key/key.core/../key.ui/examples/heap/permissions/permissionProperties.key 
42655      DEBUG main            d.u.i.k.p.i.AbstractProblemLoader Environment load took 122.3ns 
42657      INFO  main            d.u.i.k.p.i.AbstractProblemLoader Creating init config 
42858      DEBUG main            d.u.i.k.j.TypeConverter   No LDT found for Meta 
42859      DEBUG main            d.u.i.k.j.TypeConverter   No LDT found for Meta 
42860      DEBUG main            d.u.i.k.j.TypeConverter   No LDT found for Meta 
42860      DEBUG main            d.u.i.k.j.TypeConverter   No LDT found for Meta 
43788      DEBUG main            d.u.i.k.j.TypeConverter   No LDT found for JavaBigintExpression 
47248      DEBUG main            d.u.i.k.p.i.AbstractProblemLoader Init config took 4.59s 
47272      INFO  main            d.u.i.k.p.i.AbstractProblemLoader Replaying proof permissionProperties.key 
47275      DEBUG main            d.u.i.k.p.i.IntermediateProofReplayer Proof replay took 7.1ns 
47480      INFO  main            d.u.i.k.p.r.p.TestFile    ... finished proof: closed. 
47659      INFO  main            d.u.i.k.p.i.AbstractProblemLoader Loading environment from /home/runner/work/key/key/key.core/../key.ui/examples/heap/permissions/permissionProperties.key.proof 
47661      DEBUG main            d.u.i.k.p.i.AbstractProblemLoader Environment load took 1.31ms 
47662      INFO  main            d.u.i.k.p.i.AbstractProblemLoader Creating init config 
50700      DEBUG main            d.u.i.k.p.i.AbstractProblemLoader Init config took 3.04s 
50723      INFO  main            d.u.i.k.p.i.AbstractProblemLoader Replaying proof permissionProperties.key.proof 
50754      DEBUG main            d.u.i.k.p.i.IntermediateProofReplayer Proof replay took 23.77ms 
50756      DEBUG main            d.u.i.k.p.r.p.TestFile    ... success: reloaded. 
50759      INFO  main            d.u.i.k.p.r.p.TestFile    Now processing file /home/runner/work/key/key/key.core/../key.ui/examples/heap/permissions/threads/AFilter_AFilter.key 
50759      INFO  main            d.u.i.k.p.i.AbstractProblemLoader Loading environment from /home/runner/work/key/key/key.core/../key.ui/examples/heap/permissions/threads/AFilter_AFilter.key 
50760      DEBUG main            d.u.i.k.p.i.AbstractProblemLoader Environment load took 221.7ns 
50761      INFO  main            d.u.i.k.p.i.AbstractProblemLoader Creating init config 
50929      DEBUG main            d.u.i.k.j.TypeConverter   No LDT found for Meta 
50930      DEBUG main            d.u.i.k.j.TypeConverter   No LDT found for Meta 
50930      DEBUG main            d.u.i.k.j.TypeConverter   No LDT found for Meta 
50931      DEBUG main            d.u.i.k.j.TypeConverter   No LDT found for Meta 
51641      DEBUG main            d.u.i.k.j.TypeConverter   No LDT found for JavaBigintExpression 
58076      DEBUG main            d.u.i.k.p.i.AbstractProblemLoader Init config took 7.31s 
58197      INFO  main            d.u.i.k.p.i.AbstractProblemLoader Replaying proof AFilter[AFilter::AFilter(Sampler,Buffer)].JML normal_behavior operation contract.0 
58200      DEBUG main            d.u.i.k.p.i.IntermediateProofReplayer Proof replay took 7.1ns 
59505      INFO  main            d.u.i.k.p.r.p.TestFile    ... finished proof: closed. 
59809      INFO  main            d.u.i.k.p.i.AbstractProblemLoader Loading environment from /home/runner/work/key/key/key.core/../key.ui/examples/heap/permissions/threads/AFilter_AFilter.key.proof 
59810      DEBUG main            d.u.i.k.p.i.AbstractProblemLoader Environment load took 549.01ns 
59813      INFO  main            d.u.i.k.p.i.AbstractProblemLoader Creating init config 
65702      DEBUG main            d.u.i.k.p.i.AbstractProblemLoader Init config took 5.89s 
65828      INFO  main            d.u.i.k.p.i.AbstractProblemLoader Replaying proof AFilter[AFilter::AFilter(Sampler,Buffer)].JML normal_behavior operation contract.0 
66091      DEBUG main            d.u.i.k.p.i.IntermediateProofReplayer Proof replay took 257.79ms 
66094      DEBUG main            d.u.i.k.p.r.p.TestFile    ... success: reloaded. 
66095      INFO  main            d.u.i.k.p.r.p.TestFile    Now processing file /home/runner/work/key/key/key.core/../key.ui/examples/heap/permissions/threads/AFilter_initPost_accessible.key 
66096      INFO  main            d.u.i.k.p.i.AbstractProblemLoader Loading environment from /home/runner/work/key/key/key.core/../key.ui/examples/heap/permissions/threads/AFilter_initPost_accessible.key 
66096      DEBUG main            d.u.i.k.p.i.AbstractProblemLoader Environment load took 231.3ns 
66098      INFO  main            d.u.i.k.p.i.AbstractProblemLoader Creating init config 
71917      DEBUG main            d.u.i.k.p.i.AbstractProblemLoader Init config took 5.82s 
72026      INFO  main            d.u.i.k.p.i.AbstractProblemLoader Replaying proof AFilter[ThreadSpec2::initPost()].JML accessible clause.0 
72028      DEBUG main            d.u.i.k.p.i.IntermediateProofReplayer Proof replay took 7.3ns 
72131      INFO  main            d.u.i.k.p.r.p.TestFile    ... finished proof: closed. 
72371      INFO  main            d.u.i.k.p.i.AbstractProblemLoader Loading environment from /home/runner/work/key/key/key.core/../key.ui/examples/heap/permissions/threads/AFilter_initPost_accessible.key.proof 
72371      DEBUG main            d.u.i.k.p.i.AbstractProblemLoader Environment load took 128.9ns 
72372      INFO  main            d.u.i.k.p.i.AbstractProblemLoader Creating init config 
78054      DEBUG main            d.u.i.k.p.i.AbstractProblemLoader Init config took 5.68s 
78166      INFO  main            d.u.i.k.p.i.AbstractProblemLoader Replaying proof AFilter[ThreadSpec2::initPost()].JML accessible clause.0 
78185      DEBUG main            d.u.i.k.p.i.IntermediateProofReplayer Proof replay took 16.82ms 
78186      DEBUG main            d.u.i.k.p.r.p.TestFile    ... success: reloaded. 
78188      INFO  main            d.u.i.k.p.r.p.TestFile    Now processing file /home/runner/work/key/key/key.core/../key.ui/examples/heap/permissions/threads/AFilter_inv_accessible1.key 
78188      INFO  main            d.u.i.k.p.i.AbstractProblemLoader Loading environment from /home/runner/work/key/key/key.core/../key.ui/examples/heap/permissions/threads/AFilter_inv_accessible1.key 
78188      DEBUG main            d.u.i.k.p.i.AbstractProblemLoader Environment load took 134.5ns 
78194      INFO  main            d.u.i.k.p.i.AbstractProblemLoader Creating init config 
83880      DEBUG main            d.u.i.k.p.i.AbstractProblemLoader Init config took 5.69s 
83998      INFO  main            d.u.i.k.p.i.AbstractProblemLoader Replaying proof AFilter[java.lang.Object::<inv>()].JML accessible clause.0 
84003      DEBUG main            d.u.i.k.p.i.IntermediateProofReplayer Proof replay took 7.6ns 
84105      INFO  main            d.u.i.k.p.r.p.TestFile    ... finished proof: closed. 
84354      INFO  main            d.u.i.k.p.i.AbstractProblemLoader Loading environment from /home/runner/work/key/key/key.core/../key.ui/examples/heap/permissions/threads/AFilter_inv_accessible1.key.proof 
84355      DEBUG main            d.u.i.k.p.i.AbstractProblemLoader Environment load took 173.9ns 
84356      INFO  main            d.u.i.k.p.i.AbstractProblemLoader Creating init config 
90067      DEBUG main            d.u.i.k.p.i.AbstractProblemLoader Init config took 5.71s 
90163      INFO  main            d.u.i.k.p.i.AbstractProblemLoader Replaying proof AFilter[java.lang.Object::<inv>()].JML accessible clause.0 
90169      DEBUG main            d.u.i.k.p.i.IntermediateProofReplayer Proof replay took 3.2ms 
90170      DEBUG main            d.u.i.k.p.r.p.TestFile    ... success: reloaded. 
90171      INFO  main            d.u.i.k.p.r.p.TestFile    Now processing file /home/runner/work/key/key/key.core/../key.ui/examples/heap/permissions/threads/AFilter_inv_accessible2.key 
90171      INFO  main            d.u.i.k.p.i.AbstractProblemLoader Loading environment from /home/runner/work/key/key/key.core/../key.ui/examples/heap/permissions/threads/AFilter_inv_accessible2.key 
90172      DEBUG main            d.u.i.k.p.i.AbstractProblemLoader Environment load took 117ns 
90173      INFO  main            d.u.i.k.p.i.AbstractProblemLoader Creating init config 
95734      DEBUG main            d.u.i.k.p.i.AbstractProblemLoader Init config took 5.56s 
95850      INFO  main            d.u.i.k.p.i.AbstractProblemLoader Replaying proof AFilter[java.lang.Object::<inv>()].JML accessible clause.1 
95852      DEBUG main            d.u.i.k.p.i.IntermediateProofReplayer Proof replay took 7.7ns 
95954      INFO  main            d.u.i.k.p.r.p.TestFile    ... finished proof: closed. 
96206      INFO  main            d.u.i.k.p.i.AbstractProblemLoader Loading environment from /home/runner/work/key/key/key.core/../key.ui/examples/heap/permissions/threads/AFilter_inv_accessible2.key.proof 
96206      DEBUG main            d.u.i.k.p.i.AbstractProblemLoader Environment load took 121.2ns 
96207      INFO  main            d.u.i.k.p.i.AbstractProblemLoader Creating init config 
101822     DEBUG main            d.u.i.k.p.i.AbstractProblemLoader Init config took 5.62s 
101927     INFO  main            d.u.i.k.p.i.AbstractProblemLoader Replaying proof AFilter[java.lang.Object::<inv>()].JML accessible clause.1 
101944     DEBUG main            d.u.i.k.p.i.IntermediateProofReplayer Proof replay took 10.58ms 
101947     DEBUG main            d.u.i.k.p.r.p.TestFile    ... success: reloaded. 
101950     INFO  main            d.u.i.k.p.r.p.TestFile    Now processing file /home/runner/work/key/key/key.core/../key.ui/examples/heap/permissions/threads/AFilter_joinTransfer_accessible.key 
101951     INFO  main            d.u.i.k.p.i.AbstractProblemLoader Loading environment from /home/runner/work/key/key/key.core/../key.ui/examples/heap/permissions/threads/AFilter_joinTransfer_accessible.key 
101951     DEBUG main            d.u.i.k.p.i.AbstractProblemLoader Environment load took 217.7ns 
101952     INFO  main            d.u.i.k.p.i.AbstractProblemLoader Creating init config 
107604     DEBUG main            d.u.i.k.p.i.AbstractProblemLoader Init config took 5.65s 
107703     INFO  main            d.u.i.k.p.i.AbstractProblemLoader Replaying proof AFilter[ThreadSpec2::joinTransfer()].JML accessible clause.0 
107705     DEBUG main            d.u.i.k.p.i.IntermediateProofReplayer Proof replay took 8.8ns 
109016     INFO  main            d.u.i.k.p.r.p.TestFile    ... finished proof: closed. 
109308     INFO  main            d.u.i.k.p.i.AbstractProblemLoader Loading environment from /home/runner/work/key/key/key.core/../key.ui/examples/heap/permissions/threads/AFilter_joinTransfer_accessible.key.proof 
109309     DEBUG main            d.u.i.k.p.i.AbstractProblemLoader Environment load took 991.51ns 
109311     INFO  main            d.u.i.k.p.i.AbstractProblemLoader Creating init config 
114780     DEBUG main            d.u.i.k.p.i.AbstractProblemLoader Init config took 5.47s 
114903     INFO  main            d.u.i.k.p.i.AbstractProblemLoader Replaying proof AFilter[ThreadSpec2::joinTransfer()].JML accessible clause.0 
115073     DEBUG main            d.u.i.k.p.i.IntermediateProofReplayer Proof replay took 163.2ms 
115075     DEBUG main            d.u.i.k.p.r.p.TestFile    ... success: reloaded. 
115076     INFO  main            d.u.i.k.p.r.p.TestFile    Now processing file /home/runner/work/key/key/key.core/../key.ui/examples/heap/permissions/threads/AFilter_joinTransfer_contract.key 
115077     INFO  main            d.u.i.k.p.i.AbstractProblemLoader Loading environment from /home/runner/work/key/key/key.core/../key.ui/examples/heap/permissions/threads/AFilter_joinTransfer_contract.key 
115077     DEBUG main            d.u.i.k.p.i.AbstractProblemLoader Environment load took 210.5ns 
115078     INFO  main            d.u.i.k.p.i.AbstractProblemLoader Creating init config 
120691     DEBUG main            d.u.i.k.p.i.AbstractProblemLoader Init config took 5.61s 
120785     INFO  main            d.u.i.k.p.i.AbstractProblemLoader Replaying proof AFilter[ThreadSpec2::joinTransfer()].JML model_behavior operation contract.0 
120787     DEBUG main            d.u.i.k.p.i.IntermediateProofReplayer Proof replay took 7.2ns 
120891     INFO  main            d.u.i.k.p.r.p.TestFile    ... finished proof: closed. 
121158     INFO  main            d.u.i.k.p.i.AbstractProblemLoader Loading environment from /home/runner/work/key/key/key.core/../key.ui/examples/heap/permissions/threads/AFilter_joinTransfer_contract.key.proof 
121159     DEBUG main            d.u.i.k.p.i.AbstractProblemLoader Environment load took 130.2ns 
121160     INFO  main            d.u.i.k.p.i.AbstractProblemLoader Creating init config 
126751     DEBUG main            d.u.i.k.p.i.AbstractProblemLoader Init config took 5.59s 
126862     INFO  main            d.u.i.k.p.i.AbstractProblemLoader Replaying proof AFilter[ThreadSpec2::joinTransfer()].JML model_behavior operation contract.0 
126875     DEBUG main            d.u.i.k.p.i.IntermediateProofReplayer Proof replay took 10.31ms 
126877     DEBUG main            d.u.i.k.p.r.p.TestFile    ... success: reloaded. 
126878     INFO  main            d.u.i.k.p.r.p.TestFile    Now processing file /home/runner/work/key/key/key.core/../key.ui/examples/heap/permissions/threads/AFilter_postJoin_accessible.key 
126878     INFO  main            d.u.i.k.p.i.AbstractProblemLoader Loading environment from /home/runner/work/key/key/key.core/../key.ui/examples/heap/permissions/threads/AFilter_postJoin_accessible.key 
126878     DEBUG main            d.u.i.k.p.i.AbstractProblemLoader Environment load took 116.2ns 
126879     INFO  main            d.u.i.k.p.i.AbstractProblemLoader Creating init config 
132434     DEBUG main            d.u.i.k.p.i.AbstractProblemLoader Init config took 5.55s 
132550     INFO  main            d.u.i.k.p.i.AbstractProblemLoader Replaying proof AFilter[ThreadSpec2::postJoin(java.lang.Object)].JML accessible clause.0 
132556     DEBUG main            d.u.i.k.p.i.IntermediateProofReplayer Proof replay took 7.6ns 
132658     INFO  main            d.u.i.k.p.r.p.TestFile    ... finished proof: closed. 
132954     INFO  main            d.u.i.k.p.i.AbstractProblemLoader Loading environment from /home/runner/work/key/key/key.core/../key.ui/examples/heap/permissions/threads/AFilter_postJoin_accessible.key.proof 
132955     DEBUG main            d.u.i.k.p.i.AbstractProblemLoader Environment load took 129.2ns 
132956     INFO  main            d.u.i.k.p.i.AbstractProblemLoader Creating init config 
138492     DEBUG main            d.u.i.k.p.i.AbstractProblemLoader Init config took 5.54s 
138584     INFO  main            d.u.i.k.p.i.AbstractProblemLoader Replaying proof AFilter[ThreadSpec2::postJoin(java.lang.Object)].JML accessible clause.0 
138595     DEBUG main            d.u.i.k.p.i.IntermediateProofReplayer Proof replay took 9.2ms 
138597     DEBUG main            d.u.i.k.p.r.p.TestFile    ... success: reloaded. 
138598     INFO  main            d.u.i.k.p.r.p.TestFile    Now processing file /home/runner/work/key/key/key.core/../key.ui/examples/heap/permissions/threads/AFilter_preStart_accessible.key 
138598     INFO  main            d.u.i.k.p.i.AbstractProblemLoader Loading environment from /home/runner/work/key/key/key.core/../key.ui/examples/heap/permissions/threads/AFilter_preStart_accessible.key 
138598     DEBUG main            d.u.i.k.p.i.AbstractProblemLoader Environment load took 117ns 
138599     INFO  main            d.u.i.k.p.i.AbstractProblemLoader Creating init config 
144129     DEBUG main            d.u.i.k.p.i.AbstractProblemLoader Init config took 5.53s 
144229     INFO  main            d.u.i.k.p.i.AbstractProblemLoader Replaying proof AFilter[ThreadSpec2::preStart(java.lang.Object)].JML accessible clause.0 
144231     DEBUG main            d.u.i.k.p.i.IntermediateProofReplayer Proof replay took 7.5ns 
144634     INFO  main            d.u.i.k.p.r.p.TestFile    ... finished proof: closed. 
144942     INFO  main            d.u.i.k.p.i.AbstractProblemLoader Loading environment from /home/runner/work/key/key/key.core/../key.ui/examples/heap/permissions/threads/AFilter_preStart_accessible.key.proof 
144942     DEBUG main            d.u.i.k.p.i.AbstractProblemLoader Environment load took 394.6ns 
144943     INFO  main            d.u.i.k.p.i.AbstractProblemLoader Creating init config 
150481     DEBUG main            d.u.i.k.p.i.AbstractProblemLoader Init config took 5.54s 
150571     INFO  main            d.u.i.k.p.i.AbstractProblemLoader Replaying proof AFilter[ThreadSpec2::preStart(java.lang.Object)].JML accessible clause.0 
150638     DEBUG main            d.u.i.k.p.i.IntermediateProofReplayer Proof replay took 63.66ms 
150640     DEBUG main            d.u.i.k.p.r.p.TestFile    ... success: reloaded. 
150641     INFO  main            d.u.i.k.p.r.p.TestFile    Now processing file /home/runner/work/key/key/key.core/../key.ui/examples/heap/permissions/threads/AFilter_startTransfer_accessible.key 
150642     INFO  main            d.u.i.k.p.i.AbstractProblemLoader Loading environment from /home/runner/work/key/key/key.core/../key.ui/examples/heap/permissions/threads/AFilter_startTransfer_accessible.key 
150642     DEBUG main            d.u.i.k.p.i.AbstractProblemLoader Environment load took 201.3ns 
150643     INFO  main            d.u.i.k.p.i.AbstractProblemLoader Creating init config 
156238     DEBUG main            d.u.i.k.p.i.AbstractProblemLoader Init config took 5.6s 
156329     INFO  main            d.u.i.k.p.i.AbstractProblemLoader Replaying proof AFilter[ThreadSpec2::startTransfer()].JML accessible clause.0 
156331     DEBUG main            d.u.i.k.p.i.IntermediateProofReplayer Proof replay took 6.6ns 
167882     INFO  main            d.u.i.k.p.r.p.TestFile    ... finished proof: closed. 
168230     INFO  main            d.u.i.k.p.i.AbstractProblemLoader Loading environment from /home/runner/work/key/key/key.core/../key.ui/examples/heap/permissions/threads/AFilter_startTransfer_accessible.key.proof 
168230     DEBUG main            d.u.i.k.p.i.AbstractProblemLoader Environment load took 396.5ns 
168233     INFO  main            d.u.i.k.p.i.AbstractProblemLoader Creating init config 
173772     DEBUG main            d.u.i.k.p.i.AbstractProblemLoader Init config took 5.54s 
173875     INFO  main            d.u.i.k.p.i.AbstractProblemLoader Replaying proof AFilter[ThreadSpec2::startTransfer()].JML accessible clause.0 
174927     DEBUG main            d.u.i.k.p.i.IntermediateProofReplayer Proof replay took 1.02s 
174929     DEBUG main            d.u.i.k.p.r.p.TestFile    ... success: reloaded. 
174930     INFO  main            d.u.i.k.p.r.p.TestFile    Now processing file /home/runner/work/key/key/key.core/../key.ui/examples/heap/permissions/threads/AFilter_startTransfer_contract.key 
174931     INFO  main            d.u.i.k.p.i.AbstractProblemLoader Loading environment from /home/runner/work/key/key/key.core/../key.ui/examples/heap/permissions/threads/AFilter_startTransfer_contract.key 
174931     DEBUG main            d.u.i.k.p.i.AbstractProblemLoader Environment load took 196.9ns 
174932     INFO  main            d.u.i.k.p.i.AbstractProblemLoader Creating init config 
180476     DEBUG main            d.u.i.k.p.i.AbstractProblemLoader Init config took 5.54s 
180586     INFO  main            d.u.i.k.p.i.AbstractProblemLoader Replaying proof AFilter[ThreadSpec2::startTransfer()].JML model_behavior operation contract.0 
180587     DEBUG main            d.u.i.k.p.i.IntermediateProofReplayer Proof replay took 6.5ns 
181092     INFO  main            d.u.i.k.p.r.p.TestFile    ... finished proof: closed. 
181404     INFO  main            d.u.i.k.p.i.AbstractProblemLoader Loading environment from /home/runner/work/key/key/key.core/../key.ui/examples/heap/permissions/threads/AFilter_startTransfer_contract.key.proof 
181404     DEBUG main            d.u.i.k.p.i.AbstractProblemLoader Environment load took 381.9ns 
181405     INFO  main            d.u.i.k.p.i.AbstractProblemLoader Creating init config 
186856     DEBUG main            d.u.i.k.p.i.AbstractProblemLoader Init config took 5.45s 
186958     INFO  main            d.u.i.k.p.i.AbstractProblemLoader Replaying proof AFilter[ThreadSpec2::startTransfer()].JML model_behavior operation contract.0 
187023     DEBUG main            d.u.i.k.p.i.IntermediateProofReplayer Proof replay took 59.6ms 
187024     DEBUG main            d.u.i.k.p.r.p.TestFile    ... success: reloaded. 
187025     INFO  main            d.u.i.k.p.r.p.TestFile    Now processing file /home/runner/work/key/key/key.core/../key.ui/examples/heap/permissions/threads/AFilter_stateInv_accessible.key 
187025     INFO  main            d.u.i.k.p.i.AbstractProblemLoader Loading environment from /home/runner/work/key/key/key.core/../key.ui/examples/heap/permissions/threads/AFilter_stateInv_accessible.key 
187026     DEBUG main            d.u.i.k.p.i.AbstractProblemLoader Environment load took 100.9ns 
187027     INFO  main            d.u.i.k.p.i.AbstractProblemLoader Creating init config 
192659     DEBUG main            d.u.i.k.p.i.AbstractProblemLoader Init config took 5.63s 
192767     INFO  main            d.u.i.k.p.i.AbstractProblemLoader Replaying proof AFilter[ThreadSpec2::stateInv()].JML accessible clause.0 
192769     DEBUG main            d.u.i.k.p.i.IntermediateProofReplayer Proof replay took 7.1ns 
193172     INFO  main            d.u.i.k.p.r.p.TestFile    ... finished proof: closed. 
193494     INFO  main            d.u.i.k.p.i.AbstractProblemLoader Loading environment from /home/runner/work/key/key/key.core/../key.ui/examples/heap/permissions/threads/AFilter_stateInv_accessible.key.proof 
193495     DEBUG main            d.u.i.k.p.i.AbstractProblemLoader Environment load took 119.5ns 
193496     INFO  main            d.u.i.k.p.i.AbstractProblemLoader Creating init config 
198987     DEBUG main            d.u.i.k.p.i.AbstractProblemLoader Init config took 5.49s 
199074     INFO  main            d.u.i.k.p.i.AbstractProblemLoader Replaying proof AFilter[ThreadSpec2::stateInv()].JML accessible clause.0 
199124     DEBUG main            d.u.i.k.p.i.IntermediateProofReplayer Proof replay took 46.64ms 
199128     DEBUG main            d.u.i.k.p.r.p.TestFile    ... success: reloaded. 
199130     INFO  main            d.u.i.k.p.r.p.TestFile    Now processing file /home/runner/work/key/key/key.core/../key.ui/examples/heap/permissions/threads/AFilter_staticPermissions_accessible.key 
199131     INFO  main            d.u.i.k.p.i.AbstractProblemLoader Loading environment from /home/runner/work/key/key/key.core/../key.ui/examples/heap/permissions/threads/AFilter_staticPermissions_accessible.key 
199131     DEBUG main            d.u.i.k.p.i.AbstractProblemLoader Environment load took 200.6ns 
199133     INFO  main            d.u.i.k.p.i.AbstractProblemLoader Creating init config 
204728     DEBUG main            d.u.i.k.p.i.AbstractProblemLoader Init config took 5.6s 
204823     INFO  main            d.u.i.k.p.i.AbstractProblemLoader Replaying proof AFilter[ThreadSpec2::staticPermissions()].JML accessible clause.0 
204825     DEBUG main            d.u.i.k.p.i.IntermediateProofReplayer Proof replay took 6.9ns 
204930     INFO  main            d.u.i.k.p.r.p.TestFile    ... finished proof: closed. 
205270     INFO  main            d.u.i.k.p.i.AbstractProblemLoader Loading environment from /home/runner/work/key/key/key.core/../key.ui/examples/heap/permissions/threads/AFilter_staticPermissions_accessible.key.proof 
205271     DEBUG main            d.u.i.k.p.i.AbstractProblemLoader Environment load took 119.2ns 
205272     INFO  main            d.u.i.k.p.i.AbstractProblemLoader Creating init config 
210782     DEBUG main            d.u.i.k.p.i.AbstractProblemLoader Init config took 5.51s 
210869     INFO  main            d.u.i.k.p.i.AbstractProblemLoader Replaying proof AFilter[ThreadSpec2::staticPermissions()].JML accessible clause.0 
210881     DEBUG main            d.u.i.k.p.i.IntermediateProofReplayer Proof replay took 10.5ms 
210882     DEBUG main            d.u.i.k.p.r.p.TestFile    ... success: reloaded. 
210883     INFO  main            d.u.i.k.p.r.p.TestFile    Now processing file /home/runner/work/key/key/key.core/../key.ui/examples/heap/permissions/threads/AFilter_workingPermissions_accessible.key 
210883     INFO  main            d.u.i.k.p.i.AbstractProblemLoader Loading environment from /home/runner/work/key/key/key.core/../key.ui/examples/heap/permissions/threads/AFilter_workingPermissions_accessible.key 
210883     DEBUG main            d.u.i.k.p.i.AbstractProblemLoader Environment load took 91.8ns 
210884     INFO  main            d.u.i.k.p.i.AbstractProblemLoader Creating init config 
216058     DEBUG main            d.u.i.k.p.i.AbstractProblemLoader Init config took 5.17s 
216153     INFO  main            d.u.i.k.p.i.AbstractProblemLoader Replaying proof AFilter[ThreadSpec2::workingPermissions()].JML accessible clause.0 
216155     DEBUG main            d.u.i.k.p.i.IntermediateProofReplayer Proof replay took 5.9ns 
216258     INFO  main            d.u.i.k.p.r.p.TestFile    ... finished proof: closed. 
216550     INFO  main            d.u.i.k.p.i.AbstractProblemLoader Loading environment from /home/runner/work/key/key/key.core/../key.ui/examples/heap/permissions/threads/AFilter_workingPermissions_accessible.key.proof 
216550     DEBUG main            d.u.i.k.p.i.AbstractProblemLoader Environment load took 126.1ns 
216551     INFO  main            d.u.i.k.p.i.AbstractProblemLoader Creating init config 
221595     DEBUG main            d.u.i.k.p.i.AbstractProblemLoader Init config took 5.04s 
221677     INFO  main            d.u.i.k.p.i.AbstractProblemLoader Replaying proof AFilter[ThreadSpec2::workingPermissions()].JML accessible clause.0 
221688     DEBUG main            d.u.i.k.p.i.IntermediateProofReplayer Proof replay took 9.42ms 
221689     DEBUG main            d.u.i.k.p.r.p.TestFile    ... success: reloaded. 
221690     INFO  main            d.u.i.k.p.r.p.TestFile    Now processing file /home/runner/work/key/key/key.core/../key.ui/examples/heap/permissions/threads/BFilter_BFilter.key 
221690     INFO  main            d.u.i.k.p.i.AbstractProblemLoader Loading environment from /home/runner/work/key/key/key.core/../key.ui/examples/heap/permissions/threads/BFilter_BFilter.key 
221690     DEBUG main            d.u.i.k.p.i.AbstractProblemLoader Environment load took 105.7ns 
221691     INFO  main            d.u.i.k.p.i.AbstractProblemLoader Creating init config 
226823     DEBUG main            d.u.i.k.p.i.AbstractProblemLoader Init config took 5.13s 
226909     INFO  main            d.u.i.k.p.i.AbstractProblemLoader Replaying proof BFilter[BFilter::BFilter(Sampler,Buffer)].JML normal_behavior operation contract.0 
226912     DEBUG main            d.u.i.k.p.i.IntermediateProofReplayer Proof replay took 8.1ns 
228017     INFO  main            d.u.i.k.p.r.p.TestFile    ... finished proof: closed. 
228360     INFO  main            d.u.i.k.p.i.AbstractProblemLoader Loading environment from /home/runner/work/key/key/key.core/../key.ui/examples/heap/permissions/threads/BFilter_BFilter.key.proof 
228360     DEBUG main            d.u.i.k.p.i.AbstractProblemLoader Environment load took 357.1ns 
228362     INFO  main            d.u.i.k.p.i.AbstractProblemLoader Creating init config 
233444     DEBUG main            d.u.i.k.p.i.AbstractProblemLoader Init config took 5.08s 
233537     INFO  main            d.u.i.k.p.i.AbstractProblemLoader Replaying proof BFilter[BFilter::BFilter(Sampler,Buffer)].JML normal_behavior operation contract.0 
233707     DEBUG main            d.u.i.k.p.i.IntermediateProofReplayer Proof replay took 165.61ms 
233708     DEBUG main            d.u.i.k.p.r.p.TestFile    ... success: reloaded. 
233710     INFO  main            d.u.i.k.p.r.p.TestFile    Now processing file /home/runner/work/key/key/key.core/../key.ui/examples/heap/permissions/threads/BFilter_initPost_accessible.key 
233710     INFO  main            d.u.i.k.p.i.AbstractProblemLoader Loading environment from /home/runner/work/key/key/key.core/../key.ui/examples/heap/permissions/threads/BFilter_initPost_accessible.key 
233710     DEBUG main            d.u.i.k.p.i.AbstractProblemLoader Environment load took 125.1ns 
233711     INFO  main            d.u.i.k.p.i.AbstractProblemLoader Creating init config 
238939     DEBUG main            d.u.i.k.p.i.AbstractProblemLoader Init config took 5.23s 
239045     INFO  main            d.u.i.k.p.i.AbstractProblemLoader Replaying proof BFilter[ThreadSpec2::initPost()].JML accessible clause.0 
239047     DEBUG main            d.u.i.k.p.i.IntermediateProofReplayer Proof replay took 6.2ns 
239154     INFO  main            d.u.i.k.p.r.p.TestFile    ... finished proof: closed. 
239491     INFO  main            d.u.i.k.p.i.AbstractProblemLoader Loading environment from /home/runner/work/key/key/key.core/../key.ui/examples/heap/permissions/threads/BFilter_initPost_accessible.key.proof 
239491     DEBUG main            d.u.i.k.p.i.AbstractProblemLoader Environment load took 121.1ns 
239492     INFO  main            d.u.i.k.p.i.AbstractProblemLoader Creating init config 
244914     DEBUG main            d.u.i.k.p.i.AbstractProblemLoader Init config took 5.42s 
245014     INFO  main            d.u.i.k.p.i.AbstractProblemLoader Replaying proof BFilter[ThreadSpec2::initPost()].JML accessible clause.0 
245029     DEBUG main            d.u.i.k.p.i.IntermediateProofReplayer Proof replay took 12.84ms 
245030     DEBUG main            d.u.i.k.p.r.p.TestFile    ... success: reloaded. 
245031     INFO  main            d.u.i.k.p.r.p.TestFile    Now processing file /home/runner/work/key/key/key.core/../key.ui/examples/heap/permissions/threads/BFilter_inv_accessible1.key 
245031     INFO  main            d.u.i.k.p.i.AbstractProblemLoader Loading environment from /home/runner/work/key/key/key.core/../key.ui/examples/heap/permissions/threads/BFilter_inv_accessible1.key 
245032     DEBUG main            d.u.i.k.p.i.AbstractProblemLoader Environment load took 116.9ns 
245032     INFO  main            d.u.i.k.p.i.AbstractProblemLoader Creating init config 
250580     DEBUG main            d.u.i.k.p.i.AbstractProblemLoader Init config took 5.55s 
250668     INFO  main            d.u.i.k.p.i.AbstractProblemLoader Replaying proof BFilter[java.lang.Object::<inv>()].JML accessible clause.0 
250670     DEBUG main            d.u.i.k.p.i.IntermediateProofReplayer Proof replay took 6.6ns 
250771     INFO  main            d.u.i.k.p.r.p.TestFile    ... finished proof: closed. 
251115     INFO  main            d.u.i.k.p.i.AbstractProblemLoader Loading environment from /home/runner/work/key/key/key.core/../key.ui/examples/heap/permissions/threads/BFilter_inv_accessible1.key.proof 
251115     DEBUG main            d.u.i.k.p.i.AbstractProblemLoader Environment load took 111.5ns 
251116     INFO  main            d.u.i.k.p.i.AbstractProblemLoader Creating init config 
256689     DEBUG main            d.u.i.k.p.i.AbstractProblemLoader Init config took 5.57s 
256778     INFO  main            d.u.i.k.p.i.AbstractProblemLoader Replaying proof BFilter[java.lang.Object::<inv>()].JML accessible clause.0 
256782     DEBUG main            d.u.i.k.p.i.IntermediateProofReplayer Proof replay took 2.55ms 
256783     DEBUG main            d.u.i.k.p.r.p.TestFile    ... success: reloaded. 
256784     INFO  main            d.u.i.k.p.r.p.TestFile    Now processing file /home/runner/work/key/key/key.core/../key.ui/examples/heap/permissions/threads/BFilter_inv_accessible2.key 
256784     INFO  main            d.u.i.k.p.i.AbstractProblemLoader Loading environment from /home/runner/work/key/key/key.core/../key.ui/examples/heap/permissions/threads/BFilter_inv_accessible2.key 
256785     DEBUG main            d.u.i.k.p.i.AbstractProblemLoader Environment load took 98.3ns 
256786     INFO  main            d.u.i.k.p.i.AbstractProblemLoader Creating init config 
262276     DEBUG main            d.u.i.k.p.i.AbstractProblemLoader Init config took 5.49s 
262387     INFO  main            d.u.i.k.p.i.AbstractProblemLoader Replaying proof BFilter[java.lang.Object::<inv>()].JML accessible clause.1 
262390     DEBUG main            d.u.i.k.p.i.IntermediateProofReplayer Proof replay took 6.9ns 
262494     INFO  main            d.u.i.k.p.r.p.TestFile    ... finished proof: closed. 
262834     INFO  main            d.u.i.k.p.i.AbstractProblemLoader Loading environment from /home/runner/work/key/key/key.core/../key.ui/examples/heap/permissions/threads/BFilter_inv_accessible2.key.proof 
262834     DEBUG main            d.u.i.k.p.i.AbstractProblemLoader Environment load took 111.6ns 
262835     INFO  main            d.u.i.k.p.i.AbstractProblemLoader Creating init config 
268478     DEBUG main            d.u.i.k.p.i.AbstractProblemLoader Init config took 5.64s 
268583     INFO  main            d.u.i.k.p.i.AbstractProblemLoader Replaying proof BFilter[java.lang.Object::<inv>()].JML accessible clause.1 
268588     DEBUG main            d.u.i.k.p.i.IntermediateProofReplayer Proof replay took 2.46ms 
268590     DEBUG main            d.u.i.k.p.r.p.TestFile    ... success: reloaded. 
268591     INFO  main            d.u.i.k.p.r.p.TestFile    Now processing file /home/runner/work/key/key/key.core/../key.ui/examples/heap/permissions/threads/BFilter_joinTransfer_accessible.key 
268592     INFO  main            d.u.i.k.p.i.AbstractProblemLoader Loading environment from /home/runner/work/key/key/key.core/../key.ui/examples/heap/permissions/threads/BFilter_joinTransfer_accessible.key 
268592     DEBUG main            d.u.i.k.p.i.AbstractProblemLoader Environment load took 107.3ns 
268593     INFO  main            d.u.i.k.p.i.AbstractProblemLoader Creating init config 
274197     DEBUG main            d.u.i.k.p.i.AbstractProblemLoader Init config took 5.6s 
274288     INFO  main            d.u.i.k.p.i.AbstractProblemLoader Replaying proof BFilter[ThreadSpec2::joinTransfer()].JML accessible clause.0 
274290     DEBUG main            d.u.i.k.p.i.IntermediateProofReplayer Proof replay took 7.1ns 
275598     INFO  main            d.u.i.k.p.r.p.TestFile    ... finished proof: closed. 
275986     INFO  main            d.u.i.k.p.i.AbstractProblemLoader Loading environment from /home/runner/work/key/key/key.core/../key.ui/examples/heap/permissions/threads/BFilter_joinTransfer_accessible.key.proof 
275987     DEBUG main            d.u.i.k.p.i.AbstractProblemLoader Environment load took 357.2ns 
275988     INFO  main            d.u.i.k.p.i.AbstractProblemLoader Creating init config 
281371     DEBUG main            d.u.i.k.p.i.AbstractProblemLoader Init config took 5.38s 
281456     INFO  main            d.u.i.k.p.i.AbstractProblemLoader Replaying proof BFilter[ThreadSpec2::joinTransfer()].JML accessible clause.0 
281594     DEBUG main            d.u.i.k.p.i.IntermediateProofReplayer Proof replay took 131.9ms 
281595     DEBUG main            d.u.i.k.p.r.p.TestFile    ... success: reloaded. 
281597     INFO  main            d.u.i.k.p.r.p.TestFile    Now processing file /home/runner/work/key/key/key.core/../key.ui/examples/heap/permissions/threads/BFilter_joinTransfer_contract.key 
281597     INFO  main            d.u.i.k.p.i.AbstractProblemLoader Loading environment from /home/runner/work/key/key/key.core/../key.ui/examples/heap/permissions/threads/BFilter_joinTransfer_contract.key 
281597     DEBUG main            d.u.i.k.p.i.AbstractProblemLoader Environment load took 109.1ns 
281598     INFO  main            d.u.i.k.p.i.AbstractProblemLoader Creating init config 
286771     DEBUG main            d.u.i.k.p.i.AbstractProblemLoader Init config took 5.17s 
286857     INFO  main            d.u.i.k.p.i.AbstractProblemLoader Replaying proof BFilter[ThreadSpec2::joinTransfer()].JML model_behavior operation contract.0 
286859     DEBUG main            d.u.i.k.p.i.IntermediateProofReplayer Proof replay took 6.2ns 
286960     INFO  main            d.u.i.k.p.r.p.TestFile    ... finished proof: closed. 
287297     INFO  main            d.u.i.k.p.i.AbstractProblemLoader Loading environment from /home/runner/work/key/key/key.core/../key.ui/examples/heap/permissions/threads/BFilter_joinTransfer_contract.key.proof 
287297     DEBUG main            d.u.i.k.p.i.AbstractProblemLoader Environment load took 310.1ns 
287298     INFO  main            d.u.i.k.p.i.AbstractProblemLoader Creating init config 
292307     DEBUG main            d.u.i.k.p.i.AbstractProblemLoader Init config took 5.01s 
292398     INFO  main            d.u.i.k.p.i.AbstractProblemLoader Replaying proof BFilter[ThreadSpec2::joinTransfer()].JML model_behavior operation contract.0 
292408     DEBUG main            d.u.i.k.p.i.IntermediateProofReplayer Proof replay took 7.65ms 
292409     DEBUG main            d.u.i.k.p.r.p.TestFile    ... success: reloaded. 
292410     INFO  main            d.u.i.k.p.r.p.TestFile    Now processing file /home/runner/work/key/key/key.core/../key.ui/examples/heap/permissions/threads/BFilter_postJoin_accessible.key 
292410     INFO  main            d.u.i.k.p.i.AbstractProblemLoader Loading environment from /home/runner/work/key/key/key.core/../key.ui/examples/heap/permissions/threads/BFilter_postJoin_accessible.key 
292410     DEBUG main            d.u.i.k.p.i.AbstractProblemLoader Environment load took 180.2ns 
292411     INFO  main            d.u.i.k.p.i.AbstractProblemLoader Creating init config 
297547     DEBUG main            d.u.i.k.p.i.AbstractProblemLoader Init config took 5.14s 
297627     INFO  main            d.u.i.k.p.i.AbstractProblemLoader Replaying proof BFilter[ThreadSpec2::postJoin(java.lang.Object)].JML accessible clause.0 
297629     DEBUG main            d.u.i.k.p.i.IntermediateProofReplayer Proof replay took 6.4ns 
297734     INFO  main            d.u.i.k.p.r.p.TestFile    ... finished proof: closed. 
298114     INFO  main            d.u.i.k.p.i.AbstractProblemLoader Loading environment from /home/runner/work/key/key/key.core/../key.ui/examples/heap/permissions/threads/BFilter_postJoin_accessible.key.proof 
298114     DEBUG main            d.u.i.k.p.i.AbstractProblemLoader Environment load took 99.3ns 
298115     INFO  main            d.u.i.k.p.i.AbstractProblemLoader Creating init config 
303109     DEBUG main            d.u.i.k.p.i.AbstractProblemLoader Init config took 4.99s 
303207     INFO  main            d.u.i.k.p.i.AbstractProblemLoader Replaying proof BFilter[ThreadSpec2::postJoin(java.lang.Object)].JML accessible clause.0 
303216     DEBUG main            d.u.i.k.p.i.IntermediateProofReplayer Proof replay took 7.13ms 
303217     DEBUG main            d.u.i.k.p.r.p.TestFile    ... success: reloaded. 
303218     INFO  main            d.u.i.k.p.r.p.TestFile    Now processing file /home/runner/work/key/key/key.core/../key.ui/examples/heap/permissions/threads/BFilter_preStart_accessible.key 
303218     INFO  main            d.u.i.k.p.i.AbstractProblemLoader Loading environment from /home/runner/work/key/key/key.core/../key.ui/examples/heap/permissions/threads/BFilter_preStart_accessible.key 
303218     DEBUG main            d.u.i.k.p.i.AbstractProblemLoader Environment load took 165.9ns 
303219     INFO  main            d.u.i.k.p.i.AbstractProblemLoader Creating init config 
308343     DEBUG main            d.u.i.k.p.i.AbstractProblemLoader Init config took 5.12s 
308439     INFO  main            d.u.i.k.p.i.AbstractProblemLoader Replaying proof BFilter[ThreadSpec2::preStart(java.lang.Object)].JML accessible clause.0 
308441     DEBUG main            d.u.i.k.p.i.IntermediateProofReplayer Proof replay took 6.7ns 
308744     INFO  main            d.u.i.k.p.r.p.TestFile    ... finished proof: closed. 
309114     INFO  main            d.u.i.k.p.i.AbstractProblemLoader Loading environment from /home/runner/work/key/key/key.core/../key.ui/examples/heap/permissions/threads/BFilter_preStart_accessible.key.proof 
309114     DEBUG main            d.u.i.k.p.i.AbstractProblemLoader Environment load took 104.4ns 
309115     INFO  main            d.u.i.k.p.i.AbstractProblemLoader Creating init config 
314175     DEBUG main            d.u.i.k.p.i.AbstractProblemLoader Init config took 5.06s 
314261     INFO  main            d.u.i.k.p.i.AbstractProblemLoader Replaying proof BFilter[ThreadSpec2::preStart(java.lang.Object)].JML accessible clause.0 
314298     DEBUG main            d.u.i.k.p.i.IntermediateProofReplayer Proof replay took 34.22ms 
314299     DEBUG main            d.u.i.k.p.r.p.TestFile    ... success: reloaded. 
314300     INFO  main            d.u.i.k.p.r.p.TestFile    Now processing file /home/runner/work/key/key/key.core/../key.ui/examples/heap/permissions/threads/BFilter_startTransfer_accessible.key 
314300     INFO  main            d.u.i.k.p.i.AbstractProblemLoader Loading environment from /home/runner/work/key/key/key.core/../key.ui/examples/heap/permissions/threads/BFilter_startTransfer_accessible.key 
314300     DEBUG main            d.u.i.k.p.i.AbstractProblemLoader Environment load took 116.2ns 
314301     INFO  main            d.u.i.k.p.i.AbstractProblemLoader Creating init config 
319454     DEBUG main            d.u.i.k.p.i.AbstractProblemLoader Init config took 5.15s 
319547     INFO  main            d.u.i.k.p.i.AbstractProblemLoader Replaying proof BFilter[ThreadSpec2::startTransfer()].JML accessible clause.0 
319549     DEBUG main            d.u.i.k.p.i.IntermediateProofReplayer Proof replay took 6.4ns 
330212     INFO  main            d.u.i.k.p.r.p.TestFile    ... finished proof: closed. 
330594     INFO  main            d.u.i.k.p.i.AbstractProblemLoader Loading environment from /home/runner/work/key/key/key.core/../key.ui/examples/heap/permissions/threads/BFilter_startTransfer_accessible.key.proof 
330594     DEBUG main            d.u.i.k.p.i.AbstractProblemLoader Environment load took 353.3ns 
330596     INFO  main            d.u.i.k.p.i.AbstractProblemLoader Creating init config 
335659     DEBUG main            d.u.i.k.p.i.AbstractProblemLoader Init config took 5.06s 
335744     INFO  main            d.u.i.k.p.i.AbstractProblemLoader Replaying proof BFilter[ThreadSpec2::startTransfer()].JML accessible clause.0 
336661     DEBUG main            d.u.i.k.p.i.IntermediateProofReplayer Proof replay took 900.16ms 
336663     DEBUG main            d.u.i.k.p.r.p.TestFile    ... success: reloaded. 
336664     INFO  main            d.u.i.k.p.r.p.TestFile    Now processing file /home/runner/work/key/key/key.core/../key.ui/examples/heap/permissions/threads/BFilter_startTransfer_contract.key 
336665     INFO  main            d.u.i.k.p.i.AbstractProblemLoader Loading environment from /home/runner/work/key/key/key.core/../key.ui/examples/heap/permissions/threads/BFilter_startTransfer_contract.key 
336665     DEBUG main            d.u.i.k.p.i.AbstractProblemLoader Environment load took 239.9ns 
336666     INFO  main            d.u.i.k.p.i.AbstractProblemLoader Creating init config 
341771     DEBUG main            d.u.i.k.p.i.AbstractProblemLoader Init config took 5.11s 
341854     INFO  main            d.u.i.k.p.i.AbstractProblemLoader Replaying proof BFilter[ThreadSpec2::startTransfer()].JML model_behavior operation contract.0 
341856     DEBUG main            d.u.i.k.p.i.IntermediateProofReplayer Proof replay took 6.8ns 
342960     INFO  main            d.u.i.k.p.r.p.TestFile    ... finished proof: closed. 
343324     INFO  main            d.u.i.k.p.i.AbstractProblemLoader Loading environment from /home/runner/work/key/key/key.core/../key.ui/examples/heap/permissions/threads/BFilter_startTransfer_contract.key.proof 
343325     DEBUG main            d.u.i.k.p.i.AbstractProblemLoader Environment load took 311.5ns 
343327     INFO  main            d.u.i.k.p.i.AbstractProblemLoader Creating init config 
348345     DEBUG main            d.u.i.k.p.i.AbstractProblemLoader Init config took 5.02s 
348426     INFO  main            d.u.i.k.p.i.AbstractProblemLoader Replaying proof BFilter[ThreadSpec2::startTransfer()].JML model_behavior operation contract.0 
348541     DEBUG main            d.u.i.k.p.i.IntermediateProofReplayer Proof replay took 108.62ms 
348542     DEBUG main            d.u.i.k.p.r.p.TestFile    ... success: reloaded. 
348543     INFO  main            d.u.i.k.p.r.p.TestFile    Now processing file /home/runner/work/key/key/key.core/../key.ui/examples/heap/permissions/threads/BFilter_stateInv_accessible.key 
348543     INFO  main            d.u.i.k.p.i.AbstractProblemLoader Loading environment from /home/runner/work/key/key/key.core/../key.ui/examples/heap/permissions/threads/BFilter_stateInv_accessible.key 
348543     DEBUG main            d.u.i.k.p.i.AbstractProblemLoader Environment load took 61.2ns 
348544     INFO  main            d.u.i.k.p.i.AbstractProblemLoader Creating init config 
353749     DEBUG main            d.u.i.k.p.i.AbstractProblemLoader Init config took 5.21s 
353830     INFO  main            d.u.i.k.p.i.AbstractProblemLoader Replaying proof BFilter[ThreadSpec2::stateInv()].JML accessible clause.0 
353832     DEBUG main            d.u.i.k.p.i.IntermediateProofReplayer Proof replay took 6.5ns 
354137     INFO  main            d.u.i.k.p.r.p.TestFile    ... finished proof: closed. 
354534     INFO  main            d.u.i.k.p.i.AbstractProblemLoader Loading environment from /home/runner/work/key/key/key.core/../key.ui/examples/heap/permissions/threads/BFilter_stateInv_accessible.key.proof 
354534     DEBUG main            d.u.i.k.p.i.AbstractProblemLoader Environment load took 96.1ns 
354535     INFO  main            d.u.i.k.p.i.AbstractProblemLoader Creating init config 
359568     DEBUG main            d.u.i.k.p.i.AbstractProblemLoader Init config took 5.03s 
359663     INFO  main            d.u.i.k.p.i.AbstractProblemLoader Replaying proof BFilter[ThreadSpec2::stateInv()].JML accessible clause.0 
359714     DEBUG main            d.u.i.k.p.i.IntermediateProofReplayer Proof replay took 44.5ms 
359715     DEBUG main            d.u.i.k.p.r.p.TestFile    ... success: reloaded. 
359716     INFO  main            d.u.i.k.p.r.p.TestFile    Now processing file /home/runner/work/key/key/key.core/../key.ui/examples/heap/permissions/threads/BFilter_staticPermissions_accessible.key 
359716     INFO  main            d.u.i.k.p.i.AbstractProblemLoader Loading environment from /home/runner/work/key/key/key.core/../key.ui/examples/heap/permissions/threads/BFilter_staticPermissions_accessible.key 
359716     DEBUG main            d.u.i.k.p.i.AbstractProblemLoader Environment load took 115.5ns 
359717     INFO  main            d.u.i.k.p.i.AbstractProblemLoader Creating init config 
364884     DEBUG main            d.u.i.k.p.i.AbstractProblemLoader Init config took 5.17s 
364965     INFO  main            d.u.i.k.p.i.AbstractProblemLoader Replaying proof BFilter[ThreadSpec2::staticPermissions()].JML accessible clause.0 
364967     DEBUG main            d.u.i.k.p.i.IntermediateProofReplayer Proof replay took 19.1ns 
365069     INFO  main            d.u.i.k.p.r.p.TestFile    ... finished proof: closed. 
365454     INFO  main            d.u.i.k.p.i.AbstractProblemLoader Loading environment from /home/runner/work/key/key/key.core/../key.ui/examples/heap/permissions/threads/BFilter_staticPermissions_accessible.key.proof 
365455     DEBUG main            d.u.i.k.p.i.AbstractProblemLoader Environment load took 146.3ns 
365455     INFO  main            d.u.i.k.p.i.AbstractProblemLoader Creating init config 
370500     DEBUG main            d.u.i.k.p.i.AbstractProblemLoader Init config took 5.04s 
370582     INFO  main            d.u.i.k.p.i.AbstractProblemLoader Replaying proof BFilter[ThreadSpec2::staticPermissions()].JML accessible clause.0 
370595     DEBUG main            d.u.i.k.p.i.IntermediateProofReplayer Proof replay took 10.68ms 
370595     DEBUG main            d.u.i.k.p.r.p.TestFile    ... success: reloaded. 
370596     INFO  main            d.u.i.k.p.r.p.TestFile    Now processing file /home/runner/work/key/key/key.core/../key.ui/examples/heap/permissions/threads/BFilter_workingPermissions_accessible.key 
370597     INFO  main            d.u.i.k.p.i.AbstractProblemLoader Loading environment from /home/runner/work/key/key/key.core/../key.ui/examples/heap/permissions/threads/BFilter_workingPermissions_accessible.key 
370597     DEBUG main            d.u.i.k.p.i.AbstractProblemLoader Environment load took 63.5ns 
370598     INFO  main            d.u.i.k.p.i.AbstractProblemLoader Creating init config 
375742     DEBUG main            d.u.i.k.p.i.AbstractProblemLoader Init config took 5.14s 
375823     INFO  main            d.u.i.k.p.i.AbstractProblemLoader Replaying proof BFilter[ThreadSpec2::workingPermissions()].JML accessible clause.0 
375824     DEBUG main            d.u.i.k.p.i.IntermediateProofReplayer Proof replay took 6.4ns 
375926     INFO  main            d.u.i.k.p.r.p.TestFile    ... finished proof: closed. 
376298     INFO  main            d.u.i.k.p.i.AbstractProblemLoader Loading environment from /home/runner/work/key/key/key.core/../key.ui/examples/heap/permissions/threads/BFilter_workingPermissions_accessible.key.proof 
376298     DEBUG main            d.u.i.k.p.i.AbstractProblemLoader Environment load took 94.2ns 
376299     INFO  main            d.u.i.k.p.i.AbstractProblemLoader Creating init config 
381343     DEBUG main            d.u.i.k.p.i.AbstractProblemLoader Init config took 5.04s 
381424     INFO  main            d.u.i.k.p.i.AbstractProblemLoader Replaying proof BFilter[ThreadSpec2::workingPermissions()].JML accessible clause.0 
381434     DEBUG main            d.u.i.k.p.i.IntermediateProofReplayer Proof replay took 8.66ms 
381435     DEBUG main            d.u.i.k.p.r.p.TestFile    ... success: reloaded. 
381436     INFO  main            d.u.i.k.p.r.p.TestFile    Now processing file /home/runner/work/key/key/key.core/../key.ui/examples/heap/permissions/threads/Fib_Fib.key 
381436     INFO  main            d.u.i.k.p.i.AbstractProblemLoader Loading environment from /home/runner/work/key/key/key.core/../key.ui/examples/heap/permissions/threads/Fib_Fib.key 
381436     DEBUG main            d.u.i.k.p.i.AbstractProblemLoader Environment load took 86ns 
381437     INFO  main            d.u.i.k.p.i.AbstractProblemLoader Creating init config 
386504     DEBUG main            d.u.i.k.p.i.AbstractProblemLoader Init config took 5.07s 
386586     INFO  main            d.u.i.k.p.i.AbstractProblemLoader Replaying proof Fib[Fib::Fib(int)].JML normal_behavior operation contract.0 
386588     DEBUG main            d.u.i.k.p.i.IntermediateProofReplayer Proof replay took 6.3ns 
387291     INFO  main            d.u.i.k.p.r.p.TestFile    ... finished proof: closed. 
387771     INFO  main            d.u.i.k.p.i.AbstractProblemLoader Loading environment from /home/runner/work/key/key/key.core/../key.ui/examples/heap/permissions/threads/Fib_Fib.key.proof 
387771     DEBUG main            d.u.i.k.p.i.AbstractProblemLoader Environment load took 99.7ns 
387772     INFO  main            d.u.i.k.p.i.AbstractProblemLoader Creating init config 
392852     DEBUG main            d.u.i.k.p.i.AbstractProblemLoader Init config took 5.08s 
392951     INFO  main            d.u.i.k.p.i.AbstractProblemLoader Replaying proof Fib[Fib::Fib(int)].JML normal_behavior operation contract.0 
393073     DEBUG main            d.u.i.k.p.i.IntermediateProofReplayer Proof replay took 118.56ms 
393074     DEBUG main            d.u.i.k.p.r.p.TestFile    ... success: reloaded. 
393075     INFO  main            d.u.i.k.p.r.p.TestFile    Now processing file /home/runner/work/key/key/key.core/../key.ui/examples/heap/permissions/threads/Fib_initPost_accessible.key 
393075     INFO  main            d.u.i.k.p.i.AbstractProblemLoader Loading environment from /home/runner/work/key/key/key.core/../key.ui/examples/heap/permissions/threads/Fib_initPost_accessible.key 
393075     DEBUG main            d.u.i.k.p.i.AbstractProblemLoader Environment load took 99.3ns 
393076     INFO  main            d.u.i.k.p.i.AbstractProblemLoader Creating init config 
398404     DEBUG main            d.u.i.k.p.i.AbstractProblemLoader Init config took 5.33s 
398485     INFO  main            d.u.i.k.p.i.AbstractProblemLoader Replaying proof Fib[ThreadSpec::initPost()].JML accessible clause.0 
398486     DEBUG main            d.u.i.k.p.i.IntermediateProofReplayer Proof replay took 6.4ns 
398588     INFO  main            d.u.i.k.p.r.p.TestFile    ... finished proof: closed. 
399016     INFO  main            d.u.i.k.p.i.AbstractProblemLoader Loading environment from /home/runner/work/key/key/key.core/../key.ui/examples/heap/permissions/threads/Fib_initPost_accessible.key.proof 
399016     DEBUG main            d.u.i.k.p.i.AbstractProblemLoader Environment load took 99.2ns 
399017     INFO  main            d.u.i.k.p.i.AbstractProblemLoader Creating init config 
404067     DEBUG main            d.u.i.k.p.i.AbstractProblemLoader Init config took 5.05s 
404159     INFO  main            d.u.i.k.p.i.AbstractProblemLoader Replaying proof Fib[ThreadSpec::initPost()].JML accessible clause.0 
404166     DEBUG main            d.u.i.k.p.i.IntermediateProofReplayer Proof replay took 5.61ms 
404167     DEBUG main            d.u.i.k.p.r.p.TestFile    ... success: reloaded. 
404168     INFO  main            d.u.i.k.p.r.p.TestFile    Now processing file /home/runner/work/key/key/key.core/../key.ui/examples/heap/permissions/threads/Fib_inv1_accessible.key 
404168     INFO  main            d.u.i.k.p.i.AbstractProblemLoader Loading environment from /home/runner/work/key/key/key.core/../key.ui/examples/heap/permissions/threads/Fib_inv1_accessible.key 
404168     DEBUG main            d.u.i.k.p.i.AbstractProblemLoader Environment load took 92.7ns 
404169     INFO  main            d.u.i.k.p.i.AbstractProblemLoader Creating init config 
409237     DEBUG main            d.u.i.k.p.i.AbstractProblemLoader Init config took 5.07s 
409316     INFO  main            d.u.i.k.p.i.AbstractProblemLoader Replaying proof Fib[java.lang.Object::<inv>()].JML accessible clause.0 
409318     DEBUG main            d.u.i.k.p.i.IntermediateProofReplayer Proof replay took 6.2ns 
409421     INFO  main            d.u.i.k.p.r.p.TestFile    ... finished proof: closed. 
409833     INFO  main            d.u.i.k.p.i.AbstractProblemLoader Loading environment from /home/runner/work/key/key/key.core/../key.ui/examples/heap/permissions/threads/Fib_inv1_accessible.key.proof 
409833     DEBUG main            d.u.i.k.p.i.AbstractProblemLoader Environment load took 104ns 
409834     INFO  main            d.u.i.k.p.i.AbstractProblemLoader Creating init config 
414830     DEBUG main            d.u.i.k.p.i.AbstractProblemLoader Init config took 5s 
414923     INFO  main            d.u.i.k.p.i.AbstractProblemLoader Replaying proof Fib[java.lang.Object::<inv>()].JML accessible clause.0 
414926     DEBUG main            d.u.i.k.p.i.IntermediateProofReplayer Proof replay took 1.84ms 
414927     DEBUG main            d.u.i.k.p.r.p.TestFile    ... success: reloaded. 
414928     INFO  main            d.u.i.k.p.r.p.TestFile    Now processing file /home/runner/work/key/key/key.core/../key.ui/examples/heap/permissions/threads/Fib_inv2_accessible.key 
414928     INFO  main            d.u.i.k.p.i.AbstractProblemLoader Loading environment from /home/runner/work/key/key/key.core/../key.ui/examples/heap/permissions/threads/Fib_inv2_accessible.key 
414928     DEBUG main            d.u.i.k.p.i.AbstractProblemLoader Environment load took 96.6ns 
414929     INFO  main            d.u.i.k.p.i.AbstractProblemLoader Creating init config 
420050     DEBUG main            d.u.i.k.p.i.AbstractProblemLoader Init config took 5.12s 
420156     INFO  main            d.u.i.k.p.i.AbstractProblemLoader Replaying proof Fib[java.lang.Object::<inv>()].JML accessible clause.1 
420158     DEBUG main            d.u.i.k.p.i.IntermediateProofReplayer Proof replay took 7.4ns 
420259     INFO  main            d.u.i.k.p.r.p.TestFile    ... finished proof: closed. 
420684     INFO  main            d.u.i.k.p.i.AbstractProblemLoader Loading environment from /home/runner/work/key/key/key.core/../key.ui/examples/heap/permissions/threads/Fib_inv2_accessible.key.proof 
420684     DEBUG main            d.u.i.k.p.i.AbstractProblemLoader Environment load took 97.2ns 
420685     INFO  main            d.u.i.k.p.i.AbstractProblemLoader Creating init config 
426099     DEBUG main            d.u.i.k.p.i.AbstractProblemLoader Init config took 5.41s 
426181     INFO  main            d.u.i.k.p.i.AbstractProblemLoader Replaying proof Fib[java.lang.Object::<inv>()].JML accessible clause.1 
426184     DEBUG main            d.u.i.k.p.i.IntermediateProofReplayer Proof replay took 1.92ms 
426185     DEBUG main            d.u.i.k.p.r.p.TestFile    ... success: reloaded. 
426186     INFO  main            d.u.i.k.p.r.p.TestFile    Now processing file /home/runner/work/key/key/key.core/../key.ui/examples/heap/permissions/threads/Fib_joinTransfer_accessible.key 
426186     INFO  main            d.u.i.k.p.i.AbstractProblemLoader Loading environment from /home/runner/work/key/key/key.core/../key.ui/examples/heap/permissions/threads/Fib_joinTransfer_accessible.key 
426186     DEBUG main            d.u.i.k.p.i.AbstractProblemLoader Environment load took 95.9ns 
426187     INFO  main            d.u.i.k.p.i.AbstractProblemLoader Creating init config 
431590     DEBUG main            d.u.i.k.p.i.AbstractProblemLoader Init config took 5.4s 
431680     INFO  main            d.u.i.k.p.i.AbstractProblemLoader Replaying proof Fib[ThreadSpec::joinTransfer()].JML accessible clause.0 
431682     DEBUG main            d.u.i.k.p.i.IntermediateProofReplayer Proof replay took 6.6ns 
431884     INFO  main            d.u.i.k.p.r.p.TestFile    ... finished proof: closed. 
432319     INFO  main            d.u.i.k.p.i.AbstractProblemLoader Loading environment from /home/runner/work/key/key/key.core/../key.ui/examples/heap/permissions/threads/Fib_joinTransfer_accessible.key.proof 
432319     DEBUG main            d.u.i.k.p.i.AbstractProblemLoader Environment load took 97.8ns 
432320     INFO  main            d.u.i.k.p.i.AbstractProblemLoader Creating init config 
437811     DEBUG main            d.u.i.k.p.i.AbstractProblemLoader Init config took 5.49s 
437899     INFO  main            d.u.i.k.p.i.AbstractProblemLoader Replaying proof Fib[ThreadSpec::joinTransfer()].JML accessible clause.0 
437930     DEBUG main            d.u.i.k.p.i.IntermediateProofReplayer Proof replay took 28.62ms 
437931     DEBUG main            d.u.i.k.p.r.p.TestFile    ... success: reloaded. 
437932     INFO  main            d.u.i.k.p.r.p.TestFile    Now processing file /home/runner/work/key/key/key.core/../key.ui/examples/heap/permissions/threads/Fib_joinTransfer_contract.key 
437932     INFO  main            d.u.i.k.p.i.AbstractProblemLoader Loading environment from /home/runner/work/key/key/key.core/../key.ui/examples/heap/permissions/threads/Fib_joinTransfer_contract.key 
437932     DEBUG main            d.u.i.k.p.i.AbstractProblemLoader Environment load took 62.8ns 
437933     INFO  main            d.u.i.k.p.i.AbstractProblemLoader Creating init config 
443317     DEBUG main            d.u.i.k.p.i.AbstractProblemLoader Init config took 5.38s 
443401     INFO  main            d.u.i.k.p.i.AbstractProblemLoader Replaying proof Fib[ThreadSpec::joinTransfer()].JML model_behavior operation contract.0 
443403     DEBUG main            d.u.i.k.p.i.IntermediateProofReplayer Proof replay took 6.3ns 
443505     INFO  main            d.u.i.k.p.r.p.TestFile    ... finished proof: closed. 
443954     INFO  main            d.u.i.k.p.i.AbstractProblemLoader Loading environment from /home/runner/work/key/key/key.core/../key.ui/examples/heap/permissions/threads/Fib_joinTransfer_contract.key.proof 
443954     DEBUG main            d.u.i.k.p.i.AbstractProblemLoader Environment load took 103.9ns 
443954     INFO  main            d.u.i.k.p.i.AbstractProblemLoader Creating init config 
449514     DEBUG main            d.u.i.k.p.i.AbstractProblemLoader Init config took 5.56s 
449604     INFO  main            d.u.i.k.p.i.AbstractProblemLoader Replaying proof Fib[ThreadSpec::joinTransfer()].JML model_behavior operation contract.0 
449615     DEBUG main            d.u.i.k.p.i.IntermediateProofReplayer Proof replay took 9.46ms 
449616     DEBUG main            d.u.i.k.p.r.p.TestFile    ... success: reloaded. 
449617     INFO  main            d.u.i.k.p.r.p.TestFile    Now processing file /home/runner/work/key/key/key.core/../key.ui/examples/heap/permissions/threads/Fib_postJoin_accessible.key 
449617     INFO  main            d.u.i.k.p.i.AbstractProblemLoader Loading environment from /home/runner/work/key/key/key.core/../key.ui/examples/heap/permissions/threads/Fib_postJoin_accessible.key 
449617     DEBUG main            d.u.i.k.p.i.AbstractProblemLoader Environment load took 61.3ns 
449618     INFO  main            d.u.i.k.p.i.AbstractProblemLoader Creating init config 
455144     DEBUG main            d.u.i.k.p.i.AbstractProblemLoader Init config took 5.53s 
455230     INFO  main            d.u.i.k.p.i.AbstractProblemLoader Replaying proof Fib[ThreadSpec::postJoin(java.lang.Object)].JML accessible clause.0 
455232     DEBUG main            d.u.i.k.p.i.IntermediateProofReplayer Proof replay took 7.5ns 
455333     INFO  main            d.u.i.k.p.r.p.TestFile    ... finished proof: closed. 
455798     INFO  main            d.u.i.k.p.i.AbstractProblemLoader Loading environment from /home/runner/work/key/key/key.core/../key.ui/examples/heap/permissions/threads/Fib_postJoin_accessible.key.proof 
455798     DEBUG main            d.u.i.k.p.i.AbstractProblemLoader Environment load took 91.1ns 
455799     INFO  main            d.u.i.k.p.i.AbstractProblemLoader Creating init config 
461131     DEBUG main            d.u.i.k.p.i.AbstractProblemLoader Init config took 5.33s 
461213     INFO  main            d.u.i.k.p.i.AbstractProblemLoader Replaying proof Fib[ThreadSpec::postJoin(java.lang.Object)].JML accessible clause.0 
461220     DEBUG main            d.u.i.k.p.i.IntermediateProofReplayer Proof replay took 5.92ms 
461221     DEBUG main            d.u.i.k.p.r.p.TestFile    ... success: reloaded. 
461222     INFO  main            d.u.i.k.p.r.p.TestFile    Now processing file /home/runner/work/key/key/key.core/../key.ui/examples/heap/permissions/threads/Fib_preStart_accessible.key 
461222     INFO  main            d.u.i.k.p.i.AbstractProblemLoader Loading environment from /home/runner/work/key/key/key.core/../key.ui/examples/heap/permissions/threads/Fib_preStart_accessible.key 
461222     DEBUG main            d.u.i.k.p.i.AbstractProblemLoader Environment load took 96.3ns 
461223     INFO  main            d.u.i.k.p.i.AbstractProblemLoader Creating init config 
466487     DEBUG main            d.u.i.k.p.i.AbstractProblemLoader Init config took 5.26s 
466579     INFO  main            d.u.i.k.p.i.AbstractProblemLoader Replaying proof Fib[ThreadSpec::preStart(java.lang.Object)].JML accessible clause.0 
466580     DEBUG main            d.u.i.k.p.i.IntermediateProofReplayer Proof replay took 17.9ns 
466682     INFO  main            d.u.i.k.p.r.p.TestFile    ... finished proof: closed. 
467140     INFO  main            d.u.i.k.p.i.AbstractProblemLoader Loading environment from /home/runner/work/key/key/key.core/../key.ui/examples/heap/permissions/threads/Fib_preStart_accessible.key.proof 
467140     DEBUG main            d.u.i.k.p.i.AbstractProblemLoader Environment load took 87ns 
467141     INFO  main            d.u.i.k.p.i.AbstractProblemLoader Creating init config 
472202     DEBUG main            d.u.i.k.p.i.AbstractProblemLoader Init config took 5.06s 
472304     INFO  main            d.u.i.k.p.i.AbstractProblemLoader Replaying proof Fib[ThreadSpec::preStart(java.lang.Object)].JML accessible clause.0 
472311     DEBUG main            d.u.i.k.p.i.IntermediateProofReplayer Proof replay took 5.69ms 
472312     DEBUG main            d.u.i.k.p.r.p.TestFile    ... success: reloaded. 
472313     INFO  main            d.u.i.k.p.r.p.TestFile    Now processing file /home/runner/work/key/key/key.core/../key.ui/examples/heap/permissions/threads/Fib_startTransfer_accessible.key 
472313     INFO  main            d.u.i.k.p.i.AbstractProblemLoader Loading environment from /home/runner/work/key/key/key.core/../key.ui/examples/heap/permissions/threads/Fib_startTransfer_accessible.key 
472313     DEBUG main            d.u.i.k.p.i.AbstractProblemLoader Environment load took 111.7ns 
472314     INFO  main            d.u.i.k.p.i.AbstractProblemLoader Creating init config 
477416     DEBUG main            d.u.i.k.p.i.AbstractProblemLoader Init config took 5.1s 
477502     INFO  main            d.u.i.k.p.i.AbstractProblemLoader Replaying proof Fib[ThreadSpec::startTransfer()].JML accessible clause.0 
477503     DEBUG main            d.u.i.k.p.i.IntermediateProofReplayer Proof replay took 6.9ns 
477705     INFO  main            d.u.i.k.p.r.p.TestFile    ... finished proof: closed. 
478164     INFO  main            d.u.i.k.p.i.AbstractProblemLoader Loading environment from /home/runner/work/key/key/key.core/../key.ui/examples/heap/permissions/threads/Fib_startTransfer_accessible.key.proof 
478164     DEBUG main            d.u.i.k.p.i.AbstractProblemLoader Environment load took 100.7ns 
478165     INFO  main            d.u.i.k.p.i.AbstractProblemLoader Creating init config 
483253     DEBUG main            d.u.i.k.p.i.AbstractProblemLoader Init config took 5.09s 
483344     INFO  main            d.u.i.k.p.i.AbstractProblemLoader Replaying proof Fib[ThreadSpec::startTransfer()].JML accessible clause.0 
483385     DEBUG main            d.u.i.k.p.i.IntermediateProofReplayer Proof replay took 38.42ms 
483386     DEBUG main            d.u.i.k.p.r.p.TestFile    ... success: reloaded. 
483387     INFO  main            d.u.i.k.p.r.p.TestFile    Now processing file /home/runner/work/key/key/key.core/../key.ui/examples/heap/permissions/threads/Fib_startTransfer_contract.key 
483387     INFO  main            d.u.i.k.p.i.AbstractProblemLoader Loading environment from /home/runner/work/key/key/key.core/../key.ui/examples/heap/permissions/threads/Fib_startTransfer_contract.key 
483387     DEBUG main            d.u.i.k.p.i.AbstractProblemLoader Environment load took 59.1ns 
483388     INFO  main            d.u.i.k.p.i.AbstractProblemLoader Creating init config 
488670     DEBUG main            d.u.i.k.p.i.AbstractProblemLoader Init config took 5.28s 
488750     INFO  main            d.u.i.k.p.i.AbstractProblemLoader Replaying proof Fib[ThreadSpec::startTransfer()].JML model_behavior operation contract.0 
488752     DEBUG main            d.u.i.k.p.i.IntermediateProofReplayer Proof replay took 6.3ns 
488853     INFO  main            d.u.i.k.p.r.p.TestFile    ... finished proof: closed. 
489298     INFO  main            d.u.i.k.p.i.AbstractProblemLoader Loading environment from /home/runner/work/key/key/key.core/../key.ui/examples/heap/permissions/threads/Fib_startTransfer_contract.key.proof 
489298     DEBUG main            d.u.i.k.p.i.AbstractProblemLoader Environment load took 94.9ns 
489299     INFO  main            d.u.i.k.p.i.AbstractProblemLoader Creating init config 
494326     DEBUG main            d.u.i.k.p.i.AbstractProblemLoader Init config took 5.03s 
494416     INFO  main            d.u.i.k.p.i.AbstractProblemLoader Replaying proof Fib[ThreadSpec::startTransfer()].JML model_behavior operation contract.0 
494424     DEBUG main            d.u.i.k.p.i.IntermediateProofReplayer Proof replay took 6.93ms 
494425     DEBUG main            d.u.i.k.p.r.p.TestFile    ... success: reloaded. 
494426     INFO  main            d.u.i.k.p.r.p.TestFile    Now processing file /home/runner/work/key/key/key.core/../key.ui/examples/heap/permissions/threads/Fib_workingPermissions_accessible.key 
494426     INFO  main            d.u.i.k.p.i.AbstractProblemLoader Loading environment from /home/runner/work/key/key/key.core/../key.ui/examples/heap/permissions/threads/Fib_workingPermissions_accessible.key 
494426     DEBUG main            d.u.i.k.p.i.AbstractProblemLoader Environment load took 57.2ns 
494427     INFO  main            d.u.i.k.p.i.AbstractProblemLoader Creating init config 
499538     DEBUG main            d.u.i.k.p.i.AbstractProblemLoader Init config took 5.11s 
499617     INFO  main            d.u.i.k.p.i.AbstractProblemLoader Replaying proof Fib[ThreadSpec::workingPermissions()].JML accessible clause.0 
499619     DEBUG main            d.u.i.k.p.i.IntermediateProofReplayer Proof replay took 6.5ns 
499721     INFO  main            d.u.i.k.p.r.p.TestFile    ... finished proof: closed. 
500203     INFO  main            d.u.i.k.p.i.AbstractProblemLoader Loading environment from /home/runner/work/key/key/key.core/../key.ui/examples/heap/permissions/threads/Fib_workingPermissions_accessible.key.proof 
500203     DEBUG main            d.u.i.k.p.i.AbstractProblemLoader Environment load took 117.3ns 
500204     INFO  main            d.u.i.k.p.i.AbstractProblemLoader Creating init config 
505274     DEBUG main            d.u.i.k.p.i.AbstractProblemLoader Init config took 5.07s 
505356     INFO  main            d.u.i.k.p.i.AbstractProblemLoader Replaying proof Fib[ThreadSpec::workingPermissions()].JML accessible clause.0 
505359     DEBUG main            d.u.i.k.p.i.IntermediateProofReplayer Proof replay took 2.1ms 
505360     DEBUG main            d.u.i.k.p.r.p.TestFile    ... success: reloaded. 
505361     INFO  main            d.u.i.k.p.r.p.TestFile    Now processing file /home/runner/work/key/key/key.core/../key.ui/examples/heap/permissions/threads/Plotter_initPost_accessible.key 
505361     INFO  main            d.u.i.k.p.i.AbstractProblemLoader Loading environment from /home/runner/work/key/key/key.core/../key.ui/examples/heap/permissions/threads/Plotter_initPost_accessible.key 
505361     DEBUG main            d.u.i.k.p.i.AbstractProblemLoader Environment load took 56.01ns 
505361     INFO  main            d.u.i.k.p.i.AbstractProblemLoader Creating init config 
510553     DEBUG main            d.u.i.k.p.i.AbstractProblemLoader Init config took 5.19s 
510633     INFO  main            d.u.i.k.p.i.AbstractProblemLoader Replaying proof Plotter[ThreadSpec2::initPost()].JML accessible clause.0 
510634     DEBUG main            d.u.i.k.p.i.IntermediateProofReplayer Proof replay took 6.9ns 
510736     INFO  main            d.u.i.k.p.r.p.TestFile    ... finished proof: closed. 
511219     INFO  main            d.u.i.k.p.i.AbstractProblemLoader Loading environment from /home/runner/work/key/key/key.core/../key.ui/examples/heap/permissions/threads/Plotter_initPost_accessible.key.proof 
511219     DEBUG main            d.u.i.k.p.i.AbstractProblemLoader Environment load took 79.01ns 
511220     INFO  main            d.u.i.k.p.i.AbstractProblemLoader Creating init config 
516308     DEBUG main            d.u.i.k.p.i.AbstractProblemLoader Init config took 5.09s 
516386     INFO  main            d.u.i.k.p.i.AbstractProblemLoader Replaying proof Plotter[ThreadSpec2::initPost()].JML accessible clause.0 
516402     DEBUG main            d.u.i.k.p.i.IntermediateProofReplayer Proof replay took 14.24ms 
516402     DEBUG main            d.u.i.k.p.r.p.TestFile    ... success: reloaded. 
516403     INFO  main            d.u.i.k.p.r.p.TestFile    Now processing file /home/runner/work/key/key/key.core/../key.ui/examples/heap/permissions/threads/Plotter_inv_accessible1.key 
516403     INFO  main            d.u.i.k.p.i.AbstractProblemLoader Loading environment from /home/runner/work/key/key/key.core/../key.ui/examples/heap/permissions/threads/Plotter_inv_accessible1.key 
516403     DEBUG main            d.u.i.k.p.i.AbstractProblemLoader Environment load took 96.5ns 
516404     INFO  main            d.u.i.k.p.i.AbstractProblemLoader Creating init config 
521446     DEBUG main            d.u.i.k.p.i.AbstractProblemLoader Init config took 5.04s 
521524     INFO  main            d.u.i.k.p.i.AbstractProblemLoader Replaying proof Plotter[java.lang.Object::<inv>()].JML accessible clause.0 
521525     DEBUG main            d.u.i.k.p.i.IntermediateProofReplayer Proof replay took 6.6ns 
521627     INFO  main            d.u.i.k.p.r.p.TestFile    ... finished proof: closed. 
522106     INFO  main            d.u.i.k.p.i.AbstractProblemLoader Loading environment from /home/runner/work/key/key/key.core/../key.ui/examples/heap/permissions/threads/Plotter_inv_accessible1.key.proof 
522106     DEBUG main            d.u.i.k.p.i.AbstractProblemLoader Environment load took 94.6ns 
522111     INFO  main            d.u.i.k.p.i.AbstractProblemLoader Creating init config 
527106     DEBUG main            d.u.i.k.p.i.AbstractProblemLoader Init config took 5s 
527185     INFO  main            d.u.i.k.p.i.AbstractProblemLoader Replaying proof Plotter[java.lang.Object::<inv>()].JML accessible clause.0 
527188     DEBUG main            d.u.i.k.p.i.IntermediateProofReplayer Proof replay took 1.85ms 
527189     DEBUG main            d.u.i.k.p.r.p.TestFile    ... success: reloaded. 
527190     INFO  main            d.u.i.k.p.r.p.TestFile    Now processing file /home/runner/work/key/key/key.core/../key.ui/examples/heap/permissions/threads/Plotter_inv_accessible2.key 
527190     INFO  main            d.u.i.k.p.i.AbstractProblemLoader Loading environment from /home/runner/work/key/key/key.core/../key.ui/examples/heap/permissions/threads/Plotter_inv_accessible2.key 
527190     DEBUG main            d.u.i.k.p.i.AbstractProblemLoader Environment load took 91.6ns 
527191     INFO  main            d.u.i.k.p.i.AbstractProblemLoader Creating init config 
532249     DEBUG main            d.u.i.k.p.i.AbstractProblemLoader Init config took 5.06s 
532341     INFO  main            d.u.i.k.p.i.AbstractProblemLoader Replaying proof Plotter[java.lang.Object::<inv>()].JML accessible clause.1 
532342     DEBUG main            d.u.i.k.p.i.IntermediateProofReplayer Proof replay took 6.5ns 
532444     INFO  main            d.u.i.k.p.r.p.TestFile    ... finished proof: closed. 
532952     INFO  main            d.u.i.k.p.i.AbstractProblemLoader Loading environment from /home/runner/work/key/key/key.core/../key.ui/examples/heap/permissions/threads/Plotter_inv_accessible2.key.proof 
532952     DEBUG main            d.u.i.k.p.i.AbstractProblemLoader Environment load took 81.3ns 
532953     INFO  main            d.u.i.k.p.i.AbstractProblemLoader Creating init config 
538016     DEBUG main            d.u.i.k.p.i.AbstractProblemLoader Init config took 5.06s 
538094     INFO  main            d.u.i.k.p.i.AbstractProblemLoader Replaying proof Plotter[java.lang.Object::<inv>()].JML accessible clause.1 
538113     DEBUG main            d.u.i.k.p.i.IntermediateProofReplayer Proof replay took 1.8ms 
538114     DEBUG main            d.u.i.k.p.r.p.TestFile    ... success: reloaded. 
538115     INFO  main            d.u.i.k.p.r.p.TestFile    Now processing file /home/runner/work/key/key/key.core/../key.ui/examples/heap/permissions/threads/Plotter_joinTransfer_contract.key 
538115     INFO  main            d.u.i.k.p.i.AbstractProblemLoader Loading environment from /home/runner/work/key/key/key.core/../key.ui/examples/heap/permissions/threads/Plotter_joinTransfer_contract.key 
538115     DEBUG main            d.u.i.k.p.i.AbstractProblemLoader Environment load took 88.9ns 
538116     INFO  main            d.u.i.k.p.i.AbstractProblemLoader Creating init config 
543190     DEBUG main            d.u.i.k.p.i.AbstractProblemLoader Init config took 5.07s 
543282     INFO  main            d.u.i.k.p.i.AbstractProblemLoader Replaying proof Plotter[ThreadSpec2::joinTransfer()].JML model_behavior operation contract.0 
543283     DEBUG main            d.u.i.k.p.i.IntermediateProofReplayer Proof replay took 7.2ns 
543385     INFO  main            d.u.i.k.p.r.p.TestFile    ... finished proof: closed. 
543885     INFO  main            d.u.i.k.p.i.AbstractProblemLoader Loading environment from /home/runner/work/key/key/key.core/../key.ui/examples/heap/permissions/threads/Plotter_joinTransfer_contract.key.proof 
543885     DEBUG main            d.u.i.k.p.i.AbstractProblemLoader Environment load took 101.6ns 
543886     INFO  main            d.u.i.k.p.i.AbstractProblemLoader Creating init config 
548963     DEBUG main            d.u.i.k.p.i.AbstractProblemLoader Init config took 5.08s 
549062     INFO  main            d.u.i.k.p.i.AbstractProblemLoader Replaying proof Plotter[ThreadSpec2::joinTransfer()].JML model_behavior operation contract.0 
549072     DEBUG main            d.u.i.k.p.i.IntermediateProofReplayer Proof replay took 8.59ms 
549073     DEBUG main            d.u.i.k.p.r.p.TestFile    ... success: reloaded. 
549074     INFO  main            d.u.i.k.p.r.p.TestFile    Now processing file /home/runner/work/key/key/key.core/../key.ui/examples/heap/permissions/threads/Plotter_Plotter.key 
549074     INFO  main            d.u.i.k.p.i.AbstractProblemLoader Loading environment from /home/runner/work/key/key/key.core/../key.ui/examples/heap/permissions/threads/Plotter_Plotter.key 
549074     DEBUG main            d.u.i.k.p.i.AbstractProblemLoader Environment load took 62.9ns 
549075     INFO  main            d.u.i.k.p.i.AbstractProblemLoader Creating init config 
554332     DEBUG main            d.u.i.k.p.i.AbstractProblemLoader Init config took 5.26s 
554416     INFO  main            d.u.i.k.p.i.AbstractProblemLoader Replaying proof Plotter[Plotter::Plotter(AFilter,BFilter,Buffer)].JML normal_behavior operation contract.0 
554418     DEBUG main            d.u.i.k.p.i.IntermediateProofReplayer Proof replay took 6.9ns 
556428     INFO  main            d.u.i.k.p.r.p.TestFile    ... finished proof: closed. 
556993     INFO  main            d.u.i.k.p.i.AbstractProblemLoader Loading environment from /home/runner/work/key/key/key.core/../key.ui/examples/heap/permissions/threads/Plotter_Plotter.key.proof 
556994     DEBUG main            d.u.i.k.p.i.AbstractProblemLoader Environment load took 331.41ns 
556995     INFO  main            d.u.i.k.p.i.AbstractProblemLoader Creating init config 
562511     DEBUG main            d.u.i.k.p.i.AbstractProblemLoader Init config took 5.52s 
562595     INFO  main            d.u.i.k.p.i.AbstractProblemLoader Replaying proof Plotter[Plotter::Plotter(AFilter,BFilter,Buffer)].JML normal_behavior operation contract.0 
562909     DEBUG main            d.u.i.k.p.i.IntermediateProofReplayer Proof replay took 307.75ms 
562910     DEBUG main            d.u.i.k.p.r.p.TestFile    ... success: reloaded. 
562911     INFO  main            d.u.i.k.p.r.p.TestFile    Now processing file /home/runner/work/key/key/key.core/../key.ui/examples/heap/permissions/threads/Plotter_postJoin_accessible.key 
562911     INFO  main            d.u.i.k.p.i.AbstractProblemLoader Loading environment from /home/runner/work/key/key/key.core/../key.ui/examples/heap/permissions/threads/Plotter_postJoin_accessible.key 
562911     DEBUG main            d.u.i.k.p.i.AbstractProblemLoader Environment load took 61ns 
562912     INFO  main            d.u.i.k.p.i.AbstractProblemLoader Creating init config 
568686     DEBUG main            d.u.i.k.p.i.AbstractProblemLoader Init config took 5.77s 
568772     INFO  main            d.u.i.k.p.i.AbstractProblemLoader Replaying proof Plotter[ThreadSpec2::postJoin(java.lang.Object)].JML accessible clause.0 
568773     DEBUG main            d.u.i.k.p.i.IntermediateProofReplayer Proof replay took 6.6ns 
568875     INFO  main            d.u.i.k.p.r.p.TestFile    ... finished proof: closed. 
569410     INFO  main            d.u.i.k.p.i.AbstractProblemLoader Loading environment from /home/runner/work/key/key/key.core/../key.ui/examples/heap/permissions/threads/Plotter_postJoin_accessible.key.proof 
569410     DEBUG main            d.u.i.k.p.i.AbstractProblemLoader Environment load took 83.4ns 
569411     INFO  main            d.u.i.k.p.i.AbstractProblemLoader Creating init config 
574474     DEBUG main            d.u.i.k.p.i.AbstractProblemLoader Init config took 5.06s 
574551     INFO  main            d.u.i.k.p.i.AbstractProblemLoader Replaying proof Plotter[ThreadSpec2::postJoin(java.lang.Object)].JML accessible clause.0 
574566     DEBUG main            d.u.i.k.p.i.IntermediateProofReplayer Proof replay took 12.47ms 
574566     DEBUG main            d.u.i.k.p.r.p.TestFile    ... success: reloaded. 
574567     INFO  main            d.u.i.k.p.r.p.TestFile    Now processing file /home/runner/work/key/key/key.core/../key.ui/examples/heap/permissions/threads/Plotter_preStart_accessible.key 
574567     INFO  main            d.u.i.k.p.i.AbstractProblemLoader Loading environment from /home/runner/work/key/key/key.core/../key.ui/examples/heap/permissions/threads/Plotter_preStart_accessible.key 
574568     DEBUG main            d.u.i.k.p.i.AbstractProblemLoader Environment load took 88.3ns 
574568     INFO  main            d.u.i.k.p.i.AbstractProblemLoader Creating init config 
579761     DEBUG main            d.u.i.k.p.i.AbstractProblemLoader Init config took 5.19s 
579860     INFO  main            d.u.i.k.p.i.AbstractProblemLoader Replaying proof Plotter[ThreadSpec2::preStart(java.lang.Object)].JML accessible clause.0 
579861     DEBUG main            d.u.i.k.p.i.IntermediateProofReplayer Proof replay took 6.9ns 
580964     INFO  main            d.u.i.k.p.r.p.TestFile    ... finished proof: closed. 
581482     INFO  main            d.u.i.k.p.i.AbstractProblemLoader Loading environment from /home/runner/work/key/key/key.core/../key.ui/examples/heap/permissions/threads/Plotter_preStart_accessible.key.proof 
581483     DEBUG main            d.u.i.k.p.i.AbstractProblemLoader Environment load took 81.3ns 
581483     INFO  main            d.u.i.k.p.i.AbstractProblemLoader Creating init config 
587159     DEBUG main            d.u.i.k.p.i.AbstractProblemLoader Init config took 5.68s 
587247     INFO  main            d.u.i.k.p.i.AbstractProblemLoader Replaying proof Plotter[ThreadSpec2::preStart(java.lang.Object)].JML accessible clause.0 
587386     DEBUG main            d.u.i.k.p.i.IntermediateProofReplayer Proof replay took 135.58ms 
587388     DEBUG main            d.u.i.k.p.r.p.TestFile    ... success: reloaded. 
587389     INFO  main            d.u.i.k.p.r.p.TestFile    Now processing file /home/runner/work/key/key/key.core/../key.ui/examples/heap/permissions/threads/Plotter_stateInv_accessible.key 
587389     INFO  main            d.u.i.k.p.i.AbstractProblemLoader Loading environment from /home/runner/work/key/key/key.core/../key.ui/examples/heap/permissions/threads/Plotter_stateInv_accessible.key 
587389     DEBUG main            d.u.i.k.p.i.AbstractProblemLoader Environment load took 185.21ns 
587390     INFO  main            d.u.i.k.p.i.AbstractProblemLoader Creating init config 
593096     DEBUG main            d.u.i.k.p.i.AbstractProblemLoader Init config took 5.71s 
593196     INFO  main            d.u.i.k.p.i.AbstractProblemLoader Replaying proof Plotter[ThreadSpec2::stateInv()].JML accessible clause.0 
593197     DEBUG main            d.u.i.k.p.i.IntermediateProofReplayer Proof replay took 7.1ns 
602347     INFO  main            d.u.i.k.p.r.p.TestFile    ... finished proof: closed. 
602926     INFO  main            d.u.i.k.p.i.AbstractProblemLoader Loading environment from /home/runner/work/key/key/key.core/../key.ui/examples/heap/permissions/threads/Plotter_stateInv_accessible.key.proof 
602926     DEBUG main            d.u.i.k.p.i.AbstractProblemLoader Environment load took 299.21ns 
602928     INFO  main            d.u.i.k.p.i.AbstractProblemLoader Creating init config 
608527     DEBUG main            d.u.i.k.p.i.AbstractProblemLoader Init config took 5.6s 
608609     INFO  main            d.u.i.k.p.i.AbstractProblemLoader Replaying proof Plotter[ThreadSpec2::stateInv()].JML accessible clause.0 
609349     DEBUG main            d.u.i.k.p.i.IntermediateProofReplayer Proof replay took 726.13ms 
609351     DEBUG main            d.u.i.k.p.r.p.TestFile    ... success: reloaded. 
609352     INFO  main            d.u.i.k.p.r.p.TestFile    Now processing file /home/runner/work/key/key/key.core/../key.ui/examples/heap/permissions/threads/Plotter_staticPermissions_accessible.key 
609352     INFO  main            d.u.i.k.p.i.AbstractProblemLoader Loading environment from /home/runner/work/key/key/key.core/../key.ui/examples/heap/permissions/threads/Plotter_staticPermissions_accessible.key 
609352     DEBUG main            d.u.i.k.p.i.AbstractProblemLoader Environment load took 197.61ns 
609353     INFO  main            d.u.i.k.p.i.AbstractProblemLoader Creating init config 
614688     DEBUG main            d.u.i.k.p.i.AbstractProblemLoader Init config took 5.33s 
614772     INFO  main            d.u.i.k.p.i.AbstractProblemLoader Replaying proof Plotter[ThreadSpec2::staticPermissions()].JML accessible clause.0 
614774     DEBUG main            d.u.i.k.p.i.IntermediateProofReplayer Proof replay took 38.2ns 
615593     INFO  main            d.u.i.k.p.r.p.TestFile    ... finished proof: closed. 
616146     INFO  main            d.u.i.k.p.i.AbstractProblemLoader Loading environment from /home/runner/work/key/key/key.core/../key.ui/examples/heap/permissions/threads/Plotter_staticPermissions_accessible.key.proof 
616146     DEBUG main            d.u.i.k.p.i.AbstractProblemLoader Environment load took 80ns 
616147     INFO  main            d.u.i.k.p.i.AbstractProblemLoader Creating init config 
621336     DEBUG main            d.u.i.k.p.i.AbstractProblemLoader Init config took 5.19s 
621416     INFO  main            d.u.i.k.p.i.AbstractProblemLoader Replaying proof Plotter[ThreadSpec2::staticPermissions()].JML accessible clause.0 
621493     DEBUG main            d.u.i.k.p.i.IntermediateProofReplayer Proof replay took 73.61ms 
621494     DEBUG main            d.u.i.k.p.r.p.TestFile    ... success: reloaded. 
621495     INFO  main            d.u.i.k.p.r.p.TestFile    Now processing file /home/runner/work/key/key/key.core/../key.ui/examples/heap/permissions/threads/Plotter_workingPermissions_accessible.key 
621495     INFO  main            d.u.i.k.p.i.AbstractProblemLoader Loading environment from /home/runner/work/key/key/key.core/../key.ui/examples/heap/permissions/threads/Plotter_workingPermissions_accessible.key 
621495     DEBUG main            d.u.i.k.p.i.AbstractProblemLoader Environment load took 88.7ns 
621496     INFO  main            d.u.i.k.p.i.AbstractProblemLoader Creating init config 
626855     DEBUG main            d.u.i.k.p.i.AbstractProblemLoader Init config took 5.36s 
626956     INFO  main            d.u.i.k.p.i.AbstractProblemLoader Replaying proof Plotter[ThreadSpec2::workingPermissions()].JML accessible clause.0 
626958     DEBUG main            d.u.i.k.p.i.IntermediateProofReplayer Proof replay took 3.7ns 
627160     INFO  main            d.u.i.k.p.r.p.TestFile    ... finished proof: closed. 
627762     INFO  main            d.u.i.k.p.i.AbstractProblemLoader Loading environment from /home/runner/work/key/key/key.core/../key.ui/examples/heap/permissions/threads/Plotter_workingPermissions_accessible.key.proof 
627762     DEBUG main            d.u.i.k.p.i.AbstractProblemLoader Environment load took 97.4ns 
627763     INFO  main            d.u.i.k.p.i.AbstractProblemLoader Creating init config 
633249     DEBUG main            d.u.i.k.p.i.AbstractProblemLoader Init config took 5.49s 
633333     INFO  main            d.u.i.k.p.i.AbstractProblemLoader Replaying proof Plotter[ThreadSpec2::workingPermissions()].JML accessible clause.0 
633370     DEBUG main            d.u.i.k.p.i.IntermediateProofReplayer Proof replay took 35.69ms 
633371     DEBUG main            d.u.i.k.p.r.p.TestFile    ... success: reloaded. 
633372     INFO  main            d.u.i.k.p.r.p.TestFile    Now processing file /home/runner/work/key/key/key.core/../key.ui/examples/heap/permissions/threads/Sampler_initPost_accessible.key 
633372     INFO  main            d.u.i.k.p.i.AbstractProblemLoader Loading environment from /home/runner/work/key/key/key.core/../key.ui/examples/heap/permissions/threads/Sampler_initPost_accessible.key 
633372     DEBUG main            d.u.i.k.p.i.AbstractProblemLoader Environment load took 58.6ns 
633373     INFO  main            d.u.i.k.p.i.AbstractProblemLoader Creating init config 
638926     DEBUG main            d.u.i.k.p.i.AbstractProblemLoader Init config took 5.55s 
639011     INFO  main            d.u.i.k.p.i.AbstractProblemLoader Replaying proof Sampler[ThreadSpec2::initPost()].JML accessible clause.0 
639012     DEBUG main            d.u.i.k.p.i.IntermediateProofReplayer Proof replay took 3.3ns 
639114     INFO  main            d.u.i.k.p.r.p.TestFile    ... finished proof: closed. 
639698     INFO  main            d.u.i.k.p.i.AbstractProblemLoader Loading environment from /home/runner/work/key/key/key.core/../key.ui/examples/heap/permissions/threads/Sampler_initPost_accessible.key.proof 
639698     DEBUG main            d.u.i.k.p.i.AbstractProblemLoader Environment load took 97ns 
639699     INFO  main            d.u.i.k.p.i.AbstractProblemLoader Creating init config 
645189     DEBUG main            d.u.i.k.p.i.AbstractProblemLoader Init config took 5.49s 
645290     INFO  main            d.u.i.k.p.i.AbstractProblemLoader Replaying proof Sampler[ThreadSpec2::initPost()].JML accessible clause.0 
645298     DEBUG main            d.u.i.k.p.i.IntermediateProofReplayer Proof replay took 6.52ms 
645298     DEBUG main            d.u.i.k.p.r.p.TestFile    ... success: reloaded. 
645299     INFO  main            d.u.i.k.p.r.p.TestFile    Now processing file /home/runner/work/key/key/key.core/../key.ui/examples/heap/permissions/threads/Sampler_inv_accessible1.key 
645300     INFO  main            d.u.i.k.p.i.AbstractProblemLoader Loading environment from /home/runner/work/key/key/key.core/../key.ui/examples/heap/permissions/threads/Sampler_inv_accessible1.key 
645300     DEBUG main            d.u.i.k.p.i.AbstractProblemLoader Environment load took 60.8ns 
645301     INFO  main            d.u.i.k.p.i.AbstractProblemLoader Creating init config 
650853     DEBUG main            d.u.i.k.p.i.AbstractProblemLoader Init config took 5.55s 
650938     INFO  main            d.u.i.k.p.i.AbstractProblemLoader Replaying proof Sampler[java.lang.Object::<inv>()].JML accessible clause.0 
650940     DEBUG main            d.u.i.k.p.i.IntermediateProofReplayer Proof replay took 3.4ns 
651042     INFO  main            d.u.i.k.p.r.p.TestFile    ... finished proof: closed. 
651658     INFO  main            d.u.i.k.p.i.AbstractProblemLoader Loading environment from /home/runner/work/key/key/key.core/../key.ui/examples/heap/permissions/threads/Sampler_inv_accessible1.key.proof 
651658     DEBUG main            d.u.i.k.p.i.AbstractProblemLoader Environment load took 88.4ns 
651659     INFO  main            d.u.i.k.p.i.AbstractProblemLoader Creating init config 
656959     DEBUG main            d.u.i.k.p.i.AbstractProblemLoader Init config took 5.3s 
657055     INFO  main            d.u.i.k.p.i.AbstractProblemLoader Replaying proof Sampler[java.lang.Object::<inv>()].JML accessible clause.0 
657058     DEBUG main            d.u.i.k.p.i.IntermediateProofReplayer Proof replay took 1.98ms 
657059     DEBUG main            d.u.i.k.p.r.p.TestFile    ... success: reloaded. 
657060     INFO  main            d.u.i.k.p.r.p.TestFile    Now processing file /home/runner/work/key/key/key.core/../key.ui/examples/heap/permissions/threads/Sampler_inv_accessible2.key 
657060     INFO  main            d.u.i.k.p.i.AbstractProblemLoader Loading environment from /home/runner/work/key/key/key.core/../key.ui/examples/heap/permissions/threads/Sampler_inv_accessible2.key 
657060     DEBUG main            d.u.i.k.p.i.AbstractProblemLoader Environment load took 58.4ns 
657061     INFO  main            d.u.i.k.p.i.AbstractProblemLoader Creating init config 
662422     DEBUG main            d.u.i.k.p.i.AbstractProblemLoader Init config took 5.36s 
662509     INFO  main            d.u.i.k.p.i.AbstractProblemLoader Replaying proof Sampler[java.lang.Object::<inv>()].JML accessible clause.1 
662511     DEBUG main            d.u.i.k.p.i.IntermediateProofReplayer Proof replay took 3.3ns 
662613     INFO  main            d.u.i.k.p.r.p.TestFile    ... finished proof: closed. 
663206     INFO  main            d.u.i.k.p.i.AbstractProblemLoader Loading environment from /home/runner/work/key/key/key.core/../key.ui/examples/heap/permissions/threads/Sampler_inv_accessible2.key.proof 
663207     DEBUG main            d.u.i.k.p.i.AbstractProblemLoader Environment load took 81ns 
663207     INFO  main            d.u.i.k.p.i.AbstractProblemLoader Creating init config 
668515     DEBUG main            d.u.i.k.p.i.AbstractProblemLoader Init config took 5.31s 
668604     INFO  main            d.u.i.k.p.i.AbstractProblemLoader Replaying proof Sampler[java.lang.Object::<inv>()].JML accessible clause.1 
668607     DEBUG main            d.u.i.k.p.i.IntermediateProofReplayer Proof replay took 1.75ms 
668608     DEBUG main            d.u.i.k.p.r.p.TestFile    ... success: reloaded. 
668609     INFO  main            d.u.i.k.p.r.p.TestFile    Now processing file /home/runner/work/key/key/key.core/../key.ui/examples/heap/permissions/threads/Sampler_joinTransfer_accessible.key 
668610     INFO  main            d.u.i.k.p.i.AbstractProblemLoader Loading environment from /home/runner/work/key/key/key.core/../key.ui/examples/heap/permissions/threads/Sampler_joinTransfer_accessible.key 
668610     DEBUG main            d.u.i.k.p.i.AbstractProblemLoader Environment load took 81.4ns 
668611     INFO  main            d.u.i.k.p.i.AbstractProblemLoader Creating init config 
674141     DEBUG main            d.u.i.k.p.i.AbstractProblemLoader Init config took 5.53s 
674263     INFO  main            d.u.i.k.p.i.AbstractProblemLoader Replaying proof Sampler[ThreadSpec2::joinTransfer()].JML accessible clause.0 
674265     DEBUG main            d.u.i.k.p.i.IntermediateProofReplayer Proof replay took 3.9ns 
678674     INFO  main            d.u.i.k.p.r.p.TestFile    ... finished proof: closed. 
679293     INFO  main            d.u.i.k.p.i.AbstractProblemLoader Loading environment from /home/runner/work/key/key/key.core/../key.ui/examples/heap/permissions/threads/Sampler_joinTransfer_accessible.key.proof 
679293     DEBUG main            d.u.i.k.p.i.AbstractProblemLoader Environment load took 333.81ns 
679295     INFO  main            d.u.i.k.p.i.AbstractProblemLoader Creating init config 
685074     DEBUG main            d.u.i.k.p.i.AbstractProblemLoader Init config took 5.78s 
685160     INFO  main            d.u.i.k.p.i.AbstractProblemLoader Replaying proof Sampler[ThreadSpec2::joinTransfer()].JML accessible clause.0 
685871     DEBUG main            d.u.i.k.p.i.IntermediateProofReplayer Proof replay took 699.42ms 
685873     DEBUG main            d.u.i.k.p.r.p.TestFile    ... success: reloaded. 
685874     INFO  main            d.u.i.k.p.r.p.TestFile    Now processing file /home/runner/work/key/key/key.core/../key.ui/examples/heap/permissions/threads/Sampler_joinTransfer_contract.key 
685875     INFO  main            d.u.i.k.p.i.AbstractProblemLoader Loading environment from /home/runner/work/key/key/key.core/../key.ui/examples/heap/permissions/threads/Sampler_joinTransfer_contract.key 
685875     DEBUG main            d.u.i.k.p.i.AbstractProblemLoader Environment load took 181.3ns 
685876     INFO  main            d.u.i.k.p.i.AbstractProblemLoader Creating init config 
691412     DEBUG main            d.u.i.k.p.i.AbstractProblemLoader Init config took 5.54s 
691496     INFO  main            d.u.i.k.p.i.AbstractProblemLoader Replaying proof Sampler[ThreadSpec2::joinTransfer()].JML model_behavior operation contract.0 
691498     DEBUG main            d.u.i.k.p.i.IntermediateProofReplayer Proof replay took 3.8ns 
691599     INFO  main            d.u.i.k.p.r.p.TestFile    ... finished proof: closed. 
692210     INFO  main            d.u.i.k.p.i.AbstractProblemLoader Loading environment from /home/runner/work/key/key/key.core/../key.ui/examples/heap/permissions/threads/Sampler_joinTransfer_contract.key.proof 
692210     DEBUG main            d.u.i.k.p.i.AbstractProblemLoader Environment load took 85.7ns 
692211     INFO  main            d.u.i.k.p.i.AbstractProblemLoader Creating init config 
697685     DEBUG main            d.u.i.k.p.i.AbstractProblemLoader Init config took 5.47s 
697774     INFO  main            d.u.i.k.p.i.AbstractProblemLoader Replaying proof Sampler[ThreadSpec2::joinTransfer()].JML model_behavior operation contract.0 
697785     DEBUG main            d.u.i.k.p.i.IntermediateProofReplayer Proof replay took 9.13ms 
697786     DEBUG main            d.u.i.k.p.r.p.TestFile    ... success: reloaded. 
697787     INFO  main            d.u.i.k.p.r.p.TestFile    Now processing file /home/runner/work/key/key/key.core/../key.ui/examples/heap/permissions/threads/Sampler_postJoin_accessible.key 
697787     INFO  main            d.u.i.k.p.i.AbstractProblemLoader Loading environment from /home/runner/work/key/key/key.core/../key.ui/examples/heap/permissions/threads/Sampler_postJoin_accessible.key 
697787     DEBUG main            d.u.i.k.p.i.AbstractProblemLoader Environment load took 88ns 
697788     INFO  main            d.u.i.k.p.i.AbstractProblemLoader Creating init config 
703171     DEBUG main            d.u.i.k.p.i.AbstractProblemLoader Init config took 5.38s 
703253     INFO  main            d.u.i.k.p.i.AbstractProblemLoader Replaying proof Sampler[ThreadSpec2::postJoin(java.lang.Object)].JML accessible clause.0 
703254     DEBUG main            d.u.i.k.p.i.IntermediateProofReplayer Proof replay took 3.4ns 
703356     INFO  main            d.u.i.k.p.r.p.TestFile    ... finished proof: closed. 
703957     INFO  main            d.u.i.k.p.i.AbstractProblemLoader Loading environment from /home/runner/work/key/key/key.core/../key.ui/examples/heap/permissions/threads/Sampler_postJoin_accessible.key.proof 
703958     DEBUG main            d.u.i.k.p.i.AbstractProblemLoader Environment load took 103.4ns 
703958     INFO  main            d.u.i.k.p.i.AbstractProblemLoader Creating init config 
709262     DEBUG main            d.u.i.k.p.i.AbstractProblemLoader Init config took 5.3s 
709348     INFO  main            d.u.i.k.p.i.AbstractProblemLoader Replaying proof Sampler[ThreadSpec2::postJoin(java.lang.Object)].JML accessible clause.0 
709360     DEBUG main            d.u.i.k.p.i.IntermediateProofReplayer Proof replay took 10.07ms 
709361     DEBUG main            d.u.i.k.p.r.p.TestFile    ... success: reloaded. 
709362     INFO  main            d.u.i.k.p.r.p.TestFile    Now processing file /home/runner/work/key/key/key.core/../key.ui/examples/heap/permissions/threads/Sampler_preStart_accessible.key 
709362     INFO  main            d.u.i.k.p.i.AbstractProblemLoader Loading environment from /home/runner/work/key/key/key.core/../key.ui/examples/heap/permissions/threads/Sampler_preStart_accessible.key 
709362     DEBUG main            d.u.i.k.p.i.AbstractProblemLoader Environment load took 90.9ns 
709363     INFO  main            d.u.i.k.p.i.AbstractProblemLoader Creating init config 
714820     DEBUG main            d.u.i.k.p.i.AbstractProblemLoader Init config took 5.46s 
714912     INFO  main            d.u.i.k.p.i.AbstractProblemLoader Replaying proof Sampler[ThreadSpec2::preStart(java.lang.Object)].JML accessible clause.0 
714913     DEBUG main            d.u.i.k.p.i.IntermediateProofReplayer Proof replay took 3.8ns 
715016     INFO  main            d.u.i.k.p.r.p.TestFile    ... finished proof: closed. 
715647     INFO  main            d.u.i.k.p.i.AbstractProblemLoader Loading environment from /home/runner/work/key/key/key.core/../key.ui/examples/heap/permissions/threads/Sampler_preStart_accessible.key.proof 
715647     DEBUG main            d.u.i.k.p.i.AbstractProblemLoader Environment load took 84.5ns 
715648     INFO  main            d.u.i.k.p.i.AbstractProblemLoader Creating init config 
721045     DEBUG main            d.u.i.k.p.i.AbstractProblemLoader Init config took 5.4s 
721128     INFO  main            d.u.i.k.p.i.AbstractProblemLoader Replaying proof Sampler[ThreadSpec2::preStart(java.lang.Object)].JML accessible clause.0 
721140     DEBUG main            d.u.i.k.p.i.IntermediateProofReplayer Proof replay took 9.81ms 
721141     DEBUG main            d.u.i.k.p.r.p.TestFile    ... success: reloaded. 
721141     INFO  main            d.u.i.k.p.r.p.TestFile    Now processing file /home/runner/work/key/key/key.core/../key.ui/examples/heap/permissions/threads/Sampler_run.key 
721142     INFO  main            d.u.i.k.p.i.AbstractProblemLoader Loading environment from /home/runner/work/key/key/key.core/../key.ui/examples/heap/permissions/threads/Sampler_run.key 
721142     DEBUG main            d.u.i.k.p.i.AbstractProblemLoader Environment load took 58.7ns 
721143     INFO  main            d.u.i.k.p.i.AbstractProblemLoader Creating init config 
726599     DEBUG main            d.u.i.k.p.i.AbstractProblemLoader Init config took 5.46s 
726680     INFO  main            d.u.i.k.p.i.AbstractProblemLoader Replaying proof Sampler[ThreadSpec2::run()].JML normal_behavior operation contract.0 
726681     DEBUG main            d.u.i.k.p.i.IntermediateProofReplayer Proof replay took 2.7ns 
726883     INFO  main            d.u.i.k.p.r.p.TestFile    ... finished proof: closed. 
727534     INFO  main            d.u.i.k.p.i.AbstractProblemLoader Loading environment from /home/runner/work/key/key/key.core/../key.ui/examples/heap/permissions/threads/Sampler_run.key.proof 
727534     DEBUG main            d.u.i.k.p.i.AbstractProblemLoader Environment load took 82.7ns 
727535     INFO  main            d.u.i.k.p.i.AbstractProblemLoader Creating init config 
732914     DEBUG main            d.u.i.k.p.i.AbstractProblemLoader Init config took 5.38s 
733002     INFO  main            d.u.i.k.p.i.AbstractProblemLoader Replaying proof Sampler[ThreadSpec2::run()].JML normal_behavior operation contract.0 
733044     DEBUG main            d.u.i.k.p.i.IntermediateProofReplayer Proof replay took 39.91ms 
733045     DEBUG main            d.u.i.k.p.r.p.TestFile    ... success: reloaded. 
733046     INFO  main            d.u.i.k.p.r.p.TestFile    Now processing file /home/runner/work/key/key/key.core/../key.ui/examples/heap/permissions/threads/Sampler_Sampler.key 
733046     INFO  main            d.u.i.k.p.i.AbstractProblemLoader Loading environment from /home/runner/work/key/key/key.core/../key.ui/examples/heap/permissions/threads/Sampler_Sampler.key 
733046     DEBUG main            d.u.i.k.p.i.AbstractProblemLoader Environment load took 60ns 
733047     INFO  main            d.u.i.k.p.i.AbstractProblemLoader Creating init config 
738505     DEBUG main            d.u.i.k.p.i.AbstractProblemLoader Init config took 5.46s 
738607     INFO  main            d.u.i.k.p.i.AbstractProblemLoader Replaying proof Sampler[Sampler::Sampler(Buffer)].JML normal_behavior operation contract.0 
738609     DEBUG main            d.u.i.k.p.i.IntermediateProofReplayer Proof replay took 3.2ns 
739211     INFO  main            d.u.i.k.p.r.p.TestFile    ... finished proof: closed. 
739864     INFO  main            d.u.i.k.p.i.AbstractProblemLoader Loading environment from /home/runner/work/key/key/key.core/../key.ui/examples/heap/permissions/threads/Sampler_Sampler.key.proof 
739864     DEBUG main            d.u.i.k.p.i.AbstractProblemLoader Environment load took 74.3ns 
739865     INFO  main            d.u.i.k.p.i.AbstractProblemLoader Creating init config 
745028     DEBUG main            d.u.i.k.p.i.AbstractProblemLoader Init config took 5.16s 
745128     INFO  main            d.u.i.k.p.i.AbstractProblemLoader Replaying proof Sampler[Sampler::Sampler(Buffer)].JML normal_behavior operation contract.0 
745232     DEBUG main            d.u.i.k.p.i.IntermediateProofReplayer Proof replay took 100.87ms 
745233     DEBUG main            d.u.i.k.p.r.p.TestFile    ... success: reloaded. 
745234     INFO  main            d.u.i.k.p.r.p.TestFile    Now processing file /home/runner/work/key/key/key.core/../key.ui/examples/heap/permissions/threads/Sampler_startTransfer_accessible.key 
745234     INFO  main            d.u.i.k.p.i.AbstractProblemLoader Loading environment from /home/runner/work/key/key/key.core/../key.ui/examples/heap/permissions/threads/Sampler_startTransfer_accessible.key 
745234     DEBUG main            d.u.i.k.p.i.AbstractProblemLoader Environment load took 62.5ns 
745236     INFO  main            d.u.i.k.p.i.AbstractProblemLoader Creating init config 
750689     DEBUG main            d.u.i.k.p.i.AbstractProblemLoader Init config took 5.45s 
750779     INFO  main            d.u.i.k.p.i.AbstractProblemLoader Replaying proof Sampler[ThreadSpec2::startTransfer()].JML accessible clause.0 
750781     DEBUG main            d.u.i.k.p.i.IntermediateProofReplayer Proof replay took 3.5ns 
755594     INFO  main            d.u.i.k.p.r.p.TestFile    ... finished proof: closed. 
756271     INFO  main            d.u.i.k.p.i.AbstractProblemLoader Loading environment from /home/runner/work/key/key/key.core/../key.ui/examples/heap/permissions/threads/Sampler_startTransfer_accessible.key.proof 
756271     DEBUG main            d.u.i.k.p.i.AbstractProblemLoader Environment load took 93.4ns 
756274     INFO  main            d.u.i.k.p.i.AbstractProblemLoader Creating init config 
761601     DEBUG main            d.u.i.k.p.i.AbstractProblemLoader Init config took 5.33s 
761680     INFO  main            d.u.i.k.p.i.AbstractProblemLoader Replaying proof Sampler[ThreadSpec2::startTransfer()].JML accessible clause.0 
762378     DEBUG main            d.u.i.k.p.i.IntermediateProofReplayer Proof replay took 686ms 
762379     DEBUG main            d.u.i.k.p.r.p.TestFile    ... success: reloaded. 
762380     INFO  main            d.u.i.k.p.r.p.TestFile    Now processing file /home/runner/work/key/key/key.core/../key.ui/examples/heap/permissions/threads/Sampler_startTransfer_contract.key 
762381     INFO  main            d.u.i.k.p.i.AbstractProblemLoader Loading environment from /home/runner/work/key/key/key.core/../key.ui/examples/heap/permissions/threads/Sampler_startTransfer_contract.key 
762381     DEBUG main            d.u.i.k.p.i.AbstractProblemLoader Environment load took 82.9ns 
762382     INFO  main            d.u.i.k.p.i.AbstractProblemLoader Creating init config 
767498     DEBUG main            d.u.i.k.p.i.AbstractProblemLoader Init config took 5.12s 
767577     INFO  main            d.u.i.k.p.i.AbstractProblemLoader Replaying proof Sampler[ThreadSpec2::startTransfer()].JML model_behavior operation contract.0 
767579     DEBUG main            d.u.i.k.p.i.IntermediateProofReplayer Proof replay took 3.1ns 
767680     INFO  main            d.u.i.k.p.r.p.TestFile    ... finished proof: closed. 
768301     INFO  main            d.u.i.k.p.i.AbstractProblemLoader Loading environment from /home/runner/work/key/key/key.core/../key.ui/examples/heap/permissions/threads/Sampler_startTransfer_contract.key.proof 
768301     DEBUG main            d.u.i.k.p.i.AbstractProblemLoader Environment load took 81.7ns 
768302     INFO  main            d.u.i.k.p.i.AbstractProblemLoader Creating init config 
773332     DEBUG main            d.u.i.k.p.i.AbstractProblemLoader Init config took 5.03s 
773411     INFO  main            d.u.i.k.p.i.AbstractProblemLoader Replaying proof Sampler[ThreadSpec2::startTransfer()].JML model_behavior operation contract.0 
773421     DEBUG main            d.u.i.k.p.i.IntermediateProofReplayer Proof replay took 7.83ms 
773421     DEBUG main            d.u.i.k.p.r.p.TestFile    ... success: reloaded. 
773422     INFO  main            d.u.i.k.p.r.p.TestFile    Now processing file /home/runner/work/key/key/key.core/../key.ui/examples/heap/permissions/threads/Sampler_stateInv_accessible.key 
773422     INFO  main            d.u.i.k.p.i.AbstractProblemLoader Loading environment from /home/runner/work/key/key/key.core/../key.ui/examples/heap/permissions/threads/Sampler_stateInv_accessible.key 
773422     DEBUG main            d.u.i.k.p.i.AbstractProblemLoader Environment load took 58.5ns 
773423     INFO  main            d.u.i.k.p.i.AbstractProblemLoader Creating init config 
778508     DEBUG main            d.u.i.k.p.i.AbstractProblemLoader Init config took 5.08s 
778599     INFO  main            d.u.i.k.p.i.AbstractProblemLoader Replaying proof Sampler[ThreadSpec2::stateInv()].JML accessible clause.0 
778600     DEBUG main            d.u.i.k.p.i.IntermediateProofReplayer Proof replay took 3.1ns 
778702     INFO  main            d.u.i.k.p.r.p.TestFile    ... finished proof: closed. 
779328     INFO  main            d.u.i.k.p.i.AbstractProblemLoader Loading environment from /home/runner/work/key/key/key.core/../key.ui/examples/heap/permissions/threads/Sampler_stateInv_accessible.key.proof 
779328     DEBUG main            d.u.i.k.p.i.AbstractProblemLoader Environment load took 77.9ns 
779329     INFO  main            d.u.i.k.p.i.AbstractProblemLoader Creating init config 
784371     DEBUG main            d.u.i.k.p.i.AbstractProblemLoader Init config took 5.04s 
784452     INFO  main            d.u.i.k.p.i.AbstractProblemLoader Replaying proof Sampler[ThreadSpec2::stateInv()].JML accessible clause.0 
784460     DEBUG main            d.u.i.k.p.i.IntermediateProofReplayer Proof replay took 6.41ms 
784461     DEBUG main            d.u.i.k.p.r.p.TestFile    ... success: reloaded. 
784462     INFO  main            d.u.i.k.p.r.p.TestFile    Now processing file /home/runner/work/key/key/key.core/../key.ui/examples/heap/permissions/threads/Sampler_staticPermissions_accessible.key 
784462     INFO  main            d.u.i.k.p.i.AbstractProblemLoader Loading environment from /home/runner/work/key/key/key.core/../key.ui/examples/heap/permissions/threads/Sampler_staticPermissions_accessible.key 
784462     DEBUG main            d.u.i.k.p.i.AbstractProblemLoader Environment load took 137.3ns 
784463     INFO  main            d.u.i.k.p.i.AbstractProblemLoader Creating init config 
789699     DEBUG main            d.u.i.k.p.i.AbstractProblemLoader Init config took 5.24s 
789776     INFO  main            d.u.i.k.p.i.AbstractProblemLoader Replaying proof Sampler[ThreadSpec2::staticPermissions()].JML accessible clause.0 
789778     DEBUG main            d.u.i.k.p.i.IntermediateProofReplayer Proof replay took 3.2ns 
789882     INFO  main            d.u.i.k.p.r.p.TestFile    ... finished proof: closed. 
790519     INFO  main            d.u.i.k.p.i.AbstractProblemLoader Loading environment from /home/runner/work/key/key/key.core/../key.ui/examples/heap/permissions/threads/Sampler_staticPermissions_accessible.key.proof 
790519     DEBUG main            d.u.i.k.p.i.AbstractProblemLoader Environment load took 74.6ns 
790520     INFO  main            d.u.i.k.p.i.AbstractProblemLoader Creating init config 
795968     DEBUG main            d.u.i.k.p.i.AbstractProblemLoader Init config took 5.45s 
796057     INFO  main            d.u.i.k.p.i.AbstractProblemLoader Replaying proof Sampler[ThreadSpec2::staticPermissions()].JML accessible clause.0 
796063     DEBUG main            d.u.i.k.p.i.IntermediateProofReplayer Proof replay took 4.12ms 
796063     DEBUG main            d.u.i.k.p.r.p.TestFile    ... success: reloaded. 
796065     INFO  main            d.u.i.k.p.r.p.TestFile    Now processing file /home/runner/work/key/key/key.core/../key.ui/examples/heap/permissions/threads/Sampler_workingPermissions_accessible.key 
796065     INFO  main            d.u.i.k.p.i.AbstractProblemLoader Loading environment from /home/runner/work/key/key/key.core/../key.ui/examples/heap/permissions/threads/Sampler_workingPermissions_accessible.key 
796065     DEBUG main            d.u.i.k.p.i.AbstractProblemLoader Environment load took 87.8ns 
796066     INFO  main            d.u.i.k.p.i.AbstractProblemLoader Creating init config 
801349     DEBUG main            d.u.i.k.p.i.AbstractProblemLoader Init config took 5.28s 
801448     INFO  main            d.u.i.k.p.i.AbstractProblemLoader Replaying proof Sampler[ThreadSpec2::workingPermissions()].JML accessible clause.0 
801452     DEBUG main            d.u.i.k.p.i.IntermediateProofReplayer Proof replay took 3.3ns 
801554     INFO  main            d.u.i.k.p.r.p.TestFile    ... finished proof: closed. 
802273     INFO  main            d.u.i.k.p.i.AbstractProblemLoader Loading environment from /home/runner/work/key/key/key.core/../key.ui/examples/heap/permissions/threads/Sampler_workingPermissions_accessible.key.proof 
802273     DEBUG main            d.u.i.k.p.i.AbstractProblemLoader Environment load took 79ns 
802274     INFO  main            d.u.i.k.p.i.AbstractProblemLoader Creating init config 
807768     DEBUG main            d.u.i.k.p.i.AbstractProblemLoader Init config took 5.49s 
807849     INFO  main            d.u.i.k.p.i.AbstractProblemLoader Replaying proof Sampler[ThreadSpec2::workingPermissions()].JML accessible clause.0 
807856     DEBUG main            d.u.i.k.p.i.IntermediateProofReplayer Proof replay took 5.63ms 
807857     DEBUG main            d.u.i.k.p.r.p.TestFile    ... success: reloaded. 
807857     INFO  main            d.u.i.k.p.r.p.TestFile    Now processing file /home/runner/work/key/key/key.core/../key.ui/examples/heap/permissions/mulleretal/ReadWrite_doRead_contract.key 
807858     INFO  main            d.u.i.k.p.i.AbstractProblemLoader Loading environment from /home/runner/work/key/key/key.core/../key.ui/examples/heap/permissions/mulleretal/ReadWrite_doRead_contract.key 
807858     DEBUG main            d.u.i.k.p.i.AbstractProblemLoader Environment load took 57.8ns 
807859     INFO  main            d.u.i.k.p.i.AbstractProblemLoader Creating init config 
811157     DEBUG main            d.u.i.k.p.i.AbstractProblemLoader Init config took 3.3s 
811190     INFO  main            d.u.i.k.p.i.AbstractProblemLoader Replaying proof ReadWrite[ReadWrite::doRead()].JML normal_behavior operation contract.0 
811192     DEBUG main            d.u.i.k.p.i.IntermediateProofReplayer Proof replay took 3.6ns 
813103     INFO  main            d.u.i.k.p.r.p.TestFile    ... finished proof: closed. 
813807     INFO  main            d.u.i.k.p.i.AbstractProblemLoader Loading environment from /home/runner/work/key/key/key.core/../key.ui/examples/heap/permissions/mulleretal/ReadWrite_doRead_contract.key.proof 
813807     DEBUG main            d.u.i.k.p.i.AbstractProblemLoader Environment load took 136.4ns 
813808     INFO  main            d.u.i.k.p.i.AbstractProblemLoader Creating init config 
816945     DEBUG main            d.u.i.k.p.i.AbstractProblemLoader Init config took 3.14s 
816993     INFO  main            d.u.i.k.p.i.AbstractProblemLoader Replaying proof ReadWrite[ReadWrite::doRead()].JML normal_behavior operation contract.0 
817604     DEBUG main            d.u.i.k.p.i.IntermediateProofReplayer Proof replay took 598.76ms 
817605     DEBUG main            d.u.i.k.p.r.p.TestFile    ... success: reloaded. 
817606     INFO  main            d.u.i.k.p.r.p.TestFile    Now processing file /home/runner/work/key/key/key.core/../key.ui/examples/heap/permissions/mulleretal/ReadWrite_doWrite_contract.key 
817606     INFO  main            d.u.i.k.p.i.AbstractProblemLoader Loading environment from /home/runner/work/key/key/key.core/../key.ui/examples/heap/permissions/mulleretal/ReadWrite_doWrite_contract.key 
817607     DEBUG main            d.u.i.k.p.i.AbstractProblemLoader Environment load took 1.18ms 
817609     INFO  main            d.u.i.k.p.i.AbstractProblemLoader Creating init config 
821004     DEBUG main            d.u.i.k.p.i.AbstractProblemLoader Init config took 3.4s 
821039     INFO  main            d.u.i.k.p.i.AbstractProblemLoader Replaying proof ReadWrite[ReadWrite::doWrite()].JML normal_behavior operation contract.0 
821040     DEBUG main            d.u.i.k.p.i.IntermediateProofReplayer Proof replay took 3.5ns 
823047     INFO  main            d.u.i.k.p.r.p.TestFile    ... finished proof: closed. 
823797     INFO  main            d.u.i.k.p.i.AbstractProblemLoader Loading environment from /home/runner/work/key/key/key.core/../key.ui/examples/heap/permissions/mulleretal/ReadWrite_doWrite_contract.key.proof 
823797     DEBUG main            d.u.i.k.p.i.AbstractProblemLoader Environment load took 135.9ns 
823799     INFO  main            d.u.i.k.p.i.AbstractProblemLoader Creating init config 
826992     DEBUG main            d.u.i.k.p.i.AbstractProblemLoader Init config took 3.19s 
827033     INFO  main            d.u.i.k.p.i.AbstractProblemLoader Replaying proof ReadWrite[ReadWrite::doWrite()].JML normal_behavior operation contract.0 
827856     DEBUG main            d.u.i.k.p.i.IntermediateProofReplayer Proof replay took 814.95ms 
827857     DEBUG main            d.u.i.k.p.r.p.TestFile    ... success: reloaded. 
827858     INFO  main            d.u.i.k.p.r.p.TestFile    Now processing file /home/runner/work/key/key/key.core/../key.ui/examples/heap/permissions/mulleretal/ReadWrite_read_contract.key 
827858     INFO  main            d.u.i.k.p.i.AbstractProblemLoader Loading environment from /home/runner/work/key/key/key.core/../key.ui/examples/heap/permissions/mulleretal/ReadWrite_read_contract.key 
827858     DEBUG main            d.u.i.k.p.i.AbstractProblemLoader Environment load took 61.5ns 
827862     INFO  main            d.u.i.k.p.i.AbstractProblemLoader Creating init config 
831255     DEBUG main            d.u.i.k.p.i.AbstractProblemLoader Init config took 3.39s 
831288     INFO  main            d.u.i.k.p.i.AbstractProblemLoader Replaying proof ReadWrite[ReadWrite::read()].JML normal_behavior operation contract.0 
831289     DEBUG main            d.u.i.k.p.i.IntermediateProofReplayer Proof replay took 3.1ns 
831391     INFO  main            d.u.i.k.p.r.p.TestFile    ... finished proof: closed. 
832073     INFO  main            d.u.i.k.p.i.AbstractProblemLoader Loading environment from /home/runner/work/key/key/key.core/../key.ui/examples/heap/permissions/mulleretal/ReadWrite_read_contract.key.proof 
832073     DEBUG main            d.u.i.k.p.i.AbstractProblemLoader Environment load took 78.3ns 
832074     INFO  main            d.u.i.k.p.i.AbstractProblemLoader Creating init config 
835032     DEBUG main            d.u.i.k.p.i.AbstractProblemLoader Init config took 2.96s 
835064     INFO  main            d.u.i.k.p.i.AbstractProblemLoader Replaying proof ReadWrite[ReadWrite::read()].JML normal_behavior operation contract.0 
835075     DEBUG main            d.u.i.k.p.i.IntermediateProofReplayer Proof replay took 9.7ms 
835076     DEBUG main            d.u.i.k.p.r.p.TestFile    ... success: reloaded. 
835078     INFO  main            d.u.i.k.p.r.p.TestFile    Now processing file /home/runner/work/key/key/key.core/../key.ui/examples/heap/permissions/mulleretal/ReadWrite_write_contract.key 
835078     INFO  main            d.u.i.k.p.i.AbstractProblemLoader Loading environment from /home/runner/work/key/key/key.core/../key.ui/examples/heap/permissions/mulleretal/ReadWrite_write_contract.key 
835078     DEBUG main            d.u.i.k.p.i.AbstractProblemLoader Environment load took 93.7ns 
835080     INFO  main            d.u.i.k.p.i.AbstractProblemLoader Creating init config 
837998     DEBUG main            d.u.i.k.p.i.AbstractProblemLoader Init config took 2.92s 
838030     INFO  main            d.u.i.k.p.i.AbstractProblemLoader Replaying proof ReadWrite[ReadWrite::write()].JML normal_behavior operation contract.0 
838031     DEBUG main            d.u.i.k.p.i.IntermediateProofReplayer Proof replay took 3ns 
838136     INFO  main            d.u.i.k.p.r.p.TestFile    ... finished proof: closed. 
838804     INFO  main            d.u.i.k.p.i.AbstractProblemLoader Loading environment from /home/runner/work/key/key/key.core/../key.ui/examples/heap/permissions/mulleretal/ReadWrite_write_contract.key.proof 
838804     DEBUG main            d.u.i.k.p.i.AbstractProblemLoader Environment load took 72.6ns 
838804     INFO  main            d.u.i.k.p.i.AbstractProblemLoader Creating init config 
841846     DEBUG main            d.u.i.k.p.i.AbstractProblemLoader Init config took 3.04s 
841885     INFO  main            d.u.i.k.p.i.AbstractProblemLoader Replaying proof ReadWrite[ReadWrite::write()].JML normal_behavior operation contract.0 
841920     DEBUG main            d.u.i.k.p.i.IntermediateProofReplayer Proof replay took 33.32ms 
841921     DEBUG main            d.u.i.k.p.r.p.TestFile    ... success: reloaded. 
841922     INFO  main            d.u.i.k.p.r.p.TestFile    Now processing file /home/runner/work/key/key/key.core/../key.ui/examples/heap/permissions/mulleretal/ReadWrite_inv1_accessible.key 
841922     INFO  main            d.u.i.k.p.i.AbstractProblemLoader Loading environment from /home/runner/work/key/key/key.core/../key.ui/examples/heap/permissions/mulleretal/ReadWrite_inv1_accessible.key 
841923     DEBUG main            d.u.i.k.p.i.AbstractProblemLoader Environment load took 161.5ns 
841923     INFO  main            d.u.i.k.p.i.AbstractProblemLoader Creating init config 
845148     DEBUG main            d.u.i.k.p.i.AbstractProblemLoader Init config took 3.22s 
845183     INFO  main            d.u.i.k.p.i.AbstractProblemLoader Replaying proof ReadWrite[java.lang.Object::<inv>()].JML accessible clause.0 
845185     DEBUG main            d.u.i.k.p.i.IntermediateProofReplayer Proof replay took 3.2ns 
845286     INFO  main            d.u.i.k.p.r.p.TestFile    ... finished proof: closed. 
845949     INFO  main            d.u.i.k.p.i.AbstractProblemLoader Loading environment from /home/runner/work/key/key/key.core/../key.ui/examples/heap/permissions/mulleretal/ReadWrite_inv1_accessible.key.proof 
845949     DEBUG main            d.u.i.k.p.i.AbstractProblemLoader Environment load took 168.4ns 
845950     INFO  main            d.u.i.k.p.i.AbstractProblemLoader Creating init config 
848824     DEBUG main            d.u.i.k.p.i.AbstractProblemLoader Init config took 2.87s 
848856     INFO  main            d.u.i.k.p.i.AbstractProblemLoader Replaying proof ReadWrite[java.lang.Object::<inv>()].JML accessible clause.0 
848859     DEBUG main            d.u.i.k.p.i.IntermediateProofReplayer Proof replay took 1.78ms 
848860     DEBUG main            d.u.i.k.p.r.p.TestFile    ... success: reloaded. 
848860     INFO  main            d.u.i.k.p.r.p.TestFile    Now processing file /home/runner/work/key/key/key.core/../key.ui/examples/heap/permissions/mulleretal/ReadWrite_inv2_accessible.key 
848860     INFO  main            d.u.i.k.p.i.AbstractProblemLoader Loading environment from /home/runner/work/key/key/key.core/../key.ui/examples/heap/permissions/mulleretal/ReadWrite_inv2_accessible.key 
848861     DEBUG main            d.u.i.k.p.i.AbstractProblemLoader Environment load took 66ns 
848861     INFO  main            d.u.i.k.p.i.AbstractProblemLoader Creating init config 
851816     DEBUG main            d.u.i.k.p.i.AbstractProblemLoader Init config took 2.95s 
851849     INFO  main            d.u.i.k.p.i.AbstractProblemLoader Replaying proof ReadWrite[java.lang.Object::<inv>()].JML accessible clause.1 
851850     DEBUG main            d.u.i.k.p.i.IntermediateProofReplayer Proof replay took 3.1ns 
851952     INFO  main            d.u.i.k.p.r.p.TestFile    ... finished proof: closed. 
852633     INFO  main            d.u.i.k.p.i.AbstractProblemLoader Loading environment from /home/runner/work/key/key/key.core/../key.ui/examples/heap/permissions/mulleretal/ReadWrite_inv2_accessible.key.proof 
852634     DEBUG main            d.u.i.k.p.i.AbstractProblemLoader Environment load took 79.4ns 
852634     INFO  main            d.u.i.k.p.i.AbstractProblemLoader Creating init config 
855693     DEBUG main            d.u.i.k.p.i.AbstractProblemLoader Init config took 3.06s 
855729     INFO  main            d.u.i.k.p.i.AbstractProblemLoader Replaying proof ReadWrite[java.lang.Object::<inv>()].JML accessible clause.1 
855733     DEBUG main            d.u.i.k.p.i.IntermediateProofReplayer Proof replay took 2.09ms 
855734     DEBUG main            d.u.i.k.p.r.p.TestFile    ... success: reloaded. 
855734     INFO  main            d.u.i.k.p.r.p.TestFile    Now processing file /home/runner/work/key/key/key.core/../key.ui/examples/heap/permissions/lockspec/Counter_lockConsistent_contract.key 
855735     INFO  main            d.u.i.k.p.i.AbstractProblemLoader Loading environment from /home/runner/work/key/key/key.core/../key.ui/examples/heap/permissions/lockspec/Counter_lockConsistent_contract.key 
855735     DEBUG main            d.u.i.k.p.i.AbstractProblemLoader Environment load took 163ns 
855736     INFO  main            d.u.i.k.p.i.AbstractProblemLoader Creating init config 
859374     DEBUG main            d.u.i.k.p.i.AbstractProblemLoader Init config took 3.64s 
859441     INFO  main            d.u.i.k.p.i.AbstractProblemLoader Replaying proof Counter[LockSpec::lockConsistent()].JML model_behavior operation contract.0 
859442     DEBUG main            d.u.i.k.p.i.IntermediateProofReplayer Proof replay took 3.5ns 
860650     INFO  main            d.u.i.k.p.r.p.TestFile    ... finished proof: closed. 
861361     INFO  main            d.u.i.k.p.i.AbstractProblemLoader Loading environment from /home/runner/work/key/key/key.core/../key.ui/examples/heap/permissions/lockspec/Counter_lockConsistent_contract.key.proof 
861361     DEBUG main            d.u.i.k.p.i.AbstractProblemLoader Environment load took 129.5ns 
861363     INFO  main            d.u.i.k.p.i.AbstractProblemLoader Creating init config 
864907     DEBUG main            d.u.i.k.p.i.AbstractProblemLoader Init config took 3.54s 
864982     INFO  main            d.u.i.k.p.i.AbstractProblemLoader Replaying proof Counter[LockSpec::lockConsistent()].JML model_behavior operation contract.0 
865153     DEBUG main            d.u.i.k.p.i.IntermediateProofReplayer Proof replay took 162.61ms 
865154     DEBUG main            d.u.i.k.p.r.p.TestFile    ... success: reloaded. 
865155     INFO  main            d.u.i.k.p.r.p.TestFile    Now processing file /home/runner/work/key/key/key.core/../key.ui/examples/heap/permissions/lockspec/Counter_increase_contract.key 
865155     INFO  main            d.u.i.k.p.i.AbstractProblemLoader Loading environment from /home/runner/work/key/key/key.core/../key.ui/examples/heap/permissions/lockspec/Counter_increase_contract.key 
865155     DEBUG main            d.u.i.k.p.i.AbstractProblemLoader Environment load took 160ns 
865156     INFO  main            d.u.i.k.p.i.AbstractProblemLoader Creating init config 
868806     DEBUG main            d.u.i.k.p.i.AbstractProblemLoader Init config took 3.65s 
868865     INFO  main            d.u.i.k.p.i.AbstractProblemLoader Replaying proof Counter[Counter::increase()].JML normal_behavior operation contract.0 
868880     DEBUG main            d.u.i.k.p.i.IntermediateProofReplayer Proof replay took 3.8ns 
871135     INFO  main            d.u.i.k.p.r.p.TestFile    ... finished proof: closed. 
871842     INFO  main            d.u.i.k.p.i.AbstractProblemLoader Loading environment from /home/runner/work/key/key/key.core/../key.ui/examples/heap/permissions/lockspec/Counter_increase_contract.key.proof 
871842     DEBUG main            d.u.i.k.p.i.AbstractProblemLoader Environment load took 85.7ns 
871843     INFO  main            d.u.i.k.p.i.AbstractProblemLoader Creating init config 
875295     DEBUG main            d.u.i.k.p.i.AbstractProblemLoader Init config took 3.45s 
875342     INFO  main            d.u.i.k.p.i.AbstractProblemLoader Replaying proof Counter[Counter::increase()].JML normal_behavior operation contract.0 
875834     DEBUG main            d.u.i.k.p.i.IntermediateProofReplayer Proof replay took 471.72ms 
875836     DEBUG main            d.u.i.k.p.r.p.TestFile    ... success: reloaded. 
875837     INFO  main            d.u.i.k.p.r.p.TestFile    Now processing file /home/runner/work/key/key/key.core/../key.ui/examples/heap/permissions/lockspec/Counter_fp_accessible.key 
875837     INFO  main            d.u.i.k.p.i.AbstractProblemLoader Loading environment from /home/runner/work/key/key/key.core/../key.ui/examples/heap/permissions/lockspec/Counter_fp_accessible.key 
875837     DEBUG main            d.u.i.k.p.i.AbstractProblemLoader Environment load took 60.3ns 
875838     INFO  main            d.u.i.k.p.i.AbstractProblemLoader Creating init config 
879349     DEBUG main            d.u.i.k.p.i.AbstractProblemLoader Init config took 3.51s 
879404     INFO  main            d.u.i.k.p.i.AbstractProblemLoader Replaying proof Counter[LockSpec::fp()].JML accessible clause.0 
879406     DEBUG main            d.u.i.k.p.i.IntermediateProofReplayer Proof replay took 3.3ns 
879508     INFO  main            d.u.i.k.p.r.p.TestFile    ... finished proof: closed. 
880186     INFO  main            d.u.i.k.p.i.AbstractProblemLoader Loading environment from /home/runner/work/key/key/key.core/../key.ui/examples/heap/permissions/lockspec/Counter_fp_accessible.key.proof 
880186     DEBUG main            d.u.i.k.p.i.AbstractProblemLoader Environment load took 74.8ns 
880187     INFO  main            d.u.i.k.p.i.AbstractProblemLoader Creating init config 
883596     DEBUG main            d.u.i.k.p.i.AbstractProblemLoader Init config took 3.41s 
883654     INFO  main            d.u.i.k.p.i.AbstractProblemLoader Replaying proof Counter[LockSpec::fp()].JML accessible clause.0 
883667     DEBUG main            d.u.i.k.p.i.IntermediateProofReplayer Proof replay took 10.71ms 
883668     DEBUG main            d.u.i.k.p.r.p.TestFile    ... success: reloaded. 
883669     INFO  main            d.u.i.k.p.r.p.TestFile    Now processing file /home/runner/work/key/key/key.core/../key.ui/examples/heap/permissions/lockspec/Counter_fpLock_accessible.key 
883670     INFO  main            d.u.i.k.p.i.AbstractProblemLoader Loading environment from /home/runner/work/key/key/key.core/../key.ui/examples/heap/permissions/lockspec/Counter_fpLock_accessible.key 
883670     DEBUG main            d.u.i.k.p.i.AbstractProblemLoader Environment load took 186.3ns 
883671     INFO  main            d.u.i.k.p.i.AbstractProblemLoader Creating init config 
887666     DEBUG main            d.u.i.k.p.i.AbstractProblemLoader Init config took 4s 
887716     INFO  main            d.u.i.k.p.i.AbstractProblemLoader Replaying proof Counter[LockSpec::fpLock()].JML accessible clause.0 
887717     DEBUG main            d.u.i.k.p.i.IntermediateProofReplayer Proof replay took 2.9ns 
887819     INFO  main            d.u.i.k.p.r.p.TestFile    ... finished proof: closed. 
888495     INFO  main            d.u.i.k.p.i.AbstractProblemLoader Loading environment from /home/runner/work/key/key/key.core/../key.ui/examples/heap/permissions/lockspec/Counter_fpLock_accessible.key.proof 
888495     DEBUG main            d.u.i.k.p.i.AbstractProblemLoader Environment load took 157.6ns 
888496     INFO  main            d.u.i.k.p.i.AbstractProblemLoader Creating init config 
891941     DEBUG main            d.u.i.k.p.i.AbstractProblemLoader Init config took 3.45s 
892023     INFO  main            d.u.i.k.p.i.AbstractProblemLoader Replaying proof Counter[LockSpec::fpLock()].JML accessible clause.0 
892034     DEBUG main            d.u.i.k.p.i.IntermediateProofReplayer Proof replay took 8.85ms 
892035     DEBUG main            d.u.i.k.p.r.p.TestFile    ... success: reloaded. 
892035     INFO  main            d.u.i.k.p.r.p.TestFile    Now processing file /home/runner/work/key/key/key.core/../key.ui/examples/heap/permissions/lockspec/Counter_fpPerm_accessible.key 
892036     INFO  main            d.u.i.k.p.i.AbstractProblemLoader Loading environment from /home/runner/work/key/key/key.core/../key.ui/examples/heap/permissions/lockspec/Counter_fpPerm_accessible.key 
892036     DEBUG main            d.u.i.k.p.i.AbstractProblemLoader Environment load took 181.6ns 
892037     INFO  main            d.u.i.k.p.i.AbstractProblemLoader Creating init config 
895530     DEBUG main            d.u.i.k.p.i.AbstractProblemLoader Init config took 3.49s 
895592     INFO  main            d.u.i.k.p.i.AbstractProblemLoader Replaying proof Counter[LockSpec::fpPerm()].JML accessible clause.0 
895598     DEBUG main            d.u.i.k.p.i.IntermediateProofReplayer Proof replay took 4.5ns 
895706     INFO  main            d.u.i.k.p.r.p.TestFile    ... finished proof: closed. 
896407     INFO  main            d.u.i.k.p.i.AbstractProblemLoader Loading environment from /home/runner/work/key/key/key.core/../key.ui/examples/heap/permissions/lockspec/Counter_fpPerm_accessible.key.proof 
896407     DEBUG main            d.u.i.k.p.i.AbstractProblemLoader Environment load took 73.8ns 
896408     INFO  main            d.u.i.k.p.i.AbstractProblemLoader Creating init config 
899931     DEBUG main            d.u.i.k.p.i.AbstractProblemLoader Init config took 3.52s 
899993     INFO  main            d.u.i.k.p.i.AbstractProblemLoader Replaying proof Counter[LockSpec::fpPerm()].JML accessible clause.0 
900006     DEBUG main            d.u.i.k.p.i.IntermediateProofReplayer Proof replay took 10.08ms 
900007     DEBUG main            d.u.i.k.p.r.p.TestFile    ... success: reloaded. 
900008     INFO  main            d.u.i.k.p.r.p.TestFile    Now processing file /home/runner/work/key/key/key.core/../key.ui/examples/heap/permissions/lockspec/Counter_inv_accessible1.key 
900008     INFO  main            d.u.i.k.p.i.AbstractProblemLoader Loading environment from /home/runner/work/key/key/key.core/../key.ui/examples/heap/permissions/lockspec/Counter_inv_accessible1.key 
900008     DEBUG main            d.u.i.k.p.i.AbstractProblemLoader Environment load took 176.2ns 
900009     INFO  main            d.u.i.k.p.i.AbstractProblemLoader Creating init config 
903726     DEBUG main            d.u.i.k.p.i.AbstractProblemLoader Init config took 3.72s 
903775     INFO  main            d.u.i.k.p.i.AbstractProblemLoader Replaying proof Counter[java.lang.Object::<inv>()].JML accessible clause.0 
903776     DEBUG main            d.u.i.k.p.i.IntermediateProofReplayer Proof replay took 3.2ns 
903878     INFO  main            d.u.i.k.p.r.p.TestFile    ... finished proof: closed. 
904586     INFO  main            d.u.i.k.p.i.AbstractProblemLoader Loading environment from /home/runner/work/key/key/key.core/../key.ui/examples/heap/permissions/lockspec/Counter_inv_accessible1.key.proof 
904586     DEBUG main            d.u.i.k.p.i.AbstractProblemLoader Environment load took 78.3ns 
904587     INFO  main            d.u.i.k.p.i.AbstractProblemLoader Creating init config 
908144     DEBUG main            d.u.i.k.p.i.AbstractProblemLoader Init config took 3.56s 
908193     INFO  main            d.u.i.k.p.i.AbstractProblemLoader Replaying proof Counter[java.lang.Object::<inv>()].JML accessible clause.0 
908206     DEBUG main            d.u.i.k.p.i.IntermediateProofReplayer Proof replay took 11.18ms 
908207     DEBUG main            d.u.i.k.p.r.p.TestFile    ... success: reloaded. 
908208     INFO  main            d.u.i.k.p.r.p.TestFile    Now processing file /home/runner/work/key/key/key.core/../key.ui/examples/heap/permissions/lockspec/Counter_inv_accessible2.key 
908208     INFO  main            d.u.i.k.p.i.AbstractProblemLoader Loading environment from /home/runner/work/key/key/key.core/../key.ui/examples/heap/permissions/lockspec/Counter_inv_accessible2.key 
908208     DEBUG main            d.u.i.k.p.i.AbstractProblemLoader Environment load took 158.4ns 
908209     INFO  main            d.u.i.k.p.i.AbstractProblemLoader Creating init config 
911749     DEBUG main            d.u.i.k.p.i.AbstractProblemLoader Init config took 3.54s 
911805     INFO  main            d.u.i.k.p.i.AbstractProblemLoader Replaying proof Counter[java.lang.Object::<inv>()].JML accessible clause.1 
911807     DEBUG main            d.u.i.k.p.i.IntermediateProofReplayer Proof replay took 3.3ns 
911908     INFO  main            d.u.i.k.p.r.p.TestFile    ... finished proof: closed. 
912627     INFO  main            d.u.i.k.p.i.AbstractProblemLoader Loading environment from /home/runner/work/key/key/key.core/../key.ui/examples/heap/permissions/lockspec/Counter_inv_accessible2.key.proof 
912627     DEBUG main            d.u.i.k.p.i.AbstractProblemLoader Environment load took 71.4ns 
912628     INFO  main            d.u.i.k.p.i.AbstractProblemLoader Creating init config 
916094     DEBUG main            d.u.i.k.p.i.AbstractProblemLoader Init config took 3.47s 
916163     INFO  main            d.u.i.k.p.i.AbstractProblemLoader Replaying proof Counter[java.lang.Object::<inv>()].JML accessible clause.1 
916179     DEBUG main            d.u.i.k.p.i.IntermediateProofReplayer Proof replay took 12.65ms 
916180     DEBUG main            d.u.i.k.p.r.p.TestFile    ... success: reloaded. 
916181     INFO  main            d.u.i.k.p.r.p.TestFile    Now processing file /home/runner/work/key/key/key.core/../key.ui/examples/heap/permissions/lockspec/Counter_lockRef_accessible.key 
916181     INFO  main            d.u.i.k.p.i.AbstractProblemLoader Loading environment from /home/runner/work/key/key/key.core/../key.ui/examples/heap/permissions/lockspec/Counter_lockRef_accessible.key 
916181     DEBUG main            d.u.i.k.p.i.AbstractProblemLoader Environment load took 161.2ns 
916182     INFO  main            d.u.i.k.p.i.AbstractProblemLoader Creating init config 
919798     DEBUG main            d.u.i.k.p.i.AbstractProblemLoader Init config took 3.62s 
919855     INFO  main            d.u.i.k.p.i.AbstractProblemLoader Replaying proof Counter[LockSpec::lockRef()].JML accessible clause.0 
919857     DEBUG main            d.u.i.k.p.i.IntermediateProofReplayer Proof replay took 3.2ns 
920159     INFO  main            d.u.i.k.p.r.p.TestFile    ... finished proof: closed. 
920883     INFO  main            d.u.i.k.p.i.AbstractProblemLoader Loading environment from /home/runner/work/key/key/key.core/../key.ui/examples/heap/permissions/lockspec/Counter_lockRef_accessible.key.proof 
920883     DEBUG main            d.u.i.k.p.i.AbstractProblemLoader Environment load took 81.4ns 
920884     INFO  main            d.u.i.k.p.i.AbstractProblemLoader Creating init config 
924373     DEBUG main            d.u.i.k.p.i.AbstractProblemLoader Init config took 3.49s 
924446     INFO  main            d.u.i.k.p.i.AbstractProblemLoader Replaying proof Counter[LockSpec::lockRef()].JML accessible clause.0 
924495     DEBUG main            d.u.i.k.p.i.IntermediateProofReplayer Proof replay took 44.54ms 
924496     DEBUG main            d.u.i.k.p.r.p.TestFile    ... success: reloaded. 
924496     INFO  main            d.u.i.k.p.r.p.TestFile    Now processing file /home/runner/work/key/key/key.core/../key.ui/examples/heap/permissions/lockspec/Counter_lockRef_contract1.key 
924498     INFO  main            d.u.i.k.p.i.AbstractProblemLoader Loading environment from /home/runner/work/key/key/key.core/../key.ui/examples/heap/permissions/lockspec/Counter_lockRef_contract1.key 
924498     DEBUG main            d.u.i.k.p.i.AbstractProblemLoader Environment load took 179.8ns 
924499     INFO  main            d.u.i.k.p.i.AbstractProblemLoader Creating init config 
928147     DEBUG main            d.u.i.k.p.i.AbstractProblemLoader Init config took 3.65s 
928209     INFO  main            d.u.i.k.p.i.AbstractProblemLoader Replaying proof Counter[LockSpec::lockRef()].JML model_behavior operation contract.0 
928211     DEBUG main            d.u.i.k.p.i.IntermediateProofReplayer Proof replay took 3.4ns 
928313     INFO  main            d.u.i.k.p.r.p.TestFile    ... finished proof: closed. 
929059     INFO  main            d.u.i.k.p.i.AbstractProblemLoader Loading environment from /home/runner/work/key/key/key.core/../key.ui/examples/heap/permissions/lockspec/Counter_lockRef_contract1.key.proof 
929059     DEBUG main            d.u.i.k.p.i.AbstractProblemLoader Environment load took 75.7ns 
929060     INFO  main            d.u.i.k.p.i.AbstractProblemLoader Creating init config 
932511     DEBUG main            d.u.i.k.p.i.AbstractProblemLoader Init config took 3.45s 
932568     INFO  main            d.u.i.k.p.i.AbstractProblemLoader Replaying proof Counter[LockSpec::lockRef()].JML model_behavior operation contract.0 
932575     DEBUG main            d.u.i.k.p.i.IntermediateProofReplayer Proof replay took 4.36ms 
932576     DEBUG main            d.u.i.k.p.r.p.TestFile    ... success: reloaded. 
932576     INFO  main            d.u.i.k.p.r.p.TestFile    Now processing file /home/runner/work/key/key/key.core/../key.ui/examples/heap/permissions/lockspec/Counter_lockRef_contract2.key 
932577     INFO  main            d.u.i.k.p.i.AbstractProblemLoader Loading environment from /home/runner/work/key/key/key.core/../key.ui/examples/heap/permissions/lockspec/Counter_lockRef_contract2.key 
932577     DEBUG main            d.u.i.k.p.i.AbstractProblemLoader Environment load took 200.2ns 
932578     INFO  main            d.u.i.k.p.i.AbstractProblemLoader Creating init config 
936220     DEBUG main            d.u.i.k.p.i.AbstractProblemLoader Init config took 3.64s 
936286     INFO  main            d.u.i.k.p.i.AbstractProblemLoader Replaying proof Counter[Counter::lockRef()].JML model_behavior operation contract.0 
936288     DEBUG main            d.u.i.k.p.i.IntermediateProofReplayer Proof replay took 3.7ns 
936389     INFO  main            d.u.i.k.p.r.p.TestFile    ... finished proof: closed. 
937111     INFO  main            d.u.i.k.p.i.AbstractProblemLoader Loading environment from /home/runner/work/key/key/key.core/../key.ui/examples/heap/permissions/lockspec/Counter_lockRef_contract2.key.proof 
937111     DEBUG main            d.u.i.k.p.i.AbstractProblemLoader Environment load took 296.4ns 
937112     INFO  main            d.u.i.k.p.i.AbstractProblemLoader Creating init config 
940542     DEBUG main            d.u.i.k.p.i.AbstractProblemLoader Init config took 3.43s 
940649     INFO  main            d.u.i.k.p.i.AbstractProblemLoader Replaying proof Counter[Counter::lockRef()].JML model_behavior operation contract.0 
940657     DEBUG main            d.u.i.k.p.i.IntermediateProofReplayer Proof replay took 5.8ms 
940657     DEBUG main            d.u.i.k.p.r.p.TestFile    ... success: reloaded. 
940658     INFO  main            d.u.i.k.p.r.p.TestFile    Now processing file /home/runner/work/key/key/key.core/../key.ui/examples/heap/permissions/lockspec/Counter_lockState_accessible.key 
940659     INFO  main            d.u.i.k.p.i.AbstractProblemLoader Loading environment from /home/runner/work/key/key/key.core/../key.ui/examples/heap/permissions/lockspec/Counter_lockState_accessible.key 
940659     DEBUG main            d.u.i.k.p.i.AbstractProblemLoader Environment load took 164.2ns 
940660     INFO  main            d.u.i.k.p.i.AbstractProblemLoader Creating init config 
944348     DEBUG main            d.u.i.k.p.i.AbstractProblemLoader Init config took 3.69s 
944409     INFO  main            d.u.i.k.p.i.AbstractProblemLoader Replaying proof Counter[LockSpec::lockState(boolean)].JML accessible clause.0 
944410     DEBUG main            d.u.i.k.p.i.IntermediateProofReplayer Proof replay took 3.2ns 
944813     INFO  main            d.u.i.k.p.r.p.TestFile    ... finished proof: closed. 
945564     INFO  main            d.u.i.k.p.i.AbstractProblemLoader Loading environment from /home/runner/work/key/key/key.core/../key.ui/examples/heap/permissions/lockspec/Counter_lockState_accessible.key.proof 
945564     DEBUG main            d.u.i.k.p.i.AbstractProblemLoader Environment load took 70.6ns 
945565     INFO  main            d.u.i.k.p.i.AbstractProblemLoader Creating init config 
948998     DEBUG main            d.u.i.k.p.i.AbstractProblemLoader Init config took 3.43s 
949062     INFO  main            d.u.i.k.p.i.AbstractProblemLoader Replaying proof Counter[LockSpec::lockState(boolean)].JML accessible clause.0 
949144     DEBUG main            d.u.i.k.p.i.IntermediateProofReplayer Proof replay took 77.83ms 
949145     DEBUG main            d.u.i.k.p.r.p.TestFile    ... success: reloaded. 
949146     INFO  main            d.u.i.k.p.r.p.TestFile    Now processing file /home/runner/work/key/key/key.core/../key.ui/examples/heap/permissions/lockspec/Counter_lockStatus_accessible.key 
949159     INFO  main            d.u.i.k.p.i.AbstractProblemLoader Loading environment from /home/runner/work/key/key/key.core/../key.ui/examples/heap/permissions/lockspec/Counter_lockStatus_accessible.key 
949159     DEBUG main            d.u.i.k.p.i.AbstractProblemLoader Environment load took 190.8ns 
949160     INFO  main            d.u.i.k.p.i.AbstractProblemLoader Creating init config 
952724     DEBUG main            d.u.i.k.p.i.AbstractProblemLoader Init config took 3.56s 
952790     INFO  main            d.u.i.k.p.i.AbstractProblemLoader Replaying proof Counter[LockSpec::lockStatus(boolean)].JML accessible clause.0 
952792     DEBUG main            d.u.i.k.p.i.IntermediateProofReplayer Proof replay took 4.1ns 
952894     INFO  main            d.u.i.k.p.r.p.TestFile    ... finished proof: closed. 
953630     INFO  main            d.u.i.k.p.i.AbstractProblemLoader Loading environment from /home/runner/work/key/key/key.core/../key.ui/examples/heap/permissions/lockspec/Counter_lockStatus_accessible.key.proof 
953630     DEBUG main            d.u.i.k.p.i.AbstractProblemLoader Environment load took 74.8ns 
953631     INFO  main            d.u.i.k.p.i.AbstractProblemLoader Creating init config 
957123     DEBUG main            d.u.i.k.p.i.AbstractProblemLoader Init config took 3.49s 
957173     INFO  main            d.u.i.k.p.i.AbstractProblemLoader Replaying proof Counter[LockSpec::lockStatus(boolean)].JML accessible clause.0 
957194     DEBUG main            d.u.i.k.p.i.IntermediateProofReplayer Proof replay took 19.93ms 
957195     DEBUG main            d.u.i.k.p.r.p.TestFile    ... success: reloaded. 
957196     INFO  main            d.u.i.k.p.r.p.TestFile    Now processing file /home/runner/work/key/key/key.core/../key.ui/examples/heap/permissions/lockspec/Counter_lockTransfer_accessible.key 
957196     INFO  main            d.u.i.k.p.i.AbstractProblemLoader Loading environment from /home/runner/work/key/key/key.core/../key.ui/examples/heap/permissions/lockspec/Counter_lockTransfer_accessible.key 
957196     DEBUG main            d.u.i.k.p.i.AbstractProblemLoader Environment load took 88.2ns 
957197     INFO  main            d.u.i.k.p.i.AbstractProblemLoader Creating init config 
960668     DEBUG main            d.u.i.k.p.i.AbstractProblemLoader Init config took 3.47s 
960747     INFO  main            d.u.i.k.p.i.AbstractProblemLoader Replaying proof Counter[LockSpec::lockTransfer()].JML accessible clause.0 
960749     DEBUG main            d.u.i.k.p.i.IntermediateProofReplayer Proof replay took 3ns 
961151     INFO  main            d.u.i.k.p.r.p.TestFile    ... finished proof: closed. 
961877     INFO  main            d.u.i.k.p.i.AbstractProblemLoader Loading environment from /home/runner/work/key/key/key.core/../key.ui/examples/heap/permissions/lockspec/Counter_lockTransfer_accessible.key.proof 
961877     DEBUG main            d.u.i.k.p.i.AbstractProblemLoader Environment load took 75ns 
961878     INFO  main            d.u.i.k.p.i.AbstractProblemLoader Creating init config 
965355     DEBUG main            d.u.i.k.p.i.AbstractProblemLoader Init config took 3.48s 
965414     INFO  main            d.u.i.k.p.i.AbstractProblemLoader Replaying proof Counter[LockSpec::lockTransfer()].JML accessible clause.0 
965489     DEBUG main            d.u.i.k.p.i.IntermediateProofReplayer Proof replay took 72.09ms 
965490     DEBUG main            d.u.i.k.p.r.p.TestFile    ... success: reloaded. 
965491     INFO  main            d.u.i.k.p.r.p.TestFile    Now processing file /home/runner/work/key/key/key.core/../key.ui/examples/heap/permissions/lockspec/Counter_unlockTransfer_accessible.key 
965492     INFO  main            d.u.i.k.p.i.AbstractProblemLoader Loading environment from /home/runner/work/key/key/key.core/../key.ui/examples/heap/permissions/lockspec/Counter_unlockTransfer_accessible.key 
965492     DEBUG main            d.u.i.k.p.i.AbstractProblemLoader Environment load took 169ns 
965493     INFO  main            d.u.i.k.p.i.AbstractProblemLoader Creating init config 
969217     DEBUG main            d.u.i.k.p.i.AbstractProblemLoader Init config took 3.72s 
969278     INFO  main            d.u.i.k.p.i.AbstractProblemLoader Replaying proof Counter[LockSpec::unlockTransfer()].JML accessible clause.0 
969280     DEBUG main            d.u.i.k.p.i.IntermediateProofReplayer Proof replay took 3.9ns 
969582     INFO  main            d.u.i.k.p.r.p.TestFile    ... finished proof: closed. 
970356     INFO  main            d.u.i.k.p.i.AbstractProblemLoader Loading environment from /home/runner/work/key/key/key.core/../key.ui/examples/heap/permissions/lockspec/Counter_unlockTransfer_accessible.key.proof 
970356     DEBUG main            d.u.i.k.p.i.AbstractProblemLoader Environment load took 86.1ns 
970357     INFO  main            d.u.i.k.p.i.AbstractProblemLoader Creating init config 
973835     DEBUG main            d.u.i.k.p.i.AbstractProblemLoader Init config took 3.48s 
973891     INFO  main            d.u.i.k.p.i.AbstractProblemLoader Replaying proof Counter[LockSpec::unlockTransfer()].JML accessible clause.0 
973960     DEBUG main            d.u.i.k.p.i.IntermediateProofReplayer Proof replay took 61.73ms 
973961     DEBUG main            d.u.i.k.p.r.p.TestFile    ... success: reloaded. 
973962     INFO  main            d.u.i.k.p.r.p.TestFile    Now processing file /home/runner/work/key/key/key.core/../key.ui/examples/heap/permissions/threads/Plotter_startTransfer_contract.proof 
973962     INFO  main            d.u.i.k.p.i.AbstractProblemLoader Loading environment from /home/runner/work/key/key/key.core/../key.ui/examples/heap/permissions/threads/Plotter_startTransfer_contract.proof 
973962     DEBUG main            d.u.i.k.p.i.AbstractProblemLoader Environment load took 250.2ns 
973964     INFO  main            d.u.i.k.p.i.AbstractProblemLoader Creating init config 
979412     DEBUG main            d.u.i.k.p.i.AbstractProblemLoader Init config took 5.45s 
979490     INFO  main            d.u.i.k.p.i.AbstractProblemLoader Replaying proof Plotter[ThreadSpec2::startTransfer()].JML model_behavior operation contract.0 
979651     DEBUG main            d.u.i.k.p.i.IntermediateProofReplayer Proof replay took 131.15ms 
979652     INFO  main            d.u.i.k.p.r.p.TestFile    ... success: loaded 
979654     INFO  main            d.u.i.k.p.r.p.TestFile    Now processing file /home/runner/work/key/key/key.core/../key.ui/examples/heap/permissions/threads/Plotter_startTransfer_accessible.proof 
979654     INFO  main            d.u.i.k.p.i.AbstractProblemLoader Loading environment from /home/runner/work/key/key/key.core/../key.ui/examples/heap/permissions/threads/Plotter_startTransfer_accessible.proof 
979654     DEBUG main            d.u.i.k.p.i.AbstractProblemLoader Environment load took 160.9ns 
979655     INFO  main            d.u.i.k.p.i.AbstractProblemLoader Creating init config 
985312     DEBUG main            d.u.i.k.p.i.AbstractProblemLoader Init config took 5.66s 
985405     INFO  main            d.u.i.k.p.i.AbstractProblemLoader Replaying proof Plotter[ThreadSpec2::startTransfer()].JML accessible clause.0 
985527     DEBUG main            d.u.i.k.p.i.IntermediateProofReplayer Proof replay took 117.15ms 
985527     INFO  main            d.u.i.k.p.r.p.TestFile    ... success: loaded 
985528     INFO  main            d.u.i.k.p.r.p.TestFile    Now processing file /home/runner/work/key/key/key.core/../key.ui/examples/heap/permissions/threads/Plotter_joinTransfer_accessible.proof 
985528     INFO  main            d.u.i.k.p.i.AbstractProblemLoader Loading environment from /home/runner/work/key/key/key.core/../key.ui/examples/heap/permissions/threads/Plotter_joinTransfer_accessible.proof 
985528     DEBUG main            d.u.i.k.p.i.AbstractProblemLoader Environment load took 49.3ns 
985529     INFO  main            d.u.i.k.p.i.AbstractProblemLoader Creating init config 
990969     DEBUG main            d.u.i.k.p.i.AbstractProblemLoader Init config took 5.44s 
991059     INFO  main            d.u.i.k.p.i.AbstractProblemLoader Replaying proof Plotter[ThreadSpec2::joinTransfer()].JML accessible clause.0 
991071     WARN  main            d.u.i.k.p.i.IntermediateProofReplayer Proof contains wrong number of \assumes instatiations for Definition_axiom_for_stateInv_in_Plotter 
991074     WARN  main            d.u.i.k.p.i.IntermediateProofReplayer Proof contains wrong number of \assumes instatiations for Definition_axiom_for_stateInv_in_Plotter 
991077     WARN  main            d.u.i.k.p.i.IntermediateProofReplayer Proof contains wrong number of \assumes instatiations for Definition_axiom_for_workingPermissions_in_Plotter 
991077     WARN  main            d.u.i.k.p.i.IntermediateProofReplayer Proof contains wrong number of \assumes instatiations for Definition_axiom_for_staticPermissions_in_Plotter 
991079     WARN  main            d.u.i.k.p.i.IntermediateProofReplayer Proof contains wrong number of \assumes instatiations for Definition_axiom_for_joinTransfer_in_Plotter 
991080     WARN  main            d.u.i.k.p.i.IntermediateProofReplayer Proof contains wrong number of \assumes instatiations for Definition_axiom_for_stateInv_in_BFilter 
991083     WARN  main            d.u.i.k.p.i.IntermediateProofReplayer Proof contains wrong number of \assumes instatiations for Definition_axiom_for_stateInv_in_AFilter 
991085     WARN  main            d.u.i.k.p.i.IntermediateProofReplayer Proof contains wrong number of \assumes instatiations for Definition_axiom_for_stateInv_in_BFilter 
991092     WARN  main            d.u.i.k.p.i.IntermediateProofReplayer Proof contains wrong number of \assumes instatiations for Definition_axiom_for_stateInv_in_AFilter 
991094     WARN  main            d.u.i.k.p.i.IntermediateProofReplayer Proof contains wrong number of \assumes instatiations for Definition_axiom_for_staticPermissions_in_AFilter 
991095     WARN  main            d.u.i.k.p.i.IntermediateProofReplayer Proof contains wrong number of \assumes instatiations for Definition_axiom_for_staticPermissions_in_Plotter 
991095     WARN  main            d.u.i.k.p.i.IntermediateProofReplayer Proof contains wrong number of \assumes instatiations for Definition_axiom_for_staticPermissions_in_BFilter 
991097     WARN  main            d.u.i.k.p.i.IntermediateProofReplayer Proof contains wrong number of \assumes instatiations for Definition_axiom_for_workingPermissions_in_Plotter 
991097     WARN  main            d.u.i.k.p.i.IntermediateProofReplayer Proof contains wrong number of \assumes instatiations for Definition_axiom_for_stateInv_in_Sampler 
991098     WARN  main            d.u.i.k.p.i.IntermediateProofReplayer Proof contains wrong number of \assumes instatiations for Definition_axiom_for_stateInv_in_Sampler 
991100     WARN  main            d.u.i.k.p.i.IntermediateProofReplayer Proof contains wrong number of \assumes instatiations for Definition_axiom_for_staticPermissions_in_Sampler 
991100     WARN  main            d.u.i.k.p.i.IntermediateProofReplayer Proof contains wrong number of \assumes instatiations for Definition_axiom_for_staticPermissions_in_BFilter 
991102     WARN  main            d.u.i.k.p.i.IntermediateProofReplayer Proof contains wrong number of \assumes instatiations for Definition_axiom_for_staticPermissions_in_AFilter 
991103     WARN  main            d.u.i.k.p.i.IntermediateProofReplayer Proof contains wrong number of \assumes instatiations for Definition_axiom_for_staticPermissions_in_Sampler 
991103     WARN  main            d.u.i.k.p.i.IntermediateProofReplayer Proof contains wrong number of \assumes instatiations for Definition_axiom_for_staticPermissions_in_Sampler 
991104     WARN  main            d.u.i.k.p.i.IntermediateProofReplayer Proof contains wrong number of \assumes instatiations for Definition_axiom_for_staticPermissions_in_Sampler 
991105     WARN  main            d.u.i.k.p.i.IntermediateProofReplayer Proof contains wrong number of \assumes instatiations for Definition_axiom_for_joinTransfer_in_Plotter 
991221     DEBUG main            d.u.i.k.p.i.IntermediateProofReplayer Proof replay took 155.04ms 
991222     INFO  main            d.u.i.k.p.r.p.TestFile    ... success: loaded 
6004509    INFO  Test worker     d.u.i.k.p.r.RunAllProofsTestUnit Returning from test permissionHeap 
6004511    INFO  Test worker     d.u.i.k.p.r.RunAllProofsTestUnit Running test completionScopes 
381        INFO  Timeout watchdog d.u.i.k.p.r.p.ForkedTestFileRunner Timeout watcher launched (2000 secs.) 
400        WARN  main            d.u.i.k.s.ProofSettings   The settings in /home/runner/.key/proof-settings.props are *not* read. 
437        INFO  main            d.u.i.k.p.r.p.TestFile    Now processing file /home/runner/work/key/key/key.core/../key.ui/examples/completionscopes/testCcatchReturnVal.key 
558        INFO  main            d.u.i.k.p.i.AbstractProblemLoader Loading environment from /home/runner/work/key/key/key.core/../key.ui/examples/completionscopes/testCcatchReturnVal.key 
583        DEBUG main            d.u.i.k.p.i.AbstractProblemLoader Environment load took 2ms 
845        INFO  main            d.u.i.k.p.i.AbstractProblemLoader Creating init config 
1893       DEBUG main            d.u.i.k.j.TypeConverter   No LDT found for Meta 
1894       DEBUG main            d.u.i.k.j.TypeConverter   No LDT found for Meta 
1897       DEBUG main            d.u.i.k.j.TypeConverter   No LDT found for Meta 
1899       DEBUG main            d.u.i.k.j.TypeConverter   No LDT found for Meta 
3650       DEBUG main            d.u.i.k.j.TypeConverter   No LDT found for JavaBigintExpression 
9297       DEBUG main            d.u.i.k.p.i.AbstractProblemLoader Init config took 8.45s 
9513       INFO  main            d.u.i.k.p.i.AbstractProblemLoader Replaying proof CompletionScopes[CompletionScopes::testCcatchReturnVal()].JML normal_behavior operation contract.0 
9591       DEBUG main            d.u.i.k.p.i.IntermediateProofReplayer Proof replay took 40ns 
10238      INFO  main            d.u.i.k.p.r.p.TestFile    ... finished proof: closed. 
10348      INFO  main            d.u.i.k.p.i.AbstractProblemLoader Loading environment from /home/runner/work/key/key/key.core/../key.ui/examples/completionscopes/testCcatchReturnVal.key.proof 
10348      DEBUG main            d.u.i.k.p.i.AbstractProblemLoader Environment load took 389.31ns 
10351      INFO  main            d.u.i.k.p.i.AbstractProblemLoader Creating init config 
13645      DEBUG main            d.u.i.k.p.i.AbstractProblemLoader Init config took 3.29s 
13753      INFO  main            d.u.i.k.p.i.AbstractProblemLoader Replaying proof CompletionScopes[CompletionScopes::testCcatchReturnVal()].JML normal_behavior operation contract.0 
13845      DEBUG main            d.u.i.k.p.i.IntermediateProofReplayer Proof replay took 82.77ms 
13866      DEBUG main            d.u.i.k.p.r.p.TestFile    ... success: reloaded. 
13872      INFO  main            d.u.i.k.p.r.p.TestFile    Now processing file /home/runner/work/key/key/key.core/../key.ui/examples/completionscopes/testMultCcatchClauses.key 
13873      INFO  main            d.u.i.k.p.i.AbstractProblemLoader Loading environment from /home/runner/work/key/key/key.core/../key.ui/examples/completionscopes/testMultCcatchClauses.key 
13874      DEBUG main            d.u.i.k.p.i.AbstractProblemLoader Environment load took 155.1ns 
13876      INFO  main            d.u.i.k.p.i.AbstractProblemLoader Creating init config 
17031      DEBUG main            d.u.i.k.p.i.AbstractProblemLoader Init config took 3.16s 
17104      INFO  main            d.u.i.k.p.i.AbstractProblemLoader Replaying proof CompletionScopes[CompletionScopes::testMultCcatchClauses()].JML normal_behavior operation contract.0 
17107      DEBUG main            d.u.i.k.p.i.IntermediateProofReplayer Proof replay took 6.9ns 
17512      INFO  main            d.u.i.k.p.r.p.TestFile    ... finished proof: closed. 
17670      INFO  main            d.u.i.k.p.i.AbstractProblemLoader Loading environment from /home/runner/work/key/key/key.core/../key.ui/examples/completionscopes/testMultCcatchClauses.key.proof 
17672      DEBUG main            d.u.i.k.p.i.AbstractProblemLoader Environment load took 1.58ms 
17674      INFO  main            d.u.i.k.p.i.AbstractProblemLoader Creating init config 
20876      DEBUG main            d.u.i.k.p.i.AbstractProblemLoader Init config took 3.2s 
20944      INFO  main            d.u.i.k.p.i.AbstractProblemLoader Replaying proof CompletionScopes[CompletionScopes::testMultCcatchClauses()].JML normal_behavior operation contract.0 
21066      DEBUG main            d.u.i.k.p.i.IntermediateProofReplayer Proof replay took 117.08ms 
21067      DEBUG main            d.u.i.k.p.r.p.TestFile    ... success: reloaded. 
21069      INFO  main            d.u.i.k.p.r.p.TestFile    Now processing file /home/runner/work/key/key/key.core/../key.ui/examples/completionscopes/testNestedExec.key 
21069      INFO  main            d.u.i.k.p.i.AbstractProblemLoader Loading environment from /home/runner/work/key/key/key.core/../key.ui/examples/completionscopes/testNestedExec.key 
21069      DEBUG main            d.u.i.k.p.i.AbstractProblemLoader Environment load took 215.9ns 
21071      INFO  main            d.u.i.k.p.i.AbstractProblemLoader Creating init config 
24251      DEBUG main            d.u.i.k.p.i.AbstractProblemLoader Init config took 3.18s 
24311      INFO  main            d.u.i.k.p.i.AbstractProblemLoader Replaying proof CompletionScopes[CompletionScopes::testMultCcatchClauses()].JML normal_behavior operation contract.0 
24313      DEBUG main            d.u.i.k.p.i.IntermediateProofReplayer Proof replay took 6.2ns 
24718      INFO  main            d.u.i.k.p.r.p.TestFile    ... finished proof: closed. 
24912      INFO  main            d.u.i.k.p.i.AbstractProblemLoader Loading environment from /home/runner/work/key/key/key.core/../key.ui/examples/completionscopes/testNestedExec.key.proof 
24915      DEBUG main            d.u.i.k.p.i.AbstractProblemLoader Environment load took 3.52ms 
24917      INFO  main            d.u.i.k.p.i.AbstractProblemLoader Creating init config 
27803      DEBUG main            d.u.i.k.p.i.AbstractProblemLoader Init config took 2.89s 
27866      INFO  main            d.u.i.k.p.i.AbstractProblemLoader Replaying proof CompletionScopes[CompletionScopes::testMultCcatchClauses()].JML normal_behavior operation contract.0 
27994      DEBUG main            d.u.i.k.p.i.IntermediateProofReplayer Proof replay took 124.18ms 
27996      DEBUG main            d.u.i.k.p.r.p.TestFile    ... success: reloaded. 
27998      INFO  main            d.u.i.k.p.r.p.TestFile    Now processing file /home/runner/work/key/key/key.core/../key.ui/examples/completionscopes/testCcatchBreakLabel.key 
27998      INFO  main            d.u.i.k.p.i.AbstractProblemLoader Loading environment from /home/runner/work/key/key/key.core/../key.ui/examples/completionscopes/testCcatchBreakLabel.key 
27998      DEBUG main            d.u.i.k.p.i.AbstractProblemLoader Environment load took 206.8ns 
28000      INFO  main            d.u.i.k.p.i.AbstractProblemLoader Creating init config 
31042      DEBUG main            d.u.i.k.p.i.AbstractProblemLoader Init config took 3.04s 
31095      INFO  main            d.u.i.k.p.i.AbstractProblemLoader Replaying proof CompletionScopes[CompletionScopes::testBreakLabel()].JML normal_behavior operation contract.0 
31097      DEBUG main            d.u.i.k.p.i.IntermediateProofReplayer Proof replay took 6.3ns 
31125      DEBUG Thread-10       d.u.i.k.l.o.ProgramSV     Match failed: Former match of  SchemaVariable incompatible with  the current match. 
31200      INFO  main            d.u.i.k.p.r.p.TestFile    ... finished proof: closed. 
31358      INFO  main            d.u.i.k.p.i.AbstractProblemLoader Loading environment from /home/runner/work/key/key/key.core/../key.ui/examples/completionscopes/testCcatchBreakLabel.key.proof 
31358      DEBUG main            d.u.i.k.p.i.AbstractProblemLoader Environment load took 132.6ns 
31360      INFO  main            d.u.i.k.p.i.AbstractProblemLoader Creating init config 
34298      DEBUG main            d.u.i.k.p.i.AbstractProblemLoader Init config took 2.94s 
34358      INFO  main            d.u.i.k.p.i.AbstractProblemLoader Replaying proof CompletionScopes[CompletionScopes::testBreakLabel()].JML normal_behavior operation contract.0 
34375      DEBUG main            d.u.i.k.p.i.IntermediateProofReplayer Proof replay took 11.68ms 
34376      DEBUG main            d.u.i.k.p.r.p.TestFile    ... success: reloaded. 
34378      INFO  main            d.u.i.k.p.r.p.TestFile    Now processing file /home/runner/work/key/key/key.core/../key.ui/examples/completionscopes/testCcatchContinueLabel.key 
34378      INFO  main            d.u.i.k.p.i.AbstractProblemLoader Loading environment from /home/runner/work/key/key/key.core/../key.ui/examples/completionscopes/testCcatchContinueLabel.key 
34378      DEBUG main            d.u.i.k.p.i.AbstractProblemLoader Environment load took 197.4ns 
34380      INFO  main            d.u.i.k.p.i.AbstractProblemLoader Creating init config 
37317      DEBUG main            d.u.i.k.p.i.AbstractProblemLoader Init config took 2.94s 
37362      INFO  main            d.u.i.k.p.i.AbstractProblemLoader Replaying proof CompletionScopes[CompletionScopes::testContinueLabel()].JML normal_behavior operation contract.0 
37364      DEBUG main            d.u.i.k.p.i.IntermediateProofReplayer Proof replay took 6ns 
37382      DEBUG Thread-13       d.u.i.k.l.o.ProgramSV     Match failed: Former match of  SchemaVariable incompatible with  the current match. 
37465      INFO  main            d.u.i.k.p.r.p.TestFile    ... finished proof: closed. 
37642      INFO  main            d.u.i.k.p.i.AbstractProblemLoader Loading environment from /home/runner/work/key/key/key.core/../key.ui/examples/completionscopes/testCcatchContinueLabel.key.proof 
37642      DEBUG main            d.u.i.k.p.i.AbstractProblemLoader Environment load took 120.8ns 
37643      INFO  main            d.u.i.k.p.i.AbstractProblemLoader Creating init config 
40412      DEBUG main            d.u.i.k.p.i.AbstractProblemLoader Init config took 2.77s 
40480      INFO  main            d.u.i.k.p.i.AbstractProblemLoader Replaying proof CompletionScopes[CompletionScopes::testContinueLabel()].JML normal_behavior operation contract.0 
40497      DEBUG main            d.u.i.k.p.i.IntermediateProofReplayer Proof replay took 14.45ms 
40498      DEBUG main            d.u.i.k.p.r.p.TestFile    ... success: reloaded. 
40500      INFO  main            d.u.i.k.p.r.p.TestFile    Now processing file /home/runner/work/key/key/key.core/../key.ui/examples/completionscopes/testCcatchBreakLabelWildcard.key 
40500      INFO  main            d.u.i.k.p.i.AbstractProblemLoader Loading environment from /home/runner/work/key/key/key.core/../key.ui/examples/completionscopes/testCcatchBreakLabelWildcard.key 
40501      DEBUG main            d.u.i.k.p.i.AbstractProblemLoader Environment load took 189.7ns 
40502      INFO  main            d.u.i.k.p.i.AbstractProblemLoader Creating init config 
43475      DEBUG main            d.u.i.k.p.i.AbstractProblemLoader Init config took 2.97s 
43526      INFO  main            d.u.i.k.p.i.AbstractProblemLoader Replaying proof CompletionScopes[CompletionScopes::testBreakLabelWildcard()].JML normal_behavior operation contract.0 
43528      DEBUG main            d.u.i.k.p.i.IntermediateProofReplayer Proof replay took 6.9ns 
43552      DEBUG Thread-16       d.u.i.k.l.o.ProgramSV     Match failed: Former match of  SchemaVariable incompatible with  the current match. 
43553      DEBUG Thread-16       d.u.i.k.l.o.ProgramSV     Match failed: Former match of  SchemaVariable incompatible with  the current match. 
43630      INFO  main            d.u.i.k.p.r.p.TestFile    ... finished proof: closed. 
43865      INFO  main            d.u.i.k.p.i.AbstractProblemLoader Loading environment from /home/runner/work/key/key/key.core/../key.ui/examples/completionscopes/testCcatchBreakLabelWildcard.key.proof 
43865      DEBUG main            d.u.i.k.p.i.AbstractProblemLoader Environment load took 129.3ns 
43866      INFO  main            d.u.i.k.p.i.AbstractProblemLoader Creating init config 
46576      DEBUG main            d.u.i.k.p.i.AbstractProblemLoader Init config took 2.71s 
46633      INFO  main            d.u.i.k.p.i.AbstractProblemLoader Replaying proof CompletionScopes[CompletionScopes::testBreakLabelWildcard()].JML normal_behavior operation contract.0 
46644      DEBUG main            d.u.i.k.p.i.IntermediateProofReplayer Proof replay took 8.76ms 
46645      DEBUG main            d.u.i.k.p.r.p.TestFile    ... success: reloaded. 
46646      INFO  main            d.u.i.k.p.r.p.TestFile    Now processing file /home/runner/work/key/key/key.core/../key.ui/examples/completionscopes/testCcatchContinueLabelWildcard.key 
46646      INFO  main            d.u.i.k.p.i.AbstractProblemLoader Loading environment from /home/runner/work/key/key/key.core/../key.ui/examples/completionscopes/testCcatchContinueLabelWildcard.key 
46646      DEBUG main            d.u.i.k.p.i.AbstractProblemLoader Environment load took 110.4ns 
46647      INFO  main            d.u.i.k.p.i.AbstractProblemLoader Creating init config 
49509      DEBUG main            d.u.i.k.p.i.AbstractProblemLoader Init config took 2.86s 
49564      INFO  main            d.u.i.k.p.i.AbstractProblemLoader Replaying proof CompletionScopes[CompletionScopes::testContinueLabelWildcard()].JML normal_behavior operation contract.0 
49566      DEBUG main            d.u.i.k.p.i.IntermediateProofReplayer Proof replay took 6.8ns 
49585      DEBUG Thread-19       d.u.i.k.l.o.ProgramSV     Match failed: Former match of  SchemaVariable incompatible with  the current match. 
49586      DEBUG Thread-19       d.u.i.k.l.o.ProgramSV     Match failed: Former match of  SchemaVariable incompatible with  the current match. 
49668      INFO  main            d.u.i.k.p.r.p.TestFile    ... finished proof: closed. 
49865      INFO  main            d.u.i.k.p.i.AbstractProblemLoader Loading environment from /home/runner/work/key/key/key.core/../key.ui/examples/completionscopes/testCcatchContinueLabelWildcard.key.proof 
49865      DEBUG main            d.u.i.k.p.i.AbstractProblemLoader Environment load took 122.5ns 
49866      INFO  main            d.u.i.k.p.i.AbstractProblemLoader Creating init config 
52788      DEBUG main            d.u.i.k.p.i.AbstractProblemLoader Init config took 2.92s 
52832      INFO  main            d.u.i.k.p.i.AbstractProblemLoader Replaying proof CompletionScopes[CompletionScopes::testContinueLabelWildcard()].JML normal_behavior operation contract.0 
52844      DEBUG main            d.u.i.k.p.i.IntermediateProofReplayer Proof replay took 10.03ms 
52845      DEBUG main            d.u.i.k.p.r.p.TestFile    ... success: reloaded. 
52846      INFO  main            d.u.i.k.p.r.p.TestFile    Now processing file /home/runner/work/key/key/key.core/../key.ui/examples/completionscopes/testCcatchBreakLabelNonmatchingNested.key 
52846      INFO  main            d.u.i.k.p.i.AbstractProblemLoader Loading environment from /home/runner/work/key/key/key.core/../key.ui/examples/completionscopes/testCcatchBreakLabelNonmatchingNested.key 
52847      DEBUG main            d.u.i.k.p.i.AbstractProblemLoader Environment load took 338.4ns 
52848      INFO  main            d.u.i.k.p.i.AbstractProblemLoader Creating init config 
55956      DEBUG main            d.u.i.k.p.i.AbstractProblemLoader Init config took 3.11s 
56022      INFO  main            d.u.i.k.p.i.AbstractProblemLoader Replaying proof CompletionScopes[CompletionScopes::testBreakLabelNonmatchingNested()].JML normal_behavior operation contract.0 
56025      DEBUG main            d.u.i.k.p.i.IntermediateProofReplayer Proof replay took 6ns 
56047      DEBUG Thread-22       d.u.i.k.l.o.ProgramSV     Match failed: Former match of  SchemaVariable incompatible with  the current match. 
56048      DEBUG Thread-22       d.u.i.k.l.o.ProgramSV     Match failed: Former match of  SchemaVariable incompatible with  the current match. 
56127      INFO  main            d.u.i.k.p.r.p.TestFile    ... finished proof: closed. 
56329      INFO  main            d.u.i.k.p.i.AbstractProblemLoader Loading environment from /home/runner/work/key/key/key.core/../key.ui/examples/completionscopes/testCcatchBreakLabelNonmatchingNested.key.proof 
56330      DEBUG main            d.u.i.k.p.i.AbstractProblemLoader Environment load took 123.9ns 
56331      INFO  main            d.u.i.k.p.i.AbstractProblemLoader Creating init config 
59164      DEBUG main            d.u.i.k.p.i.AbstractProblemLoader Init config took 2.83s 
59222      INFO  main            d.u.i.k.p.i.AbstractProblemLoader Replaying proof CompletionScopes[CompletionScopes::testBreakLabelNonmatchingNested()].JML normal_behavior operation contract.0 
59235      DEBUG main            d.u.i.k.p.i.IntermediateProofReplayer Proof replay took 10.75ms 
59236      DEBUG main            d.u.i.k.p.r.p.TestFile    ... success: reloaded. 
6063939    INFO  Test worker     d.u.i.k.p.r.RunAllProofsTestUnit Returning from test completionScopes 
6063940    INFO  Test worker     d.u.i.k.p.r.RunAllProofsTestUnit Running test reload_examples 
498        INFO  Timeout watchdog d.u.i.k.p.r.p.ForkedTestFileRunner Timeout watcher launched (2000 secs.) 
521        WARN  main            d.u.i.k.s.ProofSettings   The settings in /home/runner/.key/proof-settings.props are *not* read. 
572        INFO  main            d.u.i.k.p.r.p.TestFile    Now processing file /home/runner/work/key/key/key.core/../key.ui/examples/firstTouch/05-ReverseArray/reverseArray.key 
710        INFO  main            d.u.i.k.p.i.AbstractProblemLoader Loading environment from /home/runner/work/key/key/key.core/../key.ui/examples/firstTouch/05-ReverseArray/reverseArray.key 
729        DEBUG main            d.u.i.k.p.i.AbstractProblemLoader Environment load took 2.09ms 
1001       INFO  main            d.u.i.k.p.i.AbstractProblemLoader Creating init config 
2133       DEBUG main            d.u.i.k.j.TypeConverter   No LDT found for Meta 
2134       DEBUG main            d.u.i.k.j.TypeConverter   No LDT found for Meta 
2135       DEBUG main            d.u.i.k.j.TypeConverter   No LDT found for Meta 
2136       DEBUG main            d.u.i.k.j.TypeConverter   No LDT found for Meta 
3702       DEBUG main            d.u.i.k.j.TypeConverter   No LDT found for JavaBigintExpression 
10617      DEBUG main            d.u.i.k.p.i.AbstractProblemLoader Init config took 9.62s 
10766      INFO  main            d.u.i.k.p.i.AbstractProblemLoader Replaying proof ReverseArray[ReverseArray::reverse()].JML normal_behavior operation contract.0 
10842      DEBUG main            d.u.i.k.p.i.IntermediateProofReplayer Proof replay took 36.3ns 
23884      INFO  main            d.u.i.k.p.r.p.TestFile    ... finished proof: closed. 
24212      INFO  main            d.u.i.k.p.i.AbstractProblemLoader Loading environment from /home/runner/work/key/key/key.core/../key.ui/examples/firstTouch/05-ReverseArray/reverseArray.key.proof 
24213      DEBUG main            d.u.i.k.p.i.AbstractProblemLoader Environment load took 415ns 
24219      INFO  main            d.u.i.k.p.i.AbstractProblemLoader Creating init config 
28013      DEBUG main            d.u.i.k.p.i.AbstractProblemLoader Init config took 3.79s 
28086      INFO  main            d.u.i.k.p.i.AbstractProblemLoader Replaying proof ReverseArray[ReverseArray::reverse()].JML normal_behavior operation contract.0 
29672      DEBUG main            d.u.i.k.p.i.IntermediateProofReplayer Proof replay took 1.52s 
29689      DEBUG main            d.u.i.k.p.r.p.TestFile    ... success: reloaded. 
29693      INFO  main            d.u.i.k.p.r.p.TestFile    Now processing file /home/runner/work/key/key/key.core/../key.ui/examples/standard_key/arith/saveProofTest.key.proof 
29693      INFO  main            d.u.i.k.p.i.AbstractProblemLoader Loading environment from /home/runner/work/key/key/key.core/../key.ui/examples/standard_key/arith/saveProofTest.key.proof 
29693      DEBUG main            d.u.i.k.p.i.AbstractProblemLoader Environment load took 208.4ns 
29697      INFO  main            d.u.i.k.p.i.AbstractProblemLoader Creating init config 
32809      DEBUG main            d.u.i.k.p.i.AbstractProblemLoader Init config took 3.11s 
32840      INFO  main            d.u.i.k.p.i.AbstractProblemLoader Replaying proof saveProofTest.key.proof 
32848      DEBUG main            d.u.i.k.p.i.IntermediateProofReplayer Proof replay took 3.87ms 
32849      INFO  main            d.u.i.k.p.r.p.TestFile    ... success: loaded 
32850      INFO  main            d.u.i.k.p.r.p.TestFile    Now processing file /home/runner/work/key/key/key.core/../key.ui/examples/heap/permutedSum/perm.proof 
32850      INFO  main            d.u.i.k.p.i.AbstractProblemLoader Loading environment from /home/runner/work/key/key/key.core/../key.ui/examples/heap/permutedSum/perm.proof 
32850      DEBUG main            d.u.i.k.p.i.AbstractProblemLoader Environment load took 195.2ns 
32853      INFO  main            d.u.i.k.p.i.AbstractProblemLoader Creating init config 
36203      DEBUG main            d.u.i.k.p.i.AbstractProblemLoader Init config took 3.35s 
36282      INFO  main            d.u.i.k.p.i.AbstractProblemLoader Replaying proof Perm[Perm::foo()].JML normal_behavior operation contract.0 
37680      DEBUG main            d.u.i.k.p.i.IntermediateProofReplayer Proof replay took 1.35s 
37683      INFO  main            d.u.i.k.p.r.p.TestFile    ... success: loaded 
37684      INFO  main            d.u.i.k.p.r.p.TestFile    Now processing file /home/runner/work/key/key/key.core/../key.ui/examples/firstTouch/05-ReverseArray/reverseArray.proof 
37685      INFO  main            d.u.i.k.p.i.AbstractProblemLoader Loading environment from /home/runner/work/key/key/key.core/../key.ui/examples/firstTouch/05-ReverseArray/reverseArray.proof 
37685      DEBUG main            d.u.i.k.p.i.AbstractProblemLoader Environment load took 205ns 
37687      INFO  main            d.u.i.k.p.i.AbstractProblemLoader Creating init config 
40847      DEBUG main            d.u.i.k.p.i.AbstractProblemLoader Init config took 3.16s 
40889      INFO  main            d.u.i.k.p.i.AbstractProblemLoader Replaying proof ReverseArray[ReverseArray::reverse()].JML normal_behavior operation contract.0 
42126      DEBUG main            d.u.i.k.p.i.IntermediateProofReplayer Proof replay took 1.2s 
42129      INFO  main            d.u.i.k.p.r.p.TestFile    ... success: loaded 
42131      INFO  main            d.u.i.k.p.r.p.TestFile    Now processing file /home/runner/work/key/key/key.core/../key.ui/examples/heap/verifyThis15_1_RelaxedPrefix/relax.proof 
42131      INFO  main            d.u.i.k.p.i.AbstractProblemLoader Loading environment from /home/runner/work/key/key/key.core/../key.ui/examples/heap/verifyThis15_1_RelaxedPrefix/relax.proof 
42131      DEBUG main            d.u.i.k.p.i.AbstractProblemLoader Environment load took 214.8ns 
42133      INFO  main            d.u.i.k.p.i.AbstractProblemLoader Creating init config 
45381      DEBUG main            d.u.i.k.p.i.AbstractProblemLoader Init config took 3.25s 
45433      INFO  main            d.u.i.k.p.i.AbstractProblemLoader Replaying proof Relaxed[Relaxed::isRelaxedPrefix([I,[I)].JML operation contract.0 
46053      DEBUG main            d.u.i.k.p.i.IntermediateProofReplayer Proof replay took 601.25ms 
46054      INFO  main            d.u.i.k.p.r.p.TestFile    ... success: loaded 
46056      INFO  main            d.u.i.k.p.r.p.TestFile    Now processing file /home/runner/work/key/key/key.core/../key.ui/examples/heap/verifyThis15_3_DLL/doUndo.proof 
46056      INFO  main            d.u.i.k.p.i.AbstractProblemLoader Loading environment from /home/runner/work/key/key/key.core/../key.ui/examples/heap/verifyThis15_3_DLL/doUndo.proof 
46056      DEBUG main            d.u.i.k.p.i.AbstractProblemLoader Environment load took 205.8ns 
46059      INFO  main            d.u.i.k.p.i.AbstractProblemLoader Creating init config 
47206      DEBUG main            d.u.i.k.j.r.ClassPreparationMethodBuilder clPrepBuilder: Inner Class detected. Reject building class initialisation methods. 
49393      DEBUG main            d.u.i.k.p.i.AbstractProblemLoader Init config took 3.33s 
49485      INFO  main            d.u.i.k.p.i.AbstractProblemLoader Replaying proof DoubleLinkedList[DoubleLinkedList::doUndo(DoubleLinkedList.Node,int)].JML normal_behavior operation contract.0 
50470      DEBUG main            d.u.i.k.p.i.IntermediateProofReplayer Proof replay took 952.4ms 
50472      INFO  main            d.u.i.k.p.r.p.TestFile    ... success: loaded 
50474      INFO  main            d.u.i.k.p.r.p.TestFile    Now processing file /home/runner/work/key/key/key.core/../key.ui/examples/heap/verifyThis15_2_ParallelGcd/parallelGcd.proof 
50474      INFO  main            d.u.i.k.p.i.AbstractProblemLoader Loading environment from /home/runner/work/key/key/key.core/../key.ui/examples/heap/verifyThis15_2_ParallelGcd/parallelGcd.proof 
50475      DEBUG main            d.u.i.k.p.i.AbstractProblemLoader Environment load took 397.6ns 
50476      INFO  main            d.u.i.k.p.i.AbstractProblemLoader Creating init config 
53560      DEBUG main            d.u.i.k.p.i.AbstractProblemLoader Init config took 3.08s 
53617      INFO  main            d.u.i.k.p.i.AbstractProblemLoader Replaying proof ParallelGcd[ParallelGcd::parallelGcd(int,int,[Z)].JML behavior operation contract.0 
54420      DEBUG main            d.u.i.k.p.i.IntermediateProofReplayer Proof replay took 789.67ms 
54422      INFO  main            d.u.i.k.p.r.p.TestFile    ... success: loaded 
6118596    INFO  Test worker     d.u.i.k.p.r.RunAllProofsTestUnit Returning from test reload_examples 
6118597    INFO  Test worker     d.u.i.k.p.r.RunAllProofsTestUnit Running test proofLoadRepair 
398        INFO  Timeout watchdog d.u.i.k.p.r.p.ForkedTestFileRunner Timeout watcher launched (2000 secs.) 
421        WARN  main            d.u.i.k.s.ProofSettings   The settings in /home/runner/.key/proof-settings.props are *not* read. 
474        INFO  main            d.u.i.k.p.r.p.TestFile    Now processing file /home/runner/work/key/key/key.core/../key.ui/examples/proofLoadRepair/disjConj-manipulated.proof 
623        INFO  main            d.u.i.k.p.i.AbstractProblemLoader Loading environment from /home/runner/work/key/key/key.core/../key.ui/examples/proofLoadRepair/disjConj-manipulated.proof 
640        DEBUG main            d.u.i.k.p.i.AbstractProblemLoader Environment load took 2.07ms 
927        INFO  main            d.u.i.k.p.i.AbstractProblemLoader Creating init config 
2090       DEBUG main            d.u.i.k.j.TypeConverter   No LDT found for Meta 
2090       DEBUG main            d.u.i.k.j.TypeConverter   No LDT found for Meta 
2094       DEBUG main            d.u.i.k.j.TypeConverter   No LDT found for Meta 
2094       DEBUG main            d.u.i.k.j.TypeConverter   No LDT found for Meta 
3724       DEBUG main            d.u.i.k.j.TypeConverter   No LDT found for JavaBigintExpression 
10067      DEBUG main            d.u.i.k.p.i.AbstractProblemLoader Init config took 9.14s 
10156      INFO  main            d.u.i.k.p.i.AbstractProblemLoader Replaying proof disjConj-manipulated.proof 
10217      WARN  main            d.u.i.k.p.i.IntermediateProofReplayer Proof contains wrong number of \assumes instatiations for andLeft 
10218      WARN  main            d.u.i.k.p.i.IntermediateProofReplayer Proof contains wrong number of \assumes instatiations for replace_known_right 
10224      WARN  main            d.u.i.k.p.i.IntermediateProofReplayer Proof contains wrong number of \assumes instatiations for close 
10225      DEBUG main            d.u.i.k.p.i.IntermediateProofReplayer Proof replay took 20.86ms 
10230      INFO  main            d.u.i.k.p.r.p.TestFile    ... success: loaded 
10239      INFO  main            d.u.i.k.p.r.p.TestFile    Now processing file /home/runner/work/key/key/key.core/../key.ui/examples/proofLoadRepair/insufficient-manipulated.proof 
10239      INFO  main            d.u.i.k.p.i.AbstractProblemLoader Loading environment from /home/runner/work/key/key/key.core/../key.ui/examples/proofLoadRepair/insufficient-manipulated.proof 
10240      DEBUG main            d.u.i.k.p.i.AbstractProblemLoader Environment load took 280.4ns 
10247      INFO  main            d.u.i.k.p.i.AbstractProblemLoader Creating init config 
13524      DEBUG main            d.u.i.k.p.i.AbstractProblemLoader Init config took 3.28s 
13564      INFO  main            d.u.i.k.p.i.AbstractProblemLoader Replaying proof insufficient-manipulated.proof 
13593      WARN  main            d.u.i.k.p.i.IntermediateProofReplayer Proof contains wrong number of \assumes instatiations for applyEq 
13608      DEBUG main            d.u.i.k.p.i.IntermediateProofReplayer Proof replay took 21.59ms 
13611      INFO  main            d.u.i.k.p.r.p.TestFile    ... success: loading failed 
13614      INFO  main            d.u.i.k.p.r.p.TestFile    Now processing file /home/runner/work/key/key/key.core/../key.ui/examples/../../key.core/src/test/resources/testcase/issues/1716/incorrectPolarity.proof 
13614      INFO  main            d.u.i.k.p.i.AbstractProblemLoader Loading environment from /home/runner/work/key/key/key.core/../key.ui/examples/../../key.core/src/test/resources/testcase/issues/1716/incorrectPolarity.proof 
13614      DEBUG main            d.u.i.k.p.i.AbstractProblemLoader Environment load took 148ns 
13618      INFO  main            d.u.i.k.p.i.AbstractProblemLoader Creating init config 
16855      DEBUG main            d.u.i.k.p.i.AbstractProblemLoader Init config took 3.24s 
16898      INFO  main            d.u.i.k.p.i.AbstractProblemLoader Replaying proof incorrectPolarity.proof 
16901      DEBUG main            d.u.i.k.p.i.IntermediateProofReplayer Proof replay took 203.7ns 
16902      INFO  main            d.u.i.k.p.r.p.TestFile    ... success: loading failed 
16903      INFO  main            d.u.i.k.p.r.p.TestFile    Now processing file /home/runner/work/key/key/key.core/../key.ui/examples/../../key.core/src/test/resources/testcase/issues/1716/incorrectPolarity2.proof 
16903      INFO  main            d.u.i.k.p.i.AbstractProblemLoader Loading environment from /home/runner/work/key/key/key.core/../key.ui/examples/../../key.core/src/test/resources/testcase/issues/1716/incorrectPolarity2.proof 
16903      DEBUG main            d.u.i.k.p.i.AbstractProblemLoader Environment load took 211.2ns 
16905      INFO  main            d.u.i.k.p.i.AbstractProblemLoader Creating init config 
19786      DEBUG main            d.u.i.k.p.i.AbstractProblemLoader Init config took 2.88s 
19810      INFO  main            d.u.i.k.p.i.AbstractProblemLoader Replaying proof incorrectPolarity2.proof 
19813      DEBUG main            d.u.i.k.p.i.IntermediateProofReplayer Proof replay took 351.2ns 
19814      INFO  main            d.u.i.k.p.r.p.TestFile    ... success: loading failed 
19815      INFO  main            d.u.i.k.p.r.p.TestFile    Now processing file /home/runner/work/key/key/key.core/../key.ui/examples/../../key.core/src/test/resources/testcase/issues/1716/incorrectPolarity3.proof 
19815      INFO  main            d.u.i.k.p.i.AbstractProblemLoader Loading environment from /home/runner/work/key/key/key.core/../key.ui/examples/../../key.core/src/test/resources/testcase/issues/1716/incorrectPolarity3.proof 
19815      DEBUG main            d.u.i.k.p.i.AbstractProblemLoader Environment load took 209.3ns 
19817      INFO  main            d.u.i.k.p.i.AbstractProblemLoader Creating init config 
22665      DEBUG main            d.u.i.k.p.i.AbstractProblemLoader Init config took 2.85s 
22687      INFO  main            d.u.i.k.p.i.AbstractProblemLoader Replaying proof incorrectPolarity3.proof 
22696      DEBUG main            d.u.i.k.p.i.IntermediateProofReplayer Proof replay took 3.31ms 
22700      INFO  main            d.u.i.k.p.r.p.TestFile    ... success: loading failed 
6141512    INFO  Test worker     d.u.i.k.p.r.RunAllProofsTestUnit Returning from test proofLoadRepair 
6141513    INFO  Test worker     d.u.i.k.p.r.RunAllProofsTestUnit Running test switch 
356        INFO  Timeout watchdog d.u.i.k.p.r.p.ForkedTestFileRunner Timeout watcher launched (2000 secs.) 
367        WARN  main            d.u.i.k.s.ProofSettings   The settings in /home/runner/.key/proof-settings.props are *not* read. 
396        INFO  main            d.u.i.k.p.r.p.TestFile    Now processing file /home/runner/work/key/key/key.core/../key.ui/examples/standard_key/java_dl/switch/labeled_case.key 
532        INFO  main            d.u.i.k.p.i.AbstractProblemLoader Loading environment from /home/runner/work/key/key/key.core/../key.ui/examples/standard_key/java_dl/switch/labeled_case.key 
556        DEBUG main            d.u.i.k.p.i.AbstractProblemLoader Environment load took 2.19ms 
821        INFO  main            d.u.i.k.p.i.AbstractProblemLoader Creating init config 
2064       DEBUG main            d.u.i.k.j.TypeConverter   No LDT found for Meta 
2064       DEBUG main            d.u.i.k.j.TypeConverter   No LDT found for Meta 
2067       DEBUG main            d.u.i.k.j.TypeConverter   No LDT found for Meta 
2068       DEBUG main            d.u.i.k.j.TypeConverter   No LDT found for Meta 
3759       DEBUG main            d.u.i.k.j.TypeConverter   No LDT found for JavaBigintExpression 
9683       DEBUG main            d.u.i.k.p.i.AbstractProblemLoader Init config took 8.86s 
9823       INFO  main            d.u.i.k.p.i.AbstractProblemLoader Replaying proof LabeledCase[LabeledCase::m(int)].JML normal_behavior operation contract.0 
9863       DEBUG main            d.u.i.k.p.i.IntermediateProofReplayer Proof replay took 33.1ns 
10589      INFO  main            d.u.i.k.p.r.p.TestFile    ... finished proof: closed. 
10705      INFO  main            d.u.i.k.p.i.AbstractProblemLoader Loading environment from /home/runner/work/key/key/key.core/../key.ui/examples/standard_key/java_dl/switch/labeled_case.key.proof 
10707      DEBUG main            d.u.i.k.p.i.AbstractProblemLoader Environment load took 2.07ms 
10710      INFO  main            d.u.i.k.p.i.AbstractProblemLoader Creating init config 
13869      DEBUG main            d.u.i.k.p.i.AbstractProblemLoader Init config took 3.16s 
14000      INFO  main            d.u.i.k.p.i.AbstractProblemLoader Replaying proof LabeledCase[LabeledCase::m(int)].JML normal_behavior operation contract.0 
14128      DEBUG main            d.u.i.k.p.i.IntermediateProofReplayer Proof replay took 117.08ms 
14144      DEBUG main            d.u.i.k.p.r.p.TestFile    ... success: reloaded. 
14147      INFO  main            d.u.i.k.p.r.p.TestFile    Now processing file /home/runner/work/key/key/key.core/../key.ui/examples/standard_key/java_dl/switch/empty_switch.key 
14147      INFO  main            d.u.i.k.p.i.AbstractProblemLoader Loading environment from /home/runner/work/key/key/key.core/../key.ui/examples/standard_key/java_dl/switch/empty_switch.key 
14148      DEBUG main            d.u.i.k.p.i.AbstractProblemLoader Environment load took 568.31ns 
14149      INFO  main            d.u.i.k.p.i.AbstractProblemLoader Creating init config 
17083      DEBUG main            d.u.i.k.p.i.AbstractProblemLoader Init config took 2.93s 
17113      INFO  main            d.u.i.k.p.i.AbstractProblemLoader Replaying proof empty_switch.key 
17121      DEBUG main            d.u.i.k.p.i.IntermediateProofReplayer Proof replay took 143.1ns 
17230      INFO  main            d.u.i.k.p.r.p.TestFile    ... finished proof: closed. 
17373      INFO  main            d.u.i.k.p.i.AbstractProblemLoader Loading environment from /home/runner/work/key/key/key.core/../key.ui/examples/standard_key/java_dl/switch/empty_switch.key.proof 
17373      DEBUG main            d.u.i.k.p.i.AbstractProblemLoader Environment load took 129.9ns 
17376      INFO  main            d.u.i.k.p.i.AbstractProblemLoader Creating init config 
20259      DEBUG main            d.u.i.k.p.i.AbstractProblemLoader Init config took 2.88s 
20287      INFO  main            d.u.i.k.p.i.AbstractProblemLoader Replaying proof empty_switch.key.proof 
20292      DEBUG main            d.u.i.k.p.i.IntermediateProofReplayer Proof replay took 2.49ms 
20293      DEBUG main            d.u.i.k.p.r.p.TestFile    ... success: reloaded. 
20294      INFO  main            d.u.i.k.p.r.p.TestFile    Now processing file /home/runner/work/key/key/key.core/../key.ui/examples/standard_key/java_dl/switch/empty_switch_null.key 
20294      INFO  main            d.u.i.k.p.i.AbstractProblemLoader Loading environment from /home/runner/work/key/key/key.core/../key.ui/examples/standard_key/java_dl/switch/empty_switch_null.key 
20295      DEBUG main            d.u.i.k.p.i.AbstractProblemLoader Environment load took 326ns 
20296      INFO  main            d.u.i.k.p.i.AbstractProblemLoader Creating init config 
23157      DEBUG main            d.u.i.k.p.i.AbstractProblemLoader Init config took 2.86s 
23185      INFO  main            d.u.i.k.p.i.AbstractProblemLoader Replaying proof empty_switch_null.key 
23187      DEBUG main            d.u.i.k.p.i.IntermediateProofReplayer Proof replay took 5.7ns 
23389      INFO  main            d.u.i.k.p.r.p.TestFile    ... finished proof: closed. 
23598      INFO  main            d.u.i.k.p.i.AbstractProblemLoader Loading environment from /home/runner/work/key/key/key.core/../key.ui/examples/standard_key/java_dl/switch/empty_switch_null.key.proof 
23599      DEBUG main            d.u.i.k.p.i.AbstractProblemLoader Environment load took 1.84ms 
23602      INFO  main            d.u.i.k.p.i.AbstractProblemLoader Creating init config 
26337      DEBUG main            d.u.i.k.p.i.AbstractProblemLoader Init config took 2.74s 
26359      INFO  main            d.u.i.k.p.i.AbstractProblemLoader Replaying proof empty_switch_null.key.proof 
26396      DEBUG main            d.u.i.k.p.i.IntermediateProofReplayer Proof replay took 34.14ms 
26397      DEBUG main            d.u.i.k.p.r.p.TestFile    ... success: reloaded. 
26398      INFO  main            d.u.i.k.p.r.p.TestFile    Now processing file /home/runner/work/key/key/key.core/../key.ui/examples/standard_key/java_dl/switch/empty_switch_null_catch.key 
26398      INFO  main            d.u.i.k.p.i.AbstractProblemLoader Loading environment from /home/runner/work/key/key/key.core/../key.ui/examples/standard_key/java_dl/switch/empty_switch_null_catch.key 
26398      DEBUG main            d.u.i.k.p.i.AbstractProblemLoader Environment load took 198.2ns 
26399      INFO  main            d.u.i.k.p.i.AbstractProblemLoader Creating init config 
29239      DEBUG main            d.u.i.k.p.i.AbstractProblemLoader Init config took 2.84s 
29261      INFO  main            d.u.i.k.p.i.AbstractProblemLoader Replaying proof empty_switch_null_catch.key 
29263      DEBUG main            d.u.i.k.p.i.IntermediateProofReplayer Proof replay took 5.8ns 
29469      INFO  main            d.u.i.k.p.r.p.TestFile    ... finished proof: closed. 
29627      INFO  main            d.u.i.k.p.i.AbstractProblemLoader Loading environment from /home/runner/work/key/key/key.core/../key.ui/examples/standard_key/java_dl/switch/empty_switch_null_catch.key.proof 
29627      DEBUG main            d.u.i.k.p.i.AbstractProblemLoader Environment load took 343.8ns 
29628      INFO  main            d.u.i.k.p.i.AbstractProblemLoader Creating init config 
32403      DEBUG main            d.u.i.k.p.i.AbstractProblemLoader Init config took 2.77s 
32425      INFO  main            d.u.i.k.p.i.AbstractProblemLoader Replaying proof empty_switch_null_catch.key.proof 
32493      DEBUG main            d.u.i.k.p.i.IntermediateProofReplayer Proof replay took 64.45ms 
32494      DEBUG main            d.u.i.k.p.r.p.TestFile    ... success: reloaded. 
32495      INFO  main            d.u.i.k.p.r.p.TestFile    Now processing file /home/runner/work/key/key/key.core/../key.ui/examples/standard_key/java_dl/switch/empty_switch_array_out_of_bounds.key 
32495      INFO  main            d.u.i.k.p.i.AbstractProblemLoader Loading environment from /home/runner/work/key/key/key.core/../key.ui/examples/standard_key/java_dl/switch/empty_switch_array_out_of_bounds.key 
32495      DEBUG main            d.u.i.k.p.i.AbstractProblemLoader Environment load took 117.6ns 
32497      INFO  main            d.u.i.k.p.i.AbstractProblemLoader Creating init config 
35351      DEBUG main            d.u.i.k.p.i.AbstractProblemLoader Init config took 2.85s 
35386      INFO  main            d.u.i.k.p.i.AbstractProblemLoader Replaying proof empty_switch_array_out_of_bounds.key 
35390      DEBUG main            d.u.i.k.p.i.IntermediateProofReplayer Proof replay took 6.2ns 
35696      INFO  main            d.u.i.k.p.r.p.TestFile    ... finished proof: closed. 
35872      INFO  main            d.u.i.k.p.i.AbstractProblemLoader Loading environment from /home/runner/work/key/key/key.core/../key.ui/examples/standard_key/java_dl/switch/empty_switch_array_out_of_bounds.key.proof 
35872      DEBUG main            d.u.i.k.p.i.AbstractProblemLoader Environment load took 352.8ns 
35873      INFO  main            d.u.i.k.p.i.AbstractProblemLoader Creating init config 
38656      DEBUG main            d.u.i.k.p.i.AbstractProblemLoader Init config took 2.78s 
38684      INFO  main            d.u.i.k.p.i.AbstractProblemLoader Replaying proof empty_switch_array_out_of_bounds.key.proof 
38757      DEBUG main            d.u.i.k.p.i.IntermediateProofReplayer Proof replay took 70.1ms 
38759      DEBUG main            d.u.i.k.p.r.p.TestFile    ... success: reloaded. 
38760      INFO  main            d.u.i.k.p.r.p.TestFile    Now processing file /home/runner/work/key/key/key.core/../key.ui/examples/standard_key/java_dl/switch/empty_switch_array_out_of_bounds_catch.key 
38760      INFO  main            d.u.i.k.p.i.AbstractProblemLoader Loading environment from /home/runner/work/key/key/key.core/../key.ui/examples/standard_key/java_dl/switch/empty_switch_array_out_of_bounds_catch.key 
38760      DEBUG main            d.u.i.k.p.i.AbstractProblemLoader Environment load took 259.2ns 
38762      INFO  main            d.u.i.k.p.i.AbstractProblemLoader Creating init config 
41547      DEBUG main            d.u.i.k.p.i.AbstractProblemLoader Init config took 2.78s 
41567      INFO  main            d.u.i.k.p.i.AbstractProblemLoader Replaying proof empty_switch_array_out_of_bounds_catch.key 
41570      DEBUG main            d.u.i.k.p.i.IntermediateProofReplayer Proof replay took 6.1ns 
41776      INFO  main            d.u.i.k.p.r.p.TestFile    ... finished proof: closed. 
41950      INFO  main            d.u.i.k.p.i.AbstractProblemLoader Loading environment from /home/runner/work/key/key/key.core/../key.ui/examples/standard_key/java_dl/switch/empty_switch_array_out_of_bounds_catch.key.proof 
41950      DEBUG main            d.u.i.k.p.i.AbstractProblemLoader Environment load took 129.9ns 
41952      INFO  main            d.u.i.k.p.i.AbstractProblemLoader Creating init config 
44640      DEBUG main            d.u.i.k.p.i.AbstractProblemLoader Init config took 2.69s 
44663      INFO  main            d.u.i.k.p.i.AbstractProblemLoader Replaying proof empty_switch_array_out_of_bounds_catch.key.proof 
44710      DEBUG main            d.u.i.k.p.i.IntermediateProofReplayer Proof replay took 44ms 
44711      DEBUG main            d.u.i.k.p.r.p.TestFile    ... success: reloaded. 
44713      INFO  main            d.u.i.k.p.r.p.TestFile    Now processing file /home/runner/work/key/key/key.core/../key.ui/examples/standard_key/java_dl/switch/switch_in_switch.key 
44713      INFO  main            d.u.i.k.p.i.AbstractProblemLoader Loading environment from /home/runner/work/key/key/key.core/../key.ui/examples/standard_key/java_dl/switch/switch_in_switch.key 
44713      DEBUG main            d.u.i.k.p.i.AbstractProblemLoader Environment load took 179.7ns 
44714      INFO  main            d.u.i.k.p.i.AbstractProblemLoader Creating init config 
47562      DEBUG main            d.u.i.k.p.i.AbstractProblemLoader Init config took 2.85s 
47613      INFO  main            d.u.i.k.p.i.AbstractProblemLoader Replaying proof SwitchInSwitch[SwitchInSwitch::m(int)].JML normal_behavior operation contract.0 
47614      DEBUG main            d.u.i.k.p.i.IntermediateProofReplayer Proof replay took 6.5ns 
52899      INFO  main            d.u.i.k.p.r.p.TestFile    ... finished proof: closed. 
53175      INFO  main            d.u.i.k.p.i.AbstractProblemLoader Loading environment from /home/runner/work/key/key/key.core/../key.ui/examples/standard_key/java_dl/switch/switch_in_switch.key.proof 
53179      DEBUG main            d.u.i.k.p.i.AbstractProblemLoader Environment load took 3.9ms 
53181      INFO  main            d.u.i.k.p.i.AbstractProblemLoader Creating init config 
55905      DEBUG main            d.u.i.k.p.i.AbstractProblemLoader Init config took 2.72s 
55953      INFO  main            d.u.i.k.p.i.AbstractProblemLoader Replaying proof SwitchInSwitch[SwitchInSwitch::m(int)].JML normal_behavior operation contract.0 
56690      DEBUG main            d.u.i.k.p.i.IntermediateProofReplayer Proof replay took 694.03ms 
56693      DEBUG main            d.u.i.k.p.r.p.TestFile    ... success: reloaded. 
56694      INFO  main            d.u.i.k.p.r.p.TestFile    Now processing file /home/runner/work/key/key/key.core/../key.ui/examples/standard_key/java_dl/switch/while_and_switch.key 
56694      INFO  main            d.u.i.k.p.i.AbstractProblemLoader Loading environment from /home/runner/work/key/key/key.core/../key.ui/examples/standard_key/java_dl/switch/while_and_switch.key 
56694      DEBUG main            d.u.i.k.p.i.AbstractProblemLoader Environment load took 338.5ns 
56695      INFO  main            d.u.i.k.p.i.AbstractProblemLoader Creating init config 
59547      DEBUG main            d.u.i.k.p.i.AbstractProblemLoader Init config took 2.85s 
59595      INFO  main            d.u.i.k.p.i.AbstractProblemLoader Replaying proof WhileAndSwitch[WhileAndSwitch::m(int)].JML normal_behavior operation contract.0 
59597      DEBUG main            d.u.i.k.p.i.IntermediateProofReplayer Proof replay took 13.4ns 
60503      INFO  main            d.u.i.k.p.r.p.TestFile    ... finished proof: closed. 
60701      INFO  main            d.u.i.k.p.i.AbstractProblemLoader Loading environment from /home/runner/work/key/key/key.core/../key.ui/examples/standard_key/java_dl/switch/while_and_switch.key.proof 
60701      DEBUG main            d.u.i.k.p.i.AbstractProblemLoader Environment load took 357.8ns 
60702      INFO  main            d.u.i.k.p.i.AbstractProblemLoader Creating init config 
63409      DEBUG main            d.u.i.k.p.i.AbstractProblemLoader Init config took 2.71s 
63453      INFO  main            d.u.i.k.p.i.AbstractProblemLoader Replaying proof WhileAndSwitch[WhileAndSwitch::m(int)].JML normal_behavior operation contract.0 
63622      DEBUG main            d.u.i.k.p.i.IntermediateProofReplayer Proof replay took 159.96ms 
63623      DEBUG main            d.u.i.k.p.r.p.TestFile    ... success: reloaded. 
63624      INFO  main            d.u.i.k.p.r.p.TestFile    Now processing file /home/runner/work/key/key/key.core/../key.ui/examples/standard_key/java_dl/switch/large_switch.key 
63625      INFO  main            d.u.i.k.p.i.AbstractProblemLoader Loading environment from /home/runner/work/key/key/key.core/../key.ui/examples/standard_key/java_dl/switch/large_switch.key 
63625      DEBUG main            d.u.i.k.p.i.AbstractProblemLoader Environment load took 193.6ns 
63626      INFO  main            d.u.i.k.p.i.AbstractProblemLoader Creating init config 
66430      DEBUG main            d.u.i.k.p.i.AbstractProblemLoader Init config took 2.8s 
66484      INFO  main            d.u.i.k.p.i.AbstractProblemLoader Replaying proof LargeSwitch[LargeSwitch::m(int)].JML normal_behavior operation contract.0 
66485      DEBUG main            d.u.i.k.p.i.IntermediateProofReplayer Proof replay took 7.3ns 
68096      INFO  main            d.u.i.k.p.r.p.TestFile    ... finished proof: closed. 
68391      INFO  main            d.u.i.k.p.i.AbstractProblemLoader Loading environment from /home/runner/work/key/key/key.core/../key.ui/examples/standard_key/java_dl/switch/large_switch.key.proof 
68392      DEBUG main            d.u.i.k.p.i.AbstractProblemLoader Environment load took 348.5ns 
68393      INFO  main            d.u.i.k.p.i.AbstractProblemLoader Creating init config 
71111      DEBUG main            d.u.i.k.p.i.AbstractProblemLoader Init config took 2.72s 
71153      INFO  main            d.u.i.k.p.i.AbstractProblemLoader Replaying proof LargeSwitch[LargeSwitch::m(int)].JML normal_behavior operation contract.0 
71554      DEBUG main            d.u.i.k.p.i.IntermediateProofReplayer Proof replay took 382.84ms 
71556      DEBUG main            d.u.i.k.p.r.p.TestFile    ... success: reloaded. 
6213275    INFO  Test worker     d.u.i.k.p.r.RunAllProofsTestUnit Returning from test switch 
6213276    INFO  Test worker     d.u.i.k.p.r.RunAllProofsTestUnit Running test redux 
422        INFO  Timeout watchdog d.u.i.k.p.r.p.ForkedTestFileRunner Timeout watcher launched (2000 secs.) 
431        WARN  main            d.u.i.k.s.ProofSettings   The settings in /home/runner/.key/proof-settings.props are *not* read. 
459        INFO  main            d.u.i.k.p.r.p.TestFile    Now processing file /home/runner/work/key/key/key.core/../key.ui/examples/redux/arrays/Arrays.copyOf.key 
614        INFO  main            d.u.i.k.p.i.AbstractProblemLoader Loading environment from /home/runner/work/key/key/key.core/../key.ui/examples/redux/arrays/Arrays.copyOf.key 
648        DEBUG main            d.u.i.k.p.i.AbstractProblemLoader Environment load took 2.28ms 
910        INFO  main            d.u.i.k.p.i.AbstractProblemLoader Creating init config 
2014       DEBUG main            d.u.i.k.j.TypeConverter   No LDT found for Meta 
2015       DEBUG main            d.u.i.k.j.TypeConverter   No LDT found for Meta 
2020       DEBUG main            d.u.i.k.j.TypeConverter   No LDT found for Meta 
2020       DEBUG main            d.u.i.k.j.TypeConverter   No LDT found for Meta 
3933       DEBUG main            d.u.i.k.j.TypeConverter   No LDT found for JavaBigintExpression 
10114      DEBUG main            d.u.i.k.p.i.AbstractProblemLoader Init config took 9.2s 
10298      INFO  main            d.u.i.k.p.i.AbstractProblemLoader Replaying proof Arrays[Arrays::copyOf([I,int)].JML normal_behavior operation contract.0 
10340      DEBUG main            d.u.i.k.p.i.IntermediateProofReplayer Proof replay took 31.4ns 
16251      INFO  main            d.u.i.k.p.r.p.TestFile    ... finished proof: closed. 
16460      INFO  main            d.u.i.k.p.i.AbstractProblemLoader Loading environment from /home/runner/work/key/key/key.core/../key.ui/examples/redux/arrays/Arrays.copyOf.key.proof 
16462      DEBUG main            d.u.i.k.p.i.AbstractProblemLoader Environment load took 1.83ms 
16465      INFO  main            d.u.i.k.p.i.AbstractProblemLoader Creating init config 
20430      DEBUG main            d.u.i.k.p.i.AbstractProblemLoader Init config took 3.97s 
20511      INFO  main            d.u.i.k.p.i.AbstractProblemLoader Replaying proof Arrays[Arrays::copyOf([I,int)].JML normal_behavior operation contract.0 
21269      DEBUG main            d.u.i.k.p.i.IntermediateProofReplayer Proof replay took 731.19ms 
21279      DEBUG main            d.u.i.k.p.r.p.TestFile    ... success: reloaded. 
21286      INFO  main            d.u.i.k.p.r.p.TestFile    Now processing file /home/runner/work/key/key/key.core/../key.ui/examples/redux/arrays/Arrays.copyOf.float.key 
21286      INFO  main            d.u.i.k.p.i.AbstractProblemLoader Loading environment from /home/runner/work/key/key/key.core/../key.ui/examples/redux/arrays/Arrays.copyOf.float.key 
21287      DEBUG main            d.u.i.k.p.i.AbstractProblemLoader Environment load took 223.8ns 
21290      INFO  main            d.u.i.k.p.i.AbstractProblemLoader Creating init config 
25102      DEBUG main            d.u.i.k.p.i.AbstractProblemLoader Init config took 3.81s 
25168      INFO  main            d.u.i.k.p.i.AbstractProblemLoader Replaying proof Arrays[Arrays::copyOf([F,int)].JML normal_behavior operation contract.0 
25174      DEBUG main            d.u.i.k.p.i.IntermediateProofReplayer Proof replay took 8.3ns 
25214      DEBUG main            d.u.i.k.m.s.ProofScriptEngine 1: 'macro autopilot' 
30850      DEBUG main            d.u.i.k.m.s.ProofScriptEngine 2: 'smt solver=Z3' 
30963      INFO  main            d.u.i.k.m.s.SMTCommand    Finished run on goal 17 in 82ms, result is valid 
30964      DEBUG main            d.u.i.k.m.s.ProofScriptEngine 3: 'tryclose' 
33056      INFO  main            d.u.i.k.p.r.p.TestFile    ... finished proof: closed. 
33297      INFO  main            d.u.i.k.p.i.AbstractProblemLoader Loading environment from /home/runner/work/key/key/key.core/../key.ui/examples/redux/arrays/Arrays.copyOf.float.key.proof 
33299      DEBUG main            d.u.i.k.p.i.AbstractProblemLoader Environment load took 1.98ms 
33305      INFO  main            d.u.i.k.p.i.AbstractProblemLoader Creating init config 
37091      DEBUG main            d.u.i.k.p.i.AbstractProblemLoader Init config took 3.79s 
37148      INFO  main            d.u.i.k.p.i.AbstractProblemLoader Replaying proof Arrays[Arrays::copyOf([F,int)].JML normal_behavior operation contract.0 
37237      INFO  main            d.u.i.k.s.SMTFocusResults Analyzing unsat core: (L_6) 
38082      DEBUG main            d.u.i.k.p.i.IntermediateProofReplayer Proof replay took 911.33ms 
38085      DEBUG main            d.u.i.k.p.r.p.TestFile    ... success: reloaded. 
38086      INFO  main            d.u.i.k.p.r.p.TestFile    Now processing file /home/runner/work/key/key/key.core/../key.ui/examples/redux/arrays/Arrays.copyOfRange.key 
38086      INFO  main            d.u.i.k.p.i.AbstractProblemLoader Loading environment from /home/runner/work/key/key/key.core/../key.ui/examples/redux/arrays/Arrays.copyOfRange.key 
38086      DEBUG main            d.u.i.k.p.i.AbstractProblemLoader Environment load took 217.7ns 
38088      INFO  main            d.u.i.k.p.i.AbstractProblemLoader Creating init config 
41862      DEBUG main            d.u.i.k.p.i.AbstractProblemLoader Init config took 3.77s 
41915      INFO  main            d.u.i.k.p.i.AbstractProblemLoader Replaying proof Arrays[Arrays::copyOfRange([I,int,int)].JML normal_behavior operation contract.0 
41917      DEBUG main            d.u.i.k.p.i.IntermediateProofReplayer Proof replay took 6.5ns 
47527      INFO  main            d.u.i.k.p.r.p.TestFile    ... finished proof: closed. 
47880      INFO  main            d.u.i.k.p.i.AbstractProblemLoader Loading environment from /home/runner/work/key/key/key.core/../key.ui/examples/redux/arrays/Arrays.copyOfRange.key.proof 
47880      DEBUG main            d.u.i.k.p.i.AbstractProblemLoader Environment load took 405.8ns 
47886      INFO  main            d.u.i.k.p.i.AbstractProblemLoader Creating init config 
51626      DEBUG main            d.u.i.k.p.i.AbstractProblemLoader Init config took 3.74s 
51688      INFO  main            d.u.i.k.p.i.AbstractProblemLoader Replaying proof Arrays[Arrays::copyOfRange([I,int,int)].JML normal_behavior operation contract.0 
52449      DEBUG main            d.u.i.k.p.i.IntermediateProofReplayer Proof replay took 736.17ms 
52451      DEBUG main            d.u.i.k.p.r.p.TestFile    ... success: reloaded. 
52452      INFO  main            d.u.i.k.p.r.p.TestFile    Now processing file /home/runner/work/key/key/key.core/../key.ui/examples/redux/arrays/Arrays.copyOfRange.float.key 
52452      INFO  main            d.u.i.k.p.i.AbstractProblemLoader Loading environment from /home/runner/work/key/key/key.core/../key.ui/examples/redux/arrays/Arrays.copyOfRange.float.key 
52453      DEBUG main            d.u.i.k.p.i.AbstractProblemLoader Environment load took 212ns 
52454      INFO  main            d.u.i.k.p.i.AbstractProblemLoader Creating init config 
56303      DEBUG main            d.u.i.k.p.i.AbstractProblemLoader Init config took 3.85s 
56369      INFO  main            d.u.i.k.p.i.AbstractProblemLoader Replaying proof Arrays[Arrays::copyOfRange([F,int,int)].JML normal_behavior operation contract.0 
56374      DEBUG main            d.u.i.k.p.i.IntermediateProofReplayer Proof replay took 7.6ns 
56375      DEBUG main            d.u.i.k.m.s.ProofScriptEngine 1: 'macro autopilot' 
63561      DEBUG main            d.u.i.k.m.s.ProofScriptEngine 2: 'smt solver=Z3' 
63601      INFO  main            d.u.i.k.m.s.SMTCommand    Finished run on goal 27 in 36ms, result is valid 
63602      DEBUG main            d.u.i.k.m.s.ProofScriptEngine 3: 'tryclose' 
67789      INFO  main            d.u.i.k.p.r.p.TestFile    ... finished proof: closed. 
68038      INFO  main            d.u.i.k.p.i.AbstractProblemLoader Loading environment from /home/runner/work/key/key/key.core/../key.ui/examples/redux/arrays/Arrays.copyOfRange.float.key.proof 
68038      DEBUG main            d.u.i.k.p.i.AbstractProblemLoader Environment load took 392.1ns 
68040      INFO  main            d.u.i.k.p.i.AbstractProblemLoader Creating init config 
71680      DEBUG main            d.u.i.k.p.i.AbstractProblemLoader Init config took 3.64s 
71729      INFO  main            d.u.i.k.p.i.AbstractProblemLoader Replaying proof Arrays[Arrays::copyOfRange([F,int,int)].JML normal_behavior operation contract.0 
71825      INFO  main            d.u.i.k.s.SMTFocusResults Analyzing unsat core: (L_8) 
73023      DEBUG main            d.u.i.k.p.i.IntermediateProofReplayer Proof replay took 1.26s 
73026      DEBUG main            d.u.i.k.p.r.p.TestFile    ... success: reloaded. 
73028      INFO  main            d.u.i.k.p.r.p.TestFile    Now processing file /home/runner/work/key/key/key.core/../key.ui/examples/redux/arrays/Arrays.equals.key 
73028      INFO  main            d.u.i.k.p.i.AbstractProblemLoader Loading environment from /home/runner/work/key/key/key.core/../key.ui/examples/redux/arrays/Arrays.equals.key 
73029      DEBUG main            d.u.i.k.p.i.AbstractProblemLoader Environment load took 126.6ns 
73030      INFO  main            d.u.i.k.p.i.AbstractProblemLoader Creating init config 
76718      DEBUG main            d.u.i.k.p.i.AbstractProblemLoader Init config took 3.69s 
76764      INFO  main            d.u.i.k.p.i.AbstractProblemLoader Replaying proof Arrays[Arrays::equals([B,[B)].JML normal_behavior operation contract.0 
76766      DEBUG main            d.u.i.k.p.i.IntermediateProofReplayer Proof replay took 5.2ns 
77494      INFO  main            d.u.i.k.p.r.p.TestFile    ... finished proof: closed. 
77777      INFO  main            d.u.i.k.p.i.AbstractProblemLoader Loading environment from /home/runner/work/key/key/key.core/../key.ui/examples/redux/arrays/Arrays.equals.key.proof 
77777      DEBUG main            d.u.i.k.p.i.AbstractProblemLoader Environment load took 195.6ns 
77778      INFO  main            d.u.i.k.p.i.AbstractProblemLoader Creating init config 
81406      DEBUG main            d.u.i.k.p.i.AbstractProblemLoader Init config took 3.63s 
81459      INFO  main            d.u.i.k.p.i.AbstractProblemLoader Replaying proof Arrays[Arrays::equals([B,[B)].JML normal_behavior operation contract.0 
81661      DEBUG main            d.u.i.k.p.i.IntermediateProofReplayer Proof replay took 196.59ms 
81662      DEBUG main            d.u.i.k.p.r.p.TestFile    ... success: reloaded. 
81663      INFO  main            d.u.i.k.p.r.p.TestFile    Now processing file /home/runner/work/key/key/key.core/../key.ui/examples/redux/arrays/Arrays.fill.key 
81663      INFO  main            d.u.i.k.p.i.AbstractProblemLoader Loading environment from /home/runner/work/key/key/key.core/../key.ui/examples/redux/arrays/Arrays.fill.key 
81663      DEBUG main            d.u.i.k.p.i.AbstractProblemLoader Environment load took 201.3ns 
81665      INFO  main            d.u.i.k.p.i.AbstractProblemLoader Creating init config 
85257      DEBUG main            d.u.i.k.p.i.AbstractProblemLoader Init config took 3.59s 
85305      INFO  main            d.u.i.k.p.i.AbstractProblemLoader Replaying proof Arrays[Arrays::fill([I,int)].JML normal_behavior operation contract.0 
85307      DEBUG main            d.u.i.k.p.i.IntermediateProofReplayer Proof replay took 6.7ns 
85512      INFO  main            d.u.i.k.p.r.p.TestFile    ... finished proof: closed. 
85719      INFO  main            d.u.i.k.p.i.AbstractProblemLoader Loading environment from /home/runner/work/key/key/key.core/../key.ui/examples/redux/arrays/Arrays.fill.key.proof 
85719      DEBUG main            d.u.i.k.p.i.AbstractProblemLoader Environment load took 136.3ns 
85721      INFO  main            d.u.i.k.p.i.AbstractProblemLoader Creating init config 
89328      DEBUG main            d.u.i.k.p.i.AbstractProblemLoader Init config took 3.61s 
89375      INFO  main            d.u.i.k.p.i.AbstractProblemLoader Replaying proof Arrays[Arrays::fill([I,int)].JML normal_behavior operation contract.0 
89421      DEBUG main            d.u.i.k.p.i.IntermediateProofReplayer Proof replay took 43.09ms 
89422      DEBUG main            d.u.i.k.p.r.p.TestFile    ... success: reloaded. 
89423      INFO  main            d.u.i.k.p.r.p.TestFile    Now processing file /home/runner/work/key/key/key.core/../key.ui/examples/redux/arrays/Arrays.fill.float.key 
89423      INFO  main            d.u.i.k.p.i.AbstractProblemLoader Loading environment from /home/runner/work/key/key/key.core/../key.ui/examples/redux/arrays/Arrays.fill.float.key 
89423      DEBUG main            d.u.i.k.p.i.AbstractProblemLoader Environment load took 199.6ns 
89425      INFO  main            d.u.i.k.p.i.AbstractProblemLoader Creating init config 
93070      DEBUG main            d.u.i.k.p.i.AbstractProblemLoader Init config took 3.65s 
93115      INFO  main            d.u.i.k.p.i.AbstractProblemLoader Replaying proof Arrays[Arrays::fill([F,float)].JML normal_behavior operation contract.0 
93117      DEBUG main            d.u.i.k.p.i.IntermediateProofReplayer Proof replay took 7.3ns 
93419      INFO  main            d.u.i.k.p.r.p.TestFile    ... finished proof: closed. 
93621      INFO  main            d.u.i.k.p.i.AbstractProblemLoader Loading environment from /home/runner/work/key/key/key.core/../key.ui/examples/redux/arrays/Arrays.fill.float.key.proof 
93621      DEBUG main            d.u.i.k.p.i.AbstractProblemLoader Environment load took 133.2ns 
93622      INFO  main            d.u.i.k.p.i.AbstractProblemLoader Creating init config 
97186      DEBUG main            d.u.i.k.p.i.AbstractProblemLoader Init config took 3.56s 
97254      INFO  main            d.u.i.k.p.i.AbstractProblemLoader Replaying proof Arrays[Arrays::fill([F,float)].JML normal_behavior operation contract.0 
97316      DEBUG main            d.u.i.k.p.i.IntermediateProofReplayer Proof replay took 59.52ms 
97318      DEBUG main            d.u.i.k.p.r.p.TestFile    ... success: reloaded. 
97319      INFO  main            d.u.i.k.p.r.p.TestFile    Now processing file /home/runner/work/key/key/key.core/../key.ui/examples/redux/arrays/Arrays.fillFromTo.key 
97319      INFO  main            d.u.i.k.p.i.AbstractProblemLoader Loading environment from /home/runner/work/key/key/key.core/../key.ui/examples/redux/arrays/Arrays.fillFromTo.key 
97319      DEBUG main            d.u.i.k.p.i.AbstractProblemLoader Environment load took 223.7ns 
97320      INFO  main            d.u.i.k.p.i.AbstractProblemLoader Creating init config 
100831     DEBUG main            d.u.i.k.p.i.AbstractProblemLoader Init config took 3.51s 
100872     INFO  main            d.u.i.k.p.i.AbstractProblemLoader Replaying proof Arrays[Arrays::fill([I,int,int,int)].JML normal_behavior operation contract.0 
100874     DEBUG main            d.u.i.k.p.i.IntermediateProofReplayer Proof replay took 7ns 
101577     INFO  main            d.u.i.k.p.r.p.TestFile    ... finished proof: closed. 
101928     INFO  main            d.u.i.k.p.i.AbstractProblemLoader Loading environment from /home/runner/work/key/key/key.core/../key.ui/examples/redux/arrays/Arrays.fillFromTo.key.proof 
101928     DEBUG main            d.u.i.k.p.i.AbstractProblemLoader Environment load took 155.4ns 
101930     INFO  main            d.u.i.k.p.i.AbstractProblemLoader Creating init config 
105442     DEBUG main            d.u.i.k.p.i.AbstractProblemLoader Init config took 3.51s 
105486     INFO  main            d.u.i.k.p.i.AbstractProblemLoader Replaying proof Arrays[Arrays::fill([I,int,int,int)].JML normal_behavior operation contract.0 
105645     DEBUG main            d.u.i.k.p.i.IntermediateProofReplayer Proof replay took 152.9ms 
105646     DEBUG main            d.u.i.k.p.r.p.TestFile    ... success: reloaded. 
105647     INFO  main            d.u.i.k.p.r.p.TestFile    Now processing file /home/runner/work/key/key/key.core/../key.ui/examples/redux/arrays/Arrays.fillFromTo.float.key 
105648     INFO  main            d.u.i.k.p.i.AbstractProblemLoader Loading environment from /home/runner/work/key/key/key.core/../key.ui/examples/redux/arrays/Arrays.fillFromTo.float.key 
105648     DEBUG main            d.u.i.k.p.i.AbstractProblemLoader Environment load took 121.7ns 
105649     INFO  main            d.u.i.k.p.i.AbstractProblemLoader Creating init config 
109179     DEBUG main            d.u.i.k.p.i.AbstractProblemLoader Init config took 3.53s 
109220     INFO  main            d.u.i.k.p.i.AbstractProblemLoader Replaying proof Arrays[Arrays::fill([F,int,int,float)].JML normal_behavior operation contract.0 
109221     DEBUG main            d.u.i.k.p.i.IntermediateProofReplayer Proof replay took 6.7ns 
110026     INFO  main            d.u.i.k.p.r.p.TestFile    ... finished proof: closed. 
110294     INFO  main            d.u.i.k.p.i.AbstractProblemLoader Loading environment from /home/runner/work/key/key/key.core/../key.ui/examples/redux/arrays/Arrays.fillFromTo.float.key.proof 
110294     DEBUG main            d.u.i.k.p.i.AbstractProblemLoader Environment load took 517.4ns 
110295     INFO  main            d.u.i.k.p.i.AbstractProblemLoader Creating init config 
113774     DEBUG main            d.u.i.k.p.i.AbstractProblemLoader Init config took 3.48s 
113814     INFO  main            d.u.i.k.p.i.AbstractProblemLoader Replaying proof Arrays[Arrays::fill([F,int,int,float)].JML normal_behavior operation contract.0 
114000     DEBUG main            d.u.i.k.p.i.IntermediateProofReplayer Proof replay took 180.71ms 
114001     DEBUG main            d.u.i.k.p.r.p.TestFile    ... success: reloaded. 
114002     INFO  main            d.u.i.k.p.r.p.TestFile    Now processing file /home/runner/work/key/key/key.core/../key.ui/examples/redux/arrays/ArrayCopy.arraycopy.normal.0.key 
114003     INFO  main            d.u.i.k.p.i.AbstractProblemLoader Loading environment from /home/runner/work/key/key/key.core/../key.ui/examples/redux/arrays/ArrayCopy.arraycopy.normal.0.key 
114003     DEBUG main            d.u.i.k.p.i.AbstractProblemLoader Environment load took 119.2ns 
114004     INFO  main            d.u.i.k.p.i.AbstractProblemLoader Creating init config 
117603     DEBUG main            d.u.i.k.p.i.AbstractProblemLoader Init config took 3.6s 
117642     INFO  main            d.u.i.k.p.i.AbstractProblemLoader Replaying proof ArrayCopy[ArrayCopy::arraycopy(java.lang.Object,int,java.lang.Object,int,int)].JML normal_behavior operation contract.0 
117644     DEBUG main            d.u.i.k.p.i.IntermediateProofReplayer Proof replay took 6.1ns 
125358     INFO  main            d.u.i.k.p.r.p.TestFile    ... finished proof: closed. 
125621     INFO  main            d.u.i.k.p.i.AbstractProblemLoader Loading environment from /home/runner/work/key/key/key.core/../key.ui/examples/redux/arrays/ArrayCopy.arraycopy.normal.0.key.proof 
125621     DEBUG main            d.u.i.k.p.i.AbstractProblemLoader Environment load took 395ns 
125623     INFO  main            d.u.i.k.p.i.AbstractProblemLoader Creating init config 
129088     DEBUG main            d.u.i.k.p.i.AbstractProblemLoader Init config took 3.47s 
129133     INFO  main            d.u.i.k.p.i.AbstractProblemLoader Replaying proof ArrayCopy[ArrayCopy::arraycopy(java.lang.Object,int,java.lang.Object,int,int)].JML normal_behavior operation contract.0 
130328     DEBUG main            d.u.i.k.p.i.IntermediateProofReplayer Proof replay took 1.17s 
130330     DEBUG main            d.u.i.k.p.r.p.TestFile    ... success: reloaded. 
130331     INFO  main            d.u.i.k.p.r.p.TestFile    Now processing file /home/runner/work/key/key/key.core/../key.ui/examples/redux/arrays/ArrayCopy.arraycopy.exceptional.0.key 
130331     INFO  main            d.u.i.k.p.i.AbstractProblemLoader Loading environment from /home/runner/work/key/key/key.core/../key.ui/examples/redux/arrays/ArrayCopy.arraycopy.exceptional.0.key 
130331     DEBUG main            d.u.i.k.p.i.AbstractProblemLoader Environment load took 117.4ns 
130332     INFO  main            d.u.i.k.p.i.AbstractProblemLoader Creating init config 
133893     DEBUG main            d.u.i.k.p.i.AbstractProblemLoader Init config took 3.56s 
133931     INFO  main            d.u.i.k.p.i.AbstractProblemLoader Replaying proof ArrayCopy[ArrayCopy::arraycopy(java.lang.Object,int,java.lang.Object,int,int)].JML exceptional_behavior operation contract.0 
133932     DEBUG main            d.u.i.k.p.i.IntermediateProofReplayer Proof replay took 6.5ns 
134339     INFO  main            d.u.i.k.p.r.p.TestFile    ... finished proof: closed. 
134601     INFO  main            d.u.i.k.p.i.AbstractProblemLoader Loading environment from /home/runner/work/key/key/key.core/../key.ui/examples/redux/arrays/ArrayCopy.arraycopy.exceptional.0.key.proof 
134601     DEBUG main            d.u.i.k.p.i.AbstractProblemLoader Environment load took 121.8ns 
134603     INFO  main            d.u.i.k.p.i.AbstractProblemLoader Creating init config 
138001     DEBUG main            d.u.i.k.p.i.AbstractProblemLoader Init config took 3.4s 
138043     INFO  main            d.u.i.k.p.i.AbstractProblemLoader Replaying proof ArrayCopy[ArrayCopy::arraycopy(java.lang.Object,int,java.lang.Object,int,int)].JML exceptional_behavior operation contract.0 
138203     DEBUG main            d.u.i.k.p.i.IntermediateProofReplayer Proof replay took 152.02ms 
138204     DEBUG main            d.u.i.k.p.r.p.TestFile    ... success: reloaded. 
138205     INFO  main            d.u.i.k.p.r.p.TestFile    Now processing file /home/runner/work/key/key/key.core/../key.ui/examples/redux/arrays/ArrayCopy.arraycopy.exceptional.1.key 
138206     INFO  main            d.u.i.k.p.i.AbstractProblemLoader Loading environment from /home/runner/work/key/key/key.core/../key.ui/examples/redux/arrays/ArrayCopy.arraycopy.exceptional.1.key 
138206     DEBUG main            d.u.i.k.p.i.AbstractProblemLoader Environment load took 172.3ns 
138209     INFO  main            d.u.i.k.p.i.AbstractProblemLoader Creating init config 
141685     DEBUG main            d.u.i.k.p.i.AbstractProblemLoader Init config took 3.48s 
141723     INFO  main            d.u.i.k.p.i.AbstractProblemLoader Replaying proof ArrayCopy[ArrayCopy::arraycopy(java.lang.Object,int,java.lang.Object,int,int)].JML exceptional_behavior operation contract.1 
141725     DEBUG main            d.u.i.k.p.i.IntermediateProofReplayer Proof replay took 6.4ns 
149295     INFO  main            d.u.i.k.p.r.p.TestFile    ... finished proof: closed. 
149573     INFO  main            d.u.i.k.p.i.AbstractProblemLoader Loading environment from /home/runner/work/key/key/key.core/../key.ui/examples/redux/arrays/ArrayCopy.arraycopy.exceptional.1.key.proof 
149574     DEBUG main            d.u.i.k.p.i.AbstractProblemLoader Environment load took 408.2ns 
149577     INFO  main            d.u.i.k.p.i.AbstractProblemLoader Creating init config 
153021     DEBUG main            d.u.i.k.p.i.AbstractProblemLoader Init config took 3.44s 
153059     INFO  main            d.u.i.k.p.i.AbstractProblemLoader Replaying proof ArrayCopy[ArrayCopy::arraycopy(java.lang.Object,int,java.lang.Object,int,int)].JML exceptional_behavior operation contract.1 
155084     DEBUG main            d.u.i.k.p.i.IntermediateProofReplayer Proof replay took 2s 
155086     DEBUG main            d.u.i.k.p.r.p.TestFile    ... success: reloaded. 
6368568    INFO  Test worker     d.u.i.k.p.r.RunAllProofsTestUnit Returning from test redux 
]]></system-out>
  <system-err><![CDATA[]]></system-err>
</testsuite>
