<?xml version="1.0" encoding="UTF-8"?>
<testsuite name="de.uka.ilkd.key.logic.LabeledTermImplTest" tests="2" skipped="0" failures="0" errors="0" timestamp="2023-06-09T13:21:06" hostname="fv-az456-289" time="0.031">
  <properties/>
  <testcase name="testGetHasAndContainsLabels()" classname="de.uka.ilkd.key.logic.LabeledTermImplTest" time="0.023"/>
  <testcase name="testEqualsLabelOnTop()" classname="de.uka.ilkd.key.logic.LabeledTermImplTest" time="0.007"/>
  <system-out><![CDATA[]]></system-out>
  <system-err><![CDATA[]]></system-err>
</testsuite>
