<?xml version="1.0" encoding="UTF-8"?>
<testsuite name="de.uka.ilkd.key.speclang.njml.NJmlTranslatorTests" tests="5" skipped="0" failures="5" errors="0" timestamp="2023-06-09T13:24:08" hostname="fv-az456-289" time="1.936">
  <properties/>
  <testcase name="testWarnRequires()" classname="de.uka.ilkd.key.speclang.njml.NJmlTranslatorTests" time="0.002">
    <failure message="java.lang.NullPointerException: Cannot invoke &quot;de.uka.ilkd.key.java.JavaService.getProgramFactory()&quot; because &quot;this.javaService&quot; is null" type="java.lang.NullPointerException">java.lang.NullPointerException: Cannot invoke &quot;de.uka.ilkd.key.java.JavaService.getProgramFactory()&quot; because &quot;this.javaService&quot; is null
	at de.uka.ilkd.key.java.KeYProgModelInfo.isPackage(KeYProgModelInfo.java:213)
	at de.uka.ilkd.key.java.JavaInfo.isPackage(JavaInfo.java:221)
	at de.uka.ilkd.key.speclang.translation.SLExpressionResolver.trimPackageRef(SLExpressionResolver.java:43)
	at de.uka.ilkd.key.speclang.translation.SLExpressionResolver.areInSamePackage(SLExpressionResolver.java:62)
	at de.uka.ilkd.key.speclang.translation.SLExpressionResolver.isVisibleHelper(SLExpressionResolver.java:103)
	at de.uka.ilkd.key.speclang.translation.SLExpressionResolver.isVisible(SLExpressionResolver.java:114)
	at de.uka.ilkd.key.speclang.translation.SLAttributeResolver.lookupVisibleAttribute(SLAttributeResolver.java:37)
	at de.uka.ilkd.key.speclang.translation.SLAttributeResolver.doResolving(SLAttributeResolver.java:94)
	at de.uka.ilkd.key.speclang.translation.SLExpressionResolver.resolve(SLExpressionResolver.java:149)
	at de.uka.ilkd.key.speclang.translation.SLResolverManager.resolveExplicit(SLResolverManager.java:137)
	at de.uka.ilkd.key.speclang.translation.SLResolverManager.resolveImplicit(SLResolverManager.java:112)
	at de.uka.ilkd.key.speclang.translation.SLResolverManager.resolveIt(SLResolverManager.java:159)
	at de.uka.ilkd.key.speclang.translation.SLResolverManager.resolve(SLResolverManager.java:195)
	at de.uka.ilkd.key.speclang.njml.Translator.lookupIdentifier(Translator.java:924)
	at de.uka.ilkd.key.speclang.njml.Translator.visitIdent(Translator.java:882)
	at de.uka.ilkd.key.speclang.njml.JmlParser$IdentContext.accept(JmlParser.java:8637)
	at org.antlr.v4.runtime.tree.AbstractParseTreeVisitor.visitChildren(AbstractParseTreeVisitor.java:46)
	at de.uka.ilkd.key.speclang.njml.JmlParserBaseVisitor.visitPrimaryexpr(JmlParserBaseVisitor.java:724)
	at de.uka.ilkd.key.speclang.njml.JmlParser$PrimaryexprContext.accept(JmlParser.java:8399)
	at de.uka.ilkd.key.speclang.njml.Translator.accept(Translator.java:128)
	at de.uka.ilkd.key.speclang.njml.Translator.visitPostfixexpr(Translator.java:854)
	at de.uka.ilkd.key.speclang.njml.Translator.visitPostfixexpr(Translator.java:63)
	at de.uka.ilkd.key.speclang.njml.JmlParser$PostfixexprContext.accept(JmlParser.java:8315)
	at de.uka.ilkd.key.speclang.njml.Translator.accept(Translator.java:128)
	at de.uka.ilkd.key.speclang.njml.Translator.visitUnaryexprnotplusminus(Translator.java:840)
	at de.uka.ilkd.key.speclang.njml.JmlParser$UnaryexprnotplusminusContext.accept(JmlParser.java:8146)
	at de.uka.ilkd.key.speclang.njml.Translator.accept(Translator.java:128)
	at de.uka.ilkd.key.speclang.njml.Translator.oneOf(Translator.java:147)
	at de.uka.ilkd.key.speclang.njml.Translator.visitUnaryexpr(Translator.java:800)
	at de.uka.ilkd.key.speclang.njml.Translator.visitUnaryexpr(Translator.java:63)
	at de.uka.ilkd.key.speclang.njml.JmlParser$UnaryexprContext.accept(JmlParser.java:8002)
	at de.uka.ilkd.key.speclang.njml.Translator.accept(Translator.java:128)
	at de.uka.ilkd.key.speclang.njml.Translator.lambda$mapOf$0(Translator.java:133)
	at java.base/java.util.stream.ReferencePipeline$3$1.accept(ReferencePipeline.java:197)
	at java.base/java.util.ArrayList$ArrayListSpliterator.forEachRemaining(ArrayList.java:1625)
	at java.base/java.util.stream.AbstractPipeline.copyInto(AbstractPipeline.java:509)
	at java.base/java.util.stream.AbstractPipeline.wrapAndCopyInto(AbstractPipeline.java:499)
	at java.base/java.util.stream.ReduceOps$ReduceOp.evaluateSequential(ReduceOps.java:921)
	at java.base/java.util.stream.AbstractPipeline.evaluate(AbstractPipeline.java:234)
	at java.base/java.util.stream.ReferencePipeline.collect(ReferencePipeline.java:682)
	at de.uka.ilkd.key.speclang.njml.Translator.mapOf(Translator.java:133)
	at de.uka.ilkd.key.speclang.njml.Translator.visitMultexpr(Translator.java:737)
	at de.uka.ilkd.key.speclang.njml.JmlParser$MultexprContext.accept(JmlParser.java:7921)
	at de.uka.ilkd.key.speclang.njml.Translator.accept(Translator.java:128)
	at de.uka.ilkd.key.speclang.njml.Translator.lambda$mapOf$0(Translator.java:133)
	at java.base/java.util.stream.ReferencePipeline$3$1.accept(ReferencePipeline.java:197)
	at java.base/java.util.ArrayList$ArrayListSpliterator.forEachRemaining(ArrayList.java:1625)
	at java.base/java.util.stream.AbstractPipeline.copyInto(AbstractPipeline.java:509)
	at java.base/java.util.stream.AbstractPipeline.wrapAndCopyInto(AbstractPipeline.java:499)
	at java.base/java.util.stream.ReduceOps$ReduceOp.evaluateSequential(ReduceOps.java:921)
	at java.base/java.util.stream.AbstractPipeline.evaluate(AbstractPipeline.java:234)
	at java.base/java.util.stream.ReferencePipeline.collect(ReferencePipeline.java:682)
	at de.uka.ilkd.key.speclang.njml.Translator.mapOf(Translator.java:133)
	at de.uka.ilkd.key.speclang.njml.Translator.visitAdditiveexpr(Translator.java:720)
	at de.uka.ilkd.key.speclang.njml.JmlParser$AdditiveexprContext.accept(JmlParser.java:7829)
	at de.uka.ilkd.key.speclang.njml.Translator.accept(Translator.java:128)
	at de.uka.ilkd.key.speclang.njml.Translator.lambda$mapOf$0(Translator.java:133)
	at java.base/java.util.stream.ReferencePipeline$3$1.accept(ReferencePipeline.java:197)
	at java.base/java.util.ArrayList$ArrayListSpliterator.forEachRemaining(ArrayList.java:1625)
	at java.base/java.util.stream.AbstractPipeline.copyInto(AbstractPipeline.java:509)
	at java.base/java.util.stream.AbstractPipeline.wrapAndCopyInto(AbstractPipeline.java:499)
	at java.base/java.util.stream.ReduceOps$ReduceOp.evaluateSequential(ReduceOps.java:921)
	at java.base/java.util.stream.AbstractPipeline.evaluate(AbstractPipeline.java:234)
	at java.base/java.util.stream.ReferencePipeline.collect(ReferencePipeline.java:682)
	at de.uka.ilkd.key.speclang.njml.Translator.mapOf(Translator.java:133)
	at de.uka.ilkd.key.speclang.njml.Translator.visitShiftexpr(Translator.java:703)
	at de.uka.ilkd.key.speclang.njml.JmlParser$ShiftexprContext.accept(JmlParser.java:7742)
	at de.uka.ilkd.key.speclang.njml.Translator.accept(Translator.java:128)
	at de.uka.ilkd.key.speclang.njml.Translator.oneOf(Translator.java:147)
	at de.uka.ilkd.key.speclang.njml.Translator.visitRelationalexpr(Translator.java:494)
	at de.uka.ilkd.key.speclang.njml.JmlParser$RelationalexprContext.accept(JmlParser.java:7344)
	at de.uka.ilkd.key.speclang.njml.Translator.accept(Translator.java:128)
	at de.uka.ilkd.key.speclang.njml.Translator.lambda$mapOf$0(Translator.java:133)
	at java.base/java.util.stream.ReferencePipeline$3$1.accept(ReferencePipeline.java:197)
	at java.base/java.util.ArrayList$ArrayListSpliterator.forEachRemaining(ArrayList.java:1625)
	at java.base/java.util.stream.AbstractPipeline.copyInto(AbstractPipeline.java:509)
	at java.base/java.util.stream.AbstractPipeline.wrapAndCopyInto(AbstractPipeline.java:499)
	at java.base/java.util.stream.ReduceOps$ReduceOp.evaluateSequential(ReduceOps.java:921)
	at java.base/java.util.stream.AbstractPipeline.evaluate(AbstractPipeline.java:234)
	at java.base/java.util.stream.ReferencePipeline.collect(ReferencePipeline.java:682)
	at de.uka.ilkd.key.speclang.njml.Translator.mapOf(Translator.java:133)
	at de.uka.ilkd.key.speclang.njml.Translator.visitEqualityexpr(Translator.java:562)
	at de.uka.ilkd.key.speclang.njml.Translator.visitEqualityexpr(Translator.java:63)
	at de.uka.ilkd.key.speclang.njml.JmlParser$EqualityexprContext.accept(JmlParser.java:7270)
	at de.uka.ilkd.key.speclang.njml.Translator.accept(Translator.java:128)
	at de.uka.ilkd.key.speclang.njml.Translator.visitAndexpr(Translator.java:544)
	at de.uka.ilkd.key.speclang.njml.JmlParser$AndexprContext.accept(JmlParser.java:7201)
	at de.uka.ilkd.key.speclang.njml.Translator.accept(Translator.java:128)
	at de.uka.ilkd.key.speclang.njml.Translator.visitExclusiveorexpr(Translator.java:529)
	at de.uka.ilkd.key.speclang.njml.JmlParser$ExclusiveorexprContext.accept(JmlParser.java:7132)
	at de.uka.ilkd.key.speclang.njml.Translator.accept(Translator.java:128)
	at de.uka.ilkd.key.speclang.njml.Translator.visitInclusiveorexpr(Translator.java:514)
	at de.uka.ilkd.key.speclang.njml.JmlParser$InclusiveorexprContext.accept(JmlParser.java:7063)
	at de.uka.ilkd.key.speclang.njml.Translator.accept(Translator.java:128)
	at de.uka.ilkd.key.speclang.njml.Translator.visitLogicalandexpr(Translator.java:501)
	at de.uka.ilkd.key.speclang.njml.JmlParser$LogicalandexprContext.accept(JmlParser.java:6994)
	at de.uka.ilkd.key.speclang.njml.Translator.accept(Translator.java:128)
	at de.uka.ilkd.key.speclang.njml.Translator.visitLogicalorexpr(Translator.java:482)
	at de.uka.ilkd.key.speclang.njml.Translator.visitLogicalorexpr(Translator.java:63)
	at de.uka.ilkd.key.speclang.njml.JmlParser$LogicalorexprContext.accept(JmlParser.java:6925)
	at de.uka.ilkd.key.speclang.njml.Translator.accept(Translator.java:128)
	at de.uka.ilkd.key.speclang.njml.Translator.visitImpliesexpr(Translator.java:446)
	at de.uka.ilkd.key.speclang.njml.JmlParser$ImpliesexprContext.accept(JmlParser.java:6662)
	at de.uka.ilkd.key.speclang.njml.Translator.accept(Translator.java:128)
	at de.uka.ilkd.key.speclang.njml.Translator.lambda$mapOf$0(Translator.java:133)
	at java.base/java.util.stream.ReferencePipeline$3$1.accept(ReferencePipeline.java:197)
	at java.base/java.util.ArrayList$ArrayListSpliterator.forEachRemaining(ArrayList.java:1625)
	at java.base/java.util.stream.AbstractPipeline.copyInto(AbstractPipeline.java:509)
	at java.base/java.util.stream.AbstractPipeline.wrapAndCopyInto(AbstractPipeline.java:499)
	at java.base/java.util.stream.ReduceOps$ReduceOp.evaluateSequential(ReduceOps.java:921)
	at java.base/java.util.stream.AbstractPipeline.evaluate(AbstractPipeline.java:234)
	at java.base/java.util.stream.ReferencePipeline.collect(ReferencePipeline.java:682)
	at de.uka.ilkd.key.speclang.njml.Translator.mapOf(Translator.java:133)
	at de.uka.ilkd.key.speclang.njml.Translator.visitEquivalenceexpr(Translator.java:426)
	at de.uka.ilkd.key.speclang.njml.JmlParser$EquivalenceexprContext.accept(JmlParser.java:6585)
	at de.uka.ilkd.key.speclang.njml.Translator.accept(Translator.java:128)
	at de.uka.ilkd.key.speclang.njml.Translator.visitConditionalexpr(Translator.java:412)
	at de.uka.ilkd.key.speclang.njml.Translator.visitConditionalexpr(Translator.java:63)
	at de.uka.ilkd.key.speclang.njml.JmlParser$ConditionalexprContext.accept(JmlParser.java:6516)
	at de.uka.ilkd.key.speclang.njml.Translator.accept(Translator.java:128)
	at de.uka.ilkd.key.speclang.njml.Translator.visitExpression(Translator.java:402)
	at de.uka.ilkd.key.speclang.njml.Translator.visitExpression(Translator.java:63)
	at de.uka.ilkd.key.speclang.njml.JmlParser$ExpressionContext.accept(JmlParser.java:6463)
	at de.uka.ilkd.key.speclang.njml.JmlIO.interpret(JmlIO.java:178)
	at de.uka.ilkd.key.speclang.njml.JmlIO.translateTerm(JmlIO.java:188)
	at de.uka.ilkd.key.speclang.njml.JmlIO.translateTerm(JmlIO.java:201)
	at de.uka.ilkd.key.speclang.jml.translation.JMLSpecFactory.createJMLClassInvariant(JMLSpecFactory.java:957)
	at de.uka.ilkd.key.speclang.jml.JMLSpecExtractor.extractClassSpecs(JMLSpecExtractor.java:250)
	at de.uka.ilkd.key.speclang.SLEnvInput.createSpecs(SLEnvInput.java:284)
	at de.uka.ilkd.key.speclang.SLEnvInput.read(SLEnvInput.java:351)
	at de.uka.ilkd.key.proof.init.KeYUserProblemFile.read(KeYUserProblemFile.java:111)
	at de.uka.ilkd.key.proof.init.ProblemInitializer.readEnvInput(ProblemInitializer.java:323)
	at de.uka.ilkd.key.proof.init.ProblemInitializer.prepare(ProblemInitializer.java:561)
	at de.uka.ilkd.key.proof.init.ProblemInitializer.prepare(ProblemInitializer.java:471)
	at de.uka.ilkd.key.proof.init.ProblemInitializer.startProver(ProblemInitializer.java:607)
	at de.uka.ilkd.key.util.HelperClassForTests.parse(HelperClassForTests.java:78)
	at de.uka.ilkd.key.util.HelperClassForTests.parse(HelperClassForTests.java:66)
	at de.uka.ilkd.key.speclang.njml.NJmlTranslatorTests.&lt;init&gt;(NJmlTranslatorTests.java:34)
	at java.base/jdk.internal.reflect.NativeConstructorAccessorImpl.newInstance0(Native Method)
	at java.base/jdk.internal.reflect.NativeConstructorAccessorImpl.newInstance(NativeConstructorAccessorImpl.java:77)
	at java.base/jdk.internal.reflect.DelegatingConstructorAccessorImpl.newInstance(DelegatingConstructorAccessorImpl.java:45)
	at java.base/java.lang.reflect.Constructor.newInstanceWithCaller(Constructor.java:499)
	at java.base/java.lang.reflect.Constructor.newInstance(Constructor.java:480)
	at org.junit.platform.commons.util.ReflectionUtils.newInstance(ReflectionUtils.java:552)
	at org.junit.jupiter.engine.execution.ConstructorInvocation.proceed(ConstructorInvocation.java:56)
	at org.junit.jupiter.engine.execution.InvocationInterceptorChain$ValidatingInvocation.proceed(InvocationInterceptorChain.java:131)
	at org.junit.jupiter.api.extension.InvocationInterceptor.interceptTestClassConstructor(InvocationInterceptor.java:73)
	at org.junit.jupiter.engine.execution.InterceptingExecutableInvoker.lambda$invoke$0(InterceptingExecutableInvoker.java:93)
	at org.junit.jupiter.engine.execution.InvocationInterceptorChain$InterceptedInvocation.proceed(InvocationInterceptorChain.java:106)
	at org.junit.jupiter.engine.execution.InvocationInterceptorChain.proceed(InvocationInterceptorChain.java:64)
	at org.junit.jupiter.engine.execution.InvocationInterceptorChain.chainAndInvoke(InvocationInterceptorChain.java:45)
	at org.junit.jupiter.engine.execution.InvocationInterceptorChain.invoke(InvocationInterceptorChain.java:37)
	at org.junit.jupiter.engine.execution.InterceptingExecutableInvoker.invoke(InterceptingExecutableInvoker.java:92)
	at org.junit.jupiter.engine.execution.InterceptingExecutableInvoker.invoke(InterceptingExecutableInvoker.java:62)
	at org.junit.jupiter.engine.descriptor.ClassBasedTestDescriptor.invokeTestClassConstructor(ClassBasedTestDescriptor.java:363)
	at org.junit.jupiter.engine.descriptor.ClassBasedTestDescriptor.instantiateTestClass(ClassBasedTestDescriptor.java:310)
	at org.junit.jupiter.engine.descriptor.ClassTestDescriptor.instantiateTestClass(ClassTestDescriptor.java:79)
	at org.junit.jupiter.engine.descriptor.ClassBasedTestDescriptor.instantiateAndPostProcessTestInstance(ClassBasedTestDescriptor.java:286)
	at org.junit.jupiter.engine.descriptor.ClassBasedTestDescriptor.lambda$testInstancesProvider$4(ClassBasedTestDescriptor.java:278)
	at java.base/java.util.Optional.orElseGet(Optional.java:364)
	at org.junit.jupiter.engine.descriptor.ClassBasedTestDescriptor.lambda$testInstancesProvider$5(ClassBasedTestDescriptor.java:277)
	at org.junit.jupiter.engine.execution.TestInstancesProvider.getTestInstances(TestInstancesProvider.java:31)
	at org.junit.jupiter.engine.descriptor.TestMethodTestDescriptor.lambda$prepare$0(TestMethodTestDescriptor.java:105)
	at org.junit.platform.engine.support.hierarchical.ThrowableCollector.execute(ThrowableCollector.java:73)
	at org.junit.jupiter.engine.descriptor.TestMethodTestDescriptor.prepare(TestMethodTestDescriptor.java:104)
	at org.junit.jupiter.engine.descriptor.TestMethodTestDescriptor.prepare(TestMethodTestDescriptor.java:68)
	at org.junit.platform.engine.support.hierarchical.NodeTestTask.lambda$prepare$2(NodeTestTask.java:123)
	at org.junit.platform.engine.support.hierarchical.ThrowableCollector.execute(ThrowableCollector.java:73)
	at org.junit.platform.engine.support.hierarchical.NodeTestTask.prepare(NodeTestTask.java:123)
	at org.junit.platform.engine.support.hierarchical.NodeTestTask.execute(NodeTestTask.java:90)
	at java.base/java.util.ArrayList.forEach(ArrayList.java:1511)
	at org.junit.platform.engine.support.hierarchical.SameThreadHierarchicalTestExecutorService.invokeAll(SameThreadHierarchicalTestExecutorService.java:41)
	at org.junit.platform.engine.support.hierarchical.NodeTestTask.lambda$executeRecursively$6(NodeTestTask.java:155)
	at org.junit.platform.engine.support.hierarchical.ThrowableCollector.execute(ThrowableCollector.java:73)
	at org.junit.platform.engine.support.hierarchical.NodeTestTask.lambda$executeRecursively$8(NodeTestTask.java:141)
	at org.junit.platform.engine.support.hierarchical.Node.around(Node.java:137)
	at org.junit.platform.engine.support.hierarchical.NodeTestTask.lambda$executeRecursively$9(NodeTestTask.java:139)
	at org.junit.platform.engine.support.hierarchical.ThrowableCollector.execute(ThrowableCollector.java:73)
	at org.junit.platform.engine.support.hierarchical.NodeTestTask.executeRecursively(NodeTestTask.java:138)
	at org.junit.platform.engine.support.hierarchical.NodeTestTask.execute(NodeTestTask.java:95)
	at java.base/java.util.ArrayList.forEach(ArrayList.java:1511)
	at org.junit.platform.engine.support.hierarchical.SameThreadHierarchicalTestExecutorService.invokeAll(SameThreadHierarchicalTestExecutorService.java:41)
	at org.junit.platform.engine.support.hierarchical.NodeTestTask.lambda$executeRecursively$6(NodeTestTask.java:155)
	at org.junit.platform.engine.support.hierarchical.ThrowableCollector.execute(ThrowableCollector.java:73)
	at org.junit.platform.engine.support.hierarchical.NodeTestTask.lambda$executeRecursively$8(NodeTestTask.java:141)
	at org.junit.platform.engine.support.hierarchical.Node.around(Node.java:137)
	at org.junit.platform.engine.support.hierarchical.NodeTestTask.lambda$executeRecursively$9(NodeTestTask.java:139)
	at org.junit.platform.engine.support.hierarchical.ThrowableCollector.execute(ThrowableCollector.java:73)
	at org.junit.platform.engine.support.hierarchical.NodeTestTask.executeRecursively(NodeTestTask.java:138)
	at org.junit.platform.engine.support.hierarchical.NodeTestTask.execute(NodeTestTask.java:95)
	at org.junit.platform.engine.support.hierarchical.SameThreadHierarchicalTestExecutorService.submit(SameThreadHierarchicalTestExecutorService.java:35)
	at org.junit.platform.engine.support.hierarchical.HierarchicalTestExecutor.execute(HierarchicalTestExecutor.java:57)
	at org.junit.platform.engine.support.hierarchical.HierarchicalTestEngine.execute(HierarchicalTestEngine.java:54)
	at org.junit.platform.launcher.core.EngineExecutionOrchestrator.execute(EngineExecutionOrchestrator.java:107)
	at org.junit.platform.launcher.core.EngineExecutionOrchestrator.execute(EngineExecutionOrchestrator.java:88)
	at org.junit.platform.launcher.core.EngineExecutionOrchestrator.lambda$execute$0(EngineExecutionOrchestrator.java:54)
	at org.junit.platform.launcher.core.EngineExecutionOrchestrator.withInterceptedStreams(EngineExecutionOrchestrator.java:67)
	at org.junit.platform.launcher.core.EngineExecutionOrchestrator.execute(EngineExecutionOrchestrator.java:52)
	at org.junit.platform.launcher.core.DefaultLauncher.execute(DefaultLauncher.java:114)
	at org.junit.platform.launcher.core.DefaultLauncher.execute(DefaultLauncher.java:86)
	at org.junit.platform.launcher.core.DefaultLauncherSession$DelegatingLauncher.execute(DefaultLauncherSession.java:86)
	at org.gradle.api.internal.tasks.testing.junitplatform.JUnitPlatformTestClassProcessor$CollectAllTestClassesExecutor.processAllTestClasses(JUnitPlatformTestClassProcessor.java:110)
	at org.gradle.api.internal.tasks.testing.junitplatform.JUnitPlatformTestClassProcessor$CollectAllTestClassesExecutor.access$000(JUnitPlatformTestClassProcessor.java:90)
	at org.gradle.api.internal.tasks.testing.junitplatform.JUnitPlatformTestClassProcessor.stop(JUnitPlatformTestClassProcessor.java:85)
	at org.gradle.api.internal.tasks.testing.SuiteTestClassProcessor.stop(SuiteTestClassProcessor.java:62)
	at java.base/jdk.internal.reflect.NativeMethodAccessorImpl.invoke0(Native Method)
	at java.base/jdk.internal.reflect.NativeMethodAccessorImpl.invoke(NativeMethodAccessorImpl.java:77)
	at java.base/jdk.internal.reflect.DelegatingMethodAccessorImpl.invoke(DelegatingMethodAccessorImpl.java:43)
	at java.base/java.lang.reflect.Method.invoke(Method.java:568)
	at org.gradle.internal.dispatch.ReflectionDispatch.dispatch(ReflectionDispatch.java:36)
	at org.gradle.internal.dispatch.ReflectionDispatch.dispatch(ReflectionDispatch.java:24)
	at org.gradle.internal.dispatch.ContextClassLoaderDispatch.dispatch(ContextClassLoaderDispatch.java:33)
	at org.gradle.internal.dispatch.ProxyDispatchAdapter$DispatchingInvocationHandler.invoke(ProxyDispatchAdapter.java:94)
	at jdk.proxy2/jdk.proxy2.$Proxy5.stop(Unknown Source)
	at org.gradle.api.internal.tasks.testing.worker.TestWorker$3.run(TestWorker.java:193)
	at org.gradle.api.internal.tasks.testing.worker.TestWorker.executeAndMaintainThreadName(TestWorker.java:129)
	at org.gradle.api.internal.tasks.testing.worker.TestWorker.execute(TestWorker.java:100)
	at org.gradle.api.internal.tasks.testing.worker.TestWorker.execute(TestWorker.java:60)
	at org.gradle.process.internal.worker.child.ActionExecutionWorker.execute(ActionExecutionWorker.java:56)
	at org.gradle.process.internal.worker.child.SystemApplicationClassLoaderWorker.call(SystemApplicationClassLoaderWorker.java:113)
	at org.gradle.process.internal.worker.child.SystemApplicationClassLoaderWorker.call(SystemApplicationClassLoaderWorker.java:65)
	at worker.org.gradle.process.internal.worker.GradleWorkerMain.run(GradleWorkerMain.java:69)
	at worker.org.gradle.process.internal.worker.GradleWorkerMain.main(GradleWorkerMain.java:74)
</failure>
  </testcase>
  <testcase name="testContractModifiers()" classname="de.uka.ilkd.key.speclang.njml.NJmlTranslatorTests" time="0.001">
    <failure message="java.lang.NullPointerException: Cannot invoke &quot;de.uka.ilkd.key.java.JavaService.getProgramFactory()&quot; because &quot;this.javaService&quot; is null" type="java.lang.NullPointerException">java.lang.NullPointerException: Cannot invoke &quot;de.uka.ilkd.key.java.JavaService.getProgramFactory()&quot; because &quot;this.javaService&quot; is null
	at de.uka.ilkd.key.java.KeYProgModelInfo.isPackage(KeYProgModelInfo.java:213)
	at de.uka.ilkd.key.java.JavaInfo.isPackage(JavaInfo.java:221)
	at de.uka.ilkd.key.speclang.translation.SLExpressionResolver.trimPackageRef(SLExpressionResolver.java:43)
	at de.uka.ilkd.key.speclang.translation.SLExpressionResolver.areInSamePackage(SLExpressionResolver.java:62)
	at de.uka.ilkd.key.speclang.translation.SLExpressionResolver.isVisibleHelper(SLExpressionResolver.java:103)
	at de.uka.ilkd.key.speclang.translation.SLExpressionResolver.isVisible(SLExpressionResolver.java:114)
	at de.uka.ilkd.key.speclang.translation.SLAttributeResolver.lookupVisibleAttribute(SLAttributeResolver.java:37)
	at de.uka.ilkd.key.speclang.translation.SLAttributeResolver.doResolving(SLAttributeResolver.java:94)
	at de.uka.ilkd.key.speclang.translation.SLExpressionResolver.resolve(SLExpressionResolver.java:149)
	at de.uka.ilkd.key.speclang.translation.SLResolverManager.resolveExplicit(SLResolverManager.java:137)
	at de.uka.ilkd.key.speclang.translation.SLResolverManager.resolveImplicit(SLResolverManager.java:112)
	at de.uka.ilkd.key.speclang.translation.SLResolverManager.resolveIt(SLResolverManager.java:159)
	at de.uka.ilkd.key.speclang.translation.SLResolverManager.resolve(SLResolverManager.java:195)
	at de.uka.ilkd.key.speclang.njml.Translator.lookupIdentifier(Translator.java:924)
	at de.uka.ilkd.key.speclang.njml.Translator.visitIdent(Translator.java:882)
	at de.uka.ilkd.key.speclang.njml.JmlParser$IdentContext.accept(JmlParser.java:8637)
	at org.antlr.v4.runtime.tree.AbstractParseTreeVisitor.visitChildren(AbstractParseTreeVisitor.java:46)
	at de.uka.ilkd.key.speclang.njml.JmlParserBaseVisitor.visitPrimaryexpr(JmlParserBaseVisitor.java:724)
	at de.uka.ilkd.key.speclang.njml.JmlParser$PrimaryexprContext.accept(JmlParser.java:8399)
	at de.uka.ilkd.key.speclang.njml.Translator.accept(Translator.java:128)
	at de.uka.ilkd.key.speclang.njml.Translator.visitPostfixexpr(Translator.java:854)
	at de.uka.ilkd.key.speclang.njml.Translator.visitPostfixexpr(Translator.java:63)
	at de.uka.ilkd.key.speclang.njml.JmlParser$PostfixexprContext.accept(JmlParser.java:8315)
	at de.uka.ilkd.key.speclang.njml.Translator.accept(Translator.java:128)
	at de.uka.ilkd.key.speclang.njml.Translator.visitUnaryexprnotplusminus(Translator.java:840)
	at de.uka.ilkd.key.speclang.njml.JmlParser$UnaryexprnotplusminusContext.accept(JmlParser.java:8146)
	at de.uka.ilkd.key.speclang.njml.Translator.accept(Translator.java:128)
	at de.uka.ilkd.key.speclang.njml.Translator.oneOf(Translator.java:147)
	at de.uka.ilkd.key.speclang.njml.Translator.visitUnaryexpr(Translator.java:800)
	at de.uka.ilkd.key.speclang.njml.Translator.visitUnaryexpr(Translator.java:63)
	at de.uka.ilkd.key.speclang.njml.JmlParser$UnaryexprContext.accept(JmlParser.java:8002)
	at de.uka.ilkd.key.speclang.njml.Translator.accept(Translator.java:128)
	at de.uka.ilkd.key.speclang.njml.Translator.lambda$mapOf$0(Translator.java:133)
	at java.base/java.util.stream.ReferencePipeline$3$1.accept(ReferencePipeline.java:197)
	at java.base/java.util.ArrayList$ArrayListSpliterator.forEachRemaining(ArrayList.java:1625)
	at java.base/java.util.stream.AbstractPipeline.copyInto(AbstractPipeline.java:509)
	at java.base/java.util.stream.AbstractPipeline.wrapAndCopyInto(AbstractPipeline.java:499)
	at java.base/java.util.stream.ReduceOps$ReduceOp.evaluateSequential(ReduceOps.java:921)
	at java.base/java.util.stream.AbstractPipeline.evaluate(AbstractPipeline.java:234)
	at java.base/java.util.stream.ReferencePipeline.collect(ReferencePipeline.java:682)
	at de.uka.ilkd.key.speclang.njml.Translator.mapOf(Translator.java:133)
	at de.uka.ilkd.key.speclang.njml.Translator.visitMultexpr(Translator.java:737)
	at de.uka.ilkd.key.speclang.njml.JmlParser$MultexprContext.accept(JmlParser.java:7921)
	at de.uka.ilkd.key.speclang.njml.Translator.accept(Translator.java:128)
	at de.uka.ilkd.key.speclang.njml.Translator.lambda$mapOf$0(Translator.java:133)
	at java.base/java.util.stream.ReferencePipeline$3$1.accept(ReferencePipeline.java:197)
	at java.base/java.util.ArrayList$ArrayListSpliterator.forEachRemaining(ArrayList.java:1625)
	at java.base/java.util.stream.AbstractPipeline.copyInto(AbstractPipeline.java:509)
	at java.base/java.util.stream.AbstractPipeline.wrapAndCopyInto(AbstractPipeline.java:499)
	at java.base/java.util.stream.ReduceOps$ReduceOp.evaluateSequential(ReduceOps.java:921)
	at java.base/java.util.stream.AbstractPipeline.evaluate(AbstractPipeline.java:234)
	at java.base/java.util.stream.ReferencePipeline.collect(ReferencePipeline.java:682)
	at de.uka.ilkd.key.speclang.njml.Translator.mapOf(Translator.java:133)
	at de.uka.ilkd.key.speclang.njml.Translator.visitAdditiveexpr(Translator.java:720)
	at de.uka.ilkd.key.speclang.njml.JmlParser$AdditiveexprContext.accept(JmlParser.java:7829)
	at de.uka.ilkd.key.speclang.njml.Translator.accept(Translator.java:128)
	at de.uka.ilkd.key.speclang.njml.Translator.lambda$mapOf$0(Translator.java:133)
	at java.base/java.util.stream.ReferencePipeline$3$1.accept(ReferencePipeline.java:197)
	at java.base/java.util.ArrayList$ArrayListSpliterator.forEachRemaining(ArrayList.java:1625)
	at java.base/java.util.stream.AbstractPipeline.copyInto(AbstractPipeline.java:509)
	at java.base/java.util.stream.AbstractPipeline.wrapAndCopyInto(AbstractPipeline.java:499)
	at java.base/java.util.stream.ReduceOps$ReduceOp.evaluateSequential(ReduceOps.java:921)
	at java.base/java.util.stream.AbstractPipeline.evaluate(AbstractPipeline.java:234)
	at java.base/java.util.stream.ReferencePipeline.collect(ReferencePipeline.java:682)
	at de.uka.ilkd.key.speclang.njml.Translator.mapOf(Translator.java:133)
	at de.uka.ilkd.key.speclang.njml.Translator.visitShiftexpr(Translator.java:703)
	at de.uka.ilkd.key.speclang.njml.JmlParser$ShiftexprContext.accept(JmlParser.java:7742)
	at de.uka.ilkd.key.speclang.njml.Translator.accept(Translator.java:128)
	at de.uka.ilkd.key.speclang.njml.Translator.oneOf(Translator.java:147)
	at de.uka.ilkd.key.speclang.njml.Translator.visitRelationalexpr(Translator.java:494)
	at de.uka.ilkd.key.speclang.njml.JmlParser$RelationalexprContext.accept(JmlParser.java:7344)
	at de.uka.ilkd.key.speclang.njml.Translator.accept(Translator.java:128)
	at de.uka.ilkd.key.speclang.njml.Translator.lambda$mapOf$0(Translator.java:133)
	at java.base/java.util.stream.ReferencePipeline$3$1.accept(ReferencePipeline.java:197)
	at java.base/java.util.ArrayList$ArrayListSpliterator.forEachRemaining(ArrayList.java:1625)
	at java.base/java.util.stream.AbstractPipeline.copyInto(AbstractPipeline.java:509)
	at java.base/java.util.stream.AbstractPipeline.wrapAndCopyInto(AbstractPipeline.java:499)
	at java.base/java.util.stream.ReduceOps$ReduceOp.evaluateSequential(ReduceOps.java:921)
	at java.base/java.util.stream.AbstractPipeline.evaluate(AbstractPipeline.java:234)
	at java.base/java.util.stream.ReferencePipeline.collect(ReferencePipeline.java:682)
	at de.uka.ilkd.key.speclang.njml.Translator.mapOf(Translator.java:133)
	at de.uka.ilkd.key.speclang.njml.Translator.visitEqualityexpr(Translator.java:562)
	at de.uka.ilkd.key.speclang.njml.Translator.visitEqualityexpr(Translator.java:63)
	at de.uka.ilkd.key.speclang.njml.JmlParser$EqualityexprContext.accept(JmlParser.java:7270)
	at de.uka.ilkd.key.speclang.njml.Translator.accept(Translator.java:128)
	at de.uka.ilkd.key.speclang.njml.Translator.visitAndexpr(Translator.java:544)
	at de.uka.ilkd.key.speclang.njml.JmlParser$AndexprContext.accept(JmlParser.java:7201)
	at de.uka.ilkd.key.speclang.njml.Translator.accept(Translator.java:128)
	at de.uka.ilkd.key.speclang.njml.Translator.visitExclusiveorexpr(Translator.java:529)
	at de.uka.ilkd.key.speclang.njml.JmlParser$ExclusiveorexprContext.accept(JmlParser.java:7132)
	at de.uka.ilkd.key.speclang.njml.Translator.accept(Translator.java:128)
	at de.uka.ilkd.key.speclang.njml.Translator.visitInclusiveorexpr(Translator.java:514)
	at de.uka.ilkd.key.speclang.njml.JmlParser$InclusiveorexprContext.accept(JmlParser.java:7063)
	at de.uka.ilkd.key.speclang.njml.Translator.accept(Translator.java:128)
	at de.uka.ilkd.key.speclang.njml.Translator.visitLogicalandexpr(Translator.java:501)
	at de.uka.ilkd.key.speclang.njml.JmlParser$LogicalandexprContext.accept(JmlParser.java:6994)
	at de.uka.ilkd.key.speclang.njml.Translator.accept(Translator.java:128)
	at de.uka.ilkd.key.speclang.njml.Translator.visitLogicalorexpr(Translator.java:482)
	at de.uka.ilkd.key.speclang.njml.Translator.visitLogicalorexpr(Translator.java:63)
	at de.uka.ilkd.key.speclang.njml.JmlParser$LogicalorexprContext.accept(JmlParser.java:6925)
	at de.uka.ilkd.key.speclang.njml.Translator.accept(Translator.java:128)
	at de.uka.ilkd.key.speclang.njml.Translator.visitImpliesexpr(Translator.java:446)
	at de.uka.ilkd.key.speclang.njml.JmlParser$ImpliesexprContext.accept(JmlParser.java:6662)
	at de.uka.ilkd.key.speclang.njml.Translator.accept(Translator.java:128)
	at de.uka.ilkd.key.speclang.njml.Translator.lambda$mapOf$0(Translator.java:133)
	at java.base/java.util.stream.ReferencePipeline$3$1.accept(ReferencePipeline.java:197)
	at java.base/java.util.ArrayList$ArrayListSpliterator.forEachRemaining(ArrayList.java:1625)
	at java.base/java.util.stream.AbstractPipeline.copyInto(AbstractPipeline.java:509)
	at java.base/java.util.stream.AbstractPipeline.wrapAndCopyInto(AbstractPipeline.java:499)
	at java.base/java.util.stream.ReduceOps$ReduceOp.evaluateSequential(ReduceOps.java:921)
	at java.base/java.util.stream.AbstractPipeline.evaluate(AbstractPipeline.java:234)
	at java.base/java.util.stream.ReferencePipeline.collect(ReferencePipeline.java:682)
	at de.uka.ilkd.key.speclang.njml.Translator.mapOf(Translator.java:133)
	at de.uka.ilkd.key.speclang.njml.Translator.visitEquivalenceexpr(Translator.java:426)
	at de.uka.ilkd.key.speclang.njml.JmlParser$EquivalenceexprContext.accept(JmlParser.java:6585)
	at de.uka.ilkd.key.speclang.njml.Translator.accept(Translator.java:128)
	at de.uka.ilkd.key.speclang.njml.Translator.visitConditionalexpr(Translator.java:412)
	at de.uka.ilkd.key.speclang.njml.Translator.visitConditionalexpr(Translator.java:63)
	at de.uka.ilkd.key.speclang.njml.JmlParser$ConditionalexprContext.accept(JmlParser.java:6516)
	at de.uka.ilkd.key.speclang.njml.Translator.accept(Translator.java:128)
	at de.uka.ilkd.key.speclang.njml.Translator.visitExpression(Translator.java:402)
	at de.uka.ilkd.key.speclang.njml.Translator.visitExpression(Translator.java:63)
	at de.uka.ilkd.key.speclang.njml.JmlParser$ExpressionContext.accept(JmlParser.java:6463)
	at de.uka.ilkd.key.speclang.njml.JmlIO.interpret(JmlIO.java:178)
	at de.uka.ilkd.key.speclang.njml.JmlIO.translateTerm(JmlIO.java:188)
	at de.uka.ilkd.key.speclang.njml.JmlIO.translateTerm(JmlIO.java:201)
	at de.uka.ilkd.key.speclang.jml.translation.JMLSpecFactory.createJMLClassInvariant(JMLSpecFactory.java:957)
	at de.uka.ilkd.key.speclang.jml.JMLSpecExtractor.extractClassSpecs(JMLSpecExtractor.java:250)
	at de.uka.ilkd.key.speclang.SLEnvInput.createSpecs(SLEnvInput.java:284)
	at de.uka.ilkd.key.speclang.SLEnvInput.read(SLEnvInput.java:351)
	at de.uka.ilkd.key.proof.init.KeYUserProblemFile.read(KeYUserProblemFile.java:111)
	at de.uka.ilkd.key.proof.init.ProblemInitializer.readEnvInput(ProblemInitializer.java:323)
	at de.uka.ilkd.key.proof.init.ProblemInitializer.prepare(ProblemInitializer.java:561)
	at de.uka.ilkd.key.proof.init.ProblemInitializer.prepare(ProblemInitializer.java:471)
	at de.uka.ilkd.key.proof.init.ProblemInitializer.startProver(ProblemInitializer.java:607)
	at de.uka.ilkd.key.util.HelperClassForTests.parse(HelperClassForTests.java:78)
	at de.uka.ilkd.key.util.HelperClassForTests.parse(HelperClassForTests.java:66)
	at de.uka.ilkd.key.speclang.njml.NJmlTranslatorTests.&lt;init&gt;(NJmlTranslatorTests.java:34)
	at java.base/jdk.internal.reflect.NativeConstructorAccessorImpl.newInstance0(Native Method)
	at java.base/jdk.internal.reflect.NativeConstructorAccessorImpl.newInstance(NativeConstructorAccessorImpl.java:77)
	at java.base/jdk.internal.reflect.DelegatingConstructorAccessorImpl.newInstance(DelegatingConstructorAccessorImpl.java:45)
	at java.base/java.lang.reflect.Constructor.newInstanceWithCaller(Constructor.java:499)
	at java.base/java.lang.reflect.Constructor.newInstance(Constructor.java:480)
	at org.junit.platform.commons.util.ReflectionUtils.newInstance(ReflectionUtils.java:552)
	at org.junit.jupiter.engine.execution.ConstructorInvocation.proceed(ConstructorInvocation.java:56)
	at org.junit.jupiter.engine.execution.InvocationInterceptorChain$ValidatingInvocation.proceed(InvocationInterceptorChain.java:131)
	at org.junit.jupiter.api.extension.InvocationInterceptor.interceptTestClassConstructor(InvocationInterceptor.java:73)
	at org.junit.jupiter.engine.execution.InterceptingExecutableInvoker.lambda$invoke$0(InterceptingExecutableInvoker.java:93)
	at org.junit.jupiter.engine.execution.InvocationInterceptorChain$InterceptedInvocation.proceed(InvocationInterceptorChain.java:106)
	at org.junit.jupiter.engine.execution.InvocationInterceptorChain.proceed(InvocationInterceptorChain.java:64)
	at org.junit.jupiter.engine.execution.InvocationInterceptorChain.chainAndInvoke(InvocationInterceptorChain.java:45)
	at org.junit.jupiter.engine.execution.InvocationInterceptorChain.invoke(InvocationInterceptorChain.java:37)
	at org.junit.jupiter.engine.execution.InterceptingExecutableInvoker.invoke(InterceptingExecutableInvoker.java:92)
	at org.junit.jupiter.engine.execution.InterceptingExecutableInvoker.invoke(InterceptingExecutableInvoker.java:62)
	at org.junit.jupiter.engine.descriptor.ClassBasedTestDescriptor.invokeTestClassConstructor(ClassBasedTestDescriptor.java:363)
	at org.junit.jupiter.engine.descriptor.ClassBasedTestDescriptor.instantiateTestClass(ClassBasedTestDescriptor.java:310)
	at org.junit.jupiter.engine.descriptor.ClassTestDescriptor.instantiateTestClass(ClassTestDescriptor.java:79)
	at org.junit.jupiter.engine.descriptor.ClassBasedTestDescriptor.instantiateAndPostProcessTestInstance(ClassBasedTestDescriptor.java:286)
	at org.junit.jupiter.engine.descriptor.ClassBasedTestDescriptor.lambda$testInstancesProvider$4(ClassBasedTestDescriptor.java:278)
	at java.base/java.util.Optional.orElseGet(Optional.java:364)
	at org.junit.jupiter.engine.descriptor.ClassBasedTestDescriptor.lambda$testInstancesProvider$5(ClassBasedTestDescriptor.java:277)
	at org.junit.jupiter.engine.execution.TestInstancesProvider.getTestInstances(TestInstancesProvider.java:31)
	at org.junit.jupiter.engine.descriptor.TestMethodTestDescriptor.lambda$prepare$0(TestMethodTestDescriptor.java:105)
	at org.junit.platform.engine.support.hierarchical.ThrowableCollector.execute(ThrowableCollector.java:73)
	at org.junit.jupiter.engine.descriptor.TestMethodTestDescriptor.prepare(TestMethodTestDescriptor.java:104)
	at org.junit.jupiter.engine.descriptor.TestMethodTestDescriptor.prepare(TestMethodTestDescriptor.java:68)
	at org.junit.platform.engine.support.hierarchical.NodeTestTask.lambda$prepare$2(NodeTestTask.java:123)
	at org.junit.platform.engine.support.hierarchical.ThrowableCollector.execute(ThrowableCollector.java:73)
	at org.junit.platform.engine.support.hierarchical.NodeTestTask.prepare(NodeTestTask.java:123)
	at org.junit.platform.engine.support.hierarchical.NodeTestTask.execute(NodeTestTask.java:90)
	at java.base/java.util.ArrayList.forEach(ArrayList.java:1511)
	at org.junit.platform.engine.support.hierarchical.SameThreadHierarchicalTestExecutorService.invokeAll(SameThreadHierarchicalTestExecutorService.java:41)
	at org.junit.platform.engine.support.hierarchical.NodeTestTask.lambda$executeRecursively$6(NodeTestTask.java:155)
	at org.junit.platform.engine.support.hierarchical.ThrowableCollector.execute(ThrowableCollector.java:73)
	at org.junit.platform.engine.support.hierarchical.NodeTestTask.lambda$executeRecursively$8(NodeTestTask.java:141)
	at org.junit.platform.engine.support.hierarchical.Node.around(Node.java:137)
	at org.junit.platform.engine.support.hierarchical.NodeTestTask.lambda$executeRecursively$9(NodeTestTask.java:139)
	at org.junit.platform.engine.support.hierarchical.ThrowableCollector.execute(ThrowableCollector.java:73)
	at org.junit.platform.engine.support.hierarchical.NodeTestTask.executeRecursively(NodeTestTask.java:138)
	at org.junit.platform.engine.support.hierarchical.NodeTestTask.execute(NodeTestTask.java:95)
	at java.base/java.util.ArrayList.forEach(ArrayList.java:1511)
	at org.junit.platform.engine.support.hierarchical.SameThreadHierarchicalTestExecutorService.invokeAll(SameThreadHierarchicalTestExecutorService.java:41)
	at org.junit.platform.engine.support.hierarchical.NodeTestTask.lambda$executeRecursively$6(NodeTestTask.java:155)
	at org.junit.platform.engine.support.hierarchical.ThrowableCollector.execute(ThrowableCollector.java:73)
	at org.junit.platform.engine.support.hierarchical.NodeTestTask.lambda$executeRecursively$8(NodeTestTask.java:141)
	at org.junit.platform.engine.support.hierarchical.Node.around(Node.java:137)
	at org.junit.platform.engine.support.hierarchical.NodeTestTask.lambda$executeRecursively$9(NodeTestTask.java:139)
	at org.junit.platform.engine.support.hierarchical.ThrowableCollector.execute(ThrowableCollector.java:73)
	at org.junit.platform.engine.support.hierarchical.NodeTestTask.executeRecursively(NodeTestTask.java:138)
	at org.junit.platform.engine.support.hierarchical.NodeTestTask.execute(NodeTestTask.java:95)
	at org.junit.platform.engine.support.hierarchical.SameThreadHierarchicalTestExecutorService.submit(SameThreadHierarchicalTestExecutorService.java:35)
	at org.junit.platform.engine.support.hierarchical.HierarchicalTestExecutor.execute(HierarchicalTestExecutor.java:57)
	at org.junit.platform.engine.support.hierarchical.HierarchicalTestEngine.execute(HierarchicalTestEngine.java:54)
	at org.junit.platform.launcher.core.EngineExecutionOrchestrator.execute(EngineExecutionOrchestrator.java:107)
	at org.junit.platform.launcher.core.EngineExecutionOrchestrator.execute(EngineExecutionOrchestrator.java:88)
	at org.junit.platform.launcher.core.EngineExecutionOrchestrator.lambda$execute$0(EngineExecutionOrchestrator.java:54)
	at org.junit.platform.launcher.core.EngineExecutionOrchestrator.withInterceptedStreams(EngineExecutionOrchestrator.java:67)
	at org.junit.platform.launcher.core.EngineExecutionOrchestrator.execute(EngineExecutionOrchestrator.java:52)
	at org.junit.platform.launcher.core.DefaultLauncher.execute(DefaultLauncher.java:114)
	at org.junit.platform.launcher.core.DefaultLauncher.execute(DefaultLauncher.java:86)
	at org.junit.platform.launcher.core.DefaultLauncherSession$DelegatingLauncher.execute(DefaultLauncherSession.java:86)
	at org.gradle.api.internal.tasks.testing.junitplatform.JUnitPlatformTestClassProcessor$CollectAllTestClassesExecutor.processAllTestClasses(JUnitPlatformTestClassProcessor.java:110)
	at org.gradle.api.internal.tasks.testing.junitplatform.JUnitPlatformTestClassProcessor$CollectAllTestClassesExecutor.access$000(JUnitPlatformTestClassProcessor.java:90)
	at org.gradle.api.internal.tasks.testing.junitplatform.JUnitPlatformTestClassProcessor.stop(JUnitPlatformTestClassProcessor.java:85)
	at org.gradle.api.internal.tasks.testing.SuiteTestClassProcessor.stop(SuiteTestClassProcessor.java:62)
	at java.base/jdk.internal.reflect.NativeMethodAccessorImpl.invoke0(Native Method)
	at java.base/jdk.internal.reflect.NativeMethodAccessorImpl.invoke(NativeMethodAccessorImpl.java:77)
	at java.base/jdk.internal.reflect.DelegatingMethodAccessorImpl.invoke(DelegatingMethodAccessorImpl.java:43)
	at java.base/java.lang.reflect.Method.invoke(Method.java:568)
	at org.gradle.internal.dispatch.ReflectionDispatch.dispatch(ReflectionDispatch.java:36)
	at org.gradle.internal.dispatch.ReflectionDispatch.dispatch(ReflectionDispatch.java:24)
	at org.gradle.internal.dispatch.ContextClassLoaderDispatch.dispatch(ContextClassLoaderDispatch.java:33)
	at org.gradle.internal.dispatch.ProxyDispatchAdapter$DispatchingInvocationHandler.invoke(ProxyDispatchAdapter.java:94)
	at jdk.proxy2/jdk.proxy2.$Proxy5.stop(Unknown Source)
	at org.gradle.api.internal.tasks.testing.worker.TestWorker$3.run(TestWorker.java:193)
	at org.gradle.api.internal.tasks.testing.worker.TestWorker.executeAndMaintainThreadName(TestWorker.java:129)
	at org.gradle.api.internal.tasks.testing.worker.TestWorker.execute(TestWorker.java:100)
	at org.gradle.api.internal.tasks.testing.worker.TestWorker.execute(TestWorker.java:60)
	at org.gradle.process.internal.worker.child.ActionExecutionWorker.execute(ActionExecutionWorker.java:56)
	at org.gradle.process.internal.worker.child.SystemApplicationClassLoaderWorker.call(SystemApplicationClassLoaderWorker.java:113)
	at org.gradle.process.internal.worker.child.SystemApplicationClassLoaderWorker.call(SystemApplicationClassLoaderWorker.java:65)
	at worker.org.gradle.process.internal.worker.GradleWorkerMain.run(GradleWorkerMain.java:69)
	at worker.org.gradle.process.internal.worker.GradleWorkerMain.main(GradleWorkerMain.java:74)
</failure>
  </testcase>
  <testcase name="testContractModifiersMultipleAlso()" classname="de.uka.ilkd.key.speclang.njml.NJmlTranslatorTests" time="0.02">
    <failure message="java.lang.NullPointerException: Cannot invoke &quot;de.uka.ilkd.key.java.JavaService.getProgramFactory()&quot; because &quot;this.javaService&quot; is null" type="java.lang.NullPointerException">java.lang.NullPointerException: Cannot invoke &quot;de.uka.ilkd.key.java.JavaService.getProgramFactory()&quot; because &quot;this.javaService&quot; is null
	at de.uka.ilkd.key.java.KeYProgModelInfo.isPackage(KeYProgModelInfo.java:213)
	at de.uka.ilkd.key.java.JavaInfo.isPackage(JavaInfo.java:221)
	at de.uka.ilkd.key.speclang.translation.SLExpressionResolver.trimPackageRef(SLExpressionResolver.java:43)
	at de.uka.ilkd.key.speclang.translation.SLExpressionResolver.areInSamePackage(SLExpressionResolver.java:62)
	at de.uka.ilkd.key.speclang.translation.SLExpressionResolver.isVisibleHelper(SLExpressionResolver.java:103)
	at de.uka.ilkd.key.speclang.translation.SLExpressionResolver.isVisible(SLExpressionResolver.java:114)
	at de.uka.ilkd.key.speclang.translation.SLAttributeResolver.lookupVisibleAttribute(SLAttributeResolver.java:37)
	at de.uka.ilkd.key.speclang.translation.SLAttributeResolver.doResolving(SLAttributeResolver.java:94)
	at de.uka.ilkd.key.speclang.translation.SLExpressionResolver.resolve(SLExpressionResolver.java:149)
	at de.uka.ilkd.key.speclang.translation.SLResolverManager.resolveExplicit(SLResolverManager.java:137)
	at de.uka.ilkd.key.speclang.translation.SLResolverManager.resolveImplicit(SLResolverManager.java:112)
	at de.uka.ilkd.key.speclang.translation.SLResolverManager.resolveIt(SLResolverManager.java:159)
	at de.uka.ilkd.key.speclang.translation.SLResolverManager.resolve(SLResolverManager.java:195)
	at de.uka.ilkd.key.speclang.njml.Translator.lookupIdentifier(Translator.java:924)
	at de.uka.ilkd.key.speclang.njml.Translator.visitIdent(Translator.java:882)
	at de.uka.ilkd.key.speclang.njml.JmlParser$IdentContext.accept(JmlParser.java:8637)
	at org.antlr.v4.runtime.tree.AbstractParseTreeVisitor.visitChildren(AbstractParseTreeVisitor.java:46)
	at de.uka.ilkd.key.speclang.njml.JmlParserBaseVisitor.visitPrimaryexpr(JmlParserBaseVisitor.java:724)
	at de.uka.ilkd.key.speclang.njml.JmlParser$PrimaryexprContext.accept(JmlParser.java:8399)
	at de.uka.ilkd.key.speclang.njml.Translator.accept(Translator.java:128)
	at de.uka.ilkd.key.speclang.njml.Translator.visitPostfixexpr(Translator.java:854)
	at de.uka.ilkd.key.speclang.njml.Translator.visitPostfixexpr(Translator.java:63)
	at de.uka.ilkd.key.speclang.njml.JmlParser$PostfixexprContext.accept(JmlParser.java:8315)
	at de.uka.ilkd.key.speclang.njml.Translator.accept(Translator.java:128)
	at de.uka.ilkd.key.speclang.njml.Translator.visitUnaryexprnotplusminus(Translator.java:840)
	at de.uka.ilkd.key.speclang.njml.JmlParser$UnaryexprnotplusminusContext.accept(JmlParser.java:8146)
	at de.uka.ilkd.key.speclang.njml.Translator.accept(Translator.java:128)
	at de.uka.ilkd.key.speclang.njml.Translator.oneOf(Translator.java:147)
	at de.uka.ilkd.key.speclang.njml.Translator.visitUnaryexpr(Translator.java:800)
	at de.uka.ilkd.key.speclang.njml.Translator.visitUnaryexpr(Translator.java:63)
	at de.uka.ilkd.key.speclang.njml.JmlParser$UnaryexprContext.accept(JmlParser.java:8002)
	at de.uka.ilkd.key.speclang.njml.Translator.accept(Translator.java:128)
	at de.uka.ilkd.key.speclang.njml.Translator.lambda$mapOf$0(Translator.java:133)
	at java.base/java.util.stream.ReferencePipeline$3$1.accept(ReferencePipeline.java:197)
	at java.base/java.util.ArrayList$ArrayListSpliterator.forEachRemaining(ArrayList.java:1625)
	at java.base/java.util.stream.AbstractPipeline.copyInto(AbstractPipeline.java:509)
	at java.base/java.util.stream.AbstractPipeline.wrapAndCopyInto(AbstractPipeline.java:499)
	at java.base/java.util.stream.ReduceOps$ReduceOp.evaluateSequential(ReduceOps.java:921)
	at java.base/java.util.stream.AbstractPipeline.evaluate(AbstractPipeline.java:234)
	at java.base/java.util.stream.ReferencePipeline.collect(ReferencePipeline.java:682)
	at de.uka.ilkd.key.speclang.njml.Translator.mapOf(Translator.java:133)
	at de.uka.ilkd.key.speclang.njml.Translator.visitMultexpr(Translator.java:737)
	at de.uka.ilkd.key.speclang.njml.JmlParser$MultexprContext.accept(JmlParser.java:7921)
	at de.uka.ilkd.key.speclang.njml.Translator.accept(Translator.java:128)
	at de.uka.ilkd.key.speclang.njml.Translator.lambda$mapOf$0(Translator.java:133)
	at java.base/java.util.stream.ReferencePipeline$3$1.accept(ReferencePipeline.java:197)
	at java.base/java.util.ArrayList$ArrayListSpliterator.forEachRemaining(ArrayList.java:1625)
	at java.base/java.util.stream.AbstractPipeline.copyInto(AbstractPipeline.java:509)
	at java.base/java.util.stream.AbstractPipeline.wrapAndCopyInto(AbstractPipeline.java:499)
	at java.base/java.util.stream.ReduceOps$ReduceOp.evaluateSequential(ReduceOps.java:921)
	at java.base/java.util.stream.AbstractPipeline.evaluate(AbstractPipeline.java:234)
	at java.base/java.util.stream.ReferencePipeline.collect(ReferencePipeline.java:682)
	at de.uka.ilkd.key.speclang.njml.Translator.mapOf(Translator.java:133)
	at de.uka.ilkd.key.speclang.njml.Translator.visitAdditiveexpr(Translator.java:720)
	at de.uka.ilkd.key.speclang.njml.JmlParser$AdditiveexprContext.accept(JmlParser.java:7829)
	at de.uka.ilkd.key.speclang.njml.Translator.accept(Translator.java:128)
	at de.uka.ilkd.key.speclang.njml.Translator.lambda$mapOf$0(Translator.java:133)
	at java.base/java.util.stream.ReferencePipeline$3$1.accept(ReferencePipeline.java:197)
	at java.base/java.util.ArrayList$ArrayListSpliterator.forEachRemaining(ArrayList.java:1625)
	at java.base/java.util.stream.AbstractPipeline.copyInto(AbstractPipeline.java:509)
	at java.base/java.util.stream.AbstractPipeline.wrapAndCopyInto(AbstractPipeline.java:499)
	at java.base/java.util.stream.ReduceOps$ReduceOp.evaluateSequential(ReduceOps.java:921)
	at java.base/java.util.stream.AbstractPipeline.evaluate(AbstractPipeline.java:234)
	at java.base/java.util.stream.ReferencePipeline.collect(ReferencePipeline.java:682)
	at de.uka.ilkd.key.speclang.njml.Translator.mapOf(Translator.java:133)
	at de.uka.ilkd.key.speclang.njml.Translator.visitShiftexpr(Translator.java:703)
	at de.uka.ilkd.key.speclang.njml.JmlParser$ShiftexprContext.accept(JmlParser.java:7742)
	at de.uka.ilkd.key.speclang.njml.Translator.accept(Translator.java:128)
	at de.uka.ilkd.key.speclang.njml.Translator.oneOf(Translator.java:147)
	at de.uka.ilkd.key.speclang.njml.Translator.visitRelationalexpr(Translator.java:494)
	at de.uka.ilkd.key.speclang.njml.JmlParser$RelationalexprContext.accept(JmlParser.java:7344)
	at de.uka.ilkd.key.speclang.njml.Translator.accept(Translator.java:128)
	at de.uka.ilkd.key.speclang.njml.Translator.lambda$mapOf$0(Translator.java:133)
	at java.base/java.util.stream.ReferencePipeline$3$1.accept(ReferencePipeline.java:197)
	at java.base/java.util.ArrayList$ArrayListSpliterator.forEachRemaining(ArrayList.java:1625)
	at java.base/java.util.stream.AbstractPipeline.copyInto(AbstractPipeline.java:509)
	at java.base/java.util.stream.AbstractPipeline.wrapAndCopyInto(AbstractPipeline.java:499)
	at java.base/java.util.stream.ReduceOps$ReduceOp.evaluateSequential(ReduceOps.java:921)
	at java.base/java.util.stream.AbstractPipeline.evaluate(AbstractPipeline.java:234)
	at java.base/java.util.stream.ReferencePipeline.collect(ReferencePipeline.java:682)
	at de.uka.ilkd.key.speclang.njml.Translator.mapOf(Translator.java:133)
	at de.uka.ilkd.key.speclang.njml.Translator.visitEqualityexpr(Translator.java:562)
	at de.uka.ilkd.key.speclang.njml.Translator.visitEqualityexpr(Translator.java:63)
	at de.uka.ilkd.key.speclang.njml.JmlParser$EqualityexprContext.accept(JmlParser.java:7270)
	at de.uka.ilkd.key.speclang.njml.Translator.accept(Translator.java:128)
	at de.uka.ilkd.key.speclang.njml.Translator.visitAndexpr(Translator.java:544)
	at de.uka.ilkd.key.speclang.njml.JmlParser$AndexprContext.accept(JmlParser.java:7201)
	at de.uka.ilkd.key.speclang.njml.Translator.accept(Translator.java:128)
	at de.uka.ilkd.key.speclang.njml.Translator.visitExclusiveorexpr(Translator.java:529)
	at de.uka.ilkd.key.speclang.njml.JmlParser$ExclusiveorexprContext.accept(JmlParser.java:7132)
	at de.uka.ilkd.key.speclang.njml.Translator.accept(Translator.java:128)
	at de.uka.ilkd.key.speclang.njml.Translator.visitInclusiveorexpr(Translator.java:514)
	at de.uka.ilkd.key.speclang.njml.JmlParser$InclusiveorexprContext.accept(JmlParser.java:7063)
	at de.uka.ilkd.key.speclang.njml.Translator.accept(Translator.java:128)
	at de.uka.ilkd.key.speclang.njml.Translator.visitLogicalandexpr(Translator.java:501)
	at de.uka.ilkd.key.speclang.njml.JmlParser$LogicalandexprContext.accept(JmlParser.java:6994)
	at de.uka.ilkd.key.speclang.njml.Translator.accept(Translator.java:128)
	at de.uka.ilkd.key.speclang.njml.Translator.visitLogicalorexpr(Translator.java:482)
	at de.uka.ilkd.key.speclang.njml.Translator.visitLogicalorexpr(Translator.java:63)
	at de.uka.ilkd.key.speclang.njml.JmlParser$LogicalorexprContext.accept(JmlParser.java:6925)
	at de.uka.ilkd.key.speclang.njml.Translator.accept(Translator.java:128)
	at de.uka.ilkd.key.speclang.njml.Translator.visitImpliesexpr(Translator.java:446)
	at de.uka.ilkd.key.speclang.njml.JmlParser$ImpliesexprContext.accept(JmlParser.java:6662)
	at de.uka.ilkd.key.speclang.njml.Translator.accept(Translator.java:128)
	at de.uka.ilkd.key.speclang.njml.Translator.lambda$mapOf$0(Translator.java:133)
	at java.base/java.util.stream.ReferencePipeline$3$1.accept(ReferencePipeline.java:197)
	at java.base/java.util.ArrayList$ArrayListSpliterator.forEachRemaining(ArrayList.java:1625)
	at java.base/java.util.stream.AbstractPipeline.copyInto(AbstractPipeline.java:509)
	at java.base/java.util.stream.AbstractPipeline.wrapAndCopyInto(AbstractPipeline.java:499)
	at java.base/java.util.stream.ReduceOps$ReduceOp.evaluateSequential(ReduceOps.java:921)
	at java.base/java.util.stream.AbstractPipeline.evaluate(AbstractPipeline.java:234)
	at java.base/java.util.stream.ReferencePipeline.collect(ReferencePipeline.java:682)
	at de.uka.ilkd.key.speclang.njml.Translator.mapOf(Translator.java:133)
	at de.uka.ilkd.key.speclang.njml.Translator.visitEquivalenceexpr(Translator.java:426)
	at de.uka.ilkd.key.speclang.njml.JmlParser$EquivalenceexprContext.accept(JmlParser.java:6585)
	at de.uka.ilkd.key.speclang.njml.Translator.accept(Translator.java:128)
	at de.uka.ilkd.key.speclang.njml.Translator.visitConditionalexpr(Translator.java:412)
	at de.uka.ilkd.key.speclang.njml.Translator.visitConditionalexpr(Translator.java:63)
	at de.uka.ilkd.key.speclang.njml.JmlParser$ConditionalexprContext.accept(JmlParser.java:6516)
	at de.uka.ilkd.key.speclang.njml.Translator.accept(Translator.java:128)
	at de.uka.ilkd.key.speclang.njml.Translator.visitExpression(Translator.java:402)
	at de.uka.ilkd.key.speclang.njml.Translator.visitExpression(Translator.java:63)
	at de.uka.ilkd.key.speclang.njml.JmlParser$ExpressionContext.accept(JmlParser.java:6463)
	at de.uka.ilkd.key.speclang.njml.JmlIO.interpret(JmlIO.java:178)
	at de.uka.ilkd.key.speclang.njml.JmlIO.translateTerm(JmlIO.java:188)
	at de.uka.ilkd.key.speclang.njml.JmlIO.translateTerm(JmlIO.java:201)
	at de.uka.ilkd.key.speclang.jml.translation.JMLSpecFactory.createJMLClassInvariant(JMLSpecFactory.java:957)
	at de.uka.ilkd.key.speclang.jml.JMLSpecExtractor.extractClassSpecs(JMLSpecExtractor.java:250)
	at de.uka.ilkd.key.speclang.SLEnvInput.createSpecs(SLEnvInput.java:284)
	at de.uka.ilkd.key.speclang.SLEnvInput.read(SLEnvInput.java:351)
	at de.uka.ilkd.key.proof.init.KeYUserProblemFile.read(KeYUserProblemFile.java:111)
	at de.uka.ilkd.key.proof.init.ProblemInitializer.readEnvInput(ProblemInitializer.java:323)
	at de.uka.ilkd.key.proof.init.ProblemInitializer.prepare(ProblemInitializer.java:561)
	at de.uka.ilkd.key.proof.init.ProblemInitializer.prepare(ProblemInitializer.java:471)
	at de.uka.ilkd.key.proof.init.ProblemInitializer.startProver(ProblemInitializer.java:607)
	at de.uka.ilkd.key.util.HelperClassForTests.parse(HelperClassForTests.java:78)
	at de.uka.ilkd.key.util.HelperClassForTests.parse(HelperClassForTests.java:66)
	at de.uka.ilkd.key.speclang.njml.NJmlTranslatorTests.&lt;init&gt;(NJmlTranslatorTests.java:34)
	at java.base/jdk.internal.reflect.NativeConstructorAccessorImpl.newInstance0(Native Method)
	at java.base/jdk.internal.reflect.NativeConstructorAccessorImpl.newInstance(NativeConstructorAccessorImpl.java:77)
	at java.base/jdk.internal.reflect.DelegatingConstructorAccessorImpl.newInstance(DelegatingConstructorAccessorImpl.java:45)
	at java.base/java.lang.reflect.Constructor.newInstanceWithCaller(Constructor.java:499)
	at java.base/java.lang.reflect.Constructor.newInstance(Constructor.java:480)
	at org.junit.platform.commons.util.ReflectionUtils.newInstance(ReflectionUtils.java:552)
	at org.junit.jupiter.engine.execution.ConstructorInvocation.proceed(ConstructorInvocation.java:56)
	at org.junit.jupiter.engine.execution.InvocationInterceptorChain$ValidatingInvocation.proceed(InvocationInterceptorChain.java:131)
	at org.junit.jupiter.api.extension.InvocationInterceptor.interceptTestClassConstructor(InvocationInterceptor.java:73)
	at org.junit.jupiter.engine.execution.InterceptingExecutableInvoker.lambda$invoke$0(InterceptingExecutableInvoker.java:93)
	at org.junit.jupiter.engine.execution.InvocationInterceptorChain$InterceptedInvocation.proceed(InvocationInterceptorChain.java:106)
	at org.junit.jupiter.engine.execution.InvocationInterceptorChain.proceed(InvocationInterceptorChain.java:64)
	at org.junit.jupiter.engine.execution.InvocationInterceptorChain.chainAndInvoke(InvocationInterceptorChain.java:45)
	at org.junit.jupiter.engine.execution.InvocationInterceptorChain.invoke(InvocationInterceptorChain.java:37)
	at org.junit.jupiter.engine.execution.InterceptingExecutableInvoker.invoke(InterceptingExecutableInvoker.java:92)
	at org.junit.jupiter.engine.execution.InterceptingExecutableInvoker.invoke(InterceptingExecutableInvoker.java:62)
	at org.junit.jupiter.engine.descriptor.ClassBasedTestDescriptor.invokeTestClassConstructor(ClassBasedTestDescriptor.java:363)
	at org.junit.jupiter.engine.descriptor.ClassBasedTestDescriptor.instantiateTestClass(ClassBasedTestDescriptor.java:310)
	at org.junit.jupiter.engine.descriptor.ClassTestDescriptor.instantiateTestClass(ClassTestDescriptor.java:79)
	at org.junit.jupiter.engine.descriptor.ClassBasedTestDescriptor.instantiateAndPostProcessTestInstance(ClassBasedTestDescriptor.java:286)
	at org.junit.jupiter.engine.descriptor.ClassBasedTestDescriptor.lambda$testInstancesProvider$4(ClassBasedTestDescriptor.java:278)
	at java.base/java.util.Optional.orElseGet(Optional.java:364)
	at org.junit.jupiter.engine.descriptor.ClassBasedTestDescriptor.lambda$testInstancesProvider$5(ClassBasedTestDescriptor.java:277)
	at org.junit.jupiter.engine.execution.TestInstancesProvider.getTestInstances(TestInstancesProvider.java:31)
	at org.junit.jupiter.engine.descriptor.TestMethodTestDescriptor.lambda$prepare$0(TestMethodTestDescriptor.java:105)
	at org.junit.platform.engine.support.hierarchical.ThrowableCollector.execute(ThrowableCollector.java:73)
	at org.junit.jupiter.engine.descriptor.TestMethodTestDescriptor.prepare(TestMethodTestDescriptor.java:104)
	at org.junit.jupiter.engine.descriptor.TestMethodTestDescriptor.prepare(TestMethodTestDescriptor.java:68)
	at org.junit.platform.engine.support.hierarchical.NodeTestTask.lambda$prepare$2(NodeTestTask.java:123)
	at org.junit.platform.engine.support.hierarchical.ThrowableCollector.execute(ThrowableCollector.java:73)
	at org.junit.platform.engine.support.hierarchical.NodeTestTask.prepare(NodeTestTask.java:123)
	at org.junit.platform.engine.support.hierarchical.NodeTestTask.execute(NodeTestTask.java:90)
	at java.base/java.util.ArrayList.forEach(ArrayList.java:1511)
	at org.junit.platform.engine.support.hierarchical.SameThreadHierarchicalTestExecutorService.invokeAll(SameThreadHierarchicalTestExecutorService.java:41)
	at org.junit.platform.engine.support.hierarchical.NodeTestTask.lambda$executeRecursively$6(NodeTestTask.java:155)
	at org.junit.platform.engine.support.hierarchical.ThrowableCollector.execute(ThrowableCollector.java:73)
	at org.junit.platform.engine.support.hierarchical.NodeTestTask.lambda$executeRecursively$8(NodeTestTask.java:141)
	at org.junit.platform.engine.support.hierarchical.Node.around(Node.java:137)
	at org.junit.platform.engine.support.hierarchical.NodeTestTask.lambda$executeRecursively$9(NodeTestTask.java:139)
	at org.junit.platform.engine.support.hierarchical.ThrowableCollector.execute(ThrowableCollector.java:73)
	at org.junit.platform.engine.support.hierarchical.NodeTestTask.executeRecursively(NodeTestTask.java:138)
	at org.junit.platform.engine.support.hierarchical.NodeTestTask.execute(NodeTestTask.java:95)
	at java.base/java.util.ArrayList.forEach(ArrayList.java:1511)
	at org.junit.platform.engine.support.hierarchical.SameThreadHierarchicalTestExecutorService.invokeAll(SameThreadHierarchicalTestExecutorService.java:41)
	at org.junit.platform.engine.support.hierarchical.NodeTestTask.lambda$executeRecursively$6(NodeTestTask.java:155)
	at org.junit.platform.engine.support.hierarchical.ThrowableCollector.execute(ThrowableCollector.java:73)
	at org.junit.platform.engine.support.hierarchical.NodeTestTask.lambda$executeRecursively$8(NodeTestTask.java:141)
	at org.junit.platform.engine.support.hierarchical.Node.around(Node.java:137)
	at org.junit.platform.engine.support.hierarchical.NodeTestTask.lambda$executeRecursively$9(NodeTestTask.java:139)
	at org.junit.platform.engine.support.hierarchical.ThrowableCollector.execute(ThrowableCollector.java:73)
	at org.junit.platform.engine.support.hierarchical.NodeTestTask.executeRecursively(NodeTestTask.java:138)
	at org.junit.platform.engine.support.hierarchical.NodeTestTask.execute(NodeTestTask.java:95)
	at org.junit.platform.engine.support.hierarchical.SameThreadHierarchicalTestExecutorService.submit(SameThreadHierarchicalTestExecutorService.java:35)
	at org.junit.platform.engine.support.hierarchical.HierarchicalTestExecutor.execute(HierarchicalTestExecutor.java:57)
	at org.junit.platform.engine.support.hierarchical.HierarchicalTestEngine.execute(HierarchicalTestEngine.java:54)
	at org.junit.platform.launcher.core.EngineExecutionOrchestrator.execute(EngineExecutionOrchestrator.java:107)
	at org.junit.platform.launcher.core.EngineExecutionOrchestrator.execute(EngineExecutionOrchestrator.java:88)
	at org.junit.platform.launcher.core.EngineExecutionOrchestrator.lambda$execute$0(EngineExecutionOrchestrator.java:54)
	at org.junit.platform.launcher.core.EngineExecutionOrchestrator.withInterceptedStreams(EngineExecutionOrchestrator.java:67)
	at org.junit.platform.launcher.core.EngineExecutionOrchestrator.execute(EngineExecutionOrchestrator.java:52)
	at org.junit.platform.launcher.core.DefaultLauncher.execute(DefaultLauncher.java:114)
	at org.junit.platform.launcher.core.DefaultLauncher.execute(DefaultLauncher.java:86)
	at org.junit.platform.launcher.core.DefaultLauncherSession$DelegatingLauncher.execute(DefaultLauncherSession.java:86)
	at org.gradle.api.internal.tasks.testing.junitplatform.JUnitPlatformTestClassProcessor$CollectAllTestClassesExecutor.processAllTestClasses(JUnitPlatformTestClassProcessor.java:110)
	at org.gradle.api.internal.tasks.testing.junitplatform.JUnitPlatformTestClassProcessor$CollectAllTestClassesExecutor.access$000(JUnitPlatformTestClassProcessor.java:90)
	at org.gradle.api.internal.tasks.testing.junitplatform.JUnitPlatformTestClassProcessor.stop(JUnitPlatformTestClassProcessor.java:85)
	at org.gradle.api.internal.tasks.testing.SuiteTestClassProcessor.stop(SuiteTestClassProcessor.java:62)
	at java.base/jdk.internal.reflect.NativeMethodAccessorImpl.invoke0(Native Method)
	at java.base/jdk.internal.reflect.NativeMethodAccessorImpl.invoke(NativeMethodAccessorImpl.java:77)
	at java.base/jdk.internal.reflect.DelegatingMethodAccessorImpl.invoke(DelegatingMethodAccessorImpl.java:43)
	at java.base/java.lang.reflect.Method.invoke(Method.java:568)
	at org.gradle.internal.dispatch.ReflectionDispatch.dispatch(ReflectionDispatch.java:36)
	at org.gradle.internal.dispatch.ReflectionDispatch.dispatch(ReflectionDispatch.java:24)
	at org.gradle.internal.dispatch.ContextClassLoaderDispatch.dispatch(ContextClassLoaderDispatch.java:33)
	at org.gradle.internal.dispatch.ProxyDispatchAdapter$DispatchingInvocationHandler.invoke(ProxyDispatchAdapter.java:94)
	at jdk.proxy2/jdk.proxy2.$Proxy5.stop(Unknown Source)
	at org.gradle.api.internal.tasks.testing.worker.TestWorker$3.run(TestWorker.java:193)
	at org.gradle.api.internal.tasks.testing.worker.TestWorker.executeAndMaintainThreadName(TestWorker.java:129)
	at org.gradle.api.internal.tasks.testing.worker.TestWorker.execute(TestWorker.java:100)
	at org.gradle.api.internal.tasks.testing.worker.TestWorker.execute(TestWorker.java:60)
	at org.gradle.process.internal.worker.child.ActionExecutionWorker.execute(ActionExecutionWorker.java:56)
	at org.gradle.process.internal.worker.child.SystemApplicationClassLoaderWorker.call(SystemApplicationClassLoaderWorker.java:113)
	at org.gradle.process.internal.worker.child.SystemApplicationClassLoaderWorker.call(SystemApplicationClassLoaderWorker.java:65)
	at worker.org.gradle.process.internal.worker.GradleWorkerMain.run(GradleWorkerMain.java:69)
	at worker.org.gradle.process.internal.worker.GradleWorkerMain.main(GradleWorkerMain.java:74)
</failure>
  </testcase>
  <testcase name="testContractModifiersMultiple()" classname="de.uka.ilkd.key.speclang.njml.NJmlTranslatorTests" time="0.0">
    <failure message="java.lang.NullPointerException: Cannot invoke &quot;de.uka.ilkd.key.java.JavaService.getProgramFactory()&quot; because &quot;this.javaService&quot; is null" type="java.lang.NullPointerException">java.lang.NullPointerException: Cannot invoke &quot;de.uka.ilkd.key.java.JavaService.getProgramFactory()&quot; because &quot;this.javaService&quot; is null
	at de.uka.ilkd.key.java.KeYProgModelInfo.isPackage(KeYProgModelInfo.java:213)
	at de.uka.ilkd.key.java.JavaInfo.isPackage(JavaInfo.java:221)
	at de.uka.ilkd.key.speclang.translation.SLExpressionResolver.trimPackageRef(SLExpressionResolver.java:43)
	at de.uka.ilkd.key.speclang.translation.SLExpressionResolver.areInSamePackage(SLExpressionResolver.java:62)
	at de.uka.ilkd.key.speclang.translation.SLExpressionResolver.isVisibleHelper(SLExpressionResolver.java:103)
	at de.uka.ilkd.key.speclang.translation.SLExpressionResolver.isVisible(SLExpressionResolver.java:114)
	at de.uka.ilkd.key.speclang.translation.SLAttributeResolver.lookupVisibleAttribute(SLAttributeResolver.java:37)
	at de.uka.ilkd.key.speclang.translation.SLAttributeResolver.doResolving(SLAttributeResolver.java:94)
	at de.uka.ilkd.key.speclang.translation.SLExpressionResolver.resolve(SLExpressionResolver.java:149)
	at de.uka.ilkd.key.speclang.translation.SLResolverManager.resolveExplicit(SLResolverManager.java:137)
	at de.uka.ilkd.key.speclang.translation.SLResolverManager.resolveImplicit(SLResolverManager.java:112)
	at de.uka.ilkd.key.speclang.translation.SLResolverManager.resolveIt(SLResolverManager.java:159)
	at de.uka.ilkd.key.speclang.translation.SLResolverManager.resolve(SLResolverManager.java:195)
	at de.uka.ilkd.key.speclang.njml.Translator.lookupIdentifier(Translator.java:924)
	at de.uka.ilkd.key.speclang.njml.Translator.visitIdent(Translator.java:882)
	at de.uka.ilkd.key.speclang.njml.JmlParser$IdentContext.accept(JmlParser.java:8637)
	at org.antlr.v4.runtime.tree.AbstractParseTreeVisitor.visitChildren(AbstractParseTreeVisitor.java:46)
	at de.uka.ilkd.key.speclang.njml.JmlParserBaseVisitor.visitPrimaryexpr(JmlParserBaseVisitor.java:724)
	at de.uka.ilkd.key.speclang.njml.JmlParser$PrimaryexprContext.accept(JmlParser.java:8399)
	at de.uka.ilkd.key.speclang.njml.Translator.accept(Translator.java:128)
	at de.uka.ilkd.key.speclang.njml.Translator.visitPostfixexpr(Translator.java:854)
	at de.uka.ilkd.key.speclang.njml.Translator.visitPostfixexpr(Translator.java:63)
	at de.uka.ilkd.key.speclang.njml.JmlParser$PostfixexprContext.accept(JmlParser.java:8315)
	at de.uka.ilkd.key.speclang.njml.Translator.accept(Translator.java:128)
	at de.uka.ilkd.key.speclang.njml.Translator.visitUnaryexprnotplusminus(Translator.java:840)
	at de.uka.ilkd.key.speclang.njml.JmlParser$UnaryexprnotplusminusContext.accept(JmlParser.java:8146)
	at de.uka.ilkd.key.speclang.njml.Translator.accept(Translator.java:128)
	at de.uka.ilkd.key.speclang.njml.Translator.oneOf(Translator.java:147)
	at de.uka.ilkd.key.speclang.njml.Translator.visitUnaryexpr(Translator.java:800)
	at de.uka.ilkd.key.speclang.njml.Translator.visitUnaryexpr(Translator.java:63)
	at de.uka.ilkd.key.speclang.njml.JmlParser$UnaryexprContext.accept(JmlParser.java:8002)
	at de.uka.ilkd.key.speclang.njml.Translator.accept(Translator.java:128)
	at de.uka.ilkd.key.speclang.njml.Translator.lambda$mapOf$0(Translator.java:133)
	at java.base/java.util.stream.ReferencePipeline$3$1.accept(ReferencePipeline.java:197)
	at java.base/java.util.ArrayList$ArrayListSpliterator.forEachRemaining(ArrayList.java:1625)
	at java.base/java.util.stream.AbstractPipeline.copyInto(AbstractPipeline.java:509)
	at java.base/java.util.stream.AbstractPipeline.wrapAndCopyInto(AbstractPipeline.java:499)
	at java.base/java.util.stream.ReduceOps$ReduceOp.evaluateSequential(ReduceOps.java:921)
	at java.base/java.util.stream.AbstractPipeline.evaluate(AbstractPipeline.java:234)
	at java.base/java.util.stream.ReferencePipeline.collect(ReferencePipeline.java:682)
	at de.uka.ilkd.key.speclang.njml.Translator.mapOf(Translator.java:133)
	at de.uka.ilkd.key.speclang.njml.Translator.visitMultexpr(Translator.java:737)
	at de.uka.ilkd.key.speclang.njml.JmlParser$MultexprContext.accept(JmlParser.java:7921)
	at de.uka.ilkd.key.speclang.njml.Translator.accept(Translator.java:128)
	at de.uka.ilkd.key.speclang.njml.Translator.lambda$mapOf$0(Translator.java:133)
	at java.base/java.util.stream.ReferencePipeline$3$1.accept(ReferencePipeline.java:197)
	at java.base/java.util.ArrayList$ArrayListSpliterator.forEachRemaining(ArrayList.java:1625)
	at java.base/java.util.stream.AbstractPipeline.copyInto(AbstractPipeline.java:509)
	at java.base/java.util.stream.AbstractPipeline.wrapAndCopyInto(AbstractPipeline.java:499)
	at java.base/java.util.stream.ReduceOps$ReduceOp.evaluateSequential(ReduceOps.java:921)
	at java.base/java.util.stream.AbstractPipeline.evaluate(AbstractPipeline.java:234)
	at java.base/java.util.stream.ReferencePipeline.collect(ReferencePipeline.java:682)
	at de.uka.ilkd.key.speclang.njml.Translator.mapOf(Translator.java:133)
	at de.uka.ilkd.key.speclang.njml.Translator.visitAdditiveexpr(Translator.java:720)
	at de.uka.ilkd.key.speclang.njml.JmlParser$AdditiveexprContext.accept(JmlParser.java:7829)
	at de.uka.ilkd.key.speclang.njml.Translator.accept(Translator.java:128)
	at de.uka.ilkd.key.speclang.njml.Translator.lambda$mapOf$0(Translator.java:133)
	at java.base/java.util.stream.ReferencePipeline$3$1.accept(ReferencePipeline.java:197)
	at java.base/java.util.ArrayList$ArrayListSpliterator.forEachRemaining(ArrayList.java:1625)
	at java.base/java.util.stream.AbstractPipeline.copyInto(AbstractPipeline.java:509)
	at java.base/java.util.stream.AbstractPipeline.wrapAndCopyInto(AbstractPipeline.java:499)
	at java.base/java.util.stream.ReduceOps$ReduceOp.evaluateSequential(ReduceOps.java:921)
	at java.base/java.util.stream.AbstractPipeline.evaluate(AbstractPipeline.java:234)
	at java.base/java.util.stream.ReferencePipeline.collect(ReferencePipeline.java:682)
	at de.uka.ilkd.key.speclang.njml.Translator.mapOf(Translator.java:133)
	at de.uka.ilkd.key.speclang.njml.Translator.visitShiftexpr(Translator.java:703)
	at de.uka.ilkd.key.speclang.njml.JmlParser$ShiftexprContext.accept(JmlParser.java:7742)
	at de.uka.ilkd.key.speclang.njml.Translator.accept(Translator.java:128)
	at de.uka.ilkd.key.speclang.njml.Translator.oneOf(Translator.java:147)
	at de.uka.ilkd.key.speclang.njml.Translator.visitRelationalexpr(Translator.java:494)
	at de.uka.ilkd.key.speclang.njml.JmlParser$RelationalexprContext.accept(JmlParser.java:7344)
	at de.uka.ilkd.key.speclang.njml.Translator.accept(Translator.java:128)
	at de.uka.ilkd.key.speclang.njml.Translator.lambda$mapOf$0(Translator.java:133)
	at java.base/java.util.stream.ReferencePipeline$3$1.accept(ReferencePipeline.java:197)
	at java.base/java.util.ArrayList$ArrayListSpliterator.forEachRemaining(ArrayList.java:1625)
	at java.base/java.util.stream.AbstractPipeline.copyInto(AbstractPipeline.java:509)
	at java.base/java.util.stream.AbstractPipeline.wrapAndCopyInto(AbstractPipeline.java:499)
	at java.base/java.util.stream.ReduceOps$ReduceOp.evaluateSequential(ReduceOps.java:921)
	at java.base/java.util.stream.AbstractPipeline.evaluate(AbstractPipeline.java:234)
	at java.base/java.util.stream.ReferencePipeline.collect(ReferencePipeline.java:682)
	at de.uka.ilkd.key.speclang.njml.Translator.mapOf(Translator.java:133)
	at de.uka.ilkd.key.speclang.njml.Translator.visitEqualityexpr(Translator.java:562)
	at de.uka.ilkd.key.speclang.njml.Translator.visitEqualityexpr(Translator.java:63)
	at de.uka.ilkd.key.speclang.njml.JmlParser$EqualityexprContext.accept(JmlParser.java:7270)
	at de.uka.ilkd.key.speclang.njml.Translator.accept(Translator.java:128)
	at de.uka.ilkd.key.speclang.njml.Translator.visitAndexpr(Translator.java:544)
	at de.uka.ilkd.key.speclang.njml.JmlParser$AndexprContext.accept(JmlParser.java:7201)
	at de.uka.ilkd.key.speclang.njml.Translator.accept(Translator.java:128)
	at de.uka.ilkd.key.speclang.njml.Translator.visitExclusiveorexpr(Translator.java:529)
	at de.uka.ilkd.key.speclang.njml.JmlParser$ExclusiveorexprContext.accept(JmlParser.java:7132)
	at de.uka.ilkd.key.speclang.njml.Translator.accept(Translator.java:128)
	at de.uka.ilkd.key.speclang.njml.Translator.visitInclusiveorexpr(Translator.java:514)
	at de.uka.ilkd.key.speclang.njml.JmlParser$InclusiveorexprContext.accept(JmlParser.java:7063)
	at de.uka.ilkd.key.speclang.njml.Translator.accept(Translator.java:128)
	at de.uka.ilkd.key.speclang.njml.Translator.visitLogicalandexpr(Translator.java:501)
	at de.uka.ilkd.key.speclang.njml.JmlParser$LogicalandexprContext.accept(JmlParser.java:6994)
	at de.uka.ilkd.key.speclang.njml.Translator.accept(Translator.java:128)
	at de.uka.ilkd.key.speclang.njml.Translator.visitLogicalorexpr(Translator.java:482)
	at de.uka.ilkd.key.speclang.njml.Translator.visitLogicalorexpr(Translator.java:63)
	at de.uka.ilkd.key.speclang.njml.JmlParser$LogicalorexprContext.accept(JmlParser.java:6925)
	at de.uka.ilkd.key.speclang.njml.Translator.accept(Translator.java:128)
	at de.uka.ilkd.key.speclang.njml.Translator.visitImpliesexpr(Translator.java:446)
	at de.uka.ilkd.key.speclang.njml.JmlParser$ImpliesexprContext.accept(JmlParser.java:6662)
	at de.uka.ilkd.key.speclang.njml.Translator.accept(Translator.java:128)
	at de.uka.ilkd.key.speclang.njml.Translator.lambda$mapOf$0(Translator.java:133)
	at java.base/java.util.stream.ReferencePipeline$3$1.accept(ReferencePipeline.java:197)
	at java.base/java.util.ArrayList$ArrayListSpliterator.forEachRemaining(ArrayList.java:1625)
	at java.base/java.util.stream.AbstractPipeline.copyInto(AbstractPipeline.java:509)
	at java.base/java.util.stream.AbstractPipeline.wrapAndCopyInto(AbstractPipeline.java:499)
	at java.base/java.util.stream.ReduceOps$ReduceOp.evaluateSequential(ReduceOps.java:921)
	at java.base/java.util.stream.AbstractPipeline.evaluate(AbstractPipeline.java:234)
	at java.base/java.util.stream.ReferencePipeline.collect(ReferencePipeline.java:682)
	at de.uka.ilkd.key.speclang.njml.Translator.mapOf(Translator.java:133)
	at de.uka.ilkd.key.speclang.njml.Translator.visitEquivalenceexpr(Translator.java:426)
	at de.uka.ilkd.key.speclang.njml.JmlParser$EquivalenceexprContext.accept(JmlParser.java:6585)
	at de.uka.ilkd.key.speclang.njml.Translator.accept(Translator.java:128)
	at de.uka.ilkd.key.speclang.njml.Translator.visitConditionalexpr(Translator.java:412)
	at de.uka.ilkd.key.speclang.njml.Translator.visitConditionalexpr(Translator.java:63)
	at de.uka.ilkd.key.speclang.njml.JmlParser$ConditionalexprContext.accept(JmlParser.java:6516)
	at de.uka.ilkd.key.speclang.njml.Translator.accept(Translator.java:128)
	at de.uka.ilkd.key.speclang.njml.Translator.visitExpression(Translator.java:402)
	at de.uka.ilkd.key.speclang.njml.Translator.visitExpression(Translator.java:63)
	at de.uka.ilkd.key.speclang.njml.JmlParser$ExpressionContext.accept(JmlParser.java:6463)
	at de.uka.ilkd.key.speclang.njml.JmlIO.interpret(JmlIO.java:178)
	at de.uka.ilkd.key.speclang.njml.JmlIO.translateTerm(JmlIO.java:188)
	at de.uka.ilkd.key.speclang.njml.JmlIO.translateTerm(JmlIO.java:201)
	at de.uka.ilkd.key.speclang.jml.translation.JMLSpecFactory.createJMLClassInvariant(JMLSpecFactory.java:957)
	at de.uka.ilkd.key.speclang.jml.JMLSpecExtractor.extractClassSpecs(JMLSpecExtractor.java:250)
	at de.uka.ilkd.key.speclang.SLEnvInput.createSpecs(SLEnvInput.java:284)
	at de.uka.ilkd.key.speclang.SLEnvInput.read(SLEnvInput.java:351)
	at de.uka.ilkd.key.proof.init.KeYUserProblemFile.read(KeYUserProblemFile.java:111)
	at de.uka.ilkd.key.proof.init.ProblemInitializer.readEnvInput(ProblemInitializer.java:323)
	at de.uka.ilkd.key.proof.init.ProblemInitializer.prepare(ProblemInitializer.java:561)
	at de.uka.ilkd.key.proof.init.ProblemInitializer.prepare(ProblemInitializer.java:471)
	at de.uka.ilkd.key.proof.init.ProblemInitializer.startProver(ProblemInitializer.java:607)
	at de.uka.ilkd.key.util.HelperClassForTests.parse(HelperClassForTests.java:78)
	at de.uka.ilkd.key.util.HelperClassForTests.parse(HelperClassForTests.java:66)
	at de.uka.ilkd.key.speclang.njml.NJmlTranslatorTests.&lt;init&gt;(NJmlTranslatorTests.java:34)
	at java.base/jdk.internal.reflect.NativeConstructorAccessorImpl.newInstance0(Native Method)
	at java.base/jdk.internal.reflect.NativeConstructorAccessorImpl.newInstance(NativeConstructorAccessorImpl.java:77)
	at java.base/jdk.internal.reflect.DelegatingConstructorAccessorImpl.newInstance(DelegatingConstructorAccessorImpl.java:45)
	at java.base/java.lang.reflect.Constructor.newInstanceWithCaller(Constructor.java:499)
	at java.base/java.lang.reflect.Constructor.newInstance(Constructor.java:480)
	at org.junit.platform.commons.util.ReflectionUtils.newInstance(ReflectionUtils.java:552)
	at org.junit.jupiter.engine.execution.ConstructorInvocation.proceed(ConstructorInvocation.java:56)
	at org.junit.jupiter.engine.execution.InvocationInterceptorChain$ValidatingInvocation.proceed(InvocationInterceptorChain.java:131)
	at org.junit.jupiter.api.extension.InvocationInterceptor.interceptTestClassConstructor(InvocationInterceptor.java:73)
	at org.junit.jupiter.engine.execution.InterceptingExecutableInvoker.lambda$invoke$0(InterceptingExecutableInvoker.java:93)
	at org.junit.jupiter.engine.execution.InvocationInterceptorChain$InterceptedInvocation.proceed(InvocationInterceptorChain.java:106)
	at org.junit.jupiter.engine.execution.InvocationInterceptorChain.proceed(InvocationInterceptorChain.java:64)
	at org.junit.jupiter.engine.execution.InvocationInterceptorChain.chainAndInvoke(InvocationInterceptorChain.java:45)
	at org.junit.jupiter.engine.execution.InvocationInterceptorChain.invoke(InvocationInterceptorChain.java:37)
	at org.junit.jupiter.engine.execution.InterceptingExecutableInvoker.invoke(InterceptingExecutableInvoker.java:92)
	at org.junit.jupiter.engine.execution.InterceptingExecutableInvoker.invoke(InterceptingExecutableInvoker.java:62)
	at org.junit.jupiter.engine.descriptor.ClassBasedTestDescriptor.invokeTestClassConstructor(ClassBasedTestDescriptor.java:363)
	at org.junit.jupiter.engine.descriptor.ClassBasedTestDescriptor.instantiateTestClass(ClassBasedTestDescriptor.java:310)
	at org.junit.jupiter.engine.descriptor.ClassTestDescriptor.instantiateTestClass(ClassTestDescriptor.java:79)
	at org.junit.jupiter.engine.descriptor.ClassBasedTestDescriptor.instantiateAndPostProcessTestInstance(ClassBasedTestDescriptor.java:286)
	at org.junit.jupiter.engine.descriptor.ClassBasedTestDescriptor.lambda$testInstancesProvider$4(ClassBasedTestDescriptor.java:278)
	at java.base/java.util.Optional.orElseGet(Optional.java:364)
	at org.junit.jupiter.engine.descriptor.ClassBasedTestDescriptor.lambda$testInstancesProvider$5(ClassBasedTestDescriptor.java:277)
	at org.junit.jupiter.engine.execution.TestInstancesProvider.getTestInstances(TestInstancesProvider.java:31)
	at org.junit.jupiter.engine.descriptor.TestMethodTestDescriptor.lambda$prepare$0(TestMethodTestDescriptor.java:105)
	at org.junit.platform.engine.support.hierarchical.ThrowableCollector.execute(ThrowableCollector.java:73)
	at org.junit.jupiter.engine.descriptor.TestMethodTestDescriptor.prepare(TestMethodTestDescriptor.java:104)
	at org.junit.jupiter.engine.descriptor.TestMethodTestDescriptor.prepare(TestMethodTestDescriptor.java:68)
	at org.junit.platform.engine.support.hierarchical.NodeTestTask.lambda$prepare$2(NodeTestTask.java:123)
	at org.junit.platform.engine.support.hierarchical.ThrowableCollector.execute(ThrowableCollector.java:73)
	at org.junit.platform.engine.support.hierarchical.NodeTestTask.prepare(NodeTestTask.java:123)
	at org.junit.platform.engine.support.hierarchical.NodeTestTask.execute(NodeTestTask.java:90)
	at java.base/java.util.ArrayList.forEach(ArrayList.java:1511)
	at org.junit.platform.engine.support.hierarchical.SameThreadHierarchicalTestExecutorService.invokeAll(SameThreadHierarchicalTestExecutorService.java:41)
	at org.junit.platform.engine.support.hierarchical.NodeTestTask.lambda$executeRecursively$6(NodeTestTask.java:155)
	at org.junit.platform.engine.support.hierarchical.ThrowableCollector.execute(ThrowableCollector.java:73)
	at org.junit.platform.engine.support.hierarchical.NodeTestTask.lambda$executeRecursively$8(NodeTestTask.java:141)
	at org.junit.platform.engine.support.hierarchical.Node.around(Node.java:137)
	at org.junit.platform.engine.support.hierarchical.NodeTestTask.lambda$executeRecursively$9(NodeTestTask.java:139)
	at org.junit.platform.engine.support.hierarchical.ThrowableCollector.execute(ThrowableCollector.java:73)
	at org.junit.platform.engine.support.hierarchical.NodeTestTask.executeRecursively(NodeTestTask.java:138)
	at org.junit.platform.engine.support.hierarchical.NodeTestTask.execute(NodeTestTask.java:95)
	at java.base/java.util.ArrayList.forEach(ArrayList.java:1511)
	at org.junit.platform.engine.support.hierarchical.SameThreadHierarchicalTestExecutorService.invokeAll(SameThreadHierarchicalTestExecutorService.java:41)
	at org.junit.platform.engine.support.hierarchical.NodeTestTask.lambda$executeRecursively$6(NodeTestTask.java:155)
	at org.junit.platform.engine.support.hierarchical.ThrowableCollector.execute(ThrowableCollector.java:73)
	at org.junit.platform.engine.support.hierarchical.NodeTestTask.lambda$executeRecursively$8(NodeTestTask.java:141)
	at org.junit.platform.engine.support.hierarchical.Node.around(Node.java:137)
	at org.junit.platform.engine.support.hierarchical.NodeTestTask.lambda$executeRecursively$9(NodeTestTask.java:139)
	at org.junit.platform.engine.support.hierarchical.ThrowableCollector.execute(ThrowableCollector.java:73)
	at org.junit.platform.engine.support.hierarchical.NodeTestTask.executeRecursively(NodeTestTask.java:138)
	at org.junit.platform.engine.support.hierarchical.NodeTestTask.execute(NodeTestTask.java:95)
	at org.junit.platform.engine.support.hierarchical.SameThreadHierarchicalTestExecutorService.submit(SameThreadHierarchicalTestExecutorService.java:35)
	at org.junit.platform.engine.support.hierarchical.HierarchicalTestExecutor.execute(HierarchicalTestExecutor.java:57)
	at org.junit.platform.engine.support.hierarchical.HierarchicalTestEngine.execute(HierarchicalTestEngine.java:54)
	at org.junit.platform.launcher.core.EngineExecutionOrchestrator.execute(EngineExecutionOrchestrator.java:107)
	at org.junit.platform.launcher.core.EngineExecutionOrchestrator.execute(EngineExecutionOrchestrator.java:88)
	at org.junit.platform.launcher.core.EngineExecutionOrchestrator.lambda$execute$0(EngineExecutionOrchestrator.java:54)
	at org.junit.platform.launcher.core.EngineExecutionOrchestrator.withInterceptedStreams(EngineExecutionOrchestrator.java:67)
	at org.junit.platform.launcher.core.EngineExecutionOrchestrator.execute(EngineExecutionOrchestrator.java:52)
	at org.junit.platform.launcher.core.DefaultLauncher.execute(DefaultLauncher.java:114)
	at org.junit.platform.launcher.core.DefaultLauncher.execute(DefaultLauncher.java:86)
	at org.junit.platform.launcher.core.DefaultLauncherSession$DelegatingLauncher.execute(DefaultLauncherSession.java:86)
	at org.gradle.api.internal.tasks.testing.junitplatform.JUnitPlatformTestClassProcessor$CollectAllTestClassesExecutor.processAllTestClasses(JUnitPlatformTestClassProcessor.java:110)
	at org.gradle.api.internal.tasks.testing.junitplatform.JUnitPlatformTestClassProcessor$CollectAllTestClassesExecutor.access$000(JUnitPlatformTestClassProcessor.java:90)
	at org.gradle.api.internal.tasks.testing.junitplatform.JUnitPlatformTestClassProcessor.stop(JUnitPlatformTestClassProcessor.java:85)
	at org.gradle.api.internal.tasks.testing.SuiteTestClassProcessor.stop(SuiteTestClassProcessor.java:62)
	at java.base/jdk.internal.reflect.NativeMethodAccessorImpl.invoke0(Native Method)
	at java.base/jdk.internal.reflect.NativeMethodAccessorImpl.invoke(NativeMethodAccessorImpl.java:77)
	at java.base/jdk.internal.reflect.DelegatingMethodAccessorImpl.invoke(DelegatingMethodAccessorImpl.java:43)
	at java.base/java.lang.reflect.Method.invoke(Method.java:568)
	at org.gradle.internal.dispatch.ReflectionDispatch.dispatch(ReflectionDispatch.java:36)
	at org.gradle.internal.dispatch.ReflectionDispatch.dispatch(ReflectionDispatch.java:24)
	at org.gradle.internal.dispatch.ContextClassLoaderDispatch.dispatch(ContextClassLoaderDispatch.java:33)
	at org.gradle.internal.dispatch.ProxyDispatchAdapter$DispatchingInvocationHandler.invoke(ProxyDispatchAdapter.java:94)
	at jdk.proxy2/jdk.proxy2.$Proxy5.stop(Unknown Source)
	at org.gradle.api.internal.tasks.testing.worker.TestWorker$3.run(TestWorker.java:193)
	at org.gradle.api.internal.tasks.testing.worker.TestWorker.executeAndMaintainThreadName(TestWorker.java:129)
	at org.gradle.api.internal.tasks.testing.worker.TestWorker.execute(TestWorker.java:100)
	at org.gradle.api.internal.tasks.testing.worker.TestWorker.execute(TestWorker.java:60)
	at org.gradle.process.internal.worker.child.ActionExecutionWorker.execute(ActionExecutionWorker.java:56)
	at org.gradle.process.internal.worker.child.SystemApplicationClassLoaderWorker.call(SystemApplicationClassLoaderWorker.java:113)
	at org.gradle.process.internal.worker.child.SystemApplicationClassLoaderWorker.call(SystemApplicationClassLoaderWorker.java:65)
	at worker.org.gradle.process.internal.worker.GradleWorkerMain.run(GradleWorkerMain.java:69)
	at worker.org.gradle.process.internal.worker.GradleWorkerMain.main(GradleWorkerMain.java:74)
</failure>
  </testcase>
  <testcase name="testIgnoreOpenJML()" classname="de.uka.ilkd.key.speclang.njml.NJmlTranslatorTests" time="0.001">
    <failure message="java.lang.NullPointerException: Cannot invoke &quot;de.uka.ilkd.key.java.JavaService.getProgramFactory()&quot; because &quot;this.javaService&quot; is null" type="java.lang.NullPointerException">java.lang.NullPointerException: Cannot invoke &quot;de.uka.ilkd.key.java.JavaService.getProgramFactory()&quot; because &quot;this.javaService&quot; is null
	at de.uka.ilkd.key.java.KeYProgModelInfo.isPackage(KeYProgModelInfo.java:213)
	at de.uka.ilkd.key.java.JavaInfo.isPackage(JavaInfo.java:221)
	at de.uka.ilkd.key.speclang.translation.SLExpressionResolver.trimPackageRef(SLExpressionResolver.java:43)
	at de.uka.ilkd.key.speclang.translation.SLExpressionResolver.areInSamePackage(SLExpressionResolver.java:62)
	at de.uka.ilkd.key.speclang.translation.SLExpressionResolver.isVisibleHelper(SLExpressionResolver.java:103)
	at de.uka.ilkd.key.speclang.translation.SLExpressionResolver.isVisible(SLExpressionResolver.java:114)
	at de.uka.ilkd.key.speclang.translation.SLAttributeResolver.lookupVisibleAttribute(SLAttributeResolver.java:37)
	at de.uka.ilkd.key.speclang.translation.SLAttributeResolver.doResolving(SLAttributeResolver.java:94)
	at de.uka.ilkd.key.speclang.translation.SLExpressionResolver.resolve(SLExpressionResolver.java:149)
	at de.uka.ilkd.key.speclang.translation.SLResolverManager.resolveExplicit(SLResolverManager.java:137)
	at de.uka.ilkd.key.speclang.translation.SLResolverManager.resolveImplicit(SLResolverManager.java:112)
	at de.uka.ilkd.key.speclang.translation.SLResolverManager.resolveIt(SLResolverManager.java:159)
	at de.uka.ilkd.key.speclang.translation.SLResolverManager.resolve(SLResolverManager.java:195)
	at de.uka.ilkd.key.speclang.njml.Translator.lookupIdentifier(Translator.java:924)
	at de.uka.ilkd.key.speclang.njml.Translator.visitIdent(Translator.java:882)
	at de.uka.ilkd.key.speclang.njml.JmlParser$IdentContext.accept(JmlParser.java:8637)
	at org.antlr.v4.runtime.tree.AbstractParseTreeVisitor.visitChildren(AbstractParseTreeVisitor.java:46)
	at de.uka.ilkd.key.speclang.njml.JmlParserBaseVisitor.visitPrimaryexpr(JmlParserBaseVisitor.java:724)
	at de.uka.ilkd.key.speclang.njml.JmlParser$PrimaryexprContext.accept(JmlParser.java:8399)
	at de.uka.ilkd.key.speclang.njml.Translator.accept(Translator.java:128)
	at de.uka.ilkd.key.speclang.njml.Translator.visitPostfixexpr(Translator.java:854)
	at de.uka.ilkd.key.speclang.njml.Translator.visitPostfixexpr(Translator.java:63)
	at de.uka.ilkd.key.speclang.njml.JmlParser$PostfixexprContext.accept(JmlParser.java:8315)
	at de.uka.ilkd.key.speclang.njml.Translator.accept(Translator.java:128)
	at de.uka.ilkd.key.speclang.njml.Translator.visitUnaryexprnotplusminus(Translator.java:840)
	at de.uka.ilkd.key.speclang.njml.JmlParser$UnaryexprnotplusminusContext.accept(JmlParser.java:8146)
	at de.uka.ilkd.key.speclang.njml.Translator.accept(Translator.java:128)
	at de.uka.ilkd.key.speclang.njml.Translator.oneOf(Translator.java:147)
	at de.uka.ilkd.key.speclang.njml.Translator.visitUnaryexpr(Translator.java:800)
	at de.uka.ilkd.key.speclang.njml.Translator.visitUnaryexpr(Translator.java:63)
	at de.uka.ilkd.key.speclang.njml.JmlParser$UnaryexprContext.accept(JmlParser.java:8002)
	at de.uka.ilkd.key.speclang.njml.Translator.accept(Translator.java:128)
	at de.uka.ilkd.key.speclang.njml.Translator.lambda$mapOf$0(Translator.java:133)
	at java.base/java.util.stream.ReferencePipeline$3$1.accept(ReferencePipeline.java:197)
	at java.base/java.util.ArrayList$ArrayListSpliterator.forEachRemaining(ArrayList.java:1625)
	at java.base/java.util.stream.AbstractPipeline.copyInto(AbstractPipeline.java:509)
	at java.base/java.util.stream.AbstractPipeline.wrapAndCopyInto(AbstractPipeline.java:499)
	at java.base/java.util.stream.ReduceOps$ReduceOp.evaluateSequential(ReduceOps.java:921)
	at java.base/java.util.stream.AbstractPipeline.evaluate(AbstractPipeline.java:234)
	at java.base/java.util.stream.ReferencePipeline.collect(ReferencePipeline.java:682)
	at de.uka.ilkd.key.speclang.njml.Translator.mapOf(Translator.java:133)
	at de.uka.ilkd.key.speclang.njml.Translator.visitMultexpr(Translator.java:737)
	at de.uka.ilkd.key.speclang.njml.JmlParser$MultexprContext.accept(JmlParser.java:7921)
	at de.uka.ilkd.key.speclang.njml.Translator.accept(Translator.java:128)
	at de.uka.ilkd.key.speclang.njml.Translator.lambda$mapOf$0(Translator.java:133)
	at java.base/java.util.stream.ReferencePipeline$3$1.accept(ReferencePipeline.java:197)
	at java.base/java.util.ArrayList$ArrayListSpliterator.forEachRemaining(ArrayList.java:1625)
	at java.base/java.util.stream.AbstractPipeline.copyInto(AbstractPipeline.java:509)
	at java.base/java.util.stream.AbstractPipeline.wrapAndCopyInto(AbstractPipeline.java:499)
	at java.base/java.util.stream.ReduceOps$ReduceOp.evaluateSequential(ReduceOps.java:921)
	at java.base/java.util.stream.AbstractPipeline.evaluate(AbstractPipeline.java:234)
	at java.base/java.util.stream.ReferencePipeline.collect(ReferencePipeline.java:682)
	at de.uka.ilkd.key.speclang.njml.Translator.mapOf(Translator.java:133)
	at de.uka.ilkd.key.speclang.njml.Translator.visitAdditiveexpr(Translator.java:720)
	at de.uka.ilkd.key.speclang.njml.JmlParser$AdditiveexprContext.accept(JmlParser.java:7829)
	at de.uka.ilkd.key.speclang.njml.Translator.accept(Translator.java:128)
	at de.uka.ilkd.key.speclang.njml.Translator.lambda$mapOf$0(Translator.java:133)
	at java.base/java.util.stream.ReferencePipeline$3$1.accept(ReferencePipeline.java:197)
	at java.base/java.util.ArrayList$ArrayListSpliterator.forEachRemaining(ArrayList.java:1625)
	at java.base/java.util.stream.AbstractPipeline.copyInto(AbstractPipeline.java:509)
	at java.base/java.util.stream.AbstractPipeline.wrapAndCopyInto(AbstractPipeline.java:499)
	at java.base/java.util.stream.ReduceOps$ReduceOp.evaluateSequential(ReduceOps.java:921)
	at java.base/java.util.stream.AbstractPipeline.evaluate(AbstractPipeline.java:234)
	at java.base/java.util.stream.ReferencePipeline.collect(ReferencePipeline.java:682)
	at de.uka.ilkd.key.speclang.njml.Translator.mapOf(Translator.java:133)
	at de.uka.ilkd.key.speclang.njml.Translator.visitShiftexpr(Translator.java:703)
	at de.uka.ilkd.key.speclang.njml.JmlParser$ShiftexprContext.accept(JmlParser.java:7742)
	at de.uka.ilkd.key.speclang.njml.Translator.accept(Translator.java:128)
	at de.uka.ilkd.key.speclang.njml.Translator.oneOf(Translator.java:147)
	at de.uka.ilkd.key.speclang.njml.Translator.visitRelationalexpr(Translator.java:494)
	at de.uka.ilkd.key.speclang.njml.JmlParser$RelationalexprContext.accept(JmlParser.java:7344)
	at de.uka.ilkd.key.speclang.njml.Translator.accept(Translator.java:128)
	at de.uka.ilkd.key.speclang.njml.Translator.lambda$mapOf$0(Translator.java:133)
	at java.base/java.util.stream.ReferencePipeline$3$1.accept(ReferencePipeline.java:197)
	at java.base/java.util.ArrayList$ArrayListSpliterator.forEachRemaining(ArrayList.java:1625)
	at java.base/java.util.stream.AbstractPipeline.copyInto(AbstractPipeline.java:509)
	at java.base/java.util.stream.AbstractPipeline.wrapAndCopyInto(AbstractPipeline.java:499)
	at java.base/java.util.stream.ReduceOps$ReduceOp.evaluateSequential(ReduceOps.java:921)
	at java.base/java.util.stream.AbstractPipeline.evaluate(AbstractPipeline.java:234)
	at java.base/java.util.stream.ReferencePipeline.collect(ReferencePipeline.java:682)
	at de.uka.ilkd.key.speclang.njml.Translator.mapOf(Translator.java:133)
	at de.uka.ilkd.key.speclang.njml.Translator.visitEqualityexpr(Translator.java:562)
	at de.uka.ilkd.key.speclang.njml.Translator.visitEqualityexpr(Translator.java:63)
	at de.uka.ilkd.key.speclang.njml.JmlParser$EqualityexprContext.accept(JmlParser.java:7270)
	at de.uka.ilkd.key.speclang.njml.Translator.accept(Translator.java:128)
	at de.uka.ilkd.key.speclang.njml.Translator.visitAndexpr(Translator.java:544)
	at de.uka.ilkd.key.speclang.njml.JmlParser$AndexprContext.accept(JmlParser.java:7201)
	at de.uka.ilkd.key.speclang.njml.Translator.accept(Translator.java:128)
	at de.uka.ilkd.key.speclang.njml.Translator.visitExclusiveorexpr(Translator.java:529)
	at de.uka.ilkd.key.speclang.njml.JmlParser$ExclusiveorexprContext.accept(JmlParser.java:7132)
	at de.uka.ilkd.key.speclang.njml.Translator.accept(Translator.java:128)
	at de.uka.ilkd.key.speclang.njml.Translator.visitInclusiveorexpr(Translator.java:514)
	at de.uka.ilkd.key.speclang.njml.JmlParser$InclusiveorexprContext.accept(JmlParser.java:7063)
	at de.uka.ilkd.key.speclang.njml.Translator.accept(Translator.java:128)
	at de.uka.ilkd.key.speclang.njml.Translator.visitLogicalandexpr(Translator.java:501)
	at de.uka.ilkd.key.speclang.njml.JmlParser$LogicalandexprContext.accept(JmlParser.java:6994)
	at de.uka.ilkd.key.speclang.njml.Translator.accept(Translator.java:128)
	at de.uka.ilkd.key.speclang.njml.Translator.visitLogicalorexpr(Translator.java:482)
	at de.uka.ilkd.key.speclang.njml.Translator.visitLogicalorexpr(Translator.java:63)
	at de.uka.ilkd.key.speclang.njml.JmlParser$LogicalorexprContext.accept(JmlParser.java:6925)
	at de.uka.ilkd.key.speclang.njml.Translator.accept(Translator.java:128)
	at de.uka.ilkd.key.speclang.njml.Translator.visitImpliesexpr(Translator.java:446)
	at de.uka.ilkd.key.speclang.njml.JmlParser$ImpliesexprContext.accept(JmlParser.java:6662)
	at de.uka.ilkd.key.speclang.njml.Translator.accept(Translator.java:128)
	at de.uka.ilkd.key.speclang.njml.Translator.lambda$mapOf$0(Translator.java:133)
	at java.base/java.util.stream.ReferencePipeline$3$1.accept(ReferencePipeline.java:197)
	at java.base/java.util.ArrayList$ArrayListSpliterator.forEachRemaining(ArrayList.java:1625)
	at java.base/java.util.stream.AbstractPipeline.copyInto(AbstractPipeline.java:509)
	at java.base/java.util.stream.AbstractPipeline.wrapAndCopyInto(AbstractPipeline.java:499)
	at java.base/java.util.stream.ReduceOps$ReduceOp.evaluateSequential(ReduceOps.java:921)
	at java.base/java.util.stream.AbstractPipeline.evaluate(AbstractPipeline.java:234)
	at java.base/java.util.stream.ReferencePipeline.collect(ReferencePipeline.java:682)
	at de.uka.ilkd.key.speclang.njml.Translator.mapOf(Translator.java:133)
	at de.uka.ilkd.key.speclang.njml.Translator.visitEquivalenceexpr(Translator.java:426)
	at de.uka.ilkd.key.speclang.njml.JmlParser$EquivalenceexprContext.accept(JmlParser.java:6585)
	at de.uka.ilkd.key.speclang.njml.Translator.accept(Translator.java:128)
	at de.uka.ilkd.key.speclang.njml.Translator.visitConditionalexpr(Translator.java:412)
	at de.uka.ilkd.key.speclang.njml.Translator.visitConditionalexpr(Translator.java:63)
	at de.uka.ilkd.key.speclang.njml.JmlParser$ConditionalexprContext.accept(JmlParser.java:6516)
	at de.uka.ilkd.key.speclang.njml.Translator.accept(Translator.java:128)
	at de.uka.ilkd.key.speclang.njml.Translator.visitExpression(Translator.java:402)
	at de.uka.ilkd.key.speclang.njml.Translator.visitExpression(Translator.java:63)
	at de.uka.ilkd.key.speclang.njml.JmlParser$ExpressionContext.accept(JmlParser.java:6463)
	at de.uka.ilkd.key.speclang.njml.JmlIO.interpret(JmlIO.java:178)
	at de.uka.ilkd.key.speclang.njml.JmlIO.translateTerm(JmlIO.java:188)
	at de.uka.ilkd.key.speclang.njml.JmlIO.translateTerm(JmlIO.java:201)
	at de.uka.ilkd.key.speclang.jml.translation.JMLSpecFactory.createJMLClassInvariant(JMLSpecFactory.java:957)
	at de.uka.ilkd.key.speclang.jml.JMLSpecExtractor.extractClassSpecs(JMLSpecExtractor.java:250)
	at de.uka.ilkd.key.speclang.SLEnvInput.createSpecs(SLEnvInput.java:284)
	at de.uka.ilkd.key.speclang.SLEnvInput.read(SLEnvInput.java:351)
	at de.uka.ilkd.key.proof.init.KeYUserProblemFile.read(KeYUserProblemFile.java:111)
	at de.uka.ilkd.key.proof.init.ProblemInitializer.readEnvInput(ProblemInitializer.java:323)
	at de.uka.ilkd.key.proof.init.ProblemInitializer.prepare(ProblemInitializer.java:561)
	at de.uka.ilkd.key.proof.init.ProblemInitializer.prepare(ProblemInitializer.java:471)
	at de.uka.ilkd.key.proof.init.ProblemInitializer.startProver(ProblemInitializer.java:607)
	at de.uka.ilkd.key.util.HelperClassForTests.parse(HelperClassForTests.java:78)
	at de.uka.ilkd.key.util.HelperClassForTests.parse(HelperClassForTests.java:66)
	at de.uka.ilkd.key.speclang.njml.NJmlTranslatorTests.&lt;init&gt;(NJmlTranslatorTests.java:34)
	at java.base/jdk.internal.reflect.NativeConstructorAccessorImpl.newInstance0(Native Method)
	at java.base/jdk.internal.reflect.NativeConstructorAccessorImpl.newInstance(NativeConstructorAccessorImpl.java:77)
	at java.base/jdk.internal.reflect.DelegatingConstructorAccessorImpl.newInstance(DelegatingConstructorAccessorImpl.java:45)
	at java.base/java.lang.reflect.Constructor.newInstanceWithCaller(Constructor.java:499)
	at java.base/java.lang.reflect.Constructor.newInstance(Constructor.java:480)
	at org.junit.platform.commons.util.ReflectionUtils.newInstance(ReflectionUtils.java:552)
	at org.junit.jupiter.engine.execution.ConstructorInvocation.proceed(ConstructorInvocation.java:56)
	at org.junit.jupiter.engine.execution.InvocationInterceptorChain$ValidatingInvocation.proceed(InvocationInterceptorChain.java:131)
	at org.junit.jupiter.api.extension.InvocationInterceptor.interceptTestClassConstructor(InvocationInterceptor.java:73)
	at org.junit.jupiter.engine.execution.InterceptingExecutableInvoker.lambda$invoke$0(InterceptingExecutableInvoker.java:93)
	at org.junit.jupiter.engine.execution.InvocationInterceptorChain$InterceptedInvocation.proceed(InvocationInterceptorChain.java:106)
	at org.junit.jupiter.engine.execution.InvocationInterceptorChain.proceed(InvocationInterceptorChain.java:64)
	at org.junit.jupiter.engine.execution.InvocationInterceptorChain.chainAndInvoke(InvocationInterceptorChain.java:45)
	at org.junit.jupiter.engine.execution.InvocationInterceptorChain.invoke(InvocationInterceptorChain.java:37)
	at org.junit.jupiter.engine.execution.InterceptingExecutableInvoker.invoke(InterceptingExecutableInvoker.java:92)
	at org.junit.jupiter.engine.execution.InterceptingExecutableInvoker.invoke(InterceptingExecutableInvoker.java:62)
	at org.junit.jupiter.engine.descriptor.ClassBasedTestDescriptor.invokeTestClassConstructor(ClassBasedTestDescriptor.java:363)
	at org.junit.jupiter.engine.descriptor.ClassBasedTestDescriptor.instantiateTestClass(ClassBasedTestDescriptor.java:310)
	at org.junit.jupiter.engine.descriptor.ClassTestDescriptor.instantiateTestClass(ClassTestDescriptor.java:79)
	at org.junit.jupiter.engine.descriptor.ClassBasedTestDescriptor.instantiateAndPostProcessTestInstance(ClassBasedTestDescriptor.java:286)
	at org.junit.jupiter.engine.descriptor.ClassBasedTestDescriptor.lambda$testInstancesProvider$4(ClassBasedTestDescriptor.java:278)
	at java.base/java.util.Optional.orElseGet(Optional.java:364)
	at org.junit.jupiter.engine.descriptor.ClassBasedTestDescriptor.lambda$testInstancesProvider$5(ClassBasedTestDescriptor.java:277)
	at org.junit.jupiter.engine.execution.TestInstancesProvider.getTestInstances(TestInstancesProvider.java:31)
	at org.junit.jupiter.engine.descriptor.TestMethodTestDescriptor.lambda$prepare$0(TestMethodTestDescriptor.java:105)
	at org.junit.platform.engine.support.hierarchical.ThrowableCollector.execute(ThrowableCollector.java:73)
	at org.junit.jupiter.engine.descriptor.TestMethodTestDescriptor.prepare(TestMethodTestDescriptor.java:104)
	at org.junit.jupiter.engine.descriptor.TestMethodTestDescriptor.prepare(TestMethodTestDescriptor.java:68)
	at org.junit.platform.engine.support.hierarchical.NodeTestTask.lambda$prepare$2(NodeTestTask.java:123)
	at org.junit.platform.engine.support.hierarchical.ThrowableCollector.execute(ThrowableCollector.java:73)
	at org.junit.platform.engine.support.hierarchical.NodeTestTask.prepare(NodeTestTask.java:123)
	at org.junit.platform.engine.support.hierarchical.NodeTestTask.execute(NodeTestTask.java:90)
	at java.base/java.util.ArrayList.forEach(ArrayList.java:1511)
	at org.junit.platform.engine.support.hierarchical.SameThreadHierarchicalTestExecutorService.invokeAll(SameThreadHierarchicalTestExecutorService.java:41)
	at org.junit.platform.engine.support.hierarchical.NodeTestTask.lambda$executeRecursively$6(NodeTestTask.java:155)
	at org.junit.platform.engine.support.hierarchical.ThrowableCollector.execute(ThrowableCollector.java:73)
	at org.junit.platform.engine.support.hierarchical.NodeTestTask.lambda$executeRecursively$8(NodeTestTask.java:141)
	at org.junit.platform.engine.support.hierarchical.Node.around(Node.java:137)
	at org.junit.platform.engine.support.hierarchical.NodeTestTask.lambda$executeRecursively$9(NodeTestTask.java:139)
	at org.junit.platform.engine.support.hierarchical.ThrowableCollector.execute(ThrowableCollector.java:73)
	at org.junit.platform.engine.support.hierarchical.NodeTestTask.executeRecursively(NodeTestTask.java:138)
	at org.junit.platform.engine.support.hierarchical.NodeTestTask.execute(NodeTestTask.java:95)
	at java.base/java.util.ArrayList.forEach(ArrayList.java:1511)
	at org.junit.platform.engine.support.hierarchical.SameThreadHierarchicalTestExecutorService.invokeAll(SameThreadHierarchicalTestExecutorService.java:41)
	at org.junit.platform.engine.support.hierarchical.NodeTestTask.lambda$executeRecursively$6(NodeTestTask.java:155)
	at org.junit.platform.engine.support.hierarchical.ThrowableCollector.execute(ThrowableCollector.java:73)
	at org.junit.platform.engine.support.hierarchical.NodeTestTask.lambda$executeRecursively$8(NodeTestTask.java:141)
	at org.junit.platform.engine.support.hierarchical.Node.around(Node.java:137)
	at org.junit.platform.engine.support.hierarchical.NodeTestTask.lambda$executeRecursively$9(NodeTestTask.java:139)
	at org.junit.platform.engine.support.hierarchical.ThrowableCollector.execute(ThrowableCollector.java:73)
	at org.junit.platform.engine.support.hierarchical.NodeTestTask.executeRecursively(NodeTestTask.java:138)
	at org.junit.platform.engine.support.hierarchical.NodeTestTask.execute(NodeTestTask.java:95)
	at org.junit.platform.engine.support.hierarchical.SameThreadHierarchicalTestExecutorService.submit(SameThreadHierarchicalTestExecutorService.java:35)
	at org.junit.platform.engine.support.hierarchical.HierarchicalTestExecutor.execute(HierarchicalTestExecutor.java:57)
	at org.junit.platform.engine.support.hierarchical.HierarchicalTestEngine.execute(HierarchicalTestEngine.java:54)
	at org.junit.platform.launcher.core.EngineExecutionOrchestrator.execute(EngineExecutionOrchestrator.java:107)
	at org.junit.platform.launcher.core.EngineExecutionOrchestrator.execute(EngineExecutionOrchestrator.java:88)
	at org.junit.platform.launcher.core.EngineExecutionOrchestrator.lambda$execute$0(EngineExecutionOrchestrator.java:54)
	at org.junit.platform.launcher.core.EngineExecutionOrchestrator.withInterceptedStreams(EngineExecutionOrchestrator.java:67)
	at org.junit.platform.launcher.core.EngineExecutionOrchestrator.execute(EngineExecutionOrchestrator.java:52)
	at org.junit.platform.launcher.core.DefaultLauncher.execute(DefaultLauncher.java:114)
	at org.junit.platform.launcher.core.DefaultLauncher.execute(DefaultLauncher.java:86)
	at org.junit.platform.launcher.core.DefaultLauncherSession$DelegatingLauncher.execute(DefaultLauncherSession.java:86)
	at org.gradle.api.internal.tasks.testing.junitplatform.JUnitPlatformTestClassProcessor$CollectAllTestClassesExecutor.processAllTestClasses(JUnitPlatformTestClassProcessor.java:110)
	at org.gradle.api.internal.tasks.testing.junitplatform.JUnitPlatformTestClassProcessor$CollectAllTestClassesExecutor.access$000(JUnitPlatformTestClassProcessor.java:90)
	at org.gradle.api.internal.tasks.testing.junitplatform.JUnitPlatformTestClassProcessor.stop(JUnitPlatformTestClassProcessor.java:85)
	at org.gradle.api.internal.tasks.testing.SuiteTestClassProcessor.stop(SuiteTestClassProcessor.java:62)
	at java.base/jdk.internal.reflect.NativeMethodAccessorImpl.invoke0(Native Method)
	at java.base/jdk.internal.reflect.NativeMethodAccessorImpl.invoke(NativeMethodAccessorImpl.java:77)
	at java.base/jdk.internal.reflect.DelegatingMethodAccessorImpl.invoke(DelegatingMethodAccessorImpl.java:43)
	at java.base/java.lang.reflect.Method.invoke(Method.java:568)
	at org.gradle.internal.dispatch.ReflectionDispatch.dispatch(ReflectionDispatch.java:36)
	at org.gradle.internal.dispatch.ReflectionDispatch.dispatch(ReflectionDispatch.java:24)
	at org.gradle.internal.dispatch.ContextClassLoaderDispatch.dispatch(ContextClassLoaderDispatch.java:33)
	at org.gradle.internal.dispatch.ProxyDispatchAdapter$DispatchingInvocationHandler.invoke(ProxyDispatchAdapter.java:94)
	at jdk.proxy2/jdk.proxy2.$Proxy5.stop(Unknown Source)
	at org.gradle.api.internal.tasks.testing.worker.TestWorker$3.run(TestWorker.java:193)
	at org.gradle.api.internal.tasks.testing.worker.TestWorker.executeAndMaintainThreadName(TestWorker.java:129)
	at org.gradle.api.internal.tasks.testing.worker.TestWorker.execute(TestWorker.java:100)
	at org.gradle.api.internal.tasks.testing.worker.TestWorker.execute(TestWorker.java:60)
	at org.gradle.process.internal.worker.child.ActionExecutionWorker.execute(ActionExecutionWorker.java:56)
	at org.gradle.process.internal.worker.child.SystemApplicationClassLoaderWorker.call(SystemApplicationClassLoaderWorker.java:113)
	at org.gradle.process.internal.worker.child.SystemApplicationClassLoaderWorker.call(SystemApplicationClassLoaderWorker.java:65)
	at worker.org.gradle.process.internal.worker.GradleWorkerMain.run(GradleWorkerMain.java:69)
	at worker.org.gradle.process.internal.worker.GradleWorkerMain.main(GradleWorkerMain.java:74)
</failure>
  </testcase>
  <system-out><![CDATA[]]></system-out>
  <system-err><![CDATA[193774     ERROR Test worker     d.u.i.k.j.KeYJPMapping    Duplicate registration of node: boolean, formerNode: /*@ pure @*/
boolean 
193789     ERROR Test worker     d.u.i.k.j.KeYJPMapping    Duplicate registration of node: Object, formerNode: java.lang.Object 
193789     ERROR Test worker     d.u.i.k.j.KeYJPMapping    Duplicate registration of node: Object, formerNode: java.lang.Object 
193789     ERROR Test worker     d.u.i.k.j.KeYJPMapping    Duplicate registration of node: Annotation, formerNode: Annotation 
193789     ERROR Test worker     d.u.i.k.j.KeYJPMapping    Duplicate registration of node: ArithmeticException, formerNode: ArithmeticException 
193789     ERROR Test worker     d.u.i.k.j.KeYJPMapping    Duplicate registration of node: ArrayIndexOutOfBoundsException, formerNode: ArrayIndexOutOfBoundsException 
193789     ERROR Test worker     d.u.i.k.j.KeYJPMapping    Duplicate registration of node: ArrayStoreException, formerNode: ArrayStoreException 
193789     ERROR Test worker     d.u.i.k.j.KeYJPMapping    Duplicate registration of node: AssertionError, formerNode: AssertionError 
193806     ERROR Test worker     d.u.i.k.j.KeYJPMapping    Duplicate registration of node: Character, formerNode: Character 
193806     ERROR Test worker     d.u.i.k.j.KeYJPMapping    Duplicate registration of node: Class, formerNode: java.lang.Class 
193806     ERROR Test worker     d.u.i.k.j.KeYJPMapping    Duplicate registration of node: Class, formerNode: java.lang.Class 
193806     ERROR Test worker     d.u.i.k.j.KeYJPMapping    Duplicate registration of node: ClassCastException, formerNode: ClassCastException 
193806     ERROR Test worker     d.u.i.k.j.KeYJPMapping    Duplicate registration of node: CloneNotSupportedException, formerNode: CloneNotSupportedException 
193806     ERROR Test worker     d.u.i.k.j.KeYJPMapping    Duplicate registration of node: Cloneable, formerNode: Cloneable 
193806     ERROR Test worker     d.u.i.k.j.KeYJPMapping    Duplicate registration of node: Comparable, formerNode: Comparable 
193806     ERROR Test worker     d.u.i.k.j.KeYJPMapping    Duplicate registration of node: Double, formerNode: Double 
193806     ERROR Test worker     d.u.i.k.j.KeYJPMapping    Duplicate registration of node: Enum, formerNode: java.lang.Enum 
193806     ERROR Test worker     d.u.i.k.j.KeYJPMapping    Duplicate registration of node: Enum, formerNode: java.lang.Enum 
193806     ERROR Test worker     d.u.i.k.j.KeYJPMapping    Duplicate registration of node: Error, formerNode: Error 
193806     ERROR Test worker     d.u.i.k.j.KeYJPMapping    Duplicate registration of node: Exception, formerNode: Exception 
193820     ERROR Test worker     d.u.i.k.j.KeYJPMapping    Duplicate registration of node: ExceptionInInitializerError, formerNode: java.lang.ExceptionInInitializerError 
193820     ERROR Test worker     d.u.i.k.j.KeYJPMapping    Duplicate registration of node: ExceptionInInitializerError, formerNode: java.lang.ExceptionInInitializerError 
193820     ERROR Test worker     d.u.i.k.j.KeYJPMapping    Duplicate registration of node: Float, formerNode: Float 
193820     ERROR Test worker     d.u.i.k.j.KeYJPMapping    Duplicate registration of node: IllegalArgumentException, formerNode: IllegalArgumentException 
193820     ERROR Test worker     d.u.i.k.j.KeYJPMapping    Duplicate registration of node: IndexOutOfBoundsException, formerNode: IndexOutOfBoundsException 
193836     ERROR Test worker     d.u.i.k.j.KeYJPMapping    Duplicate registration of node: Integer, formerNode: java.lang.Integer 
193836     ERROR Test worker     d.u.i.k.j.KeYJPMapping    Duplicate registration of node: Integer, formerNode: java.lang.Integer 
193836     ERROR Test worker     d.u.i.k.j.KeYJPMapping    Duplicate registration of node: InterruptedException, formerNode: InterruptedException 
193836     ERROR Test worker     d.u.i.k.j.KeYJPMapping    Duplicate registration of node: Iterable, formerNode: Iterable 
193836     ERROR Test worker     d.u.i.k.j.KeYJPMapping    Duplicate registration of node: LinkageError, formerNode: LinkageError 
193853     ERROR Test worker     d.u.i.k.j.KeYJPMapping    Duplicate registration of node: Math, formerNode: Math 
193853     ERROR Test worker     d.u.i.k.j.KeYJPMapping    Duplicate registration of node: NegativeArraySizeException, formerNode: NegativeArraySizeException 
193853     ERROR Test worker     d.u.i.k.j.KeYJPMapping    Duplicate registration of node: NoClassDefFoundError, formerNode: java.lang.NoClassDefFoundError 
193853     ERROR Test worker     d.u.i.k.j.KeYJPMapping    Duplicate registration of node: NoClassDefFoundError, formerNode: java.lang.NoClassDefFoundError 
193853     ERROR Test worker     d.u.i.k.j.KeYJPMapping    Duplicate registration of node: NullPointerException, formerNode: NullPointerException 
193853     ERROR Test worker     d.u.i.k.j.KeYJPMapping    Duplicate registration of node: Number, formerNode: Number 
193853     ERROR Test worker     d.u.i.k.j.KeYJPMapping    Duplicate registration of node: NumberFormatException, formerNode: NumberFormatException 
193853     ERROR Test worker     d.u.i.k.j.KeYJPMapping    Duplicate registration of node: VirtualMachineError, formerNode: VirtualMachineError 
193853     ERROR Test worker     d.u.i.k.j.KeYJPMapping    Duplicate registration of node: OutOfMemoryError, formerNode: OutOfMemoryError 
193853     ERROR Test worker     d.u.i.k.j.KeYJPMapping    Duplicate registration of node: Runnable, formerNode: Runnable 
193869     ERROR Test worker     d.u.i.k.j.KeYJPMapping    Duplicate registration of node: RuntimeException, formerNode: RuntimeException 
193869     ERROR Test worker     d.u.i.k.j.KeYJPMapping    Duplicate registration of node: /*@pure*/
int, formerNode: int 
193869     ERROR Test worker     d.u.i.k.j.KeYJPMapping    Duplicate registration of node: /*@ helper */
int, formerNode: int 
193869     ERROR Test worker     d.u.i.k.j.KeYJPMapping    Duplicate registration of node: /*@ helper */
boolean, formerNode: /*@ pure @*/
boolean 
193885     ERROR Test worker     d.u.i.k.j.KeYJPMapping    Duplicate registration of node: /*@ helper */
java.lang.String, formerNode: java.lang.String 
193900     ERROR Test worker     d.u.i.k.j.KeYJPMapping    Duplicate registration of node: String, formerNode: java.lang.String 
193937     ERROR Test worker     d.u.i.k.j.KeYJPMapping    Duplicate registration of node: String, formerNode: java.lang.String 
193937     ERROR Test worker     d.u.i.k.j.KeYJPMapping    Duplicate registration of node: char, formerNode: /*@ helper */
char 
193937     ERROR Test worker     d.u.i.k.j.KeYJPMapping    Duplicate registration of node: StringBuffer, formerNode: StringBuffer 
193937     ERROR Test worker     d.u.i.k.j.KeYJPMapping    Duplicate registration of node: System, formerNode: System 
193937     ERROR Test worker     d.u.i.k.j.KeYJPMapping    Duplicate registration of node: Thread, formerNode: Thread 
193952     ERROR Test worker     d.u.i.k.j.KeYJPMapping    Duplicate registration of node: Throwable, formerNode: java.lang.Throwable 
193952     ERROR Test worker     d.u.i.k.j.KeYJPMapping    Duplicate registration of node: Throwable, formerNode: java.lang.Throwable 
193952     ERROR Test worker     d.u.i.k.j.KeYJPMapping    Duplicate registration of node: Collection, formerNode: Collection 
193952     ERROR Test worker     d.u.i.k.j.KeYJPMapping    Duplicate registration of node: Iterator, formerNode: java.util.Iterator 
193952     ERROR Test worker     d.u.i.k.j.KeYJPMapping    Duplicate registration of node: Iterator, formerNode: java.util.Iterator 
193952     ERROR Test worker     d.u.i.k.j.KeYJPMapping    Duplicate registration of node: List, formerNode: java.util.List 
193968     ERROR Test worker     d.u.i.k.j.KeYJPMapping    Duplicate registration of node: List, formerNode: java.util.List 
193968     ERROR Test worker     d.u.i.k.j.KeYJPMapping    Duplicate registration of node: ListIterator, formerNode: java.util.ListIterator 
193968     ERROR Test worker     d.u.i.k.j.KeYJPMapping    Duplicate registration of node: ListIterator, formerNode: java.util.ListIterator 
193968     ERROR Test worker     d.u.i.k.j.KeYJPMapping    Duplicate registration of node: Long, formerNode: Long 
193968     ERROR Test worker     d.u.i.k.j.KeYJPMapping    Duplicate registration of node: Boolean, formerNode: Boolean 
193968     ERROR Test worker     d.u.i.k.j.KeYJPMapping    Duplicate registration of node: Map, formerNode: Map 
193968     ERROR Test worker     d.u.i.k.j.KeYJPMapping    Duplicate registration of node: Set, formerNode: java.util.Set 
193968     ERROR Test worker     d.u.i.k.j.KeYJPMapping    Duplicate registration of node: Set, formerNode: java.util.Set 
193983     ERROR Test worker     d.u.i.k.j.KeYJPMapping    Duplicate registration of node: FilterOutputStream, formerNode: FilterOutputStream 
193983     ERROR Test worker     d.u.i.k.j.KeYJPMapping    Duplicate registration of node: InputStream, formerNode: java.io.InputStream 
193983     ERROR Test worker     d.u.i.k.j.KeYJPMapping    Duplicate registration of node: InputStream, formerNode: java.io.InputStream 
193983     ERROR Test worker     d.u.i.k.j.KeYJPMapping    Duplicate registration of node: IOException, formerNode: IOException 
193983     ERROR Test worker     d.u.i.k.j.KeYJPMapping    Duplicate registration of node: OutputStream, formerNode: java.io.OutputStream 
193983     ERROR Test worker     d.u.i.k.j.KeYJPMapping    Duplicate registration of node: OutputStream, formerNode: java.io.OutputStream 
193983     ERROR Test worker     d.u.i.k.j.KeYJPMapping    Duplicate registration of node: PrintStream, formerNode: java.io.PrintStream 
193983     ERROR Test worker     d.u.i.k.j.KeYJPMapping    Duplicate registration of node: PrintStream, formerNode: java.io.PrintStream 
193983     ERROR Test worker     d.u.i.k.j.KeYJPMapping    Duplicate registration of node: Serializable, formerNode: Serializable 
193983     ERROR Test worker     d.u.i.k.j.KeYJPMapping    Duplicate registration of node: BigInteger, formerNode: java.math.BigInteger 
193983     ERROR Test worker     d.u.i.k.j.KeYJPMapping    Duplicate registration of node: BigInteger, formerNode: java.math.BigInteger 
193999     ERROR Test worker     d.u.i.k.j.KeYJPMapping    Duplicate registration of node: ArrayList, formerNode: ArrayList 
193999     ERROR Test worker     d.u.i.k.j.KeYJPMapping    Duplicate registration of node: byte[], formerNode: byte[] 
194015     ERROR Test worker     d.u.i.k.j.KeYJPMapping    Duplicate registration of node: Arrays, formerNode: Arrays 
194015     ERROR Test worker     d.u.i.k.j.KeYJPMapping    Duplicate registration of node: ListIteratorImpl, formerNode: ListIteratorImpl 
194015     ERROR Test worker     d.u.i.k.j.KeYJPMapping    Duplicate registration of node: Date, formerNode: Date 
194030     ERROR Test worker     d.u.i.k.j.KeYJPMapping    Duplicate registration of node: LinkedHashMap, formerNode: LinkedHashMap 
194030     ERROR Test worker     d.u.i.k.j.KeYJPMapping    Duplicate registration of node: /*@pure@*/
String, formerNode: /*@strictly_pure*/
java.lang.String 
194030     ERROR Test worker     d.u.i.k.j.KeYJPMapping    Duplicate registration of node: LinkedList, formerNode: LinkedList 
194030     ERROR Test worker     d.u.i.k.j.KeYJPMapping    Duplicate registration of node: /*@ spec_java_math @*/
TestClass, formerNode: TestClass 
194030     ERROR Test worker     d.u.i.k.j.KeYJPMapping    Duplicate registration of node: /*@ spec_java_math @*/
TestClass, formerNode: TestClass 
194030     ERROR Test worker     d.u.i.k.j.KeYJPMapping    Duplicate registration of value: testPackage.TestClass
testPackage.TestClass::instance = new testPackage.testPackage.TestClass(
  
);, formerValue: testPackage.TestClass
testPackage.TestClass::instance = new testPackage.testPackage.TestClass(
  
); 
194030     ERROR Test worker     d.u.i.k.j.KeYJPMapping    Duplicate registration of value: public
  static testPackage.testPackage.TestClass testPackage.TestClass
  testPackage.TestClass::instance = new testPackage.testPackage.TestClass(
    
  );, formerValue: public
  static testPackage.testPackage.TestClass testPackage.TestClass
  testPackage.TestClass::instance = new testPackage.testPackage.TestClass(
    
  ); 
194250     ERROR Test worker     d.u.i.k.j.KeYJPMapping    Duplicate registration of node: boolean, formerNode: /*@ pure @*/
boolean 
194266     ERROR Test worker     d.u.i.k.j.KeYJPMapping    Duplicate registration of node: Object, formerNode: java.lang.Object 
194266     ERROR Test worker     d.u.i.k.j.KeYJPMapping    Duplicate registration of node: Object, formerNode: java.lang.Object 
194266     ERROR Test worker     d.u.i.k.j.KeYJPMapping    Duplicate registration of node: Annotation, formerNode: Annotation 
194266     ERROR Test worker     d.u.i.k.j.KeYJPMapping    Duplicate registration of node: ArithmeticException, formerNode: ArithmeticException 
194266     ERROR Test worker     d.u.i.k.j.KeYJPMapping    Duplicate registration of node: ArrayIndexOutOfBoundsException, formerNode: ArrayIndexOutOfBoundsException 
194266     ERROR Test worker     d.u.i.k.j.KeYJPMapping    Duplicate registration of node: ArrayStoreException, formerNode: ArrayStoreException 
194282     ERROR Test worker     d.u.i.k.j.KeYJPMapping    Duplicate registration of node: AssertionError, formerNode: AssertionError 
194282     ERROR Test worker     d.u.i.k.j.KeYJPMapping    Duplicate registration of node: Character, formerNode: Character 
194282     ERROR Test worker     d.u.i.k.j.KeYJPMapping    Duplicate registration of node: Class, formerNode: java.lang.Class 
194282     ERROR Test worker     d.u.i.k.j.KeYJPMapping    Duplicate registration of node: Class, formerNode: java.lang.Class 
194282     ERROR Test worker     d.u.i.k.j.KeYJPMapping    Duplicate registration of node: ClassCastException, formerNode: ClassCastException 
194282     ERROR Test worker     d.u.i.k.j.KeYJPMapping    Duplicate registration of node: CloneNotSupportedException, formerNode: CloneNotSupportedException 
194282     ERROR Test worker     d.u.i.k.j.KeYJPMapping    Duplicate registration of node: Cloneable, formerNode: Cloneable 
194282     ERROR Test worker     d.u.i.k.j.KeYJPMapping    Duplicate registration of node: Comparable, formerNode: Comparable 
194282     ERROR Test worker     d.u.i.k.j.KeYJPMapping    Duplicate registration of node: Double, formerNode: Double 
194282     ERROR Test worker     d.u.i.k.j.KeYJPMapping    Duplicate registration of node: Enum, formerNode: java.lang.Enum 
194282     ERROR Test worker     d.u.i.k.j.KeYJPMapping    Duplicate registration of node: Enum, formerNode: java.lang.Enum 
194297     ERROR Test worker     d.u.i.k.j.KeYJPMapping    Duplicate registration of node: Error, formerNode: Error 
194297     ERROR Test worker     d.u.i.k.j.KeYJPMapping    Duplicate registration of node: Exception, formerNode: Exception 
194297     ERROR Test worker     d.u.i.k.j.KeYJPMapping    Duplicate registration of node: ExceptionInInitializerError, formerNode: java.lang.ExceptionInInitializerError 
194297     ERROR Test worker     d.u.i.k.j.KeYJPMapping    Duplicate registration of node: ExceptionInInitializerError, formerNode: java.lang.ExceptionInInitializerError 
194297     ERROR Test worker     d.u.i.k.j.KeYJPMapping    Duplicate registration of node: Float, formerNode: Float 
194297     ERROR Test worker     d.u.i.k.j.KeYJPMapping    Duplicate registration of node: IllegalArgumentException, formerNode: IllegalArgumentException 
194328     ERROR Test worker     d.u.i.k.j.KeYJPMapping    Duplicate registration of node: IndexOutOfBoundsException, formerNode: IndexOutOfBoundsException 
194345     ERROR Test worker     d.u.i.k.j.KeYJPMapping    Duplicate registration of node: Integer, formerNode: java.lang.Integer 
194345     ERROR Test worker     d.u.i.k.j.KeYJPMapping    Duplicate registration of node: Integer, formerNode: java.lang.Integer 
194345     ERROR Test worker     d.u.i.k.j.KeYJPMapping    Duplicate registration of node: InterruptedException, formerNode: InterruptedException 
194345     ERROR Test worker     d.u.i.k.j.KeYJPMapping    Duplicate registration of node: Iterable, formerNode: Iterable 
194345     ERROR Test worker     d.u.i.k.j.KeYJPMapping    Duplicate registration of node: LinkageError, formerNode: LinkageError 
194361     ERROR Test worker     d.u.i.k.j.KeYJPMapping    Duplicate registration of node: Math, formerNode: Math 
194361     ERROR Test worker     d.u.i.k.j.KeYJPMapping    Duplicate registration of node: NegativeArraySizeException, formerNode: NegativeArraySizeException 
194361     ERROR Test worker     d.u.i.k.j.KeYJPMapping    Duplicate registration of node: NoClassDefFoundError, formerNode: java.lang.NoClassDefFoundError 
194361     ERROR Test worker     d.u.i.k.j.KeYJPMapping    Duplicate registration of node: NoClassDefFoundError, formerNode: java.lang.NoClassDefFoundError 
194361     ERROR Test worker     d.u.i.k.j.KeYJPMapping    Duplicate registration of node: NullPointerException, formerNode: NullPointerException 
194361     ERROR Test worker     d.u.i.k.j.KeYJPMapping    Duplicate registration of node: Number, formerNode: Number 
194361     ERROR Test worker     d.u.i.k.j.KeYJPMapping    Duplicate registration of node: NumberFormatException, formerNode: NumberFormatException 
194361     ERROR Test worker     d.u.i.k.j.KeYJPMapping    Duplicate registration of node: VirtualMachineError, formerNode: VirtualMachineError 
194361     ERROR Test worker     d.u.i.k.j.KeYJPMapping    Duplicate registration of node: OutOfMemoryError, formerNode: OutOfMemoryError 
194361     ERROR Test worker     d.u.i.k.j.KeYJPMapping    Duplicate registration of node: Runnable, formerNode: Runnable 
194361     ERROR Test worker     d.u.i.k.j.KeYJPMapping    Duplicate registration of node: RuntimeException, formerNode: RuntimeException 
194361     ERROR Test worker     d.u.i.k.j.KeYJPMapping    Duplicate registration of node: /*@pure*/
int, formerNode: int 
194376     ERROR Test worker     d.u.i.k.j.KeYJPMapping    Duplicate registration of node: /*@ helper */
int, formerNode: int 
194376     ERROR Test worker     d.u.i.k.j.KeYJPMapping    Duplicate registration of node: /*@ helper */
boolean, formerNode: /*@ pure @*/
boolean 
194376     ERROR Test worker     d.u.i.k.j.KeYJPMapping    Duplicate registration of node: /*@ helper */
java.lang.String, formerNode: java.lang.String 
194392     ERROR Test worker     d.u.i.k.j.KeYJPMapping    Duplicate registration of node: String, formerNode: java.lang.String 
194408     ERROR Test worker     d.u.i.k.j.KeYJPMapping    Duplicate registration of node: String, formerNode: java.lang.String 
194408     ERROR Test worker     d.u.i.k.j.KeYJPMapping    Duplicate registration of node: char, formerNode: /*@ helper */
char 
194408     ERROR Test worker     d.u.i.k.j.KeYJPMapping    Duplicate registration of node: StringBuffer, formerNode: StringBuffer 
194423     ERROR Test worker     d.u.i.k.j.KeYJPMapping    Duplicate registration of node: System, formerNode: System 
194423     ERROR Test worker     d.u.i.k.j.KeYJPMapping    Duplicate registration of node: Thread, formerNode: Thread 
194423     ERROR Test worker     d.u.i.k.j.KeYJPMapping    Duplicate registration of node: Throwable, formerNode: java.lang.Throwable 
194423     ERROR Test worker     d.u.i.k.j.KeYJPMapping    Duplicate registration of node: Throwable, formerNode: java.lang.Throwable 
194439     ERROR Test worker     d.u.i.k.j.KeYJPMapping    Duplicate registration of node: Collection, formerNode: Collection 
194439     ERROR Test worker     d.u.i.k.j.KeYJPMapping    Duplicate registration of node: Iterator, formerNode: java.util.Iterator 
194439     ERROR Test worker     d.u.i.k.j.KeYJPMapping    Duplicate registration of node: Iterator, formerNode: java.util.Iterator 
194439     ERROR Test worker     d.u.i.k.j.KeYJPMapping    Duplicate registration of node: List, formerNode: java.util.List 
194439     ERROR Test worker     d.u.i.k.j.KeYJPMapping    Duplicate registration of node: List, formerNode: java.util.List 
194439     ERROR Test worker     d.u.i.k.j.KeYJPMapping    Duplicate registration of node: ListIterator, formerNode: java.util.ListIterator 
194439     ERROR Test worker     d.u.i.k.j.KeYJPMapping    Duplicate registration of node: ListIterator, formerNode: java.util.ListIterator 
194439     ERROR Test worker     d.u.i.k.j.KeYJPMapping    Duplicate registration of node: Long, formerNode: Long 
194439     ERROR Test worker     d.u.i.k.j.KeYJPMapping    Duplicate registration of node: Boolean, formerNode: Boolean 
194455     ERROR Test worker     d.u.i.k.j.KeYJPMapping    Duplicate registration of node: Map, formerNode: Map 
194455     ERROR Test worker     d.u.i.k.j.KeYJPMapping    Duplicate registration of node: Set, formerNode: java.util.Set 
194455     ERROR Test worker     d.u.i.k.j.KeYJPMapping    Duplicate registration of node: Set, formerNode: java.util.Set 
194455     ERROR Test worker     d.u.i.k.j.KeYJPMapping    Duplicate registration of node: FilterOutputStream, formerNode: FilterOutputStream 
194455     ERROR Test worker     d.u.i.k.j.KeYJPMapping    Duplicate registration of node: InputStream, formerNode: java.io.InputStream 
194455     ERROR Test worker     d.u.i.k.j.KeYJPMapping    Duplicate registration of node: InputStream, formerNode: java.io.InputStream 
194455     ERROR Test worker     d.u.i.k.j.KeYJPMapping    Duplicate registration of node: IOException, formerNode: IOException 
194455     ERROR Test worker     d.u.i.k.j.KeYJPMapping    Duplicate registration of node: OutputStream, formerNode: java.io.OutputStream 
194455     ERROR Test worker     d.u.i.k.j.KeYJPMapping    Duplicate registration of node: OutputStream, formerNode: java.io.OutputStream 
194470     ERROR Test worker     d.u.i.k.j.KeYJPMapping    Duplicate registration of node: PrintStream, formerNode: java.io.PrintStream 
194470     ERROR Test worker     d.u.i.k.j.KeYJPMapping    Duplicate registration of node: PrintStream, formerNode: java.io.PrintStream 
194470     ERROR Test worker     d.u.i.k.j.KeYJPMapping    Duplicate registration of node: Serializable, formerNode: Serializable 
194470     ERROR Test worker     d.u.i.k.j.KeYJPMapping    Duplicate registration of node: BigInteger, formerNode: java.math.BigInteger 
194470     ERROR Test worker     d.u.i.k.j.KeYJPMapping    Duplicate registration of node: BigInteger, formerNode: java.math.BigInteger 
194470     ERROR Test worker     d.u.i.k.j.KeYJPMapping    Duplicate registration of node: ArrayList, formerNode: ArrayList 
194470     ERROR Test worker     d.u.i.k.j.KeYJPMapping    Duplicate registration of node: byte[], formerNode: byte[] 
194501     ERROR Test worker     d.u.i.k.j.KeYJPMapping    Duplicate registration of node: Arrays, formerNode: Arrays 
194501     ERROR Test worker     d.u.i.k.j.KeYJPMapping    Duplicate registration of node: ListIteratorImpl, formerNode: ListIteratorImpl 
194501     ERROR Test worker     d.u.i.k.j.KeYJPMapping    Duplicate registration of node: Date, formerNode: Date 
194501     ERROR Test worker     d.u.i.k.j.KeYJPMapping    Duplicate registration of node: LinkedHashMap, formerNode: LinkedHashMap 
194501     ERROR Test worker     d.u.i.k.j.KeYJPMapping    Duplicate registration of node: /*@pure@*/
String, formerNode: /*@strictly_pure*/
java.lang.String 
194501     ERROR Test worker     d.u.i.k.j.KeYJPMapping    Duplicate registration of node: LinkedList, formerNode: LinkedList 
194501     ERROR Test worker     d.u.i.k.j.KeYJPMapping    Duplicate registration of node: /*@ spec_java_math @*/
TestClass, formerNode: TestClass 
194501     ERROR Test worker     d.u.i.k.j.KeYJPMapping    Duplicate registration of node: /*@ spec_java_math @*/
TestClass, formerNode: TestClass 
194501     ERROR Test worker     d.u.i.k.j.KeYJPMapping    Duplicate registration of value: testPackage.TestClass
testPackage.TestClass::instance = new testPackage.testPackage.TestClass(
  
);, formerValue: testPackage.TestClass
testPackage.TestClass::instance = new testPackage.testPackage.TestClass(
  
); 
194501     ERROR Test worker     d.u.i.k.j.KeYJPMapping    Duplicate registration of value: public
  static testPackage.testPackage.TestClass testPackage.TestClass
  testPackage.TestClass::instance = new testPackage.testPackage.TestClass(
    
  );, formerValue: public
  static testPackage.testPackage.TestClass testPackage.TestClass
  testPackage.TestClass::instance = new testPackage.testPackage.TestClass(
    
  ); 
194753     ERROR Test worker     d.u.i.k.j.KeYJPMapping    Duplicate registration of node: boolean, formerNode: /*@ pure @*/
boolean 
194753     ERROR Test worker     d.u.i.k.j.KeYJPMapping    Duplicate registration of node: Object, formerNode: java.lang.Object 
194753     ERROR Test worker     d.u.i.k.j.KeYJPMapping    Duplicate registration of node: Object, formerNode: java.lang.Object 
194753     ERROR Test worker     d.u.i.k.j.KeYJPMapping    Duplicate registration of node: Annotation, formerNode: Annotation 
194753     ERROR Test worker     d.u.i.k.j.KeYJPMapping    Duplicate registration of node: ArithmeticException, formerNode: ArithmeticException 
194768     ERROR Test worker     d.u.i.k.j.KeYJPMapping    Duplicate registration of node: ArrayIndexOutOfBoundsException, formerNode: ArrayIndexOutOfBoundsException 
194768     ERROR Test worker     d.u.i.k.j.KeYJPMapping    Duplicate registration of node: ArrayStoreException, formerNode: ArrayStoreException 
194768     ERROR Test worker     d.u.i.k.j.KeYJPMapping    Duplicate registration of node: AssertionError, formerNode: AssertionError 
194768     ERROR Test worker     d.u.i.k.j.KeYJPMapping    Duplicate registration of node: Character, formerNode: Character 
194768     ERROR Test worker     d.u.i.k.j.KeYJPMapping    Duplicate registration of node: Class, formerNode: java.lang.Class 
194768     ERROR Test worker     d.u.i.k.j.KeYJPMapping    Duplicate registration of node: Class, formerNode: java.lang.Class 
194768     ERROR Test worker     d.u.i.k.j.KeYJPMapping    Duplicate registration of node: ClassCastException, formerNode: ClassCastException 
194768     ERROR Test worker     d.u.i.k.j.KeYJPMapping    Duplicate registration of node: CloneNotSupportedException, formerNode: CloneNotSupportedException 
194768     ERROR Test worker     d.u.i.k.j.KeYJPMapping    Duplicate registration of node: Cloneable, formerNode: Cloneable 
194768     ERROR Test worker     d.u.i.k.j.KeYJPMapping    Duplicate registration of node: Comparable, formerNode: Comparable 
194768     ERROR Test worker     d.u.i.k.j.KeYJPMapping    Duplicate registration of node: Double, formerNode: Double 
194784     ERROR Test worker     d.u.i.k.j.KeYJPMapping    Duplicate registration of node: Enum, formerNode: java.lang.Enum 
194784     ERROR Test worker     d.u.i.k.j.KeYJPMapping    Duplicate registration of node: Enum, formerNode: java.lang.Enum 
194784     ERROR Test worker     d.u.i.k.j.KeYJPMapping    Duplicate registration of node: Error, formerNode: Error 
194784     ERROR Test worker     d.u.i.k.j.KeYJPMapping    Duplicate registration of node: Exception, formerNode: Exception 
194784     ERROR Test worker     d.u.i.k.j.KeYJPMapping    Duplicate registration of node: ExceptionInInitializerError, formerNode: java.lang.ExceptionInInitializerError 
194784     ERROR Test worker     d.u.i.k.j.KeYJPMapping    Duplicate registration of node: ExceptionInInitializerError, formerNode: java.lang.ExceptionInInitializerError 
194784     ERROR Test worker     d.u.i.k.j.KeYJPMapping    Duplicate registration of node: Float, formerNode: Float 
194784     ERROR Test worker     d.u.i.k.j.KeYJPMapping    Duplicate registration of node: IllegalArgumentException, formerNode: IllegalArgumentException 
194784     ERROR Test worker     d.u.i.k.j.KeYJPMapping    Duplicate registration of node: IndexOutOfBoundsException, formerNode: IndexOutOfBoundsException 
194800     ERROR Test worker     d.u.i.k.j.KeYJPMapping    Duplicate registration of node: Integer, formerNode: java.lang.Integer 
194800     ERROR Test worker     d.u.i.k.j.KeYJPMapping    Duplicate registration of node: Integer, formerNode: java.lang.Integer 
194800     ERROR Test worker     d.u.i.k.j.KeYJPMapping    Duplicate registration of node: InterruptedException, formerNode: InterruptedException 
194816     ERROR Test worker     d.u.i.k.j.KeYJPMapping    Duplicate registration of node: Iterable, formerNode: Iterable 
194816     ERROR Test worker     d.u.i.k.j.KeYJPMapping    Duplicate registration of node: LinkageError, formerNode: LinkageError 
194816     ERROR Test worker     d.u.i.k.j.KeYJPMapping    Duplicate registration of node: Math, formerNode: Math 
194816     ERROR Test worker     d.u.i.k.j.KeYJPMapping    Duplicate registration of node: NegativeArraySizeException, formerNode: NegativeArraySizeException 
194816     ERROR Test worker     d.u.i.k.j.KeYJPMapping    Duplicate registration of node: NoClassDefFoundError, formerNode: java.lang.NoClassDefFoundError 
194831     ERROR Test worker     d.u.i.k.j.KeYJPMapping    Duplicate registration of node: NoClassDefFoundError, formerNode: java.lang.NoClassDefFoundError 
194831     ERROR Test worker     d.u.i.k.j.KeYJPMapping    Duplicate registration of node: NullPointerException, formerNode: NullPointerException 
194831     ERROR Test worker     d.u.i.k.j.KeYJPMapping    Duplicate registration of node: Number, formerNode: Number 
194831     ERROR Test worker     d.u.i.k.j.KeYJPMapping    Duplicate registration of node: NumberFormatException, formerNode: NumberFormatException 
194831     ERROR Test worker     d.u.i.k.j.KeYJPMapping    Duplicate registration of node: VirtualMachineError, formerNode: VirtualMachineError 
194831     ERROR Test worker     d.u.i.k.j.KeYJPMapping    Duplicate registration of node: OutOfMemoryError, formerNode: OutOfMemoryError 
194831     ERROR Test worker     d.u.i.k.j.KeYJPMapping    Duplicate registration of node: Runnable, formerNode: Runnable 
194831     ERROR Test worker     d.u.i.k.j.KeYJPMapping    Duplicate registration of node: RuntimeException, formerNode: RuntimeException 
194831     ERROR Test worker     d.u.i.k.j.KeYJPMapping    Duplicate registration of node: /*@pure*/
int, formerNode: int 
194831     ERROR Test worker     d.u.i.k.j.KeYJPMapping    Duplicate registration of node: /*@ helper */
int, formerNode: int 
194831     ERROR Test worker     d.u.i.k.j.KeYJPMapping    Duplicate registration of node: /*@ helper */
boolean, formerNode: /*@ pure @*/
boolean 
194847     ERROR Test worker     d.u.i.k.j.KeYJPMapping    Duplicate registration of node: /*@ helper */
java.lang.String, formerNode: java.lang.String 
194863     ERROR Test worker     d.u.i.k.j.KeYJPMapping    Duplicate registration of node: String, formerNode: java.lang.String 
194878     ERROR Test worker     d.u.i.k.j.KeYJPMapping    Duplicate registration of node: String, formerNode: java.lang.String 
194894     ERROR Test worker     d.u.i.k.j.KeYJPMapping    Duplicate registration of node: char, formerNode: /*@ helper */
char 
194894     ERROR Test worker     d.u.i.k.j.KeYJPMapping    Duplicate registration of node: StringBuffer, formerNode: StringBuffer 
194894     ERROR Test worker     d.u.i.k.j.KeYJPMapping    Duplicate registration of node: System, formerNode: System 
194894     ERROR Test worker     d.u.i.k.j.KeYJPMapping    Duplicate registration of node: Thread, formerNode: Thread 
194894     ERROR Test worker     d.u.i.k.j.KeYJPMapping    Duplicate registration of node: Throwable, formerNode: java.lang.Throwable 
194894     ERROR Test worker     d.u.i.k.j.KeYJPMapping    Duplicate registration of node: Throwable, formerNode: java.lang.Throwable 
194909     ERROR Test worker     d.u.i.k.j.KeYJPMapping    Duplicate registration of node: Collection, formerNode: Collection 
194909     ERROR Test worker     d.u.i.k.j.KeYJPMapping    Duplicate registration of node: Iterator, formerNode: java.util.Iterator 
194909     ERROR Test worker     d.u.i.k.j.KeYJPMapping    Duplicate registration of node: Iterator, formerNode: java.util.Iterator 
194925     ERROR Test worker     d.u.i.k.j.KeYJPMapping    Duplicate registration of node: List, formerNode: java.util.List 
194925     ERROR Test worker     d.u.i.k.j.KeYJPMapping    Duplicate registration of node: List, formerNode: java.util.List 
194925     ERROR Test worker     d.u.i.k.j.KeYJPMapping    Duplicate registration of node: ListIterator, formerNode: java.util.ListIterator 
194925     ERROR Test worker     d.u.i.k.j.KeYJPMapping    Duplicate registration of node: ListIterator, formerNode: java.util.ListIterator 
194925     ERROR Test worker     d.u.i.k.j.KeYJPMapping    Duplicate registration of node: Long, formerNode: Long 
194925     ERROR Test worker     d.u.i.k.j.KeYJPMapping    Duplicate registration of node: Boolean, formerNode: Boolean 
194925     ERROR Test worker     d.u.i.k.j.KeYJPMapping    Duplicate registration of node: Map, formerNode: Map 
194941     ERROR Test worker     d.u.i.k.j.KeYJPMapping    Duplicate registration of node: Set, formerNode: java.util.Set 
194941     ERROR Test worker     d.u.i.k.j.KeYJPMapping    Duplicate registration of node: Set, formerNode: java.util.Set 
194941     ERROR Test worker     d.u.i.k.j.KeYJPMapping    Duplicate registration of node: FilterOutputStream, formerNode: FilterOutputStream 
194941     ERROR Test worker     d.u.i.k.j.KeYJPMapping    Duplicate registration of node: InputStream, formerNode: java.io.InputStream 
194941     ERROR Test worker     d.u.i.k.j.KeYJPMapping    Duplicate registration of node: InputStream, formerNode: java.io.InputStream 
194941     ERROR Test worker     d.u.i.k.j.KeYJPMapping    Duplicate registration of node: IOException, formerNode: IOException 
194941     ERROR Test worker     d.u.i.k.j.KeYJPMapping    Duplicate registration of node: OutputStream, formerNode: java.io.OutputStream 
194941     ERROR Test worker     d.u.i.k.j.KeYJPMapping    Duplicate registration of node: OutputStream, formerNode: java.io.OutputStream 
194956     ERROR Test worker     d.u.i.k.j.KeYJPMapping    Duplicate registration of node: PrintStream, formerNode: java.io.PrintStream 
194956     ERROR Test worker     d.u.i.k.j.KeYJPMapping    Duplicate registration of node: PrintStream, formerNode: java.io.PrintStream 
194956     ERROR Test worker     d.u.i.k.j.KeYJPMapping    Duplicate registration of node: Serializable, formerNode: Serializable 
194956     ERROR Test worker     d.u.i.k.j.KeYJPMapping    Duplicate registration of node: BigInteger, formerNode: java.math.BigInteger 
194956     ERROR Test worker     d.u.i.k.j.KeYJPMapping    Duplicate registration of node: BigInteger, formerNode: java.math.BigInteger 
194956     ERROR Test worker     d.u.i.k.j.KeYJPMapping    Duplicate registration of node: ArrayList, formerNode: ArrayList 
194956     ERROR Test worker     d.u.i.k.j.KeYJPMapping    Duplicate registration of node: byte[], formerNode: byte[] 
194988     ERROR Test worker     d.u.i.k.j.KeYJPMapping    Duplicate registration of node: Arrays, formerNode: Arrays 
194988     ERROR Test worker     d.u.i.k.j.KeYJPMapping    Duplicate registration of node: ListIteratorImpl, formerNode: ListIteratorImpl 
194988     ERROR Test worker     d.u.i.k.j.KeYJPMapping    Duplicate registration of node: Date, formerNode: Date 
194988     ERROR Test worker     d.u.i.k.j.KeYJPMapping    Duplicate registration of node: LinkedHashMap, formerNode: LinkedHashMap 
194988     ERROR Test worker     d.u.i.k.j.KeYJPMapping    Duplicate registration of node: /*@pure@*/
String, formerNode: /*@strictly_pure*/
java.lang.String 
194988     ERROR Test worker     d.u.i.k.j.KeYJPMapping    Duplicate registration of node: LinkedList, formerNode: LinkedList 
194988     ERROR Test worker     d.u.i.k.j.KeYJPMapping    Duplicate registration of node: /*@ spec_java_math @*/
TestClass, formerNode: TestClass 
194988     ERROR Test worker     d.u.i.k.j.KeYJPMapping    Duplicate registration of node: /*@ spec_java_math @*/
TestClass, formerNode: TestClass 
195003     ERROR Test worker     d.u.i.k.j.KeYJPMapping    Duplicate registration of value: testPackage.TestClass
testPackage.TestClass::instance = new testPackage.testPackage.TestClass(
  
);, formerValue: testPackage.TestClass
testPackage.TestClass::instance = new testPackage.testPackage.TestClass(
  
); 
195003     ERROR Test worker     d.u.i.k.j.KeYJPMapping    Duplicate registration of value: public
  static testPackage.testPackage.TestClass testPackage.TestClass
  testPackage.TestClass::instance = new testPackage.testPackage.TestClass(
    
  );, formerValue: public
  static testPackage.testPackage.TestClass testPackage.TestClass
  testPackage.TestClass::instance = new testPackage.testPackage.TestClass(
    
  ); 
195245     ERROR Test worker     d.u.i.k.j.KeYJPMapping    Duplicate registration of node: boolean, formerNode: /*@ pure @*/
boolean 
195245     ERROR Test worker     d.u.i.k.j.KeYJPMapping    Duplicate registration of node: Object, formerNode: java.lang.Object 
195245     ERROR Test worker     d.u.i.k.j.KeYJPMapping    Duplicate registration of node: Object, formerNode: java.lang.Object 
195245     ERROR Test worker     d.u.i.k.j.KeYJPMapping    Duplicate registration of node: Annotation, formerNode: Annotation 
195245     ERROR Test worker     d.u.i.k.j.KeYJPMapping    Duplicate registration of node: ArithmeticException, formerNode: ArithmeticException 
195245     ERROR Test worker     d.u.i.k.j.KeYJPMapping    Duplicate registration of node: ArrayIndexOutOfBoundsException, formerNode: ArrayIndexOutOfBoundsException 
195245     ERROR Test worker     d.u.i.k.j.KeYJPMapping    Duplicate registration of node: ArrayStoreException, formerNode: ArrayStoreException 
195261     ERROR Test worker     d.u.i.k.j.KeYJPMapping    Duplicate registration of node: AssertionError, formerNode: AssertionError 
195261     ERROR Test worker     d.u.i.k.j.KeYJPMapping    Duplicate registration of node: Character, formerNode: Character 
195261     ERROR Test worker     d.u.i.k.j.KeYJPMapping    Duplicate registration of node: Class, formerNode: java.lang.Class 
195261     ERROR Test worker     d.u.i.k.j.KeYJPMapping    Duplicate registration of node: Class, formerNode: java.lang.Class 
195261     ERROR Test worker     d.u.i.k.j.KeYJPMapping    Duplicate registration of node: ClassCastException, formerNode: ClassCastException 
195261     ERROR Test worker     d.u.i.k.j.KeYJPMapping    Duplicate registration of node: CloneNotSupportedException, formerNode: CloneNotSupportedException 
195261     ERROR Test worker     d.u.i.k.j.KeYJPMapping    Duplicate registration of node: Cloneable, formerNode: Cloneable 
195261     ERROR Test worker     d.u.i.k.j.KeYJPMapping    Duplicate registration of node: Comparable, formerNode: Comparable 
195261     ERROR Test worker     d.u.i.k.j.KeYJPMapping    Duplicate registration of node: Double, formerNode: Double 
195261     ERROR Test worker     d.u.i.k.j.KeYJPMapping    Duplicate registration of node: Enum, formerNode: java.lang.Enum 
195261     ERROR Test worker     d.u.i.k.j.KeYJPMapping    Duplicate registration of node: Enum, formerNode: java.lang.Enum 
195277     ERROR Test worker     d.u.i.k.j.KeYJPMapping    Duplicate registration of node: Error, formerNode: Error 
195277     ERROR Test worker     d.u.i.k.j.KeYJPMapping    Duplicate registration of node: Exception, formerNode: Exception 
195277     ERROR Test worker     d.u.i.k.j.KeYJPMapping    Duplicate registration of node: ExceptionInInitializerError, formerNode: java.lang.ExceptionInInitializerError 
195277     ERROR Test worker     d.u.i.k.j.KeYJPMapping    Duplicate registration of node: ExceptionInInitializerError, formerNode: java.lang.ExceptionInInitializerError 
195277     ERROR Test worker     d.u.i.k.j.KeYJPMapping    Duplicate registration of node: Float, formerNode: Float 
195277     ERROR Test worker     d.u.i.k.j.KeYJPMapping    Duplicate registration of node: IllegalArgumentException, formerNode: IllegalArgumentException 
195277     ERROR Test worker     d.u.i.k.j.KeYJPMapping    Duplicate registration of node: IndexOutOfBoundsException, formerNode: IndexOutOfBoundsException 
195292     ERROR Test worker     d.u.i.k.j.KeYJPMapping    Duplicate registration of node: Integer, formerNode: java.lang.Integer 
195292     ERROR Test worker     d.u.i.k.j.KeYJPMapping    Duplicate registration of node: Integer, formerNode: java.lang.Integer 
195292     ERROR Test worker     d.u.i.k.j.KeYJPMapping    Duplicate registration of node: InterruptedException, formerNode: InterruptedException 
195292     ERROR Test worker     d.u.i.k.j.KeYJPMapping    Duplicate registration of node: Iterable, formerNode: Iterable 
195308     ERROR Test worker     d.u.i.k.j.KeYJPMapping    Duplicate registration of node: LinkageError, formerNode: LinkageError 
195308     ERROR Test worker     d.u.i.k.j.KeYJPMapping    Duplicate registration of node: Math, formerNode: Math 
195308     ERROR Test worker     d.u.i.k.j.KeYJPMapping    Duplicate registration of node: NegativeArraySizeException, formerNode: NegativeArraySizeException 
195308     ERROR Test worker     d.u.i.k.j.KeYJPMapping    Duplicate registration of node: NoClassDefFoundError, formerNode: java.lang.NoClassDefFoundError 
195308     ERROR Test worker     d.u.i.k.j.KeYJPMapping    Duplicate registration of node: NoClassDefFoundError, formerNode: java.lang.NoClassDefFoundError 
195323     ERROR Test worker     d.u.i.k.j.KeYJPMapping    Duplicate registration of node: NullPointerException, formerNode: NullPointerException 
195323     ERROR Test worker     d.u.i.k.j.KeYJPMapping    Duplicate registration of node: Number, formerNode: Number 
195323     ERROR Test worker     d.u.i.k.j.KeYJPMapping    Duplicate registration of node: NumberFormatException, formerNode: NumberFormatException 
195323     ERROR Test worker     d.u.i.k.j.KeYJPMapping    Duplicate registration of node: VirtualMachineError, formerNode: VirtualMachineError 
195323     ERROR Test worker     d.u.i.k.j.KeYJPMapping    Duplicate registration of node: OutOfMemoryError, formerNode: OutOfMemoryError 
195323     ERROR Test worker     d.u.i.k.j.KeYJPMapping    Duplicate registration of node: Runnable, formerNode: Runnable 
195323     ERROR Test worker     d.u.i.k.j.KeYJPMapping    Duplicate registration of node: RuntimeException, formerNode: RuntimeException 
195323     ERROR Test worker     d.u.i.k.j.KeYJPMapping    Duplicate registration of node: /*@pure*/
int, formerNode: int 
195339     ERROR Test worker     d.u.i.k.j.KeYJPMapping    Duplicate registration of node: /*@ helper */
int, formerNode: int 
195339     ERROR Test worker     d.u.i.k.j.KeYJPMapping    Duplicate registration of node: /*@ helper */
boolean, formerNode: /*@ pure @*/
boolean 
195339     ERROR Test worker     d.u.i.k.j.KeYJPMapping    Duplicate registration of node: /*@ helper */
java.lang.String, formerNode: java.lang.String 
195355     ERROR Test worker     d.u.i.k.j.KeYJPMapping    Duplicate registration of node: String, formerNode: java.lang.String 
195370     ERROR Test worker     d.u.i.k.j.KeYJPMapping    Duplicate registration of node: String, formerNode: java.lang.String 
195386     ERROR Test worker     d.u.i.k.j.KeYJPMapping    Duplicate registration of node: char, formerNode: /*@ helper */
char 
195386     ERROR Test worker     d.u.i.k.j.KeYJPMapping    Duplicate registration of node: StringBuffer, formerNode: StringBuffer 
195386     ERROR Test worker     d.u.i.k.j.KeYJPMapping    Duplicate registration of node: System, formerNode: System 
195386     ERROR Test worker     d.u.i.k.j.KeYJPMapping    Duplicate registration of node: Thread, formerNode: Thread 
195386     ERROR Test worker     d.u.i.k.j.KeYJPMapping    Duplicate registration of node: Throwable, formerNode: java.lang.Throwable 
195386     ERROR Test worker     d.u.i.k.j.KeYJPMapping    Duplicate registration of node: Throwable, formerNode: java.lang.Throwable 
195401     ERROR Test worker     d.u.i.k.j.KeYJPMapping    Duplicate registration of node: Collection, formerNode: Collection 
195401     ERROR Test worker     d.u.i.k.j.KeYJPMapping    Duplicate registration of node: Iterator, formerNode: java.util.Iterator 
195401     ERROR Test worker     d.u.i.k.j.KeYJPMapping    Duplicate registration of node: Iterator, formerNode: java.util.Iterator 
195401     ERROR Test worker     d.u.i.k.j.KeYJPMapping    Duplicate registration of node: List, formerNode: java.util.List 
195401     ERROR Test worker     d.u.i.k.j.KeYJPMapping    Duplicate registration of node: List, formerNode: java.util.List 
195401     ERROR Test worker     d.u.i.k.j.KeYJPMapping    Duplicate registration of node: ListIterator, formerNode: java.util.ListIterator 
195401     ERROR Test worker     d.u.i.k.j.KeYJPMapping    Duplicate registration of node: ListIterator, formerNode: java.util.ListIterator 
195417     ERROR Test worker     d.u.i.k.j.KeYJPMapping    Duplicate registration of node: Long, formerNode: Long 
195417     ERROR Test worker     d.u.i.k.j.KeYJPMapping    Duplicate registration of node: Boolean, formerNode: Boolean 
195417     ERROR Test worker     d.u.i.k.j.KeYJPMapping    Duplicate registration of node: Map, formerNode: Map 
195417     ERROR Test worker     d.u.i.k.j.KeYJPMapping    Duplicate registration of node: Set, formerNode: java.util.Set 
195417     ERROR Test worker     d.u.i.k.j.KeYJPMapping    Duplicate registration of node: Set, formerNode: java.util.Set 
195417     ERROR Test worker     d.u.i.k.j.KeYJPMapping    Duplicate registration of node: FilterOutputStream, formerNode: FilterOutputStream 
195433     ERROR Test worker     d.u.i.k.j.KeYJPMapping    Duplicate registration of node: InputStream, formerNode: java.io.InputStream 
195433     ERROR Test worker     d.u.i.k.j.KeYJPMapping    Duplicate registration of node: InputStream, formerNode: java.io.InputStream 
195433     ERROR Test worker     d.u.i.k.j.KeYJPMapping    Duplicate registration of node: IOException, formerNode: IOException 
195433     ERROR Test worker     d.u.i.k.j.KeYJPMapping    Duplicate registration of node: OutputStream, formerNode: java.io.OutputStream 
195433     ERROR Test worker     d.u.i.k.j.KeYJPMapping    Duplicate registration of node: OutputStream, formerNode: java.io.OutputStream 
195433     ERROR Test worker     d.u.i.k.j.KeYJPMapping    Duplicate registration of node: PrintStream, formerNode: java.io.PrintStream 
195433     ERROR Test worker     d.u.i.k.j.KeYJPMapping    Duplicate registration of node: PrintStream, formerNode: java.io.PrintStream 
195433     ERROR Test worker     d.u.i.k.j.KeYJPMapping    Duplicate registration of node: Serializable, formerNode: Serializable 
195433     ERROR Test worker     d.u.i.k.j.KeYJPMapping    Duplicate registration of node: BigInteger, formerNode: java.math.BigInteger 
195448     ERROR Test worker     d.u.i.k.j.KeYJPMapping    Duplicate registration of node: BigInteger, formerNode: java.math.BigInteger 
195448     ERROR Test worker     d.u.i.k.j.KeYJPMapping    Duplicate registration of node: ArrayList, formerNode: ArrayList 
195448     ERROR Test worker     d.u.i.k.j.KeYJPMapping    Duplicate registration of node: byte[], formerNode: byte[] 
195495     ERROR Test worker     d.u.i.k.j.KeYJPMapping    Duplicate registration of node: Arrays, formerNode: Arrays 
195495     ERROR Test worker     d.u.i.k.j.KeYJPMapping    Duplicate registration of node: ListIteratorImpl, formerNode: ListIteratorImpl 
195495     ERROR Test worker     d.u.i.k.j.KeYJPMapping    Duplicate registration of node: Date, formerNode: Date 
195495     ERROR Test worker     d.u.i.k.j.KeYJPMapping    Duplicate registration of node: LinkedHashMap, formerNode: LinkedHashMap 
195495     ERROR Test worker     d.u.i.k.j.KeYJPMapping    Duplicate registration of node: /*@pure@*/
String, formerNode: /*@strictly_pure*/
java.lang.String 
195495     ERROR Test worker     d.u.i.k.j.KeYJPMapping    Duplicate registration of node: LinkedList, formerNode: LinkedList 
195495     ERROR Test worker     d.u.i.k.j.KeYJPMapping    Duplicate registration of node: /*@ spec_java_math @*/
TestClass, formerNode: TestClass 
195495     ERROR Test worker     d.u.i.k.j.KeYJPMapping    Duplicate registration of node: /*@ spec_java_math @*/
TestClass, formerNode: TestClass 
195495     ERROR Test worker     d.u.i.k.j.KeYJPMapping    Duplicate registration of value: testPackage.TestClass
testPackage.TestClass::instance = new testPackage.testPackage.TestClass(
  
);, formerValue: testPackage.TestClass
testPackage.TestClass::instance = new testPackage.testPackage.TestClass(
  
); 
195495     ERROR Test worker     d.u.i.k.j.KeYJPMapping    Duplicate registration of value: public
  static testPackage.testPackage.TestClass testPackage.TestClass
  testPackage.TestClass::instance = new testPackage.testPackage.TestClass(
    
  );, formerValue: public
  static testPackage.testPackage.TestClass testPackage.TestClass
  testPackage.TestClass::instance = new testPackage.testPackage.TestClass(
    
  ); 
195714     ERROR Test worker     d.u.i.k.j.KeYJPMapping    Duplicate registration of node: boolean, formerNode: /*@ pure @*/
boolean 
195714     ERROR Test worker     d.u.i.k.j.KeYJPMapping    Duplicate registration of node: Object, formerNode: java.lang.Object 
195714     ERROR Test worker     d.u.i.k.j.KeYJPMapping    Duplicate registration of node: Object, formerNode: java.lang.Object 
195714     ERROR Test worker     d.u.i.k.j.KeYJPMapping    Duplicate registration of node: Annotation, formerNode: Annotation 
195730     ERROR Test worker     d.u.i.k.j.KeYJPMapping    Duplicate registration of node: ArithmeticException, formerNode: ArithmeticException 
195730     ERROR Test worker     d.u.i.k.j.KeYJPMapping    Duplicate registration of node: ArrayIndexOutOfBoundsException, formerNode: ArrayIndexOutOfBoundsException 
195730     ERROR Test worker     d.u.i.k.j.KeYJPMapping    Duplicate registration of node: ArrayStoreException, formerNode: ArrayStoreException 
195730     ERROR Test worker     d.u.i.k.j.KeYJPMapping    Duplicate registration of node: AssertionError, formerNode: AssertionError 
195730     ERROR Test worker     d.u.i.k.j.KeYJPMapping    Duplicate registration of node: Character, formerNode: Character 
195730     ERROR Test worker     d.u.i.k.j.KeYJPMapping    Duplicate registration of node: Class, formerNode: java.lang.Class 
195730     ERROR Test worker     d.u.i.k.j.KeYJPMapping    Duplicate registration of node: Class, formerNode: java.lang.Class 
195730     ERROR Test worker     d.u.i.k.j.KeYJPMapping    Duplicate registration of node: ClassCastException, formerNode: ClassCastException 
195730     ERROR Test worker     d.u.i.k.j.KeYJPMapping    Duplicate registration of node: CloneNotSupportedException, formerNode: CloneNotSupportedException 
195730     ERROR Test worker     d.u.i.k.j.KeYJPMapping    Duplicate registration of node: Cloneable, formerNode: Cloneable 
195730     ERROR Test worker     d.u.i.k.j.KeYJPMapping    Duplicate registration of node: Comparable, formerNode: Comparable 
195730     ERROR Test worker     d.u.i.k.j.KeYJPMapping    Duplicate registration of node: Double, formerNode: Double 
195745     ERROR Test worker     d.u.i.k.j.KeYJPMapping    Duplicate registration of node: Enum, formerNode: java.lang.Enum 
195745     ERROR Test worker     d.u.i.k.j.KeYJPMapping    Duplicate registration of node: Enum, formerNode: java.lang.Enum 
195745     ERROR Test worker     d.u.i.k.j.KeYJPMapping    Duplicate registration of node: Error, formerNode: Error 
195745     ERROR Test worker     d.u.i.k.j.KeYJPMapping    Duplicate registration of node: Exception, formerNode: Exception 
195745     ERROR Test worker     d.u.i.k.j.KeYJPMapping    Duplicate registration of node: ExceptionInInitializerError, formerNode: java.lang.ExceptionInInitializerError 
195745     ERROR Test worker     d.u.i.k.j.KeYJPMapping    Duplicate registration of node: ExceptionInInitializerError, formerNode: java.lang.ExceptionInInitializerError 
195745     ERROR Test worker     d.u.i.k.j.KeYJPMapping    Duplicate registration of node: Float, formerNode: Float 
195745     ERROR Test worker     d.u.i.k.j.KeYJPMapping    Duplicate registration of node: IllegalArgumentException, formerNode: IllegalArgumentException 
195745     ERROR Test worker     d.u.i.k.j.KeYJPMapping    Duplicate registration of node: IndexOutOfBoundsException, formerNode: IndexOutOfBoundsException 
195761     ERROR Test worker     d.u.i.k.j.KeYJPMapping    Duplicate registration of node: Integer, formerNode: java.lang.Integer 
195777     ERROR Test worker     d.u.i.k.j.KeYJPMapping    Duplicate registration of node: Integer, formerNode: java.lang.Integer 
195777     ERROR Test worker     d.u.i.k.j.KeYJPMapping    Duplicate registration of node: InterruptedException, formerNode: InterruptedException 
195777     ERROR Test worker     d.u.i.k.j.KeYJPMapping    Duplicate registration of node: Iterable, formerNode: Iterable 
195777     ERROR Test worker     d.u.i.k.j.KeYJPMapping    Duplicate registration of node: LinkageError, formerNode: LinkageError 
195792     ERROR Test worker     d.u.i.k.j.KeYJPMapping    Duplicate registration of node: Math, formerNode: Math 
195792     ERROR Test worker     d.u.i.k.j.KeYJPMapping    Duplicate registration of node: NegativeArraySizeException, formerNode: NegativeArraySizeException 
195792     ERROR Test worker     d.u.i.k.j.KeYJPMapping    Duplicate registration of node: NoClassDefFoundError, formerNode: java.lang.NoClassDefFoundError 
195792     ERROR Test worker     d.u.i.k.j.KeYJPMapping    Duplicate registration of node: NoClassDefFoundError, formerNode: java.lang.NoClassDefFoundError 
195792     ERROR Test worker     d.u.i.k.j.KeYJPMapping    Duplicate registration of node: NullPointerException, formerNode: NullPointerException 
195792     ERROR Test worker     d.u.i.k.j.KeYJPMapping    Duplicate registration of node: Number, formerNode: Number 
195792     ERROR Test worker     d.u.i.k.j.KeYJPMapping    Duplicate registration of node: NumberFormatException, formerNode: NumberFormatException 
195792     ERROR Test worker     d.u.i.k.j.KeYJPMapping    Duplicate registration of node: VirtualMachineError, formerNode: VirtualMachineError 
195792     ERROR Test worker     d.u.i.k.j.KeYJPMapping    Duplicate registration of node: OutOfMemoryError, formerNode: OutOfMemoryError 
195792     ERROR Test worker     d.u.i.k.j.KeYJPMapping    Duplicate registration of node: Runnable, formerNode: Runnable 
195792     ERROR Test worker     d.u.i.k.j.KeYJPMapping    Duplicate registration of node: RuntimeException, formerNode: RuntimeException 
195792     ERROR Test worker     d.u.i.k.j.KeYJPMapping    Duplicate registration of node: /*@pure*/
int, formerNode: int 
195808     ERROR Test worker     d.u.i.k.j.KeYJPMapping    Duplicate registration of node: /*@ helper */
int, formerNode: int 
195808     ERROR Test worker     d.u.i.k.j.KeYJPMapping    Duplicate registration of node: /*@ helper */
boolean, formerNode: /*@ pure @*/
boolean 
195850     ERROR Test worker     d.u.i.k.j.KeYJPMapping    Duplicate registration of node: /*@ helper */
java.lang.String, formerNode: java.lang.String 
195860     ERROR Test worker     d.u.i.k.j.KeYJPMapping    Duplicate registration of node: String, formerNode: java.lang.String 
195875     ERROR Test worker     d.u.i.k.j.KeYJPMapping    Duplicate registration of node: String, formerNode: java.lang.String 
195875     ERROR Test worker     d.u.i.k.j.KeYJPMapping    Duplicate registration of node: char, formerNode: /*@ helper */
char 
195875     ERROR Test worker     d.u.i.k.j.KeYJPMapping    Duplicate registration of node: StringBuffer, formerNode: StringBuffer 
195875     ERROR Test worker     d.u.i.k.j.KeYJPMapping    Duplicate registration of node: System, formerNode: System 
195875     ERROR Test worker     d.u.i.k.j.KeYJPMapping    Duplicate registration of node: Thread, formerNode: Thread 
195891     ERROR Test worker     d.u.i.k.j.KeYJPMapping    Duplicate registration of node: Throwable, formerNode: java.lang.Throwable 
195891     ERROR Test worker     d.u.i.k.j.KeYJPMapping    Duplicate registration of node: Throwable, formerNode: java.lang.Throwable 
195891     ERROR Test worker     d.u.i.k.j.KeYJPMapping    Duplicate registration of node: Collection, formerNode: Collection 
195891     ERROR Test worker     d.u.i.k.j.KeYJPMapping    Duplicate registration of node: Iterator, formerNode: java.util.Iterator 
195891     ERROR Test worker     d.u.i.k.j.KeYJPMapping    Duplicate registration of node: Iterator, formerNode: java.util.Iterator 
195891     ERROR Test worker     d.u.i.k.j.KeYJPMapping    Duplicate registration of node: List, formerNode: java.util.List 
195891     ERROR Test worker     d.u.i.k.j.KeYJPMapping    Duplicate registration of node: List, formerNode: java.util.List 
195907     ERROR Test worker     d.u.i.k.j.KeYJPMapping    Duplicate registration of node: ListIterator, formerNode: java.util.ListIterator 
195907     ERROR Test worker     d.u.i.k.j.KeYJPMapping    Duplicate registration of node: ListIterator, formerNode: java.util.ListIterator 
195907     ERROR Test worker     d.u.i.k.j.KeYJPMapping    Duplicate registration of node: Long, formerNode: Long 
195907     ERROR Test worker     d.u.i.k.j.KeYJPMapping    Duplicate registration of node: Boolean, formerNode: Boolean 
195907     ERROR Test worker     d.u.i.k.j.KeYJPMapping    Duplicate registration of node: Map, formerNode: Map 
195907     ERROR Test worker     d.u.i.k.j.KeYJPMapping    Duplicate registration of node: Set, formerNode: java.util.Set 
195907     ERROR Test worker     d.u.i.k.j.KeYJPMapping    Duplicate registration of node: Set, formerNode: java.util.Set 
195922     ERROR Test worker     d.u.i.k.j.KeYJPMapping    Duplicate registration of node: FilterOutputStream, formerNode: FilterOutputStream 
195922     ERROR Test worker     d.u.i.k.j.KeYJPMapping    Duplicate registration of node: InputStream, formerNode: java.io.InputStream 
195922     ERROR Test worker     d.u.i.k.j.KeYJPMapping    Duplicate registration of node: InputStream, formerNode: java.io.InputStream 
195922     ERROR Test worker     d.u.i.k.j.KeYJPMapping    Duplicate registration of node: IOException, formerNode: IOException 
195922     ERROR Test worker     d.u.i.k.j.KeYJPMapping    Duplicate registration of node: OutputStream, formerNode: java.io.OutputStream 
195922     ERROR Test worker     d.u.i.k.j.KeYJPMapping    Duplicate registration of node: OutputStream, formerNode: java.io.OutputStream 
195922     ERROR Test worker     d.u.i.k.j.KeYJPMapping    Duplicate registration of node: PrintStream, formerNode: java.io.PrintStream 
195922     ERROR Test worker     d.u.i.k.j.KeYJPMapping    Duplicate registration of node: PrintStream, formerNode: java.io.PrintStream 
195922     ERROR Test worker     d.u.i.k.j.KeYJPMapping    Duplicate registration of node: Serializable, formerNode: Serializable 
195922     ERROR Test worker     d.u.i.k.j.KeYJPMapping    Duplicate registration of node: BigInteger, formerNode: java.math.BigInteger 
195938     ERROR Test worker     d.u.i.k.j.KeYJPMapping    Duplicate registration of node: BigInteger, formerNode: java.math.BigInteger 
195938     ERROR Test worker     d.u.i.k.j.KeYJPMapping    Duplicate registration of node: ArrayList, formerNode: ArrayList 
195938     ERROR Test worker     d.u.i.k.j.KeYJPMapping    Duplicate registration of node: byte[], formerNode: byte[] 
195954     ERROR Test worker     d.u.i.k.j.KeYJPMapping    Duplicate registration of node: Arrays, formerNode: Arrays 
195969     ERROR Test worker     d.u.i.k.j.KeYJPMapping    Duplicate registration of node: ListIteratorImpl, formerNode: ListIteratorImpl 
195969     ERROR Test worker     d.u.i.k.j.KeYJPMapping    Duplicate registration of node: Date, formerNode: Date 
195969     ERROR Test worker     d.u.i.k.j.KeYJPMapping    Duplicate registration of node: LinkedHashMap, formerNode: LinkedHashMap 
195969     ERROR Test worker     d.u.i.k.j.KeYJPMapping    Duplicate registration of node: /*@pure@*/
String, formerNode: /*@strictly_pure*/
java.lang.String 
195969     ERROR Test worker     d.u.i.k.j.KeYJPMapping    Duplicate registration of node: LinkedList, formerNode: LinkedList 
195969     ERROR Test worker     d.u.i.k.j.KeYJPMapping    Duplicate registration of node: /*@ spec_java_math @*/
TestClass, formerNode: TestClass 
195969     ERROR Test worker     d.u.i.k.j.KeYJPMapping    Duplicate registration of node: /*@ spec_java_math @*/
TestClass, formerNode: TestClass 
195969     ERROR Test worker     d.u.i.k.j.KeYJPMapping    Duplicate registration of value: testPackage.TestClass
testPackage.TestClass::instance = new testPackage.testPackage.TestClass(
  
);, formerValue: testPackage.TestClass
testPackage.TestClass::instance = new testPackage.testPackage.TestClass(
  
); 
195969     ERROR Test worker     d.u.i.k.j.KeYJPMapping    Duplicate registration of value: public
  static testPackage.testPackage.TestClass testPackage.TestClass
  testPackage.TestClass::instance = new testPackage.testPackage.TestClass(
    
  );, formerValue: public
  static testPackage.testPackage.TestClass testPackage.TestClass
  testPackage.TestClass::instance = new testPackage.testPackage.TestClass(
    
  ); 
]]></system-err>
</testsuite>
