<?xml version="1.0" encoding="UTF-8"?>
<testsuite name="de.uka.ilkd.key.java.recoderext.TestEnumClassDeclaration" tests="3" skipped="0" failures="0" errors="0" timestamp="2023-03-20T10:03:12" hostname="fv-az455-831" time="0.021">
  <properties/>
  <testcase name="testTwo()" classname="de.uka.ilkd.key.java.recoderext.TestEnumClassDeclaration" time="0.008"/>
  <testcase name="test2Constr()" classname="de.uka.ilkd.key.java.recoderext.TestEnumClassDeclaration" time="0.006"/>
  <testcase name="testSimple()" classname="de.uka.ilkd.key.java.recoderext.TestEnumClassDeclaration" time="0.002"/>
  <system-out><![CDATA[]]></system-out>
  <system-err><![CDATA[]]></system-err>
</testsuite>
