<?xml version="1.0" encoding="UTF-8"?>
<testsuite name="de.uka.ilkd.key.java.TestKeYRecoderMapping" tests="2" skipped="0" failures="0" errors="0" timestamp="2023-03-20T10:03:11" hostname="fv-az455-831" time="0.008">
  <properties/>
  <testcase name="testtoRecoder()" classname="de.uka.ilkd.key.java.TestKeYRecoderMapping" time="0.006"/>
  <testcase name="testtoKeY()" classname="de.uka.ilkd.key.java.TestKeYRecoderMapping" time="0.001"/>
  <system-out><![CDATA[]]></system-out>
  <system-err><![CDATA[]]></system-err>
</testsuite>
