<?xml version="1.0" encoding="UTF-8"?>
<testsuite name="de.uka.ilkd.key.logic.TestNamespace" tests="4" skipped="0" failures="0" errors="0" timestamp="2023-02-08T11:06:54" hostname="fv-az419-660" time="0.006">
  <properties/>
  <testcase name="testEmpty()" classname="de.uka.ilkd.key.logic.TestNamespace" time="0.001"/>
  <testcase name="testNamespace1()" classname="de.uka.ilkd.key.logic.TestNamespace" time="0.001"/>
  <testcase name="testNamespace2()" classname="de.uka.ilkd.key.logic.TestNamespace" time="0.001"/>
  <testcase name="testNamespace3()" classname="de.uka.ilkd.key.logic.TestNamespace" time="0.0"/>
  <system-out><![CDATA[]]></system-out>
  <system-err><![CDATA[]]></system-err>
</testsuite>
