<?xml version="1.0" encoding="UTF-8"?>
<testsuite name="de.uka.ilkd.key.macros.scripts.FocusCommandTest" tests="2" skipped="0" failures="0" errors="0" timestamp="2023-02-08T11:08:02" hostname="fv-az419-660" time="5.389">
  <properties/>
  <testcase name="testSelectionWithLabels()" classname="de.uka.ilkd.key.macros.scripts.FocusCommandTest" time="2.722"/>
  <testcase name="testSimpleSelection()" classname="de.uka.ilkd.key.macros.scripts.FocusCommandTest" time="2.666"/>
  <system-out><![CDATA[]]></system-out>
  <system-err><![CDATA[]]></system-err>
</testsuite>
