<?xml version="1.0" encoding="UTF-8"?>
<testsuite name="de.uka.ilkd.key.proof.runallproofs.RunAllProofsFunctional" tests="34" skipped="0" failures="0" errors="0" timestamp="2023-06-05T09:27:15" hostname="fv-az360-796" time="5124.71">
  <properties/>
  <testcase name="newBook" classname="de.uka.ilkd.key.proof.runallproofs.RunAllProofsFunctional" time="58.616"/>
  <testcase name="oldBook" classname="de.uka.ilkd.key.proof.runallproofs.RunAllProofsFunctional" time="16.819"/>
  <testcase name="comprehensions" classname="de.uka.ilkd.key.proof.runallproofs.RunAllProofsFunctional" time="64.239"/>
  <testcase name="performance" classname="de.uka.ilkd.key.proof.runallproofs.RunAllProofsFunctional" time="213.228"/>
  <testcase name="performancePOConstruction" classname="de.uka.ilkd.key.proof.runallproofs.RunAllProofsFunctional" time="76.884"/>
  <testcase name="applicationRestrictions" classname="de.uka.ilkd.key.proof.runallproofs.RunAllProofsFunctional" time="48.245"/>
  <testcase name="blockContracts" classname="de.uka.ilkd.key.proof.runallproofs.RunAllProofsFunctional" time="132.735"/>
  <testcase name="jmlAsserts" classname="de.uka.ilkd.key.proof.runallproofs.RunAllProofsFunctional" time="86.988"/>
  <testcase name="javaCard" classname="de.uka.ilkd.key.proof.runallproofs.RunAllProofsFunctional" time="129.704"/>
  <testcase name="list" classname="de.uka.ilkd.key.proof.runallproofs.RunAllProofsFunctional" time="254.247"/>
  <testcase name="list_ghost" classname="de.uka.ilkd.key.proof.runallproofs.RunAllProofsFunctional" time="64.412"/>
  <testcase name="list_recursive" classname="de.uka.ilkd.key.proof.runallproofs.RunAllProofsFunctional" time="21.446"/>
  <testcase name="list_seq" classname="de.uka.ilkd.key.proof.runallproofs.RunAllProofsFunctional" time="150.967"/>
  <testcase name="observer" classname="de.uka.ilkd.key.proof.runallproofs.RunAllProofsFunctional" time="94.953"/>
  <testcase name="removeDups" classname="de.uka.ilkd.key.proof.runallproofs.RunAllProofsFunctional" time="130.329"/>
  <testcase name="quicksort" classname="de.uka.ilkd.key.proof.runallproofs.RunAllProofsFunctional" time="104.509"/>
  <testcase name="simpleTests" classname="de.uka.ilkd.key.proof.runallproofs.RunAllProofsFunctional" time="156.366"/>
  <testcase name="SmansEtAl" classname="de.uka.ilkd.key.proof.runallproofs.RunAllProofsFunctional" time="191.46"/>
  <testcase name="VACID0" classname="de.uka.ilkd.key.proof.runallproofs.RunAllProofsFunctional" time="74.98"/>
  <testcase name="VSTTE10" classname="de.uka.ilkd.key.proof.runallproofs.RunAllProofsFunctional" time="172.287"/>
  <testcase name="WeideEtAl" classname="de.uka.ilkd.key.proof.runallproofs.RunAllProofsFunctional" time="27.593"/>
  <testcase name="arithmetic" classname="de.uka.ilkd.key.proof.runallproofs.RunAllProofsFunctional" time="492.675"/>
  <testcase name="arrays" classname="de.uka.ilkd.key.proof.runallproofs.RunAllProofsFunctional" time="55.521"/>
  <testcase name="javadl" classname="de.uka.ilkd.key.proof.runallproofs.RunAllProofsFunctional" time="588.704"/>
  <testcase name="FOL" classname="de.uka.ilkd.key.proof.runallproofs.RunAllProofsFunctional" time="278.324"/>
  <testcase name="strings" classname="de.uka.ilkd.key.proof.runallproofs.RunAllProofsFunctional" time="154.926"/>
  <testcase name="simple_info_flow" classname="de.uka.ilkd.key.proof.runallproofs.RunAllProofsFunctional" time="13.292"/>
  <testcase name="modelMethods" classname="de.uka.ilkd.key.proof.runallproofs.RunAllProofsFunctional" time="178.238"/>
  <testcase name="permissionHeap" classname="de.uka.ilkd.key.proof.runallproofs.RunAllProofsFunctional" time="797.892"/>
  <testcase name="completionScopes" classname="de.uka.ilkd.key.proof.runallproofs.RunAllProofsFunctional" time="49.663"/>
  <testcase name="reload_examples" classname="de.uka.ilkd.key.proof.runallproofs.RunAllProofsFunctional" time="40.523"/>
  <testcase name="proofLoadRepair" classname="de.uka.ilkd.key.proof.runallproofs.RunAllProofsFunctional" time="18.696"/>
  <testcase name="switch" classname="de.uka.ilkd.key.proof.runallproofs.RunAllProofsFunctional" time="60.008"/>
  <testcase name="redux" classname="de.uka.ilkd.key.proof.runallproofs.RunAllProofsFunctional" time="125.227"/>
  <system-out><![CDATA[540        INFO  Test worker     d.u.i.k.p.r.RunAllProofsTestUnit Running test newBook 
317        INFO  Timeout watchdog d.u.i.k.p.r.p.ForkedTestFileRunner Timeout watcher launched (2000 secs.) 
325        WARN  main            d.u.i.k.s.ProofSettings   No proof-settings could be loaded, using defaults java.io.FileNotFoundException: /home/runner/.key/proof-settings.props (No such file or directory)
	at java.base/java.io.FileInputStream.open0(Native Method)

353        INFO  main            d.u.i.k.p.r.p.TestFile    Now processing file /home/runner/work/key/key/key.core/../key.ui/examples/newBook/09.list_modelfield/ArrayList.add.key 
493        INFO  main            d.u.i.k.p.i.AbstractProblemLoader Loading environment from /home/runner/work/key/key/key.core/../key.ui/examples/newBook/09.list_modelfield/ArrayList.add.key 
514        DEBUG main            d.u.i.k.p.i.AbstractProblemLoader Environment load took 2.44ms 
768        INFO  main            d.u.i.k.p.i.AbstractProblemLoader Creating init config 
1521       DEBUG main            d.u.i.k.j.TypeConverter   No LDT found for Meta 
1521       DEBUG main            d.u.i.k.j.TypeConverter   No LDT found for Meta 
1522       DEBUG main            d.u.i.k.j.TypeConverter   No LDT found for Meta 
1523       DEBUG main            d.u.i.k.j.TypeConverter   No LDT found for Meta 
2829       DEBUG main            d.u.i.k.j.TypeConverter   No LDT found for JavaBigintExpression 
8070       DEBUG main            d.u.i.k.p.i.AbstractProblemLoader Init config took 7.3s 
8200       INFO  main            d.u.i.k.p.i.AbstractProblemLoader Replaying proof ArrayList[List::add(int)].JML normal_behavior operation contract.0 
8233       DEBUG main            d.u.i.k.p.i.IntermediateProofReplayer Proof replay took 29.8ns 
25385      INFO  main            d.u.i.k.p.r.p.TestFile    ... finished proof: closed. 
25636      INFO  main            d.u.i.k.p.i.AbstractProblemLoader Loading environment from /home/runner/work/key/key/key.core/../key.ui/examples/newBook/09.list_modelfield/ArrayList.add.key.proof 
25638      DEBUG main            d.u.i.k.p.i.AbstractProblemLoader Environment load took 1.56ms 
25648      INFO  main            d.u.i.k.p.i.AbstractProblemLoader Creating init config 
28516      DEBUG main            d.u.i.k.p.i.AbstractProblemLoader Init config took 2.87s 
28595      INFO  main            d.u.i.k.p.i.AbstractProblemLoader Replaying proof ArrayList[List::add(int)].JML normal_behavior operation contract.0 
29489      DEBUG main            d.u.i.k.p.i.IntermediateProofReplayer Proof replay took 815.95ms 
29501      DEBUG main            d.u.i.k.p.r.p.TestFile    ... success: reloaded. 
29508      INFO  main            d.u.i.k.p.r.p.TestFile    Now processing file /home/runner/work/key/key/key.core/../key.ui/examples/newBook/09.list_modelfield/ArrayList.remFirst.key 
29508      INFO  main            d.u.i.k.p.i.AbstractProblemLoader Loading environment from /home/runner/work/key/key/key.core/../key.ui/examples/newBook/09.list_modelfield/ArrayList.remFirst.key 
29508      DEBUG main            d.u.i.k.p.i.AbstractProblemLoader Environment load took 75.6ns 
29511      INFO  main            d.u.i.k.p.i.AbstractProblemLoader Creating init config 
32325      DEBUG main            d.u.i.k.p.i.AbstractProblemLoader Init config took 2.81s 
32383      INFO  main            d.u.i.k.p.i.AbstractProblemLoader Replaying proof ArrayList[List::remFirst()].JML normal_behavior operation contract.0 
32385      DEBUG main            d.u.i.k.p.i.IntermediateProofReplayer Proof replay took 5.1ns 
36337      INFO  main            d.u.i.k.p.r.p.TestFile    ... finished proof: closed. 
36537      INFO  main            d.u.i.k.p.i.AbstractProblemLoader Loading environment from /home/runner/work/key/key/key.core/../key.ui/examples/newBook/09.list_modelfield/ArrayList.remFirst.key.proof 
36538      DEBUG main            d.u.i.k.p.i.AbstractProblemLoader Environment load took 790.32ns 
36540      INFO  main            d.u.i.k.p.i.AbstractProblemLoader Creating init config 
39231      DEBUG main            d.u.i.k.p.i.AbstractProblemLoader Init config took 2.69s 
39293      INFO  main            d.u.i.k.p.i.AbstractProblemLoader Replaying proof ArrayList[List::remFirst()].JML normal_behavior operation contract.0 
39664      DEBUG main            d.u.i.k.p.i.IntermediateProofReplayer Proof replay took 355.43ms 
39668      DEBUG main            d.u.i.k.p.r.p.TestFile    ... success: reloaded. 
39669      INFO  main            d.u.i.k.p.r.p.TestFile    Now processing file /home/runner/work/key/key/key.core/../key.ui/examples/newBook/09.list_modelfield/ArrayList.empty.key 
39670      INFO  main            d.u.i.k.p.i.AbstractProblemLoader Loading environment from /home/runner/work/key/key/key.core/../key.ui/examples/newBook/09.list_modelfield/ArrayList.empty.key 
39670      DEBUG main            d.u.i.k.p.i.AbstractProblemLoader Environment load took 388.31ns 
39672      INFO  main            d.u.i.k.p.i.AbstractProblemLoader Creating init config 
42315      DEBUG main            d.u.i.k.p.i.AbstractProblemLoader Init config took 2.64s 
42364      INFO  main            d.u.i.k.p.i.AbstractProblemLoader Replaying proof ArrayList[List::empty()].JML normal_behavior operation contract.0 
42365      DEBUG main            d.u.i.k.p.i.IntermediateProofReplayer Proof replay took 5.4ns 
43400      INFO  main            d.u.i.k.p.r.p.TestFile    ... finished proof: closed. 
43559      INFO  main            d.u.i.k.p.i.AbstractProblemLoader Loading environment from /home/runner/work/key/key/key.core/../key.ui/examples/newBook/09.list_modelfield/ArrayList.empty.key.proof 
43559      DEBUG main            d.u.i.k.p.i.AbstractProblemLoader Environment load took 142.8ns 
43560      INFO  main            d.u.i.k.p.i.AbstractProblemLoader Creating init config 
46100      DEBUG main            d.u.i.k.p.i.AbstractProblemLoader Init config took 2.54s 
46166      INFO  main            d.u.i.k.p.i.AbstractProblemLoader Replaying proof ArrayList[List::empty()].JML normal_behavior operation contract.0 
46276      DEBUG main            d.u.i.k.p.i.IntermediateProofReplayer Proof replay took 102.9ms 
46278      DEBUG main            d.u.i.k.p.r.p.TestFile    ... success: reloaded. 
46278      INFO  main            d.u.i.k.p.r.p.TestFile    Now processing file /home/runner/work/key/key/key.core/../key.ui/examples/newBook/09.list_modelfield/ArrayList.size.key 
46279      INFO  main            d.u.i.k.p.i.AbstractProblemLoader Loading environment from /home/runner/work/key/key/key.core/../key.ui/examples/newBook/09.list_modelfield/ArrayList.size.key 
46280      DEBUG main            d.u.i.k.p.i.AbstractProblemLoader Environment load took 111.2ns 
46280      INFO  main            d.u.i.k.p.i.AbstractProblemLoader Creating init config 
48847      DEBUG main            d.u.i.k.p.i.AbstractProblemLoader Init config took 2.57s 
48902      INFO  main            d.u.i.k.p.i.AbstractProblemLoader Replaying proof ArrayList[List::size()].JML normal_behavior operation contract.0 
48905      DEBUG main            d.u.i.k.p.i.IntermediateProofReplayer Proof replay took 5.9ns 
49310      INFO  main            d.u.i.k.p.r.p.TestFile    ... finished proof: closed. 
49510      INFO  main            d.u.i.k.p.i.AbstractProblemLoader Loading environment from /home/runner/work/key/key/key.core/../key.ui/examples/newBook/09.list_modelfield/ArrayList.size.key.proof 
49510      DEBUG main            d.u.i.k.p.i.AbstractProblemLoader Environment load took 753.32ns 
49512      INFO  main            d.u.i.k.p.i.AbstractProblemLoader Creating init config 
52002      DEBUG main            d.u.i.k.p.i.AbstractProblemLoader Init config took 2.49s 
52048      INFO  main            d.u.i.k.p.i.AbstractProblemLoader Replaying proof ArrayList[List::size()].JML normal_behavior operation contract.0 
52082      DEBUG main            d.u.i.k.p.i.IntermediateProofReplayer Proof replay took 29.59ms 
52083      DEBUG main            d.u.i.k.p.r.p.TestFile    ... success: reloaded. 
52084      INFO  main            d.u.i.k.p.r.p.TestFile    Now processing file /home/runner/work/key/key/key.core/../key.ui/examples/newBook/09.list_modelfield/ArrayList.get.key 
52085      INFO  main            d.u.i.k.p.i.AbstractProblemLoader Loading environment from /home/runner/work/key/key/key.core/../key.ui/examples/newBook/09.list_modelfield/ArrayList.get.key 
52086      DEBUG main            d.u.i.k.p.i.AbstractProblemLoader Environment load took 703.91ns 
52087      INFO  main            d.u.i.k.p.i.AbstractProblemLoader Creating init config 
54638      DEBUG main            d.u.i.k.p.i.AbstractProblemLoader Init config took 2.55s 
54683      INFO  main            d.u.i.k.p.i.AbstractProblemLoader Replaying proof ArrayList[List::get(int)].JML normal_behavior operation contract.0 
54687      DEBUG main            d.u.i.k.p.i.IntermediateProofReplayer Proof replay took 5.6ns 
55594      INFO  main            d.u.i.k.p.r.p.TestFile    ... finished proof: closed. 
55768      INFO  main            d.u.i.k.p.i.AbstractProblemLoader Loading environment from /home/runner/work/key/key/key.core/../key.ui/examples/newBook/09.list_modelfield/ArrayList.get.key.proof 
55769      DEBUG main            d.u.i.k.p.i.AbstractProblemLoader Environment load took 750.92ns 
55771      INFO  main            d.u.i.k.p.i.AbstractProblemLoader Creating init config 
58235      DEBUG main            d.u.i.k.p.i.AbstractProblemLoader Init config took 2.46s 
58281      INFO  main            d.u.i.k.p.i.AbstractProblemLoader Replaying proof ArrayList[List::get(int)].JML normal_behavior operation contract.0 
58354      DEBUG main            d.u.i.k.p.i.IntermediateProofReplayer Proof replay took 67.22ms 
58355      DEBUG main            d.u.i.k.p.r.p.TestFile    ... success: reloaded. 
59143      INFO  Test worker     d.u.i.k.p.r.RunAllProofsTestUnit Returning from test newBook 
59152      INFO  Test worker     d.u.i.k.p.r.RunAllProofsTestUnit Running test oldBook 
343        INFO  Timeout watchdog d.u.i.k.p.r.p.ForkedTestFileRunner Timeout watcher launched (2000 secs.) 
358        WARN  main            d.u.i.k.s.ProofSettings   The settings in /home/runner/.key/proof-settings.props are *not* read. 
385        INFO  main            d.u.i.k.p.r.p.TestFile    Now processing file /home/runner/work/key/key/key.core/../key.ui/examples/standard_key/BookExamples/02FirstOrderLogic/Ex2.58.key 
494        INFO  main            d.u.i.k.p.i.AbstractProblemLoader Loading environment from /home/runner/work/key/key/key.core/../key.ui/examples/standard_key/BookExamples/02FirstOrderLogic/Ex2.58.key 
512        DEBUG main            d.u.i.k.p.i.AbstractProblemLoader Environment load took 3.79ms 
741        INFO  main            d.u.i.k.p.i.AbstractProblemLoader Creating init config 
1571       DEBUG main            d.u.i.k.j.TypeConverter   No LDT found for Meta 
1571       DEBUG main            d.u.i.k.j.TypeConverter   No LDT found for Meta 
1573       DEBUG main            d.u.i.k.j.TypeConverter   No LDT found for Meta 
1573       DEBUG main            d.u.i.k.j.TypeConverter   No LDT found for Meta 
3000       DEBUG main            d.u.i.k.j.TypeConverter   No LDT found for JavaBigintExpression 
7732       DEBUG main            d.u.i.k.p.i.AbstractProblemLoader Init config took 6.99s 
7789       INFO  main            d.u.i.k.p.i.AbstractProblemLoader Replaying proof Ex2.58.key 
7820       DEBUG main            d.u.i.k.p.i.IntermediateProofReplayer Proof replay took 31.8ns 
7971       INFO  main            d.u.i.k.p.r.p.TestFile    ... finished proof: closed. 
8063       INFO  main            d.u.i.k.p.i.AbstractProblemLoader Loading environment from /home/runner/work/key/key/key.core/../key.ui/examples/standard_key/BookExamples/02FirstOrderLogic/Ex2.58.key.proof 
8063       DEBUG main            d.u.i.k.p.i.AbstractProblemLoader Environment load took 143.5ns 
8070       INFO  main            d.u.i.k.p.i.AbstractProblemLoader Creating init config 
10810      DEBUG main            d.u.i.k.p.i.AbstractProblemLoader Init config took 2.74s 
10866      INFO  main            d.u.i.k.p.i.AbstractProblemLoader Replaying proof Ex2.58.key.proof 
10878      DEBUG main            d.u.i.k.p.i.IntermediateProofReplayer Proof replay took 4.79ms 
10890      DEBUG main            d.u.i.k.p.r.p.TestFile    ... success: reloaded. 
10892      INFO  main            d.u.i.k.p.r.p.TestFile    Now processing file /home/runner/work/key/key/key.core/../key.ui/examples/standard_key/BookExamples/03DynamicLogic/Sect3.3.1.key 
10892      INFO  main            d.u.i.k.p.i.AbstractProblemLoader Loading environment from /home/runner/work/key/key/key.core/../key.ui/examples/standard_key/BookExamples/03DynamicLogic/Sect3.3.1.key 
10892      DEBUG main            d.u.i.k.p.i.AbstractProblemLoader Environment load took 74.7ns 
10897      INFO  main            d.u.i.k.p.i.AbstractProblemLoader Creating init config 
13471      DEBUG main            d.u.i.k.p.i.AbstractProblemLoader Init config took 2.57s 
13502      INFO  main            d.u.i.k.p.i.AbstractProblemLoader Replaying proof Sect3.3.1.key 
13506      DEBUG main            d.u.i.k.p.i.IntermediateProofReplayer Proof replay took 6.4ns 
13914      INFO  main            d.u.i.k.p.r.p.TestFile    ... finished proof: closed. 
14042      INFO  main            d.u.i.k.p.i.AbstractProblemLoader Loading environment from /home/runner/work/key/key/key.core/../key.ui/examples/standard_key/BookExamples/03DynamicLogic/Sect3.3.1.key.proof 
14042      DEBUG main            d.u.i.k.p.i.AbstractProblemLoader Environment load took 144.1ns 
14044      INFO  main            d.u.i.k.p.i.AbstractProblemLoader Creating init config 
16562      DEBUG main            d.u.i.k.p.i.AbstractProblemLoader Init config took 2.52s 
16587      INFO  main            d.u.i.k.p.i.AbstractProblemLoader Replaying proof Sect3.3.1.key.proof 
16634      DEBUG main            d.u.i.k.p.i.IntermediateProofReplayer Proof replay took 43.43ms 
16635      DEBUG main            d.u.i.k.p.r.p.TestFile    ... success: reloaded. 
75969      INFO  Test worker     d.u.i.k.p.r.RunAllProofsTestUnit Returning from test oldBook 
75973      INFO  Test worker     d.u.i.k.p.r.RunAllProofsTestUnit Running test comprehensions 
325        INFO  Timeout watchdog d.u.i.k.p.r.p.ForkedTestFileRunner Timeout watcher launched (2000 secs.) 
346        WARN  main            d.u.i.k.s.ProofSettings   The settings in /home/runner/.key/proof-settings.props are *not* read. 
397        INFO  main            d.u.i.k.p.r.p.TestFile    Now processing file /home/runner/work/key/key/key.core/../key.ui/examples/heap/comprehensions/general_sum.key 
528        INFO  main            d.u.i.k.p.i.AbstractProblemLoader Loading environment from /home/runner/work/key/key/key.core/../key.ui/examples/heap/comprehensions/general_sum.key 
553        DEBUG main            d.u.i.k.p.i.AbstractProblemLoader Environment load took 1.79ms 
821        INFO  main            d.u.i.k.p.i.AbstractProblemLoader Creating init config 
1759       DEBUG main            d.u.i.k.j.TypeConverter   No LDT found for Meta 
1763       DEBUG main            d.u.i.k.j.TypeConverter   No LDT found for Meta 
1766       DEBUG main            d.u.i.k.j.TypeConverter   No LDT found for Meta 
1766       DEBUG main            d.u.i.k.j.TypeConverter   No LDT found for Meta 
3317       DEBUG main            d.u.i.k.j.TypeConverter   No LDT found for JavaBigintExpression 
8343       DEBUG main            d.u.i.k.p.i.AbstractProblemLoader Init config took 7.52s 
8514       INFO  main            d.u.i.k.p.i.AbstractProblemLoader Replaying proof GSum[GSum::doNothing()].JML operation contract.0 
8549       DEBUG main            d.u.i.k.p.i.IntermediateProofReplayer Proof replay took 31.1ns 
8941       INFO  main            d.u.i.k.p.r.p.TestFile    ... finished proof: closed. 
9050       INFO  main            d.u.i.k.p.i.AbstractProblemLoader Loading environment from /home/runner/work/key/key/key.core/../key.ui/examples/heap/comprehensions/general_sum.key.proof 
9050       DEBUG main            d.u.i.k.p.i.AbstractProblemLoader Environment load took 157ns 
9053       INFO  main            d.u.i.k.p.i.AbstractProblemLoader Creating init config 
11912      DEBUG main            d.u.i.k.p.i.AbstractProblemLoader Init config took 2.86s 
11986      INFO  main            d.u.i.k.p.i.AbstractProblemLoader Replaying proof GSum[GSum::doNothing()].JML operation contract.0 
12001      DEBUG main            d.u.i.k.p.i.IntermediateProofReplayer Proof replay took 10.54ms 
12007      DEBUG main            d.u.i.k.p.r.p.TestFile    ... success: reloaded. 
12008      INFO  main            d.u.i.k.p.r.p.TestFile    Now processing file /home/runner/work/key/key/key.core/../key.ui/examples/heap/comprehensions/sum0.key 
12008      INFO  main            d.u.i.k.p.i.AbstractProblemLoader Loading environment from /home/runner/work/key/key/key.core/../key.ui/examples/heap/comprehensions/sum0.key 
12008      DEBUG main            d.u.i.k.p.i.AbstractProblemLoader Environment load took 73.9ns 
12009      INFO  main            d.u.i.k.p.i.AbstractProblemLoader Creating init config 
14624      DEBUG main            d.u.i.k.p.i.AbstractProblemLoader Init config took 2.62s 
14702      INFO  main            d.u.i.k.p.i.AbstractProblemLoader Replaying proof Sum[Sum::sum0([I)].JML normal_behavior operation contract.0 
14705      DEBUG main            d.u.i.k.p.i.IntermediateProofReplayer Proof replay took 5.7ns 
14802      DEBUG Thread-4        d.u.i.k.l.l.OriginTermLabel commonFileName is null! 
14802      DEBUG Thread-4        d.u.i.k.l.l.OriginTermLabel commonFileName is null! 
15041      DEBUG Thread-4        d.u.i.k.l.l.OriginTermLabel commonFileName is null! 
15043      DEBUG Thread-4        d.u.i.k.l.l.OriginTermLabel commonFileName is null! 
15269      DEBUG Thread-4        d.u.i.k.l.l.OriginTermLabel commonFileName is null! 
15415      INFO  main            d.u.i.k.p.r.p.TestFile    ... finished proof: closed. 
15603      INFO  main            d.u.i.k.p.i.AbstractProblemLoader Loading environment from /home/runner/work/key/key/key.core/../key.ui/examples/heap/comprehensions/sum0.key.proof 
15604      DEBUG main            d.u.i.k.p.i.AbstractProblemLoader Environment load took 1.35ms 
15607      INFO  main            d.u.i.k.p.i.AbstractProblemLoader Creating init config 
18253      DEBUG main            d.u.i.k.p.i.AbstractProblemLoader Init config took 2.65s 
18303      INFO  main            d.u.i.k.p.i.AbstractProblemLoader Replaying proof Sum[Sum::sum0([I)].JML normal_behavior operation contract.0 
18332      DEBUG main            d.u.i.k.l.l.OriginTermLabel commonFileName is null! 
18333      DEBUG main            d.u.i.k.l.l.OriginTermLabel commonFileName is null! 
18374      DEBUG main            d.u.i.k.l.l.OriginTermLabel commonFileName is null! 
18400      DEBUG main            d.u.i.k.l.l.OriginTermLabel commonFileName is null! 
18401      DEBUG main            d.u.i.k.l.l.OriginTermLabel commonFileName is null! 
18404      DEBUG main            d.u.i.k.p.i.IntermediateProofReplayer Proof replay took 95.29ms 
18405      DEBUG main            d.u.i.k.p.r.p.TestFile    ... success: reloaded. 
18407      INFO  main            d.u.i.k.p.r.p.TestFile    Now processing file /home/runner/work/key/key/key.core/../key.ui/examples/heap/comprehensions/sum1.key 
18408      INFO  main            d.u.i.k.p.i.AbstractProblemLoader Loading environment from /home/runner/work/key/key/key.core/../key.ui/examples/heap/comprehensions/sum1.key 
18408      DEBUG main            d.u.i.k.p.i.AbstractProblemLoader Environment load took 349.71ns 
18409      INFO  main            d.u.i.k.p.i.AbstractProblemLoader Creating init config 
20966      DEBUG main            d.u.i.k.p.i.AbstractProblemLoader Init config took 2.56s 
21019      INFO  main            d.u.i.k.p.i.AbstractProblemLoader Replaying proof Sum[Sum::sum1([I)].JML normal_behavior operation contract.0 
21022      DEBUG main            d.u.i.k.p.i.IntermediateProofReplayer Proof replay took 5.5ns 
21109      DEBUG Thread-7        d.u.i.k.l.l.OriginTermLabel commonFileName is null! 
21110      DEBUG Thread-7        d.u.i.k.l.l.OriginTermLabel commonFileName is null! 
21254      DEBUG Thread-7        d.u.i.k.l.l.OriginTermLabel commonFileName is null! 
21255      DEBUG Thread-7        d.u.i.k.l.l.OriginTermLabel commonFileName is null! 
21386      DEBUG Thread-7        d.u.i.k.l.l.OriginTermLabel commonFileName is null! 
21526      INFO  main            d.u.i.k.p.r.p.TestFile    ... finished proof: closed. 
21694      INFO  main            d.u.i.k.p.i.AbstractProblemLoader Loading environment from /home/runner/work/key/key/key.core/../key.ui/examples/heap/comprehensions/sum1.key.proof 
21695      DEBUG main            d.u.i.k.p.i.AbstractProblemLoader Environment load took 888.52ns 
21697      INFO  main            d.u.i.k.p.i.AbstractProblemLoader Creating init config 
24213      DEBUG main            d.u.i.k.p.i.AbstractProblemLoader Init config took 2.52s 
24257      INFO  main            d.u.i.k.p.i.AbstractProblemLoader Replaying proof Sum[Sum::sum1([I)].JML normal_behavior operation contract.0 
24284      DEBUG main            d.u.i.k.l.l.OriginTermLabel commonFileName is null! 
24285      DEBUG main            d.u.i.k.l.l.OriginTermLabel commonFileName is null! 
24317      DEBUG main            d.u.i.k.l.l.OriginTermLabel commonFileName is null! 
24354      DEBUG main            d.u.i.k.l.l.OriginTermLabel commonFileName is null! 
24355      DEBUG main            d.u.i.k.l.l.OriginTermLabel commonFileName is null! 
24357      DEBUG main            d.u.i.k.p.i.IntermediateProofReplayer Proof replay took 95.79ms 
24358      DEBUG main            d.u.i.k.p.r.p.TestFile    ... success: reloaded. 
24359      INFO  main            d.u.i.k.p.r.p.TestFile    Now processing file /home/runner/work/key/key/key.core/../key.ui/examples/heap/comprehensions/sum2.key 
24361      INFO  main            d.u.i.k.p.i.AbstractProblemLoader Loading environment from /home/runner/work/key/key/key.core/../key.ui/examples/heap/comprehensions/sum2.key 
24361      DEBUG main            d.u.i.k.p.i.AbstractProblemLoader Environment load took 344.01ns 
24362      INFO  main            d.u.i.k.p.i.AbstractProblemLoader Creating init config 
26916      DEBUG main            d.u.i.k.p.i.AbstractProblemLoader Init config took 2.55s 
26960      INFO  main            d.u.i.k.p.i.AbstractProblemLoader Replaying proof Sum[Sum::sum2([I)].JML normal_behavior operation contract.0 
26962      DEBUG main            d.u.i.k.p.i.IntermediateProofReplayer Proof replay took 5.6ns 
27003      DEBUG Thread-10       d.u.i.k.l.l.OriginTermLabel commonFileName is null! 
27004      DEBUG Thread-10       d.u.i.k.l.l.OriginTermLabel commonFileName is null! 
27100      DEBUG Thread-10       d.u.i.k.l.l.OriginTermLabel commonFileName is null! 
27101      DEBUG Thread-10       d.u.i.k.l.l.OriginTermLabel commonFileName is null! 
27172      DEBUG Thread-10       d.u.i.k.l.l.OriginTermLabel commonFileName is null! 
27366      INFO  main            d.u.i.k.p.r.p.TestFile    ... finished proof: closed. 
27541      INFO  main            d.u.i.k.p.i.AbstractProblemLoader Loading environment from /home/runner/work/key/key/key.core/../key.ui/examples/heap/comprehensions/sum2.key.proof 
27542      DEBUG main            d.u.i.k.p.i.AbstractProblemLoader Environment load took 1.05ms 
27544      INFO  main            d.u.i.k.p.i.AbstractProblemLoader Creating init config 
30059      DEBUG main            d.u.i.k.p.i.AbstractProblemLoader Init config took 2.52s 
30109      INFO  main            d.u.i.k.p.i.AbstractProblemLoader Replaying proof Sum[Sum::sum2([I)].JML normal_behavior operation contract.0 
30133      DEBUG main            d.u.i.k.l.l.OriginTermLabel commonFileName is null! 
30134      DEBUG main            d.u.i.k.l.l.OriginTermLabel commonFileName is null! 
30161      DEBUG main            d.u.i.k.l.l.OriginTermLabel commonFileName is null! 
30181      DEBUG main            d.u.i.k.l.l.OriginTermLabel commonFileName is null! 
30182      DEBUG main            d.u.i.k.l.l.OriginTermLabel commonFileName is null! 
30184      DEBUG main            d.u.i.k.p.i.IntermediateProofReplayer Proof replay took 71.49ms 
30185      DEBUG main            d.u.i.k.p.r.p.TestFile    ... success: reloaded. 
30186      INFO  main            d.u.i.k.p.r.p.TestFile    Now processing file /home/runner/work/key/key/key.core/../key.ui/examples/heap/comprehensions/sum3.key 
30187      INFO  main            d.u.i.k.p.i.AbstractProblemLoader Loading environment from /home/runner/work/key/key/key.core/../key.ui/examples/heap/comprehensions/sum3.key 
30187      DEBUG main            d.u.i.k.p.i.AbstractProblemLoader Environment load took 341.51ns 
30189      INFO  main            d.u.i.k.p.i.AbstractProblemLoader Creating init config 
32706      DEBUG main            d.u.i.k.p.i.AbstractProblemLoader Init config took 2.52s 
32749      INFO  main            d.u.i.k.p.i.AbstractProblemLoader Replaying proof Sum[Sum::sum3([I)].JML normal_behavior operation contract.0 
32751      DEBUG main            d.u.i.k.p.i.IntermediateProofReplayer Proof replay took 6.6ns 
32798      DEBUG Thread-13       d.u.i.k.l.l.OriginTermLabel commonFileName is null! 
32798      DEBUG Thread-13       d.u.i.k.l.l.OriginTermLabel commonFileName is null! 
32896      DEBUG Thread-13       d.u.i.k.l.l.OriginTermLabel commonFileName is null! 
32897      DEBUG Thread-13       d.u.i.k.l.l.OriginTermLabel commonFileName is null! 
32969      DEBUG Thread-13       d.u.i.k.l.l.OriginTermLabel commonFileName is null! 
33057      INFO  main            d.u.i.k.p.r.p.TestFile    ... finished proof: closed. 
33226      INFO  main            d.u.i.k.p.i.AbstractProblemLoader Loading environment from /home/runner/work/key/key/key.core/../key.ui/examples/heap/comprehensions/sum3.key.proof 
33229      DEBUG main            d.u.i.k.p.i.AbstractProblemLoader Environment load took 2.79ms 
33233      INFO  main            d.u.i.k.p.i.AbstractProblemLoader Creating init config 
35712      DEBUG main            d.u.i.k.p.i.AbstractProblemLoader Init config took 2.48s 
35767      INFO  main            d.u.i.k.p.i.AbstractProblemLoader Replaying proof Sum[Sum::sum3([I)].JML normal_behavior operation contract.0 
35796      DEBUG main            d.u.i.k.l.l.OriginTermLabel commonFileName is null! 
35801      DEBUG main            d.u.i.k.l.l.OriginTermLabel commonFileName is null! 
35830      DEBUG main            d.u.i.k.l.l.OriginTermLabel commonFileName is null! 
35848      DEBUG main            d.u.i.k.l.l.OriginTermLabel commonFileName is null! 
35848      DEBUG main            d.u.i.k.l.l.OriginTermLabel commonFileName is null! 
35850      DEBUG main            d.u.i.k.p.i.IntermediateProofReplayer Proof replay took 79.45ms 
35852      DEBUG main            d.u.i.k.p.r.p.TestFile    ... success: reloaded. 
35852      INFO  main            d.u.i.k.p.r.p.TestFile    Now processing file /home/runner/work/key/key/key.core/../key.ui/examples/heap/comprehensions/segsum.key 
35853      INFO  main            d.u.i.k.p.i.AbstractProblemLoader Loading environment from /home/runner/work/key/key/key.core/../key.ui/examples/heap/comprehensions/segsum.key 
35853      DEBUG main            d.u.i.k.p.i.AbstractProblemLoader Environment load took 64.6ns 
35854      INFO  main            d.u.i.k.p.i.AbstractProblemLoader Creating init config 
38391      DEBUG main            d.u.i.k.p.i.AbstractProblemLoader Init config took 2.54s 
38433      INFO  main            d.u.i.k.p.i.AbstractProblemLoader Replaying proof SegSum[SegSum::segSum([I,int,int)].JML normal_behavior operation contract.0 
38435      DEBUG main            d.u.i.k.p.i.IntermediateProofReplayer Proof replay took 6.8ns 
38839      INFO  main            d.u.i.k.p.r.p.TestFile    ... finished proof: closed. 
39042      INFO  main            d.u.i.k.p.i.AbstractProblemLoader Loading environment from /home/runner/work/key/key/key.core/../key.ui/examples/heap/comprehensions/segsum.key.proof 
39044      DEBUG main            d.u.i.k.p.i.AbstractProblemLoader Environment load took 1.51ms 
39046      INFO  main            d.u.i.k.p.i.AbstractProblemLoader Creating init config 
41468      DEBUG main            d.u.i.k.p.i.AbstractProblemLoader Init config took 2.42s 
41509      INFO  main            d.u.i.k.p.i.AbstractProblemLoader Replaying proof SegSum[SegSum::segSum([I,int,int)].JML normal_behavior operation contract.0 
41571      DEBUG main            d.u.i.k.p.i.IntermediateProofReplayer Proof replay took 57.57ms 
41572      DEBUG main            d.u.i.k.p.r.p.TestFile    ... success: reloaded. 
41574      INFO  main            d.u.i.k.p.r.p.TestFile    Now processing file /home/runner/work/key/key/key.core/../key.ui/examples/heap/comprehensions/bsum_negative.key 
41574      INFO  main            d.u.i.k.p.i.AbstractProblemLoader Loading environment from /home/runner/work/key/key/key.core/../key.ui/examples/heap/comprehensions/bsum_negative.key 
41574      DEBUG main            d.u.i.k.p.i.AbstractProblemLoader Environment load took 317.21ns 
41576      INFO  main            d.u.i.k.p.i.AbstractProblemLoader Creating init config 
43922      DEBUG main            d.u.i.k.p.i.AbstractProblemLoader Init config took 2.35s 
43941      INFO  main            d.u.i.k.p.i.AbstractProblemLoader Replaying proof bsum_negative.key 
43942      DEBUG main            d.u.i.k.p.i.IntermediateProofReplayer Proof replay took 6.6ns 
44045      INFO  main            d.u.i.k.p.r.p.TestFile    ... finished proof: closed. 
44204      INFO  main            d.u.i.k.p.i.AbstractProblemLoader Loading environment from /home/runner/work/key/key/key.core/../key.ui/examples/heap/comprehensions/bsum_negative.key.proof 
44204      DEBUG main            d.u.i.k.p.i.AbstractProblemLoader Environment load took 122ns 
44205      INFO  main            d.u.i.k.p.i.AbstractProblemLoader Creating init config 
46523      DEBUG main            d.u.i.k.p.i.AbstractProblemLoader Init config took 2.32s 
46551      INFO  main            d.u.i.k.p.i.AbstractProblemLoader Replaying proof bsum_negative.key.proof 
46554      DEBUG main            d.u.i.k.p.i.IntermediateProofReplayer Proof replay took 1.52ms 
46555      DEBUG main            d.u.i.k.p.r.p.TestFile    ... success: reloaded. 
46556      INFO  main            d.u.i.k.p.r.p.TestFile    Now processing file /home/runner/work/key/key/key.core/../key.ui/examples/heap/comprehensions/bsum_neg2.key 
46556      INFO  main            d.u.i.k.p.i.AbstractProblemLoader Loading environment from /home/runner/work/key/key/key.core/../key.ui/examples/heap/comprehensions/bsum_neg2.key 
46556      DEBUG main            d.u.i.k.p.i.AbstractProblemLoader Environment load took 60.6ns 
46557      INFO  main            d.u.i.k.p.i.AbstractProblemLoader Creating init config 
48986      DEBUG main            d.u.i.k.p.i.AbstractProblemLoader Init config took 2.43s 
49004      INFO  main            d.u.i.k.p.i.AbstractProblemLoader Replaying proof bsum_neg2.key 
49005      DEBUG main            d.u.i.k.p.i.IntermediateProofReplayer Proof replay took 6.4ns 
49108      INFO  main            d.u.i.k.p.r.p.TestFile    ... finished proof: closed. 
49273      INFO  main            d.u.i.k.p.i.AbstractProblemLoader Loading environment from /home/runner/work/key/key/key.core/../key.ui/examples/heap/comprehensions/bsum_neg2.key.proof 
49273      DEBUG main            d.u.i.k.p.i.AbstractProblemLoader Environment load took 127ns 
49274      INFO  main            d.u.i.k.p.i.AbstractProblemLoader Creating init config 
51551      DEBUG main            d.u.i.k.p.i.AbstractProblemLoader Init config took 2.28s 
51568      INFO  main            d.u.i.k.p.i.AbstractProblemLoader Replaying proof bsum_neg2.key.proof 
51570      DEBUG main            d.u.i.k.p.i.IntermediateProofReplayer Proof replay took 651.61ns 
51571      DEBUG main            d.u.i.k.p.r.p.TestFile    ... success: reloaded. 
51571      INFO  main            d.u.i.k.p.r.p.TestFile    Now processing file /home/runner/work/key/key/key.core/../key.ui/examples/heap/comprehensions/bsumSplit.key 
51572      INFO  main            d.u.i.k.p.i.AbstractProblemLoader Loading environment from /home/runner/work/key/key/key.core/../key.ui/examples/heap/comprehensions/bsumSplit.key 
51572      DEBUG main            d.u.i.k.p.i.AbstractProblemLoader Environment load took 69.3ns 
51573      INFO  main            d.u.i.k.p.i.AbstractProblemLoader Creating init config 
53895      DEBUG main            d.u.i.k.p.i.AbstractProblemLoader Init config took 2.32s 
53911      INFO  main            d.u.i.k.p.i.AbstractProblemLoader Replaying proof bsumSplit.key 
53912      DEBUG main            d.u.i.k.p.i.IntermediateProofReplayer Proof replay took 6.2ns 
54016      INFO  main            d.u.i.k.p.r.p.TestFile    ... finished proof: closed. 
54208      INFO  main            d.u.i.k.p.i.AbstractProblemLoader Loading environment from /home/runner/work/key/key/key.core/../key.ui/examples/heap/comprehensions/bsumSplit.key.proof 
54208      DEBUG main            d.u.i.k.p.i.AbstractProblemLoader Environment load took 115.1ns 
54209      INFO  main            d.u.i.k.p.i.AbstractProblemLoader Creating init config 
56488      DEBUG main            d.u.i.k.p.i.AbstractProblemLoader Init config took 2.28s 
56504      INFO  main            d.u.i.k.p.i.AbstractProblemLoader Replaying proof bsumSplit.key.proof 
56510      DEBUG main            d.u.i.k.p.i.IntermediateProofReplayer Proof replay took 3.47ms 
56511      DEBUG main            d.u.i.k.p.r.p.TestFile    ... success: reloaded. 
56512      INFO  main            d.u.i.k.p.r.p.TestFile    Now processing file /home/runner/work/key/key/key.core/../key.ui/examples/heap/comprehensions/bprodSplit.key 
56512      INFO  main            d.u.i.k.p.i.AbstractProblemLoader Loading environment from /home/runner/work/key/key/key.core/../key.ui/examples/heap/comprehensions/bprodSplit.key 
56512      DEBUG main            d.u.i.k.p.i.AbstractProblemLoader Environment load took 305.61ns 
56513      INFO  main            d.u.i.k.p.i.AbstractProblemLoader Creating init config 
58842      DEBUG main            d.u.i.k.p.i.AbstractProblemLoader Init config took 2.33s 
58857      INFO  main            d.u.i.k.p.i.AbstractProblemLoader Replaying proof bprodSplit.key 
58859      DEBUG main            d.u.i.k.p.i.IntermediateProofReplayer Proof replay took 6.2ns 
58964      INFO  main            d.u.i.k.p.r.p.TestFile    ... finished proof: closed. 
59139      INFO  main            d.u.i.k.p.i.AbstractProblemLoader Loading environment from /home/runner/work/key/key/key.core/../key.ui/examples/heap/comprehensions/bprodSplit.key.proof 
59139      DEBUG main            d.u.i.k.p.i.AbstractProblemLoader Environment load took 117.1ns 
59140      INFO  main            d.u.i.k.p.i.AbstractProblemLoader Creating init config 
61413      DEBUG main            d.u.i.k.p.i.AbstractProblemLoader Init config took 2.27s 
61431      INFO  main            d.u.i.k.p.i.AbstractProblemLoader Replaying proof bprodSplit.key.proof 
61435      DEBUG main            d.u.i.k.p.i.IntermediateProofReplayer Proof replay took 2.11ms 
61436      DEBUG main            d.u.i.k.p.r.p.TestFile    ... success: reloaded. 
61437      INFO  main            d.u.i.k.p.r.p.TestFile    Now processing file /home/runner/work/key/key/key.core/../key.ui/examples/heap/comprehensions/bsumSplitInvalid.key 
61438      INFO  main            d.u.i.k.p.i.AbstractProblemLoader Loading environment from /home/runner/work/key/key/key.core/../key.ui/examples/heap/comprehensions/bsumSplitInvalid.key 
61438      DEBUG main            d.u.i.k.p.i.AbstractProblemLoader Environment load took 348.51ns 
61439      INFO  main            d.u.i.k.p.i.AbstractProblemLoader Creating init config 
63765      DEBUG main            d.u.i.k.p.i.AbstractProblemLoader Init config took 2.33s 
63780      INFO  main            d.u.i.k.p.i.AbstractProblemLoader Replaying proof bsumSplitInvalid.key 
63781      DEBUG main            d.u.i.k.p.i.IntermediateProofReplayer Proof replay took 7ns 
63889      INFO  main            d.u.i.k.p.r.p.TestFile    ... finished proof: open goal(s) 
140210     INFO  Test worker     d.u.i.k.p.r.RunAllProofsTestUnit Returning from test comprehensions 
140212     INFO  Test worker     d.u.i.k.p.r.RunAllProofsTestUnit Running test performance 
396        INFO  Timeout watchdog d.u.i.k.p.r.p.ForkedTestFileRunner Timeout watcher launched (2000 secs.) 
414        WARN  main            d.u.i.k.s.ProofSettings   The settings in /home/runner/.key/proof-settings.props are *not* read. 
440        INFO  main            d.u.i.k.p.r.p.TestFile    Now processing file /home/runner/work/key/key/key.core/../key.ui/examples/performance-test/Disjoint(Disjoint__disjoint_08()).JML_operation_contract.0.key 
558        INFO  main            d.u.i.k.p.i.AbstractProblemLoader Loading environment from /home/runner/work/key/key/key.core/../key.ui/examples/performance-test/Disjoint(Disjoint__disjoint_08()).JML_operation_contract.0.key 
575        DEBUG main            d.u.i.k.p.i.AbstractProblemLoader Environment load took 2.38ms 
791        INFO  main            d.u.i.k.p.i.AbstractProblemLoader Creating init config 
1616       DEBUG main            d.u.i.k.j.TypeConverter   No LDT found for Meta 
1616       DEBUG main            d.u.i.k.j.TypeConverter   No LDT found for Meta 
1623       DEBUG main            d.u.i.k.j.TypeConverter   No LDT found for Meta 
1624       DEBUG main            d.u.i.k.j.TypeConverter   No LDT found for Meta 
3174       DEBUG main            d.u.i.k.j.TypeConverter   No LDT found for JavaBigintExpression 
8350       DEBUG main            d.u.i.k.j.r.ClassPreparationMethodBuilder clPrepBuilder: Inner Class detected. Reject building class initialisation methods. 
16090      DEBUG main            d.u.i.k.p.i.AbstractProblemLoader Init config took 15.3s 
16285      INFO  main            d.u.i.k.p.i.AbstractProblemLoader Replaying proof Disjoint[Disjoint::disjoint_8()].JML operation contract.0 
16363      DEBUG main            d.u.i.k.p.i.IntermediateProofReplayer Proof replay took 346.91ns 
18926      INFO  main            d.u.i.k.p.r.p.TestFile    ... finished proof: closed. 
19141      INFO  main            d.u.i.k.p.i.AbstractProblemLoader Loading environment from /home/runner/work/key/key/key.core/../key.ui/examples/performance-test/Disjoint(Disjoint__disjoint_08()).JML_operation_contract.0.key.proof 
19141      DEBUG main            d.u.i.k.p.i.AbstractProblemLoader Environment load took 214.7ns 
19143      INFO  main            d.u.i.k.p.i.AbstractProblemLoader Creating init config 
22227      DEBUG main            d.u.i.k.j.r.ClassPreparationMethodBuilder clPrepBuilder: Inner Class detected. Reject building class initialisation methods. 
29125      DEBUG main            d.u.i.k.p.i.AbstractProblemLoader Init config took 9.98s 
29274      INFO  main            d.u.i.k.p.i.AbstractProblemLoader Replaying proof Disjoint[Disjoint::disjoint_8()].JML operation contract.0 
29594      DEBUG main            d.u.i.k.p.i.IntermediateProofReplayer Proof replay took 306.2ms 
29610      DEBUG main            d.u.i.k.p.r.p.TestFile    ... success: reloaded. 
29612      INFO  main            d.u.i.k.p.r.p.TestFile    Now processing file /home/runner/work/key/key/key.core/../key.ui/examples/performance-test/Disjoint(Disjoint__disjoint2_08()).JML_operation_contract.0.key 
29613      INFO  main            d.u.i.k.p.i.AbstractProblemLoader Loading environment from /home/runner/work/key/key/key.core/../key.ui/examples/performance-test/Disjoint(Disjoint__disjoint2_08()).JML_operation_contract.0.key 
29613      DEBUG main            d.u.i.k.p.i.AbstractProblemLoader Environment load took 169.2ns 
29616      INFO  main            d.u.i.k.p.i.AbstractProblemLoader Creating init config 
32669      DEBUG main            d.u.i.k.j.r.ClassPreparationMethodBuilder clPrepBuilder: Inner Class detected. Reject building class initialisation methods. 
39485      DEBUG main            d.u.i.k.p.i.AbstractProblemLoader Init config took 9.87s 
39587      INFO  main            d.u.i.k.p.i.AbstractProblemLoader Replaying proof Disjoint[Disjoint::disjoint2_8()].JML operation contract.0 
39590      DEBUG main            d.u.i.k.p.i.IntermediateProofReplayer Proof replay took 23.2ns 
40695      INFO  main            d.u.i.k.p.r.p.TestFile    ... finished proof: closed. 
40986      INFO  main            d.u.i.k.p.i.AbstractProblemLoader Loading environment from /home/runner/work/key/key/key.core/../key.ui/examples/performance-test/Disjoint(Disjoint__disjoint2_08()).JML_operation_contract.0.key.proof 
40987      DEBUG main            d.u.i.k.p.i.AbstractProblemLoader Environment load took 703.61ns 
40989      INFO  main            d.u.i.k.p.i.AbstractProblemLoader Creating init config 
43843      DEBUG main            d.u.i.k.j.r.ClassPreparationMethodBuilder clPrepBuilder: Inner Class detected. Reject building class initialisation methods. 
50503      DEBUG main            d.u.i.k.p.i.AbstractProblemLoader Init config took 9.51s 
50602      INFO  main            d.u.i.k.p.i.AbstractProblemLoader Replaying proof Disjoint[Disjoint::disjoint2_8()].JML operation contract.0 
50679      DEBUG main            d.u.i.k.p.i.IntermediateProofReplayer Proof replay took 74.06ms 
50682      DEBUG main            d.u.i.k.p.r.p.TestFile    ... success: reloaded. 
50686      INFO  main            d.u.i.k.p.r.p.TestFile    Now processing file /home/runner/work/key/key/key.core/../key.ui/examples/performance-test/AccessChain1(AccessChain1__foo_08()).JML_operation_contract.0.key 
50687      INFO  main            d.u.i.k.p.i.AbstractProblemLoader Loading environment from /home/runner/work/key/key/key.core/../key.ui/examples/performance-test/AccessChain1(AccessChain1__foo_08()).JML_operation_contract.0.key 
50688      DEBUG main            d.u.i.k.p.i.AbstractProblemLoader Environment load took 907.02ns 
50690      INFO  main            d.u.i.k.p.i.AbstractProblemLoader Creating init config 
53578      DEBUG main            d.u.i.k.j.r.ClassPreparationMethodBuilder clPrepBuilder: Inner Class detected. Reject building class initialisation methods. 
60329      DEBUG main            d.u.i.k.p.i.AbstractProblemLoader Init config took 9.64s 
60427      INFO  main            d.u.i.k.p.i.AbstractProblemLoader Replaying proof AccessChain1[AccessChain1::foo_8()].JML operation contract.0 
60430      DEBUG main            d.u.i.k.p.i.IntermediateProofReplayer Proof replay took 11ns 
62841      INFO  main            d.u.i.k.p.r.p.TestFile    ... finished proof: closed. 
63150      INFO  main            d.u.i.k.p.i.AbstractProblemLoader Loading environment from /home/runner/work/key/key/key.core/../key.ui/examples/performance-test/AccessChain1(AccessChain1__foo_08()).JML_operation_contract.0.key.proof 
63150      DEBUG main            d.u.i.k.p.i.AbstractProblemLoader Environment load took 138.6ns 
63152      INFO  main            d.u.i.k.p.i.AbstractProblemLoader Creating init config 
65962      DEBUG main            d.u.i.k.j.r.ClassPreparationMethodBuilder clPrepBuilder: Inner Class detected. Reject building class initialisation methods. 
72631      DEBUG main            d.u.i.k.p.i.AbstractProblemLoader Init config took 9.48s 
72724      INFO  main            d.u.i.k.p.i.AbstractProblemLoader Replaying proof AccessChain1[AccessChain1::foo_8()].JML operation contract.0 
73114      DEBUG main            d.u.i.k.p.i.IntermediateProofReplayer Proof replay took 374.33ms 
73117      DEBUG main            d.u.i.k.p.r.p.TestFile    ... success: reloaded. 
73119      INFO  main            d.u.i.k.p.r.p.TestFile    Now processing file /home/runner/work/key/key/key.core/../key.ui/examples/performance-test/AccessChain4(AccessChain4__foo_08()).JML_operation_contract.0.key 
73123      INFO  main            d.u.i.k.p.i.AbstractProblemLoader Loading environment from /home/runner/work/key/key/key.core/../key.ui/examples/performance-test/AccessChain4(AccessChain4__foo_08()).JML_operation_contract.0.key 
73124      DEBUG main            d.u.i.k.p.i.AbstractProblemLoader Environment load took 1.38ms 
73127      INFO  main            d.u.i.k.p.i.AbstractProblemLoader Creating init config 
76034      DEBUG main            d.u.i.k.j.r.ClassPreparationMethodBuilder clPrepBuilder: Inner Class detected. Reject building class initialisation methods. 
82737      DEBUG main            d.u.i.k.p.i.AbstractProblemLoader Init config took 9.61s 
82839      INFO  main            d.u.i.k.p.i.AbstractProblemLoader Replaying proof AccessChain4[AccessChain4::foo_8()].JML operation contract.0 
82841      DEBUG main            d.u.i.k.p.i.IntermediateProofReplayer Proof replay took 10.8ns 
88785      INFO  main            d.u.i.k.p.r.p.TestFile    ... finished proof: closed. 
89163      INFO  main            d.u.i.k.p.i.AbstractProblemLoader Loading environment from /home/runner/work/key/key/key.core/../key.ui/examples/performance-test/AccessChain4(AccessChain4__foo_08()).JML_operation_contract.0.key.proof 
89172      DEBUG main            d.u.i.k.p.i.AbstractProblemLoader Environment load took 8.41ms 
89174      INFO  main            d.u.i.k.p.i.AbstractProblemLoader Creating init config 
91950      DEBUG main            d.u.i.k.j.r.ClassPreparationMethodBuilder clPrepBuilder: Inner Class detected. Reject building class initialisation methods. 
98625      DEBUG main            d.u.i.k.p.i.AbstractProblemLoader Init config took 9.45s 
98719      INFO  main            d.u.i.k.p.i.AbstractProblemLoader Replaying proof AccessChain4[AccessChain4::foo_8()].JML operation contract.0 
99415      DEBUG main            d.u.i.k.p.i.IntermediateProofReplayer Proof replay took 668.89ms 
99418      DEBUG main            d.u.i.k.p.r.p.TestFile    ... success: reloaded. 
99420      INFO  main            d.u.i.k.p.r.p.TestFile    Now processing file /home/runner/work/key/key/key.core/../key.ui/examples/performance-test/Disjoint(Disjoint__xZero_08()).JML_operation_contract.0.key 
99420      INFO  main            d.u.i.k.p.i.AbstractProblemLoader Loading environment from /home/runner/work/key/key/key.core/../key.ui/examples/performance-test/Disjoint(Disjoint__xZero_08()).JML_operation_contract.0.key 
99421      DEBUG main            d.u.i.k.p.i.AbstractProblemLoader Environment load took 326.81ns 
99422      INFO  main            d.u.i.k.p.i.AbstractProblemLoader Creating init config 
102391     DEBUG main            d.u.i.k.j.r.ClassPreparationMethodBuilder clPrepBuilder: Inner Class detected. Reject building class initialisation methods. 
109070     DEBUG main            d.u.i.k.p.i.AbstractProblemLoader Init config took 9.65s 
109175     INFO  main            d.u.i.k.p.i.AbstractProblemLoader Replaying proof Disjoint[Disjoint::xZero_8()].JML operation contract.0 
109178     DEBUG main            d.u.i.k.p.i.IntermediateProofReplayer Proof replay took 11.7ns 
110184     INFO  main            d.u.i.k.p.r.p.TestFile    ... finished proof: closed. 
110587     INFO  main            d.u.i.k.p.i.AbstractProblemLoader Loading environment from /home/runner/work/key/key/key.core/../key.ui/examples/performance-test/Disjoint(Disjoint__xZero_08()).JML_operation_contract.0.key.proof 
110588     DEBUG main            d.u.i.k.p.i.AbstractProblemLoader Environment load took 662.81ns 
110589     INFO  main            d.u.i.k.p.i.AbstractProblemLoader Creating init config 
113352     DEBUG main            d.u.i.k.j.r.ClassPreparationMethodBuilder clPrepBuilder: Inner Class detected. Reject building class initialisation methods. 
119922     DEBUG main            d.u.i.k.p.i.AbstractProblemLoader Init config took 9.33s 
120008     INFO  main            d.u.i.k.p.i.AbstractProblemLoader Replaying proof Disjoint[Disjoint::xZero_8()].JML operation contract.0 
120180     DEBUG main            d.u.i.k.p.i.IntermediateProofReplayer Proof replay took 165.34ms 
120182     DEBUG main            d.u.i.k.p.r.p.TestFile    ... success: reloaded. 
120184     INFO  main            d.u.i.k.p.r.p.TestFile    Now processing file /home/runner/work/key/key/key.core/../key.ui/examples/performance-test/Dynamic(Dynamic__foo_08()).JML_operation_contract.0.key 
120184     INFO  main            d.u.i.k.p.i.AbstractProblemLoader Loading environment from /home/runner/work/key/key/key.core/../key.ui/examples/performance-test/Dynamic(Dynamic__foo_08()).JML_operation_contract.0.key 
120185     DEBUG main            d.u.i.k.p.i.AbstractProblemLoader Environment load took 294.51ns 
120186     INFO  main            d.u.i.k.p.i.AbstractProblemLoader Creating init config 
123061     DEBUG main            d.u.i.k.j.r.ClassPreparationMethodBuilder clPrepBuilder: Inner Class detected. Reject building class initialisation methods. 
129629     DEBUG main            d.u.i.k.p.i.AbstractProblemLoader Init config took 9.44s 
129730     INFO  main            d.u.i.k.p.i.AbstractProblemLoader Replaying proof Dynamic[Dynamic::foo_8()].JML operation contract.0 
129732     DEBUG main            d.u.i.k.p.i.IntermediateProofReplayer Proof replay took 10.4ns 
134714     INFO  main            d.u.i.k.p.r.p.TestFile    ... finished proof: closed. 
135102     INFO  main            d.u.i.k.p.i.AbstractProblemLoader Loading environment from /home/runner/work/key/key/key.core/../key.ui/examples/performance-test/Dynamic(Dynamic__foo_08()).JML_operation_contract.0.key.proof 
135102     DEBUG main            d.u.i.k.p.i.AbstractProblemLoader Environment load took 255.6ns 
135104     INFO  main            d.u.i.k.p.i.AbstractProblemLoader Creating init config 
137882     DEBUG main            d.u.i.k.j.r.ClassPreparationMethodBuilder clPrepBuilder: Inner Class detected. Reject building class initialisation methods. 
144477     DEBUG main            d.u.i.k.p.i.AbstractProblemLoader Init config took 9.37s 
144561     INFO  main            d.u.i.k.p.i.AbstractProblemLoader Replaying proof Dynamic[Dynamic::foo_8()].JML operation contract.0 
145018     DEBUG main            d.u.i.k.p.i.IntermediateProofReplayer Proof replay took 437.13ms 
145020     DEBUG main            d.u.i.k.p.r.p.TestFile    ... success: reloaded. 
145022     INFO  main            d.u.i.k.p.r.p.TestFile    Now processing file /home/runner/work/key/key/key.core/../key.ui/examples/performance-test/DynamicGhost(DynamicGhost__dynamicGhost_08()).JML_normal_behavior_operation_contract.0.key 
145022     INFO  main            d.u.i.k.p.i.AbstractProblemLoader Loading environment from /home/runner/work/key/key/key.core/../key.ui/examples/performance-test/DynamicGhost(DynamicGhost__dynamicGhost_08()).JML_normal_behavior_operation_contract.0.key 
145023     DEBUG main            d.u.i.k.p.i.AbstractProblemLoader Environment load took 302.41ns 
145024     INFO  main            d.u.i.k.p.i.AbstractProblemLoader Creating init config 
147894     DEBUG main            d.u.i.k.j.r.ClassPreparationMethodBuilder clPrepBuilder: Inner Class detected. Reject building class initialisation methods. 
154505     DEBUG main            d.u.i.k.p.i.AbstractProblemLoader Init config took 9.48s 
154596     INFO  main            d.u.i.k.p.i.AbstractProblemLoader Replaying proof DynamicGhost[DynamicGhost::dynamicGhost_8()].JML normal_behavior operation contract.0 
154598     DEBUG main            d.u.i.k.p.i.IntermediateProofReplayer Proof replay took 12.5ns 
158446     INFO  main            d.u.i.k.p.r.p.TestFile    ... finished proof: closed. 
158875     INFO  main            d.u.i.k.p.i.AbstractProblemLoader Loading environment from /home/runner/work/key/key/key.core/../key.ui/examples/performance-test/DynamicGhost(DynamicGhost__dynamicGhost_08()).JML_normal_behavior_operation_contract.0.key.proof 
158876     DEBUG main            d.u.i.k.p.i.AbstractProblemLoader Environment load took 679.41ns 
158879     INFO  main            d.u.i.k.p.i.AbstractProblemLoader Creating init config 
161632     DEBUG main            d.u.i.k.j.r.ClassPreparationMethodBuilder clPrepBuilder: Inner Class detected. Reject building class initialisation methods. 
168255     DEBUG main            d.u.i.k.p.i.AbstractProblemLoader Init config took 9.38s 
168341     INFO  main            d.u.i.k.p.i.AbstractProblemLoader Replaying proof DynamicGhost[DynamicGhost::dynamicGhost_8()].JML normal_behavior operation contract.0 
168789     DEBUG main            d.u.i.k.p.i.IntermediateProofReplayer Proof replay took 428.78ms 
168792     DEBUG main            d.u.i.k.p.r.p.TestFile    ... success: reloaded. 
168793     INFO  main            d.u.i.k.p.r.p.TestFile    Now processing file /home/runner/work/key/key/key.core/../key.ui/examples/performance-test/GhostFrame(GhostFrame__foo_08()).JML_operation_contract.0.key 
168794     INFO  main            d.u.i.k.p.i.AbstractProblemLoader Loading environment from /home/runner/work/key/key/key.core/../key.ui/examples/performance-test/GhostFrame(GhostFrame__foo_08()).JML_operation_contract.0.key 
168794     DEBUG main            d.u.i.k.p.i.AbstractProblemLoader Environment load took 135.8ns 
168795     INFO  main            d.u.i.k.p.i.AbstractProblemLoader Creating init config 
171673     DEBUG main            d.u.i.k.j.r.ClassPreparationMethodBuilder clPrepBuilder: Inner Class detected. Reject building class initialisation methods. 
178338     DEBUG main            d.u.i.k.p.i.AbstractProblemLoader Init config took 9.54s 
178446     INFO  main            d.u.i.k.p.i.AbstractProblemLoader Replaying proof GhostFrame[GhostFrame::foo_8()].JML operation contract.0 
178448     DEBUG main            d.u.i.k.p.i.IntermediateProofReplayer Proof replay took 13.6ns 
180258     INFO  main            d.u.i.k.p.r.p.TestFile    ... finished proof: closed. 
180678     INFO  main            d.u.i.k.p.i.AbstractProblemLoader Loading environment from /home/runner/work/key/key/key.core/../key.ui/examples/performance-test/GhostFrame(GhostFrame__foo_08()).JML_operation_contract.0.key.proof 
180678     DEBUG main            d.u.i.k.p.i.AbstractProblemLoader Environment load took 138.1ns 
180679     INFO  main            d.u.i.k.p.i.AbstractProblemLoader Creating init config 
183438     DEBUG main            d.u.i.k.j.r.ClassPreparationMethodBuilder clPrepBuilder: Inner Class detected. Reject building class initialisation methods. 
190032     DEBUG main            d.u.i.k.p.i.AbstractProblemLoader Init config took 9.35s 
190140     INFO  main            d.u.i.k.p.i.AbstractProblemLoader Replaying proof GhostFrame[GhostFrame::foo_8()].JML operation contract.0 
190394     DEBUG main            d.u.i.k.p.i.IntermediateProofReplayer Proof replay took 245.36ms 
190396     DEBUG main            d.u.i.k.p.r.p.TestFile    ... success: reloaded. 
190398     INFO  main            d.u.i.k.p.r.p.TestFile    Now processing file /home/runner/work/key/key/key.core/../key.ui/examples/performance-test/Modelfield(Modelfield__foo_08()).JML_operation_contract.0.key 
190398     INFO  main            d.u.i.k.p.i.AbstractProblemLoader Loading environment from /home/runner/work/key/key/key.core/../key.ui/examples/performance-test/Modelfield(Modelfield__foo_08()).JML_operation_contract.0.key 
190399     DEBUG main            d.u.i.k.p.i.AbstractProblemLoader Environment load took 349.41ns 
190400     INFO  main            d.u.i.k.p.i.AbstractProblemLoader Creating init config 
193252     DEBUG main            d.u.i.k.j.r.ClassPreparationMethodBuilder clPrepBuilder: Inner Class detected. Reject building class initialisation methods. 
199877     DEBUG main            d.u.i.k.p.i.AbstractProblemLoader Init config took 9.48s 
199960     INFO  main            d.u.i.k.p.i.AbstractProblemLoader Replaying proof Modelfield[Modelfield::foo_8()].JML operation contract.0 
199961     DEBUG main            d.u.i.k.p.i.IntermediateProofReplayer Proof replay took 6.1ns 
202913     INFO  main            d.u.i.k.p.r.p.TestFile    ... finished proof: closed. 
203342     INFO  main            d.u.i.k.p.i.AbstractProblemLoader Loading environment from /home/runner/work/key/key/key.core/../key.ui/examples/performance-test/Modelfield(Modelfield__foo_08()).JML_operation_contract.0.key.proof 
203343     DEBUG main            d.u.i.k.p.i.AbstractProblemLoader Environment load took 656.41ns 
203345     INFO  main            d.u.i.k.p.i.AbstractProblemLoader Creating init config 
206071     DEBUG main            d.u.i.k.j.r.ClassPreparationMethodBuilder clPrepBuilder: Inner Class detected. Reject building class initialisation methods. 
212660     DEBUG main            d.u.i.k.p.i.AbstractProblemLoader Init config took 9.32s 
212742     INFO  main            d.u.i.k.p.i.AbstractProblemLoader Replaying proof Modelfield[Modelfield::foo_8()].JML operation contract.0 
213053     DEBUG main            d.u.i.k.p.i.IntermediateProofReplayer Proof replay took 298.42ms 
213056     DEBUG main            d.u.i.k.p.r.p.TestFile    ... success: reloaded. 
353439     INFO  Test worker     d.u.i.k.p.r.RunAllProofsTestUnit Returning from test performance 
353440     INFO  Test worker     d.u.i.k.p.r.RunAllProofsTestUnit Running test performancePOConstruction 
324        INFO  Timeout watchdog d.u.i.k.p.r.p.ForkedTestFileRunner Timeout watcher launched (2000 secs.) 
331        WARN  main            d.u.i.k.s.ProofSettings   The settings in /home/runner/.key/proof-settings.props are *not* read. 
389        INFO  main            d.u.i.k.p.r.p.TestFile    Now processing file /home/runner/work/key/key/key.core/../key.ui/examples/performance-test/Test(Test__a0(int)).JML_normal_behavior_operation_contract.0.key 
510        INFO  main            d.u.i.k.p.i.AbstractProblemLoader Loading environment from /home/runner/work/key/key/key.core/../key.ui/examples/performance-test/Test(Test__a0(int)).JML_normal_behavior_operation_contract.0.key 
527        DEBUG main            d.u.i.k.p.i.AbstractProblemLoader Environment load took 2.2ms 
769        INFO  main            d.u.i.k.p.i.AbstractProblemLoader Creating init config 
1652       DEBUG main            d.u.i.k.j.TypeConverter   No LDT found for Meta 
1657       DEBUG main            d.u.i.k.j.TypeConverter   No LDT found for Meta 
1658       DEBUG main            d.u.i.k.j.TypeConverter   No LDT found for Meta 
1658       DEBUG main            d.u.i.k.j.TypeConverter   No LDT found for Meta 
3414       DEBUG main            d.u.i.k.j.TypeConverter   No LDT found for JavaBigintExpression 
9287       DEBUG main            d.u.i.k.j.r.ClassPreparationMethodBuilder clPrepBuilder: Inner Class detected. Reject building class initialisation methods. 
17467      DEBUG main            d.u.i.k.p.i.AbstractProblemLoader Init config took 16.7s 
18515      INFO  main            d.u.i.k.p.i.AbstractProblemLoader Replaying proof Test[Test::a0(int)].JML normal_behavior operation contract.0 
18604      DEBUG main            d.u.i.k.p.i.IntermediateProofReplayer Proof replay took 31.4ns 
19050      INFO  main            d.u.i.k.p.r.p.TestFile    ... finished proof: closed. 
19214      INFO  main            d.u.i.k.p.i.AbstractProblemLoader Loading environment from /home/runner/work/key/key/key.core/../key.ui/examples/performance-test/Test(Test__a0(int)).JML_normal_behavior_operation_contract.0.key.proof 
19220      DEBUG main            d.u.i.k.p.i.AbstractProblemLoader Environment load took 6.74ms 
19223      INFO  main            d.u.i.k.p.i.AbstractProblemLoader Creating init config 
22511      DEBUG main            d.u.i.k.j.r.ClassPreparationMethodBuilder clPrepBuilder: Inner Class detected. Reject building class initialisation methods. 
30004      DEBUG main            d.u.i.k.p.i.AbstractProblemLoader Init config took 10.78s 
30866      INFO  main            d.u.i.k.p.i.AbstractProblemLoader Replaying proof Test[Test::a0(int)].JML normal_behavior operation contract.0 
30905      DEBUG main            d.u.i.k.p.i.IntermediateProofReplayer Proof replay took 34.83ms 
30912      DEBUG main            d.u.i.k.p.r.p.TestFile    ... success: reloaded. 
30914      INFO  main            d.u.i.k.p.r.p.TestFile    Now processing file /home/runner/work/key/key/key.core/../key.ui/examples/performance-test/Test(Test__a1(int)).JML_normal_behavior_operation_contract.0.key 
30915      INFO  main            d.u.i.k.p.i.AbstractProblemLoader Loading environment from /home/runner/work/key/key/key.core/../key.ui/examples/performance-test/Test(Test__a1(int)).JML_normal_behavior_operation_contract.0.key 
30915      DEBUG main            d.u.i.k.p.i.AbstractProblemLoader Environment load took 324.01ns 
30917      INFO  main            d.u.i.k.p.i.AbstractProblemLoader Creating init config 
34057      DEBUG main            d.u.i.k.j.r.ClassPreparationMethodBuilder clPrepBuilder: Inner Class detected. Reject building class initialisation methods. 
41307      DEBUG main            d.u.i.k.p.i.AbstractProblemLoader Init config took 10.39s 
42298      INFO  main            d.u.i.k.p.i.AbstractProblemLoader Replaying proof Test[Test::a1(int)].JML normal_behavior operation contract.0 
42301      DEBUG main            d.u.i.k.p.i.IntermediateProofReplayer Proof replay took 6.3ns 
42710      INFO  main            d.u.i.k.p.r.p.TestFile    ... finished proof: closed. 
43001      INFO  main            d.u.i.k.p.i.AbstractProblemLoader Loading environment from /home/runner/work/key/key/key.core/../key.ui/examples/performance-test/Test(Test__a1(int)).JML_normal_behavior_operation_contract.0.key.proof 
43001      DEBUG main            d.u.i.k.p.i.AbstractProblemLoader Environment load took 134.7ns 
43004      INFO  main            d.u.i.k.p.i.AbstractProblemLoader Creating init config 
46052      DEBUG main            d.u.i.k.j.r.ClassPreparationMethodBuilder clPrepBuilder: Inner Class detected. Reject building class initialisation methods. 
53106      DEBUG main            d.u.i.k.p.i.AbstractProblemLoader Init config took 10.1s 
53999      INFO  main            d.u.i.k.p.i.AbstractProblemLoader Replaying proof Test[Test::a1(int)].JML normal_behavior operation contract.0 
54054      DEBUG main            d.u.i.k.p.i.IntermediateProofReplayer Proof replay took 51.7ms 
54056      DEBUG main            d.u.i.k.p.r.p.TestFile    ... success: reloaded. 
54057      INFO  main            d.u.i.k.p.r.p.TestFile    Now processing file /home/runner/work/key/key/key.core/../key.ui/examples/performance-test/Test(Test__f1(int)).JML_normal_behavior_operation_contract.0.key 
54058      INFO  main            d.u.i.k.p.i.AbstractProblemLoader Loading environment from /home/runner/work/key/key/key.core/../key.ui/examples/performance-test/Test(Test__f1(int)).JML_normal_behavior_operation_contract.0.key 
54058      DEBUG main            d.u.i.k.p.i.AbstractProblemLoader Environment load took 242.1ns 
54061      INFO  main            d.u.i.k.p.i.AbstractProblemLoader Creating init config 
57130      DEBUG main            d.u.i.k.j.r.ClassPreparationMethodBuilder clPrepBuilder: Inner Class detected. Reject building class initialisation methods. 
64218      DEBUG main            d.u.i.k.p.i.AbstractProblemLoader Init config took 10.16s 
65045      INFO  main            d.u.i.k.p.i.AbstractProblemLoader Replaying proof Test[Test::f1(int)].JML normal_behavior operation contract.0 
65047      DEBUG main            d.u.i.k.p.i.IntermediateProofReplayer Proof replay took 6.8ns 
65354      INFO  main            d.u.i.k.p.r.p.TestFile    ... finished proof: closed. 
65732      INFO  main            d.u.i.k.p.i.AbstractProblemLoader Loading environment from /home/runner/work/key/key/key.core/../key.ui/examples/performance-test/Test(Test__f1(int)).JML_normal_behavior_operation_contract.0.key.proof 
65737      DEBUG main            d.u.i.k.p.i.AbstractProblemLoader Environment load took 4.86ms 
65738      INFO  main            d.u.i.k.p.i.AbstractProblemLoader Creating init config 
68744      DEBUG main            d.u.i.k.j.r.ClassPreparationMethodBuilder clPrepBuilder: Inner Class detected. Reject building class initialisation methods. 
75767      DEBUG main            d.u.i.k.p.i.AbstractProblemLoader Init config took 10.03s 
76617      INFO  main            d.u.i.k.p.i.AbstractProblemLoader Replaying proof Test[Test::f1(int)].JML normal_behavior operation contract.0 
76667      DEBUG main            d.u.i.k.p.i.IntermediateProofReplayer Proof replay took 42.72ms 
76668      DEBUG main            d.u.i.k.p.r.p.TestFile    ... success: reloaded. 
430322     INFO  Test worker     d.u.i.k.p.r.RunAllProofsTestUnit Returning from test performancePOConstruction 
430324     INFO  Test worker     d.u.i.k.p.r.RunAllProofsTestUnit Running test applicationRestrictions 
345        INFO  Timeout watchdog d.u.i.k.p.r.p.ForkedTestFileRunner Timeout watcher launched (2000 secs.) 
352        WARN  main            d.u.i.k.s.ProofSettings   The settings in /home/runner/.key/proof-settings.props are *not* read. 
377        INFO  main            d.u.i.k.p.r.p.TestFile    Now processing file /home/runner/work/key/key/key.core/../key.ui/examples/heap/polarity_tests/wellformed1.key 
487        INFO  main            d.u.i.k.p.i.AbstractProblemLoader Loading environment from /home/runner/work/key/key/key.core/../key.ui/examples/heap/polarity_tests/wellformed1.key 
503        DEBUG main            d.u.i.k.p.i.AbstractProblemLoader Environment load took 2.16ms 
753        INFO  main            d.u.i.k.p.i.AbstractProblemLoader Creating init config 
1781       DEBUG main            d.u.i.k.j.TypeConverter   No LDT found for Meta 
1782       DEBUG main            d.u.i.k.j.TypeConverter   No LDT found for Meta 
1784       DEBUG main            d.u.i.k.j.TypeConverter   No LDT found for Meta 
1784       DEBUG main            d.u.i.k.j.TypeConverter   No LDT found for Meta 
3166       DEBUG main            d.u.i.k.j.TypeConverter   No LDT found for JavaBigintExpression 
8114       DEBUG main            d.u.i.k.p.i.AbstractProblemLoader Init config took 7.36s 
8173       INFO  main            d.u.i.k.p.i.AbstractProblemLoader Replaying proof wellformed1.key 
8204       DEBUG main            d.u.i.k.p.i.IntermediateProofReplayer Proof replay took 32.2ns 
8370       INFO  main            d.u.i.k.p.r.p.TestFile    ... finished proof: closed. 
8474       INFO  main            d.u.i.k.p.i.AbstractProblemLoader Loading environment from /home/runner/work/key/key/key.core/../key.ui/examples/heap/polarity_tests/wellformed1.key.proof 
8474       DEBUG main            d.u.i.k.p.i.AbstractProblemLoader Environment load took 151.8ns 
8479       INFO  main            d.u.i.k.p.i.AbstractProblemLoader Creating init config 
11146      DEBUG main            d.u.i.k.p.i.AbstractProblemLoader Init config took 2.67s 
11190      INFO  main            d.u.i.k.p.i.AbstractProblemLoader Replaying proof wellformed1.key.proof 
11201      DEBUG main            d.u.i.k.p.i.IntermediateProofReplayer Proof replay took 3.23ms 
11213      DEBUG main            d.u.i.k.p.r.p.TestFile    ... success: reloaded. 
11219      INFO  main            d.u.i.k.p.r.p.TestFile    Now processing file /home/runner/work/key/key/key.core/../key.ui/examples/heap/polarity_tests/wellformed2.key 
11220      INFO  main            d.u.i.k.p.i.AbstractProblemLoader Loading environment from /home/runner/work/key/key/key.core/../key.ui/examples/heap/polarity_tests/wellformed2.key 
11220      DEBUG main            d.u.i.k.p.i.AbstractProblemLoader Environment load took 141ns 
11222      INFO  main            d.u.i.k.p.i.AbstractProblemLoader Creating init config 
13784      DEBUG main            d.u.i.k.p.i.AbstractProblemLoader Init config took 2.56s 
13812      INFO  main            d.u.i.k.p.i.AbstractProblemLoader Replaying proof wellformed2.key 
13814      DEBUG main            d.u.i.k.p.i.IntermediateProofReplayer Proof replay took 6.1ns 
13917      INFO  main            d.u.i.k.p.r.p.TestFile    ... finished proof: open goal(s) 
14041      INFO  main            d.u.i.k.p.r.p.TestFile    Now processing file /home/runner/work/key/key/key.core/../key.ui/examples/heap/polarity_tests/wellformed3.key 
14042      INFO  main            d.u.i.k.p.i.AbstractProblemLoader Loading environment from /home/runner/work/key/key/key.core/../key.ui/examples/heap/polarity_tests/wellformed3.key 
14042      DEBUG main            d.u.i.k.p.i.AbstractProblemLoader Environment load took 102.2ns 
14043      INFO  main            d.u.i.k.p.i.AbstractProblemLoader Creating init config 
16529      DEBUG main            d.u.i.k.p.i.AbstractProblemLoader Init config took 2.49s 
16554      INFO  main            d.u.i.k.p.i.AbstractProblemLoader Replaying proof wellformed3.key 
16556      DEBUG main            d.u.i.k.p.i.IntermediateProofReplayer Proof replay took 6.4ns 
16662      INFO  main            d.u.i.k.p.r.p.TestFile    ... finished proof: closed. 
16782      INFO  main            d.u.i.k.p.i.AbstractProblemLoader Loading environment from /home/runner/work/key/key/key.core/../key.ui/examples/heap/polarity_tests/wellformed3.key.proof 
16782      DEBUG main            d.u.i.k.p.i.AbstractProblemLoader Environment load took 138.1ns 
16784      INFO  main            d.u.i.k.p.i.AbstractProblemLoader Creating init config 
19258      DEBUG main            d.u.i.k.p.i.AbstractProblemLoader Init config took 2.47s 
19280      INFO  main            d.u.i.k.p.i.AbstractProblemLoader Replaying proof wellformed3.key.proof 
19284      DEBUG main            d.u.i.k.p.i.IntermediateProofReplayer Proof replay took 1.71ms 
19285      DEBUG main            d.u.i.k.p.r.p.TestFile    ... success: reloaded. 
19286      INFO  main            d.u.i.k.p.r.p.TestFile    Now processing file /home/runner/work/key/key/key.core/../key.ui/examples/heap/polarity_tests/wellformed4.key 
19286      INFO  main            d.u.i.k.p.i.AbstractProblemLoader Loading environment from /home/runner/work/key/key/key.core/../key.ui/examples/heap/polarity_tests/wellformed4.key 
19287      DEBUG main            d.u.i.k.p.i.AbstractProblemLoader Environment load took 243.31ns 
19288      INFO  main            d.u.i.k.p.i.AbstractProblemLoader Creating init config 
21800      DEBUG main            d.u.i.k.p.i.AbstractProblemLoader Init config took 2.51s 
21820      INFO  main            d.u.i.k.p.i.AbstractProblemLoader Replaying proof wellformed4.key 
21821      DEBUG main            d.u.i.k.p.i.IntermediateProofReplayer Proof replay took 6.1ns 
21927      INFO  main            d.u.i.k.p.r.p.TestFile    ... finished proof: open goal(s) 
22082      INFO  main            d.u.i.k.p.r.p.TestFile    Now processing file /home/runner/work/key/key/key.core/../key.ui/examples/heap/polarity_tests/wellformed5.key 
22082      INFO  main            d.u.i.k.p.i.AbstractProblemLoader Loading environment from /home/runner/work/key/key/key.core/../key.ui/examples/heap/polarity_tests/wellformed5.key 
22082      DEBUG main            d.u.i.k.p.i.AbstractProblemLoader Environment load took 76.5ns 
22083      INFO  main            d.u.i.k.p.i.AbstractProblemLoader Creating init config 
24517      DEBUG main            d.u.i.k.p.i.AbstractProblemLoader Init config took 2.43s 
24537      INFO  main            d.u.i.k.p.i.AbstractProblemLoader Replaying proof wellformed5.key 
24538      DEBUG main            d.u.i.k.p.i.IntermediateProofReplayer Proof replay took 6.5ns 
24642      INFO  main            d.u.i.k.p.r.p.TestFile    ... finished proof: closed. 
24762      INFO  main            d.u.i.k.p.i.AbstractProblemLoader Loading environment from /home/runner/work/key/key/key.core/../key.ui/examples/heap/polarity_tests/wellformed5.key.proof 
24762      DEBUG main            d.u.i.k.p.i.AbstractProblemLoader Environment load took 119.5ns 
24763      INFO  main            d.u.i.k.p.i.AbstractProblemLoader Creating init config 
27166      DEBUG main            d.u.i.k.p.i.AbstractProblemLoader Init config took 2.4s 
27204      INFO  main            d.u.i.k.p.i.AbstractProblemLoader Replaying proof wellformed5.key.proof 
27207      DEBUG main            d.u.i.k.p.i.IntermediateProofReplayer Proof replay took 952.02ns 
27208      DEBUG main            d.u.i.k.p.r.p.TestFile    ... success: reloaded. 
27209      INFO  main            d.u.i.k.p.r.p.TestFile    Now processing file /home/runner/work/key/key/key.core/../key.ui/examples/heap/polarity_tests/wellformed6.key 
27210      INFO  main            d.u.i.k.p.i.AbstractProblemLoader Loading environment from /home/runner/work/key/key/key.core/../key.ui/examples/heap/polarity_tests/wellformed6.key 
27210      DEBUG main            d.u.i.k.p.i.AbstractProblemLoader Environment load took 241.6ns 
27211      INFO  main            d.u.i.k.p.i.AbstractProblemLoader Creating init config 
29626      DEBUG main            d.u.i.k.p.i.AbstractProblemLoader Init config took 2.42s 
29645      INFO  main            d.u.i.k.p.i.AbstractProblemLoader Replaying proof wellformed6.key 
29647      DEBUG main            d.u.i.k.p.i.IntermediateProofReplayer Proof replay took 6.6ns 
29749      INFO  main            d.u.i.k.p.r.p.TestFile    ... finished proof: open goal(s) 
29882      INFO  main            d.u.i.k.p.r.p.TestFile    Now processing file /home/runner/work/key/key/key.core/../key.ui/examples/heap/polarity_tests/wellformed7.key 
29882      INFO  main            d.u.i.k.p.i.AbstractProblemLoader Loading environment from /home/runner/work/key/key/key.core/../key.ui/examples/heap/polarity_tests/wellformed7.key 
29882      DEBUG main            d.u.i.k.p.i.AbstractProblemLoader Environment load took 73.9ns 
29883      INFO  main            d.u.i.k.p.i.AbstractProblemLoader Creating init config 
32314      DEBUG main            d.u.i.k.p.i.AbstractProblemLoader Init config took 2.43s 
32332      INFO  main            d.u.i.k.p.i.AbstractProblemLoader Replaying proof wellformed7.key 
32334      DEBUG main            d.u.i.k.p.i.IntermediateProofReplayer Proof replay took 8ns 
32436      INFO  main            d.u.i.k.p.r.p.TestFile    ... finished proof: closed. 
32615      INFO  main            d.u.i.k.p.i.AbstractProblemLoader Loading environment from /home/runner/work/key/key/key.core/../key.ui/examples/heap/polarity_tests/wellformed7.key.proof 
32615      DEBUG main            d.u.i.k.p.i.AbstractProblemLoader Environment load took 119ns 
32621      INFO  main            d.u.i.k.p.i.AbstractProblemLoader Creating init config 
35023      DEBUG main            d.u.i.k.p.i.AbstractProblemLoader Init config took 2.4s 
35040      INFO  main            d.u.i.k.p.i.AbstractProblemLoader Replaying proof wellformed7.key.proof 
35043      DEBUG main            d.u.i.k.p.i.IntermediateProofReplayer Proof replay took 1.4ms 
35044      DEBUG main            d.u.i.k.p.r.p.TestFile    ... success: reloaded. 
35045      INFO  main            d.u.i.k.p.r.p.TestFile    Now processing file /home/runner/work/key/key/key.core/../key.ui/examples/heap/polarity_tests/wellformed8.key 
35045      INFO  main            d.u.i.k.p.i.AbstractProblemLoader Loading environment from /home/runner/work/key/key/key.core/../key.ui/examples/heap/polarity_tests/wellformed8.key 
35046      DEBUG main            d.u.i.k.p.i.AbstractProblemLoader Environment load took 231.9ns 
35047      INFO  main            d.u.i.k.p.i.AbstractProblemLoader Creating init config 
37475      DEBUG main            d.u.i.k.p.i.AbstractProblemLoader Init config took 2.43s 
37491      INFO  main            d.u.i.k.p.i.AbstractProblemLoader Replaying proof wellformed8.key 
37492      DEBUG main            d.u.i.k.p.i.IntermediateProofReplayer Proof replay took 7.3ns 
37595      INFO  main            d.u.i.k.p.r.p.TestFile    ... finished proof: open goal(s) 
37742      INFO  main            d.u.i.k.p.r.p.TestFile    Now processing file /home/runner/work/key/key/key.core/../key.ui/examples/heap/polarity_tests/wellformed9.key 
37742      INFO  main            d.u.i.k.p.i.AbstractProblemLoader Loading environment from /home/runner/work/key/key/key.core/../key.ui/examples/heap/polarity_tests/wellformed9.key 
37742      DEBUG main            d.u.i.k.p.i.AbstractProblemLoader Environment load took 76.7ns 
37743      INFO  main            d.u.i.k.p.i.AbstractProblemLoader Creating init config 
40122      DEBUG main            d.u.i.k.p.i.AbstractProblemLoader Init config took 2.38s 
40139      INFO  main            d.u.i.k.p.i.AbstractProblemLoader Replaying proof wellformed9.key 
40140      DEBUG main            d.u.i.k.p.i.IntermediateProofReplayer Proof replay took 6.9ns 
40245      INFO  main            d.u.i.k.p.r.p.TestFile    ... finished proof: closed. 
40387      INFO  main            d.u.i.k.p.i.AbstractProblemLoader Loading environment from /home/runner/work/key/key/key.core/../key.ui/examples/heap/polarity_tests/wellformed9.key.proof 
40388      DEBUG main            d.u.i.k.p.i.AbstractProblemLoader Environment load took 121.9ns 
40389      INFO  main            d.u.i.k.p.i.AbstractProblemLoader Creating init config 
42743      DEBUG main            d.u.i.k.p.i.AbstractProblemLoader Init config took 2.35s 
42759      INFO  main            d.u.i.k.p.i.AbstractProblemLoader Replaying proof wellformed9.key.proof 
42762      DEBUG main            d.u.i.k.p.i.IntermediateProofReplayer Proof replay took 1.26ms 
42764      DEBUG main            d.u.i.k.p.r.p.TestFile    ... success: reloaded. 
42764      INFO  main            d.u.i.k.p.r.p.TestFile    Now processing file /home/runner/work/key/key/key.core/../key.ui/examples/heap/polarity_tests/wellformed10.key 
42765      INFO  main            d.u.i.k.p.i.AbstractProblemLoader Loading environment from /home/runner/work/key/key/key.core/../key.ui/examples/heap/polarity_tests/wellformed10.key 
42765      DEBUG main            d.u.i.k.p.i.AbstractProblemLoader Environment load took 248ns 
42766      INFO  main            d.u.i.k.p.i.AbstractProblemLoader Creating init config 
45174      DEBUG main            d.u.i.k.p.i.AbstractProblemLoader Init config took 2.41s 
45189      INFO  main            d.u.i.k.p.i.AbstractProblemLoader Replaying proof wellformed10.key 
45191      DEBUG main            d.u.i.k.p.i.IntermediateProofReplayer Proof replay took 6.9ns 
45297      INFO  main            d.u.i.k.p.r.p.TestFile    ... finished proof: open goal(s) 
45457      INFO  main            d.u.i.k.p.r.p.TestFile    Now processing file /home/runner/work/key/key/key.core/../key.ui/examples/heap/polarity_tests/wellformed11.key 
45458      INFO  main            d.u.i.k.p.i.AbstractProblemLoader Loading environment from /home/runner/work/key/key/key.core/../key.ui/examples/heap/polarity_tests/wellformed11.key 
45458      DEBUG main            d.u.i.k.p.i.AbstractProblemLoader Environment load took 81.5ns 
45459      INFO  main            d.u.i.k.p.i.AbstractProblemLoader Creating init config 
47812      DEBUG main            d.u.i.k.p.i.AbstractProblemLoader Init config took 2.35s 
47827      INFO  main            d.u.i.k.p.i.AbstractProblemLoader Replaying proof wellformed11.key 
47828      DEBUG main            d.u.i.k.p.i.IntermediateProofReplayer Proof replay took 6.6ns 
47933      INFO  main            d.u.i.k.p.r.p.TestFile    ... finished proof: open goal(s) 
478567     INFO  Test worker     d.u.i.k.p.r.RunAllProofsTestUnit Returning from test applicationRestrictions 
478569     INFO  Test worker     d.u.i.k.p.r.RunAllProofsTestUnit Running test blockContracts 
344        INFO  Timeout watchdog d.u.i.k.p.r.p.ForkedTestFileRunner Timeout watcher launched (2000 secs.) 
355        WARN  main            d.u.i.k.s.ProofSettings   The settings in /home/runner/.key/proof-settings.props are *not* read. 
398        INFO  main            d.u.i.k.p.r.p.TestFile    Now processing file /home/runner/work/key/key/key.core/../key.ui/examples/heap/block_contracts/Simple__add.key 
514        INFO  main            d.u.i.k.p.i.AbstractProblemLoader Loading environment from /home/runner/work/key/key/key.core/../key.ui/examples/heap/block_contracts/Simple__add.key 
540        DEBUG main            d.u.i.k.p.i.AbstractProblemLoader Environment load took 1.85ms 
754        INFO  main            d.u.i.k.p.i.AbstractProblemLoader Creating init config 
1601       DEBUG main            d.u.i.k.j.TypeConverter   No LDT found for Meta 
1602       DEBUG main            d.u.i.k.j.TypeConverter   No LDT found for Meta 
1603       DEBUG main            d.u.i.k.j.TypeConverter   No LDT found for Meta 
1604       DEBUG main            d.u.i.k.j.TypeConverter   No LDT found for Meta 
2840       DEBUG main            d.u.i.k.j.TypeConverter   No LDT found for JavaBigintExpression 
8187       DEBUG main            d.u.i.k.p.i.AbstractProblemLoader Init config took 7.43s 
8309       INFO  main            d.u.i.k.p.i.AbstractProblemLoader Replaying proof Simple[Simple::add(int,int)].JML operation contract.0 
8388       DEBUG main            d.u.i.k.p.i.IntermediateProofReplayer Proof replay took 328.81ns 
9228       INFO  main            d.u.i.k.p.r.p.TestFile    ... finished proof: closed. 
9357       INFO  main            d.u.i.k.p.i.AbstractProblemLoader Loading environment from /home/runner/work/key/key/key.core/../key.ui/examples/heap/block_contracts/Simple__add.key.proof 
9359       DEBUG main            d.u.i.k.p.i.AbstractProblemLoader Environment load took 1.23ms 
9362       INFO  main            d.u.i.k.p.i.AbstractProblemLoader Creating init config 
12729      DEBUG main            d.u.i.k.p.i.AbstractProblemLoader Init config took 3.37s 
12809      INFO  main            d.u.i.k.p.i.AbstractProblemLoader Replaying proof Simple[Simple::add(int,int)].JML operation contract.0 
12872      DEBUG main            d.u.i.k.p.i.IntermediateProofReplayer Proof replay took 58.2ms 
12879      DEBUG main            d.u.i.k.p.r.p.TestFile    ... success: reloaded. 
12880      INFO  main            d.u.i.k.p.r.p.TestFile    Now processing file /home/runner/work/key/key/key.core/../key.ui/examples/heap/block_contracts/Simple__addAbsoluteValues.key 
12881      INFO  main            d.u.i.k.p.i.AbstractProblemLoader Loading environment from /home/runner/work/key/key/key.core/../key.ui/examples/heap/block_contracts/Simple__addAbsoluteValues.key 
12881      DEBUG main            d.u.i.k.p.i.AbstractProblemLoader Environment load took 277.31ns 
12883      INFO  main            d.u.i.k.p.i.AbstractProblemLoader Creating init config 
15944      DEBUG main            d.u.i.k.p.i.AbstractProblemLoader Init config took 3.06s 
16007      INFO  main            d.u.i.k.p.i.AbstractProblemLoader Replaying proof Simple[Simple::addAbsoluteValues(int,int)].JML normal_behavior operation contract.0 
16011      DEBUG main            d.u.i.k.p.i.IntermediateProofReplayer Proof replay took 14.2ns 
17019      INFO  main            d.u.i.k.p.r.p.TestFile    ... finished proof: closed. 
17186      INFO  main            d.u.i.k.p.i.AbstractProblemLoader Loading environment from /home/runner/work/key/key/key.core/../key.ui/examples/heap/block_contracts/Simple__addAbsoluteValues.key.proof 
17187      DEBUG main            d.u.i.k.p.i.AbstractProblemLoader Environment load took 1.43ms 
17189      INFO  main            d.u.i.k.p.i.AbstractProblemLoader Creating init config 
20248      DEBUG main            d.u.i.k.p.i.AbstractProblemLoader Init config took 3.06s 
20337      INFO  main            d.u.i.k.p.i.AbstractProblemLoader Replaying proof Simple[Simple::addAbsoluteValues(int,int)].JML normal_behavior operation contract.0 
20532      DEBUG main            d.u.i.k.p.i.IntermediateProofReplayer Proof replay took 183.55ms 
20533      DEBUG main            d.u.i.k.p.r.p.TestFile    ... success: reloaded. 
20535      INFO  main            d.u.i.k.p.r.p.TestFile    Now processing file /home/runner/work/key/key/key.core/../key.ui/examples/heap/block_contracts/Simple__addWithJump.key 
20536      INFO  main            d.u.i.k.p.i.AbstractProblemLoader Loading environment from /home/runner/work/key/key/key.core/../key.ui/examples/heap/block_contracts/Simple__addWithJump.key 
20536      DEBUG main            d.u.i.k.p.i.AbstractProblemLoader Environment load took 165.9ns 
20538      INFO  main            d.u.i.k.p.i.AbstractProblemLoader Creating init config 
23530      DEBUG main            d.u.i.k.p.i.AbstractProblemLoader Init config took 2.99s 
23578      INFO  main            d.u.i.k.p.i.AbstractProblemLoader Replaying proof Simple[Simple::addWithJump(int,int,int)].JML operation contract.0 
23581      DEBUG main            d.u.i.k.p.i.IntermediateProofReplayer Proof replay took 9.4ns 
23784      INFO  main            d.u.i.k.p.r.p.TestFile    ... finished proof: closed. 
23994      INFO  main            d.u.i.k.p.i.AbstractProblemLoader Loading environment from /home/runner/work/key/key/key.core/../key.ui/examples/heap/block_contracts/Simple__addWithJump.key.proof 
23994      DEBUG main            d.u.i.k.p.i.AbstractProblemLoader Environment load took 137.8ns 
23996      INFO  main            d.u.i.k.p.i.AbstractProblemLoader Creating init config 
26926      DEBUG main            d.u.i.k.p.i.AbstractProblemLoader Init config took 2.93s 
26972      INFO  main            d.u.i.k.p.i.AbstractProblemLoader Replaying proof Simple[Simple::addWithJump(int,int,int)].JML operation contract.0 
27010      DEBUG main            d.u.i.k.p.i.IntermediateProofReplayer Proof replay took 35.15ms 
27011      DEBUG main            d.u.i.k.p.r.p.TestFile    ... success: reloaded. 
27012      INFO  main            d.u.i.k.p.r.p.TestFile    Now processing file /home/runner/work/key/key/key.core/../key.ui/examples/heap/block_contracts/Simple__addWithTwoBlockContracts.key 
27013      INFO  main            d.u.i.k.p.i.AbstractProblemLoader Loading environment from /home/runner/work/key/key/key.core/../key.ui/examples/heap/block_contracts/Simple__addWithTwoBlockContracts.key 
27013      DEBUG main            d.u.i.k.p.i.AbstractProblemLoader Environment load took 225.6ns 
27014      INFO  main            d.u.i.k.p.i.AbstractProblemLoader Creating init config 
30017      DEBUG main            d.u.i.k.p.i.AbstractProblemLoader Init config took 3s 
30062      INFO  main            d.u.i.k.p.i.AbstractProblemLoader Replaying proof Simple[Simple::addWithTwoBlockContracts(int,int,int)].JML operation contract.0 
30064      DEBUG main            d.u.i.k.p.i.IntermediateProofReplayer Proof replay took 9.3ns 
30367      INFO  main            d.u.i.k.p.r.p.TestFile    ... finished proof: closed. 
30541      INFO  main            d.u.i.k.p.i.AbstractProblemLoader Loading environment from /home/runner/work/key/key/key.core/../key.ui/examples/heap/block_contracts/Simple__addWithTwoBlockContracts.key.proof 
30541      DEBUG main            d.u.i.k.p.i.AbstractProblemLoader Environment load took 138.7ns 
30542      INFO  main            d.u.i.k.p.i.AbstractProblemLoader Creating init config 
33488      DEBUG main            d.u.i.k.p.i.AbstractProblemLoader Init config took 2.95s 
33532      INFO  main            d.u.i.k.p.i.AbstractProblemLoader Replaying proof Simple[Simple::addWithTwoBlockContracts(int,int,int)].JML operation contract.0 
33582      DEBUG main            d.u.i.k.p.i.IntermediateProofReplayer Proof replay took 46.66ms 
33583      DEBUG main            d.u.i.k.p.r.p.TestFile    ... success: reloaded. 
33585      INFO  main            d.u.i.k.p.r.p.TestFile    Now processing file /home/runner/work/key/key/key.core/../key.ui/examples/heap/block_contracts/Simple__generateByteArray.key 
33586      INFO  main            d.u.i.k.p.i.AbstractProblemLoader Loading environment from /home/runner/work/key/key/key.core/../key.ui/examples/heap/block_contracts/Simple__generateByteArray.key 
33586      DEBUG main            d.u.i.k.p.i.AbstractProblemLoader Environment load took 170.7ns 
33587      INFO  main            d.u.i.k.p.i.AbstractProblemLoader Creating init config 
36588      DEBUG main            d.u.i.k.p.i.AbstractProblemLoader Init config took 3s 
36631      INFO  main            d.u.i.k.p.i.AbstractProblemLoader Replaying proof Simple[Simple::generateByteArray()].JML normal_behavior operation contract.0 
36633      DEBUG main            d.u.i.k.p.i.IntermediateProofReplayer Proof replay took 11.2ns 
38369      INFO  main            d.u.i.k.p.r.p.TestFile    ... finished proof: closed. 
38563      INFO  main            d.u.i.k.p.i.AbstractProblemLoader Loading environment from /home/runner/work/key/key/key.core/../key.ui/examples/heap/block_contracts/Simple__generateByteArray.key.proof 
38567      DEBUG main            d.u.i.k.p.i.AbstractProblemLoader Environment load took 3.85ms 
38569      INFO  main            d.u.i.k.p.i.AbstractProblemLoader Creating init config 
41455      DEBUG main            d.u.i.k.p.i.AbstractProblemLoader Init config took 2.89s 
41499      INFO  main            d.u.i.k.p.i.AbstractProblemLoader Replaying proof Simple[Simple::generateByteArray()].JML normal_behavior operation contract.0 
41701      DEBUG main            d.u.i.k.p.i.IntermediateProofReplayer Proof replay took 188.55ms 
41703      DEBUG main            d.u.i.k.p.r.p.TestFile    ... success: reloaded. 
41704      INFO  main            d.u.i.k.p.r.p.TestFile    Now processing file /home/runner/work/key/key/key.core/../key.ui/examples/heap/block_contracts/Simple__getLength.key 
41705      INFO  main            d.u.i.k.p.i.AbstractProblemLoader Loading environment from /home/runner/work/key/key/key.core/../key.ui/examples/heap/block_contracts/Simple__getLength.key 
41705      DEBUG main            d.u.i.k.p.i.AbstractProblemLoader Environment load took 246ns 
41706      INFO  main            d.u.i.k.p.i.AbstractProblemLoader Creating init config 
44661      DEBUG main            d.u.i.k.p.i.AbstractProblemLoader Init config took 2.95s 
44704      INFO  main            d.u.i.k.p.i.AbstractProblemLoader Replaying proof Simple[Simple::getLength()].JML normal_behavior operation contract.0 
44706      DEBUG main            d.u.i.k.p.i.IntermediateProofReplayer Proof replay took 11.9ns 
44812      INFO  main            d.u.i.k.p.r.p.TestFile    ... finished proof: closed. 
45015      INFO  main            d.u.i.k.p.i.AbstractProblemLoader Loading environment from /home/runner/work/key/key/key.core/../key.ui/examples/heap/block_contracts/Simple__getLength.key.proof 
45015      DEBUG main            d.u.i.k.p.i.AbstractProblemLoader Environment load took 137.2ns 
45016      INFO  main            d.u.i.k.p.i.AbstractProblemLoader Creating init config 
47853      DEBUG main            d.u.i.k.p.i.AbstractProblemLoader Init config took 2.84s 
47901      INFO  main            d.u.i.k.p.i.AbstractProblemLoader Replaying proof Simple[Simple::getLength()].JML normal_behavior operation contract.0 
47913      DEBUG main            d.u.i.k.p.i.IntermediateProofReplayer Proof replay took 6.92ms 
47914      DEBUG main            d.u.i.k.p.r.p.TestFile    ... success: reloaded. 
47915      INFO  main            d.u.i.k.p.r.p.TestFile    Now processing file /home/runner/work/key/key/key.core/../key.ui/examples/heap/block_contracts/Simple__square.key 
47922      INFO  main            d.u.i.k.p.i.AbstractProblemLoader Loading environment from /home/runner/work/key/key/key.core/../key.ui/examples/heap/block_contracts/Simple__square.key 
47922      DEBUG main            d.u.i.k.p.i.AbstractProblemLoader Environment load took 271.51ns 
47923      INFO  main            d.u.i.k.p.i.AbstractProblemLoader Creating init config 
50866      DEBUG main            d.u.i.k.p.i.AbstractProblemLoader Init config took 2.94s 
50907      INFO  main            d.u.i.k.p.i.AbstractProblemLoader Replaying proof Simple[Simple::square(int)].JML operation contract.0 
50909      DEBUG main            d.u.i.k.p.i.IntermediateProofReplayer Proof replay took 16.2ns 
51313      INFO  main            d.u.i.k.p.r.p.TestFile    ... finished proof: closed. 
51505      INFO  main            d.u.i.k.p.i.AbstractProblemLoader Loading environment from /home/runner/work/key/key/key.core/../key.ui/examples/heap/block_contracts/Simple__square.key.proof 
51505      DEBUG main            d.u.i.k.p.i.AbstractProblemLoader Environment load took 133.9ns 
51506      INFO  main            d.u.i.k.p.i.AbstractProblemLoader Creating init config 
54383      DEBUG main            d.u.i.k.p.i.AbstractProblemLoader Init config took 2.88s 
54422      INFO  main            d.u.i.k.p.i.AbstractProblemLoader Replaying proof Simple[Simple::square(int)].JML operation contract.0 
54498      DEBUG main            d.u.i.k.p.i.IntermediateProofReplayer Proof replay took 71.91ms 
54499      DEBUG main            d.u.i.k.p.r.p.TestFile    ... success: reloaded. 
54500      INFO  main            d.u.i.k.p.r.p.TestFile    Now processing file /home/runner/work/key/key/key.core/../key.ui/examples/heap/block_contracts/Simple__unnecessaryBlockContract.key 
54501      INFO  main            d.u.i.k.p.i.AbstractProblemLoader Loading environment from /home/runner/work/key/key/key.core/../key.ui/examples/heap/block_contracts/Simple__unnecessaryBlockContract.key 
54501      DEBUG main            d.u.i.k.p.i.AbstractProblemLoader Environment load took 595.61ns 
54502      INFO  main            d.u.i.k.p.i.AbstractProblemLoader Creating init config 
57417      DEBUG main            d.u.i.k.p.i.AbstractProblemLoader Init config took 2.91s 
57457      INFO  main            d.u.i.k.p.i.AbstractProblemLoader Replaying proof Simple[Simple::unnecessaryBlockContract()].JML operation contract.0 
57459      DEBUG main            d.u.i.k.p.i.IntermediateProofReplayer Proof replay took 13.1ns 
57561      INFO  main            d.u.i.k.p.r.p.TestFile    ... finished proof: closed. 
57756      INFO  main            d.u.i.k.p.i.AbstractProblemLoader Loading environment from /home/runner/work/key/key/key.core/../key.ui/examples/heap/block_contracts/Simple__unnecessaryBlockContract.key.proof 
57756      DEBUG main            d.u.i.k.p.i.AbstractProblemLoader Environment load took 129.4ns 
57759      INFO  main            d.u.i.k.p.i.AbstractProblemLoader Creating init config 
60598      DEBUG main            d.u.i.k.p.i.AbstractProblemLoader Init config took 2.84s 
60637      INFO  main            d.u.i.k.p.i.AbstractProblemLoader Replaying proof Simple[Simple::unnecessaryBlockContract()].JML operation contract.0 
60656      DEBUG main            d.u.i.k.p.i.IntermediateProofReplayer Proof replay took 17.02ms 
60656      DEBUG main            d.u.i.k.p.r.p.TestFile    ... success: reloaded. 
60658      INFO  main            d.u.i.k.p.r.p.TestFile    Now processing file /home/runner/work/key/key/key.core/../key.ui/examples/heap/block_contracts/Simple__unnecessaryLoopInvariant.key 
60658      INFO  main            d.u.i.k.p.i.AbstractProblemLoader Loading environment from /home/runner/work/key/key/key.core/../key.ui/examples/heap/block_contracts/Simple__unnecessaryLoopInvariant.key 
60658      DEBUG main            d.u.i.k.p.i.AbstractProblemLoader Environment load took 94.7ns 
60659      INFO  main            d.u.i.k.p.i.AbstractProblemLoader Creating init config 
63573      DEBUG main            d.u.i.k.p.i.AbstractProblemLoader Init config took 2.91s 
63610      INFO  main            d.u.i.k.p.i.AbstractProblemLoader Replaying proof Simple[Simple::unnecessaryLoopInvariant()].JML operation contract.0 
63612      DEBUG main            d.u.i.k.p.i.IntermediateProofReplayer Proof replay took 11.5ns 
63716      INFO  main            d.u.i.k.p.r.p.TestFile    ... finished proof: closed. 
63905      INFO  main            d.u.i.k.p.i.AbstractProblemLoader Loading environment from /home/runner/work/key/key/key.core/../key.ui/examples/heap/block_contracts/Simple__unnecessaryLoopInvariant.key.proof 
63905      DEBUG main            d.u.i.k.p.i.AbstractProblemLoader Environment load took 121.4ns 
63906      INFO  main            d.u.i.k.p.i.AbstractProblemLoader Creating init config 
66748      DEBUG main            d.u.i.k.p.i.AbstractProblemLoader Init config took 2.84s 
66785      INFO  main            d.u.i.k.p.i.AbstractProblemLoader Replaying proof Simple[Simple::unnecessaryLoopInvariant()].JML operation contract.0 
66795      DEBUG main            d.u.i.k.p.i.IntermediateProofReplayer Proof replay took 8.53ms 
66796      DEBUG main            d.u.i.k.p.r.p.TestFile    ... success: reloaded. 
66797      INFO  main            d.u.i.k.p.r.p.TestFile    Now processing file /home/runner/work/key/key/key.core/../key.ui/examples/standard_key/java_dl/jml-assert/assert.key 
66798      INFO  main            d.u.i.k.p.i.AbstractProblemLoader Loading environment from /home/runner/work/key/key/key.core/../key.ui/examples/standard_key/java_dl/jml-assert/assert.key 
66798      DEBUG main            d.u.i.k.p.i.AbstractProblemLoader Environment load took 228.1ns 
66799      INFO  main            d.u.i.k.p.i.AbstractProblemLoader Creating init config 
69372      DEBUG main            d.u.i.k.p.i.AbstractProblemLoader Init config took 2.57s 
69414      INFO  main            d.u.i.k.p.i.AbstractProblemLoader Replaying proof Assert[Assert::createArray(int)].JML normal_behavior operation contract.0 
69417      DEBUG main            d.u.i.k.p.i.IntermediateProofReplayer Proof replay took 6.1ns 
69620      INFO  main            d.u.i.k.p.r.p.TestFile    ... finished proof: closed. 
69800      INFO  main            d.u.i.k.p.i.AbstractProblemLoader Loading environment from /home/runner/work/key/key/key.core/../key.ui/examples/standard_key/java_dl/jml-assert/assert.key.proof 
69800      DEBUG main            d.u.i.k.p.i.AbstractProblemLoader Environment load took 123.7ns 
69801      INFO  main            d.u.i.k.p.i.AbstractProblemLoader Creating init config 
72269      DEBUG main            d.u.i.k.p.i.AbstractProblemLoader Init config took 2.47s 
72316      INFO  main            d.u.i.k.p.i.AbstractProblemLoader Replaying proof Assert[Assert::createArray(int)].JML normal_behavior operation contract.0 
72351      DEBUG main            d.u.i.k.p.i.IntermediateProofReplayer Proof replay took 31.84ms 
72352      DEBUG main            d.u.i.k.p.r.p.TestFile    ... success: reloaded. 
72353      INFO  main            d.u.i.k.p.r.p.TestFile    Now processing file /home/runner/work/key/key/key.core/../key.ui/examples/standard_key/java_dl/jml-assert/assert_assume_order.key 
72354      INFO  main            d.u.i.k.p.i.AbstractProblemLoader Loading environment from /home/runner/work/key/key/key.core/../key.ui/examples/standard_key/java_dl/jml-assert/assert_assume_order.key 
72354      DEBUG main            d.u.i.k.p.i.AbstractProblemLoader Environment load took 245.21ns 
72355      INFO  main            d.u.i.k.p.i.AbstractProblemLoader Creating init config 
74879      DEBUG main            d.u.i.k.p.i.AbstractProblemLoader Init config took 2.52s 
74921      INFO  main            d.u.i.k.p.i.AbstractProblemLoader Replaying proof AssertAssume[AssertAssume::singleAssumeAssert(int)].JML normal_behavior operation contract.0 
74924      DEBUG main            d.u.i.k.p.i.IntermediateProofReplayer Proof replay took 5.7ns 
75026      INFO  main            d.u.i.k.p.r.p.TestFile    ... finished proof: closed. 
75219      INFO  main            d.u.i.k.p.i.AbstractProblemLoader Loading environment from /home/runner/work/key/key/key.core/../key.ui/examples/standard_key/java_dl/jml-assert/assert_assume_order.key.proof 
75219      DEBUG main            d.u.i.k.p.i.AbstractProblemLoader Environment load took 133.6ns 
75220      INFO  main            d.u.i.k.p.i.AbstractProblemLoader Creating init config 
77686      DEBUG main            d.u.i.k.p.i.AbstractProblemLoader Init config took 2.47s 
77722      INFO  main            d.u.i.k.p.i.AbstractProblemLoader Replaying proof AssertAssume[AssertAssume::singleAssumeAssert(int)].JML normal_behavior operation contract.0 
77730      DEBUG main            d.u.i.k.p.i.IntermediateProofReplayer Proof replay took 6.5ms 
77731      DEBUG main            d.u.i.k.p.r.p.TestFile    ... success: reloaded. 
77732      INFO  main            d.u.i.k.p.r.p.TestFile    Now processing file /home/runner/work/key/key/key.core/../key.ui/examples/heap/block_loop_contracts/SimpleVariants/sum_onBlock_external.key 
77732      INFO  main            d.u.i.k.p.i.AbstractProblemLoader Loading environment from /home/runner/work/key/key/key.core/../key.ui/examples/heap/block_loop_contracts/SimpleVariants/sum_onBlock_external.key 
77732      DEBUG main            d.u.i.k.p.i.AbstractProblemLoader Environment load took 101.7ns 
77733      INFO  main            d.u.i.k.p.i.AbstractProblemLoader Creating init config 
80520      DEBUG main            d.u.i.k.p.i.AbstractProblemLoader Init config took 2.79s 
80555      INFO  main            d.u.i.k.p.i.AbstractProblemLoader Replaying proof LoopContractExamplesAll[LoopContractExamplesAll::sum_loopContract_onBlock([I)].JML normal_behavior operation contract.0 
80557      DEBUG main            d.u.i.k.p.i.IntermediateProofReplayer Proof replay took 10.6ns 
80659      INFO  main            d.u.i.k.p.r.p.TestFile    ... finished proof: closed. 
80882      INFO  main            d.u.i.k.p.i.AbstractProblemLoader Loading environment from /home/runner/work/key/key/key.core/../key.ui/examples/heap/block_loop_contracts/SimpleVariants/sum_onBlock_external.key.proof 
80882      DEBUG main            d.u.i.k.p.i.AbstractProblemLoader Environment load took 136.2ns 
80884      INFO  main            d.u.i.k.p.i.AbstractProblemLoader Creating init config 
83543      DEBUG main            d.u.i.k.p.i.AbstractProblemLoader Init config took 2.66s 
83577      INFO  main            d.u.i.k.p.i.AbstractProblemLoader Replaying proof LoopContractExamplesAll[LoopContractExamplesAll::sum_loopContract_onBlock([I)].JML normal_behavior operation contract.0 
83606      DEBUG main            d.u.i.k.p.i.IntermediateProofReplayer Proof replay took 26.94ms 
83606      DEBUG main            d.u.i.k.p.r.p.TestFile    ... success: reloaded. 
83607      INFO  main            d.u.i.k.p.r.p.TestFile    Now processing file /home/runner/work/key/key/key.core/../key.ui/examples/heap/block_loop_contracts/SimpleVariants/sum_onBlock_internal.key 
83608      INFO  main            d.u.i.k.p.i.AbstractProblemLoader Loading environment from /home/runner/work/key/key/key.core/../key.ui/examples/heap/block_loop_contracts/SimpleVariants/sum_onBlock_internal.key 
83608      DEBUG main            d.u.i.k.p.i.AbstractProblemLoader Environment load took 102.8ns 
83609      INFO  main            d.u.i.k.p.i.AbstractProblemLoader Creating init config 
86359      DEBUG main            d.u.i.k.p.i.AbstractProblemLoader Init config took 2.75s 
86395      INFO  main            d.u.i.k.p.i.AbstractProblemLoader Replaying proof LoopContractExamplesAll[LoopContractExamplesAll::sum_loopContract_onBlock([I)].JML normal_behavior operation contract.0 
86397      DEBUG main            d.u.i.k.p.i.IntermediateProofReplayer Proof replay took 10.6ns 
87114      INFO  main            d.u.i.k.p.r.p.TestFile    ... finished proof: closed. 
87367      INFO  main            d.u.i.k.p.i.AbstractProblemLoader Loading environment from /home/runner/work/key/key/key.core/../key.ui/examples/heap/block_loop_contracts/SimpleVariants/sum_onBlock_internal.key.proof 
87367      DEBUG main            d.u.i.k.p.i.AbstractProblemLoader Environment load took 131.9ns 
87368      INFO  main            d.u.i.k.p.i.AbstractProblemLoader Creating init config 
89996      DEBUG main            d.u.i.k.p.i.AbstractProblemLoader Init config took 2.63s 
90029      INFO  main            d.u.i.k.p.i.AbstractProblemLoader Replaying proof LoopContractExamplesAll[LoopContractExamplesAll::sum_loopContract_onBlock([I)].JML normal_behavior operation contract.0 
90224      DEBUG main            d.u.i.k.p.i.IntermediateProofReplayer Proof replay took 191.76ms 
90225      DEBUG main            d.u.i.k.p.r.p.TestFile    ... success: reloaded. 
90226      INFO  main            d.u.i.k.p.r.p.TestFile    Now processing file /home/runner/work/key/key/key.core/../key.ui/examples/heap/block_loop_contracts/SimpleVariants/sum_onBlock_loop.key 
90227      INFO  main            d.u.i.k.p.i.AbstractProblemLoader Loading environment from /home/runner/work/key/key/key.core/../key.ui/examples/heap/block_loop_contracts/SimpleVariants/sum_onBlock_loop.key 
90227      DEBUG main            d.u.i.k.p.i.AbstractProblemLoader Environment load took 101ns 
90228      INFO  main            d.u.i.k.p.i.AbstractProblemLoader Creating init config 
92956      DEBUG main            d.u.i.k.p.i.AbstractProblemLoader Init config took 2.73s 
92992      INFO  main            d.u.i.k.p.i.AbstractProblemLoader Replaying proof LoopContractExamplesAll[LoopContractExamplesAll::sum_loopContract_onBlock([I)].JML normal_behavior loop contract.0 
92994      DEBUG main            d.u.i.k.p.i.IntermediateProofReplayer Proof replay took 23.7ns 
93697      INFO  main            d.u.i.k.p.r.p.TestFile    ... finished proof: closed. 
93968      INFO  main            d.u.i.k.p.i.AbstractProblemLoader Loading environment from /home/runner/work/key/key/key.core/../key.ui/examples/heap/block_loop_contracts/SimpleVariants/sum_onBlock_loop.key.proof 
93969      DEBUG main            d.u.i.k.p.i.AbstractProblemLoader Environment load took 515.81ns 
93970      INFO  main            d.u.i.k.p.i.AbstractProblemLoader Creating init config 
96622      DEBUG main            d.u.i.k.p.i.AbstractProblemLoader Init config took 2.65s 
96656      INFO  main            d.u.i.k.p.i.AbstractProblemLoader Replaying proof LoopContractExamplesAll[LoopContractExamplesAll::sum_loopContract_onBlock([I)].JML normal_behavior loop contract.0 
96842      DEBUG main            d.u.i.k.p.i.IntermediateProofReplayer Proof replay took 181.57ms 
96843      DEBUG main            d.u.i.k.p.r.p.TestFile    ... success: reloaded. 
96844      INFO  main            d.u.i.k.p.r.p.TestFile    Now processing file /home/runner/work/key/key/key.core/../key.ui/examples/heap/block_loop_contracts/SimpleVariants/sum_onLoop_external.key 
96844      INFO  main            d.u.i.k.p.i.AbstractProblemLoader Loading environment from /home/runner/work/key/key/key.core/../key.ui/examples/heap/block_loop_contracts/SimpleVariants/sum_onLoop_external.key 
96845      DEBUG main            d.u.i.k.p.i.AbstractProblemLoader Environment load took 230.6ns 
96846      INFO  main            d.u.i.k.p.i.AbstractProblemLoader Creating init config 
99543      DEBUG main            d.u.i.k.p.i.AbstractProblemLoader Init config took 2.7s 
99575      INFO  main            d.u.i.k.p.i.AbstractProblemLoader Replaying proof LoopContractExamplesAll[LoopContractExamplesAll::sum_loopContract_onLoop([I)].JML normal_behavior operation contract.0 
99577      DEBUG main            d.u.i.k.p.i.IntermediateProofReplayer Proof replay took 11ns 
99680      INFO  main            d.u.i.k.p.r.p.TestFile    ... finished proof: closed. 
99944      INFO  main            d.u.i.k.p.i.AbstractProblemLoader Loading environment from /home/runner/work/key/key/key.core/../key.ui/examples/heap/block_loop_contracts/SimpleVariants/sum_onLoop_external.key.proof 
99944      DEBUG main            d.u.i.k.p.i.AbstractProblemLoader Environment load took 122.6ns 
99945      INFO  main            d.u.i.k.p.i.AbstractProblemLoader Creating init config 
102566     DEBUG main            d.u.i.k.p.i.AbstractProblemLoader Init config took 2.62s 
102598     INFO  main            d.u.i.k.p.i.AbstractProblemLoader Replaying proof LoopContractExamplesAll[LoopContractExamplesAll::sum_loopContract_onLoop([I)].JML normal_behavior operation contract.0 
102623     DEBUG main            d.u.i.k.p.i.IntermediateProofReplayer Proof replay took 22.93ms 
102624     DEBUG main            d.u.i.k.p.r.p.TestFile    ... success: reloaded. 
102625     INFO  main            d.u.i.k.p.r.p.TestFile    Now processing file /home/runner/work/key/key/key.core/../key.ui/examples/heap/block_loop_contracts/SimpleVariants/sum_onLoop_internal.key 
102625     INFO  main            d.u.i.k.p.i.AbstractProblemLoader Loading environment from /home/runner/work/key/key/key.core/../key.ui/examples/heap/block_loop_contracts/SimpleVariants/sum_onLoop_internal.key 
102625     DEBUG main            d.u.i.k.p.i.AbstractProblemLoader Environment load took 86.9ns 
102626     INFO  main            d.u.i.k.p.i.AbstractProblemLoader Creating init config 
105356     DEBUG main            d.u.i.k.p.i.AbstractProblemLoader Init config took 2.73s 
105388     INFO  main            d.u.i.k.p.i.AbstractProblemLoader Replaying proof LoopContractExamplesAll[LoopContractExamplesAll::sum_loopContract_onLoop([I)].JML normal_behavior operation contract.0 
105390     DEBUG main            d.u.i.k.p.i.IntermediateProofReplayer Proof replay took 12.5ns 
105992     INFO  main            d.u.i.k.p.r.p.TestFile    ... finished proof: closed. 
106293     INFO  main            d.u.i.k.p.i.AbstractProblemLoader Loading environment from /home/runner/work/key/key/key.core/../key.ui/examples/heap/block_loop_contracts/SimpleVariants/sum_onLoop_internal.key.proof 
106293     DEBUG main            d.u.i.k.p.i.AbstractProblemLoader Environment load took 121.4ns 
106294     INFO  main            d.u.i.k.p.i.AbstractProblemLoader Creating init config 
108908     DEBUG main            d.u.i.k.p.i.AbstractProblemLoader Init config took 2.61s 
108944     INFO  main            d.u.i.k.p.i.AbstractProblemLoader Replaying proof LoopContractExamplesAll[LoopContractExamplesAll::sum_loopContract_onLoop([I)].JML normal_behavior operation contract.0 
109157     DEBUG main            d.u.i.k.p.i.IntermediateProofReplayer Proof replay took 206.41ms 
109159     DEBUG main            d.u.i.k.p.r.p.TestFile    ... success: reloaded. 
109161     INFO  main            d.u.i.k.p.r.p.TestFile    Now processing file /home/runner/work/key/key/key.core/../key.ui/examples/heap/block_loop_contracts/SimpleVariants/sum_onLoop_loop.key 
109161     INFO  main            d.u.i.k.p.i.AbstractProblemLoader Loading environment from /home/runner/work/key/key/key.core/../key.ui/examples/heap/block_loop_contracts/SimpleVariants/sum_onLoop_loop.key 
109162     DEBUG main            d.u.i.k.p.i.AbstractProblemLoader Environment load took 233.31ns 
109163     INFO  main            d.u.i.k.p.i.AbstractProblemLoader Creating init config 
111905     DEBUG main            d.u.i.k.p.i.AbstractProblemLoader Init config took 2.74s 
111939     INFO  main            d.u.i.k.p.i.AbstractProblemLoader Replaying proof LoopContractExamplesAll[LoopContractExamplesAll::sum_loopContract_onLoop([I)].JML normal_behavior loop contract.0 
111941     DEBUG main            d.u.i.k.p.i.IntermediateProofReplayer Proof replay took 12.5ns 
112646     INFO  main            d.u.i.k.p.r.p.TestFile    ... finished proof: closed. 
112940     INFO  main            d.u.i.k.p.i.AbstractProblemLoader Loading environment from /home/runner/work/key/key/key.core/../key.ui/examples/heap/block_loop_contracts/SimpleVariants/sum_onLoop_loop.key.proof 
112941     DEBUG main            d.u.i.k.p.i.AbstractProblemLoader Environment load took 517.21ns 
112942     INFO  main            d.u.i.k.p.i.AbstractProblemLoader Creating init config 
115580     DEBUG main            d.u.i.k.p.i.AbstractProblemLoader Init config took 2.64s 
115627     INFO  main            d.u.i.k.p.i.AbstractProblemLoader Replaying proof LoopContractExamplesAll[LoopContractExamplesAll::sum_loopContract_onLoop([I)].JML normal_behavior loop contract.0 
115813     DEBUG main            d.u.i.k.p.i.IntermediateProofReplayer Proof replay took 182.32ms 
115814     DEBUG main            d.u.i.k.p.r.p.TestFile    ... success: reloaded. 
115815     INFO  main            d.u.i.k.p.r.p.TestFile    Now processing file /home/runner/work/key/key/key.core/../key.ui/examples/heap/block_loop_contracts/Free/blockContracts0.key 
115816     INFO  main            d.u.i.k.p.i.AbstractProblemLoader Loading environment from /home/runner/work/key/key/key.core/../key.ui/examples/heap/block_loop_contracts/Free/blockContracts0.key 
115816     DEBUG main            d.u.i.k.p.i.AbstractProblemLoader Environment load took 98.3ns 
115816     INFO  main            d.u.i.k.p.i.AbstractProblemLoader Creating init config 
118224     DEBUG main            d.u.i.k.p.i.AbstractProblemLoader Init config took 2.41s 
118257     INFO  main            d.u.i.k.p.i.AbstractProblemLoader Replaying proof FreeConditions[FreeConditions::blockContract0()].JML normal_behavior operation contract.0 
118258     DEBUG main            d.u.i.k.p.i.IntermediateProofReplayer Proof replay took 12.4ns 
118360     INFO  main            d.u.i.k.p.r.p.TestFile    ... finished proof: closed. 
118642     INFO  main            d.u.i.k.p.i.AbstractProblemLoader Loading environment from /home/runner/work/key/key/key.core/../key.ui/examples/heap/block_loop_contracts/Free/blockContracts0.key.proof 
118642     DEBUG main            d.u.i.k.p.i.AbstractProblemLoader Environment load took 112.8ns 
118643     INFO  main            d.u.i.k.p.i.AbstractProblemLoader Creating init config 
120946     DEBUG main            d.u.i.k.p.i.AbstractProblemLoader Init config took 2.3s 
120979     INFO  main            d.u.i.k.p.i.AbstractProblemLoader Replaying proof FreeConditions[FreeConditions::blockContract0()].JML normal_behavior operation contract.0 
120997     DEBUG main            d.u.i.k.p.i.IntermediateProofReplayer Proof replay took 15.87ms 
120998     DEBUG main            d.u.i.k.p.r.p.TestFile    ... success: reloaded. 
120999     INFO  main            d.u.i.k.p.r.p.TestFile    Now processing file /home/runner/work/key/key/key.core/../key.ui/examples/heap/block_loop_contracts/Free/blockContracts1.key 
120999     INFO  main            d.u.i.k.p.i.AbstractProblemLoader Loading environment from /home/runner/work/key/key/key.core/../key.ui/examples/heap/block_loop_contracts/Free/blockContracts1.key 
120999     DEBUG main            d.u.i.k.p.i.AbstractProblemLoader Environment load took 105.1ns 
121000     INFO  main            d.u.i.k.p.i.AbstractProblemLoader Creating init config 
123350     DEBUG main            d.u.i.k.p.i.AbstractProblemLoader Init config took 2.35s 
123382     INFO  main            d.u.i.k.p.i.AbstractProblemLoader Replaying proof FreeConditions[FreeConditions::blockContract1()].JML normal_behavior operation contract.0 
123383     DEBUG main            d.u.i.k.p.i.IntermediateProofReplayer Proof replay took 12.6ns 
123486     INFO  main            d.u.i.k.p.r.p.TestFile    ... finished proof: closed. 
123757     INFO  main            d.u.i.k.p.i.AbstractProblemLoader Loading environment from /home/runner/work/key/key/key.core/../key.ui/examples/heap/block_loop_contracts/Free/blockContracts1.key.proof 
123757     DEBUG main            d.u.i.k.p.i.AbstractProblemLoader Environment load took 118.1ns 
123758     INFO  main            d.u.i.k.p.i.AbstractProblemLoader Creating init config 
126057     DEBUG main            d.u.i.k.p.i.AbstractProblemLoader Init config took 2.3s 
126090     INFO  main            d.u.i.k.p.i.AbstractProblemLoader Replaying proof FreeConditions[FreeConditions::blockContract1()].JML normal_behavior operation contract.0 
126110     DEBUG main            d.u.i.k.p.i.IntermediateProofReplayer Proof replay took 13.92ms 
126111     DEBUG main            d.u.i.k.p.r.p.TestFile    ... success: reloaded. 
126112     INFO  main            d.u.i.k.p.r.p.TestFile    Now processing file /home/runner/work/key/key/key.core/../key.ui/examples/heap/block_loop_contracts/Finally/block_finally.key 
126112     INFO  main            d.u.i.k.p.i.AbstractProblemLoader Loading environment from /home/runner/work/key/key/key.core/../key.ui/examples/heap/block_loop_contracts/Finally/block_finally.key 
126112     DEBUG main            d.u.i.k.p.i.AbstractProblemLoader Environment load took 105.3ns 
126113     INFO  main            d.u.i.k.p.i.AbstractProblemLoader Creating init config 
128486     DEBUG main            d.u.i.k.p.i.AbstractProblemLoader Init config took 2.37s 
128522     INFO  main            d.u.i.k.p.i.AbstractProblemLoader Replaying proof AuxiliaryContractsFinally[AuxiliaryContractsFinally::breakThrowContinueBlockContract(java.lang.Exception)].JML block contract.0 
128524     DEBUG main            d.u.i.k.p.i.IntermediateProofReplayer Proof replay took 12.6ns 
129028     INFO  main            d.u.i.k.p.r.p.TestFile    ... finished proof: open goal(s) 
129309     INFO  main            d.u.i.k.p.r.p.TestFile    Now processing file /home/runner/work/key/key/key.core/../key.ui/examples/heap/block_loop_contracts/Finally/loop_finally.key 
129310     INFO  main            d.u.i.k.p.i.AbstractProblemLoader Loading environment from /home/runner/work/key/key/key.core/../key.ui/examples/heap/block_loop_contracts/Finally/loop_finally.key 
129310     DEBUG main            d.u.i.k.p.i.AbstractProblemLoader Environment load took 105.9ns 
129311     INFO  main            d.u.i.k.p.i.AbstractProblemLoader Creating init config 
131632     DEBUG main            d.u.i.k.p.i.AbstractProblemLoader Init config took 2.32s 
131666     INFO  main            d.u.i.k.p.i.AbstractProblemLoader Replaying proof AuxiliaryContractsFinally[AuxiliaryContractsFinally::breakThrowContinueLoopContract(java.lang.Exception)].JML normal_behavior loop contract.0 
131669     DEBUG main            d.u.i.k.p.i.IntermediateProofReplayer Proof replay took 13ns 
132281     INFO  main            d.u.i.k.p.r.p.TestFile    ... finished proof: open goal(s) 
611304     INFO  Test worker     d.u.i.k.p.r.RunAllProofsTestUnit Returning from test blockContracts 
611306     INFO  Test worker     d.u.i.k.p.r.RunAllProofsTestUnit Running test jmlAsserts 
369        INFO  Timeout watchdog d.u.i.k.p.r.p.ForkedTestFileRunner Timeout watcher launched (2000 secs.) 
382        WARN  main            d.u.i.k.s.ProofSettings   The settings in /home/runner/.key/proof-settings.props are *not* read. 
429        INFO  main            d.u.i.k.p.r.p.TestFile    Now processing file /home/runner/work/key/key/key.core/../key.ui/examples/standard_key/java_dl/jml-assert/assert.key 
587        INFO  main            d.u.i.k.p.i.AbstractProblemLoader Loading environment from /home/runner/work/key/key/key.core/../key.ui/examples/standard_key/java_dl/jml-assert/assert.key 
608        DEBUG main            d.u.i.k.p.i.AbstractProblemLoader Environment load took 2.13ms 
820        INFO  main            d.u.i.k.p.i.AbstractProblemLoader Creating init config 
1786       DEBUG main            d.u.i.k.j.TypeConverter   No LDT found for Meta 
1791       DEBUG main            d.u.i.k.j.TypeConverter   No LDT found for Meta 
1793       DEBUG main            d.u.i.k.j.TypeConverter   No LDT found for Meta 
1793       DEBUG main            d.u.i.k.j.TypeConverter   No LDT found for Meta 
3261       DEBUG main            d.u.i.k.j.TypeConverter   No LDT found for JavaBigintExpression 
8013       DEBUG main            d.u.i.k.p.i.AbstractProblemLoader Init config took 7.19s 
8148       INFO  main            d.u.i.k.p.i.AbstractProblemLoader Replaying proof Assert[Assert::createArray(int)].JML normal_behavior operation contract.0 
8180       DEBUG main            d.u.i.k.p.i.IntermediateProofReplayer Proof replay took 30.4ns 
9109       INFO  main            d.u.i.k.p.r.p.TestFile    ... finished proof: closed. 
9243       INFO  main            d.u.i.k.p.i.AbstractProblemLoader Loading environment from /home/runner/work/key/key/key.core/../key.ui/examples/standard_key/java_dl/jml-assert/assert.key.proof 
9243       DEBUG main            d.u.i.k.p.i.AbstractProblemLoader Environment load took 150.1ns 
9245       INFO  main            d.u.i.k.p.i.AbstractProblemLoader Creating init config 
12094      DEBUG main            d.u.i.k.p.i.AbstractProblemLoader Init config took 2.85s 
12162      INFO  main            d.u.i.k.p.i.AbstractProblemLoader Replaying proof Assert[Assert::createArray(int)].JML normal_behavior operation contract.0 
12272      DEBUG main            d.u.i.k.p.i.IntermediateProofReplayer Proof replay took 103.28ms 
12280      DEBUG main            d.u.i.k.p.r.p.TestFile    ... success: reloaded. 
12283      INFO  main            d.u.i.k.p.r.p.TestFile    Now processing file /home/runner/work/key/key/key.core/../key.ui/examples/heap/block_loop_contracts/Free/assertions0.key 
12283      INFO  main            d.u.i.k.p.i.AbstractProblemLoader Loading environment from /home/runner/work/key/key/key.core/../key.ui/examples/heap/block_loop_contracts/Free/assertions0.key 
12284      DEBUG main            d.u.i.k.p.i.AbstractProblemLoader Environment load took 256.81ns 
12288      INFO  main            d.u.i.k.p.i.AbstractProblemLoader Creating init config 
14952      DEBUG main            d.u.i.k.p.i.AbstractProblemLoader Init config took 2.66s 
15013      INFO  main            d.u.i.k.p.i.AbstractProblemLoader Replaying proof FreeConditions[FreeConditions::assertions0()].JML normal_behavior operation contract.0 
15018      DEBUG main            d.u.i.k.p.i.IntermediateProofReplayer Proof replay took 14.3ns 
15120      INFO  main            d.u.i.k.p.r.p.TestFile    ... finished proof: closed. 
15246      INFO  main            d.u.i.k.p.i.AbstractProblemLoader Loading environment from /home/runner/work/key/key/key.core/../key.ui/examples/heap/block_loop_contracts/Free/assertions0.key.proof 
15247      DEBUG main            d.u.i.k.p.i.AbstractProblemLoader Environment load took 124.3ns 
15248      INFO  main            d.u.i.k.p.i.AbstractProblemLoader Creating init config 
17708      DEBUG main            d.u.i.k.p.i.AbstractProblemLoader Init config took 2.46s 
17756      INFO  main            d.u.i.k.p.i.AbstractProblemLoader Replaying proof FreeConditions[FreeConditions::assertions0()].JML normal_behavior operation contract.0 
17777      DEBUG main            d.u.i.k.p.i.IntermediateProofReplayer Proof replay took 18.95ms 
17779      DEBUG main            d.u.i.k.p.r.p.TestFile    ... success: reloaded. 
17780      INFO  main            d.u.i.k.p.r.p.TestFile    Now processing file /home/runner/work/key/key/key.core/../key.ui/examples/heap/block_loop_contracts/Free/assertions1.key 
17780      INFO  main            d.u.i.k.p.i.AbstractProblemLoader Loading environment from /home/runner/work/key/key/key.core/../key.ui/examples/heap/block_loop_contracts/Free/assertions1.key 
17781      DEBUG main            d.u.i.k.p.i.AbstractProblemLoader Environment load took 270.01ns 
17782      INFO  main            d.u.i.k.p.i.AbstractProblemLoader Creating init config 
20305      DEBUG main            d.u.i.k.p.i.AbstractProblemLoader Init config took 2.52s 
20365      INFO  main            d.u.i.k.p.i.AbstractProblemLoader Replaying proof FreeConditions[FreeConditions::assertions1()].JML normal_behavior operation contract.0 
20368      DEBUG main            d.u.i.k.p.i.IntermediateProofReplayer Proof replay took 12.4ns 
20472      INFO  main            d.u.i.k.p.r.p.TestFile    ... finished proof: closed. 
20602      INFO  main            d.u.i.k.p.i.AbstractProblemLoader Loading environment from /home/runner/work/key/key/key.core/../key.ui/examples/heap/block_loop_contracts/Free/assertions1.key.proof 
20602      DEBUG main            d.u.i.k.p.i.AbstractProblemLoader Environment load took 124.4ns 
20605      INFO  main            d.u.i.k.p.i.AbstractProblemLoader Creating init config 
23024      DEBUG main            d.u.i.k.p.i.AbstractProblemLoader Init config took 2.42s 
23067      INFO  main            d.u.i.k.p.i.AbstractProblemLoader Replaying proof FreeConditions[FreeConditions::assertions1()].JML normal_behavior operation contract.0 
23080      DEBUG main            d.u.i.k.p.i.IntermediateProofReplayer Proof replay took 9.5ms 
23082      DEBUG main            d.u.i.k.p.r.p.TestFile    ... success: reloaded. 
23083      INFO  main            d.u.i.k.p.r.p.TestFile    Now processing file /home/runner/work/key/key/key.core/../key.ui/examples/standard_key/java_dl/jml-assert/recursion-assert.key 
23084      INFO  main            d.u.i.k.p.i.AbstractProblemLoader Loading environment from /home/runner/work/key/key/key.core/../key.ui/examples/standard_key/java_dl/jml-assert/recursion-assert.key 
23084      DEBUG main            d.u.i.k.p.i.AbstractProblemLoader Environment load took 234.1ns 
23086      INFO  main            d.u.i.k.p.i.AbstractProblemLoader Creating init config 
25643      DEBUG main            d.u.i.k.p.i.AbstractProblemLoader Init config took 2.56s 
25696      INFO  main            d.u.i.k.p.i.AbstractProblemLoader Replaying proof RecursiveMethod[RecursiveMethod::fac1(int)].JML normal_behavior operation contract.0 
25699      DEBUG main            d.u.i.k.p.i.IntermediateProofReplayer Proof replay took 7ns 
25904      INFO  main            d.u.i.k.p.r.p.TestFile    ... finished proof: closed. 
26111      INFO  main            d.u.i.k.p.i.AbstractProblemLoader Loading environment from /home/runner/work/key/key/key.core/../key.ui/examples/standard_key/java_dl/jml-assert/recursion-assert.key.proof 
26111      DEBUG main            d.u.i.k.p.i.AbstractProblemLoader Environment load took 119.7ns 
26112      INFO  main            d.u.i.k.p.i.AbstractProblemLoader Creating init config 
28684      DEBUG main            d.u.i.k.p.i.AbstractProblemLoader Init config took 2.57s 
28746      INFO  main            d.u.i.k.p.i.AbstractProblemLoader Replaying proof RecursiveMethod[RecursiveMethod::fac1(int)].JML normal_behavior operation contract.0 
28783      DEBUG main            d.u.i.k.p.i.IntermediateProofReplayer Proof replay took 33.3ms 
28784      DEBUG main            d.u.i.k.p.r.p.TestFile    ... success: reloaded. 
28785      INFO  main            d.u.i.k.p.r.p.TestFile    Now processing file /home/runner/work/key/key/key.core/../key.ui/examples/standard_key/java_dl/jml-assert/recursion-assume.key 
28785      INFO  main            d.u.i.k.p.i.AbstractProblemLoader Loading environment from /home/runner/work/key/key/key.core/../key.ui/examples/standard_key/java_dl/jml-assert/recursion-assume.key 
28786      DEBUG main            d.u.i.k.p.i.AbstractProblemLoader Environment load took 239.5ns 
28787      INFO  main            d.u.i.k.p.i.AbstractProblemLoader Creating init config 
31317      DEBUG main            d.u.i.k.p.i.AbstractProblemLoader Init config took 2.53s 
31364      INFO  main            d.u.i.k.p.i.AbstractProblemLoader Replaying proof RecursiveMethod[RecursiveMethod::fac2(int)].JML normal_behavior operation contract.0 
31366      DEBUG main            d.u.i.k.p.i.IntermediateProofReplayer Proof replay took 6.7ns 
31569      INFO  main            d.u.i.k.p.r.p.TestFile    ... finished proof: closed. 
31746      INFO  main            d.u.i.k.p.i.AbstractProblemLoader Loading environment from /home/runner/work/key/key/key.core/../key.ui/examples/standard_key/java_dl/jml-assert/recursion-assume.key.proof 
31747      DEBUG main            d.u.i.k.p.i.AbstractProblemLoader Environment load took 647.41ns 
31748      INFO  main            d.u.i.k.p.i.AbstractProblemLoader Creating init config 
34221      DEBUG main            d.u.i.k.p.i.AbstractProblemLoader Init config took 2.47s 
34264      INFO  main            d.u.i.k.p.i.AbstractProblemLoader Replaying proof RecursiveMethod[RecursiveMethod::fac2(int)].JML normal_behavior operation contract.0 
34297      DEBUG main            d.u.i.k.p.i.IntermediateProofReplayer Proof replay took 29.68ms 
34298      DEBUG main            d.u.i.k.p.r.p.TestFile    ... success: reloaded. 
34299      INFO  main            d.u.i.k.p.r.p.TestFile    Now processing file /home/runner/work/key/key/key.core/../key.ui/examples/standard_key/java_dl/jml-assert/quantor-assert.key 
34299      INFO  main            d.u.i.k.p.i.AbstractProblemLoader Loading environment from /home/runner/work/key/key/key.core/../key.ui/examples/standard_key/java_dl/jml-assert/quantor-assert.key 
34299      DEBUG main            d.u.i.k.p.i.AbstractProblemLoader Environment load took 109.8ns 
34300      INFO  main            d.u.i.k.p.i.AbstractProblemLoader Creating init config 
36788      DEBUG main            d.u.i.k.p.i.AbstractProblemLoader Init config took 2.49s 
36831      INFO  main            d.u.i.k.p.i.AbstractProblemLoader Replaying proof Quantor[Quantor::square1(int)].JML normal_behavior operation contract.0 
36832      DEBUG main            d.u.i.k.p.i.IntermediateProofReplayer Proof replay took 5.5ns 
36934      INFO  main            d.u.i.k.p.r.p.TestFile    ... finished proof: closed. 
37123      INFO  main            d.u.i.k.p.i.AbstractProblemLoader Loading environment from /home/runner/work/key/key/key.core/../key.ui/examples/standard_key/java_dl/jml-assert/quantor-assert.key.proof 
37124      DEBUG main            d.u.i.k.p.i.AbstractProblemLoader Environment load took 132.8ns 
37124      INFO  main            d.u.i.k.p.i.AbstractProblemLoader Creating init config 
39575      DEBUG main            d.u.i.k.p.i.AbstractProblemLoader Init config took 2.45s 
39618      INFO  main            d.u.i.k.p.i.AbstractProblemLoader Replaying proof Quantor[Quantor::square1(int)].JML normal_behavior operation contract.0 
39633      DEBUG main            d.u.i.k.p.i.IntermediateProofReplayer Proof replay took 12.17ms 
39634      DEBUG main            d.u.i.k.p.r.p.TestFile    ... success: reloaded. 
39635      INFO  main            d.u.i.k.p.r.p.TestFile    Now processing file /home/runner/work/key/key/key.core/../key.ui/examples/standard_key/java_dl/jml-assert/quantor-assume.key 
39635      INFO  main            d.u.i.k.p.i.AbstractProblemLoader Loading environment from /home/runner/work/key/key/key.core/../key.ui/examples/standard_key/java_dl/jml-assert/quantor-assume.key 
39636      DEBUG main            d.u.i.k.p.i.AbstractProblemLoader Environment load took 234.7ns 
39637      INFO  main            d.u.i.k.p.i.AbstractProblemLoader Creating init config 
42141      DEBUG main            d.u.i.k.p.i.AbstractProblemLoader Init config took 2.5s 
42180      INFO  main            d.u.i.k.p.i.AbstractProblemLoader Replaying proof Quantor[Quantor::square2(int)].JML normal_behavior operation contract.0 
42182      DEBUG main            d.u.i.k.p.i.IntermediateProofReplayer Proof replay took 6.5ns 
42284      INFO  main            d.u.i.k.p.r.p.TestFile    ... finished proof: closed. 
42471      INFO  main            d.u.i.k.p.i.AbstractProblemLoader Loading environment from /home/runner/work/key/key/key.core/../key.ui/examples/standard_key/java_dl/jml-assert/quantor-assume.key.proof 
42471      DEBUG main            d.u.i.k.p.i.AbstractProblemLoader Environment load took 115.6ns 
42472      INFO  main            d.u.i.k.p.i.AbstractProblemLoader Creating init config 
44943      DEBUG main            d.u.i.k.p.i.AbstractProblemLoader Init config took 2.47s 
44985      INFO  main            d.u.i.k.p.i.AbstractProblemLoader Replaying proof Quantor[Quantor::square2(int)].JML normal_behavior operation contract.0 
45001      DEBUG main            d.u.i.k.p.i.IntermediateProofReplayer Proof replay took 13.59ms 
45002      DEBUG main            d.u.i.k.p.r.p.TestFile    ... success: reloaded. 
45003      INFO  main            d.u.i.k.p.r.p.TestFile    Now processing file /home/runner/work/key/key/key.core/../key.ui/examples/standard_key/java_dl/jml-assert/model-methods-static-static.key 
45004      INFO  main            d.u.i.k.p.i.AbstractProblemLoader Loading environment from /home/runner/work/key/key/key.core/../key.ui/examples/standard_key/java_dl/jml-assert/model-methods-static-static.key 
45004      DEBUG main            d.u.i.k.p.i.AbstractProblemLoader Environment load took 107.1ns 
45005      INFO  main            d.u.i.k.p.i.AbstractProblemLoader Creating init config 
47486      DEBUG main            d.u.i.k.p.i.AbstractProblemLoader Init config took 2.48s 
47563      INFO  main            d.u.i.k.p.i.AbstractProblemLoader Replaying proof ModelMethods[ModelMethods::test1()].JML normal_behavior operation contract.0 
47564      DEBUG main            d.u.i.k.p.i.IntermediateProofReplayer Proof replay took 6.4ns 
47667      INFO  main            d.u.i.k.p.r.p.TestFile    ... finished proof: closed. 
47849      INFO  main            d.u.i.k.p.i.AbstractProblemLoader Loading environment from /home/runner/work/key/key/key.core/../key.ui/examples/standard_key/java_dl/jml-assert/model-methods-static-static.key.proof 
47849      DEBUG main            d.u.i.k.p.i.AbstractProblemLoader Environment load took 126.1ns 
47850      INFO  main            d.u.i.k.p.i.AbstractProblemLoader Creating init config 
50304      DEBUG main            d.u.i.k.p.i.AbstractProblemLoader Init config took 2.45s 
50342      INFO  main            d.u.i.k.p.i.AbstractProblemLoader Replaying proof ModelMethods[ModelMethods::test1()].JML normal_behavior operation contract.0 
50349      DEBUG main            d.u.i.k.p.i.IntermediateProofReplayer Proof replay took 5.48ms 
50350      DEBUG main            d.u.i.k.p.r.p.TestFile    ... success: reloaded. 
50351      INFO  main            d.u.i.k.p.r.p.TestFile    Now processing file /home/runner/work/key/key/key.core/../key.ui/examples/standard_key/java_dl/jml-assert/model-methods-instance-static.key 
50351      INFO  main            d.u.i.k.p.i.AbstractProblemLoader Loading environment from /home/runner/work/key/key/key.core/../key.ui/examples/standard_key/java_dl/jml-assert/model-methods-instance-static.key 
50351      DEBUG main            d.u.i.k.p.i.AbstractProblemLoader Environment load took 87.3ns 
50352      INFO  main            d.u.i.k.p.i.AbstractProblemLoader Creating init config 
52801      DEBUG main            d.u.i.k.p.i.AbstractProblemLoader Init config took 2.45s 
52840      INFO  main            d.u.i.k.p.i.AbstractProblemLoader Replaying proof ModelMethods[ModelMethods::test2()].JML normal_behavior operation contract.0 
52841      DEBUG main            d.u.i.k.p.i.IntermediateProofReplayer Proof replay took 6.4ns 
52944      INFO  main            d.u.i.k.p.r.p.TestFile    ... finished proof: closed. 
53136      INFO  main            d.u.i.k.p.i.AbstractProblemLoader Loading environment from /home/runner/work/key/key/key.core/../key.ui/examples/standard_key/java_dl/jml-assert/model-methods-instance-static.key.proof 
53136      DEBUG main            d.u.i.k.p.i.AbstractProblemLoader Environment load took 114ns 
53137      INFO  main            d.u.i.k.p.i.AbstractProblemLoader Creating init config 
55536      DEBUG main            d.u.i.k.p.i.AbstractProblemLoader Init config took 2.4s 
55585      INFO  main            d.u.i.k.p.i.AbstractProblemLoader Replaying proof ModelMethods[ModelMethods::test2()].JML normal_behavior operation contract.0 
55595      DEBUG main            d.u.i.k.p.i.IntermediateProofReplayer Proof replay took 7.94ms 
55596      DEBUG main            d.u.i.k.p.r.p.TestFile    ... success: reloaded. 
55597      INFO  main            d.u.i.k.p.r.p.TestFile    Now processing file /home/runner/work/key/key/key.core/../key.ui/examples/standard_key/java_dl/jml-assert/model-methods-instance-instance.key 
55597      INFO  main            d.u.i.k.p.i.AbstractProblemLoader Loading environment from /home/runner/work/key/key/key.core/../key.ui/examples/standard_key/java_dl/jml-assert/model-methods-instance-instance.key 
55597      DEBUG main            d.u.i.k.p.i.AbstractProblemLoader Environment load took 91.3ns 
55598      INFO  main            d.u.i.k.p.i.AbstractProblemLoader Creating init config 
58042      DEBUG main            d.u.i.k.p.i.AbstractProblemLoader Init config took 2.44s 
58079      INFO  main            d.u.i.k.p.i.AbstractProblemLoader Replaying proof ModelMethods[ModelMethods::test3()].JML normal_behavior operation contract.0 
58080      DEBUG main            d.u.i.k.p.i.IntermediateProofReplayer Proof replay took 6.1ns 
58183      INFO  main            d.u.i.k.p.r.p.TestFile    ... finished proof: closed. 
58381      INFO  main            d.u.i.k.p.i.AbstractProblemLoader Loading environment from /home/runner/work/key/key/key.core/../key.ui/examples/standard_key/java_dl/jml-assert/model-methods-instance-instance.key.proof 
58381      DEBUG main            d.u.i.k.p.i.AbstractProblemLoader Environment load took 117.6ns 
58382      INFO  main            d.u.i.k.p.i.AbstractProblemLoader Creating init config 
60805      DEBUG main            d.u.i.k.p.i.AbstractProblemLoader Init config took 2.42s 
60845      INFO  main            d.u.i.k.p.i.AbstractProblemLoader Replaying proof ModelMethods[ModelMethods::test3()].JML normal_behavior operation contract.0 
60856      DEBUG main            d.u.i.k.p.i.IntermediateProofReplayer Proof replay took 9.55ms 
60857      DEBUG main            d.u.i.k.p.r.p.TestFile    ... success: reloaded. 
60858      INFO  main            d.u.i.k.p.r.p.TestFile    Now processing file /home/runner/work/key/key/key.core/../key.ui/examples/standard_key/java_dl/jml-assert/model-methods-static-instance.key 
60858      INFO  main            d.u.i.k.p.i.AbstractProblemLoader Loading environment from /home/runner/work/key/key/key.core/../key.ui/examples/standard_key/java_dl/jml-assert/model-methods-static-instance.key 
60858      DEBUG main            d.u.i.k.p.i.AbstractProblemLoader Environment load took 100.4ns 
60859      INFO  main            d.u.i.k.p.i.AbstractProblemLoader Creating init config 
63353      DEBUG main            d.u.i.k.p.i.AbstractProblemLoader Init config took 2.49s 
63390      INFO  main            d.u.i.k.p.i.AbstractProblemLoader Replaying proof ModelMethods[ModelMethods::test4()].JML normal_behavior operation contract.0 
63391      DEBUG main            d.u.i.k.p.i.IntermediateProofReplayer Proof replay took 6.2ns 
63493      INFO  main            d.u.i.k.p.r.p.TestFile    ... finished proof: closed. 
63707      INFO  main            d.u.i.k.p.i.AbstractProblemLoader Loading environment from /home/runner/work/key/key/key.core/../key.ui/examples/standard_key/java_dl/jml-assert/model-methods-static-instance.key.proof 
63708      DEBUG main            d.u.i.k.p.i.AbstractProblemLoader Environment load took 121.6ns 
63709      INFO  main            d.u.i.k.p.i.AbstractProblemLoader Creating init config 
66133      DEBUG main            d.u.i.k.p.i.AbstractProblemLoader Init config took 2.42s 
66171      INFO  main            d.u.i.k.p.i.AbstractProblemLoader Replaying proof ModelMethods[ModelMethods::test4()].JML normal_behavior operation contract.0 
66197      DEBUG main            d.u.i.k.p.i.IntermediateProofReplayer Proof replay took 23.77ms 
66200      DEBUG main            d.u.i.k.p.r.p.TestFile    ... success: reloaded. 
66201      INFO  main            d.u.i.k.p.r.p.TestFile    Now processing file /home/runner/work/key/key/key.core/../key.ui/examples/standard_key/java_dl/jml-assert/assert-old/inc-field.key 
66201      INFO  main            d.u.i.k.p.i.AbstractProblemLoader Loading environment from /home/runner/work/key/key/key.core/../key.ui/examples/standard_key/java_dl/jml-assert/assert-old/inc-field.key 
66201      DEBUG main            d.u.i.k.p.i.AbstractProblemLoader Environment load took 107.4ns 
66202      INFO  main            d.u.i.k.p.i.AbstractProblemLoader Creating init config 
68600      DEBUG main            d.u.i.k.p.i.AbstractProblemLoader Init config took 2.4s 
68635      INFO  main            d.u.i.k.p.i.AbstractProblemLoader Replaying proof Inc[Inc::inc_field()].JML normal_behavior operation contract.0 
68636      DEBUG main            d.u.i.k.p.i.IntermediateProofReplayer Proof replay took 5.6ns 
68739      INFO  main            d.u.i.k.p.r.p.TestFile    ... finished proof: closed. 
68945      INFO  main            d.u.i.k.p.i.AbstractProblemLoader Loading environment from /home/runner/work/key/key/key.core/../key.ui/examples/standard_key/java_dl/jml-assert/assert-old/inc-field.key.proof 
68945      DEBUG main            d.u.i.k.p.i.AbstractProblemLoader Environment load took 122.8ns 
68946      INFO  main            d.u.i.k.p.i.AbstractProblemLoader Creating init config 
71265      DEBUG main            d.u.i.k.p.i.AbstractProblemLoader Init config took 2.32s 
71300      INFO  main            d.u.i.k.p.i.AbstractProblemLoader Replaying proof Inc[Inc::inc_field()].JML normal_behavior operation contract.0 
71323      DEBUG main            d.u.i.k.p.i.IntermediateProofReplayer Proof replay took 20.72ms 
71323      DEBUG main            d.u.i.k.p.r.p.TestFile    ... success: reloaded. 
71324      INFO  main            d.u.i.k.p.r.p.TestFile    Now processing file /home/runner/work/key/key/key.core/../key.ui/examples/standard_key/java_dl/jml-assert/assert-old/inc-parameter.key 
71324      INFO  main            d.u.i.k.p.i.AbstractProblemLoader Loading environment from /home/runner/work/key/key/key.core/../key.ui/examples/standard_key/java_dl/jml-assert/assert-old/inc-parameter.key 
71324      DEBUG main            d.u.i.k.p.i.AbstractProblemLoader Environment load took 101.2ns 
71325      INFO  main            d.u.i.k.p.i.AbstractProblemLoader Creating init config 
73797      DEBUG main            d.u.i.k.p.i.AbstractProblemLoader Init config took 2.47s 
73836      INFO  main            d.u.i.k.p.i.AbstractProblemLoader Replaying proof Inc[Inc::inc_parameter(int)].JML normal_behavior operation contract.0 
73837      DEBUG main            d.u.i.k.p.i.IntermediateProofReplayer Proof replay took 6.3ns 
73939      INFO  main            d.u.i.k.p.r.p.TestFile    ... finished proof: closed. 
74205      INFO  main            d.u.i.k.p.i.AbstractProblemLoader Loading environment from /home/runner/work/key/key/key.core/../key.ui/examples/standard_key/java_dl/jml-assert/assert-old/inc-parameter.key.proof 
74205      DEBUG main            d.u.i.k.p.i.AbstractProblemLoader Environment load took 116.9ns 
74207      INFO  main            d.u.i.k.p.i.AbstractProblemLoader Creating init config 
76539      DEBUG main            d.u.i.k.p.i.AbstractProblemLoader Init config took 2.33s 
76573      INFO  main            d.u.i.k.p.i.AbstractProblemLoader Replaying proof Inc[Inc::inc_parameter(int)].JML normal_behavior operation contract.0 
76586      DEBUG main            d.u.i.k.p.i.IntermediateProofReplayer Proof replay took 11.04ms 
76587      DEBUG main            d.u.i.k.p.r.p.TestFile    ... success: reloaded. 
76588      INFO  main            d.u.i.k.p.r.p.TestFile    Now processing file /home/runner/work/key/key/key.core/../key.ui/examples/standard_key/java_dl/jml-assert/assert-old/inc-parameter-field.key 
76588      INFO  main            d.u.i.k.p.i.AbstractProblemLoader Loading environment from /home/runner/work/key/key/key.core/../key.ui/examples/standard_key/java_dl/jml-assert/assert-old/inc-parameter-field.key 
76589      DEBUG main            d.u.i.k.p.i.AbstractProblemLoader Environment load took 218.6ns 
76590      INFO  main            d.u.i.k.p.i.AbstractProblemLoader Creating init config 
78954      DEBUG main            d.u.i.k.p.i.AbstractProblemLoader Init config took 2.36s 
78993      INFO  main            d.u.i.k.p.i.AbstractProblemLoader Replaying proof Inc[Inc::inc_parameter_field(Inc)].JML normal_behavior operation contract.0 
78995      DEBUG main            d.u.i.k.p.i.IntermediateProofReplayer Proof replay took 7.3ns 
79096      INFO  main            d.u.i.k.p.r.p.TestFile    ... finished proof: closed. 
79340      INFO  main            d.u.i.k.p.i.AbstractProblemLoader Loading environment from /home/runner/work/key/key/key.core/../key.ui/examples/standard_key/java_dl/jml-assert/assert-old/inc-parameter-field.key.proof 
79340      DEBUG main            d.u.i.k.p.i.AbstractProblemLoader Environment load took 120ns 
79341      INFO  main            d.u.i.k.p.i.AbstractProblemLoader Creating init config 
81621      DEBUG main            d.u.i.k.p.i.AbstractProblemLoader Init config took 2.28s 
81657      INFO  main            d.u.i.k.p.i.AbstractProblemLoader Replaying proof Inc[Inc::inc_parameter_field(Inc)].JML normal_behavior operation contract.0 
81682      DEBUG main            d.u.i.k.p.i.IntermediateProofReplayer Proof replay took 23ms 
81683      DEBUG main            d.u.i.k.p.r.p.TestFile    ... success: reloaded. 
81684      INFO  main            d.u.i.k.p.r.p.TestFile    Now processing file /home/runner/work/key/key/key.core/../key.ui/examples/standard_key/java_dl/jml-assert/assert-old/inc-ghost-field.key 
81684      INFO  main            d.u.i.k.p.i.AbstractProblemLoader Loading environment from /home/runner/work/key/key/key.core/../key.ui/examples/standard_key/java_dl/jml-assert/assert-old/inc-ghost-field.key 
81685      DEBUG main            d.u.i.k.p.i.AbstractProblemLoader Environment load took 222.81ns 
81686      INFO  main            d.u.i.k.p.i.AbstractProblemLoader Creating init config 
84079      DEBUG main            d.u.i.k.p.i.AbstractProblemLoader Init config took 2.39s 
84111      INFO  main            d.u.i.k.p.i.AbstractProblemLoader Replaying proof Inc[Inc::inc_ghost_field()].JML normal_behavior operation contract.0 
84113      DEBUG main            d.u.i.k.p.i.IntermediateProofReplayer Proof replay took 6ns 
84215      INFO  main            d.u.i.k.p.r.p.TestFile    ... finished proof: closed. 
84443      INFO  main            d.u.i.k.p.i.AbstractProblemLoader Loading environment from /home/runner/work/key/key/key.core/../key.ui/examples/standard_key/java_dl/jml-assert/assert-old/inc-ghost-field.key.proof 
84443      DEBUG main            d.u.i.k.p.i.AbstractProblemLoader Environment load took 128.91ns 
84444      INFO  main            d.u.i.k.p.i.AbstractProblemLoader Creating init config 
86724      DEBUG main            d.u.i.k.p.i.AbstractProblemLoader Init config took 2.28s 
86769      INFO  main            d.u.i.k.p.i.AbstractProblemLoader Replaying proof Inc[Inc::inc_ghost_field()].JML normal_behavior operation contract.0 
86806      DEBUG main            d.u.i.k.p.i.IntermediateProofReplayer Proof replay took 33.92ms 
86808      DEBUG main            d.u.i.k.p.r.p.TestFile    ... success: reloaded. 
698294     INFO  Test worker     d.u.i.k.p.r.RunAllProofsTestUnit Returning from test jmlAsserts 
698297     INFO  Test worker     d.u.i.k.p.r.RunAllProofsTestUnit Running test javaCard 
352        INFO  Timeout watchdog d.u.i.k.p.r.p.ForkedTestFileRunner Timeout watcher launched (2000 secs.) 
366        WARN  main            d.u.i.k.s.ProofSettings   The settings in /home/runner/.key/proof-settings.props are *not* read. 
394        INFO  main            d.u.i.k.p.r.p.TestFile    Now processing file /home/runner/work/key/key/key.core/../key.ui/examples/heap/javacard/updateBalance0.key 
496        INFO  main            d.u.i.k.p.i.AbstractProblemLoader Loading environment from /home/runner/work/key/key/key.core/../key.ui/examples/heap/javacard/updateBalance0.key 
522        DEBUG main            d.u.i.k.p.i.AbstractProblemLoader Environment load took 2.06ms 
737        INFO  main            d.u.i.k.p.i.AbstractProblemLoader Creating init config 
1520       DEBUG main            d.u.i.k.j.TypeConverter   No LDT found for Meta 
1521       DEBUG main            d.u.i.k.j.TypeConverter   No LDT found for Meta 
1522       DEBUG main            d.u.i.k.j.TypeConverter   No LDT found for Meta 
1524       DEBUG main            d.u.i.k.j.TypeConverter   No LDT found for Meta 
2839       DEBUG main            d.u.i.k.j.TypeConverter   No LDT found for JavaBigintExpression 
6306       DEBUG main            d.u.i.k.p.i.AbstractProblemLoader Init config took 5.57s 
6477       INFO  main            d.u.i.k.p.i.AbstractProblemLoader Replaying proof Examples[Examples::updateBalance(short)].JML normal_behavior operation contract.0 
6513       DEBUG main            d.u.i.k.p.i.IntermediateProofReplayer Proof replay took 29.8ns 
7861       INFO  main            d.u.i.k.p.r.p.TestFile    ... finished proof: closed. 
7988       INFO  main            d.u.i.k.p.i.AbstractProblemLoader Loading environment from /home/runner/work/key/key/key.core/../key.ui/examples/heap/javacard/updateBalance0.key.proof 
7988       DEBUG main            d.u.i.k.p.i.AbstractProblemLoader Environment load took 529.31ns 
7991       INFO  main            d.u.i.k.p.i.AbstractProblemLoader Creating init config 
9700       DEBUG main            d.u.i.k.p.i.AbstractProblemLoader Init config took 1.71s 
9754       INFO  main            d.u.i.k.p.i.AbstractProblemLoader Replaying proof Examples[Examples::updateBalance(short)].JML normal_behavior operation contract.0 
9885       DEBUG main            d.u.i.k.p.i.IntermediateProofReplayer Proof replay took 123.64ms 
9893       DEBUG main            d.u.i.k.p.r.p.TestFile    ... success: reloaded. 
9896       INFO  main            d.u.i.k.p.r.p.TestFile    Now processing file /home/runner/work/key/key/key.core/../key.ui/examples/heap/javacard/updateBalance1.key 
9897       INFO  main            d.u.i.k.p.i.AbstractProblemLoader Loading environment from /home/runner/work/key/key/key.core/../key.ui/examples/heap/javacard/updateBalance1.key 
9897       DEBUG main            d.u.i.k.p.i.AbstractProblemLoader Environment load took 282.51ns 
9899       INFO  main            d.u.i.k.p.i.AbstractProblemLoader Creating init config 
11595      DEBUG main            d.u.i.k.p.i.AbstractProblemLoader Init config took 1.7s 
11645      INFO  main            d.u.i.k.p.i.AbstractProblemLoader Replaying proof Examples[Examples::updateBalance(short)].JML normal_behavior operation contract.1 
11648      DEBUG main            d.u.i.k.p.i.IntermediateProofReplayer Proof replay took 5ns 
12255      INFO  main            d.u.i.k.p.r.p.TestFile    ... finished proof: closed. 
12378      INFO  main            d.u.i.k.p.i.AbstractProblemLoader Loading environment from /home/runner/work/key/key/key.core/../key.ui/examples/heap/javacard/updateBalance1.key.proof 
12378      DEBUG main            d.u.i.k.p.i.AbstractProblemLoader Environment load took 490.71ns 
12380      INFO  main            d.u.i.k.p.i.AbstractProblemLoader Creating init config 
14059      DEBUG main            d.u.i.k.p.i.AbstractProblemLoader Init config took 1.68s 
14110      INFO  main            d.u.i.k.p.i.AbstractProblemLoader Replaying proof Examples[Examples::updateBalance(short)].JML normal_behavior operation contract.1 
14216      DEBUG main            d.u.i.k.p.i.IntermediateProofReplayer Proof replay took 101.04ms 
14218      DEBUG main            d.u.i.k.p.r.p.TestFile    ... success: reloaded. 
14220      INFO  main            d.u.i.k.p.r.p.TestFile    Now processing file /home/runner/work/key/key/key.core/../key.ui/examples/heap/javacard/setArray1.key 
14221      INFO  main            d.u.i.k.p.i.AbstractProblemLoader Loading environment from /home/runner/work/key/key/key.core/../key.ui/examples/heap/javacard/setArray1.key 
14221      DEBUG main            d.u.i.k.p.i.AbstractProblemLoader Environment load took 259.7ns 
14222      INFO  main            d.u.i.k.p.i.AbstractProblemLoader Creating init config 
15807      DEBUG main            d.u.i.k.p.i.AbstractProblemLoader Init config took 1.58s 
15849      INFO  main            d.u.i.k.p.i.AbstractProblemLoader Replaying proof Examples[Examples::setArray1([B)].JML normal_behavior operation contract.0 
15851      DEBUG main            d.u.i.k.p.i.IntermediateProofReplayer Proof replay took 6.1ns 
16856      INFO  main            d.u.i.k.p.r.p.TestFile    ... finished proof: closed. 
16986      INFO  main            d.u.i.k.p.i.AbstractProblemLoader Loading environment from /home/runner/work/key/key/key.core/../key.ui/examples/heap/javacard/setArray1.key.proof 
16987      DEBUG main            d.u.i.k.p.i.AbstractProblemLoader Environment load took 637.41ns 
16988      INFO  main            d.u.i.k.p.i.AbstractProblemLoader Creating init config 
18562      DEBUG main            d.u.i.k.p.i.AbstractProblemLoader Init config took 1.57s 
18612      INFO  main            d.u.i.k.p.i.AbstractProblemLoader Replaying proof Examples[Examples::setArray1([B)].JML normal_behavior operation contract.0 
18766      DEBUG main            d.u.i.k.p.i.IntermediateProofReplayer Proof replay took 148.33ms 
18768      DEBUG main            d.u.i.k.p.r.p.TestFile    ... success: reloaded. 
18771      INFO  main            d.u.i.k.p.r.p.TestFile    Now processing file /home/runner/work/key/key/key.core/../key.ui/examples/heap/javacard/setArray2.key 
18771      INFO  main            d.u.i.k.p.i.AbstractProblemLoader Loading environment from /home/runner/work/key/key/key.core/../key.ui/examples/heap/javacard/setArray2.key 
18771      DEBUG main            d.u.i.k.p.i.AbstractProblemLoader Environment load took 262ns 
18772      INFO  main            d.u.i.k.p.i.AbstractProblemLoader Creating init config 
20350      DEBUG main            d.u.i.k.p.i.AbstractProblemLoader Init config took 1.58s 
20396      INFO  main            d.u.i.k.p.i.AbstractProblemLoader Replaying proof Examples[Examples::setArray2([B)].JML normal_behavior operation contract.0 
20398      DEBUG main            d.u.i.k.p.i.IntermediateProofReplayer Proof replay took 6.1ns 
21516      INFO  main            d.u.i.k.p.r.p.TestFile    ... finished proof: closed. 
21628      INFO  main            d.u.i.k.p.i.AbstractProblemLoader Loading environment from /home/runner/work/key/key/key.core/../key.ui/examples/heap/javacard/setArray2.key.proof 
21629      DEBUG main            d.u.i.k.p.i.AbstractProblemLoader Environment load took 475.81ns 
21630      INFO  main            d.u.i.k.p.i.AbstractProblemLoader Creating init config 
23191      DEBUG main            d.u.i.k.p.i.AbstractProblemLoader Init config took 1.56s 
23237      INFO  main            d.u.i.k.p.i.AbstractProblemLoader Replaying proof Examples[Examples::setArray2([B)].JML normal_behavior operation contract.0 
23411      DEBUG main            d.u.i.k.p.i.IntermediateProofReplayer Proof replay took 168.24ms 
23413      DEBUG main            d.u.i.k.p.r.p.TestFile    ... success: reloaded. 
23416      INFO  main            d.u.i.k.p.r.p.TestFile    Now processing file /home/runner/work/key/key/key.core/../key.ui/examples/heap/javacard/arrayFillNonAtomic.key 
23416      INFO  main            d.u.i.k.p.i.AbstractProblemLoader Loading environment from /home/runner/work/key/key/key.core/../key.ui/examples/heap/javacard/arrayFillNonAtomic.key 
23416      DEBUG main            d.u.i.k.p.i.AbstractProblemLoader Environment load took 231.21ns 
23418      INFO  main            d.u.i.k.p.i.AbstractProblemLoader Creating init config 
24989      DEBUG main            d.u.i.k.p.i.AbstractProblemLoader Init config took 1.57s 
25044      INFO  main            d.u.i.k.p.i.AbstractProblemLoader Replaying proof javacard.framework.Util[javacard.framework.Util::arrayFillNonAtomic([B,short,short,byte)].JML behavior operation contract.0.transaction_inactive 
25046      DEBUG main            d.u.i.k.p.i.IntermediateProofReplayer Proof replay took 6ns 
25831      DEBUG Thread-13       d.u.i.k.l.o.ProgramSV     Match failed: Former match of  SchemaVariable incompatible with  the current match. 
25832      DEBUG Thread-13       d.u.i.k.l.o.ProgramSV     Match failed: Former match of  SchemaVariable incompatible with  the current match. 
27016      DEBUG Thread-13       d.u.i.k.l.o.ProgramSV     Match failed: Former match of  SchemaVariable incompatible with  the current match. 
27017      DEBUG Thread-13       d.u.i.k.l.o.ProgramSV     Match failed: Former match of  SchemaVariable incompatible with  the current match. 
28477      INFO  main            d.u.i.k.p.r.p.TestFile    ... finished proof: closed. 
28676      INFO  main            d.u.i.k.p.i.AbstractProblemLoader Loading environment from /home/runner/work/key/key/key.core/../key.ui/examples/heap/javacard/arrayFillNonAtomic.key.proof 
28677      DEBUG main            d.u.i.k.p.i.AbstractProblemLoader Environment load took 493.71ns 
28680      INFO  main            d.u.i.k.p.i.AbstractProblemLoader Creating init config 
30232      DEBUG main            d.u.i.k.p.i.AbstractProblemLoader Init config took 1.55s 
30284      INFO  main            d.u.i.k.p.i.AbstractProblemLoader Replaying proof javacard.framework.Util[javacard.framework.Util::arrayFillNonAtomic([B,short,short,byte)].JML behavior operation contract.0.transaction_inactive 
30931      DEBUG main            d.u.i.k.p.i.IntermediateProofReplayer Proof replay took 629.05ms 
30932      DEBUG main            d.u.i.k.p.r.p.TestFile    ... success: reloaded. 
30933      INFO  main            d.u.i.k.p.r.p.TestFile    Now processing file /home/runner/work/key/key/key.core/../key.ui/examples/heap/coincidence_count/project.key 
30934      INFO  main            d.u.i.k.p.i.AbstractProblemLoader Loading environment from /home/runner/work/key/key/key.core/../key.ui/examples/heap/coincidence_count/project.key 
30934      DEBUG main            d.u.i.k.p.i.AbstractProblemLoader Environment load took 271.81ns 
30935      INFO  main            d.u.i.k.p.i.AbstractProblemLoader Creating init config 
34251      DEBUG main            d.u.i.k.p.i.AbstractProblemLoader Init config took 3.32s 
34303      INFO  main            d.u.i.k.p.i.AbstractProblemLoader Replaying proof CC[CC::calcCoinIndex([I,[I)].JML normal_behavior operation contract.0 
34307      DEBUG main            d.u.i.k.p.i.IntermediateProofReplayer Proof replay took 6.2ns 
51525      INFO  main            d.u.i.k.p.r.p.TestFile    ... finished proof: closed. 
51821      INFO  main            d.u.i.k.p.i.AbstractProblemLoader Loading environment from /home/runner/work/key/key/key.core/../key.ui/examples/heap/coincidence_count/project.key.proof 
51821      DEBUG main            d.u.i.k.p.i.AbstractProblemLoader Environment load took 512.71ns 
51826      INFO  main            d.u.i.k.p.i.AbstractProblemLoader Creating init config 
54445      DEBUG main            d.u.i.k.p.i.AbstractProblemLoader Init config took 2.62s 
54488      INFO  main            d.u.i.k.p.i.AbstractProblemLoader Replaying proof CC[CC::calcCoinIndex([I,[I)].JML normal_behavior operation contract.0 
55186      DEBUG main            d.u.i.k.p.i.IntermediateProofReplayer Proof replay took 638.64ms 
55190      DEBUG main            d.u.i.k.p.r.p.TestFile    ... success: reloaded. 
55191      INFO  main            d.u.i.k.p.r.p.TestFile    Now processing file /home/runner/work/key/key/key.core/../key.ui/examples/heap/verifyThis11_1_Maximum/project.key 
55192      INFO  main            d.u.i.k.p.i.AbstractProblemLoader Loading environment from /home/runner/work/key/key/key.core/../key.ui/examples/heap/verifyThis11_1_Maximum/project.key 
55192      DEBUG main            d.u.i.k.p.i.AbstractProblemLoader Environment load took 225.31ns 
55193      INFO  main            d.u.i.k.p.i.AbstractProblemLoader Creating init config 
57864      DEBUG main            d.u.i.k.p.i.AbstractProblemLoader Init config took 2.67s 
57924      INFO  main            d.u.i.k.p.i.AbstractProblemLoader Replaying proof Maximum[Maximum::maxIndex([I)].JML normal_behavior operation contract.0 
57926      DEBUG main            d.u.i.k.p.i.IntermediateProofReplayer Proof replay took 7.3ns 
58840      INFO  main            d.u.i.k.p.r.p.TestFile    ... finished proof: closed. 
59094      INFO  main            d.u.i.k.p.i.AbstractProblemLoader Loading environment from /home/runner/work/key/key/key.core/../key.ui/examples/heap/verifyThis11_1_Maximum/project.key.proof 
59094      DEBUG main            d.u.i.k.p.i.AbstractProblemLoader Environment load took 474.01ns 
59096      INFO  main            d.u.i.k.p.i.AbstractProblemLoader Creating init config 
61647      DEBUG main            d.u.i.k.p.i.AbstractProblemLoader Init config took 2.55s 
61688      INFO  main            d.u.i.k.p.i.AbstractProblemLoader Replaying proof Maximum[Maximum::maxIndex([I)].JML normal_behavior operation contract.0 
61821      DEBUG main            d.u.i.k.p.i.IntermediateProofReplayer Proof replay took 127.05ms 
61822      DEBUG main            d.u.i.k.p.r.p.TestFile    ... success: reloaded. 
61823      INFO  main            d.u.i.k.p.r.p.TestFile    Now processing file /home/runner/work/key/key/key.core/../key.ui/examples/heap/fm12_01_LRS/lcp.key 
61823      INFO  main            d.u.i.k.p.i.AbstractProblemLoader Loading environment from /home/runner/work/key/key/key.core/../key.ui/examples/heap/fm12_01_LRS/lcp.key 
61823      DEBUG main            d.u.i.k.p.i.AbstractProblemLoader Environment load took 239.1ns 
61824      INFO  main            d.u.i.k.p.i.AbstractProblemLoader Creating init config 
64990      DEBUG main            d.u.i.k.p.i.AbstractProblemLoader Init config took 3.17s 
65093      INFO  main            d.u.i.k.p.i.AbstractProblemLoader Replaying proof LCP[LCP::lcp([I,int,int)].JML normal_behavior operation contract.0 
65095      DEBUG main            d.u.i.k.p.i.IntermediateProofReplayer Proof replay took 6.6ns 
66003      INFO  main            d.u.i.k.p.r.p.TestFile    ... finished proof: closed. 
66286      INFO  main            d.u.i.k.p.i.AbstractProblemLoader Loading environment from /home/runner/work/key/key/key.core/../key.ui/examples/heap/fm12_01_LRS/lcp.key.proof 
66286      DEBUG main            d.u.i.k.p.i.AbstractProblemLoader Environment load took 132.8ns 
66287      INFO  main            d.u.i.k.p.i.AbstractProblemLoader Creating init config 
69256      DEBUG main            d.u.i.k.p.i.AbstractProblemLoader Init config took 2.97s 
69311      INFO  main            d.u.i.k.p.i.AbstractProblemLoader Replaying proof LCP[LCP::lcp([I,int,int)].JML normal_behavior operation contract.0 
69490      DEBUG main            d.u.i.k.p.i.IntermediateProofReplayer Proof replay took 173.44ms 
69491      DEBUG main            d.u.i.k.p.r.p.TestFile    ... success: reloaded. 
69492      INFO  main            d.u.i.k.p.r.p.TestFile    Now processing file /home/runner/work/key/key/key.core/../key.ui/examples/heap/SemanticSlicing/project.key 
69493      INFO  main            d.u.i.k.p.i.AbstractProblemLoader Loading environment from /home/runner/work/key/key/key.core/../key.ui/examples/heap/SemanticSlicing/project.key 
69493      DEBUG main            d.u.i.k.p.i.AbstractProblemLoader Environment load took 234.5ns 
69494      INFO  main            d.u.i.k.p.i.AbstractProblemLoader Creating init config 
72201      DEBUG main            d.u.i.k.p.i.AbstractProblemLoader Init config took 2.71s 
72252      INFO  main            d.u.i.k.p.i.AbstractProblemLoader Replaying proof unsatcore_after.competition.postcond5.scope333.LRS[unsatcore_after.competition.postcond5.scope333.LRS::doLRS()].JML operation contract.0 
72253      DEBUG main            d.u.i.k.p.i.IntermediateProofReplayer Proof replay took 5.8ns 
76021      INFO  main            d.u.i.k.p.r.p.TestFile    ... finished proof: closed. 
76292      INFO  main            d.u.i.k.p.i.AbstractProblemLoader Loading environment from /home/runner/work/key/key/key.core/../key.ui/examples/heap/SemanticSlicing/project.key.proof 
76293      DEBUG main            d.u.i.k.p.i.AbstractProblemLoader Environment load took 497.31ns 
76295      INFO  main            d.u.i.k.p.i.AbstractProblemLoader Creating init config 
78926      DEBUG main            d.u.i.k.p.i.AbstractProblemLoader Init config took 2.63s 
78978      INFO  main            d.u.i.k.p.i.AbstractProblemLoader Replaying proof unsatcore_after.competition.postcond5.scope333.LRS[unsatcore_after.competition.postcond5.scope333.LRS::doLRS()].JML operation contract.0 
79567      DEBUG main            d.u.i.k.p.i.IntermediateProofReplayer Proof replay took 575.46ms 
79569      DEBUG main            d.u.i.k.p.r.p.TestFile    ... success: reloaded. 
79570      INFO  main            d.u.i.k.p.r.p.TestFile    Now processing file /home/runner/work/key/key/key.core/../key.ui/examples/heap/information_flow/ArrayList_contains.key 
79570      INFO  main            d.u.i.k.p.i.AbstractProblemLoader Loading environment from /home/runner/work/key/key/key.core/../key.ui/examples/heap/information_flow/ArrayList_contains.key 
79570      DEBUG main            d.u.i.k.p.i.AbstractProblemLoader Environment load took 98.5ns 
79571      INFO  main            d.u.i.k.p.i.AbstractProblemLoader Creating init config 
82419      DEBUG main            d.u.i.k.p.i.AbstractProblemLoader Init config took 2.85s 
82457      INFO  main            d.u.i.k.p.i.AbstractProblemLoader Replaying proof ArrayList[ArrayList::get(int)].JML normal_behavior operation contract.0 
82459      DEBUG main            d.u.i.k.p.i.IntermediateProofReplayer Proof replay took 5.9ns 
82765      INFO  main            d.u.i.k.p.r.p.TestFile    ... finished proof: closed. 
83029      INFO  main            d.u.i.k.p.i.AbstractProblemLoader Loading environment from /home/runner/work/key/key/key.core/../key.ui/examples/heap/information_flow/ArrayList_contains.key.proof 
83029      DEBUG main            d.u.i.k.p.i.AbstractProblemLoader Environment load took 124ns 
83030      INFO  main            d.u.i.k.p.i.AbstractProblemLoader Creating init config 
85728      DEBUG main            d.u.i.k.p.i.AbstractProblemLoader Init config took 2.7s 
85767      INFO  main            d.u.i.k.p.i.AbstractProblemLoader Replaying proof ArrayList[ArrayList::get(int)].JML normal_behavior operation contract.0 
85808      DEBUG main            d.u.i.k.p.i.IntermediateProofReplayer Proof replay took 38.24ms 
85809      DEBUG main            d.u.i.k.p.r.p.TestFile    ... success: reloaded. 
85810      INFO  main            d.u.i.k.p.r.p.TestFile    Now processing file /home/runner/work/key/key/key.core/../key.ui/examples/heap/information_flow/ArrayList_get.key 
85810      INFO  main            d.u.i.k.p.i.AbstractProblemLoader Loading environment from /home/runner/work/key/key/key.core/../key.ui/examples/heap/information_flow/ArrayList_get.key 
85810      DEBUG main            d.u.i.k.p.i.AbstractProblemLoader Environment load took 247.41ns 
85811      INFO  main            d.u.i.k.p.i.AbstractProblemLoader Creating init config 
88602      DEBUG main            d.u.i.k.p.i.AbstractProblemLoader Init config took 2.79s 
88640      INFO  main            d.u.i.k.p.i.AbstractProblemLoader Replaying proof ArrayList[ArrayList::contains(java.lang.Object)].JML normal_behavior operation contract.0 
88641      DEBUG main            d.u.i.k.p.i.IntermediateProofReplayer Proof replay took 6.2ns 
89448      INFO  main            d.u.i.k.p.r.p.TestFile    ... finished proof: closed. 
89694      INFO  main            d.u.i.k.p.i.AbstractProblemLoader Loading environment from /home/runner/work/key/key/key.core/../key.ui/examples/heap/information_flow/ArrayList_get.key.proof 
89696      DEBUG main            d.u.i.k.p.i.AbstractProblemLoader Environment load took 1.53ms 
89698      INFO  main            d.u.i.k.p.i.AbstractProblemLoader Creating init config 
92403      DEBUG main            d.u.i.k.p.i.AbstractProblemLoader Init config took 2.7s 
92447      INFO  main            d.u.i.k.p.i.AbstractProblemLoader Replaying proof ArrayList[ArrayList::contains(java.lang.Object)].JML normal_behavior operation contract.0 
92586      DEBUG main            d.u.i.k.p.i.IntermediateProofReplayer Proof replay took 129.19ms 
92587      DEBUG main            d.u.i.k.p.r.p.TestFile    ... success: reloaded. 
92588      INFO  main            d.u.i.k.p.r.p.TestFile    Now processing file /home/runner/work/key/key/key.core/../key.ui/examples/heap/information_flow/ArrayList_size.key 
92589      INFO  main            d.u.i.k.p.i.AbstractProblemLoader Loading environment from /home/runner/work/key/key/key.core/../key.ui/examples/heap/information_flow/ArrayList_size.key 
92589      DEBUG main            d.u.i.k.p.i.AbstractProblemLoader Environment load took 232ns 
92590      INFO  main            d.u.i.k.p.i.AbstractProblemLoader Creating init config 
95358      DEBUG main            d.u.i.k.p.i.AbstractProblemLoader Init config took 2.77s 
95395      INFO  main            d.u.i.k.p.i.AbstractProblemLoader Replaying proof ArrayList[ArrayList::size()].JML normal_behavior operation contract.0 
95397      DEBUG main            d.u.i.k.p.i.IntermediateProofReplayer Proof replay took 6.5ns 
95498      INFO  main            d.u.i.k.p.r.p.TestFile    ... finished proof: closed. 
95777      INFO  main            d.u.i.k.p.i.AbstractProblemLoader Loading environment from /home/runner/work/key/key/key.core/../key.ui/examples/heap/information_flow/ArrayList_size.key.proof 
95777      DEBUG main            d.u.i.k.p.i.AbstractProblemLoader Environment load took 134ns 
95778      INFO  main            d.u.i.k.p.i.AbstractProblemLoader Creating init config 
98499      DEBUG main            d.u.i.k.p.i.AbstractProblemLoader Init config took 2.72s 
98539      INFO  main            d.u.i.k.p.i.AbstractProblemLoader Replaying proof ArrayList[ArrayList::size()].JML normal_behavior operation contract.0 
98552      DEBUG main            d.u.i.k.p.i.IntermediateProofReplayer Proof replay took 10.62ms 
98553      DEBUG main            d.u.i.k.p.r.p.TestFile    ... success: reloaded. 
98554      INFO  main            d.u.i.k.p.r.p.TestFile    Now processing file /home/runner/work/key/key/key.core/../key.ui/examples/heap/information_flow/UpdateAbstraction_ex7_3_secure.key 
98556      INFO  main            d.u.i.k.p.i.AbstractProblemLoader Loading environment from /home/runner/work/key/key/key.core/../key.ui/examples/heap/information_flow/UpdateAbstraction_ex7_3_secure.key 
98556      DEBUG main            d.u.i.k.p.i.AbstractProblemLoader Environment load took 240.6ns 
98557      INFO  main            d.u.i.k.p.i.AbstractProblemLoader Creating init config 
101318     DEBUG main            d.u.i.k.p.i.AbstractProblemLoader Init config took 2.76s 
101353     INFO  main            d.u.i.k.p.i.AbstractProblemLoader Replaying proof UpdateAbstraction[UpdateAbstraction::ex7_3_secure()].JML operation contract.0 
101354     DEBUG main            d.u.i.k.p.i.IntermediateProofReplayer Proof replay took 6.1ns 
101557     INFO  main            d.u.i.k.p.r.p.TestFile    ... finished proof: closed. 
101818     INFO  main            d.u.i.k.p.i.AbstractProblemLoader Loading environment from /home/runner/work/key/key/key.core/../key.ui/examples/heap/information_flow/UpdateAbstraction_ex7_3_secure.key.proof 
101818     DEBUG main            d.u.i.k.p.i.AbstractProblemLoader Environment load took 178.2ns 
101820     INFO  main            d.u.i.k.p.i.AbstractProblemLoader Creating init config 
104511     DEBUG main            d.u.i.k.p.i.AbstractProblemLoader Init config took 2.69s 
104562     INFO  main            d.u.i.k.p.i.AbstractProblemLoader Replaying proof UpdateAbstraction[UpdateAbstraction::ex7_3_secure()].JML operation contract.0 
104587     DEBUG main            d.u.i.k.p.i.IntermediateProofReplayer Proof replay took 22.83ms 
104589     DEBUG main            d.u.i.k.p.r.p.TestFile    ... success: reloaded. 
104589     INFO  main            d.u.i.k.p.r.p.TestFile    Now processing file /home/runner/work/key/key/key.core/../key.ui/examples/heap/information_flow/UpdateAbstraction_ex7_4_secure.key 
104590     INFO  main            d.u.i.k.p.i.AbstractProblemLoader Loading environment from /home/runner/work/key/key/key.core/../key.ui/examples/heap/information_flow/UpdateAbstraction_ex7_4_secure.key 
104590     DEBUG main            d.u.i.k.p.i.AbstractProblemLoader Environment load took 215.1ns 
104591     INFO  main            d.u.i.k.p.i.AbstractProblemLoader Creating init config 
107298     DEBUG main            d.u.i.k.p.i.AbstractProblemLoader Init config took 2.71s 
107333     INFO  main            d.u.i.k.p.i.AbstractProblemLoader Replaying proof UpdateAbstraction[UpdateAbstraction::ex7_4_secure()].JML operation contract.0 
107335     DEBUG main            d.u.i.k.p.i.IntermediateProofReplayer Proof replay took 5.7ns 
107540     INFO  main            d.u.i.k.p.r.p.TestFile    ... finished proof: closed. 
107797     INFO  main            d.u.i.k.p.i.AbstractProblemLoader Loading environment from /home/runner/work/key/key/key.core/../key.ui/examples/heap/information_flow/UpdateAbstraction_ex7_4_secure.key.proof 
107797     DEBUG main            d.u.i.k.p.i.AbstractProblemLoader Environment load took 119.3ns 
107798     INFO  main            d.u.i.k.p.i.AbstractProblemLoader Creating init config 
110498     DEBUG main            d.u.i.k.p.i.AbstractProblemLoader Init config took 2.7s 
110532     INFO  main            d.u.i.k.p.i.AbstractProblemLoader Replaying proof UpdateAbstraction[UpdateAbstraction::ex7_4_secure()].JML operation contract.0 
110569     DEBUG main            d.u.i.k.p.i.IntermediateProofReplayer Proof replay took 34.37ms 
110569     DEBUG main            d.u.i.k.p.r.p.TestFile    ... success: reloaded. 
110570     INFO  main            d.u.i.k.p.r.p.TestFile    Now processing file /home/runner/work/key/key/key.core/../key.ui/examples/heap/information_flow/UpdateAbstraction_ex7_5_secure.key 
110570     INFO  main            d.u.i.k.p.i.AbstractProblemLoader Loading environment from /home/runner/work/key/key/key.core/../key.ui/examples/heap/information_flow/UpdateAbstraction_ex7_5_secure.key 
110570     DEBUG main            d.u.i.k.p.i.AbstractProblemLoader Environment load took 60ns 
110571     INFO  main            d.u.i.k.p.i.AbstractProblemLoader Creating init config 
113327     DEBUG main            d.u.i.k.p.i.AbstractProblemLoader Init config took 2.76s 
113362     INFO  main            d.u.i.k.p.i.AbstractProblemLoader Replaying proof UpdateAbstraction[UpdateAbstraction::ex7_5_secure()].JML operation contract.0 
113363     DEBUG main            d.u.i.k.p.i.IntermediateProofReplayer Proof replay took 6.4ns 
113465     INFO  main            d.u.i.k.p.r.p.TestFile    ... finished proof: closed. 
113806     INFO  main            d.u.i.k.p.i.AbstractProblemLoader Loading environment from /home/runner/work/key/key/key.core/../key.ui/examples/heap/information_flow/UpdateAbstraction_ex7_5_secure.key.proof 
113806     DEBUG main            d.u.i.k.p.i.AbstractProblemLoader Environment load took 129.9ns 
113807     INFO  main            d.u.i.k.p.i.AbstractProblemLoader Creating init config 
116483     DEBUG main            d.u.i.k.p.i.AbstractProblemLoader Init config took 2.68s 
116518     INFO  main            d.u.i.k.p.i.AbstractProblemLoader Replaying proof UpdateAbstraction[UpdateAbstraction::ex7_5_secure()].JML operation contract.0 
116534     DEBUG main            d.u.i.k.p.i.IntermediateProofReplayer Proof replay took 14.03ms 
116534     DEBUG main            d.u.i.k.p.r.p.TestFile    ... success: reloaded. 
116535     INFO  main            d.u.i.k.p.r.p.TestFile    Now processing file /home/runner/work/key/key/key.core/../key.ui/examples/heap/information_flow/UpdateAbstraction_ex7_6_secure.key 
116535     INFO  main            d.u.i.k.p.i.AbstractProblemLoader Loading environment from /home/runner/work/key/key/key.core/../key.ui/examples/heap/information_flow/UpdateAbstraction_ex7_6_secure.key 
116535     DEBUG main            d.u.i.k.p.i.AbstractProblemLoader Environment load took 97.9ns 
116536     INFO  main            d.u.i.k.p.i.AbstractProblemLoader Creating init config 
119280     DEBUG main            d.u.i.k.p.i.AbstractProblemLoader Init config took 2.74s 
119314     INFO  main            d.u.i.k.p.i.AbstractProblemLoader Replaying proof UpdateAbstraction[UpdateAbstraction::ex7_6_secure()].JML operation contract.0 
119315     DEBUG main            d.u.i.k.p.i.IntermediateProofReplayer Proof replay took 7ns 
119617     INFO  main            d.u.i.k.p.r.p.TestFile    ... finished proof: closed. 
119907     INFO  main            d.u.i.k.p.i.AbstractProblemLoader Loading environment from /home/runner/work/key/key/key.core/../key.ui/examples/heap/information_flow/UpdateAbstraction_ex7_6_secure.key.proof 
119907     DEBUG main            d.u.i.k.p.i.AbstractProblemLoader Environment load took 119ns 
119908     INFO  main            d.u.i.k.p.i.AbstractProblemLoader Creating init config 
122589     DEBUG main            d.u.i.k.p.i.AbstractProblemLoader Init config took 2.68s 
122623     INFO  main            d.u.i.k.p.i.AbstractProblemLoader Replaying proof UpdateAbstraction[UpdateAbstraction::ex7_6_secure()].JML operation contract.0 
122671     DEBUG main            d.u.i.k.p.i.IntermediateProofReplayer Proof replay took 45.51ms 
122672     DEBUG main            d.u.i.k.p.r.p.TestFile    ... success: reloaded. 
122673     INFO  main            d.u.i.k.p.r.p.TestFile    Now processing file /home/runner/work/key/key/key.core/../key.ui/examples/heap/information_flow/UpdateAbstraction_ex9_secure.key 
122673     INFO  main            d.u.i.k.p.i.AbstractProblemLoader Loading environment from /home/runner/work/key/key/key.core/../key.ui/examples/heap/information_flow/UpdateAbstraction_ex9_secure.key 
122673     DEBUG main            d.u.i.k.p.i.AbstractProblemLoader Environment load took 86.4ns 
122674     INFO  main            d.u.i.k.p.i.AbstractProblemLoader Creating init config 
125429     DEBUG main            d.u.i.k.p.i.AbstractProblemLoader Init config took 2.75s 
125463     INFO  main            d.u.i.k.p.i.AbstractProblemLoader Replaying proof UpdateAbstraction[UpdateAbstraction::ex9_secure()].JML operation contract.0 
125464     DEBUG main            d.u.i.k.p.i.IntermediateProofReplayer Proof replay took 5.9ns 
126370     INFO  main            d.u.i.k.p.r.p.TestFile    ... finished proof: closed. 
126681     INFO  main            d.u.i.k.p.i.AbstractProblemLoader Loading environment from /home/runner/work/key/key/key.core/../key.ui/examples/heap/information_flow/UpdateAbstraction_ex9_secure.key.proof 
126681     DEBUG main            d.u.i.k.p.i.AbstractProblemLoader Environment load took 133.9ns 
126682     INFO  main            d.u.i.k.p.i.AbstractProblemLoader Creating init config 
129349     DEBUG main            d.u.i.k.p.i.AbstractProblemLoader Init config took 2.67s 
129383     INFO  main            d.u.i.k.p.i.AbstractProblemLoader Replaying proof UpdateAbstraction[UpdateAbstraction::ex9_secure()].JML operation contract.0 
129525     DEBUG main            d.u.i.k.p.i.IntermediateProofReplayer Proof replay took 139.43ms 
129526     DEBUG main            d.u.i.k.p.r.p.TestFile    ... success: reloaded. 
828000     INFO  Test worker     d.u.i.k.p.r.RunAllProofsTestUnit Returning from test javaCard 
828001     INFO  Test worker     d.u.i.k.p.r.RunAllProofsTestUnit Running test list 
311        INFO  Timeout watchdog d.u.i.k.p.r.p.ForkedTestFileRunner Timeout watcher launched (2000 secs.) 
322        WARN  main            d.u.i.k.s.ProofSettings   The settings in /home/runner/.key/proof-settings.props are *not* read. 
347        INFO  main            d.u.i.k.p.r.p.TestFile    Now processing file /home/runner/work/key/key/key.core/../key.ui/examples/heap/list/ArrayList_add.key 
451        INFO  main            d.u.i.k.p.i.AbstractProblemLoader Loading environment from /home/runner/work/key/key/key.core/../key.ui/examples/heap/list/ArrayList_add.key 
474        DEBUG main            d.u.i.k.p.i.AbstractProblemLoader Environment load took 1.8ms 
696        INFO  main            d.u.i.k.p.i.AbstractProblemLoader Creating init config 
1517       DEBUG main            d.u.i.k.j.TypeConverter   No LDT found for Meta 
1517       DEBUG main            d.u.i.k.j.TypeConverter   No LDT found for Meta 
1519       DEBUG main            d.u.i.k.j.TypeConverter   No LDT found for Meta 
1519       DEBUG main            d.u.i.k.j.TypeConverter   No LDT found for Meta 
2825       DEBUG main            d.u.i.k.j.TypeConverter   No LDT found for JavaBigintExpression 
5983       DEBUG main            d.u.i.k.j.r.ClassPreparationMethodBuilder clPrepBuilder: Inner Class detected. Reject building class initialisation methods. 
8709       DEBUG main            d.u.i.k.p.i.AbstractProblemLoader Init config took 8.01s 
8854       INFO  main            d.u.i.k.p.i.AbstractProblemLoader Replaying proof ArrayList[List::add(java.lang.Object)].JML normal_behavior operation contract.0 
8886       DEBUG main            d.u.i.k.p.i.IntermediateProofReplayer Proof replay took 30.6ns 
14365      INFO  main            d.u.i.k.p.r.p.TestFile    ... finished proof: closed. 
14611      INFO  main            d.u.i.k.p.i.AbstractProblemLoader Loading environment from /home/runner/work/key/key/key.core/../key.ui/examples/heap/list/ArrayList_add.key.proof 
14612      DEBUG main            d.u.i.k.p.i.AbstractProblemLoader Environment load took 559.11ns 
14618      INFO  main            d.u.i.k.p.i.AbstractProblemLoader Creating init config 
15803      DEBUG main            d.u.i.k.j.r.ClassPreparationMethodBuilder clPrepBuilder: Inner Class detected. Reject building class initialisation methods. 
18076      DEBUG main            d.u.i.k.p.i.AbstractProblemLoader Init config took 3.46s 
18161      INFO  main            d.u.i.k.p.i.AbstractProblemLoader Replaying proof ArrayList[List::add(java.lang.Object)].JML normal_behavior operation contract.0 
18758      DEBUG main            d.u.i.k.p.i.IntermediateProofReplayer Proof replay took 570.21ms 
18768      DEBUG main            d.u.i.k.p.r.p.TestFile    ... success: reloaded. 
18771      INFO  main            d.u.i.k.p.r.p.TestFile    Now processing file /home/runner/work/key/key/key.core/../key.ui/examples/heap/list/ArrayList_ArrayList.key 
18772      INFO  main            d.u.i.k.p.i.AbstractProblemLoader Loading environment from /home/runner/work/key/key/key.core/../key.ui/examples/heap/list/ArrayList_ArrayList.key 
18772      DEBUG main            d.u.i.k.p.i.AbstractProblemLoader Environment load took 278.61ns 
18775      INFO  main            d.u.i.k.p.i.AbstractProblemLoader Creating init config 
19792      DEBUG main            d.u.i.k.j.r.ClassPreparationMethodBuilder clPrepBuilder: Inner Class detected. Reject building class initialisation methods. 
21948      DEBUG main            d.u.i.k.p.i.AbstractProblemLoader Init config took 3.17s 
22014      INFO  main            d.u.i.k.p.i.AbstractProblemLoader Replaying proof ArrayList[ArrayList::ArrayList()].JML normal_behavior operation contract.0 
22016      DEBUG main            d.u.i.k.p.i.IntermediateProofReplayer Proof replay took 6.4ns 
23423      INFO  main            d.u.i.k.p.r.p.TestFile    ... finished proof: closed. 
23583      INFO  main            d.u.i.k.p.i.AbstractProblemLoader Loading environment from /home/runner/work/key/key/key.core/../key.ui/examples/heap/list/ArrayList_ArrayList.key.proof 
23588      DEBUG main            d.u.i.k.p.i.AbstractProblemLoader Environment load took 5.03ms 
23590      INFO  main            d.u.i.k.p.i.AbstractProblemLoader Creating init config 
24664      DEBUG main            d.u.i.k.j.r.ClassPreparationMethodBuilder clPrepBuilder: Inner Class detected. Reject building class initialisation methods. 
26810      DEBUG main            d.u.i.k.p.i.AbstractProblemLoader Init config took 3.22s 
26869      INFO  main            d.u.i.k.p.i.AbstractProblemLoader Replaying proof ArrayList[ArrayList::ArrayList()].JML normal_behavior operation contract.0 
27040      DEBUG main            d.u.i.k.p.i.IntermediateProofReplayer Proof replay took 160.82ms 
27042      DEBUG main            d.u.i.k.p.r.p.TestFile    ... success: reloaded. 
27043      INFO  main            d.u.i.k.p.r.p.TestFile    Now processing file /home/runner/work/key/key/key.core/../key.ui/examples/heap/list/ArrayList_concatenate.key 
27044      INFO  main            d.u.i.k.p.i.AbstractProblemLoader Loading environment from /home/runner/work/key/key/key.core/../key.ui/examples/heap/list/ArrayList_concatenate.key 
27044      DEBUG main            d.u.i.k.p.i.AbstractProblemLoader Environment load took 227.21ns 
27045      INFO  main            d.u.i.k.p.i.AbstractProblemLoader Creating init config 
28033      DEBUG main            d.u.i.k.j.r.ClassPreparationMethodBuilder clPrepBuilder: Inner Class detected. Reject building class initialisation methods. 
30178      DEBUG main            d.u.i.k.p.i.AbstractProblemLoader Init config took 3.13s 
30235      INFO  main            d.u.i.k.p.i.AbstractProblemLoader Replaying proof ArrayList[List::concatenate(List)].JML normal_behavior operation contract.0 
30237      DEBUG main            d.u.i.k.p.i.IntermediateProofReplayer Proof replay took 6.6ns 
52583      INFO  main            d.u.i.k.p.r.p.TestFile    ... finished proof: closed. 
52839      INFO  main            d.u.i.k.p.i.AbstractProblemLoader Loading environment from /home/runner/work/key/key/key.core/../key.ui/examples/heap/list/ArrayList_concatenate.key.proof 
52840      DEBUG main            d.u.i.k.p.i.AbstractProblemLoader Environment load took 482.31ns 
52847      INFO  main            d.u.i.k.p.i.AbstractProblemLoader Creating init config 
53852      DEBUG main            d.u.i.k.j.r.ClassPreparationMethodBuilder clPrepBuilder: Inner Class detected. Reject building class initialisation methods. 
55903      DEBUG main            d.u.i.k.p.i.AbstractProblemLoader Init config took 3.06s 
55966      INFO  main            d.u.i.k.p.i.AbstractProblemLoader Replaying proof ArrayList[List::concatenate(List)].JML normal_behavior operation contract.0 
57457      DEBUG main            d.u.i.k.p.i.IntermediateProofReplayer Proof replay took 1.42s 
57461      DEBUG main            d.u.i.k.p.r.p.TestFile    ... success: reloaded. 
57463      INFO  main            d.u.i.k.p.r.p.TestFile    Now processing file /home/runner/work/key/key/key.core/../key.ui/examples/heap/list/ArrayList_contains_dep.key 
57463      INFO  main            d.u.i.k.p.i.AbstractProblemLoader Loading environment from /home/runner/work/key/key/key.core/../key.ui/examples/heap/list/ArrayList_contains_dep.key 
57464      DEBUG main            d.u.i.k.p.i.AbstractProblemLoader Environment load took 234.1ns 
57465      INFO  main            d.u.i.k.p.i.AbstractProblemLoader Creating init config 
58478      DEBUG main            d.u.i.k.j.r.ClassPreparationMethodBuilder clPrepBuilder: Inner Class detected. Reject building class initialisation methods. 
60669      DEBUG main            d.u.i.k.p.i.AbstractProblemLoader Init config took 3.2s 
60724      INFO  main            d.u.i.k.p.i.AbstractProblemLoader Replaying proof ArrayList[List::contains(java.lang.Object)].JML accessible clause.0 
60726      DEBUG main            d.u.i.k.p.i.IntermediateProofReplayer Proof replay took 5.7ns 
63266      INFO  main            d.u.i.k.p.r.p.TestFile    ... finished proof: closed. 
63469      INFO  main            d.u.i.k.p.i.AbstractProblemLoader Loading environment from /home/runner/work/key/key/key.core/../key.ui/examples/heap/list/ArrayList_contains_dep.key.proof 
63469      DEBUG main            d.u.i.k.p.i.AbstractProblemLoader Environment load took 482.01ns 
63471      INFO  main            d.u.i.k.p.i.AbstractProblemLoader Creating init config 
64425      DEBUG main            d.u.i.k.j.r.ClassPreparationMethodBuilder clPrepBuilder: Inner Class detected. Reject building class initialisation methods. 
66488      DEBUG main            d.u.i.k.p.i.AbstractProblemLoader Init config took 3.02s 
66539      INFO  main            d.u.i.k.p.i.AbstractProblemLoader Replaying proof ArrayList[List::contains(java.lang.Object)].JML accessible clause.0 
66857      DEBUG main            d.u.i.k.p.i.IntermediateProofReplayer Proof replay took 287.72ms 
66859      DEBUG main            d.u.i.k.p.r.p.TestFile    ... success: reloaded. 
66860      INFO  main            d.u.i.k.p.r.p.TestFile    Now processing file /home/runner/work/key/key/key.core/../key.ui/examples/heap/list/ArrayList_enlarge.key 
66860      INFO  main            d.u.i.k.p.i.AbstractProblemLoader Loading environment from /home/runner/work/key/key/key.core/../key.ui/examples/heap/list/ArrayList_enlarge.key 
66861      DEBUG main            d.u.i.k.p.i.AbstractProblemLoader Environment load took 241.41ns 
66862      INFO  main            d.u.i.k.p.i.AbstractProblemLoader Creating init config 
67883      DEBUG main            d.u.i.k.j.r.ClassPreparationMethodBuilder clPrepBuilder: Inner Class detected. Reject building class initialisation methods. 
69967      DEBUG main            d.u.i.k.p.i.AbstractProblemLoader Init config took 3.11s 
70024      INFO  main            d.u.i.k.p.i.AbstractProblemLoader Replaying proof ArrayList[ArrayList::enlarge()].JML normal_behavior operation contract.0 
70026      DEBUG main            d.u.i.k.p.i.IntermediateProofReplayer Proof replay took 7.4ns 
72234      INFO  main            d.u.i.k.p.r.p.TestFile    ... finished proof: closed. 
72422      INFO  main            d.u.i.k.p.i.AbstractProblemLoader Loading environment from /home/runner/work/key/key/key.core/../key.ui/examples/heap/list/ArrayList_enlarge.key.proof 
72422      DEBUG main            d.u.i.k.p.i.AbstractProblemLoader Environment load took 522.41ns 
72424      INFO  main            d.u.i.k.p.i.AbstractProblemLoader Creating init config 
73366      DEBUG main            d.u.i.k.j.r.ClassPreparationMethodBuilder clPrepBuilder: Inner Class detected. Reject building class initialisation methods. 
75419      DEBUG main            d.u.i.k.p.i.AbstractProblemLoader Init config took 3s 
75481      INFO  main            d.u.i.k.p.i.AbstractProblemLoader Replaying proof ArrayList[ArrayList::enlarge()].JML normal_behavior operation contract.0 
75749      DEBUG main            d.u.i.k.p.i.IntermediateProofReplayer Proof replay took 258.45ms 
75751      DEBUG main            d.u.i.k.p.r.p.TestFile    ... success: reloaded. 
75752      INFO  main            d.u.i.k.p.r.p.TestFile    Now processing file /home/runner/work/key/key/key.core/../key.ui/examples/heap/list/ArrayList_footprint.key 
75753      INFO  main            d.u.i.k.p.i.AbstractProblemLoader Loading environment from /home/runner/work/key/key/key.core/../key.ui/examples/heap/list/ArrayList_footprint.key 
75753      DEBUG main            d.u.i.k.p.i.AbstractProblemLoader Environment load took 229.9ns 
75754      INFO  main            d.u.i.k.p.i.AbstractProblemLoader Creating init config 
76744      DEBUG main            d.u.i.k.j.r.ClassPreparationMethodBuilder clPrepBuilder: Inner Class detected. Reject building class initialisation methods. 
78797      DEBUG main            d.u.i.k.p.i.AbstractProblemLoader Init config took 3.04s 
78840      INFO  main            d.u.i.k.p.i.AbstractProblemLoader Replaying proof List[List::$footprint()].JML accessible clause.0 
78841      DEBUG main            d.u.i.k.p.i.IntermediateProofReplayer Proof replay took 6ns 
78945      INFO  main            d.u.i.k.p.r.p.TestFile    ... finished proof: closed. 
79124      INFO  main            d.u.i.k.p.i.AbstractProblemLoader Loading environment from /home/runner/work/key/key/key.core/../key.ui/examples/heap/list/ArrayList_footprint.key.proof 
79124      DEBUG main            d.u.i.k.p.i.AbstractProblemLoader Environment load took 123.8ns 
79125      INFO  main            d.u.i.k.p.i.AbstractProblemLoader Creating init config 
80079      DEBUG main            d.u.i.k.j.r.ClassPreparationMethodBuilder clPrepBuilder: Inner Class detected. Reject building class initialisation methods. 
82135      DEBUG main            d.u.i.k.p.i.AbstractProblemLoader Init config took 3.01s 
82178      INFO  main            d.u.i.k.p.i.AbstractProblemLoader Replaying proof List[List::$footprint()].JML accessible clause.0 
82180      DEBUG main            d.u.i.k.p.i.IntermediateProofReplayer Proof replay took 910.22ns 
82181      DEBUG main            d.u.i.k.p.r.p.TestFile    ... success: reloaded. 
82183      INFO  main            d.u.i.k.p.r.p.TestFile    Now processing file /home/runner/work/key/key/key.core/../key.ui/examples/heap/list/ArrayList_get_dep.key 
82183      INFO  main            d.u.i.k.p.i.AbstractProblemLoader Loading environment from /home/runner/work/key/key/key.core/../key.ui/examples/heap/list/ArrayList_get_dep.key 
82183      DEBUG main            d.u.i.k.p.i.AbstractProblemLoader Environment load took 223.5ns 
82184      INFO  main            d.u.i.k.p.i.AbstractProblemLoader Creating init config 
83137      DEBUG main            d.u.i.k.j.r.ClassPreparationMethodBuilder clPrepBuilder: Inner Class detected. Reject building class initialisation methods. 
85183      DEBUG main            d.u.i.k.p.i.AbstractProblemLoader Init config took 3s 
85229      INFO  main            d.u.i.k.p.i.AbstractProblemLoader Replaying proof ArrayList[List::get(int)].JML accessible clause.0 
85231      DEBUG main            d.u.i.k.p.i.IntermediateProofReplayer Proof replay took 6.3ns 
85638      INFO  main            d.u.i.k.p.r.p.TestFile    ... finished proof: closed. 
85922      INFO  main            d.u.i.k.p.i.AbstractProblemLoader Loading environment from /home/runner/work/key/key/key.core/../key.ui/examples/heap/list/ArrayList_get_dep.key.proof 
85923      DEBUG main            d.u.i.k.p.i.AbstractProblemLoader Environment load took 667.41ns 
85924      INFO  main            d.u.i.k.p.i.AbstractProblemLoader Creating init config 
86872      DEBUG main            d.u.i.k.j.r.ClassPreparationMethodBuilder clPrepBuilder: Inner Class detected. Reject building class initialisation methods. 
88901      DEBUG main            d.u.i.k.p.i.AbstractProblemLoader Init config took 2.98s 
88946      INFO  main            d.u.i.k.p.i.AbstractProblemLoader Replaying proof ArrayList[List::get(int)].JML accessible clause.0 
89001      DEBUG main            d.u.i.k.p.i.IntermediateProofReplayer Proof replay took 51.45ms 
89002      DEBUG main            d.u.i.k.p.r.p.TestFile    ... success: reloaded. 
89003      INFO  main            d.u.i.k.p.r.p.TestFile    Now processing file /home/runner/work/key/key/key.core/../key.ui/examples/heap/list/ArrayList_get_exceptional.key 
89004      INFO  main            d.u.i.k.p.i.AbstractProblemLoader Loading environment from /home/runner/work/key/key/key.core/../key.ui/examples/heap/list/ArrayList_get_exceptional.key 
89004      DEBUG main            d.u.i.k.p.i.AbstractProblemLoader Environment load took 186.9ns 
89005      INFO  main            d.u.i.k.p.i.AbstractProblemLoader Creating init config 
89978      DEBUG main            d.u.i.k.j.r.ClassPreparationMethodBuilder clPrepBuilder: Inner Class detected. Reject building class initialisation methods. 
92026      DEBUG main            d.u.i.k.p.i.AbstractProblemLoader Init config took 3.02s 
92072      INFO  main            d.u.i.k.p.i.AbstractProblemLoader Replaying proof ArrayList[List::get(int)].JML exceptional_behavior operation contract.0 
92074      DEBUG main            d.u.i.k.p.i.IntermediateProofReplayer Proof replay took 5.9ns 
93181      INFO  main            d.u.i.k.p.r.p.TestFile    ... finished proof: closed. 
93400      INFO  main            d.u.i.k.p.i.AbstractProblemLoader Loading environment from /home/runner/work/key/key/key.core/../key.ui/examples/heap/list/ArrayList_get_exceptional.key.proof 
93401      DEBUG main            d.u.i.k.p.i.AbstractProblemLoader Environment load took 135.4ns 
93402      INFO  main            d.u.i.k.p.i.AbstractProblemLoader Creating init config 
94342      DEBUG main            d.u.i.k.j.r.ClassPreparationMethodBuilder clPrepBuilder: Inner Class detected. Reject building class initialisation methods. 
96375      DEBUG main            d.u.i.k.p.i.AbstractProblemLoader Init config took 2.97s 
96420      INFO  main            d.u.i.k.p.i.AbstractProblemLoader Replaying proof ArrayList[List::get(int)].JML exceptional_behavior operation contract.0 
96567      DEBUG main            d.u.i.k.p.i.IntermediateProofReplayer Proof replay took 139.15ms 
96568      DEBUG main            d.u.i.k.p.r.p.TestFile    ... success: reloaded. 
96569      INFO  main            d.u.i.k.p.r.p.TestFile    Now processing file /home/runner/work/key/key/key.core/../key.ui/examples/heap/list/ArrayList_get_normal.key 
96570      INFO  main            d.u.i.k.p.i.AbstractProblemLoader Loading environment from /home/runner/work/key/key/key.core/../key.ui/examples/heap/list/ArrayList_get_normal.key 
96570      DEBUG main            d.u.i.k.p.i.AbstractProblemLoader Environment load took 249.21ns 
96571      INFO  main            d.u.i.k.p.i.AbstractProblemLoader Creating init config 
97545      DEBUG main            d.u.i.k.j.r.ClassPreparationMethodBuilder clPrepBuilder: Inner Class detected. Reject building class initialisation methods. 
99573      DEBUG main            d.u.i.k.p.i.AbstractProblemLoader Init config took 3s 
99618      INFO  main            d.u.i.k.p.i.AbstractProblemLoader Replaying proof ArrayList[List::get(int)].JML normal_behavior operation contract.0 
99620      DEBUG main            d.u.i.k.p.i.IntermediateProofReplayer Proof replay took 6.6ns 
100024     INFO  main            d.u.i.k.p.r.p.TestFile    ... finished proof: closed. 
100238     INFO  main            d.u.i.k.p.i.AbstractProblemLoader Loading environment from /home/runner/work/key/key/key.core/../key.ui/examples/heap/list/ArrayList_get_normal.key.proof 
100238     DEBUG main            d.u.i.k.p.i.AbstractProblemLoader Environment load took 125.1ns 
100239     INFO  main            d.u.i.k.p.i.AbstractProblemLoader Creating init config 
101174     DEBUG main            d.u.i.k.j.r.ClassPreparationMethodBuilder clPrepBuilder: Inner Class detected. Reject building class initialisation methods. 
103194     DEBUG main            d.u.i.k.p.i.AbstractProblemLoader Init config took 2.95s 
103240     INFO  main            d.u.i.k.p.i.AbstractProblemLoader Replaying proof ArrayList[List::get(int)].JML normal_behavior operation contract.0 
103293     DEBUG main            d.u.i.k.p.i.IntermediateProofReplayer Proof replay took 49.44ms 
103294     DEBUG main            d.u.i.k.p.r.p.TestFile    ... success: reloaded. 
103295     INFO  main            d.u.i.k.p.r.p.TestFile    Now processing file /home/runner/work/key/key/key.core/../key.ui/examples/heap/list/ArrayList_inv.key 
103295     INFO  main            d.u.i.k.p.i.AbstractProblemLoader Loading environment from /home/runner/work/key/key/key.core/../key.ui/examples/heap/list/ArrayList_inv.key 
103295     DEBUG main            d.u.i.k.p.i.AbstractProblemLoader Environment load took 102ns 
103296     INFO  main            d.u.i.k.p.i.AbstractProblemLoader Creating init config 
104265     DEBUG main            d.u.i.k.j.r.ClassPreparationMethodBuilder clPrepBuilder: Inner Class detected. Reject building class initialisation methods. 
106337     DEBUG main            d.u.i.k.p.i.AbstractProblemLoader Init config took 3.04s 
106383     INFO  main            d.u.i.k.p.i.AbstractProblemLoader Replaying proof ArrayList[java.lang.Object::<inv>()].JML accessible clause.0 
106384     DEBUG main            d.u.i.k.p.i.IntermediateProofReplayer Proof replay took 6.5ns 
106790     INFO  main            d.u.i.k.p.r.p.TestFile    ... finished proof: closed. 
106992     INFO  main            d.u.i.k.p.i.AbstractProblemLoader Loading environment from /home/runner/work/key/key/key.core/../key.ui/examples/heap/list/ArrayList_inv.key.proof 
106992     DEBUG main            d.u.i.k.p.i.AbstractProblemLoader Environment load took 164.3ns 
106994     INFO  main            d.u.i.k.p.i.AbstractProblemLoader Creating init config 
107933     DEBUG main            d.u.i.k.j.r.ClassPreparationMethodBuilder clPrepBuilder: Inner Class detected. Reject building class initialisation methods. 
109924     DEBUG main            d.u.i.k.p.i.AbstractProblemLoader Init config took 2.93s 
109968     INFO  main            d.u.i.k.p.i.AbstractProblemLoader Replaying proof ArrayList[java.lang.Object::<inv>()].JML accessible clause.0 
110002     DEBUG main            d.u.i.k.p.i.IntermediateProofReplayer Proof replay took 30.92ms 
110003     DEBUG main            d.u.i.k.p.r.p.TestFile    ... success: reloaded. 
110005     INFO  main            d.u.i.k.p.r.p.TestFile    Now processing file /home/runner/work/key/key/key.core/../key.ui/examples/heap/list/ArrayList_iterator.key 
110005     INFO  main            d.u.i.k.p.i.AbstractProblemLoader Loading environment from /home/runner/work/key/key/key.core/../key.ui/examples/heap/list/ArrayList_iterator.key 
110005     DEBUG main            d.u.i.k.p.i.AbstractProblemLoader Environment load took 104.5ns 
110006     INFO  main            d.u.i.k.p.i.AbstractProblemLoader Creating init config 
111001     DEBUG main            d.u.i.k.j.r.ClassPreparationMethodBuilder clPrepBuilder: Inner Class detected. Reject building class initialisation methods. 
113044     DEBUG main            d.u.i.k.p.i.AbstractProblemLoader Init config took 3.04s 
113088     INFO  main            d.u.i.k.p.i.AbstractProblemLoader Replaying proof ArrayList[List::iterator()].JML normal_behavior operation contract.0 
113090     DEBUG main            d.u.i.k.p.i.IntermediateProofReplayer Proof replay took 6.7ns 
113593     INFO  main            d.u.i.k.p.r.p.TestFile    ... finished proof: closed. 
113817     INFO  main            d.u.i.k.p.i.AbstractProblemLoader Loading environment from /home/runner/work/key/key/key.core/../key.ui/examples/heap/list/ArrayList_iterator.key.proof 
113817     DEBUG main            d.u.i.k.p.i.AbstractProblemLoader Environment load took 501.31ns 
113819     INFO  main            d.u.i.k.p.i.AbstractProblemLoader Creating init config 
114765     DEBUG main            d.u.i.k.j.r.ClassPreparationMethodBuilder clPrepBuilder: Inner Class detected. Reject building class initialisation methods. 
116808     DEBUG main            d.u.i.k.p.i.AbstractProblemLoader Init config took 2.99s 
116853     INFO  main            d.u.i.k.p.i.AbstractProblemLoader Replaying proof ArrayList[List::iterator()].JML normal_behavior operation contract.0 
116915     DEBUG main            d.u.i.k.p.i.IntermediateProofReplayer Proof replay took 58.05ms 
116916     DEBUG main            d.u.i.k.p.r.p.TestFile    ... success: reloaded. 
116917     INFO  main            d.u.i.k.p.r.p.TestFile    Now processing file /home/runner/work/key/key/key.core/../key.ui/examples/heap/list/ArrayList_size_dep.key 
116918     INFO  main            d.u.i.k.p.i.AbstractProblemLoader Loading environment from /home/runner/work/key/key/key.core/../key.ui/examples/heap/list/ArrayList_size_dep.key 
116918     DEBUG main            d.u.i.k.p.i.AbstractProblemLoader Environment load took 107.6ns 
116919     INFO  main            d.u.i.k.p.i.AbstractProblemLoader Creating init config 
117898     DEBUG main            d.u.i.k.j.r.ClassPreparationMethodBuilder clPrepBuilder: Inner Class detected. Reject building class initialisation methods. 
119911     DEBUG main            d.u.i.k.p.i.AbstractProblemLoader Init config took 2.99s 
119954     INFO  main            d.u.i.k.p.i.AbstractProblemLoader Replaying proof ArrayList[List::size()].JML accessible clause.0 
119955     DEBUG main            d.u.i.k.p.i.IntermediateProofReplayer Proof replay took 6.1ns 
120158     INFO  main            d.u.i.k.p.r.p.TestFile    ... finished proof: closed. 
120389     INFO  main            d.u.i.k.p.i.AbstractProblemLoader Loading environment from /home/runner/work/key/key/key.core/../key.ui/examples/heap/list/ArrayList_size_dep.key.proof 
120390     DEBUG main            d.u.i.k.p.i.AbstractProblemLoader Environment load took 126ns 
120391     INFO  main            d.u.i.k.p.i.AbstractProblemLoader Creating init config 
121327     DEBUG main            d.u.i.k.j.r.ClassPreparationMethodBuilder clPrepBuilder: Inner Class detected. Reject building class initialisation methods. 
123304     DEBUG main            d.u.i.k.p.i.AbstractProblemLoader Init config took 2.91s 
123348     INFO  main            d.u.i.k.p.i.AbstractProblemLoader Replaying proof ArrayList[List::size()].JML accessible clause.0 
123367     DEBUG main            d.u.i.k.p.i.IntermediateProofReplayer Proof replay took 15.89ms 
123368     DEBUG main            d.u.i.k.p.r.p.TestFile    ... success: reloaded. 
123369     INFO  main            d.u.i.k.p.r.p.TestFile    Now processing file /home/runner/work/key/key/key.core/../key.ui/examples/heap/list/ArrayList_size.key 
123370     INFO  main            d.u.i.k.p.i.AbstractProblemLoader Loading environment from /home/runner/work/key/key/key.core/../key.ui/examples/heap/list/ArrayList_size.key 
123370     DEBUG main            d.u.i.k.p.i.AbstractProblemLoader Environment load took 242.41ns 
123371     INFO  main            d.u.i.k.p.i.AbstractProblemLoader Creating init config 
124361     DEBUG main            d.u.i.k.j.r.ClassPreparationMethodBuilder clPrepBuilder: Inner Class detected. Reject building class initialisation methods. 
126455     DEBUG main            d.u.i.k.p.i.AbstractProblemLoader Init config took 3.08s 
126499     INFO  main            d.u.i.k.p.i.AbstractProblemLoader Replaying proof ArrayList[List::size()].JML normal_behavior operation contract.0 
126500     DEBUG main            d.u.i.k.p.i.IntermediateProofReplayer Proof replay took 5.9ns 
126702     INFO  main            d.u.i.k.p.r.p.TestFile    ... finished proof: closed. 
126934     INFO  main            d.u.i.k.p.i.AbstractProblemLoader Loading environment from /home/runner/work/key/key/key.core/../key.ui/examples/heap/list/ArrayList_size.key.proof 
126934     DEBUG main            d.u.i.k.p.i.AbstractProblemLoader Environment load took 121.8ns 
126935     INFO  main            d.u.i.k.p.i.AbstractProblemLoader Creating init config 
127887     DEBUG main            d.u.i.k.j.r.ClassPreparationMethodBuilder clPrepBuilder: Inner Class detected. Reject building class initialisation methods. 
129870     DEBUG main            d.u.i.k.p.i.AbstractProblemLoader Init config took 2.93s 
129923     INFO  main            d.u.i.k.p.i.AbstractProblemLoader Replaying proof ArrayList[List::size()].JML normal_behavior operation contract.0 
129951     DEBUG main            d.u.i.k.p.i.IntermediateProofReplayer Proof replay took 25.86ms 
129952     DEBUG main            d.u.i.k.p.r.p.TestFile    ... success: reloaded. 
129953     INFO  main            d.u.i.k.p.r.p.TestFile    Now processing file /home/runner/work/key/key/key.core/../key.ui/examples/heap/list/ArrayList.ArrayListIterator_ArrayListIterator.key 
129953     INFO  main            d.u.i.k.p.i.AbstractProblemLoader Loading environment from /home/runner/work/key/key/key.core/../key.ui/examples/heap/list/ArrayList.ArrayListIterator_ArrayListIterator.key 
129953     DEBUG main            d.u.i.k.p.i.AbstractProblemLoader Environment load took 82.7ns 
129954     INFO  main            d.u.i.k.p.i.AbstractProblemLoader Creating init config 
130933     DEBUG main            d.u.i.k.j.r.ClassPreparationMethodBuilder clPrepBuilder: Inner Class detected. Reject building class initialisation methods. 
132945     DEBUG main            d.u.i.k.p.i.AbstractProblemLoader Init config took 2.99s 
132999     INFO  main            d.u.i.k.p.i.AbstractProblemLoader Replaying proof ArrayList.ArrayListIterator[ArrayList.ArrayListIterator::ArrayListIterator(ArrayList)].JML normal_behavior operation contract.0 
133001     DEBUG main            d.u.i.k.p.i.IntermediateProofReplayer Proof replay took 5.4ns 
133607     INFO  main            d.u.i.k.p.r.p.TestFile    ... finished proof: closed. 
133865     INFO  main            d.u.i.k.p.i.AbstractProblemLoader Loading environment from /home/runner/work/key/key/key.core/../key.ui/examples/heap/list/ArrayList.ArrayListIterator_ArrayListIterator.key.proof 
133865     DEBUG main            d.u.i.k.p.i.AbstractProblemLoader Environment load took 130.8ns 
133866     INFO  main            d.u.i.k.p.i.AbstractProblemLoader Creating init config 
134795     DEBUG main            d.u.i.k.j.r.ClassPreparationMethodBuilder clPrepBuilder: Inner Class detected. Reject building class initialisation methods. 
136808     DEBUG main            d.u.i.k.p.i.AbstractProblemLoader Init config took 2.94s 
136862     INFO  main            d.u.i.k.p.i.AbstractProblemLoader Replaying proof ArrayList.ArrayListIterator[ArrayList.ArrayListIterator::ArrayListIterator(ArrayList)].JML normal_behavior operation contract.0 
136956     DEBUG main            d.u.i.k.p.i.IntermediateProofReplayer Proof replay took 89.69ms 
136958     DEBUG main            d.u.i.k.p.r.p.TestFile    ... success: reloaded. 
136959     INFO  main            d.u.i.k.p.r.p.TestFile    Now processing file /home/runner/work/key/key/key.core/../key.ui/examples/heap/list/ArrayList.ArrayListIterator_hasNext_dep.key 
136959     INFO  main            d.u.i.k.p.i.AbstractProblemLoader Loading environment from /home/runner/work/key/key/key.core/../key.ui/examples/heap/list/ArrayList.ArrayListIterator_hasNext_dep.key 
136960     DEBUG main            d.u.i.k.p.i.AbstractProblemLoader Environment load took 240ns 
136961     INFO  main            d.u.i.k.p.i.AbstractProblemLoader Creating init config 
137905     DEBUG main            d.u.i.k.j.r.ClassPreparationMethodBuilder clPrepBuilder: Inner Class detected. Reject building class initialisation methods. 
139893     DEBUG main            d.u.i.k.p.i.AbstractProblemLoader Init config took 2.93s 
139972     INFO  main            d.u.i.k.p.i.AbstractProblemLoader Replaying proof ArrayList.ArrayListIterator[ListIterator::hasNext()].JML accessible clause.0 
139975     DEBUG main            d.u.i.k.p.i.IntermediateProofReplayer Proof replay took 5.8ns 
140277     INFO  main            d.u.i.k.p.r.p.TestFile    ... finished proof: closed. 
140523     INFO  main            d.u.i.k.p.i.AbstractProblemLoader Loading environment from /home/runner/work/key/key/key.core/../key.ui/examples/heap/list/ArrayList.ArrayListIterator_hasNext_dep.key.proof 
140523     DEBUG main            d.u.i.k.p.i.AbstractProblemLoader Environment load took 149.7ns 
140524     INFO  main            d.u.i.k.p.i.AbstractProblemLoader Creating init config 
141468     DEBUG main            d.u.i.k.j.r.ClassPreparationMethodBuilder clPrepBuilder: Inner Class detected. Reject building class initialisation methods. 
143446     DEBUG main            d.u.i.k.p.i.AbstractProblemLoader Init config took 2.92s 
143497     INFO  main            d.u.i.k.p.i.AbstractProblemLoader Replaying proof ArrayList.ArrayListIterator[ListIterator::hasNext()].JML accessible clause.0 
143532     DEBUG main            d.u.i.k.p.i.IntermediateProofReplayer Proof replay took 32.82ms 
143533     DEBUG main            d.u.i.k.p.r.p.TestFile    ... success: reloaded. 
143534     INFO  main            d.u.i.k.p.r.p.TestFile    Now processing file /home/runner/work/key/key/key.core/../key.ui/examples/heap/list/ArrayList.ArrayListIterator_hasNext.key 
143534     INFO  main            d.u.i.k.p.i.AbstractProblemLoader Loading environment from /home/runner/work/key/key/key.core/../key.ui/examples/heap/list/ArrayList.ArrayListIterator_hasNext.key 
143534     DEBUG main            d.u.i.k.p.i.AbstractProblemLoader Environment load took 114.9ns 
143535     INFO  main            d.u.i.k.p.i.AbstractProblemLoader Creating init config 
144500     DEBUG main            d.u.i.k.j.r.ClassPreparationMethodBuilder clPrepBuilder: Inner Class detected. Reject building class initialisation methods. 
146539     DEBUG main            d.u.i.k.p.i.AbstractProblemLoader Init config took 3s 
146590     INFO  main            d.u.i.k.p.i.AbstractProblemLoader Replaying proof ArrayList.ArrayListIterator[ListIterator::hasNext()].JML normal_behavior operation contract.0 
146592     DEBUG main            d.u.i.k.p.i.IntermediateProofReplayer Proof replay took 6.2ns 
146994     INFO  main            d.u.i.k.p.r.p.TestFile    ... finished proof: closed. 
147230     INFO  main            d.u.i.k.p.i.AbstractProblemLoader Loading environment from /home/runner/work/key/key/key.core/../key.ui/examples/heap/list/ArrayList.ArrayListIterator_hasNext.key.proof 
147230     DEBUG main            d.u.i.k.p.i.AbstractProblemLoader Environment load took 116.1ns 
147232     INFO  main            d.u.i.k.p.i.AbstractProblemLoader Creating init config 
148178     DEBUG main            d.u.i.k.j.r.ClassPreparationMethodBuilder clPrepBuilder: Inner Class detected. Reject building class initialisation methods. 
150181     DEBUG main            d.u.i.k.p.i.AbstractProblemLoader Init config took 2.95s 
150230     INFO  main            d.u.i.k.p.i.AbstractProblemLoader Replaying proof ArrayList.ArrayListIterator[ListIterator::hasNext()].JML normal_behavior operation contract.0 
150267     DEBUG main            d.u.i.k.p.i.IntermediateProofReplayer Proof replay took 34.31ms 
150268     DEBUG main            d.u.i.k.p.r.p.TestFile    ... success: reloaded. 
150271     INFO  main            d.u.i.k.p.r.p.TestFile    Now processing file /home/runner/work/key/key/key.core/../key.ui/examples/heap/list/ArrayList.ArrayListIterator_inv.key 
150272     INFO  main            d.u.i.k.p.i.AbstractProblemLoader Loading environment from /home/runner/work/key/key/key.core/../key.ui/examples/heap/list/ArrayList.ArrayListIterator_inv.key 
150272     DEBUG main            d.u.i.k.p.i.AbstractProblemLoader Environment load took 126.3ns 
150273     INFO  main            d.u.i.k.p.i.AbstractProblemLoader Creating init config 
151214     DEBUG main            d.u.i.k.j.r.ClassPreparationMethodBuilder clPrepBuilder: Inner Class detected. Reject building class initialisation methods. 
153229     DEBUG main            d.u.i.k.p.i.AbstractProblemLoader Init config took 2.96s 
153278     INFO  main            d.u.i.k.p.i.AbstractProblemLoader Replaying proof ArrayList.ArrayListIterator[java.lang.Object::<inv>()].JML accessible clause.0 
153280     DEBUG main            d.u.i.k.p.i.IntermediateProofReplayer Proof replay took 5.6ns 
154284     INFO  main            d.u.i.k.p.r.p.TestFile    ... finished proof: closed. 
154550     INFO  main            d.u.i.k.p.i.AbstractProblemLoader Loading environment from /home/runner/work/key/key/key.core/../key.ui/examples/heap/list/ArrayList.ArrayListIterator_inv.key.proof 
154551     DEBUG main            d.u.i.k.p.i.AbstractProblemLoader Environment load took 466.41ns 
154552     INFO  main            d.u.i.k.p.i.AbstractProblemLoader Creating init config 
155482     DEBUG main            d.u.i.k.j.r.ClassPreparationMethodBuilder clPrepBuilder: Inner Class detected. Reject building class initialisation methods. 
157451     DEBUG main            d.u.i.k.p.i.AbstractProblemLoader Init config took 2.9s 
157500     INFO  main            d.u.i.k.p.i.AbstractProblemLoader Replaying proof ArrayList.ArrayListIterator[java.lang.Object::<inv>()].JML accessible clause.0 
157573     DEBUG main            d.u.i.k.p.i.IntermediateProofReplayer Proof replay took 66.75ms 
157574     DEBUG main            d.u.i.k.p.r.p.TestFile    ... success: reloaded. 
157575     INFO  main            d.u.i.k.p.r.p.TestFile    Now processing file /home/runner/work/key/key/key.core/../key.ui/examples/heap/list/ArrayList.ArrayListIterator_list.key 
157576     INFO  main            d.u.i.k.p.i.AbstractProblemLoader Loading environment from /home/runner/work/key/key/key.core/../key.ui/examples/heap/list/ArrayList.ArrayListIterator_list.key 
157576     DEBUG main            d.u.i.k.p.i.AbstractProblemLoader Environment load took 234.5ns 
157577     INFO  main            d.u.i.k.p.i.AbstractProblemLoader Creating init config 
158534     DEBUG main            d.u.i.k.j.r.ClassPreparationMethodBuilder clPrepBuilder: Inner Class detected. Reject building class initialisation methods. 
160562     DEBUG main            d.u.i.k.p.i.AbstractProblemLoader Init config took 2.99s 
160603     INFO  main            d.u.i.k.p.i.AbstractProblemLoader Replaying proof ListIterator[ListIterator::$list()].JML accessible clause.0 
160605     DEBUG main            d.u.i.k.p.i.IntermediateProofReplayer Proof replay took 6.6ns 
160706     INFO  main            d.u.i.k.p.r.p.TestFile    ... finished proof: closed. 
160957     INFO  main            d.u.i.k.p.i.AbstractProblemLoader Loading environment from /home/runner/work/key/key/key.core/../key.ui/examples/heap/list/ArrayList.ArrayListIterator_list.key.proof 
160957     DEBUG main            d.u.i.k.p.i.AbstractProblemLoader Environment load took 119.2ns 
160958     INFO  main            d.u.i.k.p.i.AbstractProblemLoader Creating init config 
161885     DEBUG main            d.u.i.k.j.r.ClassPreparationMethodBuilder clPrepBuilder: Inner Class detected. Reject building class initialisation methods. 
163851     DEBUG main            d.u.i.k.p.i.AbstractProblemLoader Init config took 2.89s 
163888     INFO  main            d.u.i.k.p.i.AbstractProblemLoader Replaying proof ListIterator[ListIterator::$list()].JML accessible clause.0 
163890     DEBUG main            d.u.i.k.p.i.IntermediateProofReplayer Proof replay took 785.82ns 
163891     DEBUG main            d.u.i.k.p.r.p.TestFile    ... success: reloaded. 
163892     INFO  main            d.u.i.k.p.r.p.TestFile    Now processing file /home/runner/work/key/key/key.core/../key.ui/examples/heap/list/ArrayList.ArrayListIterator_next_exceptional.key 
163892     INFO  main            d.u.i.k.p.i.AbstractProblemLoader Loading environment from /home/runner/work/key/key/key.core/../key.ui/examples/heap/list/ArrayList.ArrayListIterator_next_exceptional.key 
163892     DEBUG main            d.u.i.k.p.i.AbstractProblemLoader Environment load took 130.9ns 
163893     INFO  main            d.u.i.k.p.i.AbstractProblemLoader Creating init config 
164885     DEBUG main            d.u.i.k.j.r.ClassPreparationMethodBuilder clPrepBuilder: Inner Class detected. Reject building class initialisation methods. 
166894     DEBUG main            d.u.i.k.p.i.AbstractProblemLoader Init config took 3s 
166945     INFO  main            d.u.i.k.p.i.AbstractProblemLoader Replaying proof ArrayList.ArrayListIterator[ListIterator::next()].JML exceptional_behavior operation contract.0 
166946     DEBUG main            d.u.i.k.p.i.IntermediateProofReplayer Proof replay took 5.9ns 
167750     INFO  main            d.u.i.k.p.r.p.TestFile    ... finished proof: closed. 
168044     INFO  main            d.u.i.k.p.i.AbstractProblemLoader Loading environment from /home/runner/work/key/key/key.core/../key.ui/examples/heap/list/ArrayList.ArrayListIterator_next_exceptional.key.proof 
168044     DEBUG main            d.u.i.k.p.i.AbstractProblemLoader Environment load took 119.1ns 
168046     INFO  main            d.u.i.k.p.i.AbstractProblemLoader Creating init config 
168975     DEBUG main            d.u.i.k.j.r.ClassPreparationMethodBuilder clPrepBuilder: Inner Class detected. Reject building class initialisation methods. 
170963     DEBUG main            d.u.i.k.p.i.AbstractProblemLoader Init config took 2.92s 
171013     INFO  main            d.u.i.k.p.i.AbstractProblemLoader Replaying proof ArrayList.ArrayListIterator[ListIterator::next()].JML exceptional_behavior operation contract.0 
171108     DEBUG main            d.u.i.k.p.i.IntermediateProofReplayer Proof replay took 89.41ms 
171109     DEBUG main            d.u.i.k.p.r.p.TestFile    ... success: reloaded. 
171110     INFO  main            d.u.i.k.p.r.p.TestFile    Now processing file /home/runner/work/key/key/key.core/../key.ui/examples/heap/list/ArrayList.ArrayListIterator_next_normal.key 
171110     INFO  main            d.u.i.k.p.i.AbstractProblemLoader Loading environment from /home/runner/work/key/key/key.core/../key.ui/examples/heap/list/ArrayList.ArrayListIterator_next_normal.key 
171111     DEBUG main            d.u.i.k.p.i.AbstractProblemLoader Environment load took 209.1ns 
171112     INFO  main            d.u.i.k.p.i.AbstractProblemLoader Creating init config 
172071     DEBUG main            d.u.i.k.j.r.ClassPreparationMethodBuilder clPrepBuilder: Inner Class detected. Reject building class initialisation methods. 
174085     DEBUG main            d.u.i.k.p.i.AbstractProblemLoader Init config took 2.97s 
174136     INFO  main            d.u.i.k.p.i.AbstractProblemLoader Replaying proof ArrayList.ArrayListIterator[ListIterator::next()].JML normal_behavior operation contract.0 
174138     DEBUG main            d.u.i.k.p.i.IntermediateProofReplayer Proof replay took 5.9ns 
174942     INFO  main            d.u.i.k.p.r.p.TestFile    ... finished proof: closed. 
175242     INFO  main            d.u.i.k.p.i.AbstractProblemLoader Loading environment from /home/runner/work/key/key/key.core/../key.ui/examples/heap/list/ArrayList.ArrayListIterator_next_normal.key.proof 
175242     DEBUG main            d.u.i.k.p.i.AbstractProblemLoader Environment load took 114.4ns 
175243     INFO  main            d.u.i.k.p.i.AbstractProblemLoader Creating init config 
176180     DEBUG main            d.u.i.k.j.r.ClassPreparationMethodBuilder clPrepBuilder: Inner Class detected. Reject building class initialisation methods. 
178132     DEBUG main            d.u.i.k.p.i.AbstractProblemLoader Init config took 2.89s 
178181     INFO  main            d.u.i.k.p.i.AbstractProblemLoader Replaying proof ArrayList.ArrayListIterator[ListIterator::next()].JML normal_behavior operation contract.0 
178278     DEBUG main            d.u.i.k.p.i.IntermediateProofReplayer Proof replay took 92.48ms 
178280     DEBUG main            d.u.i.k.p.r.p.TestFile    ... success: reloaded. 
178280     INFO  main            d.u.i.k.p.r.p.TestFile    Now processing file /home/runner/work/key/key/key.core/../key.ui/examples/heap/list/ArrayList.ArrayListIterator_pos.key 
178281     INFO  main            d.u.i.k.p.i.AbstractProblemLoader Loading environment from /home/runner/work/key/key/key.core/../key.ui/examples/heap/list/ArrayList.ArrayListIterator_pos.key 
178281     DEBUG main            d.u.i.k.p.i.AbstractProblemLoader Environment load took 59.7ns 
178282     INFO  main            d.u.i.k.p.i.AbstractProblemLoader Creating init config 
179240     DEBUG main            d.u.i.k.j.r.ClassPreparationMethodBuilder clPrepBuilder: Inner Class detected. Reject building class initialisation methods. 
181238     DEBUG main            d.u.i.k.p.i.AbstractProblemLoader Init config took 2.96s 
181276     INFO  main            d.u.i.k.p.i.AbstractProblemLoader Replaying proof ListIterator[ListIterator::$pos()].JML accessible clause.0 
181277     DEBUG main            d.u.i.k.p.i.IntermediateProofReplayer Proof replay took 5.7ns 
181380     INFO  main            d.u.i.k.p.r.p.TestFile    ... finished proof: closed. 
181648     INFO  main            d.u.i.k.p.i.AbstractProblemLoader Loading environment from /home/runner/work/key/key/key.core/../key.ui/examples/heap/list/ArrayList.ArrayListIterator_pos.key.proof 
181648     DEBUG main            d.u.i.k.p.i.AbstractProblemLoader Environment load took 115.7ns 
181649     INFO  main            d.u.i.k.p.i.AbstractProblemLoader Creating init config 
182578     DEBUG main            d.u.i.k.j.r.ClassPreparationMethodBuilder clPrepBuilder: Inner Class detected. Reject building class initialisation methods. 
184529     DEBUG main            d.u.i.k.p.i.AbstractProblemLoader Init config took 2.88s 
184569     INFO  main            d.u.i.k.p.i.AbstractProblemLoader Replaying proof ListIterator[ListIterator::$pos()].JML accessible clause.0 
184572     DEBUG main            d.u.i.k.p.i.IntermediateProofReplayer Proof replay took 804.72ns 
184576     DEBUG main            d.u.i.k.p.r.p.TestFile    ... success: reloaded. 
184577     INFO  main            d.u.i.k.p.r.p.TestFile    Now processing file /home/runner/work/key/key/key.core/../key.ui/examples/heap/list/Client_m.key 
184578     INFO  main            d.u.i.k.p.i.AbstractProblemLoader Loading environment from /home/runner/work/key/key/key.core/../key.ui/examples/heap/list/Client_m.key 
184580     DEBUG main            d.u.i.k.p.i.AbstractProblemLoader Environment load took 2.31ms 
184581     INFO  main            d.u.i.k.p.i.AbstractProblemLoader Creating init config 
185546     DEBUG main            d.u.i.k.j.r.ClassPreparationMethodBuilder clPrepBuilder: Inner Class detected. Reject building class initialisation methods. 
187554     DEBUG main            d.u.i.k.p.i.AbstractProblemLoader Init config took 2.97s 
187592     INFO  main            d.u.i.k.p.i.AbstractProblemLoader Replaying proof Client[Client::m(List)].JML normal_behavior operation contract.0 
187593     DEBUG main            d.u.i.k.p.i.IntermediateProofReplayer Proof replay took 5.8ns 
187896     INFO  main            d.u.i.k.p.r.p.TestFile    ... finished proof: closed. 
188183     INFO  main            d.u.i.k.p.i.AbstractProblemLoader Loading environment from /home/runner/work/key/key/key.core/../key.ui/examples/heap/list/Client_m.key.proof 
188183     DEBUG main            d.u.i.k.p.i.AbstractProblemLoader Environment load took 122.1ns 
188184     INFO  main            d.u.i.k.p.i.AbstractProblemLoader Creating init config 
189127     DEBUG main            d.u.i.k.j.r.ClassPreparationMethodBuilder clPrepBuilder: Inner Class detected. Reject building class initialisation methods. 
191077     DEBUG main            d.u.i.k.p.i.AbstractProblemLoader Init config took 2.89s 
191115     INFO  main            d.u.i.k.p.i.AbstractProblemLoader Replaying proof Client[Client::m(List)].JML normal_behavior operation contract.0 
191164     DEBUG main            d.u.i.k.p.i.IntermediateProofReplayer Proof replay took 46.84ms 
191165     DEBUG main            d.u.i.k.p.r.p.TestFile    ... success: reloaded. 
191166     INFO  main            d.u.i.k.p.r.p.TestFile    Now processing file /home/runner/work/key/key/key.core/../key.ui/examples/heap/list/Client_n.key 
191166     INFO  main            d.u.i.k.p.i.AbstractProblemLoader Loading environment from /home/runner/work/key/key/key.core/../key.ui/examples/heap/list/Client_n.key 
191167     DEBUG main            d.u.i.k.p.i.AbstractProblemLoader Environment load took 73.7ns 
191167     INFO  main            d.u.i.k.p.i.AbstractProblemLoader Creating init config 
192107     DEBUG main            d.u.i.k.j.r.ClassPreparationMethodBuilder clPrepBuilder: Inner Class detected. Reject building class initialisation methods. 
194098     DEBUG main            d.u.i.k.p.i.AbstractProblemLoader Init config took 2.93s 
194136     INFO  main            d.u.i.k.p.i.AbstractProblemLoader Replaying proof Client[Client::n(List)].JML normal_behavior operation contract.0 
194137     DEBUG main            d.u.i.k.p.i.IntermediateProofReplayer Proof replay took 6ns 
194241     INFO  main            d.u.i.k.p.r.p.TestFile    ... finished proof: closed. 
194506     INFO  main            d.u.i.k.p.i.AbstractProblemLoader Loading environment from /home/runner/work/key/key/key.core/../key.ui/examples/heap/list/Client_n.key.proof 
194506     DEBUG main            d.u.i.k.p.i.AbstractProblemLoader Environment load took 110.5ns 
194507     INFO  main            d.u.i.k.p.i.AbstractProblemLoader Creating init config 
195434     DEBUG main            d.u.i.k.j.r.ClassPreparationMethodBuilder clPrepBuilder: Inner Class detected. Reject building class initialisation methods. 
197384     DEBUG main            d.u.i.k.p.i.AbstractProblemLoader Init config took 2.88s 
197423     INFO  main            d.u.i.k.p.i.AbstractProblemLoader Replaying proof Client[Client::n(List)].JML normal_behavior operation contract.0 
197439     DEBUG main            d.u.i.k.p.i.IntermediateProofReplayer Proof replay took 14.6ms 
197440     DEBUG main            d.u.i.k.p.r.p.TestFile    ... success: reloaded. 
197441     INFO  main            d.u.i.k.p.r.p.TestFile    Now processing file /home/runner/work/key/key/key.core/../key.ui/examples/heap/list/LinkedList_get_exceptional.key 
197441     INFO  main            d.u.i.k.p.i.AbstractProblemLoader Loading environment from /home/runner/work/key/key/key.core/../key.ui/examples/heap/list/LinkedList_get_exceptional.key 
197441     DEBUG main            d.u.i.k.p.i.AbstractProblemLoader Environment load took 88.6ns 
197442     INFO  main            d.u.i.k.p.i.AbstractProblemLoader Creating init config 
198396     DEBUG main            d.u.i.k.j.r.ClassPreparationMethodBuilder clPrepBuilder: Inner Class detected. Reject building class initialisation methods. 
200430     DEBUG main            d.u.i.k.p.i.AbstractProblemLoader Init config took 2.99s 
200476     INFO  main            d.u.i.k.p.i.AbstractProblemLoader Replaying proof LinkedList[List::get(int)].JML exceptional_behavior operation contract.0 
200477     DEBUG main            d.u.i.k.p.i.IntermediateProofReplayer Proof replay took 6.4ns 
202487     INFO  main            d.u.i.k.p.r.p.TestFile    ... finished proof: closed. 
202814     INFO  main            d.u.i.k.p.i.AbstractProblemLoader Loading environment from /home/runner/work/key/key/key.core/../key.ui/examples/heap/list/LinkedList_get_exceptional.key.proof 
202815     DEBUG main            d.u.i.k.p.i.AbstractProblemLoader Environment load took 110.8ns 
202816     INFO  main            d.u.i.k.p.i.AbstractProblemLoader Creating init config 
203741     DEBUG main            d.u.i.k.j.r.ClassPreparationMethodBuilder clPrepBuilder: Inner Class detected. Reject building class initialisation methods. 
205690     DEBUG main            d.u.i.k.p.i.AbstractProblemLoader Init config took 2.87s 
205736     INFO  main            d.u.i.k.p.i.AbstractProblemLoader Replaying proof LinkedList[List::get(int)].JML exceptional_behavior operation contract.0 
205936     DEBUG main            d.u.i.k.p.i.IntermediateProofReplayer Proof replay took 190.99ms 
205937     DEBUG main            d.u.i.k.p.r.p.TestFile    ... success: reloaded. 
205938     INFO  main            d.u.i.k.p.r.p.TestFile    Now processing file /home/runner/work/key/key/key.core/../key.ui/examples/heap/list/LinkedList_get_normal.key 
205938     INFO  main            d.u.i.k.p.i.AbstractProblemLoader Loading environment from /home/runner/work/key/key/key.core/../key.ui/examples/heap/list/LinkedList_get_normal.key 
205938     DEBUG main            d.u.i.k.p.i.AbstractProblemLoader Environment load took 82.4ns 
205939     INFO  main            d.u.i.k.p.i.AbstractProblemLoader Creating init config 
206878     DEBUG main            d.u.i.k.j.r.ClassPreparationMethodBuilder clPrepBuilder: Inner Class detected. Reject building class initialisation methods. 
208891     DEBUG main            d.u.i.k.p.i.AbstractProblemLoader Init config took 2.95s 
208935     INFO  main            d.u.i.k.p.i.AbstractProblemLoader Replaying proof LinkedList[List::get(int)].JML normal_behavior operation contract.0 
208936     DEBUG main            d.u.i.k.p.i.IntermediateProofReplayer Proof replay took 6.3ns 
214812     INFO  main            d.u.i.k.p.r.p.TestFile    ... finished proof: closed. 
215138     INFO  main            d.u.i.k.p.i.AbstractProblemLoader Loading environment from /home/runner/work/key/key/key.core/../key.ui/examples/heap/list/LinkedList_get_normal.key.proof 
215138     DEBUG main            d.u.i.k.p.i.AbstractProblemLoader Environment load took 475.81ns 
215141     INFO  main            d.u.i.k.p.i.AbstractProblemLoader Creating init config 
216080     DEBUG main            d.u.i.k.j.r.ClassPreparationMethodBuilder clPrepBuilder: Inner Class detected. Reject building class initialisation methods. 
218019     DEBUG main            d.u.i.k.p.i.AbstractProblemLoader Init config took 2.88s 
218062     INFO  main            d.u.i.k.p.i.AbstractProblemLoader Replaying proof LinkedList[List::get(int)].JML normal_behavior operation contract.0 
218436     DEBUG main            d.u.i.k.p.i.IntermediateProofReplayer Proof replay took 347.91ms 
218439     DEBUG main            d.u.i.k.p.r.p.TestFile    ... success: reloaded. 
218440     INFO  main            d.u.i.k.p.r.p.TestFile    Now processing file /home/runner/work/key/key/key.core/../key.ui/examples/heap/list/LinkedList_LinkedList.key 
218440     INFO  main            d.u.i.k.p.i.AbstractProblemLoader Loading environment from /home/runner/work/key/key/key.core/../key.ui/examples/heap/list/LinkedList_LinkedList.key 
218440     DEBUG main            d.u.i.k.p.i.AbstractProblemLoader Environment load took 111.9ns 
218441     INFO  main            d.u.i.k.p.i.AbstractProblemLoader Creating init config 
219410     DEBUG main            d.u.i.k.j.r.ClassPreparationMethodBuilder clPrepBuilder: Inner Class detected. Reject building class initialisation methods. 
221427     DEBUG main            d.u.i.k.p.i.AbstractProblemLoader Init config took 2.99s 
221469     INFO  main            d.u.i.k.p.i.AbstractProblemLoader Replaying proof LinkedList[LinkedList::LinkedList()].JML normal_behavior operation contract.0 
221471     DEBUG main            d.u.i.k.p.i.IntermediateProofReplayer Proof replay took 7.3ns 
221974     INFO  main            d.u.i.k.p.r.p.TestFile    ... finished proof: closed. 
222298     INFO  main            d.u.i.k.p.i.AbstractProblemLoader Loading environment from /home/runner/work/key/key/key.core/../key.ui/examples/heap/list/LinkedList_LinkedList.key.proof 
222299     DEBUG main            d.u.i.k.p.i.AbstractProblemLoader Environment load took 106.7ns 
222300     INFO  main            d.u.i.k.p.i.AbstractProblemLoader Creating init config 
223229     DEBUG main            d.u.i.k.j.r.ClassPreparationMethodBuilder clPrepBuilder: Inner Class detected. Reject building class initialisation methods. 
225215     DEBUG main            d.u.i.k.p.i.AbstractProblemLoader Init config took 2.92s 
225257     INFO  main            d.u.i.k.p.i.AbstractProblemLoader Replaying proof LinkedList[LinkedList::LinkedList()].JML normal_behavior operation contract.0 
225320     DEBUG main            d.u.i.k.p.i.IntermediateProofReplayer Proof replay took 59.01ms 
225321     DEBUG main            d.u.i.k.p.r.p.TestFile    ... success: reloaded. 
225322     INFO  main            d.u.i.k.p.r.p.TestFile    Now processing file /home/runner/work/key/key/key.core/../key.ui/examples/heap/list/LinkedList_size_dep.key 
225322     INFO  main            d.u.i.k.p.i.AbstractProblemLoader Loading environment from /home/runner/work/key/key/key.core/../key.ui/examples/heap/list/LinkedList_size_dep.key 
225322     DEBUG main            d.u.i.k.p.i.AbstractProblemLoader Environment load took 90.1ns 
225323     INFO  main            d.u.i.k.p.i.AbstractProblemLoader Creating init config 
226259     DEBUG main            d.u.i.k.j.r.ClassPreparationMethodBuilder clPrepBuilder: Inner Class detected. Reject building class initialisation methods. 
228232     DEBUG main            d.u.i.k.p.i.AbstractProblemLoader Init config took 2.91s 
228274     INFO  main            d.u.i.k.p.i.AbstractProblemLoader Replaying proof LinkedList[List::size()].JML accessible clause.0 
228276     DEBUG main            d.u.i.k.p.i.IntermediateProofReplayer Proof replay took 6.5ns 
228778     INFO  main            d.u.i.k.p.r.p.TestFile    ... finished proof: closed. 
229106     INFO  main            d.u.i.k.p.i.AbstractProblemLoader Loading environment from /home/runner/work/key/key/key.core/../key.ui/examples/heap/list/LinkedList_size_dep.key.proof 
229106     DEBUG main            d.u.i.k.p.i.AbstractProblemLoader Environment load took 103.6ns 
229107     INFO  main            d.u.i.k.p.i.AbstractProblemLoader Creating init config 
230023     DEBUG main            d.u.i.k.j.r.ClassPreparationMethodBuilder clPrepBuilder: Inner Class detected. Reject building class initialisation methods. 
231976     DEBUG main            d.u.i.k.p.i.AbstractProblemLoader Init config took 2.87s 
232019     INFO  main            d.u.i.k.p.i.AbstractProblemLoader Replaying proof LinkedList[List::size()].JML accessible clause.0 
232051     DEBUG main            d.u.i.k.p.i.IntermediateProofReplayer Proof replay took 29.38ms 
232053     DEBUG main            d.u.i.k.p.r.p.TestFile    ... success: reloaded. 
232056     INFO  main            d.u.i.k.p.r.p.TestFile    Now processing file /home/runner/work/key/key/key.core/../key.ui/examples/heap/list/LinkedList_size.key 
232057     INFO  main            d.u.i.k.p.i.AbstractProblemLoader Loading environment from /home/runner/work/key/key/key.core/../key.ui/examples/heap/list/LinkedList_size.key 
232057     DEBUG main            d.u.i.k.p.i.AbstractProblemLoader Environment load took 230.9ns 
232058     INFO  main            d.u.i.k.p.i.AbstractProblemLoader Creating init config 
233020     DEBUG main            d.u.i.k.j.r.ClassPreparationMethodBuilder clPrepBuilder: Inner Class detected. Reject building class initialisation methods. 
235024     DEBUG main            d.u.i.k.p.i.AbstractProblemLoader Init config took 2.97s 
235066     INFO  main            d.u.i.k.p.i.AbstractProblemLoader Replaying proof LinkedList[List::size()].JML normal_behavior operation contract.0 
235067     DEBUG main            d.u.i.k.p.i.IntermediateProofReplayer Proof replay took 6ns 
235469     INFO  main            d.u.i.k.p.r.p.TestFile    ... finished proof: closed. 
235784     INFO  main            d.u.i.k.p.i.AbstractProblemLoader Loading environment from /home/runner/work/key/key/key.core/../key.ui/examples/heap/list/LinkedList_size.key.proof 
235784     DEBUG main            d.u.i.k.p.i.AbstractProblemLoader Environment load took 128.1ns 
235785     INFO  main            d.u.i.k.p.i.AbstractProblemLoader Creating init config 
236715     DEBUG main            d.u.i.k.j.r.ClassPreparationMethodBuilder clPrepBuilder: Inner Class detected. Reject building class initialisation methods. 
238660     DEBUG main            d.u.i.k.p.i.AbstractProblemLoader Init config took 2.88s 
238703     INFO  main            d.u.i.k.p.i.AbstractProblemLoader Replaying proof LinkedList[List::size()].JML normal_behavior operation contract.0 
238730     DEBUG main            d.u.i.k.p.i.IntermediateProofReplayer Proof replay took 25.04ms 
238731     DEBUG main            d.u.i.k.p.r.p.TestFile    ... success: reloaded. 
238732     INFO  main            d.u.i.k.p.r.p.TestFile    Now processing file /home/runner/work/key/key/key.core/../key.ui/examples/heap/list/MySet_footprint.key 
238732     INFO  main            d.u.i.k.p.i.AbstractProblemLoader Loading environment from /home/runner/work/key/key/key.core/../key.ui/examples/heap/list/MySet_footprint.key 
238732     DEBUG main            d.u.i.k.p.i.AbstractProblemLoader Environment load took 105ns 
238733     INFO  main            d.u.i.k.p.i.AbstractProblemLoader Creating init config 
239677     DEBUG main            d.u.i.k.j.r.ClassPreparationMethodBuilder clPrepBuilder: Inner Class detected. Reject building class initialisation methods. 
241680     DEBUG main            d.u.i.k.p.i.AbstractProblemLoader Init config took 2.95s 
241724     INFO  main            d.u.i.k.p.i.AbstractProblemLoader Replaying proof MySet[MySet::$footprint()].JML accessible clause.0 
241726     DEBUG main            d.u.i.k.p.i.IntermediateProofReplayer Proof replay took 6.7ns 
242028     INFO  main            d.u.i.k.p.r.p.TestFile    ... finished proof: closed. 
242362     INFO  main            d.u.i.k.p.i.AbstractProblemLoader Loading environment from /home/runner/work/key/key/key.core/../key.ui/examples/heap/list/MySet_footprint.key.proof 
242362     DEBUG main            d.u.i.k.p.i.AbstractProblemLoader Environment load took 102.2ns 
242363     INFO  main            d.u.i.k.p.i.AbstractProblemLoader Creating init config 
243288     DEBUG main            d.u.i.k.j.r.ClassPreparationMethodBuilder clPrepBuilder: Inner Class detected. Reject building class initialisation methods. 
245228     DEBUG main            d.u.i.k.p.i.AbstractProblemLoader Init config took 2.87s 
245275     INFO  main            d.u.i.k.p.i.AbstractProblemLoader Replaying proof MySet[MySet::$footprint()].JML accessible clause.0 
245298     DEBUG main            d.u.i.k.p.i.IntermediateProofReplayer Proof replay took 20.07ms 
245301     DEBUG main            d.u.i.k.p.r.p.TestFile    ... success: reloaded. 
245302     INFO  main            d.u.i.k.p.r.p.TestFile    Now processing file /home/runner/work/key/key/key.core/../key.ui/examples/heap/list/MySet_MySet.key 
245302     INFO  main            d.u.i.k.p.i.AbstractProblemLoader Loading environment from /home/runner/work/key/key/key.core/../key.ui/examples/heap/list/MySet_MySet.key 
245302     DEBUG main            d.u.i.k.p.i.AbstractProblemLoader Environment load took 94ns 
245305     INFO  main            d.u.i.k.p.i.AbstractProblemLoader Creating init config 
246260     DEBUG main            d.u.i.k.j.r.ClassPreparationMethodBuilder clPrepBuilder: Inner Class detected. Reject building class initialisation methods. 
248250     DEBUG main            d.u.i.k.p.i.AbstractProblemLoader Init config took 2.94s 
248295     INFO  main            d.u.i.k.p.i.AbstractProblemLoader Replaying proof MySet[MySet::MySet()].JML normal_behavior operation contract.0 
248296     DEBUG main            d.u.i.k.p.i.IntermediateProofReplayer Proof replay took 6.9ns 
250514     INFO  main            d.u.i.k.p.r.p.TestFile    ... finished proof: closed. 
250870     INFO  main            d.u.i.k.p.i.AbstractProblemLoader Loading environment from /home/runner/work/key/key/key.core/../key.ui/examples/heap/list/MySet_MySet.key.proof 
250870     DEBUG main            d.u.i.k.p.i.AbstractProblemLoader Environment load took 109.9ns 
250872     INFO  main            d.u.i.k.p.i.AbstractProblemLoader Creating init config 
251801     DEBUG main            d.u.i.k.j.r.ClassPreparationMethodBuilder clPrepBuilder: Inner Class detected. Reject building class initialisation methods. 
253753     DEBUG main            d.u.i.k.p.i.AbstractProblemLoader Init config took 2.88s 
253798     INFO  main            d.u.i.k.p.i.AbstractProblemLoader Replaying proof MySet[MySet::MySet()].JML normal_behavior operation contract.0 
254060     DEBUG main            d.u.i.k.p.i.IntermediateProofReplayer Proof replay took 248.34ms 
254062     DEBUG main            d.u.i.k.p.r.p.TestFile    ... success: reloaded. 
1082246    INFO  Test worker     d.u.i.k.p.r.RunAllProofsTestUnit Returning from test list 
1082247    INFO  Test worker     d.u.i.k.p.r.RunAllProofsTestUnit Running test list_ghost 
322        INFO  Timeout watchdog d.u.i.k.p.r.p.ForkedTestFileRunner Timeout watcher launched (2000 secs.) 
344        WARN  main            d.u.i.k.s.ProofSettings   The settings in /home/runner/.key/proof-settings.props are *not* read. 
371        INFO  main            d.u.i.k.p.r.p.TestFile    Now processing file /home/runner/work/key/key/key.core/../key.ui/examples/heap/list_ghost/ArrayList_add.key 
477        INFO  main            d.u.i.k.p.i.AbstractProblemLoader Loading environment from /home/runner/work/key/key/key.core/../key.ui/examples/heap/list_ghost/ArrayList_add.key 
497        DEBUG main            d.u.i.k.p.i.AbstractProblemLoader Environment load took 2.12ms 
714        INFO  main            d.u.i.k.p.i.AbstractProblemLoader Creating init config 
1587       DEBUG main            d.u.i.k.j.TypeConverter   No LDT found for Meta 
1587       DEBUG main            d.u.i.k.j.TypeConverter   No LDT found for Meta 
1591       DEBUG main            d.u.i.k.j.TypeConverter   No LDT found for Meta 
1591       DEBUG main            d.u.i.k.j.TypeConverter   No LDT found for Meta 
2933       DEBUG main            d.u.i.k.j.TypeConverter   No LDT found for JavaBigintExpression 
7926       DEBUG main            d.u.i.k.p.i.AbstractProblemLoader Init config took 7.21s 
8054       INFO  main            d.u.i.k.p.i.AbstractProblemLoader Replaying proof ArrayList[List::add(java.lang.Object)].JML normal_behavior operation contract.0 
8086       DEBUG main            d.u.i.k.p.i.IntermediateProofReplayer Proof replay took 32.5ns 
12903      INFO  main            d.u.i.k.p.r.p.TestFile    ... finished proof: closed. 
13084      INFO  main            d.u.i.k.p.i.AbstractProblemLoader Loading environment from /home/runner/work/key/key/key.core/../key.ui/examples/heap/list_ghost/ArrayList_add.key.proof 
13088      DEBUG main            d.u.i.k.p.i.AbstractProblemLoader Environment load took 4.05ms 
13091      INFO  main            d.u.i.k.p.i.AbstractProblemLoader Creating init config 
15837      DEBUG main            d.u.i.k.p.i.AbstractProblemLoader Init config took 2.75s 
15901      INFO  main            d.u.i.k.p.i.AbstractProblemLoader Replaying proof ArrayList[List::add(java.lang.Object)].JML normal_behavior operation contract.0 
16355      DEBUG main            d.u.i.k.p.i.IntermediateProofReplayer Proof replay took 431.57ms 
16363      DEBUG main            d.u.i.k.p.r.p.TestFile    ... success: reloaded. 
16366      INFO  main            d.u.i.k.p.r.p.TestFile    Now processing file /home/runner/work/key/key/key.core/../key.ui/examples/heap/list_ghost/ArrayList_ArrayList.key 
16366      INFO  main            d.u.i.k.p.i.AbstractProblemLoader Loading environment from /home/runner/work/key/key/key.core/../key.ui/examples/heap/list_ghost/ArrayList_ArrayList.key 
16366      DEBUG main            d.u.i.k.p.i.AbstractProblemLoader Environment load took 277.21ns 
16368      INFO  main            d.u.i.k.p.i.AbstractProblemLoader Creating init config 
19006      DEBUG main            d.u.i.k.p.i.AbstractProblemLoader Init config took 2.64s 
19062      INFO  main            d.u.i.k.p.i.AbstractProblemLoader Replaying proof ArrayList[ArrayList::ArrayList()].JML normal_behavior operation contract.0 
19065      DEBUG main            d.u.i.k.p.i.IntermediateProofReplayer Proof replay took 5.4ns 
20071      INFO  main            d.u.i.k.p.r.p.TestFile    ... finished proof: closed. 
20250      INFO  main            d.u.i.k.p.i.AbstractProblemLoader Loading environment from /home/runner/work/key/key/key.core/../key.ui/examples/heap/list_ghost/ArrayList_ArrayList.key.proof 
20250      DEBUG main            d.u.i.k.p.i.AbstractProblemLoader Environment load took 502.51ns 
20255      INFO  main            d.u.i.k.p.i.AbstractProblemLoader Creating init config 
22867      DEBUG main            d.u.i.k.p.i.AbstractProblemLoader Init config took 2.61s 
22935      INFO  main            d.u.i.k.p.i.AbstractProblemLoader Replaying proof ArrayList[ArrayList::ArrayList()].JML normal_behavior operation contract.0 
23112      DEBUG main            d.u.i.k.p.i.IntermediateProofReplayer Proof replay took 167.2ms 
23115      DEBUG main            d.u.i.k.p.r.p.TestFile    ... success: reloaded. 
23117      INFO  main            d.u.i.k.p.r.p.TestFile    Now processing file /home/runner/work/key/key/key.core/../key.ui/examples/heap/list_ghost/ArrayList_enlarge.key 
23118      INFO  main            d.u.i.k.p.i.AbstractProblemLoader Loading environment from /home/runner/work/key/key/key.core/../key.ui/examples/heap/list_ghost/ArrayList_enlarge.key 
23118      DEBUG main            d.u.i.k.p.i.AbstractProblemLoader Environment load took 252.31ns 
23120      INFO  main            d.u.i.k.p.i.AbstractProblemLoader Creating init config 
25744      DEBUG main            d.u.i.k.p.i.AbstractProblemLoader Init config took 2.62s 
25791      INFO  main            d.u.i.k.p.i.AbstractProblemLoader Replaying proof ArrayList[ArrayList::enlarge()].JML normal_behavior operation contract.0 
25793      DEBUG main            d.u.i.k.p.i.IntermediateProofReplayer Proof replay took 5.1ns 
27811      INFO  main            d.u.i.k.p.r.p.TestFile    ... finished proof: closed. 
27992      INFO  main            d.u.i.k.p.i.AbstractProblemLoader Loading environment from /home/runner/work/key/key/key.core/../key.ui/examples/heap/list_ghost/ArrayList_enlarge.key.proof 
27992      DEBUG main            d.u.i.k.p.i.AbstractProblemLoader Environment load took 494.01ns 
27994      INFO  main            d.u.i.k.p.i.AbstractProblemLoader Creating init config 
30512      DEBUG main            d.u.i.k.p.i.AbstractProblemLoader Init config took 2.52s 
30558      INFO  main            d.u.i.k.p.i.AbstractProblemLoader Replaying proof ArrayList[ArrayList::enlarge()].JML normal_behavior operation contract.0 
30863      DEBUG main            d.u.i.k.p.i.IntermediateProofReplayer Proof replay took 293.83ms 
30864      DEBUG main            d.u.i.k.p.r.p.TestFile    ... success: reloaded. 
30866      INFO  main            d.u.i.k.p.r.p.TestFile    Now processing file /home/runner/work/key/key/key.core/../key.ui/examples/heap/list_ghost/ArrayList_get_dep.key 
30866      INFO  main            d.u.i.k.p.i.AbstractProblemLoader Loading environment from /home/runner/work/key/key/key.core/../key.ui/examples/heap/list_ghost/ArrayList_get_dep.key 
30867      DEBUG main            d.u.i.k.p.i.AbstractProblemLoader Environment load took 233.5ns 
30868      INFO  main            d.u.i.k.p.i.AbstractProblemLoader Creating init config 
33425      DEBUG main            d.u.i.k.p.i.AbstractProblemLoader Init config took 2.56s 
33473      INFO  main            d.u.i.k.p.i.AbstractProblemLoader Replaying proof ArrayList[List::get(int)].JML accessible clause.0 
33475      DEBUG main            d.u.i.k.p.i.IntermediateProofReplayer Proof replay took 15.9ns 
33778      INFO  main            d.u.i.k.p.r.p.TestFile    ... finished proof: closed. 
33950      INFO  main            d.u.i.k.p.i.AbstractProblemLoader Loading environment from /home/runner/work/key/key/key.core/../key.ui/examples/heap/list_ghost/ArrayList_get_dep.key.proof 
33950      DEBUG main            d.u.i.k.p.i.AbstractProblemLoader Environment load took 464.41ns 
33952      INFO  main            d.u.i.k.p.i.AbstractProblemLoader Creating init config 
36433      DEBUG main            d.u.i.k.p.i.AbstractProblemLoader Init config took 2.48s 
36477      INFO  main            d.u.i.k.p.i.AbstractProblemLoader Replaying proof ArrayList[List::get(int)].JML accessible clause.0 
36526      DEBUG main            d.u.i.k.p.i.IntermediateProofReplayer Proof replay took 45.97ms 
36527      DEBUG main            d.u.i.k.p.r.p.TestFile    ... success: reloaded. 
36528      INFO  main            d.u.i.k.p.r.p.TestFile    Now processing file /home/runner/work/key/key/key.core/../key.ui/examples/heap/list_ghost/ArrayList_get_exceptional.key 
36529      INFO  main            d.u.i.k.p.i.AbstractProblemLoader Loading environment from /home/runner/work/key/key/key.core/../key.ui/examples/heap/list_ghost/ArrayList_get_exceptional.key 
36529      DEBUG main            d.u.i.k.p.i.AbstractProblemLoader Environment load took 106.1ns 
36530      INFO  main            d.u.i.k.p.i.AbstractProblemLoader Creating init config 
39035      DEBUG main            d.u.i.k.p.i.AbstractProblemLoader Init config took 2.51s 
39079      INFO  main            d.u.i.k.p.i.AbstractProblemLoader Replaying proof ArrayList[List::get(int)].JML exceptional_behavior operation contract.0 
39080      DEBUG main            d.u.i.k.p.i.IntermediateProofReplayer Proof replay took 5.3ns 
39785      INFO  main            d.u.i.k.p.r.p.TestFile    ... finished proof: closed. 
39984      INFO  main            d.u.i.k.p.i.AbstractProblemLoader Loading environment from /home/runner/work/key/key/key.core/../key.ui/examples/heap/list_ghost/ArrayList_get_exceptional.key.proof 
39984      DEBUG main            d.u.i.k.p.i.AbstractProblemLoader Environment load took 609.31ns 
39986      INFO  main            d.u.i.k.p.i.AbstractProblemLoader Creating init config 
42453      DEBUG main            d.u.i.k.p.i.AbstractProblemLoader Init config took 2.47s 
42507      INFO  main            d.u.i.k.p.i.AbstractProblemLoader Replaying proof ArrayList[List::get(int)].JML exceptional_behavior operation contract.0 
42620      DEBUG main            d.u.i.k.p.i.IntermediateProofReplayer Proof replay took 106.89ms 
42621      DEBUG main            d.u.i.k.p.r.p.TestFile    ... success: reloaded. 
42623      INFO  main            d.u.i.k.p.r.p.TestFile    Now processing file /home/runner/work/key/key/key.core/../key.ui/examples/heap/list_ghost/ArrayList_get_normal.key 
42623      INFO  main            d.u.i.k.p.i.AbstractProblemLoader Loading environment from /home/runner/work/key/key/key.core/../key.ui/examples/heap/list_ghost/ArrayList_get_normal.key 
42623      DEBUG main            d.u.i.k.p.i.AbstractProblemLoader Environment load took 230.3ns 
42624      INFO  main            d.u.i.k.p.i.AbstractProblemLoader Creating init config 
45114      DEBUG main            d.u.i.k.p.i.AbstractProblemLoader Init config took 2.49s 
45189      INFO  main            d.u.i.k.p.i.AbstractProblemLoader Replaying proof ArrayList[List::get(int)].JML normal_behavior operation contract.0 
45192      DEBUG main            d.u.i.k.p.i.IntermediateProofReplayer Proof replay took 6.3ns 
45394      INFO  main            d.u.i.k.p.r.p.TestFile    ... finished proof: closed. 
45598      INFO  main            d.u.i.k.p.i.AbstractProblemLoader Loading environment from /home/runner/work/key/key/key.core/../key.ui/examples/heap/list_ghost/ArrayList_get_normal.key.proof 
45598      DEBUG main            d.u.i.k.p.i.AbstractProblemLoader Environment load took 126.3ns 
45599      INFO  main            d.u.i.k.p.i.AbstractProblemLoader Creating init config 
48057      DEBUG main            d.u.i.k.p.i.AbstractProblemLoader Init config took 2.46s 
48101      INFO  main            d.u.i.k.p.i.AbstractProblemLoader Replaying proof ArrayList[List::get(int)].JML normal_behavior operation contract.0 
48139      DEBUG main            d.u.i.k.p.i.IntermediateProofReplayer Proof replay took 34.71ms 
48140      DEBUG main            d.u.i.k.p.r.p.TestFile    ... success: reloaded. 
48141      INFO  main            d.u.i.k.p.r.p.TestFile    Now processing file /home/runner/work/key/key/key.core/../key.ui/examples/heap/list_ghost/ArrayList_inv.key 
48142      INFO  main            d.u.i.k.p.i.AbstractProblemLoader Loading environment from /home/runner/work/key/key/key.core/../key.ui/examples/heap/list_ghost/ArrayList_inv.key 
48142      DEBUG main            d.u.i.k.p.i.AbstractProblemLoader Environment load took 238.6ns 
48143      INFO  main            d.u.i.k.p.i.AbstractProblemLoader Creating init config 
50642      DEBUG main            d.u.i.k.p.i.AbstractProblemLoader Init config took 2.5s 
50684      INFO  main            d.u.i.k.p.i.AbstractProblemLoader Replaying proof ArrayList[java.lang.Object::<inv>()].JML accessible clause.0 
50686      DEBUG main            d.u.i.k.p.i.IntermediateProofReplayer Proof replay took 5.9ns 
50788      INFO  main            d.u.i.k.p.r.p.TestFile    ... finished proof: closed. 
50956      INFO  main            d.u.i.k.p.i.AbstractProblemLoader Loading environment from /home/runner/work/key/key/key.core/../key.ui/examples/heap/list_ghost/ArrayList_inv.key.proof 
50957      DEBUG main            d.u.i.k.p.i.AbstractProblemLoader Environment load took 134.9ns 
50958      INFO  main            d.u.i.k.p.i.AbstractProblemLoader Creating init config 
53440      DEBUG main            d.u.i.k.p.i.AbstractProblemLoader Init config took 2.48s 
53481      INFO  main            d.u.i.k.p.i.AbstractProblemLoader Replaying proof ArrayList[java.lang.Object::<inv>()].JML accessible clause.0 
53490      DEBUG main            d.u.i.k.p.i.IntermediateProofReplayer Proof replay took 7.26ms 
53491      DEBUG main            d.u.i.k.p.r.p.TestFile    ... success: reloaded. 
53492      INFO  main            d.u.i.k.p.r.p.TestFile    Now processing file /home/runner/work/key/key/key.core/../key.ui/examples/heap/list_ghost/ArrayList_size_dep.key 
53493      INFO  main            d.u.i.k.p.i.AbstractProblemLoader Loading environment from /home/runner/work/key/key/key.core/../key.ui/examples/heap/list_ghost/ArrayList_size_dep.key 
53493      DEBUG main            d.u.i.k.p.i.AbstractProblemLoader Environment load took 202.5ns 
53494      INFO  main            d.u.i.k.p.i.AbstractProblemLoader Creating init config 
55997      DEBUG main            d.u.i.k.p.i.AbstractProblemLoader Init config took 2.5s 
56054      INFO  main            d.u.i.k.p.i.AbstractProblemLoader Replaying proof ArrayList[List::size()].JML accessible clause.0 
56056      DEBUG main            d.u.i.k.p.i.IntermediateProofReplayer Proof replay took 7.2ns 
56158      INFO  main            d.u.i.k.p.r.p.TestFile    ... finished proof: closed. 
56380      INFO  main            d.u.i.k.p.i.AbstractProblemLoader Loading environment from /home/runner/work/key/key/key.core/../key.ui/examples/heap/list_ghost/ArrayList_size_dep.key.proof 
56381      DEBUG main            d.u.i.k.p.i.AbstractProblemLoader Environment load took 652.01ns 
56382      INFO  main            d.u.i.k.p.i.AbstractProblemLoader Creating init config 
58852      DEBUG main            d.u.i.k.p.i.AbstractProblemLoader Init config took 2.47s 
58891      INFO  main            d.u.i.k.p.i.AbstractProblemLoader Replaying proof ArrayList[List::size()].JML accessible clause.0 
58903      DEBUG main            d.u.i.k.p.i.IntermediateProofReplayer Proof replay took 9.94ms 
58905      DEBUG main            d.u.i.k.p.r.p.TestFile    ... success: reloaded. 
58910      INFO  main            d.u.i.k.p.r.p.TestFile    Now processing file /home/runner/work/key/key/key.core/../key.ui/examples/heap/list_ghost/ArrayList_size.key 
58912      INFO  main            d.u.i.k.p.i.AbstractProblemLoader Loading environment from /home/runner/work/key/key/key.core/../key.ui/examples/heap/list_ghost/ArrayList_size.key 
58912      DEBUG main            d.u.i.k.p.i.AbstractProblemLoader Environment load took 513.41ns 
58913      INFO  main            d.u.i.k.p.i.AbstractProblemLoader Creating init config 
61427      DEBUG main            d.u.i.k.p.i.AbstractProblemLoader Init config took 2.51s 
61467      INFO  main            d.u.i.k.p.i.AbstractProblemLoader Replaying proof ArrayList[List::size()].JML normal_behavior operation contract.0 
61468      DEBUG main            d.u.i.k.p.i.IntermediateProofReplayer Proof replay took 5.9ns 
61573      INFO  main            d.u.i.k.p.r.p.TestFile    ... finished proof: closed. 
61754      INFO  main            d.u.i.k.p.i.AbstractProblemLoader Loading environment from /home/runner/work/key/key/key.core/../key.ui/examples/heap/list_ghost/ArrayList_size.key.proof 
61754      DEBUG main            d.u.i.k.p.i.AbstractProblemLoader Environment load took 117.4ns 
61755      INFO  main            d.u.i.k.p.i.AbstractProblemLoader Creating init config 
64186      DEBUG main            d.u.i.k.p.i.AbstractProblemLoader Init config took 2.43s 
64226      INFO  main            d.u.i.k.p.i.AbstractProblemLoader Replaying proof ArrayList[List::size()].JML normal_behavior operation contract.0 
64240      DEBUG main            d.u.i.k.p.i.IntermediateProofReplayer Proof replay took 10.71ms 
64241      DEBUG main            d.u.i.k.p.r.p.TestFile    ... success: reloaded. 
1146659    INFO  Test worker     d.u.i.k.p.r.RunAllProofsTestUnit Returning from test list_ghost 
1146660    INFO  Test worker     d.u.i.k.p.r.RunAllProofsTestUnit Running test list_recursive 
333        INFO  Timeout watchdog d.u.i.k.p.r.p.ForkedTestFileRunner Timeout watcher launched (2000 secs.) 
343        WARN  main            d.u.i.k.s.ProofSettings   The settings in /home/runner/.key/proof-settings.props are *not* read. 
369        INFO  main            d.u.i.k.p.r.p.TestFile    Now processing file /home/runner/work/key/key/key.core/../key.ui/examples/heap/list_recursiveSpec/ListOperationsNonNull_getNextNN_normal_behavior.key 
470        INFO  main            d.u.i.k.p.i.AbstractProblemLoader Loading environment from /home/runner/work/key/key/key.core/../key.ui/examples/heap/list_recursiveSpec/ListOperationsNonNull_getNextNN_normal_behavior.key 
493        DEBUG main            d.u.i.k.p.i.AbstractProblemLoader Environment load took 2.23ms 
710        INFO  main            d.u.i.k.p.i.AbstractProblemLoader Creating init config 
1647       DEBUG main            d.u.i.k.j.TypeConverter   No LDT found for Meta 
1647       DEBUG main            d.u.i.k.j.TypeConverter   No LDT found for Meta 
1650       DEBUG main            d.u.i.k.j.TypeConverter   No LDT found for Meta 
1651       DEBUG main            d.u.i.k.j.TypeConverter   No LDT found for Meta 
3151       DEBUG main            d.u.i.k.j.TypeConverter   No LDT found for JavaBigintExpression 
8093       DEBUG main            d.u.i.k.p.i.AbstractProblemLoader Init config took 7.38s 
8235       INFO  main            d.u.i.k.p.i.AbstractProblemLoader Replaying proof ListOperationsNonNull[ListOperationsNonNull::getNextNN(ListNN,int)].JML normal_behavior operation contract.0 
8268       DEBUG main            d.u.i.k.p.i.IntermediateProofReplayer Proof replay took 30.7ns 
9507       INFO  main            d.u.i.k.p.r.p.TestFile    ... finished proof: closed. 
9630       INFO  main            d.u.i.k.p.i.AbstractProblemLoader Loading environment from /home/runner/work/key/key/key.core/../key.ui/examples/heap/list_recursiveSpec/ListOperationsNonNull_getNextNN_normal_behavior.key.proof 
9638       DEBUG main            d.u.i.k.p.i.AbstractProblemLoader Environment load took 8.6ms 
9641       INFO  main            d.u.i.k.p.i.AbstractProblemLoader Creating init config 
12501      DEBUG main            d.u.i.k.p.i.AbstractProblemLoader Init config took 2.86s 
12573      INFO  main            d.u.i.k.p.i.AbstractProblemLoader Replaying proof ListOperationsNonNull[ListOperationsNonNull::getNextNN(ListNN,int)].JML normal_behavior operation contract.0 
12710      DEBUG main            d.u.i.k.p.i.IntermediateProofReplayer Proof replay took 129.39ms 
12717      DEBUG main            d.u.i.k.p.r.p.TestFile    ... success: reloaded. 
12719      INFO  main            d.u.i.k.p.r.p.TestFile    Now processing file /home/runner/work/key/key/key.core/../key.ui/examples/heap/list_recursiveSpec/ListOperationsNonNull_setValueAt_normal_behavior.key 
12719      INFO  main            d.u.i.k.p.i.AbstractProblemLoader Loading environment from /home/runner/work/key/key/key.core/../key.ui/examples/heap/list_recursiveSpec/ListOperationsNonNull_setValueAt_normal_behavior.key 
12720      DEBUG main            d.u.i.k.p.i.AbstractProblemLoader Environment load took 258.61ns 
12721      INFO  main            d.u.i.k.p.i.AbstractProblemLoader Creating init config 
15534      DEBUG main            d.u.i.k.p.i.AbstractProblemLoader Init config took 2.81s 
15596      INFO  main            d.u.i.k.p.i.AbstractProblemLoader Replaying proof ListOperationsNonNull[ListOperationsNonNull::setValueAt_NN(ListNN,int,int)].JML normal_behavior operation contract.0 
15599      DEBUG main            d.u.i.k.p.i.IntermediateProofReplayer Proof replay took 5.7ns 
15625      DEBUG main            d.u.i.k.m.s.ProofScriptEngine 1: 'macro autopilot' 
18221      DEBUG main            d.u.i.k.m.s.ProofScriptEngine 2: 'macro simp-upd' 
18228      DEBUG main            d.u.i.k.m.s.ProofScriptEngine 3: 'rule observerDependencyEQ' 
18245      DEBUG main            d.u.i.k.m.s.ProofScriptEngine 4: 'tryclose' 
18276      INFO  main            d.u.i.k.p.r.p.TestFile    ... finished proof: closed. 
18432      INFO  main            d.u.i.k.p.i.AbstractProblemLoader Loading environment from /home/runner/work/key/key/key.core/../key.ui/examples/heap/list_recursiveSpec/ListOperationsNonNull_setValueAt_normal_behavior.key.proof 
18434      DEBUG main            d.u.i.k.p.i.AbstractProblemLoader Environment load took 1.64ms 
18437      INFO  main            d.u.i.k.p.i.AbstractProblemLoader Creating init config 
21080      DEBUG main            d.u.i.k.p.i.AbstractProblemLoader Init config took 2.64s 
21134      INFO  main            d.u.i.k.p.i.AbstractProblemLoader Replaying proof ListOperationsNonNull[ListOperationsNonNull::setValueAt_NN(ListNN,int,int)].JML normal_behavior operation contract.0 
21257      DEBUG main            d.u.i.k.p.i.IntermediateProofReplayer Proof replay took 117.14ms 
21259      DEBUG main            d.u.i.k.p.r.p.TestFile    ... success: reloaded. 
1168104    INFO  Test worker     d.u.i.k.p.r.RunAllProofsTestUnit Returning from test list_recursive 
1168105    INFO  Test worker     d.u.i.k.p.r.RunAllProofsTestUnit Running test list_seq 
320        INFO  Timeout watchdog d.u.i.k.p.r.p.ForkedTestFileRunner Timeout watcher launched (2000 secs.) 
339        WARN  main            d.u.i.k.s.ProofSettings   The settings in /home/runner/.key/proof-settings.props are *not* read. 
387        INFO  main            d.u.i.k.p.r.p.TestFile    Now processing file /home/runner/work/key/key/key.core/../key.ui/examples/heap/list_seq/SimplifiedLinkedList.remove.key 
531        INFO  main            d.u.i.k.p.i.AbstractProblemLoader Loading environment from /home/runner/work/key/key/key.core/../key.ui/examples/heap/list_seq/SimplifiedLinkedList.remove.key 
547        DEBUG main            d.u.i.k.p.i.AbstractProblemLoader Environment load took 2.26ms 
760        INFO  main            d.u.i.k.p.i.AbstractProblemLoader Creating init config 
1750       DEBUG main            d.u.i.k.j.TypeConverter   No LDT found for Meta 
1751       DEBUG main            d.u.i.k.j.TypeConverter   No LDT found for Meta 
1753       DEBUG main            d.u.i.k.j.TypeConverter   No LDT found for Meta 
1754       DEBUG main            d.u.i.k.j.TypeConverter   No LDT found for Meta 
3202       DEBUG main            d.u.i.k.j.TypeConverter   No LDT found for JavaBigintExpression 
8720       DEBUG main            d.u.i.k.p.i.AbstractProblemLoader Init config took 7.96s 
8940       INFO  main            d.u.i.k.p.i.AbstractProblemLoader Replaying proof SimplifiedLinkedList[SimplifiedLinkedList::remove(int)].JML normal_behavior operation contract.0 
9010       DEBUG main            d.u.i.k.p.i.IntermediateProofReplayer Proof replay took 34.8ns 
74071      INFO  main            d.u.i.k.p.r.p.TestFile    ... finished proof: closed. 
74449      INFO  main            d.u.i.k.p.i.AbstractProblemLoader Loading environment from /home/runner/work/key/key/key.core/../key.ui/examples/heap/list_seq/SimplifiedLinkedList.remove.key.proof 
74451      DEBUG main            d.u.i.k.p.i.AbstractProblemLoader Environment load took 1.14ms 
74476      INFO  main            d.u.i.k.p.i.AbstractProblemLoader Creating init config 
77440      DEBUG main            d.u.i.k.p.i.AbstractProblemLoader Init config took 2.96s 
77544      INFO  main            d.u.i.k.p.i.AbstractProblemLoader Replaying proof SimplifiedLinkedList[SimplifiedLinkedList::remove(int)].JML normal_behavior operation contract.0 
79791      DEBUG main            d.u.i.k.p.i.IntermediateProofReplayer Proof replay took 1.97s 
79819      DEBUG main            d.u.i.k.p.r.p.TestFile    ... success: reloaded. 
79821      INFO  main            d.u.i.k.p.r.p.TestFile    Now processing file /home/runner/work/key/key/key.core/../key.ui/examples/heap/list_seq/ArrayList.ArrayList.key 
79821      INFO  main            d.u.i.k.p.i.AbstractProblemLoader Loading environment from /home/runner/work/key/key/key.core/../key.ui/examples/heap/list_seq/ArrayList.ArrayList.key 
79821      DEBUG main            d.u.i.k.p.i.AbstractProblemLoader Environment load took 107.7ns 
79822      INFO  main            d.u.i.k.p.i.AbstractProblemLoader Creating init config 
83068      DEBUG main            d.u.i.k.p.i.AbstractProblemLoader Init config took 3.25s 
83179      INFO  main            d.u.i.k.p.i.AbstractProblemLoader Replaying proof ArrayList[ArrayList::ArrayList()].JML normal_behavior operation contract.0 
83185      DEBUG main            d.u.i.k.p.i.IntermediateProofReplayer Proof replay took 5.8ns 
83991      INFO  main            d.u.i.k.p.r.p.TestFile    ... finished proof: closed. 
84217      INFO  main            d.u.i.k.p.i.AbstractProblemLoader Loading environment from /home/runner/work/key/key/key.core/../key.ui/examples/heap/list_seq/ArrayList.ArrayList.key.proof 
84217      DEBUG main            d.u.i.k.p.i.AbstractProblemLoader Environment load took 134.3ns 
84219      INFO  main            d.u.i.k.p.i.AbstractProblemLoader Creating init config 
87028      DEBUG main            d.u.i.k.p.i.AbstractProblemLoader Init config took 2.81s 
87124      INFO  main            d.u.i.k.p.i.AbstractProblemLoader Replaying proof ArrayList[ArrayList::ArrayList()].JML normal_behavior operation contract.0 
87238      DEBUG main            d.u.i.k.p.i.IntermediateProofReplayer Proof replay took 109.19ms 
87239      DEBUG main            d.u.i.k.p.r.p.TestFile    ... success: reloaded. 
87240      INFO  main            d.u.i.k.p.r.p.TestFile    Now processing file /home/runner/work/key/key/key.core/../key.ui/examples/heap/list_seq/ArrayList.add.key 
87241      INFO  main            d.u.i.k.p.i.AbstractProblemLoader Loading environment from /home/runner/work/key/key/key.core/../key.ui/examples/heap/list_seq/ArrayList.add.key 
87241      DEBUG main            d.u.i.k.p.i.AbstractProblemLoader Environment load took 243.91ns 
87242      INFO  main            d.u.i.k.p.i.AbstractProblemLoader Creating init config 
90120      DEBUG main            d.u.i.k.p.i.AbstractProblemLoader Init config took 2.88s 
90202      INFO  main            d.u.i.k.p.i.AbstractProblemLoader Replaying proof ArrayList[List::add(java.lang.Object)].JML normal_behavior operation contract.0 
90206      DEBUG main            d.u.i.k.p.i.IntermediateProofReplayer Proof replay took 6.6ns 
93355      INFO  main            d.u.i.k.p.r.p.TestFile    ... finished proof: closed. 
93563      INFO  main            d.u.i.k.p.i.AbstractProblemLoader Loading environment from /home/runner/work/key/key/key.core/../key.ui/examples/heap/list_seq/ArrayList.add.key.proof 
93564      DEBUG main            d.u.i.k.p.i.AbstractProblemLoader Environment load took 490.31ns 
93566      INFO  main            d.u.i.k.p.i.AbstractProblemLoader Creating init config 
96401      DEBUG main            d.u.i.k.p.i.AbstractProblemLoader Init config took 2.84s 
96496      INFO  main            d.u.i.k.p.i.AbstractProblemLoader Replaying proof ArrayList[List::add(java.lang.Object)].JML normal_behavior operation contract.0 
96775      DEBUG main            d.u.i.k.p.i.IntermediateProofReplayer Proof replay took 266.72ms 
96777      DEBUG main            d.u.i.k.p.r.p.TestFile    ... success: reloaded. 
96779      INFO  main            d.u.i.k.p.r.p.TestFile    Now processing file /home/runner/work/key/key/key.core/../key.ui/examples/heap/list_seq/ArrayList.contains.key 
96779      INFO  main            d.u.i.k.p.i.AbstractProblemLoader Loading environment from /home/runner/work/key/key/key.core/../key.ui/examples/heap/list_seq/ArrayList.contains.key 
96779      DEBUG main            d.u.i.k.p.i.AbstractProblemLoader Environment load took 256.81ns 
96781      INFO  main            d.u.i.k.p.i.AbstractProblemLoader Creating init config 
99582      DEBUG main            d.u.i.k.p.i.AbstractProblemLoader Init config took 2.8s 
99681      INFO  main            d.u.i.k.p.i.AbstractProblemLoader Replaying proof ArrayList[List::contains(java.lang.Object)].JML normal_behavior operation contract.0 
99682      DEBUG main            d.u.i.k.p.i.IntermediateProofReplayer Proof replay took 6.5ns 
101193     INFO  main            d.u.i.k.p.r.p.TestFile    ... finished proof: closed. 
101374     INFO  main            d.u.i.k.p.i.AbstractProblemLoader Loading environment from /home/runner/work/key/key/key.core/../key.ui/examples/heap/list_seq/ArrayList.contains.key.proof 
101374     DEBUG main            d.u.i.k.p.i.AbstractProblemLoader Environment load took 510.01ns 
101376     INFO  main            d.u.i.k.p.i.AbstractProblemLoader Creating init config 
104218     DEBUG main            d.u.i.k.p.i.AbstractProblemLoader Init config took 2.84s 
104310     INFO  main            d.u.i.k.p.i.AbstractProblemLoader Replaying proof ArrayList[List::contains(java.lang.Object)].JML normal_behavior operation contract.0 
104462     DEBUG main            d.u.i.k.p.i.IntermediateProofReplayer Proof replay took 145.66ms 
104463     DEBUG main            d.u.i.k.p.r.p.TestFile    ... success: reloaded. 
104464     INFO  main            d.u.i.k.p.r.p.TestFile    Now processing file /home/runner/work/key/key/key.core/../key.ui/examples/heap/list_seq/ArrayList.enlarge.key 
104465     INFO  main            d.u.i.k.p.i.AbstractProblemLoader Loading environment from /home/runner/work/key/key/key.core/../key.ui/examples/heap/list_seq/ArrayList.enlarge.key 
104465     DEBUG main            d.u.i.k.p.i.AbstractProblemLoader Environment load took 237.71ns 
104466     INFO  main            d.u.i.k.p.i.AbstractProblemLoader Creating init config 
107256     DEBUG main            d.u.i.k.p.i.AbstractProblemLoader Init config took 2.79s 
107353     INFO  main            d.u.i.k.p.i.AbstractProblemLoader Replaying proof ArrayList[ArrayList::enlarge()].JML normal_behavior operation contract.0 
107354     DEBUG main            d.u.i.k.p.i.IntermediateProofReplayer Proof replay took 7.2ns 
109266     INFO  main            d.u.i.k.p.r.p.TestFile    ... finished proof: closed. 
109486     INFO  main            d.u.i.k.p.i.AbstractProblemLoader Loading environment from /home/runner/work/key/key/key.core/../key.ui/examples/heap/list_seq/ArrayList.enlarge.key.proof 
109487     DEBUG main            d.u.i.k.p.i.AbstractProblemLoader Environment load took 497.31ns 
109488     INFO  main            d.u.i.k.p.i.AbstractProblemLoader Creating init config 
112296     DEBUG main            d.u.i.k.p.i.AbstractProblemLoader Init config took 2.81s 
112369     INFO  main            d.u.i.k.p.i.AbstractProblemLoader Replaying proof ArrayList[ArrayList::enlarge()].JML normal_behavior operation contract.0 
112606     DEBUG main            d.u.i.k.p.i.IntermediateProofReplayer Proof replay took 229.27ms 
112607     DEBUG main            d.u.i.k.p.r.p.TestFile    ... success: reloaded. 
112608     INFO  main            d.u.i.k.p.r.p.TestFile    Now processing file /home/runner/work/key/key/key.core/../key.ui/examples/heap/list_seq/ArrayList.get.key 
112609     INFO  main            d.u.i.k.p.i.AbstractProblemLoader Loading environment from /home/runner/work/key/key/key.core/../key.ui/examples/heap/list_seq/ArrayList.get.key 
112609     DEBUG main            d.u.i.k.p.i.AbstractProblemLoader Environment load took 236.71ns 
112610     INFO  main            d.u.i.k.p.i.AbstractProblemLoader Creating init config 
115423     DEBUG main            d.u.i.k.p.i.AbstractProblemLoader Init config took 2.81s 
115495     INFO  main            d.u.i.k.p.i.AbstractProblemLoader Replaying proof ArrayList[List::get(int)].JML normal_behavior operation contract.0 
115496     DEBUG main            d.u.i.k.p.i.IntermediateProofReplayer Proof replay took 5.9ns 
116001     INFO  main            d.u.i.k.p.r.p.TestFile    ... finished proof: closed. 
116203     INFO  main            d.u.i.k.p.i.AbstractProblemLoader Loading environment from /home/runner/work/key/key/key.core/../key.ui/examples/heap/list_seq/ArrayList.get.key.proof 
116203     DEBUG main            d.u.i.k.p.i.AbstractProblemLoader Environment load took 134.8ns 
116204     INFO  main            d.u.i.k.p.i.AbstractProblemLoader Creating init config 
119006     DEBUG main            d.u.i.k.p.i.AbstractProblemLoader Init config took 2.8s 
119088     INFO  main            d.u.i.k.p.i.AbstractProblemLoader Replaying proof ArrayList[List::get(int)].JML normal_behavior operation contract.0 
119128     DEBUG main            d.u.i.k.p.i.IntermediateProofReplayer Proof replay took 36.47ms 
119129     DEBUG main            d.u.i.k.p.r.p.TestFile    ... success: reloaded. 
119130     INFO  main            d.u.i.k.p.r.p.TestFile    Now processing file /home/runner/work/key/key/key.core/../key.ui/examples/heap/list_seq/ArrayList.newArray.key 
119130     INFO  main            d.u.i.k.p.i.AbstractProblemLoader Loading environment from /home/runner/work/key/key/key.core/../key.ui/examples/heap/list_seq/ArrayList.newArray.key 
119131     DEBUG main            d.u.i.k.p.i.AbstractProblemLoader Environment load took 249.21ns 
119132     INFO  main            d.u.i.k.p.i.AbstractProblemLoader Creating init config 
121904     DEBUG main            d.u.i.k.p.i.AbstractProblemLoader Init config took 2.77s 
121981     INFO  main            d.u.i.k.p.i.AbstractProblemLoader Replaying proof ArrayList[ArrayList::newArray(int)].JML normal_behavior operation contract.0 
121982     DEBUG main            d.u.i.k.p.i.IntermediateProofReplayer Proof replay took 5.9ns 
122285     INFO  main            d.u.i.k.p.r.p.TestFile    ... finished proof: closed. 
122479     INFO  main            d.u.i.k.p.i.AbstractProblemLoader Loading environment from /home/runner/work/key/key/key.core/../key.ui/examples/heap/list_seq/ArrayList.newArray.key.proof 
122480     DEBUG main            d.u.i.k.p.i.AbstractProblemLoader Environment load took 477.01ns 
122481     INFO  main            d.u.i.k.p.i.AbstractProblemLoader Creating init config 
125207     DEBUG main            d.u.i.k.p.i.AbstractProblemLoader Init config took 2.73s 
125277     INFO  main            d.u.i.k.p.i.AbstractProblemLoader Replaying proof ArrayList[ArrayList::newArray(int)].JML normal_behavior operation contract.0 
125320     DEBUG main            d.u.i.k.p.i.IntermediateProofReplayer Proof replay took 38.72ms 
125321     DEBUG main            d.u.i.k.p.r.p.TestFile    ... success: reloaded. 
125323     INFO  main            d.u.i.k.p.r.p.TestFile    Now processing file /home/runner/work/key/key/key.core/../key.ui/examples/heap/list_seq/ArrayList.remove.0.key 
125323     INFO  main            d.u.i.k.p.i.AbstractProblemLoader Loading environment from /home/runner/work/key/key/key.core/../key.ui/examples/heap/list_seq/ArrayList.remove.0.key 
125323     DEBUG main            d.u.i.k.p.i.AbstractProblemLoader Environment load took 112.3ns 
125324     INFO  main            d.u.i.k.p.i.AbstractProblemLoader Creating init config 
128094     DEBUG main            d.u.i.k.p.i.AbstractProblemLoader Init config took 2.77s 
128161     INFO  main            d.u.i.k.p.i.AbstractProblemLoader Replaying proof ArrayList[List::remove(java.lang.Object)].JML normal_behavior operation contract.0 
128162     DEBUG main            d.u.i.k.p.i.IntermediateProofReplayer Proof replay took 6ns 
130008     INFO  main            d.u.i.k.p.r.p.TestFile    ... finished proof: closed. 
130209     INFO  main            d.u.i.k.p.i.AbstractProblemLoader Loading environment from /home/runner/work/key/key/key.core/../key.ui/examples/heap/list_seq/ArrayList.remove.0.key.proof 
130210     DEBUG main            d.u.i.k.p.i.AbstractProblemLoader Environment load took 138ns 
130211     INFO  main            d.u.i.k.p.i.AbstractProblemLoader Creating init config 
132947     DEBUG main            d.u.i.k.p.i.AbstractProblemLoader Init config took 2.74s 
133014     INFO  main            d.u.i.k.p.i.AbstractProblemLoader Replaying proof ArrayList[List::remove(java.lang.Object)].JML normal_behavior operation contract.0 
133321     DEBUG main            d.u.i.k.p.i.IntermediateProofReplayer Proof replay took 300.91ms 
133322     DEBUG main            d.u.i.k.p.r.p.TestFile    ... success: reloaded. 
133323     INFO  main            d.u.i.k.p.r.p.TestFile    Now processing file /home/runner/work/key/key/key.core/../key.ui/examples/heap/list_seq/ArrayList.remove.1.key 
133324     INFO  main            d.u.i.k.p.i.AbstractProblemLoader Loading environment from /home/runner/work/key/key/key.core/../key.ui/examples/heap/list_seq/ArrayList.remove.1.key 
133324     DEBUG main            d.u.i.k.p.i.AbstractProblemLoader Environment load took 248.31ns 
133325     INFO  main            d.u.i.k.p.i.AbstractProblemLoader Creating init config 
136071     DEBUG main            d.u.i.k.p.i.AbstractProblemLoader Init config took 2.75s 
136139     INFO  main            d.u.i.k.p.i.AbstractProblemLoader Replaying proof ArrayList[List::remove(java.lang.Object)].JML normal_behavior operation contract.1 
136141     DEBUG main            d.u.i.k.p.i.IntermediateProofReplayer Proof replay took 5.8ns 
146984     INFO  main            d.u.i.k.p.r.p.TestFile    ... finished proof: closed. 
147259     INFO  main            d.u.i.k.p.i.AbstractProblemLoader Loading environment from /home/runner/work/key/key/key.core/../key.ui/examples/heap/list_seq/ArrayList.remove.1.key.proof 
147260     DEBUG main            d.u.i.k.p.i.AbstractProblemLoader Environment load took 494.01ns 
147263     INFO  main            d.u.i.k.p.i.AbstractProblemLoader Creating init config 
149952     DEBUG main            d.u.i.k.p.i.AbstractProblemLoader Init config took 2.69s 
150019     INFO  main            d.u.i.k.p.i.AbstractProblemLoader Replaying proof ArrayList[List::remove(java.lang.Object)].JML normal_behavior operation contract.1 
150804     DEBUG main            d.u.i.k.p.i.IntermediateProofReplayer Proof replay took 738.68ms 
150807     DEBUG main            d.u.i.k.p.r.p.TestFile    ... success: reloaded. 
1319070    INFO  Test worker     d.u.i.k.p.r.RunAllProofsTestUnit Returning from test list_seq 
1319073    INFO  Test worker     d.u.i.k.p.r.RunAllProofsTestUnit Running test observer 
352        INFO  Timeout watchdog d.u.i.k.p.r.p.ForkedTestFileRunner Timeout watcher launched (2000 secs.) 
371        WARN  main            d.u.i.k.s.ProofSettings   The settings in /home/runner/.key/proof-settings.props are *not* read. 
419        INFO  main            d.u.i.k.p.r.p.TestFile    Now processing file /home/runner/work/key/key/key.core/../key.ui/examples/heap/observer/ExampleObserver_ExampleObserver.key 
540        INFO  main            d.u.i.k.p.i.AbstractProblemLoader Loading environment from /home/runner/work/key/key/key.core/../key.ui/examples/heap/observer/ExampleObserver_ExampleObserver.key 
562        DEBUG main            d.u.i.k.p.i.AbstractProblemLoader Environment load took 2.18ms 
781        INFO  main            d.u.i.k.p.i.AbstractProblemLoader Creating init config 
1733       DEBUG main            d.u.i.k.j.TypeConverter   No LDT found for Meta 
1734       DEBUG main            d.u.i.k.j.TypeConverter   No LDT found for Meta 
1737       DEBUG main            d.u.i.k.j.TypeConverter   No LDT found for Meta 
1738       DEBUG main            d.u.i.k.j.TypeConverter   No LDT found for Meta 
3207       DEBUG main            d.u.i.k.j.TypeConverter   No LDT found for JavaBigintExpression 
8302       DEBUG main            d.u.i.k.p.i.AbstractProblemLoader Init config took 7.52s 
8425       INFO  main            d.u.i.k.p.i.AbstractProblemLoader Replaying proof ExampleObserver[ExampleObserver::ExampleObserver(ExampleSubject)].JML normal_behavior operation contract.0 
8457       DEBUG main            d.u.i.k.p.i.IntermediateProofReplayer Proof replay took 33.7ns 
9486       INFO  main            d.u.i.k.p.r.p.TestFile    ... finished proof: closed. 
9605       INFO  main            d.u.i.k.p.i.AbstractProblemLoader Loading environment from /home/runner/work/key/key/key.core/../key.ui/examples/heap/observer/ExampleObserver_ExampleObserver.key.proof 
9610       DEBUG main            d.u.i.k.p.i.AbstractProblemLoader Environment load took 4.88ms 
9613       INFO  main            d.u.i.k.p.i.AbstractProblemLoader Creating init config 
12536      DEBUG main            d.u.i.k.p.i.AbstractProblemLoader Init config took 2.92s 
12608      INFO  main            d.u.i.k.p.i.AbstractProblemLoader Replaying proof ExampleObserver[ExampleObserver::ExampleObserver(ExampleSubject)].JML normal_behavior operation contract.0 
12700      DEBUG main            d.u.i.k.p.i.IntermediateProofReplayer Proof replay took 84.25ms 
12707      DEBUG main            d.u.i.k.p.r.p.TestFile    ... success: reloaded. 
12709      INFO  main            d.u.i.k.p.r.p.TestFile    Now processing file /home/runner/work/key/key/key.core/../key.ui/examples/heap/observer/ExampleObserver_inv.key 
12709      INFO  main            d.u.i.k.p.i.AbstractProblemLoader Loading environment from /home/runner/work/key/key/key.core/../key.ui/examples/heap/observer/ExampleObserver_inv.key 
12710      DEBUG main            d.u.i.k.p.i.AbstractProblemLoader Environment load took 249.6ns 
12711      INFO  main            d.u.i.k.p.i.AbstractProblemLoader Creating init config 
15539      DEBUG main            d.u.i.k.p.i.AbstractProblemLoader Init config took 2.83s 
15615      INFO  main            d.u.i.k.p.i.AbstractProblemLoader Replaying proof ExampleObserver[java.lang.Object::<inv>()].JML accessible clause.0 
15620      DEBUG main            d.u.i.k.p.i.IntermediateProofReplayer Proof replay took 5.9ns 
15722      INFO  main            d.u.i.k.p.r.p.TestFile    ... finished proof: closed. 
15853      INFO  main            d.u.i.k.p.i.AbstractProblemLoader Loading environment from /home/runner/work/key/key/key.core/../key.ui/examples/heap/observer/ExampleObserver_inv.key.proof 
15854      DEBUG main            d.u.i.k.p.i.AbstractProblemLoader Environment load took 151.5ns 
15856      INFO  main            d.u.i.k.p.i.AbstractProblemLoader Creating init config 
18653      DEBUG main            d.u.i.k.p.i.AbstractProblemLoader Init config took 2.8s 
18705      INFO  main            d.u.i.k.p.i.AbstractProblemLoader Replaying proof ExampleObserver[java.lang.Object::<inv>()].JML accessible clause.0 
18721      DEBUG main            d.u.i.k.p.i.IntermediateProofReplayer Proof replay took 13.22ms 
18722      DEBUG main            d.u.i.k.p.r.p.TestFile    ... success: reloaded. 
18723      INFO  main            d.u.i.k.p.r.p.TestFile    Now processing file /home/runner/work/key/key/key.core/../key.ui/examples/heap/observer/ExampleObserver_subject.key 
18724      INFO  main            d.u.i.k.p.i.AbstractProblemLoader Loading environment from /home/runner/work/key/key/key.core/../key.ui/examples/heap/observer/ExampleObserver_subject.key 
18724      DEBUG main            d.u.i.k.p.i.AbstractProblemLoader Environment load took 243.31ns 
18725      INFO  main            d.u.i.k.p.i.AbstractProblemLoader Creating init config 
21428      DEBUG main            d.u.i.k.p.i.AbstractProblemLoader Init config took 2.7s 
21480      INFO  main            d.u.i.k.p.i.AbstractProblemLoader Replaying proof Observer[Observer::$subject()].JML accessible clause.0 
21482      DEBUG main            d.u.i.k.p.i.IntermediateProofReplayer Proof replay took 5.9ns 
21584      INFO  main            d.u.i.k.p.r.p.TestFile    ... finished proof: closed. 
21732      INFO  main            d.u.i.k.p.i.AbstractProblemLoader Loading environment from /home/runner/work/key/key/key.core/../key.ui/examples/heap/observer/ExampleObserver_subject.key.proof 
21732      DEBUG main            d.u.i.k.p.i.AbstractProblemLoader Environment load took 130.4ns 
21733      INFO  main            d.u.i.k.p.i.AbstractProblemLoader Creating init config 
24413      DEBUG main            d.u.i.k.p.i.AbstractProblemLoader Init config took 2.68s 
24460      INFO  main            d.u.i.k.p.i.AbstractProblemLoader Replaying proof Observer[Observer::$subject()].JML accessible clause.0 
24463      DEBUG main            d.u.i.k.p.i.IntermediateProofReplayer Proof replay took 1.43ms 
24464      DEBUG main            d.u.i.k.p.r.p.TestFile    ... success: reloaded. 
24465      INFO  main            d.u.i.k.p.r.p.TestFile    Now processing file /home/runner/work/key/key/key.core/../key.ui/examples/heap/observer/ExampleObserver_update.key 
24466      INFO  main            d.u.i.k.p.i.AbstractProblemLoader Loading environment from /home/runner/work/key/key/key.core/../key.ui/examples/heap/observer/ExampleObserver_update.key 
24466      DEBUG main            d.u.i.k.p.i.AbstractProblemLoader Environment load took 256.2ns 
24467      INFO  main            d.u.i.k.p.i.AbstractProblemLoader Creating init config 
27157      DEBUG main            d.u.i.k.p.i.AbstractProblemLoader Init config took 2.69s 
27205      INFO  main            d.u.i.k.p.i.AbstractProblemLoader Replaying proof ExampleObserver[Observer::update()].JML normal_behavior operation contract.0 
27207      DEBUG main            d.u.i.k.p.i.IntermediateProofReplayer Proof replay took 6.1ns 
27510      INFO  main            d.u.i.k.p.r.p.TestFile    ... finished proof: closed. 
27667      INFO  main            d.u.i.k.p.i.AbstractProblemLoader Loading environment from /home/runner/work/key/key/key.core/../key.ui/examples/heap/observer/ExampleObserver_update.key.proof 
27667      DEBUG main            d.u.i.k.p.i.AbstractProblemLoader Environment load took 650.01ns 
27669      INFO  main            d.u.i.k.p.i.AbstractProblemLoader Creating init config 
30331      DEBUG main            d.u.i.k.p.i.AbstractProblemLoader Init config took 2.66s 
30377      INFO  main            d.u.i.k.p.i.AbstractProblemLoader Replaying proof ExampleObserver[Observer::update()].JML normal_behavior operation contract.0 
30431      DEBUG main            d.u.i.k.p.i.IntermediateProofReplayer Proof replay took 50.06ms 
30433      DEBUG main            d.u.i.k.p.r.p.TestFile    ... success: reloaded. 
30434      INFO  main            d.u.i.k.p.r.p.TestFile    Now processing file /home/runner/work/key/key/key.core/../key.ui/examples/heap/observer/ExampleObserver_upToDate.key 
30434      INFO  main            d.u.i.k.p.i.AbstractProblemLoader Loading environment from /home/runner/work/key/key/key.core/../key.ui/examples/heap/observer/ExampleObserver_upToDate.key 
30435      DEBUG main            d.u.i.k.p.i.AbstractProblemLoader Environment load took 250.1ns 
30436      INFO  main            d.u.i.k.p.i.AbstractProblemLoader Creating init config 
33128      DEBUG main            d.u.i.k.p.i.AbstractProblemLoader Init config took 2.69s 
33172      INFO  main            d.u.i.k.p.i.AbstractProblemLoader Replaying proof ExampleObserver[Observer::$upToDate()].JML accessible clause.0 
33174      DEBUG main            d.u.i.k.p.i.IntermediateProofReplayer Proof replay took 5.9ns 
33277      INFO  main            d.u.i.k.p.r.p.TestFile    ... finished proof: closed. 
33504      INFO  main            d.u.i.k.p.i.AbstractProblemLoader Loading environment from /home/runner/work/key/key/key.core/../key.ui/examples/heap/observer/ExampleObserver_upToDate.key.proof 
33505      DEBUG main            d.u.i.k.p.i.AbstractProblemLoader Environment load took 127.7ns 
33506      INFO  main            d.u.i.k.p.i.AbstractProblemLoader Creating init config 
36161      DEBUG main            d.u.i.k.p.i.AbstractProblemLoader Init config took 2.66s 
36206      INFO  main            d.u.i.k.p.i.AbstractProblemLoader Replaying proof ExampleObserver[Observer::$upToDate()].JML accessible clause.0 
36223      DEBUG main            d.u.i.k.p.i.IntermediateProofReplayer Proof replay took 14.47ms 
36224      DEBUG main            d.u.i.k.p.r.p.TestFile    ... success: reloaded. 
36225      INFO  main            d.u.i.k.p.r.p.TestFile    Now processing file /home/runner/work/key/key/key.core/../key.ui/examples/heap/observer/ExampleObserver_value.key 
36226      INFO  main            d.u.i.k.p.i.AbstractProblemLoader Loading environment from /home/runner/work/key/key/key.core/../key.ui/examples/heap/observer/ExampleObserver_value.key 
36226      DEBUG main            d.u.i.k.p.i.AbstractProblemLoader Environment load took 291.4ns 
36227      INFO  main            d.u.i.k.p.i.AbstractProblemLoader Creating init config 
38917      DEBUG main            d.u.i.k.p.i.AbstractProblemLoader Init config took 2.69s 
38964      INFO  main            d.u.i.k.p.i.AbstractProblemLoader Replaying proof ExampleObserver[ExampleObserver::value()].JML normal_behavior operation contract.0 
38966      DEBUG main            d.u.i.k.p.i.IntermediateProofReplayer Proof replay took 7.7ns 
39072      INFO  main            d.u.i.k.p.r.p.TestFile    ... finished proof: closed. 
39240      INFO  main            d.u.i.k.p.i.AbstractProblemLoader Loading environment from /home/runner/work/key/key/key.core/../key.ui/examples/heap/observer/ExampleObserver_value.key.proof 
39240      DEBUG main            d.u.i.k.p.i.AbstractProblemLoader Environment load took 128.2ns 
39242      INFO  main            d.u.i.k.p.i.AbstractProblemLoader Creating init config 
41850      DEBUG main            d.u.i.k.p.i.AbstractProblemLoader Init config took 2.61s 
41894      INFO  main            d.u.i.k.p.i.AbstractProblemLoader Replaying proof ExampleObserver[ExampleObserver::value()].JML normal_behavior operation contract.0 
41910      DEBUG main            d.u.i.k.p.i.IntermediateProofReplayer Proof replay took 14.29ms 
41911      DEBUG main            d.u.i.k.p.r.p.TestFile    ... success: reloaded. 
41912      INFO  main            d.u.i.k.p.r.p.TestFile    Now processing file /home/runner/work/key/key/key.core/../key.ui/examples/heap/observer/ExampleSubject_addObserver.key 
41913      INFO  main            d.u.i.k.p.i.AbstractProblemLoader Loading environment from /home/runner/work/key/key/key.core/../key.ui/examples/heap/observer/ExampleSubject_addObserver.key 
41913      DEBUG main            d.u.i.k.p.i.AbstractProblemLoader Environment load took 165.1ns 
41914      INFO  main            d.u.i.k.p.i.AbstractProblemLoader Creating init config 
44540      DEBUG main            d.u.i.k.p.i.AbstractProblemLoader Init config took 2.63s 
44591      INFO  main            d.u.i.k.p.i.AbstractProblemLoader Replaying proof ExampleSubject[Subject::addObserver(Observer)].JML normal_behavior operation contract.0 
44593      DEBUG main            d.u.i.k.p.i.IntermediateProofReplayer Proof replay took 8ns 
49653      INFO  main            d.u.i.k.p.r.p.TestFile    ... finished proof: closed. 
49873      INFO  main            d.u.i.k.p.i.AbstractProblemLoader Loading environment from /home/runner/work/key/key/key.core/../key.ui/examples/heap/observer/ExampleSubject_addObserver.key.proof 
49877      DEBUG main            d.u.i.k.p.i.AbstractProblemLoader Environment load took 4.16ms 
49879      INFO  main            d.u.i.k.p.i.AbstractProblemLoader Creating init config 
52481      DEBUG main            d.u.i.k.p.i.AbstractProblemLoader Init config took 2.6s 
52541      INFO  main            d.u.i.k.p.i.AbstractProblemLoader Replaying proof ExampleSubject[Subject::addObserver(Observer)].JML normal_behavior operation contract.0 
53109      DEBUG main            d.u.i.k.p.i.IntermediateProofReplayer Proof replay took 540.91ms 
53111      DEBUG main            d.u.i.k.p.r.p.TestFile    ... success: reloaded. 
53112      INFO  main            d.u.i.k.p.r.p.TestFile    Now processing file /home/runner/work/key/key/key.core/../key.ui/examples/heap/observer/ExampleSubject_change.key 
53113      INFO  main            d.u.i.k.p.i.AbstractProblemLoader Loading environment from /home/runner/work/key/key/key.core/../key.ui/examples/heap/observer/ExampleSubject_change.key 
53113      DEBUG main            d.u.i.k.p.i.AbstractProblemLoader Environment load took 234.6ns 
53114      INFO  main            d.u.i.k.p.i.AbstractProblemLoader Creating init config 
55713      DEBUG main            d.u.i.k.p.i.AbstractProblemLoader Init config took 2.6s 
55780      INFO  main            d.u.i.k.p.i.AbstractProblemLoader Replaying proof ExampleSubject[ExampleSubject::change()].JML normal_behavior operation contract.0 
55782      DEBUG main            d.u.i.k.p.i.IntermediateProofReplayer Proof replay took 6.8ns 
56289      INFO  main            d.u.i.k.p.r.p.TestFile    ... finished proof: closed. 
56482      INFO  main            d.u.i.k.p.i.AbstractProblemLoader Loading environment from /home/runner/work/key/key/key.core/../key.ui/examples/heap/observer/ExampleSubject_change.key.proof 
56484      DEBUG main            d.u.i.k.p.i.AbstractProblemLoader Environment load took 1.6ms 
56485      INFO  main            d.u.i.k.p.i.AbstractProblemLoader Creating init config 
59090      DEBUG main            d.u.i.k.p.i.AbstractProblemLoader Init config took 2.6s 
59138      INFO  main            d.u.i.k.p.i.AbstractProblemLoader Replaying proof ExampleSubject[ExampleSubject::change()].JML normal_behavior operation contract.0 
59197      DEBUG main            d.u.i.k.p.i.IntermediateProofReplayer Proof replay took 52.76ms 
59199      DEBUG main            d.u.i.k.p.r.p.TestFile    ... success: reloaded. 
59200      INFO  main            d.u.i.k.p.r.p.TestFile    Now processing file /home/runner/work/key/key/key.core/../key.ui/examples/heap/observer/ExampleSubject_ExampleSubject.key 
59201      INFO  main            d.u.i.k.p.i.AbstractProblemLoader Loading environment from /home/runner/work/key/key/key.core/../key.ui/examples/heap/observer/ExampleSubject_ExampleSubject.key 
59201      DEBUG main            d.u.i.k.p.i.AbstractProblemLoader Environment load took 240.41ns 
59202      INFO  main            d.u.i.k.p.i.AbstractProblemLoader Creating init config 
61762      DEBUG main            d.u.i.k.p.i.AbstractProblemLoader Init config took 2.56s 
61834      INFO  main            d.u.i.k.p.i.AbstractProblemLoader Replaying proof ExampleSubject[ExampleSubject::ExampleSubject()].JML normal_behavior operation contract.0 
61836      DEBUG main            d.u.i.k.p.i.IntermediateProofReplayer Proof replay took 7.8ns 
62841      INFO  main            d.u.i.k.p.r.p.TestFile    ... finished proof: closed. 
63062      INFO  main            d.u.i.k.p.i.AbstractProblemLoader Loading environment from /home/runner/work/key/key/key.core/../key.ui/examples/heap/observer/ExampleSubject_ExampleSubject.key.proof 
63063      DEBUG main            d.u.i.k.p.i.AbstractProblemLoader Environment load took 466.61ns 
63064      INFO  main            d.u.i.k.p.i.AbstractProblemLoader Creating init config 
65634      DEBUG main            d.u.i.k.p.i.AbstractProblemLoader Init config took 2.57s 
65677      INFO  main            d.u.i.k.p.i.AbstractProblemLoader Replaying proof ExampleSubject[ExampleSubject::ExampleSubject()].JML normal_behavior operation contract.0 
65804      DEBUG main            d.u.i.k.p.i.IntermediateProofReplayer Proof replay took 119.12ms 
65805      DEBUG main            d.u.i.k.p.r.p.TestFile    ... success: reloaded. 
65807      INFO  main            d.u.i.k.p.r.p.TestFile    Now processing file /home/runner/work/key/key/key.core/../key.ui/examples/heap/observer/ExampleSubject_footprint.key 
65807      INFO  main            d.u.i.k.p.i.AbstractProblemLoader Loading environment from /home/runner/work/key/key/key.core/../key.ui/examples/heap/observer/ExampleSubject_footprint.key 
65807      DEBUG main            d.u.i.k.p.i.AbstractProblemLoader Environment load took 246.41ns 
65808      INFO  main            d.u.i.k.p.i.AbstractProblemLoader Creating init config 
68440      DEBUG main            d.u.i.k.p.i.AbstractProblemLoader Init config took 2.63s 
68487      INFO  main            d.u.i.k.p.i.AbstractProblemLoader Replaying proof ExampleSubject[Subject::$footprint()].JML accessible clause.0 
68489      DEBUG main            d.u.i.k.p.i.IntermediateProofReplayer Proof replay took 5.7ns 
68591      INFO  main            d.u.i.k.p.r.p.TestFile    ... finished proof: closed. 
68777      INFO  main            d.u.i.k.p.i.AbstractProblemLoader Loading environment from /home/runner/work/key/key/key.core/../key.ui/examples/heap/observer/ExampleSubject_footprint.key.proof 
68777      DEBUG main            d.u.i.k.p.i.AbstractProblemLoader Environment load took 123.6ns 
68778      INFO  main            d.u.i.k.p.i.AbstractProblemLoader Creating init config 
71339      DEBUG main            d.u.i.k.p.i.AbstractProblemLoader Init config took 2.56s 
71384      INFO  main            d.u.i.k.p.i.AbstractProblemLoader Replaying proof ExampleSubject[Subject::$footprint()].JML accessible clause.0 
71397      DEBUG main            d.u.i.k.p.i.IntermediateProofReplayer Proof replay took 10.09ms 
71399      DEBUG main            d.u.i.k.p.r.p.TestFile    ... success: reloaded. 
71400      INFO  main            d.u.i.k.p.r.p.TestFile    Now processing file /home/runner/work/key/key/key.core/../key.ui/examples/heap/observer/ExampleSubject_inv.key 
71401      INFO  main            d.u.i.k.p.i.AbstractProblemLoader Loading environment from /home/runner/work/key/key/key.core/../key.ui/examples/heap/observer/ExampleSubject_inv.key 
71401      DEBUG main            d.u.i.k.p.i.AbstractProblemLoader Environment load took 239.5ns 
71402      INFO  main            d.u.i.k.p.i.AbstractProblemLoader Creating init config 
74032      DEBUG main            d.u.i.k.p.i.AbstractProblemLoader Init config took 2.63s 
74073      INFO  main            d.u.i.k.p.i.AbstractProblemLoader Replaying proof ExampleSubject[java.lang.Object::<inv>()].JML accessible clause.0 
74075      DEBUG main            d.u.i.k.p.i.IntermediateProofReplayer Proof replay took 6.6ns 
75182      INFO  main            d.u.i.k.p.r.p.TestFile    ... finished proof: closed. 
75389      INFO  main            d.u.i.k.p.i.AbstractProblemLoader Loading environment from /home/runner/work/key/key/key.core/../key.ui/examples/heap/observer/ExampleSubject_inv.key.proof 
75390      DEBUG main            d.u.i.k.p.i.AbstractProblemLoader Environment load took 136.8ns 
75391      INFO  main            d.u.i.k.p.i.AbstractProblemLoader Creating init config 
77985      DEBUG main            d.u.i.k.p.i.AbstractProblemLoader Init config took 2.59s 
78027      INFO  main            d.u.i.k.p.i.AbstractProblemLoader Replaying proof ExampleSubject[java.lang.Object::<inv>()].JML accessible clause.0 
78092      DEBUG main            d.u.i.k.p.i.IntermediateProofReplayer Proof replay took 58.59ms 
78094      DEBUG main            d.u.i.k.p.r.p.TestFile    ... success: reloaded. 
78095      INFO  main            d.u.i.k.p.r.p.TestFile    Now processing file /home/runner/work/key/key/key.core/../key.ui/examples/heap/observer/ExampleSubject_notifyObservers.key 
78096      INFO  main            d.u.i.k.p.i.AbstractProblemLoader Loading environment from /home/runner/work/key/key/key.core/../key.ui/examples/heap/observer/ExampleSubject_notifyObservers.key 
78096      DEBUG main            d.u.i.k.p.i.AbstractProblemLoader Environment load took 221.1ns 
78097      INFO  main            d.u.i.k.p.i.AbstractProblemLoader Creating init config 
80693      DEBUG main            d.u.i.k.p.i.AbstractProblemLoader Init config took 2.6s 
80735      INFO  main            d.u.i.k.p.i.AbstractProblemLoader Replaying proof Subject[Subject::notifyObservers()].JML normal_behavior operation contract.0 
80737      DEBUG main            d.u.i.k.p.i.IntermediateProofReplayer Proof replay took 6.5ns 
80838      INFO  main            d.u.i.k.p.r.p.TestFile    ... finished proof: closed. 
81038      INFO  main            d.u.i.k.p.i.AbstractProblemLoader Loading environment from /home/runner/work/key/key/key.core/../key.ui/examples/heap/observer/ExampleSubject_notifyObservers.key.proof 
81038      DEBUG main            d.u.i.k.p.i.AbstractProblemLoader Environment load took 130.5ns 
81039      INFO  main            d.u.i.k.p.i.AbstractProblemLoader Creating init config 
83553      DEBUG main            d.u.i.k.p.i.AbstractProblemLoader Init config took 2.51s 
83598      INFO  main            d.u.i.k.p.i.AbstractProblemLoader Replaying proof Subject[Subject::notifyObservers()].JML normal_behavior operation contract.0 
83602      DEBUG main            d.u.i.k.p.i.IntermediateProofReplayer Proof replay took 2.11ms 
83604      DEBUG main            d.u.i.k.p.r.p.TestFile    ... success: reloaded. 
83605      INFO  main            d.u.i.k.p.r.p.TestFile    Now processing file /home/runner/work/key/key/key.core/../key.ui/examples/heap/observer/ExampleSubject_value_dep.key 
83605      INFO  main            d.u.i.k.p.i.AbstractProblemLoader Loading environment from /home/runner/work/key/key/key.core/../key.ui/examples/heap/observer/ExampleSubject_value_dep.key 
83605      DEBUG main            d.u.i.k.p.i.AbstractProblemLoader Environment load took 98.4ns 
83607      INFO  main            d.u.i.k.p.i.AbstractProblemLoader Creating init config 
86246      DEBUG main            d.u.i.k.p.i.AbstractProblemLoader Init config took 2.64s 
86287      INFO  main            d.u.i.k.p.i.AbstractProblemLoader Replaying proof ExampleSubject[ExampleSubject::value()].JML accessible clause.0 
86288      DEBUG main            d.u.i.k.p.i.IntermediateProofReplayer Proof replay took 6.1ns 
86390      INFO  main            d.u.i.k.p.r.p.TestFile    ... finished proof: closed. 
86681      INFO  main            d.u.i.k.p.i.AbstractProblemLoader Loading environment from /home/runner/work/key/key/key.core/../key.ui/examples/heap/observer/ExampleSubject_value_dep.key.proof 
86681      DEBUG main            d.u.i.k.p.i.AbstractProblemLoader Environment load took 130ns 
86682      INFO  main            d.u.i.k.p.i.AbstractProblemLoader Creating init config 
89205      DEBUG main            d.u.i.k.p.i.AbstractProblemLoader Init config took 2.52s 
89245      INFO  main            d.u.i.k.p.i.AbstractProblemLoader Replaying proof ExampleSubject[ExampleSubject::value()].JML accessible clause.0 
89257      DEBUG main            d.u.i.k.p.i.IntermediateProofReplayer Proof replay took 10.59ms 
89258      DEBUG main            d.u.i.k.p.r.p.TestFile    ... success: reloaded. 
89259      INFO  main            d.u.i.k.p.r.p.TestFile    Now processing file /home/runner/work/key/key/key.core/../key.ui/examples/heap/observer/ExampleSubject_value.key 
89259      INFO  main            d.u.i.k.p.i.AbstractProblemLoader Loading environment from /home/runner/work/key/key/key.core/../key.ui/examples/heap/observer/ExampleSubject_value.key 
89259      DEBUG main            d.u.i.k.p.i.AbstractProblemLoader Environment load took 141.1ns 
89260      INFO  main            d.u.i.k.p.i.AbstractProblemLoader Creating init config 
91853      DEBUG main            d.u.i.k.p.i.AbstractProblemLoader Init config took 2.59s 
91893      INFO  main            d.u.i.k.p.i.AbstractProblemLoader Replaying proof ExampleSubject[ExampleSubject::value()].JML normal_behavior operation contract.0 
91895      DEBUG main            d.u.i.k.p.i.IntermediateProofReplayer Proof replay took 6ns 
91997      INFO  main            d.u.i.k.p.r.p.TestFile    ... finished proof: closed. 
92215      INFO  main            d.u.i.k.p.i.AbstractProblemLoader Loading environment from /home/runner/work/key/key/key.core/../key.ui/examples/heap/observer/ExampleSubject_value.key.proof 
92215      DEBUG main            d.u.i.k.p.i.AbstractProblemLoader Environment load took 124.9ns 
92216      INFO  main            d.u.i.k.p.i.AbstractProblemLoader Creating init config 
94738      DEBUG main            d.u.i.k.p.i.AbstractProblemLoader Init config took 2.52s 
94778      INFO  main            d.u.i.k.p.i.AbstractProblemLoader Replaying proof ExampleSubject[ExampleSubject::value()].JML normal_behavior operation contract.0 
94788      DEBUG main            d.u.i.k.p.i.IntermediateProofReplayer Proof replay took 8.34ms 
94789      DEBUG main            d.u.i.k.p.r.p.TestFile    ... success: reloaded. 
1414025    INFO  Test worker     d.u.i.k.p.r.RunAllProofsTestUnit Returning from test observer 
1414026    INFO  Test worker     d.u.i.k.p.r.RunAllProofsTestUnit Running test removeDups 
345        INFO  Timeout watchdog d.u.i.k.p.r.p.ForkedTestFileRunner Timeout watcher launched (2000 secs.) 
350        WARN  main            d.u.i.k.s.ProofSettings   The settings in /home/runner/.key/proof-settings.props are *not* read. 
376        INFO  main            d.u.i.k.p.r.p.TestFile    Now processing file /home/runner/work/key/key/key.core/../key.ui/examples/heap/removeDups/arrayPart.key 
480        INFO  main            d.u.i.k.p.i.AbstractProblemLoader Loading environment from /home/runner/work/key/key/key.core/../key.ui/examples/heap/removeDups/arrayPart.key 
501        DEBUG main            d.u.i.k.p.i.AbstractProblemLoader Environment load took 2.19ms 
713        INFO  main            d.u.i.k.p.i.AbstractProblemLoader Creating init config 
1775       DEBUG main            d.u.i.k.j.TypeConverter   No LDT found for Meta 
1776       DEBUG main            d.u.i.k.j.TypeConverter   No LDT found for Meta 
1778       DEBUG main            d.u.i.k.j.TypeConverter   No LDT found for Meta 
1779       DEBUG main            d.u.i.k.j.TypeConverter   No LDT found for Meta 
3236       DEBUG main            d.u.i.k.j.TypeConverter   No LDT found for JavaBigintExpression 
8348       DEBUG main            d.u.i.k.p.i.AbstractProblemLoader Init config took 7.63s 
8472       INFO  main            d.u.i.k.p.i.AbstractProblemLoader Replaying proof RemoveDup[RemoveDup::arrayPart([I,int)].JML normal_behavior operation contract.0 
8503       DEBUG main            d.u.i.k.p.i.IntermediateProofReplayer Proof replay took 61.5ns 
11148      INFO  main            d.u.i.k.p.r.p.TestFile    ... finished proof: closed. 
11286      INFO  main            d.u.i.k.p.i.AbstractProblemLoader Loading environment from /home/runner/work/key/key/key.core/../key.ui/examples/heap/removeDups/arrayPart.key.proof 
11291      DEBUG main            d.u.i.k.p.i.AbstractProblemLoader Environment load took 4.38ms 
11293      INFO  main            d.u.i.k.p.i.AbstractProblemLoader Creating init config 
14208      DEBUG main            d.u.i.k.p.i.AbstractProblemLoader Init config took 2.92s 
14279      INFO  main            d.u.i.k.p.i.AbstractProblemLoader Replaying proof RemoveDup[RemoveDup::arrayPart([I,int)].JML normal_behavior operation contract.0 
14545      DEBUG main            d.u.i.k.p.i.IntermediateProofReplayer Proof replay took 253.39ms 
14552      DEBUG main            d.u.i.k.p.r.p.TestFile    ... success: reloaded. 
14554      INFO  main            d.u.i.k.p.r.p.TestFile    Now processing file /home/runner/work/key/key/key.core/../key.ui/examples/heap/removeDups/contains.key 
14554      INFO  main            d.u.i.k.p.i.AbstractProblemLoader Loading environment from /home/runner/work/key/key/key.core/../key.ui/examples/heap/removeDups/contains.key 
14554      DEBUG main            d.u.i.k.p.i.AbstractProblemLoader Environment load took 232.31ns 
14556      INFO  main            d.u.i.k.p.i.AbstractProblemLoader Creating init config 
17296      DEBUG main            d.u.i.k.p.i.AbstractProblemLoader Init config took 2.74s 
17348      INFO  main            d.u.i.k.p.i.AbstractProblemLoader Replaying proof RemoveDup[RemoveDup::contains([I,int,int)].JML normal_behavior operation contract.0 
17350      DEBUG main            d.u.i.k.p.i.IntermediateProofReplayer Proof replay took 5.7ns 
17854      INFO  main            d.u.i.k.p.r.p.TestFile    ... finished proof: closed. 
18068      INFO  main            d.u.i.k.p.i.AbstractProblemLoader Loading environment from /home/runner/work/key/key/key.core/../key.ui/examples/heap/removeDups/contains.key.proof 
18069      DEBUG main            d.u.i.k.p.i.AbstractProblemLoader Environment load took 683.21ns 
18072      INFO  main            d.u.i.k.p.i.AbstractProblemLoader Creating init config 
20763      DEBUG main            d.u.i.k.p.i.AbstractProblemLoader Init config took 2.69s 
20822      INFO  main            d.u.i.k.p.i.AbstractProblemLoader Replaying proof RemoveDup[RemoveDup::contains([I,int,int)].JML normal_behavior operation contract.0 
20904      DEBUG main            d.u.i.k.p.i.IntermediateProofReplayer Proof replay took 76.62ms 
20905      DEBUG main            d.u.i.k.p.r.p.TestFile    ... success: reloaded. 
20906      INFO  main            d.u.i.k.p.r.p.TestFile    Now processing file /home/runner/work/key/key/key.core/../key.ui/examples/heap/removeDups/removeDup.key 
20907      INFO  main            d.u.i.k.p.i.AbstractProblemLoader Loading environment from /home/runner/work/key/key/key.core/../key.ui/examples/heap/removeDups/removeDup.key 
20907      DEBUG main            d.u.i.k.p.i.AbstractProblemLoader Environment load took 241.91ns 
20908      INFO  main            d.u.i.k.p.i.AbstractProblemLoader Creating init config 
23568      DEBUG main            d.u.i.k.p.i.AbstractProblemLoader Init config took 2.66s 
23615      INFO  main            d.u.i.k.p.i.AbstractProblemLoader Replaying proof RemoveDup[RemoveDup::removeDup([I)].JML normal_behavior operation contract.0 
23618      DEBUG main            d.u.i.k.p.i.IntermediateProofReplayer Proof replay took 6.7ns 
43362      INFO  main            d.u.i.k.p.r.p.TestFile    ... finished proof: closed. 
43620      INFO  main            d.u.i.k.p.i.AbstractProblemLoader Loading environment from /home/runner/work/key/key/key.core/../key.ui/examples/heap/removeDups/removeDup.key.proof 
43621      DEBUG main            d.u.i.k.p.i.AbstractProblemLoader Environment load took 503.41ns 
43633      INFO  main            d.u.i.k.p.i.AbstractProblemLoader Creating init config 
46180      DEBUG main            d.u.i.k.p.i.AbstractProblemLoader Init config took 2.55s 
46224      INFO  main            d.u.i.k.p.i.AbstractProblemLoader Replaying proof RemoveDup[RemoveDup::removeDup([I)].JML normal_behavior operation contract.0 
47387      DEBUG main            d.u.i.k.p.i.IntermediateProofReplayer Proof replay took 1.11s 
47390      DEBUG main            d.u.i.k.p.r.p.TestFile    ... success: reloaded. 
47392      INFO  main            d.u.i.k.p.r.p.TestFile    Now processing file /home/runner/work/key/key/key.core/../key.ui/examples/heap/saddleback_search/Saddleback_search.key 
47392      INFO  main            d.u.i.k.p.i.AbstractProblemLoader Loading environment from /home/runner/work/key/key/key.core/../key.ui/examples/heap/saddleback_search/Saddleback_search.key 
47394      DEBUG main            d.u.i.k.p.i.AbstractProblemLoader Environment load took 1.89ms 
47395      INFO  main            d.u.i.k.p.i.AbstractProblemLoader Creating init config 
50069      DEBUG main            d.u.i.k.p.i.AbstractProblemLoader Init config took 2.67s 
50108      INFO  main            d.u.i.k.p.i.AbstractProblemLoader Replaying proof Saddleback[Saddleback::search([[I,int)].JML normal_behavior operation contract.0 
50116      DEBUG main            d.u.i.k.p.i.IntermediateProofReplayer Proof replay took 5.6ns 
125636     INFO  main            d.u.i.k.p.r.p.TestFile    ... finished proof: closed. 
126013     INFO  main            d.u.i.k.p.i.AbstractProblemLoader Loading environment from /home/runner/work/key/key/key.core/../key.ui/examples/heap/saddleback_search/Saddleback_search.key.proof 
126013     DEBUG main            d.u.i.k.p.i.AbstractProblemLoader Environment load took 331.01ns 
126023     INFO  main            d.u.i.k.p.i.AbstractProblemLoader Creating init config 
128538     DEBUG main            d.u.i.k.p.i.AbstractProblemLoader Init config took 2.51s 
128575     INFO  main            d.u.i.k.p.i.AbstractProblemLoader Replaying proof Saddleback[Saddleback::search([[I,int)].JML normal_behavior operation contract.0 
130130     DEBUG main            d.u.i.k.p.i.IntermediateProofReplayer Proof replay took 1.42s 
130141     DEBUG main            d.u.i.k.p.r.p.TestFile    ... success: reloaded. 
1544353    INFO  Test worker     d.u.i.k.p.r.RunAllProofsTestUnit Returning from test removeDups 
1544355    INFO  Test worker     d.u.i.k.p.r.RunAllProofsTestUnit Running test quicksort 
349        INFO  Timeout watchdog d.u.i.k.p.r.p.ForkedTestFileRunner Timeout watcher launched (2000 secs.) 
352        WARN  main            d.u.i.k.s.ProofSettings   The settings in /home/runner/.key/proof-settings.props are *not* read. 
380        INFO  main            d.u.i.k.p.r.p.TestFile    Now processing file /home/runner/work/key/key/key.core/../key.ui/examples/heap/quicksort/toplevel.key 
500        INFO  main            d.u.i.k.p.i.AbstractProblemLoader Loading environment from /home/runner/work/key/key/key.core/../key.ui/examples/heap/quicksort/toplevel.key 
516        DEBUG main            d.u.i.k.p.i.AbstractProblemLoader Environment load took 1.82ms 
727        INFO  main            d.u.i.k.p.i.AbstractProblemLoader Creating init config 
1577       DEBUG main            d.u.i.k.j.TypeConverter   No LDT found for Meta 
1578       DEBUG main            d.u.i.k.j.TypeConverter   No LDT found for Meta 
1579       DEBUG main            d.u.i.k.j.TypeConverter   No LDT found for Meta 
1579       DEBUG main            d.u.i.k.j.TypeConverter   No LDT found for Meta 
2878       DEBUG main            d.u.i.k.j.TypeConverter   No LDT found for JavaBigintExpression 
8119       DEBUG main            d.u.i.k.p.i.AbstractProblemLoader Init config took 7.39s 
8248       INFO  main            d.u.i.k.p.i.AbstractProblemLoader Replaying proof Quicksort[Quicksort::sort([I)].JML normal_behavior operation contract.0 
8281       DEBUG main            d.u.i.k.p.i.IntermediateProofReplayer Proof replay took 33ns 
9416       INFO  main            d.u.i.k.p.r.p.TestFile    ... finished proof: closed. 
9550       INFO  main            d.u.i.k.p.i.AbstractProblemLoader Loading environment from /home/runner/work/key/key/key.core/../key.ui/examples/heap/quicksort/toplevel.key.proof 
9550       DEBUG main            d.u.i.k.p.i.AbstractProblemLoader Environment load took 534.81ns 
9553       INFO  main            d.u.i.k.p.i.AbstractProblemLoader Creating init config 
12395      DEBUG main            d.u.i.k.p.i.AbstractProblemLoader Init config took 2.84s 
12462      INFO  main            d.u.i.k.p.i.AbstractProblemLoader Replaying proof Quicksort[Quicksort::sort([I)].JML normal_behavior operation contract.0 
12612      DEBUG main            d.u.i.k.p.i.IntermediateProofReplayer Proof replay took 142.06ms 
12619      DEBUG main            d.u.i.k.p.r.p.TestFile    ... success: reloaded. 
12621      INFO  main            d.u.i.k.p.r.p.TestFile    Now processing file /home/runner/work/key/key/key.core/../key.ui/examples/heap/quicksort/sort.key 
12622      INFO  main            d.u.i.k.p.i.AbstractProblemLoader Loading environment from /home/runner/work/key/key/key.core/../key.ui/examples/heap/quicksort/sort.key 
12622      DEBUG main            d.u.i.k.p.i.AbstractProblemLoader Environment load took 277.5ns 
12624      INFO  main            d.u.i.k.p.i.AbstractProblemLoader Creating init config 
15362      DEBUG main            d.u.i.k.p.i.AbstractProblemLoader Init config took 2.74s 
15422      INFO  main            d.u.i.k.p.i.AbstractProblemLoader Replaying proof Quicksort[Quicksort::sort([I,int,int)].JML normal_behavior operation contract.0 
15426      DEBUG main            d.u.i.k.p.i.IntermediateProofReplayer Proof replay took 6.9ns 
15452      DEBUG main            d.u.i.k.m.s.ProofScriptEngine 1: 'script 'sort.script'' 
15456      INFO  main            d.u.i.k.m.s.ProofScriptCommand Included script /home/runner/work/key/key/key.core/../key.ui/examples/heap/quicksort/sort.script 
15456      DEBUG main            d.u.i.k.m.s.ProofScriptEngine 1: 'macro autopilot-prep' 
16613      DEBUG main            d.u.i.k.m.s.ProofScriptEngine 2: 'select formula="{heapAtPre:=heap || exc:=null || heap:=heapAfter_sort_0}
   seq ...' 
16617      DEBUG main            d.u.i.k.m.s.ProofScriptEngine 3: 'macro simp-upd' 
16628      DEBUG main            d.u.i.k.m.s.ProofScriptEngine 4: 'let   @seqPre="seqDef{int u;}(0, array.length, array[u])"
    @seqSplit="seqDef ...' 
16633      DEBUG main            d.u.i.k.m.s.ProofScriptEngine 5: 'rule seqPermSym 
  formula="seqPerm(@seqSplit, @seqPre)"' 
16649      DEBUG main            d.u.i.k.m.s.ProofScriptEngine 6: 'rule seqPermSym
  formula="seqPerm(@seqSort, @seqSplit)"' 
16651      DEBUG main            d.u.i.k.m.s.ProofScriptEngine 7: 'rule seqPermSym
  formula="seqPerm(@seqSort0, @seqSort)"' 
16653      DEBUG main            d.u.i.k.m.s.ProofScriptEngine 8: 'rule seqPermTrans
  formula="seqPerm(@seqPre, @seqSplit)"' 
16655      DEBUG main            d.u.i.k.m.s.ProofScriptEngine 9: 'rule seqPermTrans
  formula="seqPerm(@seqPre, @seqSort)"' 
16656      DEBUG main            d.u.i.k.m.s.ProofScriptEngine 10: 'rule seqPermSym
  formula="seqPerm(@seqPre, @seqSort0)"' 
16657      DEBUG main            d.u.i.k.m.s.ProofScriptEngine 11: 'tryclose' 
41763      INFO  main            d.u.i.k.p.r.p.TestFile    ... finished proof: closed. 
42031      INFO  main            d.u.i.k.p.i.AbstractProblemLoader Loading environment from /home/runner/work/key/key/key.core/../key.ui/examples/heap/quicksort/sort.key.proof 
42032      DEBUG main            d.u.i.k.p.i.AbstractProblemLoader Environment load took 531.81ns 
42039      INFO  main            d.u.i.k.p.i.AbstractProblemLoader Creating init config 
44629      DEBUG main            d.u.i.k.p.i.AbstractProblemLoader Init config took 2.59s 
44692      INFO  main            d.u.i.k.p.i.AbstractProblemLoader Replaying proof Quicksort[Quicksort::sort([I,int,int)].JML normal_behavior operation contract.0 
46308      DEBUG main            d.u.i.k.p.i.IntermediateProofReplayer Proof replay took 1.49s 
46315      DEBUG main            d.u.i.k.p.r.p.TestFile    ... success: reloaded. 
46317      INFO  main            d.u.i.k.p.r.p.TestFile    Now processing file /home/runner/work/key/key/key.core/../key.ui/examples/heap/quicksort/split.key 
46329      INFO  main            d.u.i.k.p.i.AbstractProblemLoader Loading environment from /home/runner/work/key/key/key.core/../key.ui/examples/heap/quicksort/split.key 
46330      DEBUG main            d.u.i.k.p.i.AbstractProblemLoader Environment load took 850.92ns 
46332      INFO  main            d.u.i.k.p.i.AbstractProblemLoader Creating init config 
49025      DEBUG main            d.u.i.k.p.i.AbstractProblemLoader Init config took 2.69s 
49068      INFO  main            d.u.i.k.p.i.AbstractProblemLoader Replaying proof Quicksort[Quicksort::split([I,int,int)].JML normal_behavior operation contract.0 
49072      DEBUG main            d.u.i.k.p.i.IntermediateProofReplayer Proof replay took 7.1ns 
49072      DEBUG main            d.u.i.k.m.s.ProofScriptEngine 1: 'macro autopilot-prep' 
50219      DEBUG main            d.u.i.k.m.s.ProofScriptEngine 2: 'tryclose' 
86714      DEBUG main            d.u.i.k.m.s.ProofScriptEngine 3: 'macro simp-upd' 
86814      DEBUG main            d.u.i.k.m.s.ProofScriptEngine 4: 'rule seqPermFromSwap' 
86827      DEBUG main            d.u.i.k.m.s.ProofScriptEngine 5: 'rule andRight' 
86832      DEBUG main            d.u.i.k.m.s.ProofScriptEngine 6: 'auto' 
86857      DEBUG main            d.u.i.k.m.s.ProofScriptEngine 7: 'instantiate hide var=iv with=i_0' 
86859      DEBUG main            d.u.i.k.m.s.ProofScriptEngine 8: 'instantiate hide var=jv with=j_0' 
86862      DEBUG main            d.u.i.k.m.s.ProofScriptEngine 9: 'auto' 
93002      DEBUG main            d.u.i.k.m.s.ProofScriptEngine 10: 'macro simp-upd' 
93071      DEBUG main            d.u.i.k.m.s.ProofScriptEngine 11: 'rule seqPermFromSwap' 
93073      DEBUG main            d.u.i.k.m.s.ProofScriptEngine 12: 'rule andRight' 
93076      DEBUG main            d.u.i.k.m.s.ProofScriptEngine 13: 'auto' 
93091      DEBUG main            d.u.i.k.m.s.ProofScriptEngine 14: 'instantiate hide var=iv with=i_0' 
93092      DEBUG main            d.u.i.k.m.s.ProofScriptEngine 15: 'instantiate hide var=jv with=to' 
93095      DEBUG main            d.u.i.k.m.s.ProofScriptEngine 16: 'auto' 
97858      INFO  main            d.u.i.k.p.r.p.TestFile    ... finished proof: closed. 
98362      INFO  main            d.u.i.k.p.i.AbstractProblemLoader Loading environment from /home/runner/work/key/key/key.core/../key.ui/examples/heap/quicksort/split.key.proof 
98363      DEBUG main            d.u.i.k.p.i.AbstractProblemLoader Environment load took 471.41ns 
98380      INFO  main            d.u.i.k.p.i.AbstractProblemLoader Creating init config 
100893     DEBUG main            d.u.i.k.p.i.AbstractProblemLoader Init config took 2.51s 
100940     INFO  main            d.u.i.k.p.i.AbstractProblemLoader Replaying proof Quicksort[Quicksort::split([I,int,int)].JML normal_behavior operation contract.0 
103455     DEBUG main            d.u.i.k.p.i.IntermediateProofReplayer Proof replay took 2.32s 
103531     DEBUG main            d.u.i.k.p.r.p.TestFile    ... success: reloaded. 
1648863    INFO  Test worker     d.u.i.k.p.r.RunAllProofsTestUnit Returning from test quicksort 
1648865    INFO  Test worker     d.u.i.k.p.r.RunAllProofsTestUnit Running test simpleTests 
334        INFO  Timeout watchdog d.u.i.k.p.r.p.ForkedTestFileRunner Timeout watcher launched (2000 secs.) 
338        WARN  main            d.u.i.k.s.ProofSettings   The settings in /home/runner/.key/proof-settings.props are *not* read. 
364        INFO  main            d.u.i.k.p.r.p.TestFile    Now processing file /home/runner/work/key/key/key.core/../key.ui/examples/heap/simple/anonymise_datagroup.key 
473        INFO  main            d.u.i.k.p.i.AbstractProblemLoader Loading environment from /home/runner/work/key/key/key.core/../key.ui/examples/heap/simple/anonymise_datagroup.key 
488        DEBUG main            d.u.i.k.p.i.AbstractProblemLoader Environment load took 1.77ms 
737        INFO  main            d.u.i.k.p.i.AbstractProblemLoader Creating init config 
1644       DEBUG main            d.u.i.k.j.TypeConverter   No LDT found for Meta 
1645       DEBUG main            d.u.i.k.j.TypeConverter   No LDT found for Meta 
1648       DEBUG main            d.u.i.k.j.TypeConverter   No LDT found for Meta 
1648       DEBUG main            d.u.i.k.j.TypeConverter   No LDT found for Meta 
2969       DEBUG main            d.u.i.k.j.TypeConverter   No LDT found for JavaBigintExpression 
7657       DEBUG main            d.u.i.k.p.i.AbstractProblemLoader Init config took 6.92s 
7718       INFO  main            d.u.i.k.p.i.AbstractProblemLoader Replaying proof anonymise_datagroup.key 
7750       DEBUG main            d.u.i.k.p.i.IntermediateProofReplayer Proof replay took 34.4ns 
8027       INFO  main            d.u.i.k.p.r.p.TestFile    ... finished proof: closed. 
8126       INFO  main            d.u.i.k.p.i.AbstractProblemLoader Loading environment from /home/runner/work/key/key/key.core/../key.ui/examples/heap/simple/anonymise_datagroup.key.proof 
8127       DEBUG main            d.u.i.k.p.i.AbstractProblemLoader Environment load took 162.5ns 
8133       INFO  main            d.u.i.k.p.i.AbstractProblemLoader Creating init config 
10840      DEBUG main            d.u.i.k.p.i.AbstractProblemLoader Init config took 2.71s 
10870      INFO  main            d.u.i.k.p.i.AbstractProblemLoader Replaying proof anonymise_datagroup.key.proof 
10883      DEBUG main            d.u.i.k.p.i.IntermediateProofReplayer Proof replay took 7.91ms 
10893      DEBUG main            d.u.i.k.p.r.p.TestFile    ... success: reloaded. 
10894      INFO  main            d.u.i.k.p.r.p.TestFile    Now processing file /home/runner/work/key/key/key.core/../key.ui/examples/heap/simple/array_creation.key 
10895      INFO  main            d.u.i.k.p.i.AbstractProblemLoader Loading environment from /home/runner/work/key/key/key.core/../key.ui/examples/heap/simple/array_creation.key 
10895      DEBUG main            d.u.i.k.p.i.AbstractProblemLoader Environment load took 231.5ns 
10897      INFO  main            d.u.i.k.p.i.AbstractProblemLoader Creating init config 
13486      DEBUG main            d.u.i.k.p.i.AbstractProblemLoader Init config took 2.59s 
13519      INFO  main            d.u.i.k.p.i.AbstractProblemLoader Replaying proof array_creation.key 
13523      DEBUG main            d.u.i.k.p.i.IntermediateProofReplayer Proof replay took 5.9ns 
14132      INFO  main            d.u.i.k.p.r.p.TestFile    ... finished proof: closed. 
14284      INFO  main            d.u.i.k.p.i.AbstractProblemLoader Loading environment from /home/runner/work/key/key/key.core/../key.ui/examples/heap/simple/array_creation.key.proof 
14284      DEBUG main            d.u.i.k.p.i.AbstractProblemLoader Environment load took 136.4ns 
14288      INFO  main            d.u.i.k.p.i.AbstractProblemLoader Creating init config 
16773      DEBUG main            d.u.i.k.p.i.AbstractProblemLoader Init config took 2.49s 
16799      INFO  main            d.u.i.k.p.i.AbstractProblemLoader Replaying proof array_creation.key.proof 
16886      DEBUG main            d.u.i.k.p.i.IntermediateProofReplayer Proof replay took 82.45ms 
16888      DEBUG main            d.u.i.k.p.r.p.TestFile    ... success: reloaded. 
16889      INFO  main            d.u.i.k.p.r.p.TestFile    Now processing file /home/runner/work/key/key/key.core/../key.ui/examples/heap/simple/arrays_with_disjoint_sorts.key 
16890      INFO  main            d.u.i.k.p.i.AbstractProblemLoader Loading environment from /home/runner/work/key/key/key.core/../key.ui/examples/heap/simple/arrays_with_disjoint_sorts.key 
16890      DEBUG main            d.u.i.k.p.i.AbstractProblemLoader Environment load took 219.31ns 
16892      INFO  main            d.u.i.k.p.i.AbstractProblemLoader Creating init config 
19453      DEBUG main            d.u.i.k.p.i.AbstractProblemLoader Init config took 2.56s 
19485      INFO  main            d.u.i.k.p.i.AbstractProblemLoader Replaying proof arrays_with_disjoint_sorts.key 
19489      DEBUG main            d.u.i.k.p.i.IntermediateProofReplayer Proof replay took 5.7ns 
19696      INFO  main            d.u.i.k.p.r.p.TestFile    ... finished proof: closed. 
19856      INFO  main            d.u.i.k.p.i.AbstractProblemLoader Loading environment from /home/runner/work/key/key/key.core/../key.ui/examples/heap/simple/arrays_with_disjoint_sorts.key.proof 
19856      DEBUG main            d.u.i.k.p.i.AbstractProblemLoader Environment load took 138.1ns 
19857      INFO  main            d.u.i.k.p.i.AbstractProblemLoader Creating init config 
22291      DEBUG main            d.u.i.k.p.i.AbstractProblemLoader Init config took 2.43s 
22314      INFO  main            d.u.i.k.p.i.AbstractProblemLoader Replaying proof arrays_with_disjoint_sorts.key.proof 
22351      DEBUG main            d.u.i.k.p.i.IntermediateProofReplayer Proof replay took 28.81ms 
22352      DEBUG main            d.u.i.k.p.r.p.TestFile    ... success: reloaded. 
22353      INFO  main            d.u.i.k.p.r.p.TestFile    Now processing file /home/runner/work/key/key/key.core/../key.ui/examples/heap/simple/arrays.key 
22354      INFO  main            d.u.i.k.p.i.AbstractProblemLoader Loading environment from /home/runner/work/key/key/key.core/../key.ui/examples/heap/simple/arrays.key 
22354      DEBUG main            d.u.i.k.p.i.AbstractProblemLoader Environment load took 247.41ns 
22355      INFO  main            d.u.i.k.p.i.AbstractProblemLoader Creating init config 
24843      DEBUG main            d.u.i.k.p.i.AbstractProblemLoader Init config took 2.49s 
24865      INFO  main            d.u.i.k.p.i.AbstractProblemLoader Replaying proof arrays.key 
24869      DEBUG main            d.u.i.k.p.i.IntermediateProofReplayer Proof replay took 6.4ns 
24972      INFO  main            d.u.i.k.p.r.p.TestFile    ... finished proof: closed. 
25120      INFO  main            d.u.i.k.p.i.AbstractProblemLoader Loading environment from /home/runner/work/key/key/key.core/../key.ui/examples/heap/simple/arrays.key.proof 
25120      DEBUG main            d.u.i.k.p.i.AbstractProblemLoader Environment load took 131.5ns 
25122      INFO  main            d.u.i.k.p.i.AbstractProblemLoader Creating init config 
27600      DEBUG main            d.u.i.k.p.i.AbstractProblemLoader Init config took 2.48s 
27632      INFO  main            d.u.i.k.p.i.AbstractProblemLoader Replaying proof arrays.key.proof 
27664      DEBUG main            d.u.i.k.p.i.IntermediateProofReplayer Proof replay took 28.73ms 
27665      DEBUG main            d.u.i.k.p.r.p.TestFile    ... success: reloaded. 
27666      INFO  main            d.u.i.k.p.r.p.TestFile    Now processing file /home/runner/work/key/key/key.core/../key.ui/examples/heap/simple/attributes.key 
27667      INFO  main            d.u.i.k.p.i.AbstractProblemLoader Loading environment from /home/runner/work/key/key/key.core/../key.ui/examples/heap/simple/attributes.key 
27667      DEBUG main            d.u.i.k.p.i.AbstractProblemLoader Environment load took 106.1ns 
27668      INFO  main            d.u.i.k.p.i.AbstractProblemLoader Creating init config 
30101      DEBUG main            d.u.i.k.p.i.AbstractProblemLoader Init config took 2.43s 
30121      INFO  main            d.u.i.k.p.i.AbstractProblemLoader Replaying proof attributes.key 
30123      DEBUG main            d.u.i.k.p.i.IntermediateProofReplayer Proof replay took 6.8ns 
30227      INFO  main            d.u.i.k.p.r.p.TestFile    ... finished proof: closed. 
30378      INFO  main            d.u.i.k.p.i.AbstractProblemLoader Loading environment from /home/runner/work/key/key/key.core/../key.ui/examples/heap/simple/attributes.key.proof 
30378      DEBUG main            d.u.i.k.p.i.AbstractProblemLoader Environment load took 132.9ns 
30379      INFO  main            d.u.i.k.p.i.AbstractProblemLoader Creating init config 
32802      DEBUG main            d.u.i.k.p.i.AbstractProblemLoader Init config took 2.42s 
32823      INFO  main            d.u.i.k.p.i.AbstractProblemLoader Replaying proof attributes.key.proof 
32827      DEBUG main            d.u.i.k.p.i.IntermediateProofReplayer Proof replay took 1.34ms 
32827      DEBUG main            d.u.i.k.p.r.p.TestFile    ... success: reloaded. 
32828      INFO  main            d.u.i.k.p.r.p.TestFile    Now processing file /home/runner/work/key/key/key.core/../key.ui/examples/heap/simple/constructor_contracts.key 
32828      INFO  main            d.u.i.k.p.i.AbstractProblemLoader Loading environment from /home/runner/work/key/key/key.core/../key.ui/examples/heap/simple/constructor_contracts.key 
32828      DEBUG main            d.u.i.k.p.i.AbstractProblemLoader Environment load took 101.2ns 
32830      INFO  main            d.u.i.k.p.i.AbstractProblemLoader Creating init config 
35684      DEBUG main            d.u.i.k.p.i.AbstractProblemLoader Init config took 2.85s 
35707      INFO  main            d.u.i.k.p.i.AbstractProblemLoader Replaying proof constructor_contracts.key 
35710      DEBUG main            d.u.i.k.p.i.IntermediateProofReplayer Proof replay took 7.2ns 
36219      INFO  main            d.u.i.k.p.r.p.TestFile    ... finished proof: closed. 
36428      INFO  main            d.u.i.k.p.i.AbstractProblemLoader Loading environment from /home/runner/work/key/key/key.core/../key.ui/examples/heap/simple/constructor_contracts.key.proof 
36430      DEBUG main            d.u.i.k.p.i.AbstractProblemLoader Environment load took 1.45ms 
36431      INFO  main            d.u.i.k.p.i.AbstractProblemLoader Creating init config 
39155      DEBUG main            d.u.i.k.p.i.AbstractProblemLoader Init config took 2.72s 
39180      INFO  main            d.u.i.k.p.i.AbstractProblemLoader Replaying proof constructor_contracts.key.proof 
39302      DEBUG main            d.u.i.k.p.i.IntermediateProofReplayer Proof replay took 114.9ms 
39307      DEBUG main            d.u.i.k.p.r.p.TestFile    ... success: reloaded. 
39309      INFO  main            d.u.i.k.p.r.p.TestFile    Now processing file /home/runner/work/key/key/key.core/../key.ui/examples/heap/simple/dependencies.key 
39309      INFO  main            d.u.i.k.p.i.AbstractProblemLoader Loading environment from /home/runner/work/key/key/key.core/../key.ui/examples/heap/simple/dependencies.key 
39309      DEBUG main            d.u.i.k.p.i.AbstractProblemLoader Environment load took 218.81ns 
39311      INFO  main            d.u.i.k.p.i.AbstractProblemLoader Creating init config 
41745      DEBUG main            d.u.i.k.p.i.AbstractProblemLoader Init config took 2.43s 
41763      INFO  main            d.u.i.k.p.i.AbstractProblemLoader Replaying proof dependencies.key 
41764      DEBUG main            d.u.i.k.p.i.IntermediateProofReplayer Proof replay took 5.9ns 
41870      INFO  main            d.u.i.k.p.r.p.TestFile    ... finished proof: closed. 
42049      INFO  main            d.u.i.k.p.i.AbstractProblemLoader Loading environment from /home/runner/work/key/key/key.core/../key.ui/examples/heap/simple/dependencies.key.proof 
42049      DEBUG main            d.u.i.k.p.i.AbstractProblemLoader Environment load took 122.1ns 
42054      INFO  main            d.u.i.k.p.i.AbstractProblemLoader Creating init config 
44416      DEBUG main            d.u.i.k.p.i.AbstractProblemLoader Init config took 2.36s 
44434      INFO  main            d.u.i.k.p.i.AbstractProblemLoader Replaying proof dependencies.key.proof 
44441      DEBUG main            d.u.i.k.p.i.IntermediateProofReplayer Proof replay took 5.26ms 
44442      DEBUG main            d.u.i.k.p.r.p.TestFile    ... success: reloaded. 
44443      INFO  main            d.u.i.k.p.r.p.TestFile    Now processing file /home/runner/work/key/key/key.core/../key.ui/examples/heap/simple/dependency_contracts.key 
44444      INFO  main            d.u.i.k.p.i.AbstractProblemLoader Loading environment from /home/runner/work/key/key/key.core/../key.ui/examples/heap/simple/dependency_contracts.key 
44444      DEBUG main            d.u.i.k.p.i.AbstractProblemLoader Environment load took 209.8ns 
44445      INFO  main            d.u.i.k.p.i.AbstractProblemLoader Creating init config 
47108      DEBUG main            d.u.i.k.p.i.AbstractProblemLoader Init config took 2.66s 
47129      INFO  main            d.u.i.k.p.i.AbstractProblemLoader Replaying proof dependency_contracts.key 
47131      DEBUG main            d.u.i.k.p.i.IntermediateProofReplayer Proof replay took 5.6ns 
48442      INFO  main            d.u.i.k.p.r.p.TestFile    ... finished proof: closed. 
48645      INFO  main            d.u.i.k.p.i.AbstractProblemLoader Loading environment from /home/runner/work/key/key/key.core/../key.ui/examples/heap/simple/dependency_contracts.key.proof 
48646      DEBUG main            d.u.i.k.p.i.AbstractProblemLoader Environment load took 128.7ns 
48647      INFO  main            d.u.i.k.p.i.AbstractProblemLoader Creating init config 
51246      DEBUG main            d.u.i.k.p.i.AbstractProblemLoader Init config took 2.6s 
51277      INFO  main            d.u.i.k.p.i.AbstractProblemLoader Replaying proof dependency_contracts.key.proof 
51444      DEBUG main            d.u.i.k.p.i.IntermediateProofReplayer Proof replay took 157.23ms 
51447      DEBUG main            d.u.i.k.p.r.p.TestFile    ... success: reloaded. 
51448      INFO  main            d.u.i.k.p.r.p.TestFile    Now processing file /home/runner/work/key/key/key.core/../key.ui/examples/heap/simple/invariant_preservation.key 
51460      INFO  main            d.u.i.k.p.i.AbstractProblemLoader Loading environment from /home/runner/work/key/key/key.core/../key.ui/examples/heap/simple/invariant_preservation.key 
51460      DEBUG main            d.u.i.k.p.i.AbstractProblemLoader Environment load took 333.11ns 
51462      INFO  main            d.u.i.k.p.i.AbstractProblemLoader Creating init config 
54136      DEBUG main            d.u.i.k.p.i.AbstractProblemLoader Init config took 2.67s 
54155      INFO  main            d.u.i.k.p.i.AbstractProblemLoader Replaying proof invariant_preservation.key 
54157      DEBUG main            d.u.i.k.p.i.IntermediateProofReplayer Proof replay took 6.7ns 
54361      INFO  main            d.u.i.k.p.r.p.TestFile    ... finished proof: closed. 
54580      INFO  main            d.u.i.k.p.i.AbstractProblemLoader Loading environment from /home/runner/work/key/key/key.core/../key.ui/examples/heap/simple/invariant_preservation.key.proof 
54580      DEBUG main            d.u.i.k.p.i.AbstractProblemLoader Environment load took 120.1ns 
54582      INFO  main            d.u.i.k.p.i.AbstractProblemLoader Creating init config 
57156      DEBUG main            d.u.i.k.p.i.AbstractProblemLoader Init config took 2.57s 
57177      INFO  main            d.u.i.k.p.i.AbstractProblemLoader Replaying proof invariant_preservation.key.proof 
57206      DEBUG main            d.u.i.k.p.i.IntermediateProofReplayer Proof replay took 25.42ms 
57208      DEBUG main            d.u.i.k.p.r.p.TestFile    ... success: reloaded. 
57210      INFO  main            d.u.i.k.p.r.p.TestFile    Now processing file /home/runner/work/key/key/key.core/../key.ui/examples/heap/simple/locsets.key 
57210      INFO  main            d.u.i.k.p.i.AbstractProblemLoader Loading environment from /home/runner/work/key/key/key.core/../key.ui/examples/heap/simple/locsets.key 
57211      DEBUG main            d.u.i.k.p.i.AbstractProblemLoader Environment load took 686.22ns 
57212      INFO  main            d.u.i.k.p.i.AbstractProblemLoader Creating init config 
59582      DEBUG main            d.u.i.k.p.i.AbstractProblemLoader Init config took 2.37s 
59601      INFO  main            d.u.i.k.p.i.AbstractProblemLoader Replaying proof locsets.key 
59602      DEBUG main            d.u.i.k.p.i.IntermediateProofReplayer Proof replay took 6.5ns 
59705      INFO  main            d.u.i.k.p.r.p.TestFile    ... finished proof: closed. 
59888      INFO  main            d.u.i.k.p.i.AbstractProblemLoader Loading environment from /home/runner/work/key/key/key.core/../key.ui/examples/heap/simple/locsets.key.proof 
59888      DEBUG main            d.u.i.k.p.i.AbstractProblemLoader Environment load took 120.1ns 
59889      INFO  main            d.u.i.k.p.i.AbstractProblemLoader Creating init config 
62215      DEBUG main            d.u.i.k.p.i.AbstractProblemLoader Init config took 2.33s 
62233      INFO  main            d.u.i.k.p.i.AbstractProblemLoader Replaying proof locsets.key.proof 
62237      DEBUG main            d.u.i.k.p.i.IntermediateProofReplayer Proof replay took 1.75ms 
62238      DEBUG main            d.u.i.k.p.r.p.TestFile    ... success: reloaded. 
62238      INFO  main            d.u.i.k.p.r.p.TestFile    Now processing file /home/runner/work/key/key/key.core/../key.ui/examples/heap/simple/loop1.key 
62239      INFO  main            d.u.i.k.p.i.AbstractProblemLoader Loading environment from /home/runner/work/key/key/key.core/../key.ui/examples/heap/simple/loop1.key 
62239      DEBUG main            d.u.i.k.p.i.AbstractProblemLoader Environment load took 138.9ns 
62241      INFO  main            d.u.i.k.p.i.AbstractProblemLoader Creating init config 
64867      DEBUG main            d.u.i.k.p.i.AbstractProblemLoader Init config took 2.63s 
64888      INFO  main            d.u.i.k.p.i.AbstractProblemLoader Replaying proof loop1.key 
64890      DEBUG main            d.u.i.k.p.i.IntermediateProofReplayer Proof replay took 7.2ns 
65092      INFO  main            d.u.i.k.p.r.p.TestFile    ... finished proof: closed. 
65277      INFO  main            d.u.i.k.p.i.AbstractProblemLoader Loading environment from /home/runner/work/key/key/key.core/../key.ui/examples/heap/simple/loop1.key.proof 
65277      DEBUG main            d.u.i.k.p.i.AbstractProblemLoader Environment load took 151ns 
65278      INFO  main            d.u.i.k.p.i.AbstractProblemLoader Creating init config 
67886      DEBUG main            d.u.i.k.p.i.AbstractProblemLoader Init config took 2.61s 
67904      INFO  main            d.u.i.k.p.i.AbstractProblemLoader Replaying proof loop1.key.proof 
67963      DEBUG main            d.u.i.k.p.i.IntermediateProofReplayer Proof replay took 57.5ms 
67965      DEBUG main            d.u.i.k.p.r.p.TestFile    ... success: reloaded. 
67966      INFO  main            d.u.i.k.p.r.p.TestFile    Now processing file /home/runner/work/key/key/key.core/../key.ui/examples/heap/simple/loop2.key 
67966      INFO  main            d.u.i.k.p.i.AbstractProblemLoader Loading environment from /home/runner/work/key/key/key.core/../key.ui/examples/heap/simple/loop2.key 
67966      DEBUG main            d.u.i.k.p.i.AbstractProblemLoader Environment load took 112.2ns 
67968      INFO  main            d.u.i.k.p.i.AbstractProblemLoader Creating init config 
70559      DEBUG main            d.u.i.k.p.i.AbstractProblemLoader Init config took 2.59s 
70576      INFO  main            d.u.i.k.p.i.AbstractProblemLoader Replaying proof loop2.key 
70578      DEBUG main            d.u.i.k.p.i.IntermediateProofReplayer Proof replay took 5.9ns 
71183      INFO  main            d.u.i.k.p.r.p.TestFile    ... finished proof: closed. 
71406      INFO  main            d.u.i.k.p.i.AbstractProblemLoader Loading environment from /home/runner/work/key/key/key.core/../key.ui/examples/heap/simple/loop2.key.proof 
71406      DEBUG main            d.u.i.k.p.i.AbstractProblemLoader Environment load took 130.5ns 
71408      INFO  main            d.u.i.k.p.i.AbstractProblemLoader Creating init config 
73998      DEBUG main            d.u.i.k.p.i.AbstractProblemLoader Init config took 2.59s 
74021      INFO  main            d.u.i.k.p.i.AbstractProblemLoader Replaying proof loop2.key.proof 
74122      DEBUG main            d.u.i.k.p.i.IntermediateProofReplayer Proof replay took 96.71ms 
74124      DEBUG main            d.u.i.k.p.r.p.TestFile    ... success: reloaded. 
74125      INFO  main            d.u.i.k.p.r.p.TestFile    Now processing file /home/runner/work/key/key/key.core/../key.ui/examples/heap/simple/modifies_datagroup.key 
74125      INFO  main            d.u.i.k.p.i.AbstractProblemLoader Loading environment from /home/runner/work/key/key/key.core/../key.ui/examples/heap/simple/modifies_datagroup.key 
74125      DEBUG main            d.u.i.k.p.i.AbstractProblemLoader Environment load took 101.1ns 
74126      INFO  main            d.u.i.k.p.i.AbstractProblemLoader Creating init config 
76500      DEBUG main            d.u.i.k.p.i.AbstractProblemLoader Init config took 2.37s 
76517      INFO  main            d.u.i.k.p.i.AbstractProblemLoader Replaying proof modifies_datagroup.key 
76518      DEBUG main            d.u.i.k.p.i.IntermediateProofReplayer Proof replay took 7.2ns 
76620      INFO  main            d.u.i.k.p.r.p.TestFile    ... finished proof: closed. 
76830      INFO  main            d.u.i.k.p.i.AbstractProblemLoader Loading environment from /home/runner/work/key/key/key.core/../key.ui/examples/heap/simple/modifies_datagroup.key.proof 
76830      DEBUG main            d.u.i.k.p.i.AbstractProblemLoader Environment load took 117ns 
76832      INFO  main            d.u.i.k.p.i.AbstractProblemLoader Creating init config 
79134      DEBUG main            d.u.i.k.p.i.AbstractProblemLoader Init config took 2.3s 
79150      INFO  main            d.u.i.k.p.i.AbstractProblemLoader Replaying proof modifies_datagroup.key.proof 
79154      DEBUG main            d.u.i.k.p.i.IntermediateProofReplayer Proof replay took 2.53ms 
79155      DEBUG main            d.u.i.k.p.r.p.TestFile    ... success: reloaded. 
79156      INFO  main            d.u.i.k.p.r.p.TestFile    Now processing file /home/runner/work/key/key/key.core/../key.ui/examples/heap/simple/modifies.key 
79156      INFO  main            d.u.i.k.p.i.AbstractProblemLoader Loading environment from /home/runner/work/key/key/key.core/../key.ui/examples/heap/simple/modifies.key 
79157      DEBUG main            d.u.i.k.p.i.AbstractProblemLoader Environment load took 202.8ns 
79158      INFO  main            d.u.i.k.p.i.AbstractProblemLoader Creating init config 
81533      DEBUG main            d.u.i.k.p.i.AbstractProblemLoader Init config took 2.37s 
81550      INFO  main            d.u.i.k.p.i.AbstractProblemLoader Replaying proof modifies.key 
81552      DEBUG main            d.u.i.k.p.i.IntermediateProofReplayer Proof replay took 7.1ns 
81654      INFO  main            d.u.i.k.p.r.p.TestFile    ... finished proof: closed. 
81866      INFO  main            d.u.i.k.p.i.AbstractProblemLoader Loading environment from /home/runner/work/key/key/key.core/../key.ui/examples/heap/simple/modifies.key.proof 
81866      DEBUG main            d.u.i.k.p.i.AbstractProblemLoader Environment load took 118.3ns 
81868      INFO  main            d.u.i.k.p.i.AbstractProblemLoader Creating init config 
84166      DEBUG main            d.u.i.k.p.i.AbstractProblemLoader Init config took 2.3s 
84181      INFO  main            d.u.i.k.p.i.AbstractProblemLoader Replaying proof modifies.key.proof 
84191      DEBUG main            d.u.i.k.p.i.IntermediateProofReplayer Proof replay took 9.05ms 
84192      DEBUG main            d.u.i.k.p.r.p.TestFile    ... success: reloaded. 
84193      INFO  main            d.u.i.k.p.r.p.TestFile    Now processing file /home/runner/work/key/key/key.core/../key.ui/examples/heap/simple/object_creation.key 
84193      INFO  main            d.u.i.k.p.i.AbstractProblemLoader Loading environment from /home/runner/work/key/key/key.core/../key.ui/examples/heap/simple/object_creation.key 
84193      DEBUG main            d.u.i.k.p.i.AbstractProblemLoader Environment load took 92ns 
84194      INFO  main            d.u.i.k.p.i.AbstractProblemLoader Creating init config 
86569      DEBUG main            d.u.i.k.p.i.AbstractProblemLoader Init config took 2.37s 
86585      INFO  main            d.u.i.k.p.i.AbstractProblemLoader Replaying proof object_creation.key 
86586      DEBUG main            d.u.i.k.p.i.IntermediateProofReplayer Proof replay took 6.9ns 
86791      INFO  main            d.u.i.k.p.r.p.TestFile    ... finished proof: closed. 
87014      INFO  main            d.u.i.k.p.i.AbstractProblemLoader Loading environment from /home/runner/work/key/key/key.core/../key.ui/examples/heap/simple/object_creation.key.proof 
87015      DEBUG main            d.u.i.k.p.i.AbstractProblemLoader Environment load took 119.6ns 
87016      INFO  main            d.u.i.k.p.i.AbstractProblemLoader Creating init config 
89316      DEBUG main            d.u.i.k.p.i.AbstractProblemLoader Init config took 2.3s 
89332      INFO  main            d.u.i.k.p.i.AbstractProblemLoader Replaying proof object_creation.key.proof 
89372      DEBUG main            d.u.i.k.p.i.IntermediateProofReplayer Proof replay took 37.9ms 
89373      DEBUG main            d.u.i.k.p.r.p.TestFile    ... success: reloaded. 
89374      INFO  main            d.u.i.k.p.r.p.TestFile    Now processing file /home/runner/work/key/key/key.core/../key.ui/examples/heap/simple/operation_contracts.key 
89374      INFO  main            d.u.i.k.p.i.AbstractProblemLoader Loading environment from /home/runner/work/key/key/key.core/../key.ui/examples/heap/simple/operation_contracts.key 
89374      DEBUG main            d.u.i.k.p.i.AbstractProblemLoader Environment load took 94.5ns 
89376      INFO  main            d.u.i.k.p.i.AbstractProblemLoader Creating init config 
91995      DEBUG main            d.u.i.k.p.i.AbstractProblemLoader Init config took 2.62s 
92011      INFO  main            d.u.i.k.p.i.AbstractProblemLoader Replaying proof operation_contracts.key 
92013      DEBUG main            d.u.i.k.p.i.IntermediateProofReplayer Proof replay took 7ns 
92864      INFO  main            d.u.i.k.p.r.p.TestFile    ... finished proof: closed. 
93101      INFO  main            d.u.i.k.p.i.AbstractProblemLoader Loading environment from /home/runner/work/key/key/key.core/../key.ui/examples/heap/simple/operation_contracts.key.proof 
93101      DEBUG main            d.u.i.k.p.i.AbstractProblemLoader Environment load took 122.4ns 
93103      INFO  main            d.u.i.k.p.i.AbstractProblemLoader Creating init config 
95654      DEBUG main            d.u.i.k.p.i.AbstractProblemLoader Init config took 2.55s 
95671      INFO  main            d.u.i.k.p.i.AbstractProblemLoader Replaying proof operation_contracts.key.proof 
95772      DEBUG main            d.u.i.k.p.i.IntermediateProofReplayer Proof replay took 94.35ms 
95774      DEBUG main            d.u.i.k.p.r.p.TestFile    ... success: reloaded. 
95775      INFO  main            d.u.i.k.p.r.p.TestFile    Now processing file /home/runner/work/key/key/key.core/../key.ui/examples/heap/simple/select_store.key 
95776      INFO  main            d.u.i.k.p.i.AbstractProblemLoader Loading environment from /home/runner/work/key/key/key.core/../key.ui/examples/heap/simple/select_store.key 
95776      DEBUG main            d.u.i.k.p.i.AbstractProblemLoader Environment load took 207.2ns 
95777      INFO  main            d.u.i.k.p.i.AbstractProblemLoader Creating init config 
98120      DEBUG main            d.u.i.k.p.i.AbstractProblemLoader Init config took 2.34s 
98135      INFO  main            d.u.i.k.p.i.AbstractProblemLoader Replaying proof select_store.key 
98136      DEBUG main            d.u.i.k.p.i.IntermediateProofReplayer Proof replay took 7.3ns 
98238      INFO  main            d.u.i.k.p.r.p.TestFile    ... finished proof: closed. 
98479      INFO  main            d.u.i.k.p.i.AbstractProblemLoader Loading environment from /home/runner/work/key/key/key.core/../key.ui/examples/heap/simple/select_store.key.proof 
98480      DEBUG main            d.u.i.k.p.i.AbstractProblemLoader Environment load took 180.1ns 
98481      INFO  main            d.u.i.k.p.i.AbstractProblemLoader Creating init config 
100821     DEBUG main            d.u.i.k.p.i.AbstractProblemLoader Init config took 2.34s 
100836     INFO  main            d.u.i.k.p.i.AbstractProblemLoader Replaying proof select_store.key.proof 
100840     DEBUG main            d.u.i.k.p.i.IntermediateProofReplayer Proof replay took 2.24ms 
100841     DEBUG main            d.u.i.k.p.r.p.TestFile    ... success: reloaded. 
100842     INFO  main            d.u.i.k.p.r.p.TestFile    Now processing file /home/runner/work/key/key/key.core/../key.ui/examples/heap/simple/selection_sort.key 
100842     INFO  main            d.u.i.k.p.i.AbstractProblemLoader Loading environment from /home/runner/work/key/key/key.core/../key.ui/examples/heap/simple/selection_sort.key 
100842     DEBUG main            d.u.i.k.p.i.AbstractProblemLoader Environment load took 202ns 
100844     INFO  main            d.u.i.k.p.i.AbstractProblemLoader Creating init config 
103402     DEBUG main            d.u.i.k.p.i.AbstractProblemLoader Init config took 2.56s 
103416     INFO  main            d.u.i.k.p.i.AbstractProblemLoader Replaying proof selection_sort.key 
103419     DEBUG main            d.u.i.k.p.i.IntermediateProofReplayer Proof replay took 5.6ns 
106991     INFO  main            d.u.i.k.p.r.p.TestFile    ... finished proof: closed. 
107273     INFO  main            d.u.i.k.p.i.AbstractProblemLoader Loading environment from /home/runner/work/key/key/key.core/../key.ui/examples/heap/simple/selection_sort.key.proof 
107274     DEBUG main            d.u.i.k.p.i.AbstractProblemLoader Environment load took 436.21ns 
107276     INFO  main            d.u.i.k.p.i.AbstractProblemLoader Creating init config 
109818     DEBUG main            d.u.i.k.p.i.AbstractProblemLoader Init config took 2.54s 
109833     INFO  main            d.u.i.k.p.i.AbstractProblemLoader Replaying proof selection_sort.key.proof 
110227     DEBUG main            d.u.i.k.p.i.IntermediateProofReplayer Proof replay took 373.63ms 
110229     DEBUG main            d.u.i.k.p.r.p.TestFile    ... success: reloaded. 
110230     INFO  main            d.u.i.k.p.r.p.TestFile    Now processing file /home/runner/work/key/key/key.core/../key.ui/examples/heap/simple/seq.key 
110231     INFO  main            d.u.i.k.p.i.AbstractProblemLoader Loading environment from /home/runner/work/key/key/key.core/../key.ui/examples/heap/simple/seq.key 
110231     DEBUG main            d.u.i.k.p.i.AbstractProblemLoader Environment load took 212.7ns 
110232     INFO  main            d.u.i.k.p.i.AbstractProblemLoader Creating init config 
112551     DEBUG main            d.u.i.k.p.i.AbstractProblemLoader Init config took 2.32s 
112565     INFO  main            d.u.i.k.p.i.AbstractProblemLoader Replaying proof seq.key 
112566     DEBUG main            d.u.i.k.p.i.IntermediateProofReplayer Proof replay took 6.8ns 
112971     INFO  main            d.u.i.k.p.r.p.TestFile    ... finished proof: closed. 
113255     INFO  main            d.u.i.k.p.i.AbstractProblemLoader Loading environment from /home/runner/work/key/key/key.core/../key.ui/examples/heap/simple/seq.key.proof 
113256     DEBUG main            d.u.i.k.p.i.AbstractProblemLoader Environment load took 115.7ns 
113257     INFO  main            d.u.i.k.p.i.AbstractProblemLoader Creating init config 
115527     DEBUG main            d.u.i.k.p.i.AbstractProblemLoader Init config took 2.27s 
115544     INFO  main            d.u.i.k.p.i.AbstractProblemLoader Replaying proof seq.key.proof 
115582     DEBUG main            d.u.i.k.p.i.IntermediateProofReplayer Proof replay took 30.46ms 
115584     DEBUG main            d.u.i.k.p.r.p.TestFile    ... success: reloaded. 
115584     INFO  main            d.u.i.k.p.r.p.TestFile    Now processing file /home/runner/work/key/key/key.core/../key.ui/examples/heap/simple/oldForParams.key 
115584     INFO  main            d.u.i.k.p.i.AbstractProblemLoader Loading environment from /home/runner/work/key/key/key.core/../key.ui/examples/heap/simple/oldForParams.key 
115585     DEBUG main            d.u.i.k.p.i.AbstractProblemLoader Environment load took 93.9ns 
115586     INFO  main            d.u.i.k.p.i.AbstractProblemLoader Creating init config 
118129     DEBUG main            d.u.i.k.p.i.AbstractProblemLoader Init config took 2.54s 
118206     INFO  main            d.u.i.k.p.i.AbstractProblemLoader Replaying proof OldForParameters[OldForParameters::method(int)].JML operation contract.0 
118209     DEBUG main            d.u.i.k.p.i.IntermediateProofReplayer Proof replay took 6.3ns 
118411     INFO  main            d.u.i.k.p.r.p.TestFile    ... finished proof: closed. 
118710     INFO  main            d.u.i.k.p.i.AbstractProblemLoader Loading environment from /home/runner/work/key/key/key.core/../key.ui/examples/heap/simple/oldForParams.key.proof 
118710     DEBUG main            d.u.i.k.p.i.AbstractProblemLoader Environment load took 114.8ns 
118711     INFO  main            d.u.i.k.p.i.AbstractProblemLoader Creating init config 
121216     DEBUG main            d.u.i.k.p.i.AbstractProblemLoader Init config took 2.5s 
121255     INFO  main            d.u.i.k.p.i.AbstractProblemLoader Replaying proof OldForParameters[OldForParameters::method(int)].JML operation contract.0 
121291     DEBUG main            d.u.i.k.p.i.IntermediateProofReplayer Proof replay took 33.32ms 
121292     DEBUG main            d.u.i.k.p.r.p.TestFile    ... success: reloaded. 
121293     INFO  main            d.u.i.k.p.r.p.TestFile    Now processing file /home/runner/work/key/key/key.core/../key.ui/examples/heap/simple/parse_lmtd.key 
121293     INFO  main            d.u.i.k.p.i.AbstractProblemLoader Loading environment from /home/runner/work/key/key/key.core/../key.ui/examples/heap/simple/parse_lmtd.key 
121293     DEBUG main            d.u.i.k.p.i.AbstractProblemLoader Environment load took 95.3ns 
121294     INFO  main            d.u.i.k.p.i.AbstractProblemLoader Creating init config 
123849     DEBUG main            d.u.i.k.p.i.AbstractProblemLoader Init config took 2.55s 
123889     INFO  main            d.u.i.k.p.i.AbstractProblemLoader Replaying proof ParseLmtd[ParseLmtd::simple(int)].JML normal_behavior operation contract.0 
123891     DEBUG main            d.u.i.k.p.i.IntermediateProofReplayer Proof replay took 7ns 
123992     INFO  main            d.u.i.k.p.r.p.TestFile    ... finished proof: closed. 
124243     INFO  main            d.u.i.k.p.i.AbstractProblemLoader Loading environment from /home/runner/work/key/key/key.core/../key.ui/examples/heap/simple/parse_lmtd.key.proof 
124243     DEBUG main            d.u.i.k.p.i.AbstractProblemLoader Environment load took 114.7ns 
124244     INFO  main            d.u.i.k.p.i.AbstractProblemLoader Creating init config 
126739     DEBUG main            d.u.i.k.p.i.AbstractProblemLoader Init config took 2.49s 
126784     INFO  main            d.u.i.k.p.i.AbstractProblemLoader Replaying proof ParseLmtd[ParseLmtd::simple(int)].JML normal_behavior operation contract.0 
126804     DEBUG main            d.u.i.k.p.i.IntermediateProofReplayer Proof replay took 18.58ms 
126807     DEBUG main            d.u.i.k.p.r.p.TestFile    ... success: reloaded. 
126808     INFO  main            d.u.i.k.p.r.p.TestFile    Now processing file /home/runner/work/key/key/key.core/../key.ui/examples/heap/strictly_pure/strictlyPureMethod.key 
126817     INFO  main            d.u.i.k.p.i.AbstractProblemLoader Loading environment from /home/runner/work/key/key/key.core/../key.ui/examples/heap/strictly_pure/strictlyPureMethod.key 
126817     DEBUG main            d.u.i.k.p.i.AbstractProblemLoader Environment load took 337.21ns 
126818     INFO  main            d.u.i.k.p.i.AbstractProblemLoader Creating init config 
129215     DEBUG main            d.u.i.k.p.i.AbstractProblemLoader Init config took 2.4s 
129252     INFO  main            d.u.i.k.p.i.AbstractProblemLoader Replaying proof StrictlyPure[StrictlyPure::strictlyPureMethod()].JML operation contract.0 
129254     DEBUG main            d.u.i.k.p.i.IntermediateProofReplayer Proof replay took 5.8ns 
129459     INFO  main            d.u.i.k.p.r.p.TestFile    ... finished proof: closed. 
129703     INFO  main            d.u.i.k.p.i.AbstractProblemLoader Loading environment from /home/runner/work/key/key/key.core/../key.ui/examples/heap/strictly_pure/strictlyPureMethod.key.proof 
129703     DEBUG main            d.u.i.k.p.i.AbstractProblemLoader Environment load took 115.5ns 
129704     INFO  main            d.u.i.k.p.i.AbstractProblemLoader Creating init config 
132060     DEBUG main            d.u.i.k.p.i.AbstractProblemLoader Init config took 2.36s 
132095     INFO  main            d.u.i.k.p.i.AbstractProblemLoader Replaying proof StrictlyPure[StrictlyPure::strictlyPureMethod()].JML operation contract.0 
132130     DEBUG main            d.u.i.k.p.i.IntermediateProofReplayer Proof replay took 32.35ms 
132131     DEBUG main            d.u.i.k.p.r.p.TestFile    ... success: reloaded. 
132132     INFO  main            d.u.i.k.p.r.p.TestFile    Now processing file /home/runner/work/key/key/key.core/../key.ui/examples/heap/strictly_pure/useStrictlyPureMethod.key 
132132     INFO  main            d.u.i.k.p.i.AbstractProblemLoader Loading environment from /home/runner/work/key/key/key.core/../key.ui/examples/heap/strictly_pure/useStrictlyPureMethod.key 
132132     DEBUG main            d.u.i.k.p.i.AbstractProblemLoader Environment load took 152.2ns 
132133     INFO  main            d.u.i.k.p.i.AbstractProblemLoader Creating init config 
134565     DEBUG main            d.u.i.k.p.i.AbstractProblemLoader Init config took 2.43s 
134600     INFO  main            d.u.i.k.p.i.AbstractProblemLoader Replaying proof StrictlyPure[StrictlyPure::useStrictlyPureMethod(StrictlyPureClass)].JML operation contract.0 
134601     DEBUG main            d.u.i.k.p.i.IntermediateProofReplayer Proof replay took 6.3ns 
134803     INFO  main            d.u.i.k.p.r.p.TestFile    ... finished proof: closed. 
135065     INFO  main            d.u.i.k.p.i.AbstractProblemLoader Loading environment from /home/runner/work/key/key/key.core/../key.ui/examples/heap/strictly_pure/useStrictlyPureMethod.key.proof 
135065     DEBUG main            d.u.i.k.p.i.AbstractProblemLoader Environment load took 142ns 
135066     INFO  main            d.u.i.k.p.i.AbstractProblemLoader Creating init config 
137424     DEBUG main            d.u.i.k.p.i.AbstractProblemLoader Init config took 2.36s 
137458     INFO  main            d.u.i.k.p.i.AbstractProblemLoader Replaying proof StrictlyPure[StrictlyPure::useStrictlyPureMethod(StrictlyPureClass)].JML operation contract.0 
137503     DEBUG main            d.u.i.k.p.i.IntermediateProofReplayer Proof replay took 41.99ms 
137504     DEBUG main            d.u.i.k.p.r.p.TestFile    ... success: reloaded. 
137506     INFO  main            d.u.i.k.p.r.p.TestFile    Now processing file /home/runner/work/key/key/key.core/../key.ui/examples/heap/Wellfounded/ackermann.key 
137506     INFO  main            d.u.i.k.p.i.AbstractProblemLoader Loading environment from /home/runner/work/key/key/key.core/../key.ui/examples/heap/Wellfounded/ackermann.key 
137506     DEBUG main            d.u.i.k.p.i.AbstractProblemLoader Environment load took 204.4ns 
137507     INFO  main            d.u.i.k.p.i.AbstractProblemLoader Creating init config 
139953     DEBUG main            d.u.i.k.p.i.AbstractProblemLoader Init config took 2.45s 
139988     INFO  main            d.u.i.k.p.i.AbstractProblemLoader Replaying proof Ackermann[Ackermann::a(int,int)].JML normal_behavior operation contract.0 
139991     DEBUG main            d.u.i.k.p.i.IntermediateProofReplayer Proof replay took 6.7ns 
140295     INFO  main            d.u.i.k.p.r.p.TestFile    ... finished proof: closed. 
140615     INFO  main            d.u.i.k.p.i.AbstractProblemLoader Loading environment from /home/runner/work/key/key/key.core/../key.ui/examples/heap/Wellfounded/ackermann.key.proof 
140615     DEBUG main            d.u.i.k.p.i.AbstractProblemLoader Environment load took 114.2ns 
140616     INFO  main            d.u.i.k.p.i.AbstractProblemLoader Creating init config 
143013     DEBUG main            d.u.i.k.p.i.AbstractProblemLoader Init config took 2.4s 
143049     INFO  main            d.u.i.k.p.i.AbstractProblemLoader Replaying proof Ackermann[Ackermann::a(int,int)].JML normal_behavior operation contract.0 
143097     DEBUG main            d.u.i.k.p.i.IntermediateProofReplayer Proof replay took 45.3ms 
143098     DEBUG main            d.u.i.k.p.r.p.TestFile    ... success: reloaded. 
143100     INFO  main            d.u.i.k.p.r.p.TestFile    Now processing file /home/runner/work/key/key/key.core/../key.ui/examples/standard_key/unicode_test.key 
143100     INFO  main            d.u.i.k.p.i.AbstractProblemLoader Loading environment from /home/runner/work/key/key/key.core/../key.ui/examples/standard_key/unicode_test.key 
143100     DEBUG main            d.u.i.k.p.i.AbstractProblemLoader Environment load took 237.1ns 
143102     INFO  main            d.u.i.k.p.i.AbstractProblemLoader Creating init config 
145450     DEBUG main            d.u.i.k.p.i.AbstractProblemLoader Init config took 2.35s 
145464     INFO  main            d.u.i.k.p.i.AbstractProblemLoader Replaying proof unicode_test.key 
145465     DEBUG main            d.u.i.k.p.i.IntermediateProofReplayer Proof replay took 6.1ns 
145567     INFO  main            d.u.i.k.p.r.p.TestFile    ... finished proof: closed. 
145831     INFO  main            d.u.i.k.p.i.AbstractProblemLoader Loading environment from /home/runner/work/key/key/key.core/../key.ui/examples/standard_key/unicode_test.key.proof 
145831     DEBUG main            d.u.i.k.p.i.AbstractProblemLoader Environment load took 109ns 
145832     INFO  main            d.u.i.k.p.i.AbstractProblemLoader Creating init config 
148117     DEBUG main            d.u.i.k.p.i.AbstractProblemLoader Init config took 2.29s 
148132     INFO  main            d.u.i.k.p.i.AbstractProblemLoader Replaying proof unicode_test.key.proof 
148133     DEBUG main            d.u.i.k.p.i.IntermediateProofReplayer Proof replay took 314.91ns 
148134     DEBUG main            d.u.i.k.p.r.p.TestFile    ... success: reloaded. 
148135     INFO  main            d.u.i.k.p.r.p.TestFile    Now processing file /home/runner/work/key/key/key.core/../key.ui/examples/heap/strictlyModular/mayExpand.key 
148135     INFO  main            d.u.i.k.p.i.AbstractProblemLoader Loading environment from /home/runner/work/key/key/key.core/../key.ui/examples/heap/strictlyModular/mayExpand.key 
148135     DEBUG main            d.u.i.k.p.i.AbstractProblemLoader Environment load took 212.41ns 
148136     INFO  main            d.u.i.k.p.i.AbstractProblemLoader Creating init config 
150525     DEBUG main            d.u.i.k.p.i.AbstractProblemLoader Init config took 2.39s 
150592     INFO  main            d.u.i.k.p.i.AbstractProblemLoader Replaying proof Modular[Modular::m()].JML operation contract.0 
150593     DEBUG main            d.u.i.k.p.i.IntermediateProofReplayer Proof replay took 5.8ns 
150698     INFO  main            d.u.i.k.p.r.p.TestFile    ... finished proof: closed. 
150976     INFO  main            d.u.i.k.p.i.AbstractProblemLoader Loading environment from /home/runner/work/key/key/key.core/../key.ui/examples/heap/strictlyModular/mayExpand.key.proof 
150977     DEBUG main            d.u.i.k.p.i.AbstractProblemLoader Environment load took 106.5ns 
150978     INFO  main            d.u.i.k.p.i.AbstractProblemLoader Creating init config 
153304     DEBUG main            d.u.i.k.p.i.AbstractProblemLoader Init config took 2.33s 
153351     INFO  main            d.u.i.k.p.i.AbstractProblemLoader Replaying proof Modular[Modular::m()].JML operation contract.0 
153364     DEBUG main            d.u.i.k.p.i.IntermediateProofReplayer Proof replay took 11.5ms 
153365     DEBUG main            d.u.i.k.p.r.p.TestFile    ... success: reloaded. 
153366     INFO  main            d.u.i.k.p.r.p.TestFile    Now processing file /home/runner/work/key/key/key.core/../key.ui/examples/heap/strictlyModular/modularOnly.key 
153366     INFO  main            d.u.i.k.p.i.AbstractProblemLoader Loading environment from /home/runner/work/key/key/key.core/../key.ui/examples/heap/strictlyModular/modularOnly.key 
153367     DEBUG main            d.u.i.k.p.i.AbstractProblemLoader Environment load took 231.31ns 
153368     INFO  main            d.u.i.k.p.i.AbstractProblemLoader Creating init config 
155761     DEBUG main            d.u.i.k.p.i.AbstractProblemLoader Init config took 2.39s 
155796     INFO  main            d.u.i.k.p.i.AbstractProblemLoader Replaying proof Modular[Modular::m()].JML operation contract.0 
155797     DEBUG main            d.u.i.k.p.i.IntermediateProofReplayer Proof replay took 5.9ns 
155900     INFO  main            d.u.i.k.p.r.p.TestFile    ... finished proof: open goal(s) 
1805229    INFO  Test worker     d.u.i.k.p.r.RunAllProofsTestUnit Returning from test simpleTests 
1805234    INFO  Test worker     d.u.i.k.p.r.RunAllProofsTestUnit Running test SmansEtAl 
330        INFO  Timeout watchdog d.u.i.k.p.r.p.ForkedTestFileRunner Timeout watcher launched (2000 secs.) 
332        WARN  main            d.u.i.k.s.ProofSettings   The settings in /home/runner/.key/proof-settings.props are *not* read. 
365        INFO  main            d.u.i.k.p.r.p.TestFile    Now processing file /home/runner/work/key/key/key.core/../key.ui/examples/heap/SmansEtAl/ArrayList_add.key 
477        INFO  main            d.u.i.k.p.i.AbstractProblemLoader Loading environment from /home/runner/work/key/key/key.core/../key.ui/examples/heap/SmansEtAl/ArrayList_add.key 
493        DEBUG main            d.u.i.k.p.i.AbstractProblemLoader Environment load took 1.79ms 
714        INFO  main            d.u.i.k.p.i.AbstractProblemLoader Creating init config 
1596       DEBUG main            d.u.i.k.j.TypeConverter   No LDT found for Meta 
1596       DEBUG main            d.u.i.k.j.TypeConverter   No LDT found for Meta 
1598       DEBUG main            d.u.i.k.j.TypeConverter   No LDT found for Meta 
1598       DEBUG main            d.u.i.k.j.TypeConverter   No LDT found for Meta 
3139       DEBUG main            d.u.i.k.j.TypeConverter   No LDT found for JavaBigintExpression 
8134       DEBUG main            d.u.i.k.p.i.AbstractProblemLoader Init config took 7.42s 
8283       INFO  main            d.u.i.k.p.i.AbstractProblemLoader Replaying proof ArrayList[ArrayList::add(java.lang.Object)].JML normal_behavior operation contract.0 
8315       DEBUG main            d.u.i.k.p.i.IntermediateProofReplayer Proof replay took 32.1ns 
15496      INFO  main            d.u.i.k.p.r.p.TestFile    ... finished proof: closed. 
15701      INFO  main            d.u.i.k.p.i.AbstractProblemLoader Loading environment from /home/runner/work/key/key/key.core/../key.ui/examples/heap/SmansEtAl/ArrayList_add.key.proof 
15702      DEBUG main            d.u.i.k.p.i.AbstractProblemLoader Environment load took 941.12ns 
15708      INFO  main            d.u.i.k.p.i.AbstractProblemLoader Creating init config 
18693      DEBUG main            d.u.i.k.p.i.AbstractProblemLoader Init config took 2.99s 
18754      INFO  main            d.u.i.k.p.i.AbstractProblemLoader Replaying proof ArrayList[ArrayList::add(java.lang.Object)].JML normal_behavior operation contract.0 
19524      DEBUG main            d.u.i.k.p.i.IntermediateProofReplayer Proof replay took 728.51ms 
19535      DEBUG main            d.u.i.k.p.r.p.TestFile    ... success: reloaded. 
19539      INFO  main            d.u.i.k.p.r.p.TestFile    Now processing file /home/runner/work/key/key/key.core/../key.ui/examples/heap/SmansEtAl/ArrayList_ArrayList.key 
19539      INFO  main            d.u.i.k.p.i.AbstractProblemLoader Loading environment from /home/runner/work/key/key/key.core/../key.ui/examples/heap/SmansEtAl/ArrayList_ArrayList.key 
19539      DEBUG main            d.u.i.k.p.i.AbstractProblemLoader Environment load took 239.6ns 
19543      INFO  main            d.u.i.k.p.i.AbstractProblemLoader Creating init config 
22391      DEBUG main            d.u.i.k.p.i.AbstractProblemLoader Init config took 2.85s 
22445      INFO  main            d.u.i.k.p.i.AbstractProblemLoader Replaying proof ArrayList[ArrayList::ArrayList()].JML normal_behavior operation contract.0 
22448      DEBUG main            d.u.i.k.p.i.IntermediateProofReplayer Proof replay took 14.2ns 
23353      INFO  main            d.u.i.k.p.r.p.TestFile    ... finished proof: closed. 
23523      INFO  main            d.u.i.k.p.i.AbstractProblemLoader Loading environment from /home/runner/work/key/key/key.core/../key.ui/examples/heap/SmansEtAl/ArrayList_ArrayList.key.proof 
23524      DEBUG main            d.u.i.k.p.i.AbstractProblemLoader Environment load took 443.11ns 
23525      INFO  main            d.u.i.k.p.i.AbstractProblemLoader Creating init config 
26256      DEBUG main            d.u.i.k.p.i.AbstractProblemLoader Init config took 2.73s 
26303      INFO  main            d.u.i.k.p.i.AbstractProblemLoader Replaying proof ArrayList[ArrayList::ArrayList()].JML normal_behavior operation contract.0 
26454      DEBUG main            d.u.i.k.p.i.IntermediateProofReplayer Proof replay took 142.16ms 
26456      DEBUG main            d.u.i.k.p.r.p.TestFile    ... success: reloaded. 
26457      INFO  main            d.u.i.k.p.r.p.TestFile    Now processing file /home/runner/work/key/key/key.core/../key.ui/examples/heap/SmansEtAl/ArrayList_footprint.key 
26458      INFO  main            d.u.i.k.p.i.AbstractProblemLoader Loading environment from /home/runner/work/key/key/key.core/../key.ui/examples/heap/SmansEtAl/ArrayList_footprint.key 
26458      DEBUG main            d.u.i.k.p.i.AbstractProblemLoader Environment load took 220.1ns 
26459      INFO  main            d.u.i.k.p.i.AbstractProblemLoader Creating init config 
29239      DEBUG main            d.u.i.k.p.i.AbstractProblemLoader Init config took 2.78s 
29287      INFO  main            d.u.i.k.p.i.AbstractProblemLoader Replaying proof ArrayList[ArrayList::$footprint()].JML accessible clause.0 
29289      DEBUG main            d.u.i.k.p.i.IntermediateProofReplayer Proof replay took 5.7ns 
29392      INFO  main            d.u.i.k.p.r.p.TestFile    ... finished proof: closed. 
29545      INFO  main            d.u.i.k.p.i.AbstractProblemLoader Loading environment from /home/runner/work/key/key/key.core/../key.ui/examples/heap/SmansEtAl/ArrayList_footprint.key.proof 
29545      DEBUG main            d.u.i.k.p.i.AbstractProblemLoader Environment load took 138.5ns 
29546      INFO  main            d.u.i.k.p.i.AbstractProblemLoader Creating init config 
32261      DEBUG main            d.u.i.k.p.i.AbstractProblemLoader Init config took 2.71s 
32318      INFO  main            d.u.i.k.p.i.AbstractProblemLoader Replaying proof ArrayList[ArrayList::$footprint()].JML accessible clause.0 
32332      DEBUG main            d.u.i.k.p.i.IntermediateProofReplayer Proof replay took 9.23ms 
32333      DEBUG main            d.u.i.k.p.r.p.TestFile    ... success: reloaded. 
32335      INFO  main            d.u.i.k.p.r.p.TestFile    Now processing file /home/runner/work/key/key/key.core/../key.ui/examples/heap/SmansEtAl/ArrayList_get_dep.key 
32335      INFO  main            d.u.i.k.p.i.AbstractProblemLoader Loading environment from /home/runner/work/key/key/key.core/../key.ui/examples/heap/SmansEtAl/ArrayList_get_dep.key 
32335      DEBUG main            d.u.i.k.p.i.AbstractProblemLoader Environment load took 325.91ns 
32336      INFO  main            d.u.i.k.p.i.AbstractProblemLoader Creating init config 
35131      DEBUG main            d.u.i.k.p.i.AbstractProblemLoader Init config took 2.79s 
35174      INFO  main            d.u.i.k.p.i.AbstractProblemLoader Replaying proof ArrayList[ArrayList::get(int)].JML accessible clause.0 
35176      DEBUG main            d.u.i.k.p.i.IntermediateProofReplayer Proof replay took 5.6ns 
35479      INFO  main            d.u.i.k.p.r.p.TestFile    ... finished proof: closed. 
35640      INFO  main            d.u.i.k.p.i.AbstractProblemLoader Loading environment from /home/runner/work/key/key/key.core/../key.ui/examples/heap/SmansEtAl/ArrayList_get_dep.key.proof 
35640      DEBUG main            d.u.i.k.p.i.AbstractProblemLoader Environment load took 125.4ns 
35641      INFO  main            d.u.i.k.p.i.AbstractProblemLoader Creating init config 
38336      DEBUG main            d.u.i.k.p.i.AbstractProblemLoader Init config took 2.69s 
38379      INFO  main            d.u.i.k.p.i.AbstractProblemLoader Replaying proof ArrayList[ArrayList::get(int)].JML accessible clause.0 
38422      DEBUG main            d.u.i.k.p.i.IntermediateProofReplayer Proof replay took 39.79ms 
38424      DEBUG main            d.u.i.k.p.r.p.TestFile    ... success: reloaded. 
38425      INFO  main            d.u.i.k.p.r.p.TestFile    Now processing file /home/runner/work/key/key/key.core/../key.ui/examples/heap/SmansEtAl/ArrayList_get.key 
38425      INFO  main            d.u.i.k.p.i.AbstractProblemLoader Loading environment from /home/runner/work/key/key/key.core/../key.ui/examples/heap/SmansEtAl/ArrayList_get.key 
38426      DEBUG main            d.u.i.k.p.i.AbstractProblemLoader Environment load took 214.1ns 
38427      INFO  main            d.u.i.k.p.i.AbstractProblemLoader Creating init config 
41185      DEBUG main            d.u.i.k.p.i.AbstractProblemLoader Init config took 2.76s 
41235      INFO  main            d.u.i.k.p.i.AbstractProblemLoader Replaying proof ArrayList[ArrayList::get(int)].JML normal_behavior operation contract.0 
41237      DEBUG main            d.u.i.k.p.i.IntermediateProofReplayer Proof replay took 6ns 
41439      INFO  main            d.u.i.k.p.r.p.TestFile    ... finished proof: closed. 
41607      INFO  main            d.u.i.k.p.i.AbstractProblemLoader Loading environment from /home/runner/work/key/key/key.core/../key.ui/examples/heap/SmansEtAl/ArrayList_get.key.proof 
41607      DEBUG main            d.u.i.k.p.i.AbstractProblemLoader Environment load took 131.6ns 
41608      INFO  main            d.u.i.k.p.i.AbstractProblemLoader Creating init config 
44295      DEBUG main            d.u.i.k.p.i.AbstractProblemLoader Init config took 2.69s 
44341      INFO  main            d.u.i.k.p.i.AbstractProblemLoader Replaying proof ArrayList[ArrayList::get(int)].JML normal_behavior operation contract.0 
44369      DEBUG main            d.u.i.k.p.i.IntermediateProofReplayer Proof replay took 23.89ms 
44370      DEBUG main            d.u.i.k.p.r.p.TestFile    ... success: reloaded. 
44371      INFO  main            d.u.i.k.p.r.p.TestFile    Now processing file /home/runner/work/key/key/key.core/../key.ui/examples/heap/SmansEtAl/ArrayList_inv.key 
44372      INFO  main            d.u.i.k.p.i.AbstractProblemLoader Loading environment from /home/runner/work/key/key/key.core/../key.ui/examples/heap/SmansEtAl/ArrayList_inv.key 
44373      DEBUG main            d.u.i.k.p.i.AbstractProblemLoader Environment load took 729.32ns 
44374      INFO  main            d.u.i.k.p.i.AbstractProblemLoader Creating init config 
47064      DEBUG main            d.u.i.k.p.i.AbstractProblemLoader Init config took 2.69s 
47108      INFO  main            d.u.i.k.p.i.AbstractProblemLoader Replaying proof ArrayList[java.lang.Object::<inv>()].JML accessible clause.0 
47110      DEBUG main            d.u.i.k.p.i.IntermediateProofReplayer Proof replay took 5.9ns 
47214      INFO  main            d.u.i.k.p.r.p.TestFile    ... finished proof: closed. 
47380      INFO  main            d.u.i.k.p.i.AbstractProblemLoader Loading environment from /home/runner/work/key/key/key.core/../key.ui/examples/heap/SmansEtAl/ArrayList_inv.key.proof 
47380      DEBUG main            d.u.i.k.p.i.AbstractProblemLoader Environment load took 125.8ns 
47381      INFO  main            d.u.i.k.p.i.AbstractProblemLoader Creating init config 
50029      DEBUG main            d.u.i.k.p.i.AbstractProblemLoader Init config took 2.65s 
50069      INFO  main            d.u.i.k.p.i.AbstractProblemLoader Replaying proof ArrayList[java.lang.Object::<inv>()].JML accessible clause.0 
50080      DEBUG main            d.u.i.k.p.i.IntermediateProofReplayer Proof replay took 8.29ms 
50081      DEBUG main            d.u.i.k.p.r.p.TestFile    ... success: reloaded. 
50082      INFO  main            d.u.i.k.p.r.p.TestFile    Now processing file /home/runner/work/key/key/key.core/../key.ui/examples/heap/SmansEtAl/ArrayList_size_dep.key 
50082      INFO  main            d.u.i.k.p.i.AbstractProblemLoader Loading environment from /home/runner/work/key/key/key.core/../key.ui/examples/heap/SmansEtAl/ArrayList_size_dep.key 
50082      DEBUG main            d.u.i.k.p.i.AbstractProblemLoader Environment load took 97.1ns 
50083      INFO  main            d.u.i.k.p.i.AbstractProblemLoader Creating init config 
52750      DEBUG main            d.u.i.k.p.i.AbstractProblemLoader Init config took 2.67s 
52789      INFO  main            d.u.i.k.p.i.AbstractProblemLoader Replaying proof ArrayList[ArrayList::size()].JML accessible clause.0 
52791      DEBUG main            d.u.i.k.p.i.IntermediateProofReplayer Proof replay took 6.2ns 
52894      INFO  main            d.u.i.k.p.r.p.TestFile    ... finished proof: closed. 
53069      INFO  main            d.u.i.k.p.i.AbstractProblemLoader Loading environment from /home/runner/work/key/key/key.core/../key.ui/examples/heap/SmansEtAl/ArrayList_size_dep.key.proof 
53069      DEBUG main            d.u.i.k.p.i.AbstractProblemLoader Environment load took 125.2ns 
53070      INFO  main            d.u.i.k.p.i.AbstractProblemLoader Creating init config 
55722      DEBUG main            d.u.i.k.p.i.AbstractProblemLoader Init config took 2.65s 
55761      INFO  main            d.u.i.k.p.i.AbstractProblemLoader Replaying proof ArrayList[ArrayList::size()].JML accessible clause.0 
55776      DEBUG main            d.u.i.k.p.i.IntermediateProofReplayer Proof replay took 12.27ms 
55777      DEBUG main            d.u.i.k.p.r.p.TestFile    ... success: reloaded. 
55778      INFO  main            d.u.i.k.p.r.p.TestFile    Now processing file /home/runner/work/key/key/key.core/../key.ui/examples/heap/SmansEtAl/ArrayList_size.key 
55778      INFO  main            d.u.i.k.p.i.AbstractProblemLoader Loading environment from /home/runner/work/key/key/key.core/../key.ui/examples/heap/SmansEtAl/ArrayList_size.key 
55779      DEBUG main            d.u.i.k.p.i.AbstractProblemLoader Environment load took 218.91ns 
55780      INFO  main            d.u.i.k.p.i.AbstractProblemLoader Creating init config 
58433      DEBUG main            d.u.i.k.p.i.AbstractProblemLoader Init config took 2.65s 
58472      INFO  main            d.u.i.k.p.i.AbstractProblemLoader Replaying proof ArrayList[ArrayList::size()].JML normal_behavior operation contract.0 
58474      DEBUG main            d.u.i.k.p.i.IntermediateProofReplayer Proof replay took 6.2ns 
58576      INFO  main            d.u.i.k.p.r.p.TestFile    ... finished proof: closed. 
58791      INFO  main            d.u.i.k.p.i.AbstractProblemLoader Loading environment from /home/runner/work/key/key/key.core/../key.ui/examples/heap/SmansEtAl/ArrayList_size.key.proof 
58791      DEBUG main            d.u.i.k.p.i.AbstractProblemLoader Environment load took 124.1ns 
58792      INFO  main            d.u.i.k.p.i.AbstractProblemLoader Creating init config 
61394      DEBUG main            d.u.i.k.p.i.AbstractProblemLoader Init config took 2.6s 
61441      INFO  main            d.u.i.k.p.i.AbstractProblemLoader Replaying proof ArrayList[ArrayList::size()].JML normal_behavior operation contract.0 
61454      DEBUG main            d.u.i.k.p.i.IntermediateProofReplayer Proof replay took 10.61ms 
61455      DEBUG main            d.u.i.k.p.r.p.TestFile    ... success: reloaded. 
61456      INFO  main            d.u.i.k.p.r.p.TestFile    Now processing file /home/runner/work/key/key/key.core/../key.ui/examples/heap/SmansEtAl/Cell_Cell.key 
61457      INFO  main            d.u.i.k.p.i.AbstractProblemLoader Loading environment from /home/runner/work/key/key/key.core/../key.ui/examples/heap/SmansEtAl/Cell_Cell.key 
61457      DEBUG main            d.u.i.k.p.i.AbstractProblemLoader Environment load took 205.8ns 
61458      INFO  main            d.u.i.k.p.i.AbstractProblemLoader Creating init config 
64100      DEBUG main            d.u.i.k.p.i.AbstractProblemLoader Init config took 2.64s 
64136      INFO  main            d.u.i.k.p.i.AbstractProblemLoader Replaying proof Cell[Cell::Cell()].JML normal_behavior operation contract.0 
64137      DEBUG main            d.u.i.k.p.i.IntermediateProofReplayer Proof replay took 6.4ns 
64340      INFO  main            d.u.i.k.p.r.p.TestFile    ... finished proof: closed. 
64526      INFO  main            d.u.i.k.p.i.AbstractProblemLoader Loading environment from /home/runner/work/key/key/key.core/../key.ui/examples/heap/SmansEtAl/Cell_Cell.key.proof 
64527      DEBUG main            d.u.i.k.p.i.AbstractProblemLoader Environment load took 122.5ns 
64527      INFO  main            d.u.i.k.p.i.AbstractProblemLoader Creating init config 
67115      DEBUG main            d.u.i.k.p.i.AbstractProblemLoader Init config took 2.59s 
67150      INFO  main            d.u.i.k.p.i.AbstractProblemLoader Replaying proof Cell[Cell::Cell()].JML normal_behavior operation contract.0 
67182      DEBUG main            d.u.i.k.p.i.IntermediateProofReplayer Proof replay took 29.26ms 
67183      DEBUG main            d.u.i.k.p.r.p.TestFile    ... success: reloaded. 
67184      INFO  main            d.u.i.k.p.r.p.TestFile    Now processing file /home/runner/work/key/key/key.core/../key.ui/examples/heap/SmansEtAl/Cell_footprint.key 
67185      INFO  main            d.u.i.k.p.i.AbstractProblemLoader Loading environment from /home/runner/work/key/key/key.core/../key.ui/examples/heap/SmansEtAl/Cell_footprint.key 
67185      DEBUG main            d.u.i.k.p.i.AbstractProblemLoader Environment load took 126ns 
67186      INFO  main            d.u.i.k.p.i.AbstractProblemLoader Creating init config 
69865      DEBUG main            d.u.i.k.p.i.AbstractProblemLoader Init config took 2.68s 
69900      INFO  main            d.u.i.k.p.i.AbstractProblemLoader Replaying proof Cell[Cell::$footprint()].JML accessible clause.0 
69901      DEBUG main            d.u.i.k.p.i.IntermediateProofReplayer Proof replay took 5.6ns 
70006      INFO  main            d.u.i.k.p.r.p.TestFile    ... finished proof: closed. 
70193      INFO  main            d.u.i.k.p.i.AbstractProblemLoader Loading environment from /home/runner/work/key/key/key.core/../key.ui/examples/heap/SmansEtAl/Cell_footprint.key.proof 
70193      DEBUG main            d.u.i.k.p.i.AbstractProblemLoader Environment load took 133.5ns 
70194      INFO  main            d.u.i.k.p.i.AbstractProblemLoader Creating init config 
72818      DEBUG main            d.u.i.k.p.i.AbstractProblemLoader Init config took 2.62s 
72855      INFO  main            d.u.i.k.p.i.AbstractProblemLoader Replaying proof Cell[Cell::$footprint()].JML accessible clause.0 
72860      DEBUG main            d.u.i.k.p.i.IntermediateProofReplayer Proof replay took 3.34ms 
72861      DEBUG main            d.u.i.k.p.r.p.TestFile    ... success: reloaded. 
72862      INFO  main            d.u.i.k.p.r.p.TestFile    Now processing file /home/runner/work/key/key/key.core/../key.ui/examples/heap/SmansEtAl/Cell_getX_dep.key 
72862      INFO  main            d.u.i.k.p.i.AbstractProblemLoader Loading environment from /home/runner/work/key/key/key.core/../key.ui/examples/heap/SmansEtAl/Cell_getX_dep.key 
72862      DEBUG main            d.u.i.k.p.i.AbstractProblemLoader Environment load took 205.2ns 
72863      INFO  main            d.u.i.k.p.i.AbstractProblemLoader Creating init config 
75505      DEBUG main            d.u.i.k.p.i.AbstractProblemLoader Init config took 2.64s 
75540      INFO  main            d.u.i.k.p.i.AbstractProblemLoader Replaying proof Cell[Cell::getX()].JML accessible clause.0 
75542      DEBUG main            d.u.i.k.p.i.IntermediateProofReplayer Proof replay took 5.9ns 
75649      INFO  main            d.u.i.k.p.r.p.TestFile    ... finished proof: closed. 
75880      INFO  main            d.u.i.k.p.i.AbstractProblemLoader Loading environment from /home/runner/work/key/key/key.core/../key.ui/examples/heap/SmansEtAl/Cell_getX_dep.key.proof 
75880      DEBUG main            d.u.i.k.p.i.AbstractProblemLoader Environment load took 128.6ns 
75881      INFO  main            d.u.i.k.p.i.AbstractProblemLoader Creating init config 
78463      DEBUG main            d.u.i.k.p.i.AbstractProblemLoader Init config took 2.58s 
78497      INFO  main            d.u.i.k.p.i.AbstractProblemLoader Replaying proof Cell[Cell::getX()].JML accessible clause.0 
78509      DEBUG main            d.u.i.k.p.i.IntermediateProofReplayer Proof replay took 10.01ms 
78510      DEBUG main            d.u.i.k.p.r.p.TestFile    ... success: reloaded. 
78511      INFO  main            d.u.i.k.p.r.p.TestFile    Now processing file /home/runner/work/key/key/key.core/../key.ui/examples/heap/SmansEtAl/Cell_getX.key 
78511      INFO  main            d.u.i.k.p.i.AbstractProblemLoader Loading environment from /home/runner/work/key/key/key.core/../key.ui/examples/heap/SmansEtAl/Cell_getX.key 
78511      DEBUG main            d.u.i.k.p.i.AbstractProblemLoader Environment load took 96ns 
78512      INFO  main            d.u.i.k.p.i.AbstractProblemLoader Creating init config 
81159      DEBUG main            d.u.i.k.p.i.AbstractProblemLoader Init config took 2.65s 
81193      INFO  main            d.u.i.k.p.i.AbstractProblemLoader Replaying proof Cell[Cell::getX()].JML normal_behavior operation contract.0 
81195      DEBUG main            d.u.i.k.p.i.IntermediateProofReplayer Proof replay took 6.5ns 
81297      INFO  main            d.u.i.k.p.r.p.TestFile    ... finished proof: closed. 
81505      INFO  main            d.u.i.k.p.i.AbstractProblemLoader Loading environment from /home/runner/work/key/key/key.core/../key.ui/examples/heap/SmansEtAl/Cell_getX.key.proof 
81505      DEBUG main            d.u.i.k.p.i.AbstractProblemLoader Environment load took 127ns 
81506      INFO  main            d.u.i.k.p.i.AbstractProblemLoader Creating init config 
84070      DEBUG main            d.u.i.k.p.i.AbstractProblemLoader Init config took 2.56s 
84106      INFO  main            d.u.i.k.p.i.AbstractProblemLoader Replaying proof Cell[Cell::getX()].JML normal_behavior operation contract.0 
84120      DEBUG main            d.u.i.k.p.i.IntermediateProofReplayer Proof replay took 11.12ms 
84121      DEBUG main            d.u.i.k.p.r.p.TestFile    ... success: reloaded. 
84123      INFO  main            d.u.i.k.p.r.p.TestFile    Now processing file /home/runner/work/key/key/key.core/../key.ui/examples/heap/SmansEtAl/Cell_inv.key 
84123      INFO  main            d.u.i.k.p.i.AbstractProblemLoader Loading environment from /home/runner/work/key/key/key.core/../key.ui/examples/heap/SmansEtAl/Cell_inv.key 
84123      DEBUG main            d.u.i.k.p.i.AbstractProblemLoader Environment load took 144.6ns 
84124      INFO  main            d.u.i.k.p.i.AbstractProblemLoader Creating init config 
86793      DEBUG main            d.u.i.k.p.i.AbstractProblemLoader Init config took 2.67s 
86829      INFO  main            d.u.i.k.p.i.AbstractProblemLoader Replaying proof Cell[java.lang.Object::<inv>()].JML accessible clause.0 
86831      DEBUG main            d.u.i.k.p.i.IntermediateProofReplayer Proof replay took 5.8ns 
86933      INFO  main            d.u.i.k.p.r.p.TestFile    ... finished proof: closed. 
87143      INFO  main            d.u.i.k.p.i.AbstractProblemLoader Loading environment from /home/runner/work/key/key/key.core/../key.ui/examples/heap/SmansEtAl/Cell_inv.key.proof 
87143      DEBUG main            d.u.i.k.p.i.AbstractProblemLoader Environment load took 123.8ns 
87144      INFO  main            d.u.i.k.p.i.AbstractProblemLoader Creating init config 
89710      DEBUG main            d.u.i.k.p.i.AbstractProblemLoader Init config took 2.57s 
89743      INFO  main            d.u.i.k.p.i.AbstractProblemLoader Replaying proof Cell[java.lang.Object::<inv>()].JML accessible clause.0 
89746      DEBUG main            d.u.i.k.p.i.IntermediateProofReplayer Proof replay took 1.28ms 
89746      DEBUG main            d.u.i.k.p.r.p.TestFile    ... success: reloaded. 
89747      INFO  main            d.u.i.k.p.r.p.TestFile    Now processing file /home/runner/work/key/key/key.core/../key.ui/examples/heap/SmansEtAl/Cell_setX.key 
89747      INFO  main            d.u.i.k.p.i.AbstractProblemLoader Loading environment from /home/runner/work/key/key/key.core/../key.ui/examples/heap/SmansEtAl/Cell_setX.key 
89748      DEBUG main            d.u.i.k.p.i.AbstractProblemLoader Environment load took 95.8ns 
89748      INFO  main            d.u.i.k.p.i.AbstractProblemLoader Creating init config 
92387      DEBUG main            d.u.i.k.p.i.AbstractProblemLoader Init config took 2.64s 
92420      INFO  main            d.u.i.k.p.i.AbstractProblemLoader Replaying proof Cell[Cell::setX(int)].JML normal_behavior operation contract.0 
92421      DEBUG main            d.u.i.k.p.i.IntermediateProofReplayer Proof replay took 5.7ns 
92524      INFO  main            d.u.i.k.p.r.p.TestFile    ... finished proof: closed. 
92728      INFO  main            d.u.i.k.p.i.AbstractProblemLoader Loading environment from /home/runner/work/key/key/key.core/../key.ui/examples/heap/SmansEtAl/Cell_setX.key.proof 
92728      DEBUG main            d.u.i.k.p.i.AbstractProblemLoader Environment load took 151.7ns 
92729      INFO  main            d.u.i.k.p.i.AbstractProblemLoader Creating init config 
95292      DEBUG main            d.u.i.k.p.i.AbstractProblemLoader Init config took 2.56s 
95328      INFO  main            d.u.i.k.p.i.AbstractProblemLoader Replaying proof Cell[Cell::setX(int)].JML normal_behavior operation contract.0 
95346      DEBUG main            d.u.i.k.p.i.IntermediateProofReplayer Proof replay took 16.7ms 
95347      DEBUG main            d.u.i.k.p.r.p.TestFile    ... success: reloaded. 
95348      INFO  main            d.u.i.k.p.r.p.TestFile    Now processing file /home/runner/work/key/key/key.core/../key.ui/examples/heap/SmansEtAl/CellClient_m.key 
95348      INFO  main            d.u.i.k.p.i.AbstractProblemLoader Loading environment from /home/runner/work/key/key/key.core/../key.ui/examples/heap/SmansEtAl/CellClient_m.key 
95348      DEBUG main            d.u.i.k.p.i.AbstractProblemLoader Environment load took 94.7ns 
95349      INFO  main            d.u.i.k.p.i.AbstractProblemLoader Creating init config 
97989      DEBUG main            d.u.i.k.p.i.AbstractProblemLoader Init config took 2.64s 
98022      INFO  main            d.u.i.k.p.i.AbstractProblemLoader Replaying proof CellClient[CellClient::m()].JML operation contract.0 
98023      DEBUG main            d.u.i.k.p.i.IntermediateProofReplayer Proof replay took 6.4ns 
98527      INFO  main            d.u.i.k.p.r.p.TestFile    ... finished proof: closed. 
98745      INFO  main            d.u.i.k.p.i.AbstractProblemLoader Loading environment from /home/runner/work/key/key/key.core/../key.ui/examples/heap/SmansEtAl/CellClient_m.key.proof 
98745      DEBUG main            d.u.i.k.p.i.AbstractProblemLoader Environment load took 125ns 
98746      INFO  main            d.u.i.k.p.i.AbstractProblemLoader Creating init config 
101293     DEBUG main            d.u.i.k.p.i.AbstractProblemLoader Init config took 2.55s 
101327     INFO  main            d.u.i.k.p.i.AbstractProblemLoader Replaying proof CellClient[CellClient::m()].JML operation contract.0 
101427     DEBUG main            d.u.i.k.p.i.IntermediateProofReplayer Proof replay took 96.71ms 
101428     DEBUG main            d.u.i.k.p.r.p.TestFile    ... success: reloaded. 
101430     INFO  main            d.u.i.k.p.r.p.TestFile    Now processing file /home/runner/work/key/key/key.core/../key.ui/examples/heap/SmansEtAl/Iterator_footprint.key 
101430     INFO  main            d.u.i.k.p.i.AbstractProblemLoader Loading environment from /home/runner/work/key/key/key.core/../key.ui/examples/heap/SmansEtAl/Iterator_footprint.key 
101430     DEBUG main            d.u.i.k.p.i.AbstractProblemLoader Environment load took 216.7ns 
101431     INFO  main            d.u.i.k.p.i.AbstractProblemLoader Creating init config 
104071     DEBUG main            d.u.i.k.p.i.AbstractProblemLoader Init config took 2.64s 
104118     INFO  main            d.u.i.k.p.i.AbstractProblemLoader Replaying proof Iterator[Iterator::$footprint()].JML accessible clause.0 
104121     DEBUG main            d.u.i.k.p.i.IntermediateProofReplayer Proof replay took 6.4ns 
104224     INFO  main            d.u.i.k.p.r.p.TestFile    ... finished proof: closed. 
104451     INFO  main            d.u.i.k.p.i.AbstractProblemLoader Loading environment from /home/runner/work/key/key/key.core/../key.ui/examples/heap/SmansEtAl/Iterator_footprint.key.proof 
104451     DEBUG main            d.u.i.k.p.i.AbstractProblemLoader Environment load took 127.7ns 
104452     INFO  main            d.u.i.k.p.i.AbstractProblemLoader Creating init config 
107032     DEBUG main            d.u.i.k.p.i.AbstractProblemLoader Init config took 2.58s 
107068     INFO  main            d.u.i.k.p.i.AbstractProblemLoader Replaying proof Iterator[Iterator::$footprint()].JML accessible clause.0 
107074     DEBUG main            d.u.i.k.p.i.IntermediateProofReplayer Proof replay took 5.23ms 
107075     DEBUG main            d.u.i.k.p.r.p.TestFile    ... success: reloaded. 
107076     INFO  main            d.u.i.k.p.r.p.TestFile    Now processing file /home/runner/work/key/key/key.core/../key.ui/examples/heap/SmansEtAl/Iterator_hasNext_dep.key 
107077     INFO  main            d.u.i.k.p.i.AbstractProblemLoader Loading environment from /home/runner/work/key/key/key.core/../key.ui/examples/heap/SmansEtAl/Iterator_hasNext_dep.key 
107077     DEBUG main            d.u.i.k.p.i.AbstractProblemLoader Environment load took 84ns 
107078     INFO  main            d.u.i.k.p.i.AbstractProblemLoader Creating init config 
109689     DEBUG main            d.u.i.k.p.i.AbstractProblemLoader Init config took 2.61s 
109724     INFO  main            d.u.i.k.p.i.AbstractProblemLoader Replaying proof Iterator[Iterator::hasNext()].JML accessible clause.0 
109725     DEBUG main            d.u.i.k.p.i.IntermediateProofReplayer Proof replay took 6.6ns 
110330     INFO  main            d.u.i.k.p.r.p.TestFile    ... finished proof: closed. 
110598     INFO  main            d.u.i.k.p.i.AbstractProblemLoader Loading environment from /home/runner/work/key/key/key.core/../key.ui/examples/heap/SmansEtAl/Iterator_hasNext_dep.key.proof 
110598     DEBUG main            d.u.i.k.p.i.AbstractProblemLoader Environment load took 493.11ns 
110600     INFO  main            d.u.i.k.p.i.AbstractProblemLoader Creating init config 
113155     DEBUG main            d.u.i.k.p.i.AbstractProblemLoader Init config took 2.56s 
113191     INFO  main            d.u.i.k.p.i.AbstractProblemLoader Replaying proof Iterator[Iterator::hasNext()].JML accessible clause.0 
113261     DEBUG main            d.u.i.k.p.i.IntermediateProofReplayer Proof replay took 64.01ms 
113262     DEBUG main            d.u.i.k.p.r.p.TestFile    ... success: reloaded. 
113263     INFO  main            d.u.i.k.p.r.p.TestFile    Now processing file /home/runner/work/key/key/key.core/../key.ui/examples/heap/SmansEtAl/Iterator_hasNext.key 
113264     INFO  main            d.u.i.k.p.i.AbstractProblemLoader Loading environment from /home/runner/work/key/key/key.core/../key.ui/examples/heap/SmansEtAl/Iterator_hasNext.key 
113264     DEBUG main            d.u.i.k.p.i.AbstractProblemLoader Environment load took 121.6ns 
113265     INFO  main            d.u.i.k.p.i.AbstractProblemLoader Creating init config 
115859     DEBUG main            d.u.i.k.p.i.AbstractProblemLoader Init config took 2.59s 
115895     INFO  main            d.u.i.k.p.i.AbstractProblemLoader Replaying proof Iterator[Iterator::hasNext()].JML normal_behavior operation contract.0 
115896     DEBUG main            d.u.i.k.p.i.IntermediateProofReplayer Proof replay took 5.4ns 
116412     INFO  main            d.u.i.k.p.r.p.TestFile    ... finished proof: closed. 
116646     INFO  main            d.u.i.k.p.i.AbstractProblemLoader Loading environment from /home/runner/work/key/key/key.core/../key.ui/examples/heap/SmansEtAl/Iterator_hasNext.key.proof 
116646     DEBUG main            d.u.i.k.p.i.AbstractProblemLoader Environment load took 481.51ns 
116648     INFO  main            d.u.i.k.p.i.AbstractProblemLoader Creating init config 
119189     DEBUG main            d.u.i.k.p.i.AbstractProblemLoader Init config took 2.54s 
119226     INFO  main            d.u.i.k.p.i.AbstractProblemLoader Replaying proof Iterator[Iterator::hasNext()].JML normal_behavior operation contract.0 
119304     DEBUG main            d.u.i.k.p.i.IntermediateProofReplayer Proof replay took 71.57ms 
119306     DEBUG main            d.u.i.k.p.r.p.TestFile    ... success: reloaded. 
119307     INFO  main            d.u.i.k.p.r.p.TestFile    Now processing file /home/runner/work/key/key/key.core/../key.ui/examples/heap/SmansEtAl/Iterator_inv.key 
119307     INFO  main            d.u.i.k.p.i.AbstractProblemLoader Loading environment from /home/runner/work/key/key/key.core/../key.ui/examples/heap/SmansEtAl/Iterator_inv.key 
119307     DEBUG main            d.u.i.k.p.i.AbstractProblemLoader Environment load took 240.31ns 
119308     INFO  main            d.u.i.k.p.i.AbstractProblemLoader Creating init config 
121958     DEBUG main            d.u.i.k.p.i.AbstractProblemLoader Init config took 2.65s 
122012     INFO  main            d.u.i.k.p.i.AbstractProblemLoader Replaying proof Iterator[java.lang.Object::<inv>()].JML accessible clause.0 
122013     DEBUG main            d.u.i.k.p.i.IntermediateProofReplayer Proof replay took 7ns 
122217     INFO  main            d.u.i.k.p.r.p.TestFile    ... finished proof: closed. 
122461     INFO  main            d.u.i.k.p.i.AbstractProblemLoader Loading environment from /home/runner/work/key/key/key.core/../key.ui/examples/heap/SmansEtAl/Iterator_inv.key.proof 
122461     DEBUG main            d.u.i.k.p.i.AbstractProblemLoader Environment load took 116.5ns 
122462     INFO  main            d.u.i.k.p.i.AbstractProblemLoader Creating init config 
124989     DEBUG main            d.u.i.k.p.i.AbstractProblemLoader Init config took 2.53s 
125027     INFO  main            d.u.i.k.p.i.AbstractProblemLoader Replaying proof Iterator[java.lang.Object::<inv>()].JML accessible clause.0 
125050     DEBUG main            d.u.i.k.p.i.IntermediateProofReplayer Proof replay took 20.33ms 
125052     DEBUG main            d.u.i.k.p.r.p.TestFile    ... success: reloaded. 
125054     INFO  main            d.u.i.k.p.r.p.TestFile    Now processing file /home/runner/work/key/key/key.core/../key.ui/examples/heap/SmansEtAl/Iterator_Iterator.key 
125054     INFO  main            d.u.i.k.p.i.AbstractProblemLoader Loading environment from /home/runner/work/key/key/key.core/../key.ui/examples/heap/SmansEtAl/Iterator_Iterator.key 
125054     DEBUG main            d.u.i.k.p.i.AbstractProblemLoader Environment load took 204.2ns 
125055     INFO  main            d.u.i.k.p.i.AbstractProblemLoader Creating init config 
127672     DEBUG main            d.u.i.k.p.i.AbstractProblemLoader Init config took 2.62s 
127708     INFO  main            d.u.i.k.p.i.AbstractProblemLoader Replaying proof Iterator[Iterator::Iterator(ArrayList)].JML normal_behavior operation contract.0 
127710     DEBUG main            d.u.i.k.p.i.IntermediateProofReplayer Proof replay took 7.1ns 
128917     INFO  main            d.u.i.k.p.r.p.TestFile    ... finished proof: closed. 
129177     INFO  main            d.u.i.k.p.i.AbstractProblemLoader Loading environment from /home/runner/work/key/key/key.core/../key.ui/examples/heap/SmansEtAl/Iterator_Iterator.key.proof 
129177     DEBUG main            d.u.i.k.p.i.AbstractProblemLoader Environment load took 486.11ns 
129179     INFO  main            d.u.i.k.p.i.AbstractProblemLoader Creating init config 
131711     DEBUG main            d.u.i.k.p.i.AbstractProblemLoader Init config took 2.53s 
131746     INFO  main            d.u.i.k.p.i.AbstractProblemLoader Replaying proof Iterator[Iterator::Iterator(ArrayList)].JML normal_behavior operation contract.0 
131888     DEBUG main            d.u.i.k.p.i.IntermediateProofReplayer Proof replay took 128.64ms 
131890     DEBUG main            d.u.i.k.p.r.p.TestFile    ... success: reloaded. 
131891     INFO  main            d.u.i.k.p.r.p.TestFile    Now processing file /home/runner/work/key/key/key.core/../key.ui/examples/heap/SmansEtAl/Iterator_list_dep.key 
131892     INFO  main            d.u.i.k.p.i.AbstractProblemLoader Loading environment from /home/runner/work/key/key/key.core/../key.ui/examples/heap/SmansEtAl/Iterator_list_dep.key 
131892     DEBUG main            d.u.i.k.p.i.AbstractProblemLoader Environment load took 236ns 
131893     INFO  main            d.u.i.k.p.i.AbstractProblemLoader Creating init config 
134477     DEBUG main            d.u.i.k.p.i.AbstractProblemLoader Init config took 2.58s 
134532     INFO  main            d.u.i.k.p.i.AbstractProblemLoader Replaying proof Iterator[Iterator::list()].JML accessible clause.0 
134534     DEBUG main            d.u.i.k.p.i.IntermediateProofReplayer Proof replay took 7.2ns 
134637     INFO  main            d.u.i.k.p.r.p.TestFile    ... finished proof: closed. 
134906     INFO  main            d.u.i.k.p.i.AbstractProblemLoader Loading environment from /home/runner/work/key/key/key.core/../key.ui/examples/heap/SmansEtAl/Iterator_list_dep.key.proof 
134907     DEBUG main            d.u.i.k.p.i.AbstractProblemLoader Environment load took 118.1ns 
134908     INFO  main            d.u.i.k.p.i.AbstractProblemLoader Creating init config 
137447     DEBUG main            d.u.i.k.p.i.AbstractProblemLoader Init config took 2.54s 
137481     INFO  main            d.u.i.k.p.i.AbstractProblemLoader Replaying proof Iterator[Iterator::list()].JML accessible clause.0 
137497     DEBUG main            d.u.i.k.p.i.IntermediateProofReplayer Proof replay took 13.93ms 
137498     DEBUG main            d.u.i.k.p.r.p.TestFile    ... success: reloaded. 
137499     INFO  main            d.u.i.k.p.r.p.TestFile    Now processing file /home/runner/work/key/key/key.core/../key.ui/examples/heap/SmansEtAl/Iterator_list.key 
137499     INFO  main            d.u.i.k.p.i.AbstractProblemLoader Loading environment from /home/runner/work/key/key/key.core/../key.ui/examples/heap/SmansEtAl/Iterator_list.key 
137499     DEBUG main            d.u.i.k.p.i.AbstractProblemLoader Environment load took 66.2ns 
137500     INFO  main            d.u.i.k.p.i.AbstractProblemLoader Creating init config 
140072     DEBUG main            d.u.i.k.p.i.AbstractProblemLoader Init config took 2.57s 
140127     INFO  main            d.u.i.k.p.i.AbstractProblemLoader Replaying proof Iterator[Iterator::list()].JML normal_behavior operation contract.0 
140129     DEBUG main            d.u.i.k.p.i.IntermediateProofReplayer Proof replay took 6.1ns 
140231     INFO  main            d.u.i.k.p.r.p.TestFile    ... finished proof: closed. 
140491     INFO  main            d.u.i.k.p.i.AbstractProblemLoader Loading environment from /home/runner/work/key/key/key.core/../key.ui/examples/heap/SmansEtAl/Iterator_list.key.proof 
140491     DEBUG main            d.u.i.k.p.i.AbstractProblemLoader Environment load took 127.7ns 
140492     INFO  main            d.u.i.k.p.i.AbstractProblemLoader Creating init config 
143022     DEBUG main            d.u.i.k.p.i.AbstractProblemLoader Init config took 2.53s 
143059     INFO  main            d.u.i.k.p.i.AbstractProblemLoader Replaying proof Iterator[Iterator::list()].JML normal_behavior operation contract.0 
143072     DEBUG main            d.u.i.k.p.i.IntermediateProofReplayer Proof replay took 11.45ms 
143073     DEBUG main            d.u.i.k.p.r.p.TestFile    ... success: reloaded. 
143074     INFO  main            d.u.i.k.p.r.p.TestFile    Now processing file /home/runner/work/key/key/key.core/../key.ui/examples/heap/SmansEtAl/Iterator_next.key 
143074     INFO  main            d.u.i.k.p.i.AbstractProblemLoader Loading environment from /home/runner/work/key/key/key.core/../key.ui/examples/heap/SmansEtAl/Iterator_next.key 
143074     DEBUG main            d.u.i.k.p.i.AbstractProblemLoader Environment load took 122.1ns 
143075     INFO  main            d.u.i.k.p.i.AbstractProblemLoader Creating init config 
145688     DEBUG main            d.u.i.k.p.i.AbstractProblemLoader Init config took 2.61s 
145727     INFO  main            d.u.i.k.p.i.AbstractProblemLoader Replaying proof Iterator[Iterator::next()].JML normal_behavior operation contract.0 
145729     DEBUG main            d.u.i.k.p.i.IntermediateProofReplayer Proof replay took 6.6ns 
148139     INFO  main            d.u.i.k.p.r.p.TestFile    ... finished proof: closed. 
148436     INFO  main            d.u.i.k.p.i.AbstractProblemLoader Loading environment from /home/runner/work/key/key/key.core/../key.ui/examples/heap/SmansEtAl/Iterator_next.key.proof 
148436     DEBUG main            d.u.i.k.p.i.AbstractProblemLoader Environment load took 461.21ns 
148438     INFO  main            d.u.i.k.p.i.AbstractProblemLoader Creating init config 
150970     DEBUG main            d.u.i.k.p.i.AbstractProblemLoader Init config took 2.53s 
151005     INFO  main            d.u.i.k.p.i.AbstractProblemLoader Replaying proof Iterator[Iterator::next()].JML normal_behavior operation contract.0 
151224     DEBUG main            d.u.i.k.p.i.IntermediateProofReplayer Proof replay took 202.3ms 
151226     DEBUG main            d.u.i.k.p.r.p.TestFile    ... success: reloaded. 
151227     INFO  main            d.u.i.k.p.r.p.TestFile    Now processing file /home/runner/work/key/key/key.core/../key.ui/examples/heap/SmansEtAl/Stack_footprint.key 
151227     INFO  main            d.u.i.k.p.i.AbstractProblemLoader Loading environment from /home/runner/work/key/key/key.core/../key.ui/examples/heap/SmansEtAl/Stack_footprint.key 
151228     DEBUG main            d.u.i.k.p.i.AbstractProblemLoader Environment load took 264.7ns 
151229     INFO  main            d.u.i.k.p.i.AbstractProblemLoader Creating init config 
153841     DEBUG main            d.u.i.k.p.i.AbstractProblemLoader Init config took 2.61s 
153875     INFO  main            d.u.i.k.p.i.AbstractProblemLoader Replaying proof Stack[Stack::$footprint()].JML accessible clause.0 
153877     DEBUG main            d.u.i.k.p.i.IntermediateProofReplayer Proof replay took 6.4ns 
154079     INFO  main            d.u.i.k.p.r.p.TestFile    ... finished proof: closed. 
154363     INFO  main            d.u.i.k.p.i.AbstractProblemLoader Loading environment from /home/runner/work/key/key/key.core/../key.ui/examples/heap/SmansEtAl/Stack_footprint.key.proof 
154363     DEBUG main            d.u.i.k.p.i.AbstractProblemLoader Environment load took 115.2ns 
154364     INFO  main            d.u.i.k.p.i.AbstractProblemLoader Creating init config 
156884     DEBUG main            d.u.i.k.p.i.AbstractProblemLoader Init config took 2.52s 
156917     INFO  main            d.u.i.k.p.i.AbstractProblemLoader Replaying proof Stack[Stack::$footprint()].JML accessible clause.0 
156938     DEBUG main            d.u.i.k.p.i.IntermediateProofReplayer Proof replay took 18.14ms 
156938     DEBUG main            d.u.i.k.p.r.p.TestFile    ... success: reloaded. 
156939     INFO  main            d.u.i.k.p.r.p.TestFile    Now processing file /home/runner/work/key/key/key.core/../key.ui/examples/heap/SmansEtAl/Stack_inv.key 
156940     INFO  main            d.u.i.k.p.i.AbstractProblemLoader Loading environment from /home/runner/work/key/key/key.core/../key.ui/examples/heap/SmansEtAl/Stack_inv.key 
156940     DEBUG main            d.u.i.k.p.i.AbstractProblemLoader Environment load took 240.81ns 
156941     INFO  main            d.u.i.k.p.i.AbstractProblemLoader Creating init config 
159529     DEBUG main            d.u.i.k.p.i.AbstractProblemLoader Init config took 2.59s 
159562     INFO  main            d.u.i.k.p.i.AbstractProblemLoader Replaying proof Stack[java.lang.Object::<inv>()].JML accessible clause.0 
159563     DEBUG main            d.u.i.k.p.i.IntermediateProofReplayer Proof replay took 6.1ns 
159665     INFO  main            d.u.i.k.p.r.p.TestFile    ... finished proof: closed. 
159942     INFO  main            d.u.i.k.p.i.AbstractProblemLoader Loading environment from /home/runner/work/key/key/key.core/../key.ui/examples/heap/SmansEtAl/Stack_inv.key.proof 
159943     DEBUG main            d.u.i.k.p.i.AbstractProblemLoader Environment load took 115.7ns 
159943     INFO  main            d.u.i.k.p.i.AbstractProblemLoader Creating init config 
162462     DEBUG main            d.u.i.k.p.i.AbstractProblemLoader Init config took 2.52s 
162498     INFO  main            d.u.i.k.p.i.AbstractProblemLoader Replaying proof Stack[java.lang.Object::<inv>()].JML accessible clause.0 
162510     DEBUG main            d.u.i.k.p.i.IntermediateProofReplayer Proof replay took 7.66ms 
162511     DEBUG main            d.u.i.k.p.r.p.TestFile    ... success: reloaded. 
162512     INFO  main            d.u.i.k.p.r.p.TestFile    Now processing file /home/runner/work/key/key/key.core/../key.ui/examples/heap/SmansEtAl/Stack_push.key 
162512     INFO  main            d.u.i.k.p.i.AbstractProblemLoader Loading environment from /home/runner/work/key/key/key.core/../key.ui/examples/heap/SmansEtAl/Stack_push.key 
162513     DEBUG main            d.u.i.k.p.i.AbstractProblemLoader Environment load took 222.1ns 
162514     INFO  main            d.u.i.k.p.i.AbstractProblemLoader Creating init config 
165097     DEBUG main            d.u.i.k.p.i.AbstractProblemLoader Init config took 2.58s 
165132     INFO  main            d.u.i.k.p.i.AbstractProblemLoader Replaying proof Stack[Stack::push(java.lang.Object)].JML normal_behavior operation contract.0 
165133     DEBUG main            d.u.i.k.p.i.IntermediateProofReplayer Proof replay took 5.8ns 
165837     INFO  main            d.u.i.k.p.r.p.TestFile    ... finished proof: closed. 
166122     INFO  main            d.u.i.k.p.i.AbstractProblemLoader Loading environment from /home/runner/work/key/key/key.core/../key.ui/examples/heap/SmansEtAl/Stack_push.key.proof 
166123     DEBUG main            d.u.i.k.p.i.AbstractProblemLoader Environment load took 360.71ns 
166124     INFO  main            d.u.i.k.p.i.AbstractProblemLoader Creating init config 
168653     DEBUG main            d.u.i.k.p.i.AbstractProblemLoader Init config took 2.53s 
168687     INFO  main            d.u.i.k.p.i.AbstractProblemLoader Replaying proof Stack[Stack::push(java.lang.Object)].JML normal_behavior operation contract.0 
168775     DEBUG main            d.u.i.k.p.i.IntermediateProofReplayer Proof replay took 83.25ms 
168776     DEBUG main            d.u.i.k.p.r.p.TestFile    ... success: reloaded. 
168777     INFO  main            d.u.i.k.p.r.p.TestFile    Now processing file /home/runner/work/key/key/key.core/../key.ui/examples/heap/SmansEtAl/Stack_size.key 
168777     INFO  main            d.u.i.k.p.i.AbstractProblemLoader Loading environment from /home/runner/work/key/key/key.core/../key.ui/examples/heap/SmansEtAl/Stack_size.key 
168778     DEBUG main            d.u.i.k.p.i.AbstractProblemLoader Environment load took 74.7ns 
168778     INFO  main            d.u.i.k.p.i.AbstractProblemLoader Creating init config 
171371     DEBUG main            d.u.i.k.p.i.AbstractProblemLoader Init config took 2.59s 
171404     INFO  main            d.u.i.k.p.i.AbstractProblemLoader Replaying proof Stack[Stack::size()].JML accessible clause.0 
171405     DEBUG main            d.u.i.k.p.i.IntermediateProofReplayer Proof replay took 6.5ns 
171610     INFO  main            d.u.i.k.p.r.p.TestFile    ... finished proof: closed. 
171892     INFO  main            d.u.i.k.p.i.AbstractProblemLoader Loading environment from /home/runner/work/key/key/key.core/../key.ui/examples/heap/SmansEtAl/Stack_size.key.proof 
171892     DEBUG main            d.u.i.k.p.i.AbstractProblemLoader Environment load took 109.5ns 
171893     INFO  main            d.u.i.k.p.i.AbstractProblemLoader Creating init config 
174427     DEBUG main            d.u.i.k.p.i.AbstractProblemLoader Init config took 2.53s 
174460     INFO  main            d.u.i.k.p.i.AbstractProblemLoader Replaying proof Stack[Stack::size()].JML accessible clause.0 
174495     DEBUG main            d.u.i.k.p.i.IntermediateProofReplayer Proof replay took 32.22ms 
174496     DEBUG main            d.u.i.k.p.r.p.TestFile    ... success: reloaded. 
174497     INFO  main            d.u.i.k.p.r.p.TestFile    Now processing file /home/runner/work/key/key/key.core/../key.ui/examples/heap/SmansEtAl/Stack_Stack.key 
174497     INFO  main            d.u.i.k.p.i.AbstractProblemLoader Loading environment from /home/runner/work/key/key/key.core/../key.ui/examples/heap/SmansEtAl/Stack_Stack.key 
174497     DEBUG main            d.u.i.k.p.i.AbstractProblemLoader Environment load took 97.4ns 
174498     INFO  main            d.u.i.k.p.i.AbstractProblemLoader Creating init config 
177098     DEBUG main            d.u.i.k.p.i.AbstractProblemLoader Init config took 2.6s 
177133     INFO  main            d.u.i.k.p.i.AbstractProblemLoader Replaying proof Stack[Stack::Stack()].JML normal_behavior operation contract.0 
177135     DEBUG main            d.u.i.k.p.i.IntermediateProofReplayer Proof replay took 6.6ns 
178140     INFO  main            d.u.i.k.p.r.p.TestFile    ... finished proof: closed. 
178455     INFO  main            d.u.i.k.p.i.AbstractProblemLoader Loading environment from /home/runner/work/key/key/key.core/../key.ui/examples/heap/SmansEtAl/Stack_Stack.key.proof 
178455     DEBUG main            d.u.i.k.p.i.AbstractProblemLoader Environment load took 123.5ns 
178459     INFO  main            d.u.i.k.p.i.AbstractProblemLoader Creating init config 
180976     DEBUG main            d.u.i.k.p.i.AbstractProblemLoader Init config took 2.52s 
181009     INFO  main            d.u.i.k.p.i.AbstractProblemLoader Replaying proof Stack[Stack::Stack()].JML normal_behavior operation contract.0 
181173     DEBUG main            d.u.i.k.p.i.IntermediateProofReplayer Proof replay took 142.78ms 
181177     DEBUG main            d.u.i.k.p.r.p.TestFile    ... success: reloaded. 
181178     INFO  main            d.u.i.k.p.r.p.TestFile    Now processing file /home/runner/work/key/key/key.core/../key.ui/examples/heap/SmansEtAl/Stack_switchContents.key 
181178     INFO  main            d.u.i.k.p.i.AbstractProblemLoader Loading environment from /home/runner/work/key/key/key.core/../key.ui/examples/heap/SmansEtAl/Stack_switchContents.key 
181179     DEBUG main            d.u.i.k.p.i.AbstractProblemLoader Environment load took 91.9ns 
181180     INFO  main            d.u.i.k.p.i.AbstractProblemLoader Creating init config 
183759     DEBUG main            d.u.i.k.p.i.AbstractProblemLoader Init config took 2.58s 
183794     INFO  main            d.u.i.k.p.i.AbstractProblemLoader Replaying proof Stack[Stack::switchContents(Stack)].JML normal_behavior operation contract.0 
183795     DEBUG main            d.u.i.k.p.i.IntermediateProofReplayer Proof replay took 6.8ns 
188113     INFO  main            d.u.i.k.p.r.p.TestFile    ... finished proof: closed. 
188429     INFO  main            d.u.i.k.p.i.AbstractProblemLoader Loading environment from /home/runner/work/key/key/key.core/../key.ui/examples/heap/SmansEtAl/Stack_switchContents.key.proof 
188430     DEBUG main            d.u.i.k.p.i.AbstractProblemLoader Environment load took 425.01ns 
188432     INFO  main            d.u.i.k.p.i.AbstractProblemLoader Creating init config 
190981     DEBUG main            d.u.i.k.p.i.AbstractProblemLoader Init config took 2.55s 
191021     INFO  main            d.u.i.k.p.i.AbstractProblemLoader Replaying proof Stack[Stack::switchContents(Stack)].JML normal_behavior operation contract.0 
191293     DEBUG main            d.u.i.k.p.i.IntermediateProofReplayer Proof replay took 253.67ms 
191295     DEBUG main            d.u.i.k.p.r.p.TestFile    ... success: reloaded. 
1996693    INFO  Test worker     d.u.i.k.p.r.RunAllProofsTestUnit Returning from test SmansEtAl 
1996694    INFO  Test worker     d.u.i.k.p.r.RunAllProofsTestUnit Running test VACID0 
346        INFO  Timeout watchdog d.u.i.k.p.r.p.ForkedTestFileRunner Timeout watcher launched (2000 secs.) 
363        WARN  main            d.u.i.k.s.ProofSettings   The settings in /home/runner/.key/proof-settings.props are *not* read. 
389        INFO  main            d.u.i.k.p.r.p.TestFile    Now processing file /home/runner/work/key/key/key.core/../key.ui/examples/heap/vacid0_01_SparseArray/Harness_sparseArrayTestHarness1.key 
490        INFO  main            d.u.i.k.p.i.AbstractProblemLoader Loading environment from /home/runner/work/key/key/key.core/../key.ui/examples/heap/vacid0_01_SparseArray/Harness_sparseArrayTestHarness1.key 
512        DEBUG main            d.u.i.k.p.i.AbstractProblemLoader Environment load took 2.02ms 
723        INFO  main            d.u.i.k.p.i.AbstractProblemLoader Creating init config 
1673       DEBUG main            d.u.i.k.j.TypeConverter   No LDT found for Meta 
1673       DEBUG main            d.u.i.k.j.TypeConverter   No LDT found for Meta 
1676       DEBUG main            d.u.i.k.j.TypeConverter   No LDT found for Meta 
1676       DEBUG main            d.u.i.k.j.TypeConverter   No LDT found for Meta 
3364       DEBUG main            d.u.i.k.j.TypeConverter   No LDT found for JavaBigintExpression 
8375       DEBUG main            d.u.i.k.p.i.AbstractProblemLoader Init config took 7.65s 
8498       INFO  main            d.u.i.k.p.i.AbstractProblemLoader Replaying proof Harness[Harness::sparseArrayTestHarness1()].JML normal_behavior operation contract.0 
8531       DEBUG main            d.u.i.k.p.i.IntermediateProofReplayer Proof replay took 29.4ns 
9965       INFO  main            d.u.i.k.p.r.p.TestFile    ... finished proof: closed. 
10106      INFO  main            d.u.i.k.p.i.AbstractProblemLoader Loading environment from /home/runner/work/key/key/key.core/../key.ui/examples/heap/vacid0_01_SparseArray/Harness_sparseArrayTestHarness1.key.proof 
10106      DEBUG main            d.u.i.k.p.i.AbstractProblemLoader Environment load took 501.61ns 
10108      INFO  main            d.u.i.k.p.i.AbstractProblemLoader Creating init config 
12973      DEBUG main            d.u.i.k.p.i.AbstractProblemLoader Init config took 2.86s 
13045      INFO  main            d.u.i.k.p.i.AbstractProblemLoader Replaying proof Harness[Harness::sparseArrayTestHarness1()].JML normal_behavior operation contract.0 
13198      DEBUG main            d.u.i.k.p.i.IntermediateProofReplayer Proof replay took 144.14ms 
13206      DEBUG main            d.u.i.k.p.r.p.TestFile    ... success: reloaded. 
13207      INFO  main            d.u.i.k.p.r.p.TestFile    Now processing file /home/runner/work/key/key/key.core/../key.ui/examples/heap/vacid0_01_SparseArray/Harness_sparseArrayTestHarness2.key 
13208      INFO  main            d.u.i.k.p.i.AbstractProblemLoader Loading environment from /home/runner/work/key/key/key.core/../key.ui/examples/heap/vacid0_01_SparseArray/Harness_sparseArrayTestHarness2.key 
13208      DEBUG main            d.u.i.k.p.i.AbstractProblemLoader Environment load took 256.5ns 
13210      INFO  main            d.u.i.k.p.i.AbstractProblemLoader Creating init config 
15897      DEBUG main            d.u.i.k.p.i.AbstractProblemLoader Init config took 2.69s 
15952      INFO  main            d.u.i.k.p.i.AbstractProblemLoader Replaying proof Harness[Harness::sparseArrayTestHarness2()].JML normal_behavior operation contract.0 
15955      DEBUG main            d.u.i.k.p.i.IntermediateProofReplayer Proof replay took 6ns 
26532      INFO  main            d.u.i.k.p.r.p.TestFile    ... finished proof: closed. 
26756      INFO  main            d.u.i.k.p.i.AbstractProblemLoader Loading environment from /home/runner/work/key/key/key.core/../key.ui/examples/heap/vacid0_01_SparseArray/Harness_sparseArrayTestHarness2.key.proof 
26756      DEBUG main            d.u.i.k.p.i.AbstractProblemLoader Environment load took 465.51ns 
26760      INFO  main            d.u.i.k.p.i.AbstractProblemLoader Creating init config 
29463      DEBUG main            d.u.i.k.p.i.AbstractProblemLoader Init config took 2.7s 
29513      INFO  main            d.u.i.k.p.i.AbstractProblemLoader Replaying proof Harness[Harness::sparseArrayTestHarness2()].JML normal_behavior operation contract.0 
30610      DEBUG main            d.u.i.k.p.i.IntermediateProofReplayer Proof replay took 1.05s 
30613      DEBUG main            d.u.i.k.p.r.p.TestFile    ... success: reloaded. 
30614      INFO  main            d.u.i.k.p.r.p.TestFile    Now processing file /home/runner/work/key/key/key.core/../key.ui/examples/heap/vacid0_01_SparseArray/MemoryAllocator_alloc_unsigned.key 
30615      INFO  main            d.u.i.k.p.i.AbstractProblemLoader Loading environment from /home/runner/work/key/key/key.core/../key.ui/examples/heap/vacid0_01_SparseArray/MemoryAllocator_alloc_unsigned.key 
30615      DEBUG main            d.u.i.k.p.i.AbstractProblemLoader Environment load took 224ns 
30616      INFO  main            d.u.i.k.p.i.AbstractProblemLoader Creating init config 
33259      DEBUG main            d.u.i.k.p.i.AbstractProblemLoader Init config took 2.64s 
33305      INFO  main            d.u.i.k.p.i.AbstractProblemLoader Replaying proof MemoryAllocator[MemoryAllocator::alloc_unsigned(int)].JML normal_behavior operation contract.0 
33307      DEBUG main            d.u.i.k.p.i.IntermediateProofReplayer Proof replay took 5.4ns 
34215      INFO  main            d.u.i.k.p.r.p.TestFile    ... finished proof: closed. 
34387      INFO  main            d.u.i.k.p.i.AbstractProblemLoader Loading environment from /home/runner/work/key/key/key.core/../key.ui/examples/heap/vacid0_01_SparseArray/MemoryAllocator_alloc_unsigned.key.proof 
34387      DEBUG main            d.u.i.k.p.i.AbstractProblemLoader Environment load took 132.4ns 
34389      INFO  main            d.u.i.k.p.i.AbstractProblemLoader Creating init config 
36983      DEBUG main            d.u.i.k.p.i.AbstractProblemLoader Init config took 2.59s 
37035      INFO  main            d.u.i.k.p.i.AbstractProblemLoader Replaying proof MemoryAllocator[MemoryAllocator::alloc_unsigned(int)].JML normal_behavior operation contract.0 
37225      DEBUG main            d.u.i.k.p.i.IntermediateProofReplayer Proof replay took 181.34ms 
37227      DEBUG main            d.u.i.k.p.r.p.TestFile    ... success: reloaded. 
37228      INFO  main            d.u.i.k.p.r.p.TestFile    Now processing file /home/runner/work/key/key/key.core/../key.ui/examples/heap/vacid0_01_SparseArray/MemoryAllocator_alloc.key 
37229      INFO  main            d.u.i.k.p.i.AbstractProblemLoader Loading environment from /home/runner/work/key/key/key.core/../key.ui/examples/heap/vacid0_01_SparseArray/MemoryAllocator_alloc.key 
37229      DEBUG main            d.u.i.k.p.i.AbstractProblemLoader Environment load took 242.5ns 
37232      INFO  main            d.u.i.k.p.i.AbstractProblemLoader Creating init config 
39855      DEBUG main            d.u.i.k.p.i.AbstractProblemLoader Init config took 2.62s 
39896      INFO  main            d.u.i.k.p.i.AbstractProblemLoader Replaying proof MemoryAllocator[MemoryAllocator::alloc(int)].JML normal_behavior operation contract.0 
39898      DEBUG main            d.u.i.k.p.i.IntermediateProofReplayer Proof replay took 6.1ns 
40410      INFO  main            d.u.i.k.p.r.p.TestFile    ... finished proof: closed. 
40569      INFO  main            d.u.i.k.p.i.AbstractProblemLoader Loading environment from /home/runner/work/key/key/key.core/../key.ui/examples/heap/vacid0_01_SparseArray/MemoryAllocator_alloc.key.proof 
40570      DEBUG main            d.u.i.k.p.i.AbstractProblemLoader Environment load took 687.21ns 
40571      INFO  main            d.u.i.k.p.i.AbstractProblemLoader Creating init config 
43129      DEBUG main            d.u.i.k.p.i.AbstractProblemLoader Init config took 2.56s 
43179      INFO  main            d.u.i.k.p.i.AbstractProblemLoader Replaying proof MemoryAllocator[MemoryAllocator::alloc(int)].JML normal_behavior operation contract.0 
43280      DEBUG main            d.u.i.k.p.i.IntermediateProofReplayer Proof replay took 96.53ms 
43281      DEBUG main            d.u.i.k.p.r.p.TestFile    ... success: reloaded. 
43282      INFO  main            d.u.i.k.p.r.p.TestFile    Now processing file /home/runner/work/key/key/key.core/../key.ui/examples/heap/vacid0_01_SparseArray/SparseArray_get_dep.key 
43282      INFO  main            d.u.i.k.p.i.AbstractProblemLoader Loading environment from /home/runner/work/key/key/key.core/../key.ui/examples/heap/vacid0_01_SparseArray/SparseArray_get_dep.key 
43282      DEBUG main            d.u.i.k.p.i.AbstractProblemLoader Environment load took 107.4ns 
43283      INFO  main            d.u.i.k.p.i.AbstractProblemLoader Creating init config 
45862      DEBUG main            d.u.i.k.p.i.AbstractProblemLoader Init config took 2.58s 
45922      INFO  main            d.u.i.k.p.i.AbstractProblemLoader Replaying proof SparseArray[SparseArray::get(int)].JML accessible clause.0 
45924      DEBUG main            d.u.i.k.p.i.IntermediateProofReplayer Proof replay took 5.7ns 
48133      INFO  main            d.u.i.k.p.r.p.TestFile    ... finished proof: closed. 
48403      INFO  main            d.u.i.k.p.i.AbstractProblemLoader Loading environment from /home/runner/work/key/key/key.core/../key.ui/examples/heap/vacid0_01_SparseArray/SparseArray_get_dep.key.proof 
48404      DEBUG main            d.u.i.k.p.i.AbstractProblemLoader Environment load took 450.81ns 
48405      INFO  main            d.u.i.k.p.i.AbstractProblemLoader Creating init config 
50964      DEBUG main            d.u.i.k.p.i.AbstractProblemLoader Init config took 2.56s 
51022      INFO  main            d.u.i.k.p.i.AbstractProblemLoader Replaying proof SparseArray[SparseArray::get(int)].JML accessible clause.0 
51195      DEBUG main            d.u.i.k.p.i.IntermediateProofReplayer Proof replay took 163.24ms 
51196      DEBUG main            d.u.i.k.p.r.p.TestFile    ... success: reloaded. 
51197      INFO  main            d.u.i.k.p.r.p.TestFile    Now processing file /home/runner/work/key/key/key.core/../key.ui/examples/heap/vacid0_01_SparseArray/SparseArray_get.key 
51198      INFO  main            d.u.i.k.p.i.AbstractProblemLoader Loading environment from /home/runner/work/key/key/key.core/../key.ui/examples/heap/vacid0_01_SparseArray/SparseArray_get.key 
51198      DEBUG main            d.u.i.k.p.i.AbstractProblemLoader Environment load took 232.5ns 
51199      INFO  main            d.u.i.k.p.i.AbstractProblemLoader Creating init config 
53771      DEBUG main            d.u.i.k.p.i.AbstractProblemLoader Init config took 2.57s 
53838      INFO  main            d.u.i.k.p.i.AbstractProblemLoader Replaying proof SparseArray[SparseArray::get(int)].JML normal_behavior operation contract.0 
53840      DEBUG main            d.u.i.k.p.i.IntermediateProofReplayer Proof replay took 5.8ns 
55910      INFO  main            d.u.i.k.p.r.p.TestFile    ... finished proof: closed. 
56127      INFO  main            d.u.i.k.p.i.AbstractProblemLoader Loading environment from /home/runner/work/key/key/key.core/../key.ui/examples/heap/vacid0_01_SparseArray/SparseArray_get.key.proof 
56127      DEBUG main            d.u.i.k.p.i.AbstractProblemLoader Environment load took 457.71ns 
56129      INFO  main            d.u.i.k.p.i.AbstractProblemLoader Creating init config 
58650      DEBUG main            d.u.i.k.p.i.AbstractProblemLoader Init config took 2.52s 
58733      INFO  main            d.u.i.k.p.i.AbstractProblemLoader Replaying proof SparseArray[SparseArray::get(int)].JML normal_behavior operation contract.0 
58917      DEBUG main            d.u.i.k.p.i.IntermediateProofReplayer Proof replay took 172.17ms 
58919      DEBUG main            d.u.i.k.p.r.p.TestFile    ... success: reloaded. 
58920      INFO  main            d.u.i.k.p.r.p.TestFile    Now processing file /home/runner/work/key/key/key.core/../key.ui/examples/heap/vacid0_01_SparseArray/SparseArray_inv.key 
58921      INFO  main            d.u.i.k.p.i.AbstractProblemLoader Loading environment from /home/runner/work/key/key/key.core/../key.ui/examples/heap/vacid0_01_SparseArray/SparseArray_inv.key 
58921      DEBUG main            d.u.i.k.p.i.AbstractProblemLoader Environment load took 369.21ns 
58922      INFO  main            d.u.i.k.p.i.AbstractProblemLoader Creating init config 
61433      DEBUG main            d.u.i.k.p.i.AbstractProblemLoader Init config took 2.51s 
61488      INFO  main            d.u.i.k.p.i.AbstractProblemLoader Replaying proof SparseArray[java.lang.Object::<inv>()].JML accessible clause.0 
61490      DEBUG main            d.u.i.k.p.i.IntermediateProofReplayer Proof replay took 7ns 
63226      INFO  main            d.u.i.k.p.r.p.TestFile    ... finished proof: closed. 
63413      INFO  main            d.u.i.k.p.i.AbstractProblemLoader Loading environment from /home/runner/work/key/key/key.core/../key.ui/examples/heap/vacid0_01_SparseArray/SparseArray_inv.key.proof 
63413      DEBUG main            d.u.i.k.p.i.AbstractProblemLoader Environment load took 571.11ns 
63415      INFO  main            d.u.i.k.p.i.AbstractProblemLoader Creating init config 
65929      DEBUG main            d.u.i.k.p.i.AbstractProblemLoader Init config took 2.51s 
65983      INFO  main            d.u.i.k.p.i.AbstractProblemLoader Replaying proof SparseArray[java.lang.Object::<inv>()].JML accessible clause.0 
66049      DEBUG main            d.u.i.k.p.i.IntermediateProofReplayer Proof replay took 60.7ms 
66050      DEBUG main            d.u.i.k.p.r.p.TestFile    ... success: reloaded. 
66052      INFO  main            d.u.i.k.p.r.p.TestFile    Now processing file /home/runner/work/key/key/key.core/../key.ui/examples/heap/vacid0_01_SparseArray/SparseArray_SparseArray.key 
66052      INFO  main            d.u.i.k.p.i.AbstractProblemLoader Loading environment from /home/runner/work/key/key/key.core/../key.ui/examples/heap/vacid0_01_SparseArray/SparseArray_SparseArray.key 
66052      DEBUG main            d.u.i.k.p.i.AbstractProblemLoader Environment load took 247ns 
66053      INFO  main            d.u.i.k.p.i.AbstractProblemLoader Creating init config 
68589      DEBUG main            d.u.i.k.p.i.AbstractProblemLoader Init config took 2.54s 
68644      INFO  main            d.u.i.k.p.i.AbstractProblemLoader Replaying proof SparseArray[SparseArray::SparseArray(int)].JML normal_behavior operation contract.0 
68646      DEBUG main            d.u.i.k.p.i.IntermediateProofReplayer Proof replay took 5.4ns 
71788      INFO  main            d.u.i.k.p.r.p.TestFile    ... finished proof: closed. 
71991      INFO  main            d.u.i.k.p.i.AbstractProblemLoader Loading environment from /home/runner/work/key/key/key.core/../key.ui/examples/heap/vacid0_01_SparseArray/SparseArray_SparseArray.key.proof 
71991      DEBUG main            d.u.i.k.p.i.AbstractProblemLoader Environment load took 443.21ns 
71993      INFO  main            d.u.i.k.p.i.AbstractProblemLoader Creating init config 
74457      DEBUG main            d.u.i.k.p.i.AbstractProblemLoader Init config took 2.46s 
74509      INFO  main            d.u.i.k.p.i.AbstractProblemLoader Replaying proof SparseArray[SparseArray::SparseArray(int)].JML normal_behavior operation contract.0 
74793      DEBUG main            d.u.i.k.p.i.IntermediateProofReplayer Proof replay took 275.63ms 
74795      DEBUG main            d.u.i.k.p.r.p.TestFile    ... success: reloaded. 
2071674    INFO  Test worker     d.u.i.k.p.r.RunAllProofsTestUnit Returning from test VACID0 
2071675    INFO  Test worker     d.u.i.k.p.r.RunAllProofsTestUnit Running test VSTTE10 
330        INFO  Timeout watchdog d.u.i.k.p.r.p.ForkedTestFileRunner Timeout watcher launched (2000 secs.) 
337        WARN  main            d.u.i.k.s.ProofSettings   The settings in /home/runner/.key/proof-settings.props are *not* read. 
373        INFO  main            d.u.i.k.p.r.p.TestFile    Now processing file /home/runner/work/key/key/key.core/../key.ui/examples/heap/vstte10_01_SumAndMax/SumAndMax_sumAndMax.key 
527        INFO  main            d.u.i.k.p.i.AbstractProblemLoader Loading environment from /home/runner/work/key/key/key.core/../key.ui/examples/heap/vstte10_01_SumAndMax/SumAndMax_sumAndMax.key 
544        DEBUG main            d.u.i.k.p.i.AbstractProblemLoader Environment load took 2.19ms 
760        INFO  main            d.u.i.k.p.i.AbstractProblemLoader Creating init config 
1705       DEBUG main            d.u.i.k.j.TypeConverter   No LDT found for Meta 
1705       DEBUG main            d.u.i.k.j.TypeConverter   No LDT found for Meta 
1709       DEBUG main            d.u.i.k.j.TypeConverter   No LDT found for Meta 
1709       DEBUG main            d.u.i.k.j.TypeConverter   No LDT found for Meta 
3135       DEBUG main            d.u.i.k.j.TypeConverter   No LDT found for JavaBigintExpression 
7855       DEBUG main            d.u.i.k.p.i.AbstractProblemLoader Init config took 7.1s 
7984       INFO  main            d.u.i.k.p.i.AbstractProblemLoader Replaying proof SumAndMax[SumAndMax::sumAndMax([I)].JML normal_behavior operation contract.0 
8018       DEBUG main            d.u.i.k.p.i.IntermediateProofReplayer Proof replay took 33.4ns 
13030      INFO  main            d.u.i.k.p.r.p.TestFile    ... finished proof: closed. 
13196      INFO  main            d.u.i.k.p.i.AbstractProblemLoader Loading environment from /home/runner/work/key/key/key.core/../key.ui/examples/heap/vstte10_01_SumAndMax/SumAndMax_sumAndMax.key.proof 
13201      DEBUG main            d.u.i.k.p.i.AbstractProblemLoader Environment load took 5.4ms 
13204      INFO  main            d.u.i.k.p.i.AbstractProblemLoader Creating init config 
15982      DEBUG main            d.u.i.k.p.i.AbstractProblemLoader Init config took 2.78s 
16040      INFO  main            d.u.i.k.p.i.AbstractProblemLoader Replaying proof SumAndMax[SumAndMax::sumAndMax([I)].JML normal_behavior operation contract.0 
16556      DEBUG main            d.u.i.k.p.i.IntermediateProofReplayer Proof replay took 494.19ms 
16567      DEBUG main            d.u.i.k.p.r.p.TestFile    ... success: reloaded. 
16572      INFO  main            d.u.i.k.p.r.p.TestFile    Now processing file /home/runner/work/key/key/key.core/../key.ui/examples/heap/vstte10_03_LinkedList/Node_cons.key 
16572      INFO  main            d.u.i.k.p.i.AbstractProblemLoader Loading environment from /home/runner/work/key/key/key.core/../key.ui/examples/heap/vstte10_03_LinkedList/Node_cons.key 
16572      DEBUG main            d.u.i.k.p.i.AbstractProblemLoader Environment load took 244.41ns 
16575      INFO  main            d.u.i.k.p.i.AbstractProblemLoader Creating init config 
19255      DEBUG main            d.u.i.k.p.i.AbstractProblemLoader Init config took 2.68s 
19316      INFO  main            d.u.i.k.p.i.AbstractProblemLoader Replaying proof Node[Node::cons(int,Node)].JML normal_behavior operation contract.0 
19319      DEBUG main            d.u.i.k.p.i.IntermediateProofReplayer Proof replay took 6.6ns 
20939      INFO  main            d.u.i.k.p.r.p.TestFile    ... finished proof: closed. 
21122      INFO  main            d.u.i.k.p.i.AbstractProblemLoader Loading environment from /home/runner/work/key/key/key.core/../key.ui/examples/heap/vstte10_03_LinkedList/Node_cons.key.proof 
21124      DEBUG main            d.u.i.k.p.i.AbstractProblemLoader Environment load took 2.37ms 
21127      INFO  main            d.u.i.k.p.i.AbstractProblemLoader Creating init config 
23692      DEBUG main            d.u.i.k.p.i.AbstractProblemLoader Init config took 2.56s 
23746      INFO  main            d.u.i.k.p.i.AbstractProblemLoader Replaying proof Node[Node::cons(int,Node)].JML normal_behavior operation contract.0 
23966      DEBUG main            d.u.i.k.p.i.IntermediateProofReplayer Proof replay took 209.96ms 
23968      DEBUG main            d.u.i.k.p.r.p.TestFile    ... success: reloaded. 
23969      INFO  main            d.u.i.k.p.r.p.TestFile    Now processing file /home/runner/work/key/key/key.core/../key.ui/examples/heap/vstte10_03_LinkedList/Node_inv.key 
23970      INFO  main            d.u.i.k.p.i.AbstractProblemLoader Loading environment from /home/runner/work/key/key/key.core/../key.ui/examples/heap/vstte10_03_LinkedList/Node_inv.key 
23970      DEBUG main            d.u.i.k.p.i.AbstractProblemLoader Environment load took 237.41ns 
23971      INFO  main            d.u.i.k.p.i.AbstractProblemLoader Creating init config 
26527      DEBUG main            d.u.i.k.p.i.AbstractProblemLoader Init config took 2.56s 
26582      INFO  main            d.u.i.k.p.i.AbstractProblemLoader Replaying proof Node[java.lang.Object::<inv>()].JML accessible clause.0 
26585      DEBUG main            d.u.i.k.p.i.IntermediateProofReplayer Proof replay took 5.3ns 
26888      INFO  main            d.u.i.k.p.r.p.TestFile    ... finished proof: closed. 
27063      INFO  main            d.u.i.k.p.i.AbstractProblemLoader Loading environment from /home/runner/work/key/key/key.core/../key.ui/examples/heap/vstte10_03_LinkedList/Node_inv.key.proof 
27063      DEBUG main            d.u.i.k.p.i.AbstractProblemLoader Environment load took 482.21ns 
27064      INFO  main            d.u.i.k.p.i.AbstractProblemLoader Creating init config 
29571      DEBUG main            d.u.i.k.p.i.AbstractProblemLoader Init config took 2.51s 
29632      INFO  main            d.u.i.k.p.i.AbstractProblemLoader Replaying proof Node[java.lang.Object::<inv>()].JML accessible clause.0 
29668      DEBUG main            d.u.i.k.p.i.IntermediateProofReplayer Proof replay took 30.18ms 
29669      DEBUG main            d.u.i.k.p.r.p.TestFile    ... success: reloaded. 
29670      INFO  main            d.u.i.k.p.r.p.TestFile    Now processing file /home/runner/work/key/key/key.core/../key.ui/examples/heap/vstte10_03_LinkedList/Node_search.key 
29671      INFO  main            d.u.i.k.p.i.AbstractProblemLoader Loading environment from /home/runner/work/key/key/key.core/../key.ui/examples/heap/vstte10_03_LinkedList/Node_search.key 
29671      DEBUG main            d.u.i.k.p.i.AbstractProblemLoader Environment load took 116.5ns 
29672      INFO  main            d.u.i.k.p.i.AbstractProblemLoader Creating init config 
32176      DEBUG main            d.u.i.k.p.i.AbstractProblemLoader Init config took 2.5s 
32227      INFO  main            d.u.i.k.p.i.AbstractProblemLoader Replaying proof Node[Node::search()].JML normal_behavior operation contract.0 
32229      DEBUG main            d.u.i.k.p.i.IntermediateProofReplayer Proof replay took 5.2ns 
38076      INFO  main            d.u.i.k.p.r.p.TestFile    ... finished proof: closed. 
38287      INFO  main            d.u.i.k.p.i.AbstractProblemLoader Loading environment from /home/runner/work/key/key/key.core/../key.ui/examples/heap/vstte10_03_LinkedList/Node_search.key.proof 
38288      DEBUG main            d.u.i.k.p.i.AbstractProblemLoader Environment load took 461.81ns 
38290      INFO  main            d.u.i.k.p.i.AbstractProblemLoader Creating init config 
40749      DEBUG main            d.u.i.k.p.i.AbstractProblemLoader Init config took 2.46s 
40800      INFO  main            d.u.i.k.p.i.AbstractProblemLoader Replaying proof Node[Node::search()].JML normal_behavior operation contract.0 
41253      DEBUG main            d.u.i.k.p.i.IntermediateProofReplayer Proof replay took 394.88ms 
41255      DEBUG main            d.u.i.k.p.r.p.TestFile    ... success: reloaded. 
41256      INFO  main            d.u.i.k.p.r.p.TestFile    Now processing file /home/runner/work/key/key/key.core/../key.ui/examples/heap/vstte10_04_Queens/Queens_isConsistent.key 
41257      INFO  main            d.u.i.k.p.i.AbstractProblemLoader Loading environment from /home/runner/work/key/key/key.core/../key.ui/examples/heap/vstte10_04_Queens/Queens_isConsistent.key 
41257      DEBUG main            d.u.i.k.p.i.AbstractProblemLoader Environment load took 106.7ns 
41258      INFO  main            d.u.i.k.p.i.AbstractProblemLoader Creating init config 
44010      DEBUG main            d.u.i.k.p.i.AbstractProblemLoader Init config took 2.75s 
44052      INFO  main            d.u.i.k.p.i.AbstractProblemLoader Replaying proof Queens[Queens::isConsistent([I,int)].JML normal_behavior operation contract.0 
44054      DEBUG main            d.u.i.k.p.i.IntermediateProofReplayer Proof replay took 6.2ns 
45812      INFO  main            d.u.i.k.p.r.p.TestFile    ... finished proof: closed. 
46007      INFO  main            d.u.i.k.p.i.AbstractProblemLoader Loading environment from /home/runner/work/key/key/key.core/../key.ui/examples/heap/vstte10_04_Queens/Queens_isConsistent.key.proof 
46007      DEBUG main            d.u.i.k.p.i.AbstractProblemLoader Environment load took 446.21ns 
46009      INFO  main            d.u.i.k.p.i.AbstractProblemLoader Creating init config 
48561      DEBUG main            d.u.i.k.p.i.AbstractProblemLoader Init config took 2.55s 
48606      INFO  main            d.u.i.k.p.i.AbstractProblemLoader Replaying proof Queens[Queens::isConsistent([I,int)].JML normal_behavior operation contract.0 
48867      DEBUG main            d.u.i.k.p.i.IntermediateProofReplayer Proof replay took 252.7ms 
48868      DEBUG main            d.u.i.k.p.r.p.TestFile    ... success: reloaded. 
48869      INFO  main            d.u.i.k.p.r.p.TestFile    Now processing file /home/runner/work/key/key/key.core/../key.ui/examples/heap/vstte10_04_Queens/Queens_nQueens.key 
48869      INFO  main            d.u.i.k.p.i.AbstractProblemLoader Loading environment from /home/runner/work/key/key/key.core/../key.ui/examples/heap/vstte10_04_Queens/Queens_nQueens.key 
48870      DEBUG main            d.u.i.k.p.i.AbstractProblemLoader Environment load took 132.1ns 
48870      INFO  main            d.u.i.k.p.i.AbstractProblemLoader Creating init config 
51369      DEBUG main            d.u.i.k.p.i.AbstractProblemLoader Init config took 2.5s 
51416      INFO  main            d.u.i.k.p.i.AbstractProblemLoader Replaying proof Queens[Queens::nQueens(int)].JML normal_behavior operation contract.0 
51419      DEBUG main            d.u.i.k.p.i.IntermediateProofReplayer Proof replay took 6ns 
63645      INFO  main            d.u.i.k.p.r.p.TestFile    ... finished proof: closed. 
63879      INFO  main            d.u.i.k.p.i.AbstractProblemLoader Loading environment from /home/runner/work/key/key/key.core/../key.ui/examples/heap/vstte10_04_Queens/Queens_nQueens.key.proof 
63880      DEBUG main            d.u.i.k.p.i.AbstractProblemLoader Environment load took 442.41ns 
63881      INFO  main            d.u.i.k.p.i.AbstractProblemLoader Creating init config 
66360      DEBUG main            d.u.i.k.p.i.AbstractProblemLoader Init config took 2.48s 
66400      INFO  main            d.u.i.k.p.i.AbstractProblemLoader Replaying proof Queens[Queens::nQueens(int)].JML normal_behavior operation contract.0 
66786      DEBUG main            d.u.i.k.p.i.IntermediateProofReplayer Proof replay took 369.94ms 
66788      DEBUG main            d.u.i.k.p.r.p.TestFile    ... success: reloaded. 
66789      INFO  main            d.u.i.k.p.r.p.TestFile    Now processing file /home/runner/work/key/key/key.core/../key.ui/examples/heap/vstte10_05_Queue/AmortizedQueue_AmortizedQueue.key 
66789      INFO  main            d.u.i.k.p.i.AbstractProblemLoader Loading environment from /home/runner/work/key/key/key.core/../key.ui/examples/heap/vstte10_05_Queue/AmortizedQueue_AmortizedQueue.key 
66789      DEBUG main            d.u.i.k.p.i.AbstractProblemLoader Environment load took 99ns 
66790      INFO  main            d.u.i.k.p.i.AbstractProblemLoader Creating init config 
69451      DEBUG main            d.u.i.k.p.i.AbstractProblemLoader Init config took 2.66s 
69518      INFO  main            d.u.i.k.p.i.AbstractProblemLoader Replaying proof AmortizedQueue[AmortizedQueue::AmortizedQueue()].JML normal_behavior operation contract.0 
69520      DEBUG main            d.u.i.k.p.i.IntermediateProofReplayer Proof replay took 6.9ns 
70925      INFO  main            d.u.i.k.p.r.p.TestFile    ... finished proof: closed. 
71193      INFO  main            d.u.i.k.p.i.AbstractProblemLoader Loading environment from /home/runner/work/key/key/key.core/../key.ui/examples/heap/vstte10_05_Queue/AmortizedQueue_AmortizedQueue.key.proof 
71194      DEBUG main            d.u.i.k.p.i.AbstractProblemLoader Environment load took 983.02ns 
71195      INFO  main            d.u.i.k.p.i.AbstractProblemLoader Creating init config 
73746      DEBUG main            d.u.i.k.p.i.AbstractProblemLoader Init config took 2.55s 
73803      INFO  main            d.u.i.k.p.i.AbstractProblemLoader Replaying proof AmortizedQueue[AmortizedQueue::AmortizedQueue()].JML normal_behavior operation contract.0 
74002      DEBUG main            d.u.i.k.p.i.IntermediateProofReplayer Proof replay took 191.46ms 
74003      DEBUG main            d.u.i.k.p.r.p.TestFile    ... success: reloaded. 
74005      INFO  main            d.u.i.k.p.r.p.TestFile    Now processing file /home/runner/work/key/key/key.core/../key.ui/examples/heap/vstte10_05_Queue/AmortizedQueue_front.key 
74005      INFO  main            d.u.i.k.p.i.AbstractProblemLoader Loading environment from /home/runner/work/key/key/key.core/../key.ui/examples/heap/vstte10_05_Queue/AmortizedQueue_front.key 
74005      DEBUG main            d.u.i.k.p.i.AbstractProblemLoader Environment load took 220ns 
74006      INFO  main            d.u.i.k.p.i.AbstractProblemLoader Creating init config 
76571      DEBUG main            d.u.i.k.p.i.AbstractProblemLoader Init config took 2.57s 
76614      INFO  main            d.u.i.k.p.i.AbstractProblemLoader Replaying proof AmortizedQueue[AmortizedQueue::front()].JML normal_behavior operation contract.0 
76615      DEBUG main            d.u.i.k.p.i.IntermediateProofReplayer Proof replay took 6.3ns 
77020      INFO  main            d.u.i.k.p.r.p.TestFile    ... finished proof: closed. 
77228      INFO  main            d.u.i.k.p.i.AbstractProblemLoader Loading environment from /home/runner/work/key/key/key.core/../key.ui/examples/heap/vstte10_05_Queue/AmortizedQueue_front.key.proof 
77228      DEBUG main            d.u.i.k.p.i.AbstractProblemLoader Environment load took 470.31ns 
77230      INFO  main            d.u.i.k.p.i.AbstractProblemLoader Creating init config 
79699      DEBUG main            d.u.i.k.p.i.AbstractProblemLoader Init config took 2.47s 
79741      INFO  main            d.u.i.k.p.i.AbstractProblemLoader Replaying proof AmortizedQueue[AmortizedQueue::front()].JML normal_behavior operation contract.0 
79778      DEBUG main            d.u.i.k.p.i.IntermediateProofReplayer Proof replay took 33.98ms 
79779      DEBUG main            d.u.i.k.p.r.p.TestFile    ... success: reloaded. 
79780      INFO  main            d.u.i.k.p.r.p.TestFile    Now processing file /home/runner/work/key/key/key.core/../key.ui/examples/heap/vstte10_05_Queue/LinkedList_concat.key 
79780      INFO  main            d.u.i.k.p.i.AbstractProblemLoader Loading environment from /home/runner/work/key/key/key.core/../key.ui/examples/heap/vstte10_05_Queue/LinkedList_concat.key 
79780      DEBUG main            d.u.i.k.p.i.AbstractProblemLoader Environment load took 88.8ns 
79781      INFO  main            d.u.i.k.p.i.AbstractProblemLoader Creating init config 
82356      DEBUG main            d.u.i.k.p.i.AbstractProblemLoader Init config took 2.57s 
82401      INFO  main            d.u.i.k.p.i.AbstractProblemLoader Replaying proof LinkedList[LinkedList::concat(LinkedList)].JML normal_behavior operation contract.0 
82402      DEBUG main            d.u.i.k.p.i.IntermediateProofReplayer Proof replay took 6.2ns 
90144      INFO  main            d.u.i.k.p.r.p.TestFile    ... finished proof: closed. 
90417      INFO  main            d.u.i.k.p.i.AbstractProblemLoader Loading environment from /home/runner/work/key/key/key.core/../key.ui/examples/heap/vstte10_05_Queue/LinkedList_concat.key.proof 
90417      DEBUG main            d.u.i.k.p.i.AbstractProblemLoader Environment load took 240.81ns 
90420      INFO  main            d.u.i.k.p.i.AbstractProblemLoader Creating init config 
92901      DEBUG main            d.u.i.k.p.i.AbstractProblemLoader Init config took 2.48s 
92951      INFO  main            d.u.i.k.p.i.AbstractProblemLoader Replaying proof LinkedList[LinkedList::concat(LinkedList)].JML normal_behavior operation contract.0 
93374      DEBUG main            d.u.i.k.p.i.IntermediateProofReplayer Proof replay took 396.21ms 
93377      DEBUG main            d.u.i.k.p.r.p.TestFile    ... success: reloaded. 
93378      INFO  main            d.u.i.k.p.r.p.TestFile    Now processing file /home/runner/work/key/key/key.core/../key.ui/examples/heap/vstte10_05_Queue/LinkedList_cons.key 
93379      INFO  main            d.u.i.k.p.i.AbstractProblemLoader Loading environment from /home/runner/work/key/key/key.core/../key.ui/examples/heap/vstte10_05_Queue/LinkedList_cons.key 
93379      DEBUG main            d.u.i.k.p.i.AbstractProblemLoader Environment load took 115.2ns 
93380      INFO  main            d.u.i.k.p.i.AbstractProblemLoader Creating init config 
95938      DEBUG main            d.u.i.k.p.i.AbstractProblemLoader Init config took 2.56s 
95983      INFO  main            d.u.i.k.p.i.AbstractProblemLoader Replaying proof LinkedList[LinkedList::cons(int)].JML normal_behavior operation contract.0 
95984      DEBUG main            d.u.i.k.p.i.IntermediateProofReplayer Proof replay took 5.3ns 
98193      INFO  main            d.u.i.k.p.r.p.TestFile    ... finished proof: closed. 
98420      INFO  main            d.u.i.k.p.i.AbstractProblemLoader Loading environment from /home/runner/work/key/key/key.core/../key.ui/examples/heap/vstte10_05_Queue/LinkedList_cons.key.proof 
98421      DEBUG main            d.u.i.k.p.i.AbstractProblemLoader Environment load took 431.51ns 
98422      INFO  main            d.u.i.k.p.i.AbstractProblemLoader Creating init config 
100891     DEBUG main            d.u.i.k.p.i.AbstractProblemLoader Init config took 2.47s 
100945     INFO  main            d.u.i.k.p.i.AbstractProblemLoader Replaying proof LinkedList[LinkedList::cons(int)].JML normal_behavior operation contract.0 
101127     DEBUG main            d.u.i.k.p.i.IntermediateProofReplayer Proof replay took 173.36ms 
101129     DEBUG main            d.u.i.k.p.r.p.TestFile    ... success: reloaded. 
101130     INFO  main            d.u.i.k.p.r.p.TestFile    Now processing file /home/runner/work/key/key/key.core/../key.ui/examples/heap/vstte10_05_Queue/LinkedList_head.key 
101130     INFO  main            d.u.i.k.p.i.AbstractProblemLoader Loading environment from /home/runner/work/key/key/key.core/../key.ui/examples/heap/vstte10_05_Queue/LinkedList_head.key 
101131     DEBUG main            d.u.i.k.p.i.AbstractProblemLoader Environment load took 214.7ns 
101132     INFO  main            d.u.i.k.p.i.AbstractProblemLoader Creating init config 
103637     DEBUG main            d.u.i.k.p.i.AbstractProblemLoader Init config took 2.51s 
103687     INFO  main            d.u.i.k.p.i.AbstractProblemLoader Replaying proof LinkedList[LinkedList::head()].JML normal_behavior operation contract.0 
103696     DEBUG main            d.u.i.k.p.i.IntermediateProofReplayer Proof replay took 6.2ns 
103798     INFO  main            d.u.i.k.p.r.p.TestFile    ... finished proof: closed. 
104015     INFO  main            d.u.i.k.p.i.AbstractProblemLoader Loading environment from /home/runner/work/key/key/key.core/../key.ui/examples/heap/vstte10_05_Queue/LinkedList_head.key.proof 
104015     DEBUG main            d.u.i.k.p.i.AbstractProblemLoader Environment load took 126ns 
104016     INFO  main            d.u.i.k.p.i.AbstractProblemLoader Creating init config 
106508     DEBUG main            d.u.i.k.p.i.AbstractProblemLoader Init config took 2.49s 
106555     INFO  main            d.u.i.k.p.i.AbstractProblemLoader Replaying proof LinkedList[LinkedList::head()].JML normal_behavior operation contract.0 
106568     DEBUG main            d.u.i.k.p.i.IntermediateProofReplayer Proof replay took 9.5ms 
106571     DEBUG main            d.u.i.k.p.r.p.TestFile    ... success: reloaded. 
106572     INFO  main            d.u.i.k.p.r.p.TestFile    Now processing file /home/runner/work/key/key/key.core/../key.ui/examples/heap/vstte10_05_Queue/LinkedList_inv.key 
106572     INFO  main            d.u.i.k.p.i.AbstractProblemLoader Loading environment from /home/runner/work/key/key/key.core/../key.ui/examples/heap/vstte10_05_Queue/LinkedList_inv.key 
106573     DEBUG main            d.u.i.k.p.i.AbstractProblemLoader Environment load took 206.5ns 
106573     INFO  main            d.u.i.k.p.i.AbstractProblemLoader Creating init config 
109104     DEBUG main            d.u.i.k.p.i.AbstractProblemLoader Init config took 2.53s 
109146     INFO  main            d.u.i.k.p.i.AbstractProblemLoader Replaying proof LinkedList[java.lang.Object::<inv>()].JML accessible clause.0 
109147     DEBUG main            d.u.i.k.p.i.IntermediateProofReplayer Proof replay took 6.1ns 
109452     INFO  main            d.u.i.k.p.r.p.TestFile    ... finished proof: closed. 
109673     INFO  main            d.u.i.k.p.i.AbstractProblemLoader Loading environment from /home/runner/work/key/key/key.core/../key.ui/examples/heap/vstte10_05_Queue/LinkedList_inv.key.proof 
109673     DEBUG main            d.u.i.k.p.i.AbstractProblemLoader Environment load took 127.5ns 
109676     INFO  main            d.u.i.k.p.i.AbstractProblemLoader Creating init config 
112128     DEBUG main            d.u.i.k.p.i.AbstractProblemLoader Init config took 2.45s 
112170     INFO  main            d.u.i.k.p.i.AbstractProblemLoader Replaying proof LinkedList[java.lang.Object::<inv>()].JML accessible clause.0 
112209     DEBUG main            d.u.i.k.p.i.IntermediateProofReplayer Proof replay took 36.63ms 
112211     DEBUG main            d.u.i.k.p.r.p.TestFile    ... success: reloaded. 
112212     INFO  main            d.u.i.k.p.r.p.TestFile    Now processing file /home/runner/work/key/key/key.core/../key.ui/examples/heap/vstte10_05_Queue/LinkedList_length.key 
112212     INFO  main            d.u.i.k.p.i.AbstractProblemLoader Loading environment from /home/runner/work/key/key/key.core/../key.ui/examples/heap/vstte10_05_Queue/LinkedList_length.key 
112212     DEBUG main            d.u.i.k.p.i.AbstractProblemLoader Environment load took 205ns 
112213     INFO  main            d.u.i.k.p.i.AbstractProblemLoader Creating init config 
114723     DEBUG main            d.u.i.k.p.i.AbstractProblemLoader Init config took 2.51s 
114784     INFO  main            d.u.i.k.p.i.AbstractProblemLoader Replaying proof LinkedList[LinkedList::length()].JML normal_behavior operation contract.0 
114785     DEBUG main            d.u.i.k.p.i.IntermediateProofReplayer Proof replay took 6.1ns 
114887     INFO  main            d.u.i.k.p.r.p.TestFile    ... finished proof: closed. 
115128     INFO  main            d.u.i.k.p.i.AbstractProblemLoader Loading environment from /home/runner/work/key/key/key.core/../key.ui/examples/heap/vstte10_05_Queue/LinkedList_length.key.proof 
115128     DEBUG main            d.u.i.k.p.i.AbstractProblemLoader Environment load took 115.4ns 
115129     INFO  main            d.u.i.k.p.i.AbstractProblemLoader Creating init config 
117586     DEBUG main            d.u.i.k.p.i.AbstractProblemLoader Init config took 2.46s 
117629     INFO  main            d.u.i.k.p.i.AbstractProblemLoader Replaying proof LinkedList[LinkedList::length()].JML normal_behavior operation contract.0 
117640     DEBUG main            d.u.i.k.p.i.IntermediateProofReplayer Proof replay took 9.51ms 
117641     DEBUG main            d.u.i.k.p.r.p.TestFile    ... success: reloaded. 
117642     INFO  main            d.u.i.k.p.r.p.TestFile    Now processing file /home/runner/work/key/key/key.core/../key.ui/examples/heap/vstte10_05_Queue/LinkedList_LinkedList1.key 
117642     INFO  main            d.u.i.k.p.i.AbstractProblemLoader Loading environment from /home/runner/work/key/key/key.core/../key.ui/examples/heap/vstte10_05_Queue/LinkedList_LinkedList1.key 
117642     DEBUG main            d.u.i.k.p.i.AbstractProblemLoader Environment load took 99.6ns 
117643     INFO  main            d.u.i.k.p.i.AbstractProblemLoader Creating init config 
120149     DEBUG main            d.u.i.k.p.i.AbstractProblemLoader Init config took 2.51s 
120193     INFO  main            d.u.i.k.p.i.AbstractProblemLoader Replaying proof LinkedList[LinkedList::LinkedList(int,LinkedList)].JML normal_behavior operation contract.0 
120194     DEBUG main            d.u.i.k.p.i.IntermediateProofReplayer Proof replay took 5.6ns 
122007     INFO  main            d.u.i.k.p.r.p.TestFile    ... finished proof: closed. 
122260     INFO  main            d.u.i.k.p.i.AbstractProblemLoader Loading environment from /home/runner/work/key/key/key.core/../key.ui/examples/heap/vstte10_05_Queue/LinkedList_LinkedList1.key.proof 
122261     DEBUG main            d.u.i.k.p.i.AbstractProblemLoader Environment load took 434.31ns 
122262     INFO  main            d.u.i.k.p.i.AbstractProblemLoader Creating init config 
124693     DEBUG main            d.u.i.k.p.i.AbstractProblemLoader Init config took 2.43s 
124748     INFO  main            d.u.i.k.p.i.AbstractProblemLoader Replaying proof LinkedList[LinkedList::LinkedList(int,LinkedList)].JML normal_behavior operation contract.0 
124909     DEBUG main            d.u.i.k.p.i.IntermediateProofReplayer Proof replay took 154.72ms 
124910     DEBUG main            d.u.i.k.p.r.p.TestFile    ... success: reloaded. 
124912     INFO  main            d.u.i.k.p.r.p.TestFile    Now processing file /home/runner/work/key/key/key.core/../key.ui/examples/heap/vstte10_05_Queue/LinkedList_LinkedList2.key 
124912     INFO  main            d.u.i.k.p.i.AbstractProblemLoader Loading environment from /home/runner/work/key/key/key.core/../key.ui/examples/heap/vstte10_05_Queue/LinkedList_LinkedList2.key 
124912     DEBUG main            d.u.i.k.p.i.AbstractProblemLoader Environment load took 94.5ns 
124913     INFO  main            d.u.i.k.p.i.AbstractProblemLoader Creating init config 
127439     DEBUG main            d.u.i.k.p.i.AbstractProblemLoader Init config took 2.53s 
127480     INFO  main            d.u.i.k.p.i.AbstractProblemLoader Replaying proof LinkedList[LinkedList::LinkedList(int,LinkedList)].JML normal_behavior operation contract.0 
127481     DEBUG main            d.u.i.k.p.i.IntermediateProofReplayer Proof replay took 5.9ns 
129221     INFO  main            d.u.i.k.p.r.p.TestFile    ... finished proof: closed. 
129465     INFO  main            d.u.i.k.p.i.AbstractProblemLoader Loading environment from /home/runner/work/key/key/key.core/../key.ui/examples/heap/vstte10_05_Queue/LinkedList_LinkedList2.key.proof 
129465     DEBUG main            d.u.i.k.p.i.AbstractProblemLoader Environment load took 445.11ns 
129468     INFO  main            d.u.i.k.p.i.AbstractProblemLoader Creating init config 
131917     DEBUG main            d.u.i.k.p.i.AbstractProblemLoader Init config took 2.45s 
131959     INFO  main            d.u.i.k.p.i.AbstractProblemLoader Replaying proof LinkedList[LinkedList::LinkedList(int,LinkedList)].JML normal_behavior operation contract.0 
132119     DEBUG main            d.u.i.k.p.i.IntermediateProofReplayer Proof replay took 152.57ms 
132122     DEBUG main            d.u.i.k.p.r.p.TestFile    ... success: reloaded. 
132123     INFO  main            d.u.i.k.p.r.p.TestFile    Now processing file /home/runner/work/key/key/key.core/../key.ui/examples/heap/vstte10_05_Queue/LinkedList_LinkedList3.key 
132124     INFO  main            d.u.i.k.p.i.AbstractProblemLoader Loading environment from /home/runner/work/key/key/key.core/../key.ui/examples/heap/vstte10_05_Queue/LinkedList_LinkedList3.key 
132124     DEBUG main            d.u.i.k.p.i.AbstractProblemLoader Environment load took 225.31ns 
132125     INFO  main            d.u.i.k.p.i.AbstractProblemLoader Creating init config 
134613     DEBUG main            d.u.i.k.p.i.AbstractProblemLoader Init config took 2.49s 
134655     INFO  main            d.u.i.k.p.i.AbstractProblemLoader Replaying proof LinkedList[LinkedList::LinkedList(int,LinkedList)].JML normal_behavior operation contract.0 
134657     DEBUG main            d.u.i.k.p.i.IntermediateProofReplayer Proof replay took 5.5ns 
147911     INFO  main            d.u.i.k.p.r.p.TestFile    ... finished proof: closed. 
148242     INFO  main            d.u.i.k.p.i.AbstractProblemLoader Loading environment from /home/runner/work/key/key/key.core/../key.ui/examples/heap/vstte10_05_Queue/LinkedList_LinkedList3.key.proof 
148243     DEBUG main            d.u.i.k.p.i.AbstractProblemLoader Environment load took 482.01ns 
148249     INFO  main            d.u.i.k.p.i.AbstractProblemLoader Creating init config 
150678     DEBUG main            d.u.i.k.p.i.AbstractProblemLoader Init config took 2.43s 
150721     INFO  main            d.u.i.k.p.i.AbstractProblemLoader Replaying proof LinkedList[LinkedList::LinkedList(int,LinkedList)].JML normal_behavior operation contract.0 
151696     DEBUG main            d.u.i.k.p.i.IntermediateProofReplayer Proof replay took 892.87ms 
151703     DEBUG main            d.u.i.k.p.r.p.TestFile    ... success: reloaded. 
151704     INFO  main            d.u.i.k.p.r.p.TestFile    Now processing file /home/runner/work/key/key/key.core/../key.ui/examples/heap/vstte10_05_Queue/LinkedList_reverse.key 
151705     INFO  main            d.u.i.k.p.i.AbstractProblemLoader Loading environment from /home/runner/work/key/key/key.core/../key.ui/examples/heap/vstte10_05_Queue/LinkedList_reverse.key 
151705     DEBUG main            d.u.i.k.p.i.AbstractProblemLoader Environment load took 225.21ns 
151706     INFO  main            d.u.i.k.p.i.AbstractProblemLoader Creating init config 
154344     DEBUG main            d.u.i.k.p.i.AbstractProblemLoader Init config took 2.64s 
154387     INFO  main            d.u.i.k.p.i.AbstractProblemLoader Replaying proof LinkedList[LinkedList::reverse()].JML normal_behavior operation contract.0 
154388     DEBUG main            d.u.i.k.p.i.IntermediateProofReplayer Proof replay took 6.4ns 
162916     INFO  main            d.u.i.k.p.r.p.TestFile    ... finished proof: closed. 
163238     INFO  main            d.u.i.k.p.i.AbstractProblemLoader Loading environment from /home/runner/work/key/key/key.core/../key.ui/examples/heap/vstte10_05_Queue/LinkedList_reverse.key.proof 
163242     DEBUG main            d.u.i.k.p.i.AbstractProblemLoader Environment load took 4.76ms 
163245     INFO  main            d.u.i.k.p.i.AbstractProblemLoader Creating init config 
165727     DEBUG main            d.u.i.k.p.i.AbstractProblemLoader Init config took 2.48s 
165769     INFO  main            d.u.i.k.p.i.AbstractProblemLoader Replaying proof LinkedList[LinkedList::reverse()].JML normal_behavior operation contract.0 
166264     DEBUG main            d.u.i.k.p.i.IntermediateProofReplayer Proof replay took 466.28ms 
166266     DEBUG main            d.u.i.k.p.r.p.TestFile    ... success: reloaded. 
166267     INFO  main            d.u.i.k.p.r.p.TestFile    Now processing file /home/runner/work/key/key/key.core/../key.ui/examples/heap/vstte10_05_Queue/LinkedList_tail.key 
166267     INFO  main            d.u.i.k.p.i.AbstractProblemLoader Loading environment from /home/runner/work/key/key/key.core/../key.ui/examples/heap/vstte10_05_Queue/LinkedList_tail.key 
166268     DEBUG main            d.u.i.k.p.i.AbstractProblemLoader Environment load took 115.6ns 
166268     INFO  main            d.u.i.k.p.i.AbstractProblemLoader Creating init config 
168772     DEBUG main            d.u.i.k.p.i.AbstractProblemLoader Init config took 2.5s 
168813     INFO  main            d.u.i.k.p.i.AbstractProblemLoader Replaying proof LinkedList[LinkedList::tail()].JML normal_behavior operation contract.0 
168815     DEBUG main            d.u.i.k.p.i.IntermediateProofReplayer Proof replay took 40ns 
169318     INFO  main            d.u.i.k.p.r.p.TestFile    ... finished proof: closed. 
169580     INFO  main            d.u.i.k.p.i.AbstractProblemLoader Loading environment from /home/runner/work/key/key/key.core/../key.ui/examples/heap/vstte10_05_Queue/LinkedList_tail.key.proof 
169580     DEBUG main            d.u.i.k.p.i.AbstractProblemLoader Environment load took 109.2ns 
169581     INFO  main            d.u.i.k.p.i.AbstractProblemLoader Creating init config 
172014     DEBUG main            d.u.i.k.p.i.AbstractProblemLoader Init config took 2.43s 
172056     INFO  main            d.u.i.k.p.i.AbstractProblemLoader Replaying proof LinkedList[LinkedList::tail()].JML normal_behavior operation contract.0 
172126     DEBUG main            d.u.i.k.p.i.IntermediateProofReplayer Proof replay took 67.46ms 
172127     DEBUG main            d.u.i.k.p.r.p.TestFile    ... success: reloaded. 
2243962    INFO  Test worker     d.u.i.k.p.r.RunAllProofsTestUnit Returning from test VSTTE10 
2243963    INFO  Test worker     d.u.i.k.p.r.RunAllProofsTestUnit Running test WeideEtAl 
364        INFO  Timeout watchdog d.u.i.k.p.r.p.ForkedTestFileRunner Timeout watcher launched (2000 secs.) 
381        WARN  main            d.u.i.k.s.ProofSettings   The settings in /home/runner/.key/proof-settings.props are *not* read. 
415        INFO  main            d.u.i.k.p.r.p.TestFile    Now processing file /home/runner/work/key/key/key.core/../key.ui/examples/heap/WeideEtAl_01_AddAndMultiply/AddAndMultiply_add.key 
524        INFO  main            d.u.i.k.p.i.AbstractProblemLoader Loading environment from /home/runner/work/key/key/key.core/../key.ui/examples/heap/WeideEtAl_01_AddAndMultiply/AddAndMultiply_add.key 
551        DEBUG main            d.u.i.k.p.i.AbstractProblemLoader Environment load took 2.81ms 
772        INFO  main            d.u.i.k.p.i.AbstractProblemLoader Creating init config 
1701       DEBUG main            d.u.i.k.j.TypeConverter   No LDT found for Meta 
1702       DEBUG main            d.u.i.k.j.TypeConverter   No LDT found for Meta 
1705       DEBUG main            d.u.i.k.j.TypeConverter   No LDT found for Meta 
1705       DEBUG main            d.u.i.k.j.TypeConverter   No LDT found for Meta 
2988       DEBUG main            d.u.i.k.j.TypeConverter   No LDT found for JavaBigintExpression 
7531       DEBUG main            d.u.i.k.p.i.AbstractProblemLoader Init config took 6.76s 
7653       INFO  main            d.u.i.k.p.i.AbstractProblemLoader Replaying proof AddAndMultiply[AddAndMultiply::add(int,int)].JML normal_behavior operation contract.0 
7685       DEBUG main            d.u.i.k.p.i.IntermediateProofReplayer Proof replay took 31.8ns 
9424       INFO  main            d.u.i.k.p.r.p.TestFile    ... finished proof: closed. 
9561       INFO  main            d.u.i.k.p.i.AbstractProblemLoader Loading environment from /home/runner/work/key/key/key.core/../key.ui/examples/heap/WeideEtAl_01_AddAndMultiply/AddAndMultiply_add.key.proof 
9563       DEBUG main            d.u.i.k.p.i.AbstractProblemLoader Environment load took 1.71ms 
9569       INFO  main            d.u.i.k.p.i.AbstractProblemLoader Creating init config 
12226      DEBUG main            d.u.i.k.p.i.AbstractProblemLoader Init config took 2.66s 
12287      INFO  main            d.u.i.k.p.i.AbstractProblemLoader Replaying proof AddAndMultiply[AddAndMultiply::add(int,int)].JML normal_behavior operation contract.0 
12471      DEBUG main            d.u.i.k.p.i.IntermediateProofReplayer Proof replay took 174.78ms 
12479      DEBUG main            d.u.i.k.p.r.p.TestFile    ... success: reloaded. 
12482      INFO  main            d.u.i.k.p.r.p.TestFile    Now processing file /home/runner/work/key/key/key.core/../key.ui/examples/heap/WeideEtAl_01_AddAndMultiply/AddAndMultiply_mul.key 
12482      INFO  main            d.u.i.k.p.i.AbstractProblemLoader Loading environment from /home/runner/work/key/key/key.core/../key.ui/examples/heap/WeideEtAl_01_AddAndMultiply/AddAndMultiply_mul.key 
12483      DEBUG main            d.u.i.k.p.i.AbstractProblemLoader Environment load took 248.71ns 
12486      INFO  main            d.u.i.k.p.i.AbstractProblemLoader Creating init config 
15193      DEBUG main            d.u.i.k.p.i.AbstractProblemLoader Init config took 2.71s 
15250      INFO  main            d.u.i.k.p.i.AbstractProblemLoader Replaying proof AddAndMultiply[AddAndMultiply::mul(int,int)].JML normal_behavior operation contract.0 
15253      DEBUG main            d.u.i.k.p.i.IntermediateProofReplayer Proof replay took 7.8ns 
15757      INFO  main            d.u.i.k.p.r.p.TestFile    ... finished proof: closed. 
15924      INFO  main            d.u.i.k.p.i.AbstractProblemLoader Loading environment from /home/runner/work/key/key/key.core/../key.ui/examples/heap/WeideEtAl_01_AddAndMultiply/AddAndMultiply_mul.key.proof 
15925      DEBUG main            d.u.i.k.p.i.AbstractProblemLoader Environment load took 453.11ns 
15926      INFO  main            d.u.i.k.p.i.AbstractProblemLoader Creating init config 
18456      DEBUG main            d.u.i.k.p.i.AbstractProblemLoader Init config took 2.53s 
18506      INFO  main            d.u.i.k.p.i.AbstractProblemLoader Replaying proof AddAndMultiply[AddAndMultiply::mul(int,int)].JML normal_behavior operation contract.0 
18599      DEBUG main            d.u.i.k.p.i.IntermediateProofReplayer Proof replay took 88.19ms 
18601      DEBUG main            d.u.i.k.p.r.p.TestFile    ... success: reloaded. 
18602      INFO  main            d.u.i.k.p.r.p.TestFile    Now processing file /home/runner/work/key/key/key.core/../key.ui/examples/heap/WeideEtAl_02_BinarySearch/BinarySearch_search.key 
18603      INFO  main            d.u.i.k.p.i.AbstractProblemLoader Loading environment from /home/runner/work/key/key/key.core/../key.ui/examples/heap/WeideEtAl_02_BinarySearch/BinarySearch_search.key 
18603      DEBUG main            d.u.i.k.p.i.AbstractProblemLoader Environment load took 232.2ns 
18604      INFO  main            d.u.i.k.p.i.AbstractProblemLoader Creating init config 
21093      DEBUG main            d.u.i.k.p.i.AbstractProblemLoader Init config took 2.49s 
21140      INFO  main            d.u.i.k.p.i.AbstractProblemLoader Replaying proof BinarySearch[BinarySearch::search([I,int)].JML normal_behavior operation contract.0 
21144      DEBUG main            d.u.i.k.p.i.IntermediateProofReplayer Proof replay took 6.3ns 
24357      INFO  main            d.u.i.k.p.r.p.TestFile    ... finished proof: closed. 
24545      INFO  main            d.u.i.k.p.i.AbstractProblemLoader Loading environment from /home/runner/work/key/key/key.core/../key.ui/examples/heap/WeideEtAl_02_BinarySearch/BinarySearch_search.key.proof 
24546      DEBUG main            d.u.i.k.p.i.AbstractProblemLoader Environment load took 468.31ns 
24548      INFO  main            d.u.i.k.p.i.AbstractProblemLoader Creating init config 
27002      DEBUG main            d.u.i.k.p.i.AbstractProblemLoader Init config took 2.45s 
27048      INFO  main            d.u.i.k.p.i.AbstractProblemLoader Replaying proof BinarySearch[BinarySearch::search([I,int)].JML normal_behavior operation contract.0 
27429      DEBUG main            d.u.i.k.p.i.IntermediateProofReplayer Proof replay took 362.95ms 
27431      DEBUG main            d.u.i.k.p.r.p.TestFile    ... success: reloaded. 
2271555    INFO  Test worker     d.u.i.k.p.r.RunAllProofsTestUnit Returning from test WeideEtAl 
2271556    INFO  Test worker     d.u.i.k.p.r.RunAllProofsTestUnit Running test arithmetic 
342        INFO  Timeout watchdog d.u.i.k.p.r.p.ForkedTestFileRunner Timeout watcher launched (2000 secs.) 
357        WARN  main            d.u.i.k.s.ProofSettings   The settings in /home/runner/.key/proof-settings.props are *not* read. 
406        INFO  main            d.u.i.k.p.r.p.TestFile    Now processing file /home/runner/work/key/key/key.core/../key.ui/examples/standard_key/arith/binomial1.key 
536        INFO  main            d.u.i.k.p.i.AbstractProblemLoader Loading environment from /home/runner/work/key/key/key.core/../key.ui/examples/standard_key/arith/binomial1.key 
553        DEBUG main            d.u.i.k.p.i.AbstractProblemLoader Environment load took 2.22ms 
798        INFO  main            d.u.i.k.p.i.AbstractProblemLoader Creating init config 
1774       DEBUG main            d.u.i.k.j.TypeConverter   No LDT found for Meta 
1775       DEBUG main            d.u.i.k.j.TypeConverter   No LDT found for Meta 
1778       DEBUG main            d.u.i.k.j.TypeConverter   No LDT found for Meta 
1778       DEBUG main            d.u.i.k.j.TypeConverter   No LDT found for Meta 
3175       DEBUG main            d.u.i.k.j.TypeConverter   No LDT found for JavaBigintExpression 
7993       DEBUG main            d.u.i.k.p.i.AbstractProblemLoader Init config took 7.19s 
8055       INFO  main            d.u.i.k.p.i.AbstractProblemLoader Replaying proof binomial1.key 
8088       DEBUG main            d.u.i.k.p.i.IntermediateProofReplayer Proof replay took 34.5ns 
8352       INFO  main            d.u.i.k.p.r.p.TestFile    ... finished proof: closed. 
8463       INFO  main            d.u.i.k.p.i.AbstractProblemLoader Loading environment from /home/runner/work/key/key/key.core/../key.ui/examples/standard_key/arith/binomial1.key.proof 
8465       DEBUG main            d.u.i.k.p.i.AbstractProblemLoader Environment load took 2.1ms 
8470       INFO  main            d.u.i.k.p.i.AbstractProblemLoader Creating init config 
11275      DEBUG main            d.u.i.k.p.i.AbstractProblemLoader Init config took 2.8s 
11318      INFO  main            d.u.i.k.p.i.AbstractProblemLoader Replaying proof binomial1.key.proof 
11332      DEBUG main            d.u.i.k.p.i.IntermediateProofReplayer Proof replay took 8.59ms 
11342      DEBUG main            d.u.i.k.p.r.p.TestFile    ... success: reloaded. 
11343      INFO  main            d.u.i.k.p.r.p.TestFile    Now processing file /home/runner/work/key/key/key.core/../key.ui/examples/standard_key/arith/binomial2.key 
11343      INFO  main            d.u.i.k.p.i.AbstractProblemLoader Loading environment from /home/runner/work/key/key/key.core/../key.ui/examples/standard_key/arith/binomial2.key 
11344      DEBUG main            d.u.i.k.p.i.AbstractProblemLoader Environment load took 226.41ns 
11345      INFO  main            d.u.i.k.p.i.AbstractProblemLoader Creating init config 
13990      DEBUG main            d.u.i.k.p.i.AbstractProblemLoader Init config took 2.64s 
14018      INFO  main            d.u.i.k.p.i.AbstractProblemLoader Replaying proof binomial2.key 
14022      DEBUG main            d.u.i.k.p.i.IntermediateProofReplayer Proof replay took 7.2ns 
14125      INFO  main            d.u.i.k.p.r.p.TestFile    ... finished proof: closed. 
14302      INFO  main            d.u.i.k.p.i.AbstractProblemLoader Loading environment from /home/runner/work/key/key/key.core/../key.ui/examples/standard_key/arith/binomial2.key.proof 
14302      DEBUG main            d.u.i.k.p.i.AbstractProblemLoader Environment load took 137.2ns 
14306      INFO  main            d.u.i.k.p.i.AbstractProblemLoader Creating init config 
16922      DEBUG main            d.u.i.k.p.i.AbstractProblemLoader Init config took 2.62s 
16945      INFO  main            d.u.i.k.p.i.AbstractProblemLoader Replaying proof binomial2.key.proof 
16955      DEBUG main            d.u.i.k.p.i.IntermediateProofReplayer Proof replay took 7.15ms 
16956      DEBUG main            d.u.i.k.p.r.p.TestFile    ... success: reloaded. 
16958      INFO  main            d.u.i.k.p.r.p.TestFile    Now processing file /home/runner/work/key/key/key.core/../key.ui/examples/standard_key/arith/check_jdiv.key 
16958      INFO  main            d.u.i.k.p.i.AbstractProblemLoader Loading environment from /home/runner/work/key/key/key.core/../key.ui/examples/standard_key/arith/check_jdiv.key 
16958      DEBUG main            d.u.i.k.p.i.AbstractProblemLoader Environment load took 211.8ns 
16960      INFO  main            d.u.i.k.p.i.AbstractProblemLoader Creating init config 
19559      DEBUG main            d.u.i.k.p.i.AbstractProblemLoader Init config took 2.6s 
19582      INFO  main            d.u.i.k.p.i.AbstractProblemLoader Replaying proof check_jdiv.key 
19590      DEBUG main            d.u.i.k.p.i.IntermediateProofReplayer Proof replay took 6.7ns 
24599      INFO  main            d.u.i.k.p.r.p.TestFile    ... finished proof: closed. 
24884      INFO  main            d.u.i.k.p.i.AbstractProblemLoader Loading environment from /home/runner/work/key/key/key.core/../key.ui/examples/standard_key/arith/check_jdiv.key.proof 
24884      DEBUG main            d.u.i.k.p.i.AbstractProblemLoader Environment load took 648.61ns 
24889      INFO  main            d.u.i.k.p.i.AbstractProblemLoader Creating init config 
27376      DEBUG main            d.u.i.k.p.i.AbstractProblemLoader Init config took 2.49s 
27411      INFO  main            d.u.i.k.p.i.AbstractProblemLoader Replaying proof check_jdiv.key.proof 
27722      DEBUG main            d.u.i.k.p.i.IntermediateProofReplayer Proof replay took 265.71ms 
27724      DEBUG main            d.u.i.k.p.r.p.TestFile    ... success: reloaded. 
27726      INFO  main            d.u.i.k.p.r.p.TestFile    Now processing file /home/runner/work/key/key/key.core/../key.ui/examples/standard_key/arith/check_jdiv_concrete.key 
27727      INFO  main            d.u.i.k.p.i.AbstractProblemLoader Loading environment from /home/runner/work/key/key/key.core/../key.ui/examples/standard_key/arith/check_jdiv_concrete.key 
27727      DEBUG main            d.u.i.k.p.i.AbstractProblemLoader Environment load took 229.71ns 
27729      INFO  main            d.u.i.k.p.i.AbstractProblemLoader Creating init config 
30334      DEBUG main            d.u.i.k.p.i.AbstractProblemLoader Init config took 2.6s 
30354      INFO  main            d.u.i.k.p.i.AbstractProblemLoader Replaying proof check_jdiv_concrete.key 
30357      DEBUG main            d.u.i.k.p.i.IntermediateProofReplayer Proof replay took 6.8ns 
30459      INFO  main            d.u.i.k.p.r.p.TestFile    ... finished proof: closed. 
30650      INFO  main            d.u.i.k.p.i.AbstractProblemLoader Loading environment from /home/runner/work/key/key/key.core/../key.ui/examples/standard_key/arith/check_jdiv_concrete.key.proof 
30650      DEBUG main            d.u.i.k.p.i.AbstractProblemLoader Environment load took 127.8ns 
30651      INFO  main            d.u.i.k.p.i.AbstractProblemLoader Creating init config 
33170      DEBUG main            d.u.i.k.p.i.AbstractProblemLoader Init config took 2.52s 
33190      INFO  main            d.u.i.k.p.i.AbstractProblemLoader Replaying proof check_jdiv_concrete.key.proof 
33194      DEBUG main            d.u.i.k.p.i.IntermediateProofReplayer Proof replay took 2.55ms 
33195      DEBUG main            d.u.i.k.p.r.p.TestFile    ... success: reloaded. 
33196      INFO  main            d.u.i.k.p.r.p.TestFile    Now processing file /home/runner/work/key/key/key.core/../key.ui/examples/standard_key/arith/check_jdiv_instantiated.key 
33196      INFO  main            d.u.i.k.p.i.AbstractProblemLoader Loading environment from /home/runner/work/key/key/key.core/../key.ui/examples/standard_key/arith/check_jdiv_instantiated.key 
33196      DEBUG main            d.u.i.k.p.i.AbstractProblemLoader Environment load took 94.4ns 
33198      INFO  main            d.u.i.k.p.i.AbstractProblemLoader Creating init config 
35616      DEBUG main            d.u.i.k.p.i.AbstractProblemLoader Init config took 2.42s 
35636      INFO  main            d.u.i.k.p.i.AbstractProblemLoader Replaying proof check_jdiv_instantiated.key 
35639      DEBUG main            d.u.i.k.p.i.IntermediateProofReplayer Proof replay took 6.8ns 
38680      INFO  main            d.u.i.k.p.r.p.TestFile    ... finished proof: closed. 
38919      INFO  main            d.u.i.k.p.i.AbstractProblemLoader Loading environment from /home/runner/work/key/key/key.core/../key.ui/examples/standard_key/arith/check_jdiv_instantiated.key.proof 
38920      DEBUG main            d.u.i.k.p.i.AbstractProblemLoader Environment load took 480.11ns 
38923      INFO  main            d.u.i.k.p.i.AbstractProblemLoader Creating init config 
41400      DEBUG main            d.u.i.k.p.i.AbstractProblemLoader Init config took 2.48s 
41421      INFO  main            d.u.i.k.p.i.AbstractProblemLoader Replaying proof check_jdiv_instantiated.key.proof 
41547      DEBUG main            d.u.i.k.p.i.IntermediateProofReplayer Proof replay took 105.15ms 
41549      DEBUG main            d.u.i.k.p.r.p.TestFile    ... success: reloaded. 
41550      INFO  main            d.u.i.k.p.r.p.TestFile    Now processing file /home/runner/work/key/key/key.core/../key.ui/examples/standard_key/arith/check_jmod.key 
41550      INFO  main            d.u.i.k.p.i.AbstractProblemLoader Loading environment from /home/runner/work/key/key/key.core/../key.ui/examples/standard_key/arith/check_jmod.key 
41551      DEBUG main            d.u.i.k.p.i.AbstractProblemLoader Environment load took 292.41ns 
41552      INFO  main            d.u.i.k.p.i.AbstractProblemLoader Creating init config 
44012      DEBUG main            d.u.i.k.p.i.AbstractProblemLoader Init config took 2.46s 
44031      INFO  main            d.u.i.k.p.i.AbstractProblemLoader Replaying proof check_jmod.key 
44033      DEBUG main            d.u.i.k.p.i.IntermediateProofReplayer Proof replay took 6.8ns 
44536      INFO  main            d.u.i.k.p.r.p.TestFile    ... finished proof: closed. 
44735      INFO  main            d.u.i.k.p.i.AbstractProblemLoader Loading environment from /home/runner/work/key/key/key.core/../key.ui/examples/standard_key/arith/check_jmod.key.proof 
44735      DEBUG main            d.u.i.k.p.i.AbstractProblemLoader Environment load took 521.91ns 
44737      INFO  main            d.u.i.k.p.i.AbstractProblemLoader Creating init config 
47184      DEBUG main            d.u.i.k.p.i.AbstractProblemLoader Init config took 2.45s 
47203      INFO  main            d.u.i.k.p.i.AbstractProblemLoader Replaying proof check_jmod.key.proof 
47230      DEBUG main            d.u.i.k.p.i.IntermediateProofReplayer Proof replay took 22.24ms 
47232      DEBUG main            d.u.i.k.p.r.p.TestFile    ... success: reloaded. 
47233      INFO  main            d.u.i.k.p.r.p.TestFile    Now processing file /home/runner/work/key/key/key.core/../key.ui/examples/standard_key/arith/complexExpressions.key 
47233      INFO  main            d.u.i.k.p.i.AbstractProblemLoader Loading environment from /home/runner/work/key/key/key.core/../key.ui/examples/standard_key/arith/complexExpressions.key 
47233      DEBUG main            d.u.i.k.p.i.AbstractProblemLoader Environment load took 231.81ns 
47234      INFO  main            d.u.i.k.p.i.AbstractProblemLoader Creating init config 
49714      DEBUG main            d.u.i.k.p.i.AbstractProblemLoader Init config took 2.48s 
49735      INFO  main            d.u.i.k.p.i.AbstractProblemLoader Replaying proof complexExpressions.key 
49737      DEBUG main            d.u.i.k.p.i.IntermediateProofReplayer Proof replay took 6.6ns 
49842      INFO  main            d.u.i.k.p.r.p.TestFile    ... finished proof: closed. 
50013      INFO  main            d.u.i.k.p.i.AbstractProblemLoader Loading environment from /home/runner/work/key/key/key.core/../key.ui/examples/standard_key/arith/complexExpressions.key.proof 
50013      DEBUG main            d.u.i.k.p.i.AbstractProblemLoader Environment load took 121.6ns 
50015      INFO  main            d.u.i.k.p.i.AbstractProblemLoader Creating init config 
52444      DEBUG main            d.u.i.k.p.i.AbstractProblemLoader Init config took 2.43s 
52463      INFO  main            d.u.i.k.p.i.AbstractProblemLoader Replaying proof complexExpressions.key.proof 
52471      DEBUG main            d.u.i.k.p.i.IntermediateProofReplayer Proof replay took 6.45ms 
52472      DEBUG main            d.u.i.k.p.r.p.TestFile    ... success: reloaded. 
52472      INFO  main            d.u.i.k.p.r.p.TestFile    Now processing file /home/runner/work/key/key/key.core/../key.ui/examples/standard_key/arith/compound_unaryMinus.key 
52473      INFO  main            d.u.i.k.p.i.AbstractProblemLoader Loading environment from /home/runner/work/key/key/key.core/../key.ui/examples/standard_key/arith/compound_unaryMinus.key 
52473      DEBUG main            d.u.i.k.p.i.AbstractProblemLoader Environment load took 96.7ns 
52474      INFO  main            d.u.i.k.p.i.AbstractProblemLoader Creating init config 
54943      DEBUG main            d.u.i.k.p.i.AbstractProblemLoader Init config took 2.47s 
54961      INFO  main            d.u.i.k.p.i.AbstractProblemLoader Replaying proof compound_unaryMinus.key 
54963      DEBUG main            d.u.i.k.p.i.IntermediateProofReplayer Proof replay took 6.4ns 
55066      INFO  main            d.u.i.k.p.r.p.TestFile    ... finished proof: closed. 
55226      INFO  main            d.u.i.k.p.i.AbstractProblemLoader Loading environment from /home/runner/work/key/key/key.core/../key.ui/examples/standard_key/arith/compound_unaryMinus.key.proof 
55226      DEBUG main            d.u.i.k.p.i.AbstractProblemLoader Environment load took 133.8ns 
55227      INFO  main            d.u.i.k.p.i.AbstractProblemLoader Creating init config 
57634      DEBUG main            d.u.i.k.p.i.AbstractProblemLoader Init config took 2.41s 
57654      INFO  main            d.u.i.k.p.i.AbstractProblemLoader Replaying proof compound_unaryMinus.key.proof 
57664      DEBUG main            d.u.i.k.p.i.IntermediateProofReplayer Proof replay took 7.71ms 
57665      DEBUG main            d.u.i.k.p.r.p.TestFile    ... success: reloaded. 
57666      INFO  main            d.u.i.k.p.r.p.TestFile    Now processing file /home/runner/work/key/key/key.core/../key.ui/examples/standard_key/arith/computation.key 
57667      INFO  main            d.u.i.k.p.i.AbstractProblemLoader Loading environment from /home/runner/work/key/key/key.core/../key.ui/examples/standard_key/arith/computation.key 
57671      DEBUG main            d.u.i.k.p.i.AbstractProblemLoader Environment load took 140.4ns 
57672      INFO  main            d.u.i.k.p.i.AbstractProblemLoader Creating init config 
60136      DEBUG main            d.u.i.k.p.i.AbstractProblemLoader Init config took 2.46s 
60153      INFO  main            d.u.i.k.p.i.AbstractProblemLoader Replaying proof computation.key 
60155      DEBUG main            d.u.i.k.p.i.IntermediateProofReplayer Proof replay took 6.7ns 
61587      INFO  main            d.u.i.k.p.r.p.TestFile    ... finished proof: closed. 
61827      INFO  main            d.u.i.k.p.i.AbstractProblemLoader Loading environment from /home/runner/work/key/key/key.core/../key.ui/examples/standard_key/arith/computation.key.proof 
61828      DEBUG main            d.u.i.k.p.i.AbstractProblemLoader Environment load took 490.51ns 
61829      INFO  main            d.u.i.k.p.i.AbstractProblemLoader Creating init config 
64250      DEBUG main            d.u.i.k.p.i.AbstractProblemLoader Init config took 2.42s 
64268      INFO  main            d.u.i.k.p.i.AbstractProblemLoader Replaying proof computation.key.proof 
64325      DEBUG main            d.u.i.k.p.i.IntermediateProofReplayer Proof replay took 52.02ms 
64326      DEBUG main            d.u.i.k.p.r.p.TestFile    ... success: reloaded. 
64328      INFO  main            d.u.i.k.p.r.p.TestFile    Now processing file /home/runner/work/key/key/key.core/../key.ui/examples/standard_key/arith/cubicSum.key 
64328      INFO  main            d.u.i.k.p.i.AbstractProblemLoader Loading environment from /home/runner/work/key/key/key.core/../key.ui/examples/standard_key/arith/cubicSum.key 
64328      DEBUG main            d.u.i.k.p.i.AbstractProblemLoader Environment load took 213.1ns 
64330      INFO  main            d.u.i.k.p.i.AbstractProblemLoader Creating init config 
66840      DEBUG main            d.u.i.k.p.i.AbstractProblemLoader Init config took 2.51s 
66859      INFO  main            d.u.i.k.p.i.AbstractProblemLoader Replaying proof cubicSum.key 
66860      DEBUG main            d.u.i.k.p.i.IntermediateProofReplayer Proof replay took 7ns 
68074      INFO  main            d.u.i.k.p.r.p.TestFile    ... finished proof: closed. 
68349      INFO  main            d.u.i.k.p.i.AbstractProblemLoader Loading environment from /home/runner/work/key/key/key.core/../key.ui/examples/standard_key/arith/cubicSum.key.proof 
68350      DEBUG main            d.u.i.k.p.i.AbstractProblemLoader Environment load took 1.26ms 
68352      INFO  main            d.u.i.k.p.i.AbstractProblemLoader Creating init config 
70858      DEBUG main            d.u.i.k.p.i.AbstractProblemLoader Init config took 2.51s 
70875      INFO  main            d.u.i.k.p.i.AbstractProblemLoader Replaying proof cubicSum.key.proof 
70962      DEBUG main            d.u.i.k.p.i.IntermediateProofReplayer Proof replay took 83.41ms 
70964      DEBUG main            d.u.i.k.p.r.p.TestFile    ... success: reloaded. 
70965      INFO  main            d.u.i.k.p.r.p.TestFile    Now processing file /home/runner/work/key/key/key.core/../key.ui/examples/standard_key/arith/divByZero.key 
70965      INFO  main            d.u.i.k.p.i.AbstractProblemLoader Loading environment from /home/runner/work/key/key/key.core/../key.ui/examples/standard_key/arith/divByZero.key 
70966      DEBUG main            d.u.i.k.p.i.AbstractProblemLoader Environment load took 207.6ns 
70967      INFO  main            d.u.i.k.p.i.AbstractProblemLoader Creating init config 
73484      DEBUG main            d.u.i.k.p.i.AbstractProblemLoader Init config took 2.52s 
73500      INFO  main            d.u.i.k.p.i.AbstractProblemLoader Replaying proof divByZero.key 
73502      DEBUG main            d.u.i.k.p.i.IntermediateProofReplayer Proof replay took 7.5ns 
73704      INFO  main            d.u.i.k.p.r.p.TestFile    ... finished proof: closed. 
73904      INFO  main            d.u.i.k.p.i.AbstractProblemLoader Loading environment from /home/runner/work/key/key/key.core/../key.ui/examples/standard_key/arith/divByZero.key.proof 
73904      DEBUG main            d.u.i.k.p.i.AbstractProblemLoader Environment load took 122.5ns 
73906      INFO  main            d.u.i.k.p.i.AbstractProblemLoader Creating init config 
76316      DEBUG main            d.u.i.k.p.i.AbstractProblemLoader Init config took 2.41s 
76331      INFO  main            d.u.i.k.p.i.AbstractProblemLoader Replaying proof divByZero.key.proof 
76357      DEBUG main            d.u.i.k.p.i.IntermediateProofReplayer Proof replay took 23.66ms 
76358      DEBUG main            d.u.i.k.p.r.p.TestFile    ... success: reloaded. 
76359      INFO  main            d.u.i.k.p.r.p.TestFile    Now processing file /home/runner/work/key/key/key.core/../key.ui/examples/standard_key/arith/divisionAssoc.key 
76360      INFO  main            d.u.i.k.p.i.AbstractProblemLoader Loading environment from /home/runner/work/key/key/key.core/../key.ui/examples/standard_key/arith/divisionAssoc.key 
76360      DEBUG main            d.u.i.k.p.i.AbstractProblemLoader Environment load took 216.91ns 
76361      INFO  main            d.u.i.k.p.i.AbstractProblemLoader Creating init config 
78831      DEBUG main            d.u.i.k.p.i.AbstractProblemLoader Init config took 2.47s 
78845      INFO  main            d.u.i.k.p.i.AbstractProblemLoader Replaying proof divisionAssoc.key 
78847      DEBUG main            d.u.i.k.p.i.IntermediateProofReplayer Proof replay took 7.1ns 
79551      INFO  main            d.u.i.k.p.r.p.TestFile    ... finished proof: closed. 
79783      INFO  main            d.u.i.k.p.i.AbstractProblemLoader Loading environment from /home/runner/work/key/key/key.core/../key.ui/examples/standard_key/arith/divisionAssoc.key.proof 
79783      DEBUG main            d.u.i.k.p.i.AbstractProblemLoader Environment load took 440.41ns 
79785      INFO  main            d.u.i.k.p.i.AbstractProblemLoader Creating init config 
82170      DEBUG main            d.u.i.k.p.i.AbstractProblemLoader Init config took 2.38s 
82184      INFO  main            d.u.i.k.p.i.AbstractProblemLoader Replaying proof divisionAssoc.key.proof 
82214      DEBUG main            d.u.i.k.p.i.IntermediateProofReplayer Proof replay took 25.26ms 
82215      DEBUG main            d.u.i.k.p.r.p.TestFile    ... success: reloaded. 
82216      INFO  main            d.u.i.k.p.r.p.TestFile    Now processing file /home/runner/work/key/key/key.core/../key.ui/examples/standard_key/arith/divisionBy2.key 
82216      INFO  main            d.u.i.k.p.i.AbstractProblemLoader Loading environment from /home/runner/work/key/key/key.core/../key.ui/examples/standard_key/arith/divisionBy2.key 
82216      DEBUG main            d.u.i.k.p.i.AbstractProblemLoader Environment load took 98.1ns 
82217      INFO  main            d.u.i.k.p.i.AbstractProblemLoader Creating init config 
84668      DEBUG main            d.u.i.k.p.i.AbstractProblemLoader Init config took 2.45s 
84681      INFO  main            d.u.i.k.p.i.AbstractProblemLoader Replaying proof divisionBy2.key 
84682      DEBUG main            d.u.i.k.p.i.IntermediateProofReplayer Proof replay took 6.6ns 
84786      INFO  main            d.u.i.k.p.r.p.TestFile    ... finished proof: closed. 
84998      INFO  main            d.u.i.k.p.i.AbstractProblemLoader Loading environment from /home/runner/work/key/key/key.core/../key.ui/examples/standard_key/arith/divisionBy2.key.proof 
84999      DEBUG main            d.u.i.k.p.i.AbstractProblemLoader Environment load took 120.4ns 
85000      INFO  main            d.u.i.k.p.i.AbstractProblemLoader Creating init config 
87394      DEBUG main            d.u.i.k.p.i.AbstractProblemLoader Init config took 2.39s 
87407      INFO  main            d.u.i.k.p.i.AbstractProblemLoader Replaying proof divisionBy2.key.proof 
87413      DEBUG main            d.u.i.k.p.i.IntermediateProofReplayer Proof replay took 4.13ms 
87414      DEBUG main            d.u.i.k.p.r.p.TestFile    ... success: reloaded. 
87415      INFO  main            d.u.i.k.p.r.p.TestFile    Now processing file /home/runner/work/key/key/key.core/../key.ui/examples/standard_key/arith/euclidean/gcdHelp-post.key 
87415      INFO  main            d.u.i.k.p.i.AbstractProblemLoader Loading environment from /home/runner/work/key/key/key.core/../key.ui/examples/standard_key/arith/euclidean/gcdHelp-post.key 
87416      DEBUG main            d.u.i.k.p.i.AbstractProblemLoader Environment load took 200.8ns 
87417      INFO  main            d.u.i.k.p.i.AbstractProblemLoader Creating init config 
90022      DEBUG main            d.u.i.k.p.i.AbstractProblemLoader Init config took 2.6s 
90037      INFO  main            d.u.i.k.p.i.AbstractProblemLoader Replaying proof gcdHelp-post.key 
90039      DEBUG main            d.u.i.k.p.i.IntermediateProofReplayer Proof replay took 6.3ns 
93067      INFO  main            d.u.i.k.p.r.p.TestFile    ... finished proof: closed. 
93398      INFO  main            d.u.i.k.p.i.AbstractProblemLoader Loading environment from /home/runner/work/key/key/key.core/../key.ui/examples/standard_key/arith/euclidean/gcdHelp-post.key.proof 
93398      DEBUG main            d.u.i.k.p.i.AbstractProblemLoader Environment load took 440.11ns 
93400      INFO  main            d.u.i.k.p.i.AbstractProblemLoader Creating init config 
95870      DEBUG main            d.u.i.k.p.i.AbstractProblemLoader Init config took 2.47s 
95889      INFO  main            d.u.i.k.p.i.AbstractProblemLoader Replaying proof gcdHelp-post.key.proof 
96048      DEBUG main            d.u.i.k.p.i.IntermediateProofReplayer Proof replay took 150.75ms 
96050      DEBUG main            d.u.i.k.p.r.p.TestFile    ... success: reloaded. 
96052      INFO  main            d.u.i.k.p.r.p.TestFile    Now processing file /home/runner/work/key/key/key.core/../key.ui/examples/standard_key/arith/gemplusDecimal/add.key 
96053      INFO  main            d.u.i.k.p.i.AbstractProblemLoader Loading environment from /home/runner/work/key/key/key.core/../key.ui/examples/standard_key/arith/gemplusDecimal/add.key 
96053      DEBUG main            d.u.i.k.p.i.AbstractProblemLoader Environment load took 251.31ns 
96055      INFO  main            d.u.i.k.p.i.AbstractProblemLoader Creating init config 
98618      DEBUG main            d.u.i.k.p.i.AbstractProblemLoader Init config took 2.56s 
98634      INFO  main            d.u.i.k.p.i.AbstractProblemLoader Replaying proof add.key 
98635      DEBUG main            d.u.i.k.p.i.IntermediateProofReplayer Proof replay took 5.8ns 
138777     INFO  main            d.u.i.k.p.r.p.TestFile    ... finished proof: closed. 
139164     INFO  main            d.u.i.k.p.i.AbstractProblemLoader Loading environment from /home/runner/work/key/key/key.core/../key.ui/examples/standard_key/arith/gemplusDecimal/add.key.proof 
139165     DEBUG main            d.u.i.k.p.i.AbstractProblemLoader Environment load took 589.51ns 
139174     INFO  main            d.u.i.k.p.i.AbstractProblemLoader Creating init config 
141617     DEBUG main            d.u.i.k.p.i.AbstractProblemLoader Init config took 2.44s 
141633     INFO  main            d.u.i.k.p.i.AbstractProblemLoader Replaying proof add.key.proof 
143644     DEBUG main            d.u.i.k.p.i.IntermediateProofReplayer Proof replay took 1.91s 
143652     DEBUG main            d.u.i.k.p.r.p.TestFile    ... success: reloaded. 
143654     INFO  main            d.u.i.k.p.r.p.TestFile    Now processing file /home/runner/work/key/key/key.core/../key.ui/examples/standard_key/arith/jdivevenodd.key 
143654     INFO  main            d.u.i.k.p.i.AbstractProblemLoader Loading environment from /home/runner/work/key/key/key.core/../key.ui/examples/standard_key/arith/jdivevenodd.key 
143654     DEBUG main            d.u.i.k.p.i.AbstractProblemLoader Environment load took 213.6ns 
143655     INFO  main            d.u.i.k.p.i.AbstractProblemLoader Creating init config 
146176     DEBUG main            d.u.i.k.p.i.AbstractProblemLoader Init config took 2.52s 
146189     INFO  main            d.u.i.k.p.i.AbstractProblemLoader Replaying proof jdivevenodd.key 
146191     DEBUG main            d.u.i.k.p.i.IntermediateProofReplayer Proof replay took 6.6ns 
146394     INFO  main            d.u.i.k.p.r.p.TestFile    ... finished proof: closed. 
146743     INFO  main            d.u.i.k.p.i.AbstractProblemLoader Loading environment from /home/runner/work/key/key/key.core/../key.ui/examples/standard_key/arith/jdivevenodd.key.proof 
146743     DEBUG main            d.u.i.k.p.i.AbstractProblemLoader Environment load took 141.1ns 
146745     INFO  main            d.u.i.k.p.i.AbstractProblemLoader Creating init config 
149112     DEBUG main            d.u.i.k.p.i.AbstractProblemLoader Init config took 2.37s 
149127     INFO  main            d.u.i.k.p.i.AbstractProblemLoader Replaying proof jdivevenodd.key.proof 
149144     DEBUG main            d.u.i.k.p.i.IntermediateProofReplayer Proof replay took 10.21ms 
149146     DEBUG main            d.u.i.k.p.r.p.TestFile    ... success: reloaded. 
149147     INFO  main            d.u.i.k.p.r.p.TestFile    Now processing file /home/runner/work/key/key/key.core/../key.ui/examples/standard_key/arith/median.key 
149147     INFO  main            d.u.i.k.p.i.AbstractProblemLoader Loading environment from /home/runner/work/key/key/key.core/../key.ui/examples/standard_key/arith/median.key 
149147     DEBUG main            d.u.i.k.p.i.AbstractProblemLoader Environment load took 101.3ns 
149149     INFO  main            d.u.i.k.p.i.AbstractProblemLoader Creating init config 
151555     DEBUG main            d.u.i.k.p.i.AbstractProblemLoader Init config took 2.41s 
151576     INFO  main            d.u.i.k.p.i.AbstractProblemLoader Replaying proof median.key 
151578     DEBUG main            d.u.i.k.p.i.IntermediateProofReplayer Proof replay took 6.1ns 
165687     INFO  main            d.u.i.k.p.r.p.TestFile    ... finished proof: closed. 
166004     INFO  main            d.u.i.k.p.i.AbstractProblemLoader Loading environment from /home/runner/work/key/key/key.core/../key.ui/examples/standard_key/arith/median.key.proof 
166009     DEBUG main            d.u.i.k.p.i.AbstractProblemLoader Environment load took 5.28ms 
166013     INFO  main            d.u.i.k.p.i.AbstractProblemLoader Creating init config 
168422     DEBUG main            d.u.i.k.p.i.AbstractProblemLoader Init config took 2.41s 
168438     INFO  main            d.u.i.k.p.i.AbstractProblemLoader Replaying proof median.key.proof 
168968     DEBUG main            d.u.i.k.p.i.IntermediateProofReplayer Proof replay took 487.57ms 
168972     DEBUG main            d.u.i.k.p.r.p.TestFile    ... success: reloaded. 
168974     INFO  main            d.u.i.k.p.r.p.TestFile    Now processing file /home/runner/work/key/key/key.core/../key.ui/examples/standard_key/arith/mod1.key 
168974     INFO  main            d.u.i.k.p.i.AbstractProblemLoader Loading environment from /home/runner/work/key/key/key.core/../key.ui/examples/standard_key/arith/mod1.key 
168974     DEBUG main            d.u.i.k.p.i.AbstractProblemLoader Environment load took 221.4ns 
168975     INFO  main            d.u.i.k.p.i.AbstractProblemLoader Creating init config 
171412     DEBUG main            d.u.i.k.p.i.AbstractProblemLoader Init config took 2.44s 
171425     INFO  main            d.u.i.k.p.i.AbstractProblemLoader Replaying proof mod1.key 
171427     DEBUG main            d.u.i.k.p.i.IntermediateProofReplayer Proof replay took 6.2ns 
171530     INFO  main            d.u.i.k.p.r.p.TestFile    ... finished proof: closed. 
171838     INFO  main            d.u.i.k.p.i.AbstractProblemLoader Loading environment from /home/runner/work/key/key/key.core/../key.ui/examples/standard_key/arith/mod1.key.proof 
171838     DEBUG main            d.u.i.k.p.i.AbstractProblemLoader Environment load took 104.1ns 
171839     INFO  main            d.u.i.k.p.i.AbstractProblemLoader Creating init config 
174200     DEBUG main            d.u.i.k.p.i.AbstractProblemLoader Init config took 2.36s 
174213     INFO  main            d.u.i.k.p.i.AbstractProblemLoader Replaying proof mod1.key.proof 
174216     DEBUG main            d.u.i.k.p.i.IntermediateProofReplayer Proof replay took 1.47ms 
174217     DEBUG main            d.u.i.k.p.r.p.TestFile    ... success: reloaded. 
174218     INFO  main            d.u.i.k.p.r.p.TestFile    Now processing file /home/runner/work/key/key/key.core/../key.ui/examples/standard_key/arith/mod2.key 
174218     INFO  main            d.u.i.k.p.i.AbstractProblemLoader Loading environment from /home/runner/work/key/key/key.core/../key.ui/examples/standard_key/arith/mod2.key 
174218     DEBUG main            d.u.i.k.p.i.AbstractProblemLoader Environment load took 84.7ns 
174219     INFO  main            d.u.i.k.p.i.AbstractProblemLoader Creating init config 
176574     DEBUG main            d.u.i.k.p.i.AbstractProblemLoader Init config took 2.36s 
176587     INFO  main            d.u.i.k.p.i.AbstractProblemLoader Replaying proof mod2.key 
176589     DEBUG main            d.u.i.k.p.i.IntermediateProofReplayer Proof replay took 6.4ns 
176692     INFO  main            d.u.i.k.p.r.p.TestFile    ... finished proof: closed. 
176919     INFO  main            d.u.i.k.p.i.AbstractProblemLoader Loading environment from /home/runner/work/key/key/key.core/../key.ui/examples/standard_key/arith/mod2.key.proof 
176919     DEBUG main            d.u.i.k.p.i.AbstractProblemLoader Environment load took 117.7ns 
176920     INFO  main            d.u.i.k.p.i.AbstractProblemLoader Creating init config 
179273     DEBUG main            d.u.i.k.p.i.AbstractProblemLoader Init config took 2.35s 
179286     INFO  main            d.u.i.k.p.i.AbstractProblemLoader Replaying proof mod2.key.proof 
179289     DEBUG main            d.u.i.k.p.i.IntermediateProofReplayer Proof replay took 1.09ms 
179290     DEBUG main            d.u.i.k.p.r.p.TestFile    ... success: reloaded. 
179290     INFO  main            d.u.i.k.p.r.p.TestFile    Now processing file /home/runner/work/key/key/key.core/../key.ui/examples/standard_key/arith/mod7.key 
179291     INFO  main            d.u.i.k.p.i.AbstractProblemLoader Loading environment from /home/runner/work/key/key/key.core/../key.ui/examples/standard_key/arith/mod7.key 
179291     DEBUG main            d.u.i.k.p.i.AbstractProblemLoader Environment load took 117.4ns 
179292     INFO  main            d.u.i.k.p.i.AbstractProblemLoader Creating init config 
181698     DEBUG main            d.u.i.k.p.i.AbstractProblemLoader Init config took 2.41s 
181711     INFO  main            d.u.i.k.p.i.AbstractProblemLoader Replaying proof mod7.key 
181712     DEBUG main            d.u.i.k.p.i.IntermediateProofReplayer Proof replay took 6.4ns 
181814     INFO  main            d.u.i.k.p.r.p.TestFile    ... finished proof: closed. 
182040     INFO  main            d.u.i.k.p.i.AbstractProblemLoader Loading environment from /home/runner/work/key/key/key.core/../key.ui/examples/standard_key/arith/mod7.key.proof 
182040     DEBUG main            d.u.i.k.p.i.AbstractProblemLoader Environment load took 111.1ns 
182041     INFO  main            d.u.i.k.p.i.AbstractProblemLoader Creating init config 
184397     DEBUG main            d.u.i.k.p.i.AbstractProblemLoader Init config took 2.36s 
184410     INFO  main            d.u.i.k.p.i.AbstractProblemLoader Replaying proof mod7.key.proof 
184415     DEBUG main            d.u.i.k.p.i.IntermediateProofReplayer Proof replay took 2.93ms 
184416     DEBUG main            d.u.i.k.p.r.p.TestFile    ... success: reloaded. 
184416     INFO  main            d.u.i.k.p.r.p.TestFile    Now processing file /home/runner/work/key/key/key.core/../key.ui/examples/standard_key/arith/overflow_hija.key 
184417     INFO  main            d.u.i.k.p.i.AbstractProblemLoader Loading environment from /home/runner/work/key/key/key.core/../key.ui/examples/standard_key/arith/overflow_hija.key 
184417     DEBUG main            d.u.i.k.p.i.AbstractProblemLoader Environment load took 184.1ns 
184418     INFO  main            d.u.i.k.p.i.AbstractProblemLoader Creating init config 
186878     DEBUG main            d.u.i.k.p.i.AbstractProblemLoader Init config took 2.46s 
186895     INFO  main            d.u.i.k.p.i.AbstractProblemLoader Replaying proof overflow_hija.key 
186897     DEBUG main            d.u.i.k.p.i.IntermediateProofReplayer Proof replay took 7.3ns 
191308     INFO  main            d.u.i.k.p.r.p.TestFile    ... finished proof: closed. 
191586     INFO  main            d.u.i.k.p.i.AbstractProblemLoader Loading environment from /home/runner/work/key/key/key.core/../key.ui/examples/standard_key/arith/overflow_hija.key.proof 
191587     DEBUG main            d.u.i.k.p.i.AbstractProblemLoader Environment load took 419.91ns 
191589     INFO  main            d.u.i.k.p.i.AbstractProblemLoader Creating init config 
193966     DEBUG main            d.u.i.k.p.i.AbstractProblemLoader Init config took 2.38s 
193984     INFO  main            d.u.i.k.p.i.AbstractProblemLoader Replaying proof overflow_hija.key.proof 
194125     DEBUG main            d.u.i.k.p.i.IntermediateProofReplayer Proof replay took 131.85ms 
194126     DEBUG main            d.u.i.k.p.r.p.TestFile    ... success: reloaded. 
194127     INFO  main            d.u.i.k.p.r.p.TestFile    Now processing file /home/runner/work/key/key/key.core/../key.ui/examples/standard_key/arith/poly_division0.key 
194128     INFO  main            d.u.i.k.p.i.AbstractProblemLoader Loading environment from /home/runner/work/key/key/key.core/../key.ui/examples/standard_key/arith/poly_division0.key 
194128     DEBUG main            d.u.i.k.p.i.AbstractProblemLoader Environment load took 208ns 
194129     INFO  main            d.u.i.k.p.i.AbstractProblemLoader Creating init config 
196538     DEBUG main            d.u.i.k.p.i.AbstractProblemLoader Init config took 2.41s 
196551     INFO  main            d.u.i.k.p.i.AbstractProblemLoader Replaying proof poly_division0.key 
196552     DEBUG main            d.u.i.k.p.i.IntermediateProofReplayer Proof replay took 6.5ns 
196654     INFO  main            d.u.i.k.p.r.p.TestFile    ... finished proof: closed. 
196947     INFO  main            d.u.i.k.p.i.AbstractProblemLoader Loading environment from /home/runner/work/key/key/key.core/../key.ui/examples/standard_key/arith/poly_division0.key.proof 
196947     DEBUG main            d.u.i.k.p.i.AbstractProblemLoader Environment load took 106ns 
196948     INFO  main            d.u.i.k.p.i.AbstractProblemLoader Creating init config 
199287     DEBUG main            d.u.i.k.p.i.AbstractProblemLoader Init config took 2.34s 
199300     INFO  main            d.u.i.k.p.i.AbstractProblemLoader Replaying proof poly_division0.key.proof 
199305     DEBUG main            d.u.i.k.p.i.IntermediateProofReplayer Proof replay took 3.28ms 
199306     DEBUG main            d.u.i.k.p.r.p.TestFile    ... success: reloaded. 
199306     INFO  main            d.u.i.k.p.r.p.TestFile    Now processing file /home/runner/work/key/key/key.core/../key.ui/examples/standard_key/arith/poly_division1.key 
199307     INFO  main            d.u.i.k.p.i.AbstractProblemLoader Loading environment from /home/runner/work/key/key/key.core/../key.ui/examples/standard_key/arith/poly_division1.key 
199307     DEBUG main            d.u.i.k.p.i.AbstractProblemLoader Environment load took 71.8ns 
199308     INFO  main            d.u.i.k.p.i.AbstractProblemLoader Creating init config 
201707     DEBUG main            d.u.i.k.p.i.AbstractProblemLoader Init config took 2.4s 
201720     INFO  main            d.u.i.k.p.i.AbstractProblemLoader Replaying proof poly_division1.key 
201721     DEBUG main            d.u.i.k.p.i.IntermediateProofReplayer Proof replay took 6.2ns 
201823     INFO  main            d.u.i.k.p.r.p.TestFile    ... finished proof: closed. 
202078     INFO  main            d.u.i.k.p.i.AbstractProblemLoader Loading environment from /home/runner/work/key/key/key.core/../key.ui/examples/standard_key/arith/poly_division1.key.proof 
202078     DEBUG main            d.u.i.k.p.i.AbstractProblemLoader Environment load took 100.4ns 
202079     INFO  main            d.u.i.k.p.i.AbstractProblemLoader Creating init config 
204446     DEBUG main            d.u.i.k.p.i.AbstractProblemLoader Init config took 2.37s 
204462     INFO  main            d.u.i.k.p.i.AbstractProblemLoader Replaying proof poly_division1.key.proof 
204467     DEBUG main            d.u.i.k.p.i.IntermediateProofReplayer Proof replay took 2.99ms 
204468     DEBUG main            d.u.i.k.p.r.p.TestFile    ... success: reloaded. 
204468     INFO  main            d.u.i.k.p.r.p.TestFile    Now processing file /home/runner/work/key/key/key.core/../key.ui/examples/standard_key/inEqSimp/division.key 
204468     INFO  main            d.u.i.k.p.i.AbstractProblemLoader Loading environment from /home/runner/work/key/key/key.core/../key.ui/examples/standard_key/inEqSimp/division.key 
204468     DEBUG main            d.u.i.k.p.i.AbstractProblemLoader Environment load took 75ns 
204469     INFO  main            d.u.i.k.p.i.AbstractProblemLoader Creating init config 
206874     DEBUG main            d.u.i.k.p.i.AbstractProblemLoader Init config took 2.4s 
206889     INFO  main            d.u.i.k.p.i.AbstractProblemLoader Replaying proof division.key 
206891     DEBUG main            d.u.i.k.p.i.IntermediateProofReplayer Proof replay took 7.9ns 
208798     INFO  main            d.u.i.k.p.r.p.TestFile    ... finished proof: closed. 
209082     INFO  main            d.u.i.k.p.i.AbstractProblemLoader Loading environment from /home/runner/work/key/key/key.core/../key.ui/examples/standard_key/inEqSimp/division.key.proof 
209082     DEBUG main            d.u.i.k.p.i.AbstractProblemLoader Environment load took 411.11ns 
209084     INFO  main            d.u.i.k.p.i.AbstractProblemLoader Creating init config 
211440     DEBUG main            d.u.i.k.p.i.AbstractProblemLoader Init config took 2.36s 
211453     INFO  main            d.u.i.k.p.i.AbstractProblemLoader Replaying proof division.key.proof 
211532     DEBUG main            d.u.i.k.p.i.IntermediateProofReplayer Proof replay took 68.54ms 
211533     DEBUG main            d.u.i.k.p.r.p.TestFile    ... success: reloaded. 
211534     INFO  main            d.u.i.k.p.r.p.TestFile    Now processing file /home/runner/work/key/key/key.core/../key.ui/examples/standard_key/inEqSimp/inequations0.key 
211534     INFO  main            d.u.i.k.p.i.AbstractProblemLoader Loading environment from /home/runner/work/key/key/key.core/../key.ui/examples/standard_key/inEqSimp/inequations0.key 
211534     DEBUG main            d.u.i.k.p.i.AbstractProblemLoader Environment load took 75.6ns 
211535     INFO  main            d.u.i.k.p.i.AbstractProblemLoader Creating init config 
213946     DEBUG main            d.u.i.k.p.i.AbstractProblemLoader Init config took 2.41s 
213958     INFO  main            d.u.i.k.p.i.AbstractProblemLoader Replaying proof inequations0.key 
213960     DEBUG main            d.u.i.k.p.i.IntermediateProofReplayer Proof replay took 38.6ns 
214062     INFO  main            d.u.i.k.p.r.p.TestFile    ... finished proof: closed. 
214349     INFO  main            d.u.i.k.p.i.AbstractProblemLoader Loading environment from /home/runner/work/key/key/key.core/../key.ui/examples/standard_key/inEqSimp/inequations0.key.proof 
214349     DEBUG main            d.u.i.k.p.i.AbstractProblemLoader Environment load took 104.1ns 
214350     INFO  main            d.u.i.k.p.i.AbstractProblemLoader Creating init config 
216687     DEBUG main            d.u.i.k.p.i.AbstractProblemLoader Init config took 2.34s 
216700     INFO  main            d.u.i.k.p.i.AbstractProblemLoader Replaying proof inequations0.key.proof 
216703     DEBUG main            d.u.i.k.p.i.IntermediateProofReplayer Proof replay took 1.56ms 
216704     DEBUG main            d.u.i.k.p.r.p.TestFile    ... success: reloaded. 
216705     INFO  main            d.u.i.k.p.r.p.TestFile    Now processing file /home/runner/work/key/key/key.core/../key.ui/examples/standard_key/inEqSimp/inequations1.key 
216705     INFO  main            d.u.i.k.p.i.AbstractProblemLoader Loading environment from /home/runner/work/key/key/key.core/../key.ui/examples/standard_key/inEqSimp/inequations1.key 
216705     DEBUG main            d.u.i.k.p.i.AbstractProblemLoader Environment load took 75.2ns 
216706     INFO  main            d.u.i.k.p.i.AbstractProblemLoader Creating init config 
219077     DEBUG main            d.u.i.k.p.i.AbstractProblemLoader Init config took 2.37s 
219091     INFO  main            d.u.i.k.p.i.AbstractProblemLoader Replaying proof inequations1.key 
219092     DEBUG main            d.u.i.k.p.i.IntermediateProofReplayer Proof replay took 3.3ns 
219198     INFO  main            d.u.i.k.p.r.p.TestFile    ... finished proof: closed. 
219458     INFO  main            d.u.i.k.p.i.AbstractProblemLoader Loading environment from /home/runner/work/key/key/key.core/../key.ui/examples/standard_key/inEqSimp/inequations1.key.proof 
219458     DEBUG main            d.u.i.k.p.i.AbstractProblemLoader Environment load took 91.9ns 
219459     INFO  main            d.u.i.k.p.i.AbstractProblemLoader Creating init config 
221785     DEBUG main            d.u.i.k.p.i.AbstractProblemLoader Init config took 2.33s 
221798     INFO  main            d.u.i.k.p.i.AbstractProblemLoader Replaying proof inequations1.key.proof 
221800     DEBUG main            d.u.i.k.p.i.IntermediateProofReplayer Proof replay took 851.92ns 
221801     DEBUG main            d.u.i.k.p.r.p.TestFile    ... success: reloaded. 
221801     INFO  main            d.u.i.k.p.r.p.TestFile    Now processing file /home/runner/work/key/key/key.core/../key.ui/examples/standard_key/inEqSimp/inequations2.key 
221802     INFO  main            d.u.i.k.p.i.AbstractProblemLoader Loading environment from /home/runner/work/key/key/key.core/../key.ui/examples/standard_key/inEqSimp/inequations2.key 
221802     DEBUG main            d.u.i.k.p.i.AbstractProblemLoader Environment load took 65.7ns 
221803     INFO  main            d.u.i.k.p.i.AbstractProblemLoader Creating init config 
224187     DEBUG main            d.u.i.k.p.i.AbstractProblemLoader Init config took 2.38s 
224201     INFO  main            d.u.i.k.p.i.AbstractProblemLoader Replaying proof inequations2.key 
224203     DEBUG main            d.u.i.k.p.i.IntermediateProofReplayer Proof replay took 3.9ns 
224310     INFO  main            d.u.i.k.p.r.p.TestFile    ... finished proof: closed. 
224580     INFO  main            d.u.i.k.p.i.AbstractProblemLoader Loading environment from /home/runner/work/key/key/key.core/../key.ui/examples/standard_key/inEqSimp/inequations2.key.proof 
224580     DEBUG main            d.u.i.k.p.i.AbstractProblemLoader Environment load took 93.4ns 
224581     INFO  main            d.u.i.k.p.i.AbstractProblemLoader Creating init config 
226910     DEBUG main            d.u.i.k.p.i.AbstractProblemLoader Init config took 2.33s 
226923     INFO  main            d.u.i.k.p.i.AbstractProblemLoader Replaying proof inequations2.key.proof 
226925     DEBUG main            d.u.i.k.p.i.IntermediateProofReplayer Proof replay took 1.1ms 
226926     DEBUG main            d.u.i.k.p.r.p.TestFile    ... success: reloaded. 
226927     INFO  main            d.u.i.k.p.r.p.TestFile    Now processing file /home/runner/work/key/key/key.core/../key.ui/examples/standard_key/inEqSimp/linApprox.key 
226927     INFO  main            d.u.i.k.p.i.AbstractProblemLoader Loading environment from /home/runner/work/key/key/key.core/../key.ui/examples/standard_key/inEqSimp/linApprox.key 
226927     DEBUG main            d.u.i.k.p.i.AbstractProblemLoader Environment load took 74.3ns 
226928     INFO  main            d.u.i.k.p.i.AbstractProblemLoader Creating init config 
229334     DEBUG main            d.u.i.k.p.i.AbstractProblemLoader Init config took 2.41s 
229347     INFO  main            d.u.i.k.p.i.AbstractProblemLoader Replaying proof linApprox.key 
229349     DEBUG main            d.u.i.k.p.i.IntermediateProofReplayer Proof replay took 2.3ns 
229450     INFO  main            d.u.i.k.p.r.p.TestFile    ... finished proof: closed. 
229729     INFO  main            d.u.i.k.p.i.AbstractProblemLoader Loading environment from /home/runner/work/key/key/key.core/../key.ui/examples/standard_key/inEqSimp/linApprox.key.proof 
229729     DEBUG main            d.u.i.k.p.i.AbstractProblemLoader Environment load took 108.1ns 
229730     INFO  main            d.u.i.k.p.i.AbstractProblemLoader Creating init config 
232056     DEBUG main            d.u.i.k.p.i.AbstractProblemLoader Init config took 2.33s 
232068     INFO  main            d.u.i.k.p.i.AbstractProblemLoader Replaying proof linApprox.key.proof 
232071     DEBUG main            d.u.i.k.p.i.IntermediateProofReplayer Proof replay took 1.33ms 
232072     DEBUG main            d.u.i.k.p.r.p.TestFile    ... success: reloaded. 
232073     INFO  main            d.u.i.k.p.r.p.TestFile    Now processing file /home/runner/work/key/key/key.core/../key.ui/examples/standard_key/inEqSimp/nonLinInEqExample0.key 
232073     INFO  main            d.u.i.k.p.i.AbstractProblemLoader Loading environment from /home/runner/work/key/key/key.core/../key.ui/examples/standard_key/inEqSimp/nonLinInEqExample0.key 
232073     DEBUG main            d.u.i.k.p.i.AbstractProblemLoader Environment load took 84.7ns 
232074     INFO  main            d.u.i.k.p.i.AbstractProblemLoader Creating init config 
234440     DEBUG main            d.u.i.k.p.i.AbstractProblemLoader Init config took 2.37s 
234453     INFO  main            d.u.i.k.p.i.AbstractProblemLoader Replaying proof nonLinInEqExample0.key 
234455     DEBUG main            d.u.i.k.p.i.IntermediateProofReplayer Proof replay took 3.4ns 
234558     INFO  main            d.u.i.k.p.r.p.TestFile    ... finished proof: closed. 
234840     INFO  main            d.u.i.k.p.i.AbstractProblemLoader Loading environment from /home/runner/work/key/key/key.core/../key.ui/examples/standard_key/inEqSimp/nonLinInEqExample0.key.proof 
234840     DEBUG main            d.u.i.k.p.i.AbstractProblemLoader Environment load took 87.2ns 
234841     INFO  main            d.u.i.k.p.i.AbstractProblemLoader Creating init config 
237173     DEBUG main            d.u.i.k.p.i.AbstractProblemLoader Init config took 2.33s 
237187     INFO  main            d.u.i.k.p.i.AbstractProblemLoader Replaying proof nonLinInEqExample0.key.proof 
237189     DEBUG main            d.u.i.k.p.i.IntermediateProofReplayer Proof replay took 597.61ns 
237190     DEBUG main            d.u.i.k.p.r.p.TestFile    ... success: reloaded. 
237191     INFO  main            d.u.i.k.p.r.p.TestFile    Now processing file /home/runner/work/key/key/key.core/../key.ui/examples/standard_key/inEqSimp/nonLinInEqExample2.key 
237191     INFO  main            d.u.i.k.p.i.AbstractProblemLoader Loading environment from /home/runner/work/key/key/key.core/../key.ui/examples/standard_key/inEqSimp/nonLinInEqExample2.key 
237191     DEBUG main            d.u.i.k.p.i.AbstractProblemLoader Environment load took 79.9ns 
237194     INFO  main            d.u.i.k.p.i.AbstractProblemLoader Creating init config 
239581     DEBUG main            d.u.i.k.p.i.AbstractProblemLoader Init config took 2.39s 
239594     INFO  main            d.u.i.k.p.i.AbstractProblemLoader Replaying proof nonLinInEqExample2.key 
239595     DEBUG main            d.u.i.k.p.i.IntermediateProofReplayer Proof replay took 2.8ns 
239918     INFO  main            d.u.i.k.p.r.p.TestFile    ... finished proof: closed. 
240202     INFO  main            d.u.i.k.p.i.AbstractProblemLoader Loading environment from /home/runner/work/key/key/key.core/../key.ui/examples/standard_key/inEqSimp/nonLinInEqExample2.key.proof 
240202     DEBUG main            d.u.i.k.p.i.AbstractProblemLoader Environment load took 439.51ns 
240204     INFO  main            d.u.i.k.p.i.AbstractProblemLoader Creating init config 
242532     DEBUG main            d.u.i.k.p.i.AbstractProblemLoader Init config took 2.33s 
242556     INFO  main            d.u.i.k.p.i.AbstractProblemLoader Replaying proof nonLinInEqExample2.key.proof 
242578     DEBUG main            d.u.i.k.p.i.IntermediateProofReplayer Proof replay took 18.66ms 
242579     DEBUG main            d.u.i.k.p.r.p.TestFile    ... success: reloaded. 
242580     INFO  main            d.u.i.k.p.r.p.TestFile    Now processing file /home/runner/work/key/key/key.core/../key.ui/examples/standard_key/inEqSimp/nonLinInEqExample3.key 
242580     INFO  main            d.u.i.k.p.i.AbstractProblemLoader Loading environment from /home/runner/work/key/key/key.core/../key.ui/examples/standard_key/inEqSimp/nonLinInEqExample3.key 
242580     DEBUG main            d.u.i.k.p.i.AbstractProblemLoader Environment load took 70.6ns 
242581     INFO  main            d.u.i.k.p.i.AbstractProblemLoader Creating init config 
244947     DEBUG main            d.u.i.k.p.i.AbstractProblemLoader Init config took 2.37s 
244960     INFO  main            d.u.i.k.p.i.AbstractProblemLoader Replaying proof nonLinInEqExample3.key 
244961     DEBUG main            d.u.i.k.p.i.IntermediateProofReplayer Proof replay took 3.5ns 
245167     INFO  main            d.u.i.k.p.r.p.TestFile    ... finished proof: closed. 
245475     INFO  main            d.u.i.k.p.i.AbstractProblemLoader Loading environment from /home/runner/work/key/key/key.core/../key.ui/examples/standard_key/inEqSimp/nonLinInEqExample3.key.proof 
245475     DEBUG main            d.u.i.k.p.i.AbstractProblemLoader Environment load took 84.5ns 
245476     INFO  main            d.u.i.k.p.i.AbstractProblemLoader Creating init config 
247817     DEBUG main            d.u.i.k.p.i.AbstractProblemLoader Init config took 2.34s 
247830     INFO  main            d.u.i.k.p.i.AbstractProblemLoader Replaying proof nonLinInEqExample3.key.proof 
247843     DEBUG main            d.u.i.k.p.i.IntermediateProofReplayer Proof replay took 10.71ms 
247844     DEBUG main            d.u.i.k.p.r.p.TestFile    ... success: reloaded. 
247844     INFO  main            d.u.i.k.p.r.p.TestFile    Now processing file /home/runner/work/key/key/key.core/../key.ui/examples/standard_key/inEqSimp/nonLinInEqExample4.key 
247844     INFO  main            d.u.i.k.p.i.AbstractProblemLoader Loading environment from /home/runner/work/key/key/key.core/../key.ui/examples/standard_key/inEqSimp/nonLinInEqExample4.key 
247845     DEBUG main            d.u.i.k.p.i.AbstractProblemLoader Environment load took 45.8ns 
247846     INFO  main            d.u.i.k.p.i.AbstractProblemLoader Creating init config 
250222     DEBUG main            d.u.i.k.p.i.AbstractProblemLoader Init config took 2.38s 
250235     INFO  main            d.u.i.k.p.i.AbstractProblemLoader Replaying proof nonLinInEqExample4.key 
250236     DEBUG main            d.u.i.k.p.i.IntermediateProofReplayer Proof replay took 2.7ns 
250339     INFO  main            d.u.i.k.p.r.p.TestFile    ... finished proof: closed. 
250646     INFO  main            d.u.i.k.p.i.AbstractProblemLoader Loading environment from /home/runner/work/key/key/key.core/../key.ui/examples/standard_key/inEqSimp/nonLinInEqExample4.key.proof 
250646     DEBUG main            d.u.i.k.p.i.AbstractProblemLoader Environment load took 82.2ns 
250647     INFO  main            d.u.i.k.p.i.AbstractProblemLoader Creating init config 
252977     DEBUG main            d.u.i.k.p.i.AbstractProblemLoader Init config took 2.33s 
252994     INFO  main            d.u.i.k.p.i.AbstractProblemLoader Replaying proof nonLinInEqExample4.key.proof 
252998     DEBUG main            d.u.i.k.p.i.IntermediateProofReplayer Proof replay took 2.61ms 
252999     DEBUG main            d.u.i.k.p.r.p.TestFile    ... success: reloaded. 
253000     INFO  main            d.u.i.k.p.r.p.TestFile    Now processing file /home/runner/work/key/key/key.core/../key.ui/examples/standard_key/inEqSimp/quadraticInEq.key 
253000     INFO  main            d.u.i.k.p.i.AbstractProblemLoader Loading environment from /home/runner/work/key/key/key.core/../key.ui/examples/standard_key/inEqSimp/quadraticInEq.key 
253000     DEBUG main            d.u.i.k.p.i.AbstractProblemLoader Environment load took 64.8ns 
253001     INFO  main            d.u.i.k.p.i.AbstractProblemLoader Creating init config 
255386     DEBUG main            d.u.i.k.p.i.AbstractProblemLoader Init config took 2.38s 
255399     INFO  main            d.u.i.k.p.i.AbstractProblemLoader Replaying proof quadraticInEq.key 
255401     DEBUG main            d.u.i.k.p.i.IntermediateProofReplayer Proof replay took 3.1ns 
255705     INFO  main            d.u.i.k.p.r.p.TestFile    ... finished proof: closed. 
256030     INFO  main            d.u.i.k.p.i.AbstractProblemLoader Loading environment from /home/runner/work/key/key/key.core/../key.ui/examples/standard_key/inEqSimp/quadraticInEq.key.proof 
256031     DEBUG main            d.u.i.k.p.i.AbstractProblemLoader Environment load took 410.11ns 
256032     INFO  main            d.u.i.k.p.i.AbstractProblemLoader Creating init config 
258369     DEBUG main            d.u.i.k.p.i.AbstractProblemLoader Init config took 2.34s 
258383     INFO  main            d.u.i.k.p.i.AbstractProblemLoader Replaying proof quadraticInEq.key.proof 
258413     DEBUG main            d.u.i.k.p.i.IntermediateProofReplayer Proof replay took 25.79ms 
258414     DEBUG main            d.u.i.k.p.r.p.TestFile    ... success: reloaded. 
258415     INFO  main            d.u.i.k.p.r.p.TestFile    Now processing file /home/runner/work/key/key/key.core/../key.ui/examples/standard_key/inEqSimp/quadraticInEq10.key 
258415     INFO  main            d.u.i.k.p.i.AbstractProblemLoader Loading environment from /home/runner/work/key/key/key.core/../key.ui/examples/standard_key/inEqSimp/quadraticInEq10.key 
258416     DEBUG main            d.u.i.k.p.i.AbstractProblemLoader Environment load took 220.1ns 
258417     INFO  main            d.u.i.k.p.i.AbstractProblemLoader Creating init config 
260786     DEBUG main            d.u.i.k.p.i.AbstractProblemLoader Init config took 2.37s 
260799     INFO  main            d.u.i.k.p.i.AbstractProblemLoader Replaying proof quadraticInEq10.key 
260800     DEBUG main            d.u.i.k.p.i.IntermediateProofReplayer Proof replay took 3.5ns 
261003     INFO  main            d.u.i.k.p.r.p.TestFile    ... finished proof: closed. 
261310     INFO  main            d.u.i.k.p.i.AbstractProblemLoader Loading environment from /home/runner/work/key/key/key.core/../key.ui/examples/standard_key/inEqSimp/quadraticInEq10.key.proof 
261310     DEBUG main            d.u.i.k.p.i.AbstractProblemLoader Environment load took 104.2ns 
261311     INFO  main            d.u.i.k.p.i.AbstractProblemLoader Creating init config 
263639     DEBUG main            d.u.i.k.p.i.AbstractProblemLoader Init config took 2.33s 
263652     INFO  main            d.u.i.k.p.i.AbstractProblemLoader Replaying proof quadraticInEq10.key.proof 
263666     DEBUG main            d.u.i.k.p.i.IntermediateProofReplayer Proof replay took 7.5ms 
263668     DEBUG main            d.u.i.k.p.r.p.TestFile    ... success: reloaded. 
263668     INFO  main            d.u.i.k.p.r.p.TestFile    Now processing file /home/runner/work/key/key/key.core/../key.ui/examples/standard_key/inEqSimp/quadraticInEq13.key 
263669     INFO  main            d.u.i.k.p.i.AbstractProblemLoader Loading environment from /home/runner/work/key/key/key.core/../key.ui/examples/standard_key/inEqSimp/quadraticInEq13.key 
263669     DEBUG main            d.u.i.k.p.i.AbstractProblemLoader Environment load took 216.6ns 
263670     INFO  main            d.u.i.k.p.i.AbstractProblemLoader Creating init config 
266055     DEBUG main            d.u.i.k.p.i.AbstractProblemLoader Init config took 2.38s 
266068     INFO  main            d.u.i.k.p.i.AbstractProblemLoader Replaying proof quadraticInEq13.key 
266069     DEBUG main            d.u.i.k.p.i.IntermediateProofReplayer Proof replay took 3.3ns 
266272     INFO  main            d.u.i.k.p.r.p.TestFile    ... finished proof: closed. 
266586     INFO  main            d.u.i.k.p.i.AbstractProblemLoader Loading environment from /home/runner/work/key/key/key.core/../key.ui/examples/standard_key/inEqSimp/quadraticInEq13.key.proof 
266586     DEBUG main            d.u.i.k.p.i.AbstractProblemLoader Environment load took 95.9ns 
266589     INFO  main            d.u.i.k.p.i.AbstractProblemLoader Creating init config 
268923     DEBUG main            d.u.i.k.p.i.AbstractProblemLoader Init config took 2.33s 
268936     INFO  main            d.u.i.k.p.i.AbstractProblemLoader Replaying proof quadraticInEq13.key.proof 
268947     DEBUG main            d.u.i.k.p.i.IntermediateProofReplayer Proof replay took 8.59ms 
268947     DEBUG main            d.u.i.k.p.r.p.TestFile    ... success: reloaded. 
268948     INFO  main            d.u.i.k.p.r.p.TestFile    Now processing file /home/runner/work/key/key/key.core/../key.ui/examples/standard_key/inEqSimp/quadraticInEq14.key 
268948     INFO  main            d.u.i.k.p.i.AbstractProblemLoader Loading environment from /home/runner/work/key/key/key.core/../key.ui/examples/standard_key/inEqSimp/quadraticInEq14.key 
268949     DEBUG main            d.u.i.k.p.i.AbstractProblemLoader Environment load took 89.7ns 
268949     INFO  main            d.u.i.k.p.i.AbstractProblemLoader Creating init config 
271338     DEBUG main            d.u.i.k.p.i.AbstractProblemLoader Init config took 2.39s 
271351     INFO  main            d.u.i.k.p.i.AbstractProblemLoader Replaying proof quadraticInEq14.key 
271352     DEBUG main            d.u.i.k.p.i.IntermediateProofReplayer Proof replay took 3.2ns 
271655     INFO  main            d.u.i.k.p.r.p.TestFile    ... finished proof: closed. 
271994     INFO  main            d.u.i.k.p.i.AbstractProblemLoader Loading environment from /home/runner/work/key/key/key.core/../key.ui/examples/standard_key/inEqSimp/quadraticInEq14.key.proof 
271994     DEBUG main            d.u.i.k.p.i.AbstractProblemLoader Environment load took 87.7ns 
271995     INFO  main            d.u.i.k.p.i.AbstractProblemLoader Creating init config 
274320     DEBUG main            d.u.i.k.p.i.AbstractProblemLoader Init config took 2.32s 
274333     INFO  main            d.u.i.k.p.i.AbstractProblemLoader Replaying proof quadraticInEq14.key.proof 
274346     DEBUG main            d.u.i.k.p.i.IntermediateProofReplayer Proof replay took 10.79ms 
274347     DEBUG main            d.u.i.k.p.r.p.TestFile    ... success: reloaded. 
274347     INFO  main            d.u.i.k.p.r.p.TestFile    Now processing file /home/runner/work/key/key/key.core/../key.ui/examples/standard_key/inEqSimp/quadraticInEq2.key 
274348     INFO  main            d.u.i.k.p.i.AbstractProblemLoader Loading environment from /home/runner/work/key/key/key.core/../key.ui/examples/standard_key/inEqSimp/quadraticInEq2.key 
274348     DEBUG main            d.u.i.k.p.i.AbstractProblemLoader Environment load took 64.4ns 
274348     INFO  main            d.u.i.k.p.i.AbstractProblemLoader Creating init config 
276723     DEBUG main            d.u.i.k.p.i.AbstractProblemLoader Init config took 2.37s 
276736     INFO  main            d.u.i.k.p.i.AbstractProblemLoader Replaying proof quadraticInEq2.key 
276739     DEBUG main            d.u.i.k.p.i.IntermediateProofReplayer Proof replay took 3.3ns 
276842     INFO  main            d.u.i.k.p.r.p.TestFile    ... finished proof: closed. 
277171     INFO  main            d.u.i.k.p.i.AbstractProblemLoader Loading environment from /home/runner/work/key/key/key.core/../key.ui/examples/standard_key/inEqSimp/quadraticInEq2.key.proof 
277171     DEBUG main            d.u.i.k.p.i.AbstractProblemLoader Environment load took 86.2ns 
277172     INFO  main            d.u.i.k.p.i.AbstractProblemLoader Creating init config 
279504     DEBUG main            d.u.i.k.p.i.AbstractProblemLoader Init config took 2.33s 
279517     INFO  main            d.u.i.k.p.i.AbstractProblemLoader Replaying proof quadraticInEq2.key.proof 
279520     DEBUG main            d.u.i.k.p.i.IntermediateProofReplayer Proof replay took 1.64ms 
279521     DEBUG main            d.u.i.k.p.r.p.TestFile    ... success: reloaded. 
279521     INFO  main            d.u.i.k.p.r.p.TestFile    Now processing file /home/runner/work/key/key/key.core/../key.ui/examples/standard_key/inEqSimp/quadraticInEq3.key 
279521     INFO  main            d.u.i.k.p.i.AbstractProblemLoader Loading environment from /home/runner/work/key/key/key.core/../key.ui/examples/standard_key/inEqSimp/quadraticInEq3.key 
279522     DEBUG main            d.u.i.k.p.i.AbstractProblemLoader Environment load took 91.6ns 
279522     INFO  main            d.u.i.k.p.i.AbstractProblemLoader Creating init config 
281903     DEBUG main            d.u.i.k.p.i.AbstractProblemLoader Init config took 2.38s 
281918     INFO  main            d.u.i.k.p.i.AbstractProblemLoader Replaying proof quadraticInEq3.key 
281920     DEBUG main            d.u.i.k.p.i.IntermediateProofReplayer Proof replay took 3ns 
282022     INFO  main            d.u.i.k.p.r.p.TestFile    ... finished proof: closed. 
282343     INFO  main            d.u.i.k.p.i.AbstractProblemLoader Loading environment from /home/runner/work/key/key/key.core/../key.ui/examples/standard_key/inEqSimp/quadraticInEq3.key.proof 
282343     DEBUG main            d.u.i.k.p.i.AbstractProblemLoader Environment load took 83.4ns 
282344     INFO  main            d.u.i.k.p.i.AbstractProblemLoader Creating init config 
284674     DEBUG main            d.u.i.k.p.i.AbstractProblemLoader Init config took 2.33s 
284687     INFO  main            d.u.i.k.p.i.AbstractProblemLoader Replaying proof quadraticInEq3.key.proof 
284693     DEBUG main            d.u.i.k.p.i.IntermediateProofReplayer Proof replay took 4.25ms 
284693     DEBUG main            d.u.i.k.p.r.p.TestFile    ... success: reloaded. 
284694     INFO  main            d.u.i.k.p.r.p.TestFile    Now processing file /home/runner/work/key/key/key.core/../key.ui/examples/standard_key/inEqSimp/quadraticInEq4.key 
284694     INFO  main            d.u.i.k.p.i.AbstractProblemLoader Loading environment from /home/runner/work/key/key/key.core/../key.ui/examples/standard_key/inEqSimp/quadraticInEq4.key 
284694     DEBUG main            d.u.i.k.p.i.AbstractProblemLoader Environment load took 87.6ns 
284695     INFO  main            d.u.i.k.p.i.AbstractProblemLoader Creating init config 
287073     DEBUG main            d.u.i.k.p.i.AbstractProblemLoader Init config took 2.38s 
287086     INFO  main            d.u.i.k.p.i.AbstractProblemLoader Replaying proof quadraticInEq4.key 
287087     DEBUG main            d.u.i.k.p.i.IntermediateProofReplayer Proof replay took 2.8ns 
287189     INFO  main            d.u.i.k.p.r.p.TestFile    ... finished proof: closed. 
287527     INFO  main            d.u.i.k.p.i.AbstractProblemLoader Loading environment from /home/runner/work/key/key/key.core/../key.ui/examples/standard_key/inEqSimp/quadraticInEq4.key.proof 
287527     DEBUG main            d.u.i.k.p.i.AbstractProblemLoader Environment load took 98.1ns 
287528     INFO  main            d.u.i.k.p.i.AbstractProblemLoader Creating init config 
289858     DEBUG main            d.u.i.k.p.i.AbstractProblemLoader Init config took 2.33s 
289871     INFO  main            d.u.i.k.p.i.AbstractProblemLoader Replaying proof quadraticInEq4.key.proof 
289875     DEBUG main            d.u.i.k.p.i.IntermediateProofReplayer Proof replay took 2.39ms 
289876     DEBUG main            d.u.i.k.p.r.p.TestFile    ... success: reloaded. 
289877     INFO  main            d.u.i.k.p.r.p.TestFile    Now processing file /home/runner/work/key/key/key.core/../key.ui/examples/standard_key/inEqSimp/quadraticInEq5.key 
289877     INFO  main            d.u.i.k.p.i.AbstractProblemLoader Loading environment from /home/runner/work/key/key/key.core/../key.ui/examples/standard_key/inEqSimp/quadraticInEq5.key 
289877     DEBUG main            d.u.i.k.p.i.AbstractProblemLoader Environment load took 118.3ns 
289878     INFO  main            d.u.i.k.p.i.AbstractProblemLoader Creating init config 
292254     DEBUG main            d.u.i.k.p.i.AbstractProblemLoader Init config took 2.38s 
292266     INFO  main            d.u.i.k.p.i.AbstractProblemLoader Replaying proof quadraticInEq5.key 
292268     DEBUG main            d.u.i.k.p.i.IntermediateProofReplayer Proof replay took 3.3ns 
292373     INFO  main            d.u.i.k.p.r.p.TestFile    ... finished proof: closed. 
292716     INFO  main            d.u.i.k.p.i.AbstractProblemLoader Loading environment from /home/runner/work/key/key/key.core/../key.ui/examples/standard_key/inEqSimp/quadraticInEq5.key.proof 
292716     DEBUG main            d.u.i.k.p.i.AbstractProblemLoader Environment load took 91.9ns 
292717     INFO  main            d.u.i.k.p.i.AbstractProblemLoader Creating init config 
295039     DEBUG main            d.u.i.k.p.i.AbstractProblemLoader Init config took 2.32s 
295052     INFO  main            d.u.i.k.p.i.AbstractProblemLoader Replaying proof quadraticInEq5.key.proof 
295056     DEBUG main            d.u.i.k.p.i.IntermediateProofReplayer Proof replay took 2.52ms 
295057     DEBUG main            d.u.i.k.p.r.p.TestFile    ... success: reloaded. 
295057     INFO  main            d.u.i.k.p.r.p.TestFile    Now processing file /home/runner/work/key/key/key.core/../key.ui/examples/standard_key/inEqSimp/quadraticInEq6.key 
295058     INFO  main            d.u.i.k.p.i.AbstractProblemLoader Loading environment from /home/runner/work/key/key/key.core/../key.ui/examples/standard_key/inEqSimp/quadraticInEq6.key 
295058     DEBUG main            d.u.i.k.p.i.AbstractProblemLoader Environment load took 103ns 
295058     INFO  main            d.u.i.k.p.i.AbstractProblemLoader Creating init config 
297428     DEBUG main            d.u.i.k.p.i.AbstractProblemLoader Init config took 2.37s 
297441     INFO  main            d.u.i.k.p.i.AbstractProblemLoader Replaying proof quadraticInEq6.key 
297443     DEBUG main            d.u.i.k.p.i.IntermediateProofReplayer Proof replay took 3ns 
297546     INFO  main            d.u.i.k.p.r.p.TestFile    ... finished proof: closed. 
297893     INFO  main            d.u.i.k.p.i.AbstractProblemLoader Loading environment from /home/runner/work/key/key/key.core/../key.ui/examples/standard_key/inEqSimp/quadraticInEq6.key.proof 
297893     DEBUG main            d.u.i.k.p.i.AbstractProblemLoader Environment load took 84.2ns 
297894     INFO  main            d.u.i.k.p.i.AbstractProblemLoader Creating init config 
300218     DEBUG main            d.u.i.k.p.i.AbstractProblemLoader Init config took 2.32s 
300231     INFO  main            d.u.i.k.p.i.AbstractProblemLoader Replaying proof quadraticInEq6.key.proof 
300236     DEBUG main            d.u.i.k.p.i.IntermediateProofReplayer Proof replay took 3.06ms 
300237     DEBUG main            d.u.i.k.p.r.p.TestFile    ... success: reloaded. 
300237     INFO  main            d.u.i.k.p.r.p.TestFile    Now processing file /home/runner/work/key/key/key.core/../key.ui/examples/standard_key/inEqSimp/quadraticInEq7.key 
300238     INFO  main            d.u.i.k.p.i.AbstractProblemLoader Loading environment from /home/runner/work/key/key/key.core/../key.ui/examples/standard_key/inEqSimp/quadraticInEq7.key 
300238     DEBUG main            d.u.i.k.p.i.AbstractProblemLoader Environment load took 45.3ns 
300238     INFO  main            d.u.i.k.p.i.AbstractProblemLoader Creating init config 
302631     DEBUG main            d.u.i.k.p.i.AbstractProblemLoader Init config took 2.39s 
302643     INFO  main            d.u.i.k.p.i.AbstractProblemLoader Replaying proof quadraticInEq7.key 
302645     DEBUG main            d.u.i.k.p.i.IntermediateProofReplayer Proof replay took 2.5ns 
302746     INFO  main            d.u.i.k.p.r.p.TestFile    ... finished proof: closed. 
303090     INFO  main            d.u.i.k.p.i.AbstractProblemLoader Loading environment from /home/runner/work/key/key/key.core/../key.ui/examples/standard_key/inEqSimp/quadraticInEq7.key.proof 
303090     DEBUG main            d.u.i.k.p.i.AbstractProblemLoader Environment load took 83.5ns 
303091     INFO  main            d.u.i.k.p.i.AbstractProblemLoader Creating init config 
305419     DEBUG main            d.u.i.k.p.i.AbstractProblemLoader Init config took 2.33s 
305431     INFO  main            d.u.i.k.p.i.AbstractProblemLoader Replaying proof quadraticInEq7.key.proof 
305434     DEBUG main            d.u.i.k.p.i.IntermediateProofReplayer Proof replay took 1.36ms 
305434     DEBUG main            d.u.i.k.p.r.p.TestFile    ... success: reloaded. 
305435     INFO  main            d.u.i.k.p.r.p.TestFile    Now processing file /home/runner/work/key/key/key.core/../key.ui/examples/standard_key/inEqSimp/quadraticInEq8.key 
305435     INFO  main            d.u.i.k.p.i.AbstractProblemLoader Loading environment from /home/runner/work/key/key/key.core/../key.ui/examples/standard_key/inEqSimp/quadraticInEq8.key 
305435     DEBUG main            d.u.i.k.p.i.AbstractProblemLoader Environment load took 60.9ns 
305436     INFO  main            d.u.i.k.p.i.AbstractProblemLoader Creating init config 
307834     DEBUG main            d.u.i.k.p.i.AbstractProblemLoader Init config took 2.4s 
307847     INFO  main            d.u.i.k.p.i.AbstractProblemLoader Replaying proof quadraticInEq8.key 
307849     DEBUG main            d.u.i.k.p.i.IntermediateProofReplayer Proof replay took 3.2ns 
307951     INFO  main            d.u.i.k.p.r.p.TestFile    ... finished proof: closed. 
308312     INFO  main            d.u.i.k.p.i.AbstractProblemLoader Loading environment from /home/runner/work/key/key/key.core/../key.ui/examples/standard_key/inEqSimp/quadraticInEq8.key.proof 
308312     DEBUG main            d.u.i.k.p.i.AbstractProblemLoader Environment load took 80.6ns 
308313     INFO  main            d.u.i.k.p.i.AbstractProblemLoader Creating init config 
310648     DEBUG main            d.u.i.k.p.i.AbstractProblemLoader Init config took 2.34s 
310661     INFO  main            d.u.i.k.p.i.AbstractProblemLoader Replaying proof quadraticInEq8.key.proof 
310667     DEBUG main            d.u.i.k.p.i.IntermediateProofReplayer Proof replay took 3.8ms 
310667     DEBUG main            d.u.i.k.p.r.p.TestFile    ... success: reloaded. 
310668     INFO  main            d.u.i.k.p.r.p.TestFile    Now processing file /home/runner/work/key/key/key.core/../key.ui/examples/standard_key/inEqSimp/simplify0.key 
310668     INFO  main            d.u.i.k.p.i.AbstractProblemLoader Loading environment from /home/runner/work/key/key/key.core/../key.ui/examples/standard_key/inEqSimp/simplify0.key 
310668     DEBUG main            d.u.i.k.p.i.AbstractProblemLoader Environment load took 92.1ns 
310669     INFO  main            d.u.i.k.p.i.AbstractProblemLoader Creating init config 
313077     DEBUG main            d.u.i.k.p.i.AbstractProblemLoader Init config took 2.41s 
313092     INFO  main            d.u.i.k.p.i.AbstractProblemLoader Replaying proof simplify0.key 
313094     DEBUG main            d.u.i.k.p.i.IntermediateProofReplayer Proof replay took 2.9ns 
313198     INFO  main            d.u.i.k.p.r.p.TestFile    ... finished proof: closed. 
313561     INFO  main            d.u.i.k.p.i.AbstractProblemLoader Loading environment from /home/runner/work/key/key/key.core/../key.ui/examples/standard_key/inEqSimp/simplify0.key.proof 
313561     DEBUG main            d.u.i.k.p.i.AbstractProblemLoader Environment load took 94ns 
313562     INFO  main            d.u.i.k.p.i.AbstractProblemLoader Creating init config 
315874     DEBUG main            d.u.i.k.p.i.AbstractProblemLoader Init config took 2.31s 
315887     INFO  main            d.u.i.k.p.i.AbstractProblemLoader Replaying proof simplify0.key.proof 
315889     DEBUG main            d.u.i.k.p.i.IntermediateProofReplayer Proof replay took 706.11ns 
315890     DEBUG main            d.u.i.k.p.r.p.TestFile    ... success: reloaded. 
315890     INFO  main            d.u.i.k.p.r.p.TestFile    Now processing file /home/runner/work/key/key/key.core/../key.ui/examples/standard_key/inEqSimp/simplify1.key 
315890     INFO  main            d.u.i.k.p.i.AbstractProblemLoader Loading environment from /home/runner/work/key/key/key.core/../key.ui/examples/standard_key/inEqSimp/simplify1.key 
315890     DEBUG main            d.u.i.k.p.i.AbstractProblemLoader Environment load took 41.7ns 
315891     INFO  main            d.u.i.k.p.i.AbstractProblemLoader Creating init config 
318224     DEBUG main            d.u.i.k.p.i.AbstractProblemLoader Init config took 2.33s 
318237     INFO  main            d.u.i.k.p.i.AbstractProblemLoader Replaying proof simplify1.key 
318238     DEBUG main            d.u.i.k.p.i.IntermediateProofReplayer Proof replay took 2.9ns 
318339     INFO  main            d.u.i.k.p.r.p.TestFile    ... finished proof: closed. 
318707     INFO  main            d.u.i.k.p.i.AbstractProblemLoader Loading environment from /home/runner/work/key/key/key.core/../key.ui/examples/standard_key/inEqSimp/simplify1.key.proof 
318707     DEBUG main            d.u.i.k.p.i.AbstractProblemLoader Environment load took 80.2ns 
318708     INFO  main            d.u.i.k.p.i.AbstractProblemLoader Creating init config 
321014     DEBUG main            d.u.i.k.p.i.AbstractProblemLoader Init config took 2.31s 
321027     INFO  main            d.u.i.k.p.i.AbstractProblemLoader Replaying proof simplify1.key.proof 
321029     DEBUG main            d.u.i.k.p.i.IntermediateProofReplayer Proof replay took 790.62ns 
321030     DEBUG main            d.u.i.k.p.r.p.TestFile    ... success: reloaded. 
321030     INFO  main            d.u.i.k.p.r.p.TestFile    Now processing file /home/runner/work/key/key/key.core/../key.ui/examples/standard_key/inEqSimp/simplify2.key 
321030     INFO  main            d.u.i.k.p.i.AbstractProblemLoader Loading environment from /home/runner/work/key/key/key.core/../key.ui/examples/standard_key/inEqSimp/simplify2.key 
321030     DEBUG main            d.u.i.k.p.i.AbstractProblemLoader Environment load took 89.3ns 
321031     INFO  main            d.u.i.k.p.i.AbstractProblemLoader Creating init config 
323362     DEBUG main            d.u.i.k.p.i.AbstractProblemLoader Init config took 2.33s 
323374     INFO  main            d.u.i.k.p.i.AbstractProblemLoader Replaying proof simplify2.key 
323375     DEBUG main            d.u.i.k.p.i.IntermediateProofReplayer Proof replay took 3.3ns 
323477     INFO  main            d.u.i.k.p.r.p.TestFile    ... finished proof: closed. 
323847     INFO  main            d.u.i.k.p.i.AbstractProblemLoader Loading environment from /home/runner/work/key/key/key.core/../key.ui/examples/standard_key/inEqSimp/simplify2.key.proof 
323847     DEBUG main            d.u.i.k.p.i.AbstractProblemLoader Environment load took 81.7ns 
323848     INFO  main            d.u.i.k.p.i.AbstractProblemLoader Creating init config 
326158     DEBUG main            d.u.i.k.p.i.AbstractProblemLoader Init config took 2.31s 
326170     INFO  main            d.u.i.k.p.i.AbstractProblemLoader Replaying proof simplify2.key.proof 
326178     DEBUG main            d.u.i.k.p.i.IntermediateProofReplayer Proof replay took 5.85ms 
326179     DEBUG main            d.u.i.k.p.r.p.TestFile    ... success: reloaded. 
326179     INFO  main            d.u.i.k.p.r.p.TestFile    Now processing file /home/runner/work/key/key/key.core/../key.ui/examples/standard_key/inEqSimp/simplify3.key 
326179     INFO  main            d.u.i.k.p.i.AbstractProblemLoader Loading environment from /home/runner/work/key/key/key.core/../key.ui/examples/standard_key/inEqSimp/simplify3.key 
326179     DEBUG main            d.u.i.k.p.i.AbstractProblemLoader Environment load took 45.8ns 
326180     INFO  main            d.u.i.k.p.i.AbstractProblemLoader Creating init config 
328513     DEBUG main            d.u.i.k.p.i.AbstractProblemLoader Init config took 2.33s 
328526     INFO  main            d.u.i.k.p.i.AbstractProblemLoader Replaying proof simplify3.key 
328527     DEBUG main            d.u.i.k.p.i.IntermediateProofReplayer Proof replay took 3.1ns 
328629     INFO  main            d.u.i.k.p.r.p.TestFile    ... finished proof: closed. 
329014     INFO  main            d.u.i.k.p.i.AbstractProblemLoader Loading environment from /home/runner/work/key/key/key.core/../key.ui/examples/standard_key/inEqSimp/simplify3.key.proof 
329014     DEBUG main            d.u.i.k.p.i.AbstractProblemLoader Environment load took 81.6ns 
329015     INFO  main            d.u.i.k.p.i.AbstractProblemLoader Creating init config 
331326     DEBUG main            d.u.i.k.p.i.AbstractProblemLoader Init config took 2.31s 
331338     INFO  main            d.u.i.k.p.i.AbstractProblemLoader Replaying proof simplify3.key.proof 
331341     DEBUG main            d.u.i.k.p.i.IntermediateProofReplayer Proof replay took 1.36ms 
331342     DEBUG main            d.u.i.k.p.r.p.TestFile    ... success: reloaded. 
331342     INFO  main            d.u.i.k.p.r.p.TestFile    Now processing file /home/runner/work/key/key/key.core/../key.ui/examples/standard_key/inEqSimp/simplify4.key 
331342     INFO  main            d.u.i.k.p.i.AbstractProblemLoader Loading environment from /home/runner/work/key/key/key.core/../key.ui/examples/standard_key/inEqSimp/simplify4.key 
331342     DEBUG main            d.u.i.k.p.i.AbstractProblemLoader Environment load took 73ns 
331343     INFO  main            d.u.i.k.p.i.AbstractProblemLoader Creating init config 
333679     DEBUG main            d.u.i.k.p.i.AbstractProblemLoader Init config took 2.34s 
333692     INFO  main            d.u.i.k.p.i.AbstractProblemLoader Replaying proof simplify4.key 
333693     DEBUG main            d.u.i.k.p.i.IntermediateProofReplayer Proof replay took 3.2ns 
333795     INFO  main            d.u.i.k.p.r.p.TestFile    ... finished proof: closed. 
334184     INFO  main            d.u.i.k.p.i.AbstractProblemLoader Loading environment from /home/runner/work/key/key/key.core/../key.ui/examples/standard_key/inEqSimp/simplify4.key.proof 
334184     DEBUG main            d.u.i.k.p.i.AbstractProblemLoader Environment load took 80.8ns 
334185     INFO  main            d.u.i.k.p.i.AbstractProblemLoader Creating init config 
336491     DEBUG main            d.u.i.k.p.i.AbstractProblemLoader Init config took 2.31s 
336504     INFO  main            d.u.i.k.p.i.AbstractProblemLoader Replaying proof simplify4.key.proof 
336511     DEBUG main            d.u.i.k.p.i.IntermediateProofReplayer Proof replay took 4.71ms 
336512     DEBUG main            d.u.i.k.p.r.p.TestFile    ... success: reloaded. 
336512     INFO  main            d.u.i.k.p.r.p.TestFile    Now processing file /home/runner/work/key/key/key.core/../key.ui/examples/standard_key/inEqSimp/simplify5.key 
336512     INFO  main            d.u.i.k.p.i.AbstractProblemLoader Loading environment from /home/runner/work/key/key/key.core/../key.ui/examples/standard_key/inEqSimp/simplify5.key 
336512     DEBUG main            d.u.i.k.p.i.AbstractProblemLoader Environment load took 75.6ns 
336513     INFO  main            d.u.i.k.p.i.AbstractProblemLoader Creating init config 
338853     DEBUG main            d.u.i.k.p.i.AbstractProblemLoader Init config took 2.34s 
338866     INFO  main            d.u.i.k.p.i.AbstractProblemLoader Replaying proof simplify5.key 
338868     DEBUG main            d.u.i.k.p.i.IntermediateProofReplayer Proof replay took 3.5ns 
339372     INFO  main            d.u.i.k.p.r.p.TestFile    ... finished proof: closed. 
339766     INFO  main            d.u.i.k.p.i.AbstractProblemLoader Loading environment from /home/runner/work/key/key/key.core/../key.ui/examples/standard_key/inEqSimp/simplify5.key.proof 
339766     DEBUG main            d.u.i.k.p.i.AbstractProblemLoader Environment load took 85.6ns 
339767     INFO  main            d.u.i.k.p.i.AbstractProblemLoader Creating init config 
342080     DEBUG main            d.u.i.k.p.i.AbstractProblemLoader Init config took 2.31s 
342093     INFO  main            d.u.i.k.p.i.AbstractProblemLoader Replaying proof simplify5.key.proof 
342128     DEBUG main            d.u.i.k.p.i.IntermediateProofReplayer Proof replay took 30.72ms 
342129     DEBUG main            d.u.i.k.p.r.p.TestFile    ... success: reloaded. 
342130     INFO  main            d.u.i.k.p.r.p.TestFile    Now processing file /home/runner/work/key/key/key.core/../key.ui/examples/standard_key/inEqSimp/subsumptionExample.key 
342130     INFO  main            d.u.i.k.p.i.AbstractProblemLoader Loading environment from /home/runner/work/key/key/key.core/../key.ui/examples/standard_key/inEqSimp/subsumptionExample.key 
342130     DEBUG main            d.u.i.k.p.i.AbstractProblemLoader Environment load took 62.9ns 
342131     INFO  main            d.u.i.k.p.i.AbstractProblemLoader Creating init config 
344468     DEBUG main            d.u.i.k.p.i.AbstractProblemLoader Init config took 2.34s 
344481     INFO  main            d.u.i.k.p.i.AbstractProblemLoader Replaying proof subsumptionExample.key 
344482     DEBUG main            d.u.i.k.p.i.IntermediateProofReplayer Proof replay took 3.3ns 
344583     INFO  main            d.u.i.k.p.r.p.TestFile    ... finished proof: closed. 
344991     INFO  main            d.u.i.k.p.i.AbstractProblemLoader Loading environment from /home/runner/work/key/key/key.core/../key.ui/examples/standard_key/inEqSimp/subsumptionExample.key.proof 
344991     DEBUG main            d.u.i.k.p.i.AbstractProblemLoader Environment load took 89.3ns 
344992     INFO  main            d.u.i.k.p.i.AbstractProblemLoader Creating init config 
347289     DEBUG main            d.u.i.k.p.i.AbstractProblemLoader Init config took 2.3s 
347302     INFO  main            d.u.i.k.p.i.AbstractProblemLoader Replaying proof subsumptionExample.key.proof 
347304     DEBUG main            d.u.i.k.p.i.IntermediateProofReplayer Proof replay took 546.01ns 
347304     DEBUG main            d.u.i.k.p.r.p.TestFile    ... success: reloaded. 
347305     INFO  main            d.u.i.k.p.r.p.TestFile    Now processing file /home/runner/work/key/key/key.core/../key.ui/examples/standard_key/polySimp/simplify0.key 
347305     INFO  main            d.u.i.k.p.i.AbstractProblemLoader Loading environment from /home/runner/work/key/key/key.core/../key.ui/examples/standard_key/polySimp/simplify0.key 
347305     DEBUG main            d.u.i.k.p.i.AbstractProblemLoader Environment load took 59.9ns 
347306     INFO  main            d.u.i.k.p.i.AbstractProblemLoader Creating init config 
349637     DEBUG main            d.u.i.k.p.i.AbstractProblemLoader Init config took 2.33s 
349650     INFO  main            d.u.i.k.p.i.AbstractProblemLoader Replaying proof simplify0.key 
349651     DEBUG main            d.u.i.k.p.i.IntermediateProofReplayer Proof replay took 2.9ns 
349853     INFO  main            d.u.i.k.p.r.p.TestFile    ... finished proof: closed. 
350252     INFO  main            d.u.i.k.p.i.AbstractProblemLoader Loading environment from /home/runner/work/key/key/key.core/../key.ui/examples/standard_key/polySimp/simplify0.key.proof 
350252     DEBUG main            d.u.i.k.p.i.AbstractProblemLoader Environment load took 85.4ns 
350253     INFO  main            d.u.i.k.p.i.AbstractProblemLoader Creating init config 
352564     DEBUG main            d.u.i.k.p.i.AbstractProblemLoader Init config took 2.31s 
352578     INFO  main            d.u.i.k.p.i.AbstractProblemLoader Replaying proof simplify0.key.proof 
352587     DEBUG main            d.u.i.k.p.i.IntermediateProofReplayer Proof replay took 4.76ms 
352588     DEBUG main            d.u.i.k.p.r.p.TestFile    ... success: reloaded. 
352589     INFO  main            d.u.i.k.p.r.p.TestFile    Now processing file /home/runner/work/key/key/key.core/../key.ui/examples/standard_key/polySimp/simplify1.key 
352589     INFO  main            d.u.i.k.p.i.AbstractProblemLoader Loading environment from /home/runner/work/key/key/key.core/../key.ui/examples/standard_key/polySimp/simplify1.key 
352589     DEBUG main            d.u.i.k.p.i.AbstractProblemLoader Environment load took 85.3ns 
352590     INFO  main            d.u.i.k.p.i.AbstractProblemLoader Creating init config 
354928     DEBUG main            d.u.i.k.p.i.AbstractProblemLoader Init config took 2.34s 
354957     INFO  main            d.u.i.k.p.i.AbstractProblemLoader Replaying proof simplify1.key 
354958     DEBUG main            d.u.i.k.p.i.IntermediateProofReplayer Proof replay took 3.5ns 
355264     INFO  main            d.u.i.k.p.r.p.TestFile    ... finished proof: closed. 
355685     INFO  main            d.u.i.k.p.i.AbstractProblemLoader Loading environment from /home/runner/work/key/key/key.core/../key.ui/examples/standard_key/polySimp/simplify1.key.proof 
355685     DEBUG main            d.u.i.k.p.i.AbstractProblemLoader Environment load took 89.5ns 
355687     INFO  main            d.u.i.k.p.i.AbstractProblemLoader Creating init config 
357992     DEBUG main            d.u.i.k.p.i.AbstractProblemLoader Init config took 2.31s 
358006     INFO  main            d.u.i.k.p.i.AbstractProblemLoader Replaying proof simplify1.key.proof 
358014     DEBUG main            d.u.i.k.p.i.IntermediateProofReplayer Proof replay took 5.97ms 
358015     DEBUG main            d.u.i.k.p.r.p.TestFile    ... success: reloaded. 
358016     INFO  main            d.u.i.k.p.r.p.TestFile    Now processing file /home/runner/work/key/key/key.core/../key.ui/examples/standard_key/polySimp/simplify10.key 
358016     INFO  main            d.u.i.k.p.i.AbstractProblemLoader Loading environment from /home/runner/work/key/key/key.core/../key.ui/examples/standard_key/polySimp/simplify10.key 
358016     DEBUG main            d.u.i.k.p.i.AbstractProblemLoader Environment load took 74.5ns 
358017     INFO  main            d.u.i.k.p.i.AbstractProblemLoader Creating init config 
360369     DEBUG main            d.u.i.k.p.i.AbstractProblemLoader Init config took 2.35s 
360382     INFO  main            d.u.i.k.p.i.AbstractProblemLoader Replaying proof simplify10.key 
360383     DEBUG main            d.u.i.k.p.i.IntermediateProofReplayer Proof replay took 3.2ns 
360591     INFO  main            d.u.i.k.p.r.p.TestFile    ... finished proof: closed. 
361035     INFO  main            d.u.i.k.p.i.AbstractProblemLoader Loading environment from /home/runner/work/key/key/key.core/../key.ui/examples/standard_key/polySimp/simplify10.key.proof 
361035     DEBUG main            d.u.i.k.p.i.AbstractProblemLoader Environment load took 82.7ns 
361036     INFO  main            d.u.i.k.p.i.AbstractProblemLoader Creating init config 
363346     DEBUG main            d.u.i.k.p.i.AbstractProblemLoader Init config took 2.31s 
363361     INFO  main            d.u.i.k.p.i.AbstractProblemLoader Replaying proof simplify10.key.proof 
363371     DEBUG main            d.u.i.k.p.i.IntermediateProofReplayer Proof replay took 7.86ms 
363372     DEBUG main            d.u.i.k.p.r.p.TestFile    ... success: reloaded. 
363373     INFO  main            d.u.i.k.p.r.p.TestFile    Now processing file /home/runner/work/key/key/key.core/../key.ui/examples/standard_key/polySimp/simplify11.key 
363373     INFO  main            d.u.i.k.p.i.AbstractProblemLoader Loading environment from /home/runner/work/key/key/key.core/../key.ui/examples/standard_key/polySimp/simplify11.key 
363373     DEBUG main            d.u.i.k.p.i.AbstractProblemLoader Environment load took 48ns 
363374     INFO  main            d.u.i.k.p.i.AbstractProblemLoader Creating init config 
365722     DEBUG main            d.u.i.k.p.i.AbstractProblemLoader Init config took 2.35s 
365735     INFO  main            d.u.i.k.p.i.AbstractProblemLoader Replaying proof simplify11.key 
365736     DEBUG main            d.u.i.k.p.i.IntermediateProofReplayer Proof replay took 3.1ns 
365938     INFO  main            d.u.i.k.p.r.p.TestFile    ... finished proof: closed. 
366375     INFO  main            d.u.i.k.p.i.AbstractProblemLoader Loading environment from /home/runner/work/key/key/key.core/../key.ui/examples/standard_key/polySimp/simplify11.key.proof 
366375     DEBUG main            d.u.i.k.p.i.AbstractProblemLoader Environment load took 83.5ns 
366377     INFO  main            d.u.i.k.p.i.AbstractProblemLoader Creating init config 
368687     DEBUG main            d.u.i.k.p.i.AbstractProblemLoader Init config took 2.31s 
368701     INFO  main            d.u.i.k.p.i.AbstractProblemLoader Replaying proof simplify11.key.proof 
368710     DEBUG main            d.u.i.k.p.i.IntermediateProofReplayer Proof replay took 6.74ms 
368711     DEBUG main            d.u.i.k.p.r.p.TestFile    ... success: reloaded. 
368711     INFO  main            d.u.i.k.p.r.p.TestFile    Now processing file /home/runner/work/key/key/key.core/../key.ui/examples/standard_key/polySimp/simplify12.key 
368711     INFO  main            d.u.i.k.p.i.AbstractProblemLoader Loading environment from /home/runner/work/key/key/key.core/../key.ui/examples/standard_key/polySimp/simplify12.key 
368711     DEBUG main            d.u.i.k.p.i.AbstractProblemLoader Environment load took 43.4ns 
368712     INFO  main            d.u.i.k.p.i.AbstractProblemLoader Creating init config 
371061     DEBUG main            d.u.i.k.p.i.AbstractProblemLoader Init config took 2.35s 
371073     INFO  main            d.u.i.k.p.i.AbstractProblemLoader Replaying proof simplify12.key 
371074     DEBUG main            d.u.i.k.p.i.IntermediateProofReplayer Proof replay took 3.4ns 
371176     INFO  main            d.u.i.k.p.r.p.TestFile    ... finished proof: closed. 
371604     INFO  main            d.u.i.k.p.i.AbstractProblemLoader Loading environment from /home/runner/work/key/key/key.core/../key.ui/examples/standard_key/polySimp/simplify12.key.proof 
371604     DEBUG main            d.u.i.k.p.i.AbstractProblemLoader Environment load took 82.2ns 
371605     INFO  main            d.u.i.k.p.i.AbstractProblemLoader Creating init config 
373934     DEBUG main            d.u.i.k.p.i.AbstractProblemLoader Init config took 2.33s 
373947     INFO  main            d.u.i.k.p.i.AbstractProblemLoader Replaying proof simplify12.key.proof 
373951     DEBUG main            d.u.i.k.p.i.IntermediateProofReplayer Proof replay took 3.32ms 
373952     DEBUG main            d.u.i.k.p.r.p.TestFile    ... success: reloaded. 
373952     INFO  main            d.u.i.k.p.r.p.TestFile    Now processing file /home/runner/work/key/key/key.core/../key.ui/examples/standard_key/polySimp/simplify13.key 
373953     INFO  main            d.u.i.k.p.i.AbstractProblemLoader Loading environment from /home/runner/work/key/key/key.core/../key.ui/examples/standard_key/polySimp/simplify13.key 
373953     DEBUG main            d.u.i.k.p.i.AbstractProblemLoader Environment load took 45.7ns 
373954     INFO  main            d.u.i.k.p.i.AbstractProblemLoader Creating init config 
376311     DEBUG main            d.u.i.k.p.i.AbstractProblemLoader Init config took 2.36s 
376325     INFO  main            d.u.i.k.p.i.AbstractProblemLoader Replaying proof simplify13.key 
376326     DEBUG main            d.u.i.k.p.i.IntermediateProofReplayer Proof replay took 2.9ns 
376427     INFO  main            d.u.i.k.p.r.p.TestFile    ... finished proof: closed. 
376857     INFO  main            d.u.i.k.p.i.AbstractProblemLoader Loading environment from /home/runner/work/key/key/key.core/../key.ui/examples/standard_key/polySimp/simplify13.key.proof 
376857     DEBUG main            d.u.i.k.p.i.AbstractProblemLoader Environment load took 99.2ns 
376858     INFO  main            d.u.i.k.p.i.AbstractProblemLoader Creating init config 
379167     DEBUG main            d.u.i.k.p.i.AbstractProblemLoader Init config took 2.31s 
379182     INFO  main            d.u.i.k.p.i.AbstractProblemLoader Replaying proof simplify13.key.proof 
379185     DEBUG main            d.u.i.k.p.i.IntermediateProofReplayer Proof replay took 2.08ms 
379197     DEBUG main            d.u.i.k.p.r.p.TestFile    ... success: reloaded. 
379198     INFO  main            d.u.i.k.p.r.p.TestFile    Now processing file /home/runner/work/key/key/key.core/../key.ui/examples/standard_key/polySimp/simplify14.key 
379198     INFO  main            d.u.i.k.p.i.AbstractProblemLoader Loading environment from /home/runner/work/key/key/key.core/../key.ui/examples/standard_key/polySimp/simplify14.key 
379198     DEBUG main            d.u.i.k.p.i.AbstractProblemLoader Environment load took 75.9ns 
379199     INFO  main            d.u.i.k.p.i.AbstractProblemLoader Creating init config 
381549     DEBUG main            d.u.i.k.p.i.AbstractProblemLoader Init config took 2.35s 
381563     INFO  main            d.u.i.k.p.i.AbstractProblemLoader Replaying proof simplify14.key 
381564     DEBUG main            d.u.i.k.p.i.IntermediateProofReplayer Proof replay took 2.7ns 
381665     INFO  main            d.u.i.k.p.r.p.TestFile    ... finished proof: closed. 
382101     INFO  main            d.u.i.k.p.i.AbstractProblemLoader Loading environment from /home/runner/work/key/key/key.core/../key.ui/examples/standard_key/polySimp/simplify14.key.proof 
382101     DEBUG main            d.u.i.k.p.i.AbstractProblemLoader Environment load took 82.1ns 
382102     INFO  main            d.u.i.k.p.i.AbstractProblemLoader Creating init config 
384427     DEBUG main            d.u.i.k.p.i.AbstractProblemLoader Init config took 2.33s 
384441     INFO  main            d.u.i.k.p.i.AbstractProblemLoader Replaying proof simplify14.key.proof 
384443     DEBUG main            d.u.i.k.p.i.IntermediateProofReplayer Proof replay took 432.61ns 
384443     DEBUG main            d.u.i.k.p.r.p.TestFile    ... success: reloaded. 
384444     INFO  main            d.u.i.k.p.r.p.TestFile    Now processing file /home/runner/work/key/key/key.core/../key.ui/examples/standard_key/polySimp/simplify15.key 
384444     INFO  main            d.u.i.k.p.i.AbstractProblemLoader Loading environment from /home/runner/work/key/key/key.core/../key.ui/examples/standard_key/polySimp/simplify15.key 
384444     DEBUG main            d.u.i.k.p.i.AbstractProblemLoader Environment load took 44.2ns 
384445     INFO  main            d.u.i.k.p.i.AbstractProblemLoader Creating init config 
386812     DEBUG main            d.u.i.k.p.i.AbstractProblemLoader Init config took 2.37s 
386825     INFO  main            d.u.i.k.p.i.AbstractProblemLoader Replaying proof simplify15.key 
386826     DEBUG main            d.u.i.k.p.i.IntermediateProofReplayer Proof replay took 3.1ns 
386927     INFO  main            d.u.i.k.p.r.p.TestFile    ... finished proof: closed. 
387358     INFO  main            d.u.i.k.p.i.AbstractProblemLoader Loading environment from /home/runner/work/key/key/key.core/../key.ui/examples/standard_key/polySimp/simplify15.key.proof 
387358     DEBUG main            d.u.i.k.p.i.AbstractProblemLoader Environment load took 79.4ns 
387359     INFO  main            d.u.i.k.p.i.AbstractProblemLoader Creating init config 
389674     DEBUG main            d.u.i.k.p.i.AbstractProblemLoader Init config took 2.31s 
389686     INFO  main            d.u.i.k.p.i.AbstractProblemLoader Replaying proof simplify15.key.proof 
389688     DEBUG main            d.u.i.k.p.i.IntermediateProofReplayer Proof replay took 296.51ns 
389689     DEBUG main            d.u.i.k.p.r.p.TestFile    ... success: reloaded. 
389689     INFO  main            d.u.i.k.p.r.p.TestFile    Now processing file /home/runner/work/key/key/key.core/../key.ui/examples/standard_key/polySimp/simplify16.key 
389689     INFO  main            d.u.i.k.p.i.AbstractProblemLoader Loading environment from /home/runner/work/key/key/key.core/../key.ui/examples/standard_key/polySimp/simplify16.key 
389689     DEBUG main            d.u.i.k.p.i.AbstractProblemLoader Environment load took 65.8ns 
389690     INFO  main            d.u.i.k.p.i.AbstractProblemLoader Creating init config 
392030     DEBUG main            d.u.i.k.p.i.AbstractProblemLoader Init config took 2.34s 
392042     INFO  main            d.u.i.k.p.i.AbstractProblemLoader Replaying proof simplify16.key 
392043     DEBUG main            d.u.i.k.p.i.IntermediateProofReplayer Proof replay took 3.2ns 
392145     INFO  main            d.u.i.k.p.r.p.TestFile    ... finished proof: closed. 
392580     INFO  main            d.u.i.k.p.i.AbstractProblemLoader Loading environment from /home/runner/work/key/key/key.core/../key.ui/examples/standard_key/polySimp/simplify16.key.proof 
392580     DEBUG main            d.u.i.k.p.i.AbstractProblemLoader Environment load took 79.9ns 
392581     INFO  main            d.u.i.k.p.i.AbstractProblemLoader Creating init config 
394889     DEBUG main            d.u.i.k.p.i.AbstractProblemLoader Init config took 2.31s 
394902     INFO  main            d.u.i.k.p.i.AbstractProblemLoader Replaying proof simplify16.key.proof 
394903     DEBUG main            d.u.i.k.p.i.IntermediateProofReplayer Proof replay took 212.7ns 
394904     DEBUG main            d.u.i.k.p.r.p.TestFile    ... success: reloaded. 
394904     INFO  main            d.u.i.k.p.r.p.TestFile    Now processing file /home/runner/work/key/key/key.core/../key.ui/examples/standard_key/polySimp/simplify17.key 
394904     INFO  main            d.u.i.k.p.i.AbstractProblemLoader Loading environment from /home/runner/work/key/key/key.core/../key.ui/examples/standard_key/polySimp/simplify17.key 
394904     DEBUG main            d.u.i.k.p.i.AbstractProblemLoader Environment load took 59.2ns 
394905     INFO  main            d.u.i.k.p.i.AbstractProblemLoader Creating init config 
397253     DEBUG main            d.u.i.k.p.i.AbstractProblemLoader Init config took 2.35s 
397266     INFO  main            d.u.i.k.p.i.AbstractProblemLoader Replaying proof simplify17.key 
397267     DEBUG main            d.u.i.k.p.i.IntermediateProofReplayer Proof replay took 3.2ns 
397368     INFO  main            d.u.i.k.p.r.p.TestFile    ... finished proof: closed. 
397823     INFO  main            d.u.i.k.p.i.AbstractProblemLoader Loading environment from /home/runner/work/key/key/key.core/../key.ui/examples/standard_key/polySimp/simplify17.key.proof 
397823     DEBUG main            d.u.i.k.p.i.AbstractProblemLoader Environment load took 81ns 
397824     INFO  main            d.u.i.k.p.i.AbstractProblemLoader Creating init config 
400131     DEBUG main            d.u.i.k.p.i.AbstractProblemLoader Init config took 2.31s 
400143     INFO  main            d.u.i.k.p.i.AbstractProblemLoader Replaying proof simplify17.key.proof 
400147     DEBUG main            d.u.i.k.p.i.IntermediateProofReplayer Proof replay took 2.65ms 
400148     DEBUG main            d.u.i.k.p.r.p.TestFile    ... success: reloaded. 
400148     INFO  main            d.u.i.k.p.r.p.TestFile    Now processing file /home/runner/work/key/key/key.core/../key.ui/examples/standard_key/polySimp/simplify18.key 
400149     INFO  main            d.u.i.k.p.i.AbstractProblemLoader Loading environment from /home/runner/work/key/key/key.core/../key.ui/examples/standard_key/polySimp/simplify18.key 
400149     DEBUG main            d.u.i.k.p.i.AbstractProblemLoader Environment load took 61.3ns 
400150     INFO  main            d.u.i.k.p.i.AbstractProblemLoader Creating init config 
402494     DEBUG main            d.u.i.k.p.i.AbstractProblemLoader Init config took 2.34s 
402507     INFO  main            d.u.i.k.p.i.AbstractProblemLoader Replaying proof simplify18.key 
402508     DEBUG main            d.u.i.k.p.i.IntermediateProofReplayer Proof replay took 3.3ns 
402710     INFO  main            d.u.i.k.p.r.p.TestFile    ... finished proof: closed. 
403187     INFO  main            d.u.i.k.p.i.AbstractProblemLoader Loading environment from /home/runner/work/key/key/key.core/../key.ui/examples/standard_key/polySimp/simplify18.key.proof 
403187     DEBUG main            d.u.i.k.p.i.AbstractProblemLoader Environment load took 85.2ns 
403188     INFO  main            d.u.i.k.p.i.AbstractProblemLoader Creating init config 
405497     DEBUG main            d.u.i.k.p.i.AbstractProblemLoader Init config took 2.31s 
405510     INFO  main            d.u.i.k.p.i.AbstractProblemLoader Replaying proof simplify18.key.proof 
405518     DEBUG main            d.u.i.k.p.i.IntermediateProofReplayer Proof replay took 5.65ms 
405518     DEBUG main            d.u.i.k.p.r.p.TestFile    ... success: reloaded. 
405519     INFO  main            d.u.i.k.p.r.p.TestFile    Now processing file /home/runner/work/key/key/key.core/../key.ui/examples/standard_key/polySimp/simplify19.key 
405519     INFO  main            d.u.i.k.p.i.AbstractProblemLoader Loading environment from /home/runner/work/key/key/key.core/../key.ui/examples/standard_key/polySimp/simplify19.key 
405519     DEBUG main            d.u.i.k.p.i.AbstractProblemLoader Environment load took 68.8ns 
405520     INFO  main            d.u.i.k.p.i.AbstractProblemLoader Creating init config 
407867     DEBUG main            d.u.i.k.p.i.AbstractProblemLoader Init config took 2.35s 
407880     INFO  main            d.u.i.k.p.i.AbstractProblemLoader Replaying proof simplify19.key 
407881     DEBUG main            d.u.i.k.p.i.IntermediateProofReplayer Proof replay took 3.4ns 
410717     INFO  main            d.u.i.k.p.r.p.TestFile    ... finished proof: closed. 
411226     INFO  main            d.u.i.k.p.i.AbstractProblemLoader Loading environment from /home/runner/work/key/key/key.core/../key.ui/examples/standard_key/polySimp/simplify19.key.proof 
411226     DEBUG main            d.u.i.k.p.i.AbstractProblemLoader Environment load took 103ns 
411228     INFO  main            d.u.i.k.p.i.AbstractProblemLoader Creating init config 
413558     DEBUG main            d.u.i.k.p.i.AbstractProblemLoader Init config took 2.33s 
413571     INFO  main            d.u.i.k.p.i.AbstractProblemLoader Replaying proof simplify19.key.proof 
413663     DEBUG main            d.u.i.k.p.i.IntermediateProofReplayer Proof replay took 81.84ms 
413664     DEBUG main            d.u.i.k.p.r.p.TestFile    ... success: reloaded. 
413664     INFO  main            d.u.i.k.p.r.p.TestFile    Now processing file /home/runner/work/key/key/key.core/../key.ui/examples/standard_key/polySimp/simplify2.key 
413665     INFO  main            d.u.i.k.p.i.AbstractProblemLoader Loading environment from /home/runner/work/key/key/key.core/../key.ui/examples/standard_key/polySimp/simplify2.key 
413665     DEBUG main            d.u.i.k.p.i.AbstractProblemLoader Environment load took 63.8ns 
413665     INFO  main            d.u.i.k.p.i.AbstractProblemLoader Creating init config 
416056     DEBUG main            d.u.i.k.p.i.AbstractProblemLoader Init config took 2.39s 
416069     INFO  main            d.u.i.k.p.i.AbstractProblemLoader Replaying proof simplify2.key 
416070     DEBUG main            d.u.i.k.p.i.IntermediateProofReplayer Proof replay took 3.1ns 
416171     INFO  main            d.u.i.k.p.r.p.TestFile    ... finished proof: closed. 
416680     INFO  main            d.u.i.k.p.i.AbstractProblemLoader Loading environment from /home/runner/work/key/key/key.core/../key.ui/examples/standard_key/polySimp/simplify2.key.proof 
416680     DEBUG main            d.u.i.k.p.i.AbstractProblemLoader Environment load took 85.6ns 
416681     INFO  main            d.u.i.k.p.i.AbstractProblemLoader Creating init config 
418992     DEBUG main            d.u.i.k.p.i.AbstractProblemLoader Init config took 2.31s 
419005     INFO  main            d.u.i.k.p.i.AbstractProblemLoader Replaying proof simplify2.key.proof 
419007     DEBUG main            d.u.i.k.p.i.IntermediateProofReplayer Proof replay took 469.71ns 
419007     DEBUG main            d.u.i.k.p.r.p.TestFile    ... success: reloaded. 
419008     INFO  main            d.u.i.k.p.r.p.TestFile    Now processing file /home/runner/work/key/key/key.core/../key.ui/examples/standard_key/polySimp/simplify20.key 
419008     INFO  main            d.u.i.k.p.i.AbstractProblemLoader Loading environment from /home/runner/work/key/key/key.core/../key.ui/examples/standard_key/polySimp/simplify20.key 
419008     DEBUG main            d.u.i.k.p.i.AbstractProblemLoader Environment load took 42.9ns 
419009     INFO  main            d.u.i.k.p.i.AbstractProblemLoader Creating init config 
421342     DEBUG main            d.u.i.k.p.i.AbstractProblemLoader Init config took 2.33s 
421355     INFO  main            d.u.i.k.p.i.AbstractProblemLoader Replaying proof simplify20.key 
421355     DEBUG main            d.u.i.k.p.i.IntermediateProofReplayer Proof replay took 3.4ns 
421959     INFO  main            d.u.i.k.p.r.p.TestFile    ... finished proof: closed. 
422485     INFO  main            d.u.i.k.p.i.AbstractProblemLoader Loading environment from /home/runner/work/key/key/key.core/../key.ui/examples/standard_key/polySimp/simplify20.key.proof 
422486     DEBUG main            d.u.i.k.p.i.AbstractProblemLoader Environment load took 225ns 
422487     INFO  main            d.u.i.k.p.i.AbstractProblemLoader Creating init config 
424786     DEBUG main            d.u.i.k.p.i.AbstractProblemLoader Init config took 2.3s 
424800     INFO  main            d.u.i.k.p.i.AbstractProblemLoader Replaying proof simplify20.key.proof 
424840     DEBUG main            d.u.i.k.p.i.IntermediateProofReplayer Proof replay took 35.75ms 
424841     DEBUG main            d.u.i.k.p.r.p.TestFile    ... success: reloaded. 
424841     INFO  main            d.u.i.k.p.r.p.TestFile    Now processing file /home/runner/work/key/key/key.core/../key.ui/examples/standard_key/polySimp/simplify21.key 
424841     INFO  main            d.u.i.k.p.i.AbstractProblemLoader Loading environment from /home/runner/work/key/key/key.core/../key.ui/examples/standard_key/polySimp/simplify21.key 
424842     DEBUG main            d.u.i.k.p.i.AbstractProblemLoader Environment load took 77ns 
424844     INFO  main            d.u.i.k.p.i.AbstractProblemLoader Creating init config 
427182     DEBUG main            d.u.i.k.p.i.AbstractProblemLoader Init config took 2.34s 
427196     INFO  main            d.u.i.k.p.i.AbstractProblemLoader Replaying proof simplify21.key 
427197     DEBUG main            d.u.i.k.p.i.IntermediateProofReplayer Proof replay took 2.9ns 
427701     INFO  main            d.u.i.k.p.r.p.TestFile    ... finished proof: closed. 
428255     INFO  main            d.u.i.k.p.i.AbstractProblemLoader Loading environment from /home/runner/work/key/key/key.core/../key.ui/examples/standard_key/polySimp/simplify21.key.proof 
428255     DEBUG main            d.u.i.k.p.i.AbstractProblemLoader Environment load took 151.9ns 
428257     INFO  main            d.u.i.k.p.i.AbstractProblemLoader Creating init config 
430582     DEBUG main            d.u.i.k.p.i.AbstractProblemLoader Init config took 2.32s 
430598     INFO  main            d.u.i.k.p.i.AbstractProblemLoader Replaying proof simplify21.key.proof 
430618     DEBUG main            d.u.i.k.p.i.IntermediateProofReplayer Proof replay took 17.24ms 
430620     DEBUG main            d.u.i.k.p.r.p.TestFile    ... success: reloaded. 
430620     INFO  main            d.u.i.k.p.r.p.TestFile    Now processing file /home/runner/work/key/key/key.core/../key.ui/examples/standard_key/polySimp/simplify22.key 
430621     INFO  main            d.u.i.k.p.i.AbstractProblemLoader Loading environment from /home/runner/work/key/key/key.core/../key.ui/examples/standard_key/polySimp/simplify22.key 
430621     DEBUG main            d.u.i.k.p.i.AbstractProblemLoader Environment load took 76.7ns 
430622     INFO  main            d.u.i.k.p.i.AbstractProblemLoader Creating init config 
432953     DEBUG main            d.u.i.k.p.i.AbstractProblemLoader Init config took 2.33s 
432966     INFO  main            d.u.i.k.p.i.AbstractProblemLoader Replaying proof simplify22.key 
432967     DEBUG main            d.u.i.k.p.i.IntermediateProofReplayer Proof replay took 3.2ns 
433069     INFO  main            d.u.i.k.p.r.p.TestFile    ... finished proof: closed. 
433580     INFO  main            d.u.i.k.p.i.AbstractProblemLoader Loading environment from /home/runner/work/key/key/key.core/../key.ui/examples/standard_key/polySimp/simplify22.key.proof 
433580     DEBUG main            d.u.i.k.p.i.AbstractProblemLoader Environment load took 81.3ns 
433581     INFO  main            d.u.i.k.p.i.AbstractProblemLoader Creating init config 
435880     DEBUG main            d.u.i.k.p.i.AbstractProblemLoader Init config took 2.3s 
435893     INFO  main            d.u.i.k.p.i.AbstractProblemLoader Replaying proof simplify22.key.proof 
435896     DEBUG main            d.u.i.k.p.i.IntermediateProofReplayer Proof replay took 1.84ms 
435897     DEBUG main            d.u.i.k.p.r.p.TestFile    ... success: reloaded. 
435897     INFO  main            d.u.i.k.p.r.p.TestFile    Now processing file /home/runner/work/key/key/key.core/../key.ui/examples/standard_key/polySimp/simplify23.key 
435897     INFO  main            d.u.i.k.p.i.AbstractProblemLoader Loading environment from /home/runner/work/key/key/key.core/../key.ui/examples/standard_key/polySimp/simplify23.key 
435897     DEBUG main            d.u.i.k.p.i.AbstractProblemLoader Environment load took 73.3ns 
435898     INFO  main            d.u.i.k.p.i.AbstractProblemLoader Creating init config 
438218     DEBUG main            d.u.i.k.p.i.AbstractProblemLoader Init config took 2.32s 
438251     INFO  main            d.u.i.k.p.i.AbstractProblemLoader Replaying proof simplify23.key 
438252     DEBUG main            d.u.i.k.p.i.IntermediateProofReplayer Proof replay took 3.4ns 
438354     INFO  main            d.u.i.k.p.r.p.TestFile    ... finished proof: closed. 
438834     INFO  main            d.u.i.k.p.i.AbstractProblemLoader Loading environment from /home/runner/work/key/key/key.core/../key.ui/examples/standard_key/polySimp/simplify23.key.proof 
438834     DEBUG main            d.u.i.k.p.i.AbstractProblemLoader Environment load took 86.1ns 
438835     INFO  main            d.u.i.k.p.i.AbstractProblemLoader Creating init config 
441134     DEBUG main            d.u.i.k.p.i.AbstractProblemLoader Init config took 2.3s 
441147     INFO  main            d.u.i.k.p.i.AbstractProblemLoader Replaying proof simplify23.key.proof 
441154     DEBUG main            d.u.i.k.p.i.IntermediateProofReplayer Proof replay took 4.99ms 
441155     DEBUG main            d.u.i.k.p.r.p.TestFile    ... success: reloaded. 
441155     INFO  main            d.u.i.k.p.r.p.TestFile    Now processing file /home/runner/work/key/key/key.core/../key.ui/examples/standard_key/polySimp/simplify24.key 
441155     INFO  main            d.u.i.k.p.i.AbstractProblemLoader Loading environment from /home/runner/work/key/key/key.core/../key.ui/examples/standard_key/polySimp/simplify24.key 
441155     DEBUG main            d.u.i.k.p.i.AbstractProblemLoader Environment load took 43.8ns 
441156     INFO  main            d.u.i.k.p.i.AbstractProblemLoader Creating init config 
443486     DEBUG main            d.u.i.k.p.i.AbstractProblemLoader Init config took 2.33s 
443498     INFO  main            d.u.i.k.p.i.AbstractProblemLoader Replaying proof simplify24.key 
443499     DEBUG main            d.u.i.k.p.i.IntermediateProofReplayer Proof replay took 2.7ns 
443601     INFO  main            d.u.i.k.p.r.p.TestFile    ... finished proof: closed. 
444092     INFO  main            d.u.i.k.p.i.AbstractProblemLoader Loading environment from /home/runner/work/key/key/key.core/../key.ui/examples/standard_key/polySimp/simplify24.key.proof 
444093     DEBUG main            d.u.i.k.p.i.AbstractProblemLoader Environment load took 82.5ns 
444093     INFO  main            d.u.i.k.p.i.AbstractProblemLoader Creating init config 
446389     DEBUG main            d.u.i.k.p.i.AbstractProblemLoader Init config took 2.3s 
446402     INFO  main            d.u.i.k.p.i.AbstractProblemLoader Replaying proof simplify24.key.proof 
446404     DEBUG main            d.u.i.k.p.i.IntermediateProofReplayer Proof replay took 994.62ns 
446405     DEBUG main            d.u.i.k.p.r.p.TestFile    ... success: reloaded. 
446405     INFO  main            d.u.i.k.p.r.p.TestFile    Now processing file /home/runner/work/key/key/key.core/../key.ui/examples/standard_key/polySimp/simplify25.key 
446406     INFO  main            d.u.i.k.p.i.AbstractProblemLoader Loading environment from /home/runner/work/key/key/key.core/../key.ui/examples/standard_key/polySimp/simplify25.key 
446406     DEBUG main            d.u.i.k.p.i.AbstractProblemLoader Environment load took 60.3ns 
446406     INFO  main            d.u.i.k.p.i.AbstractProblemLoader Creating init config 
448737     DEBUG main            d.u.i.k.p.i.AbstractProblemLoader Init config took 2.33s 
448752     INFO  main            d.u.i.k.p.i.AbstractProblemLoader Replaying proof simplify25.key 
448753     DEBUG main            d.u.i.k.p.i.IntermediateProofReplayer Proof replay took 2.9ns 
448854     INFO  main            d.u.i.k.p.r.p.TestFile    ... finished proof: closed. 
449344     INFO  main            d.u.i.k.p.i.AbstractProblemLoader Loading environment from /home/runner/work/key/key/key.core/../key.ui/examples/standard_key/polySimp/simplify25.key.proof 
449344     DEBUG main            d.u.i.k.p.i.AbstractProblemLoader Environment load took 80.8ns 
449345     INFO  main            d.u.i.k.p.i.AbstractProblemLoader Creating init config 
451646     DEBUG main            d.u.i.k.p.i.AbstractProblemLoader Init config took 2.3s 
451659     INFO  main            d.u.i.k.p.i.AbstractProblemLoader Replaying proof simplify25.key.proof 
451662     DEBUG main            d.u.i.k.p.i.IntermediateProofReplayer Proof replay took 1.38ms 
451662     DEBUG main            d.u.i.k.p.r.p.TestFile    ... success: reloaded. 
451663     INFO  main            d.u.i.k.p.r.p.TestFile    Now processing file /home/runner/work/key/key/key.core/../key.ui/examples/standard_key/polySimp/simplify3.key 
451663     INFO  main            d.u.i.k.p.i.AbstractProblemLoader Loading environment from /home/runner/work/key/key/key.core/../key.ui/examples/standard_key/polySimp/simplify3.key 
451663     DEBUG main            d.u.i.k.p.i.AbstractProblemLoader Environment load took 42.4ns 
451664     INFO  main            d.u.i.k.p.i.AbstractProblemLoader Creating init config 
453987     DEBUG main            d.u.i.k.p.i.AbstractProblemLoader Init config took 2.32s 
454017     INFO  main            d.u.i.k.p.i.AbstractProblemLoader Replaying proof simplify3.key 
454018     DEBUG main            d.u.i.k.p.i.IntermediateProofReplayer Proof replay took 3.5ns 
454119     INFO  main            d.u.i.k.p.r.p.TestFile    ... finished proof: closed. 
454612     INFO  main            d.u.i.k.p.i.AbstractProblemLoader Loading environment from /home/runner/work/key/key/key.core/../key.ui/examples/standard_key/polySimp/simplify3.key.proof 
454612     DEBUG main            d.u.i.k.p.i.AbstractProblemLoader Environment load took 79.6ns 
454613     INFO  main            d.u.i.k.p.i.AbstractProblemLoader Creating init config 
456907     DEBUG main            d.u.i.k.p.i.AbstractProblemLoader Init config took 2.29s 
456920     INFO  main            d.u.i.k.p.i.AbstractProblemLoader Replaying proof simplify3.key.proof 
456921     DEBUG main            d.u.i.k.p.i.IntermediateProofReplayer Proof replay took 553.01ns 
456922     DEBUG main            d.u.i.k.p.r.p.TestFile    ... success: reloaded. 
456922     INFO  main            d.u.i.k.p.r.p.TestFile    Now processing file /home/runner/work/key/key/key.core/../key.ui/examples/standard_key/polySimp/simplify4.key 
456923     INFO  main            d.u.i.k.p.i.AbstractProblemLoader Loading environment from /home/runner/work/key/key/key.core/../key.ui/examples/standard_key/polySimp/simplify4.key 
456923     DEBUG main            d.u.i.k.p.i.AbstractProblemLoader Environment load took 75.4ns 
456923     INFO  main            d.u.i.k.p.i.AbstractProblemLoader Creating init config 
459247     DEBUG main            d.u.i.k.p.i.AbstractProblemLoader Init config took 2.32s 
459259     INFO  main            d.u.i.k.p.i.AbstractProblemLoader Replaying proof simplify4.key 
459260     DEBUG main            d.u.i.k.p.i.IntermediateProofReplayer Proof replay took 3.4ns 
459362     INFO  main            d.u.i.k.p.r.p.TestFile    ... finished proof: closed. 
459853     INFO  main            d.u.i.k.p.i.AbstractProblemLoader Loading environment from /home/runner/work/key/key/key.core/../key.ui/examples/standard_key/polySimp/simplify4.key.proof 
459854     DEBUG main            d.u.i.k.p.i.AbstractProblemLoader Environment load took 81.9ns 
459854     INFO  main            d.u.i.k.p.i.AbstractProblemLoader Creating init config 
462152     DEBUG main            d.u.i.k.p.i.AbstractProblemLoader Init config took 2.3s 
462174     INFO  main            d.u.i.k.p.i.AbstractProblemLoader Replaying proof simplify4.key.proof 
462176     DEBUG main            d.u.i.k.p.i.IntermediateProofReplayer Proof replay took 574.41ns 
462177     DEBUG main            d.u.i.k.p.r.p.TestFile    ... success: reloaded. 
462177     INFO  main            d.u.i.k.p.r.p.TestFile    Now processing file /home/runner/work/key/key/key.core/../key.ui/examples/standard_key/polySimp/simplify5.key 
462177     INFO  main            d.u.i.k.p.i.AbstractProblemLoader Loading environment from /home/runner/work/key/key/key.core/../key.ui/examples/standard_key/polySimp/simplify5.key 
462177     DEBUG main            d.u.i.k.p.i.AbstractProblemLoader Environment load took 60.9ns 
462178     INFO  main            d.u.i.k.p.i.AbstractProblemLoader Creating init config 
464511     DEBUG main            d.u.i.k.p.i.AbstractProblemLoader Init config took 2.33s 
464524     INFO  main            d.u.i.k.p.i.AbstractProblemLoader Replaying proof simplify5.key 
464525     DEBUG main            d.u.i.k.p.i.IntermediateProofReplayer Proof replay took 2.9ns 
464626     INFO  main            d.u.i.k.p.r.p.TestFile    ... finished proof: closed. 
465145     INFO  main            d.u.i.k.p.i.AbstractProblemLoader Loading environment from /home/runner/work/key/key/key.core/../key.ui/examples/standard_key/polySimp/simplify5.key.proof 
465145     DEBUG main            d.u.i.k.p.i.AbstractProblemLoader Environment load took 81.1ns 
465146     INFO  main            d.u.i.k.p.i.AbstractProblemLoader Creating init config 
467455     DEBUG main            d.u.i.k.p.i.AbstractProblemLoader Init config took 2.31s 
467467     INFO  main            d.u.i.k.p.i.AbstractProblemLoader Replaying proof simplify5.key.proof 
467471     DEBUG main            d.u.i.k.p.i.IntermediateProofReplayer Proof replay took 2.08ms 
467472     DEBUG main            d.u.i.k.p.r.p.TestFile    ... success: reloaded. 
467472     INFO  main            d.u.i.k.p.r.p.TestFile    Now processing file /home/runner/work/key/key/key.core/../key.ui/examples/standard_key/polySimp/simplify6.key 
467472     INFO  main            d.u.i.k.p.i.AbstractProblemLoader Loading environment from /home/runner/work/key/key/key.core/../key.ui/examples/standard_key/polySimp/simplify6.key 
467472     DEBUG main            d.u.i.k.p.i.AbstractProblemLoader Environment load took 44.4ns 
467473     INFO  main            d.u.i.k.p.i.AbstractProblemLoader Creating init config 
469813     DEBUG main            d.u.i.k.p.i.AbstractProblemLoader Init config took 2.34s 
469826     INFO  main            d.u.i.k.p.i.AbstractProblemLoader Replaying proof simplify6.key 
469827     DEBUG main            d.u.i.k.p.i.IntermediateProofReplayer Proof replay took 3.3ns 
469929     INFO  main            d.u.i.k.p.r.p.TestFile    ... finished proof: closed. 
470443     INFO  main            d.u.i.k.p.i.AbstractProblemLoader Loading environment from /home/runner/work/key/key/key.core/../key.ui/examples/standard_key/polySimp/simplify6.key.proof 
470443     DEBUG main            d.u.i.k.p.i.AbstractProblemLoader Environment load took 80.1ns 
470444     INFO  main            d.u.i.k.p.i.AbstractProblemLoader Creating init config 
472756     DEBUG main            d.u.i.k.p.i.AbstractProblemLoader Init config took 2.31s 
472769     INFO  main            d.u.i.k.p.i.AbstractProblemLoader Replaying proof simplify6.key.proof 
472770     DEBUG main            d.u.i.k.p.i.IntermediateProofReplayer Proof replay took 143.7ns 
472771     DEBUG main            d.u.i.k.p.r.p.TestFile    ... success: reloaded. 
472771     INFO  main            d.u.i.k.p.r.p.TestFile    Now processing file /home/runner/work/key/key/key.core/../key.ui/examples/standard_key/polySimp/simplify7.key 
472771     INFO  main            d.u.i.k.p.i.AbstractProblemLoader Loading environment from /home/runner/work/key/key/key.core/../key.ui/examples/standard_key/polySimp/simplify7.key 
472771     DEBUG main            d.u.i.k.p.i.AbstractProblemLoader Environment load took 41.4ns 
472772     INFO  main            d.u.i.k.p.i.AbstractProblemLoader Creating init config 
475108     DEBUG main            d.u.i.k.p.i.AbstractProblemLoader Init config took 2.34s 
475122     INFO  main            d.u.i.k.p.i.AbstractProblemLoader Replaying proof simplify7.key 
475123     DEBUG main            d.u.i.k.p.i.IntermediateProofReplayer Proof replay took 3ns 
475224     INFO  main            d.u.i.k.p.r.p.TestFile    ... finished proof: closed. 
475736     INFO  main            d.u.i.k.p.i.AbstractProblemLoader Loading environment from /home/runner/work/key/key/key.core/../key.ui/examples/standard_key/polySimp/simplify7.key.proof 
475736     DEBUG main            d.u.i.k.p.i.AbstractProblemLoader Environment load took 80.3ns 
475737     INFO  main            d.u.i.k.p.i.AbstractProblemLoader Creating init config 
478042     DEBUG main            d.u.i.k.p.i.AbstractProblemLoader Init config took 2.31s 
478055     INFO  main            d.u.i.k.p.i.AbstractProblemLoader Replaying proof simplify7.key.proof 
478058     DEBUG main            d.u.i.k.p.i.IntermediateProofReplayer Proof replay took 255.91ns 
478058     DEBUG main            d.u.i.k.p.r.p.TestFile    ... success: reloaded. 
478059     INFO  main            d.u.i.k.p.r.p.TestFile    Now processing file /home/runner/work/key/key/key.core/../key.ui/examples/standard_key/polySimp/simplify8.key 
478059     INFO  main            d.u.i.k.p.i.AbstractProblemLoader Loading environment from /home/runner/work/key/key/key.core/../key.ui/examples/standard_key/polySimp/simplify8.key 
478059     DEBUG main            d.u.i.k.p.i.AbstractProblemLoader Environment load took 69.1ns 
478063     INFO  main            d.u.i.k.p.i.AbstractProblemLoader Creating init config 
480391     DEBUG main            d.u.i.k.p.i.AbstractProblemLoader Init config took 2.33s 
480404     INFO  main            d.u.i.k.p.i.AbstractProblemLoader Replaying proof simplify8.key 
480405     DEBUG main            d.u.i.k.p.i.IntermediateProofReplayer Proof replay took 3ns 
484054     INFO  main            d.u.i.k.p.r.p.TestFile    ... finished proof: closed. 
484601     INFO  main            d.u.i.k.p.i.AbstractProblemLoader Loading environment from /home/runner/work/key/key/key.core/../key.ui/examples/standard_key/polySimp/simplify8.key.proof 
484601     DEBUG main            d.u.i.k.p.i.AbstractProblemLoader Environment load took 84.8ns 
484603     INFO  main            d.u.i.k.p.i.AbstractProblemLoader Creating init config 
486919     DEBUG main            d.u.i.k.p.i.AbstractProblemLoader Init config took 2.32s 
486935     INFO  main            d.u.i.k.p.i.AbstractProblemLoader Replaying proof simplify8.key.proof 
486977     DEBUG main            d.u.i.k.p.i.IntermediateProofReplayer Proof replay took 37.87ms 
486979     DEBUG main            d.u.i.k.p.r.p.TestFile    ... success: reloaded. 
486980     INFO  main            d.u.i.k.p.r.p.TestFile    Now processing file /home/runner/work/key/key/key.core/../key.ui/examples/standard_key/polySimp/simplify9.key 
486980     INFO  main            d.u.i.k.p.i.AbstractProblemLoader Loading environment from /home/runner/work/key/key/key.core/../key.ui/examples/standard_key/polySimp/simplify9.key 
486980     DEBUG main            d.u.i.k.p.i.AbstractProblemLoader Environment load took 62.5ns 
486982     INFO  main            d.u.i.k.p.i.AbstractProblemLoader Creating init config 
489348     DEBUG main            d.u.i.k.p.i.AbstractProblemLoader Init config took 2.37s 
489361     INFO  main            d.u.i.k.p.i.AbstractProblemLoader Replaying proof simplify9.key 
489362     DEBUG main            d.u.i.k.p.i.IntermediateProofReplayer Proof replay took 3.4ns 
489564     INFO  main            d.u.i.k.p.r.p.TestFile    ... finished proof: closed. 
490154     INFO  main            d.u.i.k.p.i.AbstractProblemLoader Loading environment from /home/runner/work/key/key/key.core/../key.ui/examples/standard_key/polySimp/simplify9.key.proof 
490154     DEBUG main            d.u.i.k.p.i.AbstractProblemLoader Environment load took 125.7ns 
490156     INFO  main            d.u.i.k.p.i.AbstractProblemLoader Creating init config 
492472     DEBUG main            d.u.i.k.p.i.AbstractProblemLoader Init config took 2.32s 
492486     INFO  main            d.u.i.k.p.i.AbstractProblemLoader Replaying proof simplify9.key.proof 
492490     DEBUG main            d.u.i.k.p.i.IntermediateProofReplayer Proof replay took 2.95ms 
492491     DEBUG main            d.u.i.k.p.r.p.TestFile    ... success: reloaded. 
2764229    INFO  Test worker     d.u.i.k.p.r.RunAllProofsTestUnit Returning from test arithmetic 
2764230    INFO  Test worker     d.u.i.k.p.r.RunAllProofsTestUnit Running test arrays 
336        INFO  Timeout watchdog d.u.i.k.p.r.p.ForkedTestFileRunner Timeout watcher launched (2000 secs.) 
350        WARN  main            d.u.i.k.s.ProofSettings   The settings in /home/runner/.key/proof-settings.props are *not* read. 
401        INFO  main            d.u.i.k.p.r.p.TestFile    Now processing file /home/runner/work/key/key/key.core/../key.ui/examples/standard_key/arrays/arrayStoreException/array2DimPrim.key 
527        INFO  main            d.u.i.k.p.i.AbstractProblemLoader Loading environment from /home/runner/work/key/key/key.core/../key.ui/examples/standard_key/arrays/arrayStoreException/array2DimPrim.key 
549        DEBUG main            d.u.i.k.p.i.AbstractProblemLoader Environment load took 1.87ms 
808        INFO  main            d.u.i.k.p.i.AbstractProblemLoader Creating init config 
1787       DEBUG main            d.u.i.k.j.TypeConverter   No LDT found for Meta 
1787       DEBUG main            d.u.i.k.j.TypeConverter   No LDT found for Meta 
1791       DEBUG main            d.u.i.k.j.TypeConverter   No LDT found for Meta 
1791       DEBUG main            d.u.i.k.j.TypeConverter   No LDT found for Meta 
3123       DEBUG main            d.u.i.k.j.TypeConverter   No LDT found for JavaBigintExpression 
8045       DEBUG main            d.u.i.k.p.i.AbstractProblemLoader Init config took 7.24s 
8106       INFO  main            d.u.i.k.p.i.AbstractProblemLoader Replaying proof array2DimPrim.key 
8139       DEBUG main            d.u.i.k.p.i.IntermediateProofReplayer Proof replay took 30.6ns 
11805      INFO  main            d.u.i.k.p.r.p.TestFile    ... finished proof: closed. 
12065      INFO  main            d.u.i.k.p.i.AbstractProblemLoader Loading environment from /home/runner/work/key/key/key.core/../key.ui/examples/standard_key/arrays/arrayStoreException/array2DimPrim.key.proof 
12072      DEBUG main            d.u.i.k.p.i.AbstractProblemLoader Environment load took 7.35ms 
12078      INFO  main            d.u.i.k.p.i.AbstractProblemLoader Creating init config 
14824      DEBUG main            d.u.i.k.p.i.AbstractProblemLoader Init config took 2.75s 
14869      INFO  main            d.u.i.k.p.i.AbstractProblemLoader Replaying proof array2DimPrim.key.proof 
15177      DEBUG main            d.u.i.k.p.i.IntermediateProofReplayer Proof replay took 292.56ms 
15190      DEBUG main            d.u.i.k.p.r.p.TestFile    ... success: reloaded. 
15192      INFO  main            d.u.i.k.p.r.p.TestFile    Now processing file /home/runner/work/key/key/key.core/../key.ui/examples/standard_key/arrays/arrayStoreException/arrayStoreKnownDynType.key 
15192      INFO  main            d.u.i.k.p.i.AbstractProblemLoader Loading environment from /home/runner/work/key/key/key.core/../key.ui/examples/standard_key/arrays/arrayStoreException/arrayStoreKnownDynType.key 
15193      DEBUG main            d.u.i.k.p.i.AbstractProblemLoader Environment load took 221.41ns 
15194      INFO  main            d.u.i.k.p.i.AbstractProblemLoader Creating init config 
17784      DEBUG main            d.u.i.k.p.i.AbstractProblemLoader Init config took 2.59s 
17812      INFO  main            d.u.i.k.p.i.AbstractProblemLoader Replaying proof arrayStoreKnownDynType.key 
17815      DEBUG main            d.u.i.k.p.i.IntermediateProofReplayer Proof replay took 6.9ns 
18019      INFO  main            d.u.i.k.p.r.p.TestFile    ... finished proof: closed. 
18263      INFO  main            d.u.i.k.p.i.AbstractProblemLoader Loading environment from /home/runner/work/key/key/key.core/../key.ui/examples/standard_key/arrays/arrayStoreException/arrayStoreKnownDynType.key.proof 
18266      DEBUG main            d.u.i.k.p.i.AbstractProblemLoader Environment load took 2.6ms 
18268      INFO  main            d.u.i.k.p.i.AbstractProblemLoader Creating init config 
20771      DEBUG main            d.u.i.k.p.i.AbstractProblemLoader Init config took 2.5s 
20796      INFO  main            d.u.i.k.p.i.AbstractProblemLoader Replaying proof arrayStoreKnownDynType.key.proof 
20828      DEBUG main            d.u.i.k.p.i.IntermediateProofReplayer Proof replay took 28.63ms 
20830      DEBUG main            d.u.i.k.p.r.p.TestFile    ... success: reloaded. 
20831      INFO  main            d.u.i.k.p.r.p.TestFile    Now processing file /home/runner/work/key/key/key.core/../key.ui/examples/standard_key/arrays/arrayStoreException/reverseArray.key 
20831      INFO  main            d.u.i.k.p.i.AbstractProblemLoader Loading environment from /home/runner/work/key/key/key.core/../key.ui/examples/standard_key/arrays/arrayStoreException/reverseArray.key 
20831      DEBUG main            d.u.i.k.p.i.AbstractProblemLoader Environment load took 217.4ns 
20833      INFO  main            d.u.i.k.p.i.AbstractProblemLoader Creating init config 
23339      DEBUG main            d.u.i.k.p.i.AbstractProblemLoader Init config took 2.51s 
23361      INFO  main            d.u.i.k.p.i.AbstractProblemLoader Replaying proof reverseArray.key 
23364      DEBUG main            d.u.i.k.p.i.IntermediateProofReplayer Proof replay took 6.3ns 
23969      INFO  main            d.u.i.k.p.r.p.TestFile    ... finished proof: closed. 
24122      INFO  main            d.u.i.k.p.i.AbstractProblemLoader Loading environment from /home/runner/work/key/key/key.core/../key.ui/examples/standard_key/arrays/arrayStoreException/reverseArray.key.proof 
24122      DEBUG main            d.u.i.k.p.i.AbstractProblemLoader Environment load took 239.31ns 
24124      INFO  main            d.u.i.k.p.i.AbstractProblemLoader Creating init config 
26604      DEBUG main            d.u.i.k.p.i.AbstractProblemLoader Init config took 2.48s 
26625      INFO  main            d.u.i.k.p.i.AbstractProblemLoader Replaying proof reverseArray.key.proof 
26720      DEBUG main            d.u.i.k.p.i.IntermediateProofReplayer Proof replay took 90.1ms 
26722      DEBUG main            d.u.i.k.p.r.p.TestFile    ... success: reloaded. 
26723      INFO  main            d.u.i.k.p.r.p.TestFile    Now processing file /home/runner/work/key/key/key.core/../key.ui/examples/standard_key/arrays/arrayStoreException/throwArrayStoreException.key 
26724      INFO  main            d.u.i.k.p.i.AbstractProblemLoader Loading environment from /home/runner/work/key/key/key.core/../key.ui/examples/standard_key/arrays/arrayStoreException/throwArrayStoreException.key 
26724      DEBUG main            d.u.i.k.p.i.AbstractProblemLoader Environment load took 206.4ns 
26725      INFO  main            d.u.i.k.p.i.AbstractProblemLoader Creating init config 
29206      DEBUG main            d.u.i.k.p.i.AbstractProblemLoader Init config took 2.48s 
29227      INFO  main            d.u.i.k.p.i.AbstractProblemLoader Replaying proof throwArrayStoreException.key 
29229      DEBUG main            d.u.i.k.p.i.IntermediateProofReplayer Proof replay took 5.7ns 
29633      INFO  main            d.u.i.k.p.r.p.TestFile    ... finished proof: closed. 
29813      INFO  main            d.u.i.k.p.i.AbstractProblemLoader Loading environment from /home/runner/work/key/key/key.core/../key.ui/examples/standard_key/arrays/arrayStoreException/throwArrayStoreException.key.proof 
29814      DEBUG main            d.u.i.k.p.i.AbstractProblemLoader Environment load took 463.41ns 
29815      INFO  main            d.u.i.k.p.i.AbstractProblemLoader Creating init config 
32263      DEBUG main            d.u.i.k.p.i.AbstractProblemLoader Init config took 2.45s 
32296      INFO  main            d.u.i.k.p.i.AbstractProblemLoader Replaying proof throwArrayStoreException.key.proof 
32373      DEBUG main            d.u.i.k.p.i.IntermediateProofReplayer Proof replay took 71.14ms 
32375      DEBUG main            d.u.i.k.p.r.p.TestFile    ... success: reloaded. 
32376      INFO  main            d.u.i.k.p.r.p.TestFile    Now processing file /home/runner/work/key/key/key.core/../key.ui/examples/standard_key/arrays/creation/arrayCreation1.key 
32377      INFO  main            d.u.i.k.p.i.AbstractProblemLoader Loading environment from /home/runner/work/key/key/key.core/../key.ui/examples/standard_key/arrays/creation/arrayCreation1.key 
32377      DEBUG main            d.u.i.k.p.i.AbstractProblemLoader Environment load took 221.71ns 
32378      INFO  main            d.u.i.k.p.i.AbstractProblemLoader Creating init config 
34822      DEBUG main            d.u.i.k.p.i.AbstractProblemLoader Init config took 2.44s 
34842      INFO  main            d.u.i.k.p.i.AbstractProblemLoader Replaying proof arrayCreation1.key 
34843      DEBUG main            d.u.i.k.p.i.IntermediateProofReplayer Proof replay took 15.5ns 
34948      INFO  main            d.u.i.k.p.r.p.TestFile    ... finished proof: closed. 
35128      INFO  main            d.u.i.k.p.i.AbstractProblemLoader Loading environment from /home/runner/work/key/key/key.core/../key.ui/examples/standard_key/arrays/creation/arrayCreation1.key.proof 
35129      DEBUG main            d.u.i.k.p.i.AbstractProblemLoader Environment load took 124.4ns 
35130      INFO  main            d.u.i.k.p.i.AbstractProblemLoader Creating init config 
37513      DEBUG main            d.u.i.k.p.i.AbstractProblemLoader Init config took 2.38s 
37534      INFO  main            d.u.i.k.p.i.AbstractProblemLoader Replaying proof arrayCreation1.key.proof 
37554      DEBUG main            d.u.i.k.p.i.IntermediateProofReplayer Proof replay took 18.08ms 
37556      DEBUG main            d.u.i.k.p.r.p.TestFile    ... success: reloaded. 
37557      INFO  main            d.u.i.k.p.r.p.TestFile    Now processing file /home/runner/work/key/key/key.core/../key.ui/examples/standard_key/arrays/arrayStoreException/array2Dim.key 
37557      INFO  main            d.u.i.k.p.i.AbstractProblemLoader Loading environment from /home/runner/work/key/key/key.core/../key.ui/examples/standard_key/arrays/arrayStoreException/array2Dim.key 
37557      DEBUG main            d.u.i.k.p.i.AbstractProblemLoader Environment load took 229.71ns 
37558      INFO  main            d.u.i.k.p.i.AbstractProblemLoader Creating init config 
39994      DEBUG main            d.u.i.k.p.i.AbstractProblemLoader Init config took 2.44s 
40014      INFO  main            d.u.i.k.p.i.AbstractProblemLoader Replaying proof array2Dim.key 
40025      DEBUG main            d.u.i.k.p.i.IntermediateProofReplayer Proof replay took 7.7ns 
43244      INFO  main            d.u.i.k.p.r.p.TestFile    ... finished proof: open goal(s) 
43514      INFO  main            d.u.i.k.p.r.p.TestFile    Now processing file /home/runner/work/key/key/key.core/../key.ui/examples/standard_key/arrays/arrayStoreException/array2DimClose.key 
43515      INFO  main            d.u.i.k.p.i.AbstractProblemLoader Loading environment from /home/runner/work/key/key/key.core/../key.ui/examples/standard_key/arrays/arrayStoreException/array2DimClose.key 
43515      DEBUG main            d.u.i.k.p.i.AbstractProblemLoader Environment load took 67.6ns 
43517      INFO  main            d.u.i.k.p.i.AbstractProblemLoader Creating init config 
45894      DEBUG main            d.u.i.k.p.i.AbstractProblemLoader Init config took 2.38s 
45912      INFO  main            d.u.i.k.p.i.AbstractProblemLoader Replaying proof array2DimClose.key 
45914      DEBUG main            d.u.i.k.p.i.IntermediateProofReplayer Proof replay took 5.8ns 
48140      INFO  main            d.u.i.k.p.r.p.TestFile    ... finished proof: open goal(s) 
48496      INFO  main            d.u.i.k.p.r.p.TestFile    Now processing file /home/runner/work/key/key/key.core/../key.ui/examples/standard_key/arrays/arrayStoreException/throwASEForPrim.key 
48497      INFO  main            d.u.i.k.p.i.AbstractProblemLoader Loading environment from /home/runner/work/key/key/key.core/../key.ui/examples/standard_key/arrays/arrayStoreException/throwASEForPrim.key 
48497      DEBUG main            d.u.i.k.p.i.AbstractProblemLoader Environment load took 67.5ns 
48498      INFO  main            d.u.i.k.p.i.AbstractProblemLoader Creating init config 
50853      DEBUG main            d.u.i.k.p.i.AbstractProblemLoader Init config took 2.36s 
50871      INFO  main            d.u.i.k.p.i.AbstractProblemLoader Replaying proof throwASEForPrim.key 
50872      DEBUG main            d.u.i.k.p.i.IntermediateProofReplayer Proof replay took 5.8ns 
55025      INFO  main            d.u.i.k.p.r.p.TestFile    ... finished proof: open goal(s) 
2819751    INFO  Test worker     d.u.i.k.p.r.RunAllProofsTestUnit Returning from test arrays 
2819752    INFO  Test worker     d.u.i.k.p.r.RunAllProofsTestUnit Running test javadl 
412        INFO  Timeout watchdog d.u.i.k.p.r.p.ForkedTestFileRunner Timeout watcher launched (2000 secs.) 
437        WARN  main            d.u.i.k.s.ProofSettings   The settings in /home/runner/.key/proof-settings.props are *not* read. 
478        INFO  main            d.u.i.k.p.r.p.TestFile    Now processing file /home/runner/work/key/key/key.core/../key.ui/examples/standard_key/instanceCreation/instanceCreation1.key 
593        INFO  main            d.u.i.k.p.i.AbstractProblemLoader Loading environment from /home/runner/work/key/key/key.core/../key.ui/examples/standard_key/instanceCreation/instanceCreation1.key 
610        DEBUG main            d.u.i.k.p.i.AbstractProblemLoader Environment load took 1.91ms 
881        INFO  main            d.u.i.k.p.i.AbstractProblemLoader Creating init config 
1796       DEBUG main            d.u.i.k.j.TypeConverter   No LDT found for Meta 
1796       DEBUG main            d.u.i.k.j.TypeConverter   No LDT found for Meta 
1798       DEBUG main            d.u.i.k.j.TypeConverter   No LDT found for Meta 
1798       DEBUG main            d.u.i.k.j.TypeConverter   No LDT found for Meta 
3143       DEBUG main            d.u.i.k.j.TypeConverter   No LDT found for JavaBigintExpression 
7939       DEBUG main            d.u.i.k.p.i.AbstractProblemLoader Init config took 7.06s 
8023       INFO  main            d.u.i.k.p.i.AbstractProblemLoader Replaying proof instanceCreation1.key 
8059       DEBUG main            d.u.i.k.p.i.IntermediateProofReplayer Proof replay took 31.1ns 
8996       INFO  main            d.u.i.k.p.r.p.TestFile    ... finished proof: closed. 
9108       INFO  main            d.u.i.k.p.i.AbstractProblemLoader Loading environment from /home/runner/work/key/key/key.core/../key.ui/examples/standard_key/instanceCreation/instanceCreation1.key.proof 
9109       DEBUG main            d.u.i.k.p.i.AbstractProblemLoader Environment load took 452.51ns 
9113       INFO  main            d.u.i.k.p.i.AbstractProblemLoader Creating init config 
11790      DEBUG main            d.u.i.k.p.i.AbstractProblemLoader Init config took 2.68s 
11821      INFO  main            d.u.i.k.p.i.AbstractProblemLoader Replaying proof instanceCreation1.key.proof 
11935      DEBUG main            d.u.i.k.p.i.IntermediateProofReplayer Proof replay took 108.11ms 
11947      DEBUG main            d.u.i.k.p.r.p.TestFile    ... success: reloaded. 
11952      INFO  main            d.u.i.k.p.r.p.TestFile    Now processing file /home/runner/work/key/key/key.core/../key.ui/examples/standard_key/instanceCreation/instanceCreation2.key 
11968      INFO  main            d.u.i.k.p.i.AbstractProblemLoader Loading environment from /home/runner/work/key/key/key.core/../key.ui/examples/standard_key/instanceCreation/instanceCreation2.key 
11969      DEBUG main            d.u.i.k.p.i.AbstractProblemLoader Environment load took 460.91ns 
11971      INFO  main            d.u.i.k.p.i.AbstractProblemLoader Creating init config 
14632      DEBUG main            d.u.i.k.p.i.AbstractProblemLoader Init config took 2.66s 
14677      INFO  main            d.u.i.k.p.i.AbstractProblemLoader Replaying proof instanceCreation2.key 
14683      DEBUG main            d.u.i.k.p.i.IntermediateProofReplayer Proof replay took 7.8ns 
15290      INFO  main            d.u.i.k.p.r.p.TestFile    ... finished proof: closed. 
15461      INFO  main            d.u.i.k.p.i.AbstractProblemLoader Loading environment from /home/runner/work/key/key/key.core/../key.ui/examples/standard_key/instanceCreation/instanceCreation2.key.proof 
15461      DEBUG main            d.u.i.k.p.i.AbstractProblemLoader Environment load took 205.8ns 
15463      INFO  main            d.u.i.k.p.i.AbstractProblemLoader Creating init config 
17930      DEBUG main            d.u.i.k.p.i.AbstractProblemLoader Init config took 2.47s 
17964      INFO  main            d.u.i.k.p.i.AbstractProblemLoader Replaying proof instanceCreation2.key.proof 
18042      DEBUG main            d.u.i.k.p.i.IntermediateProofReplayer Proof replay took 73.22ms 
18044      DEBUG main            d.u.i.k.p.r.p.TestFile    ... success: reloaded. 
18045      INFO  main            d.u.i.k.p.r.p.TestFile    Now processing file /home/runner/work/key/key/key.core/../key.ui/examples/standard_key/instanceCreation/interfacesAndAbstractClassesHaveNoInstances.key 
18045      INFO  main            d.u.i.k.p.i.AbstractProblemLoader Loading environment from /home/runner/work/key/key/key.core/../key.ui/examples/standard_key/instanceCreation/interfacesAndAbstractClassesHaveNoInstances.key 
18045      DEBUG main            d.u.i.k.p.i.AbstractProblemLoader Environment load took 212.41ns 
18047      INFO  main            d.u.i.k.p.i.AbstractProblemLoader Creating init config 
20569      DEBUG main            d.u.i.k.p.i.AbstractProblemLoader Init config took 2.52s 
20592      INFO  main            d.u.i.k.p.i.AbstractProblemLoader Replaying proof interfacesAndAbstractClassesHaveNoInstances.key 
20594      DEBUG main            d.u.i.k.p.i.IntermediateProofReplayer Proof replay took 5.8ns 
20696      INFO  main            d.u.i.k.p.r.p.TestFile    ... finished proof: closed. 
20853      INFO  main            d.u.i.k.p.i.AbstractProblemLoader Loading environment from /home/runner/work/key/key/key.core/../key.ui/examples/standard_key/instanceCreation/interfacesAndAbstractClassesHaveNoInstances.key.proof 
20853      DEBUG main            d.u.i.k.p.i.AbstractProblemLoader Environment load took 130.2ns 
20855      INFO  main            d.u.i.k.p.i.AbstractProblemLoader Creating init config 
23308      DEBUG main            d.u.i.k.p.i.AbstractProblemLoader Init config took 2.45s 
23329      INFO  main            d.u.i.k.p.i.AbstractProblemLoader Replaying proof interfacesAndAbstractClassesHaveNoInstances.key.proof 
23332      DEBUG main            d.u.i.k.p.i.IntermediateProofReplayer Proof replay took 1.11ms 
23333      DEBUG main            d.u.i.k.p.r.p.TestFile    ... success: reloaded. 
23334      INFO  main            d.u.i.k.p.r.p.TestFile    Now processing file /home/runner/work/key/key/key.core/../key.ui/examples/standard_key/instanceCreation/successiveCreatedObjectsAreDistinct.key 
23334      INFO  main            d.u.i.k.p.i.AbstractProblemLoader Loading environment from /home/runner/work/key/key/key.core/../key.ui/examples/standard_key/instanceCreation/successiveCreatedObjectsAreDistinct.key 
23335      DEBUG main            d.u.i.k.p.i.AbstractProblemLoader Environment load took 141.7ns 
23336      INFO  main            d.u.i.k.p.i.AbstractProblemLoader Creating init config 
25804      DEBUG main            d.u.i.k.p.i.AbstractProblemLoader Init config took 2.47s 
25826      INFO  main            d.u.i.k.p.i.AbstractProblemLoader Replaying proof successiveCreatedObjectsAreDistinct.key 
25828      DEBUG main            d.u.i.k.p.i.IntermediateProofReplayer Proof replay took 5.9ns 
26232      INFO  main            d.u.i.k.p.r.p.TestFile    ... finished proof: closed. 
26386      INFO  main            d.u.i.k.p.i.AbstractProblemLoader Loading environment from /home/runner/work/key/key/key.core/../key.ui/examples/standard_key/instanceCreation/successiveCreatedObjectsAreDistinct.key.proof 
26387      DEBUG main            d.u.i.k.p.i.AbstractProblemLoader Environment load took 677.21ns 
26388      INFO  main            d.u.i.k.p.i.AbstractProblemLoader Creating init config 
28821      DEBUG main            d.u.i.k.p.i.AbstractProblemLoader Init config took 2.43s 
28843      INFO  main            d.u.i.k.p.i.AbstractProblemLoader Replaying proof successiveCreatedObjectsAreDistinct.key.proof 
28908      DEBUG main            d.u.i.k.p.i.IntermediateProofReplayer Proof replay took 61.09ms 
28909      DEBUG main            d.u.i.k.p.r.p.TestFile    ... success: reloaded. 
28910      INFO  main            d.u.i.k.p.r.p.TestFile    Now processing file /home/runner/work/key/key/key.core/../key.ui/examples/standard_key/instanceCreation/testOverloadingConstructors.key 
28911      INFO  main            d.u.i.k.p.i.AbstractProblemLoader Loading environment from /home/runner/work/key/key/key.core/../key.ui/examples/standard_key/instanceCreation/testOverloadingConstructors.key 
28911      DEBUG main            d.u.i.k.p.i.AbstractProblemLoader Environment load took 219ns 
28912      INFO  main            d.u.i.k.p.i.AbstractProblemLoader Creating init config 
31381      DEBUG main            d.u.i.k.p.i.AbstractProblemLoader Init config took 2.47s 
31402      INFO  main            d.u.i.k.p.i.AbstractProblemLoader Replaying proof testOverloadingConstructors.key 
31404      DEBUG main            d.u.i.k.p.i.IntermediateProofReplayer Proof replay took 6.2ns 
31610      INFO  main            d.u.i.k.p.r.p.TestFile    ... finished proof: closed. 
31779      INFO  main            d.u.i.k.p.i.AbstractProblemLoader Loading environment from /home/runner/work/key/key/key.core/../key.ui/examples/standard_key/instanceCreation/testOverloadingConstructors.key.proof 
31779      DEBUG main            d.u.i.k.p.i.AbstractProblemLoader Environment load took 130.6ns 
31780      INFO  main            d.u.i.k.p.i.AbstractProblemLoader Creating init config 
34186      DEBUG main            d.u.i.k.p.i.AbstractProblemLoader Init config took 2.41s 
34207      INFO  main            d.u.i.k.p.i.AbstractProblemLoader Replaying proof testOverloadingConstructors.key.proof 
34248      DEBUG main            d.u.i.k.p.i.IntermediateProofReplayer Proof replay took 37.24ms 
34249      DEBUG main            d.u.i.k.p.r.p.TestFile    ... success: reloaded. 
34250      INFO  main            d.u.i.k.p.r.p.TestFile    Now processing file /home/runner/work/key/key/key.core/../key.ui/examples/standard_key/java_dl/SimpleAttributes.key 
34250      INFO  main            d.u.i.k.p.i.AbstractProblemLoader Loading environment from /home/runner/work/key/key/key.core/../key.ui/examples/standard_key/java_dl/SimpleAttributes.key 
34251      DEBUG main            d.u.i.k.p.i.AbstractProblemLoader Environment load took 224.1ns 
34252      INFO  main            d.u.i.k.p.i.AbstractProblemLoader Creating init config 
36640      DEBUG main            d.u.i.k.p.i.AbstractProblemLoader Init config took 2.39s 
36661      INFO  main            d.u.i.k.p.i.AbstractProblemLoader Replaying proof SimpleAttributes.key 
36662      DEBUG main            d.u.i.k.p.i.IntermediateProofReplayer Proof replay took 7ns 
36766      INFO  main            d.u.i.k.p.r.p.TestFile    ... finished proof: closed. 
36934      INFO  main            d.u.i.k.p.i.AbstractProblemLoader Loading environment from /home/runner/work/key/key/key.core/../key.ui/examples/standard_key/java_dl/SimpleAttributes.key.proof 
36934      DEBUG main            d.u.i.k.p.i.AbstractProblemLoader Environment load took 134.6ns 
36935      INFO  main            d.u.i.k.p.i.AbstractProblemLoader Creating init config 
39270      DEBUG main            d.u.i.k.p.i.AbstractProblemLoader Init config took 2.34s 
39291      INFO  main            d.u.i.k.p.i.AbstractProblemLoader Replaying proof SimpleAttributes.key.proof 
39312      DEBUG main            d.u.i.k.p.i.IntermediateProofReplayer Proof replay took 18.39ms 
39321      DEBUG main            d.u.i.k.p.r.p.TestFile    ... success: reloaded. 
39322      INFO  main            d.u.i.k.p.r.p.TestFile    Now processing file /home/runner/work/key/key/key.core/../key.ui/examples/standard_key/java_dl/arrayMax.key 
39322      INFO  main            d.u.i.k.p.i.AbstractProblemLoader Loading environment from /home/runner/work/key/key/key.core/../key.ui/examples/standard_key/java_dl/arrayMax.key 
39322      DEBUG main            d.u.i.k.p.i.AbstractProblemLoader Environment load took 196.7ns 
39325      INFO  main            d.u.i.k.p.i.AbstractProblemLoader Creating init config 
41812      DEBUG main            d.u.i.k.p.i.AbstractProblemLoader Init config took 2.49s 
41834      INFO  main            d.u.i.k.p.i.AbstractProblemLoader Replaying proof arrayMax.key 
41836      DEBUG main            d.u.i.k.p.i.IntermediateProofReplayer Proof replay took 6.5ns 
43249      INFO  main            d.u.i.k.p.r.p.TestFile    ... finished proof: closed. 
43454      INFO  main            d.u.i.k.p.i.AbstractProblemLoader Loading environment from /home/runner/work/key/key/key.core/../key.ui/examples/standard_key/java_dl/arrayMax.key.proof 
43456      DEBUG main            d.u.i.k.p.i.AbstractProblemLoader Environment load took 2.6ms 
43458      INFO  main            d.u.i.k.p.i.AbstractProblemLoader Creating init config 
45862      DEBUG main            d.u.i.k.p.i.AbstractProblemLoader Init config took 2.4s 
45885      INFO  main            d.u.i.k.p.i.AbstractProblemLoader Replaying proof arrayMax.key.proof 
46046      DEBUG main            d.u.i.k.p.i.IntermediateProofReplayer Proof replay took 153.83ms 
46048      DEBUG main            d.u.i.k.p.r.p.TestFile    ... success: reloaded. 
46049      INFO  main            d.u.i.k.p.r.p.TestFile    Now processing file /home/runner/work/key/key/key.core/../key.ui/examples/standard_key/java_dl/arrayUpdateSimp.key 
46050      INFO  main            d.u.i.k.p.i.AbstractProblemLoader Loading environment from /home/runner/work/key/key/key.core/../key.ui/examples/standard_key/java_dl/arrayUpdateSimp.key 
46050      DEBUG main            d.u.i.k.p.i.AbstractProblemLoader Environment load took 195.7ns 
46052      INFO  main            d.u.i.k.p.i.AbstractProblemLoader Creating init config 
46077      WARN  main            d.u.i.k.j.r.KeYCrossReferenceNameInfo Datatype java.io.PrintStream declared twice: Once in FILE:/home/runner/work/key/key/key.core/../key.ui/examples/standard_key/java_dl/./classpath/PrintStream.java and once in URL:file:/home/runner/work/key/key/key.core/build/resources/main/de/uka/ilkd/key/java/JavaRedux/java/io/PrintStream.java, Keeping one from URL:file:/home/runner/work/key/key/key.core/build/resources/main/de/uka/ilkd/key/java/JavaRedux/java/io/PrintStream.java 
46077      WARN  main            d.u.i.k.j.r.KeYCrossReferenceNameInfo Datatype java.lang.System declared twice: Once in FILE:/home/runner/work/key/key/key.core/../key.ui/examples/standard_key/java_dl/./classpath/System.java and once in URL:file:/home/runner/work/key/key/key.core/build/resources/main/de/uka/ilkd/key/java/JavaRedux/java/lang/System.java, Keeping one from URL:file:/home/runner/work/key/key/key.core/build/resources/main/de/uka/ilkd/key/java/JavaRedux/java/lang/System.java 
46077      WARN  main            d.u.i.k.j.r.KeYCrossReferenceNameInfo Datatype java.io.InputStream declared twice: Once in FILE:/home/runner/work/key/key/key.core/../key.ui/examples/standard_key/java_dl/./classpath/InputStream.java and once in URL:file:/home/runner/work/key/key/key.core/build/resources/main/de/uka/ilkd/key/java/JavaRedux/java/io/InputStream.java, Keeping one from URL:file:/home/runner/work/key/key/key.core/build/resources/main/de/uka/ilkd/key/java/JavaRedux/java/io/InputStream.java 
46083      DEBUG main            d.u.i.k.j.r.ClassFileDeclarationBuilder Parsing: package java.io; public class Closeable { } 
46083      DEBUG main            r.s.KeYCrossReferenceSourceInfo Dynamically created class: java.io.Closeable 
48720      DEBUG main            d.u.i.k.p.i.AbstractProblemLoader Init config took 2.67s 
48741      INFO  main            d.u.i.k.p.i.AbstractProblemLoader Replaying proof arrayUpdateSimp.key 
48743      DEBUG main            d.u.i.k.p.i.IntermediateProofReplayer Proof replay took 7.3ns 
48845      INFO  main            d.u.i.k.p.r.p.TestFile    ... finished proof: closed. 
49074      INFO  main            d.u.i.k.p.i.AbstractProblemLoader Loading environment from /home/runner/work/key/key/key.core/../key.ui/examples/standard_key/java_dl/arrayUpdateSimp.key.proof 
49075      DEBUG main            d.u.i.k.p.i.AbstractProblemLoader Environment load took 124.7ns 
49079      INFO  main            d.u.i.k.p.i.AbstractProblemLoader Creating init config 
49102      WARN  main            d.u.i.k.j.r.KeYCrossReferenceNameInfo Datatype java.io.PrintStream declared twice: Once in FILE:/home/runner/work/key/key/key.core/../key.ui/examples/standard_key/java_dl/classpath/PrintStream.java and once in URL:file:/home/runner/work/key/key/key.core/build/resources/main/de/uka/ilkd/key/java/JavaRedux/java/io/PrintStream.java, Keeping one from URL:file:/home/runner/work/key/key/key.core/build/resources/main/de/uka/ilkd/key/java/JavaRedux/java/io/PrintStream.java 
49103      WARN  main            d.u.i.k.j.r.KeYCrossReferenceNameInfo Datatype java.lang.System declared twice: Once in FILE:/home/runner/work/key/key/key.core/../key.ui/examples/standard_key/java_dl/classpath/System.java and once in URL:file:/home/runner/work/key/key/key.core/build/resources/main/de/uka/ilkd/key/java/JavaRedux/java/lang/System.java, Keeping one from URL:file:/home/runner/work/key/key/key.core/build/resources/main/de/uka/ilkd/key/java/JavaRedux/java/lang/System.java 
49103      WARN  main            d.u.i.k.j.r.KeYCrossReferenceNameInfo Datatype java.io.InputStream declared twice: Once in FILE:/home/runner/work/key/key/key.core/../key.ui/examples/standard_key/java_dl/classpath/InputStream.java and once in URL:file:/home/runner/work/key/key/key.core/build/resources/main/de/uka/ilkd/key/java/JavaRedux/java/io/InputStream.java, Keeping one from URL:file:/home/runner/work/key/key/key.core/build/resources/main/de/uka/ilkd/key/java/JavaRedux/java/io/InputStream.java 
49106      DEBUG main            d.u.i.k.j.r.ClassFileDeclarationBuilder Parsing: package java.io; public class Closeable { } 
49107      DEBUG main            r.s.KeYCrossReferenceSourceInfo Dynamically created class: java.io.Closeable 
51551      DEBUG main            d.u.i.k.p.i.AbstractProblemLoader Init config took 2.47s 
51573      INFO  main            d.u.i.k.p.i.AbstractProblemLoader Replaying proof arrayUpdateSimp.key.proof 
51575      DEBUG main            d.u.i.k.p.i.IntermediateProofReplayer Proof replay took 627.91ns 
51577      DEBUG main            d.u.i.k.p.r.p.TestFile    ... success: reloaded. 
51578      INFO  main            d.u.i.k.p.r.p.TestFile    Now processing file /home/runner/work/key/key/key.core/../key.ui/examples/standard_key/java_dl/attributes.key 
51578      INFO  main            d.u.i.k.p.i.AbstractProblemLoader Loading environment from /home/runner/work/key/key/key.core/../key.ui/examples/standard_key/java_dl/attributes.key 
51579      DEBUG main            d.u.i.k.p.i.AbstractProblemLoader Environment load took 189.9ns 
51580      INFO  main            d.u.i.k.p.i.AbstractProblemLoader Creating init config 
54052      DEBUG main            d.u.i.k.p.i.AbstractProblemLoader Init config took 2.47s 
54072      INFO  main            d.u.i.k.p.i.AbstractProblemLoader Replaying proof attributes.key 
54073      DEBUG main            d.u.i.k.p.i.IntermediateProofReplayer Proof replay took 7.4ns 
54276      INFO  main            d.u.i.k.p.r.p.TestFile    ... finished proof: closed. 
54475      INFO  main            d.u.i.k.p.i.AbstractProblemLoader Loading environment from /home/runner/work/key/key/key.core/../key.ui/examples/standard_key/java_dl/attributes.key.proof 
54475      DEBUG main            d.u.i.k.p.i.AbstractProblemLoader Environment load took 119.1ns 
54476      INFO  main            d.u.i.k.p.i.AbstractProblemLoader Creating init config 
56872      DEBUG main            d.u.i.k.p.i.AbstractProblemLoader Init config took 2.4s 
56892      INFO  main            d.u.i.k.p.i.AbstractProblemLoader Replaying proof attributes.key.proof 
56927      DEBUG main            d.u.i.k.p.i.IntermediateProofReplayer Proof replay took 32.46ms 
56928      DEBUG main            d.u.i.k.p.r.p.TestFile    ... success: reloaded. 
56929      INFO  main            d.u.i.k.p.r.p.TestFile    Now processing file /home/runner/work/key/key/key.core/../key.ui/examples/standard_key/java_dl/break.key 
56929      INFO  main            d.u.i.k.p.i.AbstractProblemLoader Loading environment from /home/runner/work/key/key/key.core/../key.ui/examples/standard_key/java_dl/break.key 
56929      DEBUG main            d.u.i.k.p.i.AbstractProblemLoader Environment load took 83.3ns 
56931      INFO  main            d.u.i.k.p.i.AbstractProblemLoader Creating init config 
56961      WARN  main            d.u.i.k.j.r.KeYCrossReferenceNameInfo Datatype java.io.PrintStream declared twice: Once in FILE:/home/runner/work/key/key/key.core/../key.ui/examples/standard_key/java_dl/classpath/PrintStream.java and once in URL:file:/home/runner/work/key/key/key.core/build/resources/main/de/uka/ilkd/key/java/JavaRedux/java/io/PrintStream.java, Keeping one from URL:file:/home/runner/work/key/key/key.core/build/resources/main/de/uka/ilkd/key/java/JavaRedux/java/io/PrintStream.java 
56962      WARN  main            d.u.i.k.j.r.KeYCrossReferenceNameInfo Datatype java.lang.System declared twice: Once in FILE:/home/runner/work/key/key/key.core/../key.ui/examples/standard_key/java_dl/classpath/System.java and once in URL:file:/home/runner/work/key/key/key.core/build/resources/main/de/uka/ilkd/key/java/JavaRedux/java/lang/System.java, Keeping one from URL:file:/home/runner/work/key/key/key.core/build/resources/main/de/uka/ilkd/key/java/JavaRedux/java/lang/System.java 
56962      WARN  main            d.u.i.k.j.r.KeYCrossReferenceNameInfo Datatype java.io.InputStream declared twice: Once in FILE:/home/runner/work/key/key/key.core/../key.ui/examples/standard_key/java_dl/classpath/InputStream.java and once in URL:file:/home/runner/work/key/key/key.core/build/resources/main/de/uka/ilkd/key/java/JavaRedux/java/io/InputStream.java, Keeping one from URL:file:/home/runner/work/key/key/key.core/build/resources/main/de/uka/ilkd/key/java/JavaRedux/java/io/InputStream.java 
56965      DEBUG main            d.u.i.k.j.r.ClassFileDeclarationBuilder Parsing: package java.io; public class Closeable { } 
56965      DEBUG main            r.s.KeYCrossReferenceSourceInfo Dynamically created class: java.io.Closeable 
59421      DEBUG main            d.u.i.k.p.i.AbstractProblemLoader Init config took 2.49s 
59441      INFO  main            d.u.i.k.p.i.AbstractProblemLoader Replaying proof break.key 
59443      DEBUG main            d.u.i.k.p.i.IntermediateProofReplayer Proof replay took 7.3ns 
59545      INFO  main            d.u.i.k.p.r.p.TestFile    ... finished proof: closed. 
59729      INFO  main            d.u.i.k.p.i.AbstractProblemLoader Loading environment from /home/runner/work/key/key/key.core/../key.ui/examples/standard_key/java_dl/break.key.proof 
59729      DEBUG main            d.u.i.k.p.i.AbstractProblemLoader Environment load took 118.4ns 
59731      INFO  main            d.u.i.k.p.i.AbstractProblemLoader Creating init config 
59762      WARN  main            d.u.i.k.j.r.KeYCrossReferenceNameInfo Datatype java.io.PrintStream declared twice: Once in FILE:/home/runner/work/key/key/key.core/../key.ui/examples/standard_key/java_dl/classpath/PrintStream.java and once in URL:file:/home/runner/work/key/key/key.core/build/resources/main/de/uka/ilkd/key/java/JavaRedux/java/io/PrintStream.java, Keeping one from URL:file:/home/runner/work/key/key/key.core/build/resources/main/de/uka/ilkd/key/java/JavaRedux/java/io/PrintStream.java 
59763      WARN  main            d.u.i.k.j.r.KeYCrossReferenceNameInfo Datatype java.lang.System declared twice: Once in FILE:/home/runner/work/key/key/key.core/../key.ui/examples/standard_key/java_dl/classpath/System.java and once in URL:file:/home/runner/work/key/key/key.core/build/resources/main/de/uka/ilkd/key/java/JavaRedux/java/lang/System.java, Keeping one from URL:file:/home/runner/work/key/key/key.core/build/resources/main/de/uka/ilkd/key/java/JavaRedux/java/lang/System.java 
59763      WARN  main            d.u.i.k.j.r.KeYCrossReferenceNameInfo Datatype java.io.InputStream declared twice: Once in FILE:/home/runner/work/key/key/key.core/../key.ui/examples/standard_key/java_dl/classpath/InputStream.java and once in URL:file:/home/runner/work/key/key/key.core/build/resources/main/de/uka/ilkd/key/java/JavaRedux/java/io/InputStream.java, Keeping one from URL:file:/home/runner/work/key/key/key.core/build/resources/main/de/uka/ilkd/key/java/JavaRedux/java/io/InputStream.java 
59767      DEBUG main            d.u.i.k.j.r.ClassFileDeclarationBuilder Parsing: package java.io; public class Closeable { } 
59767      DEBUG main            r.s.KeYCrossReferenceSourceInfo Dynamically created class: java.io.Closeable 
62119      DEBUG main            d.u.i.k.p.i.AbstractProblemLoader Init config took 2.39s 
62136      INFO  main            d.u.i.k.p.i.AbstractProblemLoader Replaying proof break.key.proof 
62144      DEBUG main            d.u.i.k.p.i.IntermediateProofReplayer Proof replay took 6.39ms 
62145      DEBUG main            d.u.i.k.p.r.p.TestFile    ... success: reloaded. 
62146      INFO  main            d.u.i.k.p.r.p.TestFile    Now processing file /home/runner/work/key/key/key.core/../key.ui/examples/standard_key/java_dl/char.key 
62147      INFO  main            d.u.i.k.p.i.AbstractProblemLoader Loading environment from /home/runner/work/key/key/key.core/../key.ui/examples/standard_key/java_dl/char.key 
62147      DEBUG main            d.u.i.k.p.i.AbstractProblemLoader Environment load took 90.5ns 
62148      INFO  main            d.u.i.k.p.i.AbstractProblemLoader Creating init config 
64549      DEBUG main            d.u.i.k.p.i.AbstractProblemLoader Init config took 2.4s 
64567      INFO  main            d.u.i.k.p.i.AbstractProblemLoader Replaying proof char.key 
64569      DEBUG main            d.u.i.k.p.i.IntermediateProofReplayer Proof replay took 7.1ns 
64675      INFO  main            d.u.i.k.p.r.p.TestFile    ... finished proof: closed. 
64909      INFO  main            d.u.i.k.p.i.AbstractProblemLoader Loading environment from /home/runner/work/key/key/key.core/../key.ui/examples/standard_key/java_dl/char.key.proof 
64909      DEBUG main            d.u.i.k.p.i.AbstractProblemLoader Environment load took 122ns 
64911      INFO  main            d.u.i.k.p.i.AbstractProblemLoader Creating init config 
67267      DEBUG main            d.u.i.k.p.i.AbstractProblemLoader Init config took 2.36s 
67283      INFO  main            d.u.i.k.p.i.AbstractProblemLoader Replaying proof char.key.proof 
67290      DEBUG main            d.u.i.k.p.i.IntermediateProofReplayer Proof replay took 2.07ms 
67291      DEBUG main            d.u.i.k.p.r.p.TestFile    ... success: reloaded. 
67293      INFO  main            d.u.i.k.p.r.p.TestFile    Now processing file /home/runner/work/key/key/key.core/../key.ui/examples/standard_key/java_dl/compileTimeConstants.key 
67293      INFO  main            d.u.i.k.p.i.AbstractProblemLoader Loading environment from /home/runner/work/key/key/key.core/../key.ui/examples/standard_key/java_dl/compileTimeConstants.key 
67293      DEBUG main            d.u.i.k.p.i.AbstractProblemLoader Environment load took 206.31ns 
67295      INFO  main            d.u.i.k.p.i.AbstractProblemLoader Creating init config 
69720      DEBUG main            d.u.i.k.p.i.AbstractProblemLoader Init config took 2.43s 
69736      INFO  main            d.u.i.k.p.i.AbstractProblemLoader Replaying proof compileTimeConstants.key 
69738      DEBUG main            d.u.i.k.p.i.IntermediateProofReplayer Proof replay took 7.1ns 
69841      INFO  main            d.u.i.k.p.r.p.TestFile    ... finished proof: closed. 
70065      INFO  main            d.u.i.k.p.i.AbstractProblemLoader Loading environment from /home/runner/work/key/key/key.core/../key.ui/examples/standard_key/java_dl/compileTimeConstants.key.proof 
70065      DEBUG main            d.u.i.k.p.i.AbstractProblemLoader Environment load took 118.8ns 
70067      INFO  main            d.u.i.k.p.i.AbstractProblemLoader Creating init config 
72459      DEBUG main            d.u.i.k.p.i.AbstractProblemLoader Init config took 2.39s 
72476      INFO  main            d.u.i.k.p.i.AbstractProblemLoader Replaying proof compileTimeConstants.key.proof 
72488      DEBUG main            d.u.i.k.p.i.IntermediateProofReplayer Proof replay took 9.61ms 
72489      DEBUG main            d.u.i.k.p.r.p.TestFile    ... success: reloaded. 
72490      INFO  main            d.u.i.k.p.r.p.TestFile    Now processing file /home/runner/work/key/key/key.core/../key.ui/examples/standard_key/java_dl/constructorException/test.key 
72490      INFO  main            d.u.i.k.p.i.AbstractProblemLoader Loading environment from /home/runner/work/key/key/key.core/../key.ui/examples/standard_key/java_dl/constructorException/test.key 
72490      DEBUG main            d.u.i.k.p.i.AbstractProblemLoader Environment load took 161.2ns 
72491      INFO  main            d.u.i.k.p.i.AbstractProblemLoader Creating init config 
74965      DEBUG main            d.u.i.k.p.i.AbstractProblemLoader Init config took 2.47s 
75031      INFO  main            d.u.i.k.p.i.AbstractProblemLoader Replaying proof Test[Test::Test(int)].JML operation contract.0 
75032      DEBUG main            d.u.i.k.p.i.IntermediateProofReplayer Proof replay took 7ns 
75238      INFO  main            d.u.i.k.p.r.p.TestFile    ... finished proof: closed. 
75510      INFO  main            d.u.i.k.p.i.AbstractProblemLoader Loading environment from /home/runner/work/key/key/key.core/../key.ui/examples/standard_key/java_dl/constructorException/test.key.proof 
75510      DEBUG main            d.u.i.k.p.i.AbstractProblemLoader Environment load took 117.3ns 
75511      INFO  main            d.u.i.k.p.i.AbstractProblemLoader Creating init config 
77931      DEBUG main            d.u.i.k.p.i.AbstractProblemLoader Init config took 2.42s 
77978      INFO  main            d.u.i.k.p.i.AbstractProblemLoader Replaying proof Test[Test::Test(int)].JML operation contract.0 
78028      DEBUG main            d.u.i.k.p.i.IntermediateProofReplayer Proof replay took 47.4ms 
78029      DEBUG main            d.u.i.k.p.r.p.TestFile    ... success: reloaded. 
78030      INFO  main            d.u.i.k.p.r.p.TestFile    Now processing file /home/runner/work/key/key/key.core/../key.ui/examples/standard_key/java_dl/constructorException/regressionTestBug1333.key 
78031      INFO  main            d.u.i.k.p.i.AbstractProblemLoader Loading environment from /home/runner/work/key/key/key.core/../key.ui/examples/standard_key/java_dl/constructorException/regressionTestBug1333.key 
78031      DEBUG main            d.u.i.k.p.i.AbstractProblemLoader Environment load took 211.9ns 
78032      INFO  main            d.u.i.k.p.i.AbstractProblemLoader Creating init config 
80446      DEBUG main            d.u.i.k.p.i.AbstractProblemLoader Init config took 2.41s 
80484      INFO  main            d.u.i.k.p.i.AbstractProblemLoader Replaying proof False[False::False()].JML normal_behavior operation contract.0 
80487      DEBUG main            d.u.i.k.p.i.IntermediateProofReplayer Proof replay took 6.5ns 
80590      INFO  main            d.u.i.k.p.r.p.TestFile    ... finished proof: open goal(s) 
80809      INFO  main            d.u.i.k.p.r.p.TestFile    Now processing file /home/runner/work/key/key/key.core/../key.ui/examples/standard_key/java_dl/continue1.key 
80809      INFO  main            d.u.i.k.p.i.AbstractProblemLoader Loading environment from /home/runner/work/key/key/key.core/../key.ui/examples/standard_key/java_dl/continue1.key 
80809      DEBUG main            d.u.i.k.p.i.AbstractProblemLoader Environment load took 65.3ns 
80810      INFO  main            d.u.i.k.p.i.AbstractProblemLoader Creating init config 
80834      WARN  main            d.u.i.k.j.r.KeYCrossReferenceNameInfo Datatype java.io.PrintStream declared twice: Once in FILE:/home/runner/work/key/key/key.core/../key.ui/examples/standard_key/java_dl/classpath/PrintStream.java and once in URL:file:/home/runner/work/key/key/key.core/build/resources/main/de/uka/ilkd/key/java/JavaRedux/java/io/PrintStream.java, Keeping one from URL:file:/home/runner/work/key/key/key.core/build/resources/main/de/uka/ilkd/key/java/JavaRedux/java/io/PrintStream.java 
80835      WARN  main            d.u.i.k.j.r.KeYCrossReferenceNameInfo Datatype java.lang.System declared twice: Once in FILE:/home/runner/work/key/key/key.core/../key.ui/examples/standard_key/java_dl/classpath/System.java and once in URL:file:/home/runner/work/key/key/key.core/build/resources/main/de/uka/ilkd/key/java/JavaRedux/java/lang/System.java, Keeping one from URL:file:/home/runner/work/key/key/key.core/build/resources/main/de/uka/ilkd/key/java/JavaRedux/java/lang/System.java 
80835      WARN  main            d.u.i.k.j.r.KeYCrossReferenceNameInfo Datatype java.io.InputStream declared twice: Once in FILE:/home/runner/work/key/key/key.core/../key.ui/examples/standard_key/java_dl/classpath/InputStream.java and once in URL:file:/home/runner/work/key/key/key.core/build/resources/main/de/uka/ilkd/key/java/JavaRedux/java/io/InputStream.java, Keeping one from URL:file:/home/runner/work/key/key/key.core/build/resources/main/de/uka/ilkd/key/java/JavaRedux/java/io/InputStream.java 
80838      DEBUG main            d.u.i.k.j.r.ClassFileDeclarationBuilder Parsing: package java.io; public class Closeable { } 
80838      DEBUG main            r.s.KeYCrossReferenceSourceInfo Dynamically created class: java.io.Closeable 
83151      DEBUG main            d.u.i.k.p.i.AbstractProblemLoader Init config took 2.34s 
83166      INFO  main            d.u.i.k.p.i.AbstractProblemLoader Replaying proof continue1.key 
83169      DEBUG main            d.u.i.k.p.i.IntermediateProofReplayer Proof replay took 20.4ns 
83271      INFO  main            d.u.i.k.p.r.p.TestFile    ... finished proof: closed. 
83467      INFO  main            d.u.i.k.p.i.AbstractProblemLoader Loading environment from /home/runner/work/key/key/key.core/../key.ui/examples/standard_key/java_dl/continue1.key.proof 
83467      DEBUG main            d.u.i.k.p.i.AbstractProblemLoader Environment load took 120.6ns 
83468      INFO  main            d.u.i.k.p.i.AbstractProblemLoader Creating init config 
83490      WARN  main            d.u.i.k.j.r.KeYCrossReferenceNameInfo Datatype java.io.PrintStream declared twice: Once in FILE:/home/runner/work/key/key/key.core/../key.ui/examples/standard_key/java_dl/classpath/PrintStream.java and once in URL:file:/home/runner/work/key/key/key.core/build/resources/main/de/uka/ilkd/key/java/JavaRedux/java/io/PrintStream.java, Keeping one from URL:file:/home/runner/work/key/key/key.core/build/resources/main/de/uka/ilkd/key/java/JavaRedux/java/io/PrintStream.java 
83490      WARN  main            d.u.i.k.j.r.KeYCrossReferenceNameInfo Datatype java.lang.System declared twice: Once in FILE:/home/runner/work/key/key/key.core/../key.ui/examples/standard_key/java_dl/classpath/System.java and once in URL:file:/home/runner/work/key/key/key.core/build/resources/main/de/uka/ilkd/key/java/JavaRedux/java/lang/System.java, Keeping one from URL:file:/home/runner/work/key/key/key.core/build/resources/main/de/uka/ilkd/key/java/JavaRedux/java/lang/System.java 
83490      WARN  main            d.u.i.k.j.r.KeYCrossReferenceNameInfo Datatype java.io.InputStream declared twice: Once in FILE:/home/runner/work/key/key/key.core/../key.ui/examples/standard_key/java_dl/classpath/InputStream.java and once in URL:file:/home/runner/work/key/key/key.core/build/resources/main/de/uka/ilkd/key/java/JavaRedux/java/io/InputStream.java, Keeping one from URL:file:/home/runner/work/key/key/key.core/build/resources/main/de/uka/ilkd/key/java/JavaRedux/java/io/InputStream.java 
83493      DEBUG main            d.u.i.k.j.r.ClassFileDeclarationBuilder Parsing: package java.io; public class Closeable { } 
83494      DEBUG main            r.s.KeYCrossReferenceSourceInfo Dynamically created class: java.io.Closeable 
85835      DEBUG main            d.u.i.k.p.i.AbstractProblemLoader Init config took 2.37s 
85850      INFO  main            d.u.i.k.p.i.AbstractProblemLoader Replaying proof continue1.key.proof 
85867      DEBUG main            d.u.i.k.p.i.IntermediateProofReplayer Proof replay took 14.58ms 
85868      DEBUG main            d.u.i.k.p.r.p.TestFile    ... success: reloaded. 
85870      INFO  main            d.u.i.k.p.r.p.TestFile    Now processing file /home/runner/work/key/key/key.core/../key.ui/examples/standard_key/java_dl/continue2.key 
85870      INFO  main            d.u.i.k.p.i.AbstractProblemLoader Loading environment from /home/runner/work/key/key/key.core/../key.ui/examples/standard_key/java_dl/continue2.key 
85870      DEBUG main            d.u.i.k.p.i.AbstractProblemLoader Environment load took 184ns 
85871      INFO  main            d.u.i.k.p.i.AbstractProblemLoader Creating init config 
85892      WARN  main            d.u.i.k.j.r.KeYCrossReferenceNameInfo Datatype java.io.PrintStream declared twice: Once in FILE:/home/runner/work/key/key/key.core/../key.ui/examples/standard_key/java_dl/classpath/PrintStream.java and once in URL:file:/home/runner/work/key/key/key.core/build/resources/main/de/uka/ilkd/key/java/JavaRedux/java/io/PrintStream.java, Keeping one from URL:file:/home/runner/work/key/key/key.core/build/resources/main/de/uka/ilkd/key/java/JavaRedux/java/io/PrintStream.java 
85893      WARN  main            d.u.i.k.j.r.KeYCrossReferenceNameInfo Datatype java.lang.System declared twice: Once in FILE:/home/runner/work/key/key/key.core/../key.ui/examples/standard_key/java_dl/classpath/System.java and once in URL:file:/home/runner/work/key/key/key.core/build/resources/main/de/uka/ilkd/key/java/JavaRedux/java/lang/System.java, Keeping one from URL:file:/home/runner/work/key/key/key.core/build/resources/main/de/uka/ilkd/key/java/JavaRedux/java/lang/System.java 
85893      WARN  main            d.u.i.k.j.r.KeYCrossReferenceNameInfo Datatype java.io.InputStream declared twice: Once in FILE:/home/runner/work/key/key/key.core/../key.ui/examples/standard_key/java_dl/classpath/InputStream.java and once in URL:file:/home/runner/work/key/key/key.core/build/resources/main/de/uka/ilkd/key/java/JavaRedux/java/io/InputStream.java, Keeping one from URL:file:/home/runner/work/key/key/key.core/build/resources/main/de/uka/ilkd/key/java/JavaRedux/java/io/InputStream.java 
85896      DEBUG main            d.u.i.k.j.r.ClassFileDeclarationBuilder Parsing: package java.io; public class Closeable { } 
85896      DEBUG main            r.s.KeYCrossReferenceSourceInfo Dynamically created class: java.io.Closeable 
88307      DEBUG main            d.u.i.k.p.i.AbstractProblemLoader Init config took 2.44s 
88323      INFO  main            d.u.i.k.p.i.AbstractProblemLoader Replaying proof continue2.key 
88325      DEBUG main            d.u.i.k.p.i.IntermediateProofReplayer Proof replay took 6.8ns 
88528      INFO  main            d.u.i.k.p.r.p.TestFile    ... finished proof: closed. 
88758      INFO  main            d.u.i.k.p.i.AbstractProblemLoader Loading environment from /home/runner/work/key/key/key.core/../key.ui/examples/standard_key/java_dl/continue2.key.proof 
88758      DEBUG main            d.u.i.k.p.i.AbstractProblemLoader Environment load took 114.6ns 
88759      INFO  main            d.u.i.k.p.i.AbstractProblemLoader Creating init config 
88781      WARN  main            d.u.i.k.j.r.KeYCrossReferenceNameInfo Datatype java.io.PrintStream declared twice: Once in FILE:/home/runner/work/key/key/key.core/../key.ui/examples/standard_key/java_dl/classpath/PrintStream.java and once in URL:file:/home/runner/work/key/key/key.core/build/resources/main/de/uka/ilkd/key/java/JavaRedux/java/io/PrintStream.java, Keeping one from URL:file:/home/runner/work/key/key/key.core/build/resources/main/de/uka/ilkd/key/java/JavaRedux/java/io/PrintStream.java 
88781      WARN  main            d.u.i.k.j.r.KeYCrossReferenceNameInfo Datatype java.lang.System declared twice: Once in FILE:/home/runner/work/key/key/key.core/../key.ui/examples/standard_key/java_dl/classpath/System.java and once in URL:file:/home/runner/work/key/key/key.core/build/resources/main/de/uka/ilkd/key/java/JavaRedux/java/lang/System.java, Keeping one from URL:file:/home/runner/work/key/key/key.core/build/resources/main/de/uka/ilkd/key/java/JavaRedux/java/lang/System.java 
88781      WARN  main            d.u.i.k.j.r.KeYCrossReferenceNameInfo Datatype java.io.InputStream declared twice: Once in FILE:/home/runner/work/key/key/key.core/../key.ui/examples/standard_key/java_dl/classpath/InputStream.java and once in URL:file:/home/runner/work/key/key/key.core/build/resources/main/de/uka/ilkd/key/java/JavaRedux/java/io/InputStream.java, Keeping one from URL:file:/home/runner/work/key/key/key.core/build/resources/main/de/uka/ilkd/key/java/JavaRedux/java/io/InputStream.java 
88785      DEBUG main            d.u.i.k.j.r.ClassFileDeclarationBuilder Parsing: package java.io; public class Closeable { } 
88785      DEBUG main            r.s.KeYCrossReferenceSourceInfo Dynamically created class: java.io.Closeable 
91164      DEBUG main            d.u.i.k.p.i.AbstractProblemLoader Init config took 2.4s 
91179      INFO  main            d.u.i.k.p.i.AbstractProblemLoader Replaying proof continue2.key.proof 
91233      DEBUG main            d.u.i.k.p.i.IntermediateProofReplayer Proof replay took 51.33ms 
91235      DEBUG main            d.u.i.k.p.r.p.TestFile    ... success: reloaded. 
91236      INFO  main            d.u.i.k.p.r.p.TestFile    Now processing file /home/runner/work/key/key/key.core/../key.ui/examples/standard_key/java_dl/complexAssignment.key 
91236      INFO  main            d.u.i.k.p.i.AbstractProblemLoader Loading environment from /home/runner/work/key/key/key.core/../key.ui/examples/standard_key/java_dl/complexAssignment.key 
91237      DEBUG main            d.u.i.k.p.i.AbstractProblemLoader Environment load took 180.9ns 
91238      INFO  main            d.u.i.k.p.i.AbstractProblemLoader Creating init config 
93635      DEBUG main            d.u.i.k.p.i.AbstractProblemLoader Init config took 2.4s 
93650      INFO  main            d.u.i.k.p.i.AbstractProblemLoader Replaying proof complexAssignment.key 
93652      DEBUG main            d.u.i.k.p.i.IntermediateProofReplayer Proof replay took 7.9ns 
93755      INFO  main            d.u.i.k.p.r.p.TestFile    ... finished proof: closed. 
93988      INFO  main            d.u.i.k.p.i.AbstractProblemLoader Loading environment from /home/runner/work/key/key/key.core/../key.ui/examples/standard_key/java_dl/complexAssignment.key.proof 
93989      DEBUG main            d.u.i.k.p.i.AbstractProblemLoader Environment load took 120.5ns 
93990      INFO  main            d.u.i.k.p.i.AbstractProblemLoader Creating init config 
96273      DEBUG main            d.u.i.k.p.i.AbstractProblemLoader Init config took 2.28s 
96288      INFO  main            d.u.i.k.p.i.AbstractProblemLoader Replaying proof complexAssignment.key.proof 
96295      DEBUG main            d.u.i.k.p.i.IntermediateProofReplayer Proof replay took 5.18ms 
96295      DEBUG main            d.u.i.k.p.r.p.TestFile    ... success: reloaded. 
96296      INFO  main            d.u.i.k.p.r.p.TestFile    Now processing file /home/runner/work/key/key/key.core/../key.ui/examples/standard_key/java_dl/danglingElseSolution1.key 
96296      INFO  main            d.u.i.k.p.i.AbstractProblemLoader Loading environment from /home/runner/work/key/key/key.core/../key.ui/examples/standard_key/java_dl/danglingElseSolution1.key 
96296      DEBUG main            d.u.i.k.p.i.AbstractProblemLoader Environment load took 84.8ns 
96297      INFO  main            d.u.i.k.p.i.AbstractProblemLoader Creating init config 
98666      DEBUG main            d.u.i.k.p.i.AbstractProblemLoader Init config took 2.37s 
98681      INFO  main            d.u.i.k.p.i.AbstractProblemLoader Replaying proof danglingElseSolution1.key 
98682      DEBUG main            d.u.i.k.p.i.IntermediateProofReplayer Proof replay took 7.9ns 
98785      INFO  main            d.u.i.k.p.r.p.TestFile    ... finished proof: closed. 
99018      INFO  main            d.u.i.k.p.i.AbstractProblemLoader Loading environment from /home/runner/work/key/key/key.core/../key.ui/examples/standard_key/java_dl/danglingElseSolution1.key.proof 
99019      DEBUG main            d.u.i.k.p.i.AbstractProblemLoader Environment load took 118.7ns 
99020      INFO  main            d.u.i.k.p.i.AbstractProblemLoader Creating init config 
101325     DEBUG main            d.u.i.k.p.i.AbstractProblemLoader Init config took 2.31s 
101340     INFO  main            d.u.i.k.p.i.AbstractProblemLoader Replaying proof danglingElseSolution1.key.proof 
101349     DEBUG main            d.u.i.k.p.i.IntermediateProofReplayer Proof replay took 6.43ms 
101350     DEBUG main            d.u.i.k.p.r.p.TestFile    ... success: reloaded. 
101351     INFO  main            d.u.i.k.p.r.p.TestFile    Now processing file /home/runner/work/key/key/key.core/../key.ui/examples/standard_key/java_dl/danglingElseSolution2.key 
101351     INFO  main            d.u.i.k.p.i.AbstractProblemLoader Loading environment from /home/runner/work/key/key/key.core/../key.ui/examples/standard_key/java_dl/danglingElseSolution2.key 
101351     DEBUG main            d.u.i.k.p.i.AbstractProblemLoader Environment load took 192ns 
101352     INFO  main            d.u.i.k.p.i.AbstractProblemLoader Creating init config 
103727     DEBUG main            d.u.i.k.p.i.AbstractProblemLoader Init config took 2.38s 
103744     INFO  main            d.u.i.k.p.i.AbstractProblemLoader Replaying proof danglingElseSolution2.key 
103745     DEBUG main            d.u.i.k.p.i.IntermediateProofReplayer Proof replay took 8.6ns 
103850     INFO  main            d.u.i.k.p.r.p.TestFile    ... finished proof: closed. 
104087     INFO  main            d.u.i.k.p.i.AbstractProblemLoader Loading environment from /home/runner/work/key/key/key.core/../key.ui/examples/standard_key/java_dl/danglingElseSolution2.key.proof 
104088     DEBUG main            d.u.i.k.p.i.AbstractProblemLoader Environment load took 1.7ms 
104090     INFO  main            d.u.i.k.p.i.AbstractProblemLoader Creating init config 
106382     DEBUG main            d.u.i.k.p.i.AbstractProblemLoader Init config took 2.29s 
106397     INFO  main            d.u.i.k.p.i.AbstractProblemLoader Replaying proof danglingElseSolution2.key.proof 
106406     DEBUG main            d.u.i.k.p.i.IntermediateProofReplayer Proof replay took 6.96ms 
106407     DEBUG main            d.u.i.k.p.r.p.TestFile    ... success: reloaded. 
106407     INFO  main            d.u.i.k.p.r.p.TestFile    Now processing file /home/runner/work/key/key/key.core/../key.ui/examples/standard_key/java_dl/deepNonNull/deepNonNull0.key 
106407     INFO  main            d.u.i.k.p.i.AbstractProblemLoader Loading environment from /home/runner/work/key/key/key.core/../key.ui/examples/standard_key/java_dl/deepNonNull/deepNonNull0.key 
106408     DEBUG main            d.u.i.k.p.i.AbstractProblemLoader Environment load took 87.5ns 
106408     INFO  main            d.u.i.k.p.i.AbstractProblemLoader Creating init config 
108798     DEBUG main            d.u.i.k.p.i.AbstractProblemLoader Init config took 2.39s 
108858     INFO  main            d.u.i.k.p.i.AbstractProblemLoader Replaying proof Arrays[Arrays::get()].JML operation contract.0 
108859     DEBUG main            d.u.i.k.p.i.IntermediateProofReplayer Proof replay took 7.1ns 
109062     INFO  main            d.u.i.k.p.r.p.TestFile    ... finished proof: closed. 
109320     INFO  main            d.u.i.k.p.i.AbstractProblemLoader Loading environment from /home/runner/work/key/key/key.core/../key.ui/examples/standard_key/java_dl/deepNonNull/deepNonNull0.key.proof 
109320     DEBUG main            d.u.i.k.p.i.AbstractProblemLoader Environment load took 153ns 
109321     INFO  main            d.u.i.k.p.i.AbstractProblemLoader Creating init config 
111673     DEBUG main            d.u.i.k.p.i.AbstractProblemLoader Init config took 2.35s 
111711     INFO  main            d.u.i.k.p.i.AbstractProblemLoader Replaying proof Arrays[Arrays::get()].JML operation contract.0 
111728     DEBUG main            d.u.i.k.p.i.IntermediateProofReplayer Proof replay took 15.36ms 
111729     DEBUG main            d.u.i.k.p.r.p.TestFile    ... success: reloaded. 
111730     INFO  main            d.u.i.k.p.r.p.TestFile    Now processing file /home/runner/work/key/key/key.core/../key.ui/examples/standard_key/java_dl/deepNonNull/deepNonNull1.key 
111730     INFO  main            d.u.i.k.p.i.AbstractProblemLoader Loading environment from /home/runner/work/key/key/key.core/../key.ui/examples/standard_key/java_dl/deepNonNull/deepNonNull1.key 
111730     DEBUG main            d.u.i.k.p.i.AbstractProblemLoader Environment load took 83.2ns 
111731     INFO  main            d.u.i.k.p.i.AbstractProblemLoader Creating init config 
114114     DEBUG main            d.u.i.k.p.i.AbstractProblemLoader Init config took 2.38s 
114151     INFO  main            d.u.i.k.p.i.AbstractProblemLoader Replaying proof Arrays[Arrays::head()].JML operation contract.0 
114152     DEBUG main            d.u.i.k.p.i.IntermediateProofReplayer Proof replay took 7ns 
114254     INFO  main            d.u.i.k.p.r.p.TestFile    ... finished proof: closed. 
114503     INFO  main            d.u.i.k.p.i.AbstractProblemLoader Loading environment from /home/runner/work/key/key/key.core/../key.ui/examples/standard_key/java_dl/deepNonNull/deepNonNull1.key.proof 
114503     DEBUG main            d.u.i.k.p.i.AbstractProblemLoader Environment load took 127ns 
114505     INFO  main            d.u.i.k.p.i.AbstractProblemLoader Creating init config 
116856     DEBUG main            d.u.i.k.p.i.AbstractProblemLoader Init config took 2.35s 
116901     INFO  main            d.u.i.k.p.i.AbstractProblemLoader Replaying proof Arrays[Arrays::head()].JML operation contract.0 
116926     DEBUG main            d.u.i.k.p.i.IntermediateProofReplayer Proof replay took 22.47ms 
116927     DEBUG main            d.u.i.k.p.r.p.TestFile    ... success: reloaded. 
116928     INFO  main            d.u.i.k.p.r.p.TestFile    Now processing file /home/runner/work/key/key/key.core/../key.ui/examples/standard_key/java_dl/deepNonNull/deepNonNull2.key 
116936     INFO  main            d.u.i.k.p.i.AbstractProblemLoader Loading environment from /home/runner/work/key/key/key.core/../key.ui/examples/standard_key/java_dl/deepNonNull/deepNonNull2.key 
116936     DEBUG main            d.u.i.k.p.i.AbstractProblemLoader Environment load took 236.8ns 
116938     INFO  main            d.u.i.k.p.i.AbstractProblemLoader Creating init config 
119379     DEBUG main            d.u.i.k.p.i.AbstractProblemLoader Init config took 2.44s 
119430     INFO  main            d.u.i.k.p.i.AbstractProblemLoader Replaying proof Arrays[Arrays::unprovable(java.lang.Object)].JML operation contract.0 
119431     DEBUG main            d.u.i.k.p.i.IntermediateProofReplayer Proof replay took 7.7ns 
119537     INFO  main            d.u.i.k.p.r.p.TestFile    ... finished proof: open goal(s) 
119821     INFO  main            d.u.i.k.p.r.p.TestFile    Now processing file /home/runner/work/key/key/key.core/../key.ui/examples/standard_key/java_dl/deepNonNull/deepNonNull3.key 
119821     INFO  main            d.u.i.k.p.i.AbstractProblemLoader Loading environment from /home/runner/work/key/key/key.core/../key.ui/examples/standard_key/java_dl/deepNonNull/deepNonNull3.key 
119822     DEBUG main            d.u.i.k.p.i.AbstractProblemLoader Environment load took 65.5ns 
119822     INFO  main            d.u.i.k.p.i.AbstractProblemLoader Creating init config 
122157     DEBUG main            d.u.i.k.p.i.AbstractProblemLoader Init config took 2.33s 
122192     INFO  main            d.u.i.k.p.i.AbstractProblemLoader Replaying proof Arrays[Arrays::head([[[[Ljava.lang.Object)].JML operation contract.0 
122195     DEBUG main            d.u.i.k.p.i.IntermediateProofReplayer Proof replay took 7.3ns 
123101     INFO  main            d.u.i.k.p.r.p.TestFile    ... finished proof: closed. 
123483     INFO  main            d.u.i.k.p.i.AbstractProblemLoader Loading environment from /home/runner/work/key/key/key.core/../key.ui/examples/standard_key/java_dl/deepNonNull/deepNonNull3.key.proof 
123484     DEBUG main            d.u.i.k.p.i.AbstractProblemLoader Environment load took 1.13ms 
123485     INFO  main            d.u.i.k.p.i.AbstractProblemLoader Creating init config 
125823     DEBUG main            d.u.i.k.p.i.AbstractProblemLoader Init config took 2.34s 
125858     INFO  main            d.u.i.k.p.i.AbstractProblemLoader Replaying proof Arrays[Arrays::head([[[[Ljava.lang.Object)].JML operation contract.0 
125925     DEBUG main            d.u.i.k.p.i.IntermediateProofReplayer Proof replay took 61.59ms 
125926     DEBUG main            d.u.i.k.p.r.p.TestFile    ... success: reloaded. 
125926     INFO  main            d.u.i.k.p.r.p.TestFile    Now processing file /home/runner/work/key/key/key.core/../key.ui/examples/standard_key/java_dl/exceptions.key 
125926     INFO  main            d.u.i.k.p.i.AbstractProblemLoader Loading environment from /home/runner/work/key/key/key.core/../key.ui/examples/standard_key/java_dl/exceptions.key 
125927     DEBUG main            d.u.i.k.p.i.AbstractProblemLoader Environment load took 226.1ns 
125928     INFO  main            d.u.i.k.p.i.AbstractProblemLoader Creating init config 
125948     WARN  main            d.u.i.k.j.r.KeYCrossReferenceNameInfo Datatype java.io.PrintStream declared twice: Once in FILE:/home/runner/work/key/key/key.core/../key.ui/examples/standard_key/java_dl/classpath/PrintStream.java and once in URL:file:/home/runner/work/key/key/key.core/build/resources/main/de/uka/ilkd/key/java/JavaRedux/java/io/PrintStream.java, Keeping one from URL:file:/home/runner/work/key/key/key.core/build/resources/main/de/uka/ilkd/key/java/JavaRedux/java/io/PrintStream.java 
125949     WARN  main            d.u.i.k.j.r.KeYCrossReferenceNameInfo Datatype java.lang.System declared twice: Once in FILE:/home/runner/work/key/key/key.core/../key.ui/examples/standard_key/java_dl/classpath/System.java and once in URL:file:/home/runner/work/key/key/key.core/build/resources/main/de/uka/ilkd/key/java/JavaRedux/java/lang/System.java, Keeping one from URL:file:/home/runner/work/key/key/key.core/build/resources/main/de/uka/ilkd/key/java/JavaRedux/java/lang/System.java 
125949     WARN  main            d.u.i.k.j.r.KeYCrossReferenceNameInfo Datatype java.io.InputStream declared twice: Once in FILE:/home/runner/work/key/key/key.core/../key.ui/examples/standard_key/java_dl/classpath/InputStream.java and once in URL:file:/home/runner/work/key/key/key.core/build/resources/main/de/uka/ilkd/key/java/JavaRedux/java/io/InputStream.java, Keeping one from URL:file:/home/runner/work/key/key/key.core/build/resources/main/de/uka/ilkd/key/java/JavaRedux/java/io/InputStream.java 
125952     DEBUG main            d.u.i.k.j.r.ClassFileDeclarationBuilder Parsing: package java.io; public class Closeable { } 
125952     DEBUG main            r.s.KeYCrossReferenceSourceInfo Dynamically created class: java.io.Closeable 
128292     DEBUG main            d.u.i.k.p.i.AbstractProblemLoader Init config took 2.36s 
128306     INFO  main            d.u.i.k.p.i.AbstractProblemLoader Replaying proof exceptions.key 
128307     DEBUG main            d.u.i.k.p.i.IntermediateProofReplayer Proof replay took 9ns 
128510     INFO  main            d.u.i.k.p.r.p.TestFile    ... finished proof: closed. 
128770     INFO  main            d.u.i.k.p.i.AbstractProblemLoader Loading environment from /home/runner/work/key/key/key.core/../key.ui/examples/standard_key/java_dl/exceptions.key.proof 
128770     DEBUG main            d.u.i.k.p.i.AbstractProblemLoader Environment load took 100.8ns 
128771     INFO  main            d.u.i.k.p.i.AbstractProblemLoader Creating init config 
128795     WARN  main            d.u.i.k.j.r.KeYCrossReferenceNameInfo Datatype java.io.PrintStream declared twice: Once in FILE:/home/runner/work/key/key/key.core/../key.ui/examples/standard_key/java_dl/classpath/PrintStream.java and once in URL:file:/home/runner/work/key/key/key.core/build/resources/main/de/uka/ilkd/key/java/JavaRedux/java/io/PrintStream.java, Keeping one from URL:file:/home/runner/work/key/key/key.core/build/resources/main/de/uka/ilkd/key/java/JavaRedux/java/io/PrintStream.java 
128795     WARN  main            d.u.i.k.j.r.KeYCrossReferenceNameInfo Datatype java.lang.System declared twice: Once in FILE:/home/runner/work/key/key/key.core/../key.ui/examples/standard_key/java_dl/classpath/System.java and once in URL:file:/home/runner/work/key/key/key.core/build/resources/main/de/uka/ilkd/key/java/JavaRedux/java/lang/System.java, Keeping one from URL:file:/home/runner/work/key/key/key.core/build/resources/main/de/uka/ilkd/key/java/JavaRedux/java/lang/System.java 
128796     WARN  main            d.u.i.k.j.r.KeYCrossReferenceNameInfo Datatype java.io.InputStream declared twice: Once in FILE:/home/runner/work/key/key/key.core/../key.ui/examples/standard_key/java_dl/classpath/InputStream.java and once in URL:file:/home/runner/work/key/key/key.core/build/resources/main/de/uka/ilkd/key/java/JavaRedux/java/io/InputStream.java, Keeping one from URL:file:/home/runner/work/key/key/key.core/build/resources/main/de/uka/ilkd/key/java/JavaRedux/java/io/InputStream.java 
128799     DEBUG main            d.u.i.k.j.r.ClassFileDeclarationBuilder Parsing: package java.io; public class Closeable { } 
128799     DEBUG main            r.s.KeYCrossReferenceSourceInfo Dynamically created class: java.io.Closeable 
131085     DEBUG main            d.u.i.k.p.i.AbstractProblemLoader Init config took 2.31s 
131099     INFO  main            d.u.i.k.p.i.AbstractProblemLoader Replaying proof exceptions.key.proof 
131132     DEBUG main            d.u.i.k.p.i.IntermediateProofReplayer Proof replay took 30.04ms 
131133     DEBUG main            d.u.i.k.p.r.p.TestFile    ... success: reloaded. 
131133     INFO  main            d.u.i.k.p.r.p.TestFile    Now processing file /home/runner/work/key/key/key.core/../key.ui/examples/standard_key/java_dl/exceptions1.key 
131134     INFO  main            d.u.i.k.p.i.AbstractProblemLoader Loading environment from /home/runner/work/key/key/key.core/../key.ui/examples/standard_key/java_dl/exceptions1.key 
131134     DEBUG main            d.u.i.k.p.i.AbstractProblemLoader Environment load took 82.5ns 
131135     INFO  main            d.u.i.k.p.i.AbstractProblemLoader Creating init config 
133466     DEBUG main            d.u.i.k.p.i.AbstractProblemLoader Init config took 2.33s 
133481     INFO  main            d.u.i.k.p.i.AbstractProblemLoader Replaying proof exceptions1.key 
133483     DEBUG main            d.u.i.k.p.i.IntermediateProofReplayer Proof replay took 8.6ns 
133685     INFO  main            d.u.i.k.p.r.p.TestFile    ... finished proof: closed. 
134038     INFO  main            d.u.i.k.p.i.AbstractProblemLoader Loading environment from /home/runner/work/key/key/key.core/../key.ui/examples/standard_key/java_dl/exceptions1.key.proof 
134038     DEBUG main            d.u.i.k.p.i.AbstractProblemLoader Environment load took 98.2ns 
134039     INFO  main            d.u.i.k.p.i.AbstractProblemLoader Creating init config 
136304     DEBUG main            d.u.i.k.p.i.AbstractProblemLoader Init config took 2.27s 
136320     INFO  main            d.u.i.k.p.i.AbstractProblemLoader Replaying proof exceptions1.key.proof 
136348     DEBUG main            d.u.i.k.p.i.IntermediateProofReplayer Proof replay took 23.79ms 
136349     DEBUG main            d.u.i.k.p.r.p.TestFile    ... success: reloaded. 
136350     INFO  main            d.u.i.k.p.r.p.TestFile    Now processing file /home/runner/work/key/key/key.core/../key.ui/examples/standard_key/java_dl/exceptions2.key 
136351     INFO  main            d.u.i.k.p.i.AbstractProblemLoader Loading environment from /home/runner/work/key/key/key.core/../key.ui/examples/standard_key/java_dl/exceptions2.key 
136351     DEBUG main            d.u.i.k.p.i.AbstractProblemLoader Environment load took 165.5ns 
136352     INFO  main            d.u.i.k.p.i.AbstractProblemLoader Creating init config 
138687     DEBUG main            d.u.i.k.p.i.AbstractProblemLoader Init config took 2.33s 
138704     INFO  main            d.u.i.k.p.i.AbstractProblemLoader Replaying proof exceptions2.key 
138706     DEBUG main            d.u.i.k.p.i.IntermediateProofReplayer Proof replay took 9.1ns 
138910     INFO  main            d.u.i.k.p.r.p.TestFile    ... finished proof: closed. 
139186     INFO  main            d.u.i.k.p.i.AbstractProblemLoader Loading environment from /home/runner/work/key/key/key.core/../key.ui/examples/standard_key/java_dl/exceptions2.key.proof 
139186     DEBUG main            d.u.i.k.p.i.AbstractProblemLoader Environment load took 99.2ns 
139187     INFO  main            d.u.i.k.p.i.AbstractProblemLoader Creating init config 
141467     DEBUG main            d.u.i.k.p.i.AbstractProblemLoader Init config took 2.28s 
141481     INFO  main            d.u.i.k.p.i.AbstractProblemLoader Replaying proof exceptions2.key.proof 
141505     DEBUG main            d.u.i.k.p.i.IntermediateProofReplayer Proof replay took 21.18ms 
141506     DEBUG main            d.u.i.k.p.r.p.TestFile    ... success: reloaded. 
141506     INFO  main            d.u.i.k.p.r.p.TestFile    Now processing file /home/runner/work/key/key/key.core/../key.ui/examples/standard_key/java_dl/exceptions3.key 
141507     INFO  main            d.u.i.k.p.i.AbstractProblemLoader Loading environment from /home/runner/work/key/key/key.core/../key.ui/examples/standard_key/java_dl/exceptions3.key 
141507     DEBUG main            d.u.i.k.p.i.AbstractProblemLoader Environment load took 73.1ns 
141507     INFO  main            d.u.i.k.p.i.AbstractProblemLoader Creating init config 
141528     WARN  main            d.u.i.k.j.r.KeYCrossReferenceNameInfo Datatype java.io.PrintStream declared twice: Once in FILE:/home/runner/work/key/key/key.core/../key.ui/examples/standard_key/java_dl/classpath/PrintStream.java and once in URL:file:/home/runner/work/key/key/key.core/build/resources/main/de/uka/ilkd/key/java/JavaRedux/java/io/PrintStream.java, Keeping one from URL:file:/home/runner/work/key/key/key.core/build/resources/main/de/uka/ilkd/key/java/JavaRedux/java/io/PrintStream.java 
141528     WARN  main            d.u.i.k.j.r.KeYCrossReferenceNameInfo Datatype java.lang.System declared twice: Once in FILE:/home/runner/work/key/key/key.core/../key.ui/examples/standard_key/java_dl/classpath/System.java and once in URL:file:/home/runner/work/key/key/key.core/build/resources/main/de/uka/ilkd/key/java/JavaRedux/java/lang/System.java, Keeping one from URL:file:/home/runner/work/key/key/key.core/build/resources/main/de/uka/ilkd/key/java/JavaRedux/java/lang/System.java 
141528     WARN  main            d.u.i.k.j.r.KeYCrossReferenceNameInfo Datatype java.io.InputStream declared twice: Once in FILE:/home/runner/work/key/key/key.core/../key.ui/examples/standard_key/java_dl/classpath/InputStream.java and once in URL:file:/home/runner/work/key/key/key.core/build/resources/main/de/uka/ilkd/key/java/JavaRedux/java/io/InputStream.java, Keeping one from URL:file:/home/runner/work/key/key/key.core/build/resources/main/de/uka/ilkd/key/java/JavaRedux/java/io/InputStream.java 
141531     DEBUG main            d.u.i.k.j.r.ClassFileDeclarationBuilder Parsing: package java.io; public class Closeable { } 
141531     DEBUG main            r.s.KeYCrossReferenceSourceInfo Dynamically created class: java.io.Closeable 
143856     DEBUG main            d.u.i.k.p.i.AbstractProblemLoader Init config took 2.35s 
143870     INFO  main            d.u.i.k.p.i.AbstractProblemLoader Replaying proof exceptions3.key 
143871     DEBUG main            d.u.i.k.p.i.IntermediateProofReplayer Proof replay took 8.2ns 
143973     INFO  main            d.u.i.k.p.r.p.TestFile    ... finished proof: closed. 
144257     INFO  main            d.u.i.k.p.i.AbstractProblemLoader Loading environment from /home/runner/work/key/key/key.core/../key.ui/examples/standard_key/java_dl/exceptions3.key.proof 
144257     DEBUG main            d.u.i.k.p.i.AbstractProblemLoader Environment load took 98.5ns 
144258     INFO  main            d.u.i.k.p.i.AbstractProblemLoader Creating init config 
144279     WARN  main            d.u.i.k.j.r.KeYCrossReferenceNameInfo Datatype java.io.PrintStream declared twice: Once in FILE:/home/runner/work/key/key/key.core/../key.ui/examples/standard_key/java_dl/classpath/PrintStream.java and once in URL:file:/home/runner/work/key/key/key.core/build/resources/main/de/uka/ilkd/key/java/JavaRedux/java/io/PrintStream.java, Keeping one from URL:file:/home/runner/work/key/key/key.core/build/resources/main/de/uka/ilkd/key/java/JavaRedux/java/io/PrintStream.java 
144279     WARN  main            d.u.i.k.j.r.KeYCrossReferenceNameInfo Datatype java.lang.System declared twice: Once in FILE:/home/runner/work/key/key/key.core/../key.ui/examples/standard_key/java_dl/classpath/System.java and once in URL:file:/home/runner/work/key/key/key.core/build/resources/main/de/uka/ilkd/key/java/JavaRedux/java/lang/System.java, Keeping one from URL:file:/home/runner/work/key/key/key.core/build/resources/main/de/uka/ilkd/key/java/JavaRedux/java/lang/System.java 
144279     WARN  main            d.u.i.k.j.r.KeYCrossReferenceNameInfo Datatype java.io.InputStream declared twice: Once in FILE:/home/runner/work/key/key/key.core/../key.ui/examples/standard_key/java_dl/classpath/InputStream.java and once in URL:file:/home/runner/work/key/key/key.core/build/resources/main/de/uka/ilkd/key/java/JavaRedux/java/io/InputStream.java, Keeping one from URL:file:/home/runner/work/key/key/key.core/build/resources/main/de/uka/ilkd/key/java/JavaRedux/java/io/InputStream.java 
144282     DEBUG main            d.u.i.k.j.r.ClassFileDeclarationBuilder Parsing: package java.io; public class Closeable { } 
144282     DEBUG main            r.s.KeYCrossReferenceSourceInfo Dynamically created class: java.io.Closeable 
146671     DEBUG main            d.u.i.k.p.i.AbstractProblemLoader Init config took 2.41s 
146685     INFO  main            d.u.i.k.p.i.AbstractProblemLoader Replaying proof exceptions3.key.proof 
146690     DEBUG main            d.u.i.k.p.i.IntermediateProofReplayer Proof replay took 2.93ms 
146695     DEBUG main            d.u.i.k.p.r.p.TestFile    ... success: reloaded. 
146697     INFO  main            d.u.i.k.p.r.p.TestFile    Now processing file /home/runner/work/key/key/key.core/../key.ui/examples/standard_key/java_dl/exchange.key 
146697     INFO  main            d.u.i.k.p.i.AbstractProblemLoader Loading environment from /home/runner/work/key/key/key.core/../key.ui/examples/standard_key/java_dl/exchange.key 
146697     DEBUG main            d.u.i.k.p.i.AbstractProblemLoader Environment load took 53.6ns 
146698     INFO  main            d.u.i.k.p.i.AbstractProblemLoader Creating init config 
149017     DEBUG main            d.u.i.k.p.i.AbstractProblemLoader Init config took 2.32s 
149032     INFO  main            d.u.i.k.p.i.AbstractProblemLoader Replaying proof exchange.key 
149033     DEBUG main            d.u.i.k.p.i.IntermediateProofReplayer Proof replay took 8.4ns 
149135     INFO  main            d.u.i.k.p.r.p.TestFile    ... finished proof: closed. 
149465     INFO  main            d.u.i.k.p.i.AbstractProblemLoader Loading environment from /home/runner/work/key/key/key.core/../key.ui/examples/standard_key/java_dl/exchange.key.proof 
149465     DEBUG main            d.u.i.k.p.i.AbstractProblemLoader Environment load took 110.3ns 
149466     INFO  main            d.u.i.k.p.i.AbstractProblemLoader Creating init config 
151732     DEBUG main            d.u.i.k.p.i.AbstractProblemLoader Init config took 2.27s 
151746     INFO  main            d.u.i.k.p.i.AbstractProblemLoader Replaying proof exchange.key.proof 
151750     DEBUG main            d.u.i.k.p.i.IntermediateProofReplayer Proof replay took 2.39ms 
151751     DEBUG main            d.u.i.k.p.r.p.TestFile    ... success: reloaded. 
151751     INFO  main            d.u.i.k.p.r.p.TestFile    Now processing file /home/runner/work/key/key/key.core/../key.ui/examples/standard_key/java_dl/if.key 
151752     INFO  main            d.u.i.k.p.i.AbstractProblemLoader Loading environment from /home/runner/work/key/key/key.core/../key.ui/examples/standard_key/java_dl/if.key 
151752     DEBUG main            d.u.i.k.p.i.AbstractProblemLoader Environment load took 162.2ns 
151753     INFO  main            d.u.i.k.p.i.AbstractProblemLoader Creating init config 
154060     DEBUG main            d.u.i.k.p.i.AbstractProblemLoader Init config took 2.31s 
154074     INFO  main            d.u.i.k.p.i.AbstractProblemLoader Replaying proof if.key 
154075     DEBUG main            d.u.i.k.p.i.IntermediateProofReplayer Proof replay took 8.3ns 
154177     INFO  main            d.u.i.k.p.r.p.TestFile    ... finished proof: closed. 
154462     INFO  main            d.u.i.k.p.i.AbstractProblemLoader Loading environment from /home/runner/work/key/key/key.core/../key.ui/examples/standard_key/java_dl/if.key.proof 
154462     DEBUG main            d.u.i.k.p.i.AbstractProblemLoader Environment load took 98.1ns 
154463     INFO  main            d.u.i.k.p.i.AbstractProblemLoader Creating init config 
156719     DEBUG main            d.u.i.k.p.i.AbstractProblemLoader Init config took 2.26s 
156733     INFO  main            d.u.i.k.p.i.AbstractProblemLoader Replaying proof if.key.proof 
156737     DEBUG main            d.u.i.k.p.i.IntermediateProofReplayer Proof replay took 2.34ms 
156738     DEBUG main            d.u.i.k.p.r.p.TestFile    ... success: reloaded. 
156738     INFO  main            d.u.i.k.p.r.p.TestFile    Now processing file /home/runner/work/key/key/key.core/../key.ui/examples/standard_key/java_dl/incrementcounter.key 
156739     INFO  main            d.u.i.k.p.i.AbstractProblemLoader Loading environment from /home/runner/work/key/key/key.core/../key.ui/examples/standard_key/java_dl/incrementcounter.key 
156739     DEBUG main            d.u.i.k.p.i.AbstractProblemLoader Environment load took 77.1ns 
156739     INFO  main            d.u.i.k.p.i.AbstractProblemLoader Creating init config 
159045     DEBUG main            d.u.i.k.p.i.AbstractProblemLoader Init config took 2.31s 
159060     INFO  main            d.u.i.k.p.i.AbstractProblemLoader Replaying proof incrementcounter.key 
159061     DEBUG main            d.u.i.k.p.i.IntermediateProofReplayer Proof replay took 9.7ns 
159162     INFO  main            d.u.i.k.p.r.p.TestFile    ... finished proof: closed. 
159451     INFO  main            d.u.i.k.p.i.AbstractProblemLoader Loading environment from /home/runner/work/key/key/key.core/../key.ui/examples/standard_key/java_dl/incrementcounter.key.proof 
159451     DEBUG main            d.u.i.k.p.i.AbstractProblemLoader Environment load took 108.4ns 
159452     INFO  main            d.u.i.k.p.i.AbstractProblemLoader Creating init config 
161702     DEBUG main            d.u.i.k.p.i.AbstractProblemLoader Init config took 2.25s 
161715     INFO  main            d.u.i.k.p.i.AbstractProblemLoader Replaying proof incrementcounter.key.proof 
161718     DEBUG main            d.u.i.k.p.i.IntermediateProofReplayer Proof replay took 1.36ms 
161719     DEBUG main            d.u.i.k.p.r.p.TestFile    ... success: reloaded. 
161720     INFO  main            d.u.i.k.p.r.p.TestFile    Now processing file /home/runner/work/key/key/key.core/../key.ui/examples/standard_key/java_dl/danglingElse.key 
161720     INFO  main            d.u.i.k.p.i.AbstractProblemLoader Loading environment from /home/runner/work/key/key/key.core/../key.ui/examples/standard_key/java_dl/danglingElse.key 
161720     DEBUG main            d.u.i.k.p.i.AbstractProblemLoader Environment load took 48.6ns 
161721     INFO  main            d.u.i.k.p.i.AbstractProblemLoader Creating init config 
164032     DEBUG main            d.u.i.k.p.i.AbstractProblemLoader Init config took 2.31s 
164046     INFO  main            d.u.i.k.p.i.AbstractProblemLoader Replaying proof danglingElse.key 
164048     DEBUG main            d.u.i.k.p.i.IntermediateProofReplayer Proof replay took 7.4ns 
164153     INFO  main            d.u.i.k.p.r.p.TestFile    ... finished proof: open goal(s) 
164461     INFO  main            d.u.i.k.p.r.p.TestFile    Now processing file /home/runner/work/key/key/key.core/../key.ui/examples/standard_key/java_dl/iteratedAssignment.key 
164461     INFO  main            d.u.i.k.p.i.AbstractProblemLoader Loading environment from /home/runner/work/key/key/key.core/../key.ui/examples/standard_key/java_dl/iteratedAssignment.key 
164461     DEBUG main            d.u.i.k.p.i.AbstractProblemLoader Environment load took 67.3ns 
164463     INFO  main            d.u.i.k.p.i.AbstractProblemLoader Creating init config 
166799     DEBUG main            d.u.i.k.p.i.AbstractProblemLoader Init config took 2.34s 
166824     INFO  main            d.u.i.k.p.i.AbstractProblemLoader Replaying proof iteratedAssignment.key 
166826     DEBUG main            d.u.i.k.p.i.IntermediateProofReplayer Proof replay took 7.8ns 
167129     INFO  main            d.u.i.k.p.r.p.TestFile    ... finished proof: closed. 
167482     INFO  main            d.u.i.k.p.i.AbstractProblemLoader Loading environment from /home/runner/work/key/key/key.core/../key.ui/examples/standard_key/java_dl/iteratedAssignment.key.proof 
167482     DEBUG main            d.u.i.k.p.i.AbstractProblemLoader Environment load took 98.4ns 
167483     INFO  main            d.u.i.k.p.i.AbstractProblemLoader Creating init config 
169741     DEBUG main            d.u.i.k.p.i.AbstractProblemLoader Init config took 2.26s 
169756     INFO  main            d.u.i.k.p.i.AbstractProblemLoader Replaying proof iteratedAssignment.key.proof 
169813     DEBUG main            d.u.i.k.p.i.IntermediateProofReplayer Proof replay took 52.97ms 
169814     DEBUG main            d.u.i.k.p.r.p.TestFile    ... success: reloaded. 
169815     INFO  main            d.u.i.k.p.r.p.TestFile    Now processing file /home/runner/work/key/key/key.core/../key.ui/examples/standard_key/java_dl/assert/assert1.key 
169815     INFO  main            d.u.i.k.p.i.AbstractProblemLoader Loading environment from /home/runner/work/key/key/key.core/../key.ui/examples/standard_key/java_dl/assert/assert1.key 
169815     DEBUG main            d.u.i.k.p.i.AbstractProblemLoader Environment load took 79.7ns 
169816     INFO  main            d.u.i.k.p.i.AbstractProblemLoader Creating init config 
172162     DEBUG main            d.u.i.k.p.i.AbstractProblemLoader Init config took 2.35s 
172195     INFO  main            d.u.i.k.p.i.AbstractProblemLoader Replaying proof C[C::foo()].JML normal_behavior operation contract.0 
172196     DEBUG main            d.u.i.k.p.i.IntermediateProofReplayer Proof replay took 7.7ns 
172298     INFO  main            d.u.i.k.p.r.p.TestFile    ... finished proof: open goal(s) 
172625     INFO  main            d.u.i.k.p.r.p.TestFile    Now processing file /home/runner/work/key/key/key.core/../key.ui/examples/standard_key/java_dl/assert/assert2.key 
172625     INFO  main            d.u.i.k.p.i.AbstractProblemLoader Loading environment from /home/runner/work/key/key/key.core/../key.ui/examples/standard_key/java_dl/assert/assert2.key 
172626     DEBUG main            d.u.i.k.p.i.AbstractProblemLoader Environment load took 346.21ns 
172627     INFO  main            d.u.i.k.p.i.AbstractProblemLoader Creating init config 
174920     DEBUG main            d.u.i.k.p.i.AbstractProblemLoader Init config took 2.29s 
174955     INFO  main            d.u.i.k.p.i.AbstractProblemLoader Replaying proof C[C::bar()].JML exceptional_behavior operation contract.0 
174957     DEBUG main            d.u.i.k.p.i.IntermediateProofReplayer Proof replay took 7.4ns 
175160     INFO  main            d.u.i.k.p.r.p.TestFile    ... finished proof: closed. 
175467     INFO  main            d.u.i.k.p.i.AbstractProblemLoader Loading environment from /home/runner/work/key/key/key.core/../key.ui/examples/standard_key/java_dl/assert/assert2.key.proof 
175467     DEBUG main            d.u.i.k.p.i.AbstractProblemLoader Environment load took 101.7ns 
175468     INFO  main            d.u.i.k.p.i.AbstractProblemLoader Creating init config 
177760     DEBUG main            d.u.i.k.p.i.AbstractProblemLoader Init config took 2.29s 
177792     INFO  main            d.u.i.k.p.i.AbstractProblemLoader Replaying proof C[C::bar()].JML exceptional_behavior operation contract.0 
177823     DEBUG main            d.u.i.k.p.i.IntermediateProofReplayer Proof replay took 28.73ms 
177824     DEBUG main            d.u.i.k.p.r.p.TestFile    ... success: reloaded. 
177825     INFO  main            d.u.i.k.p.r.p.TestFile    Now processing file /home/runner/work/key/key/key.core/../key.ui/examples/standard_key/java_dl/assert/assert3.key 
177825     INFO  main            d.u.i.k.p.i.AbstractProblemLoader Loading environment from /home/runner/work/key/key/key.core/../key.ui/examples/standard_key/java_dl/assert/assert3.key 
177825     DEBUG main            d.u.i.k.p.i.AbstractProblemLoader Environment load took 70.5ns 
177826     INFO  main            d.u.i.k.p.i.AbstractProblemLoader Creating init config 
180149     DEBUG main            d.u.i.k.p.i.AbstractProblemLoader Init config took 2.32s 
180201     INFO  main            d.u.i.k.p.i.AbstractProblemLoader Replaying proof C[C::foo()].JML normal_behavior operation contract.0 
180206     DEBUG main            d.u.i.k.p.i.IntermediateProofReplayer Proof replay took 8ns 
180308     INFO  main            d.u.i.k.p.r.p.TestFile    ... finished proof: open goal(s) 
180619     INFO  main            d.u.i.k.p.r.p.TestFile    Now processing file /home/runner/work/key/key/key.core/../key.ui/examples/standard_key/java_dl/java5/vararg.key 
180619     INFO  main            d.u.i.k.p.i.AbstractProblemLoader Loading environment from /home/runner/work/key/key/key.core/../key.ui/examples/standard_key/java_dl/java5/vararg.key 
180619     DEBUG main            d.u.i.k.p.i.AbstractProblemLoader Environment load took 67.5ns 
180621     INFO  main            d.u.i.k.p.i.AbstractProblemLoader Creating init config 
181469     DEBUG main            d.u.i.k.j.r.ClassPreparationMethodBuilder clPrepBuilder: Inner Class detected. Reject building class initialisation methods. 
183239     DEBUG main            d.u.i.k.p.i.AbstractProblemLoader Init config took 2.62s 
183266     INFO  main            d.u.i.k.p.i.AbstractProblemLoader Replaying proof vararg.key 
183267     DEBUG main            d.u.i.k.p.i.IntermediateProofReplayer Proof replay took 8.5ns 
184377     INFO  main            d.u.i.k.p.r.p.TestFile    ... finished proof: closed. 
184762     INFO  main            d.u.i.k.p.i.AbstractProblemLoader Loading environment from /home/runner/work/key/key/key.core/../key.ui/examples/standard_key/java_dl/java5/vararg.key.proof 
184764     DEBUG main            d.u.i.k.p.i.AbstractProblemLoader Environment load took 2.71ms 
184766     INFO  main            d.u.i.k.p.i.AbstractProblemLoader Creating init config 
185577     DEBUG main            d.u.i.k.j.r.ClassPreparationMethodBuilder clPrepBuilder: Inner Class detected. Reject building class initialisation methods. 
187314     DEBUG main            d.u.i.k.p.i.AbstractProblemLoader Init config took 2.55s 
187343     INFO  main            d.u.i.k.p.i.AbstractProblemLoader Replaying proof vararg.key.proof 
187640     DEBUG main            d.u.i.k.p.i.IntermediateProofReplayer Proof replay took 281.41ms 
187641     DEBUG main            d.u.i.k.p.r.p.TestFile    ... success: reloaded. 
187642     INFO  main            d.u.i.k.p.r.p.TestFile    Now processing file /home/runner/work/key/key/key.core/../key.ui/examples/standard_key/java_dl/java5/for_Array.key 
187642     INFO  main            d.u.i.k.p.i.AbstractProblemLoader Loading environment from /home/runner/work/key/key/key.core/../key.ui/examples/standard_key/java_dl/java5/for_Array.key 
187642     DEBUG main            d.u.i.k.p.i.AbstractProblemLoader Environment load took 172.4ns 
187643     INFO  main            d.u.i.k.p.i.AbstractProblemLoader Creating init config 
188453     DEBUG main            d.u.i.k.j.r.ClassPreparationMethodBuilder clPrepBuilder: Inner Class detected. Reject building class initialisation methods. 
190187     DEBUG main            d.u.i.k.p.i.AbstractProblemLoader Init config took 2.54s 
190235     INFO  main            d.u.i.k.p.i.AbstractProblemLoader Replaying proof For[For::sum([I)].JML operation contract.0 
190237     DEBUG main            d.u.i.k.p.i.IntermediateProofReplayer Proof replay took 7.3ns 
190542     INFO  main            d.u.i.k.p.r.p.TestFile    ... finished proof: closed. 
190931     INFO  main            d.u.i.k.p.i.AbstractProblemLoader Loading environment from /home/runner/work/key/key/key.core/../key.ui/examples/standard_key/java_dl/java5/for_Array.key.proof 
190931     DEBUG main            d.u.i.k.p.i.AbstractProblemLoader Environment load took 98.3ns 
190932     INFO  main            d.u.i.k.p.i.AbstractProblemLoader Creating init config 
191707     DEBUG main            d.u.i.k.j.r.ClassPreparationMethodBuilder clPrepBuilder: Inner Class detected. Reject building class initialisation methods. 
193393     DEBUG main            d.u.i.k.p.i.AbstractProblemLoader Init config took 2.46s 
193441     INFO  main            d.u.i.k.p.i.AbstractProblemLoader Replaying proof For[For::sum([I)].JML operation contract.0 
193506     DEBUG main            d.u.i.k.p.i.IntermediateProofReplayer Proof replay took 61.96ms 
193507     DEBUG main            d.u.i.k.p.r.p.TestFile    ... success: reloaded. 
193508     INFO  main            d.u.i.k.p.r.p.TestFile    Now processing file /home/runner/work/key/key/key.core/../key.ui/examples/standard_key/java_dl/java5/for_Iterable.key 
193508     INFO  main            d.u.i.k.p.i.AbstractProblemLoader Loading environment from /home/runner/work/key/key/key.core/../key.ui/examples/standard_key/java_dl/java5/for_Iterable.key 
193508     DEBUG main            d.u.i.k.p.i.AbstractProblemLoader Environment load took 76.8ns 
193509     INFO  main            d.u.i.k.p.i.AbstractProblemLoader Creating init config 
194305     DEBUG main            d.u.i.k.j.r.ClassPreparationMethodBuilder clPrepBuilder: Inner Class detected. Reject building class initialisation methods. 
196051     DEBUG main            d.u.i.k.p.i.AbstractProblemLoader Init config took 2.54s 
196098     INFO  main            d.u.i.k.p.i.AbstractProblemLoader Replaying proof For[For::infiniteLoop(For)].JML operation contract.0 
196099     DEBUG main            d.u.i.k.p.i.IntermediateProofReplayer Proof replay took 7.1ns 
196301     INFO  main            d.u.i.k.p.r.p.TestFile    ... finished proof: closed. 
196649     INFO  main            d.u.i.k.p.i.AbstractProblemLoader Loading environment from /home/runner/work/key/key/key.core/../key.ui/examples/standard_key/java_dl/java5/for_Iterable.key.proof 
196649     DEBUG main            d.u.i.k.p.i.AbstractProblemLoader Environment load took 106.9ns 
196650     INFO  main            d.u.i.k.p.i.AbstractProblemLoader Creating init config 
197435     DEBUG main            d.u.i.k.j.r.ClassPreparationMethodBuilder clPrepBuilder: Inner Class detected. Reject building class initialisation methods. 
199117     DEBUG main            d.u.i.k.p.i.AbstractProblemLoader Init config took 2.47s 
199163     INFO  main            d.u.i.k.p.i.AbstractProblemLoader Replaying proof For[For::infiniteLoop(For)].JML operation contract.0 
199201     DEBUG main            d.u.i.k.p.i.IntermediateProofReplayer Proof replay took 35.92ms 
199202     DEBUG main            d.u.i.k.p.r.p.TestFile    ... success: reloaded. 
199203     INFO  main            d.u.i.k.p.r.p.TestFile    Now processing file /home/runner/work/key/key/key.core/../key.ui/examples/standard_key/java_dl/java5/for_ReferenceArray.key 
199203     INFO  main            d.u.i.k.p.i.AbstractProblemLoader Loading environment from /home/runner/work/key/key/key.core/../key.ui/examples/standard_key/java_dl/java5/for_ReferenceArray.key 
199204     DEBUG main            d.u.i.k.p.i.AbstractProblemLoader Environment load took 180.5ns 
199205     INFO  main            d.u.i.k.p.i.AbstractProblemLoader Creating init config 
200011     DEBUG main            d.u.i.k.j.r.ClassPreparationMethodBuilder clPrepBuilder: Inner Class detected. Reject building class initialisation methods. 
201716     DEBUG main            d.u.i.k.p.i.AbstractProblemLoader Init config took 2.51s 
201763     INFO  main            d.u.i.k.p.i.AbstractProblemLoader Replaying proof ForReferenceArray[ForReferenceArray::foo([Ljava.lang.Object)].JML operation contract.0 
201765     DEBUG main            d.u.i.k.p.i.IntermediateProofReplayer Proof replay took 6.8ns 
201967     INFO  main            d.u.i.k.p.r.p.TestFile    ... finished proof: closed. 
202315     INFO  main            d.u.i.k.p.i.AbstractProblemLoader Loading environment from /home/runner/work/key/key/key.core/../key.ui/examples/standard_key/java_dl/java5/for_ReferenceArray.key.proof 
202315     DEBUG main            d.u.i.k.p.i.AbstractProblemLoader Environment load took 113.4ns 
202316     INFO  main            d.u.i.k.p.i.AbstractProblemLoader Creating init config 
203093     DEBUG main            d.u.i.k.j.r.ClassPreparationMethodBuilder clPrepBuilder: Inner Class detected. Reject building class initialisation methods. 
204781     DEBUG main            d.u.i.k.p.i.AbstractProblemLoader Init config took 2.47s 
204827     INFO  main            d.u.i.k.p.i.AbstractProblemLoader Replaying proof ForReferenceArray[ForReferenceArray::foo([Ljava.lang.Object)].JML operation contract.0 
204871     DEBUG main            d.u.i.k.p.i.IntermediateProofReplayer Proof replay took 40.98ms 
204872     DEBUG main            d.u.i.k.p.r.p.TestFile    ... success: reloaded. 
204873     INFO  main            d.u.i.k.p.r.p.TestFile    Now processing file /home/runner/work/key/key/key.core/../key.ui/examples/standard_key/java_dl/jml-bigint/cast.key 
204873     INFO  main            d.u.i.k.p.i.AbstractProblemLoader Loading environment from /home/runner/work/key/key/key.core/../key.ui/examples/standard_key/java_dl/jml-bigint/cast.key 
204873     DEBUG main            d.u.i.k.p.i.AbstractProblemLoader Environment load took 50.6ns 
204874     INFO  main            d.u.i.k.p.i.AbstractProblemLoader Creating init config 
207284     DEBUG main            d.u.i.k.p.i.AbstractProblemLoader Init config took 2.41s 
207316     INFO  main            d.u.i.k.p.i.AbstractProblemLoader Replaying proof Mult[Mult::cast()].JML operation contract.0 
207318     DEBUG main            d.u.i.k.p.i.IntermediateProofReplayer Proof replay took 7ns 
207420     INFO  main            d.u.i.k.p.r.p.TestFile    ... finished proof: closed. 
207781     INFO  main            d.u.i.k.p.i.AbstractProblemLoader Loading environment from /home/runner/work/key/key/key.core/../key.ui/examples/standard_key/java_dl/jml-bigint/cast.key.proof 
207781     DEBUG main            d.u.i.k.p.i.AbstractProblemLoader Environment load took 95.7ns 
207782     INFO  main            d.u.i.k.p.i.AbstractProblemLoader Creating init config 
210152     DEBUG main            d.u.i.k.p.i.AbstractProblemLoader Init config took 2.37s 
210183     INFO  main            d.u.i.k.p.i.AbstractProblemLoader Replaying proof Mult[Mult::cast()].JML operation contract.0 
210194     DEBUG main            d.u.i.k.p.i.IntermediateProofReplayer Proof replay took 8.8ms 
210194     DEBUG main            d.u.i.k.p.r.p.TestFile    ... success: reloaded. 
210195     INFO  main            d.u.i.k.p.r.p.TestFile    Now processing file /home/runner/work/key/key/key.core/../key.ui/examples/standard_key/java_dl/jml-free/loopInvFree.key 
210195     INFO  main            d.u.i.k.p.i.AbstractProblemLoader Loading environment from /home/runner/work/key/key/key.core/../key.ui/examples/standard_key/java_dl/jml-free/loopInvFree.key 
210196     DEBUG main            d.u.i.k.p.i.AbstractProblemLoader Environment load took 94.4ns 
210196     INFO  main            d.u.i.k.p.i.AbstractProblemLoader Creating init config 
212546     DEBUG main            d.u.i.k.p.i.AbstractProblemLoader Init config took 2.35s 
212578     INFO  main            d.u.i.k.p.i.AbstractProblemLoader Replaying proof LoopInvFree[LoopInvFree::test()].JML operation contract.0 
212579     DEBUG main            d.u.i.k.p.i.IntermediateProofReplayer Proof replay took 6.9ns 
212785     INFO  main            d.u.i.k.p.r.p.TestFile    ... finished proof: closed. 
213148     INFO  main            d.u.i.k.p.i.AbstractProblemLoader Loading environment from /home/runner/work/key/key/key.core/../key.ui/examples/standard_key/java_dl/jml-free/loopInvFree.key.proof 
213148     DEBUG main            d.u.i.k.p.i.AbstractProblemLoader Environment load took 103.9ns 
213149     INFO  main            d.u.i.k.p.i.AbstractProblemLoader Creating init config 
215459     DEBUG main            d.u.i.k.p.i.AbstractProblemLoader Init config took 2.31s 
215493     INFO  main            d.u.i.k.p.i.AbstractProblemLoader Replaying proof LoopInvFree[LoopInvFree::test()].JML operation contract.0 
215526     DEBUG main            d.u.i.k.p.i.IntermediateProofReplayer Proof replay took 30.57ms 
215526     DEBUG main            d.u.i.k.p.r.p.TestFile    ... success: reloaded. 
215527     INFO  main            d.u.i.k.p.r.p.TestFile    Now processing file /home/runner/work/key/key/key.core/../key.ui/examples/standard_key/java_dl/jml-free/ensuresFree.key 
215527     INFO  main            d.u.i.k.p.i.AbstractProblemLoader Loading environment from /home/runner/work/key/key/key.core/../key.ui/examples/standard_key/java_dl/jml-free/ensuresFree.key 
215527     DEBUG main            d.u.i.k.p.i.AbstractProblemLoader Environment load took 75.3ns 
215528     INFO  main            d.u.i.k.p.i.AbstractProblemLoader Creating init config 
217879     DEBUG main            d.u.i.k.p.i.AbstractProblemLoader Init config took 2.35s 
217910     INFO  main            d.u.i.k.p.i.AbstractProblemLoader Replaying proof EnsuresFree[EnsuresFree::test()].JML operation contract.0 
217912     DEBUG main            d.u.i.k.p.i.IntermediateProofReplayer Proof replay took 6.9ns 
218013     INFO  main            d.u.i.k.p.r.p.TestFile    ... finished proof: closed. 
218372     INFO  main            d.u.i.k.p.i.AbstractProblemLoader Loading environment from /home/runner/work/key/key/key.core/../key.ui/examples/standard_key/java_dl/jml-free/ensuresFree.key.proof 
218372     DEBUG main            d.u.i.k.p.i.AbstractProblemLoader Environment load took 89.2ns 
218373     INFO  main            d.u.i.k.p.i.AbstractProblemLoader Creating init config 
220688     DEBUG main            d.u.i.k.p.i.AbstractProblemLoader Init config took 2.31s 
220721     INFO  main            d.u.i.k.p.i.AbstractProblemLoader Replaying proof EnsuresFree[EnsuresFree::test()].JML operation contract.0 
220737     DEBUG main            d.u.i.k.p.i.IntermediateProofReplayer Proof replay took 13.9ms 
220737     DEBUG main            d.u.i.k.p.r.p.TestFile    ... success: reloaded. 
220738     INFO  main            d.u.i.k.p.r.p.TestFile    Now processing file /home/runner/work/key/key/key.core/../key.ui/examples/standard_key/java_dl/jml-information-flow.key 
220738     INFO  main            d.u.i.k.p.i.AbstractProblemLoader Loading environment from /home/runner/work/key/key/key.core/../key.ui/examples/standard_key/java_dl/jml-information-flow.key 
220738     DEBUG main            d.u.i.k.p.i.AbstractProblemLoader Environment load took 71.2ns 
220743     INFO  main            d.u.i.k.p.i.AbstractProblemLoader Creating init config 
223255     DEBUG main            d.u.i.k.p.i.AbstractProblemLoader Init config took 2.51s 
223272     INFO  main            d.u.i.k.p.i.AbstractProblemLoader Replaying proof jml-information-flow.key 
223274     DEBUG main            d.u.i.k.p.i.IntermediateProofReplayer Proof replay took 7.3ns 
330286     INFO  main            d.u.i.k.p.r.p.TestFile    ... finished proof: closed. 
330832     INFO  main            d.u.i.k.p.i.AbstractProblemLoader Loading environment from /home/runner/work/key/key/key.core/../key.ui/examples/standard_key/java_dl/jml-information-flow.key.proof 
330833     DEBUG main            d.u.i.k.p.i.AbstractProblemLoader Environment load took 363.11ns 
330842     INFO  main            d.u.i.k.p.i.AbstractProblemLoader Creating init config 
333259     DEBUG main            d.u.i.k.p.i.AbstractProblemLoader Init config took 2.42s 
333277     INFO  main            d.u.i.k.p.i.AbstractProblemLoader Replaying proof jml-information-flow.key.proof 
335928     DEBUG main            d.u.i.k.p.i.IntermediateProofReplayer Proof replay took 2.54s 
335937     DEBUG main            d.u.i.k.p.r.p.TestFile    ... success: reloaded. 
335938     INFO  main            d.u.i.k.p.r.p.TestFile    Now processing file /home/runner/work/key/key/key.core/../key.ui/examples/standard_key/java_dl/jml-min/min-unprovable1.key 
335938     INFO  main            d.u.i.k.p.i.AbstractProblemLoader Loading environment from /home/runner/work/key/key/key.core/../key.ui/examples/standard_key/java_dl/jml-min/min-unprovable1.key 
335939     DEBUG main            d.u.i.k.p.i.AbstractProblemLoader Environment load took 167.3ns 
335939     INFO  main            d.u.i.k.p.i.AbstractProblemLoader Creating init config 
338374     DEBUG main            d.u.i.k.p.i.AbstractProblemLoader Init config took 2.43s 
338405     INFO  main            d.u.i.k.p.i.AbstractProblemLoader Replaying proof Min[Min::foo()].JML operation contract.0 
338406     DEBUG main            d.u.i.k.p.i.IntermediateProofReplayer Proof replay took 6.7ns 
338509     INFO  main            d.u.i.k.p.r.p.TestFile    ... finished proof: open goal(s) 
339048     INFO  main            d.u.i.k.p.r.p.TestFile    Now processing file /home/runner/work/key/key/key.core/../key.ui/examples/standard_key/java_dl/jml-min/min-unprovable2.key 
339049     INFO  main            d.u.i.k.p.i.AbstractProblemLoader Loading environment from /home/runner/work/key/key/key.core/../key.ui/examples/standard_key/java_dl/jml-min/min-unprovable2.key 
339049     DEBUG main            d.u.i.k.p.i.AbstractProblemLoader Environment load took 56.2ns 
339049     INFO  main            d.u.i.k.p.i.AbstractProblemLoader Creating init config 
341335     DEBUG main            d.u.i.k.p.i.AbstractProblemLoader Init config took 2.29s 
341376     INFO  main            d.u.i.k.p.i.AbstractProblemLoader Replaying proof Min[Min::foo2()].JML operation contract.0 
341377     DEBUG main            d.u.i.k.p.i.IntermediateProofReplayer Proof replay took 7ns 
341481     INFO  main            d.u.i.k.p.r.p.TestFile    ... finished proof: open goal(s) 
341851     INFO  main            d.u.i.k.p.r.p.TestFile    Now processing file /home/runner/work/key/key/key.core/../key.ui/examples/standard_key/java_dl/methodCall.key 
341851     INFO  main            d.u.i.k.p.i.AbstractProblemLoader Loading environment from /home/runner/work/key/key/key.core/../key.ui/examples/standard_key/java_dl/methodCall.key 
341851     DEBUG main            d.u.i.k.p.i.AbstractProblemLoader Environment load took 51.6ns 
341852     INFO  main            d.u.i.k.p.i.AbstractProblemLoader Creating init config 
344361     DEBUG main            d.u.i.k.p.i.AbstractProblemLoader Init config took 2.51s 
344375     INFO  main            d.u.i.k.p.i.AbstractProblemLoader Replaying proof methodCall.key 
344376     DEBUG main            d.u.i.k.p.i.IntermediateProofReplayer Proof replay took 6.8ns 
344477     INFO  main            d.u.i.k.p.r.p.TestFile    ... finished proof: closed. 
344850     INFO  main            d.u.i.k.p.i.AbstractProblemLoader Loading environment from /home/runner/work/key/key/key.core/../key.ui/examples/standard_key/java_dl/methodCall.key.proof 
344850     DEBUG main            d.u.i.k.p.i.AbstractProblemLoader Environment load took 82ns 
344851     INFO  main            d.u.i.k.p.i.AbstractProblemLoader Creating init config 
347147     DEBUG main            d.u.i.k.p.i.AbstractProblemLoader Init config took 2.3s 
347161     INFO  main            d.u.i.k.p.i.AbstractProblemLoader Replaying proof methodCall.key.proof 
347164     DEBUG main            d.u.i.k.p.i.IntermediateProofReplayer Proof replay took 1.56ms 
347165     DEBUG main            d.u.i.k.p.r.p.TestFile    ... success: reloaded. 
347165     INFO  main            d.u.i.k.p.r.p.TestFile    Now processing file /home/runner/work/key/key/key.core/../key.ui/examples/standard_key/java_dl/methodCall1.key 
347165     INFO  main            d.u.i.k.p.i.AbstractProblemLoader Loading environment from /home/runner/work/key/key/key.core/../key.ui/examples/standard_key/java_dl/methodCall1.key 
347166     DEBUG main            d.u.i.k.p.i.AbstractProblemLoader Environment load took 46.3ns 
347166     INFO  main            d.u.i.k.p.i.AbstractProblemLoader Creating init config 
349488     DEBUG main            d.u.i.k.p.i.AbstractProblemLoader Init config took 2.32s 
349502     INFO  main            d.u.i.k.p.i.AbstractProblemLoader Replaying proof methodCall1.key 
349504     DEBUG main            d.u.i.k.p.i.IntermediateProofReplayer Proof replay took 7.5ns 
349605     INFO  main            d.u.i.k.p.r.p.TestFile    ... finished proof: closed. 
350001     INFO  main            d.u.i.k.p.i.AbstractProblemLoader Loading environment from /home/runner/work/key/key/key.core/../key.ui/examples/standard_key/java_dl/methodCall1.key.proof 
350001     DEBUG main            d.u.i.k.p.i.AbstractProblemLoader Environment load took 89.9ns 
350002     INFO  main            d.u.i.k.p.i.AbstractProblemLoader Creating init config 
352286     DEBUG main            d.u.i.k.p.i.AbstractProblemLoader Init config took 2.28s 
352300     INFO  main            d.u.i.k.p.i.AbstractProblemLoader Replaying proof methodCall1.key.proof 
352311     DEBUG main            d.u.i.k.p.i.IntermediateProofReplayer Proof replay took 9.19ms 
352312     DEBUG main            d.u.i.k.p.r.p.TestFile    ... success: reloaded. 
352312     INFO  main            d.u.i.k.p.r.p.TestFile    Now processing file /home/runner/work/key/key/key.core/../key.ui/examples/standard_key/java_dl/methodCall1box.key 
352313     INFO  main            d.u.i.k.p.i.AbstractProblemLoader Loading environment from /home/runner/work/key/key/key.core/../key.ui/examples/standard_key/java_dl/methodCall1box.key 
352313     DEBUG main            d.u.i.k.p.i.AbstractProblemLoader Environment load took 76.7ns 
352314     INFO  main            d.u.i.k.p.i.AbstractProblemLoader Creating init config 
354633     DEBUG main            d.u.i.k.p.i.AbstractProblemLoader Init config took 2.32s 
354647     INFO  main            d.u.i.k.p.i.AbstractProblemLoader Replaying proof methodCall1box.key 
354648     DEBUG main            d.u.i.k.p.i.IntermediateProofReplayer Proof replay took 9.4ns 
354750     INFO  main            d.u.i.k.p.r.p.TestFile    ... finished proof: closed. 
355144     INFO  main            d.u.i.k.p.i.AbstractProblemLoader Loading environment from /home/runner/work/key/key/key.core/../key.ui/examples/standard_key/java_dl/methodCall1box.key.proof 
355144     DEBUG main            d.u.i.k.p.i.AbstractProblemLoader Environment load took 88.4ns 
355145     INFO  main            d.u.i.k.p.i.AbstractProblemLoader Creating init config 
357439     DEBUG main            d.u.i.k.p.i.AbstractProblemLoader Init config took 2.29s 
357452     INFO  main            d.u.i.k.p.i.AbstractProblemLoader Replaying proof methodCall1box.key.proof 
357463     DEBUG main            d.u.i.k.p.i.IntermediateProofReplayer Proof replay took 9.05ms 
357464     DEBUG main            d.u.i.k.p.r.p.TestFile    ... success: reloaded. 
357465     INFO  main            d.u.i.k.p.r.p.TestFile    Now processing file /home/runner/work/key/key/key.core/../key.ui/examples/standard_key/java_dl/methodCall3.key 
357465     INFO  main            d.u.i.k.p.i.AbstractProblemLoader Loading environment from /home/runner/work/key/key/key.core/../key.ui/examples/standard_key/java_dl/methodCall3.key 
357465     DEBUG main            d.u.i.k.p.i.AbstractProblemLoader Environment load took 70.3ns 
357466     INFO  main            d.u.i.k.p.i.AbstractProblemLoader Creating init config 
359776     DEBUG main            d.u.i.k.p.i.AbstractProblemLoader Init config took 2.31s 
359790     INFO  main            d.u.i.k.p.i.AbstractProblemLoader Replaying proof methodCall3.key 
359791     DEBUG main            d.u.i.k.p.i.IntermediateProofReplayer Proof replay took 6.8ns 
359893     INFO  main            d.u.i.k.p.r.p.TestFile    ... finished proof: closed. 
360305     INFO  main            d.u.i.k.p.i.AbstractProblemLoader Loading environment from /home/runner/work/key/key/key.core/../key.ui/examples/standard_key/java_dl/methodCall3.key.proof 
360305     DEBUG main            d.u.i.k.p.i.AbstractProblemLoader Environment load took 85.5ns 
360306     INFO  main            d.u.i.k.p.i.AbstractProblemLoader Creating init config 
362613     DEBUG main            d.u.i.k.p.i.AbstractProblemLoader Init config took 2.31s 
362627     INFO  main            d.u.i.k.p.i.AbstractProblemLoader Replaying proof methodCall3.key.proof 
362634     DEBUG main            d.u.i.k.p.i.IntermediateProofReplayer Proof replay took 6.24ms 
362635     DEBUG main            d.u.i.k.p.r.p.TestFile    ... success: reloaded. 
362636     INFO  main            d.u.i.k.p.r.p.TestFile    Now processing file /home/runner/work/key/key/key.core/../key.ui/examples/standard_key/java_dl/polishFlagSort.key 
362636     INFO  main            d.u.i.k.p.i.AbstractProblemLoader Loading environment from /home/runner/work/key/key/key.core/../key.ui/examples/standard_key/java_dl/polishFlagSort.key 
362636     DEBUG main            d.u.i.k.p.i.AbstractProblemLoader Environment load took 84.7ns 
362638     INFO  main            d.u.i.k.p.i.AbstractProblemLoader Creating init config 
364990     DEBUG main            d.u.i.k.p.i.AbstractProblemLoader Init config took 2.35s 
365005     INFO  main            d.u.i.k.p.i.AbstractProblemLoader Replaying proof polishFlagSort.key 
365006     DEBUG main            d.u.i.k.p.i.IntermediateProofReplayer Proof replay took 8.1ns 
367014     INFO  main            d.u.i.k.p.r.p.TestFile    ... finished proof: closed. 
367459     INFO  main            d.u.i.k.p.i.AbstractProblemLoader Loading environment from /home/runner/work/key/key/key.core/../key.ui/examples/standard_key/java_dl/polishFlagSort.key.proof 
367460     DEBUG main            d.u.i.k.p.i.AbstractProblemLoader Environment load took 345.41ns 
367462     INFO  main            d.u.i.k.p.i.AbstractProblemLoader Creating init config 
369791     DEBUG main            d.u.i.k.p.i.AbstractProblemLoader Init config took 2.33s 
369806     INFO  main            d.u.i.k.p.i.AbstractProblemLoader Replaying proof polishFlagSort.key.proof 
370063     DEBUG main            d.u.i.k.p.i.IntermediateProofReplayer Proof replay took 245.37ms 
370065     DEBUG main            d.u.i.k.p.r.p.TestFile    ... success: reloaded. 
370065     INFO  main            d.u.i.k.p.r.p.TestFile    Now processing file /home/runner/work/key/key/key.core/../key.ui/examples/standard_key/java_dl/postConditionTaclets1.key 
370066     INFO  main            d.u.i.k.p.i.AbstractProblemLoader Loading environment from /home/runner/work/key/key/key.core/../key.ui/examples/standard_key/java_dl/postConditionTaclets1.key 
370066     DEBUG main            d.u.i.k.p.i.AbstractProblemLoader Environment load took 155.8ns 
370067     INFO  main            d.u.i.k.p.i.AbstractProblemLoader Creating init config 
372344     DEBUG main            d.u.i.k.p.i.AbstractProblemLoader Init config took 2.28s 
372359     INFO  main            d.u.i.k.p.i.AbstractProblemLoader Replaying proof postConditionTaclets1.key 
372360     DEBUG main            d.u.i.k.p.i.IntermediateProofReplayer Proof replay took 6.7ns 
372462     INFO  main            d.u.i.k.p.r.p.TestFile    ... finished proof: closed. 
372922     INFO  main            d.u.i.k.p.i.AbstractProblemLoader Loading environment from /home/runner/work/key/key/key.core/../key.ui/examples/standard_key/java_dl/postConditionTaclets1.key.proof 
372922     DEBUG main            d.u.i.k.p.i.AbstractProblemLoader Environment load took 83ns 
372923     INFO  main            d.u.i.k.p.i.AbstractProblemLoader Creating init config 
375170     DEBUG main            d.u.i.k.p.i.AbstractProblemLoader Init config took 2.25s 
375184     INFO  main            d.u.i.k.p.i.AbstractProblemLoader Replaying proof postConditionTaclets1.key.proof 
375186     DEBUG main            d.u.i.k.p.i.IntermediateProofReplayer Proof replay took 243.71ns 
375188     DEBUG main            d.u.i.k.p.r.p.TestFile    ... success: reloaded. 
375189     INFO  main            d.u.i.k.p.r.p.TestFile    Now processing file /home/runner/work/key/key/key.core/../key.ui/examples/standard_key/java_dl/postConditionTaclets2.key 
375189     INFO  main            d.u.i.k.p.i.AbstractProblemLoader Loading environment from /home/runner/work/key/key/key.core/../key.ui/examples/standard_key/java_dl/postConditionTaclets2.key 
375189     DEBUG main            d.u.i.k.p.i.AbstractProblemLoader Environment load took 105.7ns 
375190     INFO  main            d.u.i.k.p.i.AbstractProblemLoader Creating init config 
377468     DEBUG main            d.u.i.k.p.i.AbstractProblemLoader Init config took 2.28s 
377482     INFO  main            d.u.i.k.p.i.AbstractProblemLoader Replaying proof postConditionTaclets2.key 
377483     DEBUG main            d.u.i.k.p.i.IntermediateProofReplayer Proof replay took 7.6ns 
377585     INFO  main            d.u.i.k.p.r.p.TestFile    ... finished proof: closed. 
377993     INFO  main            d.u.i.k.p.i.AbstractProblemLoader Loading environment from /home/runner/work/key/key/key.core/../key.ui/examples/standard_key/java_dl/postConditionTaclets2.key.proof 
377993     DEBUG main            d.u.i.k.p.i.AbstractProblemLoader Environment load took 113.3ns 
377994     INFO  main            d.u.i.k.p.i.AbstractProblemLoader Creating init config 
380233     DEBUG main            d.u.i.k.p.i.AbstractProblemLoader Init config took 2.24s 
380246     INFO  main            d.u.i.k.p.i.AbstractProblemLoader Replaying proof postConditionTaclets2.key.proof 
380248     DEBUG main            d.u.i.k.p.i.IntermediateProofReplayer Proof replay took 474.21ns 
380249     DEBUG main            d.u.i.k.p.r.p.TestFile    ... success: reloaded. 
380249     INFO  main            d.u.i.k.p.r.p.TestFile    Now processing file /home/runner/work/key/key/key.core/../key.ui/examples/standard_key/java_dl/quantifiedQuery.key 
380249     INFO  main            d.u.i.k.p.i.AbstractProblemLoader Loading environment from /home/runner/work/key/key/key.core/../key.ui/examples/standard_key/java_dl/quantifiedQuery.key 
380249     DEBUG main            d.u.i.k.p.i.AbstractProblemLoader Environment load took 42.9ns 
380251     INFO  main            d.u.i.k.p.i.AbstractProblemLoader Creating init config 
382583     DEBUG main            d.u.i.k.p.i.AbstractProblemLoader Init config took 2.33s 
382597     INFO  main            d.u.i.k.p.i.AbstractProblemLoader Replaying proof quantifiedQuery.key 
382599     DEBUG main            d.u.i.k.p.i.IntermediateProofReplayer Proof replay took 7ns 
382701     INFO  main            d.u.i.k.p.r.p.TestFile    ... finished proof: closed. 
383141     INFO  main            d.u.i.k.p.i.AbstractProblemLoader Loading environment from /home/runner/work/key/key/key.core/../key.ui/examples/standard_key/java_dl/quantifiedQuery.key.proof 
383142     DEBUG main            d.u.i.k.p.i.AbstractProblemLoader Environment load took 86.1ns 
383143     INFO  main            d.u.i.k.p.i.AbstractProblemLoader Creating init config 
385444     DEBUG main            d.u.i.k.p.i.AbstractProblemLoader Init config took 2.3s 
385459     INFO  main            d.u.i.k.p.i.AbstractProblemLoader Replaying proof quantifiedQuery.key.proof 
385467     DEBUG main            d.u.i.k.p.i.IntermediateProofReplayer Proof replay took 6.74ms 
385468     DEBUG main            d.u.i.k.p.r.p.TestFile    ... success: reloaded. 
385468     INFO  main            d.u.i.k.p.r.p.TestFile    Now processing file /home/runner/work/key/key/key.core/../key.ui/examples/standard_key/java_dl/recursion/triangular.key 
385469     INFO  main            d.u.i.k.p.i.AbstractProblemLoader Loading environment from /home/runner/work/key/key/key.core/../key.ui/examples/standard_key/java_dl/recursion/triangular.key 
385469     DEBUG main            d.u.i.k.p.i.AbstractProblemLoader Environment load took 44.7ns 
385469     INFO  main            d.u.i.k.p.i.AbstractProblemLoader Creating init config 
387804     DEBUG main            d.u.i.k.p.i.AbstractProblemLoader Init config took 2.33s 
387839     INFO  main            d.u.i.k.p.i.AbstractProblemLoader Replaying proof Triangular[Triangular::tria(int)].JML normal_behavior operation contract.0 
387840     DEBUG main            d.u.i.k.p.i.IntermediateProofReplayer Proof replay took 7ns 
388042     INFO  main            d.u.i.k.p.r.p.TestFile    ... finished proof: closed. 
388485     INFO  main            d.u.i.k.p.i.AbstractProblemLoader Loading environment from /home/runner/work/key/key/key.core/../key.ui/examples/standard_key/java_dl/recursion/triangular.key.proof 
388485     DEBUG main            d.u.i.k.p.i.AbstractProblemLoader Environment load took 92.1ns 
388486     INFO  main            d.u.i.k.p.i.AbstractProblemLoader Creating init config 
390768     DEBUG main            d.u.i.k.p.i.AbstractProblemLoader Init config took 2.28s 
390799     INFO  main            d.u.i.k.p.i.AbstractProblemLoader Replaying proof Triangular[Triangular::tria(int)].JML normal_behavior operation contract.0 
390823     DEBUG main            d.u.i.k.p.i.IntermediateProofReplayer Proof replay took 21.96ms 
390824     DEBUG main            d.u.i.k.p.r.p.TestFile    ... success: reloaded. 
390824     INFO  main            d.u.i.k.p.r.p.TestFile    Now processing file /home/runner/work/key/key/key.core/../key.ui/examples/standard_key/java_dl/reverseArray.key 
390824     INFO  main            d.u.i.k.p.i.AbstractProblemLoader Loading environment from /home/runner/work/key/key/key.core/../key.ui/examples/standard_key/java_dl/reverseArray.key 
390824     DEBUG main            d.u.i.k.p.i.AbstractProblemLoader Environment load took 69.7ns 
390826     INFO  main            d.u.i.k.p.i.AbstractProblemLoader Creating init config 
390845     WARN  main            d.u.i.k.j.r.KeYCrossReferenceNameInfo Datatype java.io.PrintStream declared twice: Once in FILE:/home/runner/work/key/key/key.core/../key.ui/examples/standard_key/java_dl/./classpath/PrintStream.java and once in URL:file:/home/runner/work/key/key/key.core/build/resources/main/de/uka/ilkd/key/java/JavaRedux/java/io/PrintStream.java, Keeping one from URL:file:/home/runner/work/key/key/key.core/build/resources/main/de/uka/ilkd/key/java/JavaRedux/java/io/PrintStream.java 
390845     WARN  main            d.u.i.k.j.r.KeYCrossReferenceNameInfo Datatype java.lang.System declared twice: Once in FILE:/home/runner/work/key/key/key.core/../key.ui/examples/standard_key/java_dl/./classpath/System.java and once in URL:file:/home/runner/work/key/key/key.core/build/resources/main/de/uka/ilkd/key/java/JavaRedux/java/lang/System.java, Keeping one from URL:file:/home/runner/work/key/key/key.core/build/resources/main/de/uka/ilkd/key/java/JavaRedux/java/lang/System.java 
390845     WARN  main            d.u.i.k.j.r.KeYCrossReferenceNameInfo Datatype java.io.InputStream declared twice: Once in FILE:/home/runner/work/key/key/key.core/../key.ui/examples/standard_key/java_dl/./classpath/InputStream.java and once in URL:file:/home/runner/work/key/key/key.core/build/resources/main/de/uka/ilkd/key/java/JavaRedux/java/io/InputStream.java, Keeping one from URL:file:/home/runner/work/key/key/key.core/build/resources/main/de/uka/ilkd/key/java/JavaRedux/java/io/InputStream.java 
390848     DEBUG main            d.u.i.k.j.r.ClassFileDeclarationBuilder Parsing: package java.io; public class Closeable { } 
390848     DEBUG main            r.s.KeYCrossReferenceSourceInfo Dynamically created class: java.io.Closeable 
393229     DEBUG main            d.u.i.k.p.i.AbstractProblemLoader Init config took 2.4s 
393243     INFO  main            d.u.i.k.p.i.AbstractProblemLoader Replaying proof reverseArray.key 
393245     DEBUG main            d.u.i.k.p.i.IntermediateProofReplayer Proof replay took 7.6ns 
397462     INFO  main            d.u.i.k.p.r.p.TestFile    ... finished proof: closed. 
397949     INFO  main            d.u.i.k.p.i.AbstractProblemLoader Loading environment from /home/runner/work/key/key/key.core/../key.ui/examples/standard_key/java_dl/reverseArray.key.proof 
397949     DEBUG main            d.u.i.k.p.i.AbstractProblemLoader Environment load took 324.51ns 
397951     INFO  main            d.u.i.k.p.i.AbstractProblemLoader Creating init config 
397971     WARN  main            d.u.i.k.j.r.KeYCrossReferenceNameInfo Datatype java.io.PrintStream declared twice: Once in FILE:/home/runner/work/key/key/key.core/../key.ui/examples/standard_key/java_dl/classpath/PrintStream.java and once in URL:file:/home/runner/work/key/key/key.core/build/resources/main/de/uka/ilkd/key/java/JavaRedux/java/io/PrintStream.java, Keeping one from URL:file:/home/runner/work/key/key/key.core/build/resources/main/de/uka/ilkd/key/java/JavaRedux/java/io/PrintStream.java 
397971     WARN  main            d.u.i.k.j.r.KeYCrossReferenceNameInfo Datatype java.lang.System declared twice: Once in FILE:/home/runner/work/key/key/key.core/../key.ui/examples/standard_key/java_dl/classpath/System.java and once in URL:file:/home/runner/work/key/key/key.core/build/resources/main/de/uka/ilkd/key/java/JavaRedux/java/lang/System.java, Keeping one from URL:file:/home/runner/work/key/key/key.core/build/resources/main/de/uka/ilkd/key/java/JavaRedux/java/lang/System.java 
397971     WARN  main            d.u.i.k.j.r.KeYCrossReferenceNameInfo Datatype java.io.InputStream declared twice: Once in FILE:/home/runner/work/key/key/key.core/../key.ui/examples/standard_key/java_dl/classpath/InputStream.java and once in URL:file:/home/runner/work/key/key/key.core/build/resources/main/de/uka/ilkd/key/java/JavaRedux/java/io/InputStream.java, Keeping one from URL:file:/home/runner/work/key/key/key.core/build/resources/main/de/uka/ilkd/key/java/JavaRedux/java/io/InputStream.java 
397974     DEBUG main            d.u.i.k.j.r.ClassFileDeclarationBuilder Parsing: package java.io; public class Closeable { } 
397974     DEBUG main            r.s.KeYCrossReferenceSourceInfo Dynamically created class: java.io.Closeable 
400384     DEBUG main            d.u.i.k.p.i.AbstractProblemLoader Init config took 2.43s 
400401     INFO  main            d.u.i.k.p.i.AbstractProblemLoader Replaying proof reverseArray.key.proof 
400836     DEBUG main            d.u.i.k.p.i.IntermediateProofReplayer Proof replay took 423.2ms 
400838     DEBUG main            d.u.i.k.p.r.p.TestFile    ... success: reloaded. 
400839     INFO  main            d.u.i.k.p.r.p.TestFile    Now processing file /home/runner/work/key/key/key.core/../key.ui/examples/standard_key/java_dl/reverseArray2.key 
400839     INFO  main            d.u.i.k.p.i.AbstractProblemLoader Loading environment from /home/runner/work/key/key/key.core/../key.ui/examples/standard_key/java_dl/reverseArray2.key 
400839     DEBUG main            d.u.i.k.p.i.AbstractProblemLoader Environment load took 60.4ns 
400841     INFO  main            d.u.i.k.p.i.AbstractProblemLoader Creating init config 
400860     WARN  main            d.u.i.k.j.r.KeYCrossReferenceNameInfo Datatype java.io.PrintStream declared twice: Once in FILE:/home/runner/work/key/key/key.core/../key.ui/examples/standard_key/java_dl/classpath/PrintStream.java and once in URL:file:/home/runner/work/key/key/key.core/build/resources/main/de/uka/ilkd/key/java/JavaRedux/java/io/PrintStream.java, Keeping one from URL:file:/home/runner/work/key/key/key.core/build/resources/main/de/uka/ilkd/key/java/JavaRedux/java/io/PrintStream.java 
400860     WARN  main            d.u.i.k.j.r.KeYCrossReferenceNameInfo Datatype java.lang.System declared twice: Once in FILE:/home/runner/work/key/key/key.core/../key.ui/examples/standard_key/java_dl/classpath/System.java and once in URL:file:/home/runner/work/key/key/key.core/build/resources/main/de/uka/ilkd/key/java/JavaRedux/java/lang/System.java, Keeping one from URL:file:/home/runner/work/key/key/key.core/build/resources/main/de/uka/ilkd/key/java/JavaRedux/java/lang/System.java 
400860     WARN  main            d.u.i.k.j.r.KeYCrossReferenceNameInfo Datatype java.io.InputStream declared twice: Once in FILE:/home/runner/work/key/key/key.core/../key.ui/examples/standard_key/java_dl/classpath/InputStream.java and once in URL:file:/home/runner/work/key/key/key.core/build/resources/main/de/uka/ilkd/key/java/JavaRedux/java/io/InputStream.java, Keeping one from URL:file:/home/runner/work/key/key/key.core/build/resources/main/de/uka/ilkd/key/java/JavaRedux/java/io/InputStream.java 
400863     DEBUG main            d.u.i.k.j.r.ClassFileDeclarationBuilder Parsing: package java.io; public class Closeable { } 
400863     DEBUG main            r.s.KeYCrossReferenceSourceInfo Dynamically created class: java.io.Closeable 
403372     DEBUG main            d.u.i.k.p.i.AbstractProblemLoader Init config took 2.53s 
403387     INFO  main            d.u.i.k.p.i.AbstractProblemLoader Replaying proof reverseArray2.key 
403389     DEBUG main            d.u.i.k.p.i.IntermediateProofReplayer Proof replay took 43ns 
404694     INFO  main            d.u.i.k.p.r.p.TestFile    ... finished proof: closed. 
405214     INFO  main            d.u.i.k.p.i.AbstractProblemLoader Loading environment from /home/runner/work/key/key/key.core/../key.ui/examples/standard_key/java_dl/reverseArray2.key.proof 
405214     DEBUG main            d.u.i.k.p.i.AbstractProblemLoader Environment load took 326.21ns 
405216     INFO  main            d.u.i.k.p.i.AbstractProblemLoader Creating init config 
405235     WARN  main            d.u.i.k.j.r.KeYCrossReferenceNameInfo Datatype java.io.PrintStream declared twice: Once in FILE:/home/runner/work/key/key/key.core/../key.ui/examples/standard_key/java_dl/classpath/PrintStream.java and once in URL:file:/home/runner/work/key/key/key.core/build/resources/main/de/uka/ilkd/key/java/JavaRedux/java/io/PrintStream.java, Keeping one from URL:file:/home/runner/work/key/key/key.core/build/resources/main/de/uka/ilkd/key/java/JavaRedux/java/io/PrintStream.java 
405235     WARN  main            d.u.i.k.j.r.KeYCrossReferenceNameInfo Datatype java.lang.System declared twice: Once in FILE:/home/runner/work/key/key/key.core/../key.ui/examples/standard_key/java_dl/classpath/System.java and once in URL:file:/home/runner/work/key/key/key.core/build/resources/main/de/uka/ilkd/key/java/JavaRedux/java/lang/System.java, Keeping one from URL:file:/home/runner/work/key/key/key.core/build/resources/main/de/uka/ilkd/key/java/JavaRedux/java/lang/System.java 
405235     WARN  main            d.u.i.k.j.r.KeYCrossReferenceNameInfo Datatype java.io.InputStream declared twice: Once in FILE:/home/runner/work/key/key/key.core/../key.ui/examples/standard_key/java_dl/classpath/InputStream.java and once in URL:file:/home/runner/work/key/key/key.core/build/resources/main/de/uka/ilkd/key/java/JavaRedux/java/io/InputStream.java, Keeping one from URL:file:/home/runner/work/key/key/key.core/build/resources/main/de/uka/ilkd/key/java/JavaRedux/java/io/InputStream.java 
405238     DEBUG main            d.u.i.k.j.r.ClassFileDeclarationBuilder Parsing: package java.io; public class Closeable { } 
405238     DEBUG main            r.s.KeYCrossReferenceSourceInfo Dynamically created class: java.io.Closeable 
407573     DEBUG main            d.u.i.k.p.i.AbstractProblemLoader Init config took 2.36s 
407589     INFO  main            d.u.i.k.p.i.AbstractProblemLoader Replaying proof reverseArray2.key.proof 
407742     DEBUG main            d.u.i.k.p.i.IntermediateProofReplayer Proof replay took 148.52ms 
407743     DEBUG main            d.u.i.k.p.r.p.TestFile    ... success: reloaded. 
407744     INFO  main            d.u.i.k.p.r.p.TestFile    Now processing file /home/runner/work/key/key/key.core/../key.ui/examples/standard_key/java_dl/simpleAssignment.key 
407745     INFO  main            d.u.i.k.p.i.AbstractProblemLoader Loading environment from /home/runner/work/key/key/key.core/../key.ui/examples/standard_key/java_dl/simpleAssignment.key 
407745     DEBUG main            d.u.i.k.p.i.AbstractProblemLoader Environment load took 97ns 
407746     INFO  main            d.u.i.k.p.i.AbstractProblemLoader Creating init config 
410032     DEBUG main            d.u.i.k.p.i.AbstractProblemLoader Init config took 2.29s 
410046     INFO  main            d.u.i.k.p.i.AbstractProblemLoader Replaying proof simpleAssignment.key 
410047     DEBUG main            d.u.i.k.p.i.IntermediateProofReplayer Proof replay took 3.6ns 
410149     INFO  main            d.u.i.k.p.r.p.TestFile    ... finished proof: closed. 
410647     INFO  main            d.u.i.k.p.i.AbstractProblemLoader Loading environment from /home/runner/work/key/key/key.core/../key.ui/examples/standard_key/java_dl/simpleAssignment.key.proof 
410647     DEBUG main            d.u.i.k.p.i.AbstractProblemLoader Environment load took 84.1ns 
410648     INFO  main            d.u.i.k.p.i.AbstractProblemLoader Creating init config 
412888     DEBUG main            d.u.i.k.p.i.AbstractProblemLoader Init config took 2.24s 
412902     INFO  main            d.u.i.k.p.i.AbstractProblemLoader Replaying proof simpleAssignment.key.proof 
412904     DEBUG main            d.u.i.k.p.i.IntermediateProofReplayer Proof replay took 597.81ns 
412904     DEBUG main            d.u.i.k.p.r.p.TestFile    ... success: reloaded. 
412904     INFO  main            d.u.i.k.p.r.p.TestFile    Now processing file /home/runner/work/key/key/key.core/../key.ui/examples/standard_key/java_dl/simpleAssignment2.key 
412905     INFO  main            d.u.i.k.p.i.AbstractProblemLoader Loading environment from /home/runner/work/key/key/key.core/../key.ui/examples/standard_key/java_dl/simpleAssignment2.key 
412905     DEBUG main            d.u.i.k.p.i.AbstractProblemLoader Environment load took 44ns 
412905     INFO  main            d.u.i.k.p.i.AbstractProblemLoader Creating init config 
415165     DEBUG main            d.u.i.k.p.i.AbstractProblemLoader Init config took 2.26s 
415179     INFO  main            d.u.i.k.p.i.AbstractProblemLoader Replaying proof simpleAssignment2.key 
415180     DEBUG main            d.u.i.k.p.i.IntermediateProofReplayer Proof replay took 3.4ns 
415282     INFO  main            d.u.i.k.p.r.p.TestFile    ... finished proof: closed. 
415728     INFO  main            d.u.i.k.p.i.AbstractProblemLoader Loading environment from /home/runner/work/key/key/key.core/../key.ui/examples/standard_key/java_dl/simpleAssignment2.key.proof 
415728     DEBUG main            d.u.i.k.p.i.AbstractProblemLoader Environment load took 85.2ns 
415729     INFO  main            d.u.i.k.p.i.AbstractProblemLoader Creating init config 
417958     DEBUG main            d.u.i.k.p.i.AbstractProblemLoader Init config took 2.23s 
417972     INFO  main            d.u.i.k.p.i.AbstractProblemLoader Replaying proof simpleAssignment2.key.proof 
417973     DEBUG main            d.u.i.k.p.i.IntermediateProofReplayer Proof replay took 343.11ns 
417974     DEBUG main            d.u.i.k.p.r.p.TestFile    ... success: reloaded. 
417974     INFO  main            d.u.i.k.p.r.p.TestFile    Now processing file /home/runner/work/key/key/key.core/../key.ui/examples/standard_key/java_dl/splittingWithQueries.key 
417974     INFO  main            d.u.i.k.p.i.AbstractProblemLoader Loading environment from /home/runner/work/key/key/key.core/../key.ui/examples/standard_key/java_dl/splittingWithQueries.key 
417974     DEBUG main            d.u.i.k.p.i.AbstractProblemLoader Environment load took 36.6ns 
417975     INFO  main            d.u.i.k.p.i.AbstractProblemLoader Creating init config 
420291     DEBUG main            d.u.i.k.p.i.AbstractProblemLoader Init config took 2.32s 
420304     INFO  main            d.u.i.k.p.i.AbstractProblemLoader Replaying proof splittingWithQueries.key 
420306     DEBUG main            d.u.i.k.p.i.IntermediateProofReplayer Proof replay took 4.3ns 
420407     INFO  main            d.u.i.k.p.r.p.TestFile    ... finished proof: closed. 
420879     INFO  main            d.u.i.k.p.i.AbstractProblemLoader Loading environment from /home/runner/work/key/key/key.core/../key.ui/examples/standard_key/java_dl/splittingWithQueries.key.proof 
420879     DEBUG main            d.u.i.k.p.i.AbstractProblemLoader Environment load took 81.9ns 
420880     INFO  main            d.u.i.k.p.i.AbstractProblemLoader Creating init config 
423162     DEBUG main            d.u.i.k.p.i.AbstractProblemLoader Init config took 2.28s 
423179     INFO  main            d.u.i.k.p.i.AbstractProblemLoader Replaying proof splittingWithQueries.key.proof 
423181     DEBUG main            d.u.i.k.p.i.IntermediateProofReplayer Proof replay took 1.22ms 
423182     DEBUG main            d.u.i.k.p.r.p.TestFile    ... success: reloaded. 
423184     INFO  main            d.u.i.k.p.r.p.TestFile    Now processing file /home/runner/work/key/key/key.core/../key.ui/examples/standard_key/java_dl/strassen/strassen.key 
423185     INFO  main            d.u.i.k.p.i.AbstractProblemLoader Loading environment from /home/runner/work/key/key/key.core/../key.ui/examples/standard_key/java_dl/strassen/strassen.key 
423185     DEBUG main            d.u.i.k.p.i.AbstractProblemLoader Environment load took 80.6ns 
423185     INFO  main            d.u.i.k.p.i.AbstractProblemLoader Creating init config 
425581     DEBUG main            d.u.i.k.p.i.AbstractProblemLoader Init config took 2.4s 
425614     INFO  main            d.u.i.k.p.i.AbstractProblemLoader Replaying proof Matrix22[Matrix22::strassen(Matrix22,Matrix22)].JML normal_behavior operation contract.0 
425615     DEBUG main            d.u.i.k.p.i.IntermediateProofReplayer Proof replay took 4.5ns 
430068     INFO  main            d.u.i.k.p.r.p.TestFile    ... finished proof: closed. 
430665     INFO  main            d.u.i.k.p.i.AbstractProblemLoader Loading environment from /home/runner/work/key/key/key.core/../key.ui/examples/standard_key/java_dl/strassen/strassen.key.proof 
430665     DEBUG main            d.u.i.k.p.i.AbstractProblemLoader Environment load took 94.5ns 
430666     INFO  main            d.u.i.k.p.i.AbstractProblemLoader Creating init config 
433037     DEBUG main            d.u.i.k.p.i.AbstractProblemLoader Init config took 2.37s 
433070     INFO  main            d.u.i.k.p.i.AbstractProblemLoader Replaying proof Matrix22[Matrix22::strassen(Matrix22,Matrix22)].JML normal_behavior operation contract.0 
433450     DEBUG main            d.u.i.k.p.i.IntermediateProofReplayer Proof replay took 370.31ms 
433452     DEBUG main            d.u.i.k.p.r.p.TestFile    ... success: reloaded. 
433453     INFO  main            d.u.i.k.p.r.p.TestFile    Now processing file /home/runner/work/key/key/key.core/../key.ui/examples/standard_key/java_dl/symmArray.key 
433453     INFO  main            d.u.i.k.p.i.AbstractProblemLoader Loading environment from /home/runner/work/key/key/key.core/../key.ui/examples/standard_key/java_dl/symmArray.key 
433453     DEBUG main            d.u.i.k.p.i.AbstractProblemLoader Environment load took 75.9ns 
433456     INFO  main            d.u.i.k.p.i.AbstractProblemLoader Creating init config 
435908     DEBUG main            d.u.i.k.p.i.AbstractProblemLoader Init config took 2.45s 
435923     INFO  main            d.u.i.k.p.i.AbstractProblemLoader Replaying proof symmArray.key 
435925     DEBUG main            d.u.i.k.p.i.IntermediateProofReplayer Proof replay took 4.1ns 
510589     INFO  main            d.u.i.k.p.r.p.TestFile    ... finished proof: closed. 
511174     INFO  main            d.u.i.k.p.i.AbstractProblemLoader Loading environment from /home/runner/work/key/key/key.core/../key.ui/examples/standard_key/java_dl/symmArray.key.proof 
511174     DEBUG main            d.u.i.k.p.i.AbstractProblemLoader Environment load took 329.01ns 
511180     INFO  main            d.u.i.k.p.i.AbstractProblemLoader Creating init config 
513541     DEBUG main            d.u.i.k.p.i.AbstractProblemLoader Init config took 2.36s 
513557     INFO  main            d.u.i.k.p.i.AbstractProblemLoader Replaying proof symmArray.key.proof 
514341     DEBUG main            d.u.i.k.p.i.IntermediateProofReplayer Proof replay took 730.85ms 
514346     DEBUG main            d.u.i.k.p.r.p.TestFile    ... success: reloaded. 
514347     INFO  main            d.u.i.k.p.r.p.TestFile    Now processing file /home/runner/work/key/key/key.core/../key.ui/examples/standard_key/java_dl/testcontext.key 
514347     INFO  main            d.u.i.k.p.i.AbstractProblemLoader Loading environment from /home/runner/work/key/key/key.core/../key.ui/examples/standard_key/java_dl/testcontext.key 
514347     DEBUG main            d.u.i.k.p.i.AbstractProblemLoader Environment load took 68.8ns 
514348     INFO  main            d.u.i.k.p.i.AbstractProblemLoader Creating init config 
514367     WARN  main            d.u.i.k.j.r.KeYCrossReferenceNameInfo Datatype java.io.PrintStream declared twice: Once in FILE:/home/runner/work/key/key/key.core/../key.ui/examples/standard_key/java_dl/classpath/PrintStream.java and once in URL:file:/home/runner/work/key/key/key.core/build/resources/main/de/uka/ilkd/key/java/JavaRedux/java/io/PrintStream.java, Keeping one from URL:file:/home/runner/work/key/key/key.core/build/resources/main/de/uka/ilkd/key/java/JavaRedux/java/io/PrintStream.java 
514367     WARN  main            d.u.i.k.j.r.KeYCrossReferenceNameInfo Datatype java.lang.System declared twice: Once in FILE:/home/runner/work/key/key/key.core/../key.ui/examples/standard_key/java_dl/classpath/System.java and once in URL:file:/home/runner/work/key/key/key.core/build/resources/main/de/uka/ilkd/key/java/JavaRedux/java/lang/System.java, Keeping one from URL:file:/home/runner/work/key/key/key.core/build/resources/main/de/uka/ilkd/key/java/JavaRedux/java/lang/System.java 
514367     WARN  main            d.u.i.k.j.r.KeYCrossReferenceNameInfo Datatype java.io.InputStream declared twice: Once in FILE:/home/runner/work/key/key/key.core/../key.ui/examples/standard_key/java_dl/classpath/InputStream.java and once in URL:file:/home/runner/work/key/key/key.core/build/resources/main/de/uka/ilkd/key/java/JavaRedux/java/io/InputStream.java, Keeping one from URL:file:/home/runner/work/key/key/key.core/build/resources/main/de/uka/ilkd/key/java/JavaRedux/java/io/InputStream.java 
514370     DEBUG main            d.u.i.k.j.r.ClassFileDeclarationBuilder Parsing: package java.io; public class Closeable { } 
514370     DEBUG main            r.s.KeYCrossReferenceSourceInfo Dynamically created class: java.io.Closeable 
516805     DEBUG main            d.u.i.k.p.i.AbstractProblemLoader Init config took 2.46s 
516819     INFO  main            d.u.i.k.p.i.AbstractProblemLoader Replaying proof testcontext.key 
516821     DEBUG main            d.u.i.k.p.i.IntermediateProofReplayer Proof replay took 3ns 
517129     INFO  main            d.u.i.k.p.r.p.TestFile    ... finished proof: closed. 
517721     INFO  main            d.u.i.k.p.i.AbstractProblemLoader Loading environment from /home/runner/work/key/key/key.core/../key.ui/examples/standard_key/java_dl/testcontext.key.proof 
517721     DEBUG main            d.u.i.k.p.i.AbstractProblemLoader Environment load took 84.8ns 
517722     INFO  main            d.u.i.k.p.i.AbstractProblemLoader Creating init config 
517741     WARN  main            d.u.i.k.j.r.KeYCrossReferenceNameInfo Datatype java.io.PrintStream declared twice: Once in FILE:/home/runner/work/key/key/key.core/../key.ui/examples/standard_key/java_dl/classpath/PrintStream.java and once in URL:file:/home/runner/work/key/key/key.core/build/resources/main/de/uka/ilkd/key/java/JavaRedux/java/io/PrintStream.java, Keeping one from URL:file:/home/runner/work/key/key/key.core/build/resources/main/de/uka/ilkd/key/java/JavaRedux/java/io/PrintStream.java 
517741     WARN  main            d.u.i.k.j.r.KeYCrossReferenceNameInfo Datatype java.lang.System declared twice: Once in FILE:/home/runner/work/key/key/key.core/../key.ui/examples/standard_key/java_dl/classpath/System.java and once in URL:file:/home/runner/work/key/key/key.core/build/resources/main/de/uka/ilkd/key/java/JavaRedux/java/lang/System.java, Keeping one from URL:file:/home/runner/work/key/key/key.core/build/resources/main/de/uka/ilkd/key/java/JavaRedux/java/lang/System.java 
517741     WARN  main            d.u.i.k.j.r.KeYCrossReferenceNameInfo Datatype java.io.InputStream declared twice: Once in FILE:/home/runner/work/key/key/key.core/../key.ui/examples/standard_key/java_dl/classpath/InputStream.java and once in URL:file:/home/runner/work/key/key/key.core/build/resources/main/de/uka/ilkd/key/java/JavaRedux/java/io/InputStream.java, Keeping one from URL:file:/home/runner/work/key/key/key.core/build/resources/main/de/uka/ilkd/key/java/JavaRedux/java/io/InputStream.java 
517744     DEBUG main            d.u.i.k.j.r.ClassFileDeclarationBuilder Parsing: package java.io; public class Closeable { } 
517744     DEBUG main            r.s.KeYCrossReferenceSourceInfo Dynamically created class: java.io.Closeable 
519994     DEBUG main            d.u.i.k.p.i.AbstractProblemLoader Init config took 2.27s 
520008     INFO  main            d.u.i.k.p.i.AbstractProblemLoader Replaying proof testcontext.key.proof 
520048     DEBUG main            d.u.i.k.p.i.IntermediateProofReplayer Proof replay took 37.91ms 
520049     DEBUG main            d.u.i.k.p.r.p.TestFile    ... success: reloaded. 
520050     INFO  main            d.u.i.k.p.r.p.TestFile    Now processing file /home/runner/work/key/key/key.core/../key.ui/examples/standard_key/staticInitialisation/cascadeStaticInitialisation.key 
520050     INFO  main            d.u.i.k.p.i.AbstractProblemLoader Loading environment from /home/runner/work/key/key/key.core/../key.ui/examples/standard_key/staticInitialisation/cascadeStaticInitialisation.key 
520050     DEBUG main            d.u.i.k.p.i.AbstractProblemLoader Environment load took 47.1ns 
520052     INFO  main            d.u.i.k.p.i.AbstractProblemLoader Creating init config 
520070     WARN  main            d.u.i.k.j.r.KeYCrossReferenceNameInfo Datatype java.io.PrintStream declared twice: Once in FILE:/home/runner/work/key/key/key.core/../key.ui/examples/standard_key/staticInitialisation/classpath/PrintStream.java and once in URL:file:/home/runner/work/key/key/key.core/build/resources/main/de/uka/ilkd/key/java/JavaRedux/java/io/PrintStream.java, Keeping one from URL:file:/home/runner/work/key/key/key.core/build/resources/main/de/uka/ilkd/key/java/JavaRedux/java/io/PrintStream.java 
520070     WARN  main            d.u.i.k.j.r.KeYCrossReferenceNameInfo Datatype java.lang.System declared twice: Once in FILE:/home/runner/work/key/key/key.core/../key.ui/examples/standard_key/staticInitialisation/classpath/System.java and once in URL:file:/home/runner/work/key/key/key.core/build/resources/main/de/uka/ilkd/key/java/JavaRedux/java/lang/System.java, Keeping one from URL:file:/home/runner/work/key/key/key.core/build/resources/main/de/uka/ilkd/key/java/JavaRedux/java/lang/System.java 
522382     DEBUG main            d.u.i.k.p.i.AbstractProblemLoader Init config took 2.33s 
522415     INFO  main            d.u.i.k.p.i.AbstractProblemLoader Replaying proof cascadeStaticInitialisation.key 
522420     DEBUG main            d.u.i.k.p.i.IntermediateProofReplayer Proof replay took 3ns 
523025     INFO  main            d.u.i.k.p.r.p.TestFile    ... finished proof: closed. 
523564     INFO  main            d.u.i.k.p.i.AbstractProblemLoader Loading environment from /home/runner/work/key/key/key.core/../key.ui/examples/standard_key/staticInitialisation/cascadeStaticInitialisation.key.proof 
523564     DEBUG main            d.u.i.k.p.i.AbstractProblemLoader Environment load took 83.5ns 
523566     INFO  main            d.u.i.k.p.i.AbstractProblemLoader Creating init config 
523594     WARN  main            d.u.i.k.j.r.KeYCrossReferenceNameInfo Datatype java.io.PrintStream declared twice: Once in FILE:/home/runner/work/key/key/key.core/../key.ui/examples/standard_key/staticInitialisation/classpath/PrintStream.java and once in URL:file:/home/runner/work/key/key/key.core/build/resources/main/de/uka/ilkd/key/java/JavaRedux/java/io/PrintStream.java, Keeping one from URL:file:/home/runner/work/key/key/key.core/build/resources/main/de/uka/ilkd/key/java/JavaRedux/java/io/PrintStream.java 
523594     WARN  main            d.u.i.k.j.r.KeYCrossReferenceNameInfo Datatype java.lang.System declared twice: Once in FILE:/home/runner/work/key/key/key.core/../key.ui/examples/standard_key/staticInitialisation/classpath/System.java and once in URL:file:/home/runner/work/key/key/key.core/build/resources/main/de/uka/ilkd/key/java/JavaRedux/java/lang/System.java, Keeping one from URL:file:/home/runner/work/key/key/key.core/build/resources/main/de/uka/ilkd/key/java/JavaRedux/java/lang/System.java 
525926     DEBUG main            d.u.i.k.p.i.AbstractProblemLoader Init config took 2.36s 
525940     INFO  main            d.u.i.k.p.i.AbstractProblemLoader Replaying proof cascadeStaticInitialisation.key.proof 
526046     DEBUG main            d.u.i.k.p.i.IntermediateProofReplayer Proof replay took 103.15ms 
526047     DEBUG main            d.u.i.k.p.r.p.TestFile    ... success: reloaded. 
526048     INFO  main            d.u.i.k.p.r.p.TestFile    Now processing file /home/runner/work/key/key/key.core/../key.ui/examples/standard_key/staticInitialisation/erroneousClassImpliesErroneousSubclass.key 
526048     INFO  main            d.u.i.k.p.i.AbstractProblemLoader Loading environment from /home/runner/work/key/key/key.core/../key.ui/examples/standard_key/staticInitialisation/erroneousClassImpliesErroneousSubclass.key 
526048     DEBUG main            d.u.i.k.p.i.AbstractProblemLoader Environment load took 46.6ns 
526049     INFO  main            d.u.i.k.p.i.AbstractProblemLoader Creating init config 
526067     WARN  main            d.u.i.k.j.r.KeYCrossReferenceNameInfo Datatype java.io.PrintStream declared twice: Once in FILE:/home/runner/work/key/key/key.core/../key.ui/examples/standard_key/staticInitialisation/classpath/PrintStream.java and once in URL:file:/home/runner/work/key/key/key.core/build/resources/main/de/uka/ilkd/key/java/JavaRedux/java/io/PrintStream.java, Keeping one from URL:file:/home/runner/work/key/key/key.core/build/resources/main/de/uka/ilkd/key/java/JavaRedux/java/io/PrintStream.java 
526067     WARN  main            d.u.i.k.j.r.KeYCrossReferenceNameInfo Datatype java.lang.System declared twice: Once in FILE:/home/runner/work/key/key/key.core/../key.ui/examples/standard_key/staticInitialisation/classpath/System.java and once in URL:file:/home/runner/work/key/key/key.core/build/resources/main/de/uka/ilkd/key/java/JavaRedux/java/lang/System.java, Keeping one from URL:file:/home/runner/work/key/key/key.core/build/resources/main/de/uka/ilkd/key/java/JavaRedux/java/lang/System.java 
528367     DEBUG main            d.u.i.k.p.i.AbstractProblemLoader Init config took 2.32s 
528380     INFO  main            d.u.i.k.p.i.AbstractProblemLoader Replaying proof erroneousClassImpliesErroneousSubclass.key 
528381     DEBUG main            d.u.i.k.p.i.IntermediateProofReplayer Proof replay took 3.6ns 
528483     INFO  main            d.u.i.k.p.r.p.TestFile    ... finished proof: closed. 
529007     INFO  main            d.u.i.k.p.i.AbstractProblemLoader Loading environment from /home/runner/work/key/key/key.core/../key.ui/examples/standard_key/staticInitialisation/erroneousClassImpliesErroneousSubclass.key.proof 
529007     DEBUG main            d.u.i.k.p.i.AbstractProblemLoader Environment load took 84.9ns 
529008     INFO  main            d.u.i.k.p.i.AbstractProblemLoader Creating init config 
529026     WARN  main            d.u.i.k.j.r.KeYCrossReferenceNameInfo Datatype java.io.PrintStream declared twice: Once in FILE:/home/runner/work/key/key/key.core/../key.ui/examples/standard_key/staticInitialisation/classpath/PrintStream.java and once in URL:file:/home/runner/work/key/key/key.core/build/resources/main/de/uka/ilkd/key/java/JavaRedux/java/io/PrintStream.java, Keeping one from URL:file:/home/runner/work/key/key/key.core/build/resources/main/de/uka/ilkd/key/java/JavaRedux/java/io/PrintStream.java 
529027     WARN  main            d.u.i.k.j.r.KeYCrossReferenceNameInfo Datatype java.lang.System declared twice: Once in FILE:/home/runner/work/key/key/key.core/../key.ui/examples/standard_key/staticInitialisation/classpath/System.java and once in URL:file:/home/runner/work/key/key/key.core/build/resources/main/de/uka/ilkd/key/java/JavaRedux/java/lang/System.java, Keeping one from URL:file:/home/runner/work/key/key/key.core/build/resources/main/de/uka/ilkd/key/java/JavaRedux/java/lang/System.java 
531289     DEBUG main            d.u.i.k.p.i.AbstractProblemLoader Init config took 2.28s 
531301     INFO  main            d.u.i.k.p.i.AbstractProblemLoader Replaying proof erroneousClassImpliesErroneousSubclass.key.proof 
531303     DEBUG main            d.u.i.k.p.i.IntermediateProofReplayer Proof replay took 431.31ns 
531304     DEBUG main            d.u.i.k.p.r.p.TestFile    ... success: reloaded. 
531304     INFO  main            d.u.i.k.p.r.p.TestFile    Now processing file /home/runner/work/key/key/key.core/../key.ui/examples/standard_key/staticInitialisation/initializedSubclassImpliesInitializedSuperclass.key 
531306     INFO  main            d.u.i.k.p.i.AbstractProblemLoader Loading environment from /home/runner/work/key/key/key.core/../key.ui/examples/standard_key/staticInitialisation/initializedSubclassImpliesInitializedSuperclass.key 
531308     DEBUG main            d.u.i.k.p.i.AbstractProblemLoader Environment load took 2.07ms 
531310     INFO  main            d.u.i.k.p.i.AbstractProblemLoader Creating init config 
531327     WARN  main            d.u.i.k.j.r.KeYCrossReferenceNameInfo Datatype java.io.PrintStream declared twice: Once in FILE:/home/runner/work/key/key/key.core/../key.ui/examples/standard_key/staticInitialisation/classpath/PrintStream.java and once in URL:file:/home/runner/work/key/key/key.core/build/resources/main/de/uka/ilkd/key/java/JavaRedux/java/io/PrintStream.java, Keeping one from URL:file:/home/runner/work/key/key/key.core/build/resources/main/de/uka/ilkd/key/java/JavaRedux/java/io/PrintStream.java 
531328     WARN  main            d.u.i.k.j.r.KeYCrossReferenceNameInfo Datatype java.lang.System declared twice: Once in FILE:/home/runner/work/key/key/key.core/../key.ui/examples/standard_key/staticInitialisation/classpath/System.java and once in URL:file:/home/runner/work/key/key/key.core/build/resources/main/de/uka/ilkd/key/java/JavaRedux/java/lang/System.java, Keeping one from URL:file:/home/runner/work/key/key/key.core/build/resources/main/de/uka/ilkd/key/java/JavaRedux/java/lang/System.java 
533611     DEBUG main            d.u.i.k.p.i.AbstractProblemLoader Init config took 2.3s 
533624     INFO  main            d.u.i.k.p.i.AbstractProblemLoader Replaying proof initializedSubclassImpliesInitializedSuperclass.key 
533625     DEBUG main            d.u.i.k.p.i.IntermediateProofReplayer Proof replay took 3.4ns 
533727     INFO  main            d.u.i.k.p.r.p.TestFile    ... finished proof: closed. 
534232     INFO  main            d.u.i.k.p.i.AbstractProblemLoader Loading environment from /home/runner/work/key/key/key.core/../key.ui/examples/standard_key/staticInitialisation/initializedSubclassImpliesInitializedSuperclass.key.proof 
534232     DEBUG main            d.u.i.k.p.i.AbstractProblemLoader Environment load took 78.8ns 
534233     INFO  main            d.u.i.k.p.i.AbstractProblemLoader Creating init config 
534252     WARN  main            d.u.i.k.j.r.KeYCrossReferenceNameInfo Datatype java.io.PrintStream declared twice: Once in FILE:/home/runner/work/key/key/key.core/../key.ui/examples/standard_key/staticInitialisation/classpath/PrintStream.java and once in URL:file:/home/runner/work/key/key/key.core/build/resources/main/de/uka/ilkd/key/java/JavaRedux/java/io/PrintStream.java, Keeping one from URL:file:/home/runner/work/key/key/key.core/build/resources/main/de/uka/ilkd/key/java/JavaRedux/java/io/PrintStream.java 
534252     WARN  main            d.u.i.k.j.r.KeYCrossReferenceNameInfo Datatype java.lang.System declared twice: Once in FILE:/home/runner/work/key/key/key.core/../key.ui/examples/standard_key/staticInitialisation/classpath/System.java and once in URL:file:/home/runner/work/key/key/key.core/build/resources/main/de/uka/ilkd/key/java/JavaRedux/java/lang/System.java, Keeping one from URL:file:/home/runner/work/key/key/key.core/build/resources/main/de/uka/ilkd/key/java/JavaRedux/java/lang/System.java 
536513     DEBUG main            d.u.i.k.p.i.AbstractProblemLoader Init config took 2.28s 
536526     INFO  main            d.u.i.k.p.i.AbstractProblemLoader Replaying proof initializedSubclassImpliesInitializedSuperclass.key.proof 
536527     DEBUG main            d.u.i.k.p.i.IntermediateProofReplayer Proof replay took 300.01ns 
536528     DEBUG main            d.u.i.k.p.r.p.TestFile    ... success: reloaded. 
536529     INFO  main            d.u.i.k.p.r.p.TestFile    Now processing file /home/runner/work/key/key/key.core/../key.ui/examples/standard_key/staticInitialisation/localDeclared.key 
536529     INFO  main            d.u.i.k.p.i.AbstractProblemLoader Loading environment from /home/runner/work/key/key/key.core/../key.ui/examples/standard_key/staticInitialisation/localDeclared.key 
536529     DEBUG main            d.u.i.k.p.i.AbstractProblemLoader Environment load took 69.4ns 
536531     INFO  main            d.u.i.k.p.i.AbstractProblemLoader Creating init config 
536548     WARN  main            d.u.i.k.j.r.KeYCrossReferenceNameInfo Datatype java.io.PrintStream declared twice: Once in FILE:/home/runner/work/key/key/key.core/../key.ui/examples/standard_key/staticInitialisation/classpath/PrintStream.java and once in URL:file:/home/runner/work/key/key/key.core/build/resources/main/de/uka/ilkd/key/java/JavaRedux/java/io/PrintStream.java, Keeping one from URL:file:/home/runner/work/key/key/key.core/build/resources/main/de/uka/ilkd/key/java/JavaRedux/java/io/PrintStream.java 
536548     WARN  main            d.u.i.k.j.r.KeYCrossReferenceNameInfo Datatype java.lang.System declared twice: Once in FILE:/home/runner/work/key/key/key.core/../key.ui/examples/standard_key/staticInitialisation/classpath/System.java and once in URL:file:/home/runner/work/key/key/key.core/build/resources/main/de/uka/ilkd/key/java/JavaRedux/java/lang/System.java, Keeping one from URL:file:/home/runner/work/key/key/key.core/build/resources/main/de/uka/ilkd/key/java/JavaRedux/java/lang/System.java 
538849     DEBUG main            d.u.i.k.p.i.AbstractProblemLoader Init config took 2.32s 
538862     INFO  main            d.u.i.k.p.i.AbstractProblemLoader Replaying proof localDeclared.key 
538863     DEBUG main            d.u.i.k.p.i.IntermediateProofReplayer Proof replay took 2.9ns 
539168     INFO  main            d.u.i.k.p.r.p.TestFile    ... finished proof: closed. 
539677     INFO  main            d.u.i.k.p.i.AbstractProblemLoader Loading environment from /home/runner/work/key/key/key.core/../key.ui/examples/standard_key/staticInitialisation/localDeclared.key.proof 
539677     DEBUG main            d.u.i.k.p.i.AbstractProblemLoader Environment load took 95.2ns 
539679     INFO  main            d.u.i.k.p.i.AbstractProblemLoader Creating init config 
539697     WARN  main            d.u.i.k.j.r.KeYCrossReferenceNameInfo Datatype java.io.PrintStream declared twice: Once in FILE:/home/runner/work/key/key/key.core/../key.ui/examples/standard_key/staticInitialisation/classpath/PrintStream.java and once in URL:file:/home/runner/work/key/key/key.core/build/resources/main/de/uka/ilkd/key/java/JavaRedux/java/io/PrintStream.java, Keeping one from URL:file:/home/runner/work/key/key/key.core/build/resources/main/de/uka/ilkd/key/java/JavaRedux/java/io/PrintStream.java 
539697     WARN  main            d.u.i.k.j.r.KeYCrossReferenceNameInfo Datatype java.lang.System declared twice: Once in FILE:/home/runner/work/key/key/key.core/../key.ui/examples/standard_key/staticInitialisation/classpath/System.java and once in URL:file:/home/runner/work/key/key/key.core/build/resources/main/de/uka/ilkd/key/java/JavaRedux/java/lang/System.java, Keeping one from URL:file:/home/runner/work/key/key/key.core/build/resources/main/de/uka/ilkd/key/java/JavaRedux/java/lang/System.java 
542032     DEBUG main            d.u.i.k.p.i.AbstractProblemLoader Init config took 2.35s 
542047     INFO  main            d.u.i.k.p.i.AbstractProblemLoader Replaying proof localDeclared.key.proof 
542089     DEBUG main            d.u.i.k.p.i.IntermediateProofReplayer Proof replay took 40.42ms 
542090     DEBUG main            d.u.i.k.p.r.p.TestFile    ... success: reloaded. 
542091     INFO  main            d.u.i.k.p.r.p.TestFile    Now processing file /home/runner/work/key/key/key.core/../key.ui/examples/standard_key/staticInitialisation/localDeclaredMethod.key 
542091     INFO  main            d.u.i.k.p.i.AbstractProblemLoader Loading environment from /home/runner/work/key/key/key.core/../key.ui/examples/standard_key/staticInitialisation/localDeclaredMethod.key 
542091     DEBUG main            d.u.i.k.p.i.AbstractProblemLoader Environment load took 73.2ns 
542093     INFO  main            d.u.i.k.p.i.AbstractProblemLoader Creating init config 
542110     WARN  main            d.u.i.k.j.r.KeYCrossReferenceNameInfo Datatype java.io.PrintStream declared twice: Once in FILE:/home/runner/work/key/key/key.core/../key.ui/examples/standard_key/staticInitialisation/classpath/PrintStream.java and once in URL:file:/home/runner/work/key/key/key.core/build/resources/main/de/uka/ilkd/key/java/JavaRedux/java/io/PrintStream.java, Keeping one from URL:file:/home/runner/work/key/key/key.core/build/resources/main/de/uka/ilkd/key/java/JavaRedux/java/io/PrintStream.java 
542110     WARN  main            d.u.i.k.j.r.KeYCrossReferenceNameInfo Datatype java.lang.System declared twice: Once in FILE:/home/runner/work/key/key/key.core/../key.ui/examples/standard_key/staticInitialisation/classpath/System.java and once in URL:file:/home/runner/work/key/key/key.core/build/resources/main/de/uka/ilkd/key/java/JavaRedux/java/lang/System.java, Keeping one from URL:file:/home/runner/work/key/key/key.core/build/resources/main/de/uka/ilkd/key/java/JavaRedux/java/lang/System.java 
544476     DEBUG main            d.u.i.k.p.i.AbstractProblemLoader Init config took 2.38s 
544490     INFO  main            d.u.i.k.p.i.AbstractProblemLoader Replaying proof localDeclaredMethod.key 
544491     DEBUG main            d.u.i.k.p.i.IntermediateProofReplayer Proof replay took 3ns 
544794     INFO  main            d.u.i.k.p.r.p.TestFile    ... finished proof: closed. 
545319     INFO  main            d.u.i.k.p.i.AbstractProblemLoader Loading environment from /home/runner/work/key/key/key.core/../key.ui/examples/standard_key/staticInitialisation/localDeclaredMethod.key.proof 
545319     DEBUG main            d.u.i.k.p.i.AbstractProblemLoader Environment load took 101.6ns 
545320     INFO  main            d.u.i.k.p.i.AbstractProblemLoader Creating init config 
545338     WARN  main            d.u.i.k.j.r.KeYCrossReferenceNameInfo Datatype java.io.PrintStream declared twice: Once in FILE:/home/runner/work/key/key/key.core/../key.ui/examples/standard_key/staticInitialisation/classpath/PrintStream.java and once in URL:file:/home/runner/work/key/key/key.core/build/resources/main/de/uka/ilkd/key/java/JavaRedux/java/io/PrintStream.java, Keeping one from URL:file:/home/runner/work/key/key/key.core/build/resources/main/de/uka/ilkd/key/java/JavaRedux/java/io/PrintStream.java 
545338     WARN  main            d.u.i.k.j.r.KeYCrossReferenceNameInfo Datatype java.lang.System declared twice: Once in FILE:/home/runner/work/key/key/key.core/../key.ui/examples/standard_key/staticInitialisation/classpath/System.java and once in URL:file:/home/runner/work/key/key/key.core/build/resources/main/de/uka/ilkd/key/java/JavaRedux/java/lang/System.java, Keeping one from URL:file:/home/runner/work/key/key/key.core/build/resources/main/de/uka/ilkd/key/java/JavaRedux/java/lang/System.java 
547670     DEBUG main            d.u.i.k.p.i.AbstractProblemLoader Init config took 2.35s 
547684     INFO  main            d.u.i.k.p.i.AbstractProblemLoader Replaying proof localDeclaredMethod.key.proof 
547724     DEBUG main            d.u.i.k.p.i.IntermediateProofReplayer Proof replay took 37.44ms 
547725     DEBUG main            d.u.i.k.p.r.p.TestFile    ... success: reloaded. 
547725     INFO  main            d.u.i.k.p.r.p.TestFile    Now processing file /home/runner/work/key/key/key.core/../key.ui/examples/standard_key/staticInitialisation/objectOfErroneousClass.key 
547726     INFO  main            d.u.i.k.p.i.AbstractProblemLoader Loading environment from /home/runner/work/key/key/key.core/../key.ui/examples/standard_key/staticInitialisation/objectOfErroneousClass.key 
547726     DEBUG main            d.u.i.k.p.i.AbstractProblemLoader Environment load took 75.3ns 
547727     INFO  main            d.u.i.k.p.i.AbstractProblemLoader Creating init config 
547745     WARN  main            d.u.i.k.j.r.KeYCrossReferenceNameInfo Datatype java.io.PrintStream declared twice: Once in FILE:/home/runner/work/key/key/key.core/../key.ui/examples/standard_key/staticInitialisation/classpath/PrintStream.java and once in URL:file:/home/runner/work/key/key/key.core/build/resources/main/de/uka/ilkd/key/java/JavaRedux/java/io/PrintStream.java, Keeping one from URL:file:/home/runner/work/key/key/key.core/build/resources/main/de/uka/ilkd/key/java/JavaRedux/java/io/PrintStream.java 
547745     WARN  main            d.u.i.k.j.r.KeYCrossReferenceNameInfo Datatype java.lang.System declared twice: Once in FILE:/home/runner/work/key/key/key.core/../key.ui/examples/standard_key/staticInitialisation/classpath/System.java and once in URL:file:/home/runner/work/key/key/key.core/build/resources/main/de/uka/ilkd/key/java/JavaRedux/java/lang/System.java, Keeping one from URL:file:/home/runner/work/key/key/key.core/build/resources/main/de/uka/ilkd/key/java/JavaRedux/java/lang/System.java 
550040     DEBUG main            d.u.i.k.p.i.AbstractProblemLoader Init config took 2.31s 
550055     INFO  main            d.u.i.k.p.i.AbstractProblemLoader Replaying proof objectOfErroneousClass.key 
550058     DEBUG main            d.u.i.k.p.i.IntermediateProofReplayer Proof replay took 4.6ns 
561859     INFO  main            d.u.i.k.p.r.p.TestFile    ... finished proof: closed. 
562460     INFO  main            d.u.i.k.p.i.AbstractProblemLoader Loading environment from /home/runner/work/key/key/key.core/../key.ui/examples/standard_key/staticInitialisation/objectOfErroneousClass.key.proof 
562460     DEBUG main            d.u.i.k.p.i.AbstractProblemLoader Environment load took 147.6ns 
562466     INFO  main            d.u.i.k.p.i.AbstractProblemLoader Creating init config 
562484     WARN  main            d.u.i.k.j.r.KeYCrossReferenceNameInfo Datatype java.io.PrintStream declared twice: Once in FILE:/home/runner/work/key/key/key.core/../key.ui/examples/standard_key/staticInitialisation/classpath/PrintStream.java and once in URL:file:/home/runner/work/key/key/key.core/build/resources/main/de/uka/ilkd/key/java/JavaRedux/java/io/PrintStream.java, Keeping one from URL:file:/home/runner/work/key/key/key.core/build/resources/main/de/uka/ilkd/key/java/JavaRedux/java/io/PrintStream.java 
562484     WARN  main            d.u.i.k.j.r.KeYCrossReferenceNameInfo Datatype java.lang.System declared twice: Once in FILE:/home/runner/work/key/key/key.core/../key.ui/examples/standard_key/staticInitialisation/classpath/System.java and once in URL:file:/home/runner/work/key/key/key.core/build/resources/main/de/uka/ilkd/key/java/JavaRedux/java/lang/System.java, Keeping one from URL:file:/home/runner/work/key/key/key.core/build/resources/main/de/uka/ilkd/key/java/JavaRedux/java/lang/System.java 
564750     DEBUG main            d.u.i.k.p.i.AbstractProblemLoader Init config took 2.28s 
564765     INFO  main            d.u.i.k.p.i.AbstractProblemLoader Replaying proof objectOfErroneousClass.key.proof 
566168     DEBUG main            d.u.i.k.p.i.IntermediateProofReplayer Proof replay took 1.38s 
566171     DEBUG main            d.u.i.k.p.r.p.TestFile    ... success: reloaded. 
566172     INFO  main            d.u.i.k.p.r.p.TestFile    Now processing file /home/runner/work/key/key/key.core/../key.ui/examples/standard_key/staticInitialisation/staticInitialisersAreNonSimple.key 
566172     INFO  main            d.u.i.k.p.i.AbstractProblemLoader Loading environment from /home/runner/work/key/key/key.core/../key.ui/examples/standard_key/staticInitialisation/staticInitialisersAreNonSimple.key 
566172     DEBUG main            d.u.i.k.p.i.AbstractProblemLoader Environment load took 82.9ns 
566174     INFO  main            d.u.i.k.p.i.AbstractProblemLoader Creating init config 
566191     WARN  main            d.u.i.k.j.r.KeYCrossReferenceNameInfo Datatype java.io.PrintStream declared twice: Once in FILE:/home/runner/work/key/key/key.core/../key.ui/examples/standard_key/staticInitialisation/classpath/PrintStream.java and once in URL:file:/home/runner/work/key/key/key.core/build/resources/main/de/uka/ilkd/key/java/JavaRedux/java/io/PrintStream.java, Keeping one from URL:file:/home/runner/work/key/key/key.core/build/resources/main/de/uka/ilkd/key/java/JavaRedux/java/io/PrintStream.java 
566191     WARN  main            d.u.i.k.j.r.KeYCrossReferenceNameInfo Datatype java.lang.System declared twice: Once in FILE:/home/runner/work/key/key/key.core/../key.ui/examples/standard_key/staticInitialisation/classpath/System.java and once in URL:file:/home/runner/work/key/key/key.core/build/resources/main/de/uka/ilkd/key/java/JavaRedux/java/lang/System.java, Keeping one from URL:file:/home/runner/work/key/key/key.core/build/resources/main/de/uka/ilkd/key/java/JavaRedux/java/lang/System.java 
568530     DEBUG main            d.u.i.k.p.i.AbstractProblemLoader Init config took 2.36s 
568549     INFO  main            d.u.i.k.p.i.AbstractProblemLoader Replaying proof staticInitialisersAreNonSimple.key 
568550     DEBUG main            d.u.i.k.p.i.IntermediateProofReplayer Proof replay took 2.4ns 
568853     INFO  main            d.u.i.k.p.r.p.TestFile    ... finished proof: closed. 
569464     INFO  main            d.u.i.k.p.i.AbstractProblemLoader Loading environment from /home/runner/work/key/key/key.core/../key.ui/examples/standard_key/staticInitialisation/staticInitialisersAreNonSimple.key.proof 
569464     DEBUG main            d.u.i.k.p.i.AbstractProblemLoader Environment load took 78ns 
569466     INFO  main            d.u.i.k.p.i.AbstractProblemLoader Creating init config 
569483     WARN  main            d.u.i.k.j.r.KeYCrossReferenceNameInfo Datatype java.io.PrintStream declared twice: Once in FILE:/home/runner/work/key/key/key.core/../key.ui/examples/standard_key/staticInitialisation/classpath/PrintStream.java and once in URL:file:/home/runner/work/key/key/key.core/build/resources/main/de/uka/ilkd/key/java/JavaRedux/java/io/PrintStream.java, Keeping one from URL:file:/home/runner/work/key/key/key.core/build/resources/main/de/uka/ilkd/key/java/JavaRedux/java/io/PrintStream.java 
569484     WARN  main            d.u.i.k.j.r.KeYCrossReferenceNameInfo Datatype java.lang.System declared twice: Once in FILE:/home/runner/work/key/key/key.core/../key.ui/examples/standard_key/staticInitialisation/classpath/System.java and once in URL:file:/home/runner/work/key/key/key.core/build/resources/main/de/uka/ilkd/key/java/JavaRedux/java/lang/System.java, Keeping one from URL:file:/home/runner/work/key/key/key.core/build/resources/main/de/uka/ilkd/key/java/JavaRedux/java/lang/System.java 
571743     DEBUG main            d.u.i.k.p.i.AbstractProblemLoader Init config took 2.28s 
571763     INFO  main            d.u.i.k.p.i.AbstractProblemLoader Replaying proof staticInitialisersAreNonSimple.key.proof 
571823     DEBUG main            d.u.i.k.p.i.IntermediateProofReplayer Proof replay took 56.98ms 
571824     DEBUG main            d.u.i.k.p.r.p.TestFile    ... success: reloaded. 
571825     INFO  main            d.u.i.k.p.r.p.TestFile    Now processing file /home/runner/work/key/key/key.core/../key.ui/examples/standard_key/types/disjoint.key 
571827     INFO  main            d.u.i.k.p.i.AbstractProblemLoader Loading environment from /home/runner/work/key/key/key.core/../key.ui/examples/standard_key/types/disjoint.key 
571827     DEBUG main            d.u.i.k.p.i.AbstractProblemLoader Environment load took 205.9ns 
571828     INFO  main            d.u.i.k.p.i.AbstractProblemLoader Creating init config 
574089     DEBUG main            d.u.i.k.p.i.AbstractProblemLoader Init config took 2.26s 
574102     INFO  main            d.u.i.k.p.i.AbstractProblemLoader Replaying proof disjoint.key 
574103     DEBUG main            d.u.i.k.p.i.IntermediateProofReplayer Proof replay took 3.4ns 
574205     INFO  main            d.u.i.k.p.r.p.TestFile    ... finished proof: closed. 
574746     INFO  main            d.u.i.k.p.i.AbstractProblemLoader Loading environment from /home/runner/work/key/key/key.core/../key.ui/examples/standard_key/types/disjoint.key.proof 
574747     DEBUG main            d.u.i.k.p.i.AbstractProblemLoader Environment load took 131.3ns 
574747     INFO  main            d.u.i.k.p.i.AbstractProblemLoader Creating init config 
576976     DEBUG main            d.u.i.k.p.i.AbstractProblemLoader Init config took 2.23s 
576989     INFO  main            d.u.i.k.p.i.AbstractProblemLoader Replaying proof disjoint.key.proof 
576990     DEBUG main            d.u.i.k.p.i.IntermediateProofReplayer Proof replay took 256ns 
576991     DEBUG main            d.u.i.k.p.r.p.TestFile    ... success: reloaded. 
576991     INFO  main            d.u.i.k.p.r.p.TestFile    Now processing file /home/runner/work/key/key/key.core/../key.ui/examples/../../key.core/src/test/resources/testcase/classpath/classpath.key 
576992     INFO  main            d.u.i.k.p.i.AbstractProblemLoader Loading environment from /home/runner/work/key/key/key.core/../key.ui/examples/../../key.core/src/test/resources/testcase/classpath/classpath.key 
576992     DEBUG main            d.u.i.k.p.i.AbstractProblemLoader Environment load took 109ns 
576992     INFO  main            d.u.i.k.p.i.AbstractProblemLoader Creating init config 
577013     WARN  main            d.u.i.k.j.r.KeYCrossReferenceNameInfo Datatype cp.C declared twice: Once in FILE:/home/runner/work/key/key/key.core/../key.ui/examples/../../key.core/src/test/resources/testcase/classpath/classpath/C.class and once in FILE:/home/runner/work/key/key/key.core/../key.ui/examples/../../key.core/src/test/resources/testcase/classpath/classpath/C.jml, Keeping one from FILE:/home/runner/work/key/key/key.core/../key.ui/examples/../../key.core/src/test/resources/testcase/classpath/classpath/C.jml 
577016     DEBUG main            d.u.i.k.j.r.ClassFileDeclarationBuilder Parsing: package cp; public class Unresolved1 { } 
577016     DEBUG main            r.s.KeYCrossReferenceSourceInfo Dynamically created class: cp.Unresolved1 
577017     DEBUG main            d.u.i.k.j.r.ClassFileDeclarationBuilder Parsing: package cp; public class Unresolved2 { } 
577017     DEBUG main            r.s.KeYCrossReferenceSourceInfo Dynamically created class: cp.Unresolved2 
579408     DEBUG main            d.u.i.k.p.i.AbstractProblemLoader Init config took 2.42s 
579423     INFO  main            d.u.i.k.p.i.AbstractProblemLoader Replaying proof classpath.key 
579424     DEBUG main            d.u.i.k.p.i.IntermediateProofReplayer Proof replay took 3.1ns 
579526     INFO  main            d.u.i.k.p.r.p.TestFile    ... finished proof: closed. 
580072     INFO  main            d.u.i.k.p.i.AbstractProblemLoader Loading environment from /home/runner/work/key/key/key.core/../key.ui/examples/../../key.core/src/test/resources/testcase/classpath/classpath.key.proof 
580072     DEBUG main            d.u.i.k.p.i.AbstractProblemLoader Environment load took 80.3ns 
580073     INFO  main            d.u.i.k.p.i.AbstractProblemLoader Creating init config 
580095     WARN  main            d.u.i.k.j.r.KeYCrossReferenceNameInfo Datatype cp.C declared twice: Once in FILE:/home/runner/work/key/key/key.core/../key.ui/examples/../../key.core/src/test/resources/testcase/classpath/classpath/C.class and once in FILE:/home/runner/work/key/key/key.core/../key.ui/examples/../../key.core/src/test/resources/testcase/classpath/classpath/C.jml, Keeping one from FILE:/home/runner/work/key/key/key.core/../key.ui/examples/../../key.core/src/test/resources/testcase/classpath/classpath/C.jml 
580098     DEBUG main            d.u.i.k.j.r.ClassFileDeclarationBuilder Parsing: package cp; public class Unresolved1 { } 
580099     DEBUG main            r.s.KeYCrossReferenceSourceInfo Dynamically created class: cp.Unresolved1 
580099     DEBUG main            d.u.i.k.j.r.ClassFileDeclarationBuilder Parsing: package cp; public class Unresolved2 { } 
580099     DEBUG main            r.s.KeYCrossReferenceSourceInfo Dynamically created class: cp.Unresolved2 
582454     DEBUG main            d.u.i.k.p.i.AbstractProblemLoader Init config took 2.38s 
582470     INFO  main            d.u.i.k.p.i.AbstractProblemLoader Replaying proof classpath.key.proof 
582472     DEBUG main            d.u.i.k.p.i.IntermediateProofReplayer Proof replay took 474.21ns 
582473     DEBUG main            d.u.i.k.p.r.p.TestFile    ... success: reloaded. 
582473     INFO  main            d.u.i.k.p.r.p.TestFile    Now processing file /home/runner/work/key/key/key.core/../key.ui/examples/heap/inconsistent_represents/MyClass_m.key 
582473     INFO  main            d.u.i.k.p.i.AbstractProblemLoader Loading environment from /home/runner/work/key/key/key.core/../key.ui/examples/heap/inconsistent_represents/MyClass_m.key 
582473     DEBUG main            d.u.i.k.p.i.AbstractProblemLoader Environment load took 61.4ns 
582474     INFO  main            d.u.i.k.p.i.AbstractProblemLoader Creating init config 
584836     DEBUG main            d.u.i.k.p.i.AbstractProblemLoader Init config took 2.36s 
584870     INFO  main            d.u.i.k.p.i.AbstractProblemLoader Replaying proof MyClass[MyClass::m()].JML operation contract.0 
584872     DEBUG main            d.u.i.k.p.i.IntermediateProofReplayer Proof replay took 3.7ns 
584977     INFO  main            d.u.i.k.p.r.p.TestFile    ... finished proof: open goal(s) 
585523     INFO  main            d.u.i.k.p.r.p.TestFile    Now processing file /home/runner/work/key/key/key.core/../key.ui/examples/heap/inconsistent_represents/MyClass_n.key 
585523     INFO  main            d.u.i.k.p.i.AbstractProblemLoader Loading environment from /home/runner/work/key/key/key.core/../key.ui/examples/heap/inconsistent_represents/MyClass_n.key 
585524     DEBUG main            d.u.i.k.p.i.AbstractProblemLoader Environment load took 49ns 
585524     INFO  main            d.u.i.k.p.i.AbstractProblemLoader Creating init config 
587846     DEBUG main            d.u.i.k.p.i.AbstractProblemLoader Init config took 2.32s 
587879     INFO  main            d.u.i.k.p.i.AbstractProblemLoader Replaying proof MyClass[MyClass::n()].JML operation contract.0 
587880     DEBUG main            d.u.i.k.p.i.IntermediateProofReplayer Proof replay took 3.2ns 
587982     INFO  main            d.u.i.k.p.r.p.TestFile    ... finished proof: open goal(s) 
3408455    INFO  Test worker     d.u.i.k.p.r.RunAllProofsTestUnit Returning from test javadl 
3408456    INFO  Test worker     d.u.i.k.p.r.RunAllProofsTestUnit Running test FOL 
353        INFO  Timeout watchdog d.u.i.k.p.r.p.ForkedTestFileRunner Timeout watcher launched (2000 secs.) 
376        WARN  main            d.u.i.k.s.ProofSettings   The settings in /home/runner/.key/proof-settings.props are *not* read. 
409        INFO  main            d.u.i.k.p.r.p.TestFile    Now processing file /home/runner/work/key/key/key.core/../key.ui/examples/standard_key/pred_log/count.key 
529        INFO  main            d.u.i.k.p.i.AbstractProblemLoader Loading environment from /home/runner/work/key/key/key.core/../key.ui/examples/standard_key/pred_log/count.key 
547        DEBUG main            d.u.i.k.p.i.AbstractProblemLoader Environment load took 1.93ms 
772        INFO  main            d.u.i.k.p.i.AbstractProblemLoader Creating init config 
1809       DEBUG main            d.u.i.k.j.TypeConverter   No LDT found for Meta 
1809       DEBUG main            d.u.i.k.j.TypeConverter   No LDT found for Meta 
1812       DEBUG main            d.u.i.k.j.TypeConverter   No LDT found for Meta 
1812       DEBUG main            d.u.i.k.j.TypeConverter   No LDT found for Meta 
3308       DEBUG main            d.u.i.k.j.TypeConverter   No LDT found for JavaBigintExpression 
7995       DEBUG main            d.u.i.k.p.i.AbstractProblemLoader Init config took 7.22s 
8053       INFO  main            d.u.i.k.p.i.AbstractProblemLoader Replaying proof count.key 
8091       DEBUG main            d.u.i.k.p.i.IntermediateProofReplayer Proof replay took 32.2ns 
8370       INFO  main            d.u.i.k.p.r.p.TestFile    ... finished proof: closed. 
8467       INFO  main            d.u.i.k.p.i.AbstractProblemLoader Loading environment from /home/runner/work/key/key/key.core/../key.ui/examples/standard_key/pred_log/count.key.proof 
8468       DEBUG main            d.u.i.k.p.i.AbstractProblemLoader Environment load took 552.31ns 
8472       INFO  main            d.u.i.k.p.i.AbstractProblemLoader Creating init config 
11225      DEBUG main            d.u.i.k.p.i.AbstractProblemLoader Init config took 2.75s 
11255      INFO  main            d.u.i.k.p.i.AbstractProblemLoader Replaying proof count.key.proof 
11265      DEBUG main            d.u.i.k.p.i.IntermediateProofReplayer Proof replay took 5.86ms 
11275      DEBUG main            d.u.i.k.p.r.p.TestFile    ... success: reloaded. 
11276      INFO  main            d.u.i.k.p.r.p.TestFile    Now processing file /home/runner/work/key/key/key.core/../key.ui/examples/standard_key/pred_log/count2.key 
11276      INFO  main            d.u.i.k.p.i.AbstractProblemLoader Loading environment from /home/runner/work/key/key/key.core/../key.ui/examples/standard_key/pred_log/count2.key 
11276      DEBUG main            d.u.i.k.p.i.AbstractProblemLoader Environment load took 197ns 
11278      INFO  main            d.u.i.k.p.i.AbstractProblemLoader Creating init config 
13807      DEBUG main            d.u.i.k.p.i.AbstractProblemLoader Init config took 2.53s 
13835      INFO  main            d.u.i.k.p.i.AbstractProblemLoader Replaying proof count2.key 
13837      DEBUG main            d.u.i.k.p.i.IntermediateProofReplayer Proof replay took 6.8ns 
13939      INFO  main            d.u.i.k.p.r.p.TestFile    ... finished proof: closed. 
14103      INFO  main            d.u.i.k.p.i.AbstractProblemLoader Loading environment from /home/runner/work/key/key/key.core/../key.ui/examples/standard_key/pred_log/count2.key.proof 
14103      DEBUG main            d.u.i.k.p.i.AbstractProblemLoader Environment load took 129.1ns 
14105      INFO  main            d.u.i.k.p.i.AbstractProblemLoader Creating init config 
16638      DEBUG main            d.u.i.k.p.i.AbstractProblemLoader Init config took 2.53s 
16669      INFO  main            d.u.i.k.p.i.AbstractProblemLoader Replaying proof count2.key.proof 
16679      DEBUG main            d.u.i.k.p.i.IntermediateProofReplayer Proof replay took 6.06ms 
16680      DEBUG main            d.u.i.k.p.r.p.TestFile    ... success: reloaded. 
16681      INFO  main            d.u.i.k.p.r.p.TestFile    Now processing file /home/runner/work/key/key/key.core/../key.ui/examples/standard_key/pred_log/count3.key 
16682      INFO  main            d.u.i.k.p.i.AbstractProblemLoader Loading environment from /home/runner/work/key/key/key.core/../key.ui/examples/standard_key/pred_log/count3.key 
16682      DEBUG main            d.u.i.k.p.i.AbstractProblemLoader Environment load took 188.4ns 
16685      INFO  main            d.u.i.k.p.i.AbstractProblemLoader Creating init config 
19230      DEBUG main            d.u.i.k.p.i.AbstractProblemLoader Init config took 2.55s 
19256      INFO  main            d.u.i.k.p.i.AbstractProblemLoader Replaying proof count3.key 
19258      DEBUG main            d.u.i.k.p.i.IntermediateProofReplayer Proof replay took 6.7ns 
19362      INFO  main            d.u.i.k.p.r.p.TestFile    ... finished proof: closed. 
19490      INFO  main            d.u.i.k.p.i.AbstractProblemLoader Loading environment from /home/runner/work/key/key/key.core/../key.ui/examples/standard_key/pred_log/count3.key.proof 
19490      DEBUG main            d.u.i.k.p.i.AbstractProblemLoader Environment load took 122.7ns 
19491      INFO  main            d.u.i.k.p.i.AbstractProblemLoader Creating init config 
21898      DEBUG main            d.u.i.k.p.i.AbstractProblemLoader Init config took 2.41s 
21918      INFO  main            d.u.i.k.p.i.AbstractProblemLoader Replaying proof count3.key.proof 
21922      DEBUG main            d.u.i.k.p.i.IntermediateProofReplayer Proof replay took 2.02ms 
21922      DEBUG main            d.u.i.k.p.r.p.TestFile    ... success: reloaded. 
21923      INFO  main            d.u.i.k.p.r.p.TestFile    Now processing file /home/runner/work/key/key/key.core/../key.ui/examples/standard_key/pred_log/equalities.key 
21923      INFO  main            d.u.i.k.p.i.AbstractProblemLoader Loading environment from /home/runner/work/key/key/key.core/../key.ui/examples/standard_key/pred_log/equalities.key 
21923      DEBUG main            d.u.i.k.p.i.AbstractProblemLoader Environment load took 68.6ns 
21924      INFO  main            d.u.i.k.p.i.AbstractProblemLoader Creating init config 
24385      DEBUG main            d.u.i.k.p.i.AbstractProblemLoader Init config took 2.46s 
24404      INFO  main            d.u.i.k.p.i.AbstractProblemLoader Replaying proof equalities.key 
24405      DEBUG main            d.u.i.k.p.i.IntermediateProofReplayer Proof replay took 6.4ns 
24507      INFO  main            d.u.i.k.p.r.p.TestFile    ... finished proof: closed. 
24643      INFO  main            d.u.i.k.p.i.AbstractProblemLoader Loading environment from /home/runner/work/key/key/key.core/../key.ui/examples/standard_key/pred_log/equalities.key.proof 
24643      DEBUG main            d.u.i.k.p.i.AbstractProblemLoader Environment load took 131.8ns 
24644      INFO  main            d.u.i.k.p.i.AbstractProblemLoader Creating init config 
27058      DEBUG main            d.u.i.k.p.i.AbstractProblemLoader Init config took 2.41s 
27077      INFO  main            d.u.i.k.p.i.AbstractProblemLoader Replaying proof equalities.key.proof 
27080      DEBUG main            d.u.i.k.p.i.IntermediateProofReplayer Proof replay took 1.09ms 
27081      DEBUG main            d.u.i.k.p.r.p.TestFile    ... success: reloaded. 
27081      INFO  main            d.u.i.k.p.r.p.TestFile    Now processing file /home/runner/work/key/key/key.core/../key.ui/examples/standard_key/pred_log/equalities2.key 
27082      INFO  main            d.u.i.k.p.i.AbstractProblemLoader Loading environment from /home/runner/work/key/key/key.core/../key.ui/examples/standard_key/pred_log/equalities2.key 
27082      DEBUG main            d.u.i.k.p.i.AbstractProblemLoader Environment load took 180ns 
27083      INFO  main            d.u.i.k.p.i.AbstractProblemLoader Creating init config 
29505      DEBUG main            d.u.i.k.p.i.AbstractProblemLoader Init config took 2.42s 
29524      INFO  main            d.u.i.k.p.i.AbstractProblemLoader Replaying proof equalities2.key 
29525      DEBUG main            d.u.i.k.p.i.IntermediateProofReplayer Proof replay took 7.1ns 
29630      INFO  main            d.u.i.k.p.r.p.TestFile    ... finished proof: closed. 
29780      INFO  main            d.u.i.k.p.i.AbstractProblemLoader Loading environment from /home/runner/work/key/key/key.core/../key.ui/examples/standard_key/pred_log/equalities2.key.proof 
29780      DEBUG main            d.u.i.k.p.i.AbstractProblemLoader Environment load took 129.1ns 
29782      INFO  main            d.u.i.k.p.i.AbstractProblemLoader Creating init config 
32209      DEBUG main            d.u.i.k.p.i.AbstractProblemLoader Init config took 2.43s 
32228      INFO  main            d.u.i.k.p.i.AbstractProblemLoader Replaying proof equalities2.key.proof 
32232      DEBUG main            d.u.i.k.p.i.IntermediateProofReplayer Proof replay took 2.83ms 
32233      DEBUG main            d.u.i.k.p.r.p.TestFile    ... success: reloaded. 
32234      INFO  main            d.u.i.k.p.r.p.TestFile    Now processing file /home/runner/work/key/key/key.core/../key.ui/examples/standard_key/pred_log/equalities3.key 
32234      INFO  main            d.u.i.k.p.i.AbstractProblemLoader Loading environment from /home/runner/work/key/key/key.core/../key.ui/examples/standard_key/pred_log/equalities3.key 
32235      DEBUG main            d.u.i.k.p.i.AbstractProblemLoader Environment load took 193ns 
32236      INFO  main            d.u.i.k.p.i.AbstractProblemLoader Creating init config 
34644      DEBUG main            d.u.i.k.p.i.AbstractProblemLoader Init config took 2.41s 
34662      INFO  main            d.u.i.k.p.i.AbstractProblemLoader Replaying proof equalities3.key 
34664      DEBUG main            d.u.i.k.p.i.IntermediateProofReplayer Proof replay took 6.9ns 
34766      INFO  main            d.u.i.k.p.r.p.TestFile    ... finished proof: closed. 
34910      INFO  main            d.u.i.k.p.i.AbstractProblemLoader Loading environment from /home/runner/work/key/key/key.core/../key.ui/examples/standard_key/pred_log/equalities3.key.proof 
34910      DEBUG main            d.u.i.k.p.i.AbstractProblemLoader Environment load took 123.1ns 
34911      INFO  main            d.u.i.k.p.i.AbstractProblemLoader Creating init config 
37274      DEBUG main            d.u.i.k.p.i.AbstractProblemLoader Init config took 2.36s 
37292      INFO  main            d.u.i.k.p.i.AbstractProblemLoader Replaying proof equalities3.key.proof 
37298      DEBUG main            d.u.i.k.p.i.IntermediateProofReplayer Proof replay took 4.27ms 
37299      DEBUG main            d.u.i.k.p.r.p.TestFile    ... success: reloaded. 
37300      INFO  main            d.u.i.k.p.r.p.TestFile    Now processing file /home/runner/work/key/key/key.core/../key.ui/examples/standard_key/pred_log/functions.key 
37300      INFO  main            d.u.i.k.p.i.AbstractProblemLoader Loading environment from /home/runner/work/key/key/key.core/../key.ui/examples/standard_key/pred_log/functions.key 
37300      DEBUG main            d.u.i.k.p.i.AbstractProblemLoader Environment load took 184.2ns 
37301      INFO  main            d.u.i.k.p.i.AbstractProblemLoader Creating init config 
39692      DEBUG main            d.u.i.k.p.i.AbstractProblemLoader Init config took 2.39s 
39709      INFO  main            d.u.i.k.p.i.AbstractProblemLoader Replaying proof functions.key 
39710      DEBUG main            d.u.i.k.p.i.IntermediateProofReplayer Proof replay took 6.3ns 
39815      INFO  main            d.u.i.k.p.r.p.TestFile    ... finished proof: closed. 
39997      INFO  main            d.u.i.k.p.i.AbstractProblemLoader Loading environment from /home/runner/work/key/key/key.core/../key.ui/examples/standard_key/pred_log/functions.key.proof 
39997      DEBUG main            d.u.i.k.p.i.AbstractProblemLoader Environment load took 125.7ns 
39999      INFO  main            d.u.i.k.p.i.AbstractProblemLoader Creating init config 
42368      DEBUG main            d.u.i.k.p.i.AbstractProblemLoader Init config took 2.37s 
42384      INFO  main            d.u.i.k.p.i.AbstractProblemLoader Replaying proof functions.key.proof 
42387      DEBUG main            d.u.i.k.p.i.IntermediateProofReplayer Proof replay took 1.83ms 
42388      DEBUG main            d.u.i.k.p.r.p.TestFile    ... success: reloaded. 
42389      INFO  main            d.u.i.k.p.r.p.TestFile    Now processing file /home/runner/work/key/key/key.core/../key.ui/examples/standard_key/pred_log/mv1.key 
42389      INFO  main            d.u.i.k.p.i.AbstractProblemLoader Loading environment from /home/runner/work/key/key/key.core/../key.ui/examples/standard_key/pred_log/mv1.key 
42389      DEBUG main            d.u.i.k.p.i.AbstractProblemLoader Environment load took 174.4ns 
42390      INFO  main            d.u.i.k.p.i.AbstractProblemLoader Creating init config 
44794      DEBUG main            d.u.i.k.p.i.AbstractProblemLoader Init config took 2.4s 
44809      INFO  main            d.u.i.k.p.i.AbstractProblemLoader Replaying proof mv1.key 
44811      DEBUG main            d.u.i.k.p.i.IntermediateProofReplayer Proof replay took 6.7ns 
44913      INFO  main            d.u.i.k.p.r.p.TestFile    ... finished proof: closed. 
45067      INFO  main            d.u.i.k.p.i.AbstractProblemLoader Loading environment from /home/runner/work/key/key/key.core/../key.ui/examples/standard_key/pred_log/mv1.key.proof 
45067      DEBUG main            d.u.i.k.p.i.AbstractProblemLoader Environment load took 122.3ns 
45068      INFO  main            d.u.i.k.p.i.AbstractProblemLoader Creating init config 
47400      DEBUG main            d.u.i.k.p.i.AbstractProblemLoader Init config took 2.33s 
47415      INFO  main            d.u.i.k.p.i.AbstractProblemLoader Replaying proof mv1.key.proof 
47417      DEBUG main            d.u.i.k.p.i.IntermediateProofReplayer Proof replay took 778.12ns 
47418      DEBUG main            d.u.i.k.p.r.p.TestFile    ... success: reloaded. 
47418      INFO  main            d.u.i.k.p.r.p.TestFile    Now processing file /home/runner/work/key/key/key.core/../key.ui/examples/standard_key/pred_log/mv2.key 
47419      INFO  main            d.u.i.k.p.i.AbstractProblemLoader Loading environment from /home/runner/work/key/key/key.core/../key.ui/examples/standard_key/pred_log/mv2.key 
47419      DEBUG main            d.u.i.k.p.i.AbstractProblemLoader Environment load took 90.3ns 
47420      INFO  main            d.u.i.k.p.i.AbstractProblemLoader Creating init config 
49780      DEBUG main            d.u.i.k.p.i.AbstractProblemLoader Init config took 2.36s 
49795      INFO  main            d.u.i.k.p.i.AbstractProblemLoader Replaying proof mv2.key 
49796      DEBUG main            d.u.i.k.p.i.IntermediateProofReplayer Proof replay took 6.2ns 
49898      INFO  main            d.u.i.k.p.r.p.TestFile    ... finished proof: closed. 
50089      INFO  main            d.u.i.k.p.i.AbstractProblemLoader Loading environment from /home/runner/work/key/key/key.core/../key.ui/examples/standard_key/pred_log/mv2.key.proof 
50089      DEBUG main            d.u.i.k.p.i.AbstractProblemLoader Environment load took 138.2ns 
50090      INFO  main            d.u.i.k.p.i.AbstractProblemLoader Creating init config 
52421      DEBUG main            d.u.i.k.p.i.AbstractProblemLoader Init config took 2.33s 
52436      INFO  main            d.u.i.k.p.i.AbstractProblemLoader Replaying proof mv2.key.proof 
52439      DEBUG main            d.u.i.k.p.i.IntermediateProofReplayer Proof replay took 1.38ms 
52439      DEBUG main            d.u.i.k.p.r.p.TestFile    ... success: reloaded. 
52441      INFO  main            d.u.i.k.p.r.p.TestFile    Now processing file /home/runner/work/key/key/key.core/../key.ui/examples/standard_key/pred_log/quantifiers.key 
52441      INFO  main            d.u.i.k.p.i.AbstractProblemLoader Loading environment from /home/runner/work/key/key/key.core/../key.ui/examples/standard_key/pred_log/quantifiers.key 
52441      DEBUG main            d.u.i.k.p.i.AbstractProblemLoader Environment load took 59.6ns 
52442      INFO  main            d.u.i.k.p.i.AbstractProblemLoader Creating init config 
54828      DEBUG main            d.u.i.k.p.i.AbstractProblemLoader Init config took 2.39s 
54842      INFO  main            d.u.i.k.p.i.AbstractProblemLoader Replaying proof quantifiers.key 
54844      DEBUG main            d.u.i.k.p.i.IntermediateProofReplayer Proof replay took 7.2ns 
54946      INFO  main            d.u.i.k.p.r.p.TestFile    ... finished proof: closed. 
55118      INFO  main            d.u.i.k.p.i.AbstractProblemLoader Loading environment from /home/runner/work/key/key/key.core/../key.ui/examples/standard_key/pred_log/quantifiers.key.proof 
55118      DEBUG main            d.u.i.k.p.i.AbstractProblemLoader Environment load took 117.3ns 
55119      INFO  main            d.u.i.k.p.i.AbstractProblemLoader Creating init config 
57444      DEBUG main            d.u.i.k.p.i.AbstractProblemLoader Init config took 2.33s 
57460      INFO  main            d.u.i.k.p.i.AbstractProblemLoader Replaying proof quantifiers.key.proof 
57464      DEBUG main            d.u.i.k.p.i.IntermediateProofReplayer Proof replay took 1.61ms 
57464      DEBUG main            d.u.i.k.p.r.p.TestFile    ... success: reloaded. 
57465      INFO  main            d.u.i.k.p.r.p.TestFile    Now processing file /home/runner/work/key/key/key.core/../key.ui/examples/standard_key/pred_log/simpleEps.key 
57465      INFO  main            d.u.i.k.p.i.AbstractProblemLoader Loading environment from /home/runner/work/key/key/key.core/../key.ui/examples/standard_key/pred_log/simpleEps.key 
57466      DEBUG main            d.u.i.k.p.i.AbstractProblemLoader Environment load took 176.3ns 
57467      INFO  main            d.u.i.k.p.i.AbstractProblemLoader Creating init config 
59831      DEBUG main            d.u.i.k.p.i.AbstractProblemLoader Init config took 2.36s 
59845      INFO  main            d.u.i.k.p.i.AbstractProblemLoader Replaying proof simpleEps.key 
59847      DEBUG main            d.u.i.k.p.i.IntermediateProofReplayer Proof replay took 6.3ns 
59950      INFO  main            d.u.i.k.p.r.p.TestFile    ... finished proof: closed. 
60122      INFO  main            d.u.i.k.p.i.AbstractProblemLoader Loading environment from /home/runner/work/key/key/key.core/../key.ui/examples/standard_key/pred_log/simpleEps.key.proof 
60122      DEBUG main            d.u.i.k.p.i.AbstractProblemLoader Environment load took 119ns 
60123      INFO  main            d.u.i.k.p.i.AbstractProblemLoader Creating init config 
62443      DEBUG main            d.u.i.k.p.i.AbstractProblemLoader Init config took 2.32s 
62457      INFO  main            d.u.i.k.p.i.AbstractProblemLoader Replaying proof simpleEps.key.proof 
62460      DEBUG main            d.u.i.k.p.i.IntermediateProofReplayer Proof replay took 943.22ns 
62461      DEBUG main            d.u.i.k.p.r.p.TestFile    ... success: reloaded. 
62461      INFO  main            d.u.i.k.p.r.p.TestFile    Now processing file /home/runner/work/key/key/key.core/../key.ui/examples/standard_key/pred_log/steam1.key 
62462      INFO  main            d.u.i.k.p.i.AbstractProblemLoader Loading environment from /home/runner/work/key/key/key.core/../key.ui/examples/standard_key/pred_log/steam1.key 
62462      DEBUG main            d.u.i.k.p.i.AbstractProblemLoader Environment load took 126.4ns 
62464      INFO  main            d.u.i.k.p.i.AbstractProblemLoader Creating init config 
64841      DEBUG main            d.u.i.k.p.i.AbstractProblemLoader Init config took 2.38s 
64858      INFO  main            d.u.i.k.p.i.AbstractProblemLoader Replaying proof steam1.key 
64860      DEBUG main            d.u.i.k.p.i.IntermediateProofReplayer Proof replay took 6.8ns 
65173      INFO  main            d.u.i.k.p.r.p.TestFile    ... finished proof: closed. 
65365      INFO  main            d.u.i.k.p.i.AbstractProblemLoader Loading environment from /home/runner/work/key/key/key.core/../key.ui/examples/standard_key/pred_log/steam1.key.proof 
65365      DEBUG main            d.u.i.k.p.i.AbstractProblemLoader Environment load took 146ns 
65367      INFO  main            d.u.i.k.p.i.AbstractProblemLoader Creating init config 
67730      DEBUG main            d.u.i.k.p.i.AbstractProblemLoader Init config took 2.36s 
67753      INFO  main            d.u.i.k.p.i.AbstractProblemLoader Replaying proof steam1.key.proof 
67773      DEBUG main            d.u.i.k.p.i.IntermediateProofReplayer Proof replay took 16.07ms 
67775      DEBUG main            d.u.i.k.p.r.p.TestFile    ... success: reloaded. 
67776      INFO  main            d.u.i.k.p.r.p.TestFile    Now processing file /home/runner/work/key/key/key.core/../key.ui/examples/standard_key/pred_log/tptp/PUZ/PUZ001p1.key 
67776      INFO  main            d.u.i.k.p.i.AbstractProblemLoader Loading environment from /home/runner/work/key/key/key.core/../key.ui/examples/standard_key/pred_log/tptp/PUZ/PUZ001p1.key 
67776      DEBUG main            d.u.i.k.p.i.AbstractProblemLoader Environment load took 91.9ns 
67778      INFO  main            d.u.i.k.p.i.AbstractProblemLoader Creating init config 
70112      DEBUG main            d.u.i.k.p.i.AbstractProblemLoader Init config took 2.33s 
70129      INFO  main            d.u.i.k.p.i.AbstractProblemLoader Replaying proof PUZ001p1.key 
70130      DEBUG main            d.u.i.k.p.i.IntermediateProofReplayer Proof replay took 14.9ns 
73057      INFO  main            d.u.i.k.p.r.p.TestFile    ... finished proof: closed. 
73266      INFO  main            d.u.i.k.p.i.AbstractProblemLoader Loading environment from /home/runner/work/key/key/key.core/../key.ui/examples/standard_key/pred_log/tptp/PUZ/PUZ001p1.key.proof 
73267      DEBUG main            d.u.i.k.p.i.AbstractProblemLoader Environment load took 358.21ns 
73275      INFO  main            d.u.i.k.p.i.AbstractProblemLoader Creating init config 
75606      DEBUG main            d.u.i.k.p.i.AbstractProblemLoader Init config took 2.33s 
75622      INFO  main            d.u.i.k.p.i.AbstractProblemLoader Replaying proof PUZ001p1.key.proof 
75726      DEBUG main            d.u.i.k.p.i.IntermediateProofReplayer Proof replay took 95.51ms 
75728      DEBUG main            d.u.i.k.p.r.p.TestFile    ... success: reloaded. 
75729      INFO  main            d.u.i.k.p.r.p.TestFile    Now processing file /home/runner/work/key/key/key.core/../key.ui/examples/standard_key/pred_log/tptp/PUZ/PUZ001p1-eq.key 
75729      INFO  main            d.u.i.k.p.i.AbstractProblemLoader Loading environment from /home/runner/work/key/key/key.core/../key.ui/examples/standard_key/pred_log/tptp/PUZ/PUZ001p1-eq.key 
75729      DEBUG main            d.u.i.k.p.i.AbstractProblemLoader Environment load took 187.6ns 
75730      INFO  main            d.u.i.k.p.i.AbstractProblemLoader Creating init config 
78101      DEBUG main            d.u.i.k.p.i.AbstractProblemLoader Init config took 2.37s 
78116      INFO  main            d.u.i.k.p.i.AbstractProblemLoader Replaying proof PUZ001p1-eq.key 
78117      DEBUG main            d.u.i.k.p.i.IntermediateProofReplayer Proof replay took 6.4ns 
78220      INFO  main            d.u.i.k.p.r.p.TestFile    ... finished proof: closed. 
78443      INFO  main            d.u.i.k.p.i.AbstractProblemLoader Loading environment from /home/runner/work/key/key/key.core/../key.ui/examples/standard_key/pred_log/tptp/PUZ/PUZ001p1-eq.key.proof 
78445      DEBUG main            d.u.i.k.p.i.AbstractProblemLoader Environment load took 2.27ms 
78447      INFO  main            d.u.i.k.p.i.AbstractProblemLoader Creating init config 
80749      DEBUG main            d.u.i.k.p.i.AbstractProblemLoader Init config took 2.3s 
80763      INFO  main            d.u.i.k.p.i.AbstractProblemLoader Replaying proof PUZ001p1-eq.key.proof 
80779      DEBUG main            d.u.i.k.p.i.IntermediateProofReplayer Proof replay took 13.4ms 
80781      DEBUG main            d.u.i.k.p.r.p.TestFile    ... success: reloaded. 
80782      INFO  main            d.u.i.k.p.r.p.TestFile    Now processing file /home/runner/work/key/key/key.core/../key.ui/examples/standard_key/pred_log/tptp/PUZ/PUZ031p1.key 
80782      INFO  main            d.u.i.k.p.i.AbstractProblemLoader Loading environment from /home/runner/work/key/key/key.core/../key.ui/examples/standard_key/pred_log/tptp/PUZ/PUZ031p1.key 
80783      DEBUG main            d.u.i.k.p.i.AbstractProblemLoader Environment load took 185.2ns 
80784      INFO  main            d.u.i.k.p.i.AbstractProblemLoader Creating init config 
83175      DEBUG main            d.u.i.k.p.i.AbstractProblemLoader Init config took 2.39s 
83191      INFO  main            d.u.i.k.p.i.AbstractProblemLoader Replaying proof PUZ031p1.key 
83192      DEBUG main            d.u.i.k.p.i.IntermediateProofReplayer Proof replay took 7.1ns 
91021      INFO  main            d.u.i.k.p.r.p.TestFile    ... finished proof: closed. 
91232      INFO  main            d.u.i.k.p.i.AbstractProblemLoader Loading environment from /home/runner/work/key/key/key.core/../key.ui/examples/standard_key/pred_log/tptp/PUZ/PUZ031p1.key.proof 
91236      DEBUG main            d.u.i.k.p.i.AbstractProblemLoader Environment load took 3.73ms 
91238      INFO  main            d.u.i.k.p.i.AbstractProblemLoader Creating init config 
93528      DEBUG main            d.u.i.k.p.i.AbstractProblemLoader Init config took 2.29s 
93545      INFO  main            d.u.i.k.p.i.AbstractProblemLoader Replaying proof PUZ031p1.key.proof 
93590      DEBUG main            d.u.i.k.p.i.IntermediateProofReplayer Proof replay took 40.05ms 
93592      DEBUG main            d.u.i.k.p.r.p.TestFile    ... success: reloaded. 
93592      INFO  main            d.u.i.k.p.r.p.TestFile    Now processing file /home/runner/work/key/key/key.core/../key.ui/examples/standard_key/pred_log/tptp/SET/SET027p3.key 
93593      INFO  main            d.u.i.k.p.i.AbstractProblemLoader Loading environment from /home/runner/work/key/key/key.core/../key.ui/examples/standard_key/pred_log/tptp/SET/SET027p3.key 
93593      DEBUG main            d.u.i.k.p.i.AbstractProblemLoader Environment load took 95.5ns 
93594      INFO  main            d.u.i.k.p.i.AbstractProblemLoader Creating init config 
95973      DEBUG main            d.u.i.k.p.i.AbstractProblemLoader Init config took 2.38s 
95987      INFO  main            d.u.i.k.p.i.AbstractProblemLoader Replaying proof SET027p3.key 
95988      DEBUG main            d.u.i.k.p.i.IntermediateProofReplayer Proof replay took 6.4ns 
96090      INFO  main            d.u.i.k.p.r.p.TestFile    ... finished proof: closed. 
96311      INFO  main            d.u.i.k.p.i.AbstractProblemLoader Loading environment from /home/runner/work/key/key/key.core/../key.ui/examples/standard_key/pred_log/tptp/SET/SET027p3.key.proof 
96312      DEBUG main            d.u.i.k.p.i.AbstractProblemLoader Environment load took 128.5ns 
96313      INFO  main            d.u.i.k.p.i.AbstractProblemLoader Creating init config 
98618      DEBUG main            d.u.i.k.p.i.AbstractProblemLoader Init config took 2.31s 
98634      INFO  main            d.u.i.k.p.i.AbstractProblemLoader Replaying proof SET027p3.key.proof 
98643      DEBUG main            d.u.i.k.p.i.IntermediateProofReplayer Proof replay took 5.09ms 
98645      DEBUG main            d.u.i.k.p.r.p.TestFile    ... success: reloaded. 
98645      INFO  main            d.u.i.k.p.r.p.TestFile    Now processing file /home/runner/work/key/key/key.core/../key.ui/examples/standard_key/pred_log/tptp/SET/SET043p1.key 
98646      INFO  main            d.u.i.k.p.i.AbstractProblemLoader Loading environment from /home/runner/work/key/key/key.core/../key.ui/examples/standard_key/pred_log/tptp/SET/SET043p1.key 
98646      DEBUG main            d.u.i.k.p.i.AbstractProblemLoader Environment load took 465.31ns 
98647      INFO  main            d.u.i.k.p.i.AbstractProblemLoader Creating init config 
100960     DEBUG main            d.u.i.k.p.i.AbstractProblemLoader Init config took 2.31s 
100974     INFO  main            d.u.i.k.p.i.AbstractProblemLoader Replaying proof SET043p1.key 
100975     DEBUG main            d.u.i.k.p.i.IntermediateProofReplayer Proof replay took 6.9ns 
101078     INFO  main            d.u.i.k.p.r.p.TestFile    ... finished proof: closed. 
101294     INFO  main            d.u.i.k.p.i.AbstractProblemLoader Loading environment from /home/runner/work/key/key/key.core/../key.ui/examples/standard_key/pred_log/tptp/SET/SET043p1.key.proof 
101294     DEBUG main            d.u.i.k.p.i.AbstractProblemLoader Environment load took 171.5ns 
101295     INFO  main            d.u.i.k.p.i.AbstractProblemLoader Creating init config 
103628     DEBUG main            d.u.i.k.p.i.AbstractProblemLoader Init config took 2.33s 
103642     INFO  main            d.u.i.k.p.i.AbstractProblemLoader Replaying proof SET043p1.key.proof 
103645     DEBUG main            d.u.i.k.p.i.IntermediateProofReplayer Proof replay took 1.32ms 
103646     DEBUG main            d.u.i.k.p.r.p.TestFile    ... success: reloaded. 
103647     INFO  main            d.u.i.k.p.r.p.TestFile    Now processing file /home/runner/work/key/key/key.core/../key.ui/examples/standard_key/pred_log/tptp/SET/SET045p1.key 
103647     INFO  main            d.u.i.k.p.i.AbstractProblemLoader Loading environment from /home/runner/work/key/key/key.core/../key.ui/examples/standard_key/pred_log/tptp/SET/SET045p1.key 
103647     DEBUG main            d.u.i.k.p.i.AbstractProblemLoader Environment load took 169.4ns 
103648     INFO  main            d.u.i.k.p.i.AbstractProblemLoader Creating init config 
105949     DEBUG main            d.u.i.k.p.i.AbstractProblemLoader Init config took 2.3s 
105963     INFO  main            d.u.i.k.p.i.AbstractProblemLoader Replaying proof SET045p1.key 
105964     DEBUG main            d.u.i.k.p.i.IntermediateProofReplayer Proof replay took 8ns 
106066     INFO  main            d.u.i.k.p.r.p.TestFile    ... finished proof: closed. 
106282     INFO  main            d.u.i.k.p.i.AbstractProblemLoader Loading environment from /home/runner/work/key/key/key.core/../key.ui/examples/standard_key/pred_log/tptp/SET/SET045p1.key.proof 
106282     DEBUG main            d.u.i.k.p.i.AbstractProblemLoader Environment load took 106.4ns 
106283     INFO  main            d.u.i.k.p.i.AbstractProblemLoader Creating init config 
108613     DEBUG main            d.u.i.k.p.i.AbstractProblemLoader Init config took 2.33s 
108628     INFO  main            d.u.i.k.p.i.AbstractProblemLoader Replaying proof SET045p1.key.proof 
108635     DEBUG main            d.u.i.k.p.i.IntermediateProofReplayer Proof replay took 4.49ms 
108636     DEBUG main            d.u.i.k.p.r.p.TestFile    ... success: reloaded. 
108636     INFO  main            d.u.i.k.p.r.p.TestFile    Now processing file /home/runner/work/key/key/key.core/../key.ui/examples/standard_key/pred_log/tptp/SET/SET062p3.key 
108637     INFO  main            d.u.i.k.p.i.AbstractProblemLoader Loading environment from /home/runner/work/key/key/key.core/../key.ui/examples/standard_key/pred_log/tptp/SET/SET062p3.key 
108637     DEBUG main            d.u.i.k.p.i.AbstractProblemLoader Environment load took 89.3ns 
108638     INFO  main            d.u.i.k.p.i.AbstractProblemLoader Creating init config 
110942     DEBUG main            d.u.i.k.p.i.AbstractProblemLoader Init config took 2.3s 
110956     INFO  main            d.u.i.k.p.i.AbstractProblemLoader Replaying proof SET062p3.key 
110957     DEBUG main            d.u.i.k.p.i.IntermediateProofReplayer Proof replay took 7.6ns 
111059     INFO  main            d.u.i.k.p.r.p.TestFile    ... finished proof: closed. 
111282     INFO  main            d.u.i.k.p.i.AbstractProblemLoader Loading environment from /home/runner/work/key/key/key.core/../key.ui/examples/standard_key/pred_log/tptp/SET/SET062p3.key.proof 
111282     DEBUG main            d.u.i.k.p.i.AbstractProblemLoader Environment load took 113.1ns 
111283     INFO  main            d.u.i.k.p.i.AbstractProblemLoader Creating init config 
113590     DEBUG main            d.u.i.k.p.i.AbstractProblemLoader Init config took 2.31s 
113604     INFO  main            d.u.i.k.p.i.AbstractProblemLoader Replaying proof SET062p3.key.proof 
113607     DEBUG main            d.u.i.k.p.i.IntermediateProofReplayer Proof replay took 2.36ms 
113608     DEBUG main            d.u.i.k.p.r.p.TestFile    ... success: reloaded. 
113609     INFO  main            d.u.i.k.p.r.p.TestFile    Now processing file /home/runner/work/key/key/key.core/../key.ui/examples/standard_key/pred_log/tptp/SET/SET063p3.key 
113609     INFO  main            d.u.i.k.p.i.AbstractProblemLoader Loading environment from /home/runner/work/key/key/key.core/../key.ui/examples/standard_key/pred_log/tptp/SET/SET063p3.key 
113609     DEBUG main            d.u.i.k.p.i.AbstractProblemLoader Environment load took 74.1ns 
113610     INFO  main            d.u.i.k.p.i.AbstractProblemLoader Creating init config 
115954     DEBUG main            d.u.i.k.p.i.AbstractProblemLoader Init config took 2.34s 
115968     INFO  main            d.u.i.k.p.i.AbstractProblemLoader Replaying proof SET063p3.key 
115969     DEBUG main            d.u.i.k.p.i.IntermediateProofReplayer Proof replay took 7.3ns 
116075     INFO  main            d.u.i.k.p.r.p.TestFile    ... finished proof: closed. 
116306     INFO  main            d.u.i.k.p.i.AbstractProblemLoader Loading environment from /home/runner/work/key/key/key.core/../key.ui/examples/standard_key/pred_log/tptp/SET/SET063p3.key.proof 
116306     DEBUG main            d.u.i.k.p.i.AbstractProblemLoader Environment load took 108.6ns 
116307     INFO  main            d.u.i.k.p.i.AbstractProblemLoader Creating init config 
118579     DEBUG main            d.u.i.k.p.i.AbstractProblemLoader Init config took 2.27s 
118594     INFO  main            d.u.i.k.p.i.AbstractProblemLoader Replaying proof SET063p3.key.proof 
118598     DEBUG main            d.u.i.k.p.i.IntermediateProofReplayer Proof replay took 2.64ms 
118599     DEBUG main            d.u.i.k.p.r.p.TestFile    ... success: reloaded. 
118600     INFO  main            d.u.i.k.p.r.p.TestFile    Now processing file /home/runner/work/key/key/key.core/../key.ui/examples/standard_key/pred_log/tptp/SYN/SYN036p2.key 
118600     INFO  main            d.u.i.k.p.i.AbstractProblemLoader Loading environment from /home/runner/work/key/key/key.core/../key.ui/examples/standard_key/pred_log/tptp/SYN/SYN036p2.key 
118600     DEBUG main            d.u.i.k.p.i.AbstractProblemLoader Environment load took 188.8ns 
118601     INFO  main            d.u.i.k.p.i.AbstractProblemLoader Creating init config 
120947     DEBUG main            d.u.i.k.p.i.AbstractProblemLoader Init config took 2.35s 
120963     INFO  main            d.u.i.k.p.i.AbstractProblemLoader Replaying proof SYN036p2.key 
120965     DEBUG main            d.u.i.k.p.i.IntermediateProofReplayer Proof replay took 7.1ns 
121271     INFO  main            d.u.i.k.p.r.p.TestFile    ... finished proof: closed. 
121516     INFO  main            d.u.i.k.p.i.AbstractProblemLoader Loading environment from /home/runner/work/key/key/key.core/../key.ui/examples/standard_key/pred_log/tptp/SYN/SYN036p2.key.proof 
121516     DEBUG main            d.u.i.k.p.i.AbstractProblemLoader Environment load took 362.61ns 
121517     INFO  main            d.u.i.k.p.i.AbstractProblemLoader Creating init config 
123799     DEBUG main            d.u.i.k.p.i.AbstractProblemLoader Init config took 2.28s 
123813     INFO  main            d.u.i.k.p.i.AbstractProblemLoader Replaying proof SYN036p2.key.proof 
123880     DEBUG main            d.u.i.k.p.i.IntermediateProofReplayer Proof replay took 58.85ms 
123881     DEBUG main            d.u.i.k.p.r.p.TestFile    ... success: reloaded. 
123882     INFO  main            d.u.i.k.p.r.p.TestFile    Now processing file /home/runner/work/key/key/key.core/../key.ui/examples/standard_key/pred_log/tptp/SYN/SYN550p1.key 
123883     INFO  main            d.u.i.k.p.i.AbstractProblemLoader Loading environment from /home/runner/work/key/key/key.core/../key.ui/examples/standard_key/pred_log/tptp/SYN/SYN550p1.key 
123883     DEBUG main            d.u.i.k.p.i.AbstractProblemLoader Environment load took 174ns 
123884     INFO  main            d.u.i.k.p.i.AbstractProblemLoader Creating init config 
126218     DEBUG main            d.u.i.k.p.i.AbstractProblemLoader Init config took 2.33s 
126232     INFO  main            d.u.i.k.p.i.AbstractProblemLoader Replaying proof SYN550p1.key 
126233     DEBUG main            d.u.i.k.p.i.IntermediateProofReplayer Proof replay took 19.3ns 
128869     INFO  main            d.u.i.k.p.r.p.TestFile    ... finished proof: closed. 
129122     INFO  main            d.u.i.k.p.i.AbstractProblemLoader Loading environment from /home/runner/work/key/key/key.core/../key.ui/examples/standard_key/pred_log/tptp/SYN/SYN550p1.key.proof 
129123     DEBUG main            d.u.i.k.p.i.AbstractProblemLoader Environment load took 367.81ns 
129124     INFO  main            d.u.i.k.p.i.AbstractProblemLoader Creating init config 
131387     DEBUG main            d.u.i.k.p.i.AbstractProblemLoader Init config took 2.26s 
131401     INFO  main            d.u.i.k.p.i.AbstractProblemLoader Replaying proof SYN550p1.key.proof 
131454     DEBUG main            d.u.i.k.p.i.IntermediateProofReplayer Proof replay took 46.79ms 
131455     DEBUG main            d.u.i.k.p.r.p.TestFile    ... success: reloaded. 
131456     INFO  main            d.u.i.k.p.r.p.TestFile    Now processing file /home/runner/work/key/key/key.core/../key.ui/examples/standard_key/prop_log/reallySimple.key 
131456     INFO  main            d.u.i.k.p.i.AbstractProblemLoader Loading environment from /home/runner/work/key/key/key.core/../key.ui/examples/standard_key/prop_log/reallySimple.key 
131456     DEBUG main            d.u.i.k.p.i.AbstractProblemLoader Environment load took 73.1ns 
131457     INFO  main            d.u.i.k.p.i.AbstractProblemLoader Creating init config 
133783     DEBUG main            d.u.i.k.p.i.AbstractProblemLoader Init config took 2.33s 
133796     INFO  main            d.u.i.k.p.i.AbstractProblemLoader Replaying proof reallySimple.key 
133798     DEBUG main            d.u.i.k.p.i.IntermediateProofReplayer Proof replay took 6.7ns 
133899     INFO  main            d.u.i.k.p.r.p.TestFile    ... finished proof: open goal(s) 
134155     INFO  main            d.u.i.k.p.r.p.TestFile    Now processing file /home/runner/work/key/key/key.core/../key.ui/examples/standard_key/pred_log/sameName1.key 
134155     INFO  main            d.u.i.k.p.i.AbstractProblemLoader Loading environment from /home/runner/work/key/key/key.core/../key.ui/examples/standard_key/pred_log/sameName1.key 
134155     DEBUG main            d.u.i.k.p.i.AbstractProblemLoader Environment load took 62.2ns 
134156     INFO  main            d.u.i.k.p.i.AbstractProblemLoader Creating init config 
136425     DEBUG main            d.u.i.k.p.i.AbstractProblemLoader Init config took 2.27s 
136438     INFO  main            d.u.i.k.p.i.AbstractProblemLoader Replaying proof sameName1.key 
136439     DEBUG main            d.u.i.k.p.i.IntermediateProofReplayer Proof replay took 6.9ns 
136542     INFO  main            d.u.i.k.p.r.p.TestFile    ... finished proof: open goal(s) 
136773     INFO  main            d.u.i.k.p.r.p.TestFile    Now processing file /home/runner/work/key/key/key.core/../key.ui/examples/standard_key/pred_log/jbyteIfEx.key 
136774     INFO  main            d.u.i.k.p.i.AbstractProblemLoader Loading environment from /home/runner/work/key/key/key.core/../key.ui/examples/standard_key/pred_log/jbyteIfEx.key 
136774     DEBUG main            d.u.i.k.p.i.AbstractProblemLoader Environment load took 76.6ns 
136775     INFO  main            d.u.i.k.p.i.AbstractProblemLoader Creating init config 
139072     DEBUG main            d.u.i.k.p.i.AbstractProblemLoader Init config took 2.3s 
139086     INFO  main            d.u.i.k.p.i.AbstractProblemLoader Replaying proof jbyteIfEx.key 
139087     DEBUG main            d.u.i.k.p.i.IntermediateProofReplayer Proof replay took 7.8ns 
139189     INFO  main            d.u.i.k.p.r.p.TestFile    ... finished proof: closed. 
139427     INFO  main            d.u.i.k.p.i.AbstractProblemLoader Loading environment from /home/runner/work/key/key/key.core/../key.ui/examples/standard_key/pred_log/jbyteIfEx.key.proof 
139427     DEBUG main            d.u.i.k.p.i.AbstractProblemLoader Environment load took 108.1ns 
139429     INFO  main            d.u.i.k.p.i.AbstractProblemLoader Creating init config 
141693     DEBUG main            d.u.i.k.p.i.AbstractProblemLoader Init config took 2.26s 
141707     INFO  main            d.u.i.k.p.i.AbstractProblemLoader Replaying proof jbyteIfEx.key.proof 
141713     DEBUG main            d.u.i.k.p.i.IntermediateProofReplayer Proof replay took 4.55ms 
141714     DEBUG main            d.u.i.k.p.r.p.TestFile    ... success: reloaded. 
141714     INFO  main            d.u.i.k.p.r.p.TestFile    Now processing file /home/runner/work/key/key/key.core/../key.ui/examples/standard_key/prop_log/allClausesLength4.key 
141715     INFO  main            d.u.i.k.p.i.AbstractProblemLoader Loading environment from /home/runner/work/key/key/key.core/../key.ui/examples/standard_key/prop_log/allClausesLength4.key 
141715     DEBUG main            d.u.i.k.p.i.AbstractProblemLoader Environment load took 81.8ns 
141716     INFO  main            d.u.i.k.p.i.AbstractProblemLoader Creating init config 
144084     DEBUG main            d.u.i.k.p.i.AbstractProblemLoader Init config took 2.37s 
144097     INFO  main            d.u.i.k.p.i.AbstractProblemLoader Replaying proof allClausesLength4.key 
144098     DEBUG main            d.u.i.k.p.i.IntermediateProofReplayer Proof replay took 6.8ns 
144201     INFO  main            d.u.i.k.p.r.p.TestFile    ... finished proof: closed. 
144459     INFO  main            d.u.i.k.p.i.AbstractProblemLoader Loading environment from /home/runner/work/key/key/key.core/../key.ui/examples/standard_key/prop_log/allClausesLength4.key.proof 
144459     DEBUG main            d.u.i.k.p.i.AbstractProblemLoader Environment load took 115.5ns 
144460     INFO  main            d.u.i.k.p.i.AbstractProblemLoader Creating init config 
146719     DEBUG main            d.u.i.k.p.i.AbstractProblemLoader Init config took 2.26s 
146733     INFO  main            d.u.i.k.p.i.AbstractProblemLoader Replaying proof allClausesLength4.key.proof 
146745     DEBUG main            d.u.i.k.p.i.IntermediateProofReplayer Proof replay took 8.69ms 
146746     DEBUG main            d.u.i.k.p.r.p.TestFile    ... success: reloaded. 
146746     INFO  main            d.u.i.k.p.r.p.TestFile    Now processing file /home/runner/work/key/key/key.core/../key.ui/examples/standard_key/prop_log/allClausesLength5.key 
146747     INFO  main            d.u.i.k.p.i.AbstractProblemLoader Loading environment from /home/runner/work/key/key/key.core/../key.ui/examples/standard_key/prop_log/allClausesLength5.key 
146747     DEBUG main            d.u.i.k.p.i.AbstractProblemLoader Environment load took 212.6ns 
146748     INFO  main            d.u.i.k.p.i.AbstractProblemLoader Creating init config 
149077     DEBUG main            d.u.i.k.p.i.AbstractProblemLoader Init config took 2.33s 
149091     INFO  main            d.u.i.k.p.i.AbstractProblemLoader Replaying proof allClausesLength5.key 
149092     DEBUG main            d.u.i.k.p.i.IntermediateProofReplayer Proof replay took 6.4ns 
149298     INFO  main            d.u.i.k.p.r.p.TestFile    ... finished proof: closed. 
149557     INFO  main            d.u.i.k.p.i.AbstractProblemLoader Loading environment from /home/runner/work/key/key/key.core/../key.ui/examples/standard_key/prop_log/allClausesLength5.key.proof 
149557     DEBUG main            d.u.i.k.p.i.AbstractProblemLoader Environment load took 503.41ns 
149559     INFO  main            d.u.i.k.p.i.AbstractProblemLoader Creating init config 
151823     DEBUG main            d.u.i.k.p.i.AbstractProblemLoader Init config took 2.26s 
151837     INFO  main            d.u.i.k.p.i.AbstractProblemLoader Replaying proof allClausesLength5.key.proof 
151865     DEBUG main            d.u.i.k.p.i.IntermediateProofReplayer Proof replay took 23.82ms 
151867     DEBUG main            d.u.i.k.p.r.p.TestFile    ... success: reloaded. 
151867     INFO  main            d.u.i.k.p.r.p.TestFile    Now processing file /home/runner/work/key/key/key.core/../key.ui/examples/standard_key/prop_log/doubleNeg.key 
151868     INFO  main            d.u.i.k.p.i.AbstractProblemLoader Loading environment from /home/runner/work/key/key/key.core/../key.ui/examples/standard_key/prop_log/doubleNeg.key 
151868     DEBUG main            d.u.i.k.p.i.AbstractProblemLoader Environment load took 80.4ns 
151868     INFO  main            d.u.i.k.p.i.AbstractProblemLoader Creating init config 
154250     DEBUG main            d.u.i.k.p.i.AbstractProblemLoader Init config took 2.38s 
154266     INFO  main            d.u.i.k.p.i.AbstractProblemLoader Replaying proof doubleNeg.key 
154267     DEBUG main            d.u.i.k.p.i.IntermediateProofReplayer Proof replay took 7.9ns 
154370     INFO  main            d.u.i.k.p.r.p.TestFile    ... finished proof: closed. 
154635     INFO  main            d.u.i.k.p.i.AbstractProblemLoader Loading environment from /home/runner/work/key/key/key.core/../key.ui/examples/standard_key/prop_log/doubleNeg.key.proof 
154635     DEBUG main            d.u.i.k.p.i.AbstractProblemLoader Environment load took 98.5ns 
154636     INFO  main            d.u.i.k.p.i.AbstractProblemLoader Creating init config 
156903     DEBUG main            d.u.i.k.p.i.AbstractProblemLoader Init config took 2.27s 
156917     INFO  main            d.u.i.k.p.i.AbstractProblemLoader Replaying proof doubleNeg.key.proof 
156919     DEBUG main            d.u.i.k.p.i.IntermediateProofReplayer Proof replay took 356.31ns 
156921     DEBUG main            d.u.i.k.p.r.p.TestFile    ... success: reloaded. 
156921     INFO  main            d.u.i.k.p.r.p.TestFile    Now processing file /home/runner/work/key/key/key.core/../key.ui/examples/standard_key/prop_log/liarsville.key 
156922     INFO  main            d.u.i.k.p.i.AbstractProblemLoader Loading environment from /home/runner/work/key/key/key.core/../key.ui/examples/standard_key/prop_log/liarsville.key 
156922     DEBUG main            d.u.i.k.p.i.AbstractProblemLoader Environment load took 160.5ns 
156923     INFO  main            d.u.i.k.p.i.AbstractProblemLoader Creating init config 
159225     DEBUG main            d.u.i.k.p.i.AbstractProblemLoader Init config took 2.3s 
159240     INFO  main            d.u.i.k.p.i.AbstractProblemLoader Replaying proof liarsville.key 
159241     DEBUG main            d.u.i.k.p.i.IntermediateProofReplayer Proof replay took 6.4ns 
159343     INFO  main            d.u.i.k.p.r.p.TestFile    ... finished proof: closed. 
159604     INFO  main            d.u.i.k.p.i.AbstractProblemLoader Loading environment from /home/runner/work/key/key/key.core/../key.ui/examples/standard_key/prop_log/liarsville.key.proof 
159604     DEBUG main            d.u.i.k.p.i.AbstractProblemLoader Environment load took 96.2ns 
159605     INFO  main            d.u.i.k.p.i.AbstractProblemLoader Creating init config 
161870     DEBUG main            d.u.i.k.p.i.AbstractProblemLoader Init config took 2.27s 
161883     INFO  main            d.u.i.k.p.i.AbstractProblemLoader Replaying proof liarsville.key.proof 
161886     DEBUG main            d.u.i.k.p.i.IntermediateProofReplayer Proof replay took 967.72ns 
161887     DEBUG main            d.u.i.k.p.r.p.TestFile    ... success: reloaded. 
161887     INFO  main            d.u.i.k.p.r.p.TestFile    Now processing file /home/runner/work/key/key/key.core/../key.ui/examples/standard_key/prop_log/simplest.key 
161888     INFO  main            d.u.i.k.p.i.AbstractProblemLoader Loading environment from /home/runner/work/key/key/key.core/../key.ui/examples/standard_key/prop_log/simplest.key 
161888     DEBUG main            d.u.i.k.p.i.AbstractProblemLoader Environment load took 63.1ns 
161888     INFO  main            d.u.i.k.p.i.AbstractProblemLoader Creating init config 
164180     DEBUG main            d.u.i.k.p.i.AbstractProblemLoader Init config took 2.29s 
164193     INFO  main            d.u.i.k.p.i.AbstractProblemLoader Replaying proof simplest.key 
164194     DEBUG main            d.u.i.k.p.i.IntermediateProofReplayer Proof replay took 6.4ns 
164295     INFO  main            d.u.i.k.p.r.p.TestFile    ... finished proof: closed. 
164561     INFO  main            d.u.i.k.p.i.AbstractProblemLoader Loading environment from /home/runner/work/key/key/key.core/../key.ui/examples/standard_key/prop_log/simplest.key.proof 
164561     DEBUG main            d.u.i.k.p.i.AbstractProblemLoader Environment load took 97ns 
164562     INFO  main            d.u.i.k.p.i.AbstractProblemLoader Creating init config 
166824     DEBUG main            d.u.i.k.p.i.AbstractProblemLoader Init config took 2.26s 
166837     INFO  main            d.u.i.k.p.i.AbstractProblemLoader Replaying proof simplest.key.proof 
166839     DEBUG main            d.u.i.k.p.i.IntermediateProofReplayer Proof replay took 88.9ns 
166839     DEBUG main            d.u.i.k.p.r.p.TestFile    ... success: reloaded. 
166839     INFO  main            d.u.i.k.p.r.p.TestFile    Now processing file /home/runner/work/key/key/key.core/../key.ui/examples/standard_key/prop_log/contraposition.key 
166840     INFO  main            d.u.i.k.p.i.AbstractProblemLoader Loading environment from /home/runner/work/key/key/key.core/../key.ui/examples/standard_key/prop_log/contraposition.key 
166840     DEBUG main            d.u.i.k.p.i.AbstractProblemLoader Environment load took 49.5ns 
166840     INFO  main            d.u.i.k.p.i.AbstractProblemLoader Creating init config 
169158     DEBUG main            d.u.i.k.p.i.AbstractProblemLoader Init config took 2.32s 
169170     INFO  main            d.u.i.k.p.i.AbstractProblemLoader Replaying proof contraposition.key 
169171     DEBUG main            d.u.i.k.p.i.IntermediateProofReplayer Proof replay took 7ns 
169275     INFO  main            d.u.i.k.p.r.p.TestFile    ... finished proof: closed. 
169556     INFO  main            d.u.i.k.p.i.AbstractProblemLoader Loading environment from /home/runner/work/key/key/key.core/../key.ui/examples/standard_key/prop_log/contraposition.key.proof 
169556     DEBUG main            d.u.i.k.p.i.AbstractProblemLoader Environment load took 96.8ns 
169557     INFO  main            d.u.i.k.p.i.AbstractProblemLoader Creating init config 
171825     DEBUG main            d.u.i.k.p.i.AbstractProblemLoader Init config took 2.27s 
171838     INFO  main            d.u.i.k.p.i.AbstractProblemLoader Replaying proof contraposition.key.proof 
171839     DEBUG main            d.u.i.k.p.i.IntermediateProofReplayer Proof replay took 383.31ns 
171840     DEBUG main            d.u.i.k.p.r.p.TestFile    ... success: reloaded. 
171841     INFO  main            d.u.i.k.p.r.p.TestFile    Now processing file /home/runner/work/key/key/key.core/../key.ui/examples/standard_key/quantifiers/elimination0.key 
171841     INFO  main            d.u.i.k.p.i.AbstractProblemLoader Loading environment from /home/runner/work/key/key/key.core/../key.ui/examples/standard_key/quantifiers/elimination0.key 
171841     DEBUG main            d.u.i.k.p.i.AbstractProblemLoader Environment load took 49.2ns 
171842     INFO  main            d.u.i.k.p.i.AbstractProblemLoader Creating init config 
174144     DEBUG main            d.u.i.k.p.i.AbstractProblemLoader Init config took 2.3s 
174157     INFO  main            d.u.i.k.p.i.AbstractProblemLoader Replaying proof elimination0.key 
174159     DEBUG main            d.u.i.k.p.i.IntermediateProofReplayer Proof replay took 7.5ns 
174261     INFO  main            d.u.i.k.p.r.p.TestFile    ... finished proof: closed. 
174539     INFO  main            d.u.i.k.p.i.AbstractProblemLoader Loading environment from /home/runner/work/key/key/key.core/../key.ui/examples/standard_key/quantifiers/elimination0.key.proof 
174539     DEBUG main            d.u.i.k.p.i.AbstractProblemLoader Environment load took 100ns 
174540     INFO  main            d.u.i.k.p.i.AbstractProblemLoader Creating init config 
176827     DEBUG main            d.u.i.k.p.i.AbstractProblemLoader Init config took 2.29s 
176840     INFO  main            d.u.i.k.p.i.AbstractProblemLoader Replaying proof elimination0.key.proof 
176842     DEBUG main            d.u.i.k.p.i.IntermediateProofReplayer Proof replay took 934.32ns 
176843     DEBUG main            d.u.i.k.p.r.p.TestFile    ... success: reloaded. 
176843     INFO  main            d.u.i.k.p.r.p.TestFile    Now processing file /home/runner/work/key/key/key.core/../key.ui/examples/standard_key/quantifiers/heuristic_PUZ001p1-eq.key 
176844     INFO  main            d.u.i.k.p.i.AbstractProblemLoader Loading environment from /home/runner/work/key/key/key.core/../key.ui/examples/standard_key/quantifiers/heuristic_PUZ001p1-eq.key 
176844     DEBUG main            d.u.i.k.p.i.AbstractProblemLoader Environment load took 104.3ns 
176845     INFO  main            d.u.i.k.p.i.AbstractProblemLoader Creating init config 
179168     DEBUG main            d.u.i.k.p.i.AbstractProblemLoader Init config took 2.32s 
179182     INFO  main            d.u.i.k.p.i.AbstractProblemLoader Replaying proof heuristic_PUZ001p1-eq.key 
179184     DEBUG main            d.u.i.k.p.i.IntermediateProofReplayer Proof replay took 6.6ns 
179286     INFO  main            d.u.i.k.p.r.p.TestFile    ... finished proof: closed. 
179574     INFO  main            d.u.i.k.p.i.AbstractProblemLoader Loading environment from /home/runner/work/key/key/key.core/../key.ui/examples/standard_key/quantifiers/heuristic_PUZ001p1-eq.key.proof 
179574     DEBUG main            d.u.i.k.p.i.AbstractProblemLoader Environment load took 98.9ns 
179575     INFO  main            d.u.i.k.p.i.AbstractProblemLoader Creating init config 
181849     DEBUG main            d.u.i.k.p.i.AbstractProblemLoader Init config took 2.27s 
181862     INFO  main            d.u.i.k.p.i.AbstractProblemLoader Replaying proof heuristic_PUZ001p1-eq.key.proof 
181871     DEBUG main            d.u.i.k.p.i.IntermediateProofReplayer Proof replay took 6.57ms 
181872     DEBUG main            d.u.i.k.p.r.p.TestFile    ... success: reloaded. 
181873     INFO  main            d.u.i.k.p.r.p.TestFile    Now processing file /home/runner/work/key/key/key.core/../key.ui/examples/standard_key/quantifiers/heuristic_PUZ001p1.key 
181873     INFO  main            d.u.i.k.p.i.AbstractProblemLoader Loading environment from /home/runner/work/key/key/key.core/../key.ui/examples/standard_key/quantifiers/heuristic_PUZ001p1.key 
181873     DEBUG main            d.u.i.k.p.i.AbstractProblemLoader Environment load took 90.9ns 
181874     INFO  main            d.u.i.k.p.i.AbstractProblemLoader Creating init config 
184193     DEBUG main            d.u.i.k.p.i.AbstractProblemLoader Init config took 2.32s 
184208     INFO  main            d.u.i.k.p.i.AbstractProblemLoader Replaying proof heuristic_PUZ001p1.key 
184210     DEBUG main            d.u.i.k.p.i.IntermediateProofReplayer Proof replay took 6.9ns 
185415     INFO  main            d.u.i.k.p.r.p.TestFile    ... finished proof: closed. 
185726     INFO  main            d.u.i.k.p.i.AbstractProblemLoader Loading environment from /home/runner/work/key/key/key.core/../key.ui/examples/standard_key/quantifiers/heuristic_PUZ001p1.key.proof 
185726     DEBUG main            d.u.i.k.p.i.AbstractProblemLoader Environment load took 102ns 
185728     INFO  main            d.u.i.k.p.i.AbstractProblemLoader Creating init config 
187997     DEBUG main            d.u.i.k.p.i.AbstractProblemLoader Init config took 2.27s 
188012     INFO  main            d.u.i.k.p.i.AbstractProblemLoader Replaying proof heuristic_PUZ001p1.key.proof 
188042     DEBUG main            d.u.i.k.p.i.IntermediateProofReplayer Proof replay took 26.59ms 
188044     DEBUG main            d.u.i.k.p.r.p.TestFile    ... success: reloaded. 
188044     INFO  main            d.u.i.k.p.r.p.TestFile    Now processing file /home/runner/work/key/key/key.core/../key.ui/examples/standard_key/quantifiers/heuristic_PUZ031p1.key 
188045     INFO  main            d.u.i.k.p.i.AbstractProblemLoader Loading environment from /home/runner/work/key/key/key.core/../key.ui/examples/standard_key/quantifiers/heuristic_PUZ031p1.key 
188045     DEBUG main            d.u.i.k.p.i.AbstractProblemLoader Environment load took 79.8ns 
188046     INFO  main            d.u.i.k.p.i.AbstractProblemLoader Creating init config 
190393     DEBUG main            d.u.i.k.p.i.AbstractProblemLoader Init config took 2.35s 
190408     INFO  main            d.u.i.k.p.i.AbstractProblemLoader Replaying proof heuristic_PUZ031p1.key 
190409     DEBUG main            d.u.i.k.p.i.IntermediateProofReplayer Proof replay took 6.2ns 
194947     INFO  main            d.u.i.k.p.r.p.TestFile    ... finished proof: closed. 
195278     INFO  main            d.u.i.k.p.i.AbstractProblemLoader Loading environment from /home/runner/work/key/key/key.core/../key.ui/examples/standard_key/quantifiers/heuristic_PUZ031p1.key.proof 
195279     DEBUG main            d.u.i.k.p.i.AbstractProblemLoader Environment load took 987.12ns 
195280     INFO  main            d.u.i.k.p.i.AbstractProblemLoader Creating init config 
197531     DEBUG main            d.u.i.k.p.i.AbstractProblemLoader Init config took 2.25s 
197545     INFO  main            d.u.i.k.p.i.AbstractProblemLoader Replaying proof heuristic_PUZ031p1.key.proof 
197587     DEBUG main            d.u.i.k.p.i.IntermediateProofReplayer Proof replay took 37.85ms 
197588     DEBUG main            d.u.i.k.p.r.p.TestFile    ... success: reloaded. 
197589     INFO  main            d.u.i.k.p.r.p.TestFile    Now processing file /home/runner/work/key/key/key.core/../key.ui/examples/standard_key/quantifiers/heuristic_SYN036p2.key 
197589     INFO  main            d.u.i.k.p.i.AbstractProblemLoader Loading environment from /home/runner/work/key/key/key.core/../key.ui/examples/standard_key/quantifiers/heuristic_SYN036p2.key 
197589     DEBUG main            d.u.i.k.p.i.AbstractProblemLoader Environment load took 96.4ns 
197590     INFO  main            d.u.i.k.p.i.AbstractProblemLoader Creating init config 
199879     DEBUG main            d.u.i.k.p.i.AbstractProblemLoader Init config took 2.29s 
199892     INFO  main            d.u.i.k.p.i.AbstractProblemLoader Replaying proof heuristic_SYN036p2.key 
199893     DEBUG main            d.u.i.k.p.i.IntermediateProofReplayer Proof replay took 6.1ns 
200097     INFO  main            d.u.i.k.p.r.p.TestFile    ... finished proof: closed. 
200432     INFO  main            d.u.i.k.p.i.AbstractProblemLoader Loading environment from /home/runner/work/key/key/key.core/../key.ui/examples/standard_key/quantifiers/heuristic_SYN036p2.key.proof 
200433     DEBUG main            d.u.i.k.p.i.AbstractProblemLoader Environment load took 465.91ns 
200434     INFO  main            d.u.i.k.p.i.AbstractProblemLoader Creating init config 
202677     DEBUG main            d.u.i.k.p.i.AbstractProblemLoader Init config took 2.24s 
202690     INFO  main            d.u.i.k.p.i.AbstractProblemLoader Replaying proof heuristic_SYN036p2.key.proof 
202731     DEBUG main            d.u.i.k.p.i.IntermediateProofReplayer Proof replay took 34.44ms 
202732     DEBUG main            d.u.i.k.p.r.p.TestFile    ... success: reloaded. 
202733     INFO  main            d.u.i.k.p.r.p.TestFile    Now processing file /home/runner/work/key/key/key.core/../key.ui/examples/standard_key/quantifiers/injectivity.key 
202733     INFO  main            d.u.i.k.p.i.AbstractProblemLoader Loading environment from /home/runner/work/key/key/key.core/../key.ui/examples/standard_key/quantifiers/injectivity.key 
202733     DEBUG main            d.u.i.k.p.i.AbstractProblemLoader Environment load took 81.8ns 
202734     INFO  main            d.u.i.k.p.i.AbstractProblemLoader Creating init config 
205014     DEBUG main            d.u.i.k.p.i.AbstractProblemLoader Init config took 2.28s 
205027     INFO  main            d.u.i.k.p.i.AbstractProblemLoader Replaying proof injectivity.key 
205028     DEBUG main            d.u.i.k.p.i.IntermediateProofReplayer Proof replay took 6.8ns 
205130     INFO  main            d.u.i.k.p.r.p.TestFile    ... finished proof: closed. 
205450     INFO  main            d.u.i.k.p.i.AbstractProblemLoader Loading environment from /home/runner/work/key/key/key.core/../key.ui/examples/standard_key/quantifiers/injectivity.key.proof 
205450     DEBUG main            d.u.i.k.p.i.AbstractProblemLoader Environment load took 90.7ns 
205451     INFO  main            d.u.i.k.p.i.AbstractProblemLoader Creating init config 
207693     DEBUG main            d.u.i.k.p.i.AbstractProblemLoader Init config took 2.24s 
207706     INFO  main            d.u.i.k.p.i.AbstractProblemLoader Replaying proof injectivity.key.proof 
207708     DEBUG main            d.u.i.k.p.i.IntermediateProofReplayer Proof replay took 996.42ns 
207709     DEBUG main            d.u.i.k.p.r.p.TestFile    ... success: reloaded. 
207710     INFO  main            d.u.i.k.p.r.p.TestFile    Now processing file /home/runner/work/key/key/key.core/../key.ui/examples/standard_key/quantifiers/normalisation0.key 
207710     INFO  main            d.u.i.k.p.i.AbstractProblemLoader Loading environment from /home/runner/work/key/key/key.core/../key.ui/examples/standard_key/quantifiers/normalisation0.key 
207710     DEBUG main            d.u.i.k.p.i.AbstractProblemLoader Environment load took 48.8ns 
207711     INFO  main            d.u.i.k.p.i.AbstractProblemLoader Creating init config 
209990     DEBUG main            d.u.i.k.p.i.AbstractProblemLoader Init config took 2.28s 
210003     INFO  main            d.u.i.k.p.i.AbstractProblemLoader Replaying proof normalisation0.key 
210005     DEBUG main            d.u.i.k.p.i.IntermediateProofReplayer Proof replay took 6.7ns 
210110     INFO  main            d.u.i.k.p.r.p.TestFile    ... finished proof: closed. 
210418     INFO  main            d.u.i.k.p.i.AbstractProblemLoader Loading environment from /home/runner/work/key/key/key.core/../key.ui/examples/standard_key/quantifiers/normalisation0.key.proof 
210418     DEBUG main            d.u.i.k.p.i.AbstractProblemLoader Environment load took 99ns 
210420     INFO  main            d.u.i.k.p.i.AbstractProblemLoader Creating init config 
212659     DEBUG main            d.u.i.k.p.i.AbstractProblemLoader Init config took 2.24s 
212672     INFO  main            d.u.i.k.p.i.AbstractProblemLoader Replaying proof normalisation0.key.proof 
212674     DEBUG main            d.u.i.k.p.i.IntermediateProofReplayer Proof replay took 943.62ns 
212675     DEBUG main            d.u.i.k.p.r.p.TestFile    ... success: reloaded. 
212676     INFO  main            d.u.i.k.p.r.p.TestFile    Now processing file /home/runner/work/key/key/key.core/../key.ui/examples/standard_key/quantifiers/normalisation1.key 
212676     INFO  main            d.u.i.k.p.i.AbstractProblemLoader Loading environment from /home/runner/work/key/key/key.core/../key.ui/examples/standard_key/quantifiers/normalisation1.key 
212676     DEBUG main            d.u.i.k.p.i.AbstractProblemLoader Environment load took 47.6ns 
212677     INFO  main            d.u.i.k.p.i.AbstractProblemLoader Creating init config 
214974     DEBUG main            d.u.i.k.p.i.AbstractProblemLoader Init config took 2.3s 
214989     INFO  main            d.u.i.k.p.i.AbstractProblemLoader Replaying proof normalisation1.key 
214991     DEBUG main            d.u.i.k.p.i.IntermediateProofReplayer Proof replay took 6ns 
215095     INFO  main            d.u.i.k.p.r.p.TestFile    ... finished proof: closed. 
215430     INFO  main            d.u.i.k.p.i.AbstractProblemLoader Loading environment from /home/runner/work/key/key/key.core/../key.ui/examples/standard_key/quantifiers/normalisation1.key.proof 
215430     DEBUG main            d.u.i.k.p.i.AbstractProblemLoader Environment load took 84.5ns 
215431     INFO  main            d.u.i.k.p.i.AbstractProblemLoader Creating init config 
217677     DEBUG main            d.u.i.k.p.i.AbstractProblemLoader Init config took 2.25s 
217701     INFO  main            d.u.i.k.p.i.AbstractProblemLoader Replaying proof normalisation1.key.proof 
217703     DEBUG main            d.u.i.k.p.i.IntermediateProofReplayer Proof replay took 824.62ns 
217704     DEBUG main            d.u.i.k.p.r.p.TestFile    ... success: reloaded. 
217709     INFO  main            d.u.i.k.p.r.p.TestFile    Now processing file /home/runner/work/key/key/key.core/../key.ui/examples/standard_key/quantifiers/normalisation2.key 
217709     INFO  main            d.u.i.k.p.i.AbstractProblemLoader Loading environment from /home/runner/work/key/key/key.core/../key.ui/examples/standard_key/quantifiers/normalisation2.key 
217709     DEBUG main            d.u.i.k.p.i.AbstractProblemLoader Environment load took 50.2ns 
217710     INFO  main            d.u.i.k.p.i.AbstractProblemLoader Creating init config 
220008     DEBUG main            d.u.i.k.p.i.AbstractProblemLoader Init config took 2.3s 
220022     INFO  main            d.u.i.k.p.i.AbstractProblemLoader Replaying proof normalisation2.key 
220023     DEBUG main            d.u.i.k.p.i.IntermediateProofReplayer Proof replay took 7.3ns 
220125     INFO  main            d.u.i.k.p.r.p.TestFile    ... finished proof: closed. 
220441     INFO  main            d.u.i.k.p.i.AbstractProblemLoader Loading environment from /home/runner/work/key/key/key.core/../key.ui/examples/standard_key/quantifiers/normalisation2.key.proof 
220441     DEBUG main            d.u.i.k.p.i.AbstractProblemLoader Environment load took 107.5ns 
220442     INFO  main            d.u.i.k.p.i.AbstractProblemLoader Creating init config 
222686     DEBUG main            d.u.i.k.p.i.AbstractProblemLoader Init config took 2.24s 
222699     INFO  main            d.u.i.k.p.i.AbstractProblemLoader Replaying proof normalisation2.key.proof 
222701     DEBUG main            d.u.i.k.p.i.IntermediateProofReplayer Proof replay took 1.01ms 
222702     DEBUG main            d.u.i.k.p.r.p.TestFile    ... success: reloaded. 
222702     INFO  main            d.u.i.k.p.r.p.TestFile    Now processing file /home/runner/work/key/key/key.core/../key.ui/examples/standard_key/quantifiers/normalisation3.key 
222703     INFO  main            d.u.i.k.p.i.AbstractProblemLoader Loading environment from /home/runner/work/key/key/key.core/../key.ui/examples/standard_key/quantifiers/normalisation3.key 
222703     DEBUG main            d.u.i.k.p.i.AbstractProblemLoader Environment load took 46.1ns 
222703     INFO  main            d.u.i.k.p.i.AbstractProblemLoader Creating init config 
224988     DEBUG main            d.u.i.k.p.i.AbstractProblemLoader Init config took 2.28s 
225001     INFO  main            d.u.i.k.p.i.AbstractProblemLoader Replaying proof normalisation3.key 
225002     DEBUG main            d.u.i.k.p.i.IntermediateProofReplayer Proof replay took 6.6ns 
225104     INFO  main            d.u.i.k.p.r.p.TestFile    ... finished proof: closed. 
225432     INFO  main            d.u.i.k.p.i.AbstractProblemLoader Loading environment from /home/runner/work/key/key/key.core/../key.ui/examples/standard_key/quantifiers/normalisation3.key.proof 
225433     DEBUG main            d.u.i.k.p.i.AbstractProblemLoader Environment load took 97ns 
225434     INFO  main            d.u.i.k.p.i.AbstractProblemLoader Creating init config 
227692     DEBUG main            d.u.i.k.p.i.AbstractProblemLoader Init config took 2.26s 
227706     INFO  main            d.u.i.k.p.i.AbstractProblemLoader Replaying proof normalisation3.key.proof 
227708     DEBUG main            d.u.i.k.p.i.IntermediateProofReplayer Proof replay took 1.17ms 
227709     DEBUG main            d.u.i.k.p.r.p.TestFile    ... success: reloaded. 
227709     INFO  main            d.u.i.k.p.r.p.TestFile    Now processing file /home/runner/work/key/key/key.core/../key.ui/examples/standard_key/quantifiers/normalisation4.key 
227710     INFO  main            d.u.i.k.p.i.AbstractProblemLoader Loading environment from /home/runner/work/key/key/key.core/../key.ui/examples/standard_key/quantifiers/normalisation4.key 
227710     DEBUG main            d.u.i.k.p.i.AbstractProblemLoader Environment load took 92.5ns 
227711     INFO  main            d.u.i.k.p.i.AbstractProblemLoader Creating init config 
229999     DEBUG main            d.u.i.k.p.i.AbstractProblemLoader Init config took 2.29s 
230012     INFO  main            d.u.i.k.p.i.AbstractProblemLoader Replaying proof normalisation4.key 
230014     DEBUG main            d.u.i.k.p.i.IntermediateProofReplayer Proof replay took 6.7ns 
230115     INFO  main            d.u.i.k.p.r.p.TestFile    ... finished proof: closed. 
230457     INFO  main            d.u.i.k.p.i.AbstractProblemLoader Loading environment from /home/runner/work/key/key/key.core/../key.ui/examples/standard_key/quantifiers/normalisation4.key.proof 
230457     DEBUG main            d.u.i.k.p.i.AbstractProblemLoader Environment load took 92ns 
230458     INFO  main            d.u.i.k.p.i.AbstractProblemLoader Creating init config 
232727     DEBUG main            d.u.i.k.p.i.AbstractProblemLoader Init config took 2.27s 
232740     INFO  main            d.u.i.k.p.i.AbstractProblemLoader Replaying proof normalisation4.key.proof 
232744     DEBUG main            d.u.i.k.p.i.IntermediateProofReplayer Proof replay took 2.11ms 
232745     DEBUG main            d.u.i.k.p.r.p.TestFile    ... success: reloaded. 
232745     INFO  main            d.u.i.k.p.r.p.TestFile    Now processing file /home/runner/work/key/key/key.core/../key.ui/examples/standard_key/quantifiers/normalisation5.key 
232746     INFO  main            d.u.i.k.p.i.AbstractProblemLoader Loading environment from /home/runner/work/key/key/key.core/../key.ui/examples/standard_key/quantifiers/normalisation5.key 
232746     DEBUG main            d.u.i.k.p.i.AbstractProblemLoader Environment load took 77.6ns 
232747     INFO  main            d.u.i.k.p.i.AbstractProblemLoader Creating init config 
235034     DEBUG main            d.u.i.k.p.i.AbstractProblemLoader Init config took 2.29s 
235047     INFO  main            d.u.i.k.p.i.AbstractProblemLoader Replaying proof normalisation5.key 
235048     DEBUG main            d.u.i.k.p.i.IntermediateProofReplayer Proof replay took 6.4ns 
235150     INFO  main            d.u.i.k.p.r.p.TestFile    ... finished proof: closed. 
235492     INFO  main            d.u.i.k.p.i.AbstractProblemLoader Loading environment from /home/runner/work/key/key/key.core/../key.ui/examples/standard_key/quantifiers/normalisation5.key.proof 
235492     DEBUG main            d.u.i.k.p.i.AbstractProblemLoader Environment load took 89.4ns 
235493     INFO  main            d.u.i.k.p.i.AbstractProblemLoader Creating init config 
237743     DEBUG main            d.u.i.k.p.i.AbstractProblemLoader Init config took 2.25s 
237756     INFO  main            d.u.i.k.p.i.AbstractProblemLoader Replaying proof normalisation5.key.proof 
237758     DEBUG main            d.u.i.k.p.i.IntermediateProofReplayer Proof replay took 1.21ms 
237759     DEBUG main            d.u.i.k.p.r.p.TestFile    ... success: reloaded. 
237760     INFO  main            d.u.i.k.p.r.p.TestFile    Now processing file /home/runner/work/key/key/key.core/../key.ui/examples/standard_key/quantifiers/normalisation6.key 
237760     INFO  main            d.u.i.k.p.i.AbstractProblemLoader Loading environment from /home/runner/work/key/key/key.core/../key.ui/examples/standard_key/quantifiers/normalisation6.key 
237760     DEBUG main            d.u.i.k.p.i.AbstractProblemLoader Environment load took 135.9ns 
237761     INFO  main            d.u.i.k.p.i.AbstractProblemLoader Creating init config 
240040     DEBUG main            d.u.i.k.p.i.AbstractProblemLoader Init config took 2.28s 
240053     INFO  main            d.u.i.k.p.i.AbstractProblemLoader Replaying proof normalisation6.key 
240054     DEBUG main            d.u.i.k.p.i.IntermediateProofReplayer Proof replay took 6.3ns 
240155     INFO  main            d.u.i.k.p.r.p.TestFile    ... finished proof: closed. 
240506     INFO  main            d.u.i.k.p.i.AbstractProblemLoader Loading environment from /home/runner/work/key/key/key.core/../key.ui/examples/standard_key/quantifiers/normalisation6.key.proof 
240506     DEBUG main            d.u.i.k.p.i.AbstractProblemLoader Environment load took 92.8ns 
240507     INFO  main            d.u.i.k.p.i.AbstractProblemLoader Creating init config 
242758     DEBUG main            d.u.i.k.p.i.AbstractProblemLoader Init config took 2.25s 
242771     INFO  main            d.u.i.k.p.i.AbstractProblemLoader Replaying proof normalisation6.key.proof 
242774     DEBUG main            d.u.i.k.p.i.IntermediateProofReplayer Proof replay took 1.16ms 
242774     DEBUG main            d.u.i.k.p.r.p.TestFile    ... success: reloaded. 
242775     INFO  main            d.u.i.k.p.r.p.TestFile    Now processing file /home/runner/work/key/key/key.core/../key.ui/examples/standard_key/quantifiers/normalisation7.key 
242775     INFO  main            d.u.i.k.p.i.AbstractProblemLoader Loading environment from /home/runner/work/key/key/key.core/../key.ui/examples/standard_key/quantifiers/normalisation7.key 
242775     DEBUG main            d.u.i.k.p.i.AbstractProblemLoader Environment load took 83.7ns 
242776     INFO  main            d.u.i.k.p.i.AbstractProblemLoader Creating init config 
245055     DEBUG main            d.u.i.k.p.i.AbstractProblemLoader Init config took 2.28s 
245068     INFO  main            d.u.i.k.p.i.AbstractProblemLoader Replaying proof normalisation7.key 
245070     DEBUG main            d.u.i.k.p.i.IntermediateProofReplayer Proof replay took 5.4ns 
245174     INFO  main            d.u.i.k.p.r.p.TestFile    ... finished proof: closed. 
245535     INFO  main            d.u.i.k.p.i.AbstractProblemLoader Loading environment from /home/runner/work/key/key/key.core/../key.ui/examples/standard_key/quantifiers/normalisation7.key.proof 
245535     DEBUG main            d.u.i.k.p.i.AbstractProblemLoader Environment load took 98.6ns 
245536     INFO  main            d.u.i.k.p.i.AbstractProblemLoader Creating init config 
247788     DEBUG main            d.u.i.k.p.i.AbstractProblemLoader Init config took 2.25s 
247802     INFO  main            d.u.i.k.p.i.AbstractProblemLoader Replaying proof normalisation7.key.proof 
247805     DEBUG main            d.u.i.k.p.i.IntermediateProofReplayer Proof replay took 1.14ms 
247806     DEBUG main            d.u.i.k.p.r.p.TestFile    ... success: reloaded. 
247806     INFO  main            d.u.i.k.p.r.p.TestFile    Now processing file /home/runner/work/key/key/key.core/../key.ui/examples/standard_key/quantifiers/normalisation8.key 
247806     INFO  main            d.u.i.k.p.i.AbstractProblemLoader Loading environment from /home/runner/work/key/key/key.core/../key.ui/examples/standard_key/quantifiers/normalisation8.key 
247806     DEBUG main            d.u.i.k.p.i.AbstractProblemLoader Environment load took 48ns 
247807     INFO  main            d.u.i.k.p.i.AbstractProblemLoader Creating init config 
250087     DEBUG main            d.u.i.k.p.i.AbstractProblemLoader Init config took 2.28s 
250101     INFO  main            d.u.i.k.p.i.AbstractProblemLoader Replaying proof normalisation8.key 
250102     DEBUG main            d.u.i.k.p.i.IntermediateProofReplayer Proof replay took 6.4ns 
250206     INFO  main            d.u.i.k.p.r.p.TestFile    ... finished proof: closed. 
250582     INFO  main            d.u.i.k.p.i.AbstractProblemLoader Loading environment from /home/runner/work/key/key/key.core/../key.ui/examples/standard_key/quantifiers/normalisation8.key.proof 
250582     DEBUG main            d.u.i.k.p.i.AbstractProblemLoader Environment load took 89.4ns 
250583     INFO  main            d.u.i.k.p.i.AbstractProblemLoader Creating init config 
252840     DEBUG main            d.u.i.k.p.i.AbstractProblemLoader Init config took 2.26s 
252853     INFO  main            d.u.i.k.p.i.AbstractProblemLoader Replaying proof normalisation8.key.proof 
252857     DEBUG main            d.u.i.k.p.i.IntermediateProofReplayer Proof replay took 2.37ms 
252858     DEBUG main            d.u.i.k.p.r.p.TestFile    ... success: reloaded. 
252859     INFO  main            d.u.i.k.p.r.p.TestFile    Now processing file /home/runner/work/key/key/key.core/../key.ui/examples/standard_key/quantifiers/normalisation9.key 
252859     INFO  main            d.u.i.k.p.i.AbstractProblemLoader Loading environment from /home/runner/work/key/key/key.core/../key.ui/examples/standard_key/quantifiers/normalisation9.key 
252859     DEBUG main            d.u.i.k.p.i.AbstractProblemLoader Environment load took 62.8ns 
252860     INFO  main            d.u.i.k.p.i.AbstractProblemLoader Creating init config 
255134     DEBUG main            d.u.i.k.p.i.AbstractProblemLoader Init config took 2.27s 
255147     INFO  main            d.u.i.k.p.i.AbstractProblemLoader Replaying proof normalisation9.key 
255148     DEBUG main            d.u.i.k.p.i.IntermediateProofReplayer Proof replay took 6.6ns 
255250     INFO  main            d.u.i.k.p.r.p.TestFile    ... finished proof: closed. 
255610     INFO  main            d.u.i.k.p.i.AbstractProblemLoader Loading environment from /home/runner/work/key/key/key.core/../key.ui/examples/standard_key/quantifiers/normalisation9.key.proof 
255610     DEBUG main            d.u.i.k.p.i.AbstractProblemLoader Environment load took 85.3ns 
255611     INFO  main            d.u.i.k.p.i.AbstractProblemLoader Creating init config 
257862     DEBUG main            d.u.i.k.p.i.AbstractProblemLoader Init config took 2.25s 
257875     INFO  main            d.u.i.k.p.i.AbstractProblemLoader Replaying proof normalisation9.key.proof 
257879     DEBUG main            d.u.i.k.p.i.IntermediateProofReplayer Proof replay took 2.36ms 
257880     DEBUG main            d.u.i.k.p.r.p.TestFile    ... success: reloaded. 
257880     INFO  main            d.u.i.k.p.r.p.TestFile    Now processing file /home/runner/work/key/key/key.core/../key.ui/examples/standard_key/quantifiers/normalisation10.key 
257880     INFO  main            d.u.i.k.p.i.AbstractProblemLoader Loading environment from /home/runner/work/key/key/key.core/../key.ui/examples/standard_key/quantifiers/normalisation10.key 
257881     DEBUG main            d.u.i.k.p.i.AbstractProblemLoader Environment load took 75ns 
257882     INFO  main            d.u.i.k.p.i.AbstractProblemLoader Creating init config 
260179     DEBUG main            d.u.i.k.p.i.AbstractProblemLoader Init config took 2.3s 
260192     INFO  main            d.u.i.k.p.i.AbstractProblemLoader Replaying proof normalisation10.key 
260194     DEBUG main            d.u.i.k.p.i.IntermediateProofReplayer Proof replay took 6ns 
260302     INFO  main            d.u.i.k.p.r.p.TestFile    ... finished proof: closed. 
260679     INFO  main            d.u.i.k.p.i.AbstractProblemLoader Loading environment from /home/runner/work/key/key/key.core/../key.ui/examples/standard_key/quantifiers/normalisation10.key.proof 
260679     DEBUG main            d.u.i.k.p.i.AbstractProblemLoader Environment load took 88.7ns 
260680     INFO  main            d.u.i.k.p.i.AbstractProblemLoader Creating init config 
262931     DEBUG main            d.u.i.k.p.i.AbstractProblemLoader Init config took 2.25s 
262945     INFO  main            d.u.i.k.p.i.AbstractProblemLoader Replaying proof normalisation10.key.proof 
262949     DEBUG main            d.u.i.k.p.i.IntermediateProofReplayer Proof replay took 2.72ms 
262950     DEBUG main            d.u.i.k.p.r.p.TestFile    ... success: reloaded. 
262951     INFO  main            d.u.i.k.p.r.p.TestFile    Now processing file /home/runner/work/key/key/key.core/../key.ui/examples/standard_key/quantifiers/normalisation12.key 
262951     INFO  main            d.u.i.k.p.i.AbstractProblemLoader Loading environment from /home/runner/work/key/key/key.core/../key.ui/examples/standard_key/quantifiers/normalisation12.key 
262951     DEBUG main            d.u.i.k.p.i.AbstractProblemLoader Environment load took 73.3ns 
262952     INFO  main            d.u.i.k.p.i.AbstractProblemLoader Creating init config 
265253     DEBUG main            d.u.i.k.p.i.AbstractProblemLoader Init config took 2.3s 
265266     INFO  main            d.u.i.k.p.i.AbstractProblemLoader Replaying proof normalisation12.key 
265267     DEBUG main            d.u.i.k.p.i.IntermediateProofReplayer Proof replay took 7.2ns 
265369     INFO  main            d.u.i.k.p.r.p.TestFile    ... finished proof: closed. 
265743     INFO  main            d.u.i.k.p.i.AbstractProblemLoader Loading environment from /home/runner/work/key/key/key.core/../key.ui/examples/standard_key/quantifiers/normalisation12.key.proof 
265744     DEBUG main            d.u.i.k.p.i.AbstractProblemLoader Environment load took 84.4ns 
265745     INFO  main            d.u.i.k.p.i.AbstractProblemLoader Creating init config 
267994     DEBUG main            d.u.i.k.p.i.AbstractProblemLoader Init config took 2.25s 
268007     INFO  main            d.u.i.k.p.i.AbstractProblemLoader Replaying proof normalisation12.key.proof 
268009     DEBUG main            d.u.i.k.p.i.IntermediateProofReplayer Proof replay took 766.32ns 
268010     DEBUG main            d.u.i.k.p.r.p.TestFile    ... success: reloaded. 
268011     INFO  main            d.u.i.k.p.r.p.TestFile    Now processing file /home/runner/work/key/key/key.core/../key.ui/examples/standard_key/quantifiers/normalisation13.key 
268011     INFO  main            d.u.i.k.p.i.AbstractProblemLoader Loading environment from /home/runner/work/key/key/key.core/../key.ui/examples/standard_key/quantifiers/normalisation13.key 
268011     DEBUG main            d.u.i.k.p.i.AbstractProblemLoader Environment load took 98.9ns 
268012     INFO  main            d.u.i.k.p.i.AbstractProblemLoader Creating init config 
270333     DEBUG main            d.u.i.k.p.i.AbstractProblemLoader Init config took 2.32s 
270345     INFO  main            d.u.i.k.p.i.AbstractProblemLoader Replaying proof normalisation13.key 
270347     DEBUG main            d.u.i.k.p.i.IntermediateProofReplayer Proof replay took 6.5ns 
270448     INFO  main            d.u.i.k.p.r.p.TestFile    ... finished proof: closed. 
270819     INFO  main            d.u.i.k.p.i.AbstractProblemLoader Loading environment from /home/runner/work/key/key/key.core/../key.ui/examples/standard_key/quantifiers/normalisation13.key.proof 
270819     DEBUG main            d.u.i.k.p.i.AbstractProblemLoader Environment load took 86.6ns 
270820     INFO  main            d.u.i.k.p.i.AbstractProblemLoader Creating init config 
273069     DEBUG main            d.u.i.k.p.i.AbstractProblemLoader Init config took 2.25s 
273082     INFO  main            d.u.i.k.p.i.AbstractProblemLoader Replaying proof normalisation13.key.proof 
273086     DEBUG main            d.u.i.k.p.i.IntermediateProofReplayer Proof replay took 480.61ns 
273087     DEBUG main            d.u.i.k.p.r.p.TestFile    ... success: reloaded. 
273087     INFO  main            d.u.i.k.p.r.p.TestFile    Now processing file /home/runner/work/key/key/key.core/../key.ui/examples/standard_key/quantifiers/triggers0.key 
273087     INFO  main            d.u.i.k.p.i.AbstractProblemLoader Loading environment from /home/runner/work/key/key/key.core/../key.ui/examples/standard_key/quantifiers/triggers0.key 
273087     DEBUG main            d.u.i.k.p.i.AbstractProblemLoader Environment load took 83ns 
273088     INFO  main            d.u.i.k.p.i.AbstractProblemLoader Creating init config 
275384     DEBUG main            d.u.i.k.p.i.AbstractProblemLoader Init config took 2.3s 
275398     INFO  main            d.u.i.k.p.i.AbstractProblemLoader Replaying proof triggers0.key 
275399     DEBUG main            d.u.i.k.p.i.IntermediateProofReplayer Proof replay took 6.6ns 
275500     INFO  main            d.u.i.k.p.r.p.TestFile    ... finished proof: closed. 
275878     INFO  main            d.u.i.k.p.i.AbstractProblemLoader Loading environment from /home/runner/work/key/key/key.core/../key.ui/examples/standard_key/quantifiers/triggers0.key.proof 
275879     DEBUG main            d.u.i.k.p.i.AbstractProblemLoader Environment load took 88.3ns 
275879     INFO  main            d.u.i.k.p.i.AbstractProblemLoader Creating init config 
278126     DEBUG main            d.u.i.k.p.i.AbstractProblemLoader Init config took 2.25s 
278139     INFO  main            d.u.i.k.p.i.AbstractProblemLoader Replaying proof triggers0.key.proof 
278141     DEBUG main            d.u.i.k.p.i.IntermediateProofReplayer Proof replay took 818.72ns 
278142     DEBUG main            d.u.i.k.p.r.p.TestFile    ... success: reloaded. 
3686779    INFO  Test worker     d.u.i.k.p.r.RunAllProofsTestUnit Returning from test FOL 
3686780    INFO  Test worker     d.u.i.k.p.r.RunAllProofsTestUnit Running test strings 
348        INFO  Timeout watchdog d.u.i.k.p.r.p.ForkedTestFileRunner Timeout watcher launched (2000 secs.) 
373        WARN  main            d.u.i.k.s.ProofSettings   The settings in /home/runner/.key/proof-settings.props are *not* read. 
418        INFO  main            d.u.i.k.p.r.p.TestFile    Now processing file /home/runner/work/key/key/key.core/../key.ui/examples/standard_key/strings/charAt0.key 
570        INFO  main            d.u.i.k.p.i.AbstractProblemLoader Loading environment from /home/runner/work/key/key/key.core/../key.ui/examples/standard_key/strings/charAt0.key 
586        DEBUG main            d.u.i.k.p.i.AbstractProblemLoader Environment load took 1.95ms 
825        INFO  main            d.u.i.k.p.i.AbstractProblemLoader Creating init config 
1770       DEBUG main            d.u.i.k.j.TypeConverter   No LDT found for Meta 
1771       DEBUG main            d.u.i.k.j.TypeConverter   No LDT found for Meta 
1775       DEBUG main            d.u.i.k.j.TypeConverter   No LDT found for Meta 
1775       DEBUG main            d.u.i.k.j.TypeConverter   No LDT found for Meta 
3122       DEBUG main            d.u.i.k.j.TypeConverter   No LDT found for JavaBigintExpression 
7887       DEBUG main            d.u.i.k.p.i.AbstractProblemLoader Init config took 7.06s 
7946       INFO  main            d.u.i.k.p.i.AbstractProblemLoader Replaying proof charAt0.key 
7978       DEBUG main            d.u.i.k.p.i.IntermediateProofReplayer Proof replay took 32.3ns 
8345       INFO  main            d.u.i.k.p.r.p.TestFile    ... finished proof: closed. 
8452       INFO  main            d.u.i.k.p.i.AbstractProblemLoader Loading environment from /home/runner/work/key/key/key.core/../key.ui/examples/standard_key/strings/charAt0.key.proof 
8453       DEBUG main            d.u.i.k.p.i.AbstractProblemLoader Environment load took 664.51ns 
8458       INFO  main            d.u.i.k.p.i.AbstractProblemLoader Creating init config 
11250      DEBUG main            d.u.i.k.p.i.AbstractProblemLoader Init config took 2.79s 
11279      INFO  main            d.u.i.k.p.i.AbstractProblemLoader Replaying proof charAt0.key.proof 
11296      DEBUG main            d.u.i.k.p.i.IntermediateProofReplayer Proof replay took 12.36ms 
11307      DEBUG main            d.u.i.k.p.r.p.TestFile    ... success: reloaded. 
11308      INFO  main            d.u.i.k.p.r.p.TestFile    Now processing file /home/runner/work/key/key/key.core/../key.ui/examples/standard_key/strings/charAt1.key 
11308      INFO  main            d.u.i.k.p.i.AbstractProblemLoader Loading environment from /home/runner/work/key/key/key.core/../key.ui/examples/standard_key/strings/charAt1.key 
11308      DEBUG main            d.u.i.k.p.i.AbstractProblemLoader Environment load took 188.4ns 
11310      INFO  main            d.u.i.k.p.i.AbstractProblemLoader Creating init config 
14004      DEBUG main            d.u.i.k.p.i.AbstractProblemLoader Init config took 2.69s 
14032      INFO  main            d.u.i.k.p.i.AbstractProblemLoader Replaying proof charAt1.key 
14034      DEBUG main            d.u.i.k.p.i.IntermediateProofReplayer Proof replay took 6.2ns 
14238      INFO  main            d.u.i.k.p.r.p.TestFile    ... finished proof: closed. 
14369      INFO  main            d.u.i.k.p.i.AbstractProblemLoader Loading environment from /home/runner/work/key/key/key.core/../key.ui/examples/standard_key/strings/charAt1.key.proof 
14369      DEBUG main            d.u.i.k.p.i.AbstractProblemLoader Environment load took 397.21ns 
14371      INFO  main            d.u.i.k.p.i.AbstractProblemLoader Creating init config 
16961      DEBUG main            d.u.i.k.p.i.AbstractProblemLoader Init config took 2.59s 
16986      INFO  main            d.u.i.k.p.i.AbstractProblemLoader Replaying proof charAt1.key.proof 
17000      DEBUG main            d.u.i.k.p.i.IntermediateProofReplayer Proof replay took 11.05ms 
17001      DEBUG main            d.u.i.k.p.r.p.TestFile    ... success: reloaded. 
17002      INFO  main            d.u.i.k.p.r.p.TestFile    Now processing file /home/runner/work/key/key/key.core/../key.ui/examples/standard_key/strings/concat1.key 
17002      INFO  main            d.u.i.k.p.i.AbstractProblemLoader Loading environment from /home/runner/work/key/key/key.core/../key.ui/examples/standard_key/strings/concat1.key 
17003      DEBUG main            d.u.i.k.p.i.AbstractProblemLoader Environment load took 202.7ns 
17004      INFO  main            d.u.i.k.p.i.AbstractProblemLoader Creating init config 
19604      DEBUG main            d.u.i.k.p.i.AbstractProblemLoader Init config took 2.6s 
19626      INFO  main            d.u.i.k.p.i.AbstractProblemLoader Replaying proof concat1.key 
19632      DEBUG main            d.u.i.k.p.i.IntermediateProofReplayer Proof replay took 5.7ns 
19738      INFO  main            d.u.i.k.p.r.p.TestFile    ... finished proof: closed. 
19874      INFO  main            d.u.i.k.p.i.AbstractProblemLoader Loading environment from /home/runner/work/key/key/key.core/../key.ui/examples/standard_key/strings/concat1.key.proof 
19874      DEBUG main            d.u.i.k.p.i.AbstractProblemLoader Environment load took 138.1ns 
19875      INFO  main            d.u.i.k.p.i.AbstractProblemLoader Creating init config 
22406      DEBUG main            d.u.i.k.p.i.AbstractProblemLoader Init config took 2.53s 
22426      INFO  main            d.u.i.k.p.i.AbstractProblemLoader Replaying proof concat1.key.proof 
22429      DEBUG main            d.u.i.k.p.i.IntermediateProofReplayer Proof replay took 1.11ms 
22430      DEBUG main            d.u.i.k.p.r.p.TestFile    ... success: reloaded. 
22431      INFO  main            d.u.i.k.p.r.p.TestFile    Now processing file /home/runner/work/key/key/key.core/../key.ui/examples/standard_key/strings/concat2.key 
22431      INFO  main            d.u.i.k.p.i.AbstractProblemLoader Loading environment from /home/runner/work/key/key/key.core/../key.ui/examples/standard_key/strings/concat2.key 
22431      DEBUG main            d.u.i.k.p.i.AbstractProblemLoader Environment load took 113.2ns 
22432      INFO  main            d.u.i.k.p.i.AbstractProblemLoader Creating init config 
24975      DEBUG main            d.u.i.k.p.i.AbstractProblemLoader Init config took 2.54s 
24995      INFO  main            d.u.i.k.p.i.AbstractProblemLoader Replaying proof concat2.key 
24996      DEBUG main            d.u.i.k.p.i.IntermediateProofReplayer Proof replay took 5.7ns 
25099      INFO  main            d.u.i.k.p.r.p.TestFile    ... finished proof: closed. 
25274      INFO  main            d.u.i.k.p.i.AbstractProblemLoader Loading environment from /home/runner/work/key/key/key.core/../key.ui/examples/standard_key/strings/concat2.key.proof 
25274      DEBUG main            d.u.i.k.p.i.AbstractProblemLoader Environment load took 128.8ns 
25276      INFO  main            d.u.i.k.p.i.AbstractProblemLoader Creating init config 
27796      DEBUG main            d.u.i.k.p.i.AbstractProblemLoader Init config took 2.52s 
27816      INFO  main            d.u.i.k.p.i.AbstractProblemLoader Replaying proof concat2.key.proof 
27826      DEBUG main            d.u.i.k.p.i.IntermediateProofReplayer Proof replay took 7.01ms 
27827      DEBUG main            d.u.i.k.p.r.p.TestFile    ... success: reloaded. 
27828      INFO  main            d.u.i.k.p.r.p.TestFile    Now processing file /home/runner/work/key/key/key.core/../key.ui/examples/standard_key/strings/deriveLength1.key 
27828      INFO  main            d.u.i.k.p.i.AbstractProblemLoader Loading environment from /home/runner/work/key/key/key.core/../key.ui/examples/standard_key/strings/deriveLength1.key 
27828      DEBUG main            d.u.i.k.p.i.AbstractProblemLoader Environment load took 189.21ns 
27829      INFO  main            d.u.i.k.p.i.AbstractProblemLoader Creating init config 
30389      DEBUG main            d.u.i.k.p.i.AbstractProblemLoader Init config took 2.56s 
30408      INFO  main            d.u.i.k.p.i.AbstractProblemLoader Replaying proof deriveLength1.key 
30409      DEBUG main            d.u.i.k.p.i.IntermediateProofReplayer Proof replay took 5.6ns 
30516      INFO  main            d.u.i.k.p.r.p.TestFile    ... finished proof: closed. 
30660      INFO  main            d.u.i.k.p.i.AbstractProblemLoader Loading environment from /home/runner/work/key/key/key.core/../key.ui/examples/standard_key/strings/deriveLength1.key.proof 
30660      DEBUG main            d.u.i.k.p.i.AbstractProblemLoader Environment load took 128.9ns 
30661      INFO  main            d.u.i.k.p.i.AbstractProblemLoader Creating init config 
33166      DEBUG main            d.u.i.k.p.i.AbstractProblemLoader Init config took 2.5s 
33184      INFO  main            d.u.i.k.p.i.AbstractProblemLoader Replaying proof deriveLength1.key.proof 
33206      DEBUG main            d.u.i.k.p.i.IntermediateProofReplayer Proof replay took 19.77ms 
33210      DEBUG main            d.u.i.k.p.r.p.TestFile    ... success: reloaded. 
33211      INFO  main            d.u.i.k.p.r.p.TestFile    Now processing file /home/runner/work/key/key/key.core/../key.ui/examples/standard_key/strings/emptyStringLengthZero.key 
33212      INFO  main            d.u.i.k.p.i.AbstractProblemLoader Loading environment from /home/runner/work/key/key/key.core/../key.ui/examples/standard_key/strings/emptyStringLengthZero.key 
33212      DEBUG main            d.u.i.k.p.i.AbstractProblemLoader Environment load took 188.3ns 
33213      INFO  main            d.u.i.k.p.i.AbstractProblemLoader Creating init config 
35769      DEBUG main            d.u.i.k.p.i.AbstractProblemLoader Init config took 2.56s 
35788      INFO  main            d.u.i.k.p.i.AbstractProblemLoader Replaying proof emptyStringLengthZero.key 
35790      DEBUG main            d.u.i.k.p.i.IntermediateProofReplayer Proof replay took 6.4ns 
35896      INFO  main            d.u.i.k.p.r.p.TestFile    ... finished proof: closed. 
36045      INFO  main            d.u.i.k.p.i.AbstractProblemLoader Loading environment from /home/runner/work/key/key/key.core/../key.ui/examples/standard_key/strings/emptyStringLengthZero.key.proof 
36045      DEBUG main            d.u.i.k.p.i.AbstractProblemLoader Environment load took 131.6ns 
36047      INFO  main            d.u.i.k.p.i.AbstractProblemLoader Creating init config 
38548      DEBUG main            d.u.i.k.p.i.AbstractProblemLoader Init config took 2.5s 
38565      INFO  main            d.u.i.k.p.i.AbstractProblemLoader Replaying proof emptyStringLengthZero.key.proof 
38569      DEBUG main            d.u.i.k.p.i.IntermediateProofReplayer Proof replay took 2.71ms 
38570      DEBUG main            d.u.i.k.p.r.p.TestFile    ... success: reloaded. 
38571      INFO  main            d.u.i.k.p.r.p.TestFile    Now processing file /home/runner/work/key/key/key.core/../key.ui/examples/standard_key/strings/implicitBooleanStringConversion.key 
38571      INFO  main            d.u.i.k.p.i.AbstractProblemLoader Loading environment from /home/runner/work/key/key/key.core/../key.ui/examples/standard_key/strings/implicitBooleanStringConversion.key 
38571      DEBUG main            d.u.i.k.p.i.AbstractProblemLoader Environment load took 95.3ns 
38572      INFO  main            d.u.i.k.p.i.AbstractProblemLoader Creating init config 
41098      DEBUG main            d.u.i.k.p.i.AbstractProblemLoader Init config took 2.53s 
41117      INFO  main            d.u.i.k.p.i.AbstractProblemLoader Replaying proof implicitBooleanStringConversion.key 
41119      DEBUG main            d.u.i.k.p.i.IntermediateProofReplayer Proof replay took 5.8ns 
41927      INFO  main            d.u.i.k.p.r.p.TestFile    ... finished proof: closed. 
42116      INFO  main            d.u.i.k.p.i.AbstractProblemLoader Loading environment from /home/runner/work/key/key/key.core/../key.ui/examples/standard_key/strings/implicitBooleanStringConversion.key.proof 
42116      DEBUG main            d.u.i.k.p.i.AbstractProblemLoader Environment load took 354.61ns 
42118      INFO  main            d.u.i.k.p.i.AbstractProblemLoader Creating init config 
44630      DEBUG main            d.u.i.k.p.i.AbstractProblemLoader Init config took 2.51s 
44648      INFO  main            d.u.i.k.p.i.AbstractProblemLoader Replaying proof implicitBooleanStringConversion.key.proof 
44702      DEBUG main            d.u.i.k.p.i.IntermediateProofReplayer Proof replay took 48.34ms 
44703      DEBUG main            d.u.i.k.p.r.p.TestFile    ... success: reloaded. 
44704      INFO  main            d.u.i.k.p.r.p.TestFile    Now processing file /home/runner/work/key/key/key.core/../key.ui/examples/standard_key/strings/implicitBooleanStringConversion2.key 
44704      INFO  main            d.u.i.k.p.i.AbstractProblemLoader Loading environment from /home/runner/work/key/key/key.core/../key.ui/examples/standard_key/strings/implicitBooleanStringConversion2.key 
44704      DEBUG main            d.u.i.k.p.i.AbstractProblemLoader Environment load took 147.6ns 
44705      INFO  main            d.u.i.k.p.i.AbstractProblemLoader Creating init config 
47199      DEBUG main            d.u.i.k.p.i.AbstractProblemLoader Init config took 2.49s 
47217      INFO  main            d.u.i.k.p.i.AbstractProblemLoader Replaying proof implicitBooleanStringConversion2.key 
47219      DEBUG main            d.u.i.k.p.i.IntermediateProofReplayer Proof replay took 7.2ns 
47522      INFO  main            d.u.i.k.p.r.p.TestFile    ... finished proof: closed. 
47723      INFO  main            d.u.i.k.p.i.AbstractProblemLoader Loading environment from /home/runner/work/key/key/key.core/../key.ui/examples/standard_key/strings/implicitBooleanStringConversion2.key.proof 
47724      DEBUG main            d.u.i.k.p.i.AbstractProblemLoader Environment load took 139.2ns 
47725      INFO  main            d.u.i.k.p.i.AbstractProblemLoader Creating init config 
50213      DEBUG main            d.u.i.k.p.i.AbstractProblemLoader Init config took 2.49s 
50231      INFO  main            d.u.i.k.p.i.AbstractProblemLoader Replaying proof implicitBooleanStringConversion2.key.proof 
50253      DEBUG main            d.u.i.k.p.i.IntermediateProofReplayer Proof replay took 18.35ms 
50254      DEBUG main            d.u.i.k.p.r.p.TestFile    ... success: reloaded. 
50255      INFO  main            d.u.i.k.p.r.p.TestFile    Now processing file /home/runner/work/key/key/key.core/../key.ui/examples/standard_key/strings/implicitIntStringConversion.key 
50255      INFO  main            d.u.i.k.p.i.AbstractProblemLoader Loading environment from /home/runner/work/key/key/key.core/../key.ui/examples/standard_key/strings/implicitIntStringConversion.key 
50255      DEBUG main            d.u.i.k.p.i.AbstractProblemLoader Environment load took 186.8ns 
50256      INFO  main            d.u.i.k.p.i.AbstractProblemLoader Creating init config 
52695      DEBUG main            d.u.i.k.p.i.AbstractProblemLoader Init config took 2.44s 
52741      INFO  main            d.u.i.k.p.i.AbstractProblemLoader Replaying proof implicitIntStringConversion.key 
52743      DEBUG main            d.u.i.k.p.i.IntermediateProofReplayer Proof replay took 6ns 
53246      INFO  main            d.u.i.k.p.r.p.TestFile    ... finished proof: closed. 
53483      INFO  main            d.u.i.k.p.i.AbstractProblemLoader Loading environment from /home/runner/work/key/key/key.core/../key.ui/examples/standard_key/strings/implicitIntStringConversion.key.proof 
53483      DEBUG main            d.u.i.k.p.i.AbstractProblemLoader Environment load took 376.31ns 
53485      INFO  main            d.u.i.k.p.i.AbstractProblemLoader Creating init config 
55960      DEBUG main            d.u.i.k.p.i.AbstractProblemLoader Init config took 2.48s 
55979      INFO  main            d.u.i.k.p.i.AbstractProblemLoader Replaying proof implicitIntStringConversion.key.proof 
56022      DEBUG main            d.u.i.k.p.i.IntermediateProofReplayer Proof replay took 37.87ms 
56023      DEBUG main            d.u.i.k.p.r.p.TestFile    ... success: reloaded. 
56024      INFO  main            d.u.i.k.p.r.p.TestFile    Now processing file /home/runner/work/key/key/key.core/../key.ui/examples/standard_key/strings/implicitNullStringConversion.key 
56024      INFO  main            d.u.i.k.p.i.AbstractProblemLoader Loading environment from /home/runner/work/key/key/key.core/../key.ui/examples/standard_key/strings/implicitNullStringConversion.key 
56024      DEBUG main            d.u.i.k.p.i.AbstractProblemLoader Environment load took 162ns 
56025      INFO  main            d.u.i.k.p.i.AbstractProblemLoader Creating init config 
58489      DEBUG main            d.u.i.k.p.i.AbstractProblemLoader Init config took 2.46s 
58506      INFO  main            d.u.i.k.p.i.AbstractProblemLoader Replaying proof implicitNullStringConversion.key 
58508      DEBUG main            d.u.i.k.p.i.IntermediateProofReplayer Proof replay took 6.5ns 
58712      INFO  main            d.u.i.k.p.r.p.TestFile    ... finished proof: closed. 
58904      INFO  main            d.u.i.k.p.i.AbstractProblemLoader Loading environment from /home/runner/work/key/key/key.core/../key.ui/examples/standard_key/strings/implicitNullStringConversion.key.proof 
58904      DEBUG main            d.u.i.k.p.i.AbstractProblemLoader Environment load took 121ns 
58906      INFO  main            d.u.i.k.p.i.AbstractProblemLoader Creating init config 
61381      DEBUG main            d.u.i.k.p.i.AbstractProblemLoader Init config took 2.48s 
61398      INFO  main            d.u.i.k.p.i.AbstractProblemLoader Replaying proof implicitNullStringConversion.key.proof 
61418      DEBUG main            d.u.i.k.p.i.IntermediateProofReplayer Proof replay took 16.74ms 
61419      DEBUG main            d.u.i.k.p.r.p.TestFile    ... success: reloaded. 
61420      INFO  main            d.u.i.k.p.r.p.TestFile    Now processing file /home/runner/work/key/key/key.core/../key.ui/examples/standard_key/strings/implicitNullStringConversion2.key 
61420      INFO  main            d.u.i.k.p.i.AbstractProblemLoader Loading environment from /home/runner/work/key/key/key.core/../key.ui/examples/standard_key/strings/implicitNullStringConversion2.key 
61420      DEBUG main            d.u.i.k.p.i.AbstractProblemLoader Environment load took 182.7ns 
61421      INFO  main            d.u.i.k.p.i.AbstractProblemLoader Creating init config 
63847      DEBUG main            d.u.i.k.p.i.AbstractProblemLoader Init config took 2.43s 
63864      INFO  main            d.u.i.k.p.i.AbstractProblemLoader Replaying proof implicitNullStringConversion2.key 
63865      DEBUG main            d.u.i.k.p.i.IntermediateProofReplayer Proof replay took 5.6ns 
64068      INFO  main            d.u.i.k.p.r.p.TestFile    ... finished proof: closed. 
64252      INFO  main            d.u.i.k.p.i.AbstractProblemLoader Loading environment from /home/runner/work/key/key/key.core/../key.ui/examples/standard_key/strings/implicitNullStringConversion2.key.proof 
64252      DEBUG main            d.u.i.k.p.i.AbstractProblemLoader Environment load took 134.7ns 
64254      INFO  main            d.u.i.k.p.i.AbstractProblemLoader Creating init config 
66721      DEBUG main            d.u.i.k.p.i.AbstractProblemLoader Init config took 2.47s 
66739      INFO  main            d.u.i.k.p.i.AbstractProblemLoader Replaying proof implicitNullStringConversion2.key.proof 
66755      DEBUG main            d.u.i.k.p.i.IntermediateProofReplayer Proof replay took 12.47ms 
66756      DEBUG main            d.u.i.k.p.r.p.TestFile    ... success: reloaded. 
66756      INFO  main            d.u.i.k.p.r.p.TestFile    Now processing file /home/runner/work/key/key/key.core/../key.ui/examples/standard_key/strings/implicitObjectStringConversion.key 
66757      INFO  main            d.u.i.k.p.i.AbstractProblemLoader Loading environment from /home/runner/work/key/key/key.core/../key.ui/examples/standard_key/strings/implicitObjectStringConversion.key 
66757      DEBUG main            d.u.i.k.p.i.AbstractProblemLoader Environment load took 201.6ns 
66758      INFO  main            d.u.i.k.p.i.AbstractProblemLoader Creating init config 
69389      DEBUG main            d.u.i.k.p.i.AbstractProblemLoader Init config took 2.63s 
69406      INFO  main            d.u.i.k.p.i.AbstractProblemLoader Replaying proof implicitObjectStringConversion.key 
69407      DEBUG main            d.u.i.k.p.i.IntermediateProofReplayer Proof replay took 6.7ns 
70015      INFO  main            d.u.i.k.p.r.p.TestFile    ... finished proof: closed. 
70248      INFO  main            d.u.i.k.p.i.AbstractProblemLoader Loading environment from /home/runner/work/key/key/key.core/../key.ui/examples/standard_key/strings/implicitObjectStringConversion.key.proof 
70249      DEBUG main            d.u.i.k.p.i.AbstractProblemLoader Environment load took 1.08ms 
70251      INFO  main            d.u.i.k.p.i.AbstractProblemLoader Creating init config 
72902      DEBUG main            d.u.i.k.p.i.AbstractProblemLoader Init config took 2.65s 
72922      INFO  main            d.u.i.k.p.i.AbstractProblemLoader Replaying proof implicitObjectStringConversion.key.proof 
72962      DEBUG main            d.u.i.k.p.i.IntermediateProofReplayer Proof replay took 35.99ms 
72963      DEBUG main            d.u.i.k.p.r.p.TestFile    ... success: reloaded. 
72964      INFO  main            d.u.i.k.p.r.p.TestFile    Now processing file /home/runner/work/key/key/key.core/../key.ui/examples/standard_key/strings/literalEquality.key 
72964      INFO  main            d.u.i.k.p.i.AbstractProblemLoader Loading environment from /home/runner/work/key/key/key.core/../key.ui/examples/standard_key/strings/literalEquality.key 
72964      DEBUG main            d.u.i.k.p.i.AbstractProblemLoader Environment load took 92.2ns 
72965      INFO  main            d.u.i.k.p.i.AbstractProblemLoader Creating init config 
75396      DEBUG main            d.u.i.k.p.i.AbstractProblemLoader Init config took 2.43s 
75411      INFO  main            d.u.i.k.p.i.AbstractProblemLoader Replaying proof literalEquality.key 
75413      DEBUG main            d.u.i.k.p.i.IntermediateProofReplayer Proof replay took 6.3ns 
75515      INFO  main            d.u.i.k.p.r.p.TestFile    ... finished proof: closed. 
75711      INFO  main            d.u.i.k.p.i.AbstractProblemLoader Loading environment from /home/runner/work/key/key/key.core/../key.ui/examples/standard_key/strings/literalEquality.key.proof 
75711      DEBUG main            d.u.i.k.p.i.AbstractProblemLoader Environment load took 117.6ns 
75713      INFO  main            d.u.i.k.p.i.AbstractProblemLoader Creating init config 
78130      DEBUG main            d.u.i.k.p.i.AbstractProblemLoader Init config took 2.42s 
78144      INFO  main            d.u.i.k.p.i.AbstractProblemLoader Replaying proof literalEquality.key.proof 
78148      DEBUG main            d.u.i.k.p.i.IntermediateProofReplayer Proof replay took 1.88ms 
78149      DEBUG main            d.u.i.k.p.r.p.TestFile    ... success: reloaded. 
78149      INFO  main            d.u.i.k.p.r.p.TestFile    Now processing file /home/runner/work/key/key/key.core/../key.ui/examples/standard_key/strings/replace0.key 
78150      INFO  main            d.u.i.k.p.i.AbstractProblemLoader Loading environment from /home/runner/work/key/key/key.core/../key.ui/examples/standard_key/strings/replace0.key 
78150      DEBUG main            d.u.i.k.p.i.AbstractProblemLoader Environment load took 91.1ns 
78151      INFO  main            d.u.i.k.p.i.AbstractProblemLoader Creating init config 
80628      DEBUG main            d.u.i.k.p.i.AbstractProblemLoader Init config took 2.48s 
80658      INFO  main            d.u.i.k.p.i.AbstractProblemLoader Replaying proof replace0.key 
80660      DEBUG main            d.u.i.k.p.i.IntermediateProofReplayer Proof replay took 6.5ns 
80763      INFO  main            d.u.i.k.p.r.p.TestFile    ... finished proof: closed. 
80955      INFO  main            d.u.i.k.p.i.AbstractProblemLoader Loading environment from /home/runner/work/key/key/key.core/../key.ui/examples/standard_key/strings/replace0.key.proof 
80955      DEBUG main            d.u.i.k.p.i.AbstractProblemLoader Environment load took 120.5ns 
80956      INFO  main            d.u.i.k.p.i.AbstractProblemLoader Creating init config 
83354      DEBUG main            d.u.i.k.p.i.AbstractProblemLoader Init config took 2.4s 
83368      INFO  main            d.u.i.k.p.i.AbstractProblemLoader Replaying proof replace0.key.proof 
83372      DEBUG main            d.u.i.k.p.i.IntermediateProofReplayer Proof replay took 2.22ms 
83373      DEBUG main            d.u.i.k.p.r.p.TestFile    ... success: reloaded. 
83374      INFO  main            d.u.i.k.p.r.p.TestFile    Now processing file /home/runner/work/key/key/key.core/../key.ui/examples/standard_key/strings/replace1.key 
83374      INFO  main            d.u.i.k.p.i.AbstractProblemLoader Loading environment from /home/runner/work/key/key/key.core/../key.ui/examples/standard_key/strings/replace1.key 
83374      DEBUG main            d.u.i.k.p.i.AbstractProblemLoader Environment load took 90.2ns 
83375      INFO  main            d.u.i.k.p.i.AbstractProblemLoader Creating init config 
85856      DEBUG main            d.u.i.k.p.i.AbstractProblemLoader Init config took 2.48s 
85871      INFO  main            d.u.i.k.p.i.AbstractProblemLoader Replaying proof replace1.key 
85874      DEBUG main            d.u.i.k.p.i.IntermediateProofReplayer Proof replay took 6.6ns 
85976      INFO  main            d.u.i.k.p.r.p.TestFile    ... finished proof: closed. 
86179      INFO  main            d.u.i.k.p.i.AbstractProblemLoader Loading environment from /home/runner/work/key/key/key.core/../key.ui/examples/standard_key/strings/replace1.key.proof 
86179      DEBUG main            d.u.i.k.p.i.AbstractProblemLoader Environment load took 116.5ns 
86180      INFO  main            d.u.i.k.p.i.AbstractProblemLoader Creating init config 
88579      DEBUG main            d.u.i.k.p.i.AbstractProblemLoader Init config took 2.4s 
88593      INFO  main            d.u.i.k.p.i.AbstractProblemLoader Replaying proof replace1.key.proof 
88600      DEBUG main            d.u.i.k.p.i.IntermediateProofReplayer Proof replay took 5.36ms 
88601      DEBUG main            d.u.i.k.p.r.p.TestFile    ... success: reloaded. 
88601      INFO  main            d.u.i.k.p.r.p.TestFile    Now processing file /home/runner/work/key/key/key.core/../key.ui/examples/standard_key/strings/simpleAssignment.key 
88602      INFO  main            d.u.i.k.p.i.AbstractProblemLoader Loading environment from /home/runner/work/key/key/key.core/../key.ui/examples/standard_key/strings/simpleAssignment.key 
88602      DEBUG main            d.u.i.k.p.i.AbstractProblemLoader Environment load took 219.5ns 
88603      INFO  main            d.u.i.k.p.i.AbstractProblemLoader Creating init config 
91081      DEBUG main            d.u.i.k.p.i.AbstractProblemLoader Init config took 2.48s 
91095      INFO  main            d.u.i.k.p.i.AbstractProblemLoader Replaying proof simpleAssignment.key 
91096      DEBUG main            d.u.i.k.p.i.IntermediateProofReplayer Proof replay took 6.9ns 
91199      INFO  main            d.u.i.k.p.r.p.TestFile    ... finished proof: closed. 
91403      INFO  main            d.u.i.k.p.i.AbstractProblemLoader Loading environment from /home/runner/work/key/key/key.core/../key.ui/examples/standard_key/strings/simpleAssignment.key.proof 
91403      DEBUG main            d.u.i.k.p.i.AbstractProblemLoader Environment load took 127.1ns 
91404      INFO  main            d.u.i.k.p.i.AbstractProblemLoader Creating init config 
93811      DEBUG main            d.u.i.k.p.i.AbstractProblemLoader Init config took 2.41s 
93827      INFO  main            d.u.i.k.p.i.AbstractProblemLoader Replaying proof simpleAssignment.key.proof 
93832      DEBUG main            d.u.i.k.p.i.IntermediateProofReplayer Proof replay took 1.15ms 
93833      DEBUG main            d.u.i.k.p.r.p.TestFile    ... success: reloaded. 
93834      INFO  main            d.u.i.k.p.r.p.TestFile    Now processing file /home/runner/work/key/key/key.core/../key.ui/examples/standard_key/strings/simpleLengthComp.key 
93834      INFO  main            d.u.i.k.p.i.AbstractProblemLoader Loading environment from /home/runner/work/key/key/key.core/../key.ui/examples/standard_key/strings/simpleLengthComp.key 
93834      DEBUG main            d.u.i.k.p.i.AbstractProblemLoader Environment load took 95.8ns 
93835      INFO  main            d.u.i.k.p.i.AbstractProblemLoader Creating init config 
96306      DEBUG main            d.u.i.k.p.i.AbstractProblemLoader Init config took 2.47s 
96321      INFO  main            d.u.i.k.p.i.AbstractProblemLoader Replaying proof simpleLengthComp.key 
96324      DEBUG main            d.u.i.k.p.i.IntermediateProofReplayer Proof replay took 6.2ns 
96528      INFO  main            d.u.i.k.p.r.p.TestFile    ... finished proof: closed. 
96745      INFO  main            d.u.i.k.p.i.AbstractProblemLoader Loading environment from /home/runner/work/key/key/key.core/../key.ui/examples/standard_key/strings/simpleLengthComp.key.proof 
96745      DEBUG main            d.u.i.k.p.i.AbstractProblemLoader Environment load took 137.2ns 
96747      INFO  main            d.u.i.k.p.i.AbstractProblemLoader Creating init config 
99164      DEBUG main            d.u.i.k.p.i.AbstractProblemLoader Init config took 2.42s 
99180      INFO  main            d.u.i.k.p.i.AbstractProblemLoader Replaying proof simpleLengthComp.key.proof 
99208      DEBUG main            d.u.i.k.p.i.IntermediateProofReplayer Proof replay took 25.93ms 
99209      DEBUG main            d.u.i.k.p.r.p.TestFile    ... success: reloaded. 
99210      INFO  main            d.u.i.k.p.r.p.TestFile    Now processing file /home/runner/work/key/key/key.core/../key.ui/examples/standard_key/strings/stringCompileTimeConstant1.key 
99210      INFO  main            d.u.i.k.p.i.AbstractProblemLoader Loading environment from /home/runner/work/key/key/key.core/../key.ui/examples/standard_key/strings/stringCompileTimeConstant1.key 
99211      DEBUG main            d.u.i.k.p.i.AbstractProblemLoader Environment load took 179.5ns 
99212      INFO  main            d.u.i.k.p.i.AbstractProblemLoader Creating init config 
101692     DEBUG main            d.u.i.k.p.i.AbstractProblemLoader Init config took 2.48s 
101707     INFO  main            d.u.i.k.p.i.AbstractProblemLoader Replaying proof stringCompileTimeConstant1.key 
101708     DEBUG main            d.u.i.k.p.i.IntermediateProofReplayer Proof replay took 6.6ns 
101810     INFO  main            d.u.i.k.p.r.p.TestFile    ... finished proof: closed. 
102076     INFO  main            d.u.i.k.p.i.AbstractProblemLoader Loading environment from /home/runner/work/key/key/key.core/../key.ui/examples/standard_key/strings/stringCompileTimeConstant1.key.proof 
102076     DEBUG main            d.u.i.k.p.i.AbstractProblemLoader Environment load took 108.3ns 
102077     INFO  main            d.u.i.k.p.i.AbstractProblemLoader Creating init config 
104470     DEBUG main            d.u.i.k.p.i.AbstractProblemLoader Init config took 2.39s 
104485     INFO  main            d.u.i.k.p.i.AbstractProblemLoader Replaying proof stringCompileTimeConstant1.key.proof 
104492     DEBUG main            d.u.i.k.p.i.IntermediateProofReplayer Proof replay took 4.7ms 
104493     DEBUG main            d.u.i.k.p.r.p.TestFile    ... success: reloaded. 
104493     INFO  main            d.u.i.k.p.r.p.TestFile    Now processing file /home/runner/work/key/key/key.core/../key.ui/examples/standard_key/strings/stringCompileTimeConstant2.key 
104494     INFO  main            d.u.i.k.p.i.AbstractProblemLoader Loading environment from /home/runner/work/key/key/key.core/../key.ui/examples/standard_key/strings/stringCompileTimeConstant2.key 
104494     DEBUG main            d.u.i.k.p.i.AbstractProblemLoader Environment load took 165.3ns 
104495     INFO  main            d.u.i.k.p.i.AbstractProblemLoader Creating init config 
107123     DEBUG main            d.u.i.k.p.i.AbstractProblemLoader Init config took 2.63s 
107144     INFO  main            d.u.i.k.p.i.AbstractProblemLoader Replaying proof stringCompileTimeConstant2.key 
107147     DEBUG main            d.u.i.k.p.i.IntermediateProofReplayer Proof replay took 7.9ns 
109559     INFO  main            d.u.i.k.p.r.p.TestFile    ... finished proof: closed. 
109850     INFO  main            d.u.i.k.p.i.AbstractProblemLoader Loading environment from /home/runner/work/key/key/key.core/../key.ui/examples/standard_key/strings/stringCompileTimeConstant2.key.proof 
109850     DEBUG main            d.u.i.k.p.i.AbstractProblemLoader Environment load took 349.41ns 
109852     INFO  main            d.u.i.k.p.i.AbstractProblemLoader Creating init config 
112414     DEBUG main            d.u.i.k.p.i.AbstractProblemLoader Init config took 2.56s 
112429     INFO  main            d.u.i.k.p.i.AbstractProblemLoader Replaying proof stringCompileTimeConstant2.key.proof 
112642     DEBUG main            d.u.i.k.p.i.IntermediateProofReplayer Proof replay took 200.63ms 
112643     DEBUG main            d.u.i.k.p.r.p.TestFile    ... success: reloaded. 
112644     INFO  main            d.u.i.k.p.r.p.TestFile    Now processing file /home/runner/work/key/key/key.core/../key.ui/examples/standard_key/strings/stringEquality1.key 
112644     INFO  main            d.u.i.k.p.i.AbstractProblemLoader Loading environment from /home/runner/work/key/key/key.core/../key.ui/examples/standard_key/strings/stringEquality1.key 
112645     DEBUG main            d.u.i.k.p.i.AbstractProblemLoader Environment load took 180.5ns 
112646     INFO  main            d.u.i.k.p.i.AbstractProblemLoader Creating init config 
115096     DEBUG main            d.u.i.k.p.i.AbstractProblemLoader Init config took 2.45s 
115110     INFO  main            d.u.i.k.p.i.AbstractProblemLoader Replaying proof stringEquality1.key 
115111     DEBUG main            d.u.i.k.p.i.IntermediateProofReplayer Proof replay took 6.5ns 
115213     INFO  main            d.u.i.k.p.r.p.TestFile    ... finished proof: closed. 
115483     INFO  main            d.u.i.k.p.i.AbstractProblemLoader Loading environment from /home/runner/work/key/key/key.core/../key.ui/examples/standard_key/strings/stringEquality1.key.proof 
115483     DEBUG main            d.u.i.k.p.i.AbstractProblemLoader Environment load took 117.9ns 
115484     INFO  main            d.u.i.k.p.i.AbstractProblemLoader Creating init config 
117872     DEBUG main            d.u.i.k.p.i.AbstractProblemLoader Init config took 2.39s 
117885     INFO  main            d.u.i.k.p.i.AbstractProblemLoader Replaying proof stringEquality1.key.proof 
117893     DEBUG main            d.u.i.k.p.i.IntermediateProofReplayer Proof replay took 5.47ms 
117893     DEBUG main            d.u.i.k.p.r.p.TestFile    ... success: reloaded. 
117894     INFO  main            d.u.i.k.p.r.p.TestFile    Now processing file /home/runner/work/key/key/key.core/../key.ui/examples/standard_key/strings/stringEquality2.key 
117894     INFO  main            d.u.i.k.p.i.AbstractProblemLoader Loading environment from /home/runner/work/key/key/key.core/../key.ui/examples/standard_key/strings/stringEquality2.key 
117895     DEBUG main            d.u.i.k.p.i.AbstractProblemLoader Environment load took 165.1ns 
117896     INFO  main            d.u.i.k.p.i.AbstractProblemLoader Creating init config 
120326     DEBUG main            d.u.i.k.p.i.AbstractProblemLoader Init config took 2.43s 
120339     INFO  main            d.u.i.k.p.i.AbstractProblemLoader Replaying proof stringEquality2.key 
120340     DEBUG main            d.u.i.k.p.i.IntermediateProofReplayer Proof replay took 6.1ns 
120743     INFO  main            d.u.i.k.p.r.p.TestFile    ... finished proof: closed. 
121023     INFO  main            d.u.i.k.p.i.AbstractProblemLoader Loading environment from /home/runner/work/key/key/key.core/../key.ui/examples/standard_key/strings/stringEquality2.key.proof 
121023     DEBUG main            d.u.i.k.p.i.AbstractProblemLoader Environment load took 367.31ns 
121025     INFO  main            d.u.i.k.p.i.AbstractProblemLoader Creating init config 
123396     DEBUG main            d.u.i.k.p.i.AbstractProblemLoader Init config took 2.37s 
123409     INFO  main            d.u.i.k.p.i.AbstractProblemLoader Replaying proof stringEquality2.key.proof 
123431     DEBUG main            d.u.i.k.p.i.IntermediateProofReplayer Proof replay took 16.71ms 
123432     DEBUG main            d.u.i.k.p.r.p.TestFile    ... success: reloaded. 
123432     INFO  main            d.u.i.k.p.r.p.TestFile    Now processing file /home/runner/work/key/key/key.core/../key.ui/examples/standard_key/strings/substring0.key 
123433     INFO  main            d.u.i.k.p.i.AbstractProblemLoader Loading environment from /home/runner/work/key/key/key.core/../key.ui/examples/standard_key/strings/substring0.key 
123433     DEBUG main            d.u.i.k.p.i.AbstractProblemLoader Environment load took 72.5ns 
123433     INFO  main            d.u.i.k.p.i.AbstractProblemLoader Creating init config 
125852     DEBUG main            d.u.i.k.p.i.AbstractProblemLoader Init config took 2.42s 
125866     INFO  main            d.u.i.k.p.i.AbstractProblemLoader Replaying proof substring0.key 
125867     DEBUG main            d.u.i.k.p.i.IntermediateProofReplayer Proof replay took 7.6ns 
125973     INFO  main            d.u.i.k.p.r.p.TestFile    ... finished proof: closed. 
126222     INFO  main            d.u.i.k.p.i.AbstractProblemLoader Loading environment from /home/runner/work/key/key/key.core/../key.ui/examples/standard_key/strings/substring0.key.proof 
126222     DEBUG main            d.u.i.k.p.i.AbstractProblemLoader Environment load took 107.3ns 
126224     INFO  main            d.u.i.k.p.i.AbstractProblemLoader Creating init config 
128584     DEBUG main            d.u.i.k.p.i.AbstractProblemLoader Init config took 2.36s 
128599     INFO  main            d.u.i.k.p.i.AbstractProblemLoader Replaying proof substring0.key.proof 
128600     DEBUG main            d.u.i.k.p.i.IntermediateProofReplayer Proof replay took 388.91ns 
128601     DEBUG main            d.u.i.k.p.r.p.TestFile    ... success: reloaded. 
128602     INFO  main            d.u.i.k.p.r.p.TestFile    Now processing file /home/runner/work/key/key/key.core/../key.ui/examples/standard_key/strings/substring1.key 
128602     INFO  main            d.u.i.k.p.i.AbstractProblemLoader Loading environment from /home/runner/work/key/key/key.core/../key.ui/examples/standard_key/strings/substring1.key 
128602     DEBUG main            d.u.i.k.p.i.AbstractProblemLoader Environment load took 56.4ns 
128603     INFO  main            d.u.i.k.p.i.AbstractProblemLoader Creating init config 
131031     DEBUG main            d.u.i.k.p.i.AbstractProblemLoader Init config took 2.43s 
131045     INFO  main            d.u.i.k.p.i.AbstractProblemLoader Replaying proof substring1.key 
131046     DEBUG main            d.u.i.k.p.i.IntermediateProofReplayer Proof replay took 6.3ns 
131148     INFO  main            d.u.i.k.p.r.p.TestFile    ... finished proof: closed. 
131389     INFO  main            d.u.i.k.p.i.AbstractProblemLoader Loading environment from /home/runner/work/key/key/key.core/../key.ui/examples/standard_key/strings/substring1.key.proof 
131389     DEBUG main            d.u.i.k.p.i.AbstractProblemLoader Environment load took 103.6ns 
131390     INFO  main            d.u.i.k.p.i.AbstractProblemLoader Creating init config 
133758     DEBUG main            d.u.i.k.p.i.AbstractProblemLoader Init config took 2.37s 
133771     INFO  main            d.u.i.k.p.i.AbstractProblemLoader Replaying proof substring1.key.proof 
133773     DEBUG main            d.u.i.k.p.i.IntermediateProofReplayer Proof replay took 388.41ns 
133774     DEBUG main            d.u.i.k.p.r.p.TestFile    ... success: reloaded. 
133774     INFO  main            d.u.i.k.p.r.p.TestFile    Now processing file /home/runner/work/key/key/key.core/../key.ui/examples/standard_key/strings/substring2.key 
133774     INFO  main            d.u.i.k.p.i.AbstractProblemLoader Loading environment from /home/runner/work/key/key/key.core/../key.ui/examples/standard_key/strings/substring2.key 
133774     DEBUG main            d.u.i.k.p.i.AbstractProblemLoader Environment load took 66.1ns 
133775     INFO  main            d.u.i.k.p.i.AbstractProblemLoader Creating init config 
136235     DEBUG main            d.u.i.k.p.i.AbstractProblemLoader Init config took 2.46s 
136248     INFO  main            d.u.i.k.p.i.AbstractProblemLoader Replaying proof substring2.key 
136249     DEBUG main            d.u.i.k.p.i.IntermediateProofReplayer Proof replay took 7.6ns 
136351     INFO  main            d.u.i.k.p.r.p.TestFile    ... finished proof: closed. 
136599     INFO  main            d.u.i.k.p.i.AbstractProblemLoader Loading environment from /home/runner/work/key/key/key.core/../key.ui/examples/standard_key/strings/substring2.key.proof 
136599     DEBUG main            d.u.i.k.p.i.AbstractProblemLoader Environment load took 105.5ns 
136600     INFO  main            d.u.i.k.p.i.AbstractProblemLoader Creating init config 
138972     DEBUG main            d.u.i.k.p.i.AbstractProblemLoader Init config took 2.37s 
138986     INFO  main            d.u.i.k.p.i.AbstractProblemLoader Replaying proof substring2.key.proof 
138989     DEBUG main            d.u.i.k.p.i.IntermediateProofReplayer Proof replay took 1.02ms 
138990     DEBUG main            d.u.i.k.p.r.p.TestFile    ... success: reloaded. 
138992     INFO  main            d.u.i.k.p.r.p.TestFile    Now processing file /home/runner/work/key/key/key.core/../key.ui/examples/standard_key/strings/substring3.key 
138992     INFO  main            d.u.i.k.p.i.AbstractProblemLoader Loading environment from /home/runner/work/key/key/key.core/../key.ui/examples/standard_key/strings/substring3.key 
138992     DEBUG main            d.u.i.k.p.i.AbstractProblemLoader Environment load took 159.6ns 
138993     INFO  main            d.u.i.k.p.i.AbstractProblemLoader Creating init config 
141452     DEBUG main            d.u.i.k.p.i.AbstractProblemLoader Init config took 2.46s 
141466     INFO  main            d.u.i.k.p.i.AbstractProblemLoader Replaying proof substring3.key 
141467     DEBUG main            d.u.i.k.p.i.IntermediateProofReplayer Proof replay took 18.4ns 
141569     INFO  main            d.u.i.k.p.r.p.TestFile    ... finished proof: closed. 
141818     INFO  main            d.u.i.k.p.i.AbstractProblemLoader Loading environment from /home/runner/work/key/key/key.core/../key.ui/examples/standard_key/strings/substring3.key.proof 
141818     DEBUG main            d.u.i.k.p.i.AbstractProblemLoader Environment load took 107.2ns 
141819     INFO  main            d.u.i.k.p.i.AbstractProblemLoader Creating init config 
144187     DEBUG main            d.u.i.k.p.i.AbstractProblemLoader Init config took 2.37s 
144200     INFO  main            d.u.i.k.p.i.AbstractProblemLoader Replaying proof substring3.key.proof 
144203     DEBUG main            d.u.i.k.p.i.IntermediateProofReplayer Proof replay took 1.52ms 
144204     DEBUG main            d.u.i.k.p.r.p.TestFile    ... success: reloaded. 
144205     INFO  main            d.u.i.k.p.r.p.TestFile    Now processing file /home/runner/work/key/key/key.core/../key.ui/examples/standard_key/strings/substring4.key 
144205     INFO  main            d.u.i.k.p.i.AbstractProblemLoader Loading environment from /home/runner/work/key/key/key.core/../key.ui/examples/standard_key/strings/substring4.key 
144205     DEBUG main            d.u.i.k.p.i.AbstractProblemLoader Environment load took 188.5ns 
144206     INFO  main            d.u.i.k.p.i.AbstractProblemLoader Creating init config 
146658     DEBUG main            d.u.i.k.p.i.AbstractProblemLoader Init config took 2.45s 
146671     INFO  main            d.u.i.k.p.i.AbstractProblemLoader Replaying proof substring4.key 
146674     DEBUG main            d.u.i.k.p.i.IntermediateProofReplayer Proof replay took 8ns 
146776     INFO  main            d.u.i.k.p.r.p.TestFile    ... finished proof: closed. 
147033     INFO  main            d.u.i.k.p.i.AbstractProblemLoader Loading environment from /home/runner/work/key/key/key.core/../key.ui/examples/standard_key/strings/substring4.key.proof 
147033     DEBUG main            d.u.i.k.p.i.AbstractProblemLoader Environment load took 102.2ns 
147034     INFO  main            d.u.i.k.p.i.AbstractProblemLoader Creating init config 
149413     DEBUG main            d.u.i.k.p.i.AbstractProblemLoader Init config took 2.38s 
149427     INFO  main            d.u.i.k.p.i.AbstractProblemLoader Replaying proof substring4.key.proof 
149432     DEBUG main            d.u.i.k.p.i.IntermediateProofReplayer Proof replay took 1.88ms 
149432     DEBUG main            d.u.i.k.p.r.p.TestFile    ... success: reloaded. 
149434     INFO  main            d.u.i.k.p.r.p.TestFile    Now processing file /home/runner/work/key/key/key.core/../key.ui/examples/standard_key/strings/substring5.key 
149434     INFO  main            d.u.i.k.p.i.AbstractProblemLoader Loading environment from /home/runner/work/key/key/key.core/../key.ui/examples/standard_key/strings/substring5.key 
149434     DEBUG main            d.u.i.k.p.i.AbstractProblemLoader Environment load took 84.2ns 
149435     INFO  main            d.u.i.k.p.i.AbstractProblemLoader Creating init config 
151843     DEBUG main            d.u.i.k.p.i.AbstractProblemLoader Init config took 2.41s 
151857     INFO  main            d.u.i.k.p.i.AbstractProblemLoader Replaying proof substring5.key 
151858     DEBUG main            d.u.i.k.p.i.IntermediateProofReplayer Proof replay took 7.3ns 
152060     INFO  main            d.u.i.k.p.r.p.TestFile    ... finished proof: closed. 
152340     INFO  main            d.u.i.k.p.i.AbstractProblemLoader Loading environment from /home/runner/work/key/key/key.core/../key.ui/examples/standard_key/strings/substring5.key.proof 
152340     DEBUG main            d.u.i.k.p.i.AbstractProblemLoader Environment load took 101.8ns 
152341     INFO  main            d.u.i.k.p.i.AbstractProblemLoader Creating init config 
154705     DEBUG main            d.u.i.k.p.i.AbstractProblemLoader Init config took 2.36s 
154718     INFO  main            d.u.i.k.p.i.AbstractProblemLoader Replaying proof substring5.key.proof 
154735     DEBUG main            d.u.i.k.p.i.IntermediateProofReplayer Proof replay took 13.39ms 
154736     DEBUG main            d.u.i.k.p.r.p.TestFile    ... success: reloaded. 
3841705    INFO  Test worker     d.u.i.k.p.r.RunAllProofsTestUnit Returning from test strings 
3841706    INFO  Test worker     d.u.i.k.p.r.RunAllProofsTestUnit Running test simple_info_flow 
315        INFO  Timeout watchdog d.u.i.k.p.r.p.ForkedTestFileRunner Timeout watcher launched (2000 secs.) 
326        WARN  main            d.u.i.k.s.ProofSettings   The settings in /home/runner/.key/proof-settings.props are *not* read. 
363        INFO  main            d.u.i.k.p.r.p.TestFile    Now processing file /home/runner/work/key/key/key.core/../key.ui/examples/heap/information_flow/UpdateAbstraction_ex7_1_insecure.key 
500        INFO  main            d.u.i.k.p.i.AbstractProblemLoader Loading environment from /home/runner/work/key/key/key.core/../key.ui/examples/heap/information_flow/UpdateAbstraction_ex7_1_insecure.key 
516        DEBUG main            d.u.i.k.p.i.AbstractProblemLoader Environment load took 2.12ms 
727        INFO  main            d.u.i.k.p.i.AbstractProblemLoader Creating init config 
1650       DEBUG main            d.u.i.k.j.TypeConverter   No LDT found for Meta 
1651       DEBUG main            d.u.i.k.j.TypeConverter   No LDT found for Meta 
1653       DEBUG main            d.u.i.k.j.TypeConverter   No LDT found for Meta 
1654       DEBUG main            d.u.i.k.j.TypeConverter   No LDT found for Meta 
2955       DEBUG main            d.u.i.k.j.TypeConverter   No LDT found for JavaBigintExpression 
8594       DEBUG main            d.u.i.k.p.i.AbstractProblemLoader Init config took 7.87s 
8730       INFO  main            d.u.i.k.p.i.AbstractProblemLoader Replaying proof UpdateAbstraction[UpdateAbstraction::ex7_1_insecure()].JML operation contract.0 
8797       DEBUG main            d.u.i.k.p.i.IntermediateProofReplayer Proof replay took 39.7ns 
9433       INFO  main            d.u.i.k.p.r.p.TestFile    ... finished proof: open goal(s) 
9547       INFO  main            d.u.i.k.p.r.p.TestFile    Now processing file /home/runner/work/key/key/key.core/../key.ui/examples/heap/information_flow/UpdateAbstraction_ex7_2_insecure.key 
9548       INFO  main            d.u.i.k.p.i.AbstractProblemLoader Loading environment from /home/runner/work/key/key/key.core/../key.ui/examples/heap/information_flow/UpdateAbstraction_ex7_2_insecure.key 
9548       DEBUG main            d.u.i.k.p.i.AbstractProblemLoader Environment load took 276.31ns 
9550       INFO  main            d.u.i.k.p.i.AbstractProblemLoader Creating init config 
12628      DEBUG main            d.u.i.k.p.i.AbstractProblemLoader Init config took 3.08s 
12693      INFO  main            d.u.i.k.p.i.AbstractProblemLoader Replaying proof UpdateAbstraction[UpdateAbstraction::ex7_2_insecure()].JML operation contract.0 
12695      DEBUG main            d.u.i.k.p.i.IntermediateProofReplayer Proof replay took 5.8ns 
13002      INFO  main            d.u.i.k.p.r.p.TestFile    ... finished proof: open goal(s) 
3854997    INFO  Test worker     d.u.i.k.p.r.RunAllProofsTestUnit Returning from test simple_info_flow 
3854998    INFO  Test worker     d.u.i.k.p.r.RunAllProofsTestUnit Running test modelMethods 
381        INFO  Timeout watchdog d.u.i.k.p.r.p.ForkedTestFileRunner Timeout watcher launched (2000 secs.) 
398        WARN  main            d.u.i.k.s.ProofSettings   The settings in /home/runner/.key/proof-settings.props are *not* read. 
446        INFO  main            d.u.i.k.p.r.p.TestFile    Now processing file /home/runner/work/key/key/key.core/../key.ui/examples/heap/model_methods/Cell_footprint_acc.key 
563        INFO  main            d.u.i.k.p.i.AbstractProblemLoader Loading environment from /home/runner/work/key/key/key.core/../key.ui/examples/heap/model_methods/Cell_footprint_acc.key 
579        DEBUG main            d.u.i.k.p.i.AbstractProblemLoader Environment load took 2.13ms 
796        INFO  main            d.u.i.k.p.i.AbstractProblemLoader Creating init config 
1684       DEBUG main            d.u.i.k.j.TypeConverter   No LDT found for Meta 
1684       DEBUG main            d.u.i.k.j.TypeConverter   No LDT found for Meta 
1686       DEBUG main            d.u.i.k.j.TypeConverter   No LDT found for Meta 
1686       DEBUG main            d.u.i.k.j.TypeConverter   No LDT found for Meta 
3153       DEBUG main            d.u.i.k.j.TypeConverter   No LDT found for JavaBigintExpression 
8149       DEBUG main            d.u.i.k.p.i.AbstractProblemLoader Init config took 7.35s 
8334       INFO  main            d.u.i.k.p.i.AbstractProblemLoader Replaying proof Cell[Cell::footprint()].JML accessible clause.0 
8370       DEBUG main            d.u.i.k.p.i.IntermediateProofReplayer Proof replay took 29.8ns 
8728       INFO  main            d.u.i.k.p.r.p.TestFile    ... finished proof: closed. 
8869       INFO  main            d.u.i.k.p.i.AbstractProblemLoader Loading environment from /home/runner/work/key/key/key.core/../key.ui/examples/heap/model_methods/Cell_footprint_acc.key.proof 
8869       DEBUG main            d.u.i.k.p.i.AbstractProblemLoader Environment load took 479.01ns 
8871       INFO  main            d.u.i.k.p.i.AbstractProblemLoader Creating init config 
11772      DEBUG main            d.u.i.k.p.i.AbstractProblemLoader Init config took 2.9s 
11840      INFO  main            d.u.i.k.p.i.AbstractProblemLoader Replaying proof Cell[Cell::footprint()].JML accessible clause.0 
11860      DEBUG main            d.u.i.k.p.i.IntermediateProofReplayer Proof replay took 15.73ms 
11866      DEBUG main            d.u.i.k.p.r.p.TestFile    ... success: reloaded. 
11868      INFO  main            d.u.i.k.p.r.p.TestFile    Now processing file /home/runner/work/key/key/key.core/../key.ui/examples/heap/model_methods/Cell_footprint.key 
11869      INFO  main            d.u.i.k.p.i.AbstractProblemLoader Loading environment from /home/runner/work/key/key/key.core/../key.ui/examples/heap/model_methods/Cell_footprint.key 
11869      DEBUG main            d.u.i.k.p.i.AbstractProblemLoader Environment load took 190.3ns 
11870      INFO  main            d.u.i.k.p.i.AbstractProblemLoader Creating init config 
14749      DEBUG main            d.u.i.k.p.i.AbstractProblemLoader Init config took 2.88s 
14816      INFO  main            d.u.i.k.p.i.AbstractProblemLoader Replaying proof Cell[Cell::footprint()].JML model_behavior operation contract.0 
14818      DEBUG main            d.u.i.k.p.i.IntermediateProofReplayer Proof replay took 8.1ns 
14924      INFO  main            d.u.i.k.p.r.p.TestFile    ... finished proof: closed. 
15055      INFO  main            d.u.i.k.p.i.AbstractProblemLoader Loading environment from /home/runner/work/key/key/key.core/../key.ui/examples/heap/model_methods/Cell_footprint.key.proof 
15056      DEBUG main            d.u.i.k.p.i.AbstractProblemLoader Environment load took 136.6ns 
15057      INFO  main            d.u.i.k.p.i.AbstractProblemLoader Creating init config 
17794      DEBUG main            d.u.i.k.p.i.AbstractProblemLoader Init config took 2.74s 
17856      INFO  main            d.u.i.k.p.i.AbstractProblemLoader Replaying proof Cell[Cell::footprint()].JML model_behavior operation contract.0 
17871      DEBUG main            d.u.i.k.p.i.IntermediateProofReplayer Proof replay took 13.49ms 
17872      DEBUG main            d.u.i.k.p.r.p.TestFile    ... success: reloaded. 
17874      INFO  main            d.u.i.k.p.r.p.TestFile    Now processing file /home/runner/work/key/key/key.core/../key.ui/examples/heap/model_methods/Cell_get_acc.key 
17875      INFO  main            d.u.i.k.p.i.AbstractProblemLoader Loading environment from /home/runner/work/key/key/key.core/../key.ui/examples/heap/model_methods/Cell_get_acc.key 
17875      DEBUG main            d.u.i.k.p.i.AbstractProblemLoader Environment load took 111.4ns 
17877      INFO  main            d.u.i.k.p.i.AbstractProblemLoader Creating init config 
20602      DEBUG main            d.u.i.k.p.i.AbstractProblemLoader Init config took 2.72s 
20654      INFO  main            d.u.i.k.p.i.AbstractProblemLoader Replaying proof Cell[Cell::get()].JML accessible clause.0 
20656      DEBUG main            d.u.i.k.p.i.IntermediateProofReplayer Proof replay took 6.7ns 
20865      INFO  main            d.u.i.k.p.r.p.TestFile    ... finished proof: closed. 
21025      INFO  main            d.u.i.k.p.i.AbstractProblemLoader Loading environment from /home/runner/work/key/key/key.core/../key.ui/examples/heap/model_methods/Cell_get_acc.key.proof 
21026      DEBUG main            d.u.i.k.p.i.AbstractProblemLoader Environment load took 383.51ns 
21027      INFO  main            d.u.i.k.p.i.AbstractProblemLoader Creating init config 
23717      DEBUG main            d.u.i.k.p.i.AbstractProblemLoader Init config took 2.69s 
23778      INFO  main            d.u.i.k.p.i.AbstractProblemLoader Replaying proof Cell[Cell::get()].JML accessible clause.0 
23811      DEBUG main            d.u.i.k.p.i.IntermediateProofReplayer Proof replay took 29.48ms 
23812      DEBUG main            d.u.i.k.p.r.p.TestFile    ... success: reloaded. 
23813      INFO  main            d.u.i.k.p.r.p.TestFile    Now processing file /home/runner/work/key/key/key.core/../key.ui/examples/heap/model_methods/Cell_get.key 
23813      INFO  main            d.u.i.k.p.i.AbstractProblemLoader Loading environment from /home/runner/work/key/key/key.core/../key.ui/examples/heap/model_methods/Cell_get.key 
23814      DEBUG main            d.u.i.k.p.i.AbstractProblemLoader Environment load took 197ns 
23815      INFO  main            d.u.i.k.p.i.AbstractProblemLoader Creating init config 
26505      DEBUG main            d.u.i.k.p.i.AbstractProblemLoader Init config took 2.69s 
26555      INFO  main            d.u.i.k.p.i.AbstractProblemLoader Replaying proof Cell[Cell::get()].JML operation contract.0 
26557      DEBUG main            d.u.i.k.p.i.IntermediateProofReplayer Proof replay took 6.8ns 
26659      INFO  main            d.u.i.k.p.r.p.TestFile    ... finished proof: closed. 
26802      INFO  main            d.u.i.k.p.i.AbstractProblemLoader Loading environment from /home/runner/work/key/key/key.core/../key.ui/examples/heap/model_methods/Cell_get.key.proof 
26802      DEBUG main            d.u.i.k.p.i.AbstractProblemLoader Environment load took 118.7ns 
26803      INFO  main            d.u.i.k.p.i.AbstractProblemLoader Creating init config 
29450      DEBUG main            d.u.i.k.p.i.AbstractProblemLoader Init config took 2.65s 
29497      INFO  main            d.u.i.k.p.i.AbstractProblemLoader Replaying proof Cell[Cell::get()].JML operation contract.0 
29513      DEBUG main            d.u.i.k.p.i.IntermediateProofReplayer Proof replay took 13.8ms 
29514      DEBUG main            d.u.i.k.p.r.p.TestFile    ... success: reloaded. 
29515      INFO  main            d.u.i.k.p.r.p.TestFile    Now processing file /home/runner/work/key/key/key.core/../key.ui/examples/heap/model_methods/Cell_post_set.key 
29515      INFO  main            d.u.i.k.p.i.AbstractProblemLoader Loading environment from /home/runner/work/key/key/key.core/../key.ui/examples/heap/model_methods/Cell_post_set.key 
29516      DEBUG main            d.u.i.k.p.i.AbstractProblemLoader Environment load took 208.6ns 
29517      INFO  main            d.u.i.k.p.i.AbstractProblemLoader Creating init config 
32187      DEBUG main            d.u.i.k.p.i.AbstractProblemLoader Init config took 2.67s 
32263      INFO  main            d.u.i.k.p.i.AbstractProblemLoader Replaying proof Cell[Cell::post_set(int)].JML model_behavior operation contract.0 
32265      DEBUG main            d.u.i.k.p.i.IntermediateProofReplayer Proof replay took 7.6ns 
32367      INFO  main            d.u.i.k.p.r.p.TestFile    ... finished proof: closed. 
32538      INFO  main            d.u.i.k.p.i.AbstractProblemLoader Loading environment from /home/runner/work/key/key/key.core/../key.ui/examples/heap/model_methods/Cell_post_set.key.proof 
32539      DEBUG main            d.u.i.k.p.i.AbstractProblemLoader Environment load took 125.7ns 
32540      INFO  main            d.u.i.k.p.i.AbstractProblemLoader Creating init config 
35187      DEBUG main            d.u.i.k.p.i.AbstractProblemLoader Init config took 2.65s 
35245      INFO  main            d.u.i.k.p.i.AbstractProblemLoader Replaying proof Cell[Cell::post_set(int)].JML model_behavior operation contract.0 
35251      DEBUG main            d.u.i.k.p.i.IntermediateProofReplayer Proof replay took 5.1ms 
35252      DEBUG main            d.u.i.k.p.r.p.TestFile    ... success: reloaded. 
35254      INFO  main            d.u.i.k.p.r.p.TestFile    Now processing file /home/runner/work/key/key/key.core/../key.ui/examples/heap/model_methods/Cell_set.key 
35254      INFO  main            d.u.i.k.p.i.AbstractProblemLoader Loading environment from /home/runner/work/key/key/key.core/../key.ui/examples/heap/model_methods/Cell_set.key 
35254      DEBUG main            d.u.i.k.p.i.AbstractProblemLoader Environment load took 198.3ns 
35255      INFO  main            d.u.i.k.p.i.AbstractProblemLoader Creating init config 
37925      DEBUG main            d.u.i.k.p.i.AbstractProblemLoader Init config took 2.67s 
37971      INFO  main            d.u.i.k.p.i.AbstractProblemLoader Replaying proof Cell[Cell::set(int)].JML operation contract.0 
37972      DEBUG main            d.u.i.k.p.i.IntermediateProofReplayer Proof replay took 6.3ns 
43921      INFO  main            d.u.i.k.p.r.p.TestFile    ... finished proof: closed. 
44131      INFO  main            d.u.i.k.p.i.AbstractProblemLoader Loading environment from /home/runner/work/key/key/key.core/../key.ui/examples/heap/model_methods/Cell_set.key.proof 
44131      DEBUG main            d.u.i.k.p.i.AbstractProblemLoader Environment load took 409.61ns 
44133      INFO  main            d.u.i.k.p.i.AbstractProblemLoader Creating init config 
46726      DEBUG main            d.u.i.k.p.i.AbstractProblemLoader Init config took 2.59s 
46773      INFO  main            d.u.i.k.p.i.AbstractProblemLoader Replaying proof Cell[Cell::set(int)].JML operation contract.0 
47215      DEBUG main            d.u.i.k.p.i.IntermediateProofReplayer Proof replay took 424.16ms 
47216      DEBUG main            d.u.i.k.p.r.p.TestFile    ... success: reloaded. 
47218      INFO  main            d.u.i.k.p.r.p.TestFile    Now processing file /home/runner/work/key/key/key.core/../key.ui/examples/heap/model_methods/CellTest_callSet.key 
47218      INFO  main            d.u.i.k.p.i.AbstractProblemLoader Loading environment from /home/runner/work/key/key/key.core/../key.ui/examples/heap/model_methods/CellTest_callSet.key 
47218      DEBUG main            d.u.i.k.p.i.AbstractProblemLoader Environment load took 173.5ns 
47219      INFO  main            d.u.i.k.p.i.AbstractProblemLoader Creating init config 
49886      DEBUG main            d.u.i.k.p.i.AbstractProblemLoader Init config took 2.67s 
49930      INFO  main            d.u.i.k.p.i.AbstractProblemLoader Replaying proof CellTest[CellTest::callSet(Cell,int)].JML operation contract.0 
49931      DEBUG main            d.u.i.k.p.i.IntermediateProofReplayer Proof replay took 7.5ns 
50134      INFO  main            d.u.i.k.p.r.p.TestFile    ... finished proof: closed. 
50304      INFO  main            d.u.i.k.p.i.AbstractProblemLoader Loading environment from /home/runner/work/key/key/key.core/../key.ui/examples/heap/model_methods/CellTest_callSet.key.proof 
50304      DEBUG main            d.u.i.k.p.i.AbstractProblemLoader Environment load took 121.8ns 
50305      INFO  main            d.u.i.k.p.i.AbstractProblemLoader Creating init config 
52881      DEBUG main            d.u.i.k.p.i.AbstractProblemLoader Init config took 2.58s 
52923      INFO  main            d.u.i.k.p.i.AbstractProblemLoader Replaying proof CellTest[CellTest::callSet(Cell,int)].JML operation contract.0 
52962      DEBUG main            d.u.i.k.p.i.IntermediateProofReplayer Proof replay took 36.6ms 
52963      DEBUG main            d.u.i.k.p.r.p.TestFile    ... success: reloaded. 
52965      INFO  main            d.u.i.k.p.r.p.TestFile    Now processing file /home/runner/work/key/key/key.core/../key.ui/examples/heap/model_methods/CellTest_test2.key 
52965      INFO  main            d.u.i.k.p.i.AbstractProblemLoader Loading environment from /home/runner/work/key/key/key.core/../key.ui/examples/heap/model_methods/CellTest_test2.key 
52965      DEBUG main            d.u.i.k.p.i.AbstractProblemLoader Environment load took 91.5ns 
52966      INFO  main            d.u.i.k.p.i.AbstractProblemLoader Creating init config 
55617      DEBUG main            d.u.i.k.p.i.AbstractProblemLoader Init config took 2.65s 
55662      INFO  main            d.u.i.k.p.i.AbstractProblemLoader Replaying proof CellTest[CellTest::test2(Cell)].JML operation contract.0 
55663      DEBUG main            d.u.i.k.p.i.IntermediateProofReplayer Proof replay took 8ns 
55970      INFO  main            d.u.i.k.p.r.p.TestFile    ... finished proof: closed. 
56157      INFO  main            d.u.i.k.p.i.AbstractProblemLoader Loading environment from /home/runner/work/key/key/key.core/../key.ui/examples/heap/model_methods/CellTest_test2.key.proof 
56158      DEBUG main            d.u.i.k.p.i.AbstractProblemLoader Environment load took 368.11ns 
56159      INFO  main            d.u.i.k.p.i.AbstractProblemLoader Creating init config 
58741      DEBUG main            d.u.i.k.p.i.AbstractProblemLoader Init config took 2.58s 
58783      INFO  main            d.u.i.k.p.i.AbstractProblemLoader Replaying proof CellTest[CellTest::test2(Cell)].JML operation contract.0 
58868      DEBUG main            d.u.i.k.p.i.IntermediateProofReplayer Proof replay took 82.46ms 
58869      DEBUG main            d.u.i.k.p.r.p.TestFile    ... success: reloaded. 
58871      INFO  main            d.u.i.k.p.r.p.TestFile    Now processing file /home/runner/work/key/key/key.core/../key.ui/examples/heap/model_methods/CellTest_test.key 
58871      INFO  main            d.u.i.k.p.i.AbstractProblemLoader Loading environment from /home/runner/work/key/key/key.core/../key.ui/examples/heap/model_methods/CellTest_test.key 
58871      DEBUG main            d.u.i.k.p.i.AbstractProblemLoader Environment load took 177.3ns 
58872      INFO  main            d.u.i.k.p.i.AbstractProblemLoader Creating init config 
61503      DEBUG main            d.u.i.k.p.i.AbstractProblemLoader Init config took 2.63s 
61549      INFO  main            d.u.i.k.p.i.AbstractProblemLoader Replaying proof CellTest[CellTest::test(Recell)].JML operation contract.0 
61550      DEBUG main            d.u.i.k.p.i.IntermediateProofReplayer Proof replay took 7.5ns 
63297      INFO  main            d.u.i.k.p.r.p.TestFile    ... finished proof: closed. 
63554      INFO  main            d.u.i.k.p.i.AbstractProblemLoader Loading environment from /home/runner/work/key/key/key.core/../key.ui/examples/heap/model_methods/CellTest_test.key.proof 
63555      DEBUG main            d.u.i.k.p.i.AbstractProblemLoader Environment load took 741.12ns 
63557      INFO  main            d.u.i.k.p.i.AbstractProblemLoader Creating init config 
66137      DEBUG main            d.u.i.k.p.i.AbstractProblemLoader Init config took 2.58s 
66178      INFO  main            d.u.i.k.p.i.AbstractProblemLoader Replaying proof CellTest[CellTest::test(Recell)].JML operation contract.0 
66552      DEBUG main            d.u.i.k.p.i.IntermediateProofReplayer Proof replay took 358.96ms 
66554      DEBUG main            d.u.i.k.p.r.p.TestFile    ... success: reloaded. 
66555      INFO  main            d.u.i.k.p.r.p.TestFile    Now processing file /home/runner/work/key/key/key.core/../key.ui/examples/heap/model_methods/Coll1_add.key 
66555      INFO  main            d.u.i.k.p.i.AbstractProblemLoader Loading environment from /home/runner/work/key/key/key.core/../key.ui/examples/heap/model_methods/Coll1_add.key 
66556      DEBUG main            d.u.i.k.p.i.AbstractProblemLoader Environment load took 219.91ns 
66557      INFO  main            d.u.i.k.p.i.AbstractProblemLoader Creating init config 
69141      DEBUG main            d.u.i.k.p.i.AbstractProblemLoader Init config took 2.58s 
69205      INFO  main            d.u.i.k.p.i.AbstractProblemLoader Replaying proof Coll1[Coll::add(int)].JML operation contract.0 
69207      DEBUG main            d.u.i.k.p.i.IntermediateProofReplayer Proof replay took 15.7ns 
69312      INFO  main            d.u.i.k.p.r.p.TestFile    ... finished proof: closed. 
69500      INFO  main            d.u.i.k.p.i.AbstractProblemLoader Loading environment from /home/runner/work/key/key/key.core/../key.ui/examples/heap/model_methods/Coll1_add.key.proof 
69500      DEBUG main            d.u.i.k.p.i.AbstractProblemLoader Environment load took 120.5ns 
69501      INFO  main            d.u.i.k.p.i.AbstractProblemLoader Creating init config 
72046      DEBUG main            d.u.i.k.p.i.AbstractProblemLoader Init config took 2.54s 
72086      INFO  main            d.u.i.k.p.i.AbstractProblemLoader Replaying proof Coll1[Coll::add(int)].JML operation contract.0 
72093      DEBUG main            d.u.i.k.p.i.IntermediateProofReplayer Proof replay took 5.95ms 
72094      DEBUG main            d.u.i.k.p.r.p.TestFile    ... success: reloaded. 
72095      INFO  main            d.u.i.k.p.r.p.TestFile    Now processing file /home/runner/work/key/key/key.core/../key.ui/examples/heap/model_methods/Coll1_Coll1_add_pre.key 
72096      INFO  main            d.u.i.k.p.i.AbstractProblemLoader Loading environment from /home/runner/work/key/key/key.core/../key.ui/examples/heap/model_methods/Coll1_Coll1_add_pre.key 
72096      DEBUG main            d.u.i.k.p.i.AbstractProblemLoader Environment load took 165ns 
72097      INFO  main            d.u.i.k.p.i.AbstractProblemLoader Creating init config 
74696      DEBUG main            d.u.i.k.p.i.AbstractProblemLoader Init config took 2.6s 
74736      INFO  main            d.u.i.k.p.i.AbstractProblemLoader Replaying proof Coll1[Coll1::add_pre(int)].JML model_behavior operation contract.0 
74738      DEBUG main            d.u.i.k.p.i.IntermediateProofReplayer Proof replay took 7.5ns 
74840      INFO  main            d.u.i.k.p.r.p.TestFile    ... finished proof: closed. 
75032      INFO  main            d.u.i.k.p.i.AbstractProblemLoader Loading environment from /home/runner/work/key/key/key.core/../key.ui/examples/heap/model_methods/Coll1_Coll1_add_pre.key.proof 
75033      DEBUG main            d.u.i.k.p.i.AbstractProblemLoader Environment load took 121.4ns 
75033      INFO  main            d.u.i.k.p.i.AbstractProblemLoader Creating init config 
77558      DEBUG main            d.u.i.k.p.i.AbstractProblemLoader Init config took 2.52s 
77598      INFO  main            d.u.i.k.p.i.AbstractProblemLoader Replaying proof Coll1[Coll1::add_pre(int)].JML model_behavior operation contract.0 
77601      DEBUG main            d.u.i.k.p.i.IntermediateProofReplayer Proof replay took 1.33ms 
77602      DEBUG main            d.u.i.k.p.r.p.TestFile    ... success: reloaded. 
77603      INFO  main            d.u.i.k.p.r.p.TestFile    Now processing file /home/runner/work/key/key/key.core/../key.ui/examples/heap/model_methods/Coll1_Coll_add_pre.key 
77603      INFO  main            d.u.i.k.p.i.AbstractProblemLoader Loading environment from /home/runner/work/key/key/key.core/../key.ui/examples/heap/model_methods/Coll1_Coll_add_pre.key 
77604      DEBUG main            d.u.i.k.p.i.AbstractProblemLoader Environment load took 86.2ns 
77604      INFO  main            d.u.i.k.p.i.AbstractProblemLoader Creating init config 
80220      DEBUG main            d.u.i.k.p.i.AbstractProblemLoader Init config took 2.62s 
80259      INFO  main            d.u.i.k.p.i.AbstractProblemLoader Replaying proof Coll1[Coll::add_pre(int)].JML model_behavior operation contract.0 
80261      DEBUG main            d.u.i.k.p.i.IntermediateProofReplayer Proof replay took 6.5ns 
80364      INFO  main            d.u.i.k.p.r.p.TestFile    ... finished proof: closed. 
80560      INFO  main            d.u.i.k.p.i.AbstractProblemLoader Loading environment from /home/runner/work/key/key/key.core/../key.ui/examples/heap/model_methods/Coll1_Coll_add_pre.key.proof 
80560      DEBUG main            d.u.i.k.p.i.AbstractProblemLoader Environment load took 117.1ns 
80561      INFO  main            d.u.i.k.p.i.AbstractProblemLoader Creating init config 
83093      DEBUG main            d.u.i.k.p.i.AbstractProblemLoader Init config took 2.53s 
83133      INFO  main            d.u.i.k.p.i.AbstractProblemLoader Replaying proof Coll1[Coll::add_pre(int)].JML model_behavior operation contract.0 
83137      DEBUG main            d.u.i.k.p.i.IntermediateProofReplayer Proof replay took 2.06ms 
83138      DEBUG main            d.u.i.k.p.r.p.TestFile    ... success: reloaded. 
83139      INFO  main            d.u.i.k.p.r.p.TestFile    Now processing file /home/runner/work/key/key/key.core/../key.ui/examples/heap/model_methods/Coll2_add.key 
83139      INFO  main            d.u.i.k.p.i.AbstractProblemLoader Loading environment from /home/runner/work/key/key/key.core/../key.ui/examples/heap/model_methods/Coll2_add.key 
83139      DEBUG main            d.u.i.k.p.i.AbstractProblemLoader Environment load took 74.5ns 
83140      INFO  main            d.u.i.k.p.i.AbstractProblemLoader Creating init config 
85729      DEBUG main            d.u.i.k.p.i.AbstractProblemLoader Init config took 2.59s 
85768      INFO  main            d.u.i.k.p.i.AbstractProblemLoader Replaying proof Coll2[Coll::add(int)].JML operation contract.0 
85770      DEBUG main            d.u.i.k.p.i.IntermediateProofReplayer Proof replay took 6.5ns 
85871      INFO  main            d.u.i.k.p.r.p.TestFile    ... finished proof: closed. 
86098      INFO  main            d.u.i.k.p.i.AbstractProblemLoader Loading environment from /home/runner/work/key/key/key.core/../key.ui/examples/heap/model_methods/Coll2_add.key.proof 
86098      DEBUG main            d.u.i.k.p.i.AbstractProblemLoader Environment load took 118.3ns 
86100      INFO  main            d.u.i.k.p.i.AbstractProblemLoader Creating init config 
88612      DEBUG main            d.u.i.k.p.i.AbstractProblemLoader Init config took 2.51s 
88651      INFO  main            d.u.i.k.p.i.AbstractProblemLoader Replaying proof Coll2[Coll::add(int)].JML operation contract.0 
88658      DEBUG main            d.u.i.k.p.i.IntermediateProofReplayer Proof replay took 5.69ms 
88659      DEBUG main            d.u.i.k.p.r.p.TestFile    ... success: reloaded. 
88660      INFO  main            d.u.i.k.p.r.p.TestFile    Now processing file /home/runner/work/key/key/key.core/../key.ui/examples/heap/model_methods/Coll2_Coll2_add_pre.key 
88660      INFO  main            d.u.i.k.p.i.AbstractProblemLoader Loading environment from /home/runner/work/key/key/key.core/../key.ui/examples/heap/model_methods/Coll2_Coll2_add_pre.key 
88660      DEBUG main            d.u.i.k.p.i.AbstractProblemLoader Environment load took 60.9ns 
88661      INFO  main            d.u.i.k.p.i.AbstractProblemLoader Creating init config 
91274      DEBUG main            d.u.i.k.p.i.AbstractProblemLoader Init config took 2.61s 
91312      INFO  main            d.u.i.k.p.i.AbstractProblemLoader Replaying proof Coll2[Coll2::add_pre(int)].JML model_behavior operation contract.0 
91313      DEBUG main            d.u.i.k.p.i.IntermediateProofReplayer Proof replay took 6.5ns 
91415      INFO  main            d.u.i.k.p.r.p.TestFile    ... finished proof: closed. 
91628      INFO  main            d.u.i.k.p.i.AbstractProblemLoader Loading environment from /home/runner/work/key/key/key.core/../key.ui/examples/heap/model_methods/Coll2_Coll2_add_pre.key.proof 
91628      DEBUG main            d.u.i.k.p.i.AbstractProblemLoader Environment load took 117.5ns 
91629      INFO  main            d.u.i.k.p.i.AbstractProblemLoader Creating init config 
94187      DEBUG main            d.u.i.k.p.i.AbstractProblemLoader Init config took 2.56s 
94225      INFO  main            d.u.i.k.p.i.AbstractProblemLoader Replaying proof Coll2[Coll2::add_pre(int)].JML model_behavior operation contract.0 
94228      DEBUG main            d.u.i.k.p.i.IntermediateProofReplayer Proof replay took 1.36ms 
94229      DEBUG main            d.u.i.k.p.r.p.TestFile    ... success: reloaded. 
94230      INFO  main            d.u.i.k.p.r.p.TestFile    Now processing file /home/runner/work/key/key/key.core/../key.ui/examples/heap/model_methods/Coll2_Coll_add_pre.key 
94230      INFO  main            d.u.i.k.p.i.AbstractProblemLoader Loading environment from /home/runner/work/key/key/key.core/../key.ui/examples/heap/model_methods/Coll2_Coll_add_pre.key 
94230      DEBUG main            d.u.i.k.p.i.AbstractProblemLoader Environment load took 90.5ns 
94231      INFO  main            d.u.i.k.p.i.AbstractProblemLoader Creating init config 
96782      DEBUG main            d.u.i.k.p.i.AbstractProblemLoader Init config took 2.55s 
96820      INFO  main            d.u.i.k.p.i.AbstractProblemLoader Replaying proof Coll2[Coll::add_pre(int)].JML model_behavior operation contract.0 
96821      DEBUG main            d.u.i.k.p.i.IntermediateProofReplayer Proof replay took 7ns 
96923      INFO  main            d.u.i.k.p.r.p.TestFile    ... finished proof: closed. 
97139      INFO  main            d.u.i.k.p.i.AbstractProblemLoader Loading environment from /home/runner/work/key/key/key.core/../key.ui/examples/heap/model_methods/Coll2_Coll_add_pre.key.proof 
97139      DEBUG main            d.u.i.k.p.i.AbstractProblemLoader Environment load took 121.1ns 
97140      INFO  main            d.u.i.k.p.i.AbstractProblemLoader Creating init config 
99642      DEBUG main            d.u.i.k.p.i.AbstractProblemLoader Init config took 2.5s 
99679      INFO  main            d.u.i.k.p.i.AbstractProblemLoader Replaying proof Coll2[Coll::add_pre(int)].JML model_behavior operation contract.0 
99682      DEBUG main            d.u.i.k.p.i.IntermediateProofReplayer Proof replay took 1.88ms 
99683      DEBUG main            d.u.i.k.p.r.p.TestFile    ... success: reloaded. 
99684      INFO  main            d.u.i.k.p.r.p.TestFile    Now processing file /home/runner/work/key/key/key.core/../key.ui/examples/heap/model_methods/Coll_add.key 
99685      INFO  main            d.u.i.k.p.i.AbstractProblemLoader Loading environment from /home/runner/work/key/key/key.core/../key.ui/examples/heap/model_methods/Coll_add.key 
99685      DEBUG main            d.u.i.k.p.i.AbstractProblemLoader Environment load took 60.9ns 
99686      INFO  main            d.u.i.k.p.i.AbstractProblemLoader Creating init config 
102271     DEBUG main            d.u.i.k.p.i.AbstractProblemLoader Init config took 2.59s 
102312     INFO  main            d.u.i.k.p.i.AbstractProblemLoader Replaying proof Coll[Coll::add(int)].JML operation contract.0 
102313     DEBUG main            d.u.i.k.p.i.IntermediateProofReplayer Proof replay took 6.9ns 
102415     INFO  main            d.u.i.k.p.r.p.TestFile    ... finished proof: closed. 
102634     INFO  main            d.u.i.k.p.i.AbstractProblemLoader Loading environment from /home/runner/work/key/key/key.core/../key.ui/examples/heap/model_methods/Coll_add.key.proof 
102634     DEBUG main            d.u.i.k.p.i.AbstractProblemLoader Environment load took 136ns 
102635     INFO  main            d.u.i.k.p.i.AbstractProblemLoader Creating init config 
105147     DEBUG main            d.u.i.k.p.i.AbstractProblemLoader Init config took 2.51s 
105185     INFO  main            d.u.i.k.p.i.AbstractProblemLoader Replaying proof Coll[Coll::add(int)].JML operation contract.0 
105188     DEBUG main            d.u.i.k.p.i.IntermediateProofReplayer Proof replay took 1.87ms 
105189     DEBUG main            d.u.i.k.p.r.p.TestFile    ... success: reloaded. 
105190     INFO  main            d.u.i.k.p.r.p.TestFile    Now processing file /home/runner/work/key/key/key.core/../key.ui/examples/heap/model_methods/Coll_add_pre.key 
105191     INFO  main            d.u.i.k.p.i.AbstractProblemLoader Loading environment from /home/runner/work/key/key/key.core/../key.ui/examples/heap/model_methods/Coll_add_pre.key 
105191     DEBUG main            d.u.i.k.p.i.AbstractProblemLoader Environment load took 183.9ns 
105192     INFO  main            d.u.i.k.p.i.AbstractProblemLoader Creating init config 
107757     DEBUG main            d.u.i.k.p.i.AbstractProblemLoader Init config took 2.56s 
107794     INFO  main            d.u.i.k.p.i.AbstractProblemLoader Replaying proof Coll[Coll::add_pre(int)].JML model_behavior operation contract.0 
107796     DEBUG main            d.u.i.k.p.i.IntermediateProofReplayer Proof replay took 6ns 
107897     INFO  main            d.u.i.k.p.r.p.TestFile    ... finished proof: closed. 
108124     INFO  main            d.u.i.k.p.i.AbstractProblemLoader Loading environment from /home/runner/work/key/key/key.core/../key.ui/examples/heap/model_methods/Coll_add_pre.key.proof 
108124     DEBUG main            d.u.i.k.p.i.AbstractProblemLoader Environment load took 426.61ns 
108125     INFO  main            d.u.i.k.p.i.AbstractProblemLoader Creating init config 
110643     DEBUG main            d.u.i.k.p.i.AbstractProblemLoader Init config took 2.52s 
110682     INFO  main            d.u.i.k.p.i.AbstractProblemLoader Replaying proof Coll[Coll::add_pre(int)].JML model_behavior operation contract.0 
110687     DEBUG main            d.u.i.k.p.i.IntermediateProofReplayer Proof replay took 2.3ms 
110688     DEBUG main            d.u.i.k.p.r.p.TestFile    ... success: reloaded. 
110689     INFO  main            d.u.i.k.p.r.p.TestFile    Now processing file /home/runner/work/key/key/key.core/../key.ui/examples/heap/model_methods/Indirect_callAdd.key 
110689     INFO  main            d.u.i.k.p.i.AbstractProblemLoader Loading environment from /home/runner/work/key/key/key.core/../key.ui/examples/heap/model_methods/Indirect_callAdd.key 
110689     DEBUG main            d.u.i.k.p.i.AbstractProblemLoader Environment load took 168.1ns 
110691     INFO  main            d.u.i.k.p.i.AbstractProblemLoader Creating init config 
113274     DEBUG main            d.u.i.k.p.i.AbstractProblemLoader Init config took 2.58s 
113311     INFO  main            d.u.i.k.p.i.AbstractProblemLoader Replaying proof Indirect[Indirect::callAdd(Coll,int)].JML operation contract.0 
113312     DEBUG main            d.u.i.k.p.i.IntermediateProofReplayer Proof replay took 6.7ns 
113414     INFO  main            d.u.i.k.p.r.p.TestFile    ... finished proof: closed. 
113646     INFO  main            d.u.i.k.p.i.AbstractProblemLoader Loading environment from /home/runner/work/key/key/key.core/../key.ui/examples/heap/model_methods/Indirect_callAdd.key.proof 
113647     DEBUG main            d.u.i.k.p.i.AbstractProblemLoader Environment load took 110.8ns 
113648     INFO  main            d.u.i.k.p.i.AbstractProblemLoader Creating init config 
116137     DEBUG main            d.u.i.k.p.i.AbstractProblemLoader Init config took 2.49s 
116185     INFO  main            d.u.i.k.p.i.AbstractProblemLoader Replaying proof Indirect[Indirect::callAdd(Coll,int)].JML operation contract.0 
116207     DEBUG main            d.u.i.k.p.i.IntermediateProofReplayer Proof replay took 19.58ms 
116208     DEBUG main            d.u.i.k.p.r.p.TestFile    ... success: reloaded. 
116208     INFO  main            d.u.i.k.p.r.p.TestFile    Now processing file /home/runner/work/key/key/key.core/../key.ui/examples/heap/model_methods/Indirect_test.key 
116209     INFO  main            d.u.i.k.p.i.AbstractProblemLoader Loading environment from /home/runner/work/key/key/key.core/../key.ui/examples/heap/model_methods/Indirect_test.key 
116209     DEBUG main            d.u.i.k.p.i.AbstractProblemLoader Environment load took 81.4ns 
116210     INFO  main            d.u.i.k.p.i.AbstractProblemLoader Creating init config 
118779     DEBUG main            d.u.i.k.p.i.AbstractProblemLoader Init config took 2.57s 
118817     INFO  main            d.u.i.k.p.i.AbstractProblemLoader Replaying proof Indirect[Indirect::test(Coll1,Coll2)].JML operation contract.0 
118818     DEBUG main            d.u.i.k.p.i.IntermediateProofReplayer Proof replay took 6.7ns 
119022     INFO  main            d.u.i.k.p.r.p.TestFile    ... finished proof: closed. 
119268     INFO  main            d.u.i.k.p.i.AbstractProblemLoader Loading environment from /home/runner/work/key/key/key.core/../key.ui/examples/heap/model_methods/Indirect_test.key.proof 
119268     DEBUG main            d.u.i.k.p.i.AbstractProblemLoader Environment load took 125.7ns 
119269     INFO  main            d.u.i.k.p.i.AbstractProblemLoader Creating init config 
121755     DEBUG main            d.u.i.k.p.i.AbstractProblemLoader Init config took 2.49s 
121793     INFO  main            d.u.i.k.p.i.AbstractProblemLoader Replaying proof Indirect[Indirect::test(Coll1,Coll2)].JML operation contract.0 
121856     DEBUG main            d.u.i.k.p.i.IntermediateProofReplayer Proof replay took 60.33ms 
121857     DEBUG main            d.u.i.k.p.r.p.TestFile    ... success: reloaded. 
121859     INFO  main            d.u.i.k.p.r.p.TestFile    Now processing file /home/runner/work/key/key/key.core/../key.ui/examples/heap/model_methods/Recell_Cell_footprint.key 
121860     INFO  main            d.u.i.k.p.i.AbstractProblemLoader Loading environment from /home/runner/work/key/key/key.core/../key.ui/examples/heap/model_methods/Recell_Cell_footprint.key 
121860     DEBUG main            d.u.i.k.p.i.AbstractProblemLoader Environment load took 199.2ns 
121861     INFO  main            d.u.i.k.p.i.AbstractProblemLoader Creating init config 
124438     DEBUG main            d.u.i.k.p.i.AbstractProblemLoader Init config took 2.58s 
124475     INFO  main            d.u.i.k.p.i.AbstractProblemLoader Replaying proof Recell[Cell::footprint()].JML model_behavior operation contract.0 
124476     DEBUG main            d.u.i.k.p.i.IntermediateProofReplayer Proof replay took 6.5ns 
124578     INFO  main            d.u.i.k.p.r.p.TestFile    ... finished proof: closed. 
124816     INFO  main            d.u.i.k.p.i.AbstractProblemLoader Loading environment from /home/runner/work/key/key/key.core/../key.ui/examples/heap/model_methods/Recell_Cell_footprint.key.proof 
124816     DEBUG main            d.u.i.k.p.i.AbstractProblemLoader Environment load took 125.4ns 
124817     INFO  main            d.u.i.k.p.i.AbstractProblemLoader Creating init config 
127320     DEBUG main            d.u.i.k.p.i.AbstractProblemLoader Init config took 2.5s 
127358     INFO  main            d.u.i.k.p.i.AbstractProblemLoader Replaying proof Recell[Cell::footprint()].JML model_behavior operation contract.0 
127362     DEBUG main            d.u.i.k.p.i.IntermediateProofReplayer Proof replay took 2.56ms 
127363     DEBUG main            d.u.i.k.p.r.p.TestFile    ... success: reloaded. 
127364     INFO  main            d.u.i.k.p.r.p.TestFile    Now processing file /home/runner/work/key/key/key.core/../key.ui/examples/heap/model_methods/Recell_Cell_post_set.key 
127364     INFO  main            d.u.i.k.p.i.AbstractProblemLoader Loading environment from /home/runner/work/key/key/key.core/../key.ui/examples/heap/model_methods/Recell_Cell_post_set.key 
127365     DEBUG main            d.u.i.k.p.i.AbstractProblemLoader Environment load took 85.5ns 
127365     INFO  main            d.u.i.k.p.i.AbstractProblemLoader Creating init config 
129945     DEBUG main            d.u.i.k.p.i.AbstractProblemLoader Init config took 2.58s 
129984     INFO  main            d.u.i.k.p.i.AbstractProblemLoader Replaying proof Recell[Cell::post_set(int)].JML model_behavior operation contract.0 
129985     DEBUG main            d.u.i.k.p.i.IntermediateProofReplayer Proof replay took 6.9ns 
130087     INFO  main            d.u.i.k.p.r.p.TestFile    ... finished proof: closed. 
130331     INFO  main            d.u.i.k.p.i.AbstractProblemLoader Loading environment from /home/runner/work/key/key/key.core/../key.ui/examples/heap/model_methods/Recell_Cell_post_set.key.proof 
130331     DEBUG main            d.u.i.k.p.i.AbstractProblemLoader Environment load took 109.7ns 
130332     INFO  main            d.u.i.k.p.i.AbstractProblemLoader Creating init config 
132828     DEBUG main            d.u.i.k.p.i.AbstractProblemLoader Init config took 2.5s 
132865     INFO  main            d.u.i.k.p.i.AbstractProblemLoader Replaying proof Recell[Cell::post_set(int)].JML model_behavior operation contract.0 
132870     DEBUG main            d.u.i.k.p.i.IntermediateProofReplayer Proof replay took 3.34ms 
132870     DEBUG main            d.u.i.k.p.r.p.TestFile    ... success: reloaded. 
132871     INFO  main            d.u.i.k.p.r.p.TestFile    Now processing file /home/runner/work/key/key/key.core/../key.ui/examples/heap/model_methods/Recell_footprint_acc.key 
132871     INFO  main            d.u.i.k.p.i.AbstractProblemLoader Loading environment from /home/runner/work/key/key/key.core/../key.ui/examples/heap/model_methods/Recell_footprint_acc.key 
132872     DEBUG main            d.u.i.k.p.i.AbstractProblemLoader Environment load took 61ns 
132872     INFO  main            d.u.i.k.p.i.AbstractProblemLoader Creating init config 
135434     DEBUG main            d.u.i.k.p.i.AbstractProblemLoader Init config took 2.56s 
135473     INFO  main            d.u.i.k.p.i.AbstractProblemLoader Replaying proof Recell[Cell::footprint()].JML accessible clause.0 
135478     DEBUG main            d.u.i.k.p.i.IntermediateProofReplayer Proof replay took 7.5ns 
135579     INFO  main            d.u.i.k.p.r.p.TestFile    ... finished proof: closed. 
135834     INFO  main            d.u.i.k.p.i.AbstractProblemLoader Loading environment from /home/runner/work/key/key/key.core/../key.ui/examples/heap/model_methods/Recell_footprint_acc.key.proof 
135834     DEBUG main            d.u.i.k.p.i.AbstractProblemLoader Environment load took 112.4ns 
135836     INFO  main            d.u.i.k.p.i.AbstractProblemLoader Creating init config 
138334     DEBUG main            d.u.i.k.p.i.AbstractProblemLoader Init config took 2.5s 
138374     INFO  main            d.u.i.k.p.i.AbstractProblemLoader Replaying proof Recell[Cell::footprint()].JML accessible clause.0 
138399     DEBUG main            d.u.i.k.p.i.IntermediateProofReplayer Proof replay took 17.12ms 
138404     DEBUG main            d.u.i.k.p.r.p.TestFile    ... success: reloaded. 
138405     INFO  main            d.u.i.k.p.r.p.TestFile    Now processing file /home/runner/work/key/key/key.core/../key.ui/examples/heap/model_methods/Recell_get_acc.key 
138406     INFO  main            d.u.i.k.p.i.AbstractProblemLoader Loading environment from /home/runner/work/key/key/key.core/../key.ui/examples/heap/model_methods/Recell_get_acc.key 
138406     DEBUG main            d.u.i.k.p.i.AbstractProblemLoader Environment load took 176.1ns 
138407     INFO  main            d.u.i.k.p.i.AbstractProblemLoader Creating init config 
140955     DEBUG main            d.u.i.k.p.i.AbstractProblemLoader Init config took 2.55s 
140991     INFO  main            d.u.i.k.p.i.AbstractProblemLoader Replaying proof Recell[Cell::get()].JML accessible clause.0 
140993     DEBUG main            d.u.i.k.p.i.IntermediateProofReplayer Proof replay took 6.7ns 
141094     INFO  main            d.u.i.k.p.r.p.TestFile    ... finished proof: closed. 
141355     INFO  main            d.u.i.k.p.i.AbstractProblemLoader Loading environment from /home/runner/work/key/key/key.core/../key.ui/examples/heap/model_methods/Recell_get_acc.key.proof 
141356     DEBUG main            d.u.i.k.p.i.AbstractProblemLoader Environment load took 112.3ns 
141356     INFO  main            d.u.i.k.p.i.AbstractProblemLoader Creating init config 
143845     DEBUG main            d.u.i.k.p.i.AbstractProblemLoader Init config took 2.49s 
143881     INFO  main            d.u.i.k.p.i.AbstractProblemLoader Replaying proof Recell[Cell::get()].JML accessible clause.0 
143898     DEBUG main            d.u.i.k.p.i.IntermediateProofReplayer Proof replay took 14.5ms 
143899     DEBUG main            d.u.i.k.p.r.p.TestFile    ... success: reloaded. 
143900     INFO  main            d.u.i.k.p.r.p.TestFile    Now processing file /home/runner/work/key/key/key.core/../key.ui/examples/heap/model_methods/Recell_get.key 
143900     INFO  main            d.u.i.k.p.i.AbstractProblemLoader Loading environment from /home/runner/work/key/key/key.core/../key.ui/examples/heap/model_methods/Recell_get.key 
143900     DEBUG main            d.u.i.k.p.i.AbstractProblemLoader Environment load took 84.4ns 
143901     INFO  main            d.u.i.k.p.i.AbstractProblemLoader Creating init config 
146454     DEBUG main            d.u.i.k.p.i.AbstractProblemLoader Init config took 2.55s 
146513     INFO  main            d.u.i.k.p.i.AbstractProblemLoader Replaying proof Recell[Cell::get()].JML operation contract.0 
146515     DEBUG main            d.u.i.k.p.i.IntermediateProofReplayer Proof replay took 6.2ns 
146617     INFO  main            d.u.i.k.p.r.p.TestFile    ... finished proof: closed. 
146881     INFO  main            d.u.i.k.p.i.AbstractProblemLoader Loading environment from /home/runner/work/key/key/key.core/../key.ui/examples/heap/model_methods/Recell_get.key.proof 
146881     DEBUG main            d.u.i.k.p.i.AbstractProblemLoader Environment load took 111ns 
146882     INFO  main            d.u.i.k.p.i.AbstractProblemLoader Creating init config 
149359     DEBUG main            d.u.i.k.p.i.AbstractProblemLoader Init config took 2.48s 
149396     INFO  main            d.u.i.k.p.i.AbstractProblemLoader Replaying proof Recell[Cell::get()].JML operation contract.0 
149404     DEBUG main            d.u.i.k.p.i.IntermediateProofReplayer Proof replay took 7.2ms 
149405     DEBUG main            d.u.i.k.p.r.p.TestFile    ... success: reloaded. 
149406     INFO  main            d.u.i.k.p.r.p.TestFile    Now processing file /home/runner/work/key/key/key.core/../key.ui/examples/heap/model_methods/Recell_Recell_footprint.key 
149406     INFO  main            d.u.i.k.p.i.AbstractProblemLoader Loading environment from /home/runner/work/key/key/key.core/../key.ui/examples/heap/model_methods/Recell_Recell_footprint.key 
149406     DEBUG main            d.u.i.k.p.i.AbstractProblemLoader Environment load took 89.4ns 
149407     INFO  main            d.u.i.k.p.i.AbstractProblemLoader Creating init config 
152020     DEBUG main            d.u.i.k.p.i.AbstractProblemLoader Init config took 2.61s 
152061     INFO  main            d.u.i.k.p.i.AbstractProblemLoader Replaying proof Recell[Recell::footprint()].JML model_behavior operation contract.0 
152062     DEBUG main            d.u.i.k.p.i.IntermediateProofReplayer Proof replay took 6.2ns 
152164     INFO  main            d.u.i.k.p.r.p.TestFile    ... finished proof: closed. 
152436     INFO  main            d.u.i.k.p.i.AbstractProblemLoader Loading environment from /home/runner/work/key/key/key.core/../key.ui/examples/heap/model_methods/Recell_Recell_footprint.key.proof 
152436     DEBUG main            d.u.i.k.p.i.AbstractProblemLoader Environment load took 112.5ns 
152437     INFO  main            d.u.i.k.p.i.AbstractProblemLoader Creating init config 
154908     DEBUG main            d.u.i.k.p.i.AbstractProblemLoader Init config took 2.47s 
154945     INFO  main            d.u.i.k.p.i.AbstractProblemLoader Replaying proof Recell[Recell::footprint()].JML model_behavior operation contract.0 
154948     DEBUG main            d.u.i.k.p.i.IntermediateProofReplayer Proof replay took 1.26ms 
154948     DEBUG main            d.u.i.k.p.r.p.TestFile    ... success: reloaded. 
154949     INFO  main            d.u.i.k.p.r.p.TestFile    Now processing file /home/runner/work/key/key/key.core/../key.ui/examples/heap/model_methods/Recell_Recell_post_set.key 
154950     INFO  main            d.u.i.k.p.i.AbstractProblemLoader Loading environment from /home/runner/work/key/key/key.core/../key.ui/examples/heap/model_methods/Recell_Recell_post_set.key 
154950     DEBUG main            d.u.i.k.p.i.AbstractProblemLoader Environment load took 233.6ns 
154950     INFO  main            d.u.i.k.p.i.AbstractProblemLoader Creating init config 
157482     DEBUG main            d.u.i.k.p.i.AbstractProblemLoader Init config took 2.53s 
157519     INFO  main            d.u.i.k.p.i.AbstractProblemLoader Replaying proof Recell[Recell::post_set(int)].JML model_behavior operation contract.0 
157521     DEBUG main            d.u.i.k.p.i.IntermediateProofReplayer Proof replay took 7.8ns 
157624     INFO  main            d.u.i.k.p.r.p.TestFile    ... finished proof: closed. 
157902     INFO  main            d.u.i.k.p.i.AbstractProblemLoader Loading environment from /home/runner/work/key/key/key.core/../key.ui/examples/heap/model_methods/Recell_Recell_post_set.key.proof 
157902     DEBUG main            d.u.i.k.p.i.AbstractProblemLoader Environment load took 110ns 
157903     INFO  main            d.u.i.k.p.i.AbstractProblemLoader Creating init config 
160388     DEBUG main            d.u.i.k.p.i.AbstractProblemLoader Init config took 2.49s 
160424     INFO  main            d.u.i.k.p.i.AbstractProblemLoader Replaying proof Recell[Recell::post_set(int)].JML model_behavior operation contract.0 
160428     DEBUG main            d.u.i.k.p.i.IntermediateProofReplayer Proof replay took 2.08ms 
160428     DEBUG main            d.u.i.k.p.r.p.TestFile    ... success: reloaded. 
160429     INFO  main            d.u.i.k.p.r.p.TestFile    Now processing file /home/runner/work/key/key/key.core/../key.ui/examples/heap/model_methods/Recell_set.key 
160429     INFO  main            d.u.i.k.p.i.AbstractProblemLoader Loading environment from /home/runner/work/key/key/key.core/../key.ui/examples/heap/model_methods/Recell_set.key 
160430     DEBUG main            d.u.i.k.p.i.AbstractProblemLoader Environment load took 85.1ns 
160430     INFO  main            d.u.i.k.p.i.AbstractProblemLoader Creating init config 
162975     DEBUG main            d.u.i.k.p.i.AbstractProblemLoader Init config took 2.54s 
163012     INFO  main            d.u.i.k.p.i.AbstractProblemLoader Replaying proof Recell[Cell::set(int)].JML operation contract.0 
163013     DEBUG main            d.u.i.k.p.i.IntermediateProofReplayer Proof replay took 6.7ns 
169328     INFO  main            d.u.i.k.p.r.p.TestFile    ... finished proof: closed. 
169646     INFO  main            d.u.i.k.p.i.AbstractProblemLoader Loading environment from /home/runner/work/key/key/key.core/../key.ui/examples/heap/model_methods/Recell_set.key.proof 
169647     DEBUG main            d.u.i.k.p.i.AbstractProblemLoader Environment load took 876.82ns 
169648     INFO  main            d.u.i.k.p.i.AbstractProblemLoader Creating init config 
172134     DEBUG main            d.u.i.k.p.i.AbstractProblemLoader Init config took 2.49s 
172171     INFO  main            d.u.i.k.p.i.AbstractProblemLoader Replaying proof Recell[Cell::set(int)].JML operation contract.0 
172538     DEBUG main            d.u.i.k.p.i.IntermediateProofReplayer Proof replay took 347.17ms 
172540     DEBUG main            d.u.i.k.p.r.p.TestFile    ... success: reloaded. 
172541     INFO  main            d.u.i.k.p.r.p.TestFile    Now processing file /home/runner/work/key/key/key.core/../key.ui/examples/heap/model_methods/Recell_undo.key 
172541     INFO  main            d.u.i.k.p.i.AbstractProblemLoader Loading environment from /home/runner/work/key/key/key.core/../key.ui/examples/heap/model_methods/Recell_undo.key 
172541     DEBUG main            d.u.i.k.p.i.AbstractProblemLoader Environment load took 160.3ns 
172542     INFO  main            d.u.i.k.p.i.AbstractProblemLoader Creating init config 
175096     DEBUG main            d.u.i.k.p.i.AbstractProblemLoader Init config took 2.55s 
175133     INFO  main            d.u.i.k.p.i.AbstractProblemLoader Replaying proof Recell[Recell::undo()].JML operation contract.0 
175135     DEBUG main            d.u.i.k.p.i.IntermediateProofReplayer Proof replay took 7ns 
175240     INFO  main            d.u.i.k.p.r.p.TestFile    ... finished proof: closed. 
175524     INFO  main            d.u.i.k.p.i.AbstractProblemLoader Loading environment from /home/runner/work/key/key/key.core/../key.ui/examples/heap/model_methods/Recell_undo.key.proof 
175524     DEBUG main            d.u.i.k.p.i.AbstractProblemLoader Environment load took 112.7ns 
175525     INFO  main            d.u.i.k.p.i.AbstractProblemLoader Creating init config 
177999     DEBUG main            d.u.i.k.p.i.AbstractProblemLoader Init config took 2.47s 
178036     INFO  main            d.u.i.k.p.i.AbstractProblemLoader Replaying proof Recell[Recell::undo()].JML operation contract.0 
178063     DEBUG main            d.u.i.k.p.i.IntermediateProofReplayer Proof replay took 24.38ms 
178064     DEBUG main            d.u.i.k.p.r.p.TestFile    ... success: reloaded. 
4033235    INFO  Test worker     d.u.i.k.p.r.RunAllProofsTestUnit Returning from test modelMethods 
4033236    INFO  Test worker     d.u.i.k.p.r.RunAllProofsTestUnit Running test permissionHeap 
315        INFO  Timeout watchdog d.u.i.k.p.r.p.ForkedTestFileRunner Timeout watcher launched (2000 secs.) 
329        WARN  main            d.u.i.k.s.ProofSettings   The settings in /home/runner/.key/proof-settings.props are *not* read. 
371        INFO  main            d.u.i.k.p.r.p.TestFile    Now processing file /home/runner/work/key/key/key.core/../key.ui/examples/heap/permissions/permissions_method0.key 
493        INFO  main            d.u.i.k.p.i.AbstractProblemLoader Loading environment from /home/runner/work/key/key/key.core/../key.ui/examples/heap/permissions/permissions_method0.key 
513        DEBUG main            d.u.i.k.p.i.AbstractProblemLoader Environment load took 1.89ms 
729        INFO  main            d.u.i.k.p.i.AbstractProblemLoader Creating init config 
1675       DEBUG main            d.u.i.k.j.TypeConverter   No LDT found for Meta 
1676       DEBUG main            d.u.i.k.j.TypeConverter   No LDT found for Meta 
1678       DEBUG main            d.u.i.k.j.TypeConverter   No LDT found for Meta 
1678       DEBUG main            d.u.i.k.j.TypeConverter   No LDT found for Meta 
2813       DEBUG main            d.u.i.k.j.TypeConverter   No LDT found for JavaBigintExpression 
7540       DEBUG main            d.u.i.k.p.i.AbstractProblemLoader Init config took 6.81s 
7667       INFO  main            d.u.i.k.p.i.AbstractProblemLoader Replaying proof MyClass[MyClass::method0()].JML normal_behavior operation contract.0 
7700       DEBUG main            d.u.i.k.p.i.IntermediateProofReplayer Proof replay took 31.1ns 
8525       INFO  main            d.u.i.k.p.r.p.TestFile    ... finished proof: closed. 
8639       INFO  main            d.u.i.k.p.i.AbstractProblemLoader Loading environment from /home/runner/work/key/key/key.core/../key.ui/examples/heap/permissions/permissions_method0.key.proof 
8643       DEBUG main            d.u.i.k.p.i.AbstractProblemLoader Environment load took 4.49ms 
8645       INFO  main            d.u.i.k.p.i.AbstractProblemLoader Creating init config 
11379      DEBUG main            d.u.i.k.p.i.AbstractProblemLoader Init config took 2.73s 
11452      INFO  main            d.u.i.k.p.i.AbstractProblemLoader Replaying proof MyClass[MyClass::method0()].JML normal_behavior operation contract.0 
11539      DEBUG main            d.u.i.k.p.i.IntermediateProofReplayer Proof replay took 81.26ms 
11546      DEBUG main            d.u.i.k.p.r.p.TestFile    ... success: reloaded. 
11548      INFO  main            d.u.i.k.p.r.p.TestFile    Now processing file /home/runner/work/key/key/key.core/../key.ui/examples/heap/permissions/permissions_method1.key 
11548      INFO  main            d.u.i.k.p.i.AbstractProblemLoader Loading environment from /home/runner/work/key/key/key.core/../key.ui/examples/heap/permissions/permissions_method1.key 
11548      DEBUG main            d.u.i.k.p.i.AbstractProblemLoader Environment load took 230.91ns 
11550      INFO  main            d.u.i.k.p.i.AbstractProblemLoader Creating init config 
14273      DEBUG main            d.u.i.k.p.i.AbstractProblemLoader Init config took 2.72s 
14331      INFO  main            d.u.i.k.p.i.AbstractProblemLoader Replaying proof MyClass[MyClass::method1()].JML normal_behavior operation contract.0 
14334      DEBUG main            d.u.i.k.p.i.IntermediateProofReplayer Proof replay took 6.6ns 
14637      INFO  main            d.u.i.k.p.r.p.TestFile    ... finished proof: closed. 
14781      INFO  main            d.u.i.k.p.i.AbstractProblemLoader Loading environment from /home/runner/work/key/key/key.core/../key.ui/examples/heap/permissions/permissions_method1.key.proof 
14783      DEBUG main            d.u.i.k.p.i.AbstractProblemLoader Environment load took 1.28ms 
14784      INFO  main            d.u.i.k.p.i.AbstractProblemLoader Creating init config 
17405      DEBUG main            d.u.i.k.p.i.AbstractProblemLoader Init config took 2.62s 
17455      INFO  main            d.u.i.k.p.i.AbstractProblemLoader Replaying proof MyClass[MyClass::method1()].JML normal_behavior operation contract.0 
17512      DEBUG main            d.u.i.k.p.i.IntermediateProofReplayer Proof replay took 54.14ms 
17514      DEBUG main            d.u.i.k.p.r.p.TestFile    ... success: reloaded. 
17515      INFO  main            d.u.i.k.p.r.p.TestFile    Now processing file /home/runner/work/key/key/key.core/../key.ui/examples/heap/permissions/permissions_method3.key 
17515      INFO  main            d.u.i.k.p.i.AbstractProblemLoader Loading environment from /home/runner/work/key/key/key.core/../key.ui/examples/heap/permissions/permissions_method3.key 
17516      DEBUG main            d.u.i.k.p.i.AbstractProblemLoader Environment load took 186.4ns 
17517      INFO  main            d.u.i.k.p.i.AbstractProblemLoader Creating init config 
20094      DEBUG main            d.u.i.k.p.i.AbstractProblemLoader Init config took 2.58s 
20140      INFO  main            d.u.i.k.p.i.AbstractProblemLoader Replaying proof MyClass[MyClass::method3()].JML normal_behavior operation contract.0 
20142      DEBUG main            d.u.i.k.p.i.IntermediateProofReplayer Proof replay took 5.7ns 
21553      INFO  main            d.u.i.k.p.r.p.TestFile    ... finished proof: closed. 
21739      INFO  main            d.u.i.k.p.i.AbstractProblemLoader Loading environment from /home/runner/work/key/key/key.core/../key.ui/examples/heap/permissions/permissions_method3.key.proof 
21739      DEBUG main            d.u.i.k.p.i.AbstractProblemLoader Environment load took 130.9ns 
21742      INFO  main            d.u.i.k.p.i.AbstractProblemLoader Creating init config 
24237      DEBUG main            d.u.i.k.p.i.AbstractProblemLoader Init config took 2.5s 
24281      INFO  main            d.u.i.k.p.i.AbstractProblemLoader Replaying proof MyClass[MyClass::method3()].JML normal_behavior operation contract.0 
24469      DEBUG main            d.u.i.k.p.i.IntermediateProofReplayer Proof replay took 180.5ms 
24471      DEBUG main            d.u.i.k.p.r.p.TestFile    ... success: reloaded. 
24472      INFO  main            d.u.i.k.p.r.p.TestFile    Now processing file /home/runner/work/key/key/key.core/../key.ui/examples/heap/permissions/permissions_setAB.key 
24472      INFO  main            d.u.i.k.p.i.AbstractProblemLoader Loading environment from /home/runner/work/key/key/key.core/../key.ui/examples/heap/permissions/permissions_setAB.key 
24473      DEBUG main            d.u.i.k.p.i.AbstractProblemLoader Environment load took 174ns 
24474      INFO  main            d.u.i.k.p.i.AbstractProblemLoader Creating init config 
26975      DEBUG main            d.u.i.k.p.i.AbstractProblemLoader Init config took 2.5s 
27043      INFO  main            d.u.i.k.p.i.AbstractProblemLoader Replaying proof MyClass[MyClass::setAB()].JML normal_behavior operation contract.0 
27046      DEBUG main            d.u.i.k.p.i.IntermediateProofReplayer Proof replay took 5.9ns 
28555      INFO  main            d.u.i.k.p.r.p.TestFile    ... finished proof: closed. 
28726      INFO  main            d.u.i.k.p.i.AbstractProblemLoader Loading environment from /home/runner/work/key/key/key.core/../key.ui/examples/heap/permissions/permissions_setAB.key.proof 
28726      DEBUG main            d.u.i.k.p.i.AbstractProblemLoader Environment load took 131.7ns 
28728      INFO  main            d.u.i.k.p.i.AbstractProblemLoader Creating init config 
31216      DEBUG main            d.u.i.k.p.i.AbstractProblemLoader Init config took 2.49s 
31259      INFO  main            d.u.i.k.p.i.AbstractProblemLoader Replaying proof MyClass[MyClass::setAB()].JML normal_behavior operation contract.0 
31412      DEBUG main            d.u.i.k.p.i.IntermediateProofReplayer Proof replay took 147.13ms 
31413      DEBUG main            d.u.i.k.p.r.p.TestFile    ... success: reloaded. 
31414      INFO  main            d.u.i.k.p.r.p.TestFile    Now processing file /home/runner/work/key/key/key.core/../key.ui/examples/heap/permissions/permissionProperties.key 
31415      INFO  main            d.u.i.k.p.i.AbstractProblemLoader Loading environment from /home/runner/work/key/key/key.core/../key.ui/examples/heap/permissions/permissionProperties.key 
31415      DEBUG main            d.u.i.k.p.i.AbstractProblemLoader Environment load took 174.4ns 
31416      INFO  main            d.u.i.k.p.i.AbstractProblemLoader Creating init config 
31544      DEBUG main            d.u.i.k.j.TypeConverter   No LDT found for Meta 
31545      DEBUG main            d.u.i.k.j.TypeConverter   No LDT found for Meta 
31545      DEBUG main            d.u.i.k.j.TypeConverter   No LDT found for Meta 
31546      DEBUG main            d.u.i.k.j.TypeConverter   No LDT found for Meta 
32092      DEBUG main            d.u.i.k.j.TypeConverter   No LDT found for JavaBigintExpression 
34709      DEBUG main            d.u.i.k.p.i.AbstractProblemLoader Init config took 3.29s 
34730      INFO  main            d.u.i.k.p.i.AbstractProblemLoader Replaying proof permissionProperties.key 
34732      DEBUG main            d.u.i.k.p.i.IntermediateProofReplayer Proof replay took 6.9ns 
34836      INFO  main            d.u.i.k.p.r.p.TestFile    ... finished proof: closed. 
34994      INFO  main            d.u.i.k.p.i.AbstractProblemLoader Loading environment from /home/runner/work/key/key/key.core/../key.ui/examples/heap/permissions/permissionProperties.key.proof 
34995      DEBUG main            d.u.i.k.p.i.AbstractProblemLoader Environment load took 358.31ns 
34996      INFO  main            d.u.i.k.p.i.AbstractProblemLoader Creating init config 
37282      DEBUG main            d.u.i.k.p.i.AbstractProblemLoader Init config took 2.29s 
37301      INFO  main            d.u.i.k.p.i.AbstractProblemLoader Replaying proof permissionProperties.key.proof 
37317      DEBUG main            d.u.i.k.p.i.IntermediateProofReplayer Proof replay took 13.01ms 
37318      DEBUG main            d.u.i.k.p.r.p.TestFile    ... success: reloaded. 
37319      INFO  main            d.u.i.k.p.r.p.TestFile    Now processing file /home/runner/work/key/key/key.core/../key.ui/examples/heap/permissions/threads/AFilter_AFilter.key 
37320      INFO  main            d.u.i.k.p.i.AbstractProblemLoader Loading environment from /home/runner/work/key/key/key.core/../key.ui/examples/heap/permissions/threads/AFilter_AFilter.key 
37320      DEBUG main            d.u.i.k.p.i.AbstractProblemLoader Environment load took 187.3ns 
37321      INFO  main            d.u.i.k.p.i.AbstractProblemLoader Creating init config 
37435      DEBUG main            d.u.i.k.j.TypeConverter   No LDT found for Meta 
37436      DEBUG main            d.u.i.k.j.TypeConverter   No LDT found for Meta 
37436      DEBUG main            d.u.i.k.j.TypeConverter   No LDT found for Meta 
37436      DEBUG main            d.u.i.k.j.TypeConverter   No LDT found for Meta 
38054      DEBUG main            d.u.i.k.j.TypeConverter   No LDT found for JavaBigintExpression 
43146      DEBUG main            d.u.i.k.p.i.AbstractProblemLoader Init config took 5.82s 
43248      INFO  main            d.u.i.k.p.i.AbstractProblemLoader Replaying proof AFilter[AFilter::AFilter(Sampler,Buffer)].JML normal_behavior operation contract.0 
43250      DEBUG main            d.u.i.k.p.i.IntermediateProofReplayer Proof replay took 7ns 
44265      INFO  main            d.u.i.k.p.r.p.TestFile    ... finished proof: closed. 
44490      INFO  main            d.u.i.k.p.i.AbstractProblemLoader Loading environment from /home/runner/work/key/key/key.core/../key.ui/examples/heap/permissions/threads/AFilter_AFilter.key.proof 
44490      DEBUG main            d.u.i.k.p.i.AbstractProblemLoader Environment load took 140.4ns 
44491      INFO  main            d.u.i.k.p.i.AbstractProblemLoader Creating init config 
48955      DEBUG main            d.u.i.k.p.i.AbstractProblemLoader Init config took 4.46s 
49062      INFO  main            d.u.i.k.p.i.AbstractProblemLoader Replaying proof AFilter[AFilter::AFilter(Sampler,Buffer)].JML normal_behavior operation contract.0 
49180      DEBUG main            d.u.i.k.p.i.IntermediateProofReplayer Proof replay took 113.99ms 
49182      DEBUG main            d.u.i.k.p.r.p.TestFile    ... success: reloaded. 
49183      INFO  main            d.u.i.k.p.r.p.TestFile    Now processing file /home/runner/work/key/key/key.core/../key.ui/examples/heap/permissions/threads/AFilter_initPost_accessible.key 
49184      INFO  main            d.u.i.k.p.i.AbstractProblemLoader Loading environment from /home/runner/work/key/key/key.core/../key.ui/examples/heap/permissions/threads/AFilter_initPost_accessible.key 
49184      DEBUG main            d.u.i.k.p.i.AbstractProblemLoader Environment load took 175.5ns 
49185      INFO  main            d.u.i.k.p.i.AbstractProblemLoader Creating init config 
53588      DEBUG main            d.u.i.k.p.i.AbstractProblemLoader Init config took 4.4s 
53673      INFO  main            d.u.i.k.p.i.AbstractProblemLoader Replaying proof AFilter[ThreadSpec2::initPost()].JML accessible clause.0 
53675      DEBUG main            d.u.i.k.p.i.IntermediateProofReplayer Proof replay took 7.5ns 
53777      INFO  main            d.u.i.k.p.r.p.TestFile    ... finished proof: closed. 
53982      INFO  main            d.u.i.k.p.i.AbstractProblemLoader Loading environment from /home/runner/work/key/key/key.core/../key.ui/examples/heap/permissions/threads/AFilter_initPost_accessible.key.proof 
53982      DEBUG main            d.u.i.k.p.i.AbstractProblemLoader Environment load took 118.1ns 
53983      INFO  main            d.u.i.k.p.i.AbstractProblemLoader Creating init config 
58410      DEBUG main            d.u.i.k.p.i.AbstractProblemLoader Init config took 4.43s 
58494      INFO  main            d.u.i.k.p.i.AbstractProblemLoader Replaying proof AFilter[ThreadSpec2::initPost()].JML accessible clause.0 
58505      DEBUG main            d.u.i.k.p.i.IntermediateProofReplayer Proof replay took 9.73ms 
58507      DEBUG main            d.u.i.k.p.r.p.TestFile    ... success: reloaded. 
58508      INFO  main            d.u.i.k.p.r.p.TestFile    Now processing file /home/runner/work/key/key/key.core/../key.ui/examples/heap/permissions/threads/AFilter_inv_accessible1.key 
58508      INFO  main            d.u.i.k.p.i.AbstractProblemLoader Loading environment from /home/runner/work/key/key/key.core/../key.ui/examples/heap/permissions/threads/AFilter_inv_accessible1.key 
58508      DEBUG main            d.u.i.k.p.i.AbstractProblemLoader Environment load took 176ns 
58509      INFO  main            d.u.i.k.p.i.AbstractProblemLoader Creating init config 
62922      DEBUG main            d.u.i.k.p.i.AbstractProblemLoader Init config took 4.41s 
63003      INFO  main            d.u.i.k.p.i.AbstractProblemLoader Replaying proof AFilter[java.lang.Object::<inv>()].JML accessible clause.0 
63005      DEBUG main            d.u.i.k.p.i.IntermediateProofReplayer Proof replay took 6.6ns 
63107      INFO  main            d.u.i.k.p.r.p.TestFile    ... finished proof: closed. 
63334      INFO  main            d.u.i.k.p.i.AbstractProblemLoader Loading environment from /home/runner/work/key/key/key.core/../key.ui/examples/heap/permissions/threads/AFilter_inv_accessible1.key.proof 
63334      DEBUG main            d.u.i.k.p.i.AbstractProblemLoader Environment load took 120.3ns 
63336      INFO  main            d.u.i.k.p.i.AbstractProblemLoader Creating init config 
67706      DEBUG main            d.u.i.k.p.i.AbstractProblemLoader Init config took 4.37s 
67802      INFO  main            d.u.i.k.p.i.AbstractProblemLoader Replaying proof AFilter[java.lang.Object::<inv>()].JML accessible clause.0 
67805      DEBUG main            d.u.i.k.p.i.IntermediateProofReplayer Proof replay took 1.88ms 
67806      DEBUG main            d.u.i.k.p.r.p.TestFile    ... success: reloaded. 
67808      INFO  main            d.u.i.k.p.r.p.TestFile    Now processing file /home/runner/work/key/key/key.core/../key.ui/examples/heap/permissions/threads/AFilter_inv_accessible2.key 
67808      INFO  main            d.u.i.k.p.i.AbstractProblemLoader Loading environment from /home/runner/work/key/key/key.core/../key.ui/examples/heap/permissions/threads/AFilter_inv_accessible2.key 
67808      DEBUG main            d.u.i.k.p.i.AbstractProblemLoader Environment load took 204.7ns 
67809      INFO  main            d.u.i.k.p.i.AbstractProblemLoader Creating init config 
72182      DEBUG main            d.u.i.k.p.i.AbstractProblemLoader Init config took 4.37s 
72277      INFO  main            d.u.i.k.p.i.AbstractProblemLoader Replaying proof AFilter[java.lang.Object::<inv>()].JML accessible clause.1 
72279      DEBUG main            d.u.i.k.p.i.IntermediateProofReplayer Proof replay took 7.1ns 
72381      INFO  main            d.u.i.k.p.r.p.TestFile    ... finished proof: closed. 
72591      INFO  main            d.u.i.k.p.i.AbstractProblemLoader Loading environment from /home/runner/work/key/key/key.core/../key.ui/examples/heap/permissions/threads/AFilter_inv_accessible2.key.proof 
72591      DEBUG main            d.u.i.k.p.i.AbstractProblemLoader Environment load took 115.5ns 
72592      INFO  main            d.u.i.k.p.i.AbstractProblemLoader Creating init config 
76942      DEBUG main            d.u.i.k.p.i.AbstractProblemLoader Init config took 4.35s 
77037      INFO  main            d.u.i.k.p.i.AbstractProblemLoader Replaying proof AFilter[java.lang.Object::<inv>()].JML accessible clause.1 
77043      DEBUG main            d.u.i.k.p.i.IntermediateProofReplayer Proof replay took 4.49ms 
77046      DEBUG main            d.u.i.k.p.r.p.TestFile    ... success: reloaded. 
77048      INFO  main            d.u.i.k.p.r.p.TestFile    Now processing file /home/runner/work/key/key/key.core/../key.ui/examples/heap/permissions/threads/AFilter_joinTransfer_accessible.key 
77049      INFO  main            d.u.i.k.p.i.AbstractProblemLoader Loading environment from /home/runner/work/key/key/key.core/../key.ui/examples/heap/permissions/threads/AFilter_joinTransfer_accessible.key 
77049      DEBUG main            d.u.i.k.p.i.AbstractProblemLoader Environment load took 212.3ns 
77050      INFO  main            d.u.i.k.p.i.AbstractProblemLoader Creating init config 
81439      DEBUG main            d.u.i.k.p.i.AbstractProblemLoader Init config took 4.39s 
81517      INFO  main            d.u.i.k.p.i.AbstractProblemLoader Replaying proof AFilter[ThreadSpec2::joinTransfer()].JML accessible clause.0 
81519      DEBUG main            d.u.i.k.p.i.IntermediateProofReplayer Proof replay took 6.8ns 
84829      INFO  main            d.u.i.k.p.r.p.TestFile    ... finished proof: closed. 
85063      INFO  main            d.u.i.k.p.i.AbstractProblemLoader Loading environment from /home/runner/work/key/key/key.core/../key.ui/examples/heap/permissions/threads/AFilter_joinTransfer_accessible.key.proof 
85064      DEBUG main            d.u.i.k.p.i.AbstractProblemLoader Environment load took 406.71ns 
85071      INFO  main            d.u.i.k.p.i.AbstractProblemLoader Creating init config 
89403      DEBUG main            d.u.i.k.p.i.AbstractProblemLoader Init config took 4.33s 
89493      INFO  main            d.u.i.k.p.i.AbstractProblemLoader Replaying proof AFilter[ThreadSpec2::joinTransfer()].JML accessible clause.0 
89732      DEBUG main            d.u.i.k.p.i.IntermediateProofReplayer Proof replay took 228.63ms 
89734      DEBUG main            d.u.i.k.p.r.p.TestFile    ... success: reloaded. 
89735      INFO  main            d.u.i.k.p.r.p.TestFile    Now processing file /home/runner/work/key/key/key.core/../key.ui/examples/heap/permissions/threads/AFilter_joinTransfer_contract.key 
89735      INFO  main            d.u.i.k.p.i.AbstractProblemLoader Loading environment from /home/runner/work/key/key/key.core/../key.ui/examples/heap/permissions/threads/AFilter_joinTransfer_contract.key 
89736      DEBUG main            d.u.i.k.p.i.AbstractProblemLoader Environment load took 181.1ns 
89737      INFO  main            d.u.i.k.p.i.AbstractProblemLoader Creating init config 
94155      DEBUG main            d.u.i.k.p.i.AbstractProblemLoader Init config took 4.42s 
94233      INFO  main            d.u.i.k.p.i.AbstractProblemLoader Replaying proof AFilter[ThreadSpec2::joinTransfer()].JML model_behavior operation contract.0 
94235      DEBUG main            d.u.i.k.p.i.IntermediateProofReplayer Proof replay took 7.8ns 
94339      INFO  main            d.u.i.k.p.r.p.TestFile    ... finished proof: closed. 
94565      INFO  main            d.u.i.k.p.i.AbstractProblemLoader Loading environment from /home/runner/work/key/key/key.core/../key.ui/examples/heap/permissions/threads/AFilter_joinTransfer_contract.key.proof 
94565      DEBUG main            d.u.i.k.p.i.AbstractProblemLoader Environment load took 131.3ns 
94567      INFO  main            d.u.i.k.p.i.AbstractProblemLoader Creating init config 
98933      DEBUG main            d.u.i.k.p.i.AbstractProblemLoader Init config took 4.37s 
99011      INFO  main            d.u.i.k.p.i.AbstractProblemLoader Replaying proof AFilter[ThreadSpec2::joinTransfer()].JML model_behavior operation contract.0 
99019      DEBUG main            d.u.i.k.p.i.IntermediateProofReplayer Proof replay took 6.55ms 
99020      DEBUG main            d.u.i.k.p.r.p.TestFile    ... success: reloaded. 
99021      INFO  main            d.u.i.k.p.r.p.TestFile    Now processing file /home/runner/work/key/key/key.core/../key.ui/examples/heap/permissions/threads/AFilter_postJoin_accessible.key 
99022      INFO  main            d.u.i.k.p.i.AbstractProblemLoader Loading environment from /home/runner/work/key/key/key.core/../key.ui/examples/heap/permissions/threads/AFilter_postJoin_accessible.key 
99022      DEBUG main            d.u.i.k.p.i.AbstractProblemLoader Environment load took 97.3ns 
99023      INFO  main            d.u.i.k.p.i.AbstractProblemLoader Creating init config 
103380     DEBUG main            d.u.i.k.p.i.AbstractProblemLoader Init config took 4.36s 
103457     INFO  main            d.u.i.k.p.i.AbstractProblemLoader Replaying proof AFilter[ThreadSpec2::postJoin(java.lang.Object)].JML accessible clause.0 
103459     DEBUG main            d.u.i.k.p.i.IntermediateProofReplayer Proof replay took 6.2ns 
103560     INFO  main            d.u.i.k.p.r.p.TestFile    ... finished proof: closed. 
103825     INFO  main            d.u.i.k.p.i.AbstractProblemLoader Loading environment from /home/runner/work/key/key/key.core/../key.ui/examples/heap/permissions/threads/AFilter_postJoin_accessible.key.proof 
103825     DEBUG main            d.u.i.k.p.i.AbstractProblemLoader Environment load took 126.3ns 
103826     INFO  main            d.u.i.k.p.i.AbstractProblemLoader Creating init config 
108160     DEBUG main            d.u.i.k.p.i.AbstractProblemLoader Init config took 4.33s 
108239     INFO  main            d.u.i.k.p.i.AbstractProblemLoader Replaying proof AFilter[ThreadSpec2::postJoin(java.lang.Object)].JML accessible clause.0 
108250     DEBUG main            d.u.i.k.p.i.IntermediateProofReplayer Proof replay took 7.21ms 
108251     DEBUG main            d.u.i.k.p.r.p.TestFile    ... success: reloaded. 
108253     INFO  main            d.u.i.k.p.r.p.TestFile    Now processing file /home/runner/work/key/key/key.core/../key.ui/examples/heap/permissions/threads/AFilter_preStart_accessible.key 
108253     INFO  main            d.u.i.k.p.i.AbstractProblemLoader Loading environment from /home/runner/work/key/key/key.core/../key.ui/examples/heap/permissions/threads/AFilter_preStart_accessible.key 
108253     DEBUG main            d.u.i.k.p.i.AbstractProblemLoader Environment load took 57.6ns 
108254     INFO  main            d.u.i.k.p.i.AbstractProblemLoader Creating init config 
112612     DEBUG main            d.u.i.k.p.i.AbstractProblemLoader Init config took 4.36s 
112690     INFO  main            d.u.i.k.p.i.AbstractProblemLoader Replaying proof AFilter[ThreadSpec2::preStart(java.lang.Object)].JML accessible clause.0 
112692     DEBUG main            d.u.i.k.p.i.IntermediateProofReplayer Proof replay took 6.8ns 
112995     INFO  main            d.u.i.k.p.r.p.TestFile    ... finished proof: closed. 
113257     INFO  main            d.u.i.k.p.i.AbstractProblemLoader Loading environment from /home/runner/work/key/key/key.core/../key.ui/examples/heap/permissions/threads/AFilter_preStart_accessible.key.proof 
113257     DEBUG main            d.u.i.k.p.i.AbstractProblemLoader Environment load took 116ns 
113258     INFO  main            d.u.i.k.p.i.AbstractProblemLoader Creating init config 
117588     DEBUG main            d.u.i.k.p.i.AbstractProblemLoader Init config took 4.33s 
117680     INFO  main            d.u.i.k.p.i.AbstractProblemLoader Replaying proof AFilter[ThreadSpec2::preStart(java.lang.Object)].JML accessible clause.0 
117705     DEBUG main            d.u.i.k.p.i.IntermediateProofReplayer Proof replay took 22.76ms 
117706     DEBUG main            d.u.i.k.p.r.p.TestFile    ... success: reloaded. 
117707     INFO  main            d.u.i.k.p.r.p.TestFile    Now processing file /home/runner/work/key/key/key.core/../key.ui/examples/heap/permissions/threads/AFilter_startTransfer_accessible.key 
117708     INFO  main            d.u.i.k.p.i.AbstractProblemLoader Loading environment from /home/runner/work/key/key/key.core/../key.ui/examples/heap/permissions/threads/AFilter_startTransfer_accessible.key 
117708     DEBUG main            d.u.i.k.p.i.AbstractProblemLoader Environment load took 89.2ns 
117709     INFO  main            d.u.i.k.p.i.AbstractProblemLoader Creating init config 
122088     DEBUG main            d.u.i.k.p.i.AbstractProblemLoader Init config took 4.38s 
122179     INFO  main            d.u.i.k.p.i.AbstractProblemLoader Replaying proof AFilter[ThreadSpec2::startTransfer()].JML accessible clause.0 
122181     DEBUG main            d.u.i.k.p.i.IntermediateProofReplayer Proof replay took 7ns 
128122     INFO  main            d.u.i.k.p.r.p.TestFile    ... finished proof: closed. 
128387     INFO  main            d.u.i.k.p.i.AbstractProblemLoader Loading environment from /home/runner/work/key/key/key.core/../key.ui/examples/heap/permissions/threads/AFilter_startTransfer_accessible.key.proof 
128387     DEBUG main            d.u.i.k.p.i.AbstractProblemLoader Environment load took 347.81ns 
128388     INFO  main            d.u.i.k.p.i.AbstractProblemLoader Creating init config 
132707     DEBUG main            d.u.i.k.p.i.AbstractProblemLoader Init config took 4.32s 
132783     INFO  main            d.u.i.k.p.i.AbstractProblemLoader Replaying proof AFilter[ThreadSpec2::startTransfer()].JML accessible clause.0 
133115     DEBUG main            d.u.i.k.p.i.IntermediateProofReplayer Proof replay took 317.54ms 
133117     DEBUG main            d.u.i.k.p.r.p.TestFile    ... success: reloaded. 
133118     INFO  main            d.u.i.k.p.r.p.TestFile    Now processing file /home/runner/work/key/key/key.core/../key.ui/examples/heap/permissions/threads/AFilter_startTransfer_contract.key 
133119     INFO  main            d.u.i.k.p.i.AbstractProblemLoader Loading environment from /home/runner/work/key/key/key.core/../key.ui/examples/heap/permissions/threads/AFilter_startTransfer_contract.key 
133119     DEBUG main            d.u.i.k.p.i.AbstractProblemLoader Environment load took 132.6ns 
133120     INFO  main            d.u.i.k.p.i.AbstractProblemLoader Creating init config 
137475     DEBUG main            d.u.i.k.p.i.AbstractProblemLoader Init config took 4.36s 
137553     INFO  main            d.u.i.k.p.i.AbstractProblemLoader Replaying proof AFilter[ThreadSpec2::startTransfer()].JML model_behavior operation contract.0 
137554     DEBUG main            d.u.i.k.p.i.IntermediateProofReplayer Proof replay took 6.6ns 
137961     INFO  main            d.u.i.k.p.r.p.TestFile    ... finished proof: closed. 
138222     INFO  main            d.u.i.k.p.i.AbstractProblemLoader Loading environment from /home/runner/work/key/key/key.core/../key.ui/examples/heap/permissions/threads/AFilter_startTransfer_contract.key.proof 
138223     DEBUG main            d.u.i.k.p.i.AbstractProblemLoader Environment load took 890.42ns 
138224     INFO  main            d.u.i.k.p.i.AbstractProblemLoader Creating init config 
142508     DEBUG main            d.u.i.k.p.i.AbstractProblemLoader Init config took 4.28s 
142602     INFO  main            d.u.i.k.p.i.AbstractProblemLoader Replaying proof AFilter[ThreadSpec2::startTransfer()].JML model_behavior operation contract.0 
142654     DEBUG main            d.u.i.k.p.i.IntermediateProofReplayer Proof replay took 47.1ms 
142656     DEBUG main            d.u.i.k.p.r.p.TestFile    ... success: reloaded. 
142657     INFO  main            d.u.i.k.p.r.p.TestFile    Now processing file /home/runner/work/key/key/key.core/../key.ui/examples/heap/permissions/threads/AFilter_stateInv_accessible.key 
142657     INFO  main            d.u.i.k.p.i.AbstractProblemLoader Loading environment from /home/runner/work/key/key/key.core/../key.ui/examples/heap/permissions/threads/AFilter_stateInv_accessible.key 
142657     DEBUG main            d.u.i.k.p.i.AbstractProblemLoader Environment load took 111.7ns 
142658     INFO  main            d.u.i.k.p.i.AbstractProblemLoader Creating init config 
147041     DEBUG main            d.u.i.k.p.i.AbstractProblemLoader Init config took 4.38s 
147133     INFO  main            d.u.i.k.p.i.AbstractProblemLoader Replaying proof AFilter[ThreadSpec2::stateInv()].JML accessible clause.0 
147135     DEBUG main            d.u.i.k.p.i.IntermediateProofReplayer Proof replay took 6.6ns 
147437     INFO  main            d.u.i.k.p.r.p.TestFile    ... finished proof: closed. 
147703     INFO  main            d.u.i.k.p.i.AbstractProblemLoader Loading environment from /home/runner/work/key/key/key.core/../key.ui/examples/heap/permissions/threads/AFilter_stateInv_accessible.key.proof 
147704     DEBUG main            d.u.i.k.p.i.AbstractProblemLoader Environment load took 122ns 
147705     INFO  main            d.u.i.k.p.i.AbstractProblemLoader Creating init config 
152005     DEBUG main            d.u.i.k.p.i.AbstractProblemLoader Init config took 4.3s 
152081     INFO  main            d.u.i.k.p.i.AbstractProblemLoader Replaying proof AFilter[ThreadSpec2::stateInv()].JML accessible clause.0 
152109     DEBUG main            d.u.i.k.p.i.IntermediateProofReplayer Proof replay took 25.12ms 
152110     DEBUG main            d.u.i.k.p.r.p.TestFile    ... success: reloaded. 
152111     INFO  main            d.u.i.k.p.r.p.TestFile    Now processing file /home/runner/work/key/key/key.core/../key.ui/examples/heap/permissions/threads/AFilter_staticPermissions_accessible.key 
152111     INFO  main            d.u.i.k.p.i.AbstractProblemLoader Loading environment from /home/runner/work/key/key/key.core/../key.ui/examples/heap/permissions/threads/AFilter_staticPermissions_accessible.key 
152111     DEBUG main            d.u.i.k.p.i.AbstractProblemLoader Environment load took 77.6ns 
152112     INFO  main            d.u.i.k.p.i.AbstractProblemLoader Creating init config 
156486     DEBUG main            d.u.i.k.p.i.AbstractProblemLoader Init config took 4.37s 
156562     INFO  main            d.u.i.k.p.i.AbstractProblemLoader Replaying proof AFilter[ThreadSpec2::staticPermissions()].JML accessible clause.0 
156564     DEBUG main            d.u.i.k.p.i.IntermediateProofReplayer Proof replay took 6.2ns 
156666     INFO  main            d.u.i.k.p.r.p.TestFile    ... finished proof: closed. 
156935     INFO  main            d.u.i.k.p.i.AbstractProblemLoader Loading environment from /home/runner/work/key/key/key.core/../key.ui/examples/heap/permissions/threads/AFilter_staticPermissions_accessible.key.proof 
156935     DEBUG main            d.u.i.k.p.i.AbstractProblemLoader Environment load took 113.9ns 
156936     INFO  main            d.u.i.k.p.i.AbstractProblemLoader Creating init config 
161225     DEBUG main            d.u.i.k.p.i.AbstractProblemLoader Init config took 4.29s 
161301     INFO  main            d.u.i.k.p.i.AbstractProblemLoader Replaying proof AFilter[ThreadSpec2::staticPermissions()].JML accessible clause.0 
161310     DEBUG main            d.u.i.k.p.i.IntermediateProofReplayer Proof replay took 7.32ms 
161311     DEBUG main            d.u.i.k.p.r.p.TestFile    ... success: reloaded. 
161312     INFO  main            d.u.i.k.p.r.p.TestFile    Now processing file /home/runner/work/key/key/key.core/../key.ui/examples/heap/permissions/threads/AFilter_workingPermissions_accessible.key 
161312     INFO  main            d.u.i.k.p.i.AbstractProblemLoader Loading environment from /home/runner/work/key/key/key.core/../key.ui/examples/heap/permissions/threads/AFilter_workingPermissions_accessible.key 
161312     DEBUG main            d.u.i.k.p.i.AbstractProblemLoader Environment load took 86.8ns 
161313     INFO  main            d.u.i.k.p.i.AbstractProblemLoader Creating init config 
165670     DEBUG main            d.u.i.k.p.i.AbstractProblemLoader Init config took 4.36s 
165746     INFO  main            d.u.i.k.p.i.AbstractProblemLoader Replaying proof AFilter[ThreadSpec2::workingPermissions()].JML accessible clause.0 
165748     DEBUG main            d.u.i.k.p.i.IntermediateProofReplayer Proof replay took 6.2ns 
165850     INFO  main            d.u.i.k.p.r.p.TestFile    ... finished proof: closed. 
166118     INFO  main            d.u.i.k.p.i.AbstractProblemLoader Loading environment from /home/runner/work/key/key/key.core/../key.ui/examples/heap/permissions/threads/AFilter_workingPermissions_accessible.key.proof 
166119     DEBUG main            d.u.i.k.p.i.AbstractProblemLoader Environment load took 116.3ns 
166120     INFO  main            d.u.i.k.p.i.AbstractProblemLoader Creating init config 
170417     DEBUG main            d.u.i.k.p.i.AbstractProblemLoader Init config took 4.3s 
170492     INFO  main            d.u.i.k.p.i.AbstractProblemLoader Replaying proof AFilter[ThreadSpec2::workingPermissions()].JML accessible clause.0 
170501     DEBUG main            d.u.i.k.p.i.IntermediateProofReplayer Proof replay took 6.59ms 
170501     DEBUG main            d.u.i.k.p.r.p.TestFile    ... success: reloaded. 
170502     INFO  main            d.u.i.k.p.r.p.TestFile    Now processing file /home/runner/work/key/key/key.core/../key.ui/examples/heap/permissions/threads/BFilter_BFilter.key 
170503     INFO  main            d.u.i.k.p.i.AbstractProblemLoader Loading environment from /home/runner/work/key/key/key.core/../key.ui/examples/heap/permissions/threads/BFilter_BFilter.key 
170503     DEBUG main            d.u.i.k.p.i.AbstractProblemLoader Environment load took 90.2ns 
170504     INFO  main            d.u.i.k.p.i.AbstractProblemLoader Creating init config 
174878     DEBUG main            d.u.i.k.p.i.AbstractProblemLoader Init config took 4.37s 
174959     INFO  main            d.u.i.k.p.i.AbstractProblemLoader Replaying proof BFilter[BFilter::BFilter(Sampler,Buffer)].JML normal_behavior operation contract.0 
174966     DEBUG main            d.u.i.k.p.i.IntermediateProofReplayer Proof replay took 7.8ns 
175869     INFO  main            d.u.i.k.p.r.p.TestFile    ... finished proof: closed. 
176160     INFO  main            d.u.i.k.p.i.AbstractProblemLoader Loading environment from /home/runner/work/key/key/key.core/../key.ui/examples/heap/permissions/threads/BFilter_BFilter.key.proof 
176160     DEBUG main            d.u.i.k.p.i.AbstractProblemLoader Environment load took 114.9ns 
176161     INFO  main            d.u.i.k.p.i.AbstractProblemLoader Creating init config 
180443     DEBUG main            d.u.i.k.p.i.AbstractProblemLoader Init config took 4.28s 
180519     INFO  main            d.u.i.k.p.i.AbstractProblemLoader Replaying proof BFilter[BFilter::BFilter(Sampler,Buffer)].JML normal_behavior operation contract.0 
180621     DEBUG main            d.u.i.k.p.i.IntermediateProofReplayer Proof replay took 97.52ms 
180622     DEBUG main            d.u.i.k.p.r.p.TestFile    ... success: reloaded. 
180623     INFO  main            d.u.i.k.p.r.p.TestFile    Now processing file /home/runner/work/key/key/key.core/../key.ui/examples/heap/permissions/threads/BFilter_initPost_accessible.key 
180624     INFO  main            d.u.i.k.p.i.AbstractProblemLoader Loading environment from /home/runner/work/key/key/key.core/../key.ui/examples/heap/permissions/threads/BFilter_initPost_accessible.key 
180624     DEBUG main            d.u.i.k.p.i.AbstractProblemLoader Environment load took 108ns 
180625     INFO  main            d.u.i.k.p.i.AbstractProblemLoader Creating init config 
184991     DEBUG main            d.u.i.k.p.i.AbstractProblemLoader Init config took 4.37s 
185066     INFO  main            d.u.i.k.p.i.AbstractProblemLoader Replaying proof BFilter[ThreadSpec2::initPost()].JML accessible clause.0 
185067     DEBUG main            d.u.i.k.p.i.IntermediateProofReplayer Proof replay took 6.6ns 
185169     INFO  main            d.u.i.k.p.r.p.TestFile    ... finished proof: closed. 
185455     INFO  main            d.u.i.k.p.i.AbstractProblemLoader Loading environment from /home/runner/work/key/key/key.core/../key.ui/examples/heap/permissions/threads/BFilter_initPost_accessible.key.proof 
185455     DEBUG main            d.u.i.k.p.i.AbstractProblemLoader Environment load took 118ns 
185456     INFO  main            d.u.i.k.p.i.AbstractProblemLoader Creating init config 
189737     DEBUG main            d.u.i.k.p.i.AbstractProblemLoader Init config took 4.28s 
189812     INFO  main            d.u.i.k.p.i.AbstractProblemLoader Replaying proof BFilter[ThreadSpec2::initPost()].JML accessible clause.0 
189821     DEBUG main            d.u.i.k.p.i.IntermediateProofReplayer Proof replay took 7.24ms 
189822     DEBUG main            d.u.i.k.p.r.p.TestFile    ... success: reloaded. 
189823     INFO  main            d.u.i.k.p.r.p.TestFile    Now processing file /home/runner/work/key/key/key.core/../key.ui/examples/heap/permissions/threads/BFilter_inv_accessible1.key 
189823     INFO  main            d.u.i.k.p.i.AbstractProblemLoader Loading environment from /home/runner/work/key/key/key.core/../key.ui/examples/heap/permissions/threads/BFilter_inv_accessible1.key 
189823     DEBUG main            d.u.i.k.p.i.AbstractProblemLoader Environment load took 81.4ns 
189824     INFO  main            d.u.i.k.p.i.AbstractProblemLoader Creating init config 
194183     DEBUG main            d.u.i.k.p.i.AbstractProblemLoader Init config took 4.36s 
194258     INFO  main            d.u.i.k.p.i.AbstractProblemLoader Replaying proof BFilter[java.lang.Object::<inv>()].JML accessible clause.0 
194260     DEBUG main            d.u.i.k.p.i.IntermediateProofReplayer Proof replay took 6.1ns 
194361     INFO  main            d.u.i.k.p.r.p.TestFile    ... finished proof: closed. 
194655     INFO  main            d.u.i.k.p.i.AbstractProblemLoader Loading environment from /home/runner/work/key/key/key.core/../key.ui/examples/heap/permissions/threads/BFilter_inv_accessible1.key.proof 
194655     DEBUG main            d.u.i.k.p.i.AbstractProblemLoader Environment load took 111.9ns 
194656     INFO  main            d.u.i.k.p.i.AbstractProblemLoader Creating init config 
198924     DEBUG main            d.u.i.k.p.i.AbstractProblemLoader Init config took 4.27s 
198999     INFO  main            d.u.i.k.p.i.AbstractProblemLoader Replaying proof BFilter[java.lang.Object::<inv>()].JML accessible clause.0 
199002     DEBUG main            d.u.i.k.p.i.IntermediateProofReplayer Proof replay took 1.42ms 
199003     DEBUG main            d.u.i.k.p.r.p.TestFile    ... success: reloaded. 
199004     INFO  main            d.u.i.k.p.r.p.TestFile    Now processing file /home/runner/work/key/key/key.core/../key.ui/examples/heap/permissions/threads/BFilter_inv_accessible2.key 
199004     INFO  main            d.u.i.k.p.i.AbstractProblemLoader Loading environment from /home/runner/work/key/key/key.core/../key.ui/examples/heap/permissions/threads/BFilter_inv_accessible2.key 
199004     DEBUG main            d.u.i.k.p.i.AbstractProblemLoader Environment load took 89.9ns 
199005     INFO  main            d.u.i.k.p.i.AbstractProblemLoader Creating init config 
203348     DEBUG main            d.u.i.k.p.i.AbstractProblemLoader Init config took 4.34s 
203424     INFO  main            d.u.i.k.p.i.AbstractProblemLoader Replaying proof BFilter[java.lang.Object::<inv>()].JML accessible clause.1 
203425     DEBUG main            d.u.i.k.p.i.IntermediateProofReplayer Proof replay took 6.5ns 
203531     INFO  main            d.u.i.k.p.r.p.TestFile    ... finished proof: closed. 
203825     INFO  main            d.u.i.k.p.i.AbstractProblemLoader Loading environment from /home/runner/work/key/key/key.core/../key.ui/examples/heap/permissions/threads/BFilter_inv_accessible2.key.proof 
203825     DEBUG main            d.u.i.k.p.i.AbstractProblemLoader Environment load took 112.6ns 
203826     INFO  main            d.u.i.k.p.i.AbstractProblemLoader Creating init config 
208104     DEBUG main            d.u.i.k.p.i.AbstractProblemLoader Init config took 4.28s 
208179     INFO  main            d.u.i.k.p.i.AbstractProblemLoader Replaying proof BFilter[java.lang.Object::<inv>()].JML accessible clause.1 
208182     DEBUG main            d.u.i.k.p.i.IntermediateProofReplayer Proof replay took 1.43ms 
208183     DEBUG main            d.u.i.k.p.r.p.TestFile    ... success: reloaded. 
208184     INFO  main            d.u.i.k.p.r.p.TestFile    Now processing file /home/runner/work/key/key/key.core/../key.ui/examples/heap/permissions/threads/BFilter_joinTransfer_accessible.key 
208184     INFO  main            d.u.i.k.p.i.AbstractProblemLoader Loading environment from /home/runner/work/key/key/key.core/../key.ui/examples/heap/permissions/threads/BFilter_joinTransfer_accessible.key 
208184     DEBUG main            d.u.i.k.p.i.AbstractProblemLoader Environment load took 81ns 
208185     INFO  main            d.u.i.k.p.i.AbstractProblemLoader Creating init config 
212555     DEBUG main            d.u.i.k.p.i.AbstractProblemLoader Init config took 4.37s 
212645     INFO  main            d.u.i.k.p.i.AbstractProblemLoader Replaying proof BFilter[ThreadSpec2::joinTransfer()].JML accessible clause.0 
212646     DEBUG main            d.u.i.k.p.i.IntermediateProofReplayer Proof replay took 6.9ns 
215679     INFO  main            d.u.i.k.p.r.p.TestFile    ... finished proof: closed. 
216001     INFO  main            d.u.i.k.p.i.AbstractProblemLoader Loading environment from /home/runner/work/key/key/key.core/../key.ui/examples/heap/permissions/threads/BFilter_joinTransfer_accessible.key.proof 
216001     DEBUG main            d.u.i.k.p.i.AbstractProblemLoader Environment load took 189.6ns 
216002     INFO  main            d.u.i.k.p.i.AbstractProblemLoader Creating init config 
220310     DEBUG main            d.u.i.k.p.i.AbstractProblemLoader Init config took 4.31s 
220388     INFO  main            d.u.i.k.p.i.AbstractProblemLoader Replaying proof BFilter[ThreadSpec2::joinTransfer()].JML accessible clause.0 
220627     DEBUG main            d.u.i.k.p.i.IntermediateProofReplayer Proof replay took 228.41ms 
220628     DEBUG main            d.u.i.k.p.r.p.TestFile    ... success: reloaded. 
220629     INFO  main            d.u.i.k.p.r.p.TestFile    Now processing file /home/runner/work/key/key/key.core/../key.ui/examples/heap/permissions/threads/BFilter_joinTransfer_contract.key 
220630     INFO  main            d.u.i.k.p.i.AbstractProblemLoader Loading environment from /home/runner/work/key/key/key.core/../key.ui/examples/heap/permissions/threads/BFilter_joinTransfer_contract.key 
220630     DEBUG main            d.u.i.k.p.i.AbstractProblemLoader Environment load took 171.8ns 
220631     INFO  main            d.u.i.k.p.i.AbstractProblemLoader Creating init config 
224957     DEBUG main            d.u.i.k.p.i.AbstractProblemLoader Init config took 4.33s 
225036     INFO  main            d.u.i.k.p.i.AbstractProblemLoader Replaying proof BFilter[ThreadSpec2::joinTransfer()].JML model_behavior operation contract.0 
225037     DEBUG main            d.u.i.k.p.i.IntermediateProofReplayer Proof replay took 6.7ns 
225139     INFO  main            d.u.i.k.p.r.p.TestFile    ... finished proof: closed. 
225585     INFO  main            d.u.i.k.p.i.AbstractProblemLoader Loading environment from /home/runner/work/key/key/key.core/../key.ui/examples/heap/permissions/threads/BFilter_joinTransfer_contract.key.proof 
225585     DEBUG main            d.u.i.k.p.i.AbstractProblemLoader Environment load took 114.8ns 
225586     INFO  main            d.u.i.k.p.i.AbstractProblemLoader Creating init config 
229856     DEBUG main            d.u.i.k.p.i.AbstractProblemLoader Init config took 4.27s 
229943     INFO  main            d.u.i.k.p.i.AbstractProblemLoader Replaying proof BFilter[ThreadSpec2::joinTransfer()].JML model_behavior operation contract.0 
229951     DEBUG main            d.u.i.k.p.i.IntermediateProofReplayer Proof replay took 6.23ms 
229952     DEBUG main            d.u.i.k.p.r.p.TestFile    ... success: reloaded. 
229953     INFO  main            d.u.i.k.p.r.p.TestFile    Now processing file /home/runner/work/key/key/key.core/../key.ui/examples/heap/permissions/threads/BFilter_postJoin_accessible.key 
229953     INFO  main            d.u.i.k.p.i.AbstractProblemLoader Loading environment from /home/runner/work/key/key/key.core/../key.ui/examples/heap/permissions/threads/BFilter_postJoin_accessible.key 
229953     DEBUG main            d.u.i.k.p.i.AbstractProblemLoader Environment load took 65.8ns 
229954     INFO  main            d.u.i.k.p.i.AbstractProblemLoader Creating init config 
234297     DEBUG main            d.u.i.k.p.i.AbstractProblemLoader Init config took 4.34s 
234371     INFO  main            d.u.i.k.p.i.AbstractProblemLoader Replaying proof BFilter[ThreadSpec2::postJoin(java.lang.Object)].JML accessible clause.0 
234373     DEBUG main            d.u.i.k.p.i.IntermediateProofReplayer Proof replay took 7.5ns 
234476     INFO  main            d.u.i.k.p.r.p.TestFile    ... finished proof: closed. 
234837     INFO  main            d.u.i.k.p.i.AbstractProblemLoader Loading environment from /home/runner/work/key/key/key.core/../key.ui/examples/heap/permissions/threads/BFilter_postJoin_accessible.key.proof 
234837     DEBUG main            d.u.i.k.p.i.AbstractProblemLoader Environment load took 118.3ns 
234838     INFO  main            d.u.i.k.p.i.AbstractProblemLoader Creating init config 
239111     DEBUG main            d.u.i.k.p.i.AbstractProblemLoader Init config took 4.27s 
239186     INFO  main            d.u.i.k.p.i.AbstractProblemLoader Replaying proof BFilter[ThreadSpec2::postJoin(java.lang.Object)].JML accessible clause.0 
239192     DEBUG main            d.u.i.k.p.i.IntermediateProofReplayer Proof replay took 4.9ms 
239193     DEBUG main            d.u.i.k.p.r.p.TestFile    ... success: reloaded. 
239194     INFO  main            d.u.i.k.p.r.p.TestFile    Now processing file /home/runner/work/key/key/key.core/../key.ui/examples/heap/permissions/threads/BFilter_preStart_accessible.key 
239194     INFO  main            d.u.i.k.p.i.AbstractProblemLoader Loading environment from /home/runner/work/key/key/key.core/../key.ui/examples/heap/permissions/threads/BFilter_preStart_accessible.key 
239195     DEBUG main            d.u.i.k.p.i.AbstractProblemLoader Environment load took 81ns 
239195     INFO  main            d.u.i.k.p.i.AbstractProblemLoader Creating init config 
243524     DEBUG main            d.u.i.k.p.i.AbstractProblemLoader Init config took 4.33s 
243619     INFO  main            d.u.i.k.p.i.AbstractProblemLoader Replaying proof BFilter[ThreadSpec2::preStart(java.lang.Object)].JML accessible clause.0 
243621     DEBUG main            d.u.i.k.p.i.IntermediateProofReplayer Proof replay took 6.6ns 
243924     INFO  main            d.u.i.k.p.r.p.TestFile    ... finished proof: closed. 
244273     INFO  main            d.u.i.k.p.i.AbstractProblemLoader Loading environment from /home/runner/work/key/key/key.core/../key.ui/examples/heap/permissions/threads/BFilter_preStart_accessible.key.proof 
244273     DEBUG main            d.u.i.k.p.i.AbstractProblemLoader Environment load took 107.4ns 
244274     INFO  main            d.u.i.k.p.i.AbstractProblemLoader Creating init config 
248545     DEBUG main            d.u.i.k.p.i.AbstractProblemLoader Init config took 4.27s 
248619     INFO  main            d.u.i.k.p.i.AbstractProblemLoader Replaying proof BFilter[ThreadSpec2::preStart(java.lang.Object)].JML accessible clause.0 
248641     DEBUG main            d.u.i.k.p.i.IntermediateProofReplayer Proof replay took 18.87ms 
248642     DEBUG main            d.u.i.k.p.r.p.TestFile    ... success: reloaded. 
248643     INFO  main            d.u.i.k.p.r.p.TestFile    Now processing file /home/runner/work/key/key/key.core/../key.ui/examples/heap/permissions/threads/BFilter_startTransfer_accessible.key 
248643     INFO  main            d.u.i.k.p.i.AbstractProblemLoader Loading environment from /home/runner/work/key/key/key.core/../key.ui/examples/heap/permissions/threads/BFilter_startTransfer_accessible.key 
248643     DEBUG main            d.u.i.k.p.i.AbstractProblemLoader Environment load took 78.5ns 
248644     INFO  main            d.u.i.k.p.i.AbstractProblemLoader Creating init config 
252992     DEBUG main            d.u.i.k.p.i.AbstractProblemLoader Init config took 4.35s 
253070     INFO  main            d.u.i.k.p.i.AbstractProblemLoader Replaying proof BFilter[ThreadSpec2::startTransfer()].JML accessible clause.0 
253071     DEBUG main            d.u.i.k.p.i.IntermediateProofReplayer Proof replay took 6.8ns 
258684     INFO  main            d.u.i.k.p.r.p.TestFile    ... finished proof: closed. 
259029     INFO  main            d.u.i.k.p.i.AbstractProblemLoader Loading environment from /home/runner/work/key/key/key.core/../key.ui/examples/heap/permissions/threads/BFilter_startTransfer_accessible.key.proof 
259030     DEBUG main            d.u.i.k.p.i.AbstractProblemLoader Environment load took 334.11ns 
259031     INFO  main            d.u.i.k.p.i.AbstractProblemLoader Creating init config 
263307     DEBUG main            d.u.i.k.p.i.AbstractProblemLoader Init config took 4.28s 
263382     INFO  main            d.u.i.k.p.i.AbstractProblemLoader Replaying proof BFilter[ThreadSpec2::startTransfer()].JML accessible clause.0 
263734     DEBUG main            d.u.i.k.p.i.IntermediateProofReplayer Proof replay took 338.06ms 
263736     DEBUG main            d.u.i.k.p.r.p.TestFile    ... success: reloaded. 
263738     INFO  main            d.u.i.k.p.r.p.TestFile    Now processing file /home/runner/work/key/key/key.core/../key.ui/examples/heap/permissions/threads/BFilter_startTransfer_contract.key 
263738     INFO  main            d.u.i.k.p.i.AbstractProblemLoader Loading environment from /home/runner/work/key/key/key.core/../key.ui/examples/heap/permissions/threads/BFilter_startTransfer_contract.key 
263738     DEBUG main            d.u.i.k.p.i.AbstractProblemLoader Environment load took 177.4ns 
263739     INFO  main            d.u.i.k.p.i.AbstractProblemLoader Creating init config 
268067     DEBUG main            d.u.i.k.p.i.AbstractProblemLoader Init config took 4.33s 
268141     INFO  main            d.u.i.k.p.i.AbstractProblemLoader Replaying proof BFilter[ThreadSpec2::startTransfer()].JML model_behavior operation contract.0 
268143     DEBUG main            d.u.i.k.p.i.IntermediateProofReplayer Proof replay took 5.9ns 
269251     INFO  main            d.u.i.k.p.r.p.TestFile    ... finished proof: closed. 
269583     INFO  main            d.u.i.k.p.i.AbstractProblemLoader Loading environment from /home/runner/work/key/key/key.core/../key.ui/examples/heap/permissions/threads/BFilter_startTransfer_contract.key.proof 
269583     DEBUG main            d.u.i.k.p.i.AbstractProblemLoader Environment load took 115.8ns 
269585     INFO  main            d.u.i.k.p.i.AbstractProblemLoader Creating init config 
273840     DEBUG main            d.u.i.k.p.i.AbstractProblemLoader Init config took 4.26s 
273914     INFO  main            d.u.i.k.p.i.AbstractProblemLoader Replaying proof BFilter[ThreadSpec2::startTransfer()].JML model_behavior operation contract.0 
274007     DEBUG main            d.u.i.k.p.i.IntermediateProofReplayer Proof replay took 86.58ms 
274008     DEBUG main            d.u.i.k.p.r.p.TestFile    ... success: reloaded. 
274009     INFO  main            d.u.i.k.p.r.p.TestFile    Now processing file /home/runner/work/key/key/key.core/../key.ui/examples/heap/permissions/threads/BFilter_stateInv_accessible.key 
274009     INFO  main            d.u.i.k.p.i.AbstractProblemLoader Loading environment from /home/runner/work/key/key/key.core/../key.ui/examples/heap/permissions/threads/BFilter_stateInv_accessible.key 
274010     DEBUG main            d.u.i.k.p.i.AbstractProblemLoader Environment load took 189.1ns 
274011     INFO  main            d.u.i.k.p.i.AbstractProblemLoader Creating init config 
278368     DEBUG main            d.u.i.k.p.i.AbstractProblemLoader Init config took 4.36s 
278443     INFO  main            d.u.i.k.p.i.AbstractProblemLoader Replaying proof BFilter[ThreadSpec2::stateInv()].JML accessible clause.0 
278444     DEBUG main            d.u.i.k.p.i.IntermediateProofReplayer Proof replay took 6.1ns 
278746     INFO  main            d.u.i.k.p.r.p.TestFile    ... finished proof: closed. 
279113     INFO  main            d.u.i.k.p.i.AbstractProblemLoader Loading environment from /home/runner/work/key/key/key.core/../key.ui/examples/heap/permissions/threads/BFilter_stateInv_accessible.key.proof 
279113     DEBUG main            d.u.i.k.p.i.AbstractProblemLoader Environment load took 104.3ns 
279114     INFO  main            d.u.i.k.p.i.AbstractProblemLoader Creating init config 
283437     DEBUG main            d.u.i.k.p.i.AbstractProblemLoader Init config took 4.32s 
283512     INFO  main            d.u.i.k.p.i.AbstractProblemLoader Replaying proof BFilter[ThreadSpec2::stateInv()].JML accessible clause.0 
283539     DEBUG main            d.u.i.k.p.i.IntermediateProofReplayer Proof replay took 24.34ms 
283540     DEBUG main            d.u.i.k.p.r.p.TestFile    ... success: reloaded. 
283540     INFO  main            d.u.i.k.p.r.p.TestFile    Now processing file /home/runner/work/key/key/key.core/../key.ui/examples/heap/permissions/threads/BFilter_staticPermissions_accessible.key 
283541     INFO  main            d.u.i.k.p.i.AbstractProblemLoader Loading environment from /home/runner/work/key/key/key.core/../key.ui/examples/heap/permissions/threads/BFilter_staticPermissions_accessible.key 
283541     DEBUG main            d.u.i.k.p.i.AbstractProblemLoader Environment load took 49.7ns 
283542     INFO  main            d.u.i.k.p.i.AbstractProblemLoader Creating init config 
287897     DEBUG main            d.u.i.k.p.i.AbstractProblemLoader Init config took 4.36s 
287972     INFO  main            d.u.i.k.p.i.AbstractProblemLoader Replaying proof BFilter[ThreadSpec2::staticPermissions()].JML accessible clause.0 
287973     DEBUG main            d.u.i.k.p.i.IntermediateProofReplayer Proof replay took 7.1ns 
288075     INFO  main            d.u.i.k.p.r.p.TestFile    ... finished proof: closed. 
288428     INFO  main            d.u.i.k.p.i.AbstractProblemLoader Loading environment from /home/runner/work/key/key/key.core/../key.ui/examples/heap/permissions/threads/BFilter_staticPermissions_accessible.key.proof 
288428     DEBUG main            d.u.i.k.p.i.AbstractProblemLoader Environment load took 106.9ns 
288429     INFO  main            d.u.i.k.p.i.AbstractProblemLoader Creating init config 
292698     DEBUG main            d.u.i.k.p.i.AbstractProblemLoader Init config took 4.27s 
292772     INFO  main            d.u.i.k.p.i.AbstractProblemLoader Replaying proof BFilter[ThreadSpec2::staticPermissions()].JML accessible clause.0 
292781     DEBUG main            d.u.i.k.p.i.IntermediateProofReplayer Proof replay took 8.12ms 
292782     DEBUG main            d.u.i.k.p.r.p.TestFile    ... success: reloaded. 
292783     INFO  main            d.u.i.k.p.r.p.TestFile    Now processing file /home/runner/work/key/key/key.core/../key.ui/examples/heap/permissions/threads/BFilter_workingPermissions_accessible.key 
292784     INFO  main            d.u.i.k.p.i.AbstractProblemLoader Loading environment from /home/runner/work/key/key/key.core/../key.ui/examples/heap/permissions/threads/BFilter_workingPermissions_accessible.key 
292784     DEBUG main            d.u.i.k.p.i.AbstractProblemLoader Environment load took 80.6ns 
292784     INFO  main            d.u.i.k.p.i.AbstractProblemLoader Creating init config 
297130     DEBUG main            d.u.i.k.p.i.AbstractProblemLoader Init config took 4.35s 
297204     INFO  main            d.u.i.k.p.i.AbstractProblemLoader Replaying proof BFilter[ThreadSpec2::workingPermissions()].JML accessible clause.0 
297206     DEBUG main            d.u.i.k.p.i.IntermediateProofReplayer Proof replay took 6.3ns 
297308     INFO  main            d.u.i.k.p.r.p.TestFile    ... finished proof: closed. 
297642     INFO  main            d.u.i.k.p.i.AbstractProblemLoader Loading environment from /home/runner/work/key/key/key.core/../key.ui/examples/heap/permissions/threads/BFilter_workingPermissions_accessible.key.proof 
297642     DEBUG main            d.u.i.k.p.i.AbstractProblemLoader Environment load took 123.4ns 
297643     INFO  main            d.u.i.k.p.i.AbstractProblemLoader Creating init config 
301902     DEBUG main            d.u.i.k.p.i.AbstractProblemLoader Init config took 4.26s 
301986     INFO  main            d.u.i.k.p.i.AbstractProblemLoader Replaying proof BFilter[ThreadSpec2::workingPermissions()].JML accessible clause.0 
301994     DEBUG main            d.u.i.k.p.i.IntermediateProofReplayer Proof replay took 6.18ms 
301995     DEBUG main            d.u.i.k.p.r.p.TestFile    ... success: reloaded. 
301996     INFO  main            d.u.i.k.p.r.p.TestFile    Now processing file /home/runner/work/key/key/key.core/../key.ui/examples/heap/permissions/threads/Fib_Fib.key 
301996     INFO  main            d.u.i.k.p.i.AbstractProblemLoader Loading environment from /home/runner/work/key/key/key.core/../key.ui/examples/heap/permissions/threads/Fib_Fib.key 
301996     DEBUG main            d.u.i.k.p.i.AbstractProblemLoader Environment load took 156.4ns 
301997     INFO  main            d.u.i.k.p.i.AbstractProblemLoader Creating init config 
306358     DEBUG main            d.u.i.k.p.i.AbstractProblemLoader Init config took 4.36s 
306433     INFO  main            d.u.i.k.p.i.AbstractProblemLoader Replaying proof Fib[Fib::Fib(int)].JML normal_behavior operation contract.0 
306434     DEBUG main            d.u.i.k.p.i.IntermediateProofReplayer Proof replay took 6.7ns 
307040     INFO  main            d.u.i.k.p.r.p.TestFile    ... finished proof: closed. 
307426     INFO  main            d.u.i.k.p.i.AbstractProblemLoader Loading environment from /home/runner/work/key/key/key.core/../key.ui/examples/heap/permissions/threads/Fib_Fib.key.proof 
307426     DEBUG main            d.u.i.k.p.i.AbstractProblemLoader Environment load took 104ns 
307427     INFO  main            d.u.i.k.p.i.AbstractProblemLoader Creating init config 
311674     DEBUG main            d.u.i.k.p.i.AbstractProblemLoader Init config took 4.25s 
311762     INFO  main            d.u.i.k.p.i.AbstractProblemLoader Replaying proof Fib[Fib::Fib(int)].JML normal_behavior operation contract.0 
311837     DEBUG main            d.u.i.k.p.i.IntermediateProofReplayer Proof replay took 67.04ms 
311838     DEBUG main            d.u.i.k.p.r.p.TestFile    ... success: reloaded. 
311839     INFO  main            d.u.i.k.p.r.p.TestFile    Now processing file /home/runner/work/key/key/key.core/../key.ui/examples/heap/permissions/threads/Fib_initPost_accessible.key 
311839     INFO  main            d.u.i.k.p.i.AbstractProblemLoader Loading environment from /home/runner/work/key/key/key.core/../key.ui/examples/heap/permissions/threads/Fib_initPost_accessible.key 
311839     DEBUG main            d.u.i.k.p.i.AbstractProblemLoader Environment load took 191ns 
311840     INFO  main            d.u.i.k.p.i.AbstractProblemLoader Creating init config 
316177     DEBUG main            d.u.i.k.p.i.AbstractProblemLoader Init config took 4.34s 
316252     INFO  main            d.u.i.k.p.i.AbstractProblemLoader Replaying proof Fib[ThreadSpec::initPost()].JML accessible clause.0 
316253     DEBUG main            d.u.i.k.p.i.IntermediateProofReplayer Proof replay took 6.8ns 
316355     INFO  main            d.u.i.k.p.r.p.TestFile    ... finished proof: closed. 
316724     INFO  main            d.u.i.k.p.i.AbstractProblemLoader Loading environment from /home/runner/work/key/key/key.core/../key.ui/examples/heap/permissions/threads/Fib_initPost_accessible.key.proof 
316724     DEBUG main            d.u.i.k.p.i.AbstractProblemLoader Environment load took 104.7ns 
316725     INFO  main            d.u.i.k.p.i.AbstractProblemLoader Creating init config 
320985     DEBUG main            d.u.i.k.p.i.AbstractProblemLoader Init config took 4.26s 
321070     INFO  main            d.u.i.k.p.i.AbstractProblemLoader Replaying proof Fib[ThreadSpec::initPost()].JML accessible clause.0 
321075     DEBUG main            d.u.i.k.p.i.IntermediateProofReplayer Proof replay took 3.95ms 
321076     DEBUG main            d.u.i.k.p.r.p.TestFile    ... success: reloaded. 
321077     INFO  main            d.u.i.k.p.r.p.TestFile    Now processing file /home/runner/work/key/key/key.core/../key.ui/examples/heap/permissions/threads/Fib_inv1_accessible.key 
321078     INFO  main            d.u.i.k.p.i.AbstractProblemLoader Loading environment from /home/runner/work/key/key/key.core/../key.ui/examples/heap/permissions/threads/Fib_inv1_accessible.key 
321078     DEBUG main            d.u.i.k.p.i.AbstractProblemLoader Environment load took 92.4ns 
321078     INFO  main            d.u.i.k.p.i.AbstractProblemLoader Creating init config 
325420     DEBUG main            d.u.i.k.p.i.AbstractProblemLoader Init config took 4.34s 
325494     INFO  main            d.u.i.k.p.i.AbstractProblemLoader Replaying proof Fib[java.lang.Object::<inv>()].JML accessible clause.0 
325496     DEBUG main            d.u.i.k.p.i.IntermediateProofReplayer Proof replay took 7.6ns 
325597     INFO  main            d.u.i.k.p.r.p.TestFile    ... finished proof: closed. 
325973     INFO  main            d.u.i.k.p.i.AbstractProblemLoader Loading environment from /home/runner/work/key/key/key.core/../key.ui/examples/heap/permissions/threads/Fib_inv1_accessible.key.proof 
325973     DEBUG main            d.u.i.k.p.i.AbstractProblemLoader Environment load took 90.6ns 
325974     INFO  main            d.u.i.k.p.i.AbstractProblemLoader Creating init config 
330236     DEBUG main            d.u.i.k.p.i.AbstractProblemLoader Init config took 4.26s 
330309     INFO  main            d.u.i.k.p.i.AbstractProblemLoader Replaying proof Fib[java.lang.Object::<inv>()].JML accessible clause.0 
330312     DEBUG main            d.u.i.k.p.i.IntermediateProofReplayer Proof replay took 1.33ms 
330313     DEBUG main            d.u.i.k.p.r.p.TestFile    ... success: reloaded. 
330314     INFO  main            d.u.i.k.p.r.p.TestFile    Now processing file /home/runner/work/key/key/key.core/../key.ui/examples/heap/permissions/threads/Fib_inv2_accessible.key 
330314     INFO  main            d.u.i.k.p.i.AbstractProblemLoader Loading environment from /home/runner/work/key/key/key.core/../key.ui/examples/heap/permissions/threads/Fib_inv2_accessible.key 
330314     DEBUG main            d.u.i.k.p.i.AbstractProblemLoader Environment load took 95.6ns 
330315     INFO  main            d.u.i.k.p.i.AbstractProblemLoader Creating init config 
334650     DEBUG main            d.u.i.k.p.i.AbstractProblemLoader Init config took 4.34s 
334746     INFO  main            d.u.i.k.p.i.AbstractProblemLoader Replaying proof Fib[java.lang.Object::<inv>()].JML accessible clause.1 
334747     DEBUG main            d.u.i.k.p.i.IntermediateProofReplayer Proof replay took 7.2ns 
334850     INFO  main            d.u.i.k.p.r.p.TestFile    ... finished proof: closed. 
335217     INFO  main            d.u.i.k.p.i.AbstractProblemLoader Loading environment from /home/runner/work/key/key/key.core/../key.ui/examples/heap/permissions/threads/Fib_inv2_accessible.key.proof 
335217     DEBUG main            d.u.i.k.p.i.AbstractProblemLoader Environment load took 94.7ns 
335218     INFO  main            d.u.i.k.p.i.AbstractProblemLoader Creating init config 
339489     DEBUG main            d.u.i.k.p.i.AbstractProblemLoader Init config took 4.27s 
339563     INFO  main            d.u.i.k.p.i.AbstractProblemLoader Replaying proof Fib[java.lang.Object::<inv>()].JML accessible clause.1 
339566     DEBUG main            d.u.i.k.p.i.IntermediateProofReplayer Proof replay took 1.38ms 
339566     DEBUG main            d.u.i.k.p.r.p.TestFile    ... success: reloaded. 
339567     INFO  main            d.u.i.k.p.r.p.TestFile    Now processing file /home/runner/work/key/key/key.core/../key.ui/examples/heap/permissions/threads/Fib_joinTransfer_accessible.key 
339567     INFO  main            d.u.i.k.p.i.AbstractProblemLoader Loading environment from /home/runner/work/key/key/key.core/../key.ui/examples/heap/permissions/threads/Fib_joinTransfer_accessible.key 
339567     DEBUG main            d.u.i.k.p.i.AbstractProblemLoader Environment load took 49ns 
339568     INFO  main            d.u.i.k.p.i.AbstractProblemLoader Creating init config 
343904     DEBUG main            d.u.i.k.p.i.AbstractProblemLoader Init config took 4.34s 
343993     INFO  main            d.u.i.k.p.i.AbstractProblemLoader Replaying proof Fib[ThreadSpec::joinTransfer()].JML accessible clause.0 
343995     DEBUG main            d.u.i.k.p.i.IntermediateProofReplayer Proof replay took 8.1ns 
344196     INFO  main            d.u.i.k.p.r.p.TestFile    ... finished proof: closed. 
344584     INFO  main            d.u.i.k.p.i.AbstractProblemLoader Loading environment from /home/runner/work/key/key/key.core/../key.ui/examples/heap/permissions/threads/Fib_joinTransfer_accessible.key.proof 
344584     DEBUG main            d.u.i.k.p.i.AbstractProblemLoader Environment load took 107.3ns 
344585     INFO  main            d.u.i.k.p.i.AbstractProblemLoader Creating init config 
348846     DEBUG main            d.u.i.k.p.i.AbstractProblemLoader Init config took 4.26s 
348919     INFO  main            d.u.i.k.p.i.AbstractProblemLoader Replaying proof Fib[ThreadSpec::joinTransfer()].JML accessible clause.0 
348938     DEBUG main            d.u.i.k.p.i.IntermediateProofReplayer Proof replay took 17.09ms 
348939     DEBUG main            d.u.i.k.p.r.p.TestFile    ... success: reloaded. 
348940     INFO  main            d.u.i.k.p.r.p.TestFile    Now processing file /home/runner/work/key/key/key.core/../key.ui/examples/heap/permissions/threads/Fib_joinTransfer_contract.key 
348940     INFO  main            d.u.i.k.p.i.AbstractProblemLoader Loading environment from /home/runner/work/key/key/key.core/../key.ui/examples/heap/permissions/threads/Fib_joinTransfer_contract.key 
348940     DEBUG main            d.u.i.k.p.i.AbstractProblemLoader Environment load took 51.8ns 
348941     INFO  main            d.u.i.k.p.i.AbstractProblemLoader Creating init config 
353271     DEBUG main            d.u.i.k.p.i.AbstractProblemLoader Init config took 4.33s 
353344     INFO  main            d.u.i.k.p.i.AbstractProblemLoader Replaying proof Fib[ThreadSpec::joinTransfer()].JML model_behavior operation contract.0 
353346     DEBUG main            d.u.i.k.p.i.IntermediateProofReplayer Proof replay took 6.9ns 
353450     INFO  main            d.u.i.k.p.r.p.TestFile    ... finished proof: closed. 
353839     INFO  main            d.u.i.k.p.i.AbstractProblemLoader Loading environment from /home/runner/work/key/key/key.core/../key.ui/examples/heap/permissions/threads/Fib_joinTransfer_contract.key.proof 
353839     DEBUG main            d.u.i.k.p.i.AbstractProblemLoader Environment load took 106ns 
353840     INFO  main            d.u.i.k.p.i.AbstractProblemLoader Creating init config 
358101     DEBUG main            d.u.i.k.p.i.AbstractProblemLoader Init config took 4.26s 
358175     INFO  main            d.u.i.k.p.i.AbstractProblemLoader Replaying proof Fib[ThreadSpec::joinTransfer()].JML model_behavior operation contract.0 
358183     DEBUG main            d.u.i.k.p.i.IntermediateProofReplayer Proof replay took 5.81ms 
358184     DEBUG main            d.u.i.k.p.r.p.TestFile    ... success: reloaded. 
358185     INFO  main            d.u.i.k.p.r.p.TestFile    Now processing file /home/runner/work/key/key/key.core/../key.ui/examples/heap/permissions/threads/Fib_postJoin_accessible.key 
358185     INFO  main            d.u.i.k.p.i.AbstractProblemLoader Loading environment from /home/runner/work/key/key/key.core/../key.ui/examples/heap/permissions/threads/Fib_postJoin_accessible.key 
358185     DEBUG main            d.u.i.k.p.i.AbstractProblemLoader Environment load took 161.2ns 
358186     INFO  main            d.u.i.k.p.i.AbstractProblemLoader Creating init config 
362521     DEBUG main            d.u.i.k.p.i.AbstractProblemLoader Init config took 4.33s 
362594     INFO  main            d.u.i.k.p.i.AbstractProblemLoader Replaying proof Fib[ThreadSpec::postJoin(java.lang.Object)].JML accessible clause.0 
362596     DEBUG main            d.u.i.k.p.i.IntermediateProofReplayer Proof replay took 7.2ns 
362697     INFO  main            d.u.i.k.p.r.p.TestFile    ... finished proof: closed. 
363098     INFO  main            d.u.i.k.p.i.AbstractProblemLoader Loading environment from /home/runner/work/key/key/key.core/../key.ui/examples/heap/permissions/threads/Fib_postJoin_accessible.key.proof 
363098     DEBUG main            d.u.i.k.p.i.AbstractProblemLoader Environment load took 91.7ns 
363099     INFO  main            d.u.i.k.p.i.AbstractProblemLoader Creating init config 
367364     DEBUG main            d.u.i.k.p.i.AbstractProblemLoader Init config took 4.27s 
367438     INFO  main            d.u.i.k.p.i.AbstractProblemLoader Replaying proof Fib[ThreadSpec::postJoin(java.lang.Object)].JML accessible clause.0 
367443     DEBUG main            d.u.i.k.p.i.IntermediateProofReplayer Proof replay took 4.12ms 
367444     DEBUG main            d.u.i.k.p.r.p.TestFile    ... success: reloaded. 
367445     INFO  main            d.u.i.k.p.r.p.TestFile    Now processing file /home/runner/work/key/key/key.core/../key.ui/examples/heap/permissions/threads/Fib_preStart_accessible.key 
367445     INFO  main            d.u.i.k.p.i.AbstractProblemLoader Loading environment from /home/runner/work/key/key/key.core/../key.ui/examples/heap/permissions/threads/Fib_preStart_accessible.key 
367445     DEBUG main            d.u.i.k.p.i.AbstractProblemLoader Environment load took 91.8ns 
367446     INFO  main            d.u.i.k.p.i.AbstractProblemLoader Creating init config 
371787     DEBUG main            d.u.i.k.p.i.AbstractProblemLoader Init config took 4.34s 
371860     INFO  main            d.u.i.k.p.i.AbstractProblemLoader Replaying proof Fib[ThreadSpec::preStart(java.lang.Object)].JML accessible clause.0 
371861     DEBUG main            d.u.i.k.p.i.IntermediateProofReplayer Proof replay took 7ns 
371963     INFO  main            d.u.i.k.p.r.p.TestFile    ... finished proof: closed. 
372364     INFO  main            d.u.i.k.p.i.AbstractProblemLoader Loading environment from /home/runner/work/key/key/key.core/../key.ui/examples/heap/permissions/threads/Fib_preStart_accessible.key.proof 
372364     DEBUG main            d.u.i.k.p.i.AbstractProblemLoader Environment load took 92.8ns 
372364     INFO  main            d.u.i.k.p.i.AbstractProblemLoader Creating init config 
376628     DEBUG main            d.u.i.k.p.i.AbstractProblemLoader Init config took 4.26s 
376714     INFO  main            d.u.i.k.p.i.AbstractProblemLoader Replaying proof Fib[ThreadSpec::preStart(java.lang.Object)].JML accessible clause.0 
376719     DEBUG main            d.u.i.k.p.i.IntermediateProofReplayer Proof replay took 4.15ms 
376720     DEBUG main            d.u.i.k.p.r.p.TestFile    ... success: reloaded. 
376721     INFO  main            d.u.i.k.p.r.p.TestFile    Now processing file /home/runner/work/key/key/key.core/../key.ui/examples/heap/permissions/threads/Fib_startTransfer_accessible.key 
376721     INFO  main            d.u.i.k.p.i.AbstractProblemLoader Loading environment from /home/runner/work/key/key/key.core/../key.ui/examples/heap/permissions/threads/Fib_startTransfer_accessible.key 
376721     DEBUG main            d.u.i.k.p.i.AbstractProblemLoader Environment load took 80.6ns 
376722     INFO  main            d.u.i.k.p.i.AbstractProblemLoader Creating init config 
381059     DEBUG main            d.u.i.k.p.i.AbstractProblemLoader Init config took 4.34s 
381132     INFO  main            d.u.i.k.p.i.AbstractProblemLoader Replaying proof Fib[ThreadSpec::startTransfer()].JML accessible clause.0 
381133     DEBUG main            d.u.i.k.p.i.IntermediateProofReplayer Proof replay took 7ns 
381335     INFO  main            d.u.i.k.p.r.p.TestFile    ... finished proof: closed. 
381748     INFO  main            d.u.i.k.p.i.AbstractProblemLoader Loading environment from /home/runner/work/key/key/key.core/../key.ui/examples/heap/permissions/threads/Fib_startTransfer_accessible.key.proof 
381748     DEBUG main            d.u.i.k.p.i.AbstractProblemLoader Environment load took 100.3ns 
381749     INFO  main            d.u.i.k.p.i.AbstractProblemLoader Creating init config 
386018     DEBUG main            d.u.i.k.p.i.AbstractProblemLoader Init config took 4.27s 
386091     INFO  main            d.u.i.k.p.i.AbstractProblemLoader Replaying proof Fib[ThreadSpec::startTransfer()].JML accessible clause.0 
386112     DEBUG main            d.u.i.k.p.i.IntermediateProofReplayer Proof replay took 17.42ms 
386112     DEBUG main            d.u.i.k.p.r.p.TestFile    ... success: reloaded. 
386113     INFO  main            d.u.i.k.p.r.p.TestFile    Now processing file /home/runner/work/key/key/key.core/../key.ui/examples/heap/permissions/threads/Fib_startTransfer_contract.key 
386114     INFO  main            d.u.i.k.p.i.AbstractProblemLoader Loading environment from /home/runner/work/key/key/key.core/../key.ui/examples/heap/permissions/threads/Fib_startTransfer_contract.key 
386114     DEBUG main            d.u.i.k.p.i.AbstractProblemLoader Environment load took 82.5ns 
386114     INFO  main            d.u.i.k.p.i.AbstractProblemLoader Creating init config 
390451     DEBUG main            d.u.i.k.p.i.AbstractProblemLoader Init config took 4.34s 
390525     INFO  main            d.u.i.k.p.i.AbstractProblemLoader Replaying proof Fib[ThreadSpec::startTransfer()].JML model_behavior operation contract.0 
390526     DEBUG main            d.u.i.k.p.i.IntermediateProofReplayer Proof replay took 6.4ns 
390627     INFO  main            d.u.i.k.p.r.p.TestFile    ... finished proof: closed. 
391034     INFO  main            d.u.i.k.p.i.AbstractProblemLoader Loading environment from /home/runner/work/key/key/key.core/../key.ui/examples/heap/permissions/threads/Fib_startTransfer_contract.key.proof 
391034     DEBUG main            d.u.i.k.p.i.AbstractProblemLoader Environment load took 93.2ns 
391035     INFO  main            d.u.i.k.p.i.AbstractProblemLoader Creating init config 
395284     DEBUG main            d.u.i.k.p.i.AbstractProblemLoader Init config took 4.25s 
395370     INFO  main            d.u.i.k.p.i.AbstractProblemLoader Replaying proof Fib[ThreadSpec::startTransfer()].JML model_behavior operation contract.0 
395377     DEBUG main            d.u.i.k.p.i.IntermediateProofReplayer Proof replay took 5.77ms 
395378     DEBUG main            d.u.i.k.p.r.p.TestFile    ... success: reloaded. 
395379     INFO  main            d.u.i.k.p.r.p.TestFile    Now processing file /home/runner/work/key/key/key.core/../key.ui/examples/heap/permissions/threads/Fib_workingPermissions_accessible.key 
395380     INFO  main            d.u.i.k.p.i.AbstractProblemLoader Loading environment from /home/runner/work/key/key/key.core/../key.ui/examples/heap/permissions/threads/Fib_workingPermissions_accessible.key 
395380     DEBUG main            d.u.i.k.p.i.AbstractProblemLoader Environment load took 156.5ns 
395381     INFO  main            d.u.i.k.p.i.AbstractProblemLoader Creating init config 
399714     DEBUG main            d.u.i.k.p.i.AbstractProblemLoader Init config took 4.33s 
399787     INFO  main            d.u.i.k.p.i.AbstractProblemLoader Replaying proof Fib[ThreadSpec::workingPermissions()].JML accessible clause.0 
399788     DEBUG main            d.u.i.k.p.i.IntermediateProofReplayer Proof replay took 6.6ns 
399890     INFO  main            d.u.i.k.p.r.p.TestFile    ... finished proof: closed. 
400314     INFO  main            d.u.i.k.p.i.AbstractProblemLoader Loading environment from /home/runner/work/key/key/key.core/../key.ui/examples/heap/permissions/threads/Fib_workingPermissions_accessible.key.proof 
400314     DEBUG main            d.u.i.k.p.i.AbstractProblemLoader Environment load took 133ns 
400315     INFO  main            d.u.i.k.p.i.AbstractProblemLoader Creating init config 
404591     DEBUG main            d.u.i.k.p.i.AbstractProblemLoader Init config took 4.28s 
404664     INFO  main            d.u.i.k.p.i.AbstractProblemLoader Replaying proof Fib[ThreadSpec::workingPermissions()].JML accessible clause.0 
404667     DEBUG main            d.u.i.k.p.i.IntermediateProofReplayer Proof replay took 1.69ms 
404668     DEBUG main            d.u.i.k.p.r.p.TestFile    ... success: reloaded. 
404668     INFO  main            d.u.i.k.p.r.p.TestFile    Now processing file /home/runner/work/key/key/key.core/../key.ui/examples/heap/permissions/threads/Plotter_initPost_accessible.key 
404669     INFO  main            d.u.i.k.p.i.AbstractProblemLoader Loading environment from /home/runner/work/key/key/key.core/../key.ui/examples/heap/permissions/threads/Plotter_initPost_accessible.key 
404669     DEBUG main            d.u.i.k.p.i.AbstractProblemLoader Environment load took 68.5ns 
404669     INFO  main            d.u.i.k.p.i.AbstractProblemLoader Creating init config 
409010     DEBUG main            d.u.i.k.p.i.AbstractProblemLoader Init config took 4.34s 
409083     INFO  main            d.u.i.k.p.i.AbstractProblemLoader Replaying proof Plotter[ThreadSpec2::initPost()].JML accessible clause.0 
409084     DEBUG main            d.u.i.k.p.i.IntermediateProofReplayer Proof replay took 6.8ns 
409186     INFO  main            d.u.i.k.p.r.p.TestFile    ... finished proof: closed. 
409620     INFO  main            d.u.i.k.p.i.AbstractProblemLoader Loading environment from /home/runner/work/key/key/key.core/../key.ui/examples/heap/permissions/threads/Plotter_initPost_accessible.key.proof 
409620     DEBUG main            d.u.i.k.p.i.AbstractProblemLoader Environment load took 92.8ns 
409621     INFO  main            d.u.i.k.p.i.AbstractProblemLoader Creating init config 
413883     DEBUG main            d.u.i.k.p.i.AbstractProblemLoader Init config took 4.26s 
413955     INFO  main            d.u.i.k.p.i.AbstractProblemLoader Replaying proof Plotter[ThreadSpec2::initPost()].JML accessible clause.0 
413966     DEBUG main            d.u.i.k.p.i.IntermediateProofReplayer Proof replay took 8.48ms 
413966     DEBUG main            d.u.i.k.p.r.p.TestFile    ... success: reloaded. 
413967     INFO  main            d.u.i.k.p.r.p.TestFile    Now processing file /home/runner/work/key/key/key.core/../key.ui/examples/heap/permissions/threads/Plotter_inv_accessible1.key 
413967     INFO  main            d.u.i.k.p.i.AbstractProblemLoader Loading environment from /home/runner/work/key/key/key.core/../key.ui/examples/heap/permissions/threads/Plotter_inv_accessible1.key 
413967     DEBUG main            d.u.i.k.p.i.AbstractProblemLoader Environment load took 47.3ns 
413968     INFO  main            d.u.i.k.p.i.AbstractProblemLoader Creating init config 
418310     DEBUG main            d.u.i.k.p.i.AbstractProblemLoader Init config took 4.34s 
418382     INFO  main            d.u.i.k.p.i.AbstractProblemLoader Replaying proof Plotter[java.lang.Object::<inv>()].JML accessible clause.0 
418385     DEBUG main            d.u.i.k.p.i.IntermediateProofReplayer Proof replay took 892.12ns 
418486     INFO  main            d.u.i.k.p.r.p.TestFile    ... finished proof: closed. 
418925     INFO  main            d.u.i.k.p.i.AbstractProblemLoader Loading environment from /home/runner/work/key/key/key.core/../key.ui/examples/heap/permissions/threads/Plotter_inv_accessible1.key.proof 
418926     DEBUG main            d.u.i.k.p.i.AbstractProblemLoader Environment load took 106.1ns 
418926     INFO  main            d.u.i.k.p.i.AbstractProblemLoader Creating init config 
423190     DEBUG main            d.u.i.k.p.i.AbstractProblemLoader Init config took 4.26s 
423262     INFO  main            d.u.i.k.p.i.AbstractProblemLoader Replaying proof Plotter[java.lang.Object::<inv>()].JML accessible clause.0 
423265     DEBUG main            d.u.i.k.p.i.IntermediateProofReplayer Proof replay took 1.34ms 
423266     DEBUG main            d.u.i.k.p.r.p.TestFile    ... success: reloaded. 
423267     INFO  main            d.u.i.k.p.r.p.TestFile    Now processing file /home/runner/work/key/key/key.core/../key.ui/examples/heap/permissions/threads/Plotter_inv_accessible2.key 
423267     INFO  main            d.u.i.k.p.i.AbstractProblemLoader Loading environment from /home/runner/work/key/key/key.core/../key.ui/examples/heap/permissions/threads/Plotter_inv_accessible2.key 
423267     DEBUG main            d.u.i.k.p.i.AbstractProblemLoader Environment load took 44ns 
423268     INFO  main            d.u.i.k.p.i.AbstractProblemLoader Creating init config 
427605     DEBUG main            d.u.i.k.p.i.AbstractProblemLoader Init config took 4.34s 
427693     INFO  main            d.u.i.k.p.i.AbstractProblemLoader Replaying proof Plotter[java.lang.Object::<inv>()].JML accessible clause.1 
427695     DEBUG main            d.u.i.k.p.i.IntermediateProofReplayer Proof replay took 6.3ns 
427796     INFO  main            d.u.i.k.p.r.p.TestFile    ... finished proof: closed. 
428231     INFO  main            d.u.i.k.p.i.AbstractProblemLoader Loading environment from /home/runner/work/key/key/key.core/../key.ui/examples/heap/permissions/threads/Plotter_inv_accessible2.key.proof 
428231     DEBUG main            d.u.i.k.p.i.AbstractProblemLoader Environment load took 84.4ns 
428232     INFO  main            d.u.i.k.p.i.AbstractProblemLoader Creating init config 
432499     DEBUG main            d.u.i.k.p.i.AbstractProblemLoader Init config took 4.27s 
432584     INFO  main            d.u.i.k.p.i.AbstractProblemLoader Replaying proof Plotter[java.lang.Object::<inv>()].JML accessible clause.1 
432587     DEBUG main            d.u.i.k.p.i.IntermediateProofReplayer Proof replay took 1.36ms 
432588     DEBUG main            d.u.i.k.p.r.p.TestFile    ... success: reloaded. 
432589     INFO  main            d.u.i.k.p.r.p.TestFile    Now processing file /home/runner/work/key/key/key.core/../key.ui/examples/heap/permissions/threads/Plotter_joinTransfer_contract.key 
432589     INFO  main            d.u.i.k.p.i.AbstractProblemLoader Loading environment from /home/runner/work/key/key/key.core/../key.ui/examples/heap/permissions/threads/Plotter_joinTransfer_contract.key 
432589     DEBUG main            d.u.i.k.p.i.AbstractProblemLoader Environment load took 83ns 
432590     INFO  main            d.u.i.k.p.i.AbstractProblemLoader Creating init config 
436916     DEBUG main            d.u.i.k.p.i.AbstractProblemLoader Init config took 4.33s 
436990     INFO  main            d.u.i.k.p.i.AbstractProblemLoader Replaying proof Plotter[ThreadSpec2::joinTransfer()].JML model_behavior operation contract.0 
436991     DEBUG main            d.u.i.k.p.i.IntermediateProofReplayer Proof replay took 7ns 
437092     INFO  main            d.u.i.k.p.r.p.TestFile    ... finished proof: closed. 
437552     INFO  main            d.u.i.k.p.i.AbstractProblemLoader Loading environment from /home/runner/work/key/key/key.core/../key.ui/examples/heap/permissions/threads/Plotter_joinTransfer_contract.key.proof 
437552     DEBUG main            d.u.i.k.p.i.AbstractProblemLoader Environment load took 90.8ns 
437552     INFO  main            d.u.i.k.p.i.AbstractProblemLoader Creating init config 
441802     DEBUG main            d.u.i.k.p.i.AbstractProblemLoader Init config took 4.25s 
441886     INFO  main            d.u.i.k.p.i.AbstractProblemLoader Replaying proof Plotter[ThreadSpec2::joinTransfer()].JML model_behavior operation contract.0 
441894     DEBUG main            d.u.i.k.p.i.IntermediateProofReplayer Proof replay took 6.24ms 
441895     DEBUG main            d.u.i.k.p.r.p.TestFile    ... success: reloaded. 
441896     INFO  main            d.u.i.k.p.r.p.TestFile    Now processing file /home/runner/work/key/key/key.core/../key.ui/examples/heap/permissions/threads/Plotter_Plotter.key 
441896     INFO  main            d.u.i.k.p.i.AbstractProblemLoader Loading environment from /home/runner/work/key/key/key.core/../key.ui/examples/heap/permissions/threads/Plotter_Plotter.key 
441896     DEBUG main            d.u.i.k.p.i.AbstractProblemLoader Environment load took 151.5ns 
441897     INFO  main            d.u.i.k.p.i.AbstractProblemLoader Creating init config 
446216     DEBUG main            d.u.i.k.p.i.AbstractProblemLoader Init config took 4.32s 
446306     INFO  main            d.u.i.k.p.i.AbstractProblemLoader Replaying proof Plotter[Plotter::Plotter(AFilter,BFilter,Buffer)].JML normal_behavior operation contract.0 
446307     DEBUG main            d.u.i.k.p.i.IntermediateProofReplayer Proof replay took 7ns 
447932     INFO  main            d.u.i.k.p.r.p.TestFile    ... finished proof: closed. 
448424     INFO  main            d.u.i.k.p.i.AbstractProblemLoader Loading environment from /home/runner/work/key/key/key.core/../key.ui/examples/heap/permissions/threads/Plotter_Plotter.key.proof 
448424     DEBUG main            d.u.i.k.p.i.AbstractProblemLoader Environment load took 320.11ns 
448425     INFO  main            d.u.i.k.p.i.AbstractProblemLoader Creating init config 
452683     DEBUG main            d.u.i.k.p.i.AbstractProblemLoader Init config took 4.26s 
452757     INFO  main            d.u.i.k.p.i.AbstractProblemLoader Replaying proof Plotter[Plotter::Plotter(AFilter,BFilter,Buffer)].JML normal_behavior operation contract.0 
452922     DEBUG main            d.u.i.k.p.i.IntermediateProofReplayer Proof replay took 161.05ms 
452923     DEBUG main            d.u.i.k.p.r.p.TestFile    ... success: reloaded. 
452924     INFO  main            d.u.i.k.p.r.p.TestFile    Now processing file /home/runner/work/key/key/key.core/../key.ui/examples/heap/permissions/threads/Plotter_postJoin_accessible.key 
452925     INFO  main            d.u.i.k.p.i.AbstractProblemLoader Loading environment from /home/runner/work/key/key/key.core/../key.ui/examples/heap/permissions/threads/Plotter_postJoin_accessible.key 
452925     DEBUG main            d.u.i.k.p.i.AbstractProblemLoader Environment load took 75.3ns 
452925     INFO  main            d.u.i.k.p.i.AbstractProblemLoader Creating init config 
457381     DEBUG main            d.u.i.k.p.i.AbstractProblemLoader Init config took 4.46s 
457454     INFO  main            d.u.i.k.p.i.AbstractProblemLoader Replaying proof Plotter[ThreadSpec2::postJoin(java.lang.Object)].JML accessible clause.0 
457455     DEBUG main            d.u.i.k.p.i.IntermediateProofReplayer Proof replay took 7ns 
457557     INFO  main            d.u.i.k.p.r.p.TestFile    ... finished proof: closed. 
458008     INFO  main            d.u.i.k.p.i.AbstractProblemLoader Loading environment from /home/runner/work/key/key/key.core/../key.ui/examples/heap/permissions/threads/Plotter_postJoin_accessible.key.proof 
458008     DEBUG main            d.u.i.k.p.i.AbstractProblemLoader Environment load took 92.6ns 
458009     INFO  main            d.u.i.k.p.i.AbstractProblemLoader Creating init config 
462328     DEBUG main            d.u.i.k.p.i.AbstractProblemLoader Init config took 4.32s 
462413     INFO  main            d.u.i.k.p.i.AbstractProblemLoader Replaying proof Plotter[ThreadSpec2::postJoin(java.lang.Object)].JML accessible clause.0 
462423     DEBUG main            d.u.i.k.p.i.IntermediateProofReplayer Proof replay took 8.4ms 
462424     DEBUG main            d.u.i.k.p.r.p.TestFile    ... success: reloaded. 
462424     INFO  main            d.u.i.k.p.r.p.TestFile    Now processing file /home/runner/work/key/key/key.core/../key.ui/examples/heap/permissions/threads/Plotter_preStart_accessible.key 
462425     INFO  main            d.u.i.k.p.i.AbstractProblemLoader Loading environment from /home/runner/work/key/key/key.core/../key.ui/examples/heap/permissions/threads/Plotter_preStart_accessible.key 
462425     DEBUG main            d.u.i.k.p.i.AbstractProblemLoader Environment load took 45.4ns 
462425     INFO  main            d.u.i.k.p.i.AbstractProblemLoader Creating init config 
466696     DEBUG main            d.u.i.k.p.i.AbstractProblemLoader Init config took 4.27s 
466785     INFO  main            d.u.i.k.p.i.AbstractProblemLoader Replaying proof Plotter[ThreadSpec2::preStart(java.lang.Object)].JML accessible clause.0 
466787     DEBUG main            d.u.i.k.p.i.IntermediateProofReplayer Proof replay took 7.4ns 
467791     INFO  main            d.u.i.k.p.r.p.TestFile    ... finished proof: closed. 
468291     INFO  main            d.u.i.k.p.i.AbstractProblemLoader Loading environment from /home/runner/work/key/key/key.core/../key.ui/examples/heap/permissions/threads/Plotter_preStart_accessible.key.proof 
468292     DEBUG main            d.u.i.k.p.i.AbstractProblemLoader Environment load took 91.7ns 
468292     INFO  main            d.u.i.k.p.i.AbstractProblemLoader Creating init config 
472517     DEBUG main            d.u.i.k.p.i.AbstractProblemLoader Init config took 4.22s 
472590     INFO  main            d.u.i.k.p.i.AbstractProblemLoader Replaying proof Plotter[ThreadSpec2::preStart(java.lang.Object)].JML accessible clause.0 
472637     DEBUG main            d.u.i.k.p.i.IntermediateProofReplayer Proof replay took 43.91ms 
472638     DEBUG main            d.u.i.k.p.r.p.TestFile    ... success: reloaded. 
472639     INFO  main            d.u.i.k.p.r.p.TestFile    Now processing file /home/runner/work/key/key/key.core/../key.ui/examples/heap/permissions/threads/Plotter_stateInv_accessible.key 
472639     INFO  main            d.u.i.k.p.i.AbstractProblemLoader Loading environment from /home/runner/work/key/key/key.core/../key.ui/examples/heap/permissions/threads/Plotter_stateInv_accessible.key 
472639     DEBUG main            d.u.i.k.p.i.AbstractProblemLoader Environment load took 73.7ns 
472640     INFO  main            d.u.i.k.p.i.AbstractProblemLoader Creating init config 
476926     DEBUG main            d.u.i.k.p.i.AbstractProblemLoader Init config took 4.29s 
476998     INFO  main            d.u.i.k.p.i.AbstractProblemLoader Replaying proof Plotter[ThreadSpec2::stateInv()].JML accessible clause.0 
476999     DEBUG main            d.u.i.k.p.i.IntermediateProofReplayer Proof replay took 6.4ns 
484461     INFO  main            d.u.i.k.p.r.p.TestFile    ... finished proof: closed. 
484983     INFO  main            d.u.i.k.p.i.AbstractProblemLoader Loading environment from /home/runner/work/key/key/key.core/../key.ui/examples/heap/permissions/threads/Plotter_stateInv_accessible.key.proof 
484983     DEBUG main            d.u.i.k.p.i.AbstractProblemLoader Environment load took 326.91ns 
484985     INFO  main            d.u.i.k.p.i.AbstractProblemLoader Creating init config 
489203     DEBUG main            d.u.i.k.p.i.AbstractProblemLoader Init config took 4.22s 
489289     INFO  main            d.u.i.k.p.i.AbstractProblemLoader Replaying proof Plotter[ThreadSpec2::stateInv()].JML accessible clause.0 
489660     DEBUG main            d.u.i.k.p.i.IntermediateProofReplayer Proof replay took 356.68ms 
489662     DEBUG main            d.u.i.k.p.r.p.TestFile    ... success: reloaded. 
489663     INFO  main            d.u.i.k.p.r.p.TestFile    Now processing file /home/runner/work/key/key/key.core/../key.ui/examples/heap/permissions/threads/Plotter_staticPermissions_accessible.key 
489664     INFO  main            d.u.i.k.p.i.AbstractProblemLoader Loading environment from /home/runner/work/key/key/key.core/../key.ui/examples/heap/permissions/threads/Plotter_staticPermissions_accessible.key 
489664     DEBUG main            d.u.i.k.p.i.AbstractProblemLoader Environment load took 65ns 
489664     INFO  main            d.u.i.k.p.i.AbstractProblemLoader Creating init config 
493972     DEBUG main            d.u.i.k.p.i.AbstractProblemLoader Init config took 4.31s 
494045     INFO  main            d.u.i.k.p.i.AbstractProblemLoader Replaying proof Plotter[ThreadSpec2::staticPermissions()].JML accessible clause.0 
494046     DEBUG main            d.u.i.k.p.i.IntermediateProofReplayer Proof replay took 38.9ns 
494859     INFO  main            d.u.i.k.p.r.p.TestFile    ... finished proof: closed. 
495335     INFO  main            d.u.i.k.p.i.AbstractProblemLoader Loading environment from /home/runner/work/key/key/key.core/../key.ui/examples/heap/permissions/threads/Plotter_staticPermissions_accessible.key.proof 
495336     DEBUG main            d.u.i.k.p.i.AbstractProblemLoader Environment load took 84.1ns 
495336     INFO  main            d.u.i.k.p.i.AbstractProblemLoader Creating init config 
499552     DEBUG main            d.u.i.k.p.i.AbstractProblemLoader Init config took 4.22s 
499625     INFO  main            d.u.i.k.p.i.AbstractProblemLoader Replaying proof Plotter[ThreadSpec2::staticPermissions()].JML accessible clause.0 
499669     DEBUG main            d.u.i.k.p.i.IntermediateProofReplayer Proof replay took 41.93ms 
499670     DEBUG main            d.u.i.k.p.r.p.TestFile    ... success: reloaded. 
499671     INFO  main            d.u.i.k.p.r.p.TestFile    Now processing file /home/runner/work/key/key/key.core/../key.ui/examples/heap/permissions/threads/Plotter_workingPermissions_accessible.key 
499671     INFO  main            d.u.i.k.p.i.AbstractProblemLoader Loading environment from /home/runner/work/key/key/key.core/../key.ui/examples/heap/permissions/threads/Plotter_workingPermissions_accessible.key 
499671     DEBUG main            d.u.i.k.p.i.AbstractProblemLoader Environment load took 85.9ns 
499672     INFO  main            d.u.i.k.p.i.AbstractProblemLoader Creating init config 
503964     DEBUG main            d.u.i.k.p.i.AbstractProblemLoader Init config took 4.29s 
504061     INFO  main            d.u.i.k.p.i.AbstractProblemLoader Replaying proof Plotter[ThreadSpec2::workingPermissions()].JML accessible clause.0 
504063     DEBUG main            d.u.i.k.p.i.IntermediateProofReplayer Proof replay took 2.3ns 
504264     INFO  main            d.u.i.k.p.r.p.TestFile    ... finished proof: closed. 
504750     INFO  main            d.u.i.k.p.i.AbstractProblemLoader Loading environment from /home/runner/work/key/key/key.core/../key.ui/examples/heap/permissions/threads/Plotter_workingPermissions_accessible.key.proof 
504750     DEBUG main            d.u.i.k.p.i.AbstractProblemLoader Environment load took 95.1ns 
504751     INFO  main            d.u.i.k.p.i.AbstractProblemLoader Creating init config 
508965     DEBUG main            d.u.i.k.p.i.AbstractProblemLoader Init config took 4.21s 
509038     INFO  main            d.u.i.k.p.i.AbstractProblemLoader Replaying proof Plotter[ThreadSpec2::workingPermissions()].JML accessible clause.0 
509051     DEBUG main            d.u.i.k.p.i.IntermediateProofReplayer Proof replay took 10.92ms 
509051     DEBUG main            d.u.i.k.p.r.p.TestFile    ... success: reloaded. 
509052     INFO  main            d.u.i.k.p.r.p.TestFile    Now processing file /home/runner/work/key/key/key.core/../key.ui/examples/heap/permissions/threads/Sampler_initPost_accessible.key 
509052     INFO  main            d.u.i.k.p.i.AbstractProblemLoader Loading environment from /home/runner/work/key/key/key.core/../key.ui/examples/heap/permissions/threads/Sampler_initPost_accessible.key 
509052     DEBUG main            d.u.i.k.p.i.AbstractProblemLoader Environment load took 51.7ns 
509053     INFO  main            d.u.i.k.p.i.AbstractProblemLoader Creating init config 
513339     DEBUG main            d.u.i.k.p.i.AbstractProblemLoader Init config took 4.29s 
513438     INFO  main            d.u.i.k.p.i.AbstractProblemLoader Replaying proof Sampler[ThreadSpec2::initPost()].JML accessible clause.0 
513439     DEBUG main            d.u.i.k.p.i.IntermediateProofReplayer Proof replay took 2.5ns 
513541     INFO  main            d.u.i.k.p.r.p.TestFile    ... finished proof: closed. 
514040     INFO  main            d.u.i.k.p.i.AbstractProblemLoader Loading environment from /home/runner/work/key/key/key.core/../key.ui/examples/heap/permissions/threads/Sampler_initPost_accessible.key.proof 
514041     DEBUG main            d.u.i.k.p.i.AbstractProblemLoader Environment load took 78.9ns 
514041     INFO  main            d.u.i.k.p.i.AbstractProblemLoader Creating init config 
518265     DEBUG main            d.u.i.k.p.i.AbstractProblemLoader Init config took 4.22s 
518337     INFO  main            d.u.i.k.p.i.AbstractProblemLoader Replaying proof Sampler[ThreadSpec2::initPost()].JML accessible clause.0 
518342     DEBUG main            d.u.i.k.p.i.IntermediateProofReplayer Proof replay took 4.21ms 
518343     DEBUG main            d.u.i.k.p.r.p.TestFile    ... success: reloaded. 
518344     INFO  main            d.u.i.k.p.r.p.TestFile    Now processing file /home/runner/work/key/key/key.core/../key.ui/examples/heap/permissions/threads/Sampler_inv_accessible1.key 
518344     INFO  main            d.u.i.k.p.i.AbstractProblemLoader Loading environment from /home/runner/work/key/key/key.core/../key.ui/examples/heap/permissions/threads/Sampler_inv_accessible1.key 
518344     DEBUG main            d.u.i.k.p.i.AbstractProblemLoader Environment load took 41.1ns 
518345     INFO  main            d.u.i.k.p.i.AbstractProblemLoader Creating init config 
522628     DEBUG main            d.u.i.k.p.i.AbstractProblemLoader Init config took 4.28s 
522719     INFO  main            d.u.i.k.p.i.AbstractProblemLoader Replaying proof Sampler[java.lang.Object::<inv>()].JML accessible clause.0 
522721     DEBUG main            d.u.i.k.p.i.IntermediateProofReplayer Proof replay took 2.2ns 
522823     INFO  main            d.u.i.k.p.r.p.TestFile    ... finished proof: closed. 
523318     INFO  main            d.u.i.k.p.i.AbstractProblemLoader Loading environment from /home/runner/work/key/key/key.core/../key.ui/examples/heap/permissions/threads/Sampler_inv_accessible1.key.proof 
523318     DEBUG main            d.u.i.k.p.i.AbstractProblemLoader Environment load took 76.3ns 
523319     INFO  main            d.u.i.k.p.i.AbstractProblemLoader Creating init config 
527532     DEBUG main            d.u.i.k.p.i.AbstractProblemLoader Init config took 4.21s 
527617     INFO  main            d.u.i.k.p.i.AbstractProblemLoader Replaying proof Sampler[java.lang.Object::<inv>()].JML accessible clause.0 
527620     DEBUG main            d.u.i.k.p.i.IntermediateProofReplayer Proof replay took 1.29ms 
527620     DEBUG main            d.u.i.k.p.r.p.TestFile    ... success: reloaded. 
527621     INFO  main            d.u.i.k.p.r.p.TestFile    Now processing file /home/runner/work/key/key/key.core/../key.ui/examples/heap/permissions/threads/Sampler_inv_accessible2.key 
527621     INFO  main            d.u.i.k.p.i.AbstractProblemLoader Loading environment from /home/runner/work/key/key/key.core/../key.ui/examples/heap/permissions/threads/Sampler_inv_accessible2.key 
527621     DEBUG main            d.u.i.k.p.i.AbstractProblemLoader Environment load took 42.3ns 
527622     INFO  main            d.u.i.k.p.i.AbstractProblemLoader Creating init config 
531917     DEBUG main            d.u.i.k.p.i.AbstractProblemLoader Init config took 4.3s 
531990     INFO  main            d.u.i.k.p.i.AbstractProblemLoader Replaying proof Sampler[java.lang.Object::<inv>()].JML accessible clause.1 
531991     DEBUG main            d.u.i.k.p.i.IntermediateProofReplayer Proof replay took 2.6ns 
532092     INFO  main            d.u.i.k.p.r.p.TestFile    ... finished proof: closed. 
532596     INFO  main            d.u.i.k.p.i.AbstractProblemLoader Loading environment from /home/runner/work/key/key/key.core/../key.ui/examples/heap/permissions/threads/Sampler_inv_accessible2.key.proof 
532596     DEBUG main            d.u.i.k.p.i.AbstractProblemLoader Environment load took 72.8ns 
532597     INFO  main            d.u.i.k.p.i.AbstractProblemLoader Creating init config 
536807     DEBUG main            d.u.i.k.p.i.AbstractProblemLoader Init config took 4.21s 
536891     INFO  main            d.u.i.k.p.i.AbstractProblemLoader Replaying proof Sampler[java.lang.Object::<inv>()].JML accessible clause.1 
536897     DEBUG main            d.u.i.k.p.i.IntermediateProofReplayer Proof replay took 1.42ms 
536897     DEBUG main            d.u.i.k.p.r.p.TestFile    ... success: reloaded. 
536898     INFO  main            d.u.i.k.p.r.p.TestFile    Now processing file /home/runner/work/key/key/key.core/../key.ui/examples/heap/permissions/threads/Sampler_joinTransfer_accessible.key 
536899     INFO  main            d.u.i.k.p.i.AbstractProblemLoader Loading environment from /home/runner/work/key/key/key.core/../key.ui/examples/heap/permissions/threads/Sampler_joinTransfer_accessible.key 
536899     DEBUG main            d.u.i.k.p.i.AbstractProblemLoader Environment load took 163ns 
536900     INFO  main            d.u.i.k.p.i.AbstractProblemLoader Creating init config 
541190     DEBUG main            d.u.i.k.p.i.AbstractProblemLoader Init config took 4.29s 
541263     INFO  main            d.u.i.k.p.i.AbstractProblemLoader Replaying proof Sampler[ThreadSpec2::joinTransfer()].JML accessible clause.0 
541264     DEBUG main            d.u.i.k.p.i.IntermediateProofReplayer Proof replay took 2.9ns 
544372     INFO  main            d.u.i.k.p.r.p.TestFile    ... finished proof: closed. 
544892     INFO  main            d.u.i.k.p.i.AbstractProblemLoader Loading environment from /home/runner/work/key/key/key.core/../key.ui/examples/heap/permissions/threads/Sampler_joinTransfer_accessible.key.proof 
544892     DEBUG main            d.u.i.k.p.i.AbstractProblemLoader Environment load took 82.6ns 
544894     INFO  main            d.u.i.k.p.i.AbstractProblemLoader Creating init config 
549115     DEBUG main            d.u.i.k.p.i.AbstractProblemLoader Init config took 4.22s 
549189     INFO  main            d.u.i.k.p.i.AbstractProblemLoader Replaying proof Sampler[ThreadSpec2::joinTransfer()].JML accessible clause.0 
549625     DEBUG main            d.u.i.k.p.i.IntermediateProofReplayer Proof replay took 424.71ms 
549627     DEBUG main            d.u.i.k.p.r.p.TestFile    ... success: reloaded. 
549627     INFO  main            d.u.i.k.p.r.p.TestFile    Now processing file /home/runner/work/key/key/key.core/../key.ui/examples/heap/permissions/threads/Sampler_joinTransfer_contract.key 
549628     INFO  main            d.u.i.k.p.i.AbstractProblemLoader Loading environment from /home/runner/work/key/key/key.core/../key.ui/examples/heap/permissions/threads/Sampler_joinTransfer_contract.key 
549628     DEBUG main            d.u.i.k.p.i.AbstractProblemLoader Environment load took 43.7ns 
549628     INFO  main            d.u.i.k.p.i.AbstractProblemLoader Creating init config 
553941     DEBUG main            d.u.i.k.p.i.AbstractProblemLoader Init config took 4.31s 
554014     INFO  main            d.u.i.k.p.i.AbstractProblemLoader Replaying proof Sampler[ThreadSpec2::joinTransfer()].JML model_behavior operation contract.0 
554015     DEBUG main            d.u.i.k.p.i.IntermediateProofReplayer Proof replay took 2.1ns 
554116     INFO  main            d.u.i.k.p.r.p.TestFile    ... finished proof: closed. 
554635     INFO  main            d.u.i.k.p.i.AbstractProblemLoader Loading environment from /home/runner/work/key/key/key.core/../key.ui/examples/heap/permissions/threads/Sampler_joinTransfer_contract.key.proof 
554636     DEBUG main            d.u.i.k.p.i.AbstractProblemLoader Environment load took 71.5ns 
554636     INFO  main            d.u.i.k.p.i.AbstractProblemLoader Creating init config 
558867     DEBUG main            d.u.i.k.p.i.AbstractProblemLoader Init config took 4.23s 
558940     INFO  main            d.u.i.k.p.i.AbstractProblemLoader Replaying proof Sampler[ThreadSpec2::joinTransfer()].JML model_behavior operation contract.0 
558947     DEBUG main            d.u.i.k.p.i.IntermediateProofReplayer Proof replay took 5.84ms 
558948     DEBUG main            d.u.i.k.p.r.p.TestFile    ... success: reloaded. 
558948     INFO  main            d.u.i.k.p.r.p.TestFile    Now processing file /home/runner/work/key/key/key.core/../key.ui/examples/heap/permissions/threads/Sampler_postJoin_accessible.key 
558949     INFO  main            d.u.i.k.p.i.AbstractProblemLoader Loading environment from /home/runner/work/key/key/key.core/../key.ui/examples/heap/permissions/threads/Sampler_postJoin_accessible.key 
558949     DEBUG main            d.u.i.k.p.i.AbstractProblemLoader Environment load took 39.6ns 
558949     INFO  main            d.u.i.k.p.i.AbstractProblemLoader Creating init config 
563250     DEBUG main            d.u.i.k.p.i.AbstractProblemLoader Init config took 4.3s 
563324     INFO  main            d.u.i.k.p.i.AbstractProblemLoader Replaying proof Sampler[ThreadSpec2::postJoin(java.lang.Object)].JML accessible clause.0 
563325     DEBUG main            d.u.i.k.p.i.IntermediateProofReplayer Proof replay took 2ns 
563426     INFO  main            d.u.i.k.p.r.p.TestFile    ... finished proof: closed. 
563955     INFO  main            d.u.i.k.p.i.AbstractProblemLoader Loading environment from /home/runner/work/key/key/key.core/../key.ui/examples/heap/permissions/threads/Sampler_postJoin_accessible.key.proof 
563955     DEBUG main            d.u.i.k.p.i.AbstractProblemLoader Environment load took 71.7ns 
563956     INFO  main            d.u.i.k.p.i.AbstractProblemLoader Creating init config 
568176     DEBUG main            d.u.i.k.p.i.AbstractProblemLoader Init config took 4.22s 
568248     INFO  main            d.u.i.k.p.i.AbstractProblemLoader Replaying proof Sampler[ThreadSpec2::postJoin(java.lang.Object)].JML accessible clause.0 
568257     DEBUG main            d.u.i.k.p.i.IntermediateProofReplayer Proof replay took 6.82ms 
568257     DEBUG main            d.u.i.k.p.r.p.TestFile    ... success: reloaded. 
568258     INFO  main            d.u.i.k.p.r.p.TestFile    Now processing file /home/runner/work/key/key/key.core/../key.ui/examples/heap/permissions/threads/Sampler_preStart_accessible.key 
568258     INFO  main            d.u.i.k.p.i.AbstractProblemLoader Loading environment from /home/runner/work/key/key/key.core/../key.ui/examples/heap/permissions/threads/Sampler_preStart_accessible.key 
568258     DEBUG main            d.u.i.k.p.i.AbstractProblemLoader Environment load took 67.7ns 
568259     INFO  main            d.u.i.k.p.i.AbstractProblemLoader Creating init config 
572553     DEBUG main            d.u.i.k.p.i.AbstractProblemLoader Init config took 4.29s 
572646     INFO  main            d.u.i.k.p.i.AbstractProblemLoader Replaying proof Sampler[ThreadSpec2::preStart(java.lang.Object)].JML accessible clause.0 
572648     DEBUG main            d.u.i.k.p.i.IntermediateProofReplayer Proof replay took 1.9ns 
572749     INFO  main            d.u.i.k.p.r.p.TestFile    ... finished proof: closed. 
573274     INFO  main            d.u.i.k.p.i.AbstractProblemLoader Loading environment from /home/runner/work/key/key/key.core/../key.ui/examples/heap/permissions/threads/Sampler_preStart_accessible.key.proof 
573274     DEBUG main            d.u.i.k.p.i.AbstractProblemLoader Environment load took 90.9ns 
573275     INFO  main            d.u.i.k.p.i.AbstractProblemLoader Creating init config 
577499     DEBUG main            d.u.i.k.p.i.AbstractProblemLoader Init config took 4.22s 
577571     INFO  main            d.u.i.k.p.i.AbstractProblemLoader Replaying proof Sampler[ThreadSpec2::preStart(java.lang.Object)].JML accessible clause.0 
577579     DEBUG main            d.u.i.k.p.i.IntermediateProofReplayer Proof replay took 6.73ms 
577580     DEBUG main            d.u.i.k.p.r.p.TestFile    ... success: reloaded. 
577581     INFO  main            d.u.i.k.p.r.p.TestFile    Now processing file /home/runner/work/key/key/key.core/../key.ui/examples/heap/permissions/threads/Sampler_run.key 
577581     INFO  main            d.u.i.k.p.i.AbstractProblemLoader Loading environment from /home/runner/work/key/key/key.core/../key.ui/examples/heap/permissions/threads/Sampler_run.key 
577581     DEBUG main            d.u.i.k.p.i.AbstractProblemLoader Environment load took 38.5ns 
577581     INFO  main            d.u.i.k.p.i.AbstractProblemLoader Creating init config 
581888     DEBUG main            d.u.i.k.p.i.AbstractProblemLoader Init config took 4.31s 
581962     INFO  main            d.u.i.k.p.i.AbstractProblemLoader Replaying proof Sampler[ThreadSpec2::run()].JML normal_behavior operation contract.0 
581963     DEBUG main            d.u.i.k.p.i.IntermediateProofReplayer Proof replay took 2ns 
582064     INFO  main            d.u.i.k.p.r.p.TestFile    ... finished proof: closed. 
582605     INFO  main            d.u.i.k.p.i.AbstractProblemLoader Loading environment from /home/runner/work/key/key/key.core/../key.ui/examples/heap/permissions/threads/Sampler_run.key.proof 
582605     DEBUG main            d.u.i.k.p.i.AbstractProblemLoader Environment load took 74.4ns 
582605     INFO  main            d.u.i.k.p.i.AbstractProblemLoader Creating init config 
586827     DEBUG main            d.u.i.k.p.i.AbstractProblemLoader Init config took 4.22s 
586899     INFO  main            d.u.i.k.p.i.AbstractProblemLoader Replaying proof Sampler[ThreadSpec2::run()].JML normal_behavior operation contract.0 
586926     DEBUG main            d.u.i.k.p.i.IntermediateProofReplayer Proof replay took 23.51ms 
586927     DEBUG main            d.u.i.k.p.r.p.TestFile    ... success: reloaded. 
586928     INFO  main            d.u.i.k.p.r.p.TestFile    Now processing file /home/runner/work/key/key/key.core/../key.ui/examples/heap/permissions/threads/Sampler_Sampler.key 
586928     INFO  main            d.u.i.k.p.i.AbstractProblemLoader Loading environment from /home/runner/work/key/key/key.core/../key.ui/examples/heap/permissions/threads/Sampler_Sampler.key 
586929     DEBUG main            d.u.i.k.p.i.AbstractProblemLoader Environment load took 147.8ns 
586929     INFO  main            d.u.i.k.p.i.AbstractProblemLoader Creating init config 
591239     DEBUG main            d.u.i.k.p.i.AbstractProblemLoader Init config took 4.31s 
591311     INFO  main            d.u.i.k.p.i.AbstractProblemLoader Replaying proof Sampler[Sampler::Sampler(Buffer)].JML normal_behavior operation contract.0 
591312     DEBUG main            d.u.i.k.p.i.IntermediateProofReplayer Proof replay took 2.3ns 
591815     INFO  main            d.u.i.k.p.r.p.TestFile    ... finished proof: closed. 
592388     INFO  main            d.u.i.k.p.i.AbstractProblemLoader Loading environment from /home/runner/work/key/key/key.core/../key.ui/examples/heap/permissions/threads/Sampler_Sampler.key.proof 
592388     DEBUG main            d.u.i.k.p.i.AbstractProblemLoader Environment load took 77.6ns 
592390     INFO  main            d.u.i.k.p.i.AbstractProblemLoader Creating init config 
596636     DEBUG main            d.u.i.k.p.i.AbstractProblemLoader Init config took 4.25s 
596709     INFO  main            d.u.i.k.p.i.AbstractProblemLoader Replaying proof Sampler[Sampler::Sampler(Buffer)].JML normal_behavior operation contract.0 
596769     DEBUG main            d.u.i.k.p.i.IntermediateProofReplayer Proof replay took 57.2ms 
596769     DEBUG main            d.u.i.k.p.r.p.TestFile    ... success: reloaded. 
596770     INFO  main            d.u.i.k.p.r.p.TestFile    Now processing file /home/runner/work/key/key/key.core/../key.ui/examples/heap/permissions/threads/Sampler_startTransfer_accessible.key 
596770     INFO  main            d.u.i.k.p.i.AbstractProblemLoader Loading environment from /home/runner/work/key/key/key.core/../key.ui/examples/heap/permissions/threads/Sampler_startTransfer_accessible.key 
596770     DEBUG main            d.u.i.k.p.i.AbstractProblemLoader Environment load took 41.3ns 
596771     INFO  main            d.u.i.k.p.i.AbstractProblemLoader Creating init config 
601091     DEBUG main            d.u.i.k.p.i.AbstractProblemLoader Init config took 4.32s 
601163     INFO  main            d.u.i.k.p.i.AbstractProblemLoader Replaying proof Sampler[ThreadSpec2::startTransfer()].JML accessible clause.0 
601164     DEBUG main            d.u.i.k.p.i.IntermediateProofReplayer Proof replay took 2ns 
604472     INFO  main            d.u.i.k.p.r.p.TestFile    ... finished proof: closed. 
605032     INFO  main            d.u.i.k.p.i.AbstractProblemLoader Loading environment from /home/runner/work/key/key/key.core/../key.ui/examples/heap/permissions/threads/Sampler_startTransfer_accessible.key.proof 
605032     DEBUG main            d.u.i.k.p.i.AbstractProblemLoader Environment load took 82.3ns 
605033     INFO  main            d.u.i.k.p.i.AbstractProblemLoader Creating init config 
609250     DEBUG main            d.u.i.k.p.i.AbstractProblemLoader Init config took 4.22s 
609322     INFO  main            d.u.i.k.p.i.AbstractProblemLoader Replaying proof Sampler[ThreadSpec2::startTransfer()].JML accessible clause.0 
609688     DEBUG main            d.u.i.k.p.i.IntermediateProofReplayer Proof replay took 356.01ms 
609689     DEBUG main            d.u.i.k.p.r.p.TestFile    ... success: reloaded. 
609690     INFO  main            d.u.i.k.p.r.p.TestFile    Now processing file /home/runner/work/key/key/key.core/../key.ui/examples/heap/permissions/threads/Sampler_startTransfer_contract.key 
609690     INFO  main            d.u.i.k.p.i.AbstractProblemLoader Loading environment from /home/runner/work/key/key/key.core/../key.ui/examples/heap/permissions/threads/Sampler_startTransfer_contract.key 
609690     DEBUG main            d.u.i.k.p.i.AbstractProblemLoader Environment load took 42.5ns 
609691     INFO  main            d.u.i.k.p.i.AbstractProblemLoader Creating init config 
613992     DEBUG main            d.u.i.k.p.i.AbstractProblemLoader Init config took 4.3s 
614064     INFO  main            d.u.i.k.p.i.AbstractProblemLoader Replaying proof Sampler[ThreadSpec2::startTransfer()].JML model_behavior operation contract.0 
614065     DEBUG main            d.u.i.k.p.i.IntermediateProofReplayer Proof replay took 2.1ns 
614166     INFO  main            d.u.i.k.p.r.p.TestFile    ... finished proof: closed. 
614721     INFO  main            d.u.i.k.p.i.AbstractProblemLoader Loading environment from /home/runner/work/key/key/key.core/../key.ui/examples/heap/permissions/threads/Sampler_startTransfer_contract.key.proof 
614721     DEBUG main            d.u.i.k.p.i.AbstractProblemLoader Environment load took 72.4ns 
614722     INFO  main            d.u.i.k.p.i.AbstractProblemLoader Creating init config 
618933     DEBUG main            d.u.i.k.p.i.AbstractProblemLoader Init config took 4.21s 
619005     INFO  main            d.u.i.k.p.i.AbstractProblemLoader Replaying proof Sampler[ThreadSpec2::startTransfer()].JML model_behavior operation contract.0 
619012     DEBUG main            d.u.i.k.p.i.IntermediateProofReplayer Proof replay took 5.83ms 
619013     DEBUG main            d.u.i.k.p.r.p.TestFile    ... success: reloaded. 
619014     INFO  main            d.u.i.k.p.r.p.TestFile    Now processing file /home/runner/work/key/key/key.core/../key.ui/examples/heap/permissions/threads/Sampler_stateInv_accessible.key 
619014     INFO  main            d.u.i.k.p.i.AbstractProblemLoader Loading environment from /home/runner/work/key/key/key.core/../key.ui/examples/heap/permissions/threads/Sampler_stateInv_accessible.key 
619014     DEBUG main            d.u.i.k.p.i.AbstractProblemLoader Environment load took 120.7ns 
619015     INFO  main            d.u.i.k.p.i.AbstractProblemLoader Creating init config 
623316     DEBUG main            d.u.i.k.p.i.AbstractProblemLoader Init config took 4.3s 
623389     INFO  main            d.u.i.k.p.i.AbstractProblemLoader Replaying proof Sampler[ThreadSpec2::stateInv()].JML accessible clause.0 
623390     DEBUG main            d.u.i.k.p.i.IntermediateProofReplayer Proof replay took 2.2ns 
623491     INFO  main            d.u.i.k.p.r.p.TestFile    ... finished proof: closed. 
624061     INFO  main            d.u.i.k.p.i.AbstractProblemLoader Loading environment from /home/runner/work/key/key/key.core/../key.ui/examples/heap/permissions/threads/Sampler_stateInv_accessible.key.proof 
624061     DEBUG main            d.u.i.k.p.i.AbstractProblemLoader Environment load took 75.6ns 
624062     INFO  main            d.u.i.k.p.i.AbstractProblemLoader Creating init config 
628291     DEBUG main            d.u.i.k.p.i.AbstractProblemLoader Init config took 4.23s 
628363     INFO  main            d.u.i.k.p.i.AbstractProblemLoader Replaying proof Sampler[ThreadSpec2::stateInv()].JML accessible clause.0 
628369     DEBUG main            d.u.i.k.p.i.IntermediateProofReplayer Proof replay took 4.79ms 
628370     DEBUG main            d.u.i.k.p.r.p.TestFile    ... success: reloaded. 
628371     INFO  main            d.u.i.k.p.r.p.TestFile    Now processing file /home/runner/work/key/key/key.core/../key.ui/examples/heap/permissions/threads/Sampler_staticPermissions_accessible.key 
628372     INFO  main            d.u.i.k.p.i.AbstractProblemLoader Loading environment from /home/runner/work/key/key/key.core/../key.ui/examples/heap/permissions/threads/Sampler_staticPermissions_accessible.key 
628372     DEBUG main            d.u.i.k.p.i.AbstractProblemLoader Environment load took 153.2ns 
628373     INFO  main            d.u.i.k.p.i.AbstractProblemLoader Creating init config 
632677     DEBUG main            d.u.i.k.p.i.AbstractProblemLoader Init config took 4.3s 
632763     INFO  main            d.u.i.k.p.i.AbstractProblemLoader Replaying proof Sampler[ThreadSpec2::staticPermissions()].JML accessible clause.0 
632764     DEBUG main            d.u.i.k.p.i.IntermediateProofReplayer Proof replay took 2.1ns 
632865     INFO  main            d.u.i.k.p.r.p.TestFile    ... finished proof: closed. 
633431     INFO  main            d.u.i.k.p.i.AbstractProblemLoader Loading environment from /home/runner/work/key/key/key.core/../key.ui/examples/heap/permissions/threads/Sampler_staticPermissions_accessible.key.proof 
633431     DEBUG main            d.u.i.k.p.i.AbstractProblemLoader Environment load took 70ns 
633432     INFO  main            d.u.i.k.p.i.AbstractProblemLoader Creating init config 
637649     DEBUG main            d.u.i.k.p.i.AbstractProblemLoader Init config took 4.22s 
637736     INFO  main            d.u.i.k.p.i.AbstractProblemLoader Replaying proof Sampler[ThreadSpec2::staticPermissions()].JML accessible clause.0 
637740     DEBUG main            d.u.i.k.p.i.IntermediateProofReplayer Proof replay took 2.81ms 
637740     DEBUG main            d.u.i.k.p.r.p.TestFile    ... success: reloaded. 
637741     INFO  main            d.u.i.k.p.r.p.TestFile    Now processing file /home/runner/work/key/key/key.core/../key.ui/examples/heap/permissions/threads/Sampler_workingPermissions_accessible.key 
637741     INFO  main            d.u.i.k.p.i.AbstractProblemLoader Loading environment from /home/runner/work/key/key/key.core/../key.ui/examples/heap/permissions/threads/Sampler_workingPermissions_accessible.key 
637742     DEBUG main            d.u.i.k.p.i.AbstractProblemLoader Environment load took 43.9ns 
637742     INFO  main            d.u.i.k.p.i.AbstractProblemLoader Creating init config 
642041     DEBUG main            d.u.i.k.p.i.AbstractProblemLoader Init config took 4.3s 
642113     INFO  main            d.u.i.k.p.i.AbstractProblemLoader Replaying proof Sampler[ThreadSpec2::workingPermissions()].JML accessible clause.0 
642115     DEBUG main            d.u.i.k.p.i.IntermediateProofReplayer Proof replay took 2.4ns 
642216     INFO  main            d.u.i.k.p.r.p.TestFile    ... finished proof: closed. 
642784     INFO  main            d.u.i.k.p.i.AbstractProblemLoader Loading environment from /home/runner/work/key/key/key.core/../key.ui/examples/heap/permissions/threads/Sampler_workingPermissions_accessible.key.proof 
642784     DEBUG main            d.u.i.k.p.i.AbstractProblemLoader Environment load took 71.4ns 
642785     INFO  main            d.u.i.k.p.i.AbstractProblemLoader Creating init config 
647023     DEBUG main            d.u.i.k.p.i.AbstractProblemLoader Init config took 4.24s 
647108     INFO  main            d.u.i.k.p.i.AbstractProblemLoader Replaying proof Sampler[ThreadSpec2::workingPermissions()].JML accessible clause.0 
647113     DEBUG main            d.u.i.k.p.i.IntermediateProofReplayer Proof replay took 3.89ms 
647114     DEBUG main            d.u.i.k.p.r.p.TestFile    ... success: reloaded. 
647114     INFO  main            d.u.i.k.p.r.p.TestFile    Now processing file /home/runner/work/key/key/key.core/../key.ui/examples/heap/permissions/mulleretal/ReadWrite_doRead_contract.key 
647115     INFO  main            d.u.i.k.p.i.AbstractProblemLoader Loading environment from /home/runner/work/key/key/key.core/../key.ui/examples/heap/permissions/mulleretal/ReadWrite_doRead_contract.key 
647115     DEBUG main            d.u.i.k.p.i.AbstractProblemLoader Environment load took 38.7ns 
647115     INFO  main            d.u.i.k.p.i.AbstractProblemLoader Creating init config 
649588     DEBUG main            d.u.i.k.p.i.AbstractProblemLoader Init config took 2.47s 
649618     INFO  main            d.u.i.k.p.i.AbstractProblemLoader Replaying proof ReadWrite[ReadWrite::doRead()].JML normal_behavior operation contract.0 
649620     DEBUG main            d.u.i.k.p.i.IntermediateProofReplayer Proof replay took 2ns 
651064     INFO  main            d.u.i.k.p.r.p.TestFile    ... finished proof: closed. 
651664     INFO  main            d.u.i.k.p.i.AbstractProblemLoader Loading environment from /home/runner/work/key/key/key.core/../key.ui/examples/heap/permissions/mulleretal/ReadWrite_doRead_contract.key.proof 
651664     DEBUG main            d.u.i.k.p.i.AbstractProblemLoader Environment load took 315.61ns 
651665     INFO  main            d.u.i.k.p.i.AbstractProblemLoader Creating init config 
654060     DEBUG main            d.u.i.k.p.i.AbstractProblemLoader Init config took 2.39s 
654089     INFO  main            d.u.i.k.p.i.AbstractProblemLoader Replaying proof ReadWrite[ReadWrite::doRead()].JML normal_behavior operation contract.0 
654369     DEBUG main            d.u.i.k.p.i.IntermediateProofReplayer Proof replay took 273.52ms 
654370     DEBUG main            d.u.i.k.p.r.p.TestFile    ... success: reloaded. 
654370     INFO  main            d.u.i.k.p.r.p.TestFile    Now processing file /home/runner/work/key/key/key.core/../key.ui/examples/heap/permissions/mulleretal/ReadWrite_doWrite_contract.key 
654370     INFO  main            d.u.i.k.p.i.AbstractProblemLoader Loading environment from /home/runner/work/key/key/key.core/../key.ui/examples/heap/permissions/mulleretal/ReadWrite_doWrite_contract.key 
654370     DEBUG main            d.u.i.k.p.i.AbstractProblemLoader Environment load took 64.3ns 
654371     INFO  main            d.u.i.k.p.i.AbstractProblemLoader Creating init config 
656811     DEBUG main            d.u.i.k.p.i.AbstractProblemLoader Init config took 2.44s 
656841     INFO  main            d.u.i.k.p.i.AbstractProblemLoader Replaying proof ReadWrite[ReadWrite::doWrite()].JML normal_behavior operation contract.0 
656842     DEBUG main            d.u.i.k.p.i.IntermediateProofReplayer Proof replay took 2.9ns 
658246     INFO  main            d.u.i.k.p.r.p.TestFile    ... finished proof: closed. 
658845     INFO  main            d.u.i.k.p.i.AbstractProblemLoader Loading environment from /home/runner/work/key/key/key.core/../key.ui/examples/heap/permissions/mulleretal/ReadWrite_doWrite_contract.key.proof 
658845     DEBUG main            d.u.i.k.p.i.AbstractProblemLoader Environment load took 78.6ns 
658846     INFO  main            d.u.i.k.p.i.AbstractProblemLoader Creating init config 
661242     DEBUG main            d.u.i.k.p.i.AbstractProblemLoader Init config took 2.4s 
661273     INFO  main            d.u.i.k.p.i.AbstractProblemLoader Replaying proof ReadWrite[ReadWrite::doWrite()].JML normal_behavior operation contract.0 
661576     DEBUG main            d.u.i.k.p.i.IntermediateProofReplayer Proof replay took 298.31ms 
661577     DEBUG main            d.u.i.k.p.r.p.TestFile    ... success: reloaded. 
661578     INFO  main            d.u.i.k.p.r.p.TestFile    Now processing file /home/runner/work/key/key/key.core/../key.ui/examples/heap/permissions/mulleretal/ReadWrite_read_contract.key 
661578     INFO  main            d.u.i.k.p.i.AbstractProblemLoader Loading environment from /home/runner/work/key/key/key.core/../key.ui/examples/heap/permissions/mulleretal/ReadWrite_read_contract.key 
661578     DEBUG main            d.u.i.k.p.i.AbstractProblemLoader Environment load took 67.6ns 
661579     INFO  main            d.u.i.k.p.i.AbstractProblemLoader Creating init config 
664026     DEBUG main            d.u.i.k.p.i.AbstractProblemLoader Init config took 2.45s 
664076     INFO  main            d.u.i.k.p.i.AbstractProblemLoader Replaying proof ReadWrite[ReadWrite::read()].JML normal_behavior operation contract.0 
664077     DEBUG main            d.u.i.k.p.i.IntermediateProofReplayer Proof replay took 2.6ns 
664178     INFO  main            d.u.i.k.p.r.p.TestFile    ... finished proof: closed. 
664760     INFO  main            d.u.i.k.p.i.AbstractProblemLoader Loading environment from /home/runner/work/key/key/key.core/../key.ui/examples/heap/permissions/mulleretal/ReadWrite_read_contract.key.proof 
664760     DEBUG main            d.u.i.k.p.i.AbstractProblemLoader Environment load took 74.6ns 
664761     INFO  main            d.u.i.k.p.i.AbstractProblemLoader Creating init config 
667153     DEBUG main            d.u.i.k.p.i.AbstractProblemLoader Init config took 2.39s 
667183     INFO  main            d.u.i.k.p.i.AbstractProblemLoader Replaying proof ReadWrite[ReadWrite::read()].JML normal_behavior operation contract.0 
667189     DEBUG main            d.u.i.k.p.i.IntermediateProofReplayer Proof replay took 4.95ms 
667190     DEBUG main            d.u.i.k.p.r.p.TestFile    ... success: reloaded. 
667191     INFO  main            d.u.i.k.p.r.p.TestFile    Now processing file /home/runner/work/key/key/key.core/../key.ui/examples/heap/permissions/mulleretal/ReadWrite_write_contract.key 
667192     INFO  main            d.u.i.k.p.i.AbstractProblemLoader Loading environment from /home/runner/work/key/key/key.core/../key.ui/examples/heap/permissions/mulleretal/ReadWrite_write_contract.key 
667192     DEBUG main            d.u.i.k.p.i.AbstractProblemLoader Environment load took 66.2ns 
667193     INFO  main            d.u.i.k.p.i.AbstractProblemLoader Creating init config 
669615     DEBUG main            d.u.i.k.p.i.AbstractProblemLoader Init config took 2.42s 
669644     INFO  main            d.u.i.k.p.i.AbstractProblemLoader Replaying proof ReadWrite[ReadWrite::write()].JML normal_behavior operation contract.0 
669646     DEBUG main            d.u.i.k.p.i.IntermediateProofReplayer Proof replay took 2.4ns 
669747     INFO  main            d.u.i.k.p.r.p.TestFile    ... finished proof: closed. 
670340     INFO  main            d.u.i.k.p.i.AbstractProblemLoader Loading environment from /home/runner/work/key/key/key.core/../key.ui/examples/heap/permissions/mulleretal/ReadWrite_write_contract.key.proof 
670340     DEBUG main            d.u.i.k.p.i.AbstractProblemLoader Environment load took 76.9ns 
670341     INFO  main            d.u.i.k.p.i.AbstractProblemLoader Creating init config 
672738     DEBUG main            d.u.i.k.p.i.AbstractProblemLoader Init config took 2.4s 
672768     INFO  main            d.u.i.k.p.i.AbstractProblemLoader Replaying proof ReadWrite[ReadWrite::write()].JML normal_behavior operation contract.0 
672785     DEBUG main            d.u.i.k.p.i.IntermediateProofReplayer Proof replay took 16.44ms 
672786     DEBUG main            d.u.i.k.p.r.p.TestFile    ... success: reloaded. 
672787     INFO  main            d.u.i.k.p.r.p.TestFile    Now processing file /home/runner/work/key/key/key.core/../key.ui/examples/heap/permissions/mulleretal/ReadWrite_inv1_accessible.key 
672787     INFO  main            d.u.i.k.p.i.AbstractProblemLoader Loading environment from /home/runner/work/key/key/key.core/../key.ui/examples/heap/permissions/mulleretal/ReadWrite_inv1_accessible.key 
672787     DEBUG main            d.u.i.k.p.i.AbstractProblemLoader Environment load took 69.7ns 
672788     INFO  main            d.u.i.k.p.i.AbstractProblemLoader Creating init config 
675207     DEBUG main            d.u.i.k.p.i.AbstractProblemLoader Init config took 2.42s 
675237     INFO  main            d.u.i.k.p.i.AbstractProblemLoader Replaying proof ReadWrite[java.lang.Object::<inv>()].JML accessible clause.0 
675239     DEBUG main            d.u.i.k.p.i.IntermediateProofReplayer Proof replay took 2.1ns 
675340     INFO  main            d.u.i.k.p.r.p.TestFile    ... finished proof: closed. 
675930     INFO  main            d.u.i.k.p.i.AbstractProblemLoader Loading environment from /home/runner/work/key/key/key.core/../key.ui/examples/heap/permissions/mulleretal/ReadWrite_inv1_accessible.key.proof 
675930     DEBUG main            d.u.i.k.p.i.AbstractProblemLoader Environment load took 74.1ns 
675931     INFO  main            d.u.i.k.p.i.AbstractProblemLoader Creating init config 
678321     DEBUG main            d.u.i.k.p.i.AbstractProblemLoader Init config took 2.39s 
678350     INFO  main            d.u.i.k.p.i.AbstractProblemLoader Replaying proof ReadWrite[java.lang.Object::<inv>()].JML accessible clause.0 
678353     DEBUG main            d.u.i.k.p.i.IntermediateProofReplayer Proof replay took 1.26ms 
678353     DEBUG main            d.u.i.k.p.r.p.TestFile    ... success: reloaded. 
678354     INFO  main            d.u.i.k.p.r.p.TestFile    Now processing file /home/runner/work/key/key/key.core/../key.ui/examples/heap/permissions/mulleretal/ReadWrite_inv2_accessible.key 
678354     INFO  main            d.u.i.k.p.i.AbstractProblemLoader Loading environment from /home/runner/work/key/key/key.core/../key.ui/examples/heap/permissions/mulleretal/ReadWrite_inv2_accessible.key 
678354     DEBUG main            d.u.i.k.p.i.AbstractProblemLoader Environment load took 40.3ns 
678355     INFO  main            d.u.i.k.p.i.AbstractProblemLoader Creating init config 
680775     DEBUG main            d.u.i.k.p.i.AbstractProblemLoader Init config took 2.42s 
680804     INFO  main            d.u.i.k.p.i.AbstractProblemLoader Replaying proof ReadWrite[java.lang.Object::<inv>()].JML accessible clause.1 
680805     DEBUG main            d.u.i.k.p.i.IntermediateProofReplayer Proof replay took 1.9ns 
680907     INFO  main            d.u.i.k.p.r.p.TestFile    ... finished proof: closed. 
681509     INFO  main            d.u.i.k.p.i.AbstractProblemLoader Loading environment from /home/runner/work/key/key/key.core/../key.ui/examples/heap/permissions/mulleretal/ReadWrite_inv2_accessible.key.proof 
681509     DEBUG main            d.u.i.k.p.i.AbstractProblemLoader Environment load took 73.2ns 
681510     INFO  main            d.u.i.k.p.i.AbstractProblemLoader Creating init config 
684053     DEBUG main            d.u.i.k.p.i.AbstractProblemLoader Init config took 2.54s 
684082     INFO  main            d.u.i.k.p.i.AbstractProblemLoader Replaying proof ReadWrite[java.lang.Object::<inv>()].JML accessible clause.1 
684084     DEBUG main            d.u.i.k.p.i.IntermediateProofReplayer Proof replay took 1.23ms 
684085     DEBUG main            d.u.i.k.p.r.p.TestFile    ... success: reloaded. 
684085     INFO  main            d.u.i.k.p.r.p.TestFile    Now processing file /home/runner/work/key/key/key.core/../key.ui/examples/heap/permissions/lockspec/Counter_lockConsistent_contract.key 
684086     INFO  main            d.u.i.k.p.i.AbstractProblemLoader Loading environment from /home/runner/work/key/key/key.core/../key.ui/examples/heap/permissions/lockspec/Counter_lockConsistent_contract.key 
684086     DEBUG main            d.u.i.k.p.i.AbstractProblemLoader Environment load took 33.6ns 
684086     INFO  main            d.u.i.k.p.i.AbstractProblemLoader Creating init config 
687052     DEBUG main            d.u.i.k.p.i.AbstractProblemLoader Init config took 2.97s 
687100     INFO  main            d.u.i.k.p.i.AbstractProblemLoader Replaying proof Counter[LockSpec::lockConsistent()].JML model_behavior operation contract.0 
687101     DEBUG main            d.u.i.k.p.i.IntermediateProofReplayer Proof replay took 2ns 
688106     INFO  main            d.u.i.k.p.r.p.TestFile    ... finished proof: closed. 
688719     INFO  main            d.u.i.k.p.i.AbstractProblemLoader Loading environment from /home/runner/work/key/key/key.core/../key.ui/examples/heap/permissions/lockspec/Counter_lockConsistent_contract.key.proof 
688719     DEBUG main            d.u.i.k.p.i.AbstractProblemLoader Environment load took 138.4ns 
688720     INFO  main            d.u.i.k.p.i.AbstractProblemLoader Creating init config 
691633     DEBUG main            d.u.i.k.p.i.AbstractProblemLoader Init config took 2.91s 
691688     INFO  main            d.u.i.k.p.i.AbstractProblemLoader Replaying proof Counter[LockSpec::lockConsistent()].JML model_behavior operation contract.0 
691901     DEBUG main            d.u.i.k.p.i.IntermediateProofReplayer Proof replay took 204.23ms 
691902     DEBUG main            d.u.i.k.p.r.p.TestFile    ... success: reloaded. 
691903     INFO  main            d.u.i.k.p.r.p.TestFile    Now processing file /home/runner/work/key/key/key.core/../key.ui/examples/heap/permissions/lockspec/Counter_increase_contract.key 
691903     INFO  main            d.u.i.k.p.i.AbstractProblemLoader Loading environment from /home/runner/work/key/key/key.core/../key.ui/examples/heap/permissions/lockspec/Counter_increase_contract.key 
691903     DEBUG main            d.u.i.k.p.i.AbstractProblemLoader Environment load took 180.2ns 
691904     INFO  main            d.u.i.k.p.i.AbstractProblemLoader Creating init config 
695090     DEBUG main            d.u.i.k.p.i.AbstractProblemLoader Init config took 3.19s 
695158     INFO  main            d.u.i.k.p.i.AbstractProblemLoader Replaying proof Counter[Counter::increase()].JML normal_behavior operation contract.0 
695164     DEBUG main            d.u.i.k.p.i.IntermediateProofReplayer Proof replay took 2.6ns 
696970     INFO  main            d.u.i.k.p.r.p.TestFile    ... finished proof: closed. 
697587     INFO  main            d.u.i.k.p.i.AbstractProblemLoader Loading environment from /home/runner/work/key/key/key.core/../key.ui/examples/heap/permissions/lockspec/Counter_increase_contract.key.proof 
697587     DEBUG main            d.u.i.k.p.i.AbstractProblemLoader Environment load took 81.3ns 
697588     INFO  main            d.u.i.k.p.i.AbstractProblemLoader Creating init config 
700613     DEBUG main            d.u.i.k.p.i.AbstractProblemLoader Init config took 3.03s 
700664     INFO  main            d.u.i.k.p.i.AbstractProblemLoader Replaying proof Counter[Counter::increase()].JML normal_behavior operation contract.0 
700898     DEBUG main            d.u.i.k.p.i.IntermediateProofReplayer Proof replay took 216.63ms 
700900     DEBUG main            d.u.i.k.p.r.p.TestFile    ... success: reloaded. 
700901     INFO  main            d.u.i.k.p.r.p.TestFile    Now processing file /home/runner/work/key/key/key.core/../key.ui/examples/heap/permissions/lockspec/Counter_fp_accessible.key 
700901     INFO  main            d.u.i.k.p.i.AbstractProblemLoader Loading environment from /home/runner/work/key/key/key.core/../key.ui/examples/heap/permissions/lockspec/Counter_fp_accessible.key 
700902     DEBUG main            d.u.i.k.p.i.AbstractProblemLoader Environment load took 177.1ns 
700902     INFO  main            d.u.i.k.p.i.AbstractProblemLoader Creating init config 
703873     DEBUG main            d.u.i.k.p.i.AbstractProblemLoader Init config took 2.97s 
703925     INFO  main            d.u.i.k.p.i.AbstractProblemLoader Replaying proof Counter[LockSpec::fp()].JML accessible clause.0 
703927     DEBUG main            d.u.i.k.p.i.IntermediateProofReplayer Proof replay took 2.4ns 
704029     INFO  main            d.u.i.k.p.r.p.TestFile    ... finished proof: closed. 
704626     INFO  main            d.u.i.k.p.i.AbstractProblemLoader Loading environment from /home/runner/work/key/key/key.core/../key.ui/examples/heap/permissions/lockspec/Counter_fp_accessible.key.proof 
704626     DEBUG main            d.u.i.k.p.i.AbstractProblemLoader Environment load took 81ns 
704626     INFO  main            d.u.i.k.p.i.AbstractProblemLoader Creating init config 
707510     DEBUG main            d.u.i.k.p.i.AbstractProblemLoader Init config took 2.88s 
707563     INFO  main            d.u.i.k.p.i.AbstractProblemLoader Replaying proof Counter[LockSpec::fp()].JML accessible clause.0 
707572     DEBUG main            d.u.i.k.p.i.IntermediateProofReplayer Proof replay took 7.21ms 
707573     DEBUG main            d.u.i.k.p.r.p.TestFile    ... success: reloaded. 
707574     INFO  main            d.u.i.k.p.r.p.TestFile    Now processing file /home/runner/work/key/key/key.core/../key.ui/examples/heap/permissions/lockspec/Counter_fpLock_accessible.key 
707575     INFO  main            d.u.i.k.p.i.AbstractProblemLoader Loading environment from /home/runner/work/key/key/key.core/../key.ui/examples/heap/permissions/lockspec/Counter_fpLock_accessible.key 
707575     DEBUG main            d.u.i.k.p.i.AbstractProblemLoader Environment load took 160.3ns 
707576     INFO  main            d.u.i.k.p.i.AbstractProblemLoader Creating init config 
710602     DEBUG main            d.u.i.k.p.i.AbstractProblemLoader Init config took 3.03s 
710648     INFO  main            d.u.i.k.p.i.AbstractProblemLoader Replaying proof Counter[LockSpec::fpLock()].JML accessible clause.0 
710650     DEBUG main            d.u.i.k.p.i.IntermediateProofReplayer Proof replay took 2.1ns 
710752     INFO  main            d.u.i.k.p.r.p.TestFile    ... finished proof: closed. 
711367     INFO  main            d.u.i.k.p.i.AbstractProblemLoader Loading environment from /home/runner/work/key/key/key.core/../key.ui/examples/heap/permissions/lockspec/Counter_fpLock_accessible.key.proof 
711367     DEBUG main            d.u.i.k.p.i.AbstractProblemLoader Environment load took 72.4ns 
711367     INFO  main            d.u.i.k.p.i.AbstractProblemLoader Creating init config 
714293     DEBUG main            d.u.i.k.p.i.AbstractProblemLoader Init config took 2.93s 
714347     INFO  main            d.u.i.k.p.i.AbstractProblemLoader Replaying proof Counter[LockSpec::fpLock()].JML accessible clause.0 
714356     DEBUG main            d.u.i.k.p.i.IntermediateProofReplayer Proof replay took 7.83ms 
714357     DEBUG main            d.u.i.k.p.r.p.TestFile    ... success: reloaded. 
714358     INFO  main            d.u.i.k.p.r.p.TestFile    Now processing file /home/runner/work/key/key/key.core/../key.ui/examples/heap/permissions/lockspec/Counter_fpPerm_accessible.key 
714358     INFO  main            d.u.i.k.p.i.AbstractProblemLoader Loading environment from /home/runner/work/key/key/key.core/../key.ui/examples/heap/permissions/lockspec/Counter_fpPerm_accessible.key 
714358     DEBUG main            d.u.i.k.p.i.AbstractProblemLoader Environment load took 141.9ns 
714359     INFO  main            d.u.i.k.p.i.AbstractProblemLoader Creating init config 
717316     DEBUG main            d.u.i.k.p.i.AbstractProblemLoader Init config took 2.96s 
717394     INFO  main            d.u.i.k.p.i.AbstractProblemLoader Replaying proof Counter[LockSpec::fpPerm()].JML accessible clause.0 
717395     DEBUG main            d.u.i.k.p.i.IntermediateProofReplayer Proof replay took 2.1ns 
717502     INFO  main            d.u.i.k.p.r.p.TestFile    ... finished proof: closed. 
718119     INFO  main            d.u.i.k.p.i.AbstractProblemLoader Loading environment from /home/runner/work/key/key/key.core/../key.ui/examples/heap/permissions/lockspec/Counter_fpPerm_accessible.key.proof 
718119     DEBUG main            d.u.i.k.p.i.AbstractProblemLoader Environment load took 71.1ns 
718120     INFO  main            d.u.i.k.p.i.AbstractProblemLoader Creating init config 
720987     DEBUG main            d.u.i.k.p.i.AbstractProblemLoader Init config took 2.87s 
721039     INFO  main            d.u.i.k.p.i.AbstractProblemLoader Replaying proof Counter[LockSpec::fpPerm()].JML accessible clause.0 
721051     DEBUG main            d.u.i.k.p.i.IntermediateProofReplayer Proof replay took 6.58ms 
721052     DEBUG main            d.u.i.k.p.r.p.TestFile    ... success: reloaded. 
721052     INFO  main            d.u.i.k.p.r.p.TestFile    Now processing file /home/runner/work/key/key/key.core/../key.ui/examples/heap/permissions/lockspec/Counter_inv_accessible1.key 
721053     INFO  main            d.u.i.k.p.i.AbstractProblemLoader Loading environment from /home/runner/work/key/key/key.core/../key.ui/examples/heap/permissions/lockspec/Counter_inv_accessible1.key 
721053     DEBUG main            d.u.i.k.p.i.AbstractProblemLoader Environment load took 142.5ns 
721054     INFO  main            d.u.i.k.p.i.AbstractProblemLoader Creating init config 
724065     DEBUG main            d.u.i.k.p.i.AbstractProblemLoader Init config took 3.01s 
724111     INFO  main            d.u.i.k.p.i.AbstractProblemLoader Replaying proof Counter[java.lang.Object::<inv>()].JML accessible clause.0 
724112     DEBUG main            d.u.i.k.p.i.IntermediateProofReplayer Proof replay took 2.6ns 
724214     INFO  main            d.u.i.k.p.r.p.TestFile    ... finished proof: closed. 
724853     INFO  main            d.u.i.k.p.i.AbstractProblemLoader Loading environment from /home/runner/work/key/key/key.core/../key.ui/examples/heap/permissions/lockspec/Counter_inv_accessible1.key.proof 
724853     DEBUG main            d.u.i.k.p.i.AbstractProblemLoader Environment load took 78.9ns 
724854     INFO  main            d.u.i.k.p.i.AbstractProblemLoader Creating init config 
727820     DEBUG main            d.u.i.k.p.i.AbstractProblemLoader Init config took 2.97s 
727872     INFO  main            d.u.i.k.p.i.AbstractProblemLoader Replaying proof Counter[java.lang.Object::<inv>()].JML accessible clause.0 
727883     DEBUG main            d.u.i.k.p.i.IntermediateProofReplayer Proof replay took 8.48ms 
727883     DEBUG main            d.u.i.k.p.r.p.TestFile    ... success: reloaded. 
727884     INFO  main            d.u.i.k.p.r.p.TestFile    Now processing file /home/runner/work/key/key/key.core/../key.ui/examples/heap/permissions/lockspec/Counter_inv_accessible2.key 
727884     INFO  main            d.u.i.k.p.i.AbstractProblemLoader Loading environment from /home/runner/work/key/key/key.core/../key.ui/examples/heap/permissions/lockspec/Counter_inv_accessible2.key 
727885     DEBUG main            d.u.i.k.p.i.AbstractProblemLoader Environment load took 154.6ns 
727885     INFO  main            d.u.i.k.p.i.AbstractProblemLoader Creating init config 
730833     DEBUG main            d.u.i.k.p.i.AbstractProblemLoader Init config took 2.95s 
730880     INFO  main            d.u.i.k.p.i.AbstractProblemLoader Replaying proof Counter[java.lang.Object::<inv>()].JML accessible clause.1 
730881     DEBUG main            d.u.i.k.p.i.IntermediateProofReplayer Proof replay took 2.3ns 
730983     INFO  main            d.u.i.k.p.r.p.TestFile    ... finished proof: closed. 
731617     INFO  main            d.u.i.k.p.i.AbstractProblemLoader Loading environment from /home/runner/work/key/key/key.core/../key.ui/examples/heap/permissions/lockspec/Counter_inv_accessible2.key.proof 
731617     DEBUG main            d.u.i.k.p.i.AbstractProblemLoader Environment load took 75.2ns 
731617     INFO  main            d.u.i.k.p.i.AbstractProblemLoader Creating init config 
734538     DEBUG main            d.u.i.k.p.i.AbstractProblemLoader Init config took 2.92s 
734592     INFO  main            d.u.i.k.p.i.AbstractProblemLoader Replaying proof Counter[java.lang.Object::<inv>()].JML accessible clause.1 
734614     DEBUG main            d.u.i.k.p.i.IntermediateProofReplayer Proof replay took 16.44ms 
734615     DEBUG main            d.u.i.k.p.r.p.TestFile    ... success: reloaded. 
734616     INFO  main            d.u.i.k.p.r.p.TestFile    Now processing file /home/runner/work/key/key/key.core/../key.ui/examples/heap/permissions/lockspec/Counter_lockRef_accessible.key 
734616     INFO  main            d.u.i.k.p.i.AbstractProblemLoader Loading environment from /home/runner/work/key/key/key.core/../key.ui/examples/heap/permissions/lockspec/Counter_lockRef_accessible.key 
734617     DEBUG main            d.u.i.k.p.i.AbstractProblemLoader Environment load took 153.5ns 
734617     INFO  main            d.u.i.k.p.i.AbstractProblemLoader Creating init config 
737605     DEBUG main            d.u.i.k.p.i.AbstractProblemLoader Init config took 2.99s 
737651     INFO  main            d.u.i.k.p.i.AbstractProblemLoader Replaying proof Counter[LockSpec::lockRef()].JML accessible clause.0 
737652     DEBUG main            d.u.i.k.p.i.IntermediateProofReplayer Proof replay took 2.6ns 
737853     INFO  main            d.u.i.k.p.r.p.TestFile    ... finished proof: closed. 
738496     INFO  main            d.u.i.k.p.i.AbstractProblemLoader Loading environment from /home/runner/work/key/key/key.core/../key.ui/examples/heap/permissions/lockspec/Counter_lockRef_accessible.key.proof 
738496     DEBUG main            d.u.i.k.p.i.AbstractProblemLoader Environment load took 73.8ns 
738497     INFO  main            d.u.i.k.p.i.AbstractProblemLoader Creating init config 
741390     DEBUG main            d.u.i.k.p.i.AbstractProblemLoader Init config took 2.89s 
741442     INFO  main            d.u.i.k.p.i.AbstractProblemLoader Replaying proof Counter[LockSpec::lockRef()].JML accessible clause.0 
741471     DEBUG main            d.u.i.k.p.i.IntermediateProofReplayer Proof replay took 26.78ms 
741472     DEBUG main            d.u.i.k.p.r.p.TestFile    ... success: reloaded. 
741473     INFO  main            d.u.i.k.p.r.p.TestFile    Now processing file /home/runner/work/key/key/key.core/../key.ui/examples/heap/permissions/lockspec/Counter_lockRef_contract1.key 
741474     INFO  main            d.u.i.k.p.i.AbstractProblemLoader Loading environment from /home/runner/work/key/key/key.core/../key.ui/examples/heap/permissions/lockspec/Counter_lockRef_contract1.key 
741474     DEBUG main            d.u.i.k.p.i.AbstractProblemLoader Environment load took 86.6ns 
741475     INFO  main            d.u.i.k.p.i.AbstractProblemLoader Creating init config 
744436     DEBUG main            d.u.i.k.p.i.AbstractProblemLoader Init config took 2.96s 
744482     INFO  main            d.u.i.k.p.i.AbstractProblemLoader Replaying proof Counter[LockSpec::lockRef()].JML model_behavior operation contract.0 
744483     DEBUG main            d.u.i.k.p.i.IntermediateProofReplayer Proof replay took 2.3ns 
744586     INFO  main            d.u.i.k.p.r.p.TestFile    ... finished proof: closed. 
745223     INFO  main            d.u.i.k.p.i.AbstractProblemLoader Loading environment from /home/runner/work/key/key/key.core/../key.ui/examples/heap/permissions/lockspec/Counter_lockRef_contract1.key.proof 
745223     DEBUG main            d.u.i.k.p.i.AbstractProblemLoader Environment load took 80.1ns 
745224     INFO  main            d.u.i.k.p.i.AbstractProblemLoader Creating init config 
748117     DEBUG main            d.u.i.k.p.i.AbstractProblemLoader Init config took 2.89s 
748170     INFO  main            d.u.i.k.p.i.AbstractProblemLoader Replaying proof Counter[LockSpec::lockRef()].JML model_behavior operation contract.0 
748175     DEBUG main            d.u.i.k.p.i.IntermediateProofReplayer Proof replay took 3.4ms 
748176     DEBUG main            d.u.i.k.p.r.p.TestFile    ... success: reloaded. 
748176     INFO  main            d.u.i.k.p.r.p.TestFile    Now processing file /home/runner/work/key/key/key.core/../key.ui/examples/heap/permissions/lockspec/Counter_lockRef_contract2.key 
748177     INFO  main            d.u.i.k.p.i.AbstractProblemLoader Loading environment from /home/runner/work/key/key/key.core/../key.ui/examples/heap/permissions/lockspec/Counter_lockRef_contract2.key 
748177     DEBUG main            d.u.i.k.p.i.AbstractProblemLoader Environment load took 70.1ns 
748177     INFO  main            d.u.i.k.p.i.AbstractProblemLoader Creating init config 
751257     DEBUG main            d.u.i.k.p.i.AbstractProblemLoader Init config took 3.08s 
751303     INFO  main            d.u.i.k.p.i.AbstractProblemLoader Replaying proof Counter[Counter::lockRef()].JML model_behavior operation contract.0 
751304     DEBUG main            d.u.i.k.p.i.IntermediateProofReplayer Proof replay took 2.4ns 
751406     INFO  main            d.u.i.k.p.r.p.TestFile    ... finished proof: closed. 
752047     INFO  main            d.u.i.k.p.i.AbstractProblemLoader Loading environment from /home/runner/work/key/key/key.core/../key.ui/examples/heap/permissions/lockspec/Counter_lockRef_contract2.key.proof 
752047     DEBUG main            d.u.i.k.p.i.AbstractProblemLoader Environment load took 73.9ns 
752048     INFO  main            d.u.i.k.p.i.AbstractProblemLoader Creating init config 
754944     DEBUG main            d.u.i.k.p.i.AbstractProblemLoader Init config took 2.9s 
754997     INFO  main            d.u.i.k.p.i.AbstractProblemLoader Replaying proof Counter[Counter::lockRef()].JML model_behavior operation contract.0 
755002     DEBUG main            d.u.i.k.p.i.IntermediateProofReplayer Proof replay took 3.39ms 
755002     DEBUG main            d.u.i.k.p.r.p.TestFile    ... success: reloaded. 
755003     INFO  main            d.u.i.k.p.r.p.TestFile    Now processing file /home/runner/work/key/key/key.core/../key.ui/examples/heap/permissions/lockspec/Counter_lockState_accessible.key 
755003     INFO  main            d.u.i.k.p.i.AbstractProblemLoader Loading environment from /home/runner/work/key/key/key.core/../key.ui/examples/heap/permissions/lockspec/Counter_lockState_accessible.key 
755004     DEBUG main            d.u.i.k.p.i.AbstractProblemLoader Environment load took 191ns 
755004     INFO  main            d.u.i.k.p.i.AbstractProblemLoader Creating init config 
758100     DEBUG main            d.u.i.k.p.i.AbstractProblemLoader Init config took 3.1s 
758164     INFO  main            d.u.i.k.p.i.AbstractProblemLoader Replaying proof Counter[LockSpec::lockState(boolean)].JML accessible clause.0 
758165     DEBUG main            d.u.i.k.p.i.IntermediateProofReplayer Proof replay took 2.3ns 
758367     INFO  main            d.u.i.k.p.r.p.TestFile    ... finished proof: closed. 
759022     INFO  main            d.u.i.k.p.i.AbstractProblemLoader Loading environment from /home/runner/work/key/key/key.core/../key.ui/examples/heap/permissions/lockspec/Counter_lockState_accessible.key.proof 
759022     DEBUG main            d.u.i.k.p.i.AbstractProblemLoader Environment load took 76.8ns 
759023     INFO  main            d.u.i.k.p.i.AbstractProblemLoader Creating init config 
761994     DEBUG main            d.u.i.k.p.i.AbstractProblemLoader Init config took 2.97s 
762057     INFO  main            d.u.i.k.p.i.AbstractProblemLoader Replaying proof Counter[LockSpec::lockState(boolean)].JML accessible clause.0 
762102     DEBUG main            d.u.i.k.p.i.IntermediateProofReplayer Proof replay took 42.02ms 
762103     DEBUG main            d.u.i.k.p.r.p.TestFile    ... success: reloaded. 
762103     INFO  main            d.u.i.k.p.r.p.TestFile    Now processing file /home/runner/work/key/key/key.core/../key.ui/examples/heap/permissions/lockspec/Counter_lockStatus_accessible.key 
762105     INFO  main            d.u.i.k.p.i.AbstractProblemLoader Loading environment from /home/runner/work/key/key/key.core/../key.ui/examples/heap/permissions/lockspec/Counter_lockStatus_accessible.key 
762106     DEBUG main            d.u.i.k.p.i.AbstractProblemLoader Environment load took 93.4ns 
762106     INFO  main            d.u.i.k.p.i.AbstractProblemLoader Creating init config 
765088     DEBUG main            d.u.i.k.p.i.AbstractProblemLoader Init config took 2.98s 
765134     INFO  main            d.u.i.k.p.i.AbstractProblemLoader Replaying proof Counter[LockSpec::lockStatus(boolean)].JML accessible clause.0 
765136     DEBUG main            d.u.i.k.p.i.IntermediateProofReplayer Proof replay took 2.8ns 
765337     INFO  main            d.u.i.k.p.r.p.TestFile    ... finished proof: closed. 
765997     INFO  main            d.u.i.k.p.i.AbstractProblemLoader Loading environment from /home/runner/work/key/key/key.core/../key.ui/examples/heap/permissions/lockspec/Counter_lockStatus_accessible.key.proof 
765997     DEBUG main            d.u.i.k.p.i.AbstractProblemLoader Environment load took 73.7ns 
765998     INFO  main            d.u.i.k.p.i.AbstractProblemLoader Creating init config 
768919     DEBUG main            d.u.i.k.p.i.AbstractProblemLoader Init config took 2.92s 
768975     INFO  main            d.u.i.k.p.i.AbstractProblemLoader Replaying proof Counter[LockSpec::lockStatus(boolean)].JML accessible clause.0 
768994     DEBUG main            d.u.i.k.p.i.IntermediateProofReplayer Proof replay took 17.37ms 
768995     DEBUG main            d.u.i.k.p.r.p.TestFile    ... success: reloaded. 
768996     INFO  main            d.u.i.k.p.r.p.TestFile    Now processing file /home/runner/work/key/key/key.core/../key.ui/examples/heap/permissions/lockspec/Counter_lockTransfer_accessible.key 
768996     INFO  main            d.u.i.k.p.i.AbstractProblemLoader Loading environment from /home/runner/work/key/key/key.core/../key.ui/examples/heap/permissions/lockspec/Counter_lockTransfer_accessible.key 
768996     DEBUG main            d.u.i.k.p.i.AbstractProblemLoader Environment load took 181ns 
768997     INFO  main            d.u.i.k.p.i.AbstractProblemLoader Creating init config 
771973     DEBUG main            d.u.i.k.p.i.AbstractProblemLoader Init config took 2.98s 
772020     INFO  main            d.u.i.k.p.i.AbstractProblemLoader Replaying proof Counter[LockSpec::lockTransfer()].JML accessible clause.0 
772021     DEBUG main            d.u.i.k.p.i.IntermediateProofReplayer Proof replay took 2.8ns 
772323     INFO  main            d.u.i.k.p.r.p.TestFile    ... finished proof: closed. 
772993     INFO  main            d.u.i.k.p.i.AbstractProblemLoader Loading environment from /home/runner/work/key/key/key.core/../key.ui/examples/heap/permissions/lockspec/Counter_lockTransfer_accessible.key.proof 
772993     DEBUG main            d.u.i.k.p.i.AbstractProblemLoader Environment load took 81.3ns 
772994     INFO  main            d.u.i.k.p.i.AbstractProblemLoader Creating init config 
775883     DEBUG main            d.u.i.k.p.i.AbstractProblemLoader Init config took 2.89s 
775936     INFO  main            d.u.i.k.p.i.AbstractProblemLoader Replaying proof Counter[LockSpec::lockTransfer()].JML accessible clause.0 
775994     DEBUG main            d.u.i.k.p.i.IntermediateProofReplayer Proof replay took 54.91ms 
775995     DEBUG main            d.u.i.k.p.r.p.TestFile    ... success: reloaded. 
775996     INFO  main            d.u.i.k.p.r.p.TestFile    Now processing file /home/runner/work/key/key/key.core/../key.ui/examples/heap/permissions/lockspec/Counter_unlockTransfer_accessible.key 
775997     INFO  main            d.u.i.k.p.i.AbstractProblemLoader Loading environment from /home/runner/work/key/key/key.core/../key.ui/examples/heap/permissions/lockspec/Counter_unlockTransfer_accessible.key 
775997     DEBUG main            d.u.i.k.p.i.AbstractProblemLoader Environment load took 158.1ns 
775998     INFO  main            d.u.i.k.p.i.AbstractProblemLoader Creating init config 
779051     DEBUG main            d.u.i.k.p.i.AbstractProblemLoader Init config took 3.05s 
779102     INFO  main            d.u.i.k.p.i.AbstractProblemLoader Replaying proof Counter[LockSpec::unlockTransfer()].JML accessible clause.0 
779103     DEBUG main            d.u.i.k.p.i.IntermediateProofReplayer Proof replay took 2ns 
779405     INFO  main            d.u.i.k.p.r.p.TestFile    ... finished proof: closed. 
780091     INFO  main            d.u.i.k.p.i.AbstractProblemLoader Loading environment from /home/runner/work/key/key/key.core/../key.ui/examples/heap/permissions/lockspec/Counter_unlockTransfer_accessible.key.proof 
780091     DEBUG main            d.u.i.k.p.i.AbstractProblemLoader Environment load took 71.4ns 
780092     INFO  main            d.u.i.k.p.i.AbstractProblemLoader Creating init config 
782997     DEBUG main            d.u.i.k.p.i.AbstractProblemLoader Init config took 2.9s 
783050     INFO  main            d.u.i.k.p.i.AbstractProblemLoader Replaying proof Counter[LockSpec::unlockTransfer()].JML accessible clause.0 
783107     DEBUG main            d.u.i.k.p.i.IntermediateProofReplayer Proof replay took 53.88ms 
783108     DEBUG main            d.u.i.k.p.r.p.TestFile    ... success: reloaded. 
783109     INFO  main            d.u.i.k.p.r.p.TestFile    Now processing file /home/runner/work/key/key/key.core/../key.ui/examples/heap/permissions/threads/Plotter_startTransfer_contract.proof 
783109     INFO  main            d.u.i.k.p.i.AbstractProblemLoader Loading environment from /home/runner/work/key/key/key.core/../key.ui/examples/heap/permissions/threads/Plotter_startTransfer_contract.proof 
783109     DEBUG main            d.u.i.k.p.i.AbstractProblemLoader Environment load took 189.3ns 
783110     INFO  main            d.u.i.k.p.i.AbstractProblemLoader Creating init config 
787607     DEBUG main            d.u.i.k.p.i.AbstractProblemLoader Init config took 4.5s 
787685     INFO  main            d.u.i.k.p.i.AbstractProblemLoader Replaying proof Plotter[ThreadSpec2::startTransfer()].JML model_behavior operation contract.0 
787837     DEBUG main            d.u.i.k.p.i.IntermediateProofReplayer Proof replay took 144.09ms 
787837     INFO  main            d.u.i.k.p.r.p.TestFile    ... success: loaded 
787838     INFO  main            d.u.i.k.p.r.p.TestFile    Now processing file /home/runner/work/key/key/key.core/../key.ui/examples/heap/permissions/threads/Plotter_startTransfer_accessible.proof 
787838     INFO  main            d.u.i.k.p.i.AbstractProblemLoader Loading environment from /home/runner/work/key/key/key.core/../key.ui/examples/heap/permissions/threads/Plotter_startTransfer_accessible.proof 
787838     DEBUG main            d.u.i.k.p.i.AbstractProblemLoader Environment load took 44.9ns 
787839     INFO  main            d.u.i.k.p.i.AbstractProblemLoader Creating init config 
792315     DEBUG main            d.u.i.k.p.i.AbstractProblemLoader Init config took 4.48s 
792392     INFO  main            d.u.i.k.p.i.AbstractProblemLoader Replaying proof Plotter[ThreadSpec2::startTransfer()].JML accessible clause.0 
792536     DEBUG main            d.u.i.k.p.i.IntermediateProofReplayer Proof replay took 140.27ms 
792536     INFO  main            d.u.i.k.p.r.p.TestFile    ... success: loaded 
792537     INFO  main            d.u.i.k.p.r.p.TestFile    Now processing file /home/runner/work/key/key/key.core/../key.ui/examples/heap/permissions/threads/Plotter_joinTransfer_accessible.proof 
792537     INFO  main            d.u.i.k.p.i.AbstractProblemLoader Loading environment from /home/runner/work/key/key/key.core/../key.ui/examples/heap/permissions/threads/Plotter_joinTransfer_accessible.proof 
792537     DEBUG main            d.u.i.k.p.i.AbstractProblemLoader Environment load took 64ns 
792538     INFO  main            d.u.i.k.p.i.AbstractProblemLoader Creating init config 
797017     DEBUG main            d.u.i.k.p.i.AbstractProblemLoader Init config took 4.48s 
797099     INFO  main            d.u.i.k.p.i.AbstractProblemLoader Replaying proof Plotter[ThreadSpec2::joinTransfer()].JML accessible clause.0 
797107     WARN  main            d.u.i.k.p.i.IntermediateProofReplayer Proof contains wrong number of \assumes instatiations for Definition_axiom_for_stateInv_in_Plotter 
797109     WARN  main            d.u.i.k.p.i.IntermediateProofReplayer Proof contains wrong number of \assumes instatiations for Definition_axiom_for_stateInv_in_Plotter 
797114     WARN  main            d.u.i.k.p.i.IntermediateProofReplayer Proof contains wrong number of \assumes instatiations for Definition_axiom_for_workingPermissions_in_Plotter 
797115     WARN  main            d.u.i.k.p.i.IntermediateProofReplayer Proof contains wrong number of \assumes instatiations for Definition_axiom_for_staticPermissions_in_Plotter 
797116     WARN  main            d.u.i.k.p.i.IntermediateProofReplayer Proof contains wrong number of \assumes instatiations for Definition_axiom_for_joinTransfer_in_Plotter 
797116     WARN  main            d.u.i.k.p.i.IntermediateProofReplayer Proof contains wrong number of \assumes instatiations for Definition_axiom_for_stateInv_in_BFilter 
797118     WARN  main            d.u.i.k.p.i.IntermediateProofReplayer Proof contains wrong number of \assumes instatiations for Definition_axiom_for_stateInv_in_AFilter 
797120     WARN  main            d.u.i.k.p.i.IntermediateProofReplayer Proof contains wrong number of \assumes instatiations for Definition_axiom_for_stateInv_in_BFilter 
797121     WARN  main            d.u.i.k.p.i.IntermediateProofReplayer Proof contains wrong number of \assumes instatiations for Definition_axiom_for_stateInv_in_AFilter 
797123     WARN  main            d.u.i.k.p.i.IntermediateProofReplayer Proof contains wrong number of \assumes instatiations for Definition_axiom_for_staticPermissions_in_AFilter 
797123     WARN  main            d.u.i.k.p.i.IntermediateProofReplayer Proof contains wrong number of \assumes instatiations for Definition_axiom_for_staticPermissions_in_Plotter 
797124     WARN  main            d.u.i.k.p.i.IntermediateProofReplayer Proof contains wrong number of \assumes instatiations for Definition_axiom_for_staticPermissions_in_BFilter 
797124     WARN  main            d.u.i.k.p.i.IntermediateProofReplayer Proof contains wrong number of \assumes instatiations for Definition_axiom_for_workingPermissions_in_Plotter 
797125     WARN  main            d.u.i.k.p.i.IntermediateProofReplayer Proof contains wrong number of \assumes instatiations for Definition_axiom_for_stateInv_in_Sampler 
797126     WARN  main            d.u.i.k.p.i.IntermediateProofReplayer Proof contains wrong number of \assumes instatiations for Definition_axiom_for_stateInv_in_Sampler 
797127     WARN  main            d.u.i.k.p.i.IntermediateProofReplayer Proof contains wrong number of \assumes instatiations for Definition_axiom_for_staticPermissions_in_Sampler 
797127     WARN  main            d.u.i.k.p.i.IntermediateProofReplayer Proof contains wrong number of \assumes instatiations for Definition_axiom_for_staticPermissions_in_BFilter 
797128     WARN  main            d.u.i.k.p.i.IntermediateProofReplayer Proof contains wrong number of \assumes instatiations for Definition_axiom_for_staticPermissions_in_AFilter 
797128     WARN  main            d.u.i.k.p.i.IntermediateProofReplayer Proof contains wrong number of \assumes instatiations for Definition_axiom_for_staticPermissions_in_Sampler 
797129     WARN  main            d.u.i.k.p.i.IntermediateProofReplayer Proof contains wrong number of \assumes instatiations for Definition_axiom_for_staticPermissions_in_Sampler 
797130     WARN  main            d.u.i.k.p.i.IntermediateProofReplayer Proof contains wrong number of \assumes instatiations for Definition_axiom_for_staticPermissions_in_Sampler 
797130     WARN  main            d.u.i.k.p.i.IntermediateProofReplayer Proof contains wrong number of \assumes instatiations for Definition_axiom_for_joinTransfer_in_Plotter 
797209     DEBUG main            d.u.i.k.p.i.IntermediateProofReplayer Proof replay took 105.12ms 
797209     INFO  main            d.u.i.k.p.r.p.TestFile    ... success: loaded 
4831127    INFO  Test worker     d.u.i.k.p.r.RunAllProofsTestUnit Returning from test permissionHeap 
4831128    INFO  Test worker     d.u.i.k.p.r.RunAllProofsTestUnit Running test completionScopes 
329        INFO  Timeout watchdog d.u.i.k.p.r.p.ForkedTestFileRunner Timeout watcher launched (2000 secs.) 
339        WARN  main            d.u.i.k.s.ProofSettings   The settings in /home/runner/.key/proof-settings.props are *not* read. 
365        INFO  main            d.u.i.k.p.r.p.TestFile    Now processing file /home/runner/work/key/key/key.core/../key.ui/examples/completionscopes/testCcatchReturnVal.key 
483        INFO  main            d.u.i.k.p.i.AbstractProblemLoader Loading environment from /home/runner/work/key/key/key.core/../key.ui/examples/completionscopes/testCcatchReturnVal.key 
499        DEBUG main            d.u.i.k.p.i.AbstractProblemLoader Environment load took 1.91ms 
726        INFO  main            d.u.i.k.p.i.AbstractProblemLoader Creating init config 
1608       DEBUG main            d.u.i.k.j.TypeConverter   No LDT found for Meta 
1612       DEBUG main            d.u.i.k.j.TypeConverter   No LDT found for Meta 
1614       DEBUG main            d.u.i.k.j.TypeConverter   No LDT found for Meta 
1616       DEBUG main            d.u.i.k.j.TypeConverter   No LDT found for Meta 
2878       DEBUG main            d.u.i.k.j.TypeConverter   No LDT found for JavaBigintExpression 
7465       DEBUG main            d.u.i.k.p.i.AbstractProblemLoader Init config took 6.74s 
7678       INFO  main            d.u.i.k.p.i.AbstractProblemLoader Replaying proof CompletionScopes[CompletionScopes::testCcatchReturnVal()].JML normal_behavior operation contract.0 
7717       DEBUG main            d.u.i.k.p.i.IntermediateProofReplayer Proof replay took 32.2ns 
8157       INFO  main            d.u.i.k.p.r.p.TestFile    ... finished proof: closed. 
8289       INFO  main            d.u.i.k.p.i.AbstractProblemLoader Loading environment from /home/runner/work/key/key/key.core/../key.ui/examples/completionscopes/testCcatchReturnVal.key.proof 
8290       DEBUG main            d.u.i.k.p.i.AbstractProblemLoader Environment load took 724.01ns 
8293       INFO  main            d.u.i.k.p.i.AbstractProblemLoader Creating init config 
11058      DEBUG main            d.u.i.k.p.i.AbstractProblemLoader Init config took 2.77s 
11124      INFO  main            d.u.i.k.p.i.AbstractProblemLoader Replaying proof CompletionScopes[CompletionScopes::testCcatchReturnVal()].JML normal_behavior operation contract.0 
11155      DEBUG main            d.u.i.k.p.i.IntermediateProofReplayer Proof replay took 25.82ms 
11161      DEBUG main            d.u.i.k.p.r.p.TestFile    ... success: reloaded. 
11163      INFO  main            d.u.i.k.p.r.p.TestFile    Now processing file /home/runner/work/key/key/key.core/../key.ui/examples/completionscopes/testMultCcatchClauses.key 
11163      INFO  main            d.u.i.k.p.i.AbstractProblemLoader Loading environment from /home/runner/work/key/key/key.core/../key.ui/examples/completionscopes/testMultCcatchClauses.key 
11163      DEBUG main            d.u.i.k.p.i.AbstractProblemLoader Environment load took 198.1ns 
11165      INFO  main            d.u.i.k.p.i.AbstractProblemLoader Creating init config 
13766      DEBUG main            d.u.i.k.p.i.AbstractProblemLoader Init config took 2.6s 
13826      INFO  main            d.u.i.k.p.i.AbstractProblemLoader Replaying proof CompletionScopes[CompletionScopes::testMultCcatchClauses()].JML normal_behavior operation contract.0 
13829      DEBUG main            d.u.i.k.p.i.IntermediateProofReplayer Proof replay took 6.2ns 
14233      INFO  main            d.u.i.k.p.r.p.TestFile    ... finished proof: closed. 
14394      INFO  main            d.u.i.k.p.i.AbstractProblemLoader Loading environment from /home/runner/work/key/key/key.core/../key.ui/examples/completionscopes/testMultCcatchClauses.key.proof 
14394      DEBUG main            d.u.i.k.p.i.AbstractProblemLoader Environment load took 380.01ns 
14397      INFO  main            d.u.i.k.p.i.AbstractProblemLoader Creating init config 
17030      DEBUG main            d.u.i.k.p.i.AbstractProblemLoader Init config took 2.63s 
17093      INFO  main            d.u.i.k.p.i.AbstractProblemLoader Replaying proof CompletionScopes[CompletionScopes::testMultCcatchClauses()].JML normal_behavior operation contract.0 
17164      DEBUG main            d.u.i.k.p.i.IntermediateProofReplayer Proof replay took 66.88ms 
17165      DEBUG main            d.u.i.k.p.r.p.TestFile    ... success: reloaded. 
17166      INFO  main            d.u.i.k.p.r.p.TestFile    Now processing file /home/runner/work/key/key/key.core/../key.ui/examples/completionscopes/testNestedExec.key 
17166      INFO  main            d.u.i.k.p.i.AbstractProblemLoader Loading environment from /home/runner/work/key/key/key.core/../key.ui/examples/completionscopes/testNestedExec.key 
17167      DEBUG main            d.u.i.k.p.i.AbstractProblemLoader Environment load took 173.1ns 
17168      INFO  main            d.u.i.k.p.i.AbstractProblemLoader Creating init config 
19701      DEBUG main            d.u.i.k.p.i.AbstractProblemLoader Init config took 2.53s 
19775      INFO  main            d.u.i.k.p.i.AbstractProblemLoader Replaying proof CompletionScopes[CompletionScopes::testMultCcatchClauses()].JML normal_behavior operation contract.0 
19779      DEBUG main            d.u.i.k.p.i.IntermediateProofReplayer Proof replay took 5.9ns 
20082      INFO  main            d.u.i.k.p.r.p.TestFile    ... finished proof: closed. 
20226      INFO  main            d.u.i.k.p.i.AbstractProblemLoader Loading environment from /home/runner/work/key/key/key.core/../key.ui/examples/completionscopes/testNestedExec.key.proof 
20227      DEBUG main            d.u.i.k.p.i.AbstractProblemLoader Environment load took 383.71ns 
20228      INFO  main            d.u.i.k.p.i.AbstractProblemLoader Creating init config 
22738      DEBUG main            d.u.i.k.p.i.AbstractProblemLoader Init config took 2.51s 
22785      INFO  main            d.u.i.k.p.i.AbstractProblemLoader Replaying proof CompletionScopes[CompletionScopes::testMultCcatchClauses()].JML normal_behavior operation contract.0 
22840      DEBUG main            d.u.i.k.p.i.IntermediateProofReplayer Proof replay took 51.39ms 
22841      DEBUG main            d.u.i.k.p.r.p.TestFile    ... success: reloaded. 
22842      INFO  main            d.u.i.k.p.r.p.TestFile    Now processing file /home/runner/work/key/key/key.core/../key.ui/examples/completionscopes/testCcatchBreakLabel.key 
22843      INFO  main            d.u.i.k.p.i.AbstractProblemLoader Loading environment from /home/runner/work/key/key/key.core/../key.ui/examples/completionscopes/testCcatchBreakLabel.key 
22843      DEBUG main            d.u.i.k.p.i.AbstractProblemLoader Environment load took 191ns 
22844      INFO  main            d.u.i.k.p.i.AbstractProblemLoader Creating init config 
25383      DEBUG main            d.u.i.k.p.i.AbstractProblemLoader Init config took 2.54s 
25429      INFO  main            d.u.i.k.p.i.AbstractProblemLoader Replaying proof CompletionScopes[CompletionScopes::testBreakLabel()].JML normal_behavior operation contract.0 
25431      DEBUG main            d.u.i.k.p.i.IntermediateProofReplayer Proof replay took 7.1ns 
25448      DEBUG Thread-10       d.u.i.k.l.o.ProgramSV     Match failed: Former match of  SchemaVariable incompatible with  the current match. 
25534      INFO  main            d.u.i.k.p.r.p.TestFile    ... finished proof: closed. 
25674      INFO  main            d.u.i.k.p.i.AbstractProblemLoader Loading environment from /home/runner/work/key/key/key.core/../key.ui/examples/completionscopes/testCcatchBreakLabel.key.proof 
25674      DEBUG main            d.u.i.k.p.i.AbstractProblemLoader Environment load took 140.3ns 
25676      INFO  main            d.u.i.k.p.i.AbstractProblemLoader Creating init config 
28180      DEBUG main            d.u.i.k.p.i.AbstractProblemLoader Init config took 2.5s 
28228      INFO  main            d.u.i.k.p.i.AbstractProblemLoader Replaying proof CompletionScopes[CompletionScopes::testBreakLabel()].JML normal_behavior operation contract.0 
28238      DEBUG main            d.u.i.k.p.i.IntermediateProofReplayer Proof replay took 7.23ms 
28239      DEBUG main            d.u.i.k.p.r.p.TestFile    ... success: reloaded. 
28240      INFO  main            d.u.i.k.p.r.p.TestFile    Now processing file /home/runner/work/key/key/key.core/../key.ui/examples/completionscopes/testCcatchContinueLabel.key 
28240      INFO  main            d.u.i.k.p.i.AbstractProblemLoader Loading environment from /home/runner/work/key/key/key.core/../key.ui/examples/completionscopes/testCcatchContinueLabel.key 
28240      DEBUG main            d.u.i.k.p.i.AbstractProblemLoader Environment load took 101.9ns 
28241      INFO  main            d.u.i.k.p.i.AbstractProblemLoader Creating init config 
30763      DEBUG main            d.u.i.k.p.i.AbstractProblemLoader Init config took 2.52s 
30806      INFO  main            d.u.i.k.p.i.AbstractProblemLoader Replaying proof CompletionScopes[CompletionScopes::testContinueLabel()].JML normal_behavior operation contract.0 
30808      DEBUG main            d.u.i.k.p.i.IntermediateProofReplayer Proof replay took 5.9ns 
30825      DEBUG Thread-13       d.u.i.k.l.o.ProgramSV     Match failed: Former match of  SchemaVariable incompatible with  the current match. 
30910      INFO  main            d.u.i.k.p.r.p.TestFile    ... finished proof: closed. 
31059      INFO  main            d.u.i.k.p.i.AbstractProblemLoader Loading environment from /home/runner/work/key/key/key.core/../key.ui/examples/completionscopes/testCcatchContinueLabel.key.proof 
31059      DEBUG main            d.u.i.k.p.i.AbstractProblemLoader Environment load took 146.8ns 
31060      INFO  main            d.u.i.k.p.i.AbstractProblemLoader Creating init config 
33545      DEBUG main            d.u.i.k.p.i.AbstractProblemLoader Init config took 2.49s 
33590      INFO  main            d.u.i.k.p.i.AbstractProblemLoader Replaying proof CompletionScopes[CompletionScopes::testContinueLabel()].JML normal_behavior operation contract.0 
33608      DEBUG main            d.u.i.k.p.i.IntermediateProofReplayer Proof replay took 6.53ms 
33616      DEBUG main            d.u.i.k.p.r.p.TestFile    ... success: reloaded. 
33617      INFO  main            d.u.i.k.p.r.p.TestFile    Now processing file /home/runner/work/key/key/key.core/../key.ui/examples/completionscopes/testCcatchBreakLabelWildcard.key 
33618      INFO  main            d.u.i.k.p.i.AbstractProblemLoader Loading environment from /home/runner/work/key/key/key.core/../key.ui/examples/completionscopes/testCcatchBreakLabelWildcard.key 
33618      DEBUG main            d.u.i.k.p.i.AbstractProblemLoader Environment load took 175.2ns 
33619      INFO  main            d.u.i.k.p.i.AbstractProblemLoader Creating init config 
36162      DEBUG main            d.u.i.k.p.i.AbstractProblemLoader Init config took 2.54s 
36209      INFO  main            d.u.i.k.p.i.AbstractProblemLoader Replaying proof CompletionScopes[CompletionScopes::testBreakLabelWildcard()].JML normal_behavior operation contract.0 
36211      DEBUG main            d.u.i.k.p.i.IntermediateProofReplayer Proof replay took 6.5ns 
36226      DEBUG Thread-16       d.u.i.k.l.o.ProgramSV     Match failed: Former match of  SchemaVariable incompatible with  the current match. 
36228      DEBUG Thread-16       d.u.i.k.l.o.ProgramSV     Match failed: Former match of  SchemaVariable incompatible with  the current match. 
36314      INFO  main            d.u.i.k.p.r.p.TestFile    ... finished proof: closed. 
36497      INFO  main            d.u.i.k.p.i.AbstractProblemLoader Loading environment from /home/runner/work/key/key/key.core/../key.ui/examples/completionscopes/testCcatchBreakLabelWildcard.key.proof 
36497      DEBUG main            d.u.i.k.p.i.AbstractProblemLoader Environment load took 134.5ns 
36498      INFO  main            d.u.i.k.p.i.AbstractProblemLoader Creating init config 
38954      DEBUG main            d.u.i.k.p.i.AbstractProblemLoader Init config took 2.46s 
38998      INFO  main            d.u.i.k.p.i.AbstractProblemLoader Replaying proof CompletionScopes[CompletionScopes::testBreakLabelWildcard()].JML normal_behavior operation contract.0 
39006      DEBUG main            d.u.i.k.p.i.IntermediateProofReplayer Proof replay took 6.24ms 
39007      DEBUG main            d.u.i.k.p.r.p.TestFile    ... success: reloaded. 
39008      INFO  main            d.u.i.k.p.r.p.TestFile    Now processing file /home/runner/work/key/key/key.core/../key.ui/examples/completionscopes/testCcatchContinueLabelWildcard.key 
39008      INFO  main            d.u.i.k.p.i.AbstractProblemLoader Loading environment from /home/runner/work/key/key/key.core/../key.ui/examples/completionscopes/testCcatchContinueLabelWildcard.key 
39008      DEBUG main            d.u.i.k.p.i.AbstractProblemLoader Environment load took 203.81ns 
39009      INFO  main            d.u.i.k.p.i.AbstractProblemLoader Creating init config 
41483      DEBUG main            d.u.i.k.p.i.AbstractProblemLoader Init config took 2.47s 
41547      INFO  main            d.u.i.k.p.i.AbstractProblemLoader Replaying proof CompletionScopes[CompletionScopes::testContinueLabelWildcard()].JML normal_behavior operation contract.0 
41549      DEBUG main            d.u.i.k.p.i.IntermediateProofReplayer Proof replay took 7.4ns 
41568      DEBUG Thread-19       d.u.i.k.l.o.ProgramSV     Match failed: Former match of  SchemaVariable incompatible with  the current match. 
41569      DEBUG Thread-19       d.u.i.k.l.o.ProgramSV     Match failed: Former match of  SchemaVariable incompatible with  the current match. 
41651      INFO  main            d.u.i.k.p.r.p.TestFile    ... finished proof: closed. 
41806      INFO  main            d.u.i.k.p.i.AbstractProblemLoader Loading environment from /home/runner/work/key/key/key.core/../key.ui/examples/completionscopes/testCcatchContinueLabelWildcard.key.proof 
41806      DEBUG main            d.u.i.k.p.i.AbstractProblemLoader Environment load took 141.3ns 
41807      INFO  main            d.u.i.k.p.i.AbstractProblemLoader Creating init config 
44206      DEBUG main            d.u.i.k.p.i.AbstractProblemLoader Init config took 2.4s 
44246      INFO  main            d.u.i.k.p.i.AbstractProblemLoader Replaying proof CompletionScopes[CompletionScopes::testContinueLabelWildcard()].JML normal_behavior operation contract.0 
44255      DEBUG main            d.u.i.k.p.i.IntermediateProofReplayer Proof replay took 6.57ms 
44255      DEBUG main            d.u.i.k.p.r.p.TestFile    ... success: reloaded. 
44256      INFO  main            d.u.i.k.p.r.p.TestFile    Now processing file /home/runner/work/key/key/key.core/../key.ui/examples/completionscopes/testCcatchBreakLabelNonmatchingNested.key 
44257      INFO  main            d.u.i.k.p.i.AbstractProblemLoader Loading environment from /home/runner/work/key/key/key.core/../key.ui/examples/completionscopes/testCcatchBreakLabelNonmatchingNested.key 
44257      DEBUG main            d.u.i.k.p.i.AbstractProblemLoader Environment load took 125.2ns 
44258      INFO  main            d.u.i.k.p.i.AbstractProblemLoader Creating init config 
46711      DEBUG main            d.u.i.k.p.i.AbstractProblemLoader Init config took 2.45s 
46750      INFO  main            d.u.i.k.p.i.AbstractProblemLoader Replaying proof CompletionScopes[CompletionScopes::testBreakLabelNonmatchingNested()].JML normal_behavior operation contract.0 
46752      DEBUG main            d.u.i.k.p.i.IntermediateProofReplayer Proof replay took 6.1ns 
46766      DEBUG Thread-22       d.u.i.k.l.o.ProgramSV     Match failed: Former match of  SchemaVariable incompatible with  the current match. 
46767      DEBUG Thread-22       d.u.i.k.l.o.ProgramSV     Match failed: Former match of  SchemaVariable incompatible with  the current match. 
46854      INFO  main            d.u.i.k.p.r.p.TestFile    ... finished proof: closed. 
47040      INFO  main            d.u.i.k.p.i.AbstractProblemLoader Loading environment from /home/runner/work/key/key/key.core/../key.ui/examples/completionscopes/testCcatchBreakLabelNonmatchingNested.key.proof 
47040      DEBUG main            d.u.i.k.p.i.AbstractProblemLoader Environment load took 132.9ns 
47041      INFO  main            d.u.i.k.p.i.AbstractProblemLoader Creating init config 
49429      DEBUG main            d.u.i.k.p.i.AbstractProblemLoader Init config took 2.39s 
49468      INFO  main            d.u.i.k.p.i.AbstractProblemLoader Replaying proof CompletionScopes[CompletionScopes::testBreakLabelNonmatchingNested()].JML normal_behavior operation contract.0 
49482      DEBUG main            d.u.i.k.p.i.IntermediateProofReplayer Proof replay took 11.76ms 
49483      DEBUG main            d.u.i.k.p.r.p.TestFile    ... success: reloaded. 
4880790    INFO  Test worker     d.u.i.k.p.r.RunAllProofsTestUnit Returning from test completionScopes 
4880791    INFO  Test worker     d.u.i.k.p.r.RunAllProofsTestUnit Running test reload_examples 
369        INFO  Timeout watchdog d.u.i.k.p.r.p.ForkedTestFileRunner Timeout watcher launched (2000 secs.) 
384        WARN  main            d.u.i.k.s.ProofSettings   The settings in /home/runner/.key/proof-settings.props are *not* read. 
412        INFO  main            d.u.i.k.p.r.p.TestFile    Now processing file /home/runner/work/key/key/key.core/../key.ui/examples/firstTouch/05-ReverseArray/reverseArray.key 
513        INFO  main            d.u.i.k.p.i.AbstractProblemLoader Loading environment from /home/runner/work/key/key/key.core/../key.ui/examples/firstTouch/05-ReverseArray/reverseArray.key 
538        DEBUG main            d.u.i.k.p.i.AbstractProblemLoader Environment load took 2.05ms 
757        INFO  main            d.u.i.k.p.i.AbstractProblemLoader Creating init config 
1591       DEBUG main            d.u.i.k.j.TypeConverter   No LDT found for Meta 
1591       DEBUG main            d.u.i.k.j.TypeConverter   No LDT found for Meta 
1594       DEBUG main            d.u.i.k.j.TypeConverter   No LDT found for Meta 
1594       DEBUG main            d.u.i.k.j.TypeConverter   No LDT found for Meta 
3029       DEBUG main            d.u.i.k.j.TypeConverter   No LDT found for JavaBigintExpression 
7971       DEBUG main            d.u.i.k.p.i.AbstractProblemLoader Init config took 7.21s 
8068       INFO  main            d.u.i.k.p.i.AbstractProblemLoader Replaying proof ReverseArray[ReverseArray::reverse()].JML normal_behavior operation contract.0 
8119       DEBUG main            d.u.i.k.p.i.IntermediateProofReplayer Proof replay took 34.7ns 
18028      INFO  main            d.u.i.k.p.r.p.TestFile    ... finished proof: closed. 
18324      INFO  main            d.u.i.k.p.i.AbstractProblemLoader Loading environment from /home/runner/work/key/key/key.core/../key.ui/examples/firstTouch/05-ReverseArray/reverseArray.key.proof 
18324      DEBUG main            d.u.i.k.p.i.AbstractProblemLoader Environment load took 477.21ns 
18327      INFO  main            d.u.i.k.p.i.AbstractProblemLoader Creating init config 
20983      DEBUG main            d.u.i.k.p.i.AbstractProblemLoader Init config took 2.66s 
21037      INFO  main            d.u.i.k.p.i.AbstractProblemLoader Replaying proof ReverseArray[ReverseArray::reverse()].JML normal_behavior operation contract.0 
21577      DEBUG main            d.u.i.k.p.i.IntermediateProofReplayer Proof replay took 488.58ms 
21588      DEBUG main            d.u.i.k.p.r.p.TestFile    ... success: reloaded. 
21595      INFO  main            d.u.i.k.p.r.p.TestFile    Now processing file /home/runner/work/key/key/key.core/../key.ui/examples/standard_key/arith/saveProofTest.key.proof 
21595      INFO  main            d.u.i.k.p.i.AbstractProblemLoader Loading environment from /home/runner/work/key/key/key.core/../key.ui/examples/standard_key/arith/saveProofTest.key.proof 
21596      DEBUG main            d.u.i.k.p.i.AbstractProblemLoader Environment load took 241.21ns 
21599      INFO  main            d.u.i.k.p.i.AbstractProblemLoader Creating init config 
24196      DEBUG main            d.u.i.k.p.i.AbstractProblemLoader Init config took 2.6s 
24224      INFO  main            d.u.i.k.p.i.AbstractProblemLoader Replaying proof saveProofTest.key.proof 
24230      DEBUG main            d.u.i.k.p.i.IntermediateProofReplayer Proof replay took 2.3ms 
24230      INFO  main            d.u.i.k.p.r.p.TestFile    ... success: loaded 
24232      INFO  main            d.u.i.k.p.r.p.TestFile    Now processing file /home/runner/work/key/key/key.core/../key.ui/examples/heap/permutedSum/perm.proof 
24232      INFO  main            d.u.i.k.p.i.AbstractProblemLoader Loading environment from /home/runner/work/key/key/key.core/../key.ui/examples/heap/permutedSum/perm.proof 
24232      DEBUG main            d.u.i.k.p.i.AbstractProblemLoader Environment load took 197ns 
24235      INFO  main            d.u.i.k.p.i.AbstractProblemLoader Creating init config 
26988      DEBUG main            d.u.i.k.p.i.AbstractProblemLoader Init config took 2.75s 
27055      INFO  main            d.u.i.k.p.i.AbstractProblemLoader Replaying proof Perm[Perm::foo()].JML normal_behavior operation contract.0 
27786      DEBUG main            d.u.i.k.p.i.IntermediateProofReplayer Proof replay took 689.21ms 
27789      INFO  main            d.u.i.k.p.r.p.TestFile    ... success: loaded 
27790      INFO  main            d.u.i.k.p.r.p.TestFile    Now processing file /home/runner/work/key/key/key.core/../key.ui/examples/firstTouch/05-ReverseArray/reverseArray.proof 
27791      INFO  main            d.u.i.k.p.i.AbstractProblemLoader Loading environment from /home/runner/work/key/key/key.core/../key.ui/examples/firstTouch/05-ReverseArray/reverseArray.proof 
27791      DEBUG main            d.u.i.k.p.i.AbstractProblemLoader Environment load took 201ns 
27793      INFO  main            d.u.i.k.p.i.AbstractProblemLoader Creating init config 
30449      DEBUG main            d.u.i.k.p.i.AbstractProblemLoader Init config took 2.66s 
30489      INFO  main            d.u.i.k.p.i.AbstractProblemLoader Replaying proof ReverseArray[ReverseArray::reverse()].JML normal_behavior operation contract.0 
30938      DEBUG main            d.u.i.k.p.i.IntermediateProofReplayer Proof replay took 411.4ms 
30941      INFO  main            d.u.i.k.p.r.p.TestFile    ... success: loaded 
30942      INFO  main            d.u.i.k.p.r.p.TestFile    Now processing file /home/runner/work/key/key/key.core/../key.ui/examples/heap/verifyThis15_1_RelaxedPrefix/relax.proof 
30943      INFO  main            d.u.i.k.p.i.AbstractProblemLoader Loading environment from /home/runner/work/key/key/key.core/../key.ui/examples/heap/verifyThis15_1_RelaxedPrefix/relax.proof 
30943      DEBUG main            d.u.i.k.p.i.AbstractProblemLoader Environment load took 188.1ns 
30945      INFO  main            d.u.i.k.p.i.AbstractProblemLoader Creating init config 
33491      DEBUG main            d.u.i.k.p.i.AbstractProblemLoader Init config took 2.55s 
33552      INFO  main            d.u.i.k.p.i.AbstractProblemLoader Replaying proof Relaxed[Relaxed::isRelaxedPrefix([I,[I)].JML operation contract.0 
33893      DEBUG main            d.u.i.k.p.i.IntermediateProofReplayer Proof replay took 325.32ms 
33895      INFO  main            d.u.i.k.p.r.p.TestFile    ... success: loaded 
33896      INFO  main            d.u.i.k.p.r.p.TestFile    Now processing file /home/runner/work/key/key/key.core/../key.ui/examples/heap/verifyThis15_3_DLL/doUndo.proof 
33896      INFO  main            d.u.i.k.p.i.AbstractProblemLoader Loading environment from /home/runner/work/key/key/key.core/../key.ui/examples/heap/verifyThis15_3_DLL/doUndo.proof 
33897      DEBUG main            d.u.i.k.p.i.AbstractProblemLoader Environment load took 200.3ns 
33899      INFO  main            d.u.i.k.p.i.AbstractProblemLoader Creating init config 
34804      DEBUG main            d.u.i.k.j.r.ClassPreparationMethodBuilder clPrepBuilder: Inner Class detected. Reject building class initialisation methods. 
36643      DEBUG main            d.u.i.k.p.i.AbstractProblemLoader Init config took 2.74s 
36729      INFO  main            d.u.i.k.p.i.AbstractProblemLoader Replaying proof DoubleLinkedList[DoubleLinkedList::doUndo(DoubleLinkedList.Node,int)].JML normal_behavior operation contract.0 
37191      DEBUG main            d.u.i.k.p.i.IntermediateProofReplayer Proof replay took 434.41ms 
37192      INFO  main            d.u.i.k.p.r.p.TestFile    ... success: loaded 
37194      INFO  main            d.u.i.k.p.r.p.TestFile    Now processing file /home/runner/work/key/key/key.core/../key.ui/examples/heap/verifyThis15_2_ParallelGcd/parallelGcd.proof 
37195      INFO  main            d.u.i.k.p.i.AbstractProblemLoader Loading environment from /home/runner/work/key/key/key.core/../key.ui/examples/heap/verifyThis15_2_ParallelGcd/parallelGcd.proof 
37195      DEBUG main            d.u.i.k.p.i.AbstractProblemLoader Environment load took 194.8ns 
37197      INFO  main            d.u.i.k.p.i.AbstractProblemLoader Creating init config 
39794      DEBUG main            d.u.i.k.p.i.AbstractProblemLoader Init config took 2.6s 
39854      INFO  main            d.u.i.k.p.i.AbstractProblemLoader Replaying proof ParallelGcd[ParallelGcd::parallelGcd(int,int,[Z)].JML behavior operation contract.0 
40354      DEBUG main            d.u.i.k.p.i.IntermediateProofReplayer Proof replay took 486.22ms 
40356      INFO  main            d.u.i.k.p.r.p.TestFile    ... success: loaded 
4921312    INFO  Test worker     d.u.i.k.p.r.RunAllProofsTestUnit Returning from test reload_examples 
4921313    INFO  Test worker     d.u.i.k.p.r.RunAllProofsTestUnit Running test proofLoadRepair 
401        INFO  Timeout watchdog d.u.i.k.p.r.p.ForkedTestFileRunner Timeout watcher launched (2000 secs.) 
403        WARN  main            d.u.i.k.s.ProofSettings   The settings in /home/runner/.key/proof-settings.props are *not* read. 
456        INFO  main            d.u.i.k.p.r.p.TestFile    Now processing file /home/runner/work/key/key/key.core/../key.ui/examples/proofLoadRepair/disjConj-manipulated.proof 
584        INFO  main            d.u.i.k.p.i.AbstractProblemLoader Loading environment from /home/runner/work/key/key/key.core/../key.ui/examples/proofLoadRepair/disjConj-manipulated.proof 
601        DEBUG main            d.u.i.k.p.i.AbstractProblemLoader Environment load took 2.08ms 
837        INFO  main            d.u.i.k.p.i.AbstractProblemLoader Creating init config 
1758       DEBUG main            d.u.i.k.j.TypeConverter   No LDT found for Meta 
1759       DEBUG main            d.u.i.k.j.TypeConverter   No LDT found for Meta 
1760       DEBUG main            d.u.i.k.j.TypeConverter   No LDT found for Meta 
1760       DEBUG main            d.u.i.k.j.TypeConverter   No LDT found for Meta 
3131       DEBUG main            d.u.i.k.j.TypeConverter   No LDT found for JavaBigintExpression 
7846       DEBUG main            d.u.i.k.p.i.AbstractProblemLoader Init config took 7.01s 
7901       INFO  main            d.u.i.k.p.i.AbstractProblemLoader Replaying proof disjConj-manipulated.proof 
7943       WARN  main            d.u.i.k.p.i.IntermediateProofReplayer Proof contains wrong number of \assumes instatiations for andLeft 
7944       WARN  main            d.u.i.k.p.i.IntermediateProofReplayer Proof contains wrong number of \assumes instatiations for replace_known_right 
7946       WARN  main            d.u.i.k.p.i.IntermediateProofReplayer Proof contains wrong number of \assumes instatiations for close 
7947       DEBUG main            d.u.i.k.p.i.IntermediateProofReplayer Proof replay took 12.68ms 
7951       INFO  main            d.u.i.k.p.r.p.TestFile    ... success: loaded 
7955       INFO  main            d.u.i.k.p.r.p.TestFile    Now processing file /home/runner/work/key/key/key.core/../key.ui/examples/proofLoadRepair/insufficient-manipulated.proof 
7955       INFO  main            d.u.i.k.p.i.AbstractProblemLoader Loading environment from /home/runner/work/key/key/key.core/../key.ui/examples/proofLoadRepair/insufficient-manipulated.proof 
7955       DEBUG main            d.u.i.k.p.i.AbstractProblemLoader Environment load took 110.5ns 
7960       INFO  main            d.u.i.k.p.i.AbstractProblemLoader Creating init config 
10793      DEBUG main            d.u.i.k.p.i.AbstractProblemLoader Init config took 2.83s 
10811      INFO  main            d.u.i.k.p.i.AbstractProblemLoader Replaying proof insufficient-manipulated.proof 
10828      WARN  main            d.u.i.k.p.i.IntermediateProofReplayer Proof contains wrong number of \assumes instatiations for applyEq 
10837      DEBUG main            d.u.i.k.p.i.IntermediateProofReplayer Proof replay took 10.27ms 
10839      INFO  main            d.u.i.k.p.r.p.TestFile    ... success: loading failed 
10840      INFO  main            d.u.i.k.p.r.p.TestFile    Now processing file /home/runner/work/key/key/key.core/../key.ui/examples/../../key.core/src/test/resources/testcase/issues/1716/incorrectPolarity.proof 
10841      INFO  main            d.u.i.k.p.i.AbstractProblemLoader Loading environment from /home/runner/work/key/key/key.core/../key.ui/examples/../../key.core/src/test/resources/testcase/issues/1716/incorrectPolarity.proof 
10841      DEBUG main            d.u.i.k.p.i.AbstractProblemLoader Environment load took 205.2ns 
10844      INFO  main            d.u.i.k.p.i.AbstractProblemLoader Creating init config 
13523      DEBUG main            d.u.i.k.p.i.AbstractProblemLoader Init config took 2.68s 
13551      INFO  main            d.u.i.k.p.i.AbstractProblemLoader Replaying proof incorrectPolarity.proof 
13560      DEBUG main            d.u.i.k.p.i.IntermediateProofReplayer Proof replay took 193.8ns 
13563      INFO  main            d.u.i.k.p.r.p.TestFile    ... success: loading failed 
13564      INFO  main            d.u.i.k.p.r.p.TestFile    Now processing file /home/runner/work/key/key/key.core/../key.ui/examples/../../key.core/src/test/resources/testcase/issues/1716/incorrectPolarity2.proof 
13564      INFO  main            d.u.i.k.p.i.AbstractProblemLoader Loading environment from /home/runner/work/key/key/key.core/../key.ui/examples/../../key.core/src/test/resources/testcase/issues/1716/incorrectPolarity2.proof 
13565      DEBUG main            d.u.i.k.p.i.AbstractProblemLoader Environment load took 803.92ns 
13567      INFO  main            d.u.i.k.p.i.AbstractProblemLoader Creating init config 
16071      DEBUG main            d.u.i.k.p.i.AbstractProblemLoader Init config took 2.5s 
16093      INFO  main            d.u.i.k.p.i.AbstractProblemLoader Replaying proof incorrectPolarity2.proof 
16095      DEBUG main            d.u.i.k.p.i.IntermediateProofReplayer Proof replay took 345.31ns 
16096      INFO  main            d.u.i.k.p.r.p.TestFile    ... success: loading failed 
16097      INFO  main            d.u.i.k.p.r.p.TestFile    Now processing file /home/runner/work/key/key/key.core/../key.ui/examples/../../key.core/src/test/resources/testcase/issues/1716/incorrectPolarity3.proof 
16097      INFO  main            d.u.i.k.p.i.AbstractProblemLoader Loading environment from /home/runner/work/key/key/key.core/../key.ui/examples/../../key.core/src/test/resources/testcase/issues/1716/incorrectPolarity3.proof 
16098      DEBUG main            d.u.i.k.p.i.AbstractProblemLoader Environment load took 188ns 
16099      INFO  main            d.u.i.k.p.i.AbstractProblemLoader Creating init config 
18504      DEBUG main            d.u.i.k.p.i.AbstractProblemLoader Init config took 2.4s 
18525      INFO  main            d.u.i.k.p.i.AbstractProblemLoader Replaying proof incorrectPolarity3.proof 
18528      DEBUG main            d.u.i.k.p.i.IntermediateProofReplayer Proof replay took 973.02ns 
18528      INFO  main            d.u.i.k.p.r.p.TestFile    ... success: loading failed 
4940009    INFO  Test worker     d.u.i.k.p.r.RunAllProofsTestUnit Returning from test proofLoadRepair 
4940010    INFO  Test worker     d.u.i.k.p.r.RunAllProofsTestUnit Running test switch 
368        INFO  Timeout watchdog d.u.i.k.p.r.p.ForkedTestFileRunner Timeout watcher launched (2000 secs.) 
387        WARN  main            d.u.i.k.s.ProofSettings   The settings in /home/runner/.key/proof-settings.props are *not* read. 
433        INFO  main            d.u.i.k.p.r.p.TestFile    Now processing file /home/runner/work/key/key/key.core/../key.ui/examples/standard_key/java_dl/switch/labeled_case.key 
565        INFO  main            d.u.i.k.p.i.AbstractProblemLoader Loading environment from /home/runner/work/key/key/key.core/../key.ui/examples/standard_key/java_dl/switch/labeled_case.key 
584        DEBUG main            d.u.i.k.p.i.AbstractProblemLoader Environment load took 2.12ms 
814        INFO  main            d.u.i.k.p.i.AbstractProblemLoader Creating init config 
1688       DEBUG main            d.u.i.k.j.TypeConverter   No LDT found for Meta 
1689       DEBUG main            d.u.i.k.j.TypeConverter   No LDT found for Meta 
1690       DEBUG main            d.u.i.k.j.TypeConverter   No LDT found for Meta 
1691       DEBUG main            d.u.i.k.j.TypeConverter   No LDT found for Meta 
2923       DEBUG main            d.u.i.k.j.TypeConverter   No LDT found for JavaBigintExpression 
7775       DEBUG main            d.u.i.k.p.i.AbstractProblemLoader Init config took 6.96s 
7899       INFO  main            d.u.i.k.p.i.AbstractProblemLoader Replaying proof LabeledCase[LabeledCase::m(int)].JML normal_behavior operation contract.0 
7930       DEBUG main            d.u.i.k.p.i.IntermediateProofReplayer Proof replay took 30.5ns 
8667       INFO  main            d.u.i.k.p.r.p.TestFile    ... finished proof: closed. 
8766       INFO  main            d.u.i.k.p.i.AbstractProblemLoader Loading environment from /home/runner/work/key/key/key.core/../key.ui/examples/standard_key/java_dl/switch/labeled_case.key.proof 
8769       DEBUG main            d.u.i.k.p.i.AbstractProblemLoader Environment load took 2.61ms 
8771       INFO  main            d.u.i.k.p.i.AbstractProblemLoader Creating init config 
11483      DEBUG main            d.u.i.k.p.i.AbstractProblemLoader Init config took 2.71s 
11544      INFO  main            d.u.i.k.p.i.AbstractProblemLoader Replaying proof LabeledCase[LabeledCase::m(int)].JML normal_behavior operation contract.0 
11592      DEBUG main            d.u.i.k.p.i.IntermediateProofReplayer Proof replay took 43.19ms 
11598      DEBUG main            d.u.i.k.p.r.p.TestFile    ... success: reloaded. 
11600      INFO  main            d.u.i.k.p.r.p.TestFile    Now processing file /home/runner/work/key/key/key.core/../key.ui/examples/standard_key/java_dl/switch/empty_switch.key 
11600      INFO  main            d.u.i.k.p.i.AbstractProblemLoader Loading environment from /home/runner/work/key/key/key.core/../key.ui/examples/standard_key/java_dl/switch/empty_switch.key 
11600      DEBUG main            d.u.i.k.p.i.AbstractProblemLoader Environment load took 221ns 
11602      INFO  main            d.u.i.k.p.i.AbstractProblemLoader Creating init config 
14105      DEBUG main            d.u.i.k.p.i.AbstractProblemLoader Init config took 2.5s 
14135      INFO  main            d.u.i.k.p.i.AbstractProblemLoader Replaying proof empty_switch.key 
14138      DEBUG main            d.u.i.k.p.i.IntermediateProofReplayer Proof replay took 6.2ns 
14240      INFO  main            d.u.i.k.p.r.p.TestFile    ... finished proof: closed. 
14364      INFO  main            d.u.i.k.p.i.AbstractProblemLoader Loading environment from /home/runner/work/key/key/key.core/../key.ui/examples/standard_key/java_dl/switch/empty_switch.key.proof 
14364      DEBUG main            d.u.i.k.p.i.AbstractProblemLoader Environment load took 135.1ns 
14366      INFO  main            d.u.i.k.p.i.AbstractProblemLoader Creating init config 
16848      DEBUG main            d.u.i.k.p.i.AbstractProblemLoader Init config took 2.48s 
16881      INFO  main            d.u.i.k.p.i.AbstractProblemLoader Replaying proof empty_switch.key.proof 
16886      DEBUG main            d.u.i.k.p.i.IntermediateProofReplayer Proof replay took 1.9ms 
16887      DEBUG main            d.u.i.k.p.r.p.TestFile    ... success: reloaded. 
16888      INFO  main            d.u.i.k.p.r.p.TestFile    Now processing file /home/runner/work/key/key/key.core/../key.ui/examples/standard_key/java_dl/switch/empty_switch_null.key 
16888      INFO  main            d.u.i.k.p.i.AbstractProblemLoader Loading environment from /home/runner/work/key/key/key.core/../key.ui/examples/standard_key/java_dl/switch/empty_switch_null.key 
16888      DEBUG main            d.u.i.k.p.i.AbstractProblemLoader Environment load took 170.8ns 
16889      INFO  main            d.u.i.k.p.i.AbstractProblemLoader Creating init config 
19282      DEBUG main            d.u.i.k.p.i.AbstractProblemLoader Init config took 2.39s 
19304      INFO  main            d.u.i.k.p.i.AbstractProblemLoader Replaying proof empty_switch_null.key 
19305      DEBUG main            d.u.i.k.p.i.IntermediateProofReplayer Proof replay took 5.2ns 
19511      INFO  main            d.u.i.k.p.r.p.TestFile    ... finished proof: closed. 
19647      INFO  main            d.u.i.k.p.i.AbstractProblemLoader Loading environment from /home/runner/work/key/key/key.core/../key.ui/examples/standard_key/java_dl/switch/empty_switch_null.key.proof 
19648      DEBUG main            d.u.i.k.p.i.AbstractProblemLoader Environment load took 498.61ns 
19649      INFO  main            d.u.i.k.p.i.AbstractProblemLoader Creating init config 
22027      DEBUG main            d.u.i.k.p.i.AbstractProblemLoader Init config took 2.38s 
22048      INFO  main            d.u.i.k.p.i.AbstractProblemLoader Replaying proof empty_switch_null.key.proof 
22078      DEBUG main            d.u.i.k.p.i.IntermediateProofReplayer Proof replay took 26.84ms 
22079      DEBUG main            d.u.i.k.p.r.p.TestFile    ... success: reloaded. 
22080      INFO  main            d.u.i.k.p.r.p.TestFile    Now processing file /home/runner/work/key/key/key.core/../key.ui/examples/standard_key/java_dl/switch/empty_switch_null_catch.key 
22080      INFO  main            d.u.i.k.p.i.AbstractProblemLoader Loading environment from /home/runner/work/key/key/key.core/../key.ui/examples/standard_key/java_dl/switch/empty_switch_null_catch.key 
22080      DEBUG main            d.u.i.k.p.i.AbstractProblemLoader Environment load took 188.9ns 
22081      INFO  main            d.u.i.k.p.i.AbstractProblemLoader Creating init config 
24488      DEBUG main            d.u.i.k.p.i.AbstractProblemLoader Init config took 2.41s 
24510      INFO  main            d.u.i.k.p.i.AbstractProblemLoader Replaying proof empty_switch_null_catch.key 
24511      DEBUG main            d.u.i.k.p.i.IntermediateProofReplayer Proof replay took 5.5ns 
24715      INFO  main            d.u.i.k.p.r.p.TestFile    ... finished proof: closed. 
24862      INFO  main            d.u.i.k.p.i.AbstractProblemLoader Loading environment from /home/runner/work/key/key/key.core/../key.ui/examples/standard_key/java_dl/switch/empty_switch_null_catch.key.proof 
24862      DEBUG main            d.u.i.k.p.i.AbstractProblemLoader Environment load took 358.81ns 
24864      INFO  main            d.u.i.k.p.i.AbstractProblemLoader Creating init config 
27223      DEBUG main            d.u.i.k.p.i.AbstractProblemLoader Init config took 2.36s 
27245      INFO  main            d.u.i.k.p.i.AbstractProblemLoader Replaying proof empty_switch_null_catch.key.proof 
27284      DEBUG main            d.u.i.k.p.i.IntermediateProofReplayer Proof replay took 35.87ms 
27285      DEBUG main            d.u.i.k.p.r.p.TestFile    ... success: reloaded. 
27286      INFO  main            d.u.i.k.p.r.p.TestFile    Now processing file /home/runner/work/key/key/key.core/../key.ui/examples/standard_key/java_dl/switch/empty_switch_array_out_of_bounds.key 
27286      INFO  main            d.u.i.k.p.i.AbstractProblemLoader Loading environment from /home/runner/work/key/key/key.core/../key.ui/examples/standard_key/java_dl/switch/empty_switch_array_out_of_bounds.key 
27286      DEBUG main            d.u.i.k.p.i.AbstractProblemLoader Environment load took 174.7ns 
27287      INFO  main            d.u.i.k.p.i.AbstractProblemLoader Creating init config 
29642      DEBUG main            d.u.i.k.p.i.AbstractProblemLoader Init config took 2.36s 
29663      INFO  main            d.u.i.k.p.i.AbstractProblemLoader Replaying proof empty_switch_array_out_of_bounds.key 
29666      DEBUG main            d.u.i.k.p.i.IntermediateProofReplayer Proof replay took 6.2ns 
29872      INFO  main            d.u.i.k.p.r.p.TestFile    ... finished proof: closed. 
30038      INFO  main            d.u.i.k.p.i.AbstractProblemLoader Loading environment from /home/runner/work/key/key/key.core/../key.ui/examples/standard_key/java_dl/switch/empty_switch_array_out_of_bounds.key.proof 
30039      DEBUG main            d.u.i.k.p.i.AbstractProblemLoader Environment load took 409.61ns 
30040      INFO  main            d.u.i.k.p.i.AbstractProblemLoader Creating init config 
32375      DEBUG main            d.u.i.k.p.i.AbstractProblemLoader Init config took 2.33s 
32395      INFO  main            d.u.i.k.p.i.AbstractProblemLoader Replaying proof empty_switch_array_out_of_bounds.key.proof 
32440      DEBUG main            d.u.i.k.p.i.IntermediateProofReplayer Proof replay took 41.52ms 
32441      DEBUG main            d.u.i.k.p.r.p.TestFile    ... success: reloaded. 
32442      INFO  main            d.u.i.k.p.r.p.TestFile    Now processing file /home/runner/work/key/key/key.core/../key.ui/examples/standard_key/java_dl/switch/empty_switch_array_out_of_bounds_catch.key 
32443      INFO  main            d.u.i.k.p.i.AbstractProblemLoader Loading environment from /home/runner/work/key/key/key.core/../key.ui/examples/standard_key/java_dl/switch/empty_switch_array_out_of_bounds_catch.key 
32443      DEBUG main            d.u.i.k.p.i.AbstractProblemLoader Environment load took 191.5ns 
32444      INFO  main            d.u.i.k.p.i.AbstractProblemLoader Creating init config 
34821      DEBUG main            d.u.i.k.p.i.AbstractProblemLoader Init config took 2.38s 
34853      INFO  main            d.u.i.k.p.i.AbstractProblemLoader Replaying proof empty_switch_array_out_of_bounds_catch.key 
34856      DEBUG main            d.u.i.k.p.i.IntermediateProofReplayer Proof replay took 7ns 
35059      INFO  main            d.u.i.k.p.r.p.TestFile    ... finished proof: closed. 
35307      INFO  main            d.u.i.k.p.i.AbstractProblemLoader Loading environment from /home/runner/work/key/key/key.core/../key.ui/examples/standard_key/java_dl/switch/empty_switch_array_out_of_bounds_catch.key.proof 
35307      DEBUG main            d.u.i.k.p.i.AbstractProblemLoader Environment load took 121.8ns 
35308      INFO  main            d.u.i.k.p.i.AbstractProblemLoader Creating init config 
37631      DEBUG main            d.u.i.k.p.i.AbstractProblemLoader Init config took 2.32s 
37652      INFO  main            d.u.i.k.p.i.AbstractProblemLoader Replaying proof empty_switch_array_out_of_bounds_catch.key.proof 
37684      DEBUG main            d.u.i.k.p.i.IntermediateProofReplayer Proof replay took 28.69ms 
37685      DEBUG main            d.u.i.k.p.r.p.TestFile    ... success: reloaded. 
37686      INFO  main            d.u.i.k.p.r.p.TestFile    Now processing file /home/runner/work/key/key/key.core/../key.ui/examples/standard_key/java_dl/switch/switch_in_switch.key 
37686      INFO  main            d.u.i.k.p.i.AbstractProblemLoader Loading environment from /home/runner/work/key/key/key.core/../key.ui/examples/standard_key/java_dl/switch/switch_in_switch.key 
37686      DEBUG main            d.u.i.k.p.i.AbstractProblemLoader Environment load took 190.1ns 
37687      INFO  main            d.u.i.k.p.i.AbstractProblemLoader Creating init config 
40136      DEBUG main            d.u.i.k.p.i.AbstractProblemLoader Init config took 2.45s 
40183      INFO  main            d.u.i.k.p.i.AbstractProblemLoader Replaying proof SwitchInSwitch[SwitchInSwitch::m(int)].JML normal_behavior operation contract.0 
40184      DEBUG main            d.u.i.k.p.i.IntermediateProofReplayer Proof replay took 6.2ns 
44295      INFO  main            d.u.i.k.p.r.p.TestFile    ... finished proof: closed. 
44527      INFO  main            d.u.i.k.p.i.AbstractProblemLoader Loading environment from /home/runner/work/key/key/key.core/../key.ui/examples/standard_key/java_dl/switch/switch_in_switch.key.proof 
44527      DEBUG main            d.u.i.k.p.i.AbstractProblemLoader Environment load took 381.41ns 
44529      INFO  main            d.u.i.k.p.i.AbstractProblemLoader Creating init config 
46913      DEBUG main            d.u.i.k.p.i.AbstractProblemLoader Init config took 2.38s 
46969      INFO  main            d.u.i.k.p.i.AbstractProblemLoader Replaying proof SwitchInSwitch[SwitchInSwitch::m(int)].JML normal_behavior operation contract.0 
47325      DEBUG main            d.u.i.k.p.i.IntermediateProofReplayer Proof replay took 319.08ms 
47327      DEBUG main            d.u.i.k.p.r.p.TestFile    ... success: reloaded. 
47328      INFO  main            d.u.i.k.p.r.p.TestFile    Now processing file /home/runner/work/key/key/key.core/../key.ui/examples/standard_key/java_dl/switch/while_and_switch.key 
47328      INFO  main            d.u.i.k.p.i.AbstractProblemLoader Loading environment from /home/runner/work/key/key/key.core/../key.ui/examples/standard_key/java_dl/switch/while_and_switch.key 
47329      DEBUG main            d.u.i.k.p.i.AbstractProblemLoader Environment load took 206.7ns 
47329      INFO  main            d.u.i.k.p.i.AbstractProblemLoader Creating init config 
49712      DEBUG main            d.u.i.k.p.i.AbstractProblemLoader Init config took 2.38s 
49754      INFO  main            d.u.i.k.p.i.AbstractProblemLoader Replaying proof WhileAndSwitch[WhileAndSwitch::m(int)].JML normal_behavior operation contract.0 
49756      DEBUG main            d.u.i.k.p.i.IntermediateProofReplayer Proof replay took 14ns 
50462      INFO  main            d.u.i.k.p.r.p.TestFile    ... finished proof: closed. 
50649      INFO  main            d.u.i.k.p.i.AbstractProblemLoader Loading environment from /home/runner/work/key/key/key.core/../key.ui/examples/standard_key/java_dl/switch/while_and_switch.key.proof 
50649      DEBUG main            d.u.i.k.p.i.AbstractProblemLoader Environment load took 441.51ns 
50650      INFO  main            d.u.i.k.p.i.AbstractProblemLoader Creating init config 
53010      DEBUG main            d.u.i.k.p.i.AbstractProblemLoader Init config took 2.36s 
53051      INFO  main            d.u.i.k.p.i.AbstractProblemLoader Replaying proof WhileAndSwitch[WhileAndSwitch::m(int)].JML normal_behavior operation contract.0 
53151      DEBUG main            d.u.i.k.p.i.IntermediateProofReplayer Proof replay took 94.31ms 
53152      DEBUG main            d.u.i.k.p.r.p.TestFile    ... success: reloaded. 
53154      INFO  main            d.u.i.k.p.r.p.TestFile    Now processing file /home/runner/work/key/key/key.core/../key.ui/examples/standard_key/java_dl/switch/large_switch.key 
53154      INFO  main            d.u.i.k.p.i.AbstractProblemLoader Loading environment from /home/runner/work/key/key/key.core/../key.ui/examples/standard_key/java_dl/switch/large_switch.key 
53154      DEBUG main            d.u.i.k.p.i.AbstractProblemLoader Environment load took 197.1ns 
53155      INFO  main            d.u.i.k.p.i.AbstractProblemLoader Creating init config 
55606      DEBUG main            d.u.i.k.p.i.AbstractProblemLoader Init config took 2.45s 
55644      INFO  main            d.u.i.k.p.i.AbstractProblemLoader Replaying proof LargeSwitch[LargeSwitch::m(int)].JML normal_behavior operation contract.0 
55645      DEBUG main            d.u.i.k.p.i.IntermediateProofReplayer Proof replay took 5.7ns 
56955      INFO  main            d.u.i.k.p.r.p.TestFile    ... finished proof: closed. 
57157      INFO  main            d.u.i.k.p.i.AbstractProblemLoader Loading environment from /home/runner/work/key/key/key.core/../key.ui/examples/standard_key/java_dl/switch/large_switch.key.proof 
57158      DEBUG main            d.u.i.k.p.i.AbstractProblemLoader Environment load took 353.9ns 
57160      INFO  main            d.u.i.k.p.i.AbstractProblemLoader Creating init config 
59528      DEBUG main            d.u.i.k.p.i.AbstractProblemLoader Init config took 2.37s 
59565      INFO  main            d.u.i.k.p.i.AbstractProblemLoader Replaying proof LargeSwitch[LargeSwitch::m(int)].JML normal_behavior operation contract.0 
59818      DEBUG main            d.u.i.k.p.i.IntermediateProofReplayer Proof replay took 238.51ms 
59820      DEBUG main            d.u.i.k.p.r.p.TestFile    ... success: reloaded. 
5000017    INFO  Test worker     d.u.i.k.p.r.RunAllProofsTestUnit Returning from test switch 
5000018    INFO  Test worker     d.u.i.k.p.r.RunAllProofsTestUnit Running test redux 
335        INFO  Timeout watchdog d.u.i.k.p.r.p.ForkedTestFileRunner Timeout watcher launched (2000 secs.) 
345        WARN  main            d.u.i.k.s.ProofSettings   The settings in /home/runner/.key/proof-settings.props are *not* read. 
380        INFO  main            d.u.i.k.p.r.p.TestFile    Now processing file /home/runner/work/key/key/key.core/../key.ui/examples/redux/arrays/Arrays.copyOf.key 
483        INFO  main            d.u.i.k.p.i.AbstractProblemLoader Loading environment from /home/runner/work/key/key/key.core/../key.ui/examples/redux/arrays/Arrays.copyOf.key 
504        DEBUG main            d.u.i.k.p.i.AbstractProblemLoader Environment load took 1.75ms 
724        INFO  main            d.u.i.k.p.i.AbstractProblemLoader Creating init config 
1683       DEBUG main            d.u.i.k.j.TypeConverter   No LDT found for Meta 
1684       DEBUG main            d.u.i.k.j.TypeConverter   No LDT found for Meta 
1687       DEBUG main            d.u.i.k.j.TypeConverter   No LDT found for Meta 
1687       DEBUG main            d.u.i.k.j.TypeConverter   No LDT found for Meta 
2910       DEBUG main            d.u.i.k.j.TypeConverter   No LDT found for JavaBigintExpression 
8327       DEBUG main            d.u.i.k.p.i.AbstractProblemLoader Init config took 7.6s 
8448       INFO  main            d.u.i.k.p.i.AbstractProblemLoader Replaying proof Arrays[Arrays::copyOf([I,int)].JML normal_behavior operation contract.0 
8481       DEBUG main            d.u.i.k.p.i.IntermediateProofReplayer Proof replay took 40.4ns 
13191      INFO  main            d.u.i.k.p.r.p.TestFile    ... finished proof: closed. 
13373      INFO  main            d.u.i.k.p.i.AbstractProblemLoader Loading environment from /home/runner/work/key/key/key.core/../key.ui/examples/redux/arrays/Arrays.copyOf.key.proof 
13373      DEBUG main            d.u.i.k.p.i.AbstractProblemLoader Environment load took 407.91ns 
13376      INFO  main            d.u.i.k.p.i.AbstractProblemLoader Creating init config 
16685      DEBUG main            d.u.i.k.p.i.AbstractProblemLoader Init config took 3.31s 
16743      INFO  main            d.u.i.k.p.i.AbstractProblemLoader Replaying proof Arrays[Arrays::copyOf([I,int)].JML normal_behavior operation contract.0 
17139      DEBUG main            d.u.i.k.p.i.IntermediateProofReplayer Proof replay took 376.06ms 
17149      DEBUG main            d.u.i.k.p.r.p.TestFile    ... success: reloaded. 
17150      INFO  main            d.u.i.k.p.r.p.TestFile    Now processing file /home/runner/work/key/key/key.core/../key.ui/examples/redux/arrays/Arrays.copyOf.float.key 
17150      INFO  main            d.u.i.k.p.i.AbstractProblemLoader Loading environment from /home/runner/work/key/key/key.core/../key.ui/examples/redux/arrays/Arrays.copyOf.float.key 
17150      DEBUG main            d.u.i.k.p.i.AbstractProblemLoader Environment load took 191.1ns 
17152      INFO  main            d.u.i.k.p.i.AbstractProblemLoader Creating init config 
20354      DEBUG main            d.u.i.k.p.i.AbstractProblemLoader Init config took 3.2s 
20407      INFO  main            d.u.i.k.p.i.AbstractProblemLoader Replaying proof Arrays[Arrays::copyOf([F,int)].JML normal_behavior operation contract.0 
20415      DEBUG main            d.u.i.k.p.i.IntermediateProofReplayer Proof replay took 6.1ns 
20444      DEBUG main            d.u.i.k.m.s.ProofScriptEngine 1: 'macro autopilot' 
24896      DEBUG main            d.u.i.k.m.s.ProofScriptEngine 2: 'smt solver=Z3' 
24969      INFO  main            d.u.i.k.m.s.SMTCommand    Finished run on goal 17 in 45ms, result is valid 
24970      DEBUG main            d.u.i.k.m.s.ProofScriptEngine 3: 'tryclose' 
26713      INFO  main            d.u.i.k.p.r.p.TestFile    ... finished proof: closed. 
26895      INFO  main            d.u.i.k.p.i.AbstractProblemLoader Loading environment from /home/runner/work/key/key/key.core/../key.ui/examples/redux/arrays/Arrays.copyOf.float.key.proof 
26896      DEBUG main            d.u.i.k.p.i.AbstractProblemLoader Environment load took 1.54ms 
26904      INFO  main            d.u.i.k.p.i.AbstractProblemLoader Creating init config 
30024      DEBUG main            d.u.i.k.p.i.AbstractProblemLoader Init config took 3.12s 
30072      INFO  main            d.u.i.k.p.i.AbstractProblemLoader Replaying proof Arrays[Arrays::copyOf([F,int)].JML normal_behavior operation contract.0 
30144      INFO  main            d.u.i.k.s.SMTFocusResults Analyzing unsat core: (L_6) 
30628      DEBUG main            d.u.i.k.p.i.IntermediateProofReplayer Proof replay took 537.66ms 
30630      DEBUG main            d.u.i.k.p.r.p.TestFile    ... success: reloaded. 
30631      INFO  main            d.u.i.k.p.r.p.TestFile    Now processing file /home/runner/work/key/key/key.core/../key.ui/examples/redux/arrays/Arrays.copyOfRange.key 
30631      INFO  main            d.u.i.k.p.i.AbstractProblemLoader Loading environment from /home/runner/work/key/key/key.core/../key.ui/examples/redux/arrays/Arrays.copyOfRange.key 
30632      DEBUG main            d.u.i.k.p.i.AbstractProblemLoader Environment load took 189.4ns 
30633      INFO  main            d.u.i.k.p.i.AbstractProblemLoader Creating init config 
33772      DEBUG main            d.u.i.k.p.i.AbstractProblemLoader Init config took 3.14s 
33824      INFO  main            d.u.i.k.p.i.AbstractProblemLoader Replaying proof Arrays[Arrays::copyOfRange([I,int,int)].JML normal_behavior operation contract.0 
33827      DEBUG main            d.u.i.k.p.i.IntermediateProofReplayer Proof replay took 5.5ns 
38318      INFO  main            d.u.i.k.p.r.p.TestFile    ... finished proof: closed. 
38605      INFO  main            d.u.i.k.p.i.AbstractProblemLoader Loading environment from /home/runner/work/key/key/key.core/../key.ui/examples/redux/arrays/Arrays.copyOfRange.key.proof 
38605      DEBUG main            d.u.i.k.p.i.AbstractProblemLoader Environment load took 396.81ns 
38607      INFO  main            d.u.i.k.p.i.AbstractProblemLoader Creating init config 
41672      DEBUG main            d.u.i.k.p.i.AbstractProblemLoader Init config took 3.07s 
41716      INFO  main            d.u.i.k.p.i.AbstractProblemLoader Replaying proof Arrays[Arrays::copyOfRange([I,int,int)].JML normal_behavior operation contract.0 
42063      DEBUG main            d.u.i.k.p.i.IntermediateProofReplayer Proof replay took 328.03ms 
42064      DEBUG main            d.u.i.k.p.r.p.TestFile    ... success: reloaded. 
42065      INFO  main            d.u.i.k.p.r.p.TestFile    Now processing file /home/runner/work/key/key/key.core/../key.ui/examples/redux/arrays/Arrays.copyOfRange.float.key 
42066      INFO  main            d.u.i.k.p.i.AbstractProblemLoader Loading environment from /home/runner/work/key/key/key.core/../key.ui/examples/redux/arrays/Arrays.copyOfRange.float.key 
42066      DEBUG main            d.u.i.k.p.i.AbstractProblemLoader Environment load took 177.9ns 
42067      INFO  main            d.u.i.k.p.i.AbstractProblemLoader Creating init config 
45070      DEBUG main            d.u.i.k.p.i.AbstractProblemLoader Init config took 3s 
45143      INFO  main            d.u.i.k.p.i.AbstractProblemLoader Replaying proof Arrays[Arrays::copyOfRange([F,int,int)].JML normal_behavior operation contract.0 
45144      DEBUG main            d.u.i.k.p.i.IntermediateProofReplayer Proof replay took 5.2ns 
45145      DEBUG main            d.u.i.k.m.s.ProofScriptEngine 1: 'macro autopilot' 
50947      DEBUG main            d.u.i.k.m.s.ProofScriptEngine 2: 'smt solver=Z3' 
50992      INFO  main            d.u.i.k.m.s.SMTCommand    Finished run on goal 27 in 42ms, result is valid 
50992      DEBUG main            d.u.i.k.m.s.ProofScriptEngine 3: 'tryclose' 
54257      INFO  main            d.u.i.k.p.r.p.TestFile    ... finished proof: closed. 
54465      INFO  main            d.u.i.k.p.i.AbstractProblemLoader Loading environment from /home/runner/work/key/key/key.core/../key.ui/examples/redux/arrays/Arrays.copyOfRange.float.key.proof 
54466      DEBUG main            d.u.i.k.p.i.AbstractProblemLoader Environment load took 199ns 
54468      INFO  main            d.u.i.k.p.i.AbstractProblemLoader Creating init config 
57470      DEBUG main            d.u.i.k.p.i.AbstractProblemLoader Init config took 3s 
57512      INFO  main            d.u.i.k.p.i.AbstractProblemLoader Replaying proof Arrays[Arrays::copyOfRange([F,int,int)].JML normal_behavior operation contract.0 
57584      INFO  main            d.u.i.k.s.SMTFocusResults Analyzing unsat core: (L_8) 
58251      DEBUG main            d.u.i.k.p.i.IntermediateProofReplayer Proof replay took 717.55ms 
58254      DEBUG main            d.u.i.k.p.r.p.TestFile    ... success: reloaded. 
58258      INFO  main            d.u.i.k.p.r.p.TestFile    Now processing file /home/runner/work/key/key/key.core/../key.ui/examples/redux/arrays/Arrays.equals.key 
58258      INFO  main            d.u.i.k.p.i.AbstractProblemLoader Loading environment from /home/runner/work/key/key/key.core/../key.ui/examples/redux/arrays/Arrays.equals.key 
58258      DEBUG main            d.u.i.k.p.i.AbstractProblemLoader Environment load took 183.2ns 
58259      INFO  main            d.u.i.k.p.i.AbstractProblemLoader Creating init config 
61389      DEBUG main            d.u.i.k.p.i.AbstractProblemLoader Init config took 3.13s 
61433      INFO  main            d.u.i.k.p.i.AbstractProblemLoader Replaying proof Arrays[Arrays::equals([B,[B)].JML normal_behavior operation contract.0 
61436      DEBUG main            d.u.i.k.p.i.IntermediateProofReplayer Proof replay took 6.3ns 
61941      INFO  main            d.u.i.k.p.r.p.TestFile    ... finished proof: closed. 
62177      INFO  main            d.u.i.k.p.i.AbstractProblemLoader Loading environment from /home/runner/work/key/key/key.core/../key.ui/examples/redux/arrays/Arrays.equals.key.proof 
62178      DEBUG main            d.u.i.k.p.i.AbstractProblemLoader Environment load took 377.81ns 
62179      INFO  main            d.u.i.k.p.i.AbstractProblemLoader Creating init config 
65149      DEBUG main            d.u.i.k.p.i.AbstractProblemLoader Init config took 2.97s 
65187      INFO  main            d.u.i.k.p.i.AbstractProblemLoader Replaying proof Arrays[Arrays::equals([B,[B)].JML normal_behavior operation contract.0 
65312      DEBUG main            d.u.i.k.p.i.IntermediateProofReplayer Proof replay took 121.65ms 
65314      DEBUG main            d.u.i.k.p.r.p.TestFile    ... success: reloaded. 
65315      INFO  main            d.u.i.k.p.r.p.TestFile    Now processing file /home/runner/work/key/key/key.core/../key.ui/examples/redux/arrays/Arrays.fill.key 
65315      INFO  main            d.u.i.k.p.i.AbstractProblemLoader Loading environment from /home/runner/work/key/key/key.core/../key.ui/examples/redux/arrays/Arrays.fill.key 
65315      DEBUG main            d.u.i.k.p.i.AbstractProblemLoader Environment load took 177.5ns 
65316      INFO  main            d.u.i.k.p.i.AbstractProblemLoader Creating init config 
68346      DEBUG main            d.u.i.k.p.i.AbstractProblemLoader Init config took 3.03s 
68388      INFO  main            d.u.i.k.p.i.AbstractProblemLoader Replaying proof Arrays[Arrays::fill([I,int)].JML normal_behavior operation contract.0 
68390      DEBUG main            d.u.i.k.p.i.IntermediateProofReplayer Proof replay took 6.8ns 
68595      INFO  main            d.u.i.k.p.r.p.TestFile    ... finished proof: closed. 
68772      INFO  main            d.u.i.k.p.i.AbstractProblemLoader Loading environment from /home/runner/work/key/key/key.core/../key.ui/examples/redux/arrays/Arrays.fill.key.proof 
68772      DEBUG main            d.u.i.k.p.i.AbstractProblemLoader Environment load took 126ns 
68774      INFO  main            d.u.i.k.p.i.AbstractProblemLoader Creating init config 
71802      DEBUG main            d.u.i.k.p.i.AbstractProblemLoader Init config took 3.03s 
71839      INFO  main            d.u.i.k.p.i.AbstractProblemLoader Replaying proof Arrays[Arrays::fill([I,int)].JML normal_behavior operation contract.0 
71864      DEBUG main            d.u.i.k.p.i.IntermediateProofReplayer Proof replay took 23.24ms 
71865      DEBUG main            d.u.i.k.p.r.p.TestFile    ... success: reloaded. 
71866      INFO  main            d.u.i.k.p.r.p.TestFile    Now processing file /home/runner/work/key/key/key.core/../key.ui/examples/redux/arrays/Arrays.fill.float.key 
71866      INFO  main            d.u.i.k.p.i.AbstractProblemLoader Loading environment from /home/runner/work/key/key/key.core/../key.ui/examples/redux/arrays/Arrays.fill.float.key 
71866      DEBUG main            d.u.i.k.p.i.AbstractProblemLoader Environment load took 171.5ns 
71867      INFO  main            d.u.i.k.p.i.AbstractProblemLoader Creating init config 
74865      DEBUG main            d.u.i.k.p.i.AbstractProblemLoader Init config took 3s 
74901      INFO  main            d.u.i.k.p.i.AbstractProblemLoader Replaying proof Arrays[Arrays::fill([F,float)].JML normal_behavior operation contract.0 
74902      DEBUG main            d.u.i.k.p.i.IntermediateProofReplayer Proof replay took 6.3ns 
75107      INFO  main            d.u.i.k.p.r.p.TestFile    ... finished proof: closed. 
75276      INFO  main            d.u.i.k.p.i.AbstractProblemLoader Loading environment from /home/runner/work/key/key/key.core/../key.ui/examples/redux/arrays/Arrays.fill.float.key.proof 
75276      DEBUG main            d.u.i.k.p.i.AbstractProblemLoader Environment load took 127.3ns 
75277      INFO  main            d.u.i.k.p.i.AbstractProblemLoader Creating init config 
78238      DEBUG main            d.u.i.k.p.i.AbstractProblemLoader Init config took 2.96s 
78273      INFO  main            d.u.i.k.p.i.AbstractProblemLoader Replaying proof Arrays[Arrays::fill([F,float)].JML normal_behavior operation contract.0 
78307      DEBUG main            d.u.i.k.p.i.IntermediateProofReplayer Proof replay took 31.37ms 
78308      DEBUG main            d.u.i.k.p.r.p.TestFile    ... success: reloaded. 
78309      INFO  main            d.u.i.k.p.r.p.TestFile    Now processing file /home/runner/work/key/key/key.core/../key.ui/examples/redux/arrays/Arrays.fillFromTo.key 
78309      INFO  main            d.u.i.k.p.i.AbstractProblemLoader Loading environment from /home/runner/work/key/key/key.core/../key.ui/examples/redux/arrays/Arrays.fillFromTo.key 
78309      DEBUG main            d.u.i.k.p.i.AbstractProblemLoader Environment load took 92.7ns 
78310      INFO  main            d.u.i.k.p.i.AbstractProblemLoader Creating init config 
81317      DEBUG main            d.u.i.k.p.i.AbstractProblemLoader Init config took 3.01s 
81353      INFO  main            d.u.i.k.p.i.AbstractProblemLoader Replaying proof Arrays[Arrays::fill([I,int,int,int)].JML normal_behavior operation contract.0 
81355      DEBUG main            d.u.i.k.p.i.IntermediateProofReplayer Proof replay took 5.9ns 
81960      INFO  main            d.u.i.k.p.r.p.TestFile    ... finished proof: closed. 
82203      INFO  main            d.u.i.k.p.i.AbstractProblemLoader Loading environment from /home/runner/work/key/key/key.core/../key.ui/examples/redux/arrays/Arrays.fillFromTo.key.proof 
82204      DEBUG main            d.u.i.k.p.i.AbstractProblemLoader Environment load took 401.51ns 
82205      INFO  main            d.u.i.k.p.i.AbstractProblemLoader Creating init config 
85186      DEBUG main            d.u.i.k.p.i.AbstractProblemLoader Init config took 2.98s 
85222      INFO  main            d.u.i.k.p.i.AbstractProblemLoader Replaying proof Arrays[Arrays::fill([I,int,int,int)].JML normal_behavior operation contract.0 
85300      DEBUG main            d.u.i.k.p.i.IntermediateProofReplayer Proof replay took 75.16ms 
85302      DEBUG main            d.u.i.k.p.r.p.TestFile    ... success: reloaded. 
85303      INFO  main            d.u.i.k.p.r.p.TestFile    Now processing file /home/runner/work/key/key/key.core/../key.ui/examples/redux/arrays/Arrays.fillFromTo.float.key 
85303      INFO  main            d.u.i.k.p.i.AbstractProblemLoader Loading environment from /home/runner/work/key/key/key.core/../key.ui/examples/redux/arrays/Arrays.fillFromTo.float.key 
85303      DEBUG main            d.u.i.k.p.i.AbstractProblemLoader Environment load took 194.81ns 
85304      INFO  main            d.u.i.k.p.i.AbstractProblemLoader Creating init config 
88294      DEBUG main            d.u.i.k.p.i.AbstractProblemLoader Init config took 2.99s 
88329      INFO  main            d.u.i.k.p.i.AbstractProblemLoader Replaying proof Arrays[Arrays::fill([F,int,int,float)].JML normal_behavior operation contract.0 
88330      DEBUG main            d.u.i.k.p.i.IntermediateProofReplayer Proof replay took 6.5ns 
88934      INFO  main            d.u.i.k.p.r.p.TestFile    ... finished proof: closed. 
89155      INFO  main            d.u.i.k.p.i.AbstractProblemLoader Loading environment from /home/runner/work/key/key/key.core/../key.ui/examples/redux/arrays/Arrays.fillFromTo.float.key.proof 
89156      DEBUG main            d.u.i.k.p.i.AbstractProblemLoader Environment load took 354.11ns 
89157      INFO  main            d.u.i.k.p.i.AbstractProblemLoader Creating init config 
92125      DEBUG main            d.u.i.k.p.i.AbstractProblemLoader Init config took 2.97s 
92159      INFO  main            d.u.i.k.p.i.AbstractProblemLoader Replaying proof Arrays[Arrays::fill([F,int,int,float)].JML normal_behavior operation contract.0 
92258      DEBUG main            d.u.i.k.p.i.IntermediateProofReplayer Proof replay took 94.44ms 
92259      DEBUG main            d.u.i.k.p.r.p.TestFile    ... success: reloaded. 
92260      INFO  main            d.u.i.k.p.r.p.TestFile    Now processing file /home/runner/work/key/key/key.core/../key.ui/examples/redux/arrays/ArrayCopy.arraycopy.normal.0.key 
92260      INFO  main            d.u.i.k.p.i.AbstractProblemLoader Loading environment from /home/runner/work/key/key/key.core/../key.ui/examples/redux/arrays/ArrayCopy.arraycopy.normal.0.key 
92260      DEBUG main            d.u.i.k.p.i.AbstractProblemLoader Environment load took 128.4ns 
92261      INFO  main            d.u.i.k.p.i.AbstractProblemLoader Creating init config 
95213      DEBUG main            d.u.i.k.p.i.AbstractProblemLoader Init config took 2.95s 
95247      INFO  main            d.u.i.k.p.i.AbstractProblemLoader Replaying proof ArrayCopy[ArrayCopy::arraycopy(java.lang.Object,int,java.lang.Object,int,int)].JML normal_behavior operation contract.0 
95249      DEBUG main            d.u.i.k.p.i.IntermediateProofReplayer Proof replay took 7ns 
101191     INFO  main            d.u.i.k.p.r.p.TestFile    ... finished proof: closed. 
101429     INFO  main            d.u.i.k.p.i.AbstractProblemLoader Loading environment from /home/runner/work/key/key/key.core/../key.ui/examples/redux/arrays/ArrayCopy.arraycopy.normal.0.key.proof 
101429     DEBUG main            d.u.i.k.p.i.AbstractProblemLoader Environment load took 190.9ns 
101431     INFO  main            d.u.i.k.p.i.AbstractProblemLoader Creating init config 
104338     DEBUG main            d.u.i.k.p.i.AbstractProblemLoader Init config took 2.91s 
104372     INFO  main            d.u.i.k.p.i.AbstractProblemLoader Replaying proof ArrayCopy[ArrayCopy::arraycopy(java.lang.Object,int,java.lang.Object,int,int)].JML normal_behavior operation contract.0 
104997     DEBUG main            d.u.i.k.p.i.IntermediateProofReplayer Proof replay took 610.67ms 
104999     DEBUG main            d.u.i.k.p.r.p.TestFile    ... success: reloaded. 
105000     INFO  main            d.u.i.k.p.r.p.TestFile    Now processing file /home/runner/work/key/key/key.core/../key.ui/examples/redux/arrays/ArrayCopy.arraycopy.exceptional.0.key 
105000     INFO  main            d.u.i.k.p.i.AbstractProblemLoader Loading environment from /home/runner/work/key/key/key.core/../key.ui/examples/redux/arrays/ArrayCopy.arraycopy.exceptional.0.key 
105001     DEBUG main            d.u.i.k.p.i.AbstractProblemLoader Environment load took 172.3ns 
105001     INFO  main            d.u.i.k.p.i.AbstractProblemLoader Creating init config 
108043     DEBUG main            d.u.i.k.p.i.AbstractProblemLoader Init config took 3.04s 
108076     INFO  main            d.u.i.k.p.i.AbstractProblemLoader Replaying proof ArrayCopy[ArrayCopy::arraycopy(java.lang.Object,int,java.lang.Object,int,int)].JML exceptional_behavior operation contract.0 
108077     DEBUG main            d.u.i.k.p.i.IntermediateProofReplayer Proof replay took 6.7ns 
108483     INFO  main            d.u.i.k.p.r.p.TestFile    ... finished proof: closed. 
108699     INFO  main            d.u.i.k.p.i.AbstractProblemLoader Loading environment from /home/runner/work/key/key/key.core/../key.ui/examples/redux/arrays/ArrayCopy.arraycopy.exceptional.0.key.proof 
108699     DEBUG main            d.u.i.k.p.i.AbstractProblemLoader Environment load took 119.7ns 
108700     INFO  main            d.u.i.k.p.i.AbstractProblemLoader Creating init config 
111615     DEBUG main            d.u.i.k.p.i.AbstractProblemLoader Init config took 2.91s 
111648     INFO  main            d.u.i.k.p.i.AbstractProblemLoader Replaying proof ArrayCopy[ArrayCopy::arraycopy(java.lang.Object,int,java.lang.Object,int,int)].JML exceptional_behavior operation contract.0 
111741     DEBUG main            d.u.i.k.p.i.IntermediateProofReplayer Proof replay took 90.7ms 
111742     DEBUG main            d.u.i.k.p.r.p.TestFile    ... success: reloaded. 
111743     INFO  main            d.u.i.k.p.r.p.TestFile    Now processing file /home/runner/work/key/key/key.core/../key.ui/examples/redux/arrays/ArrayCopy.arraycopy.exceptional.1.key 
111743     INFO  main            d.u.i.k.p.i.AbstractProblemLoader Loading environment from /home/runner/work/key/key/key.core/../key.ui/examples/redux/arrays/ArrayCopy.arraycopy.exceptional.1.key 
111743     DEBUG main            d.u.i.k.p.i.AbstractProblemLoader Environment load took 91.3ns 
111744     INFO  main            d.u.i.k.p.i.AbstractProblemLoader Creating init config 
114739     DEBUG main            d.u.i.k.p.i.AbstractProblemLoader Init config took 3s 
114773     INFO  main            d.u.i.k.p.i.AbstractProblemLoader Replaying proof ArrayCopy[ArrayCopy::arraycopy(java.lang.Object,int,java.lang.Object,int,int)].JML exceptional_behavior operation contract.1 
114774     DEBUG main            d.u.i.k.p.i.IntermediateProofReplayer Proof replay took 7.4ns 
120691     INFO  main            d.u.i.k.p.r.p.TestFile    ... finished proof: closed. 
120933     INFO  main            d.u.i.k.p.i.AbstractProblemLoader Loading environment from /home/runner/work/key/key/key.core/../key.ui/examples/redux/arrays/ArrayCopy.arraycopy.exceptional.1.key.proof 
120933     DEBUG main            d.u.i.k.p.i.AbstractProblemLoader Environment load took 381.91ns 
120935     INFO  main            d.u.i.k.p.i.AbstractProblemLoader Creating init config 
123846     DEBUG main            d.u.i.k.p.i.AbstractProblemLoader Init config took 2.91s 
123879     INFO  main            d.u.i.k.p.i.AbstractProblemLoader Replaying proof ArrayCopy[ArrayCopy::arraycopy(java.lang.Object,int,java.lang.Object,int,int)].JML exceptional_behavior operation contract.1 
125066     DEBUG main            d.u.i.k.p.i.IntermediateProofReplayer Proof replay took 1.17s 
125068     DEBUG main            d.u.i.k.p.r.p.TestFile    ... success: reloaded. 
5125244    INFO  Test worker     d.u.i.k.p.r.RunAllProofsTestUnit Returning from test redux 
]]></system-out>
  <system-err><![CDATA[]]></system-err>
</testsuite>
