<?xml version="1.0" encoding="UTF-8"?>
<testsuite name="org.key_project.util.testcase.collection.TestSetAsListOfString" tests="7" skipped="0" failures="0" errors="0" timestamp="2023-03-20T20:58:50" hostname="fv-az1135-149" time="0.021">
  <properties/>
  <testcase name="testAdd()" classname="org.key_project.util.testcase.collection.TestSetAsListOfString" time="0.002"/>
  <testcase name="testUnion()" classname="org.key_project.util.testcase.collection.TestSetAsListOfString" time="0.001"/>
  <testcase name="testToString()" classname="org.key_project.util.testcase.collection.TestSetAsListOfString" time="0.001"/>
  <testcase name="testUnionRemoveDuplicates()" classname="org.key_project.util.testcase.collection.TestSetAsListOfString" time="0.002"/>
  <testcase name="testRemove()" classname="org.key_project.util.testcase.collection.TestSetAsListOfString" time="0.006"/>
  <testcase name="testSubset()" classname="org.key_project.util.testcase.collection.TestSetAsListOfString" time="0.002"/>
  <testcase name="testUnionEmptyWithNonEmptySet()" classname="org.key_project.util.testcase.collection.TestSetAsListOfString" time="0.001"/>
  <system-out><![CDATA[]]></system-out>
  <system-err><![CDATA[]]></system-err>
</testsuite>
